<?xml version="1.0" encoding="UTF-8"?>
<testsuite xmlns:xsi="http://www.w3.org/2001/XMLSchema-instance" xsi:noNamespaceSchemaLocation="https://maven.apache.org/surefire/maven-surefire-plugin/xsd/surefire-test-report-3.0.xsd" version="3.0" name="org.apache.hadoop.ozone.client.rpc.TestDeleteWithSlowFollower" time="125.95" tests="1" errors="0" skipped="0" failures="1">
  <properties>
    <property name="awt.toolkit" value="sun.awt.X11.XToolkit"/>
    <property name="file.encoding.pkg" value="sun.io"/>
    <property name="java.specification.version" value="1.8"/>
    <property name="sun.cpu.isalist" value=""/>
    <property name="sun.jnu.encoding" value="UTF-8"/>
    <property name="java.class.path" value="/home/runner/work/ozone/ozone/hadoop-ozone/integration-test/target/test-classes:/home/runner/work/ozone/ozone/hadoop-ozone/integration-test/target/classes:/home/runner/.m2/repository/org/apache/ozone/ozone-common/1.4.0-SNAPSHOT/ozone-common-1.4.0-SNAPSHOT.jar:/home/runner/.m2/repository/io/grpc/grpc-netty/1.51.1/grpc-netty-1.51.1.jar:/home/runner/.m2/repository/io/grpc/grpc-core/1.51.1/grpc-core-1.51.1.jar:/home/runner/.m2/repository/com/google/android/annotations/4.1.1.4/annotations-4.1.1.4.jar:/home/runner/.m2/repository/org/codehaus/mojo/animal-sniffer-annotations/1.21/animal-sniffer-annotations-1.21.jar:/home/runner/.m2/repository/com/google/errorprone/error_prone_annotations/2.2.0/error_prone_annotations-2.2.0.jar:/home/runner/.m2/repository/io/perfmark/perfmark-api/0.25.0/perfmark-api-0.25.0.jar:/home/runner/.m2/repository/io/netty/netty-codec-http2/4.1.86.Final/netty-codec-http2-4.1.86.Final.jar:/home/runner/.m2/repository/io/netty/netty-common/4.1.86.Final/netty-common-4.1.86.Final.jar:/home/runner/.m2/repository/io/netty/netty-buffer/4.1.86.Final/netty-buffer-4.1.86.Final.jar:/home/runner/.m2/repository/io/netty/netty-codec-http/4.1.86.Final/netty-codec-http-4.1.86.Final.jar:/home/runner/.m2/repository/io/netty/netty-handler-proxy/4.1.86.Final/netty-handler-proxy-4.1.86.Final.jar:/home/runner/.m2/repository/io/netty/netty-codec-socks/4.1.86.Final/netty-codec-socks-4.1.86.Final.jar:/home/runner/.m2/repository/io/netty/netty-tcnative-boringssl-static/2.0.54.Final/netty-tcnative-boringssl-static-2.0.54.Final.jar:/home/runner/.m2/repository/io/netty/netty-tcnative-classes/2.0.54.Final/netty-tcnative-classes-2.0.54.Final.jar:/home/runner/.m2/repository/io/netty/netty-tcnative-boringssl-static/2.0.54.Final/netty-tcnative-boringssl-static-2.0.54.Final-linux-x86_64.jar:/home/runner/.m2/repository/io/netty/netty-tcnative-boringssl-static/2.0.54.Final/netty-tcnative-boringssl-static-2.0.54.Final-linux-aarch_64.jar:/home/runner/.m2/repository/io/netty/netty-tcnative-boringssl-static/2.0.54.Final/netty-tcnative-boringssl-static-2.0.54.Final-osx-x86_64.jar:/home/runner/.m2/repository/io/netty/netty-tcnative-boringssl-static/2.0.54.Final/netty-tcnative-boringssl-static-2.0.54.Final-osx-aarch_64.jar:/home/runner/.m2/repository/io/netty/netty-tcnative-boringssl-static/2.0.54.Final/netty-tcnative-boringssl-static-2.0.54.Final-windows-x86_64.jar:/home/runner/.m2/repository/org/apache/commons/commons-compress/1.21/commons-compress-1.21.jar:/home/runner/.m2/repository/org/apache/ozone/hdds-common/1.4.0-SNAPSHOT/hdds-common-1.4.0-SNAPSHOT.jar:/home/runner/.m2/repository/org/apache/ozone/hdds-client/1.4.0-SNAPSHOT/hdds-client-1.4.0-SNAPSHOT.jar:/home/runner/.m2/repository/org/apache/ozone/ozone-interface-client/1.4.0-SNAPSHOT/ozone-interface-client-1.4.0-SNAPSHOT.jar:/home/runner/.m2/repository/org/apache/ozone/hdds-test-utils/1.4.0-SNAPSHOT/hdds-test-utils-1.4.0-SNAPSHOT.jar:/home/runner/.m2/repository/com/google/guava/guava/31.1-jre/guava-31.1-jre.jar:/home/runner/.m2/repository/com/google/guava/failureaccess/1.0.1/failureaccess-1.0.1.jar:/home/runner/.m2/repository/com/google/guava/listenablefuture/9999.0-empty-to-avoid-conflict-with-guava/listenablefuture-9999.0-empty-to-avoid-conflict-with-guava.jar:/home/runner/.m2/repository/com/google/code/findbugs/jsr305/3.0.0/jsr305-3.0.0.jar:/home/runner/.m2/repository/org/checkerframework/checker-qual/3.12.0/checker-qual-3.12.0.jar:/home/runner/.m2/repository/com/google/j2objc/j2objc-annotations/1.3/j2objc-annotations-1.3.jar:/home/runner/.m2/repository/commons-io/commons-io/2.11.0/commons-io-2.11.0.jar:/home/runner/.m2/repository/commons-logging/commons-logging/1.2/commons-logging-1.2.jar:/home/runner/.m2/repository/ch/qos/reload4j/reload4j/1.2.22/reload4j-1.2.22.jar:/home/runner/.m2/repository/org/slf4j/slf4j-api/1.7.36/slf4j-api-1.7.36.jar:/home/runner/.m2/repository/org/apache/ozone/hdds-server-scm/1.4.0-SNAPSHOT/hdds-server-scm-1.4.0-SNAPSHOT.jar:/home/runner/.m2/repository/org/apache/ozone/hdds-container-service/1.4.0-SNAPSHOT/hdds-container-service-1.4.0-SNAPSHOT.jar:/home/runner/.m2/repository/org/apache/ozone/hdds-hadoop-dependency-server/1.4.0-SNAPSHOT/hdds-hadoop-dependency-server-1.4.0-SNAPSHOT.jar:/home/runner/.m2/repository/org/apache/hadoop/hadoop-hdfs/3.3.5/hadoop-hdfs-3.3.5.jar:/home/runner/.m2/repository/commons-daemon/commons-daemon/1.0.13/commons-daemon-1.0.13.jar:/home/runner/.m2/repository/org/apache/ozone/hdds-server-framework/1.4.0-SNAPSHOT/hdds-server-framework-1.4.0-SNAPSHOT.jar:/home/runner/.m2/repository/io/dropwizard/metrics/metrics-core/3.2.4/metrics-core-3.2.4.jar:/home/runner/.m2/repository/org/apache/commons/commons-text/1.4/commons-text-1.4.jar:/home/runner/.m2/repository/org/apache/hadoop/hadoop-hdfs-client/3.3.5/hadoop-hdfs-client-3.3.5.jar:/home/runner/.m2/repository/com/squareup/okhttp3/okhttp/4.9.3/okhttp-4.9.3.jar:/home/runner/.m2/repository/com/squareup/okio/okio/2.8.0/okio-2.8.0.jar:/home/runner/.m2/repository/org/jetbrains/kotlin/kotlin-stdlib-common/1.6.21/kotlin-stdlib-common-1.6.21.jar:/home/runner/.m2/repository/org/bouncycastle/bcprov-jdk15on/1.67/bcprov-jdk15on-1.67.jar:/home/runner/.m2/repository/com/google/protobuf/protobuf-java/2.5.0/protobuf-java-2.5.0.jar:/home/runner/.m2/repository/org/apache/ozone/hdds-server-framework/1.4.0-SNAPSHOT/hdds-server-framework-1.4.0-SNAPSHOT-tests.jar:/home/runner/.m2/repository/org/apache/ozone/hdds-interface-server/1.4.0-SNAPSHOT/hdds-interface-server-1.4.0-SNAPSHOT.jar:/home/runner/.m2/repository/org/apache/ozone/hdds-interface-admin/1.4.0-SNAPSHOT/hdds-interface-admin-1.4.0-SNAPSHOT.jar:/home/runner/.m2/repository/org/apache/ozone/hdds-managed-rocksdb/1.4.0-SNAPSHOT/hdds-managed-rocksdb-1.4.0-SNAPSHOT.jar:/home/runner/.m2/repository/org/rocksdb/rocksdbjni/7.7.3/rocksdbjni-7.7.3.jar:/home/runner/.m2/repository/org/slf4j/slf4j-reload4j/1.7.36/slf4j-reload4j-1.7.36.jar:/home/runner/.m2/repository/org/apache/commons/commons-configuration2/2.1.1/commons-configuration2-2.1.1.jar:/home/runner/.m2/repository/org/apache/logging/log4j/log4j-core/2.17.1/log4j-core-2.17.1.jar:/home/runner/.m2/repository/com/lmax/disruptor/3.4.2/disruptor-3.4.2.jar:/home/runner/.m2/repository/org/eclipse/jetty/jetty-util/9.4.49.v20220914/jetty-util-9.4.49.v20220914.jar:/home/runner/.m2/repository/org/eclipse/jetty/jetty-server/9.4.49.v20220914/jetty-server-9.4.49.v20220914.jar:/home/runner/.m2/repository/org/eclipse/jetty/jetty-http/9.4.49.v20220914/jetty-http-9.4.49.v20220914.jar:/home/runner/.m2/repository/org/eclipse/jetty/jetty-io/9.4.49.v20220914/jetty-io-9.4.49.v20220914.jar:/home/runner/.m2/repository/org/eclipse/jetty/jetty-servlet/9.4.49.v20220914/jetty-servlet-9.4.49.v20220914.jar:/home/runner/.m2/repository/org/eclipse/jetty/jetty-security/9.4.49.v20220914/jetty-security-9.4.49.v20220914.jar:/home/runner/.m2/repository/org/eclipse/jetty/jetty-util-ajax/9.4.49.v20220914/jetty-util-ajax-9.4.49.v20220914.jar:/home/runner/.m2/repository/org/eclipse/jetty/jetty-webapp/9.4.49.v20220914/jetty-webapp-9.4.49.v20220914.jar:/home/runner/.m2/repository/org/eclipse/jetty/jetty-xml/9.4.49.v20220914/jetty-xml-9.4.49.v20220914.jar:/home/runner/.m2/repository/org/apache/ratis/ratis-server/2.4.2-8b8bdda-SNAPSHOT/ratis-server-2.4.2-8b8bdda-SNAPSHOT.jar:/home/runner/.m2/repository/org/apache/ratis/ratis-thirdparty-misc/1.0.3/ratis-thirdparty-misc-1.0.3.jar:/home/runner/.m2/repository/org/apache/ratis/ratis-proto/2.4.2-8b8bdda-SNAPSHOT/ratis-proto-2.4.2-8b8bdda-SNAPSHOT.jar:/home/runner/.m2/repository/org/apache/ratis/ratis-common/2.4.2-8b8bdda-SNAPSHOT/ratis-common-2.4.2-8b8bdda-SNAPSHOT.jar:/home/runner/.m2/repository/org/apache/ratis/ratis-client/2.4.2-8b8bdda-SNAPSHOT/ratis-client-2.4.2-8b8bdda-SNAPSHOT.jar:/home/runner/.m2/repository/org/apache/ratis/ratis-server-api/2.4.2-8b8bdda-SNAPSHOT/ratis-server-api-2.4.2-8b8bdda-SNAPSHOT.jar:/home/runner/.m2/repository/org/apache/ratis/ratis-metrics/2.4.2-8b8bdda-SNAPSHOT/ratis-metrics-2.4.2-8b8bdda-SNAPSHOT.jar:/home/runner/.m2/repository/io/prometheus/simpleclient_dropwizard/0.7.0/simpleclient_dropwizard-0.7.0.jar:/home/runner/.m2/repository/io/prometheus/simpleclient/0.7.0/simpleclient-0.7.0.jar:/home/runner/.m2/repository/io/prometheus/simpleclient_common/0.7.0/simpleclient_common-0.7.0.jar:/home/runner/.m2/repository/com/fasterxml/jackson/datatype/jackson-datatype-jsr310/2.13.4/jackson-datatype-jsr310-2.13.4.jar:/home/runner/.m2/repository/com/fasterxml/jackson/core/jackson-core/2.13.4/jackson-core-2.13.4.jar:/home/runner/.m2/repository/com/github/spotbugs/spotbugs-annotations/3.1.12/spotbugs-annotations-3.1.12.jar:/home/runner/.m2/repository/org/apache/ozone/rocksdb-checkpoint-differ/1.4.0-SNAPSHOT/rocksdb-checkpoint-differ-1.4.0-SNAPSHOT.jar:/home/runner/.m2/repository/org/awaitility/awaitility/4.2.0/awaitility-4.2.0.jar:/home/runner/.m2/repository/org/hamcrest/hamcrest/2.1/hamcrest-2.1.jar:/home/runner/.m2/repository/org/apache/ozone/ozone-manager/1.4.0-SNAPSHOT/ozone-manager-1.4.0-SNAPSHOT.jar:/home/runner/.m2/repository/org/aspectj/aspectjrt/1.9.7/aspectjrt-1.9.7.jar:/home/runner/.m2/repository/org/aspectj/aspectjweaver/1.9.7/aspectjweaver-1.9.7.jar:/home/runner/.m2/repository/org/apache/ozone/hdds-interface-client/1.4.0-SNAPSHOT/hdds-interface-client-1.4.0-SNAPSHOT.jar:/home/runner/.m2/repository/org/apache/hadoop/thirdparty/hadoop-shaded-protobuf_3_7/1.1.1/hadoop-shaded-protobuf_3_7-1.1.1.jar:/home/runner/.m2/repository/org/apache/ozone/ozone-interface-storage/1.4.0-SNAPSHOT/ozone-interface-storage-1.4.0-SNAPSHOT.jar:/home/runner/.m2/repository/org/reflections/reflections/0.9.11/reflections-0.9.11.jar:/home/runner/.m2/repository/com/sun/jersey/jersey-client/1.19/jersey-client-1.19.jar:/home/runner/.m2/repository/org/codehaus/jackson/jackson-core-asl/1.9.13/jackson-core-asl-1.9.13.jar:/home/runner/.m2/repository/org/codehaus/jackson/jackson-mapper-asl/1.9.13/jackson-mapper-asl-1.9.13.jar:/home/runner/.m2/repository/org/codehaus/jackson/jackson-jaxrs/1.9.13/jackson-jaxrs-1.9.13.jar:/home/runner/.m2/repository/org/apache/ranger/ranger-intg/2.3.0/ranger-intg-2.3.0.jar:/home/runner/.m2/repository/org/apache/ranger/ranger-plugins-common/2.3.0/ranger-plugins-common-2.3.0.jar:/home/runner/.m2/repository/commons-lang/commons-lang/2.6/commons-lang-2.6.jar:/home/runner/.m2/repository/org/apache/ranger/ranger-plugins-cred/2.3.0/ranger-plugins-cred-2.3.0.jar:/home/runner/.m2/repository/org/apache/ranger/ranger-plugins-audit/2.3.0/ranger-plugins-audit-2.3.0.jar:/home/runner/.m2/repository/org/eclipse/jetty/jetty-client/9.4.49.v20220914/jetty-client-9.4.49.v20220914.jar:/home/runner/.m2/repository/org/apache/httpcomponents/httpmime/4.5.6/httpmime-4.5.6.jar:/home/runner/.m2/repository/org/apache/httpcomponents/httpcore-nio/4.4.13/httpcore-nio-4.4.13.jar:/home/runner/.m2/repository/org/apache/httpcomponents/httpasyncclient/4.1.3/httpasyncclient-4.1.3.jar:/home/runner/.m2/repository/com/carrotsearch/hppc/0.8.0/hppc-0.8.0.jar:/home/runner/.m2/repository/org/apache/orc/orc-core/1.5.8/orc-core-1.5.8.jar:/home/runner/.m2/repository/net/java/dev/jna/jna/5.2.0/jna-5.2.0.jar:/home/runner/.m2/repository/net/java/dev/jna/jna-platform/5.2.0/jna-platform-5.2.0.jar:/home/runner/.m2/repository/com/kstruct/gethostname4j/0.0.2/gethostname4j-0.0.2.jar:/home/runner/.m2/repository/org/apache/ranger/ranger-plugin-classloader/2.3.0/ranger-plugin-classloader-2.3.0.jar:/home/runner/.m2/repository/org/apache/hadoop/hadoop-minikdc/3.3.5/hadoop-minikdc-3.3.5.jar:/home/runner/.m2/repository/org/apache/kerby/kerb-simplekdc/1.0.1/kerb-simplekdc-1.0.1.jar:/home/runner/.m2/repository/org/apache/kerby/kerb-client/1.0.1/kerb-client-1.0.1.jar:/home/runner/.m2/repository/org/apache/kerby/kerby-config/1.0.1/kerby-config-1.0.1.jar:/home/runner/.m2/repository/org/apache/kerby/kerb-common/1.0.1/kerb-common-1.0.1.jar:/home/runner/.m2/repository/org/apache/kerby/kerb-crypto/1.0.1/kerb-crypto-1.0.1.jar:/home/runner/.m2/repository/org/apache/kerby/kerb-util/1.0.1/kerb-util-1.0.1.jar:/home/runner/.m2/repository/org/apache/kerby/token-provider/1.0.1/token-provider-1.0.1.jar:/home/runner/.m2/repository/org/apache/kerby/kerb-admin/1.0.1/kerb-admin-1.0.1.jar:/home/runner/.m2/repository/org/apache/kerby/kerb-server/1.0.1/kerb-server-1.0.1.jar:/home/runner/.m2/repository/org/apache/kerby/kerb-identity/1.0.1/kerb-identity-1.0.1.jar:/home/runner/.m2/repository/org/apache/kerby/kerby-xdr/1.0.1/kerby-xdr-1.0.1.jar:/home/runner/.m2/repository/org/apache/ozone/ozone-s3gateway/1.4.0-SNAPSHOT/ozone-s3gateway-1.4.0-SNAPSHOT.jar:/home/runner/.m2/repository/org/javassist/javassist/3.21.0-GA/javassist-3.21.0-GA.jar:/home/runner/.m2/repository/org/jboss/weld/servlet/weld-servlet-shaded/3.1.9.Final/weld-servlet-shaded-3.1.9.Final.jar:/home/runner/.m2/repository/org/glassfish/jersey/containers/jersey-container-servlet-core/2.34/jersey-container-servlet-core-2.34.jar:/home/runner/.m2/repository/org/glassfish/hk2/external/jakarta.inject/2.6.1/jakarta.inject-2.6.1.jar:/home/runner/.m2/repository/org/glassfish/jersey/core/jersey-common/2.34/jersey-common-2.34.jar:/home/runner/.m2/repository/jakarta/ws/rs/jakarta.ws.rs-api/2.1.6/jakarta.ws.rs-api-2.1.6.jar:/home/runner/.m2/repository/org/glassfish/jersey/ext/cdi/jersey-cdi1x/2.34/jersey-cdi1x-2.34.jar:/home/runner/.m2/repository/org/glassfish/jersey/inject/jersey-hk2/2.34/jersey-hk2-2.34.jar:/home/runner/.m2/repository/org/glassfish/hk2/hk2-locator/2.6.1/hk2-locator-2.6.1.jar:/home/runner/.m2/repository/org/glassfish/jersey/media/jersey-media-jaxb/2.34/jersey-media-jaxb-2.34.jar:/home/runner/.m2/repository/org/glassfish/hk2/osgi-resource-locator/1.0.3/osgi-resource-locator-1.0.3.jar:/home/runner/.m2/repository/org/glassfish/hk2/hk2-api/2.5.0/hk2-api-2.5.0.jar:/home/runner/.m2/repository/org/glassfish/hk2/hk2-utils/2.5.0/hk2-utils-2.5.0.jar:/home/runner/.m2/repository/org/glassfish/hk2/external/aopalliance-repackaged/2.5.0/aopalliance-repackaged-2.5.0.jar:/home/runner/.m2/repository/com/fasterxml/jackson/dataformat/jackson-dataformat-xml/2.13.4/jackson-dataformat-xml-2.13.4.jar:/home/runner/.m2/repository/org/codehaus/woodstox/stax2-api/4.2.1/stax2-api-4.2.1.jar:/home/runner/.m2/repository/com/fasterxml/woodstox/woodstox-core/5.4.0/woodstox-core-5.4.0.jar:/home/runner/.m2/repository/com/fasterxml/jackson/module/jackson-module-jaxb-annotations/2.13.4/jackson-module-jaxb-annotations-2.13.4.jar:/home/runner/.m2/repository/jakarta/xml/bind/jakarta.xml.bind-api/2.3.3/jakarta.xml.bind-api-2.3.3.jar:/home/runner/.m2/repository/jakarta/activation/jakarta.activation-api/1.2.2/jakarta.activation-api-1.2.2.jar:/home/runner/.m2/repository/javax/enterprise/cdi-api/2.0/cdi-api-2.0.jar:/home/runner/.m2/repository/javax/el/javax.el-api/3.0.0/javax.el-api-3.0.0.jar:/home/runner/.m2/repository/javax/interceptor/javax.interceptor-api/1.2/javax.interceptor-api-1.2.jar:/home/runner/.m2/repository/javax/inject/javax.inject/1/javax.inject-1.jar:/home/runner/.m2/repository/javax/xml/bind/jaxb-api/2.3.0/jaxb-api-2.3.0.jar:/home/runner/.m2/repository/org/glassfish/jaxb/jaxb-runtime/2.3.0.1/jaxb-runtime-2.3.0.1.jar:/home/runner/.m2/repository/org/glassfish/jaxb/jaxb-core/2.3.0.1/jaxb-core-2.3.0.1.jar:/home/runner/.m2/repository/org/glassfish/jaxb/txw2/2.3.0.1/txw2-2.3.0.1.jar:/home/runner/.m2/repository/com/sun/istack/istack-commons-runtime/3.0.5/istack-commons-runtime-3.0.5.jar:/home/runner/.m2/repository/org/jvnet/staxex/stax-ex/1.7.8/stax-ex-1.7.8.jar:/home/runner/.m2/repository/com/sun/xml/fastinfoset/FastInfoset/1.2.13/FastInfoset-1.2.13.jar:/home/runner/.m2/repository/javax/activation/activation/1.1.1/activation-1.1.1.jar:/home/runner/.m2/repository/io/grpc/grpc-protobuf/1.51.1/grpc-protobuf-1.51.1.jar:/home/runner/.m2/repository/io/grpc/grpc-api/1.51.1/grpc-api-1.51.1.jar:/home/runner/.m2/repository/io/grpc/grpc-context/1.51.1/grpc-context-1.51.1.jar:/home/runner/.m2/repository/com/google/api/grpc/proto-google-common-protos/2.9.0/proto-google-common-protos-2.9.0.jar:/home/runner/.m2/repository/io/grpc/grpc-protobuf-lite/1.51.1/grpc-protobuf-lite-1.51.1.jar:/home/runner/.m2/repository/io/grpc/grpc-stub/1.51.1/grpc-stub-1.51.1.jar:/home/runner/.m2/repository/io/netty/netty-transport/4.1.86.Final/netty-transport-4.1.86.Final.jar:/home/runner/.m2/repository/io/netty/netty-resolver/4.1.86.Final/netty-resolver-4.1.86.Final.jar:/home/runner/.m2/repository/org/apache/ozone/ozone-csi/1.4.0-SNAPSHOT/ozone-csi-1.4.0-SNAPSHOT.jar:/home/runner/.m2/repository/com/google/protobuf/protobuf-java-util/3.19.6/protobuf-java-util-3.19.6.jar:/home/runner/.m2/repository/com/google/code/gson/gson/2.9.0/gson-2.9.0.jar:/home/runner/.m2/repository/org/apache/ozone/hdds-config/1.4.0-SNAPSHOT/hdds-config-1.4.0-SNAPSHOT.jar:/home/runner/.m2/repository/io/netty/netty-transport-native-epoll/4.1.86.Final/netty-transport-native-epoll-4.1.86.Final-linux-x86_64.jar:/home/runner/.m2/repository/io/netty/netty-transport-classes-epoll/4.1.86.Final/netty-transport-classes-epoll-4.1.86.Final.jar:/home/runner/.m2/repository/io/netty/netty-transport-native-unix-common/4.1.86.Final/netty-transport-native-unix-common-4.1.86.Final.jar:/home/runner/.m2/repository/org/apache/ozone/ozone-recon/1.4.0-SNAPSHOT/ozone-recon-1.4.0-SNAPSHOT.jar:/home/runner/.m2/repository/org/apache/ozone/ozone-reconcodegen/1.4.0-SNAPSHOT/ozone-reconcodegen-1.4.0-SNAPSHOT.jar:/home/runner/.m2/repository/com/google/inject/guice/5.1.0/guice-5.1.0.jar:/home/runner/.m2/repository/aopalliance/aopalliance/1.0/aopalliance-1.0.jar:/home/runner/.m2/repository/com/google/inject/extensions/guice-assistedinject/5.1.0/guice-assistedinject-5.1.0.jar:/home/runner/.m2/repository/com/google/inject/extensions/guice-servlet/5.1.0/guice-servlet-5.1.0.jar:/home/runner/.m2/repository/org/glassfish/jersey/containers/jersey-container-servlet/2.34/jersey-container-servlet-2.34.jar:/home/runner/.m2/repository/org/glassfish/hk2/guice-bridge/2.5.0/guice-bridge-2.5.0.jar:/home/runner/.m2/repository/org/glassfish/jersey/core/jersey-server/2.34/jersey-server-2.34.jar:/home/runner/.m2/repository/org/glassfish/jersey/core/jersey-client/2.34/jersey-client-2.34.jar:/home/runner/.m2/repository/jakarta/annotation/jakarta.annotation-api/1.3.5/jakarta.annotation-api-1.3.5.jar:/home/runner/.m2/repository/jakarta/validation/jakarta.validation-api/2.0.2/jakarta.validation-api-2.0.2.jar:/home/runner/.m2/repository/org/glassfish/jersey/media/jersey-media-json-jackson/2.34/jersey-media-json-jackson-2.34.jar:/home/runner/.m2/repository/org/glassfish/jersey/ext/jersey-entity-filtering/2.34/jersey-entity-filtering-2.34.jar:/home/runner/.m2/repository/org/jooq/jooq/3.11.10/jooq-3.11.10.jar:/home/runner/.m2/repository/org/jooq/jooq-meta/3.11.10/jooq-meta-3.11.10.jar:/home/runner/.m2/repository/org/jooq/jooq-codegen/3.11.10/jooq-codegen-3.11.10.jar:/home/runner/.m2/repository/com/jolbox/bonecp/0.8.0.RELEASE/bonecp-0.8.0.RELEASE.jar:/home/runner/.m2/repository/org/apache/derby/derby/10.14.2.0/derby-10.14.2.0.jar:/home/runner/.m2/repository/org/xerial/sqlite-jdbc/3.25.2/sqlite-jdbc-3.25.2.jar:/home/runner/.m2/repository/org/springframework/spring-jdbc/5.3.26/spring-jdbc-5.3.26.jar:/home/runner/.m2/repository/org/springframework/spring-beans/5.3.26/spring-beans-5.3.26.jar:/home/runner/.m2/repository/org/springframework/spring-core/5.3.26/spring-core-5.3.26.jar:/home/runner/.m2/repository/org/springframework/spring-tx/5.3.26/spring-tx-5.3.26.jar:/home/runner/.m2/repository/org/apache/ozone/ozone-client/1.4.0-SNAPSHOT/ozone-client-1.4.0-SNAPSHOT.jar:/home/runner/.m2/repository/org/apache/ozone/hdds-erasurecode/1.4.0-SNAPSHOT/hdds-erasurecode-1.4.0-SNAPSHOT.jar:/home/runner/.m2/repository/org/apache/ozone/ozone-filesystem/1.4.0-SNAPSHOT/ozone-filesystem-1.4.0-SNAPSHOT.jar:/home/runner/.m2/repository/org/apache/ozone/ozone-filesystem-common/1.4.0-SNAPSHOT/ozone-filesystem-common-1.4.0-SNAPSHOT.jar:/home/runner/.m2/repository/org/apache/ozone/ozone-tools/1.4.0-SNAPSHOT/ozone-tools-1.4.0-SNAPSHOT.jar:/home/runner/.m2/repository/com/amazonaws/aws-java-sdk-core/1.12.261/aws-java-sdk-core-1.12.261.jar:/home/runner/.m2/repository/org/apache/httpcomponents/httpclient/4.5.13/httpclient-4.5.13.jar:/home/runner/.m2/repository/org/apache/httpcomponents/httpcore/4.4.13/httpcore-4.4.13.jar:/home/runner/.m2/repository/software/amazon/ion/ion-java/1.0.2/ion-java-1.0.2.jar:/home/runner/.m2/repository/com/fasterxml/jackson/dataformat/jackson-dataformat-cbor/2.13.4/jackson-dataformat-cbor-2.13.4.jar:/home/runner/.m2/repository/joda-time/joda-time/2.10.6/joda-time-2.10.6.jar:/home/runner/.m2/repository/com/amazonaws/aws-java-sdk-s3/1.12.261/aws-java-sdk-s3-1.12.261.jar:/home/runner/.m2/repository/com/amazonaws/aws-java-sdk-kms/1.12.261/aws-java-sdk-kms-1.12.261.jar:/home/runner/.m2/repository/com/amazonaws/jmespath-java/1.12.261/jmespath-java-1.12.261.jar:/home/runner/.m2/repository/org/kohsuke/metainf-services/metainf-services/1.8/metainf-services-1.8.jar:/home/runner/.m2/repository/org/apache/ozone/hdds-tools/1.4.0-SNAPSHOT/hdds-tools-1.4.0-SNAPSHOT.jar:/home/runner/.m2/repository/org/apache/ratis/ratis-tools/2.4.2-8b8bdda-SNAPSHOT/ratis-tools-2.4.2-8b8bdda-SNAPSHOT.jar:/home/runner/.m2/repository/commons-cli/commons-cli/1.2/commons-cli-1.2.jar:/home/runner/.m2/repository/org/apache/commons/commons-lang3/3.7/commons-lang3-3.7.jar:/home/runner/.m2/repository/org/apache/ozone/ozone-manager/1.4.0-SNAPSHOT/ozone-manager-1.4.0-SNAPSHOT-tests.jar:/home/runner/.m2/repository/org/apache/ozone/hdds-common/1.4.0-SNAPSHOT/hdds-common-1.4.0-SNAPSHOT-tests.jar:/home/runner/.m2/repository/org/apache/ozone/hdds-hadoop-dependency-client/1.4.0-SNAPSHOT/hdds-hadoop-dependency-client-1.4.0-SNAPSHOT.jar:/home/runner/.m2/repository/info/picocli/picocli/4.6.1/picocli-4.6.1.jar:/home/runner/.m2/repository/com/fasterxml/jackson/core/jackson-annotations/2.13.4/jackson-annotations-2.13.4.jar:/home/runner/.m2/repository/org/apache/ozone/hdds-annotation-processing/1.4.0-SNAPSHOT/hdds-annotation-processing-1.4.0-SNAPSHOT.jar:/home/runner/.m2/repository/javax/annotation/javax.annotation-api/1.2/javax.annotation-api-1.2.jar:/home/runner/.m2/repository/org/apache/ratis/ratis-netty/2.4.2-8b8bdda-SNAPSHOT/ratis-netty-2.4.2-8b8bdda-SNAPSHOT.jar:/home/runner/.m2/repository/org/apache/ratis/ratis-grpc/2.4.2-8b8bdda-SNAPSHOT/ratis-grpc-2.4.2-8b8bdda-SNAPSHOT.jar:/home/runner/.m2/repository/org/apache/logging/log4j/log4j-api/2.17.1/log4j-api-2.17.1.jar:/home/runner/.m2/repository/org/apache/commons/commons-pool2/2.6.0/commons-pool2-2.6.0.jar:/home/runner/.m2/repository/org/bouncycastle/bcpkix-jdk15on/1.67/bcpkix-jdk15on-1.67.jar:/home/runner/.m2/repository/commons-validator/commons-validator/1.6/commons-validator-1.6.jar:/home/runner/.m2/repository/commons-beanutils/commons-beanutils/1.9.4/commons-beanutils-1.9.4.jar:/home/runner/.m2/repository/commons-digester/commons-digester/1.8.1/commons-digester-1.8.1.jar:/home/runner/.m2/repository/commons-collections/commons-collections/3.2.2/commons-collections-3.2.2.jar:/home/runner/.m2/repository/io/jaegertracing/jaeger-client/1.6.0/jaeger-client-1.6.0.jar:/home/runner/.m2/repository/io/jaegertracing/jaeger-thrift/1.6.0/jaeger-thrift-1.6.0.jar:/home/runner/.m2/repository/org/apache/thrift/libthrift/0.14.1/libthrift-0.14.1.jar:/home/runner/.m2/repository/io/jaegertracing/jaeger-core/1.6.0/jaeger-core-1.6.0.jar:/home/runner/.m2/repository/io/jaegertracing/jaeger-tracerresolver/1.6.0/jaeger-tracerresolver-1.6.0.jar:/home/runner/.m2/repository/io/opentracing/contrib/opentracing-tracerresolver/0.1.8/opentracing-tracerresolver-0.1.8.jar:/home/runner/.m2/repository/org/jetbrains/kotlin/kotlin-stdlib/1.6.21/kotlin-stdlib-1.6.21.jar:/home/runner/.m2/repository/org/jetbrains/annotations/13.0/annotations-13.0.jar:/home/runner/.m2/repository/io/opentracing/opentracing-util/0.33.0/opentracing-util-0.33.0.jar:/home/runner/.m2/repository/io/opentracing/opentracing-api/0.33.0/opentracing-api-0.33.0.jar:/home/runner/.m2/repository/io/opentracing/opentracing-noop/0.33.0/opentracing-noop-0.33.0.jar:/home/runner/.m2/repository/org/yaml/snakeyaml/2.0/snakeyaml-2.0.jar:/home/runner/.m2/repository/junit/junit/4.13.1/junit-4.13.1.jar:/home/runner/.m2/repository/org/hamcrest/hamcrest-core/1.3/hamcrest-core-1.3.jar:/home/runner/.m2/repository/org/junit/jupiter/junit-jupiter-api/5.8.2/junit-jupiter-api-5.8.2.jar:/home/runner/.m2/repository/org/opentest4j/opentest4j/1.2.0/opentest4j-1.2.0.jar:/home/runner/.m2/repository/org/junit/platform/junit-platform-commons/1.8.2/junit-platform-commons-1.8.2.jar:/home/runner/.m2/repository/org/apiguardian/apiguardian-api/1.1.2/apiguardian-api-1.1.2.jar:/home/runner/.m2/repository/org/junit/jupiter/junit-jupiter-params/5.8.2/junit-jupiter-params-5.8.2.jar:/home/runner/.m2/repository/org/junit/jupiter/junit-jupiter-migrationsupport/5.8.2/junit-jupiter-migrationsupport-5.8.2.jar:/home/runner/.m2/repository/org/junit/jupiter/junit-jupiter-engine/5.8.2/junit-jupiter-engine-5.8.2.jar:/home/runner/.m2/repository/org/junit/platform/junit-platform-engine/1.8.2/junit-platform-engine-1.8.2.jar:/home/runner/.m2/repository/org/junit/vintage/junit-vintage-engine/5.8.2/junit-vintage-engine-5.8.2.jar:/home/runner/.m2/repository/org/junit/platform/junit-platform-launcher/1.8.2/junit-platform-launcher-1.8.2.jar:/home/runner/.m2/repository/org/mockito/mockito-core/2.28.2/mockito-core-2.28.2.jar:/home/runner/.m2/repository/net/bytebuddy/byte-buddy/1.9.10/byte-buddy-1.9.10.jar:/home/runner/.m2/repository/net/bytebuddy/byte-buddy-agent/1.9.10/byte-buddy-agent-1.9.10.jar:/home/runner/.m2/repository/org/objenesis/objenesis/1.0/objenesis-1.0.jar:/home/runner/.m2/repository/org/apache/hadoop/hadoop-kms/3.3.5/hadoop-kms-3.3.5.jar:/home/runner/.m2/repository/org/apache/hadoop/hadoop-auth/3.3.5/hadoop-auth-3.3.5.jar:/home/runner/.m2/repository/com/nimbusds/nimbus-jose-jwt/9.8.1/nimbus-jose-jwt-9.8.1.jar:/home/runner/.m2/repository/com/github/stephenc/jcip/jcip-annotations/1.0-1/jcip-annotations-1.0-1.jar:/home/runner/.m2/repository/net/minidev/json-smart/2.4.7/json-smart-2.4.7.jar:/home/runner/.m2/repository/net/minidev/accessors-smart/2.4.7/accessors-smart-2.4.7.jar:/home/runner/.m2/repository/org/ow2/asm/asm/5.0.4/asm-5.0.4.jar:/home/runner/.m2/repository/org/apache/zookeeper/zookeeper/3.5.6/zookeeper-3.5.6.jar:/home/runner/.m2/repository/org/apache/zookeeper/zookeeper-jute/3.5.6/zookeeper-jute-3.5.6.jar:/home/runner/.m2/repository/org/apache/yetus/audience-annotations/0.5.0/audience-annotations-0.5.0.jar:/home/runner/.m2/repository/org/apache/curator/curator-framework/4.2.0/curator-framework-4.2.0.jar:/home/runner/.m2/repository/org/apache/hadoop/thirdparty/hadoop-shaded-guava/1.1.1/hadoop-shaded-guava-1.1.1.jar:/home/runner/.m2/repository/com/sun/jersey/jersey-core/1.19/jersey-core-1.19.jar:/home/runner/.m2/repository/javax/ws/rs/jsr311-api/1.1.1/jsr311-api-1.1.1.jar:/home/runner/.m2/repository/com/sun/jersey/jersey-server/1.19/jersey-server-1.19.jar:/home/runner/.m2/repository/javax/servlet/javax.servlet-api/3.1.0/javax.servlet-api-3.1.0.jar:/home/runner/.m2/repository/org/apache/hadoop/hadoop-common/3.3.5/hadoop-common-3.3.5.jar:/home/runner/.m2/repository/org/apache/commons/commons-math3/3.1.1/commons-math3-3.1.1.jar:/home/runner/.m2/repository/commons-net/commons-net/3.9.0/commons-net-3.9.0.jar:/home/runner/.m2/repository/com/sun/jersey/jersey-servlet/1.19/jersey-servlet-1.19.jar:/home/runner/.m2/repository/com/github/pjfanning/jersey-json/1.20/jersey-json-1.20.jar:/home/runner/.m2/repository/org/codehaus/jettison/jettison/1.1/jettison-1.1.jar:/home/runner/.m2/repository/com/sun/xml/bind/jaxb-impl/2.2.3-1/jaxb-impl-2.2.3-1.jar:/home/runner/.m2/repository/com/google/re2j/re2j/1.1/re2j-1.1.jar:/home/runner/.m2/repository/com/jcraft/jsch/0.1.54/jsch-0.1.54.jar:/home/runner/.m2/repository/org/apache/curator/curator-client/4.2.0/curator-client-4.2.0.jar:/home/runner/.m2/repository/org/apache/curator/curator-recipes/4.2.0/curator-recipes-4.2.0.jar:/home/runner/.m2/repository/org/apache/kerby/kerb-core/1.0.1/kerb-core-1.0.1.jar:/home/runner/.m2/repository/org/apache/kerby/kerby-pkix/1.0.1/kerby-pkix-1.0.1.jar:/home/runner/.m2/repository/org/apache/kerby/kerby-asn1/1.0.1/kerby-asn1-1.0.1.jar:/home/runner/.m2/repository/org/apache/kerby/kerby-util/1.0.1/kerby-util-1.0.1.jar:/home/runner/.m2/repository/dnsjava/dnsjava/2.1.7/dnsjava-2.1.7.jar:/home/runner/.m2/repository/org/xerial/snappy/snappy-java/1.1.8.2/snappy-java-1.1.8.2.jar:/home/runner/.m2/repository/com/fasterxml/jackson/core/jackson-databind/2.13.4.2/jackson-databind-2.13.4.2.jar:/home/runner/.m2/repository/org/apache/hadoop/hadoop-kms/3.3.5/hadoop-kms-3.3.5-tests.jar:/home/runner/.m2/repository/org/apache/ozone/hdds-server-scm/1.4.0-SNAPSHOT/hdds-server-scm-1.4.0-SNAPSHOT-tests.jar:/home/runner/.m2/repository/org/apache/ozone/hdds-container-service/1.4.0-SNAPSHOT/hdds-container-service-1.4.0-SNAPSHOT-tests.jar:/home/runner/.m2/repository/com/github/luben/zstd-jni/1.5.2-5/zstd-jni-1.5.2-5.jar:/home/runner/.m2/repository/commons-codec/commons-codec/1.15/commons-codec-1.15.jar:/home/runner/.m2/repository/io/netty/netty-codec/4.1.86.Final/netty-codec-4.1.86.Final.jar:/home/runner/.m2/repository/io/netty/netty-handler/4.1.86.Final/netty-handler-4.1.86.Final.jar:/home/runner/.m2/repository/org/apache/ozone/hdds-hadoop-dependency-test/1.4.0-SNAPSHOT/hdds-hadoop-dependency-test-1.4.0-SNAPSHOT.jar:/home/runner/.m2/repository/org/apache/hadoop/hadoop-common/3.3.5/hadoop-common-3.3.5-tests.jar:/home/runner/.m2/repository/org/apache/hadoop/hadoop-hdfs/3.3.5/hadoop-hdfs-3.3.5-tests.jar:/home/runner/.m2/repository/org/assertj/assertj-core/3.12.2/assertj-core-3.12.2.jar:/home/runner/.m2/repository/org/apache/hadoop/hadoop-distcp/3.3.5/hadoop-distcp-3.3.5.jar:/home/runner/.m2/repository/org/apache/hadoop/hadoop-mapreduce-client-jobclient/3.3.5/hadoop-mapreduce-client-jobclient-3.3.5.jar:/home/runner/.m2/repository/org/apache/hadoop/hadoop-mapreduce-client-common/3.3.5/hadoop-mapreduce-client-common-3.3.5.jar:/home/runner/.m2/repository/org/apache/hadoop/hadoop-yarn-common/3.3.5/hadoop-yarn-common-3.3.5.jar:/home/runner/.m2/repository/org/apache/hadoop/hadoop-yarn-api/3.3.5/hadoop-yarn-api-3.3.5.jar:/home/runner/.m2/repository/com/sun/jersey/contribs/jersey-guice/1.19/jersey-guice-1.19.jar:/home/runner/.m2/repository/com/fasterxml/jackson/jaxrs/jackson-jaxrs-json-provider/2.13.4/jackson-jaxrs-json-provider-2.13.4.jar:/home/runner/.m2/repository/com/fasterxml/jackson/jaxrs/jackson-jaxrs-base/2.13.4/jackson-jaxrs-base-2.13.4.jar:/home/runner/.m2/repository/org/apache/hadoop/hadoop-yarn-client/3.3.5/hadoop-yarn-client-3.3.5.jar:/home/runner/.m2/repository/org/eclipse/jetty/websocket/websocket-client/9.4.48.v20220622/websocket-client-9.4.48.v20220622.jar:/home/runner/.m2/repository/org/eclipse/jetty/websocket/websocket-common/9.4.48.v20220622/websocket-common-9.4.48.v20220622.jar:/home/runner/.m2/repository/org/eclipse/jetty/websocket/websocket-api/9.4.48.v20220622/websocket-api-9.4.48.v20220622.jar:/home/runner/.m2/repository/org/jline/jline/3.9.0/jline-3.9.0.jar:/home/runner/.m2/repository/org/apache/hadoop/hadoop-mapreduce-client-core/3.3.5/hadoop-mapreduce-client-core-3.3.5.jar:/home/runner/.m2/repository/org/apache/avro/avro/1.7.7/avro-1.7.7.jar:/home/runner/.m2/repository/com/thoughtworks/paranamer/paranamer/2.3/paranamer-2.3.jar:/home/runner/.m2/repository/org/apache/hadoop/hadoop-annotations/3.3.5/hadoop-annotations-3.3.5.jar:/usr/lib/jvm/temurin-8-jdk-amd64/jre/../lib/tools.jar:/home/runner/.m2/repository/io/netty/netty/3.10.6.Final/netty-3.10.6.Final.jar:/home/runner/.m2/repository/org/apache/hadoop/hadoop-distcp/3.3.5/hadoop-distcp-3.3.5-tests.jar:/home/runner/.m2/repository/org/slf4j/jul-to-slf4j/1.7.36/jul-to-slf4j-1.7.36.jar:"/>
    <property name="java.vm.vendor" value="Temurin"/>
    <property name="sun.arch.data.model" value="64"/>
    <property name="test.build.dir" value="/home/runner/work/ozone/ozone/hadoop-ozone/integration-test/target/test-dir"/>
    <property name="test.cache.data" value=""/>
    <property name="java.vendor.url" value="https://adoptium.net/"/>
    <property name="user.timezone" value="Etc/UTC"/>
    <property name="java.vm.specification.version" value="1.8"/>
    <property name="os.name" value="Linux"/>
    <property name="test.build.data" value="/home/runner/work/ozone/ozone/hadoop-ozone/integration-test/target/test-dir"/>
    <property name="sun.java.launcher" value="SUN_STANDARD"/>
    <property name="sun.boot.library.path" value="/usr/lib/jvm/temurin-8-jdk-amd64/jre/lib/amd64"/>
    <property name="sun.java.command" value="/home/runner/work/ozone/ozone/hadoop-ozone/integration-test/target/surefire/surefirebooter4784621221927614121.jar /home/runner/work/ozone/ozone/hadoop-ozone/integration-test/target/surefire 2023-04-15T16-31-29_232-jvmRun1 surefire7683245844073543424tmp surefire_0885900334180118189tmp"/>
    <property name="surefire.test.class.path" value="/home/runner/work/ozone/ozone/hadoop-ozone/integration-test/target/test-classes:/home/runner/work/ozone/ozone/hadoop-ozone/integration-test/target/classes:/home/runner/.m2/repository/org/apache/ozone/ozone-common/1.4.0-SNAPSHOT/ozone-common-1.4.0-SNAPSHOT.jar:/home/runner/.m2/repository/io/grpc/grpc-netty/1.51.1/grpc-netty-1.51.1.jar:/home/runner/.m2/repository/io/grpc/grpc-core/1.51.1/grpc-core-1.51.1.jar:/home/runner/.m2/repository/com/google/android/annotations/4.1.1.4/annotations-4.1.1.4.jar:/home/runner/.m2/repository/org/codehaus/mojo/animal-sniffer-annotations/1.21/animal-sniffer-annotations-1.21.jar:/home/runner/.m2/repository/com/google/errorprone/error_prone_annotations/2.2.0/error_prone_annotations-2.2.0.jar:/home/runner/.m2/repository/io/perfmark/perfmark-api/0.25.0/perfmark-api-0.25.0.jar:/home/runner/.m2/repository/io/netty/netty-codec-http2/4.1.86.Final/netty-codec-http2-4.1.86.Final.jar:/home/runner/.m2/repository/io/netty/netty-common/4.1.86.Final/netty-common-4.1.86.Final.jar:/home/runner/.m2/repository/io/netty/netty-buffer/4.1.86.Final/netty-buffer-4.1.86.Final.jar:/home/runner/.m2/repository/io/netty/netty-codec-http/4.1.86.Final/netty-codec-http-4.1.86.Final.jar:/home/runner/.m2/repository/io/netty/netty-handler-proxy/4.1.86.Final/netty-handler-proxy-4.1.86.Final.jar:/home/runner/.m2/repository/io/netty/netty-codec-socks/4.1.86.Final/netty-codec-socks-4.1.86.Final.jar:/home/runner/.m2/repository/io/netty/netty-tcnative-boringssl-static/2.0.54.Final/netty-tcnative-boringssl-static-2.0.54.Final.jar:/home/runner/.m2/repository/io/netty/netty-tcnative-classes/2.0.54.Final/netty-tcnative-classes-2.0.54.Final.jar:/home/runner/.m2/repository/io/netty/netty-tcnative-boringssl-static/2.0.54.Final/netty-tcnative-boringssl-static-2.0.54.Final-linux-x86_64.jar:/home/runner/.m2/repository/io/netty/netty-tcnative-boringssl-static/2.0.54.Final/netty-tcnative-boringssl-static-2.0.54.Final-linux-aarch_64.jar:/home/runner/.m2/repository/io/netty/netty-tcnative-boringssl-static/2.0.54.Final/netty-tcnative-boringssl-static-2.0.54.Final-osx-x86_64.jar:/home/runner/.m2/repository/io/netty/netty-tcnative-boringssl-static/2.0.54.Final/netty-tcnative-boringssl-static-2.0.54.Final-osx-aarch_64.jar:/home/runner/.m2/repository/io/netty/netty-tcnative-boringssl-static/2.0.54.Final/netty-tcnative-boringssl-static-2.0.54.Final-windows-x86_64.jar:/home/runner/.m2/repository/org/apache/commons/commons-compress/1.21/commons-compress-1.21.jar:/home/runner/.m2/repository/org/apache/ozone/hdds-common/1.4.0-SNAPSHOT/hdds-common-1.4.0-SNAPSHOT.jar:/home/runner/.m2/repository/org/apache/ozone/hdds-client/1.4.0-SNAPSHOT/hdds-client-1.4.0-SNAPSHOT.jar:/home/runner/.m2/repository/org/apache/ozone/ozone-interface-client/1.4.0-SNAPSHOT/ozone-interface-client-1.4.0-SNAPSHOT.jar:/home/runner/.m2/repository/org/apache/ozone/hdds-test-utils/1.4.0-SNAPSHOT/hdds-test-utils-1.4.0-SNAPSHOT.jar:/home/runner/.m2/repository/com/google/guava/guava/31.1-jre/guava-31.1-jre.jar:/home/runner/.m2/repository/com/google/guava/failureaccess/1.0.1/failureaccess-1.0.1.jar:/home/runner/.m2/repository/com/google/guava/listenablefuture/9999.0-empty-to-avoid-conflict-with-guava/listenablefuture-9999.0-empty-to-avoid-conflict-with-guava.jar:/home/runner/.m2/repository/com/google/code/findbugs/jsr305/3.0.0/jsr305-3.0.0.jar:/home/runner/.m2/repository/org/checkerframework/checker-qual/3.12.0/checker-qual-3.12.0.jar:/home/runner/.m2/repository/com/google/j2objc/j2objc-annotations/1.3/j2objc-annotations-1.3.jar:/home/runner/.m2/repository/commons-io/commons-io/2.11.0/commons-io-2.11.0.jar:/home/runner/.m2/repository/commons-logging/commons-logging/1.2/commons-logging-1.2.jar:/home/runner/.m2/repository/ch/qos/reload4j/reload4j/1.2.22/reload4j-1.2.22.jar:/home/runner/.m2/repository/org/slf4j/slf4j-api/1.7.36/slf4j-api-1.7.36.jar:/home/runner/.m2/repository/org/apache/ozone/hdds-server-scm/1.4.0-SNAPSHOT/hdds-server-scm-1.4.0-SNAPSHOT.jar:/home/runner/.m2/repository/org/apache/ozone/hdds-container-service/1.4.0-SNAPSHOT/hdds-container-service-1.4.0-SNAPSHOT.jar:/home/runner/.m2/repository/org/apache/ozone/hdds-hadoop-dependency-server/1.4.0-SNAPSHOT/hdds-hadoop-dependency-server-1.4.0-SNAPSHOT.jar:/home/runner/.m2/repository/org/apache/hadoop/hadoop-hdfs/3.3.5/hadoop-hdfs-3.3.5.jar:/home/runner/.m2/repository/commons-daemon/commons-daemon/1.0.13/commons-daemon-1.0.13.jar:/home/runner/.m2/repository/org/apache/ozone/hdds-server-framework/1.4.0-SNAPSHOT/hdds-server-framework-1.4.0-SNAPSHOT.jar:/home/runner/.m2/repository/io/dropwizard/metrics/metrics-core/3.2.4/metrics-core-3.2.4.jar:/home/runner/.m2/repository/org/apache/commons/commons-text/1.4/commons-text-1.4.jar:/home/runner/.m2/repository/org/apache/hadoop/hadoop-hdfs-client/3.3.5/hadoop-hdfs-client-3.3.5.jar:/home/runner/.m2/repository/com/squareup/okhttp3/okhttp/4.9.3/okhttp-4.9.3.jar:/home/runner/.m2/repository/com/squareup/okio/okio/2.8.0/okio-2.8.0.jar:/home/runner/.m2/repository/org/jetbrains/kotlin/kotlin-stdlib-common/1.6.21/kotlin-stdlib-common-1.6.21.jar:/home/runner/.m2/repository/org/bouncycastle/bcprov-jdk15on/1.67/bcprov-jdk15on-1.67.jar:/home/runner/.m2/repository/com/google/protobuf/protobuf-java/2.5.0/protobuf-java-2.5.0.jar:/home/runner/.m2/repository/org/apache/ozone/hdds-server-framework/1.4.0-SNAPSHOT/hdds-server-framework-1.4.0-SNAPSHOT-tests.jar:/home/runner/.m2/repository/org/apache/ozone/hdds-interface-server/1.4.0-SNAPSHOT/hdds-interface-server-1.4.0-SNAPSHOT.jar:/home/runner/.m2/repository/org/apache/ozone/hdds-interface-admin/1.4.0-SNAPSHOT/hdds-interface-admin-1.4.0-SNAPSHOT.jar:/home/runner/.m2/repository/org/apache/ozone/hdds-managed-rocksdb/1.4.0-SNAPSHOT/hdds-managed-rocksdb-1.4.0-SNAPSHOT.jar:/home/runner/.m2/repository/org/rocksdb/rocksdbjni/7.7.3/rocksdbjni-7.7.3.jar:/home/runner/.m2/repository/org/slf4j/slf4j-reload4j/1.7.36/slf4j-reload4j-1.7.36.jar:/home/runner/.m2/repository/org/apache/commons/commons-configuration2/2.1.1/commons-configuration2-2.1.1.jar:/home/runner/.m2/repository/org/apache/logging/log4j/log4j-core/2.17.1/log4j-core-2.17.1.jar:/home/runner/.m2/repository/com/lmax/disruptor/3.4.2/disruptor-3.4.2.jar:/home/runner/.m2/repository/org/eclipse/jetty/jetty-util/9.4.49.v20220914/jetty-util-9.4.49.v20220914.jar:/home/runner/.m2/repository/org/eclipse/jetty/jetty-server/9.4.49.v20220914/jetty-server-9.4.49.v20220914.jar:/home/runner/.m2/repository/org/eclipse/jetty/jetty-http/9.4.49.v20220914/jetty-http-9.4.49.v20220914.jar:/home/runner/.m2/repository/org/eclipse/jetty/jetty-io/9.4.49.v20220914/jetty-io-9.4.49.v20220914.jar:/home/runner/.m2/repository/org/eclipse/jetty/jetty-servlet/9.4.49.v20220914/jetty-servlet-9.4.49.v20220914.jar:/home/runner/.m2/repository/org/eclipse/jetty/jetty-security/9.4.49.v20220914/jetty-security-9.4.49.v20220914.jar:/home/runner/.m2/repository/org/eclipse/jetty/jetty-util-ajax/9.4.49.v20220914/jetty-util-ajax-9.4.49.v20220914.jar:/home/runner/.m2/repository/org/eclipse/jetty/jetty-webapp/9.4.49.v20220914/jetty-webapp-9.4.49.v20220914.jar:/home/runner/.m2/repository/org/eclipse/jetty/jetty-xml/9.4.49.v20220914/jetty-xml-9.4.49.v20220914.jar:/home/runner/.m2/repository/org/apache/ratis/ratis-server/2.4.2-8b8bdda-SNAPSHOT/ratis-server-2.4.2-8b8bdda-SNAPSHOT.jar:/home/runner/.m2/repository/org/apache/ratis/ratis-thirdparty-misc/1.0.3/ratis-thirdparty-misc-1.0.3.jar:/home/runner/.m2/repository/org/apache/ratis/ratis-proto/2.4.2-8b8bdda-SNAPSHOT/ratis-proto-2.4.2-8b8bdda-SNAPSHOT.jar:/home/runner/.m2/repository/org/apache/ratis/ratis-common/2.4.2-8b8bdda-SNAPSHOT/ratis-common-2.4.2-8b8bdda-SNAPSHOT.jar:/home/runner/.m2/repository/org/apache/ratis/ratis-client/2.4.2-8b8bdda-SNAPSHOT/ratis-client-2.4.2-8b8bdda-SNAPSHOT.jar:/home/runner/.m2/repository/org/apache/ratis/ratis-server-api/2.4.2-8b8bdda-SNAPSHOT/ratis-server-api-2.4.2-8b8bdda-SNAPSHOT.jar:/home/runner/.m2/repository/org/apache/ratis/ratis-metrics/2.4.2-8b8bdda-SNAPSHOT/ratis-metrics-2.4.2-8b8bdda-SNAPSHOT.jar:/home/runner/.m2/repository/io/prometheus/simpleclient_dropwizard/0.7.0/simpleclient_dropwizard-0.7.0.jar:/home/runner/.m2/repository/io/prometheus/simpleclient/0.7.0/simpleclient-0.7.0.jar:/home/runner/.m2/repository/io/prometheus/simpleclient_common/0.7.0/simpleclient_common-0.7.0.jar:/home/runner/.m2/repository/com/fasterxml/jackson/datatype/jackson-datatype-jsr310/2.13.4/jackson-datatype-jsr310-2.13.4.jar:/home/runner/.m2/repository/com/fasterxml/jackson/core/jackson-core/2.13.4/jackson-core-2.13.4.jar:/home/runner/.m2/repository/com/github/spotbugs/spotbugs-annotations/3.1.12/spotbugs-annotations-3.1.12.jar:/home/runner/.m2/repository/org/apache/ozone/rocksdb-checkpoint-differ/1.4.0-SNAPSHOT/rocksdb-checkpoint-differ-1.4.0-SNAPSHOT.jar:/home/runner/.m2/repository/org/awaitility/awaitility/4.2.0/awaitility-4.2.0.jar:/home/runner/.m2/repository/org/hamcrest/hamcrest/2.1/hamcrest-2.1.jar:/home/runner/.m2/repository/org/apache/ozone/ozone-manager/1.4.0-SNAPSHOT/ozone-manager-1.4.0-SNAPSHOT.jar:/home/runner/.m2/repository/org/aspectj/aspectjrt/1.9.7/aspectjrt-1.9.7.jar:/home/runner/.m2/repository/org/aspectj/aspectjweaver/1.9.7/aspectjweaver-1.9.7.jar:/home/runner/.m2/repository/org/apache/ozone/hdds-interface-client/1.4.0-SNAPSHOT/hdds-interface-client-1.4.0-SNAPSHOT.jar:/home/runner/.m2/repository/org/apache/hadoop/thirdparty/hadoop-shaded-protobuf_3_7/1.1.1/hadoop-shaded-protobuf_3_7-1.1.1.jar:/home/runner/.m2/repository/org/apache/ozone/ozone-interface-storage/1.4.0-SNAPSHOT/ozone-interface-storage-1.4.0-SNAPSHOT.jar:/home/runner/.m2/repository/org/reflections/reflections/0.9.11/reflections-0.9.11.jar:/home/runner/.m2/repository/com/sun/jersey/jersey-client/1.19/jersey-client-1.19.jar:/home/runner/.m2/repository/org/codehaus/jackson/jackson-core-asl/1.9.13/jackson-core-asl-1.9.13.jar:/home/runner/.m2/repository/org/codehaus/jackson/jackson-mapper-asl/1.9.13/jackson-mapper-asl-1.9.13.jar:/home/runner/.m2/repository/org/codehaus/jackson/jackson-jaxrs/1.9.13/jackson-jaxrs-1.9.13.jar:/home/runner/.m2/repository/org/apache/ranger/ranger-intg/2.3.0/ranger-intg-2.3.0.jar:/home/runner/.m2/repository/org/apache/ranger/ranger-plugins-common/2.3.0/ranger-plugins-common-2.3.0.jar:/home/runner/.m2/repository/commons-lang/commons-lang/2.6/commons-lang-2.6.jar:/home/runner/.m2/repository/org/apache/ranger/ranger-plugins-cred/2.3.0/ranger-plugins-cred-2.3.0.jar:/home/runner/.m2/repository/org/apache/ranger/ranger-plugins-audit/2.3.0/ranger-plugins-audit-2.3.0.jar:/home/runner/.m2/repository/org/eclipse/jetty/jetty-client/9.4.49.v20220914/jetty-client-9.4.49.v20220914.jar:/home/runner/.m2/repository/org/apache/httpcomponents/httpmime/4.5.6/httpmime-4.5.6.jar:/home/runner/.m2/repository/org/apache/httpcomponents/httpcore-nio/4.4.13/httpcore-nio-4.4.13.jar:/home/runner/.m2/repository/org/apache/httpcomponents/httpasyncclient/4.1.3/httpasyncclient-4.1.3.jar:/home/runner/.m2/repository/com/carrotsearch/hppc/0.8.0/hppc-0.8.0.jar:/home/runner/.m2/repository/org/apache/orc/orc-core/1.5.8/orc-core-1.5.8.jar:/home/runner/.m2/repository/net/java/dev/jna/jna/5.2.0/jna-5.2.0.jar:/home/runner/.m2/repository/net/java/dev/jna/jna-platform/5.2.0/jna-platform-5.2.0.jar:/home/runner/.m2/repository/com/kstruct/gethostname4j/0.0.2/gethostname4j-0.0.2.jar:/home/runner/.m2/repository/org/apache/ranger/ranger-plugin-classloader/2.3.0/ranger-plugin-classloader-2.3.0.jar:/home/runner/.m2/repository/org/apache/hadoop/hadoop-minikdc/3.3.5/hadoop-minikdc-3.3.5.jar:/home/runner/.m2/repository/org/apache/kerby/kerb-simplekdc/1.0.1/kerb-simplekdc-1.0.1.jar:/home/runner/.m2/repository/org/apache/kerby/kerb-client/1.0.1/kerb-client-1.0.1.jar:/home/runner/.m2/repository/org/apache/kerby/kerby-config/1.0.1/kerby-config-1.0.1.jar:/home/runner/.m2/repository/org/apache/kerby/kerb-common/1.0.1/kerb-common-1.0.1.jar:/home/runner/.m2/repository/org/apache/kerby/kerb-crypto/1.0.1/kerb-crypto-1.0.1.jar:/home/runner/.m2/repository/org/apache/kerby/kerb-util/1.0.1/kerb-util-1.0.1.jar:/home/runner/.m2/repository/org/apache/kerby/token-provider/1.0.1/token-provider-1.0.1.jar:/home/runner/.m2/repository/org/apache/kerby/kerb-admin/1.0.1/kerb-admin-1.0.1.jar:/home/runner/.m2/repository/org/apache/kerby/kerb-server/1.0.1/kerb-server-1.0.1.jar:/home/runner/.m2/repository/org/apache/kerby/kerb-identity/1.0.1/kerb-identity-1.0.1.jar:/home/runner/.m2/repository/org/apache/kerby/kerby-xdr/1.0.1/kerby-xdr-1.0.1.jar:/home/runner/.m2/repository/org/apache/ozone/ozone-s3gateway/1.4.0-SNAPSHOT/ozone-s3gateway-1.4.0-SNAPSHOT.jar:/home/runner/.m2/repository/org/javassist/javassist/3.21.0-GA/javassist-3.21.0-GA.jar:/home/runner/.m2/repository/org/jboss/weld/servlet/weld-servlet-shaded/3.1.9.Final/weld-servlet-shaded-3.1.9.Final.jar:/home/runner/.m2/repository/org/glassfish/jersey/containers/jersey-container-servlet-core/2.34/jersey-container-servlet-core-2.34.jar:/home/runner/.m2/repository/org/glassfish/hk2/external/jakarta.inject/2.6.1/jakarta.inject-2.6.1.jar:/home/runner/.m2/repository/org/glassfish/jersey/core/jersey-common/2.34/jersey-common-2.34.jar:/home/runner/.m2/repository/jakarta/ws/rs/jakarta.ws.rs-api/2.1.6/jakarta.ws.rs-api-2.1.6.jar:/home/runner/.m2/repository/org/glassfish/jersey/ext/cdi/jersey-cdi1x/2.34/jersey-cdi1x-2.34.jar:/home/runner/.m2/repository/org/glassfish/jersey/inject/jersey-hk2/2.34/jersey-hk2-2.34.jar:/home/runner/.m2/repository/org/glassfish/hk2/hk2-locator/2.6.1/hk2-locator-2.6.1.jar:/home/runner/.m2/repository/org/glassfish/jersey/media/jersey-media-jaxb/2.34/jersey-media-jaxb-2.34.jar:/home/runner/.m2/repository/org/glassfish/hk2/osgi-resource-locator/1.0.3/osgi-resource-locator-1.0.3.jar:/home/runner/.m2/repository/org/glassfish/hk2/hk2-api/2.5.0/hk2-api-2.5.0.jar:/home/runner/.m2/repository/org/glassfish/hk2/hk2-utils/2.5.0/hk2-utils-2.5.0.jar:/home/runner/.m2/repository/org/glassfish/hk2/external/aopalliance-repackaged/2.5.0/aopalliance-repackaged-2.5.0.jar:/home/runner/.m2/repository/com/fasterxml/jackson/dataformat/jackson-dataformat-xml/2.13.4/jackson-dataformat-xml-2.13.4.jar:/home/runner/.m2/repository/org/codehaus/woodstox/stax2-api/4.2.1/stax2-api-4.2.1.jar:/home/runner/.m2/repository/com/fasterxml/woodstox/woodstox-core/5.4.0/woodstox-core-5.4.0.jar:/home/runner/.m2/repository/com/fasterxml/jackson/module/jackson-module-jaxb-annotations/2.13.4/jackson-module-jaxb-annotations-2.13.4.jar:/home/runner/.m2/repository/jakarta/xml/bind/jakarta.xml.bind-api/2.3.3/jakarta.xml.bind-api-2.3.3.jar:/home/runner/.m2/repository/jakarta/activation/jakarta.activation-api/1.2.2/jakarta.activation-api-1.2.2.jar:/home/runner/.m2/repository/javax/enterprise/cdi-api/2.0/cdi-api-2.0.jar:/home/runner/.m2/repository/javax/el/javax.el-api/3.0.0/javax.el-api-3.0.0.jar:/home/runner/.m2/repository/javax/interceptor/javax.interceptor-api/1.2/javax.interceptor-api-1.2.jar:/home/runner/.m2/repository/javax/inject/javax.inject/1/javax.inject-1.jar:/home/runner/.m2/repository/javax/xml/bind/jaxb-api/2.3.0/jaxb-api-2.3.0.jar:/home/runner/.m2/repository/org/glassfish/jaxb/jaxb-runtime/2.3.0.1/jaxb-runtime-2.3.0.1.jar:/home/runner/.m2/repository/org/glassfish/jaxb/jaxb-core/2.3.0.1/jaxb-core-2.3.0.1.jar:/home/runner/.m2/repository/org/glassfish/jaxb/txw2/2.3.0.1/txw2-2.3.0.1.jar:/home/runner/.m2/repository/com/sun/istack/istack-commons-runtime/3.0.5/istack-commons-runtime-3.0.5.jar:/home/runner/.m2/repository/org/jvnet/staxex/stax-ex/1.7.8/stax-ex-1.7.8.jar:/home/runner/.m2/repository/com/sun/xml/fastinfoset/FastInfoset/1.2.13/FastInfoset-1.2.13.jar:/home/runner/.m2/repository/javax/activation/activation/1.1.1/activation-1.1.1.jar:/home/runner/.m2/repository/io/grpc/grpc-protobuf/1.51.1/grpc-protobuf-1.51.1.jar:/home/runner/.m2/repository/io/grpc/grpc-api/1.51.1/grpc-api-1.51.1.jar:/home/runner/.m2/repository/io/grpc/grpc-context/1.51.1/grpc-context-1.51.1.jar:/home/runner/.m2/repository/com/google/api/grpc/proto-google-common-protos/2.9.0/proto-google-common-protos-2.9.0.jar:/home/runner/.m2/repository/io/grpc/grpc-protobuf-lite/1.51.1/grpc-protobuf-lite-1.51.1.jar:/home/runner/.m2/repository/io/grpc/grpc-stub/1.51.1/grpc-stub-1.51.1.jar:/home/runner/.m2/repository/io/netty/netty-transport/4.1.86.Final/netty-transport-4.1.86.Final.jar:/home/runner/.m2/repository/io/netty/netty-resolver/4.1.86.Final/netty-resolver-4.1.86.Final.jar:/home/runner/.m2/repository/org/apache/ozone/ozone-csi/1.4.0-SNAPSHOT/ozone-csi-1.4.0-SNAPSHOT.jar:/home/runner/.m2/repository/com/google/protobuf/protobuf-java-util/3.19.6/protobuf-java-util-3.19.6.jar:/home/runner/.m2/repository/com/google/code/gson/gson/2.9.0/gson-2.9.0.jar:/home/runner/.m2/repository/org/apache/ozone/hdds-config/1.4.0-SNAPSHOT/hdds-config-1.4.0-SNAPSHOT.jar:/home/runner/.m2/repository/io/netty/netty-transport-native-epoll/4.1.86.Final/netty-transport-native-epoll-4.1.86.Final-linux-x86_64.jar:/home/runner/.m2/repository/io/netty/netty-transport-classes-epoll/4.1.86.Final/netty-transport-classes-epoll-4.1.86.Final.jar:/home/runner/.m2/repository/io/netty/netty-transport-native-unix-common/4.1.86.Final/netty-transport-native-unix-common-4.1.86.Final.jar:/home/runner/.m2/repository/org/apache/ozone/ozone-recon/1.4.0-SNAPSHOT/ozone-recon-1.4.0-SNAPSHOT.jar:/home/runner/.m2/repository/org/apache/ozone/ozone-reconcodegen/1.4.0-SNAPSHOT/ozone-reconcodegen-1.4.0-SNAPSHOT.jar:/home/runner/.m2/repository/com/google/inject/guice/5.1.0/guice-5.1.0.jar:/home/runner/.m2/repository/aopalliance/aopalliance/1.0/aopalliance-1.0.jar:/home/runner/.m2/repository/com/google/inject/extensions/guice-assistedinject/5.1.0/guice-assistedinject-5.1.0.jar:/home/runner/.m2/repository/com/google/inject/extensions/guice-servlet/5.1.0/guice-servlet-5.1.0.jar:/home/runner/.m2/repository/org/glassfish/jersey/containers/jersey-container-servlet/2.34/jersey-container-servlet-2.34.jar:/home/runner/.m2/repository/org/glassfish/hk2/guice-bridge/2.5.0/guice-bridge-2.5.0.jar:/home/runner/.m2/repository/org/glassfish/jersey/core/jersey-server/2.34/jersey-server-2.34.jar:/home/runner/.m2/repository/org/glassfish/jersey/core/jersey-client/2.34/jersey-client-2.34.jar:/home/runner/.m2/repository/jakarta/annotation/jakarta.annotation-api/1.3.5/jakarta.annotation-api-1.3.5.jar:/home/runner/.m2/repository/jakarta/validation/jakarta.validation-api/2.0.2/jakarta.validation-api-2.0.2.jar:/home/runner/.m2/repository/org/glassfish/jersey/media/jersey-media-json-jackson/2.34/jersey-media-json-jackson-2.34.jar:/home/runner/.m2/repository/org/glassfish/jersey/ext/jersey-entity-filtering/2.34/jersey-entity-filtering-2.34.jar:/home/runner/.m2/repository/org/jooq/jooq/3.11.10/jooq-3.11.10.jar:/home/runner/.m2/repository/org/jooq/jooq-meta/3.11.10/jooq-meta-3.11.10.jar:/home/runner/.m2/repository/org/jooq/jooq-codegen/3.11.10/jooq-codegen-3.11.10.jar:/home/runner/.m2/repository/com/jolbox/bonecp/0.8.0.RELEASE/bonecp-0.8.0.RELEASE.jar:/home/runner/.m2/repository/org/apache/derby/derby/10.14.2.0/derby-10.14.2.0.jar:/home/runner/.m2/repository/org/xerial/sqlite-jdbc/3.25.2/sqlite-jdbc-3.25.2.jar:/home/runner/.m2/repository/org/springframework/spring-jdbc/5.3.26/spring-jdbc-5.3.26.jar:/home/runner/.m2/repository/org/springframework/spring-beans/5.3.26/spring-beans-5.3.26.jar:/home/runner/.m2/repository/org/springframework/spring-core/5.3.26/spring-core-5.3.26.jar:/home/runner/.m2/repository/org/springframework/spring-tx/5.3.26/spring-tx-5.3.26.jar:/home/runner/.m2/repository/org/apache/ozone/ozone-client/1.4.0-SNAPSHOT/ozone-client-1.4.0-SNAPSHOT.jar:/home/runner/.m2/repository/org/apache/ozone/hdds-erasurecode/1.4.0-SNAPSHOT/hdds-erasurecode-1.4.0-SNAPSHOT.jar:/home/runner/.m2/repository/org/apache/ozone/ozone-filesystem/1.4.0-SNAPSHOT/ozone-filesystem-1.4.0-SNAPSHOT.jar:/home/runner/.m2/repository/org/apache/ozone/ozone-filesystem-common/1.4.0-SNAPSHOT/ozone-filesystem-common-1.4.0-SNAPSHOT.jar:/home/runner/.m2/repository/org/apache/ozone/ozone-tools/1.4.0-SNAPSHOT/ozone-tools-1.4.0-SNAPSHOT.jar:/home/runner/.m2/repository/com/amazonaws/aws-java-sdk-core/1.12.261/aws-java-sdk-core-1.12.261.jar:/home/runner/.m2/repository/org/apache/httpcomponents/httpclient/4.5.13/httpclient-4.5.13.jar:/home/runner/.m2/repository/org/apache/httpcomponents/httpcore/4.4.13/httpcore-4.4.13.jar:/home/runner/.m2/repository/software/amazon/ion/ion-java/1.0.2/ion-java-1.0.2.jar:/home/runner/.m2/repository/com/fasterxml/jackson/dataformat/jackson-dataformat-cbor/2.13.4/jackson-dataformat-cbor-2.13.4.jar:/home/runner/.m2/repository/joda-time/joda-time/2.10.6/joda-time-2.10.6.jar:/home/runner/.m2/repository/com/amazonaws/aws-java-sdk-s3/1.12.261/aws-java-sdk-s3-1.12.261.jar:/home/runner/.m2/repository/com/amazonaws/aws-java-sdk-kms/1.12.261/aws-java-sdk-kms-1.12.261.jar:/home/runner/.m2/repository/com/amazonaws/jmespath-java/1.12.261/jmespath-java-1.12.261.jar:/home/runner/.m2/repository/org/kohsuke/metainf-services/metainf-services/1.8/metainf-services-1.8.jar:/home/runner/.m2/repository/org/apache/ozone/hdds-tools/1.4.0-SNAPSHOT/hdds-tools-1.4.0-SNAPSHOT.jar:/home/runner/.m2/repository/org/apache/ratis/ratis-tools/2.4.2-8b8bdda-SNAPSHOT/ratis-tools-2.4.2-8b8bdda-SNAPSHOT.jar:/home/runner/.m2/repository/commons-cli/commons-cli/1.2/commons-cli-1.2.jar:/home/runner/.m2/repository/org/apache/commons/commons-lang3/3.7/commons-lang3-3.7.jar:/home/runner/.m2/repository/org/apache/ozone/ozone-manager/1.4.0-SNAPSHOT/ozone-manager-1.4.0-SNAPSHOT-tests.jar:/home/runner/.m2/repository/org/apache/ozone/hdds-common/1.4.0-SNAPSHOT/hdds-common-1.4.0-SNAPSHOT-tests.jar:/home/runner/.m2/repository/org/apache/ozone/hdds-hadoop-dependency-client/1.4.0-SNAPSHOT/hdds-hadoop-dependency-client-1.4.0-SNAPSHOT.jar:/home/runner/.m2/repository/info/picocli/picocli/4.6.1/picocli-4.6.1.jar:/home/runner/.m2/repository/com/fasterxml/jackson/core/jackson-annotations/2.13.4/jackson-annotations-2.13.4.jar:/home/runner/.m2/repository/org/apache/ozone/hdds-annotation-processing/1.4.0-SNAPSHOT/hdds-annotation-processing-1.4.0-SNAPSHOT.jar:/home/runner/.m2/repository/javax/annotation/javax.annotation-api/1.2/javax.annotation-api-1.2.jar:/home/runner/.m2/repository/org/apache/ratis/ratis-netty/2.4.2-8b8bdda-SNAPSHOT/ratis-netty-2.4.2-8b8bdda-SNAPSHOT.jar:/home/runner/.m2/repository/org/apache/ratis/ratis-grpc/2.4.2-8b8bdda-SNAPSHOT/ratis-grpc-2.4.2-8b8bdda-SNAPSHOT.jar:/home/runner/.m2/repository/org/apache/logging/log4j/log4j-api/2.17.1/log4j-api-2.17.1.jar:/home/runner/.m2/repository/org/apache/commons/commons-pool2/2.6.0/commons-pool2-2.6.0.jar:/home/runner/.m2/repository/org/bouncycastle/bcpkix-jdk15on/1.67/bcpkix-jdk15on-1.67.jar:/home/runner/.m2/repository/commons-validator/commons-validator/1.6/commons-validator-1.6.jar:/home/runner/.m2/repository/commons-beanutils/commons-beanutils/1.9.4/commons-beanutils-1.9.4.jar:/home/runner/.m2/repository/commons-digester/commons-digester/1.8.1/commons-digester-1.8.1.jar:/home/runner/.m2/repository/commons-collections/commons-collections/3.2.2/commons-collections-3.2.2.jar:/home/runner/.m2/repository/io/jaegertracing/jaeger-client/1.6.0/jaeger-client-1.6.0.jar:/home/runner/.m2/repository/io/jaegertracing/jaeger-thrift/1.6.0/jaeger-thrift-1.6.0.jar:/home/runner/.m2/repository/org/apache/thrift/libthrift/0.14.1/libthrift-0.14.1.jar:/home/runner/.m2/repository/io/jaegertracing/jaeger-core/1.6.0/jaeger-core-1.6.0.jar:/home/runner/.m2/repository/io/jaegertracing/jaeger-tracerresolver/1.6.0/jaeger-tracerresolver-1.6.0.jar:/home/runner/.m2/repository/io/opentracing/contrib/opentracing-tracerresolver/0.1.8/opentracing-tracerresolver-0.1.8.jar:/home/runner/.m2/repository/org/jetbrains/kotlin/kotlin-stdlib/1.6.21/kotlin-stdlib-1.6.21.jar:/home/runner/.m2/repository/org/jetbrains/annotations/13.0/annotations-13.0.jar:/home/runner/.m2/repository/io/opentracing/opentracing-util/0.33.0/opentracing-util-0.33.0.jar:/home/runner/.m2/repository/io/opentracing/opentracing-api/0.33.0/opentracing-api-0.33.0.jar:/home/runner/.m2/repository/io/opentracing/opentracing-noop/0.33.0/opentracing-noop-0.33.0.jar:/home/runner/.m2/repository/org/yaml/snakeyaml/2.0/snakeyaml-2.0.jar:/home/runner/.m2/repository/junit/junit/4.13.1/junit-4.13.1.jar:/home/runner/.m2/repository/org/hamcrest/hamcrest-core/1.3/hamcrest-core-1.3.jar:/home/runner/.m2/repository/org/junit/jupiter/junit-jupiter-api/5.8.2/junit-jupiter-api-5.8.2.jar:/home/runner/.m2/repository/org/opentest4j/opentest4j/1.2.0/opentest4j-1.2.0.jar:/home/runner/.m2/repository/org/junit/platform/junit-platform-commons/1.8.2/junit-platform-commons-1.8.2.jar:/home/runner/.m2/repository/org/apiguardian/apiguardian-api/1.1.2/apiguardian-api-1.1.2.jar:/home/runner/.m2/repository/org/junit/jupiter/junit-jupiter-params/5.8.2/junit-jupiter-params-5.8.2.jar:/home/runner/.m2/repository/org/junit/jupiter/junit-jupiter-migrationsupport/5.8.2/junit-jupiter-migrationsupport-5.8.2.jar:/home/runner/.m2/repository/org/junit/jupiter/junit-jupiter-engine/5.8.2/junit-jupiter-engine-5.8.2.jar:/home/runner/.m2/repository/org/junit/platform/junit-platform-engine/1.8.2/junit-platform-engine-1.8.2.jar:/home/runner/.m2/repository/org/junit/vintage/junit-vintage-engine/5.8.2/junit-vintage-engine-5.8.2.jar:/home/runner/.m2/repository/org/junit/platform/junit-platform-launcher/1.8.2/junit-platform-launcher-1.8.2.jar:/home/runner/.m2/repository/org/mockito/mockito-core/2.28.2/mockito-core-2.28.2.jar:/home/runner/.m2/repository/net/bytebuddy/byte-buddy/1.9.10/byte-buddy-1.9.10.jar:/home/runner/.m2/repository/net/bytebuddy/byte-buddy-agent/1.9.10/byte-buddy-agent-1.9.10.jar:/home/runner/.m2/repository/org/objenesis/objenesis/1.0/objenesis-1.0.jar:/home/runner/.m2/repository/org/apache/hadoop/hadoop-kms/3.3.5/hadoop-kms-3.3.5.jar:/home/runner/.m2/repository/org/apache/hadoop/hadoop-auth/3.3.5/hadoop-auth-3.3.5.jar:/home/runner/.m2/repository/com/nimbusds/nimbus-jose-jwt/9.8.1/nimbus-jose-jwt-9.8.1.jar:/home/runner/.m2/repository/com/github/stephenc/jcip/jcip-annotations/1.0-1/jcip-annotations-1.0-1.jar:/home/runner/.m2/repository/net/minidev/json-smart/2.4.7/json-smart-2.4.7.jar:/home/runner/.m2/repository/net/minidev/accessors-smart/2.4.7/accessors-smart-2.4.7.jar:/home/runner/.m2/repository/org/ow2/asm/asm/5.0.4/asm-5.0.4.jar:/home/runner/.m2/repository/org/apache/zookeeper/zookeeper/3.5.6/zookeeper-3.5.6.jar:/home/runner/.m2/repository/org/apache/zookeeper/zookeeper-jute/3.5.6/zookeeper-jute-3.5.6.jar:/home/runner/.m2/repository/org/apache/yetus/audience-annotations/0.5.0/audience-annotations-0.5.0.jar:/home/runner/.m2/repository/org/apache/curator/curator-framework/4.2.0/curator-framework-4.2.0.jar:/home/runner/.m2/repository/org/apache/hadoop/thirdparty/hadoop-shaded-guava/1.1.1/hadoop-shaded-guava-1.1.1.jar:/home/runner/.m2/repository/com/sun/jersey/jersey-core/1.19/jersey-core-1.19.jar:/home/runner/.m2/repository/javax/ws/rs/jsr311-api/1.1.1/jsr311-api-1.1.1.jar:/home/runner/.m2/repository/com/sun/jersey/jersey-server/1.19/jersey-server-1.19.jar:/home/runner/.m2/repository/javax/servlet/javax.servlet-api/3.1.0/javax.servlet-api-3.1.0.jar:/home/runner/.m2/repository/org/apache/hadoop/hadoop-common/3.3.5/hadoop-common-3.3.5.jar:/home/runner/.m2/repository/org/apache/commons/commons-math3/3.1.1/commons-math3-3.1.1.jar:/home/runner/.m2/repository/commons-net/commons-net/3.9.0/commons-net-3.9.0.jar:/home/runner/.m2/repository/com/sun/jersey/jersey-servlet/1.19/jersey-servlet-1.19.jar:/home/runner/.m2/repository/com/github/pjfanning/jersey-json/1.20/jersey-json-1.20.jar:/home/runner/.m2/repository/org/codehaus/jettison/jettison/1.1/jettison-1.1.jar:/home/runner/.m2/repository/com/sun/xml/bind/jaxb-impl/2.2.3-1/jaxb-impl-2.2.3-1.jar:/home/runner/.m2/repository/com/google/re2j/re2j/1.1/re2j-1.1.jar:/home/runner/.m2/repository/com/jcraft/jsch/0.1.54/jsch-0.1.54.jar:/home/runner/.m2/repository/org/apache/curator/curator-client/4.2.0/curator-client-4.2.0.jar:/home/runner/.m2/repository/org/apache/curator/curator-recipes/4.2.0/curator-recipes-4.2.0.jar:/home/runner/.m2/repository/org/apache/kerby/kerb-core/1.0.1/kerb-core-1.0.1.jar:/home/runner/.m2/repository/org/apache/kerby/kerby-pkix/1.0.1/kerby-pkix-1.0.1.jar:/home/runner/.m2/repository/org/apache/kerby/kerby-asn1/1.0.1/kerby-asn1-1.0.1.jar:/home/runner/.m2/repository/org/apache/kerby/kerby-util/1.0.1/kerby-util-1.0.1.jar:/home/runner/.m2/repository/dnsjava/dnsjava/2.1.7/dnsjava-2.1.7.jar:/home/runner/.m2/repository/org/xerial/snappy/snappy-java/1.1.8.2/snappy-java-1.1.8.2.jar:/home/runner/.m2/repository/com/fasterxml/jackson/core/jackson-databind/2.13.4.2/jackson-databind-2.13.4.2.jar:/home/runner/.m2/repository/org/apache/hadoop/hadoop-kms/3.3.5/hadoop-kms-3.3.5-tests.jar:/home/runner/.m2/repository/org/apache/ozone/hdds-server-scm/1.4.0-SNAPSHOT/hdds-server-scm-1.4.0-SNAPSHOT-tests.jar:/home/runner/.m2/repository/org/apache/ozone/hdds-container-service/1.4.0-SNAPSHOT/hdds-container-service-1.4.0-SNAPSHOT-tests.jar:/home/runner/.m2/repository/com/github/luben/zstd-jni/1.5.2-5/zstd-jni-1.5.2-5.jar:/home/runner/.m2/repository/commons-codec/commons-codec/1.15/commons-codec-1.15.jar:/home/runner/.m2/repository/io/netty/netty-codec/4.1.86.Final/netty-codec-4.1.86.Final.jar:/home/runner/.m2/repository/io/netty/netty-handler/4.1.86.Final/netty-handler-4.1.86.Final.jar:/home/runner/.m2/repository/org/apache/ozone/hdds-hadoop-dependency-test/1.4.0-SNAPSHOT/hdds-hadoop-dependency-test-1.4.0-SNAPSHOT.jar:/home/runner/.m2/repository/org/apache/hadoop/hadoop-common/3.3.5/hadoop-common-3.3.5-tests.jar:/home/runner/.m2/repository/org/apache/hadoop/hadoop-hdfs/3.3.5/hadoop-hdfs-3.3.5-tests.jar:/home/runner/.m2/repository/org/assertj/assertj-core/3.12.2/assertj-core-3.12.2.jar:/home/runner/.m2/repository/org/apache/hadoop/hadoop-distcp/3.3.5/hadoop-distcp-3.3.5.jar:/home/runner/.m2/repository/org/apache/hadoop/hadoop-mapreduce-client-jobclient/3.3.5/hadoop-mapreduce-client-jobclient-3.3.5.jar:/home/runner/.m2/repository/org/apache/hadoop/hadoop-mapreduce-client-common/3.3.5/hadoop-mapreduce-client-common-3.3.5.jar:/home/runner/.m2/repository/org/apache/hadoop/hadoop-yarn-common/3.3.5/hadoop-yarn-common-3.3.5.jar:/home/runner/.m2/repository/org/apache/hadoop/hadoop-yarn-api/3.3.5/hadoop-yarn-api-3.3.5.jar:/home/runner/.m2/repository/com/sun/jersey/contribs/jersey-guice/1.19/jersey-guice-1.19.jar:/home/runner/.m2/repository/com/fasterxml/jackson/jaxrs/jackson-jaxrs-json-provider/2.13.4/jackson-jaxrs-json-provider-2.13.4.jar:/home/runner/.m2/repository/com/fasterxml/jackson/jaxrs/jackson-jaxrs-base/2.13.4/jackson-jaxrs-base-2.13.4.jar:/home/runner/.m2/repository/org/apache/hadoop/hadoop-yarn-client/3.3.5/hadoop-yarn-client-3.3.5.jar:/home/runner/.m2/repository/org/eclipse/jetty/websocket/websocket-client/9.4.48.v20220622/websocket-client-9.4.48.v20220622.jar:/home/runner/.m2/repository/org/eclipse/jetty/websocket/websocket-common/9.4.48.v20220622/websocket-common-9.4.48.v20220622.jar:/home/runner/.m2/repository/org/eclipse/jetty/websocket/websocket-api/9.4.48.v20220622/websocket-api-9.4.48.v20220622.jar:/home/runner/.m2/repository/org/jline/jline/3.9.0/jline-3.9.0.jar:/home/runner/.m2/repository/org/apache/hadoop/hadoop-mapreduce-client-core/3.3.5/hadoop-mapreduce-client-core-3.3.5.jar:/home/runner/.m2/repository/org/apache/avro/avro/1.7.7/avro-1.7.7.jar:/home/runner/.m2/repository/com/thoughtworks/paranamer/paranamer/2.3/paranamer-2.3.jar:/home/runner/.m2/repository/org/apache/hadoop/hadoop-annotations/3.3.5/hadoop-annotations-3.3.5.jar:/usr/lib/jvm/temurin-8-jdk-amd64/jre/../lib/tools.jar:/home/runner/.m2/repository/io/netty/netty/3.10.6.Final/netty-3.10.6.Final.jar:/home/runner/.m2/repository/org/apache/hadoop/hadoop-distcp/3.3.5/hadoop-distcp-3.3.5-tests.jar:/home/runner/.m2/repository/org/slf4j/jul-to-slf4j/1.7.36/jul-to-slf4j-1.7.36.jar:"/>
    <property name="sun.cpu.endian" value="little"/>
    <property name="user.home" value="/home/runner"/>
    <property name="user.language" value="en"/>
    <property name="java.specification.vendor" value="Oracle Corporation"/>
    <property name="java.home" value="/usr/lib/jvm/temurin-8-jdk-amd64/jre"/>
    <property name="java.security.krb5.conf" value="/home/runner/work/ozone/ozone/hadoop-ozone/integration-test/target/test-classes/krb5.conf"/>
    <property name="basedir" value="/home/runner/work/ozone/ozone/hadoop-ozone/integration-test"/>
    <property name="file.separator" value="/"/>
    <property name="line.separator" value="&#10;"/>
    <property name="java.vm.specification.vendor" value="Oracle Corporation"/>
    <property name="java.specification.name" value="Java Platform API Specification"/>
    <property name="java.awt.graphicsenv" value="sun.awt.X11GraphicsEnvironment"/>
    <property name="skip.installnpx" value="true"/>
    <property name="surefire.real.class.path" value="/home/runner/work/ozone/ozone/hadoop-ozone/integration-test/target/surefire/surefirebooter4784621221927614121.jar:/home/runner/.m2/repository/org/jacoco/org.jacoco.agent/0.8.5/org.jacoco.agent-0.8.5-runtime.jar"/>
    <property name="hadoop.log.dir" value="/home/runner/work/ozone/ozone/hadoop-ozone/integration-test/target/log"/>
    <property name="sun.boot.class.path" value="/usr/lib/jvm/temurin-8-jdk-amd64/jre/lib/resources.jar:/usr/lib/jvm/temurin-8-jdk-amd64/jre/lib/rt.jar:/usr/lib/jvm/temurin-8-jdk-amd64/jre/lib/sunrsasign.jar:/usr/lib/jvm/temurin-8-jdk-amd64/jre/lib/jsse.jar:/usr/lib/jvm/temurin-8-jdk-amd64/jre/lib/jce.jar:/usr/lib/jvm/temurin-8-jdk-amd64/jre/lib/charsets.jar:/usr/lib/jvm/temurin-8-jdk-amd64/jre/lib/jfr.jar:/usr/lib/jvm/temurin-8-jdk-amd64/jre/classes"/>
    <property name="sun.management.compiler" value="HotSpot 64-Bit Tiered Compilers"/>
    <property name="skip.npx" value="true"/>
    <property name="java.runtime.version" value="1.8.0_362-b09"/>
    <property name="java.net.preferIPv4Stack" value="true"/>
    <property name="user.name" value="runner"/>
    <property name="path.separator" value=":"/>
    <property name="java.security.egd" value="file:///dev/urandom"/>
    <property name="os.version" value="5.15.0-1035-azure"/>
    <property name="java.endorsed.dirs" value="/usr/lib/jvm/temurin-8-jdk-amd64/jre/lib/endorsed"/>
    <property name="java.runtime.name" value="OpenJDK Runtime Environment"/>
    <property name="file.encoding" value="UTF-8"/>
    <property name="java.vm.name" value="OpenJDK 64-Bit Server VM"/>
    <property name="test.build.webapps" value=""/>
    <property name="localRepository" value="/home/runner/.m2/repository"/>
    <property name="jetty.git.hash" value="4231a3b2e4cb8548a412a789936d640a97b1aa0a"/>
    <property name="java.vendor.url.bug" value="https://github.com/adoptium/adoptium-support/issues"/>
    <property name="java.io.tmpdir" value="/tmp"/>
    <property name="require.test.libhadoop" value=""/>
    <property name="java.version" value="1.8.0_362"/>
    <property name="user.dir" value="/home/runner/work/ozone/ozone/hadoop-ozone/integration-test"/>
    <property name="os.arch" value="amd64"/>
    <property name="java.vm.specification.name" value="Java Virtual Machine Specification"/>
    <property name="test.build.classes" value="/home/runner/work/ozone/ozone/hadoop-ozone/integration-test/target/test-classes"/>
    <property name="java.awt.printerjob" value="sun.print.PSPrinterJob"/>
    <property name="sun.os.patch.level" value="unknown"/>
    <property name="org.apache.ratis.thirdparty.io.netty.allocator.useCacheForAllThreads" value="false"/>
    <property name="hadoop.tmp.dir" value="/home/runner/work/ozone/ozone/hadoop-ozone/integration-test/target/tmp"/>
    <property name="java.library.path" value="/usr/java/packages/lib/amd64:/usr/lib64:/lib64:/lib:/usr/lib"/>
    <property name="java.vm.info" value="mixed mode"/>
    <property name="java.vendor" value="Temurin"/>
    <property name="java.vm.version" value="25.362-b09"/>
    <property name="java.specification.maintenance.version" value="4"/>
    <property name="java.ext.dirs" value="/usr/lib/jvm/temurin-8-jdk-amd64/jre/lib/ext:/usr/java/packages/lib/ext"/>
    <property name="sun.io.unicode.encoding" value="UnicodeLittle"/>
    <property name="java.class.version" value="52.0"/>
  </properties>
  <testcase name="testDeleteKeyWithSlowFollower" classname="org.apache.hadoop.ozone.client.rpc.TestDeleteWithSlowFollower" time="102.499">
    <failure type="java.lang.AssertionError"><![CDATA[java.lang.AssertionError
	at org.junit.Assert.fail(Assert.java:87)
	at org.junit.Assert.assertTrue(Assert.java:42)
	at org.junit.Assert.assertTrue(Assert.java:53)
	at org.apache.hadoop.ozone.client.rpc.TestDeleteWithSlowFollower.testDeleteKeyWithSlowFollower(TestDeleteWithSlowFollower.java:302)
	at sun.reflect.NativeMethodAccessorImpl.invoke0(Native Method)
	at sun.reflect.NativeMethodAccessorImpl.invoke(NativeMethodAccessorImpl.java:62)
	at sun.reflect.DelegatingMethodAccessorImpl.invoke(DelegatingMethodAccessorImpl.java:43)
	at java.lang.reflect.Method.invoke(Method.java:498)
	at org.junit.runners.model.FrameworkMethod$1.runReflectiveCall(FrameworkMethod.java:59)
	at org.junit.internal.runners.model.ReflectiveCallable.run(ReflectiveCallable.java:12)
	at org.junit.runners.model.FrameworkMethod.invokeExplosively(FrameworkMethod.java:56)
	at org.junit.internal.runners.statements.InvokeMethod.evaluate(InvokeMethod.java:17)
	at org.junit.runners.ParentRunner$3.evaluate(ParentRunner.java:306)
	at org.junit.runners.BlockJUnit4ClassRunner$1.evaluate(BlockJUnit4ClassRunner.java:100)
	at org.junit.runners.ParentRunner.runLeaf(ParentRunner.java:366)
	at org.junit.runners.BlockJUnit4ClassRunner.runChild(BlockJUnit4ClassRunner.java:103)
	at org.junit.runners.BlockJUnit4ClassRunner.runChild(BlockJUnit4ClassRunner.java:63)
	at org.junit.runners.ParentRunner$4.run(ParentRunner.java:331)
	at org.junit.runners.ParentRunner$1.schedule(ParentRunner.java:79)
	at org.junit.runners.ParentRunner.runChildren(ParentRunner.java:329)
	at org.junit.runners.ParentRunner.access$100(ParentRunner.java:66)
	at org.junit.runners.ParentRunner$2.evaluate(ParentRunner.java:293)
	at org.junit.internal.runners.statements.RunBefores.evaluate(RunBefores.java:26)
	at org.junit.internal.runners.statements.RunAfters.evaluate(RunAfters.java:27)
	at org.junit.runners.ParentRunner$3.evaluate(ParentRunner.java:306)
	at org.junit.runners.ParentRunner.run(ParentRunner.java:413)
	at org.junit.runner.JUnitCore.run(JUnitCore.java:137)
	at org.junit.runner.JUnitCore.run(JUnitCore.java:115)
	at org.junit.vintage.engine.execution.RunnerExecutor.execute(RunnerExecutor.java:42)
	at org.junit.vintage.engine.VintageTestEngine.executeAllChildren(VintageTestEngine.java:80)
	at org.junit.vintage.engine.VintageTestEngine.execute(VintageTestEngine.java:72)
	at org.junit.platform.launcher.core.EngineExecutionOrchestrator.execute(EngineExecutionOrchestrator.java:107)
	at org.junit.platform.launcher.core.EngineExecutionOrchestrator.execute(EngineExecutionOrchestrator.java:88)
	at org.junit.platform.launcher.core.EngineExecutionOrchestrator.lambda$execute$0(EngineExecutionOrchestrator.java:54)
	at org.junit.platform.launcher.core.EngineExecutionOrchestrator.withInterceptedStreams(EngineExecutionOrchestrator.java:67)
	at org.junit.platform.launcher.core.EngineExecutionOrchestrator.execute(EngineExecutionOrchestrator.java:52)
	at org.junit.platform.launcher.core.DefaultLauncher.execute(DefaultLauncher.java:114)
	at org.junit.platform.launcher.core.DefaultLauncher.execute(DefaultLauncher.java:86)
	at org.junit.platform.launcher.core.DefaultLauncherSession$DelegatingLauncher.execute(DefaultLauncherSession.java:86)
	at org.junit.platform.launcher.core.SessionPerRequestLauncher.execute(SessionPerRequestLauncher.java:53)
	at org.apache.maven.surefire.junitplatform.JUnitPlatformProvider.execute(JUnitPlatformProvider.java:188)
	at org.apache.maven.surefire.junitplatform.JUnitPlatformProvider.invokeAllTests(JUnitPlatformProvider.java:154)
	at org.apache.maven.surefire.junitplatform.JUnitPlatformProvider.invoke(JUnitPlatformProvider.java:124)
	at org.apache.maven.surefire.booter.ForkedBooter.runSuitesInProcess(ForkedBooter.java:428)
	at org.apache.maven.surefire.booter.ForkedBooter.execute(ForkedBooter.java:162)
	at org.apache.maven.surefire.booter.ForkedBooter.run(ForkedBooter.java:562)
	at org.apache.maven.surefire.booter.ForkedBooter.main(ForkedBooter.java:548)
]]></failure>
    <system-out><![CDATA[2023-04-15 16:31:31,955 [main] WARN  server.ServerUtils (ServerUtils.java:getScmDbDir(148)) - ozone.scm.db.dirs is not configured. We recommend adding this setting. Falling back to ozone.metadata.dirs instead.
2023-04-15 16:31:32,059 [main] WARN  server.ServerUtils (ServerUtils.java:getScmDbDir(148)) - ozone.scm.db.dirs is not configured. We recommend adding this setting. Falling back to ozone.metadata.dirs instead.
2023-04-15 16:31:32,063 [main] INFO  ha.SCMHANodeDetails (SCMHANodeDetails.java:loadSCMHAConfig(209)) - ServiceID for StorageContainerManager is null
2023-04-15 16:31:32,074 [main] WARN  ha.SCMHANodeDetails (SCMHANodeDetails.java:validateSCMHAConfig(182)) - Invalid config ozone.scm.ratis.enable. The config was not specified, but the default value true conflicts with the expected config value false. Falling back to the expected value. Current State of SCM: SCM is running in Non-HA without Ratis Ratis SCM -> Non Ratis SCM or Non HA SCM -> HA SCM is not supported
2023-04-15 16:31:32,074 [main] INFO  ha.SCMHANodeDetails (SCMHANodeDetails.java:loadSCMHAConfig(214)) - ozone.scm.default.service.id is not defined, falling back to ozone.scm.service.ids to find serviceID for StorageContainerManager if it is HA enabled cluster
2023-04-15 16:31:32,646 [main] WARN  utils.HAUtils (HAUtils.java:getMetaDir(342)) - ozone.scm.db.dirs is not configured. We recommend adding this setting. Falling back to ozone.metadata.dirs instead.
2023-04-15 16:31:32,856 [main] WARN  db.DBStoreBuilder (DBStoreBuilder.java:applyDBDefinition(182)) - ozone.scm.db.dirs is not configured. We recommend adding this setting. Falling back to ozone.metadata.dirs instead.
2023-04-15 16:31:33,025 [main] INFO  net.NodeSchemaLoader (NodeSchemaLoader.java:loadSchemaFromFile(129)) - Loading schema from [jar:file:/home/runner/.m2/repository/org/apache/ozone/hdds-common/1.4.0-SNAPSHOT/hdds-common-1.4.0-SNAPSHOT.jar!/network-topology-default.xml]
2023-04-15 16:31:33,027 [main] INFO  net.NodeSchemaLoader (NodeSchemaLoader.java:loadSchema(176)) - Loading network topology layer schema file
2023-04-15 16:31:33,063 [main] INFO  metrics.MetricRegistries (MetricRegistriesLoader.java:load(64)) - Loaded MetricRegistries class org.apache.ratis.metrics.impl.MetricRegistriesImpl
2023-04-15 16:31:33,069 [main] INFO  upgrade.AbstractLayoutVersionManager (AbstractLayoutVersionManager.java:init(83)) - Initializing Layout version manager with metadata layout = WEBUI_PORTS_IN_DATANODEDETAILS (version = 6), software layout = WEBUI_PORTS_IN_DATANODEDETAILS (version = 6)
2023-04-15 16:31:33,270 [main] INFO  reflections.Reflections (Reflections.java:scan(232)) - Reflections took 147 ms to scan 7 urls, producing 156 keys and 369 values 
2023-04-15 16:31:33,375 [main] INFO  ha.SequenceIdGenerator (SequenceIdGenerator.java:upgradeToSequenceId(349)) - upgrade localId to 111677748019200000
2023-04-15 16:31:33,375 [main] INFO  ha.SequenceIdGenerator (SequenceIdGenerator.java:upgradeToSequenceId(359)) - upgrade delTxnId to 0
2023-04-15 16:31:33,384 [main] INFO  ha.SequenceIdGenerator (SequenceIdGenerator.java:upgradeToSequenceId(376)) - upgrade containerId to 0
2023-04-15 16:31:33,386 [main] INFO  ha.SequenceIdGenerator (SequenceIdGenerator.java:<init>(220)) - Init the HA SequenceIdGenerator.
2023-04-15 16:31:33,433 [main] WARN  server.ServerUtils (ServerUtils.java:sanitizeUserArgs(73)) - ozone.scm.stale.node.interval value = 1000000 is larger than max = 100000 based on the key value of ozone.scm.heartbeat.thread.interval, reset to the max value 100000.
2023-04-15 16:31:33,434 [main] WARN  server.ServerUtils (ServerUtils.java:sanitizeUserArgs(73)) - ozone.scm.stale.node.interval value = 1000000 is larger than max = 100000 based on the key value of ozone.scm.heartbeat.thread.interval, reset to the max value 100000.
2023-04-15 16:31:33,448 [main] INFO  node.SCMNodeManager (SCMNodeManager.java:<init>(156)) - Entering startup safe mode.
2023-04-15 16:31:33,463 [main] INFO  algorithms.ContainerPlacementPolicyFactory (ContainerPlacementPolicyFactory.java:getPolicyInternal(86)) - Create container placement policy of type org.apache.hadoop.hdds.scm.container.placement.algorithms.SCMContainerPlacementRackAware
2023-04-15 16:31:33,466 [main] INFO  algorithms.ContainerPlacementPolicyFactory (ContainerPlacementPolicyFactory.java:getPolicyInternal(86)) - Create container placement policy of type org.apache.hadoop.hdds.scm.container.placement.algorithms.SCMContainerPlacementRackScatter
2023-04-15 16:31:33,475 [main] INFO  pipeline.PipelineStateManagerImpl (PipelineStateManagerImpl.java:initialize(78)) - No pipeline exists in current db
2023-04-15 16:31:33,506 [main] INFO  algorithms.LeaderChoosePolicyFactory (LeaderChoosePolicyFactory.java:getPolicy(57)) - Create leader choose policy of type org.apache.hadoop.hdds.scm.pipeline.leader.choose.algorithms.MinLeaderCountChoosePolicy
2023-04-15 16:31:33,506 [main] INFO  algorithms.ContainerPlacementPolicyFactory (ContainerPlacementPolicyFactory.java:getPolicyInternal(86)) - Create container placement policy of type org.apache.hadoop.hdds.scm.container.placement.algorithms.SCMContainerPlacementRackScatter
2023-04-15 16:31:33,512 [main] INFO  ha.SCMServiceManager (SCMServiceManager.java:register(42)) - Registering service BackgroundPipelineCreator.
2023-04-15 16:31:33,513 [main] INFO  pipeline.BackgroundPipelineCreator (BackgroundPipelineCreator.java:start(124)) - Starting RatisPipelineUtilsThread.
2023-04-15 16:31:33,516 [main] INFO  BackgroundPipelineScrubber (BackgroundSCMService.java:start(68)) - Starting BackgroundPipelineScrubber Service.
2023-04-15 16:31:33,522 [main] INFO  ha.SCMServiceManager (SCMServiceManager.java:register(42)) - Registering service BackgroundPipelineScrubber.
2023-04-15 16:31:33,528 [main] INFO  ExpiredContainerReplicaOpScrubber (BackgroundSCMService.java:start(68)) - Starting ExpiredContainerReplicaOpScrubber Service.
2023-04-15 16:31:33,528 [main] INFO  ha.SCMServiceManager (SCMServiceManager.java:register(42)) - Registering service ExpiredContainerReplicaOpScrubber.
2023-04-15 16:31:33,579 [main] INFO  algorithms.PipelineChoosePolicyFactory (PipelineChoosePolicyFactory.java:createPipelineChoosePolicyFromClass(73)) - Create pipeline choose policy of type org.apache.hadoop.hdds.scm.pipeline.choose.algorithms.RandomPipelineChoosePolicy
2023-04-15 16:31:33,594 [main] INFO  ha.SCMServiceManager (SCMServiceManager.java:register(42)) - Registering service SCMBlockDeletingService.
2023-04-15 16:31:33,645 [main] INFO  replication.ReplicationManager (ReplicationManager.java:start(288)) - Starting Replication Monitor Thread.
2023-04-15 16:31:33,651 [main] INFO  ha.SCMServiceManager (SCMServiceManager.java:register(42)) - Registering service ReplicationManager.
2023-04-15 16:31:33,653 [ReplicationMonitor] INFO  replication.ReplicationManager (ReplicationManager.java:processAll(363)) - Replication Manager is not ready to run until 3000ms after safemode exit
2023-04-15 16:31:33,660 [main] INFO  safemode.ContainerSafeModeRule (ContainerSafeModeRule.java:<init>(89)) - containers with one replica threshold count 0
2023-04-15 16:31:33,663 [main] INFO  safemode.HealthyPipelineSafeModeRule (HealthyPipelineSafeModeRule.java:initializeRule(169)) - Total pipeline count is 0, healthy pipeline threshold count is 1
2023-04-15 16:31:33,665 [main] INFO  safemode.OneReplicaPipelineSafeModeRule (OneReplicaPipelineSafeModeRule.java:initializeRule(180)) - Total pipeline count is 0, pipeline's with at least one datanode reported threshold count is 0
2023-04-15 16:31:33,717 [main] INFO  server.StorageContainerManager (StorageContainerManager.java:<init>(401)) - SCM start with adminUsers: [runner]
2023-04-15 16:31:33,979 [main] INFO  audit.AuditLogger (AuditLogger.java:refreshDebugCmdSet(126)) - Refresh DebugCmdSet for SCMAudit to [].
2023-04-15 16:31:34,005 [main] INFO  ipc.CallQueueManager (CallQueueManager.java:<init>(90)) - Using callQueue: class java.util.concurrent.LinkedBlockingQueue, queueCapacity: 2000, scheduler: class org.apache.hadoop.ipc.DefaultRpcScheduler, ipcBackoff: false.
2023-04-15 16:31:34,041 [Socket Reader #1 for port 0] INFO  ipc.Server (Server.java:run(1319)) - Starting Socket Reader #1 for port 0
2023-04-15 16:31:34,106 [Listener at 0.0.0.0/46751] INFO  audit.AuditLogger (AuditLogger.java:refreshDebugCmdSet(126)) - Refresh DebugCmdSet for SCMAudit to [].
2023-04-15 16:31:34,111 [Listener at 0.0.0.0/46751] INFO  ipc.CallQueueManager (CallQueueManager.java:<init>(90)) - Using callQueue: class java.util.concurrent.LinkedBlockingQueue, queueCapacity: 2000, scheduler: class org.apache.hadoop.ipc.DefaultRpcScheduler, ipcBackoff: false.
2023-04-15 16:31:34,114 [Socket Reader #1 for port 0] INFO  ipc.Server (Server.java:run(1319)) - Starting Socket Reader #1 for port 0
2023-04-15 16:31:34,165 [Listener at 0.0.0.0/44671] INFO  audit.AuditLogger (AuditLogger.java:refreshDebugCmdSet(126)) - Refresh DebugCmdSet for SCMAudit to [].
2023-04-15 16:31:34,174 [Listener at 0.0.0.0/44671] INFO  ipc.CallQueueManager (CallQueueManager.java:<init>(90)) - Using callQueue: class java.util.concurrent.LinkedBlockingQueue, queueCapacity: 2000, scheduler: class org.apache.hadoop.ipc.DefaultRpcScheduler, ipcBackoff: false.
2023-04-15 16:31:34,175 [Socket Reader #1 for port 0] INFO  ipc.Server (Server.java:run(1319)) - Starting Socket Reader #1 for port 0
2023-04-15 16:31:34,223 [Listener at 0.0.0.0/37645] INFO  ha.SCMServiceManager (SCMServiceManager.java:register(42)) - Registering service ContainerBalancer.
2023-04-15 16:31:34,226 [Listener at 0.0.0.0/37645] INFO  server.StorageContainerManager (StorageContainerManager.java:<init>(418)) - 
Container Balancer status:
Key                            Value
Running                        false
Container Balancer Configuration values:
Key                                                Value
Threshold                                          10
Max Datanodes to Involve per Iteration(percent)    20
Max Size to Move per Iteration                     500GB
Max Size Entering Target per Iteration             26GB
Max Size Leaving Source per Iteration              26GB

2023-04-15 16:31:34,226 [Listener at 0.0.0.0/37645] INFO  ha.SCMContext (SCMContext.java:updateSafeModeStatus(228)) - Update SafeModeStatus from SafeModeStatus{safeModeStatus=true, preCheckPassed=false} to SafeModeStatus{safeModeStatus=true, preCheckPassed=false}.
2023-04-15 16:31:34,301 [Listener at 0.0.0.0/37645] INFO  server.StorageContainerManager (StorageContainerManager.java:start(1475)) - StorageContainerLocationProtocol RPC server is listening at /0.0.0.0:37645
2023-04-15 16:31:34,353 [Listener at 0.0.0.0/37645] WARN  impl.MetricsConfig (MetricsConfig.java:loadFirst(136)) - Cannot locate configuration: tried hadoop-metrics2-storagecontainermanager.properties,hadoop-metrics2.properties
2023-04-15 16:31:34,362 [Listener at 0.0.0.0/37645] INFO  impl.MetricsSystemImpl (MetricsSystemImpl.java:startTimer(378)) - Scheduled Metric snapshot period at 10 second(s).
2023-04-15 16:31:34,363 [Listener at 0.0.0.0/37645] INFO  impl.MetricsSystemImpl (MetricsSystemImpl.java:start(191)) - StorageContainerManager metrics system started
2023-04-15 16:31:34,578 [Listener at 0.0.0.0/37645] INFO  server.SCMClientProtocolServer (SCMClientProtocolServer.java:start(197)) - RPC server for Client  is listening at /0.0.0.0:37645
2023-04-15 16:31:34,579 [IPC Server Responder] INFO  ipc.Server (Server.java:run(1558)) - IPC Server Responder: starting
2023-04-15 16:31:34,585 [IPC Server listener on 0] INFO  ipc.Server (Server.java:run(1398)) - IPC Server listener on 0: starting
2023-04-15 16:31:34,587 [Listener at 0.0.0.0/37645] INFO  server.StorageContainerManager (StorageContainerManager.java:start(1489)) - ScmBlockLocationProtocol RPC server is listening at /0.0.0.0:44671
2023-04-15 16:31:34,587 [Listener at 0.0.0.0/37645] INFO  server.SCMBlockProtocolServer (SCMBlockProtocolServer.java:start(152)) - RPC server for Block Protocol is listening at /0.0.0.0:44671
2023-04-15 16:31:34,588 [IPC Server Responder] INFO  ipc.Server (Server.java:run(1558)) - IPC Server Responder: starting
2023-04-15 16:31:34,588 [IPC Server listener on 0] INFO  ipc.Server (Server.java:run(1398)) - IPC Server listener on 0: starting
2023-04-15 16:31:34,590 [Listener at 0.0.0.0/37645] INFO  server.SCMDatanodeProtocolServer (SCMDatanodeProtocolServer.java:start(193)) - ScmDatanodeProtocol RPC server for DataNodes is listening at /0.0.0.0:46751
2023-04-15 16:31:34,592 [IPC Server Responder] INFO  ipc.Server (Server.java:run(1558)) - IPC Server Responder: starting
2023-04-15 16:31:34,592 [IPC Server listener on 0] INFO  ipc.Server (Server.java:run(1398)) - IPC Server listener on 0: starting
2023-04-15 16:31:34,612 [org.apache.hadoop.util.JvmPauseMonitor$Monitor@4125bc3c] INFO  util.JvmPauseMonitor (JvmPauseMonitor.java:run(188)) - Starting JVM pause monitor
2023-04-15 16:31:34,615 [Listener at 0.0.0.0/37645] INFO  http.BaseHttpServer (BaseHttpServer.java:newHttpServer2BuilderForOzone(224)) - Starting Web-server for scm at: http://0.0.0.0:0
2023-04-15 16:31:34,615 [Listener at 0.0.0.0/37645] INFO  http.BaseHttpServer (BaseHttpServer.java:<init>(111)) - Hadoop Security Enabled: false Ozone Security Enabled: false Ozone HTTP Security Enabled: false 
2023-04-15 16:31:34,637 [Listener at 0.0.0.0/37645] INFO  util.log (Log.java:initialized(170)) - Logging initialized @4350ms to org.eclipse.jetty.util.log.Slf4jLog
2023-04-15 16:31:34,718 [Listener at 0.0.0.0/37645] WARN  server.AuthenticationFilter (AuthenticationFilter.java:constructSecretProvider(240)) - Unable to initialize FileSignerSecretProvider, falling back to use random secrets. Reason: Could not read signature secret file: /home/runner/hadoop-http-auth-signature-secret
2023-04-15 16:31:34,723 [Listener at 0.0.0.0/37645] INFO  http.HttpRequestLog (HttpRequestLog.java:getRequestLog(86)) - Http request log for http.requests.scm is not defined
2023-04-15 16:31:34,729 [Listener at 0.0.0.0/37645] INFO  http.HttpServer2 (HttpServer2.java:addGlobalFilter(1031)) - Added global filter 'safety' (class=org.apache.hadoop.hdds.server.http.HttpServer2$QuotingInputFilter)
2023-04-15 16:31:34,731 [Listener at 0.0.0.0/37645] INFO  http.HttpServer2 (HttpServer2.java:addFilter(1007)) - Added filter static_user_filter (class=org.apache.hadoop.http.lib.StaticUserWebFilter$StaticUserFilter) to context scm
2023-04-15 16:31:34,732 [Listener at 0.0.0.0/37645] INFO  http.HttpServer2 (HttpServer2.java:addFilter(1015)) - Added filter static_user_filter (class=org.apache.hadoop.http.lib.StaticUserWebFilter$StaticUserFilter) to context logs
2023-04-15 16:31:34,732 [Listener at 0.0.0.0/37645] INFO  http.HttpServer2 (HttpServer2.java:addFilter(1015)) - Added filter static_user_filter (class=org.apache.hadoop.http.lib.StaticUserWebFilter$StaticUserFilter) to context static
2023-04-15 16:31:34,765 [Listener at 0.0.0.0/37645] INFO  http.BaseHttpServer (BaseHttpServer.java:<init>(190)) - HTTP server of scm uses base directory /home/runner/work/ozone/ozone/hadoop-ozone/integration-test/target/test-dir/MiniOzoneClusterImpl-2bdca630-b48d-4c68-bd92-e4e835129ebb/ozone-meta/webserver
2023-04-15 16:31:34,766 [Listener at 0.0.0.0/37645] INFO  http.HttpServer2 (HttpServer2.java:bindListener(1250)) - Jetty bound to port 38031
2023-04-15 16:31:34,768 [Listener at 0.0.0.0/37645] INFO  server.Server (Server.java:doStart(375)) - jetty-9.4.49.v20220914; built: 2022-09-14T01:07:36.601Z; git: 4231a3b2e4cb8548a412a789936d640a97b1aa0a; jvm 1.8.0_362-b09
2023-04-15 16:31:34,799 [Listener at 0.0.0.0/37645] INFO  server.session (DefaultSessionIdManager.java:doStart(334)) - DefaultSessionIdManager workerName=node0
2023-04-15 16:31:34,800 [Listener at 0.0.0.0/37645] INFO  server.session (DefaultSessionIdManager.java:doStart(339)) - No SessionScavenger set, using defaults
2023-04-15 16:31:34,801 [Listener at 0.0.0.0/37645] INFO  server.session (HouseKeeper.java:startScavenging(132)) - node0 Scavenging every 660000ms
2023-04-15 16:31:34,811 [Listener at 0.0.0.0/37645] INFO  handler.ContextHandler (ContextHandler.java:doStart(921)) - Started o.e.j.s.ServletContextHandler@49b6373f{logs,/logs,file:///home/runner/work/ozone/ozone/hadoop-ozone/integration-test/target/log,AVAILABLE}
2023-04-15 16:31:34,812 [Listener at 0.0.0.0/37645] INFO  handler.ContextHandler (ContextHandler.java:doStart(921)) - Started o.e.j.s.ServletContextHandler@6c3627c{static,/static,file:///home/runner/work/ozone/ozone/hadoop-ozone/integration-test/target/test-classes/webapps/static,AVAILABLE}
2023-04-15 16:31:34,864 [Listener at 0.0.0.0/37645] INFO  handler.ContextHandler (ContextHandler.java:doStart(921)) - Started o.e.j.w.WebAppContext@7ec5d3e1{scm,/,file:///home/runner/work/ozone/ozone/hadoop-ozone/integration-test/target/test-classes/webapps/scm/,AVAILABLE}{file:/home/runner/work/ozone/ozone/hadoop-ozone/integration-test/target/test-classes/webapps/scm}
2023-04-15 16:31:34,881 [Listener at 0.0.0.0/37645] INFO  server.AbstractConnector (AbstractConnector.java:doStart(333)) - Started ServerConnector@47596e9{HTTP/1.1, (http/1.1)}{0.0.0.0:38031}
2023-04-15 16:31:34,883 [Listener at 0.0.0.0/37645] INFO  server.Server (Server.java:doStart(415)) - Started @4596ms
2023-04-15 16:31:34,888 [Listener at 0.0.0.0/37645] INFO  impl.MetricsSinkAdapter (MetricsSinkAdapter.java:start(204)) - Sink prometheus started
2023-04-15 16:31:34,888 [Listener at 0.0.0.0/37645] INFO  impl.MetricsSystemImpl (MetricsSystemImpl.java:registerSink(305)) - Registered sink prometheus
2023-04-15 16:31:34,889 [Listener at 0.0.0.0/37645] INFO  http.BaseHttpServer (BaseHttpServer.java:updateConnectorAddress(344)) - HTTP server of scm listening at http://0.0.0.0:38031
2023-04-15 16:31:34,892 [Listener at 0.0.0.0/37645] WARN  server.ServerUtils (ServerUtils.java:getDBPath(225)) - ozone.om.db.dirs is not configured. We recommend adding this setting. Falling back to ozone.metadata.dirs instead.
2023-04-15 16:31:34,960 [Listener at 0.0.0.0/37645] INFO  audit.AuditLogger (AuditLogger.java:refreshDebugCmdSet(126)) - Refresh DebugCmdSet for OMAudit to [].
2023-04-15 16:31:35,038 [Listener at 0.0.0.0/37645] INFO  ha.OMHANodeDetails (OMHANodeDetails.java:loadOMHAConfig(115)) - ozone.om.internal.service.id is not defined, falling back to ozone.om.service.ids to find serviceID for OzoneManager if it is HA enabled cluster
2023-04-15 16:31:35,041 [Listener at 0.0.0.0/37645] INFO  ha.OMHANodeDetails (OMHANodeDetails.java:loadOMHAConfig(226)) - Configuration does not have ozone.om.address set. Falling back to the default OM address /127.0.0.1:0
2023-04-15 16:31:35,041 [Listener at 0.0.0.0/37645] INFO  ha.OMHANodeDetails (OMHANodeDetails.java:getOMNodeDetailsForNonHA(254)) - OM Service ID is not set. Setting it to the default ID: omServiceIdDefault
2023-04-15 16:31:35,041 [Listener at 0.0.0.0/37645] INFO  ha.OMHANodeDetails (OMHANodeDetails.java:getOMNodeDetailsForNonHA(261)) - OM Node ID is not set. Setting it to the default ID: om1
2023-04-15 16:31:35,047 [Listener at 0.0.0.0/37645] WARN  server.ServerUtils (ServerUtils.java:getDBPath(225)) - ozone.om.db.dirs is not configured. We recommend adding this setting. Falling back to ozone.metadata.dirs instead.
2023-04-15 16:31:35,049 [Listener at 0.0.0.0/37645] INFO  upgrade.AbstractLayoutVersionManager (AbstractLayoutVersionManager.java:init(83)) - Initializing Layout version manager with metadata layout = HSYNC (version = 4), software layout = HSYNC (version = 4)
2023-04-15 16:31:35,141 [Listener at 0.0.0.0/37645] INFO  reflections.Reflections (Reflections.java:scan(232)) - Reflections took 86 ms to scan 2 urls, producing 171 keys and 475 values [using 2 cores]
2023-04-15 16:31:35,148 [Listener at 0.0.0.0/37645] INFO  upgrade.OMLayoutVersionManager (OMLayoutVersionManager.java:lambda$0(115)) - Skipping Upgrade Action MockOmUpgradeAction since it has been finalized.
2023-04-15 16:31:35,151 [Listener at 0.0.0.0/37645] WARN  server.ServerUtils (ServerUtils.java:getDBPath(225)) - ozone.om.db.dirs is not configured. We recommend adding this setting. Falling back to ozone.metadata.dirs instead.
2023-04-15 16:31:35,298 [Listener at 0.0.0.0/37645] INFO  proxy.SCMBlockLocationFailoverProxyProvider (SCMBlockLocationFailoverProxyProvider.java:<init>(114)) - Created block location fail-over proxy with 1 nodes: [nodeId=scmNodeId,nodeAddress=/0.0.0.0:44671]
2023-04-15 16:31:35,331 [Listener at 0.0.0.0/37645] INFO  proxy.SCMBlockLocationFailoverProxyProvider (SCMBlockLocationFailoverProxyProvider.java:<init>(114)) - Created block location fail-over proxy with 1 nodes: [nodeId=scmNodeId,nodeAddress=/0.0.0.0:44671]
2023-04-15 16:31:35,538 [Listener at 0.0.0.0/37645] INFO  om.OzoneManager (OzoneManager.java:<init>(627)) - OM start with adminUsers: [runner]
2023-04-15 16:31:35,549 [Listener at 0.0.0.0/37645] WARN  server.ServerUtils (ServerUtils.java:getDBPath(225)) - ozone.om.db.dirs is not configured. We recommend adding this setting. Falling back to ozone.metadata.dirs instead.
2023-04-15 16:31:35,555 [Listener at 0.0.0.0/37645] INFO  codec.OmKeyInfoCodec (OmKeyInfoCodec.java:<init>(49)) - OmKeyInfoCodec ignorePipeline = true
2023-04-15 16:31:35,556 [Listener at 0.0.0.0/37645] INFO  codec.RepeatedOmKeyInfoCodec (RepeatedOmKeyInfoCodec.java:<init>(41)) - RepeatedOmKeyInfoCodec ignorePipeline = true
2023-04-15 16:31:35,771 [Listener at 0.0.0.0/37645] INFO  om.OzoneManager (OzoneManager.java:instantiateServices(757)) - S3 Multi-Tenancy is disabled
2023-04-15 16:31:35,798 [Listener at 0.0.0.0/37645] WARN  server.ServerUtils (ServerUtils.java:getDBPath(225)) - ozone.om.snapshot.diff.db.dir is not configured. We recommend adding this setting. Falling back to ozone.metadata.dirs instead.
2023-04-15 16:31:35,878 [Listener at 0.0.0.0/37645] INFO  om.OzoneManager (OzoneManager.java:addS3GVolumeToDB(4257)) - Created Volume s3v With Owner runner required for S3Gateway operations.
2023-04-15 16:31:35,932 [Listener at 0.0.0.0/37645] WARN  server.ServerUtils (ServerUtils.java:getDefaultRatisDirectory(237)) - Storage directory for Ratis is not configured. It is a good idea to map this to an SSD disk. Falling back to ozone.metadata.dirs
2023-04-15 16:31:35,932 [Listener at 0.0.0.0/37645] WARN  utils.OzoneManagerRatisUtils (OzoneManagerRatisUtils.java:getOMRatisSnapshotDirectory(459)) - ozone.om.ratis.snapshot.dir is not configured. Falling back to ozone.metadata.dirs config
2023-04-15 16:31:35,946 [Listener at 0.0.0.0/37645] WARN  server.ServerUtils (ServerUtils.java:getDefaultRatisDirectory(237)) - Storage directory for Ratis is not configured. It is a good idea to map this to an SSD disk. Falling back to ozone.metadata.dirs
2023-04-15 16:31:35,971 [Listener at 0.0.0.0/37645] INFO  ratis.OzoneManagerRatisServer (OzoneManagerRatisServer.java:<init>(163)) - Instantiating OM Ratis server with groupID: omServiceIdDefault and peers: localhost:9872
2023-04-15 16:31:35,978 [Listener at 0.0.0.0/37645] INFO  ratis.OzoneManagerStateMachine (OzoneManagerStateMachine.java:loadSnapshotInfoFromDB(644)) - LastAppliedIndex is set from TransactionInfo from OM DB as (t:0, i:~)
2023-04-15 16:31:36,022 [Listener at 0.0.0.0/37645] INFO  server.RaftServer (ConfUtils.java:logGet(46)) - raft.rpc.type = GRPC (default)
2023-04-15 16:31:36,083 [Listener at 0.0.0.0/37645] INFO  grpc.GrpcConfigKeys (ConfUtils.java:logFallback(53)) - raft.grpc.admin.host = null (fallback to raft.grpc.server.host)
2023-04-15 16:31:36,084 [Listener at 0.0.0.0/37645] INFO  grpc.GrpcConfigKeys (ConfUtils.java:logFallback(53)) - raft.grpc.admin.port = 9872 (fallback to raft.grpc.server.port)
2023-04-15 16:31:36,084 [Listener at 0.0.0.0/37645] INFO  grpc.GrpcConfigKeys (ConfUtils.java:logFallback(53)) - raft.grpc.client.host = null (fallback to raft.grpc.server.host)
2023-04-15 16:31:36,085 [Listener at 0.0.0.0/37645] INFO  grpc.GrpcConfigKeys (ConfUtils.java:logFallback(53)) - raft.grpc.client.port = 9872 (fallback to raft.grpc.server.port)
2023-04-15 16:31:36,085 [Listener at 0.0.0.0/37645] INFO  grpc.GrpcConfigKeys (ConfUtils.java:logGet(46)) - raft.grpc.server.host = null (default)
2023-04-15 16:31:36,085 [Listener at 0.0.0.0/37645] INFO  grpc.GrpcConfigKeys (ConfUtils.java:logGet(46)) - raft.grpc.server.port = 9872 (custom)
2023-04-15 16:31:36,086 [Listener at 0.0.0.0/37645] INFO  server.GrpcService (ConfUtils.java:logGet(46)) - raft.grpc.message.size.max = 33554432 (custom)
2023-04-15 16:31:36,087 [Listener at 0.0.0.0/37645] INFO  server.RaftServerConfigKeys (ConfUtils.java:logGet(46)) - raft.server.log.appender.buffer.byte-limit = 33554432 (custom)
2023-04-15 16:31:36,087 [Listener at 0.0.0.0/37645] INFO  server.GrpcService (ConfUtils.java:logGet(46)) - raft.grpc.flow.control.window = 1MB (=1048576) (default)
2023-04-15 16:31:36,088 [Listener at 0.0.0.0/37645] INFO  server.RaftServerConfigKeys (ConfUtils.java:logGet(46)) - raft.server.rpc.request.timeout = 3000ms (default)
2023-04-15 16:31:36,097 [Listener at 0.0.0.0/37645] INFO  grpc.GrpcConfigKeys (ConfUtils.java:logGet(46)) - raft.grpc.server.heartbeat.channel = true (default)
2023-04-15 16:31:36,100 [Listener at 0.0.0.0/37645] INFO  grpc.GrpcConfigKeys (ConfUtils.java:logGet(46)) - raft.grpc.server.async.request.thread.pool.cached = true (default)
2023-04-15 16:31:36,100 [Listener at 0.0.0.0/37645] INFO  grpc.GrpcConfigKeys (ConfUtils.java:logGet(46)) - raft.grpc.server.async.request.thread.pool.size = 32 (default)
2023-04-15 16:31:36,278 [Listener at 0.0.0.0/37645] INFO  impl.DataStreamServerImpl (ConfUtils.java:logGet(46)) - raft.datastream.type = DISABLED (default)
2023-04-15 16:31:36,280 [Listener at 0.0.0.0/37645] INFO  server.RaftServerConfigKeys (ConfUtils.java:logGet(46)) - raft.server.threadpool.proxy.cached = true (default)
2023-04-15 16:31:36,281 [Listener at 0.0.0.0/37645] INFO  server.RaftServerConfigKeys (ConfUtils.java:logGet(46)) - raft.server.threadpool.proxy.size = 0 (default)
2023-04-15 16:31:36,281 [Listener at 0.0.0.0/37645] INFO  server.RaftServerConfigKeys (ConfUtils.java:logGet(46)) - raft.server.rpc.slowness.timeout = 120s (custom)
2023-04-15 16:31:36,281 [Listener at 0.0.0.0/37645] INFO  server.RaftServerConfigKeys (ConfUtils.java:logGet(46)) - raft.server.leaderelection.leader.step-down.wait-time = 10s (default)
2023-04-15 16:31:36,284 [Listener at 0.0.0.0/37645] INFO  server.RaftServerConfigKeys (ConfUtils.java:logGet(46)) - raft.server.storage.dir = [/home/runner/work/ozone/ozone/hadoop-ozone/integration-test/target/test-dir/MiniOzoneClusterImpl-2bdca630-b48d-4c68-bd92-e4e835129ebb/ozone-meta/ratis] (custom)
2023-04-15 16:31:36,290 [Listener at 0.0.0.0/37645] INFO  server.RaftServer (RaftServerProxy.java:addNew(96)) - om1: addNew group-C5BA1605619E:[om1|rpc:localhost:9872|priority:0|startupRole:FOLLOWER] returns group-C5BA1605619E:java.util.concurrent.CompletableFuture@627beb93[Not completed]
2023-04-15 16:31:36,290 [Listener at 0.0.0.0/37645] INFO  om.OzoneManager (OzoneManager.java:initializeRatisServer(2095)) - OzoneManager Ratis server initialized at port 9872
2023-04-15 16:31:36,293 [Listener at 0.0.0.0/37645] INFO  om.OzoneManager (OzoneManager.java:getRpcServer(1142)) - Creating RPC Server
2023-04-15 16:31:36,311 [pool-61-thread-1] INFO  server.RaftServer$Division (RaftServerImpl.java:<init>(195)) - om1: new RaftServerImpl for group-C5BA1605619E:[om1|rpc:localhost:9872|priority:0|startupRole:FOLLOWER] with OzoneManagerStateMachine:uninitialized
2023-04-15 16:31:36,314 [pool-61-thread-1] INFO  server.RaftServerConfigKeys (ConfUtils.java:logGet(46)) - raft.server.rpc.timeout.min = 1s (custom)
2023-04-15 16:31:36,315 [pool-61-thread-1] INFO  server.RaftServerConfigKeys (ConfUtils.java:logGet(46)) - raft.server.rpc.timeout.max = 1200ms (custom)
2023-04-15 16:31:36,315 [pool-61-thread-1] INFO  server.RaftServerConfigKeys (ConfUtils.java:logGet(46)) - raft.server.rpc.sleep.time = 25ms (default)
2023-04-15 16:31:36,316 [pool-61-thread-1] INFO  server.RaftServerConfigKeys (ConfUtils.java:logGet(46)) - raft.server.rpc.slowness.timeout = 120s (custom)
2023-04-15 16:31:36,316 [pool-61-thread-1] INFO  server.RaftServerConfigKeys (ConfUtils.java:logGet(46)) - raft.server.leaderelection.leader.step-down.wait-time = 10s (default)
2023-04-15 16:31:36,316 [pool-61-thread-1] INFO  server.RaftServerConfigKeys (ConfUtils.java:logGet(46)) - raft.server.sleep.deviation.threshold = 300ms (default)
2023-04-15 16:31:36,328 [pool-61-thread-1] INFO  server.RaftServer$Division (ServerState.java:<init>(118)) - om1@group-C5BA1605619E: ConfigurationManager, init=-1: peers:[om1|rpc:localhost:9872|priority:0|startupRole:FOLLOWER]|listeners:[], old=null, confs=<EMPTY_MAP>
2023-04-15 16:31:36,328 [pool-61-thread-1] INFO  server.RaftServerConfigKeys (ConfUtils.java:logGet(46)) - raft.server.storage.dir = [/home/runner/work/ozone/ozone/hadoop-ozone/integration-test/target/test-dir/MiniOzoneClusterImpl-2bdca630-b48d-4c68-bd92-e4e835129ebb/ozone-meta/ratis] (custom)
2023-04-15 16:31:36,337 [pool-61-thread-1] INFO  server.RaftServerConfigKeys (ConfUtils.java:logGet(46)) - raft.server.log.corruption.policy = EXCEPTION (default)
2023-04-15 16:31:36,337 [pool-61-thread-1] INFO  server.RaftServerConfigKeys (ConfUtils.java:logGet(46)) - raft.server.storage.free-space.min = 0MB (=0) (default)
2023-04-15 16:31:36,351 [pool-61-thread-1] INFO  server.RaftServerConfigKeys (ConfUtils.java:logGet(46)) - raft.server.notification.no-leader.timeout = 120s (custom)
2023-04-15 16:31:36,355 [pool-61-thread-1] INFO  server.RaftServerConfigKeys (ConfUtils.java:logGet(46)) - raft.server.retrycache.expirytime = 300s (custom)
2023-04-15 16:31:36,355 [pool-61-thread-1] INFO  server.RaftServerConfigKeys (ConfUtils.java:logGet(46)) - raft.server.retrycache.statistics.expirytime = 100μs (default)
2023-04-15 16:31:36,497 [pool-61-thread-1] INFO  server.RaftServerConfigKeys (ConfUtils.java:logGet(46)) - raft.server.log.appender.install.snapshot.enabled = false (custom)
2023-04-15 16:31:36,497 [pool-61-thread-1] INFO  server.RaftServerConfigKeys (ConfUtils.java:logGet(46)) - raft.server.threadpool.server.cached = true (default)
2023-04-15 16:31:36,497 [pool-61-thread-1] INFO  server.RaftServerConfigKeys (ConfUtils.java:logGet(46)) - raft.server.threadpool.server.size = 0 (default)
2023-04-15 16:31:36,498 [pool-61-thread-1] INFO  server.RaftServerConfigKeys (ConfUtils.java:logGet(46)) - raft.server.threadpool.client.cached = true (default)
2023-04-15 16:31:36,498 [pool-61-thread-1] INFO  server.RaftServerConfigKeys (ConfUtils.java:logGet(46)) - raft.server.threadpool.client.size = 0 (default)
2023-04-15 16:31:37,189 [Listener at 0.0.0.0/37645] INFO  reflections.Reflections (Reflections.java:scan(232)) - Reflections took 825 ms to scan 19 urls, producing 68 keys and 5046 values [using 2 cores]
2023-04-15 16:31:37,478 [Listener at 0.0.0.0/37645] INFO  ipc.CallQueueManager (CallQueueManager.java:<init>(90)) - Using callQueue: class java.util.concurrent.LinkedBlockingQueue, queueCapacity: 2000, scheduler: class org.apache.hadoop.ipc.DefaultRpcScheduler, ipcBackoff: false.
2023-04-15 16:31:37,478 [Socket Reader #1 for port 0] INFO  ipc.Server (Server.java:run(1319)) - Starting Socket Reader #1 for port 0
2023-04-15 16:31:37,504 [Listener at 127.0.0.1/45033] INFO  impl.MetricsSystemImpl (MetricsSystemImpl.java:init(158)) - OzoneManager metrics system started (again)
2023-04-15 16:31:37,515 [Listener at 127.0.0.1/45033] INFO  om.OzoneManager (OzoneManager.java:start(1563)) - OzoneManager RPC server is listening at localhost/127.0.0.1:45033
2023-04-15 16:31:37,515 [Listener at 127.0.0.1/45033] INFO  ratis.OzoneManagerRatisServer (OzoneManagerRatisServer.java:start(558)) - Starting OzoneManagerRatisServer om1 at port 9872
2023-04-15 16:31:37,517 [om1-impl-thread1] INFO  storage.RaftStorageDirectory (RaftStorageDirectoryImpl.java:analyzeStorage(137)) - The storage directory /home/runner/work/ozone/ozone/hadoop-ozone/integration-test/target/test-dir/MiniOzoneClusterImpl-2bdca630-b48d-4c68-bd92-e4e835129ebb/ozone-meta/ratis/bf265839-605b-3f16-9796-c5ba1605619e does not exist. Creating ...
2023-04-15 16:31:37,521 [om1-impl-thread1] INFO  storage.RaftStorageDirectory (RaftStorageDirectoryImpl.java:tryLock(231)) - Lock on /home/runner/work/ozone/ozone/hadoop-ozone/integration-test/target/test-dir/MiniOzoneClusterImpl-2bdca630-b48d-4c68-bd92-e4e835129ebb/ozone-meta/ratis/bf265839-605b-3f16-9796-c5ba1605619e/in_use.lock acquired by nodename 2345@fv-az202-370
2023-04-15 16:31:37,525 [om1-impl-thread1] INFO  storage.RaftStorage (RaftStorageImpl.java:format(96)) - Storage directory /home/runner/work/ozone/ozone/hadoop-ozone/integration-test/target/test-dir/MiniOzoneClusterImpl-2bdca630-b48d-4c68-bd92-e4e835129ebb/ozone-meta/ratis/bf265839-605b-3f16-9796-c5ba1605619e has been successfully formatted.
2023-04-15 16:31:37,527 [om1-impl-thread1] INFO  server.RaftServerConfigKeys (ConfUtils.java:logGet(46)) - raft.server.log.use.memory = false (default)
2023-04-15 16:31:37,533 [om1-impl-thread1] INFO  server.RaftServerConfigKeys (ConfUtils.java:logGet(46)) - raft.server.log.purge.gap = 1000000 (custom)
2023-04-15 16:31:37,533 [om1-impl-thread1] INFO  server.RaftServerConfigKeys (ConfUtils.java:logGet(46)) - raft.server.log.appender.buffer.byte-limit = 33554432 (custom)
2023-04-15 16:31:37,534 [om1-impl-thread1] INFO  server.RaftServerConfigKeys (ConfUtils.java:logGet(46)) - raft.server.log.statemachine.data.read.timeout = 1000ms (default)
2023-04-15 16:31:37,535 [om1-impl-thread1] INFO  server.RaftServerConfigKeys (ConfUtils.java:logGet(46)) - raft.server.log.purge.preservation.log.num = 0 (default)
2023-04-15 16:31:37,537 [om1-impl-thread1] INFO  server.RaftServerConfigKeys (ConfUtils.java:logGet(46)) - raft.server.log.segment.size.max = 4194304 (custom)
2023-04-15 16:31:37,541 [om1-impl-thread1] INFO  server.RaftServerConfigKeys (ConfUtils.java:logGet(46)) - raft.server.log.segment.cache.num.max = 2 (custom)
2023-04-15 16:31:37,541 [om1-impl-thread1] INFO  server.RaftServerConfigKeys (ConfUtils.java:logGet(46)) - raft.server.log.segment.cache.size.max = 200MB (=209715200) (default)
2023-04-15 16:31:37,546 [om1-impl-thread1] INFO  segmented.SegmentedRaftLogWorker (SegmentedRaftLogWorker.java:<init>(189)) - new om1@group-C5BA1605619E-SegmentedRaftLogWorker for RaftStorageImpl:Storage Directory /home/runner/work/ozone/ozone/hadoop-ozone/integration-test/target/test-dir/MiniOzoneClusterImpl-2bdca630-b48d-4c68-bd92-e4e835129ebb/ozone-meta/ratis/bf265839-605b-3f16-9796-c5ba1605619e
2023-04-15 16:31:37,546 [om1-impl-thread1] INFO  server.RaftServerConfigKeys (ConfUtils.java:logGet(46)) - raft.server.log.queue.byte-limit = 64MB (=67108864) (default)
2023-04-15 16:31:37,547 [om1-impl-thread1] INFO  server.RaftServerConfigKeys (ConfUtils.java:logGet(46)) - raft.server.log.queue.element-limit = 4096 (default)
2023-04-15 16:31:37,547 [om1-impl-thread1] INFO  server.RaftServerConfigKeys (ConfUtils.java:logGet(46)) - raft.server.log.segment.size.max = 4194304 (custom)
2023-04-15 16:31:37,548 [om1-impl-thread1] INFO  server.RaftServerConfigKeys (ConfUtils.java:logGet(46)) - raft.server.log.preallocated.size = 4194304 (custom)
2023-04-15 16:31:37,548 [om1-impl-thread1] INFO  server.RaftServerConfigKeys (ConfUtils.java:logGet(46)) - raft.server.log.force.sync.num = 128 (default)
2023-04-15 16:31:37,549 [om1-impl-thread1] INFO  server.RaftServerConfigKeys (ConfUtils.java:logGet(46)) - raft.server.log.statemachine.data.sync = true (default)
2023-04-15 16:31:37,549 [om1-impl-thread1] INFO  server.RaftServerConfigKeys (ConfUtils.java:logGet(46)) - raft.server.log.statemachine.data.sync.timeout = 10s (default)
2023-04-15 16:31:37,549 [om1-impl-thread1] INFO  server.RaftServerConfigKeys (ConfUtils.java:logGet(46)) - raft.server.log.statemachine.data.sync.timeout.retry = -1 (default)
2023-04-15 16:31:37,556 [om1-impl-thread1] INFO  server.RaftServerConfigKeys (ConfUtils.java:logGet(46)) - raft.server.log.write.buffer.size = 64KB (=65536) (default)
2023-04-15 16:31:37,556 [om1-impl-thread1] INFO  server.RaftServerConfigKeys (ConfUtils.java:logGet(46)) - raft.server.log.appender.buffer.byte-limit = 33554432 (custom)
2023-04-15 16:31:37,559 [om1-impl-thread1] INFO  server.RaftServerConfigKeys (ConfUtils.java:logGet(46)) - raft.server.log.unsafe-flush.enabled = false (default)
2023-04-15 16:31:37,560 [om1-impl-thread1] INFO  server.RaftServerConfigKeys (ConfUtils.java:logGet(46)) - raft.server.log.async-flush.enabled = false (default)
2023-04-15 16:31:37,560 [om1-impl-thread1] INFO  server.RaftServerConfigKeys (ConfUtils.java:logGet(46)) - raft.server.log.statemachine.data.caching.enabled = false (default)
2023-04-15 16:31:37,565 [om1-impl-thread1] INFO  segmented.SegmentedRaftLogWorker (SegmentedRaftLogWorker.java:lambda$new$0(135)) - om1@group-C5BA1605619E-SegmentedRaftLogWorker: flushIndex: setUnconditionally 0 -> -1
2023-04-15 16:31:37,565 [om1-impl-thread1] INFO  segmented.SegmentedRaftLogWorker (SegmentedRaftLogWorker.java:lambda$new$0(135)) - om1@group-C5BA1605619E-SegmentedRaftLogWorker: safeCacheEvictIndex: setUnconditionally 0 -> -1
2023-04-15 16:31:37,567 [om1-impl-thread1] INFO  server.RaftServer$Division (RaftServerImpl.java:start(334)) - om1@group-C5BA1605619E: start as a follower, conf=-1: peers:[om1|rpc:localhost:9872|priority:0|startupRole:FOLLOWER]|listeners:[], old=null
2023-04-15 16:31:37,567 [om1-impl-thread1] INFO  server.RaftServer$Division (RaftServerImpl.java:setRole(321)) - om1@group-C5BA1605619E: changes role from      null to FOLLOWER at term 0 for startAsFollower
2023-04-15 16:31:37,569 [om1-impl-thread1] INFO  impl.RoleInfo (RoleInfo.java:updateAndGet(139)) - om1: start om1@group-C5BA1605619E-FollowerState
2023-04-15 16:31:37,570 [om1-impl-thread1] INFO  util.JmxRegister (JmxRegister.java:tryRegister(44)) - Successfully registered JMX Bean with object name Ratis:service=RaftServer,group=group-C5BA1605619E,id=om1
2023-04-15 16:31:37,571 [om1-impl-thread1] INFO  server.RaftServerConfigKeys (ConfUtils.java:logGet(46)) - raft.server.snapshot.auto.trigger.enabled = true (custom)
2023-04-15 16:31:37,571 [om1-impl-thread1] INFO  server.RaftServerConfigKeys (ConfUtils.java:logGet(46)) - raft.server.snapshot.auto.trigger.threshold = 400000 (default)
2023-04-15 16:31:37,572 [om1-impl-thread1] INFO  server.RaftServerConfigKeys (ConfUtils.java:logGet(46)) - raft.server.snapshot.retention.file.num = -1 (default)
2023-04-15 16:31:37,572 [om1-impl-thread1] INFO  server.RaftServerConfigKeys (ConfUtils.java:logGet(46)) - raft.server.log.purge.upto.snapshot.index = true (custom)
2023-04-15 16:31:37,575 [om1@group-C5BA1605619E-FollowerState] INFO  server.RaftServerConfigKeys (ConfUtils.java:logFallback(53)) - raft.server.rpc.first-election.timeout.min = 1s (fallback to raft.server.rpc.timeout.min)
2023-04-15 16:31:37,575 [om1@group-C5BA1605619E-FollowerState] INFO  server.RaftServerConfigKeys (ConfUtils.java:logFallback(53)) - raft.server.rpc.first-election.timeout.max = 1200ms (fallback to raft.server.rpc.timeout.max)
2023-04-15 16:31:37,578 [Listener at 127.0.0.1/45033] INFO  server.RaftServer (RaftServerProxy.java:startImpl(393)) - om1: start RPC server
2023-04-15 16:31:37,620 [Listener at 127.0.0.1/45033] INFO  server.GrpcService (GrpcService.java:startImpl(262)) - om1: GrpcService started, listening on 9872
2023-04-15 16:31:37,622 [Listener at 127.0.0.1/45033] INFO  om.OzoneManager (OzoneManager.java:start(1579)) - Version File has different layout version (4) than OM DB (null). That is expected if this OM has never been finalized to a newer layout version.
2023-04-15 16:31:37,623 [JvmPauseMonitor0] INFO  util.JvmPauseMonitor (JvmPauseMonitor.java:run(105)) - JvmPauseMonitor-om1: Started
2023-04-15 16:31:37,643 [Listener at 127.0.0.1/45033] INFO  http.BaseHttpServer (BaseHttpServer.java:newHttpServer2BuilderForOzone(224)) - Starting Web-server for ozoneManager at: http://0.0.0.0:0
2023-04-15 16:31:37,643 [Listener at 127.0.0.1/45033] INFO  http.BaseHttpServer (BaseHttpServer.java:<init>(111)) - Hadoop Security Enabled: false Ozone Security Enabled: false Ozone HTTP Security Enabled: false 
2023-04-15 16:31:37,644 [Listener at 127.0.0.1/45033] WARN  server.AuthenticationFilter (AuthenticationFilter.java:constructSecretProvider(240)) - Unable to initialize FileSignerSecretProvider, falling back to use random secrets. Reason: Could not read signature secret file: /home/runner/hadoop-http-auth-signature-secret
2023-04-15 16:31:37,660 [Listener at 127.0.0.1/45033] INFO  http.HttpRequestLog (HttpRequestLog.java:getRequestLog(86)) - Http request log for http.requests.ozoneManager is not defined
2023-04-15 16:31:37,661 [Listener at 127.0.0.1/45033] INFO  http.HttpServer2 (HttpServer2.java:addGlobalFilter(1031)) - Added global filter 'safety' (class=org.apache.hadoop.hdds.server.http.HttpServer2$QuotingInputFilter)
2023-04-15 16:31:37,663 [Listener at 127.0.0.1/45033] INFO  http.HttpServer2 (HttpServer2.java:addFilter(1007)) - Added filter static_user_filter (class=org.apache.hadoop.http.lib.StaticUserWebFilter$StaticUserFilter) to context ozoneManager
2023-04-15 16:31:37,663 [Listener at 127.0.0.1/45033] INFO  http.HttpServer2 (HttpServer2.java:addFilter(1015)) - Added filter static_user_filter (class=org.apache.hadoop.http.lib.StaticUserWebFilter$StaticUserFilter) to context static
2023-04-15 16:31:37,663 [Listener at 127.0.0.1/45033] INFO  http.HttpServer2 (HttpServer2.java:addFilter(1015)) - Added filter static_user_filter (class=org.apache.hadoop.http.lib.StaticUserWebFilter$StaticUserFilter) to context logs
2023-04-15 16:31:37,664 [Listener at 127.0.0.1/45033] INFO  http.BaseHttpServer (BaseHttpServer.java:<init>(190)) - HTTP server of ozoneManager uses base directory /home/runner/work/ozone/ozone/hadoop-ozone/integration-test/target/test-dir/MiniOzoneClusterImpl-2bdca630-b48d-4c68-bd92-e4e835129ebb/ozone-meta/webserver
2023-04-15 16:31:37,666 [Listener at 127.0.0.1/45033] INFO  http.HttpServer2 (HttpServer2.java:bindListener(1250)) - Jetty bound to port 44023
2023-04-15 16:31:37,666 [Listener at 127.0.0.1/45033] INFO  server.Server (Server.java:doStart(375)) - jetty-9.4.49.v20220914; built: 2022-09-14T01:07:36.601Z; git: 4231a3b2e4cb8548a412a789936d640a97b1aa0a; jvm 1.8.0_362-b09
2023-04-15 16:31:37,703 [Listener at 127.0.0.1/45033] INFO  server.session (DefaultSessionIdManager.java:doStart(334)) - DefaultSessionIdManager workerName=node0
2023-04-15 16:31:37,703 [Listener at 127.0.0.1/45033] INFO  server.session (DefaultSessionIdManager.java:doStart(339)) - No SessionScavenger set, using defaults
2023-04-15 16:31:37,703 [Listener at 127.0.0.1/45033] INFO  server.session (HouseKeeper.java:startScavenging(132)) - node0 Scavenging every 600000ms
2023-04-15 16:31:37,704 [Listener at 127.0.0.1/45033] INFO  handler.ContextHandler (ContextHandler.java:doStart(921)) - Started o.e.j.s.ServletContextHandler@4ef88293{logs,/logs,file:///home/runner/work/ozone/ozone/hadoop-ozone/integration-test/target/log,AVAILABLE}
2023-04-15 16:31:37,704 [Listener at 127.0.0.1/45033] INFO  handler.ContextHandler (ContextHandler.java:doStart(921)) - Started o.e.j.s.ServletContextHandler@9ccdd34{static,/static,file:///home/runner/work/ozone/ozone/hadoop-ozone/integration-test/target/test-classes/webapps/static,AVAILABLE}
2023-04-15 16:31:37,708 [Listener at 127.0.0.1/45033] INFO  handler.ContextHandler (ContextHandler.java:doStart(921)) - Started o.e.j.w.WebAppContext@6e520c9a{ozoneManager,/,file:///home/runner/work/ozone/ozone/hadoop-ozone/integration-test/target/test-classes/webapps/ozoneManager/,AVAILABLE}{file:/home/runner/work/ozone/ozone/hadoop-ozone/integration-test/target/test-classes/webapps/ozoneManager}
2023-04-15 16:31:37,717 [Listener at 127.0.0.1/45033] INFO  server.AbstractConnector (AbstractConnector.java:doStart(333)) - Started ServerConnector@48b73b02{HTTP/1.1, (http/1.1)}{0.0.0.0:44023}
2023-04-15 16:31:37,717 [Listener at 127.0.0.1/45033] INFO  server.Server (Server.java:doStart(415)) - Started @7430ms
2023-04-15 16:31:37,717 [Listener at 127.0.0.1/45033] WARN  impl.MetricsSystemImpl (MetricsSystemImpl.java:register(279)) - Sink prometheus already exists!
2023-04-15 16:31:37,718 [Listener at 127.0.0.1/45033] INFO  http.BaseHttpServer (BaseHttpServer.java:updateConnectorAddress(344)) - HTTP server of ozoneManager listening at http://0.0.0.0:44023
2023-04-15 16:31:37,718 [IPC Server Responder] INFO  ipc.Server (Server.java:run(1558)) - IPC Server Responder: starting
2023-04-15 16:31:37,719 [IPC Server listener on 0] INFO  ipc.Server (Server.java:run(1398)) - IPC Server listener on 0: starting
2023-04-15 16:31:37,721 [Listener at 127.0.0.1/45033] INFO  om.OzoneManager (OzoneManager.java:startTrashEmptier(2039)) - Trash Interval set to 0. Files deleted won't move to trash
2023-04-15 16:31:37,733 [org.apache.hadoop.util.JvmPauseMonitor$Monitor@6b4773ff] INFO  util.JvmPauseMonitor (JvmPauseMonitor.java:run(188)) - Starting JVM pause monitor
2023-04-15 16:31:37,828 [Listener at 127.0.0.1/45033] WARN  impl.MetricRegistriesImpl (MetricRegistriesImpl.java:addReporterRegistration(111)) - New reporters are added after registries were created. Some metrics will be missing from the reporter. Please add reporter before adding any new registry.
2023-04-15 16:31:37,828 [Listener at 127.0.0.1/45033] WARN  impl.MetricRegistriesImpl (MetricRegistriesImpl.java:addReporterRegistration(111)) - New reporters are added after registries were created. Some metrics will be missing from the reporter. Please add reporter before adding any new registry.
2023-04-15 16:31:37,828 [Listener at 127.0.0.1/45033] INFO  impl.MetricsSystemImpl (MetricsSystemImpl.java:init(158)) - HddsDatanode metrics system started (again)
2023-04-15 16:31:37,842 [Listener at 127.0.0.1/45033] INFO  ozone.HddsDatanodeService (HddsDatanodeService.java:start(252)) - HddsDatanodeService host:fv-az202-370.ngw3kpfb2bguzbtcwuqjmbcvef.gx.internal.cloudapp.net ip:10.1.0.27
2023-04-15 16:31:37,864 [Listener at 127.0.0.1/45033] INFO  upgrade.AbstractLayoutVersionManager (AbstractLayoutVersionManager.java:init(83)) - Initializing Layout version manager with metadata layout = WEBUI_PORTS_IN_DATANODEDETAILS (version = 6), software layout = WEBUI_PORTS_IN_DATANODEDETAILS (version = 6)
2023-04-15 16:31:37,914 [Listener at 127.0.0.1/45033] INFO  reflections.Reflections (Reflections.java:scan(232)) - Reflections took 49 ms to scan 7 urls, producing 156 keys and 369 values 
2023-04-15 16:31:37,917 [Listener at 127.0.0.1/45033] INFO  statemachine.DatanodeStateMachine (DatanodeStateMachine.java:getEndPointTaskThreadPoolSize(260)) - Datanode State Machine Task Thread Pool size 2
2023-04-15 16:31:37,964 [Listener at 127.0.0.1/45033] INFO  volume.HddsVolume (HddsVolume.java:<init>(130)) - Creating HddsVolume: /home/runner/work/ozone/ozone/hadoop-ozone/integration-test/target/test-dir/MiniOzoneClusterImpl-2bdca630-b48d-4c68-bd92-e4e835129ebb/datanode-0/data-0/containers/hdds of storage type : DISK capacity : 9223372036854775807
2023-04-15 16:31:37,966 [Listener at 127.0.0.1/45033] INFO  volume.MutableVolumeSet (MutableVolumeSet.java:initializeVolumeSet(175)) - Added Volume : /home/runner/work/ozone/ozone/hadoop-ozone/integration-test/target/test-dir/MiniOzoneClusterImpl-2bdca630-b48d-4c68-bd92-e4e835129ebb/datanode-0/data-0/containers/hdds to VolumeSet
2023-04-15 16:31:37,967 [Listener at 127.0.0.1/45033] INFO  volume.ThrottledAsyncChecker (ThrottledAsyncChecker.java:schedule(141)) - Scheduling a check for /home/runner/work/ozone/ozone/hadoop-ozone/integration-test/target/test-dir/MiniOzoneClusterImpl-2bdca630-b48d-4c68-bd92-e4e835129ebb/datanode-0/data-0/containers/hdds
2023-04-15 16:31:37,981 [Listener at 127.0.0.1/45033] INFO  volume.StorageVolumeChecker (StorageVolumeChecker.java:checkAllVolumes(202)) - Scheduled health check for volume /home/runner/work/ozone/ozone/hadoop-ozone/integration-test/target/test-dir/MiniOzoneClusterImpl-2bdca630-b48d-4c68-bd92-e4e835129ebb/datanode-0/data-0/containers/hdds
2023-04-15 16:31:37,996 [Listener at 127.0.0.1/45033] INFO  volume.MutableVolumeSet (MutableVolumeSet.java:initializeVolumeSet(175)) - Added Volume : /home/runner/work/ozone/ozone/hadoop-ozone/integration-test/target/test-dir/MiniOzoneClusterImpl-2bdca630-b48d-4c68-bd92-e4e835129ebb/datanode-0/data/ratis to VolumeSet
2023-04-15 16:31:37,996 [Listener at 127.0.0.1/45033] INFO  volume.ThrottledAsyncChecker (ThrottledAsyncChecker.java:schedule(141)) - Scheduling a check for /home/runner/work/ozone/ozone/hadoop-ozone/integration-test/target/test-dir/MiniOzoneClusterImpl-2bdca630-b48d-4c68-bd92-e4e835129ebb/datanode-0/data/ratis
2023-04-15 16:31:37,996 [Listener at 127.0.0.1/45033] INFO  volume.StorageVolumeChecker (StorageVolumeChecker.java:checkAllVolumes(202)) - Scheduled health check for volume /home/runner/work/ozone/ozone/hadoop-ozone/integration-test/target/test-dir/MiniOzoneClusterImpl-2bdca630-b48d-4c68-bd92-e4e835129ebb/datanode-0/data/ratis
2023-04-15 16:31:38,018 [Thread-138] INFO  ozoneimpl.ContainerReader (ContainerReader.java:readVolume(175)) - Finish verifying containers on volume /home/runner/work/ozone/ozone/hadoop-ozone/integration-test/target/test-dir/MiniOzoneClusterImpl-2bdca630-b48d-4c68-bd92-e4e835129ebb/datanode-0/data-0/containers/hdds
2023-04-15 16:31:38,018 [Listener at 127.0.0.1/45033] INFO  ozoneimpl.OzoneContainer (OzoneContainer.java:buildContainerSet(303)) - Build ContainerSet costs 0s
2023-04-15 16:31:38,059 [Listener at 127.0.0.1/45033] INFO  audit.AuditLogger (AuditLogger.java:refreshDebugCmdSet(126)) - Refresh DebugCmdSet for DNAudit to [].
2023-04-15 16:31:38,081 [Listener at 127.0.0.1/45033] INFO  server.RaftServer (ConfUtils.java:logGet(46)) - raft.rpc.type = GRPC (default)
2023-04-15 16:31:38,082 [Listener at 127.0.0.1/45033] INFO  grpc.GrpcConfigKeys (ConfUtils.java:logFallback(53)) - raft.grpc.admin.host = null (fallback to raft.grpc.server.host)
2023-04-15 16:31:38,082 [Listener at 127.0.0.1/45033] INFO  grpc.GrpcConfigKeys (ConfUtils.java:logGet(46)) - raft.grpc.admin.port = 0 (custom)
2023-04-15 16:31:38,082 [Listener at 127.0.0.1/45033] INFO  grpc.GrpcConfigKeys (ConfUtils.java:logFallback(53)) - raft.grpc.client.host = null (fallback to raft.grpc.server.host)
2023-04-15 16:31:38,082 [Listener at 127.0.0.1/45033] INFO  grpc.GrpcConfigKeys (ConfUtils.java:logGet(46)) - raft.grpc.client.port = 0 (custom)
2023-04-15 16:31:38,082 [Listener at 127.0.0.1/45033] INFO  grpc.GrpcConfigKeys (ConfUtils.java:logGet(46)) - raft.grpc.server.host = null (default)
2023-04-15 16:31:38,082 [Listener at 127.0.0.1/45033] INFO  grpc.GrpcConfigKeys (ConfUtils.java:logGet(46)) - raft.grpc.server.port = 0 (default)
2023-04-15 16:31:38,082 [Listener at 127.0.0.1/45033] INFO  server.GrpcService (ConfUtils.java:logGet(46)) - raft.grpc.message.size.max = 32MB (=33554432) (custom)
2023-04-15 16:31:38,082 [Listener at 127.0.0.1/45033] INFO  server.RaftServerConfigKeys (ConfUtils.java:logGet(46)) - raft.server.log.appender.buffer.byte-limit = 33554432 (custom)
2023-04-15 16:31:38,083 [Listener at 127.0.0.1/45033] INFO  server.GrpcService (ConfUtils.java:logGet(46)) - raft.grpc.flow.control.window = 5MB (=5242880) (custom)
2023-04-15 16:31:38,083 [Listener at 127.0.0.1/45033] INFO  server.RaftServerConfigKeys (ConfUtils.java:logGet(46)) - raft.server.rpc.request.timeout = 3000ms (default)
2023-04-15 16:31:38,083 [Listener at 127.0.0.1/45033] INFO  grpc.GrpcConfigKeys (ConfUtils.java:logGet(46)) - raft.grpc.server.heartbeat.channel = true (default)
2023-04-15 16:31:38,083 [Listener at 127.0.0.1/45033] INFO  grpc.GrpcConfigKeys (ConfUtils.java:logGet(46)) - raft.grpc.server.async.request.thread.pool.cached = true (default)
2023-04-15 16:31:38,083 [Listener at 127.0.0.1/45033] INFO  grpc.GrpcConfigKeys (ConfUtils.java:logGet(46)) - raft.grpc.server.async.request.thread.pool.size = 32 (default)
2023-04-15 16:31:38,084 [Listener at 127.0.0.1/45033] INFO  impl.DataStreamServerImpl (ConfUtils.java:logGet(46)) - raft.datastream.type = NETTY (custom)
2023-04-15 16:31:38,091 [Listener at 127.0.0.1/45033] INFO  server.RaftServerConfigKeys (ConfUtils.java:logGet(46)) - raft.server.data-stream.async.request.thread.pool.cached = false (default)
2023-04-15 16:31:38,091 [Listener at 127.0.0.1/45033] INFO  server.RaftServerConfigKeys (ConfUtils.java:logGet(46)) - raft.server.data-stream.async.request.thread.pool.size = 20 (custom)
2023-04-15 16:31:38,092 [Listener at 127.0.0.1/45033] INFO  server.RaftServerConfigKeys (ConfUtils.java:logGet(46)) - raft.server.data-stream.async.write.thread.pool.size = 16 (default)
2023-04-15 16:31:38,092 [Listener at 127.0.0.1/45033] INFO  server.RaftServerConfigKeys (ConfUtils.java:logGet(46)) - raft.server.data-stream.client.pool.size = 10 (default)
2023-04-15 16:31:38,094 [Listener at 127.0.0.1/45033] INFO  netty.NettyConfigKeys$DataStream (ConfUtils.java:logGet(46)) - raft.netty.dataStream.server.use-epoll = false (default)
2023-04-15 16:31:38,095 [Listener at 127.0.0.1/45033] INFO  netty.NettyConfigKeys$DataStream (ConfUtils.java:logGet(46)) - raft.netty.dataStream.server.boss-group.size = 0 (default)
2023-04-15 16:31:38,100 [Listener at 127.0.0.1/45033] INFO  netty.NettyConfigKeys$DataStream (ConfUtils.java:logGet(46)) - raft.netty.dataStream.server.worker-group.size = 0 (default)
2023-04-15 16:31:38,101 [Listener at 127.0.0.1/45033] INFO  netty.NettyConfigKeys$DataStream (ConfUtils.java:logGet(46)) - raft.netty.dataStream.server.tls.conf = null (default)
2023-04-15 16:31:38,102 [Listener at 127.0.0.1/45033] INFO  netty.NettyConfigKeys$DataStream (ConfUtils.java:logGet(46)) - raft.netty.dataStream.host = null (default)
2023-04-15 16:31:38,102 [Listener at 127.0.0.1/45033] INFO  netty.NettyConfigKeys$DataStream (ConfUtils.java:logGet(46)) - raft.netty.dataStream.port = 0 (default)
2023-04-15 16:31:38,109 [Listener at 127.0.0.1/45033] INFO  server.RaftServerConfigKeys (ConfUtils.java:logGet(46)) - raft.server.threadpool.proxy.cached = true (default)
2023-04-15 16:31:38,109 [Listener at 127.0.0.1/45033] INFO  server.RaftServerConfigKeys (ConfUtils.java:logGet(46)) - raft.server.threadpool.proxy.size = 0 (default)
2023-04-15 16:31:38,109 [Listener at 127.0.0.1/45033] INFO  server.RaftServerConfigKeys (ConfUtils.java:logGet(46)) - raft.server.rpc.slowness.timeout = 1000000ms (custom)
2023-04-15 16:31:38,109 [Listener at 127.0.0.1/45033] INFO  server.RaftServerConfigKeys (ConfUtils.java:logGet(46)) - raft.server.leaderelection.leader.step-down.wait-time = 10s (default)
2023-04-15 16:31:38,110 [Listener at 127.0.0.1/45033] INFO  server.RaftServerConfigKeys (ConfUtils.java:logGet(46)) - raft.server.storage.dir = [/home/runner/work/ozone/ozone/hadoop-ozone/integration-test/target/test-dir/MiniOzoneClusterImpl-2bdca630-b48d-4c68-bd92-e4e835129ebb/datanode-0/data/ratis] (custom)
2023-04-15 16:31:38,134 [0dee40cf-0d5a-47f0-9c10-89273726be1d-NettyServerStreamRpc-bossGroup--thread1] INFO  logging.LoggingHandler (AbstractInternalLogger.java:log(148)) - [id: 0x6d489edc] REGISTERED
2023-04-15 16:31:38,134 [0dee40cf-0d5a-47f0-9c10-89273726be1d-NettyServerStreamRpc-bossGroup--thread1] INFO  logging.LoggingHandler (AbstractInternalLogger.java:log(148)) - [id: 0x6d489edc] BIND: 0.0.0.0/0.0.0.0:0
2023-04-15 16:31:38,135 [0dee40cf-0d5a-47f0-9c10-89273726be1d-NettyServerStreamRpc-bossGroup--thread1] INFO  logging.LoggingHandler (AbstractInternalLogger.java:log(148)) - [id: 0x6d489edc, L:/0:0:0:0:0:0:0:0:41653] ACTIVE
2023-04-15 16:31:38,140 [Listener at 127.0.0.1/45033] INFO  server.XceiverServerGrpc (XceiverServerGrpc.java:<init>(132)) - GrpcServer channel type EpollServerSocketChannel
2023-04-15 16:31:38,208 [Listener at 127.0.0.1/45033] INFO  http.BaseHttpServer (BaseHttpServer.java:newHttpServer2BuilderForOzone(224)) - Starting Web-server for hddsDatanode at: http://0.0.0.0:0
2023-04-15 16:31:38,209 [Listener at 127.0.0.1/45033] INFO  http.BaseHttpServer (BaseHttpServer.java:<init>(111)) - Hadoop Security Enabled: false Ozone Security Enabled: false Ozone HTTP Security Enabled: false 
2023-04-15 16:31:38,211 [Listener at 127.0.0.1/45033] WARN  server.AuthenticationFilter (AuthenticationFilter.java:constructSecretProvider(240)) - Unable to initialize FileSignerSecretProvider, falling back to use random secrets. Reason: Could not read signature secret file: /home/runner/hadoop-http-auth-signature-secret
2023-04-15 16:31:38,212 [Listener at 127.0.0.1/45033] INFO  http.HttpRequestLog (HttpRequestLog.java:getRequestLog(86)) - Http request log for http.requests.hddsDatanode is not defined
2023-04-15 16:31:38,214 [Listener at 127.0.0.1/45033] INFO  http.HttpServer2 (HttpServer2.java:addGlobalFilter(1031)) - Added global filter 'safety' (class=org.apache.hadoop.hdds.server.http.HttpServer2$QuotingInputFilter)
2023-04-15 16:31:38,215 [Listener at 127.0.0.1/45033] INFO  http.HttpServer2 (HttpServer2.java:addFilter(1007)) - Added filter static_user_filter (class=org.apache.hadoop.http.lib.StaticUserWebFilter$StaticUserFilter) to context hddsDatanode
2023-04-15 16:31:38,215 [Listener at 127.0.0.1/45033] INFO  http.HttpServer2 (HttpServer2.java:addFilter(1015)) - Added filter static_user_filter (class=org.apache.hadoop.http.lib.StaticUserWebFilter$StaticUserFilter) to context logs
2023-04-15 16:31:38,216 [Listener at 127.0.0.1/45033] INFO  http.HttpServer2 (HttpServer2.java:addFilter(1015)) - Added filter static_user_filter (class=org.apache.hadoop.http.lib.StaticUserWebFilter$StaticUserFilter) to context static
2023-04-15 16:31:38,216 [Listener at 127.0.0.1/45033] INFO  http.BaseHttpServer (BaseHttpServer.java:<init>(190)) - HTTP server of hddsDatanode uses base directory /home/runner/work/ozone/ozone/hadoop-ozone/integration-test/target/test-dir/MiniOzoneClusterImpl-2bdca630-b48d-4c68-bd92-e4e835129ebb/datanode-0/meta/webserver
2023-04-15 16:31:38,217 [Listener at 127.0.0.1/45033] INFO  http.HttpServer2 (HttpServer2.java:bindListener(1250)) - Jetty bound to port 35839
2023-04-15 16:31:38,217 [Listener at 127.0.0.1/45033] INFO  server.Server (Server.java:doStart(375)) - jetty-9.4.49.v20220914; built: 2022-09-14T01:07:36.601Z; git: 4231a3b2e4cb8548a412a789936d640a97b1aa0a; jvm 1.8.0_362-b09
2023-04-15 16:31:38,220 [Listener at 127.0.0.1/45033] INFO  server.session (DefaultSessionIdManager.java:doStart(334)) - DefaultSessionIdManager workerName=node0
2023-04-15 16:31:38,220 [Listener at 127.0.0.1/45033] INFO  server.session (DefaultSessionIdManager.java:doStart(339)) - No SessionScavenger set, using defaults
2023-04-15 16:31:38,221 [Listener at 127.0.0.1/45033] INFO  server.session (HouseKeeper.java:startScavenging(132)) - node0 Scavenging every 660000ms
2023-04-15 16:31:38,222 [Listener at 127.0.0.1/45033] INFO  handler.ContextHandler (ContextHandler.java:doStart(921)) - Started o.e.j.s.ServletContextHandler@18feeec9{logs,/logs,file:///home/runner/work/ozone/ozone/hadoop-ozone/integration-test/target/log,AVAILABLE}
2023-04-15 16:31:38,222 [Listener at 127.0.0.1/45033] INFO  handler.ContextHandler (ContextHandler.java:doStart(921)) - Started o.e.j.s.ServletContextHandler@31fd20f7{static,/static,jar:file:/home/runner/.m2/repository/org/apache/ozone/hdds-container-service/1.4.0-SNAPSHOT/hdds-container-service-1.4.0-SNAPSHOT.jar!/webapps/static,AVAILABLE}
2023-04-15 16:31:38,454 [Listener at 127.0.0.1/45033] INFO  handler.ContextHandler (ContextHandler.java:doStart(921)) - Started o.e.j.w.WebAppContext@7921f7e4{hddsDatanode,/,file:///home/runner/work/ozone/ozone/hadoop-ozone/integration-test/target/test-dir/MiniOzoneClusterImpl-2bdca630-b48d-4c68-bd92-e4e835129ebb/datanode-0/meta/webserver/jetty-0_0_0_0-35839-hdds-container-service-1_4_0-SNAPSHOT_jar-_-any-4684092793288731652/webapp/,AVAILABLE}{jar:file:/home/runner/.m2/repository/org/apache/ozone/hdds-container-service/1.4.0-SNAPSHOT/hdds-container-service-1.4.0-SNAPSHOT.jar!/webapps/hddsDatanode}
2023-04-15 16:31:38,455 [Listener at 127.0.0.1/45033] INFO  server.AbstractConnector (AbstractConnector.java:doStart(333)) - Started ServerConnector@7c25155e{HTTP/1.1, (http/1.1)}{0.0.0.0:35839}
2023-04-15 16:31:38,455 [Listener at 127.0.0.1/45033] INFO  server.Server (Server.java:doStart(415)) - Started @8168ms
2023-04-15 16:31:38,455 [Listener at 127.0.0.1/45033] WARN  impl.MetricsSystemImpl (MetricsSystemImpl.java:register(279)) - Sink prometheus already exists!
2023-04-15 16:31:38,474 [Listener at 127.0.0.1/45033] INFO  http.BaseHttpServer (BaseHttpServer.java:updateConnectorAddress(344)) - HTTP server of hddsDatanode listening at http://0.0.0.0:35839
2023-04-15 16:31:38,477 [Datanode State Machine Daemon Thread] INFO  statemachine.DatanodeStateMachine (DatanodeStateMachine.java:lambda$startDaemon$0(517)) - Ozone container server started.
2023-04-15 16:31:38,483 [Listener at 127.0.0.1/45033] WARN  impl.MetricRegistriesImpl (MetricRegistriesImpl.java:addReporterRegistration(111)) - New reporters are added after registries were created. Some metrics will be missing from the reporter. Please add reporter before adding any new registry.
2023-04-15 16:31:38,483 [Listener at 127.0.0.1/45033] WARN  impl.MetricRegistriesImpl (MetricRegistriesImpl.java:addReporterRegistration(111)) - New reporters are added after registries were created. Some metrics will be missing from the reporter. Please add reporter before adding any new registry.
2023-04-15 16:31:38,484 [Listener at 127.0.0.1/45033] INFO  impl.MetricsSystemImpl (MetricsSystemImpl.java:init(158)) - HddsDatanode metrics system started (again)
2023-04-15 16:31:38,487 [org.apache.hadoop.util.JvmPauseMonitor$Monitor@b5000ee] INFO  util.JvmPauseMonitor (JvmPauseMonitor.java:run(188)) - Starting JVM pause monitor
2023-04-15 16:31:38,514 [Listener at 127.0.0.1/45033] INFO  ozone.HddsDatanodeService (HddsDatanodeService.java:start(252)) - HddsDatanodeService host:fv-az202-370.ngw3kpfb2bguzbtcwuqjmbcvef.gx.internal.cloudapp.net ip:10.1.0.27
2023-04-15 16:31:38,540 [Listener at 127.0.0.1/45033] INFO  upgrade.AbstractLayoutVersionManager (AbstractLayoutVersionManager.java:init(83)) - Initializing Layout version manager with metadata layout = WEBUI_PORTS_IN_DATANODEDETAILS (version = 6), software layout = WEBUI_PORTS_IN_DATANODEDETAILS (version = 6)
2023-04-15 16:31:38,643 [Datanode State Machine Task Thread - 0] INFO  datanode.InitDatanodeState (InitDatanodeState.java:persistContainerDatanodeDetails(138)) - DatanodeDetails is persisted to /home/runner/work/ozone/ozone/hadoop-ozone/integration-test/target/test-dir/MiniOzoneClusterImpl-2bdca630-b48d-4c68-bd92-e4e835129ebb/datanode-0/meta/datanode.id
2023-04-15 16:31:38,651 [Listener at 127.0.0.1/45033] INFO  reflections.Reflections (Reflections.java:scan(232)) - Reflections took 109 ms to scan 7 urls, producing 156 keys and 369 values 
2023-04-15 16:31:38,653 [Listener at 127.0.0.1/45033] INFO  statemachine.DatanodeStateMachine (DatanodeStateMachine.java:getEndPointTaskThreadPoolSize(260)) - Datanode State Machine Task Thread Pool size 2
2023-04-15 16:31:38,655 [Listener at 127.0.0.1/45033] INFO  volume.HddsVolume (HddsVolume.java:<init>(130)) - Creating HddsVolume: /home/runner/work/ozone/ozone/hadoop-ozone/integration-test/target/test-dir/MiniOzoneClusterImpl-2bdca630-b48d-4c68-bd92-e4e835129ebb/datanode-1/data-0/containers/hdds of storage type : DISK capacity : 9223372036854775807
2023-04-15 16:31:38,655 [Listener at 127.0.0.1/45033] INFO  volume.MutableVolumeSet (MutableVolumeSet.java:initializeVolumeSet(175)) - Added Volume : /home/runner/work/ozone/ozone/hadoop-ozone/integration-test/target/test-dir/MiniOzoneClusterImpl-2bdca630-b48d-4c68-bd92-e4e835129ebb/datanode-1/data-0/containers/hdds to VolumeSet
2023-04-15 16:31:38,655 [Listener at 127.0.0.1/45033] INFO  volume.ThrottledAsyncChecker (ThrottledAsyncChecker.java:schedule(141)) - Scheduling a check for /home/runner/work/ozone/ozone/hadoop-ozone/integration-test/target/test-dir/MiniOzoneClusterImpl-2bdca630-b48d-4c68-bd92-e4e835129ebb/datanode-1/data-0/containers/hdds
2023-04-15 16:31:38,658 [Listener at 127.0.0.1/45033] INFO  volume.StorageVolumeChecker (StorageVolumeChecker.java:checkAllVolumes(202)) - Scheduled health check for volume /home/runner/work/ozone/ozone/hadoop-ozone/integration-test/target/test-dir/MiniOzoneClusterImpl-2bdca630-b48d-4c68-bd92-e4e835129ebb/datanode-1/data-0/containers/hdds
2023-04-15 16:31:38,668 [Listener at 127.0.0.1/45033] INFO  volume.MutableVolumeSet (MutableVolumeSet.java:initializeVolumeSet(175)) - Added Volume : /home/runner/work/ozone/ozone/hadoop-ozone/integration-test/target/test-dir/MiniOzoneClusterImpl-2bdca630-b48d-4c68-bd92-e4e835129ebb/datanode-1/data/ratis to VolumeSet
2023-04-15 16:31:38,669 [Listener at 127.0.0.1/45033] INFO  volume.ThrottledAsyncChecker (ThrottledAsyncChecker.java:schedule(141)) - Scheduling a check for /home/runner/work/ozone/ozone/hadoop-ozone/integration-test/target/test-dir/MiniOzoneClusterImpl-2bdca630-b48d-4c68-bd92-e4e835129ebb/datanode-1/data/ratis
2023-04-15 16:31:38,669 [Listener at 127.0.0.1/45033] INFO  volume.StorageVolumeChecker (StorageVolumeChecker.java:checkAllVolumes(202)) - Scheduled health check for volume /home/runner/work/ozone/ozone/hadoop-ozone/integration-test/target/test-dir/MiniOzoneClusterImpl-2bdca630-b48d-4c68-bd92-e4e835129ebb/datanode-1/data/ratis
2023-04-15 16:31:38,679 [Thread-152] INFO  ozoneimpl.ContainerReader (ContainerReader.java:readVolume(175)) - Finish verifying containers on volume /home/runner/work/ozone/ozone/hadoop-ozone/integration-test/target/test-dir/MiniOzoneClusterImpl-2bdca630-b48d-4c68-bd92-e4e835129ebb/datanode-1/data-0/containers/hdds
2023-04-15 16:31:38,680 [Listener at 127.0.0.1/45033] INFO  ozoneimpl.OzoneContainer (OzoneContainer.java:buildContainerSet(303)) - Build ContainerSet costs 0s
2023-04-15 16:31:38,683 [Listener at 127.0.0.1/45033] INFO  server.RaftServer (ConfUtils.java:logGet(46)) - raft.rpc.type = GRPC (default)
2023-04-15 16:31:38,683 [Listener at 127.0.0.1/45033] INFO  grpc.GrpcConfigKeys (ConfUtils.java:logFallback(53)) - raft.grpc.admin.host = null (fallback to raft.grpc.server.host)
2023-04-15 16:31:38,683 [Listener at 127.0.0.1/45033] INFO  grpc.GrpcConfigKeys (ConfUtils.java:logGet(46)) - raft.grpc.admin.port = 0 (custom)
2023-04-15 16:31:38,686 [Listener at 127.0.0.1/45033] INFO  grpc.GrpcConfigKeys (ConfUtils.java:logFallback(53)) - raft.grpc.client.host = null (fallback to raft.grpc.server.host)
2023-04-15 16:31:38,686 [Listener at 127.0.0.1/45033] INFO  grpc.GrpcConfigKeys (ConfUtils.java:logGet(46)) - raft.grpc.client.port = 0 (custom)
2023-04-15 16:31:38,686 [Listener at 127.0.0.1/45033] INFO  grpc.GrpcConfigKeys (ConfUtils.java:logGet(46)) - raft.grpc.server.host = null (default)
2023-04-15 16:31:38,686 [Listener at 127.0.0.1/45033] INFO  grpc.GrpcConfigKeys (ConfUtils.java:logGet(46)) - raft.grpc.server.port = 0 (default)
2023-04-15 16:31:38,686 [Listener at 127.0.0.1/45033] INFO  server.GrpcService (ConfUtils.java:logGet(46)) - raft.grpc.message.size.max = 32MB (=33554432) (custom)
2023-04-15 16:31:38,686 [Listener at 127.0.0.1/45033] INFO  server.RaftServerConfigKeys (ConfUtils.java:logGet(46)) - raft.server.log.appender.buffer.byte-limit = 33554432 (custom)
2023-04-15 16:31:38,686 [Listener at 127.0.0.1/45033] INFO  server.GrpcService (ConfUtils.java:logGet(46)) - raft.grpc.flow.control.window = 5MB (=5242880) (custom)
2023-04-15 16:31:38,687 [Listener at 127.0.0.1/45033] INFO  server.RaftServerConfigKeys (ConfUtils.java:logGet(46)) - raft.server.rpc.request.timeout = 3000ms (default)
2023-04-15 16:31:38,688 [Listener at 127.0.0.1/45033] INFO  grpc.GrpcConfigKeys (ConfUtils.java:logGet(46)) - raft.grpc.server.heartbeat.channel = true (default)
2023-04-15 16:31:38,688 [Listener at 127.0.0.1/45033] INFO  grpc.GrpcConfigKeys (ConfUtils.java:logGet(46)) - raft.grpc.server.async.request.thread.pool.cached = true (default)
2023-04-15 16:31:38,688 [Listener at 127.0.0.1/45033] INFO  grpc.GrpcConfigKeys (ConfUtils.java:logGet(46)) - raft.grpc.server.async.request.thread.pool.size = 32 (default)
2023-04-15 16:31:38,689 [Listener at 127.0.0.1/45033] INFO  impl.DataStreamServerImpl (ConfUtils.java:logGet(46)) - raft.datastream.type = NETTY (custom)
2023-04-15 16:31:38,689 [Listener at 127.0.0.1/45033] INFO  server.RaftServerConfigKeys (ConfUtils.java:logGet(46)) - raft.server.data-stream.async.request.thread.pool.cached = false (default)
2023-04-15 16:31:38,690 [Listener at 127.0.0.1/45033] INFO  server.RaftServerConfigKeys (ConfUtils.java:logGet(46)) - raft.server.data-stream.async.request.thread.pool.size = 20 (custom)
2023-04-15 16:31:38,690 [Listener at 127.0.0.1/45033] INFO  server.RaftServerConfigKeys (ConfUtils.java:logGet(46)) - raft.server.data-stream.async.write.thread.pool.size = 16 (default)
2023-04-15 16:31:38,690 [Listener at 127.0.0.1/45033] INFO  server.RaftServerConfigKeys (ConfUtils.java:logGet(46)) - raft.server.data-stream.client.pool.size = 10 (default)
2023-04-15 16:31:38,691 [Listener at 127.0.0.1/45033] INFO  netty.NettyConfigKeys$DataStream (ConfUtils.java:logGet(46)) - raft.netty.dataStream.server.use-epoll = false (default)
2023-04-15 16:31:38,691 [Listener at 127.0.0.1/45033] INFO  netty.NettyConfigKeys$DataStream (ConfUtils.java:logGet(46)) - raft.netty.dataStream.server.boss-group.size = 0 (default)
2023-04-15 16:31:38,691 [Listener at 127.0.0.1/45033] INFO  netty.NettyConfigKeys$DataStream (ConfUtils.java:logGet(46)) - raft.netty.dataStream.server.worker-group.size = 0 (default)
2023-04-15 16:31:38,691 [Listener at 127.0.0.1/45033] INFO  netty.NettyConfigKeys$DataStream (ConfUtils.java:logGet(46)) - raft.netty.dataStream.server.tls.conf = null (default)
2023-04-15 16:31:38,692 [Listener at 127.0.0.1/45033] INFO  netty.NettyConfigKeys$DataStream (ConfUtils.java:logGet(46)) - raft.netty.dataStream.host = null (default)
2023-04-15 16:31:38,692 [Listener at 127.0.0.1/45033] INFO  netty.NettyConfigKeys$DataStream (ConfUtils.java:logGet(46)) - raft.netty.dataStream.port = 0 (default)
2023-04-15 16:31:38,698 [Listener at 127.0.0.1/45033] INFO  server.RaftServerConfigKeys (ConfUtils.java:logGet(46)) - raft.server.threadpool.proxy.cached = true (default)
2023-04-15 16:31:38,699 [Listener at 127.0.0.1/45033] INFO  server.RaftServerConfigKeys (ConfUtils.java:logGet(46)) - raft.server.threadpool.proxy.size = 0 (default)
2023-04-15 16:31:38,699 [Listener at 127.0.0.1/45033] INFO  server.RaftServerConfigKeys (ConfUtils.java:logGet(46)) - raft.server.rpc.slowness.timeout = 1000000ms (custom)
2023-04-15 16:31:38,699 [Listener at 127.0.0.1/45033] INFO  server.RaftServerConfigKeys (ConfUtils.java:logGet(46)) - raft.server.leaderelection.leader.step-down.wait-time = 10s (default)
2023-04-15 16:31:38,701 [30c0a845-a217-4f15-8bab-f33012bc7910-NettyServerStreamRpc-bossGroup--thread1] INFO  logging.LoggingHandler (AbstractInternalLogger.java:log(148)) - [id: 0x31aaf35f] REGISTERED
2023-04-15 16:31:38,702 [30c0a845-a217-4f15-8bab-f33012bc7910-NettyServerStreamRpc-bossGroup--thread1] INFO  logging.LoggingHandler (AbstractInternalLogger.java:log(148)) - [id: 0x31aaf35f] BIND: 0.0.0.0/0.0.0.0:0
2023-04-15 16:31:38,702 [30c0a845-a217-4f15-8bab-f33012bc7910-NettyServerStreamRpc-bossGroup--thread1] INFO  logging.LoggingHandler (AbstractInternalLogger.java:log(148)) - [id: 0x31aaf35f, L:/0:0:0:0:0:0:0:0:34839] ACTIVE
2023-04-15 16:31:38,702 [Listener at 127.0.0.1/45033] INFO  server.RaftServerConfigKeys (ConfUtils.java:logGet(46)) - raft.server.storage.dir = [/home/runner/work/ozone/ozone/hadoop-ozone/integration-test/target/test-dir/MiniOzoneClusterImpl-2bdca630-b48d-4c68-bd92-e4e835129ebb/datanode-1/data/ratis] (custom)
2023-04-15 16:31:38,707 [Listener at 127.0.0.1/45033] INFO  server.XceiverServerGrpc (XceiverServerGrpc.java:<init>(132)) - GrpcServer channel type EpollServerSocketChannel
2023-04-15 16:31:38,713 [Listener at 127.0.0.1/45033] INFO  http.BaseHttpServer (BaseHttpServer.java:newHttpServer2BuilderForOzone(224)) - Starting Web-server for hddsDatanode at: http://0.0.0.0:0
2023-04-15 16:31:38,713 [Listener at 127.0.0.1/45033] INFO  http.BaseHttpServer (BaseHttpServer.java:<init>(111)) - Hadoop Security Enabled: false Ozone Security Enabled: false Ozone HTTP Security Enabled: false 
2023-04-15 16:31:38,714 [Listener at 127.0.0.1/45033] WARN  server.AuthenticationFilter (AuthenticationFilter.java:constructSecretProvider(240)) - Unable to initialize FileSignerSecretProvider, falling back to use random secrets. Reason: Could not read signature secret file: /home/runner/hadoop-http-auth-signature-secret
2023-04-15 16:31:38,717 [Listener at 127.0.0.1/45033] INFO  http.HttpRequestLog (HttpRequestLog.java:getRequestLog(86)) - Http request log for http.requests.hddsDatanode is not defined
2023-04-15 16:31:38,720 [Listener at 127.0.0.1/45033] INFO  http.HttpServer2 (HttpServer2.java:addGlobalFilter(1031)) - Added global filter 'safety' (class=org.apache.hadoop.hdds.server.http.HttpServer2$QuotingInputFilter)
2023-04-15 16:31:38,721 [Listener at 127.0.0.1/45033] INFO  http.HttpServer2 (HttpServer2.java:addFilter(1007)) - Added filter static_user_filter (class=org.apache.hadoop.http.lib.StaticUserWebFilter$StaticUserFilter) to context hddsDatanode
2023-04-15 16:31:38,721 [Listener at 127.0.0.1/45033] INFO  http.HttpServer2 (HttpServer2.java:addFilter(1015)) - Added filter static_user_filter (class=org.apache.hadoop.http.lib.StaticUserWebFilter$StaticUserFilter) to context static
2023-04-15 16:31:38,721 [om1@group-C5BA1605619E-FollowerState] INFO  impl.FollowerState (FollowerState.java:run(143)) - om1@group-C5BA1605619E-FollowerState: change to CANDIDATE, lastRpcElapsedTime:1153043011ns, electionTimeout:1146ms
2023-04-15 16:31:38,722 [om1@group-C5BA1605619E-FollowerState] INFO  impl.RoleInfo (RoleInfo.java:shutdownFollowerState(110)) - om1: shutdown om1@group-C5BA1605619E-FollowerState
2023-04-15 16:31:38,723 [om1@group-C5BA1605619E-FollowerState] INFO  server.RaftServer$Division (RaftServerImpl.java:setRole(321)) - om1@group-C5BA1605619E: changes role from  FOLLOWER to CANDIDATE at term 0 for changeToCandidate
2023-04-15 16:31:38,725 [om1@group-C5BA1605619E-FollowerState] INFO  server.RaftServerConfigKeys (ConfUtils.java:logGet(46)) - raft.server.leaderelection.pre-vote = true (default)
2023-04-15 16:31:38,725 [om1@group-C5BA1605619E-FollowerState] INFO  impl.RoleInfo (RoleInfo.java:updateAndGet(139)) - om1: start om1@group-C5BA1605619E-LeaderElection1
2023-04-15 16:31:38,730 [Listener at 127.0.0.1/45033] INFO  http.HttpServer2 (HttpServer2.java:addFilter(1015)) - Added filter static_user_filter (class=org.apache.hadoop.http.lib.StaticUserWebFilter$StaticUserFilter) to context logs
2023-04-15 16:31:38,730 [Listener at 127.0.0.1/45033] INFO  http.BaseHttpServer (BaseHttpServer.java:<init>(190)) - HTTP server of hddsDatanode uses base directory /home/runner/work/ozone/ozone/hadoop-ozone/integration-test/target/test-dir/MiniOzoneClusterImpl-2bdca630-b48d-4c68-bd92-e4e835129ebb/datanode-1/meta/webserver
2023-04-15 16:31:38,731 [Listener at 127.0.0.1/45033] INFO  http.HttpServer2 (HttpServer2.java:bindListener(1250)) - Jetty bound to port 40281
2023-04-15 16:31:38,731 [Listener at 127.0.0.1/45033] INFO  server.Server (Server.java:doStart(375)) - jetty-9.4.49.v20220914; built: 2022-09-14T01:07:36.601Z; git: 4231a3b2e4cb8548a412a789936d640a97b1aa0a; jvm 1.8.0_362-b09
2023-04-15 16:31:38,734 [Listener at 127.0.0.1/45033] INFO  server.session (DefaultSessionIdManager.java:doStart(334)) - DefaultSessionIdManager workerName=node0
2023-04-15 16:31:38,734 [Listener at 127.0.0.1/45033] INFO  server.session (DefaultSessionIdManager.java:doStart(339)) - No SessionScavenger set, using defaults
2023-04-15 16:31:38,734 [Listener at 127.0.0.1/45033] INFO  server.session (HouseKeeper.java:startScavenging(132)) - node0 Scavenging every 660000ms
2023-04-15 16:31:38,738 [Listener at 127.0.0.1/45033] INFO  handler.ContextHandler (ContextHandler.java:doStart(921)) - Started o.e.j.s.ServletContextHandler@38d454fa{logs,/logs,file:///home/runner/work/ozone/ozone/hadoop-ozone/integration-test/target/log,AVAILABLE}
2023-04-15 16:31:38,738 [Listener at 127.0.0.1/45033] INFO  handler.ContextHandler (ContextHandler.java:doStart(921)) - Started o.e.j.s.ServletContextHandler@3ad7f7f1{static,/static,jar:file:/home/runner/.m2/repository/org/apache/ozone/hdds-container-service/1.4.0-SNAPSHOT/hdds-container-service-1.4.0-SNAPSHOT.jar!/webapps/static,AVAILABLE}
2023-04-15 16:31:38,746 [om1@group-C5BA1605619E-LeaderElection1] INFO  impl.LeaderElection (LeaderElection.java:askForVotes(312)) - om1@group-C5BA1605619E-LeaderElection1 PRE_VOTE round 0: submit vote requests at term 0 for -1: peers:[om1|rpc:localhost:9872|priority:0|startupRole:FOLLOWER]|listeners:[], old=null
2023-04-15 16:31:38,747 [om1@group-C5BA1605619E-LeaderElection1] INFO  impl.LeaderElection (LeaderElection.java:askForVotes(314)) - om1@group-C5BA1605619E-LeaderElection1 PRE_VOTE round 0: result PASSED (term=0)
2023-04-15 16:31:38,748 [om1@group-C5BA1605619E-LeaderElection1] INFO  impl.LeaderElection (LeaderElection.java:askForVotes(312)) - om1@group-C5BA1605619E-LeaderElection1 ELECTION round 0: submit vote requests at term 1 for -1: peers:[om1|rpc:localhost:9872|priority:0|startupRole:FOLLOWER]|listeners:[], old=null
2023-04-15 16:31:38,748 [om1@group-C5BA1605619E-LeaderElection1] INFO  impl.LeaderElection (LeaderElection.java:askForVotes(314)) - om1@group-C5BA1605619E-LeaderElection1 ELECTION round 0: result PASSED (term=1)
2023-04-15 16:31:38,748 [om1@group-C5BA1605619E-LeaderElection1] INFO  impl.RoleInfo (RoleInfo.java:shutdownLeaderElection(130)) - om1: shutdown om1@group-C5BA1605619E-LeaderElection1
2023-04-15 16:31:38,749 [om1@group-C5BA1605619E-LeaderElection1] INFO  server.RaftServer$Division (RaftServerImpl.java:setRole(321)) - om1@group-C5BA1605619E: changes role from CANDIDATE to LEADER at term 1 for changeToLeader
2023-04-15 16:31:38,750 [om1@group-C5BA1605619E-LeaderElection1] INFO  server.RaftServer$Division (ServerState.java:setLeader(313)) - om1@group-C5BA1605619E: change Leader from null to om1 at term 1 for becomeLeader, leader elected after 2397ms
2023-04-15 16:31:38,755 [om1@group-C5BA1605619E-LeaderElection1] INFO  server.RaftServerConfigKeys (ConfUtils.java:logGet(46)) - raft.server.staging.catchup.gap = 1000 (default)
2023-04-15 16:31:38,760 [om1@group-C5BA1605619E-LeaderElection1] INFO  server.RaftServerConfigKeys (ConfUtils.java:logGet(46)) - raft.server.write.element-limit = 4096 (default)
2023-04-15 16:31:38,762 [om1@group-C5BA1605619E-LeaderElection1] INFO  server.RaftServerConfigKeys (ConfUtils.java:logGet(46)) - raft.server.write.byte-limit = 64MB (=67108864) (default)
2023-04-15 16:31:38,771 [om1@group-C5BA1605619E-LeaderElection1] INFO  server.RaftServerConfigKeys (ConfUtils.java:logGet(46)) - raft.server.watch.timeout = 10s (default)
2023-04-15 16:31:38,772 [om1@group-C5BA1605619E-LeaderElection1] INFO  server.RaftServerConfigKeys (ConfUtils.java:logGet(46)) - raft.server.watch.timeout.denomination = 1s (default)
2023-04-15 16:31:38,772 [om1@group-C5BA1605619E-LeaderElection1] INFO  server.RaftServerConfigKeys (ConfUtils.java:logGet(46)) - raft.server.watch.element-limit = 65536 (default)
2023-04-15 16:31:38,776 [om1@group-C5BA1605619E-LeaderElection1] INFO  server.RaftServerConfigKeys (ConfUtils.java:logGet(46)) - raft.server.write.element-limit = 4096 (default)
2023-04-15 16:31:38,777 [om1@group-C5BA1605619E-LeaderElection1] INFO  server.RaftServerConfigKeys (ConfUtils.java:logGet(46)) - raft.server.write.follower.gap.ratio.max = -1.0 (default)
2023-04-15 16:31:38,781 [om1@group-C5BA1605619E-LeaderElection1] INFO  impl.RoleInfo (RoleInfo.java:updateAndGet(139)) - om1: start om1@group-C5BA1605619E-LeaderStateImpl
2023-04-15 16:31:38,802 [om1@group-C5BA1605619E-LeaderElection1] INFO  segmented.SegmentedRaftLogWorker (SegmentedRaftLogWorker.java:startLogSegment(452)) - om1@group-C5BA1605619E-SegmentedRaftLogWorker: Starting segment from index:0
2023-04-15 16:31:38,864 [om1@group-C5BA1605619E-LeaderElection1] INFO  server.RaftServer$Division (ServerState.java:setRaftConf(430)) - om1@group-C5BA1605619E: set configuration 0: peers:[om1|rpc:localhost:9872|admin:|client:|dataStream:|priority:0|startupRole:FOLLOWER]|listeners:[], old=null
2023-04-15 16:31:38,960 [om1@group-C5BA1605619E-SegmentedRaftLogWorker] INFO  segmented.SegmentedRaftLogWorker (SegmentedRaftLogWorker.java:execute(656)) - om1@group-C5BA1605619E-SegmentedRaftLogWorker: created new log segment /home/runner/work/ozone/ozone/hadoop-ozone/integration-test/target/test-dir/MiniOzoneClusterImpl-2bdca630-b48d-4c68-bd92-e4e835129ebb/ozone-meta/ratis/bf265839-605b-3f16-9796-c5ba1605619e/current/log_inprogress_0
2023-04-15 16:31:39,047 [Listener at 127.0.0.1/45033] INFO  handler.ContextHandler (ContextHandler.java:doStart(921)) - Started o.e.j.w.WebAppContext@51f2d03c{hddsDatanode,/,file:///home/runner/work/ozone/ozone/hadoop-ozone/integration-test/target/test-dir/MiniOzoneClusterImpl-2bdca630-b48d-4c68-bd92-e4e835129ebb/datanode-1/meta/webserver/jetty-0_0_0_0-40281-hdds-container-service-1_4_0-SNAPSHOT_jar-_-any-3757065091753407294/webapp/,AVAILABLE}{jar:file:/home/runner/.m2/repository/org/apache/ozone/hdds-container-service/1.4.0-SNAPSHOT/hdds-container-service-1.4.0-SNAPSHOT.jar!/webapps/hddsDatanode}
2023-04-15 16:31:39,069 [Listener at 127.0.0.1/45033] INFO  server.AbstractConnector (AbstractConnector.java:doStart(333)) - Started ServerConnector@258abd37{HTTP/1.1, (http/1.1)}{0.0.0.0:40281}
2023-04-15 16:31:39,069 [Listener at 127.0.0.1/45033] INFO  server.Server (Server.java:doStart(415)) - Started @8782ms
2023-04-15 16:31:39,069 [Listener at 127.0.0.1/45033] WARN  impl.MetricsSystemImpl (MetricsSystemImpl.java:register(279)) - Sink prometheus already exists!
2023-04-15 16:31:39,073 [Listener at 127.0.0.1/45033] INFO  http.BaseHttpServer (BaseHttpServer.java:updateConnectorAddress(344)) - HTTP server of hddsDatanode listening at http://0.0.0.0:40281
2023-04-15 16:31:39,083 [Listener at 127.0.0.1/45033] WARN  impl.MetricRegistriesImpl (MetricRegistriesImpl.java:addReporterRegistration(111)) - New reporters are added after registries were created. Some metrics will be missing from the reporter. Please add reporter before adding any new registry.
2023-04-15 16:31:39,083 [Listener at 127.0.0.1/45033] WARN  impl.MetricRegistriesImpl (MetricRegistriesImpl.java:addReporterRegistration(111)) - New reporters are added after registries were created. Some metrics will be missing from the reporter. Please add reporter before adding any new registry.
2023-04-15 16:31:39,083 [Listener at 127.0.0.1/45033] INFO  impl.MetricsSystemImpl (MetricsSystemImpl.java:init(158)) - HddsDatanode metrics system started (again)
2023-04-15 16:31:39,083 [Datanode State Machine Daemon Thread] INFO  statemachine.DatanodeStateMachine (DatanodeStateMachine.java:lambda$startDaemon$0(517)) - Ozone container server started.
2023-04-15 16:31:39,095 [Listener at 127.0.0.1/45033] INFO  ozone.HddsDatanodeService (HddsDatanodeService.java:start(252)) - HddsDatanodeService host:fv-az202-370.ngw3kpfb2bguzbtcwuqjmbcvef.gx.internal.cloudapp.net ip:10.1.0.27
2023-04-15 16:31:39,115 [org.apache.hadoop.util.JvmPauseMonitor$Monitor@31585b15] INFO  util.JvmPauseMonitor (JvmPauseMonitor.java:run(188)) - Starting JVM pause monitor
2023-04-15 16:31:39,130 [Listener at 127.0.0.1/45033] INFO  upgrade.AbstractLayoutVersionManager (AbstractLayoutVersionManager.java:init(83)) - Initializing Layout version manager with metadata layout = WEBUI_PORTS_IN_DATANODEDETAILS (version = 6), software layout = WEBUI_PORTS_IN_DATANODEDETAILS (version = 6)
2023-04-15 16:31:39,141 [Datanode State Machine Task Thread - 0] INFO  datanode.InitDatanodeState (InitDatanodeState.java:persistContainerDatanodeDetails(138)) - DatanodeDetails is persisted to /home/runner/work/ozone/ozone/hadoop-ozone/integration-test/target/test-dir/MiniOzoneClusterImpl-2bdca630-b48d-4c68-bd92-e4e835129ebb/datanode-1/meta/datanode.id
2023-04-15 16:31:39,188 [om1@group-C5BA1605619E-StateMachineUpdater] INFO  ratis.OzoneManagerStateMachine (OzoneManagerStateMachine.java:notifyConfigurationChanged(200)) - Received Configuration change notification from Ratis. New Peer list:
[id: "om1"
address: "localhost:9872"
startupRole: FOLLOWER
]
2023-04-15 16:31:39,252 [Listener at 127.0.0.1/45033] INFO  reflections.Reflections (Reflections.java:scan(232)) - Reflections took 121 ms to scan 7 urls, producing 156 keys and 369 values 
2023-04-15 16:31:39,253 [Listener at 127.0.0.1/45033] INFO  statemachine.DatanodeStateMachine (DatanodeStateMachine.java:getEndPointTaskThreadPoolSize(260)) - Datanode State Machine Task Thread Pool size 2
2023-04-15 16:31:39,267 [Listener at 127.0.0.1/45033] INFO  volume.HddsVolume (HddsVolume.java:<init>(130)) - Creating HddsVolume: /home/runner/work/ozone/ozone/hadoop-ozone/integration-test/target/test-dir/MiniOzoneClusterImpl-2bdca630-b48d-4c68-bd92-e4e835129ebb/datanode-2/data-0/containers/hdds of storage type : DISK capacity : 9223372036854775807
2023-04-15 16:31:39,267 [Listener at 127.0.0.1/45033] INFO  volume.MutableVolumeSet (MutableVolumeSet.java:initializeVolumeSet(175)) - Added Volume : /home/runner/work/ozone/ozone/hadoop-ozone/integration-test/target/test-dir/MiniOzoneClusterImpl-2bdca630-b48d-4c68-bd92-e4e835129ebb/datanode-2/data-0/containers/hdds to VolumeSet
2023-04-15 16:31:39,268 [Listener at 127.0.0.1/45033] INFO  volume.ThrottledAsyncChecker (ThrottledAsyncChecker.java:schedule(141)) - Scheduling a check for /home/runner/work/ozone/ozone/hadoop-ozone/integration-test/target/test-dir/MiniOzoneClusterImpl-2bdca630-b48d-4c68-bd92-e4e835129ebb/datanode-2/data-0/containers/hdds
2023-04-15 16:31:39,269 [Listener at 127.0.0.1/45033] INFO  volume.StorageVolumeChecker (StorageVolumeChecker.java:checkAllVolumes(202)) - Scheduled health check for volume /home/runner/work/ozone/ozone/hadoop-ozone/integration-test/target/test-dir/MiniOzoneClusterImpl-2bdca630-b48d-4c68-bd92-e4e835129ebb/datanode-2/data-0/containers/hdds
2023-04-15 16:31:39,281 [Listener at 127.0.0.1/45033] INFO  volume.MutableVolumeSet (MutableVolumeSet.java:initializeVolumeSet(175)) - Added Volume : /home/runner/work/ozone/ozone/hadoop-ozone/integration-test/target/test-dir/MiniOzoneClusterImpl-2bdca630-b48d-4c68-bd92-e4e835129ebb/datanode-2/data/ratis to VolumeSet
2023-04-15 16:31:39,281 [Listener at 127.0.0.1/45033] INFO  volume.ThrottledAsyncChecker (ThrottledAsyncChecker.java:schedule(141)) - Scheduling a check for /home/runner/work/ozone/ozone/hadoop-ozone/integration-test/target/test-dir/MiniOzoneClusterImpl-2bdca630-b48d-4c68-bd92-e4e835129ebb/datanode-2/data/ratis
2023-04-15 16:31:39,282 [Listener at 127.0.0.1/45033] INFO  volume.StorageVolumeChecker (StorageVolumeChecker.java:checkAllVolumes(202)) - Scheduled health check for volume /home/runner/work/ozone/ozone/hadoop-ozone/integration-test/target/test-dir/MiniOzoneClusterImpl-2bdca630-b48d-4c68-bd92-e4e835129ebb/datanode-2/data/ratis
2023-04-15 16:31:39,296 [Thread-168] INFO  ozoneimpl.ContainerReader (ContainerReader.java:readVolume(175)) - Finish verifying containers on volume /home/runner/work/ozone/ozone/hadoop-ozone/integration-test/target/test-dir/MiniOzoneClusterImpl-2bdca630-b48d-4c68-bd92-e4e835129ebb/datanode-2/data-0/containers/hdds
2023-04-15 16:31:39,296 [Listener at 127.0.0.1/45033] INFO  ozoneimpl.OzoneContainer (OzoneContainer.java:buildContainerSet(303)) - Build ContainerSet costs 0s
2023-04-15 16:31:39,301 [Listener at 127.0.0.1/45033] INFO  server.RaftServer (ConfUtils.java:logGet(46)) - raft.rpc.type = GRPC (default)
2023-04-15 16:31:39,302 [Listener at 127.0.0.1/45033] INFO  grpc.GrpcConfigKeys (ConfUtils.java:logFallback(53)) - raft.grpc.admin.host = null (fallback to raft.grpc.server.host)
2023-04-15 16:31:39,302 [Listener at 127.0.0.1/45033] INFO  grpc.GrpcConfigKeys (ConfUtils.java:logGet(46)) - raft.grpc.admin.port = 0 (custom)
2023-04-15 16:31:39,302 [Listener at 127.0.0.1/45033] INFO  grpc.GrpcConfigKeys (ConfUtils.java:logFallback(53)) - raft.grpc.client.host = null (fallback to raft.grpc.server.host)
2023-04-15 16:31:39,302 [Listener at 127.0.0.1/45033] INFO  grpc.GrpcConfigKeys (ConfUtils.java:logGet(46)) - raft.grpc.client.port = 0 (custom)
2023-04-15 16:31:39,302 [Listener at 127.0.0.1/45033] INFO  grpc.GrpcConfigKeys (ConfUtils.java:logGet(46)) - raft.grpc.server.host = null (default)
2023-04-15 16:31:39,302 [Listener at 127.0.0.1/45033] INFO  grpc.GrpcConfigKeys (ConfUtils.java:logGet(46)) - raft.grpc.server.port = 0 (default)
2023-04-15 16:31:39,302 [Listener at 127.0.0.1/45033] INFO  server.GrpcService (ConfUtils.java:logGet(46)) - raft.grpc.message.size.max = 32MB (=33554432) (custom)
2023-04-15 16:31:39,303 [Listener at 127.0.0.1/45033] INFO  server.RaftServerConfigKeys (ConfUtils.java:logGet(46)) - raft.server.log.appender.buffer.byte-limit = 33554432 (custom)
2023-04-15 16:31:39,303 [Listener at 127.0.0.1/45033] INFO  server.GrpcService (ConfUtils.java:logGet(46)) - raft.grpc.flow.control.window = 5MB (=5242880) (custom)
2023-04-15 16:31:39,303 [Listener at 127.0.0.1/45033] INFO  server.RaftServerConfigKeys (ConfUtils.java:logGet(46)) - raft.server.rpc.request.timeout = 3000ms (default)
2023-04-15 16:31:39,303 [Listener at 127.0.0.1/45033] INFO  grpc.GrpcConfigKeys (ConfUtils.java:logGet(46)) - raft.grpc.server.heartbeat.channel = true (default)
2023-04-15 16:31:39,303 [Listener at 127.0.0.1/45033] INFO  grpc.GrpcConfigKeys (ConfUtils.java:logGet(46)) - raft.grpc.server.async.request.thread.pool.cached = true (default)
2023-04-15 16:31:39,303 [Listener at 127.0.0.1/45033] INFO  grpc.GrpcConfigKeys (ConfUtils.java:logGet(46)) - raft.grpc.server.async.request.thread.pool.size = 32 (default)
2023-04-15 16:31:39,305 [Listener at 127.0.0.1/45033] INFO  impl.DataStreamServerImpl (ConfUtils.java:logGet(46)) - raft.datastream.type = NETTY (custom)
2023-04-15 16:31:39,306 [Listener at 127.0.0.1/45033] INFO  server.RaftServerConfigKeys (ConfUtils.java:logGet(46)) - raft.server.data-stream.async.request.thread.pool.cached = false (default)
2023-04-15 16:31:39,306 [Listener at 127.0.0.1/45033] INFO  server.RaftServerConfigKeys (ConfUtils.java:logGet(46)) - raft.server.data-stream.async.request.thread.pool.size = 20 (custom)
2023-04-15 16:31:39,306 [Listener at 127.0.0.1/45033] INFO  server.RaftServerConfigKeys (ConfUtils.java:logGet(46)) - raft.server.data-stream.async.write.thread.pool.size = 16 (default)
2023-04-15 16:31:39,306 [Listener at 127.0.0.1/45033] INFO  server.RaftServerConfigKeys (ConfUtils.java:logGet(46)) - raft.server.data-stream.client.pool.size = 10 (default)
2023-04-15 16:31:39,306 [Listener at 127.0.0.1/45033] INFO  netty.NettyConfigKeys$DataStream (ConfUtils.java:logGet(46)) - raft.netty.dataStream.server.use-epoll = false (default)
2023-04-15 16:31:39,306 [Listener at 127.0.0.1/45033] INFO  netty.NettyConfigKeys$DataStream (ConfUtils.java:logGet(46)) - raft.netty.dataStream.server.boss-group.size = 0 (default)
2023-04-15 16:31:39,307 [Listener at 127.0.0.1/45033] INFO  netty.NettyConfigKeys$DataStream (ConfUtils.java:logGet(46)) - raft.netty.dataStream.server.worker-group.size = 0 (default)
2023-04-15 16:31:39,308 [Listener at 127.0.0.1/45033] INFO  netty.NettyConfigKeys$DataStream (ConfUtils.java:logGet(46)) - raft.netty.dataStream.server.tls.conf = null (default)
2023-04-15 16:31:39,308 [Listener at 127.0.0.1/45033] INFO  netty.NettyConfigKeys$DataStream (ConfUtils.java:logGet(46)) - raft.netty.dataStream.host = null (default)
2023-04-15 16:31:39,308 [Listener at 127.0.0.1/45033] INFO  netty.NettyConfigKeys$DataStream (ConfUtils.java:logGet(46)) - raft.netty.dataStream.port = 0 (default)
2023-04-15 16:31:39,310 [Listener at 127.0.0.1/45033] INFO  server.RaftServerConfigKeys (ConfUtils.java:logGet(46)) - raft.server.threadpool.proxy.cached = true (default)
2023-04-15 16:31:39,310 [Listener at 127.0.0.1/45033] INFO  server.RaftServerConfigKeys (ConfUtils.java:logGet(46)) - raft.server.threadpool.proxy.size = 0 (default)
2023-04-15 16:31:39,310 [Listener at 127.0.0.1/45033] INFO  server.RaftServerConfigKeys (ConfUtils.java:logGet(46)) - raft.server.rpc.slowness.timeout = 1000000ms (custom)
2023-04-15 16:31:39,310 [Listener at 127.0.0.1/45033] INFO  server.RaftServerConfigKeys (ConfUtils.java:logGet(46)) - raft.server.leaderelection.leader.step-down.wait-time = 10s (default)
2023-04-15 16:31:39,310 [Listener at 127.0.0.1/45033] INFO  server.RaftServerConfigKeys (ConfUtils.java:logGet(46)) - raft.server.storage.dir = [/home/runner/work/ozone/ozone/hadoop-ozone/integration-test/target/test-dir/MiniOzoneClusterImpl-2bdca630-b48d-4c68-bd92-e4e835129ebb/datanode-2/data/ratis] (custom)
2023-04-15 16:31:39,311 [f16a70e5-fe04-4d06-9179-25c3ad8a94bb-NettyServerStreamRpc-bossGroup--thread1] INFO  logging.LoggingHandler (AbstractInternalLogger.java:log(148)) - [id: 0x4f9b586d] REGISTERED
2023-04-15 16:31:39,311 [f16a70e5-fe04-4d06-9179-25c3ad8a94bb-NettyServerStreamRpc-bossGroup--thread1] INFO  logging.LoggingHandler (AbstractInternalLogger.java:log(148)) - [id: 0x4f9b586d] BIND: 0.0.0.0/0.0.0.0:0
2023-04-15 16:31:39,312 [f16a70e5-fe04-4d06-9179-25c3ad8a94bb-NettyServerStreamRpc-bossGroup--thread1] INFO  logging.LoggingHandler (AbstractInternalLogger.java:log(148)) - [id: 0x4f9b586d, L:/0:0:0:0:0:0:0:0:43691] ACTIVE
2023-04-15 16:31:39,313 [Listener at 127.0.0.1/45033] INFO  server.XceiverServerGrpc (XceiverServerGrpc.java:<init>(132)) - GrpcServer channel type EpollServerSocketChannel
2023-04-15 16:31:39,326 [Listener at 127.0.0.1/45033] INFO  http.BaseHttpServer (BaseHttpServer.java:newHttpServer2BuilderForOzone(224)) - Starting Web-server for hddsDatanode at: http://0.0.0.0:0
2023-04-15 16:31:39,326 [Listener at 127.0.0.1/45033] INFO  http.BaseHttpServer (BaseHttpServer.java:<init>(111)) - Hadoop Security Enabled: false Ozone Security Enabled: false Ozone HTTP Security Enabled: false 
2023-04-15 16:31:39,328 [Listener at 127.0.0.1/45033] WARN  server.AuthenticationFilter (AuthenticationFilter.java:constructSecretProvider(240)) - Unable to initialize FileSignerSecretProvider, falling back to use random secrets. Reason: Could not read signature secret file: /home/runner/hadoop-http-auth-signature-secret
2023-04-15 16:31:39,331 [Listener at 127.0.0.1/45033] INFO  http.HttpRequestLog (HttpRequestLog.java:getRequestLog(86)) - Http request log for http.requests.hddsDatanode is not defined
2023-04-15 16:31:39,333 [Listener at 127.0.0.1/45033] INFO  http.HttpServer2 (HttpServer2.java:addGlobalFilter(1031)) - Added global filter 'safety' (class=org.apache.hadoop.hdds.server.http.HttpServer2$QuotingInputFilter)
2023-04-15 16:31:39,335 [Listener at 127.0.0.1/45033] INFO  http.HttpServer2 (HttpServer2.java:addFilter(1007)) - Added filter static_user_filter (class=org.apache.hadoop.http.lib.StaticUserWebFilter$StaticUserFilter) to context hddsDatanode
2023-04-15 16:31:39,335 [Listener at 127.0.0.1/45033] INFO  http.HttpServer2 (HttpServer2.java:addFilter(1015)) - Added filter static_user_filter (class=org.apache.hadoop.http.lib.StaticUserWebFilter$StaticUserFilter) to context logs
2023-04-15 16:31:39,335 [Listener at 127.0.0.1/45033] INFO  http.HttpServer2 (HttpServer2.java:addFilter(1015)) - Added filter static_user_filter (class=org.apache.hadoop.http.lib.StaticUserWebFilter$StaticUserFilter) to context static
2023-04-15 16:31:39,337 [Listener at 127.0.0.1/45033] INFO  http.BaseHttpServer (BaseHttpServer.java:<init>(190)) - HTTP server of hddsDatanode uses base directory /home/runner/work/ozone/ozone/hadoop-ozone/integration-test/target/test-dir/MiniOzoneClusterImpl-2bdca630-b48d-4c68-bd92-e4e835129ebb/datanode-2/meta/webserver
2023-04-15 16:31:39,337 [Listener at 127.0.0.1/45033] INFO  http.HttpServer2 (HttpServer2.java:bindListener(1250)) - Jetty bound to port 38411
2023-04-15 16:31:39,337 [Listener at 127.0.0.1/45033] INFO  server.Server (Server.java:doStart(375)) - jetty-9.4.49.v20220914; built: 2022-09-14T01:07:36.601Z; git: 4231a3b2e4cb8548a412a789936d640a97b1aa0a; jvm 1.8.0_362-b09
2023-04-15 16:31:39,345 [Listener at 127.0.0.1/45033] INFO  server.session (DefaultSessionIdManager.java:doStart(334)) - DefaultSessionIdManager workerName=node0
2023-04-15 16:31:39,346 [Listener at 127.0.0.1/45033] INFO  server.session (DefaultSessionIdManager.java:doStart(339)) - No SessionScavenger set, using defaults
2023-04-15 16:31:39,346 [Listener at 127.0.0.1/45033] INFO  server.session (HouseKeeper.java:startScavenging(132)) - node0 Scavenging every 660000ms
2023-04-15 16:31:39,348 [Listener at 127.0.0.1/45033] INFO  handler.ContextHandler (ContextHandler.java:doStart(921)) - Started o.e.j.s.ServletContextHandler@612070f5{logs,/logs,file:///home/runner/work/ozone/ozone/hadoop-ozone/integration-test/target/log,AVAILABLE}
2023-04-15 16:31:39,348 [Listener at 127.0.0.1/45033] INFO  handler.ContextHandler (ContextHandler.java:doStart(921)) - Started o.e.j.s.ServletContextHandler@5d9dcca0{static,/static,jar:file:/home/runner/.m2/repository/org/apache/ozone/hdds-container-service/1.4.0-SNAPSHOT/hdds-container-service-1.4.0-SNAPSHOT.jar!/webapps/static,AVAILABLE}
2023-04-15 16:31:39,551 [Listener at 127.0.0.1/45033] INFO  handler.ContextHandler (ContextHandler.java:doStart(921)) - Started o.e.j.w.WebAppContext@6811a128{hddsDatanode,/,file:///home/runner/work/ozone/ozone/hadoop-ozone/integration-test/target/test-dir/MiniOzoneClusterImpl-2bdca630-b48d-4c68-bd92-e4e835129ebb/datanode-2/meta/webserver/jetty-0_0_0_0-38411-hdds-container-service-1_4_0-SNAPSHOT_jar-_-any-590188315637105191/webapp/,AVAILABLE}{jar:file:/home/runner/.m2/repository/org/apache/ozone/hdds-container-service/1.4.0-SNAPSHOT/hdds-container-service-1.4.0-SNAPSHOT.jar!/webapps/hddsDatanode}
2023-04-15 16:31:39,552 [Listener at 127.0.0.1/45033] INFO  server.AbstractConnector (AbstractConnector.java:doStart(333)) - Started ServerConnector@559100ea{HTTP/1.1, (http/1.1)}{0.0.0.0:38411}
2023-04-15 16:31:39,552 [Listener at 127.0.0.1/45033] INFO  server.Server (Server.java:doStart(415)) - Started @9266ms
2023-04-15 16:31:39,553 [Listener at 127.0.0.1/45033] WARN  impl.MetricsSystemImpl (MetricsSystemImpl.java:register(279)) - Sink prometheus already exists!
2023-04-15 16:31:39,554 [Listener at 127.0.0.1/45033] INFO  http.BaseHttpServer (BaseHttpServer.java:updateConnectorAddress(344)) - HTTP server of hddsDatanode listening at http://0.0.0.0:38411
2023-04-15 16:31:39,561 [Listener at 127.0.0.1/45033] INFO  ozone.MiniOzoneClusterImpl (MiniOzoneClusterImpl.java:lambda$waitForClusterToBeReady$0(222)) - Waiting for nodes to be ready. Got 0 of 3 DN Heartbeats.
2023-04-15 16:31:39,561 [Listener at 127.0.0.1/45033] INFO  ozone.MiniOzoneClusterImpl (MiniOzoneClusterImpl.java:lambda$waitForClusterToBeReady$0(225)) - Waiting for cluster to exit safe mode
2023-04-15 16:31:39,561 [Listener at 127.0.0.1/45033] INFO  ozone.MiniOzoneClusterImpl (MiniOzoneClusterImpl.java:lambda$waitForClusterToBeReady$0(227)) - SCM became leader
2023-04-15 16:31:39,561 [Datanode State Machine Daemon Thread] INFO  statemachine.DatanodeStateMachine (DatanodeStateMachine.java:lambda$startDaemon$0(517)) - Ozone container server started.
2023-04-15 16:31:39,570 [org.apache.hadoop.util.JvmPauseMonitor$Monitor@35105df6] INFO  util.JvmPauseMonitor (JvmPauseMonitor.java:run(188)) - Starting JVM pause monitor
2023-04-15 16:31:39,574 [Datanode State Machine Task Thread - 0] INFO  datanode.InitDatanodeState (InitDatanodeState.java:persistContainerDatanodeDetails(138)) - DatanodeDetails is persisted to /home/runner/work/ozone/ozone/hadoop-ozone/integration-test/target/test-dir/MiniOzoneClusterImpl-2bdca630-b48d-4c68-bd92-e4e835129ebb/datanode-2/meta/datanode.id
2023-04-15 16:31:40,562 [Listener at 127.0.0.1/45033] INFO  ozone.MiniOzoneClusterImpl (MiniOzoneClusterImpl.java:lambda$waitForClusterToBeReady$0(222)) - Waiting for nodes to be ready. Got 0 of 3 DN Heartbeats.
2023-04-15 16:31:40,562 [Listener at 127.0.0.1/45033] INFO  ozone.MiniOzoneClusterImpl (MiniOzoneClusterImpl.java:lambda$waitForClusterToBeReady$0(225)) - Waiting for cluster to exit safe mode
2023-04-15 16:31:40,562 [Listener at 127.0.0.1/45033] INFO  ozone.MiniOzoneClusterImpl (MiniOzoneClusterImpl.java:lambda$waitForClusterToBeReady$0(227)) - SCM became leader
2023-04-15 16:31:40,580 [EndpointStateMachine task thread for /0.0.0.0:46751 - 0 ] INFO  utils.DatanodeStoreCache (DatanodeStoreCache.java:addDB(58)) - Added db /home/runner/work/ozone/ozone/hadoop-ozone/integration-test/target/test-dir/MiniOzoneClusterImpl-2bdca630-b48d-4c68-bd92-e4e835129ebb/datanode-0/data-0/containers/hdds/2bdca630-b48d-4c68-bd92-e4e835129ebb/DS-fd0d11e9-593b-44e3-87fb-d41c25c5bd74/container.db to cache
2023-04-15 16:31:40,581 [EndpointStateMachine task thread for /0.0.0.0:46751 - 0 ] INFO  volume.HddsVolume (HddsVolume.java:createDbStore(350)) - SchemaV3 db is created and loaded at /home/runner/work/ozone/ozone/hadoop-ozone/integration-test/target/test-dir/MiniOzoneClusterImpl-2bdca630-b48d-4c68-bd92-e4e835129ebb/datanode-0/data-0/containers/hdds/2bdca630-b48d-4c68-bd92-e4e835129ebb/DS-fd0d11e9-593b-44e3-87fb-d41c25c5bd74/container.db for volume DS-fd0d11e9-593b-44e3-87fb-d41c25c5bd74
2023-04-15 16:31:40,582 [EndpointStateMachine task thread for /0.0.0.0:46751 - 0 ] INFO  ozoneimpl.OzoneContainer (OzoneContainer.java:start(397)) - Attempting to start container services.
2023-04-15 16:31:40,584 [EndpointStateMachine task thread for /0.0.0.0:46751 - 0 ] INFO  ozoneimpl.OzoneContainer (OzoneContainer.java:startContainerScrub(314)) - Scheduled background container scanners and the on-demand container scanner have been disabled.
2023-04-15 16:31:40,586 [EndpointStateMachine task thread for /0.0.0.0:46751 - 0 ] INFO  replication.ReplicationServer (ReplicationServer.java:start(109)) - ReplicationServer is started using port 40203
2023-04-15 16:31:40,586 [EndpointStateMachine task thread for /0.0.0.0:46751 - 0 ] INFO  ratis.XceiverServerRatis (XceiverServerRatis.java:start(517)) - Starting XceiverServerRatis 0dee40cf-0d5a-47f0-9c10-89273726be1d
2023-04-15 16:31:40,587 [EndpointStateMachine task thread for /0.0.0.0:46751 - 0 ] INFO  server.RaftServer (RaftServerProxy.java:startImpl(393)) - 0dee40cf-0d5a-47f0-9c10-89273726be1d: start RPC server
2023-04-15 16:31:40,591 [EndpointStateMachine task thread for /0.0.0.0:46751 - 0 ] INFO  server.GrpcService (GrpcService.java:startImpl(262)) - 0dee40cf-0d5a-47f0-9c10-89273726be1d: GrpcService started, listening on 44527
2023-04-15 16:31:40,591 [EndpointStateMachine task thread for /0.0.0.0:46751 - 0 ] INFO  ratis.XceiverServerRatis (XceiverServerRatis.java:getRealPort(543)) - XceiverServerRatis 0dee40cf-0d5a-47f0-9c10-89273726be1d is started using port 44527 for RATIS
2023-04-15 16:31:40,592 [EndpointStateMachine task thread for /0.0.0.0:46751 - 0 ] INFO  ratis.XceiverServerRatis (XceiverServerRatis.java:getRealPort(543)) - XceiverServerRatis 0dee40cf-0d5a-47f0-9c10-89273726be1d is started using port 44527 for RATIS_ADMIN
2023-04-15 16:31:40,592 [EndpointStateMachine task thread for /0.0.0.0:46751 - 0 ] INFO  ratis.XceiverServerRatis (XceiverServerRatis.java:getRealPort(543)) - XceiverServerRatis 0dee40cf-0d5a-47f0-9c10-89273726be1d is started using port 44527 for RATIS_SERVER
2023-04-15 16:31:40,592 [EndpointStateMachine task thread for /0.0.0.0:46751 - 0 ] INFO  ratis.XceiverServerRatis (XceiverServerRatis.java:getRealPort(543)) - XceiverServerRatis 0dee40cf-0d5a-47f0-9c10-89273726be1d is started using port 41653 for RATIS_DATASTREAM
2023-04-15 16:31:40,591 [JvmPauseMonitor1] INFO  util.JvmPauseMonitor (JvmPauseMonitor.java:run(105)) - JvmPauseMonitor-0dee40cf-0d5a-47f0-9c10-89273726be1d: Started
2023-04-15 16:31:40,594 [EndpointStateMachine task thread for /0.0.0.0:46751 - 0 ] INFO  server.XceiverServerGrpc (XceiverServerGrpc.java:start(180)) - XceiverServerGrpc 0dee40cf-0d5a-47f0-9c10-89273726be1d is started using port 43477
2023-04-15 16:31:40,600 [BlockDeletingService#0] INFO  interfaces.ContainerDeletionChoosingPolicyTemplate (ContainerDeletionChoosingPolicyTemplate.java:chooseContainerForBlockDeletion(83)) - Chosen 0/5000 blocks from 0 candidate containers.
2023-04-15 16:31:40,700 [BlockDeletingService#0] INFO  interfaces.ContainerDeletionChoosingPolicyTemplate (ContainerDeletionChoosingPolicyTemplate.java:chooseContainerForBlockDeletion(83)) - Chosen 0/5000 blocks from 0 candidate containers.
2023-04-15 16:31:40,801 [BlockDeletingService#1] INFO  interfaces.ContainerDeletionChoosingPolicyTemplate (ContainerDeletionChoosingPolicyTemplate.java:chooseContainerForBlockDeletion(83)) - Chosen 0/5000 blocks from 0 candidate containers.
2023-04-15 16:31:40,901 [BlockDeletingService#0] INFO  interfaces.ContainerDeletionChoosingPolicyTemplate (ContainerDeletionChoosingPolicyTemplate.java:chooseContainerForBlockDeletion(83)) - Chosen 0/5000 blocks from 0 candidate containers.
2023-04-15 16:31:41,002 [BlockDeletingService#2] INFO  interfaces.ContainerDeletionChoosingPolicyTemplate (ContainerDeletionChoosingPolicyTemplate.java:chooseContainerForBlockDeletion(83)) - Chosen 0/5000 blocks from 0 candidate containers.
2023-04-15 16:31:41,102 [BlockDeletingService#1] INFO  interfaces.ContainerDeletionChoosingPolicyTemplate (ContainerDeletionChoosingPolicyTemplate.java:chooseContainerForBlockDeletion(83)) - Chosen 0/5000 blocks from 0 candidate containers.
2023-04-15 16:31:41,139 [EndpointStateMachine task thread for /0.0.0.0:46751 - 0 ] INFO  utils.DatanodeStoreCache (DatanodeStoreCache.java:addDB(58)) - Added db /home/runner/work/ozone/ozone/hadoop-ozone/integration-test/target/test-dir/MiniOzoneClusterImpl-2bdca630-b48d-4c68-bd92-e4e835129ebb/datanode-1/data-0/containers/hdds/2bdca630-b48d-4c68-bd92-e4e835129ebb/DS-b56fe0bb-affc-4508-972e-4dc471460ac2/container.db to cache
2023-04-15 16:31:41,139 [EndpointStateMachine task thread for /0.0.0.0:46751 - 0 ] INFO  volume.HddsVolume (HddsVolume.java:createDbStore(350)) - SchemaV3 db is created and loaded at /home/runner/work/ozone/ozone/hadoop-ozone/integration-test/target/test-dir/MiniOzoneClusterImpl-2bdca630-b48d-4c68-bd92-e4e835129ebb/datanode-1/data-0/containers/hdds/2bdca630-b48d-4c68-bd92-e4e835129ebb/DS-b56fe0bb-affc-4508-972e-4dc471460ac2/container.db for volume DS-b56fe0bb-affc-4508-972e-4dc471460ac2
2023-04-15 16:31:41,140 [EndpointStateMachine task thread for /0.0.0.0:46751 - 0 ] INFO  ozoneimpl.OzoneContainer (OzoneContainer.java:start(397)) - Attempting to start container services.
2023-04-15 16:31:41,140 [EndpointStateMachine task thread for /0.0.0.0:46751 - 0 ] INFO  ozoneimpl.OzoneContainer (OzoneContainer.java:startContainerScrub(314)) - Scheduled background container scanners and the on-demand container scanner have been disabled.
2023-04-15 16:31:41,141 [EndpointStateMachine task thread for /0.0.0.0:46751 - 0 ] INFO  replication.ReplicationServer (ReplicationServer.java:start(109)) - ReplicationServer is started using port 32841
2023-04-15 16:31:41,141 [EndpointStateMachine task thread for /0.0.0.0:46751 - 0 ] INFO  ratis.XceiverServerRatis (XceiverServerRatis.java:start(517)) - Starting XceiverServerRatis 30c0a845-a217-4f15-8bab-f33012bc7910
2023-04-15 16:31:41,143 [EndpointStateMachine task thread for /0.0.0.0:46751 - 0 ] INFO  server.RaftServer (RaftServerProxy.java:startImpl(393)) - 30c0a845-a217-4f15-8bab-f33012bc7910: start RPC server
2023-04-15 16:31:41,147 [EndpointStateMachine task thread for /0.0.0.0:46751 - 0 ] INFO  server.GrpcService (GrpcService.java:startImpl(262)) - 30c0a845-a217-4f15-8bab-f33012bc7910: GrpcService started, listening on 38457
2023-04-15 16:31:41,149 [EndpointStateMachine task thread for /0.0.0.0:46751 - 0 ] INFO  ratis.XceiverServerRatis (XceiverServerRatis.java:getRealPort(543)) - XceiverServerRatis 30c0a845-a217-4f15-8bab-f33012bc7910 is started using port 38457 for RATIS
2023-04-15 16:31:41,149 [EndpointStateMachine task thread for /0.0.0.0:46751 - 0 ] INFO  ratis.XceiverServerRatis (XceiverServerRatis.java:getRealPort(543)) - XceiverServerRatis 30c0a845-a217-4f15-8bab-f33012bc7910 is started using port 38457 for RATIS_ADMIN
2023-04-15 16:31:41,149 [EndpointStateMachine task thread for /0.0.0.0:46751 - 0 ] INFO  ratis.XceiverServerRatis (XceiverServerRatis.java:getRealPort(543)) - XceiverServerRatis 30c0a845-a217-4f15-8bab-f33012bc7910 is started using port 38457 for RATIS_SERVER
2023-04-15 16:31:41,149 [EndpointStateMachine task thread for /0.0.0.0:46751 - 0 ] INFO  ratis.XceiverServerRatis (XceiverServerRatis.java:getRealPort(543)) - XceiverServerRatis 30c0a845-a217-4f15-8bab-f33012bc7910 is started using port 34839 for RATIS_DATASTREAM
2023-04-15 16:31:41,154 [JvmPauseMonitor2] INFO  util.JvmPauseMonitor (JvmPauseMonitor.java:run(105)) - JvmPauseMonitor-30c0a845-a217-4f15-8bab-f33012bc7910: Started
2023-04-15 16:31:41,155 [EndpointStateMachine task thread for /0.0.0.0:46751 - 0 ] INFO  server.XceiverServerGrpc (XceiverServerGrpc.java:start(180)) - XceiverServerGrpc 30c0a845-a217-4f15-8bab-f33012bc7910 is started using port 37271
2023-04-15 16:31:41,171 [BlockDeletingService#0] INFO  interfaces.ContainerDeletionChoosingPolicyTemplate (ContainerDeletionChoosingPolicyTemplate.java:chooseContainerForBlockDeletion(83)) - Chosen 0/5000 blocks from 0 candidate containers.
2023-04-15 16:31:41,202 [BlockDeletingService#3] INFO  interfaces.ContainerDeletionChoosingPolicyTemplate (ContainerDeletionChoosingPolicyTemplate.java:chooseContainerForBlockDeletion(83)) - Chosen 0/5000 blocks from 0 candidate containers.
2023-04-15 16:31:41,271 [BlockDeletingService#0] INFO  interfaces.ContainerDeletionChoosingPolicyTemplate (ContainerDeletionChoosingPolicyTemplate.java:chooseContainerForBlockDeletion(83)) - Chosen 0/5000 blocks from 0 candidate containers.
2023-04-15 16:31:41,302 [BlockDeletingService#0] INFO  interfaces.ContainerDeletionChoosingPolicyTemplate (ContainerDeletionChoosingPolicyTemplate.java:chooseContainerForBlockDeletion(83)) - Chosen 0/5000 blocks from 0 candidate containers.
2023-04-15 16:31:41,372 [BlockDeletingService#1] INFO  interfaces.ContainerDeletionChoosingPolicyTemplate (ContainerDeletionChoosingPolicyTemplate.java:chooseContainerForBlockDeletion(83)) - Chosen 0/5000 blocks from 0 candidate containers.
2023-04-15 16:31:41,402 [BlockDeletingService#4] INFO  interfaces.ContainerDeletionChoosingPolicyTemplate (ContainerDeletionChoosingPolicyTemplate.java:chooseContainerForBlockDeletion(83)) - Chosen 0/5000 blocks from 0 candidate containers.
2023-04-15 16:31:41,472 [BlockDeletingService#0] INFO  interfaces.ContainerDeletionChoosingPolicyTemplate (ContainerDeletionChoosingPolicyTemplate.java:chooseContainerForBlockDeletion(83)) - Chosen 0/5000 blocks from 0 candidate containers.
2023-04-15 16:31:41,503 [BlockDeletingService#2] INFO  interfaces.ContainerDeletionChoosingPolicyTemplate (ContainerDeletionChoosingPolicyTemplate.java:chooseContainerForBlockDeletion(83)) - Chosen 0/5000 blocks from 0 candidate containers.
2023-04-15 16:31:41,562 [Listener at 127.0.0.1/45033] INFO  ozone.MiniOzoneClusterImpl (MiniOzoneClusterImpl.java:lambda$waitForClusterToBeReady$0(222)) - Waiting for nodes to be ready. Got 0 of 3 DN Heartbeats.
2023-04-15 16:31:41,562 [Listener at 127.0.0.1/45033] INFO  ozone.MiniOzoneClusterImpl (MiniOzoneClusterImpl.java:lambda$waitForClusterToBeReady$0(225)) - Waiting for cluster to exit safe mode
2023-04-15 16:31:41,562 [Listener at 127.0.0.1/45033] INFO  ozone.MiniOzoneClusterImpl (MiniOzoneClusterImpl.java:lambda$waitForClusterToBeReady$0(227)) - SCM became leader
2023-04-15 16:31:41,572 [BlockDeletingService#2] INFO  interfaces.ContainerDeletionChoosingPolicyTemplate (ContainerDeletionChoosingPolicyTemplate.java:chooseContainerForBlockDeletion(83)) - Chosen 0/5000 blocks from 0 candidate containers.
2023-04-15 16:31:41,600 [EndpointStateMachine task thread for /0.0.0.0:46751 - 0 ] INFO  utils.DatanodeStoreCache (DatanodeStoreCache.java:addDB(58)) - Added db /home/runner/work/ozone/ozone/hadoop-ozone/integration-test/target/test-dir/MiniOzoneClusterImpl-2bdca630-b48d-4c68-bd92-e4e835129ebb/datanode-2/data-0/containers/hdds/2bdca630-b48d-4c68-bd92-e4e835129ebb/DS-5b6419eb-83fe-4296-8f62-601b5ce26617/container.db to cache
2023-04-15 16:31:41,600 [EndpointStateMachine task thread for /0.0.0.0:46751 - 0 ] INFO  volume.HddsVolume (HddsVolume.java:createDbStore(350)) - SchemaV3 db is created and loaded at /home/runner/work/ozone/ozone/hadoop-ozone/integration-test/target/test-dir/MiniOzoneClusterImpl-2bdca630-b48d-4c68-bd92-e4e835129ebb/datanode-2/data-0/containers/hdds/2bdca630-b48d-4c68-bd92-e4e835129ebb/DS-5b6419eb-83fe-4296-8f62-601b5ce26617/container.db for volume DS-5b6419eb-83fe-4296-8f62-601b5ce26617
2023-04-15 16:31:41,600 [EndpointStateMachine task thread for /0.0.0.0:46751 - 0 ] INFO  ozoneimpl.OzoneContainer (OzoneContainer.java:start(397)) - Attempting to start container services.
2023-04-15 16:31:41,600 [EndpointStateMachine task thread for /0.0.0.0:46751 - 0 ] INFO  ozoneimpl.OzoneContainer (OzoneContainer.java:startContainerScrub(314)) - Scheduled background container scanners and the on-demand container scanner have been disabled.
2023-04-15 16:31:41,603 [EndpointStateMachine task thread for /0.0.0.0:46751 - 0 ] INFO  replication.ReplicationServer (ReplicationServer.java:start(109)) - ReplicationServer is started using port 44427
2023-04-15 16:31:41,603 [EndpointStateMachine task thread for /0.0.0.0:46751 - 0 ] INFO  ratis.XceiverServerRatis (XceiverServerRatis.java:start(517)) - Starting XceiverServerRatis f16a70e5-fe04-4d06-9179-25c3ad8a94bb
2023-04-15 16:31:41,603 [BlockDeletingService#2] INFO  interfaces.ContainerDeletionChoosingPolicyTemplate (ContainerDeletionChoosingPolicyTemplate.java:chooseContainerForBlockDeletion(83)) - Chosen 0/5000 blocks from 0 candidate containers.
2023-04-15 16:31:41,603 [EndpointStateMachine task thread for /0.0.0.0:46751 - 0 ] INFO  server.RaftServer (RaftServerProxy.java:startImpl(393)) - f16a70e5-fe04-4d06-9179-25c3ad8a94bb: start RPC server
2023-04-15 16:31:41,606 [EndpointStateMachine task thread for /0.0.0.0:46751 - 0 ] INFO  server.GrpcService (GrpcService.java:startImpl(262)) - f16a70e5-fe04-4d06-9179-25c3ad8a94bb: GrpcService started, listening on 36733
2023-04-15 16:31:41,607 [EndpointStateMachine task thread for /0.0.0.0:46751 - 0 ] INFO  ratis.XceiverServerRatis (XceiverServerRatis.java:getRealPort(543)) - XceiverServerRatis f16a70e5-fe04-4d06-9179-25c3ad8a94bb is started using port 36733 for RATIS
2023-04-15 16:31:41,607 [EndpointStateMachine task thread for /0.0.0.0:46751 - 0 ] INFO  ratis.XceiverServerRatis (XceiverServerRatis.java:getRealPort(543)) - XceiverServerRatis f16a70e5-fe04-4d06-9179-25c3ad8a94bb is started using port 36733 for RATIS_ADMIN
2023-04-15 16:31:41,607 [JvmPauseMonitor3] INFO  util.JvmPauseMonitor (JvmPauseMonitor.java:run(105)) - JvmPauseMonitor-f16a70e5-fe04-4d06-9179-25c3ad8a94bb: Started
2023-04-15 16:31:41,607 [EndpointStateMachine task thread for /0.0.0.0:46751 - 0 ] INFO  ratis.XceiverServerRatis (XceiverServerRatis.java:getRealPort(543)) - XceiverServerRatis f16a70e5-fe04-4d06-9179-25c3ad8a94bb is started using port 36733 for RATIS_SERVER
2023-04-15 16:31:41,607 [EndpointStateMachine task thread for /0.0.0.0:46751 - 0 ] INFO  ratis.XceiverServerRatis (XceiverServerRatis.java:getRealPort(543)) - XceiverServerRatis f16a70e5-fe04-4d06-9179-25c3ad8a94bb is started using port 43691 for RATIS_DATASTREAM
2023-04-15 16:31:41,614 [EndpointStateMachine task thread for /0.0.0.0:46751 - 0 ] INFO  server.XceiverServerGrpc (XceiverServerGrpc.java:start(180)) - XceiverServerGrpc f16a70e5-fe04-4d06-9179-25c3ad8a94bb is started using port 33277
2023-04-15 16:31:41,615 [BlockDeletingService#0] INFO  interfaces.ContainerDeletionChoosingPolicyTemplate (ContainerDeletionChoosingPolicyTemplate.java:chooseContainerForBlockDeletion(83)) - Chosen 0/5000 blocks from 0 candidate containers.
2023-04-15 16:31:41,674 [BlockDeletingService#2] INFO  interfaces.ContainerDeletionChoosingPolicyTemplate (ContainerDeletionChoosingPolicyTemplate.java:chooseContainerForBlockDeletion(83)) - Chosen 0/5000 blocks from 0 candidate containers.
2023-04-15 16:31:41,703 [BlockDeletingService#2] INFO  interfaces.ContainerDeletionChoosingPolicyTemplate (ContainerDeletionChoosingPolicyTemplate.java:chooseContainerForBlockDeletion(83)) - Chosen 0/5000 blocks from 0 candidate containers.
2023-04-15 16:31:41,715 [BlockDeletingService#0] INFO  interfaces.ContainerDeletionChoosingPolicyTemplate (ContainerDeletionChoosingPolicyTemplate.java:chooseContainerForBlockDeletion(83)) - Chosen 0/5000 blocks from 0 candidate containers.
2023-04-15 16:31:41,774 [BlockDeletingService#3] INFO  interfaces.ContainerDeletionChoosingPolicyTemplate (ContainerDeletionChoosingPolicyTemplate.java:chooseContainerForBlockDeletion(83)) - Chosen 0/5000 blocks from 0 candidate containers.
2023-04-15 16:31:41,803 [BlockDeletingService#2] INFO  interfaces.ContainerDeletionChoosingPolicyTemplate (ContainerDeletionChoosingPolicyTemplate.java:chooseContainerForBlockDeletion(83)) - Chosen 0/5000 blocks from 0 candidate containers.
2023-04-15 16:31:41,816 [BlockDeletingService#1] INFO  interfaces.ContainerDeletionChoosingPolicyTemplate (ContainerDeletionChoosingPolicyTemplate.java:chooseContainerForBlockDeletion(83)) - Chosen 0/5000 blocks from 0 candidate containers.
2023-04-15 16:31:41,874 [BlockDeletingService#0] INFO  interfaces.ContainerDeletionChoosingPolicyTemplate (ContainerDeletionChoosingPolicyTemplate.java:chooseContainerForBlockDeletion(83)) - Chosen 0/5000 blocks from 0 candidate containers.
2023-04-15 16:31:41,903 [BlockDeletingService#2] INFO  interfaces.ContainerDeletionChoosingPolicyTemplate (ContainerDeletionChoosingPolicyTemplate.java:chooseContainerForBlockDeletion(83)) - Chosen 0/5000 blocks from 0 candidate containers.
2023-04-15 16:31:41,916 [BlockDeletingService#0] INFO  interfaces.ContainerDeletionChoosingPolicyTemplate (ContainerDeletionChoosingPolicyTemplate.java:chooseContainerForBlockDeletion(83)) - Chosen 0/5000 blocks from 0 candidate containers.
2023-04-15 16:31:41,974 [BlockDeletingService#4] INFO  interfaces.ContainerDeletionChoosingPolicyTemplate (ContainerDeletionChoosingPolicyTemplate.java:chooseContainerForBlockDeletion(83)) - Chosen 0/5000 blocks from 0 candidate containers.
2023-04-15 16:31:42,003 [BlockDeletingService#2] INFO  interfaces.ContainerDeletionChoosingPolicyTemplate (ContainerDeletionChoosingPolicyTemplate.java:chooseContainerForBlockDeletion(83)) - Chosen 0/5000 blocks from 0 candidate containers.
2023-04-15 16:31:42,016 [BlockDeletingService#2] INFO  interfaces.ContainerDeletionChoosingPolicyTemplate (ContainerDeletionChoosingPolicyTemplate.java:chooseContainerForBlockDeletion(83)) - Chosen 0/5000 blocks from 0 candidate containers.
2023-04-15 16:31:42,075 [BlockDeletingService#1] INFO  interfaces.ContainerDeletionChoosingPolicyTemplate (ContainerDeletionChoosingPolicyTemplate.java:chooseContainerForBlockDeletion(83)) - Chosen 0/5000 blocks from 0 candidate containers.
2023-04-15 16:31:42,104 [BlockDeletingService#2] INFO  interfaces.ContainerDeletionChoosingPolicyTemplate (ContainerDeletionChoosingPolicyTemplate.java:chooseContainerForBlockDeletion(83)) - Chosen 0/5000 blocks from 0 candidate containers.
2023-04-15 16:31:42,117 [BlockDeletingService#1] INFO  interfaces.ContainerDeletionChoosingPolicyTemplate (ContainerDeletionChoosingPolicyTemplate.java:chooseContainerForBlockDeletion(83)) - Chosen 0/5000 blocks from 0 candidate containers.
2023-04-15 16:31:42,175 [BlockDeletingService#1] INFO  interfaces.ContainerDeletionChoosingPolicyTemplate (ContainerDeletionChoosingPolicyTemplate.java:chooseContainerForBlockDeletion(83)) - Chosen 0/5000 blocks from 0 candidate containers.
2023-04-15 16:31:42,204 [BlockDeletingService#2] INFO  interfaces.ContainerDeletionChoosingPolicyTemplate (ContainerDeletionChoosingPolicyTemplate.java:chooseContainerForBlockDeletion(83)) - Chosen 0/5000 blocks from 0 candidate containers.
2023-04-15 16:31:42,217 [BlockDeletingService#1] INFO  interfaces.ContainerDeletionChoosingPolicyTemplate (ContainerDeletionChoosingPolicyTemplate.java:chooseContainerForBlockDeletion(83)) - Chosen 0/5000 blocks from 0 candidate containers.
2023-04-15 16:31:42,275 [BlockDeletingService#1] INFO  interfaces.ContainerDeletionChoosingPolicyTemplate (ContainerDeletionChoosingPolicyTemplate.java:chooseContainerForBlockDeletion(83)) - Chosen 0/5000 blocks from 0 candidate containers.
2023-04-15 16:31:42,304 [BlockDeletingService#2] INFO  interfaces.ContainerDeletionChoosingPolicyTemplate (ContainerDeletionChoosingPolicyTemplate.java:chooseContainerForBlockDeletion(83)) - Chosen 0/5000 blocks from 0 candidate containers.
2023-04-15 16:31:42,317 [BlockDeletingService#0] INFO  interfaces.ContainerDeletionChoosingPolicyTemplate (ContainerDeletionChoosingPolicyTemplate.java:chooseContainerForBlockDeletion(83)) - Chosen 0/5000 blocks from 0 candidate containers.
2023-04-15 16:31:42,375 [BlockDeletingService#1] INFO  interfaces.ContainerDeletionChoosingPolicyTemplate (ContainerDeletionChoosingPolicyTemplate.java:chooseContainerForBlockDeletion(83)) - Chosen 0/5000 blocks from 0 candidate containers.
2023-04-15 16:31:42,404 [BlockDeletingService#2] INFO  interfaces.ContainerDeletionChoosingPolicyTemplate (ContainerDeletionChoosingPolicyTemplate.java:chooseContainerForBlockDeletion(83)) - Chosen 0/5000 blocks from 0 candidate containers.
2023-04-15 16:31:42,417 [BlockDeletingService#4] INFO  interfaces.ContainerDeletionChoosingPolicyTemplate (ContainerDeletionChoosingPolicyTemplate.java:chooseContainerForBlockDeletion(83)) - Chosen 0/5000 blocks from 0 candidate containers.
2023-04-15 16:31:42,475 [BlockDeletingService#1] INFO  interfaces.ContainerDeletionChoosingPolicyTemplate (ContainerDeletionChoosingPolicyTemplate.java:chooseContainerForBlockDeletion(83)) - Chosen 0/5000 blocks from 0 candidate containers.
2023-04-15 16:31:42,505 [BlockDeletingService#2] INFO  interfaces.ContainerDeletionChoosingPolicyTemplate (ContainerDeletionChoosingPolicyTemplate.java:chooseContainerForBlockDeletion(83)) - Chosen 0/5000 blocks from 0 candidate containers.
2023-04-15 16:31:42,514 [IPC Server handler 19 on default port 46751] INFO  net.NetworkTopologyImpl (NetworkTopologyImpl.java:add(112)) - Added a new node: /default-rack/0dee40cf-0d5a-47f0-9c10-89273726be1d
2023-04-15 16:31:42,516 [IPC Server handler 19 on default port 46751] INFO  node.SCMNodeManager (SCMNodeManager.java:register(404)) - Registered Data node : 0dee40cf-0d5a-47f0-9c10-89273726be1d{ip: 10.1.0.27, host: fv-az202-370.ngw3kpfb2bguzbtcwuqjmbcvef.gx.internal.cloudapp.net, ports: [HTTP=35839, REPLICATION=40203, RATIS=44527, RATIS_ADMIN=44527, RATIS_SERVER=44527, RATIS_DATASTREAM=41653, STANDALONE=43477], networkLocation: /default-rack, certSerialId: null, persistedOpState: null, persistedOpStateExpiryEpochSec: 0}
2023-04-15 16:31:42,520 [BlockDeletingService#2] INFO  interfaces.ContainerDeletionChoosingPolicyTemplate (ContainerDeletionChoosingPolicyTemplate.java:chooseContainerForBlockDeletion(83)) - Chosen 0/5000 blocks from 0 candidate containers.
2023-04-15 16:31:42,535 [EventQueue-NewNodeForNewNodeHandler] INFO  pipeline.BackgroundPipelineCreator (BackgroundPipelineCreator.java:notifyEventTriggered(276)) - trigger a one-shot run on RatisPipelineUtilsThread.
2023-04-15 16:31:42,541 [EventQueue-NodeRegistrationContainerReportForContainerSafeModeRule] INFO  safemode.SCMSafeModeManager (SCMSafeModeManager.java:validateSafeModeExitRules(200)) - ContainerSafeModeRule rule is successfully validated
2023-04-15 16:31:42,541 [EventQueue-NodeRegistrationContainerReportForDataNodeSafeModeRule] INFO  safemode.SCMSafeModeManager (DataNodeSafeModeRule.java:process(71)) - SCM in safe mode. 1 DataNodes registered, 3 required.
2023-04-15 16:31:42,547 [EventQueue-PipelineReportForOneReplicaPipelineSafeModeRule] INFO  safemode.SCMSafeModeManager (SCMSafeModeManager.java:validateSafeModeExitRules(200)) - AtleastOneDatanodeReportedRule rule is successfully validated
2023-04-15 16:31:42,553 [RatisPipelineUtilsThread - 0] INFO  pipeline.RatisPipelineProvider (RatisPipelineProvider.java:lambda$create$0(206)) - Sending CreatePipelineCommand for pipeline:PipelineID=3d1e5590-6e50-4271-b381-bff93e181c58 to datanode:0dee40cf-0d5a-47f0-9c10-89273726be1d
2023-04-15 16:31:42,563 [Listener at 127.0.0.1/45033] INFO  ozone.MiniOzoneClusterImpl (MiniOzoneClusterImpl.java:lambda$waitForClusterToBeReady$0(222)) - Waiting for nodes to be ready. Got 1 of 3 DN Heartbeats.
2023-04-15 16:31:42,563 [Listener at 127.0.0.1/45033] INFO  ozone.MiniOzoneClusterImpl (MiniOzoneClusterImpl.java:lambda$waitForClusterToBeReady$0(225)) - Waiting for cluster to exit safe mode
2023-04-15 16:31:42,563 [Listener at 127.0.0.1/45033] INFO  ozone.MiniOzoneClusterImpl (MiniOzoneClusterImpl.java:lambda$waitForClusterToBeReady$0(227)) - SCM became leader
2023-04-15 16:31:42,565 [RatisPipelineUtilsThread - 0] INFO  pipeline.PipelineStateManagerImpl (PipelineStateManagerImpl.java:addPipeline(103)) - Created pipeline Pipeline[ Id: 3d1e5590-6e50-4271-b381-bff93e181c58, Nodes: 0dee40cf-0d5a-47f0-9c10-89273726be1d(fv-az202-370.ngw3kpfb2bguzbtcwuqjmbcvef.gx.internal.cloudapp.net/10.1.0.27), ReplicationConfig: RATIS/ONE, State:ALLOCATED, leaderId:, CreationTimestamp2023-04-15T16:31:42.552Z[Etc/UTC]].
2023-04-15 16:31:42,576 [BlockDeletingService#1] INFO  interfaces.ContainerDeletionChoosingPolicyTemplate (ContainerDeletionChoosingPolicyTemplate.java:chooseContainerForBlockDeletion(83)) - Chosen 0/5000 blocks from 0 candidate containers.
2023-04-15 16:31:42,605 [BlockDeletingService#2] INFO  interfaces.ContainerDeletionChoosingPolicyTemplate (ContainerDeletionChoosingPolicyTemplate.java:chooseContainerForBlockDeletion(83)) - Chosen 0/5000 blocks from 0 candidate containers.
2023-04-15 16:31:42,620 [BlockDeletingService#2] INFO  interfaces.ContainerDeletionChoosingPolicyTemplate (ContainerDeletionChoosingPolicyTemplate.java:chooseContainerForBlockDeletion(83)) - Chosen 0/5000 blocks from 0 candidate containers.
2023-04-15 16:31:42,676 [BlockDeletingService#1] INFO  interfaces.ContainerDeletionChoosingPolicyTemplate (ContainerDeletionChoosingPolicyTemplate.java:chooseContainerForBlockDeletion(83)) - Chosen 0/5000 blocks from 0 candidate containers.
2023-04-15 16:31:42,705 [BlockDeletingService#2] INFO  interfaces.ContainerDeletionChoosingPolicyTemplate (ContainerDeletionChoosingPolicyTemplate.java:chooseContainerForBlockDeletion(83)) - Chosen 0/5000 blocks from 0 candidate containers.
2023-04-15 16:31:42,720 [BlockDeletingService#2] INFO  interfaces.ContainerDeletionChoosingPolicyTemplate (ContainerDeletionChoosingPolicyTemplate.java:chooseContainerForBlockDeletion(83)) - Chosen 0/5000 blocks from 0 candidate containers.
2023-04-15 16:31:42,776 [BlockDeletingService#1] INFO  interfaces.ContainerDeletionChoosingPolicyTemplate (ContainerDeletionChoosingPolicyTemplate.java:chooseContainerForBlockDeletion(83)) - Chosen 0/5000 blocks from 0 candidate containers.
2023-04-15 16:31:42,805 [BlockDeletingService#2] INFO  interfaces.ContainerDeletionChoosingPolicyTemplate (ContainerDeletionChoosingPolicyTemplate.java:chooseContainerForBlockDeletion(83)) - Chosen 0/5000 blocks from 0 candidate containers.
2023-04-15 16:31:42,821 [BlockDeletingService#2] INFO  interfaces.ContainerDeletionChoosingPolicyTemplate (ContainerDeletionChoosingPolicyTemplate.java:chooseContainerForBlockDeletion(83)) - Chosen 0/5000 blocks from 0 candidate containers.
2023-04-15 16:31:42,876 [BlockDeletingService#1] INFO  interfaces.ContainerDeletionChoosingPolicyTemplate (ContainerDeletionChoosingPolicyTemplate.java:chooseContainerForBlockDeletion(83)) - Chosen 0/5000 blocks from 0 candidate containers.
2023-04-15 16:31:42,905 [BlockDeletingService#2] INFO  interfaces.ContainerDeletionChoosingPolicyTemplate (ContainerDeletionChoosingPolicyTemplate.java:chooseContainerForBlockDeletion(83)) - Chosen 0/5000 blocks from 0 candidate containers.
2023-04-15 16:31:42,921 [BlockDeletingService#2] INFO  interfaces.ContainerDeletionChoosingPolicyTemplate (ContainerDeletionChoosingPolicyTemplate.java:chooseContainerForBlockDeletion(83)) - Chosen 0/5000 blocks from 0 candidate containers.
2023-04-15 16:31:42,976 [BlockDeletingService#1] INFO  interfaces.ContainerDeletionChoosingPolicyTemplate (ContainerDeletionChoosingPolicyTemplate.java:chooseContainerForBlockDeletion(83)) - Chosen 0/5000 blocks from 0 candidate containers.
2023-04-15 16:31:43,006 [BlockDeletingService#2] INFO  interfaces.ContainerDeletionChoosingPolicyTemplate (ContainerDeletionChoosingPolicyTemplate.java:chooseContainerForBlockDeletion(83)) - Chosen 0/5000 blocks from 0 candidate containers.
2023-04-15 16:31:43,021 [BlockDeletingService#2] INFO  interfaces.ContainerDeletionChoosingPolicyTemplate (ContainerDeletionChoosingPolicyTemplate.java:chooseContainerForBlockDeletion(83)) - Chosen 0/5000 blocks from 0 candidate containers.
2023-04-15 16:31:43,077 [BlockDeletingService#1] INFO  interfaces.ContainerDeletionChoosingPolicyTemplate (ContainerDeletionChoosingPolicyTemplate.java:chooseContainerForBlockDeletion(83)) - Chosen 0/5000 blocks from 0 candidate containers.
2023-04-15 16:31:43,106 [BlockDeletingService#2] INFO  interfaces.ContainerDeletionChoosingPolicyTemplate (ContainerDeletionChoosingPolicyTemplate.java:chooseContainerForBlockDeletion(83)) - Chosen 0/5000 blocks from 0 candidate containers.
2023-04-15 16:31:43,112 [IPC Server handler 18 on default port 46751] INFO  net.NetworkTopologyImpl (NetworkTopologyImpl.java:add(112)) - Added a new node: /default-rack/30c0a845-a217-4f15-8bab-f33012bc7910
2023-04-15 16:31:43,112 [IPC Server handler 18 on default port 46751] INFO  node.SCMNodeManager (SCMNodeManager.java:register(404)) - Registered Data node : 30c0a845-a217-4f15-8bab-f33012bc7910{ip: 10.1.0.27, host: fv-az202-370.ngw3kpfb2bguzbtcwuqjmbcvef.gx.internal.cloudapp.net, ports: [HTTP=40281, REPLICATION=32841, RATIS=38457, RATIS_ADMIN=38457, RATIS_SERVER=38457, RATIS_DATASTREAM=34839, STANDALONE=37271], networkLocation: /default-rack, certSerialId: null, persistedOpState: null, persistedOpStateExpiryEpochSec: 0}
2023-04-15 16:31:43,112 [EventQueue-NodeRegistrationContainerReportForDataNodeSafeModeRule] INFO  safemode.SCMSafeModeManager (DataNodeSafeModeRule.java:process(71)) - SCM in safe mode. 2 DataNodes registered, 3 required.
2023-04-15 16:31:43,113 [EventQueue-NewNodeForNewNodeHandler] INFO  pipeline.BackgroundPipelineCreator (BackgroundPipelineCreator.java:notifyEventTriggered(276)) - trigger a one-shot run on RatisPipelineUtilsThread.
2023-04-15 16:31:43,114 [RatisPipelineUtilsThread - 0] INFO  pipeline.RatisPipelineProvider (RatisPipelineProvider.java:lambda$create$0(206)) - Sending CreatePipelineCommand for pipeline:PipelineID=fc4a096e-5eeb-43ea-b275-9fdd69cdec3e to datanode:30c0a845-a217-4f15-8bab-f33012bc7910
2023-04-15 16:31:43,116 [RatisPipelineUtilsThread - 0] INFO  pipeline.PipelineStateManagerImpl (PipelineStateManagerImpl.java:addPipeline(103)) - Created pipeline Pipeline[ Id: fc4a096e-5eeb-43ea-b275-9fdd69cdec3e, Nodes: 30c0a845-a217-4f15-8bab-f33012bc7910(fv-az202-370.ngw3kpfb2bguzbtcwuqjmbcvef.gx.internal.cloudapp.net/10.1.0.27), ReplicationConfig: RATIS/ONE, State:ALLOCATED, leaderId:, CreationTimestamp2023-04-15T16:31:43.114Z[Etc/UTC]].
2023-04-15 16:31:43,121 [BlockDeletingService#2] INFO  interfaces.ContainerDeletionChoosingPolicyTemplate (ContainerDeletionChoosingPolicyTemplate.java:chooseContainerForBlockDeletion(83)) - Chosen 0/5000 blocks from 0 candidate containers.
2023-04-15 16:31:43,177 [BlockDeletingService#1] INFO  interfaces.ContainerDeletionChoosingPolicyTemplate (ContainerDeletionChoosingPolicyTemplate.java:chooseContainerForBlockDeletion(83)) - Chosen 0/5000 blocks from 0 candidate containers.
2023-04-15 16:31:43,206 [BlockDeletingService#2] INFO  interfaces.ContainerDeletionChoosingPolicyTemplate (ContainerDeletionChoosingPolicyTemplate.java:chooseContainerForBlockDeletion(83)) - Chosen 0/5000 blocks from 0 candidate containers.
2023-04-15 16:31:43,221 [BlockDeletingService#2] INFO  interfaces.ContainerDeletionChoosingPolicyTemplate (ContainerDeletionChoosingPolicyTemplate.java:chooseContainerForBlockDeletion(83)) - Chosen 0/5000 blocks from 0 candidate containers.
2023-04-15 16:31:43,277 [BlockDeletingService#1] INFO  interfaces.ContainerDeletionChoosingPolicyTemplate (ContainerDeletionChoosingPolicyTemplate.java:chooseContainerForBlockDeletion(83)) - Chosen 0/5000 blocks from 0 candidate containers.
2023-04-15 16:31:43,306 [BlockDeletingService#2] INFO  interfaces.ContainerDeletionChoosingPolicyTemplate (ContainerDeletionChoosingPolicyTemplate.java:chooseContainerForBlockDeletion(83)) - Chosen 0/5000 blocks from 0 candidate containers.
2023-04-15 16:31:43,321 [BlockDeletingService#2] INFO  interfaces.ContainerDeletionChoosingPolicyTemplate (ContainerDeletionChoosingPolicyTemplate.java:chooseContainerForBlockDeletion(83)) - Chosen 0/5000 blocks from 0 candidate containers.
2023-04-15 16:31:43,377 [BlockDeletingService#1] INFO  interfaces.ContainerDeletionChoosingPolicyTemplate (ContainerDeletionChoosingPolicyTemplate.java:chooseContainerForBlockDeletion(83)) - Chosen 0/5000 blocks from 0 candidate containers.
2023-04-15 16:31:43,406 [BlockDeletingService#2] INFO  interfaces.ContainerDeletionChoosingPolicyTemplate (ContainerDeletionChoosingPolicyTemplate.java:chooseContainerForBlockDeletion(83)) - Chosen 0/5000 blocks from 0 candidate containers.
2023-04-15 16:31:43,422 [BlockDeletingService#2] INFO  interfaces.ContainerDeletionChoosingPolicyTemplate (ContainerDeletionChoosingPolicyTemplate.java:chooseContainerForBlockDeletion(83)) - Chosen 0/5000 blocks from 0 candidate containers.
2023-04-15 16:31:43,477 [BlockDeletingService#1] INFO  interfaces.ContainerDeletionChoosingPolicyTemplate (ContainerDeletionChoosingPolicyTemplate.java:chooseContainerForBlockDeletion(83)) - Chosen 0/5000 blocks from 0 candidate containers.
2023-04-15 16:31:43,507 [BlockDeletingService#2] INFO  interfaces.ContainerDeletionChoosingPolicyTemplate (ContainerDeletionChoosingPolicyTemplate.java:chooseContainerForBlockDeletion(83)) - Chosen 0/5000 blocks from 0 candidate containers.
2023-04-15 16:31:43,522 [BlockDeletingService#2] INFO  interfaces.ContainerDeletionChoosingPolicyTemplate (ContainerDeletionChoosingPolicyTemplate.java:chooseContainerForBlockDeletion(83)) - Chosen 0/5000 blocks from 0 candidate containers.
2023-04-15 16:31:43,563 [Listener at 127.0.0.1/45033] INFO  ozone.MiniOzoneClusterImpl (MiniOzoneClusterImpl.java:lambda$waitForClusterToBeReady$0(222)) - Waiting for nodes to be ready. Got 2 of 3 DN Heartbeats.
2023-04-15 16:31:43,563 [Listener at 127.0.0.1/45033] INFO  ozone.MiniOzoneClusterImpl (MiniOzoneClusterImpl.java:lambda$waitForClusterToBeReady$0(225)) - Waiting for cluster to exit safe mode
2023-04-15 16:31:43,563 [Listener at 127.0.0.1/45033] INFO  ozone.MiniOzoneClusterImpl (MiniOzoneClusterImpl.java:lambda$waitForClusterToBeReady$0(227)) - SCM became leader
2023-04-15 16:31:43,573 [IPC Server handler 16 on default port 46751] INFO  net.NetworkTopologyImpl (NetworkTopologyImpl.java:add(112)) - Added a new node: /default-rack/f16a70e5-fe04-4d06-9179-25c3ad8a94bb
2023-04-15 16:31:43,573 [IPC Server handler 16 on default port 46751] INFO  node.SCMNodeManager (SCMNodeManager.java:register(404)) - Registered Data node : f16a70e5-fe04-4d06-9179-25c3ad8a94bb{ip: 10.1.0.27, host: fv-az202-370.ngw3kpfb2bguzbtcwuqjmbcvef.gx.internal.cloudapp.net, ports: [HTTP=38411, REPLICATION=44427, RATIS=36733, RATIS_ADMIN=36733, RATIS_SERVER=36733, RATIS_DATASTREAM=43691, STANDALONE=33277], networkLocation: /default-rack, certSerialId: null, persistedOpState: null, persistedOpStateExpiryEpochSec: 0}
2023-04-15 16:31:43,574 [EventQueue-NewNodeForNewNodeHandler] INFO  pipeline.BackgroundPipelineCreator (BackgroundPipelineCreator.java:notifyEventTriggered(276)) - trigger a one-shot run on RatisPipelineUtilsThread.
2023-04-15 16:31:43,574 [EventQueue-NodeRegistrationContainerReportForDataNodeSafeModeRule] INFO  safemode.SCMSafeModeManager (DataNodeSafeModeRule.java:process(71)) - SCM in safe mode. 3 DataNodes registered, 3 required.
2023-04-15 16:31:43,578 [EventQueue-NodeRegistrationContainerReportForDataNodeSafeModeRule] INFO  safemode.SCMSafeModeManager (SCMSafeModeManager.java:validateSafeModeExitRules(200)) - DataNodeSafeModeRule rule is successfully validated
2023-04-15 16:31:43,578 [EventQueue-NodeRegistrationContainerReportForDataNodeSafeModeRule] INFO  safemode.SCMSafeModeManager (SCMSafeModeManager.java:completePreCheck(229)) - All SCM safe mode pre check rules have passed
2023-04-15 16:31:43,578 [EventQueue-NodeRegistrationContainerReportForDataNodeSafeModeRule] INFO  ha.SCMContext (SCMContext.java:updateSafeModeStatus(228)) - Update SafeModeStatus from SafeModeStatus{safeModeStatus=true, preCheckPassed=false} to SafeModeStatus{safeModeStatus=true, preCheckPassed=true}.
2023-04-15 16:31:43,578 [EventQueue-NodeRegistrationContainerReportForDataNodeSafeModeRule] INFO  pipeline.BackgroundPipelineCreator (BackgroundPipelineCreator.java:notifyEventTriggered(276)) - trigger a one-shot run on RatisPipelineUtilsThread.
2023-04-15 16:31:43,578 [BlockDeletingService#1] INFO  interfaces.ContainerDeletionChoosingPolicyTemplate (ContainerDeletionChoosingPolicyTemplate.java:chooseContainerForBlockDeletion(83)) - Chosen 0/5000 blocks from 0 candidate containers.
2023-04-15 16:31:43,579 [RatisPipelineUtilsThread - 0] INFO  pipeline.RatisPipelineProvider (RatisPipelineProvider.java:lambda$create$0(206)) - Sending CreatePipelineCommand for pipeline:PipelineID=bd94b54d-4d86-495b-af29-900a83dc8a69 to datanode:f16a70e5-fe04-4d06-9179-25c3ad8a94bb
2023-04-15 16:31:43,579 [RatisPipelineUtilsThread - 0] INFO  pipeline.PipelineStateManagerImpl (PipelineStateManagerImpl.java:addPipeline(103)) - Created pipeline Pipeline[ Id: bd94b54d-4d86-495b-af29-900a83dc8a69, Nodes: f16a70e5-fe04-4d06-9179-25c3ad8a94bb(fv-az202-370.ngw3kpfb2bguzbtcwuqjmbcvef.gx.internal.cloudapp.net/10.1.0.27), ReplicationConfig: RATIS/ONE, State:ALLOCATED, leaderId:, CreationTimestamp2023-04-15T16:31:43.579Z[Etc/UTC]].
2023-04-15 16:31:43,583 [RatisPipelineUtilsThread - 0] INFO  pipeline.RatisPipelineProvider (RatisPipelineProvider.java:lambda$create$0(206)) - Sending CreatePipelineCommand for pipeline:PipelineID=29cd338f-0255-424e-9271-f40867945940 to datanode:f16a70e5-fe04-4d06-9179-25c3ad8a94bb
2023-04-15 16:31:43,583 [RatisPipelineUtilsThread - 0] INFO  pipeline.RatisPipelineProvider (RatisPipelineProvider.java:lambda$create$0(206)) - Sending CreatePipelineCommand for pipeline:PipelineID=29cd338f-0255-424e-9271-f40867945940 to datanode:0dee40cf-0d5a-47f0-9c10-89273726be1d
2023-04-15 16:31:43,584 [RatisPipelineUtilsThread - 0] INFO  pipeline.RatisPipelineProvider (RatisPipelineProvider.java:lambda$create$0(206)) - Sending CreatePipelineCommand for pipeline:PipelineID=29cd338f-0255-424e-9271-f40867945940 to datanode:30c0a845-a217-4f15-8bab-f33012bc7910
2023-04-15 16:31:43,585 [RatisPipelineUtilsThread - 0] INFO  pipeline.PipelineStateManagerImpl (PipelineStateManagerImpl.java:addPipeline(103)) - Created pipeline Pipeline[ Id: 29cd338f-0255-424e-9271-f40867945940, Nodes: f16a70e5-fe04-4d06-9179-25c3ad8a94bb(fv-az202-370.ngw3kpfb2bguzbtcwuqjmbcvef.gx.internal.cloudapp.net/10.1.0.27)0dee40cf-0d5a-47f0-9c10-89273726be1d(fv-az202-370.ngw3kpfb2bguzbtcwuqjmbcvef.gx.internal.cloudapp.net/10.1.0.27)30c0a845-a217-4f15-8bab-f33012bc7910(fv-az202-370.ngw3kpfb2bguzbtcwuqjmbcvef.gx.internal.cloudapp.net/10.1.0.27), ReplicationConfig: RATIS/THREE, State:ALLOCATED, leaderId:, CreationTimestamp2023-04-15T16:31:43.583Z[Etc/UTC]].
2023-04-15 16:31:43,586 [RatisPipelineUtilsThread - 0] WARN  pipeline.PipelinePlacementPolicy (PipelinePlacementPolicy.java:filterViableNodes(160)) - Pipeline creation failed due to no sufficient healthy datanodes. Required 3. Found 0. Excluded 3.
2023-04-15 16:31:43,587 [RatisPipelineUtilsThread - 0] WARN  pipeline.PipelinePlacementPolicy (PipelinePlacementPolicy.java:filterViableNodes(160)) - Pipeline creation failed due to no sufficient healthy datanodes. Required 3. Found 0. Excluded 3.
2023-04-15 16:31:43,607 [BlockDeletingService#2] INFO  interfaces.ContainerDeletionChoosingPolicyTemplate (ContainerDeletionChoosingPolicyTemplate.java:chooseContainerForBlockDeletion(83)) - Chosen 0/5000 blocks from 0 candidate containers.
2023-04-15 16:31:43,622 [BlockDeletingService#2] INFO  interfaces.ContainerDeletionChoosingPolicyTemplate (ContainerDeletionChoosingPolicyTemplate.java:chooseContainerForBlockDeletion(83)) - Chosen 0/5000 blocks from 0 candidate containers.
2023-04-15 16:31:43,678 [BlockDeletingService#1] INFO  interfaces.ContainerDeletionChoosingPolicyTemplate (ContainerDeletionChoosingPolicyTemplate.java:chooseContainerForBlockDeletion(83)) - Chosen 0/5000 blocks from 0 candidate containers.
2023-04-15 16:31:43,707 [BlockDeletingService#2] INFO  interfaces.ContainerDeletionChoosingPolicyTemplate (ContainerDeletionChoosingPolicyTemplate.java:chooseContainerForBlockDeletion(83)) - Chosen 0/5000 blocks from 0 candidate containers.
2023-04-15 16:31:43,722 [BlockDeletingService#2] INFO  interfaces.ContainerDeletionChoosingPolicyTemplate (ContainerDeletionChoosingPolicyTemplate.java:chooseContainerForBlockDeletion(83)) - Chosen 0/5000 blocks from 0 candidate containers.
2023-04-15 16:31:43,779 [BlockDeletingService#1] INFO  interfaces.ContainerDeletionChoosingPolicyTemplate (ContainerDeletionChoosingPolicyTemplate.java:chooseContainerForBlockDeletion(83)) - Chosen 0/5000 blocks from 0 candidate containers.
2023-04-15 16:31:43,807 [BlockDeletingService#2] INFO  interfaces.ContainerDeletionChoosingPolicyTemplate (ContainerDeletionChoosingPolicyTemplate.java:chooseContainerForBlockDeletion(83)) - Chosen 0/5000 blocks from 0 candidate containers.
2023-04-15 16:31:43,822 [BlockDeletingService#2] INFO  interfaces.ContainerDeletionChoosingPolicyTemplate (ContainerDeletionChoosingPolicyTemplate.java:chooseContainerForBlockDeletion(83)) - Chosen 0/5000 blocks from 0 candidate containers.
2023-04-15 16:31:43,879 [BlockDeletingService#1] INFO  interfaces.ContainerDeletionChoosingPolicyTemplate (ContainerDeletionChoosingPolicyTemplate.java:chooseContainerForBlockDeletion(83)) - Chosen 0/5000 blocks from 0 candidate containers.
2023-04-15 16:31:43,908 [BlockDeletingService#2] INFO  interfaces.ContainerDeletionChoosingPolicyTemplate (ContainerDeletionChoosingPolicyTemplate.java:chooseContainerForBlockDeletion(83)) - Chosen 0/5000 blocks from 0 candidate containers.
2023-04-15 16:31:43,923 [BlockDeletingService#2] INFO  interfaces.ContainerDeletionChoosingPolicyTemplate (ContainerDeletionChoosingPolicyTemplate.java:chooseContainerForBlockDeletion(83)) - Chosen 0/5000 blocks from 0 candidate containers.
2023-04-15 16:31:43,979 [BlockDeletingService#1] INFO  interfaces.ContainerDeletionChoosingPolicyTemplate (ContainerDeletionChoosingPolicyTemplate.java:chooseContainerForBlockDeletion(83)) - Chosen 0/5000 blocks from 0 candidate containers.
2023-04-15 16:31:44,008 [BlockDeletingService#2] INFO  interfaces.ContainerDeletionChoosingPolicyTemplate (ContainerDeletionChoosingPolicyTemplate.java:chooseContainerForBlockDeletion(83)) - Chosen 0/5000 blocks from 0 candidate containers.
2023-04-15 16:31:44,023 [BlockDeletingService#2] INFO  interfaces.ContainerDeletionChoosingPolicyTemplate (ContainerDeletionChoosingPolicyTemplate.java:chooseContainerForBlockDeletion(83)) - Chosen 0/5000 blocks from 0 candidate containers.
2023-04-15 16:31:44,079 [BlockDeletingService#1] INFO  interfaces.ContainerDeletionChoosingPolicyTemplate (ContainerDeletionChoosingPolicyTemplate.java:chooseContainerForBlockDeletion(83)) - Chosen 0/5000 blocks from 0 candidate containers.
2023-04-15 16:31:44,108 [BlockDeletingService#2] INFO  interfaces.ContainerDeletionChoosingPolicyTemplate (ContainerDeletionChoosingPolicyTemplate.java:chooseContainerForBlockDeletion(83)) - Chosen 0/5000 blocks from 0 candidate containers.
2023-04-15 16:31:44,123 [BlockDeletingService#2] INFO  interfaces.ContainerDeletionChoosingPolicyTemplate (ContainerDeletionChoosingPolicyTemplate.java:chooseContainerForBlockDeletion(83)) - Chosen 0/5000 blocks from 0 candidate containers.
2023-04-15 16:31:44,179 [BlockDeletingService#1] INFO  interfaces.ContainerDeletionChoosingPolicyTemplate (ContainerDeletionChoosingPolicyTemplate.java:chooseContainerForBlockDeletion(83)) - Chosen 0/5000 blocks from 0 candidate containers.
2023-04-15 16:31:44,208 [BlockDeletingService#2] INFO  interfaces.ContainerDeletionChoosingPolicyTemplate (ContainerDeletionChoosingPolicyTemplate.java:chooseContainerForBlockDeletion(83)) - Chosen 0/5000 blocks from 0 candidate containers.
2023-04-15 16:31:44,223 [BlockDeletingService#2] INFO  interfaces.ContainerDeletionChoosingPolicyTemplate (ContainerDeletionChoosingPolicyTemplate.java:chooseContainerForBlockDeletion(83)) - Chosen 0/5000 blocks from 0 candidate containers.
2023-04-15 16:31:44,280 [BlockDeletingService#1] INFO  interfaces.ContainerDeletionChoosingPolicyTemplate (ContainerDeletionChoosingPolicyTemplate.java:chooseContainerForBlockDeletion(83)) - Chosen 0/5000 blocks from 0 candidate containers.
2023-04-15 16:31:44,308 [BlockDeletingService#2] INFO  interfaces.ContainerDeletionChoosingPolicyTemplate (ContainerDeletionChoosingPolicyTemplate.java:chooseContainerForBlockDeletion(83)) - Chosen 0/5000 blocks from 0 candidate containers.
2023-04-15 16:31:44,323 [BlockDeletingService#2] INFO  interfaces.ContainerDeletionChoosingPolicyTemplate (ContainerDeletionChoosingPolicyTemplate.java:chooseContainerForBlockDeletion(83)) - Chosen 0/5000 blocks from 0 candidate containers.
2023-04-15 16:31:44,380 [BlockDeletingService#1] INFO  interfaces.ContainerDeletionChoosingPolicyTemplate (ContainerDeletionChoosingPolicyTemplate.java:chooseContainerForBlockDeletion(83)) - Chosen 0/5000 blocks from 0 candidate containers.
2023-04-15 16:31:44,408 [BlockDeletingService#2] INFO  interfaces.ContainerDeletionChoosingPolicyTemplate (ContainerDeletionChoosingPolicyTemplate.java:chooseContainerForBlockDeletion(83)) - Chosen 0/5000 blocks from 0 candidate containers.
2023-04-15 16:31:44,423 [BlockDeletingService#2] INFO  interfaces.ContainerDeletionChoosingPolicyTemplate (ContainerDeletionChoosingPolicyTemplate.java:chooseContainerForBlockDeletion(83)) - Chosen 0/5000 blocks from 0 candidate containers.
2023-04-15 16:31:44,480 [BlockDeletingService#1] INFO  interfaces.ContainerDeletionChoosingPolicyTemplate (ContainerDeletionChoosingPolicyTemplate.java:chooseContainerForBlockDeletion(83)) - Chosen 0/5000 blocks from 0 candidate containers.
2023-04-15 16:31:44,509 [BlockDeletingService#2] INFO  interfaces.ContainerDeletionChoosingPolicyTemplate (ContainerDeletionChoosingPolicyTemplate.java:chooseContainerForBlockDeletion(83)) - Chosen 0/5000 blocks from 0 candidate containers.
2023-04-15 16:31:44,524 [BlockDeletingService#2] INFO  interfaces.ContainerDeletionChoosingPolicyTemplate (ContainerDeletionChoosingPolicyTemplate.java:chooseContainerForBlockDeletion(83)) - Chosen 0/5000 blocks from 0 candidate containers.
2023-04-15 16:31:44,564 [Listener at 127.0.0.1/45033] INFO  ozone.MiniOzoneClusterImpl (MiniOzoneClusterImpl.java:lambda$waitForClusterToBeReady$0(222)) - Nodes are ready. Got 3 of 3 DN Heartbeats.
2023-04-15 16:31:44,564 [Listener at 127.0.0.1/45033] INFO  ozone.MiniOzoneClusterImpl (MiniOzoneClusterImpl.java:lambda$waitForClusterToBeReady$0(225)) - Waiting for cluster to exit safe mode
2023-04-15 16:31:44,564 [Listener at 127.0.0.1/45033] INFO  ozone.MiniOzoneClusterImpl (MiniOzoneClusterImpl.java:lambda$waitForClusterToBeReady$0(227)) - SCM became leader
2023-04-15 16:31:44,580 [BlockDeletingService#1] INFO  interfaces.ContainerDeletionChoosingPolicyTemplate (ContainerDeletionChoosingPolicyTemplate.java:chooseContainerForBlockDeletion(83)) - Chosen 0/5000 blocks from 0 candidate containers.
2023-04-15 16:31:44,609 [BlockDeletingService#2] INFO  interfaces.ContainerDeletionChoosingPolicyTemplate (ContainerDeletionChoosingPolicyTemplate.java:chooseContainerForBlockDeletion(83)) - Chosen 0/5000 blocks from 0 candidate containers.
2023-04-15 16:31:44,624 [BlockDeletingService#2] INFO  interfaces.ContainerDeletionChoosingPolicyTemplate (ContainerDeletionChoosingPolicyTemplate.java:chooseContainerForBlockDeletion(83)) - Chosen 0/5000 blocks from 0 candidate containers.
2023-04-15 16:31:44,680 [BlockDeletingService#1] INFO  interfaces.ContainerDeletionChoosingPolicyTemplate (ContainerDeletionChoosingPolicyTemplate.java:chooseContainerForBlockDeletion(83)) - Chosen 0/5000 blocks from 0 candidate containers.
2023-04-15 16:31:44,709 [BlockDeletingService#2] INFO  interfaces.ContainerDeletionChoosingPolicyTemplate (ContainerDeletionChoosingPolicyTemplate.java:chooseContainerForBlockDeletion(83)) - Chosen 0/5000 blocks from 0 candidate containers.
2023-04-15 16:31:44,724 [BlockDeletingService#2] INFO  interfaces.ContainerDeletionChoosingPolicyTemplate (ContainerDeletionChoosingPolicyTemplate.java:chooseContainerForBlockDeletion(83)) - Chosen 0/5000 blocks from 0 candidate containers.
2023-04-15 16:31:44,781 [BlockDeletingService#1] INFO  interfaces.ContainerDeletionChoosingPolicyTemplate (ContainerDeletionChoosingPolicyTemplate.java:chooseContainerForBlockDeletion(83)) - Chosen 0/5000 blocks from 0 candidate containers.
2023-04-15 16:31:44,809 [BlockDeletingService#2] INFO  interfaces.ContainerDeletionChoosingPolicyTemplate (ContainerDeletionChoosingPolicyTemplate.java:chooseContainerForBlockDeletion(83)) - Chosen 0/5000 blocks from 0 candidate containers.
2023-04-15 16:31:44,824 [BlockDeletingService#2] INFO  interfaces.ContainerDeletionChoosingPolicyTemplate (ContainerDeletionChoosingPolicyTemplate.java:chooseContainerForBlockDeletion(83)) - Chosen 0/5000 blocks from 0 candidate containers.
2023-04-15 16:31:44,881 [BlockDeletingService#1] INFO  interfaces.ContainerDeletionChoosingPolicyTemplate (ContainerDeletionChoosingPolicyTemplate.java:chooseContainerForBlockDeletion(83)) - Chosen 0/5000 blocks from 0 candidate containers.
2023-04-15 16:31:44,909 [BlockDeletingService#2] INFO  interfaces.ContainerDeletionChoosingPolicyTemplate (ContainerDeletionChoosingPolicyTemplate.java:chooseContainerForBlockDeletion(83)) - Chosen 0/5000 blocks from 0 candidate containers.
2023-04-15 16:31:44,924 [BlockDeletingService#2] INFO  interfaces.ContainerDeletionChoosingPolicyTemplate (ContainerDeletionChoosingPolicyTemplate.java:chooseContainerForBlockDeletion(83)) - Chosen 0/5000 blocks from 0 candidate containers.
2023-04-15 16:31:44,981 [BlockDeletingService#1] INFO  interfaces.ContainerDeletionChoosingPolicyTemplate (ContainerDeletionChoosingPolicyTemplate.java:chooseContainerForBlockDeletion(83)) - Chosen 0/5000 blocks from 0 candidate containers.
2023-04-15 16:31:45,010 [BlockDeletingService#2] INFO  interfaces.ContainerDeletionChoosingPolicyTemplate (ContainerDeletionChoosingPolicyTemplate.java:chooseContainerForBlockDeletion(83)) - Chosen 0/5000 blocks from 0 candidate containers.
2023-04-15 16:31:45,024 [BlockDeletingService#2] INFO  interfaces.ContainerDeletionChoosingPolicyTemplate (ContainerDeletionChoosingPolicyTemplate.java:chooseContainerForBlockDeletion(83)) - Chosen 0/5000 blocks from 0 candidate containers.
2023-04-15 16:31:45,081 [BlockDeletingService#1] INFO  interfaces.ContainerDeletionChoosingPolicyTemplate (ContainerDeletionChoosingPolicyTemplate.java:chooseContainerForBlockDeletion(83)) - Chosen 0/5000 blocks from 0 candidate containers.
2023-04-15 16:31:45,110 [BlockDeletingService#2] INFO  interfaces.ContainerDeletionChoosingPolicyTemplate (ContainerDeletionChoosingPolicyTemplate.java:chooseContainerForBlockDeletion(83)) - Chosen 0/5000 blocks from 0 candidate containers.
2023-04-15 16:31:45,125 [BlockDeletingService#2] INFO  interfaces.ContainerDeletionChoosingPolicyTemplate (ContainerDeletionChoosingPolicyTemplate.java:chooseContainerForBlockDeletion(83)) - Chosen 0/5000 blocks from 0 candidate containers.
2023-04-15 16:31:45,181 [BlockDeletingService#1] INFO  interfaces.ContainerDeletionChoosingPolicyTemplate (ContainerDeletionChoosingPolicyTemplate.java:chooseContainerForBlockDeletion(83)) - Chosen 0/5000 blocks from 0 candidate containers.
2023-04-15 16:31:45,210 [BlockDeletingService#2] INFO  interfaces.ContainerDeletionChoosingPolicyTemplate (ContainerDeletionChoosingPolicyTemplate.java:chooseContainerForBlockDeletion(83)) - Chosen 0/5000 blocks from 0 candidate containers.
2023-04-15 16:31:45,225 [BlockDeletingService#2] INFO  interfaces.ContainerDeletionChoosingPolicyTemplate (ContainerDeletionChoosingPolicyTemplate.java:chooseContainerForBlockDeletion(83)) - Chosen 0/5000 blocks from 0 candidate containers.
2023-04-15 16:31:45,281 [BlockDeletingService#1] INFO  interfaces.ContainerDeletionChoosingPolicyTemplate (ContainerDeletionChoosingPolicyTemplate.java:chooseContainerForBlockDeletion(83)) - Chosen 0/5000 blocks from 0 candidate containers.
2023-04-15 16:31:45,310 [BlockDeletingService#2] INFO  interfaces.ContainerDeletionChoosingPolicyTemplate (ContainerDeletionChoosingPolicyTemplate.java:chooseContainerForBlockDeletion(83)) - Chosen 0/5000 blocks from 0 candidate containers.
2023-04-15 16:31:45,325 [BlockDeletingService#2] INFO  interfaces.ContainerDeletionChoosingPolicyTemplate (ContainerDeletionChoosingPolicyTemplate.java:chooseContainerForBlockDeletion(83)) - Chosen 0/5000 blocks from 0 candidate containers.
2023-04-15 16:31:45,382 [BlockDeletingService#1] INFO  interfaces.ContainerDeletionChoosingPolicyTemplate (ContainerDeletionChoosingPolicyTemplate.java:chooseContainerForBlockDeletion(83)) - Chosen 0/5000 blocks from 0 candidate containers.
2023-04-15 16:31:45,410 [BlockDeletingService#2] INFO  interfaces.ContainerDeletionChoosingPolicyTemplate (ContainerDeletionChoosingPolicyTemplate.java:chooseContainerForBlockDeletion(83)) - Chosen 0/5000 blocks from 0 candidate containers.
2023-04-15 16:31:45,425 [BlockDeletingService#2] INFO  interfaces.ContainerDeletionChoosingPolicyTemplate (ContainerDeletionChoosingPolicyTemplate.java:chooseContainerForBlockDeletion(83)) - Chosen 0/5000 blocks from 0 candidate containers.
2023-04-15 16:31:45,482 [BlockDeletingService#1] INFO  interfaces.ContainerDeletionChoosingPolicyTemplate (ContainerDeletionChoosingPolicyTemplate.java:chooseContainerForBlockDeletion(83)) - Chosen 0/5000 blocks from 0 candidate containers.
2023-04-15 16:31:45,512 [BlockDeletingService#2] INFO  interfaces.ContainerDeletionChoosingPolicyTemplate (ContainerDeletionChoosingPolicyTemplate.java:chooseContainerForBlockDeletion(83)) - Chosen 0/5000 blocks from 0 candidate containers.
2023-04-15 16:31:45,513 [Command processor thread] INFO  server.RaftServer (RaftServerProxy.java:addNew(96)) - 0dee40cf-0d5a-47f0-9c10-89273726be1d: addNew group-BFF93E181C58:[0dee40cf-0d5a-47f0-9c10-89273726be1d|rpc:10.1.0.27:44527|dataStream:10.1.0.27:41653|priority:1|startupRole:FOLLOWER] returns group-BFF93E181C58:java.util.concurrent.CompletableFuture@46156d21[Not completed]
2023-04-15 16:31:45,525 [BlockDeletingService#2] INFO  interfaces.ContainerDeletionChoosingPolicyTemplate (ContainerDeletionChoosingPolicyTemplate.java:chooseContainerForBlockDeletion(83)) - Chosen 0/5000 blocks from 0 candidate containers.
2023-04-15 16:31:45,527 [pool-79-thread-1] INFO  server.RaftServer$Division (RaftServerImpl.java:<init>(195)) - 0dee40cf-0d5a-47f0-9c10-89273726be1d: new RaftServerImpl for group-BFF93E181C58:[0dee40cf-0d5a-47f0-9c10-89273726be1d|rpc:10.1.0.27:44527|dataStream:10.1.0.27:41653|priority:1|startupRole:FOLLOWER] with ContainerStateMachine:uninitialized
2023-04-15 16:31:45,527 [pool-79-thread-1] INFO  server.RaftServerConfigKeys (ConfUtils.java:logGet(46)) - raft.server.rpc.timeout.min = 5s (custom)
2023-04-15 16:31:45,527 [pool-79-thread-1] INFO  server.RaftServerConfigKeys (ConfUtils.java:logGet(46)) - raft.server.rpc.timeout.max = 5200ms (custom)
2023-04-15 16:31:45,527 [pool-79-thread-1] INFO  server.RaftServerConfigKeys (ConfUtils.java:logGet(46)) - raft.server.rpc.sleep.time = 25ms (default)
2023-04-15 16:31:45,527 [pool-79-thread-1] INFO  server.RaftServerConfigKeys (ConfUtils.java:logGet(46)) - raft.server.rpc.slowness.timeout = 1000000ms (custom)
2023-04-15 16:31:45,527 [pool-79-thread-1] INFO  server.RaftServerConfigKeys (ConfUtils.java:logGet(46)) - raft.server.leaderelection.leader.step-down.wait-time = 10s (default)
2023-04-15 16:31:45,528 [pool-79-thread-1] INFO  server.RaftServerConfigKeys (ConfUtils.java:logGet(46)) - raft.server.sleep.deviation.threshold = 300ms (default)
2023-04-15 16:31:45,528 [pool-79-thread-1] INFO  server.RaftServer$Division (ServerState.java:<init>(118)) - 0dee40cf-0d5a-47f0-9c10-89273726be1d@group-BFF93E181C58: ConfigurationManager, init=-1: peers:[0dee40cf-0d5a-47f0-9c10-89273726be1d|rpc:10.1.0.27:44527|dataStream:10.1.0.27:41653|priority:1|startupRole:FOLLOWER]|listeners:[], old=null, confs=<EMPTY_MAP>
2023-04-15 16:31:45,528 [pool-79-thread-1] INFO  server.RaftServerConfigKeys (ConfUtils.java:logGet(46)) - raft.server.storage.dir = [/home/runner/work/ozone/ozone/hadoop-ozone/integration-test/target/test-dir/MiniOzoneClusterImpl-2bdca630-b48d-4c68-bd92-e4e835129ebb/datanode-0/data/ratis] (custom)
2023-04-15 16:31:45,528 [pool-79-thread-1] INFO  server.RaftServerConfigKeys (ConfUtils.java:logGet(46)) - raft.server.log.corruption.policy = EXCEPTION (default)
2023-04-15 16:31:45,528 [pool-79-thread-1] INFO  server.RaftServerConfigKeys (ConfUtils.java:logGet(46)) - raft.server.storage.free-space.min = 0MB (=0) (default)
2023-04-15 16:31:45,528 [pool-79-thread-1] INFO  server.RaftServerConfigKeys (ConfUtils.java:logGet(46)) - raft.server.notification.no-leader.timeout = 1000000ms (custom)
2023-04-15 16:31:45,528 [pool-79-thread-1] INFO  server.RaftServerConfigKeys (ConfUtils.java:logGet(46)) - raft.server.retrycache.expirytime = 600000ms (custom)
2023-04-15 16:31:45,528 [pool-79-thread-1] INFO  server.RaftServerConfigKeys (ConfUtils.java:logGet(46)) - raft.server.retrycache.statistics.expirytime = 100μs (default)
2023-04-15 16:31:45,532 [pool-79-thread-1] INFO  server.RaftServerConfigKeys (ConfUtils.java:logGet(46)) - raft.server.log.appender.install.snapshot.enabled = false (custom)
2023-04-15 16:31:45,532 [pool-79-thread-1] INFO  server.RaftServerConfigKeys (ConfUtils.java:logGet(46)) - raft.server.threadpool.server.cached = true (default)
2023-04-15 16:31:45,532 [pool-79-thread-1] INFO  server.RaftServerConfigKeys (ConfUtils.java:logGet(46)) - raft.server.threadpool.server.size = 0 (default)
2023-04-15 16:31:45,532 [pool-79-thread-1] INFO  server.RaftServerConfigKeys (ConfUtils.java:logGet(46)) - raft.server.threadpool.client.cached = true (default)
2023-04-15 16:31:45,532 [pool-79-thread-1] INFO  server.RaftServerConfigKeys (ConfUtils.java:logGet(46)) - raft.server.threadpool.client.size = 0 (default)
2023-04-15 16:31:45,532 [pool-79-thread-1] INFO  storage.RaftStorageDirectory (RaftStorageDirectoryImpl.java:analyzeStorage(137)) - The storage directory /home/runner/work/ozone/ozone/hadoop-ozone/integration-test/target/test-dir/MiniOzoneClusterImpl-2bdca630-b48d-4c68-bd92-e4e835129ebb/datanode-0/data/ratis/3d1e5590-6e50-4271-b381-bff93e181c58 does not exist. Creating ...
2023-04-15 16:31:45,536 [pool-79-thread-1] INFO  storage.RaftStorageDirectory (RaftStorageDirectoryImpl.java:tryLock(231)) - Lock on /home/runner/work/ozone/ozone/hadoop-ozone/integration-test/target/test-dir/MiniOzoneClusterImpl-2bdca630-b48d-4c68-bd92-e4e835129ebb/datanode-0/data/ratis/3d1e5590-6e50-4271-b381-bff93e181c58/in_use.lock acquired by nodename 2345@fv-az202-370
2023-04-15 16:31:45,537 [pool-79-thread-1] INFO  storage.RaftStorage (RaftStorageImpl.java:format(96)) - Storage directory /home/runner/work/ozone/ozone/hadoop-ozone/integration-test/target/test-dir/MiniOzoneClusterImpl-2bdca630-b48d-4c68-bd92-e4e835129ebb/datanode-0/data/ratis/3d1e5590-6e50-4271-b381-bff93e181c58 has been successfully formatted.
2023-04-15 16:31:45,540 [pool-79-thread-1] INFO  ratis.ContainerStateMachine (ContainerStateMachine.java:loadSnapshot(262)) - group-BFF93E181C58: The snapshot info is null. Setting the last applied indexto:(t:0, i:~)
2023-04-15 16:31:45,540 [pool-79-thread-1] INFO  server.RaftServerConfigKeys (ConfUtils.java:logGet(46)) - raft.server.log.use.memory = false (default)
2023-04-15 16:31:45,542 [EventQueue-PipelineReportForPipelineReportHandler] INFO  pipeline.PipelineManagerImpl (PipelineManagerImpl.java:openPipeline(367)) - Pipeline Pipeline[ Id: 3d1e5590-6e50-4271-b381-bff93e181c58, Nodes: 0dee40cf-0d5a-47f0-9c10-89273726be1d(fv-az202-370.ngw3kpfb2bguzbtcwuqjmbcvef.gx.internal.cloudapp.net/10.1.0.27), ReplicationConfig: RATIS/ONE, State:ALLOCATED, leaderId:0dee40cf-0d5a-47f0-9c10-89273726be1d, CreationTimestamp2023-04-15T16:31:42.552Z[Etc/UTC]] moved to OPEN state
2023-04-15 16:31:45,542 [pool-79-thread-1] INFO  server.RaftServerConfigKeys (ConfUtils.java:logGet(46)) - raft.server.log.purge.gap = 1000000 (custom)
2023-04-15 16:31:45,543 [pool-79-thread-1] INFO  server.RaftServerConfigKeys (ConfUtils.java:logGet(46)) - raft.server.log.appender.buffer.byte-limit = 33554432 (custom)
2023-04-15 16:31:45,543 [pool-79-thread-1] INFO  server.RaftServerConfigKeys (ConfUtils.java:logGet(46)) - raft.server.log.statemachine.data.read.timeout = 1000ms (default)
2023-04-15 16:31:45,543 [pool-79-thread-1] INFO  server.RaftServerConfigKeys (ConfUtils.java:logGet(46)) - raft.server.log.purge.preservation.log.num = 0 (default)
2023-04-15 16:31:45,544 [pool-79-thread-1] INFO  server.RaftServerConfigKeys (ConfUtils.java:logGet(46)) - raft.server.log.segment.size.max = 1048576 (custom)
2023-04-15 16:31:45,544 [pool-79-thread-1] INFO  server.RaftServerConfigKeys (ConfUtils.java:logGet(46)) - raft.server.log.segment.cache.num.max = 2 (custom)
2023-04-15 16:31:45,545 [EventQueue-OpenPipelineForHealthyPipelineSafeModeRule] INFO  safemode.SCMSafeModeManager (HealthyPipelineSafeModeRule.java:process(137)) - SCM in safe mode. Healthy pipelines reported count is 0, required healthy pipeline reported count is 1
2023-04-15 16:31:45,546 [pool-79-thread-1] INFO  server.RaftServerConfigKeys (ConfUtils.java:logGet(46)) - raft.server.log.segment.cache.size.max = 200MB (=209715200) (default)
2023-04-15 16:31:45,547 [pool-79-thread-1] INFO  segmented.SegmentedRaftLogWorker (SegmentedRaftLogWorker.java:<init>(189)) - new 0dee40cf-0d5a-47f0-9c10-89273726be1d@group-BFF93E181C58-SegmentedRaftLogWorker for RaftStorageImpl:Storage Directory /home/runner/work/ozone/ozone/hadoop-ozone/integration-test/target/test-dir/MiniOzoneClusterImpl-2bdca630-b48d-4c68-bd92-e4e835129ebb/datanode-0/data/ratis/3d1e5590-6e50-4271-b381-bff93e181c58
2023-04-15 16:31:45,547 [pool-79-thread-1] INFO  server.RaftServerConfigKeys (ConfUtils.java:logGet(46)) - raft.server.log.queue.byte-limit = 4294967296 (custom)
2023-04-15 16:31:45,547 [pool-79-thread-1] INFO  server.RaftServerConfigKeys (ConfUtils.java:logGet(46)) - raft.server.log.queue.element-limit = 1024 (custom)
2023-04-15 16:31:45,547 [pool-79-thread-1] INFO  server.RaftServerConfigKeys (ConfUtils.java:logGet(46)) - raft.server.log.segment.size.max = 1048576 (custom)
2023-04-15 16:31:45,547 [pool-79-thread-1] INFO  server.RaftServerConfigKeys (ConfUtils.java:logGet(46)) - raft.server.log.preallocated.size = 16384 (custom)
2023-04-15 16:31:45,547 [pool-79-thread-1] INFO  server.RaftServerConfigKeys (ConfUtils.java:logGet(46)) - raft.server.log.force.sync.num = 128 (default)
2023-04-15 16:31:45,547 [pool-79-thread-1] INFO  server.RaftServerConfigKeys (ConfUtils.java:logGet(46)) - raft.server.log.statemachine.data.sync = true (default)
2023-04-15 16:31:45,547 [pool-79-thread-1] INFO  server.RaftServerConfigKeys (ConfUtils.java:logGet(46)) - raft.server.log.statemachine.data.sync.timeout = 10s (default)
2023-04-15 16:31:45,547 [pool-79-thread-1] INFO  server.RaftServerConfigKeys (ConfUtils.java:logGet(46)) - raft.server.log.statemachine.data.sync.timeout.retry = -1 (default)
2023-04-15 16:31:45,554 [pool-79-thread-1] INFO  server.RaftServerConfigKeys (ConfUtils.java:logGet(46)) - raft.server.log.write.buffer.size = 1048576 (custom)
2023-04-15 16:31:45,555 [pool-79-thread-1] INFO  server.RaftServerConfigKeys (ConfUtils.java:logGet(46)) - raft.server.log.appender.buffer.byte-limit = 33554432 (custom)
2023-04-15 16:31:45,560 [pool-79-thread-1] INFO  server.RaftServerConfigKeys (ConfUtils.java:logGet(46)) - raft.server.log.unsafe-flush.enabled = false (default)
2023-04-15 16:31:45,560 [pool-79-thread-1] INFO  server.RaftServerConfigKeys (ConfUtils.java:logGet(46)) - raft.server.log.async-flush.enabled = false (default)
2023-04-15 16:31:45,560 [pool-79-thread-1] INFO  server.RaftServerConfigKeys (ConfUtils.java:logGet(46)) - raft.server.log.statemachine.data.caching.enabled = true (custom)
2023-04-15 16:31:45,560 [pool-79-thread-1] INFO  segmented.SegmentedRaftLogWorker (SegmentedRaftLogWorker.java:lambda$new$0(135)) - 0dee40cf-0d5a-47f0-9c10-89273726be1d@group-BFF93E181C58-SegmentedRaftLogWorker: flushIndex: setUnconditionally 0 -> -1
2023-04-15 16:31:45,560 [pool-79-thread-1] INFO  segmented.SegmentedRaftLogWorker (SegmentedRaftLogWorker.java:lambda$new$0(135)) - 0dee40cf-0d5a-47f0-9c10-89273726be1d@group-BFF93E181C58-SegmentedRaftLogWorker: safeCacheEvictIndex: setUnconditionally 0 -> -1
2023-04-15 16:31:45,560 [pool-79-thread-1] INFO  server.RaftServer$Division (RaftServerImpl.java:start(334)) - 0dee40cf-0d5a-47f0-9c10-89273726be1d@group-BFF93E181C58: start as a follower, conf=-1: peers:[0dee40cf-0d5a-47f0-9c10-89273726be1d|rpc:10.1.0.27:44527|dataStream:10.1.0.27:41653|priority:1|startupRole:FOLLOWER]|listeners:[], old=null
2023-04-15 16:31:45,560 [pool-79-thread-1] INFO  server.RaftServer$Division (RaftServerImpl.java:setRole(321)) - 0dee40cf-0d5a-47f0-9c10-89273726be1d@group-BFF93E181C58: changes role from      null to FOLLOWER at term 0 for startAsFollower
2023-04-15 16:31:45,560 [pool-79-thread-1] INFO  impl.RoleInfo (RoleInfo.java:updateAndGet(139)) - 0dee40cf-0d5a-47f0-9c10-89273726be1d: start 0dee40cf-0d5a-47f0-9c10-89273726be1d@group-BFF93E181C58-FollowerState
2023-04-15 16:31:45,561 [pool-79-thread-1] INFO  util.JmxRegister (JmxRegister.java:tryRegister(44)) - Successfully registered JMX Bean with object name Ratis:service=RaftServer,group=group-BFF93E181C58,id=0dee40cf-0d5a-47f0-9c10-89273726be1d
2023-04-15 16:31:45,561 [0dee40cf-0d5a-47f0-9c10-89273726be1d@group-BFF93E181C58-FollowerState] INFO  server.RaftServerConfigKeys (ConfUtils.java:logFallback(53)) - raft.server.rpc.first-election.timeout.min = 5s (fallback to raft.server.rpc.timeout.min)
2023-04-15 16:31:45,561 [pool-79-thread-1] INFO  server.RaftServerConfigKeys (ConfUtils.java:logGet(46)) - raft.server.snapshot.auto.trigger.enabled = true (custom)
2023-04-15 16:31:45,561 [0dee40cf-0d5a-47f0-9c10-89273726be1d@group-BFF93E181C58-FollowerState] INFO  server.RaftServerConfigKeys (ConfUtils.java:logFallback(53)) - raft.server.rpc.first-election.timeout.max = 5200ms (fallback to raft.server.rpc.timeout.max)
2023-04-15 16:31:45,561 [pool-79-thread-1] INFO  server.RaftServerConfigKeys (ConfUtils.java:logGet(46)) - raft.server.snapshot.auto.trigger.threshold = 10000 (custom)
2023-04-15 16:31:45,561 [pool-79-thread-1] INFO  server.RaftServerConfigKeys (ConfUtils.java:logGet(46)) - raft.server.snapshot.retention.file.num = 5 (custom)
2023-04-15 16:31:45,561 [pool-79-thread-1] INFO  server.RaftServerConfigKeys (ConfUtils.java:logGet(46)) - raft.server.log.purge.upto.snapshot.index = false (default)
2023-04-15 16:31:45,565 [Listener at 127.0.0.1/45033] INFO  ozone.MiniOzoneClusterImpl (MiniOzoneClusterImpl.java:lambda$waitForClusterToBeReady$0(222)) - Nodes are ready. Got 3 of 3 DN Heartbeats.
2023-04-15 16:31:45,565 [Listener at 127.0.0.1/45033] INFO  ozone.MiniOzoneClusterImpl (MiniOzoneClusterImpl.java:lambda$waitForClusterToBeReady$0(225)) - Waiting for cluster to exit safe mode
2023-04-15 16:31:45,565 [Listener at 127.0.0.1/45033] INFO  ozone.MiniOzoneClusterImpl (MiniOzoneClusterImpl.java:lambda$waitForClusterToBeReady$0(227)) - SCM became leader
2023-04-15 16:31:45,570 [Command processor thread] INFO  ratis.XceiverServerRatis (XceiverServerRatis.java:addGroup(806)) - Created group PipelineID=3d1e5590-6e50-4271-b381-bff93e181c58
2023-04-15 16:31:45,570 [Command processor thread] INFO  commandhandler.CreatePipelineCommandHandler (CreatePipelineCommandHandler.java:handle(113)) - Created Pipeline RATIS ONE PipelineID=3d1e5590-6e50-4271-b381-bff93e181c58.
2023-04-15 16:31:45,571 [Command processor thread] INFO  server.RaftServer (RaftServerProxy.java:addNew(96)) - 0dee40cf-0d5a-47f0-9c10-89273726be1d: addNew group-F40867945940:[0dee40cf-0d5a-47f0-9c10-89273726be1d|rpc:10.1.0.27:44527|dataStream:10.1.0.27:41653|priority:0|startupRole:FOLLOWER, 30c0a845-a217-4f15-8bab-f33012bc7910|rpc:10.1.0.27:38457|dataStream:10.1.0.27:34839|priority:1|startupRole:FOLLOWER, f16a70e5-fe04-4d06-9179-25c3ad8a94bb|rpc:10.1.0.27:36733|dataStream:10.1.0.27:43691|priority:0|startupRole:FOLLOWER] returns group-F40867945940:java.util.concurrent.CompletableFuture@b066cb[Not completed]
2023-04-15 16:31:45,575 [pool-79-thread-1] INFO  server.RaftServer$Division (RaftServerImpl.java:<init>(195)) - 0dee40cf-0d5a-47f0-9c10-89273726be1d: new RaftServerImpl for group-F40867945940:[0dee40cf-0d5a-47f0-9c10-89273726be1d|rpc:10.1.0.27:44527|dataStream:10.1.0.27:41653|priority:0|startupRole:FOLLOWER, 30c0a845-a217-4f15-8bab-f33012bc7910|rpc:10.1.0.27:38457|dataStream:10.1.0.27:34839|priority:1|startupRole:FOLLOWER, f16a70e5-fe04-4d06-9179-25c3ad8a94bb|rpc:10.1.0.27:36733|dataStream:10.1.0.27:43691|priority:0|startupRole:FOLLOWER] with ContainerStateMachine:uninitialized
2023-04-15 16:31:45,575 [pool-79-thread-1] INFO  server.RaftServerConfigKeys (ConfUtils.java:logGet(46)) - raft.server.rpc.timeout.min = 5s (custom)
2023-04-15 16:31:45,575 [pool-79-thread-1] INFO  server.RaftServerConfigKeys (ConfUtils.java:logGet(46)) - raft.server.rpc.timeout.max = 5200ms (custom)
2023-04-15 16:31:45,575 [pool-79-thread-1] INFO  server.RaftServerConfigKeys (ConfUtils.java:logGet(46)) - raft.server.rpc.sleep.time = 25ms (default)
2023-04-15 16:31:45,575 [pool-79-thread-1] INFO  server.RaftServerConfigKeys (ConfUtils.java:logGet(46)) - raft.server.rpc.slowness.timeout = 1000000ms (custom)
2023-04-15 16:31:45,575 [pool-79-thread-1] INFO  server.RaftServerConfigKeys (ConfUtils.java:logGet(46)) - raft.server.leaderelection.leader.step-down.wait-time = 10s (default)
2023-04-15 16:31:45,575 [pool-79-thread-1] INFO  server.RaftServerConfigKeys (ConfUtils.java:logGet(46)) - raft.server.sleep.deviation.threshold = 300ms (default)
2023-04-15 16:31:45,575 [pool-79-thread-1] INFO  server.RaftServer$Division (ServerState.java:<init>(118)) - 0dee40cf-0d5a-47f0-9c10-89273726be1d@group-F40867945940: ConfigurationManager, init=-1: peers:[0dee40cf-0d5a-47f0-9c10-89273726be1d|rpc:10.1.0.27:44527|dataStream:10.1.0.27:41653|priority:0|startupRole:FOLLOWER, 30c0a845-a217-4f15-8bab-f33012bc7910|rpc:10.1.0.27:38457|dataStream:10.1.0.27:34839|priority:1|startupRole:FOLLOWER, f16a70e5-fe04-4d06-9179-25c3ad8a94bb|rpc:10.1.0.27:36733|dataStream:10.1.0.27:43691|priority:0|startupRole:FOLLOWER]|listeners:[], old=null, confs=<EMPTY_MAP>
2023-04-15 16:31:45,579 [pool-79-thread-1] INFO  server.RaftServerConfigKeys (ConfUtils.java:logGet(46)) - raft.server.storage.dir = [/home/runner/work/ozone/ozone/hadoop-ozone/integration-test/target/test-dir/MiniOzoneClusterImpl-2bdca630-b48d-4c68-bd92-e4e835129ebb/datanode-0/data/ratis] (custom)
2023-04-15 16:31:45,580 [pool-79-thread-1] INFO  server.RaftServerConfigKeys (ConfUtils.java:logGet(46)) - raft.server.log.corruption.policy = EXCEPTION (default)
2023-04-15 16:31:45,580 [pool-79-thread-1] INFO  server.RaftServerConfigKeys (ConfUtils.java:logGet(46)) - raft.server.storage.free-space.min = 0MB (=0) (default)
2023-04-15 16:31:45,580 [pool-79-thread-1] INFO  server.RaftServerConfigKeys (ConfUtils.java:logGet(46)) - raft.server.notification.no-leader.timeout = 1000000ms (custom)
2023-04-15 16:31:45,580 [pool-79-thread-1] INFO  server.RaftServerConfigKeys (ConfUtils.java:logGet(46)) - raft.server.retrycache.expirytime = 600000ms (custom)
2023-04-15 16:31:45,580 [pool-79-thread-1] INFO  server.RaftServerConfigKeys (ConfUtils.java:logGet(46)) - raft.server.retrycache.statistics.expirytime = 100μs (default)
2023-04-15 16:31:45,581 [pool-79-thread-1] INFO  server.RaftServerConfigKeys (ConfUtils.java:logGet(46)) - raft.server.log.appender.install.snapshot.enabled = false (custom)
2023-04-15 16:31:45,581 [pool-79-thread-1] INFO  server.RaftServerConfigKeys (ConfUtils.java:logGet(46)) - raft.server.threadpool.server.cached = true (default)
2023-04-15 16:31:45,581 [pool-79-thread-1] INFO  server.RaftServerConfigKeys (ConfUtils.java:logGet(46)) - raft.server.threadpool.server.size = 0 (default)
2023-04-15 16:31:45,581 [pool-79-thread-1] INFO  server.RaftServerConfigKeys (ConfUtils.java:logGet(46)) - raft.server.threadpool.client.cached = true (default)
2023-04-15 16:31:45,582 [BlockDeletingService#1] INFO  interfaces.ContainerDeletionChoosingPolicyTemplate (ContainerDeletionChoosingPolicyTemplate.java:chooseContainerForBlockDeletion(83)) - Chosen 0/5000 blocks from 0 candidate containers.
2023-04-15 16:31:45,586 [pool-79-thread-1] INFO  server.RaftServerConfigKeys (ConfUtils.java:logGet(46)) - raft.server.threadpool.client.size = 0 (default)
2023-04-15 16:31:45,587 [pool-79-thread-1] INFO  storage.RaftStorageDirectory (RaftStorageDirectoryImpl.java:analyzeStorage(137)) - The storage directory /home/runner/work/ozone/ozone/hadoop-ozone/integration-test/target/test-dir/MiniOzoneClusterImpl-2bdca630-b48d-4c68-bd92-e4e835129ebb/datanode-0/data/ratis/29cd338f-0255-424e-9271-f40867945940 does not exist. Creating ...
2023-04-15 16:31:45,589 [pool-79-thread-1] INFO  storage.RaftStorageDirectory (RaftStorageDirectoryImpl.java:tryLock(231)) - Lock on /home/runner/work/ozone/ozone/hadoop-ozone/integration-test/target/test-dir/MiniOzoneClusterImpl-2bdca630-b48d-4c68-bd92-e4e835129ebb/datanode-0/data/ratis/29cd338f-0255-424e-9271-f40867945940/in_use.lock acquired by nodename 2345@fv-az202-370
2023-04-15 16:31:45,591 [pool-79-thread-1] INFO  storage.RaftStorage (RaftStorageImpl.java:format(96)) - Storage directory /home/runner/work/ozone/ozone/hadoop-ozone/integration-test/target/test-dir/MiniOzoneClusterImpl-2bdca630-b48d-4c68-bd92-e4e835129ebb/datanode-0/data/ratis/29cd338f-0255-424e-9271-f40867945940 has been successfully formatted.
2023-04-15 16:31:45,591 [pool-79-thread-1] INFO  ratis.ContainerStateMachine (ContainerStateMachine.java:loadSnapshot(262)) - group-F40867945940: The snapshot info is null. Setting the last applied indexto:(t:0, i:~)
2023-04-15 16:31:45,591 [pool-79-thread-1] INFO  server.RaftServerConfigKeys (ConfUtils.java:logGet(46)) - raft.server.log.use.memory = false (default)
2023-04-15 16:31:45,591 [pool-79-thread-1] INFO  server.RaftServerConfigKeys (ConfUtils.java:logGet(46)) - raft.server.log.purge.gap = 1000000 (custom)
2023-04-15 16:31:45,592 [pool-79-thread-1] INFO  server.RaftServerConfigKeys (ConfUtils.java:logGet(46)) - raft.server.log.appender.buffer.byte-limit = 33554432 (custom)
2023-04-15 16:31:45,592 [pool-79-thread-1] INFO  server.RaftServerConfigKeys (ConfUtils.java:logGet(46)) - raft.server.log.statemachine.data.read.timeout = 1000ms (default)
2023-04-15 16:31:45,592 [pool-79-thread-1] INFO  server.RaftServerConfigKeys (ConfUtils.java:logGet(46)) - raft.server.log.purge.preservation.log.num = 0 (default)
2023-04-15 16:31:45,593 [pool-79-thread-1] INFO  server.RaftServerConfigKeys (ConfUtils.java:logGet(46)) - raft.server.log.segment.size.max = 1048576 (custom)
2023-04-15 16:31:45,593 [EventQueue-OpenPipelineForHealthyPipelineSafeModeRule] INFO  safemode.SCMSafeModeManager (HealthyPipelineSafeModeRule.java:process(137)) - SCM in safe mode. Healthy pipelines reported count is 0, required healthy pipeline reported count is 1
2023-04-15 16:31:45,594 [pool-79-thread-1] INFO  server.RaftServerConfigKeys (ConfUtils.java:logGet(46)) - raft.server.log.segment.cache.num.max = 2 (custom)
2023-04-15 16:31:45,594 [pool-79-thread-1] INFO  server.RaftServerConfigKeys (ConfUtils.java:logGet(46)) - raft.server.log.segment.cache.size.max = 200MB (=209715200) (default)
2023-04-15 16:31:45,594 [pool-79-thread-1] INFO  segmented.SegmentedRaftLogWorker (SegmentedRaftLogWorker.java:<init>(189)) - new 0dee40cf-0d5a-47f0-9c10-89273726be1d@group-F40867945940-SegmentedRaftLogWorker for RaftStorageImpl:Storage Directory /home/runner/work/ozone/ozone/hadoop-ozone/integration-test/target/test-dir/MiniOzoneClusterImpl-2bdca630-b48d-4c68-bd92-e4e835129ebb/datanode-0/data/ratis/29cd338f-0255-424e-9271-f40867945940
2023-04-15 16:31:45,594 [pool-79-thread-1] INFO  server.RaftServerConfigKeys (ConfUtils.java:logGet(46)) - raft.server.log.queue.byte-limit = 4294967296 (custom)
2023-04-15 16:31:45,594 [pool-79-thread-1] INFO  server.RaftServerConfigKeys (ConfUtils.java:logGet(46)) - raft.server.log.queue.element-limit = 1024 (custom)
2023-04-15 16:31:45,594 [pool-79-thread-1] INFO  server.RaftServerConfigKeys (ConfUtils.java:logGet(46)) - raft.server.log.segment.size.max = 1048576 (custom)
2023-04-15 16:31:45,594 [pool-79-thread-1] INFO  server.RaftServerConfigKeys (ConfUtils.java:logGet(46)) - raft.server.log.preallocated.size = 16384 (custom)
2023-04-15 16:31:45,594 [pool-79-thread-1] INFO  server.RaftServerConfigKeys (ConfUtils.java:logGet(46)) - raft.server.log.force.sync.num = 128 (default)
2023-04-15 16:31:45,594 [pool-79-thread-1] INFO  server.RaftServerConfigKeys (ConfUtils.java:logGet(46)) - raft.server.log.statemachine.data.sync = true (default)
2023-04-15 16:31:45,595 [pool-79-thread-1] INFO  server.RaftServerConfigKeys (ConfUtils.java:logGet(46)) - raft.server.log.statemachine.data.sync.timeout = 10s (default)
2023-04-15 16:31:45,595 [pool-79-thread-1] INFO  server.RaftServerConfigKeys (ConfUtils.java:logGet(46)) - raft.server.log.statemachine.data.sync.timeout.retry = -1 (default)
2023-04-15 16:31:45,597 [pool-79-thread-1] INFO  server.RaftServerConfigKeys (ConfUtils.java:logGet(46)) - raft.server.log.write.buffer.size = 1048576 (custom)
2023-04-15 16:31:45,598 [pool-79-thread-1] INFO  server.RaftServerConfigKeys (ConfUtils.java:logGet(46)) - raft.server.log.appender.buffer.byte-limit = 33554432 (custom)
2023-04-15 16:31:45,607 [pool-79-thread-1] INFO  server.RaftServerConfigKeys (ConfUtils.java:logGet(46)) - raft.server.log.unsafe-flush.enabled = false (default)
2023-04-15 16:31:45,607 [pool-79-thread-1] INFO  server.RaftServerConfigKeys (ConfUtils.java:logGet(46)) - raft.server.log.async-flush.enabled = false (default)
2023-04-15 16:31:45,607 [pool-79-thread-1] INFO  server.RaftServerConfigKeys (ConfUtils.java:logGet(46)) - raft.server.log.statemachine.data.caching.enabled = true (custom)
2023-04-15 16:31:45,607 [pool-79-thread-1] INFO  segmented.SegmentedRaftLogWorker (SegmentedRaftLogWorker.java:lambda$new$0(135)) - 0dee40cf-0d5a-47f0-9c10-89273726be1d@group-F40867945940-SegmentedRaftLogWorker: flushIndex: setUnconditionally 0 -> -1
2023-04-15 16:31:45,607 [pool-79-thread-1] INFO  segmented.SegmentedRaftLogWorker (SegmentedRaftLogWorker.java:lambda$new$0(135)) - 0dee40cf-0d5a-47f0-9c10-89273726be1d@group-F40867945940-SegmentedRaftLogWorker: safeCacheEvictIndex: setUnconditionally 0 -> -1
2023-04-15 16:31:45,607 [pool-79-thread-1] INFO  server.RaftServer$Division (RaftServerImpl.java:start(334)) - 0dee40cf-0d5a-47f0-9c10-89273726be1d@group-F40867945940: start as a follower, conf=-1: peers:[0dee40cf-0d5a-47f0-9c10-89273726be1d|rpc:10.1.0.27:44527|dataStream:10.1.0.27:41653|priority:0|startupRole:FOLLOWER, 30c0a845-a217-4f15-8bab-f33012bc7910|rpc:10.1.0.27:38457|dataStream:10.1.0.27:34839|priority:1|startupRole:FOLLOWER, f16a70e5-fe04-4d06-9179-25c3ad8a94bb|rpc:10.1.0.27:36733|dataStream:10.1.0.27:43691|priority:0|startupRole:FOLLOWER]|listeners:[], old=null
2023-04-15 16:31:45,607 [pool-79-thread-1] INFO  server.RaftServer$Division (RaftServerImpl.java:setRole(321)) - 0dee40cf-0d5a-47f0-9c10-89273726be1d@group-F40867945940: changes role from      null to FOLLOWER at term 0 for startAsFollower
2023-04-15 16:31:45,607 [pool-79-thread-1] INFO  impl.RoleInfo (RoleInfo.java:updateAndGet(139)) - 0dee40cf-0d5a-47f0-9c10-89273726be1d: start 0dee40cf-0d5a-47f0-9c10-89273726be1d@group-F40867945940-FollowerState
2023-04-15 16:31:45,610 [pool-79-thread-1] INFO  util.JmxRegister (JmxRegister.java:tryRegister(44)) - Successfully registered JMX Bean with object name Ratis:service=RaftServer,group=group-F40867945940,id=0dee40cf-0d5a-47f0-9c10-89273726be1d
2023-04-15 16:31:45,610 [pool-79-thread-1] INFO  server.RaftServerConfigKeys (ConfUtils.java:logGet(46)) - raft.server.snapshot.auto.trigger.enabled = true (custom)
2023-04-15 16:31:45,610 [pool-79-thread-1] INFO  server.RaftServerConfigKeys (ConfUtils.java:logGet(46)) - raft.server.snapshot.auto.trigger.threshold = 10000 (custom)
2023-04-15 16:31:45,610 [pool-79-thread-1] INFO  server.RaftServerConfigKeys (ConfUtils.java:logGet(46)) - raft.server.snapshot.retention.file.num = 5 (custom)
2023-04-15 16:31:45,610 [pool-79-thread-1] INFO  server.RaftServerConfigKeys (ConfUtils.java:logGet(46)) - raft.server.log.purge.upto.snapshot.index = false (default)
2023-04-15 16:31:45,613 [BlockDeletingService#2] INFO  interfaces.ContainerDeletionChoosingPolicyTemplate (ContainerDeletionChoosingPolicyTemplate.java:chooseContainerForBlockDeletion(83)) - Chosen 0/5000 blocks from 0 candidate containers.
2023-04-15 16:31:45,614 [Command processor thread] INFO  ratis.XceiverServerRatis (XceiverServerRatis.java:addGroup(806)) - Created group PipelineID=29cd338f-0255-424e-9271-f40867945940
2023-04-15 16:31:45,614 [0dee40cf-0d5a-47f0-9c10-89273726be1d@group-F40867945940-FollowerState] INFO  server.RaftServerConfigKeys (ConfUtils.java:logFallback(53)) - raft.server.rpc.first-election.timeout.min = 5s (fallback to raft.server.rpc.timeout.min)
2023-04-15 16:31:45,614 [0dee40cf-0d5a-47f0-9c10-89273726be1d@group-F40867945940-FollowerState] INFO  server.RaftServerConfigKeys (ConfUtils.java:logFallback(53)) - raft.server.rpc.first-election.timeout.max = 5200ms (fallback to raft.server.rpc.timeout.max)
2023-04-15 16:31:45,798 [BlockDeletingService#2] INFO  interfaces.ContainerDeletionChoosingPolicyTemplate (ContainerDeletionChoosingPolicyTemplate.java:chooseContainerForBlockDeletion(83)) - Chosen 0/5000 blocks from 0 candidate containers.
2023-04-15 16:31:45,799 [BlockDeletingService#1] INFO  interfaces.ContainerDeletionChoosingPolicyTemplate (ContainerDeletionChoosingPolicyTemplate.java:chooseContainerForBlockDeletion(83)) - Chosen 0/5000 blocks from 0 candidate containers.
2023-04-15 16:31:45,799 [JvmPauseMonitor2] WARN  util.JvmPauseMonitor (JvmPauseMonitor.java:detectPause(126)) - JvmPauseMonitor-30c0a845-a217-4f15-8bab-f33012bc7910: Detected pause in JVM or host machine (eg GC): pause of approximately 144368032ns.
GC pool 'PS MarkSweep' had collection(s): count=1 time=145ms
GC pool 'PS Scavenge' had collection(s): count=1 time=31ms
2023-04-15 16:31:45,799 [JvmPauseMonitor0] WARN  util.JvmPauseMonitor (JvmPauseMonitor.java:detectPause(126)) - JvmPauseMonitor-om1: Detected pause in JVM or host machine (eg GC): pause of approximately 168977257ns.
GC pool 'PS MarkSweep' had collection(s): count=1 time=145ms
GC pool 'PS Scavenge' had collection(s): count=1 time=31ms
2023-04-15 16:31:45,800 [BlockDeletingService#2] INFO  interfaces.ContainerDeletionChoosingPolicyTemplate (ContainerDeletionChoosingPolicyTemplate.java:chooseContainerForBlockDeletion(83)) - Chosen 0/5000 blocks from 0 candidate containers.
2023-04-15 16:31:45,898 [BlockDeletingService#2] INFO  interfaces.ContainerDeletionChoosingPolicyTemplate (ContainerDeletionChoosingPolicyTemplate.java:chooseContainerForBlockDeletion(83)) - Chosen 0/5000 blocks from 0 candidate containers.
2023-04-15 16:31:45,899 [BlockDeletingService#1] INFO  interfaces.ContainerDeletionChoosingPolicyTemplate (ContainerDeletionChoosingPolicyTemplate.java:chooseContainerForBlockDeletion(83)) - Chosen 0/5000 blocks from 0 candidate containers.
2023-04-15 16:31:45,900 [BlockDeletingService#2] INFO  interfaces.ContainerDeletionChoosingPolicyTemplate (ContainerDeletionChoosingPolicyTemplate.java:chooseContainerForBlockDeletion(83)) - Chosen 0/5000 blocks from 0 candidate containers.
2023-04-15 16:31:45,999 [BlockDeletingService#2] INFO  interfaces.ContainerDeletionChoosingPolicyTemplate (ContainerDeletionChoosingPolicyTemplate.java:chooseContainerForBlockDeletion(83)) - Chosen 0/5000 blocks from 0 candidate containers.
2023-04-15 16:31:45,999 [BlockDeletingService#1] INFO  interfaces.ContainerDeletionChoosingPolicyTemplate (ContainerDeletionChoosingPolicyTemplate.java:chooseContainerForBlockDeletion(83)) - Chosen 0/5000 blocks from 0 candidate containers.
2023-04-15 16:31:46,000 [BlockDeletingService#2] INFO  interfaces.ContainerDeletionChoosingPolicyTemplate (ContainerDeletionChoosingPolicyTemplate.java:chooseContainerForBlockDeletion(83)) - Chosen 0/5000 blocks from 0 candidate containers.
2023-04-15 16:31:46,099 [BlockDeletingService#2] INFO  interfaces.ContainerDeletionChoosingPolicyTemplate (ContainerDeletionChoosingPolicyTemplate.java:chooseContainerForBlockDeletion(83)) - Chosen 0/5000 blocks from 0 candidate containers.
2023-04-15 16:31:46,100 [BlockDeletingService#1] INFO  interfaces.ContainerDeletionChoosingPolicyTemplate (ContainerDeletionChoosingPolicyTemplate.java:chooseContainerForBlockDeletion(83)) - Chosen 0/5000 blocks from 0 candidate containers.
2023-04-15 16:31:46,101 [BlockDeletingService#2] INFO  interfaces.ContainerDeletionChoosingPolicyTemplate (ContainerDeletionChoosingPolicyTemplate.java:chooseContainerForBlockDeletion(83)) - Chosen 0/5000 blocks from 0 candidate containers.
2023-04-15 16:31:46,112 [Command processor thread] INFO  server.RaftServer (RaftServerProxy.java:addNew(96)) - 30c0a845-a217-4f15-8bab-f33012bc7910: addNew group-9FDD69CDEC3E:[30c0a845-a217-4f15-8bab-f33012bc7910|rpc:10.1.0.27:38457|dataStream:10.1.0.27:34839|priority:1|startupRole:FOLLOWER] returns group-9FDD69CDEC3E:java.util.concurrent.CompletableFuture@4b0c9d46[Not completed]
2023-04-15 16:31:46,121 [pool-101-thread-1] INFO  server.RaftServer$Division (RaftServerImpl.java:<init>(195)) - 30c0a845-a217-4f15-8bab-f33012bc7910: new RaftServerImpl for group-9FDD69CDEC3E:[30c0a845-a217-4f15-8bab-f33012bc7910|rpc:10.1.0.27:38457|dataStream:10.1.0.27:34839|priority:1|startupRole:FOLLOWER] with ContainerStateMachine:uninitialized
2023-04-15 16:31:46,121 [pool-101-thread-1] INFO  server.RaftServerConfigKeys (ConfUtils.java:logGet(46)) - raft.server.rpc.timeout.min = 5s (custom)
2023-04-15 16:31:46,121 [pool-101-thread-1] INFO  server.RaftServerConfigKeys (ConfUtils.java:logGet(46)) - raft.server.rpc.timeout.max = 5200ms (custom)
2023-04-15 16:31:46,121 [pool-101-thread-1] INFO  server.RaftServerConfigKeys (ConfUtils.java:logGet(46)) - raft.server.rpc.sleep.time = 25ms (default)
2023-04-15 16:31:46,121 [pool-101-thread-1] INFO  server.RaftServerConfigKeys (ConfUtils.java:logGet(46)) - raft.server.rpc.slowness.timeout = 1000000ms (custom)
2023-04-15 16:31:46,121 [pool-101-thread-1] INFO  server.RaftServerConfigKeys (ConfUtils.java:logGet(46)) - raft.server.leaderelection.leader.step-down.wait-time = 10s (default)
2023-04-15 16:31:46,121 [pool-101-thread-1] INFO  server.RaftServerConfigKeys (ConfUtils.java:logGet(46)) - raft.server.sleep.deviation.threshold = 300ms (default)
2023-04-15 16:31:46,121 [pool-101-thread-1] INFO  server.RaftServer$Division (ServerState.java:<init>(118)) - 30c0a845-a217-4f15-8bab-f33012bc7910@group-9FDD69CDEC3E: ConfigurationManager, init=-1: peers:[30c0a845-a217-4f15-8bab-f33012bc7910|rpc:10.1.0.27:38457|dataStream:10.1.0.27:34839|priority:1|startupRole:FOLLOWER]|listeners:[], old=null, confs=<EMPTY_MAP>
2023-04-15 16:31:46,121 [pool-101-thread-1] INFO  server.RaftServerConfigKeys (ConfUtils.java:logGet(46)) - raft.server.storage.dir = [/home/runner/work/ozone/ozone/hadoop-ozone/integration-test/target/test-dir/MiniOzoneClusterImpl-2bdca630-b48d-4c68-bd92-e4e835129ebb/datanode-1/data/ratis] (custom)
2023-04-15 16:31:46,121 [pool-101-thread-1] INFO  server.RaftServerConfigKeys (ConfUtils.java:logGet(46)) - raft.server.log.corruption.policy = EXCEPTION (default)
2023-04-15 16:31:46,121 [pool-101-thread-1] INFO  server.RaftServerConfigKeys (ConfUtils.java:logGet(46)) - raft.server.storage.free-space.min = 0MB (=0) (default)
2023-04-15 16:31:46,122 [pool-101-thread-1] INFO  server.RaftServerConfigKeys (ConfUtils.java:logGet(46)) - raft.server.notification.no-leader.timeout = 1000000ms (custom)
2023-04-15 16:31:46,122 [pool-101-thread-1] INFO  server.RaftServerConfigKeys (ConfUtils.java:logGet(46)) - raft.server.retrycache.expirytime = 600000ms (custom)
2023-04-15 16:31:46,122 [pool-101-thread-1] INFO  server.RaftServerConfigKeys (ConfUtils.java:logGet(46)) - raft.server.retrycache.statistics.expirytime = 100μs (default)
2023-04-15 16:31:46,124 [pool-101-thread-1] INFO  server.RaftServerConfigKeys (ConfUtils.java:logGet(46)) - raft.server.log.appender.install.snapshot.enabled = false (custom)
2023-04-15 16:31:46,124 [pool-101-thread-1] INFO  server.RaftServerConfigKeys (ConfUtils.java:logGet(46)) - raft.server.threadpool.server.cached = true (default)
2023-04-15 16:31:46,124 [pool-101-thread-1] INFO  server.RaftServerConfigKeys (ConfUtils.java:logGet(46)) - raft.server.threadpool.server.size = 0 (default)
2023-04-15 16:31:46,124 [pool-101-thread-1] INFO  server.RaftServerConfigKeys (ConfUtils.java:logGet(46)) - raft.server.threadpool.client.cached = true (default)
2023-04-15 16:31:46,124 [pool-101-thread-1] INFO  server.RaftServerConfigKeys (ConfUtils.java:logGet(46)) - raft.server.threadpool.client.size = 0 (default)
2023-04-15 16:31:46,125 [pool-101-thread-1] INFO  storage.RaftStorageDirectory (RaftStorageDirectoryImpl.java:analyzeStorage(137)) - The storage directory /home/runner/work/ozone/ozone/hadoop-ozone/integration-test/target/test-dir/MiniOzoneClusterImpl-2bdca630-b48d-4c68-bd92-e4e835129ebb/datanode-1/data/ratis/fc4a096e-5eeb-43ea-b275-9fdd69cdec3e does not exist. Creating ...
2023-04-15 16:31:46,129 [pool-101-thread-1] INFO  storage.RaftStorageDirectory (RaftStorageDirectoryImpl.java:tryLock(231)) - Lock on /home/runner/work/ozone/ozone/hadoop-ozone/integration-test/target/test-dir/MiniOzoneClusterImpl-2bdca630-b48d-4c68-bd92-e4e835129ebb/datanode-1/data/ratis/fc4a096e-5eeb-43ea-b275-9fdd69cdec3e/in_use.lock acquired by nodename 2345@fv-az202-370
2023-04-15 16:31:46,131 [pool-101-thread-1] INFO  storage.RaftStorage (RaftStorageImpl.java:format(96)) - Storage directory /home/runner/work/ozone/ozone/hadoop-ozone/integration-test/target/test-dir/MiniOzoneClusterImpl-2bdca630-b48d-4c68-bd92-e4e835129ebb/datanode-1/data/ratis/fc4a096e-5eeb-43ea-b275-9fdd69cdec3e has been successfully formatted.
2023-04-15 16:31:46,133 [pool-101-thread-1] INFO  ratis.ContainerStateMachine (ContainerStateMachine.java:loadSnapshot(262)) - group-9FDD69CDEC3E: The snapshot info is null. Setting the last applied indexto:(t:0, i:~)
2023-04-15 16:31:46,134 [pool-101-thread-1] INFO  server.RaftServerConfigKeys (ConfUtils.java:logGet(46)) - raft.server.log.use.memory = false (default)
2023-04-15 16:31:46,135 [EventQueue-PipelineReportForPipelineReportHandler] INFO  pipeline.PipelineManagerImpl (PipelineManagerImpl.java:openPipeline(367)) - Pipeline Pipeline[ Id: fc4a096e-5eeb-43ea-b275-9fdd69cdec3e, Nodes: 30c0a845-a217-4f15-8bab-f33012bc7910(fv-az202-370.ngw3kpfb2bguzbtcwuqjmbcvef.gx.internal.cloudapp.net/10.1.0.27), ReplicationConfig: RATIS/ONE, State:ALLOCATED, leaderId:30c0a845-a217-4f15-8bab-f33012bc7910, CreationTimestamp2023-04-15T16:31:43.114Z[Etc/UTC]] moved to OPEN state
2023-04-15 16:31:46,135 [EventQueue-OpenPipelineForHealthyPipelineSafeModeRule] INFO  safemode.SCMSafeModeManager (HealthyPipelineSafeModeRule.java:process(137)) - SCM in safe mode. Healthy pipelines reported count is 0, required healthy pipeline reported count is 1
2023-04-15 16:31:46,135 [pool-101-thread-1] INFO  server.RaftServerConfigKeys (ConfUtils.java:logGet(46)) - raft.server.log.purge.gap = 1000000 (custom)
2023-04-15 16:31:46,136 [pool-101-thread-1] INFO  server.RaftServerConfigKeys (ConfUtils.java:logGet(46)) - raft.server.log.appender.buffer.byte-limit = 33554432 (custom)
2023-04-15 16:31:46,136 [pool-101-thread-1] INFO  server.RaftServerConfigKeys (ConfUtils.java:logGet(46)) - raft.server.log.statemachine.data.read.timeout = 1000ms (default)
2023-04-15 16:31:46,136 [pool-101-thread-1] INFO  server.RaftServerConfigKeys (ConfUtils.java:logGet(46)) - raft.server.log.purge.preservation.log.num = 0 (default)
2023-04-15 16:31:46,136 [pool-101-thread-1] INFO  server.RaftServerConfigKeys (ConfUtils.java:logGet(46)) - raft.server.log.segment.size.max = 1048576 (custom)
2023-04-15 16:31:46,136 [pool-101-thread-1] INFO  server.RaftServerConfigKeys (ConfUtils.java:logGet(46)) - raft.server.log.segment.cache.num.max = 2 (custom)
2023-04-15 16:31:46,136 [pool-101-thread-1] INFO  server.RaftServerConfigKeys (ConfUtils.java:logGet(46)) - raft.server.log.segment.cache.size.max = 200MB (=209715200) (default)
2023-04-15 16:31:46,136 [pool-101-thread-1] INFO  segmented.SegmentedRaftLogWorker (SegmentedRaftLogWorker.java:<init>(189)) - new 30c0a845-a217-4f15-8bab-f33012bc7910@group-9FDD69CDEC3E-SegmentedRaftLogWorker for RaftStorageImpl:Storage Directory /home/runner/work/ozone/ozone/hadoop-ozone/integration-test/target/test-dir/MiniOzoneClusterImpl-2bdca630-b48d-4c68-bd92-e4e835129ebb/datanode-1/data/ratis/fc4a096e-5eeb-43ea-b275-9fdd69cdec3e
2023-04-15 16:31:46,137 [pool-101-thread-1] INFO  server.RaftServerConfigKeys (ConfUtils.java:logGet(46)) - raft.server.log.queue.byte-limit = 4294967296 (custom)
2023-04-15 16:31:46,137 [pool-101-thread-1] INFO  server.RaftServerConfigKeys (ConfUtils.java:logGet(46)) - raft.server.log.queue.element-limit = 1024 (custom)
2023-04-15 16:31:46,137 [pool-101-thread-1] INFO  server.RaftServerConfigKeys (ConfUtils.java:logGet(46)) - raft.server.log.segment.size.max = 1048576 (custom)
2023-04-15 16:31:46,137 [pool-101-thread-1] INFO  server.RaftServerConfigKeys (ConfUtils.java:logGet(46)) - raft.server.log.preallocated.size = 16384 (custom)
2023-04-15 16:31:46,137 [pool-101-thread-1] INFO  server.RaftServerConfigKeys (ConfUtils.java:logGet(46)) - raft.server.log.force.sync.num = 128 (default)
2023-04-15 16:31:46,137 [pool-101-thread-1] INFO  server.RaftServerConfigKeys (ConfUtils.java:logGet(46)) - raft.server.log.statemachine.data.sync = true (default)
2023-04-15 16:31:46,137 [pool-101-thread-1] INFO  server.RaftServerConfigKeys (ConfUtils.java:logGet(46)) - raft.server.log.statemachine.data.sync.timeout = 10s (default)
2023-04-15 16:31:46,137 [pool-101-thread-1] INFO  server.RaftServerConfigKeys (ConfUtils.java:logGet(46)) - raft.server.log.statemachine.data.sync.timeout.retry = -1 (default)
2023-04-15 16:31:46,139 [pool-101-thread-1] INFO  server.RaftServerConfigKeys (ConfUtils.java:logGet(46)) - raft.server.log.write.buffer.size = 1048576 (custom)
2023-04-15 16:31:46,139 [pool-101-thread-1] INFO  server.RaftServerConfigKeys (ConfUtils.java:logGet(46)) - raft.server.log.appender.buffer.byte-limit = 33554432 (custom)
2023-04-15 16:31:46,147 [pool-101-thread-1] INFO  server.RaftServerConfigKeys (ConfUtils.java:logGet(46)) - raft.server.log.unsafe-flush.enabled = false (default)
2023-04-15 16:31:46,147 [pool-101-thread-1] INFO  server.RaftServerConfigKeys (ConfUtils.java:logGet(46)) - raft.server.log.async-flush.enabled = false (default)
2023-04-15 16:31:46,147 [pool-101-thread-1] INFO  server.RaftServerConfigKeys (ConfUtils.java:logGet(46)) - raft.server.log.statemachine.data.caching.enabled = true (custom)
2023-04-15 16:31:46,154 [pool-101-thread-1] INFO  segmented.SegmentedRaftLogWorker (SegmentedRaftLogWorker.java:lambda$new$0(135)) - 30c0a845-a217-4f15-8bab-f33012bc7910@group-9FDD69CDEC3E-SegmentedRaftLogWorker: flushIndex: setUnconditionally 0 -> -1
2023-04-15 16:31:46,154 [pool-101-thread-1] INFO  segmented.SegmentedRaftLogWorker (SegmentedRaftLogWorker.java:lambda$new$0(135)) - 30c0a845-a217-4f15-8bab-f33012bc7910@group-9FDD69CDEC3E-SegmentedRaftLogWorker: safeCacheEvictIndex: setUnconditionally 0 -> -1
2023-04-15 16:31:46,154 [pool-101-thread-1] INFO  server.RaftServer$Division (RaftServerImpl.java:start(334)) - 30c0a845-a217-4f15-8bab-f33012bc7910@group-9FDD69CDEC3E: start as a follower, conf=-1: peers:[30c0a845-a217-4f15-8bab-f33012bc7910|rpc:10.1.0.27:38457|dataStream:10.1.0.27:34839|priority:1|startupRole:FOLLOWER]|listeners:[], old=null
2023-04-15 16:31:46,154 [pool-101-thread-1] INFO  server.RaftServer$Division (RaftServerImpl.java:setRole(321)) - 30c0a845-a217-4f15-8bab-f33012bc7910@group-9FDD69CDEC3E: changes role from      null to FOLLOWER at term 0 for startAsFollower
2023-04-15 16:31:46,154 [pool-101-thread-1] INFO  impl.RoleInfo (RoleInfo.java:updateAndGet(139)) - 30c0a845-a217-4f15-8bab-f33012bc7910: start 30c0a845-a217-4f15-8bab-f33012bc7910@group-9FDD69CDEC3E-FollowerState
2023-04-15 16:31:46,155 [pool-101-thread-1] INFO  util.JmxRegister (JmxRegister.java:tryRegister(44)) - Successfully registered JMX Bean with object name Ratis:service=RaftServer,group=group-9FDD69CDEC3E,id=30c0a845-a217-4f15-8bab-f33012bc7910
2023-04-15 16:31:46,166 [pool-101-thread-1] INFO  server.RaftServerConfigKeys (ConfUtils.java:logGet(46)) - raft.server.snapshot.auto.trigger.enabled = true (custom)
2023-04-15 16:31:46,166 [pool-101-thread-1] INFO  server.RaftServerConfigKeys (ConfUtils.java:logGet(46)) - raft.server.snapshot.auto.trigger.threshold = 10000 (custom)
2023-04-15 16:31:46,166 [pool-101-thread-1] INFO  server.RaftServerConfigKeys (ConfUtils.java:logGet(46)) - raft.server.snapshot.retention.file.num = 5 (custom)
2023-04-15 16:31:46,166 [pool-101-thread-1] INFO  server.RaftServerConfigKeys (ConfUtils.java:logGet(46)) - raft.server.log.purge.upto.snapshot.index = false (default)
2023-04-15 16:31:46,167 [30c0a845-a217-4f15-8bab-f33012bc7910@group-9FDD69CDEC3E-FollowerState] INFO  server.RaftServerConfigKeys (ConfUtils.java:logFallback(53)) - raft.server.rpc.first-election.timeout.min = 5s (fallback to raft.server.rpc.timeout.min)
2023-04-15 16:31:46,167 [30c0a845-a217-4f15-8bab-f33012bc7910@group-9FDD69CDEC3E-FollowerState] INFO  server.RaftServerConfigKeys (ConfUtils.java:logFallback(53)) - raft.server.rpc.first-election.timeout.max = 5200ms (fallback to raft.server.rpc.timeout.max)
2023-04-15 16:31:46,168 [Command processor thread] INFO  ratis.XceiverServerRatis (XceiverServerRatis.java:addGroup(806)) - Created group PipelineID=fc4a096e-5eeb-43ea-b275-9fdd69cdec3e
2023-04-15 16:31:46,170 [Command processor thread] INFO  commandhandler.CreatePipelineCommandHandler (CreatePipelineCommandHandler.java:handle(113)) - Created Pipeline RATIS ONE PipelineID=fc4a096e-5eeb-43ea-b275-9fdd69cdec3e.
2023-04-15 16:31:46,171 [Command processor thread] INFO  server.RaftServer (RaftServerProxy.java:addNew(96)) - 30c0a845-a217-4f15-8bab-f33012bc7910: addNew group-F40867945940:[0dee40cf-0d5a-47f0-9c10-89273726be1d|rpc:10.1.0.27:44527|dataStream:10.1.0.27:41653|priority:0|startupRole:FOLLOWER, 30c0a845-a217-4f15-8bab-f33012bc7910|rpc:10.1.0.27:38457|dataStream:10.1.0.27:34839|priority:1|startupRole:FOLLOWER, f16a70e5-fe04-4d06-9179-25c3ad8a94bb|rpc:10.1.0.27:36733|dataStream:10.1.0.27:43691|priority:0|startupRole:FOLLOWER] returns group-F40867945940:java.util.concurrent.CompletableFuture@4f3310ff[Not completed]
2023-04-15 16:31:46,172 [pool-101-thread-1] INFO  server.RaftServer$Division (RaftServerImpl.java:<init>(195)) - 30c0a845-a217-4f15-8bab-f33012bc7910: new RaftServerImpl for group-F40867945940:[0dee40cf-0d5a-47f0-9c10-89273726be1d|rpc:10.1.0.27:44527|dataStream:10.1.0.27:41653|priority:0|startupRole:FOLLOWER, 30c0a845-a217-4f15-8bab-f33012bc7910|rpc:10.1.0.27:38457|dataStream:10.1.0.27:34839|priority:1|startupRole:FOLLOWER, f16a70e5-fe04-4d06-9179-25c3ad8a94bb|rpc:10.1.0.27:36733|dataStream:10.1.0.27:43691|priority:0|startupRole:FOLLOWER] with ContainerStateMachine:uninitialized
2023-04-15 16:31:46,172 [pool-101-thread-1] INFO  server.RaftServerConfigKeys (ConfUtils.java:logGet(46)) - raft.server.rpc.timeout.min = 5s (custom)
2023-04-15 16:31:46,172 [pool-101-thread-1] INFO  server.RaftServerConfigKeys (ConfUtils.java:logGet(46)) - raft.server.rpc.timeout.max = 5200ms (custom)
2023-04-15 16:31:46,172 [pool-101-thread-1] INFO  server.RaftServerConfigKeys (ConfUtils.java:logGet(46)) - raft.server.rpc.sleep.time = 25ms (default)
2023-04-15 16:31:46,172 [pool-101-thread-1] INFO  server.RaftServerConfigKeys (ConfUtils.java:logGet(46)) - raft.server.rpc.slowness.timeout = 1000000ms (custom)
2023-04-15 16:31:46,172 [pool-101-thread-1] INFO  server.RaftServerConfigKeys (ConfUtils.java:logGet(46)) - raft.server.leaderelection.leader.step-down.wait-time = 10s (default)
2023-04-15 16:31:46,172 [pool-101-thread-1] INFO  server.RaftServerConfigKeys (ConfUtils.java:logGet(46)) - raft.server.sleep.deviation.threshold = 300ms (default)
2023-04-15 16:31:46,173 [pool-101-thread-1] INFO  server.RaftServer$Division (ServerState.java:<init>(118)) - 30c0a845-a217-4f15-8bab-f33012bc7910@group-F40867945940: ConfigurationManager, init=-1: peers:[0dee40cf-0d5a-47f0-9c10-89273726be1d|rpc:10.1.0.27:44527|dataStream:10.1.0.27:41653|priority:0|startupRole:FOLLOWER, 30c0a845-a217-4f15-8bab-f33012bc7910|rpc:10.1.0.27:38457|dataStream:10.1.0.27:34839|priority:1|startupRole:FOLLOWER, f16a70e5-fe04-4d06-9179-25c3ad8a94bb|rpc:10.1.0.27:36733|dataStream:10.1.0.27:43691|priority:0|startupRole:FOLLOWER]|listeners:[], old=null, confs=<EMPTY_MAP>
2023-04-15 16:31:46,173 [pool-101-thread-1] INFO  server.RaftServerConfigKeys (ConfUtils.java:logGet(46)) - raft.server.storage.dir = [/home/runner/work/ozone/ozone/hadoop-ozone/integration-test/target/test-dir/MiniOzoneClusterImpl-2bdca630-b48d-4c68-bd92-e4e835129ebb/datanode-1/data/ratis] (custom)
2023-04-15 16:31:46,173 [pool-101-thread-1] INFO  server.RaftServerConfigKeys (ConfUtils.java:logGet(46)) - raft.server.log.corruption.policy = EXCEPTION (default)
2023-04-15 16:31:46,173 [pool-101-thread-1] INFO  server.RaftServerConfigKeys (ConfUtils.java:logGet(46)) - raft.server.storage.free-space.min = 0MB (=0) (default)
2023-04-15 16:31:46,173 [pool-101-thread-1] INFO  server.RaftServerConfigKeys (ConfUtils.java:logGet(46)) - raft.server.notification.no-leader.timeout = 1000000ms (custom)
2023-04-15 16:31:46,173 [pool-101-thread-1] INFO  server.RaftServerConfigKeys (ConfUtils.java:logGet(46)) - raft.server.retrycache.expirytime = 600000ms (custom)
2023-04-15 16:31:46,173 [pool-101-thread-1] INFO  server.RaftServerConfigKeys (ConfUtils.java:logGet(46)) - raft.server.retrycache.statistics.expirytime = 100μs (default)
2023-04-15 16:31:46,174 [pool-101-thread-1] INFO  server.RaftServerConfigKeys (ConfUtils.java:logGet(46)) - raft.server.log.appender.install.snapshot.enabled = false (custom)
2023-04-15 16:31:46,174 [pool-101-thread-1] INFO  server.RaftServerConfigKeys (ConfUtils.java:logGet(46)) - raft.server.threadpool.server.cached = true (default)
2023-04-15 16:31:46,174 [pool-101-thread-1] INFO  server.RaftServerConfigKeys (ConfUtils.java:logGet(46)) - raft.server.threadpool.server.size = 0 (default)
2023-04-15 16:31:46,174 [pool-101-thread-1] INFO  server.RaftServerConfigKeys (ConfUtils.java:logGet(46)) - raft.server.threadpool.client.cached = true (default)
2023-04-15 16:31:46,174 [pool-101-thread-1] INFO  server.RaftServerConfigKeys (ConfUtils.java:logGet(46)) - raft.server.threadpool.client.size = 0 (default)
2023-04-15 16:31:46,174 [pool-101-thread-1] INFO  storage.RaftStorageDirectory (RaftStorageDirectoryImpl.java:analyzeStorage(137)) - The storage directory /home/runner/work/ozone/ozone/hadoop-ozone/integration-test/target/test-dir/MiniOzoneClusterImpl-2bdca630-b48d-4c68-bd92-e4e835129ebb/datanode-1/data/ratis/29cd338f-0255-424e-9271-f40867945940 does not exist. Creating ...
2023-04-15 16:31:46,176 [pool-101-thread-1] INFO  storage.RaftStorageDirectory (RaftStorageDirectoryImpl.java:tryLock(231)) - Lock on /home/runner/work/ozone/ozone/hadoop-ozone/integration-test/target/test-dir/MiniOzoneClusterImpl-2bdca630-b48d-4c68-bd92-e4e835129ebb/datanode-1/data/ratis/29cd338f-0255-424e-9271-f40867945940/in_use.lock acquired by nodename 2345@fv-az202-370
2023-04-15 16:31:46,178 [pool-101-thread-1] INFO  storage.RaftStorage (RaftStorageImpl.java:format(96)) - Storage directory /home/runner/work/ozone/ozone/hadoop-ozone/integration-test/target/test-dir/MiniOzoneClusterImpl-2bdca630-b48d-4c68-bd92-e4e835129ebb/datanode-1/data/ratis/29cd338f-0255-424e-9271-f40867945940 has been successfully formatted.
2023-04-15 16:31:46,178 [pool-101-thread-1] INFO  ratis.ContainerStateMachine (ContainerStateMachine.java:loadSnapshot(262)) - group-F40867945940: The snapshot info is null. Setting the last applied indexto:(t:0, i:~)
2023-04-15 16:31:46,178 [pool-101-thread-1] INFO  server.RaftServerConfigKeys (ConfUtils.java:logGet(46)) - raft.server.log.use.memory = false (default)
2023-04-15 16:31:46,178 [pool-101-thread-1] INFO  server.RaftServerConfigKeys (ConfUtils.java:logGet(46)) - raft.server.log.purge.gap = 1000000 (custom)
2023-04-15 16:31:46,178 [pool-101-thread-1] INFO  server.RaftServerConfigKeys (ConfUtils.java:logGet(46)) - raft.server.log.appender.buffer.byte-limit = 33554432 (custom)
2023-04-15 16:31:46,178 [pool-101-thread-1] INFO  server.RaftServerConfigKeys (ConfUtils.java:logGet(46)) - raft.server.log.statemachine.data.read.timeout = 1000ms (default)
2023-04-15 16:31:46,178 [pool-101-thread-1] INFO  server.RaftServerConfigKeys (ConfUtils.java:logGet(46)) - raft.server.log.purge.preservation.log.num = 0 (default)
2023-04-15 16:31:46,179 [pool-101-thread-1] INFO  server.RaftServerConfigKeys (ConfUtils.java:logGet(46)) - raft.server.log.segment.size.max = 1048576 (custom)
2023-04-15 16:31:46,185 [EventQueue-OpenPipelineForHealthyPipelineSafeModeRule] INFO  safemode.SCMSafeModeManager (HealthyPipelineSafeModeRule.java:process(137)) - SCM in safe mode. Healthy pipelines reported count is 0, required healthy pipeline reported count is 1
2023-04-15 16:31:46,188 [pool-101-thread-1] INFO  server.RaftServerConfigKeys (ConfUtils.java:logGet(46)) - raft.server.log.segment.cache.num.max = 2 (custom)
2023-04-15 16:31:46,190 [pool-101-thread-1] INFO  server.RaftServerConfigKeys (ConfUtils.java:logGet(46)) - raft.server.log.segment.cache.size.max = 200MB (=209715200) (default)
2023-04-15 16:31:46,190 [pool-101-thread-1] INFO  segmented.SegmentedRaftLogWorker (SegmentedRaftLogWorker.java:<init>(189)) - new 30c0a845-a217-4f15-8bab-f33012bc7910@group-F40867945940-SegmentedRaftLogWorker for RaftStorageImpl:Storage Directory /home/runner/work/ozone/ozone/hadoop-ozone/integration-test/target/test-dir/MiniOzoneClusterImpl-2bdca630-b48d-4c68-bd92-e4e835129ebb/datanode-1/data/ratis/29cd338f-0255-424e-9271-f40867945940
2023-04-15 16:31:46,190 [pool-101-thread-1] INFO  server.RaftServerConfigKeys (ConfUtils.java:logGet(46)) - raft.server.log.queue.byte-limit = 4294967296 (custom)
2023-04-15 16:31:46,190 [pool-101-thread-1] INFO  server.RaftServerConfigKeys (ConfUtils.java:logGet(46)) - raft.server.log.queue.element-limit = 1024 (custom)
2023-04-15 16:31:46,190 [pool-101-thread-1] INFO  server.RaftServerConfigKeys (ConfUtils.java:logGet(46)) - raft.server.log.segment.size.max = 1048576 (custom)
2023-04-15 16:31:46,190 [pool-101-thread-1] INFO  server.RaftServerConfigKeys (ConfUtils.java:logGet(46)) - raft.server.log.preallocated.size = 16384 (custom)
2023-04-15 16:31:46,190 [pool-101-thread-1] INFO  server.RaftServerConfigKeys (ConfUtils.java:logGet(46)) - raft.server.log.force.sync.num = 128 (default)
2023-04-15 16:31:46,190 [pool-101-thread-1] INFO  server.RaftServerConfigKeys (ConfUtils.java:logGet(46)) - raft.server.log.statemachine.data.sync = true (default)
2023-04-15 16:31:46,190 [pool-101-thread-1] INFO  server.RaftServerConfigKeys (ConfUtils.java:logGet(46)) - raft.server.log.statemachine.data.sync.timeout = 10s (default)
2023-04-15 16:31:46,190 [pool-101-thread-1] INFO  server.RaftServerConfigKeys (ConfUtils.java:logGet(46)) - raft.server.log.statemachine.data.sync.timeout.retry = -1 (default)
2023-04-15 16:31:46,193 [pool-101-thread-1] INFO  server.RaftServerConfigKeys (ConfUtils.java:logGet(46)) - raft.server.log.write.buffer.size = 1048576 (custom)
2023-04-15 16:31:46,193 [pool-101-thread-1] INFO  server.RaftServerConfigKeys (ConfUtils.java:logGet(46)) - raft.server.log.appender.buffer.byte-limit = 33554432 (custom)
2023-04-15 16:31:46,198 [pool-101-thread-1] INFO  server.RaftServerConfigKeys (ConfUtils.java:logGet(46)) - raft.server.log.unsafe-flush.enabled = false (default)
2023-04-15 16:31:46,198 [pool-101-thread-1] INFO  server.RaftServerConfigKeys (ConfUtils.java:logGet(46)) - raft.server.log.async-flush.enabled = false (default)
2023-04-15 16:31:46,198 [pool-101-thread-1] INFO  server.RaftServerConfigKeys (ConfUtils.java:logGet(46)) - raft.server.log.statemachine.data.caching.enabled = true (custom)
2023-04-15 16:31:46,198 [pool-101-thread-1] INFO  segmented.SegmentedRaftLogWorker (SegmentedRaftLogWorker.java:lambda$new$0(135)) - 30c0a845-a217-4f15-8bab-f33012bc7910@group-F40867945940-SegmentedRaftLogWorker: flushIndex: setUnconditionally 0 -> -1
2023-04-15 16:31:46,198 [pool-101-thread-1] INFO  segmented.SegmentedRaftLogWorker (SegmentedRaftLogWorker.java:lambda$new$0(135)) - 30c0a845-a217-4f15-8bab-f33012bc7910@group-F40867945940-SegmentedRaftLogWorker: safeCacheEvictIndex: setUnconditionally 0 -> -1
2023-04-15 16:31:46,200 [BlockDeletingService#2] INFO  interfaces.ContainerDeletionChoosingPolicyTemplate (ContainerDeletionChoosingPolicyTemplate.java:chooseContainerForBlockDeletion(83)) - Chosen 0/5000 blocks from 0 candidate containers.
2023-04-15 16:31:46,200 [BlockDeletingService#1] INFO  interfaces.ContainerDeletionChoosingPolicyTemplate (ContainerDeletionChoosingPolicyTemplate.java:chooseContainerForBlockDeletion(83)) - Chosen 0/5000 blocks from 0 candidate containers.
2023-04-15 16:31:46,201 [BlockDeletingService#2] INFO  interfaces.ContainerDeletionChoosingPolicyTemplate (ContainerDeletionChoosingPolicyTemplate.java:chooseContainerForBlockDeletion(83)) - Chosen 0/5000 blocks from 0 candidate containers.
2023-04-15 16:31:46,206 [pool-101-thread-1] INFO  server.RaftServer$Division (RaftServerImpl.java:start(334)) - 30c0a845-a217-4f15-8bab-f33012bc7910@group-F40867945940: start as a follower, conf=-1: peers:[0dee40cf-0d5a-47f0-9c10-89273726be1d|rpc:10.1.0.27:44527|dataStream:10.1.0.27:41653|priority:0|startupRole:FOLLOWER, 30c0a845-a217-4f15-8bab-f33012bc7910|rpc:10.1.0.27:38457|dataStream:10.1.0.27:34839|priority:1|startupRole:FOLLOWER, f16a70e5-fe04-4d06-9179-25c3ad8a94bb|rpc:10.1.0.27:36733|dataStream:10.1.0.27:43691|priority:0|startupRole:FOLLOWER]|listeners:[], old=null
2023-04-15 16:31:46,207 [pool-101-thread-1] INFO  server.RaftServer$Division (RaftServerImpl.java:setRole(321)) - 30c0a845-a217-4f15-8bab-f33012bc7910@group-F40867945940: changes role from      null to FOLLOWER at term 0 for startAsFollower
2023-04-15 16:31:46,207 [grpc-default-executor-0] INFO  server.RaftServer (RaftServerProxy.java:addNew(96)) - f16a70e5-fe04-4d06-9179-25c3ad8a94bb: addNew group-F40867945940:[0dee40cf-0d5a-47f0-9c10-89273726be1d|rpc:10.1.0.27:44527|dataStream:10.1.0.27:41653|priority:0|startupRole:FOLLOWER, 30c0a845-a217-4f15-8bab-f33012bc7910|rpc:10.1.0.27:38457|dataStream:10.1.0.27:34839|priority:1|startupRole:FOLLOWER, f16a70e5-fe04-4d06-9179-25c3ad8a94bb|rpc:10.1.0.27:36733|dataStream:10.1.0.27:43691|priority:0|startupRole:FOLLOWER] returns group-F40867945940:java.util.concurrent.CompletableFuture@45864049[Not completed]
2023-04-15 16:31:46,211 [pool-101-thread-1] INFO  impl.RoleInfo (RoleInfo.java:updateAndGet(139)) - 30c0a845-a217-4f15-8bab-f33012bc7910: start 30c0a845-a217-4f15-8bab-f33012bc7910@group-F40867945940-FollowerState
2023-04-15 16:31:46,211 [pool-101-thread-1] INFO  util.JmxRegister (JmxRegister.java:tryRegister(44)) - Successfully registered JMX Bean with object name Ratis:service=RaftServer,group=group-F40867945940,id=30c0a845-a217-4f15-8bab-f33012bc7910
2023-04-15 16:31:46,211 [pool-101-thread-1] INFO  server.RaftServerConfigKeys (ConfUtils.java:logGet(46)) - raft.server.snapshot.auto.trigger.enabled = true (custom)
2023-04-15 16:31:46,211 [pool-101-thread-1] INFO  server.RaftServerConfigKeys (ConfUtils.java:logGet(46)) - raft.server.snapshot.auto.trigger.threshold = 10000 (custom)
2023-04-15 16:31:46,211 [pool-101-thread-1] INFO  server.RaftServerConfigKeys (ConfUtils.java:logGet(46)) - raft.server.snapshot.retention.file.num = 5 (custom)
2023-04-15 16:31:46,211 [pool-101-thread-1] INFO  server.RaftServerConfigKeys (ConfUtils.java:logGet(46)) - raft.server.log.purge.upto.snapshot.index = false (default)
2023-04-15 16:31:46,212 [30c0a845-a217-4f15-8bab-f33012bc7910@group-F40867945940-FollowerState] INFO  server.RaftServerConfigKeys (ConfUtils.java:logFallback(53)) - raft.server.rpc.first-election.timeout.min = 5s (fallback to raft.server.rpc.timeout.min)
2023-04-15 16:31:46,214 [30c0a845-a217-4f15-8bab-f33012bc7910@group-F40867945940-FollowerState] INFO  server.RaftServerConfigKeys (ConfUtils.java:logFallback(53)) - raft.server.rpc.first-election.timeout.max = 5200ms (fallback to raft.server.rpc.timeout.max)
2023-04-15 16:31:46,217 [Command processor thread] INFO  ratis.XceiverServerRatis (XceiverServerRatis.java:addGroup(806)) - Created group PipelineID=29cd338f-0255-424e-9271-f40867945940
2023-04-15 16:31:46,222 [pool-123-thread-1] INFO  server.RaftServer$Division (RaftServerImpl.java:<init>(195)) - f16a70e5-fe04-4d06-9179-25c3ad8a94bb: new RaftServerImpl for group-F40867945940:[0dee40cf-0d5a-47f0-9c10-89273726be1d|rpc:10.1.0.27:44527|dataStream:10.1.0.27:41653|priority:0|startupRole:FOLLOWER, 30c0a845-a217-4f15-8bab-f33012bc7910|rpc:10.1.0.27:38457|dataStream:10.1.0.27:34839|priority:1|startupRole:FOLLOWER, f16a70e5-fe04-4d06-9179-25c3ad8a94bb|rpc:10.1.0.27:36733|dataStream:10.1.0.27:43691|priority:0|startupRole:FOLLOWER] with ContainerStateMachine:uninitialized
2023-04-15 16:31:46,222 [pool-123-thread-1] INFO  server.RaftServerConfigKeys (ConfUtils.java:logGet(46)) - raft.server.rpc.timeout.min = 5s (custom)
2023-04-15 16:31:46,222 [pool-123-thread-1] INFO  server.RaftServerConfigKeys (ConfUtils.java:logGet(46)) - raft.server.rpc.timeout.max = 5200ms (custom)
2023-04-15 16:31:46,222 [pool-123-thread-1] INFO  server.RaftServerConfigKeys (ConfUtils.java:logGet(46)) - raft.server.rpc.sleep.time = 25ms (default)
2023-04-15 16:31:46,222 [pool-123-thread-1] INFO  server.RaftServerConfigKeys (ConfUtils.java:logGet(46)) - raft.server.rpc.slowness.timeout = 1000000ms (custom)
2023-04-15 16:31:46,222 [pool-123-thread-1] INFO  server.RaftServerConfigKeys (ConfUtils.java:logGet(46)) - raft.server.leaderelection.leader.step-down.wait-time = 10s (default)
2023-04-15 16:31:46,222 [pool-123-thread-1] INFO  server.RaftServerConfigKeys (ConfUtils.java:logGet(46)) - raft.server.sleep.deviation.threshold = 300ms (default)
2023-04-15 16:31:46,222 [pool-123-thread-1] INFO  server.RaftServer$Division (ServerState.java:<init>(118)) - f16a70e5-fe04-4d06-9179-25c3ad8a94bb@group-F40867945940: ConfigurationManager, init=-1: peers:[0dee40cf-0d5a-47f0-9c10-89273726be1d|rpc:10.1.0.27:44527|dataStream:10.1.0.27:41653|priority:0|startupRole:FOLLOWER, 30c0a845-a217-4f15-8bab-f33012bc7910|rpc:10.1.0.27:38457|dataStream:10.1.0.27:34839|priority:1|startupRole:FOLLOWER, f16a70e5-fe04-4d06-9179-25c3ad8a94bb|rpc:10.1.0.27:36733|dataStream:10.1.0.27:43691|priority:0|startupRole:FOLLOWER]|listeners:[], old=null, confs=<EMPTY_MAP>
2023-04-15 16:31:46,222 [pool-123-thread-1] INFO  server.RaftServerConfigKeys (ConfUtils.java:logGet(46)) - raft.server.storage.dir = [/home/runner/work/ozone/ozone/hadoop-ozone/integration-test/target/test-dir/MiniOzoneClusterImpl-2bdca630-b48d-4c68-bd92-e4e835129ebb/datanode-2/data/ratis] (custom)
2023-04-15 16:31:46,222 [pool-123-thread-1] INFO  server.RaftServerConfigKeys (ConfUtils.java:logGet(46)) - raft.server.log.corruption.policy = EXCEPTION (default)
2023-04-15 16:31:46,222 [pool-123-thread-1] INFO  server.RaftServerConfigKeys (ConfUtils.java:logGet(46)) - raft.server.storage.free-space.min = 0MB (=0) (default)
2023-04-15 16:31:46,222 [pool-123-thread-1] INFO  server.RaftServerConfigKeys (ConfUtils.java:logGet(46)) - raft.server.notification.no-leader.timeout = 1000000ms (custom)
2023-04-15 16:31:46,222 [pool-123-thread-1] INFO  server.RaftServerConfigKeys (ConfUtils.java:logGet(46)) - raft.server.retrycache.expirytime = 600000ms (custom)
2023-04-15 16:31:46,222 [pool-123-thread-1] INFO  server.RaftServerConfigKeys (ConfUtils.java:logGet(46)) - raft.server.retrycache.statistics.expirytime = 100μs (default)
2023-04-15 16:31:46,225 [pool-123-thread-1] INFO  server.RaftServerConfigKeys (ConfUtils.java:logGet(46)) - raft.server.log.appender.install.snapshot.enabled = false (custom)
2023-04-15 16:31:46,225 [pool-123-thread-1] INFO  server.RaftServerConfigKeys (ConfUtils.java:logGet(46)) - raft.server.threadpool.server.cached = true (default)
2023-04-15 16:31:46,225 [pool-123-thread-1] INFO  server.RaftServerConfigKeys (ConfUtils.java:logGet(46)) - raft.server.threadpool.server.size = 0 (default)
2023-04-15 16:31:46,225 [pool-123-thread-1] INFO  server.RaftServerConfigKeys (ConfUtils.java:logGet(46)) - raft.server.threadpool.client.cached = true (default)
2023-04-15 16:31:46,225 [pool-123-thread-1] INFO  server.RaftServerConfigKeys (ConfUtils.java:logGet(46)) - raft.server.threadpool.client.size = 0 (default)
2023-04-15 16:31:46,225 [pool-123-thread-1] INFO  storage.RaftStorageDirectory (RaftStorageDirectoryImpl.java:analyzeStorage(137)) - The storage directory /home/runner/work/ozone/ozone/hadoop-ozone/integration-test/target/test-dir/MiniOzoneClusterImpl-2bdca630-b48d-4c68-bd92-e4e835129ebb/datanode-2/data/ratis/29cd338f-0255-424e-9271-f40867945940 does not exist. Creating ...
2023-04-15 16:31:46,228 [pool-123-thread-1] INFO  storage.RaftStorageDirectory (RaftStorageDirectoryImpl.java:tryLock(231)) - Lock on /home/runner/work/ozone/ozone/hadoop-ozone/integration-test/target/test-dir/MiniOzoneClusterImpl-2bdca630-b48d-4c68-bd92-e4e835129ebb/datanode-2/data/ratis/29cd338f-0255-424e-9271-f40867945940/in_use.lock acquired by nodename 2345@fv-az202-370
2023-04-15 16:31:46,229 [pool-123-thread-1] INFO  storage.RaftStorage (RaftStorageImpl.java:format(96)) - Storage directory /home/runner/work/ozone/ozone/hadoop-ozone/integration-test/target/test-dir/MiniOzoneClusterImpl-2bdca630-b48d-4c68-bd92-e4e835129ebb/datanode-2/data/ratis/29cd338f-0255-424e-9271-f40867945940 has been successfully formatted.
2023-04-15 16:31:46,230 [pool-123-thread-1] INFO  ratis.ContainerStateMachine (ContainerStateMachine.java:loadSnapshot(262)) - group-F40867945940: The snapshot info is null. Setting the last applied indexto:(t:0, i:~)
2023-04-15 16:31:46,234 [pool-123-thread-1] INFO  server.RaftServerConfigKeys (ConfUtils.java:logGet(46)) - raft.server.log.use.memory = false (default)
2023-04-15 16:31:46,234 [pool-123-thread-1] INFO  server.RaftServerConfigKeys (ConfUtils.java:logGet(46)) - raft.server.log.purge.gap = 1000000 (custom)
2023-04-15 16:31:46,234 [pool-123-thread-1] INFO  server.RaftServerConfigKeys (ConfUtils.java:logGet(46)) - raft.server.log.appender.buffer.byte-limit = 33554432 (custom)
2023-04-15 16:31:46,234 [pool-123-thread-1] INFO  server.RaftServerConfigKeys (ConfUtils.java:logGet(46)) - raft.server.log.statemachine.data.read.timeout = 1000ms (default)
2023-04-15 16:31:46,234 [pool-123-thread-1] INFO  server.RaftServerConfigKeys (ConfUtils.java:logGet(46)) - raft.server.log.purge.preservation.log.num = 0 (default)
2023-04-15 16:31:46,234 [pool-123-thread-1] INFO  server.RaftServerConfigKeys (ConfUtils.java:logGet(46)) - raft.server.log.segment.size.max = 1048576 (custom)
2023-04-15 16:31:46,234 [pool-123-thread-1] INFO  server.RaftServerConfigKeys (ConfUtils.java:logGet(46)) - raft.server.log.segment.cache.num.max = 2 (custom)
2023-04-15 16:31:46,234 [pool-123-thread-1] INFO  server.RaftServerConfigKeys (ConfUtils.java:logGet(46)) - raft.server.log.segment.cache.size.max = 200MB (=209715200) (default)
2023-04-15 16:31:46,234 [pool-123-thread-1] INFO  segmented.SegmentedRaftLogWorker (SegmentedRaftLogWorker.java:<init>(189)) - new f16a70e5-fe04-4d06-9179-25c3ad8a94bb@group-F40867945940-SegmentedRaftLogWorker for RaftStorageImpl:Storage Directory /home/runner/work/ozone/ozone/hadoop-ozone/integration-test/target/test-dir/MiniOzoneClusterImpl-2bdca630-b48d-4c68-bd92-e4e835129ebb/datanode-2/data/ratis/29cd338f-0255-424e-9271-f40867945940
2023-04-15 16:31:46,234 [pool-123-thread-1] INFO  server.RaftServerConfigKeys (ConfUtils.java:logGet(46)) - raft.server.log.queue.byte-limit = 4294967296 (custom)
2023-04-15 16:31:46,235 [pool-123-thread-1] INFO  server.RaftServerConfigKeys (ConfUtils.java:logGet(46)) - raft.server.log.queue.element-limit = 1024 (custom)
2023-04-15 16:31:46,235 [pool-123-thread-1] INFO  server.RaftServerConfigKeys (ConfUtils.java:logGet(46)) - raft.server.log.segment.size.max = 1048576 (custom)
2023-04-15 16:31:46,235 [pool-123-thread-1] INFO  server.RaftServerConfigKeys (ConfUtils.java:logGet(46)) - raft.server.log.preallocated.size = 16384 (custom)
2023-04-15 16:31:46,235 [pool-123-thread-1] INFO  server.RaftServerConfigKeys (ConfUtils.java:logGet(46)) - raft.server.log.force.sync.num = 128 (default)
2023-04-15 16:31:46,235 [pool-123-thread-1] INFO  server.RaftServerConfigKeys (ConfUtils.java:logGet(46)) - raft.server.log.statemachine.data.sync = true (default)
2023-04-15 16:31:46,235 [pool-123-thread-1] INFO  server.RaftServerConfigKeys (ConfUtils.java:logGet(46)) - raft.server.log.statemachine.data.sync.timeout = 10s (default)
2023-04-15 16:31:46,235 [pool-123-thread-1] INFO  server.RaftServerConfigKeys (ConfUtils.java:logGet(46)) - raft.server.log.statemachine.data.sync.timeout.retry = -1 (default)
2023-04-15 16:31:46,236 [pool-123-thread-1] INFO  server.RaftServerConfigKeys (ConfUtils.java:logGet(46)) - raft.server.log.write.buffer.size = 1048576 (custom)
2023-04-15 16:31:46,236 [pool-123-thread-1] INFO  server.RaftServerConfigKeys (ConfUtils.java:logGet(46)) - raft.server.log.appender.buffer.byte-limit = 33554432 (custom)
2023-04-15 16:31:46,239 [pool-123-thread-1] INFO  server.RaftServerConfigKeys (ConfUtils.java:logGet(46)) - raft.server.log.unsafe-flush.enabled = false (default)
2023-04-15 16:31:46,239 [pool-123-thread-1] INFO  server.RaftServerConfigKeys (ConfUtils.java:logGet(46)) - raft.server.log.async-flush.enabled = false (default)
2023-04-15 16:31:46,239 [pool-123-thread-1] INFO  server.RaftServerConfigKeys (ConfUtils.java:logGet(46)) - raft.server.log.statemachine.data.caching.enabled = true (custom)
2023-04-15 16:31:46,239 [pool-123-thread-1] INFO  segmented.SegmentedRaftLogWorker (SegmentedRaftLogWorker.java:lambda$new$0(135)) - f16a70e5-fe04-4d06-9179-25c3ad8a94bb@group-F40867945940-SegmentedRaftLogWorker: flushIndex: setUnconditionally 0 -> -1
2023-04-15 16:31:46,239 [pool-123-thread-1] INFO  segmented.SegmentedRaftLogWorker (SegmentedRaftLogWorker.java:lambda$new$0(135)) - f16a70e5-fe04-4d06-9179-25c3ad8a94bb@group-F40867945940-SegmentedRaftLogWorker: safeCacheEvictIndex: setUnconditionally 0 -> -1
2023-04-15 16:31:46,239 [pool-123-thread-1] INFO  server.RaftServer$Division (RaftServerImpl.java:start(334)) - f16a70e5-fe04-4d06-9179-25c3ad8a94bb@group-F40867945940: start as a follower, conf=-1: peers:[0dee40cf-0d5a-47f0-9c10-89273726be1d|rpc:10.1.0.27:44527|dataStream:10.1.0.27:41653|priority:0|startupRole:FOLLOWER, 30c0a845-a217-4f15-8bab-f33012bc7910|rpc:10.1.0.27:38457|dataStream:10.1.0.27:34839|priority:1|startupRole:FOLLOWER, f16a70e5-fe04-4d06-9179-25c3ad8a94bb|rpc:10.1.0.27:36733|dataStream:10.1.0.27:43691|priority:0|startupRole:FOLLOWER]|listeners:[], old=null
2023-04-15 16:31:46,239 [pool-123-thread-1] INFO  server.RaftServer$Division (RaftServerImpl.java:setRole(321)) - f16a70e5-fe04-4d06-9179-25c3ad8a94bb@group-F40867945940: changes role from      null to FOLLOWER at term 0 for startAsFollower
2023-04-15 16:31:46,239 [pool-123-thread-1] INFO  impl.RoleInfo (RoleInfo.java:updateAndGet(139)) - f16a70e5-fe04-4d06-9179-25c3ad8a94bb: start f16a70e5-fe04-4d06-9179-25c3ad8a94bb@group-F40867945940-FollowerState
2023-04-15 16:31:46,243 [pool-123-thread-1] INFO  util.JmxRegister (JmxRegister.java:tryRegister(44)) - Successfully registered JMX Bean with object name Ratis:service=RaftServer,group=group-F40867945940,id=f16a70e5-fe04-4d06-9179-25c3ad8a94bb
2023-04-15 16:31:46,243 [pool-123-thread-1] INFO  server.RaftServerConfigKeys (ConfUtils.java:logGet(46)) - raft.server.snapshot.auto.trigger.enabled = true (custom)
2023-04-15 16:31:46,243 [pool-123-thread-1] INFO  server.RaftServerConfigKeys (ConfUtils.java:logGet(46)) - raft.server.snapshot.auto.trigger.threshold = 10000 (custom)
2023-04-15 16:31:46,243 [pool-123-thread-1] INFO  server.RaftServerConfigKeys (ConfUtils.java:logGet(46)) - raft.server.snapshot.retention.file.num = 5 (custom)
2023-04-15 16:31:46,243 [pool-123-thread-1] INFO  server.RaftServerConfigKeys (ConfUtils.java:logGet(46)) - raft.server.log.purge.upto.snapshot.index = false (default)
2023-04-15 16:31:46,243 [f16a70e5-fe04-4d06-9179-25c3ad8a94bb@group-F40867945940-FollowerState] INFO  server.RaftServerConfigKeys (ConfUtils.java:logFallback(53)) - raft.server.rpc.first-election.timeout.min = 5s (fallback to raft.server.rpc.timeout.min)
2023-04-15 16:31:46,245 [f16a70e5-fe04-4d06-9179-25c3ad8a94bb@group-F40867945940-FollowerState] INFO  server.RaftServerConfigKeys (ConfUtils.java:logFallback(53)) - raft.server.rpc.first-election.timeout.max = 5200ms (fallback to raft.server.rpc.timeout.max)
2023-04-15 16:31:46,300 [BlockDeletingService#2] INFO  interfaces.ContainerDeletionChoosingPolicyTemplate (ContainerDeletionChoosingPolicyTemplate.java:chooseContainerForBlockDeletion(83)) - Chosen 0/5000 blocks from 0 candidate containers.
2023-04-15 16:31:46,300 [BlockDeletingService#1] INFO  interfaces.ContainerDeletionChoosingPolicyTemplate (ContainerDeletionChoosingPolicyTemplate.java:chooseContainerForBlockDeletion(83)) - Chosen 0/5000 blocks from 0 candidate containers.
2023-04-15 16:31:46,301 [BlockDeletingService#2] INFO  interfaces.ContainerDeletionChoosingPolicyTemplate (ContainerDeletionChoosingPolicyTemplate.java:chooseContainerForBlockDeletion(83)) - Chosen 0/5000 blocks from 0 candidate containers.
2023-04-15 16:31:46,350 [Command processor thread] INFO  commandhandler.CreatePipelineCommandHandler (CreatePipelineCommandHandler.java:handle(113)) - Created Pipeline RATIS THREE PipelineID=29cd338f-0255-424e-9271-f40867945940.
2023-04-15 16:31:46,360 [Command processor thread] INFO  commandhandler.CreatePipelineCommandHandler (CreatePipelineCommandHandler.java:handle(113)) - Created Pipeline RATIS THREE PipelineID=29cd338f-0255-424e-9271-f40867945940.
2023-04-15 16:31:46,400 [BlockDeletingService#2] INFO  interfaces.ContainerDeletionChoosingPolicyTemplate (ContainerDeletionChoosingPolicyTemplate.java:chooseContainerForBlockDeletion(83)) - Chosen 0/5000 blocks from 0 candidate containers.
2023-04-15 16:31:46,400 [BlockDeletingService#1] INFO  interfaces.ContainerDeletionChoosingPolicyTemplate (ContainerDeletionChoosingPolicyTemplate.java:chooseContainerForBlockDeletion(83)) - Chosen 0/5000 blocks from 0 candidate containers.
2023-04-15 16:31:46,402 [BlockDeletingService#2] INFO  interfaces.ContainerDeletionChoosingPolicyTemplate (ContainerDeletionChoosingPolicyTemplate.java:chooseContainerForBlockDeletion(83)) - Chosen 0/5000 blocks from 0 candidate containers.
2023-04-15 16:31:46,500 [BlockDeletingService#2] INFO  interfaces.ContainerDeletionChoosingPolicyTemplate (ContainerDeletionChoosingPolicyTemplate.java:chooseContainerForBlockDeletion(83)) - Chosen 0/5000 blocks from 0 candidate containers.
2023-04-15 16:31:46,500 [BlockDeletingService#1] INFO  interfaces.ContainerDeletionChoosingPolicyTemplate (ContainerDeletionChoosingPolicyTemplate.java:chooseContainerForBlockDeletion(83)) - Chosen 0/5000 blocks from 0 candidate containers.
2023-04-15 16:31:46,502 [BlockDeletingService#2] INFO  interfaces.ContainerDeletionChoosingPolicyTemplate (ContainerDeletionChoosingPolicyTemplate.java:chooseContainerForBlockDeletion(83)) - Chosen 0/5000 blocks from 0 candidate containers.
2023-04-15 16:31:46,565 [Listener at 127.0.0.1/45033] INFO  ozone.MiniOzoneClusterImpl (MiniOzoneClusterImpl.java:lambda$waitForClusterToBeReady$0(222)) - Nodes are ready. Got 3 of 3 DN Heartbeats.
2023-04-15 16:31:46,565 [Listener at 127.0.0.1/45033] INFO  ozone.MiniOzoneClusterImpl (MiniOzoneClusterImpl.java:lambda$waitForClusterToBeReady$0(225)) - Waiting for cluster to exit safe mode
2023-04-15 16:31:46,565 [Listener at 127.0.0.1/45033] INFO  ozone.MiniOzoneClusterImpl (MiniOzoneClusterImpl.java:lambda$waitForClusterToBeReady$0(227)) - SCM became leader
2023-04-15 16:31:46,572 [Command processor thread] INFO  server.RaftServer (RaftServerProxy.java:addNew(96)) - f16a70e5-fe04-4d06-9179-25c3ad8a94bb: addNew group-900A83DC8A69:[f16a70e5-fe04-4d06-9179-25c3ad8a94bb|rpc:10.1.0.27:36733|dataStream:10.1.0.27:43691|priority:1|startupRole:FOLLOWER] returns group-900A83DC8A69:java.util.concurrent.CompletableFuture@14f40a5c[Not completed]
2023-04-15 16:31:46,573 [pool-123-thread-1] INFO  server.RaftServer$Division (RaftServerImpl.java:<init>(195)) - f16a70e5-fe04-4d06-9179-25c3ad8a94bb: new RaftServerImpl for group-900A83DC8A69:[f16a70e5-fe04-4d06-9179-25c3ad8a94bb|rpc:10.1.0.27:36733|dataStream:10.1.0.27:43691|priority:1|startupRole:FOLLOWER] with ContainerStateMachine:uninitialized
2023-04-15 16:31:46,573 [pool-123-thread-1] INFO  server.RaftServerConfigKeys (ConfUtils.java:logGet(46)) - raft.server.rpc.timeout.min = 5s (custom)
2023-04-15 16:31:46,573 [pool-123-thread-1] INFO  server.RaftServerConfigKeys (ConfUtils.java:logGet(46)) - raft.server.rpc.timeout.max = 5200ms (custom)
2023-04-15 16:31:46,573 [pool-123-thread-1] INFO  server.RaftServerConfigKeys (ConfUtils.java:logGet(46)) - raft.server.rpc.sleep.time = 25ms (default)
2023-04-15 16:31:46,573 [pool-123-thread-1] INFO  server.RaftServerConfigKeys (ConfUtils.java:logGet(46)) - raft.server.rpc.slowness.timeout = 1000000ms (custom)
2023-04-15 16:31:46,573 [pool-123-thread-1] INFO  server.RaftServerConfigKeys (ConfUtils.java:logGet(46)) - raft.server.leaderelection.leader.step-down.wait-time = 10s (default)
2023-04-15 16:31:46,573 [pool-123-thread-1] INFO  server.RaftServerConfigKeys (ConfUtils.java:logGet(46)) - raft.server.sleep.deviation.threshold = 300ms (default)
2023-04-15 16:31:46,573 [pool-123-thread-1] INFO  server.RaftServer$Division (ServerState.java:<init>(118)) - f16a70e5-fe04-4d06-9179-25c3ad8a94bb@group-900A83DC8A69: ConfigurationManager, init=-1: peers:[f16a70e5-fe04-4d06-9179-25c3ad8a94bb|rpc:10.1.0.27:36733|dataStream:10.1.0.27:43691|priority:1|startupRole:FOLLOWER]|listeners:[], old=null, confs=<EMPTY_MAP>
2023-04-15 16:31:46,574 [pool-123-thread-1] INFO  server.RaftServerConfigKeys (ConfUtils.java:logGet(46)) - raft.server.storage.dir = [/home/runner/work/ozone/ozone/hadoop-ozone/integration-test/target/test-dir/MiniOzoneClusterImpl-2bdca630-b48d-4c68-bd92-e4e835129ebb/datanode-2/data/ratis] (custom)
2023-04-15 16:31:46,574 [pool-123-thread-1] INFO  server.RaftServerConfigKeys (ConfUtils.java:logGet(46)) - raft.server.log.corruption.policy = EXCEPTION (default)
2023-04-15 16:31:46,574 [pool-123-thread-1] INFO  server.RaftServerConfigKeys (ConfUtils.java:logGet(46)) - raft.server.storage.free-space.min = 0MB (=0) (default)
2023-04-15 16:31:46,574 [pool-123-thread-1] INFO  server.RaftServerConfigKeys (ConfUtils.java:logGet(46)) - raft.server.notification.no-leader.timeout = 1000000ms (custom)
2023-04-15 16:31:46,574 [pool-123-thread-1] INFO  server.RaftServerConfigKeys (ConfUtils.java:logGet(46)) - raft.server.retrycache.expirytime = 600000ms (custom)
2023-04-15 16:31:46,574 [pool-123-thread-1] INFO  server.RaftServerConfigKeys (ConfUtils.java:logGet(46)) - raft.server.retrycache.statistics.expirytime = 100μs (default)
2023-04-15 16:31:46,575 [pool-123-thread-1] INFO  server.RaftServerConfigKeys (ConfUtils.java:logGet(46)) - raft.server.log.appender.install.snapshot.enabled = false (custom)
2023-04-15 16:31:46,575 [pool-123-thread-1] INFO  server.RaftServerConfigKeys (ConfUtils.java:logGet(46)) - raft.server.threadpool.server.cached = true (default)
2023-04-15 16:31:46,575 [pool-123-thread-1] INFO  server.RaftServerConfigKeys (ConfUtils.java:logGet(46)) - raft.server.threadpool.server.size = 0 (default)
2023-04-15 16:31:46,575 [pool-123-thread-1] INFO  server.RaftServerConfigKeys (ConfUtils.java:logGet(46)) - raft.server.threadpool.client.cached = true (default)
2023-04-15 16:31:46,575 [pool-123-thread-1] INFO  server.RaftServerConfigKeys (ConfUtils.java:logGet(46)) - raft.server.threadpool.client.size = 0 (default)
2023-04-15 16:31:46,575 [pool-123-thread-1] INFO  storage.RaftStorageDirectory (RaftStorageDirectoryImpl.java:analyzeStorage(137)) - The storage directory /home/runner/work/ozone/ozone/hadoop-ozone/integration-test/target/test-dir/MiniOzoneClusterImpl-2bdca630-b48d-4c68-bd92-e4e835129ebb/datanode-2/data/ratis/bd94b54d-4d86-495b-af29-900a83dc8a69 does not exist. Creating ...
2023-04-15 16:31:46,577 [pool-123-thread-1] INFO  storage.RaftStorageDirectory (RaftStorageDirectoryImpl.java:tryLock(231)) - Lock on /home/runner/work/ozone/ozone/hadoop-ozone/integration-test/target/test-dir/MiniOzoneClusterImpl-2bdca630-b48d-4c68-bd92-e4e835129ebb/datanode-2/data/ratis/bd94b54d-4d86-495b-af29-900a83dc8a69/in_use.lock acquired by nodename 2345@fv-az202-370
2023-04-15 16:31:46,579 [pool-123-thread-1] INFO  storage.RaftStorage (RaftStorageImpl.java:format(96)) - Storage directory /home/runner/work/ozone/ozone/hadoop-ozone/integration-test/target/test-dir/MiniOzoneClusterImpl-2bdca630-b48d-4c68-bd92-e4e835129ebb/datanode-2/data/ratis/bd94b54d-4d86-495b-af29-900a83dc8a69 has been successfully formatted.
2023-04-15 16:31:46,579 [pool-123-thread-1] INFO  ratis.ContainerStateMachine (ContainerStateMachine.java:loadSnapshot(262)) - group-900A83DC8A69: The snapshot info is null. Setting the last applied indexto:(t:0, i:~)
2023-04-15 16:31:46,579 [pool-123-thread-1] INFO  server.RaftServerConfigKeys (ConfUtils.java:logGet(46)) - raft.server.log.use.memory = false (default)
2023-04-15 16:31:46,579 [pool-123-thread-1] INFO  server.RaftServerConfigKeys (ConfUtils.java:logGet(46)) - raft.server.log.purge.gap = 1000000 (custom)
2023-04-15 16:31:46,580 [pool-123-thread-1] INFO  server.RaftServerConfigKeys (ConfUtils.java:logGet(46)) - raft.server.log.appender.buffer.byte-limit = 33554432 (custom)
2023-04-15 16:31:46,580 [pool-123-thread-1] INFO  server.RaftServerConfigKeys (ConfUtils.java:logGet(46)) - raft.server.log.statemachine.data.read.timeout = 1000ms (default)
2023-04-15 16:31:46,580 [pool-123-thread-1] INFO  server.RaftServerConfigKeys (ConfUtils.java:logGet(46)) - raft.server.log.purge.preservation.log.num = 0 (default)
2023-04-15 16:31:46,580 [pool-123-thread-1] INFO  server.RaftServerConfigKeys (ConfUtils.java:logGet(46)) - raft.server.log.segment.size.max = 1048576 (custom)
2023-04-15 16:31:46,580 [pool-123-thread-1] INFO  server.RaftServerConfigKeys (ConfUtils.java:logGet(46)) - raft.server.log.segment.cache.num.max = 2 (custom)
2023-04-15 16:31:46,580 [pool-123-thread-1] INFO  server.RaftServerConfigKeys (ConfUtils.java:logGet(46)) - raft.server.log.segment.cache.size.max = 200MB (=209715200) (default)
2023-04-15 16:31:46,580 [pool-123-thread-1] INFO  segmented.SegmentedRaftLogWorker (SegmentedRaftLogWorker.java:<init>(189)) - new f16a70e5-fe04-4d06-9179-25c3ad8a94bb@group-900A83DC8A69-SegmentedRaftLogWorker for RaftStorageImpl:Storage Directory /home/runner/work/ozone/ozone/hadoop-ozone/integration-test/target/test-dir/MiniOzoneClusterImpl-2bdca630-b48d-4c68-bd92-e4e835129ebb/datanode-2/data/ratis/bd94b54d-4d86-495b-af29-900a83dc8a69
2023-04-15 16:31:46,580 [pool-123-thread-1] INFO  server.RaftServerConfigKeys (ConfUtils.java:logGet(46)) - raft.server.log.queue.byte-limit = 4294967296 (custom)
2023-04-15 16:31:46,580 [pool-123-thread-1] INFO  server.RaftServerConfigKeys (ConfUtils.java:logGet(46)) - raft.server.log.queue.element-limit = 1024 (custom)
2023-04-15 16:31:46,580 [pool-123-thread-1] INFO  server.RaftServerConfigKeys (ConfUtils.java:logGet(46)) - raft.server.log.segment.size.max = 1048576 (custom)
2023-04-15 16:31:46,580 [pool-123-thread-1] INFO  server.RaftServerConfigKeys (ConfUtils.java:logGet(46)) - raft.server.log.preallocated.size = 16384 (custom)
2023-04-15 16:31:46,580 [pool-123-thread-1] INFO  server.RaftServerConfigKeys (ConfUtils.java:logGet(46)) - raft.server.log.force.sync.num = 128 (default)
2023-04-15 16:31:46,581 [pool-123-thread-1] INFO  server.RaftServerConfigKeys (ConfUtils.java:logGet(46)) - raft.server.log.statemachine.data.sync = true (default)
2023-04-15 16:31:46,581 [pool-123-thread-1] INFO  server.RaftServerConfigKeys (ConfUtils.java:logGet(46)) - raft.server.log.statemachine.data.sync.timeout = 10s (default)
2023-04-15 16:31:46,581 [pool-123-thread-1] INFO  server.RaftServerConfigKeys (ConfUtils.java:logGet(46)) - raft.server.log.statemachine.data.sync.timeout.retry = -1 (default)
2023-04-15 16:31:46,581 [EventQueue-PipelineReportForPipelineReportHandler] INFO  pipeline.PipelineManagerImpl (PipelineManagerImpl.java:openPipeline(367)) - Pipeline Pipeline[ Id: bd94b54d-4d86-495b-af29-900a83dc8a69, Nodes: f16a70e5-fe04-4d06-9179-25c3ad8a94bb(fv-az202-370.ngw3kpfb2bguzbtcwuqjmbcvef.gx.internal.cloudapp.net/10.1.0.27), ReplicationConfig: RATIS/ONE, State:ALLOCATED, leaderId:f16a70e5-fe04-4d06-9179-25c3ad8a94bb, CreationTimestamp2023-04-15T16:31:43.579Z[Etc/UTC]] moved to OPEN state
2023-04-15 16:31:46,581 [pool-123-thread-1] INFO  server.RaftServerConfigKeys (ConfUtils.java:logGet(46)) - raft.server.log.write.buffer.size = 1048576 (custom)
2023-04-15 16:31:46,582 [EventQueue-OpenPipelineForHealthyPipelineSafeModeRule] INFO  safemode.SCMSafeModeManager (HealthyPipelineSafeModeRule.java:process(137)) - SCM in safe mode. Healthy pipelines reported count is 0, required healthy pipeline reported count is 1
2023-04-15 16:31:46,582 [pool-123-thread-1] INFO  server.RaftServerConfigKeys (ConfUtils.java:logGet(46)) - raft.server.log.appender.buffer.byte-limit = 33554432 (custom)
2023-04-15 16:31:46,586 [pool-123-thread-1] INFO  server.RaftServerConfigKeys (ConfUtils.java:logGet(46)) - raft.server.log.unsafe-flush.enabled = false (default)
2023-04-15 16:31:46,586 [pool-123-thread-1] INFO  server.RaftServerConfigKeys (ConfUtils.java:logGet(46)) - raft.server.log.async-flush.enabled = false (default)
2023-04-15 16:31:46,586 [pool-123-thread-1] INFO  server.RaftServerConfigKeys (ConfUtils.java:logGet(46)) - raft.server.log.statemachine.data.caching.enabled = true (custom)
2023-04-15 16:31:46,587 [pool-123-thread-1] INFO  segmented.SegmentedRaftLogWorker (SegmentedRaftLogWorker.java:lambda$new$0(135)) - f16a70e5-fe04-4d06-9179-25c3ad8a94bb@group-900A83DC8A69-SegmentedRaftLogWorker: flushIndex: setUnconditionally 0 -> -1
2023-04-15 16:31:46,587 [pool-123-thread-1] INFO  segmented.SegmentedRaftLogWorker (SegmentedRaftLogWorker.java:lambda$new$0(135)) - f16a70e5-fe04-4d06-9179-25c3ad8a94bb@group-900A83DC8A69-SegmentedRaftLogWorker: safeCacheEvictIndex: setUnconditionally 0 -> -1
2023-04-15 16:31:46,590 [pool-123-thread-1] INFO  server.RaftServer$Division (RaftServerImpl.java:start(334)) - f16a70e5-fe04-4d06-9179-25c3ad8a94bb@group-900A83DC8A69: start as a follower, conf=-1: peers:[f16a70e5-fe04-4d06-9179-25c3ad8a94bb|rpc:10.1.0.27:36733|dataStream:10.1.0.27:43691|priority:1|startupRole:FOLLOWER]|listeners:[], old=null
2023-04-15 16:31:46,590 [pool-123-thread-1] INFO  server.RaftServer$Division (RaftServerImpl.java:setRole(321)) - f16a70e5-fe04-4d06-9179-25c3ad8a94bb@group-900A83DC8A69: changes role from      null to FOLLOWER at term 0 for startAsFollower
2023-04-15 16:31:46,590 [pool-123-thread-1] INFO  impl.RoleInfo (RoleInfo.java:updateAndGet(139)) - f16a70e5-fe04-4d06-9179-25c3ad8a94bb: start f16a70e5-fe04-4d06-9179-25c3ad8a94bb@group-900A83DC8A69-FollowerState
2023-04-15 16:31:46,591 [pool-123-thread-1] INFO  util.JmxRegister (JmxRegister.java:tryRegister(44)) - Successfully registered JMX Bean with object name Ratis:service=RaftServer,group=group-900A83DC8A69,id=f16a70e5-fe04-4d06-9179-25c3ad8a94bb
2023-04-15 16:31:46,591 [pool-123-thread-1] INFO  server.RaftServerConfigKeys (ConfUtils.java:logGet(46)) - raft.server.snapshot.auto.trigger.enabled = true (custom)
2023-04-15 16:31:46,591 [pool-123-thread-1] INFO  server.RaftServerConfigKeys (ConfUtils.java:logGet(46)) - raft.server.snapshot.auto.trigger.threshold = 10000 (custom)
2023-04-15 16:31:46,591 [pool-123-thread-1] INFO  server.RaftServerConfigKeys (ConfUtils.java:logGet(46)) - raft.server.snapshot.retention.file.num = 5 (custom)
2023-04-15 16:31:46,591 [pool-123-thread-1] INFO  server.RaftServerConfigKeys (ConfUtils.java:logGet(46)) - raft.server.log.purge.upto.snapshot.index = false (default)
2023-04-15 16:31:46,592 [f16a70e5-fe04-4d06-9179-25c3ad8a94bb@group-900A83DC8A69-FollowerState] INFO  server.RaftServerConfigKeys (ConfUtils.java:logFallback(53)) - raft.server.rpc.first-election.timeout.min = 5s (fallback to raft.server.rpc.timeout.min)
2023-04-15 16:31:46,592 [f16a70e5-fe04-4d06-9179-25c3ad8a94bb@group-900A83DC8A69-FollowerState] INFO  server.RaftServerConfigKeys (ConfUtils.java:logFallback(53)) - raft.server.rpc.first-election.timeout.max = 5200ms (fallback to raft.server.rpc.timeout.max)
2023-04-15 16:31:46,594 [Command processor thread] INFO  ratis.XceiverServerRatis (XceiverServerRatis.java:addGroup(806)) - Created group PipelineID=bd94b54d-4d86-495b-af29-900a83dc8a69
2023-04-15 16:31:46,594 [Command processor thread] INFO  commandhandler.CreatePipelineCommandHandler (CreatePipelineCommandHandler.java:handle(113)) - Created Pipeline RATIS ONE PipelineID=bd94b54d-4d86-495b-af29-900a83dc8a69.
2023-04-15 16:31:46,600 [BlockDeletingService#2] INFO  interfaces.ContainerDeletionChoosingPolicyTemplate (ContainerDeletionChoosingPolicyTemplate.java:chooseContainerForBlockDeletion(83)) - Chosen 0/5000 blocks from 0 candidate containers.
2023-04-15 16:31:46,601 [BlockDeletingService#1] INFO  interfaces.ContainerDeletionChoosingPolicyTemplate (ContainerDeletionChoosingPolicyTemplate.java:chooseContainerForBlockDeletion(83)) - Chosen 0/5000 blocks from 0 candidate containers.
2023-04-15 16:31:46,602 [BlockDeletingService#2] INFO  interfaces.ContainerDeletionChoosingPolicyTemplate (ContainerDeletionChoosingPolicyTemplate.java:chooseContainerForBlockDeletion(83)) - Chosen 0/5000 blocks from 0 candidate containers.
2023-04-15 16:31:46,701 [BlockDeletingService#2] INFO  interfaces.ContainerDeletionChoosingPolicyTemplate (ContainerDeletionChoosingPolicyTemplate.java:chooseContainerForBlockDeletion(83)) - Chosen 0/5000 blocks from 0 candidate containers.
2023-04-15 16:31:46,701 [BlockDeletingService#1] INFO  interfaces.ContainerDeletionChoosingPolicyTemplate (ContainerDeletionChoosingPolicyTemplate.java:chooseContainerForBlockDeletion(83)) - Chosen 0/5000 blocks from 0 candidate containers.
2023-04-15 16:31:46,702 [BlockDeletingService#2] INFO  interfaces.ContainerDeletionChoosingPolicyTemplate (ContainerDeletionChoosingPolicyTemplate.java:chooseContainerForBlockDeletion(83)) - Chosen 0/5000 blocks from 0 candidate containers.
2023-04-15 16:31:46,801 [BlockDeletingService#2] INFO  interfaces.ContainerDeletionChoosingPolicyTemplate (ContainerDeletionChoosingPolicyTemplate.java:chooseContainerForBlockDeletion(83)) - Chosen 0/5000 blocks from 0 candidate containers.
2023-04-15 16:31:46,801 [BlockDeletingService#1] INFO  interfaces.ContainerDeletionChoosingPolicyTemplate (ContainerDeletionChoosingPolicyTemplate.java:chooseContainerForBlockDeletion(83)) - Chosen 0/5000 blocks from 0 candidate containers.
2023-04-15 16:31:46,802 [BlockDeletingService#2] INFO  interfaces.ContainerDeletionChoosingPolicyTemplate (ContainerDeletionChoosingPolicyTemplate.java:chooseContainerForBlockDeletion(83)) - Chosen 0/5000 blocks from 0 candidate containers.
2023-04-15 16:31:46,901 [BlockDeletingService#2] INFO  interfaces.ContainerDeletionChoosingPolicyTemplate (ContainerDeletionChoosingPolicyTemplate.java:chooseContainerForBlockDeletion(83)) - Chosen 0/5000 blocks from 0 candidate containers.
2023-04-15 16:31:46,901 [BlockDeletingService#1] INFO  interfaces.ContainerDeletionChoosingPolicyTemplate (ContainerDeletionChoosingPolicyTemplate.java:chooseContainerForBlockDeletion(83)) - Chosen 0/5000 blocks from 0 candidate containers.
2023-04-15 16:31:46,902 [BlockDeletingService#2] INFO  interfaces.ContainerDeletionChoosingPolicyTemplate (ContainerDeletionChoosingPolicyTemplate.java:chooseContainerForBlockDeletion(83)) - Chosen 0/5000 blocks from 0 candidate containers.
2023-04-15 16:31:47,001 [BlockDeletingService#2] INFO  interfaces.ContainerDeletionChoosingPolicyTemplate (ContainerDeletionChoosingPolicyTemplate.java:chooseContainerForBlockDeletion(83)) - Chosen 0/5000 blocks from 0 candidate containers.
2023-04-15 16:31:47,001 [BlockDeletingService#1] INFO  interfaces.ContainerDeletionChoosingPolicyTemplate (ContainerDeletionChoosingPolicyTemplate.java:chooseContainerForBlockDeletion(83)) - Chosen 0/5000 blocks from 0 candidate containers.
2023-04-15 16:31:47,003 [BlockDeletingService#2] INFO  interfaces.ContainerDeletionChoosingPolicyTemplate (ContainerDeletionChoosingPolicyTemplate.java:chooseContainerForBlockDeletion(83)) - Chosen 0/5000 blocks from 0 candidate containers.
2023-04-15 16:31:47,101 [BlockDeletingService#2] INFO  interfaces.ContainerDeletionChoosingPolicyTemplate (ContainerDeletionChoosingPolicyTemplate.java:chooseContainerForBlockDeletion(83)) - Chosen 0/5000 blocks from 0 candidate containers.
2023-04-15 16:31:47,102 [BlockDeletingService#1] INFO  interfaces.ContainerDeletionChoosingPolicyTemplate (ContainerDeletionChoosingPolicyTemplate.java:chooseContainerForBlockDeletion(83)) - Chosen 0/5000 blocks from 0 candidate containers.
2023-04-15 16:31:47,104 [BlockDeletingService#2] INFO  interfaces.ContainerDeletionChoosingPolicyTemplate (ContainerDeletionChoosingPolicyTemplate.java:chooseContainerForBlockDeletion(83)) - Chosen 0/5000 blocks from 0 candidate containers.
2023-04-15 16:31:47,202 [BlockDeletingService#2] INFO  interfaces.ContainerDeletionChoosingPolicyTemplate (ContainerDeletionChoosingPolicyTemplate.java:chooseContainerForBlockDeletion(83)) - Chosen 0/5000 blocks from 0 candidate containers.
2023-04-15 16:31:47,202 [BlockDeletingService#1] INFO  interfaces.ContainerDeletionChoosingPolicyTemplate (ContainerDeletionChoosingPolicyTemplate.java:chooseContainerForBlockDeletion(83)) - Chosen 0/5000 blocks from 0 candidate containers.
2023-04-15 16:31:47,204 [BlockDeletingService#2] INFO  interfaces.ContainerDeletionChoosingPolicyTemplate (ContainerDeletionChoosingPolicyTemplate.java:chooseContainerForBlockDeletion(83)) - Chosen 0/5000 blocks from 0 candidate containers.
2023-04-15 16:31:47,302 [BlockDeletingService#2] INFO  interfaces.ContainerDeletionChoosingPolicyTemplate (ContainerDeletionChoosingPolicyTemplate.java:chooseContainerForBlockDeletion(83)) - Chosen 0/5000 blocks from 0 candidate containers.
2023-04-15 16:31:47,302 [BlockDeletingService#1] INFO  interfaces.ContainerDeletionChoosingPolicyTemplate (ContainerDeletionChoosingPolicyTemplate.java:chooseContainerForBlockDeletion(83)) - Chosen 0/5000 blocks from 0 candidate containers.
2023-04-15 16:31:47,304 [BlockDeletingService#2] INFO  interfaces.ContainerDeletionChoosingPolicyTemplate (ContainerDeletionChoosingPolicyTemplate.java:chooseContainerForBlockDeletion(83)) - Chosen 0/5000 blocks from 0 candidate containers.
2023-04-15 16:31:47,402 [BlockDeletingService#2] INFO  interfaces.ContainerDeletionChoosingPolicyTemplate (ContainerDeletionChoosingPolicyTemplate.java:chooseContainerForBlockDeletion(83)) - Chosen 0/5000 blocks from 0 candidate containers.
2023-04-15 16:31:47,402 [BlockDeletingService#1] INFO  interfaces.ContainerDeletionChoosingPolicyTemplate (ContainerDeletionChoosingPolicyTemplate.java:chooseContainerForBlockDeletion(83)) - Chosen 0/5000 blocks from 0 candidate containers.
2023-04-15 16:31:47,404 [BlockDeletingService#2] INFO  interfaces.ContainerDeletionChoosingPolicyTemplate (ContainerDeletionChoosingPolicyTemplate.java:chooseContainerForBlockDeletion(83)) - Chosen 0/5000 blocks from 0 candidate containers.
2023-04-15 16:31:47,502 [BlockDeletingService#2] INFO  interfaces.ContainerDeletionChoosingPolicyTemplate (ContainerDeletionChoosingPolicyTemplate.java:chooseContainerForBlockDeletion(83)) - Chosen 0/5000 blocks from 0 candidate containers.
2023-04-15 16:31:47,502 [BlockDeletingService#1] INFO  interfaces.ContainerDeletionChoosingPolicyTemplate (ContainerDeletionChoosingPolicyTemplate.java:chooseContainerForBlockDeletion(83)) - Chosen 0/5000 blocks from 0 candidate containers.
2023-04-15 16:31:47,504 [BlockDeletingService#2] INFO  interfaces.ContainerDeletionChoosingPolicyTemplate (ContainerDeletionChoosingPolicyTemplate.java:chooseContainerForBlockDeletion(83)) - Chosen 0/5000 blocks from 0 candidate containers.
2023-04-15 16:31:47,566 [Listener at 127.0.0.1/45033] INFO  ozone.MiniOzoneClusterImpl (MiniOzoneClusterImpl.java:lambda$waitForClusterToBeReady$0(222)) - Nodes are ready. Got 3 of 3 DN Heartbeats.
2023-04-15 16:31:47,566 [Listener at 127.0.0.1/45033] INFO  ozone.MiniOzoneClusterImpl (MiniOzoneClusterImpl.java:lambda$waitForClusterToBeReady$0(225)) - Waiting for cluster to exit safe mode
2023-04-15 16:31:47,566 [Listener at 127.0.0.1/45033] INFO  ozone.MiniOzoneClusterImpl (MiniOzoneClusterImpl.java:lambda$waitForClusterToBeReady$0(227)) - SCM became leader
2023-04-15 16:31:47,603 [BlockDeletingService#2] INFO  interfaces.ContainerDeletionChoosingPolicyTemplate (ContainerDeletionChoosingPolicyTemplate.java:chooseContainerForBlockDeletion(83)) - Chosen 0/5000 blocks from 0 candidate containers.
2023-04-15 16:31:47,603 [BlockDeletingService#1] INFO  interfaces.ContainerDeletionChoosingPolicyTemplate (ContainerDeletionChoosingPolicyTemplate.java:chooseContainerForBlockDeletion(83)) - Chosen 0/5000 blocks from 0 candidate containers.
2023-04-15 16:31:47,604 [BlockDeletingService#2] INFO  interfaces.ContainerDeletionChoosingPolicyTemplate (ContainerDeletionChoosingPolicyTemplate.java:chooseContainerForBlockDeletion(83)) - Chosen 0/5000 blocks from 0 candidate containers.
2023-04-15 16:31:47,703 [BlockDeletingService#2] INFO  interfaces.ContainerDeletionChoosingPolicyTemplate (ContainerDeletionChoosingPolicyTemplate.java:chooseContainerForBlockDeletion(83)) - Chosen 0/5000 blocks from 0 candidate containers.
2023-04-15 16:31:47,703 [BlockDeletingService#1] INFO  interfaces.ContainerDeletionChoosingPolicyTemplate (ContainerDeletionChoosingPolicyTemplate.java:chooseContainerForBlockDeletion(83)) - Chosen 0/5000 blocks from 0 candidate containers.
2023-04-15 16:31:47,704 [BlockDeletingService#2] INFO  interfaces.ContainerDeletionChoosingPolicyTemplate (ContainerDeletionChoosingPolicyTemplate.java:chooseContainerForBlockDeletion(83)) - Chosen 0/5000 blocks from 0 candidate containers.
2023-04-15 16:31:47,803 [BlockDeletingService#2] INFO  interfaces.ContainerDeletionChoosingPolicyTemplate (ContainerDeletionChoosingPolicyTemplate.java:chooseContainerForBlockDeletion(83)) - Chosen 0/5000 blocks from 0 candidate containers.
2023-04-15 16:31:47,803 [BlockDeletingService#1] INFO  interfaces.ContainerDeletionChoosingPolicyTemplate (ContainerDeletionChoosingPolicyTemplate.java:chooseContainerForBlockDeletion(83)) - Chosen 0/5000 blocks from 0 candidate containers.
2023-04-15 16:31:47,805 [BlockDeletingService#2] INFO  interfaces.ContainerDeletionChoosingPolicyTemplate (ContainerDeletionChoosingPolicyTemplate.java:chooseContainerForBlockDeletion(83)) - Chosen 0/5000 blocks from 0 candidate containers.
2023-04-15 16:31:47,903 [BlockDeletingService#2] INFO  interfaces.ContainerDeletionChoosingPolicyTemplate (ContainerDeletionChoosingPolicyTemplate.java:chooseContainerForBlockDeletion(83)) - Chosen 0/5000 blocks from 0 candidate containers.
2023-04-15 16:31:47,903 [BlockDeletingService#1] INFO  interfaces.ContainerDeletionChoosingPolicyTemplate (ContainerDeletionChoosingPolicyTemplate.java:chooseContainerForBlockDeletion(83)) - Chosen 0/5000 blocks from 0 candidate containers.
2023-04-15 16:31:47,905 [BlockDeletingService#2] INFO  interfaces.ContainerDeletionChoosingPolicyTemplate (ContainerDeletionChoosingPolicyTemplate.java:chooseContainerForBlockDeletion(83)) - Chosen 0/5000 blocks from 0 candidate containers.
2023-04-15 16:31:48,003 [BlockDeletingService#2] INFO  interfaces.ContainerDeletionChoosingPolicyTemplate (ContainerDeletionChoosingPolicyTemplate.java:chooseContainerForBlockDeletion(83)) - Chosen 0/5000 blocks from 0 candidate containers.
2023-04-15 16:31:48,003 [BlockDeletingService#1] INFO  interfaces.ContainerDeletionChoosingPolicyTemplate (ContainerDeletionChoosingPolicyTemplate.java:chooseContainerForBlockDeletion(83)) - Chosen 0/5000 blocks from 0 candidate containers.
2023-04-15 16:31:48,005 [BlockDeletingService#2] INFO  interfaces.ContainerDeletionChoosingPolicyTemplate (ContainerDeletionChoosingPolicyTemplate.java:chooseContainerForBlockDeletion(83)) - Chosen 0/5000 blocks from 0 candidate containers.
2023-04-15 16:31:48,104 [BlockDeletingService#2] INFO  interfaces.ContainerDeletionChoosingPolicyTemplate (ContainerDeletionChoosingPolicyTemplate.java:chooseContainerForBlockDeletion(83)) - Chosen 0/5000 blocks from 0 candidate containers.
2023-04-15 16:31:48,104 [BlockDeletingService#1] INFO  interfaces.ContainerDeletionChoosingPolicyTemplate (ContainerDeletionChoosingPolicyTemplate.java:chooseContainerForBlockDeletion(83)) - Chosen 0/5000 blocks from 0 candidate containers.
2023-04-15 16:31:48,105 [BlockDeletingService#2] INFO  interfaces.ContainerDeletionChoosingPolicyTemplate (ContainerDeletionChoosingPolicyTemplate.java:chooseContainerForBlockDeletion(83)) - Chosen 0/5000 blocks from 0 candidate containers.
2023-04-15 16:31:48,204 [BlockDeletingService#2] INFO  interfaces.ContainerDeletionChoosingPolicyTemplate (ContainerDeletionChoosingPolicyTemplate.java:chooseContainerForBlockDeletion(83)) - Chosen 0/5000 blocks from 0 candidate containers.
2023-04-15 16:31:48,204 [BlockDeletingService#1] INFO  interfaces.ContainerDeletionChoosingPolicyTemplate (ContainerDeletionChoosingPolicyTemplate.java:chooseContainerForBlockDeletion(83)) - Chosen 0/5000 blocks from 0 candidate containers.
2023-04-15 16:31:48,205 [BlockDeletingService#2] INFO  interfaces.ContainerDeletionChoosingPolicyTemplate (ContainerDeletionChoosingPolicyTemplate.java:chooseContainerForBlockDeletion(83)) - Chosen 0/5000 blocks from 0 candidate containers.
2023-04-15 16:31:48,304 [BlockDeletingService#2] INFO  interfaces.ContainerDeletionChoosingPolicyTemplate (ContainerDeletionChoosingPolicyTemplate.java:chooseContainerForBlockDeletion(83)) - Chosen 0/5000 blocks from 0 candidate containers.
2023-04-15 16:31:48,304 [BlockDeletingService#1] INFO  interfaces.ContainerDeletionChoosingPolicyTemplate (ContainerDeletionChoosingPolicyTemplate.java:chooseContainerForBlockDeletion(83)) - Chosen 0/5000 blocks from 0 candidate containers.
2023-04-15 16:31:48,305 [BlockDeletingService#2] INFO  interfaces.ContainerDeletionChoosingPolicyTemplate (ContainerDeletionChoosingPolicyTemplate.java:chooseContainerForBlockDeletion(83)) - Chosen 0/5000 blocks from 0 candidate containers.
2023-04-15 16:31:48,404 [BlockDeletingService#2] INFO  interfaces.ContainerDeletionChoosingPolicyTemplate (ContainerDeletionChoosingPolicyTemplate.java:chooseContainerForBlockDeletion(83)) - Chosen 0/5000 blocks from 0 candidate containers.
2023-04-15 16:31:48,404 [BlockDeletingService#1] INFO  interfaces.ContainerDeletionChoosingPolicyTemplate (ContainerDeletionChoosingPolicyTemplate.java:chooseContainerForBlockDeletion(83)) - Chosen 0/5000 blocks from 0 candidate containers.
2023-04-15 16:31:48,405 [BlockDeletingService#2] INFO  interfaces.ContainerDeletionChoosingPolicyTemplate (ContainerDeletionChoosingPolicyTemplate.java:chooseContainerForBlockDeletion(83)) - Chosen 0/5000 blocks from 0 candidate containers.
2023-04-15 16:31:48,505 [BlockDeletingService#2] INFO  interfaces.ContainerDeletionChoosingPolicyTemplate (ContainerDeletionChoosingPolicyTemplate.java:chooseContainerForBlockDeletion(83)) - Chosen 0/5000 blocks from 0 candidate containers.
2023-04-15 16:31:48,505 [BlockDeletingService#1] INFO  interfaces.ContainerDeletionChoosingPolicyTemplate (ContainerDeletionChoosingPolicyTemplate.java:chooseContainerForBlockDeletion(83)) - Chosen 0/5000 blocks from 0 candidate containers.
2023-04-15 16:31:48,506 [BlockDeletingService#2] INFO  interfaces.ContainerDeletionChoosingPolicyTemplate (ContainerDeletionChoosingPolicyTemplate.java:chooseContainerForBlockDeletion(83)) - Chosen 0/5000 blocks from 0 candidate containers.
2023-04-15 16:31:48,566 [Listener at 127.0.0.1/45033] INFO  ozone.MiniOzoneClusterImpl (MiniOzoneClusterImpl.java:lambda$waitForClusterToBeReady$0(222)) - Nodes are ready. Got 3 of 3 DN Heartbeats.
2023-04-15 16:31:48,566 [Listener at 127.0.0.1/45033] INFO  ozone.MiniOzoneClusterImpl (MiniOzoneClusterImpl.java:lambda$waitForClusterToBeReady$0(225)) - Waiting for cluster to exit safe mode
2023-04-15 16:31:48,566 [Listener at 127.0.0.1/45033] INFO  ozone.MiniOzoneClusterImpl (MiniOzoneClusterImpl.java:lambda$waitForClusterToBeReady$0(227)) - SCM became leader
2023-04-15 16:31:48,605 [BlockDeletingService#2] INFO  interfaces.ContainerDeletionChoosingPolicyTemplate (ContainerDeletionChoosingPolicyTemplate.java:chooseContainerForBlockDeletion(83)) - Chosen 0/5000 blocks from 0 candidate containers.
2023-04-15 16:31:48,605 [BlockDeletingService#1] INFO  interfaces.ContainerDeletionChoosingPolicyTemplate (ContainerDeletionChoosingPolicyTemplate.java:chooseContainerForBlockDeletion(83)) - Chosen 0/5000 blocks from 0 candidate containers.
2023-04-15 16:31:48,606 [BlockDeletingService#2] INFO  interfaces.ContainerDeletionChoosingPolicyTemplate (ContainerDeletionChoosingPolicyTemplate.java:chooseContainerForBlockDeletion(83)) - Chosen 0/5000 blocks from 0 candidate containers.
2023-04-15 16:31:48,705 [BlockDeletingService#2] INFO  interfaces.ContainerDeletionChoosingPolicyTemplate (ContainerDeletionChoosingPolicyTemplate.java:chooseContainerForBlockDeletion(83)) - Chosen 0/5000 blocks from 0 candidate containers.
2023-04-15 16:31:48,706 [BlockDeletingService#1] INFO  interfaces.ContainerDeletionChoosingPolicyTemplate (ContainerDeletionChoosingPolicyTemplate.java:chooseContainerForBlockDeletion(83)) - Chosen 0/5000 blocks from 0 candidate containers.
2023-04-15 16:31:48,706 [BlockDeletingService#2] INFO  interfaces.ContainerDeletionChoosingPolicyTemplate (ContainerDeletionChoosingPolicyTemplate.java:chooseContainerForBlockDeletion(83)) - Chosen 0/5000 blocks from 0 candidate containers.
2023-04-15 16:31:48,805 [BlockDeletingService#2] INFO  interfaces.ContainerDeletionChoosingPolicyTemplate (ContainerDeletionChoosingPolicyTemplate.java:chooseContainerForBlockDeletion(83)) - Chosen 0/5000 blocks from 0 candidate containers.
2023-04-15 16:31:48,806 [BlockDeletingService#1] INFO  interfaces.ContainerDeletionChoosingPolicyTemplate (ContainerDeletionChoosingPolicyTemplate.java:chooseContainerForBlockDeletion(83)) - Chosen 0/5000 blocks from 0 candidate containers.
2023-04-15 16:31:48,806 [BlockDeletingService#2] INFO  interfaces.ContainerDeletionChoosingPolicyTemplate (ContainerDeletionChoosingPolicyTemplate.java:chooseContainerForBlockDeletion(83)) - Chosen 0/5000 blocks from 0 candidate containers.
2023-04-15 16:31:48,905 [BlockDeletingService#2] INFO  interfaces.ContainerDeletionChoosingPolicyTemplate (ContainerDeletionChoosingPolicyTemplate.java:chooseContainerForBlockDeletion(83)) - Chosen 0/5000 blocks from 0 candidate containers.
2023-04-15 16:31:48,906 [BlockDeletingService#1] INFO  interfaces.ContainerDeletionChoosingPolicyTemplate (ContainerDeletionChoosingPolicyTemplate.java:chooseContainerForBlockDeletion(83)) - Chosen 0/5000 blocks from 0 candidate containers.
2023-04-15 16:31:48,906 [BlockDeletingService#2] INFO  interfaces.ContainerDeletionChoosingPolicyTemplate (ContainerDeletionChoosingPolicyTemplate.java:chooseContainerForBlockDeletion(83)) - Chosen 0/5000 blocks from 0 candidate containers.
2023-04-15 16:31:49,006 [BlockDeletingService#2] INFO  interfaces.ContainerDeletionChoosingPolicyTemplate (ContainerDeletionChoosingPolicyTemplate.java:chooseContainerForBlockDeletion(83)) - Chosen 0/5000 blocks from 0 candidate containers.
2023-04-15 16:31:49,006 [BlockDeletingService#1] INFO  interfaces.ContainerDeletionChoosingPolicyTemplate (ContainerDeletionChoosingPolicyTemplate.java:chooseContainerForBlockDeletion(83)) - Chosen 0/5000 blocks from 0 candidate containers.
2023-04-15 16:31:49,006 [BlockDeletingService#2] INFO  interfaces.ContainerDeletionChoosingPolicyTemplate (ContainerDeletionChoosingPolicyTemplate.java:chooseContainerForBlockDeletion(83)) - Chosen 0/5000 blocks from 0 candidate containers.
2023-04-15 16:31:49,106 [BlockDeletingService#2] INFO  interfaces.ContainerDeletionChoosingPolicyTemplate (ContainerDeletionChoosingPolicyTemplate.java:chooseContainerForBlockDeletion(83)) - Chosen 0/5000 blocks from 0 candidate containers.
2023-04-15 16:31:49,106 [BlockDeletingService#1] INFO  interfaces.ContainerDeletionChoosingPolicyTemplate (ContainerDeletionChoosingPolicyTemplate.java:chooseContainerForBlockDeletion(83)) - Chosen 0/5000 blocks from 0 candidate containers.
2023-04-15 16:31:49,106 [BlockDeletingService#2] INFO  interfaces.ContainerDeletionChoosingPolicyTemplate (ContainerDeletionChoosingPolicyTemplate.java:chooseContainerForBlockDeletion(83)) - Chosen 0/5000 blocks from 0 candidate containers.
2023-04-15 16:31:49,206 [BlockDeletingService#2] INFO  interfaces.ContainerDeletionChoosingPolicyTemplate (ContainerDeletionChoosingPolicyTemplate.java:chooseContainerForBlockDeletion(83)) - Chosen 0/5000 blocks from 0 candidate containers.
2023-04-15 16:31:49,206 [BlockDeletingService#1] INFO  interfaces.ContainerDeletionChoosingPolicyTemplate (ContainerDeletionChoosingPolicyTemplate.java:chooseContainerForBlockDeletion(83)) - Chosen 0/5000 blocks from 0 candidate containers.
2023-04-15 16:31:49,207 [BlockDeletingService#2] INFO  interfaces.ContainerDeletionChoosingPolicyTemplate (ContainerDeletionChoosingPolicyTemplate.java:chooseContainerForBlockDeletion(83)) - Chosen 0/5000 blocks from 0 candidate containers.
2023-04-15 16:31:49,306 [BlockDeletingService#2] INFO  interfaces.ContainerDeletionChoosingPolicyTemplate (ContainerDeletionChoosingPolicyTemplate.java:chooseContainerForBlockDeletion(83)) - Chosen 0/5000 blocks from 0 candidate containers.
2023-04-15 16:31:49,307 [BlockDeletingService#2] INFO  interfaces.ContainerDeletionChoosingPolicyTemplate (ContainerDeletionChoosingPolicyTemplate.java:chooseContainerForBlockDeletion(83)) - Chosen 0/5000 blocks from 0 candidate containers.
2023-04-15 16:31:49,307 [BlockDeletingService#1] INFO  interfaces.ContainerDeletionChoosingPolicyTemplate (ContainerDeletionChoosingPolicyTemplate.java:chooseContainerForBlockDeletion(83)) - Chosen 0/5000 blocks from 0 candidate containers.
2023-04-15 16:31:49,407 [BlockDeletingService#2] INFO  interfaces.ContainerDeletionChoosingPolicyTemplate (ContainerDeletionChoosingPolicyTemplate.java:chooseContainerForBlockDeletion(83)) - Chosen 0/5000 blocks from 0 candidate containers.
2023-04-15 16:31:49,407 [BlockDeletingService#2] INFO  interfaces.ContainerDeletionChoosingPolicyTemplate (ContainerDeletionChoosingPolicyTemplate.java:chooseContainerForBlockDeletion(83)) - Chosen 0/5000 blocks from 0 candidate containers.
2023-04-15 16:31:49,407 [BlockDeletingService#1] INFO  interfaces.ContainerDeletionChoosingPolicyTemplate (ContainerDeletionChoosingPolicyTemplate.java:chooseContainerForBlockDeletion(83)) - Chosen 0/5000 blocks from 0 candidate containers.
2023-04-15 16:31:49,507 [BlockDeletingService#2] INFO  interfaces.ContainerDeletionChoosingPolicyTemplate (ContainerDeletionChoosingPolicyTemplate.java:chooseContainerForBlockDeletion(83)) - Chosen 0/5000 blocks from 0 candidate containers.
2023-04-15 16:31:49,507 [BlockDeletingService#2] INFO  interfaces.ContainerDeletionChoosingPolicyTemplate (ContainerDeletionChoosingPolicyTemplate.java:chooseContainerForBlockDeletion(83)) - Chosen 0/5000 blocks from 0 candidate containers.
2023-04-15 16:31:49,507 [BlockDeletingService#1] INFO  interfaces.ContainerDeletionChoosingPolicyTemplate (ContainerDeletionChoosingPolicyTemplate.java:chooseContainerForBlockDeletion(83)) - Chosen 0/5000 blocks from 0 candidate containers.
2023-04-15 16:31:49,566 [Listener at 127.0.0.1/45033] INFO  ozone.MiniOzoneClusterImpl (MiniOzoneClusterImpl.java:lambda$waitForClusterToBeReady$0(222)) - Nodes are ready. Got 3 of 3 DN Heartbeats.
2023-04-15 16:31:49,567 [Listener at 127.0.0.1/45033] INFO  ozone.MiniOzoneClusterImpl (MiniOzoneClusterImpl.java:lambda$waitForClusterToBeReady$0(225)) - Waiting for cluster to exit safe mode
2023-04-15 16:31:49,567 [Listener at 127.0.0.1/45033] INFO  ozone.MiniOzoneClusterImpl (MiniOzoneClusterImpl.java:lambda$waitForClusterToBeReady$0(227)) - SCM became leader
2023-04-15 16:31:49,607 [BlockDeletingService#2] INFO  interfaces.ContainerDeletionChoosingPolicyTemplate (ContainerDeletionChoosingPolicyTemplate.java:chooseContainerForBlockDeletion(83)) - Chosen 0/5000 blocks from 0 candidate containers.
2023-04-15 16:31:49,607 [BlockDeletingService#2] INFO  interfaces.ContainerDeletionChoosingPolicyTemplate (ContainerDeletionChoosingPolicyTemplate.java:chooseContainerForBlockDeletion(83)) - Chosen 0/5000 blocks from 0 candidate containers.
2023-04-15 16:31:49,607 [BlockDeletingService#1] INFO  interfaces.ContainerDeletionChoosingPolicyTemplate (ContainerDeletionChoosingPolicyTemplate.java:chooseContainerForBlockDeletion(83)) - Chosen 0/5000 blocks from 0 candidate containers.
2023-04-15 16:31:49,707 [BlockDeletingService#2] INFO  interfaces.ContainerDeletionChoosingPolicyTemplate (ContainerDeletionChoosingPolicyTemplate.java:chooseContainerForBlockDeletion(83)) - Chosen 0/5000 blocks from 0 candidate containers.
2023-04-15 16:31:49,707 [BlockDeletingService#2] INFO  interfaces.ContainerDeletionChoosingPolicyTemplate (ContainerDeletionChoosingPolicyTemplate.java:chooseContainerForBlockDeletion(83)) - Chosen 0/5000 blocks from 0 candidate containers.
2023-04-15 16:31:49,707 [BlockDeletingService#1] INFO  interfaces.ContainerDeletionChoosingPolicyTemplate (ContainerDeletionChoosingPolicyTemplate.java:chooseContainerForBlockDeletion(83)) - Chosen 0/5000 blocks from 0 candidate containers.
2023-04-15 16:31:49,807 [BlockDeletingService#2] INFO  interfaces.ContainerDeletionChoosingPolicyTemplate (ContainerDeletionChoosingPolicyTemplate.java:chooseContainerForBlockDeletion(83)) - Chosen 0/5000 blocks from 0 candidate containers.
2023-04-15 16:31:49,807 [BlockDeletingService#2] INFO  interfaces.ContainerDeletionChoosingPolicyTemplate (ContainerDeletionChoosingPolicyTemplate.java:chooseContainerForBlockDeletion(83)) - Chosen 0/5000 blocks from 0 candidate containers.
2023-04-15 16:31:49,808 [BlockDeletingService#1] INFO  interfaces.ContainerDeletionChoosingPolicyTemplate (ContainerDeletionChoosingPolicyTemplate.java:chooseContainerForBlockDeletion(83)) - Chosen 0/5000 blocks from 0 candidate containers.
2023-04-15 16:31:49,908 [BlockDeletingService#2] INFO  interfaces.ContainerDeletionChoosingPolicyTemplate (ContainerDeletionChoosingPolicyTemplate.java:chooseContainerForBlockDeletion(83)) - Chosen 0/5000 blocks from 0 candidate containers.
2023-04-15 16:31:49,908 [BlockDeletingService#2] INFO  interfaces.ContainerDeletionChoosingPolicyTemplate (ContainerDeletionChoosingPolicyTemplate.java:chooseContainerForBlockDeletion(83)) - Chosen 0/5000 blocks from 0 candidate containers.
2023-04-15 16:31:49,908 [BlockDeletingService#1] INFO  interfaces.ContainerDeletionChoosingPolicyTemplate (ContainerDeletionChoosingPolicyTemplate.java:chooseContainerForBlockDeletion(83)) - Chosen 0/5000 blocks from 0 candidate containers.
2023-04-15 16:31:50,008 [BlockDeletingService#2] INFO  interfaces.ContainerDeletionChoosingPolicyTemplate (ContainerDeletionChoosingPolicyTemplate.java:chooseContainerForBlockDeletion(83)) - Chosen 0/5000 blocks from 0 candidate containers.
2023-04-15 16:31:50,008 [BlockDeletingService#2] INFO  interfaces.ContainerDeletionChoosingPolicyTemplate (ContainerDeletionChoosingPolicyTemplate.java:chooseContainerForBlockDeletion(83)) - Chosen 0/5000 blocks from 0 candidate containers.
2023-04-15 16:31:50,008 [BlockDeletingService#1] INFO  interfaces.ContainerDeletionChoosingPolicyTemplate (ContainerDeletionChoosingPolicyTemplate.java:chooseContainerForBlockDeletion(83)) - Chosen 0/5000 blocks from 0 candidate containers.
2023-04-15 16:31:50,108 [BlockDeletingService#2] INFO  interfaces.ContainerDeletionChoosingPolicyTemplate (ContainerDeletionChoosingPolicyTemplate.java:chooseContainerForBlockDeletion(83)) - Chosen 0/5000 blocks from 0 candidate containers.
2023-04-15 16:31:50,108 [BlockDeletingService#1] INFO  interfaces.ContainerDeletionChoosingPolicyTemplate (ContainerDeletionChoosingPolicyTemplate.java:chooseContainerForBlockDeletion(83)) - Chosen 0/5000 blocks from 0 candidate containers.
2023-04-15 16:31:50,108 [BlockDeletingService#2] INFO  interfaces.ContainerDeletionChoosingPolicyTemplate (ContainerDeletionChoosingPolicyTemplate.java:chooseContainerForBlockDeletion(83)) - Chosen 0/5000 blocks from 0 candidate containers.
2023-04-15 16:31:50,208 [BlockDeletingService#2] INFO  interfaces.ContainerDeletionChoosingPolicyTemplate (ContainerDeletionChoosingPolicyTemplate.java:chooseContainerForBlockDeletion(83)) - Chosen 0/5000 blocks from 0 candidate containers.
2023-04-15 16:31:50,209 [BlockDeletingService#1] INFO  interfaces.ContainerDeletionChoosingPolicyTemplate (ContainerDeletionChoosingPolicyTemplate.java:chooseContainerForBlockDeletion(83)) - Chosen 0/5000 blocks from 0 candidate containers.
2023-04-15 16:31:50,209 [BlockDeletingService#2] INFO  interfaces.ContainerDeletionChoosingPolicyTemplate (ContainerDeletionChoosingPolicyTemplate.java:chooseContainerForBlockDeletion(83)) - Chosen 0/5000 blocks from 0 candidate containers.
2023-04-15 16:31:50,309 [BlockDeletingService#2] INFO  interfaces.ContainerDeletionChoosingPolicyTemplate (ContainerDeletionChoosingPolicyTemplate.java:chooseContainerForBlockDeletion(83)) - Chosen 0/5000 blocks from 0 candidate containers.
2023-04-15 16:31:50,309 [BlockDeletingService#1] INFO  interfaces.ContainerDeletionChoosingPolicyTemplate (ContainerDeletionChoosingPolicyTemplate.java:chooseContainerForBlockDeletion(83)) - Chosen 0/5000 blocks from 0 candidate containers.
2023-04-15 16:31:50,309 [BlockDeletingService#2] INFO  interfaces.ContainerDeletionChoosingPolicyTemplate (ContainerDeletionChoosingPolicyTemplate.java:chooseContainerForBlockDeletion(83)) - Chosen 0/5000 blocks from 0 candidate containers.
2023-04-15 16:31:50,409 [BlockDeletingService#2] INFO  interfaces.ContainerDeletionChoosingPolicyTemplate (ContainerDeletionChoosingPolicyTemplate.java:chooseContainerForBlockDeletion(83)) - Chosen 0/5000 blocks from 0 candidate containers.
2023-04-15 16:31:50,409 [BlockDeletingService#1] INFO  interfaces.ContainerDeletionChoosingPolicyTemplate (ContainerDeletionChoosingPolicyTemplate.java:chooseContainerForBlockDeletion(83)) - Chosen 0/5000 blocks from 0 candidate containers.
2023-04-15 16:31:50,409 [BlockDeletingService#2] INFO  interfaces.ContainerDeletionChoosingPolicyTemplate (ContainerDeletionChoosingPolicyTemplate.java:chooseContainerForBlockDeletion(83)) - Chosen 0/5000 blocks from 0 candidate containers.
2023-04-15 16:31:50,509 [BlockDeletingService#2] INFO  interfaces.ContainerDeletionChoosingPolicyTemplate (ContainerDeletionChoosingPolicyTemplate.java:chooseContainerForBlockDeletion(83)) - Chosen 0/5000 blocks from 0 candidate containers.
2023-04-15 16:31:50,509 [BlockDeletingService#1] INFO  interfaces.ContainerDeletionChoosingPolicyTemplate (ContainerDeletionChoosingPolicyTemplate.java:chooseContainerForBlockDeletion(83)) - Chosen 0/5000 blocks from 0 candidate containers.
2023-04-15 16:31:50,509 [BlockDeletingService#2] INFO  interfaces.ContainerDeletionChoosingPolicyTemplate (ContainerDeletionChoosingPolicyTemplate.java:chooseContainerForBlockDeletion(83)) - Chosen 0/5000 blocks from 0 candidate containers.
2023-04-15 16:31:50,567 [Listener at 127.0.0.1/45033] INFO  ozone.MiniOzoneClusterImpl (MiniOzoneClusterImpl.java:lambda$waitForClusterToBeReady$0(222)) - Nodes are ready. Got 3 of 3 DN Heartbeats.
2023-04-15 16:31:50,567 [Listener at 127.0.0.1/45033] INFO  ozone.MiniOzoneClusterImpl (MiniOzoneClusterImpl.java:lambda$waitForClusterToBeReady$0(225)) - Waiting for cluster to exit safe mode
2023-04-15 16:31:50,567 [Listener at 127.0.0.1/45033] INFO  ozone.MiniOzoneClusterImpl (MiniOzoneClusterImpl.java:lambda$waitForClusterToBeReady$0(227)) - SCM became leader
2023-04-15 16:31:50,609 [BlockDeletingService#2] INFO  interfaces.ContainerDeletionChoosingPolicyTemplate (ContainerDeletionChoosingPolicyTemplate.java:chooseContainerForBlockDeletion(83)) - Chosen 0/5000 blocks from 0 candidate containers.
2023-04-15 16:31:50,609 [BlockDeletingService#1] INFO  interfaces.ContainerDeletionChoosingPolicyTemplate (ContainerDeletionChoosingPolicyTemplate.java:chooseContainerForBlockDeletion(83)) - Chosen 0/5000 blocks from 0 candidate containers.
2023-04-15 16:31:50,609 [BlockDeletingService#2] INFO  interfaces.ContainerDeletionChoosingPolicyTemplate (ContainerDeletionChoosingPolicyTemplate.java:chooseContainerForBlockDeletion(83)) - Chosen 0/5000 blocks from 0 candidate containers.
2023-04-15 16:31:50,666 [0dee40cf-0d5a-47f0-9c10-89273726be1d@group-F40867945940-FollowerState] INFO  impl.FollowerState (FollowerState.java:run(143)) - 0dee40cf-0d5a-47f0-9c10-89273726be1d@group-F40867945940-FollowerState: change to CANDIDATE, lastRpcElapsedTime:5059240233ns, electionTimeout:5052ms
2023-04-15 16:31:50,667 [0dee40cf-0d5a-47f0-9c10-89273726be1d@group-F40867945940-FollowerState] INFO  impl.RoleInfo (RoleInfo.java:shutdownFollowerState(110)) - 0dee40cf-0d5a-47f0-9c10-89273726be1d: shutdown 0dee40cf-0d5a-47f0-9c10-89273726be1d@group-F40867945940-FollowerState
2023-04-15 16:31:50,667 [0dee40cf-0d5a-47f0-9c10-89273726be1d@group-F40867945940-FollowerState] INFO  server.RaftServer$Division (RaftServerImpl.java:setRole(321)) - 0dee40cf-0d5a-47f0-9c10-89273726be1d@group-F40867945940: changes role from  FOLLOWER to CANDIDATE at term 0 for changeToCandidate
2023-04-15 16:31:50,667 [0dee40cf-0d5a-47f0-9c10-89273726be1d@group-F40867945940-FollowerState] INFO  server.RaftServerConfigKeys (ConfUtils.java:logGet(46)) - raft.server.leaderelection.pre-vote = true (default)
2023-04-15 16:31:50,667 [0dee40cf-0d5a-47f0-9c10-89273726be1d@group-F40867945940-FollowerState] INFO  impl.RoleInfo (RoleInfo.java:updateAndGet(139)) - 0dee40cf-0d5a-47f0-9c10-89273726be1d: start 0dee40cf-0d5a-47f0-9c10-89273726be1d@group-F40867945940-LeaderElection2
2023-04-15 16:31:50,670 [0dee40cf-0d5a-47f0-9c10-89273726be1d@group-F40867945940-LeaderElection2] INFO  impl.LeaderElection (LeaderElection.java:askForVotes(312)) - 0dee40cf-0d5a-47f0-9c10-89273726be1d@group-F40867945940-LeaderElection2 PRE_VOTE round 0: submit vote requests at term 0 for -1: peers:[0dee40cf-0d5a-47f0-9c10-89273726be1d|rpc:10.1.0.27:44527|dataStream:10.1.0.27:41653|priority:0|startupRole:FOLLOWER, 30c0a845-a217-4f15-8bab-f33012bc7910|rpc:10.1.0.27:38457|dataStream:10.1.0.27:34839|priority:1|startupRole:FOLLOWER, f16a70e5-fe04-4d06-9179-25c3ad8a94bb|rpc:10.1.0.27:36733|dataStream:10.1.0.27:43691|priority:0|startupRole:FOLLOWER]|listeners:[], old=null
2023-04-15 16:31:50,674 [0dee40cf-0d5a-47f0-9c10-89273726be1d@group-F40867945940-LeaderElection2] INFO  server.RaftServerConfigKeys (ConfUtils.java:logFallback(53)) - raft.server.rpc.first-election.timeout.min = 5s (fallback to raft.server.rpc.timeout.min)
2023-04-15 16:31:50,675 [0dee40cf-0d5a-47f0-9c10-89273726be1d@group-F40867945940-LeaderElection2] INFO  server.RaftServerConfigKeys (ConfUtils.java:logFallback(53)) - raft.server.rpc.first-election.timeout.max = 5200ms (fallback to raft.server.rpc.timeout.max)
2023-04-15 16:31:50,675 [0dee40cf-0d5a-47f0-9c10-89273726be1d@group-F40867945940-LeaderElection2-1] INFO  server.GrpcServerProtocolClient (GrpcServerProtocolClient.java:<init>(63)) - Build channel for 30c0a845-a217-4f15-8bab-f33012bc7910
2023-04-15 16:31:50,677 [0dee40cf-0d5a-47f0-9c10-89273726be1d@group-F40867945940-LeaderElection2-2] INFO  server.GrpcServerProtocolClient (GrpcServerProtocolClient.java:<init>(63)) - Build channel for f16a70e5-fe04-4d06-9179-25c3ad8a94bb
2023-04-15 16:31:50,699 [grpc-default-executor-0] INFO  server.RaftServer$Division (RaftServerImpl.java:requestVote(1218)) - f16a70e5-fe04-4d06-9179-25c3ad8a94bb@group-F40867945940: receive requestVote(PRE_VOTE, 0dee40cf-0d5a-47f0-9c10-89273726be1d, group-F40867945940, 0, (t:0, i:0))
2023-04-15 16:31:50,700 [grpc-default-executor-0] INFO  impl.VoteContext (VoteContext.java:log(49)) - f16a70e5-fe04-4d06-9179-25c3ad8a94bb@group-F40867945940-FOLLOWER: accept PRE_VOTE from 0dee40cf-0d5a-47f0-9c10-89273726be1d: our priority 0 <= candidate's priority 0
2023-04-15 16:31:50,703 [grpc-default-executor-0] INFO  server.RaftServer$Division (RaftServerImpl.java:requestVote(1251)) - f16a70e5-fe04-4d06-9179-25c3ad8a94bb@group-F40867945940 replies to PRE_VOTE vote request: 0dee40cf-0d5a-47f0-9c10-89273726be1d<-f16a70e5-fe04-4d06-9179-25c3ad8a94bb#0:OK-t0. Peer's state: f16a70e5-fe04-4d06-9179-25c3ad8a94bb@group-F40867945940:t0, leader=null, voted=, raftlog=Memoized:f16a70e5-fe04-4d06-9179-25c3ad8a94bb@group-F40867945940-SegmentedRaftLog:OPENED:c-1, conf=-1: peers:[0dee40cf-0d5a-47f0-9c10-89273726be1d|rpc:10.1.0.27:44527|dataStream:10.1.0.27:41653|priority:0|startupRole:FOLLOWER, 30c0a845-a217-4f15-8bab-f33012bc7910|rpc:10.1.0.27:38457|dataStream:10.1.0.27:34839|priority:1|startupRole:FOLLOWER, f16a70e5-fe04-4d06-9179-25c3ad8a94bb|rpc:10.1.0.27:36733|dataStream:10.1.0.27:43691|priority:0|startupRole:FOLLOWER]|listeners:[], old=null
2023-04-15 16:31:50,708 [grpc-default-executor-0] INFO  server.RaftServer$Division (RaftServerImpl.java:requestVote(1218)) - 30c0a845-a217-4f15-8bab-f33012bc7910@group-F40867945940: receive requestVote(PRE_VOTE, 0dee40cf-0d5a-47f0-9c10-89273726be1d, group-F40867945940, 0, (t:0, i:0))
2023-04-15 16:31:50,708 [grpc-default-executor-0] INFO  impl.VoteContext (VoteContext.java:log(49)) - 30c0a845-a217-4f15-8bab-f33012bc7910@group-F40867945940-FOLLOWER: reject PRE_VOTE from 0dee40cf-0d5a-47f0-9c10-89273726be1d: our priority 1 > candidate's priority 0
2023-04-15 16:31:50,708 [grpc-default-executor-0] INFO  server.RaftServer$Division (RaftServerImpl.java:requestVote(1251)) - 30c0a845-a217-4f15-8bab-f33012bc7910@group-F40867945940 replies to PRE_VOTE vote request: 0dee40cf-0d5a-47f0-9c10-89273726be1d<-30c0a845-a217-4f15-8bab-f33012bc7910#0:FAIL-t0. Peer's state: 30c0a845-a217-4f15-8bab-f33012bc7910@group-F40867945940:t0, leader=null, voted=, raftlog=Memoized:30c0a845-a217-4f15-8bab-f33012bc7910@group-F40867945940-SegmentedRaftLog:OPENED:c-1, conf=-1: peers:[0dee40cf-0d5a-47f0-9c10-89273726be1d|rpc:10.1.0.27:44527|dataStream:10.1.0.27:41653|priority:0|startupRole:FOLLOWER, 30c0a845-a217-4f15-8bab-f33012bc7910|rpc:10.1.0.27:38457|dataStream:10.1.0.27:34839|priority:1|startupRole:FOLLOWER, f16a70e5-fe04-4d06-9179-25c3ad8a94bb|rpc:10.1.0.27:36733|dataStream:10.1.0.27:43691|priority:0|startupRole:FOLLOWER]|listeners:[], old=null
2023-04-15 16:31:50,710 [BlockDeletingService#2] INFO  interfaces.ContainerDeletionChoosingPolicyTemplate (ContainerDeletionChoosingPolicyTemplate.java:chooseContainerForBlockDeletion(83)) - Chosen 0/5000 blocks from 0 candidate containers.
2023-04-15 16:31:50,710 [BlockDeletingService#1] INFO  interfaces.ContainerDeletionChoosingPolicyTemplate (ContainerDeletionChoosingPolicyTemplate.java:chooseContainerForBlockDeletion(83)) - Chosen 0/5000 blocks from 0 candidate containers.
2023-04-15 16:31:50,710 [BlockDeletingService#2] INFO  interfaces.ContainerDeletionChoosingPolicyTemplate (ContainerDeletionChoosingPolicyTemplate.java:chooseContainerForBlockDeletion(83)) - Chosen 0/5000 blocks from 0 candidate containers.
2023-04-15 16:31:50,711 [0dee40cf-0d5a-47f0-9c10-89273726be1d@group-F40867945940-LeaderElection2] INFO  impl.LeaderElection (LeaderElection.java:logAndReturn(90)) - 0dee40cf-0d5a-47f0-9c10-89273726be1d@group-F40867945940-LeaderElection2: PRE_VOTE REJECTED received 2 response(s) and 0 exception(s):
2023-04-15 16:31:50,714 [0dee40cf-0d5a-47f0-9c10-89273726be1d@group-F40867945940-LeaderElection2] INFO  impl.LeaderElection (LeaderElection.java:logAndReturn(94)) -   Response 0: 0dee40cf-0d5a-47f0-9c10-89273726be1d<-30c0a845-a217-4f15-8bab-f33012bc7910#0:FAIL-t0
2023-04-15 16:31:50,714 [0dee40cf-0d5a-47f0-9c10-89273726be1d@group-F40867945940-LeaderElection2] INFO  impl.LeaderElection (LeaderElection.java:logAndReturn(94)) -   Response 1: 0dee40cf-0d5a-47f0-9c10-89273726be1d<-f16a70e5-fe04-4d06-9179-25c3ad8a94bb#0:OK-t0
2023-04-15 16:31:50,714 [0dee40cf-0d5a-47f0-9c10-89273726be1d@group-F40867945940-LeaderElection2] INFO  impl.LeaderElection (LeaderElection.java:askForVotes(314)) - 0dee40cf-0d5a-47f0-9c10-89273726be1d@group-F40867945940-LeaderElection2 PRE_VOTE round 0: result REJECTED
2023-04-15 16:31:50,715 [0dee40cf-0d5a-47f0-9c10-89273726be1d@group-F40867945940-LeaderElection2] INFO  server.RaftServer$Division (RaftServerImpl.java:setRole(321)) - 0dee40cf-0d5a-47f0-9c10-89273726be1d@group-F40867945940: changes role from CANDIDATE to FOLLOWER at term 0 for REJECTED
2023-04-15 16:31:50,715 [0dee40cf-0d5a-47f0-9c10-89273726be1d@group-F40867945940-LeaderElection2] INFO  impl.RoleInfo (RoleInfo.java:shutdownLeaderElection(130)) - 0dee40cf-0d5a-47f0-9c10-89273726be1d: shutdown 0dee40cf-0d5a-47f0-9c10-89273726be1d@group-F40867945940-LeaderElection2
2023-04-15 16:31:50,715 [0dee40cf-0d5a-47f0-9c10-89273726be1d@group-F40867945940-LeaderElection2] INFO  impl.RoleInfo (RoleInfo.java:updateAndGet(139)) - 0dee40cf-0d5a-47f0-9c10-89273726be1d: start 0dee40cf-0d5a-47f0-9c10-89273726be1d@group-F40867945940-FollowerState
2023-04-15 16:31:50,715 [0dee40cf-0d5a-47f0-9c10-89273726be1d@group-F40867945940-FollowerState] INFO  server.RaftServerConfigKeys (ConfUtils.java:logFallback(53)) - raft.server.rpc.first-election.timeout.min = 5s (fallback to raft.server.rpc.timeout.min)
2023-04-15 16:31:50,716 [0dee40cf-0d5a-47f0-9c10-89273726be1d@group-F40867945940-FollowerState] INFO  server.RaftServerConfigKeys (ConfUtils.java:logFallback(53)) - raft.server.rpc.first-election.timeout.max = 5200ms (fallback to raft.server.rpc.timeout.max)
2023-04-15 16:31:50,746 [0dee40cf-0d5a-47f0-9c10-89273726be1d@group-BFF93E181C58-FollowerState] INFO  impl.FollowerState (FollowerState.java:run(143)) - 0dee40cf-0d5a-47f0-9c10-89273726be1d@group-BFF93E181C58-FollowerState: change to CANDIDATE, lastRpcElapsedTime:5185505938ns, electionTimeout:5185ms
2023-04-15 16:31:50,746 [0dee40cf-0d5a-47f0-9c10-89273726be1d@group-BFF93E181C58-FollowerState] INFO  impl.RoleInfo (RoleInfo.java:shutdownFollowerState(110)) - 0dee40cf-0d5a-47f0-9c10-89273726be1d: shutdown 0dee40cf-0d5a-47f0-9c10-89273726be1d@group-BFF93E181C58-FollowerState
2023-04-15 16:31:50,746 [0dee40cf-0d5a-47f0-9c10-89273726be1d@group-BFF93E181C58-FollowerState] INFO  server.RaftServer$Division (RaftServerImpl.java:setRole(321)) - 0dee40cf-0d5a-47f0-9c10-89273726be1d@group-BFF93E181C58: changes role from  FOLLOWER to CANDIDATE at term 0 for changeToCandidate
2023-04-15 16:31:50,747 [0dee40cf-0d5a-47f0-9c10-89273726be1d@group-BFF93E181C58-FollowerState] INFO  server.RaftServerConfigKeys (ConfUtils.java:logGet(46)) - raft.server.leaderelection.pre-vote = true (default)
2023-04-15 16:31:50,747 [0dee40cf-0d5a-47f0-9c10-89273726be1d@group-BFF93E181C58-FollowerState] INFO  impl.RoleInfo (RoleInfo.java:updateAndGet(139)) - 0dee40cf-0d5a-47f0-9c10-89273726be1d: start 0dee40cf-0d5a-47f0-9c10-89273726be1d@group-BFF93E181C58-LeaderElection3
2023-04-15 16:31:50,754 [0dee40cf-0d5a-47f0-9c10-89273726be1d@group-BFF93E181C58-LeaderElection3] INFO  impl.LeaderElection (LeaderElection.java:askForVotes(312)) - 0dee40cf-0d5a-47f0-9c10-89273726be1d@group-BFF93E181C58-LeaderElection3 PRE_VOTE round 0: submit vote requests at term 0 for -1: peers:[0dee40cf-0d5a-47f0-9c10-89273726be1d|rpc:10.1.0.27:44527|dataStream:10.1.0.27:41653|priority:1|startupRole:FOLLOWER]|listeners:[], old=null
2023-04-15 16:31:50,754 [0dee40cf-0d5a-47f0-9c10-89273726be1d@group-BFF93E181C58-LeaderElection3] INFO  impl.LeaderElection (LeaderElection.java:askForVotes(314)) - 0dee40cf-0d5a-47f0-9c10-89273726be1d@group-BFF93E181C58-LeaderElection3 PRE_VOTE round 0: result PASSED (term=0)
2023-04-15 16:31:50,756 [0dee40cf-0d5a-47f0-9c10-89273726be1d@group-BFF93E181C58-LeaderElection3] INFO  impl.LeaderElection (LeaderElection.java:askForVotes(312)) - 0dee40cf-0d5a-47f0-9c10-89273726be1d@group-BFF93E181C58-LeaderElection3 ELECTION round 0: submit vote requests at term 1 for -1: peers:[0dee40cf-0d5a-47f0-9c10-89273726be1d|rpc:10.1.0.27:44527|dataStream:10.1.0.27:41653|priority:1|startupRole:FOLLOWER]|listeners:[], old=null
2023-04-15 16:31:50,756 [0dee40cf-0d5a-47f0-9c10-89273726be1d@group-BFF93E181C58-LeaderElection3] INFO  impl.LeaderElection (LeaderElection.java:askForVotes(314)) - 0dee40cf-0d5a-47f0-9c10-89273726be1d@group-BFF93E181C58-LeaderElection3 ELECTION round 0: result PASSED (term=1)
2023-04-15 16:31:50,756 [0dee40cf-0d5a-47f0-9c10-89273726be1d@group-BFF93E181C58-LeaderElection3] INFO  impl.RoleInfo (RoleInfo.java:shutdownLeaderElection(130)) - 0dee40cf-0d5a-47f0-9c10-89273726be1d: shutdown 0dee40cf-0d5a-47f0-9c10-89273726be1d@group-BFF93E181C58-LeaderElection3
2023-04-15 16:31:50,756 [0dee40cf-0d5a-47f0-9c10-89273726be1d@group-BFF93E181C58-LeaderElection3] INFO  server.RaftServer$Division (RaftServerImpl.java:setRole(321)) - 0dee40cf-0d5a-47f0-9c10-89273726be1d@group-BFF93E181C58: changes role from CANDIDATE to LEADER at term 1 for changeToLeader
2023-04-15 16:31:50,756 [0dee40cf-0d5a-47f0-9c10-89273726be1d@group-BFF93E181C58-LeaderElection3] INFO  ratis.XceiverServerRatis (XceiverServerRatis.java:handleLeaderChangedNotification(904)) - Leader change notification received for group: group-BFF93E181C58 with new leaderId: 0dee40cf-0d5a-47f0-9c10-89273726be1d
2023-04-15 16:31:50,756 [0dee40cf-0d5a-47f0-9c10-89273726be1d@group-BFF93E181C58-LeaderElection3] INFO  server.RaftServer$Division (ServerState.java:setLeader(313)) - 0dee40cf-0d5a-47f0-9c10-89273726be1d@group-BFF93E181C58: change Leader from null to 0dee40cf-0d5a-47f0-9c10-89273726be1d at term 1 for becomeLeader, leader elected after 5227ms
2023-04-15 16:31:50,756 [0dee40cf-0d5a-47f0-9c10-89273726be1d@group-BFF93E181C58-LeaderElection3] INFO  server.RaftServerConfigKeys (ConfUtils.java:logGet(46)) - raft.server.staging.catchup.gap = 1000 (default)
2023-04-15 16:31:50,760 [EventQueue-OpenPipelineForHealthyPipelineSafeModeRule] INFO  safemode.SCMSafeModeManager (HealthyPipelineSafeModeRule.java:process(137)) - SCM in safe mode. Healthy pipelines reported count is 0, required healthy pipeline reported count is 1
2023-04-15 16:31:50,762 [0dee40cf-0d5a-47f0-9c10-89273726be1d@group-BFF93E181C58-LeaderElection3] INFO  server.RaftServerConfigKeys (ConfUtils.java:logGet(46)) - raft.server.write.element-limit = 1024 (custom)
2023-04-15 16:31:50,762 [0dee40cf-0d5a-47f0-9c10-89273726be1d@group-BFF93E181C58-LeaderElection3] INFO  server.RaftServerConfigKeys (ConfUtils.java:logGet(46)) - raft.server.write.byte-limit = 1024 M (=1073741824) (custom)
2023-04-15 16:31:50,762 [0dee40cf-0d5a-47f0-9c10-89273726be1d@group-BFF93E181C58-LeaderElection3] INFO  server.RaftServerConfigKeys (ConfUtils.java:logGet(46)) - raft.server.watch.timeout = 3000ms (custom)
2023-04-15 16:31:50,762 [0dee40cf-0d5a-47f0-9c10-89273726be1d@group-BFF93E181C58-LeaderElection3] INFO  server.RaftServerConfigKeys (ConfUtils.java:logGet(46)) - raft.server.watch.timeout.denomination = 1s (default)
2023-04-15 16:31:50,762 [0dee40cf-0d5a-47f0-9c10-89273726be1d@group-BFF93E181C58-LeaderElection3] INFO  server.RaftServerConfigKeys (ConfUtils.java:logGet(46)) - raft.server.watch.element-limit = 65536 (default)
2023-04-15 16:31:50,764 [0dee40cf-0d5a-47f0-9c10-89273726be1d@group-BFF93E181C58-LeaderElection3] INFO  server.RaftServerConfigKeys (ConfUtils.java:logGet(46)) - raft.server.write.element-limit = 1024 (custom)
2023-04-15 16:31:50,765 [0dee40cf-0d5a-47f0-9c10-89273726be1d@group-BFF93E181C58-LeaderElection3] INFO  server.RaftServerConfigKeys (ConfUtils.java:logGet(46)) - raft.server.write.follower.gap.ratio.max = -1.0 (default)
2023-04-15 16:31:50,765 [0dee40cf-0d5a-47f0-9c10-89273726be1d@group-BFF93E181C58-LeaderElection3] INFO  impl.RoleInfo (RoleInfo.java:updateAndGet(139)) - 0dee40cf-0d5a-47f0-9c10-89273726be1d: start 0dee40cf-0d5a-47f0-9c10-89273726be1d@group-BFF93E181C58-LeaderStateImpl
2023-04-15 16:31:50,765 [0dee40cf-0d5a-47f0-9c10-89273726be1d@group-BFF93E181C58-LeaderElection3] INFO  segmented.SegmentedRaftLogWorker (SegmentedRaftLogWorker.java:startLogSegment(452)) - 0dee40cf-0d5a-47f0-9c10-89273726be1d@group-BFF93E181C58-SegmentedRaftLogWorker: Starting segment from index:0
2023-04-15 16:31:50,767 [0dee40cf-0d5a-47f0-9c10-89273726be1d@group-BFF93E181C58-SegmentedRaftLogWorker] INFO  segmented.SegmentedRaftLogWorker (SegmentedRaftLogWorker.java:execute(656)) - 0dee40cf-0d5a-47f0-9c10-89273726be1d@group-BFF93E181C58-SegmentedRaftLogWorker: created new log segment /home/runner/work/ozone/ozone/hadoop-ozone/integration-test/target/test-dir/MiniOzoneClusterImpl-2bdca630-b48d-4c68-bd92-e4e835129ebb/datanode-0/data/ratis/3d1e5590-6e50-4271-b381-bff93e181c58/current/log_inprogress_0
2023-04-15 16:31:50,767 [0dee40cf-0d5a-47f0-9c10-89273726be1d@group-BFF93E181C58-LeaderElection3] INFO  server.RaftServer$Division (ServerState.java:setRaftConf(430)) - 0dee40cf-0d5a-47f0-9c10-89273726be1d@group-BFF93E181C58: set configuration 0: peers:[0dee40cf-0d5a-47f0-9c10-89273726be1d|rpc:10.1.0.27:44527|dataStream:10.1.0.27:41653|priority:1|startupRole:FOLLOWER]|listeners:[], old=null
2023-04-15 16:31:50,811 [BlockDeletingService#2] INFO  interfaces.ContainerDeletionChoosingPolicyTemplate (ContainerDeletionChoosingPolicyTemplate.java:chooseContainerForBlockDeletion(83)) - Chosen 0/5000 blocks from 0 candidate containers.
2023-04-15 16:31:50,814 [BlockDeletingService#1] INFO  interfaces.ContainerDeletionChoosingPolicyTemplate (ContainerDeletionChoosingPolicyTemplate.java:chooseContainerForBlockDeletion(83)) - Chosen 0/5000 blocks from 0 candidate containers.
2023-04-15 16:31:50,814 [BlockDeletingService#2] INFO  interfaces.ContainerDeletionChoosingPolicyTemplate (ContainerDeletionChoosingPolicyTemplate.java:chooseContainerForBlockDeletion(83)) - Chosen 0/5000 blocks from 0 candidate containers.
2023-04-15 16:31:50,911 [BlockDeletingService#2] INFO  interfaces.ContainerDeletionChoosingPolicyTemplate (ContainerDeletionChoosingPolicyTemplate.java:chooseContainerForBlockDeletion(83)) - Chosen 0/5000 blocks from 0 candidate containers.
2023-04-15 16:31:50,914 [BlockDeletingService#1] INFO  interfaces.ContainerDeletionChoosingPolicyTemplate (ContainerDeletionChoosingPolicyTemplate.java:chooseContainerForBlockDeletion(83)) - Chosen 0/5000 blocks from 0 candidate containers.
2023-04-15 16:31:50,914 [BlockDeletingService#2] INFO  interfaces.ContainerDeletionChoosingPolicyTemplate (ContainerDeletionChoosingPolicyTemplate.java:chooseContainerForBlockDeletion(83)) - Chosen 0/5000 blocks from 0 candidate containers.
2023-04-15 16:31:51,011 [BlockDeletingService#2] INFO  interfaces.ContainerDeletionChoosingPolicyTemplate (ContainerDeletionChoosingPolicyTemplate.java:chooseContainerForBlockDeletion(83)) - Chosen 0/5000 blocks from 0 candidate containers.
2023-04-15 16:31:51,014 [BlockDeletingService#1] INFO  interfaces.ContainerDeletionChoosingPolicyTemplate (ContainerDeletionChoosingPolicyTemplate.java:chooseContainerForBlockDeletion(83)) - Chosen 0/5000 blocks from 0 candidate containers.
2023-04-15 16:31:51,014 [BlockDeletingService#2] INFO  interfaces.ContainerDeletionChoosingPolicyTemplate (ContainerDeletionChoosingPolicyTemplate.java:chooseContainerForBlockDeletion(83)) - Chosen 0/5000 blocks from 0 candidate containers.
2023-04-15 16:31:51,111 [BlockDeletingService#2] INFO  interfaces.ContainerDeletionChoosingPolicyTemplate (ContainerDeletionChoosingPolicyTemplate.java:chooseContainerForBlockDeletion(83)) - Chosen 0/5000 blocks from 0 candidate containers.
2023-04-15 16:31:51,114 [BlockDeletingService#1] INFO  interfaces.ContainerDeletionChoosingPolicyTemplate (ContainerDeletionChoosingPolicyTemplate.java:chooseContainerForBlockDeletion(83)) - Chosen 0/5000 blocks from 0 candidate containers.
2023-04-15 16:31:51,115 [BlockDeletingService#2] INFO  interfaces.ContainerDeletionChoosingPolicyTemplate (ContainerDeletionChoosingPolicyTemplate.java:chooseContainerForBlockDeletion(83)) - Chosen 0/5000 blocks from 0 candidate containers.
2023-04-15 16:31:51,211 [BlockDeletingService#2] INFO  interfaces.ContainerDeletionChoosingPolicyTemplate (ContainerDeletionChoosingPolicyTemplate.java:chooseContainerForBlockDeletion(83)) - Chosen 0/5000 blocks from 0 candidate containers.
2023-04-15 16:31:51,215 [BlockDeletingService#1] INFO  interfaces.ContainerDeletionChoosingPolicyTemplate (ContainerDeletionChoosingPolicyTemplate.java:chooseContainerForBlockDeletion(83)) - Chosen 0/5000 blocks from 0 candidate containers.
2023-04-15 16:31:51,215 [BlockDeletingService#2] INFO  interfaces.ContainerDeletionChoosingPolicyTemplate (ContainerDeletionChoosingPolicyTemplate.java:chooseContainerForBlockDeletion(83)) - Chosen 0/5000 blocks from 0 candidate containers.
2023-04-15 16:31:51,309 [30c0a845-a217-4f15-8bab-f33012bc7910@group-9FDD69CDEC3E-FollowerState] INFO  impl.FollowerState (FollowerState.java:run(143)) - 30c0a845-a217-4f15-8bab-f33012bc7910@group-9FDD69CDEC3E-FollowerState: change to CANDIDATE, lastRpcElapsedTime:5154313560ns, electionTimeout:5141ms
2023-04-15 16:31:51,309 [30c0a845-a217-4f15-8bab-f33012bc7910@group-9FDD69CDEC3E-FollowerState] INFO  impl.RoleInfo (RoleInfo.java:shutdownFollowerState(110)) - 30c0a845-a217-4f15-8bab-f33012bc7910: shutdown 30c0a845-a217-4f15-8bab-f33012bc7910@group-9FDD69CDEC3E-FollowerState
2023-04-15 16:31:51,309 [30c0a845-a217-4f15-8bab-f33012bc7910@group-9FDD69CDEC3E-FollowerState] INFO  server.RaftServer$Division (RaftServerImpl.java:setRole(321)) - 30c0a845-a217-4f15-8bab-f33012bc7910@group-9FDD69CDEC3E: changes role from  FOLLOWER to CANDIDATE at term 0 for changeToCandidate
2023-04-15 16:31:51,309 [30c0a845-a217-4f15-8bab-f33012bc7910@group-9FDD69CDEC3E-FollowerState] INFO  server.RaftServerConfigKeys (ConfUtils.java:logGet(46)) - raft.server.leaderelection.pre-vote = true (default)
2023-04-15 16:31:51,310 [30c0a845-a217-4f15-8bab-f33012bc7910@group-9FDD69CDEC3E-FollowerState] INFO  impl.RoleInfo (RoleInfo.java:updateAndGet(139)) - 30c0a845-a217-4f15-8bab-f33012bc7910: start 30c0a845-a217-4f15-8bab-f33012bc7910@group-9FDD69CDEC3E-LeaderElection4
2023-04-15 16:31:51,314 [BlockDeletingService#2] INFO  interfaces.ContainerDeletionChoosingPolicyTemplate (ContainerDeletionChoosingPolicyTemplate.java:chooseContainerForBlockDeletion(83)) - Chosen 0/5000 blocks from 0 candidate containers.
2023-04-15 16:31:51,314 [30c0a845-a217-4f15-8bab-f33012bc7910@group-F40867945940-FollowerState] INFO  impl.FollowerState (FollowerState.java:run(143)) - 30c0a845-a217-4f15-8bab-f33012bc7910@group-F40867945940-FollowerState: change to CANDIDATE, lastRpcElapsedTime:5103818217ns, electionTimeout:5099ms
2023-04-15 16:31:51,314 [30c0a845-a217-4f15-8bab-f33012bc7910@group-F40867945940-FollowerState] INFO  impl.RoleInfo (RoleInfo.java:shutdownFollowerState(110)) - 30c0a845-a217-4f15-8bab-f33012bc7910: shutdown 30c0a845-a217-4f15-8bab-f33012bc7910@group-F40867945940-FollowerState
2023-04-15 16:31:51,315 [30c0a845-a217-4f15-8bab-f33012bc7910@group-F40867945940-FollowerState] INFO  server.RaftServer$Division (RaftServerImpl.java:setRole(321)) - 30c0a845-a217-4f15-8bab-f33012bc7910@group-F40867945940: changes role from  FOLLOWER to CANDIDATE at term 0 for changeToCandidate
2023-04-15 16:31:51,316 [30c0a845-a217-4f15-8bab-f33012bc7910@group-F40867945940-FollowerState] INFO  server.RaftServerConfigKeys (ConfUtils.java:logGet(46)) - raft.server.leaderelection.pre-vote = true (default)
2023-04-15 16:31:51,316 [30c0a845-a217-4f15-8bab-f33012bc7910@group-F40867945940-FollowerState] INFO  impl.RoleInfo (RoleInfo.java:updateAndGet(139)) - 30c0a845-a217-4f15-8bab-f33012bc7910: start 30c0a845-a217-4f15-8bab-f33012bc7910@group-F40867945940-LeaderElection5
2023-04-15 16:31:51,318 [BlockDeletingService#2] INFO  interfaces.ContainerDeletionChoosingPolicyTemplate (ContainerDeletionChoosingPolicyTemplate.java:chooseContainerForBlockDeletion(83)) - Chosen 0/5000 blocks from 0 candidate containers.
2023-04-15 16:31:51,318 [BlockDeletingService#1] INFO  interfaces.ContainerDeletionChoosingPolicyTemplate (ContainerDeletionChoosingPolicyTemplate.java:chooseContainerForBlockDeletion(83)) - Chosen 0/5000 blocks from 0 candidate containers.
2023-04-15 16:31:51,318 [30c0a845-a217-4f15-8bab-f33012bc7910@group-F40867945940-LeaderElection5] INFO  impl.LeaderElection (LeaderElection.java:askForVotes(312)) - 30c0a845-a217-4f15-8bab-f33012bc7910@group-F40867945940-LeaderElection5 PRE_VOTE round 0: submit vote requests at term 0 for -1: peers:[0dee40cf-0d5a-47f0-9c10-89273726be1d|rpc:10.1.0.27:44527|dataStream:10.1.0.27:41653|priority:0|startupRole:FOLLOWER, 30c0a845-a217-4f15-8bab-f33012bc7910|rpc:10.1.0.27:38457|dataStream:10.1.0.27:34839|priority:1|startupRole:FOLLOWER, f16a70e5-fe04-4d06-9179-25c3ad8a94bb|rpc:10.1.0.27:36733|dataStream:10.1.0.27:43691|priority:0|startupRole:FOLLOWER]|listeners:[], old=null
2023-04-15 16:31:51,322 [30c0a845-a217-4f15-8bab-f33012bc7910@group-9FDD69CDEC3E-LeaderElection4] INFO  impl.LeaderElection (LeaderElection.java:askForVotes(312)) - 30c0a845-a217-4f15-8bab-f33012bc7910@group-9FDD69CDEC3E-LeaderElection4 PRE_VOTE round 0: submit vote requests at term 0 for -1: peers:[30c0a845-a217-4f15-8bab-f33012bc7910|rpc:10.1.0.27:38457|dataStream:10.1.0.27:34839|priority:1|startupRole:FOLLOWER]|listeners:[], old=null
2023-04-15 16:31:51,322 [30c0a845-a217-4f15-8bab-f33012bc7910@group-9FDD69CDEC3E-LeaderElection4] INFO  impl.LeaderElection (LeaderElection.java:askForVotes(314)) - 30c0a845-a217-4f15-8bab-f33012bc7910@group-9FDD69CDEC3E-LeaderElection4 PRE_VOTE round 0: result PASSED (term=0)
2023-04-15 16:31:51,322 [30c0a845-a217-4f15-8bab-f33012bc7910@group-F40867945940-LeaderElection5-1] INFO  server.GrpcServerProtocolClient (GrpcServerProtocolClient.java:<init>(63)) - Build channel for 0dee40cf-0d5a-47f0-9c10-89273726be1d
2023-04-15 16:31:51,326 [30c0a845-a217-4f15-8bab-f33012bc7910@group-9FDD69CDEC3E-LeaderElection4] INFO  impl.LeaderElection (LeaderElection.java:askForVotes(312)) - 30c0a845-a217-4f15-8bab-f33012bc7910@group-9FDD69CDEC3E-LeaderElection4 ELECTION round 0: submit vote requests at term 1 for -1: peers:[30c0a845-a217-4f15-8bab-f33012bc7910|rpc:10.1.0.27:38457|dataStream:10.1.0.27:34839|priority:1|startupRole:FOLLOWER]|listeners:[], old=null
2023-04-15 16:31:51,326 [30c0a845-a217-4f15-8bab-f33012bc7910@group-9FDD69CDEC3E-LeaderElection4] INFO  impl.LeaderElection (LeaderElection.java:askForVotes(314)) - 30c0a845-a217-4f15-8bab-f33012bc7910@group-9FDD69CDEC3E-LeaderElection4 ELECTION round 0: result PASSED (term=1)
2023-04-15 16:31:51,326 [30c0a845-a217-4f15-8bab-f33012bc7910@group-9FDD69CDEC3E-LeaderElection4] INFO  impl.RoleInfo (RoleInfo.java:shutdownLeaderElection(130)) - 30c0a845-a217-4f15-8bab-f33012bc7910: shutdown 30c0a845-a217-4f15-8bab-f33012bc7910@group-9FDD69CDEC3E-LeaderElection4
2023-04-15 16:31:51,326 [30c0a845-a217-4f15-8bab-f33012bc7910@group-9FDD69CDEC3E-LeaderElection4] INFO  server.RaftServer$Division (RaftServerImpl.java:setRole(321)) - 30c0a845-a217-4f15-8bab-f33012bc7910@group-9FDD69CDEC3E: changes role from CANDIDATE to LEADER at term 1 for changeToLeader
2023-04-15 16:31:51,326 [30c0a845-a217-4f15-8bab-f33012bc7910@group-9FDD69CDEC3E-LeaderElection4] INFO  ratis.XceiverServerRatis (XceiverServerRatis.java:handleLeaderChangedNotification(904)) - Leader change notification received for group: group-9FDD69CDEC3E with new leaderId: 30c0a845-a217-4f15-8bab-f33012bc7910
2023-04-15 16:31:51,328 [EventQueue-OpenPipelineForHealthyPipelineSafeModeRule] INFO  safemode.SCMSafeModeManager (HealthyPipelineSafeModeRule.java:process(137)) - SCM in safe mode. Healthy pipelines reported count is 0, required healthy pipeline reported count is 1
2023-04-15 16:31:51,329 [30c0a845-a217-4f15-8bab-f33012bc7910@group-9FDD69CDEC3E-LeaderElection4] INFO  server.RaftServer$Division (ServerState.java:setLeader(313)) - 30c0a845-a217-4f15-8bab-f33012bc7910@group-9FDD69CDEC3E: change Leader from null to 30c0a845-a217-4f15-8bab-f33012bc7910 at term 1 for becomeLeader, leader elected after 5204ms
2023-04-15 16:31:51,329 [30c0a845-a217-4f15-8bab-f33012bc7910@group-F40867945940-LeaderElection5-2] INFO  server.GrpcServerProtocolClient (GrpcServerProtocolClient.java:<init>(63)) - Build channel for f16a70e5-fe04-4d06-9179-25c3ad8a94bb
2023-04-15 16:31:51,329 [30c0a845-a217-4f15-8bab-f33012bc7910@group-F40867945940-LeaderElection5] INFO  server.RaftServerConfigKeys (ConfUtils.java:logFallback(53)) - raft.server.rpc.first-election.timeout.min = 5s (fallback to raft.server.rpc.timeout.min)
2023-04-15 16:31:51,336 [30c0a845-a217-4f15-8bab-f33012bc7910@group-F40867945940-LeaderElection5] INFO  server.RaftServerConfigKeys (ConfUtils.java:logFallback(53)) - raft.server.rpc.first-election.timeout.max = 5200ms (fallback to raft.server.rpc.timeout.max)
2023-04-15 16:31:51,337 [grpc-default-executor-0] INFO  server.RaftServer$Division (RaftServerImpl.java:requestVote(1218)) - 0dee40cf-0d5a-47f0-9c10-89273726be1d@group-F40867945940: receive requestVote(PRE_VOTE, 30c0a845-a217-4f15-8bab-f33012bc7910, group-F40867945940, 0, (t:0, i:0))
2023-04-15 16:31:51,338 [grpc-default-executor-0] INFO  impl.VoteContext (VoteContext.java:log(49)) - 0dee40cf-0d5a-47f0-9c10-89273726be1d@group-F40867945940-FOLLOWER: accept PRE_VOTE from 30c0a845-a217-4f15-8bab-f33012bc7910: our priority 0 <= candidate's priority 1
2023-04-15 16:31:51,338 [grpc-default-executor-0] INFO  server.RaftServer$Division (RaftServerImpl.java:requestVote(1251)) - 0dee40cf-0d5a-47f0-9c10-89273726be1d@group-F40867945940 replies to PRE_VOTE vote request: 30c0a845-a217-4f15-8bab-f33012bc7910<-0dee40cf-0d5a-47f0-9c10-89273726be1d#0:OK-t0. Peer's state: 0dee40cf-0d5a-47f0-9c10-89273726be1d@group-F40867945940:t0, leader=null, voted=, raftlog=Memoized:0dee40cf-0d5a-47f0-9c10-89273726be1d@group-F40867945940-SegmentedRaftLog:OPENED:c-1, conf=-1: peers:[0dee40cf-0d5a-47f0-9c10-89273726be1d|rpc:10.1.0.27:44527|dataStream:10.1.0.27:41653|priority:0|startupRole:FOLLOWER, 30c0a845-a217-4f15-8bab-f33012bc7910|rpc:10.1.0.27:38457|dataStream:10.1.0.27:34839|priority:1|startupRole:FOLLOWER, f16a70e5-fe04-4d06-9179-25c3ad8a94bb|rpc:10.1.0.27:36733|dataStream:10.1.0.27:43691|priority:0|startupRole:FOLLOWER]|listeners:[], old=null
2023-04-15 16:31:51,336 [30c0a845-a217-4f15-8bab-f33012bc7910@group-9FDD69CDEC3E-LeaderElection4] INFO  server.RaftServerConfigKeys (ConfUtils.java:logGet(46)) - raft.server.staging.catchup.gap = 1000 (default)
2023-04-15 16:31:51,340 [30c0a845-a217-4f15-8bab-f33012bc7910@group-9FDD69CDEC3E-LeaderElection4] INFO  server.RaftServerConfigKeys (ConfUtils.java:logGet(46)) - raft.server.write.element-limit = 1024 (custom)
2023-04-15 16:31:51,342 [30c0a845-a217-4f15-8bab-f33012bc7910@group-9FDD69CDEC3E-LeaderElection4] INFO  server.RaftServerConfigKeys (ConfUtils.java:logGet(46)) - raft.server.write.byte-limit = 1024 M (=1073741824) (custom)
2023-04-15 16:31:51,342 [30c0a845-a217-4f15-8bab-f33012bc7910@group-9FDD69CDEC3E-LeaderElection4] INFO  server.RaftServerConfigKeys (ConfUtils.java:logGet(46)) - raft.server.watch.timeout = 3000ms (custom)
2023-04-15 16:31:51,345 [30c0a845-a217-4f15-8bab-f33012bc7910@group-9FDD69CDEC3E-LeaderElection4] INFO  server.RaftServerConfigKeys (ConfUtils.java:logGet(46)) - raft.server.watch.timeout.denomination = 1s (default)
2023-04-15 16:31:51,346 [30c0a845-a217-4f15-8bab-f33012bc7910@group-9FDD69CDEC3E-LeaderElection4] INFO  server.RaftServerConfigKeys (ConfUtils.java:logGet(46)) - raft.server.watch.element-limit = 65536 (default)
2023-04-15 16:31:51,347 [30c0a845-a217-4f15-8bab-f33012bc7910@group-F40867945940-LeaderElection5] INFO  impl.LeaderElection (LeaderElection.java:logAndReturn(90)) - 30c0a845-a217-4f15-8bab-f33012bc7910@group-F40867945940-LeaderElection5: PRE_VOTE PASSED received 1 response(s) and 0 exception(s):
2023-04-15 16:31:51,350 [30c0a845-a217-4f15-8bab-f33012bc7910@group-F40867945940-LeaderElection5] INFO  impl.LeaderElection (LeaderElection.java:logAndReturn(94)) -   Response 0: 30c0a845-a217-4f15-8bab-f33012bc7910<-0dee40cf-0d5a-47f0-9c10-89273726be1d#0:OK-t0
2023-04-15 16:31:51,350 [30c0a845-a217-4f15-8bab-f33012bc7910@group-F40867945940-LeaderElection5] INFO  impl.LeaderElection (LeaderElection.java:askForVotes(314)) - 30c0a845-a217-4f15-8bab-f33012bc7910@group-F40867945940-LeaderElection5 PRE_VOTE round 0: result PASSED
2023-04-15 16:31:51,350 [grpc-default-executor-1] INFO  server.RaftServer$Division (RaftServerImpl.java:requestVote(1218)) - f16a70e5-fe04-4d06-9179-25c3ad8a94bb@group-F40867945940: receive requestVote(PRE_VOTE, 30c0a845-a217-4f15-8bab-f33012bc7910, group-F40867945940, 0, (t:0, i:0))
2023-04-15 16:31:51,349 [30c0a845-a217-4f15-8bab-f33012bc7910@group-9FDD69CDEC3E-LeaderElection4] INFO  server.RaftServerConfigKeys (ConfUtils.java:logGet(46)) - raft.server.write.element-limit = 1024 (custom)
2023-04-15 16:31:51,351 [30c0a845-a217-4f15-8bab-f33012bc7910@group-F40867945940-LeaderElection5] INFO  impl.LeaderElection (LeaderElection.java:askForVotes(312)) - 30c0a845-a217-4f15-8bab-f33012bc7910@group-F40867945940-LeaderElection5 ELECTION round 0: submit vote requests at term 1 for -1: peers:[0dee40cf-0d5a-47f0-9c10-89273726be1d|rpc:10.1.0.27:44527|dataStream:10.1.0.27:41653|priority:0|startupRole:FOLLOWER, 30c0a845-a217-4f15-8bab-f33012bc7910|rpc:10.1.0.27:38457|dataStream:10.1.0.27:34839|priority:1|startupRole:FOLLOWER, f16a70e5-fe04-4d06-9179-25c3ad8a94bb|rpc:10.1.0.27:36733|dataStream:10.1.0.27:43691|priority:0|startupRole:FOLLOWER]|listeners:[], old=null
2023-04-15 16:31:51,352 [30c0a845-a217-4f15-8bab-f33012bc7910@group-9FDD69CDEC3E-LeaderElection4] INFO  server.RaftServerConfigKeys (ConfUtils.java:logGet(46)) - raft.server.write.follower.gap.ratio.max = -1.0 (default)
2023-04-15 16:31:51,352 [30c0a845-a217-4f15-8bab-f33012bc7910@group-9FDD69CDEC3E-LeaderElection4] INFO  impl.RoleInfo (RoleInfo.java:updateAndGet(139)) - 30c0a845-a217-4f15-8bab-f33012bc7910: start 30c0a845-a217-4f15-8bab-f33012bc7910@group-9FDD69CDEC3E-LeaderStateImpl
2023-04-15 16:31:51,352 [30c0a845-a217-4f15-8bab-f33012bc7910@group-9FDD69CDEC3E-LeaderElection4] INFO  segmented.SegmentedRaftLogWorker (SegmentedRaftLogWorker.java:startLogSegment(452)) - 30c0a845-a217-4f15-8bab-f33012bc7910@group-9FDD69CDEC3E-SegmentedRaftLogWorker: Starting segment from index:0
2023-04-15 16:31:51,354 [30c0a845-a217-4f15-8bab-f33012bc7910@group-F40867945940-LeaderElection5] INFO  server.RaftServerConfigKeys (ConfUtils.java:logFallback(53)) - raft.server.rpc.first-election.timeout.min = 5s (fallback to raft.server.rpc.timeout.min)
2023-04-15 16:31:51,359 [30c0a845-a217-4f15-8bab-f33012bc7910@group-F40867945940-LeaderElection5] INFO  server.RaftServerConfigKeys (ConfUtils.java:logFallback(53)) - raft.server.rpc.first-election.timeout.max = 5200ms (fallback to raft.server.rpc.timeout.max)
2023-04-15 16:31:51,354 [30c0a845-a217-4f15-8bab-f33012bc7910@group-9FDD69CDEC3E-SegmentedRaftLogWorker] INFO  segmented.SegmentedRaftLogWorker (SegmentedRaftLogWorker.java:execute(656)) - 30c0a845-a217-4f15-8bab-f33012bc7910@group-9FDD69CDEC3E-SegmentedRaftLogWorker: created new log segment /home/runner/work/ozone/ozone/hadoop-ozone/integration-test/target/test-dir/MiniOzoneClusterImpl-2bdca630-b48d-4c68-bd92-e4e835129ebb/datanode-1/data/ratis/fc4a096e-5eeb-43ea-b275-9fdd69cdec3e/current/log_inprogress_0
2023-04-15 16:31:51,360 [30c0a845-a217-4f15-8bab-f33012bc7910@group-9FDD69CDEC3E-LeaderElection4] INFO  server.RaftServer$Division (ServerState.java:setRaftConf(430)) - 30c0a845-a217-4f15-8bab-f33012bc7910@group-9FDD69CDEC3E: set configuration 0: peers:[30c0a845-a217-4f15-8bab-f33012bc7910|rpc:10.1.0.27:38457|dataStream:10.1.0.27:34839|priority:1|startupRole:FOLLOWER]|listeners:[], old=null
2023-04-15 16:31:51,359 [grpc-default-executor-1] INFO  impl.VoteContext (VoteContext.java:log(49)) - f16a70e5-fe04-4d06-9179-25c3ad8a94bb@group-F40867945940-FOLLOWER: accept PRE_VOTE from 30c0a845-a217-4f15-8bab-f33012bc7910: our priority 0 <= candidate's priority 1
2023-04-15 16:31:51,362 [grpc-default-executor-1] INFO  server.RaftServer$Division (RaftServerImpl.java:requestVote(1251)) - f16a70e5-fe04-4d06-9179-25c3ad8a94bb@group-F40867945940 replies to PRE_VOTE vote request: 30c0a845-a217-4f15-8bab-f33012bc7910<-f16a70e5-fe04-4d06-9179-25c3ad8a94bb#0:OK-t0. Peer's state: f16a70e5-fe04-4d06-9179-25c3ad8a94bb@group-F40867945940:t0, leader=null, voted=, raftlog=Memoized:f16a70e5-fe04-4d06-9179-25c3ad8a94bb@group-F40867945940-SegmentedRaftLog:OPENED:c-1, conf=-1: peers:[0dee40cf-0d5a-47f0-9c10-89273726be1d|rpc:10.1.0.27:44527|dataStream:10.1.0.27:41653|priority:0|startupRole:FOLLOWER, 30c0a845-a217-4f15-8bab-f33012bc7910|rpc:10.1.0.27:38457|dataStream:10.1.0.27:34839|priority:1|startupRole:FOLLOWER, f16a70e5-fe04-4d06-9179-25c3ad8a94bb|rpc:10.1.0.27:36733|dataStream:10.1.0.27:43691|priority:0|startupRole:FOLLOWER]|listeners:[], old=null
2023-04-15 16:31:51,364 [grpc-default-executor-1] INFO  server.RaftServer$Division (RaftServerImpl.java:requestVote(1218)) - 0dee40cf-0d5a-47f0-9c10-89273726be1d@group-F40867945940: receive requestVote(ELECTION, 30c0a845-a217-4f15-8bab-f33012bc7910, group-F40867945940, 1, (t:0, i:0))
2023-04-15 16:31:51,364 [grpc-default-executor-1] INFO  impl.VoteContext (VoteContext.java:log(49)) - 0dee40cf-0d5a-47f0-9c10-89273726be1d@group-F40867945940-FOLLOWER: accept ELECTION from 30c0a845-a217-4f15-8bab-f33012bc7910: our priority 0 <= candidate's priority 1
2023-04-15 16:31:51,364 [grpc-default-executor-1] INFO  server.RaftServer$Division (RaftServerImpl.java:setRole(321)) - 0dee40cf-0d5a-47f0-9c10-89273726be1d@group-F40867945940: changes role from  FOLLOWER to FOLLOWER at term 1 for candidate:30c0a845-a217-4f15-8bab-f33012bc7910
2023-04-15 16:31:51,364 [grpc-default-executor-1] INFO  impl.RoleInfo (RoleInfo.java:shutdownFollowerState(110)) - 0dee40cf-0d5a-47f0-9c10-89273726be1d: shutdown 0dee40cf-0d5a-47f0-9c10-89273726be1d@group-F40867945940-FollowerState
2023-04-15 16:31:51,364 [grpc-default-executor-1] INFO  impl.RoleInfo (RoleInfo.java:updateAndGet(139)) - 0dee40cf-0d5a-47f0-9c10-89273726be1d: start 0dee40cf-0d5a-47f0-9c10-89273726be1d@group-F40867945940-FollowerState
2023-04-15 16:31:51,365 [0dee40cf-0d5a-47f0-9c10-89273726be1d@group-F40867945940-FollowerState] INFO  impl.FollowerState (FollowerState.java:run(152)) - 0dee40cf-0d5a-47f0-9c10-89273726be1d@group-F40867945940-FollowerState was interrupted
2023-04-15 16:31:51,365 [0dee40cf-0d5a-47f0-9c10-89273726be1d@group-F40867945940-FollowerState] INFO  server.RaftServerConfigKeys (ConfUtils.java:logFallback(53)) - raft.server.rpc.first-election.timeout.min = 5s (fallback to raft.server.rpc.timeout.min)
2023-04-15 16:31:51,373 [grpc-default-executor-2] INFO  server.RaftServer$Division (RaftServerImpl.java:requestVote(1218)) - f16a70e5-fe04-4d06-9179-25c3ad8a94bb@group-F40867945940: receive requestVote(ELECTION, 30c0a845-a217-4f15-8bab-f33012bc7910, group-F40867945940, 1, (t:0, i:0))
2023-04-15 16:31:51,372 [grpc-default-executor-1] INFO  server.RaftServer$Division (RaftServerImpl.java:requestVote(1251)) - 0dee40cf-0d5a-47f0-9c10-89273726be1d@group-F40867945940 replies to ELECTION vote request: 30c0a845-a217-4f15-8bab-f33012bc7910<-0dee40cf-0d5a-47f0-9c10-89273726be1d#0:OK-t1. Peer's state: 0dee40cf-0d5a-47f0-9c10-89273726be1d@group-F40867945940:t1, leader=null, voted=30c0a845-a217-4f15-8bab-f33012bc7910, raftlog=Memoized:0dee40cf-0d5a-47f0-9c10-89273726be1d@group-F40867945940-SegmentedRaftLog:OPENED:c-1, conf=-1: peers:[0dee40cf-0d5a-47f0-9c10-89273726be1d|rpc:10.1.0.27:44527|dataStream:10.1.0.27:41653|priority:0|startupRole:FOLLOWER, 30c0a845-a217-4f15-8bab-f33012bc7910|rpc:10.1.0.27:38457|dataStream:10.1.0.27:34839|priority:1|startupRole:FOLLOWER, f16a70e5-fe04-4d06-9179-25c3ad8a94bb|rpc:10.1.0.27:36733|dataStream:10.1.0.27:43691|priority:0|startupRole:FOLLOWER]|listeners:[], old=null
2023-04-15 16:31:51,374 [grpc-default-executor-2] INFO  impl.VoteContext (VoteContext.java:log(49)) - f16a70e5-fe04-4d06-9179-25c3ad8a94bb@group-F40867945940-FOLLOWER: accept ELECTION from 30c0a845-a217-4f15-8bab-f33012bc7910: our priority 0 <= candidate's priority 1
2023-04-15 16:31:51,374 [grpc-default-executor-2] INFO  server.RaftServer$Division (RaftServerImpl.java:setRole(321)) - f16a70e5-fe04-4d06-9179-25c3ad8a94bb@group-F40867945940: changes role from  FOLLOWER to FOLLOWER at term 1 for candidate:30c0a845-a217-4f15-8bab-f33012bc7910
2023-04-15 16:31:51,374 [grpc-default-executor-2] INFO  impl.RoleInfo (RoleInfo.java:shutdownFollowerState(110)) - f16a70e5-fe04-4d06-9179-25c3ad8a94bb: shutdown f16a70e5-fe04-4d06-9179-25c3ad8a94bb@group-F40867945940-FollowerState
2023-04-15 16:31:51,374 [grpc-default-executor-2] INFO  impl.RoleInfo (RoleInfo.java:updateAndGet(139)) - f16a70e5-fe04-4d06-9179-25c3ad8a94bb: start f16a70e5-fe04-4d06-9179-25c3ad8a94bb@group-F40867945940-FollowerState
2023-04-15 16:31:51,374 [f16a70e5-fe04-4d06-9179-25c3ad8a94bb@group-F40867945940-FollowerState] INFO  impl.FollowerState (FollowerState.java:run(152)) - f16a70e5-fe04-4d06-9179-25c3ad8a94bb@group-F40867945940-FollowerState was interrupted
2023-04-15 16:31:51,374 [0dee40cf-0d5a-47f0-9c10-89273726be1d@group-F40867945940-FollowerState] INFO  server.RaftServerConfigKeys (ConfUtils.java:logFallback(53)) - raft.server.rpc.first-election.timeout.max = 5200ms (fallback to raft.server.rpc.timeout.max)
2023-04-15 16:31:51,380 [f16a70e5-fe04-4d06-9179-25c3ad8a94bb@group-F40867945940-FollowerState] INFO  server.RaftServerConfigKeys (ConfUtils.java:logFallback(53)) - raft.server.rpc.first-election.timeout.min = 5s (fallback to raft.server.rpc.timeout.min)
2023-04-15 16:31:51,380 [f16a70e5-fe04-4d06-9179-25c3ad8a94bb@group-F40867945940-FollowerState] INFO  server.RaftServerConfigKeys (ConfUtils.java:logFallback(53)) - raft.server.rpc.first-election.timeout.max = 5200ms (fallback to raft.server.rpc.timeout.max)
2023-04-15 16:31:51,381 [30c0a845-a217-4f15-8bab-f33012bc7910@group-F40867945940-LeaderElection5] INFO  impl.LeaderElection (LeaderElection.java:logAndReturn(90)) - 30c0a845-a217-4f15-8bab-f33012bc7910@group-F40867945940-LeaderElection5: ELECTION PASSED received 1 response(s) and 0 exception(s):
2023-04-15 16:31:51,381 [30c0a845-a217-4f15-8bab-f33012bc7910@group-F40867945940-LeaderElection5] INFO  impl.LeaderElection (LeaderElection.java:logAndReturn(94)) -   Response 0: 30c0a845-a217-4f15-8bab-f33012bc7910<-0dee40cf-0d5a-47f0-9c10-89273726be1d#0:OK-t1
2023-04-15 16:31:51,381 [30c0a845-a217-4f15-8bab-f33012bc7910@group-F40867945940-LeaderElection5] INFO  impl.LeaderElection (LeaderElection.java:askForVotes(314)) - 30c0a845-a217-4f15-8bab-f33012bc7910@group-F40867945940-LeaderElection5 ELECTION round 0: result PASSED
2023-04-15 16:31:51,381 [30c0a845-a217-4f15-8bab-f33012bc7910@group-F40867945940-LeaderElection5] INFO  impl.RoleInfo (RoleInfo.java:shutdownLeaderElection(130)) - 30c0a845-a217-4f15-8bab-f33012bc7910: shutdown 30c0a845-a217-4f15-8bab-f33012bc7910@group-F40867945940-LeaderElection5
2023-04-15 16:31:51,381 [30c0a845-a217-4f15-8bab-f33012bc7910@group-F40867945940-LeaderElection5] INFO  server.RaftServer$Division (RaftServerImpl.java:setRole(321)) - 30c0a845-a217-4f15-8bab-f33012bc7910@group-F40867945940: changes role from CANDIDATE to LEADER at term 1 for changeToLeader
2023-04-15 16:31:51,381 [30c0a845-a217-4f15-8bab-f33012bc7910@group-F40867945940-LeaderElection5] INFO  ratis.XceiverServerRatis (XceiverServerRatis.java:handleLeaderChangedNotification(904)) - Leader change notification received for group: group-F40867945940 with new leaderId: 30c0a845-a217-4f15-8bab-f33012bc7910
2023-04-15 16:31:51,381 [30c0a845-a217-4f15-8bab-f33012bc7910@group-F40867945940-LeaderElection5] INFO  server.RaftServer$Division (ServerState.java:setLeader(313)) - 30c0a845-a217-4f15-8bab-f33012bc7910@group-F40867945940: change Leader from null to 30c0a845-a217-4f15-8bab-f33012bc7910 at term 1 for becomeLeader, leader elected after 5207ms
2023-04-15 16:31:51,381 [30c0a845-a217-4f15-8bab-f33012bc7910@group-F40867945940-LeaderElection5] INFO  server.RaftServerConfigKeys (ConfUtils.java:logGet(46)) - raft.server.staging.catchup.gap = 1000 (default)
2023-04-15 16:31:51,381 [30c0a845-a217-4f15-8bab-f33012bc7910@group-F40867945940-LeaderElection5] INFO  server.RaftServerConfigKeys (ConfUtils.java:logGet(46)) - raft.server.write.element-limit = 1024 (custom)
2023-04-15 16:31:51,381 [30c0a845-a217-4f15-8bab-f33012bc7910@group-F40867945940-LeaderElection5] INFO  server.RaftServerConfigKeys (ConfUtils.java:logGet(46)) - raft.server.write.byte-limit = 1024 M (=1073741824) (custom)
2023-04-15 16:31:51,382 [30c0a845-a217-4f15-8bab-f33012bc7910@group-F40867945940-LeaderElection5] INFO  server.RaftServerConfigKeys (ConfUtils.java:logGet(46)) - raft.server.watch.timeout = 3000ms (custom)
2023-04-15 16:31:51,382 [30c0a845-a217-4f15-8bab-f33012bc7910@group-F40867945940-LeaderElection5] INFO  server.RaftServerConfigKeys (ConfUtils.java:logGet(46)) - raft.server.watch.timeout.denomination = 1s (default)
2023-04-15 16:31:51,382 [30c0a845-a217-4f15-8bab-f33012bc7910@group-F40867945940-LeaderElection5] INFO  server.RaftServerConfigKeys (ConfUtils.java:logGet(46)) - raft.server.watch.element-limit = 65536 (default)
2023-04-15 16:31:51,382 [30c0a845-a217-4f15-8bab-f33012bc7910@group-F40867945940-LeaderElection5] INFO  server.RaftServerConfigKeys (ConfUtils.java:logGet(46)) - raft.server.write.element-limit = 1024 (custom)
2023-04-15 16:31:51,382 [30c0a845-a217-4f15-8bab-f33012bc7910@group-F40867945940-LeaderElection5] INFO  server.RaftServerConfigKeys (ConfUtils.java:logGet(46)) - raft.server.write.follower.gap.ratio.max = -1.0 (default)
2023-04-15 16:31:51,388 [EventQueue-PipelineReportForPipelineReportHandler] INFO  pipeline.PipelineManagerImpl (PipelineManagerImpl.java:openPipeline(367)) - Pipeline Pipeline[ Id: 29cd338f-0255-424e-9271-f40867945940, Nodes: f16a70e5-fe04-4d06-9179-25c3ad8a94bb(fv-az202-370.ngw3kpfb2bguzbtcwuqjmbcvef.gx.internal.cloudapp.net/10.1.0.27)0dee40cf-0d5a-47f0-9c10-89273726be1d(fv-az202-370.ngw3kpfb2bguzbtcwuqjmbcvef.gx.internal.cloudapp.net/10.1.0.27)30c0a845-a217-4f15-8bab-f33012bc7910(fv-az202-370.ngw3kpfb2bguzbtcwuqjmbcvef.gx.internal.cloudapp.net/10.1.0.27), ReplicationConfig: RATIS/THREE, State:ALLOCATED, leaderId:30c0a845-a217-4f15-8bab-f33012bc7910, CreationTimestamp2023-04-15T16:31:43.583Z[Etc/UTC]] moved to OPEN state
2023-04-15 16:31:51,391 [EventQueue-OpenPipelineForHealthyPipelineSafeModeRule] INFO  safemode.SCMSafeModeManager (HealthyPipelineSafeModeRule.java:process(137)) - SCM in safe mode. Healthy pipelines reported count is 1, required healthy pipeline reported count is 1
2023-04-15 16:31:51,391 [EventQueue-OpenPipelineForHealthyPipelineSafeModeRule] INFO  safemode.SCMSafeModeManager (SCMSafeModeManager.java:validateSafeModeExitRules(200)) - HealthyPipelineSafeModeRule rule is successfully validated
2023-04-15 16:31:51,391 [EventQueue-OpenPipelineForHealthyPipelineSafeModeRule] INFO  safemode.SCMSafeModeManager (SCMSafeModeManager.java:validateSafeModeExitRules(215)) - ScmSafeModeManager, all rules are successfully validated
2023-04-15 16:31:51,391 [EventQueue-OpenPipelineForHealthyPipelineSafeModeRule] INFO  safemode.SCMSafeModeManager (SCMSafeModeManager.java:exitSafeMode(244)) - SCM exiting safe mode.
2023-04-15 16:31:51,391 [EventQueue-OpenPipelineForHealthyPipelineSafeModeRule] INFO  ha.SCMContext (SCMContext.java:updateSafeModeStatus(228)) - Update SafeModeStatus from SafeModeStatus{safeModeStatus=true, preCheckPassed=true} to SafeModeStatus{safeModeStatus=false, preCheckPassed=true}.
2023-04-15 16:31:51,391 [EventQueue-OpenPipelineForHealthyPipelineSafeModeRule] INFO  pipeline.BackgroundPipelineCreator (BackgroundPipelineCreator.java:notifyStatusChanged(254)) - Service BackgroundPipelineCreator transitions to RUNNING.
2023-04-15 16:31:51,391 [EventQueue-OpenPipelineForHealthyPipelineSafeModeRule] INFO  BackgroundPipelineScrubber (BackgroundSCMService.java:notifyStatusChanged(82)) - Service BackgroundPipelineScrubber transitions to RUNNING.
2023-04-15 16:31:51,391 [EventQueue-OpenPipelineForHealthyPipelineSafeModeRule] INFO  ExpiredContainerReplicaOpScrubber (BackgroundSCMService.java:notifyStatusChanged(82)) - Service ExpiredContainerReplicaOpScrubber transitions to RUNNING.
2023-04-15 16:31:51,391 [EventQueue-OpenPipelineForHealthyPipelineSafeModeRule] INFO  replication.ReplicationManager (ReplicationManager.java:notifyStatusChanged(1371)) - Service ReplicationManager transitions to RUNNING.
2023-04-15 16:31:51,398 [EventQueue-OpenPipelineForHealthyPipelineSafeModeRule] WARN  balancer.ContainerBalancer (ContainerBalancer.java:shouldRun(132)) - Could not find persisted configuration for ContainerBalancer when checking if ContainerBalancer should run. ContainerBalancer should not run now.
2023-04-15 16:31:51,402 [30c0a845-a217-4f15-8bab-f33012bc7910@group-F40867945940-LeaderElection5] INFO  server.RaftServerConfigKeys (ConfUtils.java:logGet(46)) - raft.server.log.appender.snapshot.chunk.size.max = 16MB (=16777216) (default)
2023-04-15 16:31:51,402 [30c0a845-a217-4f15-8bab-f33012bc7910@group-F40867945940-LeaderElection5] INFO  server.RaftServerConfigKeys (ConfUtils.java:logGet(46)) - raft.server.log.appender.buffer.byte-limit = 33554432 (custom)
2023-04-15 16:31:51,402 [30c0a845-a217-4f15-8bab-f33012bc7910@group-F40867945940-LeaderElection5] INFO  server.RaftServerConfigKeys (ConfUtils.java:logGet(46)) - raft.server.log.appender.buffer.element-limit = 1 (custom)
2023-04-15 16:31:51,405 [30c0a845-a217-4f15-8bab-f33012bc7910@group-F40867945940-LeaderElection5] INFO  grpc.GrpcConfigKeys (ConfUtils.java:logGet(46)) - raft.grpc.server.leader.outstanding.appends.max = 128 (default)
2023-04-15 16:31:51,405 [30c0a845-a217-4f15-8bab-f33012bc7910@group-F40867945940-LeaderElection5] INFO  server.RaftServerConfigKeys (ConfUtils.java:logGet(46)) - raft.server.rpc.request.timeout = 3000ms (default)
2023-04-15 16:31:51,405 [30c0a845-a217-4f15-8bab-f33012bc7910@group-F40867945940-LeaderElection5] INFO  server.RaftServerConfigKeys (ConfUtils.java:logGet(46)) - raft.server.log.appender.install.snapshot.enabled = false (custom)
2023-04-15 16:31:51,405 [30c0a845-a217-4f15-8bab-f33012bc7910@group-F40867945940-LeaderElection5] INFO  grpc.GrpcConfigKeys (ConfUtils.java:logGet(46)) - raft.grpc.server.heartbeat.channel = true (default)
2023-04-15 16:31:51,405 [30c0a845-a217-4f15-8bab-f33012bc7910@group-F40867945940-LeaderElection5] INFO  server.RaftServerConfigKeys (ConfUtils.java:logGet(46)) - raft.server.log.appender.wait-time.min = 10ms (default)
2023-04-15 16:31:51,407 [30c0a845-a217-4f15-8bab-f33012bc7910@group-F40867945940-LeaderElection5] INFO  server.RaftServerConfigKeys (ConfUtils.java:logGet(46)) - raft.server.log.appender.snapshot.chunk.size.max = 16MB (=16777216) (default)
2023-04-15 16:31:51,408 [30c0a845-a217-4f15-8bab-f33012bc7910@group-F40867945940-LeaderElection5] INFO  server.RaftServerConfigKeys (ConfUtils.java:logGet(46)) - raft.server.log.appender.buffer.byte-limit = 33554432 (custom)
2023-04-15 16:31:51,408 [30c0a845-a217-4f15-8bab-f33012bc7910@group-F40867945940-LeaderElection5] INFO  server.RaftServerConfigKeys (ConfUtils.java:logGet(46)) - raft.server.log.appender.buffer.element-limit = 1 (custom)
2023-04-15 16:31:51,408 [30c0a845-a217-4f15-8bab-f33012bc7910@group-F40867945940-LeaderElection5] INFO  grpc.GrpcConfigKeys (ConfUtils.java:logGet(46)) - raft.grpc.server.leader.outstanding.appends.max = 128 (default)
2023-04-15 16:31:51,408 [30c0a845-a217-4f15-8bab-f33012bc7910@group-F40867945940-LeaderElection5] INFO  server.RaftServerConfigKeys (ConfUtils.java:logGet(46)) - raft.server.rpc.request.timeout = 3000ms (default)
2023-04-15 16:31:51,408 [30c0a845-a217-4f15-8bab-f33012bc7910@group-F40867945940-LeaderElection5] INFO  server.RaftServerConfigKeys (ConfUtils.java:logGet(46)) - raft.server.log.appender.install.snapshot.enabled = false (custom)
2023-04-15 16:31:51,408 [30c0a845-a217-4f15-8bab-f33012bc7910@group-F40867945940-LeaderElection5] INFO  grpc.GrpcConfigKeys (ConfUtils.java:logGet(46)) - raft.grpc.server.heartbeat.channel = true (default)
2023-04-15 16:31:51,408 [30c0a845-a217-4f15-8bab-f33012bc7910@group-F40867945940-LeaderElection5] INFO  server.RaftServerConfigKeys (ConfUtils.java:logGet(46)) - raft.server.log.appender.wait-time.min = 10ms (default)
2023-04-15 16:31:51,409 [30c0a845-a217-4f15-8bab-f33012bc7910@group-F40867945940-LeaderElection5] INFO  impl.RoleInfo (RoleInfo.java:updateAndGet(139)) - 30c0a845-a217-4f15-8bab-f33012bc7910: start 30c0a845-a217-4f15-8bab-f33012bc7910@group-F40867945940-LeaderStateImpl
2023-04-15 16:31:51,409 [30c0a845-a217-4f15-8bab-f33012bc7910@group-F40867945940-LeaderElection5] INFO  segmented.SegmentedRaftLogWorker (SegmentedRaftLogWorker.java:startLogSegment(452)) - 30c0a845-a217-4f15-8bab-f33012bc7910@group-F40867945940-SegmentedRaftLogWorker: Starting segment from index:0
2023-04-15 16:31:51,414 [BlockDeletingService#2] INFO  interfaces.ContainerDeletionChoosingPolicyTemplate (ContainerDeletionChoosingPolicyTemplate.java:chooseContainerForBlockDeletion(83)) - Chosen 0/5000 blocks from 0 candidate containers.
2023-04-15 16:31:51,418 [BlockDeletingService#2] INFO  interfaces.ContainerDeletionChoosingPolicyTemplate (ContainerDeletionChoosingPolicyTemplate.java:chooseContainerForBlockDeletion(83)) - Chosen 0/5000 blocks from 0 candidate containers.
2023-04-15 16:31:51,419 [BlockDeletingService#1] INFO  interfaces.ContainerDeletionChoosingPolicyTemplate (ContainerDeletionChoosingPolicyTemplate.java:chooseContainerForBlockDeletion(83)) - Chosen 0/5000 blocks from 0 candidate containers.
2023-04-15 16:31:51,419 [30c0a845-a217-4f15-8bab-f33012bc7910@group-F40867945940-LeaderElection5] INFO  server.RaftServer$Division (ServerState.java:setRaftConf(430)) - 30c0a845-a217-4f15-8bab-f33012bc7910@group-F40867945940: set configuration 0: peers:[0dee40cf-0d5a-47f0-9c10-89273726be1d|rpc:10.1.0.27:44527|dataStream:10.1.0.27:41653|priority:0|startupRole:FOLLOWER, 30c0a845-a217-4f15-8bab-f33012bc7910|rpc:10.1.0.27:38457|dataStream:10.1.0.27:34839|priority:1|startupRole:FOLLOWER, f16a70e5-fe04-4d06-9179-25c3ad8a94bb|rpc:10.1.0.27:36733|dataStream:10.1.0.27:43691|priority:0|startupRole:FOLLOWER]|listeners:[], old=null
2023-04-15 16:31:51,456 [0dee40cf-0d5a-47f0-9c10-89273726be1d-server-thread1] INFO  ratis.XceiverServerRatis (XceiverServerRatis.java:handleLeaderChangedNotification(904)) - Leader change notification received for group: group-F40867945940 with new leaderId: 30c0a845-a217-4f15-8bab-f33012bc7910
2023-04-15 16:31:51,456 [0dee40cf-0d5a-47f0-9c10-89273726be1d-server-thread1] INFO  server.RaftServer$Division (ServerState.java:setLeader(313)) - 0dee40cf-0d5a-47f0-9c10-89273726be1d@group-F40867945940: change Leader from null to 30c0a845-a217-4f15-8bab-f33012bc7910 at term 1 for appendEntries, leader elected after 5876ms
2023-04-15 16:31:51,514 [BlockDeletingService#2] INFO  interfaces.ContainerDeletionChoosingPolicyTemplate (ContainerDeletionChoosingPolicyTemplate.java:chooseContainerForBlockDeletion(83)) - Chosen 0/5000 blocks from 0 candidate containers.
2023-04-15 16:31:51,518 [BlockDeletingService#2] INFO  interfaces.ContainerDeletionChoosingPolicyTemplate (ContainerDeletionChoosingPolicyTemplate.java:chooseContainerForBlockDeletion(83)) - Chosen 0/5000 blocks from 0 candidate containers.
2023-04-15 16:31:51,519 [BlockDeletingService#1] INFO  interfaces.ContainerDeletionChoosingPolicyTemplate (ContainerDeletionChoosingPolicyTemplate.java:chooseContainerForBlockDeletion(83)) - Chosen 0/5000 blocks from 0 candidate containers.
2023-04-15 16:31:51,567 [Listener at 127.0.0.1/45033] INFO  ozone.MiniOzoneClusterImpl (MiniOzoneClusterImpl.java:lambda$waitForClusterToBeReady$0(222)) - Nodes are ready. Got 3 of 3 DN Heartbeats.
2023-04-15 16:31:51,567 [Listener at 127.0.0.1/45033] INFO  ozone.MiniOzoneClusterImpl (MiniOzoneClusterImpl.java:lambda$waitForClusterToBeReady$0(225)) - Cluster exits safe mode
2023-04-15 16:31:51,567 [Listener at 127.0.0.1/45033] INFO  ozone.MiniOzoneClusterImpl (MiniOzoneClusterImpl.java:lambda$waitForClusterToBeReady$0(227)) - SCM became leader
2023-04-15 16:31:51,615 [BlockDeletingService#2] INFO  interfaces.ContainerDeletionChoosingPolicyTemplate (ContainerDeletionChoosingPolicyTemplate.java:chooseContainerForBlockDeletion(83)) - Chosen 0/5000 blocks from 0 candidate containers.
2023-04-15 16:31:51,618 [BlockDeletingService#2] INFO  interfaces.ContainerDeletionChoosingPolicyTemplate (ContainerDeletionChoosingPolicyTemplate.java:chooseContainerForBlockDeletion(83)) - Chosen 0/5000 blocks from 0 candidate containers.
2023-04-15 16:31:51,619 [BlockDeletingService#1] INFO  interfaces.ContainerDeletionChoosingPolicyTemplate (ContainerDeletionChoosingPolicyTemplate.java:chooseContainerForBlockDeletion(83)) - Chosen 0/5000 blocks from 0 candidate containers.
2023-04-15 16:31:51,655 [0dee40cf-0d5a-47f0-9c10-89273726be1d-server-thread2] INFO  server.RaftServer$Division (ServerState.java:setRaftConf(430)) - 0dee40cf-0d5a-47f0-9c10-89273726be1d@group-F40867945940: set configuration 0: peers:[0dee40cf-0d5a-47f0-9c10-89273726be1d|rpc:10.1.0.27:44527|dataStream:10.1.0.27:41653|priority:0|startupRole:FOLLOWER, 30c0a845-a217-4f15-8bab-f33012bc7910|rpc:10.1.0.27:38457|dataStream:10.1.0.27:34839|priority:1|startupRole:FOLLOWER, f16a70e5-fe04-4d06-9179-25c3ad8a94bb|rpc:10.1.0.27:36733|dataStream:10.1.0.27:43691|priority:0|startupRole:FOLLOWER]|listeners:[], old=null
2023-04-15 16:31:51,655 [0dee40cf-0d5a-47f0-9c10-89273726be1d-server-thread2] INFO  segmented.SegmentedRaftLogWorker (SegmentedRaftLogWorker.java:startLogSegment(452)) - 0dee40cf-0d5a-47f0-9c10-89273726be1d@group-F40867945940-SegmentedRaftLogWorker: Starting segment from index:0
2023-04-15 16:31:51,661 [grpc-default-executor-2] INFO  server.RaftServer$Division (RaftServerImpl.java:requestVote(1251)) - f16a70e5-fe04-4d06-9179-25c3ad8a94bb@group-F40867945940 replies to ELECTION vote request: 30c0a845-a217-4f15-8bab-f33012bc7910<-f16a70e5-fe04-4d06-9179-25c3ad8a94bb#0:OK-t1. Peer's state: f16a70e5-fe04-4d06-9179-25c3ad8a94bb@group-F40867945940:t1, leader=null, voted=30c0a845-a217-4f15-8bab-f33012bc7910, raftlog=Memoized:f16a70e5-fe04-4d06-9179-25c3ad8a94bb@group-F40867945940-SegmentedRaftLog:OPENED:c-1, conf=-1: peers:[0dee40cf-0d5a-47f0-9c10-89273726be1d|rpc:10.1.0.27:44527|dataStream:10.1.0.27:41653|priority:0|startupRole:FOLLOWER, 30c0a845-a217-4f15-8bab-f33012bc7910|rpc:10.1.0.27:38457|dataStream:10.1.0.27:34839|priority:1|startupRole:FOLLOWER, f16a70e5-fe04-4d06-9179-25c3ad8a94bb|rpc:10.1.0.27:36733|dataStream:10.1.0.27:43691|priority:0|startupRole:FOLLOWER]|listeners:[], old=null
2023-04-15 16:31:51,662 [f16a70e5-fe04-4d06-9179-25c3ad8a94bb-server-thread2] INFO  ratis.XceiverServerRatis (XceiverServerRatis.java:handleLeaderChangedNotification(904)) - Leader change notification received for group: group-F40867945940 with new leaderId: 30c0a845-a217-4f15-8bab-f33012bc7910
2023-04-15 16:31:51,662 [f16a70e5-fe04-4d06-9179-25c3ad8a94bb-server-thread2] INFO  server.RaftServer$Division (ServerState.java:setLeader(313)) - f16a70e5-fe04-4d06-9179-25c3ad8a94bb@group-F40867945940: change Leader from null to 30c0a845-a217-4f15-8bab-f33012bc7910 at term 1 for appendEntries, leader elected after 5439ms
2023-04-15 16:31:51,663 [f16a70e5-fe04-4d06-9179-25c3ad8a94bb-server-thread2] INFO  server.RaftServer$Division (ServerState.java:setRaftConf(430)) - f16a70e5-fe04-4d06-9179-25c3ad8a94bb@group-F40867945940: set configuration 0: peers:[0dee40cf-0d5a-47f0-9c10-89273726be1d|rpc:10.1.0.27:44527|dataStream:10.1.0.27:41653|priority:0|startupRole:FOLLOWER, 30c0a845-a217-4f15-8bab-f33012bc7910|rpc:10.1.0.27:38457|dataStream:10.1.0.27:34839|priority:1|startupRole:FOLLOWER, f16a70e5-fe04-4d06-9179-25c3ad8a94bb|rpc:10.1.0.27:36733|dataStream:10.1.0.27:43691|priority:0|startupRole:FOLLOWER]|listeners:[], old=null
2023-04-15 16:31:51,663 [f16a70e5-fe04-4d06-9179-25c3ad8a94bb-server-thread2] INFO  segmented.SegmentedRaftLogWorker (SegmentedRaftLogWorker.java:startLogSegment(452)) - f16a70e5-fe04-4d06-9179-25c3ad8a94bb@group-F40867945940-SegmentedRaftLogWorker: Starting segment from index:0
2023-04-15 16:31:51,703 [30c0a845-a217-4f15-8bab-f33012bc7910@group-F40867945940-SegmentedRaftLogWorker] INFO  segmented.SegmentedRaftLogWorker (SegmentedRaftLogWorker.java:execute(656)) - 30c0a845-a217-4f15-8bab-f33012bc7910@group-F40867945940-SegmentedRaftLogWorker: created new log segment /home/runner/work/ozone/ozone/hadoop-ozone/integration-test/target/test-dir/MiniOzoneClusterImpl-2bdca630-b48d-4c68-bd92-e4e835129ebb/datanode-1/data/ratis/29cd338f-0255-424e-9271-f40867945940/current/log_inprogress_0
2023-04-15 16:31:51,715 [BlockDeletingService#2] INFO  interfaces.ContainerDeletionChoosingPolicyTemplate (ContainerDeletionChoosingPolicyTemplate.java:chooseContainerForBlockDeletion(83)) - Chosen 0/5000 blocks from 0 candidate containers.
2023-04-15 16:31:51,719 [BlockDeletingService#2] INFO  interfaces.ContainerDeletionChoosingPolicyTemplate (ContainerDeletionChoosingPolicyTemplate.java:chooseContainerForBlockDeletion(83)) - Chosen 0/5000 blocks from 0 candidate containers.
2023-04-15 16:31:51,719 [BlockDeletingService#1] INFO  interfaces.ContainerDeletionChoosingPolicyTemplate (ContainerDeletionChoosingPolicyTemplate.java:chooseContainerForBlockDeletion(83)) - Chosen 0/5000 blocks from 0 candidate containers.
2023-04-15 16:31:51,748 [0dee40cf-0d5a-47f0-9c10-89273726be1d@group-F40867945940-SegmentedRaftLogWorker] INFO  segmented.SegmentedRaftLogWorker (SegmentedRaftLogWorker.java:execute(656)) - 0dee40cf-0d5a-47f0-9c10-89273726be1d@group-F40867945940-SegmentedRaftLogWorker: created new log segment /home/runner/work/ozone/ozone/hadoop-ozone/integration-test/target/test-dir/MiniOzoneClusterImpl-2bdca630-b48d-4c68-bd92-e4e835129ebb/datanode-0/data/ratis/29cd338f-0255-424e-9271-f40867945940/current/log_inprogress_0
2023-04-15 16:31:51,752 [f16a70e5-fe04-4d06-9179-25c3ad8a94bb@group-F40867945940-SegmentedRaftLogWorker] INFO  segmented.SegmentedRaftLogWorker (SegmentedRaftLogWorker.java:execute(656)) - f16a70e5-fe04-4d06-9179-25c3ad8a94bb@group-F40867945940-SegmentedRaftLogWorker: created new log segment /home/runner/work/ozone/ozone/hadoop-ozone/integration-test/target/test-dir/MiniOzoneClusterImpl-2bdca630-b48d-4c68-bd92-e4e835129ebb/datanode-2/data/ratis/29cd338f-0255-424e-9271-f40867945940/current/log_inprogress_0
2023-04-15 16:31:51,756 [f16a70e5-fe04-4d06-9179-25c3ad8a94bb@group-900A83DC8A69-FollowerState] INFO  impl.FollowerState (FollowerState.java:run(143)) - f16a70e5-fe04-4d06-9179-25c3ad8a94bb@group-900A83DC8A69-FollowerState: change to CANDIDATE, lastRpcElapsedTime:5165951583ns, electionTimeout:5164ms
2023-04-15 16:31:51,756 [f16a70e5-fe04-4d06-9179-25c3ad8a94bb@group-900A83DC8A69-FollowerState] INFO  impl.RoleInfo (RoleInfo.java:shutdownFollowerState(110)) - f16a70e5-fe04-4d06-9179-25c3ad8a94bb: shutdown f16a70e5-fe04-4d06-9179-25c3ad8a94bb@group-900A83DC8A69-FollowerState
2023-04-15 16:31:51,757 [f16a70e5-fe04-4d06-9179-25c3ad8a94bb@group-900A83DC8A69-FollowerState] INFO  server.RaftServer$Division (RaftServerImpl.java:setRole(321)) - f16a70e5-fe04-4d06-9179-25c3ad8a94bb@group-900A83DC8A69: changes role from  FOLLOWER to CANDIDATE at term 0 for changeToCandidate
2023-04-15 16:31:51,757 [f16a70e5-fe04-4d06-9179-25c3ad8a94bb@group-900A83DC8A69-FollowerState] INFO  server.RaftServerConfigKeys (ConfUtils.java:logGet(46)) - raft.server.leaderelection.pre-vote = true (default)
2023-04-15 16:31:51,757 [f16a70e5-fe04-4d06-9179-25c3ad8a94bb@group-900A83DC8A69-FollowerState] INFO  impl.RoleInfo (RoleInfo.java:updateAndGet(139)) - f16a70e5-fe04-4d06-9179-25c3ad8a94bb: start f16a70e5-fe04-4d06-9179-25c3ad8a94bb@group-900A83DC8A69-LeaderElection6
2023-04-15 16:31:51,772 [f16a70e5-fe04-4d06-9179-25c3ad8a94bb@group-900A83DC8A69-LeaderElection6] INFO  impl.LeaderElection (LeaderElection.java:askForVotes(312)) - f16a70e5-fe04-4d06-9179-25c3ad8a94bb@group-900A83DC8A69-LeaderElection6 PRE_VOTE round 0: submit vote requests at term 0 for -1: peers:[f16a70e5-fe04-4d06-9179-25c3ad8a94bb|rpc:10.1.0.27:36733|dataStream:10.1.0.27:43691|priority:1|startupRole:FOLLOWER]|listeners:[], old=null
2023-04-15 16:31:51,772 [f16a70e5-fe04-4d06-9179-25c3ad8a94bb@group-900A83DC8A69-LeaderElection6] INFO  impl.LeaderElection (LeaderElection.java:askForVotes(314)) - f16a70e5-fe04-4d06-9179-25c3ad8a94bb@group-900A83DC8A69-LeaderElection6 PRE_VOTE round 0: result PASSED (term=0)
2023-04-15 16:31:51,815 [BlockDeletingService#2] INFO  interfaces.ContainerDeletionChoosingPolicyTemplate (ContainerDeletionChoosingPolicyTemplate.java:chooseContainerForBlockDeletion(83)) - Chosen 0/5000 blocks from 0 candidate containers.
2023-04-15 16:31:51,819 [BlockDeletingService#2] INFO  interfaces.ContainerDeletionChoosingPolicyTemplate (ContainerDeletionChoosingPolicyTemplate.java:chooseContainerForBlockDeletion(83)) - Chosen 0/5000 blocks from 0 candidate containers.
2023-04-15 16:31:51,819 [BlockDeletingService#1] INFO  interfaces.ContainerDeletionChoosingPolicyTemplate (ContainerDeletionChoosingPolicyTemplate.java:chooseContainerForBlockDeletion(83)) - Chosen 0/5000 blocks from 0 candidate containers.
2023-04-15 16:31:51,903 [f16a70e5-fe04-4d06-9179-25c3ad8a94bb@group-900A83DC8A69-LeaderElection6] INFO  impl.LeaderElection (LeaderElection.java:askForVotes(312)) - f16a70e5-fe04-4d06-9179-25c3ad8a94bb@group-900A83DC8A69-LeaderElection6 ELECTION round 0: submit vote requests at term 1 for -1: peers:[f16a70e5-fe04-4d06-9179-25c3ad8a94bb|rpc:10.1.0.27:36733|dataStream:10.1.0.27:43691|priority:1|startupRole:FOLLOWER]|listeners:[], old=null
2023-04-15 16:31:51,903 [f16a70e5-fe04-4d06-9179-25c3ad8a94bb@group-900A83DC8A69-LeaderElection6] INFO  impl.LeaderElection (LeaderElection.java:askForVotes(314)) - f16a70e5-fe04-4d06-9179-25c3ad8a94bb@group-900A83DC8A69-LeaderElection6 ELECTION round 0: result PASSED (term=1)
2023-04-15 16:31:51,903 [f16a70e5-fe04-4d06-9179-25c3ad8a94bb@group-900A83DC8A69-LeaderElection6] INFO  impl.RoleInfo (RoleInfo.java:shutdownLeaderElection(130)) - f16a70e5-fe04-4d06-9179-25c3ad8a94bb: shutdown f16a70e5-fe04-4d06-9179-25c3ad8a94bb@group-900A83DC8A69-LeaderElection6
2023-04-15 16:31:51,903 [f16a70e5-fe04-4d06-9179-25c3ad8a94bb@group-900A83DC8A69-LeaderElection6] INFO  server.RaftServer$Division (RaftServerImpl.java:setRole(321)) - f16a70e5-fe04-4d06-9179-25c3ad8a94bb@group-900A83DC8A69: changes role from CANDIDATE to LEADER at term 1 for changeToLeader
2023-04-15 16:31:51,903 [f16a70e5-fe04-4d06-9179-25c3ad8a94bb@group-900A83DC8A69-LeaderElection6] INFO  ratis.XceiverServerRatis (XceiverServerRatis.java:handleLeaderChangedNotification(904)) - Leader change notification received for group: group-900A83DC8A69 with new leaderId: f16a70e5-fe04-4d06-9179-25c3ad8a94bb
2023-04-15 16:31:51,903 [f16a70e5-fe04-4d06-9179-25c3ad8a94bb@group-900A83DC8A69-LeaderElection6] INFO  server.RaftServer$Division (ServerState.java:setLeader(313)) - f16a70e5-fe04-4d06-9179-25c3ad8a94bb@group-900A83DC8A69: change Leader from null to f16a70e5-fe04-4d06-9179-25c3ad8a94bb at term 1 for becomeLeader, leader elected after 5329ms
2023-04-15 16:31:51,903 [f16a70e5-fe04-4d06-9179-25c3ad8a94bb@group-900A83DC8A69-LeaderElection6] INFO  server.RaftServerConfigKeys (ConfUtils.java:logGet(46)) - raft.server.staging.catchup.gap = 1000 (default)
2023-04-15 16:31:51,911 [f16a70e5-fe04-4d06-9179-25c3ad8a94bb@group-900A83DC8A69-LeaderElection6] INFO  server.RaftServerConfigKeys (ConfUtils.java:logGet(46)) - raft.server.write.element-limit = 1024 (custom)
2023-04-15 16:31:51,911 [f16a70e5-fe04-4d06-9179-25c3ad8a94bb@group-900A83DC8A69-LeaderElection6] INFO  server.RaftServerConfigKeys (ConfUtils.java:logGet(46)) - raft.server.write.byte-limit = 1024 M (=1073741824) (custom)
2023-04-15 16:31:51,912 [f16a70e5-fe04-4d06-9179-25c3ad8a94bb@group-900A83DC8A69-LeaderElection6] INFO  server.RaftServerConfigKeys (ConfUtils.java:logGet(46)) - raft.server.watch.timeout = 3000ms (custom)
2023-04-15 16:31:51,912 [f16a70e5-fe04-4d06-9179-25c3ad8a94bb@group-900A83DC8A69-LeaderElection6] INFO  server.RaftServerConfigKeys (ConfUtils.java:logGet(46)) - raft.server.watch.timeout.denomination = 1s (default)
2023-04-15 16:31:51,912 [f16a70e5-fe04-4d06-9179-25c3ad8a94bb@group-900A83DC8A69-LeaderElection6] INFO  server.RaftServerConfigKeys (ConfUtils.java:logGet(46)) - raft.server.watch.element-limit = 65536 (default)
2023-04-15 16:31:51,912 [f16a70e5-fe04-4d06-9179-25c3ad8a94bb@group-900A83DC8A69-LeaderElection6] INFO  server.RaftServerConfigKeys (ConfUtils.java:logGet(46)) - raft.server.write.element-limit = 1024 (custom)
2023-04-15 16:31:51,912 [f16a70e5-fe04-4d06-9179-25c3ad8a94bb@group-900A83DC8A69-LeaderElection6] INFO  server.RaftServerConfigKeys (ConfUtils.java:logGet(46)) - raft.server.write.follower.gap.ratio.max = -1.0 (default)
2023-04-15 16:31:51,912 [f16a70e5-fe04-4d06-9179-25c3ad8a94bb@group-900A83DC8A69-LeaderElection6] INFO  impl.RoleInfo (RoleInfo.java:updateAndGet(139)) - f16a70e5-fe04-4d06-9179-25c3ad8a94bb: start f16a70e5-fe04-4d06-9179-25c3ad8a94bb@group-900A83DC8A69-LeaderStateImpl
2023-04-15 16:31:51,912 [f16a70e5-fe04-4d06-9179-25c3ad8a94bb@group-900A83DC8A69-LeaderElection6] INFO  segmented.SegmentedRaftLogWorker (SegmentedRaftLogWorker.java:startLogSegment(452)) - f16a70e5-fe04-4d06-9179-25c3ad8a94bb@group-900A83DC8A69-SegmentedRaftLogWorker: Starting segment from index:0
2023-04-15 16:31:51,921 [f16a70e5-fe04-4d06-9179-25c3ad8a94bb@group-900A83DC8A69-LeaderElection6] INFO  server.RaftServer$Division (ServerState.java:setRaftConf(430)) - f16a70e5-fe04-4d06-9179-25c3ad8a94bb@group-900A83DC8A69: set configuration 0: peers:[f16a70e5-fe04-4d06-9179-25c3ad8a94bb|rpc:10.1.0.27:36733|dataStream:10.1.0.27:43691|priority:1|startupRole:FOLLOWER]|listeners:[], old=null
2023-04-15 16:31:51,921 [BlockDeletingService#2] INFO  interfaces.ContainerDeletionChoosingPolicyTemplate (ContainerDeletionChoosingPolicyTemplate.java:chooseContainerForBlockDeletion(83)) - Chosen 0/5000 blocks from 0 candidate containers.
2023-04-15 16:31:51,921 [BlockDeletingService#2] INFO  interfaces.ContainerDeletionChoosingPolicyTemplate (ContainerDeletionChoosingPolicyTemplate.java:chooseContainerForBlockDeletion(83)) - Chosen 0/5000 blocks from 0 candidate containers.
2023-04-15 16:31:51,922 [BlockDeletingService#1] INFO  interfaces.ContainerDeletionChoosingPolicyTemplate (ContainerDeletionChoosingPolicyTemplate.java:chooseContainerForBlockDeletion(83)) - Chosen 0/5000 blocks from 0 candidate containers.
2023-04-15 16:31:52,007 [f16a70e5-fe04-4d06-9179-25c3ad8a94bb@group-900A83DC8A69-SegmentedRaftLogWorker] INFO  segmented.SegmentedRaftLogWorker (SegmentedRaftLogWorker.java:execute(656)) - f16a70e5-fe04-4d06-9179-25c3ad8a94bb@group-900A83DC8A69-SegmentedRaftLogWorker: created new log segment /home/runner/work/ozone/ozone/hadoop-ozone/integration-test/target/test-dir/MiniOzoneClusterImpl-2bdca630-b48d-4c68-bd92-e4e835129ebb/datanode-2/data/ratis/bd94b54d-4d86-495b-af29-900a83dc8a69/current/log_inprogress_0
2023-04-15 16:31:52,021 [BlockDeletingService#2] INFO  interfaces.ContainerDeletionChoosingPolicyTemplate (ContainerDeletionChoosingPolicyTemplate.java:chooseContainerForBlockDeletion(83)) - Chosen 0/5000 blocks from 0 candidate containers.
2023-04-15 16:31:52,022 [BlockDeletingService#2] INFO  interfaces.ContainerDeletionChoosingPolicyTemplate (ContainerDeletionChoosingPolicyTemplate.java:chooseContainerForBlockDeletion(83)) - Chosen 0/5000 blocks from 0 candidate containers.
2023-04-15 16:31:52,022 [BlockDeletingService#1] INFO  interfaces.ContainerDeletionChoosingPolicyTemplate (ContainerDeletionChoosingPolicyTemplate.java:chooseContainerForBlockDeletion(83)) - Chosen 0/5000 blocks from 0 candidate containers.
2023-04-15 16:31:52,122 [BlockDeletingService#2] INFO  interfaces.ContainerDeletionChoosingPolicyTemplate (ContainerDeletionChoosingPolicyTemplate.java:chooseContainerForBlockDeletion(83)) - Chosen 0/5000 blocks from 0 candidate containers.
2023-04-15 16:31:52,122 [BlockDeletingService#2] INFO  interfaces.ContainerDeletionChoosingPolicyTemplate (ContainerDeletionChoosingPolicyTemplate.java:chooseContainerForBlockDeletion(83)) - Chosen 0/5000 blocks from 0 candidate containers.
2023-04-15 16:31:52,122 [BlockDeletingService#1] INFO  interfaces.ContainerDeletionChoosingPolicyTemplate (ContainerDeletionChoosingPolicyTemplate.java:chooseContainerForBlockDeletion(83)) - Chosen 0/5000 blocks from 0 candidate containers.
2023-04-15 16:31:52,336 [BlockDeletingService#1] INFO  interfaces.ContainerDeletionChoosingPolicyTemplate (ContainerDeletionChoosingPolicyTemplate.java:chooseContainerForBlockDeletion(83)) - Chosen 0/5000 blocks from 0 candidate containers.
2023-04-15 16:31:52,336 [BlockDeletingService#2] INFO  interfaces.ContainerDeletionChoosingPolicyTemplate (ContainerDeletionChoosingPolicyTemplate.java:chooseContainerForBlockDeletion(83)) - Chosen 0/5000 blocks from 0 candidate containers.
2023-04-15 16:31:52,336 [BlockDeletingService#2] INFO  interfaces.ContainerDeletionChoosingPolicyTemplate (ContainerDeletionChoosingPolicyTemplate.java:chooseContainerForBlockDeletion(83)) - Chosen 0/5000 blocks from 0 candidate containers.
2023-04-15 16:31:52,388 [Listener at 127.0.0.1/45033] INFO  rpc.RpcClient (RpcClient.java:createVolume(476)) - Creating Volume: testcontainerstatemachinefailures, with runner as owner and space quota set to -1 bytes, counts quota set to -1
2023-04-15 16:31:52,419 [OM StateMachine ApplyTransaction Thread - 0] INFO  volume.OMVolumeCreateRequest (OMVolumeCreateRequest.java:validateAndUpdateCache(195)) - created volume:testcontainerstatemachinefailures for user:runner
2023-04-15 16:31:52,436 [BlockDeletingService#1] INFO  interfaces.ContainerDeletionChoosingPolicyTemplate (ContainerDeletionChoosingPolicyTemplate.java:chooseContainerForBlockDeletion(83)) - Chosen 0/5000 blocks from 0 candidate containers.
2023-04-15 16:31:52,436 [BlockDeletingService#2] INFO  interfaces.ContainerDeletionChoosingPolicyTemplate (ContainerDeletionChoosingPolicyTemplate.java:chooseContainerForBlockDeletion(83)) - Chosen 0/5000 blocks from 0 candidate containers.
2023-04-15 16:31:52,436 [BlockDeletingService#2] INFO  interfaces.ContainerDeletionChoosingPolicyTemplate (ContainerDeletionChoosingPolicyTemplate.java:chooseContainerForBlockDeletion(83)) - Chosen 0/5000 blocks from 0 candidate containers.
2023-04-15 16:31:52,446 [Listener at 127.0.0.1/45033] INFO  rpc.RpcClient (RpcClient.java:createBucket(698)) - Creating Bucket: testcontainerstatemachinefailures/testcontainerstatemachinefailures, with server-side default bucket layout, runner as owner, Versioning false, Storage Type set to DISK and Encryption set to false, Replication Type set to server-side default replication type, Namespace Quota set to -1, Space Quota set to -1 
2023-04-15 16:31:52,459 [OM StateMachine ApplyTransaction Thread - 0] INFO  bucket.OMBucketCreateRequest (OMBucketCreateRequest.java:validateAndUpdateCache(269)) - created bucket: testcontainerstatemachinefailures of layout FILE_SYSTEM_OPTIMIZED in volume: testcontainerstatemachinefailures
2023-04-15 16:31:52,522 [IPC Server handler 0 on default port 44671] INFO  ha.SequenceIdGenerator (SequenceIdGenerator.java:getNextId(128)) - Allocate a batch for containerId, change lastId from 0 to 1000.
2023-04-15 16:31:52,531 [IPC Server handler 0 on default port 44671] WARN  ha.SequenceIdGenerator (SequenceIdGenerator.java:allocateBatch(237)) - Failed to allocate a batch for localId, expected lastId is 0, actual lastId is 111677748019200000.
2023-04-15 16:31:52,531 [IPC Server handler 0 on default port 44671] INFO  ha.SequenceIdGenerator (SequenceIdGenerator.java:getNextId(128)) - Allocate a batch for localId, change lastId from 111677748019200000 to 111677748019201000.
2023-04-15 16:31:52,537 [BlockDeletingService#2] INFO  interfaces.ContainerDeletionChoosingPolicyTemplate (ContainerDeletionChoosingPolicyTemplate.java:chooseContainerForBlockDeletion(83)) - Chosen 0/5000 blocks from 0 candidate containers.
2023-04-15 16:31:52,539 [BlockDeletingService#2] INFO  interfaces.ContainerDeletionChoosingPolicyTemplate (ContainerDeletionChoosingPolicyTemplate.java:chooseContainerForBlockDeletion(83)) - Chosen 0/5000 blocks from 0 candidate containers.
2023-04-15 16:31:52,539 [BlockDeletingService#1] INFO  interfaces.ContainerDeletionChoosingPolicyTemplate (ContainerDeletionChoosingPolicyTemplate.java:chooseContainerForBlockDeletion(83)) - Chosen 0/5000 blocks from 0 candidate containers.
2023-04-15 16:31:52,623 [Listener at 127.0.0.1/45033] INFO  impl.MetricsSystemImpl (MetricsSystemImpl.java:init(158)) - XceiverClientMetrics metrics system started (again)
2023-04-15 16:31:52,637 [BlockDeletingService#2] INFO  interfaces.ContainerDeletionChoosingPolicyTemplate (ContainerDeletionChoosingPolicyTemplate.java:chooseContainerForBlockDeletion(83)) - Chosen 0/5000 blocks from 0 candidate containers.
2023-04-15 16:31:52,639 [BlockDeletingService#2] INFO  interfaces.ContainerDeletionChoosingPolicyTemplate (ContainerDeletionChoosingPolicyTemplate.java:chooseContainerForBlockDeletion(83)) - Chosen 0/5000 blocks from 0 candidate containers.
2023-04-15 16:31:52,639 [BlockDeletingService#1] INFO  interfaces.ContainerDeletionChoosingPolicyTemplate (ContainerDeletionChoosingPolicyTemplate.java:chooseContainerForBlockDeletion(83)) - Chosen 0/5000 blocks from 0 candidate containers.
2023-04-15 16:31:52,645 [Listener at 127.0.0.1/45033] INFO  ozoneimpl.OzoneContainer (OzoneContainer.java:stop(419)) - Attempting to stop container services.
2023-04-15 16:31:52,652 [Listener at 127.0.0.1/45033] INFO  server.RaftServer (RaftServerProxy.java:lambda$close$6(409)) - f16a70e5-fe04-4d06-9179-25c3ad8a94bb: close
2023-04-15 16:31:52,652 [f16a70e5-fe04-4d06-9179-25c3ad8a94bb-impl-thread1] INFO  server.RaftServer$Division (RaftServerImpl.java:lambda$close$4(458)) - f16a70e5-fe04-4d06-9179-25c3ad8a94bb@group-900A83DC8A69: shutdown
2023-04-15 16:31:52,652 [f16a70e5-fe04-4d06-9179-25c3ad8a94bb-impl-thread1] INFO  util.JmxRegister (JmxRegister.java:unregister(73)) - Successfully un-registered JMX Bean with object name Ratis:service=RaftServer,group=group-900A83DC8A69,id=f16a70e5-fe04-4d06-9179-25c3ad8a94bb
2023-04-15 16:31:52,652 [f16a70e5-fe04-4d06-9179-25c3ad8a94bb-impl-thread1] INFO  impl.RoleInfo (RoleInfo.java:shutdownLeaderState(93)) - f16a70e5-fe04-4d06-9179-25c3ad8a94bb: shutdown f16a70e5-fe04-4d06-9179-25c3ad8a94bb@group-900A83DC8A69-LeaderStateImpl
2023-04-15 16:31:52,653 [f16a70e5-fe04-4d06-9179-25c3ad8a94bb-impl-thread1] INFO  impl.PendingRequests (PendingRequests.java:sendNotLeaderResponses(282)) - f16a70e5-fe04-4d06-9179-25c3ad8a94bb@group-900A83DC8A69-PendingRequests: sendNotLeaderResponses
2023-04-15 16:31:52,653 [f16a70e5-fe04-4d06-9179-25c3ad8a94bb-impl-thread1] INFO  impl.StateMachineUpdater (StateMachineUpdater.java:stopAndJoin(153)) - f16a70e5-fe04-4d06-9179-25c3ad8a94bb@group-900A83DC8A69-StateMachineUpdater: set stopIndex = 0
2023-04-15 16:31:52,654 [f16a70e5-fe04-4d06-9179-25c3ad8a94bb@group-900A83DC8A69-StateMachineUpdater] INFO  ratis.ContainerStateMachine (ContainerStateMachine.java:takeSnapshot(330)) - group-900A83DC8A69: Taking a snapshot at:(t:1, i:0) file /home/runner/work/ozone/ozone/hadoop-ozone/integration-test/target/test-dir/MiniOzoneClusterImpl-2bdca630-b48d-4c68-bd92-e4e835129ebb/datanode-2/data/ratis/bd94b54d-4d86-495b-af29-900a83dc8a69/sm/snapshot.1_0
2023-04-15 16:31:52,657 [Listener at 127.0.0.1/45033] INFO  server.GrpcService (GrpcService.java:closeImpl(271)) - f16a70e5-fe04-4d06-9179-25c3ad8a94bb: shutdown server GrpcServerProtocolService now
2023-04-15 16:31:52,666 [Listener at 127.0.0.1/45033] INFO  server.GrpcService (GrpcService.java:closeImpl(280)) - f16a70e5-fe04-4d06-9179-25c3ad8a94bb: shutdown server GrpcServerProtocolService successfully
2023-04-15 16:31:52,666 [f16a70e5-fe04-4d06-9179-25c3ad8a94bb-NettyServerStreamRpc-bossGroup--thread1] INFO  logging.LoggingHandler (AbstractInternalLogger.java:log(148)) - [id: 0x4f9b586d, L:/0:0:0:0:0:0:0:0:43691] CLOSE
2023-04-15 16:31:52,666 [f16a70e5-fe04-4d06-9179-25c3ad8a94bb-NettyServerStreamRpc-bossGroup--thread1] INFO  logging.LoggingHandler (AbstractInternalLogger.java:log(148)) - [id: 0x4f9b586d, L:/0:0:0:0:0:0:0:0:43691] INACTIVE
2023-04-15 16:31:52,666 [f16a70e5-fe04-4d06-9179-25c3ad8a94bb-NettyServerStreamRpc-bossGroup--thread1] INFO  logging.LoggingHandler (AbstractInternalLogger.java:log(148)) - [id: 0x4f9b586d, L:/0:0:0:0:0:0:0:0:43691] UNREGISTERED
2023-04-15 16:31:52,668 [grpc-default-executor-2] WARN  server.GrpcServerProtocolService (LogUtils.java:warn(122)) - f16a70e5-fe04-4d06-9179-25c3ad8a94bb: installSnapshot onError, lastRequest: null: org.apache.ratis.thirdparty.io.grpc.StatusRuntimeException: CANCELLED: client cancelled
2023-04-15 16:31:52,670 [grpc-default-executor-2] WARN  server.GrpcLogAppender (LogUtils.java:warn(122)) - 30c0a845-a217-4f15-8bab-f33012bc7910@group-F40867945940->f16a70e5-fe04-4d06-9179-25c3ad8a94bb-AppendLogResponseHandler: Failed appendEntries: org.apache.ratis.thirdparty.io.grpc.StatusRuntimeException: CANCELLED: RST_STREAM closed stream. HTTP/2 error code: CANCEL
2023-04-15 16:31:52,672 [grpc-default-executor-2] WARN  server.GrpcLogAppender (GrpcLogAppender.java:resetClient(131)) - 30c0a845-a217-4f15-8bab-f33012bc7910@group-F40867945940->f16a70e5-fe04-4d06-9179-25c3ad8a94bb-GrpcLogAppender: Leader has not got in touch with Follower 30c0a845-a217-4f15-8bab-f33012bc7910@group-F40867945940->f16a70e5-fe04-4d06-9179-25c3ad8a94bb(c-1,m0,n1, attendVote=true, lastRpcSendTime=1226, lastRpcResponseTime=874) yet, just keep nextIndex unchanged and retry.
2023-04-15 16:31:52,673 [grpc-default-executor-2] WARN  server.GrpcLogAppender (LogUtils.java:warn(122)) - 30c0a845-a217-4f15-8bab-f33012bc7910@group-F40867945940->f16a70e5-fe04-4d06-9179-25c3ad8a94bb-AppendLogResponseHandler: Failed appendEntries: org.apache.ratis.thirdparty.io.grpc.StatusRuntimeException: CANCELLED: RST_STREAM closed stream. HTTP/2 error code: CANCEL
2023-04-15 16:31:52,673 [grpc-default-executor-2] WARN  server.GrpcLogAppender (GrpcLogAppender.java:resetClient(131)) - 30c0a845-a217-4f15-8bab-f33012bc7910@group-F40867945940->f16a70e5-fe04-4d06-9179-25c3ad8a94bb-GrpcLogAppender: Leader has not got in touch with Follower 30c0a845-a217-4f15-8bab-f33012bc7910@group-F40867945940->f16a70e5-fe04-4d06-9179-25c3ad8a94bb(c-1,m0,n1, attendVote=true, lastRpcSendTime=1227, lastRpcResponseTime=875) yet, just keep nextIndex unchanged and retry.
2023-04-15 16:31:52,674 [f16a70e5-fe04-4d06-9179-25c3ad8a94bb-impl-thread2] INFO  server.RaftServer$Division (RaftServerImpl.java:lambda$close$4(458)) - f16a70e5-fe04-4d06-9179-25c3ad8a94bb@group-F40867945940: shutdown
2023-04-15 16:31:52,674 [f16a70e5-fe04-4d06-9179-25c3ad8a94bb-impl-thread2] INFO  util.JmxRegister (JmxRegister.java:unregister(73)) - Successfully un-registered JMX Bean with object name Ratis:service=RaftServer,group=group-F40867945940,id=f16a70e5-fe04-4d06-9179-25c3ad8a94bb
2023-04-15 16:31:52,674 [f16a70e5-fe04-4d06-9179-25c3ad8a94bb-impl-thread2] INFO  impl.RoleInfo (RoleInfo.java:shutdownFollowerState(110)) - f16a70e5-fe04-4d06-9179-25c3ad8a94bb: shutdown f16a70e5-fe04-4d06-9179-25c3ad8a94bb@group-F40867945940-FollowerState
2023-04-15 16:31:52,701 [grpc-default-executor-3] WARN  server.GrpcServerProtocolService (LogUtils.java:warn(122)) - f16a70e5-fe04-4d06-9179-25c3ad8a94bb: installSnapshot onError, lastRequest: 30c0a845-a217-4f15-8bab-f33012bc7910->f16a70e5-fe04-4d06-9179-25c3ad8a94bb#1-t1,previous=(t:0, i:0),leaderCommit=-1,initializing? true,entries: size=1, first=(t:1, i:0), CONFIGURATIONENTRY(current:id: "0dee40cf-0d5a-47f0-9c10-89273726be1d"
address: "10.1.0.27:44527"
dataStreamAddress: "10.1.0.27:41653"
clientAddress: "10.1.0.27:44527"
adminAddress: "10.1.0.27:44527"
startupRole: FOLLOWER
,id: "30c0a845-a217-4f15-8bab-f33012bc7910"
address: "10.1.0.27:38457"
priority: 1
dataStreamAddress: "10.1.0.27:34839"
clientAddress: "10.1.0.27:38457"
adminAddress: "10.1.0.27:38457"
startupRole: FOLLOWER
,id: "f16a70e5-fe04-4d06-9179-25c3ad8a94bb"
address: "10.1.0.27:36733"
dataStreamAddress: "10.1.0.27:43691"
clientAddress: "10.1.0.27:36733"
adminAddress: "10.1.0.27:36733"
startupRole: FOLLOWER
, old:): org.apache.ratis.thirdparty.io.grpc.StatusRuntimeException: CANCELLED: client cancelled
2023-04-15 16:31:52,710 [f16a70e5-fe04-4d06-9179-25c3ad8a94bb@group-F40867945940-FollowerState] INFO  impl.FollowerState (FollowerState.java:run(152)) - f16a70e5-fe04-4d06-9179-25c3ad8a94bb@group-F40867945940-FollowerState was interrupted
2023-04-15 16:31:52,710 [f16a70e5-fe04-4d06-9179-25c3ad8a94bb-impl-thread2] INFO  impl.StateMachineUpdater (StateMachineUpdater.java:stopAndJoin(153)) - f16a70e5-fe04-4d06-9179-25c3ad8a94bb@group-F40867945940-StateMachineUpdater: set stopIndex = -1
2023-04-15 16:31:52,711 [f16a70e5-fe04-4d06-9179-25c3ad8a94bb-impl-thread2] INFO  server.RaftServer$Division (ServerState.java:close(466)) - f16a70e5-fe04-4d06-9179-25c3ad8a94bb@group-F40867945940: closes. applyIndex: -1
2023-04-15 16:31:52,712 [f16a70e5-fe04-4d06-9179-25c3ad8a94bb@group-F40867945940-SegmentedRaftLogWorker] INFO  segmented.SegmentedRaftLogWorker (SegmentedRaftLogWorker.java:run(347)) - f16a70e5-fe04-4d06-9179-25c3ad8a94bb@group-F40867945940-SegmentedRaftLogWorker was interrupted, exiting. There are 0 tasks remaining in the queue.
2023-04-15 16:31:52,713 [f16a70e5-fe04-4d06-9179-25c3ad8a94bb-impl-thread2] INFO  segmented.SegmentedRaftLogWorker (SegmentedRaftLogWorker.java:close(257)) - f16a70e5-fe04-4d06-9179-25c3ad8a94bb@group-F40867945940-SegmentedRaftLogWorker close()
2023-04-15 16:31:52,722 [f16a70e5-fe04-4d06-9179-25c3ad8a94bb@group-900A83DC8A69-StateMachineUpdater] INFO  ratis.ContainerStateMachine (ContainerStateMachine.java:takeSnapshot(341)) - group-900A83DC8A69: Finished taking a snapshot at:(t:1, i:0) file:/home/runner/work/ozone/ozone/hadoop-ozone/integration-test/target/test-dir/MiniOzoneClusterImpl-2bdca630-b48d-4c68-bd92-e4e835129ebb/datanode-2/data/ratis/bd94b54d-4d86-495b-af29-900a83dc8a69/sm/snapshot.1_0 took: 69 ms
2023-04-15 16:31:52,725 [f16a70e5-fe04-4d06-9179-25c3ad8a94bb@group-900A83DC8A69-StateMachineUpdater] INFO  impl.StateMachineUpdater (StateMachineUpdater.java:takeSnapshot(287)) - f16a70e5-fe04-4d06-9179-25c3ad8a94bb@group-900A83DC8A69-StateMachineUpdater: Took a snapshot at index 0
2023-04-15 16:31:52,725 [f16a70e5-fe04-4d06-9179-25c3ad8a94bb@group-900A83DC8A69-StateMachineUpdater] INFO  impl.StateMachineUpdater (StateMachineUpdater.java:lambda$new$0(92)) - f16a70e5-fe04-4d06-9179-25c3ad8a94bb@group-900A83DC8A69-StateMachineUpdater: snapshotIndex: updateIncreasingly -1 -> 0
2023-04-15 16:31:52,729 [f16a70e5-fe04-4d06-9179-25c3ad8a94bb-impl-thread1] INFO  server.RaftServer$Division (ServerState.java:close(466)) - f16a70e5-fe04-4d06-9179-25c3ad8a94bb@group-900A83DC8A69: closes. applyIndex: 0
2023-04-15 16:31:52,730 [f16a70e5-fe04-4d06-9179-25c3ad8a94bb@group-900A83DC8A69-SegmentedRaftLogWorker] INFO  segmented.SegmentedRaftLogWorker (SegmentedRaftLogWorker.java:run(347)) - f16a70e5-fe04-4d06-9179-25c3ad8a94bb@group-900A83DC8A69-SegmentedRaftLogWorker was interrupted, exiting. There are 0 tasks remaining in the queue.
2023-04-15 16:31:52,732 [f16a70e5-fe04-4d06-9179-25c3ad8a94bb-impl-thread1] INFO  segmented.SegmentedRaftLogWorker (SegmentedRaftLogWorker.java:close(257)) - f16a70e5-fe04-4d06-9179-25c3ad8a94bb@group-900A83DC8A69-SegmentedRaftLogWorker close()
2023-04-15 16:31:52,733 [JvmPauseMonitor3] INFO  util.JvmPauseMonitor (JvmPauseMonitor.java:run(111)) - JvmPauseMonitor-f16a70e5-fe04-4d06-9179-25c3ad8a94bb: Stopped
2023-04-15 16:31:52,738 [BlockDeletingService#2] INFO  interfaces.ContainerDeletionChoosingPolicyTemplate (ContainerDeletionChoosingPolicyTemplate.java:chooseContainerForBlockDeletion(83)) - Chosen 0/5000 blocks from 0 candidate containers.
2023-04-15 16:31:52,739 [BlockDeletingService#2] INFO  interfaces.ContainerDeletionChoosingPolicyTemplate (ContainerDeletionChoosingPolicyTemplate.java:chooseContainerForBlockDeletion(83)) - Chosen 0/5000 blocks from 0 candidate containers.
2023-04-15 16:31:52,740 [BlockDeletingService#1] INFO  interfaces.ContainerDeletionChoosingPolicyTemplate (ContainerDeletionChoosingPolicyTemplate.java:chooseContainerForBlockDeletion(83)) - Chosen 0/5000 blocks from 0 candidate containers.
2023-04-15 16:31:52,838 [BlockDeletingService#2] INFO  interfaces.ContainerDeletionChoosingPolicyTemplate (ContainerDeletionChoosingPolicyTemplate.java:chooseContainerForBlockDeletion(83)) - Chosen 0/5000 blocks from 0 candidate containers.
2023-04-15 16:31:52,840 [BlockDeletingService#1] INFO  interfaces.ContainerDeletionChoosingPolicyTemplate (ContainerDeletionChoosingPolicyTemplate.java:chooseContainerForBlockDeletion(83)) - Chosen 0/5000 blocks from 0 candidate containers.
2023-04-15 16:31:52,840 [BlockDeletingService#2] INFO  interfaces.ContainerDeletionChoosingPolicyTemplate (ContainerDeletionChoosingPolicyTemplate.java:chooseContainerForBlockDeletion(83)) - Chosen 0/5000 blocks from 0 candidate containers.
2023-04-15 16:31:52,938 [BlockDeletingService#2] INFO  interfaces.ContainerDeletionChoosingPolicyTemplate (ContainerDeletionChoosingPolicyTemplate.java:chooseContainerForBlockDeletion(83)) - Chosen 0/5000 blocks from 0 candidate containers.
2023-04-15 16:31:52,940 [BlockDeletingService#1] INFO  interfaces.ContainerDeletionChoosingPolicyTemplate (ContainerDeletionChoosingPolicyTemplate.java:chooseContainerForBlockDeletion(83)) - Chosen 0/5000 blocks from 0 candidate containers.
2023-04-15 16:31:52,941 [BlockDeletingService#2] INFO  interfaces.ContainerDeletionChoosingPolicyTemplate (ContainerDeletionChoosingPolicyTemplate.java:chooseContainerForBlockDeletion(83)) - Chosen 0/5000 blocks from 0 candidate containers.
2023-04-15 16:31:53,039 [BlockDeletingService#2] INFO  interfaces.ContainerDeletionChoosingPolicyTemplate (ContainerDeletionChoosingPolicyTemplate.java:chooseContainerForBlockDeletion(83)) - Chosen 0/5000 blocks from 0 candidate containers.
2023-04-15 16:31:53,040 [BlockDeletingService#1] INFO  interfaces.ContainerDeletionChoosingPolicyTemplate (ContainerDeletionChoosingPolicyTemplate.java:chooseContainerForBlockDeletion(83)) - Chosen 0/5000 blocks from 0 candidate containers.
2023-04-15 16:31:53,041 [BlockDeletingService#2] INFO  interfaces.ContainerDeletionChoosingPolicyTemplate (ContainerDeletionChoosingPolicyTemplate.java:chooseContainerForBlockDeletion(83)) - Chosen 0/5000 blocks from 0 candidate containers.
2023-04-15 16:31:53,139 [BlockDeletingService#2] INFO  interfaces.ContainerDeletionChoosingPolicyTemplate (ContainerDeletionChoosingPolicyTemplate.java:chooseContainerForBlockDeletion(83)) - Chosen 0/5000 blocks from 0 candidate containers.
2023-04-15 16:31:53,140 [BlockDeletingService#1] INFO  interfaces.ContainerDeletionChoosingPolicyTemplate (ContainerDeletionChoosingPolicyTemplate.java:chooseContainerForBlockDeletion(83)) - Chosen 0/5000 blocks from 0 candidate containers.
2023-04-15 16:31:53,141 [BlockDeletingService#2] INFO  interfaces.ContainerDeletionChoosingPolicyTemplate (ContainerDeletionChoosingPolicyTemplate.java:chooseContainerForBlockDeletion(83)) - Chosen 0/5000 blocks from 0 candidate containers.
2023-04-15 16:31:53,239 [BlockDeletingService#2] INFO  interfaces.ContainerDeletionChoosingPolicyTemplate (ContainerDeletionChoosingPolicyTemplate.java:chooseContainerForBlockDeletion(83)) - Chosen 0/5000 blocks from 0 candidate containers.
2023-04-15 16:31:53,241 [BlockDeletingService#1] INFO  interfaces.ContainerDeletionChoosingPolicyTemplate (ContainerDeletionChoosingPolicyTemplate.java:chooseContainerForBlockDeletion(83)) - Chosen 0/5000 blocks from 0 candidate containers.
2023-04-15 16:31:53,241 [BlockDeletingService#2] INFO  interfaces.ContainerDeletionChoosingPolicyTemplate (ContainerDeletionChoosingPolicyTemplate.java:chooseContainerForBlockDeletion(83)) - Chosen 0/5000 blocks from 0 candidate containers.
2023-04-15 16:31:53,339 [BlockDeletingService#2] INFO  interfaces.ContainerDeletionChoosingPolicyTemplate (ContainerDeletionChoosingPolicyTemplate.java:chooseContainerForBlockDeletion(83)) - Chosen 0/5000 blocks from 0 candidate containers.
2023-04-15 16:31:53,341 [BlockDeletingService#1] INFO  interfaces.ContainerDeletionChoosingPolicyTemplate (ContainerDeletionChoosingPolicyTemplate.java:chooseContainerForBlockDeletion(83)) - Chosen 0/5000 blocks from 0 candidate containers.
2023-04-15 16:31:53,341 [BlockDeletingService#2] INFO  interfaces.ContainerDeletionChoosingPolicyTemplate (ContainerDeletionChoosingPolicyTemplate.java:chooseContainerForBlockDeletion(83)) - Chosen 0/5000 blocks from 0 candidate containers.
2023-04-15 16:31:53,440 [BlockDeletingService#2] INFO  interfaces.ContainerDeletionChoosingPolicyTemplate (ContainerDeletionChoosingPolicyTemplate.java:chooseContainerForBlockDeletion(83)) - Chosen 0/5000 blocks from 0 candidate containers.
2023-04-15 16:31:53,441 [BlockDeletingService#1] INFO  interfaces.ContainerDeletionChoosingPolicyTemplate (ContainerDeletionChoosingPolicyTemplate.java:chooseContainerForBlockDeletion(83)) - Chosen 0/5000 blocks from 0 candidate containers.
2023-04-15 16:31:53,441 [BlockDeletingService#2] INFO  interfaces.ContainerDeletionChoosingPolicyTemplate (ContainerDeletionChoosingPolicyTemplate.java:chooseContainerForBlockDeletion(83)) - Chosen 0/5000 blocks from 0 candidate containers.
2023-04-15 16:31:53,540 [BlockDeletingService#2] INFO  interfaces.ContainerDeletionChoosingPolicyTemplate (ContainerDeletionChoosingPolicyTemplate.java:chooseContainerForBlockDeletion(83)) - Chosen 0/5000 blocks from 0 candidate containers.
2023-04-15 16:31:53,541 [BlockDeletingService#1] INFO  interfaces.ContainerDeletionChoosingPolicyTemplate (ContainerDeletionChoosingPolicyTemplate.java:chooseContainerForBlockDeletion(83)) - Chosen 0/5000 blocks from 0 candidate containers.
2023-04-15 16:31:53,542 [BlockDeletingService#2] INFO  interfaces.ContainerDeletionChoosingPolicyTemplate (ContainerDeletionChoosingPolicyTemplate.java:chooseContainerForBlockDeletion(83)) - Chosen 0/5000 blocks from 0 candidate containers.
2023-04-15 16:31:53,640 [BlockDeletingService#2] INFO  interfaces.ContainerDeletionChoosingPolicyTemplate (ContainerDeletionChoosingPolicyTemplate.java:chooseContainerForBlockDeletion(83)) - Chosen 0/5000 blocks from 0 candidate containers.
2023-04-15 16:31:53,641 [BlockDeletingService#1] INFO  interfaces.ContainerDeletionChoosingPolicyTemplate (ContainerDeletionChoosingPolicyTemplate.java:chooseContainerForBlockDeletion(83)) - Chosen 0/5000 blocks from 0 candidate containers.
2023-04-15 16:31:53,642 [BlockDeletingService#2] INFO  interfaces.ContainerDeletionChoosingPolicyTemplate (ContainerDeletionChoosingPolicyTemplate.java:chooseContainerForBlockDeletion(83)) - Chosen 0/5000 blocks from 0 candidate containers.
2023-04-15 16:31:53,742 [BlockDeletingService#1] INFO  interfaces.ContainerDeletionChoosingPolicyTemplate (ContainerDeletionChoosingPolicyTemplate.java:chooseContainerForBlockDeletion(83)) - Chosen 0/5000 blocks from 0 candidate containers.
2023-04-15 16:31:53,742 [BlockDeletingService#2] INFO  interfaces.ContainerDeletionChoosingPolicyTemplate (ContainerDeletionChoosingPolicyTemplate.java:chooseContainerForBlockDeletion(83)) - Chosen 0/5000 blocks from 0 candidate containers.
2023-04-15 16:31:53,743 [BlockDeletingService#2] INFO  interfaces.ContainerDeletionChoosingPolicyTemplate (ContainerDeletionChoosingPolicyTemplate.java:chooseContainerForBlockDeletion(83)) - Chosen 0/5000 blocks from 0 candidate containers.
2023-04-15 16:31:53,842 [BlockDeletingService#1] INFO  interfaces.ContainerDeletionChoosingPolicyTemplate (ContainerDeletionChoosingPolicyTemplate.java:chooseContainerForBlockDeletion(83)) - Chosen 0/5000 blocks from 0 candidate containers.
2023-04-15 16:31:53,842 [BlockDeletingService#2] INFO  interfaces.ContainerDeletionChoosingPolicyTemplate (ContainerDeletionChoosingPolicyTemplate.java:chooseContainerForBlockDeletion(83)) - Chosen 0/5000 blocks from 0 candidate containers.
2023-04-15 16:31:53,843 [BlockDeletingService#2] INFO  interfaces.ContainerDeletionChoosingPolicyTemplate (ContainerDeletionChoosingPolicyTemplate.java:chooseContainerForBlockDeletion(83)) - Chosen 0/5000 blocks from 0 candidate containers.
2023-04-15 16:31:53,942 [BlockDeletingService#1] INFO  interfaces.ContainerDeletionChoosingPolicyTemplate (ContainerDeletionChoosingPolicyTemplate.java:chooseContainerForBlockDeletion(83)) - Chosen 0/5000 blocks from 0 candidate containers.
2023-04-15 16:31:53,943 [BlockDeletingService#2] INFO  interfaces.ContainerDeletionChoosingPolicyTemplate (ContainerDeletionChoosingPolicyTemplate.java:chooseContainerForBlockDeletion(83)) - Chosen 0/5000 blocks from 0 candidate containers.
2023-04-15 16:31:53,943 [BlockDeletingService#2] INFO  interfaces.ContainerDeletionChoosingPolicyTemplate (ContainerDeletionChoosingPolicyTemplate.java:chooseContainerForBlockDeletion(83)) - Chosen 0/5000 blocks from 0 candidate containers.
2023-04-15 16:31:54,043 [BlockDeletingService#1] INFO  interfaces.ContainerDeletionChoosingPolicyTemplate (ContainerDeletionChoosingPolicyTemplate.java:chooseContainerForBlockDeletion(83)) - Chosen 0/5000 blocks from 0 candidate containers.
2023-04-15 16:31:54,044 [BlockDeletingService#2] INFO  interfaces.ContainerDeletionChoosingPolicyTemplate (ContainerDeletionChoosingPolicyTemplate.java:chooseContainerForBlockDeletion(83)) - Chosen 0/5000 blocks from 0 candidate containers.
2023-04-15 16:31:54,044 [BlockDeletingService#2] INFO  interfaces.ContainerDeletionChoosingPolicyTemplate (ContainerDeletionChoosingPolicyTemplate.java:chooseContainerForBlockDeletion(83)) - Chosen 0/5000 blocks from 0 candidate containers.
2023-04-15 16:31:54,143 [BlockDeletingService#1] INFO  interfaces.ContainerDeletionChoosingPolicyTemplate (ContainerDeletionChoosingPolicyTemplate.java:chooseContainerForBlockDeletion(83)) - Chosen 0/5000 blocks from 0 candidate containers.
2023-04-15 16:31:54,144 [BlockDeletingService#2] INFO  interfaces.ContainerDeletionChoosingPolicyTemplate (ContainerDeletionChoosingPolicyTemplate.java:chooseContainerForBlockDeletion(83)) - Chosen 0/5000 blocks from 0 candidate containers.
2023-04-15 16:31:54,145 [BlockDeletingService#2] INFO  interfaces.ContainerDeletionChoosingPolicyTemplate (ContainerDeletionChoosingPolicyTemplate.java:chooseContainerForBlockDeletion(83)) - Chosen 0/5000 blocks from 0 candidate containers.
2023-04-15 16:31:54,243 [BlockDeletingService#1] INFO  interfaces.ContainerDeletionChoosingPolicyTemplate (ContainerDeletionChoosingPolicyTemplate.java:chooseContainerForBlockDeletion(83)) - Chosen 0/5000 blocks from 0 candidate containers.
2023-04-15 16:31:54,245 [BlockDeletingService#2] INFO  interfaces.ContainerDeletionChoosingPolicyTemplate (ContainerDeletionChoosingPolicyTemplate.java:chooseContainerForBlockDeletion(83)) - Chosen 0/5000 blocks from 0 candidate containers.
2023-04-15 16:31:54,245 [BlockDeletingService#2] INFO  interfaces.ContainerDeletionChoosingPolicyTemplate (ContainerDeletionChoosingPolicyTemplate.java:chooseContainerForBlockDeletion(83)) - Chosen 0/5000 blocks from 0 candidate containers.
2023-04-15 16:31:54,304 [grpc-default-executor-3] WARN  server.GrpcLogAppender (LogUtils.java:warn(122)) - 30c0a845-a217-4f15-8bab-f33012bc7910@group-F40867945940->f16a70e5-fe04-4d06-9179-25c3ad8a94bb-AppendLogResponseHandler: Failed appendEntries: org.apache.ratis.thirdparty.io.grpc.StatusRuntimeException: UNAVAILABLE: io exception
2023-04-15 16:31:54,307 [grpc-default-executor-3] WARN  server.GrpcLogAppender (GrpcLogAppender.java:resetClient(131)) - 30c0a845-a217-4f15-8bab-f33012bc7910@group-F40867945940->f16a70e5-fe04-4d06-9179-25c3ad8a94bb-GrpcLogAppender: Leader has not got in touch with Follower 30c0a845-a217-4f15-8bab-f33012bc7910@group-F40867945940->f16a70e5-fe04-4d06-9179-25c3ad8a94bb(c-1,m0,n1, attendVote=true, lastRpcSendTime=2861, lastRpcResponseTime=2509) yet, just keep nextIndex unchanged and retry.
2023-04-15 16:31:54,313 [grpc-default-executor-3] WARN  server.GrpcLogAppender (LogUtils.java:warn(122)) - 30c0a845-a217-4f15-8bab-f33012bc7910@group-F40867945940->f16a70e5-fe04-4d06-9179-25c3ad8a94bb-AppendLogResponseHandler: Failed appendEntries: org.apache.ratis.thirdparty.io.grpc.StatusRuntimeException: UNAVAILABLE: io exception
2023-04-15 16:31:54,314 [grpc-default-executor-3] WARN  server.GrpcLogAppender (GrpcLogAppender.java:resetClient(131)) - 30c0a845-a217-4f15-8bab-f33012bc7910@group-F40867945940->f16a70e5-fe04-4d06-9179-25c3ad8a94bb-GrpcLogAppender: Leader has not got in touch with Follower 30c0a845-a217-4f15-8bab-f33012bc7910@group-F40867945940->f16a70e5-fe04-4d06-9179-25c3ad8a94bb(c-1,m0,n1, attendVote=true, lastRpcSendTime=0, lastRpcResponseTime=2516) yet, just keep nextIndex unchanged and retry.
2023-04-15 16:31:54,343 [BlockDeletingService#1] INFO  interfaces.ContainerDeletionChoosingPolicyTemplate (ContainerDeletionChoosingPolicyTemplate.java:chooseContainerForBlockDeletion(83)) - Chosen 0/5000 blocks from 0 candidate containers.
2023-04-15 16:31:54,345 [BlockDeletingService#2] INFO  interfaces.ContainerDeletionChoosingPolicyTemplate (ContainerDeletionChoosingPolicyTemplate.java:chooseContainerForBlockDeletion(83)) - Chosen 0/5000 blocks from 0 candidate containers.
2023-04-15 16:31:54,345 [BlockDeletingService#2] INFO  interfaces.ContainerDeletionChoosingPolicyTemplate (ContainerDeletionChoosingPolicyTemplate.java:chooseContainerForBlockDeletion(83)) - Chosen 0/5000 blocks from 0 candidate containers.
2023-04-15 16:31:54,444 [BlockDeletingService#1] INFO  interfaces.ContainerDeletionChoosingPolicyTemplate (ContainerDeletionChoosingPolicyTemplate.java:chooseContainerForBlockDeletion(83)) - Chosen 0/5000 blocks from 0 candidate containers.
2023-04-15 16:31:54,445 [BlockDeletingService#2] INFO  interfaces.ContainerDeletionChoosingPolicyTemplate (ContainerDeletionChoosingPolicyTemplate.java:chooseContainerForBlockDeletion(83)) - Chosen 0/5000 blocks from 0 candidate containers.
2023-04-15 16:31:54,446 [BlockDeletingService#2] INFO  interfaces.ContainerDeletionChoosingPolicyTemplate (ContainerDeletionChoosingPolicyTemplate.java:chooseContainerForBlockDeletion(83)) - Chosen 0/5000 blocks from 0 candidate containers.
2023-04-15 16:31:54,544 [BlockDeletingService#1] INFO  interfaces.ContainerDeletionChoosingPolicyTemplate (ContainerDeletionChoosingPolicyTemplate.java:chooseContainerForBlockDeletion(83)) - Chosen 0/5000 blocks from 0 candidate containers.
2023-04-15 16:31:54,545 [BlockDeletingService#2] INFO  interfaces.ContainerDeletionChoosingPolicyTemplate (ContainerDeletionChoosingPolicyTemplate.java:chooseContainerForBlockDeletion(83)) - Chosen 0/5000 blocks from 0 candidate containers.
2023-04-15 16:31:54,546 [BlockDeletingService#2] INFO  interfaces.ContainerDeletionChoosingPolicyTemplate (ContainerDeletionChoosingPolicyTemplate.java:chooseContainerForBlockDeletion(83)) - Chosen 0/5000 blocks from 0 candidate containers.
2023-04-15 16:31:54,644 [BlockDeletingService#1] INFO  interfaces.ContainerDeletionChoosingPolicyTemplate (ContainerDeletionChoosingPolicyTemplate.java:chooseContainerForBlockDeletion(83)) - Chosen 0/5000 blocks from 0 candidate containers.
2023-04-15 16:31:54,645 [BlockDeletingService#2] INFO  interfaces.ContainerDeletionChoosingPolicyTemplate (ContainerDeletionChoosingPolicyTemplate.java:chooseContainerForBlockDeletion(83)) - Chosen 0/5000 blocks from 0 candidate containers.
2023-04-15 16:31:54,646 [BlockDeletingService#2] INFO  interfaces.ContainerDeletionChoosingPolicyTemplate (ContainerDeletionChoosingPolicyTemplate.java:chooseContainerForBlockDeletion(83)) - Chosen 0/5000 blocks from 0 candidate containers.
2023-04-15 16:31:54,745 [BlockDeletingService#1] INFO  interfaces.ContainerDeletionChoosingPolicyTemplate (ContainerDeletionChoosingPolicyTemplate.java:chooseContainerForBlockDeletion(83)) - Chosen 0/5000 blocks from 0 candidate containers.
2023-04-15 16:31:54,746 [BlockDeletingService#2] INFO  interfaces.ContainerDeletionChoosingPolicyTemplate (ContainerDeletionChoosingPolicyTemplate.java:chooseContainerForBlockDeletion(83)) - Chosen 0/5000 blocks from 0 candidate containers.
2023-04-15 16:31:54,746 [BlockDeletingService#2] INFO  interfaces.ContainerDeletionChoosingPolicyTemplate (ContainerDeletionChoosingPolicyTemplate.java:chooseContainerForBlockDeletion(83)) - Chosen 0/5000 blocks from 0 candidate containers.
2023-04-15 16:31:54,759 [Listener at 127.0.0.1/45033] INFO  lib.Interns (Interns.java:removeEldestEntry(50)) - Metrics intern cache overflow at 2011 for MetricsSystem={MetricsSystem=MetricsInfoImpl{name=MetricsSystem, description=MetricsSystem}, MetricsSystem record=MetricsInfoImpl{name=MetricsSystem, description=MetricsSystem record}}
2023-04-15 16:31:54,766 [Listener at 127.0.0.1/45033] INFO  volume.HddsVolume (HddsVolume.java:closeDbStore(437)) - SchemaV3 db is stopped at /home/runner/work/ozone/ozone/hadoop-ozone/integration-test/target/test-dir/MiniOzoneClusterImpl-2bdca630-b48d-4c68-bd92-e4e835129ebb/datanode-2/data-0/containers/hdds/2bdca630-b48d-4c68-bd92-e4e835129ebb/DS-5b6419eb-83fe-4296-8f62-601b5ce26617/container.db for volume DS-5b6419eb-83fe-4296-8f62-601b5ce26617
2023-04-15 16:31:54,766 [Listener at 127.0.0.1/45033] INFO  utils.BackgroundService (BackgroundService.java:shutdown(141)) - Shutting down service BlockDeletingService
2023-04-15 16:31:54,767 [Listener at 127.0.0.1/45033] INFO  utils.BackgroundService (BackgroundService.java:shutdown(141)) - Shutting down service StaleRecoveringContainerScrubbingService
2023-04-15 16:31:54,769 [Listener at 127.0.0.1/45033] INFO  statemachine.DatanodeStateMachine (DatanodeStateMachine.java:stopDaemon(601)) - Ozone container server stopped.
2023-04-15 16:31:54,791 [Listener at 127.0.0.1/45033] INFO  handler.ContextHandler (ContextHandler.java:doStop(1159)) - Stopped o.e.j.w.WebAppContext@6811a128{hddsDatanode,/,null,STOPPED}{jar:file:/home/runner/.m2/repository/org/apache/ozone/hdds-container-service/1.4.0-SNAPSHOT/hdds-container-service-1.4.0-SNAPSHOT.jar!/webapps/hddsDatanode}
2023-04-15 16:31:54,796 [Listener at 127.0.0.1/45033] INFO  server.AbstractConnector (AbstractConnector.java:doStop(383)) - Stopped ServerConnector@559100ea{HTTP/1.1, (http/1.1)}{0.0.0.0:0}
2023-04-15 16:31:54,796 [Listener at 127.0.0.1/45033] INFO  server.session (HouseKeeper.java:stopScavenging(149)) - node0 Stopped scavenging
2023-04-15 16:31:54,796 [Listener at 127.0.0.1/45033] INFO  handler.ContextHandler (ContextHandler.java:doStop(1159)) - Stopped o.e.j.s.ServletContextHandler@5d9dcca0{static,/static,jar:file:/home/runner/.m2/repository/org/apache/ozone/hdds-container-service/1.4.0-SNAPSHOT/hdds-container-service-1.4.0-SNAPSHOT.jar!/webapps/static,STOPPED}
2023-04-15 16:31:54,797 [Listener at 127.0.0.1/45033] INFO  handler.ContextHandler (ContextHandler.java:doStop(1159)) - Stopped o.e.j.s.ServletContextHandler@612070f5{logs,/logs,file:///home/runner/work/ozone/ozone/hadoop-ozone/integration-test/target/log,STOPPED}
2023-04-15 16:31:54,845 [BlockDeletingService#1] INFO  interfaces.ContainerDeletionChoosingPolicyTemplate (ContainerDeletionChoosingPolicyTemplate.java:chooseContainerForBlockDeletion(83)) - Chosen 0/5000 blocks from 0 candidate containers.
2023-04-15 16:31:54,846 [BlockDeletingService#2] INFO  interfaces.ContainerDeletionChoosingPolicyTemplate (ContainerDeletionChoosingPolicyTemplate.java:chooseContainerForBlockDeletion(83)) - Chosen 0/5000 blocks from 0 candidate containers.
2023-04-15 16:31:54,946 [BlockDeletingService#1] INFO  interfaces.ContainerDeletionChoosingPolicyTemplate (ContainerDeletionChoosingPolicyTemplate.java:chooseContainerForBlockDeletion(83)) - Chosen 0/5000 blocks from 0 candidate containers.
2023-04-15 16:31:54,946 [BlockDeletingService#2] INFO  interfaces.ContainerDeletionChoosingPolicyTemplate (ContainerDeletionChoosingPolicyTemplate.java:chooseContainerForBlockDeletion(83)) - Chosen 0/5000 blocks from 0 candidate containers.
2023-04-15 16:31:54,973 [grpc-default-executor-2] WARN  server.GrpcLogAppender (LogUtils.java:warn(122)) - 30c0a845-a217-4f15-8bab-f33012bc7910@group-F40867945940->f16a70e5-fe04-4d06-9179-25c3ad8a94bb-AppendLogResponseHandler: Failed appendEntries: org.apache.ratis.thirdparty.io.grpc.StatusRuntimeException: UNAVAILABLE: io exception
2023-04-15 16:31:54,973 [grpc-default-executor-3] WARN  server.GrpcLogAppender (LogUtils.java:warn(122)) - 30c0a845-a217-4f15-8bab-f33012bc7910@group-F40867945940->f16a70e5-fe04-4d06-9179-25c3ad8a94bb-AppendLogResponseHandler: Failed appendEntries: org.apache.ratis.thirdparty.io.grpc.StatusRuntimeException: UNAVAILABLE: io exception
2023-04-15 16:31:54,974 [grpc-default-executor-2] WARN  server.GrpcLogAppender (GrpcLogAppender.java:resetClient(131)) - 30c0a845-a217-4f15-8bab-f33012bc7910@group-F40867945940->f16a70e5-fe04-4d06-9179-25c3ad8a94bb-GrpcLogAppender: Leader has not got in touch with Follower 30c0a845-a217-4f15-8bab-f33012bc7910@group-F40867945940->f16a70e5-fe04-4d06-9179-25c3ad8a94bb(c-1,m0,n2, attendVote=true, lastRpcSendTime=660, lastRpcResponseTime=3176) yet, just keep nextIndex unchanged and retry.
2023-04-15 16:31:54,981 [grpc-default-executor-3] WARN  server.GrpcLogAppender (GrpcLogAppender.java:resetClient(131)) - 30c0a845-a217-4f15-8bab-f33012bc7910@group-F40867945940->f16a70e5-fe04-4d06-9179-25c3ad8a94bb-GrpcLogAppender: Leader has not got in touch with Follower 30c0a845-a217-4f15-8bab-f33012bc7910@group-F40867945940->f16a70e5-fe04-4d06-9179-25c3ad8a94bb(c-1,m0,n2, attendVote=true, lastRpcSendTime=667, lastRpcResponseTime=3183) yet, just keep nextIndex unchanged and retry.
2023-04-15 16:31:54,994 [grpc-default-executor-2] WARN  server.GrpcLogAppender (LogUtils.java:warn(122)) - 30c0a845-a217-4f15-8bab-f33012bc7910@group-F40867945940->f16a70e5-fe04-4d06-9179-25c3ad8a94bb-AppendLogResponseHandler: Failed appendEntries: org.apache.ratis.thirdparty.io.grpc.StatusRuntimeException: UNAVAILABLE: io exception
2023-04-15 16:31:54,994 [grpc-default-executor-2] WARN  server.GrpcLogAppender (GrpcLogAppender.java:resetClient(131)) - 30c0a845-a217-4f15-8bab-f33012bc7910@group-F40867945940->f16a70e5-fe04-4d06-9179-25c3ad8a94bb-GrpcLogAppender: Leader has not got in touch with Follower 30c0a845-a217-4f15-8bab-f33012bc7910@group-F40867945940->f16a70e5-fe04-4d06-9179-25c3ad8a94bb(c-1,m0,n3, attendVote=true, lastRpcSendTime=1, lastRpcResponseTime=3197) yet, just keep nextIndex unchanged and retry.
2023-04-15 16:31:55,010 [grpc-default-executor-3] WARN  server.GrpcLogAppender (LogUtils.java:warn(122)) - 30c0a845-a217-4f15-8bab-f33012bc7910@group-F40867945940->f16a70e5-fe04-4d06-9179-25c3ad8a94bb-AppendLogResponseHandler: Failed appendEntries: org.apache.ratis.thirdparty.io.grpc.StatusRuntimeException: UNAVAILABLE: io exception
2023-04-15 16:31:55,011 [grpc-default-executor-3] WARN  server.GrpcLogAppender (GrpcLogAppender.java:resetClient(131)) - 30c0a845-a217-4f15-8bab-f33012bc7910@group-F40867945940->f16a70e5-fe04-4d06-9179-25c3ad8a94bb-GrpcLogAppender: Leader has not got in touch with Follower 30c0a845-a217-4f15-8bab-f33012bc7910@group-F40867945940->f16a70e5-fe04-4d06-9179-25c3ad8a94bb(c-1,m0,n3, attendVote=true, lastRpcSendTime=17, lastRpcResponseTime=3213) yet, just keep nextIndex unchanged and retry.
2023-04-15 16:31:55,046 [BlockDeletingService#2] INFO  interfaces.ContainerDeletionChoosingPolicyTemplate (ContainerDeletionChoosingPolicyTemplate.java:chooseContainerForBlockDeletion(83)) - Chosen 0/5000 blocks from 0 candidate containers.
2023-04-15 16:31:55,048 [BlockDeletingService#1] INFO  interfaces.ContainerDeletionChoosingPolicyTemplate (ContainerDeletionChoosingPolicyTemplate.java:chooseContainerForBlockDeletion(83)) - Chosen 0/5000 blocks from 0 candidate containers.
2023-04-15 16:31:55,091 [grpc-default-executor-2] WARN  server.GrpcLogAppender (LogUtils.java:warn(122)) - 30c0a845-a217-4f15-8bab-f33012bc7910@group-F40867945940->f16a70e5-fe04-4d06-9179-25c3ad8a94bb-AppendLogResponseHandler: Failed appendEntries: org.apache.ratis.thirdparty.io.grpc.StatusRuntimeException: UNAVAILABLE: io exception
2023-04-15 16:31:55,092 [grpc-default-executor-2] WARN  server.GrpcLogAppender (GrpcLogAppender.java:resetClient(131)) - 30c0a845-a217-4f15-8bab-f33012bc7910@group-F40867945940->f16a70e5-fe04-4d06-9179-25c3ad8a94bb-GrpcLogAppender: Leader has not got in touch with Follower 30c0a845-a217-4f15-8bab-f33012bc7910@group-F40867945940->f16a70e5-fe04-4d06-9179-25c3ad8a94bb(c-1,m0,n4, attendVote=true, lastRpcSendTime=1, lastRpcResponseTime=3294) yet, just keep nextIndex unchanged and retry.
2023-04-15 16:31:55,092 [grpc-default-executor-3] WARN  server.GrpcLogAppender (LogUtils.java:warn(122)) - 30c0a845-a217-4f15-8bab-f33012bc7910@group-F40867945940->f16a70e5-fe04-4d06-9179-25c3ad8a94bb-AppendLogResponseHandler: Failed appendEntries: org.apache.ratis.thirdparty.io.grpc.StatusRuntimeException: UNAVAILABLE: io exception
2023-04-15 16:31:55,092 [grpc-default-executor-3] WARN  server.GrpcLogAppender (GrpcLogAppender.java:resetClient(131)) - 30c0a845-a217-4f15-8bab-f33012bc7910@group-F40867945940->f16a70e5-fe04-4d06-9179-25c3ad8a94bb-GrpcLogAppender: Leader has not got in touch with Follower 30c0a845-a217-4f15-8bab-f33012bc7910@group-F40867945940->f16a70e5-fe04-4d06-9179-25c3ad8a94bb(c-1,m0,n4, attendVote=true, lastRpcSendTime=1, lastRpcResponseTime=3295) yet, just keep nextIndex unchanged and retry.
2023-04-15 16:31:55,097 [grpc-default-executor-3] WARN  server.GrpcLogAppender (LogUtils.java:warn(122)) - 30c0a845-a217-4f15-8bab-f33012bc7910@group-F40867945940->f16a70e5-fe04-4d06-9179-25c3ad8a94bb-AppendLogResponseHandler: Failed appendEntries: org.apache.ratis.thirdparty.io.grpc.StatusRuntimeException: UNAVAILABLE: io exception
2023-04-15 16:31:55,098 [grpc-default-executor-2] WARN  server.GrpcLogAppender (LogUtils.java:warn(122)) - 30c0a845-a217-4f15-8bab-f33012bc7910@group-F40867945940->f16a70e5-fe04-4d06-9179-25c3ad8a94bb-AppendLogResponseHandler: Failed appendEntries: org.apache.ratis.thirdparty.io.grpc.StatusRuntimeException: UNAVAILABLE: io exception
2023-04-15 16:31:55,098 [grpc-default-executor-3] WARN  server.GrpcLogAppender (GrpcLogAppender.java:resetClient(131)) - 30c0a845-a217-4f15-8bab-f33012bc7910@group-F40867945940->f16a70e5-fe04-4d06-9179-25c3ad8a94bb-GrpcLogAppender: Leader has not got in touch with Follower 30c0a845-a217-4f15-8bab-f33012bc7910@group-F40867945940->f16a70e5-fe04-4d06-9179-25c3ad8a94bb(c-1,m0,n5, attendVote=true, lastRpcSendTime=1, lastRpcResponseTime=3300) yet, just keep nextIndex unchanged and retry.
2023-04-15 16:31:55,098 [grpc-default-executor-2] WARN  server.GrpcLogAppender (GrpcLogAppender.java:resetClient(131)) - 30c0a845-a217-4f15-8bab-f33012bc7910@group-F40867945940->f16a70e5-fe04-4d06-9179-25c3ad8a94bb-GrpcLogAppender: Leader has not got in touch with Follower 30c0a845-a217-4f15-8bab-f33012bc7910@group-F40867945940->f16a70e5-fe04-4d06-9179-25c3ad8a94bb(c-1,m0,n5, attendVote=true, lastRpcSendTime=0, lastRpcResponseTime=3300) yet, just keep nextIndex unchanged and retry.
2023-04-15 16:31:55,118 [grpc-default-executor-5] WARN  server.GrpcLogAppender (LogUtils.java:warn(122)) - 30c0a845-a217-4f15-8bab-f33012bc7910@group-F40867945940->f16a70e5-fe04-4d06-9179-25c3ad8a94bb-AppendLogResponseHandler: Failed appendEntries: org.apache.ratis.thirdparty.io.grpc.StatusRuntimeException: UNAVAILABLE: io exception
2023-04-15 16:31:55,119 [grpc-default-executor-5] WARN  server.GrpcLogAppender (GrpcLogAppender.java:resetClient(131)) - 30c0a845-a217-4f15-8bab-f33012bc7910@group-F40867945940->f16a70e5-fe04-4d06-9179-25c3ad8a94bb-GrpcLogAppender: Leader has not got in touch with Follower 30c0a845-a217-4f15-8bab-f33012bc7910@group-F40867945940->f16a70e5-fe04-4d06-9179-25c3ad8a94bb(c-1,m0,n5, attendVote=true, lastRpcSendTime=20, lastRpcResponseTime=3321) yet, just keep nextIndex unchanged and retry.
2023-04-15 16:31:55,120 [grpc-default-executor-5] WARN  server.GrpcLogAppender (LogUtils.java:warn(122)) - 30c0a845-a217-4f15-8bab-f33012bc7910@group-F40867945940->f16a70e5-fe04-4d06-9179-25c3ad8a94bb-AppendLogResponseHandler: Failed appendEntries: org.apache.ratis.thirdparty.io.grpc.StatusRuntimeException: UNAVAILABLE: io exception
2023-04-15 16:31:55,120 [grpc-default-executor-5] WARN  server.GrpcLogAppender (GrpcLogAppender.java:resetClient(131)) - 30c0a845-a217-4f15-8bab-f33012bc7910@group-F40867945940->f16a70e5-fe04-4d06-9179-25c3ad8a94bb-GrpcLogAppender: Leader has not got in touch with Follower 30c0a845-a217-4f15-8bab-f33012bc7910@group-F40867945940->f16a70e5-fe04-4d06-9179-25c3ad8a94bb(c-1,m0,n5, attendVote=true, lastRpcSendTime=21, lastRpcResponseTime=3322) yet, just keep nextIndex unchanged and retry.
2023-04-15 16:31:55,156 [BlockDeletingService#2] INFO  interfaces.ContainerDeletionChoosingPolicyTemplate (ContainerDeletionChoosingPolicyTemplate.java:chooseContainerForBlockDeletion(83)) - Chosen 0/5000 blocks from 0 candidate containers.
2023-04-15 16:31:55,156 [BlockDeletingService#1] INFO  interfaces.ContainerDeletionChoosingPolicyTemplate (ContainerDeletionChoosingPolicyTemplate.java:chooseContainerForBlockDeletion(83)) - Chosen 0/5000 blocks from 0 candidate containers.
2023-04-15 16:31:55,256 [BlockDeletingService#2] INFO  interfaces.ContainerDeletionChoosingPolicyTemplate (ContainerDeletionChoosingPolicyTemplate.java:chooseContainerForBlockDeletion(83)) - Chosen 0/5000 blocks from 0 candidate containers.
2023-04-15 16:31:55,256 [BlockDeletingService#1] INFO  interfaces.ContainerDeletionChoosingPolicyTemplate (ContainerDeletionChoosingPolicyTemplate.java:chooseContainerForBlockDeletion(83)) - Chosen 0/5000 blocks from 0 candidate containers.
2023-04-15 16:31:55,356 [BlockDeletingService#2] INFO  interfaces.ContainerDeletionChoosingPolicyTemplate (ContainerDeletionChoosingPolicyTemplate.java:chooseContainerForBlockDeletion(83)) - Chosen 0/5000 blocks from 0 candidate containers.
2023-04-15 16:31:55,356 [BlockDeletingService#1] INFO  interfaces.ContainerDeletionChoosingPolicyTemplate (ContainerDeletionChoosingPolicyTemplate.java:chooseContainerForBlockDeletion(83)) - Chosen 0/5000 blocks from 0 candidate containers.
2023-04-15 16:31:55,456 [BlockDeletingService#2] INFO  interfaces.ContainerDeletionChoosingPolicyTemplate (ContainerDeletionChoosingPolicyTemplate.java:chooseContainerForBlockDeletion(83)) - Chosen 0/5000 blocks from 0 candidate containers.
2023-04-15 16:31:55,456 [BlockDeletingService#1] INFO  interfaces.ContainerDeletionChoosingPolicyTemplate (ContainerDeletionChoosingPolicyTemplate.java:chooseContainerForBlockDeletion(83)) - Chosen 0/5000 blocks from 0 candidate containers.
2023-04-15 16:31:55,556 [BlockDeletingService#2] INFO  interfaces.ContainerDeletionChoosingPolicyTemplate (ContainerDeletionChoosingPolicyTemplate.java:chooseContainerForBlockDeletion(83)) - Chosen 0/5000 blocks from 0 candidate containers.
2023-04-15 16:31:55,557 [BlockDeletingService#1] INFO  interfaces.ContainerDeletionChoosingPolicyTemplate (ContainerDeletionChoosingPolicyTemplate.java:chooseContainerForBlockDeletion(83)) - Chosen 0/5000 blocks from 0 candidate containers.
2023-04-15 16:31:55,657 [BlockDeletingService#2] INFO  interfaces.ContainerDeletionChoosingPolicyTemplate (ContainerDeletionChoosingPolicyTemplate.java:chooseContainerForBlockDeletion(83)) - Chosen 0/5000 blocks from 0 candidate containers.
2023-04-15 16:31:55,668 [BlockDeletingService#1] INFO  interfaces.ContainerDeletionChoosingPolicyTemplate (ContainerDeletionChoosingPolicyTemplate.java:chooseContainerForBlockDeletion(83)) - Chosen 0/5000 blocks from 0 candidate containers.
2023-04-15 16:31:55,768 [BlockDeletingService#2] INFO  interfaces.ContainerDeletionChoosingPolicyTemplate (ContainerDeletionChoosingPolicyTemplate.java:chooseContainerForBlockDeletion(83)) - Chosen 0/5000 blocks from 0 candidate containers.
2023-04-15 16:31:55,768 [BlockDeletingService#1] INFO  interfaces.ContainerDeletionChoosingPolicyTemplate (ContainerDeletionChoosingPolicyTemplate.java:chooseContainerForBlockDeletion(83)) - Chosen 0/5000 blocks from 0 candidate containers.
2023-04-15 16:31:55,868 [BlockDeletingService#2] INFO  interfaces.ContainerDeletionChoosingPolicyTemplate (ContainerDeletionChoosingPolicyTemplate.java:chooseContainerForBlockDeletion(83)) - Chosen 0/5000 blocks from 0 candidate containers.
2023-04-15 16:31:55,868 [BlockDeletingService#1] INFO  interfaces.ContainerDeletionChoosingPolicyTemplate (ContainerDeletionChoosingPolicyTemplate.java:chooseContainerForBlockDeletion(83)) - Chosen 0/5000 blocks from 0 candidate containers.
2023-04-15 16:31:55,969 [BlockDeletingService#8] INFO  interfaces.ContainerDeletionChoosingPolicyTemplate (ContainerDeletionChoosingPolicyTemplate.java:chooseContainerForBlockDeletion(83)) - Chosen 0/5000 blocks from 0 candidate containers.
2023-04-15 16:31:55,969 [BlockDeletingService#1] INFO  interfaces.ContainerDeletionChoosingPolicyTemplate (ContainerDeletionChoosingPolicyTemplate.java:chooseContainerForBlockDeletion(83)) - Chosen 0/5000 blocks from 0 candidate containers.
2023-04-15 16:31:56,069 [BlockDeletingService#8] INFO  interfaces.ContainerDeletionChoosingPolicyTemplate (ContainerDeletionChoosingPolicyTemplate.java:chooseContainerForBlockDeletion(83)) - Chosen 0/5000 blocks from 0 candidate containers.
2023-04-15 16:31:56,069 [BlockDeletingService#1] INFO  interfaces.ContainerDeletionChoosingPolicyTemplate (ContainerDeletionChoosingPolicyTemplate.java:chooseContainerForBlockDeletion(83)) - Chosen 0/5000 blocks from 0 candidate containers.
2023-04-15 16:31:56,169 [BlockDeletingService#8] INFO  interfaces.ContainerDeletionChoosingPolicyTemplate (ContainerDeletionChoosingPolicyTemplate.java:chooseContainerForBlockDeletion(83)) - Chosen 0/5000 blocks from 0 candidate containers.
2023-04-15 16:31:56,169 [BlockDeletingService#1] INFO  interfaces.ContainerDeletionChoosingPolicyTemplate (ContainerDeletionChoosingPolicyTemplate.java:chooseContainerForBlockDeletion(83)) - Chosen 0/5000 blocks from 0 candidate containers.
2023-04-15 16:31:56,269 [BlockDeletingService#8] INFO  interfaces.ContainerDeletionChoosingPolicyTemplate (ContainerDeletionChoosingPolicyTemplate.java:chooseContainerForBlockDeletion(83)) - Chosen 0/5000 blocks from 0 candidate containers.
2023-04-15 16:31:56,269 [BlockDeletingService#1] INFO  interfaces.ContainerDeletionChoosingPolicyTemplate (ContainerDeletionChoosingPolicyTemplate.java:chooseContainerForBlockDeletion(83)) - Chosen 0/5000 blocks from 0 candidate containers.
2023-04-15 16:31:56,349 [grpc-default-executor-1] WARN  server.GrpcLogAppender (LogUtils.java:warn(122)) - 30c0a845-a217-4f15-8bab-f33012bc7910@group-F40867945940->f16a70e5-fe04-4d06-9179-25c3ad8a94bb-AppendLogResponseHandler: Failed appendEntries: org.apache.ratis.thirdparty.io.grpc.StatusRuntimeException: UNAVAILABLE: io exception
2023-04-15 16:31:56,349 [grpc-default-executor-5] WARN  server.GrpcLogAppender (LogUtils.java:warn(122)) - 30c0a845-a217-4f15-8bab-f33012bc7910@group-F40867945940->f16a70e5-fe04-4d06-9179-25c3ad8a94bb-AppendLogResponseHandler: Failed appendEntries: org.apache.ratis.thirdparty.io.grpc.StatusRuntimeException: UNAVAILABLE: io exception
2023-04-15 16:31:56,350 [grpc-default-executor-1] WARN  server.GrpcLogAppender (GrpcLogAppender.java:resetClient(131)) - 30c0a845-a217-4f15-8bab-f33012bc7910@group-F40867945940->f16a70e5-fe04-4d06-9179-25c3ad8a94bb-GrpcLogAppender: Leader has not got in touch with Follower 30c0a845-a217-4f15-8bab-f33012bc7910@group-F40867945940->f16a70e5-fe04-4d06-9179-25c3ad8a94bb(c-1,m0,n5, attendVote=true, lastRpcSendTime=1, lastRpcResponseTime=4552) yet, just keep nextIndex unchanged and retry.
2023-04-15 16:31:56,352 [grpc-default-executor-5] WARN  server.GrpcLogAppender (GrpcLogAppender.java:resetClient(131)) - 30c0a845-a217-4f15-8bab-f33012bc7910@group-F40867945940->f16a70e5-fe04-4d06-9179-25c3ad8a94bb-GrpcLogAppender: Leader has not got in touch with Follower 30c0a845-a217-4f15-8bab-f33012bc7910@group-F40867945940->f16a70e5-fe04-4d06-9179-25c3ad8a94bb(c-1,m0,n5, attendVote=true, lastRpcSendTime=2, lastRpcResponseTime=4554) yet, just keep nextIndex unchanged and retry.
2023-04-15 16:31:56,370 [BlockDeletingService#8] INFO  interfaces.ContainerDeletionChoosingPolicyTemplate (ContainerDeletionChoosingPolicyTemplate.java:chooseContainerForBlockDeletion(83)) - Chosen 0/5000 blocks from 0 candidate containers.
2023-04-15 16:31:56,370 [BlockDeletingService#1] INFO  interfaces.ContainerDeletionChoosingPolicyTemplate (ContainerDeletionChoosingPolicyTemplate.java:chooseContainerForBlockDeletion(83)) - Chosen 0/5000 blocks from 0 candidate containers.
2023-04-15 16:31:56,470 [BlockDeletingService#8] INFO  interfaces.ContainerDeletionChoosingPolicyTemplate (ContainerDeletionChoosingPolicyTemplate.java:chooseContainerForBlockDeletion(83)) - Chosen 0/5000 blocks from 0 candidate containers.
2023-04-15 16:31:56,470 [BlockDeletingService#1] INFO  interfaces.ContainerDeletionChoosingPolicyTemplate (ContainerDeletionChoosingPolicyTemplate.java:chooseContainerForBlockDeletion(83)) - Chosen 0/5000 blocks from 0 candidate containers.
2023-04-15 16:31:56,570 [BlockDeletingService#8] INFO  interfaces.ContainerDeletionChoosingPolicyTemplate (ContainerDeletionChoosingPolicyTemplate.java:chooseContainerForBlockDeletion(83)) - Chosen 0/5000 blocks from 0 candidate containers.
2023-04-15 16:31:56,570 [BlockDeletingService#1] INFO  interfaces.ContainerDeletionChoosingPolicyTemplate (ContainerDeletionChoosingPolicyTemplate.java:chooseContainerForBlockDeletion(83)) - Chosen 0/5000 blocks from 0 candidate containers.
2023-04-15 16:31:56,670 [BlockDeletingService#8] INFO  interfaces.ContainerDeletionChoosingPolicyTemplate (ContainerDeletionChoosingPolicyTemplate.java:chooseContainerForBlockDeletion(83)) - Chosen 0/5000 blocks from 0 candidate containers.
2023-04-15 16:31:56,670 [BlockDeletingService#1] INFO  interfaces.ContainerDeletionChoosingPolicyTemplate (ContainerDeletionChoosingPolicyTemplate.java:chooseContainerForBlockDeletion(83)) - Chosen 0/5000 blocks from 0 candidate containers.
2023-04-15 16:31:56,771 [BlockDeletingService#8] INFO  interfaces.ContainerDeletionChoosingPolicyTemplate (ContainerDeletionChoosingPolicyTemplate.java:chooseContainerForBlockDeletion(83)) - Chosen 0/5000 blocks from 0 candidate containers.
2023-04-15 16:31:56,771 [BlockDeletingService#1] INFO  interfaces.ContainerDeletionChoosingPolicyTemplate (ContainerDeletionChoosingPolicyTemplate.java:chooseContainerForBlockDeletion(83)) - Chosen 0/5000 blocks from 0 candidate containers.
2023-04-15 16:31:56,871 [BlockDeletingService#8] INFO  interfaces.ContainerDeletionChoosingPolicyTemplate (ContainerDeletionChoosingPolicyTemplate.java:chooseContainerForBlockDeletion(83)) - Chosen 0/5000 blocks from 0 candidate containers.
2023-04-15 16:31:56,871 [BlockDeletingService#1] INFO  interfaces.ContainerDeletionChoosingPolicyTemplate (ContainerDeletionChoosingPolicyTemplate.java:chooseContainerForBlockDeletion(83)) - Chosen 0/5000 blocks from 0 candidate containers.
2023-04-15 16:31:56,971 [BlockDeletingService#8] INFO  interfaces.ContainerDeletionChoosingPolicyTemplate (ContainerDeletionChoosingPolicyTemplate.java:chooseContainerForBlockDeletion(83)) - Chosen 0/5000 blocks from 0 candidate containers.
2023-04-15 16:31:56,971 [BlockDeletingService#1] INFO  interfaces.ContainerDeletionChoosingPolicyTemplate (ContainerDeletionChoosingPolicyTemplate.java:chooseContainerForBlockDeletion(83)) - Chosen 0/5000 blocks from 0 candidate containers.
2023-04-15 16:31:57,071 [BlockDeletingService#8] INFO  interfaces.ContainerDeletionChoosingPolicyTemplate (ContainerDeletionChoosingPolicyTemplate.java:chooseContainerForBlockDeletion(83)) - Chosen 0/5000 blocks from 0 candidate containers.
2023-04-15 16:31:57,071 [BlockDeletingService#1] INFO  interfaces.ContainerDeletionChoosingPolicyTemplate (ContainerDeletionChoosingPolicyTemplate.java:chooseContainerForBlockDeletion(83)) - Chosen 0/5000 blocks from 0 candidate containers.
2023-04-15 16:31:57,172 [BlockDeletingService#8] INFO  interfaces.ContainerDeletionChoosingPolicyTemplate (ContainerDeletionChoosingPolicyTemplate.java:chooseContainerForBlockDeletion(83)) - Chosen 0/5000 blocks from 0 candidate containers.
2023-04-15 16:31:57,172 [BlockDeletingService#1] INFO  interfaces.ContainerDeletionChoosingPolicyTemplate (ContainerDeletionChoosingPolicyTemplate.java:chooseContainerForBlockDeletion(83)) - Chosen 0/5000 blocks from 0 candidate containers.
2023-04-15 16:31:57,272 [BlockDeletingService#8] INFO  interfaces.ContainerDeletionChoosingPolicyTemplate (ContainerDeletionChoosingPolicyTemplate.java:chooseContainerForBlockDeletion(83)) - Chosen 0/5000 blocks from 0 candidate containers.
2023-04-15 16:31:57,272 [BlockDeletingService#1] INFO  interfaces.ContainerDeletionChoosingPolicyTemplate (ContainerDeletionChoosingPolicyTemplate.java:chooseContainerForBlockDeletion(83)) - Chosen 0/5000 blocks from 0 candidate containers.
2023-04-15 16:31:57,372 [BlockDeletingService#8] INFO  interfaces.ContainerDeletionChoosingPolicyTemplate (ContainerDeletionChoosingPolicyTemplate.java:chooseContainerForBlockDeletion(83)) - Chosen 0/5000 blocks from 0 candidate containers.
2023-04-15 16:31:57,372 [BlockDeletingService#1] INFO  interfaces.ContainerDeletionChoosingPolicyTemplate (ContainerDeletionChoosingPolicyTemplate.java:chooseContainerForBlockDeletion(83)) - Chosen 0/5000 blocks from 0 candidate containers.
2023-04-15 16:31:57,472 [BlockDeletingService#8] INFO  interfaces.ContainerDeletionChoosingPolicyTemplate (ContainerDeletionChoosingPolicyTemplate.java:chooseContainerForBlockDeletion(83)) - Chosen 0/5000 blocks from 0 candidate containers.
2023-04-15 16:31:57,472 [BlockDeletingService#1] INFO  interfaces.ContainerDeletionChoosingPolicyTemplate (ContainerDeletionChoosingPolicyTemplate.java:chooseContainerForBlockDeletion(83)) - Chosen 0/5000 blocks from 0 candidate containers.
2023-04-15 16:31:57,573 [BlockDeletingService#8] INFO  interfaces.ContainerDeletionChoosingPolicyTemplate (ContainerDeletionChoosingPolicyTemplate.java:chooseContainerForBlockDeletion(83)) - Chosen 0/5000 blocks from 0 candidate containers.
2023-04-15 16:31:57,573 [BlockDeletingService#1] INFO  interfaces.ContainerDeletionChoosingPolicyTemplate (ContainerDeletionChoosingPolicyTemplate.java:chooseContainerForBlockDeletion(83)) - Chosen 0/5000 blocks from 0 candidate containers.
2023-04-15 16:31:57,599 [grpc-default-executor-5] WARN  server.GrpcLogAppender (LogUtils.java:warn(122)) - 30c0a845-a217-4f15-8bab-f33012bc7910@group-F40867945940->f16a70e5-fe04-4d06-9179-25c3ad8a94bb-AppendLogResponseHandler: Failed appendEntries: org.apache.ratis.thirdparty.io.grpc.StatusRuntimeException: UNAVAILABLE: io exception
2023-04-15 16:31:57,600 [grpc-default-executor-5] WARN  server.GrpcLogAppender (GrpcLogAppender.java:resetClient(131)) - 30c0a845-a217-4f15-8bab-f33012bc7910@group-F40867945940->f16a70e5-fe04-4d06-9179-25c3ad8a94bb-GrpcLogAppender: Leader has not got in touch with Follower 30c0a845-a217-4f15-8bab-f33012bc7910@group-F40867945940->f16a70e5-fe04-4d06-9179-25c3ad8a94bb(c-1,m0,n5, attendVote=true, lastRpcSendTime=0, lastRpcResponseTime=5802) yet, just keep nextIndex unchanged and retry.
2023-04-15 16:31:57,599 [grpc-default-executor-1] WARN  server.GrpcLogAppender (LogUtils.java:warn(122)) - 30c0a845-a217-4f15-8bab-f33012bc7910@group-F40867945940->f16a70e5-fe04-4d06-9179-25c3ad8a94bb-AppendLogResponseHandler: Failed appendEntries: org.apache.ratis.thirdparty.io.grpc.StatusRuntimeException: UNAVAILABLE: io exception
2023-04-15 16:31:57,602 [grpc-default-executor-1] WARN  server.GrpcLogAppender (GrpcLogAppender.java:resetClient(131)) - 30c0a845-a217-4f15-8bab-f33012bc7910@group-F40867945940->f16a70e5-fe04-4d06-9179-25c3ad8a94bb-GrpcLogAppender: Leader has not got in touch with Follower 30c0a845-a217-4f15-8bab-f33012bc7910@group-F40867945940->f16a70e5-fe04-4d06-9179-25c3ad8a94bb(c-1,m0,n5, attendVote=true, lastRpcSendTime=2, lastRpcResponseTime=5804) yet, just keep nextIndex unchanged and retry.
2023-04-15 16:31:57,673 [BlockDeletingService#8] INFO  interfaces.ContainerDeletionChoosingPolicyTemplate (ContainerDeletionChoosingPolicyTemplate.java:chooseContainerForBlockDeletion(83)) - Chosen 0/5000 blocks from 0 candidate containers.
2023-04-15 16:31:57,673 [BlockDeletingService#1] INFO  interfaces.ContainerDeletionChoosingPolicyTemplate (ContainerDeletionChoosingPolicyTemplate.java:chooseContainerForBlockDeletion(83)) - Chosen 0/5000 blocks from 0 candidate containers.
2023-04-15 16:31:57,773 [BlockDeletingService#8] INFO  interfaces.ContainerDeletionChoosingPolicyTemplate (ContainerDeletionChoosingPolicyTemplate.java:chooseContainerForBlockDeletion(83)) - Chosen 0/5000 blocks from 0 candidate containers.
2023-04-15 16:31:57,773 [BlockDeletingService#1] INFO  interfaces.ContainerDeletionChoosingPolicyTemplate (ContainerDeletionChoosingPolicyTemplate.java:chooseContainerForBlockDeletion(83)) - Chosen 0/5000 blocks from 0 candidate containers.
2023-04-15 16:31:57,873 [BlockDeletingService#8] INFO  interfaces.ContainerDeletionChoosingPolicyTemplate (ContainerDeletionChoosingPolicyTemplate.java:chooseContainerForBlockDeletion(83)) - Chosen 0/5000 blocks from 0 candidate containers.
2023-04-15 16:31:57,873 [BlockDeletingService#1] INFO  interfaces.ContainerDeletionChoosingPolicyTemplate (ContainerDeletionChoosingPolicyTemplate.java:chooseContainerForBlockDeletion(83)) - Chosen 0/5000 blocks from 0 candidate containers.
2023-04-15 16:31:57,973 [BlockDeletingService#8] INFO  interfaces.ContainerDeletionChoosingPolicyTemplate (ContainerDeletionChoosingPolicyTemplate.java:chooseContainerForBlockDeletion(83)) - Chosen 0/5000 blocks from 0 candidate containers.
2023-04-15 16:31:57,974 [BlockDeletingService#1] INFO  interfaces.ContainerDeletionChoosingPolicyTemplate (ContainerDeletionChoosingPolicyTemplate.java:chooseContainerForBlockDeletion(83)) - Chosen 0/5000 blocks from 0 candidate containers.
2023-04-15 16:31:58,074 [BlockDeletingService#8] INFO  interfaces.ContainerDeletionChoosingPolicyTemplate (ContainerDeletionChoosingPolicyTemplate.java:chooseContainerForBlockDeletion(83)) - Chosen 0/5000 blocks from 0 candidate containers.
2023-04-15 16:31:58,074 [BlockDeletingService#1] INFO  interfaces.ContainerDeletionChoosingPolicyTemplate (ContainerDeletionChoosingPolicyTemplate.java:chooseContainerForBlockDeletion(83)) - Chosen 0/5000 blocks from 0 candidate containers.
2023-04-15 16:31:58,174 [BlockDeletingService#8] INFO  interfaces.ContainerDeletionChoosingPolicyTemplate (ContainerDeletionChoosingPolicyTemplate.java:chooseContainerForBlockDeletion(83)) - Chosen 0/5000 blocks from 0 candidate containers.
2023-04-15 16:31:58,174 [BlockDeletingService#1] INFO  interfaces.ContainerDeletionChoosingPolicyTemplate (ContainerDeletionChoosingPolicyTemplate.java:chooseContainerForBlockDeletion(83)) - Chosen 0/5000 blocks from 0 candidate containers.
2023-04-15 16:31:58,274 [BlockDeletingService#8] INFO  interfaces.ContainerDeletionChoosingPolicyTemplate (ContainerDeletionChoosingPolicyTemplate.java:chooseContainerForBlockDeletion(83)) - Chosen 0/5000 blocks from 0 candidate containers.
2023-04-15 16:31:58,274 [BlockDeletingService#1] INFO  interfaces.ContainerDeletionChoosingPolicyTemplate (ContainerDeletionChoosingPolicyTemplate.java:chooseContainerForBlockDeletion(83)) - Chosen 0/5000 blocks from 0 candidate containers.
2023-04-15 16:31:58,374 [BlockDeletingService#8] INFO  interfaces.ContainerDeletionChoosingPolicyTemplate (ContainerDeletionChoosingPolicyTemplate.java:chooseContainerForBlockDeletion(83)) - Chosen 0/5000 blocks from 0 candidate containers.
2023-04-15 16:31:58,375 [BlockDeletingService#1] INFO  interfaces.ContainerDeletionChoosingPolicyTemplate (ContainerDeletionChoosingPolicyTemplate.java:chooseContainerForBlockDeletion(83)) - Chosen 0/5000 blocks from 0 candidate containers.
2023-04-15 16:31:58,475 [BlockDeletingService#8] INFO  interfaces.ContainerDeletionChoosingPolicyTemplate (ContainerDeletionChoosingPolicyTemplate.java:chooseContainerForBlockDeletion(83)) - Chosen 0/5000 blocks from 0 candidate containers.
2023-04-15 16:31:58,475 [BlockDeletingService#1] INFO  interfaces.ContainerDeletionChoosingPolicyTemplate (ContainerDeletionChoosingPolicyTemplate.java:chooseContainerForBlockDeletion(83)) - Chosen 0/5000 blocks from 0 candidate containers.
2023-04-15 16:31:58,575 [BlockDeletingService#8] INFO  interfaces.ContainerDeletionChoosingPolicyTemplate (ContainerDeletionChoosingPolicyTemplate.java:chooseContainerForBlockDeletion(83)) - Chosen 0/5000 blocks from 0 candidate containers.
2023-04-15 16:31:58,575 [BlockDeletingService#1] INFO  interfaces.ContainerDeletionChoosingPolicyTemplate (ContainerDeletionChoosingPolicyTemplate.java:chooseContainerForBlockDeletion(83)) - Chosen 0/5000 blocks from 0 candidate containers.
2023-04-15 16:31:58,626 [null-request--thread1] INFO  server.GrpcClientProtocolService (GrpcClientProtocolService.java:lambda$processClientRequest$0(284)) - Failed RaftClientRequest:client-5DF3DD164FF3->30c0a845-a217-4f15-8bab-f33012bc7910@group-F40867945940, cid=7, seq=0, Watch-ALL_COMMITTED(2), Message:<EMPTY>, reply=RaftClientReply:client-5DF3DD164FF3->30c0a845-a217-4f15-8bab-f33012bc7910@group-F40867945940, cid=7, FAILED org.apache.ratis.protocol.exceptions.NotReplicatedException: Request with call Id 7 and log index 2 is not yet replicated to ALL_COMMITTED, logIndex=2, commits[30c0a845-a217-4f15-8bab-f33012bc7910:c4, 0dee40cf-0d5a-47f0-9c10-89273726be1d:c4, f16a70e5-fe04-4d06-9179-25c3ad8a94bb:c-1]
2023-04-15 16:31:58,632 [Listener at 127.0.0.1/45033] WARN  scm.XceiverClientRatis (XceiverClientRatis.java:watchForCommit(291)) - 3 way commit failed on pipeline Pipeline[ Id: 29cd338f-0255-424e-9271-f40867945940, Nodes: f16a70e5-fe04-4d06-9179-25c3ad8a94bb(fv-az202-370.ngw3kpfb2bguzbtcwuqjmbcvef.gx.internal.cloudapp.net/10.1.0.27)0dee40cf-0d5a-47f0-9c10-89273726be1d(fv-az202-370.ngw3kpfb2bguzbtcwuqjmbcvef.gx.internal.cloudapp.net/10.1.0.27)30c0a845-a217-4f15-8bab-f33012bc7910(fv-az202-370.ngw3kpfb2bguzbtcwuqjmbcvef.gx.internal.cloudapp.net/10.1.0.27), ReplicationConfig: RATIS/THREE, State:OPEN, leaderId:30c0a845-a217-4f15-8bab-f33012bc7910, CreationTimestamp2023-04-15T16:31:43.583Z[Etc/UTC]]
java.util.concurrent.ExecutionException: org.apache.ratis.protocol.exceptions.NotReplicatedException: Request with call Id 7 and log index 2 is not yet replicated to ALL_COMMITTED
	at java.util.concurrent.CompletableFuture.reportGet(CompletableFuture.java:357)
	at java.util.concurrent.CompletableFuture.get(CompletableFuture.java:1908)
	at org.apache.hadoop.hdds.scm.XceiverClientRatis.watchForCommit(XceiverClientRatis.java:285)
	at org.apache.hadoop.hdds.scm.storage.CommitWatcher.watchForCommit(CommitWatcher.java:199)
	at org.apache.hadoop.hdds.scm.storage.CommitWatcher.watchOnLastIndex(CommitWatcher.java:166)
	at org.apache.hadoop.hdds.scm.storage.RatisBlockOutputStream.sendWatchForCommit(RatisBlockOutputStream.java:106)
	at org.apache.hadoop.hdds.scm.storage.BlockOutputStream.watchForCommit(BlockOutputStream.java:417)
	at org.apache.hadoop.hdds.scm.storage.BlockOutputStream.handleFlushInternal(BlockOutputStream.java:583)
	at org.apache.hadoop.hdds.scm.storage.BlockOutputStream.handleFlush(BlockOutputStream.java:545)
	at org.apache.hadoop.hdds.scm.storage.BlockOutputStream.close(BlockOutputStream.java:596)
	at org.apache.hadoop.ozone.client.io.BlockOutputStreamEntry.close(BlockOutputStreamEntry.java:158)
	at org.apache.hadoop.ozone.client.io.KeyOutputStream.handleStreamAction(KeyOutputStream.java:525)
	at org.apache.hadoop.ozone.client.io.KeyOutputStream.handleFlushOrClose(KeyOutputStream.java:499)
	at org.apache.hadoop.ozone.client.io.KeyOutputStream.close(KeyOutputStream.java:555)
	at org.apache.hadoop.ozone.client.io.OzoneOutputStream.close(OzoneOutputStream.java:68)
	at org.apache.hadoop.ozone.client.rpc.TestDeleteWithSlowFollower.testDeleteKeyWithSlowFollower(TestDeleteWithSlowFollower.java:242)
	at sun.reflect.NativeMethodAccessorImpl.invoke0(Native Method)
	at sun.reflect.NativeMethodAccessorImpl.invoke(NativeMethodAccessorImpl.java:62)
	at sun.reflect.DelegatingMethodAccessorImpl.invoke(DelegatingMethodAccessorImpl.java:43)
	at java.lang.reflect.Method.invoke(Method.java:498)
	at org.junit.runners.model.FrameworkMethod$1.runReflectiveCall(FrameworkMethod.java:59)
	at org.junit.internal.runners.model.ReflectiveCallable.run(ReflectiveCallable.java:12)
	at org.junit.runners.model.FrameworkMethod.invokeExplosively(FrameworkMethod.java:56)
	at org.junit.internal.runners.statements.InvokeMethod.evaluate(InvokeMethod.java:17)
	at org.junit.runners.ParentRunner$3.evaluate(ParentRunner.java:306)
	at org.junit.runners.BlockJUnit4ClassRunner$1.evaluate(BlockJUnit4ClassRunner.java:100)
	at org.junit.runners.ParentRunner.runLeaf(ParentRunner.java:366)
	at org.junit.runners.BlockJUnit4ClassRunner.runChild(BlockJUnit4ClassRunner.java:103)
	at org.junit.runners.BlockJUnit4ClassRunner.runChild(BlockJUnit4ClassRunner.java:63)
	at org.junit.runners.ParentRunner$4.run(ParentRunner.java:331)
	at org.junit.runners.ParentRunner$1.schedule(ParentRunner.java:79)
	at org.junit.runners.ParentRunner.runChildren(ParentRunner.java:329)
	at org.junit.runners.ParentRunner.access$100(ParentRunner.java:66)
	at org.junit.runners.ParentRunner$2.evaluate(ParentRunner.java:293)
	at org.junit.internal.runners.statements.RunBefores.evaluate(RunBefores.java:26)
	at org.junit.internal.runners.statements.RunAfters.evaluate(RunAfters.java:27)
	at org.junit.runners.ParentRunner$3.evaluate(ParentRunner.java:306)
	at org.junit.runners.ParentRunner.run(ParentRunner.java:413)
	at org.junit.runner.JUnitCore.run(JUnitCore.java:137)
	at org.junit.runner.JUnitCore.run(JUnitCore.java:115)
	at org.junit.vintage.engine.execution.RunnerExecutor.execute(RunnerExecutor.java:42)
	at org.junit.vintage.engine.VintageTestEngine.executeAllChildren(VintageTestEngine.java:80)
	at org.junit.vintage.engine.VintageTestEngine.execute(VintageTestEngine.java:72)
	at org.junit.platform.launcher.core.EngineExecutionOrchestrator.execute(EngineExecutionOrchestrator.java:107)
	at org.junit.platform.launcher.core.EngineExecutionOrchestrator.execute(EngineExecutionOrchestrator.java:88)
	at org.junit.platform.launcher.core.EngineExecutionOrchestrator.lambda$execute$0(EngineExecutionOrchestrator.java:54)
	at org.junit.platform.launcher.core.EngineExecutionOrchestrator.withInterceptedStreams(EngineExecutionOrchestrator.java:67)
	at org.junit.platform.launcher.core.EngineExecutionOrchestrator.execute(EngineExecutionOrchestrator.java:52)
	at org.junit.platform.launcher.core.DefaultLauncher.execute(DefaultLauncher.java:114)
	at org.junit.platform.launcher.core.DefaultLauncher.execute(DefaultLauncher.java:86)
	at org.junit.platform.launcher.core.DefaultLauncherSession$DelegatingLauncher.execute(DefaultLauncherSession.java:86)
	at org.junit.platform.launcher.core.SessionPerRequestLauncher.execute(SessionPerRequestLauncher.java:53)
	at org.apache.maven.surefire.junitplatform.JUnitPlatformProvider.execute(JUnitPlatformProvider.java:188)
	at org.apache.maven.surefire.junitplatform.JUnitPlatformProvider.invokeAllTests(JUnitPlatformProvider.java:154)
	at org.apache.maven.surefire.junitplatform.JUnitPlatformProvider.invoke(JUnitPlatformProvider.java:124)
	at org.apache.maven.surefire.booter.ForkedBooter.runSuitesInProcess(ForkedBooter.java:428)
	at org.apache.maven.surefire.booter.ForkedBooter.execute(ForkedBooter.java:162)
	at org.apache.maven.surefire.booter.ForkedBooter.run(ForkedBooter.java:562)
	at org.apache.maven.surefire.booter.ForkedBooter.main(ForkedBooter.java:548)
Caused by: org.apache.ratis.protocol.exceptions.NotReplicatedException: Request with call Id 7 and log index 2 is not yet replicated to ALL_COMMITTED
	at org.apache.ratis.client.impl.ClientProtoUtils.toRaftClientReply(ClientProtoUtils.java:381)
	at org.apache.ratis.grpc.client.GrpcClientProtocolClient$AsyncStreamObservers$1.onNext(GrpcClientProtocolClient.java:310)
	at org.apache.ratis.grpc.client.GrpcClientProtocolClient$AsyncStreamObservers$1.onNext(GrpcClientProtocolClient.java:305)
	at org.apache.ratis.thirdparty.io.grpc.stub.ClientCalls$StreamObserverToCallListenerAdapter.onMessage(ClientCalls.java:474)
	at org.apache.ratis.thirdparty.io.grpc.ForwardingClientCallListener.onMessage(ForwardingClientCallListener.java:33)
	at org.apache.ratis.thirdparty.io.grpc.internal.ClientCallImpl$ClientStreamListenerImpl$1MessagesAvailable.runInternal(ClientCallImpl.java:661)
	at org.apache.ratis.thirdparty.io.grpc.internal.ClientCallImpl$ClientStreamListenerImpl$1MessagesAvailable.runInContext(ClientCallImpl.java:646)
	at org.apache.ratis.thirdparty.io.grpc.internal.ContextRunnable.run(ContextRunnable.java:37)
	at org.apache.ratis.thirdparty.io.grpc.internal.SerializingExecutor.run(SerializingExecutor.java:133)
	at java.util.concurrent.ThreadPoolExecutor.runWorker(ThreadPoolExecutor.java:1149)
	at java.util.concurrent.ThreadPoolExecutor$Worker.run(ThreadPoolExecutor.java:624)
	at java.lang.Thread.run(Thread.java:750)
2023-04-15 16:31:58,639 [Listener at 127.0.0.1/45033] INFO  scm.XceiverClientRatis (XceiverClientRatis.java:lambda$watchForCommit$4(309)) - Could not commit index 2 on pipeline Pipeline[ Id: 29cd338f-0255-424e-9271-f40867945940, Nodes: f16a70e5-fe04-4d06-9179-25c3ad8a94bb(fv-az202-370.ngw3kpfb2bguzbtcwuqjmbcvef.gx.internal.cloudapp.net/10.1.0.27)0dee40cf-0d5a-47f0-9c10-89273726be1d(fv-az202-370.ngw3kpfb2bguzbtcwuqjmbcvef.gx.internal.cloudapp.net/10.1.0.27)30c0a845-a217-4f15-8bab-f33012bc7910(fv-az202-370.ngw3kpfb2bguzbtcwuqjmbcvef.gx.internal.cloudapp.net/10.1.0.27), ReplicationConfig: RATIS/THREE, State:OPEN, leaderId:30c0a845-a217-4f15-8bab-f33012bc7910, CreationTimestamp2023-04-15T16:31:43.583Z[Etc/UTC]] to all the nodes. Server f16a70e5-fe04-4d06-9179-25c3ad8a94bb has failed. Committed by majority.
2023-04-15 16:31:58,639 [Listener at 127.0.0.1/45033] WARN  storage.BlockOutputStream (BlockOutputStream.java:watchForCommit(423)) - Failed to commit BlockId conID: 1 locID: 111677748019200001 bcsId: 2 on Pipeline[ Id: 29cd338f-0255-424e-9271-f40867945940, Nodes: f16a70e5-fe04-4d06-9179-25c3ad8a94bb(fv-az202-370.ngw3kpfb2bguzbtcwuqjmbcvef.gx.internal.cloudapp.net/10.1.0.27)0dee40cf-0d5a-47f0-9c10-89273726be1d(fv-az202-370.ngw3kpfb2bguzbtcwuqjmbcvef.gx.internal.cloudapp.net/10.1.0.27)30c0a845-a217-4f15-8bab-f33012bc7910(fv-az202-370.ngw3kpfb2bguzbtcwuqjmbcvef.gx.internal.cloudapp.net/10.1.0.27), ReplicationConfig: RATIS/THREE, State:OPEN, leaderId:30c0a845-a217-4f15-8bab-f33012bc7910, CreationTimestamp2023-04-15T16:31:43.583Z[Etc/UTC]]. Failed nodes: [f16a70e5-fe04-4d06-9179-25c3ad8a94bb(null/null)]
2023-04-15 16:31:58,675 [BlockDeletingService#8] INFO  interfaces.ContainerDeletionChoosingPolicyTemplate (ContainerDeletionChoosingPolicyTemplate.java:chooseContainerForBlockDeletion(83)) - Chosen 0/5000 blocks from 0 candidate containers.
2023-04-15 16:31:58,675 [BlockDeletingService#1] INFO  interfaces.ContainerDeletionChoosingPolicyTemplate (ContainerDeletionChoosingPolicyTemplate.java:chooseContainerForBlockDeletion(83)) - Chosen 0/5000 blocks from 0 candidate containers.
2023-04-15 16:31:58,686 [grpc-default-executor-1] WARN  server.GrpcLogAppender (LogUtils.java:warn(122)) - 30c0a845-a217-4f15-8bab-f33012bc7910@group-F40867945940->f16a70e5-fe04-4d06-9179-25c3ad8a94bb-AppendLogResponseHandler: Failed appendEntries: org.apache.ratis.thirdparty.io.grpc.StatusRuntimeException: UNAVAILABLE: io exception
2023-04-15 16:31:58,687 [grpc-default-executor-1] WARN  server.GrpcLogAppender (GrpcLogAppender.java:resetClient(131)) - 30c0a845-a217-4f15-8bab-f33012bc7910@group-F40867945940->f16a70e5-fe04-4d06-9179-25c3ad8a94bb-GrpcLogAppender: Leader has not got in touch with Follower 30c0a845-a217-4f15-8bab-f33012bc7910@group-F40867945940->f16a70e5-fe04-4d06-9179-25c3ad8a94bb(c-1,m0,n6, attendVote=true, lastRpcSendTime=0, lastRpcResponseTime=6889) yet, just keep nextIndex unchanged and retry.
2023-04-15 16:31:58,687 [grpc-default-executor-5] WARN  server.GrpcLogAppender (LogUtils.java:warn(122)) - 30c0a845-a217-4f15-8bab-f33012bc7910@group-F40867945940->f16a70e5-fe04-4d06-9179-25c3ad8a94bb-AppendLogResponseHandler: Failed appendEntries: org.apache.ratis.thirdparty.io.grpc.StatusRuntimeException: UNAVAILABLE: io exception
2023-04-15 16:31:58,687 [grpc-default-executor-5] WARN  server.GrpcLogAppender (GrpcLogAppender.java:resetClient(131)) - 30c0a845-a217-4f15-8bab-f33012bc7910@group-F40867945940->f16a70e5-fe04-4d06-9179-25c3ad8a94bb-GrpcLogAppender: Leader has not got in touch with Follower 30c0a845-a217-4f15-8bab-f33012bc7910@group-F40867945940->f16a70e5-fe04-4d06-9179-25c3ad8a94bb(c-1,m0,n6, attendVote=true, lastRpcSendTime=0, lastRpcResponseTime=6889) yet, just keep nextIndex unchanged and retry.
2023-04-15 16:31:58,692 [grpc-default-executor-5] WARN  server.GrpcLogAppender (LogUtils.java:warn(122)) - 30c0a845-a217-4f15-8bab-f33012bc7910@group-F40867945940->f16a70e5-fe04-4d06-9179-25c3ad8a94bb-AppendLogResponseHandler: Failed appendEntries: org.apache.ratis.thirdparty.io.grpc.StatusRuntimeException: UNAVAILABLE: io exception
2023-04-15 16:31:58,698 [grpc-default-executor-1] WARN  server.GrpcLogAppender (LogUtils.java:warn(122)) - 30c0a845-a217-4f15-8bab-f33012bc7910@group-F40867945940->f16a70e5-fe04-4d06-9179-25c3ad8a94bb-AppendLogResponseHandler: Failed appendEntries: org.apache.ratis.thirdparty.io.grpc.StatusRuntimeException: UNAVAILABLE: io exception
2023-04-15 16:31:58,698 [grpc-default-executor-5] WARN  server.GrpcLogAppender (GrpcLogAppender.java:resetClient(131)) - 30c0a845-a217-4f15-8bab-f33012bc7910@group-F40867945940->f16a70e5-fe04-4d06-9179-25c3ad8a94bb-GrpcLogAppender: Leader has not got in touch with Follower 30c0a845-a217-4f15-8bab-f33012bc7910@group-F40867945940->f16a70e5-fe04-4d06-9179-25c3ad8a94bb(c-1,m0,n7, attendVote=true, lastRpcSendTime=11, lastRpcResponseTime=6900) yet, just keep nextIndex unchanged and retry.
2023-04-15 16:31:58,698 [grpc-default-executor-1] WARN  server.GrpcLogAppender (GrpcLogAppender.java:resetClient(131)) - 30c0a845-a217-4f15-8bab-f33012bc7910@group-F40867945940->f16a70e5-fe04-4d06-9179-25c3ad8a94bb-GrpcLogAppender: Leader has not got in touch with Follower 30c0a845-a217-4f15-8bab-f33012bc7910@group-F40867945940->f16a70e5-fe04-4d06-9179-25c3ad8a94bb(c-1,m0,n7, attendVote=true, lastRpcSendTime=12, lastRpcResponseTime=6901) yet, just keep nextIndex unchanged and retry.
2023-04-15 16:31:58,714 [FixedThreadPoolWithAffinityExecutor-0-0] WARN  container.IncrementalContainerReportHandler (AbstractContainerReportHandler.java:updateContainerState(259)) - Container #1 is in OPEN state, but the datanode 30c0a845-a217-4f15-8bab-f33012bc7910(fv-az202-370.ngw3kpfb2bguzbtcwuqjmbcvef.gx.internal.cloudapp.net/10.1.0.27) reports an CLOSING replica.
2023-04-15 16:31:58,715 [ContainerOp-29cd338f-0255-424e-9271-f40867945940-2] INFO  keyvalue.KeyValueContainer (KeyValueContainer.java:flushAndSyncDB(446)) - Container 1 is synced with bcsId 2.
2023-04-15 16:31:58,715 [ContainerOp-29cd338f-0255-424e-9271-f40867945940-2] INFO  keyvalue.KeyValueContainer (KeyValueContainer.java:flushAndSyncDB(446)) - Container 1 is synced with bcsId 2.
2023-04-15 16:31:58,718 [ContainerOp-29cd338f-0255-424e-9271-f40867945940-2] INFO  keyvalue.KeyValueContainer (KeyValueContainer.java:close(361)) - Container 1 is closed with bcsId 2.
2023-04-15 16:31:58,719 [FixedThreadPoolWithAffinityExecutor-0-0] WARN  container.IncrementalContainerReportHandler (AbstractContainerReportHandler.java:updateContainerState(259)) - Container #1 is in OPEN state, but the datanode 30c0a845-a217-4f15-8bab-f33012bc7910(fv-az202-370.ngw3kpfb2bguzbtcwuqjmbcvef.gx.internal.cloudapp.net/10.1.0.27) reports an CLOSED replica.
2023-04-15 16:31:58,739 [FixedThreadPoolWithAffinityExecutor-1-0] WARN  container.IncrementalContainerReportHandler (AbstractContainerReportHandler.java:updateContainerState(259)) - Container #1 is in OPEN state, but the datanode 0dee40cf-0d5a-47f0-9c10-89273726be1d(fv-az202-370.ngw3kpfb2bguzbtcwuqjmbcvef.gx.internal.cloudapp.net/10.1.0.27) reports an CLOSING replica.
2023-04-15 16:31:58,739 [ContainerOp-29cd338f-0255-424e-9271-f40867945940-2] INFO  keyvalue.KeyValueContainer (KeyValueContainer.java:flushAndSyncDB(446)) - Container 1 is synced with bcsId 2.
2023-04-15 16:31:58,741 [ContainerOp-29cd338f-0255-424e-9271-f40867945940-2] INFO  keyvalue.KeyValueContainer (KeyValueContainer.java:flushAndSyncDB(446)) - Container 1 is synced with bcsId 2.
2023-04-15 16:31:58,746 [ContainerOp-29cd338f-0255-424e-9271-f40867945940-2] INFO  keyvalue.KeyValueContainer (KeyValueContainer.java:close(361)) - Container 1 is closed with bcsId 2.
2023-04-15 16:31:58,748 [FixedThreadPoolWithAffinityExecutor-1-0] WARN  container.IncrementalContainerReportHandler (AbstractContainerReportHandler.java:updateContainerState(259)) - Container #1 is in OPEN state, but the datanode 0dee40cf-0d5a-47f0-9c10-89273726be1d(fv-az202-370.ngw3kpfb2bguzbtcwuqjmbcvef.gx.internal.cloudapp.net/10.1.0.27) reports an CLOSED replica.
2023-04-15 16:31:58,781 [BlockDeletingService#8] INFO  interfaces.ContainerDeletionChoosingPolicyTemplate (ContainerDeletionChoosingPolicyTemplate.java:chooseContainerForBlockDeletion(83)) - Chosen 0/5000 blocks from 0 candidate containers.
2023-04-15 16:31:58,787 [BlockDeletingService#1] INFO  interfaces.ContainerDeletionChoosingPolicyTemplate (ContainerDeletionChoosingPolicyTemplate.java:chooseContainerForBlockDeletion(83)) - Chosen 0/5000 blocks from 0 candidate containers.
2023-04-15 16:31:58,819 [FixedThreadPoolWithAffinityExecutor-0-0] WARN  container.ContainerReportHandler (AbstractContainerReportHandler.java:updateContainerState(259)) - Container #1 is in OPEN state, but the datanode 30c0a845-a217-4f15-8bab-f33012bc7910(fv-az202-370.ngw3kpfb2bguzbtcwuqjmbcvef.gx.internal.cloudapp.net/10.1.0.27) reports an CLOSED replica.
2023-04-15 16:31:58,847 [FixedThreadPoolWithAffinityExecutor-1-0] WARN  container.ContainerReportHandler (AbstractContainerReportHandler.java:updateContainerState(259)) - Container #1 is in OPEN state, but the datanode 0dee40cf-0d5a-47f0-9c10-89273726be1d(fv-az202-370.ngw3kpfb2bguzbtcwuqjmbcvef.gx.internal.cloudapp.net/10.1.0.27) reports an CLOSED replica.
2023-04-15 16:31:58,850 [grpc-default-executor-1] WARN  server.GrpcLogAppender (LogUtils.java:warn(122)) - 30c0a845-a217-4f15-8bab-f33012bc7910@group-F40867945940->f16a70e5-fe04-4d06-9179-25c3ad8a94bb-AppendLogResponseHandler: Failed appendEntries: org.apache.ratis.thirdparty.io.grpc.StatusRuntimeException: UNAVAILABLE: io exception
2023-04-15 16:31:58,850 [grpc-default-executor-5] WARN  server.GrpcLogAppender (LogUtils.java:warn(122)) - 30c0a845-a217-4f15-8bab-f33012bc7910@group-F40867945940->f16a70e5-fe04-4d06-9179-25c3ad8a94bb-AppendLogResponseHandler: Failed appendEntries: org.apache.ratis.thirdparty.io.grpc.StatusRuntimeException: UNAVAILABLE: io exception
2023-04-15 16:31:58,851 [grpc-default-executor-1] WARN  server.GrpcLogAppender (GrpcLogAppender.java:resetClient(131)) - 30c0a845-a217-4f15-8bab-f33012bc7910@group-F40867945940->f16a70e5-fe04-4d06-9179-25c3ad8a94bb-GrpcLogAppender: Leader has not got in touch with Follower 30c0a845-a217-4f15-8bab-f33012bc7910@group-F40867945940->f16a70e5-fe04-4d06-9179-25c3ad8a94bb(c-1,m0,n7, attendVote=true, lastRpcSendTime=1, lastRpcResponseTime=7054) yet, just keep nextIndex unchanged and retry.
2023-04-15 16:31:58,856 [grpc-default-executor-5] WARN  server.GrpcLogAppender (GrpcLogAppender.java:resetClient(131)) - 30c0a845-a217-4f15-8bab-f33012bc7910@group-F40867945940->f16a70e5-fe04-4d06-9179-25c3ad8a94bb-GrpcLogAppender: Leader has not got in touch with Follower 30c0a845-a217-4f15-8bab-f33012bc7910@group-F40867945940->f16a70e5-fe04-4d06-9179-25c3ad8a94bb(c-1,m0,n7, attendVote=true, lastRpcSendTime=5, lastRpcResponseTime=7058) yet, just keep nextIndex unchanged and retry.
2023-04-15 16:31:58,882 [BlockDeletingService#8] INFO  interfaces.ContainerDeletionChoosingPolicyTemplate (ContainerDeletionChoosingPolicyTemplate.java:chooseContainerForBlockDeletion(83)) - Chosen 0/5000 blocks from 0 candidate containers.
2023-04-15 16:31:58,887 [BlockDeletingService#1] INFO  interfaces.ContainerDeletionChoosingPolicyTemplate (ContainerDeletionChoosingPolicyTemplate.java:chooseContainerForBlockDeletion(83)) - Chosen 0/5000 blocks from 0 candidate containers.
2023-04-15 16:31:58,982 [BlockDeletingService#8] INFO  interfaces.ContainerDeletionChoosingPolicyTemplate (ContainerDeletionChoosingPolicyTemplate.java:chooseContainerForBlockDeletion(83)) - Chosen 0/5000 blocks from 0 candidate containers.
2023-04-15 16:31:58,987 [BlockDeletingService#1] INFO  interfaces.ContainerDeletionChoosingPolicyTemplate (ContainerDeletionChoosingPolicyTemplate.java:chooseContainerForBlockDeletion(83)) - Chosen 0/5000 blocks from 0 candidate containers.
2023-04-15 16:31:59,082 [BlockDeletingService#8] INFO  interfaces.ContainerDeletionChoosingPolicyTemplate (ContainerDeletionChoosingPolicyTemplate.java:chooseContainerForBlockDeletion(83)) - Chosen 0/5000 blocks from 0 candidate containers.
2023-04-15 16:31:59,087 [BlockDeletingService#1] INFO  interfaces.ContainerDeletionChoosingPolicyTemplate (ContainerDeletionChoosingPolicyTemplate.java:chooseContainerForBlockDeletion(83)) - Chosen 0/5000 blocks from 0 candidate containers.
2023-04-15 16:31:59,122 [FixedThreadPoolWithAffinityExecutor-0-0] WARN  container.ContainerReportHandler (AbstractContainerReportHandler.java:updateContainerState(259)) - Container #1 is in OPEN state, but the datanode 30c0a845-a217-4f15-8bab-f33012bc7910(fv-az202-370.ngw3kpfb2bguzbtcwuqjmbcvef.gx.internal.cloudapp.net/10.1.0.27) reports an CLOSED replica.
2023-04-15 16:31:59,148 [FixedThreadPoolWithAffinityExecutor-1-0] WARN  container.ContainerReportHandler (AbstractContainerReportHandler.java:updateContainerState(259)) - Container #1 is in OPEN state, but the datanode 0dee40cf-0d5a-47f0-9c10-89273726be1d(fv-az202-370.ngw3kpfb2bguzbtcwuqjmbcvef.gx.internal.cloudapp.net/10.1.0.27) reports an CLOSED replica.
2023-04-15 16:31:59,182 [BlockDeletingService#8] INFO  interfaces.ContainerDeletionChoosingPolicyTemplate (ContainerDeletionChoosingPolicyTemplate.java:chooseContainerForBlockDeletion(83)) - Chosen 0/5000 blocks from 0 candidate containers.
2023-04-15 16:31:59,192 [BlockDeletingService#1] INFO  interfaces.ContainerDeletionChoosingPolicyTemplate (ContainerDeletionChoosingPolicyTemplate.java:chooseContainerForBlockDeletion(83)) - Chosen 0/5000 blocks from 0 candidate containers.
2023-04-15 16:31:59,293 [BlockDeletingService#8] INFO  interfaces.ContainerDeletionChoosingPolicyTemplate (ContainerDeletionChoosingPolicyTemplate.java:chooseContainerForBlockDeletion(83)) - Chosen 0/5000 blocks from 0 candidate containers.
2023-04-15 16:31:59,293 [BlockDeletingService#1] INFO  interfaces.ContainerDeletionChoosingPolicyTemplate (ContainerDeletionChoosingPolicyTemplate.java:chooseContainerForBlockDeletion(83)) - Chosen 0/5000 blocks from 0 candidate containers.
2023-04-15 16:31:59,393 [BlockDeletingService#8] INFO  interfaces.ContainerDeletionChoosingPolicyTemplate (ContainerDeletionChoosingPolicyTemplate.java:chooseContainerForBlockDeletion(83)) - Chosen 0/5000 blocks from 0 candidate containers.
2023-04-15 16:31:59,393 [BlockDeletingService#1] INFO  interfaces.ContainerDeletionChoosingPolicyTemplate (ContainerDeletionChoosingPolicyTemplate.java:chooseContainerForBlockDeletion(83)) - Chosen 0/5000 blocks from 0 candidate containers.
2023-04-15 16:31:59,422 [FixedThreadPoolWithAffinityExecutor-0-0] WARN  container.ContainerReportHandler (AbstractContainerReportHandler.java:updateContainerState(259)) - Container #1 is in OPEN state, but the datanode 30c0a845-a217-4f15-8bab-f33012bc7910(fv-az202-370.ngw3kpfb2bguzbtcwuqjmbcvef.gx.internal.cloudapp.net/10.1.0.27) reports an CLOSED replica.
2023-04-15 16:31:59,447 [FixedThreadPoolWithAffinityExecutor-1-0] WARN  container.ContainerReportHandler (AbstractContainerReportHandler.java:updateContainerState(259)) - Container #1 is in OPEN state, but the datanode 0dee40cf-0d5a-47f0-9c10-89273726be1d(fv-az202-370.ngw3kpfb2bguzbtcwuqjmbcvef.gx.internal.cloudapp.net/10.1.0.27) reports an CLOSED replica.
2023-04-15 16:31:59,493 [BlockDeletingService#8] INFO  interfaces.ContainerDeletionChoosingPolicyTemplate (ContainerDeletionChoosingPolicyTemplate.java:chooseContainerForBlockDeletion(83)) - Chosen 0/5000 blocks from 0 candidate containers.
2023-04-15 16:31:59,493 [BlockDeletingService#1] INFO  interfaces.ContainerDeletionChoosingPolicyTemplate (ContainerDeletionChoosingPolicyTemplate.java:chooseContainerForBlockDeletion(83)) - Chosen 0/5000 blocks from 0 candidate containers.
2023-04-15 16:31:59,593 [BlockDeletingService#8] INFO  interfaces.ContainerDeletionChoosingPolicyTemplate (ContainerDeletionChoosingPolicyTemplate.java:chooseContainerForBlockDeletion(83)) - Chosen 0/5000 blocks from 0 candidate containers.
2023-04-15 16:31:59,593 [BlockDeletingService#1] INFO  interfaces.ContainerDeletionChoosingPolicyTemplate (ContainerDeletionChoosingPolicyTemplate.java:chooseContainerForBlockDeletion(83)) - Chosen 0/5000 blocks from 0 candidate containers.
2023-04-15 16:31:59,622 [FixedThreadPoolWithAffinityExecutor-0-0] WARN  container.ContainerReportHandler (AbstractContainerReportHandler.java:updateContainerState(259)) - Container #1 is in OPEN state, but the datanode 30c0a845-a217-4f15-8bab-f33012bc7910(fv-az202-370.ngw3kpfb2bguzbtcwuqjmbcvef.gx.internal.cloudapp.net/10.1.0.27) reports an CLOSED replica.
2023-04-15 16:31:59,694 [BlockDeletingService#8] INFO  interfaces.ContainerDeletionChoosingPolicyTemplate (ContainerDeletionChoosingPolicyTemplate.java:chooseContainerForBlockDeletion(83)) - Chosen 0/5000 blocks from 0 candidate containers.
2023-04-15 16:31:59,694 [BlockDeletingService#1] INFO  interfaces.ContainerDeletionChoosingPolicyTemplate (ContainerDeletionChoosingPolicyTemplate.java:chooseContainerForBlockDeletion(83)) - Chosen 0/5000 blocks from 0 candidate containers.
2023-04-15 16:31:59,749 [FixedThreadPoolWithAffinityExecutor-1-0] WARN  container.ContainerReportHandler (AbstractContainerReportHandler.java:updateContainerState(259)) - Container #1 is in OPEN state, but the datanode 0dee40cf-0d5a-47f0-9c10-89273726be1d(fv-az202-370.ngw3kpfb2bguzbtcwuqjmbcvef.gx.internal.cloudapp.net/10.1.0.27) reports an CLOSED replica.
2023-04-15 16:31:59,794 [BlockDeletingService#8] INFO  interfaces.ContainerDeletionChoosingPolicyTemplate (ContainerDeletionChoosingPolicyTemplate.java:chooseContainerForBlockDeletion(83)) - Chosen 0/5000 blocks from 0 candidate containers.
2023-04-15 16:31:59,794 [BlockDeletingService#1] INFO  interfaces.ContainerDeletionChoosingPolicyTemplate (ContainerDeletionChoosingPolicyTemplate.java:chooseContainerForBlockDeletion(83)) - Chosen 0/5000 blocks from 0 candidate containers.
2023-04-15 16:31:59,815 [IPC Server handler 0 on default port 44671] INFO  ha.SequenceIdGenerator (SequenceIdGenerator.java:getNextId(128)) - Allocate a batch for delTxnId, change lastId from 0 to 1000.
2023-04-15 16:31:59,894 [BlockDeletingService#8] INFO  interfaces.ContainerDeletionChoosingPolicyTemplate (ContainerDeletionChoosingPolicyTemplate.java:chooseContainerForBlockDeletion(83)) - Chosen 0/5000 blocks from 0 candidate containers.
2023-04-15 16:31:59,894 [BlockDeletingService#1] INFO  interfaces.ContainerDeletionChoosingPolicyTemplate (ContainerDeletionChoosingPolicyTemplate.java:chooseContainerForBlockDeletion(83)) - Chosen 0/5000 blocks from 0 candidate containers.
2023-04-15 16:31:59,922 [FixedThreadPoolWithAffinityExecutor-0-0] WARN  container.ContainerReportHandler (AbstractContainerReportHandler.java:updateContainerState(259)) - Container #1 is in OPEN state, but the datanode 30c0a845-a217-4f15-8bab-f33012bc7910(fv-az202-370.ngw3kpfb2bguzbtcwuqjmbcvef.gx.internal.cloudapp.net/10.1.0.27) reports an CLOSED replica.
2023-04-15 16:31:59,948 [FixedThreadPoolWithAffinityExecutor-1-0] WARN  container.ContainerReportHandler (AbstractContainerReportHandler.java:updateContainerState(259)) - Container #1 is in OPEN state, but the datanode 0dee40cf-0d5a-47f0-9c10-89273726be1d(fv-az202-370.ngw3kpfb2bguzbtcwuqjmbcvef.gx.internal.cloudapp.net/10.1.0.27) reports an CLOSED replica.
2023-04-15 16:31:59,994 [BlockDeletingService#8] INFO  interfaces.ContainerDeletionChoosingPolicyTemplate (ContainerDeletionChoosingPolicyTemplate.java:chooseContainerForBlockDeletion(83)) - Chosen 0/5000 blocks from 0 candidate containers.
2023-04-15 16:31:59,994 [BlockDeletingService#1] INFO  interfaces.ContainerDeletionChoosingPolicyTemplate (ContainerDeletionChoosingPolicyTemplate.java:chooseContainerForBlockDeletion(83)) - Chosen 0/5000 blocks from 0 candidate containers.
2023-04-15 16:32:00,094 [BlockDeletingService#8] INFO  interfaces.ContainerDeletionChoosingPolicyTemplate (ContainerDeletionChoosingPolicyTemplate.java:chooseContainerForBlockDeletion(83)) - Chosen 0/5000 blocks from 0 candidate containers.
2023-04-15 16:32:00,095 [BlockDeletingService#1] INFO  interfaces.ContainerDeletionChoosingPolicyTemplate (ContainerDeletionChoosingPolicyTemplate.java:chooseContainerForBlockDeletion(83)) - Chosen 0/5000 blocks from 0 candidate containers.
2023-04-15 16:32:00,100 [grpc-default-executor-5] WARN  server.GrpcLogAppender (LogUtils.java:warn(122)) - 30c0a845-a217-4f15-8bab-f33012bc7910@group-F40867945940->f16a70e5-fe04-4d06-9179-25c3ad8a94bb-AppendLogResponseHandler: Failed appendEntries: org.apache.ratis.thirdparty.io.grpc.StatusRuntimeException: UNAVAILABLE: io exception
2023-04-15 16:32:00,101 [grpc-default-executor-5] WARN  server.GrpcLogAppender (GrpcLogAppender.java:resetClient(131)) - 30c0a845-a217-4f15-8bab-f33012bc7910@group-F40867945940->f16a70e5-fe04-4d06-9179-25c3ad8a94bb-GrpcLogAppender: Leader has not got in touch with Follower 30c0a845-a217-4f15-8bab-f33012bc7910@group-F40867945940->f16a70e5-fe04-4d06-9179-25c3ad8a94bb(c-1,m0,n7, attendVote=true, lastRpcSendTime=0, lastRpcResponseTime=8303) yet, just keep nextIndex unchanged and retry.
2023-04-15 16:32:00,101 [grpc-default-executor-1] WARN  server.GrpcLogAppender (LogUtils.java:warn(122)) - 30c0a845-a217-4f15-8bab-f33012bc7910@group-F40867945940->f16a70e5-fe04-4d06-9179-25c3ad8a94bb-AppendLogResponseHandler: Failed appendEntries: org.apache.ratis.thirdparty.io.grpc.StatusRuntimeException: UNAVAILABLE: io exception
2023-04-15 16:32:00,102 [grpc-default-executor-1] WARN  server.GrpcLogAppender (GrpcLogAppender.java:resetClient(131)) - 30c0a845-a217-4f15-8bab-f33012bc7910@group-F40867945940->f16a70e5-fe04-4d06-9179-25c3ad8a94bb-GrpcLogAppender: Leader has not got in touch with Follower 30c0a845-a217-4f15-8bab-f33012bc7910@group-F40867945940->f16a70e5-fe04-4d06-9179-25c3ad8a94bb(c-1,m0,n7, attendVote=true, lastRpcSendTime=2, lastRpcResponseTime=8305) yet, just keep nextIndex unchanged and retry.
2023-04-15 16:32:00,122 [FixedThreadPoolWithAffinityExecutor-0-0] WARN  container.ContainerReportHandler (AbstractContainerReportHandler.java:updateContainerState(259)) - Container #1 is in OPEN state, but the datanode 30c0a845-a217-4f15-8bab-f33012bc7910(fv-az202-370.ngw3kpfb2bguzbtcwuqjmbcvef.gx.internal.cloudapp.net/10.1.0.27) reports an CLOSED replica.
2023-04-15 16:32:00,195 [BlockDeletingService#8] INFO  interfaces.ContainerDeletionChoosingPolicyTemplate (ContainerDeletionChoosingPolicyTemplate.java:chooseContainerForBlockDeletion(83)) - Chosen 0/5000 blocks from 0 candidate containers.
2023-04-15 16:32:00,195 [BlockDeletingService#1] INFO  interfaces.ContainerDeletionChoosingPolicyTemplate (ContainerDeletionChoosingPolicyTemplate.java:chooseContainerForBlockDeletion(83)) - Chosen 0/5000 blocks from 0 candidate containers.
2023-04-15 16:32:00,248 [FixedThreadPoolWithAffinityExecutor-1-0] WARN  container.ContainerReportHandler (AbstractContainerReportHandler.java:updateContainerState(259)) - Container #1 is in OPEN state, but the datanode 0dee40cf-0d5a-47f0-9c10-89273726be1d(fv-az202-370.ngw3kpfb2bguzbtcwuqjmbcvef.gx.internal.cloudapp.net/10.1.0.27) reports an CLOSED replica.
2023-04-15 16:32:00,295 [BlockDeletingService#8] INFO  interfaces.ContainerDeletionChoosingPolicyTemplate (ContainerDeletionChoosingPolicyTemplate.java:chooseContainerForBlockDeletion(83)) - Chosen 0/5000 blocks from 0 candidate containers.
2023-04-15 16:32:00,295 [BlockDeletingService#1] INFO  interfaces.ContainerDeletionChoosingPolicyTemplate (ContainerDeletionChoosingPolicyTemplate.java:chooseContainerForBlockDeletion(83)) - Chosen 0/5000 blocks from 0 candidate containers.
2023-04-15 16:32:00,396 [BlockDeletingService#8] INFO  interfaces.ContainerDeletionChoosingPolicyTemplate (ContainerDeletionChoosingPolicyTemplate.java:chooseContainerForBlockDeletion(83)) - Chosen 0/5000 blocks from 0 candidate containers.
2023-04-15 16:32:00,396 [BlockDeletingService#1] INFO  interfaces.ContainerDeletionChoosingPolicyTemplate (ContainerDeletionChoosingPolicyTemplate.java:chooseContainerForBlockDeletion(83)) - Chosen 0/5000 blocks from 0 candidate containers.
2023-04-15 16:32:00,421 [FixedThreadPoolWithAffinityExecutor-0-0] WARN  container.ContainerReportHandler (AbstractContainerReportHandler.java:updateContainerState(259)) - Container #1 is in OPEN state, but the datanode 30c0a845-a217-4f15-8bab-f33012bc7910(fv-az202-370.ngw3kpfb2bguzbtcwuqjmbcvef.gx.internal.cloudapp.net/10.1.0.27) reports an CLOSED replica.
2023-04-15 16:32:00,496 [BlockDeletingService#8] INFO  interfaces.ContainerDeletionChoosingPolicyTemplate (ContainerDeletionChoosingPolicyTemplate.java:chooseContainerForBlockDeletion(83)) - Chosen 0/5000 blocks from 0 candidate containers.
2023-04-15 16:32:00,496 [BlockDeletingService#1] INFO  interfaces.ContainerDeletionChoosingPolicyTemplate (ContainerDeletionChoosingPolicyTemplate.java:chooseContainerForBlockDeletion(83)) - Chosen 0/5000 blocks from 0 candidate containers.
2023-04-15 16:32:00,549 [FixedThreadPoolWithAffinityExecutor-1-0] WARN  container.ContainerReportHandler (AbstractContainerReportHandler.java:updateContainerState(259)) - Container #1 is in OPEN state, but the datanode 0dee40cf-0d5a-47f0-9c10-89273726be1d(fv-az202-370.ngw3kpfb2bguzbtcwuqjmbcvef.gx.internal.cloudapp.net/10.1.0.27) reports an CLOSED replica.
2023-04-15 16:32:00,596 [BlockDeletingService#8] INFO  interfaces.ContainerDeletionChoosingPolicyTemplate (ContainerDeletionChoosingPolicyTemplate.java:chooseContainerForBlockDeletion(83)) - Chosen 0/5000 blocks from 0 candidate containers.
2023-04-15 16:32:00,596 [BlockDeletingService#1] INFO  interfaces.ContainerDeletionChoosingPolicyTemplate (ContainerDeletionChoosingPolicyTemplate.java:chooseContainerForBlockDeletion(83)) - Chosen 0/5000 blocks from 0 candidate containers.
2023-04-15 16:32:00,621 [FixedThreadPoolWithAffinityExecutor-0-0] WARN  container.ContainerReportHandler (AbstractContainerReportHandler.java:updateContainerState(259)) - Container #1 is in OPEN state, but the datanode 30c0a845-a217-4f15-8bab-f33012bc7910(fv-az202-370.ngw3kpfb2bguzbtcwuqjmbcvef.gx.internal.cloudapp.net/10.1.0.27) reports an CLOSED replica.
2023-04-15 16:32:00,696 [BlockDeletingService#8] INFO  interfaces.ContainerDeletionChoosingPolicyTemplate (ContainerDeletionChoosingPolicyTemplate.java:chooseContainerForBlockDeletion(83)) - Chosen 0/5000 blocks from 0 candidate containers.
2023-04-15 16:32:00,696 [BlockDeletingService#1] INFO  interfaces.ContainerDeletionChoosingPolicyTemplate (ContainerDeletionChoosingPolicyTemplate.java:chooseContainerForBlockDeletion(83)) - Chosen 0/5000 blocks from 0 candidate containers.
2023-04-15 16:32:00,749 [FixedThreadPoolWithAffinityExecutor-1-0] WARN  container.ContainerReportHandler (AbstractContainerReportHandler.java:updateContainerState(259)) - Container #1 is in OPEN state, but the datanode 0dee40cf-0d5a-47f0-9c10-89273726be1d(fv-az202-370.ngw3kpfb2bguzbtcwuqjmbcvef.gx.internal.cloudapp.net/10.1.0.27) reports an CLOSED replica.
2023-04-15 16:32:00,797 [BlockDeletingService#8] INFO  interfaces.ContainerDeletionChoosingPolicyTemplate (ContainerDeletionChoosingPolicyTemplate.java:chooseContainerForBlockDeletion(83)) - Chosen 0/5000 blocks from 0 candidate containers.
2023-04-15 16:32:00,797 [BlockDeletingService#1] INFO  interfaces.ContainerDeletionChoosingPolicyTemplate (ContainerDeletionChoosingPolicyTemplate.java:chooseContainerForBlockDeletion(83)) - Chosen 0/5000 blocks from 0 candidate containers.
2023-04-15 16:32:00,897 [BlockDeletingService#8] INFO  interfaces.ContainerDeletionChoosingPolicyTemplate (ContainerDeletionChoosingPolicyTemplate.java:chooseContainerForBlockDeletion(83)) - Chosen 0/5000 blocks from 0 candidate containers.
2023-04-15 16:32:00,897 [BlockDeletingService#1] INFO  interfaces.ContainerDeletionChoosingPolicyTemplate (ContainerDeletionChoosingPolicyTemplate.java:chooseContainerForBlockDeletion(83)) - Chosen 0/5000 blocks from 0 candidate containers.
2023-04-15 16:32:00,921 [FixedThreadPoolWithAffinityExecutor-0-0] WARN  container.ContainerReportHandler (AbstractContainerReportHandler.java:updateContainerState(259)) - Container #1 is in OPEN state, but the datanode 30c0a845-a217-4f15-8bab-f33012bc7910(fv-az202-370.ngw3kpfb2bguzbtcwuqjmbcvef.gx.internal.cloudapp.net/10.1.0.27) reports an CLOSED replica.
2023-04-15 16:32:00,997 [BlockDeletingService#8] INFO  interfaces.ContainerDeletionChoosingPolicyTemplate (ContainerDeletionChoosingPolicyTemplate.java:chooseContainerForBlockDeletion(83)) - Chosen 0/5000 blocks from 0 candidate containers.
2023-04-15 16:32:00,997 [BlockDeletingService#1] INFO  interfaces.ContainerDeletionChoosingPolicyTemplate (ContainerDeletionChoosingPolicyTemplate.java:chooseContainerForBlockDeletion(83)) - Chosen 0/5000 blocks from 0 candidate containers.
2023-04-15 16:32:01,050 [FixedThreadPoolWithAffinityExecutor-1-0] WARN  container.ContainerReportHandler (AbstractContainerReportHandler.java:updateContainerState(259)) - Container #1 is in OPEN state, but the datanode 0dee40cf-0d5a-47f0-9c10-89273726be1d(fv-az202-370.ngw3kpfb2bguzbtcwuqjmbcvef.gx.internal.cloudapp.net/10.1.0.27) reports an CLOSED replica.
2023-04-15 16:32:01,097 [BlockDeletingService#8] INFO  interfaces.ContainerDeletionChoosingPolicyTemplate (ContainerDeletionChoosingPolicyTemplate.java:chooseContainerForBlockDeletion(83)) - Chosen 0/5000 blocks from 0 candidate containers.
2023-04-15 16:32:01,097 [BlockDeletingService#1] INFO  interfaces.ContainerDeletionChoosingPolicyTemplate (ContainerDeletionChoosingPolicyTemplate.java:chooseContainerForBlockDeletion(83)) - Chosen 0/5000 blocks from 0 candidate containers.
2023-04-15 16:32:01,122 [FixedThreadPoolWithAffinityExecutor-0-0] WARN  container.ContainerReportHandler (AbstractContainerReportHandler.java:updateContainerState(259)) - Container #1 is in OPEN state, but the datanode 30c0a845-a217-4f15-8bab-f33012bc7910(fv-az202-370.ngw3kpfb2bguzbtcwuqjmbcvef.gx.internal.cloudapp.net/10.1.0.27) reports an CLOSED replica.
2023-04-15 16:32:01,198 [BlockDeletingService#8] INFO  interfaces.ContainerDeletionChoosingPolicyTemplate (ContainerDeletionChoosingPolicyTemplate.java:chooseContainerForBlockDeletion(83)) - Chosen 0/5000 blocks from 0 candidate containers.
2023-04-15 16:32:01,198 [BlockDeletingService#1] INFO  interfaces.ContainerDeletionChoosingPolicyTemplate (ContainerDeletionChoosingPolicyTemplate.java:chooseContainerForBlockDeletion(83)) - Chosen 0/5000 blocks from 0 candidate containers.
2023-04-15 16:32:01,298 [BlockDeletingService#8] INFO  interfaces.ContainerDeletionChoosingPolicyTemplate (ContainerDeletionChoosingPolicyTemplate.java:chooseContainerForBlockDeletion(83)) - Chosen 0/5000 blocks from 0 candidate containers.
2023-04-15 16:32:01,298 [BlockDeletingService#1] INFO  interfaces.ContainerDeletionChoosingPolicyTemplate (ContainerDeletionChoosingPolicyTemplate.java:chooseContainerForBlockDeletion(83)) - Chosen 0/5000 blocks from 0 candidate containers.
2023-04-15 16:32:01,349 [FixedThreadPoolWithAffinityExecutor-1-0] WARN  container.ContainerReportHandler (AbstractContainerReportHandler.java:updateContainerState(259)) - Container #1 is in OPEN state, but the datanode 0dee40cf-0d5a-47f0-9c10-89273726be1d(fv-az202-370.ngw3kpfb2bguzbtcwuqjmbcvef.gx.internal.cloudapp.net/10.1.0.27) reports an CLOSED replica.
2023-04-15 16:32:01,351 [grpc-default-executor-1] WARN  server.GrpcLogAppender (LogUtils.java:warn(122)) - 30c0a845-a217-4f15-8bab-f33012bc7910@group-F40867945940->f16a70e5-fe04-4d06-9179-25c3ad8a94bb-AppendLogResponseHandler: Failed appendEntries: org.apache.ratis.thirdparty.io.grpc.StatusRuntimeException: UNAVAILABLE: io exception
2023-04-15 16:32:01,351 [grpc-default-executor-5] WARN  server.GrpcLogAppender (LogUtils.java:warn(122)) - 30c0a845-a217-4f15-8bab-f33012bc7910@group-F40867945940->f16a70e5-fe04-4d06-9179-25c3ad8a94bb-AppendLogResponseHandler: Failed appendEntries: org.apache.ratis.thirdparty.io.grpc.StatusRuntimeException: UNAVAILABLE: io exception
2023-04-15 16:32:01,352 [grpc-default-executor-1] WARN  server.GrpcLogAppender (GrpcLogAppender.java:resetClient(131)) - 30c0a845-a217-4f15-8bab-f33012bc7910@group-F40867945940->f16a70e5-fe04-4d06-9179-25c3ad8a94bb-GrpcLogAppender: Leader has not got in touch with Follower 30c0a845-a217-4f15-8bab-f33012bc7910@group-F40867945940->f16a70e5-fe04-4d06-9179-25c3ad8a94bb(c-1,m0,n7, attendVote=true, lastRpcSendTime=0, lastRpcResponseTime=9554) yet, just keep nextIndex unchanged and retry.
2023-04-15 16:32:01,353 [grpc-default-executor-5] WARN  server.GrpcLogAppender (GrpcLogAppender.java:resetClient(131)) - 30c0a845-a217-4f15-8bab-f33012bc7910@group-F40867945940->f16a70e5-fe04-4d06-9179-25c3ad8a94bb-GrpcLogAppender: Leader has not got in touch with Follower 30c0a845-a217-4f15-8bab-f33012bc7910@group-F40867945940->f16a70e5-fe04-4d06-9179-25c3ad8a94bb(c-1,m0,n7, attendVote=true, lastRpcSendTime=1, lastRpcResponseTime=9555) yet, just keep nextIndex unchanged and retry.
2023-04-15 16:32:01,398 [BlockDeletingService#8] INFO  interfaces.ContainerDeletionChoosingPolicyTemplate (ContainerDeletionChoosingPolicyTemplate.java:chooseContainerForBlockDeletion(83)) - Chosen 0/5000 blocks from 0 candidate containers.
2023-04-15 16:32:01,398 [BlockDeletingService#1] INFO  interfaces.ContainerDeletionChoosingPolicyTemplate (ContainerDeletionChoosingPolicyTemplate.java:chooseContainerForBlockDeletion(83)) - Chosen 0/5000 blocks from 0 candidate containers.
2023-04-15 16:32:01,421 [FixedThreadPoolWithAffinityExecutor-0-0] WARN  container.ContainerReportHandler (AbstractContainerReportHandler.java:updateContainerState(259)) - Container #1 is in OPEN state, but the datanode 30c0a845-a217-4f15-8bab-f33012bc7910(fv-az202-370.ngw3kpfb2bguzbtcwuqjmbcvef.gx.internal.cloudapp.net/10.1.0.27) reports an CLOSED replica.
2023-04-15 16:32:01,498 [BlockDeletingService#8] INFO  interfaces.ContainerDeletionChoosingPolicyTemplate (ContainerDeletionChoosingPolicyTemplate.java:chooseContainerForBlockDeletion(83)) - Chosen 0/5000 blocks from 0 candidate containers.
2023-04-15 16:32:01,498 [BlockDeletingService#1] INFO  interfaces.ContainerDeletionChoosingPolicyTemplate (ContainerDeletionChoosingPolicyTemplate.java:chooseContainerForBlockDeletion(83)) - Chosen 0/5000 blocks from 0 candidate containers.
2023-04-15 16:32:01,598 [BlockDeletingService#8] INFO  interfaces.ContainerDeletionChoosingPolicyTemplate (ContainerDeletionChoosingPolicyTemplate.java:chooseContainerForBlockDeletion(83)) - Chosen 0/5000 blocks from 0 candidate containers.
2023-04-15 16:32:01,599 [BlockDeletingService#1] INFO  interfaces.ContainerDeletionChoosingPolicyTemplate (ContainerDeletionChoosingPolicyTemplate.java:chooseContainerForBlockDeletion(83)) - Chosen 0/5000 blocks from 0 candidate containers.
2023-04-15 16:32:01,649 [FixedThreadPoolWithAffinityExecutor-1-0] WARN  container.ContainerReportHandler (AbstractContainerReportHandler.java:updateContainerState(259)) - Container #1 is in OPEN state, but the datanode 0dee40cf-0d5a-47f0-9c10-89273726be1d(fv-az202-370.ngw3kpfb2bguzbtcwuqjmbcvef.gx.internal.cloudapp.net/10.1.0.27) reports an CLOSED replica.
2023-04-15 16:32:01,699 [BlockDeletingService#8] INFO  interfaces.ContainerDeletionChoosingPolicyTemplate (ContainerDeletionChoosingPolicyTemplate.java:chooseContainerForBlockDeletion(83)) - Chosen 0/5000 blocks from 0 candidate containers.
2023-04-15 16:32:01,699 [BlockDeletingService#1] INFO  interfaces.ContainerDeletionChoosingPolicyTemplate (ContainerDeletionChoosingPolicyTemplate.java:chooseContainerForBlockDeletion(83)) - Chosen 0/5000 blocks from 0 candidate containers.
2023-04-15 16:32:01,721 [FixedThreadPoolWithAffinityExecutor-0-0] WARN  container.ContainerReportHandler (AbstractContainerReportHandler.java:updateContainerState(259)) - Container #1 is in OPEN state, but the datanode 30c0a845-a217-4f15-8bab-f33012bc7910(fv-az202-370.ngw3kpfb2bguzbtcwuqjmbcvef.gx.internal.cloudapp.net/10.1.0.27) reports an CLOSED replica.
2023-04-15 16:32:01,799 [BlockDeletingService#8] INFO  interfaces.ContainerDeletionChoosingPolicyTemplate (ContainerDeletionChoosingPolicyTemplate.java:chooseContainerForBlockDeletion(83)) - Chosen 0/5000 blocks from 0 candidate containers.
2023-04-15 16:32:01,799 [BlockDeletingService#1] INFO  interfaces.ContainerDeletionChoosingPolicyTemplate (ContainerDeletionChoosingPolicyTemplate.java:chooseContainerForBlockDeletion(83)) - Chosen 0/5000 blocks from 0 candidate containers.
2023-04-15 16:32:01,849 [FixedThreadPoolWithAffinityExecutor-1-0] WARN  container.ContainerReportHandler (AbstractContainerReportHandler.java:updateContainerState(259)) - Container #1 is in OPEN state, but the datanode 0dee40cf-0d5a-47f0-9c10-89273726be1d(fv-az202-370.ngw3kpfb2bguzbtcwuqjmbcvef.gx.internal.cloudapp.net/10.1.0.27) reports an CLOSED replica.
2023-04-15 16:32:01,899 [BlockDeletingService#8] INFO  interfaces.ContainerDeletionChoosingPolicyTemplate (ContainerDeletionChoosingPolicyTemplate.java:chooseContainerForBlockDeletion(83)) - Chosen 0/5000 blocks from 0 candidate containers.
2023-04-15 16:32:01,899 [BlockDeletingService#1] INFO  interfaces.ContainerDeletionChoosingPolicyTemplate (ContainerDeletionChoosingPolicyTemplate.java:chooseContainerForBlockDeletion(83)) - Chosen 0/5000 blocks from 0 candidate containers.
2023-04-15 16:32:01,921 [FixedThreadPoolWithAffinityExecutor-0-0] WARN  container.ContainerReportHandler (AbstractContainerReportHandler.java:updateContainerState(259)) - Container #1 is in OPEN state, but the datanode 30c0a845-a217-4f15-8bab-f33012bc7910(fv-az202-370.ngw3kpfb2bguzbtcwuqjmbcvef.gx.internal.cloudapp.net/10.1.0.27) reports an CLOSED replica.
2023-04-15 16:32:01,999 [BlockDeletingService#8] INFO  interfaces.ContainerDeletionChoosingPolicyTemplate (ContainerDeletionChoosingPolicyTemplate.java:chooseContainerForBlockDeletion(83)) - Chosen 0/5000 blocks from 0 candidate containers.
2023-04-15 16:32:02,000 [BlockDeletingService#1] INFO  interfaces.ContainerDeletionChoosingPolicyTemplate (ContainerDeletionChoosingPolicyTemplate.java:chooseContainerForBlockDeletion(83)) - Chosen 0/5000 blocks from 0 candidate containers.
2023-04-15 16:32:02,100 [BlockDeletingService#7] INFO  interfaces.ContainerDeletionChoosingPolicyTemplate (ContainerDeletionChoosingPolicyTemplate.java:chooseContainerForBlockDeletion(83)) - Chosen 0/5000 blocks from 0 candidate containers.
2023-04-15 16:32:02,100 [BlockDeletingService#1] INFO  interfaces.ContainerDeletionChoosingPolicyTemplate (ContainerDeletionChoosingPolicyTemplate.java:chooseContainerForBlockDeletion(83)) - Chosen 0/5000 blocks from 0 candidate containers.
2023-04-15 16:32:02,150 [FixedThreadPoolWithAffinityExecutor-1-0] WARN  container.ContainerReportHandler (AbstractContainerReportHandler.java:updateContainerState(259)) - Container #1 is in OPEN state, but the datanode 0dee40cf-0d5a-47f0-9c10-89273726be1d(fv-az202-370.ngw3kpfb2bguzbtcwuqjmbcvef.gx.internal.cloudapp.net/10.1.0.27) reports an CLOSED replica.
2023-04-15 16:32:02,200 [BlockDeletingService#7] INFO  interfaces.ContainerDeletionChoosingPolicyTemplate (ContainerDeletionChoosingPolicyTemplate.java:chooseContainerForBlockDeletion(83)) - Chosen 0/5000 blocks from 0 candidate containers.
2023-04-15 16:32:02,200 [BlockDeletingService#1] INFO  interfaces.ContainerDeletionChoosingPolicyTemplate (ContainerDeletionChoosingPolicyTemplate.java:chooseContainerForBlockDeletion(83)) - Chosen 0/5000 blocks from 0 candidate containers.
2023-04-15 16:32:02,223 [FixedThreadPoolWithAffinityExecutor-0-0] WARN  container.ContainerReportHandler (AbstractContainerReportHandler.java:updateContainerState(259)) - Container #1 is in OPEN state, but the datanode 30c0a845-a217-4f15-8bab-f33012bc7910(fv-az202-370.ngw3kpfb2bguzbtcwuqjmbcvef.gx.internal.cloudapp.net/10.1.0.27) reports an CLOSED replica.
2023-04-15 16:32:02,300 [BlockDeletingService#7] INFO  interfaces.ContainerDeletionChoosingPolicyTemplate (ContainerDeletionChoosingPolicyTemplate.java:chooseContainerForBlockDeletion(83)) - Chosen 0/5000 blocks from 0 candidate containers.
2023-04-15 16:32:02,300 [BlockDeletingService#1] INFO  interfaces.ContainerDeletionChoosingPolicyTemplate (ContainerDeletionChoosingPolicyTemplate.java:chooseContainerForBlockDeletion(83)) - Chosen 0/5000 blocks from 0 candidate containers.
2023-04-15 16:32:02,400 [BlockDeletingService#7] INFO  interfaces.ContainerDeletionChoosingPolicyTemplate (ContainerDeletionChoosingPolicyTemplate.java:chooseContainerForBlockDeletion(83)) - Chosen 0/5000 blocks from 0 candidate containers.
2023-04-15 16:32:02,401 [BlockDeletingService#1] INFO  interfaces.ContainerDeletionChoosingPolicyTemplate (ContainerDeletionChoosingPolicyTemplate.java:chooseContainerForBlockDeletion(83)) - Chosen 0/5000 blocks from 0 candidate containers.
2023-04-15 16:32:02,423 [FixedThreadPoolWithAffinityExecutor-0-0] WARN  container.ContainerReportHandler (AbstractContainerReportHandler.java:updateContainerState(259)) - Container #1 is in OPEN state, but the datanode 30c0a845-a217-4f15-8bab-f33012bc7910(fv-az202-370.ngw3kpfb2bguzbtcwuqjmbcvef.gx.internal.cloudapp.net/10.1.0.27) reports an CLOSED replica.
2023-04-15 16:32:02,457 [FixedThreadPoolWithAffinityExecutor-1-0] WARN  container.ContainerReportHandler (AbstractContainerReportHandler.java:updateContainerState(259)) - Container #1 is in OPEN state, but the datanode 0dee40cf-0d5a-47f0-9c10-89273726be1d(fv-az202-370.ngw3kpfb2bguzbtcwuqjmbcvef.gx.internal.cloudapp.net/10.1.0.27) reports an CLOSED replica.
2023-04-15 16:32:02,501 [BlockDeletingService#7] INFO  interfaces.ContainerDeletionChoosingPolicyTemplate (ContainerDeletionChoosingPolicyTemplate.java:chooseContainerForBlockDeletion(83)) - Chosen 0/5000 blocks from 0 candidate containers.
2023-04-15 16:32:02,501 [BlockDeletingService#1] INFO  interfaces.ContainerDeletionChoosingPolicyTemplate (ContainerDeletionChoosingPolicyTemplate.java:chooseContainerForBlockDeletion(83)) - Chosen 0/5000 blocks from 0 candidate containers.
2023-04-15 16:32:02,601 [BlockDeletingService#7] INFO  interfaces.ContainerDeletionChoosingPolicyTemplate (ContainerDeletionChoosingPolicyTemplate.java:chooseContainerForBlockDeletion(83)) - Chosen 0/5000 blocks from 0 candidate containers.
2023-04-15 16:32:02,601 [BlockDeletingService#1] INFO  interfaces.ContainerDeletionChoosingPolicyTemplate (ContainerDeletionChoosingPolicyTemplate.java:chooseContainerForBlockDeletion(83)) - Chosen 0/5000 blocks from 0 candidate containers.
2023-04-15 16:32:02,601 [grpc-default-executor-5] WARN  server.GrpcLogAppender (LogUtils.java:warn(122)) - 30c0a845-a217-4f15-8bab-f33012bc7910@group-F40867945940->f16a70e5-fe04-4d06-9179-25c3ad8a94bb-AppendLogResponseHandler: Failed appendEntries: org.apache.ratis.thirdparty.io.grpc.StatusRuntimeException: UNAVAILABLE: io exception
2023-04-15 16:32:02,602 [grpc-default-executor-5] WARN  server.GrpcLogAppender (GrpcLogAppender.java:resetClient(131)) - 30c0a845-a217-4f15-8bab-f33012bc7910@group-F40867945940->f16a70e5-fe04-4d06-9179-25c3ad8a94bb-GrpcLogAppender: Leader has not got in touch with Follower 30c0a845-a217-4f15-8bab-f33012bc7910@group-F40867945940->f16a70e5-fe04-4d06-9179-25c3ad8a94bb(c-1,m0,n7, attendVote=true, lastRpcSendTime=0, lastRpcResponseTime=10804) yet, just keep nextIndex unchanged and retry.
2023-04-15 16:32:02,602 [grpc-default-executor-1] WARN  server.GrpcLogAppender (LogUtils.java:warn(122)) - 30c0a845-a217-4f15-8bab-f33012bc7910@group-F40867945940->f16a70e5-fe04-4d06-9179-25c3ad8a94bb-AppendLogResponseHandler: Failed appendEntries: org.apache.ratis.thirdparty.io.grpc.StatusRuntimeException: UNAVAILABLE: io exception
2023-04-15 16:32:02,603 [grpc-default-executor-1] WARN  server.GrpcLogAppender (GrpcLogAppender.java:resetClient(131)) - 30c0a845-a217-4f15-8bab-f33012bc7910@group-F40867945940->f16a70e5-fe04-4d06-9179-25c3ad8a94bb-GrpcLogAppender: Leader has not got in touch with Follower 30c0a845-a217-4f15-8bab-f33012bc7910@group-F40867945940->f16a70e5-fe04-4d06-9179-25c3ad8a94bb(c-1,m0,n7, attendVote=true, lastRpcSendTime=1, lastRpcResponseTime=10805) yet, just keep nextIndex unchanged and retry.
2023-04-15 16:32:02,701 [BlockDeletingService#7] INFO  interfaces.ContainerDeletionChoosingPolicyTemplate (ContainerDeletionChoosingPolicyTemplate.java:chooseContainerForBlockDeletion(83)) - Chosen 0/5000 blocks from 0 candidate containers.
2023-04-15 16:32:02,701 [BlockDeletingService#1] INFO  interfaces.ContainerDeletionChoosingPolicyTemplate (ContainerDeletionChoosingPolicyTemplate.java:chooseContainerForBlockDeletion(83)) - Chosen 0/5000 blocks from 0 candidate containers.
2023-04-15 16:32:02,725 [FixedThreadPoolWithAffinityExecutor-0-0] WARN  container.ContainerReportHandler (AbstractContainerReportHandler.java:updateContainerState(259)) - Container #1 is in OPEN state, but the datanode 30c0a845-a217-4f15-8bab-f33012bc7910(fv-az202-370.ngw3kpfb2bguzbtcwuqjmbcvef.gx.internal.cloudapp.net/10.1.0.27) reports an CLOSED replica.
2023-04-15 16:32:02,757 [FixedThreadPoolWithAffinityExecutor-1-0] WARN  container.ContainerReportHandler (AbstractContainerReportHandler.java:updateContainerState(259)) - Container #1 is in OPEN state, but the datanode 0dee40cf-0d5a-47f0-9c10-89273726be1d(fv-az202-370.ngw3kpfb2bguzbtcwuqjmbcvef.gx.internal.cloudapp.net/10.1.0.27) reports an CLOSED replica.
2023-04-15 16:32:02,801 [BlockDeletingService#7] INFO  interfaces.ContainerDeletionChoosingPolicyTemplate (ContainerDeletionChoosingPolicyTemplate.java:chooseContainerForBlockDeletion(83)) - Chosen 0/5000 blocks from 0 candidate containers.
2023-04-15 16:32:02,802 [BlockDeletingService#1] INFO  interfaces.ContainerDeletionChoosingPolicyTemplate (ContainerDeletionChoosingPolicyTemplate.java:chooseContainerForBlockDeletion(83)) - Chosen 0/5000 blocks from 0 candidate containers.
2023-04-15 16:32:02,902 [BlockDeletingService#7] INFO  interfaces.ContainerDeletionChoosingPolicyTemplate (ContainerDeletionChoosingPolicyTemplate.java:chooseContainerForBlockDeletion(83)) - Chosen 0/5000 blocks from 0 candidate containers.
2023-04-15 16:32:02,902 [BlockDeletingService#1] INFO  interfaces.ContainerDeletionChoosingPolicyTemplate (ContainerDeletionChoosingPolicyTemplate.java:chooseContainerForBlockDeletion(83)) - Chosen 0/5000 blocks from 0 candidate containers.
2023-04-15 16:32:02,923 [FixedThreadPoolWithAffinityExecutor-0-0] WARN  container.ContainerReportHandler (AbstractContainerReportHandler.java:updateContainerState(259)) - Container #1 is in OPEN state, but the datanode 30c0a845-a217-4f15-8bab-f33012bc7910(fv-az202-370.ngw3kpfb2bguzbtcwuqjmbcvef.gx.internal.cloudapp.net/10.1.0.27) reports an CLOSED replica.
2023-04-15 16:32:02,957 [FixedThreadPoolWithAffinityExecutor-1-0] WARN  container.ContainerReportHandler (AbstractContainerReportHandler.java:updateContainerState(259)) - Container #1 is in OPEN state, but the datanode 0dee40cf-0d5a-47f0-9c10-89273726be1d(fv-az202-370.ngw3kpfb2bguzbtcwuqjmbcvef.gx.internal.cloudapp.net/10.1.0.27) reports an CLOSED replica.
2023-04-15 16:32:03,002 [BlockDeletingService#7] INFO  interfaces.ContainerDeletionChoosingPolicyTemplate (ContainerDeletionChoosingPolicyTemplate.java:chooseContainerForBlockDeletion(83)) - Chosen 0/5000 blocks from 0 candidate containers.
2023-04-15 16:32:03,002 [BlockDeletingService#1] INFO  interfaces.ContainerDeletionChoosingPolicyTemplate (ContainerDeletionChoosingPolicyTemplate.java:chooseContainerForBlockDeletion(83)) - Chosen 0/5000 blocks from 0 candidate containers.
2023-04-15 16:32:03,102 [BlockDeletingService#7] INFO  interfaces.ContainerDeletionChoosingPolicyTemplate (ContainerDeletionChoosingPolicyTemplate.java:chooseContainerForBlockDeletion(83)) - Chosen 0/5000 blocks from 0 candidate containers.
2023-04-15 16:32:03,102 [BlockDeletingService#1] INFO  interfaces.ContainerDeletionChoosingPolicyTemplate (ContainerDeletionChoosingPolicyTemplate.java:chooseContainerForBlockDeletion(83)) - Chosen 0/5000 blocks from 0 candidate containers.
2023-04-15 16:32:03,202 [BlockDeletingService#7] INFO  interfaces.ContainerDeletionChoosingPolicyTemplate (ContainerDeletionChoosingPolicyTemplate.java:chooseContainerForBlockDeletion(83)) - Chosen 0/5000 blocks from 0 candidate containers.
2023-04-15 16:32:03,202 [BlockDeletingService#1] INFO  interfaces.ContainerDeletionChoosingPolicyTemplate (ContainerDeletionChoosingPolicyTemplate.java:chooseContainerForBlockDeletion(83)) - Chosen 0/5000 blocks from 0 candidate containers.
2023-04-15 16:32:03,223 [FixedThreadPoolWithAffinityExecutor-0-0] WARN  container.ContainerReportHandler (AbstractContainerReportHandler.java:updateContainerState(259)) - Container #1 is in OPEN state, but the datanode 30c0a845-a217-4f15-8bab-f33012bc7910(fv-az202-370.ngw3kpfb2bguzbtcwuqjmbcvef.gx.internal.cloudapp.net/10.1.0.27) reports an CLOSED replica.
2023-04-15 16:32:03,257 [FixedThreadPoolWithAffinityExecutor-1-0] WARN  container.ContainerReportHandler (AbstractContainerReportHandler.java:updateContainerState(259)) - Container #1 is in OPEN state, but the datanode 0dee40cf-0d5a-47f0-9c10-89273726be1d(fv-az202-370.ngw3kpfb2bguzbtcwuqjmbcvef.gx.internal.cloudapp.net/10.1.0.27) reports an CLOSED replica.
2023-04-15 16:32:03,303 [BlockDeletingService#7] INFO  interfaces.ContainerDeletionChoosingPolicyTemplate (ContainerDeletionChoosingPolicyTemplate.java:chooseContainerForBlockDeletion(83)) - Chosen 0/5000 blocks from 0 candidate containers.
2023-04-15 16:32:03,303 [BlockDeletingService#1] INFO  interfaces.ContainerDeletionChoosingPolicyTemplate (ContainerDeletionChoosingPolicyTemplate.java:chooseContainerForBlockDeletion(83)) - Chosen 0/5000 blocks from 0 candidate containers.
2023-04-15 16:32:03,403 [BlockDeletingService#7] INFO  interfaces.ContainerDeletionChoosingPolicyTemplate (ContainerDeletionChoosingPolicyTemplate.java:chooseContainerForBlockDeletion(83)) - Chosen 0/5000 blocks from 0 candidate containers.
2023-04-15 16:32:03,403 [BlockDeletingService#1] INFO  interfaces.ContainerDeletionChoosingPolicyTemplate (ContainerDeletionChoosingPolicyTemplate.java:chooseContainerForBlockDeletion(83)) - Chosen 0/5000 blocks from 0 candidate containers.
2023-04-15 16:32:03,503 [BlockDeletingService#7] INFO  interfaces.ContainerDeletionChoosingPolicyTemplate (ContainerDeletionChoosingPolicyTemplate.java:chooseContainerForBlockDeletion(83)) - Chosen 0/5000 blocks from 0 candidate containers.
2023-04-15 16:32:03,503 [BlockDeletingService#1] INFO  interfaces.ContainerDeletionChoosingPolicyTemplate (ContainerDeletionChoosingPolicyTemplate.java:chooseContainerForBlockDeletion(83)) - Chosen 0/5000 blocks from 0 candidate containers.
2023-04-15 16:32:03,523 [FixedThreadPoolWithAffinityExecutor-0-0] WARN  container.ContainerReportHandler (AbstractContainerReportHandler.java:updateContainerState(259)) - Container #1 is in OPEN state, but the datanode 30c0a845-a217-4f15-8bab-f33012bc7910(fv-az202-370.ngw3kpfb2bguzbtcwuqjmbcvef.gx.internal.cloudapp.net/10.1.0.27) reports an CLOSED replica.
2023-04-15 16:32:03,559 [FixedThreadPoolWithAffinityExecutor-1-0] WARN  container.ContainerReportHandler (AbstractContainerReportHandler.java:updateContainerState(259)) - Container #1 is in OPEN state, but the datanode 0dee40cf-0d5a-47f0-9c10-89273726be1d(fv-az202-370.ngw3kpfb2bguzbtcwuqjmbcvef.gx.internal.cloudapp.net/10.1.0.27) reports an CLOSED replica.
2023-04-15 16:32:03,603 [BlockDeletingService#7] INFO  interfaces.ContainerDeletionChoosingPolicyTemplate (ContainerDeletionChoosingPolicyTemplate.java:chooseContainerForBlockDeletion(83)) - Chosen 0/5000 blocks from 0 candidate containers.
2023-04-15 16:32:03,603 [BlockDeletingService#1] INFO  interfaces.ContainerDeletionChoosingPolicyTemplate (ContainerDeletionChoosingPolicyTemplate.java:chooseContainerForBlockDeletion(83)) - Chosen 0/5000 blocks from 0 candidate containers.
2023-04-15 16:32:03,703 [BlockDeletingService#7] INFO  interfaces.ContainerDeletionChoosingPolicyTemplate (ContainerDeletionChoosingPolicyTemplate.java:chooseContainerForBlockDeletion(83)) - Chosen 0/5000 blocks from 0 candidate containers.
2023-04-15 16:32:03,704 [BlockDeletingService#1] INFO  interfaces.ContainerDeletionChoosingPolicyTemplate (ContainerDeletionChoosingPolicyTemplate.java:chooseContainerForBlockDeletion(83)) - Chosen 0/5000 blocks from 0 candidate containers.
2023-04-15 16:32:03,723 [FixedThreadPoolWithAffinityExecutor-0-0] WARN  container.ContainerReportHandler (AbstractContainerReportHandler.java:updateContainerState(259)) - Container #1 is in OPEN state, but the datanode 30c0a845-a217-4f15-8bab-f33012bc7910(fv-az202-370.ngw3kpfb2bguzbtcwuqjmbcvef.gx.internal.cloudapp.net/10.1.0.27) reports an CLOSED replica.
2023-04-15 16:32:03,804 [BlockDeletingService#7] INFO  interfaces.ContainerDeletionChoosingPolicyTemplate (ContainerDeletionChoosingPolicyTemplate.java:chooseContainerForBlockDeletion(83)) - Chosen 0/5000 blocks from 0 candidate containers.
2023-04-15 16:32:03,804 [BlockDeletingService#1] INFO  interfaces.ContainerDeletionChoosingPolicyTemplate (ContainerDeletionChoosingPolicyTemplate.java:chooseContainerForBlockDeletion(83)) - Chosen 0/5000 blocks from 0 candidate containers.
2023-04-15 16:32:03,852 [grpc-default-executor-1] WARN  server.GrpcLogAppender (LogUtils.java:warn(122)) - 30c0a845-a217-4f15-8bab-f33012bc7910@group-F40867945940->f16a70e5-fe04-4d06-9179-25c3ad8a94bb-AppendLogResponseHandler: Failed appendEntries: org.apache.ratis.thirdparty.io.grpc.StatusRuntimeException: UNAVAILABLE: io exception
2023-04-15 16:32:03,852 [grpc-default-executor-5] WARN  server.GrpcLogAppender (LogUtils.java:warn(122)) - 30c0a845-a217-4f15-8bab-f33012bc7910@group-F40867945940->f16a70e5-fe04-4d06-9179-25c3ad8a94bb-AppendLogResponseHandler: Failed appendEntries: org.apache.ratis.thirdparty.io.grpc.StatusRuntimeException: UNAVAILABLE: io exception
2023-04-15 16:32:03,853 [grpc-default-executor-1] WARN  server.GrpcLogAppender (GrpcLogAppender.java:resetClient(131)) - 30c0a845-a217-4f15-8bab-f33012bc7910@group-F40867945940->f16a70e5-fe04-4d06-9179-25c3ad8a94bb-GrpcLogAppender: Leader has not got in touch with Follower 30c0a845-a217-4f15-8bab-f33012bc7910@group-F40867945940->f16a70e5-fe04-4d06-9179-25c3ad8a94bb(c-1,m0,n7, attendVote=true, lastRpcSendTime=1, lastRpcResponseTime=12055) yet, just keep nextIndex unchanged and retry.
2023-04-15 16:32:03,854 [grpc-default-executor-5] WARN  server.GrpcLogAppender (GrpcLogAppender.java:resetClient(131)) - 30c0a845-a217-4f15-8bab-f33012bc7910@group-F40867945940->f16a70e5-fe04-4d06-9179-25c3ad8a94bb-GrpcLogAppender: Leader has not got in touch with Follower 30c0a845-a217-4f15-8bab-f33012bc7910@group-F40867945940->f16a70e5-fe04-4d06-9179-25c3ad8a94bb(c-1,m0,n7, attendVote=true, lastRpcSendTime=2, lastRpcResponseTime=12056) yet, just keep nextIndex unchanged and retry.
2023-04-15 16:32:03,858 [FixedThreadPoolWithAffinityExecutor-1-0] WARN  container.ContainerReportHandler (AbstractContainerReportHandler.java:updateContainerState(259)) - Container #1 is in OPEN state, but the datanode 0dee40cf-0d5a-47f0-9c10-89273726be1d(fv-az202-370.ngw3kpfb2bguzbtcwuqjmbcvef.gx.internal.cloudapp.net/10.1.0.27) reports an CLOSED replica.
2023-04-15 16:32:03,904 [BlockDeletingService#7] INFO  interfaces.ContainerDeletionChoosingPolicyTemplate (ContainerDeletionChoosingPolicyTemplate.java:chooseContainerForBlockDeletion(83)) - Chosen 0/5000 blocks from 0 candidate containers.
2023-04-15 16:32:03,904 [BlockDeletingService#1] INFO  interfaces.ContainerDeletionChoosingPolicyTemplate (ContainerDeletionChoosingPolicyTemplate.java:chooseContainerForBlockDeletion(83)) - Chosen 0/5000 blocks from 0 candidate containers.
2023-04-15 16:32:04,004 [BlockDeletingService#7] INFO  interfaces.ContainerDeletionChoosingPolicyTemplate (ContainerDeletionChoosingPolicyTemplate.java:chooseContainerForBlockDeletion(83)) - Chosen 0/5000 blocks from 0 candidate containers.
2023-04-15 16:32:04,004 [BlockDeletingService#1] INFO  interfaces.ContainerDeletionChoosingPolicyTemplate (ContainerDeletionChoosingPolicyTemplate.java:chooseContainerForBlockDeletion(83)) - Chosen 0/5000 blocks from 0 candidate containers.
2023-04-15 16:32:04,023 [FixedThreadPoolWithAffinityExecutor-0-0] WARN  container.ContainerReportHandler (AbstractContainerReportHandler.java:updateContainerState(259)) - Container #1 is in OPEN state, but the datanode 30c0a845-a217-4f15-8bab-f33012bc7910(fv-az202-370.ngw3kpfb2bguzbtcwuqjmbcvef.gx.internal.cloudapp.net/10.1.0.27) reports an CLOSED replica.
2023-04-15 16:32:04,058 [FixedThreadPoolWithAffinityExecutor-1-0] WARN  container.ContainerReportHandler (AbstractContainerReportHandler.java:updateContainerState(259)) - Container #1 is in OPEN state, but the datanode 0dee40cf-0d5a-47f0-9c10-89273726be1d(fv-az202-370.ngw3kpfb2bguzbtcwuqjmbcvef.gx.internal.cloudapp.net/10.1.0.27) reports an CLOSED replica.
2023-04-15 16:32:04,104 [BlockDeletingService#7] INFO  interfaces.ContainerDeletionChoosingPolicyTemplate (ContainerDeletionChoosingPolicyTemplate.java:chooseContainerForBlockDeletion(83)) - Chosen 0/5000 blocks from 0 candidate containers.
2023-04-15 16:32:04,104 [BlockDeletingService#1] INFO  interfaces.ContainerDeletionChoosingPolicyTemplate (ContainerDeletionChoosingPolicyTemplate.java:chooseContainerForBlockDeletion(83)) - Chosen 0/5000 blocks from 0 candidate containers.
2023-04-15 16:32:04,205 [BlockDeletingService#7] INFO  interfaces.ContainerDeletionChoosingPolicyTemplate (ContainerDeletionChoosingPolicyTemplate.java:chooseContainerForBlockDeletion(83)) - Chosen 0/5000 blocks from 0 candidate containers.
2023-04-15 16:32:04,205 [BlockDeletingService#1] INFO  interfaces.ContainerDeletionChoosingPolicyTemplate (ContainerDeletionChoosingPolicyTemplate.java:chooseContainerForBlockDeletion(83)) - Chosen 0/5000 blocks from 0 candidate containers.
2023-04-15 16:32:04,223 [FixedThreadPoolWithAffinityExecutor-0-0] WARN  container.ContainerReportHandler (AbstractContainerReportHandler.java:updateContainerState(259)) - Container #1 is in OPEN state, but the datanode 30c0a845-a217-4f15-8bab-f33012bc7910(fv-az202-370.ngw3kpfb2bguzbtcwuqjmbcvef.gx.internal.cloudapp.net/10.1.0.27) reports an CLOSED replica.
2023-04-15 16:32:04,305 [BlockDeletingService#7] INFO  interfaces.ContainerDeletionChoosingPolicyTemplate (ContainerDeletionChoosingPolicyTemplate.java:chooseContainerForBlockDeletion(83)) - Chosen 0/5000 blocks from 0 candidate containers.
2023-04-15 16:32:04,305 [BlockDeletingService#1] INFO  interfaces.ContainerDeletionChoosingPolicyTemplate (ContainerDeletionChoosingPolicyTemplate.java:chooseContainerForBlockDeletion(83)) - Chosen 0/5000 blocks from 0 candidate containers.
2023-04-15 16:32:04,360 [FixedThreadPoolWithAffinityExecutor-1-0] WARN  container.ContainerReportHandler (AbstractContainerReportHandler.java:updateContainerState(259)) - Container #1 is in OPEN state, but the datanode 0dee40cf-0d5a-47f0-9c10-89273726be1d(fv-az202-370.ngw3kpfb2bguzbtcwuqjmbcvef.gx.internal.cloudapp.net/10.1.0.27) reports an CLOSED replica.
2023-04-15 16:32:04,405 [BlockDeletingService#7] INFO  interfaces.ContainerDeletionChoosingPolicyTemplate (ContainerDeletionChoosingPolicyTemplate.java:chooseContainerForBlockDeletion(83)) - Chosen 0/5000 blocks from 0 candidate containers.
2023-04-15 16:32:04,405 [BlockDeletingService#1] INFO  interfaces.ContainerDeletionChoosingPolicyTemplate (ContainerDeletionChoosingPolicyTemplate.java:chooseContainerForBlockDeletion(83)) - Chosen 0/5000 blocks from 0 candidate containers.
2023-04-15 16:32:04,505 [BlockDeletingService#7] INFO  interfaces.ContainerDeletionChoosingPolicyTemplate (ContainerDeletionChoosingPolicyTemplate.java:chooseContainerForBlockDeletion(83)) - Chosen 0/5000 blocks from 0 candidate containers.
2023-04-15 16:32:04,516 [BlockDeletingService#1] INFO  interfaces.ContainerDeletionChoosingPolicyTemplate (ContainerDeletionChoosingPolicyTemplate.java:chooseContainerForBlockDeletion(83)) - Chosen 0/5000 blocks from 0 candidate containers.
2023-04-15 16:32:04,527 [FixedThreadPoolWithAffinityExecutor-0-0] WARN  container.ContainerReportHandler (AbstractContainerReportHandler.java:updateContainerState(259)) - Container #1 is in OPEN state, but the datanode 30c0a845-a217-4f15-8bab-f33012bc7910(fv-az202-370.ngw3kpfb2bguzbtcwuqjmbcvef.gx.internal.cloudapp.net/10.1.0.27) reports an CLOSED replica.
2023-04-15 16:32:04,617 [BlockDeletingService#7] INFO  interfaces.ContainerDeletionChoosingPolicyTemplate (ContainerDeletionChoosingPolicyTemplate.java:chooseContainerForBlockDeletion(83)) - Chosen 0/5000 blocks from 0 candidate containers.
2023-04-15 16:32:04,617 [BlockDeletingService#1] INFO  interfaces.ContainerDeletionChoosingPolicyTemplate (ContainerDeletionChoosingPolicyTemplate.java:chooseContainerForBlockDeletion(83)) - Chosen 0/5000 blocks from 0 candidate containers.
2023-04-15 16:32:04,660 [FixedThreadPoolWithAffinityExecutor-1-0] WARN  container.ContainerReportHandler (AbstractContainerReportHandler.java:updateContainerState(259)) - Container #1 is in OPEN state, but the datanode 0dee40cf-0d5a-47f0-9c10-89273726be1d(fv-az202-370.ngw3kpfb2bguzbtcwuqjmbcvef.gx.internal.cloudapp.net/10.1.0.27) reports an CLOSED replica.
2023-04-15 16:32:04,717 [BlockDeletingService#7] INFO  interfaces.ContainerDeletionChoosingPolicyTemplate (ContainerDeletionChoosingPolicyTemplate.java:chooseContainerForBlockDeletion(83)) - Chosen 0/5000 blocks from 0 candidate containers.
2023-04-15 16:32:04,717 [BlockDeletingService#1] INFO  interfaces.ContainerDeletionChoosingPolicyTemplate (ContainerDeletionChoosingPolicyTemplate.java:chooseContainerForBlockDeletion(83)) - Chosen 0/5000 blocks from 0 candidate containers.
2023-04-15 16:32:04,727 [FixedThreadPoolWithAffinityExecutor-0-0] WARN  container.ContainerReportHandler (AbstractContainerReportHandler.java:updateContainerState(259)) - Container #1 is in OPEN state, but the datanode 30c0a845-a217-4f15-8bab-f33012bc7910(fv-az202-370.ngw3kpfb2bguzbtcwuqjmbcvef.gx.internal.cloudapp.net/10.1.0.27) reports an CLOSED replica.
2023-04-15 16:32:04,817 [BlockDeletingService#7] INFO  interfaces.ContainerDeletionChoosingPolicyTemplate (ContainerDeletionChoosingPolicyTemplate.java:chooseContainerForBlockDeletion(83)) - Chosen 0/5000 blocks from 0 candidate containers.
2023-04-15 16:32:04,817 [BlockDeletingService#1] INFO  interfaces.ContainerDeletionChoosingPolicyTemplate (ContainerDeletionChoosingPolicyTemplate.java:chooseContainerForBlockDeletion(83)) - Chosen 0/5000 blocks from 0 candidate containers.
2023-04-15 16:32:04,860 [FixedThreadPoolWithAffinityExecutor-1-0] WARN  container.ContainerReportHandler (AbstractContainerReportHandler.java:updateContainerState(259)) - Container #1 is in OPEN state, but the datanode 0dee40cf-0d5a-47f0-9c10-89273726be1d(fv-az202-370.ngw3kpfb2bguzbtcwuqjmbcvef.gx.internal.cloudapp.net/10.1.0.27) reports an CLOSED replica.
2023-04-15 16:32:04,917 [BlockDeletingService#7] INFO  interfaces.ContainerDeletionChoosingPolicyTemplate (ContainerDeletionChoosingPolicyTemplate.java:chooseContainerForBlockDeletion(83)) - Chosen 0/5000 blocks from 0 candidate containers.
2023-04-15 16:32:04,917 [BlockDeletingService#1] INFO  interfaces.ContainerDeletionChoosingPolicyTemplate (ContainerDeletionChoosingPolicyTemplate.java:chooseContainerForBlockDeletion(83)) - Chosen 0/5000 blocks from 0 candidate containers.
2023-04-15 16:32:05,017 [BlockDeletingService#7] INFO  interfaces.ContainerDeletionChoosingPolicyTemplate (ContainerDeletionChoosingPolicyTemplate.java:chooseContainerForBlockDeletion(83)) - Chosen 0/5000 blocks from 0 candidate containers.
2023-04-15 16:32:05,018 [BlockDeletingService#1] INFO  interfaces.ContainerDeletionChoosingPolicyTemplate (ContainerDeletionChoosingPolicyTemplate.java:chooseContainerForBlockDeletion(83)) - Chosen 0/5000 blocks from 0 candidate containers.
2023-04-15 16:32:05,026 [FixedThreadPoolWithAffinityExecutor-0-0] WARN  container.ContainerReportHandler (AbstractContainerReportHandler.java:updateContainerState(259)) - Container #1 is in OPEN state, but the datanode 30c0a845-a217-4f15-8bab-f33012bc7910(fv-az202-370.ngw3kpfb2bguzbtcwuqjmbcvef.gx.internal.cloudapp.net/10.1.0.27) reports an CLOSED replica.
2023-04-15 16:32:05,102 [grpc-default-executor-5] WARN  server.GrpcLogAppender (LogUtils.java:warn(122)) - 30c0a845-a217-4f15-8bab-f33012bc7910@group-F40867945940->f16a70e5-fe04-4d06-9179-25c3ad8a94bb-AppendLogResponseHandler: Failed appendEntries: org.apache.ratis.thirdparty.io.grpc.StatusRuntimeException: UNAVAILABLE: io exception
2023-04-15 16:32:05,102 [grpc-default-executor-1] WARN  server.GrpcLogAppender (LogUtils.java:warn(122)) - 30c0a845-a217-4f15-8bab-f33012bc7910@group-F40867945940->f16a70e5-fe04-4d06-9179-25c3ad8a94bb-AppendLogResponseHandler: Failed appendEntries: org.apache.ratis.thirdparty.io.grpc.StatusRuntimeException: UNAVAILABLE: io exception
2023-04-15 16:32:05,103 [grpc-default-executor-5] WARN  server.GrpcLogAppender (GrpcLogAppender.java:resetClient(131)) - 30c0a845-a217-4f15-8bab-f33012bc7910@group-F40867945940->f16a70e5-fe04-4d06-9179-25c3ad8a94bb-GrpcLogAppender: Leader has not got in touch with Follower 30c0a845-a217-4f15-8bab-f33012bc7910@group-F40867945940->f16a70e5-fe04-4d06-9179-25c3ad8a94bb(c-1,m0,n7, attendVote=true, lastRpcSendTime=0, lastRpcResponseTime=13305) yet, just keep nextIndex unchanged and retry.
2023-04-15 16:32:05,103 [grpc-default-executor-1] WARN  server.GrpcLogAppender (GrpcLogAppender.java:resetClient(131)) - 30c0a845-a217-4f15-8bab-f33012bc7910@group-F40867945940->f16a70e5-fe04-4d06-9179-25c3ad8a94bb-GrpcLogAppender: Leader has not got in touch with Follower 30c0a845-a217-4f15-8bab-f33012bc7910@group-F40867945940->f16a70e5-fe04-4d06-9179-25c3ad8a94bb(c-1,m0,n7, attendVote=true, lastRpcSendTime=1, lastRpcResponseTime=13305) yet, just keep nextIndex unchanged and retry.
2023-04-15 16:32:05,118 [BlockDeletingService#7] INFO  interfaces.ContainerDeletionChoosingPolicyTemplate (ContainerDeletionChoosingPolicyTemplate.java:chooseContainerForBlockDeletion(83)) - Chosen 0/5000 blocks from 0 candidate containers.
2023-04-15 16:32:05,118 [BlockDeletingService#1] INFO  interfaces.ContainerDeletionChoosingPolicyTemplate (ContainerDeletionChoosingPolicyTemplate.java:chooseContainerForBlockDeletion(83)) - Chosen 0/5000 blocks from 0 candidate containers.
2023-04-15 16:32:05,160 [FixedThreadPoolWithAffinityExecutor-1-0] WARN  container.ContainerReportHandler (AbstractContainerReportHandler.java:updateContainerState(259)) - Container #1 is in OPEN state, but the datanode 0dee40cf-0d5a-47f0-9c10-89273726be1d(fv-az202-370.ngw3kpfb2bguzbtcwuqjmbcvef.gx.internal.cloudapp.net/10.1.0.27) reports an CLOSED replica.
2023-04-15 16:32:05,218 [BlockDeletingService#7] INFO  interfaces.ContainerDeletionChoosingPolicyTemplate (ContainerDeletionChoosingPolicyTemplate.java:chooseContainerForBlockDeletion(83)) - Chosen 0/5000 blocks from 0 candidate containers.
2023-04-15 16:32:05,218 [BlockDeletingService#1] INFO  interfaces.ContainerDeletionChoosingPolicyTemplate (ContainerDeletionChoosingPolicyTemplate.java:chooseContainerForBlockDeletion(83)) - Chosen 0/5000 blocks from 0 candidate containers.
2023-04-15 16:32:05,227 [FixedThreadPoolWithAffinityExecutor-0-0] WARN  container.ContainerReportHandler (AbstractContainerReportHandler.java:updateContainerState(259)) - Container #1 is in OPEN state, but the datanode 30c0a845-a217-4f15-8bab-f33012bc7910(fv-az202-370.ngw3kpfb2bguzbtcwuqjmbcvef.gx.internal.cloudapp.net/10.1.0.27) reports an CLOSED replica.
2023-04-15 16:32:05,318 [BlockDeletingService#7] INFO  interfaces.ContainerDeletionChoosingPolicyTemplate (ContainerDeletionChoosingPolicyTemplate.java:chooseContainerForBlockDeletion(83)) - Chosen 0/5000 blocks from 0 candidate containers.
2023-04-15 16:32:05,318 [BlockDeletingService#1] INFO  interfaces.ContainerDeletionChoosingPolicyTemplate (ContainerDeletionChoosingPolicyTemplate.java:chooseContainerForBlockDeletion(83)) - Chosen 0/5000 blocks from 0 candidate containers.
2023-04-15 16:32:05,418 [BlockDeletingService#7] INFO  interfaces.ContainerDeletionChoosingPolicyTemplate (ContainerDeletionChoosingPolicyTemplate.java:chooseContainerForBlockDeletion(83)) - Chosen 0/5000 blocks from 0 candidate containers.
2023-04-15 16:32:05,419 [BlockDeletingService#1] INFO  interfaces.ContainerDeletionChoosingPolicyTemplate (ContainerDeletionChoosingPolicyTemplate.java:chooseContainerForBlockDeletion(83)) - Chosen 0/5000 blocks from 0 candidate containers.
2023-04-15 16:32:05,460 [FixedThreadPoolWithAffinityExecutor-1-0] WARN  container.ContainerReportHandler (AbstractContainerReportHandler.java:updateContainerState(259)) - Container #1 is in OPEN state, but the datanode 0dee40cf-0d5a-47f0-9c10-89273726be1d(fv-az202-370.ngw3kpfb2bguzbtcwuqjmbcvef.gx.internal.cloudapp.net/10.1.0.27) reports an CLOSED replica.
2023-04-15 16:32:05,519 [BlockDeletingService#7] INFO  interfaces.ContainerDeletionChoosingPolicyTemplate (ContainerDeletionChoosingPolicyTemplate.java:chooseContainerForBlockDeletion(83)) - Chosen 0/5000 blocks from 0 candidate containers.
2023-04-15 16:32:05,519 [BlockDeletingService#1] INFO  interfaces.ContainerDeletionChoosingPolicyTemplate (ContainerDeletionChoosingPolicyTemplate.java:chooseContainerForBlockDeletion(83)) - Chosen 0/5000 blocks from 0 candidate containers.
2023-04-15 16:32:05,526 [FixedThreadPoolWithAffinityExecutor-0-0] WARN  container.ContainerReportHandler (AbstractContainerReportHandler.java:updateContainerState(259)) - Container #1 is in OPEN state, but the datanode 30c0a845-a217-4f15-8bab-f33012bc7910(fv-az202-370.ngw3kpfb2bguzbtcwuqjmbcvef.gx.internal.cloudapp.net/10.1.0.27) reports an CLOSED replica.
2023-04-15 16:32:05,619 [BlockDeletingService#7] INFO  interfaces.ContainerDeletionChoosingPolicyTemplate (ContainerDeletionChoosingPolicyTemplate.java:chooseContainerForBlockDeletion(83)) - Chosen 0/5000 blocks from 0 candidate containers.
2023-04-15 16:32:05,619 [BlockDeletingService#1] INFO  interfaces.ContainerDeletionChoosingPolicyTemplate (ContainerDeletionChoosingPolicyTemplate.java:chooseContainerForBlockDeletion(83)) - Chosen 0/5000 blocks from 0 candidate containers.
2023-04-15 16:32:05,719 [BlockDeletingService#7] INFO  interfaces.ContainerDeletionChoosingPolicyTemplate (ContainerDeletionChoosingPolicyTemplate.java:chooseContainerForBlockDeletion(83)) - Chosen 0/5000 blocks from 0 candidate containers.
2023-04-15 16:32:05,719 [BlockDeletingService#1] INFO  interfaces.ContainerDeletionChoosingPolicyTemplate (ContainerDeletionChoosingPolicyTemplate.java:chooseContainerForBlockDeletion(83)) - Chosen 0/5000 blocks from 0 candidate containers.
2023-04-15 16:32:05,760 [FixedThreadPoolWithAffinityExecutor-1-0] WARN  container.ContainerReportHandler (AbstractContainerReportHandler.java:updateContainerState(259)) - Container #1 is in OPEN state, but the datanode 0dee40cf-0d5a-47f0-9c10-89273726be1d(fv-az202-370.ngw3kpfb2bguzbtcwuqjmbcvef.gx.internal.cloudapp.net/10.1.0.27) reports an CLOSED replica.
2023-04-15 16:32:05,819 [BlockDeletingService#7] INFO  interfaces.ContainerDeletionChoosingPolicyTemplate (ContainerDeletionChoosingPolicyTemplate.java:chooseContainerForBlockDeletion(83)) - Chosen 0/5000 blocks from 0 candidate containers.
2023-04-15 16:32:05,819 [BlockDeletingService#1] INFO  interfaces.ContainerDeletionChoosingPolicyTemplate (ContainerDeletionChoosingPolicyTemplate.java:chooseContainerForBlockDeletion(83)) - Chosen 0/5000 blocks from 0 candidate containers.
2023-04-15 16:32:05,826 [FixedThreadPoolWithAffinityExecutor-0-0] WARN  container.ContainerReportHandler (AbstractContainerReportHandler.java:updateContainerState(259)) - Container #1 is in OPEN state, but the datanode 30c0a845-a217-4f15-8bab-f33012bc7910(fv-az202-370.ngw3kpfb2bguzbtcwuqjmbcvef.gx.internal.cloudapp.net/10.1.0.27) reports an CLOSED replica.
2023-04-15 16:32:05,920 [BlockDeletingService#7] INFO  interfaces.ContainerDeletionChoosingPolicyTemplate (ContainerDeletionChoosingPolicyTemplate.java:chooseContainerForBlockDeletion(83)) - Chosen 0/5000 blocks from 0 candidate containers.
2023-04-15 16:32:05,920 [BlockDeletingService#1] INFO  interfaces.ContainerDeletionChoosingPolicyTemplate (ContainerDeletionChoosingPolicyTemplate.java:chooseContainerForBlockDeletion(83)) - Chosen 0/5000 blocks from 0 candidate containers.
2023-04-15 16:32:05,960 [FixedThreadPoolWithAffinityExecutor-1-0] WARN  container.ContainerReportHandler (AbstractContainerReportHandler.java:updateContainerState(259)) - Container #1 is in OPEN state, but the datanode 0dee40cf-0d5a-47f0-9c10-89273726be1d(fv-az202-370.ngw3kpfb2bguzbtcwuqjmbcvef.gx.internal.cloudapp.net/10.1.0.27) reports an CLOSED replica.
2023-04-15 16:32:06,020 [BlockDeletingService#7] INFO  interfaces.ContainerDeletionChoosingPolicyTemplate (ContainerDeletionChoosingPolicyTemplate.java:chooseContainerForBlockDeletion(83)) - Chosen 0/5000 blocks from 0 candidate containers.
2023-04-15 16:32:06,020 [BlockDeletingService#1] INFO  interfaces.ContainerDeletionChoosingPolicyTemplate (ContainerDeletionChoosingPolicyTemplate.java:chooseContainerForBlockDeletion(83)) - Chosen 0/5000 blocks from 0 candidate containers.
2023-04-15 16:32:06,030 [FixedThreadPoolWithAffinityExecutor-0-0] WARN  container.ContainerReportHandler (AbstractContainerReportHandler.java:updateContainerState(259)) - Container #1 is in OPEN state, but the datanode 30c0a845-a217-4f15-8bab-f33012bc7910(fv-az202-370.ngw3kpfb2bguzbtcwuqjmbcvef.gx.internal.cloudapp.net/10.1.0.27) reports an CLOSED replica.
2023-04-15 16:32:06,120 [BlockDeletingService#7] INFO  interfaces.ContainerDeletionChoosingPolicyTemplate (ContainerDeletionChoosingPolicyTemplate.java:chooseContainerForBlockDeletion(83)) - Chosen 0/5000 blocks from 0 candidate containers.
2023-04-15 16:32:06,120 [BlockDeletingService#1] INFO  interfaces.ContainerDeletionChoosingPolicyTemplate (ContainerDeletionChoosingPolicyTemplate.java:chooseContainerForBlockDeletion(83)) - Chosen 0/5000 blocks from 0 candidate containers.
2023-04-15 16:32:06,220 [BlockDeletingService#7] INFO  interfaces.ContainerDeletionChoosingPolicyTemplate (ContainerDeletionChoosingPolicyTemplate.java:chooseContainerForBlockDeletion(83)) - Chosen 0/5000 blocks from 0 candidate containers.
2023-04-15 16:32:06,220 [BlockDeletingService#1] INFO  interfaces.ContainerDeletionChoosingPolicyTemplate (ContainerDeletionChoosingPolicyTemplate.java:chooseContainerForBlockDeletion(83)) - Chosen 0/5000 blocks from 0 candidate containers.
2023-04-15 16:32:06,263 [FixedThreadPoolWithAffinityExecutor-1-0] WARN  container.ContainerReportHandler (AbstractContainerReportHandler.java:updateContainerState(259)) - Container #1 is in OPEN state, but the datanode 0dee40cf-0d5a-47f0-9c10-89273726be1d(fv-az202-370.ngw3kpfb2bguzbtcwuqjmbcvef.gx.internal.cloudapp.net/10.1.0.27) reports an CLOSED replica.
2023-04-15 16:32:06,321 [BlockDeletingService#7] INFO  interfaces.ContainerDeletionChoosingPolicyTemplate (ContainerDeletionChoosingPolicyTemplate.java:chooseContainerForBlockDeletion(83)) - Chosen 0/5000 blocks from 0 candidate containers.
2023-04-15 16:32:06,321 [BlockDeletingService#1] INFO  interfaces.ContainerDeletionChoosingPolicyTemplate (ContainerDeletionChoosingPolicyTemplate.java:chooseContainerForBlockDeletion(83)) - Chosen 0/5000 blocks from 0 candidate containers.
2023-04-15 16:32:06,326 [FixedThreadPoolWithAffinityExecutor-0-0] WARN  container.ContainerReportHandler (AbstractContainerReportHandler.java:updateContainerState(259)) - Container #1 is in OPEN state, but the datanode 30c0a845-a217-4f15-8bab-f33012bc7910(fv-az202-370.ngw3kpfb2bguzbtcwuqjmbcvef.gx.internal.cloudapp.net/10.1.0.27) reports an CLOSED replica.
2023-04-15 16:32:06,352 [grpc-default-executor-1] WARN  server.GrpcLogAppender (LogUtils.java:warn(122)) - 30c0a845-a217-4f15-8bab-f33012bc7910@group-F40867945940->f16a70e5-fe04-4d06-9179-25c3ad8a94bb-AppendLogResponseHandler: Failed appendEntries: org.apache.ratis.thirdparty.io.grpc.StatusRuntimeException: UNAVAILABLE: io exception
2023-04-15 16:32:06,353 [grpc-default-executor-1] WARN  server.GrpcLogAppender (GrpcLogAppender.java:resetClient(131)) - 30c0a845-a217-4f15-8bab-f33012bc7910@group-F40867945940->f16a70e5-fe04-4d06-9179-25c3ad8a94bb-GrpcLogAppender: Leader has not got in touch with Follower 30c0a845-a217-4f15-8bab-f33012bc7910@group-F40867945940->f16a70e5-fe04-4d06-9179-25c3ad8a94bb(c-1,m0,n7, attendVote=true, lastRpcSendTime=0, lastRpcResponseTime=14555) yet, just keep nextIndex unchanged and retry.
2023-04-15 16:32:06,352 [grpc-default-executor-5] WARN  server.GrpcLogAppender (LogUtils.java:warn(122)) - 30c0a845-a217-4f15-8bab-f33012bc7910@group-F40867945940->f16a70e5-fe04-4d06-9179-25c3ad8a94bb-AppendLogResponseHandler: Failed appendEntries: org.apache.ratis.thirdparty.io.grpc.StatusRuntimeException: UNAVAILABLE: io exception
2023-04-15 16:32:06,354 [grpc-default-executor-5] WARN  server.GrpcLogAppender (GrpcLogAppender.java:resetClient(131)) - 30c0a845-a217-4f15-8bab-f33012bc7910@group-F40867945940->f16a70e5-fe04-4d06-9179-25c3ad8a94bb-GrpcLogAppender: Leader has not got in touch with Follower 30c0a845-a217-4f15-8bab-f33012bc7910@group-F40867945940->f16a70e5-fe04-4d06-9179-25c3ad8a94bb(c-1,m0,n7, attendVote=true, lastRpcSendTime=1, lastRpcResponseTime=14556) yet, just keep nextIndex unchanged and retry.
2023-04-15 16:32:06,421 [BlockDeletingService#7] INFO  interfaces.ContainerDeletionChoosingPolicyTemplate (ContainerDeletionChoosingPolicyTemplate.java:chooseContainerForBlockDeletion(83)) - Chosen 0/5000 blocks from 0 candidate containers.
2023-04-15 16:32:06,421 [BlockDeletingService#1] INFO  interfaces.ContainerDeletionChoosingPolicyTemplate (ContainerDeletionChoosingPolicyTemplate.java:chooseContainerForBlockDeletion(83)) - Chosen 0/5000 blocks from 0 candidate containers.
2023-04-15 16:32:06,521 [BlockDeletingService#7] INFO  interfaces.ContainerDeletionChoosingPolicyTemplate (ContainerDeletionChoosingPolicyTemplate.java:chooseContainerForBlockDeletion(83)) - Chosen 0/5000 blocks from 0 candidate containers.
2023-04-15 16:32:06,521 [BlockDeletingService#1] INFO  interfaces.ContainerDeletionChoosingPolicyTemplate (ContainerDeletionChoosingPolicyTemplate.java:chooseContainerForBlockDeletion(83)) - Chosen 0/5000 blocks from 0 candidate containers.
2023-04-15 16:32:06,527 [FixedThreadPoolWithAffinityExecutor-0-0] WARN  container.ContainerReportHandler (AbstractContainerReportHandler.java:updateContainerState(259)) - Container #1 is in OPEN state, but the datanode 30c0a845-a217-4f15-8bab-f33012bc7910(fv-az202-370.ngw3kpfb2bguzbtcwuqjmbcvef.gx.internal.cloudapp.net/10.1.0.27) reports an CLOSED replica.
2023-04-15 16:32:06,562 [FixedThreadPoolWithAffinityExecutor-1-0] WARN  container.ContainerReportHandler (AbstractContainerReportHandler.java:updateContainerState(259)) - Container #1 is in OPEN state, but the datanode 0dee40cf-0d5a-47f0-9c10-89273726be1d(fv-az202-370.ngw3kpfb2bguzbtcwuqjmbcvef.gx.internal.cloudapp.net/10.1.0.27) reports an CLOSED replica.
2023-04-15 16:32:06,621 [BlockDeletingService#7] INFO  interfaces.ContainerDeletionChoosingPolicyTemplate (ContainerDeletionChoosingPolicyTemplate.java:chooseContainerForBlockDeletion(83)) - Chosen 0/5000 blocks from 0 candidate containers.
2023-04-15 16:32:06,621 [BlockDeletingService#1] INFO  interfaces.ContainerDeletionChoosingPolicyTemplate (ContainerDeletionChoosingPolicyTemplate.java:chooseContainerForBlockDeletion(83)) - Chosen 0/5000 blocks from 0 candidate containers.
2023-04-15 16:32:06,722 [BlockDeletingService#7] INFO  interfaces.ContainerDeletionChoosingPolicyTemplate (ContainerDeletionChoosingPolicyTemplate.java:chooseContainerForBlockDeletion(83)) - Chosen 0/5000 blocks from 0 candidate containers.
2023-04-15 16:32:06,722 [BlockDeletingService#1] INFO  interfaces.ContainerDeletionChoosingPolicyTemplate (ContainerDeletionChoosingPolicyTemplate.java:chooseContainerForBlockDeletion(83)) - Chosen 0/5000 blocks from 0 candidate containers.
2023-04-15 16:32:06,822 [BlockDeletingService#7] INFO  interfaces.ContainerDeletionChoosingPolicyTemplate (ContainerDeletionChoosingPolicyTemplate.java:chooseContainerForBlockDeletion(83)) - Chosen 0/5000 blocks from 0 candidate containers.
2023-04-15 16:32:06,822 [BlockDeletingService#1] INFO  interfaces.ContainerDeletionChoosingPolicyTemplate (ContainerDeletionChoosingPolicyTemplate.java:chooseContainerForBlockDeletion(83)) - Chosen 0/5000 blocks from 0 candidate containers.
2023-04-15 16:32:06,826 [FixedThreadPoolWithAffinityExecutor-0-0] WARN  container.ContainerReportHandler (AbstractContainerReportHandler.java:updateContainerState(259)) - Container #1 is in OPEN state, but the datanode 30c0a845-a217-4f15-8bab-f33012bc7910(fv-az202-370.ngw3kpfb2bguzbtcwuqjmbcvef.gx.internal.cloudapp.net/10.1.0.27) reports an CLOSED replica.
2023-04-15 16:32:06,861 [FixedThreadPoolWithAffinityExecutor-1-0] WARN  container.ContainerReportHandler (AbstractContainerReportHandler.java:updateContainerState(259)) - Container #1 is in OPEN state, but the datanode 0dee40cf-0d5a-47f0-9c10-89273726be1d(fv-az202-370.ngw3kpfb2bguzbtcwuqjmbcvef.gx.internal.cloudapp.net/10.1.0.27) reports an CLOSED replica.
2023-04-15 16:32:06,922 [BlockDeletingService#7] INFO  interfaces.ContainerDeletionChoosingPolicyTemplate (ContainerDeletionChoosingPolicyTemplate.java:chooseContainerForBlockDeletion(83)) - Chosen 0/5000 blocks from 0 candidate containers.
2023-04-15 16:32:06,922 [BlockDeletingService#1] INFO  interfaces.ContainerDeletionChoosingPolicyTemplate (ContainerDeletionChoosingPolicyTemplate.java:chooseContainerForBlockDeletion(83)) - Chosen 0/5000 blocks from 0 candidate containers.
2023-04-15 16:32:07,022 [BlockDeletingService#7] INFO  interfaces.ContainerDeletionChoosingPolicyTemplate (ContainerDeletionChoosingPolicyTemplate.java:chooseContainerForBlockDeletion(83)) - Chosen 0/5000 blocks from 0 candidate containers.
2023-04-15 16:32:07,022 [BlockDeletingService#1] INFO  interfaces.ContainerDeletionChoosingPolicyTemplate (ContainerDeletionChoosingPolicyTemplate.java:chooseContainerForBlockDeletion(83)) - Chosen 0/5000 blocks from 0 candidate containers.
2023-04-15 16:32:07,028 [FixedThreadPoolWithAffinityExecutor-0-0] WARN  container.ContainerReportHandler (AbstractContainerReportHandler.java:updateContainerState(259)) - Container #1 is in OPEN state, but the datanode 30c0a845-a217-4f15-8bab-f33012bc7910(fv-az202-370.ngw3kpfb2bguzbtcwuqjmbcvef.gx.internal.cloudapp.net/10.1.0.27) reports an CLOSED replica.
2023-04-15 16:32:07,061 [FixedThreadPoolWithAffinityExecutor-1-0] WARN  container.ContainerReportHandler (AbstractContainerReportHandler.java:updateContainerState(259)) - Container #1 is in OPEN state, but the datanode 0dee40cf-0d5a-47f0-9c10-89273726be1d(fv-az202-370.ngw3kpfb2bguzbtcwuqjmbcvef.gx.internal.cloudapp.net/10.1.0.27) reports an CLOSED replica.
2023-04-15 16:32:07,123 [BlockDeletingService#7] INFO  interfaces.ContainerDeletionChoosingPolicyTemplate (ContainerDeletionChoosingPolicyTemplate.java:chooseContainerForBlockDeletion(83)) - Chosen 0/5000 blocks from 0 candidate containers.
2023-04-15 16:32:07,123 [BlockDeletingService#1] INFO  interfaces.ContainerDeletionChoosingPolicyTemplate (ContainerDeletionChoosingPolicyTemplate.java:chooseContainerForBlockDeletion(83)) - Chosen 0/5000 blocks from 0 candidate containers.
2023-04-15 16:32:07,223 [BlockDeletingService#7] INFO  interfaces.ContainerDeletionChoosingPolicyTemplate (ContainerDeletionChoosingPolicyTemplate.java:chooseContainerForBlockDeletion(83)) - Chosen 0/5000 blocks from 0 candidate containers.
2023-04-15 16:32:07,223 [BlockDeletingService#1] INFO  interfaces.ContainerDeletionChoosingPolicyTemplate (ContainerDeletionChoosingPolicyTemplate.java:chooseContainerForBlockDeletion(83)) - Chosen 0/5000 blocks from 0 candidate containers.
2023-04-15 16:32:07,323 [BlockDeletingService#7] INFO  interfaces.ContainerDeletionChoosingPolicyTemplate (ContainerDeletionChoosingPolicyTemplate.java:chooseContainerForBlockDeletion(83)) - Chosen 0/5000 blocks from 0 candidate containers.
2023-04-15 16:32:07,323 [BlockDeletingService#1] INFO  interfaces.ContainerDeletionChoosingPolicyTemplate (ContainerDeletionChoosingPolicyTemplate.java:chooseContainerForBlockDeletion(83)) - Chosen 0/5000 blocks from 0 candidate containers.
2023-04-15 16:32:07,326 [FixedThreadPoolWithAffinityExecutor-0-0] WARN  container.ContainerReportHandler (AbstractContainerReportHandler.java:updateContainerState(259)) - Container #1 is in OPEN state, but the datanode 30c0a845-a217-4f15-8bab-f33012bc7910(fv-az202-370.ngw3kpfb2bguzbtcwuqjmbcvef.gx.internal.cloudapp.net/10.1.0.27) reports an CLOSED replica.
2023-04-15 16:32:07,361 [FixedThreadPoolWithAffinityExecutor-1-0] WARN  container.ContainerReportHandler (AbstractContainerReportHandler.java:updateContainerState(259)) - Container #1 is in OPEN state, but the datanode 0dee40cf-0d5a-47f0-9c10-89273726be1d(fv-az202-370.ngw3kpfb2bguzbtcwuqjmbcvef.gx.internal.cloudapp.net/10.1.0.27) reports an CLOSED replica.
2023-04-15 16:32:07,423 [BlockDeletingService#7] INFO  interfaces.ContainerDeletionChoosingPolicyTemplate (ContainerDeletionChoosingPolicyTemplate.java:chooseContainerForBlockDeletion(83)) - Chosen 0/5000 blocks from 0 candidate containers.
2023-04-15 16:32:07,423 [BlockDeletingService#1] INFO  interfaces.ContainerDeletionChoosingPolicyTemplate (ContainerDeletionChoosingPolicyTemplate.java:chooseContainerForBlockDeletion(83)) - Chosen 0/5000 blocks from 0 candidate containers.
2023-04-15 16:32:07,524 [BlockDeletingService#7] INFO  interfaces.ContainerDeletionChoosingPolicyTemplate (ContainerDeletionChoosingPolicyTemplate.java:chooseContainerForBlockDeletion(83)) - Chosen 0/5000 blocks from 0 candidate containers.
2023-04-15 16:32:07,524 [BlockDeletingService#1] INFO  interfaces.ContainerDeletionChoosingPolicyTemplate (ContainerDeletionChoosingPolicyTemplate.java:chooseContainerForBlockDeletion(83)) - Chosen 0/5000 blocks from 0 candidate containers.
2023-04-15 16:32:07,526 [FixedThreadPoolWithAffinityExecutor-0-0] WARN  container.ContainerReportHandler (AbstractContainerReportHandler.java:updateContainerState(259)) - Container #1 is in OPEN state, but the datanode 30c0a845-a217-4f15-8bab-f33012bc7910(fv-az202-370.ngw3kpfb2bguzbtcwuqjmbcvef.gx.internal.cloudapp.net/10.1.0.27) reports an CLOSED replica.
2023-04-15 16:32:07,603 [grpc-default-executor-5] WARN  server.GrpcLogAppender (LogUtils.java:warn(122)) - 30c0a845-a217-4f15-8bab-f33012bc7910@group-F40867945940->f16a70e5-fe04-4d06-9179-25c3ad8a94bb-AppendLogResponseHandler: Failed appendEntries: org.apache.ratis.thirdparty.io.grpc.StatusRuntimeException: UNAVAILABLE: io exception
2023-04-15 16:32:07,603 [grpc-default-executor-1] WARN  server.GrpcLogAppender (LogUtils.java:warn(122)) - 30c0a845-a217-4f15-8bab-f33012bc7910@group-F40867945940->f16a70e5-fe04-4d06-9179-25c3ad8a94bb-AppendLogResponseHandler: Failed appendEntries: org.apache.ratis.thirdparty.io.grpc.StatusRuntimeException: UNAVAILABLE: io exception
2023-04-15 16:32:07,604 [grpc-default-executor-5] WARN  server.GrpcLogAppender (GrpcLogAppender.java:resetClient(131)) - 30c0a845-a217-4f15-8bab-f33012bc7910@group-F40867945940->f16a70e5-fe04-4d06-9179-25c3ad8a94bb-GrpcLogAppender: Leader has not got in touch with Follower 30c0a845-a217-4f15-8bab-f33012bc7910@group-F40867945940->f16a70e5-fe04-4d06-9179-25c3ad8a94bb(c-1,m0,n7, attendVote=true, lastRpcSendTime=0, lastRpcResponseTime=15806) yet, just keep nextIndex unchanged and retry.
2023-04-15 16:32:07,604 [grpc-default-executor-1] WARN  server.GrpcLogAppender (GrpcLogAppender.java:resetClient(131)) - 30c0a845-a217-4f15-8bab-f33012bc7910@group-F40867945940->f16a70e5-fe04-4d06-9179-25c3ad8a94bb-GrpcLogAppender: Leader has not got in touch with Follower 30c0a845-a217-4f15-8bab-f33012bc7910@group-F40867945940->f16a70e5-fe04-4d06-9179-25c3ad8a94bb(c-1,m0,n7, attendVote=true, lastRpcSendTime=0, lastRpcResponseTime=15806) yet, just keep nextIndex unchanged and retry.
2023-04-15 16:32:07,624 [BlockDeletingService#7] INFO  interfaces.ContainerDeletionChoosingPolicyTemplate (ContainerDeletionChoosingPolicyTemplate.java:chooseContainerForBlockDeletion(83)) - Chosen 0/5000 blocks from 0 candidate containers.
2023-04-15 16:32:07,624 [BlockDeletingService#1] INFO  interfaces.ContainerDeletionChoosingPolicyTemplate (ContainerDeletionChoosingPolicyTemplate.java:chooseContainerForBlockDeletion(83)) - Chosen 0/5000 blocks from 0 candidate containers.
2023-04-15 16:32:07,661 [FixedThreadPoolWithAffinityExecutor-1-0] WARN  container.ContainerReportHandler (AbstractContainerReportHandler.java:updateContainerState(259)) - Container #1 is in OPEN state, but the datanode 0dee40cf-0d5a-47f0-9c10-89273726be1d(fv-az202-370.ngw3kpfb2bguzbtcwuqjmbcvef.gx.internal.cloudapp.net/10.1.0.27) reports an CLOSED replica.
2023-04-15 16:32:07,724 [BlockDeletingService#7] INFO  interfaces.ContainerDeletionChoosingPolicyTemplate (ContainerDeletionChoosingPolicyTemplate.java:chooseContainerForBlockDeletion(83)) - Chosen 0/5000 blocks from 0 candidate containers.
2023-04-15 16:32:07,724 [BlockDeletingService#1] INFO  interfaces.ContainerDeletionChoosingPolicyTemplate (ContainerDeletionChoosingPolicyTemplate.java:chooseContainerForBlockDeletion(83)) - Chosen 0/5000 blocks from 0 candidate containers.
2023-04-15 16:32:07,824 [BlockDeletingService#7] INFO  interfaces.ContainerDeletionChoosingPolicyTemplate (ContainerDeletionChoosingPolicyTemplate.java:chooseContainerForBlockDeletion(83)) - Chosen 0/5000 blocks from 0 candidate containers.
2023-04-15 16:32:07,824 [BlockDeletingService#1] INFO  interfaces.ContainerDeletionChoosingPolicyTemplate (ContainerDeletionChoosingPolicyTemplate.java:chooseContainerForBlockDeletion(83)) - Chosen 0/5000 blocks from 0 candidate containers.
2023-04-15 16:32:07,826 [FixedThreadPoolWithAffinityExecutor-0-0] WARN  container.ContainerReportHandler (AbstractContainerReportHandler.java:updateContainerState(259)) - Container #1 is in OPEN state, but the datanode 30c0a845-a217-4f15-8bab-f33012bc7910(fv-az202-370.ngw3kpfb2bguzbtcwuqjmbcvef.gx.internal.cloudapp.net/10.1.0.27) reports an CLOSED replica.
2023-04-15 16:32:07,924 [BlockDeletingService#7] INFO  interfaces.ContainerDeletionChoosingPolicyTemplate (ContainerDeletionChoosingPolicyTemplate.java:chooseContainerForBlockDeletion(83)) - Chosen 0/5000 blocks from 0 candidate containers.
2023-04-15 16:32:07,924 [BlockDeletingService#1] INFO  interfaces.ContainerDeletionChoosingPolicyTemplate (ContainerDeletionChoosingPolicyTemplate.java:chooseContainerForBlockDeletion(83)) - Chosen 0/5000 blocks from 0 candidate containers.
2023-04-15 16:32:07,961 [FixedThreadPoolWithAffinityExecutor-1-0] WARN  container.ContainerReportHandler (AbstractContainerReportHandler.java:updateContainerState(259)) - Container #1 is in OPEN state, but the datanode 0dee40cf-0d5a-47f0-9c10-89273726be1d(fv-az202-370.ngw3kpfb2bguzbtcwuqjmbcvef.gx.internal.cloudapp.net/10.1.0.27) reports an CLOSED replica.
2023-04-15 16:32:08,025 [BlockDeletingService#7] INFO  interfaces.ContainerDeletionChoosingPolicyTemplate (ContainerDeletionChoosingPolicyTemplate.java:chooseContainerForBlockDeletion(83)) - Chosen 0/5000 blocks from 0 candidate containers.
2023-04-15 16:32:08,025 [BlockDeletingService#1] INFO  interfaces.ContainerDeletionChoosingPolicyTemplate (ContainerDeletionChoosingPolicyTemplate.java:chooseContainerForBlockDeletion(83)) - Chosen 0/5000 blocks from 0 candidate containers.
2023-04-15 16:32:08,125 [BlockDeletingService#7] INFO  interfaces.ContainerDeletionChoosingPolicyTemplate (ContainerDeletionChoosingPolicyTemplate.java:chooseContainerForBlockDeletion(83)) - Chosen 0/5000 blocks from 0 candidate containers.
2023-04-15 16:32:08,125 [BlockDeletingService#1] INFO  interfaces.ContainerDeletionChoosingPolicyTemplate (ContainerDeletionChoosingPolicyTemplate.java:chooseContainerForBlockDeletion(83)) - Chosen 0/5000 blocks from 0 candidate containers.
2023-04-15 16:32:08,127 [FixedThreadPoolWithAffinityExecutor-0-0] WARN  container.ContainerReportHandler (AbstractContainerReportHandler.java:updateContainerState(259)) - Container #1 is in OPEN state, but the datanode 30c0a845-a217-4f15-8bab-f33012bc7910(fv-az202-370.ngw3kpfb2bguzbtcwuqjmbcvef.gx.internal.cloudapp.net/10.1.0.27) reports an CLOSED replica.
2023-04-15 16:32:08,167 [FixedThreadPoolWithAffinityExecutor-1-0] WARN  container.ContainerReportHandler (AbstractContainerReportHandler.java:updateContainerState(259)) - Container #1 is in OPEN state, but the datanode 0dee40cf-0d5a-47f0-9c10-89273726be1d(fv-az202-370.ngw3kpfb2bguzbtcwuqjmbcvef.gx.internal.cloudapp.net/10.1.0.27) reports an CLOSED replica.
2023-04-15 16:32:08,225 [BlockDeletingService#7] INFO  interfaces.ContainerDeletionChoosingPolicyTemplate (ContainerDeletionChoosingPolicyTemplate.java:chooseContainerForBlockDeletion(83)) - Chosen 0/5000 blocks from 0 candidate containers.
2023-04-15 16:32:08,225 [BlockDeletingService#1] INFO  interfaces.ContainerDeletionChoosingPolicyTemplate (ContainerDeletionChoosingPolicyTemplate.java:chooseContainerForBlockDeletion(83)) - Chosen 0/5000 blocks from 0 candidate containers.
2023-04-15 16:32:08,325 [BlockDeletingService#7] INFO  interfaces.ContainerDeletionChoosingPolicyTemplate (ContainerDeletionChoosingPolicyTemplate.java:chooseContainerForBlockDeletion(83)) - Chosen 0/5000 blocks from 0 candidate containers.
2023-04-15 16:32:08,325 [BlockDeletingService#1] INFO  interfaces.ContainerDeletionChoosingPolicyTemplate (ContainerDeletionChoosingPolicyTemplate.java:chooseContainerForBlockDeletion(83)) - Chosen 0/5000 blocks from 0 candidate containers.
2023-04-15 16:32:08,327 [FixedThreadPoolWithAffinityExecutor-0-0] WARN  container.ContainerReportHandler (AbstractContainerReportHandler.java:updateContainerState(259)) - Container #1 is in OPEN state, but the datanode 30c0a845-a217-4f15-8bab-f33012bc7910(fv-az202-370.ngw3kpfb2bguzbtcwuqjmbcvef.gx.internal.cloudapp.net/10.1.0.27) reports an CLOSED replica.
2023-04-15 16:32:08,426 [BlockDeletingService#7] INFO  interfaces.ContainerDeletionChoosingPolicyTemplate (ContainerDeletionChoosingPolicyTemplate.java:chooseContainerForBlockDeletion(83)) - Chosen 0/5000 blocks from 0 candidate containers.
2023-04-15 16:32:08,426 [BlockDeletingService#1] INFO  interfaces.ContainerDeletionChoosingPolicyTemplate (ContainerDeletionChoosingPolicyTemplate.java:chooseContainerForBlockDeletion(83)) - Chosen 0/5000 blocks from 0 candidate containers.
2023-04-15 16:32:08,466 [FixedThreadPoolWithAffinityExecutor-1-0] WARN  container.ContainerReportHandler (AbstractContainerReportHandler.java:updateContainerState(259)) - Container #1 is in OPEN state, but the datanode 0dee40cf-0d5a-47f0-9c10-89273726be1d(fv-az202-370.ngw3kpfb2bguzbtcwuqjmbcvef.gx.internal.cloudapp.net/10.1.0.27) reports an CLOSED replica.
2023-04-15 16:32:08,526 [BlockDeletingService#1] INFO  interfaces.ContainerDeletionChoosingPolicyTemplate (ContainerDeletionChoosingPolicyTemplate.java:chooseContainerForBlockDeletion(83)) - Chosen 0/5000 blocks from 0 candidate containers.
2023-04-15 16:32:08,526 [BlockDeletingService#7] INFO  interfaces.ContainerDeletionChoosingPolicyTemplate (ContainerDeletionChoosingPolicyTemplate.java:chooseContainerForBlockDeletion(83)) - Chosen 0/5000 blocks from 0 candidate containers.
2023-04-15 16:32:08,626 [BlockDeletingService#7] INFO  interfaces.ContainerDeletionChoosingPolicyTemplate (ContainerDeletionChoosingPolicyTemplate.java:chooseContainerForBlockDeletion(83)) - Chosen 0/5000 blocks from 0 candidate containers.
2023-04-15 16:32:08,626 [BlockDeletingService#1] INFO  interfaces.ContainerDeletionChoosingPolicyTemplate (ContainerDeletionChoosingPolicyTemplate.java:chooseContainerForBlockDeletion(83)) - Chosen 0/5000 blocks from 0 candidate containers.
2023-04-15 16:32:08,627 [FixedThreadPoolWithAffinityExecutor-0-0] WARN  container.ContainerReportHandler (AbstractContainerReportHandler.java:updateContainerState(259)) - Container #1 is in OPEN state, but the datanode 30c0a845-a217-4f15-8bab-f33012bc7910(fv-az202-370.ngw3kpfb2bguzbtcwuqjmbcvef.gx.internal.cloudapp.net/10.1.0.27) reports an CLOSED replica.
2023-04-15 16:32:08,726 [BlockDeletingService#7] INFO  interfaces.ContainerDeletionChoosingPolicyTemplate (ContainerDeletionChoosingPolicyTemplate.java:chooseContainerForBlockDeletion(83)) - Chosen 0/5000 blocks from 0 candidate containers.
2023-04-15 16:32:08,734 [BlockDeletingService#1] INFO  interfaces.ContainerDeletionChoosingPolicyTemplate (ContainerDeletionChoosingPolicyTemplate.java:chooseContainerForBlockDeletion(83)) - Chosen 0/5000 blocks from 0 candidate containers.
2023-04-15 16:32:08,770 [FixedThreadPoolWithAffinityExecutor-1-0] WARN  container.ContainerReportHandler (AbstractContainerReportHandler.java:updateContainerState(259)) - Container #1 is in OPEN state, but the datanode 0dee40cf-0d5a-47f0-9c10-89273726be1d(fv-az202-370.ngw3kpfb2bguzbtcwuqjmbcvef.gx.internal.cloudapp.net/10.1.0.27) reports an CLOSED replica.
2023-04-15 16:32:08,827 [BlockDeletingService#7] INFO  interfaces.ContainerDeletionChoosingPolicyTemplate (ContainerDeletionChoosingPolicyTemplate.java:chooseContainerForBlockDeletion(83)) - Chosen 0/5000 blocks from 0 candidate containers.
2023-04-15 16:32:08,830 [FixedThreadPoolWithAffinityExecutor-0-0] WARN  container.ContainerReportHandler (AbstractContainerReportHandler.java:updateContainerState(259)) - Container #1 is in OPEN state, but the datanode 30c0a845-a217-4f15-8bab-f33012bc7910(fv-az202-370.ngw3kpfb2bguzbtcwuqjmbcvef.gx.internal.cloudapp.net/10.1.0.27) reports an CLOSED replica.
2023-04-15 16:32:08,834 [BlockDeletingService#1] INFO  interfaces.ContainerDeletionChoosingPolicyTemplate (ContainerDeletionChoosingPolicyTemplate.java:chooseContainerForBlockDeletion(83)) - Chosen 0/5000 blocks from 0 candidate containers.
2023-04-15 16:32:08,853 [grpc-default-executor-1] WARN  server.GrpcLogAppender (LogUtils.java:warn(122)) - 30c0a845-a217-4f15-8bab-f33012bc7910@group-F40867945940->f16a70e5-fe04-4d06-9179-25c3ad8a94bb-AppendLogResponseHandler: Failed appendEntries: org.apache.ratis.thirdparty.io.grpc.StatusRuntimeException: UNAVAILABLE: io exception
2023-04-15 16:32:08,853 [grpc-default-executor-5] WARN  server.GrpcLogAppender (LogUtils.java:warn(122)) - 30c0a845-a217-4f15-8bab-f33012bc7910@group-F40867945940->f16a70e5-fe04-4d06-9179-25c3ad8a94bb-AppendLogResponseHandler: Failed appendEntries: org.apache.ratis.thirdparty.io.grpc.StatusRuntimeException: UNAVAILABLE: io exception
2023-04-15 16:32:08,854 [grpc-default-executor-1] WARN  server.GrpcLogAppender (GrpcLogAppender.java:resetClient(131)) - 30c0a845-a217-4f15-8bab-f33012bc7910@group-F40867945940->f16a70e5-fe04-4d06-9179-25c3ad8a94bb-GrpcLogAppender: Leader has not got in touch with Follower 30c0a845-a217-4f15-8bab-f33012bc7910@group-F40867945940->f16a70e5-fe04-4d06-9179-25c3ad8a94bb(c-1,m0,n7, attendVote=true, lastRpcSendTime=0, lastRpcResponseTime=17056) yet, just keep nextIndex unchanged and retry.
2023-04-15 16:32:08,855 [grpc-default-executor-5] WARN  server.GrpcLogAppender (GrpcLogAppender.java:resetClient(131)) - 30c0a845-a217-4f15-8bab-f33012bc7910@group-F40867945940->f16a70e5-fe04-4d06-9179-25c3ad8a94bb-GrpcLogAppender: Leader has not got in touch with Follower 30c0a845-a217-4f15-8bab-f33012bc7910@group-F40867945940->f16a70e5-fe04-4d06-9179-25c3ad8a94bb(c-1,m0,n7, attendVote=true, lastRpcSendTime=1, lastRpcResponseTime=17057) yet, just keep nextIndex unchanged and retry.
2023-04-15 16:32:08,927 [BlockDeletingService#7] INFO  interfaces.ContainerDeletionChoosingPolicyTemplate (ContainerDeletionChoosingPolicyTemplate.java:chooseContainerForBlockDeletion(83)) - Chosen 0/5000 blocks from 0 candidate containers.
2023-04-15 16:32:08,934 [BlockDeletingService#1] INFO  interfaces.ContainerDeletionChoosingPolicyTemplate (ContainerDeletionChoosingPolicyTemplate.java:chooseContainerForBlockDeletion(83)) - Chosen 0/5000 blocks from 0 candidate containers.
2023-04-15 16:32:08,968 [FixedThreadPoolWithAffinityExecutor-1-0] WARN  container.ContainerReportHandler (AbstractContainerReportHandler.java:updateContainerState(259)) - Container #1 is in OPEN state, but the datanode 0dee40cf-0d5a-47f0-9c10-89273726be1d(fv-az202-370.ngw3kpfb2bguzbtcwuqjmbcvef.gx.internal.cloudapp.net/10.1.0.27) reports an CLOSED replica.
2023-04-15 16:32:09,027 [BlockDeletingService#7] INFO  interfaces.ContainerDeletionChoosingPolicyTemplate (ContainerDeletionChoosingPolicyTemplate.java:chooseContainerForBlockDeletion(83)) - Chosen 0/5000 blocks from 0 candidate containers.
2023-04-15 16:32:09,034 [BlockDeletingService#1] INFO  interfaces.ContainerDeletionChoosingPolicyTemplate (ContainerDeletionChoosingPolicyTemplate.java:chooseContainerForBlockDeletion(83)) - Chosen 0/5000 blocks from 0 candidate containers.
2023-04-15 16:32:09,127 [BlockDeletingService#7] INFO  interfaces.ContainerDeletionChoosingPolicyTemplate (ContainerDeletionChoosingPolicyTemplate.java:chooseContainerForBlockDeletion(83)) - Chosen 0/5000 blocks from 0 candidate containers.
2023-04-15 16:32:09,130 [FixedThreadPoolWithAffinityExecutor-0-0] WARN  container.ContainerReportHandler (AbstractContainerReportHandler.java:updateContainerState(259)) - Container #1 is in OPEN state, but the datanode 30c0a845-a217-4f15-8bab-f33012bc7910(fv-az202-370.ngw3kpfb2bguzbtcwuqjmbcvef.gx.internal.cloudapp.net/10.1.0.27) reports an CLOSED replica.
2023-04-15 16:32:09,134 [BlockDeletingService#1] INFO  interfaces.ContainerDeletionChoosingPolicyTemplate (ContainerDeletionChoosingPolicyTemplate.java:chooseContainerForBlockDeletion(83)) - Chosen 0/5000 blocks from 0 candidate containers.
2023-04-15 16:32:09,228 [BlockDeletingService#7] INFO  interfaces.ContainerDeletionChoosingPolicyTemplate (ContainerDeletionChoosingPolicyTemplate.java:chooseContainerForBlockDeletion(83)) - Chosen 0/5000 blocks from 0 candidate containers.
2023-04-15 16:32:09,234 [BlockDeletingService#1] INFO  interfaces.ContainerDeletionChoosingPolicyTemplate (ContainerDeletionChoosingPolicyTemplate.java:chooseContainerForBlockDeletion(83)) - Chosen 0/5000 blocks from 0 candidate containers.
2023-04-15 16:32:09,267 [FixedThreadPoolWithAffinityExecutor-1-0] WARN  container.ContainerReportHandler (AbstractContainerReportHandler.java:updateContainerState(259)) - Container #1 is in OPEN state, but the datanode 0dee40cf-0d5a-47f0-9c10-89273726be1d(fv-az202-370.ngw3kpfb2bguzbtcwuqjmbcvef.gx.internal.cloudapp.net/10.1.0.27) reports an CLOSED replica.
2023-04-15 16:32:09,328 [BlockDeletingService#7] INFO  interfaces.ContainerDeletionChoosingPolicyTemplate (ContainerDeletionChoosingPolicyTemplate.java:chooseContainerForBlockDeletion(83)) - Chosen 0/5000 blocks from 0 candidate containers.
2023-04-15 16:32:09,330 [FixedThreadPoolWithAffinityExecutor-0-0] WARN  container.ContainerReportHandler (AbstractContainerReportHandler.java:updateContainerState(259)) - Container #1 is in OPEN state, but the datanode 30c0a845-a217-4f15-8bab-f33012bc7910(fv-az202-370.ngw3kpfb2bguzbtcwuqjmbcvef.gx.internal.cloudapp.net/10.1.0.27) reports an CLOSED replica.
2023-04-15 16:32:09,335 [BlockDeletingService#1] INFO  interfaces.ContainerDeletionChoosingPolicyTemplate (ContainerDeletionChoosingPolicyTemplate.java:chooseContainerForBlockDeletion(83)) - Chosen 0/5000 blocks from 0 candidate containers.
2023-04-15 16:32:09,428 [BlockDeletingService#7] INFO  interfaces.ContainerDeletionChoosingPolicyTemplate (ContainerDeletionChoosingPolicyTemplate.java:chooseContainerForBlockDeletion(83)) - Chosen 0/5000 blocks from 0 candidate containers.
2023-04-15 16:32:09,435 [BlockDeletingService#1] INFO  interfaces.ContainerDeletionChoosingPolicyTemplate (ContainerDeletionChoosingPolicyTemplate.java:chooseContainerForBlockDeletion(83)) - Chosen 0/5000 blocks from 0 candidate containers.
2023-04-15 16:32:09,528 [BlockDeletingService#7] INFO  interfaces.ContainerDeletionChoosingPolicyTemplate (ContainerDeletionChoosingPolicyTemplate.java:chooseContainerForBlockDeletion(83)) - Chosen 0/5000 blocks from 0 candidate containers.
2023-04-15 16:32:09,536 [BlockDeletingService#1] INFO  interfaces.ContainerDeletionChoosingPolicyTemplate (ContainerDeletionChoosingPolicyTemplate.java:chooseContainerForBlockDeletion(83)) - Chosen 0/5000 blocks from 0 candidate containers.
2023-04-15 16:32:09,568 [FixedThreadPoolWithAffinityExecutor-1-0] WARN  container.ContainerReportHandler (AbstractContainerReportHandler.java:updateContainerState(259)) - Container #1 is in OPEN state, but the datanode 0dee40cf-0d5a-47f0-9c10-89273726be1d(fv-az202-370.ngw3kpfb2bguzbtcwuqjmbcvef.gx.internal.cloudapp.net/10.1.0.27) reports an CLOSED replica.
2023-04-15 16:32:09,629 [BlockDeletingService#7] INFO  interfaces.ContainerDeletionChoosingPolicyTemplate (ContainerDeletionChoosingPolicyTemplate.java:chooseContainerForBlockDeletion(83)) - Chosen 0/5000 blocks from 0 candidate containers.
2023-04-15 16:32:09,630 [FixedThreadPoolWithAffinityExecutor-0-0] WARN  container.ContainerReportHandler (AbstractContainerReportHandler.java:updateContainerState(259)) - Container #1 is in OPEN state, but the datanode 30c0a845-a217-4f15-8bab-f33012bc7910(fv-az202-370.ngw3kpfb2bguzbtcwuqjmbcvef.gx.internal.cloudapp.net/10.1.0.27) reports an CLOSED replica.
2023-04-15 16:32:09,636 [BlockDeletingService#1] INFO  interfaces.ContainerDeletionChoosingPolicyTemplate (ContainerDeletionChoosingPolicyTemplate.java:chooseContainerForBlockDeletion(83)) - Chosen 0/5000 blocks from 0 candidate containers.
2023-04-15 16:32:09,729 [BlockDeletingService#7] INFO  interfaces.ContainerDeletionChoosingPolicyTemplate (ContainerDeletionChoosingPolicyTemplate.java:chooseContainerForBlockDeletion(83)) - Chosen 0/5000 blocks from 0 candidate containers.
2023-04-15 16:32:09,737 [BlockDeletingService#1] INFO  interfaces.ContainerDeletionChoosingPolicyTemplate (ContainerDeletionChoosingPolicyTemplate.java:chooseContainerForBlockDeletion(83)) - Chosen 0/5000 blocks from 0 candidate containers.
2023-04-15 16:32:09,829 [BlockDeletingService#7] INFO  interfaces.ContainerDeletionChoosingPolicyTemplate (ContainerDeletionChoosingPolicyTemplate.java:chooseContainerForBlockDeletion(83)) - Chosen 0/5000 blocks from 0 candidate containers.
2023-04-15 16:32:09,831 [FixedThreadPoolWithAffinityExecutor-0-0] WARN  container.ContainerReportHandler (AbstractContainerReportHandler.java:updateContainerState(259)) - Container #1 is in OPEN state, but the datanode 30c0a845-a217-4f15-8bab-f33012bc7910(fv-az202-370.ngw3kpfb2bguzbtcwuqjmbcvef.gx.internal.cloudapp.net/10.1.0.27) reports an CLOSED replica.
2023-04-15 16:32:09,837 [BlockDeletingService#1] INFO  interfaces.ContainerDeletionChoosingPolicyTemplate (ContainerDeletionChoosingPolicyTemplate.java:chooseContainerForBlockDeletion(83)) - Chosen 0/5000 blocks from 0 candidate containers.
2023-04-15 16:32:09,867 [FixedThreadPoolWithAffinityExecutor-1-0] WARN  container.ContainerReportHandler (AbstractContainerReportHandler.java:updateContainerState(259)) - Container #1 is in OPEN state, but the datanode 0dee40cf-0d5a-47f0-9c10-89273726be1d(fv-az202-370.ngw3kpfb2bguzbtcwuqjmbcvef.gx.internal.cloudapp.net/10.1.0.27) reports an CLOSED replica.
2023-04-15 16:32:09,929 [BlockDeletingService#7] INFO  interfaces.ContainerDeletionChoosingPolicyTemplate (ContainerDeletionChoosingPolicyTemplate.java:chooseContainerForBlockDeletion(83)) - Chosen 0/5000 blocks from 0 candidate containers.
2023-04-15 16:32:09,937 [BlockDeletingService#1] INFO  interfaces.ContainerDeletionChoosingPolicyTemplate (ContainerDeletionChoosingPolicyTemplate.java:chooseContainerForBlockDeletion(83)) - Chosen 0/5000 blocks from 0 candidate containers.
2023-04-15 16:32:10,029 [BlockDeletingService#7] INFO  interfaces.ContainerDeletionChoosingPolicyTemplate (ContainerDeletionChoosingPolicyTemplate.java:chooseContainerForBlockDeletion(83)) - Chosen 0/5000 blocks from 0 candidate containers.
2023-04-15 16:32:10,037 [BlockDeletingService#1] INFO  interfaces.ContainerDeletionChoosingPolicyTemplate (ContainerDeletionChoosingPolicyTemplate.java:chooseContainerForBlockDeletion(83)) - Chosen 0/5000 blocks from 0 candidate containers.
2023-04-15 16:32:10,067 [FixedThreadPoolWithAffinityExecutor-1-0] WARN  container.ContainerReportHandler (AbstractContainerReportHandler.java:updateContainerState(259)) - Container #1 is in OPEN state, but the datanode 0dee40cf-0d5a-47f0-9c10-89273726be1d(fv-az202-370.ngw3kpfb2bguzbtcwuqjmbcvef.gx.internal.cloudapp.net/10.1.0.27) reports an CLOSED replica.
2023-04-15 16:32:10,104 [grpc-default-executor-5] WARN  server.GrpcLogAppender (LogUtils.java:warn(122)) - 30c0a845-a217-4f15-8bab-f33012bc7910@group-F40867945940->f16a70e5-fe04-4d06-9179-25c3ad8a94bb-AppendLogResponseHandler: Failed appendEntries: org.apache.ratis.thirdparty.io.grpc.StatusRuntimeException: UNAVAILABLE: io exception
2023-04-15 16:32:10,104 [grpc-default-executor-5] WARN  server.GrpcLogAppender (GrpcLogAppender.java:resetClient(131)) - 30c0a845-a217-4f15-8bab-f33012bc7910@group-F40867945940->f16a70e5-fe04-4d06-9179-25c3ad8a94bb-GrpcLogAppender: Leader has not got in touch with Follower 30c0a845-a217-4f15-8bab-f33012bc7910@group-F40867945940->f16a70e5-fe04-4d06-9179-25c3ad8a94bb(c-1,m0,n7, attendVote=true, lastRpcSendTime=0, lastRpcResponseTime=18307) yet, just keep nextIndex unchanged and retry.
2023-04-15 16:32:10,105 [grpc-default-executor-1] WARN  server.GrpcLogAppender (LogUtils.java:warn(122)) - 30c0a845-a217-4f15-8bab-f33012bc7910@group-F40867945940->f16a70e5-fe04-4d06-9179-25c3ad8a94bb-AppendLogResponseHandler: Failed appendEntries: org.apache.ratis.thirdparty.io.grpc.StatusRuntimeException: UNAVAILABLE: io exception
2023-04-15 16:32:10,105 [grpc-default-executor-1] WARN  server.GrpcLogAppender (GrpcLogAppender.java:resetClient(131)) - 30c0a845-a217-4f15-8bab-f33012bc7910@group-F40867945940->f16a70e5-fe04-4d06-9179-25c3ad8a94bb-GrpcLogAppender: Leader has not got in touch with Follower 30c0a845-a217-4f15-8bab-f33012bc7910@group-F40867945940->f16a70e5-fe04-4d06-9179-25c3ad8a94bb(c-1,m0,n7, attendVote=true, lastRpcSendTime=1, lastRpcResponseTime=18307) yet, just keep nextIndex unchanged and retry.
2023-04-15 16:32:10,130 [BlockDeletingService#7] INFO  interfaces.ContainerDeletionChoosingPolicyTemplate (ContainerDeletionChoosingPolicyTemplate.java:chooseContainerForBlockDeletion(83)) - Chosen 0/5000 blocks from 0 candidate containers.
2023-04-15 16:32:10,132 [FixedThreadPoolWithAffinityExecutor-0-0] WARN  container.ContainerReportHandler (AbstractContainerReportHandler.java:updateContainerState(259)) - Container #1 is in OPEN state, but the datanode 30c0a845-a217-4f15-8bab-f33012bc7910(fv-az202-370.ngw3kpfb2bguzbtcwuqjmbcvef.gx.internal.cloudapp.net/10.1.0.27) reports an CLOSED replica.
2023-04-15 16:32:10,137 [BlockDeletingService#1] INFO  interfaces.ContainerDeletionChoosingPolicyTemplate (ContainerDeletionChoosingPolicyTemplate.java:chooseContainerForBlockDeletion(83)) - Chosen 0/5000 blocks from 0 candidate containers.
2023-04-15 16:32:10,230 [BlockDeletingService#7] INFO  interfaces.ContainerDeletionChoosingPolicyTemplate (ContainerDeletionChoosingPolicyTemplate.java:chooseContainerForBlockDeletion(83)) - Chosen 0/5000 blocks from 0 candidate containers.
2023-04-15 16:32:10,238 [BlockDeletingService#1] INFO  interfaces.ContainerDeletionChoosingPolicyTemplate (ContainerDeletionChoosingPolicyTemplate.java:chooseContainerForBlockDeletion(83)) - Chosen 0/5000 blocks from 0 candidate containers.
2023-04-15 16:32:10,330 [BlockDeletingService#7] INFO  interfaces.ContainerDeletionChoosingPolicyTemplate (ContainerDeletionChoosingPolicyTemplate.java:chooseContainerForBlockDeletion(83)) - Chosen 0/5000 blocks from 0 candidate containers.
2023-04-15 16:32:10,338 [BlockDeletingService#1] INFO  interfaces.ContainerDeletionChoosingPolicyTemplate (ContainerDeletionChoosingPolicyTemplate.java:chooseContainerForBlockDeletion(83)) - Chosen 0/5000 blocks from 0 candidate containers.
2023-04-15 16:32:10,369 [FixedThreadPoolWithAffinityExecutor-1-0] WARN  container.ContainerReportHandler (AbstractContainerReportHandler.java:updateContainerState(259)) - Container #1 is in OPEN state, but the datanode 0dee40cf-0d5a-47f0-9c10-89273726be1d(fv-az202-370.ngw3kpfb2bguzbtcwuqjmbcvef.gx.internal.cloudapp.net/10.1.0.27) reports an CLOSED replica.
2023-04-15 16:32:10,430 [BlockDeletingService#7] INFO  interfaces.ContainerDeletionChoosingPolicyTemplate (ContainerDeletionChoosingPolicyTemplate.java:chooseContainerForBlockDeletion(83)) - Chosen 0/5000 blocks from 0 candidate containers.
2023-04-15 16:32:10,431 [FixedThreadPoolWithAffinityExecutor-0-0] WARN  container.ContainerReportHandler (AbstractContainerReportHandler.java:updateContainerState(259)) - Container #1 is in OPEN state, but the datanode 30c0a845-a217-4f15-8bab-f33012bc7910(fv-az202-370.ngw3kpfb2bguzbtcwuqjmbcvef.gx.internal.cloudapp.net/10.1.0.27) reports an CLOSED replica.
2023-04-15 16:32:10,438 [BlockDeletingService#1] INFO  interfaces.ContainerDeletionChoosingPolicyTemplate (ContainerDeletionChoosingPolicyTemplate.java:chooseContainerForBlockDeletion(83)) - Chosen 0/5000 blocks from 0 candidate containers.
2023-04-15 16:32:10,530 [BlockDeletingService#7] INFO  interfaces.ContainerDeletionChoosingPolicyTemplate (ContainerDeletionChoosingPolicyTemplate.java:chooseContainerForBlockDeletion(83)) - Chosen 0/5000 blocks from 0 candidate containers.
2023-04-15 16:32:10,538 [BlockDeletingService#1] INFO  interfaces.ContainerDeletionChoosingPolicyTemplate (ContainerDeletionChoosingPolicyTemplate.java:chooseContainerForBlockDeletion(83)) - Chosen 0/5000 blocks from 0 candidate containers.
2023-04-15 16:32:10,631 [BlockDeletingService#7] INFO  interfaces.ContainerDeletionChoosingPolicyTemplate (ContainerDeletionChoosingPolicyTemplate.java:chooseContainerForBlockDeletion(83)) - Chosen 0/5000 blocks from 0 candidate containers.
2023-04-15 16:32:10,632 [FixedThreadPoolWithAffinityExecutor-0-0] WARN  container.ContainerReportHandler (AbstractContainerReportHandler.java:updateContainerState(259)) - Container #1 is in OPEN state, but the datanode 30c0a845-a217-4f15-8bab-f33012bc7910(fv-az202-370.ngw3kpfb2bguzbtcwuqjmbcvef.gx.internal.cloudapp.net/10.1.0.27) reports an CLOSED replica.
2023-04-15 16:32:10,638 [BlockDeletingService#1] INFO  interfaces.ContainerDeletionChoosingPolicyTemplate (ContainerDeletionChoosingPolicyTemplate.java:chooseContainerForBlockDeletion(83)) - Chosen 0/5000 blocks from 0 candidate containers.
2023-04-15 16:32:10,668 [FixedThreadPoolWithAffinityExecutor-1-0] WARN  container.ContainerReportHandler (AbstractContainerReportHandler.java:updateContainerState(259)) - Container #1 is in OPEN state, but the datanode 0dee40cf-0d5a-47f0-9c10-89273726be1d(fv-az202-370.ngw3kpfb2bguzbtcwuqjmbcvef.gx.internal.cloudapp.net/10.1.0.27) reports an CLOSED replica.
2023-04-15 16:32:10,731 [BlockDeletingService#7] INFO  interfaces.ContainerDeletionChoosingPolicyTemplate (ContainerDeletionChoosingPolicyTemplate.java:chooseContainerForBlockDeletion(83)) - Chosen 0/5000 blocks from 0 candidate containers.
2023-04-15 16:32:10,738 [BlockDeletingService#1] INFO  interfaces.ContainerDeletionChoosingPolicyTemplate (ContainerDeletionChoosingPolicyTemplate.java:chooseContainerForBlockDeletion(83)) - Chosen 0/5000 blocks from 0 candidate containers.
2023-04-15 16:32:10,831 [BlockDeletingService#7] INFO  interfaces.ContainerDeletionChoosingPolicyTemplate (ContainerDeletionChoosingPolicyTemplate.java:chooseContainerForBlockDeletion(83)) - Chosen 0/5000 blocks from 0 candidate containers.
2023-04-15 16:32:10,839 [BlockDeletingService#1] INFO  interfaces.ContainerDeletionChoosingPolicyTemplate (ContainerDeletionChoosingPolicyTemplate.java:chooseContainerForBlockDeletion(83)) - Chosen 0/5000 blocks from 0 candidate containers.
2023-04-15 16:32:10,931 [FixedThreadPoolWithAffinityExecutor-0-0] WARN  container.ContainerReportHandler (AbstractContainerReportHandler.java:updateContainerState(259)) - Container #1 is in OPEN state, but the datanode 30c0a845-a217-4f15-8bab-f33012bc7910(fv-az202-370.ngw3kpfb2bguzbtcwuqjmbcvef.gx.internal.cloudapp.net/10.1.0.27) reports an CLOSED replica.
2023-04-15 16:32:10,931 [BlockDeletingService#7] INFO  interfaces.ContainerDeletionChoosingPolicyTemplate (ContainerDeletionChoosingPolicyTemplate.java:chooseContainerForBlockDeletion(83)) - Chosen 0/5000 blocks from 0 candidate containers.
2023-04-15 16:32:10,939 [BlockDeletingService#1] INFO  interfaces.ContainerDeletionChoosingPolicyTemplate (ContainerDeletionChoosingPolicyTemplate.java:chooseContainerForBlockDeletion(83)) - Chosen 0/5000 blocks from 0 candidate containers.
2023-04-15 16:32:10,969 [FixedThreadPoolWithAffinityExecutor-1-0] WARN  container.ContainerReportHandler (AbstractContainerReportHandler.java:updateContainerState(259)) - Container #1 is in OPEN state, but the datanode 0dee40cf-0d5a-47f0-9c10-89273726be1d(fv-az202-370.ngw3kpfb2bguzbtcwuqjmbcvef.gx.internal.cloudapp.net/10.1.0.27) reports an CLOSED replica.
2023-04-15 16:32:11,031 [BlockDeletingService#7] INFO  interfaces.ContainerDeletionChoosingPolicyTemplate (ContainerDeletionChoosingPolicyTemplate.java:chooseContainerForBlockDeletion(83)) - Chosen 0/5000 blocks from 0 candidate containers.
2023-04-15 16:32:11,039 [BlockDeletingService#1] INFO  interfaces.ContainerDeletionChoosingPolicyTemplate (ContainerDeletionChoosingPolicyTemplate.java:chooseContainerForBlockDeletion(83)) - Chosen 0/5000 blocks from 0 candidate containers.
2023-04-15 16:32:11,131 [FixedThreadPoolWithAffinityExecutor-0-0] WARN  container.ContainerReportHandler (AbstractContainerReportHandler.java:updateContainerState(259)) - Container #1 is in OPEN state, but the datanode 30c0a845-a217-4f15-8bab-f33012bc7910(fv-az202-370.ngw3kpfb2bguzbtcwuqjmbcvef.gx.internal.cloudapp.net/10.1.0.27) reports an CLOSED replica.
2023-04-15 16:32:11,132 [BlockDeletingService#7] INFO  interfaces.ContainerDeletionChoosingPolicyTemplate (ContainerDeletionChoosingPolicyTemplate.java:chooseContainerForBlockDeletion(83)) - Chosen 0/5000 blocks from 0 candidate containers.
2023-04-15 16:32:11,139 [BlockDeletingService#1] INFO  interfaces.ContainerDeletionChoosingPolicyTemplate (ContainerDeletionChoosingPolicyTemplate.java:chooseContainerForBlockDeletion(83)) - Chosen 0/5000 blocks from 0 candidate containers.
2023-04-15 16:32:11,170 [FixedThreadPoolWithAffinityExecutor-1-0] WARN  container.ContainerReportHandler (AbstractContainerReportHandler.java:updateContainerState(259)) - Container #1 is in OPEN state, but the datanode 0dee40cf-0d5a-47f0-9c10-89273726be1d(fv-az202-370.ngw3kpfb2bguzbtcwuqjmbcvef.gx.internal.cloudapp.net/10.1.0.27) reports an CLOSED replica.
2023-04-15 16:32:11,232 [BlockDeletingService#7] INFO  interfaces.ContainerDeletionChoosingPolicyTemplate (ContainerDeletionChoosingPolicyTemplate.java:chooseContainerForBlockDeletion(83)) - Chosen 0/5000 blocks from 0 candidate containers.
2023-04-15 16:32:11,239 [BlockDeletingService#1] INFO  interfaces.ContainerDeletionChoosingPolicyTemplate (ContainerDeletionChoosingPolicyTemplate.java:chooseContainerForBlockDeletion(83)) - Chosen 0/5000 blocks from 0 candidate containers.
2023-04-15 16:32:11,332 [BlockDeletingService#7] INFO  interfaces.ContainerDeletionChoosingPolicyTemplate (ContainerDeletionChoosingPolicyTemplate.java:chooseContainerForBlockDeletion(83)) - Chosen 0/5000 blocks from 0 candidate containers.
2023-04-15 16:32:11,339 [BlockDeletingService#1] INFO  interfaces.ContainerDeletionChoosingPolicyTemplate (ContainerDeletionChoosingPolicyTemplate.java:chooseContainerForBlockDeletion(83)) - Chosen 0/5000 blocks from 0 candidate containers.
2023-04-15 16:32:11,354 [grpc-default-executor-1] WARN  server.GrpcLogAppender (LogUtils.java:warn(122)) - 30c0a845-a217-4f15-8bab-f33012bc7910@group-F40867945940->f16a70e5-fe04-4d06-9179-25c3ad8a94bb-AppendLogResponseHandler: Failed appendEntries: org.apache.ratis.thirdparty.io.grpc.StatusRuntimeException: UNAVAILABLE: io exception
2023-04-15 16:32:11,355 [grpc-default-executor-1] WARN  server.GrpcLogAppender (GrpcLogAppender.java:resetClient(131)) - 30c0a845-a217-4f15-8bab-f33012bc7910@group-F40867945940->f16a70e5-fe04-4d06-9179-25c3ad8a94bb-GrpcLogAppender: Leader has not got in touch with Follower 30c0a845-a217-4f15-8bab-f33012bc7910@group-F40867945940->f16a70e5-fe04-4d06-9179-25c3ad8a94bb(c-1,m0,n7, attendVote=true, lastRpcSendTime=0, lastRpcResponseTime=19557) yet, just keep nextIndex unchanged and retry.
2023-04-15 16:32:11,354 [grpc-default-executor-5] WARN  server.GrpcLogAppender (LogUtils.java:warn(122)) - 30c0a845-a217-4f15-8bab-f33012bc7910@group-F40867945940->f16a70e5-fe04-4d06-9179-25c3ad8a94bb-AppendLogResponseHandler: Failed appendEntries: org.apache.ratis.thirdparty.io.grpc.StatusRuntimeException: UNAVAILABLE: io exception
2023-04-15 16:32:11,356 [grpc-default-executor-5] WARN  server.GrpcLogAppender (GrpcLogAppender.java:resetClient(131)) - 30c0a845-a217-4f15-8bab-f33012bc7910@group-F40867945940->f16a70e5-fe04-4d06-9179-25c3ad8a94bb-GrpcLogAppender: Leader has not got in touch with Follower 30c0a845-a217-4f15-8bab-f33012bc7910@group-F40867945940->f16a70e5-fe04-4d06-9179-25c3ad8a94bb(c-1,m0,n7, attendVote=true, lastRpcSendTime=1, lastRpcResponseTime=19558) yet, just keep nextIndex unchanged and retry.
2023-04-15 16:32:11,431 [FixedThreadPoolWithAffinityExecutor-0-0] WARN  container.ContainerReportHandler (AbstractContainerReportHandler.java:updateContainerState(259)) - Container #1 is in OPEN state, but the datanode 30c0a845-a217-4f15-8bab-f33012bc7910(fv-az202-370.ngw3kpfb2bguzbtcwuqjmbcvef.gx.internal.cloudapp.net/10.1.0.27) reports an CLOSED replica.
2023-04-15 16:32:11,432 [BlockDeletingService#7] INFO  interfaces.ContainerDeletionChoosingPolicyTemplate (ContainerDeletionChoosingPolicyTemplate.java:chooseContainerForBlockDeletion(83)) - Chosen 0/5000 blocks from 0 candidate containers.
2023-04-15 16:32:11,439 [BlockDeletingService#1] INFO  interfaces.ContainerDeletionChoosingPolicyTemplate (ContainerDeletionChoosingPolicyTemplate.java:chooseContainerForBlockDeletion(83)) - Chosen 0/5000 blocks from 0 candidate containers.
2023-04-15 16:32:11,469 [FixedThreadPoolWithAffinityExecutor-1-0] WARN  container.ContainerReportHandler (AbstractContainerReportHandler.java:updateContainerState(259)) - Container #1 is in OPEN state, but the datanode 0dee40cf-0d5a-47f0-9c10-89273726be1d(fv-az202-370.ngw3kpfb2bguzbtcwuqjmbcvef.gx.internal.cloudapp.net/10.1.0.27) reports an CLOSED replica.
2023-04-15 16:32:11,532 [BlockDeletingService#7] INFO  interfaces.ContainerDeletionChoosingPolicyTemplate (ContainerDeletionChoosingPolicyTemplate.java:chooseContainerForBlockDeletion(83)) - Chosen 0/5000 blocks from 0 candidate containers.
2023-04-15 16:32:11,539 [BlockDeletingService#1] INFO  interfaces.ContainerDeletionChoosingPolicyTemplate (ContainerDeletionChoosingPolicyTemplate.java:chooseContainerForBlockDeletion(83)) - Chosen 0/5000 blocks from 0 candidate containers.
2023-04-15 16:32:11,631 [FixedThreadPoolWithAffinityExecutor-0-0] WARN  container.ContainerReportHandler (AbstractContainerReportHandler.java:updateContainerState(259)) - Container #1 is in OPEN state, but the datanode 30c0a845-a217-4f15-8bab-f33012bc7910(fv-az202-370.ngw3kpfb2bguzbtcwuqjmbcvef.gx.internal.cloudapp.net/10.1.0.27) reports an CLOSED replica.
2023-04-15 16:32:11,633 [BlockDeletingService#7] INFO  interfaces.ContainerDeletionChoosingPolicyTemplate (ContainerDeletionChoosingPolicyTemplate.java:chooseContainerForBlockDeletion(83)) - Chosen 0/5000 blocks from 0 candidate containers.
2023-04-15 16:32:11,640 [BlockDeletingService#1] INFO  interfaces.ContainerDeletionChoosingPolicyTemplate (ContainerDeletionChoosingPolicyTemplate.java:chooseContainerForBlockDeletion(83)) - Chosen 0/5000 blocks from 0 candidate containers.
2023-04-15 16:32:11,733 [BlockDeletingService#7] INFO  interfaces.ContainerDeletionChoosingPolicyTemplate (ContainerDeletionChoosingPolicyTemplate.java:chooseContainerForBlockDeletion(83)) - Chosen 0/5000 blocks from 0 candidate containers.
2023-04-15 16:32:11,740 [BlockDeletingService#1] INFO  interfaces.ContainerDeletionChoosingPolicyTemplate (ContainerDeletionChoosingPolicyTemplate.java:chooseContainerForBlockDeletion(83)) - Chosen 0/5000 blocks from 0 candidate containers.
2023-04-15 16:32:11,769 [FixedThreadPoolWithAffinityExecutor-1-0] WARN  container.ContainerReportHandler (AbstractContainerReportHandler.java:updateContainerState(259)) - Container #1 is in OPEN state, but the datanode 0dee40cf-0d5a-47f0-9c10-89273726be1d(fv-az202-370.ngw3kpfb2bguzbtcwuqjmbcvef.gx.internal.cloudapp.net/10.1.0.27) reports an CLOSED replica.
2023-04-15 16:32:11,833 [BlockDeletingService#7] INFO  interfaces.ContainerDeletionChoosingPolicyTemplate (ContainerDeletionChoosingPolicyTemplate.java:chooseContainerForBlockDeletion(83)) - Chosen 0/5000 blocks from 0 candidate containers.
2023-04-15 16:32:11,840 [BlockDeletingService#1] INFO  interfaces.ContainerDeletionChoosingPolicyTemplate (ContainerDeletionChoosingPolicyTemplate.java:chooseContainerForBlockDeletion(83)) - Chosen 0/5000 blocks from 0 candidate containers.
2023-04-15 16:32:11,933 [BlockDeletingService#7] INFO  interfaces.ContainerDeletionChoosingPolicyTemplate (ContainerDeletionChoosingPolicyTemplate.java:chooseContainerForBlockDeletion(83)) - Chosen 0/5000 blocks from 0 candidate containers.
2023-04-15 16:32:11,934 [FixedThreadPoolWithAffinityExecutor-0-0] WARN  container.ContainerReportHandler (AbstractContainerReportHandler.java:updateContainerState(259)) - Container #1 is in OPEN state, but the datanode 30c0a845-a217-4f15-8bab-f33012bc7910(fv-az202-370.ngw3kpfb2bguzbtcwuqjmbcvef.gx.internal.cloudapp.net/10.1.0.27) reports an CLOSED replica.
2023-04-15 16:32:11,940 [BlockDeletingService#1] INFO  interfaces.ContainerDeletionChoosingPolicyTemplate (ContainerDeletionChoosingPolicyTemplate.java:chooseContainerForBlockDeletion(83)) - Chosen 0/5000 blocks from 0 candidate containers.
2023-04-15 16:32:12,034 [BlockDeletingService#7] INFO  interfaces.ContainerDeletionChoosingPolicyTemplate (ContainerDeletionChoosingPolicyTemplate.java:chooseContainerForBlockDeletion(83)) - Chosen 0/5000 blocks from 0 candidate containers.
2023-04-15 16:32:12,040 [BlockDeletingService#1] INFO  interfaces.ContainerDeletionChoosingPolicyTemplate (ContainerDeletionChoosingPolicyTemplate.java:chooseContainerForBlockDeletion(83)) - Chosen 0/5000 blocks from 0 candidate containers.
2023-04-15 16:32:12,069 [FixedThreadPoolWithAffinityExecutor-1-0] WARN  container.ContainerReportHandler (AbstractContainerReportHandler.java:updateContainerState(259)) - Container #1 is in OPEN state, but the datanode 0dee40cf-0d5a-47f0-9c10-89273726be1d(fv-az202-370.ngw3kpfb2bguzbtcwuqjmbcvef.gx.internal.cloudapp.net/10.1.0.27) reports an CLOSED replica.
2023-04-15 16:32:12,133 [FixedThreadPoolWithAffinityExecutor-0-0] WARN  container.ContainerReportHandler (AbstractContainerReportHandler.java:updateContainerState(259)) - Container #1 is in OPEN state, but the datanode 30c0a845-a217-4f15-8bab-f33012bc7910(fv-az202-370.ngw3kpfb2bguzbtcwuqjmbcvef.gx.internal.cloudapp.net/10.1.0.27) reports an CLOSED replica.
2023-04-15 16:32:12,134 [BlockDeletingService#7] INFO  interfaces.ContainerDeletionChoosingPolicyTemplate (ContainerDeletionChoosingPolicyTemplate.java:chooseContainerForBlockDeletion(83)) - Chosen 0/5000 blocks from 0 candidate containers.
2023-04-15 16:32:12,140 [BlockDeletingService#1] INFO  interfaces.ContainerDeletionChoosingPolicyTemplate (ContainerDeletionChoosingPolicyTemplate.java:chooseContainerForBlockDeletion(83)) - Chosen 0/5000 blocks from 0 candidate containers.
2023-04-15 16:32:12,234 [BlockDeletingService#7] INFO  interfaces.ContainerDeletionChoosingPolicyTemplate (ContainerDeletionChoosingPolicyTemplate.java:chooseContainerForBlockDeletion(83)) - Chosen 0/5000 blocks from 0 candidate containers.
2023-04-15 16:32:12,244 [BlockDeletingService#1] INFO  interfaces.ContainerDeletionChoosingPolicyTemplate (ContainerDeletionChoosingPolicyTemplate.java:chooseContainerForBlockDeletion(83)) - Chosen 0/5000 blocks from 0 candidate containers.
2023-04-15 16:32:12,269 [FixedThreadPoolWithAffinityExecutor-1-0] WARN  container.ContainerReportHandler (AbstractContainerReportHandler.java:updateContainerState(259)) - Container #1 is in OPEN state, but the datanode 0dee40cf-0d5a-47f0-9c10-89273726be1d(fv-az202-370.ngw3kpfb2bguzbtcwuqjmbcvef.gx.internal.cloudapp.net/10.1.0.27) reports an CLOSED replica.
2023-04-15 16:32:12,334 [BlockDeletingService#7] INFO  interfaces.ContainerDeletionChoosingPolicyTemplate (ContainerDeletionChoosingPolicyTemplate.java:chooseContainerForBlockDeletion(83)) - Chosen 0/5000 blocks from 0 candidate containers.
2023-04-15 16:32:12,345 [BlockDeletingService#1] INFO  interfaces.ContainerDeletionChoosingPolicyTemplate (ContainerDeletionChoosingPolicyTemplate.java:chooseContainerForBlockDeletion(83)) - Chosen 0/5000 blocks from 0 candidate containers.
2023-04-15 16:32:12,433 [FixedThreadPoolWithAffinityExecutor-0-0] WARN  container.ContainerReportHandler (AbstractContainerReportHandler.java:updateContainerState(259)) - Container #1 is in OPEN state, but the datanode 30c0a845-a217-4f15-8bab-f33012bc7910(fv-az202-370.ngw3kpfb2bguzbtcwuqjmbcvef.gx.internal.cloudapp.net/10.1.0.27) reports an CLOSED replica.
2023-04-15 16:32:12,434 [BlockDeletingService#7] INFO  interfaces.ContainerDeletionChoosingPolicyTemplate (ContainerDeletionChoosingPolicyTemplate.java:chooseContainerForBlockDeletion(83)) - Chosen 0/5000 blocks from 0 candidate containers.
2023-04-15 16:32:12,445 [BlockDeletingService#1] INFO  interfaces.ContainerDeletionChoosingPolicyTemplate (ContainerDeletionChoosingPolicyTemplate.java:chooseContainerForBlockDeletion(83)) - Chosen 0/5000 blocks from 0 candidate containers.
2023-04-15 16:32:12,535 [BlockDeletingService#7] INFO  interfaces.ContainerDeletionChoosingPolicyTemplate (ContainerDeletionChoosingPolicyTemplate.java:chooseContainerForBlockDeletion(83)) - Chosen 0/5000 blocks from 0 candidate containers.
2023-04-15 16:32:12,545 [BlockDeletingService#1] INFO  interfaces.ContainerDeletionChoosingPolicyTemplate (ContainerDeletionChoosingPolicyTemplate.java:chooseContainerForBlockDeletion(83)) - Chosen 0/5000 blocks from 0 candidate containers.
2023-04-15 16:32:12,570 [FixedThreadPoolWithAffinityExecutor-1-0] WARN  container.ContainerReportHandler (AbstractContainerReportHandler.java:updateContainerState(259)) - Container #1 is in OPEN state, but the datanode 0dee40cf-0d5a-47f0-9c10-89273726be1d(fv-az202-370.ngw3kpfb2bguzbtcwuqjmbcvef.gx.internal.cloudapp.net/10.1.0.27) reports an CLOSED replica.
2023-04-15 16:32:12,604 [grpc-default-executor-5] WARN  server.GrpcLogAppender (LogUtils.java:warn(122)) - 30c0a845-a217-4f15-8bab-f33012bc7910@group-F40867945940->f16a70e5-fe04-4d06-9179-25c3ad8a94bb-AppendLogResponseHandler: Failed appendEntries: org.apache.ratis.thirdparty.io.grpc.StatusRuntimeException: UNAVAILABLE: io exception
2023-04-15 16:32:12,605 [grpc-default-executor-1] WARN  server.GrpcLogAppender (LogUtils.java:warn(122)) - 30c0a845-a217-4f15-8bab-f33012bc7910@group-F40867945940->f16a70e5-fe04-4d06-9179-25c3ad8a94bb-AppendLogResponseHandler: Failed appendEntries: org.apache.ratis.thirdparty.io.grpc.StatusRuntimeException: UNAVAILABLE: io exception
2023-04-15 16:32:12,605 [grpc-default-executor-5] WARN  server.GrpcLogAppender (GrpcLogAppender.java:resetClient(131)) - 30c0a845-a217-4f15-8bab-f33012bc7910@group-F40867945940->f16a70e5-fe04-4d06-9179-25c3ad8a94bb-GrpcLogAppender: Leader has not got in touch with Follower 30c0a845-a217-4f15-8bab-f33012bc7910@group-F40867945940->f16a70e5-fe04-4d06-9179-25c3ad8a94bb(c-1,m0,n7, attendVote=true, lastRpcSendTime=1, lastRpcResponseTime=20808) yet, just keep nextIndex unchanged and retry.
2023-04-15 16:32:12,606 [grpc-default-executor-1] WARN  server.GrpcLogAppender (GrpcLogAppender.java:resetClient(131)) - 30c0a845-a217-4f15-8bab-f33012bc7910@group-F40867945940->f16a70e5-fe04-4d06-9179-25c3ad8a94bb-GrpcLogAppender: Leader has not got in touch with Follower 30c0a845-a217-4f15-8bab-f33012bc7910@group-F40867945940->f16a70e5-fe04-4d06-9179-25c3ad8a94bb(c-1,m0,n7, attendVote=true, lastRpcSendTime=2, lastRpcResponseTime=20809) yet, just keep nextIndex unchanged and retry.
2023-04-15 16:32:12,635 [BlockDeletingService#7] INFO  interfaces.ContainerDeletionChoosingPolicyTemplate (ContainerDeletionChoosingPolicyTemplate.java:chooseContainerForBlockDeletion(83)) - Chosen 0/5000 blocks from 0 candidate containers.
2023-04-15 16:32:12,645 [BlockDeletingService#1] INFO  interfaces.ContainerDeletionChoosingPolicyTemplate (ContainerDeletionChoosingPolicyTemplate.java:chooseContainerForBlockDeletion(83)) - Chosen 0/5000 blocks from 0 candidate containers.
2023-04-15 16:32:12,734 [FixedThreadPoolWithAffinityExecutor-0-0] WARN  container.ContainerReportHandler (AbstractContainerReportHandler.java:updateContainerState(259)) - Container #1 is in OPEN state, but the datanode 30c0a845-a217-4f15-8bab-f33012bc7910(fv-az202-370.ngw3kpfb2bguzbtcwuqjmbcvef.gx.internal.cloudapp.net/10.1.0.27) reports an CLOSED replica.
2023-04-15 16:32:12,735 [BlockDeletingService#7] INFO  interfaces.ContainerDeletionChoosingPolicyTemplate (ContainerDeletionChoosingPolicyTemplate.java:chooseContainerForBlockDeletion(83)) - Chosen 0/5000 blocks from 0 candidate containers.
2023-04-15 16:32:12,745 [BlockDeletingService#1] INFO  interfaces.ContainerDeletionChoosingPolicyTemplate (ContainerDeletionChoosingPolicyTemplate.java:chooseContainerForBlockDeletion(83)) - Chosen 0/5000 blocks from 0 candidate containers.
2023-04-15 16:32:12,835 [BlockDeletingService#7] INFO  interfaces.ContainerDeletionChoosingPolicyTemplate (ContainerDeletionChoosingPolicyTemplate.java:chooseContainerForBlockDeletion(83)) - Chosen 0/5000 blocks from 0 candidate containers.
2023-04-15 16:32:12,845 [BlockDeletingService#1] INFO  interfaces.ContainerDeletionChoosingPolicyTemplate (ContainerDeletionChoosingPolicyTemplate.java:chooseContainerForBlockDeletion(83)) - Chosen 0/5000 blocks from 0 candidate containers.
2023-04-15 16:32:12,874 [FixedThreadPoolWithAffinityExecutor-1-0] WARN  container.ContainerReportHandler (AbstractContainerReportHandler.java:updateContainerState(259)) - Container #1 is in OPEN state, but the datanode 0dee40cf-0d5a-47f0-9c10-89273726be1d(fv-az202-370.ngw3kpfb2bguzbtcwuqjmbcvef.gx.internal.cloudapp.net/10.1.0.27) reports an CLOSED replica.
2023-04-15 16:32:12,934 [FixedThreadPoolWithAffinityExecutor-0-0] WARN  container.ContainerReportHandler (AbstractContainerReportHandler.java:updateContainerState(259)) - Container #1 is in OPEN state, but the datanode 30c0a845-a217-4f15-8bab-f33012bc7910(fv-az202-370.ngw3kpfb2bguzbtcwuqjmbcvef.gx.internal.cloudapp.net/10.1.0.27) reports an CLOSED replica.
2023-04-15 16:32:12,935 [BlockDeletingService#7] INFO  interfaces.ContainerDeletionChoosingPolicyTemplate (ContainerDeletionChoosingPolicyTemplate.java:chooseContainerForBlockDeletion(83)) - Chosen 0/5000 blocks from 0 candidate containers.
2023-04-15 16:32:12,946 [BlockDeletingService#1] INFO  interfaces.ContainerDeletionChoosingPolicyTemplate (ContainerDeletionChoosingPolicyTemplate.java:chooseContainerForBlockDeletion(83)) - Chosen 0/5000 blocks from 0 candidate containers.
2023-04-15 16:32:13,036 [BlockDeletingService#7] INFO  interfaces.ContainerDeletionChoosingPolicyTemplate (ContainerDeletionChoosingPolicyTemplate.java:chooseContainerForBlockDeletion(83)) - Chosen 0/5000 blocks from 0 candidate containers.
2023-04-15 16:32:13,046 [BlockDeletingService#1] INFO  interfaces.ContainerDeletionChoosingPolicyTemplate (ContainerDeletionChoosingPolicyTemplate.java:chooseContainerForBlockDeletion(83)) - Chosen 0/5000 blocks from 0 candidate containers.
2023-04-15 16:32:13,136 [BlockDeletingService#7] INFO  interfaces.ContainerDeletionChoosingPolicyTemplate (ContainerDeletionChoosingPolicyTemplate.java:chooseContainerForBlockDeletion(83)) - Chosen 0/5000 blocks from 0 candidate containers.
2023-04-15 16:32:13,146 [BlockDeletingService#1] INFO  interfaces.ContainerDeletionChoosingPolicyTemplate (ContainerDeletionChoosingPolicyTemplate.java:chooseContainerForBlockDeletion(83)) - Chosen 0/5000 blocks from 0 candidate containers.
2023-04-15 16:32:13,172 [FixedThreadPoolWithAffinityExecutor-1-0] WARN  container.ContainerReportHandler (AbstractContainerReportHandler.java:updateContainerState(259)) - Container #1 is in OPEN state, but the datanode 0dee40cf-0d5a-47f0-9c10-89273726be1d(fv-az202-370.ngw3kpfb2bguzbtcwuqjmbcvef.gx.internal.cloudapp.net/10.1.0.27) reports an CLOSED replica.
2023-04-15 16:32:13,236 [BlockDeletingService#7] INFO  interfaces.ContainerDeletionChoosingPolicyTemplate (ContainerDeletionChoosingPolicyTemplate.java:chooseContainerForBlockDeletion(83)) - Chosen 0/5000 blocks from 0 candidate containers.
2023-04-15 16:32:13,236 [FixedThreadPoolWithAffinityExecutor-0-0] WARN  container.ContainerReportHandler (AbstractContainerReportHandler.java:updateContainerState(259)) - Container #1 is in OPEN state, but the datanode 30c0a845-a217-4f15-8bab-f33012bc7910(fv-az202-370.ngw3kpfb2bguzbtcwuqjmbcvef.gx.internal.cloudapp.net/10.1.0.27) reports an CLOSED replica.
2023-04-15 16:32:13,246 [BlockDeletingService#1] INFO  interfaces.ContainerDeletionChoosingPolicyTemplate (ContainerDeletionChoosingPolicyTemplate.java:chooseContainerForBlockDeletion(83)) - Chosen 0/5000 blocks from 0 candidate containers.
2023-04-15 16:32:13,336 [BlockDeletingService#7] INFO  interfaces.ContainerDeletionChoosingPolicyTemplate (ContainerDeletionChoosingPolicyTemplate.java:chooseContainerForBlockDeletion(83)) - Chosen 0/5000 blocks from 0 candidate containers.
2023-04-15 16:32:13,346 [BlockDeletingService#1] INFO  interfaces.ContainerDeletionChoosingPolicyTemplate (ContainerDeletionChoosingPolicyTemplate.java:chooseContainerForBlockDeletion(83)) - Chosen 0/5000 blocks from 0 candidate containers.
2023-04-15 16:32:13,373 [FixedThreadPoolWithAffinityExecutor-1-0] WARN  container.ContainerReportHandler (AbstractContainerReportHandler.java:updateContainerState(259)) - Container #1 is in OPEN state, but the datanode 0dee40cf-0d5a-47f0-9c10-89273726be1d(fv-az202-370.ngw3kpfb2bguzbtcwuqjmbcvef.gx.internal.cloudapp.net/10.1.0.27) reports an CLOSED replica.
2023-04-15 16:32:13,436 [FixedThreadPoolWithAffinityExecutor-0-0] WARN  container.ContainerReportHandler (AbstractContainerReportHandler.java:updateContainerState(259)) - Container #1 is in OPEN state, but the datanode 30c0a845-a217-4f15-8bab-f33012bc7910(fv-az202-370.ngw3kpfb2bguzbtcwuqjmbcvef.gx.internal.cloudapp.net/10.1.0.27) reports an CLOSED replica.
2023-04-15 16:32:13,437 [BlockDeletingService#7] INFO  interfaces.ContainerDeletionChoosingPolicyTemplate (ContainerDeletionChoosingPolicyTemplate.java:chooseContainerForBlockDeletion(83)) - Chosen 0/5000 blocks from 0 candidate containers.
2023-04-15 16:32:13,446 [BlockDeletingService#1] INFO  interfaces.ContainerDeletionChoosingPolicyTemplate (ContainerDeletionChoosingPolicyTemplate.java:chooseContainerForBlockDeletion(83)) - Chosen 0/5000 blocks from 0 candidate containers.
2023-04-15 16:32:13,537 [BlockDeletingService#7] INFO  interfaces.ContainerDeletionChoosingPolicyTemplate (ContainerDeletionChoosingPolicyTemplate.java:chooseContainerForBlockDeletion(83)) - Chosen 0/5000 blocks from 0 candidate containers.
2023-04-15 16:32:13,547 [BlockDeletingService#1] INFO  interfaces.ContainerDeletionChoosingPolicyTemplate (ContainerDeletionChoosingPolicyTemplate.java:chooseContainerForBlockDeletion(83)) - Chosen 0/5000 blocks from 0 candidate containers.
2023-04-15 16:32:13,641 [BlockDeletingService#7] INFO  interfaces.ContainerDeletionChoosingPolicyTemplate (ContainerDeletionChoosingPolicyTemplate.java:chooseContainerForBlockDeletion(83)) - Chosen 0/5000 blocks from 0 candidate containers.
2023-04-15 16:32:13,654 [BlockDeletingService#1] INFO  interfaces.ContainerDeletionChoosingPolicyTemplate (ContainerDeletionChoosingPolicyTemplate.java:chooseContainerForBlockDeletion(83)) - Chosen 0/5000 blocks from 0 candidate containers.
2023-04-15 16:32:13,672 [FixedThreadPoolWithAffinityExecutor-1-0] WARN  container.ContainerReportHandler (AbstractContainerReportHandler.java:updateContainerState(259)) - Container #1 is in OPEN state, but the datanode 0dee40cf-0d5a-47f0-9c10-89273726be1d(fv-az202-370.ngw3kpfb2bguzbtcwuqjmbcvef.gx.internal.cloudapp.net/10.1.0.27) reports an CLOSED replica.
2023-04-15 16:32:13,737 [FixedThreadPoolWithAffinityExecutor-0-0] WARN  container.ContainerReportHandler (AbstractContainerReportHandler.java:updateContainerState(259)) - Container #1 is in OPEN state, but the datanode 30c0a845-a217-4f15-8bab-f33012bc7910(fv-az202-370.ngw3kpfb2bguzbtcwuqjmbcvef.gx.internal.cloudapp.net/10.1.0.27) reports an CLOSED replica.
2023-04-15 16:32:13,741 [BlockDeletingService#7] INFO  interfaces.ContainerDeletionChoosingPolicyTemplate (ContainerDeletionChoosingPolicyTemplate.java:chooseContainerForBlockDeletion(83)) - Chosen 0/5000 blocks from 0 candidate containers.
2023-04-15 16:32:13,754 [BlockDeletingService#1] INFO  interfaces.ContainerDeletionChoosingPolicyTemplate (ContainerDeletionChoosingPolicyTemplate.java:chooseContainerForBlockDeletion(83)) - Chosen 0/5000 blocks from 0 candidate containers.
2023-04-15 16:32:13,842 [BlockDeletingService#7] INFO  interfaces.ContainerDeletionChoosingPolicyTemplate (ContainerDeletionChoosingPolicyTemplate.java:chooseContainerForBlockDeletion(83)) - Chosen 0/5000 blocks from 0 candidate containers.
2023-04-15 16:32:13,854 [BlockDeletingService#1] INFO  interfaces.ContainerDeletionChoosingPolicyTemplate (ContainerDeletionChoosingPolicyTemplate.java:chooseContainerForBlockDeletion(83)) - Chosen 0/5000 blocks from 0 candidate containers.
2023-04-15 16:32:13,855 [grpc-default-executor-1] WARN  server.GrpcLogAppender (LogUtils.java:warn(122)) - 30c0a845-a217-4f15-8bab-f33012bc7910@group-F40867945940->f16a70e5-fe04-4d06-9179-25c3ad8a94bb-AppendLogResponseHandler: Failed appendEntries: org.apache.ratis.thirdparty.io.grpc.StatusRuntimeException: UNAVAILABLE: io exception
2023-04-15 16:32:13,856 [grpc-default-executor-1] WARN  server.GrpcLogAppender (GrpcLogAppender.java:resetClient(131)) - 30c0a845-a217-4f15-8bab-f33012bc7910@group-F40867945940->f16a70e5-fe04-4d06-9179-25c3ad8a94bb-GrpcLogAppender: Leader has not got in touch with Follower 30c0a845-a217-4f15-8bab-f33012bc7910@group-F40867945940->f16a70e5-fe04-4d06-9179-25c3ad8a94bb(c-1,m0,n7, attendVote=true, lastRpcSendTime=0, lastRpcResponseTime=22058) yet, just keep nextIndex unchanged and retry.
2023-04-15 16:32:13,856 [grpc-default-executor-5] WARN  server.GrpcLogAppender (LogUtils.java:warn(122)) - 30c0a845-a217-4f15-8bab-f33012bc7910@group-F40867945940->f16a70e5-fe04-4d06-9179-25c3ad8a94bb-AppendLogResponseHandler: Failed appendEntries: org.apache.ratis.thirdparty.io.grpc.StatusRuntimeException: UNAVAILABLE: io exception
2023-04-15 16:32:13,856 [grpc-default-executor-5] WARN  server.GrpcLogAppender (GrpcLogAppender.java:resetClient(131)) - 30c0a845-a217-4f15-8bab-f33012bc7910@group-F40867945940->f16a70e5-fe04-4d06-9179-25c3ad8a94bb-GrpcLogAppender: Leader has not got in touch with Follower 30c0a845-a217-4f15-8bab-f33012bc7910@group-F40867945940->f16a70e5-fe04-4d06-9179-25c3ad8a94bb(c-1,m0,n7, attendVote=true, lastRpcSendTime=1, lastRpcResponseTime=22058) yet, just keep nextIndex unchanged and retry.
2023-04-15 16:32:13,936 [FixedThreadPoolWithAffinityExecutor-0-0] WARN  container.ContainerReportHandler (AbstractContainerReportHandler.java:updateContainerState(259)) - Container #1 is in OPEN state, but the datanode 30c0a845-a217-4f15-8bab-f33012bc7910(fv-az202-370.ngw3kpfb2bguzbtcwuqjmbcvef.gx.internal.cloudapp.net/10.1.0.27) reports an CLOSED replica.
2023-04-15 16:32:13,942 [BlockDeletingService#7] INFO  interfaces.ContainerDeletionChoosingPolicyTemplate (ContainerDeletionChoosingPolicyTemplate.java:chooseContainerForBlockDeletion(83)) - Chosen 0/5000 blocks from 0 candidate containers.
2023-04-15 16:32:13,955 [BlockDeletingService#1] INFO  interfaces.ContainerDeletionChoosingPolicyTemplate (ContainerDeletionChoosingPolicyTemplate.java:chooseContainerForBlockDeletion(83)) - Chosen 0/5000 blocks from 0 candidate containers.
2023-04-15 16:32:13,972 [FixedThreadPoolWithAffinityExecutor-1-0] WARN  container.ContainerReportHandler (AbstractContainerReportHandler.java:updateContainerState(259)) - Container #1 is in OPEN state, but the datanode 0dee40cf-0d5a-47f0-9c10-89273726be1d(fv-az202-370.ngw3kpfb2bguzbtcwuqjmbcvef.gx.internal.cloudapp.net/10.1.0.27) reports an CLOSED replica.
2023-04-15 16:32:14,042 [BlockDeletingService#7] INFO  interfaces.ContainerDeletionChoosingPolicyTemplate (ContainerDeletionChoosingPolicyTemplate.java:chooseContainerForBlockDeletion(83)) - Chosen 0/5000 blocks from 0 candidate containers.
2023-04-15 16:32:14,055 [BlockDeletingService#1] INFO  interfaces.ContainerDeletionChoosingPolicyTemplate (ContainerDeletionChoosingPolicyTemplate.java:chooseContainerForBlockDeletion(83)) - Chosen 0/5000 blocks from 0 candidate containers.
2023-04-15 16:32:14,142 [BlockDeletingService#7] INFO  interfaces.ContainerDeletionChoosingPolicyTemplate (ContainerDeletionChoosingPolicyTemplate.java:chooseContainerForBlockDeletion(83)) - Chosen 0/5000 blocks from 0 candidate containers.
2023-04-15 16:32:14,155 [BlockDeletingService#1] INFO  interfaces.ContainerDeletionChoosingPolicyTemplate (ContainerDeletionChoosingPolicyTemplate.java:chooseContainerForBlockDeletion(83)) - Chosen 0/5000 blocks from 0 candidate containers.
2023-04-15 16:32:14,238 [FixedThreadPoolWithAffinityExecutor-0-0] WARN  container.ContainerReportHandler (AbstractContainerReportHandler.java:updateContainerState(259)) - Container #1 is in OPEN state, but the datanode 30c0a845-a217-4f15-8bab-f33012bc7910(fv-az202-370.ngw3kpfb2bguzbtcwuqjmbcvef.gx.internal.cloudapp.net/10.1.0.27) reports an CLOSED replica.
2023-04-15 16:32:14,243 [BlockDeletingService#7] INFO  interfaces.ContainerDeletionChoosingPolicyTemplate (ContainerDeletionChoosingPolicyTemplate.java:chooseContainerForBlockDeletion(83)) - Chosen 0/5000 blocks from 0 candidate containers.
2023-04-15 16:32:14,255 [BlockDeletingService#1] INFO  interfaces.ContainerDeletionChoosingPolicyTemplate (ContainerDeletionChoosingPolicyTemplate.java:chooseContainerForBlockDeletion(83)) - Chosen 0/5000 blocks from 0 candidate containers.
2023-04-15 16:32:14,273 [FixedThreadPoolWithAffinityExecutor-1-0] WARN  container.ContainerReportHandler (AbstractContainerReportHandler.java:updateContainerState(259)) - Container #1 is in OPEN state, but the datanode 0dee40cf-0d5a-47f0-9c10-89273726be1d(fv-az202-370.ngw3kpfb2bguzbtcwuqjmbcvef.gx.internal.cloudapp.net/10.1.0.27) reports an CLOSED replica.
2023-04-15 16:32:14,343 [BlockDeletingService#7] INFO  interfaces.ContainerDeletionChoosingPolicyTemplate (ContainerDeletionChoosingPolicyTemplate.java:chooseContainerForBlockDeletion(83)) - Chosen 0/5000 blocks from 0 candidate containers.
2023-04-15 16:32:14,355 [BlockDeletingService#1] INFO  interfaces.ContainerDeletionChoosingPolicyTemplate (ContainerDeletionChoosingPolicyTemplate.java:chooseContainerForBlockDeletion(83)) - Chosen 0/5000 blocks from 0 candidate containers.
2023-04-15 16:32:14,436 [FixedThreadPoolWithAffinityExecutor-0-0] WARN  container.ContainerReportHandler (AbstractContainerReportHandler.java:updateContainerState(259)) - Container #1 is in OPEN state, but the datanode 30c0a845-a217-4f15-8bab-f33012bc7910(fv-az202-370.ngw3kpfb2bguzbtcwuqjmbcvef.gx.internal.cloudapp.net/10.1.0.27) reports an CLOSED replica.
2023-04-15 16:32:14,443 [BlockDeletingService#7] INFO  interfaces.ContainerDeletionChoosingPolicyTemplate (ContainerDeletionChoosingPolicyTemplate.java:chooseContainerForBlockDeletion(83)) - Chosen 0/5000 blocks from 0 candidate containers.
2023-04-15 16:32:14,455 [BlockDeletingService#1] INFO  interfaces.ContainerDeletionChoosingPolicyTemplate (ContainerDeletionChoosingPolicyTemplate.java:chooseContainerForBlockDeletion(83)) - Chosen 0/5000 blocks from 0 candidate containers.
2023-04-15 16:32:14,474 [FixedThreadPoolWithAffinityExecutor-1-0] WARN  container.ContainerReportHandler (AbstractContainerReportHandler.java:updateContainerState(259)) - Container #1 is in OPEN state, but the datanode 0dee40cf-0d5a-47f0-9c10-89273726be1d(fv-az202-370.ngw3kpfb2bguzbtcwuqjmbcvef.gx.internal.cloudapp.net/10.1.0.27) reports an CLOSED replica.
2023-04-15 16:32:14,543 [BlockDeletingService#7] INFO  interfaces.ContainerDeletionChoosingPolicyTemplate (ContainerDeletionChoosingPolicyTemplate.java:chooseContainerForBlockDeletion(83)) - Chosen 0/5000 blocks from 0 candidate containers.
2023-04-15 16:32:14,556 [BlockDeletingService#1] INFO  interfaces.ContainerDeletionChoosingPolicyTemplate (ContainerDeletionChoosingPolicyTemplate.java:chooseContainerForBlockDeletion(83)) - Chosen 0/5000 blocks from 0 candidate containers.
2023-04-15 16:32:14,643 [BlockDeletingService#7] INFO  interfaces.ContainerDeletionChoosingPolicyTemplate (ContainerDeletionChoosingPolicyTemplate.java:chooseContainerForBlockDeletion(83)) - Chosen 0/5000 blocks from 0 candidate containers.
2023-04-15 16:32:14,656 [BlockDeletingService#1] INFO  interfaces.ContainerDeletionChoosingPolicyTemplate (ContainerDeletionChoosingPolicyTemplate.java:chooseContainerForBlockDeletion(83)) - Chosen 0/5000 blocks from 0 candidate containers.
2023-04-15 16:32:14,736 [FixedThreadPoolWithAffinityExecutor-0-0] WARN  container.ContainerReportHandler (AbstractContainerReportHandler.java:updateContainerState(259)) - Container #1 is in OPEN state, but the datanode 30c0a845-a217-4f15-8bab-f33012bc7910(fv-az202-370.ngw3kpfb2bguzbtcwuqjmbcvef.gx.internal.cloudapp.net/10.1.0.27) reports an CLOSED replica.
2023-04-15 16:32:14,744 [BlockDeletingService#7] INFO  interfaces.ContainerDeletionChoosingPolicyTemplate (ContainerDeletionChoosingPolicyTemplate.java:chooseContainerForBlockDeletion(83)) - Chosen 0/5000 blocks from 0 candidate containers.
2023-04-15 16:32:14,756 [BlockDeletingService#1] INFO  interfaces.ContainerDeletionChoosingPolicyTemplate (ContainerDeletionChoosingPolicyTemplate.java:chooseContainerForBlockDeletion(83)) - Chosen 0/5000 blocks from 0 candidate containers.
2023-04-15 16:32:14,774 [FixedThreadPoolWithAffinityExecutor-1-0] WARN  container.ContainerReportHandler (AbstractContainerReportHandler.java:updateContainerState(259)) - Container #1 is in OPEN state, but the datanode 0dee40cf-0d5a-47f0-9c10-89273726be1d(fv-az202-370.ngw3kpfb2bguzbtcwuqjmbcvef.gx.internal.cloudapp.net/10.1.0.27) reports an CLOSED replica.
2023-04-15 16:32:14,844 [BlockDeletingService#7] INFO  interfaces.ContainerDeletionChoosingPolicyTemplate (ContainerDeletionChoosingPolicyTemplate.java:chooseContainerForBlockDeletion(83)) - Chosen 0/5000 blocks from 0 candidate containers.
2023-04-15 16:32:14,856 [BlockDeletingService#1] INFO  interfaces.ContainerDeletionChoosingPolicyTemplate (ContainerDeletionChoosingPolicyTemplate.java:chooseContainerForBlockDeletion(83)) - Chosen 0/5000 blocks from 0 candidate containers.
2023-04-15 16:32:14,944 [BlockDeletingService#7] INFO  interfaces.ContainerDeletionChoosingPolicyTemplate (ContainerDeletionChoosingPolicyTemplate.java:chooseContainerForBlockDeletion(83)) - Chosen 0/5000 blocks from 0 candidate containers.
2023-04-15 16:32:14,956 [BlockDeletingService#1] INFO  interfaces.ContainerDeletionChoosingPolicyTemplate (ContainerDeletionChoosingPolicyTemplate.java:chooseContainerForBlockDeletion(83)) - Chosen 0/5000 blocks from 0 candidate containers.
2023-04-15 16:32:15,036 [FixedThreadPoolWithAffinityExecutor-0-0] WARN  container.ContainerReportHandler (AbstractContainerReportHandler.java:updateContainerState(259)) - Container #1 is in OPEN state, but the datanode 30c0a845-a217-4f15-8bab-f33012bc7910(fv-az202-370.ngw3kpfb2bguzbtcwuqjmbcvef.gx.internal.cloudapp.net/10.1.0.27) reports an CLOSED replica.
2023-04-15 16:32:15,044 [BlockDeletingService#7] INFO  interfaces.ContainerDeletionChoosingPolicyTemplate (ContainerDeletionChoosingPolicyTemplate.java:chooseContainerForBlockDeletion(83)) - Chosen 0/5000 blocks from 0 candidate containers.
2023-04-15 16:32:15,060 [BlockDeletingService#1] INFO  interfaces.ContainerDeletionChoosingPolicyTemplate (ContainerDeletionChoosingPolicyTemplate.java:chooseContainerForBlockDeletion(83)) - Chosen 0/5000 blocks from 0 candidate containers.
2023-04-15 16:32:15,074 [FixedThreadPoolWithAffinityExecutor-1-0] WARN  container.ContainerReportHandler (AbstractContainerReportHandler.java:updateContainerState(259)) - Container #1 is in OPEN state, but the datanode 0dee40cf-0d5a-47f0-9c10-89273726be1d(fv-az202-370.ngw3kpfb2bguzbtcwuqjmbcvef.gx.internal.cloudapp.net/10.1.0.27) reports an CLOSED replica.
2023-04-15 16:32:15,105 [grpc-default-executor-5] WARN  server.GrpcLogAppender (LogUtils.java:warn(122)) - 30c0a845-a217-4f15-8bab-f33012bc7910@group-F40867945940->f16a70e5-fe04-4d06-9179-25c3ad8a94bb-AppendLogResponseHandler: Failed appendEntries: org.apache.ratis.thirdparty.io.grpc.StatusRuntimeException: UNAVAILABLE: io exception
2023-04-15 16:32:15,106 [grpc-default-executor-1] WARN  server.GrpcLogAppender (LogUtils.java:warn(122)) - 30c0a845-a217-4f15-8bab-f33012bc7910@group-F40867945940->f16a70e5-fe04-4d06-9179-25c3ad8a94bb-AppendLogResponseHandler: Failed appendEntries: org.apache.ratis.thirdparty.io.grpc.StatusRuntimeException: UNAVAILABLE: io exception
2023-04-15 16:32:15,106 [grpc-default-executor-5] WARN  server.GrpcLogAppender (GrpcLogAppender.java:resetClient(131)) - 30c0a845-a217-4f15-8bab-f33012bc7910@group-F40867945940->f16a70e5-fe04-4d06-9179-25c3ad8a94bb-GrpcLogAppender: Leader has not got in touch with Follower 30c0a845-a217-4f15-8bab-f33012bc7910@group-F40867945940->f16a70e5-fe04-4d06-9179-25c3ad8a94bb(c-1,m0,n7, attendVote=true, lastRpcSendTime=1, lastRpcResponseTime=23308) yet, just keep nextIndex unchanged and retry.
2023-04-15 16:32:15,107 [grpc-default-executor-1] WARN  server.GrpcLogAppender (GrpcLogAppender.java:resetClient(131)) - 30c0a845-a217-4f15-8bab-f33012bc7910@group-F40867945940->f16a70e5-fe04-4d06-9179-25c3ad8a94bb-GrpcLogAppender: Leader has not got in touch with Follower 30c0a845-a217-4f15-8bab-f33012bc7910@group-F40867945940->f16a70e5-fe04-4d06-9179-25c3ad8a94bb(c-1,m0,n7, attendVote=true, lastRpcSendTime=2, lastRpcResponseTime=23310) yet, just keep nextIndex unchanged and retry.
2023-04-15 16:32:15,144 [BlockDeletingService#7] INFO  interfaces.ContainerDeletionChoosingPolicyTemplate (ContainerDeletionChoosingPolicyTemplate.java:chooseContainerForBlockDeletion(83)) - Chosen 0/5000 blocks from 0 candidate containers.
2023-04-15 16:32:15,160 [BlockDeletingService#1] INFO  interfaces.ContainerDeletionChoosingPolicyTemplate (ContainerDeletionChoosingPolicyTemplate.java:chooseContainerForBlockDeletion(83)) - Chosen 0/5000 blocks from 0 candidate containers.
2023-04-15 16:32:15,236 [FixedThreadPoolWithAffinityExecutor-0-0] WARN  container.ContainerReportHandler (AbstractContainerReportHandler.java:updateContainerState(259)) - Container #1 is in OPEN state, but the datanode 30c0a845-a217-4f15-8bab-f33012bc7910(fv-az202-370.ngw3kpfb2bguzbtcwuqjmbcvef.gx.internal.cloudapp.net/10.1.0.27) reports an CLOSED replica.
2023-04-15 16:32:15,244 [BlockDeletingService#7] INFO  interfaces.ContainerDeletionChoosingPolicyTemplate (ContainerDeletionChoosingPolicyTemplate.java:chooseContainerForBlockDeletion(83)) - Chosen 0/5000 blocks from 0 candidate containers.
2023-04-15 16:32:15,261 [BlockDeletingService#1] INFO  interfaces.ContainerDeletionChoosingPolicyTemplate (ContainerDeletionChoosingPolicyTemplate.java:chooseContainerForBlockDeletion(83)) - Chosen 0/5000 blocks from 0 candidate containers.
2023-04-15 16:32:15,274 [FixedThreadPoolWithAffinityExecutor-1-0] WARN  container.ContainerReportHandler (AbstractContainerReportHandler.java:updateContainerState(259)) - Container #1 is in OPEN state, but the datanode 0dee40cf-0d5a-47f0-9c10-89273726be1d(fv-az202-370.ngw3kpfb2bguzbtcwuqjmbcvef.gx.internal.cloudapp.net/10.1.0.27) reports an CLOSED replica.
2023-04-15 16:32:15,345 [BlockDeletingService#7] INFO  interfaces.ContainerDeletionChoosingPolicyTemplate (ContainerDeletionChoosingPolicyTemplate.java:chooseContainerForBlockDeletion(83)) - Chosen 0/5000 blocks from 0 candidate containers.
2023-04-15 16:32:15,361 [BlockDeletingService#1] INFO  interfaces.ContainerDeletionChoosingPolicyTemplate (ContainerDeletionChoosingPolicyTemplate.java:chooseContainerForBlockDeletion(83)) - Chosen 0/5000 blocks from 0 candidate containers.
2023-04-15 16:32:15,445 [BlockDeletingService#7] INFO  interfaces.ContainerDeletionChoosingPolicyTemplate (ContainerDeletionChoosingPolicyTemplate.java:chooseContainerForBlockDeletion(83)) - Chosen 0/5000 blocks from 0 candidate containers.
2023-04-15 16:32:15,461 [BlockDeletingService#1] INFO  interfaces.ContainerDeletionChoosingPolicyTemplate (ContainerDeletionChoosingPolicyTemplate.java:chooseContainerForBlockDeletion(83)) - Chosen 0/5000 blocks from 0 candidate containers.
2023-04-15 16:32:15,536 [FixedThreadPoolWithAffinityExecutor-0-0] WARN  container.ContainerReportHandler (AbstractContainerReportHandler.java:updateContainerState(259)) - Container #1 is in OPEN state, but the datanode 30c0a845-a217-4f15-8bab-f33012bc7910(fv-az202-370.ngw3kpfb2bguzbtcwuqjmbcvef.gx.internal.cloudapp.net/10.1.0.27) reports an CLOSED replica.
2023-04-15 16:32:15,545 [BlockDeletingService#7] INFO  interfaces.ContainerDeletionChoosingPolicyTemplate (ContainerDeletionChoosingPolicyTemplate.java:chooseContainerForBlockDeletion(83)) - Chosen 0/5000 blocks from 0 candidate containers.
2023-04-15 16:32:15,561 [BlockDeletingService#1] INFO  interfaces.ContainerDeletionChoosingPolicyTemplate (ContainerDeletionChoosingPolicyTemplate.java:chooseContainerForBlockDeletion(83)) - Chosen 0/5000 blocks from 0 candidate containers.
2023-04-15 16:32:15,578 [FixedThreadPoolWithAffinityExecutor-1-0] WARN  container.ContainerReportHandler (AbstractContainerReportHandler.java:updateContainerState(259)) - Container #1 is in OPEN state, but the datanode 0dee40cf-0d5a-47f0-9c10-89273726be1d(fv-az202-370.ngw3kpfb2bguzbtcwuqjmbcvef.gx.internal.cloudapp.net/10.1.0.27) reports an CLOSED replica.
2023-04-15 16:32:15,645 [BlockDeletingService#7] INFO  interfaces.ContainerDeletionChoosingPolicyTemplate (ContainerDeletionChoosingPolicyTemplate.java:chooseContainerForBlockDeletion(83)) - Chosen 0/5000 blocks from 0 candidate containers.
2023-04-15 16:32:15,661 [BlockDeletingService#1] INFO  interfaces.ContainerDeletionChoosingPolicyTemplate (ContainerDeletionChoosingPolicyTemplate.java:chooseContainerForBlockDeletion(83)) - Chosen 0/5000 blocks from 0 candidate containers.
2023-04-15 16:32:15,736 [FixedThreadPoolWithAffinityExecutor-0-0] WARN  container.ContainerReportHandler (AbstractContainerReportHandler.java:updateContainerState(259)) - Container #1 is in OPEN state, but the datanode 30c0a845-a217-4f15-8bab-f33012bc7910(fv-az202-370.ngw3kpfb2bguzbtcwuqjmbcvef.gx.internal.cloudapp.net/10.1.0.27) reports an CLOSED replica.
2023-04-15 16:32:15,745 [BlockDeletingService#7] INFO  interfaces.ContainerDeletionChoosingPolicyTemplate (ContainerDeletionChoosingPolicyTemplate.java:chooseContainerForBlockDeletion(83)) - Chosen 0/5000 blocks from 0 candidate containers.
2023-04-15 16:32:15,761 [BlockDeletingService#1] INFO  interfaces.ContainerDeletionChoosingPolicyTemplate (ContainerDeletionChoosingPolicyTemplate.java:chooseContainerForBlockDeletion(83)) - Chosen 0/5000 blocks from 0 candidate containers.
2023-04-15 16:32:15,845 [BlockDeletingService#7] INFO  interfaces.ContainerDeletionChoosingPolicyTemplate (ContainerDeletionChoosingPolicyTemplate.java:chooseContainerForBlockDeletion(83)) - Chosen 0/5000 blocks from 0 candidate containers.
2023-04-15 16:32:15,862 [BlockDeletingService#1] INFO  interfaces.ContainerDeletionChoosingPolicyTemplate (ContainerDeletionChoosingPolicyTemplate.java:chooseContainerForBlockDeletion(83)) - Chosen 0/5000 blocks from 0 candidate containers.
2023-04-15 16:32:15,879 [FixedThreadPoolWithAffinityExecutor-1-0] WARN  container.ContainerReportHandler (AbstractContainerReportHandler.java:updateContainerState(259)) - Container #1 is in OPEN state, but the datanode 0dee40cf-0d5a-47f0-9c10-89273726be1d(fv-az202-370.ngw3kpfb2bguzbtcwuqjmbcvef.gx.internal.cloudapp.net/10.1.0.27) reports an CLOSED replica.
2023-04-15 16:32:15,946 [BlockDeletingService#7] INFO  interfaces.ContainerDeletionChoosingPolicyTemplate (ContainerDeletionChoosingPolicyTemplate.java:chooseContainerForBlockDeletion(83)) - Chosen 0/5000 blocks from 0 candidate containers.
2023-04-15 16:32:15,962 [BlockDeletingService#1] INFO  interfaces.ContainerDeletionChoosingPolicyTemplate (ContainerDeletionChoosingPolicyTemplate.java:chooseContainerForBlockDeletion(83)) - Chosen 0/5000 blocks from 0 candidate containers.
2023-04-15 16:32:16,037 [FixedThreadPoolWithAffinityExecutor-0-0] WARN  container.ContainerReportHandler (AbstractContainerReportHandler.java:updateContainerState(259)) - Container #1 is in OPEN state, but the datanode 30c0a845-a217-4f15-8bab-f33012bc7910(fv-az202-370.ngw3kpfb2bguzbtcwuqjmbcvef.gx.internal.cloudapp.net/10.1.0.27) reports an CLOSED replica.
2023-04-15 16:32:16,046 [BlockDeletingService#7] INFO  interfaces.ContainerDeletionChoosingPolicyTemplate (ContainerDeletionChoosingPolicyTemplate.java:chooseContainerForBlockDeletion(83)) - Chosen 0/5000 blocks from 0 candidate containers.
2023-04-15 16:32:16,062 [BlockDeletingService#1] INFO  interfaces.ContainerDeletionChoosingPolicyTemplate (ContainerDeletionChoosingPolicyTemplate.java:chooseContainerForBlockDeletion(83)) - Chosen 0/5000 blocks from 0 candidate containers.
2023-04-15 16:32:16,146 [BlockDeletingService#7] INFO  interfaces.ContainerDeletionChoosingPolicyTemplate (ContainerDeletionChoosingPolicyTemplate.java:chooseContainerForBlockDeletion(83)) - Chosen 0/5000 blocks from 0 candidate containers.
2023-04-15 16:32:16,162 [BlockDeletingService#1] INFO  interfaces.ContainerDeletionChoosingPolicyTemplate (ContainerDeletionChoosingPolicyTemplate.java:chooseContainerForBlockDeletion(83)) - Chosen 0/5000 blocks from 0 candidate containers.
2023-04-15 16:32:16,178 [FixedThreadPoolWithAffinityExecutor-1-0] WARN  container.ContainerReportHandler (AbstractContainerReportHandler.java:updateContainerState(259)) - Container #1 is in OPEN state, but the datanode 0dee40cf-0d5a-47f0-9c10-89273726be1d(fv-az202-370.ngw3kpfb2bguzbtcwuqjmbcvef.gx.internal.cloudapp.net/10.1.0.27) reports an CLOSED replica.
2023-04-15 16:32:16,237 [FixedThreadPoolWithAffinityExecutor-0-0] WARN  container.ContainerReportHandler (AbstractContainerReportHandler.java:updateContainerState(259)) - Container #1 is in OPEN state, but the datanode 30c0a845-a217-4f15-8bab-f33012bc7910(fv-az202-370.ngw3kpfb2bguzbtcwuqjmbcvef.gx.internal.cloudapp.net/10.1.0.27) reports an CLOSED replica.
2023-04-15 16:32:16,246 [BlockDeletingService#7] INFO  interfaces.ContainerDeletionChoosingPolicyTemplate (ContainerDeletionChoosingPolicyTemplate.java:chooseContainerForBlockDeletion(83)) - Chosen 0/5000 blocks from 0 candidate containers.
2023-04-15 16:32:16,262 [BlockDeletingService#1] INFO  interfaces.ContainerDeletionChoosingPolicyTemplate (ContainerDeletionChoosingPolicyTemplate.java:chooseContainerForBlockDeletion(83)) - Chosen 0/5000 blocks from 0 candidate containers.
2023-04-15 16:32:16,346 [BlockDeletingService#7] INFO  interfaces.ContainerDeletionChoosingPolicyTemplate (ContainerDeletionChoosingPolicyTemplate.java:chooseContainerForBlockDeletion(83)) - Chosen 0/5000 blocks from 0 candidate containers.
2023-04-15 16:32:16,355 [grpc-default-executor-1] WARN  server.GrpcLogAppender (LogUtils.java:warn(122)) - 30c0a845-a217-4f15-8bab-f33012bc7910@group-F40867945940->f16a70e5-fe04-4d06-9179-25c3ad8a94bb-AppendLogResponseHandler: Failed appendEntries: org.apache.ratis.thirdparty.io.grpc.StatusRuntimeException: UNAVAILABLE: io exception
2023-04-15 16:32:16,356 [grpc-default-executor-1] WARN  server.GrpcLogAppender (GrpcLogAppender.java:resetClient(131)) - 30c0a845-a217-4f15-8bab-f33012bc7910@group-F40867945940->f16a70e5-fe04-4d06-9179-25c3ad8a94bb-GrpcLogAppender: Leader has not got in touch with Follower 30c0a845-a217-4f15-8bab-f33012bc7910@group-F40867945940->f16a70e5-fe04-4d06-9179-25c3ad8a94bb(c-1,m0,n7, attendVote=true, lastRpcSendTime=0, lastRpcResponseTime=24558) yet, just keep nextIndex unchanged and retry.
2023-04-15 16:32:16,355 [grpc-default-executor-5] WARN  server.GrpcLogAppender (LogUtils.java:warn(122)) - 30c0a845-a217-4f15-8bab-f33012bc7910@group-F40867945940->f16a70e5-fe04-4d06-9179-25c3ad8a94bb-AppendLogResponseHandler: Failed appendEntries: org.apache.ratis.thirdparty.io.grpc.StatusRuntimeException: UNAVAILABLE: io exception
2023-04-15 16:32:16,357 [grpc-default-executor-5] WARN  server.GrpcLogAppender (GrpcLogAppender.java:resetClient(131)) - 30c0a845-a217-4f15-8bab-f33012bc7910@group-F40867945940->f16a70e5-fe04-4d06-9179-25c3ad8a94bb-GrpcLogAppender: Leader has not got in touch with Follower 30c0a845-a217-4f15-8bab-f33012bc7910@group-F40867945940->f16a70e5-fe04-4d06-9179-25c3ad8a94bb(c-1,m0,n7, attendVote=true, lastRpcSendTime=1, lastRpcResponseTime=24559) yet, just keep nextIndex unchanged and retry.
2023-04-15 16:32:16,362 [BlockDeletingService#1] INFO  interfaces.ContainerDeletionChoosingPolicyTemplate (ContainerDeletionChoosingPolicyTemplate.java:chooseContainerForBlockDeletion(83)) - Chosen 0/5000 blocks from 0 candidate containers.
2023-04-15 16:32:16,379 [FixedThreadPoolWithAffinityExecutor-1-0] WARN  container.ContainerReportHandler (AbstractContainerReportHandler.java:updateContainerState(259)) - Container #1 is in OPEN state, but the datanode 0dee40cf-0d5a-47f0-9c10-89273726be1d(fv-az202-370.ngw3kpfb2bguzbtcwuqjmbcvef.gx.internal.cloudapp.net/10.1.0.27) reports an CLOSED replica.
2023-04-15 16:32:16,446 [BlockDeletingService#7] INFO  interfaces.ContainerDeletionChoosingPolicyTemplate (ContainerDeletionChoosingPolicyTemplate.java:chooseContainerForBlockDeletion(83)) - Chosen 0/5000 blocks from 0 candidate containers.
2023-04-15 16:32:16,462 [BlockDeletingService#1] INFO  interfaces.ContainerDeletionChoosingPolicyTemplate (ContainerDeletionChoosingPolicyTemplate.java:chooseContainerForBlockDeletion(83)) - Chosen 0/5000 blocks from 0 candidate containers.
2023-04-15 16:32:16,537 [FixedThreadPoolWithAffinityExecutor-0-0] WARN  container.ContainerReportHandler (AbstractContainerReportHandler.java:updateContainerState(259)) - Container #1 is in OPEN state, but the datanode 30c0a845-a217-4f15-8bab-f33012bc7910(fv-az202-370.ngw3kpfb2bguzbtcwuqjmbcvef.gx.internal.cloudapp.net/10.1.0.27) reports an CLOSED replica.
2023-04-15 16:32:16,547 [BlockDeletingService#7] INFO  interfaces.ContainerDeletionChoosingPolicyTemplate (ContainerDeletionChoosingPolicyTemplate.java:chooseContainerForBlockDeletion(83)) - Chosen 0/5000 blocks from 0 candidate containers.
2023-04-15 16:32:16,563 [BlockDeletingService#1] INFO  interfaces.ContainerDeletionChoosingPolicyTemplate (ContainerDeletionChoosingPolicyTemplate.java:chooseContainerForBlockDeletion(83)) - Chosen 0/5000 blocks from 0 candidate containers.
2023-04-15 16:32:16,655 [BlockDeletingService#7] INFO  interfaces.ContainerDeletionChoosingPolicyTemplate (ContainerDeletionChoosingPolicyTemplate.java:chooseContainerForBlockDeletion(83)) - Chosen 0/5000 blocks from 0 candidate containers.
2023-04-15 16:32:16,663 [BlockDeletingService#1] INFO  interfaces.ContainerDeletionChoosingPolicyTemplate (ContainerDeletionChoosingPolicyTemplate.java:chooseContainerForBlockDeletion(83)) - Chosen 0/5000 blocks from 0 candidate containers.
2023-04-15 16:32:16,681 [FixedThreadPoolWithAffinityExecutor-1-0] WARN  container.ContainerReportHandler (AbstractContainerReportHandler.java:updateContainerState(259)) - Container #1 is in OPEN state, but the datanode 0dee40cf-0d5a-47f0-9c10-89273726be1d(fv-az202-370.ngw3kpfb2bguzbtcwuqjmbcvef.gx.internal.cloudapp.net/10.1.0.27) reports an CLOSED replica.
2023-04-15 16:32:16,738 [FixedThreadPoolWithAffinityExecutor-0-0] WARN  container.ContainerReportHandler (AbstractContainerReportHandler.java:updateContainerState(259)) - Container #1 is in OPEN state, but the datanode 30c0a845-a217-4f15-8bab-f33012bc7910(fv-az202-370.ngw3kpfb2bguzbtcwuqjmbcvef.gx.internal.cloudapp.net/10.1.0.27) reports an CLOSED replica.
2023-04-15 16:32:16,755 [BlockDeletingService#7] INFO  interfaces.ContainerDeletionChoosingPolicyTemplate (ContainerDeletionChoosingPolicyTemplate.java:chooseContainerForBlockDeletion(83)) - Chosen 0/5000 blocks from 0 candidate containers.
2023-04-15 16:32:16,763 [BlockDeletingService#1] INFO  interfaces.ContainerDeletionChoosingPolicyTemplate (ContainerDeletionChoosingPolicyTemplate.java:chooseContainerForBlockDeletion(83)) - Chosen 0/5000 blocks from 0 candidate containers.
2023-04-15 16:32:16,855 [BlockDeletingService#7] INFO  interfaces.ContainerDeletionChoosingPolicyTemplate (ContainerDeletionChoosingPolicyTemplate.java:chooseContainerForBlockDeletion(83)) - Chosen 0/5000 blocks from 0 candidate containers.
2023-04-15 16:32:16,863 [BlockDeletingService#1] INFO  interfaces.ContainerDeletionChoosingPolicyTemplate (ContainerDeletionChoosingPolicyTemplate.java:chooseContainerForBlockDeletion(83)) - Chosen 0/5000 blocks from 0 candidate containers.
2023-04-15 16:32:16,955 [BlockDeletingService#7] INFO  interfaces.ContainerDeletionChoosingPolicyTemplate (ContainerDeletionChoosingPolicyTemplate.java:chooseContainerForBlockDeletion(83)) - Chosen 0/5000 blocks from 0 candidate containers.
2023-04-15 16:32:16,963 [BlockDeletingService#1] INFO  interfaces.ContainerDeletionChoosingPolicyTemplate (ContainerDeletionChoosingPolicyTemplate.java:chooseContainerForBlockDeletion(83)) - Chosen 0/5000 blocks from 0 candidate containers.
2023-04-15 16:32:16,982 [FixedThreadPoolWithAffinityExecutor-1-0] WARN  container.ContainerReportHandler (AbstractContainerReportHandler.java:updateContainerState(259)) - Container #1 is in OPEN state, but the datanode 0dee40cf-0d5a-47f0-9c10-89273726be1d(fv-az202-370.ngw3kpfb2bguzbtcwuqjmbcvef.gx.internal.cloudapp.net/10.1.0.27) reports an CLOSED replica.
2023-04-15 16:32:17,037 [FixedThreadPoolWithAffinityExecutor-0-0] WARN  container.ContainerReportHandler (AbstractContainerReportHandler.java:updateContainerState(259)) - Container #1 is in OPEN state, but the datanode 30c0a845-a217-4f15-8bab-f33012bc7910(fv-az202-370.ngw3kpfb2bguzbtcwuqjmbcvef.gx.internal.cloudapp.net/10.1.0.27) reports an CLOSED replica.
2023-04-15 16:32:17,056 [BlockDeletingService#7] INFO  interfaces.ContainerDeletionChoosingPolicyTemplate (ContainerDeletionChoosingPolicyTemplate.java:chooseContainerForBlockDeletion(83)) - Chosen 0/5000 blocks from 0 candidate containers.
2023-04-15 16:32:17,063 [BlockDeletingService#1] INFO  interfaces.ContainerDeletionChoosingPolicyTemplate (ContainerDeletionChoosingPolicyTemplate.java:chooseContainerForBlockDeletion(83)) - Chosen 0/5000 blocks from 0 candidate containers.
2023-04-15 16:32:17,156 [BlockDeletingService#7] INFO  interfaces.ContainerDeletionChoosingPolicyTemplate (ContainerDeletionChoosingPolicyTemplate.java:chooseContainerForBlockDeletion(83)) - Chosen 0/5000 blocks from 0 candidate containers.
2023-04-15 16:32:17,163 [BlockDeletingService#1] INFO  interfaces.ContainerDeletionChoosingPolicyTemplate (ContainerDeletionChoosingPolicyTemplate.java:chooseContainerForBlockDeletion(83)) - Chosen 0/5000 blocks from 0 candidate containers.
2023-04-15 16:32:17,256 [BlockDeletingService#7] INFO  interfaces.ContainerDeletionChoosingPolicyTemplate (ContainerDeletionChoosingPolicyTemplate.java:chooseContainerForBlockDeletion(83)) - Chosen 0/5000 blocks from 0 candidate containers.
2023-04-15 16:32:17,263 [BlockDeletingService#1] INFO  interfaces.ContainerDeletionChoosingPolicyTemplate (ContainerDeletionChoosingPolicyTemplate.java:chooseContainerForBlockDeletion(83)) - Chosen 0/5000 blocks from 0 candidate containers.
2023-04-15 16:32:17,282 [FixedThreadPoolWithAffinityExecutor-1-0] WARN  container.ContainerReportHandler (AbstractContainerReportHandler.java:updateContainerState(259)) - Container #1 is in OPEN state, but the datanode 0dee40cf-0d5a-47f0-9c10-89273726be1d(fv-az202-370.ngw3kpfb2bguzbtcwuqjmbcvef.gx.internal.cloudapp.net/10.1.0.27) reports an CLOSED replica.
2023-04-15 16:32:17,338 [FixedThreadPoolWithAffinityExecutor-0-0] WARN  container.ContainerReportHandler (AbstractContainerReportHandler.java:updateContainerState(259)) - Container #1 is in OPEN state, but the datanode 30c0a845-a217-4f15-8bab-f33012bc7910(fv-az202-370.ngw3kpfb2bguzbtcwuqjmbcvef.gx.internal.cloudapp.net/10.1.0.27) reports an CLOSED replica.
2023-04-15 16:32:17,356 [BlockDeletingService#7] INFO  interfaces.ContainerDeletionChoosingPolicyTemplate (ContainerDeletionChoosingPolicyTemplate.java:chooseContainerForBlockDeletion(83)) - Chosen 0/5000 blocks from 0 candidate containers.
2023-04-15 16:32:17,364 [BlockDeletingService#1] INFO  interfaces.ContainerDeletionChoosingPolicyTemplate (ContainerDeletionChoosingPolicyTemplate.java:chooseContainerForBlockDeletion(83)) - Chosen 0/5000 blocks from 0 candidate containers.
2023-04-15 16:32:17,456 [BlockDeletingService#7] INFO  interfaces.ContainerDeletionChoosingPolicyTemplate (ContainerDeletionChoosingPolicyTemplate.java:chooseContainerForBlockDeletion(83)) - Chosen 0/5000 blocks from 0 candidate containers.
2023-04-15 16:32:17,464 [BlockDeletingService#1] INFO  interfaces.ContainerDeletionChoosingPolicyTemplate (ContainerDeletionChoosingPolicyTemplate.java:chooseContainerForBlockDeletion(83)) - Chosen 0/5000 blocks from 0 candidate containers.
2023-04-15 16:32:17,483 [FixedThreadPoolWithAffinityExecutor-1-0] WARN  container.ContainerReportHandler (AbstractContainerReportHandler.java:updateContainerState(259)) - Container #1 is in OPEN state, but the datanode 0dee40cf-0d5a-47f0-9c10-89273726be1d(fv-az202-370.ngw3kpfb2bguzbtcwuqjmbcvef.gx.internal.cloudapp.net/10.1.0.27) reports an CLOSED replica.
2023-04-15 16:32:17,539 [FixedThreadPoolWithAffinityExecutor-0-0] WARN  container.ContainerReportHandler (AbstractContainerReportHandler.java:updateContainerState(259)) - Container #1 is in OPEN state, but the datanode 30c0a845-a217-4f15-8bab-f33012bc7910(fv-az202-370.ngw3kpfb2bguzbtcwuqjmbcvef.gx.internal.cloudapp.net/10.1.0.27) reports an CLOSED replica.
2023-04-15 16:32:17,557 [BlockDeletingService#7] INFO  interfaces.ContainerDeletionChoosingPolicyTemplate (ContainerDeletionChoosingPolicyTemplate.java:chooseContainerForBlockDeletion(83)) - Chosen 0/5000 blocks from 0 candidate containers.
2023-04-15 16:32:17,564 [BlockDeletingService#1] INFO  interfaces.ContainerDeletionChoosingPolicyTemplate (ContainerDeletionChoosingPolicyTemplate.java:chooseContainerForBlockDeletion(83)) - Chosen 0/5000 blocks from 0 candidate containers.
2023-04-15 16:32:17,606 [grpc-default-executor-5] WARN  server.GrpcLogAppender (LogUtils.java:warn(122)) - 30c0a845-a217-4f15-8bab-f33012bc7910@group-F40867945940->f16a70e5-fe04-4d06-9179-25c3ad8a94bb-AppendLogResponseHandler: Failed appendEntries: org.apache.ratis.thirdparty.io.grpc.StatusRuntimeException: UNAVAILABLE: io exception
2023-04-15 16:32:17,606 [grpc-default-executor-1] WARN  server.GrpcLogAppender (LogUtils.java:warn(122)) - 30c0a845-a217-4f15-8bab-f33012bc7910@group-F40867945940->f16a70e5-fe04-4d06-9179-25c3ad8a94bb-AppendLogResponseHandler: Failed appendEntries: org.apache.ratis.thirdparty.io.grpc.StatusRuntimeException: UNAVAILABLE: io exception
2023-04-15 16:32:17,607 [grpc-default-executor-5] WARN  server.GrpcLogAppender (GrpcLogAppender.java:resetClient(131)) - 30c0a845-a217-4f15-8bab-f33012bc7910@group-F40867945940->f16a70e5-fe04-4d06-9179-25c3ad8a94bb-GrpcLogAppender: Leader has not got in touch with Follower 30c0a845-a217-4f15-8bab-f33012bc7910@group-F40867945940->f16a70e5-fe04-4d06-9179-25c3ad8a94bb(c-1,m0,n7, attendVote=true, lastRpcSendTime=0, lastRpcResponseTime=25809) yet, just keep nextIndex unchanged and retry.
2023-04-15 16:32:17,609 [grpc-default-executor-1] WARN  server.GrpcLogAppender (GrpcLogAppender.java:resetClient(131)) - 30c0a845-a217-4f15-8bab-f33012bc7910@group-F40867945940->f16a70e5-fe04-4d06-9179-25c3ad8a94bb-GrpcLogAppender: Leader has not got in touch with Follower 30c0a845-a217-4f15-8bab-f33012bc7910@group-F40867945940->f16a70e5-fe04-4d06-9179-25c3ad8a94bb(c-1,m0,n7, attendVote=true, lastRpcSendTime=2, lastRpcResponseTime=25811) yet, just keep nextIndex unchanged and retry.
2023-04-15 16:32:17,657 [BlockDeletingService#7] INFO  interfaces.ContainerDeletionChoosingPolicyTemplate (ContainerDeletionChoosingPolicyTemplate.java:chooseContainerForBlockDeletion(83)) - Chosen 0/5000 blocks from 0 candidate containers.
2023-04-15 16:32:17,664 [BlockDeletingService#1] INFO  interfaces.ContainerDeletionChoosingPolicyTemplate (ContainerDeletionChoosingPolicyTemplate.java:chooseContainerForBlockDeletion(83)) - Chosen 0/5000 blocks from 0 candidate containers.
2023-04-15 16:32:17,757 [BlockDeletingService#7] INFO  interfaces.ContainerDeletionChoosingPolicyTemplate (ContainerDeletionChoosingPolicyTemplate.java:chooseContainerForBlockDeletion(83)) - Chosen 0/5000 blocks from 0 candidate containers.
2023-04-15 16:32:17,764 [BlockDeletingService#1] INFO  interfaces.ContainerDeletionChoosingPolicyTemplate (ContainerDeletionChoosingPolicyTemplate.java:chooseContainerForBlockDeletion(83)) - Chosen 0/5000 blocks from 0 candidate containers.
2023-04-15 16:32:17,783 [FixedThreadPoolWithAffinityExecutor-1-0] WARN  container.ContainerReportHandler (AbstractContainerReportHandler.java:updateContainerState(259)) - Container #1 is in OPEN state, but the datanode 0dee40cf-0d5a-47f0-9c10-89273726be1d(fv-az202-370.ngw3kpfb2bguzbtcwuqjmbcvef.gx.internal.cloudapp.net/10.1.0.27) reports an CLOSED replica.
2023-04-15 16:32:17,838 [FixedThreadPoolWithAffinityExecutor-0-0] WARN  container.ContainerReportHandler (AbstractContainerReportHandler.java:updateContainerState(259)) - Container #1 is in OPEN state, but the datanode 30c0a845-a217-4f15-8bab-f33012bc7910(fv-az202-370.ngw3kpfb2bguzbtcwuqjmbcvef.gx.internal.cloudapp.net/10.1.0.27) reports an CLOSED replica.
2023-04-15 16:32:17,857 [BlockDeletingService#7] INFO  interfaces.ContainerDeletionChoosingPolicyTemplate (ContainerDeletionChoosingPolicyTemplate.java:chooseContainerForBlockDeletion(83)) - Chosen 0/5000 blocks from 0 candidate containers.
2023-04-15 16:32:17,864 [BlockDeletingService#1] INFO  interfaces.ContainerDeletionChoosingPolicyTemplate (ContainerDeletionChoosingPolicyTemplate.java:chooseContainerForBlockDeletion(83)) - Chosen 0/5000 blocks from 0 candidate containers.
2023-04-15 16:32:17,958 [BlockDeletingService#7] INFO  interfaces.ContainerDeletionChoosingPolicyTemplate (ContainerDeletionChoosingPolicyTemplate.java:chooseContainerForBlockDeletion(83)) - Chosen 0/5000 blocks from 0 candidate containers.
2023-04-15 16:32:17,965 [BlockDeletingService#1] INFO  interfaces.ContainerDeletionChoosingPolicyTemplate (ContainerDeletionChoosingPolicyTemplate.java:chooseContainerForBlockDeletion(83)) - Chosen 0/5000 blocks from 0 candidate containers.
2023-04-15 16:32:18,038 [FixedThreadPoolWithAffinityExecutor-0-0] WARN  container.ContainerReportHandler (AbstractContainerReportHandler.java:updateContainerState(259)) - Container #1 is in OPEN state, but the datanode 30c0a845-a217-4f15-8bab-f33012bc7910(fv-az202-370.ngw3kpfb2bguzbtcwuqjmbcvef.gx.internal.cloudapp.net/10.1.0.27) reports an CLOSED replica.
2023-04-15 16:32:18,064 [BlockDeletingService#7] INFO  interfaces.ContainerDeletionChoosingPolicyTemplate (ContainerDeletionChoosingPolicyTemplate.java:chooseContainerForBlockDeletion(83)) - Chosen 0/5000 blocks from 0 candidate containers.
2023-04-15 16:32:18,065 [BlockDeletingService#1] INFO  interfaces.ContainerDeletionChoosingPolicyTemplate (ContainerDeletionChoosingPolicyTemplate.java:chooseContainerForBlockDeletion(83)) - Chosen 0/5000 blocks from 0 candidate containers.
2023-04-15 16:32:18,083 [FixedThreadPoolWithAffinityExecutor-1-0] WARN  container.ContainerReportHandler (AbstractContainerReportHandler.java:updateContainerState(259)) - Container #1 is in OPEN state, but the datanode 0dee40cf-0d5a-47f0-9c10-89273726be1d(fv-az202-370.ngw3kpfb2bguzbtcwuqjmbcvef.gx.internal.cloudapp.net/10.1.0.27) reports an CLOSED replica.
2023-04-15 16:32:18,165 [BlockDeletingService#7] INFO  interfaces.ContainerDeletionChoosingPolicyTemplate (ContainerDeletionChoosingPolicyTemplate.java:chooseContainerForBlockDeletion(83)) - Chosen 0/5000 blocks from 0 candidate containers.
2023-04-15 16:32:18,165 [BlockDeletingService#1] INFO  interfaces.ContainerDeletionChoosingPolicyTemplate (ContainerDeletionChoosingPolicyTemplate.java:chooseContainerForBlockDeletion(83)) - Chosen 0/5000 blocks from 0 candidate containers.
2023-04-15 16:32:18,265 [BlockDeletingService#7] INFO  interfaces.ContainerDeletionChoosingPolicyTemplate (ContainerDeletionChoosingPolicyTemplate.java:chooseContainerForBlockDeletion(83)) - Chosen 0/5000 blocks from 0 candidate containers.
2023-04-15 16:32:18,265 [BlockDeletingService#1] INFO  interfaces.ContainerDeletionChoosingPolicyTemplate (ContainerDeletionChoosingPolicyTemplate.java:chooseContainerForBlockDeletion(83)) - Chosen 0/5000 blocks from 0 candidate containers.
2023-04-15 16:32:18,338 [FixedThreadPoolWithAffinityExecutor-0-0] WARN  container.ContainerReportHandler (AbstractContainerReportHandler.java:updateContainerState(259)) - Container #1 is in OPEN state, but the datanode 30c0a845-a217-4f15-8bab-f33012bc7910(fv-az202-370.ngw3kpfb2bguzbtcwuqjmbcvef.gx.internal.cloudapp.net/10.1.0.27) reports an CLOSED replica.
2023-04-15 16:32:18,365 [BlockDeletingService#7] INFO  interfaces.ContainerDeletionChoosingPolicyTemplate (ContainerDeletionChoosingPolicyTemplate.java:chooseContainerForBlockDeletion(83)) - Chosen 0/5000 blocks from 0 candidate containers.
2023-04-15 16:32:18,365 [BlockDeletingService#1] INFO  interfaces.ContainerDeletionChoosingPolicyTemplate (ContainerDeletionChoosingPolicyTemplate.java:chooseContainerForBlockDeletion(83)) - Chosen 0/5000 blocks from 0 candidate containers.
2023-04-15 16:32:18,383 [FixedThreadPoolWithAffinityExecutor-1-0] WARN  container.ContainerReportHandler (AbstractContainerReportHandler.java:updateContainerState(259)) - Container #1 is in OPEN state, but the datanode 0dee40cf-0d5a-47f0-9c10-89273726be1d(fv-az202-370.ngw3kpfb2bguzbtcwuqjmbcvef.gx.internal.cloudapp.net/10.1.0.27) reports an CLOSED replica.
2023-04-15 16:32:18,465 [BlockDeletingService#7] INFO  interfaces.ContainerDeletionChoosingPolicyTemplate (ContainerDeletionChoosingPolicyTemplate.java:chooseContainerForBlockDeletion(83)) - Chosen 0/5000 blocks from 0 candidate containers.
2023-04-15 16:32:18,466 [BlockDeletingService#1] INFO  interfaces.ContainerDeletionChoosingPolicyTemplate (ContainerDeletionChoosingPolicyTemplate.java:chooseContainerForBlockDeletion(83)) - Chosen 0/5000 blocks from 0 candidate containers.
2023-04-15 16:32:18,539 [FixedThreadPoolWithAffinityExecutor-0-0] WARN  container.ContainerReportHandler (AbstractContainerReportHandler.java:updateContainerState(259)) - Container #1 is in OPEN state, but the datanode 30c0a845-a217-4f15-8bab-f33012bc7910(fv-az202-370.ngw3kpfb2bguzbtcwuqjmbcvef.gx.internal.cloudapp.net/10.1.0.27) reports an CLOSED replica.
2023-04-15 16:32:18,566 [BlockDeletingService#7] INFO  interfaces.ContainerDeletionChoosingPolicyTemplate (ContainerDeletionChoosingPolicyTemplate.java:chooseContainerForBlockDeletion(83)) - Chosen 0/5000 blocks from 0 candidate containers.
2023-04-15 16:32:18,566 [BlockDeletingService#1] INFO  interfaces.ContainerDeletionChoosingPolicyTemplate (ContainerDeletionChoosingPolicyTemplate.java:chooseContainerForBlockDeletion(83)) - Chosen 0/5000 blocks from 0 candidate containers.
2023-04-15 16:32:18,584 [FixedThreadPoolWithAffinityExecutor-1-0] WARN  container.ContainerReportHandler (AbstractContainerReportHandler.java:updateContainerState(259)) - Container #1 is in OPEN state, but the datanode 0dee40cf-0d5a-47f0-9c10-89273726be1d(fv-az202-370.ngw3kpfb2bguzbtcwuqjmbcvef.gx.internal.cloudapp.net/10.1.0.27) reports an CLOSED replica.
2023-04-15 16:32:18,666 [BlockDeletingService#7] INFO  interfaces.ContainerDeletionChoosingPolicyTemplate (ContainerDeletionChoosingPolicyTemplate.java:chooseContainerForBlockDeletion(83)) - Chosen 0/5000 blocks from 0 candidate containers.
2023-04-15 16:32:18,666 [BlockDeletingService#1] INFO  interfaces.ContainerDeletionChoosingPolicyTemplate (ContainerDeletionChoosingPolicyTemplate.java:chooseContainerForBlockDeletion(83)) - Chosen 0/5000 blocks from 0 candidate containers.
2023-04-15 16:32:18,766 [BlockDeletingService#7] INFO  interfaces.ContainerDeletionChoosingPolicyTemplate (ContainerDeletionChoosingPolicyTemplate.java:chooseContainerForBlockDeletion(83)) - Chosen 0/5000 blocks from 0 candidate containers.
2023-04-15 16:32:18,766 [BlockDeletingService#1] INFO  interfaces.ContainerDeletionChoosingPolicyTemplate (ContainerDeletionChoosingPolicyTemplate.java:chooseContainerForBlockDeletion(83)) - Chosen 0/5000 blocks from 0 candidate containers.
2023-04-15 16:32:18,838 [FixedThreadPoolWithAffinityExecutor-0-0] WARN  container.ContainerReportHandler (AbstractContainerReportHandler.java:updateContainerState(259)) - Container #1 is in OPEN state, but the datanode 30c0a845-a217-4f15-8bab-f33012bc7910(fv-az202-370.ngw3kpfb2bguzbtcwuqjmbcvef.gx.internal.cloudapp.net/10.1.0.27) reports an CLOSED replica.
2023-04-15 16:32:18,856 [grpc-default-executor-1] WARN  server.GrpcLogAppender (LogUtils.java:warn(122)) - 30c0a845-a217-4f15-8bab-f33012bc7910@group-F40867945940->f16a70e5-fe04-4d06-9179-25c3ad8a94bb-AppendLogResponseHandler: Failed appendEntries: org.apache.ratis.thirdparty.io.grpc.StatusRuntimeException: UNAVAILABLE: io exception
2023-04-15 16:32:18,857 [grpc-default-executor-1] WARN  server.GrpcLogAppender (GrpcLogAppender.java:resetClient(131)) - 30c0a845-a217-4f15-8bab-f33012bc7910@group-F40867945940->f16a70e5-fe04-4d06-9179-25c3ad8a94bb-GrpcLogAppender: Leader has not got in touch with Follower 30c0a845-a217-4f15-8bab-f33012bc7910@group-F40867945940->f16a70e5-fe04-4d06-9179-25c3ad8a94bb(c-1,m0,n7, attendVote=true, lastRpcSendTime=0, lastRpcResponseTime=27059) yet, just keep nextIndex unchanged and retry.
2023-04-15 16:32:18,857 [grpc-default-executor-5] WARN  server.GrpcLogAppender (LogUtils.java:warn(122)) - 30c0a845-a217-4f15-8bab-f33012bc7910@group-F40867945940->f16a70e5-fe04-4d06-9179-25c3ad8a94bb-AppendLogResponseHandler: Failed appendEntries: org.apache.ratis.thirdparty.io.grpc.StatusRuntimeException: UNAVAILABLE: io exception
2023-04-15 16:32:18,857 [grpc-default-executor-5] WARN  server.GrpcLogAppender (GrpcLogAppender.java:resetClient(131)) - 30c0a845-a217-4f15-8bab-f33012bc7910@group-F40867945940->f16a70e5-fe04-4d06-9179-25c3ad8a94bb-GrpcLogAppender: Leader has not got in touch with Follower 30c0a845-a217-4f15-8bab-f33012bc7910@group-F40867945940->f16a70e5-fe04-4d06-9179-25c3ad8a94bb(c-1,m0,n7, attendVote=true, lastRpcSendTime=1, lastRpcResponseTime=27060) yet, just keep nextIndex unchanged and retry.
2023-04-15 16:32:18,866 [BlockDeletingService#7] INFO  interfaces.ContainerDeletionChoosingPolicyTemplate (ContainerDeletionChoosingPolicyTemplate.java:chooseContainerForBlockDeletion(83)) - Chosen 0/5000 blocks from 0 candidate containers.
2023-04-15 16:32:18,866 [BlockDeletingService#1] INFO  interfaces.ContainerDeletionChoosingPolicyTemplate (ContainerDeletionChoosingPolicyTemplate.java:chooseContainerForBlockDeletion(83)) - Chosen 0/5000 blocks from 0 candidate containers.
2023-04-15 16:32:18,885 [FixedThreadPoolWithAffinityExecutor-1-0] WARN  container.ContainerReportHandler (AbstractContainerReportHandler.java:updateContainerState(259)) - Container #1 is in OPEN state, but the datanode 0dee40cf-0d5a-47f0-9c10-89273726be1d(fv-az202-370.ngw3kpfb2bguzbtcwuqjmbcvef.gx.internal.cloudapp.net/10.1.0.27) reports an CLOSED replica.
2023-04-15 16:32:18,967 [BlockDeletingService#7] INFO  interfaces.ContainerDeletionChoosingPolicyTemplate (ContainerDeletionChoosingPolicyTemplate.java:chooseContainerForBlockDeletion(83)) - Chosen 0/5000 blocks from 0 candidate containers.
2023-04-15 16:32:18,967 [BlockDeletingService#1] INFO  interfaces.ContainerDeletionChoosingPolicyTemplate (ContainerDeletionChoosingPolicyTemplate.java:chooseContainerForBlockDeletion(83)) - Chosen 0/5000 blocks from 0 candidate containers.
2023-04-15 16:32:19,067 [BlockDeletingService#7] INFO  interfaces.ContainerDeletionChoosingPolicyTemplate (ContainerDeletionChoosingPolicyTemplate.java:chooseContainerForBlockDeletion(83)) - Chosen 0/5000 blocks from 0 candidate containers.
2023-04-15 16:32:19,067 [BlockDeletingService#1] INFO  interfaces.ContainerDeletionChoosingPolicyTemplate (ContainerDeletionChoosingPolicyTemplate.java:chooseContainerForBlockDeletion(83)) - Chosen 0/5000 blocks from 0 candidate containers.
2023-04-15 16:32:19,138 [FixedThreadPoolWithAffinityExecutor-0-0] WARN  container.ContainerReportHandler (AbstractContainerReportHandler.java:updateContainerState(259)) - Container #1 is in OPEN state, but the datanode 30c0a845-a217-4f15-8bab-f33012bc7910(fv-az202-370.ngw3kpfb2bguzbtcwuqjmbcvef.gx.internal.cloudapp.net/10.1.0.27) reports an CLOSED replica.
2023-04-15 16:32:19,167 [BlockDeletingService#3] INFO  interfaces.ContainerDeletionChoosingPolicyTemplate (ContainerDeletionChoosingPolicyTemplate.java:chooseContainerForBlockDeletion(83)) - Chosen 0/5000 blocks from 0 candidate containers.
2023-04-15 16:32:19,167 [BlockDeletingService#1] INFO  interfaces.ContainerDeletionChoosingPolicyTemplate (ContainerDeletionChoosingPolicyTemplate.java:chooseContainerForBlockDeletion(83)) - Chosen 0/5000 blocks from 0 candidate containers.
2023-04-15 16:32:19,184 [FixedThreadPoolWithAffinityExecutor-1-0] WARN  container.ContainerReportHandler (AbstractContainerReportHandler.java:updateContainerState(259)) - Container #1 is in OPEN state, but the datanode 0dee40cf-0d5a-47f0-9c10-89273726be1d(fv-az202-370.ngw3kpfb2bguzbtcwuqjmbcvef.gx.internal.cloudapp.net/10.1.0.27) reports an CLOSED replica.
2023-04-15 16:32:19,267 [BlockDeletingService#3] INFO  interfaces.ContainerDeletionChoosingPolicyTemplate (ContainerDeletionChoosingPolicyTemplate.java:chooseContainerForBlockDeletion(83)) - Chosen 0/5000 blocks from 0 candidate containers.
2023-04-15 16:32:19,267 [BlockDeletingService#1] INFO  interfaces.ContainerDeletionChoosingPolicyTemplate (ContainerDeletionChoosingPolicyTemplate.java:chooseContainerForBlockDeletion(83)) - Chosen 0/5000 blocks from 0 candidate containers.
2023-04-15 16:32:19,339 [FixedThreadPoolWithAffinityExecutor-0-0] WARN  container.ContainerReportHandler (AbstractContainerReportHandler.java:updateContainerState(259)) - Container #1 is in OPEN state, but the datanode 30c0a845-a217-4f15-8bab-f33012bc7910(fv-az202-370.ngw3kpfb2bguzbtcwuqjmbcvef.gx.internal.cloudapp.net/10.1.0.27) reports an CLOSED replica.
2023-04-15 16:32:19,368 [BlockDeletingService#3] INFO  interfaces.ContainerDeletionChoosingPolicyTemplate (ContainerDeletionChoosingPolicyTemplate.java:chooseContainerForBlockDeletion(83)) - Chosen 0/5000 blocks from 0 candidate containers.
2023-04-15 16:32:19,368 [BlockDeletingService#1] INFO  interfaces.ContainerDeletionChoosingPolicyTemplate (ContainerDeletionChoosingPolicyTemplate.java:chooseContainerForBlockDeletion(83)) - Chosen 0/5000 blocks from 0 candidate containers.
2023-04-15 16:32:19,385 [FixedThreadPoolWithAffinityExecutor-1-0] WARN  container.ContainerReportHandler (AbstractContainerReportHandler.java:updateContainerState(259)) - Container #1 is in OPEN state, but the datanode 0dee40cf-0d5a-47f0-9c10-89273726be1d(fv-az202-370.ngw3kpfb2bguzbtcwuqjmbcvef.gx.internal.cloudapp.net/10.1.0.27) reports an CLOSED replica.
2023-04-15 16:32:19,468 [BlockDeletingService#3] INFO  interfaces.ContainerDeletionChoosingPolicyTemplate (ContainerDeletionChoosingPolicyTemplate.java:chooseContainerForBlockDeletion(83)) - Chosen 0/5000 blocks from 0 candidate containers.
2023-04-15 16:32:19,468 [BlockDeletingService#1] INFO  interfaces.ContainerDeletionChoosingPolicyTemplate (ContainerDeletionChoosingPolicyTemplate.java:chooseContainerForBlockDeletion(83)) - Chosen 0/5000 blocks from 0 candidate containers.
2023-04-15 16:32:19,579 [BlockDeletingService#1] INFO  interfaces.ContainerDeletionChoosingPolicyTemplate (ContainerDeletionChoosingPolicyTemplate.java:chooseContainerForBlockDeletion(83)) - Chosen 0/5000 blocks from 0 candidate containers.
2023-04-15 16:32:19,580 [BlockDeletingService#3] INFO  interfaces.ContainerDeletionChoosingPolicyTemplate (ContainerDeletionChoosingPolicyTemplate.java:chooseContainerForBlockDeletion(83)) - Chosen 0/5000 blocks from 0 candidate containers.
2023-04-15 16:32:19,643 [FixedThreadPoolWithAffinityExecutor-0-0] WARN  container.ContainerReportHandler (AbstractContainerReportHandler.java:updateContainerState(259)) - Container #1 is in OPEN state, but the datanode 30c0a845-a217-4f15-8bab-f33012bc7910(fv-az202-370.ngw3kpfb2bguzbtcwuqjmbcvef.gx.internal.cloudapp.net/10.1.0.27) reports an CLOSED replica.
2023-04-15 16:32:19,680 [BlockDeletingService#1] INFO  interfaces.ContainerDeletionChoosingPolicyTemplate (ContainerDeletionChoosingPolicyTemplate.java:chooseContainerForBlockDeletion(83)) - Chosen 0/5000 blocks from 0 candidate containers.
2023-04-15 16:32:19,680 [BlockDeletingService#3] INFO  interfaces.ContainerDeletionChoosingPolicyTemplate (ContainerDeletionChoosingPolicyTemplate.java:chooseContainerForBlockDeletion(83)) - Chosen 0/5000 blocks from 0 candidate containers.
2023-04-15 16:32:19,684 [FixedThreadPoolWithAffinityExecutor-1-0] WARN  container.ContainerReportHandler (AbstractContainerReportHandler.java:updateContainerState(259)) - Container #1 is in OPEN state, but the datanode 0dee40cf-0d5a-47f0-9c10-89273726be1d(fv-az202-370.ngw3kpfb2bguzbtcwuqjmbcvef.gx.internal.cloudapp.net/10.1.0.27) reports an CLOSED replica.
2023-04-15 16:32:19,780 [BlockDeletingService#1] INFO  interfaces.ContainerDeletionChoosingPolicyTemplate (ContainerDeletionChoosingPolicyTemplate.java:chooseContainerForBlockDeletion(83)) - Chosen 0/5000 blocks from 0 candidate containers.
2023-04-15 16:32:19,780 [BlockDeletingService#3] INFO  interfaces.ContainerDeletionChoosingPolicyTemplate (ContainerDeletionChoosingPolicyTemplate.java:chooseContainerForBlockDeletion(83)) - Chosen 0/5000 blocks from 0 candidate containers.
2023-04-15 16:32:19,843 [FixedThreadPoolWithAffinityExecutor-0-0] WARN  container.ContainerReportHandler (AbstractContainerReportHandler.java:updateContainerState(259)) - Container #1 is in OPEN state, but the datanode 30c0a845-a217-4f15-8bab-f33012bc7910(fv-az202-370.ngw3kpfb2bguzbtcwuqjmbcvef.gx.internal.cloudapp.net/10.1.0.27) reports an CLOSED replica.
2023-04-15 16:32:19,880 [BlockDeletingService#1] INFO  interfaces.ContainerDeletionChoosingPolicyTemplate (ContainerDeletionChoosingPolicyTemplate.java:chooseContainerForBlockDeletion(83)) - Chosen 0/5000 blocks from 0 candidate containers.
2023-04-15 16:32:19,880 [BlockDeletingService#3] INFO  interfaces.ContainerDeletionChoosingPolicyTemplate (ContainerDeletionChoosingPolicyTemplate.java:chooseContainerForBlockDeletion(83)) - Chosen 0/5000 blocks from 0 candidate containers.
2023-04-15 16:32:19,980 [BlockDeletingService#1] INFO  interfaces.ContainerDeletionChoosingPolicyTemplate (ContainerDeletionChoosingPolicyTemplate.java:chooseContainerForBlockDeletion(83)) - Chosen 0/5000 blocks from 0 candidate containers.
2023-04-15 16:32:19,980 [BlockDeletingService#3] INFO  interfaces.ContainerDeletionChoosingPolicyTemplate (ContainerDeletionChoosingPolicyTemplate.java:chooseContainerForBlockDeletion(83)) - Chosen 0/5000 blocks from 0 candidate containers.
2023-04-15 16:32:19,985 [FixedThreadPoolWithAffinityExecutor-1-0] WARN  container.ContainerReportHandler (AbstractContainerReportHandler.java:updateContainerState(259)) - Container #1 is in OPEN state, but the datanode 0dee40cf-0d5a-47f0-9c10-89273726be1d(fv-az202-370.ngw3kpfb2bguzbtcwuqjmbcvef.gx.internal.cloudapp.net/10.1.0.27) reports an CLOSED replica.
2023-04-15 16:32:20,081 [BlockDeletingService#1] INFO  interfaces.ContainerDeletionChoosingPolicyTemplate (ContainerDeletionChoosingPolicyTemplate.java:chooseContainerForBlockDeletion(83)) - Chosen 0/5000 blocks from 0 candidate containers.
2023-04-15 16:32:20,081 [BlockDeletingService#3] INFO  interfaces.ContainerDeletionChoosingPolicyTemplate (ContainerDeletionChoosingPolicyTemplate.java:chooseContainerForBlockDeletion(83)) - Chosen 0/5000 blocks from 0 candidate containers.
2023-04-15 16:32:20,106 [grpc-default-executor-5] WARN  server.GrpcLogAppender (LogUtils.java:warn(122)) - 30c0a845-a217-4f15-8bab-f33012bc7910@group-F40867945940->f16a70e5-fe04-4d06-9179-25c3ad8a94bb-AppendLogResponseHandler: Failed appendEntries: org.apache.ratis.thirdparty.io.grpc.StatusRuntimeException: UNAVAILABLE: io exception
2023-04-15 16:32:20,107 [grpc-default-executor-5] WARN  server.GrpcLogAppender (GrpcLogAppender.java:resetClient(131)) - 30c0a845-a217-4f15-8bab-f33012bc7910@group-F40867945940->f16a70e5-fe04-4d06-9179-25c3ad8a94bb-GrpcLogAppender: Leader has not got in touch with Follower 30c0a845-a217-4f15-8bab-f33012bc7910@group-F40867945940->f16a70e5-fe04-4d06-9179-25c3ad8a94bb(c-1,m0,n7, attendVote=true, lastRpcSendTime=0, lastRpcResponseTime=28309) yet, just keep nextIndex unchanged and retry.
2023-04-15 16:32:20,107 [grpc-default-executor-1] WARN  server.GrpcLogAppender (LogUtils.java:warn(122)) - 30c0a845-a217-4f15-8bab-f33012bc7910@group-F40867945940->f16a70e5-fe04-4d06-9179-25c3ad8a94bb-AppendLogResponseHandler: Failed appendEntries: org.apache.ratis.thirdparty.io.grpc.StatusRuntimeException: UNAVAILABLE: io exception
2023-04-15 16:32:20,108 [grpc-default-executor-1] WARN  server.GrpcLogAppender (GrpcLogAppender.java:resetClient(131)) - 30c0a845-a217-4f15-8bab-f33012bc7910@group-F40867945940->f16a70e5-fe04-4d06-9179-25c3ad8a94bb-GrpcLogAppender: Leader has not got in touch with Follower 30c0a845-a217-4f15-8bab-f33012bc7910@group-F40867945940->f16a70e5-fe04-4d06-9179-25c3ad8a94bb(c-1,m0,n7, attendVote=true, lastRpcSendTime=1, lastRpcResponseTime=28310) yet, just keep nextIndex unchanged and retry.
2023-04-15 16:32:20,142 [FixedThreadPoolWithAffinityExecutor-0-0] WARN  container.ContainerReportHandler (AbstractContainerReportHandler.java:updateContainerState(259)) - Container #1 is in OPEN state, but the datanode 30c0a845-a217-4f15-8bab-f33012bc7910(fv-az202-370.ngw3kpfb2bguzbtcwuqjmbcvef.gx.internal.cloudapp.net/10.1.0.27) reports an CLOSED replica.
2023-04-15 16:32:20,181 [BlockDeletingService#1] INFO  interfaces.ContainerDeletionChoosingPolicyTemplate (ContainerDeletionChoosingPolicyTemplate.java:chooseContainerForBlockDeletion(83)) - Chosen 0/5000 blocks from 0 candidate containers.
2023-04-15 16:32:20,181 [BlockDeletingService#3] INFO  interfaces.ContainerDeletionChoosingPolicyTemplate (ContainerDeletionChoosingPolicyTemplate.java:chooseContainerForBlockDeletion(83)) - Chosen 0/5000 blocks from 0 candidate containers.
2023-04-15 16:32:20,281 [BlockDeletingService#1] INFO  interfaces.ContainerDeletionChoosingPolicyTemplate (ContainerDeletionChoosingPolicyTemplate.java:chooseContainerForBlockDeletion(83)) - Chosen 0/5000 blocks from 0 candidate containers.
2023-04-15 16:32:20,281 [BlockDeletingService#3] INFO  interfaces.ContainerDeletionChoosingPolicyTemplate (ContainerDeletionChoosingPolicyTemplate.java:chooseContainerForBlockDeletion(83)) - Chosen 0/5000 blocks from 0 candidate containers.
2023-04-15 16:32:20,285 [FixedThreadPoolWithAffinityExecutor-1-0] WARN  container.ContainerReportHandler (AbstractContainerReportHandler.java:updateContainerState(259)) - Container #1 is in OPEN state, but the datanode 0dee40cf-0d5a-47f0-9c10-89273726be1d(fv-az202-370.ngw3kpfb2bguzbtcwuqjmbcvef.gx.internal.cloudapp.net/10.1.0.27) reports an CLOSED replica.
2023-04-15 16:32:20,342 [FixedThreadPoolWithAffinityExecutor-0-0] WARN  container.ContainerReportHandler (AbstractContainerReportHandler.java:updateContainerState(259)) - Container #1 is in OPEN state, but the datanode 30c0a845-a217-4f15-8bab-f33012bc7910(fv-az202-370.ngw3kpfb2bguzbtcwuqjmbcvef.gx.internal.cloudapp.net/10.1.0.27) reports an CLOSED replica.
2023-04-15 16:32:20,381 [BlockDeletingService#1] INFO  interfaces.ContainerDeletionChoosingPolicyTemplate (ContainerDeletionChoosingPolicyTemplate.java:chooseContainerForBlockDeletion(83)) - Chosen 0/5000 blocks from 0 candidate containers.
2023-04-15 16:32:20,381 [BlockDeletingService#3] INFO  interfaces.ContainerDeletionChoosingPolicyTemplate (ContainerDeletionChoosingPolicyTemplate.java:chooseContainerForBlockDeletion(83)) - Chosen 0/5000 blocks from 0 candidate containers.
2023-04-15 16:32:20,482 [BlockDeletingService#1] INFO  interfaces.ContainerDeletionChoosingPolicyTemplate (ContainerDeletionChoosingPolicyTemplate.java:chooseContainerForBlockDeletion(83)) - Chosen 0/5000 blocks from 0 candidate containers.
2023-04-15 16:32:20,482 [BlockDeletingService#3] INFO  interfaces.ContainerDeletionChoosingPolicyTemplate (ContainerDeletionChoosingPolicyTemplate.java:chooseContainerForBlockDeletion(83)) - Chosen 0/5000 blocks from 0 candidate containers.
2023-04-15 16:32:20,485 [FixedThreadPoolWithAffinityExecutor-1-0] WARN  container.ContainerReportHandler (AbstractContainerReportHandler.java:updateContainerState(259)) - Container #1 is in OPEN state, but the datanode 0dee40cf-0d5a-47f0-9c10-89273726be1d(fv-az202-370.ngw3kpfb2bguzbtcwuqjmbcvef.gx.internal.cloudapp.net/10.1.0.27) reports an CLOSED replica.
2023-04-15 16:32:20,582 [BlockDeletingService#1] INFO  interfaces.ContainerDeletionChoosingPolicyTemplate (ContainerDeletionChoosingPolicyTemplate.java:chooseContainerForBlockDeletion(83)) - Chosen 0/5000 blocks from 0 candidate containers.
2023-04-15 16:32:20,582 [BlockDeletingService#3] INFO  interfaces.ContainerDeletionChoosingPolicyTemplate (ContainerDeletionChoosingPolicyTemplate.java:chooseContainerForBlockDeletion(83)) - Chosen 0/5000 blocks from 0 candidate containers.
2023-04-15 16:32:20,642 [FixedThreadPoolWithAffinityExecutor-0-0] WARN  container.ContainerReportHandler (AbstractContainerReportHandler.java:updateContainerState(259)) - Container #1 is in OPEN state, but the datanode 30c0a845-a217-4f15-8bab-f33012bc7910(fv-az202-370.ngw3kpfb2bguzbtcwuqjmbcvef.gx.internal.cloudapp.net/10.1.0.27) reports an CLOSED replica.
2023-04-15 16:32:20,682 [BlockDeletingService#1] INFO  interfaces.ContainerDeletionChoosingPolicyTemplate (ContainerDeletionChoosingPolicyTemplate.java:chooseContainerForBlockDeletion(83)) - Chosen 0/5000 blocks from 0 candidate containers.
2023-04-15 16:32:20,682 [BlockDeletingService#3] INFO  interfaces.ContainerDeletionChoosingPolicyTemplate (ContainerDeletionChoosingPolicyTemplate.java:chooseContainerForBlockDeletion(83)) - Chosen 0/5000 blocks from 0 candidate containers.
2023-04-15 16:32:20,782 [BlockDeletingService#1] INFO  interfaces.ContainerDeletionChoosingPolicyTemplate (ContainerDeletionChoosingPolicyTemplate.java:chooseContainerForBlockDeletion(83)) - Chosen 0/5000 blocks from 0 candidate containers.
2023-04-15 16:32:20,782 [BlockDeletingService#3] INFO  interfaces.ContainerDeletionChoosingPolicyTemplate (ContainerDeletionChoosingPolicyTemplate.java:chooseContainerForBlockDeletion(83)) - Chosen 0/5000 blocks from 0 candidate containers.
2023-04-15 16:32:20,786 [FixedThreadPoolWithAffinityExecutor-1-0] WARN  container.ContainerReportHandler (AbstractContainerReportHandler.java:updateContainerState(259)) - Container #1 is in OPEN state, but the datanode 0dee40cf-0d5a-47f0-9c10-89273726be1d(fv-az202-370.ngw3kpfb2bguzbtcwuqjmbcvef.gx.internal.cloudapp.net/10.1.0.27) reports an CLOSED replica.
2023-04-15 16:32:20,842 [FixedThreadPoolWithAffinityExecutor-0-0] WARN  container.ContainerReportHandler (AbstractContainerReportHandler.java:updateContainerState(259)) - Container #1 is in OPEN state, but the datanode 30c0a845-a217-4f15-8bab-f33012bc7910(fv-az202-370.ngw3kpfb2bguzbtcwuqjmbcvef.gx.internal.cloudapp.net/10.1.0.27) reports an CLOSED replica.
2023-04-15 16:32:20,882 [BlockDeletingService#1] INFO  interfaces.ContainerDeletionChoosingPolicyTemplate (ContainerDeletionChoosingPolicyTemplate.java:chooseContainerForBlockDeletion(83)) - Chosen 0/5000 blocks from 0 candidate containers.
2023-04-15 16:32:20,882 [BlockDeletingService#3] INFO  interfaces.ContainerDeletionChoosingPolicyTemplate (ContainerDeletionChoosingPolicyTemplate.java:chooseContainerForBlockDeletion(83)) - Chosen 0/5000 blocks from 0 candidate containers.
2023-04-15 16:32:20,983 [BlockDeletingService#1] INFO  interfaces.ContainerDeletionChoosingPolicyTemplate (ContainerDeletionChoosingPolicyTemplate.java:chooseContainerForBlockDeletion(83)) - Chosen 0/5000 blocks from 0 candidate containers.
2023-04-15 16:32:20,983 [BlockDeletingService#3] INFO  interfaces.ContainerDeletionChoosingPolicyTemplate (ContainerDeletionChoosingPolicyTemplate.java:chooseContainerForBlockDeletion(83)) - Chosen 0/5000 blocks from 0 candidate containers.
2023-04-15 16:32:21,083 [BlockDeletingService#1] INFO  interfaces.ContainerDeletionChoosingPolicyTemplate (ContainerDeletionChoosingPolicyTemplate.java:chooseContainerForBlockDeletion(83)) - Chosen 0/5000 blocks from 0 candidate containers.
2023-04-15 16:32:21,083 [BlockDeletingService#3] INFO  interfaces.ContainerDeletionChoosingPolicyTemplate (ContainerDeletionChoosingPolicyTemplate.java:chooseContainerForBlockDeletion(83)) - Chosen 0/5000 blocks from 0 candidate containers.
2023-04-15 16:32:21,086 [FixedThreadPoolWithAffinityExecutor-1-0] WARN  container.ContainerReportHandler (AbstractContainerReportHandler.java:updateContainerState(259)) - Container #1 is in OPEN state, but the datanode 0dee40cf-0d5a-47f0-9c10-89273726be1d(fv-az202-370.ngw3kpfb2bguzbtcwuqjmbcvef.gx.internal.cloudapp.net/10.1.0.27) reports an CLOSED replica.
2023-04-15 16:32:21,142 [FixedThreadPoolWithAffinityExecutor-0-0] WARN  container.ContainerReportHandler (AbstractContainerReportHandler.java:updateContainerState(259)) - Container #1 is in OPEN state, but the datanode 30c0a845-a217-4f15-8bab-f33012bc7910(fv-az202-370.ngw3kpfb2bguzbtcwuqjmbcvef.gx.internal.cloudapp.net/10.1.0.27) reports an CLOSED replica.
2023-04-15 16:32:21,183 [BlockDeletingService#1] INFO  interfaces.ContainerDeletionChoosingPolicyTemplate (ContainerDeletionChoosingPolicyTemplate.java:chooseContainerForBlockDeletion(83)) - Chosen 0/5000 blocks from 0 candidate containers.
2023-04-15 16:32:21,183 [BlockDeletingService#3] INFO  interfaces.ContainerDeletionChoosingPolicyTemplate (ContainerDeletionChoosingPolicyTemplate.java:chooseContainerForBlockDeletion(83)) - Chosen 0/5000 blocks from 0 candidate containers.
2023-04-15 16:32:21,283 [BlockDeletingService#1] INFO  interfaces.ContainerDeletionChoosingPolicyTemplate (ContainerDeletionChoosingPolicyTemplate.java:chooseContainerForBlockDeletion(83)) - Chosen 0/5000 blocks from 0 candidate containers.
2023-04-15 16:32:21,283 [BlockDeletingService#3] INFO  interfaces.ContainerDeletionChoosingPolicyTemplate (ContainerDeletionChoosingPolicyTemplate.java:chooseContainerForBlockDeletion(83)) - Chosen 0/5000 blocks from 0 candidate containers.
2023-04-15 16:32:21,357 [grpc-default-executor-1] WARN  server.GrpcLogAppender (LogUtils.java:warn(122)) - 30c0a845-a217-4f15-8bab-f33012bc7910@group-F40867945940->f16a70e5-fe04-4d06-9179-25c3ad8a94bb-AppendLogResponseHandler: Failed appendEntries: org.apache.ratis.thirdparty.io.grpc.StatusRuntimeException: UNAVAILABLE: io exception
2023-04-15 16:32:21,358 [grpc-default-executor-5] WARN  server.GrpcLogAppender (LogUtils.java:warn(122)) - 30c0a845-a217-4f15-8bab-f33012bc7910@group-F40867945940->f16a70e5-fe04-4d06-9179-25c3ad8a94bb-AppendLogResponseHandler: Failed appendEntries: org.apache.ratis.thirdparty.io.grpc.StatusRuntimeException: UNAVAILABLE: io exception
2023-04-15 16:32:21,359 [grpc-default-executor-1] WARN  server.GrpcLogAppender (GrpcLogAppender.java:resetClient(131)) - 30c0a845-a217-4f15-8bab-f33012bc7910@group-F40867945940->f16a70e5-fe04-4d06-9179-25c3ad8a94bb-GrpcLogAppender: Leader has not got in touch with Follower 30c0a845-a217-4f15-8bab-f33012bc7910@group-F40867945940->f16a70e5-fe04-4d06-9179-25c3ad8a94bb(c-1,m0,n7, attendVote=true, lastRpcSendTime=1, lastRpcResponseTime=29561) yet, just keep nextIndex unchanged and retry.
2023-04-15 16:32:21,359 [grpc-default-executor-5] WARN  server.GrpcLogAppender (GrpcLogAppender.java:resetClient(131)) - 30c0a845-a217-4f15-8bab-f33012bc7910@group-F40867945940->f16a70e5-fe04-4d06-9179-25c3ad8a94bb-GrpcLogAppender: Leader has not got in touch with Follower 30c0a845-a217-4f15-8bab-f33012bc7910@group-F40867945940->f16a70e5-fe04-4d06-9179-25c3ad8a94bb(c-1,m0,n7, attendVote=true, lastRpcSendTime=2, lastRpcResponseTime=29561) yet, just keep nextIndex unchanged and retry.
2023-04-15 16:32:21,383 [BlockDeletingService#1] INFO  interfaces.ContainerDeletionChoosingPolicyTemplate (ContainerDeletionChoosingPolicyTemplate.java:chooseContainerForBlockDeletion(83)) - Chosen 0/5000 blocks from 0 candidate containers.
2023-04-15 16:32:21,384 [BlockDeletingService#3] INFO  interfaces.ContainerDeletionChoosingPolicyTemplate (ContainerDeletionChoosingPolicyTemplate.java:chooseContainerForBlockDeletion(83)) - Chosen 0/5000 blocks from 0 candidate containers.
2023-04-15 16:32:21,386 [FixedThreadPoolWithAffinityExecutor-1-0] WARN  container.ContainerReportHandler (AbstractContainerReportHandler.java:updateContainerState(259)) - Container #1 is in OPEN state, but the datanode 0dee40cf-0d5a-47f0-9c10-89273726be1d(fv-az202-370.ngw3kpfb2bguzbtcwuqjmbcvef.gx.internal.cloudapp.net/10.1.0.27) reports an CLOSED replica.
2023-04-15 16:32:21,443 [FixedThreadPoolWithAffinityExecutor-0-0] WARN  container.ContainerReportHandler (AbstractContainerReportHandler.java:updateContainerState(259)) - Container #1 is in OPEN state, but the datanode 30c0a845-a217-4f15-8bab-f33012bc7910(fv-az202-370.ngw3kpfb2bguzbtcwuqjmbcvef.gx.internal.cloudapp.net/10.1.0.27) reports an CLOSED replica.
2023-04-15 16:32:21,484 [BlockDeletingService#1] INFO  interfaces.ContainerDeletionChoosingPolicyTemplate (ContainerDeletionChoosingPolicyTemplate.java:chooseContainerForBlockDeletion(83)) - Chosen 0/5000 blocks from 0 candidate containers.
2023-04-15 16:32:21,484 [BlockDeletingService#3] INFO  interfaces.ContainerDeletionChoosingPolicyTemplate (ContainerDeletionChoosingPolicyTemplate.java:chooseContainerForBlockDeletion(83)) - Chosen 0/5000 blocks from 0 candidate containers.
2023-04-15 16:32:21,584 [BlockDeletingService#1] INFO  interfaces.ContainerDeletionChoosingPolicyTemplate (ContainerDeletionChoosingPolicyTemplate.java:chooseContainerForBlockDeletion(83)) - Chosen 0/5000 blocks from 0 candidate containers.
2023-04-15 16:32:21,584 [BlockDeletingService#3] INFO  interfaces.ContainerDeletionChoosingPolicyTemplate (ContainerDeletionChoosingPolicyTemplate.java:chooseContainerForBlockDeletion(83)) - Chosen 0/5000 blocks from 0 candidate containers.
2023-04-15 16:32:21,587 [FixedThreadPoolWithAffinityExecutor-1-0] WARN  container.ContainerReportHandler (AbstractContainerReportHandler.java:updateContainerState(259)) - Container #1 is in OPEN state, but the datanode 0dee40cf-0d5a-47f0-9c10-89273726be1d(fv-az202-370.ngw3kpfb2bguzbtcwuqjmbcvef.gx.internal.cloudapp.net/10.1.0.27) reports an CLOSED replica.
2023-04-15 16:32:21,642 [FixedThreadPoolWithAffinityExecutor-0-0] WARN  container.ContainerReportHandler (AbstractContainerReportHandler.java:updateContainerState(259)) - Container #1 is in OPEN state, but the datanode 30c0a845-a217-4f15-8bab-f33012bc7910(fv-az202-370.ngw3kpfb2bguzbtcwuqjmbcvef.gx.internal.cloudapp.net/10.1.0.27) reports an CLOSED replica.
2023-04-15 16:32:21,684 [BlockDeletingService#1] INFO  interfaces.ContainerDeletionChoosingPolicyTemplate (ContainerDeletionChoosingPolicyTemplate.java:chooseContainerForBlockDeletion(83)) - Chosen 0/5000 blocks from 0 candidate containers.
2023-04-15 16:32:21,684 [BlockDeletingService#3] INFO  interfaces.ContainerDeletionChoosingPolicyTemplate (ContainerDeletionChoosingPolicyTemplate.java:chooseContainerForBlockDeletion(83)) - Chosen 0/5000 blocks from 0 candidate containers.
2023-04-15 16:32:21,784 [BlockDeletingService#1] INFO  interfaces.ContainerDeletionChoosingPolicyTemplate (ContainerDeletionChoosingPolicyTemplate.java:chooseContainerForBlockDeletion(83)) - Chosen 0/5000 blocks from 0 candidate containers.
2023-04-15 16:32:21,784 [BlockDeletingService#3] INFO  interfaces.ContainerDeletionChoosingPolicyTemplate (ContainerDeletionChoosingPolicyTemplate.java:chooseContainerForBlockDeletion(83)) - Chosen 0/5000 blocks from 0 candidate containers.
2023-04-15 16:32:21,884 [BlockDeletingService#1] INFO  interfaces.ContainerDeletionChoosingPolicyTemplate (ContainerDeletionChoosingPolicyTemplate.java:chooseContainerForBlockDeletion(83)) - Chosen 0/5000 blocks from 0 candidate containers.
2023-04-15 16:32:21,884 [BlockDeletingService#3] INFO  interfaces.ContainerDeletionChoosingPolicyTemplate (ContainerDeletionChoosingPolicyTemplate.java:chooseContainerForBlockDeletion(83)) - Chosen 0/5000 blocks from 0 candidate containers.
2023-04-15 16:32:21,888 [FixedThreadPoolWithAffinityExecutor-1-0] WARN  container.ContainerReportHandler (AbstractContainerReportHandler.java:updateContainerState(259)) - Container #1 is in OPEN state, but the datanode 0dee40cf-0d5a-47f0-9c10-89273726be1d(fv-az202-370.ngw3kpfb2bguzbtcwuqjmbcvef.gx.internal.cloudapp.net/10.1.0.27) reports an CLOSED replica.
2023-04-15 16:32:21,946 [FixedThreadPoolWithAffinityExecutor-0-0] WARN  container.ContainerReportHandler (AbstractContainerReportHandler.java:updateContainerState(259)) - Container #1 is in OPEN state, but the datanode 30c0a845-a217-4f15-8bab-f33012bc7910(fv-az202-370.ngw3kpfb2bguzbtcwuqjmbcvef.gx.internal.cloudapp.net/10.1.0.27) reports an CLOSED replica.
2023-04-15 16:32:21,985 [BlockDeletingService#1] INFO  interfaces.ContainerDeletionChoosingPolicyTemplate (ContainerDeletionChoosingPolicyTemplate.java:chooseContainerForBlockDeletion(83)) - Chosen 0/5000 blocks from 0 candidate containers.
2023-04-15 16:32:21,985 [BlockDeletingService#3] INFO  interfaces.ContainerDeletionChoosingPolicyTemplate (ContainerDeletionChoosingPolicyTemplate.java:chooseContainerForBlockDeletion(83)) - Chosen 0/5000 blocks from 0 candidate containers.
2023-04-15 16:32:22,085 [BlockDeletingService#1] INFO  interfaces.ContainerDeletionChoosingPolicyTemplate (ContainerDeletionChoosingPolicyTemplate.java:chooseContainerForBlockDeletion(83)) - Chosen 0/5000 blocks from 0 candidate containers.
2023-04-15 16:32:22,085 [BlockDeletingService#3] INFO  interfaces.ContainerDeletionChoosingPolicyTemplate (ContainerDeletionChoosingPolicyTemplate.java:chooseContainerForBlockDeletion(83)) - Chosen 0/5000 blocks from 0 candidate containers.
2023-04-15 16:32:22,147 [FixedThreadPoolWithAffinityExecutor-0-0] WARN  container.ContainerReportHandler (AbstractContainerReportHandler.java:updateContainerState(259)) - Container #1 is in OPEN state, but the datanode 30c0a845-a217-4f15-8bab-f33012bc7910(fv-az202-370.ngw3kpfb2bguzbtcwuqjmbcvef.gx.internal.cloudapp.net/10.1.0.27) reports an CLOSED replica.
2023-04-15 16:32:22,185 [BlockDeletingService#1] INFO  interfaces.ContainerDeletionChoosingPolicyTemplate (ContainerDeletionChoosingPolicyTemplate.java:chooseContainerForBlockDeletion(83)) - Chosen 0/5000 blocks from 0 candidate containers.
2023-04-15 16:32:22,185 [BlockDeletingService#3] INFO  interfaces.ContainerDeletionChoosingPolicyTemplate (ContainerDeletionChoosingPolicyTemplate.java:chooseContainerForBlockDeletion(83)) - Chosen 0/5000 blocks from 0 candidate containers.
2023-04-15 16:32:22,187 [FixedThreadPoolWithAffinityExecutor-1-0] WARN  container.ContainerReportHandler (AbstractContainerReportHandler.java:updateContainerState(259)) - Container #1 is in OPEN state, but the datanode 0dee40cf-0d5a-47f0-9c10-89273726be1d(fv-az202-370.ngw3kpfb2bguzbtcwuqjmbcvef.gx.internal.cloudapp.net/10.1.0.27) reports an CLOSED replica.
2023-04-15 16:32:22,285 [BlockDeletingService#1] INFO  interfaces.ContainerDeletionChoosingPolicyTemplate (ContainerDeletionChoosingPolicyTemplate.java:chooseContainerForBlockDeletion(83)) - Chosen 0/5000 blocks from 0 candidate containers.
2023-04-15 16:32:22,285 [BlockDeletingService#3] INFO  interfaces.ContainerDeletionChoosingPolicyTemplate (ContainerDeletionChoosingPolicyTemplate.java:chooseContainerForBlockDeletion(83)) - Chosen 0/5000 blocks from 0 candidate containers.
2023-04-15 16:32:22,386 [BlockDeletingService#1] INFO  interfaces.ContainerDeletionChoosingPolicyTemplate (ContainerDeletionChoosingPolicyTemplate.java:chooseContainerForBlockDeletion(83)) - Chosen 0/5000 blocks from 0 candidate containers.
2023-04-15 16:32:22,386 [BlockDeletingService#3] INFO  interfaces.ContainerDeletionChoosingPolicyTemplate (ContainerDeletionChoosingPolicyTemplate.java:chooseContainerForBlockDeletion(83)) - Chosen 0/5000 blocks from 0 candidate containers.
2023-04-15 16:32:22,445 [FixedThreadPoolWithAffinityExecutor-0-0] WARN  container.ContainerReportHandler (AbstractContainerReportHandler.java:updateContainerState(259)) - Container #1 is in OPEN state, but the datanode 30c0a845-a217-4f15-8bab-f33012bc7910(fv-az202-370.ngw3kpfb2bguzbtcwuqjmbcvef.gx.internal.cloudapp.net/10.1.0.27) reports an CLOSED replica.
2023-04-15 16:32:22,486 [BlockDeletingService#1] INFO  interfaces.ContainerDeletionChoosingPolicyTemplate (ContainerDeletionChoosingPolicyTemplate.java:chooseContainerForBlockDeletion(83)) - Chosen 0/5000 blocks from 0 candidate containers.
2023-04-15 16:32:22,486 [BlockDeletingService#3] INFO  interfaces.ContainerDeletionChoosingPolicyTemplate (ContainerDeletionChoosingPolicyTemplate.java:chooseContainerForBlockDeletion(83)) - Chosen 0/5000 blocks from 0 candidate containers.
2023-04-15 16:32:22,487 [FixedThreadPoolWithAffinityExecutor-1-0] WARN  container.ContainerReportHandler (AbstractContainerReportHandler.java:updateContainerState(259)) - Container #1 is in OPEN state, but the datanode 0dee40cf-0d5a-47f0-9c10-89273726be1d(fv-az202-370.ngw3kpfb2bguzbtcwuqjmbcvef.gx.internal.cloudapp.net/10.1.0.27) reports an CLOSED replica.
2023-04-15 16:32:22,586 [BlockDeletingService#1] INFO  interfaces.ContainerDeletionChoosingPolicyTemplate (ContainerDeletionChoosingPolicyTemplate.java:chooseContainerForBlockDeletion(83)) - Chosen 0/5000 blocks from 0 candidate containers.
2023-04-15 16:32:22,586 [BlockDeletingService#3] INFO  interfaces.ContainerDeletionChoosingPolicyTemplate (ContainerDeletionChoosingPolicyTemplate.java:chooseContainerForBlockDeletion(83)) - Chosen 0/5000 blocks from 0 candidate containers.
2023-04-15 16:32:22,607 [grpc-default-executor-3] WARN  server.GrpcLogAppender (LogUtils.java:warn(122)) - 30c0a845-a217-4f15-8bab-f33012bc7910@group-F40867945940->f16a70e5-fe04-4d06-9179-25c3ad8a94bb-AppendLogResponseHandler: Failed appendEntries: org.apache.ratis.thirdparty.io.grpc.StatusRuntimeException: UNAVAILABLE: io exception
2023-04-15 16:32:22,608 [grpc-default-executor-3] WARN  server.GrpcLogAppender (GrpcLogAppender.java:resetClient(131)) - 30c0a845-a217-4f15-8bab-f33012bc7910@group-F40867945940->f16a70e5-fe04-4d06-9179-25c3ad8a94bb-GrpcLogAppender: Leader has not got in touch with Follower 30c0a845-a217-4f15-8bab-f33012bc7910@group-F40867945940->f16a70e5-fe04-4d06-9179-25c3ad8a94bb(c-1,m0,n7, attendVote=true, lastRpcSendTime=0, lastRpcResponseTime=30810) yet, just keep nextIndex unchanged and retry.
2023-04-15 16:32:22,608 [grpc-default-executor-1] WARN  server.GrpcLogAppender (LogUtils.java:warn(122)) - 30c0a845-a217-4f15-8bab-f33012bc7910@group-F40867945940->f16a70e5-fe04-4d06-9179-25c3ad8a94bb-AppendLogResponseHandler: Failed appendEntries: org.apache.ratis.thirdparty.io.grpc.StatusRuntimeException: UNAVAILABLE: io exception
2023-04-15 16:32:22,608 [grpc-default-executor-1] WARN  server.GrpcLogAppender (GrpcLogAppender.java:resetClient(131)) - 30c0a845-a217-4f15-8bab-f33012bc7910@group-F40867945940->f16a70e5-fe04-4d06-9179-25c3ad8a94bb-GrpcLogAppender: Leader has not got in touch with Follower 30c0a845-a217-4f15-8bab-f33012bc7910@group-F40867945940->f16a70e5-fe04-4d06-9179-25c3ad8a94bb(c-1,m0,n7, attendVote=true, lastRpcSendTime=1, lastRpcResponseTime=30810) yet, just keep nextIndex unchanged and retry.
2023-04-15 16:32:22,647 [FixedThreadPoolWithAffinityExecutor-0-0] WARN  container.ContainerReportHandler (AbstractContainerReportHandler.java:updateContainerState(259)) - Container #1 is in OPEN state, but the datanode 30c0a845-a217-4f15-8bab-f33012bc7910(fv-az202-370.ngw3kpfb2bguzbtcwuqjmbcvef.gx.internal.cloudapp.net/10.1.0.27) reports an CLOSED replica.
2023-04-15 16:32:22,686 [BlockDeletingService#3] INFO  interfaces.ContainerDeletionChoosingPolicyTemplate (ContainerDeletionChoosingPolicyTemplate.java:chooseContainerForBlockDeletion(83)) - Chosen 0/5000 blocks from 0 candidate containers.
2023-04-15 16:32:22,687 [BlockDeletingService#1] INFO  interfaces.ContainerDeletionChoosingPolicyTemplate (ContainerDeletionChoosingPolicyTemplate.java:chooseContainerForBlockDeletion(83)) - Chosen 0/5000 blocks from 0 candidate containers.
2023-04-15 16:32:22,687 [FixedThreadPoolWithAffinityExecutor-1-0] WARN  container.ContainerReportHandler (AbstractContainerReportHandler.java:updateContainerState(259)) - Container #1 is in OPEN state, but the datanode 0dee40cf-0d5a-47f0-9c10-89273726be1d(fv-az202-370.ngw3kpfb2bguzbtcwuqjmbcvef.gx.internal.cloudapp.net/10.1.0.27) reports an CLOSED replica.
2023-04-15 16:32:22,790 [BlockDeletingService#3] INFO  interfaces.ContainerDeletionChoosingPolicyTemplate (ContainerDeletionChoosingPolicyTemplate.java:chooseContainerForBlockDeletion(83)) - Chosen 0/5000 blocks from 0 candidate containers.
2023-04-15 16:32:22,790 [BlockDeletingService#1] INFO  interfaces.ContainerDeletionChoosingPolicyTemplate (ContainerDeletionChoosingPolicyTemplate.java:chooseContainerForBlockDeletion(83)) - Chosen 0/5000 blocks from 0 candidate containers.
2023-04-15 16:32:22,890 [BlockDeletingService#3] INFO  interfaces.ContainerDeletionChoosingPolicyTemplate (ContainerDeletionChoosingPolicyTemplate.java:chooseContainerForBlockDeletion(83)) - Chosen 0/5000 blocks from 0 candidate containers.
2023-04-15 16:32:22,890 [BlockDeletingService#1] INFO  interfaces.ContainerDeletionChoosingPolicyTemplate (ContainerDeletionChoosingPolicyTemplate.java:chooseContainerForBlockDeletion(83)) - Chosen 0/5000 blocks from 0 candidate containers.
2023-04-15 16:32:22,947 [FixedThreadPoolWithAffinityExecutor-0-0] WARN  container.ContainerReportHandler (AbstractContainerReportHandler.java:updateContainerState(259)) - Container #1 is in OPEN state, but the datanode 30c0a845-a217-4f15-8bab-f33012bc7910(fv-az202-370.ngw3kpfb2bguzbtcwuqjmbcvef.gx.internal.cloudapp.net/10.1.0.27) reports an CLOSED replica.
2023-04-15 16:32:22,990 [FixedThreadPoolWithAffinityExecutor-1-0] WARN  container.ContainerReportHandler (AbstractContainerReportHandler.java:updateContainerState(259)) - Container #1 is in OPEN state, but the datanode 0dee40cf-0d5a-47f0-9c10-89273726be1d(fv-az202-370.ngw3kpfb2bguzbtcwuqjmbcvef.gx.internal.cloudapp.net/10.1.0.27) reports an CLOSED replica.
2023-04-15 16:32:22,990 [BlockDeletingService#3] INFO  interfaces.ContainerDeletionChoosingPolicyTemplate (ContainerDeletionChoosingPolicyTemplate.java:chooseContainerForBlockDeletion(83)) - Chosen 0/5000 blocks from 0 candidate containers.
2023-04-15 16:32:22,990 [BlockDeletingService#1] INFO  interfaces.ContainerDeletionChoosingPolicyTemplate (ContainerDeletionChoosingPolicyTemplate.java:chooseContainerForBlockDeletion(83)) - Chosen 0/5000 blocks from 0 candidate containers.
2023-04-15 16:32:23,090 [BlockDeletingService#3] INFO  interfaces.ContainerDeletionChoosingPolicyTemplate (ContainerDeletionChoosingPolicyTemplate.java:chooseContainerForBlockDeletion(83)) - Chosen 0/5000 blocks from 0 candidate containers.
2023-04-15 16:32:23,090 [BlockDeletingService#1] INFO  interfaces.ContainerDeletionChoosingPolicyTemplate (ContainerDeletionChoosingPolicyTemplate.java:chooseContainerForBlockDeletion(83)) - Chosen 0/5000 blocks from 0 candidate containers.
2023-04-15 16:32:23,147 [FixedThreadPoolWithAffinityExecutor-0-0] WARN  container.ContainerReportHandler (AbstractContainerReportHandler.java:updateContainerState(259)) - Container #1 is in OPEN state, but the datanode 30c0a845-a217-4f15-8bab-f33012bc7910(fv-az202-370.ngw3kpfb2bguzbtcwuqjmbcvef.gx.internal.cloudapp.net/10.1.0.27) reports an CLOSED replica.
2023-04-15 16:32:23,190 [BlockDeletingService#3] INFO  interfaces.ContainerDeletionChoosingPolicyTemplate (ContainerDeletionChoosingPolicyTemplate.java:chooseContainerForBlockDeletion(83)) - Chosen 0/5000 blocks from 0 candidate containers.
2023-04-15 16:32:23,191 [BlockDeletingService#1] INFO  interfaces.ContainerDeletionChoosingPolicyTemplate (ContainerDeletionChoosingPolicyTemplate.java:chooseContainerForBlockDeletion(83)) - Chosen 0/5000 blocks from 0 candidate containers.
2023-04-15 16:32:23,290 [FixedThreadPoolWithAffinityExecutor-1-0] WARN  container.ContainerReportHandler (AbstractContainerReportHandler.java:updateContainerState(259)) - Container #1 is in OPEN state, but the datanode 0dee40cf-0d5a-47f0-9c10-89273726be1d(fv-az202-370.ngw3kpfb2bguzbtcwuqjmbcvef.gx.internal.cloudapp.net/10.1.0.27) reports an CLOSED replica.
2023-04-15 16:32:23,291 [BlockDeletingService#3] INFO  interfaces.ContainerDeletionChoosingPolicyTemplate (ContainerDeletionChoosingPolicyTemplate.java:chooseContainerForBlockDeletion(83)) - Chosen 0/5000 blocks from 0 candidate containers.
2023-04-15 16:32:23,291 [BlockDeletingService#1] INFO  interfaces.ContainerDeletionChoosingPolicyTemplate (ContainerDeletionChoosingPolicyTemplate.java:chooseContainerForBlockDeletion(83)) - Chosen 0/5000 blocks from 0 candidate containers.
2023-04-15 16:32:23,391 [BlockDeletingService#3] INFO  interfaces.ContainerDeletionChoosingPolicyTemplate (ContainerDeletionChoosingPolicyTemplate.java:chooseContainerForBlockDeletion(83)) - Chosen 0/5000 blocks from 0 candidate containers.
2023-04-15 16:32:23,391 [BlockDeletingService#1] INFO  interfaces.ContainerDeletionChoosingPolicyTemplate (ContainerDeletionChoosingPolicyTemplate.java:chooseContainerForBlockDeletion(83)) - Chosen 0/5000 blocks from 0 candidate containers.
2023-04-15 16:32:23,447 [FixedThreadPoolWithAffinityExecutor-0-0] WARN  container.ContainerReportHandler (AbstractContainerReportHandler.java:updateContainerState(259)) - Container #1 is in OPEN state, but the datanode 30c0a845-a217-4f15-8bab-f33012bc7910(fv-az202-370.ngw3kpfb2bguzbtcwuqjmbcvef.gx.internal.cloudapp.net/10.1.0.27) reports an CLOSED replica.
2023-04-15 16:32:23,491 [BlockDeletingService#3] INFO  interfaces.ContainerDeletionChoosingPolicyTemplate (ContainerDeletionChoosingPolicyTemplate.java:chooseContainerForBlockDeletion(83)) - Chosen 0/5000 blocks from 0 candidate containers.
2023-04-15 16:32:23,491 [BlockDeletingService#1] INFO  interfaces.ContainerDeletionChoosingPolicyTemplate (ContainerDeletionChoosingPolicyTemplate.java:chooseContainerForBlockDeletion(83)) - Chosen 0/5000 blocks from 0 candidate containers.
2023-04-15 16:32:23,491 [FixedThreadPoolWithAffinityExecutor-1-0] WARN  container.ContainerReportHandler (AbstractContainerReportHandler.java:updateContainerState(259)) - Container #1 is in OPEN state, but the datanode 0dee40cf-0d5a-47f0-9c10-89273726be1d(fv-az202-370.ngw3kpfb2bguzbtcwuqjmbcvef.gx.internal.cloudapp.net/10.1.0.27) reports an CLOSED replica.
2023-04-15 16:32:23,591 [BlockDeletingService#3] INFO  interfaces.ContainerDeletionChoosingPolicyTemplate (ContainerDeletionChoosingPolicyTemplate.java:chooseContainerForBlockDeletion(83)) - Chosen 0/5000 blocks from 0 candidate containers.
2023-04-15 16:32:23,591 [BlockDeletingService#1] INFO  interfaces.ContainerDeletionChoosingPolicyTemplate (ContainerDeletionChoosingPolicyTemplate.java:chooseContainerForBlockDeletion(83)) - Chosen 0/5000 blocks from 0 candidate containers.
2023-04-15 16:32:23,691 [BlockDeletingService#1] INFO  interfaces.ContainerDeletionChoosingPolicyTemplate (ContainerDeletionChoosingPolicyTemplate.java:chooseContainerForBlockDeletion(83)) - Chosen 0/5000 blocks from 0 candidate containers.
2023-04-15 16:32:23,692 [BlockDeletingService#3] INFO  interfaces.ContainerDeletionChoosingPolicyTemplate (ContainerDeletionChoosingPolicyTemplate.java:chooseContainerForBlockDeletion(83)) - Chosen 0/5000 blocks from 0 candidate containers.
2023-04-15 16:32:23,747 [FixedThreadPoolWithAffinityExecutor-0-0] WARN  container.ContainerReportHandler (AbstractContainerReportHandler.java:updateContainerState(259)) - Container #1 is in OPEN state, but the datanode 30c0a845-a217-4f15-8bab-f33012bc7910(fv-az202-370.ngw3kpfb2bguzbtcwuqjmbcvef.gx.internal.cloudapp.net/10.1.0.27) reports an CLOSED replica.
2023-04-15 16:32:23,792 [FixedThreadPoolWithAffinityExecutor-1-0] WARN  container.ContainerReportHandler (AbstractContainerReportHandler.java:updateContainerState(259)) - Container #1 is in OPEN state, but the datanode 0dee40cf-0d5a-47f0-9c10-89273726be1d(fv-az202-370.ngw3kpfb2bguzbtcwuqjmbcvef.gx.internal.cloudapp.net/10.1.0.27) reports an CLOSED replica.
2023-04-15 16:32:23,792 [BlockDeletingService#3] INFO  interfaces.ContainerDeletionChoosingPolicyTemplate (ContainerDeletionChoosingPolicyTemplate.java:chooseContainerForBlockDeletion(83)) - Chosen 0/5000 blocks from 0 candidate containers.
2023-04-15 16:32:23,792 [BlockDeletingService#1] INFO  interfaces.ContainerDeletionChoosingPolicyTemplate (ContainerDeletionChoosingPolicyTemplate.java:chooseContainerForBlockDeletion(83)) - Chosen 0/5000 blocks from 0 candidate containers.
2023-04-15 16:32:23,857 [grpc-default-executor-1] WARN  server.GrpcLogAppender (LogUtils.java:warn(122)) - 30c0a845-a217-4f15-8bab-f33012bc7910@group-F40867945940->f16a70e5-fe04-4d06-9179-25c3ad8a94bb-AppendLogResponseHandler: Failed appendEntries: org.apache.ratis.thirdparty.io.grpc.StatusRuntimeException: UNAVAILABLE: io exception
2023-04-15 16:32:23,858 [grpc-default-executor-3] WARN  server.GrpcLogAppender (LogUtils.java:warn(122)) - 30c0a845-a217-4f15-8bab-f33012bc7910@group-F40867945940->f16a70e5-fe04-4d06-9179-25c3ad8a94bb-AppendLogResponseHandler: Failed appendEntries: org.apache.ratis.thirdparty.io.grpc.StatusRuntimeException: UNAVAILABLE: io exception
2023-04-15 16:32:23,858 [grpc-default-executor-1] WARN  server.GrpcLogAppender (GrpcLogAppender.java:resetClient(131)) - 30c0a845-a217-4f15-8bab-f33012bc7910@group-F40867945940->f16a70e5-fe04-4d06-9179-25c3ad8a94bb-GrpcLogAppender: Leader has not got in touch with Follower 30c0a845-a217-4f15-8bab-f33012bc7910@group-F40867945940->f16a70e5-fe04-4d06-9179-25c3ad8a94bb(c-1,m0,n7, attendVote=true, lastRpcSendTime=0, lastRpcResponseTime=32060) yet, just keep nextIndex unchanged and retry.
2023-04-15 16:32:23,859 [grpc-default-executor-3] WARN  server.GrpcLogAppender (GrpcLogAppender.java:resetClient(131)) - 30c0a845-a217-4f15-8bab-f33012bc7910@group-F40867945940->f16a70e5-fe04-4d06-9179-25c3ad8a94bb-GrpcLogAppender: Leader has not got in touch with Follower 30c0a845-a217-4f15-8bab-f33012bc7910@group-F40867945940->f16a70e5-fe04-4d06-9179-25c3ad8a94bb(c-1,m0,n7, attendVote=true, lastRpcSendTime=1, lastRpcResponseTime=32061) yet, just keep nextIndex unchanged and retry.
2023-04-15 16:32:23,892 [BlockDeletingService#3] INFO  interfaces.ContainerDeletionChoosingPolicyTemplate (ContainerDeletionChoosingPolicyTemplate.java:chooseContainerForBlockDeletion(83)) - Chosen 0/5000 blocks from 0 candidate containers.
2023-04-15 16:32:23,892 [BlockDeletingService#1] INFO  interfaces.ContainerDeletionChoosingPolicyTemplate (ContainerDeletionChoosingPolicyTemplate.java:chooseContainerForBlockDeletion(83)) - Chosen 0/5000 blocks from 0 candidate containers.
2023-04-15 16:32:23,950 [FixedThreadPoolWithAffinityExecutor-0-0] WARN  container.ContainerReportHandler (AbstractContainerReportHandler.java:updateContainerState(259)) - Container #1 is in OPEN state, but the datanode 30c0a845-a217-4f15-8bab-f33012bc7910(fv-az202-370.ngw3kpfb2bguzbtcwuqjmbcvef.gx.internal.cloudapp.net/10.1.0.27) reports an CLOSED replica.
2023-04-15 16:32:23,992 [BlockDeletingService#3] INFO  interfaces.ContainerDeletionChoosingPolicyTemplate (ContainerDeletionChoosingPolicyTemplate.java:chooseContainerForBlockDeletion(83)) - Chosen 0/5000 blocks from 0 candidate containers.
2023-04-15 16:32:23,992 [BlockDeletingService#1] INFO  interfaces.ContainerDeletionChoosingPolicyTemplate (ContainerDeletionChoosingPolicyTemplate.java:chooseContainerForBlockDeletion(83)) - Chosen 0/5000 blocks from 0 candidate containers.
2023-04-15 16:32:24,092 [FixedThreadPoolWithAffinityExecutor-1-0] WARN  container.ContainerReportHandler (AbstractContainerReportHandler.java:updateContainerState(259)) - Container #1 is in OPEN state, but the datanode 0dee40cf-0d5a-47f0-9c10-89273726be1d(fv-az202-370.ngw3kpfb2bguzbtcwuqjmbcvef.gx.internal.cloudapp.net/10.1.0.27) reports an CLOSED replica.
2023-04-15 16:32:24,092 [BlockDeletingService#3] INFO  interfaces.ContainerDeletionChoosingPolicyTemplate (ContainerDeletionChoosingPolicyTemplate.java:chooseContainerForBlockDeletion(83)) - Chosen 0/5000 blocks from 0 candidate containers.
2023-04-15 16:32:24,092 [BlockDeletingService#1] INFO  interfaces.ContainerDeletionChoosingPolicyTemplate (ContainerDeletionChoosingPolicyTemplate.java:chooseContainerForBlockDeletion(83)) - Chosen 0/5000 blocks from 0 candidate containers.
2023-04-15 16:32:24,192 [BlockDeletingService#3] INFO  interfaces.ContainerDeletionChoosingPolicyTemplate (ContainerDeletionChoosingPolicyTemplate.java:chooseContainerForBlockDeletion(83)) - Chosen 0/5000 blocks from 0 candidate containers.
2023-04-15 16:32:24,193 [BlockDeletingService#1] INFO  interfaces.ContainerDeletionChoosingPolicyTemplate (ContainerDeletionChoosingPolicyTemplate.java:chooseContainerForBlockDeletion(83)) - Chosen 0/5000 blocks from 0 candidate containers.
2023-04-15 16:32:24,250 [FixedThreadPoolWithAffinityExecutor-0-0] WARN  container.ContainerReportHandler (AbstractContainerReportHandler.java:updateContainerState(259)) - Container #1 is in OPEN state, but the datanode 30c0a845-a217-4f15-8bab-f33012bc7910(fv-az202-370.ngw3kpfb2bguzbtcwuqjmbcvef.gx.internal.cloudapp.net/10.1.0.27) reports an CLOSED replica.
2023-04-15 16:32:24,293 [BlockDeletingService#3] INFO  interfaces.ContainerDeletionChoosingPolicyTemplate (ContainerDeletionChoosingPolicyTemplate.java:chooseContainerForBlockDeletion(83)) - Chosen 0/5000 blocks from 0 candidate containers.
2023-04-15 16:32:24,293 [BlockDeletingService#1] INFO  interfaces.ContainerDeletionChoosingPolicyTemplate (ContainerDeletionChoosingPolicyTemplate.java:chooseContainerForBlockDeletion(83)) - Chosen 0/5000 blocks from 0 candidate containers.
2023-04-15 16:32:24,391 [FixedThreadPoolWithAffinityExecutor-1-0] WARN  container.ContainerReportHandler (AbstractContainerReportHandler.java:updateContainerState(259)) - Container #1 is in OPEN state, but the datanode 0dee40cf-0d5a-47f0-9c10-89273726be1d(fv-az202-370.ngw3kpfb2bguzbtcwuqjmbcvef.gx.internal.cloudapp.net/10.1.0.27) reports an CLOSED replica.
2023-04-15 16:32:24,393 [BlockDeletingService#3] INFO  interfaces.ContainerDeletionChoosingPolicyTemplate (ContainerDeletionChoosingPolicyTemplate.java:chooseContainerForBlockDeletion(83)) - Chosen 0/5000 blocks from 0 candidate containers.
2023-04-15 16:32:24,393 [BlockDeletingService#1] INFO  interfaces.ContainerDeletionChoosingPolicyTemplate (ContainerDeletionChoosingPolicyTemplate.java:chooseContainerForBlockDeletion(83)) - Chosen 0/5000 blocks from 0 candidate containers.
2023-04-15 16:32:24,450 [FixedThreadPoolWithAffinityExecutor-0-0] WARN  container.ContainerReportHandler (AbstractContainerReportHandler.java:updateContainerState(259)) - Container #1 is in OPEN state, but the datanode 30c0a845-a217-4f15-8bab-f33012bc7910(fv-az202-370.ngw3kpfb2bguzbtcwuqjmbcvef.gx.internal.cloudapp.net/10.1.0.27) reports an CLOSED replica.
2023-04-15 16:32:24,493 [BlockDeletingService#3] INFO  interfaces.ContainerDeletionChoosingPolicyTemplate (ContainerDeletionChoosingPolicyTemplate.java:chooseContainerForBlockDeletion(83)) - Chosen 0/5000 blocks from 0 candidate containers.
2023-04-15 16:32:24,493 [BlockDeletingService#1] INFO  interfaces.ContainerDeletionChoosingPolicyTemplate (ContainerDeletionChoosingPolicyTemplate.java:chooseContainerForBlockDeletion(83)) - Chosen 0/5000 blocks from 0 candidate containers.
2023-04-15 16:32:24,593 [BlockDeletingService#3] INFO  interfaces.ContainerDeletionChoosingPolicyTemplate (ContainerDeletionChoosingPolicyTemplate.java:chooseContainerForBlockDeletion(83)) - Chosen 0/5000 blocks from 0 candidate containers.
2023-04-15 16:32:24,593 [BlockDeletingService#1] INFO  interfaces.ContainerDeletionChoosingPolicyTemplate (ContainerDeletionChoosingPolicyTemplate.java:chooseContainerForBlockDeletion(83)) - Chosen 0/5000 blocks from 0 candidate containers.
2023-04-15 16:32:24,593 [FixedThreadPoolWithAffinityExecutor-1-0] WARN  container.ContainerReportHandler (AbstractContainerReportHandler.java:updateContainerState(259)) - Container #1 is in OPEN state, but the datanode 0dee40cf-0d5a-47f0-9c10-89273726be1d(fv-az202-370.ngw3kpfb2bguzbtcwuqjmbcvef.gx.internal.cloudapp.net/10.1.0.27) reports an CLOSED replica.
2023-04-15 16:32:24,693 [BlockDeletingService#3] INFO  interfaces.ContainerDeletionChoosingPolicyTemplate (ContainerDeletionChoosingPolicyTemplate.java:chooseContainerForBlockDeletion(83)) - Chosen 0/5000 blocks from 0 candidate containers.
2023-04-15 16:32:24,694 [BlockDeletingService#1] INFO  interfaces.ContainerDeletionChoosingPolicyTemplate (ContainerDeletionChoosingPolicyTemplate.java:chooseContainerForBlockDeletion(83)) - Chosen 0/5000 blocks from 0 candidate containers.
2023-04-15 16:32:24,749 [FixedThreadPoolWithAffinityExecutor-0-0] WARN  container.ContainerReportHandler (AbstractContainerReportHandler.java:updateContainerState(259)) - Container #1 is in OPEN state, but the datanode 30c0a845-a217-4f15-8bab-f33012bc7910(fv-az202-370.ngw3kpfb2bguzbtcwuqjmbcvef.gx.internal.cloudapp.net/10.1.0.27) reports an CLOSED replica.
2023-04-15 16:32:24,794 [BlockDeletingService#3] INFO  interfaces.ContainerDeletionChoosingPolicyTemplate (ContainerDeletionChoosingPolicyTemplate.java:chooseContainerForBlockDeletion(83)) - Chosen 0/5000 blocks from 0 candidate containers.
2023-04-15 16:32:24,794 [BlockDeletingService#1] INFO  interfaces.ContainerDeletionChoosingPolicyTemplate (ContainerDeletionChoosingPolicyTemplate.java:chooseContainerForBlockDeletion(83)) - Chosen 0/5000 blocks from 0 candidate containers.
2023-04-15 16:32:24,893 [FixedThreadPoolWithAffinityExecutor-1-0] WARN  container.ContainerReportHandler (AbstractContainerReportHandler.java:updateContainerState(259)) - Container #1 is in OPEN state, but the datanode 0dee40cf-0d5a-47f0-9c10-89273726be1d(fv-az202-370.ngw3kpfb2bguzbtcwuqjmbcvef.gx.internal.cloudapp.net/10.1.0.27) reports an CLOSED replica.
2023-04-15 16:32:24,894 [BlockDeletingService#3] INFO  interfaces.ContainerDeletionChoosingPolicyTemplate (ContainerDeletionChoosingPolicyTemplate.java:chooseContainerForBlockDeletion(83)) - Chosen 0/5000 blocks from 0 candidate containers.
2023-04-15 16:32:24,894 [BlockDeletingService#1] INFO  interfaces.ContainerDeletionChoosingPolicyTemplate (ContainerDeletionChoosingPolicyTemplate.java:chooseContainerForBlockDeletion(83)) - Chosen 0/5000 blocks from 0 candidate containers.
2023-04-15 16:32:24,953 [FixedThreadPoolWithAffinityExecutor-0-0] WARN  container.ContainerReportHandler (AbstractContainerReportHandler.java:updateContainerState(259)) - Container #1 is in OPEN state, but the datanode 30c0a845-a217-4f15-8bab-f33012bc7910(fv-az202-370.ngw3kpfb2bguzbtcwuqjmbcvef.gx.internal.cloudapp.net/10.1.0.27) reports an CLOSED replica.
2023-04-15 16:32:24,994 [BlockDeletingService#3] INFO  interfaces.ContainerDeletionChoosingPolicyTemplate (ContainerDeletionChoosingPolicyTemplate.java:chooseContainerForBlockDeletion(83)) - Chosen 0/5000 blocks from 0 candidate containers.
2023-04-15 16:32:24,994 [BlockDeletingService#1] INFO  interfaces.ContainerDeletionChoosingPolicyTemplate (ContainerDeletionChoosingPolicyTemplate.java:chooseContainerForBlockDeletion(83)) - Chosen 0/5000 blocks from 0 candidate containers.
2023-04-15 16:32:25,094 [BlockDeletingService#3] INFO  interfaces.ContainerDeletionChoosingPolicyTemplate (ContainerDeletionChoosingPolicyTemplate.java:chooseContainerForBlockDeletion(83)) - Chosen 0/5000 blocks from 0 candidate containers.
2023-04-15 16:32:25,094 [BlockDeletingService#1] INFO  interfaces.ContainerDeletionChoosingPolicyTemplate (ContainerDeletionChoosingPolicyTemplate.java:chooseContainerForBlockDeletion(83)) - Chosen 0/5000 blocks from 0 candidate containers.
2023-04-15 16:32:25,108 [grpc-default-executor-3] WARN  server.GrpcLogAppender (LogUtils.java:warn(122)) - 30c0a845-a217-4f15-8bab-f33012bc7910@group-F40867945940->f16a70e5-fe04-4d06-9179-25c3ad8a94bb-AppendLogResponseHandler: Failed appendEntries: org.apache.ratis.thirdparty.io.grpc.StatusRuntimeException: UNAVAILABLE: io exception
2023-04-15 16:32:25,108 [grpc-default-executor-1] WARN  server.GrpcLogAppender (LogUtils.java:warn(122)) - 30c0a845-a217-4f15-8bab-f33012bc7910@group-F40867945940->f16a70e5-fe04-4d06-9179-25c3ad8a94bb-AppendLogResponseHandler: Failed appendEntries: org.apache.ratis.thirdparty.io.grpc.StatusRuntimeException: UNAVAILABLE: io exception
2023-04-15 16:32:25,108 [grpc-default-executor-3] WARN  server.GrpcLogAppender (GrpcLogAppender.java:resetClient(131)) - 30c0a845-a217-4f15-8bab-f33012bc7910@group-F40867945940->f16a70e5-fe04-4d06-9179-25c3ad8a94bb-GrpcLogAppender: Leader has not got in touch with Follower 30c0a845-a217-4f15-8bab-f33012bc7910@group-F40867945940->f16a70e5-fe04-4d06-9179-25c3ad8a94bb(c-1,m0,n7, attendVote=true, lastRpcSendTime=0, lastRpcResponseTime=33311) yet, just keep nextIndex unchanged and retry.
2023-04-15 16:32:25,110 [grpc-default-executor-1] WARN  server.GrpcLogAppender (GrpcLogAppender.java:resetClient(131)) - 30c0a845-a217-4f15-8bab-f33012bc7910@group-F40867945940->f16a70e5-fe04-4d06-9179-25c3ad8a94bb-GrpcLogAppender: Leader has not got in touch with Follower 30c0a845-a217-4f15-8bab-f33012bc7910@group-F40867945940->f16a70e5-fe04-4d06-9179-25c3ad8a94bb(c-1,m0,n7, attendVote=true, lastRpcSendTime=2, lastRpcResponseTime=33312) yet, just keep nextIndex unchanged and retry.
2023-04-15 16:32:25,193 [FixedThreadPoolWithAffinityExecutor-1-0] WARN  container.ContainerReportHandler (AbstractContainerReportHandler.java:updateContainerState(259)) - Container #1 is in OPEN state, but the datanode 0dee40cf-0d5a-47f0-9c10-89273726be1d(fv-az202-370.ngw3kpfb2bguzbtcwuqjmbcvef.gx.internal.cloudapp.net/10.1.0.27) reports an CLOSED replica.
2023-04-15 16:32:25,194 [BlockDeletingService#3] INFO  interfaces.ContainerDeletionChoosingPolicyTemplate (ContainerDeletionChoosingPolicyTemplate.java:chooseContainerForBlockDeletion(83)) - Chosen 0/5000 blocks from 0 candidate containers.
2023-04-15 16:32:25,195 [BlockDeletingService#1] INFO  interfaces.ContainerDeletionChoosingPolicyTemplate (ContainerDeletionChoosingPolicyTemplate.java:chooseContainerForBlockDeletion(83)) - Chosen 0/5000 blocks from 0 candidate containers.
2023-04-15 16:32:25,252 [FixedThreadPoolWithAffinityExecutor-0-0] WARN  container.ContainerReportHandler (AbstractContainerReportHandler.java:updateContainerState(259)) - Container #1 is in OPEN state, but the datanode 30c0a845-a217-4f15-8bab-f33012bc7910(fv-az202-370.ngw3kpfb2bguzbtcwuqjmbcvef.gx.internal.cloudapp.net/10.1.0.27) reports an CLOSED replica.
2023-04-15 16:32:25,295 [BlockDeletingService#3] INFO  interfaces.ContainerDeletionChoosingPolicyTemplate (ContainerDeletionChoosingPolicyTemplate.java:chooseContainerForBlockDeletion(83)) - Chosen 0/5000 blocks from 0 candidate containers.
2023-04-15 16:32:25,295 [BlockDeletingService#1] INFO  interfaces.ContainerDeletionChoosingPolicyTemplate (ContainerDeletionChoosingPolicyTemplate.java:chooseContainerForBlockDeletion(83)) - Chosen 0/5000 blocks from 0 candidate containers.
2023-04-15 16:32:25,395 [BlockDeletingService#3] INFO  interfaces.ContainerDeletionChoosingPolicyTemplate (ContainerDeletionChoosingPolicyTemplate.java:chooseContainerForBlockDeletion(83)) - Chosen 0/5000 blocks from 0 candidate containers.
2023-04-15 16:32:25,395 [BlockDeletingService#1] INFO  interfaces.ContainerDeletionChoosingPolicyTemplate (ContainerDeletionChoosingPolicyTemplate.java:chooseContainerForBlockDeletion(83)) - Chosen 0/5000 blocks from 0 candidate containers.
2023-04-15 16:32:25,454 [FixedThreadPoolWithAffinityExecutor-0-0] WARN  container.ContainerReportHandler (AbstractContainerReportHandler.java:updateContainerState(259)) - Container #1 is in OPEN state, but the datanode 30c0a845-a217-4f15-8bab-f33012bc7910(fv-az202-370.ngw3kpfb2bguzbtcwuqjmbcvef.gx.internal.cloudapp.net/10.1.0.27) reports an CLOSED replica.
2023-04-15 16:32:25,493 [FixedThreadPoolWithAffinityExecutor-1-0] WARN  container.ContainerReportHandler (AbstractContainerReportHandler.java:updateContainerState(259)) - Container #1 is in OPEN state, but the datanode 0dee40cf-0d5a-47f0-9c10-89273726be1d(fv-az202-370.ngw3kpfb2bguzbtcwuqjmbcvef.gx.internal.cloudapp.net/10.1.0.27) reports an CLOSED replica.
2023-04-15 16:32:25,495 [BlockDeletingService#3] INFO  interfaces.ContainerDeletionChoosingPolicyTemplate (ContainerDeletionChoosingPolicyTemplate.java:chooseContainerForBlockDeletion(83)) - Chosen 0/5000 blocks from 0 candidate containers.
2023-04-15 16:32:25,495 [BlockDeletingService#1] INFO  interfaces.ContainerDeletionChoosingPolicyTemplate (ContainerDeletionChoosingPolicyTemplate.java:chooseContainerForBlockDeletion(83)) - Chosen 0/5000 blocks from 0 candidate containers.
2023-04-15 16:32:25,595 [BlockDeletingService#3] INFO  interfaces.ContainerDeletionChoosingPolicyTemplate (ContainerDeletionChoosingPolicyTemplate.java:chooseContainerForBlockDeletion(83)) - Chosen 0/5000 blocks from 0 candidate containers.
2023-04-15 16:32:25,595 [BlockDeletingService#1] INFO  interfaces.ContainerDeletionChoosingPolicyTemplate (ContainerDeletionChoosingPolicyTemplate.java:chooseContainerForBlockDeletion(83)) - Chosen 0/5000 blocks from 0 candidate containers.
2023-04-15 16:32:25,693 [FixedThreadPoolWithAffinityExecutor-1-0] WARN  container.ContainerReportHandler (AbstractContainerReportHandler.java:updateContainerState(259)) - Container #1 is in OPEN state, but the datanode 0dee40cf-0d5a-47f0-9c10-89273726be1d(fv-az202-370.ngw3kpfb2bguzbtcwuqjmbcvef.gx.internal.cloudapp.net/10.1.0.27) reports an CLOSED replica.
2023-04-15 16:32:25,695 [BlockDeletingService#3] INFO  interfaces.ContainerDeletionChoosingPolicyTemplate (ContainerDeletionChoosingPolicyTemplate.java:chooseContainerForBlockDeletion(83)) - Chosen 0/5000 blocks from 0 candidate containers.
2023-04-15 16:32:25,696 [BlockDeletingService#1] INFO  interfaces.ContainerDeletionChoosingPolicyTemplate (ContainerDeletionChoosingPolicyTemplate.java:chooseContainerForBlockDeletion(83)) - Chosen 0/5000 blocks from 0 candidate containers.
2023-04-15 16:32:25,751 [FixedThreadPoolWithAffinityExecutor-0-0] WARN  container.ContainerReportHandler (AbstractContainerReportHandler.java:updateContainerState(259)) - Container #1 is in OPEN state, but the datanode 30c0a845-a217-4f15-8bab-f33012bc7910(fv-az202-370.ngw3kpfb2bguzbtcwuqjmbcvef.gx.internal.cloudapp.net/10.1.0.27) reports an CLOSED replica.
2023-04-15 16:32:25,796 [BlockDeletingService#3] INFO  interfaces.ContainerDeletionChoosingPolicyTemplate (ContainerDeletionChoosingPolicyTemplate.java:chooseContainerForBlockDeletion(83)) - Chosen 0/5000 blocks from 0 candidate containers.
2023-04-15 16:32:25,796 [BlockDeletingService#1] INFO  interfaces.ContainerDeletionChoosingPolicyTemplate (ContainerDeletionChoosingPolicyTemplate.java:chooseContainerForBlockDeletion(83)) - Chosen 0/5000 blocks from 0 candidate containers.
2023-04-15 16:32:25,896 [BlockDeletingService#3] INFO  interfaces.ContainerDeletionChoosingPolicyTemplate (ContainerDeletionChoosingPolicyTemplate.java:chooseContainerForBlockDeletion(83)) - Chosen 0/5000 blocks from 0 candidate containers.
2023-04-15 16:32:25,896 [BlockDeletingService#1] INFO  interfaces.ContainerDeletionChoosingPolicyTemplate (ContainerDeletionChoosingPolicyTemplate.java:chooseContainerForBlockDeletion(83)) - Chosen 0/5000 blocks from 0 candidate containers.
2023-04-15 16:32:25,996 [BlockDeletingService#3] INFO  interfaces.ContainerDeletionChoosingPolicyTemplate (ContainerDeletionChoosingPolicyTemplate.java:chooseContainerForBlockDeletion(83)) - Chosen 0/5000 blocks from 0 candidate containers.
2023-04-15 16:32:25,996 [BlockDeletingService#1] INFO  interfaces.ContainerDeletionChoosingPolicyTemplate (ContainerDeletionChoosingPolicyTemplate.java:chooseContainerForBlockDeletion(83)) - Chosen 0/5000 blocks from 0 candidate containers.
2023-04-15 16:32:25,996 [FixedThreadPoolWithAffinityExecutor-1-0] WARN  container.ContainerReportHandler (AbstractContainerReportHandler.java:updateContainerState(259)) - Container #1 is in OPEN state, but the datanode 0dee40cf-0d5a-47f0-9c10-89273726be1d(fv-az202-370.ngw3kpfb2bguzbtcwuqjmbcvef.gx.internal.cloudapp.net/10.1.0.27) reports an CLOSED replica.
2023-04-15 16:32:26,051 [FixedThreadPoolWithAffinityExecutor-0-0] WARN  container.ContainerReportHandler (AbstractContainerReportHandler.java:updateContainerState(259)) - Container #1 is in OPEN state, but the datanode 30c0a845-a217-4f15-8bab-f33012bc7910(fv-az202-370.ngw3kpfb2bguzbtcwuqjmbcvef.gx.internal.cloudapp.net/10.1.0.27) reports an CLOSED replica.
2023-04-15 16:32:26,096 [BlockDeletingService#3] INFO  interfaces.ContainerDeletionChoosingPolicyTemplate (ContainerDeletionChoosingPolicyTemplate.java:chooseContainerForBlockDeletion(83)) - Chosen 0/5000 blocks from 0 candidate containers.
2023-04-15 16:32:26,096 [BlockDeletingService#1] INFO  interfaces.ContainerDeletionChoosingPolicyTemplate (ContainerDeletionChoosingPolicyTemplate.java:chooseContainerForBlockDeletion(83)) - Chosen 0/5000 blocks from 0 candidate containers.
2023-04-15 16:32:26,197 [BlockDeletingService#3] INFO  interfaces.ContainerDeletionChoosingPolicyTemplate (ContainerDeletionChoosingPolicyTemplate.java:chooseContainerForBlockDeletion(83)) - Chosen 0/5000 blocks from 0 candidate containers.
2023-04-15 16:32:26,197 [BlockDeletingService#1] INFO  interfaces.ContainerDeletionChoosingPolicyTemplate (ContainerDeletionChoosingPolicyTemplate.java:chooseContainerForBlockDeletion(83)) - Chosen 0/5000 blocks from 0 candidate containers.
2023-04-15 16:32:26,251 [FixedThreadPoolWithAffinityExecutor-0-0] WARN  container.ContainerReportHandler (AbstractContainerReportHandler.java:updateContainerState(259)) - Container #1 is in OPEN state, but the datanode 30c0a845-a217-4f15-8bab-f33012bc7910(fv-az202-370.ngw3kpfb2bguzbtcwuqjmbcvef.gx.internal.cloudapp.net/10.1.0.27) reports an CLOSED replica.
2023-04-15 16:32:26,293 [FixedThreadPoolWithAffinityExecutor-1-0] WARN  container.ContainerReportHandler (AbstractContainerReportHandler.java:updateContainerState(259)) - Container #1 is in OPEN state, but the datanode 0dee40cf-0d5a-47f0-9c10-89273726be1d(fv-az202-370.ngw3kpfb2bguzbtcwuqjmbcvef.gx.internal.cloudapp.net/10.1.0.27) reports an CLOSED replica.
2023-04-15 16:32:26,297 [BlockDeletingService#3] INFO  interfaces.ContainerDeletionChoosingPolicyTemplate (ContainerDeletionChoosingPolicyTemplate.java:chooseContainerForBlockDeletion(83)) - Chosen 0/5000 blocks from 0 candidate containers.
2023-04-15 16:32:26,297 [BlockDeletingService#1] INFO  interfaces.ContainerDeletionChoosingPolicyTemplate (ContainerDeletionChoosingPolicyTemplate.java:chooseContainerForBlockDeletion(83)) - Chosen 0/5000 blocks from 0 candidate containers.
2023-04-15 16:32:26,358 [grpc-default-executor-1] WARN  server.GrpcLogAppender (LogUtils.java:warn(122)) - 30c0a845-a217-4f15-8bab-f33012bc7910@group-F40867945940->f16a70e5-fe04-4d06-9179-25c3ad8a94bb-AppendLogResponseHandler: Failed appendEntries: org.apache.ratis.thirdparty.io.grpc.StatusRuntimeException: UNAVAILABLE: io exception
2023-04-15 16:32:26,358 [grpc-default-executor-3] WARN  server.GrpcLogAppender (LogUtils.java:warn(122)) - 30c0a845-a217-4f15-8bab-f33012bc7910@group-F40867945940->f16a70e5-fe04-4d06-9179-25c3ad8a94bb-AppendLogResponseHandler: Failed appendEntries: org.apache.ratis.thirdparty.io.grpc.StatusRuntimeException: UNAVAILABLE: io exception
2023-04-15 16:32:26,359 [grpc-default-executor-1] WARN  server.GrpcLogAppender (GrpcLogAppender.java:resetClient(131)) - 30c0a845-a217-4f15-8bab-f33012bc7910@group-F40867945940->f16a70e5-fe04-4d06-9179-25c3ad8a94bb-GrpcLogAppender: Leader has not got in touch with Follower 30c0a845-a217-4f15-8bab-f33012bc7910@group-F40867945940->f16a70e5-fe04-4d06-9179-25c3ad8a94bb(c-1,m0,n7, attendVote=true, lastRpcSendTime=0, lastRpcResponseTime=34561) yet, just keep nextIndex unchanged and retry.
2023-04-15 16:32:26,360 [grpc-default-executor-3] WARN  server.GrpcLogAppender (GrpcLogAppender.java:resetClient(131)) - 30c0a845-a217-4f15-8bab-f33012bc7910@group-F40867945940->f16a70e5-fe04-4d06-9179-25c3ad8a94bb-GrpcLogAppender: Leader has not got in touch with Follower 30c0a845-a217-4f15-8bab-f33012bc7910@group-F40867945940->f16a70e5-fe04-4d06-9179-25c3ad8a94bb(c-1,m0,n7, attendVote=true, lastRpcSendTime=2, lastRpcResponseTime=34563) yet, just keep nextIndex unchanged and retry.
2023-04-15 16:32:26,397 [BlockDeletingService#3] INFO  interfaces.ContainerDeletionChoosingPolicyTemplate (ContainerDeletionChoosingPolicyTemplate.java:chooseContainerForBlockDeletion(83)) - Chosen 0/5000 blocks from 0 candidate containers.
2023-04-15 16:32:26,397 [BlockDeletingService#1] INFO  interfaces.ContainerDeletionChoosingPolicyTemplate (ContainerDeletionChoosingPolicyTemplate.java:chooseContainerForBlockDeletion(83)) - Chosen 0/5000 blocks from 0 candidate containers.
2023-04-15 16:32:26,497 [BlockDeletingService#3] INFO  interfaces.ContainerDeletionChoosingPolicyTemplate (ContainerDeletionChoosingPolicyTemplate.java:chooseContainerForBlockDeletion(83)) - Chosen 0/5000 blocks from 0 candidate containers.
2023-04-15 16:32:26,497 [BlockDeletingService#1] INFO  interfaces.ContainerDeletionChoosingPolicyTemplate (ContainerDeletionChoosingPolicyTemplate.java:chooseContainerForBlockDeletion(83)) - Chosen 0/5000 blocks from 0 candidate containers.
2023-04-15 16:32:26,551 [FixedThreadPoolWithAffinityExecutor-0-0] WARN  container.ContainerReportHandler (AbstractContainerReportHandler.java:updateContainerState(259)) - Container #1 is in OPEN state, but the datanode 30c0a845-a217-4f15-8bab-f33012bc7910(fv-az202-370.ngw3kpfb2bguzbtcwuqjmbcvef.gx.internal.cloudapp.net/10.1.0.27) reports an CLOSED replica.
2023-04-15 16:32:26,593 [FixedThreadPoolWithAffinityExecutor-1-0] WARN  container.ContainerReportHandler (AbstractContainerReportHandler.java:updateContainerState(259)) - Container #1 is in OPEN state, but the datanode 0dee40cf-0d5a-47f0-9c10-89273726be1d(fv-az202-370.ngw3kpfb2bguzbtcwuqjmbcvef.gx.internal.cloudapp.net/10.1.0.27) reports an CLOSED replica.
2023-04-15 16:32:26,597 [BlockDeletingService#3] INFO  interfaces.ContainerDeletionChoosingPolicyTemplate (ContainerDeletionChoosingPolicyTemplate.java:chooseContainerForBlockDeletion(83)) - Chosen 0/5000 blocks from 0 candidate containers.
2023-04-15 16:32:26,597 [BlockDeletingService#1] INFO  interfaces.ContainerDeletionChoosingPolicyTemplate (ContainerDeletionChoosingPolicyTemplate.java:chooseContainerForBlockDeletion(83)) - Chosen 0/5000 blocks from 0 candidate containers.
2023-04-15 16:32:26,697 [BlockDeletingService#3] INFO  interfaces.ContainerDeletionChoosingPolicyTemplate (ContainerDeletionChoosingPolicyTemplate.java:chooseContainerForBlockDeletion(83)) - Chosen 0/5000 blocks from 0 candidate containers.
2023-04-15 16:32:26,698 [BlockDeletingService#1] INFO  interfaces.ContainerDeletionChoosingPolicyTemplate (ContainerDeletionChoosingPolicyTemplate.java:chooseContainerForBlockDeletion(83)) - Chosen 0/5000 blocks from 0 candidate containers.
2023-04-15 16:32:26,751 [FixedThreadPoolWithAffinityExecutor-0-0] WARN  container.ContainerReportHandler (AbstractContainerReportHandler.java:updateContainerState(259)) - Container #1 is in OPEN state, but the datanode 30c0a845-a217-4f15-8bab-f33012bc7910(fv-az202-370.ngw3kpfb2bguzbtcwuqjmbcvef.gx.internal.cloudapp.net/10.1.0.27) reports an CLOSED replica.
2023-04-15 16:32:26,793 [FixedThreadPoolWithAffinityExecutor-1-0] WARN  container.ContainerReportHandler (AbstractContainerReportHandler.java:updateContainerState(259)) - Container #1 is in OPEN state, but the datanode 0dee40cf-0d5a-47f0-9c10-89273726be1d(fv-az202-370.ngw3kpfb2bguzbtcwuqjmbcvef.gx.internal.cloudapp.net/10.1.0.27) reports an CLOSED replica.
2023-04-15 16:32:26,798 [BlockDeletingService#3] INFO  interfaces.ContainerDeletionChoosingPolicyTemplate (ContainerDeletionChoosingPolicyTemplate.java:chooseContainerForBlockDeletion(83)) - Chosen 0/5000 blocks from 0 candidate containers.
2023-04-15 16:32:26,798 [BlockDeletingService#1] INFO  interfaces.ContainerDeletionChoosingPolicyTemplate (ContainerDeletionChoosingPolicyTemplate.java:chooseContainerForBlockDeletion(83)) - Chosen 0/5000 blocks from 0 candidate containers.
2023-04-15 16:32:26,898 [BlockDeletingService#3] INFO  interfaces.ContainerDeletionChoosingPolicyTemplate (ContainerDeletionChoosingPolicyTemplate.java:chooseContainerForBlockDeletion(83)) - Chosen 0/5000 blocks from 0 candidate containers.
2023-04-15 16:32:26,898 [BlockDeletingService#1] INFO  interfaces.ContainerDeletionChoosingPolicyTemplate (ContainerDeletionChoosingPolicyTemplate.java:chooseContainerForBlockDeletion(83)) - Chosen 0/5000 blocks from 0 candidate containers.
2023-04-15 16:32:26,998 [BlockDeletingService#3] INFO  interfaces.ContainerDeletionChoosingPolicyTemplate (ContainerDeletionChoosingPolicyTemplate.java:chooseContainerForBlockDeletion(83)) - Chosen 0/5000 blocks from 0 candidate containers.
2023-04-15 16:32:26,998 [BlockDeletingService#1] INFO  interfaces.ContainerDeletionChoosingPolicyTemplate (ContainerDeletionChoosingPolicyTemplate.java:chooseContainerForBlockDeletion(83)) - Chosen 0/5000 blocks from 0 candidate containers.
2023-04-15 16:32:27,054 [FixedThreadPoolWithAffinityExecutor-0-0] WARN  container.ContainerReportHandler (AbstractContainerReportHandler.java:updateContainerState(259)) - Container #1 is in OPEN state, but the datanode 30c0a845-a217-4f15-8bab-f33012bc7910(fv-az202-370.ngw3kpfb2bguzbtcwuqjmbcvef.gx.internal.cloudapp.net/10.1.0.27) reports an CLOSED replica.
2023-04-15 16:32:27,095 [FixedThreadPoolWithAffinityExecutor-1-0] WARN  container.ContainerReportHandler (AbstractContainerReportHandler.java:updateContainerState(259)) - Container #1 is in OPEN state, but the datanode 0dee40cf-0d5a-47f0-9c10-89273726be1d(fv-az202-370.ngw3kpfb2bguzbtcwuqjmbcvef.gx.internal.cloudapp.net/10.1.0.27) reports an CLOSED replica.
2023-04-15 16:32:27,098 [BlockDeletingService#3] INFO  interfaces.ContainerDeletionChoosingPolicyTemplate (ContainerDeletionChoosingPolicyTemplate.java:chooseContainerForBlockDeletion(83)) - Chosen 0/5000 blocks from 0 candidate containers.
2023-04-15 16:32:27,098 [BlockDeletingService#1] INFO  interfaces.ContainerDeletionChoosingPolicyTemplate (ContainerDeletionChoosingPolicyTemplate.java:chooseContainerForBlockDeletion(83)) - Chosen 0/5000 blocks from 0 candidate containers.
2023-04-15 16:32:27,198 [BlockDeletingService#3] INFO  interfaces.ContainerDeletionChoosingPolicyTemplate (ContainerDeletionChoosingPolicyTemplate.java:chooseContainerForBlockDeletion(83)) - Chosen 0/5000 blocks from 0 candidate containers.
2023-04-15 16:32:27,198 [BlockDeletingService#1] INFO  interfaces.ContainerDeletionChoosingPolicyTemplate (ContainerDeletionChoosingPolicyTemplate.java:chooseContainerForBlockDeletion(83)) - Chosen 0/5000 blocks from 0 candidate containers.
2023-04-15 16:32:27,254 [FixedThreadPoolWithAffinityExecutor-0-0] WARN  container.ContainerReportHandler (AbstractContainerReportHandler.java:updateContainerState(259)) - Container #1 is in OPEN state, but the datanode 30c0a845-a217-4f15-8bab-f33012bc7910(fv-az202-370.ngw3kpfb2bguzbtcwuqjmbcvef.gx.internal.cloudapp.net/10.1.0.27) reports an CLOSED replica.
2023-04-15 16:32:27,299 [BlockDeletingService#3] INFO  interfaces.ContainerDeletionChoosingPolicyTemplate (ContainerDeletionChoosingPolicyTemplate.java:chooseContainerForBlockDeletion(83)) - Chosen 0/5000 blocks from 0 candidate containers.
2023-04-15 16:32:27,299 [BlockDeletingService#1] INFO  interfaces.ContainerDeletionChoosingPolicyTemplate (ContainerDeletionChoosingPolicyTemplate.java:chooseContainerForBlockDeletion(83)) - Chosen 0/5000 blocks from 0 candidate containers.
2023-04-15 16:32:27,394 [FixedThreadPoolWithAffinityExecutor-1-0] WARN  container.ContainerReportHandler (AbstractContainerReportHandler.java:updateContainerState(259)) - Container #1 is in OPEN state, but the datanode 0dee40cf-0d5a-47f0-9c10-89273726be1d(fv-az202-370.ngw3kpfb2bguzbtcwuqjmbcvef.gx.internal.cloudapp.net/10.1.0.27) reports an CLOSED replica.
2023-04-15 16:32:27,399 [BlockDeletingService#3] INFO  interfaces.ContainerDeletionChoosingPolicyTemplate (ContainerDeletionChoosingPolicyTemplate.java:chooseContainerForBlockDeletion(83)) - Chosen 0/5000 blocks from 0 candidate containers.
2023-04-15 16:32:27,399 [BlockDeletingService#1] INFO  interfaces.ContainerDeletionChoosingPolicyTemplate (ContainerDeletionChoosingPolicyTemplate.java:chooseContainerForBlockDeletion(83)) - Chosen 0/5000 blocks from 0 candidate containers.
2023-04-15 16:32:27,499 [BlockDeletingService#3] INFO  interfaces.ContainerDeletionChoosingPolicyTemplate (ContainerDeletionChoosingPolicyTemplate.java:chooseContainerForBlockDeletion(83)) - Chosen 0/5000 blocks from 0 candidate containers.
2023-04-15 16:32:27,499 [BlockDeletingService#1] INFO  interfaces.ContainerDeletionChoosingPolicyTemplate (ContainerDeletionChoosingPolicyTemplate.java:chooseContainerForBlockDeletion(83)) - Chosen 0/5000 blocks from 0 candidate containers.
2023-04-15 16:32:27,554 [FixedThreadPoolWithAffinityExecutor-0-0] WARN  container.ContainerReportHandler (AbstractContainerReportHandler.java:updateContainerState(259)) - Container #1 is in OPEN state, but the datanode 30c0a845-a217-4f15-8bab-f33012bc7910(fv-az202-370.ngw3kpfb2bguzbtcwuqjmbcvef.gx.internal.cloudapp.net/10.1.0.27) reports an CLOSED replica.
2023-04-15 16:32:27,599 [BlockDeletingService#3] INFO  interfaces.ContainerDeletionChoosingPolicyTemplate (ContainerDeletionChoosingPolicyTemplate.java:chooseContainerForBlockDeletion(83)) - Chosen 0/5000 blocks from 0 candidate containers.
2023-04-15 16:32:27,599 [BlockDeletingService#1] INFO  interfaces.ContainerDeletionChoosingPolicyTemplate (ContainerDeletionChoosingPolicyTemplate.java:chooseContainerForBlockDeletion(83)) - Chosen 0/5000 blocks from 0 candidate containers.
2023-04-15 16:32:27,608 [grpc-default-executor-1] WARN  server.GrpcLogAppender (LogUtils.java:warn(122)) - 30c0a845-a217-4f15-8bab-f33012bc7910@group-F40867945940->f16a70e5-fe04-4d06-9179-25c3ad8a94bb-AppendLogResponseHandler: Failed appendEntries: org.apache.ratis.thirdparty.io.grpc.StatusRuntimeException: UNAVAILABLE: io exception
2023-04-15 16:32:27,610 [grpc-default-executor-1] WARN  server.GrpcLogAppender (GrpcLogAppender.java:resetClient(131)) - 30c0a845-a217-4f15-8bab-f33012bc7910@group-F40867945940->f16a70e5-fe04-4d06-9179-25c3ad8a94bb-GrpcLogAppender: Leader has not got in touch with Follower 30c0a845-a217-4f15-8bab-f33012bc7910@group-F40867945940->f16a70e5-fe04-4d06-9179-25c3ad8a94bb(c-1,m0,n7, attendVote=true, lastRpcSendTime=1251, lastRpcResponseTime=35812) yet, just keep nextIndex unchanged and retry.
2023-04-15 16:32:27,611 [grpc-default-executor-3] WARN  server.GrpcLogAppender (LogUtils.java:warn(122)) - 30c0a845-a217-4f15-8bab-f33012bc7910@group-F40867945940->f16a70e5-fe04-4d06-9179-25c3ad8a94bb-AppendLogResponseHandler: Failed appendEntries: org.apache.ratis.thirdparty.io.grpc.StatusRuntimeException: UNAVAILABLE: io exception
2023-04-15 16:32:27,611 [grpc-default-executor-3] WARN  server.GrpcLogAppender (GrpcLogAppender.java:resetClient(131)) - 30c0a845-a217-4f15-8bab-f33012bc7910@group-F40867945940->f16a70e5-fe04-4d06-9179-25c3ad8a94bb-GrpcLogAppender: Leader has not got in touch with Follower 30c0a845-a217-4f15-8bab-f33012bc7910@group-F40867945940->f16a70e5-fe04-4d06-9179-25c3ad8a94bb(c-1,m0,n7, attendVote=true, lastRpcSendTime=0, lastRpcResponseTime=35813) yet, just keep nextIndex unchanged and retry.
2023-04-15 16:32:27,613 [grpc-default-executor-5] WARN  server.GrpcLogAppender (LogUtils.java:warn(122)) - 30c0a845-a217-4f15-8bab-f33012bc7910@group-F40867945940->f16a70e5-fe04-4d06-9179-25c3ad8a94bb-AppendLogResponseHandler: Failed appendEntries: org.apache.ratis.thirdparty.io.grpc.StatusRuntimeException: UNAVAILABLE: io exception
2023-04-15 16:32:27,613 [grpc-default-executor-3] WARN  server.GrpcLogAppender (LogUtils.java:warn(122)) - 30c0a845-a217-4f15-8bab-f33012bc7910@group-F40867945940->f16a70e5-fe04-4d06-9179-25c3ad8a94bb-AppendLogResponseHandler: Failed appendEntries: org.apache.ratis.thirdparty.io.grpc.StatusRuntimeException: UNAVAILABLE: io exception
2023-04-15 16:32:27,613 [grpc-default-executor-5] WARN  server.GrpcLogAppender (GrpcLogAppender.java:resetClient(131)) - 30c0a845-a217-4f15-8bab-f33012bc7910@group-F40867945940->f16a70e5-fe04-4d06-9179-25c3ad8a94bb-GrpcLogAppender: Leader has not got in touch with Follower 30c0a845-a217-4f15-8bab-f33012bc7910@group-F40867945940->f16a70e5-fe04-4d06-9179-25c3ad8a94bb(c-1,m0,n7, attendVote=true, lastRpcSendTime=3, lastRpcResponseTime=35816) yet, just keep nextIndex unchanged and retry.
2023-04-15 16:32:27,614 [grpc-default-executor-3] WARN  server.GrpcLogAppender (GrpcLogAppender.java:resetClient(131)) - 30c0a845-a217-4f15-8bab-f33012bc7910@group-F40867945940->f16a70e5-fe04-4d06-9179-25c3ad8a94bb-GrpcLogAppender: Leader has not got in touch with Follower 30c0a845-a217-4f15-8bab-f33012bc7910@group-F40867945940->f16a70e5-fe04-4d06-9179-25c3ad8a94bb(c-1,m0,n7, attendVote=true, lastRpcSendTime=3, lastRpcResponseTime=35816) yet, just keep nextIndex unchanged and retry.
2023-04-15 16:32:27,694 [FixedThreadPoolWithAffinityExecutor-1-0] WARN  container.ContainerReportHandler (AbstractContainerReportHandler.java:updateContainerState(259)) - Container #1 is in OPEN state, but the datanode 0dee40cf-0d5a-47f0-9c10-89273726be1d(fv-az202-370.ngw3kpfb2bguzbtcwuqjmbcvef.gx.internal.cloudapp.net/10.1.0.27) reports an CLOSED replica.
2023-04-15 16:32:27,699 [BlockDeletingService#3] INFO  interfaces.ContainerDeletionChoosingPolicyTemplate (ContainerDeletionChoosingPolicyTemplate.java:chooseContainerForBlockDeletion(83)) - Chosen 0/5000 blocks from 0 candidate containers.
2023-04-15 16:32:27,699 [BlockDeletingService#1] INFO  interfaces.ContainerDeletionChoosingPolicyTemplate (ContainerDeletionChoosingPolicyTemplate.java:chooseContainerForBlockDeletion(83)) - Chosen 0/5000 blocks from 0 candidate containers.
2023-04-15 16:32:27,758 [FixedThreadPoolWithAffinityExecutor-0-0] WARN  container.ContainerReportHandler (AbstractContainerReportHandler.java:updateContainerState(259)) - Container #1 is in OPEN state, but the datanode 30c0a845-a217-4f15-8bab-f33012bc7910(fv-az202-370.ngw3kpfb2bguzbtcwuqjmbcvef.gx.internal.cloudapp.net/10.1.0.27) reports an CLOSED replica.
2023-04-15 16:32:27,800 [BlockDeletingService#3] INFO  interfaces.ContainerDeletionChoosingPolicyTemplate (ContainerDeletionChoosingPolicyTemplate.java:chooseContainerForBlockDeletion(83)) - Chosen 0/5000 blocks from 0 candidate containers.
2023-04-15 16:32:27,800 [BlockDeletingService#1] INFO  interfaces.ContainerDeletionChoosingPolicyTemplate (ContainerDeletionChoosingPolicyTemplate.java:chooseContainerForBlockDeletion(83)) - Chosen 0/5000 blocks from 0 candidate containers.
2023-04-15 16:32:27,894 [FixedThreadPoolWithAffinityExecutor-1-0] WARN  container.ContainerReportHandler (AbstractContainerReportHandler.java:updateContainerState(259)) - Container #1 is in OPEN state, but the datanode 0dee40cf-0d5a-47f0-9c10-89273726be1d(fv-az202-370.ngw3kpfb2bguzbtcwuqjmbcvef.gx.internal.cloudapp.net/10.1.0.27) reports an CLOSED replica.
2023-04-15 16:32:27,900 [BlockDeletingService#3] INFO  interfaces.ContainerDeletionChoosingPolicyTemplate (ContainerDeletionChoosingPolicyTemplate.java:chooseContainerForBlockDeletion(83)) - Chosen 0/5000 blocks from 0 candidate containers.
2023-04-15 16:32:27,900 [BlockDeletingService#1] INFO  interfaces.ContainerDeletionChoosingPolicyTemplate (ContainerDeletionChoosingPolicyTemplate.java:chooseContainerForBlockDeletion(83)) - Chosen 0/5000 blocks from 0 candidate containers.
2023-04-15 16:32:28,000 [BlockDeletingService#3] INFO  interfaces.ContainerDeletionChoosingPolicyTemplate (ContainerDeletionChoosingPolicyTemplate.java:chooseContainerForBlockDeletion(83)) - Chosen 0/5000 blocks from 0 candidate containers.
2023-04-15 16:32:28,000 [BlockDeletingService#1] INFO  interfaces.ContainerDeletionChoosingPolicyTemplate (ContainerDeletionChoosingPolicyTemplate.java:chooseContainerForBlockDeletion(83)) - Chosen 0/5000 blocks from 0 candidate containers.
2023-04-15 16:32:28,058 [FixedThreadPoolWithAffinityExecutor-0-0] WARN  container.ContainerReportHandler (AbstractContainerReportHandler.java:updateContainerState(259)) - Container #1 is in OPEN state, but the datanode 30c0a845-a217-4f15-8bab-f33012bc7910(fv-az202-370.ngw3kpfb2bguzbtcwuqjmbcvef.gx.internal.cloudapp.net/10.1.0.27) reports an CLOSED replica.
2023-04-15 16:32:28,100 [BlockDeletingService#3] INFO  interfaces.ContainerDeletionChoosingPolicyTemplate (ContainerDeletionChoosingPolicyTemplate.java:chooseContainerForBlockDeletion(83)) - Chosen 0/5000 blocks from 0 candidate containers.
2023-04-15 16:32:28,100 [BlockDeletingService#1] INFO  interfaces.ContainerDeletionChoosingPolicyTemplate (ContainerDeletionChoosingPolicyTemplate.java:chooseContainerForBlockDeletion(83)) - Chosen 0/5000 blocks from 0 candidate containers.
2023-04-15 16:32:28,194 [FixedThreadPoolWithAffinityExecutor-1-0] WARN  container.ContainerReportHandler (AbstractContainerReportHandler.java:updateContainerState(259)) - Container #1 is in OPEN state, but the datanode 0dee40cf-0d5a-47f0-9c10-89273726be1d(fv-az202-370.ngw3kpfb2bguzbtcwuqjmbcvef.gx.internal.cloudapp.net/10.1.0.27) reports an CLOSED replica.
2023-04-15 16:32:28,200 [BlockDeletingService#3] INFO  interfaces.ContainerDeletionChoosingPolicyTemplate (ContainerDeletionChoosingPolicyTemplate.java:chooseContainerForBlockDeletion(83)) - Chosen 0/5000 blocks from 0 candidate containers.
2023-04-15 16:32:28,200 [BlockDeletingService#1] INFO  interfaces.ContainerDeletionChoosingPolicyTemplate (ContainerDeletionChoosingPolicyTemplate.java:chooseContainerForBlockDeletion(83)) - Chosen 0/5000 blocks from 0 candidate containers.
2023-04-15 16:32:28,258 [FixedThreadPoolWithAffinityExecutor-0-0] WARN  container.ContainerReportHandler (AbstractContainerReportHandler.java:updateContainerState(259)) - Container #1 is in OPEN state, but the datanode 30c0a845-a217-4f15-8bab-f33012bc7910(fv-az202-370.ngw3kpfb2bguzbtcwuqjmbcvef.gx.internal.cloudapp.net/10.1.0.27) reports an CLOSED replica.
2023-04-15 16:32:28,300 [BlockDeletingService#3] INFO  interfaces.ContainerDeletionChoosingPolicyTemplate (ContainerDeletionChoosingPolicyTemplate.java:chooseContainerForBlockDeletion(83)) - Chosen 0/5000 blocks from 0 candidate containers.
2023-04-15 16:32:28,301 [BlockDeletingService#1] INFO  interfaces.ContainerDeletionChoosingPolicyTemplate (ContainerDeletionChoosingPolicyTemplate.java:chooseContainerForBlockDeletion(83)) - Chosen 0/5000 blocks from 0 candidate containers.
2023-04-15 16:32:28,401 [BlockDeletingService#3] INFO  interfaces.ContainerDeletionChoosingPolicyTemplate (ContainerDeletionChoosingPolicyTemplate.java:chooseContainerForBlockDeletion(83)) - Chosen 0/5000 blocks from 0 candidate containers.
2023-04-15 16:32:28,401 [BlockDeletingService#1] INFO  interfaces.ContainerDeletionChoosingPolicyTemplate (ContainerDeletionChoosingPolicyTemplate.java:chooseContainerForBlockDeletion(83)) - Chosen 0/5000 blocks from 0 candidate containers.
2023-04-15 16:32:28,495 [FixedThreadPoolWithAffinityExecutor-1-0] WARN  container.ContainerReportHandler (AbstractContainerReportHandler.java:updateContainerState(259)) - Container #1 is in OPEN state, but the datanode 0dee40cf-0d5a-47f0-9c10-89273726be1d(fv-az202-370.ngw3kpfb2bguzbtcwuqjmbcvef.gx.internal.cloudapp.net/10.1.0.27) reports an CLOSED replica.
2023-04-15 16:32:28,501 [BlockDeletingService#3] INFO  interfaces.ContainerDeletionChoosingPolicyTemplate (ContainerDeletionChoosingPolicyTemplate.java:chooseContainerForBlockDeletion(83)) - Chosen 0/5000 blocks from 0 candidate containers.
2023-04-15 16:32:28,501 [BlockDeletingService#1] INFO  interfaces.ContainerDeletionChoosingPolicyTemplate (ContainerDeletionChoosingPolicyTemplate.java:chooseContainerForBlockDeletion(83)) - Chosen 0/5000 blocks from 0 candidate containers.
2023-04-15 16:32:28,558 [FixedThreadPoolWithAffinityExecutor-0-0] WARN  container.ContainerReportHandler (AbstractContainerReportHandler.java:updateContainerState(259)) - Container #1 is in OPEN state, but the datanode 30c0a845-a217-4f15-8bab-f33012bc7910(fv-az202-370.ngw3kpfb2bguzbtcwuqjmbcvef.gx.internal.cloudapp.net/10.1.0.27) reports an CLOSED replica.
2023-04-15 16:32:28,601 [BlockDeletingService#3] INFO  interfaces.ContainerDeletionChoosingPolicyTemplate (ContainerDeletionChoosingPolicyTemplate.java:chooseContainerForBlockDeletion(83)) - Chosen 0/5000 blocks from 0 candidate containers.
2023-04-15 16:32:28,601 [BlockDeletingService#1] INFO  interfaces.ContainerDeletionChoosingPolicyTemplate (ContainerDeletionChoosingPolicyTemplate.java:chooseContainerForBlockDeletion(83)) - Chosen 0/5000 blocks from 0 candidate containers.
2023-04-15 16:32:28,701 [BlockDeletingService#1] INFO  interfaces.ContainerDeletionChoosingPolicyTemplate (ContainerDeletionChoosingPolicyTemplate.java:chooseContainerForBlockDeletion(83)) - Chosen 0/5000 blocks from 0 candidate containers.
2023-04-15 16:32:28,701 [BlockDeletingService#3] INFO  interfaces.ContainerDeletionChoosingPolicyTemplate (ContainerDeletionChoosingPolicyTemplate.java:chooseContainerForBlockDeletion(83)) - Chosen 0/5000 blocks from 0 candidate containers.
2023-04-15 16:32:28,795 [FixedThreadPoolWithAffinityExecutor-1-0] WARN  container.ContainerReportHandler (AbstractContainerReportHandler.java:updateContainerState(259)) - Container #1 is in OPEN state, but the datanode 0dee40cf-0d5a-47f0-9c10-89273726be1d(fv-az202-370.ngw3kpfb2bguzbtcwuqjmbcvef.gx.internal.cloudapp.net/10.1.0.27) reports an CLOSED replica.
2023-04-15 16:32:28,802 [BlockDeletingService#1] INFO  interfaces.ContainerDeletionChoosingPolicyTemplate (ContainerDeletionChoosingPolicyTemplate.java:chooseContainerForBlockDeletion(83)) - Chosen 0/5000 blocks from 0 candidate containers.
2023-04-15 16:32:28,804 [BlockDeletingService#3] INFO  interfaces.ContainerDeletionChoosingPolicyTemplate (ContainerDeletionChoosingPolicyTemplate.java:chooseContainerForBlockDeletion(83)) - Chosen 0/5000 blocks from 0 candidate containers.
2023-04-15 16:32:28,859 [FixedThreadPoolWithAffinityExecutor-0-0] WARN  container.ContainerReportHandler (AbstractContainerReportHandler.java:updateContainerState(259)) - Container #1 is in OPEN state, but the datanode 30c0a845-a217-4f15-8bab-f33012bc7910(fv-az202-370.ngw3kpfb2bguzbtcwuqjmbcvef.gx.internal.cloudapp.net/10.1.0.27) reports an CLOSED replica.
2023-04-15 16:32:28,861 [grpc-default-executor-3] WARN  server.GrpcLogAppender (LogUtils.java:warn(122)) - 30c0a845-a217-4f15-8bab-f33012bc7910@group-F40867945940->f16a70e5-fe04-4d06-9179-25c3ad8a94bb-AppendLogResponseHandler: Failed appendEntries: org.apache.ratis.thirdparty.io.grpc.StatusRuntimeException: UNAVAILABLE: io exception
2023-04-15 16:32:28,861 [grpc-default-executor-3] WARN  server.GrpcLogAppender (GrpcLogAppender.java:resetClient(131)) - 30c0a845-a217-4f15-8bab-f33012bc7910@group-F40867945940->f16a70e5-fe04-4d06-9179-25c3ad8a94bb-GrpcLogAppender: Leader has not got in touch with Follower 30c0a845-a217-4f15-8bab-f33012bc7910@group-F40867945940->f16a70e5-fe04-4d06-9179-25c3ad8a94bb(c-1,m0,n7, attendVote=true, lastRpcSendTime=0, lastRpcResponseTime=37064) yet, just keep nextIndex unchanged and retry.
2023-04-15 16:32:28,861 [grpc-default-executor-5] WARN  server.GrpcLogAppender (LogUtils.java:warn(122)) - 30c0a845-a217-4f15-8bab-f33012bc7910@group-F40867945940->f16a70e5-fe04-4d06-9179-25c3ad8a94bb-AppendLogResponseHandler: Failed appendEntries: org.apache.ratis.thirdparty.io.grpc.StatusRuntimeException: UNAVAILABLE: io exception
2023-04-15 16:32:28,863 [grpc-default-executor-5] WARN  server.GrpcLogAppender (GrpcLogAppender.java:resetClient(131)) - 30c0a845-a217-4f15-8bab-f33012bc7910@group-F40867945940->f16a70e5-fe04-4d06-9179-25c3ad8a94bb-GrpcLogAppender: Leader has not got in touch with Follower 30c0a845-a217-4f15-8bab-f33012bc7910@group-F40867945940->f16a70e5-fe04-4d06-9179-25c3ad8a94bb(c-1,m0,n7, attendVote=true, lastRpcSendTime=1, lastRpcResponseTime=37065) yet, just keep nextIndex unchanged and retry.
2023-04-15 16:32:28,902 [BlockDeletingService#1] INFO  interfaces.ContainerDeletionChoosingPolicyTemplate (ContainerDeletionChoosingPolicyTemplate.java:chooseContainerForBlockDeletion(83)) - Chosen 0/5000 blocks from 0 candidate containers.
2023-04-15 16:32:28,904 [BlockDeletingService#3] INFO  interfaces.ContainerDeletionChoosingPolicyTemplate (ContainerDeletionChoosingPolicyTemplate.java:chooseContainerForBlockDeletion(83)) - Chosen 0/5000 blocks from 0 candidate containers.
2023-04-15 16:32:28,995 [FixedThreadPoolWithAffinityExecutor-1-0] WARN  container.ContainerReportHandler (AbstractContainerReportHandler.java:updateContainerState(259)) - Container #1 is in OPEN state, but the datanode 0dee40cf-0d5a-47f0-9c10-89273726be1d(fv-az202-370.ngw3kpfb2bguzbtcwuqjmbcvef.gx.internal.cloudapp.net/10.1.0.27) reports an CLOSED replica.
2023-04-15 16:32:29,002 [BlockDeletingService#1] INFO  interfaces.ContainerDeletionChoosingPolicyTemplate (ContainerDeletionChoosingPolicyTemplate.java:chooseContainerForBlockDeletion(83)) - Chosen 0/5000 blocks from 0 candidate containers.
2023-04-15 16:32:29,004 [BlockDeletingService#3] INFO  interfaces.ContainerDeletionChoosingPolicyTemplate (ContainerDeletionChoosingPolicyTemplate.java:chooseContainerForBlockDeletion(83)) - Chosen 0/5000 blocks from 0 candidate containers.
2023-04-15 16:32:29,059 [FixedThreadPoolWithAffinityExecutor-0-0] WARN  container.ContainerReportHandler (AbstractContainerReportHandler.java:updateContainerState(259)) - Container #1 is in OPEN state, but the datanode 30c0a845-a217-4f15-8bab-f33012bc7910(fv-az202-370.ngw3kpfb2bguzbtcwuqjmbcvef.gx.internal.cloudapp.net/10.1.0.27) reports an CLOSED replica.
2023-04-15 16:32:29,102 [BlockDeletingService#1] INFO  interfaces.ContainerDeletionChoosingPolicyTemplate (ContainerDeletionChoosingPolicyTemplate.java:chooseContainerForBlockDeletion(83)) - Chosen 0/5000 blocks from 0 candidate containers.
2023-04-15 16:32:29,105 [BlockDeletingService#3] INFO  interfaces.ContainerDeletionChoosingPolicyTemplate (ContainerDeletionChoosingPolicyTemplate.java:chooseContainerForBlockDeletion(83)) - Chosen 0/5000 blocks from 0 candidate containers.
2023-04-15 16:32:29,202 [BlockDeletingService#1] INFO  interfaces.ContainerDeletionChoosingPolicyTemplate (ContainerDeletionChoosingPolicyTemplate.java:chooseContainerForBlockDeletion(83)) - Chosen 0/5000 blocks from 0 candidate containers.
2023-04-15 16:32:29,205 [BlockDeletingService#3] INFO  interfaces.ContainerDeletionChoosingPolicyTemplate (ContainerDeletionChoosingPolicyTemplate.java:chooseContainerForBlockDeletion(83)) - Chosen 0/5000 blocks from 0 candidate containers.
2023-04-15 16:32:29,294 [FixedThreadPoolWithAffinityExecutor-1-0] WARN  container.ContainerReportHandler (AbstractContainerReportHandler.java:updateContainerState(259)) - Container #1 is in OPEN state, but the datanode 0dee40cf-0d5a-47f0-9c10-89273726be1d(fv-az202-370.ngw3kpfb2bguzbtcwuqjmbcvef.gx.internal.cloudapp.net/10.1.0.27) reports an CLOSED replica.
2023-04-15 16:32:29,302 [BlockDeletingService#1] INFO  interfaces.ContainerDeletionChoosingPolicyTemplate (ContainerDeletionChoosingPolicyTemplate.java:chooseContainerForBlockDeletion(83)) - Chosen 0/5000 blocks from 0 candidate containers.
2023-04-15 16:32:29,305 [BlockDeletingService#3] INFO  interfaces.ContainerDeletionChoosingPolicyTemplate (ContainerDeletionChoosingPolicyTemplate.java:chooseContainerForBlockDeletion(83)) - Chosen 0/5000 blocks from 0 candidate containers.
2023-04-15 16:32:29,359 [FixedThreadPoolWithAffinityExecutor-0-0] WARN  container.ContainerReportHandler (AbstractContainerReportHandler.java:updateContainerState(259)) - Container #1 is in OPEN state, but the datanode 30c0a845-a217-4f15-8bab-f33012bc7910(fv-az202-370.ngw3kpfb2bguzbtcwuqjmbcvef.gx.internal.cloudapp.net/10.1.0.27) reports an CLOSED replica.
2023-04-15 16:32:29,403 [BlockDeletingService#1] INFO  interfaces.ContainerDeletionChoosingPolicyTemplate (ContainerDeletionChoosingPolicyTemplate.java:chooseContainerForBlockDeletion(83)) - Chosen 0/5000 blocks from 0 candidate containers.
2023-04-15 16:32:29,405 [BlockDeletingService#3] INFO  interfaces.ContainerDeletionChoosingPolicyTemplate (ContainerDeletionChoosingPolicyTemplate.java:chooseContainerForBlockDeletion(83)) - Chosen 0/5000 blocks from 0 candidate containers.
2023-04-15 16:32:29,503 [BlockDeletingService#1] INFO  interfaces.ContainerDeletionChoosingPolicyTemplate (ContainerDeletionChoosingPolicyTemplate.java:chooseContainerForBlockDeletion(83)) - Chosen 0/5000 blocks from 0 candidate containers.
2023-04-15 16:32:29,505 [BlockDeletingService#3] INFO  interfaces.ContainerDeletionChoosingPolicyTemplate (ContainerDeletionChoosingPolicyTemplate.java:chooseContainerForBlockDeletion(83)) - Chosen 0/5000 blocks from 0 candidate containers.
2023-04-15 16:32:29,559 [FixedThreadPoolWithAffinityExecutor-0-0] WARN  container.ContainerReportHandler (AbstractContainerReportHandler.java:updateContainerState(259)) - Container #1 is in OPEN state, but the datanode 30c0a845-a217-4f15-8bab-f33012bc7910(fv-az202-370.ngw3kpfb2bguzbtcwuqjmbcvef.gx.internal.cloudapp.net/10.1.0.27) reports an CLOSED replica.
2023-04-15 16:32:29,595 [FixedThreadPoolWithAffinityExecutor-1-0] WARN  container.ContainerReportHandler (AbstractContainerReportHandler.java:updateContainerState(259)) - Container #1 is in OPEN state, but the datanode 0dee40cf-0d5a-47f0-9c10-89273726be1d(fv-az202-370.ngw3kpfb2bguzbtcwuqjmbcvef.gx.internal.cloudapp.net/10.1.0.27) reports an CLOSED replica.
2023-04-15 16:32:29,603 [BlockDeletingService#1] INFO  interfaces.ContainerDeletionChoosingPolicyTemplate (ContainerDeletionChoosingPolicyTemplate.java:chooseContainerForBlockDeletion(83)) - Chosen 0/5000 blocks from 0 candidate containers.
2023-04-15 16:32:29,605 [BlockDeletingService#3] INFO  interfaces.ContainerDeletionChoosingPolicyTemplate (ContainerDeletionChoosingPolicyTemplate.java:chooseContainerForBlockDeletion(83)) - Chosen 0/5000 blocks from 0 candidate containers.
2023-04-15 16:32:29,703 [BlockDeletingService#1] INFO  interfaces.ContainerDeletionChoosingPolicyTemplate (ContainerDeletionChoosingPolicyTemplate.java:chooseContainerForBlockDeletion(83)) - Chosen 0/5000 blocks from 0 candidate containers.
2023-04-15 16:32:29,705 [BlockDeletingService#3] INFO  interfaces.ContainerDeletionChoosingPolicyTemplate (ContainerDeletionChoosingPolicyTemplate.java:chooseContainerForBlockDeletion(83)) - Chosen 0/5000 blocks from 0 candidate containers.
2023-04-15 16:32:29,796 [FixedThreadPoolWithAffinityExecutor-1-0] WARN  container.ContainerReportHandler (AbstractContainerReportHandler.java:updateContainerState(259)) - Container #1 is in OPEN state, but the datanode 0dee40cf-0d5a-47f0-9c10-89273726be1d(fv-az202-370.ngw3kpfb2bguzbtcwuqjmbcvef.gx.internal.cloudapp.net/10.1.0.27) reports an CLOSED replica.
2023-04-15 16:32:29,803 [BlockDeletingService#1] INFO  interfaces.ContainerDeletionChoosingPolicyTemplate (ContainerDeletionChoosingPolicyTemplate.java:chooseContainerForBlockDeletion(83)) - Chosen 0/5000 blocks from 0 candidate containers.
2023-04-15 16:32:29,805 [BlockDeletingService#3] INFO  interfaces.ContainerDeletionChoosingPolicyTemplate (ContainerDeletionChoosingPolicyTemplate.java:chooseContainerForBlockDeletion(83)) - Chosen 0/5000 blocks from 0 candidate containers.
2023-04-15 16:32:29,860 [FixedThreadPoolWithAffinityExecutor-0-0] WARN  container.ContainerReportHandler (AbstractContainerReportHandler.java:updateContainerState(259)) - Container #1 is in OPEN state, but the datanode 30c0a845-a217-4f15-8bab-f33012bc7910(fv-az202-370.ngw3kpfb2bguzbtcwuqjmbcvef.gx.internal.cloudapp.net/10.1.0.27) reports an CLOSED replica.
2023-04-15 16:32:29,903 [BlockDeletingService#1] INFO  interfaces.ContainerDeletionChoosingPolicyTemplate (ContainerDeletionChoosingPolicyTemplate.java:chooseContainerForBlockDeletion(83)) - Chosen 0/5000 blocks from 0 candidate containers.
2023-04-15 16:32:29,905 [BlockDeletingService#3] INFO  interfaces.ContainerDeletionChoosingPolicyTemplate (ContainerDeletionChoosingPolicyTemplate.java:chooseContainerForBlockDeletion(83)) - Chosen 0/5000 blocks from 0 candidate containers.
2023-04-15 16:32:30,004 [BlockDeletingService#1] INFO  interfaces.ContainerDeletionChoosingPolicyTemplate (ContainerDeletionChoosingPolicyTemplate.java:chooseContainerForBlockDeletion(83)) - Chosen 0/5000 blocks from 0 candidate containers.
2023-04-15 16:32:30,006 [BlockDeletingService#3] INFO  interfaces.ContainerDeletionChoosingPolicyTemplate (ContainerDeletionChoosingPolicyTemplate.java:chooseContainerForBlockDeletion(83)) - Chosen 0/5000 blocks from 0 candidate containers.
2023-04-15 16:32:30,060 [FixedThreadPoolWithAffinityExecutor-0-0] WARN  container.ContainerReportHandler (AbstractContainerReportHandler.java:updateContainerState(259)) - Container #1 is in OPEN state, but the datanode 30c0a845-a217-4f15-8bab-f33012bc7910(fv-az202-370.ngw3kpfb2bguzbtcwuqjmbcvef.gx.internal.cloudapp.net/10.1.0.27) reports an CLOSED replica.
2023-04-15 16:32:30,097 [FixedThreadPoolWithAffinityExecutor-1-0] WARN  container.ContainerReportHandler (AbstractContainerReportHandler.java:updateContainerState(259)) - Container #1 is in OPEN state, but the datanode 0dee40cf-0d5a-47f0-9c10-89273726be1d(fv-az202-370.ngw3kpfb2bguzbtcwuqjmbcvef.gx.internal.cloudapp.net/10.1.0.27) reports an CLOSED replica.
2023-04-15 16:32:30,104 [BlockDeletingService#1] INFO  interfaces.ContainerDeletionChoosingPolicyTemplate (ContainerDeletionChoosingPolicyTemplate.java:chooseContainerForBlockDeletion(83)) - Chosen 0/5000 blocks from 0 candidate containers.
2023-04-15 16:32:30,106 [BlockDeletingService#3] INFO  interfaces.ContainerDeletionChoosingPolicyTemplate (ContainerDeletionChoosingPolicyTemplate.java:chooseContainerForBlockDeletion(83)) - Chosen 0/5000 blocks from 0 candidate containers.
2023-04-15 16:32:30,111 [grpc-default-executor-5] WARN  server.GrpcLogAppender (LogUtils.java:warn(122)) - 30c0a845-a217-4f15-8bab-f33012bc7910@group-F40867945940->f16a70e5-fe04-4d06-9179-25c3ad8a94bb-AppendLogResponseHandler: Failed appendEntries: org.apache.ratis.thirdparty.io.grpc.StatusRuntimeException: UNAVAILABLE: io exception
2023-04-15 16:32:30,111 [grpc-default-executor-3] WARN  server.GrpcLogAppender (LogUtils.java:warn(122)) - 30c0a845-a217-4f15-8bab-f33012bc7910@group-F40867945940->f16a70e5-fe04-4d06-9179-25c3ad8a94bb-AppendLogResponseHandler: Failed appendEntries: org.apache.ratis.thirdparty.io.grpc.StatusRuntimeException: UNAVAILABLE: io exception
2023-04-15 16:32:30,112 [grpc-default-executor-5] WARN  server.GrpcLogAppender (GrpcLogAppender.java:resetClient(131)) - 30c0a845-a217-4f15-8bab-f33012bc7910@group-F40867945940->f16a70e5-fe04-4d06-9179-25c3ad8a94bb-GrpcLogAppender: Leader has not got in touch with Follower 30c0a845-a217-4f15-8bab-f33012bc7910@group-F40867945940->f16a70e5-fe04-4d06-9179-25c3ad8a94bb(c-1,m0,n7, attendVote=true, lastRpcSendTime=0, lastRpcResponseTime=38314) yet, just keep nextIndex unchanged and retry.
2023-04-15 16:32:30,112 [grpc-default-executor-3] WARN  server.GrpcLogAppender (GrpcLogAppender.java:resetClient(131)) - 30c0a845-a217-4f15-8bab-f33012bc7910@group-F40867945940->f16a70e5-fe04-4d06-9179-25c3ad8a94bb-GrpcLogAppender: Leader has not got in touch with Follower 30c0a845-a217-4f15-8bab-f33012bc7910@group-F40867945940->f16a70e5-fe04-4d06-9179-25c3ad8a94bb(c-1,m0,n7, attendVote=true, lastRpcSendTime=0, lastRpcResponseTime=38314) yet, just keep nextIndex unchanged and retry.
2023-04-15 16:32:30,204 [BlockDeletingService#1] INFO  interfaces.ContainerDeletionChoosingPolicyTemplate (ContainerDeletionChoosingPolicyTemplate.java:chooseContainerForBlockDeletion(83)) - Chosen 0/5000 blocks from 0 candidate containers.
2023-04-15 16:32:30,206 [BlockDeletingService#3] INFO  interfaces.ContainerDeletionChoosingPolicyTemplate (ContainerDeletionChoosingPolicyTemplate.java:chooseContainerForBlockDeletion(83)) - Chosen 0/5000 blocks from 0 candidate containers.
2023-04-15 16:32:30,304 [BlockDeletingService#1] INFO  interfaces.ContainerDeletionChoosingPolicyTemplate (ContainerDeletionChoosingPolicyTemplate.java:chooseContainerForBlockDeletion(83)) - Chosen 0/5000 blocks from 0 candidate containers.
2023-04-15 16:32:30,306 [BlockDeletingService#3] INFO  interfaces.ContainerDeletionChoosingPolicyTemplate (ContainerDeletionChoosingPolicyTemplate.java:chooseContainerForBlockDeletion(83)) - Chosen 0/5000 blocks from 0 candidate containers.
2023-04-15 16:32:30,360 [FixedThreadPoolWithAffinityExecutor-0-0] WARN  container.ContainerReportHandler (AbstractContainerReportHandler.java:updateContainerState(259)) - Container #1 is in OPEN state, but the datanode 30c0a845-a217-4f15-8bab-f33012bc7910(fv-az202-370.ngw3kpfb2bguzbtcwuqjmbcvef.gx.internal.cloudapp.net/10.1.0.27) reports an CLOSED replica.
2023-04-15 16:32:30,397 [FixedThreadPoolWithAffinityExecutor-1-0] WARN  container.ContainerReportHandler (AbstractContainerReportHandler.java:updateContainerState(259)) - Container #1 is in OPEN state, but the datanode 0dee40cf-0d5a-47f0-9c10-89273726be1d(fv-az202-370.ngw3kpfb2bguzbtcwuqjmbcvef.gx.internal.cloudapp.net/10.1.0.27) reports an CLOSED replica.
2023-04-15 16:32:30,404 [BlockDeletingService#1] INFO  interfaces.ContainerDeletionChoosingPolicyTemplate (ContainerDeletionChoosingPolicyTemplate.java:chooseContainerForBlockDeletion(83)) - Chosen 0/5000 blocks from 0 candidate containers.
2023-04-15 16:32:30,406 [BlockDeletingService#3] INFO  interfaces.ContainerDeletionChoosingPolicyTemplate (ContainerDeletionChoosingPolicyTemplate.java:chooseContainerForBlockDeletion(83)) - Chosen 0/5000 blocks from 0 candidate containers.
2023-04-15 16:32:30,504 [BlockDeletingService#1] INFO  interfaces.ContainerDeletionChoosingPolicyTemplate (ContainerDeletionChoosingPolicyTemplate.java:chooseContainerForBlockDeletion(83)) - Chosen 0/5000 blocks from 0 candidate containers.
2023-04-15 16:32:30,506 [BlockDeletingService#3] INFO  interfaces.ContainerDeletionChoosingPolicyTemplate (ContainerDeletionChoosingPolicyTemplate.java:chooseContainerForBlockDeletion(83)) - Chosen 0/5000 blocks from 0 candidate containers.
2023-04-15 16:32:30,605 [BlockDeletingService#1] INFO  interfaces.ContainerDeletionChoosingPolicyTemplate (ContainerDeletionChoosingPolicyTemplate.java:chooseContainerForBlockDeletion(83)) - Chosen 0/5000 blocks from 0 candidate containers.
2023-04-15 16:32:30,606 [BlockDeletingService#3] INFO  interfaces.ContainerDeletionChoosingPolicyTemplate (ContainerDeletionChoosingPolicyTemplate.java:chooseContainerForBlockDeletion(83)) - Chosen 0/5000 blocks from 0 candidate containers.
2023-04-15 16:32:30,660 [FixedThreadPoolWithAffinityExecutor-0-0] WARN  container.ContainerReportHandler (AbstractContainerReportHandler.java:updateContainerState(259)) - Container #1 is in OPEN state, but the datanode 30c0a845-a217-4f15-8bab-f33012bc7910(fv-az202-370.ngw3kpfb2bguzbtcwuqjmbcvef.gx.internal.cloudapp.net/10.1.0.27) reports an CLOSED replica.
2023-04-15 16:32:30,698 [FixedThreadPoolWithAffinityExecutor-1-0] WARN  container.ContainerReportHandler (AbstractContainerReportHandler.java:updateContainerState(259)) - Container #1 is in OPEN state, but the datanode 0dee40cf-0d5a-47f0-9c10-89273726be1d(fv-az202-370.ngw3kpfb2bguzbtcwuqjmbcvef.gx.internal.cloudapp.net/10.1.0.27) reports an CLOSED replica.
2023-04-15 16:32:30,705 [BlockDeletingService#1] INFO  interfaces.ContainerDeletionChoosingPolicyTemplate (ContainerDeletionChoosingPolicyTemplate.java:chooseContainerForBlockDeletion(83)) - Chosen 0/5000 blocks from 0 candidate containers.
2023-04-15 16:32:30,706 [BlockDeletingService#3] INFO  interfaces.ContainerDeletionChoosingPolicyTemplate (ContainerDeletionChoosingPolicyTemplate.java:chooseContainerForBlockDeletion(83)) - Chosen 0/5000 blocks from 0 candidate containers.
2023-04-15 16:32:30,805 [BlockDeletingService#1] INFO  interfaces.ContainerDeletionChoosingPolicyTemplate (ContainerDeletionChoosingPolicyTemplate.java:chooseContainerForBlockDeletion(83)) - Chosen 0/5000 blocks from 0 candidate containers.
2023-04-15 16:32:30,807 [BlockDeletingService#3] INFO  interfaces.ContainerDeletionChoosingPolicyTemplate (ContainerDeletionChoosingPolicyTemplate.java:chooseContainerForBlockDeletion(83)) - Chosen 0/5000 blocks from 0 candidate containers.
2023-04-15 16:32:30,860 [FixedThreadPoolWithAffinityExecutor-0-0] WARN  container.ContainerReportHandler (AbstractContainerReportHandler.java:updateContainerState(259)) - Container #1 is in OPEN state, but the datanode 30c0a845-a217-4f15-8bab-f33012bc7910(fv-az202-370.ngw3kpfb2bguzbtcwuqjmbcvef.gx.internal.cloudapp.net/10.1.0.27) reports an CLOSED replica.
2023-04-15 16:32:30,898 [FixedThreadPoolWithAffinityExecutor-1-0] WARN  container.ContainerReportHandler (AbstractContainerReportHandler.java:updateContainerState(259)) - Container #1 is in OPEN state, but the datanode 0dee40cf-0d5a-47f0-9c10-89273726be1d(fv-az202-370.ngw3kpfb2bguzbtcwuqjmbcvef.gx.internal.cloudapp.net/10.1.0.27) reports an CLOSED replica.
2023-04-15 16:32:30,905 [BlockDeletingService#1] INFO  interfaces.ContainerDeletionChoosingPolicyTemplate (ContainerDeletionChoosingPolicyTemplate.java:chooseContainerForBlockDeletion(83)) - Chosen 0/5000 blocks from 0 candidate containers.
2023-04-15 16:32:30,907 [BlockDeletingService#3] INFO  interfaces.ContainerDeletionChoosingPolicyTemplate (ContainerDeletionChoosingPolicyTemplate.java:chooseContainerForBlockDeletion(83)) - Chosen 0/5000 blocks from 0 candidate containers.
2023-04-15 16:32:31,008 [BlockDeletingService#1] INFO  interfaces.ContainerDeletionChoosingPolicyTemplate (ContainerDeletionChoosingPolicyTemplate.java:chooseContainerForBlockDeletion(83)) - Chosen 0/5000 blocks from 0 candidate containers.
2023-04-15 16:32:31,008 [BlockDeletingService#3] INFO  interfaces.ContainerDeletionChoosingPolicyTemplate (ContainerDeletionChoosingPolicyTemplate.java:chooseContainerForBlockDeletion(83)) - Chosen 0/5000 blocks from 0 candidate containers.
2023-04-15 16:32:31,108 [BlockDeletingService#1] INFO  interfaces.ContainerDeletionChoosingPolicyTemplate (ContainerDeletionChoosingPolicyTemplate.java:chooseContainerForBlockDeletion(83)) - Chosen 0/5000 blocks from 0 candidate containers.
2023-04-15 16:32:31,108 [BlockDeletingService#3] INFO  interfaces.ContainerDeletionChoosingPolicyTemplate (ContainerDeletionChoosingPolicyTemplate.java:chooseContainerForBlockDeletion(83)) - Chosen 0/5000 blocks from 0 candidate containers.
2023-04-15 16:32:31,160 [FixedThreadPoolWithAffinityExecutor-0-0] WARN  container.ContainerReportHandler (AbstractContainerReportHandler.java:updateContainerState(259)) - Container #1 is in OPEN state, but the datanode 30c0a845-a217-4f15-8bab-f33012bc7910(fv-az202-370.ngw3kpfb2bguzbtcwuqjmbcvef.gx.internal.cloudapp.net/10.1.0.27) reports an CLOSED replica.
2023-04-15 16:32:31,199 [FixedThreadPoolWithAffinityExecutor-1-0] WARN  container.ContainerReportHandler (AbstractContainerReportHandler.java:updateContainerState(259)) - Container #1 is in OPEN state, but the datanode 0dee40cf-0d5a-47f0-9c10-89273726be1d(fv-az202-370.ngw3kpfb2bguzbtcwuqjmbcvef.gx.internal.cloudapp.net/10.1.0.27) reports an CLOSED replica.
2023-04-15 16:32:31,208 [BlockDeletingService#1] INFO  interfaces.ContainerDeletionChoosingPolicyTemplate (ContainerDeletionChoosingPolicyTemplate.java:chooseContainerForBlockDeletion(83)) - Chosen 0/5000 blocks from 0 candidate containers.
2023-04-15 16:32:31,208 [BlockDeletingService#3] INFO  interfaces.ContainerDeletionChoosingPolicyTemplate (ContainerDeletionChoosingPolicyTemplate.java:chooseContainerForBlockDeletion(83)) - Chosen 0/5000 blocks from 0 candidate containers.
2023-04-15 16:32:31,308 [BlockDeletingService#1] INFO  interfaces.ContainerDeletionChoosingPolicyTemplate (ContainerDeletionChoosingPolicyTemplate.java:chooseContainerForBlockDeletion(83)) - Chosen 0/5000 blocks from 0 candidate containers.
2023-04-15 16:32:31,309 [BlockDeletingService#3] INFO  interfaces.ContainerDeletionChoosingPolicyTemplate (ContainerDeletionChoosingPolicyTemplate.java:chooseContainerForBlockDeletion(83)) - Chosen 0/5000 blocks from 0 candidate containers.
2023-04-15 16:32:31,360 [FixedThreadPoolWithAffinityExecutor-0-0] WARN  container.ContainerReportHandler (AbstractContainerReportHandler.java:updateContainerState(259)) - Container #1 is in OPEN state, but the datanode 30c0a845-a217-4f15-8bab-f33012bc7910(fv-az202-370.ngw3kpfb2bguzbtcwuqjmbcvef.gx.internal.cloudapp.net/10.1.0.27) reports an CLOSED replica.
2023-04-15 16:32:31,362 [grpc-default-executor-3] WARN  server.GrpcLogAppender (LogUtils.java:warn(122)) - 30c0a845-a217-4f15-8bab-f33012bc7910@group-F40867945940->f16a70e5-fe04-4d06-9179-25c3ad8a94bb-AppendLogResponseHandler: Failed appendEntries: org.apache.ratis.thirdparty.io.grpc.StatusRuntimeException: UNAVAILABLE: io exception
2023-04-15 16:32:31,362 [grpc-default-executor-5] WARN  server.GrpcLogAppender (LogUtils.java:warn(122)) - 30c0a845-a217-4f15-8bab-f33012bc7910@group-F40867945940->f16a70e5-fe04-4d06-9179-25c3ad8a94bb-AppendLogResponseHandler: Failed appendEntries: org.apache.ratis.thirdparty.io.grpc.StatusRuntimeException: UNAVAILABLE: io exception
2023-04-15 16:32:31,362 [grpc-default-executor-3] WARN  server.GrpcLogAppender (GrpcLogAppender.java:resetClient(131)) - 30c0a845-a217-4f15-8bab-f33012bc7910@group-F40867945940->f16a70e5-fe04-4d06-9179-25c3ad8a94bb-GrpcLogAppender: Leader has not got in touch with Follower 30c0a845-a217-4f15-8bab-f33012bc7910@group-F40867945940->f16a70e5-fe04-4d06-9179-25c3ad8a94bb(c-1,m0,n7, attendVote=true, lastRpcSendTime=1251, lastRpcResponseTime=39565) yet, just keep nextIndex unchanged and retry.
2023-04-15 16:32:31,363 [grpc-default-executor-5] WARN  server.GrpcLogAppender (GrpcLogAppender.java:resetClient(131)) - 30c0a845-a217-4f15-8bab-f33012bc7910@group-F40867945940->f16a70e5-fe04-4d06-9179-25c3ad8a94bb-GrpcLogAppender: Leader has not got in touch with Follower 30c0a845-a217-4f15-8bab-f33012bc7910@group-F40867945940->f16a70e5-fe04-4d06-9179-25c3ad8a94bb(c-1,m0,n7, attendVote=true, lastRpcSendTime=1252, lastRpcResponseTime=39566) yet, just keep nextIndex unchanged and retry.
2023-04-15 16:32:31,365 [grpc-default-executor-5] WARN  server.GrpcLogAppender (LogUtils.java:warn(122)) - 30c0a845-a217-4f15-8bab-f33012bc7910@group-F40867945940->f16a70e5-fe04-4d06-9179-25c3ad8a94bb-AppendLogResponseHandler: Failed appendEntries: org.apache.ratis.thirdparty.io.grpc.StatusRuntimeException: UNAVAILABLE: io exception
2023-04-15 16:32:31,365 [grpc-default-executor-3] WARN  server.GrpcLogAppender (LogUtils.java:warn(122)) - 30c0a845-a217-4f15-8bab-f33012bc7910@group-F40867945940->f16a70e5-fe04-4d06-9179-25c3ad8a94bb-AppendLogResponseHandler: Failed appendEntries: org.apache.ratis.thirdparty.io.grpc.StatusRuntimeException: UNAVAILABLE: io exception
2023-04-15 16:32:31,365 [grpc-default-executor-5] WARN  server.GrpcLogAppender (GrpcLogAppender.java:resetClient(131)) - 30c0a845-a217-4f15-8bab-f33012bc7910@group-F40867945940->f16a70e5-fe04-4d06-9179-25c3ad8a94bb-GrpcLogAppender: Leader has not got in touch with Follower 30c0a845-a217-4f15-8bab-f33012bc7910@group-F40867945940->f16a70e5-fe04-4d06-9179-25c3ad8a94bb(c-1,m0,n7, attendVote=true, lastRpcSendTime=1253, lastRpcResponseTime=39567) yet, just keep nextIndex unchanged and retry.
2023-04-15 16:32:31,365 [grpc-default-executor-3] WARN  server.GrpcLogAppender (GrpcLogAppender.java:resetClient(131)) - 30c0a845-a217-4f15-8bab-f33012bc7910@group-F40867945940->f16a70e5-fe04-4d06-9179-25c3ad8a94bb-GrpcLogAppender: Leader has not got in touch with Follower 30c0a845-a217-4f15-8bab-f33012bc7910@group-F40867945940->f16a70e5-fe04-4d06-9179-25c3ad8a94bb(c-1,m0,n7, attendVote=true, lastRpcSendTime=1253, lastRpcResponseTime=39567) yet, just keep nextIndex unchanged and retry.
2023-04-15 16:32:31,367 [grpc-default-executor-3] WARN  server.GrpcLogAppender (LogUtils.java:warn(122)) - 30c0a845-a217-4f15-8bab-f33012bc7910@group-F40867945940->f16a70e5-fe04-4d06-9179-25c3ad8a94bb-AppendLogResponseHandler: Failed appendEntries: org.apache.ratis.thirdparty.io.grpc.StatusRuntimeException: UNAVAILABLE: io exception
2023-04-15 16:32:31,367 [grpc-default-executor-5] WARN  server.GrpcLogAppender (LogUtils.java:warn(122)) - 30c0a845-a217-4f15-8bab-f33012bc7910@group-F40867945940->f16a70e5-fe04-4d06-9179-25c3ad8a94bb-AppendLogResponseHandler: Failed appendEntries: org.apache.ratis.thirdparty.io.grpc.StatusRuntimeException: UNAVAILABLE: io exception
2023-04-15 16:32:31,368 [grpc-default-executor-3] WARN  server.GrpcLogAppender (GrpcLogAppender.java:resetClient(131)) - 30c0a845-a217-4f15-8bab-f33012bc7910@group-F40867945940->f16a70e5-fe04-4d06-9179-25c3ad8a94bb-GrpcLogAppender: Leader has not got in touch with Follower 30c0a845-a217-4f15-8bab-f33012bc7910@group-F40867945940->f16a70e5-fe04-4d06-9179-25c3ad8a94bb(c-1,m0,n7, attendVote=true, lastRpcSendTime=0, lastRpcResponseTime=39570) yet, just keep nextIndex unchanged and retry.
2023-04-15 16:32:31,368 [grpc-default-executor-5] WARN  server.GrpcLogAppender (GrpcLogAppender.java:resetClient(131)) - 30c0a845-a217-4f15-8bab-f33012bc7910@group-F40867945940->f16a70e5-fe04-4d06-9179-25c3ad8a94bb-GrpcLogAppender: Leader has not got in touch with Follower 30c0a845-a217-4f15-8bab-f33012bc7910@group-F40867945940->f16a70e5-fe04-4d06-9179-25c3ad8a94bb(c-1,m0,n7, attendVote=true, lastRpcSendTime=0, lastRpcResponseTime=39570) yet, just keep nextIndex unchanged and retry.
2023-04-15 16:32:31,409 [BlockDeletingService#1] INFO  interfaces.ContainerDeletionChoosingPolicyTemplate (ContainerDeletionChoosingPolicyTemplate.java:chooseContainerForBlockDeletion(83)) - Chosen 0/5000 blocks from 0 candidate containers.
2023-04-15 16:32:31,409 [BlockDeletingService#3] INFO  interfaces.ContainerDeletionChoosingPolicyTemplate (ContainerDeletionChoosingPolicyTemplate.java:chooseContainerForBlockDeletion(83)) - Chosen 0/5000 blocks from 0 candidate containers.
2023-04-15 16:32:31,501 [FixedThreadPoolWithAffinityExecutor-1-0] WARN  container.ContainerReportHandler (AbstractContainerReportHandler.java:updateContainerState(259)) - Container #1 is in OPEN state, but the datanode 0dee40cf-0d5a-47f0-9c10-89273726be1d(fv-az202-370.ngw3kpfb2bguzbtcwuqjmbcvef.gx.internal.cloudapp.net/10.1.0.27) reports an CLOSED replica.
2023-04-15 16:32:31,509 [BlockDeletingService#1] INFO  interfaces.ContainerDeletionChoosingPolicyTemplate (ContainerDeletionChoosingPolicyTemplate.java:chooseContainerForBlockDeletion(83)) - Chosen 0/5000 blocks from 0 candidate containers.
2023-04-15 16:32:31,509 [BlockDeletingService#3] INFO  interfaces.ContainerDeletionChoosingPolicyTemplate (ContainerDeletionChoosingPolicyTemplate.java:chooseContainerForBlockDeletion(83)) - Chosen 0/5000 blocks from 0 candidate containers.
2023-04-15 16:32:31,609 [BlockDeletingService#1] INFO  interfaces.ContainerDeletionChoosingPolicyTemplate (ContainerDeletionChoosingPolicyTemplate.java:chooseContainerForBlockDeletion(83)) - Chosen 0/5000 blocks from 0 candidate containers.
2023-04-15 16:32:31,609 [BlockDeletingService#3] INFO  interfaces.ContainerDeletionChoosingPolicyTemplate (ContainerDeletionChoosingPolicyTemplate.java:chooseContainerForBlockDeletion(83)) - Chosen 0/5000 blocks from 0 candidate containers.
2023-04-15 16:32:31,661 [FixedThreadPoolWithAffinityExecutor-0-0] WARN  container.ContainerReportHandler (AbstractContainerReportHandler.java:updateContainerState(259)) - Container #1 is in OPEN state, but the datanode 30c0a845-a217-4f15-8bab-f33012bc7910(fv-az202-370.ngw3kpfb2bguzbtcwuqjmbcvef.gx.internal.cloudapp.net/10.1.0.27) reports an CLOSED replica.
2023-04-15 16:32:31,709 [BlockDeletingService#1] INFO  interfaces.ContainerDeletionChoosingPolicyTemplate (ContainerDeletionChoosingPolicyTemplate.java:chooseContainerForBlockDeletion(83)) - Chosen 0/5000 blocks from 0 candidate containers.
2023-04-15 16:32:31,709 [BlockDeletingService#3] INFO  interfaces.ContainerDeletionChoosingPolicyTemplate (ContainerDeletionChoosingPolicyTemplate.java:chooseContainerForBlockDeletion(83)) - Chosen 0/5000 blocks from 0 candidate containers.
2023-04-15 16:32:31,800 [FixedThreadPoolWithAffinityExecutor-1-0] WARN  container.ContainerReportHandler (AbstractContainerReportHandler.java:updateContainerState(259)) - Container #1 is in OPEN state, but the datanode 0dee40cf-0d5a-47f0-9c10-89273726be1d(fv-az202-370.ngw3kpfb2bguzbtcwuqjmbcvef.gx.internal.cloudapp.net/10.1.0.27) reports an CLOSED replica.
2023-04-15 16:32:31,809 [BlockDeletingService#1] INFO  interfaces.ContainerDeletionChoosingPolicyTemplate (ContainerDeletionChoosingPolicyTemplate.java:chooseContainerForBlockDeletion(83)) - Chosen 0/5000 blocks from 0 candidate containers.
2023-04-15 16:32:31,809 [BlockDeletingService#3] INFO  interfaces.ContainerDeletionChoosingPolicyTemplate (ContainerDeletionChoosingPolicyTemplate.java:chooseContainerForBlockDeletion(83)) - Chosen 0/5000 blocks from 0 candidate containers.
2023-04-15 16:32:31,861 [FixedThreadPoolWithAffinityExecutor-0-0] WARN  container.ContainerReportHandler (AbstractContainerReportHandler.java:updateContainerState(259)) - Container #1 is in OPEN state, but the datanode 30c0a845-a217-4f15-8bab-f33012bc7910(fv-az202-370.ngw3kpfb2bguzbtcwuqjmbcvef.gx.internal.cloudapp.net/10.1.0.27) reports an CLOSED replica.
2023-04-15 16:32:31,910 [BlockDeletingService#3] INFO  interfaces.ContainerDeletionChoosingPolicyTemplate (ContainerDeletionChoosingPolicyTemplate.java:chooseContainerForBlockDeletion(83)) - Chosen 0/5000 blocks from 0 candidate containers.
2023-04-15 16:32:31,910 [BlockDeletingService#1] INFO  interfaces.ContainerDeletionChoosingPolicyTemplate (ContainerDeletionChoosingPolicyTemplate.java:chooseContainerForBlockDeletion(83)) - Chosen 0/5000 blocks from 0 candidate containers.
2023-04-15 16:32:32,001 [FixedThreadPoolWithAffinityExecutor-1-0] WARN  container.ContainerReportHandler (AbstractContainerReportHandler.java:updateContainerState(259)) - Container #1 is in OPEN state, but the datanode 0dee40cf-0d5a-47f0-9c10-89273726be1d(fv-az202-370.ngw3kpfb2bguzbtcwuqjmbcvef.gx.internal.cloudapp.net/10.1.0.27) reports an CLOSED replica.
2023-04-15 16:32:32,010 [BlockDeletingService#3] INFO  interfaces.ContainerDeletionChoosingPolicyTemplate (ContainerDeletionChoosingPolicyTemplate.java:chooseContainerForBlockDeletion(83)) - Chosen 0/5000 blocks from 0 candidate containers.
2023-04-15 16:32:32,010 [BlockDeletingService#1] INFO  interfaces.ContainerDeletionChoosingPolicyTemplate (ContainerDeletionChoosingPolicyTemplate.java:chooseContainerForBlockDeletion(83)) - Chosen 0/5000 blocks from 0 candidate containers.
2023-04-15 16:32:32,110 [BlockDeletingService#3] INFO  interfaces.ContainerDeletionChoosingPolicyTemplate (ContainerDeletionChoosingPolicyTemplate.java:chooseContainerForBlockDeletion(83)) - Chosen 0/5000 blocks from 0 candidate containers.
2023-04-15 16:32:32,110 [BlockDeletingService#1] INFO  interfaces.ContainerDeletionChoosingPolicyTemplate (ContainerDeletionChoosingPolicyTemplate.java:chooseContainerForBlockDeletion(83)) - Chosen 0/5000 blocks from 0 candidate containers.
2023-04-15 16:32:32,162 [FixedThreadPoolWithAffinityExecutor-0-0] WARN  container.ContainerReportHandler (AbstractContainerReportHandler.java:updateContainerState(259)) - Container #1 is in OPEN state, but the datanode 30c0a845-a217-4f15-8bab-f33012bc7910(fv-az202-370.ngw3kpfb2bguzbtcwuqjmbcvef.gx.internal.cloudapp.net/10.1.0.27) reports an CLOSED replica.
2023-04-15 16:32:32,211 [BlockDeletingService#1] INFO  interfaces.ContainerDeletionChoosingPolicyTemplate (ContainerDeletionChoosingPolicyTemplate.java:chooseContainerForBlockDeletion(83)) - Chosen 0/5000 blocks from 0 candidate containers.
2023-04-15 16:32:32,211 [BlockDeletingService#3] INFO  interfaces.ContainerDeletionChoosingPolicyTemplate (ContainerDeletionChoosingPolicyTemplate.java:chooseContainerForBlockDeletion(83)) - Chosen 0/5000 blocks from 0 candidate containers.
2023-04-15 16:32:32,301 [FixedThreadPoolWithAffinityExecutor-1-0] WARN  container.ContainerReportHandler (AbstractContainerReportHandler.java:updateContainerState(259)) - Container #1 is in OPEN state, but the datanode 0dee40cf-0d5a-47f0-9c10-89273726be1d(fv-az202-370.ngw3kpfb2bguzbtcwuqjmbcvef.gx.internal.cloudapp.net/10.1.0.27) reports an CLOSED replica.
2023-04-15 16:32:32,311 [BlockDeletingService#1] INFO  interfaces.ContainerDeletionChoosingPolicyTemplate (ContainerDeletionChoosingPolicyTemplate.java:chooseContainerForBlockDeletion(83)) - Chosen 0/5000 blocks from 0 candidate containers.
2023-04-15 16:32:32,311 [BlockDeletingService#3] INFO  interfaces.ContainerDeletionChoosingPolicyTemplate (ContainerDeletionChoosingPolicyTemplate.java:chooseContainerForBlockDeletion(83)) - Chosen 0/5000 blocks from 0 candidate containers.
2023-04-15 16:32:32,362 [FixedThreadPoolWithAffinityExecutor-0-0] WARN  container.ContainerReportHandler (AbstractContainerReportHandler.java:updateContainerState(259)) - Container #1 is in OPEN state, but the datanode 30c0a845-a217-4f15-8bab-f33012bc7910(fv-az202-370.ngw3kpfb2bguzbtcwuqjmbcvef.gx.internal.cloudapp.net/10.1.0.27) reports an CLOSED replica.
2023-04-15 16:32:32,411 [BlockDeletingService#1] INFO  interfaces.ContainerDeletionChoosingPolicyTemplate (ContainerDeletionChoosingPolicyTemplate.java:chooseContainerForBlockDeletion(83)) - Chosen 0/5000 blocks from 0 candidate containers.
2023-04-15 16:32:32,411 [BlockDeletingService#3] INFO  interfaces.ContainerDeletionChoosingPolicyTemplate (ContainerDeletionChoosingPolicyTemplate.java:chooseContainerForBlockDeletion(83)) - Chosen 0/5000 blocks from 0 candidate containers.
2023-04-15 16:32:32,511 [BlockDeletingService#1] INFO  interfaces.ContainerDeletionChoosingPolicyTemplate (ContainerDeletionChoosingPolicyTemplate.java:chooseContainerForBlockDeletion(83)) - Chosen 0/5000 blocks from 0 candidate containers.
2023-04-15 16:32:32,511 [BlockDeletingService#3] INFO  interfaces.ContainerDeletionChoosingPolicyTemplate (ContainerDeletionChoosingPolicyTemplate.java:chooseContainerForBlockDeletion(83)) - Chosen 0/5000 blocks from 0 candidate containers.
2023-04-15 16:32:32,602 [FixedThreadPoolWithAffinityExecutor-1-0] WARN  container.ContainerReportHandler (AbstractContainerReportHandler.java:updateContainerState(259)) - Container #1 is in OPEN state, but the datanode 0dee40cf-0d5a-47f0-9c10-89273726be1d(fv-az202-370.ngw3kpfb2bguzbtcwuqjmbcvef.gx.internal.cloudapp.net/10.1.0.27) reports an CLOSED replica.
2023-04-15 16:32:32,611 [BlockDeletingService#1] INFO  interfaces.ContainerDeletionChoosingPolicyTemplate (ContainerDeletionChoosingPolicyTemplate.java:chooseContainerForBlockDeletion(83)) - Chosen 0/5000 blocks from 0 candidate containers.
2023-04-15 16:32:32,611 [BlockDeletingService#3] INFO  interfaces.ContainerDeletionChoosingPolicyTemplate (ContainerDeletionChoosingPolicyTemplate.java:chooseContainerForBlockDeletion(83)) - Chosen 0/5000 blocks from 0 candidate containers.
2023-04-15 16:32:32,618 [grpc-default-executor-5] WARN  server.GrpcLogAppender (LogUtils.java:warn(122)) - 30c0a845-a217-4f15-8bab-f33012bc7910@group-F40867945940->f16a70e5-fe04-4d06-9179-25c3ad8a94bb-AppendLogResponseHandler: Failed appendEntries: org.apache.ratis.thirdparty.io.grpc.StatusRuntimeException: UNAVAILABLE: io exception
2023-04-15 16:32:32,618 [grpc-default-executor-3] WARN  server.GrpcLogAppender (LogUtils.java:warn(122)) - 30c0a845-a217-4f15-8bab-f33012bc7910@group-F40867945940->f16a70e5-fe04-4d06-9179-25c3ad8a94bb-AppendLogResponseHandler: Failed appendEntries: org.apache.ratis.thirdparty.io.grpc.StatusRuntimeException: UNAVAILABLE: io exception
2023-04-15 16:32:32,619 [grpc-default-executor-5] WARN  server.GrpcLogAppender (GrpcLogAppender.java:resetClient(131)) - 30c0a845-a217-4f15-8bab-f33012bc7910@group-F40867945940->f16a70e5-fe04-4d06-9179-25c3ad8a94bb-GrpcLogAppender: Leader has not got in touch with Follower 30c0a845-a217-4f15-8bab-f33012bc7910@group-F40867945940->f16a70e5-fe04-4d06-9179-25c3ad8a94bb(c-1,m0,n7, attendVote=true, lastRpcSendTime=0, lastRpcResponseTime=40821) yet, just keep nextIndex unchanged and retry.
2023-04-15 16:32:32,619 [grpc-default-executor-3] WARN  server.GrpcLogAppender (GrpcLogAppender.java:resetClient(131)) - 30c0a845-a217-4f15-8bab-f33012bc7910@group-F40867945940->f16a70e5-fe04-4d06-9179-25c3ad8a94bb-GrpcLogAppender: Leader has not got in touch with Follower 30c0a845-a217-4f15-8bab-f33012bc7910@group-F40867945940->f16a70e5-fe04-4d06-9179-25c3ad8a94bb(c-1,m0,n7, attendVote=true, lastRpcSendTime=0, lastRpcResponseTime=40821) yet, just keep nextIndex unchanged and retry.
2023-04-15 16:32:32,662 [FixedThreadPoolWithAffinityExecutor-0-0] WARN  container.ContainerReportHandler (AbstractContainerReportHandler.java:updateContainerState(259)) - Container #1 is in OPEN state, but the datanode 30c0a845-a217-4f15-8bab-f33012bc7910(fv-az202-370.ngw3kpfb2bguzbtcwuqjmbcvef.gx.internal.cloudapp.net/10.1.0.27) reports an CLOSED replica.
2023-04-15 16:32:32,711 [BlockDeletingService#1] INFO  interfaces.ContainerDeletionChoosingPolicyTemplate (ContainerDeletionChoosingPolicyTemplate.java:chooseContainerForBlockDeletion(83)) - Chosen 0/5000 blocks from 0 candidate containers.
2023-04-15 16:32:32,712 [BlockDeletingService#3] INFO  interfaces.ContainerDeletionChoosingPolicyTemplate (ContainerDeletionChoosingPolicyTemplate.java:chooseContainerForBlockDeletion(83)) - Chosen 0/5000 blocks from 0 candidate containers.
2023-04-15 16:32:32,812 [BlockDeletingService#1] INFO  interfaces.ContainerDeletionChoosingPolicyTemplate (ContainerDeletionChoosingPolicyTemplate.java:chooseContainerForBlockDeletion(83)) - Chosen 0/5000 blocks from 0 candidate containers.
2023-04-15 16:32:32,812 [BlockDeletingService#3] INFO  interfaces.ContainerDeletionChoosingPolicyTemplate (ContainerDeletionChoosingPolicyTemplate.java:chooseContainerForBlockDeletion(83)) - Chosen 0/5000 blocks from 0 candidate containers.
2023-04-15 16:32:32,902 [FixedThreadPoolWithAffinityExecutor-1-0] WARN  container.ContainerReportHandler (AbstractContainerReportHandler.java:updateContainerState(259)) - Container #1 is in OPEN state, but the datanode 0dee40cf-0d5a-47f0-9c10-89273726be1d(fv-az202-370.ngw3kpfb2bguzbtcwuqjmbcvef.gx.internal.cloudapp.net/10.1.0.27) reports an CLOSED replica.
2023-04-15 16:32:32,912 [BlockDeletingService#1] INFO  interfaces.ContainerDeletionChoosingPolicyTemplate (ContainerDeletionChoosingPolicyTemplate.java:chooseContainerForBlockDeletion(83)) - Chosen 0/5000 blocks from 0 candidate containers.
2023-04-15 16:32:32,912 [BlockDeletingService#3] INFO  interfaces.ContainerDeletionChoosingPolicyTemplate (ContainerDeletionChoosingPolicyTemplate.java:chooseContainerForBlockDeletion(83)) - Chosen 0/5000 blocks from 0 candidate containers.
2023-04-15 16:32:32,962 [FixedThreadPoolWithAffinityExecutor-0-0] WARN  container.ContainerReportHandler (AbstractContainerReportHandler.java:updateContainerState(259)) - Container #1 is in OPEN state, but the datanode 30c0a845-a217-4f15-8bab-f33012bc7910(fv-az202-370.ngw3kpfb2bguzbtcwuqjmbcvef.gx.internal.cloudapp.net/10.1.0.27) reports an CLOSED replica.
2023-04-15 16:32:33,012 [BlockDeletingService#1] INFO  interfaces.ContainerDeletionChoosingPolicyTemplate (ContainerDeletionChoosingPolicyTemplate.java:chooseContainerForBlockDeletion(83)) - Chosen 0/5000 blocks from 0 candidate containers.
2023-04-15 16:32:33,012 [BlockDeletingService#3] INFO  interfaces.ContainerDeletionChoosingPolicyTemplate (ContainerDeletionChoosingPolicyTemplate.java:chooseContainerForBlockDeletion(83)) - Chosen 0/5000 blocks from 0 candidate containers.
2023-04-15 16:32:33,102 [FixedThreadPoolWithAffinityExecutor-1-0] WARN  container.ContainerReportHandler (AbstractContainerReportHandler.java:updateContainerState(259)) - Container #1 is in OPEN state, but the datanode 0dee40cf-0d5a-47f0-9c10-89273726be1d(fv-az202-370.ngw3kpfb2bguzbtcwuqjmbcvef.gx.internal.cloudapp.net/10.1.0.27) reports an CLOSED replica.
2023-04-15 16:32:33,112 [BlockDeletingService#1] INFO  interfaces.ContainerDeletionChoosingPolicyTemplate (ContainerDeletionChoosingPolicyTemplate.java:chooseContainerForBlockDeletion(83)) - Chosen 0/5000 blocks from 0 candidate containers.
2023-04-15 16:32:33,112 [BlockDeletingService#3] INFO  interfaces.ContainerDeletionChoosingPolicyTemplate (ContainerDeletionChoosingPolicyTemplate.java:chooseContainerForBlockDeletion(83)) - Chosen 0/5000 blocks from 0 candidate containers.
2023-04-15 16:32:33,162 [FixedThreadPoolWithAffinityExecutor-0-0] WARN  container.ContainerReportHandler (AbstractContainerReportHandler.java:updateContainerState(259)) - Container #1 is in OPEN state, but the datanode 30c0a845-a217-4f15-8bab-f33012bc7910(fv-az202-370.ngw3kpfb2bguzbtcwuqjmbcvef.gx.internal.cloudapp.net/10.1.0.27) reports an CLOSED replica.
2023-04-15 16:32:33,212 [BlockDeletingService#1] INFO  interfaces.ContainerDeletionChoosingPolicyTemplate (ContainerDeletionChoosingPolicyTemplate.java:chooseContainerForBlockDeletion(83)) - Chosen 0/5000 blocks from 0 candidate containers.
2023-04-15 16:32:33,212 [BlockDeletingService#3] INFO  interfaces.ContainerDeletionChoosingPolicyTemplate (ContainerDeletionChoosingPolicyTemplate.java:chooseContainerForBlockDeletion(83)) - Chosen 0/5000 blocks from 0 candidate containers.
2023-04-15 16:32:33,313 [BlockDeletingService#1] INFO  interfaces.ContainerDeletionChoosingPolicyTemplate (ContainerDeletionChoosingPolicyTemplate.java:chooseContainerForBlockDeletion(83)) - Chosen 0/5000 blocks from 0 candidate containers.
2023-04-15 16:32:33,313 [BlockDeletingService#3] INFO  interfaces.ContainerDeletionChoosingPolicyTemplate (ContainerDeletionChoosingPolicyTemplate.java:chooseContainerForBlockDeletion(83)) - Chosen 0/5000 blocks from 0 candidate containers.
2023-04-15 16:32:33,402 [FixedThreadPoolWithAffinityExecutor-1-0] WARN  container.ContainerReportHandler (AbstractContainerReportHandler.java:updateContainerState(259)) - Container #1 is in OPEN state, but the datanode 0dee40cf-0d5a-47f0-9c10-89273726be1d(fv-az202-370.ngw3kpfb2bguzbtcwuqjmbcvef.gx.internal.cloudapp.net/10.1.0.27) reports an CLOSED replica.
2023-04-15 16:32:33,413 [BlockDeletingService#1] INFO  interfaces.ContainerDeletionChoosingPolicyTemplate (ContainerDeletionChoosingPolicyTemplate.java:chooseContainerForBlockDeletion(83)) - Chosen 0/5000 blocks from 0 candidate containers.
2023-04-15 16:32:33,413 [BlockDeletingService#3] INFO  interfaces.ContainerDeletionChoosingPolicyTemplate (ContainerDeletionChoosingPolicyTemplate.java:chooseContainerForBlockDeletion(83)) - Chosen 0/5000 blocks from 0 candidate containers.
2023-04-15 16:32:33,462 [FixedThreadPoolWithAffinityExecutor-0-0] WARN  container.ContainerReportHandler (AbstractContainerReportHandler.java:updateContainerState(259)) - Container #1 is in OPEN state, but the datanode 30c0a845-a217-4f15-8bab-f33012bc7910(fv-az202-370.ngw3kpfb2bguzbtcwuqjmbcvef.gx.internal.cloudapp.net/10.1.0.27) reports an CLOSED replica.
2023-04-15 16:32:33,513 [BlockDeletingService#1] INFO  interfaces.ContainerDeletionChoosingPolicyTemplate (ContainerDeletionChoosingPolicyTemplate.java:chooseContainerForBlockDeletion(83)) - Chosen 0/5000 blocks from 0 candidate containers.
2023-04-15 16:32:33,513 [BlockDeletingService#3] INFO  interfaces.ContainerDeletionChoosingPolicyTemplate (ContainerDeletionChoosingPolicyTemplate.java:chooseContainerForBlockDeletion(83)) - Chosen 0/5000 blocks from 0 candidate containers.
2023-04-15 16:32:33,613 [BlockDeletingService#1] INFO  interfaces.ContainerDeletionChoosingPolicyTemplate (ContainerDeletionChoosingPolicyTemplate.java:chooseContainerForBlockDeletion(83)) - Chosen 0/5000 blocks from 0 candidate containers.
2023-04-15 16:32:33,613 [BlockDeletingService#3] INFO  interfaces.ContainerDeletionChoosingPolicyTemplate (ContainerDeletionChoosingPolicyTemplate.java:chooseContainerForBlockDeletion(83)) - Chosen 0/5000 blocks from 0 candidate containers.
2023-04-15 16:32:33,662 [FixedThreadPoolWithAffinityExecutor-0-0] WARN  container.ContainerReportHandler (AbstractContainerReportHandler.java:updateContainerState(259)) - Container #1 is in OPEN state, but the datanode 30c0a845-a217-4f15-8bab-f33012bc7910(fv-az202-370.ngw3kpfb2bguzbtcwuqjmbcvef.gx.internal.cloudapp.net/10.1.0.27) reports an CLOSED replica.
2023-04-15 16:32:33,706 [FixedThreadPoolWithAffinityExecutor-1-0] WARN  container.ContainerReportHandler (AbstractContainerReportHandler.java:updateContainerState(259)) - Container #1 is in OPEN state, but the datanode 0dee40cf-0d5a-47f0-9c10-89273726be1d(fv-az202-370.ngw3kpfb2bguzbtcwuqjmbcvef.gx.internal.cloudapp.net/10.1.0.27) reports an CLOSED replica.
2023-04-15 16:32:33,713 [BlockDeletingService#1] INFO  interfaces.ContainerDeletionChoosingPolicyTemplate (ContainerDeletionChoosingPolicyTemplate.java:chooseContainerForBlockDeletion(83)) - Chosen 0/5000 blocks from 0 candidate containers.
2023-04-15 16:32:33,713 [BlockDeletingService#3] INFO  interfaces.ContainerDeletionChoosingPolicyTemplate (ContainerDeletionChoosingPolicyTemplate.java:chooseContainerForBlockDeletion(83)) - Chosen 0/5000 blocks from 0 candidate containers.
2023-04-15 16:32:33,813 [BlockDeletingService#1] INFO  interfaces.ContainerDeletionChoosingPolicyTemplate (ContainerDeletionChoosingPolicyTemplate.java:chooseContainerForBlockDeletion(83)) - Chosen 0/5000 blocks from 0 candidate containers.
2023-04-15 16:32:33,814 [BlockDeletingService#3] INFO  interfaces.ContainerDeletionChoosingPolicyTemplate (ContainerDeletionChoosingPolicyTemplate.java:chooseContainerForBlockDeletion(83)) - Chosen 0/5000 blocks from 0 candidate containers.
2023-04-15 16:32:33,868 [grpc-default-executor-3] WARN  server.GrpcLogAppender (LogUtils.java:warn(122)) - 30c0a845-a217-4f15-8bab-f33012bc7910@group-F40867945940->f16a70e5-fe04-4d06-9179-25c3ad8a94bb-AppendLogResponseHandler: Failed appendEntries: org.apache.ratis.thirdparty.io.grpc.StatusRuntimeException: UNAVAILABLE: io exception
2023-04-15 16:32:33,869 [grpc-default-executor-3] WARN  server.GrpcLogAppender (GrpcLogAppender.java:resetClient(131)) - 30c0a845-a217-4f15-8bab-f33012bc7910@group-F40867945940->f16a70e5-fe04-4d06-9179-25c3ad8a94bb-GrpcLogAppender: Leader has not got in touch with Follower 30c0a845-a217-4f15-8bab-f33012bc7910@group-F40867945940->f16a70e5-fe04-4d06-9179-25c3ad8a94bb(c-1,m0,n7, attendVote=true, lastRpcSendTime=0, lastRpcResponseTime=42071) yet, just keep nextIndex unchanged and retry.
2023-04-15 16:32:33,869 [grpc-default-executor-5] WARN  server.GrpcLogAppender (LogUtils.java:warn(122)) - 30c0a845-a217-4f15-8bab-f33012bc7910@group-F40867945940->f16a70e5-fe04-4d06-9179-25c3ad8a94bb-AppendLogResponseHandler: Failed appendEntries: org.apache.ratis.thirdparty.io.grpc.StatusRuntimeException: UNAVAILABLE: io exception
2023-04-15 16:32:33,870 [grpc-default-executor-5] WARN  server.GrpcLogAppender (GrpcLogAppender.java:resetClient(131)) - 30c0a845-a217-4f15-8bab-f33012bc7910@group-F40867945940->f16a70e5-fe04-4d06-9179-25c3ad8a94bb-GrpcLogAppender: Leader has not got in touch with Follower 30c0a845-a217-4f15-8bab-f33012bc7910@group-F40867945940->f16a70e5-fe04-4d06-9179-25c3ad8a94bb(c-1,m0,n7, attendVote=true, lastRpcSendTime=1, lastRpcResponseTime=42072) yet, just keep nextIndex unchanged and retry.
2023-04-15 16:32:33,903 [FixedThreadPoolWithAffinityExecutor-1-0] WARN  container.ContainerReportHandler (AbstractContainerReportHandler.java:updateContainerState(259)) - Container #1 is in OPEN state, but the datanode 0dee40cf-0d5a-47f0-9c10-89273726be1d(fv-az202-370.ngw3kpfb2bguzbtcwuqjmbcvef.gx.internal.cloudapp.net/10.1.0.27) reports an CLOSED replica.
2023-04-15 16:32:33,914 [BlockDeletingService#1] INFO  interfaces.ContainerDeletionChoosingPolicyTemplate (ContainerDeletionChoosingPolicyTemplate.java:chooseContainerForBlockDeletion(83)) - Chosen 0/5000 blocks from 0 candidate containers.
2023-04-15 16:32:33,914 [BlockDeletingService#3] INFO  interfaces.ContainerDeletionChoosingPolicyTemplate (ContainerDeletionChoosingPolicyTemplate.java:chooseContainerForBlockDeletion(83)) - Chosen 0/5000 blocks from 0 candidate containers.
2023-04-15 16:32:33,962 [FixedThreadPoolWithAffinityExecutor-0-0] WARN  container.ContainerReportHandler (AbstractContainerReportHandler.java:updateContainerState(259)) - Container #1 is in OPEN state, but the datanode 30c0a845-a217-4f15-8bab-f33012bc7910(fv-az202-370.ngw3kpfb2bguzbtcwuqjmbcvef.gx.internal.cloudapp.net/10.1.0.27) reports an CLOSED replica.
2023-04-15 16:32:34,014 [BlockDeletingService#3] INFO  interfaces.ContainerDeletionChoosingPolicyTemplate (ContainerDeletionChoosingPolicyTemplate.java:chooseContainerForBlockDeletion(83)) - Chosen 0/5000 blocks from 0 candidate containers.
2023-04-15 16:32:34,014 [BlockDeletingService#1] INFO  interfaces.ContainerDeletionChoosingPolicyTemplate (ContainerDeletionChoosingPolicyTemplate.java:chooseContainerForBlockDeletion(83)) - Chosen 0/5000 blocks from 0 candidate containers.
2023-04-15 16:32:34,114 [BlockDeletingService#1] INFO  interfaces.ContainerDeletionChoosingPolicyTemplate (ContainerDeletionChoosingPolicyTemplate.java:chooseContainerForBlockDeletion(83)) - Chosen 0/5000 blocks from 0 candidate containers.
2023-04-15 16:32:34,114 [BlockDeletingService#3] INFO  interfaces.ContainerDeletionChoosingPolicyTemplate (ContainerDeletionChoosingPolicyTemplate.java:chooseContainerForBlockDeletion(83)) - Chosen 0/5000 blocks from 0 candidate containers.
2023-04-15 16:32:34,162 [FixedThreadPoolWithAffinityExecutor-0-0] WARN  container.ContainerReportHandler (AbstractContainerReportHandler.java:updateContainerState(259)) - Container #1 is in OPEN state, but the datanode 30c0a845-a217-4f15-8bab-f33012bc7910(fv-az202-370.ngw3kpfb2bguzbtcwuqjmbcvef.gx.internal.cloudapp.net/10.1.0.27) reports an CLOSED replica.
2023-04-15 16:32:34,206 [FixedThreadPoolWithAffinityExecutor-1-0] WARN  container.ContainerReportHandler (AbstractContainerReportHandler.java:updateContainerState(259)) - Container #1 is in OPEN state, but the datanode 0dee40cf-0d5a-47f0-9c10-89273726be1d(fv-az202-370.ngw3kpfb2bguzbtcwuqjmbcvef.gx.internal.cloudapp.net/10.1.0.27) reports an CLOSED replica.
2023-04-15 16:32:34,214 [BlockDeletingService#1] INFO  interfaces.ContainerDeletionChoosingPolicyTemplate (ContainerDeletionChoosingPolicyTemplate.java:chooseContainerForBlockDeletion(83)) - Chosen 0/5000 blocks from 0 candidate containers.
2023-04-15 16:32:34,214 [BlockDeletingService#3] INFO  interfaces.ContainerDeletionChoosingPolicyTemplate (ContainerDeletionChoosingPolicyTemplate.java:chooseContainerForBlockDeletion(83)) - Chosen 0/5000 blocks from 0 candidate containers.
2023-04-15 16:32:34,314 [BlockDeletingService#1] INFO  interfaces.ContainerDeletionChoosingPolicyTemplate (ContainerDeletionChoosingPolicyTemplate.java:chooseContainerForBlockDeletion(83)) - Chosen 0/5000 blocks from 0 candidate containers.
2023-04-15 16:32:34,315 [BlockDeletingService#3] INFO  interfaces.ContainerDeletionChoosingPolicyTemplate (ContainerDeletionChoosingPolicyTemplate.java:chooseContainerForBlockDeletion(83)) - Chosen 0/5000 blocks from 0 candidate containers.
2023-04-15 16:32:34,415 [BlockDeletingService#1] INFO  interfaces.ContainerDeletionChoosingPolicyTemplate (ContainerDeletionChoosingPolicyTemplate.java:chooseContainerForBlockDeletion(83)) - Chosen 0/5000 blocks from 0 candidate containers.
2023-04-15 16:32:34,415 [BlockDeletingService#3] INFO  interfaces.ContainerDeletionChoosingPolicyTemplate (ContainerDeletionChoosingPolicyTemplate.java:chooseContainerForBlockDeletion(83)) - Chosen 0/5000 blocks from 0 candidate containers.
2023-04-15 16:32:34,466 [FixedThreadPoolWithAffinityExecutor-0-0] WARN  container.ContainerReportHandler (AbstractContainerReportHandler.java:updateContainerState(259)) - Container #1 is in OPEN state, but the datanode 30c0a845-a217-4f15-8bab-f33012bc7910(fv-az202-370.ngw3kpfb2bguzbtcwuqjmbcvef.gx.internal.cloudapp.net/10.1.0.27) reports an CLOSED replica.
2023-04-15 16:32:34,507 [FixedThreadPoolWithAffinityExecutor-1-0] WARN  container.ContainerReportHandler (AbstractContainerReportHandler.java:updateContainerState(259)) - Container #1 is in OPEN state, but the datanode 0dee40cf-0d5a-47f0-9c10-89273726be1d(fv-az202-370.ngw3kpfb2bguzbtcwuqjmbcvef.gx.internal.cloudapp.net/10.1.0.27) reports an CLOSED replica.
2023-04-15 16:32:34,515 [BlockDeletingService#1] INFO  interfaces.ContainerDeletionChoosingPolicyTemplate (ContainerDeletionChoosingPolicyTemplate.java:chooseContainerForBlockDeletion(83)) - Chosen 0/5000 blocks from 0 candidate containers.
2023-04-15 16:32:34,515 [BlockDeletingService#3] INFO  interfaces.ContainerDeletionChoosingPolicyTemplate (ContainerDeletionChoosingPolicyTemplate.java:chooseContainerForBlockDeletion(83)) - Chosen 0/5000 blocks from 0 candidate containers.
2023-04-15 16:32:34,615 [BlockDeletingService#1] INFO  interfaces.ContainerDeletionChoosingPolicyTemplate (ContainerDeletionChoosingPolicyTemplate.java:chooseContainerForBlockDeletion(83)) - Chosen 0/5000 blocks from 0 candidate containers.
2023-04-15 16:32:34,615 [BlockDeletingService#3] INFO  interfaces.ContainerDeletionChoosingPolicyTemplate (ContainerDeletionChoosingPolicyTemplate.java:chooseContainerForBlockDeletion(83)) - Chosen 0/5000 blocks from 0 candidate containers.
2023-04-15 16:32:34,666 [FixedThreadPoolWithAffinityExecutor-0-0] WARN  container.ContainerReportHandler (AbstractContainerReportHandler.java:updateContainerState(259)) - Container #1 is in OPEN state, but the datanode 30c0a845-a217-4f15-8bab-f33012bc7910(fv-az202-370.ngw3kpfb2bguzbtcwuqjmbcvef.gx.internal.cloudapp.net/10.1.0.27) reports an CLOSED replica.
2023-04-15 16:32:34,715 [BlockDeletingService#1] INFO  interfaces.ContainerDeletionChoosingPolicyTemplate (ContainerDeletionChoosingPolicyTemplate.java:chooseContainerForBlockDeletion(83)) - Chosen 0/5000 blocks from 0 candidate containers.
2023-04-15 16:32:34,715 [BlockDeletingService#3] INFO  interfaces.ContainerDeletionChoosingPolicyTemplate (ContainerDeletionChoosingPolicyTemplate.java:chooseContainerForBlockDeletion(83)) - Chosen 0/5000 blocks from 0 candidate containers.
2023-04-15 16:32:34,806 [FixedThreadPoolWithAffinityExecutor-1-0] WARN  container.ContainerReportHandler (AbstractContainerReportHandler.java:updateContainerState(259)) - Container #1 is in OPEN state, but the datanode 0dee40cf-0d5a-47f0-9c10-89273726be1d(fv-az202-370.ngw3kpfb2bguzbtcwuqjmbcvef.gx.internal.cloudapp.net/10.1.0.27) reports an CLOSED replica.
2023-04-15 16:32:34,816 [BlockDeletingService#1] INFO  interfaces.ContainerDeletionChoosingPolicyTemplate (ContainerDeletionChoosingPolicyTemplate.java:chooseContainerForBlockDeletion(83)) - Chosen 0/5000 blocks from 0 candidate containers.
2023-04-15 16:32:34,816 [BlockDeletingService#3] INFO  interfaces.ContainerDeletionChoosingPolicyTemplate (ContainerDeletionChoosingPolicyTemplate.java:chooseContainerForBlockDeletion(83)) - Chosen 0/5000 blocks from 0 candidate containers.
2023-04-15 16:32:34,916 [BlockDeletingService#1] INFO  interfaces.ContainerDeletionChoosingPolicyTemplate (ContainerDeletionChoosingPolicyTemplate.java:chooseContainerForBlockDeletion(83)) - Chosen 0/5000 blocks from 0 candidate containers.
2023-04-15 16:32:34,916 [BlockDeletingService#3] INFO  interfaces.ContainerDeletionChoosingPolicyTemplate (ContainerDeletionChoosingPolicyTemplate.java:chooseContainerForBlockDeletion(83)) - Chosen 0/5000 blocks from 0 candidate containers.
2023-04-15 16:32:34,966 [FixedThreadPoolWithAffinityExecutor-0-0] WARN  container.ContainerReportHandler (AbstractContainerReportHandler.java:updateContainerState(259)) - Container #1 is in OPEN state, but the datanode 30c0a845-a217-4f15-8bab-f33012bc7910(fv-az202-370.ngw3kpfb2bguzbtcwuqjmbcvef.gx.internal.cloudapp.net/10.1.0.27) reports an CLOSED replica.
2023-04-15 16:32:35,006 [FixedThreadPoolWithAffinityExecutor-1-0] WARN  container.ContainerReportHandler (AbstractContainerReportHandler.java:updateContainerState(259)) - Container #1 is in OPEN state, but the datanode 0dee40cf-0d5a-47f0-9c10-89273726be1d(fv-az202-370.ngw3kpfb2bguzbtcwuqjmbcvef.gx.internal.cloudapp.net/10.1.0.27) reports an CLOSED replica.
2023-04-15 16:32:35,016 [BlockDeletingService#3] INFO  interfaces.ContainerDeletionChoosingPolicyTemplate (ContainerDeletionChoosingPolicyTemplate.java:chooseContainerForBlockDeletion(83)) - Chosen 0/5000 blocks from 0 candidate containers.
2023-04-15 16:32:35,016 [BlockDeletingService#1] INFO  interfaces.ContainerDeletionChoosingPolicyTemplate (ContainerDeletionChoosingPolicyTemplate.java:chooseContainerForBlockDeletion(83)) - Chosen 0/5000 blocks from 0 candidate containers.
2023-04-15 16:32:35,116 [BlockDeletingService#3] INFO  interfaces.ContainerDeletionChoosingPolicyTemplate (ContainerDeletionChoosingPolicyTemplate.java:chooseContainerForBlockDeletion(83)) - Chosen 0/5000 blocks from 0 candidate containers.
2023-04-15 16:32:35,116 [BlockDeletingService#1] INFO  interfaces.ContainerDeletionChoosingPolicyTemplate (ContainerDeletionChoosingPolicyTemplate.java:chooseContainerForBlockDeletion(83)) - Chosen 0/5000 blocks from 0 candidate containers.
2023-04-15 16:32:35,119 [grpc-default-executor-5] WARN  server.GrpcLogAppender (LogUtils.java:warn(122)) - 30c0a845-a217-4f15-8bab-f33012bc7910@group-F40867945940->f16a70e5-fe04-4d06-9179-25c3ad8a94bb-AppendLogResponseHandler: Failed appendEntries: org.apache.ratis.thirdparty.io.grpc.StatusRuntimeException: UNAVAILABLE: io exception
2023-04-15 16:32:35,119 [grpc-default-executor-3] WARN  server.GrpcLogAppender (LogUtils.java:warn(122)) - 30c0a845-a217-4f15-8bab-f33012bc7910@group-F40867945940->f16a70e5-fe04-4d06-9179-25c3ad8a94bb-AppendLogResponseHandler: Failed appendEntries: org.apache.ratis.thirdparty.io.grpc.StatusRuntimeException: UNAVAILABLE: io exception
2023-04-15 16:32:35,120 [grpc-default-executor-5] WARN  server.GrpcLogAppender (GrpcLogAppender.java:resetClient(131)) - 30c0a845-a217-4f15-8bab-f33012bc7910@group-F40867945940->f16a70e5-fe04-4d06-9179-25c3ad8a94bb-GrpcLogAppender: Leader has not got in touch with Follower 30c0a845-a217-4f15-8bab-f33012bc7910@group-F40867945940->f16a70e5-fe04-4d06-9179-25c3ad8a94bb(c-1,m0,n7, attendVote=true, lastRpcSendTime=1251, lastRpcResponseTime=43322) yet, just keep nextIndex unchanged and retry.
2023-04-15 16:32:35,121 [grpc-default-executor-3] WARN  server.GrpcLogAppender (GrpcLogAppender.java:resetClient(131)) - 30c0a845-a217-4f15-8bab-f33012bc7910@group-F40867945940->f16a70e5-fe04-4d06-9179-25c3ad8a94bb-GrpcLogAppender: Leader has not got in touch with Follower 30c0a845-a217-4f15-8bab-f33012bc7910@group-F40867945940->f16a70e5-fe04-4d06-9179-25c3ad8a94bb(c-1,m0,n7, attendVote=true, lastRpcSendTime=1252, lastRpcResponseTime=43323) yet, just keep nextIndex unchanged and retry.
2023-04-15 16:32:35,122 [grpc-default-executor-3] WARN  server.GrpcLogAppender (LogUtils.java:warn(122)) - 30c0a845-a217-4f15-8bab-f33012bc7910@group-F40867945940->f16a70e5-fe04-4d06-9179-25c3ad8a94bb-AppendLogResponseHandler: Failed appendEntries: org.apache.ratis.thirdparty.io.grpc.StatusRuntimeException: UNAVAILABLE: io exception
2023-04-15 16:32:35,122 [grpc-default-executor-5] WARN  server.GrpcLogAppender (LogUtils.java:warn(122)) - 30c0a845-a217-4f15-8bab-f33012bc7910@group-F40867945940->f16a70e5-fe04-4d06-9179-25c3ad8a94bb-AppendLogResponseHandler: Failed appendEntries: org.apache.ratis.thirdparty.io.grpc.StatusRuntimeException: UNAVAILABLE: io exception
2023-04-15 16:32:35,122 [grpc-default-executor-3] WARN  server.GrpcLogAppender (GrpcLogAppender.java:resetClient(131)) - 30c0a845-a217-4f15-8bab-f33012bc7910@group-F40867945940->f16a70e5-fe04-4d06-9179-25c3ad8a94bb-GrpcLogAppender: Leader has not got in touch with Follower 30c0a845-a217-4f15-8bab-f33012bc7910@group-F40867945940->f16a70e5-fe04-4d06-9179-25c3ad8a94bb(c-1,m0,n7, attendVote=true, lastRpcSendTime=0, lastRpcResponseTime=43325) yet, just keep nextIndex unchanged and retry.
2023-04-15 16:32:35,123 [grpc-default-executor-5] WARN  server.GrpcLogAppender (GrpcLogAppender.java:resetClient(131)) - 30c0a845-a217-4f15-8bab-f33012bc7910@group-F40867945940->f16a70e5-fe04-4d06-9179-25c3ad8a94bb-GrpcLogAppender: Leader has not got in touch with Follower 30c0a845-a217-4f15-8bab-f33012bc7910@group-F40867945940->f16a70e5-fe04-4d06-9179-25c3ad8a94bb(c-1,m0,n7, attendVote=true, lastRpcSendTime=1, lastRpcResponseTime=43325) yet, just keep nextIndex unchanged and retry.
2023-04-15 16:32:35,216 [BlockDeletingService#3] INFO  interfaces.ContainerDeletionChoosingPolicyTemplate (ContainerDeletionChoosingPolicyTemplate.java:chooseContainerForBlockDeletion(83)) - Chosen 0/5000 blocks from 0 candidate containers.
2023-04-15 16:32:35,217 [BlockDeletingService#1] INFO  interfaces.ContainerDeletionChoosingPolicyTemplate (ContainerDeletionChoosingPolicyTemplate.java:chooseContainerForBlockDeletion(83)) - Chosen 0/5000 blocks from 0 candidate containers.
2023-04-15 16:32:35,267 [FixedThreadPoolWithAffinityExecutor-0-0] WARN  container.ContainerReportHandler (AbstractContainerReportHandler.java:updateContainerState(259)) - Container #1 is in OPEN state, but the datanode 30c0a845-a217-4f15-8bab-f33012bc7910(fv-az202-370.ngw3kpfb2bguzbtcwuqjmbcvef.gx.internal.cloudapp.net/10.1.0.27) reports an CLOSED replica.
2023-04-15 16:32:35,306 [FixedThreadPoolWithAffinityExecutor-1-0] WARN  container.ContainerReportHandler (AbstractContainerReportHandler.java:updateContainerState(259)) - Container #1 is in OPEN state, but the datanode 0dee40cf-0d5a-47f0-9c10-89273726be1d(fv-az202-370.ngw3kpfb2bguzbtcwuqjmbcvef.gx.internal.cloudapp.net/10.1.0.27) reports an CLOSED replica.
2023-04-15 16:32:35,317 [BlockDeletingService#3] INFO  interfaces.ContainerDeletionChoosingPolicyTemplate (ContainerDeletionChoosingPolicyTemplate.java:chooseContainerForBlockDeletion(83)) - Chosen 0/5000 blocks from 0 candidate containers.
2023-04-15 16:32:35,317 [BlockDeletingService#1] INFO  interfaces.ContainerDeletionChoosingPolicyTemplate (ContainerDeletionChoosingPolicyTemplate.java:chooseContainerForBlockDeletion(83)) - Chosen 0/5000 blocks from 0 candidate containers.
2023-04-15 16:32:35,417 [BlockDeletingService#3] INFO  interfaces.ContainerDeletionChoosingPolicyTemplate (ContainerDeletionChoosingPolicyTemplate.java:chooseContainerForBlockDeletion(83)) - Chosen 0/5000 blocks from 0 candidate containers.
2023-04-15 16:32:35,417 [BlockDeletingService#1] INFO  interfaces.ContainerDeletionChoosingPolicyTemplate (ContainerDeletionChoosingPolicyTemplate.java:chooseContainerForBlockDeletion(83)) - Chosen 0/5000 blocks from 0 candidate containers.
2023-04-15 16:32:35,467 [FixedThreadPoolWithAffinityExecutor-0-0] WARN  container.ContainerReportHandler (AbstractContainerReportHandler.java:updateContainerState(259)) - Container #1 is in OPEN state, but the datanode 30c0a845-a217-4f15-8bab-f33012bc7910(fv-az202-370.ngw3kpfb2bguzbtcwuqjmbcvef.gx.internal.cloudapp.net/10.1.0.27) reports an CLOSED replica.
2023-04-15 16:32:35,517 [BlockDeletingService#3] INFO  interfaces.ContainerDeletionChoosingPolicyTemplate (ContainerDeletionChoosingPolicyTemplate.java:chooseContainerForBlockDeletion(83)) - Chosen 0/5000 blocks from 0 candidate containers.
2023-04-15 16:32:35,517 [BlockDeletingService#1] INFO  interfaces.ContainerDeletionChoosingPolicyTemplate (ContainerDeletionChoosingPolicyTemplate.java:chooseContainerForBlockDeletion(83)) - Chosen 0/5000 blocks from 0 candidate containers.
2023-04-15 16:32:35,606 [FixedThreadPoolWithAffinityExecutor-1-0] WARN  container.ContainerReportHandler (AbstractContainerReportHandler.java:updateContainerState(259)) - Container #1 is in OPEN state, but the datanode 0dee40cf-0d5a-47f0-9c10-89273726be1d(fv-az202-370.ngw3kpfb2bguzbtcwuqjmbcvef.gx.internal.cloudapp.net/10.1.0.27) reports an CLOSED replica.
2023-04-15 16:32:35,617 [BlockDeletingService#3] INFO  interfaces.ContainerDeletionChoosingPolicyTemplate (ContainerDeletionChoosingPolicyTemplate.java:chooseContainerForBlockDeletion(83)) - Chosen 0/5000 blocks from 0 candidate containers.
2023-04-15 16:32:35,617 [BlockDeletingService#1] INFO  interfaces.ContainerDeletionChoosingPolicyTemplate (ContainerDeletionChoosingPolicyTemplate.java:chooseContainerForBlockDeletion(83)) - Chosen 0/5000 blocks from 0 candidate containers.
2023-04-15 16:32:35,718 [BlockDeletingService#3] INFO  interfaces.ContainerDeletionChoosingPolicyTemplate (ContainerDeletionChoosingPolicyTemplate.java:chooseContainerForBlockDeletion(83)) - Chosen 0/5000 blocks from 0 candidate containers.
2023-04-15 16:32:35,718 [BlockDeletingService#1] INFO  interfaces.ContainerDeletionChoosingPolicyTemplate (ContainerDeletionChoosingPolicyTemplate.java:chooseContainerForBlockDeletion(83)) - Chosen 0/5000 blocks from 0 candidate containers.
2023-04-15 16:32:35,767 [FixedThreadPoolWithAffinityExecutor-0-0] WARN  container.ContainerReportHandler (AbstractContainerReportHandler.java:updateContainerState(259)) - Container #1 is in OPEN state, but the datanode 30c0a845-a217-4f15-8bab-f33012bc7910(fv-az202-370.ngw3kpfb2bguzbtcwuqjmbcvef.gx.internal.cloudapp.net/10.1.0.27) reports an CLOSED replica.
2023-04-15 16:32:35,818 [BlockDeletingService#3] INFO  interfaces.ContainerDeletionChoosingPolicyTemplate (ContainerDeletionChoosingPolicyTemplate.java:chooseContainerForBlockDeletion(83)) - Chosen 0/5000 blocks from 0 candidate containers.
2023-04-15 16:32:35,818 [BlockDeletingService#1] INFO  interfaces.ContainerDeletionChoosingPolicyTemplate (ContainerDeletionChoosingPolicyTemplate.java:chooseContainerForBlockDeletion(83)) - Chosen 0/5000 blocks from 0 candidate containers.
2023-04-15 16:32:35,907 [FixedThreadPoolWithAffinityExecutor-1-0] WARN  container.ContainerReportHandler (AbstractContainerReportHandler.java:updateContainerState(259)) - Container #1 is in OPEN state, but the datanode 0dee40cf-0d5a-47f0-9c10-89273726be1d(fv-az202-370.ngw3kpfb2bguzbtcwuqjmbcvef.gx.internal.cloudapp.net/10.1.0.27) reports an CLOSED replica.
2023-04-15 16:32:35,918 [BlockDeletingService#3] INFO  interfaces.ContainerDeletionChoosingPolicyTemplate (ContainerDeletionChoosingPolicyTemplate.java:chooseContainerForBlockDeletion(83)) - Chosen 0/5000 blocks from 0 candidate containers.
2023-04-15 16:32:35,918 [BlockDeletingService#1] INFO  interfaces.ContainerDeletionChoosingPolicyTemplate (ContainerDeletionChoosingPolicyTemplate.java:chooseContainerForBlockDeletion(83)) - Chosen 0/5000 blocks from 0 candidate containers.
2023-04-15 16:32:35,967 [FixedThreadPoolWithAffinityExecutor-0-0] WARN  container.ContainerReportHandler (AbstractContainerReportHandler.java:updateContainerState(259)) - Container #1 is in OPEN state, but the datanode 30c0a845-a217-4f15-8bab-f33012bc7910(fv-az202-370.ngw3kpfb2bguzbtcwuqjmbcvef.gx.internal.cloudapp.net/10.1.0.27) reports an CLOSED replica.
2023-04-15 16:32:36,018 [BlockDeletingService#3] INFO  interfaces.ContainerDeletionChoosingPolicyTemplate (ContainerDeletionChoosingPolicyTemplate.java:chooseContainerForBlockDeletion(83)) - Chosen 0/5000 blocks from 0 candidate containers.
2023-04-15 16:32:36,019 [BlockDeletingService#1] INFO  interfaces.ContainerDeletionChoosingPolicyTemplate (ContainerDeletionChoosingPolicyTemplate.java:chooseContainerForBlockDeletion(83)) - Chosen 0/5000 blocks from 0 candidate containers.
2023-04-15 16:32:36,107 [FixedThreadPoolWithAffinityExecutor-1-0] WARN  container.ContainerReportHandler (AbstractContainerReportHandler.java:updateContainerState(259)) - Container #1 is in OPEN state, but the datanode 0dee40cf-0d5a-47f0-9c10-89273726be1d(fv-az202-370.ngw3kpfb2bguzbtcwuqjmbcvef.gx.internal.cloudapp.net/10.1.0.27) reports an CLOSED replica.
2023-04-15 16:32:36,119 [BlockDeletingService#3] INFO  interfaces.ContainerDeletionChoosingPolicyTemplate (ContainerDeletionChoosingPolicyTemplate.java:chooseContainerForBlockDeletion(83)) - Chosen 0/5000 blocks from 0 candidate containers.
2023-04-15 16:32:36,119 [BlockDeletingService#1] INFO  interfaces.ContainerDeletionChoosingPolicyTemplate (ContainerDeletionChoosingPolicyTemplate.java:chooseContainerForBlockDeletion(83)) - Chosen 0/5000 blocks from 0 candidate containers.
2023-04-15 16:32:36,219 [BlockDeletingService#3] INFO  interfaces.ContainerDeletionChoosingPolicyTemplate (ContainerDeletionChoosingPolicyTemplate.java:chooseContainerForBlockDeletion(83)) - Chosen 0/5000 blocks from 0 candidate containers.
2023-04-15 16:32:36,219 [BlockDeletingService#1] INFO  interfaces.ContainerDeletionChoosingPolicyTemplate (ContainerDeletionChoosingPolicyTemplate.java:chooseContainerForBlockDeletion(83)) - Chosen 0/5000 blocks from 0 candidate containers.
2023-04-15 16:32:36,268 [FixedThreadPoolWithAffinityExecutor-0-0] WARN  container.ContainerReportHandler (AbstractContainerReportHandler.java:updateContainerState(259)) - Container #1 is in OPEN state, but the datanode 30c0a845-a217-4f15-8bab-f33012bc7910(fv-az202-370.ngw3kpfb2bguzbtcwuqjmbcvef.gx.internal.cloudapp.net/10.1.0.27) reports an CLOSED replica.
2023-04-15 16:32:36,319 [BlockDeletingService#3] INFO  interfaces.ContainerDeletionChoosingPolicyTemplate (ContainerDeletionChoosingPolicyTemplate.java:chooseContainerForBlockDeletion(83)) - Chosen 0/5000 blocks from 0 candidate containers.
2023-04-15 16:32:36,319 [BlockDeletingService#1] INFO  interfaces.ContainerDeletionChoosingPolicyTemplate (ContainerDeletionChoosingPolicyTemplate.java:chooseContainerForBlockDeletion(83)) - Chosen 0/5000 blocks from 0 candidate containers.
2023-04-15 16:32:36,372 [grpc-default-executor-5] WARN  server.GrpcLogAppender (LogUtils.java:warn(122)) - 30c0a845-a217-4f15-8bab-f33012bc7910@group-F40867945940->f16a70e5-fe04-4d06-9179-25c3ad8a94bb-AppendLogResponseHandler: Failed appendEntries: org.apache.ratis.thirdparty.io.grpc.StatusRuntimeException: UNAVAILABLE: io exception
2023-04-15 16:32:36,373 [grpc-default-executor-5] WARN  server.GrpcLogAppender (GrpcLogAppender.java:resetClient(131)) - 30c0a845-a217-4f15-8bab-f33012bc7910@group-F40867945940->f16a70e5-fe04-4d06-9179-25c3ad8a94bb-GrpcLogAppender: Leader has not got in touch with Follower 30c0a845-a217-4f15-8bab-f33012bc7910@group-F40867945940->f16a70e5-fe04-4d06-9179-25c3ad8a94bb(c-1,m0,n7, attendVote=true, lastRpcSendTime=0, lastRpcResponseTime=44575) yet, just keep nextIndex unchanged and retry.
2023-04-15 16:32:36,373 [grpc-default-executor-3] WARN  server.GrpcLogAppender (LogUtils.java:warn(122)) - 30c0a845-a217-4f15-8bab-f33012bc7910@group-F40867945940->f16a70e5-fe04-4d06-9179-25c3ad8a94bb-AppendLogResponseHandler: Failed appendEntries: org.apache.ratis.thirdparty.io.grpc.StatusRuntimeException: UNAVAILABLE: io exception
2023-04-15 16:32:36,373 [grpc-default-executor-3] WARN  server.GrpcLogAppender (GrpcLogAppender.java:resetClient(131)) - 30c0a845-a217-4f15-8bab-f33012bc7910@group-F40867945940->f16a70e5-fe04-4d06-9179-25c3ad8a94bb-GrpcLogAppender: Leader has not got in touch with Follower 30c0a845-a217-4f15-8bab-f33012bc7910@group-F40867945940->f16a70e5-fe04-4d06-9179-25c3ad8a94bb(c-1,m0,n7, attendVote=true, lastRpcSendTime=0, lastRpcResponseTime=44575) yet, just keep nextIndex unchanged and retry.
2023-04-15 16:32:36,407 [FixedThreadPoolWithAffinityExecutor-1-0] WARN  container.ContainerReportHandler (AbstractContainerReportHandler.java:updateContainerState(259)) - Container #1 is in OPEN state, but the datanode 0dee40cf-0d5a-47f0-9c10-89273726be1d(fv-az202-370.ngw3kpfb2bguzbtcwuqjmbcvef.gx.internal.cloudapp.net/10.1.0.27) reports an CLOSED replica.
2023-04-15 16:32:36,419 [BlockDeletingService#3] INFO  interfaces.ContainerDeletionChoosingPolicyTemplate (ContainerDeletionChoosingPolicyTemplate.java:chooseContainerForBlockDeletion(83)) - Chosen 0/5000 blocks from 0 candidate containers.
2023-04-15 16:32:36,419 [BlockDeletingService#1] INFO  interfaces.ContainerDeletionChoosingPolicyTemplate (ContainerDeletionChoosingPolicyTemplate.java:chooseContainerForBlockDeletion(83)) - Chosen 0/5000 blocks from 0 candidate containers.
2023-04-15 16:32:36,468 [FixedThreadPoolWithAffinityExecutor-0-0] WARN  container.ContainerReportHandler (AbstractContainerReportHandler.java:updateContainerState(259)) - Container #1 is in OPEN state, but the datanode 30c0a845-a217-4f15-8bab-f33012bc7910(fv-az202-370.ngw3kpfb2bguzbtcwuqjmbcvef.gx.internal.cloudapp.net/10.1.0.27) reports an CLOSED replica.
2023-04-15 16:32:36,519 [BlockDeletingService#3] INFO  interfaces.ContainerDeletionChoosingPolicyTemplate (ContainerDeletionChoosingPolicyTemplate.java:chooseContainerForBlockDeletion(83)) - Chosen 0/5000 blocks from 0 candidate containers.
2023-04-15 16:32:36,520 [BlockDeletingService#1] INFO  interfaces.ContainerDeletionChoosingPolicyTemplate (ContainerDeletionChoosingPolicyTemplate.java:chooseContainerForBlockDeletion(83)) - Chosen 0/5000 blocks from 0 candidate containers.
2023-04-15 16:32:36,620 [BlockDeletingService#3] INFO  interfaces.ContainerDeletionChoosingPolicyTemplate (ContainerDeletionChoosingPolicyTemplate.java:chooseContainerForBlockDeletion(83)) - Chosen 0/5000 blocks from 0 candidate containers.
2023-04-15 16:32:36,620 [BlockDeletingService#1] INFO  interfaces.ContainerDeletionChoosingPolicyTemplate (ContainerDeletionChoosingPolicyTemplate.java:chooseContainerForBlockDeletion(83)) - Chosen 0/5000 blocks from 0 candidate containers.
2023-04-15 16:32:36,707 [FixedThreadPoolWithAffinityExecutor-1-0] WARN  container.ContainerReportHandler (AbstractContainerReportHandler.java:updateContainerState(259)) - Container #1 is in OPEN state, but the datanode 0dee40cf-0d5a-47f0-9c10-89273726be1d(fv-az202-370.ngw3kpfb2bguzbtcwuqjmbcvef.gx.internal.cloudapp.net/10.1.0.27) reports an CLOSED replica.
2023-04-15 16:32:36,720 [BlockDeletingService#3] INFO  interfaces.ContainerDeletionChoosingPolicyTemplate (ContainerDeletionChoosingPolicyTemplate.java:chooseContainerForBlockDeletion(83)) - Chosen 0/5000 blocks from 0 candidate containers.
2023-04-15 16:32:36,720 [BlockDeletingService#1] INFO  interfaces.ContainerDeletionChoosingPolicyTemplate (ContainerDeletionChoosingPolicyTemplate.java:chooseContainerForBlockDeletion(83)) - Chosen 0/5000 blocks from 0 candidate containers.
2023-04-15 16:32:36,768 [FixedThreadPoolWithAffinityExecutor-0-0] WARN  container.ContainerReportHandler (AbstractContainerReportHandler.java:updateContainerState(259)) - Container #1 is in OPEN state, but the datanode 30c0a845-a217-4f15-8bab-f33012bc7910(fv-az202-370.ngw3kpfb2bguzbtcwuqjmbcvef.gx.internal.cloudapp.net/10.1.0.27) reports an CLOSED replica.
2023-04-15 16:32:36,820 [BlockDeletingService#3] INFO  interfaces.ContainerDeletionChoosingPolicyTemplate (ContainerDeletionChoosingPolicyTemplate.java:chooseContainerForBlockDeletion(83)) - Chosen 0/5000 blocks from 0 candidate containers.
2023-04-15 16:32:36,820 [BlockDeletingService#1] INFO  interfaces.ContainerDeletionChoosingPolicyTemplate (ContainerDeletionChoosingPolicyTemplate.java:chooseContainerForBlockDeletion(83)) - Chosen 0/5000 blocks from 0 candidate containers.
2023-04-15 16:32:36,920 [BlockDeletingService#3] INFO  interfaces.ContainerDeletionChoosingPolicyTemplate (ContainerDeletionChoosingPolicyTemplate.java:chooseContainerForBlockDeletion(83)) - Chosen 0/5000 blocks from 0 candidate containers.
2023-04-15 16:32:36,920 [BlockDeletingService#1] INFO  interfaces.ContainerDeletionChoosingPolicyTemplate (ContainerDeletionChoosingPolicyTemplate.java:chooseContainerForBlockDeletion(83)) - Chosen 0/5000 blocks from 0 candidate containers.
2023-04-15 16:32:36,967 [FixedThreadPoolWithAffinityExecutor-0-0] WARN  container.ContainerReportHandler (AbstractContainerReportHandler.java:updateContainerState(259)) - Container #1 is in OPEN state, but the datanode 30c0a845-a217-4f15-8bab-f33012bc7910(fv-az202-370.ngw3kpfb2bguzbtcwuqjmbcvef.gx.internal.cloudapp.net/10.1.0.27) reports an CLOSED replica.
2023-04-15 16:32:37,007 [FixedThreadPoolWithAffinityExecutor-1-0] WARN  container.ContainerReportHandler (AbstractContainerReportHandler.java:updateContainerState(259)) - Container #1 is in OPEN state, but the datanode 0dee40cf-0d5a-47f0-9c10-89273726be1d(fv-az202-370.ngw3kpfb2bguzbtcwuqjmbcvef.gx.internal.cloudapp.net/10.1.0.27) reports an CLOSED replica.
2023-04-15 16:32:37,020 [BlockDeletingService#3] INFO  interfaces.ContainerDeletionChoosingPolicyTemplate (ContainerDeletionChoosingPolicyTemplate.java:chooseContainerForBlockDeletion(83)) - Chosen 0/5000 blocks from 0 candidate containers.
2023-04-15 16:32:37,020 [BlockDeletingService#1] INFO  interfaces.ContainerDeletionChoosingPolicyTemplate (ContainerDeletionChoosingPolicyTemplate.java:chooseContainerForBlockDeletion(83)) - Chosen 0/5000 blocks from 0 candidate containers.
2023-04-15 16:32:37,120 [BlockDeletingService#3] INFO  interfaces.ContainerDeletionChoosingPolicyTemplate (ContainerDeletionChoosingPolicyTemplate.java:chooseContainerForBlockDeletion(83)) - Chosen 0/5000 blocks from 0 candidate containers.
2023-04-15 16:32:37,121 [BlockDeletingService#1] INFO  interfaces.ContainerDeletionChoosingPolicyTemplate (ContainerDeletionChoosingPolicyTemplate.java:chooseContainerForBlockDeletion(83)) - Chosen 0/5000 blocks from 0 candidate containers.
2023-04-15 16:32:37,207 [FixedThreadPoolWithAffinityExecutor-1-0] WARN  container.ContainerReportHandler (AbstractContainerReportHandler.java:updateContainerState(259)) - Container #1 is in OPEN state, but the datanode 0dee40cf-0d5a-47f0-9c10-89273726be1d(fv-az202-370.ngw3kpfb2bguzbtcwuqjmbcvef.gx.internal.cloudapp.net/10.1.0.27) reports an CLOSED replica.
2023-04-15 16:32:37,221 [BlockDeletingService#3] INFO  interfaces.ContainerDeletionChoosingPolicyTemplate (ContainerDeletionChoosingPolicyTemplate.java:chooseContainerForBlockDeletion(83)) - Chosen 0/5000 blocks from 0 candidate containers.
2023-04-15 16:32:37,221 [BlockDeletingService#1] INFO  interfaces.ContainerDeletionChoosingPolicyTemplate (ContainerDeletionChoosingPolicyTemplate.java:chooseContainerForBlockDeletion(83)) - Chosen 0/5000 blocks from 0 candidate containers.
2023-04-15 16:32:37,268 [FixedThreadPoolWithAffinityExecutor-0-0] WARN  container.ContainerReportHandler (AbstractContainerReportHandler.java:updateContainerState(259)) - Container #1 is in OPEN state, but the datanode 30c0a845-a217-4f15-8bab-f33012bc7910(fv-az202-370.ngw3kpfb2bguzbtcwuqjmbcvef.gx.internal.cloudapp.net/10.1.0.27) reports an CLOSED replica.
2023-04-15 16:32:37,321 [BlockDeletingService#3] INFO  interfaces.ContainerDeletionChoosingPolicyTemplate (ContainerDeletionChoosingPolicyTemplate.java:chooseContainerForBlockDeletion(83)) - Chosen 0/5000 blocks from 0 candidate containers.
2023-04-15 16:32:37,321 [BlockDeletingService#1] INFO  interfaces.ContainerDeletionChoosingPolicyTemplate (ContainerDeletionChoosingPolicyTemplate.java:chooseContainerForBlockDeletion(83)) - Chosen 0/5000 blocks from 0 candidate containers.
2023-04-15 16:32:37,421 [BlockDeletingService#3] INFO  interfaces.ContainerDeletionChoosingPolicyTemplate (ContainerDeletionChoosingPolicyTemplate.java:chooseContainerForBlockDeletion(83)) - Chosen 0/5000 blocks from 0 candidate containers.
2023-04-15 16:32:37,423 [BlockDeletingService#1] INFO  interfaces.ContainerDeletionChoosingPolicyTemplate (ContainerDeletionChoosingPolicyTemplate.java:chooseContainerForBlockDeletion(83)) - Chosen 0/5000 blocks from 0 candidate containers.
2023-04-15 16:32:37,510 [FixedThreadPoolWithAffinityExecutor-1-0] WARN  container.ContainerReportHandler (AbstractContainerReportHandler.java:updateContainerState(259)) - Container #1 is in OPEN state, but the datanode 0dee40cf-0d5a-47f0-9c10-89273726be1d(fv-az202-370.ngw3kpfb2bguzbtcwuqjmbcvef.gx.internal.cloudapp.net/10.1.0.27) reports an CLOSED replica.
2023-04-15 16:32:37,521 [BlockDeletingService#3] INFO  interfaces.ContainerDeletionChoosingPolicyTemplate (ContainerDeletionChoosingPolicyTemplate.java:chooseContainerForBlockDeletion(83)) - Chosen 0/5000 blocks from 0 candidate containers.
2023-04-15 16:32:37,523 [BlockDeletingService#1] INFO  interfaces.ContainerDeletionChoosingPolicyTemplate (ContainerDeletionChoosingPolicyTemplate.java:chooseContainerForBlockDeletion(83)) - Chosen 0/5000 blocks from 0 candidate containers.
2023-04-15 16:32:37,568 [FixedThreadPoolWithAffinityExecutor-0-0] WARN  container.ContainerReportHandler (AbstractContainerReportHandler.java:updateContainerState(259)) - Container #1 is in OPEN state, but the datanode 30c0a845-a217-4f15-8bab-f33012bc7910(fv-az202-370.ngw3kpfb2bguzbtcwuqjmbcvef.gx.internal.cloudapp.net/10.1.0.27) reports an CLOSED replica.
2023-04-15 16:32:37,621 [BlockDeletingService#3] INFO  interfaces.ContainerDeletionChoosingPolicyTemplate (ContainerDeletionChoosingPolicyTemplate.java:chooseContainerForBlockDeletion(83)) - Chosen 0/5000 blocks from 0 candidate containers.
2023-04-15 16:32:37,623 [grpc-default-executor-3] WARN  server.GrpcLogAppender (LogUtils.java:warn(122)) - 30c0a845-a217-4f15-8bab-f33012bc7910@group-F40867945940->f16a70e5-fe04-4d06-9179-25c3ad8a94bb-AppendLogResponseHandler: Failed appendEntries: org.apache.ratis.thirdparty.io.grpc.StatusRuntimeException: UNAVAILABLE: io exception
2023-04-15 16:32:37,623 [grpc-default-executor-5] WARN  server.GrpcLogAppender (LogUtils.java:warn(122)) - 30c0a845-a217-4f15-8bab-f33012bc7910@group-F40867945940->f16a70e5-fe04-4d06-9179-25c3ad8a94bb-AppendLogResponseHandler: Failed appendEntries: org.apache.ratis.thirdparty.io.grpc.StatusRuntimeException: UNAVAILABLE: io exception
2023-04-15 16:32:37,623 [BlockDeletingService#1] INFO  interfaces.ContainerDeletionChoosingPolicyTemplate (ContainerDeletionChoosingPolicyTemplate.java:chooseContainerForBlockDeletion(83)) - Chosen 0/5000 blocks from 0 candidate containers.
2023-04-15 16:32:37,624 [grpc-default-executor-3] WARN  server.GrpcLogAppender (GrpcLogAppender.java:resetClient(131)) - 30c0a845-a217-4f15-8bab-f33012bc7910@group-F40867945940->f16a70e5-fe04-4d06-9179-25c3ad8a94bb-GrpcLogAppender: Leader has not got in touch with Follower 30c0a845-a217-4f15-8bab-f33012bc7910@group-F40867945940->f16a70e5-fe04-4d06-9179-25c3ad8a94bb(c-1,m0,n7, attendVote=true, lastRpcSendTime=1, lastRpcResponseTime=45826) yet, just keep nextIndex unchanged and retry.
2023-04-15 16:32:37,624 [grpc-default-executor-5] WARN  server.GrpcLogAppender (GrpcLogAppender.java:resetClient(131)) - 30c0a845-a217-4f15-8bab-f33012bc7910@group-F40867945940->f16a70e5-fe04-4d06-9179-25c3ad8a94bb-GrpcLogAppender: Leader has not got in touch with Follower 30c0a845-a217-4f15-8bab-f33012bc7910@group-F40867945940->f16a70e5-fe04-4d06-9179-25c3ad8a94bb(c-1,m0,n7, attendVote=true, lastRpcSendTime=1, lastRpcResponseTime=45826) yet, just keep nextIndex unchanged and retry.
2023-04-15 16:32:37,721 [BlockDeletingService#3] INFO  interfaces.ContainerDeletionChoosingPolicyTemplate (ContainerDeletionChoosingPolicyTemplate.java:chooseContainerForBlockDeletion(83)) - Chosen 0/5000 blocks from 0 candidate containers.
2023-04-15 16:32:37,723 [BlockDeletingService#1] INFO  interfaces.ContainerDeletionChoosingPolicyTemplate (ContainerDeletionChoosingPolicyTemplate.java:chooseContainerForBlockDeletion(83)) - Chosen 0/5000 blocks from 0 candidate containers.
2023-04-15 16:32:37,769 [FixedThreadPoolWithAffinityExecutor-0-0] WARN  container.ContainerReportHandler (AbstractContainerReportHandler.java:updateContainerState(259)) - Container #1 is in OPEN state, but the datanode 30c0a845-a217-4f15-8bab-f33012bc7910(fv-az202-370.ngw3kpfb2bguzbtcwuqjmbcvef.gx.internal.cloudapp.net/10.1.0.27) reports an CLOSED replica.
2023-04-15 16:32:37,810 [FixedThreadPoolWithAffinityExecutor-1-0] WARN  container.ContainerReportHandler (AbstractContainerReportHandler.java:updateContainerState(259)) - Container #1 is in OPEN state, but the datanode 0dee40cf-0d5a-47f0-9c10-89273726be1d(fv-az202-370.ngw3kpfb2bguzbtcwuqjmbcvef.gx.internal.cloudapp.net/10.1.0.27) reports an CLOSED replica.
2023-04-15 16:32:37,822 [BlockDeletingService#3] INFO  interfaces.ContainerDeletionChoosingPolicyTemplate (ContainerDeletionChoosingPolicyTemplate.java:chooseContainerForBlockDeletion(83)) - Chosen 0/5000 blocks from 0 candidate containers.
2023-04-15 16:32:37,823 [BlockDeletingService#1] INFO  interfaces.ContainerDeletionChoosingPolicyTemplate (ContainerDeletionChoosingPolicyTemplate.java:chooseContainerForBlockDeletion(83)) - Chosen 0/5000 blocks from 0 candidate containers.
2023-04-15 16:32:37,922 [BlockDeletingService#3] INFO  interfaces.ContainerDeletionChoosingPolicyTemplate (ContainerDeletionChoosingPolicyTemplate.java:chooseContainerForBlockDeletion(83)) - Chosen 0/5000 blocks from 0 candidate containers.
2023-04-15 16:32:37,923 [BlockDeletingService#1] INFO  interfaces.ContainerDeletionChoosingPolicyTemplate (ContainerDeletionChoosingPolicyTemplate.java:chooseContainerForBlockDeletion(83)) - Chosen 0/5000 blocks from 0 candidate containers.
2023-04-15 16:32:38,022 [BlockDeletingService#3] INFO  interfaces.ContainerDeletionChoosingPolicyTemplate (ContainerDeletionChoosingPolicyTemplate.java:chooseContainerForBlockDeletion(83)) - Chosen 0/5000 blocks from 0 candidate containers.
2023-04-15 16:32:38,024 [BlockDeletingService#1] INFO  interfaces.ContainerDeletionChoosingPolicyTemplate (ContainerDeletionChoosingPolicyTemplate.java:chooseContainerForBlockDeletion(83)) - Chosen 0/5000 blocks from 0 candidate containers.
2023-04-15 16:32:38,075 [FixedThreadPoolWithAffinityExecutor-0-0] WARN  container.ContainerReportHandler (AbstractContainerReportHandler.java:updateContainerState(259)) - Container #1 is in OPEN state, but the datanode 30c0a845-a217-4f15-8bab-f33012bc7910(fv-az202-370.ngw3kpfb2bguzbtcwuqjmbcvef.gx.internal.cloudapp.net/10.1.0.27) reports an CLOSED replica.
2023-04-15 16:32:38,109 [FixedThreadPoolWithAffinityExecutor-1-0] WARN  container.ContainerReportHandler (AbstractContainerReportHandler.java:updateContainerState(259)) - Container #1 is in OPEN state, but the datanode 0dee40cf-0d5a-47f0-9c10-89273726be1d(fv-az202-370.ngw3kpfb2bguzbtcwuqjmbcvef.gx.internal.cloudapp.net/10.1.0.27) reports an CLOSED replica.
2023-04-15 16:32:38,122 [BlockDeletingService#3] INFO  interfaces.ContainerDeletionChoosingPolicyTemplate (ContainerDeletionChoosingPolicyTemplate.java:chooseContainerForBlockDeletion(83)) - Chosen 0/5000 blocks from 0 candidate containers.
2023-04-15 16:32:38,124 [BlockDeletingService#1] INFO  interfaces.ContainerDeletionChoosingPolicyTemplate (ContainerDeletionChoosingPolicyTemplate.java:chooseContainerForBlockDeletion(83)) - Chosen 0/5000 blocks from 0 candidate containers.
2023-04-15 16:32:38,222 [BlockDeletingService#3] INFO  interfaces.ContainerDeletionChoosingPolicyTemplate (ContainerDeletionChoosingPolicyTemplate.java:chooseContainerForBlockDeletion(83)) - Chosen 0/5000 blocks from 0 candidate containers.
2023-04-15 16:32:38,224 [BlockDeletingService#1] INFO  interfaces.ContainerDeletionChoosingPolicyTemplate (ContainerDeletionChoosingPolicyTemplate.java:chooseContainerForBlockDeletion(83)) - Chosen 0/5000 blocks from 0 candidate containers.
2023-04-15 16:32:38,274 [FixedThreadPoolWithAffinityExecutor-0-0] WARN  container.ContainerReportHandler (AbstractContainerReportHandler.java:updateContainerState(259)) - Container #1 is in OPEN state, but the datanode 30c0a845-a217-4f15-8bab-f33012bc7910(fv-az202-370.ngw3kpfb2bguzbtcwuqjmbcvef.gx.internal.cloudapp.net/10.1.0.27) reports an CLOSED replica.
2023-04-15 16:32:38,310 [FixedThreadPoolWithAffinityExecutor-1-0] WARN  container.ContainerReportHandler (AbstractContainerReportHandler.java:updateContainerState(259)) - Container #1 is in OPEN state, but the datanode 0dee40cf-0d5a-47f0-9c10-89273726be1d(fv-az202-370.ngw3kpfb2bguzbtcwuqjmbcvef.gx.internal.cloudapp.net/10.1.0.27) reports an CLOSED replica.
2023-04-15 16:32:38,322 [BlockDeletingService#3] INFO  interfaces.ContainerDeletionChoosingPolicyTemplate (ContainerDeletionChoosingPolicyTemplate.java:chooseContainerForBlockDeletion(83)) - Chosen 0/5000 blocks from 0 candidate containers.
2023-04-15 16:32:38,324 [BlockDeletingService#1] INFO  interfaces.ContainerDeletionChoosingPolicyTemplate (ContainerDeletionChoosingPolicyTemplate.java:chooseContainerForBlockDeletion(83)) - Chosen 0/5000 blocks from 0 candidate containers.
2023-04-15 16:32:38,423 [BlockDeletingService#3] INFO  interfaces.ContainerDeletionChoosingPolicyTemplate (ContainerDeletionChoosingPolicyTemplate.java:chooseContainerForBlockDeletion(83)) - Chosen 0/5000 blocks from 0 candidate containers.
2023-04-15 16:32:38,424 [BlockDeletingService#1] INFO  interfaces.ContainerDeletionChoosingPolicyTemplate (ContainerDeletionChoosingPolicyTemplate.java:chooseContainerForBlockDeletion(83)) - Chosen 0/5000 blocks from 0 candidate containers.
2023-04-15 16:32:38,523 [BlockDeletingService#3] INFO  interfaces.ContainerDeletionChoosingPolicyTemplate (ContainerDeletionChoosingPolicyTemplate.java:chooseContainerForBlockDeletion(83)) - Chosen 0/5000 blocks from 0 candidate containers.
2023-04-15 16:32:38,524 [BlockDeletingService#1] INFO  interfaces.ContainerDeletionChoosingPolicyTemplate (ContainerDeletionChoosingPolicyTemplate.java:chooseContainerForBlockDeletion(83)) - Chosen 0/5000 blocks from 0 candidate containers.
2023-04-15 16:32:38,575 [FixedThreadPoolWithAffinityExecutor-0-0] WARN  container.ContainerReportHandler (AbstractContainerReportHandler.java:updateContainerState(259)) - Container #1 is in OPEN state, but the datanode 30c0a845-a217-4f15-8bab-f33012bc7910(fv-az202-370.ngw3kpfb2bguzbtcwuqjmbcvef.gx.internal.cloudapp.net/10.1.0.27) reports an CLOSED replica.
2023-04-15 16:32:38,610 [FixedThreadPoolWithAffinityExecutor-1-0] WARN  container.ContainerReportHandler (AbstractContainerReportHandler.java:updateContainerState(259)) - Container #1 is in OPEN state, but the datanode 0dee40cf-0d5a-47f0-9c10-89273726be1d(fv-az202-370.ngw3kpfb2bguzbtcwuqjmbcvef.gx.internal.cloudapp.net/10.1.0.27) reports an CLOSED replica.
2023-04-15 16:32:38,623 [BlockDeletingService#3] INFO  interfaces.ContainerDeletionChoosingPolicyTemplate (ContainerDeletionChoosingPolicyTemplate.java:chooseContainerForBlockDeletion(83)) - Chosen 0/5000 blocks from 0 candidate containers.
2023-04-15 16:32:38,624 [BlockDeletingService#1] INFO  interfaces.ContainerDeletionChoosingPolicyTemplate (ContainerDeletionChoosingPolicyTemplate.java:chooseContainerForBlockDeletion(83)) - Chosen 0/5000 blocks from 0 candidate containers.
2023-04-15 16:32:38,723 [BlockDeletingService#3] INFO  interfaces.ContainerDeletionChoosingPolicyTemplate (ContainerDeletionChoosingPolicyTemplate.java:chooseContainerForBlockDeletion(83)) - Chosen 0/5000 blocks from 0 candidate containers.
2023-04-15 16:32:38,724 [BlockDeletingService#1] INFO  interfaces.ContainerDeletionChoosingPolicyTemplate (ContainerDeletionChoosingPolicyTemplate.java:chooseContainerForBlockDeletion(83)) - Chosen 0/5000 blocks from 0 candidate containers.
2023-04-15 16:32:38,775 [FixedThreadPoolWithAffinityExecutor-0-0] WARN  container.ContainerReportHandler (AbstractContainerReportHandler.java:updateContainerState(259)) - Container #1 is in OPEN state, but the datanode 30c0a845-a217-4f15-8bab-f33012bc7910(fv-az202-370.ngw3kpfb2bguzbtcwuqjmbcvef.gx.internal.cloudapp.net/10.1.0.27) reports an CLOSED replica.
2023-04-15 16:32:38,823 [BlockDeletingService#3] INFO  interfaces.ContainerDeletionChoosingPolicyTemplate (ContainerDeletionChoosingPolicyTemplate.java:chooseContainerForBlockDeletion(83)) - Chosen 0/5000 blocks from 0 candidate containers.
2023-04-15 16:32:38,824 [BlockDeletingService#1] INFO  interfaces.ContainerDeletionChoosingPolicyTemplate (ContainerDeletionChoosingPolicyTemplate.java:chooseContainerForBlockDeletion(83)) - Chosen 0/5000 blocks from 0 candidate containers.
2023-04-15 16:32:38,873 [grpc-default-executor-5] WARN  server.GrpcLogAppender (LogUtils.java:warn(122)) - 30c0a845-a217-4f15-8bab-f33012bc7910@group-F40867945940->f16a70e5-fe04-4d06-9179-25c3ad8a94bb-AppendLogResponseHandler: Failed appendEntries: org.apache.ratis.thirdparty.io.grpc.StatusRuntimeException: UNAVAILABLE: io exception
2023-04-15 16:32:38,873 [grpc-default-executor-3] WARN  server.GrpcLogAppender (LogUtils.java:warn(122)) - 30c0a845-a217-4f15-8bab-f33012bc7910@group-F40867945940->f16a70e5-fe04-4d06-9179-25c3ad8a94bb-AppendLogResponseHandler: Failed appendEntries: org.apache.ratis.thirdparty.io.grpc.StatusRuntimeException: UNAVAILABLE: io exception
2023-04-15 16:32:38,874 [grpc-default-executor-5] WARN  server.GrpcLogAppender (GrpcLogAppender.java:resetClient(131)) - 30c0a845-a217-4f15-8bab-f33012bc7910@group-F40867945940->f16a70e5-fe04-4d06-9179-25c3ad8a94bb-GrpcLogAppender: Leader has not got in touch with Follower 30c0a845-a217-4f15-8bab-f33012bc7910@group-F40867945940->f16a70e5-fe04-4d06-9179-25c3ad8a94bb(c-1,m0,n7, attendVote=true, lastRpcSendTime=1, lastRpcResponseTime=47076) yet, just keep nextIndex unchanged and retry.
2023-04-15 16:32:38,875 [grpc-default-executor-3] WARN  server.GrpcLogAppender (GrpcLogAppender.java:resetClient(131)) - 30c0a845-a217-4f15-8bab-f33012bc7910@group-F40867945940->f16a70e5-fe04-4d06-9179-25c3ad8a94bb-GrpcLogAppender: Leader has not got in touch with Follower 30c0a845-a217-4f15-8bab-f33012bc7910@group-F40867945940->f16a70e5-fe04-4d06-9179-25c3ad8a94bb(c-1,m0,n7, attendVote=true, lastRpcSendTime=1, lastRpcResponseTime=47077) yet, just keep nextIndex unchanged and retry.
2023-04-15 16:32:38,910 [FixedThreadPoolWithAffinityExecutor-1-0] WARN  container.ContainerReportHandler (AbstractContainerReportHandler.java:updateContainerState(259)) - Container #1 is in OPEN state, but the datanode 0dee40cf-0d5a-47f0-9c10-89273726be1d(fv-az202-370.ngw3kpfb2bguzbtcwuqjmbcvef.gx.internal.cloudapp.net/10.1.0.27) reports an CLOSED replica.
2023-04-15 16:32:38,923 [BlockDeletingService#3] INFO  interfaces.ContainerDeletionChoosingPolicyTemplate (ContainerDeletionChoosingPolicyTemplate.java:chooseContainerForBlockDeletion(83)) - Chosen 0/5000 blocks from 0 candidate containers.
2023-04-15 16:32:38,925 [BlockDeletingService#1] INFO  interfaces.ContainerDeletionChoosingPolicyTemplate (ContainerDeletionChoosingPolicyTemplate.java:chooseContainerForBlockDeletion(83)) - Chosen 0/5000 blocks from 0 candidate containers.
2023-04-15 16:32:39,024 [BlockDeletingService#3] INFO  interfaces.ContainerDeletionChoosingPolicyTemplate (ContainerDeletionChoosingPolicyTemplate.java:chooseContainerForBlockDeletion(83)) - Chosen 0/5000 blocks from 0 candidate containers.
2023-04-15 16:32:39,025 [BlockDeletingService#1] INFO  interfaces.ContainerDeletionChoosingPolicyTemplate (ContainerDeletionChoosingPolicyTemplate.java:chooseContainerForBlockDeletion(83)) - Chosen 0/5000 blocks from 0 candidate containers.
2023-04-15 16:32:39,076 [FixedThreadPoolWithAffinityExecutor-0-0] WARN  container.ContainerReportHandler (AbstractContainerReportHandler.java:updateContainerState(259)) - Container #1 is in OPEN state, but the datanode 30c0a845-a217-4f15-8bab-f33012bc7910(fv-az202-370.ngw3kpfb2bguzbtcwuqjmbcvef.gx.internal.cloudapp.net/10.1.0.27) reports an CLOSED replica.
2023-04-15 16:32:39,114 [FixedThreadPoolWithAffinityExecutor-1-0] WARN  container.ContainerReportHandler (AbstractContainerReportHandler.java:updateContainerState(259)) - Container #1 is in OPEN state, but the datanode 0dee40cf-0d5a-47f0-9c10-89273726be1d(fv-az202-370.ngw3kpfb2bguzbtcwuqjmbcvef.gx.internal.cloudapp.net/10.1.0.27) reports an CLOSED replica.
2023-04-15 16:32:39,124 [BlockDeletingService#3] INFO  interfaces.ContainerDeletionChoosingPolicyTemplate (ContainerDeletionChoosingPolicyTemplate.java:chooseContainerForBlockDeletion(83)) - Chosen 0/5000 blocks from 0 candidate containers.
2023-04-15 16:32:39,125 [BlockDeletingService#1] INFO  interfaces.ContainerDeletionChoosingPolicyTemplate (ContainerDeletionChoosingPolicyTemplate.java:chooseContainerForBlockDeletion(83)) - Chosen 0/5000 blocks from 0 candidate containers.
2023-04-15 16:32:39,224 [BlockDeletingService#3] INFO  interfaces.ContainerDeletionChoosingPolicyTemplate (ContainerDeletionChoosingPolicyTemplate.java:chooseContainerForBlockDeletion(83)) - Chosen 0/5000 blocks from 0 candidate containers.
2023-04-15 16:32:39,225 [BlockDeletingService#1] INFO  interfaces.ContainerDeletionChoosingPolicyTemplate (ContainerDeletionChoosingPolicyTemplate.java:chooseContainerForBlockDeletion(83)) - Chosen 0/5000 blocks from 0 candidate containers.
2023-04-15 16:32:39,276 [FixedThreadPoolWithAffinityExecutor-0-0] WARN  container.ContainerReportHandler (AbstractContainerReportHandler.java:updateContainerState(259)) - Container #1 is in OPEN state, but the datanode 30c0a845-a217-4f15-8bab-f33012bc7910(fv-az202-370.ngw3kpfb2bguzbtcwuqjmbcvef.gx.internal.cloudapp.net/10.1.0.27) reports an CLOSED replica.
2023-04-15 16:32:39,324 [BlockDeletingService#3] INFO  interfaces.ContainerDeletionChoosingPolicyTemplate (ContainerDeletionChoosingPolicyTemplate.java:chooseContainerForBlockDeletion(83)) - Chosen 0/5000 blocks from 0 candidate containers.
2023-04-15 16:32:39,325 [BlockDeletingService#1] INFO  interfaces.ContainerDeletionChoosingPolicyTemplate (ContainerDeletionChoosingPolicyTemplate.java:chooseContainerForBlockDeletion(83)) - Chosen 0/5000 blocks from 0 candidate containers.
2023-04-15 16:32:39,410 [FixedThreadPoolWithAffinityExecutor-1-0] WARN  container.ContainerReportHandler (AbstractContainerReportHandler.java:updateContainerState(259)) - Container #1 is in OPEN state, but the datanode 0dee40cf-0d5a-47f0-9c10-89273726be1d(fv-az202-370.ngw3kpfb2bguzbtcwuqjmbcvef.gx.internal.cloudapp.net/10.1.0.27) reports an CLOSED replica.
2023-04-15 16:32:39,424 [BlockDeletingService#3] INFO  interfaces.ContainerDeletionChoosingPolicyTemplate (ContainerDeletionChoosingPolicyTemplate.java:chooseContainerForBlockDeletion(83)) - Chosen 0/5000 blocks from 0 candidate containers.
2023-04-15 16:32:39,425 [BlockDeletingService#1] INFO  interfaces.ContainerDeletionChoosingPolicyTemplate (ContainerDeletionChoosingPolicyTemplate.java:chooseContainerForBlockDeletion(83)) - Chosen 0/5000 blocks from 0 candidate containers.
2023-04-15 16:32:39,524 [BlockDeletingService#3] INFO  interfaces.ContainerDeletionChoosingPolicyTemplate (ContainerDeletionChoosingPolicyTemplate.java:chooseContainerForBlockDeletion(83)) - Chosen 0/5000 blocks from 0 candidate containers.
2023-04-15 16:32:39,525 [BlockDeletingService#1] INFO  interfaces.ContainerDeletionChoosingPolicyTemplate (ContainerDeletionChoosingPolicyTemplate.java:chooseContainerForBlockDeletion(83)) - Chosen 0/5000 blocks from 0 candidate containers.
2023-04-15 16:32:39,576 [FixedThreadPoolWithAffinityExecutor-0-0] WARN  container.ContainerReportHandler (AbstractContainerReportHandler.java:updateContainerState(259)) - Container #1 is in OPEN state, but the datanode 30c0a845-a217-4f15-8bab-f33012bc7910(fv-az202-370.ngw3kpfb2bguzbtcwuqjmbcvef.gx.internal.cloudapp.net/10.1.0.27) reports an CLOSED replica.
2023-04-15 16:32:39,625 [BlockDeletingService#3] INFO  interfaces.ContainerDeletionChoosingPolicyTemplate (ContainerDeletionChoosingPolicyTemplate.java:chooseContainerForBlockDeletion(83)) - Chosen 0/5000 blocks from 0 candidate containers.
2023-04-15 16:32:39,625 [BlockDeletingService#1] INFO  interfaces.ContainerDeletionChoosingPolicyTemplate (ContainerDeletionChoosingPolicyTemplate.java:chooseContainerForBlockDeletion(83)) - Chosen 0/5000 blocks from 0 candidate containers.
2023-04-15 16:32:39,714 [FixedThreadPoolWithAffinityExecutor-1-0] WARN  container.ContainerReportHandler (AbstractContainerReportHandler.java:updateContainerState(259)) - Container #1 is in OPEN state, but the datanode 0dee40cf-0d5a-47f0-9c10-89273726be1d(fv-az202-370.ngw3kpfb2bguzbtcwuqjmbcvef.gx.internal.cloudapp.net/10.1.0.27) reports an CLOSED replica.
2023-04-15 16:32:39,725 [BlockDeletingService#3] INFO  interfaces.ContainerDeletionChoosingPolicyTemplate (ContainerDeletionChoosingPolicyTemplate.java:chooseContainerForBlockDeletion(83)) - Chosen 0/5000 blocks from 0 candidate containers.
2023-04-15 16:32:39,725 [BlockDeletingService#1] INFO  interfaces.ContainerDeletionChoosingPolicyTemplate (ContainerDeletionChoosingPolicyTemplate.java:chooseContainerForBlockDeletion(83)) - Chosen 0/5000 blocks from 0 candidate containers.
2023-04-15 16:32:39,781 [FixedThreadPoolWithAffinityExecutor-0-0] WARN  container.ContainerReportHandler (AbstractContainerReportHandler.java:updateContainerState(259)) - Container #1 is in OPEN state, but the datanode 30c0a845-a217-4f15-8bab-f33012bc7910(fv-az202-370.ngw3kpfb2bguzbtcwuqjmbcvef.gx.internal.cloudapp.net/10.1.0.27) reports an CLOSED replica.
2023-04-15 16:32:39,825 [BlockDeletingService#3] INFO  interfaces.ContainerDeletionChoosingPolicyTemplate (ContainerDeletionChoosingPolicyTemplate.java:chooseContainerForBlockDeletion(83)) - Chosen 0/5000 blocks from 0 candidate containers.
2023-04-15 16:32:39,826 [BlockDeletingService#1] INFO  interfaces.ContainerDeletionChoosingPolicyTemplate (ContainerDeletionChoosingPolicyTemplate.java:chooseContainerForBlockDeletion(83)) - Chosen 0/5000 blocks from 0 candidate containers.
2023-04-15 16:32:39,925 [BlockDeletingService#3] INFO  interfaces.ContainerDeletionChoosingPolicyTemplate (ContainerDeletionChoosingPolicyTemplate.java:chooseContainerForBlockDeletion(83)) - Chosen 0/5000 blocks from 0 candidate containers.
2023-04-15 16:32:39,926 [BlockDeletingService#1] INFO  interfaces.ContainerDeletionChoosingPolicyTemplate (ContainerDeletionChoosingPolicyTemplate.java:chooseContainerForBlockDeletion(83)) - Chosen 0/5000 blocks from 0 candidate containers.
2023-04-15 16:32:40,015 [FixedThreadPoolWithAffinityExecutor-1-0] WARN  container.ContainerReportHandler (AbstractContainerReportHandler.java:updateContainerState(259)) - Container #1 is in OPEN state, but the datanode 0dee40cf-0d5a-47f0-9c10-89273726be1d(fv-az202-370.ngw3kpfb2bguzbtcwuqjmbcvef.gx.internal.cloudapp.net/10.1.0.27) reports an CLOSED replica.
2023-04-15 16:32:40,025 [BlockDeletingService#3] INFO  interfaces.ContainerDeletionChoosingPolicyTemplate (ContainerDeletionChoosingPolicyTemplate.java:chooseContainerForBlockDeletion(83)) - Chosen 0/5000 blocks from 0 candidate containers.
2023-04-15 16:32:40,026 [BlockDeletingService#1] INFO  interfaces.ContainerDeletionChoosingPolicyTemplate (ContainerDeletionChoosingPolicyTemplate.java:chooseContainerForBlockDeletion(83)) - Chosen 0/5000 blocks from 0 candidate containers.
2023-04-15 16:32:40,082 [FixedThreadPoolWithAffinityExecutor-0-0] WARN  container.ContainerReportHandler (AbstractContainerReportHandler.java:updateContainerState(259)) - Container #1 is in OPEN state, but the datanode 30c0a845-a217-4f15-8bab-f33012bc7910(fv-az202-370.ngw3kpfb2bguzbtcwuqjmbcvef.gx.internal.cloudapp.net/10.1.0.27) reports an CLOSED replica.
2023-04-15 16:32:40,123 [grpc-default-executor-3] WARN  server.GrpcLogAppender (LogUtils.java:warn(122)) - 30c0a845-a217-4f15-8bab-f33012bc7910@group-F40867945940->f16a70e5-fe04-4d06-9179-25c3ad8a94bb-AppendLogResponseHandler: Failed appendEntries: org.apache.ratis.thirdparty.io.grpc.StatusRuntimeException: UNAVAILABLE: io exception
2023-04-15 16:32:40,124 [grpc-default-executor-3] WARN  server.GrpcLogAppender (GrpcLogAppender.java:resetClient(131)) - 30c0a845-a217-4f15-8bab-f33012bc7910@group-F40867945940->f16a70e5-fe04-4d06-9179-25c3ad8a94bb-GrpcLogAppender: Leader has not got in touch with Follower 30c0a845-a217-4f15-8bab-f33012bc7910@group-F40867945940->f16a70e5-fe04-4d06-9179-25c3ad8a94bb(c-1,m0,n7, attendVote=true, lastRpcSendTime=0, lastRpcResponseTime=48326) yet, just keep nextIndex unchanged and retry.
2023-04-15 16:32:40,124 [grpc-default-executor-5] WARN  server.GrpcLogAppender (LogUtils.java:warn(122)) - 30c0a845-a217-4f15-8bab-f33012bc7910@group-F40867945940->f16a70e5-fe04-4d06-9179-25c3ad8a94bb-AppendLogResponseHandler: Failed appendEntries: org.apache.ratis.thirdparty.io.grpc.StatusRuntimeException: UNAVAILABLE: io exception
2023-04-15 16:32:40,124 [grpc-default-executor-5] WARN  server.GrpcLogAppender (GrpcLogAppender.java:resetClient(131)) - 30c0a845-a217-4f15-8bab-f33012bc7910@group-F40867945940->f16a70e5-fe04-4d06-9179-25c3ad8a94bb-GrpcLogAppender: Leader has not got in touch with Follower 30c0a845-a217-4f15-8bab-f33012bc7910@group-F40867945940->f16a70e5-fe04-4d06-9179-25c3ad8a94bb(c-1,m0,n7, attendVote=true, lastRpcSendTime=1, lastRpcResponseTime=48327) yet, just keep nextIndex unchanged and retry.
2023-04-15 16:32:40,126 [BlockDeletingService#3] INFO  interfaces.ContainerDeletionChoosingPolicyTemplate (ContainerDeletionChoosingPolicyTemplate.java:chooseContainerForBlockDeletion(83)) - Chosen 0/5000 blocks from 0 candidate containers.
2023-04-15 16:32:40,126 [BlockDeletingService#1] INFO  interfaces.ContainerDeletionChoosingPolicyTemplate (ContainerDeletionChoosingPolicyTemplate.java:chooseContainerForBlockDeletion(83)) - Chosen 0/5000 blocks from 0 candidate containers.
2023-04-15 16:32:40,214 [FixedThreadPoolWithAffinityExecutor-1-0] WARN  container.ContainerReportHandler (AbstractContainerReportHandler.java:updateContainerState(259)) - Container #1 is in OPEN state, but the datanode 0dee40cf-0d5a-47f0-9c10-89273726be1d(fv-az202-370.ngw3kpfb2bguzbtcwuqjmbcvef.gx.internal.cloudapp.net/10.1.0.27) reports an CLOSED replica.
2023-04-15 16:32:40,226 [BlockDeletingService#3] INFO  interfaces.ContainerDeletionChoosingPolicyTemplate (ContainerDeletionChoosingPolicyTemplate.java:chooseContainerForBlockDeletion(83)) - Chosen 0/5000 blocks from 0 candidate containers.
2023-04-15 16:32:40,226 [BlockDeletingService#1] INFO  interfaces.ContainerDeletionChoosingPolicyTemplate (ContainerDeletionChoosingPolicyTemplate.java:chooseContainerForBlockDeletion(83)) - Chosen 0/5000 blocks from 0 candidate containers.
2023-04-15 16:32:40,326 [BlockDeletingService#3] INFO  interfaces.ContainerDeletionChoosingPolicyTemplate (ContainerDeletionChoosingPolicyTemplate.java:chooseContainerForBlockDeletion(83)) - Chosen 0/5000 blocks from 0 candidate containers.
2023-04-15 16:32:40,326 [BlockDeletingService#1] INFO  interfaces.ContainerDeletionChoosingPolicyTemplate (ContainerDeletionChoosingPolicyTemplate.java:chooseContainerForBlockDeletion(83)) - Chosen 0/5000 blocks from 0 candidate containers.
2023-04-15 16:32:40,381 [FixedThreadPoolWithAffinityExecutor-0-0] WARN  container.ContainerReportHandler (AbstractContainerReportHandler.java:updateContainerState(259)) - Container #1 is in OPEN state, but the datanode 30c0a845-a217-4f15-8bab-f33012bc7910(fv-az202-370.ngw3kpfb2bguzbtcwuqjmbcvef.gx.internal.cloudapp.net/10.1.0.27) reports an CLOSED replica.
2023-04-15 16:32:40,426 [BlockDeletingService#3] INFO  interfaces.ContainerDeletionChoosingPolicyTemplate (ContainerDeletionChoosingPolicyTemplate.java:chooseContainerForBlockDeletion(83)) - Chosen 0/5000 blocks from 0 candidate containers.
2023-04-15 16:32:40,426 [BlockDeletingService#1] INFO  interfaces.ContainerDeletionChoosingPolicyTemplate (ContainerDeletionChoosingPolicyTemplate.java:chooseContainerForBlockDeletion(83)) - Chosen 0/5000 blocks from 0 candidate containers.
2023-04-15 16:32:40,515 [FixedThreadPoolWithAffinityExecutor-1-0] WARN  container.ContainerReportHandler (AbstractContainerReportHandler.java:updateContainerState(259)) - Container #1 is in OPEN state, but the datanode 0dee40cf-0d5a-47f0-9c10-89273726be1d(fv-az202-370.ngw3kpfb2bguzbtcwuqjmbcvef.gx.internal.cloudapp.net/10.1.0.27) reports an CLOSED replica.
2023-04-15 16:32:40,526 [BlockDeletingService#3] INFO  interfaces.ContainerDeletionChoosingPolicyTemplate (ContainerDeletionChoosingPolicyTemplate.java:chooseContainerForBlockDeletion(83)) - Chosen 0/5000 blocks from 0 candidate containers.
2023-04-15 16:32:40,526 [BlockDeletingService#1] INFO  interfaces.ContainerDeletionChoosingPolicyTemplate (ContainerDeletionChoosingPolicyTemplate.java:chooseContainerForBlockDeletion(83)) - Chosen 0/5000 blocks from 0 candidate containers.
2023-04-15 16:32:40,581 [FixedThreadPoolWithAffinityExecutor-0-0] WARN  container.ContainerReportHandler (AbstractContainerReportHandler.java:updateContainerState(259)) - Container #1 is in OPEN state, but the datanode 30c0a845-a217-4f15-8bab-f33012bc7910(fv-az202-370.ngw3kpfb2bguzbtcwuqjmbcvef.gx.internal.cloudapp.net/10.1.0.27) reports an CLOSED replica.
2023-04-15 16:32:40,626 [BlockDeletingService#3] INFO  interfaces.ContainerDeletionChoosingPolicyTemplate (ContainerDeletionChoosingPolicyTemplate.java:chooseContainerForBlockDeletion(83)) - Chosen 0/5000 blocks from 0 candidate containers.
2023-04-15 16:32:40,626 [BlockDeletingService#1] INFO  interfaces.ContainerDeletionChoosingPolicyTemplate (ContainerDeletionChoosingPolicyTemplate.java:chooseContainerForBlockDeletion(83)) - Chosen 0/5000 blocks from 0 candidate containers.
2023-04-15 16:32:40,727 [BlockDeletingService#3] INFO  interfaces.ContainerDeletionChoosingPolicyTemplate (ContainerDeletionChoosingPolicyTemplate.java:chooseContainerForBlockDeletion(83)) - Chosen 0/5000 blocks from 0 candidate containers.
2023-04-15 16:32:40,727 [BlockDeletingService#1] INFO  interfaces.ContainerDeletionChoosingPolicyTemplate (ContainerDeletionChoosingPolicyTemplate.java:chooseContainerForBlockDeletion(83)) - Chosen 0/5000 blocks from 0 candidate containers.
2023-04-15 16:32:40,815 [FixedThreadPoolWithAffinityExecutor-1-0] WARN  container.ContainerReportHandler (AbstractContainerReportHandler.java:updateContainerState(259)) - Container #1 is in OPEN state, but the datanode 0dee40cf-0d5a-47f0-9c10-89273726be1d(fv-az202-370.ngw3kpfb2bguzbtcwuqjmbcvef.gx.internal.cloudapp.net/10.1.0.27) reports an CLOSED replica.
2023-04-15 16:32:40,827 [BlockDeletingService#3] INFO  interfaces.ContainerDeletionChoosingPolicyTemplate (ContainerDeletionChoosingPolicyTemplate.java:chooseContainerForBlockDeletion(83)) - Chosen 0/5000 blocks from 0 candidate containers.
2023-04-15 16:32:40,827 [BlockDeletingService#1] INFO  interfaces.ContainerDeletionChoosingPolicyTemplate (ContainerDeletionChoosingPolicyTemplate.java:chooseContainerForBlockDeletion(83)) - Chosen 0/5000 blocks from 0 candidate containers.
2023-04-15 16:32:40,881 [FixedThreadPoolWithAffinityExecutor-0-0] WARN  container.ContainerReportHandler (AbstractContainerReportHandler.java:updateContainerState(259)) - Container #1 is in OPEN state, but the datanode 30c0a845-a217-4f15-8bab-f33012bc7910(fv-az202-370.ngw3kpfb2bguzbtcwuqjmbcvef.gx.internal.cloudapp.net/10.1.0.27) reports an CLOSED replica.
2023-04-15 16:32:40,927 [BlockDeletingService#3] INFO  interfaces.ContainerDeletionChoosingPolicyTemplate (ContainerDeletionChoosingPolicyTemplate.java:chooseContainerForBlockDeletion(83)) - Chosen 0/5000 blocks from 0 candidate containers.
2023-04-15 16:32:40,927 [BlockDeletingService#1] INFO  interfaces.ContainerDeletionChoosingPolicyTemplate (ContainerDeletionChoosingPolicyTemplate.java:chooseContainerForBlockDeletion(83)) - Chosen 0/5000 blocks from 0 candidate containers.
2023-04-15 16:32:41,027 [BlockDeletingService#3] INFO  interfaces.ContainerDeletionChoosingPolicyTemplate (ContainerDeletionChoosingPolicyTemplate.java:chooseContainerForBlockDeletion(83)) - Chosen 0/5000 blocks from 0 candidate containers.
2023-04-15 16:32:41,027 [BlockDeletingService#1] INFO  interfaces.ContainerDeletionChoosingPolicyTemplate (ContainerDeletionChoosingPolicyTemplate.java:chooseContainerForBlockDeletion(83)) - Chosen 0/5000 blocks from 0 candidate containers.
2023-04-15 16:32:41,081 [FixedThreadPoolWithAffinityExecutor-0-0] WARN  container.ContainerReportHandler (AbstractContainerReportHandler.java:updateContainerState(259)) - Container #1 is in OPEN state, but the datanode 30c0a845-a217-4f15-8bab-f33012bc7910(fv-az202-370.ngw3kpfb2bguzbtcwuqjmbcvef.gx.internal.cloudapp.net/10.1.0.27) reports an CLOSED replica.
2023-04-15 16:32:41,115 [FixedThreadPoolWithAffinityExecutor-1-0] WARN  container.ContainerReportHandler (AbstractContainerReportHandler.java:updateContainerState(259)) - Container #1 is in OPEN state, but the datanode 0dee40cf-0d5a-47f0-9c10-89273726be1d(fv-az202-370.ngw3kpfb2bguzbtcwuqjmbcvef.gx.internal.cloudapp.net/10.1.0.27) reports an CLOSED replica.
2023-04-15 16:32:41,127 [BlockDeletingService#3] INFO  interfaces.ContainerDeletionChoosingPolicyTemplate (ContainerDeletionChoosingPolicyTemplate.java:chooseContainerForBlockDeletion(83)) - Chosen 0/5000 blocks from 0 candidate containers.
2023-04-15 16:32:41,127 [BlockDeletingService#1] INFO  interfaces.ContainerDeletionChoosingPolicyTemplate (ContainerDeletionChoosingPolicyTemplate.java:chooseContainerForBlockDeletion(83)) - Chosen 0/5000 blocks from 0 candidate containers.
2023-04-15 16:32:41,227 [BlockDeletingService#3] INFO  interfaces.ContainerDeletionChoosingPolicyTemplate (ContainerDeletionChoosingPolicyTemplate.java:chooseContainerForBlockDeletion(83)) - Chosen 0/5000 blocks from 0 candidate containers.
2023-04-15 16:32:41,228 [BlockDeletingService#1] INFO  interfaces.ContainerDeletionChoosingPolicyTemplate (ContainerDeletionChoosingPolicyTemplate.java:chooseContainerForBlockDeletion(83)) - Chosen 0/5000 blocks from 0 candidate containers.
2023-04-15 16:32:41,315 [FixedThreadPoolWithAffinityExecutor-1-0] WARN  container.ContainerReportHandler (AbstractContainerReportHandler.java:updateContainerState(259)) - Container #1 is in OPEN state, but the datanode 0dee40cf-0d5a-47f0-9c10-89273726be1d(fv-az202-370.ngw3kpfb2bguzbtcwuqjmbcvef.gx.internal.cloudapp.net/10.1.0.27) reports an CLOSED replica.
2023-04-15 16:32:41,328 [BlockDeletingService#3] INFO  interfaces.ContainerDeletionChoosingPolicyTemplate (ContainerDeletionChoosingPolicyTemplate.java:chooseContainerForBlockDeletion(83)) - Chosen 0/5000 blocks from 0 candidate containers.
2023-04-15 16:32:41,328 [BlockDeletingService#1] INFO  interfaces.ContainerDeletionChoosingPolicyTemplate (ContainerDeletionChoosingPolicyTemplate.java:chooseContainerForBlockDeletion(83)) - Chosen 0/5000 blocks from 0 candidate containers.
2023-04-15 16:32:41,374 [grpc-default-executor-5] WARN  server.GrpcLogAppender (LogUtils.java:warn(122)) - 30c0a845-a217-4f15-8bab-f33012bc7910@group-F40867945940->f16a70e5-fe04-4d06-9179-25c3ad8a94bb-AppendLogResponseHandler: Failed appendEntries: org.apache.ratis.thirdparty.io.grpc.StatusRuntimeException: UNAVAILABLE: io exception
2023-04-15 16:32:41,374 [grpc-default-executor-3] WARN  server.GrpcLogAppender (LogUtils.java:warn(122)) - 30c0a845-a217-4f15-8bab-f33012bc7910@group-F40867945940->f16a70e5-fe04-4d06-9179-25c3ad8a94bb-AppendLogResponseHandler: Failed appendEntries: org.apache.ratis.thirdparty.io.grpc.StatusRuntimeException: UNAVAILABLE: io exception
2023-04-15 16:32:41,374 [grpc-default-executor-5] WARN  server.GrpcLogAppender (GrpcLogAppender.java:resetClient(131)) - 30c0a845-a217-4f15-8bab-f33012bc7910@group-F40867945940->f16a70e5-fe04-4d06-9179-25c3ad8a94bb-GrpcLogAppender: Leader has not got in touch with Follower 30c0a845-a217-4f15-8bab-f33012bc7910@group-F40867945940->f16a70e5-fe04-4d06-9179-25c3ad8a94bb(c-1,m0,n7, attendVote=true, lastRpcSendTime=0, lastRpcResponseTime=49577) yet, just keep nextIndex unchanged and retry.
2023-04-15 16:32:41,375 [grpc-default-executor-3] WARN  server.GrpcLogAppender (GrpcLogAppender.java:resetClient(131)) - 30c0a845-a217-4f15-8bab-f33012bc7910@group-F40867945940->f16a70e5-fe04-4d06-9179-25c3ad8a94bb-GrpcLogAppender: Leader has not got in touch with Follower 30c0a845-a217-4f15-8bab-f33012bc7910@group-F40867945940->f16a70e5-fe04-4d06-9179-25c3ad8a94bb(c-1,m0,n7, attendVote=true, lastRpcSendTime=1, lastRpcResponseTime=49577) yet, just keep nextIndex unchanged and retry.
2023-04-15 16:32:41,381 [FixedThreadPoolWithAffinityExecutor-0-0] WARN  container.ContainerReportHandler (AbstractContainerReportHandler.java:updateContainerState(259)) - Container #1 is in OPEN state, but the datanode 30c0a845-a217-4f15-8bab-f33012bc7910(fv-az202-370.ngw3kpfb2bguzbtcwuqjmbcvef.gx.internal.cloudapp.net/10.1.0.27) reports an CLOSED replica.
2023-04-15 16:32:41,428 [BlockDeletingService#3] INFO  interfaces.ContainerDeletionChoosingPolicyTemplate (ContainerDeletionChoosingPolicyTemplate.java:chooseContainerForBlockDeletion(83)) - Chosen 0/5000 blocks from 0 candidate containers.
2023-04-15 16:32:41,428 [BlockDeletingService#1] INFO  interfaces.ContainerDeletionChoosingPolicyTemplate (ContainerDeletionChoosingPolicyTemplate.java:chooseContainerForBlockDeletion(83)) - Chosen 0/5000 blocks from 0 candidate containers.
2023-04-15 16:32:41,528 [BlockDeletingService#3] INFO  interfaces.ContainerDeletionChoosingPolicyTemplate (ContainerDeletionChoosingPolicyTemplate.java:chooseContainerForBlockDeletion(83)) - Chosen 0/5000 blocks from 0 candidate containers.
2023-04-15 16:32:41,528 [BlockDeletingService#1] INFO  interfaces.ContainerDeletionChoosingPolicyTemplate (ContainerDeletionChoosingPolicyTemplate.java:chooseContainerForBlockDeletion(83)) - Chosen 0/5000 blocks from 0 candidate containers.
2023-04-15 16:32:41,581 [FixedThreadPoolWithAffinityExecutor-0-0] WARN  container.ContainerReportHandler (AbstractContainerReportHandler.java:updateContainerState(259)) - Container #1 is in OPEN state, but the datanode 30c0a845-a217-4f15-8bab-f33012bc7910(fv-az202-370.ngw3kpfb2bguzbtcwuqjmbcvef.gx.internal.cloudapp.net/10.1.0.27) reports an CLOSED replica.
2023-04-15 16:32:41,615 [FixedThreadPoolWithAffinityExecutor-1-0] WARN  container.ContainerReportHandler (AbstractContainerReportHandler.java:updateContainerState(259)) - Container #1 is in OPEN state, but the datanode 0dee40cf-0d5a-47f0-9c10-89273726be1d(fv-az202-370.ngw3kpfb2bguzbtcwuqjmbcvef.gx.internal.cloudapp.net/10.1.0.27) reports an CLOSED replica.
2023-04-15 16:32:41,628 [BlockDeletingService#3] INFO  interfaces.ContainerDeletionChoosingPolicyTemplate (ContainerDeletionChoosingPolicyTemplate.java:chooseContainerForBlockDeletion(83)) - Chosen 0/5000 blocks from 0 candidate containers.
2023-04-15 16:32:41,628 [BlockDeletingService#1] INFO  interfaces.ContainerDeletionChoosingPolicyTemplate (ContainerDeletionChoosingPolicyTemplate.java:chooseContainerForBlockDeletion(83)) - Chosen 0/5000 blocks from 0 candidate containers.
2023-04-15 16:32:41,728 [BlockDeletingService#3] INFO  interfaces.ContainerDeletionChoosingPolicyTemplate (ContainerDeletionChoosingPolicyTemplate.java:chooseContainerForBlockDeletion(83)) - Chosen 0/5000 blocks from 0 candidate containers.
2023-04-15 16:32:41,728 [BlockDeletingService#1] INFO  interfaces.ContainerDeletionChoosingPolicyTemplate (ContainerDeletionChoosingPolicyTemplate.java:chooseContainerForBlockDeletion(83)) - Chosen 0/5000 blocks from 0 candidate containers.
2023-04-15 16:32:41,828 [BlockDeletingService#3] INFO  interfaces.ContainerDeletionChoosingPolicyTemplate (ContainerDeletionChoosingPolicyTemplate.java:chooseContainerForBlockDeletion(83)) - Chosen 0/5000 blocks from 0 candidate containers.
2023-04-15 16:32:41,829 [BlockDeletingService#1] INFO  interfaces.ContainerDeletionChoosingPolicyTemplate (ContainerDeletionChoosingPolicyTemplate.java:chooseContainerForBlockDeletion(83)) - Chosen 0/5000 blocks from 0 candidate containers.
2023-04-15 16:32:41,881 [FixedThreadPoolWithAffinityExecutor-0-0] WARN  container.ContainerReportHandler (AbstractContainerReportHandler.java:updateContainerState(259)) - Container #1 is in OPEN state, but the datanode 30c0a845-a217-4f15-8bab-f33012bc7910(fv-az202-370.ngw3kpfb2bguzbtcwuqjmbcvef.gx.internal.cloudapp.net/10.1.0.27) reports an CLOSED replica.
2023-04-15 16:32:41,916 [FixedThreadPoolWithAffinityExecutor-1-0] WARN  container.ContainerReportHandler (AbstractContainerReportHandler.java:updateContainerState(259)) - Container #1 is in OPEN state, but the datanode 0dee40cf-0d5a-47f0-9c10-89273726be1d(fv-az202-370.ngw3kpfb2bguzbtcwuqjmbcvef.gx.internal.cloudapp.net/10.1.0.27) reports an CLOSED replica.
2023-04-15 16:32:41,929 [BlockDeletingService#3] INFO  interfaces.ContainerDeletionChoosingPolicyTemplate (ContainerDeletionChoosingPolicyTemplate.java:chooseContainerForBlockDeletion(83)) - Chosen 0/5000 blocks from 0 candidate containers.
2023-04-15 16:32:41,929 [BlockDeletingService#1] INFO  interfaces.ContainerDeletionChoosingPolicyTemplate (ContainerDeletionChoosingPolicyTemplate.java:chooseContainerForBlockDeletion(83)) - Chosen 0/5000 blocks from 0 candidate containers.
2023-04-15 16:32:42,029 [BlockDeletingService#3] INFO  interfaces.ContainerDeletionChoosingPolicyTemplate (ContainerDeletionChoosingPolicyTemplate.java:chooseContainerForBlockDeletion(83)) - Chosen 0/5000 blocks from 0 candidate containers.
2023-04-15 16:32:42,029 [BlockDeletingService#1] INFO  interfaces.ContainerDeletionChoosingPolicyTemplate (ContainerDeletionChoosingPolicyTemplate.java:chooseContainerForBlockDeletion(83)) - Chosen 0/5000 blocks from 0 candidate containers.
2023-04-15 16:32:42,081 [FixedThreadPoolWithAffinityExecutor-0-0] WARN  container.ContainerReportHandler (AbstractContainerReportHandler.java:updateContainerState(259)) - Container #1 is in OPEN state, but the datanode 30c0a845-a217-4f15-8bab-f33012bc7910(fv-az202-370.ngw3kpfb2bguzbtcwuqjmbcvef.gx.internal.cloudapp.net/10.1.0.27) reports an CLOSED replica.
2023-04-15 16:32:42,129 [BlockDeletingService#3] INFO  interfaces.ContainerDeletionChoosingPolicyTemplate (ContainerDeletionChoosingPolicyTemplate.java:chooseContainerForBlockDeletion(83)) - Chosen 0/5000 blocks from 0 candidate containers.
2023-04-15 16:32:42,129 [BlockDeletingService#1] INFO  interfaces.ContainerDeletionChoosingPolicyTemplate (ContainerDeletionChoosingPolicyTemplate.java:chooseContainerForBlockDeletion(83)) - Chosen 0/5000 blocks from 0 candidate containers.
2023-04-15 16:32:42,215 [FixedThreadPoolWithAffinityExecutor-1-0] WARN  container.ContainerReportHandler (AbstractContainerReportHandler.java:updateContainerState(259)) - Container #1 is in OPEN state, but the datanode 0dee40cf-0d5a-47f0-9c10-89273726be1d(fv-az202-370.ngw3kpfb2bguzbtcwuqjmbcvef.gx.internal.cloudapp.net/10.1.0.27) reports an CLOSED replica.
2023-04-15 16:32:42,229 [BlockDeletingService#3] INFO  interfaces.ContainerDeletionChoosingPolicyTemplate (ContainerDeletionChoosingPolicyTemplate.java:chooseContainerForBlockDeletion(83)) - Chosen 0/5000 blocks from 0 candidate containers.
2023-04-15 16:32:42,229 [BlockDeletingService#1] INFO  interfaces.ContainerDeletionChoosingPolicyTemplate (ContainerDeletionChoosingPolicyTemplate.java:chooseContainerForBlockDeletion(83)) - Chosen 0/5000 blocks from 0 candidate containers.
2023-04-15 16:32:42,329 [BlockDeletingService#3] INFO  interfaces.ContainerDeletionChoosingPolicyTemplate (ContainerDeletionChoosingPolicyTemplate.java:chooseContainerForBlockDeletion(83)) - Chosen 0/5000 blocks from 0 candidate containers.
2023-04-15 16:32:42,329 [BlockDeletingService#1] INFO  interfaces.ContainerDeletionChoosingPolicyTemplate (ContainerDeletionChoosingPolicyTemplate.java:chooseContainerForBlockDeletion(83)) - Chosen 0/5000 blocks from 0 candidate containers.
2023-04-15 16:32:42,381 [FixedThreadPoolWithAffinityExecutor-0-0] WARN  container.ContainerReportHandler (AbstractContainerReportHandler.java:updateContainerState(259)) - Container #1 is in OPEN state, but the datanode 30c0a845-a217-4f15-8bab-f33012bc7910(fv-az202-370.ngw3kpfb2bguzbtcwuqjmbcvef.gx.internal.cloudapp.net/10.1.0.27) reports an CLOSED replica.
2023-04-15 16:32:42,415 [FixedThreadPoolWithAffinityExecutor-1-0] WARN  container.ContainerReportHandler (AbstractContainerReportHandler.java:updateContainerState(259)) - Container #1 is in OPEN state, but the datanode 0dee40cf-0d5a-47f0-9c10-89273726be1d(fv-az202-370.ngw3kpfb2bguzbtcwuqjmbcvef.gx.internal.cloudapp.net/10.1.0.27) reports an CLOSED replica.
2023-04-15 16:32:42,430 [BlockDeletingService#1] INFO  interfaces.ContainerDeletionChoosingPolicyTemplate (ContainerDeletionChoosingPolicyTemplate.java:chooseContainerForBlockDeletion(83)) - Chosen 0/5000 blocks from 0 candidate containers.
2023-04-15 16:32:42,430 [BlockDeletingService#3] INFO  interfaces.ContainerDeletionChoosingPolicyTemplate (ContainerDeletionChoosingPolicyTemplate.java:chooseContainerForBlockDeletion(83)) - Chosen 0/5000 blocks from 0 candidate containers.
2023-04-15 16:32:42,530 [BlockDeletingService#1] INFO  interfaces.ContainerDeletionChoosingPolicyTemplate (ContainerDeletionChoosingPolicyTemplate.java:chooseContainerForBlockDeletion(83)) - Chosen 0/5000 blocks from 0 candidate containers.
2023-04-15 16:32:42,530 [BlockDeletingService#3] INFO  interfaces.ContainerDeletionChoosingPolicyTemplate (ContainerDeletionChoosingPolicyTemplate.java:chooseContainerForBlockDeletion(83)) - Chosen 0/5000 blocks from 0 candidate containers.
2023-04-15 16:32:42,624 [grpc-default-executor-3] WARN  server.GrpcLogAppender (LogUtils.java:warn(122)) - 30c0a845-a217-4f15-8bab-f33012bc7910@group-F40867945940->f16a70e5-fe04-4d06-9179-25c3ad8a94bb-AppendLogResponseHandler: Failed appendEntries: org.apache.ratis.thirdparty.io.grpc.StatusRuntimeException: UNAVAILABLE: io exception
2023-04-15 16:32:42,624 [grpc-default-executor-5] WARN  server.GrpcLogAppender (LogUtils.java:warn(122)) - 30c0a845-a217-4f15-8bab-f33012bc7910@group-F40867945940->f16a70e5-fe04-4d06-9179-25c3ad8a94bb-AppendLogResponseHandler: Failed appendEntries: org.apache.ratis.thirdparty.io.grpc.StatusRuntimeException: UNAVAILABLE: io exception
2023-04-15 16:32:42,625 [grpc-default-executor-3] WARN  server.GrpcLogAppender (GrpcLogAppender.java:resetClient(131)) - 30c0a845-a217-4f15-8bab-f33012bc7910@group-F40867945940->f16a70e5-fe04-4d06-9179-25c3ad8a94bb-GrpcLogAppender: Leader has not got in touch with Follower 30c0a845-a217-4f15-8bab-f33012bc7910@group-F40867945940->f16a70e5-fe04-4d06-9179-25c3ad8a94bb(c-1,m0,n7, attendVote=true, lastRpcSendTime=0, lastRpcResponseTime=50827) yet, just keep nextIndex unchanged and retry.
2023-04-15 16:32:42,626 [grpc-default-executor-5] WARN  server.GrpcLogAppender (GrpcLogAppender.java:resetClient(131)) - 30c0a845-a217-4f15-8bab-f33012bc7910@group-F40867945940->f16a70e5-fe04-4d06-9179-25c3ad8a94bb-GrpcLogAppender: Leader has not got in touch with Follower 30c0a845-a217-4f15-8bab-f33012bc7910@group-F40867945940->f16a70e5-fe04-4d06-9179-25c3ad8a94bb(c-1,m0,n7, attendVote=true, lastRpcSendTime=1, lastRpcResponseTime=50828) yet, just keep nextIndex unchanged and retry.
2023-04-15 16:32:42,630 [BlockDeletingService#1] INFO  interfaces.ContainerDeletionChoosingPolicyTemplate (ContainerDeletionChoosingPolicyTemplate.java:chooseContainerForBlockDeletion(83)) - Chosen 0/5000 blocks from 0 candidate containers.
2023-04-15 16:32:42,630 [BlockDeletingService#3] INFO  interfaces.ContainerDeletionChoosingPolicyTemplate (ContainerDeletionChoosingPolicyTemplate.java:chooseContainerForBlockDeletion(83)) - Chosen 0/5000 blocks from 0 candidate containers.
2023-04-15 16:32:42,681 [FixedThreadPoolWithAffinityExecutor-0-0] WARN  container.ContainerReportHandler (AbstractContainerReportHandler.java:updateContainerState(259)) - Container #1 is in OPEN state, but the datanode 30c0a845-a217-4f15-8bab-f33012bc7910(fv-az202-370.ngw3kpfb2bguzbtcwuqjmbcvef.gx.internal.cloudapp.net/10.1.0.27) reports an CLOSED replica.
2023-04-15 16:32:42,718 [FixedThreadPoolWithAffinityExecutor-1-0] WARN  container.ContainerReportHandler (AbstractContainerReportHandler.java:updateContainerState(259)) - Container #1 is in OPEN state, but the datanode 0dee40cf-0d5a-47f0-9c10-89273726be1d(fv-az202-370.ngw3kpfb2bguzbtcwuqjmbcvef.gx.internal.cloudapp.net/10.1.0.27) reports an CLOSED replica.
2023-04-15 16:32:42,730 [BlockDeletingService#1] INFO  interfaces.ContainerDeletionChoosingPolicyTemplate (ContainerDeletionChoosingPolicyTemplate.java:chooseContainerForBlockDeletion(83)) - Chosen 0/5000 blocks from 0 candidate containers.
2023-04-15 16:32:42,730 [BlockDeletingService#3] INFO  interfaces.ContainerDeletionChoosingPolicyTemplate (ContainerDeletionChoosingPolicyTemplate.java:chooseContainerForBlockDeletion(83)) - Chosen 0/5000 blocks from 0 candidate containers.
2023-04-15 16:32:42,830 [BlockDeletingService#1] INFO  interfaces.ContainerDeletionChoosingPolicyTemplate (ContainerDeletionChoosingPolicyTemplate.java:chooseContainerForBlockDeletion(83)) - Chosen 0/5000 blocks from 0 candidate containers.
2023-04-15 16:32:42,830 [BlockDeletingService#3] INFO  interfaces.ContainerDeletionChoosingPolicyTemplate (ContainerDeletionChoosingPolicyTemplate.java:chooseContainerForBlockDeletion(83)) - Chosen 0/5000 blocks from 0 candidate containers.
2023-04-15 16:32:42,884 [FixedThreadPoolWithAffinityExecutor-0-0] WARN  container.ContainerReportHandler (AbstractContainerReportHandler.java:updateContainerState(259)) - Container #1 is in OPEN state, but the datanode 30c0a845-a217-4f15-8bab-f33012bc7910(fv-az202-370.ngw3kpfb2bguzbtcwuqjmbcvef.gx.internal.cloudapp.net/10.1.0.27) reports an CLOSED replica.
2023-04-15 16:32:42,930 [BlockDeletingService#1] INFO  interfaces.ContainerDeletionChoosingPolicyTemplate (ContainerDeletionChoosingPolicyTemplate.java:chooseContainerForBlockDeletion(83)) - Chosen 0/5000 blocks from 0 candidate containers.
2023-04-15 16:32:42,930 [BlockDeletingService#3] INFO  interfaces.ContainerDeletionChoosingPolicyTemplate (ContainerDeletionChoosingPolicyTemplate.java:chooseContainerForBlockDeletion(83)) - Chosen 0/5000 blocks from 0 candidate containers.
2023-04-15 16:32:43,018 [FixedThreadPoolWithAffinityExecutor-1-0] WARN  container.ContainerReportHandler (AbstractContainerReportHandler.java:updateContainerState(259)) - Container #1 is in OPEN state, but the datanode 0dee40cf-0d5a-47f0-9c10-89273726be1d(fv-az202-370.ngw3kpfb2bguzbtcwuqjmbcvef.gx.internal.cloudapp.net/10.1.0.27) reports an CLOSED replica.
2023-04-15 16:32:43,030 [BlockDeletingService#1] INFO  interfaces.ContainerDeletionChoosingPolicyTemplate (ContainerDeletionChoosingPolicyTemplate.java:chooseContainerForBlockDeletion(83)) - Chosen 0/5000 blocks from 0 candidate containers.
2023-04-15 16:32:43,031 [BlockDeletingService#3] INFO  interfaces.ContainerDeletionChoosingPolicyTemplate (ContainerDeletionChoosingPolicyTemplate.java:chooseContainerForBlockDeletion(83)) - Chosen 0/5000 blocks from 0 candidate containers.
2023-04-15 16:32:43,131 [BlockDeletingService#1] INFO  interfaces.ContainerDeletionChoosingPolicyTemplate (ContainerDeletionChoosingPolicyTemplate.java:chooseContainerForBlockDeletion(83)) - Chosen 0/5000 blocks from 0 candidate containers.
2023-04-15 16:32:43,131 [BlockDeletingService#3] INFO  interfaces.ContainerDeletionChoosingPolicyTemplate (ContainerDeletionChoosingPolicyTemplate.java:chooseContainerForBlockDeletion(83)) - Chosen 0/5000 blocks from 0 candidate containers.
2023-04-15 16:32:43,184 [FixedThreadPoolWithAffinityExecutor-0-0] WARN  container.ContainerReportHandler (AbstractContainerReportHandler.java:updateContainerState(259)) - Container #1 is in OPEN state, but the datanode 30c0a845-a217-4f15-8bab-f33012bc7910(fv-az202-370.ngw3kpfb2bguzbtcwuqjmbcvef.gx.internal.cloudapp.net/10.1.0.27) reports an CLOSED replica.
2023-04-15 16:32:43,218 [FixedThreadPoolWithAffinityExecutor-1-0] WARN  container.ContainerReportHandler (AbstractContainerReportHandler.java:updateContainerState(259)) - Container #1 is in OPEN state, but the datanode 0dee40cf-0d5a-47f0-9c10-89273726be1d(fv-az202-370.ngw3kpfb2bguzbtcwuqjmbcvef.gx.internal.cloudapp.net/10.1.0.27) reports an CLOSED replica.
2023-04-15 16:32:43,231 [BlockDeletingService#1] INFO  interfaces.ContainerDeletionChoosingPolicyTemplate (ContainerDeletionChoosingPolicyTemplate.java:chooseContainerForBlockDeletion(83)) - Chosen 0/5000 blocks from 0 candidate containers.
2023-04-15 16:32:43,231 [BlockDeletingService#3] INFO  interfaces.ContainerDeletionChoosingPolicyTemplate (ContainerDeletionChoosingPolicyTemplate.java:chooseContainerForBlockDeletion(83)) - Chosen 0/5000 blocks from 0 candidate containers.
2023-04-15 16:32:43,331 [BlockDeletingService#1] INFO  interfaces.ContainerDeletionChoosingPolicyTemplate (ContainerDeletionChoosingPolicyTemplate.java:chooseContainerForBlockDeletion(83)) - Chosen 0/5000 blocks from 0 candidate containers.
2023-04-15 16:32:43,331 [BlockDeletingService#3] INFO  interfaces.ContainerDeletionChoosingPolicyTemplate (ContainerDeletionChoosingPolicyTemplate.java:chooseContainerForBlockDeletion(83)) - Chosen 0/5000 blocks from 0 candidate containers.
2023-04-15 16:32:43,388 [FixedThreadPoolWithAffinityExecutor-0-0] WARN  container.ContainerReportHandler (AbstractContainerReportHandler.java:updateContainerState(259)) - Container #1 is in OPEN state, but the datanode 30c0a845-a217-4f15-8bab-f33012bc7910(fv-az202-370.ngw3kpfb2bguzbtcwuqjmbcvef.gx.internal.cloudapp.net/10.1.0.27) reports an CLOSED replica.
2023-04-15 16:32:43,431 [BlockDeletingService#1] INFO  interfaces.ContainerDeletionChoosingPolicyTemplate (ContainerDeletionChoosingPolicyTemplate.java:chooseContainerForBlockDeletion(83)) - Chosen 0/5000 blocks from 0 candidate containers.
2023-04-15 16:32:43,431 [BlockDeletingService#3] INFO  interfaces.ContainerDeletionChoosingPolicyTemplate (ContainerDeletionChoosingPolicyTemplate.java:chooseContainerForBlockDeletion(83)) - Chosen 0/5000 blocks from 0 candidate containers.
2023-04-15 16:32:43,518 [FixedThreadPoolWithAffinityExecutor-1-0] WARN  container.ContainerReportHandler (AbstractContainerReportHandler.java:updateContainerState(259)) - Container #1 is in OPEN state, but the datanode 0dee40cf-0d5a-47f0-9c10-89273726be1d(fv-az202-370.ngw3kpfb2bguzbtcwuqjmbcvef.gx.internal.cloudapp.net/10.1.0.27) reports an CLOSED replica.
2023-04-15 16:32:43,531 [BlockDeletingService#1] INFO  interfaces.ContainerDeletionChoosingPolicyTemplate (ContainerDeletionChoosingPolicyTemplate.java:chooseContainerForBlockDeletion(83)) - Chosen 0/5000 blocks from 0 candidate containers.
2023-04-15 16:32:43,531 [BlockDeletingService#3] INFO  interfaces.ContainerDeletionChoosingPolicyTemplate (ContainerDeletionChoosingPolicyTemplate.java:chooseContainerForBlockDeletion(83)) - Chosen 0/5000 blocks from 0 candidate containers.
2023-04-15 16:32:43,631 [BlockDeletingService#1] INFO  interfaces.ContainerDeletionChoosingPolicyTemplate (ContainerDeletionChoosingPolicyTemplate.java:chooseContainerForBlockDeletion(83)) - Chosen 0/5000 blocks from 0 candidate containers.
2023-04-15 16:32:43,632 [BlockDeletingService#3] INFO  interfaces.ContainerDeletionChoosingPolicyTemplate (ContainerDeletionChoosingPolicyTemplate.java:chooseContainerForBlockDeletion(83)) - Chosen 0/5000 blocks from 0 candidate containers.
2023-04-15 16:32:43,688 [FixedThreadPoolWithAffinityExecutor-0-0] WARN  container.ContainerReportHandler (AbstractContainerReportHandler.java:updateContainerState(259)) - Container #1 is in OPEN state, but the datanode 30c0a845-a217-4f15-8bab-f33012bc7910(fv-az202-370.ngw3kpfb2bguzbtcwuqjmbcvef.gx.internal.cloudapp.net/10.1.0.27) reports an CLOSED replica.
2023-04-15 16:32:43,732 [BlockDeletingService#1] INFO  interfaces.ContainerDeletionChoosingPolicyTemplate (ContainerDeletionChoosingPolicyTemplate.java:chooseContainerForBlockDeletion(83)) - Chosen 0/5000 blocks from 0 candidate containers.
2023-04-15 16:32:43,732 [BlockDeletingService#3] INFO  interfaces.ContainerDeletionChoosingPolicyTemplate (ContainerDeletionChoosingPolicyTemplate.java:chooseContainerForBlockDeletion(83)) - Chosen 0/5000 blocks from 0 candidate containers.
2023-04-15 16:32:43,819 [FixedThreadPoolWithAffinityExecutor-1-0] WARN  container.ContainerReportHandler (AbstractContainerReportHandler.java:updateContainerState(259)) - Container #1 is in OPEN state, but the datanode 0dee40cf-0d5a-47f0-9c10-89273726be1d(fv-az202-370.ngw3kpfb2bguzbtcwuqjmbcvef.gx.internal.cloudapp.net/10.1.0.27) reports an CLOSED replica.
2023-04-15 16:32:43,832 [BlockDeletingService#1] INFO  interfaces.ContainerDeletionChoosingPolicyTemplate (ContainerDeletionChoosingPolicyTemplate.java:chooseContainerForBlockDeletion(83)) - Chosen 0/5000 blocks from 0 candidate containers.
2023-04-15 16:32:43,832 [BlockDeletingService#3] INFO  interfaces.ContainerDeletionChoosingPolicyTemplate (ContainerDeletionChoosingPolicyTemplate.java:chooseContainerForBlockDeletion(83)) - Chosen 0/5000 blocks from 0 candidate containers.
2023-04-15 16:32:43,875 [grpc-default-executor-5] WARN  server.GrpcLogAppender (LogUtils.java:warn(122)) - 30c0a845-a217-4f15-8bab-f33012bc7910@group-F40867945940->f16a70e5-fe04-4d06-9179-25c3ad8a94bb-AppendLogResponseHandler: Failed appendEntries: org.apache.ratis.thirdparty.io.grpc.StatusRuntimeException: UNAVAILABLE: io exception
2023-04-15 16:32:43,875 [grpc-default-executor-3] WARN  server.GrpcLogAppender (LogUtils.java:warn(122)) - 30c0a845-a217-4f15-8bab-f33012bc7910@group-F40867945940->f16a70e5-fe04-4d06-9179-25c3ad8a94bb-AppendLogResponseHandler: Failed appendEntries: org.apache.ratis.thirdparty.io.grpc.StatusRuntimeException: UNAVAILABLE: io exception
2023-04-15 16:32:43,875 [grpc-default-executor-5] WARN  server.GrpcLogAppender (GrpcLogAppender.java:resetClient(131)) - 30c0a845-a217-4f15-8bab-f33012bc7910@group-F40867945940->f16a70e5-fe04-4d06-9179-25c3ad8a94bb-GrpcLogAppender: Leader has not got in touch with Follower 30c0a845-a217-4f15-8bab-f33012bc7910@group-F40867945940->f16a70e5-fe04-4d06-9179-25c3ad8a94bb(c-1,m0,n7, attendVote=true, lastRpcSendTime=0, lastRpcResponseTime=52078) yet, just keep nextIndex unchanged and retry.
2023-04-15 16:32:43,876 [grpc-default-executor-3] WARN  server.GrpcLogAppender (GrpcLogAppender.java:resetClient(131)) - 30c0a845-a217-4f15-8bab-f33012bc7910@group-F40867945940->f16a70e5-fe04-4d06-9179-25c3ad8a94bb-GrpcLogAppender: Leader has not got in touch with Follower 30c0a845-a217-4f15-8bab-f33012bc7910@group-F40867945940->f16a70e5-fe04-4d06-9179-25c3ad8a94bb(c-1,m0,n7, attendVote=true, lastRpcSendTime=0, lastRpcResponseTime=52078) yet, just keep nextIndex unchanged and retry.
2023-04-15 16:32:43,888 [FixedThreadPoolWithAffinityExecutor-0-0] WARN  container.ContainerReportHandler (AbstractContainerReportHandler.java:updateContainerState(259)) - Container #1 is in OPEN state, but the datanode 30c0a845-a217-4f15-8bab-f33012bc7910(fv-az202-370.ngw3kpfb2bguzbtcwuqjmbcvef.gx.internal.cloudapp.net/10.1.0.27) reports an CLOSED replica.
2023-04-15 16:32:43,932 [BlockDeletingService#1] INFO  interfaces.ContainerDeletionChoosingPolicyTemplate (ContainerDeletionChoosingPolicyTemplate.java:chooseContainerForBlockDeletion(83)) - Chosen 0/5000 blocks from 0 candidate containers.
2023-04-15 16:32:43,932 [BlockDeletingService#3] INFO  interfaces.ContainerDeletionChoosingPolicyTemplate (ContainerDeletionChoosingPolicyTemplate.java:chooseContainerForBlockDeletion(83)) - Chosen 0/5000 blocks from 0 candidate containers.
2023-04-15 16:32:44,032 [BlockDeletingService#1] INFO  interfaces.ContainerDeletionChoosingPolicyTemplate (ContainerDeletionChoosingPolicyTemplate.java:chooseContainerForBlockDeletion(83)) - Chosen 0/5000 blocks from 0 candidate containers.
2023-04-15 16:32:44,032 [BlockDeletingService#3] INFO  interfaces.ContainerDeletionChoosingPolicyTemplate (ContainerDeletionChoosingPolicyTemplate.java:chooseContainerForBlockDeletion(83)) - Chosen 0/5000 blocks from 0 candidate containers.
2023-04-15 16:32:44,119 [FixedThreadPoolWithAffinityExecutor-1-0] WARN  container.ContainerReportHandler (AbstractContainerReportHandler.java:updateContainerState(259)) - Container #1 is in OPEN state, but the datanode 0dee40cf-0d5a-47f0-9c10-89273726be1d(fv-az202-370.ngw3kpfb2bguzbtcwuqjmbcvef.gx.internal.cloudapp.net/10.1.0.27) reports an CLOSED replica.
2023-04-15 16:32:44,132 [BlockDeletingService#1] INFO  interfaces.ContainerDeletionChoosingPolicyTemplate (ContainerDeletionChoosingPolicyTemplate.java:chooseContainerForBlockDeletion(83)) - Chosen 0/5000 blocks from 0 candidate containers.
2023-04-15 16:32:44,132 [BlockDeletingService#3] INFO  interfaces.ContainerDeletionChoosingPolicyTemplate (ContainerDeletionChoosingPolicyTemplate.java:chooseContainerForBlockDeletion(83)) - Chosen 0/5000 blocks from 0 candidate containers.
2023-04-15 16:32:44,188 [FixedThreadPoolWithAffinityExecutor-0-0] WARN  container.ContainerReportHandler (AbstractContainerReportHandler.java:updateContainerState(259)) - Container #1 is in OPEN state, but the datanode 30c0a845-a217-4f15-8bab-f33012bc7910(fv-az202-370.ngw3kpfb2bguzbtcwuqjmbcvef.gx.internal.cloudapp.net/10.1.0.27) reports an CLOSED replica.
2023-04-15 16:32:44,233 [BlockDeletingService#1] INFO  interfaces.ContainerDeletionChoosingPolicyTemplate (ContainerDeletionChoosingPolicyTemplate.java:chooseContainerForBlockDeletion(83)) - Chosen 0/5000 blocks from 0 candidate containers.
2023-04-15 16:32:44,233 [BlockDeletingService#3] INFO  interfaces.ContainerDeletionChoosingPolicyTemplate (ContainerDeletionChoosingPolicyTemplate.java:chooseContainerForBlockDeletion(83)) - Chosen 0/5000 blocks from 0 candidate containers.
2023-04-15 16:32:44,319 [FixedThreadPoolWithAffinityExecutor-1-0] WARN  container.ContainerReportHandler (AbstractContainerReportHandler.java:updateContainerState(259)) - Container #1 is in OPEN state, but the datanode 0dee40cf-0d5a-47f0-9c10-89273726be1d(fv-az202-370.ngw3kpfb2bguzbtcwuqjmbcvef.gx.internal.cloudapp.net/10.1.0.27) reports an CLOSED replica.
2023-04-15 16:32:44,333 [BlockDeletingService#1] INFO  interfaces.ContainerDeletionChoosingPolicyTemplate (ContainerDeletionChoosingPolicyTemplate.java:chooseContainerForBlockDeletion(83)) - Chosen 0/5000 blocks from 0 candidate containers.
2023-04-15 16:32:44,333 [BlockDeletingService#3] INFO  interfaces.ContainerDeletionChoosingPolicyTemplate (ContainerDeletionChoosingPolicyTemplate.java:chooseContainerForBlockDeletion(83)) - Chosen 0/5000 blocks from 0 candidate containers.
2023-04-15 16:32:44,388 [FixedThreadPoolWithAffinityExecutor-0-0] WARN  container.ContainerReportHandler (AbstractContainerReportHandler.java:updateContainerState(259)) - Container #1 is in OPEN state, but the datanode 30c0a845-a217-4f15-8bab-f33012bc7910(fv-az202-370.ngw3kpfb2bguzbtcwuqjmbcvef.gx.internal.cloudapp.net/10.1.0.27) reports an CLOSED replica.
2023-04-15 16:32:44,433 [BlockDeletingService#1] INFO  interfaces.ContainerDeletionChoosingPolicyTemplate (ContainerDeletionChoosingPolicyTemplate.java:chooseContainerForBlockDeletion(83)) - Chosen 0/5000 blocks from 0 candidate containers.
2023-04-15 16:32:44,433 [BlockDeletingService#3] INFO  interfaces.ContainerDeletionChoosingPolicyTemplate (ContainerDeletionChoosingPolicyTemplate.java:chooseContainerForBlockDeletion(83)) - Chosen 0/5000 blocks from 0 candidate containers.
2023-04-15 16:32:44,533 [BlockDeletingService#1] INFO  interfaces.ContainerDeletionChoosingPolicyTemplate (ContainerDeletionChoosingPolicyTemplate.java:chooseContainerForBlockDeletion(83)) - Chosen 0/5000 blocks from 0 candidate containers.
2023-04-15 16:32:44,533 [BlockDeletingService#3] INFO  interfaces.ContainerDeletionChoosingPolicyTemplate (ContainerDeletionChoosingPolicyTemplate.java:chooseContainerForBlockDeletion(83)) - Chosen 0/5000 blocks from 0 candidate containers.
2023-04-15 16:32:44,619 [FixedThreadPoolWithAffinityExecutor-1-0] WARN  container.ContainerReportHandler (AbstractContainerReportHandler.java:updateContainerState(259)) - Container #1 is in OPEN state, but the datanode 0dee40cf-0d5a-47f0-9c10-89273726be1d(fv-az202-370.ngw3kpfb2bguzbtcwuqjmbcvef.gx.internal.cloudapp.net/10.1.0.27) reports an CLOSED replica.
2023-04-15 16:32:44,633 [BlockDeletingService#1] INFO  interfaces.ContainerDeletionChoosingPolicyTemplate (ContainerDeletionChoosingPolicyTemplate.java:chooseContainerForBlockDeletion(83)) - Chosen 0/5000 blocks from 0 candidate containers.
2023-04-15 16:32:44,633 [BlockDeletingService#3] INFO  interfaces.ContainerDeletionChoosingPolicyTemplate (ContainerDeletionChoosingPolicyTemplate.java:chooseContainerForBlockDeletion(83)) - Chosen 0/5000 blocks from 0 candidate containers.
2023-04-15 16:32:44,688 [FixedThreadPoolWithAffinityExecutor-0-0] WARN  container.ContainerReportHandler (AbstractContainerReportHandler.java:updateContainerState(259)) - Container #1 is in OPEN state, but the datanode 30c0a845-a217-4f15-8bab-f33012bc7910(fv-az202-370.ngw3kpfb2bguzbtcwuqjmbcvef.gx.internal.cloudapp.net/10.1.0.27) reports an CLOSED replica.
2023-04-15 16:32:44,733 [BlockDeletingService#1] INFO  interfaces.ContainerDeletionChoosingPolicyTemplate (ContainerDeletionChoosingPolicyTemplate.java:chooseContainerForBlockDeletion(83)) - Chosen 0/5000 blocks from 0 candidate containers.
2023-04-15 16:32:44,734 [BlockDeletingService#3] INFO  interfaces.ContainerDeletionChoosingPolicyTemplate (ContainerDeletionChoosingPolicyTemplate.java:chooseContainerForBlockDeletion(83)) - Chosen 0/5000 blocks from 0 candidate containers.
2023-04-15 16:32:44,834 [BlockDeletingService#1] INFO  interfaces.ContainerDeletionChoosingPolicyTemplate (ContainerDeletionChoosingPolicyTemplate.java:chooseContainerForBlockDeletion(83)) - Chosen 0/5000 blocks from 0 candidate containers.
2023-04-15 16:32:44,834 [BlockDeletingService#3] INFO  interfaces.ContainerDeletionChoosingPolicyTemplate (ContainerDeletionChoosingPolicyTemplate.java:chooseContainerForBlockDeletion(83)) - Chosen 0/5000 blocks from 0 candidate containers.
2023-04-15 16:32:44,919 [FixedThreadPoolWithAffinityExecutor-1-0] WARN  container.ContainerReportHandler (AbstractContainerReportHandler.java:updateContainerState(259)) - Container #1 is in OPEN state, but the datanode 0dee40cf-0d5a-47f0-9c10-89273726be1d(fv-az202-370.ngw3kpfb2bguzbtcwuqjmbcvef.gx.internal.cloudapp.net/10.1.0.27) reports an CLOSED replica.
2023-04-15 16:32:44,934 [BlockDeletingService#1] INFO  interfaces.ContainerDeletionChoosingPolicyTemplate (ContainerDeletionChoosingPolicyTemplate.java:chooseContainerForBlockDeletion(83)) - Chosen 0/5000 blocks from 0 candidate containers.
2023-04-15 16:32:44,934 [BlockDeletingService#3] INFO  interfaces.ContainerDeletionChoosingPolicyTemplate (ContainerDeletionChoosingPolicyTemplate.java:chooseContainerForBlockDeletion(83)) - Chosen 0/5000 blocks from 0 candidate containers.
2023-04-15 16:32:44,988 [FixedThreadPoolWithAffinityExecutor-0-0] WARN  container.ContainerReportHandler (AbstractContainerReportHandler.java:updateContainerState(259)) - Container #1 is in OPEN state, but the datanode 30c0a845-a217-4f15-8bab-f33012bc7910(fv-az202-370.ngw3kpfb2bguzbtcwuqjmbcvef.gx.internal.cloudapp.net/10.1.0.27) reports an CLOSED replica.
2023-04-15 16:32:45,034 [BlockDeletingService#1] INFO  interfaces.ContainerDeletionChoosingPolicyTemplate (ContainerDeletionChoosingPolicyTemplate.java:chooseContainerForBlockDeletion(83)) - Chosen 0/5000 blocks from 0 candidate containers.
2023-04-15 16:32:45,034 [BlockDeletingService#3] INFO  interfaces.ContainerDeletionChoosingPolicyTemplate (ContainerDeletionChoosingPolicyTemplate.java:chooseContainerForBlockDeletion(83)) - Chosen 0/5000 blocks from 0 candidate containers.
2023-04-15 16:32:45,132 [grpc-default-executor-3] WARN  server.GrpcLogAppender (LogUtils.java:warn(122)) - 30c0a845-a217-4f15-8bab-f33012bc7910@group-F40867945940->f16a70e5-fe04-4d06-9179-25c3ad8a94bb-AppendLogResponseHandler: Failed appendEntries: org.apache.ratis.thirdparty.io.grpc.StatusRuntimeException: UNAVAILABLE: io exception
2023-04-15 16:32:45,132 [grpc-default-executor-5] WARN  server.GrpcLogAppender (LogUtils.java:warn(122)) - 30c0a845-a217-4f15-8bab-f33012bc7910@group-F40867945940->f16a70e5-fe04-4d06-9179-25c3ad8a94bb-AppendLogResponseHandler: Failed appendEntries: org.apache.ratis.thirdparty.io.grpc.StatusRuntimeException: UNAVAILABLE: io exception
2023-04-15 16:32:45,132 [grpc-default-executor-3] WARN  server.GrpcLogAppender (GrpcLogAppender.java:resetClient(131)) - 30c0a845-a217-4f15-8bab-f33012bc7910@group-F40867945940->f16a70e5-fe04-4d06-9179-25c3ad8a94bb-GrpcLogAppender: Leader has not got in touch with Follower 30c0a845-a217-4f15-8bab-f33012bc7910@group-F40867945940->f16a70e5-fe04-4d06-9179-25c3ad8a94bb(c-1,m0,n7, attendVote=true, lastRpcSendTime=0, lastRpcResponseTime=53335) yet, just keep nextIndex unchanged and retry.
2023-04-15 16:32:45,133 [grpc-default-executor-5] WARN  server.GrpcLogAppender (GrpcLogAppender.java:resetClient(131)) - 30c0a845-a217-4f15-8bab-f33012bc7910@group-F40867945940->f16a70e5-fe04-4d06-9179-25c3ad8a94bb-GrpcLogAppender: Leader has not got in touch with Follower 30c0a845-a217-4f15-8bab-f33012bc7910@group-F40867945940->f16a70e5-fe04-4d06-9179-25c3ad8a94bb(c-1,m0,n7, attendVote=true, lastRpcSendTime=0, lastRpcResponseTime=53335) yet, just keep nextIndex unchanged and retry.
2023-04-15 16:32:45,134 [BlockDeletingService#1] INFO  interfaces.ContainerDeletionChoosingPolicyTemplate (ContainerDeletionChoosingPolicyTemplate.java:chooseContainerForBlockDeletion(83)) - Chosen 0/5000 blocks from 0 candidate containers.
2023-04-15 16:32:45,134 [BlockDeletingService#3] INFO  interfaces.ContainerDeletionChoosingPolicyTemplate (ContainerDeletionChoosingPolicyTemplate.java:chooseContainerForBlockDeletion(83)) - Chosen 0/5000 blocks from 0 candidate containers.
2023-04-15 16:32:45,191 [FixedThreadPoolWithAffinityExecutor-0-0] WARN  container.ContainerReportHandler (AbstractContainerReportHandler.java:updateContainerState(259)) - Container #1 is in OPEN state, but the datanode 30c0a845-a217-4f15-8bab-f33012bc7910(fv-az202-370.ngw3kpfb2bguzbtcwuqjmbcvef.gx.internal.cloudapp.net/10.1.0.27) reports an CLOSED replica.
2023-04-15 16:32:45,219 [FixedThreadPoolWithAffinityExecutor-1-0] WARN  container.ContainerReportHandler (AbstractContainerReportHandler.java:updateContainerState(259)) - Container #1 is in OPEN state, but the datanode 0dee40cf-0d5a-47f0-9c10-89273726be1d(fv-az202-370.ngw3kpfb2bguzbtcwuqjmbcvef.gx.internal.cloudapp.net/10.1.0.27) reports an CLOSED replica.
2023-04-15 16:32:45,234 [BlockDeletingService#1] INFO  interfaces.ContainerDeletionChoosingPolicyTemplate (ContainerDeletionChoosingPolicyTemplate.java:chooseContainerForBlockDeletion(83)) - Chosen 0/5000 blocks from 0 candidate containers.
2023-04-15 16:32:45,235 [BlockDeletingService#3] INFO  interfaces.ContainerDeletionChoosingPolicyTemplate (ContainerDeletionChoosingPolicyTemplate.java:chooseContainerForBlockDeletion(83)) - Chosen 0/5000 blocks from 0 candidate containers.
2023-04-15 16:32:45,335 [BlockDeletingService#1] INFO  interfaces.ContainerDeletionChoosingPolicyTemplate (ContainerDeletionChoosingPolicyTemplate.java:chooseContainerForBlockDeletion(83)) - Chosen 0/5000 blocks from 0 candidate containers.
2023-04-15 16:32:45,335 [BlockDeletingService#3] INFO  interfaces.ContainerDeletionChoosingPolicyTemplate (ContainerDeletionChoosingPolicyTemplate.java:chooseContainerForBlockDeletion(83)) - Chosen 0/5000 blocks from 0 candidate containers.
2023-04-15 16:32:45,419 [FixedThreadPoolWithAffinityExecutor-1-0] WARN  container.ContainerReportHandler (AbstractContainerReportHandler.java:updateContainerState(259)) - Container #1 is in OPEN state, but the datanode 0dee40cf-0d5a-47f0-9c10-89273726be1d(fv-az202-370.ngw3kpfb2bguzbtcwuqjmbcvef.gx.internal.cloudapp.net/10.1.0.27) reports an CLOSED replica.
2023-04-15 16:32:45,435 [BlockDeletingService#1] INFO  interfaces.ContainerDeletionChoosingPolicyTemplate (ContainerDeletionChoosingPolicyTemplate.java:chooseContainerForBlockDeletion(83)) - Chosen 0/5000 blocks from 0 candidate containers.
2023-04-15 16:32:45,435 [BlockDeletingService#3] INFO  interfaces.ContainerDeletionChoosingPolicyTemplate (ContainerDeletionChoosingPolicyTemplate.java:chooseContainerForBlockDeletion(83)) - Chosen 0/5000 blocks from 0 candidate containers.
2023-04-15 16:32:45,489 [FixedThreadPoolWithAffinityExecutor-0-0] WARN  container.ContainerReportHandler (AbstractContainerReportHandler.java:updateContainerState(259)) - Container #1 is in OPEN state, but the datanode 30c0a845-a217-4f15-8bab-f33012bc7910(fv-az202-370.ngw3kpfb2bguzbtcwuqjmbcvef.gx.internal.cloudapp.net/10.1.0.27) reports an CLOSED replica.
2023-04-15 16:32:45,535 [BlockDeletingService#1] INFO  interfaces.ContainerDeletionChoosingPolicyTemplate (ContainerDeletionChoosingPolicyTemplate.java:chooseContainerForBlockDeletion(83)) - Chosen 0/5000 blocks from 0 candidate containers.
2023-04-15 16:32:45,535 [BlockDeletingService#3] INFO  interfaces.ContainerDeletionChoosingPolicyTemplate (ContainerDeletionChoosingPolicyTemplate.java:chooseContainerForBlockDeletion(83)) - Chosen 0/5000 blocks from 0 candidate containers.
2023-04-15 16:32:45,635 [BlockDeletingService#1] INFO  interfaces.ContainerDeletionChoosingPolicyTemplate (ContainerDeletionChoosingPolicyTemplate.java:chooseContainerForBlockDeletion(83)) - Chosen 0/5000 blocks from 0 candidate containers.
2023-04-15 16:32:45,635 [BlockDeletingService#3] INFO  interfaces.ContainerDeletionChoosingPolicyTemplate (ContainerDeletionChoosingPolicyTemplate.java:chooseContainerForBlockDeletion(83)) - Chosen 0/5000 blocks from 0 candidate containers.
2023-04-15 16:32:45,689 [FixedThreadPoolWithAffinityExecutor-0-0] WARN  container.ContainerReportHandler (AbstractContainerReportHandler.java:updateContainerState(259)) - Container #1 is in OPEN state, but the datanode 30c0a845-a217-4f15-8bab-f33012bc7910(fv-az202-370.ngw3kpfb2bguzbtcwuqjmbcvef.gx.internal.cloudapp.net/10.1.0.27) reports an CLOSED replica.
2023-04-15 16:32:45,719 [FixedThreadPoolWithAffinityExecutor-1-0] WARN  container.ContainerReportHandler (AbstractContainerReportHandler.java:updateContainerState(259)) - Container #1 is in OPEN state, but the datanode 0dee40cf-0d5a-47f0-9c10-89273726be1d(fv-az202-370.ngw3kpfb2bguzbtcwuqjmbcvef.gx.internal.cloudapp.net/10.1.0.27) reports an CLOSED replica.
2023-04-15 16:32:45,735 [BlockDeletingService#1] INFO  interfaces.ContainerDeletionChoosingPolicyTemplate (ContainerDeletionChoosingPolicyTemplate.java:chooseContainerForBlockDeletion(83)) - Chosen 0/5000 blocks from 0 candidate containers.
2023-04-15 16:32:45,735 [BlockDeletingService#3] INFO  interfaces.ContainerDeletionChoosingPolicyTemplate (ContainerDeletionChoosingPolicyTemplate.java:chooseContainerForBlockDeletion(83)) - Chosen 0/5000 blocks from 0 candidate containers.
2023-04-15 16:32:45,835 [BlockDeletingService#1] INFO  interfaces.ContainerDeletionChoosingPolicyTemplate (ContainerDeletionChoosingPolicyTemplate.java:chooseContainerForBlockDeletion(83)) - Chosen 0/5000 blocks from 0 candidate containers.
2023-04-15 16:32:45,835 [BlockDeletingService#3] INFO  interfaces.ContainerDeletionChoosingPolicyTemplate (ContainerDeletionChoosingPolicyTemplate.java:chooseContainerForBlockDeletion(83)) - Chosen 0/5000 blocks from 0 candidate containers.
2023-04-15 16:32:45,935 [BlockDeletingService#1] INFO  interfaces.ContainerDeletionChoosingPolicyTemplate (ContainerDeletionChoosingPolicyTemplate.java:chooseContainerForBlockDeletion(83)) - Chosen 0/5000 blocks from 0 candidate containers.
2023-04-15 16:32:45,936 [BlockDeletingService#3] INFO  interfaces.ContainerDeletionChoosingPolicyTemplate (ContainerDeletionChoosingPolicyTemplate.java:chooseContainerForBlockDeletion(83)) - Chosen 0/5000 blocks from 0 candidate containers.
2023-04-15 16:32:45,994 [FixedThreadPoolWithAffinityExecutor-0-0] WARN  container.ContainerReportHandler (AbstractContainerReportHandler.java:updateContainerState(259)) - Container #1 is in OPEN state, but the datanode 30c0a845-a217-4f15-8bab-f33012bc7910(fv-az202-370.ngw3kpfb2bguzbtcwuqjmbcvef.gx.internal.cloudapp.net/10.1.0.27) reports an CLOSED replica.
2023-04-15 16:32:46,019 [FixedThreadPoolWithAffinityExecutor-1-0] WARN  container.ContainerReportHandler (AbstractContainerReportHandler.java:updateContainerState(259)) - Container #1 is in OPEN state, but the datanode 0dee40cf-0d5a-47f0-9c10-89273726be1d(fv-az202-370.ngw3kpfb2bguzbtcwuqjmbcvef.gx.internal.cloudapp.net/10.1.0.27) reports an CLOSED replica.
2023-04-15 16:32:46,036 [BlockDeletingService#1] INFO  interfaces.ContainerDeletionChoosingPolicyTemplate (ContainerDeletionChoosingPolicyTemplate.java:chooseContainerForBlockDeletion(83)) - Chosen 0/5000 blocks from 0 candidate containers.
2023-04-15 16:32:46,036 [BlockDeletingService#3] INFO  interfaces.ContainerDeletionChoosingPolicyTemplate (ContainerDeletionChoosingPolicyTemplate.java:chooseContainerForBlockDeletion(83)) - Chosen 0/5000 blocks from 0 candidate containers.
2023-04-15 16:32:46,136 [BlockDeletingService#1] INFO  interfaces.ContainerDeletionChoosingPolicyTemplate (ContainerDeletionChoosingPolicyTemplate.java:chooseContainerForBlockDeletion(83)) - Chosen 0/5000 blocks from 0 candidate containers.
2023-04-15 16:32:46,136 [BlockDeletingService#3] INFO  interfaces.ContainerDeletionChoosingPolicyTemplate (ContainerDeletionChoosingPolicyTemplate.java:chooseContainerForBlockDeletion(83)) - Chosen 0/5000 blocks from 0 candidate containers.
2023-04-15 16:32:46,194 [FixedThreadPoolWithAffinityExecutor-0-0] WARN  container.ContainerReportHandler (AbstractContainerReportHandler.java:updateContainerState(259)) - Container #1 is in OPEN state, but the datanode 30c0a845-a217-4f15-8bab-f33012bc7910(fv-az202-370.ngw3kpfb2bguzbtcwuqjmbcvef.gx.internal.cloudapp.net/10.1.0.27) reports an CLOSED replica.
2023-04-15 16:32:46,236 [BlockDeletingService#1] INFO  interfaces.ContainerDeletionChoosingPolicyTemplate (ContainerDeletionChoosingPolicyTemplate.java:chooseContainerForBlockDeletion(83)) - Chosen 0/5000 blocks from 0 candidate containers.
2023-04-15 16:32:46,236 [BlockDeletingService#3] INFO  interfaces.ContainerDeletionChoosingPolicyTemplate (ContainerDeletionChoosingPolicyTemplate.java:chooseContainerForBlockDeletion(83)) - Chosen 0/5000 blocks from 0 candidate containers.
2023-04-15 16:32:46,319 [FixedThreadPoolWithAffinityExecutor-1-0] WARN  container.ContainerReportHandler (AbstractContainerReportHandler.java:updateContainerState(259)) - Container #1 is in OPEN state, but the datanode 0dee40cf-0d5a-47f0-9c10-89273726be1d(fv-az202-370.ngw3kpfb2bguzbtcwuqjmbcvef.gx.internal.cloudapp.net/10.1.0.27) reports an CLOSED replica.
2023-04-15 16:32:46,336 [BlockDeletingService#1] INFO  interfaces.ContainerDeletionChoosingPolicyTemplate (ContainerDeletionChoosingPolicyTemplate.java:chooseContainerForBlockDeletion(83)) - Chosen 0/5000 blocks from 0 candidate containers.
2023-04-15 16:32:46,336 [BlockDeletingService#3] INFO  interfaces.ContainerDeletionChoosingPolicyTemplate (ContainerDeletionChoosingPolicyTemplate.java:chooseContainerForBlockDeletion(83)) - Chosen 0/5000 blocks from 0 candidate containers.
2023-04-15 16:32:46,382 [grpc-default-executor-5] WARN  server.GrpcLogAppender (LogUtils.java:warn(122)) - 30c0a845-a217-4f15-8bab-f33012bc7910@group-F40867945940->f16a70e5-fe04-4d06-9179-25c3ad8a94bb-AppendLogResponseHandler: Failed appendEntries: org.apache.ratis.thirdparty.io.grpc.StatusRuntimeException: UNAVAILABLE: io exception
2023-04-15 16:32:46,382 [grpc-default-executor-3] WARN  server.GrpcLogAppender (LogUtils.java:warn(122)) - 30c0a845-a217-4f15-8bab-f33012bc7910@group-F40867945940->f16a70e5-fe04-4d06-9179-25c3ad8a94bb-AppendLogResponseHandler: Failed appendEntries: org.apache.ratis.thirdparty.io.grpc.StatusRuntimeException: UNAVAILABLE: io exception
2023-04-15 16:32:46,383 [grpc-default-executor-5] WARN  server.GrpcLogAppender (GrpcLogAppender.java:resetClient(131)) - 30c0a845-a217-4f15-8bab-f33012bc7910@group-F40867945940->f16a70e5-fe04-4d06-9179-25c3ad8a94bb-GrpcLogAppender: Leader has not got in touch with Follower 30c0a845-a217-4f15-8bab-f33012bc7910@group-F40867945940->f16a70e5-fe04-4d06-9179-25c3ad8a94bb(c-1,m0,n7, attendVote=true, lastRpcSendTime=0, lastRpcResponseTime=54585) yet, just keep nextIndex unchanged and retry.
2023-04-15 16:32:46,384 [grpc-default-executor-3] WARN  server.GrpcLogAppender (GrpcLogAppender.java:resetClient(131)) - 30c0a845-a217-4f15-8bab-f33012bc7910@group-F40867945940->f16a70e5-fe04-4d06-9179-25c3ad8a94bb-GrpcLogAppender: Leader has not got in touch with Follower 30c0a845-a217-4f15-8bab-f33012bc7910@group-F40867945940->f16a70e5-fe04-4d06-9179-25c3ad8a94bb(c-1,m0,n7, attendVote=true, lastRpcSendTime=1, lastRpcResponseTime=54586) yet, just keep nextIndex unchanged and retry.
2023-04-15 16:32:46,436 [BlockDeletingService#1] INFO  interfaces.ContainerDeletionChoosingPolicyTemplate (ContainerDeletionChoosingPolicyTemplate.java:chooseContainerForBlockDeletion(83)) - Chosen 0/5000 blocks from 0 candidate containers.
2023-04-15 16:32:46,436 [BlockDeletingService#3] INFO  interfaces.ContainerDeletionChoosingPolicyTemplate (ContainerDeletionChoosingPolicyTemplate.java:chooseContainerForBlockDeletion(83)) - Chosen 0/5000 blocks from 0 candidate containers.
2023-04-15 16:32:46,494 [FixedThreadPoolWithAffinityExecutor-0-0] WARN  container.ContainerReportHandler (AbstractContainerReportHandler.java:updateContainerState(259)) - Container #1 is in OPEN state, but the datanode 30c0a845-a217-4f15-8bab-f33012bc7910(fv-az202-370.ngw3kpfb2bguzbtcwuqjmbcvef.gx.internal.cloudapp.net/10.1.0.27) reports an CLOSED replica.
2023-04-15 16:32:46,519 [FixedThreadPoolWithAffinityExecutor-1-0] WARN  container.ContainerReportHandler (AbstractContainerReportHandler.java:updateContainerState(259)) - Container #1 is in OPEN state, but the datanode 0dee40cf-0d5a-47f0-9c10-89273726be1d(fv-az202-370.ngw3kpfb2bguzbtcwuqjmbcvef.gx.internal.cloudapp.net/10.1.0.27) reports an CLOSED replica.
2023-04-15 16:32:46,537 [BlockDeletingService#1] INFO  interfaces.ContainerDeletionChoosingPolicyTemplate (ContainerDeletionChoosingPolicyTemplate.java:chooseContainerForBlockDeletion(83)) - Chosen 0/5000 blocks from 0 candidate containers.
2023-04-15 16:32:46,537 [BlockDeletingService#3] INFO  interfaces.ContainerDeletionChoosingPolicyTemplate (ContainerDeletionChoosingPolicyTemplate.java:chooseContainerForBlockDeletion(83)) - Chosen 0/5000 blocks from 0 candidate containers.
2023-04-15 16:32:46,637 [BlockDeletingService#1] INFO  interfaces.ContainerDeletionChoosingPolicyTemplate (ContainerDeletionChoosingPolicyTemplate.java:chooseContainerForBlockDeletion(83)) - Chosen 0/5000 blocks from 0 candidate containers.
2023-04-15 16:32:46,637 [BlockDeletingService#3] INFO  interfaces.ContainerDeletionChoosingPolicyTemplate (ContainerDeletionChoosingPolicyTemplate.java:chooseContainerForBlockDeletion(83)) - Chosen 0/5000 blocks from 0 candidate containers.
2023-04-15 16:32:46,695 [FixedThreadPoolWithAffinityExecutor-0-0] WARN  container.ContainerReportHandler (AbstractContainerReportHandler.java:updateContainerState(259)) - Container #1 is in OPEN state, but the datanode 30c0a845-a217-4f15-8bab-f33012bc7910(fv-az202-370.ngw3kpfb2bguzbtcwuqjmbcvef.gx.internal.cloudapp.net/10.1.0.27) reports an CLOSED replica.
2023-04-15 16:32:46,737 [BlockDeletingService#1] INFO  interfaces.ContainerDeletionChoosingPolicyTemplate (ContainerDeletionChoosingPolicyTemplate.java:chooseContainerForBlockDeletion(83)) - Chosen 0/5000 blocks from 0 candidate containers.
2023-04-15 16:32:46,737 [BlockDeletingService#3] INFO  interfaces.ContainerDeletionChoosingPolicyTemplate (ContainerDeletionChoosingPolicyTemplate.java:chooseContainerForBlockDeletion(83)) - Chosen 0/5000 blocks from 0 candidate containers.
2023-04-15 16:32:46,819 [FixedThreadPoolWithAffinityExecutor-1-0] WARN  container.ContainerReportHandler (AbstractContainerReportHandler.java:updateContainerState(259)) - Container #1 is in OPEN state, but the datanode 0dee40cf-0d5a-47f0-9c10-89273726be1d(fv-az202-370.ngw3kpfb2bguzbtcwuqjmbcvef.gx.internal.cloudapp.net/10.1.0.27) reports an CLOSED replica.
2023-04-15 16:32:46,837 [BlockDeletingService#1] INFO  interfaces.ContainerDeletionChoosingPolicyTemplate (ContainerDeletionChoosingPolicyTemplate.java:chooseContainerForBlockDeletion(83)) - Chosen 0/5000 blocks from 0 candidate containers.
2023-04-15 16:32:46,837 [BlockDeletingService#3] INFO  interfaces.ContainerDeletionChoosingPolicyTemplate (ContainerDeletionChoosingPolicyTemplate.java:chooseContainerForBlockDeletion(83)) - Chosen 0/5000 blocks from 0 candidate containers.
2023-04-15 16:32:46,937 [BlockDeletingService#1] INFO  interfaces.ContainerDeletionChoosingPolicyTemplate (ContainerDeletionChoosingPolicyTemplate.java:chooseContainerForBlockDeletion(83)) - Chosen 0/5000 blocks from 0 candidate containers.
2023-04-15 16:32:46,937 [BlockDeletingService#3] INFO  interfaces.ContainerDeletionChoosingPolicyTemplate (ContainerDeletionChoosingPolicyTemplate.java:chooseContainerForBlockDeletion(83)) - Chosen 0/5000 blocks from 0 candidate containers.
2023-04-15 16:32:46,997 [FixedThreadPoolWithAffinityExecutor-0-0] WARN  container.ContainerReportHandler (AbstractContainerReportHandler.java:updateContainerState(259)) - Container #1 is in OPEN state, but the datanode 30c0a845-a217-4f15-8bab-f33012bc7910(fv-az202-370.ngw3kpfb2bguzbtcwuqjmbcvef.gx.internal.cloudapp.net/10.1.0.27) reports an CLOSED replica.
2023-04-15 16:32:47,037 [BlockDeletingService#1] INFO  interfaces.ContainerDeletionChoosingPolicyTemplate (ContainerDeletionChoosingPolicyTemplate.java:chooseContainerForBlockDeletion(83)) - Chosen 0/5000 blocks from 0 candidate containers.
2023-04-15 16:32:47,037 [BlockDeletingService#3] INFO  interfaces.ContainerDeletionChoosingPolicyTemplate (ContainerDeletionChoosingPolicyTemplate.java:chooseContainerForBlockDeletion(83)) - Chosen 0/5000 blocks from 0 candidate containers.
2023-04-15 16:32:47,122 [FixedThreadPoolWithAffinityExecutor-1-0] WARN  container.ContainerReportHandler (AbstractContainerReportHandler.java:updateContainerState(259)) - Container #1 is in OPEN state, but the datanode 0dee40cf-0d5a-47f0-9c10-89273726be1d(fv-az202-370.ngw3kpfb2bguzbtcwuqjmbcvef.gx.internal.cloudapp.net/10.1.0.27) reports an CLOSED replica.
2023-04-15 16:32:47,137 [BlockDeletingService#1] INFO  interfaces.ContainerDeletionChoosingPolicyTemplate (ContainerDeletionChoosingPolicyTemplate.java:chooseContainerForBlockDeletion(83)) - Chosen 0/5000 blocks from 0 candidate containers.
2023-04-15 16:32:47,138 [BlockDeletingService#3] INFO  interfaces.ContainerDeletionChoosingPolicyTemplate (ContainerDeletionChoosingPolicyTemplate.java:chooseContainerForBlockDeletion(83)) - Chosen 0/5000 blocks from 0 candidate containers.
2023-04-15 16:32:47,238 [BlockDeletingService#1] INFO  interfaces.ContainerDeletionChoosingPolicyTemplate (ContainerDeletionChoosingPolicyTemplate.java:chooseContainerForBlockDeletion(83)) - Chosen 0/5000 blocks from 0 candidate containers.
2023-04-15 16:32:47,238 [BlockDeletingService#3] INFO  interfaces.ContainerDeletionChoosingPolicyTemplate (ContainerDeletionChoosingPolicyTemplate.java:chooseContainerForBlockDeletion(83)) - Chosen 0/5000 blocks from 0 candidate containers.
2023-04-15 16:32:47,297 [FixedThreadPoolWithAffinityExecutor-0-0] WARN  container.ContainerReportHandler (AbstractContainerReportHandler.java:updateContainerState(259)) - Container #1 is in OPEN state, but the datanode 30c0a845-a217-4f15-8bab-f33012bc7910(fv-az202-370.ngw3kpfb2bguzbtcwuqjmbcvef.gx.internal.cloudapp.net/10.1.0.27) reports an CLOSED replica.
2023-04-15 16:32:47,338 [BlockDeletingService#1] INFO  interfaces.ContainerDeletionChoosingPolicyTemplate (ContainerDeletionChoosingPolicyTemplate.java:chooseContainerForBlockDeletion(83)) - Chosen 0/5000 blocks from 0 candidate containers.
2023-04-15 16:32:47,338 [BlockDeletingService#3] INFO  interfaces.ContainerDeletionChoosingPolicyTemplate (ContainerDeletionChoosingPolicyTemplate.java:chooseContainerForBlockDeletion(83)) - Chosen 0/5000 blocks from 0 candidate containers.
2023-04-15 16:32:47,423 [FixedThreadPoolWithAffinityExecutor-1-0] WARN  container.ContainerReportHandler (AbstractContainerReportHandler.java:updateContainerState(259)) - Container #1 is in OPEN state, but the datanode 0dee40cf-0d5a-47f0-9c10-89273726be1d(fv-az202-370.ngw3kpfb2bguzbtcwuqjmbcvef.gx.internal.cloudapp.net/10.1.0.27) reports an CLOSED replica.
2023-04-15 16:32:47,438 [BlockDeletingService#1] INFO  interfaces.ContainerDeletionChoosingPolicyTemplate (ContainerDeletionChoosingPolicyTemplate.java:chooseContainerForBlockDeletion(83)) - Chosen 0/5000 blocks from 0 candidate containers.
2023-04-15 16:32:47,438 [BlockDeletingService#3] INFO  interfaces.ContainerDeletionChoosingPolicyTemplate (ContainerDeletionChoosingPolicyTemplate.java:chooseContainerForBlockDeletion(83)) - Chosen 0/5000 blocks from 0 candidate containers.
2023-04-15 16:32:47,499 [FixedThreadPoolWithAffinityExecutor-0-0] WARN  container.ContainerReportHandler (AbstractContainerReportHandler.java:updateContainerState(259)) - Container #1 is in OPEN state, but the datanode 30c0a845-a217-4f15-8bab-f33012bc7910(fv-az202-370.ngw3kpfb2bguzbtcwuqjmbcvef.gx.internal.cloudapp.net/10.1.0.27) reports an CLOSED replica.
2023-04-15 16:32:47,538 [BlockDeletingService#1] INFO  interfaces.ContainerDeletionChoosingPolicyTemplate (ContainerDeletionChoosingPolicyTemplate.java:chooseContainerForBlockDeletion(83)) - Chosen 0/5000 blocks from 0 candidate containers.
2023-04-15 16:32:47,538 [BlockDeletingService#3] INFO  interfaces.ContainerDeletionChoosingPolicyTemplate (ContainerDeletionChoosingPolicyTemplate.java:chooseContainerForBlockDeletion(83)) - Chosen 0/5000 blocks from 0 candidate containers.
2023-04-15 16:32:47,622 [FixedThreadPoolWithAffinityExecutor-1-0] WARN  container.ContainerReportHandler (AbstractContainerReportHandler.java:updateContainerState(259)) - Container #1 is in OPEN state, but the datanode 0dee40cf-0d5a-47f0-9c10-89273726be1d(fv-az202-370.ngw3kpfb2bguzbtcwuqjmbcvef.gx.internal.cloudapp.net/10.1.0.27) reports an CLOSED replica.
2023-04-15 16:32:47,633 [grpc-default-executor-3] WARN  server.GrpcLogAppender (LogUtils.java:warn(122)) - 30c0a845-a217-4f15-8bab-f33012bc7910@group-F40867945940->f16a70e5-fe04-4d06-9179-25c3ad8a94bb-AppendLogResponseHandler: Failed appendEntries: org.apache.ratis.thirdparty.io.grpc.StatusRuntimeException: UNAVAILABLE: io exception
2023-04-15 16:32:47,634 [grpc-default-executor-5] WARN  server.GrpcLogAppender (LogUtils.java:warn(122)) - 30c0a845-a217-4f15-8bab-f33012bc7910@group-F40867945940->f16a70e5-fe04-4d06-9179-25c3ad8a94bb-AppendLogResponseHandler: Failed appendEntries: org.apache.ratis.thirdparty.io.grpc.StatusRuntimeException: UNAVAILABLE: io exception
2023-04-15 16:32:47,634 [grpc-default-executor-3] WARN  server.GrpcLogAppender (GrpcLogAppender.java:resetClient(131)) - 30c0a845-a217-4f15-8bab-f33012bc7910@group-F40867945940->f16a70e5-fe04-4d06-9179-25c3ad8a94bb-GrpcLogAppender: Leader has not got in touch with Follower 30c0a845-a217-4f15-8bab-f33012bc7910@group-F40867945940->f16a70e5-fe04-4d06-9179-25c3ad8a94bb(c-1,m0,n7, attendVote=true, lastRpcSendTime=0, lastRpcResponseTime=55836) yet, just keep nextIndex unchanged and retry.
2023-04-15 16:32:47,634 [grpc-default-executor-5] WARN  server.GrpcLogAppender (GrpcLogAppender.java:resetClient(131)) - 30c0a845-a217-4f15-8bab-f33012bc7910@group-F40867945940->f16a70e5-fe04-4d06-9179-25c3ad8a94bb-GrpcLogAppender: Leader has not got in touch with Follower 30c0a845-a217-4f15-8bab-f33012bc7910@group-F40867945940->f16a70e5-fe04-4d06-9179-25c3ad8a94bb(c-1,m0,n7, attendVote=true, lastRpcSendTime=1, lastRpcResponseTime=55836) yet, just keep nextIndex unchanged and retry.
2023-04-15 16:32:47,638 [BlockDeletingService#1] INFO  interfaces.ContainerDeletionChoosingPolicyTemplate (ContainerDeletionChoosingPolicyTemplate.java:chooseContainerForBlockDeletion(83)) - Chosen 0/5000 blocks from 0 candidate containers.
2023-04-15 16:32:47,638 [BlockDeletingService#3] INFO  interfaces.ContainerDeletionChoosingPolicyTemplate (ContainerDeletionChoosingPolicyTemplate.java:chooseContainerForBlockDeletion(83)) - Chosen 0/5000 blocks from 0 candidate containers.
2023-04-15 16:32:47,739 [BlockDeletingService#1] INFO  interfaces.ContainerDeletionChoosingPolicyTemplate (ContainerDeletionChoosingPolicyTemplate.java:chooseContainerForBlockDeletion(83)) - Chosen 0/5000 blocks from 0 candidate containers.
2023-04-15 16:32:47,739 [BlockDeletingService#3] INFO  interfaces.ContainerDeletionChoosingPolicyTemplate (ContainerDeletionChoosingPolicyTemplate.java:chooseContainerForBlockDeletion(83)) - Chosen 0/5000 blocks from 0 candidate containers.
2023-04-15 16:32:47,798 [FixedThreadPoolWithAffinityExecutor-0-0] WARN  container.ContainerReportHandler (AbstractContainerReportHandler.java:updateContainerState(259)) - Container #1 is in OPEN state, but the datanode 30c0a845-a217-4f15-8bab-f33012bc7910(fv-az202-370.ngw3kpfb2bguzbtcwuqjmbcvef.gx.internal.cloudapp.net/10.1.0.27) reports an CLOSED replica.
2023-04-15 16:32:47,839 [BlockDeletingService#1] INFO  interfaces.ContainerDeletionChoosingPolicyTemplate (ContainerDeletionChoosingPolicyTemplate.java:chooseContainerForBlockDeletion(83)) - Chosen 0/5000 blocks from 0 candidate containers.
2023-04-15 16:32:47,839 [BlockDeletingService#3] INFO  interfaces.ContainerDeletionChoosingPolicyTemplate (ContainerDeletionChoosingPolicyTemplate.java:chooseContainerForBlockDeletion(83)) - Chosen 0/5000 blocks from 0 candidate containers.
2023-04-15 16:32:47,922 [FixedThreadPoolWithAffinityExecutor-1-0] WARN  container.ContainerReportHandler (AbstractContainerReportHandler.java:updateContainerState(259)) - Container #1 is in OPEN state, but the datanode 0dee40cf-0d5a-47f0-9c10-89273726be1d(fv-az202-370.ngw3kpfb2bguzbtcwuqjmbcvef.gx.internal.cloudapp.net/10.1.0.27) reports an CLOSED replica.
2023-04-15 16:32:47,939 [BlockDeletingService#1] INFO  interfaces.ContainerDeletionChoosingPolicyTemplate (ContainerDeletionChoosingPolicyTemplate.java:chooseContainerForBlockDeletion(83)) - Chosen 0/5000 blocks from 0 candidate containers.
2023-04-15 16:32:47,939 [BlockDeletingService#3] INFO  interfaces.ContainerDeletionChoosingPolicyTemplate (ContainerDeletionChoosingPolicyTemplate.java:chooseContainerForBlockDeletion(83)) - Chosen 0/5000 blocks from 0 candidate containers.
2023-04-15 16:32:47,999 [FixedThreadPoolWithAffinityExecutor-0-0] WARN  container.ContainerReportHandler (AbstractContainerReportHandler.java:updateContainerState(259)) - Container #1 is in OPEN state, but the datanode 30c0a845-a217-4f15-8bab-f33012bc7910(fv-az202-370.ngw3kpfb2bguzbtcwuqjmbcvef.gx.internal.cloudapp.net/10.1.0.27) reports an CLOSED replica.
2023-04-15 16:32:48,039 [BlockDeletingService#1] INFO  interfaces.ContainerDeletionChoosingPolicyTemplate (ContainerDeletionChoosingPolicyTemplate.java:chooseContainerForBlockDeletion(83)) - Chosen 0/5000 blocks from 0 candidate containers.
2023-04-15 16:32:48,039 [BlockDeletingService#3] INFO  interfaces.ContainerDeletionChoosingPolicyTemplate (ContainerDeletionChoosingPolicyTemplate.java:chooseContainerForBlockDeletion(83)) - Chosen 0/5000 blocks from 0 candidate containers.
2023-04-15 16:32:48,139 [BlockDeletingService#1] INFO  interfaces.ContainerDeletionChoosingPolicyTemplate (ContainerDeletionChoosingPolicyTemplate.java:chooseContainerForBlockDeletion(83)) - Chosen 0/5000 blocks from 0 candidate containers.
2023-04-15 16:32:48,139 [BlockDeletingService#3] INFO  interfaces.ContainerDeletionChoosingPolicyTemplate (ContainerDeletionChoosingPolicyTemplate.java:chooseContainerForBlockDeletion(83)) - Chosen 0/5000 blocks from 0 candidate containers.
2023-04-15 16:32:48,223 [FixedThreadPoolWithAffinityExecutor-1-0] WARN  container.ContainerReportHandler (AbstractContainerReportHandler.java:updateContainerState(259)) - Container #1 is in OPEN state, but the datanode 0dee40cf-0d5a-47f0-9c10-89273726be1d(fv-az202-370.ngw3kpfb2bguzbtcwuqjmbcvef.gx.internal.cloudapp.net/10.1.0.27) reports an CLOSED replica.
2023-04-15 16:32:48,239 [BlockDeletingService#1] INFO  interfaces.ContainerDeletionChoosingPolicyTemplate (ContainerDeletionChoosingPolicyTemplate.java:chooseContainerForBlockDeletion(83)) - Chosen 0/5000 blocks from 0 candidate containers.
2023-04-15 16:32:48,239 [BlockDeletingService#3] INFO  interfaces.ContainerDeletionChoosingPolicyTemplate (ContainerDeletionChoosingPolicyTemplate.java:chooseContainerForBlockDeletion(83)) - Chosen 0/5000 blocks from 0 candidate containers.
2023-04-15 16:32:48,301 [FixedThreadPoolWithAffinityExecutor-0-0] WARN  container.ContainerReportHandler (AbstractContainerReportHandler.java:updateContainerState(259)) - Container #1 is in OPEN state, but the datanode 30c0a845-a217-4f15-8bab-f33012bc7910(fv-az202-370.ngw3kpfb2bguzbtcwuqjmbcvef.gx.internal.cloudapp.net/10.1.0.27) reports an CLOSED replica.
2023-04-15 16:32:48,340 [BlockDeletingService#1] INFO  interfaces.ContainerDeletionChoosingPolicyTemplate (ContainerDeletionChoosingPolicyTemplate.java:chooseContainerForBlockDeletion(83)) - Chosen 0/5000 blocks from 0 candidate containers.
2023-04-15 16:32:48,340 [BlockDeletingService#3] INFO  interfaces.ContainerDeletionChoosingPolicyTemplate (ContainerDeletionChoosingPolicyTemplate.java:chooseContainerForBlockDeletion(83)) - Chosen 0/5000 blocks from 0 candidate containers.
2023-04-15 16:32:48,423 [FixedThreadPoolWithAffinityExecutor-1-0] WARN  container.ContainerReportHandler (AbstractContainerReportHandler.java:updateContainerState(259)) - Container #1 is in OPEN state, but the datanode 0dee40cf-0d5a-47f0-9c10-89273726be1d(fv-az202-370.ngw3kpfb2bguzbtcwuqjmbcvef.gx.internal.cloudapp.net/10.1.0.27) reports an CLOSED replica.
2023-04-15 16:32:48,440 [BlockDeletingService#1] INFO  interfaces.ContainerDeletionChoosingPolicyTemplate (ContainerDeletionChoosingPolicyTemplate.java:chooseContainerForBlockDeletion(83)) - Chosen 0/5000 blocks from 0 candidate containers.
2023-04-15 16:32:48,440 [BlockDeletingService#3] INFO  interfaces.ContainerDeletionChoosingPolicyTemplate (ContainerDeletionChoosingPolicyTemplate.java:chooseContainerForBlockDeletion(83)) - Chosen 0/5000 blocks from 0 candidate containers.
2023-04-15 16:32:48,500 [FixedThreadPoolWithAffinityExecutor-0-0] WARN  container.ContainerReportHandler (AbstractContainerReportHandler.java:updateContainerState(259)) - Container #1 is in OPEN state, but the datanode 30c0a845-a217-4f15-8bab-f33012bc7910(fv-az202-370.ngw3kpfb2bguzbtcwuqjmbcvef.gx.internal.cloudapp.net/10.1.0.27) reports an CLOSED replica.
2023-04-15 16:32:48,540 [BlockDeletingService#1] INFO  interfaces.ContainerDeletionChoosingPolicyTemplate (ContainerDeletionChoosingPolicyTemplate.java:chooseContainerForBlockDeletion(83)) - Chosen 0/5000 blocks from 0 candidate containers.
2023-04-15 16:32:48,540 [BlockDeletingService#3] INFO  interfaces.ContainerDeletionChoosingPolicyTemplate (ContainerDeletionChoosingPolicyTemplate.java:chooseContainerForBlockDeletion(83)) - Chosen 0/5000 blocks from 0 candidate containers.
2023-04-15 16:32:48,640 [BlockDeletingService#1] INFO  interfaces.ContainerDeletionChoosingPolicyTemplate (ContainerDeletionChoosingPolicyTemplate.java:chooseContainerForBlockDeletion(83)) - Chosen 0/5000 blocks from 0 candidate containers.
2023-04-15 16:32:48,640 [BlockDeletingService#3] INFO  interfaces.ContainerDeletionChoosingPolicyTemplate (ContainerDeletionChoosingPolicyTemplate.java:chooseContainerForBlockDeletion(83)) - Chosen 0/5000 blocks from 0 candidate containers.
2023-04-15 16:32:48,723 [FixedThreadPoolWithAffinityExecutor-1-0] WARN  container.ContainerReportHandler (AbstractContainerReportHandler.java:updateContainerState(259)) - Container #1 is in OPEN state, but the datanode 0dee40cf-0d5a-47f0-9c10-89273726be1d(fv-az202-370.ngw3kpfb2bguzbtcwuqjmbcvef.gx.internal.cloudapp.net/10.1.0.27) reports an CLOSED replica.
2023-04-15 16:32:48,740 [BlockDeletingService#1] INFO  interfaces.ContainerDeletionChoosingPolicyTemplate (ContainerDeletionChoosingPolicyTemplate.java:chooseContainerForBlockDeletion(83)) - Chosen 0/5000 blocks from 0 candidate containers.
2023-04-15 16:32:48,740 [BlockDeletingService#3] INFO  interfaces.ContainerDeletionChoosingPolicyTemplate (ContainerDeletionChoosingPolicyTemplate.java:chooseContainerForBlockDeletion(83)) - Chosen 0/5000 blocks from 0 candidate containers.
2023-04-15 16:32:48,800 [FixedThreadPoolWithAffinityExecutor-0-0] WARN  container.ContainerReportHandler (AbstractContainerReportHandler.java:updateContainerState(259)) - Container #1 is in OPEN state, but the datanode 30c0a845-a217-4f15-8bab-f33012bc7910(fv-az202-370.ngw3kpfb2bguzbtcwuqjmbcvef.gx.internal.cloudapp.net/10.1.0.27) reports an CLOSED replica.
2023-04-15 16:32:48,848 [BlockDeletingService#3] INFO  interfaces.ContainerDeletionChoosingPolicyTemplate (ContainerDeletionChoosingPolicyTemplate.java:chooseContainerForBlockDeletion(83)) - Chosen 0/5000 blocks from 0 candidate containers.
2023-04-15 16:32:48,848 [BlockDeletingService#1] INFO  interfaces.ContainerDeletionChoosingPolicyTemplate (ContainerDeletionChoosingPolicyTemplate.java:chooseContainerForBlockDeletion(83)) - Chosen 0/5000 blocks from 0 candidate containers.
2023-04-15 16:32:48,883 [grpc-default-executor-5] WARN  server.GrpcLogAppender (LogUtils.java:warn(122)) - 30c0a845-a217-4f15-8bab-f33012bc7910@group-F40867945940->f16a70e5-fe04-4d06-9179-25c3ad8a94bb-AppendLogResponseHandler: Failed appendEntries: org.apache.ratis.thirdparty.io.grpc.StatusRuntimeException: UNAVAILABLE: io exception
2023-04-15 16:32:48,884 [grpc-default-executor-5] WARN  server.GrpcLogAppender (GrpcLogAppender.java:resetClient(131)) - 30c0a845-a217-4f15-8bab-f33012bc7910@group-F40867945940->f16a70e5-fe04-4d06-9179-25c3ad8a94bb-GrpcLogAppender: Leader has not got in touch with Follower 30c0a845-a217-4f15-8bab-f33012bc7910@group-F40867945940->f16a70e5-fe04-4d06-9179-25c3ad8a94bb(c-1,m0,n7, attendVote=true, lastRpcSendTime=0, lastRpcResponseTime=57086) yet, just keep nextIndex unchanged and retry.
2023-04-15 16:32:48,884 [grpc-default-executor-3] WARN  server.GrpcLogAppender (LogUtils.java:warn(122)) - 30c0a845-a217-4f15-8bab-f33012bc7910@group-F40867945940->f16a70e5-fe04-4d06-9179-25c3ad8a94bb-AppendLogResponseHandler: Failed appendEntries: org.apache.ratis.thirdparty.io.grpc.StatusRuntimeException: UNAVAILABLE: io exception
2023-04-15 16:32:48,884 [grpc-default-executor-3] WARN  server.GrpcLogAppender (GrpcLogAppender.java:resetClient(131)) - 30c0a845-a217-4f15-8bab-f33012bc7910@group-F40867945940->f16a70e5-fe04-4d06-9179-25c3ad8a94bb-GrpcLogAppender: Leader has not got in touch with Follower 30c0a845-a217-4f15-8bab-f33012bc7910@group-F40867945940->f16a70e5-fe04-4d06-9179-25c3ad8a94bb(c-1,m0,n7, attendVote=true, lastRpcSendTime=1, lastRpcResponseTime=57086) yet, just keep nextIndex unchanged and retry.
2023-04-15 16:32:48,949 [BlockDeletingService#3] INFO  interfaces.ContainerDeletionChoosingPolicyTemplate (ContainerDeletionChoosingPolicyTemplate.java:chooseContainerForBlockDeletion(83)) - Chosen 0/5000 blocks from 0 candidate containers.
2023-04-15 16:32:48,949 [BlockDeletingService#1] INFO  interfaces.ContainerDeletionChoosingPolicyTemplate (ContainerDeletionChoosingPolicyTemplate.java:chooseContainerForBlockDeletion(83)) - Chosen 0/5000 blocks from 0 candidate containers.
2023-04-15 16:32:49,000 [FixedThreadPoolWithAffinityExecutor-0-0] WARN  container.ContainerReportHandler (AbstractContainerReportHandler.java:updateContainerState(259)) - Container #1 is in OPEN state, but the datanode 30c0a845-a217-4f15-8bab-f33012bc7910(fv-az202-370.ngw3kpfb2bguzbtcwuqjmbcvef.gx.internal.cloudapp.net/10.1.0.27) reports an CLOSED replica.
2023-04-15 16:32:49,024 [FixedThreadPoolWithAffinityExecutor-1-0] WARN  container.ContainerReportHandler (AbstractContainerReportHandler.java:updateContainerState(259)) - Container #1 is in OPEN state, but the datanode 0dee40cf-0d5a-47f0-9c10-89273726be1d(fv-az202-370.ngw3kpfb2bguzbtcwuqjmbcvef.gx.internal.cloudapp.net/10.1.0.27) reports an CLOSED replica.
2023-04-15 16:32:49,049 [BlockDeletingService#3] INFO  interfaces.ContainerDeletionChoosingPolicyTemplate (ContainerDeletionChoosingPolicyTemplate.java:chooseContainerForBlockDeletion(83)) - Chosen 0/5000 blocks from 0 candidate containers.
2023-04-15 16:32:49,049 [BlockDeletingService#1] INFO  interfaces.ContainerDeletionChoosingPolicyTemplate (ContainerDeletionChoosingPolicyTemplate.java:chooseContainerForBlockDeletion(83)) - Chosen 0/5000 blocks from 0 candidate containers.
2023-04-15 16:32:49,149 [BlockDeletingService#3] INFO  interfaces.ContainerDeletionChoosingPolicyTemplate (ContainerDeletionChoosingPolicyTemplate.java:chooseContainerForBlockDeletion(83)) - Chosen 0/5000 blocks from 0 candidate containers.
2023-04-15 16:32:49,149 [BlockDeletingService#1] INFO  interfaces.ContainerDeletionChoosingPolicyTemplate (ContainerDeletionChoosingPolicyTemplate.java:chooseContainerForBlockDeletion(83)) - Chosen 0/5000 blocks from 0 candidate containers.
2023-04-15 16:32:49,249 [BlockDeletingService#3] INFO  interfaces.ContainerDeletionChoosingPolicyTemplate (ContainerDeletionChoosingPolicyTemplate.java:chooseContainerForBlockDeletion(83)) - Chosen 0/5000 blocks from 0 candidate containers.
2023-04-15 16:32:49,249 [BlockDeletingService#1] INFO  interfaces.ContainerDeletionChoosingPolicyTemplate (ContainerDeletionChoosingPolicyTemplate.java:chooseContainerForBlockDeletion(83)) - Chosen 0/5000 blocks from 0 candidate containers.
2023-04-15 16:32:49,301 [FixedThreadPoolWithAffinityExecutor-0-0] WARN  container.ContainerReportHandler (AbstractContainerReportHandler.java:updateContainerState(259)) - Container #1 is in OPEN state, but the datanode 30c0a845-a217-4f15-8bab-f33012bc7910(fv-az202-370.ngw3kpfb2bguzbtcwuqjmbcvef.gx.internal.cloudapp.net/10.1.0.27) reports an CLOSED replica.
2023-04-15 16:32:49,324 [FixedThreadPoolWithAffinityExecutor-1-0] WARN  container.ContainerReportHandler (AbstractContainerReportHandler.java:updateContainerState(259)) - Container #1 is in OPEN state, but the datanode 0dee40cf-0d5a-47f0-9c10-89273726be1d(fv-az202-370.ngw3kpfb2bguzbtcwuqjmbcvef.gx.internal.cloudapp.net/10.1.0.27) reports an CLOSED replica.
2023-04-15 16:32:49,349 [BlockDeletingService#3] INFO  interfaces.ContainerDeletionChoosingPolicyTemplate (ContainerDeletionChoosingPolicyTemplate.java:chooseContainerForBlockDeletion(83)) - Chosen 0/5000 blocks from 0 candidate containers.
2023-04-15 16:32:49,349 [BlockDeletingService#1] INFO  interfaces.ContainerDeletionChoosingPolicyTemplate (ContainerDeletionChoosingPolicyTemplate.java:chooseContainerForBlockDeletion(83)) - Chosen 0/5000 blocks from 0 candidate containers.
2023-04-15 16:32:49,449 [BlockDeletingService#3] INFO  interfaces.ContainerDeletionChoosingPolicyTemplate (ContainerDeletionChoosingPolicyTemplate.java:chooseContainerForBlockDeletion(83)) - Chosen 0/5000 blocks from 0 candidate containers.
2023-04-15 16:32:49,449 [BlockDeletingService#1] INFO  interfaces.ContainerDeletionChoosingPolicyTemplate (ContainerDeletionChoosingPolicyTemplate.java:chooseContainerForBlockDeletion(83)) - Chosen 0/5000 blocks from 0 candidate containers.
2023-04-15 16:32:49,524 [FixedThreadPoolWithAffinityExecutor-1-0] WARN  container.ContainerReportHandler (AbstractContainerReportHandler.java:updateContainerState(259)) - Container #1 is in OPEN state, but the datanode 0dee40cf-0d5a-47f0-9c10-89273726be1d(fv-az202-370.ngw3kpfb2bguzbtcwuqjmbcvef.gx.internal.cloudapp.net/10.1.0.27) reports an CLOSED replica.
2023-04-15 16:32:49,550 [BlockDeletingService#3] INFO  interfaces.ContainerDeletionChoosingPolicyTemplate (ContainerDeletionChoosingPolicyTemplate.java:chooseContainerForBlockDeletion(83)) - Chosen 0/5000 blocks from 0 candidate containers.
2023-04-15 16:32:49,550 [BlockDeletingService#1] INFO  interfaces.ContainerDeletionChoosingPolicyTemplate (ContainerDeletionChoosingPolicyTemplate.java:chooseContainerForBlockDeletion(83)) - Chosen 0/5000 blocks from 0 candidate containers.
2023-04-15 16:32:49,602 [FixedThreadPoolWithAffinityExecutor-0-0] WARN  container.ContainerReportHandler (AbstractContainerReportHandler.java:updateContainerState(259)) - Container #1 is in OPEN state, but the datanode 30c0a845-a217-4f15-8bab-f33012bc7910(fv-az202-370.ngw3kpfb2bguzbtcwuqjmbcvef.gx.internal.cloudapp.net/10.1.0.27) reports an CLOSED replica.
2023-04-15 16:32:49,650 [BlockDeletingService#3] INFO  interfaces.ContainerDeletionChoosingPolicyTemplate (ContainerDeletionChoosingPolicyTemplate.java:chooseContainerForBlockDeletion(83)) - Chosen 0/5000 blocks from 0 candidate containers.
2023-04-15 16:32:49,650 [BlockDeletingService#1] INFO  interfaces.ContainerDeletionChoosingPolicyTemplate (ContainerDeletionChoosingPolicyTemplate.java:chooseContainerForBlockDeletion(83)) - Chosen 0/5000 blocks from 0 candidate containers.
2023-04-15 16:32:49,750 [BlockDeletingService#3] INFO  interfaces.ContainerDeletionChoosingPolicyTemplate (ContainerDeletionChoosingPolicyTemplate.java:chooseContainerForBlockDeletion(83)) - Chosen 0/5000 blocks from 0 candidate containers.
2023-04-15 16:32:49,750 [BlockDeletingService#1] INFO  interfaces.ContainerDeletionChoosingPolicyTemplate (ContainerDeletionChoosingPolicyTemplate.java:chooseContainerForBlockDeletion(83)) - Chosen 0/5000 blocks from 0 candidate containers.
2023-04-15 16:32:49,802 [FixedThreadPoolWithAffinityExecutor-0-0] WARN  container.ContainerReportHandler (AbstractContainerReportHandler.java:updateContainerState(259)) - Container #1 is in OPEN state, but the datanode 30c0a845-a217-4f15-8bab-f33012bc7910(fv-az202-370.ngw3kpfb2bguzbtcwuqjmbcvef.gx.internal.cloudapp.net/10.1.0.27) reports an CLOSED replica.
2023-04-15 16:32:49,824 [FixedThreadPoolWithAffinityExecutor-1-0] WARN  container.ContainerReportHandler (AbstractContainerReportHandler.java:updateContainerState(259)) - Container #1 is in OPEN state, but the datanode 0dee40cf-0d5a-47f0-9c10-89273726be1d(fv-az202-370.ngw3kpfb2bguzbtcwuqjmbcvef.gx.internal.cloudapp.net/10.1.0.27) reports an CLOSED replica.
2023-04-15 16:32:49,850 [BlockDeletingService#3] INFO  interfaces.ContainerDeletionChoosingPolicyTemplate (ContainerDeletionChoosingPolicyTemplate.java:chooseContainerForBlockDeletion(83)) - Chosen 0/5000 blocks from 0 candidate containers.
2023-04-15 16:32:49,850 [BlockDeletingService#1] INFO  interfaces.ContainerDeletionChoosingPolicyTemplate (ContainerDeletionChoosingPolicyTemplate.java:chooseContainerForBlockDeletion(83)) - Chosen 0/5000 blocks from 0 candidate containers.
2023-04-15 16:32:49,950 [BlockDeletingService#3] INFO  interfaces.ContainerDeletionChoosingPolicyTemplate (ContainerDeletionChoosingPolicyTemplate.java:chooseContainerForBlockDeletion(83)) - Chosen 0/5000 blocks from 0 candidate containers.
2023-04-15 16:32:49,950 [BlockDeletingService#1] INFO  interfaces.ContainerDeletionChoosingPolicyTemplate (ContainerDeletionChoosingPolicyTemplate.java:chooseContainerForBlockDeletion(83)) - Chosen 0/5000 blocks from 0 candidate containers.
2023-04-15 16:32:50,050 [BlockDeletingService#3] INFO  interfaces.ContainerDeletionChoosingPolicyTemplate (ContainerDeletionChoosingPolicyTemplate.java:chooseContainerForBlockDeletion(83)) - Chosen 0/5000 blocks from 0 candidate containers.
2023-04-15 16:32:50,051 [BlockDeletingService#1] INFO  interfaces.ContainerDeletionChoosingPolicyTemplate (ContainerDeletionChoosingPolicyTemplate.java:chooseContainerForBlockDeletion(83)) - Chosen 0/5000 blocks from 0 candidate containers.
2023-04-15 16:32:50,102 [FixedThreadPoolWithAffinityExecutor-0-0] WARN  container.ContainerReportHandler (AbstractContainerReportHandler.java:updateContainerState(259)) - Container #1 is in OPEN state, but the datanode 30c0a845-a217-4f15-8bab-f33012bc7910(fv-az202-370.ngw3kpfb2bguzbtcwuqjmbcvef.gx.internal.cloudapp.net/10.1.0.27) reports an CLOSED replica.
2023-04-15 16:32:50,126 [FixedThreadPoolWithAffinityExecutor-1-0] WARN  container.ContainerReportHandler (AbstractContainerReportHandler.java:updateContainerState(259)) - Container #1 is in OPEN state, but the datanode 0dee40cf-0d5a-47f0-9c10-89273726be1d(fv-az202-370.ngw3kpfb2bguzbtcwuqjmbcvef.gx.internal.cloudapp.net/10.1.0.27) reports an CLOSED replica.
2023-04-15 16:32:50,134 [grpc-default-executor-3] WARN  server.GrpcLogAppender (LogUtils.java:warn(122)) - 30c0a845-a217-4f15-8bab-f33012bc7910@group-F40867945940->f16a70e5-fe04-4d06-9179-25c3ad8a94bb-AppendLogResponseHandler: Failed appendEntries: org.apache.ratis.thirdparty.io.grpc.StatusRuntimeException: UNAVAILABLE: io exception
2023-04-15 16:32:50,134 [grpc-default-executor-5] WARN  server.GrpcLogAppender (LogUtils.java:warn(122)) - 30c0a845-a217-4f15-8bab-f33012bc7910@group-F40867945940->f16a70e5-fe04-4d06-9179-25c3ad8a94bb-AppendLogResponseHandler: Failed appendEntries: org.apache.ratis.thirdparty.io.grpc.StatusRuntimeException: UNAVAILABLE: io exception
2023-04-15 16:32:50,134 [grpc-default-executor-3] WARN  server.GrpcLogAppender (GrpcLogAppender.java:resetClient(131)) - 30c0a845-a217-4f15-8bab-f33012bc7910@group-F40867945940->f16a70e5-fe04-4d06-9179-25c3ad8a94bb-GrpcLogAppender: Leader has not got in touch with Follower 30c0a845-a217-4f15-8bab-f33012bc7910@group-F40867945940->f16a70e5-fe04-4d06-9179-25c3ad8a94bb(c-1,m0,n7, attendVote=true, lastRpcSendTime=0, lastRpcResponseTime=58336) yet, just keep nextIndex unchanged and retry.
2023-04-15 16:32:50,135 [grpc-default-executor-5] WARN  server.GrpcLogAppender (GrpcLogAppender.java:resetClient(131)) - 30c0a845-a217-4f15-8bab-f33012bc7910@group-F40867945940->f16a70e5-fe04-4d06-9179-25c3ad8a94bb-GrpcLogAppender: Leader has not got in touch with Follower 30c0a845-a217-4f15-8bab-f33012bc7910@group-F40867945940->f16a70e5-fe04-4d06-9179-25c3ad8a94bb(c-1,m0,n7, attendVote=true, lastRpcSendTime=0, lastRpcResponseTime=58337) yet, just keep nextIndex unchanged and retry.
2023-04-15 16:32:50,151 [BlockDeletingService#3] INFO  interfaces.ContainerDeletionChoosingPolicyTemplate (ContainerDeletionChoosingPolicyTemplate.java:chooseContainerForBlockDeletion(83)) - Chosen 0/5000 blocks from 0 candidate containers.
2023-04-15 16:32:50,151 [BlockDeletingService#1] INFO  interfaces.ContainerDeletionChoosingPolicyTemplate (ContainerDeletionChoosingPolicyTemplate.java:chooseContainerForBlockDeletion(83)) - Chosen 0/5000 blocks from 0 candidate containers.
2023-04-15 16:32:50,251 [BlockDeletingService#3] INFO  interfaces.ContainerDeletionChoosingPolicyTemplate (ContainerDeletionChoosingPolicyTemplate.java:chooseContainerForBlockDeletion(83)) - Chosen 0/5000 blocks from 0 candidate containers.
2023-04-15 16:32:50,251 [BlockDeletingService#1] INFO  interfaces.ContainerDeletionChoosingPolicyTemplate (ContainerDeletionChoosingPolicyTemplate.java:chooseContainerForBlockDeletion(83)) - Chosen 0/5000 blocks from 0 candidate containers.
2023-04-15 16:32:50,302 [FixedThreadPoolWithAffinityExecutor-0-0] WARN  container.ContainerReportHandler (AbstractContainerReportHandler.java:updateContainerState(259)) - Container #1 is in OPEN state, but the datanode 30c0a845-a217-4f15-8bab-f33012bc7910(fv-az202-370.ngw3kpfb2bguzbtcwuqjmbcvef.gx.internal.cloudapp.net/10.1.0.27) reports an CLOSED replica.
2023-04-15 16:32:50,351 [BlockDeletingService#3] INFO  interfaces.ContainerDeletionChoosingPolicyTemplate (ContainerDeletionChoosingPolicyTemplate.java:chooseContainerForBlockDeletion(83)) - Chosen 0/5000 blocks from 0 candidate containers.
2023-04-15 16:32:50,351 [BlockDeletingService#1] INFO  interfaces.ContainerDeletionChoosingPolicyTemplate (ContainerDeletionChoosingPolicyTemplate.java:chooseContainerForBlockDeletion(83)) - Chosen 0/5000 blocks from 0 candidate containers.
2023-04-15 16:32:50,426 [FixedThreadPoolWithAffinityExecutor-1-0] WARN  container.ContainerReportHandler (AbstractContainerReportHandler.java:updateContainerState(259)) - Container #1 is in OPEN state, but the datanode 0dee40cf-0d5a-47f0-9c10-89273726be1d(fv-az202-370.ngw3kpfb2bguzbtcwuqjmbcvef.gx.internal.cloudapp.net/10.1.0.27) reports an CLOSED replica.
2023-04-15 16:32:50,451 [BlockDeletingService#3] INFO  interfaces.ContainerDeletionChoosingPolicyTemplate (ContainerDeletionChoosingPolicyTemplate.java:chooseContainerForBlockDeletion(83)) - Chosen 0/5000 blocks from 0 candidate containers.
2023-04-15 16:32:50,451 [BlockDeletingService#1] INFO  interfaces.ContainerDeletionChoosingPolicyTemplate (ContainerDeletionChoosingPolicyTemplate.java:chooseContainerForBlockDeletion(83)) - Chosen 0/5000 blocks from 0 candidate containers.
2023-04-15 16:32:50,552 [BlockDeletingService#3] INFO  interfaces.ContainerDeletionChoosingPolicyTemplate (ContainerDeletionChoosingPolicyTemplate.java:chooseContainerForBlockDeletion(83)) - Chosen 0/5000 blocks from 0 candidate containers.
2023-04-15 16:32:50,552 [BlockDeletingService#1] INFO  interfaces.ContainerDeletionChoosingPolicyTemplate (ContainerDeletionChoosingPolicyTemplate.java:chooseContainerForBlockDeletion(83)) - Chosen 0/5000 blocks from 0 candidate containers.
2023-04-15 16:32:50,603 [FixedThreadPoolWithAffinityExecutor-0-0] WARN  container.ContainerReportHandler (AbstractContainerReportHandler.java:updateContainerState(259)) - Container #1 is in OPEN state, but the datanode 30c0a845-a217-4f15-8bab-f33012bc7910(fv-az202-370.ngw3kpfb2bguzbtcwuqjmbcvef.gx.internal.cloudapp.net/10.1.0.27) reports an CLOSED replica.
2023-04-15 16:32:50,626 [FixedThreadPoolWithAffinityExecutor-1-0] WARN  container.ContainerReportHandler (AbstractContainerReportHandler.java:updateContainerState(259)) - Container #1 is in OPEN state, but the datanode 0dee40cf-0d5a-47f0-9c10-89273726be1d(fv-az202-370.ngw3kpfb2bguzbtcwuqjmbcvef.gx.internal.cloudapp.net/10.1.0.27) reports an CLOSED replica.
2023-04-15 16:32:50,652 [BlockDeletingService#3] INFO  interfaces.ContainerDeletionChoosingPolicyTemplate (ContainerDeletionChoosingPolicyTemplate.java:chooseContainerForBlockDeletion(83)) - Chosen 0/5000 blocks from 0 candidate containers.
2023-04-15 16:32:50,652 [BlockDeletingService#1] INFO  interfaces.ContainerDeletionChoosingPolicyTemplate (ContainerDeletionChoosingPolicyTemplate.java:chooseContainerForBlockDeletion(83)) - Chosen 0/5000 blocks from 0 candidate containers.
2023-04-15 16:32:50,761 [BlockDeletingService#3] INFO  interfaces.ContainerDeletionChoosingPolicyTemplate (ContainerDeletionChoosingPolicyTemplate.java:chooseContainerForBlockDeletion(83)) - Chosen 0/5000 blocks from 0 candidate containers.
2023-04-15 16:32:50,761 [BlockDeletingService#1] INFO  interfaces.ContainerDeletionChoosingPolicyTemplate (ContainerDeletionChoosingPolicyTemplate.java:chooseContainerForBlockDeletion(83)) - Chosen 0/5000 blocks from 0 candidate containers.
2023-04-15 16:32:50,802 [FixedThreadPoolWithAffinityExecutor-0-0] WARN  container.ContainerReportHandler (AbstractContainerReportHandler.java:updateContainerState(259)) - Container #1 is in OPEN state, but the datanode 30c0a845-a217-4f15-8bab-f33012bc7910(fv-az202-370.ngw3kpfb2bguzbtcwuqjmbcvef.gx.internal.cloudapp.net/10.1.0.27) reports an CLOSED replica.
2023-04-15 16:32:50,861 [BlockDeletingService#3] INFO  interfaces.ContainerDeletionChoosingPolicyTemplate (ContainerDeletionChoosingPolicyTemplate.java:chooseContainerForBlockDeletion(83)) - Chosen 0/5000 blocks from 0 candidate containers.
2023-04-15 16:32:50,861 [BlockDeletingService#1] INFO  interfaces.ContainerDeletionChoosingPolicyTemplate (ContainerDeletionChoosingPolicyTemplate.java:chooseContainerForBlockDeletion(83)) - Chosen 0/5000 blocks from 0 candidate containers.
2023-04-15 16:32:50,926 [FixedThreadPoolWithAffinityExecutor-1-0] WARN  container.ContainerReportHandler (AbstractContainerReportHandler.java:updateContainerState(259)) - Container #1 is in OPEN state, but the datanode 0dee40cf-0d5a-47f0-9c10-89273726be1d(fv-az202-370.ngw3kpfb2bguzbtcwuqjmbcvef.gx.internal.cloudapp.net/10.1.0.27) reports an CLOSED replica.
2023-04-15 16:32:50,961 [BlockDeletingService#3] INFO  interfaces.ContainerDeletionChoosingPolicyTemplate (ContainerDeletionChoosingPolicyTemplate.java:chooseContainerForBlockDeletion(83)) - Chosen 0/5000 blocks from 0 candidate containers.
2023-04-15 16:32:50,962 [BlockDeletingService#1] INFO  interfaces.ContainerDeletionChoosingPolicyTemplate (ContainerDeletionChoosingPolicyTemplate.java:chooseContainerForBlockDeletion(83)) - Chosen 0/5000 blocks from 0 candidate containers.
2023-04-15 16:32:51,062 [BlockDeletingService#3] INFO  interfaces.ContainerDeletionChoosingPolicyTemplate (ContainerDeletionChoosingPolicyTemplate.java:chooseContainerForBlockDeletion(83)) - Chosen 0/5000 blocks from 0 candidate containers.
2023-04-15 16:32:51,062 [BlockDeletingService#1] INFO  interfaces.ContainerDeletionChoosingPolicyTemplate (ContainerDeletionChoosingPolicyTemplate.java:chooseContainerForBlockDeletion(83)) - Chosen 0/5000 blocks from 0 candidate containers.
2023-04-15 16:32:51,104 [FixedThreadPoolWithAffinityExecutor-0-0] WARN  container.ContainerReportHandler (AbstractContainerReportHandler.java:updateContainerState(259)) - Container #1 is in OPEN state, but the datanode 30c0a845-a217-4f15-8bab-f33012bc7910(fv-az202-370.ngw3kpfb2bguzbtcwuqjmbcvef.gx.internal.cloudapp.net/10.1.0.27) reports an CLOSED replica.
2023-04-15 16:32:51,162 [BlockDeletingService#3] INFO  interfaces.ContainerDeletionChoosingPolicyTemplate (ContainerDeletionChoosingPolicyTemplate.java:chooseContainerForBlockDeletion(83)) - Chosen 0/5000 blocks from 0 candidate containers.
2023-04-15 16:32:51,162 [BlockDeletingService#1] INFO  interfaces.ContainerDeletionChoosingPolicyTemplate (ContainerDeletionChoosingPolicyTemplate.java:chooseContainerForBlockDeletion(83)) - Chosen 0/5000 blocks from 0 candidate containers.
2023-04-15 16:32:51,226 [FixedThreadPoolWithAffinityExecutor-1-0] WARN  container.ContainerReportHandler (AbstractContainerReportHandler.java:updateContainerState(259)) - Container #1 is in OPEN state, but the datanode 0dee40cf-0d5a-47f0-9c10-89273726be1d(fv-az202-370.ngw3kpfb2bguzbtcwuqjmbcvef.gx.internal.cloudapp.net/10.1.0.27) reports an CLOSED replica.
2023-04-15 16:32:51,262 [BlockDeletingService#3] INFO  interfaces.ContainerDeletionChoosingPolicyTemplate (ContainerDeletionChoosingPolicyTemplate.java:chooseContainerForBlockDeletion(83)) - Chosen 0/5000 blocks from 0 candidate containers.
2023-04-15 16:32:51,262 [BlockDeletingService#1] INFO  interfaces.ContainerDeletionChoosingPolicyTemplate (ContainerDeletionChoosingPolicyTemplate.java:chooseContainerForBlockDeletion(83)) - Chosen 0/5000 blocks from 0 candidate containers.
2023-04-15 16:32:51,305 [FixedThreadPoolWithAffinityExecutor-0-0] WARN  container.ContainerReportHandler (AbstractContainerReportHandler.java:updateContainerState(259)) - Container #1 is in OPEN state, but the datanode 30c0a845-a217-4f15-8bab-f33012bc7910(fv-az202-370.ngw3kpfb2bguzbtcwuqjmbcvef.gx.internal.cloudapp.net/10.1.0.27) reports an CLOSED replica.
2023-04-15 16:32:51,362 [BlockDeletingService#3] INFO  interfaces.ContainerDeletionChoosingPolicyTemplate (ContainerDeletionChoosingPolicyTemplate.java:chooseContainerForBlockDeletion(83)) - Chosen 0/5000 blocks from 0 candidate containers.
2023-04-15 16:32:51,362 [BlockDeletingService#1] INFO  interfaces.ContainerDeletionChoosingPolicyTemplate (ContainerDeletionChoosingPolicyTemplate.java:chooseContainerForBlockDeletion(83)) - Chosen 0/5000 blocks from 0 candidate containers.
2023-04-15 16:32:51,384 [grpc-default-executor-5] WARN  server.GrpcLogAppender (LogUtils.java:warn(122)) - 30c0a845-a217-4f15-8bab-f33012bc7910@group-F40867945940->f16a70e5-fe04-4d06-9179-25c3ad8a94bb-AppendLogResponseHandler: Failed appendEntries: org.apache.ratis.thirdparty.io.grpc.StatusRuntimeException: UNAVAILABLE: io exception
2023-04-15 16:32:51,385 [grpc-default-executor-5] WARN  server.GrpcLogAppender (GrpcLogAppender.java:resetClient(131)) - 30c0a845-a217-4f15-8bab-f33012bc7910@group-F40867945940->f16a70e5-fe04-4d06-9179-25c3ad8a94bb-GrpcLogAppender: Leader has not got in touch with Follower 30c0a845-a217-4f15-8bab-f33012bc7910@group-F40867945940->f16a70e5-fe04-4d06-9179-25c3ad8a94bb(c-1,m0,n7, attendVote=true, lastRpcSendTime=0, lastRpcResponseTime=59587) yet, just keep nextIndex unchanged and retry.
2023-04-15 16:32:51,385 [grpc-default-executor-3] WARN  server.GrpcLogAppender (LogUtils.java:warn(122)) - 30c0a845-a217-4f15-8bab-f33012bc7910@group-F40867945940->f16a70e5-fe04-4d06-9179-25c3ad8a94bb-AppendLogResponseHandler: Failed appendEntries: org.apache.ratis.thirdparty.io.grpc.StatusRuntimeException: UNAVAILABLE: io exception
2023-04-15 16:32:51,385 [grpc-default-executor-3] WARN  server.GrpcLogAppender (GrpcLogAppender.java:resetClient(131)) - 30c0a845-a217-4f15-8bab-f33012bc7910@group-F40867945940->f16a70e5-fe04-4d06-9179-25c3ad8a94bb-GrpcLogAppender: Leader has not got in touch with Follower 30c0a845-a217-4f15-8bab-f33012bc7910@group-F40867945940->f16a70e5-fe04-4d06-9179-25c3ad8a94bb(c-1,m0,n7, attendVote=true, lastRpcSendTime=1, lastRpcResponseTime=59588) yet, just keep nextIndex unchanged and retry.
2023-04-15 16:32:51,462 [BlockDeletingService#3] INFO  interfaces.ContainerDeletionChoosingPolicyTemplate (ContainerDeletionChoosingPolicyTemplate.java:chooseContainerForBlockDeletion(83)) - Chosen 0/5000 blocks from 0 candidate containers.
2023-04-15 16:32:51,462 [BlockDeletingService#1] INFO  interfaces.ContainerDeletionChoosingPolicyTemplate (ContainerDeletionChoosingPolicyTemplate.java:chooseContainerForBlockDeletion(83)) - Chosen 0/5000 blocks from 0 candidate containers.
2023-04-15 16:32:51,527 [FixedThreadPoolWithAffinityExecutor-1-0] WARN  container.ContainerReportHandler (AbstractContainerReportHandler.java:updateContainerState(259)) - Container #1 is in OPEN state, but the datanode 0dee40cf-0d5a-47f0-9c10-89273726be1d(fv-az202-370.ngw3kpfb2bguzbtcwuqjmbcvef.gx.internal.cloudapp.net/10.1.0.27) reports an CLOSED replica.
2023-04-15 16:32:51,563 [BlockDeletingService#3] INFO  interfaces.ContainerDeletionChoosingPolicyTemplate (ContainerDeletionChoosingPolicyTemplate.java:chooseContainerForBlockDeletion(83)) - Chosen 0/5000 blocks from 0 candidate containers.
2023-04-15 16:32:51,563 [BlockDeletingService#1] INFO  interfaces.ContainerDeletionChoosingPolicyTemplate (ContainerDeletionChoosingPolicyTemplate.java:chooseContainerForBlockDeletion(83)) - Chosen 0/5000 blocks from 0 candidate containers.
2023-04-15 16:32:51,605 [FixedThreadPoolWithAffinityExecutor-0-0] WARN  container.ContainerReportHandler (AbstractContainerReportHandler.java:updateContainerState(259)) - Container #1 is in OPEN state, but the datanode 30c0a845-a217-4f15-8bab-f33012bc7910(fv-az202-370.ngw3kpfb2bguzbtcwuqjmbcvef.gx.internal.cloudapp.net/10.1.0.27) reports an CLOSED replica.
2023-04-15 16:32:51,663 [BlockDeletingService#3] INFO  interfaces.ContainerDeletionChoosingPolicyTemplate (ContainerDeletionChoosingPolicyTemplate.java:chooseContainerForBlockDeletion(83)) - Chosen 0/5000 blocks from 0 candidate containers.
2023-04-15 16:32:51,663 [BlockDeletingService#1] INFO  interfaces.ContainerDeletionChoosingPolicyTemplate (ContainerDeletionChoosingPolicyTemplate.java:chooseContainerForBlockDeletion(83)) - Chosen 0/5000 blocks from 0 candidate containers.
2023-04-15 16:32:51,728 [FixedThreadPoolWithAffinityExecutor-1-0] WARN  container.ContainerReportHandler (AbstractContainerReportHandler.java:updateContainerState(259)) - Container #1 is in OPEN state, but the datanode 0dee40cf-0d5a-47f0-9c10-89273726be1d(fv-az202-370.ngw3kpfb2bguzbtcwuqjmbcvef.gx.internal.cloudapp.net/10.1.0.27) reports an CLOSED replica.
2023-04-15 16:32:51,763 [BlockDeletingService#3] INFO  interfaces.ContainerDeletionChoosingPolicyTemplate (ContainerDeletionChoosingPolicyTemplate.java:chooseContainerForBlockDeletion(83)) - Chosen 0/5000 blocks from 0 candidate containers.
2023-04-15 16:32:51,765 [BlockDeletingService#1] INFO  interfaces.ContainerDeletionChoosingPolicyTemplate (ContainerDeletionChoosingPolicyTemplate.java:chooseContainerForBlockDeletion(83)) - Chosen 0/5000 blocks from 0 candidate containers.
2023-04-15 16:32:51,863 [BlockDeletingService#3] INFO  interfaces.ContainerDeletionChoosingPolicyTemplate (ContainerDeletionChoosingPolicyTemplate.java:chooseContainerForBlockDeletion(83)) - Chosen 0/5000 blocks from 0 candidate containers.
2023-04-15 16:32:51,865 [BlockDeletingService#1] INFO  interfaces.ContainerDeletionChoosingPolicyTemplate (ContainerDeletionChoosingPolicyTemplate.java:chooseContainerForBlockDeletion(83)) - Chosen 0/5000 blocks from 0 candidate containers.
2023-04-15 16:32:51,905 [FixedThreadPoolWithAffinityExecutor-0-0] WARN  container.ContainerReportHandler (AbstractContainerReportHandler.java:updateContainerState(259)) - Container #1 is in OPEN state, but the datanode 30c0a845-a217-4f15-8bab-f33012bc7910(fv-az202-370.ngw3kpfb2bguzbtcwuqjmbcvef.gx.internal.cloudapp.net/10.1.0.27) reports an CLOSED replica.
2023-04-15 16:32:51,963 [BlockDeletingService#3] INFO  interfaces.ContainerDeletionChoosingPolicyTemplate (ContainerDeletionChoosingPolicyTemplate.java:chooseContainerForBlockDeletion(83)) - Chosen 0/5000 blocks from 0 candidate containers.
2023-04-15 16:32:51,965 [BlockDeletingService#1] INFO  interfaces.ContainerDeletionChoosingPolicyTemplate (ContainerDeletionChoosingPolicyTemplate.java:chooseContainerForBlockDeletion(83)) - Chosen 0/5000 blocks from 0 candidate containers.
2023-04-15 16:32:52,028 [FixedThreadPoolWithAffinityExecutor-1-0] WARN  container.ContainerReportHandler (AbstractContainerReportHandler.java:updateContainerState(259)) - Container #1 is in OPEN state, but the datanode 0dee40cf-0d5a-47f0-9c10-89273726be1d(fv-az202-370.ngw3kpfb2bguzbtcwuqjmbcvef.gx.internal.cloudapp.net/10.1.0.27) reports an CLOSED replica.
2023-04-15 16:32:52,063 [BlockDeletingService#3] INFO  interfaces.ContainerDeletionChoosingPolicyTemplate (ContainerDeletionChoosingPolicyTemplate.java:chooseContainerForBlockDeletion(83)) - Chosen 0/5000 blocks from 0 candidate containers.
2023-04-15 16:32:52,065 [BlockDeletingService#1] INFO  interfaces.ContainerDeletionChoosingPolicyTemplate (ContainerDeletionChoosingPolicyTemplate.java:chooseContainerForBlockDeletion(83)) - Chosen 0/5000 blocks from 0 candidate containers.
2023-04-15 16:32:52,105 [FixedThreadPoolWithAffinityExecutor-0-0] WARN  container.ContainerReportHandler (AbstractContainerReportHandler.java:updateContainerState(259)) - Container #1 is in OPEN state, but the datanode 30c0a845-a217-4f15-8bab-f33012bc7910(fv-az202-370.ngw3kpfb2bguzbtcwuqjmbcvef.gx.internal.cloudapp.net/10.1.0.27) reports an CLOSED replica.
2023-04-15 16:32:52,164 [BlockDeletingService#3] INFO  interfaces.ContainerDeletionChoosingPolicyTemplate (ContainerDeletionChoosingPolicyTemplate.java:chooseContainerForBlockDeletion(83)) - Chosen 0/5000 blocks from 0 candidate containers.
2023-04-15 16:32:52,165 [BlockDeletingService#1] INFO  interfaces.ContainerDeletionChoosingPolicyTemplate (ContainerDeletionChoosingPolicyTemplate.java:chooseContainerForBlockDeletion(83)) - Chosen 0/5000 blocks from 0 candidate containers.
2023-04-15 16:32:52,264 [BlockDeletingService#3] INFO  interfaces.ContainerDeletionChoosingPolicyTemplate (ContainerDeletionChoosingPolicyTemplate.java:chooseContainerForBlockDeletion(83)) - Chosen 0/5000 blocks from 0 candidate containers.
2023-04-15 16:32:52,265 [BlockDeletingService#1] INFO  interfaces.ContainerDeletionChoosingPolicyTemplate (ContainerDeletionChoosingPolicyTemplate.java:chooseContainerForBlockDeletion(83)) - Chosen 0/5000 blocks from 0 candidate containers.
2023-04-15 16:32:52,328 [FixedThreadPoolWithAffinityExecutor-1-0] WARN  container.ContainerReportHandler (AbstractContainerReportHandler.java:updateContainerState(259)) - Container #1 is in OPEN state, but the datanode 0dee40cf-0d5a-47f0-9c10-89273726be1d(fv-az202-370.ngw3kpfb2bguzbtcwuqjmbcvef.gx.internal.cloudapp.net/10.1.0.27) reports an CLOSED replica.
2023-04-15 16:32:52,364 [BlockDeletingService#3] INFO  interfaces.ContainerDeletionChoosingPolicyTemplate (ContainerDeletionChoosingPolicyTemplate.java:chooseContainerForBlockDeletion(83)) - Chosen 0/5000 blocks from 0 candidate containers.
2023-04-15 16:32:52,365 [BlockDeletingService#1] INFO  interfaces.ContainerDeletionChoosingPolicyTemplate (ContainerDeletionChoosingPolicyTemplate.java:chooseContainerForBlockDeletion(83)) - Chosen 0/5000 blocks from 0 candidate containers.
2023-04-15 16:32:52,405 [FixedThreadPoolWithAffinityExecutor-0-0] WARN  container.ContainerReportHandler (AbstractContainerReportHandler.java:updateContainerState(259)) - Container #1 is in OPEN state, but the datanode 30c0a845-a217-4f15-8bab-f33012bc7910(fv-az202-370.ngw3kpfb2bguzbtcwuqjmbcvef.gx.internal.cloudapp.net/10.1.0.27) reports an CLOSED replica.
2023-04-15 16:32:52,464 [BlockDeletingService#3] INFO  interfaces.ContainerDeletionChoosingPolicyTemplate (ContainerDeletionChoosingPolicyTemplate.java:chooseContainerForBlockDeletion(83)) - Chosen 0/5000 blocks from 0 candidate containers.
2023-04-15 16:32:52,465 [BlockDeletingService#1] INFO  interfaces.ContainerDeletionChoosingPolicyTemplate (ContainerDeletionChoosingPolicyTemplate.java:chooseContainerForBlockDeletion(83)) - Chosen 0/5000 blocks from 0 candidate containers.
2023-04-15 16:32:52,564 [BlockDeletingService#3] INFO  interfaces.ContainerDeletionChoosingPolicyTemplate (ContainerDeletionChoosingPolicyTemplate.java:chooseContainerForBlockDeletion(83)) - Chosen 0/5000 blocks from 0 candidate containers.
2023-04-15 16:32:52,566 [BlockDeletingService#1] INFO  interfaces.ContainerDeletionChoosingPolicyTemplate (ContainerDeletionChoosingPolicyTemplate.java:chooseContainerForBlockDeletion(83)) - Chosen 0/5000 blocks from 0 candidate containers.
2023-04-15 16:32:52,605 [FixedThreadPoolWithAffinityExecutor-0-0] WARN  container.ContainerReportHandler (AbstractContainerReportHandler.java:updateContainerState(259)) - Container #1 is in OPEN state, but the datanode 30c0a845-a217-4f15-8bab-f33012bc7910(fv-az202-370.ngw3kpfb2bguzbtcwuqjmbcvef.gx.internal.cloudapp.net/10.1.0.27) reports an CLOSED replica.
2023-04-15 16:32:52,628 [FixedThreadPoolWithAffinityExecutor-1-0] WARN  container.ContainerReportHandler (AbstractContainerReportHandler.java:updateContainerState(259)) - Container #1 is in OPEN state, but the datanode 0dee40cf-0d5a-47f0-9c10-89273726be1d(fv-az202-370.ngw3kpfb2bguzbtcwuqjmbcvef.gx.internal.cloudapp.net/10.1.0.27) reports an CLOSED replica.
2023-04-15 16:32:52,634 [grpc-default-executor-3] WARN  server.GrpcLogAppender (LogUtils.java:warn(122)) - 30c0a845-a217-4f15-8bab-f33012bc7910@group-F40867945940->f16a70e5-fe04-4d06-9179-25c3ad8a94bb-AppendLogResponseHandler: Failed appendEntries: org.apache.ratis.thirdparty.io.grpc.StatusRuntimeException: UNAVAILABLE: io exception
2023-04-15 16:32:52,634 [grpc-default-executor-5] WARN  server.GrpcLogAppender (LogUtils.java:warn(122)) - 30c0a845-a217-4f15-8bab-f33012bc7910@group-F40867945940->f16a70e5-fe04-4d06-9179-25c3ad8a94bb-AppendLogResponseHandler: Failed appendEntries: org.apache.ratis.thirdparty.io.grpc.StatusRuntimeException: UNAVAILABLE: io exception
2023-04-15 16:32:52,635 [grpc-default-executor-3] WARN  server.GrpcLogAppender (GrpcLogAppender.java:resetClient(131)) - 30c0a845-a217-4f15-8bab-f33012bc7910@group-F40867945940->f16a70e5-fe04-4d06-9179-25c3ad8a94bb-GrpcLogAppender: Leader has not got in touch with Follower 30c0a845-a217-4f15-8bab-f33012bc7910@group-F40867945940->f16a70e5-fe04-4d06-9179-25c3ad8a94bb(c-1,m0,n7, attendVote=true, lastRpcSendTime=0, lastRpcResponseTime=60837) yet, just keep nextIndex unchanged and retry.
2023-04-15 16:32:52,635 [grpc-default-executor-5] WARN  server.GrpcLogAppender (GrpcLogAppender.java:resetClient(131)) - 30c0a845-a217-4f15-8bab-f33012bc7910@group-F40867945940->f16a70e5-fe04-4d06-9179-25c3ad8a94bb-GrpcLogAppender: Leader has not got in touch with Follower 30c0a845-a217-4f15-8bab-f33012bc7910@group-F40867945940->f16a70e5-fe04-4d06-9179-25c3ad8a94bb(c-1,m0,n7, attendVote=true, lastRpcSendTime=0, lastRpcResponseTime=60837) yet, just keep nextIndex unchanged and retry.
2023-04-15 16:32:52,665 [BlockDeletingService#3] INFO  interfaces.ContainerDeletionChoosingPolicyTemplate (ContainerDeletionChoosingPolicyTemplate.java:chooseContainerForBlockDeletion(83)) - Chosen 0/5000 blocks from 0 candidate containers.
2023-04-15 16:32:52,666 [BlockDeletingService#1] INFO  interfaces.ContainerDeletionChoosingPolicyTemplate (ContainerDeletionChoosingPolicyTemplate.java:chooseContainerForBlockDeletion(83)) - Chosen 0/5000 blocks from 0 candidate containers.
2023-04-15 16:32:52,765 [BlockDeletingService#0] INFO  interfaces.ContainerDeletionChoosingPolicyTemplate (ContainerDeletionChoosingPolicyTemplate.java:chooseContainerForBlockDeletion(83)) - Chosen 0/5000 blocks from 0 candidate containers.
2023-04-15 16:32:52,766 [BlockDeletingService#1] INFO  interfaces.ContainerDeletionChoosingPolicyTemplate (ContainerDeletionChoosingPolicyTemplate.java:chooseContainerForBlockDeletion(83)) - Chosen 0/5000 blocks from 0 candidate containers.
2023-04-15 16:32:52,829 [FixedThreadPoolWithAffinityExecutor-1-0] WARN  container.ContainerReportHandler (AbstractContainerReportHandler.java:updateContainerState(259)) - Container #1 is in OPEN state, but the datanode 0dee40cf-0d5a-47f0-9c10-89273726be1d(fv-az202-370.ngw3kpfb2bguzbtcwuqjmbcvef.gx.internal.cloudapp.net/10.1.0.27) reports an CLOSED replica.
2023-04-15 16:32:52,865 [BlockDeletingService#0] INFO  interfaces.ContainerDeletionChoosingPolicyTemplate (ContainerDeletionChoosingPolicyTemplate.java:chooseContainerForBlockDeletion(83)) - Chosen 0/5000 blocks from 0 candidate containers.
2023-04-15 16:32:52,866 [BlockDeletingService#1] INFO  interfaces.ContainerDeletionChoosingPolicyTemplate (ContainerDeletionChoosingPolicyTemplate.java:chooseContainerForBlockDeletion(83)) - Chosen 0/5000 blocks from 0 candidate containers.
2023-04-15 16:32:52,907 [FixedThreadPoolWithAffinityExecutor-0-0] WARN  container.ContainerReportHandler (AbstractContainerReportHandler.java:updateContainerState(259)) - Container #1 is in OPEN state, but the datanode 30c0a845-a217-4f15-8bab-f33012bc7910(fv-az202-370.ngw3kpfb2bguzbtcwuqjmbcvef.gx.internal.cloudapp.net/10.1.0.27) reports an CLOSED replica.
2023-04-15 16:32:52,965 [BlockDeletingService#0] INFO  interfaces.ContainerDeletionChoosingPolicyTemplate (ContainerDeletionChoosingPolicyTemplate.java:chooseContainerForBlockDeletion(83)) - Chosen 0/5000 blocks from 0 candidate containers.
2023-04-15 16:32:52,966 [BlockDeletingService#1] INFO  interfaces.ContainerDeletionChoosingPolicyTemplate (ContainerDeletionChoosingPolicyTemplate.java:chooseContainerForBlockDeletion(83)) - Chosen 0/5000 blocks from 0 candidate containers.
2023-04-15 16:32:53,065 [BlockDeletingService#0] INFO  interfaces.ContainerDeletionChoosingPolicyTemplate (ContainerDeletionChoosingPolicyTemplate.java:chooseContainerForBlockDeletion(83)) - Chosen 0/5000 blocks from 0 candidate containers.
2023-04-15 16:32:53,066 [BlockDeletingService#1] INFO  interfaces.ContainerDeletionChoosingPolicyTemplate (ContainerDeletionChoosingPolicyTemplate.java:chooseContainerForBlockDeletion(83)) - Chosen 0/5000 blocks from 0 candidate containers.
2023-04-15 16:32:53,106 [FixedThreadPoolWithAffinityExecutor-0-0] WARN  container.ContainerReportHandler (AbstractContainerReportHandler.java:updateContainerState(259)) - Container #1 is in OPEN state, but the datanode 30c0a845-a217-4f15-8bab-f33012bc7910(fv-az202-370.ngw3kpfb2bguzbtcwuqjmbcvef.gx.internal.cloudapp.net/10.1.0.27) reports an CLOSED replica.
2023-04-15 16:32:53,128 [FixedThreadPoolWithAffinityExecutor-1-0] WARN  container.ContainerReportHandler (AbstractContainerReportHandler.java:updateContainerState(259)) - Container #1 is in OPEN state, but the datanode 0dee40cf-0d5a-47f0-9c10-89273726be1d(fv-az202-370.ngw3kpfb2bguzbtcwuqjmbcvef.gx.internal.cloudapp.net/10.1.0.27) reports an CLOSED replica.
2023-04-15 16:32:53,166 [BlockDeletingService#0] INFO  interfaces.ContainerDeletionChoosingPolicyTemplate (ContainerDeletionChoosingPolicyTemplate.java:chooseContainerForBlockDeletion(83)) - Chosen 0/5000 blocks from 0 candidate containers.
2023-04-15 16:32:53,166 [BlockDeletingService#1] INFO  interfaces.ContainerDeletionChoosingPolicyTemplate (ContainerDeletionChoosingPolicyTemplate.java:chooseContainerForBlockDeletion(83)) - Chosen 0/5000 blocks from 0 candidate containers.
2023-04-15 16:32:53,266 [BlockDeletingService#0] INFO  interfaces.ContainerDeletionChoosingPolicyTemplate (ContainerDeletionChoosingPolicyTemplate.java:chooseContainerForBlockDeletion(83)) - Chosen 0/5000 blocks from 0 candidate containers.
2023-04-15 16:32:53,266 [BlockDeletingService#1] INFO  interfaces.ContainerDeletionChoosingPolicyTemplate (ContainerDeletionChoosingPolicyTemplate.java:chooseContainerForBlockDeletion(83)) - Chosen 0/5000 blocks from 0 candidate containers.
2023-04-15 16:32:53,366 [BlockDeletingService#0] INFO  interfaces.ContainerDeletionChoosingPolicyTemplate (ContainerDeletionChoosingPolicyTemplate.java:chooseContainerForBlockDeletion(83)) - Chosen 0/5000 blocks from 0 candidate containers.
2023-04-15 16:32:53,366 [BlockDeletingService#1] INFO  interfaces.ContainerDeletionChoosingPolicyTemplate (ContainerDeletionChoosingPolicyTemplate.java:chooseContainerForBlockDeletion(83)) - Chosen 0/5000 blocks from 0 candidate containers.
2023-04-15 16:32:53,406 [FixedThreadPoolWithAffinityExecutor-0-0] WARN  container.ContainerReportHandler (AbstractContainerReportHandler.java:updateContainerState(259)) - Container #1 is in OPEN state, but the datanode 30c0a845-a217-4f15-8bab-f33012bc7910(fv-az202-370.ngw3kpfb2bguzbtcwuqjmbcvef.gx.internal.cloudapp.net/10.1.0.27) reports an CLOSED replica.
2023-04-15 16:32:53,430 [FixedThreadPoolWithAffinityExecutor-1-0] WARN  container.ContainerReportHandler (AbstractContainerReportHandler.java:updateContainerState(259)) - Container #1 is in OPEN state, but the datanode 0dee40cf-0d5a-47f0-9c10-89273726be1d(fv-az202-370.ngw3kpfb2bguzbtcwuqjmbcvef.gx.internal.cloudapp.net/10.1.0.27) reports an CLOSED replica.
2023-04-15 16:32:53,466 [BlockDeletingService#0] INFO  interfaces.ContainerDeletionChoosingPolicyTemplate (ContainerDeletionChoosingPolicyTemplate.java:chooseContainerForBlockDeletion(83)) - Chosen 0/5000 blocks from 0 candidate containers.
2023-04-15 16:32:53,467 [BlockDeletingService#1] INFO  interfaces.ContainerDeletionChoosingPolicyTemplate (ContainerDeletionChoosingPolicyTemplate.java:chooseContainerForBlockDeletion(83)) - Chosen 0/5000 blocks from 0 candidate containers.
2023-04-15 16:32:53,566 [BlockDeletingService#0] INFO  interfaces.ContainerDeletionChoosingPolicyTemplate (ContainerDeletionChoosingPolicyTemplate.java:chooseContainerForBlockDeletion(83)) - Chosen 0/5000 blocks from 0 candidate containers.
2023-04-15 16:32:53,567 [BlockDeletingService#1] INFO  interfaces.ContainerDeletionChoosingPolicyTemplate (ContainerDeletionChoosingPolicyTemplate.java:chooseContainerForBlockDeletion(83)) - Chosen 0/5000 blocks from 0 candidate containers.
2023-04-15 16:32:53,606 [FixedThreadPoolWithAffinityExecutor-0-0] WARN  container.ContainerReportHandler (AbstractContainerReportHandler.java:updateContainerState(259)) - Container #1 is in OPEN state, but the datanode 30c0a845-a217-4f15-8bab-f33012bc7910(fv-az202-370.ngw3kpfb2bguzbtcwuqjmbcvef.gx.internal.cloudapp.net/10.1.0.27) reports an CLOSED replica.
2023-04-15 16:32:53,630 [FixedThreadPoolWithAffinityExecutor-1-0] WARN  container.ContainerReportHandler (AbstractContainerReportHandler.java:updateContainerState(259)) - Container #1 is in OPEN state, but the datanode 0dee40cf-0d5a-47f0-9c10-89273726be1d(fv-az202-370.ngw3kpfb2bguzbtcwuqjmbcvef.gx.internal.cloudapp.net/10.1.0.27) reports an CLOSED replica.
2023-04-15 16:32:53,667 [BlockDeletingService#0] INFO  interfaces.ContainerDeletionChoosingPolicyTemplate (ContainerDeletionChoosingPolicyTemplate.java:chooseContainerForBlockDeletion(83)) - Chosen 0/5000 blocks from 0 candidate containers.
2023-04-15 16:32:53,667 [BlockDeletingService#1] INFO  interfaces.ContainerDeletionChoosingPolicyTemplate (ContainerDeletionChoosingPolicyTemplate.java:chooseContainerForBlockDeletion(83)) - Chosen 0/5000 blocks from 0 candidate containers.
2023-04-15 16:32:53,767 [BlockDeletingService#0] INFO  interfaces.ContainerDeletionChoosingPolicyTemplate (ContainerDeletionChoosingPolicyTemplate.java:chooseContainerForBlockDeletion(83)) - Chosen 0/5000 blocks from 0 candidate containers.
2023-04-15 16:32:53,767 [BlockDeletingService#1] INFO  interfaces.ContainerDeletionChoosingPolicyTemplate (ContainerDeletionChoosingPolicyTemplate.java:chooseContainerForBlockDeletion(83)) - Chosen 0/5000 blocks from 0 candidate containers.
2023-04-15 16:32:53,867 [BlockDeletingService#0] INFO  interfaces.ContainerDeletionChoosingPolicyTemplate (ContainerDeletionChoosingPolicyTemplate.java:chooseContainerForBlockDeletion(83)) - Chosen 0/5000 blocks from 0 candidate containers.
2023-04-15 16:32:53,867 [BlockDeletingService#1] INFO  interfaces.ContainerDeletionChoosingPolicyTemplate (ContainerDeletionChoosingPolicyTemplate.java:chooseContainerForBlockDeletion(83)) - Chosen 0/5000 blocks from 0 candidate containers.
2023-04-15 16:32:53,885 [grpc-default-executor-3] WARN  server.GrpcLogAppender (LogUtils.java:warn(122)) - 30c0a845-a217-4f15-8bab-f33012bc7910@group-F40867945940->f16a70e5-fe04-4d06-9179-25c3ad8a94bb-AppendLogResponseHandler: Failed appendEntries: org.apache.ratis.thirdparty.io.grpc.StatusRuntimeException: UNAVAILABLE: io exception
2023-04-15 16:32:53,885 [grpc-default-executor-3] WARN  server.GrpcLogAppender (GrpcLogAppender.java:resetClient(131)) - 30c0a845-a217-4f15-8bab-f33012bc7910@group-F40867945940->f16a70e5-fe04-4d06-9179-25c3ad8a94bb-GrpcLogAppender: Leader has not got in touch with Follower 30c0a845-a217-4f15-8bab-f33012bc7910@group-F40867945940->f16a70e5-fe04-4d06-9179-25c3ad8a94bb(c-1,m0,n7, attendVote=true, lastRpcSendTime=0, lastRpcResponseTime=62088) yet, just keep nextIndex unchanged and retry.
2023-04-15 16:32:53,885 [grpc-default-executor-5] WARN  server.GrpcLogAppender (LogUtils.java:warn(122)) - 30c0a845-a217-4f15-8bab-f33012bc7910@group-F40867945940->f16a70e5-fe04-4d06-9179-25c3ad8a94bb-AppendLogResponseHandler: Failed appendEntries: org.apache.ratis.thirdparty.io.grpc.StatusRuntimeException: UNAVAILABLE: io exception
2023-04-15 16:32:53,886 [grpc-default-executor-5] WARN  server.GrpcLogAppender (GrpcLogAppender.java:resetClient(131)) - 30c0a845-a217-4f15-8bab-f33012bc7910@group-F40867945940->f16a70e5-fe04-4d06-9179-25c3ad8a94bb-GrpcLogAppender: Leader has not got in touch with Follower 30c0a845-a217-4f15-8bab-f33012bc7910@group-F40867945940->f16a70e5-fe04-4d06-9179-25c3ad8a94bb(c-1,m0,n7, attendVote=true, lastRpcSendTime=0, lastRpcResponseTime=62088) yet, just keep nextIndex unchanged and retry.
2023-04-15 16:32:53,906 [FixedThreadPoolWithAffinityExecutor-0-0] WARN  container.ContainerReportHandler (AbstractContainerReportHandler.java:updateContainerState(259)) - Container #1 is in OPEN state, but the datanode 30c0a845-a217-4f15-8bab-f33012bc7910(fv-az202-370.ngw3kpfb2bguzbtcwuqjmbcvef.gx.internal.cloudapp.net/10.1.0.27) reports an CLOSED replica.
2023-04-15 16:32:53,931 [FixedThreadPoolWithAffinityExecutor-1-0] WARN  container.ContainerReportHandler (AbstractContainerReportHandler.java:updateContainerState(259)) - Container #1 is in OPEN state, but the datanode 0dee40cf-0d5a-47f0-9c10-89273726be1d(fv-az202-370.ngw3kpfb2bguzbtcwuqjmbcvef.gx.internal.cloudapp.net/10.1.0.27) reports an CLOSED replica.
2023-04-15 16:32:53,967 [BlockDeletingService#0] INFO  interfaces.ContainerDeletionChoosingPolicyTemplate (ContainerDeletionChoosingPolicyTemplate.java:chooseContainerForBlockDeletion(83)) - Chosen 0/5000 blocks from 0 candidate containers.
2023-04-15 16:32:53,967 [BlockDeletingService#1] INFO  interfaces.ContainerDeletionChoosingPolicyTemplate (ContainerDeletionChoosingPolicyTemplate.java:chooseContainerForBlockDeletion(83)) - Chosen 0/5000 blocks from 0 candidate containers.
2023-04-15 16:32:54,067 [BlockDeletingService#0] INFO  interfaces.ContainerDeletionChoosingPolicyTemplate (ContainerDeletionChoosingPolicyTemplate.java:chooseContainerForBlockDeletion(83)) - Chosen 0/5000 blocks from 0 candidate containers.
2023-04-15 16:32:54,067 [BlockDeletingService#1] INFO  interfaces.ContainerDeletionChoosingPolicyTemplate (ContainerDeletionChoosingPolicyTemplate.java:chooseContainerForBlockDeletion(83)) - Chosen 0/5000 blocks from 0 candidate containers.
2023-04-15 16:32:54,167 [BlockDeletingService#0] INFO  interfaces.ContainerDeletionChoosingPolicyTemplate (ContainerDeletionChoosingPolicyTemplate.java:chooseContainerForBlockDeletion(83)) - Chosen 0/5000 blocks from 0 candidate containers.
2023-04-15 16:32:54,167 [BlockDeletingService#1] INFO  interfaces.ContainerDeletionChoosingPolicyTemplate (ContainerDeletionChoosingPolicyTemplate.java:chooseContainerForBlockDeletion(83)) - Chosen 0/5000 blocks from 0 candidate containers.
2023-04-15 16:32:54,206 [FixedThreadPoolWithAffinityExecutor-0-0] WARN  container.ContainerReportHandler (AbstractContainerReportHandler.java:updateContainerState(259)) - Container #1 is in OPEN state, but the datanode 30c0a845-a217-4f15-8bab-f33012bc7910(fv-az202-370.ngw3kpfb2bguzbtcwuqjmbcvef.gx.internal.cloudapp.net/10.1.0.27) reports an CLOSED replica.
2023-04-15 16:32:54,233 [FixedThreadPoolWithAffinityExecutor-1-0] WARN  container.ContainerReportHandler (AbstractContainerReportHandler.java:updateContainerState(259)) - Container #1 is in OPEN state, but the datanode 0dee40cf-0d5a-47f0-9c10-89273726be1d(fv-az202-370.ngw3kpfb2bguzbtcwuqjmbcvef.gx.internal.cloudapp.net/10.1.0.27) reports an CLOSED replica.
2023-04-15 16:32:54,268 [BlockDeletingService#0] INFO  interfaces.ContainerDeletionChoosingPolicyTemplate (ContainerDeletionChoosingPolicyTemplate.java:chooseContainerForBlockDeletion(83)) - Chosen 0/5000 blocks from 0 candidate containers.
2023-04-15 16:32:54,268 [BlockDeletingService#1] INFO  interfaces.ContainerDeletionChoosingPolicyTemplate (ContainerDeletionChoosingPolicyTemplate.java:chooseContainerForBlockDeletion(83)) - Chosen 0/5000 blocks from 0 candidate containers.
2023-04-15 16:32:54,370 [BlockDeletingService#1] INFO  interfaces.ContainerDeletionChoosingPolicyTemplate (ContainerDeletionChoosingPolicyTemplate.java:chooseContainerForBlockDeletion(83)) - Chosen 0/5000 blocks from 0 candidate containers.
2023-04-15 16:32:54,370 [BlockDeletingService#0] INFO  interfaces.ContainerDeletionChoosingPolicyTemplate (ContainerDeletionChoosingPolicyTemplate.java:chooseContainerForBlockDeletion(83)) - Chosen 0/5000 blocks from 0 candidate containers.
2023-04-15 16:32:54,406 [FixedThreadPoolWithAffinityExecutor-0-0] WARN  container.ContainerReportHandler (AbstractContainerReportHandler.java:updateContainerState(259)) - Container #1 is in OPEN state, but the datanode 30c0a845-a217-4f15-8bab-f33012bc7910(fv-az202-370.ngw3kpfb2bguzbtcwuqjmbcvef.gx.internal.cloudapp.net/10.1.0.27) reports an CLOSED replica.
2023-04-15 16:32:54,470 [BlockDeletingService#1] INFO  interfaces.ContainerDeletionChoosingPolicyTemplate (ContainerDeletionChoosingPolicyTemplate.java:chooseContainerForBlockDeletion(83)) - Chosen 0/5000 blocks from 0 candidate containers.
2023-04-15 16:32:54,470 [BlockDeletingService#0] INFO  interfaces.ContainerDeletionChoosingPolicyTemplate (ContainerDeletionChoosingPolicyTemplate.java:chooseContainerForBlockDeletion(83)) - Chosen 0/5000 blocks from 0 candidate containers.
2023-04-15 16:32:54,533 [FixedThreadPoolWithAffinityExecutor-1-0] WARN  container.ContainerReportHandler (AbstractContainerReportHandler.java:updateContainerState(259)) - Container #1 is in OPEN state, but the datanode 0dee40cf-0d5a-47f0-9c10-89273726be1d(fv-az202-370.ngw3kpfb2bguzbtcwuqjmbcvef.gx.internal.cloudapp.net/10.1.0.27) reports an CLOSED replica.
2023-04-15 16:32:54,576 [BlockDeletingService#1] INFO  interfaces.ContainerDeletionChoosingPolicyTemplate (ContainerDeletionChoosingPolicyTemplate.java:chooseContainerForBlockDeletion(83)) - Chosen 0/5000 blocks from 0 candidate containers.
2023-04-15 16:32:54,576 [BlockDeletingService#0] INFO  interfaces.ContainerDeletionChoosingPolicyTemplate (ContainerDeletionChoosingPolicyTemplate.java:chooseContainerForBlockDeletion(83)) - Chosen 0/5000 blocks from 0 candidate containers.
2023-04-15 16:32:54,676 [BlockDeletingService#1] INFO  interfaces.ContainerDeletionChoosingPolicyTemplate (ContainerDeletionChoosingPolicyTemplate.java:chooseContainerForBlockDeletion(83)) - Chosen 0/5000 blocks from 0 candidate containers.
2023-04-15 16:32:54,676 [BlockDeletingService#0] INFO  interfaces.ContainerDeletionChoosingPolicyTemplate (ContainerDeletionChoosingPolicyTemplate.java:chooseContainerForBlockDeletion(83)) - Chosen 0/5000 blocks from 0 candidate containers.
2023-04-15 16:32:54,706 [FixedThreadPoolWithAffinityExecutor-0-0] WARN  container.ContainerReportHandler (AbstractContainerReportHandler.java:updateContainerState(259)) - Container #1 is in OPEN state, but the datanode 30c0a845-a217-4f15-8bab-f33012bc7910(fv-az202-370.ngw3kpfb2bguzbtcwuqjmbcvef.gx.internal.cloudapp.net/10.1.0.27) reports an CLOSED replica.
2023-04-15 16:32:54,732 [FixedThreadPoolWithAffinityExecutor-1-0] WARN  container.ContainerReportHandler (AbstractContainerReportHandler.java:updateContainerState(259)) - Container #1 is in OPEN state, but the datanode 0dee40cf-0d5a-47f0-9c10-89273726be1d(fv-az202-370.ngw3kpfb2bguzbtcwuqjmbcvef.gx.internal.cloudapp.net/10.1.0.27) reports an CLOSED replica.
2023-04-15 16:32:54,776 [BlockDeletingService#1] INFO  interfaces.ContainerDeletionChoosingPolicyTemplate (ContainerDeletionChoosingPolicyTemplate.java:chooseContainerForBlockDeletion(83)) - Chosen 0/5000 blocks from 0 candidate containers.
2023-04-15 16:32:54,776 [BlockDeletingService#0] INFO  interfaces.ContainerDeletionChoosingPolicyTemplate (ContainerDeletionChoosingPolicyTemplate.java:chooseContainerForBlockDeletion(83)) - Chosen 0/5000 blocks from 0 candidate containers.
2023-04-15 16:32:54,876 [BlockDeletingService#1] INFO  interfaces.ContainerDeletionChoosingPolicyTemplate (ContainerDeletionChoosingPolicyTemplate.java:chooseContainerForBlockDeletion(83)) - Chosen 0/5000 blocks from 0 candidate containers.
2023-04-15 16:32:54,877 [BlockDeletingService#0] INFO  interfaces.ContainerDeletionChoosingPolicyTemplate (ContainerDeletionChoosingPolicyTemplate.java:chooseContainerForBlockDeletion(83)) - Chosen 0/5000 blocks from 0 candidate containers.
2023-04-15 16:32:54,906 [FixedThreadPoolWithAffinityExecutor-0-0] WARN  container.ContainerReportHandler (AbstractContainerReportHandler.java:updateContainerState(259)) - Container #1 is in OPEN state, but the datanode 30c0a845-a217-4f15-8bab-f33012bc7910(fv-az202-370.ngw3kpfb2bguzbtcwuqjmbcvef.gx.internal.cloudapp.net/10.1.0.27) reports an CLOSED replica.
2023-04-15 16:32:54,977 [BlockDeletingService#1] INFO  interfaces.ContainerDeletionChoosingPolicyTemplate (ContainerDeletionChoosingPolicyTemplate.java:chooseContainerForBlockDeletion(83)) - Chosen 0/5000 blocks from 0 candidate containers.
2023-04-15 16:32:54,977 [BlockDeletingService#0] INFO  interfaces.ContainerDeletionChoosingPolicyTemplate (ContainerDeletionChoosingPolicyTemplate.java:chooseContainerForBlockDeletion(83)) - Chosen 0/5000 blocks from 0 candidate containers.
2023-04-15 16:32:55,033 [FixedThreadPoolWithAffinityExecutor-1-0] WARN  container.ContainerReportHandler (AbstractContainerReportHandler.java:updateContainerState(259)) - Container #1 is in OPEN state, but the datanode 0dee40cf-0d5a-47f0-9c10-89273726be1d(fv-az202-370.ngw3kpfb2bguzbtcwuqjmbcvef.gx.internal.cloudapp.net/10.1.0.27) reports an CLOSED replica.
2023-04-15 16:32:55,077 [BlockDeletingService#1] INFO  interfaces.ContainerDeletionChoosingPolicyTemplate (ContainerDeletionChoosingPolicyTemplate.java:chooseContainerForBlockDeletion(83)) - Chosen 0/5000 blocks from 0 candidate containers.
2023-04-15 16:32:55,077 [BlockDeletingService#0] INFO  interfaces.ContainerDeletionChoosingPolicyTemplate (ContainerDeletionChoosingPolicyTemplate.java:chooseContainerForBlockDeletion(83)) - Chosen 0/5000 blocks from 0 candidate containers.
2023-04-15 16:32:55,135 [grpc-default-executor-5] WARN  server.GrpcLogAppender (LogUtils.java:warn(122)) - 30c0a845-a217-4f15-8bab-f33012bc7910@group-F40867945940->f16a70e5-fe04-4d06-9179-25c3ad8a94bb-AppendLogResponseHandler: Failed appendEntries: org.apache.ratis.thirdparty.io.grpc.StatusRuntimeException: UNAVAILABLE: io exception
2023-04-15 16:32:55,135 [grpc-default-executor-3] WARN  server.GrpcLogAppender (LogUtils.java:warn(122)) - 30c0a845-a217-4f15-8bab-f33012bc7910@group-F40867945940->f16a70e5-fe04-4d06-9179-25c3ad8a94bb-AppendLogResponseHandler: Failed appendEntries: org.apache.ratis.thirdparty.io.grpc.StatusRuntimeException: UNAVAILABLE: io exception
2023-04-15 16:32:55,136 [grpc-default-executor-5] WARN  server.GrpcLogAppender (GrpcLogAppender.java:resetClient(131)) - 30c0a845-a217-4f15-8bab-f33012bc7910@group-F40867945940->f16a70e5-fe04-4d06-9179-25c3ad8a94bb-GrpcLogAppender: Leader has not got in touch with Follower 30c0a845-a217-4f15-8bab-f33012bc7910@group-F40867945940->f16a70e5-fe04-4d06-9179-25c3ad8a94bb(c-1,m0,n7, attendVote=true, lastRpcSendTime=0, lastRpcResponseTime=63338) yet, just keep nextIndex unchanged and retry.
2023-04-15 16:32:55,136 [grpc-default-executor-3] WARN  server.GrpcLogAppender (GrpcLogAppender.java:resetClient(131)) - 30c0a845-a217-4f15-8bab-f33012bc7910@group-F40867945940->f16a70e5-fe04-4d06-9179-25c3ad8a94bb-GrpcLogAppender: Leader has not got in touch with Follower 30c0a845-a217-4f15-8bab-f33012bc7910@group-F40867945940->f16a70e5-fe04-4d06-9179-25c3ad8a94bb(c-1,m0,n7, attendVote=true, lastRpcSendTime=0, lastRpcResponseTime=63338) yet, just keep nextIndex unchanged and retry.
2023-04-15 16:32:55,177 [BlockDeletingService#1] INFO  interfaces.ContainerDeletionChoosingPolicyTemplate (ContainerDeletionChoosingPolicyTemplate.java:chooseContainerForBlockDeletion(83)) - Chosen 0/5000 blocks from 0 candidate containers.
2023-04-15 16:32:55,177 [BlockDeletingService#0] INFO  interfaces.ContainerDeletionChoosingPolicyTemplate (ContainerDeletionChoosingPolicyTemplate.java:chooseContainerForBlockDeletion(83)) - Chosen 0/5000 blocks from 0 candidate containers.
2023-04-15 16:32:55,206 [FixedThreadPoolWithAffinityExecutor-0-0] WARN  container.ContainerReportHandler (AbstractContainerReportHandler.java:updateContainerState(259)) - Container #1 is in OPEN state, but the datanode 30c0a845-a217-4f15-8bab-f33012bc7910(fv-az202-370.ngw3kpfb2bguzbtcwuqjmbcvef.gx.internal.cloudapp.net/10.1.0.27) reports an CLOSED replica.
2023-04-15 16:32:55,277 [BlockDeletingService#1] INFO  interfaces.ContainerDeletionChoosingPolicyTemplate (ContainerDeletionChoosingPolicyTemplate.java:chooseContainerForBlockDeletion(83)) - Chosen 0/5000 blocks from 0 candidate containers.
2023-04-15 16:32:55,277 [BlockDeletingService#0] INFO  interfaces.ContainerDeletionChoosingPolicyTemplate (ContainerDeletionChoosingPolicyTemplate.java:chooseContainerForBlockDeletion(83)) - Chosen 0/5000 blocks from 0 candidate containers.
2023-04-15 16:32:55,332 [FixedThreadPoolWithAffinityExecutor-1-0] WARN  container.ContainerReportHandler (AbstractContainerReportHandler.java:updateContainerState(259)) - Container #1 is in OPEN state, but the datanode 0dee40cf-0d5a-47f0-9c10-89273726be1d(fv-az202-370.ngw3kpfb2bguzbtcwuqjmbcvef.gx.internal.cloudapp.net/10.1.0.27) reports an CLOSED replica.
2023-04-15 16:32:55,377 [BlockDeletingService#1] INFO  interfaces.ContainerDeletionChoosingPolicyTemplate (ContainerDeletionChoosingPolicyTemplate.java:chooseContainerForBlockDeletion(83)) - Chosen 0/5000 blocks from 0 candidate containers.
2023-04-15 16:32:55,377 [BlockDeletingService#0] INFO  interfaces.ContainerDeletionChoosingPolicyTemplate (ContainerDeletionChoosingPolicyTemplate.java:chooseContainerForBlockDeletion(83)) - Chosen 0/5000 blocks from 0 candidate containers.
2023-04-15 16:32:55,410 [FixedThreadPoolWithAffinityExecutor-0-0] WARN  container.ContainerReportHandler (AbstractContainerReportHandler.java:updateContainerState(259)) - Container #1 is in OPEN state, but the datanode 30c0a845-a217-4f15-8bab-f33012bc7910(fv-az202-370.ngw3kpfb2bguzbtcwuqjmbcvef.gx.internal.cloudapp.net/10.1.0.27) reports an CLOSED replica.
2023-04-15 16:32:55,477 [BlockDeletingService#1] INFO  interfaces.ContainerDeletionChoosingPolicyTemplate (ContainerDeletionChoosingPolicyTemplate.java:chooseContainerForBlockDeletion(83)) - Chosen 0/5000 blocks from 0 candidate containers.
2023-04-15 16:32:55,478 [BlockDeletingService#0] INFO  interfaces.ContainerDeletionChoosingPolicyTemplate (ContainerDeletionChoosingPolicyTemplate.java:chooseContainerForBlockDeletion(83)) - Chosen 0/5000 blocks from 0 candidate containers.
2023-04-15 16:32:55,578 [BlockDeletingService#1] INFO  interfaces.ContainerDeletionChoosingPolicyTemplate (ContainerDeletionChoosingPolicyTemplate.java:chooseContainerForBlockDeletion(83)) - Chosen 0/5000 blocks from 0 candidate containers.
2023-04-15 16:32:55,578 [BlockDeletingService#0] INFO  interfaces.ContainerDeletionChoosingPolicyTemplate (ContainerDeletionChoosingPolicyTemplate.java:chooseContainerForBlockDeletion(83)) - Chosen 0/5000 blocks from 0 candidate containers.
2023-04-15 16:32:55,638 [FixedThreadPoolWithAffinityExecutor-1-0] WARN  container.ContainerReportHandler (AbstractContainerReportHandler.java:updateContainerState(259)) - Container #1 is in OPEN state, but the datanode 0dee40cf-0d5a-47f0-9c10-89273726be1d(fv-az202-370.ngw3kpfb2bguzbtcwuqjmbcvef.gx.internal.cloudapp.net/10.1.0.27) reports an CLOSED replica.
2023-04-15 16:32:55,678 [BlockDeletingService#1] INFO  interfaces.ContainerDeletionChoosingPolicyTemplate (ContainerDeletionChoosingPolicyTemplate.java:chooseContainerForBlockDeletion(83)) - Chosen 0/5000 blocks from 0 candidate containers.
2023-04-15 16:32:55,678 [BlockDeletingService#0] INFO  interfaces.ContainerDeletionChoosingPolicyTemplate (ContainerDeletionChoosingPolicyTemplate.java:chooseContainerForBlockDeletion(83)) - Chosen 0/5000 blocks from 0 candidate containers.
2023-04-15 16:32:55,710 [FixedThreadPoolWithAffinityExecutor-0-0] WARN  container.ContainerReportHandler (AbstractContainerReportHandler.java:updateContainerState(259)) - Container #1 is in OPEN state, but the datanode 30c0a845-a217-4f15-8bab-f33012bc7910(fv-az202-370.ngw3kpfb2bguzbtcwuqjmbcvef.gx.internal.cloudapp.net/10.1.0.27) reports an CLOSED replica.
2023-04-15 16:32:55,778 [BlockDeletingService#1] INFO  interfaces.ContainerDeletionChoosingPolicyTemplate (ContainerDeletionChoosingPolicyTemplate.java:chooseContainerForBlockDeletion(83)) - Chosen 0/5000 blocks from 0 candidate containers.
2023-04-15 16:32:55,778 [BlockDeletingService#0] INFO  interfaces.ContainerDeletionChoosingPolicyTemplate (ContainerDeletionChoosingPolicyTemplate.java:chooseContainerForBlockDeletion(83)) - Chosen 0/5000 blocks from 0 candidate containers.
2023-04-15 16:32:55,838 [FixedThreadPoolWithAffinityExecutor-1-0] WARN  container.ContainerReportHandler (AbstractContainerReportHandler.java:updateContainerState(259)) - Container #1 is in OPEN state, but the datanode 0dee40cf-0d5a-47f0-9c10-89273726be1d(fv-az202-370.ngw3kpfb2bguzbtcwuqjmbcvef.gx.internal.cloudapp.net/10.1.0.27) reports an CLOSED replica.
2023-04-15 16:32:55,878 [BlockDeletingService#1] INFO  interfaces.ContainerDeletionChoosingPolicyTemplate (ContainerDeletionChoosingPolicyTemplate.java:chooseContainerForBlockDeletion(83)) - Chosen 0/5000 blocks from 0 candidate containers.
2023-04-15 16:32:55,878 [BlockDeletingService#0] INFO  interfaces.ContainerDeletionChoosingPolicyTemplate (ContainerDeletionChoosingPolicyTemplate.java:chooseContainerForBlockDeletion(83)) - Chosen 0/5000 blocks from 0 candidate containers.
2023-04-15 16:32:55,910 [FixedThreadPoolWithAffinityExecutor-0-0] WARN  container.ContainerReportHandler (AbstractContainerReportHandler.java:updateContainerState(259)) - Container #1 is in OPEN state, but the datanode 30c0a845-a217-4f15-8bab-f33012bc7910(fv-az202-370.ngw3kpfb2bguzbtcwuqjmbcvef.gx.internal.cloudapp.net/10.1.0.27) reports an CLOSED replica.
2023-04-15 16:32:55,978 [BlockDeletingService#1] INFO  interfaces.ContainerDeletionChoosingPolicyTemplate (ContainerDeletionChoosingPolicyTemplate.java:chooseContainerForBlockDeletion(83)) - Chosen 0/5000 blocks from 0 candidate containers.
2023-04-15 16:32:55,978 [BlockDeletingService#0] INFO  interfaces.ContainerDeletionChoosingPolicyTemplate (ContainerDeletionChoosingPolicyTemplate.java:chooseContainerForBlockDeletion(83)) - Chosen 0/5000 blocks from 0 candidate containers.
2023-04-15 16:32:56,078 [BlockDeletingService#1] INFO  interfaces.ContainerDeletionChoosingPolicyTemplate (ContainerDeletionChoosingPolicyTemplate.java:chooseContainerForBlockDeletion(83)) - Chosen 0/5000 blocks from 0 candidate containers.
2023-04-15 16:32:56,079 [BlockDeletingService#0] INFO  interfaces.ContainerDeletionChoosingPolicyTemplate (ContainerDeletionChoosingPolicyTemplate.java:chooseContainerForBlockDeletion(83)) - Chosen 0/5000 blocks from 0 candidate containers.
2023-04-15 16:32:56,137 [FixedThreadPoolWithAffinityExecutor-1-0] WARN  container.ContainerReportHandler (AbstractContainerReportHandler.java:updateContainerState(259)) - Container #1 is in OPEN state, but the datanode 0dee40cf-0d5a-47f0-9c10-89273726be1d(fv-az202-370.ngw3kpfb2bguzbtcwuqjmbcvef.gx.internal.cloudapp.net/10.1.0.27) reports an CLOSED replica.
2023-04-15 16:32:56,179 [BlockDeletingService#1] INFO  interfaces.ContainerDeletionChoosingPolicyTemplate (ContainerDeletionChoosingPolicyTemplate.java:chooseContainerForBlockDeletion(83)) - Chosen 0/5000 blocks from 0 candidate containers.
2023-04-15 16:32:56,179 [BlockDeletingService#0] INFO  interfaces.ContainerDeletionChoosingPolicyTemplate (ContainerDeletionChoosingPolicyTemplate.java:chooseContainerForBlockDeletion(83)) - Chosen 0/5000 blocks from 0 candidate containers.
2023-04-15 16:32:56,210 [FixedThreadPoolWithAffinityExecutor-0-0] WARN  container.ContainerReportHandler (AbstractContainerReportHandler.java:updateContainerState(259)) - Container #1 is in OPEN state, but the datanode 30c0a845-a217-4f15-8bab-f33012bc7910(fv-az202-370.ngw3kpfb2bguzbtcwuqjmbcvef.gx.internal.cloudapp.net/10.1.0.27) reports an CLOSED replica.
2023-04-15 16:32:56,279 [BlockDeletingService#1] INFO  interfaces.ContainerDeletionChoosingPolicyTemplate (ContainerDeletionChoosingPolicyTemplate.java:chooseContainerForBlockDeletion(83)) - Chosen 0/5000 blocks from 0 candidate containers.
2023-04-15 16:32:56,279 [BlockDeletingService#0] INFO  interfaces.ContainerDeletionChoosingPolicyTemplate (ContainerDeletionChoosingPolicyTemplate.java:chooseContainerForBlockDeletion(83)) - Chosen 0/5000 blocks from 0 candidate containers.
2023-04-15 16:32:56,379 [BlockDeletingService#1] INFO  interfaces.ContainerDeletionChoosingPolicyTemplate (ContainerDeletionChoosingPolicyTemplate.java:chooseContainerForBlockDeletion(83)) - Chosen 0/5000 blocks from 0 candidate containers.
2023-04-15 16:32:56,379 [BlockDeletingService#0] INFO  interfaces.ContainerDeletionChoosingPolicyTemplate (ContainerDeletionChoosingPolicyTemplate.java:chooseContainerForBlockDeletion(83)) - Chosen 0/5000 blocks from 0 candidate containers.
2023-04-15 16:32:56,386 [grpc-default-executor-3] WARN  server.GrpcLogAppender (LogUtils.java:warn(122)) - 30c0a845-a217-4f15-8bab-f33012bc7910@group-F40867945940->f16a70e5-fe04-4d06-9179-25c3ad8a94bb-AppendLogResponseHandler: Failed appendEntries: org.apache.ratis.thirdparty.io.grpc.StatusRuntimeException: UNAVAILABLE: io exception
2023-04-15 16:32:56,386 [grpc-default-executor-5] WARN  server.GrpcLogAppender (LogUtils.java:warn(122)) - 30c0a845-a217-4f15-8bab-f33012bc7910@group-F40867945940->f16a70e5-fe04-4d06-9179-25c3ad8a94bb-AppendLogResponseHandler: Failed appendEntries: org.apache.ratis.thirdparty.io.grpc.StatusRuntimeException: UNAVAILABLE: io exception
2023-04-15 16:32:56,386 [grpc-default-executor-3] WARN  server.GrpcLogAppender (GrpcLogAppender.java:resetClient(131)) - 30c0a845-a217-4f15-8bab-f33012bc7910@group-F40867945940->f16a70e5-fe04-4d06-9179-25c3ad8a94bb-GrpcLogAppender: Leader has not got in touch with Follower 30c0a845-a217-4f15-8bab-f33012bc7910@group-F40867945940->f16a70e5-fe04-4d06-9179-25c3ad8a94bb(c-1,m0,n7, attendVote=true, lastRpcSendTime=0, lastRpcResponseTime=64588) yet, just keep nextIndex unchanged and retry.
2023-04-15 16:32:56,386 [grpc-default-executor-5] WARN  server.GrpcLogAppender (GrpcLogAppender.java:resetClient(131)) - 30c0a845-a217-4f15-8bab-f33012bc7910@group-F40867945940->f16a70e5-fe04-4d06-9179-25c3ad8a94bb-GrpcLogAppender: Leader has not got in touch with Follower 30c0a845-a217-4f15-8bab-f33012bc7910@group-F40867945940->f16a70e5-fe04-4d06-9179-25c3ad8a94bb(c-1,m0,n7, attendVote=true, lastRpcSendTime=0, lastRpcResponseTime=64588) yet, just keep nextIndex unchanged and retry.
2023-04-15 16:32:56,438 [FixedThreadPoolWithAffinityExecutor-1-0] WARN  container.ContainerReportHandler (AbstractContainerReportHandler.java:updateContainerState(259)) - Container #1 is in OPEN state, but the datanode 0dee40cf-0d5a-47f0-9c10-89273726be1d(fv-az202-370.ngw3kpfb2bguzbtcwuqjmbcvef.gx.internal.cloudapp.net/10.1.0.27) reports an CLOSED replica.
2023-04-15 16:32:56,479 [BlockDeletingService#1] INFO  interfaces.ContainerDeletionChoosingPolicyTemplate (ContainerDeletionChoosingPolicyTemplate.java:chooseContainerForBlockDeletion(83)) - Chosen 0/5000 blocks from 0 candidate containers.
2023-04-15 16:32:56,479 [BlockDeletingService#0] INFO  interfaces.ContainerDeletionChoosingPolicyTemplate (ContainerDeletionChoosingPolicyTemplate.java:chooseContainerForBlockDeletion(83)) - Chosen 0/5000 blocks from 0 candidate containers.
2023-04-15 16:32:56,510 [FixedThreadPoolWithAffinityExecutor-0-0] WARN  container.ContainerReportHandler (AbstractContainerReportHandler.java:updateContainerState(259)) - Container #1 is in OPEN state, but the datanode 30c0a845-a217-4f15-8bab-f33012bc7910(fv-az202-370.ngw3kpfb2bguzbtcwuqjmbcvef.gx.internal.cloudapp.net/10.1.0.27) reports an CLOSED replica.
2023-04-15 16:32:56,579 [BlockDeletingService#1] INFO  interfaces.ContainerDeletionChoosingPolicyTemplate (ContainerDeletionChoosingPolicyTemplate.java:chooseContainerForBlockDeletion(83)) - Chosen 0/5000 blocks from 0 candidate containers.
2023-04-15 16:32:56,580 [BlockDeletingService#0] INFO  interfaces.ContainerDeletionChoosingPolicyTemplate (ContainerDeletionChoosingPolicyTemplate.java:chooseContainerForBlockDeletion(83)) - Chosen 0/5000 blocks from 0 candidate containers.
2023-04-15 16:32:56,680 [BlockDeletingService#1] INFO  interfaces.ContainerDeletionChoosingPolicyTemplate (ContainerDeletionChoosingPolicyTemplate.java:chooseContainerForBlockDeletion(83)) - Chosen 0/5000 blocks from 0 candidate containers.
2023-04-15 16:32:56,680 [BlockDeletingService#0] INFO  interfaces.ContainerDeletionChoosingPolicyTemplate (ContainerDeletionChoosingPolicyTemplate.java:chooseContainerForBlockDeletion(83)) - Chosen 0/5000 blocks from 0 candidate containers.
2023-04-15 16:32:56,710 [FixedThreadPoolWithAffinityExecutor-0-0] WARN  container.ContainerReportHandler (AbstractContainerReportHandler.java:updateContainerState(259)) - Container #1 is in OPEN state, but the datanode 30c0a845-a217-4f15-8bab-f33012bc7910(fv-az202-370.ngw3kpfb2bguzbtcwuqjmbcvef.gx.internal.cloudapp.net/10.1.0.27) reports an CLOSED replica.
2023-04-15 16:32:56,738 [FixedThreadPoolWithAffinityExecutor-1-0] WARN  container.ContainerReportHandler (AbstractContainerReportHandler.java:updateContainerState(259)) - Container #1 is in OPEN state, but the datanode 0dee40cf-0d5a-47f0-9c10-89273726be1d(fv-az202-370.ngw3kpfb2bguzbtcwuqjmbcvef.gx.internal.cloudapp.net/10.1.0.27) reports an CLOSED replica.
2023-04-15 16:32:56,780 [BlockDeletingService#1] INFO  interfaces.ContainerDeletionChoosingPolicyTemplate (ContainerDeletionChoosingPolicyTemplate.java:chooseContainerForBlockDeletion(83)) - Chosen 0/5000 blocks from 0 candidate containers.
2023-04-15 16:32:56,780 [BlockDeletingService#0] INFO  interfaces.ContainerDeletionChoosingPolicyTemplate (ContainerDeletionChoosingPolicyTemplate.java:chooseContainerForBlockDeletion(83)) - Chosen 0/5000 blocks from 0 candidate containers.
2023-04-15 16:32:56,880 [BlockDeletingService#1] INFO  interfaces.ContainerDeletionChoosingPolicyTemplate (ContainerDeletionChoosingPolicyTemplate.java:chooseContainerForBlockDeletion(83)) - Chosen 0/5000 blocks from 0 candidate containers.
2023-04-15 16:32:56,880 [BlockDeletingService#0] INFO  interfaces.ContainerDeletionChoosingPolicyTemplate (ContainerDeletionChoosingPolicyTemplate.java:chooseContainerForBlockDeletion(83)) - Chosen 0/5000 blocks from 0 candidate containers.
2023-04-15 16:32:56,938 [FixedThreadPoolWithAffinityExecutor-1-0] WARN  container.ContainerReportHandler (AbstractContainerReportHandler.java:updateContainerState(259)) - Container #1 is in OPEN state, but the datanode 0dee40cf-0d5a-47f0-9c10-89273726be1d(fv-az202-370.ngw3kpfb2bguzbtcwuqjmbcvef.gx.internal.cloudapp.net/10.1.0.27) reports an CLOSED replica.
2023-04-15 16:32:56,980 [BlockDeletingService#1] INFO  interfaces.ContainerDeletionChoosingPolicyTemplate (ContainerDeletionChoosingPolicyTemplate.java:chooseContainerForBlockDeletion(83)) - Chosen 0/5000 blocks from 0 candidate containers.
2023-04-15 16:32:56,980 [BlockDeletingService#0] INFO  interfaces.ContainerDeletionChoosingPolicyTemplate (ContainerDeletionChoosingPolicyTemplate.java:chooseContainerForBlockDeletion(83)) - Chosen 0/5000 blocks from 0 candidate containers.
2023-04-15 16:32:57,010 [FixedThreadPoolWithAffinityExecutor-0-0] WARN  container.ContainerReportHandler (AbstractContainerReportHandler.java:updateContainerState(259)) - Container #1 is in OPEN state, but the datanode 30c0a845-a217-4f15-8bab-f33012bc7910(fv-az202-370.ngw3kpfb2bguzbtcwuqjmbcvef.gx.internal.cloudapp.net/10.1.0.27) reports an CLOSED replica.
2023-04-15 16:32:57,080 [BlockDeletingService#1] INFO  interfaces.ContainerDeletionChoosingPolicyTemplate (ContainerDeletionChoosingPolicyTemplate.java:chooseContainerForBlockDeletion(83)) - Chosen 0/5000 blocks from 0 candidate containers.
2023-04-15 16:32:57,080 [BlockDeletingService#0] INFO  interfaces.ContainerDeletionChoosingPolicyTemplate (ContainerDeletionChoosingPolicyTemplate.java:chooseContainerForBlockDeletion(83)) - Chosen 0/5000 blocks from 0 candidate containers.
2023-04-15 16:32:57,180 [BlockDeletingService#1] INFO  interfaces.ContainerDeletionChoosingPolicyTemplate (ContainerDeletionChoosingPolicyTemplate.java:chooseContainerForBlockDeletion(83)) - Chosen 0/5000 blocks from 0 candidate containers.
2023-04-15 16:32:57,181 [BlockDeletingService#0] INFO  interfaces.ContainerDeletionChoosingPolicyTemplate (ContainerDeletionChoosingPolicyTemplate.java:chooseContainerForBlockDeletion(83)) - Chosen 0/5000 blocks from 0 candidate containers.
2023-04-15 16:32:57,210 [FixedThreadPoolWithAffinityExecutor-0-0] WARN  container.ContainerReportHandler (AbstractContainerReportHandler.java:updateContainerState(259)) - Container #1 is in OPEN state, but the datanode 30c0a845-a217-4f15-8bab-f33012bc7910(fv-az202-370.ngw3kpfb2bguzbtcwuqjmbcvef.gx.internal.cloudapp.net/10.1.0.27) reports an CLOSED replica.
2023-04-15 16:32:57,238 [FixedThreadPoolWithAffinityExecutor-1-0] WARN  container.ContainerReportHandler (AbstractContainerReportHandler.java:updateContainerState(259)) - Container #1 is in OPEN state, but the datanode 0dee40cf-0d5a-47f0-9c10-89273726be1d(fv-az202-370.ngw3kpfb2bguzbtcwuqjmbcvef.gx.internal.cloudapp.net/10.1.0.27) reports an CLOSED replica.
2023-04-15 16:32:57,281 [BlockDeletingService#1] INFO  interfaces.ContainerDeletionChoosingPolicyTemplate (ContainerDeletionChoosingPolicyTemplate.java:chooseContainerForBlockDeletion(83)) - Chosen 0/5000 blocks from 0 candidate containers.
2023-04-15 16:32:57,281 [BlockDeletingService#0] INFO  interfaces.ContainerDeletionChoosingPolicyTemplate (ContainerDeletionChoosingPolicyTemplate.java:chooseContainerForBlockDeletion(83)) - Chosen 0/5000 blocks from 0 candidate containers.
2023-04-15 16:32:57,381 [BlockDeletingService#1] INFO  interfaces.ContainerDeletionChoosingPolicyTemplate (ContainerDeletionChoosingPolicyTemplate.java:chooseContainerForBlockDeletion(83)) - Chosen 0/5000 blocks from 0 candidate containers.
2023-04-15 16:32:57,381 [BlockDeletingService#0] INFO  interfaces.ContainerDeletionChoosingPolicyTemplate (ContainerDeletionChoosingPolicyTemplate.java:chooseContainerForBlockDeletion(83)) - Chosen 0/5000 blocks from 0 candidate containers.
2023-04-15 16:32:57,481 [BlockDeletingService#1] INFO  interfaces.ContainerDeletionChoosingPolicyTemplate (ContainerDeletionChoosingPolicyTemplate.java:chooseContainerForBlockDeletion(83)) - Chosen 0/5000 blocks from 0 candidate containers.
2023-04-15 16:32:57,481 [BlockDeletingService#0] INFO  interfaces.ContainerDeletionChoosingPolicyTemplate (ContainerDeletionChoosingPolicyTemplate.java:chooseContainerForBlockDeletion(83)) - Chosen 0/5000 blocks from 0 candidate containers.
2023-04-15 16:32:57,511 [FixedThreadPoolWithAffinityExecutor-0-0] WARN  container.ContainerReportHandler (AbstractContainerReportHandler.java:updateContainerState(259)) - Container #1 is in OPEN state, but the datanode 30c0a845-a217-4f15-8bab-f33012bc7910(fv-az202-370.ngw3kpfb2bguzbtcwuqjmbcvef.gx.internal.cloudapp.net/10.1.0.27) reports an CLOSED replica.
2023-04-15 16:32:57,538 [FixedThreadPoolWithAffinityExecutor-1-0] WARN  container.ContainerReportHandler (AbstractContainerReportHandler.java:updateContainerState(259)) - Container #1 is in OPEN state, but the datanode 0dee40cf-0d5a-47f0-9c10-89273726be1d(fv-az202-370.ngw3kpfb2bguzbtcwuqjmbcvef.gx.internal.cloudapp.net/10.1.0.27) reports an CLOSED replica.
2023-04-15 16:32:57,581 [BlockDeletingService#1] INFO  interfaces.ContainerDeletionChoosingPolicyTemplate (ContainerDeletionChoosingPolicyTemplate.java:chooseContainerForBlockDeletion(83)) - Chosen 0/5000 blocks from 0 candidate containers.
2023-04-15 16:32:57,581 [BlockDeletingService#0] INFO  interfaces.ContainerDeletionChoosingPolicyTemplate (ContainerDeletionChoosingPolicyTemplate.java:chooseContainerForBlockDeletion(83)) - Chosen 0/5000 blocks from 0 candidate containers.
2023-04-15 16:32:57,636 [grpc-default-executor-5] WARN  server.GrpcLogAppender (LogUtils.java:warn(122)) - 30c0a845-a217-4f15-8bab-f33012bc7910@group-F40867945940->f16a70e5-fe04-4d06-9179-25c3ad8a94bb-AppendLogResponseHandler: Failed appendEntries: org.apache.ratis.thirdparty.io.grpc.StatusRuntimeException: UNAVAILABLE: io exception
2023-04-15 16:32:57,637 [grpc-default-executor-5] WARN  server.GrpcLogAppender (GrpcLogAppender.java:resetClient(131)) - 30c0a845-a217-4f15-8bab-f33012bc7910@group-F40867945940->f16a70e5-fe04-4d06-9179-25c3ad8a94bb-GrpcLogAppender: Leader has not got in touch with Follower 30c0a845-a217-4f15-8bab-f33012bc7910@group-F40867945940->f16a70e5-fe04-4d06-9179-25c3ad8a94bb(c-1,m0,n7, attendVote=true, lastRpcSendTime=0, lastRpcResponseTime=65839) yet, just keep nextIndex unchanged and retry.
2023-04-15 16:32:57,637 [grpc-default-executor-3] WARN  server.GrpcLogAppender (LogUtils.java:warn(122)) - 30c0a845-a217-4f15-8bab-f33012bc7910@group-F40867945940->f16a70e5-fe04-4d06-9179-25c3ad8a94bb-AppendLogResponseHandler: Failed appendEntries: org.apache.ratis.thirdparty.io.grpc.StatusRuntimeException: UNAVAILABLE: io exception
2023-04-15 16:32:57,637 [grpc-default-executor-3] WARN  server.GrpcLogAppender (GrpcLogAppender.java:resetClient(131)) - 30c0a845-a217-4f15-8bab-f33012bc7910@group-F40867945940->f16a70e5-fe04-4d06-9179-25c3ad8a94bb-GrpcLogAppender: Leader has not got in touch with Follower 30c0a845-a217-4f15-8bab-f33012bc7910@group-F40867945940->f16a70e5-fe04-4d06-9179-25c3ad8a94bb(c-1,m0,n7, attendVote=true, lastRpcSendTime=1, lastRpcResponseTime=65839) yet, just keep nextIndex unchanged and retry.
2023-04-15 16:32:57,681 [BlockDeletingService#1] INFO  interfaces.ContainerDeletionChoosingPolicyTemplate (ContainerDeletionChoosingPolicyTemplate.java:chooseContainerForBlockDeletion(83)) - Chosen 0/5000 blocks from 0 candidate containers.
2023-04-15 16:32:57,681 [BlockDeletingService#0] INFO  interfaces.ContainerDeletionChoosingPolicyTemplate (ContainerDeletionChoosingPolicyTemplate.java:chooseContainerForBlockDeletion(83)) - Chosen 0/5000 blocks from 0 candidate containers.
2023-04-15 16:32:57,711 [FixedThreadPoolWithAffinityExecutor-0-0] WARN  container.ContainerReportHandler (AbstractContainerReportHandler.java:updateContainerState(259)) - Container #1 is in OPEN state, but the datanode 30c0a845-a217-4f15-8bab-f33012bc7910(fv-az202-370.ngw3kpfb2bguzbtcwuqjmbcvef.gx.internal.cloudapp.net/10.1.0.27) reports an CLOSED replica.
2023-04-15 16:32:57,781 [BlockDeletingService#1] INFO  interfaces.ContainerDeletionChoosingPolicyTemplate (ContainerDeletionChoosingPolicyTemplate.java:chooseContainerForBlockDeletion(83)) - Chosen 0/5000 blocks from 0 candidate containers.
2023-04-15 16:32:57,782 [BlockDeletingService#0] INFO  interfaces.ContainerDeletionChoosingPolicyTemplate (ContainerDeletionChoosingPolicyTemplate.java:chooseContainerForBlockDeletion(83)) - Chosen 0/5000 blocks from 0 candidate containers.
2023-04-15 16:32:57,839 [FixedThreadPoolWithAffinityExecutor-1-0] WARN  container.ContainerReportHandler (AbstractContainerReportHandler.java:updateContainerState(259)) - Container #1 is in OPEN state, but the datanode 0dee40cf-0d5a-47f0-9c10-89273726be1d(fv-az202-370.ngw3kpfb2bguzbtcwuqjmbcvef.gx.internal.cloudapp.net/10.1.0.27) reports an CLOSED replica.
2023-04-15 16:32:57,882 [BlockDeletingService#1] INFO  interfaces.ContainerDeletionChoosingPolicyTemplate (ContainerDeletionChoosingPolicyTemplate.java:chooseContainerForBlockDeletion(83)) - Chosen 0/5000 blocks from 0 candidate containers.
2023-04-15 16:32:57,882 [BlockDeletingService#0] INFO  interfaces.ContainerDeletionChoosingPolicyTemplate (ContainerDeletionChoosingPolicyTemplate.java:chooseContainerForBlockDeletion(83)) - Chosen 0/5000 blocks from 0 candidate containers.
2023-04-15 16:32:57,982 [BlockDeletingService#1] INFO  interfaces.ContainerDeletionChoosingPolicyTemplate (ContainerDeletionChoosingPolicyTemplate.java:chooseContainerForBlockDeletion(83)) - Chosen 0/5000 blocks from 0 candidate containers.
2023-04-15 16:32:57,982 [BlockDeletingService#0] INFO  interfaces.ContainerDeletionChoosingPolicyTemplate (ContainerDeletionChoosingPolicyTemplate.java:chooseContainerForBlockDeletion(83)) - Chosen 0/5000 blocks from 0 candidate containers.
2023-04-15 16:32:58,011 [FixedThreadPoolWithAffinityExecutor-0-0] WARN  container.ContainerReportHandler (AbstractContainerReportHandler.java:updateContainerState(259)) - Container #1 is in OPEN state, but the datanode 30c0a845-a217-4f15-8bab-f33012bc7910(fv-az202-370.ngw3kpfb2bguzbtcwuqjmbcvef.gx.internal.cloudapp.net/10.1.0.27) reports an CLOSED replica.
2023-04-15 16:32:58,039 [FixedThreadPoolWithAffinityExecutor-1-0] WARN  container.ContainerReportHandler (AbstractContainerReportHandler.java:updateContainerState(259)) - Container #1 is in OPEN state, but the datanode 0dee40cf-0d5a-47f0-9c10-89273726be1d(fv-az202-370.ngw3kpfb2bguzbtcwuqjmbcvef.gx.internal.cloudapp.net/10.1.0.27) reports an CLOSED replica.
2023-04-15 16:32:58,082 [BlockDeletingService#1] INFO  interfaces.ContainerDeletionChoosingPolicyTemplate (ContainerDeletionChoosingPolicyTemplate.java:chooseContainerForBlockDeletion(83)) - Chosen 0/5000 blocks from 0 candidate containers.
2023-04-15 16:32:58,082 [BlockDeletingService#0] INFO  interfaces.ContainerDeletionChoosingPolicyTemplate (ContainerDeletionChoosingPolicyTemplate.java:chooseContainerForBlockDeletion(83)) - Chosen 0/5000 blocks from 0 candidate containers.
2023-04-15 16:32:58,182 [BlockDeletingService#1] INFO  interfaces.ContainerDeletionChoosingPolicyTemplate (ContainerDeletionChoosingPolicyTemplate.java:chooseContainerForBlockDeletion(83)) - Chosen 0/5000 blocks from 0 candidate containers.
2023-04-15 16:32:58,182 [BlockDeletingService#0] INFO  interfaces.ContainerDeletionChoosingPolicyTemplate (ContainerDeletionChoosingPolicyTemplate.java:chooseContainerForBlockDeletion(83)) - Chosen 0/5000 blocks from 0 candidate containers.
2023-04-15 16:32:58,212 [FixedThreadPoolWithAffinityExecutor-0-0] WARN  container.ContainerReportHandler (AbstractContainerReportHandler.java:updateContainerState(259)) - Container #1 is in OPEN state, but the datanode 30c0a845-a217-4f15-8bab-f33012bc7910(fv-az202-370.ngw3kpfb2bguzbtcwuqjmbcvef.gx.internal.cloudapp.net/10.1.0.27) reports an CLOSED replica.
2023-04-15 16:32:58,282 [BlockDeletingService#1] INFO  interfaces.ContainerDeletionChoosingPolicyTemplate (ContainerDeletionChoosingPolicyTemplate.java:chooseContainerForBlockDeletion(83)) - Chosen 0/5000 blocks from 0 candidate containers.
2023-04-15 16:32:58,283 [BlockDeletingService#0] INFO  interfaces.ContainerDeletionChoosingPolicyTemplate (ContainerDeletionChoosingPolicyTemplate.java:chooseContainerForBlockDeletion(83)) - Chosen 0/5000 blocks from 0 candidate containers.
2023-04-15 16:32:58,340 [FixedThreadPoolWithAffinityExecutor-1-0] WARN  container.ContainerReportHandler (AbstractContainerReportHandler.java:updateContainerState(259)) - Container #1 is in OPEN state, but the datanode 0dee40cf-0d5a-47f0-9c10-89273726be1d(fv-az202-370.ngw3kpfb2bguzbtcwuqjmbcvef.gx.internal.cloudapp.net/10.1.0.27) reports an CLOSED replica.
2023-04-15 16:32:58,383 [BlockDeletingService#1] INFO  interfaces.ContainerDeletionChoosingPolicyTemplate (ContainerDeletionChoosingPolicyTemplate.java:chooseContainerForBlockDeletion(83)) - Chosen 0/5000 blocks from 0 candidate containers.
2023-04-15 16:32:58,383 [BlockDeletingService#0] INFO  interfaces.ContainerDeletionChoosingPolicyTemplate (ContainerDeletionChoosingPolicyTemplate.java:chooseContainerForBlockDeletion(83)) - Chosen 0/5000 blocks from 0 candidate containers.
2023-04-15 16:32:58,488 [BlockDeletingService#1] INFO  interfaces.ContainerDeletionChoosingPolicyTemplate (ContainerDeletionChoosingPolicyTemplate.java:chooseContainerForBlockDeletion(83)) - Chosen 0/5000 blocks from 0 candidate containers.
2023-04-15 16:32:58,489 [BlockDeletingService#0] INFO  interfaces.ContainerDeletionChoosingPolicyTemplate (ContainerDeletionChoosingPolicyTemplate.java:chooseContainerForBlockDeletion(83)) - Chosen 0/5000 blocks from 0 candidate containers.
2023-04-15 16:32:58,512 [FixedThreadPoolWithAffinityExecutor-0-0] WARN  container.ContainerReportHandler (AbstractContainerReportHandler.java:updateContainerState(259)) - Container #1 is in OPEN state, but the datanode 30c0a845-a217-4f15-8bab-f33012bc7910(fv-az202-370.ngw3kpfb2bguzbtcwuqjmbcvef.gx.internal.cloudapp.net/10.1.0.27) reports an CLOSED replica.
2023-04-15 16:32:58,589 [BlockDeletingService#1] INFO  interfaces.ContainerDeletionChoosingPolicyTemplate (ContainerDeletionChoosingPolicyTemplate.java:chooseContainerForBlockDeletion(83)) - Chosen 0/5000 blocks from 0 candidate containers.
2023-04-15 16:32:58,589 [BlockDeletingService#0] INFO  interfaces.ContainerDeletionChoosingPolicyTemplate (ContainerDeletionChoosingPolicyTemplate.java:chooseContainerForBlockDeletion(83)) - Chosen 0/5000 blocks from 0 candidate containers.
2023-04-15 16:32:58,641 [FixedThreadPoolWithAffinityExecutor-1-0] WARN  container.ContainerReportHandler (AbstractContainerReportHandler.java:updateContainerState(259)) - Container #1 is in OPEN state, but the datanode 0dee40cf-0d5a-47f0-9c10-89273726be1d(fv-az202-370.ngw3kpfb2bguzbtcwuqjmbcvef.gx.internal.cloudapp.net/10.1.0.27) reports an CLOSED replica.
2023-04-15 16:32:58,689 [BlockDeletingService#1] INFO  interfaces.ContainerDeletionChoosingPolicyTemplate (ContainerDeletionChoosingPolicyTemplate.java:chooseContainerForBlockDeletion(83)) - Chosen 0/5000 blocks from 0 candidate containers.
2023-04-15 16:32:58,689 [BlockDeletingService#0] INFO  interfaces.ContainerDeletionChoosingPolicyTemplate (ContainerDeletionChoosingPolicyTemplate.java:chooseContainerForBlockDeletion(83)) - Chosen 0/5000 blocks from 0 candidate containers.
2023-04-15 16:32:58,789 [BlockDeletingService#1] INFO  interfaces.ContainerDeletionChoosingPolicyTemplate (ContainerDeletionChoosingPolicyTemplate.java:chooseContainerForBlockDeletion(83)) - Chosen 0/5000 blocks from 0 candidate containers.
2023-04-15 16:32:58,789 [BlockDeletingService#0] INFO  interfaces.ContainerDeletionChoosingPolicyTemplate (ContainerDeletionChoosingPolicyTemplate.java:chooseContainerForBlockDeletion(83)) - Chosen 0/5000 blocks from 0 candidate containers.
2023-04-15 16:32:58,812 [FixedThreadPoolWithAffinityExecutor-0-0] WARN  container.ContainerReportHandler (AbstractContainerReportHandler.java:updateContainerState(259)) - Container #1 is in OPEN state, but the datanode 30c0a845-a217-4f15-8bab-f33012bc7910(fv-az202-370.ngw3kpfb2bguzbtcwuqjmbcvef.gx.internal.cloudapp.net/10.1.0.27) reports an CLOSED replica.
2023-04-15 16:32:58,841 [FixedThreadPoolWithAffinityExecutor-1-0] WARN  container.ContainerReportHandler (AbstractContainerReportHandler.java:updateContainerState(259)) - Container #1 is in OPEN state, but the datanode 0dee40cf-0d5a-47f0-9c10-89273726be1d(fv-az202-370.ngw3kpfb2bguzbtcwuqjmbcvef.gx.internal.cloudapp.net/10.1.0.27) reports an CLOSED replica.
2023-04-15 16:32:58,886 [grpc-default-executor-3] WARN  server.GrpcLogAppender (LogUtils.java:warn(122)) - 30c0a845-a217-4f15-8bab-f33012bc7910@group-F40867945940->f16a70e5-fe04-4d06-9179-25c3ad8a94bb-AppendLogResponseHandler: Failed appendEntries: org.apache.ratis.thirdparty.io.grpc.StatusRuntimeException: UNAVAILABLE: io exception
2023-04-15 16:32:58,887 [grpc-default-executor-3] WARN  server.GrpcLogAppender (GrpcLogAppender.java:resetClient(131)) - 30c0a845-a217-4f15-8bab-f33012bc7910@group-F40867945940->f16a70e5-fe04-4d06-9179-25c3ad8a94bb-GrpcLogAppender: Leader has not got in touch with Follower 30c0a845-a217-4f15-8bab-f33012bc7910@group-F40867945940->f16a70e5-fe04-4d06-9179-25c3ad8a94bb(c-1,m0,n7, attendVote=true, lastRpcSendTime=0, lastRpcResponseTime=67089) yet, just keep nextIndex unchanged and retry.
2023-04-15 16:32:58,887 [grpc-default-executor-5] WARN  server.GrpcLogAppender (LogUtils.java:warn(122)) - 30c0a845-a217-4f15-8bab-f33012bc7910@group-F40867945940->f16a70e5-fe04-4d06-9179-25c3ad8a94bb-AppendLogResponseHandler: Failed appendEntries: org.apache.ratis.thirdparty.io.grpc.StatusRuntimeException: UNAVAILABLE: io exception
2023-04-15 16:32:58,887 [grpc-default-executor-5] WARN  server.GrpcLogAppender (GrpcLogAppender.java:resetClient(131)) - 30c0a845-a217-4f15-8bab-f33012bc7910@group-F40867945940->f16a70e5-fe04-4d06-9179-25c3ad8a94bb-GrpcLogAppender: Leader has not got in touch with Follower 30c0a845-a217-4f15-8bab-f33012bc7910@group-F40867945940->f16a70e5-fe04-4d06-9179-25c3ad8a94bb(c-1,m0,n7, attendVote=true, lastRpcSendTime=1, lastRpcResponseTime=67089) yet, just keep nextIndex unchanged and retry.
2023-04-15 16:32:58,889 [BlockDeletingService#1] INFO  interfaces.ContainerDeletionChoosingPolicyTemplate (ContainerDeletionChoosingPolicyTemplate.java:chooseContainerForBlockDeletion(83)) - Chosen 0/5000 blocks from 0 candidate containers.
2023-04-15 16:32:58,889 [BlockDeletingService#0] INFO  interfaces.ContainerDeletionChoosingPolicyTemplate (ContainerDeletionChoosingPolicyTemplate.java:chooseContainerForBlockDeletion(83)) - Chosen 0/5000 blocks from 0 candidate containers.
2023-04-15 16:32:58,990 [BlockDeletingService#1] INFO  interfaces.ContainerDeletionChoosingPolicyTemplate (ContainerDeletionChoosingPolicyTemplate.java:chooseContainerForBlockDeletion(83)) - Chosen 0/5000 blocks from 0 candidate containers.
2023-04-15 16:32:58,990 [BlockDeletingService#0] INFO  interfaces.ContainerDeletionChoosingPolicyTemplate (ContainerDeletionChoosingPolicyTemplate.java:chooseContainerForBlockDeletion(83)) - Chosen 0/5000 blocks from 0 candidate containers.
2023-04-15 16:32:59,012 [FixedThreadPoolWithAffinityExecutor-0-0] WARN  container.ContainerReportHandler (AbstractContainerReportHandler.java:updateContainerState(259)) - Container #1 is in OPEN state, but the datanode 30c0a845-a217-4f15-8bab-f33012bc7910(fv-az202-370.ngw3kpfb2bguzbtcwuqjmbcvef.gx.internal.cloudapp.net/10.1.0.27) reports an CLOSED replica.
2023-04-15 16:32:59,090 [BlockDeletingService#1] INFO  interfaces.ContainerDeletionChoosingPolicyTemplate (ContainerDeletionChoosingPolicyTemplate.java:chooseContainerForBlockDeletion(83)) - Chosen 0/5000 blocks from 0 candidate containers.
2023-04-15 16:32:59,090 [BlockDeletingService#0] INFO  interfaces.ContainerDeletionChoosingPolicyTemplate (ContainerDeletionChoosingPolicyTemplate.java:chooseContainerForBlockDeletion(83)) - Chosen 0/5000 blocks from 0 candidate containers.
2023-04-15 16:32:59,142 [FixedThreadPoolWithAffinityExecutor-1-0] WARN  container.ContainerReportHandler (AbstractContainerReportHandler.java:updateContainerState(259)) - Container #1 is in OPEN state, but the datanode 0dee40cf-0d5a-47f0-9c10-89273726be1d(fv-az202-370.ngw3kpfb2bguzbtcwuqjmbcvef.gx.internal.cloudapp.net/10.1.0.27) reports an CLOSED replica.
2023-04-15 16:32:59,190 [BlockDeletingService#1] INFO  interfaces.ContainerDeletionChoosingPolicyTemplate (ContainerDeletionChoosingPolicyTemplate.java:chooseContainerForBlockDeletion(83)) - Chosen 0/5000 blocks from 0 candidate containers.
2023-04-15 16:32:59,190 [BlockDeletingService#0] INFO  interfaces.ContainerDeletionChoosingPolicyTemplate (ContainerDeletionChoosingPolicyTemplate.java:chooseContainerForBlockDeletion(83)) - Chosen 0/5000 blocks from 0 candidate containers.
2023-04-15 16:32:59,290 [BlockDeletingService#1] INFO  interfaces.ContainerDeletionChoosingPolicyTemplate (ContainerDeletionChoosingPolicyTemplate.java:chooseContainerForBlockDeletion(83)) - Chosen 0/5000 blocks from 0 candidate containers.
2023-04-15 16:32:59,290 [BlockDeletingService#0] INFO  interfaces.ContainerDeletionChoosingPolicyTemplate (ContainerDeletionChoosingPolicyTemplate.java:chooseContainerForBlockDeletion(83)) - Chosen 0/5000 blocks from 0 candidate containers.
2023-04-15 16:32:59,312 [FixedThreadPoolWithAffinityExecutor-0-0] WARN  container.ContainerReportHandler (AbstractContainerReportHandler.java:updateContainerState(259)) - Container #1 is in OPEN state, but the datanode 30c0a845-a217-4f15-8bab-f33012bc7910(fv-az202-370.ngw3kpfb2bguzbtcwuqjmbcvef.gx.internal.cloudapp.net/10.1.0.27) reports an CLOSED replica.
2023-04-15 16:32:59,390 [BlockDeletingService#1] INFO  interfaces.ContainerDeletionChoosingPolicyTemplate (ContainerDeletionChoosingPolicyTemplate.java:chooseContainerForBlockDeletion(83)) - Chosen 0/5000 blocks from 0 candidate containers.
2023-04-15 16:32:59,390 [BlockDeletingService#0] INFO  interfaces.ContainerDeletionChoosingPolicyTemplate (ContainerDeletionChoosingPolicyTemplate.java:chooseContainerForBlockDeletion(83)) - Chosen 0/5000 blocks from 0 candidate containers.
2023-04-15 16:32:59,443 [FixedThreadPoolWithAffinityExecutor-1-0] WARN  container.ContainerReportHandler (AbstractContainerReportHandler.java:updateContainerState(259)) - Container #1 is in OPEN state, but the datanode 0dee40cf-0d5a-47f0-9c10-89273726be1d(fv-az202-370.ngw3kpfb2bguzbtcwuqjmbcvef.gx.internal.cloudapp.net/10.1.0.27) reports an CLOSED replica.
2023-04-15 16:32:59,491 [BlockDeletingService#0] INFO  interfaces.ContainerDeletionChoosingPolicyTemplate (ContainerDeletionChoosingPolicyTemplate.java:chooseContainerForBlockDeletion(83)) - Chosen 0/5000 blocks from 0 candidate containers.
2023-04-15 16:32:59,491 [BlockDeletingService#1] INFO  interfaces.ContainerDeletionChoosingPolicyTemplate (ContainerDeletionChoosingPolicyTemplate.java:chooseContainerForBlockDeletion(83)) - Chosen 0/5000 blocks from 0 candidate containers.
2023-04-15 16:32:59,513 [FixedThreadPoolWithAffinityExecutor-0-0] WARN  container.ContainerReportHandler (AbstractContainerReportHandler.java:updateContainerState(259)) - Container #1 is in OPEN state, but the datanode 30c0a845-a217-4f15-8bab-f33012bc7910(fv-az202-370.ngw3kpfb2bguzbtcwuqjmbcvef.gx.internal.cloudapp.net/10.1.0.27) reports an CLOSED replica.
2023-04-15 16:32:59,591 [BlockDeletingService#0] INFO  interfaces.ContainerDeletionChoosingPolicyTemplate (ContainerDeletionChoosingPolicyTemplate.java:chooseContainerForBlockDeletion(83)) - Chosen 0/5000 blocks from 0 candidate containers.
2023-04-15 16:32:59,591 [BlockDeletingService#1] INFO  interfaces.ContainerDeletionChoosingPolicyTemplate (ContainerDeletionChoosingPolicyTemplate.java:chooseContainerForBlockDeletion(83)) - Chosen 0/5000 blocks from 0 candidate containers.
2023-04-15 16:32:59,691 [BlockDeletingService#0] INFO  interfaces.ContainerDeletionChoosingPolicyTemplate (ContainerDeletionChoosingPolicyTemplate.java:chooseContainerForBlockDeletion(83)) - Chosen 0/5000 blocks from 0 candidate containers.
2023-04-15 16:32:59,691 [BlockDeletingService#1] INFO  interfaces.ContainerDeletionChoosingPolicyTemplate (ContainerDeletionChoosingPolicyTemplate.java:chooseContainerForBlockDeletion(83)) - Chosen 0/5000 blocks from 0 candidate containers.
2023-04-15 16:32:59,744 [FixedThreadPoolWithAffinityExecutor-1-0] WARN  container.ContainerReportHandler (AbstractContainerReportHandler.java:updateContainerState(259)) - Container #1 is in OPEN state, but the datanode 0dee40cf-0d5a-47f0-9c10-89273726be1d(fv-az202-370.ngw3kpfb2bguzbtcwuqjmbcvef.gx.internal.cloudapp.net/10.1.0.27) reports an CLOSED replica.
2023-04-15 16:32:59,791 [BlockDeletingService#0] INFO  interfaces.ContainerDeletionChoosingPolicyTemplate (ContainerDeletionChoosingPolicyTemplate.java:chooseContainerForBlockDeletion(83)) - Chosen 0/5000 blocks from 0 candidate containers.
2023-04-15 16:32:59,791 [BlockDeletingService#1] INFO  interfaces.ContainerDeletionChoosingPolicyTemplate (ContainerDeletionChoosingPolicyTemplate.java:chooseContainerForBlockDeletion(83)) - Chosen 0/5000 blocks from 0 candidate containers.
2023-04-15 16:32:59,813 [FixedThreadPoolWithAffinityExecutor-0-0] WARN  container.ContainerReportHandler (AbstractContainerReportHandler.java:updateContainerState(259)) - Container #1 is in OPEN state, but the datanode 30c0a845-a217-4f15-8bab-f33012bc7910(fv-az202-370.ngw3kpfb2bguzbtcwuqjmbcvef.gx.internal.cloudapp.net/10.1.0.27) reports an CLOSED replica.
2023-04-15 16:32:59,891 [BlockDeletingService#0] INFO  interfaces.ContainerDeletionChoosingPolicyTemplate (ContainerDeletionChoosingPolicyTemplate.java:chooseContainerForBlockDeletion(83)) - Chosen 0/5000 blocks from 0 candidate containers.
2023-04-15 16:32:59,891 [BlockDeletingService#1] INFO  interfaces.ContainerDeletionChoosingPolicyTemplate (ContainerDeletionChoosingPolicyTemplate.java:chooseContainerForBlockDeletion(83)) - Chosen 0/5000 blocks from 0 candidate containers.
2023-04-15 16:32:59,944 [FixedThreadPoolWithAffinityExecutor-1-0] WARN  container.ContainerReportHandler (AbstractContainerReportHandler.java:updateContainerState(259)) - Container #1 is in OPEN state, but the datanode 0dee40cf-0d5a-47f0-9c10-89273726be1d(fv-az202-370.ngw3kpfb2bguzbtcwuqjmbcvef.gx.internal.cloudapp.net/10.1.0.27) reports an CLOSED replica.
2023-04-15 16:32:59,992 [BlockDeletingService#0] INFO  interfaces.ContainerDeletionChoosingPolicyTemplate (ContainerDeletionChoosingPolicyTemplate.java:chooseContainerForBlockDeletion(83)) - Chosen 0/5000 blocks from 0 candidate containers.
2023-04-15 16:32:59,992 [BlockDeletingService#1] INFO  interfaces.ContainerDeletionChoosingPolicyTemplate (ContainerDeletionChoosingPolicyTemplate.java:chooseContainerForBlockDeletion(83)) - Chosen 0/5000 blocks from 0 candidate containers.
2023-04-15 16:33:00,013 [FixedThreadPoolWithAffinityExecutor-0-0] WARN  container.ContainerReportHandler (AbstractContainerReportHandler.java:updateContainerState(259)) - Container #1 is in OPEN state, but the datanode 30c0a845-a217-4f15-8bab-f33012bc7910(fv-az202-370.ngw3kpfb2bguzbtcwuqjmbcvef.gx.internal.cloudapp.net/10.1.0.27) reports an CLOSED replica.
2023-04-15 16:33:00,092 [BlockDeletingService#0] INFO  interfaces.ContainerDeletionChoosingPolicyTemplate (ContainerDeletionChoosingPolicyTemplate.java:chooseContainerForBlockDeletion(83)) - Chosen 0/5000 blocks from 0 candidate containers.
2023-04-15 16:33:00,092 [BlockDeletingService#1] INFO  interfaces.ContainerDeletionChoosingPolicyTemplate (ContainerDeletionChoosingPolicyTemplate.java:chooseContainerForBlockDeletion(83)) - Chosen 0/5000 blocks from 0 candidate containers.
2023-04-15 16:33:00,136 [grpc-default-executor-5] WARN  server.GrpcLogAppender (LogUtils.java:warn(122)) - 30c0a845-a217-4f15-8bab-f33012bc7910@group-F40867945940->f16a70e5-fe04-4d06-9179-25c3ad8a94bb-AppendLogResponseHandler: Failed appendEntries: org.apache.ratis.thirdparty.io.grpc.StatusRuntimeException: UNAVAILABLE: io exception
2023-04-15 16:33:00,137 [grpc-default-executor-5] WARN  server.GrpcLogAppender (GrpcLogAppender.java:resetClient(131)) - 30c0a845-a217-4f15-8bab-f33012bc7910@group-F40867945940->f16a70e5-fe04-4d06-9179-25c3ad8a94bb-GrpcLogAppender: Leader has not got in touch with Follower 30c0a845-a217-4f15-8bab-f33012bc7910@group-F40867945940->f16a70e5-fe04-4d06-9179-25c3ad8a94bb(c-1,m0,n7, attendVote=true, lastRpcSendTime=0, lastRpcResponseTime=68339) yet, just keep nextIndex unchanged and retry.
2023-04-15 16:33:00,137 [grpc-default-executor-3] WARN  server.GrpcLogAppender (LogUtils.java:warn(122)) - 30c0a845-a217-4f15-8bab-f33012bc7910@group-F40867945940->f16a70e5-fe04-4d06-9179-25c3ad8a94bb-AppendLogResponseHandler: Failed appendEntries: org.apache.ratis.thirdparty.io.grpc.StatusRuntimeException: UNAVAILABLE: io exception
2023-04-15 16:33:00,138 [grpc-default-executor-3] WARN  server.GrpcLogAppender (GrpcLogAppender.java:resetClient(131)) - 30c0a845-a217-4f15-8bab-f33012bc7910@group-F40867945940->f16a70e5-fe04-4d06-9179-25c3ad8a94bb-GrpcLogAppender: Leader has not got in touch with Follower 30c0a845-a217-4f15-8bab-f33012bc7910@group-F40867945940->f16a70e5-fe04-4d06-9179-25c3ad8a94bb(c-1,m0,n7, attendVote=true, lastRpcSendTime=1, lastRpcResponseTime=68340) yet, just keep nextIndex unchanged and retry.
2023-04-15 16:33:00,192 [BlockDeletingService#0] INFO  interfaces.ContainerDeletionChoosingPolicyTemplate (ContainerDeletionChoosingPolicyTemplate.java:chooseContainerForBlockDeletion(83)) - Chosen 0/5000 blocks from 0 candidate containers.
2023-04-15 16:33:00,192 [BlockDeletingService#1] INFO  interfaces.ContainerDeletionChoosingPolicyTemplate (ContainerDeletionChoosingPolicyTemplate.java:chooseContainerForBlockDeletion(83)) - Chosen 0/5000 blocks from 0 candidate containers.
2023-04-15 16:33:00,245 [FixedThreadPoolWithAffinityExecutor-1-0] WARN  container.ContainerReportHandler (AbstractContainerReportHandler.java:updateContainerState(259)) - Container #1 is in OPEN state, but the datanode 0dee40cf-0d5a-47f0-9c10-89273726be1d(fv-az202-370.ngw3kpfb2bguzbtcwuqjmbcvef.gx.internal.cloudapp.net/10.1.0.27) reports an CLOSED replica.
2023-04-15 16:33:00,292 [BlockDeletingService#0] INFO  interfaces.ContainerDeletionChoosingPolicyTemplate (ContainerDeletionChoosingPolicyTemplate.java:chooseContainerForBlockDeletion(83)) - Chosen 0/5000 blocks from 0 candidate containers.
2023-04-15 16:33:00,292 [BlockDeletingService#1] INFO  interfaces.ContainerDeletionChoosingPolicyTemplate (ContainerDeletionChoosingPolicyTemplate.java:chooseContainerForBlockDeletion(83)) - Chosen 0/5000 blocks from 0 candidate containers.
2023-04-15 16:33:00,313 [FixedThreadPoolWithAffinityExecutor-0-0] WARN  container.ContainerReportHandler (AbstractContainerReportHandler.java:updateContainerState(259)) - Container #1 is in OPEN state, but the datanode 30c0a845-a217-4f15-8bab-f33012bc7910(fv-az202-370.ngw3kpfb2bguzbtcwuqjmbcvef.gx.internal.cloudapp.net/10.1.0.27) reports an CLOSED replica.
2023-04-15 16:33:00,392 [BlockDeletingService#0] INFO  interfaces.ContainerDeletionChoosingPolicyTemplate (ContainerDeletionChoosingPolicyTemplate.java:chooseContainerForBlockDeletion(83)) - Chosen 0/5000 blocks from 0 candidate containers.
2023-04-15 16:33:00,393 [BlockDeletingService#1] INFO  interfaces.ContainerDeletionChoosingPolicyTemplate (ContainerDeletionChoosingPolicyTemplate.java:chooseContainerForBlockDeletion(83)) - Chosen 0/5000 blocks from 0 candidate containers.
2023-04-15 16:33:00,493 [BlockDeletingService#0] INFO  interfaces.ContainerDeletionChoosingPolicyTemplate (ContainerDeletionChoosingPolicyTemplate.java:chooseContainerForBlockDeletion(83)) - Chosen 0/5000 blocks from 0 candidate containers.
2023-04-15 16:33:00,493 [BlockDeletingService#1] INFO  interfaces.ContainerDeletionChoosingPolicyTemplate (ContainerDeletionChoosingPolicyTemplate.java:chooseContainerForBlockDeletion(83)) - Chosen 0/5000 blocks from 0 candidate containers.
2023-04-15 16:33:00,516 [FixedThreadPoolWithAffinityExecutor-0-0] WARN  container.ContainerReportHandler (AbstractContainerReportHandler.java:updateContainerState(259)) - Container #1 is in OPEN state, but the datanode 30c0a845-a217-4f15-8bab-f33012bc7910(fv-az202-370.ngw3kpfb2bguzbtcwuqjmbcvef.gx.internal.cloudapp.net/10.1.0.27) reports an CLOSED replica.
2023-04-15 16:33:00,545 [FixedThreadPoolWithAffinityExecutor-1-0] WARN  container.ContainerReportHandler (AbstractContainerReportHandler.java:updateContainerState(259)) - Container #1 is in OPEN state, but the datanode 0dee40cf-0d5a-47f0-9c10-89273726be1d(fv-az202-370.ngw3kpfb2bguzbtcwuqjmbcvef.gx.internal.cloudapp.net/10.1.0.27) reports an CLOSED replica.
2023-04-15 16:33:00,593 [BlockDeletingService#0] INFO  interfaces.ContainerDeletionChoosingPolicyTemplate (ContainerDeletionChoosingPolicyTemplate.java:chooseContainerForBlockDeletion(83)) - Chosen 0/5000 blocks from 0 candidate containers.
2023-04-15 16:33:00,593 [BlockDeletingService#1] INFO  interfaces.ContainerDeletionChoosingPolicyTemplate (ContainerDeletionChoosingPolicyTemplate.java:chooseContainerForBlockDeletion(83)) - Chosen 0/5000 blocks from 0 candidate containers.
2023-04-15 16:33:00,693 [BlockDeletingService#0] INFO  interfaces.ContainerDeletionChoosingPolicyTemplate (ContainerDeletionChoosingPolicyTemplate.java:chooseContainerForBlockDeletion(83)) - Chosen 0/5000 blocks from 0 candidate containers.
2023-04-15 16:33:00,693 [BlockDeletingService#1] INFO  interfaces.ContainerDeletionChoosingPolicyTemplate (ContainerDeletionChoosingPolicyTemplate.java:chooseContainerForBlockDeletion(83)) - Chosen 0/5000 blocks from 0 candidate containers.
2023-04-15 16:33:00,793 [BlockDeletingService#0] INFO  interfaces.ContainerDeletionChoosingPolicyTemplate (ContainerDeletionChoosingPolicyTemplate.java:chooseContainerForBlockDeletion(83)) - Chosen 0/5000 blocks from 0 candidate containers.
2023-04-15 16:33:00,794 [BlockDeletingService#1] INFO  interfaces.ContainerDeletionChoosingPolicyTemplate (ContainerDeletionChoosingPolicyTemplate.java:chooseContainerForBlockDeletion(83)) - Chosen 0/5000 blocks from 0 candidate containers.
2023-04-15 16:33:00,814 [FixedThreadPoolWithAffinityExecutor-0-0] WARN  container.ContainerReportHandler (AbstractContainerReportHandler.java:updateContainerState(259)) - Container #1 is in OPEN state, but the datanode 30c0a845-a217-4f15-8bab-f33012bc7910(fv-az202-370.ngw3kpfb2bguzbtcwuqjmbcvef.gx.internal.cloudapp.net/10.1.0.27) reports an CLOSED replica.
2023-04-15 16:33:00,845 [FixedThreadPoolWithAffinityExecutor-1-0] WARN  container.ContainerReportHandler (AbstractContainerReportHandler.java:updateContainerState(259)) - Container #1 is in OPEN state, but the datanode 0dee40cf-0d5a-47f0-9c10-89273726be1d(fv-az202-370.ngw3kpfb2bguzbtcwuqjmbcvef.gx.internal.cloudapp.net/10.1.0.27) reports an CLOSED replica.
2023-04-15 16:33:00,894 [BlockDeletingService#0] INFO  interfaces.ContainerDeletionChoosingPolicyTemplate (ContainerDeletionChoosingPolicyTemplate.java:chooseContainerForBlockDeletion(83)) - Chosen 0/5000 blocks from 0 candidate containers.
2023-04-15 16:33:00,894 [BlockDeletingService#1] INFO  interfaces.ContainerDeletionChoosingPolicyTemplate (ContainerDeletionChoosingPolicyTemplate.java:chooseContainerForBlockDeletion(83)) - Chosen 0/5000 blocks from 0 candidate containers.
2023-04-15 16:33:00,994 [BlockDeletingService#0] INFO  interfaces.ContainerDeletionChoosingPolicyTemplate (ContainerDeletionChoosingPolicyTemplate.java:chooseContainerForBlockDeletion(83)) - Chosen 0/5000 blocks from 0 candidate containers.
2023-04-15 16:33:00,994 [BlockDeletingService#1] INFO  interfaces.ContainerDeletionChoosingPolicyTemplate (ContainerDeletionChoosingPolicyTemplate.java:chooseContainerForBlockDeletion(83)) - Chosen 0/5000 blocks from 0 candidate containers.
2023-04-15 16:33:01,045 [FixedThreadPoolWithAffinityExecutor-1-0] WARN  container.ContainerReportHandler (AbstractContainerReportHandler.java:updateContainerState(259)) - Container #1 is in OPEN state, but the datanode 0dee40cf-0d5a-47f0-9c10-89273726be1d(fv-az202-370.ngw3kpfb2bguzbtcwuqjmbcvef.gx.internal.cloudapp.net/10.1.0.27) reports an CLOSED replica.
2023-04-15 16:33:01,094 [BlockDeletingService#0] INFO  interfaces.ContainerDeletionChoosingPolicyTemplate (ContainerDeletionChoosingPolicyTemplate.java:chooseContainerForBlockDeletion(83)) - Chosen 0/5000 blocks from 0 candidate containers.
2023-04-15 16:33:01,094 [BlockDeletingService#1] INFO  interfaces.ContainerDeletionChoosingPolicyTemplate (ContainerDeletionChoosingPolicyTemplate.java:chooseContainerForBlockDeletion(83)) - Chosen 0/5000 blocks from 0 candidate containers.
2023-04-15 16:33:01,114 [FixedThreadPoolWithAffinityExecutor-0-0] WARN  container.ContainerReportHandler (AbstractContainerReportHandler.java:updateContainerState(259)) - Container #1 is in OPEN state, but the datanode 30c0a845-a217-4f15-8bab-f33012bc7910(fv-az202-370.ngw3kpfb2bguzbtcwuqjmbcvef.gx.internal.cloudapp.net/10.1.0.27) reports an CLOSED replica.
2023-04-15 16:33:01,194 [BlockDeletingService#0] INFO  interfaces.ContainerDeletionChoosingPolicyTemplate (ContainerDeletionChoosingPolicyTemplate.java:chooseContainerForBlockDeletion(83)) - Chosen 0/5000 blocks from 0 candidate containers.
2023-04-15 16:33:01,194 [BlockDeletingService#1] INFO  interfaces.ContainerDeletionChoosingPolicyTemplate (ContainerDeletionChoosingPolicyTemplate.java:chooseContainerForBlockDeletion(83)) - Chosen 0/5000 blocks from 0 candidate containers.
2023-04-15 16:33:01,294 [BlockDeletingService#0] INFO  interfaces.ContainerDeletionChoosingPolicyTemplate (ContainerDeletionChoosingPolicyTemplate.java:chooseContainerForBlockDeletion(83)) - Chosen 0/5000 blocks from 0 candidate containers.
2023-04-15 16:33:01,295 [BlockDeletingService#1] INFO  interfaces.ContainerDeletionChoosingPolicyTemplate (ContainerDeletionChoosingPolicyTemplate.java:chooseContainerForBlockDeletion(83)) - Chosen 0/5000 blocks from 0 candidate containers.
2023-04-15 16:33:01,315 [FixedThreadPoolWithAffinityExecutor-0-0] WARN  container.ContainerReportHandler (AbstractContainerReportHandler.java:updateContainerState(259)) - Container #1 is in OPEN state, but the datanode 30c0a845-a217-4f15-8bab-f33012bc7910(fv-az202-370.ngw3kpfb2bguzbtcwuqjmbcvef.gx.internal.cloudapp.net/10.1.0.27) reports an CLOSED replica.
2023-04-15 16:33:01,345 [FixedThreadPoolWithAffinityExecutor-1-0] WARN  container.ContainerReportHandler (AbstractContainerReportHandler.java:updateContainerState(259)) - Container #1 is in OPEN state, but the datanode 0dee40cf-0d5a-47f0-9c10-89273726be1d(fv-az202-370.ngw3kpfb2bguzbtcwuqjmbcvef.gx.internal.cloudapp.net/10.1.0.27) reports an CLOSED replica.
2023-04-15 16:33:01,387 [grpc-default-executor-5] WARN  server.GrpcLogAppender (LogUtils.java:warn(122)) - 30c0a845-a217-4f15-8bab-f33012bc7910@group-F40867945940->f16a70e5-fe04-4d06-9179-25c3ad8a94bb-AppendLogResponseHandler: Failed appendEntries: org.apache.ratis.thirdparty.io.grpc.StatusRuntimeException: UNAVAILABLE: io exception
2023-04-15 16:33:01,388 [grpc-default-executor-5] WARN  server.GrpcLogAppender (GrpcLogAppender.java:resetClient(131)) - 30c0a845-a217-4f15-8bab-f33012bc7910@group-F40867945940->f16a70e5-fe04-4d06-9179-25c3ad8a94bb-GrpcLogAppender: Leader has not got in touch with Follower 30c0a845-a217-4f15-8bab-f33012bc7910@group-F40867945940->f16a70e5-fe04-4d06-9179-25c3ad8a94bb(c-1,m0,n7, attendVote=true, lastRpcSendTime=0, lastRpcResponseTime=69590) yet, just keep nextIndex unchanged and retry.
2023-04-15 16:33:01,388 [grpc-default-executor-3] WARN  server.GrpcLogAppender (LogUtils.java:warn(122)) - 30c0a845-a217-4f15-8bab-f33012bc7910@group-F40867945940->f16a70e5-fe04-4d06-9179-25c3ad8a94bb-AppendLogResponseHandler: Failed appendEntries: org.apache.ratis.thirdparty.io.grpc.StatusRuntimeException: UNAVAILABLE: io exception
2023-04-15 16:33:01,388 [grpc-default-executor-3] WARN  server.GrpcLogAppender (GrpcLogAppender.java:resetClient(131)) - 30c0a845-a217-4f15-8bab-f33012bc7910@group-F40867945940->f16a70e5-fe04-4d06-9179-25c3ad8a94bb-GrpcLogAppender: Leader has not got in touch with Follower 30c0a845-a217-4f15-8bab-f33012bc7910@group-F40867945940->f16a70e5-fe04-4d06-9179-25c3ad8a94bb(c-1,m0,n7, attendVote=true, lastRpcSendTime=1, lastRpcResponseTime=69590) yet, just keep nextIndex unchanged and retry.
2023-04-15 16:33:01,395 [BlockDeletingService#0] INFO  interfaces.ContainerDeletionChoosingPolicyTemplate (ContainerDeletionChoosingPolicyTemplate.java:chooseContainerForBlockDeletion(83)) - Chosen 0/5000 blocks from 0 candidate containers.
2023-04-15 16:33:01,395 [BlockDeletingService#1] INFO  interfaces.ContainerDeletionChoosingPolicyTemplate (ContainerDeletionChoosingPolicyTemplate.java:chooseContainerForBlockDeletion(83)) - Chosen 0/5000 blocks from 0 candidate containers.
2023-04-15 16:33:01,495 [BlockDeletingService#0] INFO  interfaces.ContainerDeletionChoosingPolicyTemplate (ContainerDeletionChoosingPolicyTemplate.java:chooseContainerForBlockDeletion(83)) - Chosen 0/5000 blocks from 0 candidate containers.
2023-04-15 16:33:01,495 [BlockDeletingService#1] INFO  interfaces.ContainerDeletionChoosingPolicyTemplate (ContainerDeletionChoosingPolicyTemplate.java:chooseContainerForBlockDeletion(83)) - Chosen 0/5000 blocks from 0 candidate containers.
2023-04-15 16:33:01,595 [BlockDeletingService#0] INFO  interfaces.ContainerDeletionChoosingPolicyTemplate (ContainerDeletionChoosingPolicyTemplate.java:chooseContainerForBlockDeletion(83)) - Chosen 0/5000 blocks from 0 candidate containers.
2023-04-15 16:33:01,595 [BlockDeletingService#1] INFO  interfaces.ContainerDeletionChoosingPolicyTemplate (ContainerDeletionChoosingPolicyTemplate.java:chooseContainerForBlockDeletion(83)) - Chosen 0/5000 blocks from 0 candidate containers.
2023-04-15 16:33:01,615 [FixedThreadPoolWithAffinityExecutor-0-0] WARN  container.ContainerReportHandler (AbstractContainerReportHandler.java:updateContainerState(259)) - Container #1 is in OPEN state, but the datanode 30c0a845-a217-4f15-8bab-f33012bc7910(fv-az202-370.ngw3kpfb2bguzbtcwuqjmbcvef.gx.internal.cloudapp.net/10.1.0.27) reports an CLOSED replica.
2023-04-15 16:33:01,645 [FixedThreadPoolWithAffinityExecutor-1-0] WARN  container.ContainerReportHandler (AbstractContainerReportHandler.java:updateContainerState(259)) - Container #1 is in OPEN state, but the datanode 0dee40cf-0d5a-47f0-9c10-89273726be1d(fv-az202-370.ngw3kpfb2bguzbtcwuqjmbcvef.gx.internal.cloudapp.net/10.1.0.27) reports an CLOSED replica.
2023-04-15 16:33:01,695 [BlockDeletingService#0] INFO  interfaces.ContainerDeletionChoosingPolicyTemplate (ContainerDeletionChoosingPolicyTemplate.java:chooseContainerForBlockDeletion(83)) - Chosen 0/5000 blocks from 0 candidate containers.
2023-04-15 16:33:01,696 [BlockDeletingService#1] INFO  interfaces.ContainerDeletionChoosingPolicyTemplate (ContainerDeletionChoosingPolicyTemplate.java:chooseContainerForBlockDeletion(83)) - Chosen 0/5000 blocks from 0 candidate containers.
2023-04-15 16:33:01,796 [BlockDeletingService#0] INFO  interfaces.ContainerDeletionChoosingPolicyTemplate (ContainerDeletionChoosingPolicyTemplate.java:chooseContainerForBlockDeletion(83)) - Chosen 0/5000 blocks from 0 candidate containers.
2023-04-15 16:33:01,796 [BlockDeletingService#1] INFO  interfaces.ContainerDeletionChoosingPolicyTemplate (ContainerDeletionChoosingPolicyTemplate.java:chooseContainerForBlockDeletion(83)) - Chosen 0/5000 blocks from 0 candidate containers.
2023-04-15 16:33:01,815 [FixedThreadPoolWithAffinityExecutor-0-0] WARN  container.ContainerReportHandler (AbstractContainerReportHandler.java:updateContainerState(259)) - Container #1 is in OPEN state, but the datanode 30c0a845-a217-4f15-8bab-f33012bc7910(fv-az202-370.ngw3kpfb2bguzbtcwuqjmbcvef.gx.internal.cloudapp.net/10.1.0.27) reports an CLOSED replica.
2023-04-15 16:33:01,896 [BlockDeletingService#0] INFO  interfaces.ContainerDeletionChoosingPolicyTemplate (ContainerDeletionChoosingPolicyTemplate.java:chooseContainerForBlockDeletion(83)) - Chosen 0/5000 blocks from 0 candidate containers.
2023-04-15 16:33:01,896 [BlockDeletingService#1] INFO  interfaces.ContainerDeletionChoosingPolicyTemplate (ContainerDeletionChoosingPolicyTemplate.java:chooseContainerForBlockDeletion(83)) - Chosen 0/5000 blocks from 0 candidate containers.
2023-04-15 16:33:01,946 [FixedThreadPoolWithAffinityExecutor-1-0] WARN  container.ContainerReportHandler (AbstractContainerReportHandler.java:updateContainerState(259)) - Container #1 is in OPEN state, but the datanode 0dee40cf-0d5a-47f0-9c10-89273726be1d(fv-az202-370.ngw3kpfb2bguzbtcwuqjmbcvef.gx.internal.cloudapp.net/10.1.0.27) reports an CLOSED replica.
2023-04-15 16:33:01,996 [BlockDeletingService#0] INFO  interfaces.ContainerDeletionChoosingPolicyTemplate (ContainerDeletionChoosingPolicyTemplate.java:chooseContainerForBlockDeletion(83)) - Chosen 0/5000 blocks from 0 candidate containers.
2023-04-15 16:33:01,996 [BlockDeletingService#1] INFO  interfaces.ContainerDeletionChoosingPolicyTemplate (ContainerDeletionChoosingPolicyTemplate.java:chooseContainerForBlockDeletion(83)) - Chosen 0/5000 blocks from 0 candidate containers.
2023-04-15 16:33:02,096 [BlockDeletingService#0] INFO  interfaces.ContainerDeletionChoosingPolicyTemplate (ContainerDeletionChoosingPolicyTemplate.java:chooseContainerForBlockDeletion(83)) - Chosen 0/5000 blocks from 0 candidate containers.
2023-04-15 16:33:02,096 [BlockDeletingService#1] INFO  interfaces.ContainerDeletionChoosingPolicyTemplate (ContainerDeletionChoosingPolicyTemplate.java:chooseContainerForBlockDeletion(83)) - Chosen 0/5000 blocks from 0 candidate containers.
2023-04-15 16:33:02,115 [FixedThreadPoolWithAffinityExecutor-0-0] WARN  container.ContainerReportHandler (AbstractContainerReportHandler.java:updateContainerState(259)) - Container #1 is in OPEN state, but the datanode 30c0a845-a217-4f15-8bab-f33012bc7910(fv-az202-370.ngw3kpfb2bguzbtcwuqjmbcvef.gx.internal.cloudapp.net/10.1.0.27) reports an CLOSED replica.
2023-04-15 16:33:02,146 [FixedThreadPoolWithAffinityExecutor-1-0] WARN  container.ContainerReportHandler (AbstractContainerReportHandler.java:updateContainerState(259)) - Container #1 is in OPEN state, but the datanode 0dee40cf-0d5a-47f0-9c10-89273726be1d(fv-az202-370.ngw3kpfb2bguzbtcwuqjmbcvef.gx.internal.cloudapp.net/10.1.0.27) reports an CLOSED replica.
2023-04-15 16:33:02,196 [BlockDeletingService#0] INFO  interfaces.ContainerDeletionChoosingPolicyTemplate (ContainerDeletionChoosingPolicyTemplate.java:chooseContainerForBlockDeletion(83)) - Chosen 0/5000 blocks from 0 candidate containers.
2023-04-15 16:33:02,196 [BlockDeletingService#1] INFO  interfaces.ContainerDeletionChoosingPolicyTemplate (ContainerDeletionChoosingPolicyTemplate.java:chooseContainerForBlockDeletion(83)) - Chosen 0/5000 blocks from 0 candidate containers.
2023-04-15 16:33:02,296 [BlockDeletingService#0] INFO  interfaces.ContainerDeletionChoosingPolicyTemplate (ContainerDeletionChoosingPolicyTemplate.java:chooseContainerForBlockDeletion(83)) - Chosen 0/5000 blocks from 0 candidate containers.
2023-04-15 16:33:02,297 [BlockDeletingService#1] INFO  interfaces.ContainerDeletionChoosingPolicyTemplate (ContainerDeletionChoosingPolicyTemplate.java:chooseContainerForBlockDeletion(83)) - Chosen 0/5000 blocks from 0 candidate containers.
2023-04-15 16:33:02,314 [FixedThreadPoolWithAffinityExecutor-0-0] WARN  container.ContainerReportHandler (AbstractContainerReportHandler.java:updateContainerState(259)) - Container #1 is in OPEN state, but the datanode 30c0a845-a217-4f15-8bab-f33012bc7910(fv-az202-370.ngw3kpfb2bguzbtcwuqjmbcvef.gx.internal.cloudapp.net/10.1.0.27) reports an CLOSED replica.
2023-04-15 16:33:02,397 [BlockDeletingService#0] INFO  interfaces.ContainerDeletionChoosingPolicyTemplate (ContainerDeletionChoosingPolicyTemplate.java:chooseContainerForBlockDeletion(83)) - Chosen 0/5000 blocks from 0 candidate containers.
2023-04-15 16:33:02,397 [BlockDeletingService#1] INFO  interfaces.ContainerDeletionChoosingPolicyTemplate (ContainerDeletionChoosingPolicyTemplate.java:chooseContainerForBlockDeletion(83)) - Chosen 0/5000 blocks from 0 candidate containers.
2023-04-15 16:33:02,446 [FixedThreadPoolWithAffinityExecutor-1-0] WARN  container.ContainerReportHandler (AbstractContainerReportHandler.java:updateContainerState(259)) - Container #1 is in OPEN state, but the datanode 0dee40cf-0d5a-47f0-9c10-89273726be1d(fv-az202-370.ngw3kpfb2bguzbtcwuqjmbcvef.gx.internal.cloudapp.net/10.1.0.27) reports an CLOSED replica.
2023-04-15 16:33:02,497 [BlockDeletingService#0] INFO  interfaces.ContainerDeletionChoosingPolicyTemplate (ContainerDeletionChoosingPolicyTemplate.java:chooseContainerForBlockDeletion(83)) - Chosen 0/5000 blocks from 0 candidate containers.
2023-04-15 16:33:02,497 [BlockDeletingService#1] INFO  interfaces.ContainerDeletionChoosingPolicyTemplate (ContainerDeletionChoosingPolicyTemplate.java:chooseContainerForBlockDeletion(83)) - Chosen 0/5000 blocks from 0 candidate containers.
2023-04-15 16:33:02,597 [BlockDeletingService#0] INFO  interfaces.ContainerDeletionChoosingPolicyTemplate (ContainerDeletionChoosingPolicyTemplate.java:chooseContainerForBlockDeletion(83)) - Chosen 0/5000 blocks from 0 candidate containers.
2023-04-15 16:33:02,597 [BlockDeletingService#1] INFO  interfaces.ContainerDeletionChoosingPolicyTemplate (ContainerDeletionChoosingPolicyTemplate.java:chooseContainerForBlockDeletion(83)) - Chosen 0/5000 blocks from 0 candidate containers.
2023-04-15 16:33:02,616 [FixedThreadPoolWithAffinityExecutor-0-0] WARN  container.ContainerReportHandler (AbstractContainerReportHandler.java:updateContainerState(259)) - Container #1 is in OPEN state, but the datanode 30c0a845-a217-4f15-8bab-f33012bc7910(fv-az202-370.ngw3kpfb2bguzbtcwuqjmbcvef.gx.internal.cloudapp.net/10.1.0.27) reports an CLOSED replica.
2023-04-15 16:33:02,637 [grpc-default-executor-3] WARN  server.GrpcLogAppender (LogUtils.java:warn(122)) - 30c0a845-a217-4f15-8bab-f33012bc7910@group-F40867945940->f16a70e5-fe04-4d06-9179-25c3ad8a94bb-AppendLogResponseHandler: Failed appendEntries: org.apache.ratis.thirdparty.io.grpc.StatusRuntimeException: UNAVAILABLE: io exception
2023-04-15 16:33:02,638 [grpc-default-executor-5] WARN  server.GrpcLogAppender (LogUtils.java:warn(122)) - 30c0a845-a217-4f15-8bab-f33012bc7910@group-F40867945940->f16a70e5-fe04-4d06-9179-25c3ad8a94bb-AppendLogResponseHandler: Failed appendEntries: org.apache.ratis.thirdparty.io.grpc.StatusRuntimeException: UNAVAILABLE: io exception
2023-04-15 16:33:02,638 [grpc-default-executor-3] WARN  server.GrpcLogAppender (GrpcLogAppender.java:resetClient(131)) - 30c0a845-a217-4f15-8bab-f33012bc7910@group-F40867945940->f16a70e5-fe04-4d06-9179-25c3ad8a94bb-GrpcLogAppender: Leader has not got in touch with Follower 30c0a845-a217-4f15-8bab-f33012bc7910@group-F40867945940->f16a70e5-fe04-4d06-9179-25c3ad8a94bb(c-1,m0,n7, attendVote=true, lastRpcSendTime=0, lastRpcResponseTime=70840) yet, just keep nextIndex unchanged and retry.
2023-04-15 16:33:02,638 [grpc-default-executor-5] WARN  server.GrpcLogAppender (GrpcLogAppender.java:resetClient(131)) - 30c0a845-a217-4f15-8bab-f33012bc7910@group-F40867945940->f16a70e5-fe04-4d06-9179-25c3ad8a94bb-GrpcLogAppender: Leader has not got in touch with Follower 30c0a845-a217-4f15-8bab-f33012bc7910@group-F40867945940->f16a70e5-fe04-4d06-9179-25c3ad8a94bb(c-1,m0,n7, attendVote=true, lastRpcSendTime=0, lastRpcResponseTime=70840) yet, just keep nextIndex unchanged and retry.
2023-04-15 16:33:02,697 [BlockDeletingService#0] INFO  interfaces.ContainerDeletionChoosingPolicyTemplate (ContainerDeletionChoosingPolicyTemplate.java:chooseContainerForBlockDeletion(83)) - Chosen 0/5000 blocks from 0 candidate containers.
2023-04-15 16:33:02,697 [BlockDeletingService#1] INFO  interfaces.ContainerDeletionChoosingPolicyTemplate (ContainerDeletionChoosingPolicyTemplate.java:chooseContainerForBlockDeletion(83)) - Chosen 0/5000 blocks from 0 candidate containers.
2023-04-15 16:33:02,746 [FixedThreadPoolWithAffinityExecutor-1-0] WARN  container.ContainerReportHandler (AbstractContainerReportHandler.java:updateContainerState(259)) - Container #1 is in OPEN state, but the datanode 0dee40cf-0d5a-47f0-9c10-89273726be1d(fv-az202-370.ngw3kpfb2bguzbtcwuqjmbcvef.gx.internal.cloudapp.net/10.1.0.27) reports an CLOSED replica.
2023-04-15 16:33:02,797 [BlockDeletingService#0] INFO  interfaces.ContainerDeletionChoosingPolicyTemplate (ContainerDeletionChoosingPolicyTemplate.java:chooseContainerForBlockDeletion(83)) - Chosen 0/5000 blocks from 0 candidate containers.
2023-04-15 16:33:02,797 [BlockDeletingService#1] INFO  interfaces.ContainerDeletionChoosingPolicyTemplate (ContainerDeletionChoosingPolicyTemplate.java:chooseContainerForBlockDeletion(83)) - Chosen 0/5000 blocks from 0 candidate containers.
2023-04-15 16:33:02,898 [BlockDeletingService#0] INFO  interfaces.ContainerDeletionChoosingPolicyTemplate (ContainerDeletionChoosingPolicyTemplate.java:chooseContainerForBlockDeletion(83)) - Chosen 0/5000 blocks from 0 candidate containers.
2023-04-15 16:33:02,898 [BlockDeletingService#1] INFO  interfaces.ContainerDeletionChoosingPolicyTemplate (ContainerDeletionChoosingPolicyTemplate.java:chooseContainerForBlockDeletion(83)) - Chosen 0/5000 blocks from 0 candidate containers.
2023-04-15 16:33:02,915 [FixedThreadPoolWithAffinityExecutor-0-0] WARN  container.ContainerReportHandler (AbstractContainerReportHandler.java:updateContainerState(259)) - Container #1 is in OPEN state, but the datanode 30c0a845-a217-4f15-8bab-f33012bc7910(fv-az202-370.ngw3kpfb2bguzbtcwuqjmbcvef.gx.internal.cloudapp.net/10.1.0.27) reports an CLOSED replica.
2023-04-15 16:33:02,946 [FixedThreadPoolWithAffinityExecutor-1-0] WARN  container.ContainerReportHandler (AbstractContainerReportHandler.java:updateContainerState(259)) - Container #1 is in OPEN state, but the datanode 0dee40cf-0d5a-47f0-9c10-89273726be1d(fv-az202-370.ngw3kpfb2bguzbtcwuqjmbcvef.gx.internal.cloudapp.net/10.1.0.27) reports an CLOSED replica.
2023-04-15 16:33:02,998 [BlockDeletingService#0] INFO  interfaces.ContainerDeletionChoosingPolicyTemplate (ContainerDeletionChoosingPolicyTemplate.java:chooseContainerForBlockDeletion(83)) - Chosen 0/5000 blocks from 0 candidate containers.
2023-04-15 16:33:02,998 [BlockDeletingService#1] INFO  interfaces.ContainerDeletionChoosingPolicyTemplate (ContainerDeletionChoosingPolicyTemplate.java:chooseContainerForBlockDeletion(83)) - Chosen 0/5000 blocks from 0 candidate containers.
2023-04-15 16:33:03,098 [BlockDeletingService#0] INFO  interfaces.ContainerDeletionChoosingPolicyTemplate (ContainerDeletionChoosingPolicyTemplate.java:chooseContainerForBlockDeletion(83)) - Chosen 0/5000 blocks from 0 candidate containers.
2023-04-15 16:33:03,098 [BlockDeletingService#1] INFO  interfaces.ContainerDeletionChoosingPolicyTemplate (ContainerDeletionChoosingPolicyTemplate.java:chooseContainerForBlockDeletion(83)) - Chosen 0/5000 blocks from 0 candidate containers.
2023-04-15 16:33:03,115 [FixedThreadPoolWithAffinityExecutor-0-0] WARN  container.ContainerReportHandler (AbstractContainerReportHandler.java:updateContainerState(259)) - Container #1 is in OPEN state, but the datanode 30c0a845-a217-4f15-8bab-f33012bc7910(fv-az202-370.ngw3kpfb2bguzbtcwuqjmbcvef.gx.internal.cloudapp.net/10.1.0.27) reports an CLOSED replica.
2023-04-15 16:33:03,198 [BlockDeletingService#0] INFO  interfaces.ContainerDeletionChoosingPolicyTemplate (ContainerDeletionChoosingPolicyTemplate.java:chooseContainerForBlockDeletion(83)) - Chosen 0/5000 blocks from 0 candidate containers.
2023-04-15 16:33:03,198 [BlockDeletingService#1] INFO  interfaces.ContainerDeletionChoosingPolicyTemplate (ContainerDeletionChoosingPolicyTemplate.java:chooseContainerForBlockDeletion(83)) - Chosen 0/5000 blocks from 0 candidate containers.
2023-04-15 16:33:03,246 [FixedThreadPoolWithAffinityExecutor-1-0] WARN  container.ContainerReportHandler (AbstractContainerReportHandler.java:updateContainerState(259)) - Container #1 is in OPEN state, but the datanode 0dee40cf-0d5a-47f0-9c10-89273726be1d(fv-az202-370.ngw3kpfb2bguzbtcwuqjmbcvef.gx.internal.cloudapp.net/10.1.0.27) reports an CLOSED replica.
2023-04-15 16:33:03,298 [BlockDeletingService#0] INFO  interfaces.ContainerDeletionChoosingPolicyTemplate (ContainerDeletionChoosingPolicyTemplate.java:chooseContainerForBlockDeletion(83)) - Chosen 0/5000 blocks from 0 candidate containers.
2023-04-15 16:33:03,298 [BlockDeletingService#1] INFO  interfaces.ContainerDeletionChoosingPolicyTemplate (ContainerDeletionChoosingPolicyTemplate.java:chooseContainerForBlockDeletion(83)) - Chosen 0/5000 blocks from 0 candidate containers.
2023-04-15 16:33:03,398 [BlockDeletingService#0] INFO  interfaces.ContainerDeletionChoosingPolicyTemplate (ContainerDeletionChoosingPolicyTemplate.java:chooseContainerForBlockDeletion(83)) - Chosen 0/5000 blocks from 0 candidate containers.
2023-04-15 16:33:03,399 [BlockDeletingService#1] INFO  interfaces.ContainerDeletionChoosingPolicyTemplate (ContainerDeletionChoosingPolicyTemplate.java:chooseContainerForBlockDeletion(83)) - Chosen 0/5000 blocks from 0 candidate containers.
2023-04-15 16:33:03,415 [FixedThreadPoolWithAffinityExecutor-0-0] WARN  container.ContainerReportHandler (AbstractContainerReportHandler.java:updateContainerState(259)) - Container #1 is in OPEN state, but the datanode 30c0a845-a217-4f15-8bab-f33012bc7910(fv-az202-370.ngw3kpfb2bguzbtcwuqjmbcvef.gx.internal.cloudapp.net/10.1.0.27) reports an CLOSED replica.
2023-04-15 16:33:03,499 [BlockDeletingService#0] INFO  interfaces.ContainerDeletionChoosingPolicyTemplate (ContainerDeletionChoosingPolicyTemplate.java:chooseContainerForBlockDeletion(83)) - Chosen 0/5000 blocks from 0 candidate containers.
2023-04-15 16:33:03,499 [BlockDeletingService#1] INFO  interfaces.ContainerDeletionChoosingPolicyTemplate (ContainerDeletionChoosingPolicyTemplate.java:chooseContainerForBlockDeletion(83)) - Chosen 0/5000 blocks from 0 candidate containers.
2023-04-15 16:33:03,545 [FixedThreadPoolWithAffinityExecutor-1-0] WARN  container.ContainerReportHandler (AbstractContainerReportHandler.java:updateContainerState(259)) - Container #1 is in OPEN state, but the datanode 0dee40cf-0d5a-47f0-9c10-89273726be1d(fv-az202-370.ngw3kpfb2bguzbtcwuqjmbcvef.gx.internal.cloudapp.net/10.1.0.27) reports an CLOSED replica.
2023-04-15 16:33:03,599 [BlockDeletingService#0] INFO  interfaces.ContainerDeletionChoosingPolicyTemplate (ContainerDeletionChoosingPolicyTemplate.java:chooseContainerForBlockDeletion(83)) - Chosen 0/5000 blocks from 0 candidate containers.
2023-04-15 16:33:03,599 [BlockDeletingService#1] INFO  interfaces.ContainerDeletionChoosingPolicyTemplate (ContainerDeletionChoosingPolicyTemplate.java:chooseContainerForBlockDeletion(83)) - Chosen 0/5000 blocks from 0 candidate containers.
2023-04-15 16:33:03,616 [FixedThreadPoolWithAffinityExecutor-0-0] WARN  container.ContainerReportHandler (AbstractContainerReportHandler.java:updateContainerState(259)) - Container #1 is in OPEN state, but the datanode 30c0a845-a217-4f15-8bab-f33012bc7910(fv-az202-370.ngw3kpfb2bguzbtcwuqjmbcvef.gx.internal.cloudapp.net/10.1.0.27) reports an CLOSED replica.
2023-04-15 16:33:03,699 [BlockDeletingService#0] INFO  interfaces.ContainerDeletionChoosingPolicyTemplate (ContainerDeletionChoosingPolicyTemplate.java:chooseContainerForBlockDeletion(83)) - Chosen 0/5000 blocks from 0 candidate containers.
2023-04-15 16:33:03,699 [BlockDeletingService#1] INFO  interfaces.ContainerDeletionChoosingPolicyTemplate (ContainerDeletionChoosingPolicyTemplate.java:chooseContainerForBlockDeletion(83)) - Chosen 0/5000 blocks from 0 candidate containers.
2023-04-15 16:33:03,799 [BlockDeletingService#0] INFO  interfaces.ContainerDeletionChoosingPolicyTemplate (ContainerDeletionChoosingPolicyTemplate.java:chooseContainerForBlockDeletion(83)) - Chosen 0/5000 blocks from 0 candidate containers.
2023-04-15 16:33:03,799 [BlockDeletingService#1] INFO  interfaces.ContainerDeletionChoosingPolicyTemplate (ContainerDeletionChoosingPolicyTemplate.java:chooseContainerForBlockDeletion(83)) - Chosen 0/5000 blocks from 0 candidate containers.
2023-04-15 16:33:03,846 [FixedThreadPoolWithAffinityExecutor-1-0] WARN  container.ContainerReportHandler (AbstractContainerReportHandler.java:updateContainerState(259)) - Container #1 is in OPEN state, but the datanode 0dee40cf-0d5a-47f0-9c10-89273726be1d(fv-az202-370.ngw3kpfb2bguzbtcwuqjmbcvef.gx.internal.cloudapp.net/10.1.0.27) reports an CLOSED replica.
2023-04-15 16:33:03,888 [grpc-default-executor-5] WARN  server.GrpcLogAppender (LogUtils.java:warn(122)) - 30c0a845-a217-4f15-8bab-f33012bc7910@group-F40867945940->f16a70e5-fe04-4d06-9179-25c3ad8a94bb-AppendLogResponseHandler: Failed appendEntries: org.apache.ratis.thirdparty.io.grpc.StatusRuntimeException: UNAVAILABLE: io exception
2023-04-15 16:33:03,888 [grpc-default-executor-5] WARN  server.GrpcLogAppender (GrpcLogAppender.java:resetClient(131)) - 30c0a845-a217-4f15-8bab-f33012bc7910@group-F40867945940->f16a70e5-fe04-4d06-9179-25c3ad8a94bb-GrpcLogAppender: Leader has not got in touch with Follower 30c0a845-a217-4f15-8bab-f33012bc7910@group-F40867945940->f16a70e5-fe04-4d06-9179-25c3ad8a94bb(c-1,m0,n7, attendVote=true, lastRpcSendTime=0, lastRpcResponseTime=72090) yet, just keep nextIndex unchanged and retry.
2023-04-15 16:33:03,888 [grpc-default-executor-3] WARN  server.GrpcLogAppender (LogUtils.java:warn(122)) - 30c0a845-a217-4f15-8bab-f33012bc7910@group-F40867945940->f16a70e5-fe04-4d06-9179-25c3ad8a94bb-AppendLogResponseHandler: Failed appendEntries: org.apache.ratis.thirdparty.io.grpc.StatusRuntimeException: UNAVAILABLE: io exception
2023-04-15 16:33:03,889 [grpc-default-executor-3] WARN  server.GrpcLogAppender (GrpcLogAppender.java:resetClient(131)) - 30c0a845-a217-4f15-8bab-f33012bc7910@group-F40867945940->f16a70e5-fe04-4d06-9179-25c3ad8a94bb-GrpcLogAppender: Leader has not got in touch with Follower 30c0a845-a217-4f15-8bab-f33012bc7910@group-F40867945940->f16a70e5-fe04-4d06-9179-25c3ad8a94bb(c-1,m0,n7, attendVote=true, lastRpcSendTime=1, lastRpcResponseTime=72091) yet, just keep nextIndex unchanged and retry.
2023-04-15 16:33:03,899 [BlockDeletingService#0] INFO  interfaces.ContainerDeletionChoosingPolicyTemplate (ContainerDeletionChoosingPolicyTemplate.java:chooseContainerForBlockDeletion(83)) - Chosen 0/5000 blocks from 0 candidate containers.
2023-04-15 16:33:03,900 [BlockDeletingService#1] INFO  interfaces.ContainerDeletionChoosingPolicyTemplate (ContainerDeletionChoosingPolicyTemplate.java:chooseContainerForBlockDeletion(83)) - Chosen 0/5000 blocks from 0 candidate containers.
2023-04-15 16:33:03,916 [FixedThreadPoolWithAffinityExecutor-0-0] WARN  container.ContainerReportHandler (AbstractContainerReportHandler.java:updateContainerState(259)) - Container #1 is in OPEN state, but the datanode 30c0a845-a217-4f15-8bab-f33012bc7910(fv-az202-370.ngw3kpfb2bguzbtcwuqjmbcvef.gx.internal.cloudapp.net/10.1.0.27) reports an CLOSED replica.
2023-04-15 16:33:04,000 [BlockDeletingService#0] INFO  interfaces.ContainerDeletionChoosingPolicyTemplate (ContainerDeletionChoosingPolicyTemplate.java:chooseContainerForBlockDeletion(83)) - Chosen 0/5000 blocks from 0 candidate containers.
2023-04-15 16:33:04,000 [BlockDeletingService#1] INFO  interfaces.ContainerDeletionChoosingPolicyTemplate (ContainerDeletionChoosingPolicyTemplate.java:chooseContainerForBlockDeletion(83)) - Chosen 0/5000 blocks from 0 candidate containers.
2023-04-15 16:33:04,049 [FixedThreadPoolWithAffinityExecutor-1-0] WARN  container.ContainerReportHandler (AbstractContainerReportHandler.java:updateContainerState(259)) - Container #1 is in OPEN state, but the datanode 0dee40cf-0d5a-47f0-9c10-89273726be1d(fv-az202-370.ngw3kpfb2bguzbtcwuqjmbcvef.gx.internal.cloudapp.net/10.1.0.27) reports an CLOSED replica.
2023-04-15 16:33:04,100 [BlockDeletingService#0] INFO  interfaces.ContainerDeletionChoosingPolicyTemplate (ContainerDeletionChoosingPolicyTemplate.java:chooseContainerForBlockDeletion(83)) - Chosen 0/5000 blocks from 0 candidate containers.
2023-04-15 16:33:04,100 [BlockDeletingService#1] INFO  interfaces.ContainerDeletionChoosingPolicyTemplate (ContainerDeletionChoosingPolicyTemplate.java:chooseContainerForBlockDeletion(83)) - Chosen 0/5000 blocks from 0 candidate containers.
2023-04-15 16:33:04,116 [FixedThreadPoolWithAffinityExecutor-0-0] WARN  container.ContainerReportHandler (AbstractContainerReportHandler.java:updateContainerState(259)) - Container #1 is in OPEN state, but the datanode 30c0a845-a217-4f15-8bab-f33012bc7910(fv-az202-370.ngw3kpfb2bguzbtcwuqjmbcvef.gx.internal.cloudapp.net/10.1.0.27) reports an CLOSED replica.
2023-04-15 16:33:04,200 [BlockDeletingService#0] INFO  interfaces.ContainerDeletionChoosingPolicyTemplate (ContainerDeletionChoosingPolicyTemplate.java:chooseContainerForBlockDeletion(83)) - Chosen 0/5000 blocks from 0 candidate containers.
2023-04-15 16:33:04,200 [BlockDeletingService#1] INFO  interfaces.ContainerDeletionChoosingPolicyTemplate (ContainerDeletionChoosingPolicyTemplate.java:chooseContainerForBlockDeletion(83)) - Chosen 0/5000 blocks from 0 candidate containers.
2023-04-15 16:33:04,300 [BlockDeletingService#0] INFO  interfaces.ContainerDeletionChoosingPolicyTemplate (ContainerDeletionChoosingPolicyTemplate.java:chooseContainerForBlockDeletion(83)) - Chosen 0/5000 blocks from 0 candidate containers.
2023-04-15 16:33:04,300 [BlockDeletingService#1] INFO  interfaces.ContainerDeletionChoosingPolicyTemplate (ContainerDeletionChoosingPolicyTemplate.java:chooseContainerForBlockDeletion(83)) - Chosen 0/5000 blocks from 0 candidate containers.
2023-04-15 16:33:04,349 [FixedThreadPoolWithAffinityExecutor-1-0] WARN  container.ContainerReportHandler (AbstractContainerReportHandler.java:updateContainerState(259)) - Container #1 is in OPEN state, but the datanode 0dee40cf-0d5a-47f0-9c10-89273726be1d(fv-az202-370.ngw3kpfb2bguzbtcwuqjmbcvef.gx.internal.cloudapp.net/10.1.0.27) reports an CLOSED replica.
2023-04-15 16:33:04,401 [BlockDeletingService#0] INFO  interfaces.ContainerDeletionChoosingPolicyTemplate (ContainerDeletionChoosingPolicyTemplate.java:chooseContainerForBlockDeletion(83)) - Chosen 0/5000 blocks from 0 candidate containers.
2023-04-15 16:33:04,401 [BlockDeletingService#1] INFO  interfaces.ContainerDeletionChoosingPolicyTemplate (ContainerDeletionChoosingPolicyTemplate.java:chooseContainerForBlockDeletion(83)) - Chosen 0/5000 blocks from 0 candidate containers.
2023-04-15 16:33:04,416 [FixedThreadPoolWithAffinityExecutor-0-0] WARN  container.ContainerReportHandler (AbstractContainerReportHandler.java:updateContainerState(259)) - Container #1 is in OPEN state, but the datanode 30c0a845-a217-4f15-8bab-f33012bc7910(fv-az202-370.ngw3kpfb2bguzbtcwuqjmbcvef.gx.internal.cloudapp.net/10.1.0.27) reports an CLOSED replica.
2023-04-15 16:33:04,501 [BlockDeletingService#0] INFO  interfaces.ContainerDeletionChoosingPolicyTemplate (ContainerDeletionChoosingPolicyTemplate.java:chooseContainerForBlockDeletion(83)) - Chosen 0/5000 blocks from 0 candidate containers.
2023-04-15 16:33:04,501 [BlockDeletingService#1] INFO  interfaces.ContainerDeletionChoosingPolicyTemplate (ContainerDeletionChoosingPolicyTemplate.java:chooseContainerForBlockDeletion(83)) - Chosen 0/5000 blocks from 0 candidate containers.
2023-04-15 16:33:04,601 [BlockDeletingService#0] INFO  interfaces.ContainerDeletionChoosingPolicyTemplate (ContainerDeletionChoosingPolicyTemplate.java:chooseContainerForBlockDeletion(83)) - Chosen 0/5000 blocks from 0 candidate containers.
2023-04-15 16:33:04,601 [BlockDeletingService#1] INFO  interfaces.ContainerDeletionChoosingPolicyTemplate (ContainerDeletionChoosingPolicyTemplate.java:chooseContainerForBlockDeletion(83)) - Chosen 0/5000 blocks from 0 candidate containers.
2023-04-15 16:33:04,616 [FixedThreadPoolWithAffinityExecutor-0-0] WARN  container.ContainerReportHandler (AbstractContainerReportHandler.java:updateContainerState(259)) - Container #1 is in OPEN state, but the datanode 30c0a845-a217-4f15-8bab-f33012bc7910(fv-az202-370.ngw3kpfb2bguzbtcwuqjmbcvef.gx.internal.cloudapp.net/10.1.0.27) reports an CLOSED replica.
2023-04-15 16:33:04,649 [FixedThreadPoolWithAffinityExecutor-1-0] WARN  container.ContainerReportHandler (AbstractContainerReportHandler.java:updateContainerState(259)) - Container #1 is in OPEN state, but the datanode 0dee40cf-0d5a-47f0-9c10-89273726be1d(fv-az202-370.ngw3kpfb2bguzbtcwuqjmbcvef.gx.internal.cloudapp.net/10.1.0.27) reports an CLOSED replica.
2023-04-15 16:33:04,701 [BlockDeletingService#0] INFO  interfaces.ContainerDeletionChoosingPolicyTemplate (ContainerDeletionChoosingPolicyTemplate.java:chooseContainerForBlockDeletion(83)) - Chosen 0/5000 blocks from 0 candidate containers.
2023-04-15 16:33:04,701 [BlockDeletingService#1] INFO  interfaces.ContainerDeletionChoosingPolicyTemplate (ContainerDeletionChoosingPolicyTemplate.java:chooseContainerForBlockDeletion(83)) - Chosen 0/5000 blocks from 0 candidate containers.
2023-04-15 16:33:04,801 [BlockDeletingService#0] INFO  interfaces.ContainerDeletionChoosingPolicyTemplate (ContainerDeletionChoosingPolicyTemplate.java:chooseContainerForBlockDeletion(83)) - Chosen 0/5000 blocks from 0 candidate containers.
2023-04-15 16:33:04,802 [BlockDeletingService#1] INFO  interfaces.ContainerDeletionChoosingPolicyTemplate (ContainerDeletionChoosingPolicyTemplate.java:chooseContainerForBlockDeletion(83)) - Chosen 0/5000 blocks from 0 candidate containers.
2023-04-15 16:33:04,902 [BlockDeletingService#0] INFO  interfaces.ContainerDeletionChoosingPolicyTemplate (ContainerDeletionChoosingPolicyTemplate.java:chooseContainerForBlockDeletion(83)) - Chosen 0/5000 blocks from 0 candidate containers.
2023-04-15 16:33:04,902 [BlockDeletingService#1] INFO  interfaces.ContainerDeletionChoosingPolicyTemplate (ContainerDeletionChoosingPolicyTemplate.java:chooseContainerForBlockDeletion(83)) - Chosen 0/5000 blocks from 0 candidate containers.
2023-04-15 16:33:04,916 [FixedThreadPoolWithAffinityExecutor-0-0] WARN  container.ContainerReportHandler (AbstractContainerReportHandler.java:updateContainerState(259)) - Container #1 is in OPEN state, but the datanode 30c0a845-a217-4f15-8bab-f33012bc7910(fv-az202-370.ngw3kpfb2bguzbtcwuqjmbcvef.gx.internal.cloudapp.net/10.1.0.27) reports an CLOSED replica.
2023-04-15 16:33:04,949 [FixedThreadPoolWithAffinityExecutor-1-0] WARN  container.ContainerReportHandler (AbstractContainerReportHandler.java:updateContainerState(259)) - Container #1 is in OPEN state, but the datanode 0dee40cf-0d5a-47f0-9c10-89273726be1d(fv-az202-370.ngw3kpfb2bguzbtcwuqjmbcvef.gx.internal.cloudapp.net/10.1.0.27) reports an CLOSED replica.
2023-04-15 16:33:05,002 [BlockDeletingService#0] INFO  interfaces.ContainerDeletionChoosingPolicyTemplate (ContainerDeletionChoosingPolicyTemplate.java:chooseContainerForBlockDeletion(83)) - Chosen 0/5000 blocks from 0 candidate containers.
2023-04-15 16:33:05,002 [BlockDeletingService#1] INFO  interfaces.ContainerDeletionChoosingPolicyTemplate (ContainerDeletionChoosingPolicyTemplate.java:chooseContainerForBlockDeletion(83)) - Chosen 0/5000 blocks from 0 candidate containers.
2023-04-15 16:33:05,102 [BlockDeletingService#0] INFO  interfaces.ContainerDeletionChoosingPolicyTemplate (ContainerDeletionChoosingPolicyTemplate.java:chooseContainerForBlockDeletion(83)) - Chosen 0/5000 blocks from 0 candidate containers.
2023-04-15 16:33:05,102 [BlockDeletingService#1] INFO  interfaces.ContainerDeletionChoosingPolicyTemplate (ContainerDeletionChoosingPolicyTemplate.java:chooseContainerForBlockDeletion(83)) - Chosen 0/5000 blocks from 0 candidate containers.
2023-04-15 16:33:05,138 [grpc-default-executor-3] WARN  server.GrpcLogAppender (LogUtils.java:warn(122)) - 30c0a845-a217-4f15-8bab-f33012bc7910@group-F40867945940->f16a70e5-fe04-4d06-9179-25c3ad8a94bb-AppendLogResponseHandler: Failed appendEntries: org.apache.ratis.thirdparty.io.grpc.StatusRuntimeException: UNAVAILABLE: io exception
2023-04-15 16:33:05,138 [grpc-default-executor-5] WARN  server.GrpcLogAppender (LogUtils.java:warn(122)) - 30c0a845-a217-4f15-8bab-f33012bc7910@group-F40867945940->f16a70e5-fe04-4d06-9179-25c3ad8a94bb-AppendLogResponseHandler: Failed appendEntries: org.apache.ratis.thirdparty.io.grpc.StatusRuntimeException: UNAVAILABLE: io exception
2023-04-15 16:33:05,139 [grpc-default-executor-3] WARN  server.GrpcLogAppender (GrpcLogAppender.java:resetClient(131)) - 30c0a845-a217-4f15-8bab-f33012bc7910@group-F40867945940->f16a70e5-fe04-4d06-9179-25c3ad8a94bb-GrpcLogAppender: Leader has not got in touch with Follower 30c0a845-a217-4f15-8bab-f33012bc7910@group-F40867945940->f16a70e5-fe04-4d06-9179-25c3ad8a94bb(c-1,m0,n7, attendVote=true, lastRpcSendTime=0, lastRpcResponseTime=73341) yet, just keep nextIndex unchanged and retry.
2023-04-15 16:33:05,139 [grpc-default-executor-5] WARN  server.GrpcLogAppender (GrpcLogAppender.java:resetClient(131)) - 30c0a845-a217-4f15-8bab-f33012bc7910@group-F40867945940->f16a70e5-fe04-4d06-9179-25c3ad8a94bb-GrpcLogAppender: Leader has not got in touch with Follower 30c0a845-a217-4f15-8bab-f33012bc7910@group-F40867945940->f16a70e5-fe04-4d06-9179-25c3ad8a94bb(c-1,m0,n7, attendVote=true, lastRpcSendTime=1, lastRpcResponseTime=73341) yet, just keep nextIndex unchanged and retry.
2023-04-15 16:33:05,149 [FixedThreadPoolWithAffinityExecutor-1-0] WARN  container.ContainerReportHandler (AbstractContainerReportHandler.java:updateContainerState(259)) - Container #1 is in OPEN state, but the datanode 0dee40cf-0d5a-47f0-9c10-89273726be1d(fv-az202-370.ngw3kpfb2bguzbtcwuqjmbcvef.gx.internal.cloudapp.net/10.1.0.27) reports an CLOSED replica.
2023-04-15 16:33:05,202 [BlockDeletingService#0] INFO  interfaces.ContainerDeletionChoosingPolicyTemplate (ContainerDeletionChoosingPolicyTemplate.java:chooseContainerForBlockDeletion(83)) - Chosen 0/5000 blocks from 0 candidate containers.
2023-04-15 16:33:05,203 [BlockDeletingService#1] INFO  interfaces.ContainerDeletionChoosingPolicyTemplate (ContainerDeletionChoosingPolicyTemplate.java:chooseContainerForBlockDeletion(83)) - Chosen 0/5000 blocks from 0 candidate containers.
2023-04-15 16:33:05,216 [FixedThreadPoolWithAffinityExecutor-0-0] WARN  container.ContainerReportHandler (AbstractContainerReportHandler.java:updateContainerState(259)) - Container #1 is in OPEN state, but the datanode 30c0a845-a217-4f15-8bab-f33012bc7910(fv-az202-370.ngw3kpfb2bguzbtcwuqjmbcvef.gx.internal.cloudapp.net/10.1.0.27) reports an CLOSED replica.
2023-04-15 16:33:05,303 [BlockDeletingService#0] INFO  interfaces.ContainerDeletionChoosingPolicyTemplate (ContainerDeletionChoosingPolicyTemplate.java:chooseContainerForBlockDeletion(83)) - Chosen 0/5000 blocks from 0 candidate containers.
2023-04-15 16:33:05,303 [BlockDeletingService#1] INFO  interfaces.ContainerDeletionChoosingPolicyTemplate (ContainerDeletionChoosingPolicyTemplate.java:chooseContainerForBlockDeletion(83)) - Chosen 0/5000 blocks from 0 candidate containers.
2023-04-15 16:33:05,403 [BlockDeletingService#0] INFO  interfaces.ContainerDeletionChoosingPolicyTemplate (ContainerDeletionChoosingPolicyTemplate.java:chooseContainerForBlockDeletion(83)) - Chosen 0/5000 blocks from 0 candidate containers.
2023-04-15 16:33:05,403 [BlockDeletingService#1] INFO  interfaces.ContainerDeletionChoosingPolicyTemplate (ContainerDeletionChoosingPolicyTemplate.java:chooseContainerForBlockDeletion(83)) - Chosen 0/5000 blocks from 0 candidate containers.
2023-04-15 16:33:05,416 [FixedThreadPoolWithAffinityExecutor-0-0] WARN  container.ContainerReportHandler (AbstractContainerReportHandler.java:updateContainerState(259)) - Container #1 is in OPEN state, but the datanode 30c0a845-a217-4f15-8bab-f33012bc7910(fv-az202-370.ngw3kpfb2bguzbtcwuqjmbcvef.gx.internal.cloudapp.net/10.1.0.27) reports an CLOSED replica.
2023-04-15 16:33:05,450 [FixedThreadPoolWithAffinityExecutor-1-0] WARN  container.ContainerReportHandler (AbstractContainerReportHandler.java:updateContainerState(259)) - Container #1 is in OPEN state, but the datanode 0dee40cf-0d5a-47f0-9c10-89273726be1d(fv-az202-370.ngw3kpfb2bguzbtcwuqjmbcvef.gx.internal.cloudapp.net/10.1.0.27) reports an CLOSED replica.
2023-04-15 16:33:05,503 [BlockDeletingService#0] INFO  interfaces.ContainerDeletionChoosingPolicyTemplate (ContainerDeletionChoosingPolicyTemplate.java:chooseContainerForBlockDeletion(83)) - Chosen 0/5000 blocks from 0 candidate containers.
2023-04-15 16:33:05,503 [BlockDeletingService#1] INFO  interfaces.ContainerDeletionChoosingPolicyTemplate (ContainerDeletionChoosingPolicyTemplate.java:chooseContainerForBlockDeletion(83)) - Chosen 0/5000 blocks from 0 candidate containers.
2023-04-15 16:33:05,603 [BlockDeletingService#0] INFO  interfaces.ContainerDeletionChoosingPolicyTemplate (ContainerDeletionChoosingPolicyTemplate.java:chooseContainerForBlockDeletion(83)) - Chosen 0/5000 blocks from 0 candidate containers.
2023-04-15 16:33:05,603 [BlockDeletingService#1] INFO  interfaces.ContainerDeletionChoosingPolicyTemplate (ContainerDeletionChoosingPolicyTemplate.java:chooseContainerForBlockDeletion(83)) - Chosen 0/5000 blocks from 0 candidate containers.
2023-04-15 16:33:05,703 [BlockDeletingService#9] INFO  interfaces.ContainerDeletionChoosingPolicyTemplate (ContainerDeletionChoosingPolicyTemplate.java:chooseContainerForBlockDeletion(83)) - Chosen 0/5000 blocks from 0 candidate containers.
2023-04-15 16:33:05,704 [BlockDeletingService#1] INFO  interfaces.ContainerDeletionChoosingPolicyTemplate (ContainerDeletionChoosingPolicyTemplate.java:chooseContainerForBlockDeletion(83)) - Chosen 0/5000 blocks from 0 candidate containers.
2023-04-15 16:33:05,716 [FixedThreadPoolWithAffinityExecutor-0-0] WARN  container.ContainerReportHandler (AbstractContainerReportHandler.java:updateContainerState(259)) - Container #1 is in OPEN state, but the datanode 30c0a845-a217-4f15-8bab-f33012bc7910(fv-az202-370.ngw3kpfb2bguzbtcwuqjmbcvef.gx.internal.cloudapp.net/10.1.0.27) reports an CLOSED replica.
2023-04-15 16:33:05,749 [FixedThreadPoolWithAffinityExecutor-1-0] WARN  container.ContainerReportHandler (AbstractContainerReportHandler.java:updateContainerState(259)) - Container #1 is in OPEN state, but the datanode 0dee40cf-0d5a-47f0-9c10-89273726be1d(fv-az202-370.ngw3kpfb2bguzbtcwuqjmbcvef.gx.internal.cloudapp.net/10.1.0.27) reports an CLOSED replica.
2023-04-15 16:33:05,804 [BlockDeletingService#9] INFO  interfaces.ContainerDeletionChoosingPolicyTemplate (ContainerDeletionChoosingPolicyTemplate.java:chooseContainerForBlockDeletion(83)) - Chosen 0/5000 blocks from 0 candidate containers.
2023-04-15 16:33:05,804 [BlockDeletingService#1] INFO  interfaces.ContainerDeletionChoosingPolicyTemplate (ContainerDeletionChoosingPolicyTemplate.java:chooseContainerForBlockDeletion(83)) - Chosen 0/5000 blocks from 0 candidate containers.
2023-04-15 16:33:05,904 [BlockDeletingService#9] INFO  interfaces.ContainerDeletionChoosingPolicyTemplate (ContainerDeletionChoosingPolicyTemplate.java:chooseContainerForBlockDeletion(83)) - Chosen 0/5000 blocks from 0 candidate containers.
2023-04-15 16:33:05,904 [BlockDeletingService#1] INFO  interfaces.ContainerDeletionChoosingPolicyTemplate (ContainerDeletionChoosingPolicyTemplate.java:chooseContainerForBlockDeletion(83)) - Chosen 0/5000 blocks from 0 candidate containers.
2023-04-15 16:33:05,916 [FixedThreadPoolWithAffinityExecutor-0-0] WARN  container.ContainerReportHandler (AbstractContainerReportHandler.java:updateContainerState(259)) - Container #1 is in OPEN state, but the datanode 30c0a845-a217-4f15-8bab-f33012bc7910(fv-az202-370.ngw3kpfb2bguzbtcwuqjmbcvef.gx.internal.cloudapp.net/10.1.0.27) reports an CLOSED replica.
2023-04-15 16:33:06,004 [BlockDeletingService#9] INFO  interfaces.ContainerDeletionChoosingPolicyTemplate (ContainerDeletionChoosingPolicyTemplate.java:chooseContainerForBlockDeletion(83)) - Chosen 0/5000 blocks from 0 candidate containers.
2023-04-15 16:33:06,004 [BlockDeletingService#1] INFO  interfaces.ContainerDeletionChoosingPolicyTemplate (ContainerDeletionChoosingPolicyTemplate.java:chooseContainerForBlockDeletion(83)) - Chosen 0/5000 blocks from 0 candidate containers.
2023-04-15 16:33:06,050 [FixedThreadPoolWithAffinityExecutor-1-0] WARN  container.ContainerReportHandler (AbstractContainerReportHandler.java:updateContainerState(259)) - Container #1 is in OPEN state, but the datanode 0dee40cf-0d5a-47f0-9c10-89273726be1d(fv-az202-370.ngw3kpfb2bguzbtcwuqjmbcvef.gx.internal.cloudapp.net/10.1.0.27) reports an CLOSED replica.
2023-04-15 16:33:06,104 [BlockDeletingService#9] INFO  interfaces.ContainerDeletionChoosingPolicyTemplate (ContainerDeletionChoosingPolicyTemplate.java:chooseContainerForBlockDeletion(83)) - Chosen 0/5000 blocks from 0 candidate containers.
2023-04-15 16:33:06,104 [BlockDeletingService#1] INFO  interfaces.ContainerDeletionChoosingPolicyTemplate (ContainerDeletionChoosingPolicyTemplate.java:chooseContainerForBlockDeletion(83)) - Chosen 0/5000 blocks from 0 candidate containers.
2023-04-15 16:33:06,204 [BlockDeletingService#9] INFO  interfaces.ContainerDeletionChoosingPolicyTemplate (ContainerDeletionChoosingPolicyTemplate.java:chooseContainerForBlockDeletion(83)) - Chosen 0/5000 blocks from 0 candidate containers.
2023-04-15 16:33:06,205 [BlockDeletingService#1] INFO  interfaces.ContainerDeletionChoosingPolicyTemplate (ContainerDeletionChoosingPolicyTemplate.java:chooseContainerForBlockDeletion(83)) - Chosen 0/5000 blocks from 0 candidate containers.
2023-04-15 16:33:06,216 [FixedThreadPoolWithAffinityExecutor-0-0] WARN  container.ContainerReportHandler (AbstractContainerReportHandler.java:updateContainerState(259)) - Container #1 is in OPEN state, but the datanode 30c0a845-a217-4f15-8bab-f33012bc7910(fv-az202-370.ngw3kpfb2bguzbtcwuqjmbcvef.gx.internal.cloudapp.net/10.1.0.27) reports an CLOSED replica.
2023-04-15 16:33:06,250 [FixedThreadPoolWithAffinityExecutor-1-0] WARN  container.ContainerReportHandler (AbstractContainerReportHandler.java:updateContainerState(259)) - Container #1 is in OPEN state, but the datanode 0dee40cf-0d5a-47f0-9c10-89273726be1d(fv-az202-370.ngw3kpfb2bguzbtcwuqjmbcvef.gx.internal.cloudapp.net/10.1.0.27) reports an CLOSED replica.
2023-04-15 16:33:06,305 [BlockDeletingService#9] INFO  interfaces.ContainerDeletionChoosingPolicyTemplate (ContainerDeletionChoosingPolicyTemplate.java:chooseContainerForBlockDeletion(83)) - Chosen 0/5000 blocks from 0 candidate containers.
2023-04-15 16:33:06,305 [BlockDeletingService#1] INFO  interfaces.ContainerDeletionChoosingPolicyTemplate (ContainerDeletionChoosingPolicyTemplate.java:chooseContainerForBlockDeletion(83)) - Chosen 0/5000 blocks from 0 candidate containers.
2023-04-15 16:33:06,388 [grpc-default-executor-5] WARN  server.GrpcLogAppender (LogUtils.java:warn(122)) - 30c0a845-a217-4f15-8bab-f33012bc7910@group-F40867945940->f16a70e5-fe04-4d06-9179-25c3ad8a94bb-AppendLogResponseHandler: Failed appendEntries: org.apache.ratis.thirdparty.io.grpc.StatusRuntimeException: UNAVAILABLE: io exception
2023-04-15 16:33:06,389 [grpc-default-executor-5] WARN  server.GrpcLogAppender (GrpcLogAppender.java:resetClient(131)) - 30c0a845-a217-4f15-8bab-f33012bc7910@group-F40867945940->f16a70e5-fe04-4d06-9179-25c3ad8a94bb-GrpcLogAppender: Leader has not got in touch with Follower 30c0a845-a217-4f15-8bab-f33012bc7910@group-F40867945940->f16a70e5-fe04-4d06-9179-25c3ad8a94bb(c-1,m0,n7, attendVote=true, lastRpcSendTime=0, lastRpcResponseTime=74591) yet, just keep nextIndex unchanged and retry.
2023-04-15 16:33:06,389 [grpc-default-executor-3] WARN  server.GrpcLogAppender (LogUtils.java:warn(122)) - 30c0a845-a217-4f15-8bab-f33012bc7910@group-F40867945940->f16a70e5-fe04-4d06-9179-25c3ad8a94bb-AppendLogResponseHandler: Failed appendEntries: org.apache.ratis.thirdparty.io.grpc.StatusRuntimeException: UNAVAILABLE: io exception
2023-04-15 16:33:06,389 [grpc-default-executor-3] WARN  server.GrpcLogAppender (GrpcLogAppender.java:resetClient(131)) - 30c0a845-a217-4f15-8bab-f33012bc7910@group-F40867945940->f16a70e5-fe04-4d06-9179-25c3ad8a94bb-GrpcLogAppender: Leader has not got in touch with Follower 30c0a845-a217-4f15-8bab-f33012bc7910@group-F40867945940->f16a70e5-fe04-4d06-9179-25c3ad8a94bb(c-1,m0,n7, attendVote=true, lastRpcSendTime=1, lastRpcResponseTime=74591) yet, just keep nextIndex unchanged and retry.
2023-04-15 16:33:06,405 [BlockDeletingService#9] INFO  interfaces.ContainerDeletionChoosingPolicyTemplate (ContainerDeletionChoosingPolicyTemplate.java:chooseContainerForBlockDeletion(83)) - Chosen 0/5000 blocks from 0 candidate containers.
2023-04-15 16:33:06,405 [BlockDeletingService#1] INFO  interfaces.ContainerDeletionChoosingPolicyTemplate (ContainerDeletionChoosingPolicyTemplate.java:chooseContainerForBlockDeletion(83)) - Chosen 0/5000 blocks from 0 candidate containers.
2023-04-15 16:33:06,416 [FixedThreadPoolWithAffinityExecutor-0-0] WARN  container.ContainerReportHandler (AbstractContainerReportHandler.java:updateContainerState(259)) - Container #1 is in OPEN state, but the datanode 30c0a845-a217-4f15-8bab-f33012bc7910(fv-az202-370.ngw3kpfb2bguzbtcwuqjmbcvef.gx.internal.cloudapp.net/10.1.0.27) reports an CLOSED replica.
2023-04-15 16:33:06,505 [BlockDeletingService#9] INFO  interfaces.ContainerDeletionChoosingPolicyTemplate (ContainerDeletionChoosingPolicyTemplate.java:chooseContainerForBlockDeletion(83)) - Chosen 0/5000 blocks from 0 candidate containers.
2023-04-15 16:33:06,505 [BlockDeletingService#1] INFO  interfaces.ContainerDeletionChoosingPolicyTemplate (ContainerDeletionChoosingPolicyTemplate.java:chooseContainerForBlockDeletion(83)) - Chosen 0/5000 blocks from 0 candidate containers.
2023-04-15 16:33:06,550 [FixedThreadPoolWithAffinityExecutor-1-0] WARN  container.ContainerReportHandler (AbstractContainerReportHandler.java:updateContainerState(259)) - Container #1 is in OPEN state, but the datanode 0dee40cf-0d5a-47f0-9c10-89273726be1d(fv-az202-370.ngw3kpfb2bguzbtcwuqjmbcvef.gx.internal.cloudapp.net/10.1.0.27) reports an CLOSED replica.
2023-04-15 16:33:06,605 [BlockDeletingService#9] INFO  interfaces.ContainerDeletionChoosingPolicyTemplate (ContainerDeletionChoosingPolicyTemplate.java:chooseContainerForBlockDeletion(83)) - Chosen 0/5000 blocks from 0 candidate containers.
2023-04-15 16:33:06,605 [BlockDeletingService#1] INFO  interfaces.ContainerDeletionChoosingPolicyTemplate (ContainerDeletionChoosingPolicyTemplate.java:chooseContainerForBlockDeletion(83)) - Chosen 0/5000 blocks from 0 candidate containers.
2023-04-15 16:33:06,705 [BlockDeletingService#9] INFO  interfaces.ContainerDeletionChoosingPolicyTemplate (ContainerDeletionChoosingPolicyTemplate.java:chooseContainerForBlockDeletion(83)) - Chosen 0/5000 blocks from 0 candidate containers.
2023-04-15 16:33:06,705 [BlockDeletingService#1] INFO  interfaces.ContainerDeletionChoosingPolicyTemplate (ContainerDeletionChoosingPolicyTemplate.java:chooseContainerForBlockDeletion(83)) - Chosen 0/5000 blocks from 0 candidate containers.
2023-04-15 16:33:06,715 [FixedThreadPoolWithAffinityExecutor-0-0] WARN  container.ContainerReportHandler (AbstractContainerReportHandler.java:updateContainerState(259)) - Container #1 is in OPEN state, but the datanode 30c0a845-a217-4f15-8bab-f33012bc7910(fv-az202-370.ngw3kpfb2bguzbtcwuqjmbcvef.gx.internal.cloudapp.net/10.1.0.27) reports an CLOSED replica.
2023-04-15 16:33:06,806 [BlockDeletingService#9] INFO  interfaces.ContainerDeletionChoosingPolicyTemplate (ContainerDeletionChoosingPolicyTemplate.java:chooseContainerForBlockDeletion(83)) - Chosen 0/5000 blocks from 0 candidate containers.
2023-04-15 16:33:06,806 [BlockDeletingService#1] INFO  interfaces.ContainerDeletionChoosingPolicyTemplate (ContainerDeletionChoosingPolicyTemplate.java:chooseContainerForBlockDeletion(83)) - Chosen 0/5000 blocks from 0 candidate containers.
2023-04-15 16:33:06,850 [FixedThreadPoolWithAffinityExecutor-1-0] WARN  container.ContainerReportHandler (AbstractContainerReportHandler.java:updateContainerState(259)) - Container #1 is in OPEN state, but the datanode 0dee40cf-0d5a-47f0-9c10-89273726be1d(fv-az202-370.ngw3kpfb2bguzbtcwuqjmbcvef.gx.internal.cloudapp.net/10.1.0.27) reports an CLOSED replica.
2023-04-15 16:33:06,906 [BlockDeletingService#9] INFO  interfaces.ContainerDeletionChoosingPolicyTemplate (ContainerDeletionChoosingPolicyTemplate.java:chooseContainerForBlockDeletion(83)) - Chosen 0/5000 blocks from 0 candidate containers.
2023-04-15 16:33:06,906 [BlockDeletingService#1] INFO  interfaces.ContainerDeletionChoosingPolicyTemplate (ContainerDeletionChoosingPolicyTemplate.java:chooseContainerForBlockDeletion(83)) - Chosen 0/5000 blocks from 0 candidate containers.
2023-04-15 16:33:06,918 [FixedThreadPoolWithAffinityExecutor-0-0] WARN  container.ContainerReportHandler (AbstractContainerReportHandler.java:updateContainerState(259)) - Container #1 is in OPEN state, but the datanode 30c0a845-a217-4f15-8bab-f33012bc7910(fv-az202-370.ngw3kpfb2bguzbtcwuqjmbcvef.gx.internal.cloudapp.net/10.1.0.27) reports an CLOSED replica.
2023-04-15 16:33:07,006 [BlockDeletingService#9] INFO  interfaces.ContainerDeletionChoosingPolicyTemplate (ContainerDeletionChoosingPolicyTemplate.java:chooseContainerForBlockDeletion(83)) - Chosen 0/5000 blocks from 0 candidate containers.
2023-04-15 16:33:07,006 [BlockDeletingService#1] INFO  interfaces.ContainerDeletionChoosingPolicyTemplate (ContainerDeletionChoosingPolicyTemplate.java:chooseContainerForBlockDeletion(83)) - Chosen 0/5000 blocks from 0 candidate containers.
2023-04-15 16:33:07,106 [BlockDeletingService#9] INFO  interfaces.ContainerDeletionChoosingPolicyTemplate (ContainerDeletionChoosingPolicyTemplate.java:chooseContainerForBlockDeletion(83)) - Chosen 0/5000 blocks from 0 candidate containers.
2023-04-15 16:33:07,106 [BlockDeletingService#1] INFO  interfaces.ContainerDeletionChoosingPolicyTemplate (ContainerDeletionChoosingPolicyTemplate.java:chooseContainerForBlockDeletion(83)) - Chosen 0/5000 blocks from 0 candidate containers.
2023-04-15 16:33:07,151 [FixedThreadPoolWithAffinityExecutor-1-0] WARN  container.ContainerReportHandler (AbstractContainerReportHandler.java:updateContainerState(259)) - Container #1 is in OPEN state, but the datanode 0dee40cf-0d5a-47f0-9c10-89273726be1d(fv-az202-370.ngw3kpfb2bguzbtcwuqjmbcvef.gx.internal.cloudapp.net/10.1.0.27) reports an CLOSED replica.
2023-04-15 16:33:07,206 [BlockDeletingService#9] INFO  interfaces.ContainerDeletionChoosingPolicyTemplate (ContainerDeletionChoosingPolicyTemplate.java:chooseContainerForBlockDeletion(83)) - Chosen 0/5000 blocks from 0 candidate containers.
2023-04-15 16:33:07,206 [BlockDeletingService#1] INFO  interfaces.ContainerDeletionChoosingPolicyTemplate (ContainerDeletionChoosingPolicyTemplate.java:chooseContainerForBlockDeletion(83)) - Chosen 0/5000 blocks from 0 candidate containers.
2023-04-15 16:33:07,218 [FixedThreadPoolWithAffinityExecutor-0-0] WARN  container.ContainerReportHandler (AbstractContainerReportHandler.java:updateContainerState(259)) - Container #1 is in OPEN state, but the datanode 30c0a845-a217-4f15-8bab-f33012bc7910(fv-az202-370.ngw3kpfb2bguzbtcwuqjmbcvef.gx.internal.cloudapp.net/10.1.0.27) reports an CLOSED replica.
2023-04-15 16:33:07,306 [BlockDeletingService#9] INFO  interfaces.ContainerDeletionChoosingPolicyTemplate (ContainerDeletionChoosingPolicyTemplate.java:chooseContainerForBlockDeletion(83)) - Chosen 0/5000 blocks from 0 candidate containers.
2023-04-15 16:33:07,307 [BlockDeletingService#1] INFO  interfaces.ContainerDeletionChoosingPolicyTemplate (ContainerDeletionChoosingPolicyTemplate.java:chooseContainerForBlockDeletion(83)) - Chosen 0/5000 blocks from 0 candidate containers.
2023-04-15 16:33:07,351 [FixedThreadPoolWithAffinityExecutor-1-0] WARN  container.ContainerReportHandler (AbstractContainerReportHandler.java:updateContainerState(259)) - Container #1 is in OPEN state, but the datanode 0dee40cf-0d5a-47f0-9c10-89273726be1d(fv-az202-370.ngw3kpfb2bguzbtcwuqjmbcvef.gx.internal.cloudapp.net/10.1.0.27) reports an CLOSED replica.
2023-04-15 16:33:07,407 [BlockDeletingService#9] INFO  interfaces.ContainerDeletionChoosingPolicyTemplate (ContainerDeletionChoosingPolicyTemplate.java:chooseContainerForBlockDeletion(83)) - Chosen 0/5000 blocks from 0 candidate containers.
2023-04-15 16:33:07,407 [BlockDeletingService#1] INFO  interfaces.ContainerDeletionChoosingPolicyTemplate (ContainerDeletionChoosingPolicyTemplate.java:chooseContainerForBlockDeletion(83)) - Chosen 0/5000 blocks from 0 candidate containers.
2023-04-15 16:33:07,507 [BlockDeletingService#9] INFO  interfaces.ContainerDeletionChoosingPolicyTemplate (ContainerDeletionChoosingPolicyTemplate.java:chooseContainerForBlockDeletion(83)) - Chosen 0/5000 blocks from 0 candidate containers.
2023-04-15 16:33:07,507 [BlockDeletingService#1] INFO  interfaces.ContainerDeletionChoosingPolicyTemplate (ContainerDeletionChoosingPolicyTemplate.java:chooseContainerForBlockDeletion(83)) - Chosen 0/5000 blocks from 0 candidate containers.
2023-04-15 16:33:07,518 [FixedThreadPoolWithAffinityExecutor-0-0] WARN  container.ContainerReportHandler (AbstractContainerReportHandler.java:updateContainerState(259)) - Container #1 is in OPEN state, but the datanode 30c0a845-a217-4f15-8bab-f33012bc7910(fv-az202-370.ngw3kpfb2bguzbtcwuqjmbcvef.gx.internal.cloudapp.net/10.1.0.27) reports an CLOSED replica.
2023-04-15 16:33:07,607 [BlockDeletingService#9] INFO  interfaces.ContainerDeletionChoosingPolicyTemplate (ContainerDeletionChoosingPolicyTemplate.java:chooseContainerForBlockDeletion(83)) - Chosen 0/5000 blocks from 0 candidate containers.
2023-04-15 16:33:07,607 [BlockDeletingService#1] INFO  interfaces.ContainerDeletionChoosingPolicyTemplate (ContainerDeletionChoosingPolicyTemplate.java:chooseContainerForBlockDeletion(83)) - Chosen 0/5000 blocks from 0 candidate containers.
2023-04-15 16:33:07,638 [grpc-default-executor-3] WARN  server.GrpcLogAppender (LogUtils.java:warn(122)) - 30c0a845-a217-4f15-8bab-f33012bc7910@group-F40867945940->f16a70e5-fe04-4d06-9179-25c3ad8a94bb-AppendLogResponseHandler: Failed appendEntries: org.apache.ratis.thirdparty.io.grpc.StatusRuntimeException: UNAVAILABLE: io exception
2023-04-15 16:33:07,638 [grpc-default-executor-5] WARN  server.GrpcLogAppender (LogUtils.java:warn(122)) - 30c0a845-a217-4f15-8bab-f33012bc7910@group-F40867945940->f16a70e5-fe04-4d06-9179-25c3ad8a94bb-AppendLogResponseHandler: Failed appendEntries: org.apache.ratis.thirdparty.io.grpc.StatusRuntimeException: UNAVAILABLE: io exception
2023-04-15 16:33:07,639 [grpc-default-executor-3] WARN  server.GrpcLogAppender (GrpcLogAppender.java:resetClient(131)) - 30c0a845-a217-4f15-8bab-f33012bc7910@group-F40867945940->f16a70e5-fe04-4d06-9179-25c3ad8a94bb-GrpcLogAppender: Leader has not got in touch with Follower 30c0a845-a217-4f15-8bab-f33012bc7910@group-F40867945940->f16a70e5-fe04-4d06-9179-25c3ad8a94bb(c-1,m0,n7, attendVote=true, lastRpcSendTime=0, lastRpcResponseTime=75841) yet, just keep nextIndex unchanged and retry.
2023-04-15 16:33:07,639 [grpc-default-executor-5] WARN  server.GrpcLogAppender (GrpcLogAppender.java:resetClient(131)) - 30c0a845-a217-4f15-8bab-f33012bc7910@group-F40867945940->f16a70e5-fe04-4d06-9179-25c3ad8a94bb-GrpcLogAppender: Leader has not got in touch with Follower 30c0a845-a217-4f15-8bab-f33012bc7910@group-F40867945940->f16a70e5-fe04-4d06-9179-25c3ad8a94bb(c-1,m0,n7, attendVote=true, lastRpcSendTime=0, lastRpcResponseTime=75841) yet, just keep nextIndex unchanged and retry.
2023-04-15 16:33:07,651 [FixedThreadPoolWithAffinityExecutor-1-0] WARN  container.ContainerReportHandler (AbstractContainerReportHandler.java:updateContainerState(259)) - Container #1 is in OPEN state, but the datanode 0dee40cf-0d5a-47f0-9c10-89273726be1d(fv-az202-370.ngw3kpfb2bguzbtcwuqjmbcvef.gx.internal.cloudapp.net/10.1.0.27) reports an CLOSED replica.
2023-04-15 16:33:07,707 [BlockDeletingService#9] INFO  interfaces.ContainerDeletionChoosingPolicyTemplate (ContainerDeletionChoosingPolicyTemplate.java:chooseContainerForBlockDeletion(83)) - Chosen 0/5000 blocks from 0 candidate containers.
2023-04-15 16:33:07,707 [BlockDeletingService#1] INFO  interfaces.ContainerDeletionChoosingPolicyTemplate (ContainerDeletionChoosingPolicyTemplate.java:chooseContainerForBlockDeletion(83)) - Chosen 0/5000 blocks from 0 candidate containers.
2023-04-15 16:33:07,718 [FixedThreadPoolWithAffinityExecutor-0-0] WARN  container.ContainerReportHandler (AbstractContainerReportHandler.java:updateContainerState(259)) - Container #1 is in OPEN state, but the datanode 30c0a845-a217-4f15-8bab-f33012bc7910(fv-az202-370.ngw3kpfb2bguzbtcwuqjmbcvef.gx.internal.cloudapp.net/10.1.0.27) reports an CLOSED replica.
2023-04-15 16:33:07,807 [BlockDeletingService#9] INFO  interfaces.ContainerDeletionChoosingPolicyTemplate (ContainerDeletionChoosingPolicyTemplate.java:chooseContainerForBlockDeletion(83)) - Chosen 0/5000 blocks from 0 candidate containers.
2023-04-15 16:33:07,807 [BlockDeletingService#1] INFO  interfaces.ContainerDeletionChoosingPolicyTemplate (ContainerDeletionChoosingPolicyTemplate.java:chooseContainerForBlockDeletion(83)) - Chosen 0/5000 blocks from 0 candidate containers.
2023-04-15 16:33:07,908 [BlockDeletingService#9] INFO  interfaces.ContainerDeletionChoosingPolicyTemplate (ContainerDeletionChoosingPolicyTemplate.java:chooseContainerForBlockDeletion(83)) - Chosen 0/5000 blocks from 0 candidate containers.
2023-04-15 16:33:07,908 [BlockDeletingService#1] INFO  interfaces.ContainerDeletionChoosingPolicyTemplate (ContainerDeletionChoosingPolicyTemplate.java:chooseContainerForBlockDeletion(83)) - Chosen 0/5000 blocks from 0 candidate containers.
2023-04-15 16:33:07,951 [FixedThreadPoolWithAffinityExecutor-1-0] WARN  container.ContainerReportHandler (AbstractContainerReportHandler.java:updateContainerState(259)) - Container #1 is in OPEN state, but the datanode 0dee40cf-0d5a-47f0-9c10-89273726be1d(fv-az202-370.ngw3kpfb2bguzbtcwuqjmbcvef.gx.internal.cloudapp.net/10.1.0.27) reports an CLOSED replica.
2023-04-15 16:33:08,008 [BlockDeletingService#9] INFO  interfaces.ContainerDeletionChoosingPolicyTemplate (ContainerDeletionChoosingPolicyTemplate.java:chooseContainerForBlockDeletion(83)) - Chosen 0/5000 blocks from 0 candidate containers.
2023-04-15 16:33:08,008 [BlockDeletingService#1] INFO  interfaces.ContainerDeletionChoosingPolicyTemplate (ContainerDeletionChoosingPolicyTemplate.java:chooseContainerForBlockDeletion(83)) - Chosen 0/5000 blocks from 0 candidate containers.
2023-04-15 16:33:08,018 [FixedThreadPoolWithAffinityExecutor-0-0] WARN  container.ContainerReportHandler (AbstractContainerReportHandler.java:updateContainerState(259)) - Container #1 is in OPEN state, but the datanode 30c0a845-a217-4f15-8bab-f33012bc7910(fv-az202-370.ngw3kpfb2bguzbtcwuqjmbcvef.gx.internal.cloudapp.net/10.1.0.27) reports an CLOSED replica.
2023-04-15 16:33:08,108 [BlockDeletingService#9] INFO  interfaces.ContainerDeletionChoosingPolicyTemplate (ContainerDeletionChoosingPolicyTemplate.java:chooseContainerForBlockDeletion(83)) - Chosen 0/5000 blocks from 0 candidate containers.
2023-04-15 16:33:08,108 [BlockDeletingService#1] INFO  interfaces.ContainerDeletionChoosingPolicyTemplate (ContainerDeletionChoosingPolicyTemplate.java:chooseContainerForBlockDeletion(83)) - Chosen 0/5000 blocks from 0 candidate containers.
2023-04-15 16:33:08,154 [FixedThreadPoolWithAffinityExecutor-1-0] WARN  container.ContainerReportHandler (AbstractContainerReportHandler.java:updateContainerState(259)) - Container #1 is in OPEN state, but the datanode 0dee40cf-0d5a-47f0-9c10-89273726be1d(fv-az202-370.ngw3kpfb2bguzbtcwuqjmbcvef.gx.internal.cloudapp.net/10.1.0.27) reports an CLOSED replica.
2023-04-15 16:33:08,208 [BlockDeletingService#9] INFO  interfaces.ContainerDeletionChoosingPolicyTemplate (ContainerDeletionChoosingPolicyTemplate.java:chooseContainerForBlockDeletion(83)) - Chosen 0/5000 blocks from 0 candidate containers.
2023-04-15 16:33:08,208 [BlockDeletingService#1] INFO  interfaces.ContainerDeletionChoosingPolicyTemplate (ContainerDeletionChoosingPolicyTemplate.java:chooseContainerForBlockDeletion(83)) - Chosen 0/5000 blocks from 0 candidate containers.
2023-04-15 16:33:08,218 [FixedThreadPoolWithAffinityExecutor-0-0] WARN  container.ContainerReportHandler (AbstractContainerReportHandler.java:updateContainerState(259)) - Container #1 is in OPEN state, but the datanode 30c0a845-a217-4f15-8bab-f33012bc7910(fv-az202-370.ngw3kpfb2bguzbtcwuqjmbcvef.gx.internal.cloudapp.net/10.1.0.27) reports an CLOSED replica.
2023-04-15 16:33:08,308 [BlockDeletingService#9] INFO  interfaces.ContainerDeletionChoosingPolicyTemplate (ContainerDeletionChoosingPolicyTemplate.java:chooseContainerForBlockDeletion(83)) - Chosen 0/5000 blocks from 0 candidate containers.
2023-04-15 16:33:08,308 [BlockDeletingService#1] INFO  interfaces.ContainerDeletionChoosingPolicyTemplate (ContainerDeletionChoosingPolicyTemplate.java:chooseContainerForBlockDeletion(83)) - Chosen 0/5000 blocks from 0 candidate containers.
2023-04-15 16:33:08,408 [BlockDeletingService#9] INFO  interfaces.ContainerDeletionChoosingPolicyTemplate (ContainerDeletionChoosingPolicyTemplate.java:chooseContainerForBlockDeletion(83)) - Chosen 0/5000 blocks from 0 candidate containers.
2023-04-15 16:33:08,409 [BlockDeletingService#1] INFO  interfaces.ContainerDeletionChoosingPolicyTemplate (ContainerDeletionChoosingPolicyTemplate.java:chooseContainerForBlockDeletion(83)) - Chosen 0/5000 blocks from 0 candidate containers.
2023-04-15 16:33:08,454 [FixedThreadPoolWithAffinityExecutor-1-0] WARN  container.ContainerReportHandler (AbstractContainerReportHandler.java:updateContainerState(259)) - Container #1 is in OPEN state, but the datanode 0dee40cf-0d5a-47f0-9c10-89273726be1d(fv-az202-370.ngw3kpfb2bguzbtcwuqjmbcvef.gx.internal.cloudapp.net/10.1.0.27) reports an CLOSED replica.
2023-04-15 16:33:08,509 [BlockDeletingService#9] INFO  interfaces.ContainerDeletionChoosingPolicyTemplate (ContainerDeletionChoosingPolicyTemplate.java:chooseContainerForBlockDeletion(83)) - Chosen 0/5000 blocks from 0 candidate containers.
2023-04-15 16:33:08,509 [BlockDeletingService#1] INFO  interfaces.ContainerDeletionChoosingPolicyTemplate (ContainerDeletionChoosingPolicyTemplate.java:chooseContainerForBlockDeletion(83)) - Chosen 0/5000 blocks from 0 candidate containers.
2023-04-15 16:33:08,524 [FixedThreadPoolWithAffinityExecutor-0-0] WARN  container.ContainerReportHandler (AbstractContainerReportHandler.java:updateContainerState(259)) - Container #1 is in OPEN state, but the datanode 30c0a845-a217-4f15-8bab-f33012bc7910(fv-az202-370.ngw3kpfb2bguzbtcwuqjmbcvef.gx.internal.cloudapp.net/10.1.0.27) reports an CLOSED replica.
2023-04-15 16:33:08,609 [BlockDeletingService#9] INFO  interfaces.ContainerDeletionChoosingPolicyTemplate (ContainerDeletionChoosingPolicyTemplate.java:chooseContainerForBlockDeletion(83)) - Chosen 0/5000 blocks from 0 candidate containers.
2023-04-15 16:33:08,609 [BlockDeletingService#1] INFO  interfaces.ContainerDeletionChoosingPolicyTemplate (ContainerDeletionChoosingPolicyTemplate.java:chooseContainerForBlockDeletion(83)) - Chosen 0/5000 blocks from 0 candidate containers.
2023-04-15 16:33:08,709 [BlockDeletingService#9] INFO  interfaces.ContainerDeletionChoosingPolicyTemplate (ContainerDeletionChoosingPolicyTemplate.java:chooseContainerForBlockDeletion(83)) - Chosen 0/5000 blocks from 0 candidate containers.
2023-04-15 16:33:08,709 [BlockDeletingService#1] INFO  interfaces.ContainerDeletionChoosingPolicyTemplate (ContainerDeletionChoosingPolicyTemplate.java:chooseContainerForBlockDeletion(83)) - Chosen 0/5000 blocks from 0 candidate containers.
2023-04-15 16:33:08,718 [FixedThreadPoolWithAffinityExecutor-0-0] WARN  container.ContainerReportHandler (AbstractContainerReportHandler.java:updateContainerState(259)) - Container #1 is in OPEN state, but the datanode 30c0a845-a217-4f15-8bab-f33012bc7910(fv-az202-370.ngw3kpfb2bguzbtcwuqjmbcvef.gx.internal.cloudapp.net/10.1.0.27) reports an CLOSED replica.
2023-04-15 16:33:08,754 [FixedThreadPoolWithAffinityExecutor-1-0] WARN  container.ContainerReportHandler (AbstractContainerReportHandler.java:updateContainerState(259)) - Container #1 is in OPEN state, but the datanode 0dee40cf-0d5a-47f0-9c10-89273726be1d(fv-az202-370.ngw3kpfb2bguzbtcwuqjmbcvef.gx.internal.cloudapp.net/10.1.0.27) reports an CLOSED replica.
2023-04-15 16:33:08,809 [BlockDeletingService#9] INFO  interfaces.ContainerDeletionChoosingPolicyTemplate (ContainerDeletionChoosingPolicyTemplate.java:chooseContainerForBlockDeletion(83)) - Chosen 0/5000 blocks from 0 candidate containers.
2023-04-15 16:33:08,809 [BlockDeletingService#1] INFO  interfaces.ContainerDeletionChoosingPolicyTemplate (ContainerDeletionChoosingPolicyTemplate.java:chooseContainerForBlockDeletion(83)) - Chosen 0/5000 blocks from 0 candidate containers.
2023-04-15 16:33:08,889 [grpc-default-executor-5] WARN  server.GrpcLogAppender (LogUtils.java:warn(122)) - 30c0a845-a217-4f15-8bab-f33012bc7910@group-F40867945940->f16a70e5-fe04-4d06-9179-25c3ad8a94bb-AppendLogResponseHandler: Failed appendEntries: org.apache.ratis.thirdparty.io.grpc.StatusRuntimeException: UNAVAILABLE: io exception
2023-04-15 16:33:08,889 [grpc-default-executor-5] WARN  server.GrpcLogAppender (GrpcLogAppender.java:resetClient(131)) - 30c0a845-a217-4f15-8bab-f33012bc7910@group-F40867945940->f16a70e5-fe04-4d06-9179-25c3ad8a94bb-GrpcLogAppender: Leader has not got in touch with Follower 30c0a845-a217-4f15-8bab-f33012bc7910@group-F40867945940->f16a70e5-fe04-4d06-9179-25c3ad8a94bb(c-1,m0,n7, attendVote=true, lastRpcSendTime=0, lastRpcResponseTime=77092) yet, just keep nextIndex unchanged and retry.
2023-04-15 16:33:08,890 [grpc-default-executor-3] WARN  server.GrpcLogAppender (LogUtils.java:warn(122)) - 30c0a845-a217-4f15-8bab-f33012bc7910@group-F40867945940->f16a70e5-fe04-4d06-9179-25c3ad8a94bb-AppendLogResponseHandler: Failed appendEntries: org.apache.ratis.thirdparty.io.grpc.StatusRuntimeException: UNAVAILABLE: io exception
2023-04-15 16:33:08,890 [grpc-default-executor-3] WARN  server.GrpcLogAppender (GrpcLogAppender.java:resetClient(131)) - 30c0a845-a217-4f15-8bab-f33012bc7910@group-F40867945940->f16a70e5-fe04-4d06-9179-25c3ad8a94bb-GrpcLogAppender: Leader has not got in touch with Follower 30c0a845-a217-4f15-8bab-f33012bc7910@group-F40867945940->f16a70e5-fe04-4d06-9179-25c3ad8a94bb(c-1,m0,n7, attendVote=true, lastRpcSendTime=0, lastRpcResponseTime=77092) yet, just keep nextIndex unchanged and retry.
2023-04-15 16:33:08,909 [BlockDeletingService#9] INFO  interfaces.ContainerDeletionChoosingPolicyTemplate (ContainerDeletionChoosingPolicyTemplate.java:chooseContainerForBlockDeletion(83)) - Chosen 0/5000 blocks from 0 candidate containers.
2023-04-15 16:33:08,910 [BlockDeletingService#1] INFO  interfaces.ContainerDeletionChoosingPolicyTemplate (ContainerDeletionChoosingPolicyTemplate.java:chooseContainerForBlockDeletion(83)) - Chosen 0/5000 blocks from 0 candidate containers.
2023-04-15 16:33:09,010 [BlockDeletingService#9] INFO  interfaces.ContainerDeletionChoosingPolicyTemplate (ContainerDeletionChoosingPolicyTemplate.java:chooseContainerForBlockDeletion(83)) - Chosen 0/5000 blocks from 0 candidate containers.
2023-04-15 16:33:09,010 [BlockDeletingService#1] INFO  interfaces.ContainerDeletionChoosingPolicyTemplate (ContainerDeletionChoosingPolicyTemplate.java:chooseContainerForBlockDeletion(83)) - Chosen 0/5000 blocks from 0 candidate containers.
2023-04-15 16:33:09,019 [FixedThreadPoolWithAffinityExecutor-0-0] WARN  container.ContainerReportHandler (AbstractContainerReportHandler.java:updateContainerState(259)) - Container #1 is in OPEN state, but the datanode 30c0a845-a217-4f15-8bab-f33012bc7910(fv-az202-370.ngw3kpfb2bguzbtcwuqjmbcvef.gx.internal.cloudapp.net/10.1.0.27) reports an CLOSED replica.
2023-04-15 16:33:09,054 [FixedThreadPoolWithAffinityExecutor-1-0] WARN  container.ContainerReportHandler (AbstractContainerReportHandler.java:updateContainerState(259)) - Container #1 is in OPEN state, but the datanode 0dee40cf-0d5a-47f0-9c10-89273726be1d(fv-az202-370.ngw3kpfb2bguzbtcwuqjmbcvef.gx.internal.cloudapp.net/10.1.0.27) reports an CLOSED replica.
2023-04-15 16:33:09,110 [BlockDeletingService#9] INFO  interfaces.ContainerDeletionChoosingPolicyTemplate (ContainerDeletionChoosingPolicyTemplate.java:chooseContainerForBlockDeletion(83)) - Chosen 0/5000 blocks from 0 candidate containers.
2023-04-15 16:33:09,110 [BlockDeletingService#1] INFO  interfaces.ContainerDeletionChoosingPolicyTemplate (ContainerDeletionChoosingPolicyTemplate.java:chooseContainerForBlockDeletion(83)) - Chosen 0/5000 blocks from 0 candidate containers.
2023-04-15 16:33:09,210 [BlockDeletingService#9] INFO  interfaces.ContainerDeletionChoosingPolicyTemplate (ContainerDeletionChoosingPolicyTemplate.java:chooseContainerForBlockDeletion(83)) - Chosen 0/5000 blocks from 0 candidate containers.
2023-04-15 16:33:09,210 [BlockDeletingService#1] INFO  interfaces.ContainerDeletionChoosingPolicyTemplate (ContainerDeletionChoosingPolicyTemplate.java:chooseContainerForBlockDeletion(83)) - Chosen 0/5000 blocks from 0 candidate containers.
2023-04-15 16:33:09,219 [FixedThreadPoolWithAffinityExecutor-0-0] WARN  container.ContainerReportHandler (AbstractContainerReportHandler.java:updateContainerState(259)) - Container #1 is in OPEN state, but the datanode 30c0a845-a217-4f15-8bab-f33012bc7910(fv-az202-370.ngw3kpfb2bguzbtcwuqjmbcvef.gx.internal.cloudapp.net/10.1.0.27) reports an CLOSED replica.
2023-04-15 16:33:09,258 [FixedThreadPoolWithAffinityExecutor-1-0] WARN  container.ContainerReportHandler (AbstractContainerReportHandler.java:updateContainerState(259)) - Container #1 is in OPEN state, but the datanode 0dee40cf-0d5a-47f0-9c10-89273726be1d(fv-az202-370.ngw3kpfb2bguzbtcwuqjmbcvef.gx.internal.cloudapp.net/10.1.0.27) reports an CLOSED replica.
2023-04-15 16:33:09,310 [BlockDeletingService#9] INFO  interfaces.ContainerDeletionChoosingPolicyTemplate (ContainerDeletionChoosingPolicyTemplate.java:chooseContainerForBlockDeletion(83)) - Chosen 0/5000 blocks from 0 candidate containers.
2023-04-15 16:33:09,310 [BlockDeletingService#1] INFO  interfaces.ContainerDeletionChoosingPolicyTemplate (ContainerDeletionChoosingPolicyTemplate.java:chooseContainerForBlockDeletion(83)) - Chosen 0/5000 blocks from 0 candidate containers.
2023-04-15 16:33:09,410 [BlockDeletingService#9] INFO  interfaces.ContainerDeletionChoosingPolicyTemplate (ContainerDeletionChoosingPolicyTemplate.java:chooseContainerForBlockDeletion(83)) - Chosen 0/5000 blocks from 0 candidate containers.
2023-04-15 16:33:09,410 [BlockDeletingService#1] INFO  interfaces.ContainerDeletionChoosingPolicyTemplate (ContainerDeletionChoosingPolicyTemplate.java:chooseContainerForBlockDeletion(83)) - Chosen 0/5000 blocks from 0 candidate containers.
2023-04-15 16:33:09,511 [BlockDeletingService#9] INFO  interfaces.ContainerDeletionChoosingPolicyTemplate (ContainerDeletionChoosingPolicyTemplate.java:chooseContainerForBlockDeletion(83)) - Chosen 0/5000 blocks from 0 candidate containers.
2023-04-15 16:33:09,511 [BlockDeletingService#1] INFO  interfaces.ContainerDeletionChoosingPolicyTemplate (ContainerDeletionChoosingPolicyTemplate.java:chooseContainerForBlockDeletion(83)) - Chosen 0/5000 blocks from 0 candidate containers.
2023-04-15 16:33:09,519 [FixedThreadPoolWithAffinityExecutor-0-0] WARN  container.ContainerReportHandler (AbstractContainerReportHandler.java:updateContainerState(259)) - Container #1 is in OPEN state, but the datanode 30c0a845-a217-4f15-8bab-f33012bc7910(fv-az202-370.ngw3kpfb2bguzbtcwuqjmbcvef.gx.internal.cloudapp.net/10.1.0.27) reports an CLOSED replica.
2023-04-15 16:33:09,559 [FixedThreadPoolWithAffinityExecutor-1-0] WARN  container.ContainerReportHandler (AbstractContainerReportHandler.java:updateContainerState(259)) - Container #1 is in OPEN state, but the datanode 0dee40cf-0d5a-47f0-9c10-89273726be1d(fv-az202-370.ngw3kpfb2bguzbtcwuqjmbcvef.gx.internal.cloudapp.net/10.1.0.27) reports an CLOSED replica.
2023-04-15 16:33:09,611 [BlockDeletingService#9] INFO  interfaces.ContainerDeletionChoosingPolicyTemplate (ContainerDeletionChoosingPolicyTemplate.java:chooseContainerForBlockDeletion(83)) - Chosen 0/5000 blocks from 0 candidate containers.
2023-04-15 16:33:09,611 [BlockDeletingService#1] INFO  interfaces.ContainerDeletionChoosingPolicyTemplate (ContainerDeletionChoosingPolicyTemplate.java:chooseContainerForBlockDeletion(83)) - Chosen 0/5000 blocks from 0 candidate containers.
2023-04-15 16:33:09,711 [BlockDeletingService#9] INFO  interfaces.ContainerDeletionChoosingPolicyTemplate (ContainerDeletionChoosingPolicyTemplate.java:chooseContainerForBlockDeletion(83)) - Chosen 0/5000 blocks from 0 candidate containers.
2023-04-15 16:33:09,711 [BlockDeletingService#1] INFO  interfaces.ContainerDeletionChoosingPolicyTemplate (ContainerDeletionChoosingPolicyTemplate.java:chooseContainerForBlockDeletion(83)) - Chosen 0/5000 blocks from 0 candidate containers.
2023-04-15 16:33:09,811 [BlockDeletingService#9] INFO  interfaces.ContainerDeletionChoosingPolicyTemplate (ContainerDeletionChoosingPolicyTemplate.java:chooseContainerForBlockDeletion(83)) - Chosen 0/5000 blocks from 0 candidate containers.
2023-04-15 16:33:09,811 [BlockDeletingService#1] INFO  interfaces.ContainerDeletionChoosingPolicyTemplate (ContainerDeletionChoosingPolicyTemplate.java:chooseContainerForBlockDeletion(83)) - Chosen 0/5000 blocks from 0 candidate containers.
2023-04-15 16:33:09,819 [FixedThreadPoolWithAffinityExecutor-0-0] WARN  container.ContainerReportHandler (AbstractContainerReportHandler.java:updateContainerState(259)) - Container #1 is in OPEN state, but the datanode 30c0a845-a217-4f15-8bab-f33012bc7910(fv-az202-370.ngw3kpfb2bguzbtcwuqjmbcvef.gx.internal.cloudapp.net/10.1.0.27) reports an CLOSED replica.
2023-04-15 16:33:09,862 [FixedThreadPoolWithAffinityExecutor-1-0] WARN  container.ContainerReportHandler (AbstractContainerReportHandler.java:updateContainerState(259)) - Container #1 is in OPEN state, but the datanode 0dee40cf-0d5a-47f0-9c10-89273726be1d(fv-az202-370.ngw3kpfb2bguzbtcwuqjmbcvef.gx.internal.cloudapp.net/10.1.0.27) reports an CLOSED replica.
2023-04-15 16:33:09,911 [BlockDeletingService#9] INFO  interfaces.ContainerDeletionChoosingPolicyTemplate (ContainerDeletionChoosingPolicyTemplate.java:chooseContainerForBlockDeletion(83)) - Chosen 0/5000 blocks from 0 candidate containers.
2023-04-15 16:33:09,911 [BlockDeletingService#1] INFO  interfaces.ContainerDeletionChoosingPolicyTemplate (ContainerDeletionChoosingPolicyTemplate.java:chooseContainerForBlockDeletion(83)) - Chosen 0/5000 blocks from 0 candidate containers.
2023-04-15 16:33:10,012 [BlockDeletingService#9] INFO  interfaces.ContainerDeletionChoosingPolicyTemplate (ContainerDeletionChoosingPolicyTemplate.java:chooseContainerForBlockDeletion(83)) - Chosen 0/5000 blocks from 0 candidate containers.
2023-04-15 16:33:10,012 [BlockDeletingService#1] INFO  interfaces.ContainerDeletionChoosingPolicyTemplate (ContainerDeletionChoosingPolicyTemplate.java:chooseContainerForBlockDeletion(83)) - Chosen 0/5000 blocks from 0 candidate containers.
2023-04-15 16:33:10,019 [FixedThreadPoolWithAffinityExecutor-0-0] WARN  container.ContainerReportHandler (AbstractContainerReportHandler.java:updateContainerState(259)) - Container #1 is in OPEN state, but the datanode 30c0a845-a217-4f15-8bab-f33012bc7910(fv-az202-370.ngw3kpfb2bguzbtcwuqjmbcvef.gx.internal.cloudapp.net/10.1.0.27) reports an CLOSED replica.
2023-04-15 16:33:10,112 [BlockDeletingService#9] INFO  interfaces.ContainerDeletionChoosingPolicyTemplate (ContainerDeletionChoosingPolicyTemplate.java:chooseContainerForBlockDeletion(83)) - Chosen 0/5000 blocks from 0 candidate containers.
2023-04-15 16:33:10,112 [BlockDeletingService#1] INFO  interfaces.ContainerDeletionChoosingPolicyTemplate (ContainerDeletionChoosingPolicyTemplate.java:chooseContainerForBlockDeletion(83)) - Chosen 0/5000 blocks from 0 candidate containers.
2023-04-15 16:33:10,139 [grpc-default-executor-3] WARN  server.GrpcLogAppender (LogUtils.java:warn(122)) - 30c0a845-a217-4f15-8bab-f33012bc7910@group-F40867945940->f16a70e5-fe04-4d06-9179-25c3ad8a94bb-AppendLogResponseHandler: Failed appendEntries: org.apache.ratis.thirdparty.io.grpc.StatusRuntimeException: UNAVAILABLE: io exception
2023-04-15 16:33:10,140 [grpc-default-executor-3] WARN  server.GrpcLogAppender (GrpcLogAppender.java:resetClient(131)) - 30c0a845-a217-4f15-8bab-f33012bc7910@group-F40867945940->f16a70e5-fe04-4d06-9179-25c3ad8a94bb-GrpcLogAppender: Leader has not got in touch with Follower 30c0a845-a217-4f15-8bab-f33012bc7910@group-F40867945940->f16a70e5-fe04-4d06-9179-25c3ad8a94bb(c-1,m0,n7, attendVote=true, lastRpcSendTime=0, lastRpcResponseTime=78342) yet, just keep nextIndex unchanged and retry.
2023-04-15 16:33:10,140 [grpc-default-executor-5] WARN  server.GrpcLogAppender (LogUtils.java:warn(122)) - 30c0a845-a217-4f15-8bab-f33012bc7910@group-F40867945940->f16a70e5-fe04-4d06-9179-25c3ad8a94bb-AppendLogResponseHandler: Failed appendEntries: org.apache.ratis.thirdparty.io.grpc.StatusRuntimeException: UNAVAILABLE: io exception
2023-04-15 16:33:10,140 [grpc-default-executor-5] WARN  server.GrpcLogAppender (GrpcLogAppender.java:resetClient(131)) - 30c0a845-a217-4f15-8bab-f33012bc7910@group-F40867945940->f16a70e5-fe04-4d06-9179-25c3ad8a94bb-GrpcLogAppender: Leader has not got in touch with Follower 30c0a845-a217-4f15-8bab-f33012bc7910@group-F40867945940->f16a70e5-fe04-4d06-9179-25c3ad8a94bb(c-1,m0,n7, attendVote=true, lastRpcSendTime=1, lastRpcResponseTime=78343) yet, just keep nextIndex unchanged and retry.
2023-04-15 16:33:10,160 [FixedThreadPoolWithAffinityExecutor-1-0] WARN  container.ContainerReportHandler (AbstractContainerReportHandler.java:updateContainerState(259)) - Container #1 is in OPEN state, but the datanode 0dee40cf-0d5a-47f0-9c10-89273726be1d(fv-az202-370.ngw3kpfb2bguzbtcwuqjmbcvef.gx.internal.cloudapp.net/10.1.0.27) reports an CLOSED replica.
2023-04-15 16:33:10,212 [BlockDeletingService#9] INFO  interfaces.ContainerDeletionChoosingPolicyTemplate (ContainerDeletionChoosingPolicyTemplate.java:chooseContainerForBlockDeletion(83)) - Chosen 0/5000 blocks from 0 candidate containers.
2023-04-15 16:33:10,212 [BlockDeletingService#1] INFO  interfaces.ContainerDeletionChoosingPolicyTemplate (ContainerDeletionChoosingPolicyTemplate.java:chooseContainerForBlockDeletion(83)) - Chosen 0/5000 blocks from 0 candidate containers.
2023-04-15 16:33:10,312 [BlockDeletingService#9] INFO  interfaces.ContainerDeletionChoosingPolicyTemplate (ContainerDeletionChoosingPolicyTemplate.java:chooseContainerForBlockDeletion(83)) - Chosen 0/5000 blocks from 0 candidate containers.
2023-04-15 16:33:10,312 [BlockDeletingService#1] INFO  interfaces.ContainerDeletionChoosingPolicyTemplate (ContainerDeletionChoosingPolicyTemplate.java:chooseContainerForBlockDeletion(83)) - Chosen 0/5000 blocks from 0 candidate containers.
2023-04-15 16:33:10,322 [FixedThreadPoolWithAffinityExecutor-0-0] WARN  container.ContainerReportHandler (AbstractContainerReportHandler.java:updateContainerState(259)) - Container #1 is in OPEN state, but the datanode 30c0a845-a217-4f15-8bab-f33012bc7910(fv-az202-370.ngw3kpfb2bguzbtcwuqjmbcvef.gx.internal.cloudapp.net/10.1.0.27) reports an CLOSED replica.
2023-04-15 16:33:10,360 [FixedThreadPoolWithAffinityExecutor-1-0] WARN  container.ContainerReportHandler (AbstractContainerReportHandler.java:updateContainerState(259)) - Container #1 is in OPEN state, but the datanode 0dee40cf-0d5a-47f0-9c10-89273726be1d(fv-az202-370.ngw3kpfb2bguzbtcwuqjmbcvef.gx.internal.cloudapp.net/10.1.0.27) reports an CLOSED replica.
2023-04-15 16:33:10,412 [BlockDeletingService#9] INFO  interfaces.ContainerDeletionChoosingPolicyTemplate (ContainerDeletionChoosingPolicyTemplate.java:chooseContainerForBlockDeletion(83)) - Chosen 0/5000 blocks from 0 candidate containers.
2023-04-15 16:33:10,412 [BlockDeletingService#1] INFO  interfaces.ContainerDeletionChoosingPolicyTemplate (ContainerDeletionChoosingPolicyTemplate.java:chooseContainerForBlockDeletion(83)) - Chosen 0/5000 blocks from 0 candidate containers.
2023-04-15 16:33:10,512 [BlockDeletingService#9] INFO  interfaces.ContainerDeletionChoosingPolicyTemplate (ContainerDeletionChoosingPolicyTemplate.java:chooseContainerForBlockDeletion(83)) - Chosen 0/5000 blocks from 0 candidate containers.
2023-04-15 16:33:10,513 [BlockDeletingService#1] INFO  interfaces.ContainerDeletionChoosingPolicyTemplate (ContainerDeletionChoosingPolicyTemplate.java:chooseContainerForBlockDeletion(83)) - Chosen 0/5000 blocks from 0 candidate containers.
2023-04-15 16:33:10,522 [FixedThreadPoolWithAffinityExecutor-0-0] WARN  container.ContainerReportHandler (AbstractContainerReportHandler.java:updateContainerState(259)) - Container #1 is in OPEN state, but the datanode 30c0a845-a217-4f15-8bab-f33012bc7910(fv-az202-370.ngw3kpfb2bguzbtcwuqjmbcvef.gx.internal.cloudapp.net/10.1.0.27) reports an CLOSED replica.
2023-04-15 16:33:10,613 [BlockDeletingService#9] INFO  interfaces.ContainerDeletionChoosingPolicyTemplate (ContainerDeletionChoosingPolicyTemplate.java:chooseContainerForBlockDeletion(83)) - Chosen 0/5000 blocks from 0 candidate containers.
2023-04-15 16:33:10,613 [BlockDeletingService#1] INFO  interfaces.ContainerDeletionChoosingPolicyTemplate (ContainerDeletionChoosingPolicyTemplate.java:chooseContainerForBlockDeletion(83)) - Chosen 0/5000 blocks from 0 candidate containers.
2023-04-15 16:33:10,659 [FixedThreadPoolWithAffinityExecutor-1-0] WARN  container.ContainerReportHandler (AbstractContainerReportHandler.java:updateContainerState(259)) - Container #1 is in OPEN state, but the datanode 0dee40cf-0d5a-47f0-9c10-89273726be1d(fv-az202-370.ngw3kpfb2bguzbtcwuqjmbcvef.gx.internal.cloudapp.net/10.1.0.27) reports an CLOSED replica.
2023-04-15 16:33:10,713 [BlockDeletingService#9] INFO  interfaces.ContainerDeletionChoosingPolicyTemplate (ContainerDeletionChoosingPolicyTemplate.java:chooseContainerForBlockDeletion(83)) - Chosen 0/5000 blocks from 0 candidate containers.
2023-04-15 16:33:10,713 [BlockDeletingService#1] INFO  interfaces.ContainerDeletionChoosingPolicyTemplate (ContainerDeletionChoosingPolicyTemplate.java:chooseContainerForBlockDeletion(83)) - Chosen 0/5000 blocks from 0 candidate containers.
2023-04-15 16:33:10,813 [BlockDeletingService#9] INFO  interfaces.ContainerDeletionChoosingPolicyTemplate (ContainerDeletionChoosingPolicyTemplate.java:chooseContainerForBlockDeletion(83)) - Chosen 0/5000 blocks from 0 candidate containers.
2023-04-15 16:33:10,813 [BlockDeletingService#1] INFO  interfaces.ContainerDeletionChoosingPolicyTemplate (ContainerDeletionChoosingPolicyTemplate.java:chooseContainerForBlockDeletion(83)) - Chosen 0/5000 blocks from 0 candidate containers.
2023-04-15 16:33:10,822 [FixedThreadPoolWithAffinityExecutor-0-0] WARN  container.ContainerReportHandler (AbstractContainerReportHandler.java:updateContainerState(259)) - Container #1 is in OPEN state, but the datanode 30c0a845-a217-4f15-8bab-f33012bc7910(fv-az202-370.ngw3kpfb2bguzbtcwuqjmbcvef.gx.internal.cloudapp.net/10.1.0.27) reports an CLOSED replica.
2023-04-15 16:33:10,913 [BlockDeletingService#9] INFO  interfaces.ContainerDeletionChoosingPolicyTemplate (ContainerDeletionChoosingPolicyTemplate.java:chooseContainerForBlockDeletion(83)) - Chosen 0/5000 blocks from 0 candidate containers.
2023-04-15 16:33:10,913 [BlockDeletingService#1] INFO  interfaces.ContainerDeletionChoosingPolicyTemplate (ContainerDeletionChoosingPolicyTemplate.java:chooseContainerForBlockDeletion(83)) - Chosen 0/5000 blocks from 0 candidate containers.
2023-04-15 16:33:10,959 [FixedThreadPoolWithAffinityExecutor-1-0] WARN  container.ContainerReportHandler (AbstractContainerReportHandler.java:updateContainerState(259)) - Container #1 is in OPEN state, but the datanode 0dee40cf-0d5a-47f0-9c10-89273726be1d(fv-az202-370.ngw3kpfb2bguzbtcwuqjmbcvef.gx.internal.cloudapp.net/10.1.0.27) reports an CLOSED replica.
2023-04-15 16:33:11,013 [BlockDeletingService#9] INFO  interfaces.ContainerDeletionChoosingPolicyTemplate (ContainerDeletionChoosingPolicyTemplate.java:chooseContainerForBlockDeletion(83)) - Chosen 0/5000 blocks from 0 candidate containers.
2023-04-15 16:33:11,014 [BlockDeletingService#1] INFO  interfaces.ContainerDeletionChoosingPolicyTemplate (ContainerDeletionChoosingPolicyTemplate.java:chooseContainerForBlockDeletion(83)) - Chosen 0/5000 blocks from 0 candidate containers.
2023-04-15 16:33:11,022 [FixedThreadPoolWithAffinityExecutor-0-0] WARN  container.ContainerReportHandler (AbstractContainerReportHandler.java:updateContainerState(259)) - Container #1 is in OPEN state, but the datanode 30c0a845-a217-4f15-8bab-f33012bc7910(fv-az202-370.ngw3kpfb2bguzbtcwuqjmbcvef.gx.internal.cloudapp.net/10.1.0.27) reports an CLOSED replica.
2023-04-15 16:33:11,114 [BlockDeletingService#9] INFO  interfaces.ContainerDeletionChoosingPolicyTemplate (ContainerDeletionChoosingPolicyTemplate.java:chooseContainerForBlockDeletion(83)) - Chosen 0/5000 blocks from 0 candidate containers.
2023-04-15 16:33:11,114 [BlockDeletingService#1] INFO  interfaces.ContainerDeletionChoosingPolicyTemplate (ContainerDeletionChoosingPolicyTemplate.java:chooseContainerForBlockDeletion(83)) - Chosen 0/5000 blocks from 0 candidate containers.
2023-04-15 16:33:11,214 [BlockDeletingService#9] INFO  interfaces.ContainerDeletionChoosingPolicyTemplate (ContainerDeletionChoosingPolicyTemplate.java:chooseContainerForBlockDeletion(83)) - Chosen 0/5000 blocks from 0 candidate containers.
2023-04-15 16:33:11,214 [BlockDeletingService#1] INFO  interfaces.ContainerDeletionChoosingPolicyTemplate (ContainerDeletionChoosingPolicyTemplate.java:chooseContainerForBlockDeletion(83)) - Chosen 0/5000 blocks from 0 candidate containers.
2023-04-15 16:33:11,260 [FixedThreadPoolWithAffinityExecutor-1-0] WARN  container.ContainerReportHandler (AbstractContainerReportHandler.java:updateContainerState(259)) - Container #1 is in OPEN state, but the datanode 0dee40cf-0d5a-47f0-9c10-89273726be1d(fv-az202-370.ngw3kpfb2bguzbtcwuqjmbcvef.gx.internal.cloudapp.net/10.1.0.27) reports an CLOSED replica.
2023-04-15 16:33:11,314 [BlockDeletingService#9] INFO  interfaces.ContainerDeletionChoosingPolicyTemplate (ContainerDeletionChoosingPolicyTemplate.java:chooseContainerForBlockDeletion(83)) - Chosen 0/5000 blocks from 0 candidate containers.
2023-04-15 16:33:11,314 [BlockDeletingService#1] INFO  interfaces.ContainerDeletionChoosingPolicyTemplate (ContainerDeletionChoosingPolicyTemplate.java:chooseContainerForBlockDeletion(83)) - Chosen 0/5000 blocks from 0 candidate containers.
2023-04-15 16:33:11,322 [FixedThreadPoolWithAffinityExecutor-0-0] WARN  container.ContainerReportHandler (AbstractContainerReportHandler.java:updateContainerState(259)) - Container #1 is in OPEN state, but the datanode 30c0a845-a217-4f15-8bab-f33012bc7910(fv-az202-370.ngw3kpfb2bguzbtcwuqjmbcvef.gx.internal.cloudapp.net/10.1.0.27) reports an CLOSED replica.
2023-04-15 16:33:11,389 [grpc-default-executor-5] WARN  server.GrpcLogAppender (LogUtils.java:warn(122)) - 30c0a845-a217-4f15-8bab-f33012bc7910@group-F40867945940->f16a70e5-fe04-4d06-9179-25c3ad8a94bb-AppendLogResponseHandler: Failed appendEntries: org.apache.ratis.thirdparty.io.grpc.StatusRuntimeException: UNAVAILABLE: io exception
2023-04-15 16:33:11,390 [grpc-default-executor-5] WARN  server.GrpcLogAppender (GrpcLogAppender.java:resetClient(131)) - 30c0a845-a217-4f15-8bab-f33012bc7910@group-F40867945940->f16a70e5-fe04-4d06-9179-25c3ad8a94bb-GrpcLogAppender: Leader has not got in touch with Follower 30c0a845-a217-4f15-8bab-f33012bc7910@group-F40867945940->f16a70e5-fe04-4d06-9179-25c3ad8a94bb(c-1,m0,n7, attendVote=true, lastRpcSendTime=0, lastRpcResponseTime=79592) yet, just keep nextIndex unchanged and retry.
2023-04-15 16:33:11,389 [grpc-default-executor-3] WARN  server.GrpcLogAppender (LogUtils.java:warn(122)) - 30c0a845-a217-4f15-8bab-f33012bc7910@group-F40867945940->f16a70e5-fe04-4d06-9179-25c3ad8a94bb-AppendLogResponseHandler: Failed appendEntries: org.apache.ratis.thirdparty.io.grpc.StatusRuntimeException: UNAVAILABLE: io exception
2023-04-15 16:33:11,390 [grpc-default-executor-3] WARN  server.GrpcLogAppender (GrpcLogAppender.java:resetClient(131)) - 30c0a845-a217-4f15-8bab-f33012bc7910@group-F40867945940->f16a70e5-fe04-4d06-9179-25c3ad8a94bb-GrpcLogAppender: Leader has not got in touch with Follower 30c0a845-a217-4f15-8bab-f33012bc7910@group-F40867945940->f16a70e5-fe04-4d06-9179-25c3ad8a94bb(c-1,m0,n7, attendVote=true, lastRpcSendTime=0, lastRpcResponseTime=79592) yet, just keep nextIndex unchanged and retry.
2023-04-15 16:33:11,414 [BlockDeletingService#9] INFO  interfaces.ContainerDeletionChoosingPolicyTemplate (ContainerDeletionChoosingPolicyTemplate.java:chooseContainerForBlockDeletion(83)) - Chosen 0/5000 blocks from 0 candidate containers.
2023-04-15 16:33:11,414 [BlockDeletingService#1] INFO  interfaces.ContainerDeletionChoosingPolicyTemplate (ContainerDeletionChoosingPolicyTemplate.java:chooseContainerForBlockDeletion(83)) - Chosen 0/5000 blocks from 0 candidate containers.
2023-04-15 16:33:11,462 [FixedThreadPoolWithAffinityExecutor-1-0] WARN  container.ContainerReportHandler (AbstractContainerReportHandler.java:updateContainerState(259)) - Container #1 is in OPEN state, but the datanode 0dee40cf-0d5a-47f0-9c10-89273726be1d(fv-az202-370.ngw3kpfb2bguzbtcwuqjmbcvef.gx.internal.cloudapp.net/10.1.0.27) reports an CLOSED replica.
2023-04-15 16:33:11,514 [BlockDeletingService#9] INFO  interfaces.ContainerDeletionChoosingPolicyTemplate (ContainerDeletionChoosingPolicyTemplate.java:chooseContainerForBlockDeletion(83)) - Chosen 0/5000 blocks from 0 candidate containers.
2023-04-15 16:33:11,514 [BlockDeletingService#1] INFO  interfaces.ContainerDeletionChoosingPolicyTemplate (ContainerDeletionChoosingPolicyTemplate.java:chooseContainerForBlockDeletion(83)) - Chosen 0/5000 blocks from 0 candidate containers.
2023-04-15 16:33:11,522 [FixedThreadPoolWithAffinityExecutor-0-0] WARN  container.ContainerReportHandler (AbstractContainerReportHandler.java:updateContainerState(259)) - Container #1 is in OPEN state, but the datanode 30c0a845-a217-4f15-8bab-f33012bc7910(fv-az202-370.ngw3kpfb2bguzbtcwuqjmbcvef.gx.internal.cloudapp.net/10.1.0.27) reports an CLOSED replica.
2023-04-15 16:33:11,614 [BlockDeletingService#9] INFO  interfaces.ContainerDeletionChoosingPolicyTemplate (ContainerDeletionChoosingPolicyTemplate.java:chooseContainerForBlockDeletion(83)) - Chosen 0/5000 blocks from 0 candidate containers.
2023-04-15 16:33:11,615 [BlockDeletingService#1] INFO  interfaces.ContainerDeletionChoosingPolicyTemplate (ContainerDeletionChoosingPolicyTemplate.java:chooseContainerForBlockDeletion(83)) - Chosen 0/5000 blocks from 0 candidate containers.
2023-04-15 16:33:11,715 [BlockDeletingService#9] INFO  interfaces.ContainerDeletionChoosingPolicyTemplate (ContainerDeletionChoosingPolicyTemplate.java:chooseContainerForBlockDeletion(83)) - Chosen 0/5000 blocks from 0 candidate containers.
2023-04-15 16:33:11,715 [BlockDeletingService#1] INFO  interfaces.ContainerDeletionChoosingPolicyTemplate (ContainerDeletionChoosingPolicyTemplate.java:chooseContainerForBlockDeletion(83)) - Chosen 0/5000 blocks from 0 candidate containers.
2023-04-15 16:33:11,762 [FixedThreadPoolWithAffinityExecutor-1-0] WARN  container.ContainerReportHandler (AbstractContainerReportHandler.java:updateContainerState(259)) - Container #1 is in OPEN state, but the datanode 0dee40cf-0d5a-47f0-9c10-89273726be1d(fv-az202-370.ngw3kpfb2bguzbtcwuqjmbcvef.gx.internal.cloudapp.net/10.1.0.27) reports an CLOSED replica.
2023-04-15 16:33:11,815 [BlockDeletingService#9] INFO  interfaces.ContainerDeletionChoosingPolicyTemplate (ContainerDeletionChoosingPolicyTemplate.java:chooseContainerForBlockDeletion(83)) - Chosen 0/5000 blocks from 0 candidate containers.
2023-04-15 16:33:11,815 [BlockDeletingService#1] INFO  interfaces.ContainerDeletionChoosingPolicyTemplate (ContainerDeletionChoosingPolicyTemplate.java:chooseContainerForBlockDeletion(83)) - Chosen 0/5000 blocks from 0 candidate containers.
2023-04-15 16:33:11,823 [FixedThreadPoolWithAffinityExecutor-0-0] WARN  container.ContainerReportHandler (AbstractContainerReportHandler.java:updateContainerState(259)) - Container #1 is in OPEN state, but the datanode 30c0a845-a217-4f15-8bab-f33012bc7910(fv-az202-370.ngw3kpfb2bguzbtcwuqjmbcvef.gx.internal.cloudapp.net/10.1.0.27) reports an CLOSED replica.
2023-04-15 16:33:11,915 [BlockDeletingService#9] INFO  interfaces.ContainerDeletionChoosingPolicyTemplate (ContainerDeletionChoosingPolicyTemplate.java:chooseContainerForBlockDeletion(83)) - Chosen 0/5000 blocks from 0 candidate containers.
2023-04-15 16:33:11,915 [BlockDeletingService#1] INFO  interfaces.ContainerDeletionChoosingPolicyTemplate (ContainerDeletionChoosingPolicyTemplate.java:chooseContainerForBlockDeletion(83)) - Chosen 0/5000 blocks from 0 candidate containers.
2023-04-15 16:33:12,015 [BlockDeletingService#9] INFO  interfaces.ContainerDeletionChoosingPolicyTemplate (ContainerDeletionChoosingPolicyTemplate.java:chooseContainerForBlockDeletion(83)) - Chosen 0/5000 blocks from 0 candidate containers.
2023-04-15 16:33:12,015 [BlockDeletingService#1] INFO  interfaces.ContainerDeletionChoosingPolicyTemplate (ContainerDeletionChoosingPolicyTemplate.java:chooseContainerForBlockDeletion(83)) - Chosen 0/5000 blocks from 0 candidate containers.
2023-04-15 16:33:12,062 [FixedThreadPoolWithAffinityExecutor-1-0] WARN  container.ContainerReportHandler (AbstractContainerReportHandler.java:updateContainerState(259)) - Container #1 is in OPEN state, but the datanode 0dee40cf-0d5a-47f0-9c10-89273726be1d(fv-az202-370.ngw3kpfb2bguzbtcwuqjmbcvef.gx.internal.cloudapp.net/10.1.0.27) reports an CLOSED replica.
2023-04-15 16:33:12,116 [BlockDeletingService#1] INFO  interfaces.ContainerDeletionChoosingPolicyTemplate (ContainerDeletionChoosingPolicyTemplate.java:chooseContainerForBlockDeletion(83)) - Chosen 0/5000 blocks from 0 candidate containers.
2023-04-15 16:33:12,116 [BlockDeletingService#9] INFO  interfaces.ContainerDeletionChoosingPolicyTemplate (ContainerDeletionChoosingPolicyTemplate.java:chooseContainerForBlockDeletion(83)) - Chosen 0/5000 blocks from 0 candidate containers.
2023-04-15 16:33:12,123 [FixedThreadPoolWithAffinityExecutor-0-0] WARN  container.ContainerReportHandler (AbstractContainerReportHandler.java:updateContainerState(259)) - Container #1 is in OPEN state, but the datanode 30c0a845-a217-4f15-8bab-f33012bc7910(fv-az202-370.ngw3kpfb2bguzbtcwuqjmbcvef.gx.internal.cloudapp.net/10.1.0.27) reports an CLOSED replica.
2023-04-15 16:33:12,216 [BlockDeletingService#1] INFO  interfaces.ContainerDeletionChoosingPolicyTemplate (ContainerDeletionChoosingPolicyTemplate.java:chooseContainerForBlockDeletion(83)) - Chosen 0/5000 blocks from 0 candidate containers.
2023-04-15 16:33:12,216 [BlockDeletingService#9] INFO  interfaces.ContainerDeletionChoosingPolicyTemplate (ContainerDeletionChoosingPolicyTemplate.java:chooseContainerForBlockDeletion(83)) - Chosen 0/5000 blocks from 0 candidate containers.
2023-04-15 16:33:12,267 [FixedThreadPoolWithAffinityExecutor-1-0] WARN  container.ContainerReportHandler (AbstractContainerReportHandler.java:updateContainerState(259)) - Container #1 is in OPEN state, but the datanode 0dee40cf-0d5a-47f0-9c10-89273726be1d(fv-az202-370.ngw3kpfb2bguzbtcwuqjmbcvef.gx.internal.cloudapp.net/10.1.0.27) reports an CLOSED replica.
2023-04-15 16:33:12,316 [BlockDeletingService#1] INFO  interfaces.ContainerDeletionChoosingPolicyTemplate (ContainerDeletionChoosingPolicyTemplate.java:chooseContainerForBlockDeletion(83)) - Chosen 0/5000 blocks from 0 candidate containers.
2023-04-15 16:33:12,316 [BlockDeletingService#9] INFO  interfaces.ContainerDeletionChoosingPolicyTemplate (ContainerDeletionChoosingPolicyTemplate.java:chooseContainerForBlockDeletion(83)) - Chosen 0/5000 blocks from 0 candidate containers.
2023-04-15 16:33:12,324 [FixedThreadPoolWithAffinityExecutor-0-0] WARN  container.ContainerReportHandler (AbstractContainerReportHandler.java:updateContainerState(259)) - Container #1 is in OPEN state, but the datanode 30c0a845-a217-4f15-8bab-f33012bc7910(fv-az202-370.ngw3kpfb2bguzbtcwuqjmbcvef.gx.internal.cloudapp.net/10.1.0.27) reports an CLOSED replica.
2023-04-15 16:33:12,416 [BlockDeletingService#1] INFO  interfaces.ContainerDeletionChoosingPolicyTemplate (ContainerDeletionChoosingPolicyTemplate.java:chooseContainerForBlockDeletion(83)) - Chosen 0/5000 blocks from 0 candidate containers.
2023-04-15 16:33:12,416 [BlockDeletingService#9] INFO  interfaces.ContainerDeletionChoosingPolicyTemplate (ContainerDeletionChoosingPolicyTemplate.java:chooseContainerForBlockDeletion(83)) - Chosen 0/5000 blocks from 0 candidate containers.
2023-04-15 16:33:12,516 [BlockDeletingService#1] INFO  interfaces.ContainerDeletionChoosingPolicyTemplate (ContainerDeletionChoosingPolicyTemplate.java:chooseContainerForBlockDeletion(83)) - Chosen 0/5000 blocks from 0 candidate containers.
2023-04-15 16:33:12,516 [BlockDeletingService#9] INFO  interfaces.ContainerDeletionChoosingPolicyTemplate (ContainerDeletionChoosingPolicyTemplate.java:chooseContainerForBlockDeletion(83)) - Chosen 0/5000 blocks from 0 candidate containers.
2023-04-15 16:33:12,562 [FixedThreadPoolWithAffinityExecutor-1-0] WARN  container.ContainerReportHandler (AbstractContainerReportHandler.java:updateContainerState(259)) - Container #1 is in OPEN state, but the datanode 0dee40cf-0d5a-47f0-9c10-89273726be1d(fv-az202-370.ngw3kpfb2bguzbtcwuqjmbcvef.gx.internal.cloudapp.net/10.1.0.27) reports an CLOSED replica.
2023-04-15 16:33:12,616 [BlockDeletingService#1] INFO  interfaces.ContainerDeletionChoosingPolicyTemplate (ContainerDeletionChoosingPolicyTemplate.java:chooseContainerForBlockDeletion(83)) - Chosen 0/5000 blocks from 0 candidate containers.
2023-04-15 16:33:12,616 [BlockDeletingService#9] INFO  interfaces.ContainerDeletionChoosingPolicyTemplate (ContainerDeletionChoosingPolicyTemplate.java:chooseContainerForBlockDeletion(83)) - Chosen 0/5000 blocks from 0 candidate containers.
2023-04-15 16:33:12,624 [FixedThreadPoolWithAffinityExecutor-0-0] WARN  container.ContainerReportHandler (AbstractContainerReportHandler.java:updateContainerState(259)) - Container #1 is in OPEN state, but the datanode 30c0a845-a217-4f15-8bab-f33012bc7910(fv-az202-370.ngw3kpfb2bguzbtcwuqjmbcvef.gx.internal.cloudapp.net/10.1.0.27) reports an CLOSED replica.
2023-04-15 16:33:12,640 [grpc-default-executor-3] WARN  server.GrpcLogAppender (LogUtils.java:warn(122)) - 30c0a845-a217-4f15-8bab-f33012bc7910@group-F40867945940->f16a70e5-fe04-4d06-9179-25c3ad8a94bb-AppendLogResponseHandler: Failed appendEntries: org.apache.ratis.thirdparty.io.grpc.StatusRuntimeException: UNAVAILABLE: io exception
2023-04-15 16:33:12,640 [grpc-default-executor-5] WARN  server.GrpcLogAppender (LogUtils.java:warn(122)) - 30c0a845-a217-4f15-8bab-f33012bc7910@group-F40867945940->f16a70e5-fe04-4d06-9179-25c3ad8a94bb-AppendLogResponseHandler: Failed appendEntries: org.apache.ratis.thirdparty.io.grpc.StatusRuntimeException: UNAVAILABLE: io exception
2023-04-15 16:33:12,641 [grpc-default-executor-3] WARN  server.GrpcLogAppender (GrpcLogAppender.java:resetClient(131)) - 30c0a845-a217-4f15-8bab-f33012bc7910@group-F40867945940->f16a70e5-fe04-4d06-9179-25c3ad8a94bb-GrpcLogAppender: Leader has not got in touch with Follower 30c0a845-a217-4f15-8bab-f33012bc7910@group-F40867945940->f16a70e5-fe04-4d06-9179-25c3ad8a94bb(c-1,m0,n7, attendVote=true, lastRpcSendTime=0, lastRpcResponseTime=80843) yet, just keep nextIndex unchanged and retry.
2023-04-15 16:33:12,641 [grpc-default-executor-5] WARN  server.GrpcLogAppender (GrpcLogAppender.java:resetClient(131)) - 30c0a845-a217-4f15-8bab-f33012bc7910@group-F40867945940->f16a70e5-fe04-4d06-9179-25c3ad8a94bb-GrpcLogAppender: Leader has not got in touch with Follower 30c0a845-a217-4f15-8bab-f33012bc7910@group-F40867945940->f16a70e5-fe04-4d06-9179-25c3ad8a94bb(c-1,m0,n7, attendVote=true, lastRpcSendTime=0, lastRpcResponseTime=80843) yet, just keep nextIndex unchanged and retry.
2023-04-15 16:33:12,717 [BlockDeletingService#1] INFO  interfaces.ContainerDeletionChoosingPolicyTemplate (ContainerDeletionChoosingPolicyTemplate.java:chooseContainerForBlockDeletion(83)) - Chosen 0/5000 blocks from 0 candidate containers.
2023-04-15 16:33:12,717 [BlockDeletingService#9] INFO  interfaces.ContainerDeletionChoosingPolicyTemplate (ContainerDeletionChoosingPolicyTemplate.java:chooseContainerForBlockDeletion(83)) - Chosen 0/5000 blocks from 0 candidate containers.
2023-04-15 16:33:12,817 [BlockDeletingService#1] INFO  interfaces.ContainerDeletionChoosingPolicyTemplate (ContainerDeletionChoosingPolicyTemplate.java:chooseContainerForBlockDeletion(83)) - Chosen 0/5000 blocks from 0 candidate containers.
2023-04-15 16:33:12,817 [BlockDeletingService#9] INFO  interfaces.ContainerDeletionChoosingPolicyTemplate (ContainerDeletionChoosingPolicyTemplate.java:chooseContainerForBlockDeletion(83)) - Chosen 0/5000 blocks from 0 candidate containers.
2023-04-15 16:33:12,824 [FixedThreadPoolWithAffinityExecutor-0-0] WARN  container.ContainerReportHandler (AbstractContainerReportHandler.java:updateContainerState(259)) - Container #1 is in OPEN state, but the datanode 30c0a845-a217-4f15-8bab-f33012bc7910(fv-az202-370.ngw3kpfb2bguzbtcwuqjmbcvef.gx.internal.cloudapp.net/10.1.0.27) reports an CLOSED replica.
2023-04-15 16:33:12,862 [FixedThreadPoolWithAffinityExecutor-1-0] WARN  container.ContainerReportHandler (AbstractContainerReportHandler.java:updateContainerState(259)) - Container #1 is in OPEN state, but the datanode 0dee40cf-0d5a-47f0-9c10-89273726be1d(fv-az202-370.ngw3kpfb2bguzbtcwuqjmbcvef.gx.internal.cloudapp.net/10.1.0.27) reports an CLOSED replica.
2023-04-15 16:33:12,917 [BlockDeletingService#1] INFO  interfaces.ContainerDeletionChoosingPolicyTemplate (ContainerDeletionChoosingPolicyTemplate.java:chooseContainerForBlockDeletion(83)) - Chosen 0/5000 blocks from 0 candidate containers.
2023-04-15 16:33:12,917 [BlockDeletingService#9] INFO  interfaces.ContainerDeletionChoosingPolicyTemplate (ContainerDeletionChoosingPolicyTemplate.java:chooseContainerForBlockDeletion(83)) - Chosen 0/5000 blocks from 0 candidate containers.
2023-04-15 16:33:13,017 [BlockDeletingService#1] INFO  interfaces.ContainerDeletionChoosingPolicyTemplate (ContainerDeletionChoosingPolicyTemplate.java:chooseContainerForBlockDeletion(83)) - Chosen 0/5000 blocks from 0 candidate containers.
2023-04-15 16:33:13,017 [BlockDeletingService#9] INFO  interfaces.ContainerDeletionChoosingPolicyTemplate (ContainerDeletionChoosingPolicyTemplate.java:chooseContainerForBlockDeletion(83)) - Chosen 0/5000 blocks from 0 candidate containers.
2023-04-15 16:33:13,117 [BlockDeletingService#1] INFO  interfaces.ContainerDeletionChoosingPolicyTemplate (ContainerDeletionChoosingPolicyTemplate.java:chooseContainerForBlockDeletion(83)) - Chosen 0/5000 blocks from 0 candidate containers.
2023-04-15 16:33:13,117 [BlockDeletingService#9] INFO  interfaces.ContainerDeletionChoosingPolicyTemplate (ContainerDeletionChoosingPolicyTemplate.java:chooseContainerForBlockDeletion(83)) - Chosen 0/5000 blocks from 0 candidate containers.
2023-04-15 16:33:13,124 [FixedThreadPoolWithAffinityExecutor-0-0] WARN  container.ContainerReportHandler (AbstractContainerReportHandler.java:updateContainerState(259)) - Container #1 is in OPEN state, but the datanode 30c0a845-a217-4f15-8bab-f33012bc7910(fv-az202-370.ngw3kpfb2bguzbtcwuqjmbcvef.gx.internal.cloudapp.net/10.1.0.27) reports an CLOSED replica.
2023-04-15 16:33:13,162 [FixedThreadPoolWithAffinityExecutor-1-0] WARN  container.ContainerReportHandler (AbstractContainerReportHandler.java:updateContainerState(259)) - Container #1 is in OPEN state, but the datanode 0dee40cf-0d5a-47f0-9c10-89273726be1d(fv-az202-370.ngw3kpfb2bguzbtcwuqjmbcvef.gx.internal.cloudapp.net/10.1.0.27) reports an CLOSED replica.
2023-04-15 16:33:13,217 [BlockDeletingService#1] INFO  interfaces.ContainerDeletionChoosingPolicyTemplate (ContainerDeletionChoosingPolicyTemplate.java:chooseContainerForBlockDeletion(83)) - Chosen 0/5000 blocks from 0 candidate containers.
2023-04-15 16:33:13,218 [BlockDeletingService#9] INFO  interfaces.ContainerDeletionChoosingPolicyTemplate (ContainerDeletionChoosingPolicyTemplate.java:chooseContainerForBlockDeletion(83)) - Chosen 0/5000 blocks from 0 candidate containers.
2023-04-15 16:33:13,318 [BlockDeletingService#1] INFO  interfaces.ContainerDeletionChoosingPolicyTemplate (ContainerDeletionChoosingPolicyTemplate.java:chooseContainerForBlockDeletion(83)) - Chosen 0/5000 blocks from 0 candidate containers.
2023-04-15 16:33:13,318 [BlockDeletingService#9] INFO  interfaces.ContainerDeletionChoosingPolicyTemplate (ContainerDeletionChoosingPolicyTemplate.java:chooseContainerForBlockDeletion(83)) - Chosen 0/5000 blocks from 0 candidate containers.
2023-04-15 16:33:13,324 [FixedThreadPoolWithAffinityExecutor-0-0] WARN  container.ContainerReportHandler (AbstractContainerReportHandler.java:updateContainerState(259)) - Container #1 is in OPEN state, but the datanode 30c0a845-a217-4f15-8bab-f33012bc7910(fv-az202-370.ngw3kpfb2bguzbtcwuqjmbcvef.gx.internal.cloudapp.net/10.1.0.27) reports an CLOSED replica.
2023-04-15 16:33:13,362 [FixedThreadPoolWithAffinityExecutor-1-0] WARN  container.ContainerReportHandler (AbstractContainerReportHandler.java:updateContainerState(259)) - Container #1 is in OPEN state, but the datanode 0dee40cf-0d5a-47f0-9c10-89273726be1d(fv-az202-370.ngw3kpfb2bguzbtcwuqjmbcvef.gx.internal.cloudapp.net/10.1.0.27) reports an CLOSED replica.
2023-04-15 16:33:13,418 [BlockDeletingService#1] INFO  interfaces.ContainerDeletionChoosingPolicyTemplate (ContainerDeletionChoosingPolicyTemplate.java:chooseContainerForBlockDeletion(83)) - Chosen 0/5000 blocks from 0 candidate containers.
2023-04-15 16:33:13,418 [BlockDeletingService#9] INFO  interfaces.ContainerDeletionChoosingPolicyTemplate (ContainerDeletionChoosingPolicyTemplate.java:chooseContainerForBlockDeletion(83)) - Chosen 0/5000 blocks from 0 candidate containers.
2023-04-15 16:33:13,518 [BlockDeletingService#1] INFO  interfaces.ContainerDeletionChoosingPolicyTemplate (ContainerDeletionChoosingPolicyTemplate.java:chooseContainerForBlockDeletion(83)) - Chosen 0/5000 blocks from 0 candidate containers.
2023-04-15 16:33:13,518 [BlockDeletingService#9] INFO  interfaces.ContainerDeletionChoosingPolicyTemplate (ContainerDeletionChoosingPolicyTemplate.java:chooseContainerForBlockDeletion(83)) - Chosen 0/5000 blocks from 0 candidate containers.
2023-04-15 16:33:13,618 [BlockDeletingService#1] INFO  interfaces.ContainerDeletionChoosingPolicyTemplate (ContainerDeletionChoosingPolicyTemplate.java:chooseContainerForBlockDeletion(83)) - Chosen 0/5000 blocks from 0 candidate containers.
2023-04-15 16:33:13,618 [BlockDeletingService#9] INFO  interfaces.ContainerDeletionChoosingPolicyTemplate (ContainerDeletionChoosingPolicyTemplate.java:chooseContainerForBlockDeletion(83)) - Chosen 0/5000 blocks from 0 candidate containers.
2023-04-15 16:33:13,624 [FixedThreadPoolWithAffinityExecutor-0-0] WARN  container.ContainerReportHandler (AbstractContainerReportHandler.java:updateContainerState(259)) - Container #1 is in OPEN state, but the datanode 30c0a845-a217-4f15-8bab-f33012bc7910(fv-az202-370.ngw3kpfb2bguzbtcwuqjmbcvef.gx.internal.cloudapp.net/10.1.0.27) reports an CLOSED replica.
2023-04-15 16:33:13,666 [FixedThreadPoolWithAffinityExecutor-1-0] WARN  container.ContainerReportHandler (AbstractContainerReportHandler.java:updateContainerState(259)) - Container #1 is in OPEN state, but the datanode 0dee40cf-0d5a-47f0-9c10-89273726be1d(fv-az202-370.ngw3kpfb2bguzbtcwuqjmbcvef.gx.internal.cloudapp.net/10.1.0.27) reports an CLOSED replica.
2023-04-15 16:33:13,719 [BlockDeletingService#1] INFO  interfaces.ContainerDeletionChoosingPolicyTemplate (ContainerDeletionChoosingPolicyTemplate.java:chooseContainerForBlockDeletion(83)) - Chosen 0/5000 blocks from 0 candidate containers.
2023-04-15 16:33:13,719 [BlockDeletingService#9] INFO  interfaces.ContainerDeletionChoosingPolicyTemplate (ContainerDeletionChoosingPolicyTemplate.java:chooseContainerForBlockDeletion(83)) - Chosen 0/5000 blocks from 0 candidate containers.
2023-04-15 16:33:13,819 [BlockDeletingService#1] INFO  interfaces.ContainerDeletionChoosingPolicyTemplate (ContainerDeletionChoosingPolicyTemplate.java:chooseContainerForBlockDeletion(83)) - Chosen 0/5000 blocks from 0 candidate containers.
2023-04-15 16:33:13,819 [BlockDeletingService#9] INFO  interfaces.ContainerDeletionChoosingPolicyTemplate (ContainerDeletionChoosingPolicyTemplate.java:chooseContainerForBlockDeletion(83)) - Chosen 0/5000 blocks from 0 candidate containers.
2023-04-15 16:33:13,825 [FixedThreadPoolWithAffinityExecutor-0-0] WARN  container.ContainerReportHandler (AbstractContainerReportHandler.java:updateContainerState(259)) - Container #1 is in OPEN state, but the datanode 30c0a845-a217-4f15-8bab-f33012bc7910(fv-az202-370.ngw3kpfb2bguzbtcwuqjmbcvef.gx.internal.cloudapp.net/10.1.0.27) reports an CLOSED replica.
2023-04-15 16:33:13,890 [grpc-default-executor-5] WARN  server.GrpcLogAppender (LogUtils.java:warn(122)) - 30c0a845-a217-4f15-8bab-f33012bc7910@group-F40867945940->f16a70e5-fe04-4d06-9179-25c3ad8a94bb-AppendLogResponseHandler: Failed appendEntries: org.apache.ratis.thirdparty.io.grpc.StatusRuntimeException: UNAVAILABLE: io exception
2023-04-15 16:33:13,891 [grpc-default-executor-5] WARN  server.GrpcLogAppender (GrpcLogAppender.java:resetClient(131)) - 30c0a845-a217-4f15-8bab-f33012bc7910@group-F40867945940->f16a70e5-fe04-4d06-9179-25c3ad8a94bb-GrpcLogAppender: Leader has not got in touch with Follower 30c0a845-a217-4f15-8bab-f33012bc7910@group-F40867945940->f16a70e5-fe04-4d06-9179-25c3ad8a94bb(c-1,m0,n7, attendVote=true, lastRpcSendTime=0, lastRpcResponseTime=82093) yet, just keep nextIndex unchanged and retry.
2023-04-15 16:33:13,891 [grpc-default-executor-3] WARN  server.GrpcLogAppender (LogUtils.java:warn(122)) - 30c0a845-a217-4f15-8bab-f33012bc7910@group-F40867945940->f16a70e5-fe04-4d06-9179-25c3ad8a94bb-AppendLogResponseHandler: Failed appendEntries: org.apache.ratis.thirdparty.io.grpc.StatusRuntimeException: UNAVAILABLE: io exception
2023-04-15 16:33:13,891 [grpc-default-executor-3] WARN  server.GrpcLogAppender (GrpcLogAppender.java:resetClient(131)) - 30c0a845-a217-4f15-8bab-f33012bc7910@group-F40867945940->f16a70e5-fe04-4d06-9179-25c3ad8a94bb-GrpcLogAppender: Leader has not got in touch with Follower 30c0a845-a217-4f15-8bab-f33012bc7910@group-F40867945940->f16a70e5-fe04-4d06-9179-25c3ad8a94bb(c-1,m0,n7, attendVote=true, lastRpcSendTime=1, lastRpcResponseTime=82094) yet, just keep nextIndex unchanged and retry.
2023-04-15 16:33:13,919 [BlockDeletingService#1] INFO  interfaces.ContainerDeletionChoosingPolicyTemplate (ContainerDeletionChoosingPolicyTemplate.java:chooseContainerForBlockDeletion(83)) - Chosen 0/5000 blocks from 0 candidate containers.
2023-04-15 16:33:13,919 [BlockDeletingService#9] INFO  interfaces.ContainerDeletionChoosingPolicyTemplate (ContainerDeletionChoosingPolicyTemplate.java:chooseContainerForBlockDeletion(83)) - Chosen 0/5000 blocks from 0 candidate containers.
2023-04-15 16:33:13,967 [FixedThreadPoolWithAffinityExecutor-1-0] WARN  container.ContainerReportHandler (AbstractContainerReportHandler.java:updateContainerState(259)) - Container #1 is in OPEN state, but the datanode 0dee40cf-0d5a-47f0-9c10-89273726be1d(fv-az202-370.ngw3kpfb2bguzbtcwuqjmbcvef.gx.internal.cloudapp.net/10.1.0.27) reports an CLOSED replica.
2023-04-15 16:33:14,019 [BlockDeletingService#1] INFO  interfaces.ContainerDeletionChoosingPolicyTemplate (ContainerDeletionChoosingPolicyTemplate.java:chooseContainerForBlockDeletion(83)) - Chosen 0/5000 blocks from 0 candidate containers.
2023-04-15 16:33:14,019 [BlockDeletingService#9] INFO  interfaces.ContainerDeletionChoosingPolicyTemplate (ContainerDeletionChoosingPolicyTemplate.java:chooseContainerForBlockDeletion(83)) - Chosen 0/5000 blocks from 0 candidate containers.
2023-04-15 16:33:14,119 [BlockDeletingService#1] INFO  interfaces.ContainerDeletionChoosingPolicyTemplate (ContainerDeletionChoosingPolicyTemplate.java:chooseContainerForBlockDeletion(83)) - Chosen 0/5000 blocks from 0 candidate containers.
2023-04-15 16:33:14,120 [BlockDeletingService#9] INFO  interfaces.ContainerDeletionChoosingPolicyTemplate (ContainerDeletionChoosingPolicyTemplate.java:chooseContainerForBlockDeletion(83)) - Chosen 0/5000 blocks from 0 candidate containers.
2023-04-15 16:33:14,125 [FixedThreadPoolWithAffinityExecutor-0-0] WARN  container.ContainerReportHandler (AbstractContainerReportHandler.java:updateContainerState(259)) - Container #1 is in OPEN state, but the datanode 30c0a845-a217-4f15-8bab-f33012bc7910(fv-az202-370.ngw3kpfb2bguzbtcwuqjmbcvef.gx.internal.cloudapp.net/10.1.0.27) reports an CLOSED replica.
2023-04-15 16:33:14,220 [BlockDeletingService#1] INFO  interfaces.ContainerDeletionChoosingPolicyTemplate (ContainerDeletionChoosingPolicyTemplate.java:chooseContainerForBlockDeletion(83)) - Chosen 0/5000 blocks from 0 candidate containers.
2023-04-15 16:33:14,220 [BlockDeletingService#9] INFO  interfaces.ContainerDeletionChoosingPolicyTemplate (ContainerDeletionChoosingPolicyTemplate.java:chooseContainerForBlockDeletion(83)) - Chosen 0/5000 blocks from 0 candidate containers.
2023-04-15 16:33:14,271 [FixedThreadPoolWithAffinityExecutor-1-0] WARN  container.ContainerReportHandler (AbstractContainerReportHandler.java:updateContainerState(259)) - Container #1 is in OPEN state, but the datanode 0dee40cf-0d5a-47f0-9c10-89273726be1d(fv-az202-370.ngw3kpfb2bguzbtcwuqjmbcvef.gx.internal.cloudapp.net/10.1.0.27) reports an CLOSED replica.
2023-04-15 16:33:14,320 [BlockDeletingService#1] INFO  interfaces.ContainerDeletionChoosingPolicyTemplate (ContainerDeletionChoosingPolicyTemplate.java:chooseContainerForBlockDeletion(83)) - Chosen 0/5000 blocks from 0 candidate containers.
2023-04-15 16:33:14,320 [BlockDeletingService#9] INFO  interfaces.ContainerDeletionChoosingPolicyTemplate (ContainerDeletionChoosingPolicyTemplate.java:chooseContainerForBlockDeletion(83)) - Chosen 0/5000 blocks from 0 candidate containers.
2023-04-15 16:33:14,420 [BlockDeletingService#1] INFO  interfaces.ContainerDeletionChoosingPolicyTemplate (ContainerDeletionChoosingPolicyTemplate.java:chooseContainerForBlockDeletion(83)) - Chosen 0/5000 blocks from 0 candidate containers.
2023-04-15 16:33:14,420 [BlockDeletingService#9] INFO  interfaces.ContainerDeletionChoosingPolicyTemplate (ContainerDeletionChoosingPolicyTemplate.java:chooseContainerForBlockDeletion(83)) - Chosen 0/5000 blocks from 0 candidate containers.
2023-04-15 16:33:14,426 [FixedThreadPoolWithAffinityExecutor-0-0] WARN  container.ContainerReportHandler (AbstractContainerReportHandler.java:updateContainerState(259)) - Container #1 is in OPEN state, but the datanode 30c0a845-a217-4f15-8bab-f33012bc7910(fv-az202-370.ngw3kpfb2bguzbtcwuqjmbcvef.gx.internal.cloudapp.net/10.1.0.27) reports an CLOSED replica.
2023-04-15 16:33:14,467 [FixedThreadPoolWithAffinityExecutor-1-0] WARN  container.ContainerReportHandler (AbstractContainerReportHandler.java:updateContainerState(259)) - Container #1 is in OPEN state, but the datanode 0dee40cf-0d5a-47f0-9c10-89273726be1d(fv-az202-370.ngw3kpfb2bguzbtcwuqjmbcvef.gx.internal.cloudapp.net/10.1.0.27) reports an CLOSED replica.
2023-04-15 16:33:14,520 [BlockDeletingService#1] INFO  interfaces.ContainerDeletionChoosingPolicyTemplate (ContainerDeletionChoosingPolicyTemplate.java:chooseContainerForBlockDeletion(83)) - Chosen 0/5000 blocks from 0 candidate containers.
2023-04-15 16:33:14,521 [BlockDeletingService#9] INFO  interfaces.ContainerDeletionChoosingPolicyTemplate (ContainerDeletionChoosingPolicyTemplate.java:chooseContainerForBlockDeletion(83)) - Chosen 0/5000 blocks from 0 candidate containers.
2023-04-15 16:33:14,621 [BlockDeletingService#1] INFO  interfaces.ContainerDeletionChoosingPolicyTemplate (ContainerDeletionChoosingPolicyTemplate.java:chooseContainerForBlockDeletion(83)) - Chosen 0/5000 blocks from 0 candidate containers.
2023-04-15 16:33:14,621 [BlockDeletingService#9] INFO  interfaces.ContainerDeletionChoosingPolicyTemplate (ContainerDeletionChoosingPolicyTemplate.java:chooseContainerForBlockDeletion(83)) - Chosen 0/5000 blocks from 0 candidate containers.
2023-04-15 16:33:14,626 [FixedThreadPoolWithAffinityExecutor-0-0] WARN  container.ContainerReportHandler (AbstractContainerReportHandler.java:updateContainerState(259)) - Container #1 is in OPEN state, but the datanode 30c0a845-a217-4f15-8bab-f33012bc7910(fv-az202-370.ngw3kpfb2bguzbtcwuqjmbcvef.gx.internal.cloudapp.net/10.1.0.27) reports an CLOSED replica.
2023-04-15 16:33:14,721 [BlockDeletingService#1] INFO  interfaces.ContainerDeletionChoosingPolicyTemplate (ContainerDeletionChoosingPolicyTemplate.java:chooseContainerForBlockDeletion(83)) - Chosen 0/5000 blocks from 0 candidate containers.
2023-04-15 16:33:14,721 [BlockDeletingService#9] INFO  interfaces.ContainerDeletionChoosingPolicyTemplate (ContainerDeletionChoosingPolicyTemplate.java:chooseContainerForBlockDeletion(83)) - Chosen 0/5000 blocks from 0 candidate containers.
2023-04-15 16:33:14,767 [FixedThreadPoolWithAffinityExecutor-1-0] WARN  container.ContainerReportHandler (AbstractContainerReportHandler.java:updateContainerState(259)) - Container #1 is in OPEN state, but the datanode 0dee40cf-0d5a-47f0-9c10-89273726be1d(fv-az202-370.ngw3kpfb2bguzbtcwuqjmbcvef.gx.internal.cloudapp.net/10.1.0.27) reports an CLOSED replica.
2023-04-15 16:33:14,821 [BlockDeletingService#1] INFO  interfaces.ContainerDeletionChoosingPolicyTemplate (ContainerDeletionChoosingPolicyTemplate.java:chooseContainerForBlockDeletion(83)) - Chosen 0/5000 blocks from 0 candidate containers.
2023-04-15 16:33:14,821 [BlockDeletingService#9] INFO  interfaces.ContainerDeletionChoosingPolicyTemplate (ContainerDeletionChoosingPolicyTemplate.java:chooseContainerForBlockDeletion(83)) - Chosen 0/5000 blocks from 0 candidate containers.
2023-04-15 16:33:14,921 [BlockDeletingService#1] INFO  interfaces.ContainerDeletionChoosingPolicyTemplate (ContainerDeletionChoosingPolicyTemplate.java:chooseContainerForBlockDeletion(83)) - Chosen 0/5000 blocks from 0 candidate containers.
2023-04-15 16:33:14,921 [BlockDeletingService#9] INFO  interfaces.ContainerDeletionChoosingPolicyTemplate (ContainerDeletionChoosingPolicyTemplate.java:chooseContainerForBlockDeletion(83)) - Chosen 0/5000 blocks from 0 candidate containers.
2023-04-15 16:33:14,926 [FixedThreadPoolWithAffinityExecutor-0-0] WARN  container.ContainerReportHandler (AbstractContainerReportHandler.java:updateContainerState(259)) - Container #1 is in OPEN state, but the datanode 30c0a845-a217-4f15-8bab-f33012bc7910(fv-az202-370.ngw3kpfb2bguzbtcwuqjmbcvef.gx.internal.cloudapp.net/10.1.0.27) reports an CLOSED replica.
2023-04-15 16:33:15,022 [BlockDeletingService#1] INFO  interfaces.ContainerDeletionChoosingPolicyTemplate (ContainerDeletionChoosingPolicyTemplate.java:chooseContainerForBlockDeletion(83)) - Chosen 0/5000 blocks from 0 candidate containers.
2023-04-15 16:33:15,022 [BlockDeletingService#9] INFO  interfaces.ContainerDeletionChoosingPolicyTemplate (ContainerDeletionChoosingPolicyTemplate.java:chooseContainerForBlockDeletion(83)) - Chosen 0/5000 blocks from 0 candidate containers.
2023-04-15 16:33:15,067 [FixedThreadPoolWithAffinityExecutor-1-0] WARN  container.ContainerReportHandler (AbstractContainerReportHandler.java:updateContainerState(259)) - Container #1 is in OPEN state, but the datanode 0dee40cf-0d5a-47f0-9c10-89273726be1d(fv-az202-370.ngw3kpfb2bguzbtcwuqjmbcvef.gx.internal.cloudapp.net/10.1.0.27) reports an CLOSED replica.
2023-04-15 16:33:15,122 [BlockDeletingService#1] INFO  interfaces.ContainerDeletionChoosingPolicyTemplate (ContainerDeletionChoosingPolicyTemplate.java:chooseContainerForBlockDeletion(83)) - Chosen 0/5000 blocks from 0 candidate containers.
2023-04-15 16:33:15,122 [BlockDeletingService#9] INFO  interfaces.ContainerDeletionChoosingPolicyTemplate (ContainerDeletionChoosingPolicyTemplate.java:chooseContainerForBlockDeletion(83)) - Chosen 0/5000 blocks from 0 candidate containers.
2023-04-15 16:33:15,126 [FixedThreadPoolWithAffinityExecutor-0-0] WARN  container.ContainerReportHandler (AbstractContainerReportHandler.java:updateContainerState(259)) - Container #1 is in OPEN state, but the datanode 30c0a845-a217-4f15-8bab-f33012bc7910(fv-az202-370.ngw3kpfb2bguzbtcwuqjmbcvef.gx.internal.cloudapp.net/10.1.0.27) reports an CLOSED replica.
2023-04-15 16:33:15,141 [grpc-default-executor-3] WARN  server.GrpcLogAppender (LogUtils.java:warn(122)) - 30c0a845-a217-4f15-8bab-f33012bc7910@group-F40867945940->f16a70e5-fe04-4d06-9179-25c3ad8a94bb-AppendLogResponseHandler: Failed appendEntries: org.apache.ratis.thirdparty.io.grpc.StatusRuntimeException: UNAVAILABLE: io exception
2023-04-15 16:33:15,141 [grpc-default-executor-3] WARN  server.GrpcLogAppender (GrpcLogAppender.java:resetClient(131)) - 30c0a845-a217-4f15-8bab-f33012bc7910@group-F40867945940->f16a70e5-fe04-4d06-9179-25c3ad8a94bb-GrpcLogAppender: Leader has not got in touch with Follower 30c0a845-a217-4f15-8bab-f33012bc7910@group-F40867945940->f16a70e5-fe04-4d06-9179-25c3ad8a94bb(c-1,m0,n7, attendVote=true, lastRpcSendTime=0, lastRpcResponseTime=83343) yet, just keep nextIndex unchanged and retry.
2023-04-15 16:33:15,141 [grpc-default-executor-5] WARN  server.GrpcLogAppender (LogUtils.java:warn(122)) - 30c0a845-a217-4f15-8bab-f33012bc7910@group-F40867945940->f16a70e5-fe04-4d06-9179-25c3ad8a94bb-AppendLogResponseHandler: Failed appendEntries: org.apache.ratis.thirdparty.io.grpc.StatusRuntimeException: UNAVAILABLE: io exception
2023-04-15 16:33:15,144 [grpc-default-executor-5] WARN  server.GrpcLogAppender (GrpcLogAppender.java:resetClient(131)) - 30c0a845-a217-4f15-8bab-f33012bc7910@group-F40867945940->f16a70e5-fe04-4d06-9179-25c3ad8a94bb-GrpcLogAppender: Leader has not got in touch with Follower 30c0a845-a217-4f15-8bab-f33012bc7910@group-F40867945940->f16a70e5-fe04-4d06-9179-25c3ad8a94bb(c-1,m0,n7, attendVote=true, lastRpcSendTime=3, lastRpcResponseTime=83347) yet, just keep nextIndex unchanged and retry.
2023-04-15 16:33:15,222 [BlockDeletingService#1] INFO  interfaces.ContainerDeletionChoosingPolicyTemplate (ContainerDeletionChoosingPolicyTemplate.java:chooseContainerForBlockDeletion(83)) - Chosen 0/5000 blocks from 0 candidate containers.
2023-04-15 16:33:15,222 [BlockDeletingService#9] INFO  interfaces.ContainerDeletionChoosingPolicyTemplate (ContainerDeletionChoosingPolicyTemplate.java:chooseContainerForBlockDeletion(83)) - Chosen 0/5000 blocks from 0 candidate containers.
2023-04-15 16:33:15,322 [BlockDeletingService#1] INFO  interfaces.ContainerDeletionChoosingPolicyTemplate (ContainerDeletionChoosingPolicyTemplate.java:chooseContainerForBlockDeletion(83)) - Chosen 0/5000 blocks from 0 candidate containers.
2023-04-15 16:33:15,322 [BlockDeletingService#9] INFO  interfaces.ContainerDeletionChoosingPolicyTemplate (ContainerDeletionChoosingPolicyTemplate.java:chooseContainerForBlockDeletion(83)) - Chosen 0/5000 blocks from 0 candidate containers.
2023-04-15 16:33:15,367 [FixedThreadPoolWithAffinityExecutor-1-0] WARN  container.ContainerReportHandler (AbstractContainerReportHandler.java:updateContainerState(259)) - Container #1 is in OPEN state, but the datanode 0dee40cf-0d5a-47f0-9c10-89273726be1d(fv-az202-370.ngw3kpfb2bguzbtcwuqjmbcvef.gx.internal.cloudapp.net/10.1.0.27) reports an CLOSED replica.
2023-04-15 16:33:15,423 [BlockDeletingService#1] INFO  interfaces.ContainerDeletionChoosingPolicyTemplate (ContainerDeletionChoosingPolicyTemplate.java:chooseContainerForBlockDeletion(83)) - Chosen 0/5000 blocks from 0 candidate containers.
2023-04-15 16:33:15,423 [BlockDeletingService#9] INFO  interfaces.ContainerDeletionChoosingPolicyTemplate (ContainerDeletionChoosingPolicyTemplate.java:chooseContainerForBlockDeletion(83)) - Chosen 0/5000 blocks from 0 candidate containers.
2023-04-15 16:33:15,427 [FixedThreadPoolWithAffinityExecutor-0-0] WARN  container.ContainerReportHandler (AbstractContainerReportHandler.java:updateContainerState(259)) - Container #1 is in OPEN state, but the datanode 30c0a845-a217-4f15-8bab-f33012bc7910(fv-az202-370.ngw3kpfb2bguzbtcwuqjmbcvef.gx.internal.cloudapp.net/10.1.0.27) reports an CLOSED replica.
2023-04-15 16:33:15,523 [BlockDeletingService#1] INFO  interfaces.ContainerDeletionChoosingPolicyTemplate (ContainerDeletionChoosingPolicyTemplate.java:chooseContainerForBlockDeletion(83)) - Chosen 0/5000 blocks from 0 candidate containers.
2023-04-15 16:33:15,523 [BlockDeletingService#9] INFO  interfaces.ContainerDeletionChoosingPolicyTemplate (ContainerDeletionChoosingPolicyTemplate.java:chooseContainerForBlockDeletion(83)) - Chosen 0/5000 blocks from 0 candidate containers.
2023-04-15 16:33:15,566 [FixedThreadPoolWithAffinityExecutor-1-0] WARN  container.ContainerReportHandler (AbstractContainerReportHandler.java:updateContainerState(259)) - Container #1 is in OPEN state, but the datanode 0dee40cf-0d5a-47f0-9c10-89273726be1d(fv-az202-370.ngw3kpfb2bguzbtcwuqjmbcvef.gx.internal.cloudapp.net/10.1.0.27) reports an CLOSED replica.
2023-04-15 16:33:15,623 [BlockDeletingService#1] INFO  interfaces.ContainerDeletionChoosingPolicyTemplate (ContainerDeletionChoosingPolicyTemplate.java:chooseContainerForBlockDeletion(83)) - Chosen 0/5000 blocks from 0 candidate containers.
2023-04-15 16:33:15,623 [BlockDeletingService#9] INFO  interfaces.ContainerDeletionChoosingPolicyTemplate (ContainerDeletionChoosingPolicyTemplate.java:chooseContainerForBlockDeletion(83)) - Chosen 0/5000 blocks from 0 candidate containers.
2023-04-15 16:33:15,627 [FixedThreadPoolWithAffinityExecutor-0-0] WARN  container.ContainerReportHandler (AbstractContainerReportHandler.java:updateContainerState(259)) - Container #1 is in OPEN state, but the datanode 30c0a845-a217-4f15-8bab-f33012bc7910(fv-az202-370.ngw3kpfb2bguzbtcwuqjmbcvef.gx.internal.cloudapp.net/10.1.0.27) reports an CLOSED replica.
2023-04-15 16:33:15,723 [BlockDeletingService#1] INFO  interfaces.ContainerDeletionChoosingPolicyTemplate (ContainerDeletionChoosingPolicyTemplate.java:chooseContainerForBlockDeletion(83)) - Chosen 0/5000 blocks from 0 candidate containers.
2023-04-15 16:33:15,723 [BlockDeletingService#9] INFO  interfaces.ContainerDeletionChoosingPolicyTemplate (ContainerDeletionChoosingPolicyTemplate.java:chooseContainerForBlockDeletion(83)) - Chosen 0/5000 blocks from 0 candidate containers.
2023-04-15 16:33:15,823 [BlockDeletingService#1] INFO  interfaces.ContainerDeletionChoosingPolicyTemplate (ContainerDeletionChoosingPolicyTemplate.java:chooseContainerForBlockDeletion(83)) - Chosen 0/5000 blocks from 0 candidate containers.
2023-04-15 16:33:15,823 [BlockDeletingService#9] INFO  interfaces.ContainerDeletionChoosingPolicyTemplate (ContainerDeletionChoosingPolicyTemplate.java:chooseContainerForBlockDeletion(83)) - Chosen 0/5000 blocks from 0 candidate containers.
2023-04-15 16:33:15,871 [FixedThreadPoolWithAffinityExecutor-1-0] WARN  container.ContainerReportHandler (AbstractContainerReportHandler.java:updateContainerState(259)) - Container #1 is in OPEN state, but the datanode 0dee40cf-0d5a-47f0-9c10-89273726be1d(fv-az202-370.ngw3kpfb2bguzbtcwuqjmbcvef.gx.internal.cloudapp.net/10.1.0.27) reports an CLOSED replica.
2023-04-15 16:33:15,923 [BlockDeletingService#1] INFO  interfaces.ContainerDeletionChoosingPolicyTemplate (ContainerDeletionChoosingPolicyTemplate.java:chooseContainerForBlockDeletion(83)) - Chosen 0/5000 blocks from 0 candidate containers.
2023-04-15 16:33:15,924 [BlockDeletingService#9] INFO  interfaces.ContainerDeletionChoosingPolicyTemplate (ContainerDeletionChoosingPolicyTemplate.java:chooseContainerForBlockDeletion(83)) - Chosen 0/5000 blocks from 0 candidate containers.
2023-04-15 16:33:15,927 [FixedThreadPoolWithAffinityExecutor-0-0] WARN  container.ContainerReportHandler (AbstractContainerReportHandler.java:updateContainerState(259)) - Container #1 is in OPEN state, but the datanode 30c0a845-a217-4f15-8bab-f33012bc7910(fv-az202-370.ngw3kpfb2bguzbtcwuqjmbcvef.gx.internal.cloudapp.net/10.1.0.27) reports an CLOSED replica.
2023-04-15 16:33:16,024 [BlockDeletingService#1] INFO  interfaces.ContainerDeletionChoosingPolicyTemplate (ContainerDeletionChoosingPolicyTemplate.java:chooseContainerForBlockDeletion(83)) - Chosen 0/5000 blocks from 0 candidate containers.
2023-04-15 16:33:16,024 [BlockDeletingService#9] INFO  interfaces.ContainerDeletionChoosingPolicyTemplate (ContainerDeletionChoosingPolicyTemplate.java:chooseContainerForBlockDeletion(83)) - Chosen 0/5000 blocks from 0 candidate containers.
2023-04-15 16:33:16,124 [BlockDeletingService#1] INFO  interfaces.ContainerDeletionChoosingPolicyTemplate (ContainerDeletionChoosingPolicyTemplate.java:chooseContainerForBlockDeletion(83)) - Chosen 0/5000 blocks from 0 candidate containers.
2023-04-15 16:33:16,124 [BlockDeletingService#9] INFO  interfaces.ContainerDeletionChoosingPolicyTemplate (ContainerDeletionChoosingPolicyTemplate.java:chooseContainerForBlockDeletion(83)) - Chosen 0/5000 blocks from 0 candidate containers.
2023-04-15 16:33:16,171 [FixedThreadPoolWithAffinityExecutor-1-0] WARN  container.ContainerReportHandler (AbstractContainerReportHandler.java:updateContainerState(259)) - Container #1 is in OPEN state, but the datanode 0dee40cf-0d5a-47f0-9c10-89273726be1d(fv-az202-370.ngw3kpfb2bguzbtcwuqjmbcvef.gx.internal.cloudapp.net/10.1.0.27) reports an CLOSED replica.
2023-04-15 16:33:16,224 [BlockDeletingService#9] INFO  interfaces.ContainerDeletionChoosingPolicyTemplate (ContainerDeletionChoosingPolicyTemplate.java:chooseContainerForBlockDeletion(83)) - Chosen 0/5000 blocks from 0 candidate containers.
2023-04-15 16:33:16,226 [BlockDeletingService#1] INFO  interfaces.ContainerDeletionChoosingPolicyTemplate (ContainerDeletionChoosingPolicyTemplate.java:chooseContainerForBlockDeletion(83)) - Chosen 0/5000 blocks from 0 candidate containers.
2023-04-15 16:33:16,227 [FixedThreadPoolWithAffinityExecutor-0-0] WARN  container.ContainerReportHandler (AbstractContainerReportHandler.java:updateContainerState(259)) - Container #1 is in OPEN state, but the datanode 30c0a845-a217-4f15-8bab-f33012bc7910(fv-az202-370.ngw3kpfb2bguzbtcwuqjmbcvef.gx.internal.cloudapp.net/10.1.0.27) reports an CLOSED replica.
2023-04-15 16:33:16,324 [BlockDeletingService#9] INFO  interfaces.ContainerDeletionChoosingPolicyTemplate (ContainerDeletionChoosingPolicyTemplate.java:chooseContainerForBlockDeletion(83)) - Chosen 0/5000 blocks from 0 candidate containers.
2023-04-15 16:33:16,326 [BlockDeletingService#1] INFO  interfaces.ContainerDeletionChoosingPolicyTemplate (ContainerDeletionChoosingPolicyTemplate.java:chooseContainerForBlockDeletion(83)) - Chosen 0/5000 blocks from 0 candidate containers.
2023-04-15 16:33:16,391 [grpc-default-executor-5] WARN  server.GrpcLogAppender (LogUtils.java:warn(122)) - 30c0a845-a217-4f15-8bab-f33012bc7910@group-F40867945940->f16a70e5-fe04-4d06-9179-25c3ad8a94bb-AppendLogResponseHandler: Failed appendEntries: org.apache.ratis.thirdparty.io.grpc.StatusRuntimeException: UNAVAILABLE: io exception
2023-04-15 16:33:16,391 [grpc-default-executor-3] WARN  server.GrpcLogAppender (LogUtils.java:warn(122)) - 30c0a845-a217-4f15-8bab-f33012bc7910@group-F40867945940->f16a70e5-fe04-4d06-9179-25c3ad8a94bb-AppendLogResponseHandler: Failed appendEntries: org.apache.ratis.thirdparty.io.grpc.StatusRuntimeException: UNAVAILABLE: io exception
2023-04-15 16:33:16,392 [grpc-default-executor-5] WARN  server.GrpcLogAppender (GrpcLogAppender.java:resetClient(131)) - 30c0a845-a217-4f15-8bab-f33012bc7910@group-F40867945940->f16a70e5-fe04-4d06-9179-25c3ad8a94bb-GrpcLogAppender: Leader has not got in touch with Follower 30c0a845-a217-4f15-8bab-f33012bc7910@group-F40867945940->f16a70e5-fe04-4d06-9179-25c3ad8a94bb(c-1,m0,n7, attendVote=true, lastRpcSendTime=0, lastRpcResponseTime=84594) yet, just keep nextIndex unchanged and retry.
2023-04-15 16:33:16,392 [grpc-default-executor-3] WARN  server.GrpcLogAppender (GrpcLogAppender.java:resetClient(131)) - 30c0a845-a217-4f15-8bab-f33012bc7910@group-F40867945940->f16a70e5-fe04-4d06-9179-25c3ad8a94bb-GrpcLogAppender: Leader has not got in touch with Follower 30c0a845-a217-4f15-8bab-f33012bc7910@group-F40867945940->f16a70e5-fe04-4d06-9179-25c3ad8a94bb(c-1,m0,n7, attendVote=true, lastRpcSendTime=1, lastRpcResponseTime=84595) yet, just keep nextIndex unchanged and retry.
2023-04-15 16:33:16,425 [BlockDeletingService#9] INFO  interfaces.ContainerDeletionChoosingPolicyTemplate (ContainerDeletionChoosingPolicyTemplate.java:chooseContainerForBlockDeletion(83)) - Chosen 0/5000 blocks from 0 candidate containers.
2023-04-15 16:33:16,426 [BlockDeletingService#1] INFO  interfaces.ContainerDeletionChoosingPolicyTemplate (ContainerDeletionChoosingPolicyTemplate.java:chooseContainerForBlockDeletion(83)) - Chosen 0/5000 blocks from 0 candidate containers.
2023-04-15 16:33:16,427 [FixedThreadPoolWithAffinityExecutor-0-0] WARN  container.ContainerReportHandler (AbstractContainerReportHandler.java:updateContainerState(259)) - Container #1 is in OPEN state, but the datanode 30c0a845-a217-4f15-8bab-f33012bc7910(fv-az202-370.ngw3kpfb2bguzbtcwuqjmbcvef.gx.internal.cloudapp.net/10.1.0.27) reports an CLOSED replica.
2023-04-15 16:33:16,471 [FixedThreadPoolWithAffinityExecutor-1-0] WARN  container.ContainerReportHandler (AbstractContainerReportHandler.java:updateContainerState(259)) - Container #1 is in OPEN state, but the datanode 0dee40cf-0d5a-47f0-9c10-89273726be1d(fv-az202-370.ngw3kpfb2bguzbtcwuqjmbcvef.gx.internal.cloudapp.net/10.1.0.27) reports an CLOSED replica.
2023-04-15 16:33:16,525 [BlockDeletingService#9] INFO  interfaces.ContainerDeletionChoosingPolicyTemplate (ContainerDeletionChoosingPolicyTemplate.java:chooseContainerForBlockDeletion(83)) - Chosen 0/5000 blocks from 0 candidate containers.
2023-04-15 16:33:16,526 [BlockDeletingService#1] INFO  interfaces.ContainerDeletionChoosingPolicyTemplate (ContainerDeletionChoosingPolicyTemplate.java:chooseContainerForBlockDeletion(83)) - Chosen 0/5000 blocks from 0 candidate containers.
2023-04-15 16:33:16,625 [BlockDeletingService#9] INFO  interfaces.ContainerDeletionChoosingPolicyTemplate (ContainerDeletionChoosingPolicyTemplate.java:chooseContainerForBlockDeletion(83)) - Chosen 0/5000 blocks from 0 candidate containers.
2023-04-15 16:33:16,626 [BlockDeletingService#1] INFO  interfaces.ContainerDeletionChoosingPolicyTemplate (ContainerDeletionChoosingPolicyTemplate.java:chooseContainerForBlockDeletion(83)) - Chosen 0/5000 blocks from 0 candidate containers.
2023-04-15 16:33:16,671 [FixedThreadPoolWithAffinityExecutor-1-0] WARN  container.ContainerReportHandler (AbstractContainerReportHandler.java:updateContainerState(259)) - Container #1 is in OPEN state, but the datanode 0dee40cf-0d5a-47f0-9c10-89273726be1d(fv-az202-370.ngw3kpfb2bguzbtcwuqjmbcvef.gx.internal.cloudapp.net/10.1.0.27) reports an CLOSED replica.
2023-04-15 16:33:16,725 [BlockDeletingService#9] INFO  interfaces.ContainerDeletionChoosingPolicyTemplate (ContainerDeletionChoosingPolicyTemplate.java:chooseContainerForBlockDeletion(83)) - Chosen 0/5000 blocks from 0 candidate containers.
2023-04-15 16:33:16,726 [BlockDeletingService#1] INFO  interfaces.ContainerDeletionChoosingPolicyTemplate (ContainerDeletionChoosingPolicyTemplate.java:chooseContainerForBlockDeletion(83)) - Chosen 0/5000 blocks from 0 candidate containers.
2023-04-15 16:33:16,727 [FixedThreadPoolWithAffinityExecutor-0-0] WARN  container.ContainerReportHandler (AbstractContainerReportHandler.java:updateContainerState(259)) - Container #1 is in OPEN state, but the datanode 30c0a845-a217-4f15-8bab-f33012bc7910(fv-az202-370.ngw3kpfb2bguzbtcwuqjmbcvef.gx.internal.cloudapp.net/10.1.0.27) reports an CLOSED replica.
2023-04-15 16:33:16,825 [BlockDeletingService#9] INFO  interfaces.ContainerDeletionChoosingPolicyTemplate (ContainerDeletionChoosingPolicyTemplate.java:chooseContainerForBlockDeletion(83)) - Chosen 0/5000 blocks from 0 candidate containers.
2023-04-15 16:33:16,826 [BlockDeletingService#1] INFO  interfaces.ContainerDeletionChoosingPolicyTemplate (ContainerDeletionChoosingPolicyTemplate.java:chooseContainerForBlockDeletion(83)) - Chosen 0/5000 blocks from 0 candidate containers.
2023-04-15 16:33:16,925 [BlockDeletingService#9] INFO  interfaces.ContainerDeletionChoosingPolicyTemplate (ContainerDeletionChoosingPolicyTemplate.java:chooseContainerForBlockDeletion(83)) - Chosen 0/5000 blocks from 0 candidate containers.
2023-04-15 16:33:16,926 [BlockDeletingService#1] INFO  interfaces.ContainerDeletionChoosingPolicyTemplate (ContainerDeletionChoosingPolicyTemplate.java:chooseContainerForBlockDeletion(83)) - Chosen 0/5000 blocks from 0 candidate containers.
2023-04-15 16:33:16,927 [FixedThreadPoolWithAffinityExecutor-0-0] WARN  container.ContainerReportHandler (AbstractContainerReportHandler.java:updateContainerState(259)) - Container #1 is in OPEN state, but the datanode 30c0a845-a217-4f15-8bab-f33012bc7910(fv-az202-370.ngw3kpfb2bguzbtcwuqjmbcvef.gx.internal.cloudapp.net/10.1.0.27) reports an CLOSED replica.
2023-04-15 16:33:16,973 [FixedThreadPoolWithAffinityExecutor-1-0] WARN  container.ContainerReportHandler (AbstractContainerReportHandler.java:updateContainerState(259)) - Container #1 is in OPEN state, but the datanode 0dee40cf-0d5a-47f0-9c10-89273726be1d(fv-az202-370.ngw3kpfb2bguzbtcwuqjmbcvef.gx.internal.cloudapp.net/10.1.0.27) reports an CLOSED replica.
2023-04-15 16:33:17,026 [BlockDeletingService#9] INFO  interfaces.ContainerDeletionChoosingPolicyTemplate (ContainerDeletionChoosingPolicyTemplate.java:chooseContainerForBlockDeletion(83)) - Chosen 0/5000 blocks from 0 candidate containers.
2023-04-15 16:33:17,027 [BlockDeletingService#1] INFO  interfaces.ContainerDeletionChoosingPolicyTemplate (ContainerDeletionChoosingPolicyTemplate.java:chooseContainerForBlockDeletion(83)) - Chosen 0/5000 blocks from 0 candidate containers.
2023-04-15 16:33:17,126 [BlockDeletingService#9] INFO  interfaces.ContainerDeletionChoosingPolicyTemplate (ContainerDeletionChoosingPolicyTemplate.java:chooseContainerForBlockDeletion(83)) - Chosen 0/5000 blocks from 0 candidate containers.
2023-04-15 16:33:17,127 [BlockDeletingService#1] INFO  interfaces.ContainerDeletionChoosingPolicyTemplate (ContainerDeletionChoosingPolicyTemplate.java:chooseContainerForBlockDeletion(83)) - Chosen 0/5000 blocks from 0 candidate containers.
2023-04-15 16:33:17,226 [BlockDeletingService#9] INFO  interfaces.ContainerDeletionChoosingPolicyTemplate (ContainerDeletionChoosingPolicyTemplate.java:chooseContainerForBlockDeletion(83)) - Chosen 0/5000 blocks from 0 candidate containers.
2023-04-15 16:33:17,227 [BlockDeletingService#1] INFO  interfaces.ContainerDeletionChoosingPolicyTemplate (ContainerDeletionChoosingPolicyTemplate.java:chooseContainerForBlockDeletion(83)) - Chosen 0/5000 blocks from 0 candidate containers.
2023-04-15 16:33:17,228 [FixedThreadPoolWithAffinityExecutor-0-0] WARN  container.ContainerReportHandler (AbstractContainerReportHandler.java:updateContainerState(259)) - Container #1 is in OPEN state, but the datanode 30c0a845-a217-4f15-8bab-f33012bc7910(fv-az202-370.ngw3kpfb2bguzbtcwuqjmbcvef.gx.internal.cloudapp.net/10.1.0.27) reports an CLOSED replica.
2023-04-15 16:33:17,273 [FixedThreadPoolWithAffinityExecutor-1-0] WARN  container.ContainerReportHandler (AbstractContainerReportHandler.java:updateContainerState(259)) - Container #1 is in OPEN state, but the datanode 0dee40cf-0d5a-47f0-9c10-89273726be1d(fv-az202-370.ngw3kpfb2bguzbtcwuqjmbcvef.gx.internal.cloudapp.net/10.1.0.27) reports an CLOSED replica.
2023-04-15 16:33:17,326 [BlockDeletingService#9] INFO  interfaces.ContainerDeletionChoosingPolicyTemplate (ContainerDeletionChoosingPolicyTemplate.java:chooseContainerForBlockDeletion(83)) - Chosen 0/5000 blocks from 0 candidate containers.
2023-04-15 16:33:17,327 [BlockDeletingService#1] INFO  interfaces.ContainerDeletionChoosingPolicyTemplate (ContainerDeletionChoosingPolicyTemplate.java:chooseContainerForBlockDeletion(83)) - Chosen 0/5000 blocks from 0 candidate containers.
2023-04-15 16:33:17,426 [BlockDeletingService#9] INFO  interfaces.ContainerDeletionChoosingPolicyTemplate (ContainerDeletionChoosingPolicyTemplate.java:chooseContainerForBlockDeletion(83)) - Chosen 0/5000 blocks from 0 candidate containers.
2023-04-15 16:33:17,427 [BlockDeletingService#1] INFO  interfaces.ContainerDeletionChoosingPolicyTemplate (ContainerDeletionChoosingPolicyTemplate.java:chooseContainerForBlockDeletion(83)) - Chosen 0/5000 blocks from 0 candidate containers.
2023-04-15 16:33:17,429 [FixedThreadPoolWithAffinityExecutor-0-0] WARN  container.ContainerReportHandler (AbstractContainerReportHandler.java:updateContainerState(259)) - Container #1 is in OPEN state, but the datanode 30c0a845-a217-4f15-8bab-f33012bc7910(fv-az202-370.ngw3kpfb2bguzbtcwuqjmbcvef.gx.internal.cloudapp.net/10.1.0.27) reports an CLOSED replica.
2023-04-15 16:33:17,474 [FixedThreadPoolWithAffinityExecutor-1-0] WARN  container.ContainerReportHandler (AbstractContainerReportHandler.java:updateContainerState(259)) - Container #1 is in OPEN state, but the datanode 0dee40cf-0d5a-47f0-9c10-89273726be1d(fv-az202-370.ngw3kpfb2bguzbtcwuqjmbcvef.gx.internal.cloudapp.net/10.1.0.27) reports an CLOSED replica.
2023-04-15 16:33:17,526 [BlockDeletingService#9] INFO  interfaces.ContainerDeletionChoosingPolicyTemplate (ContainerDeletionChoosingPolicyTemplate.java:chooseContainerForBlockDeletion(83)) - Chosen 0/5000 blocks from 0 candidate containers.
2023-04-15 16:33:17,527 [BlockDeletingService#1] INFO  interfaces.ContainerDeletionChoosingPolicyTemplate (ContainerDeletionChoosingPolicyTemplate.java:chooseContainerForBlockDeletion(83)) - Chosen 0/5000 blocks from 0 candidate containers.
2023-04-15 16:33:17,627 [BlockDeletingService#9] INFO  interfaces.ContainerDeletionChoosingPolicyTemplate (ContainerDeletionChoosingPolicyTemplate.java:chooseContainerForBlockDeletion(83)) - Chosen 0/5000 blocks from 0 candidate containers.
2023-04-15 16:33:17,627 [BlockDeletingService#1] INFO  interfaces.ContainerDeletionChoosingPolicyTemplate (ContainerDeletionChoosingPolicyTemplate.java:chooseContainerForBlockDeletion(83)) - Chosen 0/5000 blocks from 0 candidate containers.
2023-04-15 16:33:17,641 [grpc-default-executor-3] WARN  server.GrpcLogAppender (LogUtils.java:warn(122)) - 30c0a845-a217-4f15-8bab-f33012bc7910@group-F40867945940->f16a70e5-fe04-4d06-9179-25c3ad8a94bb-AppendLogResponseHandler: Failed appendEntries: org.apache.ratis.thirdparty.io.grpc.StatusRuntimeException: UNAVAILABLE: io exception
2023-04-15 16:33:17,641 [grpc-default-executor-5] WARN  server.GrpcLogAppender (LogUtils.java:warn(122)) - 30c0a845-a217-4f15-8bab-f33012bc7910@group-F40867945940->f16a70e5-fe04-4d06-9179-25c3ad8a94bb-AppendLogResponseHandler: Failed appendEntries: org.apache.ratis.thirdparty.io.grpc.StatusRuntimeException: UNAVAILABLE: io exception
2023-04-15 16:33:17,642 [grpc-default-executor-3] WARN  server.GrpcLogAppender (GrpcLogAppender.java:resetClient(131)) - 30c0a845-a217-4f15-8bab-f33012bc7910@group-F40867945940->f16a70e5-fe04-4d06-9179-25c3ad8a94bb-GrpcLogAppender: Leader has not got in touch with Follower 30c0a845-a217-4f15-8bab-f33012bc7910@group-F40867945940->f16a70e5-fe04-4d06-9179-25c3ad8a94bb(c-1,m0,n7, attendVote=true, lastRpcSendTime=0, lastRpcResponseTime=85844) yet, just keep nextIndex unchanged and retry.
2023-04-15 16:33:17,642 [grpc-default-executor-5] WARN  server.GrpcLogAppender (GrpcLogAppender.java:resetClient(131)) - 30c0a845-a217-4f15-8bab-f33012bc7910@group-F40867945940->f16a70e5-fe04-4d06-9179-25c3ad8a94bb-GrpcLogAppender: Leader has not got in touch with Follower 30c0a845-a217-4f15-8bab-f33012bc7910@group-F40867945940->f16a70e5-fe04-4d06-9179-25c3ad8a94bb(c-1,m0,n7, attendVote=true, lastRpcSendTime=0, lastRpcResponseTime=85844) yet, just keep nextIndex unchanged and retry.
2023-04-15 16:33:17,727 [BlockDeletingService#9] INFO  interfaces.ContainerDeletionChoosingPolicyTemplate (ContainerDeletionChoosingPolicyTemplate.java:chooseContainerForBlockDeletion(83)) - Chosen 0/5000 blocks from 0 candidate containers.
2023-04-15 16:33:17,728 [BlockDeletingService#1] INFO  interfaces.ContainerDeletionChoosingPolicyTemplate (ContainerDeletionChoosingPolicyTemplate.java:chooseContainerForBlockDeletion(83)) - Chosen 0/5000 blocks from 0 candidate containers.
2023-04-15 16:33:17,729 [FixedThreadPoolWithAffinityExecutor-0-0] WARN  container.ContainerReportHandler (AbstractContainerReportHandler.java:updateContainerState(259)) - Container #1 is in OPEN state, but the datanode 30c0a845-a217-4f15-8bab-f33012bc7910(fv-az202-370.ngw3kpfb2bguzbtcwuqjmbcvef.gx.internal.cloudapp.net/10.1.0.27) reports an CLOSED replica.
2023-04-15 16:33:17,775 [FixedThreadPoolWithAffinityExecutor-1-0] WARN  container.ContainerReportHandler (AbstractContainerReportHandler.java:updateContainerState(259)) - Container #1 is in OPEN state, but the datanode 0dee40cf-0d5a-47f0-9c10-89273726be1d(fv-az202-370.ngw3kpfb2bguzbtcwuqjmbcvef.gx.internal.cloudapp.net/10.1.0.27) reports an CLOSED replica.
2023-04-15 16:33:17,827 [BlockDeletingService#9] INFO  interfaces.ContainerDeletionChoosingPolicyTemplate (ContainerDeletionChoosingPolicyTemplate.java:chooseContainerForBlockDeletion(83)) - Chosen 0/5000 blocks from 0 candidate containers.
2023-04-15 16:33:17,828 [BlockDeletingService#1] INFO  interfaces.ContainerDeletionChoosingPolicyTemplate (ContainerDeletionChoosingPolicyTemplate.java:chooseContainerForBlockDeletion(83)) - Chosen 0/5000 blocks from 0 candidate containers.
2023-04-15 16:33:17,927 [BlockDeletingService#9] INFO  interfaces.ContainerDeletionChoosingPolicyTemplate (ContainerDeletionChoosingPolicyTemplate.java:chooseContainerForBlockDeletion(83)) - Chosen 0/5000 blocks from 0 candidate containers.
2023-04-15 16:33:17,928 [BlockDeletingService#1] INFO  interfaces.ContainerDeletionChoosingPolicyTemplate (ContainerDeletionChoosingPolicyTemplate.java:chooseContainerForBlockDeletion(83)) - Chosen 0/5000 blocks from 0 candidate containers.
2023-04-15 16:33:17,929 [FixedThreadPoolWithAffinityExecutor-0-0] WARN  container.ContainerReportHandler (AbstractContainerReportHandler.java:updateContainerState(259)) - Container #1 is in OPEN state, but the datanode 30c0a845-a217-4f15-8bab-f33012bc7910(fv-az202-370.ngw3kpfb2bguzbtcwuqjmbcvef.gx.internal.cloudapp.net/10.1.0.27) reports an CLOSED replica.
2023-04-15 16:33:18,027 [BlockDeletingService#9] INFO  interfaces.ContainerDeletionChoosingPolicyTemplate (ContainerDeletionChoosingPolicyTemplate.java:chooseContainerForBlockDeletion(83)) - Chosen 0/5000 blocks from 0 candidate containers.
2023-04-15 16:33:18,028 [BlockDeletingService#1] INFO  interfaces.ContainerDeletionChoosingPolicyTemplate (ContainerDeletionChoosingPolicyTemplate.java:chooseContainerForBlockDeletion(83)) - Chosen 0/5000 blocks from 0 candidate containers.
2023-04-15 16:33:18,075 [FixedThreadPoolWithAffinityExecutor-1-0] WARN  container.ContainerReportHandler (AbstractContainerReportHandler.java:updateContainerState(259)) - Container #1 is in OPEN state, but the datanode 0dee40cf-0d5a-47f0-9c10-89273726be1d(fv-az202-370.ngw3kpfb2bguzbtcwuqjmbcvef.gx.internal.cloudapp.net/10.1.0.27) reports an CLOSED replica.
2023-04-15 16:33:18,128 [BlockDeletingService#9] INFO  interfaces.ContainerDeletionChoosingPolicyTemplate (ContainerDeletionChoosingPolicyTemplate.java:chooseContainerForBlockDeletion(83)) - Chosen 0/5000 blocks from 0 candidate containers.
2023-04-15 16:33:18,128 [BlockDeletingService#1] INFO  interfaces.ContainerDeletionChoosingPolicyTemplate (ContainerDeletionChoosingPolicyTemplate.java:chooseContainerForBlockDeletion(83)) - Chosen 0/5000 blocks from 0 candidate containers.
2023-04-15 16:33:18,228 [BlockDeletingService#9] INFO  interfaces.ContainerDeletionChoosingPolicyTemplate (ContainerDeletionChoosingPolicyTemplate.java:chooseContainerForBlockDeletion(83)) - Chosen 0/5000 blocks from 0 candidate containers.
2023-04-15 16:33:18,228 [BlockDeletingService#1] INFO  interfaces.ContainerDeletionChoosingPolicyTemplate (ContainerDeletionChoosingPolicyTemplate.java:chooseContainerForBlockDeletion(83)) - Chosen 0/5000 blocks from 0 candidate containers.
2023-04-15 16:33:18,230 [FixedThreadPoolWithAffinityExecutor-0-0] WARN  container.ContainerReportHandler (AbstractContainerReportHandler.java:updateContainerState(259)) - Container #1 is in OPEN state, but the datanode 30c0a845-a217-4f15-8bab-f33012bc7910(fv-az202-370.ngw3kpfb2bguzbtcwuqjmbcvef.gx.internal.cloudapp.net/10.1.0.27) reports an CLOSED replica.
2023-04-15 16:33:18,328 [BlockDeletingService#9] INFO  interfaces.ContainerDeletionChoosingPolicyTemplate (ContainerDeletionChoosingPolicyTemplate.java:chooseContainerForBlockDeletion(83)) - Chosen 0/5000 blocks from 0 candidate containers.
2023-04-15 16:33:18,328 [BlockDeletingService#1] INFO  interfaces.ContainerDeletionChoosingPolicyTemplate (ContainerDeletionChoosingPolicyTemplate.java:chooseContainerForBlockDeletion(83)) - Chosen 0/5000 blocks from 0 candidate containers.
2023-04-15 16:33:18,375 [FixedThreadPoolWithAffinityExecutor-1-0] WARN  container.ContainerReportHandler (AbstractContainerReportHandler.java:updateContainerState(259)) - Container #1 is in OPEN state, but the datanode 0dee40cf-0d5a-47f0-9c10-89273726be1d(fv-az202-370.ngw3kpfb2bguzbtcwuqjmbcvef.gx.internal.cloudapp.net/10.1.0.27) reports an CLOSED replica.
2023-04-15 16:33:18,428 [BlockDeletingService#9] INFO  interfaces.ContainerDeletionChoosingPolicyTemplate (ContainerDeletionChoosingPolicyTemplate.java:chooseContainerForBlockDeletion(83)) - Chosen 0/5000 blocks from 0 candidate containers.
2023-04-15 16:33:18,428 [BlockDeletingService#1] INFO  interfaces.ContainerDeletionChoosingPolicyTemplate (ContainerDeletionChoosingPolicyTemplate.java:chooseContainerForBlockDeletion(83)) - Chosen 0/5000 blocks from 0 candidate containers.
2023-04-15 16:33:18,528 [BlockDeletingService#9] INFO  interfaces.ContainerDeletionChoosingPolicyTemplate (ContainerDeletionChoosingPolicyTemplate.java:chooseContainerForBlockDeletion(83)) - Chosen 0/5000 blocks from 0 candidate containers.
2023-04-15 16:33:18,528 [BlockDeletingService#1] INFO  interfaces.ContainerDeletionChoosingPolicyTemplate (ContainerDeletionChoosingPolicyTemplate.java:chooseContainerForBlockDeletion(83)) - Chosen 0/5000 blocks from 0 candidate containers.
2023-04-15 16:33:18,530 [FixedThreadPoolWithAffinityExecutor-0-0] WARN  container.ContainerReportHandler (AbstractContainerReportHandler.java:updateContainerState(259)) - Container #1 is in OPEN state, but the datanode 30c0a845-a217-4f15-8bab-f33012bc7910(fv-az202-370.ngw3kpfb2bguzbtcwuqjmbcvef.gx.internal.cloudapp.net/10.1.0.27) reports an CLOSED replica.
2023-04-15 16:33:18,575 [FixedThreadPoolWithAffinityExecutor-1-0] WARN  container.ContainerReportHandler (AbstractContainerReportHandler.java:updateContainerState(259)) - Container #1 is in OPEN state, but the datanode 0dee40cf-0d5a-47f0-9c10-89273726be1d(fv-az202-370.ngw3kpfb2bguzbtcwuqjmbcvef.gx.internal.cloudapp.net/10.1.0.27) reports an CLOSED replica.
2023-04-15 16:33:18,629 [BlockDeletingService#9] INFO  interfaces.ContainerDeletionChoosingPolicyTemplate (ContainerDeletionChoosingPolicyTemplate.java:chooseContainerForBlockDeletion(83)) - Chosen 0/5000 blocks from 0 candidate containers.
2023-04-15 16:33:18,629 [BlockDeletingService#1] INFO  interfaces.ContainerDeletionChoosingPolicyTemplate (ContainerDeletionChoosingPolicyTemplate.java:chooseContainerForBlockDeletion(83)) - Chosen 0/5000 blocks from 0 candidate containers.
2023-04-15 16:33:18,729 [BlockDeletingService#9] INFO  interfaces.ContainerDeletionChoosingPolicyTemplate (ContainerDeletionChoosingPolicyTemplate.java:chooseContainerForBlockDeletion(83)) - Chosen 0/5000 blocks from 0 candidate containers.
2023-04-15 16:33:18,729 [BlockDeletingService#1] INFO  interfaces.ContainerDeletionChoosingPolicyTemplate (ContainerDeletionChoosingPolicyTemplate.java:chooseContainerForBlockDeletion(83)) - Chosen 0/5000 blocks from 0 candidate containers.
2023-04-15 16:33:18,730 [FixedThreadPoolWithAffinityExecutor-0-0] WARN  container.ContainerReportHandler (AbstractContainerReportHandler.java:updateContainerState(259)) - Container #1 is in OPEN state, but the datanode 30c0a845-a217-4f15-8bab-f33012bc7910(fv-az202-370.ngw3kpfb2bguzbtcwuqjmbcvef.gx.internal.cloudapp.net/10.1.0.27) reports an CLOSED replica.
2023-04-15 16:33:18,829 [BlockDeletingService#9] INFO  interfaces.ContainerDeletionChoosingPolicyTemplate (ContainerDeletionChoosingPolicyTemplate.java:chooseContainerForBlockDeletion(83)) - Chosen 0/5000 blocks from 0 candidate containers.
2023-04-15 16:33:18,829 [BlockDeletingService#1] INFO  interfaces.ContainerDeletionChoosingPolicyTemplate (ContainerDeletionChoosingPolicyTemplate.java:chooseContainerForBlockDeletion(83)) - Chosen 0/5000 blocks from 0 candidate containers.
2023-04-15 16:33:18,877 [FixedThreadPoolWithAffinityExecutor-1-0] WARN  container.ContainerReportHandler (AbstractContainerReportHandler.java:updateContainerState(259)) - Container #1 is in OPEN state, but the datanode 0dee40cf-0d5a-47f0-9c10-89273726be1d(fv-az202-370.ngw3kpfb2bguzbtcwuqjmbcvef.gx.internal.cloudapp.net/10.1.0.27) reports an CLOSED replica.
2023-04-15 16:33:18,892 [grpc-default-executor-5] WARN  server.GrpcLogAppender (LogUtils.java:warn(122)) - 30c0a845-a217-4f15-8bab-f33012bc7910@group-F40867945940->f16a70e5-fe04-4d06-9179-25c3ad8a94bb-AppendLogResponseHandler: Failed appendEntries: org.apache.ratis.thirdparty.io.grpc.StatusRuntimeException: UNAVAILABLE: io exception
2023-04-15 16:33:18,892 [grpc-default-executor-5] WARN  server.GrpcLogAppender (GrpcLogAppender.java:resetClient(131)) - 30c0a845-a217-4f15-8bab-f33012bc7910@group-F40867945940->f16a70e5-fe04-4d06-9179-25c3ad8a94bb-GrpcLogAppender: Leader has not got in touch with Follower 30c0a845-a217-4f15-8bab-f33012bc7910@group-F40867945940->f16a70e5-fe04-4d06-9179-25c3ad8a94bb(c-1,m0,n7, attendVote=true, lastRpcSendTime=0, lastRpcResponseTime=87095) yet, just keep nextIndex unchanged and retry.
2023-04-15 16:33:18,893 [grpc-default-executor-3] WARN  server.GrpcLogAppender (LogUtils.java:warn(122)) - 30c0a845-a217-4f15-8bab-f33012bc7910@group-F40867945940->f16a70e5-fe04-4d06-9179-25c3ad8a94bb-AppendLogResponseHandler: Failed appendEntries: org.apache.ratis.thirdparty.io.grpc.StatusRuntimeException: UNAVAILABLE: io exception
2023-04-15 16:33:18,893 [grpc-default-executor-3] WARN  server.GrpcLogAppender (GrpcLogAppender.java:resetClient(131)) - 30c0a845-a217-4f15-8bab-f33012bc7910@group-F40867945940->f16a70e5-fe04-4d06-9179-25c3ad8a94bb-GrpcLogAppender: Leader has not got in touch with Follower 30c0a845-a217-4f15-8bab-f33012bc7910@group-F40867945940->f16a70e5-fe04-4d06-9179-25c3ad8a94bb(c-1,m0,n7, attendVote=true, lastRpcSendTime=0, lastRpcResponseTime=87095) yet, just keep nextIndex unchanged and retry.
2023-04-15 16:33:18,929 [BlockDeletingService#9] INFO  interfaces.ContainerDeletionChoosingPolicyTemplate (ContainerDeletionChoosingPolicyTemplate.java:chooseContainerForBlockDeletion(83)) - Chosen 0/5000 blocks from 0 candidate containers.
2023-04-15 16:33:18,929 [BlockDeletingService#1] INFO  interfaces.ContainerDeletionChoosingPolicyTemplate (ContainerDeletionChoosingPolicyTemplate.java:chooseContainerForBlockDeletion(83)) - Chosen 0/5000 blocks from 0 candidate containers.
2023-04-15 16:33:19,029 [BlockDeletingService#1] INFO  interfaces.ContainerDeletionChoosingPolicyTemplate (ContainerDeletionChoosingPolicyTemplate.java:chooseContainerForBlockDeletion(83)) - Chosen 0/5000 blocks from 0 candidate containers.
2023-04-15 16:33:19,030 [BlockDeletingService#9] INFO  interfaces.ContainerDeletionChoosingPolicyTemplate (ContainerDeletionChoosingPolicyTemplate.java:chooseContainerForBlockDeletion(83)) - Chosen 0/5000 blocks from 0 candidate containers.
2023-04-15 16:33:19,030 [FixedThreadPoolWithAffinityExecutor-0-0] WARN  container.ContainerReportHandler (AbstractContainerReportHandler.java:updateContainerState(259)) - Container #1 is in OPEN state, but the datanode 30c0a845-a217-4f15-8bab-f33012bc7910(fv-az202-370.ngw3kpfb2bguzbtcwuqjmbcvef.gx.internal.cloudapp.net/10.1.0.27) reports an CLOSED replica.
2023-04-15 16:33:19,130 [BlockDeletingService#1] INFO  interfaces.ContainerDeletionChoosingPolicyTemplate (ContainerDeletionChoosingPolicyTemplate.java:chooseContainerForBlockDeletion(83)) - Chosen 0/5000 blocks from 0 candidate containers.
2023-04-15 16:33:19,130 [BlockDeletingService#9] INFO  interfaces.ContainerDeletionChoosingPolicyTemplate (ContainerDeletionChoosingPolicyTemplate.java:chooseContainerForBlockDeletion(83)) - Chosen 0/5000 blocks from 0 candidate containers.
2023-04-15 16:33:19,178 [FixedThreadPoolWithAffinityExecutor-1-0] WARN  container.ContainerReportHandler (AbstractContainerReportHandler.java:updateContainerState(259)) - Container #1 is in OPEN state, but the datanode 0dee40cf-0d5a-47f0-9c10-89273726be1d(fv-az202-370.ngw3kpfb2bguzbtcwuqjmbcvef.gx.internal.cloudapp.net/10.1.0.27) reports an CLOSED replica.
2023-04-15 16:33:19,230 [BlockDeletingService#1] INFO  interfaces.ContainerDeletionChoosingPolicyTemplate (ContainerDeletionChoosingPolicyTemplate.java:chooseContainerForBlockDeletion(83)) - Chosen 0/5000 blocks from 0 candidate containers.
2023-04-15 16:33:19,230 [BlockDeletingService#9] INFO  interfaces.ContainerDeletionChoosingPolicyTemplate (ContainerDeletionChoosingPolicyTemplate.java:chooseContainerForBlockDeletion(83)) - Chosen 0/5000 blocks from 0 candidate containers.
2023-04-15 16:33:19,232 [FixedThreadPoolWithAffinityExecutor-0-0] WARN  container.ContainerReportHandler (AbstractContainerReportHandler.java:updateContainerState(259)) - Container #1 is in OPEN state, but the datanode 30c0a845-a217-4f15-8bab-f33012bc7910(fv-az202-370.ngw3kpfb2bguzbtcwuqjmbcvef.gx.internal.cloudapp.net/10.1.0.27) reports an CLOSED replica.
2023-04-15 16:33:19,330 [BlockDeletingService#1] INFO  interfaces.ContainerDeletionChoosingPolicyTemplate (ContainerDeletionChoosingPolicyTemplate.java:chooseContainerForBlockDeletion(83)) - Chosen 0/5000 blocks from 0 candidate containers.
2023-04-15 16:33:19,330 [BlockDeletingService#9] INFO  interfaces.ContainerDeletionChoosingPolicyTemplate (ContainerDeletionChoosingPolicyTemplate.java:chooseContainerForBlockDeletion(83)) - Chosen 0/5000 blocks from 0 candidate containers.
2023-04-15 16:33:19,430 [BlockDeletingService#1] INFO  interfaces.ContainerDeletionChoosingPolicyTemplate (ContainerDeletionChoosingPolicyTemplate.java:chooseContainerForBlockDeletion(83)) - Chosen 0/5000 blocks from 0 candidate containers.
2023-04-15 16:33:19,430 [BlockDeletingService#9] INFO  interfaces.ContainerDeletionChoosingPolicyTemplate (ContainerDeletionChoosingPolicyTemplate.java:chooseContainerForBlockDeletion(83)) - Chosen 0/5000 blocks from 0 candidate containers.
2023-04-15 16:33:19,478 [FixedThreadPoolWithAffinityExecutor-1-0] WARN  container.ContainerReportHandler (AbstractContainerReportHandler.java:updateContainerState(259)) - Container #1 is in OPEN state, but the datanode 0dee40cf-0d5a-47f0-9c10-89273726be1d(fv-az202-370.ngw3kpfb2bguzbtcwuqjmbcvef.gx.internal.cloudapp.net/10.1.0.27) reports an CLOSED replica.
2023-04-15 16:33:19,530 [BlockDeletingService#1] INFO  interfaces.ContainerDeletionChoosingPolicyTemplate (ContainerDeletionChoosingPolicyTemplate.java:chooseContainerForBlockDeletion(83)) - Chosen 0/5000 blocks from 0 candidate containers.
2023-04-15 16:33:19,531 [BlockDeletingService#9] INFO  interfaces.ContainerDeletionChoosingPolicyTemplate (ContainerDeletionChoosingPolicyTemplate.java:chooseContainerForBlockDeletion(83)) - Chosen 0/5000 blocks from 0 candidate containers.
2023-04-15 16:33:19,532 [FixedThreadPoolWithAffinityExecutor-0-0] WARN  container.ContainerReportHandler (AbstractContainerReportHandler.java:updateContainerState(259)) - Container #1 is in OPEN state, but the datanode 30c0a845-a217-4f15-8bab-f33012bc7910(fv-az202-370.ngw3kpfb2bguzbtcwuqjmbcvef.gx.internal.cloudapp.net/10.1.0.27) reports an CLOSED replica.
2023-04-15 16:33:19,631 [BlockDeletingService#1] INFO  interfaces.ContainerDeletionChoosingPolicyTemplate (ContainerDeletionChoosingPolicyTemplate.java:chooseContainerForBlockDeletion(83)) - Chosen 0/5000 blocks from 0 candidate containers.
2023-04-15 16:33:19,631 [BlockDeletingService#9] INFO  interfaces.ContainerDeletionChoosingPolicyTemplate (ContainerDeletionChoosingPolicyTemplate.java:chooseContainerForBlockDeletion(83)) - Chosen 0/5000 blocks from 0 candidate containers.
2023-04-15 16:33:19,678 [FixedThreadPoolWithAffinityExecutor-1-0] WARN  container.ContainerReportHandler (AbstractContainerReportHandler.java:updateContainerState(259)) - Container #1 is in OPEN state, but the datanode 0dee40cf-0d5a-47f0-9c10-89273726be1d(fv-az202-370.ngw3kpfb2bguzbtcwuqjmbcvef.gx.internal.cloudapp.net/10.1.0.27) reports an CLOSED replica.
2023-04-15 16:33:19,731 [BlockDeletingService#1] INFO  interfaces.ContainerDeletionChoosingPolicyTemplate (ContainerDeletionChoosingPolicyTemplate.java:chooseContainerForBlockDeletion(83)) - Chosen 0/5000 blocks from 0 candidate containers.
2023-04-15 16:33:19,731 [BlockDeletingService#9] INFO  interfaces.ContainerDeletionChoosingPolicyTemplate (ContainerDeletionChoosingPolicyTemplate.java:chooseContainerForBlockDeletion(83)) - Chosen 0/5000 blocks from 0 candidate containers.
2023-04-15 16:33:19,732 [FixedThreadPoolWithAffinityExecutor-0-0] WARN  container.ContainerReportHandler (AbstractContainerReportHandler.java:updateContainerState(259)) - Container #1 is in OPEN state, but the datanode 30c0a845-a217-4f15-8bab-f33012bc7910(fv-az202-370.ngw3kpfb2bguzbtcwuqjmbcvef.gx.internal.cloudapp.net/10.1.0.27) reports an CLOSED replica.
2023-04-15 16:33:19,831 [BlockDeletingService#1] INFO  interfaces.ContainerDeletionChoosingPolicyTemplate (ContainerDeletionChoosingPolicyTemplate.java:chooseContainerForBlockDeletion(83)) - Chosen 0/5000 blocks from 0 candidate containers.
2023-04-15 16:33:19,831 [BlockDeletingService#9] INFO  interfaces.ContainerDeletionChoosingPolicyTemplate (ContainerDeletionChoosingPolicyTemplate.java:chooseContainerForBlockDeletion(83)) - Chosen 0/5000 blocks from 0 candidate containers.
2023-04-15 16:33:19,931 [BlockDeletingService#9] INFO  interfaces.ContainerDeletionChoosingPolicyTemplate (ContainerDeletionChoosingPolicyTemplate.java:chooseContainerForBlockDeletion(83)) - Chosen 0/5000 blocks from 0 candidate containers.
2023-04-15 16:33:19,931 [BlockDeletingService#1] INFO  interfaces.ContainerDeletionChoosingPolicyTemplate (ContainerDeletionChoosingPolicyTemplate.java:chooseContainerForBlockDeletion(83)) - Chosen 0/5000 blocks from 0 candidate containers.
2023-04-15 16:33:19,979 [FixedThreadPoolWithAffinityExecutor-1-0] WARN  container.ContainerReportHandler (AbstractContainerReportHandler.java:updateContainerState(259)) - Container #1 is in OPEN state, but the datanode 0dee40cf-0d5a-47f0-9c10-89273726be1d(fv-az202-370.ngw3kpfb2bguzbtcwuqjmbcvef.gx.internal.cloudapp.net/10.1.0.27) reports an CLOSED replica.
2023-04-15 16:33:20,031 [BlockDeletingService#9] INFO  interfaces.ContainerDeletionChoosingPolicyTemplate (ContainerDeletionChoosingPolicyTemplate.java:chooseContainerForBlockDeletion(83)) - Chosen 0/5000 blocks from 0 candidate containers.
2023-04-15 16:33:20,032 [BlockDeletingService#1] INFO  interfaces.ContainerDeletionChoosingPolicyTemplate (ContainerDeletionChoosingPolicyTemplate.java:chooseContainerForBlockDeletion(83)) - Chosen 0/5000 blocks from 0 candidate containers.
2023-04-15 16:33:20,032 [FixedThreadPoolWithAffinityExecutor-0-0] WARN  container.ContainerReportHandler (AbstractContainerReportHandler.java:updateContainerState(259)) - Container #1 is in OPEN state, but the datanode 30c0a845-a217-4f15-8bab-f33012bc7910(fv-az202-370.ngw3kpfb2bguzbtcwuqjmbcvef.gx.internal.cloudapp.net/10.1.0.27) reports an CLOSED replica.
2023-04-15 16:33:20,132 [BlockDeletingService#9] INFO  interfaces.ContainerDeletionChoosingPolicyTemplate (ContainerDeletionChoosingPolicyTemplate.java:chooseContainerForBlockDeletion(83)) - Chosen 0/5000 blocks from 0 candidate containers.
2023-04-15 16:33:20,132 [BlockDeletingService#1] INFO  interfaces.ContainerDeletionChoosingPolicyTemplate (ContainerDeletionChoosingPolicyTemplate.java:chooseContainerForBlockDeletion(83)) - Chosen 0/5000 blocks from 0 candidate containers.
2023-04-15 16:33:20,142 [grpc-default-executor-3] WARN  server.GrpcLogAppender (LogUtils.java:warn(122)) - 30c0a845-a217-4f15-8bab-f33012bc7910@group-F40867945940->f16a70e5-fe04-4d06-9179-25c3ad8a94bb-AppendLogResponseHandler: Failed appendEntries: org.apache.ratis.thirdparty.io.grpc.StatusRuntimeException: UNAVAILABLE: io exception
2023-04-15 16:33:20,143 [grpc-default-executor-3] WARN  server.GrpcLogAppender (GrpcLogAppender.java:resetClient(131)) - 30c0a845-a217-4f15-8bab-f33012bc7910@group-F40867945940->f16a70e5-fe04-4d06-9179-25c3ad8a94bb-GrpcLogAppender: Leader has not got in touch with Follower 30c0a845-a217-4f15-8bab-f33012bc7910@group-F40867945940->f16a70e5-fe04-4d06-9179-25c3ad8a94bb(c-1,m0,n7, attendVote=true, lastRpcSendTime=0, lastRpcResponseTime=88345) yet, just keep nextIndex unchanged and retry.
2023-04-15 16:33:20,143 [grpc-default-executor-5] WARN  server.GrpcLogAppender (LogUtils.java:warn(122)) - 30c0a845-a217-4f15-8bab-f33012bc7910@group-F40867945940->f16a70e5-fe04-4d06-9179-25c3ad8a94bb-AppendLogResponseHandler: Failed appendEntries: org.apache.ratis.thirdparty.io.grpc.StatusRuntimeException: UNAVAILABLE: io exception
2023-04-15 16:33:20,143 [grpc-default-executor-5] WARN  server.GrpcLogAppender (GrpcLogAppender.java:resetClient(131)) - 30c0a845-a217-4f15-8bab-f33012bc7910@group-F40867945940->f16a70e5-fe04-4d06-9179-25c3ad8a94bb-GrpcLogAppender: Leader has not got in touch with Follower 30c0a845-a217-4f15-8bab-f33012bc7910@group-F40867945940->f16a70e5-fe04-4d06-9179-25c3ad8a94bb(c-1,m0,n7, attendVote=true, lastRpcSendTime=0, lastRpcResponseTime=88345) yet, just keep nextIndex unchanged and retry.
2023-04-15 16:33:20,232 [BlockDeletingService#9] INFO  interfaces.ContainerDeletionChoosingPolicyTemplate (ContainerDeletionChoosingPolicyTemplate.java:chooseContainerForBlockDeletion(83)) - Chosen 0/5000 blocks from 0 candidate containers.
2023-04-15 16:33:20,232 [BlockDeletingService#1] INFO  interfaces.ContainerDeletionChoosingPolicyTemplate (ContainerDeletionChoosingPolicyTemplate.java:chooseContainerForBlockDeletion(83)) - Chosen 0/5000 blocks from 0 candidate containers.
2023-04-15 16:33:20,232 [FixedThreadPoolWithAffinityExecutor-0-0] WARN  container.ContainerReportHandler (AbstractContainerReportHandler.java:updateContainerState(259)) - Container #1 is in OPEN state, but the datanode 30c0a845-a217-4f15-8bab-f33012bc7910(fv-az202-370.ngw3kpfb2bguzbtcwuqjmbcvef.gx.internal.cloudapp.net/10.1.0.27) reports an CLOSED replica.
2023-04-15 16:33:20,279 [FixedThreadPoolWithAffinityExecutor-1-0] WARN  container.ContainerReportHandler (AbstractContainerReportHandler.java:updateContainerState(259)) - Container #1 is in OPEN state, but the datanode 0dee40cf-0d5a-47f0-9c10-89273726be1d(fv-az202-370.ngw3kpfb2bguzbtcwuqjmbcvef.gx.internal.cloudapp.net/10.1.0.27) reports an CLOSED replica.
2023-04-15 16:33:20,332 [BlockDeletingService#9] INFO  interfaces.ContainerDeletionChoosingPolicyTemplate (ContainerDeletionChoosingPolicyTemplate.java:chooseContainerForBlockDeletion(83)) - Chosen 0/5000 blocks from 0 candidate containers.
2023-04-15 16:33:20,332 [BlockDeletingService#1] INFO  interfaces.ContainerDeletionChoosingPolicyTemplate (ContainerDeletionChoosingPolicyTemplate.java:chooseContainerForBlockDeletion(83)) - Chosen 0/5000 blocks from 0 candidate containers.
2023-04-15 16:33:20,432 [BlockDeletingService#9] INFO  interfaces.ContainerDeletionChoosingPolicyTemplate (ContainerDeletionChoosingPolicyTemplate.java:chooseContainerForBlockDeletion(83)) - Chosen 0/5000 blocks from 0 candidate containers.
2023-04-15 16:33:20,432 [BlockDeletingService#1] INFO  interfaces.ContainerDeletionChoosingPolicyTemplate (ContainerDeletionChoosingPolicyTemplate.java:chooseContainerForBlockDeletion(83)) - Chosen 0/5000 blocks from 0 candidate containers.
2023-04-15 16:33:20,532 [FixedThreadPoolWithAffinityExecutor-0-0] WARN  container.ContainerReportHandler (AbstractContainerReportHandler.java:updateContainerState(259)) - Container #1 is in OPEN state, but the datanode 30c0a845-a217-4f15-8bab-f33012bc7910(fv-az202-370.ngw3kpfb2bguzbtcwuqjmbcvef.gx.internal.cloudapp.net/10.1.0.27) reports an CLOSED replica.
2023-04-15 16:33:20,534 [BlockDeletingService#1] INFO  interfaces.ContainerDeletionChoosingPolicyTemplate (ContainerDeletionChoosingPolicyTemplate.java:chooseContainerForBlockDeletion(83)) - Chosen 0/5000 blocks from 0 candidate containers.
2023-04-15 16:33:20,534 [BlockDeletingService#9] INFO  interfaces.ContainerDeletionChoosingPolicyTemplate (ContainerDeletionChoosingPolicyTemplate.java:chooseContainerForBlockDeletion(83)) - Chosen 0/5000 blocks from 0 candidate containers.
2023-04-15 16:33:20,579 [FixedThreadPoolWithAffinityExecutor-1-0] WARN  container.ContainerReportHandler (AbstractContainerReportHandler.java:updateContainerState(259)) - Container #1 is in OPEN state, but the datanode 0dee40cf-0d5a-47f0-9c10-89273726be1d(fv-az202-370.ngw3kpfb2bguzbtcwuqjmbcvef.gx.internal.cloudapp.net/10.1.0.27) reports an CLOSED replica.
2023-04-15 16:33:20,634 [BlockDeletingService#1] INFO  interfaces.ContainerDeletionChoosingPolicyTemplate (ContainerDeletionChoosingPolicyTemplate.java:chooseContainerForBlockDeletion(83)) - Chosen 0/5000 blocks from 0 candidate containers.
2023-04-15 16:33:20,634 [BlockDeletingService#9] INFO  interfaces.ContainerDeletionChoosingPolicyTemplate (ContainerDeletionChoosingPolicyTemplate.java:chooseContainerForBlockDeletion(83)) - Chosen 0/5000 blocks from 0 candidate containers.
2023-04-15 16:33:20,734 [BlockDeletingService#9] INFO  interfaces.ContainerDeletionChoosingPolicyTemplate (ContainerDeletionChoosingPolicyTemplate.java:chooseContainerForBlockDeletion(83)) - Chosen 0/5000 blocks from 0 candidate containers.
2023-04-15 16:33:20,734 [BlockDeletingService#1] INFO  interfaces.ContainerDeletionChoosingPolicyTemplate (ContainerDeletionChoosingPolicyTemplate.java:chooseContainerForBlockDeletion(83)) - Chosen 0/5000 blocks from 0 candidate containers.
2023-04-15 16:33:20,779 [FixedThreadPoolWithAffinityExecutor-1-0] WARN  container.ContainerReportHandler (AbstractContainerReportHandler.java:updateContainerState(259)) - Container #1 is in OPEN state, but the datanode 0dee40cf-0d5a-47f0-9c10-89273726be1d(fv-az202-370.ngw3kpfb2bguzbtcwuqjmbcvef.gx.internal.cloudapp.net/10.1.0.27) reports an CLOSED replica.
2023-04-15 16:33:20,832 [FixedThreadPoolWithAffinityExecutor-0-0] WARN  container.ContainerReportHandler (AbstractContainerReportHandler.java:updateContainerState(259)) - Container #1 is in OPEN state, but the datanode 30c0a845-a217-4f15-8bab-f33012bc7910(fv-az202-370.ngw3kpfb2bguzbtcwuqjmbcvef.gx.internal.cloudapp.net/10.1.0.27) reports an CLOSED replica.
2023-04-15 16:33:20,834 [BlockDeletingService#9] INFO  interfaces.ContainerDeletionChoosingPolicyTemplate (ContainerDeletionChoosingPolicyTemplate.java:chooseContainerForBlockDeletion(83)) - Chosen 0/5000 blocks from 0 candidate containers.
2023-04-15 16:33:20,834 [BlockDeletingService#1] INFO  interfaces.ContainerDeletionChoosingPolicyTemplate (ContainerDeletionChoosingPolicyTemplate.java:chooseContainerForBlockDeletion(83)) - Chosen 0/5000 blocks from 0 candidate containers.
2023-04-15 16:33:20,934 [BlockDeletingService#9] INFO  interfaces.ContainerDeletionChoosingPolicyTemplate (ContainerDeletionChoosingPolicyTemplate.java:chooseContainerForBlockDeletion(83)) - Chosen 0/5000 blocks from 0 candidate containers.
2023-04-15 16:33:20,934 [BlockDeletingService#1] INFO  interfaces.ContainerDeletionChoosingPolicyTemplate (ContainerDeletionChoosingPolicyTemplate.java:chooseContainerForBlockDeletion(83)) - Chosen 0/5000 blocks from 0 candidate containers.
2023-04-15 16:33:21,032 [FixedThreadPoolWithAffinityExecutor-0-0] WARN  container.ContainerReportHandler (AbstractContainerReportHandler.java:updateContainerState(259)) - Container #1 is in OPEN state, but the datanode 30c0a845-a217-4f15-8bab-f33012bc7910(fv-az202-370.ngw3kpfb2bguzbtcwuqjmbcvef.gx.internal.cloudapp.net/10.1.0.27) reports an CLOSED replica.
2023-04-15 16:33:21,034 [BlockDeletingService#9] INFO  interfaces.ContainerDeletionChoosingPolicyTemplate (ContainerDeletionChoosingPolicyTemplate.java:chooseContainerForBlockDeletion(83)) - Chosen 0/5000 blocks from 0 candidate containers.
2023-04-15 16:33:21,034 [BlockDeletingService#1] INFO  interfaces.ContainerDeletionChoosingPolicyTemplate (ContainerDeletionChoosingPolicyTemplate.java:chooseContainerForBlockDeletion(83)) - Chosen 0/5000 blocks from 0 candidate containers.
2023-04-15 16:33:21,082 [FixedThreadPoolWithAffinityExecutor-1-0] WARN  container.ContainerReportHandler (AbstractContainerReportHandler.java:updateContainerState(259)) - Container #1 is in OPEN state, but the datanode 0dee40cf-0d5a-47f0-9c10-89273726be1d(fv-az202-370.ngw3kpfb2bguzbtcwuqjmbcvef.gx.internal.cloudapp.net/10.1.0.27) reports an CLOSED replica.
2023-04-15 16:33:21,135 [BlockDeletingService#1] INFO  interfaces.ContainerDeletionChoosingPolicyTemplate (ContainerDeletionChoosingPolicyTemplate.java:chooseContainerForBlockDeletion(83)) - Chosen 0/5000 blocks from 0 candidate containers.
2023-04-15 16:33:21,135 [BlockDeletingService#9] INFO  interfaces.ContainerDeletionChoosingPolicyTemplate (ContainerDeletionChoosingPolicyTemplate.java:chooseContainerForBlockDeletion(83)) - Chosen 0/5000 blocks from 0 candidate containers.
2023-04-15 16:33:21,235 [BlockDeletingService#1] INFO  interfaces.ContainerDeletionChoosingPolicyTemplate (ContainerDeletionChoosingPolicyTemplate.java:chooseContainerForBlockDeletion(83)) - Chosen 0/5000 blocks from 0 candidate containers.
2023-04-15 16:33:21,235 [BlockDeletingService#9] INFO  interfaces.ContainerDeletionChoosingPolicyTemplate (ContainerDeletionChoosingPolicyTemplate.java:chooseContainerForBlockDeletion(83)) - Chosen 0/5000 blocks from 0 candidate containers.
2023-04-15 16:33:21,333 [FixedThreadPoolWithAffinityExecutor-0-0] WARN  container.ContainerReportHandler (AbstractContainerReportHandler.java:updateContainerState(259)) - Container #1 is in OPEN state, but the datanode 30c0a845-a217-4f15-8bab-f33012bc7910(fv-az202-370.ngw3kpfb2bguzbtcwuqjmbcvef.gx.internal.cloudapp.net/10.1.0.27) reports an CLOSED replica.
2023-04-15 16:33:21,335 [BlockDeletingService#1] INFO  interfaces.ContainerDeletionChoosingPolicyTemplate (ContainerDeletionChoosingPolicyTemplate.java:chooseContainerForBlockDeletion(83)) - Chosen 0/5000 blocks from 0 candidate containers.
2023-04-15 16:33:21,335 [BlockDeletingService#9] INFO  interfaces.ContainerDeletionChoosingPolicyTemplate (ContainerDeletionChoosingPolicyTemplate.java:chooseContainerForBlockDeletion(83)) - Chosen 0/5000 blocks from 0 candidate containers.
2023-04-15 16:33:21,382 [FixedThreadPoolWithAffinityExecutor-1-0] WARN  container.ContainerReportHandler (AbstractContainerReportHandler.java:updateContainerState(259)) - Container #1 is in OPEN state, but the datanode 0dee40cf-0d5a-47f0-9c10-89273726be1d(fv-az202-370.ngw3kpfb2bguzbtcwuqjmbcvef.gx.internal.cloudapp.net/10.1.0.27) reports an CLOSED replica.
2023-04-15 16:33:21,392 [grpc-default-executor-5] WARN  server.GrpcLogAppender (LogUtils.java:warn(122)) - 30c0a845-a217-4f15-8bab-f33012bc7910@group-F40867945940->f16a70e5-fe04-4d06-9179-25c3ad8a94bb-AppendLogResponseHandler: Failed appendEntries: org.apache.ratis.thirdparty.io.grpc.StatusRuntimeException: UNAVAILABLE: io exception
2023-04-15 16:33:21,393 [grpc-default-executor-5] WARN  server.GrpcLogAppender (GrpcLogAppender.java:resetClient(131)) - 30c0a845-a217-4f15-8bab-f33012bc7910@group-F40867945940->f16a70e5-fe04-4d06-9179-25c3ad8a94bb-GrpcLogAppender: Leader has not got in touch with Follower 30c0a845-a217-4f15-8bab-f33012bc7910@group-F40867945940->f16a70e5-fe04-4d06-9179-25c3ad8a94bb(c-1,m0,n7, attendVote=true, lastRpcSendTime=0, lastRpcResponseTime=89595) yet, just keep nextIndex unchanged and retry.
2023-04-15 16:33:21,393 [grpc-default-executor-3] WARN  server.GrpcLogAppender (LogUtils.java:warn(122)) - 30c0a845-a217-4f15-8bab-f33012bc7910@group-F40867945940->f16a70e5-fe04-4d06-9179-25c3ad8a94bb-AppendLogResponseHandler: Failed appendEntries: org.apache.ratis.thirdparty.io.grpc.StatusRuntimeException: UNAVAILABLE: io exception
2023-04-15 16:33:21,393 [grpc-default-executor-3] WARN  server.GrpcLogAppender (GrpcLogAppender.java:resetClient(131)) - 30c0a845-a217-4f15-8bab-f33012bc7910@group-F40867945940->f16a70e5-fe04-4d06-9179-25c3ad8a94bb-GrpcLogAppender: Leader has not got in touch with Follower 30c0a845-a217-4f15-8bab-f33012bc7910@group-F40867945940->f16a70e5-fe04-4d06-9179-25c3ad8a94bb(c-1,m0,n7, attendVote=true, lastRpcSendTime=0, lastRpcResponseTime=89595) yet, just keep nextIndex unchanged and retry.
2023-04-15 16:33:21,435 [BlockDeletingService#1] INFO  interfaces.ContainerDeletionChoosingPolicyTemplate (ContainerDeletionChoosingPolicyTemplate.java:chooseContainerForBlockDeletion(83)) - Chosen 0/5000 blocks from 0 candidate containers.
2023-04-15 16:33:21,435 [BlockDeletingService#9] INFO  interfaces.ContainerDeletionChoosingPolicyTemplate (ContainerDeletionChoosingPolicyTemplate.java:chooseContainerForBlockDeletion(83)) - Chosen 0/5000 blocks from 0 candidate containers.
2023-04-15 16:33:21,533 [FixedThreadPoolWithAffinityExecutor-0-0] WARN  container.ContainerReportHandler (AbstractContainerReportHandler.java:updateContainerState(259)) - Container #1 is in OPEN state, but the datanode 30c0a845-a217-4f15-8bab-f33012bc7910(fv-az202-370.ngw3kpfb2bguzbtcwuqjmbcvef.gx.internal.cloudapp.net/10.1.0.27) reports an CLOSED replica.
2023-04-15 16:33:21,535 [BlockDeletingService#1] INFO  interfaces.ContainerDeletionChoosingPolicyTemplate (ContainerDeletionChoosingPolicyTemplate.java:chooseContainerForBlockDeletion(83)) - Chosen 0/5000 blocks from 0 candidate containers.
2023-04-15 16:33:21,535 [BlockDeletingService#9] INFO  interfaces.ContainerDeletionChoosingPolicyTemplate (ContainerDeletionChoosingPolicyTemplate.java:chooseContainerForBlockDeletion(83)) - Chosen 0/5000 blocks from 0 candidate containers.
2023-04-15 16:33:21,582 [FixedThreadPoolWithAffinityExecutor-1-0] WARN  container.ContainerReportHandler (AbstractContainerReportHandler.java:updateContainerState(259)) - Container #1 is in OPEN state, but the datanode 0dee40cf-0d5a-47f0-9c10-89273726be1d(fv-az202-370.ngw3kpfb2bguzbtcwuqjmbcvef.gx.internal.cloudapp.net/10.1.0.27) reports an CLOSED replica.
2023-04-15 16:33:21,635 [BlockDeletingService#1] INFO  interfaces.ContainerDeletionChoosingPolicyTemplate (ContainerDeletionChoosingPolicyTemplate.java:chooseContainerForBlockDeletion(83)) - Chosen 0/5000 blocks from 0 candidate containers.
2023-04-15 16:33:21,636 [BlockDeletingService#9] INFO  interfaces.ContainerDeletionChoosingPolicyTemplate (ContainerDeletionChoosingPolicyTemplate.java:chooseContainerForBlockDeletion(83)) - Chosen 0/5000 blocks from 0 candidate containers.
2023-04-15 16:33:21,736 [BlockDeletingService#1] INFO  interfaces.ContainerDeletionChoosingPolicyTemplate (ContainerDeletionChoosingPolicyTemplate.java:chooseContainerForBlockDeletion(83)) - Chosen 0/5000 blocks from 0 candidate containers.
2023-04-15 16:33:21,736 [BlockDeletingService#9] INFO  interfaces.ContainerDeletionChoosingPolicyTemplate (ContainerDeletionChoosingPolicyTemplate.java:chooseContainerForBlockDeletion(83)) - Chosen 0/5000 blocks from 0 candidate containers.
2023-04-15 16:33:21,834 [FixedThreadPoolWithAffinityExecutor-0-0] WARN  container.ContainerReportHandler (AbstractContainerReportHandler.java:updateContainerState(259)) - Container #1 is in OPEN state, but the datanode 30c0a845-a217-4f15-8bab-f33012bc7910(fv-az202-370.ngw3kpfb2bguzbtcwuqjmbcvef.gx.internal.cloudapp.net/10.1.0.27) reports an CLOSED replica.
2023-04-15 16:33:21,836 [BlockDeletingService#1] INFO  interfaces.ContainerDeletionChoosingPolicyTemplate (ContainerDeletionChoosingPolicyTemplate.java:chooseContainerForBlockDeletion(83)) - Chosen 0/5000 blocks from 0 candidate containers.
2023-04-15 16:33:21,836 [BlockDeletingService#9] INFO  interfaces.ContainerDeletionChoosingPolicyTemplate (ContainerDeletionChoosingPolicyTemplate.java:chooseContainerForBlockDeletion(83)) - Chosen 0/5000 blocks from 0 candidate containers.
2023-04-15 16:33:21,882 [FixedThreadPoolWithAffinityExecutor-1-0] WARN  container.ContainerReportHandler (AbstractContainerReportHandler.java:updateContainerState(259)) - Container #1 is in OPEN state, but the datanode 0dee40cf-0d5a-47f0-9c10-89273726be1d(fv-az202-370.ngw3kpfb2bguzbtcwuqjmbcvef.gx.internal.cloudapp.net/10.1.0.27) reports an CLOSED replica.
2023-04-15 16:33:21,936 [BlockDeletingService#1] INFO  interfaces.ContainerDeletionChoosingPolicyTemplate (ContainerDeletionChoosingPolicyTemplate.java:chooseContainerForBlockDeletion(83)) - Chosen 0/5000 blocks from 0 candidate containers.
2023-04-15 16:33:21,936 [BlockDeletingService#9] INFO  interfaces.ContainerDeletionChoosingPolicyTemplate (ContainerDeletionChoosingPolicyTemplate.java:chooseContainerForBlockDeletion(83)) - Chosen 0/5000 blocks from 0 candidate containers.
2023-04-15 16:33:22,035 [FixedThreadPoolWithAffinityExecutor-0-0] WARN  container.ContainerReportHandler (AbstractContainerReportHandler.java:updateContainerState(259)) - Container #1 is in OPEN state, but the datanode 30c0a845-a217-4f15-8bab-f33012bc7910(fv-az202-370.ngw3kpfb2bguzbtcwuqjmbcvef.gx.internal.cloudapp.net/10.1.0.27) reports an CLOSED replica.
2023-04-15 16:33:22,036 [BlockDeletingService#1] INFO  interfaces.ContainerDeletionChoosingPolicyTemplate (ContainerDeletionChoosingPolicyTemplate.java:chooseContainerForBlockDeletion(83)) - Chosen 0/5000 blocks from 0 candidate containers.
2023-04-15 16:33:22,036 [BlockDeletingService#9] INFO  interfaces.ContainerDeletionChoosingPolicyTemplate (ContainerDeletionChoosingPolicyTemplate.java:chooseContainerForBlockDeletion(83)) - Chosen 0/5000 blocks from 0 candidate containers.
2023-04-15 16:33:22,136 [BlockDeletingService#1] INFO  interfaces.ContainerDeletionChoosingPolicyTemplate (ContainerDeletionChoosingPolicyTemplate.java:chooseContainerForBlockDeletion(83)) - Chosen 0/5000 blocks from 0 candidate containers.
2023-04-15 16:33:22,136 [BlockDeletingService#9] INFO  interfaces.ContainerDeletionChoosingPolicyTemplate (ContainerDeletionChoosingPolicyTemplate.java:chooseContainerForBlockDeletion(83)) - Chosen 0/5000 blocks from 0 candidate containers.
2023-04-15 16:33:22,182 [FixedThreadPoolWithAffinityExecutor-1-0] WARN  container.ContainerReportHandler (AbstractContainerReportHandler.java:updateContainerState(259)) - Container #1 is in OPEN state, but the datanode 0dee40cf-0d5a-47f0-9c10-89273726be1d(fv-az202-370.ngw3kpfb2bguzbtcwuqjmbcvef.gx.internal.cloudapp.net/10.1.0.27) reports an CLOSED replica.
2023-04-15 16:33:22,237 [BlockDeletingService#1] INFO  interfaces.ContainerDeletionChoosingPolicyTemplate (ContainerDeletionChoosingPolicyTemplate.java:chooseContainerForBlockDeletion(83)) - Chosen 0/5000 blocks from 0 candidate containers.
2023-04-15 16:33:22,237 [BlockDeletingService#9] INFO  interfaces.ContainerDeletionChoosingPolicyTemplate (ContainerDeletionChoosingPolicyTemplate.java:chooseContainerForBlockDeletion(83)) - Chosen 0/5000 blocks from 0 candidate containers.
2023-04-15 16:33:22,335 [FixedThreadPoolWithAffinityExecutor-0-0] WARN  container.ContainerReportHandler (AbstractContainerReportHandler.java:updateContainerState(259)) - Container #1 is in OPEN state, but the datanode 30c0a845-a217-4f15-8bab-f33012bc7910(fv-az202-370.ngw3kpfb2bguzbtcwuqjmbcvef.gx.internal.cloudapp.net/10.1.0.27) reports an CLOSED replica.
2023-04-15 16:33:22,337 [BlockDeletingService#9] INFO  interfaces.ContainerDeletionChoosingPolicyTemplate (ContainerDeletionChoosingPolicyTemplate.java:chooseContainerForBlockDeletion(83)) - Chosen 0/5000 blocks from 0 candidate containers.
2023-04-15 16:33:22,337 [BlockDeletingService#1] INFO  interfaces.ContainerDeletionChoosingPolicyTemplate (ContainerDeletionChoosingPolicyTemplate.java:chooseContainerForBlockDeletion(83)) - Chosen 0/5000 blocks from 0 candidate containers.
2023-04-15 16:33:22,437 [BlockDeletingService#9] INFO  interfaces.ContainerDeletionChoosingPolicyTemplate (ContainerDeletionChoosingPolicyTemplate.java:chooseContainerForBlockDeletion(83)) - Chosen 0/5000 blocks from 0 candidate containers.
2023-04-15 16:33:22,437 [BlockDeletingService#1] INFO  interfaces.ContainerDeletionChoosingPolicyTemplate (ContainerDeletionChoosingPolicyTemplate.java:chooseContainerForBlockDeletion(83)) - Chosen 0/5000 blocks from 0 candidate containers.
2023-04-15 16:33:22,482 [FixedThreadPoolWithAffinityExecutor-1-0] WARN  container.ContainerReportHandler (AbstractContainerReportHandler.java:updateContainerState(259)) - Container #1 is in OPEN state, but the datanode 0dee40cf-0d5a-47f0-9c10-89273726be1d(fv-az202-370.ngw3kpfb2bguzbtcwuqjmbcvef.gx.internal.cloudapp.net/10.1.0.27) reports an CLOSED replica.
2023-04-15 16:33:22,534 [FixedThreadPoolWithAffinityExecutor-0-0] WARN  container.ContainerReportHandler (AbstractContainerReportHandler.java:updateContainerState(259)) - Container #1 is in OPEN state, but the datanode 30c0a845-a217-4f15-8bab-f33012bc7910(fv-az202-370.ngw3kpfb2bguzbtcwuqjmbcvef.gx.internal.cloudapp.net/10.1.0.27) reports an CLOSED replica.
2023-04-15 16:33:22,537 [BlockDeletingService#9] INFO  interfaces.ContainerDeletionChoosingPolicyTemplate (ContainerDeletionChoosingPolicyTemplate.java:chooseContainerForBlockDeletion(83)) - Chosen 0/5000 blocks from 0 candidate containers.
2023-04-15 16:33:22,537 [BlockDeletingService#1] INFO  interfaces.ContainerDeletionChoosingPolicyTemplate (ContainerDeletionChoosingPolicyTemplate.java:chooseContainerForBlockDeletion(83)) - Chosen 0/5000 blocks from 0 candidate containers.
2023-04-15 16:33:22,637 [BlockDeletingService#9] INFO  interfaces.ContainerDeletionChoosingPolicyTemplate (ContainerDeletionChoosingPolicyTemplate.java:chooseContainerForBlockDeletion(83)) - Chosen 0/5000 blocks from 0 candidate containers.
2023-04-15 16:33:22,637 [BlockDeletingService#1] INFO  interfaces.ContainerDeletionChoosingPolicyTemplate (ContainerDeletionChoosingPolicyTemplate.java:chooseContainerForBlockDeletion(83)) - Chosen 0/5000 blocks from 0 candidate containers.
2023-04-15 16:33:22,643 [grpc-default-executor-3] WARN  server.GrpcLogAppender (LogUtils.java:warn(122)) - 30c0a845-a217-4f15-8bab-f33012bc7910@group-F40867945940->f16a70e5-fe04-4d06-9179-25c3ad8a94bb-AppendLogResponseHandler: Failed appendEntries: org.apache.ratis.thirdparty.io.grpc.StatusRuntimeException: UNAVAILABLE: io exception
2023-04-15 16:33:22,643 [grpc-default-executor-5] WARN  server.GrpcLogAppender (LogUtils.java:warn(122)) - 30c0a845-a217-4f15-8bab-f33012bc7910@group-F40867945940->f16a70e5-fe04-4d06-9179-25c3ad8a94bb-AppendLogResponseHandler: Failed appendEntries: org.apache.ratis.thirdparty.io.grpc.StatusRuntimeException: UNAVAILABLE: io exception
2023-04-15 16:33:22,643 [grpc-default-executor-3] WARN  server.GrpcLogAppender (GrpcLogAppender.java:resetClient(131)) - 30c0a845-a217-4f15-8bab-f33012bc7910@group-F40867945940->f16a70e5-fe04-4d06-9179-25c3ad8a94bb-GrpcLogAppender: Leader has not got in touch with Follower 30c0a845-a217-4f15-8bab-f33012bc7910@group-F40867945940->f16a70e5-fe04-4d06-9179-25c3ad8a94bb(c-1,m0,n7, attendVote=true, lastRpcSendTime=0, lastRpcResponseTime=90845) yet, just keep nextIndex unchanged and retry.
2023-04-15 16:33:22,644 [grpc-default-executor-5] WARN  server.GrpcLogAppender (GrpcLogAppender.java:resetClient(131)) - 30c0a845-a217-4f15-8bab-f33012bc7910@group-F40867945940->f16a70e5-fe04-4d06-9179-25c3ad8a94bb-GrpcLogAppender: Leader has not got in touch with Follower 30c0a845-a217-4f15-8bab-f33012bc7910@group-F40867945940->f16a70e5-fe04-4d06-9179-25c3ad8a94bb(c-1,m0,n7, attendVote=true, lastRpcSendTime=1, lastRpcResponseTime=90846) yet, just keep nextIndex unchanged and retry.
2023-04-15 16:33:22,682 [FixedThreadPoolWithAffinityExecutor-1-0] WARN  container.ContainerReportHandler (AbstractContainerReportHandler.java:updateContainerState(259)) - Container #1 is in OPEN state, but the datanode 0dee40cf-0d5a-47f0-9c10-89273726be1d(fv-az202-370.ngw3kpfb2bguzbtcwuqjmbcvef.gx.internal.cloudapp.net/10.1.0.27) reports an CLOSED replica.
2023-04-15 16:33:22,737 [BlockDeletingService#9] INFO  interfaces.ContainerDeletionChoosingPolicyTemplate (ContainerDeletionChoosingPolicyTemplate.java:chooseContainerForBlockDeletion(83)) - Chosen 0/5000 blocks from 0 candidate containers.
2023-04-15 16:33:22,738 [BlockDeletingService#1] INFO  interfaces.ContainerDeletionChoosingPolicyTemplate (ContainerDeletionChoosingPolicyTemplate.java:chooseContainerForBlockDeletion(83)) - Chosen 0/5000 blocks from 0 candidate containers.
2023-04-15 16:33:22,835 [FixedThreadPoolWithAffinityExecutor-0-0] WARN  container.ContainerReportHandler (AbstractContainerReportHandler.java:updateContainerState(259)) - Container #1 is in OPEN state, but the datanode 30c0a845-a217-4f15-8bab-f33012bc7910(fv-az202-370.ngw3kpfb2bguzbtcwuqjmbcvef.gx.internal.cloudapp.net/10.1.0.27) reports an CLOSED replica.
2023-04-15 16:33:22,838 [BlockDeletingService#9] INFO  interfaces.ContainerDeletionChoosingPolicyTemplate (ContainerDeletionChoosingPolicyTemplate.java:chooseContainerForBlockDeletion(83)) - Chosen 0/5000 blocks from 0 candidate containers.
2023-04-15 16:33:22,838 [BlockDeletingService#1] INFO  interfaces.ContainerDeletionChoosingPolicyTemplate (ContainerDeletionChoosingPolicyTemplate.java:chooseContainerForBlockDeletion(83)) - Chosen 0/5000 blocks from 0 candidate containers.
2023-04-15 16:33:22,938 [BlockDeletingService#9] INFO  interfaces.ContainerDeletionChoosingPolicyTemplate (ContainerDeletionChoosingPolicyTemplate.java:chooseContainerForBlockDeletion(83)) - Chosen 0/5000 blocks from 0 candidate containers.
2023-04-15 16:33:22,938 [BlockDeletingService#1] INFO  interfaces.ContainerDeletionChoosingPolicyTemplate (ContainerDeletionChoosingPolicyTemplate.java:chooseContainerForBlockDeletion(83)) - Chosen 0/5000 blocks from 0 candidate containers.
2023-04-15 16:33:22,983 [FixedThreadPoolWithAffinityExecutor-1-0] WARN  container.ContainerReportHandler (AbstractContainerReportHandler.java:updateContainerState(259)) - Container #1 is in OPEN state, but the datanode 0dee40cf-0d5a-47f0-9c10-89273726be1d(fv-az202-370.ngw3kpfb2bguzbtcwuqjmbcvef.gx.internal.cloudapp.net/10.1.0.27) reports an CLOSED replica.
2023-04-15 16:33:23,038 [BlockDeletingService#9] INFO  interfaces.ContainerDeletionChoosingPolicyTemplate (ContainerDeletionChoosingPolicyTemplate.java:chooseContainerForBlockDeletion(83)) - Chosen 0/5000 blocks from 0 candidate containers.
2023-04-15 16:33:23,038 [BlockDeletingService#1] INFO  interfaces.ContainerDeletionChoosingPolicyTemplate (ContainerDeletionChoosingPolicyTemplate.java:chooseContainerForBlockDeletion(83)) - Chosen 0/5000 blocks from 0 candidate containers.
2023-04-15 16:33:23,135 [FixedThreadPoolWithAffinityExecutor-0-0] WARN  container.ContainerReportHandler (AbstractContainerReportHandler.java:updateContainerState(259)) - Container #1 is in OPEN state, but the datanode 30c0a845-a217-4f15-8bab-f33012bc7910(fv-az202-370.ngw3kpfb2bguzbtcwuqjmbcvef.gx.internal.cloudapp.net/10.1.0.27) reports an CLOSED replica.
2023-04-15 16:33:23,138 [BlockDeletingService#9] INFO  interfaces.ContainerDeletionChoosingPolicyTemplate (ContainerDeletionChoosingPolicyTemplate.java:chooseContainerForBlockDeletion(83)) - Chosen 0/5000 blocks from 0 candidate containers.
2023-04-15 16:33:23,138 [BlockDeletingService#1] INFO  interfaces.ContainerDeletionChoosingPolicyTemplate (ContainerDeletionChoosingPolicyTemplate.java:chooseContainerForBlockDeletion(83)) - Chosen 0/5000 blocks from 0 candidate containers.
2023-04-15 16:33:23,238 [BlockDeletingService#9] INFO  interfaces.ContainerDeletionChoosingPolicyTemplate (ContainerDeletionChoosingPolicyTemplate.java:chooseContainerForBlockDeletion(83)) - Chosen 0/5000 blocks from 0 candidate containers.
2023-04-15 16:33:23,239 [BlockDeletingService#1] INFO  interfaces.ContainerDeletionChoosingPolicyTemplate (ContainerDeletionChoosingPolicyTemplate.java:chooseContainerForBlockDeletion(83)) - Chosen 0/5000 blocks from 0 candidate containers.
2023-04-15 16:33:23,283 [FixedThreadPoolWithAffinityExecutor-1-0] WARN  container.ContainerReportHandler (AbstractContainerReportHandler.java:updateContainerState(259)) - Container #1 is in OPEN state, but the datanode 0dee40cf-0d5a-47f0-9c10-89273726be1d(fv-az202-370.ngw3kpfb2bguzbtcwuqjmbcvef.gx.internal.cloudapp.net/10.1.0.27) reports an CLOSED replica.
2023-04-15 16:33:23,335 [FixedThreadPoolWithAffinityExecutor-0-0] WARN  container.ContainerReportHandler (AbstractContainerReportHandler.java:updateContainerState(259)) - Container #1 is in OPEN state, but the datanode 30c0a845-a217-4f15-8bab-f33012bc7910(fv-az202-370.ngw3kpfb2bguzbtcwuqjmbcvef.gx.internal.cloudapp.net/10.1.0.27) reports an CLOSED replica.
2023-04-15 16:33:23,339 [BlockDeletingService#9] INFO  interfaces.ContainerDeletionChoosingPolicyTemplate (ContainerDeletionChoosingPolicyTemplate.java:chooseContainerForBlockDeletion(83)) - Chosen 0/5000 blocks from 0 candidate containers.
2023-04-15 16:33:23,339 [BlockDeletingService#1] INFO  interfaces.ContainerDeletionChoosingPolicyTemplate (ContainerDeletionChoosingPolicyTemplate.java:chooseContainerForBlockDeletion(83)) - Chosen 0/5000 blocks from 0 candidate containers.
2023-04-15 16:33:23,439 [BlockDeletingService#9] INFO  interfaces.ContainerDeletionChoosingPolicyTemplate (ContainerDeletionChoosingPolicyTemplate.java:chooseContainerForBlockDeletion(83)) - Chosen 0/5000 blocks from 0 candidate containers.
2023-04-15 16:33:23,439 [BlockDeletingService#1] INFO  interfaces.ContainerDeletionChoosingPolicyTemplate (ContainerDeletionChoosingPolicyTemplate.java:chooseContainerForBlockDeletion(83)) - Chosen 0/5000 blocks from 0 candidate containers.
2023-04-15 16:33:23,539 [BlockDeletingService#9] INFO  interfaces.ContainerDeletionChoosingPolicyTemplate (ContainerDeletionChoosingPolicyTemplate.java:chooseContainerForBlockDeletion(83)) - Chosen 0/5000 blocks from 0 candidate containers.
2023-04-15 16:33:23,539 [BlockDeletingService#1] INFO  interfaces.ContainerDeletionChoosingPolicyTemplate (ContainerDeletionChoosingPolicyTemplate.java:chooseContainerForBlockDeletion(83)) - Chosen 0/5000 blocks from 0 candidate containers.
2023-04-15 16:33:23,583 [FixedThreadPoolWithAffinityExecutor-1-0] WARN  container.ContainerReportHandler (AbstractContainerReportHandler.java:updateContainerState(259)) - Container #1 is in OPEN state, but the datanode 0dee40cf-0d5a-47f0-9c10-89273726be1d(fv-az202-370.ngw3kpfb2bguzbtcwuqjmbcvef.gx.internal.cloudapp.net/10.1.0.27) reports an CLOSED replica.
2023-04-15 16:33:23,635 [FixedThreadPoolWithAffinityExecutor-0-0] WARN  container.ContainerReportHandler (AbstractContainerReportHandler.java:updateContainerState(259)) - Container #1 is in OPEN state, but the datanode 30c0a845-a217-4f15-8bab-f33012bc7910(fv-az202-370.ngw3kpfb2bguzbtcwuqjmbcvef.gx.internal.cloudapp.net/10.1.0.27) reports an CLOSED replica.
2023-04-15 16:33:23,639 [BlockDeletingService#9] INFO  interfaces.ContainerDeletionChoosingPolicyTemplate (ContainerDeletionChoosingPolicyTemplate.java:chooseContainerForBlockDeletion(83)) - Chosen 0/5000 blocks from 0 candidate containers.
2023-04-15 16:33:23,639 [BlockDeletingService#1] INFO  interfaces.ContainerDeletionChoosingPolicyTemplate (ContainerDeletionChoosingPolicyTemplate.java:chooseContainerForBlockDeletion(83)) - Chosen 0/5000 blocks from 0 candidate containers.
2023-04-15 16:33:23,739 [BlockDeletingService#1] INFO  interfaces.ContainerDeletionChoosingPolicyTemplate (ContainerDeletionChoosingPolicyTemplate.java:chooseContainerForBlockDeletion(83)) - Chosen 0/5000 blocks from 0 candidate containers.
2023-04-15 16:33:23,745 [BlockDeletingService#9] INFO  interfaces.ContainerDeletionChoosingPolicyTemplate (ContainerDeletionChoosingPolicyTemplate.java:chooseContainerForBlockDeletion(83)) - Chosen 0/5000 blocks from 0 candidate containers.
2023-04-15 16:33:23,783 [FixedThreadPoolWithAffinityExecutor-1-0] WARN  container.ContainerReportHandler (AbstractContainerReportHandler.java:updateContainerState(259)) - Container #1 is in OPEN state, but the datanode 0dee40cf-0d5a-47f0-9c10-89273726be1d(fv-az202-370.ngw3kpfb2bguzbtcwuqjmbcvef.gx.internal.cloudapp.net/10.1.0.27) reports an CLOSED replica.
2023-04-15 16:33:23,838 [FixedThreadPoolWithAffinityExecutor-0-0] WARN  container.ContainerReportHandler (AbstractContainerReportHandler.java:updateContainerState(259)) - Container #1 is in OPEN state, but the datanode 30c0a845-a217-4f15-8bab-f33012bc7910(fv-az202-370.ngw3kpfb2bguzbtcwuqjmbcvef.gx.internal.cloudapp.net/10.1.0.27) reports an CLOSED replica.
2023-04-15 16:33:23,840 [BlockDeletingService#1] INFO  interfaces.ContainerDeletionChoosingPolicyTemplate (ContainerDeletionChoosingPolicyTemplate.java:chooseContainerForBlockDeletion(83)) - Chosen 0/5000 blocks from 0 candidate containers.
2023-04-15 16:33:23,845 [BlockDeletingService#9] INFO  interfaces.ContainerDeletionChoosingPolicyTemplate (ContainerDeletionChoosingPolicyTemplate.java:chooseContainerForBlockDeletion(83)) - Chosen 0/5000 blocks from 0 candidate containers.
2023-04-15 16:33:23,893 [grpc-default-executor-5] WARN  server.GrpcLogAppender (LogUtils.java:warn(122)) - 30c0a845-a217-4f15-8bab-f33012bc7910@group-F40867945940->f16a70e5-fe04-4d06-9179-25c3ad8a94bb-AppendLogResponseHandler: Failed appendEntries: org.apache.ratis.thirdparty.io.grpc.StatusRuntimeException: UNAVAILABLE: io exception
2023-04-15 16:33:23,893 [grpc-default-executor-3] WARN  server.GrpcLogAppender (LogUtils.java:warn(122)) - 30c0a845-a217-4f15-8bab-f33012bc7910@group-F40867945940->f16a70e5-fe04-4d06-9179-25c3ad8a94bb-AppendLogResponseHandler: Failed appendEntries: org.apache.ratis.thirdparty.io.grpc.StatusRuntimeException: UNAVAILABLE: io exception
2023-04-15 16:33:23,894 [grpc-default-executor-5] WARN  server.GrpcLogAppender (GrpcLogAppender.java:resetClient(131)) - 30c0a845-a217-4f15-8bab-f33012bc7910@group-F40867945940->f16a70e5-fe04-4d06-9179-25c3ad8a94bb-GrpcLogAppender: Leader has not got in touch with Follower 30c0a845-a217-4f15-8bab-f33012bc7910@group-F40867945940->f16a70e5-fe04-4d06-9179-25c3ad8a94bb(c-1,m0,n7, attendVote=true, lastRpcSendTime=0, lastRpcResponseTime=92096) yet, just keep nextIndex unchanged and retry.
2023-04-15 16:33:23,894 [grpc-default-executor-3] WARN  server.GrpcLogAppender (GrpcLogAppender.java:resetClient(131)) - 30c0a845-a217-4f15-8bab-f33012bc7910@group-F40867945940->f16a70e5-fe04-4d06-9179-25c3ad8a94bb-GrpcLogAppender: Leader has not got in touch with Follower 30c0a845-a217-4f15-8bab-f33012bc7910@group-F40867945940->f16a70e5-fe04-4d06-9179-25c3ad8a94bb(c-1,m0,n7, attendVote=true, lastRpcSendTime=1, lastRpcResponseTime=92097) yet, just keep nextIndex unchanged and retry.
2023-04-15 16:33:23,940 [BlockDeletingService#1] INFO  interfaces.ContainerDeletionChoosingPolicyTemplate (ContainerDeletionChoosingPolicyTemplate.java:chooseContainerForBlockDeletion(83)) - Chosen 0/5000 blocks from 0 candidate containers.
2023-04-15 16:33:23,945 [BlockDeletingService#9] INFO  interfaces.ContainerDeletionChoosingPolicyTemplate (ContainerDeletionChoosingPolicyTemplate.java:chooseContainerForBlockDeletion(83)) - Chosen 0/5000 blocks from 0 candidate containers.
2023-04-15 16:33:24,040 [BlockDeletingService#1] INFO  interfaces.ContainerDeletionChoosingPolicyTemplate (ContainerDeletionChoosingPolicyTemplate.java:chooseContainerForBlockDeletion(83)) - Chosen 0/5000 blocks from 0 candidate containers.
2023-04-15 16:33:24,045 [BlockDeletingService#9] INFO  interfaces.ContainerDeletionChoosingPolicyTemplate (ContainerDeletionChoosingPolicyTemplate.java:chooseContainerForBlockDeletion(83)) - Chosen 0/5000 blocks from 0 candidate containers.
2023-04-15 16:33:24,084 [FixedThreadPoolWithAffinityExecutor-1-0] WARN  container.ContainerReportHandler (AbstractContainerReportHandler.java:updateContainerState(259)) - Container #1 is in OPEN state, but the datanode 0dee40cf-0d5a-47f0-9c10-89273726be1d(fv-az202-370.ngw3kpfb2bguzbtcwuqjmbcvef.gx.internal.cloudapp.net/10.1.0.27) reports an CLOSED replica.
2023-04-15 16:33:24,138 [FixedThreadPoolWithAffinityExecutor-0-0] WARN  container.ContainerReportHandler (AbstractContainerReportHandler.java:updateContainerState(259)) - Container #1 is in OPEN state, but the datanode 30c0a845-a217-4f15-8bab-f33012bc7910(fv-az202-370.ngw3kpfb2bguzbtcwuqjmbcvef.gx.internal.cloudapp.net/10.1.0.27) reports an CLOSED replica.
2023-04-15 16:33:24,140 [BlockDeletingService#1] INFO  interfaces.ContainerDeletionChoosingPolicyTemplate (ContainerDeletionChoosingPolicyTemplate.java:chooseContainerForBlockDeletion(83)) - Chosen 0/5000 blocks from 0 candidate containers.
2023-04-15 16:33:24,145 [BlockDeletingService#9] INFO  interfaces.ContainerDeletionChoosingPolicyTemplate (ContainerDeletionChoosingPolicyTemplate.java:chooseContainerForBlockDeletion(83)) - Chosen 0/5000 blocks from 0 candidate containers.
2023-04-15 16:33:24,240 [BlockDeletingService#1] INFO  interfaces.ContainerDeletionChoosingPolicyTemplate (ContainerDeletionChoosingPolicyTemplate.java:chooseContainerForBlockDeletion(83)) - Chosen 0/5000 blocks from 0 candidate containers.
2023-04-15 16:33:24,245 [BlockDeletingService#9] INFO  interfaces.ContainerDeletionChoosingPolicyTemplate (ContainerDeletionChoosingPolicyTemplate.java:chooseContainerForBlockDeletion(83)) - Chosen 0/5000 blocks from 0 candidate containers.
2023-04-15 16:33:24,337 [FixedThreadPoolWithAffinityExecutor-0-0] WARN  container.ContainerReportHandler (AbstractContainerReportHandler.java:updateContainerState(259)) - Container #1 is in OPEN state, but the datanode 30c0a845-a217-4f15-8bab-f33012bc7910(fv-az202-370.ngw3kpfb2bguzbtcwuqjmbcvef.gx.internal.cloudapp.net/10.1.0.27) reports an CLOSED replica.
2023-04-15 16:33:24,341 [BlockDeletingService#1] INFO  interfaces.ContainerDeletionChoosingPolicyTemplate (ContainerDeletionChoosingPolicyTemplate.java:chooseContainerForBlockDeletion(83)) - Chosen 0/5000 blocks from 0 candidate containers.
2023-04-15 16:33:24,346 [BlockDeletingService#9] INFO  interfaces.ContainerDeletionChoosingPolicyTemplate (ContainerDeletionChoosingPolicyTemplate.java:chooseContainerForBlockDeletion(83)) - Chosen 0/5000 blocks from 0 candidate containers.
2023-04-15 16:33:24,384 [FixedThreadPoolWithAffinityExecutor-1-0] WARN  container.ContainerReportHandler (AbstractContainerReportHandler.java:updateContainerState(259)) - Container #1 is in OPEN state, but the datanode 0dee40cf-0d5a-47f0-9c10-89273726be1d(fv-az202-370.ngw3kpfb2bguzbtcwuqjmbcvef.gx.internal.cloudapp.net/10.1.0.27) reports an CLOSED replica.
2023-04-15 16:33:24,441 [BlockDeletingService#1] INFO  interfaces.ContainerDeletionChoosingPolicyTemplate (ContainerDeletionChoosingPolicyTemplate.java:chooseContainerForBlockDeletion(83)) - Chosen 0/5000 blocks from 0 candidate containers.
2023-04-15 16:33:24,446 [BlockDeletingService#9] INFO  interfaces.ContainerDeletionChoosingPolicyTemplate (ContainerDeletionChoosingPolicyTemplate.java:chooseContainerForBlockDeletion(83)) - Chosen 0/5000 blocks from 0 candidate containers.
2023-04-15 16:33:24,541 [BlockDeletingService#1] INFO  interfaces.ContainerDeletionChoosingPolicyTemplate (ContainerDeletionChoosingPolicyTemplate.java:chooseContainerForBlockDeletion(83)) - Chosen 0/5000 blocks from 0 candidate containers.
2023-04-15 16:33:24,546 [BlockDeletingService#9] INFO  interfaces.ContainerDeletionChoosingPolicyTemplate (ContainerDeletionChoosingPolicyTemplate.java:chooseContainerForBlockDeletion(83)) - Chosen 0/5000 blocks from 0 candidate containers.
2023-04-15 16:33:24,639 [FixedThreadPoolWithAffinityExecutor-0-0] WARN  container.ContainerReportHandler (AbstractContainerReportHandler.java:updateContainerState(259)) - Container #1 is in OPEN state, but the datanode 30c0a845-a217-4f15-8bab-f33012bc7910(fv-az202-370.ngw3kpfb2bguzbtcwuqjmbcvef.gx.internal.cloudapp.net/10.1.0.27) reports an CLOSED replica.
2023-04-15 16:33:24,641 [BlockDeletingService#1] INFO  interfaces.ContainerDeletionChoosingPolicyTemplate (ContainerDeletionChoosingPolicyTemplate.java:chooseContainerForBlockDeletion(83)) - Chosen 0/5000 blocks from 0 candidate containers.
2023-04-15 16:33:24,646 [BlockDeletingService#9] INFO  interfaces.ContainerDeletionChoosingPolicyTemplate (ContainerDeletionChoosingPolicyTemplate.java:chooseContainerForBlockDeletion(83)) - Chosen 0/5000 blocks from 0 candidate containers.
2023-04-15 16:33:24,685 [FixedThreadPoolWithAffinityExecutor-1-0] WARN  container.ContainerReportHandler (AbstractContainerReportHandler.java:updateContainerState(259)) - Container #1 is in OPEN state, but the datanode 0dee40cf-0d5a-47f0-9c10-89273726be1d(fv-az202-370.ngw3kpfb2bguzbtcwuqjmbcvef.gx.internal.cloudapp.net/10.1.0.27) reports an CLOSED replica.
2023-04-15 16:33:24,741 [BlockDeletingService#1] INFO  interfaces.ContainerDeletionChoosingPolicyTemplate (ContainerDeletionChoosingPolicyTemplate.java:chooseContainerForBlockDeletion(83)) - Chosen 0/5000 blocks from 0 candidate containers.
2023-04-15 16:33:24,746 [BlockDeletingService#9] INFO  interfaces.ContainerDeletionChoosingPolicyTemplate (ContainerDeletionChoosingPolicyTemplate.java:chooseContainerForBlockDeletion(83)) - Chosen 0/5000 blocks from 0 candidate containers.
2023-04-15 16:33:24,839 [FixedThreadPoolWithAffinityExecutor-0-0] WARN  container.ContainerReportHandler (AbstractContainerReportHandler.java:updateContainerState(259)) - Container #1 is in OPEN state, but the datanode 30c0a845-a217-4f15-8bab-f33012bc7910(fv-az202-370.ngw3kpfb2bguzbtcwuqjmbcvef.gx.internal.cloudapp.net/10.1.0.27) reports an CLOSED replica.
2023-04-15 16:33:24,841 [BlockDeletingService#1] INFO  interfaces.ContainerDeletionChoosingPolicyTemplate (ContainerDeletionChoosingPolicyTemplate.java:chooseContainerForBlockDeletion(83)) - Chosen 0/5000 blocks from 0 candidate containers.
2023-04-15 16:33:24,846 [BlockDeletingService#9] INFO  interfaces.ContainerDeletionChoosingPolicyTemplate (ContainerDeletionChoosingPolicyTemplate.java:chooseContainerForBlockDeletion(83)) - Chosen 0/5000 blocks from 0 candidate containers.
2023-04-15 16:33:24,885 [FixedThreadPoolWithAffinityExecutor-1-0] WARN  container.ContainerReportHandler (AbstractContainerReportHandler.java:updateContainerState(259)) - Container #1 is in OPEN state, but the datanode 0dee40cf-0d5a-47f0-9c10-89273726be1d(fv-az202-370.ngw3kpfb2bguzbtcwuqjmbcvef.gx.internal.cloudapp.net/10.1.0.27) reports an CLOSED replica.
2023-04-15 16:33:24,942 [BlockDeletingService#1] INFO  interfaces.ContainerDeletionChoosingPolicyTemplate (ContainerDeletionChoosingPolicyTemplate.java:chooseContainerForBlockDeletion(83)) - Chosen 0/5000 blocks from 0 candidate containers.
2023-04-15 16:33:24,946 [BlockDeletingService#9] INFO  interfaces.ContainerDeletionChoosingPolicyTemplate (ContainerDeletionChoosingPolicyTemplate.java:chooseContainerForBlockDeletion(83)) - Chosen 0/5000 blocks from 0 candidate containers.
2023-04-15 16:33:25,042 [BlockDeletingService#1] INFO  interfaces.ContainerDeletionChoosingPolicyTemplate (ContainerDeletionChoosingPolicyTemplate.java:chooseContainerForBlockDeletion(83)) - Chosen 0/5000 blocks from 0 candidate containers.
2023-04-15 16:33:25,046 [BlockDeletingService#9] INFO  interfaces.ContainerDeletionChoosingPolicyTemplate (ContainerDeletionChoosingPolicyTemplate.java:chooseContainerForBlockDeletion(83)) - Chosen 0/5000 blocks from 0 candidate containers.
2023-04-15 16:33:25,139 [FixedThreadPoolWithAffinityExecutor-0-0] WARN  container.ContainerReportHandler (AbstractContainerReportHandler.java:updateContainerState(259)) - Container #1 is in OPEN state, but the datanode 30c0a845-a217-4f15-8bab-f33012bc7910(fv-az202-370.ngw3kpfb2bguzbtcwuqjmbcvef.gx.internal.cloudapp.net/10.1.0.27) reports an CLOSED replica.
2023-04-15 16:33:25,142 [BlockDeletingService#1] INFO  interfaces.ContainerDeletionChoosingPolicyTemplate (ContainerDeletionChoosingPolicyTemplate.java:chooseContainerForBlockDeletion(83)) - Chosen 0/5000 blocks from 0 candidate containers.
2023-04-15 16:33:25,144 [grpc-default-executor-3] WARN  server.GrpcLogAppender (LogUtils.java:warn(122)) - 30c0a845-a217-4f15-8bab-f33012bc7910@group-F40867945940->f16a70e5-fe04-4d06-9179-25c3ad8a94bb-AppendLogResponseHandler: Failed appendEntries: org.apache.ratis.thirdparty.io.grpc.StatusRuntimeException: UNAVAILABLE: io exception
2023-04-15 16:33:25,144 [grpc-default-executor-5] WARN  server.GrpcLogAppender (LogUtils.java:warn(122)) - 30c0a845-a217-4f15-8bab-f33012bc7910@group-F40867945940->f16a70e5-fe04-4d06-9179-25c3ad8a94bb-AppendLogResponseHandler: Failed appendEntries: org.apache.ratis.thirdparty.io.grpc.StatusRuntimeException: UNAVAILABLE: io exception
2023-04-15 16:33:25,144 [grpc-default-executor-3] WARN  server.GrpcLogAppender (GrpcLogAppender.java:resetClient(131)) - 30c0a845-a217-4f15-8bab-f33012bc7910@group-F40867945940->f16a70e5-fe04-4d06-9179-25c3ad8a94bb-GrpcLogAppender: Leader has not got in touch with Follower 30c0a845-a217-4f15-8bab-f33012bc7910@group-F40867945940->f16a70e5-fe04-4d06-9179-25c3ad8a94bb(c-1,m0,n7, attendVote=true, lastRpcSendTime=0, lastRpcResponseTime=93347) yet, just keep nextIndex unchanged and retry.
2023-04-15 16:33:25,145 [grpc-default-executor-5] WARN  server.GrpcLogAppender (GrpcLogAppender.java:resetClient(131)) - 30c0a845-a217-4f15-8bab-f33012bc7910@group-F40867945940->f16a70e5-fe04-4d06-9179-25c3ad8a94bb-GrpcLogAppender: Leader has not got in touch with Follower 30c0a845-a217-4f15-8bab-f33012bc7910@group-F40867945940->f16a70e5-fe04-4d06-9179-25c3ad8a94bb(c-1,m0,n7, attendVote=true, lastRpcSendTime=0, lastRpcResponseTime=93347) yet, just keep nextIndex unchanged and retry.
2023-04-15 16:33:25,147 [BlockDeletingService#9] INFO  interfaces.ContainerDeletionChoosingPolicyTemplate (ContainerDeletionChoosingPolicyTemplate.java:chooseContainerForBlockDeletion(83)) - Chosen 0/5000 blocks from 0 candidate containers.
2023-04-15 16:33:25,185 [FixedThreadPoolWithAffinityExecutor-1-0] WARN  container.ContainerReportHandler (AbstractContainerReportHandler.java:updateContainerState(259)) - Container #1 is in OPEN state, but the datanode 0dee40cf-0d5a-47f0-9c10-89273726be1d(fv-az202-370.ngw3kpfb2bguzbtcwuqjmbcvef.gx.internal.cloudapp.net/10.1.0.27) reports an CLOSED replica.
2023-04-15 16:33:25,242 [BlockDeletingService#1] INFO  interfaces.ContainerDeletionChoosingPolicyTemplate (ContainerDeletionChoosingPolicyTemplate.java:chooseContainerForBlockDeletion(83)) - Chosen 0/5000 blocks from 0 candidate containers.
2023-04-15 16:33:25,247 [BlockDeletingService#9] INFO  interfaces.ContainerDeletionChoosingPolicyTemplate (ContainerDeletionChoosingPolicyTemplate.java:chooseContainerForBlockDeletion(83)) - Chosen 0/5000 blocks from 0 candidate containers.
2023-04-15 16:33:25,342 [BlockDeletingService#1] INFO  interfaces.ContainerDeletionChoosingPolicyTemplate (ContainerDeletionChoosingPolicyTemplate.java:chooseContainerForBlockDeletion(83)) - Chosen 0/5000 blocks from 0 candidate containers.
2023-04-15 16:33:25,347 [BlockDeletingService#9] INFO  interfaces.ContainerDeletionChoosingPolicyTemplate (ContainerDeletionChoosingPolicyTemplate.java:chooseContainerForBlockDeletion(83)) - Chosen 0/5000 blocks from 0 candidate containers.
2023-04-15 16:33:25,439 [FixedThreadPoolWithAffinityExecutor-0-0] WARN  container.ContainerReportHandler (AbstractContainerReportHandler.java:updateContainerState(259)) - Container #1 is in OPEN state, but the datanode 30c0a845-a217-4f15-8bab-f33012bc7910(fv-az202-370.ngw3kpfb2bguzbtcwuqjmbcvef.gx.internal.cloudapp.net/10.1.0.27) reports an CLOSED replica.
2023-04-15 16:33:25,442 [BlockDeletingService#1] INFO  interfaces.ContainerDeletionChoosingPolicyTemplate (ContainerDeletionChoosingPolicyTemplate.java:chooseContainerForBlockDeletion(83)) - Chosen 0/5000 blocks from 0 candidate containers.
2023-04-15 16:33:25,447 [BlockDeletingService#9] INFO  interfaces.ContainerDeletionChoosingPolicyTemplate (ContainerDeletionChoosingPolicyTemplate.java:chooseContainerForBlockDeletion(83)) - Chosen 0/5000 blocks from 0 candidate containers.
2023-04-15 16:33:25,486 [FixedThreadPoolWithAffinityExecutor-1-0] WARN  container.ContainerReportHandler (AbstractContainerReportHandler.java:updateContainerState(259)) - Container #1 is in OPEN state, but the datanode 0dee40cf-0d5a-47f0-9c10-89273726be1d(fv-az202-370.ngw3kpfb2bguzbtcwuqjmbcvef.gx.internal.cloudapp.net/10.1.0.27) reports an CLOSED replica.
2023-04-15 16:33:25,543 [BlockDeletingService#1] INFO  interfaces.ContainerDeletionChoosingPolicyTemplate (ContainerDeletionChoosingPolicyTemplate.java:chooseContainerForBlockDeletion(83)) - Chosen 0/5000 blocks from 0 candidate containers.
2023-04-15 16:33:25,547 [BlockDeletingService#9] INFO  interfaces.ContainerDeletionChoosingPolicyTemplate (ContainerDeletionChoosingPolicyTemplate.java:chooseContainerForBlockDeletion(83)) - Chosen 0/5000 blocks from 0 candidate containers.
2023-04-15 16:33:25,639 [FixedThreadPoolWithAffinityExecutor-0-0] WARN  container.ContainerReportHandler (AbstractContainerReportHandler.java:updateContainerState(259)) - Container #1 is in OPEN state, but the datanode 30c0a845-a217-4f15-8bab-f33012bc7910(fv-az202-370.ngw3kpfb2bguzbtcwuqjmbcvef.gx.internal.cloudapp.net/10.1.0.27) reports an CLOSED replica.
2023-04-15 16:33:25,643 [BlockDeletingService#1] INFO  interfaces.ContainerDeletionChoosingPolicyTemplate (ContainerDeletionChoosingPolicyTemplate.java:chooseContainerForBlockDeletion(83)) - Chosen 0/5000 blocks from 0 candidate containers.
2023-04-15 16:33:25,647 [BlockDeletingService#9] INFO  interfaces.ContainerDeletionChoosingPolicyTemplate (ContainerDeletionChoosingPolicyTemplate.java:chooseContainerForBlockDeletion(83)) - Chosen 0/5000 blocks from 0 candidate containers.
2023-04-15 16:33:25,743 [BlockDeletingService#1] INFO  interfaces.ContainerDeletionChoosingPolicyTemplate (ContainerDeletionChoosingPolicyTemplate.java:chooseContainerForBlockDeletion(83)) - Chosen 0/5000 blocks from 0 candidate containers.
2023-04-15 16:33:25,747 [BlockDeletingService#9] INFO  interfaces.ContainerDeletionChoosingPolicyTemplate (ContainerDeletionChoosingPolicyTemplate.java:chooseContainerForBlockDeletion(83)) - Chosen 0/5000 blocks from 0 candidate containers.
2023-04-15 16:33:25,785 [FixedThreadPoolWithAffinityExecutor-1-0] WARN  container.ContainerReportHandler (AbstractContainerReportHandler.java:updateContainerState(259)) - Container #1 is in OPEN state, but the datanode 0dee40cf-0d5a-47f0-9c10-89273726be1d(fv-az202-370.ngw3kpfb2bguzbtcwuqjmbcvef.gx.internal.cloudapp.net/10.1.0.27) reports an CLOSED replica.
2023-04-15 16:33:25,843 [BlockDeletingService#1] INFO  interfaces.ContainerDeletionChoosingPolicyTemplate (ContainerDeletionChoosingPolicyTemplate.java:chooseContainerForBlockDeletion(83)) - Chosen 0/5000 blocks from 0 candidate containers.
2023-04-15 16:33:25,847 [BlockDeletingService#9] INFO  interfaces.ContainerDeletionChoosingPolicyTemplate (ContainerDeletionChoosingPolicyTemplate.java:chooseContainerForBlockDeletion(83)) - Chosen 0/5000 blocks from 0 candidate containers.
2023-04-15 16:33:25,942 [FixedThreadPoolWithAffinityExecutor-0-0] WARN  container.ContainerReportHandler (AbstractContainerReportHandler.java:updateContainerState(259)) - Container #1 is in OPEN state, but the datanode 30c0a845-a217-4f15-8bab-f33012bc7910(fv-az202-370.ngw3kpfb2bguzbtcwuqjmbcvef.gx.internal.cloudapp.net/10.1.0.27) reports an CLOSED replica.
2023-04-15 16:33:25,943 [BlockDeletingService#1] INFO  interfaces.ContainerDeletionChoosingPolicyTemplate (ContainerDeletionChoosingPolicyTemplate.java:chooseContainerForBlockDeletion(83)) - Chosen 0/5000 blocks from 0 candidate containers.
2023-04-15 16:33:25,948 [BlockDeletingService#9] INFO  interfaces.ContainerDeletionChoosingPolicyTemplate (ContainerDeletionChoosingPolicyTemplate.java:chooseContainerForBlockDeletion(83)) - Chosen 0/5000 blocks from 0 candidate containers.
2023-04-15 16:33:25,985 [FixedThreadPoolWithAffinityExecutor-1-0] WARN  container.ContainerReportHandler (AbstractContainerReportHandler.java:updateContainerState(259)) - Container #1 is in OPEN state, but the datanode 0dee40cf-0d5a-47f0-9c10-89273726be1d(fv-az202-370.ngw3kpfb2bguzbtcwuqjmbcvef.gx.internal.cloudapp.net/10.1.0.27) reports an CLOSED replica.
2023-04-15 16:33:26,043 [BlockDeletingService#1] INFO  interfaces.ContainerDeletionChoosingPolicyTemplate (ContainerDeletionChoosingPolicyTemplate.java:chooseContainerForBlockDeletion(83)) - Chosen 0/5000 blocks from 0 candidate containers.
2023-04-15 16:33:26,048 [BlockDeletingService#9] INFO  interfaces.ContainerDeletionChoosingPolicyTemplate (ContainerDeletionChoosingPolicyTemplate.java:chooseContainerForBlockDeletion(83)) - Chosen 0/5000 blocks from 0 candidate containers.
2023-04-15 16:33:26,142 [FixedThreadPoolWithAffinityExecutor-0-0] WARN  container.ContainerReportHandler (AbstractContainerReportHandler.java:updateContainerState(259)) - Container #1 is in OPEN state, but the datanode 30c0a845-a217-4f15-8bab-f33012bc7910(fv-az202-370.ngw3kpfb2bguzbtcwuqjmbcvef.gx.internal.cloudapp.net/10.1.0.27) reports an CLOSED replica.
2023-04-15 16:33:26,144 [BlockDeletingService#1] INFO  interfaces.ContainerDeletionChoosingPolicyTemplate (ContainerDeletionChoosingPolicyTemplate.java:chooseContainerForBlockDeletion(83)) - Chosen 0/5000 blocks from 0 candidate containers.
2023-04-15 16:33:26,148 [BlockDeletingService#9] INFO  interfaces.ContainerDeletionChoosingPolicyTemplate (ContainerDeletionChoosingPolicyTemplate.java:chooseContainerForBlockDeletion(83)) - Chosen 0/5000 blocks from 0 candidate containers.
2023-04-15 16:33:26,244 [BlockDeletingService#5] INFO  interfaces.ContainerDeletionChoosingPolicyTemplate (ContainerDeletionChoosingPolicyTemplate.java:chooseContainerForBlockDeletion(83)) - Chosen 0/5000 blocks from 0 candidate containers.
2023-04-15 16:33:26,248 [BlockDeletingService#9] INFO  interfaces.ContainerDeletionChoosingPolicyTemplate (ContainerDeletionChoosingPolicyTemplate.java:chooseContainerForBlockDeletion(83)) - Chosen 0/5000 blocks from 0 candidate containers.
2023-04-15 16:33:26,290 [FixedThreadPoolWithAffinityExecutor-1-0] WARN  container.ContainerReportHandler (AbstractContainerReportHandler.java:updateContainerState(259)) - Container #1 is in OPEN state, but the datanode 0dee40cf-0d5a-47f0-9c10-89273726be1d(fv-az202-370.ngw3kpfb2bguzbtcwuqjmbcvef.gx.internal.cloudapp.net/10.1.0.27) reports an CLOSED replica.
2023-04-15 16:33:26,344 [BlockDeletingService#5] INFO  interfaces.ContainerDeletionChoosingPolicyTemplate (ContainerDeletionChoosingPolicyTemplate.java:chooseContainerForBlockDeletion(83)) - Chosen 0/5000 blocks from 0 candidate containers.
2023-04-15 16:33:26,348 [BlockDeletingService#9] INFO  interfaces.ContainerDeletionChoosingPolicyTemplate (ContainerDeletionChoosingPolicyTemplate.java:chooseContainerForBlockDeletion(83)) - Chosen 0/5000 blocks from 0 candidate containers.
2023-04-15 16:33:26,394 [grpc-default-executor-5] WARN  server.GrpcLogAppender (LogUtils.java:warn(122)) - 30c0a845-a217-4f15-8bab-f33012bc7910@group-F40867945940->f16a70e5-fe04-4d06-9179-25c3ad8a94bb-AppendLogResponseHandler: Failed appendEntries: org.apache.ratis.thirdparty.io.grpc.StatusRuntimeException: UNAVAILABLE: io exception
2023-04-15 16:33:26,395 [grpc-default-executor-5] WARN  server.GrpcLogAppender (GrpcLogAppender.java:resetClient(131)) - 30c0a845-a217-4f15-8bab-f33012bc7910@group-F40867945940->f16a70e5-fe04-4d06-9179-25c3ad8a94bb-GrpcLogAppender: Leader has not got in touch with Follower 30c0a845-a217-4f15-8bab-f33012bc7910@group-F40867945940->f16a70e5-fe04-4d06-9179-25c3ad8a94bb(c-1,m0,n7, attendVote=true, lastRpcSendTime=0, lastRpcResponseTime=94597) yet, just keep nextIndex unchanged and retry.
2023-04-15 16:33:26,395 [grpc-default-executor-3] WARN  server.GrpcLogAppender (LogUtils.java:warn(122)) - 30c0a845-a217-4f15-8bab-f33012bc7910@group-F40867945940->f16a70e5-fe04-4d06-9179-25c3ad8a94bb-AppendLogResponseHandler: Failed appendEntries: org.apache.ratis.thirdparty.io.grpc.StatusRuntimeException: UNAVAILABLE: io exception
2023-04-15 16:33:26,395 [grpc-default-executor-3] WARN  server.GrpcLogAppender (GrpcLogAppender.java:resetClient(131)) - 30c0a845-a217-4f15-8bab-f33012bc7910@group-F40867945940->f16a70e5-fe04-4d06-9179-25c3ad8a94bb-GrpcLogAppender: Leader has not got in touch with Follower 30c0a845-a217-4f15-8bab-f33012bc7910@group-F40867945940->f16a70e5-fe04-4d06-9179-25c3ad8a94bb(c-1,m0,n7, attendVote=true, lastRpcSendTime=0, lastRpcResponseTime=94597) yet, just keep nextIndex unchanged and retry.
2023-04-15 16:33:26,443 [FixedThreadPoolWithAffinityExecutor-0-0] WARN  container.ContainerReportHandler (AbstractContainerReportHandler.java:updateContainerState(259)) - Container #1 is in OPEN state, but the datanode 30c0a845-a217-4f15-8bab-f33012bc7910(fv-az202-370.ngw3kpfb2bguzbtcwuqjmbcvef.gx.internal.cloudapp.net/10.1.0.27) reports an CLOSED replica.
2023-04-15 16:33:26,444 [BlockDeletingService#5] INFO  interfaces.ContainerDeletionChoosingPolicyTemplate (ContainerDeletionChoosingPolicyTemplate.java:chooseContainerForBlockDeletion(83)) - Chosen 0/5000 blocks from 0 candidate containers.
2023-04-15 16:33:26,448 [BlockDeletingService#9] INFO  interfaces.ContainerDeletionChoosingPolicyTemplate (ContainerDeletionChoosingPolicyTemplate.java:chooseContainerForBlockDeletion(83)) - Chosen 0/5000 blocks from 0 candidate containers.
2023-04-15 16:33:26,544 [BlockDeletingService#5] INFO  interfaces.ContainerDeletionChoosingPolicyTemplate (ContainerDeletionChoosingPolicyTemplate.java:chooseContainerForBlockDeletion(83)) - Chosen 0/5000 blocks from 0 candidate containers.
2023-04-15 16:33:26,548 [BlockDeletingService#9] INFO  interfaces.ContainerDeletionChoosingPolicyTemplate (ContainerDeletionChoosingPolicyTemplate.java:chooseContainerForBlockDeletion(83)) - Chosen 0/5000 blocks from 0 candidate containers.
2023-04-15 16:33:26,590 [FixedThreadPoolWithAffinityExecutor-1-0] WARN  container.ContainerReportHandler (AbstractContainerReportHandler.java:updateContainerState(259)) - Container #1 is in OPEN state, but the datanode 0dee40cf-0d5a-47f0-9c10-89273726be1d(fv-az202-370.ngw3kpfb2bguzbtcwuqjmbcvef.gx.internal.cloudapp.net/10.1.0.27) reports an CLOSED replica.
2023-04-15 16:33:26,645 [BlockDeletingService#5] INFO  interfaces.ContainerDeletionChoosingPolicyTemplate (ContainerDeletionChoosingPolicyTemplate.java:chooseContainerForBlockDeletion(83)) - Chosen 0/5000 blocks from 0 candidate containers.
2023-04-15 16:33:26,645 [FixedThreadPoolWithAffinityExecutor-0-0] WARN  container.ContainerReportHandler (AbstractContainerReportHandler.java:updateContainerState(259)) - Container #1 is in OPEN state, but the datanode 30c0a845-a217-4f15-8bab-f33012bc7910(fv-az202-370.ngw3kpfb2bguzbtcwuqjmbcvef.gx.internal.cloudapp.net/10.1.0.27) reports an CLOSED replica.
2023-04-15 16:33:26,648 [BlockDeletingService#9] INFO  interfaces.ContainerDeletionChoosingPolicyTemplate (ContainerDeletionChoosingPolicyTemplate.java:chooseContainerForBlockDeletion(83)) - Chosen 0/5000 blocks from 0 candidate containers.
2023-04-15 16:33:26,745 [BlockDeletingService#5] INFO  interfaces.ContainerDeletionChoosingPolicyTemplate (ContainerDeletionChoosingPolicyTemplate.java:chooseContainerForBlockDeletion(83)) - Chosen 0/5000 blocks from 0 candidate containers.
2023-04-15 16:33:26,749 [BlockDeletingService#9] INFO  interfaces.ContainerDeletionChoosingPolicyTemplate (ContainerDeletionChoosingPolicyTemplate.java:chooseContainerForBlockDeletion(83)) - Chosen 0/5000 blocks from 0 candidate containers.
2023-04-15 16:33:26,791 [FixedThreadPoolWithAffinityExecutor-1-0] WARN  container.ContainerReportHandler (AbstractContainerReportHandler.java:updateContainerState(259)) - Container #1 is in OPEN state, but the datanode 0dee40cf-0d5a-47f0-9c10-89273726be1d(fv-az202-370.ngw3kpfb2bguzbtcwuqjmbcvef.gx.internal.cloudapp.net/10.1.0.27) reports an CLOSED replica.
2023-04-15 16:33:26,845 [BlockDeletingService#5] INFO  interfaces.ContainerDeletionChoosingPolicyTemplate (ContainerDeletionChoosingPolicyTemplate.java:chooseContainerForBlockDeletion(83)) - Chosen 0/5000 blocks from 0 candidate containers.
2023-04-15 16:33:26,849 [BlockDeletingService#9] INFO  interfaces.ContainerDeletionChoosingPolicyTemplate (ContainerDeletionChoosingPolicyTemplate.java:chooseContainerForBlockDeletion(83)) - Chosen 0/5000 blocks from 0 candidate containers.
2023-04-15 16:33:26,944 [FixedThreadPoolWithAffinityExecutor-0-0] WARN  container.ContainerReportHandler (AbstractContainerReportHandler.java:updateContainerState(259)) - Container #1 is in OPEN state, but the datanode 30c0a845-a217-4f15-8bab-f33012bc7910(fv-az202-370.ngw3kpfb2bguzbtcwuqjmbcvef.gx.internal.cloudapp.net/10.1.0.27) reports an CLOSED replica.
2023-04-15 16:33:26,945 [BlockDeletingService#5] INFO  interfaces.ContainerDeletionChoosingPolicyTemplate (ContainerDeletionChoosingPolicyTemplate.java:chooseContainerForBlockDeletion(83)) - Chosen 0/5000 blocks from 0 candidate containers.
2023-04-15 16:33:26,949 [BlockDeletingService#9] INFO  interfaces.ContainerDeletionChoosingPolicyTemplate (ContainerDeletionChoosingPolicyTemplate.java:chooseContainerForBlockDeletion(83)) - Chosen 0/5000 blocks from 0 candidate containers.
2023-04-15 16:33:27,045 [BlockDeletingService#5] INFO  interfaces.ContainerDeletionChoosingPolicyTemplate (ContainerDeletionChoosingPolicyTemplate.java:chooseContainerForBlockDeletion(83)) - Chosen 0/5000 blocks from 0 candidate containers.
2023-04-15 16:33:27,049 [BlockDeletingService#9] INFO  interfaces.ContainerDeletionChoosingPolicyTemplate (ContainerDeletionChoosingPolicyTemplate.java:chooseContainerForBlockDeletion(83)) - Chosen 0/5000 blocks from 0 candidate containers.
2023-04-15 16:33:27,090 [FixedThreadPoolWithAffinityExecutor-1-0] WARN  container.ContainerReportHandler (AbstractContainerReportHandler.java:updateContainerState(259)) - Container #1 is in OPEN state, but the datanode 0dee40cf-0d5a-47f0-9c10-89273726be1d(fv-az202-370.ngw3kpfb2bguzbtcwuqjmbcvef.gx.internal.cloudapp.net/10.1.0.27) reports an CLOSED replica.
2023-04-15 16:33:27,144 [FixedThreadPoolWithAffinityExecutor-0-0] WARN  container.ContainerReportHandler (AbstractContainerReportHandler.java:updateContainerState(259)) - Container #1 is in OPEN state, but the datanode 30c0a845-a217-4f15-8bab-f33012bc7910(fv-az202-370.ngw3kpfb2bguzbtcwuqjmbcvef.gx.internal.cloudapp.net/10.1.0.27) reports an CLOSED replica.
2023-04-15 16:33:27,145 [BlockDeletingService#5] INFO  interfaces.ContainerDeletionChoosingPolicyTemplate (ContainerDeletionChoosingPolicyTemplate.java:chooseContainerForBlockDeletion(83)) - Chosen 0/5000 blocks from 0 candidate containers.
2023-04-15 16:33:27,149 [BlockDeletingService#9] INFO  interfaces.ContainerDeletionChoosingPolicyTemplate (ContainerDeletionChoosingPolicyTemplate.java:chooseContainerForBlockDeletion(83)) - Chosen 0/5000 blocks from 0 candidate containers.
2023-04-15 16:33:27,246 [BlockDeletingService#5] INFO  interfaces.ContainerDeletionChoosingPolicyTemplate (ContainerDeletionChoosingPolicyTemplate.java:chooseContainerForBlockDeletion(83)) - Chosen 0/5000 blocks from 0 candidate containers.
2023-04-15 16:33:27,249 [BlockDeletingService#9] INFO  interfaces.ContainerDeletionChoosingPolicyTemplate (ContainerDeletionChoosingPolicyTemplate.java:chooseContainerForBlockDeletion(83)) - Chosen 0/5000 blocks from 0 candidate containers.
2023-04-15 16:33:27,346 [BlockDeletingService#5] INFO  interfaces.ContainerDeletionChoosingPolicyTemplate (ContainerDeletionChoosingPolicyTemplate.java:chooseContainerForBlockDeletion(83)) - Chosen 0/5000 blocks from 0 candidate containers.
2023-04-15 16:33:27,349 [BlockDeletingService#9] INFO  interfaces.ContainerDeletionChoosingPolicyTemplate (ContainerDeletionChoosingPolicyTemplate.java:chooseContainerForBlockDeletion(83)) - Chosen 0/5000 blocks from 0 candidate containers.
2023-04-15 16:33:27,391 [FixedThreadPoolWithAffinityExecutor-1-0] WARN  container.ContainerReportHandler (AbstractContainerReportHandler.java:updateContainerState(259)) - Container #1 is in OPEN state, but the datanode 0dee40cf-0d5a-47f0-9c10-89273726be1d(fv-az202-370.ngw3kpfb2bguzbtcwuqjmbcvef.gx.internal.cloudapp.net/10.1.0.27) reports an CLOSED replica.
2023-04-15 16:33:27,444 [FixedThreadPoolWithAffinityExecutor-0-0] WARN  container.ContainerReportHandler (AbstractContainerReportHandler.java:updateContainerState(259)) - Container #1 is in OPEN state, but the datanode 30c0a845-a217-4f15-8bab-f33012bc7910(fv-az202-370.ngw3kpfb2bguzbtcwuqjmbcvef.gx.internal.cloudapp.net/10.1.0.27) reports an CLOSED replica.
2023-04-15 16:33:27,446 [BlockDeletingService#5] INFO  interfaces.ContainerDeletionChoosingPolicyTemplate (ContainerDeletionChoosingPolicyTemplate.java:chooseContainerForBlockDeletion(83)) - Chosen 0/5000 blocks from 0 candidate containers.
2023-04-15 16:33:27,449 [BlockDeletingService#9] INFO  interfaces.ContainerDeletionChoosingPolicyTemplate (ContainerDeletionChoosingPolicyTemplate.java:chooseContainerForBlockDeletion(83)) - Chosen 0/5000 blocks from 0 candidate containers.
2023-04-15 16:33:27,546 [BlockDeletingService#5] INFO  interfaces.ContainerDeletionChoosingPolicyTemplate (ContainerDeletionChoosingPolicyTemplate.java:chooseContainerForBlockDeletion(83)) - Chosen 0/5000 blocks from 0 candidate containers.
2023-04-15 16:33:27,549 [BlockDeletingService#9] INFO  interfaces.ContainerDeletionChoosingPolicyTemplate (ContainerDeletionChoosingPolicyTemplate.java:chooseContainerForBlockDeletion(83)) - Chosen 0/5000 blocks from 0 candidate containers.
2023-04-15 16:33:27,645 [grpc-default-executor-3] WARN  server.GrpcLogAppender (LogUtils.java:warn(122)) - 30c0a845-a217-4f15-8bab-f33012bc7910@group-F40867945940->f16a70e5-fe04-4d06-9179-25c3ad8a94bb-AppendLogResponseHandler: Failed appendEntries: org.apache.ratis.thirdparty.io.grpc.StatusRuntimeException: UNAVAILABLE: io exception
2023-04-15 16:33:27,645 [grpc-default-executor-5] WARN  server.GrpcLogAppender (LogUtils.java:warn(122)) - 30c0a845-a217-4f15-8bab-f33012bc7910@group-F40867945940->f16a70e5-fe04-4d06-9179-25c3ad8a94bb-AppendLogResponseHandler: Failed appendEntries: org.apache.ratis.thirdparty.io.grpc.StatusRuntimeException: UNAVAILABLE: io exception
2023-04-15 16:33:27,645 [grpc-default-executor-3] WARN  server.GrpcLogAppender (GrpcLogAppender.java:resetClient(131)) - 30c0a845-a217-4f15-8bab-f33012bc7910@group-F40867945940->f16a70e5-fe04-4d06-9179-25c3ad8a94bb-GrpcLogAppender: Leader has not got in touch with Follower 30c0a845-a217-4f15-8bab-f33012bc7910@group-F40867945940->f16a70e5-fe04-4d06-9179-25c3ad8a94bb(c-1,m0,n7, attendVote=true, lastRpcSendTime=0, lastRpcResponseTime=95847) yet, just keep nextIndex unchanged and retry.
2023-04-15 16:33:27,646 [grpc-default-executor-5] WARN  server.GrpcLogAppender (GrpcLogAppender.java:resetClient(131)) - 30c0a845-a217-4f15-8bab-f33012bc7910@group-F40867945940->f16a70e5-fe04-4d06-9179-25c3ad8a94bb-GrpcLogAppender: Leader has not got in touch with Follower 30c0a845-a217-4f15-8bab-f33012bc7910@group-F40867945940->f16a70e5-fe04-4d06-9179-25c3ad8a94bb(c-1,m0,n7, attendVote=true, lastRpcSendTime=1, lastRpcResponseTime=95848) yet, just keep nextIndex unchanged and retry.
2023-04-15 16:33:27,646 [BlockDeletingService#5] INFO  interfaces.ContainerDeletionChoosingPolicyTemplate (ContainerDeletionChoosingPolicyTemplate.java:chooseContainerForBlockDeletion(83)) - Chosen 0/5000 blocks from 0 candidate containers.
2023-04-15 16:33:27,650 [BlockDeletingService#9] INFO  interfaces.ContainerDeletionChoosingPolicyTemplate (ContainerDeletionChoosingPolicyTemplate.java:chooseContainerForBlockDeletion(83)) - Chosen 0/5000 blocks from 0 candidate containers.
2023-04-15 16:33:27,691 [FixedThreadPoolWithAffinityExecutor-1-0] WARN  container.ContainerReportHandler (AbstractContainerReportHandler.java:updateContainerState(259)) - Container #1 is in OPEN state, but the datanode 0dee40cf-0d5a-47f0-9c10-89273726be1d(fv-az202-370.ngw3kpfb2bguzbtcwuqjmbcvef.gx.internal.cloudapp.net/10.1.0.27) reports an CLOSED replica.
2023-04-15 16:33:27,744 [FixedThreadPoolWithAffinityExecutor-0-0] WARN  container.ContainerReportHandler (AbstractContainerReportHandler.java:updateContainerState(259)) - Container #1 is in OPEN state, but the datanode 30c0a845-a217-4f15-8bab-f33012bc7910(fv-az202-370.ngw3kpfb2bguzbtcwuqjmbcvef.gx.internal.cloudapp.net/10.1.0.27) reports an CLOSED replica.
2023-04-15 16:33:27,746 [BlockDeletingService#5] INFO  interfaces.ContainerDeletionChoosingPolicyTemplate (ContainerDeletionChoosingPolicyTemplate.java:chooseContainerForBlockDeletion(83)) - Chosen 0/5000 blocks from 0 candidate containers.
2023-04-15 16:33:27,750 [BlockDeletingService#9] INFO  interfaces.ContainerDeletionChoosingPolicyTemplate (ContainerDeletionChoosingPolicyTemplate.java:chooseContainerForBlockDeletion(83)) - Chosen 0/5000 blocks from 0 candidate containers.
2023-04-15 16:33:27,847 [BlockDeletingService#5] INFO  interfaces.ContainerDeletionChoosingPolicyTemplate (ContainerDeletionChoosingPolicyTemplate.java:chooseContainerForBlockDeletion(83)) - Chosen 0/5000 blocks from 0 candidate containers.
2023-04-15 16:33:27,850 [BlockDeletingService#9] INFO  interfaces.ContainerDeletionChoosingPolicyTemplate (ContainerDeletionChoosingPolicyTemplate.java:chooseContainerForBlockDeletion(83)) - Chosen 0/5000 blocks from 0 candidate containers.
2023-04-15 16:33:27,893 [FixedThreadPoolWithAffinityExecutor-1-0] WARN  container.ContainerReportHandler (AbstractContainerReportHandler.java:updateContainerState(259)) - Container #1 is in OPEN state, but the datanode 0dee40cf-0d5a-47f0-9c10-89273726be1d(fv-az202-370.ngw3kpfb2bguzbtcwuqjmbcvef.gx.internal.cloudapp.net/10.1.0.27) reports an CLOSED replica.
2023-04-15 16:33:27,946 [FixedThreadPoolWithAffinityExecutor-0-0] WARN  container.ContainerReportHandler (AbstractContainerReportHandler.java:updateContainerState(259)) - Container #1 is in OPEN state, but the datanode 30c0a845-a217-4f15-8bab-f33012bc7910(fv-az202-370.ngw3kpfb2bguzbtcwuqjmbcvef.gx.internal.cloudapp.net/10.1.0.27) reports an CLOSED replica.
2023-04-15 16:33:27,947 [BlockDeletingService#5] INFO  interfaces.ContainerDeletionChoosingPolicyTemplate (ContainerDeletionChoosingPolicyTemplate.java:chooseContainerForBlockDeletion(83)) - Chosen 0/5000 blocks from 0 candidate containers.
2023-04-15 16:33:27,950 [BlockDeletingService#9] INFO  interfaces.ContainerDeletionChoosingPolicyTemplate (ContainerDeletionChoosingPolicyTemplate.java:chooseContainerForBlockDeletion(83)) - Chosen 0/5000 blocks from 0 candidate containers.
2023-04-15 16:33:28,047 [BlockDeletingService#5] INFO  interfaces.ContainerDeletionChoosingPolicyTemplate (ContainerDeletionChoosingPolicyTemplate.java:chooseContainerForBlockDeletion(83)) - Chosen 0/5000 blocks from 0 candidate containers.
2023-04-15 16:33:28,050 [BlockDeletingService#9] INFO  interfaces.ContainerDeletionChoosingPolicyTemplate (ContainerDeletionChoosingPolicyTemplate.java:chooseContainerForBlockDeletion(83)) - Chosen 0/5000 blocks from 0 candidate containers.
2023-04-15 16:33:28,147 [BlockDeletingService#5] INFO  interfaces.ContainerDeletionChoosingPolicyTemplate (ContainerDeletionChoosingPolicyTemplate.java:chooseContainerForBlockDeletion(83)) - Chosen 0/5000 blocks from 0 candidate containers.
2023-04-15 16:33:28,150 [BlockDeletingService#9] INFO  interfaces.ContainerDeletionChoosingPolicyTemplate (ContainerDeletionChoosingPolicyTemplate.java:chooseContainerForBlockDeletion(83)) - Chosen 0/5000 blocks from 0 candidate containers.
2023-04-15 16:33:28,191 [FixedThreadPoolWithAffinityExecutor-1-0] WARN  container.ContainerReportHandler (AbstractContainerReportHandler.java:updateContainerState(259)) - Container #1 is in OPEN state, but the datanode 0dee40cf-0d5a-47f0-9c10-89273726be1d(fv-az202-370.ngw3kpfb2bguzbtcwuqjmbcvef.gx.internal.cloudapp.net/10.1.0.27) reports an CLOSED replica.
2023-04-15 16:33:28,247 [FixedThreadPoolWithAffinityExecutor-0-0] WARN  container.ContainerReportHandler (AbstractContainerReportHandler.java:updateContainerState(259)) - Container #1 is in OPEN state, but the datanode 30c0a845-a217-4f15-8bab-f33012bc7910(fv-az202-370.ngw3kpfb2bguzbtcwuqjmbcvef.gx.internal.cloudapp.net/10.1.0.27) reports an CLOSED replica.
2023-04-15 16:33:28,247 [BlockDeletingService#5] INFO  interfaces.ContainerDeletionChoosingPolicyTemplate (ContainerDeletionChoosingPolicyTemplate.java:chooseContainerForBlockDeletion(83)) - Chosen 0/5000 blocks from 0 candidate containers.
2023-04-15 16:33:28,250 [BlockDeletingService#9] INFO  interfaces.ContainerDeletionChoosingPolicyTemplate (ContainerDeletionChoosingPolicyTemplate.java:chooseContainerForBlockDeletion(83)) - Chosen 0/5000 blocks from 0 candidate containers.
2023-04-15 16:33:28,347 [BlockDeletingService#5] INFO  interfaces.ContainerDeletionChoosingPolicyTemplate (ContainerDeletionChoosingPolicyTemplate.java:chooseContainerForBlockDeletion(83)) - Chosen 0/5000 blocks from 0 candidate containers.
2023-04-15 16:33:28,350 [BlockDeletingService#9] INFO  interfaces.ContainerDeletionChoosingPolicyTemplate (ContainerDeletionChoosingPolicyTemplate.java:chooseContainerForBlockDeletion(83)) - Chosen 0/5000 blocks from 0 candidate containers.
2023-04-15 16:33:28,447 [FixedThreadPoolWithAffinityExecutor-0-0] WARN  container.ContainerReportHandler (AbstractContainerReportHandler.java:updateContainerState(259)) - Container #1 is in OPEN state, but the datanode 30c0a845-a217-4f15-8bab-f33012bc7910(fv-az202-370.ngw3kpfb2bguzbtcwuqjmbcvef.gx.internal.cloudapp.net/10.1.0.27) reports an CLOSED replica.
2023-04-15 16:33:28,448 [BlockDeletingService#5] INFO  interfaces.ContainerDeletionChoosingPolicyTemplate (ContainerDeletionChoosingPolicyTemplate.java:chooseContainerForBlockDeletion(83)) - Chosen 0/5000 blocks from 0 candidate containers.
2023-04-15 16:33:28,450 [BlockDeletingService#9] INFO  interfaces.ContainerDeletionChoosingPolicyTemplate (ContainerDeletionChoosingPolicyTemplate.java:chooseContainerForBlockDeletion(83)) - Chosen 0/5000 blocks from 0 candidate containers.
2023-04-15 16:33:28,491 [FixedThreadPoolWithAffinityExecutor-1-0] WARN  container.ContainerReportHandler (AbstractContainerReportHandler.java:updateContainerState(259)) - Container #1 is in OPEN state, but the datanode 0dee40cf-0d5a-47f0-9c10-89273726be1d(fv-az202-370.ngw3kpfb2bguzbtcwuqjmbcvef.gx.internal.cloudapp.net/10.1.0.27) reports an CLOSED replica.
2023-04-15 16:33:28,548 [BlockDeletingService#5] INFO  interfaces.ContainerDeletionChoosingPolicyTemplate (ContainerDeletionChoosingPolicyTemplate.java:chooseContainerForBlockDeletion(83)) - Chosen 0/5000 blocks from 0 candidate containers.
2023-04-15 16:33:28,551 [BlockDeletingService#9] INFO  interfaces.ContainerDeletionChoosingPolicyTemplate (ContainerDeletionChoosingPolicyTemplate.java:chooseContainerForBlockDeletion(83)) - Chosen 0/5000 blocks from 0 candidate containers.
2023-04-15 16:33:28,648 [BlockDeletingService#5] INFO  interfaces.ContainerDeletionChoosingPolicyTemplate (ContainerDeletionChoosingPolicyTemplate.java:chooseContainerForBlockDeletion(83)) - Chosen 0/5000 blocks from 0 candidate containers.
2023-04-15 16:33:28,651 [BlockDeletingService#9] INFO  interfaces.ContainerDeletionChoosingPolicyTemplate (ContainerDeletionChoosingPolicyTemplate.java:chooseContainerForBlockDeletion(83)) - Chosen 0/5000 blocks from 0 candidate containers.
2023-04-15 16:33:28,747 [FixedThreadPoolWithAffinityExecutor-0-0] WARN  container.ContainerReportHandler (AbstractContainerReportHandler.java:updateContainerState(259)) - Container #1 is in OPEN state, but the datanode 30c0a845-a217-4f15-8bab-f33012bc7910(fv-az202-370.ngw3kpfb2bguzbtcwuqjmbcvef.gx.internal.cloudapp.net/10.1.0.27) reports an CLOSED replica.
2023-04-15 16:33:28,748 [BlockDeletingService#5] INFO  interfaces.ContainerDeletionChoosingPolicyTemplate (ContainerDeletionChoosingPolicyTemplate.java:chooseContainerForBlockDeletion(83)) - Chosen 0/5000 blocks from 0 candidate containers.
2023-04-15 16:33:28,751 [BlockDeletingService#9] INFO  interfaces.ContainerDeletionChoosingPolicyTemplate (ContainerDeletionChoosingPolicyTemplate.java:chooseContainerForBlockDeletion(83)) - Chosen 0/5000 blocks from 0 candidate containers.
2023-04-15 16:33:28,791 [FixedThreadPoolWithAffinityExecutor-1-0] WARN  container.ContainerReportHandler (AbstractContainerReportHandler.java:updateContainerState(259)) - Container #1 is in OPEN state, but the datanode 0dee40cf-0d5a-47f0-9c10-89273726be1d(fv-az202-370.ngw3kpfb2bguzbtcwuqjmbcvef.gx.internal.cloudapp.net/10.1.0.27) reports an CLOSED replica.
2023-04-15 16:33:28,848 [BlockDeletingService#5] INFO  interfaces.ContainerDeletionChoosingPolicyTemplate (ContainerDeletionChoosingPolicyTemplate.java:chooseContainerForBlockDeletion(83)) - Chosen 0/5000 blocks from 0 candidate containers.
2023-04-15 16:33:28,851 [BlockDeletingService#9] INFO  interfaces.ContainerDeletionChoosingPolicyTemplate (ContainerDeletionChoosingPolicyTemplate.java:chooseContainerForBlockDeletion(83)) - Chosen 0/5000 blocks from 0 candidate containers.
2023-04-15 16:33:28,895 [grpc-default-executor-5] WARN  server.GrpcLogAppender (LogUtils.java:warn(122)) - 30c0a845-a217-4f15-8bab-f33012bc7910@group-F40867945940->f16a70e5-fe04-4d06-9179-25c3ad8a94bb-AppendLogResponseHandler: Failed appendEntries: org.apache.ratis.thirdparty.io.grpc.StatusRuntimeException: UNAVAILABLE: io exception
2023-04-15 16:33:28,896 [grpc-default-executor-5] WARN  server.GrpcLogAppender (GrpcLogAppender.java:resetClient(131)) - 30c0a845-a217-4f15-8bab-f33012bc7910@group-F40867945940->f16a70e5-fe04-4d06-9179-25c3ad8a94bb-GrpcLogAppender: Leader has not got in touch with Follower 30c0a845-a217-4f15-8bab-f33012bc7910@group-F40867945940->f16a70e5-fe04-4d06-9179-25c3ad8a94bb(c-1,m0,n7, attendVote=true, lastRpcSendTime=0, lastRpcResponseTime=97098) yet, just keep nextIndex unchanged and retry.
2023-04-15 16:33:28,896 [grpc-default-executor-3] WARN  server.GrpcLogAppender (LogUtils.java:warn(122)) - 30c0a845-a217-4f15-8bab-f33012bc7910@group-F40867945940->f16a70e5-fe04-4d06-9179-25c3ad8a94bb-AppendLogResponseHandler: Failed appendEntries: org.apache.ratis.thirdparty.io.grpc.StatusRuntimeException: UNAVAILABLE: io exception
2023-04-15 16:33:28,896 [grpc-default-executor-3] WARN  server.GrpcLogAppender (GrpcLogAppender.java:resetClient(131)) - 30c0a845-a217-4f15-8bab-f33012bc7910@group-F40867945940->f16a70e5-fe04-4d06-9179-25c3ad8a94bb-GrpcLogAppender: Leader has not got in touch with Follower 30c0a845-a217-4f15-8bab-f33012bc7910@group-F40867945940->f16a70e5-fe04-4d06-9179-25c3ad8a94bb(c-1,m0,n7, attendVote=true, lastRpcSendTime=0, lastRpcResponseTime=97098) yet, just keep nextIndex unchanged and retry.
2023-04-15 16:33:28,947 [FixedThreadPoolWithAffinityExecutor-0-0] WARN  container.ContainerReportHandler (AbstractContainerReportHandler.java:updateContainerState(259)) - Container #1 is in OPEN state, but the datanode 30c0a845-a217-4f15-8bab-f33012bc7910(fv-az202-370.ngw3kpfb2bguzbtcwuqjmbcvef.gx.internal.cloudapp.net/10.1.0.27) reports an CLOSED replica.
2023-04-15 16:33:28,948 [BlockDeletingService#5] INFO  interfaces.ContainerDeletionChoosingPolicyTemplate (ContainerDeletionChoosingPolicyTemplate.java:chooseContainerForBlockDeletion(83)) - Chosen 0/5000 blocks from 0 candidate containers.
2023-04-15 16:33:28,951 [BlockDeletingService#9] INFO  interfaces.ContainerDeletionChoosingPolicyTemplate (ContainerDeletionChoosingPolicyTemplate.java:chooseContainerForBlockDeletion(83)) - Chosen 0/5000 blocks from 0 candidate containers.
2023-04-15 16:33:28,991 [FixedThreadPoolWithAffinityExecutor-1-0] WARN  container.ContainerReportHandler (AbstractContainerReportHandler.java:updateContainerState(259)) - Container #1 is in OPEN state, but the datanode 0dee40cf-0d5a-47f0-9c10-89273726be1d(fv-az202-370.ngw3kpfb2bguzbtcwuqjmbcvef.gx.internal.cloudapp.net/10.1.0.27) reports an CLOSED replica.
2023-04-15 16:33:29,049 [BlockDeletingService#5] INFO  interfaces.ContainerDeletionChoosingPolicyTemplate (ContainerDeletionChoosingPolicyTemplate.java:chooseContainerForBlockDeletion(83)) - Chosen 0/5000 blocks from 0 candidate containers.
2023-04-15 16:33:29,051 [BlockDeletingService#9] INFO  interfaces.ContainerDeletionChoosingPolicyTemplate (ContainerDeletionChoosingPolicyTemplate.java:chooseContainerForBlockDeletion(83)) - Chosen 0/5000 blocks from 0 candidate containers.
2023-04-15 16:33:29,149 [BlockDeletingService#5] INFO  interfaces.ContainerDeletionChoosingPolicyTemplate (ContainerDeletionChoosingPolicyTemplate.java:chooseContainerForBlockDeletion(83)) - Chosen 0/5000 blocks from 0 candidate containers.
2023-04-15 16:33:29,151 [BlockDeletingService#9] INFO  interfaces.ContainerDeletionChoosingPolicyTemplate (ContainerDeletionChoosingPolicyTemplate.java:chooseContainerForBlockDeletion(83)) - Chosen 0/5000 blocks from 0 candidate containers.
2023-04-15 16:33:29,247 [FixedThreadPoolWithAffinityExecutor-0-0] WARN  container.ContainerReportHandler (AbstractContainerReportHandler.java:updateContainerState(259)) - Container #1 is in OPEN state, but the datanode 30c0a845-a217-4f15-8bab-f33012bc7910(fv-az202-370.ngw3kpfb2bguzbtcwuqjmbcvef.gx.internal.cloudapp.net/10.1.0.27) reports an CLOSED replica.
2023-04-15 16:33:29,249 [BlockDeletingService#5] INFO  interfaces.ContainerDeletionChoosingPolicyTemplate (ContainerDeletionChoosingPolicyTemplate.java:chooseContainerForBlockDeletion(83)) - Chosen 0/5000 blocks from 0 candidate containers.
2023-04-15 16:33:29,251 [BlockDeletingService#9] INFO  interfaces.ContainerDeletionChoosingPolicyTemplate (ContainerDeletionChoosingPolicyTemplate.java:chooseContainerForBlockDeletion(83)) - Chosen 0/5000 blocks from 0 candidate containers.
2023-04-15 16:33:29,290 [FixedThreadPoolWithAffinityExecutor-1-0] WARN  container.ContainerReportHandler (AbstractContainerReportHandler.java:updateContainerState(259)) - Container #1 is in OPEN state, but the datanode 0dee40cf-0d5a-47f0-9c10-89273726be1d(fv-az202-370.ngw3kpfb2bguzbtcwuqjmbcvef.gx.internal.cloudapp.net/10.1.0.27) reports an CLOSED replica.
2023-04-15 16:33:29,349 [BlockDeletingService#5] INFO  interfaces.ContainerDeletionChoosingPolicyTemplate (ContainerDeletionChoosingPolicyTemplate.java:chooseContainerForBlockDeletion(83)) - Chosen 0/5000 blocks from 0 candidate containers.
2023-04-15 16:33:29,351 [BlockDeletingService#9] INFO  interfaces.ContainerDeletionChoosingPolicyTemplate (ContainerDeletionChoosingPolicyTemplate.java:chooseContainerForBlockDeletion(83)) - Chosen 0/5000 blocks from 0 candidate containers.
2023-04-15 16:33:29,447 [FixedThreadPoolWithAffinityExecutor-0-0] WARN  container.ContainerReportHandler (AbstractContainerReportHandler.java:updateContainerState(259)) - Container #1 is in OPEN state, but the datanode 30c0a845-a217-4f15-8bab-f33012bc7910(fv-az202-370.ngw3kpfb2bguzbtcwuqjmbcvef.gx.internal.cloudapp.net/10.1.0.27) reports an CLOSED replica.
2023-04-15 16:33:29,449 [BlockDeletingService#5] INFO  interfaces.ContainerDeletionChoosingPolicyTemplate (ContainerDeletionChoosingPolicyTemplate.java:chooseContainerForBlockDeletion(83)) - Chosen 0/5000 blocks from 0 candidate containers.
2023-04-15 16:33:29,451 [BlockDeletingService#9] INFO  interfaces.ContainerDeletionChoosingPolicyTemplate (ContainerDeletionChoosingPolicyTemplate.java:chooseContainerForBlockDeletion(83)) - Chosen 0/5000 blocks from 0 candidate containers.
2023-04-15 16:33:29,549 [BlockDeletingService#5] INFO  interfaces.ContainerDeletionChoosingPolicyTemplate (ContainerDeletionChoosingPolicyTemplate.java:chooseContainerForBlockDeletion(83)) - Chosen 0/5000 blocks from 0 candidate containers.
2023-04-15 16:33:29,552 [BlockDeletingService#9] INFO  interfaces.ContainerDeletionChoosingPolicyTemplate (ContainerDeletionChoosingPolicyTemplate.java:chooseContainerForBlockDeletion(83)) - Chosen 0/5000 blocks from 0 candidate containers.
2023-04-15 16:33:29,591 [FixedThreadPoolWithAffinityExecutor-1-0] WARN  container.ContainerReportHandler (AbstractContainerReportHandler.java:updateContainerState(259)) - Container #1 is in OPEN state, but the datanode 0dee40cf-0d5a-47f0-9c10-89273726be1d(fv-az202-370.ngw3kpfb2bguzbtcwuqjmbcvef.gx.internal.cloudapp.net/10.1.0.27) reports an CLOSED replica.
2023-04-15 16:33:29,649 [BlockDeletingService#5] INFO  interfaces.ContainerDeletionChoosingPolicyTemplate (ContainerDeletionChoosingPolicyTemplate.java:chooseContainerForBlockDeletion(83)) - Chosen 0/5000 blocks from 0 candidate containers.
2023-04-15 16:33:29,652 [BlockDeletingService#9] INFO  interfaces.ContainerDeletionChoosingPolicyTemplate (ContainerDeletionChoosingPolicyTemplate.java:chooseContainerForBlockDeletion(83)) - Chosen 0/5000 blocks from 0 candidate containers.
2023-04-15 16:33:29,746 [FixedThreadPoolWithAffinityExecutor-0-0] WARN  container.ContainerReportHandler (AbstractContainerReportHandler.java:updateContainerState(259)) - Container #1 is in OPEN state, but the datanode 30c0a845-a217-4f15-8bab-f33012bc7910(fv-az202-370.ngw3kpfb2bguzbtcwuqjmbcvef.gx.internal.cloudapp.net/10.1.0.27) reports an CLOSED replica.
2023-04-15 16:33:29,750 [BlockDeletingService#5] INFO  interfaces.ContainerDeletionChoosingPolicyTemplate (ContainerDeletionChoosingPolicyTemplate.java:chooseContainerForBlockDeletion(83)) - Chosen 0/5000 blocks from 0 candidate containers.
2023-04-15 16:33:29,752 [BlockDeletingService#9] INFO  interfaces.ContainerDeletionChoosingPolicyTemplate (ContainerDeletionChoosingPolicyTemplate.java:chooseContainerForBlockDeletion(83)) - Chosen 0/5000 blocks from 0 candidate containers.
2023-04-15 16:33:29,850 [BlockDeletingService#5] INFO  interfaces.ContainerDeletionChoosingPolicyTemplate (ContainerDeletionChoosingPolicyTemplate.java:chooseContainerForBlockDeletion(83)) - Chosen 0/5000 blocks from 0 candidate containers.
2023-04-15 16:33:29,852 [BlockDeletingService#9] INFO  interfaces.ContainerDeletionChoosingPolicyTemplate (ContainerDeletionChoosingPolicyTemplate.java:chooseContainerForBlockDeletion(83)) - Chosen 0/5000 blocks from 0 candidate containers.
2023-04-15 16:33:29,890 [FixedThreadPoolWithAffinityExecutor-1-0] WARN  container.ContainerReportHandler (AbstractContainerReportHandler.java:updateContainerState(259)) - Container #1 is in OPEN state, but the datanode 0dee40cf-0d5a-47f0-9c10-89273726be1d(fv-az202-370.ngw3kpfb2bguzbtcwuqjmbcvef.gx.internal.cloudapp.net/10.1.0.27) reports an CLOSED replica.
2023-04-15 16:33:29,950 [BlockDeletingService#5] INFO  interfaces.ContainerDeletionChoosingPolicyTemplate (ContainerDeletionChoosingPolicyTemplate.java:chooseContainerForBlockDeletion(83)) - Chosen 0/5000 blocks from 0 candidate containers.
2023-04-15 16:33:29,952 [BlockDeletingService#9] INFO  interfaces.ContainerDeletionChoosingPolicyTemplate (ContainerDeletionChoosingPolicyTemplate.java:chooseContainerForBlockDeletion(83)) - Chosen 0/5000 blocks from 0 candidate containers.
2023-04-15 16:33:30,050 [FixedThreadPoolWithAffinityExecutor-0-0] WARN  container.ContainerReportHandler (AbstractContainerReportHandler.java:updateContainerState(259)) - Container #1 is in OPEN state, but the datanode 30c0a845-a217-4f15-8bab-f33012bc7910(fv-az202-370.ngw3kpfb2bguzbtcwuqjmbcvef.gx.internal.cloudapp.net/10.1.0.27) reports an CLOSED replica.
2023-04-15 16:33:30,050 [BlockDeletingService#5] INFO  interfaces.ContainerDeletionChoosingPolicyTemplate (ContainerDeletionChoosingPolicyTemplate.java:chooseContainerForBlockDeletion(83)) - Chosen 0/5000 blocks from 0 candidate containers.
2023-04-15 16:33:30,052 [BlockDeletingService#9] INFO  interfaces.ContainerDeletionChoosingPolicyTemplate (ContainerDeletionChoosingPolicyTemplate.java:chooseContainerForBlockDeletion(83)) - Chosen 0/5000 blocks from 0 candidate containers.
2023-04-15 16:33:30,091 [FixedThreadPoolWithAffinityExecutor-1-0] WARN  container.ContainerReportHandler (AbstractContainerReportHandler.java:updateContainerState(259)) - Container #1 is in OPEN state, but the datanode 0dee40cf-0d5a-47f0-9c10-89273726be1d(fv-az202-370.ngw3kpfb2bguzbtcwuqjmbcvef.gx.internal.cloudapp.net/10.1.0.27) reports an CLOSED replica.
2023-04-15 16:33:30,145 [grpc-default-executor-3] WARN  server.GrpcLogAppender (LogUtils.java:warn(122)) - 30c0a845-a217-4f15-8bab-f33012bc7910@group-F40867945940->f16a70e5-fe04-4d06-9179-25c3ad8a94bb-AppendLogResponseHandler: Failed appendEntries: org.apache.ratis.thirdparty.io.grpc.StatusRuntimeException: UNAVAILABLE: io exception
2023-04-15 16:33:30,145 [grpc-default-executor-5] WARN  server.GrpcLogAppender (LogUtils.java:warn(122)) - 30c0a845-a217-4f15-8bab-f33012bc7910@group-F40867945940->f16a70e5-fe04-4d06-9179-25c3ad8a94bb-AppendLogResponseHandler: Failed appendEntries: org.apache.ratis.thirdparty.io.grpc.StatusRuntimeException: UNAVAILABLE: io exception
2023-04-15 16:33:30,146 [grpc-default-executor-3] WARN  server.GrpcLogAppender (GrpcLogAppender.java:resetClient(131)) - 30c0a845-a217-4f15-8bab-f33012bc7910@group-F40867945940->f16a70e5-fe04-4d06-9179-25c3ad8a94bb-GrpcLogAppender: Leader has not got in touch with Follower 30c0a845-a217-4f15-8bab-f33012bc7910@group-F40867945940->f16a70e5-fe04-4d06-9179-25c3ad8a94bb(c-1,m0,n7, attendVote=true, lastRpcSendTime=0, lastRpcResponseTime=98348) yet, just keep nextIndex unchanged and retry.
2023-04-15 16:33:30,147 [grpc-default-executor-5] WARN  server.GrpcLogAppender (GrpcLogAppender.java:resetClient(131)) - 30c0a845-a217-4f15-8bab-f33012bc7910@group-F40867945940->f16a70e5-fe04-4d06-9179-25c3ad8a94bb-GrpcLogAppender: Leader has not got in touch with Follower 30c0a845-a217-4f15-8bab-f33012bc7910@group-F40867945940->f16a70e5-fe04-4d06-9179-25c3ad8a94bb(c-1,m0,n7, attendVote=true, lastRpcSendTime=1, lastRpcResponseTime=98349) yet, just keep nextIndex unchanged and retry.
2023-04-15 16:33:30,152 [BlockDeletingService#9] INFO  interfaces.ContainerDeletionChoosingPolicyTemplate (ContainerDeletionChoosingPolicyTemplate.java:chooseContainerForBlockDeletion(83)) - Chosen 0/5000 blocks from 0 candidate containers.
2023-04-15 16:33:30,153 [BlockDeletingService#5] INFO  interfaces.ContainerDeletionChoosingPolicyTemplate (ContainerDeletionChoosingPolicyTemplate.java:chooseContainerForBlockDeletion(83)) - Chosen 0/5000 blocks from 0 candidate containers.
2023-04-15 16:33:30,250 [FixedThreadPoolWithAffinityExecutor-0-0] WARN  container.ContainerReportHandler (AbstractContainerReportHandler.java:updateContainerState(259)) - Container #1 is in OPEN state, but the datanode 30c0a845-a217-4f15-8bab-f33012bc7910(fv-az202-370.ngw3kpfb2bguzbtcwuqjmbcvef.gx.internal.cloudapp.net/10.1.0.27) reports an CLOSED replica.
2023-04-15 16:33:30,253 [BlockDeletingService#9] INFO  interfaces.ContainerDeletionChoosingPolicyTemplate (ContainerDeletionChoosingPolicyTemplate.java:chooseContainerForBlockDeletion(83)) - Chosen 0/5000 blocks from 0 candidate containers.
2023-04-15 16:33:30,254 [BlockDeletingService#5] INFO  interfaces.ContainerDeletionChoosingPolicyTemplate (ContainerDeletionChoosingPolicyTemplate.java:chooseContainerForBlockDeletion(83)) - Chosen 0/5000 blocks from 0 candidate containers.
2023-04-15 16:33:30,353 [BlockDeletingService#9] INFO  interfaces.ContainerDeletionChoosingPolicyTemplate (ContainerDeletionChoosingPolicyTemplate.java:chooseContainerForBlockDeletion(83)) - Chosen 0/5000 blocks from 0 candidate containers.
2023-04-15 16:33:30,354 [BlockDeletingService#5] INFO  interfaces.ContainerDeletionChoosingPolicyTemplate (ContainerDeletionChoosingPolicyTemplate.java:chooseContainerForBlockDeletion(83)) - Chosen 0/5000 blocks from 0 candidate containers.
2023-04-15 16:33:30,394 [FixedThreadPoolWithAffinityExecutor-1-0] WARN  container.ContainerReportHandler (AbstractContainerReportHandler.java:updateContainerState(259)) - Container #1 is in OPEN state, but the datanode 0dee40cf-0d5a-47f0-9c10-89273726be1d(fv-az202-370.ngw3kpfb2bguzbtcwuqjmbcvef.gx.internal.cloudapp.net/10.1.0.27) reports an CLOSED replica.
2023-04-15 16:33:30,453 [BlockDeletingService#9] INFO  interfaces.ContainerDeletionChoosingPolicyTemplate (ContainerDeletionChoosingPolicyTemplate.java:chooseContainerForBlockDeletion(83)) - Chosen 0/5000 blocks from 0 candidate containers.
2023-04-15 16:33:30,454 [BlockDeletingService#5] INFO  interfaces.ContainerDeletionChoosingPolicyTemplate (ContainerDeletionChoosingPolicyTemplate.java:chooseContainerForBlockDeletion(83)) - Chosen 0/5000 blocks from 0 candidate containers.
2023-04-15 16:33:30,550 [FixedThreadPoolWithAffinityExecutor-0-0] WARN  container.ContainerReportHandler (AbstractContainerReportHandler.java:updateContainerState(259)) - Container #1 is in OPEN state, but the datanode 30c0a845-a217-4f15-8bab-f33012bc7910(fv-az202-370.ngw3kpfb2bguzbtcwuqjmbcvef.gx.internal.cloudapp.net/10.1.0.27) reports an CLOSED replica.
2023-04-15 16:33:30,553 [BlockDeletingService#9] INFO  interfaces.ContainerDeletionChoosingPolicyTemplate (ContainerDeletionChoosingPolicyTemplate.java:chooseContainerForBlockDeletion(83)) - Chosen 0/5000 blocks from 0 candidate containers.
2023-04-15 16:33:30,554 [BlockDeletingService#5] INFO  interfaces.ContainerDeletionChoosingPolicyTemplate (ContainerDeletionChoosingPolicyTemplate.java:chooseContainerForBlockDeletion(83)) - Chosen 0/5000 blocks from 0 candidate containers.
2023-04-15 16:33:30,653 [BlockDeletingService#9] INFO  interfaces.ContainerDeletionChoosingPolicyTemplate (ContainerDeletionChoosingPolicyTemplate.java:chooseContainerForBlockDeletion(83)) - Chosen 0/5000 blocks from 0 candidate containers.
2023-04-15 16:33:30,654 [BlockDeletingService#5] INFO  interfaces.ContainerDeletionChoosingPolicyTemplate (ContainerDeletionChoosingPolicyTemplate.java:chooseContainerForBlockDeletion(83)) - Chosen 0/5000 blocks from 0 candidate containers.
2023-04-15 16:33:30,694 [FixedThreadPoolWithAffinityExecutor-1-0] WARN  container.ContainerReportHandler (AbstractContainerReportHandler.java:updateContainerState(259)) - Container #1 is in OPEN state, but the datanode 0dee40cf-0d5a-47f0-9c10-89273726be1d(fv-az202-370.ngw3kpfb2bguzbtcwuqjmbcvef.gx.internal.cloudapp.net/10.1.0.27) reports an CLOSED replica.
2023-04-15 16:33:30,750 [FixedThreadPoolWithAffinityExecutor-0-0] WARN  container.ContainerReportHandler (AbstractContainerReportHandler.java:updateContainerState(259)) - Container #1 is in OPEN state, but the datanode 30c0a845-a217-4f15-8bab-f33012bc7910(fv-az202-370.ngw3kpfb2bguzbtcwuqjmbcvef.gx.internal.cloudapp.net/10.1.0.27) reports an CLOSED replica.
2023-04-15 16:33:30,753 [BlockDeletingService#9] INFO  interfaces.ContainerDeletionChoosingPolicyTemplate (ContainerDeletionChoosingPolicyTemplate.java:chooseContainerForBlockDeletion(83)) - Chosen 0/5000 blocks from 0 candidate containers.
2023-04-15 16:33:30,754 [BlockDeletingService#5] INFO  interfaces.ContainerDeletionChoosingPolicyTemplate (ContainerDeletionChoosingPolicyTemplate.java:chooseContainerForBlockDeletion(83)) - Chosen 0/5000 blocks from 0 candidate containers.
2023-04-15 16:33:30,854 [BlockDeletingService#9] INFO  interfaces.ContainerDeletionChoosingPolicyTemplate (ContainerDeletionChoosingPolicyTemplate.java:chooseContainerForBlockDeletion(83)) - Chosen 0/5000 blocks from 0 candidate containers.
2023-04-15 16:33:30,854 [BlockDeletingService#5] INFO  interfaces.ContainerDeletionChoosingPolicyTemplate (ContainerDeletionChoosingPolicyTemplate.java:chooseContainerForBlockDeletion(83)) - Chosen 0/5000 blocks from 0 candidate containers.
2023-04-15 16:33:30,895 [FixedThreadPoolWithAffinityExecutor-1-0] WARN  container.ContainerReportHandler (AbstractContainerReportHandler.java:updateContainerState(259)) - Container #1 is in OPEN state, but the datanode 0dee40cf-0d5a-47f0-9c10-89273726be1d(fv-az202-370.ngw3kpfb2bguzbtcwuqjmbcvef.gx.internal.cloudapp.net/10.1.0.27) reports an CLOSED replica.
2023-04-15 16:33:30,954 [BlockDeletingService#9] INFO  interfaces.ContainerDeletionChoosingPolicyTemplate (ContainerDeletionChoosingPolicyTemplate.java:chooseContainerForBlockDeletion(83)) - Chosen 0/5000 blocks from 0 candidate containers.
2023-04-15 16:33:30,954 [BlockDeletingService#5] INFO  interfaces.ContainerDeletionChoosingPolicyTemplate (ContainerDeletionChoosingPolicyTemplate.java:chooseContainerForBlockDeletion(83)) - Chosen 0/5000 blocks from 0 candidate containers.
2023-04-15 16:33:31,050 [FixedThreadPoolWithAffinityExecutor-0-0] WARN  container.ContainerReportHandler (AbstractContainerReportHandler.java:updateContainerState(259)) - Container #1 is in OPEN state, but the datanode 30c0a845-a217-4f15-8bab-f33012bc7910(fv-az202-370.ngw3kpfb2bguzbtcwuqjmbcvef.gx.internal.cloudapp.net/10.1.0.27) reports an CLOSED replica.
2023-04-15 16:33:31,054 [BlockDeletingService#9] INFO  interfaces.ContainerDeletionChoosingPolicyTemplate (ContainerDeletionChoosingPolicyTemplate.java:chooseContainerForBlockDeletion(83)) - Chosen 0/5000 blocks from 0 candidate containers.
2023-04-15 16:33:31,055 [BlockDeletingService#5] INFO  interfaces.ContainerDeletionChoosingPolicyTemplate (ContainerDeletionChoosingPolicyTemplate.java:chooseContainerForBlockDeletion(83)) - Chosen 0/5000 blocks from 0 candidate containers.
2023-04-15 16:33:31,154 [BlockDeletingService#9] INFO  interfaces.ContainerDeletionChoosingPolicyTemplate (ContainerDeletionChoosingPolicyTemplate.java:chooseContainerForBlockDeletion(83)) - Chosen 0/5000 blocks from 0 candidate containers.
2023-04-15 16:33:31,155 [BlockDeletingService#5] INFO  interfaces.ContainerDeletionChoosingPolicyTemplate (ContainerDeletionChoosingPolicyTemplate.java:chooseContainerForBlockDeletion(83)) - Chosen 0/5000 blocks from 0 candidate containers.
2023-04-15 16:33:31,195 [FixedThreadPoolWithAffinityExecutor-1-0] WARN  container.ContainerReportHandler (AbstractContainerReportHandler.java:updateContainerState(259)) - Container #1 is in OPEN state, but the datanode 0dee40cf-0d5a-47f0-9c10-89273726be1d(fv-az202-370.ngw3kpfb2bguzbtcwuqjmbcvef.gx.internal.cloudapp.net/10.1.0.27) reports an CLOSED replica.
2023-04-15 16:33:31,251 [FixedThreadPoolWithAffinityExecutor-0-0] WARN  container.ContainerReportHandler (AbstractContainerReportHandler.java:updateContainerState(259)) - Container #1 is in OPEN state, but the datanode 30c0a845-a217-4f15-8bab-f33012bc7910(fv-az202-370.ngw3kpfb2bguzbtcwuqjmbcvef.gx.internal.cloudapp.net/10.1.0.27) reports an CLOSED replica.
2023-04-15 16:33:31,254 [BlockDeletingService#9] INFO  interfaces.ContainerDeletionChoosingPolicyTemplate (ContainerDeletionChoosingPolicyTemplate.java:chooseContainerForBlockDeletion(83)) - Chosen 0/5000 blocks from 0 candidate containers.
2023-04-15 16:33:31,255 [BlockDeletingService#5] INFO  interfaces.ContainerDeletionChoosingPolicyTemplate (ContainerDeletionChoosingPolicyTemplate.java:chooseContainerForBlockDeletion(83)) - Chosen 0/5000 blocks from 0 candidate containers.
2023-04-15 16:33:31,354 [BlockDeletingService#9] INFO  interfaces.ContainerDeletionChoosingPolicyTemplate (ContainerDeletionChoosingPolicyTemplate.java:chooseContainerForBlockDeletion(83)) - Chosen 0/5000 blocks from 0 candidate containers.
2023-04-15 16:33:31,355 [BlockDeletingService#5] INFO  interfaces.ContainerDeletionChoosingPolicyTemplate (ContainerDeletionChoosingPolicyTemplate.java:chooseContainerForBlockDeletion(83)) - Chosen 0/5000 blocks from 0 candidate containers.
2023-04-15 16:33:31,396 [grpc-default-executor-5] WARN  server.GrpcLogAppender (LogUtils.java:warn(122)) - 30c0a845-a217-4f15-8bab-f33012bc7910@group-F40867945940->f16a70e5-fe04-4d06-9179-25c3ad8a94bb-AppendLogResponseHandler: Failed appendEntries: org.apache.ratis.thirdparty.io.grpc.StatusRuntimeException: UNAVAILABLE: io exception
2023-04-15 16:33:31,396 [grpc-default-executor-5] WARN  server.GrpcLogAppender (GrpcLogAppender.java:resetClient(131)) - 30c0a845-a217-4f15-8bab-f33012bc7910@group-F40867945940->f16a70e5-fe04-4d06-9179-25c3ad8a94bb-GrpcLogAppender: Leader has not got in touch with Follower 30c0a845-a217-4f15-8bab-f33012bc7910@group-F40867945940->f16a70e5-fe04-4d06-9179-25c3ad8a94bb(c-1,m0,n7, attendVote=true, lastRpcSendTime=0, lastRpcResponseTime=99598) yet, just keep nextIndex unchanged and retry.
2023-04-15 16:33:31,396 [grpc-default-executor-3] WARN  server.GrpcLogAppender (LogUtils.java:warn(122)) - 30c0a845-a217-4f15-8bab-f33012bc7910@group-F40867945940->f16a70e5-fe04-4d06-9179-25c3ad8a94bb-AppendLogResponseHandler: Failed appendEntries: org.apache.ratis.thirdparty.io.grpc.StatusRuntimeException: UNAVAILABLE: io exception
2023-04-15 16:33:31,397 [grpc-default-executor-3] WARN  server.GrpcLogAppender (GrpcLogAppender.java:resetClient(131)) - 30c0a845-a217-4f15-8bab-f33012bc7910@group-F40867945940->f16a70e5-fe04-4d06-9179-25c3ad8a94bb-GrpcLogAppender: Leader has not got in touch with Follower 30c0a845-a217-4f15-8bab-f33012bc7910@group-F40867945940->f16a70e5-fe04-4d06-9179-25c3ad8a94bb(c-1,m0,n7, attendVote=true, lastRpcSendTime=1, lastRpcResponseTime=99599) yet, just keep nextIndex unchanged and retry.
2023-04-15 16:33:31,454 [BlockDeletingService#9] INFO  interfaces.ContainerDeletionChoosingPolicyTemplate (ContainerDeletionChoosingPolicyTemplate.java:chooseContainerForBlockDeletion(83)) - Chosen 0/5000 blocks from 0 candidate containers.
2023-04-15 16:33:31,455 [BlockDeletingService#5] INFO  interfaces.ContainerDeletionChoosingPolicyTemplate (ContainerDeletionChoosingPolicyTemplate.java:chooseContainerForBlockDeletion(83)) - Chosen 0/5000 blocks from 0 candidate containers.
2023-04-15 16:33:31,495 [FixedThreadPoolWithAffinityExecutor-1-0] WARN  container.ContainerReportHandler (AbstractContainerReportHandler.java:updateContainerState(259)) - Container #1 is in OPEN state, but the datanode 0dee40cf-0d5a-47f0-9c10-89273726be1d(fv-az202-370.ngw3kpfb2bguzbtcwuqjmbcvef.gx.internal.cloudapp.net/10.1.0.27) reports an CLOSED replica.
2023-04-15 16:33:31,551 [FixedThreadPoolWithAffinityExecutor-0-0] WARN  container.ContainerReportHandler (AbstractContainerReportHandler.java:updateContainerState(259)) - Container #1 is in OPEN state, but the datanode 30c0a845-a217-4f15-8bab-f33012bc7910(fv-az202-370.ngw3kpfb2bguzbtcwuqjmbcvef.gx.internal.cloudapp.net/10.1.0.27) reports an CLOSED replica.
2023-04-15 16:33:31,555 [BlockDeletingService#9] INFO  interfaces.ContainerDeletionChoosingPolicyTemplate (ContainerDeletionChoosingPolicyTemplate.java:chooseContainerForBlockDeletion(83)) - Chosen 0/5000 blocks from 0 candidate containers.
2023-04-15 16:33:31,555 [BlockDeletingService#5] INFO  interfaces.ContainerDeletionChoosingPolicyTemplate (ContainerDeletionChoosingPolicyTemplate.java:chooseContainerForBlockDeletion(83)) - Chosen 0/5000 blocks from 0 candidate containers.
2023-04-15 16:33:31,655 [BlockDeletingService#9] INFO  interfaces.ContainerDeletionChoosingPolicyTemplate (ContainerDeletionChoosingPolicyTemplate.java:chooseContainerForBlockDeletion(83)) - Chosen 0/5000 blocks from 0 candidate containers.
2023-04-15 16:33:31,655 [BlockDeletingService#5] INFO  interfaces.ContainerDeletionChoosingPolicyTemplate (ContainerDeletionChoosingPolicyTemplate.java:chooseContainerForBlockDeletion(83)) - Chosen 0/5000 blocks from 0 candidate containers.
2023-04-15 16:33:31,751 [FixedThreadPoolWithAffinityExecutor-0-0] WARN  container.ContainerReportHandler (AbstractContainerReportHandler.java:updateContainerState(259)) - Container #1 is in OPEN state, but the datanode 30c0a845-a217-4f15-8bab-f33012bc7910(fv-az202-370.ngw3kpfb2bguzbtcwuqjmbcvef.gx.internal.cloudapp.net/10.1.0.27) reports an CLOSED replica.
2023-04-15 16:33:31,755 [BlockDeletingService#9] INFO  interfaces.ContainerDeletionChoosingPolicyTemplate (ContainerDeletionChoosingPolicyTemplate.java:chooseContainerForBlockDeletion(83)) - Chosen 0/5000 blocks from 0 candidate containers.
2023-04-15 16:33:31,755 [BlockDeletingService#5] INFO  interfaces.ContainerDeletionChoosingPolicyTemplate (ContainerDeletionChoosingPolicyTemplate.java:chooseContainerForBlockDeletion(83)) - Chosen 0/5000 blocks from 0 candidate containers.
2023-04-15 16:33:31,795 [FixedThreadPoolWithAffinityExecutor-1-0] WARN  container.ContainerReportHandler (AbstractContainerReportHandler.java:updateContainerState(259)) - Container #1 is in OPEN state, but the datanode 0dee40cf-0d5a-47f0-9c10-89273726be1d(fv-az202-370.ngw3kpfb2bguzbtcwuqjmbcvef.gx.internal.cloudapp.net/10.1.0.27) reports an CLOSED replica.
2023-04-15 16:33:31,855 [BlockDeletingService#9] INFO  interfaces.ContainerDeletionChoosingPolicyTemplate (ContainerDeletionChoosingPolicyTemplate.java:chooseContainerForBlockDeletion(83)) - Chosen 0/5000 blocks from 0 candidate containers.
2023-04-15 16:33:31,855 [BlockDeletingService#5] INFO  interfaces.ContainerDeletionChoosingPolicyTemplate (ContainerDeletionChoosingPolicyTemplate.java:chooseContainerForBlockDeletion(83)) - Chosen 0/5000 blocks from 0 candidate containers.
2023-04-15 16:33:31,955 [BlockDeletingService#9] INFO  interfaces.ContainerDeletionChoosingPolicyTemplate (ContainerDeletionChoosingPolicyTemplate.java:chooseContainerForBlockDeletion(83)) - Chosen 0/5000 blocks from 0 candidate containers.
2023-04-15 16:33:31,955 [BlockDeletingService#5] INFO  interfaces.ContainerDeletionChoosingPolicyTemplate (ContainerDeletionChoosingPolicyTemplate.java:chooseContainerForBlockDeletion(83)) - Chosen 0/5000 blocks from 0 candidate containers.
2023-04-15 16:33:31,995 [FixedThreadPoolWithAffinityExecutor-1-0] WARN  container.ContainerReportHandler (AbstractContainerReportHandler.java:updateContainerState(259)) - Container #1 is in OPEN state, but the datanode 0dee40cf-0d5a-47f0-9c10-89273726be1d(fv-az202-370.ngw3kpfb2bguzbtcwuqjmbcvef.gx.internal.cloudapp.net/10.1.0.27) reports an CLOSED replica.
2023-04-15 16:33:32,052 [FixedThreadPoolWithAffinityExecutor-0-0] WARN  container.ContainerReportHandler (AbstractContainerReportHandler.java:updateContainerState(259)) - Container #1 is in OPEN state, but the datanode 30c0a845-a217-4f15-8bab-f33012bc7910(fv-az202-370.ngw3kpfb2bguzbtcwuqjmbcvef.gx.internal.cloudapp.net/10.1.0.27) reports an CLOSED replica.
2023-04-15 16:33:32,055 [BlockDeletingService#9] INFO  interfaces.ContainerDeletionChoosingPolicyTemplate (ContainerDeletionChoosingPolicyTemplate.java:chooseContainerForBlockDeletion(83)) - Chosen 0/5000 blocks from 0 candidate containers.
2023-04-15 16:33:32,056 [BlockDeletingService#5] INFO  interfaces.ContainerDeletionChoosingPolicyTemplate (ContainerDeletionChoosingPolicyTemplate.java:chooseContainerForBlockDeletion(83)) - Chosen 0/5000 blocks from 0 candidate containers.
2023-04-15 16:33:32,156 [BlockDeletingService#9] INFO  interfaces.ContainerDeletionChoosingPolicyTemplate (ContainerDeletionChoosingPolicyTemplate.java:chooseContainerForBlockDeletion(83)) - Chosen 0/5000 blocks from 0 candidate containers.
2023-04-15 16:33:32,156 [BlockDeletingService#5] INFO  interfaces.ContainerDeletionChoosingPolicyTemplate (ContainerDeletionChoosingPolicyTemplate.java:chooseContainerForBlockDeletion(83)) - Chosen 0/5000 blocks from 0 candidate containers.
2023-04-15 16:33:32,256 [BlockDeletingService#9] INFO  interfaces.ContainerDeletionChoosingPolicyTemplate (ContainerDeletionChoosingPolicyTemplate.java:chooseContainerForBlockDeletion(83)) - Chosen 0/5000 blocks from 0 candidate containers.
2023-04-15 16:33:32,256 [BlockDeletingService#5] INFO  interfaces.ContainerDeletionChoosingPolicyTemplate (ContainerDeletionChoosingPolicyTemplate.java:chooseContainerForBlockDeletion(83)) - Chosen 0/5000 blocks from 0 candidate containers.
2023-04-15 16:33:32,295 [FixedThreadPoolWithAffinityExecutor-1-0] WARN  container.ContainerReportHandler (AbstractContainerReportHandler.java:updateContainerState(259)) - Container #1 is in OPEN state, but the datanode 0dee40cf-0d5a-47f0-9c10-89273726be1d(fv-az202-370.ngw3kpfb2bguzbtcwuqjmbcvef.gx.internal.cloudapp.net/10.1.0.27) reports an CLOSED replica.
2023-04-15 16:33:32,353 [FixedThreadPoolWithAffinityExecutor-0-0] WARN  container.ContainerReportHandler (AbstractContainerReportHandler.java:updateContainerState(259)) - Container #1 is in OPEN state, but the datanode 30c0a845-a217-4f15-8bab-f33012bc7910(fv-az202-370.ngw3kpfb2bguzbtcwuqjmbcvef.gx.internal.cloudapp.net/10.1.0.27) reports an CLOSED replica.
2023-04-15 16:33:32,356 [BlockDeletingService#9] INFO  interfaces.ContainerDeletionChoosingPolicyTemplate (ContainerDeletionChoosingPolicyTemplate.java:chooseContainerForBlockDeletion(83)) - Chosen 0/5000 blocks from 0 candidate containers.
2023-04-15 16:33:32,356 [BlockDeletingService#5] INFO  interfaces.ContainerDeletionChoosingPolicyTemplate (ContainerDeletionChoosingPolicyTemplate.java:chooseContainerForBlockDeletion(83)) - Chosen 0/5000 blocks from 0 candidate containers.
2023-04-15 16:33:32,456 [BlockDeletingService#9] INFO  interfaces.ContainerDeletionChoosingPolicyTemplate (ContainerDeletionChoosingPolicyTemplate.java:chooseContainerForBlockDeletion(83)) - Chosen 0/5000 blocks from 0 candidate containers.
2023-04-15 16:33:32,456 [BlockDeletingService#5] INFO  interfaces.ContainerDeletionChoosingPolicyTemplate (ContainerDeletionChoosingPolicyTemplate.java:chooseContainerForBlockDeletion(83)) - Chosen 0/5000 blocks from 0 candidate containers.
2023-04-15 16:33:32,553 [FixedThreadPoolWithAffinityExecutor-0-0] WARN  container.ContainerReportHandler (AbstractContainerReportHandler.java:updateContainerState(259)) - Container #1 is in OPEN state, but the datanode 30c0a845-a217-4f15-8bab-f33012bc7910(fv-az202-370.ngw3kpfb2bguzbtcwuqjmbcvef.gx.internal.cloudapp.net/10.1.0.27) reports an CLOSED replica.
2023-04-15 16:33:32,556 [BlockDeletingService#9] INFO  interfaces.ContainerDeletionChoosingPolicyTemplate (ContainerDeletionChoosingPolicyTemplate.java:chooseContainerForBlockDeletion(83)) - Chosen 0/5000 blocks from 0 candidate containers.
2023-04-15 16:33:32,556 [BlockDeletingService#5] INFO  interfaces.ContainerDeletionChoosingPolicyTemplate (ContainerDeletionChoosingPolicyTemplate.java:chooseContainerForBlockDeletion(83)) - Chosen 0/5000 blocks from 0 candidate containers.
2023-04-15 16:33:32,596 [FixedThreadPoolWithAffinityExecutor-1-0] WARN  container.ContainerReportHandler (AbstractContainerReportHandler.java:updateContainerState(259)) - Container #1 is in OPEN state, but the datanode 0dee40cf-0d5a-47f0-9c10-89273726be1d(fv-az202-370.ngw3kpfb2bguzbtcwuqjmbcvef.gx.internal.cloudapp.net/10.1.0.27) reports an CLOSED replica.
2023-04-15 16:33:32,646 [grpc-default-executor-3] WARN  server.GrpcLogAppender (LogUtils.java:warn(122)) - 30c0a845-a217-4f15-8bab-f33012bc7910@group-F40867945940->f16a70e5-fe04-4d06-9179-25c3ad8a94bb-AppendLogResponseHandler: Failed appendEntries: org.apache.ratis.thirdparty.io.grpc.StatusRuntimeException: UNAVAILABLE: io exception
2023-04-15 16:33:32,646 [grpc-default-executor-5] WARN  server.GrpcLogAppender (LogUtils.java:warn(122)) - 30c0a845-a217-4f15-8bab-f33012bc7910@group-F40867945940->f16a70e5-fe04-4d06-9179-25c3ad8a94bb-AppendLogResponseHandler: Failed appendEntries: org.apache.ratis.thirdparty.io.grpc.StatusRuntimeException: UNAVAILABLE: io exception
2023-04-15 16:33:32,647 [grpc-default-executor-3] WARN  server.GrpcLogAppender (GrpcLogAppender.java:resetClient(131)) - 30c0a845-a217-4f15-8bab-f33012bc7910@group-F40867945940->f16a70e5-fe04-4d06-9179-25c3ad8a94bb-GrpcLogAppender: Leader has not got in touch with Follower 30c0a845-a217-4f15-8bab-f33012bc7910@group-F40867945940->f16a70e5-fe04-4d06-9179-25c3ad8a94bb(c-1,m0,n7, attendVote=true, lastRpcSendTime=0, lastRpcResponseTime=100849) yet, just keep nextIndex unchanged and retry.
2023-04-15 16:33:32,647 [grpc-default-executor-5] WARN  server.GrpcLogAppender (GrpcLogAppender.java:resetClient(131)) - 30c0a845-a217-4f15-8bab-f33012bc7910@group-F40867945940->f16a70e5-fe04-4d06-9179-25c3ad8a94bb-GrpcLogAppender: Leader has not got in touch with Follower 30c0a845-a217-4f15-8bab-f33012bc7910@group-F40867945940->f16a70e5-fe04-4d06-9179-25c3ad8a94bb(c-1,m0,n7, attendVote=true, lastRpcSendTime=0, lastRpcResponseTime=100849) yet, just keep nextIndex unchanged and retry.
2023-04-15 16:33:32,652 [EventQueue-StaleNodeForStaleNodeHandler] INFO  node.StaleNodeHandler (StaleNodeHandler.java:onMessage(59)) - Datanode f16a70e5-fe04-4d06-9179-25c3ad8a94bb(fv-az202-370.ngw3kpfb2bguzbtcwuqjmbcvef.gx.internal.cloudapp.net/10.1.0.27) moved to stale state. Finalizing its pipelines [PipelineID=bd94b54d-4d86-495b-af29-900a83dc8a69, PipelineID=29cd338f-0255-424e-9271-f40867945940]
2023-04-15 16:33:32,654 [EventQueue-StaleNodeForStaleNodeHandler] INFO  pipeline.PipelineManagerImpl (PipelineManagerImpl.java:closePipeline(442)) - Pipeline Pipeline[ Id: bd94b54d-4d86-495b-af29-900a83dc8a69, Nodes: f16a70e5-fe04-4d06-9179-25c3ad8a94bb(fv-az202-370.ngw3kpfb2bguzbtcwuqjmbcvef.gx.internal.cloudapp.net/10.1.0.27), ReplicationConfig: RATIS/ONE, State:OPEN, leaderId:f16a70e5-fe04-4d06-9179-25c3ad8a94bb, CreationTimestamp2023-04-15T16:31:43.579Z[Etc/UTC]] moved to CLOSED state
2023-04-15 16:33:32,656 [BlockDeletingService#9] INFO  interfaces.ContainerDeletionChoosingPolicyTemplate (ContainerDeletionChoosingPolicyTemplate.java:chooseContainerForBlockDeletion(83)) - Chosen 0/5000 blocks from 0 candidate containers.
2023-04-15 16:33:32,657 [BlockDeletingService#5] INFO  interfaces.ContainerDeletionChoosingPolicyTemplate (ContainerDeletionChoosingPolicyTemplate.java:chooseContainerForBlockDeletion(83)) - Chosen 0/5000 blocks from 0 candidate containers.
2023-04-15 16:33:32,657 [EventQueue-StaleNodeForStaleNodeHandler] INFO  pipeline.PipelineManagerImpl (PipelineManagerImpl.java:closeContainersForPipeline(421)) - Container #1 closed for pipeline=PipelineID=29cd338f-0255-424e-9271-f40867945940
2023-04-15 16:33:32,657 [EventQueue-StaleNodeForStaleNodeHandler] INFO  pipeline.PipelineManagerImpl (PipelineManagerImpl.java:closePipeline(442)) - Pipeline Pipeline[ Id: 29cd338f-0255-424e-9271-f40867945940, Nodes: f16a70e5-fe04-4d06-9179-25c3ad8a94bb(fv-az202-370.ngw3kpfb2bguzbtcwuqjmbcvef.gx.internal.cloudapp.net/10.1.0.27)0dee40cf-0d5a-47f0-9c10-89273726be1d(fv-az202-370.ngw3kpfb2bguzbtcwuqjmbcvef.gx.internal.cloudapp.net/10.1.0.27)30c0a845-a217-4f15-8bab-f33012bc7910(fv-az202-370.ngw3kpfb2bguzbtcwuqjmbcvef.gx.internal.cloudapp.net/10.1.0.27), ReplicationConfig: RATIS/THREE, State:OPEN, leaderId:30c0a845-a217-4f15-8bab-f33012bc7910, CreationTimestamp2023-04-15T16:31:43.583Z[Etc/UTC]] moved to CLOSED state
2023-04-15 16:33:32,658 [EventQueue-CloseContainerForCloseContainerEventHandler] INFO  container.CloseContainerEventHandler (CloseContainerEventHandler.java:onMessage(89)) - Close container Event triggered for container : #1, current state: CLOSING
2023-04-15 16:33:32,757 [BlockDeletingService#9] INFO  interfaces.ContainerDeletionChoosingPolicyTemplate (ContainerDeletionChoosingPolicyTemplate.java:chooseContainerForBlockDeletion(83)) - Chosen 0/5000 blocks from 0 candidate containers.
2023-04-15 16:33:32,757 [BlockDeletingService#5] INFO  interfaces.ContainerDeletionChoosingPolicyTemplate (ContainerDeletionChoosingPolicyTemplate.java:chooseContainerForBlockDeletion(83)) - Chosen 0/5000 blocks from 0 candidate containers.
2023-04-15 16:33:32,853 [FixedThreadPoolWithAffinityExecutor-0-0] INFO  container.ContainerReportHandler (AbstractContainerReportHandler.java:updateContainerState(292)) - Moving container #1 to CLOSED state, datanode 30c0a845-a217-4f15-8bab-f33012bc7910(fv-az202-370.ngw3kpfb2bguzbtcwuqjmbcvef.gx.internal.cloudapp.net/10.1.0.27) reported CLOSED replica.
2023-04-15 16:33:32,857 [BlockDeletingService#9] INFO  interfaces.ContainerDeletionChoosingPolicyTemplate (ContainerDeletionChoosingPolicyTemplate.java:chooseContainerForBlockDeletion(83)) - Chosen 0/5000 blocks from 0 candidate containers.
2023-04-15 16:33:32,857 [BlockDeletingService#5] INFO  interfaces.ContainerDeletionChoosingPolicyTemplate (ContainerDeletionChoosingPolicyTemplate.java:chooseContainerForBlockDeletion(83)) - Chosen 0/5000 blocks from 0 candidate containers.
2023-04-15 16:33:32,958 [BlockDeletingService#9] INFO  interfaces.ContainerDeletionChoosingPolicyTemplate (ContainerDeletionChoosingPolicyTemplate.java:chooseContainerForBlockDeletion(83)) - Chosen 0/5000 blocks from 0 candidate containers.
2023-04-15 16:33:32,958 [BlockDeletingService#5] INFO  interfaces.ContainerDeletionChoosingPolicyTemplate (ContainerDeletionChoosingPolicyTemplate.java:chooseContainerForBlockDeletion(83)) - Chosen 0/5000 blocks from 0 candidate containers.
2023-04-15 16:33:33,058 [BlockDeletingService#9] INFO  interfaces.ContainerDeletionChoosingPolicyTemplate (ContainerDeletionChoosingPolicyTemplate.java:chooseContainerForBlockDeletion(83)) - Chosen 0/5000 blocks from 0 candidate containers.
2023-04-15 16:33:33,058 [BlockDeletingService#5] INFO  interfaces.ContainerDeletionChoosingPolicyTemplate (ContainerDeletionChoosingPolicyTemplate.java:chooseContainerForBlockDeletion(83)) - Chosen 0/5000 blocks from 0 candidate containers.
2023-04-15 16:33:33,158 [BlockDeletingService#5] INFO  interfaces.ContainerDeletionChoosingPolicyTemplate (ContainerDeletionChoosingPolicyTemplate.java:chooseContainerForBlockDeletion(83)) - Chosen 0/5000 blocks from 0 candidate containers.
2023-04-15 16:33:33,158 [BlockDeletingService#9] INFO  interfaces.ContainerDeletionChoosingPolicyTemplate (ContainerDeletionChoosingPolicyTemplate.java:chooseContainerForBlockDeletion(83)) - Chosen 0/5000 blocks from 0 candidate containers.
2023-04-15 16:33:33,258 [BlockDeletingService#5] INFO  interfaces.ContainerDeletionChoosingPolicyTemplate (ContainerDeletionChoosingPolicyTemplate.java:chooseContainerForBlockDeletion(83)) - Chosen 0/5000 blocks from 0 candidate containers.
2023-04-15 16:33:33,258 [BlockDeletingService#9] INFO  interfaces.ContainerDeletionChoosingPolicyTemplate (ContainerDeletionChoosingPolicyTemplate.java:chooseContainerForBlockDeletion(83)) - Chosen 0/5000 blocks from 0 candidate containers.
2023-04-15 16:33:33,358 [BlockDeletingService#5] INFO  interfaces.ContainerDeletionChoosingPolicyTemplate (ContainerDeletionChoosingPolicyTemplate.java:chooseContainerForBlockDeletion(83)) - Chosen 0/5000 blocks from 0 candidate containers.
2023-04-15 16:33:33,359 [BlockDeletingService#9] INFO  interfaces.ContainerDeletionChoosingPolicyTemplate (ContainerDeletionChoosingPolicyTemplate.java:chooseContainerForBlockDeletion(83)) - Chosen 0/5000 blocks from 0 candidate containers.
2023-04-15 16:33:33,459 [BlockDeletingService#5] INFO  interfaces.ContainerDeletionChoosingPolicyTemplate (ContainerDeletionChoosingPolicyTemplate.java:chooseContainerForBlockDeletion(83)) - Chosen 0/5000 blocks from 0 candidate containers.
2023-04-15 16:33:33,459 [BlockDeletingService#9] INFO  interfaces.ContainerDeletionChoosingPolicyTemplate (ContainerDeletionChoosingPolicyTemplate.java:chooseContainerForBlockDeletion(83)) - Chosen 0/5000 blocks from 0 candidate containers.
2023-04-15 16:33:33,559 [BlockDeletingService#5] INFO  interfaces.ContainerDeletionChoosingPolicyTemplate (ContainerDeletionChoosingPolicyTemplate.java:chooseContainerForBlockDeletion(83)) - Chosen 0/5000 blocks from 0 candidate containers.
2023-04-15 16:33:33,559 [BlockDeletingService#9] INFO  interfaces.ContainerDeletionChoosingPolicyTemplate (ContainerDeletionChoosingPolicyTemplate.java:chooseContainerForBlockDeletion(83)) - Chosen 0/5000 blocks from 0 candidate containers.
2023-04-15 16:33:33,616 [SCMBlockDeletingService#0] INFO  block.SCMBlockDeletingService (SCMBlockDeletingService.java:call(198)) - Totally added 2 blocks to be deleted for 2 datanodes, task elapsed time: 2ms
2023-04-15 16:33:33,659 [BlockDeletingService#9] INFO  interfaces.ContainerDeletionChoosingPolicyTemplate (ContainerDeletionChoosingPolicyTemplate.java:chooseContainerForBlockDeletion(83)) - Chosen 0/5000 blocks from 0 candidate containers.
2023-04-15 16:33:33,659 [BlockDeletingService#5] INFO  interfaces.ContainerDeletionChoosingPolicyTemplate (ContainerDeletionChoosingPolicyTemplate.java:chooseContainerForBlockDeletion(83)) - Chosen 0/5000 blocks from 0 candidate containers.
2023-04-15 16:33:33,762 [BlockDeletingService#9] INFO  interfaces.ContainerDeletionChoosingPolicyTemplate (ContainerDeletionChoosingPolicyTemplate.java:chooseContainerForBlockDeletion(83)) - Chosen 0/5000 blocks from 0 candidate containers.
2023-04-15 16:33:33,762 [BlockDeletingService#5] INFO  interfaces.ContainerDeletionChoosingPolicyTemplate (ContainerDeletionChoosingPolicyTemplate.java:chooseContainerForBlockDeletion(83)) - Chosen 0/5000 blocks from 0 candidate containers.
2023-04-15 16:33:33,862 [BlockDeletingService#9] INFO  interfaces.ContainerDeletionChoosingPolicyTemplate (ContainerDeletionChoosingPolicyTemplate.java:chooseContainerForBlockDeletion(83)) - Chosen 0/5000 blocks from 0 candidate containers.
2023-04-15 16:33:33,862 [BlockDeletingService#5] INFO  interfaces.ContainerDeletionChoosingPolicyTemplate (ContainerDeletionChoosingPolicyTemplate.java:chooseContainerForBlockDeletion(83)) - Chosen 0/5000 blocks from 0 candidate containers.
2023-04-15 16:33:33,897 [grpc-default-executor-5] WARN  server.GrpcLogAppender (LogUtils.java:warn(122)) - 30c0a845-a217-4f15-8bab-f33012bc7910@group-F40867945940->f16a70e5-fe04-4d06-9179-25c3ad8a94bb-AppendLogResponseHandler: Failed appendEntries: org.apache.ratis.thirdparty.io.grpc.StatusRuntimeException: UNAVAILABLE: io exception
2023-04-15 16:33:33,897 [grpc-default-executor-5] WARN  server.GrpcLogAppender (GrpcLogAppender.java:resetClient(131)) - 30c0a845-a217-4f15-8bab-f33012bc7910@group-F40867945940->f16a70e5-fe04-4d06-9179-25c3ad8a94bb-GrpcLogAppender: Leader has not got in touch with Follower 30c0a845-a217-4f15-8bab-f33012bc7910@group-F40867945940->f16a70e5-fe04-4d06-9179-25c3ad8a94bb(c-1,m0,n7, attendVote=true, lastRpcSendTime=0, lastRpcResponseTime=102099) yet, just keep nextIndex unchanged and retry.
2023-04-15 16:33:33,897 [grpc-default-executor-3] WARN  server.GrpcLogAppender (LogUtils.java:warn(122)) - 30c0a845-a217-4f15-8bab-f33012bc7910@group-F40867945940->f16a70e5-fe04-4d06-9179-25c3ad8a94bb-AppendLogResponseHandler: Failed appendEntries: org.apache.ratis.thirdparty.io.grpc.StatusRuntimeException: UNAVAILABLE: io exception
2023-04-15 16:33:33,897 [grpc-default-executor-3] WARN  server.GrpcLogAppender (GrpcLogAppender.java:resetClient(131)) - 30c0a845-a217-4f15-8bab-f33012bc7910@group-F40867945940->f16a70e5-fe04-4d06-9179-25c3ad8a94bb-GrpcLogAppender: Leader has not got in touch with Follower 30c0a845-a217-4f15-8bab-f33012bc7910@group-F40867945940->f16a70e5-fe04-4d06-9179-25c3ad8a94bb(c-1,m0,n7, attendVote=true, lastRpcSendTime=0, lastRpcResponseTime=102100) yet, just keep nextIndex unchanged and retry.
2023-04-15 16:33:33,962 [BlockDeletingService#9] INFO  interfaces.ContainerDeletionChoosingPolicyTemplate (ContainerDeletionChoosingPolicyTemplate.java:chooseContainerForBlockDeletion(83)) - Chosen 0/5000 blocks from 0 candidate containers.
2023-04-15 16:33:33,962 [BlockDeletingService#5] INFO  interfaces.ContainerDeletionChoosingPolicyTemplate (ContainerDeletionChoosingPolicyTemplate.java:chooseContainerForBlockDeletion(83)) - Chosen 0/5000 blocks from 0 candidate containers.
2023-04-15 16:33:34,062 [BlockDeletingService#9] INFO  interfaces.ContainerDeletionChoosingPolicyTemplate (ContainerDeletionChoosingPolicyTemplate.java:chooseContainerForBlockDeletion(83)) - Chosen 0/5000 blocks from 0 candidate containers.
2023-04-15 16:33:34,062 [BlockDeletingService#5] INFO  interfaces.ContainerDeletionChoosingPolicyTemplate (ContainerDeletionChoosingPolicyTemplate.java:chooseContainerForBlockDeletion(83)) - Chosen 0/5000 blocks from 0 candidate containers.
2023-04-15 16:33:34,163 [BlockDeletingService#9] INFO  interfaces.ContainerDeletionChoosingPolicyTemplate (ContainerDeletionChoosingPolicyTemplate.java:chooseContainerForBlockDeletion(83)) - Chosen 0/5000 blocks from 0 candidate containers.
2023-04-15 16:33:34,163 [BlockDeletingService#5] INFO  interfaces.ContainerDeletionChoosingPolicyTemplate (ContainerDeletionChoosingPolicyTemplate.java:chooseContainerForBlockDeletion(83)) - Chosen 0/5000 blocks from 0 candidate containers.
2023-04-15 16:33:34,263 [BlockDeletingService#9] INFO  interfaces.ContainerDeletionChoosingPolicyTemplate (ContainerDeletionChoosingPolicyTemplate.java:chooseContainerForBlockDeletion(83)) - Chosen 0/5000 blocks from 0 candidate containers.
2023-04-15 16:33:34,263 [BlockDeletingService#5] INFO  interfaces.ContainerDeletionChoosingPolicyTemplate (ContainerDeletionChoosingPolicyTemplate.java:chooseContainerForBlockDeletion(83)) - Chosen 0/5000 blocks from 0 candidate containers.
2023-04-15 16:33:34,363 [BlockDeletingService#9] INFO  interfaces.ContainerDeletionChoosingPolicyTemplate (ContainerDeletionChoosingPolicyTemplate.java:chooseContainerForBlockDeletion(83)) - Chosen 0/5000 blocks from 0 candidate containers.
2023-04-15 16:33:34,363 [BlockDeletingService#5] INFO  interfaces.ContainerDeletionChoosingPolicyTemplate (ContainerDeletionChoosingPolicyTemplate.java:chooseContainerForBlockDeletion(83)) - Chosen 0/5000 blocks from 0 candidate containers.
2023-04-15 16:33:34,463 [BlockDeletingService#9] INFO  interfaces.ContainerDeletionChoosingPolicyTemplate (ContainerDeletionChoosingPolicyTemplate.java:chooseContainerForBlockDeletion(83)) - Chosen 0/5000 blocks from 0 candidate containers.
2023-04-15 16:33:34,463 [BlockDeletingService#5] INFO  interfaces.ContainerDeletionChoosingPolicyTemplate (ContainerDeletionChoosingPolicyTemplate.java:chooseContainerForBlockDeletion(83)) - Chosen 0/5000 blocks from 0 candidate containers.
2023-04-15 16:33:34,563 [BlockDeletingService#9] INFO  interfaces.ContainerDeletionChoosingPolicyTemplate (ContainerDeletionChoosingPolicyTemplate.java:chooseContainerForBlockDeletion(83)) - Chosen 0/5000 blocks from 0 candidate containers.
2023-04-15 16:33:34,564 [BlockDeletingService#5] INFO  interfaces.ContainerDeletionChoosingPolicyTemplate (ContainerDeletionChoosingPolicyTemplate.java:chooseContainerForBlockDeletion(83)) - Chosen 0/5000 blocks from 0 candidate containers.
2023-04-15 16:33:34,615 [SCMBlockDeletingService#0] INFO  block.SCMBlockDeletingService (SCMBlockDeletingService.java:call(198)) - Totally added 2 blocks to be deleted for 2 datanodes, task elapsed time: 1ms
2023-04-15 16:33:34,664 [BlockDeletingService#5] INFO  interfaces.ContainerDeletionChoosingPolicyTemplate (ContainerDeletionChoosingPolicyTemplate.java:chooseContainerForBlockDeletion(83)) - Chosen 0/5000 blocks from 0 candidate containers.
2023-04-15 16:33:34,664 [BlockDeletingService#9] INFO  interfaces.ContainerDeletionChoosingPolicyTemplate (ContainerDeletionChoosingPolicyTemplate.java:chooseContainerForBlockDeletion(83)) - Chosen 0/5000 blocks from 0 candidate containers.
2023-04-15 16:33:34,720 [org.apache.hadoop.ozone.container.common.statemachine.commandhandler.DeleteBlocksCommandHandler$DeleteCmdWorker@2bbf9ee1] INFO  commandhandler.DeleteBlocksCommandHandler (DeleteBlocksCommandHandler.java:processCmd(275)) - Start to delete container blocks, TXIDs=[1(0)], numOfContainers=1, numOfBlocks=1
2023-04-15 16:33:34,764 [BlockDeletingService#9] INFO  interfaces.ContainerDeletionChoosingPolicyTemplate (ContainerDeletionChoosingPolicyTemplate.java:chooseContainerForBlockDeletion(83)) - Chosen 0/5000 blocks from 0 candidate containers.
2023-04-15 16:33:34,783 [BlockDeletingService#5] INFO  interfaces.ContainerDeletionChoosingPolicyTemplate (ContainerDeletionChoosingPolicyTemplate.java:chooseContainerForBlockDeletion(83)) - Chosen 1/4999 blocks from 1 candidate containers.
2023-04-15 16:33:34,788 [BlockDeletingService#5] INFO  impl.FilePerBlockStrategy (FilePerBlockStrategy.java:deleteChunk(252)) - Deleted block file: /home/runner/work/ozone/ozone/hadoop-ozone/integration-test/target/test-dir/MiniOzoneClusterImpl-2bdca630-b48d-4c68-bd92-e4e835129ebb/datanode-1/data-0/containers/hdds/2bdca630-b48d-4c68-bd92-e4e835129ebb/current/containerDir0/1/chunks/111677748019200001.block
2023-04-15 16:33:34,865 [BlockDeletingService#9] INFO  interfaces.ContainerDeletionChoosingPolicyTemplate (ContainerDeletionChoosingPolicyTemplate.java:chooseContainerForBlockDeletion(83)) - Chosen 0/5000 blocks from 0 candidate containers.
2023-04-15 16:33:34,886 [BlockDeletingService#0] INFO  interfaces.ContainerDeletionChoosingPolicyTemplate (ContainerDeletionChoosingPolicyTemplate.java:chooseContainerForBlockDeletion(83)) - Chosen 0/5000 blocks from 0 candidate containers.
2023-04-15 16:33:34,965 [BlockDeletingService#9] INFO  interfaces.ContainerDeletionChoosingPolicyTemplate (ContainerDeletionChoosingPolicyTemplate.java:chooseContainerForBlockDeletion(83)) - Chosen 0/5000 blocks from 0 candidate containers.
]]></system-out>
  </testcase>
</testsuite>