<?xml version="1.0" encoding="UTF-8"?>
<testsuite xmlns:xsi="http://www.w3.org/2001/XMLSchema-instance" xsi:noNamespaceSchemaLocation="https://maven.apache.org/surefire/maven-surefire-plugin/xsd/surefire-test-report-3.0.xsd" version="3.0" name="org.apache.hadoop.fs.ozone.TestOzoneFileSystemWithFSO" time="57.476" tests="108" errors="0" skipped="10" failures="1">
  <properties>
    <property name="awt.toolkit" value="sun.awt.X11.XToolkit"/>
    <property name="file.encoding.pkg" value="sun.io"/>
    <property name="java.specification.version" value="1.8"/>
    <property name="sun.cpu.isalist" value=""/>
    <property name="sun.jnu.encoding" value="UTF-8"/>
    <property name="gradle.enterprise.listener.surefire.forkId" value="1"/>
    <property name="java.class.path" value="/home/runner/work/ozone/ozone/hadoop-ozone/integration-test/target/test-classes:/home/runner/work/ozone/ozone/hadoop-ozone/integration-test/target/classes:/home/runner/.m2/repository/org/apache/ozone/ozone-common/1.4.0-SNAPSHOT/ozone-common-1.4.0-SNAPSHOT.jar:/home/runner/.m2/repository/io/grpc/grpc-netty/1.51.1/grpc-netty-1.51.1.jar:/home/runner/.m2/repository/io/grpc/grpc-core/1.51.1/grpc-core-1.51.1.jar:/home/runner/.m2/repository/com/google/android/annotations/4.1.1.4/annotations-4.1.1.4.jar:/home/runner/.m2/repository/org/codehaus/mojo/animal-sniffer-annotations/1.21/animal-sniffer-annotations-1.21.jar:/home/runner/.m2/repository/com/google/errorprone/error_prone_annotations/2.2.0/error_prone_annotations-2.2.0.jar:/home/runner/.m2/repository/io/perfmark/perfmark-api/0.25.0/perfmark-api-0.25.0.jar:/home/runner/.m2/repository/io/netty/netty-codec-http2/4.1.100.Final/netty-codec-http2-4.1.100.Final.jar:/home/runner/.m2/repository/io/netty/netty-common/4.1.100.Final/netty-common-4.1.100.Final.jar:/home/runner/.m2/repository/io/netty/netty-buffer/4.1.100.Final/netty-buffer-4.1.100.Final.jar:/home/runner/.m2/repository/io/netty/netty-codec-http/4.1.100.Final/netty-codec-http-4.1.100.Final.jar:/home/runner/.m2/repository/io/netty/netty-handler-proxy/4.1.100.Final/netty-handler-proxy-4.1.100.Final.jar:/home/runner/.m2/repository/io/netty/netty-codec-socks/4.1.100.Final/netty-codec-socks-4.1.100.Final.jar:/home/runner/.m2/repository/io/netty/netty-tcnative-boringssl-static/2.0.61.Final/netty-tcnative-boringssl-static-2.0.61.Final.jar:/home/runner/.m2/repository/io/netty/netty-tcnative-classes/2.0.61.Final/netty-tcnative-classes-2.0.61.Final.jar:/home/runner/.m2/repository/io/netty/netty-tcnative-boringssl-static/2.0.61.Final/netty-tcnative-boringssl-static-2.0.61.Final-linux-x86_64.jar:/home/runner/.m2/repository/io/netty/netty-tcnative-boringssl-static/2.0.61.Final/netty-tcnative-boringssl-static-2.0.61.Final-linux-aarch_64.jar:/home/runner/.m2/repository/io/netty/netty-tcnative-boringssl-static/2.0.61.Final/netty-tcnative-boringssl-static-2.0.61.Final-osx-x86_64.jar:/home/runner/.m2/repository/io/netty/netty-tcnative-boringssl-static/2.0.61.Final/netty-tcnative-boringssl-static-2.0.61.Final-osx-aarch_64.jar:/home/runner/.m2/repository/io/netty/netty-tcnative-boringssl-static/2.0.61.Final/netty-tcnative-boringssl-static-2.0.61.Final-windows-x86_64.jar:/home/runner/.m2/repository/org/apache/commons/commons-compress/1.21/commons-compress-1.21.jar:/home/runner/.m2/repository/org/apache/ozone/hdds-common/1.4.0-SNAPSHOT/hdds-common-1.4.0-SNAPSHOT.jar:/home/runner/.m2/repository/org/apache/ozone/hdds-client/1.4.0-SNAPSHOT/hdds-client-1.4.0-SNAPSHOT.jar:/home/runner/.m2/repository/org/apache/ozone/ozone-interface-client/1.4.0-SNAPSHOT/ozone-interface-client-1.4.0-SNAPSHOT.jar:/home/runner/.m2/repository/org/apache/hadoop/hadoop-hdfs-client/3.3.6/hadoop-hdfs-client-3.3.6.jar:/home/runner/.m2/repository/com/squareup/okhttp3/okhttp/4.9.3/okhttp-4.9.3.jar:/home/runner/.m2/repository/com/squareup/okio/okio/3.4.0/okio-3.4.0.jar:/home/runner/.m2/repository/com/squareup/okio/okio-jvm/3.4.0/okio-jvm-3.4.0.jar:/home/runner/.m2/repository/org/jetbrains/kotlin/kotlin-stdlib-jdk8/1.8.0/kotlin-stdlib-jdk8-1.8.0.jar:/home/runner/.m2/repository/org/jetbrains/kotlin/kotlin-stdlib-jdk7/1.8.0/kotlin-stdlib-jdk7-1.8.0.jar:/home/runner/.m2/repository/org/jetbrains/kotlin/kotlin-stdlib-common/1.6.21/kotlin-stdlib-common-1.6.21.jar:/home/runner/.m2/repository/org/apache/ozone/hdds-test-utils/1.4.0-SNAPSHOT/hdds-test-utils-1.4.0-SNAPSHOT.jar:/home/runner/.m2/repository/com/google/guava/guava/32.0.0-jre/guava-32.0.0-jre.jar:/home/runner/.m2/repository/com/google/guava/failureaccess/1.0.1/failureaccess-1.0.1.jar:/home/runner/.m2/repository/com/google/guava/listenablefuture/9999.0-empty-to-avoid-conflict-with-guava/listenablefuture-9999.0-empty-to-avoid-conflict-with-guava.jar:/home/runner/.m2/repository/com/google/code/findbugs/jsr305/3.0.0/jsr305-3.0.0.jar:/home/runner/.m2/repository/org/checkerframework/checker-qual/3.33.0/checker-qual-3.33.0.jar:/home/runner/.m2/repository/com/google/j2objc/j2objc-annotations/2.8/j2objc-annotations-2.8.jar:/home/runner/.m2/repository/commons-io/commons-io/2.11.0/commons-io-2.11.0.jar:/home/runner/.m2/repository/commons-logging/commons-logging/1.2/commons-logging-1.2.jar:/home/runner/.m2/repository/ch/qos/reload4j/reload4j/1.2.22/reload4j-1.2.22.jar:/home/runner/.m2/repository/org/slf4j/slf4j-api/1.7.36/slf4j-api-1.7.36.jar:/home/runner/.m2/repository/org/apache/logging/log4j/log4j-api/2.17.1/log4j-api-2.17.1.jar:/home/runner/.m2/repository/org/apache/ozone/hdds-server-scm/1.4.0-SNAPSHOT/hdds-server-scm-1.4.0-SNAPSHOT.jar:/home/runner/.m2/repository/org/apache/ozone/hdds-container-service/1.4.0-SNAPSHOT/hdds-container-service-1.4.0-SNAPSHOT.jar:/home/runner/.m2/repository/org/apache/ozone/hdds-hadoop-dependency-server/1.4.0-SNAPSHOT/hdds-hadoop-dependency-server-1.4.0-SNAPSHOT.jar:/home/runner/.m2/repository/org/apache/hadoop/hadoop-hdfs/3.3.6/hadoop-hdfs-3.3.6.jar:/home/runner/.m2/repository/commons-daemon/commons-daemon/1.0.13/commons-daemon-1.0.13.jar:/home/runner/.m2/repository/org/apache/ozone/hdds-server-framework/1.4.0-SNAPSHOT/hdds-server-framework-1.4.0-SNAPSHOT.jar:/home/runner/.m2/repository/io/dropwizard/metrics/metrics-core/3.2.4/metrics-core-3.2.4.jar:/home/runner/.m2/repository/org/apache/commons/commons-text/1.10.0/commons-text-1.10.0.jar:/home/runner/.m2/repository/org/bouncycastle/bcprov-jdk15on/1.67/bcprov-jdk15on-1.67.jar:/home/runner/.m2/repository/com/google/protobuf/protobuf-java/2.5.0/protobuf-java-2.5.0.jar:/home/runner/.m2/repository/org/apache/ozone/hdds-server-framework/1.4.0-SNAPSHOT/hdds-server-framework-1.4.0-SNAPSHOT-tests.jar:/home/runner/.m2/repository/org/apache/ozone/hdds-interface-server/1.4.0-SNAPSHOT/hdds-interface-server-1.4.0-SNAPSHOT.jar:/home/runner/.m2/repository/org/apache/ozone/hdds-interface-admin/1.4.0-SNAPSHOT/hdds-interface-admin-1.4.0-SNAPSHOT.jar:/home/runner/.m2/repository/org/apache/ozone/hdds-managed-rocksdb/1.4.0-SNAPSHOT/hdds-managed-rocksdb-1.4.0-SNAPSHOT.jar:/home/runner/.m2/repository/org/rocksdb/rocksdbjni/7.7.3/rocksdbjni-7.7.3.jar:/home/runner/.m2/repository/org/slf4j/slf4j-reload4j/1.7.36/slf4j-reload4j-1.7.36.jar:/home/runner/.m2/repository/org/apache/commons/commons-configuration2/2.1.1/commons-configuration2-2.1.1.jar:/home/runner/.m2/repository/commons-fileupload/commons-fileupload/1.5/commons-fileupload-1.5.jar:/home/runner/.m2/repository/org/apache/logging/log4j/log4j-core/2.17.1/log4j-core-2.17.1.jar:/home/runner/.m2/repository/com/lmax/disruptor/3.4.2/disruptor-3.4.2.jar:/home/runner/.m2/repository/org/eclipse/jetty/jetty-util/9.4.53.v20231009/jetty-util-9.4.53.v20231009.jar:/home/runner/.m2/repository/org/eclipse/jetty/jetty-server/9.4.53.v20231009/jetty-server-9.4.53.v20231009.jar:/home/runner/.m2/repository/org/eclipse/jetty/jetty-http/9.4.53.v20231009/jetty-http-9.4.53.v20231009.jar:/home/runner/.m2/repository/org/eclipse/jetty/jetty-io/9.4.53.v20231009/jetty-io-9.4.53.v20231009.jar:/home/runner/.m2/repository/org/eclipse/jetty/jetty-servlet/9.4.53.v20231009/jetty-servlet-9.4.53.v20231009.jar:/home/runner/.m2/repository/org/eclipse/jetty/jetty-security/9.4.53.v20231009/jetty-security-9.4.53.v20231009.jar:/home/runner/.m2/repository/org/eclipse/jetty/jetty-util-ajax/9.4.53.v20231009/jetty-util-ajax-9.4.53.v20231009.jar:/home/runner/.m2/repository/org/eclipse/jetty/jetty-webapp/9.4.53.v20231009/jetty-webapp-9.4.53.v20231009.jar:/home/runner/.m2/repository/org/eclipse/jetty/jetty-xml/9.4.53.v20231009/jetty-xml-9.4.53.v20231009.jar:/home/runner/.m2/repository/org/apache/ratis/ratis-server/2.5.1/ratis-server-2.5.1.jar:/home/runner/.m2/repository/org/apache/ratis/ratis-thirdparty-misc/1.0.4/ratis-thirdparty-misc-1.0.4.jar:/home/runner/.m2/repository/org/apache/ratis/ratis-proto/2.5.1/ratis-proto-2.5.1.jar:/home/runner/.m2/repository/org/apache/ratis/ratis-common/2.5.1/ratis-common-2.5.1.jar:/home/runner/.m2/repository/org/apache/ratis/ratis-client/2.5.1/ratis-client-2.5.1.jar:/home/runner/.m2/repository/org/apache/ratis/ratis-server-api/2.5.1/ratis-server-api-2.5.1.jar:/home/runner/.m2/repository/org/apache/ratis/ratis-metrics/2.5.1/ratis-metrics-2.5.1.jar:/home/runner/.m2/repository/io/prometheus/simpleclient_dropwizard/0.7.0/simpleclient_dropwizard-0.7.0.jar:/home/runner/.m2/repository/io/prometheus/simpleclient/0.7.0/simpleclient-0.7.0.jar:/home/runner/.m2/repository/io/prometheus/simpleclient_common/0.7.0/simpleclient_common-0.7.0.jar:/home/runner/.m2/repository/com/fasterxml/jackson/datatype/jackson-datatype-jsr310/2.13.4/jackson-datatype-jsr310-2.13.4.jar:/home/runner/.m2/repository/com/fasterxml/jackson/core/jackson-core/2.13.4/jackson-core-2.13.4.jar:/home/runner/.m2/repository/org/apache/ozone/rocksdb-checkpoint-differ/1.4.0-SNAPSHOT/rocksdb-checkpoint-differ-1.4.0-SNAPSHOT.jar:/home/runner/.m2/repository/org/jgrapht/jgrapht-core/1.0.1/jgrapht-core-1.0.1.jar:/home/runner/.m2/repository/org/jgrapht/jgrapht-ext/1.0.1/jgrapht-ext-1.0.1.jar:/home/runner/.m2/repository/org/tinyjee/jgraphx/jgraphx/2.0.0.1/jgraphx-2.0.0.1.jar:/home/runner/.m2/repository/jgraph/jgraph/5.13.0.0/jgraph-5.13.0.0.jar:/home/runner/.m2/repository/org/antlr/antlr4-runtime/4.5.3/antlr4-runtime-4.5.3.jar:/home/runner/.m2/repository/org/awaitility/awaitility/4.2.0/awaitility-4.2.0.jar:/home/runner/.m2/repository/org/hamcrest/hamcrest/2.1/hamcrest-2.1.jar:/home/runner/.m2/repository/org/apache/ozone/ozone-manager/1.4.0-SNAPSHOT/ozone-manager-1.4.0-SNAPSHOT.jar:/home/runner/.m2/repository/org/aspectj/aspectjrt/1.9.7/aspectjrt-1.9.7.jar:/home/runner/.m2/repository/org/aspectj/aspectjweaver/1.9.7/aspectjweaver-1.9.7.jar:/home/runner/.m2/repository/org/apache/ozone/hdds-interface-client/1.4.0-SNAPSHOT/hdds-interface-client-1.4.0-SNAPSHOT.jar:/home/runner/.m2/repository/org/apache/hadoop/thirdparty/hadoop-shaded-protobuf_3_7/1.1.1/hadoop-shaded-protobuf_3_7-1.1.1.jar:/home/runner/.m2/repository/org/apache/ozone/ozone-interface-storage/1.4.0-SNAPSHOT/ozone-interface-storage-1.4.0-SNAPSHOT.jar:/home/runner/.m2/repository/org/reflections/reflections/0.9.11/reflections-0.9.11.jar:/home/runner/.m2/repository/com/sun/jersey/jersey-client/1.19.4/jersey-client-1.19.4.jar:/home/runner/.m2/repository/org/codehaus/jackson/jackson-core-asl/1.9.13/jackson-core-asl-1.9.13.jar:/home/runner/.m2/repository/org/codehaus/jackson/jackson-mapper-asl/1.9.13/jackson-mapper-asl-1.9.13.jar:/home/runner/.m2/repository/org/codehaus/jackson/jackson-jaxrs/1.9.13/jackson-jaxrs-1.9.13.jar:/home/runner/.m2/repository/org/apache/ranger/ranger-intg/2.3.0/ranger-intg-2.3.0.jar:/home/runner/.m2/repository/org/apache/ranger/ranger-plugins-common/2.3.0/ranger-plugins-common-2.3.0.jar:/home/runner/.m2/repository/commons-lang/commons-lang/2.6/commons-lang-2.6.jar:/home/runner/.m2/repository/org/apache/ranger/ranger-plugins-cred/2.3.0/ranger-plugins-cred-2.3.0.jar:/home/runner/.m2/repository/org/apache/ranger/ranger-plugins-audit/2.3.0/ranger-plugins-audit-2.3.0.jar:/home/runner/.m2/repository/org/eclipse/jetty/jetty-client/9.4.53.v20231009/jetty-client-9.4.53.v20231009.jar:/home/runner/.m2/repository/org/apache/httpcomponents/httpmime/4.5.6/httpmime-4.5.6.jar:/home/runner/.m2/repository/org/apache/httpcomponents/httpcore-nio/4.4.13/httpcore-nio-4.4.13.jar:/home/runner/.m2/repository/org/apache/httpcomponents/httpasyncclient/4.1.3/httpasyncclient-4.1.3.jar:/home/runner/.m2/repository/com/carrotsearch/hppc/0.8.0/hppc-0.8.0.jar:/home/runner/.m2/repository/org/apache/orc/orc-core/1.5.8/orc-core-1.5.8.jar:/home/runner/.m2/repository/net/java/dev/jna/jna/5.2.0/jna-5.2.0.jar:/home/runner/.m2/repository/net/java/dev/jna/jna-platform/5.2.0/jna-platform-5.2.0.jar:/home/runner/.m2/repository/com/kstruct/gethostname4j/0.0.2/gethostname4j-0.0.2.jar:/home/runner/.m2/repository/org/apache/ranger/ranger-plugin-classloader/2.3.0/ranger-plugin-classloader-2.3.0.jar:/home/runner/.m2/repository/org/apache/ozone/hdds-rocks-native/1.4.0-SNAPSHOT/hdds-rocks-native-1.4.0-SNAPSHOT.jar:/home/runner/.m2/repository/org/apache/hadoop/hadoop-minikdc/3.3.6/hadoop-minikdc-3.3.6.jar:/home/runner/.m2/repository/org/apache/kerby/kerb-simplekdc/1.0.1/kerb-simplekdc-1.0.1.jar:/home/runner/.m2/repository/org/apache/kerby/kerb-client/1.0.1/kerb-client-1.0.1.jar:/home/runner/.m2/repository/org/apache/kerby/kerby-config/1.0.1/kerby-config-1.0.1.jar:/home/runner/.m2/repository/org/apache/kerby/kerb-common/1.0.1/kerb-common-1.0.1.jar:/home/runner/.m2/repository/org/apache/kerby/kerb-crypto/1.0.1/kerb-crypto-1.0.1.jar:/home/runner/.m2/repository/org/apache/kerby/kerb-util/1.0.1/kerb-util-1.0.1.jar:/home/runner/.m2/repository/org/apache/kerby/token-provider/1.0.1/token-provider-1.0.1.jar:/home/runner/.m2/repository/org/apache/kerby/kerb-admin/1.0.1/kerb-admin-1.0.1.jar:/home/runner/.m2/repository/org/apache/kerby/kerb-server/1.0.1/kerb-server-1.0.1.jar:/home/runner/.m2/repository/org/apache/kerby/kerb-identity/1.0.1/kerb-identity-1.0.1.jar:/home/runner/.m2/repository/org/apache/kerby/kerby-xdr/1.0.1/kerby-xdr-1.0.1.jar:/home/runner/.m2/repository/org/apache/ozone/ozone-s3gateway/1.4.0-SNAPSHOT/ozone-s3gateway-1.4.0-SNAPSHOT.jar:/home/runner/.m2/repository/org/javassist/javassist/3.21.0-GA/javassist-3.21.0-GA.jar:/home/runner/.m2/repository/org/jboss/weld/servlet/weld-servlet-shaded/3.1.9.Final/weld-servlet-shaded-3.1.9.Final.jar:/home/runner/.m2/repository/org/glassfish/jersey/containers/jersey-container-servlet-core/2.34/jersey-container-servlet-core-2.34.jar:/home/runner/.m2/repository/org/glassfish/hk2/external/jakarta.inject/2.6.1/jakarta.inject-2.6.1.jar:/home/runner/.m2/repository/org/glassfish/jersey/core/jersey-common/2.34/jersey-common-2.34.jar:/home/runner/.m2/repository/jakarta/ws/rs/jakarta.ws.rs-api/2.1.6/jakarta.ws.rs-api-2.1.6.jar:/home/runner/.m2/repository/org/glassfish/jersey/ext/cdi/jersey-cdi1x/2.34/jersey-cdi1x-2.34.jar:/home/runner/.m2/repository/org/glassfish/jersey/inject/jersey-hk2/2.34/jersey-hk2-2.34.jar:/home/runner/.m2/repository/org/glassfish/hk2/hk2-locator/2.6.1/hk2-locator-2.6.1.jar:/home/runner/.m2/repository/org/glassfish/jersey/media/jersey-media-jaxb/2.34/jersey-media-jaxb-2.34.jar:/home/runner/.m2/repository/org/glassfish/hk2/osgi-resource-locator/1.0.3/osgi-resource-locator-1.0.3.jar:/home/runner/.m2/repository/org/glassfish/hk2/hk2-api/2.5.0/hk2-api-2.5.0.jar:/home/runner/.m2/repository/org/glassfish/hk2/hk2-utils/2.5.0/hk2-utils-2.5.0.jar:/home/runner/.m2/repository/org/glassfish/hk2/external/aopalliance-repackaged/2.5.0/aopalliance-repackaged-2.5.0.jar:/home/runner/.m2/repository/com/fasterxml/jackson/dataformat/jackson-dataformat-xml/2.13.4/jackson-dataformat-xml-2.13.4.jar:/home/runner/.m2/repository/org/codehaus/woodstox/stax2-api/4.2.1/stax2-api-4.2.1.jar:/home/runner/.m2/repository/com/fasterxml/woodstox/woodstox-core/5.4.0/woodstox-core-5.4.0.jar:/home/runner/.m2/repository/com/fasterxml/jackson/module/jackson-module-jaxb-annotations/2.13.4/jackson-module-jaxb-annotations-2.13.4.jar:/home/runner/.m2/repository/jakarta/xml/bind/jakarta.xml.bind-api/2.3.3/jakarta.xml.bind-api-2.3.3.jar:/home/runner/.m2/repository/jakarta/activation/jakarta.activation-api/1.2.2/jakarta.activation-api-1.2.2.jar:/home/runner/.m2/repository/javax/enterprise/cdi-api/2.0/cdi-api-2.0.jar:/home/runner/.m2/repository/javax/el/javax.el-api/3.0.0/javax.el-api-3.0.0.jar:/home/runner/.m2/repository/javax/interceptor/javax.interceptor-api/1.2/javax.interceptor-api-1.2.jar:/home/runner/.m2/repository/javax/inject/javax.inject/1/javax.inject-1.jar:/home/runner/.m2/repository/javax/xml/bind/jaxb-api/2.3.0/jaxb-api-2.3.0.jar:/home/runner/.m2/repository/org/glassfish/jaxb/jaxb-runtime/2.3.0.1/jaxb-runtime-2.3.0.1.jar:/home/runner/.m2/repository/org/glassfish/jaxb/jaxb-core/2.3.0.1/jaxb-core-2.3.0.1.jar:/home/runner/.m2/repository/org/glassfish/jaxb/txw2/2.3.0.1/txw2-2.3.0.1.jar:/home/runner/.m2/repository/com/sun/istack/istack-commons-runtime/3.0.5/istack-commons-runtime-3.0.5.jar:/home/runner/.m2/repository/org/jvnet/staxex/stax-ex/1.7.8/stax-ex-1.7.8.jar:/home/runner/.m2/repository/com/sun/xml/fastinfoset/FastInfoset/1.2.13/FastInfoset-1.2.13.jar:/home/runner/.m2/repository/javax/activation/activation/1.1.1/activation-1.1.1.jar:/home/runner/.m2/repository/io/grpc/grpc-protobuf/1.51.1/grpc-protobuf-1.51.1.jar:/home/runner/.m2/repository/com/google/api/grpc/proto-google-common-protos/2.9.0/proto-google-common-protos-2.9.0.jar:/home/runner/.m2/repository/io/grpc/grpc-protobuf-lite/1.51.1/grpc-protobuf-lite-1.51.1.jar:/home/runner/.m2/repository/io/grpc/grpc-stub/1.51.1/grpc-stub-1.51.1.jar:/home/runner/.m2/repository/io/netty/netty-transport/4.1.100.Final/netty-transport-4.1.100.Final.jar:/home/runner/.m2/repository/io/netty/netty-resolver/4.1.100.Final/netty-resolver-4.1.100.Final.jar:/home/runner/.m2/repository/org/apache/ozone/ozone-csi/1.4.0-SNAPSHOT/ozone-csi-1.4.0-SNAPSHOT.jar:/home/runner/.m2/repository/com/google/protobuf/protobuf-java-util/3.19.6/protobuf-java-util-3.19.6.jar:/home/runner/.m2/repository/com/google/code/gson/gson/2.9.0/gson-2.9.0.jar:/home/runner/.m2/repository/org/apache/ozone/hdds-config/1.4.0-SNAPSHOT/hdds-config-1.4.0-SNAPSHOT.jar:/home/runner/.m2/repository/io/netty/netty-transport-native-epoll/4.1.100.Final/netty-transport-native-epoll-4.1.100.Final-linux-x86_64.jar:/home/runner/.m2/repository/io/netty/netty-transport-classes-epoll/4.1.100.Final/netty-transport-classes-epoll-4.1.100.Final.jar:/home/runner/.m2/repository/io/netty/netty-transport-native-unix-common/4.1.100.Final/netty-transport-native-unix-common-4.1.100.Final.jar:/home/runner/.m2/repository/org/apache/ozone/ozone-recon/1.4.0-SNAPSHOT/ozone-recon-1.4.0-SNAPSHOT.jar:/home/runner/.m2/repository/org/apache/ozone/ozone-reconcodegen/1.4.0-SNAPSHOT/ozone-reconcodegen-1.4.0-SNAPSHOT.jar:/home/runner/.m2/repository/com/google/inject/guice/5.1.0/guice-5.1.0.jar:/home/runner/.m2/repository/aopalliance/aopalliance/1.0/aopalliance-1.0.jar:/home/runner/.m2/repository/com/google/inject/extensions/guice-assistedinject/5.1.0/guice-assistedinject-5.1.0.jar:/home/runner/.m2/repository/com/google/inject/extensions/guice-servlet/5.1.0/guice-servlet-5.1.0.jar:/home/runner/.m2/repository/org/glassfish/jersey/containers/jersey-container-servlet/2.34/jersey-container-servlet-2.34.jar:/home/runner/.m2/repository/org/glassfish/hk2/guice-bridge/2.5.0/guice-bridge-2.5.0.jar:/home/runner/.m2/repository/org/glassfish/jersey/core/jersey-server/2.34/jersey-server-2.34.jar:/home/runner/.m2/repository/org/glassfish/jersey/core/jersey-client/2.34/jersey-client-2.34.jar:/home/runner/.m2/repository/jakarta/annotation/jakarta.annotation-api/1.3.5/jakarta.annotation-api-1.3.5.jar:/home/runner/.m2/repository/jakarta/validation/jakarta.validation-api/2.0.2/jakarta.validation-api-2.0.2.jar:/home/runner/.m2/repository/org/glassfish/jersey/media/jersey-media-json-jackson/2.34/jersey-media-json-jackson-2.34.jar:/home/runner/.m2/repository/org/glassfish/jersey/ext/jersey-entity-filtering/2.34/jersey-entity-filtering-2.34.jar:/home/runner/.m2/repository/org/jooq/jooq/3.11.10/jooq-3.11.10.jar:/home/runner/.m2/repository/org/jooq/jooq-meta/3.11.10/jooq-meta-3.11.10.jar:/home/runner/.m2/repository/org/jooq/jooq-codegen/3.11.10/jooq-codegen-3.11.10.jar:/home/runner/.m2/repository/com/jolbox/bonecp/0.8.0.RELEASE/bonecp-0.8.0.RELEASE.jar:/home/runner/.m2/repository/org/apache/derby/derby/10.14.2.0/derby-10.14.2.0.jar:/home/runner/.m2/repository/org/xerial/sqlite-jdbc/3.41.2.2/sqlite-jdbc-3.41.2.2.jar:/home/runner/.m2/repository/org/springframework/spring-jdbc/5.3.27/spring-jdbc-5.3.27.jar:/home/runner/.m2/repository/org/springframework/spring-beans/5.3.27/spring-beans-5.3.27.jar:/home/runner/.m2/repository/org/springframework/spring-core/5.3.27/spring-core-5.3.27.jar:/home/runner/.m2/repository/org/springframework/spring-tx/5.3.27/spring-tx-5.3.27.jar:/home/runner/.m2/repository/org/apache/ozone/ozone-client/1.4.0-SNAPSHOT/ozone-client-1.4.0-SNAPSHOT.jar:/home/runner/.m2/repository/org/apache/ozone/hdds-erasurecode/1.4.0-SNAPSHOT/hdds-erasurecode-1.4.0-SNAPSHOT.jar:/home/runner/.m2/repository/org/apache/ozone/ozone-filesystem/1.4.0-SNAPSHOT/ozone-filesystem-1.4.0-SNAPSHOT.jar:/home/runner/.m2/repository/org/apache/ozone/ozone-filesystem-common/1.4.0-SNAPSHOT/ozone-filesystem-common-1.4.0-SNAPSHOT.jar:/home/runner/.m2/repository/org/apache/ozone/ozone-tools/1.4.0-SNAPSHOT/ozone-tools-1.4.0-SNAPSHOT.jar:/home/runner/.m2/repository/com/amazonaws/aws-java-sdk-core/1.12.261/aws-java-sdk-core-1.12.261.jar:/home/runner/.m2/repository/org/apache/httpcomponents/httpclient/4.5.13/httpclient-4.5.13.jar:/home/runner/.m2/repository/org/apache/httpcomponents/httpcore/4.4.13/httpcore-4.4.13.jar:/home/runner/.m2/repository/software/amazon/ion/ion-java/1.0.2/ion-java-1.0.2.jar:/home/runner/.m2/repository/com/fasterxml/jackson/dataformat/jackson-dataformat-cbor/2.13.4/jackson-dataformat-cbor-2.13.4.jar:/home/runner/.m2/repository/joda-time/joda-time/2.12.5/joda-time-2.12.5.jar:/home/runner/.m2/repository/com/amazonaws/aws-java-sdk-s3/1.12.261/aws-java-sdk-s3-1.12.261.jar:/home/runner/.m2/repository/com/amazonaws/aws-java-sdk-kms/1.12.261/aws-java-sdk-kms-1.12.261.jar:/home/runner/.m2/repository/com/amazonaws/jmespath-java/1.12.261/jmespath-java-1.12.261.jar:/home/runner/.m2/repository/org/kohsuke/metainf-services/metainf-services/1.8/metainf-services-1.8.jar:/home/runner/.m2/repository/org/apache/ozone/hdds-tools/1.4.0-SNAPSHOT/hdds-tools-1.4.0-SNAPSHOT.jar:/home/runner/.m2/repository/org/apache/ratis/ratis-tools/2.5.1/ratis-tools-2.5.1.jar:/home/runner/.m2/repository/commons-cli/commons-cli/1.2/commons-cli-1.2.jar:/home/runner/.m2/repository/org/apache/commons/commons-lang3/3.7/commons-lang3-3.7.jar:/home/runner/.m2/repository/org/apache/ozone/ozone-manager/1.4.0-SNAPSHOT/ozone-manager-1.4.0-SNAPSHOT-tests.jar:/home/runner/.m2/repository/org/apache/ozone/hdds-common/1.4.0-SNAPSHOT/hdds-common-1.4.0-SNAPSHOT-tests.jar:/home/runner/.m2/repository/org/apache/ozone/hdds-hadoop-dependency-client/1.4.0-SNAPSHOT/hdds-hadoop-dependency-client-1.4.0-SNAPSHOT.jar:/home/runner/.m2/repository/info/picocli/picocli/4.7.5/picocli-4.7.5.jar:/home/runner/.m2/repository/com/fasterxml/jackson/core/jackson-annotations/2.13.4/jackson-annotations-2.13.4.jar:/home/runner/.m2/repository/org/apache/ozone/hdds-annotation-processing/1.4.0-SNAPSHOT/hdds-annotation-processing-1.4.0-SNAPSHOT.jar:/home/runner/.m2/repository/javax/annotation/javax.annotation-api/1.2/javax.annotation-api-1.2.jar:/home/runner/.m2/repository/org/apache/ratis/ratis-netty/2.5.1/ratis-netty-2.5.1.jar:/home/runner/.m2/repository/org/apache/ratis/ratis-grpc/2.5.1/ratis-grpc-2.5.1.jar:/home/runner/.m2/repository/org/apache/commons/commons-pool2/2.6.0/commons-pool2-2.6.0.jar:/home/runner/.m2/repository/org/bouncycastle/bcpkix-jdk15on/1.67/bcpkix-jdk15on-1.67.jar:/home/runner/.m2/repository/commons-validator/commons-validator/1.6/commons-validator-1.6.jar:/home/runner/.m2/repository/commons-beanutils/commons-beanutils/1.9.4/commons-beanutils-1.9.4.jar:/home/runner/.m2/repository/commons-digester/commons-digester/1.8.1/commons-digester-1.8.1.jar:/home/runner/.m2/repository/commons-collections/commons-collections/3.2.2/commons-collections-3.2.2.jar:/home/runner/.m2/repository/io/jaegertracing/jaeger-client/1.6.0/jaeger-client-1.6.0.jar:/home/runner/.m2/repository/io/jaegertracing/jaeger-thrift/1.6.0/jaeger-thrift-1.6.0.jar:/home/runner/.m2/repository/org/apache/thrift/libthrift/0.14.1/libthrift-0.14.1.jar:/home/runner/.m2/repository/io/jaegertracing/jaeger-core/1.6.0/jaeger-core-1.6.0.jar:/home/runner/.m2/repository/io/jaegertracing/jaeger-tracerresolver/1.6.0/jaeger-tracerresolver-1.6.0.jar:/home/runner/.m2/repository/io/opentracing/contrib/opentracing-tracerresolver/0.1.8/opentracing-tracerresolver-0.1.8.jar:/home/runner/.m2/repository/org/jetbrains/kotlin/kotlin-stdlib/1.6.21/kotlin-stdlib-1.6.21.jar:/home/runner/.m2/repository/org/jetbrains/annotations/13.0/annotations-13.0.jar:/home/runner/.m2/repository/io/opentracing/opentracing-util/0.33.0/opentracing-util-0.33.0.jar:/home/runner/.m2/repository/io/opentracing/opentracing-api/0.33.0/opentracing-api-0.33.0.jar:/home/runner/.m2/repository/io/opentracing/opentracing-noop/0.33.0/opentracing-noop-0.33.0.jar:/home/runner/.m2/repository/org/yaml/snakeyaml/2.0/snakeyaml-2.0.jar:/home/runner/.m2/repository/io/grpc/grpc-api/1.51.1/grpc-api-1.51.1.jar:/home/runner/.m2/repository/io/grpc/grpc-context/1.51.1/grpc-context-1.51.1.jar:/home/runner/.m2/repository/com/fasterxml/uuid/java-uuid-generator/4.3.0/java-uuid-generator-4.3.0.jar:/home/runner/.m2/repository/junit/junit/4.13.1/junit-4.13.1.jar:/home/runner/.m2/repository/org/hamcrest/hamcrest-core/1.3/hamcrest-core-1.3.jar:/home/runner/.m2/repository/org/junit/jupiter/junit-jupiter-api/5.8.2/junit-jupiter-api-5.8.2.jar:/home/runner/.m2/repository/org/opentest4j/opentest4j/1.2.0/opentest4j-1.2.0.jar:/home/runner/.m2/repository/org/junit/platform/junit-platform-commons/1.8.2/junit-platform-commons-1.8.2.jar:/home/runner/.m2/repository/org/apiguardian/apiguardian-api/1.1.2/apiguardian-api-1.1.2.jar:/home/runner/.m2/repository/org/junit/jupiter/junit-jupiter-params/5.8.2/junit-jupiter-params-5.8.2.jar:/home/runner/.m2/repository/org/junit/jupiter/junit-jupiter-migrationsupport/5.8.2/junit-jupiter-migrationsupport-5.8.2.jar:/home/runner/.m2/repository/org/junit/jupiter/junit-jupiter-engine/5.8.2/junit-jupiter-engine-5.8.2.jar:/home/runner/.m2/repository/org/junit/platform/junit-platform-engine/1.8.2/junit-platform-engine-1.8.2.jar:/home/runner/.m2/repository/org/junit/vintage/junit-vintage-engine/5.8.2/junit-vintage-engine-5.8.2.jar:/home/runner/.m2/repository/org/junit/platform/junit-platform-launcher/1.8.2/junit-platform-launcher-1.8.2.jar:/home/runner/.m2/repository/org/mockito/mockito-core/3.5.9/mockito-core-3.5.9.jar:/home/runner/.m2/repository/net/bytebuddy/byte-buddy/1.10.13/byte-buddy-1.10.13.jar:/home/runner/.m2/repository/net/bytebuddy/byte-buddy-agent/1.10.13/byte-buddy-agent-1.10.13.jar:/home/runner/.m2/repository/org/objenesis/objenesis/1.0/objenesis-1.0.jar:/home/runner/.m2/repository/org/apache/hadoop/hadoop-kms/3.3.6/hadoop-kms-3.3.6.jar:/home/runner/.m2/repository/org/apache/hadoop/hadoop-auth/3.3.6/hadoop-auth-3.3.6.jar:/home/runner/.m2/repository/com/nimbusds/nimbus-jose-jwt/9.8.1/nimbus-jose-jwt-9.8.1.jar:/home/runner/.m2/repository/com/github/stephenc/jcip/jcip-annotations/1.0-1/jcip-annotations-1.0-1.jar:/home/runner/.m2/repository/org/apache/zookeeper/zookeeper/3.7.2/zookeeper-3.7.2.jar:/home/runner/.m2/repository/org/apache/zookeeper/zookeeper-jute/3.7.2/zookeeper-jute-3.7.2.jar:/home/runner/.m2/repository/org/apache/yetus/audience-annotations/0.12.0/audience-annotations-0.12.0.jar:/home/runner/.m2/repository/org/apache/curator/curator-framework/4.2.0/curator-framework-4.2.0.jar:/home/runner/.m2/repository/org/apache/hadoop/thirdparty/hadoop-shaded-guava/1.1.1/hadoop-shaded-guava-1.1.1.jar:/home/runner/.m2/repository/com/sun/jersey/jersey-core/1.19.4/jersey-core-1.19.4.jar:/home/runner/.m2/repository/javax/ws/rs/jsr311-api/1.1.1/jsr311-api-1.1.1.jar:/home/runner/.m2/repository/com/sun/jersey/jersey-server/1.19.4/jersey-server-1.19.4.jar:/home/runner/.m2/repository/javax/servlet/javax.servlet-api/3.1.0/javax.servlet-api-3.1.0.jar:/home/runner/.m2/repository/org/apache/hadoop/hadoop-common/3.3.6/hadoop-common-3.3.6.jar:/home/runner/.m2/repository/org/apache/commons/commons-math3/3.1.1/commons-math3-3.1.1.jar:/home/runner/.m2/repository/commons-net/commons-net/3.9.0/commons-net-3.9.0.jar:/home/runner/.m2/repository/com/sun/jersey/jersey-servlet/1.19.4/jersey-servlet-1.19.4.jar:/home/runner/.m2/repository/com/github/pjfanning/jersey-json/1.20/jersey-json-1.20.jar:/home/runner/.m2/repository/org/codehaus/jettison/jettison/1.1/jettison-1.1.jar:/home/runner/.m2/repository/com/sun/xml/bind/jaxb-impl/2.2.3-1/jaxb-impl-2.2.3-1.jar:/home/runner/.m2/repository/com/google/re2j/re2j/1.1/re2j-1.1.jar:/home/runner/.m2/repository/com/jcraft/jsch/0.1.54/jsch-0.1.54.jar:/home/runner/.m2/repository/org/apache/curator/curator-client/4.2.0/curator-client-4.2.0.jar:/home/runner/.m2/repository/org/apache/curator/curator-recipes/5.2.0/curator-recipes-5.2.0.jar:/home/runner/.m2/repository/org/apache/kerby/kerb-core/1.0.1/kerb-core-1.0.1.jar:/home/runner/.m2/repository/org/apache/kerby/kerby-pkix/1.0.1/kerby-pkix-1.0.1.jar:/home/runner/.m2/repository/org/apache/kerby/kerby-asn1/1.0.1/kerby-asn1-1.0.1.jar:/home/runner/.m2/repository/org/apache/kerby/kerby-util/1.0.1/kerby-util-1.0.1.jar:/home/runner/.m2/repository/dnsjava/dnsjava/2.1.7/dnsjava-2.1.7.jar:/home/runner/.m2/repository/org/xerial/snappy/snappy-java/1.1.8.2/snappy-java-1.1.8.2.jar:/home/runner/.m2/repository/com/fasterxml/jackson/core/jackson-databind/2.13.4.2/jackson-databind-2.13.4.2.jar:/home/runner/.m2/repository/org/apache/hadoop/hadoop-kms/3.3.6/hadoop-kms-3.3.6-tests.jar:/home/runner/.m2/repository/org/apache/ozone/hdds-server-scm/1.4.0-SNAPSHOT/hdds-server-scm-1.4.0-SNAPSHOT-tests.jar:/home/runner/.m2/repository/org/apache/ozone/hdds-container-service/1.4.0-SNAPSHOT/hdds-container-service-1.4.0-SNAPSHOT-tests.jar:/home/runner/.m2/repository/com/github/luben/zstd-jni/1.5.2-5/zstd-jni-1.5.2-5.jar:/home/runner/.m2/repository/commons-codec/commons-codec/1.15/commons-codec-1.15.jar:/home/runner/.m2/repository/io/netty/netty-codec/4.1.100.Final/netty-codec-4.1.100.Final.jar:/home/runner/.m2/repository/io/netty/netty-handler/4.1.100.Final/netty-handler-4.1.100.Final.jar:/home/runner/.m2/repository/org/apache/ozone/hdds-hadoop-dependency-test/1.4.0-SNAPSHOT/hdds-hadoop-dependency-test-1.4.0-SNAPSHOT.jar:/home/runner/.m2/repository/org/apache/hadoop/hadoop-common/3.3.6/hadoop-common-3.3.6-tests.jar:/home/runner/.m2/repository/org/apache/hadoop/hadoop-hdfs/3.3.6/hadoop-hdfs-3.3.6-tests.jar:/home/runner/.m2/repository/org/assertj/assertj-core/3.12.2/assertj-core-3.12.2.jar:/home/runner/.m2/repository/org/apache/hadoop/hadoop-distcp/3.3.6/hadoop-distcp-3.3.6.jar:/home/runner/.m2/repository/org/apache/hadoop/hadoop-mapreduce-client-jobclient/3.3.6/hadoop-mapreduce-client-jobclient-3.3.6.jar:/home/runner/.m2/repository/org/apache/hadoop/hadoop-mapreduce-client-common/3.3.6/hadoop-mapreduce-client-common-3.3.6.jar:/home/runner/.m2/repository/org/apache/hadoop/hadoop-yarn-common/3.3.6/hadoop-yarn-common-3.3.6.jar:/home/runner/.m2/repository/org/apache/hadoop/hadoop-yarn-api/3.3.6/hadoop-yarn-api-3.3.6.jar:/home/runner/.m2/repository/com/sun/jersey/contribs/jersey-guice/1.19.4/jersey-guice-1.19.4.jar:/home/runner/.m2/repository/com/fasterxml/jackson/jaxrs/jackson-jaxrs-json-provider/2.13.4/jackson-jaxrs-json-provider-2.13.4.jar:/home/runner/.m2/repository/com/fasterxml/jackson/jaxrs/jackson-jaxrs-base/2.13.4/jackson-jaxrs-base-2.13.4.jar:/home/runner/.m2/repository/org/apache/hadoop/hadoop-yarn-client/3.3.6/hadoop-yarn-client-3.3.6.jar:/home/runner/.m2/repository/org/eclipse/jetty/websocket/websocket-client/9.4.51.v20230217/websocket-client-9.4.51.v20230217.jar:/home/runner/.m2/repository/org/eclipse/jetty/websocket/websocket-common/9.4.51.v20230217/websocket-common-9.4.51.v20230217.jar:/home/runner/.m2/repository/org/eclipse/jetty/websocket/websocket-api/9.4.51.v20230217/websocket-api-9.4.51.v20230217.jar:/home/runner/.m2/repository/org/jline/jline/3.9.0/jline-3.9.0.jar:/home/runner/.m2/repository/org/apache/hadoop/hadoop-mapreduce-client-core/3.3.6/hadoop-mapreduce-client-core-3.3.6.jar:/home/runner/.m2/repository/org/apache/avro/avro/1.7.7/avro-1.7.7.jar:/home/runner/.m2/repository/com/thoughtworks/paranamer/paranamer/2.3/paranamer-2.3.jar:/home/runner/.m2/repository/org/apache/hadoop/hadoop-annotations/3.3.6/hadoop-annotations-3.3.6.jar:/usr/lib/jvm/temurin-8-jdk-amd64/jre/../lib/tools.jar:/home/runner/.m2/repository/io/netty/netty/3.10.6.Final/netty-3.10.6.Final.jar:/home/runner/.m2/repository/org/apache/hadoop/hadoop-distcp/3.3.6/hadoop-distcp-3.3.6-tests.jar:/home/runner/.m2/repository/org/slf4j/jul-to-slf4j/1.7.36/jul-to-slf4j-1.7.36.jar:/home/runner/work/ozone/ozone/hadoop-ozone/integration-test/target/gradle-enterprise/test-listeners.jar:"/>
    <property name="java.vm.vendor" value="Temurin"/>
    <property name="sun.arch.data.model" value="64"/>
    <property name="test.build.dir" value="/home/runner/work/ozone/ozone/hadoop-ozone/integration-test/target/test-dir"/>
    <property name="test.cache.data" value=""/>
    <property name="java.vendor.url" value="https://adoptium.net/"/>
    <property name="user.timezone" value="Etc/UTC"/>
    <property name="os.name" value="Linux"/>
    <property name="java.vm.specification.version" value="1.8"/>
    <property name="test.build.data" value="/home/runner/work/ozone/ozone/hadoop-ozone/integration-test/target/test-dir"/>
    <property name="sun.java.launcher" value="SUN_STANDARD"/>
    <property name="sun.boot.library.path" value="/usr/lib/jvm/temurin-8-jdk-amd64/jre/lib/amd64"/>
    <property name="sun.java.command" value="/home/runner/work/ozone/ozone/hadoop-ozone/integration-test/target/surefire/surefirebooter974121579921993371.jar /home/runner/work/ozone/ozone/hadoop-ozone/integration-test/target/surefire 2023-11-20T14-09-44_159-jvmRun1 surefire7135154035881607145tmp surefire_67787176043895017188tmp"/>
    <property name="native.lib.tmp.dir" value="/tmp"/>
    <property name="surefire.test.class.path" value="/home/runner/work/ozone/ozone/hadoop-ozone/integration-test/target/test-classes:/home/runner/work/ozone/ozone/hadoop-ozone/integration-test/target/classes:/home/runner/.m2/repository/org/apache/ozone/ozone-common/1.4.0-SNAPSHOT/ozone-common-1.4.0-SNAPSHOT.jar:/home/runner/.m2/repository/io/grpc/grpc-netty/1.51.1/grpc-netty-1.51.1.jar:/home/runner/.m2/repository/io/grpc/grpc-core/1.51.1/grpc-core-1.51.1.jar:/home/runner/.m2/repository/com/google/android/annotations/4.1.1.4/annotations-4.1.1.4.jar:/home/runner/.m2/repository/org/codehaus/mojo/animal-sniffer-annotations/1.21/animal-sniffer-annotations-1.21.jar:/home/runner/.m2/repository/com/google/errorprone/error_prone_annotations/2.2.0/error_prone_annotations-2.2.0.jar:/home/runner/.m2/repository/io/perfmark/perfmark-api/0.25.0/perfmark-api-0.25.0.jar:/home/runner/.m2/repository/io/netty/netty-codec-http2/4.1.100.Final/netty-codec-http2-4.1.100.Final.jar:/home/runner/.m2/repository/io/netty/netty-common/4.1.100.Final/netty-common-4.1.100.Final.jar:/home/runner/.m2/repository/io/netty/netty-buffer/4.1.100.Final/netty-buffer-4.1.100.Final.jar:/home/runner/.m2/repository/io/netty/netty-codec-http/4.1.100.Final/netty-codec-http-4.1.100.Final.jar:/home/runner/.m2/repository/io/netty/netty-handler-proxy/4.1.100.Final/netty-handler-proxy-4.1.100.Final.jar:/home/runner/.m2/repository/io/netty/netty-codec-socks/4.1.100.Final/netty-codec-socks-4.1.100.Final.jar:/home/runner/.m2/repository/io/netty/netty-tcnative-boringssl-static/2.0.61.Final/netty-tcnative-boringssl-static-2.0.61.Final.jar:/home/runner/.m2/repository/io/netty/netty-tcnative-classes/2.0.61.Final/netty-tcnative-classes-2.0.61.Final.jar:/home/runner/.m2/repository/io/netty/netty-tcnative-boringssl-static/2.0.61.Final/netty-tcnative-boringssl-static-2.0.61.Final-linux-x86_64.jar:/home/runner/.m2/repository/io/netty/netty-tcnative-boringssl-static/2.0.61.Final/netty-tcnative-boringssl-static-2.0.61.Final-linux-aarch_64.jar:/home/runner/.m2/repository/io/netty/netty-tcnative-boringssl-static/2.0.61.Final/netty-tcnative-boringssl-static-2.0.61.Final-osx-x86_64.jar:/home/runner/.m2/repository/io/netty/netty-tcnative-boringssl-static/2.0.61.Final/netty-tcnative-boringssl-static-2.0.61.Final-osx-aarch_64.jar:/home/runner/.m2/repository/io/netty/netty-tcnative-boringssl-static/2.0.61.Final/netty-tcnative-boringssl-static-2.0.61.Final-windows-x86_64.jar:/home/runner/.m2/repository/org/apache/commons/commons-compress/1.21/commons-compress-1.21.jar:/home/runner/.m2/repository/org/apache/ozone/hdds-common/1.4.0-SNAPSHOT/hdds-common-1.4.0-SNAPSHOT.jar:/home/runner/.m2/repository/org/apache/ozone/hdds-client/1.4.0-SNAPSHOT/hdds-client-1.4.0-SNAPSHOT.jar:/home/runner/.m2/repository/org/apache/ozone/ozone-interface-client/1.4.0-SNAPSHOT/ozone-interface-client-1.4.0-SNAPSHOT.jar:/home/runner/.m2/repository/org/apache/hadoop/hadoop-hdfs-client/3.3.6/hadoop-hdfs-client-3.3.6.jar:/home/runner/.m2/repository/com/squareup/okhttp3/okhttp/4.9.3/okhttp-4.9.3.jar:/home/runner/.m2/repository/com/squareup/okio/okio/3.4.0/okio-3.4.0.jar:/home/runner/.m2/repository/com/squareup/okio/okio-jvm/3.4.0/okio-jvm-3.4.0.jar:/home/runner/.m2/repository/org/jetbrains/kotlin/kotlin-stdlib-jdk8/1.8.0/kotlin-stdlib-jdk8-1.8.0.jar:/home/runner/.m2/repository/org/jetbrains/kotlin/kotlin-stdlib-jdk7/1.8.0/kotlin-stdlib-jdk7-1.8.0.jar:/home/runner/.m2/repository/org/jetbrains/kotlin/kotlin-stdlib-common/1.6.21/kotlin-stdlib-common-1.6.21.jar:/home/runner/.m2/repository/org/apache/ozone/hdds-test-utils/1.4.0-SNAPSHOT/hdds-test-utils-1.4.0-SNAPSHOT.jar:/home/runner/.m2/repository/com/google/guava/guava/32.0.0-jre/guava-32.0.0-jre.jar:/home/runner/.m2/repository/com/google/guava/failureaccess/1.0.1/failureaccess-1.0.1.jar:/home/runner/.m2/repository/com/google/guava/listenablefuture/9999.0-empty-to-avoid-conflict-with-guava/listenablefuture-9999.0-empty-to-avoid-conflict-with-guava.jar:/home/runner/.m2/repository/com/google/code/findbugs/jsr305/3.0.0/jsr305-3.0.0.jar:/home/runner/.m2/repository/org/checkerframework/checker-qual/3.33.0/checker-qual-3.33.0.jar:/home/runner/.m2/repository/com/google/j2objc/j2objc-annotations/2.8/j2objc-annotations-2.8.jar:/home/runner/.m2/repository/commons-io/commons-io/2.11.0/commons-io-2.11.0.jar:/home/runner/.m2/repository/commons-logging/commons-logging/1.2/commons-logging-1.2.jar:/home/runner/.m2/repository/ch/qos/reload4j/reload4j/1.2.22/reload4j-1.2.22.jar:/home/runner/.m2/repository/org/slf4j/slf4j-api/1.7.36/slf4j-api-1.7.36.jar:/home/runner/.m2/repository/org/apache/logging/log4j/log4j-api/2.17.1/log4j-api-2.17.1.jar:/home/runner/.m2/repository/org/apache/ozone/hdds-server-scm/1.4.0-SNAPSHOT/hdds-server-scm-1.4.0-SNAPSHOT.jar:/home/runner/.m2/repository/org/apache/ozone/hdds-container-service/1.4.0-SNAPSHOT/hdds-container-service-1.4.0-SNAPSHOT.jar:/home/runner/.m2/repository/org/apache/ozone/hdds-hadoop-dependency-server/1.4.0-SNAPSHOT/hdds-hadoop-dependency-server-1.4.0-SNAPSHOT.jar:/home/runner/.m2/repository/org/apache/hadoop/hadoop-hdfs/3.3.6/hadoop-hdfs-3.3.6.jar:/home/runner/.m2/repository/commons-daemon/commons-daemon/1.0.13/commons-daemon-1.0.13.jar:/home/runner/.m2/repository/org/apache/ozone/hdds-server-framework/1.4.0-SNAPSHOT/hdds-server-framework-1.4.0-SNAPSHOT.jar:/home/runner/.m2/repository/io/dropwizard/metrics/metrics-core/3.2.4/metrics-core-3.2.4.jar:/home/runner/.m2/repository/org/apache/commons/commons-text/1.10.0/commons-text-1.10.0.jar:/home/runner/.m2/repository/org/bouncycastle/bcprov-jdk15on/1.67/bcprov-jdk15on-1.67.jar:/home/runner/.m2/repository/com/google/protobuf/protobuf-java/2.5.0/protobuf-java-2.5.0.jar:/home/runner/.m2/repository/org/apache/ozone/hdds-server-framework/1.4.0-SNAPSHOT/hdds-server-framework-1.4.0-SNAPSHOT-tests.jar:/home/runner/.m2/repository/org/apache/ozone/hdds-interface-server/1.4.0-SNAPSHOT/hdds-interface-server-1.4.0-SNAPSHOT.jar:/home/runner/.m2/repository/org/apache/ozone/hdds-interface-admin/1.4.0-SNAPSHOT/hdds-interface-admin-1.4.0-SNAPSHOT.jar:/home/runner/.m2/repository/org/apache/ozone/hdds-managed-rocksdb/1.4.0-SNAPSHOT/hdds-managed-rocksdb-1.4.0-SNAPSHOT.jar:/home/runner/.m2/repository/org/rocksdb/rocksdbjni/7.7.3/rocksdbjni-7.7.3.jar:/home/runner/.m2/repository/org/slf4j/slf4j-reload4j/1.7.36/slf4j-reload4j-1.7.36.jar:/home/runner/.m2/repository/org/apache/commons/commons-configuration2/2.1.1/commons-configuration2-2.1.1.jar:/home/runner/.m2/repository/commons-fileupload/commons-fileupload/1.5/commons-fileupload-1.5.jar:/home/runner/.m2/repository/org/apache/logging/log4j/log4j-core/2.17.1/log4j-core-2.17.1.jar:/home/runner/.m2/repository/com/lmax/disruptor/3.4.2/disruptor-3.4.2.jar:/home/runner/.m2/repository/org/eclipse/jetty/jetty-util/9.4.53.v20231009/jetty-util-9.4.53.v20231009.jar:/home/runner/.m2/repository/org/eclipse/jetty/jetty-server/9.4.53.v20231009/jetty-server-9.4.53.v20231009.jar:/home/runner/.m2/repository/org/eclipse/jetty/jetty-http/9.4.53.v20231009/jetty-http-9.4.53.v20231009.jar:/home/runner/.m2/repository/org/eclipse/jetty/jetty-io/9.4.53.v20231009/jetty-io-9.4.53.v20231009.jar:/home/runner/.m2/repository/org/eclipse/jetty/jetty-servlet/9.4.53.v20231009/jetty-servlet-9.4.53.v20231009.jar:/home/runner/.m2/repository/org/eclipse/jetty/jetty-security/9.4.53.v20231009/jetty-security-9.4.53.v20231009.jar:/home/runner/.m2/repository/org/eclipse/jetty/jetty-util-ajax/9.4.53.v20231009/jetty-util-ajax-9.4.53.v20231009.jar:/home/runner/.m2/repository/org/eclipse/jetty/jetty-webapp/9.4.53.v20231009/jetty-webapp-9.4.53.v20231009.jar:/home/runner/.m2/repository/org/eclipse/jetty/jetty-xml/9.4.53.v20231009/jetty-xml-9.4.53.v20231009.jar:/home/runner/.m2/repository/org/apache/ratis/ratis-server/2.5.1/ratis-server-2.5.1.jar:/home/runner/.m2/repository/org/apache/ratis/ratis-thirdparty-misc/1.0.4/ratis-thirdparty-misc-1.0.4.jar:/home/runner/.m2/repository/org/apache/ratis/ratis-proto/2.5.1/ratis-proto-2.5.1.jar:/home/runner/.m2/repository/org/apache/ratis/ratis-common/2.5.1/ratis-common-2.5.1.jar:/home/runner/.m2/repository/org/apache/ratis/ratis-client/2.5.1/ratis-client-2.5.1.jar:/home/runner/.m2/repository/org/apache/ratis/ratis-server-api/2.5.1/ratis-server-api-2.5.1.jar:/home/runner/.m2/repository/org/apache/ratis/ratis-metrics/2.5.1/ratis-metrics-2.5.1.jar:/home/runner/.m2/repository/io/prometheus/simpleclient_dropwizard/0.7.0/simpleclient_dropwizard-0.7.0.jar:/home/runner/.m2/repository/io/prometheus/simpleclient/0.7.0/simpleclient-0.7.0.jar:/home/runner/.m2/repository/io/prometheus/simpleclient_common/0.7.0/simpleclient_common-0.7.0.jar:/home/runner/.m2/repository/com/fasterxml/jackson/datatype/jackson-datatype-jsr310/2.13.4/jackson-datatype-jsr310-2.13.4.jar:/home/runner/.m2/repository/com/fasterxml/jackson/core/jackson-core/2.13.4/jackson-core-2.13.4.jar:/home/runner/.m2/repository/org/apache/ozone/rocksdb-checkpoint-differ/1.4.0-SNAPSHOT/rocksdb-checkpoint-differ-1.4.0-SNAPSHOT.jar:/home/runner/.m2/repository/org/jgrapht/jgrapht-core/1.0.1/jgrapht-core-1.0.1.jar:/home/runner/.m2/repository/org/jgrapht/jgrapht-ext/1.0.1/jgrapht-ext-1.0.1.jar:/home/runner/.m2/repository/org/tinyjee/jgraphx/jgraphx/2.0.0.1/jgraphx-2.0.0.1.jar:/home/runner/.m2/repository/jgraph/jgraph/5.13.0.0/jgraph-5.13.0.0.jar:/home/runner/.m2/repository/org/antlr/antlr4-runtime/4.5.3/antlr4-runtime-4.5.3.jar:/home/runner/.m2/repository/org/awaitility/awaitility/4.2.0/awaitility-4.2.0.jar:/home/runner/.m2/repository/org/hamcrest/hamcrest/2.1/hamcrest-2.1.jar:/home/runner/.m2/repository/org/apache/ozone/ozone-manager/1.4.0-SNAPSHOT/ozone-manager-1.4.0-SNAPSHOT.jar:/home/runner/.m2/repository/org/aspectj/aspectjrt/1.9.7/aspectjrt-1.9.7.jar:/home/runner/.m2/repository/org/aspectj/aspectjweaver/1.9.7/aspectjweaver-1.9.7.jar:/home/runner/.m2/repository/org/apache/ozone/hdds-interface-client/1.4.0-SNAPSHOT/hdds-interface-client-1.4.0-SNAPSHOT.jar:/home/runner/.m2/repository/org/apache/hadoop/thirdparty/hadoop-shaded-protobuf_3_7/1.1.1/hadoop-shaded-protobuf_3_7-1.1.1.jar:/home/runner/.m2/repository/org/apache/ozone/ozone-interface-storage/1.4.0-SNAPSHOT/ozone-interface-storage-1.4.0-SNAPSHOT.jar:/home/runner/.m2/repository/org/reflections/reflections/0.9.11/reflections-0.9.11.jar:/home/runner/.m2/repository/com/sun/jersey/jersey-client/1.19.4/jersey-client-1.19.4.jar:/home/runner/.m2/repository/org/codehaus/jackson/jackson-core-asl/1.9.13/jackson-core-asl-1.9.13.jar:/home/runner/.m2/repository/org/codehaus/jackson/jackson-mapper-asl/1.9.13/jackson-mapper-asl-1.9.13.jar:/home/runner/.m2/repository/org/codehaus/jackson/jackson-jaxrs/1.9.13/jackson-jaxrs-1.9.13.jar:/home/runner/.m2/repository/org/apache/ranger/ranger-intg/2.3.0/ranger-intg-2.3.0.jar:/home/runner/.m2/repository/org/apache/ranger/ranger-plugins-common/2.3.0/ranger-plugins-common-2.3.0.jar:/home/runner/.m2/repository/commons-lang/commons-lang/2.6/commons-lang-2.6.jar:/home/runner/.m2/repository/org/apache/ranger/ranger-plugins-cred/2.3.0/ranger-plugins-cred-2.3.0.jar:/home/runner/.m2/repository/org/apache/ranger/ranger-plugins-audit/2.3.0/ranger-plugins-audit-2.3.0.jar:/home/runner/.m2/repository/org/eclipse/jetty/jetty-client/9.4.53.v20231009/jetty-client-9.4.53.v20231009.jar:/home/runner/.m2/repository/org/apache/httpcomponents/httpmime/4.5.6/httpmime-4.5.6.jar:/home/runner/.m2/repository/org/apache/httpcomponents/httpcore-nio/4.4.13/httpcore-nio-4.4.13.jar:/home/runner/.m2/repository/org/apache/httpcomponents/httpasyncclient/4.1.3/httpasyncclient-4.1.3.jar:/home/runner/.m2/repository/com/carrotsearch/hppc/0.8.0/hppc-0.8.0.jar:/home/runner/.m2/repository/org/apache/orc/orc-core/1.5.8/orc-core-1.5.8.jar:/home/runner/.m2/repository/net/java/dev/jna/jna/5.2.0/jna-5.2.0.jar:/home/runner/.m2/repository/net/java/dev/jna/jna-platform/5.2.0/jna-platform-5.2.0.jar:/home/runner/.m2/repository/com/kstruct/gethostname4j/0.0.2/gethostname4j-0.0.2.jar:/home/runner/.m2/repository/org/apache/ranger/ranger-plugin-classloader/2.3.0/ranger-plugin-classloader-2.3.0.jar:/home/runner/.m2/repository/org/apache/ozone/hdds-rocks-native/1.4.0-SNAPSHOT/hdds-rocks-native-1.4.0-SNAPSHOT.jar:/home/runner/.m2/repository/org/apache/hadoop/hadoop-minikdc/3.3.6/hadoop-minikdc-3.3.6.jar:/home/runner/.m2/repository/org/apache/kerby/kerb-simplekdc/1.0.1/kerb-simplekdc-1.0.1.jar:/home/runner/.m2/repository/org/apache/kerby/kerb-client/1.0.1/kerb-client-1.0.1.jar:/home/runner/.m2/repository/org/apache/kerby/kerby-config/1.0.1/kerby-config-1.0.1.jar:/home/runner/.m2/repository/org/apache/kerby/kerb-common/1.0.1/kerb-common-1.0.1.jar:/home/runner/.m2/repository/org/apache/kerby/kerb-crypto/1.0.1/kerb-crypto-1.0.1.jar:/home/runner/.m2/repository/org/apache/kerby/kerb-util/1.0.1/kerb-util-1.0.1.jar:/home/runner/.m2/repository/org/apache/kerby/token-provider/1.0.1/token-provider-1.0.1.jar:/home/runner/.m2/repository/org/apache/kerby/kerb-admin/1.0.1/kerb-admin-1.0.1.jar:/home/runner/.m2/repository/org/apache/kerby/kerb-server/1.0.1/kerb-server-1.0.1.jar:/home/runner/.m2/repository/org/apache/kerby/kerb-identity/1.0.1/kerb-identity-1.0.1.jar:/home/runner/.m2/repository/org/apache/kerby/kerby-xdr/1.0.1/kerby-xdr-1.0.1.jar:/home/runner/.m2/repository/org/apache/ozone/ozone-s3gateway/1.4.0-SNAPSHOT/ozone-s3gateway-1.4.0-SNAPSHOT.jar:/home/runner/.m2/repository/org/javassist/javassist/3.21.0-GA/javassist-3.21.0-GA.jar:/home/runner/.m2/repository/org/jboss/weld/servlet/weld-servlet-shaded/3.1.9.Final/weld-servlet-shaded-3.1.9.Final.jar:/home/runner/.m2/repository/org/glassfish/jersey/containers/jersey-container-servlet-core/2.34/jersey-container-servlet-core-2.34.jar:/home/runner/.m2/repository/org/glassfish/hk2/external/jakarta.inject/2.6.1/jakarta.inject-2.6.1.jar:/home/runner/.m2/repository/org/glassfish/jersey/core/jersey-common/2.34/jersey-common-2.34.jar:/home/runner/.m2/repository/jakarta/ws/rs/jakarta.ws.rs-api/2.1.6/jakarta.ws.rs-api-2.1.6.jar:/home/runner/.m2/repository/org/glassfish/jersey/ext/cdi/jersey-cdi1x/2.34/jersey-cdi1x-2.34.jar:/home/runner/.m2/repository/org/glassfish/jersey/inject/jersey-hk2/2.34/jersey-hk2-2.34.jar:/home/runner/.m2/repository/org/glassfish/hk2/hk2-locator/2.6.1/hk2-locator-2.6.1.jar:/home/runner/.m2/repository/org/glassfish/jersey/media/jersey-media-jaxb/2.34/jersey-media-jaxb-2.34.jar:/home/runner/.m2/repository/org/glassfish/hk2/osgi-resource-locator/1.0.3/osgi-resource-locator-1.0.3.jar:/home/runner/.m2/repository/org/glassfish/hk2/hk2-api/2.5.0/hk2-api-2.5.0.jar:/home/runner/.m2/repository/org/glassfish/hk2/hk2-utils/2.5.0/hk2-utils-2.5.0.jar:/home/runner/.m2/repository/org/glassfish/hk2/external/aopalliance-repackaged/2.5.0/aopalliance-repackaged-2.5.0.jar:/home/runner/.m2/repository/com/fasterxml/jackson/dataformat/jackson-dataformat-xml/2.13.4/jackson-dataformat-xml-2.13.4.jar:/home/runner/.m2/repository/org/codehaus/woodstox/stax2-api/4.2.1/stax2-api-4.2.1.jar:/home/runner/.m2/repository/com/fasterxml/woodstox/woodstox-core/5.4.0/woodstox-core-5.4.0.jar:/home/runner/.m2/repository/com/fasterxml/jackson/module/jackson-module-jaxb-annotations/2.13.4/jackson-module-jaxb-annotations-2.13.4.jar:/home/runner/.m2/repository/jakarta/xml/bind/jakarta.xml.bind-api/2.3.3/jakarta.xml.bind-api-2.3.3.jar:/home/runner/.m2/repository/jakarta/activation/jakarta.activation-api/1.2.2/jakarta.activation-api-1.2.2.jar:/home/runner/.m2/repository/javax/enterprise/cdi-api/2.0/cdi-api-2.0.jar:/home/runner/.m2/repository/javax/el/javax.el-api/3.0.0/javax.el-api-3.0.0.jar:/home/runner/.m2/repository/javax/interceptor/javax.interceptor-api/1.2/javax.interceptor-api-1.2.jar:/home/runner/.m2/repository/javax/inject/javax.inject/1/javax.inject-1.jar:/home/runner/.m2/repository/javax/xml/bind/jaxb-api/2.3.0/jaxb-api-2.3.0.jar:/home/runner/.m2/repository/org/glassfish/jaxb/jaxb-runtime/2.3.0.1/jaxb-runtime-2.3.0.1.jar:/home/runner/.m2/repository/org/glassfish/jaxb/jaxb-core/2.3.0.1/jaxb-core-2.3.0.1.jar:/home/runner/.m2/repository/org/glassfish/jaxb/txw2/2.3.0.1/txw2-2.3.0.1.jar:/home/runner/.m2/repository/com/sun/istack/istack-commons-runtime/3.0.5/istack-commons-runtime-3.0.5.jar:/home/runner/.m2/repository/org/jvnet/staxex/stax-ex/1.7.8/stax-ex-1.7.8.jar:/home/runner/.m2/repository/com/sun/xml/fastinfoset/FastInfoset/1.2.13/FastInfoset-1.2.13.jar:/home/runner/.m2/repository/javax/activation/activation/1.1.1/activation-1.1.1.jar:/home/runner/.m2/repository/io/grpc/grpc-protobuf/1.51.1/grpc-protobuf-1.51.1.jar:/home/runner/.m2/repository/com/google/api/grpc/proto-google-common-protos/2.9.0/proto-google-common-protos-2.9.0.jar:/home/runner/.m2/repository/io/grpc/grpc-protobuf-lite/1.51.1/grpc-protobuf-lite-1.51.1.jar:/home/runner/.m2/repository/io/grpc/grpc-stub/1.51.1/grpc-stub-1.51.1.jar:/home/runner/.m2/repository/io/netty/netty-transport/4.1.100.Final/netty-transport-4.1.100.Final.jar:/home/runner/.m2/repository/io/netty/netty-resolver/4.1.100.Final/netty-resolver-4.1.100.Final.jar:/home/runner/.m2/repository/org/apache/ozone/ozone-csi/1.4.0-SNAPSHOT/ozone-csi-1.4.0-SNAPSHOT.jar:/home/runner/.m2/repository/com/google/protobuf/protobuf-java-util/3.19.6/protobuf-java-util-3.19.6.jar:/home/runner/.m2/repository/com/google/code/gson/gson/2.9.0/gson-2.9.0.jar:/home/runner/.m2/repository/org/apache/ozone/hdds-config/1.4.0-SNAPSHOT/hdds-config-1.4.0-SNAPSHOT.jar:/home/runner/.m2/repository/io/netty/netty-transport-native-epoll/4.1.100.Final/netty-transport-native-epoll-4.1.100.Final-linux-x86_64.jar:/home/runner/.m2/repository/io/netty/netty-transport-classes-epoll/4.1.100.Final/netty-transport-classes-epoll-4.1.100.Final.jar:/home/runner/.m2/repository/io/netty/netty-transport-native-unix-common/4.1.100.Final/netty-transport-native-unix-common-4.1.100.Final.jar:/home/runner/.m2/repository/org/apache/ozone/ozone-recon/1.4.0-SNAPSHOT/ozone-recon-1.4.0-SNAPSHOT.jar:/home/runner/.m2/repository/org/apache/ozone/ozone-reconcodegen/1.4.0-SNAPSHOT/ozone-reconcodegen-1.4.0-SNAPSHOT.jar:/home/runner/.m2/repository/com/google/inject/guice/5.1.0/guice-5.1.0.jar:/home/runner/.m2/repository/aopalliance/aopalliance/1.0/aopalliance-1.0.jar:/home/runner/.m2/repository/com/google/inject/extensions/guice-assistedinject/5.1.0/guice-assistedinject-5.1.0.jar:/home/runner/.m2/repository/com/google/inject/extensions/guice-servlet/5.1.0/guice-servlet-5.1.0.jar:/home/runner/.m2/repository/org/glassfish/jersey/containers/jersey-container-servlet/2.34/jersey-container-servlet-2.34.jar:/home/runner/.m2/repository/org/glassfish/hk2/guice-bridge/2.5.0/guice-bridge-2.5.0.jar:/home/runner/.m2/repository/org/glassfish/jersey/core/jersey-server/2.34/jersey-server-2.34.jar:/home/runner/.m2/repository/org/glassfish/jersey/core/jersey-client/2.34/jersey-client-2.34.jar:/home/runner/.m2/repository/jakarta/annotation/jakarta.annotation-api/1.3.5/jakarta.annotation-api-1.3.5.jar:/home/runner/.m2/repository/jakarta/validation/jakarta.validation-api/2.0.2/jakarta.validation-api-2.0.2.jar:/home/runner/.m2/repository/org/glassfish/jersey/media/jersey-media-json-jackson/2.34/jersey-media-json-jackson-2.34.jar:/home/runner/.m2/repository/org/glassfish/jersey/ext/jersey-entity-filtering/2.34/jersey-entity-filtering-2.34.jar:/home/runner/.m2/repository/org/jooq/jooq/3.11.10/jooq-3.11.10.jar:/home/runner/.m2/repository/org/jooq/jooq-meta/3.11.10/jooq-meta-3.11.10.jar:/home/runner/.m2/repository/org/jooq/jooq-codegen/3.11.10/jooq-codegen-3.11.10.jar:/home/runner/.m2/repository/com/jolbox/bonecp/0.8.0.RELEASE/bonecp-0.8.0.RELEASE.jar:/home/runner/.m2/repository/org/apache/derby/derby/10.14.2.0/derby-10.14.2.0.jar:/home/runner/.m2/repository/org/xerial/sqlite-jdbc/3.41.2.2/sqlite-jdbc-3.41.2.2.jar:/home/runner/.m2/repository/org/springframework/spring-jdbc/5.3.27/spring-jdbc-5.3.27.jar:/home/runner/.m2/repository/org/springframework/spring-beans/5.3.27/spring-beans-5.3.27.jar:/home/runner/.m2/repository/org/springframework/spring-core/5.3.27/spring-core-5.3.27.jar:/home/runner/.m2/repository/org/springframework/spring-tx/5.3.27/spring-tx-5.3.27.jar:/home/runner/.m2/repository/org/apache/ozone/ozone-client/1.4.0-SNAPSHOT/ozone-client-1.4.0-SNAPSHOT.jar:/home/runner/.m2/repository/org/apache/ozone/hdds-erasurecode/1.4.0-SNAPSHOT/hdds-erasurecode-1.4.0-SNAPSHOT.jar:/home/runner/.m2/repository/org/apache/ozone/ozone-filesystem/1.4.0-SNAPSHOT/ozone-filesystem-1.4.0-SNAPSHOT.jar:/home/runner/.m2/repository/org/apache/ozone/ozone-filesystem-common/1.4.0-SNAPSHOT/ozone-filesystem-common-1.4.0-SNAPSHOT.jar:/home/runner/.m2/repository/org/apache/ozone/ozone-tools/1.4.0-SNAPSHOT/ozone-tools-1.4.0-SNAPSHOT.jar:/home/runner/.m2/repository/com/amazonaws/aws-java-sdk-core/1.12.261/aws-java-sdk-core-1.12.261.jar:/home/runner/.m2/repository/org/apache/httpcomponents/httpclient/4.5.13/httpclient-4.5.13.jar:/home/runner/.m2/repository/org/apache/httpcomponents/httpcore/4.4.13/httpcore-4.4.13.jar:/home/runner/.m2/repository/software/amazon/ion/ion-java/1.0.2/ion-java-1.0.2.jar:/home/runner/.m2/repository/com/fasterxml/jackson/dataformat/jackson-dataformat-cbor/2.13.4/jackson-dataformat-cbor-2.13.4.jar:/home/runner/.m2/repository/joda-time/joda-time/2.12.5/joda-time-2.12.5.jar:/home/runner/.m2/repository/com/amazonaws/aws-java-sdk-s3/1.12.261/aws-java-sdk-s3-1.12.261.jar:/home/runner/.m2/repository/com/amazonaws/aws-java-sdk-kms/1.12.261/aws-java-sdk-kms-1.12.261.jar:/home/runner/.m2/repository/com/amazonaws/jmespath-java/1.12.261/jmespath-java-1.12.261.jar:/home/runner/.m2/repository/org/kohsuke/metainf-services/metainf-services/1.8/metainf-services-1.8.jar:/home/runner/.m2/repository/org/apache/ozone/hdds-tools/1.4.0-SNAPSHOT/hdds-tools-1.4.0-SNAPSHOT.jar:/home/runner/.m2/repository/org/apache/ratis/ratis-tools/2.5.1/ratis-tools-2.5.1.jar:/home/runner/.m2/repository/commons-cli/commons-cli/1.2/commons-cli-1.2.jar:/home/runner/.m2/repository/org/apache/commons/commons-lang3/3.7/commons-lang3-3.7.jar:/home/runner/.m2/repository/org/apache/ozone/ozone-manager/1.4.0-SNAPSHOT/ozone-manager-1.4.0-SNAPSHOT-tests.jar:/home/runner/.m2/repository/org/apache/ozone/hdds-common/1.4.0-SNAPSHOT/hdds-common-1.4.0-SNAPSHOT-tests.jar:/home/runner/.m2/repository/org/apache/ozone/hdds-hadoop-dependency-client/1.4.0-SNAPSHOT/hdds-hadoop-dependency-client-1.4.0-SNAPSHOT.jar:/home/runner/.m2/repository/info/picocli/picocli/4.7.5/picocli-4.7.5.jar:/home/runner/.m2/repository/com/fasterxml/jackson/core/jackson-annotations/2.13.4/jackson-annotations-2.13.4.jar:/home/runner/.m2/repository/org/apache/ozone/hdds-annotation-processing/1.4.0-SNAPSHOT/hdds-annotation-processing-1.4.0-SNAPSHOT.jar:/home/runner/.m2/repository/javax/annotation/javax.annotation-api/1.2/javax.annotation-api-1.2.jar:/home/runner/.m2/repository/org/apache/ratis/ratis-netty/2.5.1/ratis-netty-2.5.1.jar:/home/runner/.m2/repository/org/apache/ratis/ratis-grpc/2.5.1/ratis-grpc-2.5.1.jar:/home/runner/.m2/repository/org/apache/commons/commons-pool2/2.6.0/commons-pool2-2.6.0.jar:/home/runner/.m2/repository/org/bouncycastle/bcpkix-jdk15on/1.67/bcpkix-jdk15on-1.67.jar:/home/runner/.m2/repository/commons-validator/commons-validator/1.6/commons-validator-1.6.jar:/home/runner/.m2/repository/commons-beanutils/commons-beanutils/1.9.4/commons-beanutils-1.9.4.jar:/home/runner/.m2/repository/commons-digester/commons-digester/1.8.1/commons-digester-1.8.1.jar:/home/runner/.m2/repository/commons-collections/commons-collections/3.2.2/commons-collections-3.2.2.jar:/home/runner/.m2/repository/io/jaegertracing/jaeger-client/1.6.0/jaeger-client-1.6.0.jar:/home/runner/.m2/repository/io/jaegertracing/jaeger-thrift/1.6.0/jaeger-thrift-1.6.0.jar:/home/runner/.m2/repository/org/apache/thrift/libthrift/0.14.1/libthrift-0.14.1.jar:/home/runner/.m2/repository/io/jaegertracing/jaeger-core/1.6.0/jaeger-core-1.6.0.jar:/home/runner/.m2/repository/io/jaegertracing/jaeger-tracerresolver/1.6.0/jaeger-tracerresolver-1.6.0.jar:/home/runner/.m2/repository/io/opentracing/contrib/opentracing-tracerresolver/0.1.8/opentracing-tracerresolver-0.1.8.jar:/home/runner/.m2/repository/org/jetbrains/kotlin/kotlin-stdlib/1.6.21/kotlin-stdlib-1.6.21.jar:/home/runner/.m2/repository/org/jetbrains/annotations/13.0/annotations-13.0.jar:/home/runner/.m2/repository/io/opentracing/opentracing-util/0.33.0/opentracing-util-0.33.0.jar:/home/runner/.m2/repository/io/opentracing/opentracing-api/0.33.0/opentracing-api-0.33.0.jar:/home/runner/.m2/repository/io/opentracing/opentracing-noop/0.33.0/opentracing-noop-0.33.0.jar:/home/runner/.m2/repository/org/yaml/snakeyaml/2.0/snakeyaml-2.0.jar:/home/runner/.m2/repository/io/grpc/grpc-api/1.51.1/grpc-api-1.51.1.jar:/home/runner/.m2/repository/io/grpc/grpc-context/1.51.1/grpc-context-1.51.1.jar:/home/runner/.m2/repository/com/fasterxml/uuid/java-uuid-generator/4.3.0/java-uuid-generator-4.3.0.jar:/home/runner/.m2/repository/junit/junit/4.13.1/junit-4.13.1.jar:/home/runner/.m2/repository/org/hamcrest/hamcrest-core/1.3/hamcrest-core-1.3.jar:/home/runner/.m2/repository/org/junit/jupiter/junit-jupiter-api/5.8.2/junit-jupiter-api-5.8.2.jar:/home/runner/.m2/repository/org/opentest4j/opentest4j/1.2.0/opentest4j-1.2.0.jar:/home/runner/.m2/repository/org/junit/platform/junit-platform-commons/1.8.2/junit-platform-commons-1.8.2.jar:/home/runner/.m2/repository/org/apiguardian/apiguardian-api/1.1.2/apiguardian-api-1.1.2.jar:/home/runner/.m2/repository/org/junit/jupiter/junit-jupiter-params/5.8.2/junit-jupiter-params-5.8.2.jar:/home/runner/.m2/repository/org/junit/jupiter/junit-jupiter-migrationsupport/5.8.2/junit-jupiter-migrationsupport-5.8.2.jar:/home/runner/.m2/repository/org/junit/jupiter/junit-jupiter-engine/5.8.2/junit-jupiter-engine-5.8.2.jar:/home/runner/.m2/repository/org/junit/platform/junit-platform-engine/1.8.2/junit-platform-engine-1.8.2.jar:/home/runner/.m2/repository/org/junit/vintage/junit-vintage-engine/5.8.2/junit-vintage-engine-5.8.2.jar:/home/runner/.m2/repository/org/junit/platform/junit-platform-launcher/1.8.2/junit-platform-launcher-1.8.2.jar:/home/runner/.m2/repository/org/mockito/mockito-core/3.5.9/mockito-core-3.5.9.jar:/home/runner/.m2/repository/net/bytebuddy/byte-buddy/1.10.13/byte-buddy-1.10.13.jar:/home/runner/.m2/repository/net/bytebuddy/byte-buddy-agent/1.10.13/byte-buddy-agent-1.10.13.jar:/home/runner/.m2/repository/org/objenesis/objenesis/1.0/objenesis-1.0.jar:/home/runner/.m2/repository/org/apache/hadoop/hadoop-kms/3.3.6/hadoop-kms-3.3.6.jar:/home/runner/.m2/repository/org/apache/hadoop/hadoop-auth/3.3.6/hadoop-auth-3.3.6.jar:/home/runner/.m2/repository/com/nimbusds/nimbus-jose-jwt/9.8.1/nimbus-jose-jwt-9.8.1.jar:/home/runner/.m2/repository/com/github/stephenc/jcip/jcip-annotations/1.0-1/jcip-annotations-1.0-1.jar:/home/runner/.m2/repository/org/apache/zookeeper/zookeeper/3.7.2/zookeeper-3.7.2.jar:/home/runner/.m2/repository/org/apache/zookeeper/zookeeper-jute/3.7.2/zookeeper-jute-3.7.2.jar:/home/runner/.m2/repository/org/apache/yetus/audience-annotations/0.12.0/audience-annotations-0.12.0.jar:/home/runner/.m2/repository/org/apache/curator/curator-framework/4.2.0/curator-framework-4.2.0.jar:/home/runner/.m2/repository/org/apache/hadoop/thirdparty/hadoop-shaded-guava/1.1.1/hadoop-shaded-guava-1.1.1.jar:/home/runner/.m2/repository/com/sun/jersey/jersey-core/1.19.4/jersey-core-1.19.4.jar:/home/runner/.m2/repository/javax/ws/rs/jsr311-api/1.1.1/jsr311-api-1.1.1.jar:/home/runner/.m2/repository/com/sun/jersey/jersey-server/1.19.4/jersey-server-1.19.4.jar:/home/runner/.m2/repository/javax/servlet/javax.servlet-api/3.1.0/javax.servlet-api-3.1.0.jar:/home/runner/.m2/repository/org/apache/hadoop/hadoop-common/3.3.6/hadoop-common-3.3.6.jar:/home/runner/.m2/repository/org/apache/commons/commons-math3/3.1.1/commons-math3-3.1.1.jar:/home/runner/.m2/repository/commons-net/commons-net/3.9.0/commons-net-3.9.0.jar:/home/runner/.m2/repository/com/sun/jersey/jersey-servlet/1.19.4/jersey-servlet-1.19.4.jar:/home/runner/.m2/repository/com/github/pjfanning/jersey-json/1.20/jersey-json-1.20.jar:/home/runner/.m2/repository/org/codehaus/jettison/jettison/1.1/jettison-1.1.jar:/home/runner/.m2/repository/com/sun/xml/bind/jaxb-impl/2.2.3-1/jaxb-impl-2.2.3-1.jar:/home/runner/.m2/repository/com/google/re2j/re2j/1.1/re2j-1.1.jar:/home/runner/.m2/repository/com/jcraft/jsch/0.1.54/jsch-0.1.54.jar:/home/runner/.m2/repository/org/apache/curator/curator-client/4.2.0/curator-client-4.2.0.jar:/home/runner/.m2/repository/org/apache/curator/curator-recipes/5.2.0/curator-recipes-5.2.0.jar:/home/runner/.m2/repository/org/apache/kerby/kerb-core/1.0.1/kerb-core-1.0.1.jar:/home/runner/.m2/repository/org/apache/kerby/kerby-pkix/1.0.1/kerby-pkix-1.0.1.jar:/home/runner/.m2/repository/org/apache/kerby/kerby-asn1/1.0.1/kerby-asn1-1.0.1.jar:/home/runner/.m2/repository/org/apache/kerby/kerby-util/1.0.1/kerby-util-1.0.1.jar:/home/runner/.m2/repository/dnsjava/dnsjava/2.1.7/dnsjava-2.1.7.jar:/home/runner/.m2/repository/org/xerial/snappy/snappy-java/1.1.8.2/snappy-java-1.1.8.2.jar:/home/runner/.m2/repository/com/fasterxml/jackson/core/jackson-databind/2.13.4.2/jackson-databind-2.13.4.2.jar:/home/runner/.m2/repository/org/apache/hadoop/hadoop-kms/3.3.6/hadoop-kms-3.3.6-tests.jar:/home/runner/.m2/repository/org/apache/ozone/hdds-server-scm/1.4.0-SNAPSHOT/hdds-server-scm-1.4.0-SNAPSHOT-tests.jar:/home/runner/.m2/repository/org/apache/ozone/hdds-container-service/1.4.0-SNAPSHOT/hdds-container-service-1.4.0-SNAPSHOT-tests.jar:/home/runner/.m2/repository/com/github/luben/zstd-jni/1.5.2-5/zstd-jni-1.5.2-5.jar:/home/runner/.m2/repository/commons-codec/commons-codec/1.15/commons-codec-1.15.jar:/home/runner/.m2/repository/io/netty/netty-codec/4.1.100.Final/netty-codec-4.1.100.Final.jar:/home/runner/.m2/repository/io/netty/netty-handler/4.1.100.Final/netty-handler-4.1.100.Final.jar:/home/runner/.m2/repository/org/apache/ozone/hdds-hadoop-dependency-test/1.4.0-SNAPSHOT/hdds-hadoop-dependency-test-1.4.0-SNAPSHOT.jar:/home/runner/.m2/repository/org/apache/hadoop/hadoop-common/3.3.6/hadoop-common-3.3.6-tests.jar:/home/runner/.m2/repository/org/apache/hadoop/hadoop-hdfs/3.3.6/hadoop-hdfs-3.3.6-tests.jar:/home/runner/.m2/repository/org/assertj/assertj-core/3.12.2/assertj-core-3.12.2.jar:/home/runner/.m2/repository/org/apache/hadoop/hadoop-distcp/3.3.6/hadoop-distcp-3.3.6.jar:/home/runner/.m2/repository/org/apache/hadoop/hadoop-mapreduce-client-jobclient/3.3.6/hadoop-mapreduce-client-jobclient-3.3.6.jar:/home/runner/.m2/repository/org/apache/hadoop/hadoop-mapreduce-client-common/3.3.6/hadoop-mapreduce-client-common-3.3.6.jar:/home/runner/.m2/repository/org/apache/hadoop/hadoop-yarn-common/3.3.6/hadoop-yarn-common-3.3.6.jar:/home/runner/.m2/repository/org/apache/hadoop/hadoop-yarn-api/3.3.6/hadoop-yarn-api-3.3.6.jar:/home/runner/.m2/repository/com/sun/jersey/contribs/jersey-guice/1.19.4/jersey-guice-1.19.4.jar:/home/runner/.m2/repository/com/fasterxml/jackson/jaxrs/jackson-jaxrs-json-provider/2.13.4/jackson-jaxrs-json-provider-2.13.4.jar:/home/runner/.m2/repository/com/fasterxml/jackson/jaxrs/jackson-jaxrs-base/2.13.4/jackson-jaxrs-base-2.13.4.jar:/home/runner/.m2/repository/org/apache/hadoop/hadoop-yarn-client/3.3.6/hadoop-yarn-client-3.3.6.jar:/home/runner/.m2/repository/org/eclipse/jetty/websocket/websocket-client/9.4.51.v20230217/websocket-client-9.4.51.v20230217.jar:/home/runner/.m2/repository/org/eclipse/jetty/websocket/websocket-common/9.4.51.v20230217/websocket-common-9.4.51.v20230217.jar:/home/runner/.m2/repository/org/eclipse/jetty/websocket/websocket-api/9.4.51.v20230217/websocket-api-9.4.51.v20230217.jar:/home/runner/.m2/repository/org/jline/jline/3.9.0/jline-3.9.0.jar:/home/runner/.m2/repository/org/apache/hadoop/hadoop-mapreduce-client-core/3.3.6/hadoop-mapreduce-client-core-3.3.6.jar:/home/runner/.m2/repository/org/apache/avro/avro/1.7.7/avro-1.7.7.jar:/home/runner/.m2/repository/com/thoughtworks/paranamer/paranamer/2.3/paranamer-2.3.jar:/home/runner/.m2/repository/org/apache/hadoop/hadoop-annotations/3.3.6/hadoop-annotations-3.3.6.jar:/usr/lib/jvm/temurin-8-jdk-amd64/jre/../lib/tools.jar:/home/runner/.m2/repository/io/netty/netty/3.10.6.Final/netty-3.10.6.Final.jar:/home/runner/.m2/repository/org/apache/hadoop/hadoop-distcp/3.3.6/hadoop-distcp-3.3.6-tests.jar:/home/runner/.m2/repository/org/slf4j/jul-to-slf4j/1.7.36/jul-to-slf4j-1.7.36.jar:/home/runner/work/ozone/ozone/hadoop-ozone/integration-test/target/gradle-enterprise/test-listeners.jar:"/>
    <property name="sun.cpu.endian" value="little"/>
    <property name="user.home" value="/home/runner"/>
    <property name="user.language" value="en"/>
    <property name="java.specification.vendor" value="Oracle Corporation"/>
    <property name="java.home" value="/usr/lib/jvm/temurin-8-jdk-amd64/jre"/>
    <property name="java.security.krb5.conf" value="/home/runner/work/ozone/ozone/hadoop-ozone/integration-test/target/test-classes/krb5.conf"/>
    <property name="file.separator" value="/"/>
    <property name="basedir" value="/home/runner/work/ozone/ozone/hadoop-ozone/integration-test"/>
    <property name="line.separator" value="&#10;"/>
    <property name="java.vm.specification.vendor" value="Oracle Corporation"/>
    <property name="java.specification.name" value="Java Platform API Specification"/>
    <property name="skip.installnpx" value="true"/>
    <property name="java.awt.graphicsenv" value="sun.awt.X11GraphicsEnvironment"/>
    <property name="surefire.real.class.path" value="/home/runner/work/ozone/ozone/hadoop-ozone/integration-test/target/surefire/surefirebooter974121579921993371.jar:/home/runner/.m2/repository/org/jacoco/org.jacoco.agent/0.8.5/org.jacoco.agent-0.8.5-runtime.jar"/>
    <property name="sun.boot.class.path" value="/usr/lib/jvm/temurin-8-jdk-amd64/jre/lib/resources.jar:/usr/lib/jvm/temurin-8-jdk-amd64/jre/lib/rt.jar:/usr/lib/jvm/temurin-8-jdk-amd64/jre/lib/sunrsasign.jar:/usr/lib/jvm/temurin-8-jdk-amd64/jre/lib/jsse.jar:/usr/lib/jvm/temurin-8-jdk-amd64/jre/lib/jce.jar:/usr/lib/jvm/temurin-8-jdk-amd64/jre/lib/charsets.jar:/usr/lib/jvm/temurin-8-jdk-amd64/jre/lib/jfr.jar:/usr/lib/jvm/temurin-8-jdk-amd64/jre/classes"/>
    <property name="hadoop.log.dir" value="/home/runner/work/ozone/ozone/hadoop-ozone/integration-test/target/log"/>
    <property name="sun.management.compiler" value="HotSpot 64-Bit Tiered Compilers"/>
    <property name="java.runtime.version" value="1.8.0_392-b08"/>
    <property name="skip.npx" value="true"/>
    <property name="user.name" value="runner"/>
    <property name="java.net.preferIPv4Stack" value="true"/>
    <property name="path.separator" value=":"/>
    <property name="java.security.egd" value="file:///dev/urandom"/>
    <property name="os.version" value="5.15.0-1051-azure"/>
    <property name="java.endorsed.dirs" value="/usr/lib/jvm/temurin-8-jdk-amd64/jre/lib/endorsed"/>
    <property name="java.runtime.name" value="OpenJDK Runtime Environment"/>
    <property name="com.gradle.maven.scan.extension.test.listener.junitplatform.NestedExecutionSafeDelegatingTestExecutionListener" value="7b84fcf8"/>
    <property name="file.encoding" value="UTF-8"/>
    <property name="java.vm.name" value="OpenJDK 64-Bit Server VM"/>
    <property name="test.build.webapps" value=""/>
    <property name="localRepository" value="/home/runner/.m2/repository"/>
    <property name="gradle.enterprise.listener.port" value="37661"/>
    <property name="jetty.git.hash" value="27bde00a0b95a1d5bbee0eae7984f891d2d0f8c9"/>
    <property name="java.vendor.url.bug" value="https://github.com/adoptium/adoptium-support/issues"/>
    <property name="require.test.libhadoop" value=""/>
    <property name="java.io.tmpdir" value="/tmp"/>
    <property name="java.version" value="1.8.0_392"/>
    <property name="user.dir" value="/home/runner/work/ozone/ozone/hadoop-ozone/integration-test"/>
    <property name="os.arch" value="amd64"/>
    <property name="test.build.classes" value="/home/runner/work/ozone/ozone/hadoop-ozone/integration-test/target/test-classes"/>
    <property name="java.vm.specification.name" value="Java Virtual Machine Specification"/>
    <property name="java.awt.printerjob" value="sun.print.PSPrinterJob"/>
    <property name="sun.os.patch.level" value="unknown"/>
    <property name="org.apache.ratis.thirdparty.io.netty.allocator.useCacheForAllThreads" value="false"/>
    <property name="hadoop.tmp.dir" value="/home/runner/work/ozone/ozone/hadoop-ozone/integration-test/target/tmp"/>
    <property name="java.library.path" value="/usr/java/packages/lib/amd64:/usr/lib64:/lib64:/lib:/usr/lib"/>
    <property name="java.vendor" value="Temurin"/>
    <property name="java.vm.info" value="mixed mode"/>
    <property name="java.vm.version" value="25.392-b08"/>
    <property name="java.specification.maintenance.version" value="5"/>
    <property name="sun.io.unicode.encoding" value="UnicodeLittle"/>
    <property name="java.ext.dirs" value="/usr/lib/jvm/temurin-8-jdk-amd64/jre/lib/ext:/usr/java/packages/lib/ext"/>
    <property name="java.class.version" value="52.0"/>
  </properties>
  <testcase name="testRenameDirToItsOwnSubDir" classname="TestOzoneFileSystemWithFSO" time="18.548">
    <system-out><![CDATA[2023-11-20 14:16:51,680 [main] WARN  server.ServerUtils (ServerUtils.java:getScmDbDir(155)) - ozone.scm.db.dirs is not configured. We recommend adding this setting. Falling back to ozone.metadata.dirs instead.
2023-11-20 14:16:51,832 [main] INFO  reflections.Reflections (Reflections.java:scan(232)) - Reflections took 110 ms to scan 7 urls, producing 164 keys and 390 values 
2023-11-20 14:16:51,928 [main] WARN  server.ServerUtils (ServerUtils.java:getScmDbDir(155)) - ozone.scm.db.dirs is not configured. We recommend adding this setting. Falling back to ozone.metadata.dirs instead.
2023-11-20 14:16:51,930 [main] INFO  ha.SCMHANodeDetails (SCMHANodeDetails.java:loadSCMHAConfig(210)) - ServiceID for StorageContainerManager is null
2023-11-20 14:16:51,935 [main] WARN  ha.SCMHANodeDetails (SCMHANodeDetails.java:validateSCMHAConfig(183)) - Invalid config ozone.scm.ratis.enable. The config was not specified, but the default value true conflicts with the expected config value false. Falling back to the expected value. Current State of SCM: SCM is running in Non-HA without Ratis Ratis SCM -> Non Ratis SCM or Non HA SCM -> HA SCM is not supported
2023-11-20 14:16:51,936 [main] INFO  ha.SCMHANodeDetails (SCMHANodeDetails.java:loadSCMHAConfig(215)) - ozone.scm.default.service.id is not defined, falling back to ozone.scm.service.ids to find serviceID for StorageContainerManager if it is HA enabled cluster
2023-11-20 14:16:52,397 [main] WARN  utils.HAUtils (HAUtils.java:getMetaDir(339)) - ozone.scm.db.dirs is not configured. We recommend adding this setting. Falling back to ozone.metadata.dirs instead.
2023-11-20 14:16:52,495 [main] WARN  db.DBStoreBuilder (DBStoreBuilder.java:applyDBDefinition(167)) - ozone.scm.db.dirs is not configured. We recommend adding this setting. Falling back to ozone.metadata.dirs instead.
2023-11-20 14:16:52,670 [main] INFO  net.NodeSchemaLoader (NodeSchemaLoader.java:loadSchemaFromFile(129)) - Loading schema from [jar:file:/home/runner/.m2/repository/org/apache/ozone/hdds-common/1.4.0-SNAPSHOT/hdds-common-1.4.0-SNAPSHOT.jar!/network-topology-default.xml]
2023-11-20 14:16:52,672 [main] INFO  net.NodeSchemaLoader (NodeSchemaLoader.java:loadSchema(176)) - Loading network topology layer schema file
2023-11-20 14:16:52,707 [main] INFO  metrics.MetricRegistries (MetricRegistriesLoader.java:load(64)) - Loaded MetricRegistries class org.apache.ratis.metrics.impl.MetricRegistriesImpl
2023-11-20 14:16:52,718 [main] INFO  upgrade.AbstractLayoutVersionManager (AbstractLayoutVersionManager.java:init(83)) - Initializing Layout version manager with metadata layout = HADOOP_PRC_PORTS_IN_DATANODEDETAILS (version = 7), software layout = HADOOP_PRC_PORTS_IN_DATANODEDETAILS (version = 7)
2023-11-20 14:16:52,851 [main] INFO  ha.SequenceIdGenerator (SequenceIdGenerator.java:upgradeToSequenceId(370)) - upgrade localId to 111677748019200000
2023-11-20 14:16:52,852 [main] INFO  ha.SequenceIdGenerator (SequenceIdGenerator.java:upgradeToSequenceId(380)) - upgrade delTxnId to 0
2023-11-20 14:16:52,857 [main] INFO  ha.SequenceIdGenerator (SequenceIdGenerator.java:upgradeToSequenceId(397)) - upgrade containerId to 0
2023-11-20 14:16:52,860 [main] INFO  ha.SequenceIdGenerator (SequenceIdGenerator.java:upgradeToCertificateSequenceId(444)) - upgrade CertificateId to 2
2023-11-20 14:16:52,861 [main] INFO  ha.SequenceIdGenerator (SequenceIdGenerator.java:<init>(241)) - Init the HA SequenceIdGenerator.
2023-11-20 14:16:52,896 [main] WARN  server.ServerUtils (ServerUtils.java:sanitizeUserArgs(80)) - ozone.scm.stale.node.interval value = 300000 is larger than max = 100000 based on the key value of ozone.scm.heartbeat.thread.interval, reset to the max value 100000.
2023-11-20 14:16:52,896 [main] WARN  server.ServerUtils (ServerUtils.java:sanitizeUserArgs(80)) - ozone.scm.stale.node.interval value = 300000 is larger than max = 100000 based on the key value of ozone.scm.heartbeat.thread.interval, reset to the max value 100000.
2023-11-20 14:16:52,901 [main] INFO  node.SCMNodeManager (SCMNodeManager.java:<init>(157)) - Entering startup safe mode.
2023-11-20 14:16:52,924 [main] INFO  algorithms.ContainerPlacementPolicyFactory (ContainerPlacementPolicyFactory.java:getPolicyInternal(86)) - Create container placement policy of type org.apache.hadoop.hdds.scm.container.placement.algorithms.SCMContainerPlacementRackAware
2023-11-20 14:16:52,926 [main] INFO  algorithms.ContainerPlacementPolicyFactory (ContainerPlacementPolicyFactory.java:getPolicyInternal(86)) - Create container placement policy of type org.apache.hadoop.hdds.scm.container.placement.algorithms.SCMContainerPlacementRackScatter
2023-11-20 14:16:52,932 [main] INFO  pipeline.PipelineStateManagerImpl (PipelineStateManagerImpl.java:initialize(78)) - No pipeline exists in current db
2023-11-20 14:16:52,942 [main] INFO  algorithms.LeaderChoosePolicyFactory (LeaderChoosePolicyFactory.java:getPolicy(57)) - Create leader choose policy of type org.apache.hadoop.hdds.scm.pipeline.leader.choose.algorithms.MinLeaderCountChoosePolicy
2023-11-20 14:16:52,942 [main] INFO  algorithms.ContainerPlacementPolicyFactory (ContainerPlacementPolicyFactory.java:getPolicyInternal(86)) - Create container placement policy of type org.apache.hadoop.hdds.scm.container.placement.algorithms.SCMContainerPlacementRackScatter
2023-11-20 14:16:52,946 [main] INFO  ha.SCMServiceManager (SCMServiceManager.java:register(42)) - Registering service BackgroundPipelineCreator.
2023-11-20 14:16:52,947 [main] INFO  pipeline.BackgroundPipelineCreator (BackgroundPipelineCreator.java:start(127)) - Starting RatisPipelineUtilsThread.
2023-11-20 14:16:52,949 [main] INFO  BackgroundPipelineScrubber (BackgroundSCMService.java:start(68)) - Starting BackgroundPipelineScrubber Service.
2023-11-20 14:16:52,950 [main] INFO  ha.SCMServiceManager (SCMServiceManager.java:register(42)) - Registering service BackgroundPipelineScrubber.
2023-11-20 14:16:52,955 [main] INFO  ExpiredContainerReplicaOpScrubber (BackgroundSCMService.java:start(68)) - Starting ExpiredContainerReplicaOpScrubber Service.
2023-11-20 14:16:52,955 [main] INFO  ha.SCMServiceManager (SCMServiceManager.java:register(42)) - Registering service ExpiredContainerReplicaOpScrubber.
2023-11-20 14:16:52,974 [main] INFO  algorithms.PipelineChoosePolicyFactory (PipelineChoosePolicyFactory.java:createPipelineChoosePolicyFromClass(78)) - Create pipeline choose policy of type org.apache.hadoop.hdds.scm.pipeline.choose.algorithms.RandomPipelineChoosePolicy
2023-11-20 14:16:52,974 [main] INFO  algorithms.PipelineChoosePolicyFactory (PipelineChoosePolicyFactory.java:createPipelineChoosePolicyFromClass(78)) - Create pipeline choose policy of type org.apache.hadoop.hdds.scm.pipeline.choose.algorithms.RandomPipelineChoosePolicy
2023-11-20 14:16:52,989 [main] INFO  ha.SCMServiceManager (SCMServiceManager.java:register(42)) - Registering service SCMBlockDeletingService.
2023-11-20 14:16:53,037 [main] INFO  replication.ReplicationManager (ReplicationManager.java:start(290)) - Starting Replication Monitor Thread.
2023-11-20 14:16:53,037 [ReplicationMonitor] INFO  replication.ReplicationManager (ReplicationManager.java:processAll(365)) - Replication Manager is not ready to run until 3000ms after safemode exit
2023-11-20 14:16:53,037 [main] INFO  ha.SCMServiceManager (SCMServiceManager.java:register(42)) - Registering service ReplicationManager.
2023-11-20 14:16:53,045 [main] INFO  safemode.ContainerSafeModeRule (ContainerSafeModeRule.java:<init>(90)) - containers with one replica threshold count 0
2023-11-20 14:16:53,047 [main] INFO  safemode.HealthyPipelineSafeModeRule (HealthyPipelineSafeModeRule.java:initializeRule(169)) - Total pipeline count is 0, healthy pipeline threshold count is 1
2023-11-20 14:16:53,049 [main] INFO  safemode.OneReplicaPipelineSafeModeRule (OneReplicaPipelineSafeModeRule.java:initializeRule(180)) - Total pipeline count is 0, pipeline's with at least one datanode reported threshold count is 0
2023-11-20 14:16:53,081 [main] INFO  server.StorageContainerManager (StorageContainerManager.java:<init>(427)) - SCM start with adminUsers: [runner]
2023-11-20 14:16:53,310 [main] INFO  audit.AuditLogger (AuditLogger.java:refreshDebugCmdSet(126)) - Refresh DebugCmdSet for SCMAudit to [].
2023-11-20 14:16:53,330 [main] INFO  ipc.CallQueueManager (CallQueueManager.java:<init>(90)) - Using callQueue: class java.util.concurrent.LinkedBlockingQueue, queueCapacity: 2000, scheduler: class org.apache.hadoop.ipc.DefaultRpcScheduler, ipcBackoff: false.
2023-11-20 14:16:53,352 [main] INFO  ipc.Server (Server.java:<init>(1287)) - Listener at 0.0.0.0:15002
2023-11-20 14:16:53,353 [Socket Reader #1 for port 15002] INFO  ipc.Server (Server.java:run(1323)) - Starting Socket Reader #1 for port 15002
2023-11-20 14:16:53,391 [main] INFO  audit.AuditLogger (AuditLogger.java:refreshDebugCmdSet(126)) - Refresh DebugCmdSet for SCMAudit to [].
2023-11-20 14:16:53,395 [main] INFO  ipc.CallQueueManager (CallQueueManager.java:<init>(90)) - Using callQueue: class java.util.concurrent.LinkedBlockingQueue, queueCapacity: 2000, scheduler: class org.apache.hadoop.ipc.DefaultRpcScheduler, ipcBackoff: false.
2023-11-20 14:16:53,395 [main] INFO  ipc.Server (Server.java:<init>(1287)) - Listener at 0.0.0.0:15001
2023-11-20 14:16:53,396 [Socket Reader #1 for port 15001] INFO  ipc.Server (Server.java:run(1323)) - Starting Socket Reader #1 for port 15001
2023-11-20 14:16:53,417 [main] INFO  audit.AuditLogger (AuditLogger.java:refreshDebugCmdSet(126)) - Refresh DebugCmdSet for SCMAudit to [].
2023-11-20 14:16:53,425 [main] INFO  ipc.CallQueueManager (CallQueueManager.java:<init>(90)) - Using callQueue: class java.util.concurrent.LinkedBlockingQueue, queueCapacity: 2000, scheduler: class org.apache.hadoop.ipc.DefaultRpcScheduler, ipcBackoff: false.
2023-11-20 14:16:53,425 [main] INFO  ipc.Server (Server.java:<init>(1287)) - Listener at 0.0.0.0:15000
2023-11-20 14:16:53,425 [Socket Reader #1 for port 15000] INFO  ipc.Server (Server.java:run(1323)) - Starting Socket Reader #1 for port 15000
2023-11-20 14:16:53,467 [main] INFO  ha.SCMServiceManager (SCMServiceManager.java:register(42)) - Registering service ContainerBalancer.
2023-11-20 14:16:53,468 [main] INFO  server.StorageContainerManager (StorageContainerManager.java:<init>(440)) - 
Container Balancer status:
Key                            Value
Running                        false
Container Balancer Configuration values:
Key                                                Value
Threshold                                          10
Max Datanodes to Involve per Iteration(percent)    20
Max Size to Move per Iteration                     500GB
Max Size Entering Target per Iteration             26GB
Max Size Leaving Source per Iteration              26GB
Number of Iterations                               10
Time Limit for Single Container's Movement         65min
Time Limit for Single Container's Replication      50min
Interval between each Iteration                    70min
Whether to Enable Network Topology                 false
Whether to Trigger Refresh Datanode Usage Info     false
Container IDs to Exclude from Balancing            None
Datanodes Specified to be Balanced                 None
Datanodes Excluded from Balancing                  None

2023-11-20 14:16:53,468 [main] INFO  ha.SCMContext (SCMContext.java:updateSafeModeStatus(230)) - Update SafeModeStatus from SafeModeStatus{safeModeStatus=true, preCheckPassed=false} to SafeModeStatus{safeModeStatus=true, preCheckPassed=false}.
2023-11-20 14:16:53,471 [main] INFO  server.StorageContainerManager (StorageContainerManager.java:start(1494)) - StorageContainerLocationProtocol RPC server is listening at /0.0.0.0:15000
2023-11-20 14:16:53,518 [main] WARN  impl.MetricsConfig (MetricsConfig.java:loadFirst(136)) - Cannot locate configuration: tried hadoop-metrics2-storagecontainermanager.properties,hadoop-metrics2.properties
2023-11-20 14:16:53,528 [main] INFO  impl.MetricsSystemImpl (MetricsSystemImpl.java:startTimer(378)) - Scheduled Metric snapshot period at 10 second(s).
2023-11-20 14:16:53,528 [main] INFO  impl.MetricsSystemImpl (MetricsSystemImpl.java:start(191)) - StorageContainerManager metrics system started
2023-11-20 14:16:53,714 [main] INFO  server.SCMClientProtocolServer (SCMClientProtocolServer.java:start(201)) - RPC server for Client  is listening at /0.0.0.0:15000
2023-11-20 14:16:53,715 [IPC Server Responder] INFO  ipc.Server (Server.java:run(1562)) - IPC Server Responder: starting
2023-11-20 14:16:53,716 [IPC Server listener on 15000] INFO  ipc.Server (Server.java:run(1402)) - IPC Server listener on 15000: starting
2023-11-20 14:16:53,729 [main] INFO  server.StorageContainerManager (StorageContainerManager.java:start(1507)) - ScmBlockLocationProtocol RPC server is listening at /0.0.0.0:15001
2023-11-20 14:16:53,730 [main] INFO  server.SCMBlockProtocolServer (SCMBlockProtocolServer.java:start(156)) - RPC server for Block Protocol is listening at /0.0.0.0:15001
2023-11-20 14:16:53,730 [IPC Server Responder] INFO  ipc.Server (Server.java:run(1562)) - IPC Server Responder: starting
2023-11-20 14:16:53,731 [IPC Server listener on 15001] INFO  ipc.Server (Server.java:run(1402)) - IPC Server listener on 15001: starting
2023-11-20 14:16:53,756 [main] INFO  server.SCMDatanodeProtocolServer (SCMDatanodeProtocolServer.java:start(193)) - ScmDatanodeProtocol RPC server for DataNodes is listening at /0.0.0.0:15002
2023-11-20 14:16:53,757 [IPC Server Responder] INFO  ipc.Server (Server.java:run(1562)) - IPC Server Responder: starting
2023-11-20 14:16:53,760 [IPC Server listener on 15002] INFO  ipc.Server (Server.java:run(1402)) - IPC Server listener on 15002: starting
2023-11-20 14:16:53,819 [JvmPauseMonitor0] INFO  util.JvmPauseMonitor (JvmPauseMonitor.java:run(103)) - JvmPauseMonitor-d390f9e0-3710-4c8a-bb21-9b4d45f4d2bd: Started
2023-11-20 14:16:53,828 [main] INFO  http.BaseHttpServer (BaseHttpServer.java:newHttpServer2BuilderForOzone(223)) - Starting Web-server for scm at: http://0.0.0.0:15003
2023-11-20 14:16:53,829 [main] INFO  http.BaseHttpServer (BaseHttpServer.java:<init>(110)) - Hadoop Security Enabled: false Ozone Security Enabled: false Ozone HTTP Security Enabled: false 
2023-11-20 14:16:53,850 [main] INFO  util.log (Log.java:initialized(170)) - Logging initialized @3396ms to org.eclipse.jetty.util.log.Slf4jLog
2023-11-20 14:16:53,915 [main] WARN  server.AuthenticationFilter (AuthenticationFilter.java:constructSecretProvider(240)) - Unable to initialize FileSignerSecretProvider, falling back to use random secrets. Reason: Could not read signature secret file: /home/runner/hadoop-http-auth-signature-secret
2023-11-20 14:16:53,919 [main] INFO  http.HttpRequestLog (HttpRequestLog.java:getRequestLog(86)) - Http request log for http.requests.scm is not defined
2023-11-20 14:16:53,923 [main] INFO  http.HttpServer2 (HttpServer2.java:addGlobalFilter(1031)) - Added global filter 'safety' (class=org.apache.hadoop.hdds.server.http.HttpServer2$QuotingInputFilter)
2023-11-20 14:16:53,925 [main] INFO  http.HttpServer2 (HttpServer2.java:addFilter(1007)) - Added filter static_user_filter (class=org.apache.hadoop.http.lib.StaticUserWebFilter$StaticUserFilter) to context scm
2023-11-20 14:16:53,926 [main] INFO  http.HttpServer2 (HttpServer2.java:addFilter(1015)) - Added filter static_user_filter (class=org.apache.hadoop.http.lib.StaticUserWebFilter$StaticUserFilter) to context logs
2023-11-20 14:16:53,926 [main] INFO  http.HttpServer2 (HttpServer2.java:addFilter(1015)) - Added filter static_user_filter (class=org.apache.hadoop.http.lib.StaticUserWebFilter$StaticUserFilter) to context static
2023-11-20 14:16:53,949 [main] INFO  http.BaseHttpServer (BaseHttpServer.java:<init>(189)) - HTTP server of scm uses base directory /home/runner/work/ozone/ozone/hadoop-ozone/integration-test/target/test-dir/MiniOzoneClusterImpl-7293264f-739e-43f0-b608-0ff531f18758/ozone-meta/webserver
2023-11-20 14:16:53,950 [main] INFO  http.HttpServer2 (HttpServer2.java:bindListener(1231)) - Jetty bound to port 15003
2023-11-20 14:16:53,951 [main] INFO  server.Server (Server.java:doStart(375)) - jetty-9.4.53.v20231009; built: 2023-10-09T12:29:09.265Z; git: 27bde00a0b95a1d5bbee0eae7984f891d2d0f8c9; jvm 1.8.0_392-b08
2023-11-20 14:16:53,969 [main] INFO  server.session (DefaultSessionIdManager.java:doStart(334)) - DefaultSessionIdManager workerName=node0
2023-11-20 14:16:53,969 [main] INFO  server.session (DefaultSessionIdManager.java:doStart(339)) - No SessionScavenger set, using defaults
2023-11-20 14:16:53,970 [main] INFO  server.session (HouseKeeper.java:startScavenging(132)) - node0 Scavenging every 660000ms
2023-11-20 14:16:53,978 [main] INFO  handler.ContextHandler (ContextHandler.java:doStart(921)) - Started o.e.j.s.ServletContextHandler@47a05ad8{logs,/logs,file:///home/runner/work/ozone/ozone/hadoop-ozone/integration-test/target/log,AVAILABLE}
2023-11-20 14:16:53,979 [main] INFO  handler.ContextHandler (ContextHandler.java:doStart(921)) - Started o.e.j.s.ServletContextHandler@62a09668{static,/static,file:///home/runner/work/ozone/ozone/hadoop-ozone/integration-test/target/test-classes/webapps/static,AVAILABLE}
2023-11-20 14:16:54,010 [main] INFO  handler.ContextHandler (ContextHandler.java:doStart(921)) - Started o.e.j.w.WebAppContext@532782f5{scm,/,file:///home/runner/work/ozone/ozone/hadoop-ozone/integration-test/target/test-classes/webapps/scm/,AVAILABLE}{file:/home/runner/work/ozone/ozone/hadoop-ozone/integration-test/target/test-classes/webapps/scm}
2023-11-20 14:16:54,014 [main] INFO  server.AbstractConnector (AbstractConnector.java:doStart(333)) - Started ServerConnector@149e457{HTTP/1.1, (http/1.1)}{0.0.0.0:15003}
2023-11-20 14:16:54,015 [main] INFO  server.Server (Server.java:doStart(415)) - Started @3561ms
2023-11-20 14:16:54,016 [main] INFO  impl.MetricsSinkAdapter (MetricsSinkAdapter.java:start(204)) - Sink prometheus started
2023-11-20 14:16:54,016 [main] INFO  impl.MetricsSystemImpl (MetricsSystemImpl.java:registerSink(305)) - Registered sink prometheus
2023-11-20 14:16:54,017 [main] INFO  http.BaseHttpServer (BaseHttpServer.java:updateConnectorAddress(354)) - HTTP server of scm listening at http://0.0.0.0:15003
2023-11-20 14:16:54,020 [main] WARN  server.ServerUtils (ServerUtils.java:getDBPath(311)) - ozone.om.db.dirs is not configured. We recommend adding this setting. Falling back to ozone.metadata.dirs instead.
2023-11-20 14:16:54,075 [main] INFO  audit.AuditLogger (AuditLogger.java:refreshDebugCmdSet(126)) - Refresh DebugCmdSet for OMAudit to [].
2023-11-20 14:16:54,137 [main] INFO  ha.OMHANodeDetails (OMHANodeDetails.java:loadOMHAConfig(115)) - ozone.om.internal.service.id is not defined, falling back to ozone.om.service.ids to find serviceID for OzoneManager if it is HA enabled cluster
2023-11-20 14:16:54,139 [main] INFO  ha.OMHANodeDetails (OMHANodeDetails.java:loadOMHAConfig(226)) - Configuration does not have ozone.om.address set. Falling back to the default OM address /127.0.0.1:15004
2023-11-20 14:16:54,139 [main] INFO  ha.OMHANodeDetails (OMHANodeDetails.java:getOMNodeDetailsForNonHA(254)) - OM Service ID is not set. Setting it to the default ID: omServiceIdDefault
2023-11-20 14:16:54,139 [main] INFO  ha.OMHANodeDetails (OMHANodeDetails.java:getOMNodeDetailsForNonHA(261)) - OM Node ID is not set. Setting it to the default ID: om1
2023-11-20 14:16:54,142 [main] WARN  server.ServerUtils (ServerUtils.java:getDBPath(311)) - ozone.om.db.dirs is not configured. We recommend adding this setting. Falling back to ozone.metadata.dirs instead.
2023-11-20 14:16:54,145 [main] INFO  upgrade.AbstractLayoutVersionManager (AbstractLayoutVersionManager.java:init(83)) - Initializing Layout version manager with metadata layout = QUOTA (version = 6), software layout = QUOTA (version = 6)
2023-11-20 14:16:54,204 [main] INFO  reflections.Reflections (Reflections.java:scan(232)) - Reflections took 57 ms to scan 2 urls, producing 190 keys and 527 values [using 4 cores]
2023-11-20 14:16:54,208 [main] INFO  upgrade.OMLayoutVersionManager (OMLayoutVersionManager.java:lambda$0(115)) - Skipping Upgrade Action QuotaRepairUpgradeAction since it has been finalized.
2023-11-20 14:16:54,209 [main] INFO  upgrade.OMLayoutVersionManager (OMLayoutVersionManager.java:lambda$0(115)) - Skipping Upgrade Action MockOmUpgradeAction since it has been finalized.
2023-11-20 14:16:54,211 [main] WARN  server.ServerUtils (ServerUtils.java:getDBPath(311)) - ozone.om.db.dirs is not configured. We recommend adding this setting. Falling back to ozone.metadata.dirs instead.
2023-11-20 14:16:54,336 [main] INFO  proxy.SCMBlockLocationFailoverProxyProvider (SCMBlockLocationFailoverProxyProvider.java:<init>(114)) - Created block location fail-over proxy with 1 nodes: [nodeId=scmNodeId,nodeAddress=/0.0.0.0:15001]
2023-11-20 14:16:54,366 [main] INFO  proxy.SCMBlockLocationFailoverProxyProvider (SCMBlockLocationFailoverProxyProvider.java:<init>(114)) - Created block location fail-over proxy with 1 nodes: [nodeId=scmNodeId,nodeAddress=/0.0.0.0:15001]
2023-11-20 14:16:54,529 [main] INFO  om.OzoneManager (OzoneManager.java:<init>(674)) - OM start with adminUsers: [runner]
2023-11-20 14:16:54,546 [main] WARN  server.ServerUtils (ServerUtils.java:getDBPath(311)) - ozone.om.db.dirs is not configured. We recommend adding this setting. Falling back to ozone.metadata.dirs instead.
2023-11-20 14:16:54,569 [main] INFO  helpers.OmKeyInfo (OmKeyInfo.java:getCodec(71)) - OmKeyInfo.getCodec ignorePipeline = true
2023-11-20 14:16:54,785 [main] INFO  om.OzoneManager (OzoneManager.java:instantiateServices(808)) - S3 Multi-Tenancy is disabled
2023-11-20 14:16:54,810 [main] INFO  om.OmSnapshotManager (OmSnapshotManager.java:<init>(176)) - Ozone filesystem snapshot feature is enabled.
2023-11-20 14:16:54,815 [main] WARN  server.ServerUtils (ServerUtils.java:getDBPath(311)) - ozone.om.snapshot.diff.db.dir is not configured. We recommend adding this setting. Falling back to ozone.metadata.dirs instead.
2023-11-20 14:16:54,841 [main] INFO  utils.NativeLibraryLoader (NativeLibraryLoader.java:loadLibrary(108)) - Loading Library: ozone_rocksdb_tools
2023-11-20 14:16:54,841 [main] INFO  snapshot.SnapshotDiffManager (SnapshotDiffManager.java:closeExecutorService(1715)) - Shutting down executorService: 'SstDumpToolExecutor'
2023-11-20 14:16:54,883 [main] INFO  om.OzoneManager (OzoneManager.java:addS3GVolumeToDB(4440)) - Created Volume s3v With Owner runner required for S3Gateway operations.
2023-11-20 14:16:54,930 [main] WARN  server.ServerUtils (ServerUtils.java:getDefaultRatisDirectory(323)) - Storage directory for Ratis is not configured. It is a good idea to map this to an SSD disk. Falling back to ozone.metadata.dirs
2023-11-20 14:16:54,931 [main] WARN  utils.OzoneManagerRatisUtils (OzoneManagerRatisUtils.java:getOMRatisSnapshotDirectory(473)) - ozone.om.ratis.snapshot.dir is not configured. Falling back to ozone.metadata.dirs config
2023-11-20 14:16:54,940 [main] WARN  server.ServerUtils (ServerUtils.java:getDefaultRatisDirectory(323)) - Storage directory for Ratis is not configured. It is a good idea to map this to an SSD disk. Falling back to ozone.metadata.dirs
2023-11-20 14:16:54,957 [main] INFO  ratis.OzoneManagerRatisServer (OzoneManagerRatisServer.java:<init>(167)) - Instantiating OM Ratis server with groupID: omServiceIdDefault and peers: localhost:15007
2023-11-20 14:16:54,963 [main] INFO  ratis.OzoneManagerStateMachine (OzoneManagerStateMachine.java:loadSnapshotInfoFromDB(707)) - LastAppliedIndex is set from TransactionInfo from OM DB as (t:0, i:~)
2023-11-20 14:16:55,010 [main] INFO  server.RaftServer (ConfUtils.java:logGet(46)) - raft.rpc.type = GRPC (default)
2023-11-20 14:16:55,016 [main] INFO  grpc.GrpcConfigKeys (ConfUtils.java:logFallback(53)) - raft.grpc.admin.host = null (fallback to raft.grpc.server.host)
2023-11-20 14:16:55,017 [main] INFO  grpc.GrpcConfigKeys (ConfUtils.java:logFallback(53)) - raft.grpc.admin.port = 15007 (fallback to raft.grpc.server.port)
2023-11-20 14:16:55,018 [main] INFO  grpc.GrpcConfigKeys (ConfUtils.java:logFallback(53)) - raft.grpc.client.host = null (fallback to raft.grpc.server.host)
2023-11-20 14:16:55,018 [main] INFO  grpc.GrpcConfigKeys (ConfUtils.java:logFallback(53)) - raft.grpc.client.port = 15007 (fallback to raft.grpc.server.port)
2023-11-20 14:16:55,018 [main] INFO  grpc.GrpcConfigKeys (ConfUtils.java:logGet(46)) - raft.grpc.server.host = null (default)
2023-11-20 14:16:55,019 [main] INFO  grpc.GrpcConfigKeys (ConfUtils.java:logGet(46)) - raft.grpc.server.port = 15007 (custom)
2023-11-20 14:16:55,019 [main] INFO  server.GrpcService (ConfUtils.java:logGet(46)) - raft.grpc.message.size.max = 33554432 (custom)
2023-11-20 14:16:55,020 [main] INFO  server.RaftServerConfigKeys (ConfUtils.java:logGet(46)) - raft.server.log.appender.buffer.byte-limit = 33554432 (custom)
2023-11-20 14:16:55,020 [main] INFO  server.GrpcService (ConfUtils.java:logGet(46)) - raft.grpc.flow.control.window = 1MB (=1048576) (default)
2023-11-20 14:16:55,021 [main] INFO  server.RaftServerConfigKeys (ConfUtils.java:logGet(46)) - raft.server.rpc.request.timeout = 3000ms (default)
2023-11-20 14:16:55,028 [main] INFO  grpc.GrpcConfigKeys (ConfUtils.java:logGet(46)) - raft.grpc.server.heartbeat.channel = true (default)
2023-11-20 14:16:55,030 [main] INFO  grpc.GrpcConfigKeys (ConfUtils.java:logGet(46)) - raft.grpc.server.async.request.thread.pool.cached = true (default)
2023-11-20 14:16:55,031 [main] INFO  grpc.GrpcConfigKeys (ConfUtils.java:logGet(46)) - raft.grpc.server.async.request.thread.pool.size = 32 (default)
2023-11-20 14:16:55,295 [main] INFO  impl.DataStreamServerImpl (ConfUtils.java:logGet(46)) - raft.datastream.type = DISABLED (default)
2023-11-20 14:16:55,297 [main] INFO  server.RaftServerConfigKeys (ConfUtils.java:logGet(46)) - raft.server.threadpool.proxy.cached = true (default)
2023-11-20 14:16:55,297 [main] INFO  server.RaftServerConfigKeys (ConfUtils.java:logGet(46)) - raft.server.threadpool.proxy.size = 0 (default)
2023-11-20 14:16:55,297 [main] INFO  server.RaftServerConfigKeys (ConfUtils.java:logGet(46)) - raft.server.rpc.slowness.timeout = 120s (custom)
2023-11-20 14:16:55,297 [main] INFO  server.RaftServerConfigKeys (ConfUtils.java:logGet(46)) - raft.server.leaderelection.leader.step-down.wait-time = 10s (default)
2023-11-20 14:16:55,299 [main] INFO  server.RaftServerConfigKeys (ConfUtils.java:logGet(46)) - raft.server.storage.dir = [/home/runner/work/ozone/ozone/hadoop-ozone/integration-test/target/test-dir/MiniOzoneClusterImpl-7293264f-739e-43f0-b608-0ff531f18758/ozone-meta/ratis] (custom)
2023-11-20 14:16:55,304 [main] INFO  server.RaftServer (RaftServerProxy.java:addNew(98)) - om1: addNew group-C5BA1605619E:[om1|rpc:localhost:15007|priority:0|startupRole:FOLLOWER] returns group-C5BA1605619E:java.util.concurrent.CompletableFuture@fe15694[Not completed]
2023-11-20 14:16:55,304 [main] INFO  om.OzoneManager (OzoneManager.java:initializeRatisServer(2144)) - OzoneManager Ratis server initialized at port 15007
2023-11-20 14:16:55,312 [main] INFO  om.OzoneManager (OzoneManager.java:getRpcServer(1210)) - Creating RPC Server
2023-11-20 14:16:55,316 [om1-groupManagement] INFO  server.RaftServer$Division (RaftServerImpl.java:<init>(198)) - om1: new RaftServerImpl for group-C5BA1605619E:[om1|rpc:localhost:15007|priority:0|startupRole:FOLLOWER] with OzoneManagerStateMachine:uninitialized
2023-11-20 14:16:55,318 [om1-groupManagement] INFO  server.RaftServerConfigKeys (ConfUtils.java:logGet(46)) - raft.server.rpc.timeout.min = 1s (custom)
2023-11-20 14:16:55,318 [om1-groupManagement] INFO  server.RaftServerConfigKeys (ConfUtils.java:logGet(46)) - raft.server.rpc.timeout.max = 1200ms (custom)
2023-11-20 14:16:55,321 [om1-groupManagement] INFO  server.RaftServerConfigKeys (ConfUtils.java:logGet(46)) - raft.server.rpc.sleep.time = 25ms (default)
2023-11-20 14:16:55,321 [om1-groupManagement] INFO  server.RaftServerConfigKeys (ConfUtils.java:logGet(46)) - raft.server.rpc.slowness.timeout = 120s (custom)
2023-11-20 14:16:55,321 [om1-groupManagement] INFO  server.RaftServerConfigKeys (ConfUtils.java:logGet(46)) - raft.server.leaderelection.leader.step-down.wait-time = 10s (default)
2023-11-20 14:16:55,322 [om1-groupManagement] INFO  server.RaftServerConfigKeys (ConfUtils.java:logGet(46)) - raft.server.sleep.deviation.threshold = 300ms (default)
2023-11-20 14:16:55,330 [om1-groupManagement] INFO  server.RaftServer$Division (ServerState.java:<init>(120)) - om1@group-C5BA1605619E: ConfigurationManager, init=-1: peers:[om1|rpc:localhost:15007|priority:0|startupRole:FOLLOWER]|listeners:[], old=null, confs=<EMPTY_MAP>
2023-11-20 14:16:55,330 [om1-groupManagement] INFO  server.RaftServerConfigKeys (ConfUtils.java:logGet(46)) - raft.server.storage.dir = [/home/runner/work/ozone/ozone/hadoop-ozone/integration-test/target/test-dir/MiniOzoneClusterImpl-7293264f-739e-43f0-b608-0ff531f18758/ozone-meta/ratis] (custom)
2023-11-20 14:16:55,336 [om1-groupManagement] INFO  server.RaftServerConfigKeys (ConfUtils.java:logGet(46)) - raft.server.log.corruption.policy = EXCEPTION (default)
2023-11-20 14:16:55,337 [om1-groupManagement] INFO  server.RaftServerConfigKeys (ConfUtils.java:logGet(46)) - raft.server.storage.free-space.min = 0MB (=0) (default)
2023-11-20 14:16:55,345 [om1-groupManagement] INFO  server.RaftServerConfigKeys (ConfUtils.java:logGet(46)) - raft.server.notification.no-leader.timeout = 120s (custom)
2023-11-20 14:16:55,349 [om1-groupManagement] INFO  server.RaftServerConfigKeys (ConfUtils.java:logGet(46)) - raft.server.read.timeout = 10s (default)
2023-11-20 14:16:55,352 [om1-groupManagement] INFO  server.RaftServerConfigKeys (ConfUtils.java:logGet(46)) - raft.server.retrycache.expirytime = 300s (custom)
2023-11-20 14:16:55,352 [om1-groupManagement] INFO  server.RaftServerConfigKeys (ConfUtils.java:logGet(46)) - raft.server.retrycache.statistics.expirytime = 100μs (default)
2023-11-20 14:16:55,413 [om1-groupManagement] INFO  server.RaftServerConfigKeys (ConfUtils.java:logGet(46)) - raft.server.read.option = DEFAULT (default)
2023-11-20 14:16:55,444 [om1-groupManagement] INFO  server.RaftServerConfigKeys (ConfUtils.java:logGet(46)) - raft.server.rpc.request.timeout = 3000ms (default)
2023-11-20 14:16:55,473 [om1-groupManagement] INFO  server.RaftServerConfigKeys (ConfUtils.java:logGet(46)) - raft.server.log.appender.install.snapshot.enabled = false (custom)
2023-11-20 14:16:55,473 [om1-groupManagement] INFO  server.RaftServerConfigKeys (ConfUtils.java:logGet(46)) - raft.server.threadpool.server.cached = true (default)
2023-11-20 14:16:55,473 [om1-groupManagement] INFO  server.RaftServerConfigKeys (ConfUtils.java:logGet(46)) - raft.server.threadpool.server.size = 0 (default)
2023-11-20 14:16:55,474 [om1-groupManagement] INFO  server.RaftServerConfigKeys (ConfUtils.java:logGet(46)) - raft.server.threadpool.client.cached = true (default)
2023-11-20 14:16:55,474 [om1-groupManagement] INFO  server.RaftServerConfigKeys (ConfUtils.java:logGet(46)) - raft.server.threadpool.client.size = 0 (default)
2023-11-20 14:16:55,856 [main] INFO  reflections.Reflections (Reflections.java:scan(232)) - Reflections took 495 ms to scan 20 urls, producing 71 keys and 6108 values [using 4 cores]
2023-11-20 14:16:56,011 [main] INFO  ipc.CallQueueManager (CallQueueManager.java:<init>(90)) - Using callQueue: class java.util.concurrent.LinkedBlockingQueue, queueCapacity: 2000, scheduler: class org.apache.hadoop.ipc.DefaultRpcScheduler, ipcBackoff: false.
2023-11-20 14:16:56,012 [main] INFO  ipc.Server (Server.java:<init>(1287)) - Listener at 127.0.0.1:15004
2023-11-20 14:16:56,012 [Socket Reader #1 for port 15004] INFO  ipc.Server (Server.java:run(1323)) - Starting Socket Reader #1 for port 15004
2023-11-20 14:16:56,038 [main] INFO  impl.MetricsSystemImpl (MetricsSystemImpl.java:init(158)) - OzoneManager metrics system started (again)
2023-11-20 14:16:56,048 [main] INFO  om.OzoneManager (OzoneManager.java:start(1632)) - OzoneManager RPC server is listening at localhost/127.0.0.1:15004
2023-11-20 14:16:56,049 [main] INFO  ratis.OzoneManagerRatisServer (OzoneManagerRatisServer.java:start(583)) - Starting OzoneManagerRatisServer om1 at port 15007
2023-11-20 14:16:56,051 [om1-impl-thread1] INFO  storage.RaftStorageDirectory (RaftStorageDirectoryImpl.java:analyzeStorage(137)) - The storage directory /home/runner/work/ozone/ozone/hadoop-ozone/integration-test/target/test-dir/MiniOzoneClusterImpl-7293264f-739e-43f0-b608-0ff531f18758/ozone-meta/ratis/bf265839-605b-3f16-9796-c5ba1605619e does not exist. Creating ...
2023-11-20 14:16:56,054 [om1-impl-thread1] INFO  storage.RaftStorageDirectory (RaftStorageDirectoryImpl.java:tryLock(231)) - Lock on /home/runner/work/ozone/ozone/hadoop-ozone/integration-test/target/test-dir/MiniOzoneClusterImpl-7293264f-739e-43f0-b608-0ff531f18758/ozone-meta/ratis/bf265839-605b-3f16-9796-c5ba1605619e/in_use.lock acquired by nodename 31507@fv-az1500-317
2023-11-20 14:16:56,058 [om1-impl-thread1] INFO  storage.RaftStorage (RaftStorageImpl.java:format(96)) - Storage directory /home/runner/work/ozone/ozone/hadoop-ozone/integration-test/target/test-dir/MiniOzoneClusterImpl-7293264f-739e-43f0-b608-0ff531f18758/ozone-meta/ratis/bf265839-605b-3f16-9796-c5ba1605619e has been successfully formatted.
2023-11-20 14:16:56,060 [om1-impl-thread1] INFO  server.RaftServerConfigKeys (ConfUtils.java:logGet(46)) - raft.server.log.use.memory = false (default)
2023-11-20 14:16:56,066 [om1-impl-thread1] INFO  server.RaftServerConfigKeys (ConfUtils.java:logGet(46)) - raft.server.log.purge.gap = 1000000 (custom)
2023-11-20 14:16:56,066 [om1-impl-thread1] INFO  server.RaftServerConfigKeys (ConfUtils.java:logGet(46)) - raft.server.log.appender.buffer.byte-limit = 33554432 (custom)
2023-11-20 14:16:56,067 [om1-impl-thread1] INFO  server.RaftServerConfigKeys (ConfUtils.java:logGet(46)) - raft.server.log.statemachine.data.read.timeout = 1000ms (default)
2023-11-20 14:16:56,068 [om1-impl-thread1] INFO  server.RaftServerConfigKeys (ConfUtils.java:logGet(46)) - raft.server.log.purge.preservation.log.num = 0 (default)
2023-11-20 14:16:56,070 [om1-impl-thread1] INFO  server.RaftServerConfigKeys (ConfUtils.java:logGet(46)) - raft.server.log.segment.size.max = 4194304 (custom)
2023-11-20 14:16:56,074 [om1-impl-thread1] INFO  server.RaftServerConfigKeys (ConfUtils.java:logGet(46)) - raft.server.log.segment.cache.num.max = 2 (custom)
2023-11-20 14:16:56,074 [om1-impl-thread1] INFO  server.RaftServerConfigKeys (ConfUtils.java:logGet(46)) - raft.server.log.segment.cache.size.max = 200MB (=209715200) (default)
2023-11-20 14:16:56,074 [om1-impl-thread1] INFO  server.RaftServerConfigKeys (ConfUtils.java:logGet(46)) - raft.server.log.appender.buffer.byte-limit = 33554432 (custom)
2023-11-20 14:16:56,078 [om1-impl-thread1] INFO  segmented.SegmentedRaftLogWorker (SegmentedRaftLogWorker.java:<init>(188)) - new om1@group-C5BA1605619E-SegmentedRaftLogWorker for RaftStorageImpl:Storage Directory /home/runner/work/ozone/ozone/hadoop-ozone/integration-test/target/test-dir/MiniOzoneClusterImpl-7293264f-739e-43f0-b608-0ff531f18758/ozone-meta/ratis/bf265839-605b-3f16-9796-c5ba1605619e
2023-11-20 14:16:56,079 [om1-impl-thread1] INFO  server.RaftServerConfigKeys (ConfUtils.java:logGet(46)) - raft.server.log.queue.byte-limit = 64MB (=67108864) (default)
2023-11-20 14:16:56,079 [om1-impl-thread1] INFO  server.RaftServerConfigKeys (ConfUtils.java:logGet(46)) - raft.server.log.queue.element-limit = 4096 (default)
2023-11-20 14:16:56,080 [om1-impl-thread1] INFO  server.RaftServerConfigKeys (ConfUtils.java:logGet(46)) - raft.server.log.segment.size.max = 4194304 (custom)
2023-11-20 14:16:56,080 [om1-impl-thread1] INFO  server.RaftServerConfigKeys (ConfUtils.java:logGet(46)) - raft.server.log.preallocated.size = 4194304 (custom)
2023-11-20 14:16:56,080 [om1-impl-thread1] INFO  server.RaftServerConfigKeys (ConfUtils.java:logGet(46)) - raft.server.log.force.sync.num = 128 (default)
2023-11-20 14:16:56,081 [om1-impl-thread1] INFO  server.RaftServerConfigKeys (ConfUtils.java:logGet(46)) - raft.server.log.statemachine.data.sync = true (default)
2023-11-20 14:16:56,081 [om1-impl-thread1] INFO  server.RaftServerConfigKeys (ConfUtils.java:logGet(46)) - raft.server.log.statemachine.data.sync.timeout = 10s (default)
2023-11-20 14:16:56,081 [om1-impl-thread1] INFO  server.RaftServerConfigKeys (ConfUtils.java:logGet(46)) - raft.server.log.statemachine.data.sync.timeout.retry = -1 (default)
2023-11-20 14:16:56,088 [om1-impl-thread1] INFO  server.RaftServerConfigKeys (ConfUtils.java:logGet(46)) - raft.server.log.write.buffer.size = 64KB (=65536) (default)
2023-11-20 14:16:56,088 [om1-impl-thread1] INFO  server.RaftServerConfigKeys (ConfUtils.java:logGet(46)) - raft.server.log.appender.buffer.byte-limit = 33554432 (custom)
2023-11-20 14:16:56,090 [om1-impl-thread1] INFO  server.RaftServerConfigKeys (ConfUtils.java:logGet(46)) - raft.server.log.unsafe-flush.enabled = false (default)
2023-11-20 14:16:56,090 [om1-impl-thread1] INFO  server.RaftServerConfigKeys (ConfUtils.java:logGet(46)) - raft.server.log.async-flush.enabled = false (default)
2023-11-20 14:16:56,090 [om1-impl-thread1] INFO  server.RaftServerConfigKeys (ConfUtils.java:logGet(46)) - raft.server.log.statemachine.data.caching.enabled = false (default)
2023-11-20 14:16:56,094 [om1-impl-thread1] INFO  segmented.SegmentedRaftLogWorker (SegmentedRaftLogWorker.java:lambda$new$0(135)) - om1@group-C5BA1605619E-SegmentedRaftLogWorker: flushIndex: setUnconditionally 0 -> -1
2023-11-20 14:16:56,094 [om1-impl-thread1] INFO  segmented.SegmentedRaftLogWorker (SegmentedRaftLogWorker.java:lambda$new$0(135)) - om1@group-C5BA1605619E-SegmentedRaftLogWorker: safeCacheEvictIndex: setUnconditionally 0 -> -1
2023-11-20 14:16:56,095 [om1-impl-thread1] INFO  server.RaftServer$Division (RaftServerImpl.java:start(342)) - om1@group-C5BA1605619E: start as a follower, conf=-1: peers:[om1|rpc:localhost:15007|priority:0|startupRole:FOLLOWER]|listeners:[], old=null
2023-11-20 14:16:56,096 [om1-impl-thread1] INFO  server.RaftServer$Division (RaftServerImpl.java:setRole(329)) - om1@group-C5BA1605619E: changes role from      null to FOLLOWER at term 0 for startAsFollower
2023-11-20 14:16:56,097 [om1-impl-thread1] INFO  impl.RoleInfo (RoleInfo.java:updateAndGet(139)) - om1: start om1@group-C5BA1605619E-FollowerState
2023-11-20 14:16:56,097 [om1@group-C5BA1605619E-FollowerState] INFO  server.RaftServerConfigKeys (ConfUtils.java:logFallback(53)) - raft.server.rpc.first-election.timeout.min = 1s (fallback to raft.server.rpc.timeout.min)
2023-11-20 14:16:56,097 [om1@group-C5BA1605619E-FollowerState] INFO  server.RaftServerConfigKeys (ConfUtils.java:logFallback(53)) - raft.server.rpc.first-election.timeout.max = 1200ms (fallback to raft.server.rpc.timeout.max)
2023-11-20 14:16:56,098 [om1-impl-thread1] INFO  util.JmxRegister (JmxRegister.java:tryRegister(44)) - Successfully registered JMX Bean with object name Ratis:service=RaftServer,group=group-C5BA1605619E,id=om1
2023-11-20 14:16:56,099 [om1-impl-thread1] INFO  server.RaftServerConfigKeys (ConfUtils.java:logGet(46)) - raft.server.snapshot.auto.trigger.enabled = true (custom)
2023-11-20 14:16:56,100 [om1-impl-thread1] INFO  server.RaftServerConfigKeys (ConfUtils.java:logGet(46)) - raft.server.snapshot.auto.trigger.threshold = 400000 (default)
2023-11-20 14:16:56,100 [om1-impl-thread1] INFO  server.RaftServerConfigKeys (ConfUtils.java:logGet(46)) - raft.server.snapshot.retention.file.num = -1 (default)
2023-11-20 14:16:56,100 [om1-impl-thread1] INFO  server.RaftServerConfigKeys (ConfUtils.java:logGet(46)) - raft.server.log.purge.upto.snapshot.index = true (custom)
2023-11-20 14:16:56,103 [main] INFO  server.RaftServer (RaftServerProxy.java:startImpl(400)) - om1: start RPC server
2023-11-20 14:16:56,132 [main] INFO  server.GrpcService (GrpcService.java:startImpl(302)) - om1: GrpcService started, listening on 15007
2023-11-20 14:16:56,133 [main] INFO  om.OzoneManager (OzoneManager.java:start(1648)) - Version File has different layout version (6) than OM DB (null). That is expected if this OM has never been finalized to a newer layout version.
2023-11-20 14:16:56,136 [JvmPauseMonitor1] INFO  util.JvmPauseMonitor (JvmPauseMonitor.java:run(103)) - JvmPauseMonitor-om1: Started
2023-11-20 14:16:56,158 [main] INFO  http.BaseHttpServer (BaseHttpServer.java:newHttpServer2BuilderForOzone(223)) - Starting Web-server for ozoneManager at: http://0.0.0.0:15005
2023-11-20 14:16:56,159 [main] INFO  http.BaseHttpServer (BaseHttpServer.java:<init>(110)) - Hadoop Security Enabled: false Ozone Security Enabled: false Ozone HTTP Security Enabled: false 
2023-11-20 14:16:56,160 [main] WARN  server.AuthenticationFilter (AuthenticationFilter.java:constructSecretProvider(240)) - Unable to initialize FileSignerSecretProvider, falling back to use random secrets. Reason: Could not read signature secret file: /home/runner/hadoop-http-auth-signature-secret
2023-11-20 14:16:56,162 [main] INFO  http.HttpRequestLog (HttpRequestLog.java:getRequestLog(86)) - Http request log for http.requests.ozoneManager is not defined
2023-11-20 14:16:56,164 [main] INFO  http.HttpServer2 (HttpServer2.java:addGlobalFilter(1031)) - Added global filter 'safety' (class=org.apache.hadoop.hdds.server.http.HttpServer2$QuotingInputFilter)
2023-11-20 14:16:56,165 [main] INFO  http.HttpServer2 (HttpServer2.java:addFilter(1007)) - Added filter static_user_filter (class=org.apache.hadoop.http.lib.StaticUserWebFilter$StaticUserFilter) to context ozoneManager
2023-11-20 14:16:56,165 [main] INFO  http.HttpServer2 (HttpServer2.java:addFilter(1015)) - Added filter static_user_filter (class=org.apache.hadoop.http.lib.StaticUserWebFilter$StaticUserFilter) to context static
2023-11-20 14:16:56,165 [main] INFO  http.HttpServer2 (HttpServer2.java:addFilter(1015)) - Added filter static_user_filter (class=org.apache.hadoop.http.lib.StaticUserWebFilter$StaticUserFilter) to context logs
2023-11-20 14:16:56,166 [main] INFO  http.BaseHttpServer (BaseHttpServer.java:<init>(189)) - HTTP server of ozoneManager uses base directory /home/runner/work/ozone/ozone/hadoop-ozone/integration-test/target/test-dir/MiniOzoneClusterImpl-7293264f-739e-43f0-b608-0ff531f18758/ozone-meta/webserver
2023-11-20 14:16:56,169 [main] INFO  http.HttpServer2 (HttpServer2.java:bindListener(1231)) - Jetty bound to port 15005
2023-11-20 14:16:56,169 [main] INFO  server.Server (Server.java:doStart(375)) - jetty-9.4.53.v20231009; built: 2023-10-09T12:29:09.265Z; git: 27bde00a0b95a1d5bbee0eae7984f891d2d0f8c9; jvm 1.8.0_392-b08
2023-11-20 14:16:56,173 [main] INFO  server.session (DefaultSessionIdManager.java:doStart(334)) - DefaultSessionIdManager workerName=node0
2023-11-20 14:16:56,173 [main] INFO  server.session (DefaultSessionIdManager.java:doStart(339)) - No SessionScavenger set, using defaults
2023-11-20 14:16:56,173 [main] INFO  server.session (HouseKeeper.java:startScavenging(132)) - node0 Scavenging every 600000ms
2023-11-20 14:16:56,174 [main] INFO  handler.ContextHandler (ContextHandler.java:doStart(921)) - Started o.e.j.s.ServletContextHandler@5305e9cc{logs,/logs,file:///home/runner/work/ozone/ozone/hadoop-ozone/integration-test/target/log,AVAILABLE}
2023-11-20 14:16:56,174 [main] INFO  handler.ContextHandler (ContextHandler.java:doStart(921)) - Started o.e.j.s.ServletContextHandler@d6fc3bf{static,/static,file:///home/runner/work/ozone/ozone/hadoop-ozone/integration-test/target/test-classes/webapps/static,AVAILABLE}
2023-11-20 14:16:56,178 [main] INFO  handler.ContextHandler (ContextHandler.java:doStart(921)) - Started o.e.j.w.WebAppContext@80ee766{ozoneManager,/,file:///home/runner/work/ozone/ozone/hadoop-ozone/integration-test/target/test-classes/webapps/ozoneManager/,AVAILABLE}{file:/home/runner/work/ozone/ozone/hadoop-ozone/integration-test/target/test-classes/webapps/ozoneManager}
2023-11-20 14:16:56,180 [main] INFO  server.AbstractConnector (AbstractConnector.java:doStart(333)) - Started ServerConnector@5c3ca6cf{HTTP/1.1, (http/1.1)}{0.0.0.0:15005}
2023-11-20 14:16:56,180 [main] INFO  server.Server (Server.java:doStart(415)) - Started @5726ms
2023-11-20 14:16:56,181 [main] WARN  impl.MetricsSystemImpl (MetricsSystemImpl.java:register(279)) - Sink prometheus already exists!
2023-11-20 14:16:56,181 [main] INFO  http.BaseHttpServer (BaseHttpServer.java:updateConnectorAddress(354)) - HTTP server of ozoneManager listening at http://0.0.0.0:15005
2023-11-20 14:16:56,181 [IPC Server Responder] INFO  ipc.Server (Server.java:run(1562)) - IPC Server Responder: starting
2023-11-20 14:16:56,188 [IPC Server listener on 15004] INFO  ipc.Server (Server.java:run(1402)) - IPC Server listener on 15004: starting
2023-11-20 14:16:56,228 [main] INFO  om.TrashPolicyOzone (TrashPolicyOzone.java:<init>(283)) - Ozone Manager trash configuration: Deletion interval = 0 minutes, Emptier interval = 0 minutes.
2023-11-20 14:16:56,341 [main] INFO  db.CodecBuffer (CodecBuffer.java:set(62)) - Successfully set constructor to org.apache.hadoop.hdds.utils.db.CodecBuffer$$Lambda$807/2120887477@79016b60
2023-11-20 14:16:56,342 [main] WARN  impl.MetricRegistriesImpl (MetricRegistriesImpl.java:addReporterRegistration(111)) - New reporters are added after registries were created. Some metrics will be missing from the reporter. Please add reporter before adding any new registry.
2023-11-20 14:16:56,342 [main] WARN  impl.MetricRegistriesImpl (MetricRegistriesImpl.java:addReporterRegistration(111)) - New reporters are added after registries were created. Some metrics will be missing from the reporter. Please add reporter before adding any new registry.
2023-11-20 14:16:56,342 [main] INFO  impl.MetricsSystemImpl (MetricsSystemImpl.java:init(158)) - HddsDatanode metrics system started (again)
2023-11-20 14:16:56,361 [main] INFO  ozone.HddsDatanodeService (HddsDatanodeService.java:start(239)) - HddsDatanodeService host:fv-az1500-317.a2vfemv3ef5etcjjw3rviercvg.cx.internal.cloudapp.net ip:10.1.0.10
2023-11-20 14:16:56,413 [main] INFO  upgrade.AbstractLayoutVersionManager (AbstractLayoutVersionManager.java:init(83)) - Initializing Layout version manager with metadata layout = HADOOP_PRC_PORTS_IN_DATANODEDETAILS (version = 7), software layout = HADOOP_PRC_PORTS_IN_DATANODEDETAILS (version = 7)
2023-11-20 14:16:56,416 [main] INFO  statemachine.DatanodeStateMachine (DatanodeStateMachine.java:getEndPointTaskThreadPoolSize(299)) - Datanode State Machine Task Thread Pool size 2
2023-11-20 14:16:56,458 [main] INFO  volume.HddsVolume (HddsVolume.java:<init>(126)) - Creating HddsVolume: /home/runner/work/ozone/ozone/hadoop-ozone/integration-test/target/test-dir/MiniOzoneClusterImpl-7293264f-739e-43f0-b608-0ff531f18758/datanode-0/data-0/containers/hdds of storage type : DISK capacity : 9223372036854775807
2023-11-20 14:16:56,460 [main] INFO  volume.MutableVolumeSet (MutableVolumeSet.java:initializeVolumeSet(173)) - Added Volume : /home/runner/work/ozone/ozone/hadoop-ozone/integration-test/target/test-dir/MiniOzoneClusterImpl-7293264f-739e-43f0-b608-0ff531f18758/datanode-0/data-0/containers/hdds to VolumeSet
2023-11-20 14:16:56,463 [main] INFO  volume.MutableVolumeSet (MutableVolumeSet.java:initializeVolumeSet(173)) - Added Volume : /home/runner/work/ozone/ozone/hadoop-ozone/integration-test/target/test-dir/MiniOzoneClusterImpl-7293264f-739e-43f0-b608-0ff531f18758/datanode-0/data/ratis to VolumeSet
2023-11-20 14:16:56,466 [main] INFO  ozoneimpl.OzoneContainer (HddsVolumeUtil.java:loadAllHddsVolumeDbStore(103)) - Load 1 volumes DbStore cost: 0ms
2023-11-20 14:16:56,474 [e744cdee-db3a-4307-a129-877114b2ee40-ContainerReader-0] INFO  ozoneimpl.ContainerReader (ContainerReader.java:readVolume(177)) - Finish verifying containers on volume /home/runner/work/ozone/ozone/hadoop-ozone/integration-test/target/test-dir/MiniOzoneClusterImpl-7293264f-739e-43f0-b608-0ff531f18758/datanode-0/data-0/containers/hdds
2023-11-20 14:16:56,474 [main] INFO  ozoneimpl.OzoneContainer (OzoneContainer.java:buildContainerSet(326)) - Build ContainerSet costs 0s
2023-11-20 14:16:56,513 [main] INFO  audit.AuditLogger (AuditLogger.java:refreshDebugCmdSet(126)) - Refresh DebugCmdSet for DNAudit to [].
2023-11-20 14:16:56,532 [main] INFO  server.RaftServer (ConfUtils.java:logGet(46)) - raft.rpc.type = GRPC (default)
2023-11-20 14:16:56,532 [main] INFO  grpc.GrpcConfigKeys (ConfUtils.java:logFallback(53)) - raft.grpc.admin.host = null (fallback to raft.grpc.server.host)
2023-11-20 14:16:56,532 [main] INFO  grpc.GrpcConfigKeys (ConfUtils.java:logGet(46)) - raft.grpc.admin.port = 15013 (custom)
2023-11-20 14:16:56,532 [main] INFO  grpc.GrpcConfigKeys (ConfUtils.java:logFallback(53)) - raft.grpc.client.host = null (fallback to raft.grpc.server.host)
2023-11-20 14:16:56,533 [main] INFO  grpc.GrpcConfigKeys (ConfUtils.java:logGet(46)) - raft.grpc.client.port = 15012 (custom)
2023-11-20 14:16:56,533 [main] INFO  grpc.GrpcConfigKeys (ConfUtils.java:logGet(46)) - raft.grpc.server.host = null (default)
2023-11-20 14:16:56,533 [main] INFO  grpc.GrpcConfigKeys (ConfUtils.java:logGet(46)) - raft.grpc.server.port = 15014 (custom)
2023-11-20 14:16:56,533 [main] INFO  server.GrpcService (ConfUtils.java:logGet(46)) - raft.grpc.message.size.max = 32MB (=33554432) (custom)
2023-11-20 14:16:56,533 [main] INFO  server.RaftServerConfigKeys (ConfUtils.java:logGet(46)) - raft.server.log.appender.buffer.byte-limit = 33554432 (custom)
2023-11-20 14:16:56,533 [main] INFO  server.GrpcService (ConfUtils.java:logGet(46)) - raft.grpc.flow.control.window = 5MB (=5242880) (custom)
2023-11-20 14:16:56,533 [main] INFO  server.RaftServerConfigKeys (ConfUtils.java:logGet(46)) - raft.server.rpc.request.timeout = 60s (custom)
2023-11-20 14:16:56,534 [main] INFO  grpc.GrpcConfigKeys (ConfUtils.java:logGet(46)) - raft.grpc.server.heartbeat.channel = true (default)
2023-11-20 14:16:56,534 [main] INFO  grpc.GrpcConfigKeys (ConfUtils.java:logGet(46)) - raft.grpc.server.async.request.thread.pool.cached = true (default)
2023-11-20 14:16:56,534 [main] INFO  grpc.GrpcConfigKeys (ConfUtils.java:logGet(46)) - raft.grpc.server.async.request.thread.pool.size = 32 (default)
2023-11-20 14:16:56,536 [main] INFO  impl.DataStreamServerImpl (ConfUtils.java:logGet(46)) - raft.datastream.type = NETTY (custom)
2023-11-20 14:16:56,543 [main] INFO  server.RaftServerConfigKeys (ConfUtils.java:logGet(46)) - raft.server.data-stream.async.request.thread.pool.cached = false (default)
2023-11-20 14:16:56,543 [main] INFO  server.RaftServerConfigKeys (ConfUtils.java:logGet(46)) - raft.server.data-stream.async.request.thread.pool.size = 20 (custom)
2023-11-20 14:16:56,544 [main] INFO  server.RaftServerConfigKeys (ConfUtils.java:logGet(46)) - raft.server.data-stream.async.write.thread.pool.size = 16 (default)
2023-11-20 14:16:56,544 [main] INFO  server.RaftServerConfigKeys (ConfUtils.java:logGet(46)) - raft.server.data-stream.client.pool.size = 10 (default)
2023-11-20 14:16:56,546 [main] INFO  netty.NettyConfigKeys$DataStream (ConfUtils.java:logGet(46)) - raft.netty.dataStream.server.use-epoll = false (default)
2023-11-20 14:16:56,546 [main] INFO  netty.NettyConfigKeys$DataStream (ConfUtils.java:logGet(46)) - raft.netty.dataStream.server.boss-group.size = 0 (default)
2023-11-20 14:16:56,573 [main] INFO  netty.NettyConfigKeys$DataStream (ConfUtils.java:logGet(46)) - raft.netty.dataStream.server.worker-group.size = 0 (default)
2023-11-20 14:16:56,573 [main] INFO  netty.NettyConfigKeys$DataStream (ConfUtils.java:logGet(46)) - raft.netty.dataStream.server.tls.conf = null (default)
2023-11-20 14:16:56,574 [main] INFO  netty.NettyConfigKeys$DataStream (ConfUtils.java:logGet(46)) - raft.netty.dataStream.host = null (default)
2023-11-20 14:16:56,575 [main] INFO  netty.NettyConfigKeys$DataStream (ConfUtils.java:logGet(46)) - raft.netty.dataStream.port = 15015 (custom)
2023-11-20 14:16:56,581 [main] INFO  server.RaftServerConfigKeys (ConfUtils.java:logGet(46)) - raft.server.threadpool.proxy.cached = true (default)
2023-11-20 14:16:56,581 [main] INFO  server.RaftServerConfigKeys (ConfUtils.java:logGet(46)) - raft.server.threadpool.proxy.size = 0 (default)
2023-11-20 14:16:56,581 [main] INFO  server.RaftServerConfigKeys (ConfUtils.java:logGet(46)) - raft.server.rpc.slowness.timeout = 300s (custom)
2023-11-20 14:16:56,581 [main] INFO  server.RaftServerConfigKeys (ConfUtils.java:logGet(46)) - raft.server.leaderelection.leader.step-down.wait-time = 10s (default)
2023-11-20 14:16:56,582 [main] INFO  server.RaftServerConfigKeys (ConfUtils.java:logGet(46)) - raft.server.storage.dir = [/home/runner/work/ozone/ozone/hadoop-ozone/integration-test/target/test-dir/MiniOzoneClusterImpl-7293264f-739e-43f0-b608-0ff531f18758/datanode-0/data/ratis] (custom)
2023-11-20 14:16:56,582 [e744cdee-db3a-4307-a129-877114b2ee40-impl-thread1] INFO  server.RaftServer (RaftServerProxy.java:initGroupDir(258)) - e744cdee-db3a-4307-a129-877114b2ee40: found a subdirectory /home/runner/work/ozone/ozone/hadoop-ozone/integration-test/target/test-dir/MiniOzoneClusterImpl-7293264f-739e-43f0-b608-0ff531f18758/datanode-0/data/ratis/tmp
2023-11-20 14:16:56,583 [e744cdee-db3a-4307-a129-877114b2ee40-impl-thread1] INFO  server.RaftServer (RaftServerProxy.java:initGroupDir(263)) - e744cdee-db3a-4307-a129-877114b2ee40: The directory /home/runner/work/ozone/ozone/hadoop-ozone/integration-test/target/test-dir/MiniOzoneClusterImpl-7293264f-739e-43f0-b608-0ff531f18758/datanode-0/data/ratis/tmp is not a group directory; ignoring it. 
2023-11-20 14:16:56,586 [main] INFO  replication.ReplicationServer (ReplicationServer.java:<init>(85)) - Initializing replication server with thread count = 10 queue length = 4096
2023-11-20 14:16:56,591 [e744cdee-db3a-4307-a129-877114b2ee40-NettyServerStreamRpc-bossGroup--thread1] INFO  logging.LoggingHandler (AbstractInternalLogger.java:log(148)) - [id: 0xd52a6b46] REGISTERED
2023-11-20 14:16:56,591 [e744cdee-db3a-4307-a129-877114b2ee40-NettyServerStreamRpc-bossGroup--thread1] INFO  logging.LoggingHandler (AbstractInternalLogger.java:log(148)) - [id: 0xd52a6b46] BIND: 0.0.0.0/0.0.0.0:15015
2023-11-20 14:16:56,592 [e744cdee-db3a-4307-a129-877114b2ee40-NettyServerStreamRpc-bossGroup--thread1] INFO  logging.LoggingHandler (AbstractInternalLogger.java:log(148)) - [id: 0xd52a6b46, L:/0:0:0:0:0:0:0:0:15015] ACTIVE
2023-11-20 14:16:56,600 [main] INFO  server.XceiverServerGrpc (XceiverServerGrpc.java:<init>(135)) - GrpcServer channel type EpollServerSocketChannel
2023-11-20 14:16:56,625 [main] INFO  replication.ReplicationSupervisor (ReplicationSupervisor.java:build(163)) - Initializing replication supervisor with thread count = 10
2023-11-20 14:16:56,625 [main] INFO  replication.ReplicationSupervisor (ReplicationSupervisor.java:nodeStateUpdated(317)) - Node state updated to IN_SERVICE, scaling executor pool size to 10
2023-11-20 14:16:56,680 [main] INFO  http.BaseHttpServer (BaseHttpServer.java:newHttpServer2BuilderForOzone(223)) - Starting Web-server for hddsDatanode at: http://0.0.0.0:15009
2023-11-20 14:16:56,681 [main] INFO  http.BaseHttpServer (BaseHttpServer.java:<init>(110)) - Hadoop Security Enabled: false Ozone Security Enabled: false Ozone HTTP Security Enabled: false 
2023-11-20 14:16:56,682 [main] WARN  server.AuthenticationFilter (AuthenticationFilter.java:constructSecretProvider(240)) - Unable to initialize FileSignerSecretProvider, falling back to use random secrets. Reason: Could not read signature secret file: /home/runner/hadoop-http-auth-signature-secret
2023-11-20 14:16:56,683 [main] INFO  http.HttpRequestLog (HttpRequestLog.java:getRequestLog(86)) - Http request log for http.requests.hddsDatanode is not defined
2023-11-20 14:16:56,684 [main] INFO  http.HttpServer2 (HttpServer2.java:addGlobalFilter(1031)) - Added global filter 'safety' (class=org.apache.hadoop.hdds.server.http.HttpServer2$QuotingInputFilter)
2023-11-20 14:16:56,685 [main] INFO  http.HttpServer2 (HttpServer2.java:addFilter(1007)) - Added filter static_user_filter (class=org.apache.hadoop.http.lib.StaticUserWebFilter$StaticUserFilter) to context hddsDatanode
2023-11-20 14:16:56,685 [main] INFO  http.HttpServer2 (HttpServer2.java:addFilter(1015)) - Added filter static_user_filter (class=org.apache.hadoop.http.lib.StaticUserWebFilter$StaticUserFilter) to context static
2023-11-20 14:16:56,686 [main] INFO  http.HttpServer2 (HttpServer2.java:addFilter(1015)) - Added filter static_user_filter (class=org.apache.hadoop.http.lib.StaticUserWebFilter$StaticUserFilter) to context logs
2023-11-20 14:16:56,687 [main] INFO  http.BaseHttpServer (BaseHttpServer.java:<init>(189)) - HTTP server of hddsDatanode uses base directory /home/runner/work/ozone/ozone/hadoop-ozone/integration-test/target/test-dir/MiniOzoneClusterImpl-7293264f-739e-43f0-b608-0ff531f18758/datanode-0/meta/webserver
2023-11-20 14:16:56,687 [main] INFO  http.HttpServer2 (HttpServer2.java:bindListener(1231)) - Jetty bound to port 15009
2023-11-20 14:16:56,687 [main] INFO  server.Server (Server.java:doStart(375)) - jetty-9.4.53.v20231009; built: 2023-10-09T12:29:09.265Z; git: 27bde00a0b95a1d5bbee0eae7984f891d2d0f8c9; jvm 1.8.0_392-b08
2023-11-20 14:16:56,691 [main] INFO  server.session (DefaultSessionIdManager.java:doStart(334)) - DefaultSessionIdManager workerName=node0
2023-11-20 14:16:56,691 [main] INFO  server.session (DefaultSessionIdManager.java:doStart(339)) - No SessionScavenger set, using defaults
2023-11-20 14:16:56,691 [main] INFO  server.session (HouseKeeper.java:startScavenging(132)) - node0 Scavenging every 600000ms
2023-11-20 14:16:56,692 [main] INFO  handler.ContextHandler (ContextHandler.java:doStart(921)) - Started o.e.j.s.ServletContextHandler@2d7df0d0{logs,/logs,file:///home/runner/work/ozone/ozone/hadoop-ozone/integration-test/target/log,AVAILABLE}
2023-11-20 14:16:56,692 [main] INFO  handler.ContextHandler (ContextHandler.java:doStart(921)) - Started o.e.j.s.ServletContextHandler@7d527572{static,/static,jar:file:/home/runner/.m2/repository/org/apache/ozone/hdds-container-service/1.4.0-SNAPSHOT/hdds-container-service-1.4.0-SNAPSHOT.jar!/webapps/static,AVAILABLE}
2023-11-20 14:16:56,739 [main] INFO  handler.ContextHandler (ContextHandler.java:doStart(921)) - Started o.e.j.w.WebAppContext@68b11d5c{hddsDatanode,/,file:///home/runner/work/ozone/ozone/hadoop-ozone/integration-test/target/test-dir/MiniOzoneClusterImpl-7293264f-739e-43f0-b608-0ff531f18758/datanode-0/meta/webserver/jetty-0_0_0_0-15009-hdds-container-service-1_4_0-SNAPSHOT_jar-_-any-5290237731474693839/webapp/,AVAILABLE}{jar:file:/home/runner/.m2/repository/org/apache/ozone/hdds-container-service/1.4.0-SNAPSHOT/hdds-container-service-1.4.0-SNAPSHOT.jar!/webapps/hddsDatanode}
2023-11-20 14:16:56,741 [main] INFO  server.AbstractConnector (AbstractConnector.java:doStart(333)) - Started ServerConnector@4f2642de{HTTP/1.1, (http/1.1)}{0.0.0.0:15009}
2023-11-20 14:16:56,741 [main] INFO  server.Server (Server.java:doStart(415)) - Started @6287ms
2023-11-20 14:16:56,741 [main] WARN  impl.MetricsSystemImpl (MetricsSystemImpl.java:register(279)) - Sink prometheus already exists!
2023-11-20 14:16:56,741 [main] INFO  http.BaseHttpServer (BaseHttpServer.java:updateConnectorAddress(354)) - HTTP server of hddsDatanode listening at http://0.0.0.0:15009
2023-11-20 14:16:56,743 [main] INFO  ipc.CallQueueManager (CallQueueManager.java:<init>(90)) - Using callQueue: class java.util.concurrent.LinkedBlockingQueue, queueCapacity: 100, scheduler: class org.apache.hadoop.ipc.DefaultRpcScheduler, ipcBackoff: false.
2023-11-20 14:16:56,744 [main] INFO  ipc.Server (Server.java:<init>(1287)) - Listener at 0.0.0.0:15010
2023-11-20 14:16:56,748 [Socket Reader #1 for port 15010] INFO  ipc.Server (Server.java:run(1323)) - Starting Socket Reader #1 for port 15010
2023-11-20 14:16:56,753 [main] INFO  ozone.HddsDatanodeService (HddsDatanodeService.java:start(324)) - Datanode start with admins: [runner]
2023-11-20 14:16:56,753 [main] INFO  ozone.HddsDatanodeClientProtocolServer (HddsDatanodeClientProtocolServer.java:start(72)) - RPC server for Client /0.0.0.0:15010
2023-11-20 14:16:56,753 [IPC Server Responder] INFO  ipc.Server (Server.java:run(1562)) - IPC Server Responder: starting
2023-11-20 14:16:56,753 [IPC Server listener on 15010] INFO  ipc.Server (Server.java:run(1402)) - IPC Server listener on 15010: starting
2023-11-20 14:16:56,762 [main] WARN  impl.MetricRegistriesImpl (MetricRegistriesImpl.java:addReporterRegistration(111)) - New reporters are added after registries were created. Some metrics will be missing from the reporter. Please add reporter before adding any new registry.
2023-11-20 14:16:56,762 [main] WARN  impl.MetricRegistriesImpl (MetricRegistriesImpl.java:addReporterRegistration(111)) - New reporters are added after registries were created. Some metrics will be missing from the reporter. Please add reporter before adding any new registry.
2023-11-20 14:16:56,762 [main] INFO  impl.MetricsSystemImpl (MetricsSystemImpl.java:init(158)) - HddsDatanode metrics system started (again)
2023-11-20 14:16:56,762 [e744cdee-db3a-4307-a129-877114b2ee40-DatanodeStateMachineDaemonThread] INFO  statemachine.DatanodeStateMachine (DatanodeStateMachine.java:lambda$startDaemon$1(555)) - Ozone container server started.
2023-11-20 14:16:56,774 [main] INFO  ozone.HddsDatanodeService (HddsDatanodeService.java:start(239)) - HddsDatanodeService host:fv-az1500-317.a2vfemv3ef5etcjjw3rviercvg.cx.internal.cloudapp.net ip:10.1.0.10
2023-11-20 14:16:56,792 [main] INFO  upgrade.AbstractLayoutVersionManager (AbstractLayoutVersionManager.java:init(83)) - Initializing Layout version manager with metadata layout = HADOOP_PRC_PORTS_IN_DATANODEDETAILS (version = 7), software layout = HADOOP_PRC_PORTS_IN_DATANODEDETAILS (version = 7)
2023-11-20 14:16:56,793 [main] INFO  statemachine.DatanodeStateMachine (DatanodeStateMachine.java:getEndPointTaskThreadPoolSize(299)) - Datanode State Machine Task Thread Pool size 2
2023-11-20 14:16:56,799 [main] INFO  volume.HddsVolume (HddsVolume.java:<init>(126)) - Creating HddsVolume: /home/runner/work/ozone/ozone/hadoop-ozone/integration-test/target/test-dir/MiniOzoneClusterImpl-7293264f-739e-43f0-b608-0ff531f18758/datanode-1/data-0/containers/hdds of storage type : DISK capacity : 9223372036854775807
2023-11-20 14:16:56,799 [main] INFO  volume.MutableVolumeSet (MutableVolumeSet.java:initializeVolumeSet(173)) - Added Volume : /home/runner/work/ozone/ozone/hadoop-ozone/integration-test/target/test-dir/MiniOzoneClusterImpl-7293264f-739e-43f0-b608-0ff531f18758/datanode-1/data-0/containers/hdds to VolumeSet
2023-11-20 14:16:56,801 [main] INFO  volume.MutableVolumeSet (MutableVolumeSet.java:initializeVolumeSet(173)) - Added Volume : /home/runner/work/ozone/ozone/hadoop-ozone/integration-test/target/test-dir/MiniOzoneClusterImpl-7293264f-739e-43f0-b608-0ff531f18758/datanode-1/data/ratis to VolumeSet
2023-11-20 14:16:56,802 [main] INFO  ozoneimpl.OzoneContainer (HddsVolumeUtil.java:loadAllHddsVolumeDbStore(103)) - Load 1 volumes DbStore cost: 0ms
2023-11-20 14:16:56,802 [617fee10-5999-41fc-ba89-05e5beaae1db-ContainerReader-0] INFO  ozoneimpl.ContainerReader (ContainerReader.java:readVolume(177)) - Finish verifying containers on volume /home/runner/work/ozone/ozone/hadoop-ozone/integration-test/target/test-dir/MiniOzoneClusterImpl-7293264f-739e-43f0-b608-0ff531f18758/datanode-1/data-0/containers/hdds
2023-11-20 14:16:56,803 [main] INFO  ozoneimpl.OzoneContainer (OzoneContainer.java:buildContainerSet(326)) - Build ContainerSet costs 0s
2023-11-20 14:16:56,806 [main] INFO  server.RaftServer (ConfUtils.java:logGet(46)) - raft.rpc.type = GRPC (default)
2023-11-20 14:16:56,806 [main] INFO  grpc.GrpcConfigKeys (ConfUtils.java:logFallback(53)) - raft.grpc.admin.host = null (fallback to raft.grpc.server.host)
2023-11-20 14:16:56,807 [main] INFO  grpc.GrpcConfigKeys (ConfUtils.java:logGet(46)) - raft.grpc.admin.port = 15022 (custom)
2023-11-20 14:16:56,807 [main] INFO  grpc.GrpcConfigKeys (ConfUtils.java:logFallback(53)) - raft.grpc.client.host = null (fallback to raft.grpc.server.host)
2023-11-20 14:16:56,807 [main] INFO  grpc.GrpcConfigKeys (ConfUtils.java:logGet(46)) - raft.grpc.client.port = 15021 (custom)
2023-11-20 14:16:56,807 [main] INFO  grpc.GrpcConfigKeys (ConfUtils.java:logGet(46)) - raft.grpc.server.host = null (default)
2023-11-20 14:16:56,807 [main] INFO  grpc.GrpcConfigKeys (ConfUtils.java:logGet(46)) - raft.grpc.server.port = 15023 (custom)
2023-11-20 14:16:56,807 [main] INFO  server.GrpcService (ConfUtils.java:logGet(46)) - raft.grpc.message.size.max = 32MB (=33554432) (custom)
2023-11-20 14:16:56,807 [main] INFO  server.RaftServerConfigKeys (ConfUtils.java:logGet(46)) - raft.server.log.appender.buffer.byte-limit = 33554432 (custom)
2023-11-20 14:16:56,807 [main] INFO  server.GrpcService (ConfUtils.java:logGet(46)) - raft.grpc.flow.control.window = 5MB (=5242880) (custom)
2023-11-20 14:16:56,808 [main] INFO  server.RaftServerConfigKeys (ConfUtils.java:logGet(46)) - raft.server.rpc.request.timeout = 60s (custom)
2023-11-20 14:16:56,808 [main] INFO  grpc.GrpcConfigKeys (ConfUtils.java:logGet(46)) - raft.grpc.server.heartbeat.channel = true (default)
2023-11-20 14:16:56,808 [main] INFO  grpc.GrpcConfigKeys (ConfUtils.java:logGet(46)) - raft.grpc.server.async.request.thread.pool.cached = true (default)
2023-11-20 14:16:56,808 [main] INFO  grpc.GrpcConfigKeys (ConfUtils.java:logGet(46)) - raft.grpc.server.async.request.thread.pool.size = 32 (default)
2023-11-20 14:16:56,810 [main] INFO  impl.DataStreamServerImpl (ConfUtils.java:logGet(46)) - raft.datastream.type = NETTY (custom)
2023-11-20 14:16:56,810 [main] INFO  server.RaftServerConfigKeys (ConfUtils.java:logGet(46)) - raft.server.data-stream.async.request.thread.pool.cached = false (default)
2023-11-20 14:16:56,810 [main] INFO  server.RaftServerConfigKeys (ConfUtils.java:logGet(46)) - raft.server.data-stream.async.request.thread.pool.size = 20 (custom)
2023-11-20 14:16:56,810 [main] INFO  server.RaftServerConfigKeys (ConfUtils.java:logGet(46)) - raft.server.data-stream.async.write.thread.pool.size = 16 (default)
2023-11-20 14:16:56,811 [main] INFO  server.RaftServerConfigKeys (ConfUtils.java:logGet(46)) - raft.server.data-stream.client.pool.size = 10 (default)
2023-11-20 14:16:56,811 [main] INFO  netty.NettyConfigKeys$DataStream (ConfUtils.java:logGet(46)) - raft.netty.dataStream.server.use-epoll = false (default)
2023-11-20 14:16:56,811 [main] INFO  netty.NettyConfigKeys$DataStream (ConfUtils.java:logGet(46)) - raft.netty.dataStream.server.boss-group.size = 0 (default)
2023-11-20 14:16:56,811 [main] INFO  netty.NettyConfigKeys$DataStream (ConfUtils.java:logGet(46)) - raft.netty.dataStream.server.worker-group.size = 0 (default)
2023-11-20 14:16:56,812 [main] INFO  netty.NettyConfigKeys$DataStream (ConfUtils.java:logGet(46)) - raft.netty.dataStream.server.tls.conf = null (default)
2023-11-20 14:16:56,812 [main] INFO  netty.NettyConfigKeys$DataStream (ConfUtils.java:logGet(46)) - raft.netty.dataStream.host = null (default)
2023-11-20 14:16:56,812 [main] INFO  netty.NettyConfigKeys$DataStream (ConfUtils.java:logGet(46)) - raft.netty.dataStream.port = 15024 (custom)
2023-11-20 14:16:56,816 [main] INFO  server.RaftServerConfigKeys (ConfUtils.java:logGet(46)) - raft.server.threadpool.proxy.cached = true (default)
2023-11-20 14:16:56,816 [main] INFO  server.RaftServerConfigKeys (ConfUtils.java:logGet(46)) - raft.server.threadpool.proxy.size = 0 (default)
2023-11-20 14:16:56,816 [main] INFO  server.RaftServerConfigKeys (ConfUtils.java:logGet(46)) - raft.server.rpc.slowness.timeout = 300s (custom)
2023-11-20 14:16:56,817 [main] INFO  server.RaftServerConfigKeys (ConfUtils.java:logGet(46)) - raft.server.leaderelection.leader.step-down.wait-time = 10s (default)
2023-11-20 14:16:56,817 [main] INFO  server.RaftServerConfigKeys (ConfUtils.java:logGet(46)) - raft.server.storage.dir = [/home/runner/work/ozone/ozone/hadoop-ozone/integration-test/target/test-dir/MiniOzoneClusterImpl-7293264f-739e-43f0-b608-0ff531f18758/datanode-1/data/ratis] (custom)
2023-11-20 14:16:56,817 [617fee10-5999-41fc-ba89-05e5beaae1db-impl-thread1] INFO  server.RaftServer (RaftServerProxy.java:initGroupDir(258)) - 617fee10-5999-41fc-ba89-05e5beaae1db: found a subdirectory /home/runner/work/ozone/ozone/hadoop-ozone/integration-test/target/test-dir/MiniOzoneClusterImpl-7293264f-739e-43f0-b608-0ff531f18758/datanode-1/data/ratis/tmp
2023-11-20 14:16:56,817 [617fee10-5999-41fc-ba89-05e5beaae1db-impl-thread1] INFO  server.RaftServer (RaftServerProxy.java:initGroupDir(263)) - 617fee10-5999-41fc-ba89-05e5beaae1db: The directory /home/runner/work/ozone/ozone/hadoop-ozone/integration-test/target/test-dir/MiniOzoneClusterImpl-7293264f-739e-43f0-b608-0ff531f18758/datanode-1/data/ratis/tmp is not a group directory; ignoring it. 
2023-11-20 14:16:56,817 [main] INFO  replication.ReplicationServer (ReplicationServer.java:<init>(85)) - Initializing replication server with thread count = 10 queue length = 4096
2023-11-20 14:16:56,818 [main] INFO  server.XceiverServerGrpc (XceiverServerGrpc.java:<init>(135)) - GrpcServer channel type EpollServerSocketChannel
2023-11-20 14:16:56,821 [main] INFO  replication.ReplicationSupervisor (ReplicationSupervisor.java:build(163)) - Initializing replication supervisor with thread count = 10
2023-11-20 14:16:56,821 [main] INFO  replication.ReplicationSupervisor (ReplicationSupervisor.java:nodeStateUpdated(317)) - Node state updated to IN_SERVICE, scaling executor pool size to 10
2023-11-20 14:16:56,823 [main] INFO  http.BaseHttpServer (BaseHttpServer.java:newHttpServer2BuilderForOzone(223)) - Starting Web-server for hddsDatanode at: http://0.0.0.0:15018
2023-11-20 14:16:56,824 [main] INFO  http.BaseHttpServer (BaseHttpServer.java:<init>(110)) - Hadoop Security Enabled: false Ozone Security Enabled: false Ozone HTTP Security Enabled: false 
2023-11-20 14:16:56,825 [main] WARN  server.AuthenticationFilter (AuthenticationFilter.java:constructSecretProvider(240)) - Unable to initialize FileSignerSecretProvider, falling back to use random secrets. Reason: Could not read signature secret file: /home/runner/hadoop-http-auth-signature-secret
2023-11-20 14:16:56,829 [main] INFO  http.HttpRequestLog (HttpRequestLog.java:getRequestLog(86)) - Http request log for http.requests.hddsDatanode is not defined
2023-11-20 14:16:56,830 [617fee10-5999-41fc-ba89-05e5beaae1db-NettyServerStreamRpc-bossGroup--thread1] INFO  logging.LoggingHandler (AbstractInternalLogger.java:log(148)) - [id: 0xcc338690] REGISTERED
2023-11-20 14:16:56,831 [617fee10-5999-41fc-ba89-05e5beaae1db-NettyServerStreamRpc-bossGroup--thread1] INFO  logging.LoggingHandler (AbstractInternalLogger.java:log(148)) - [id: 0xcc338690] BIND: 0.0.0.0/0.0.0.0:15024
2023-11-20 14:16:56,831 [617fee10-5999-41fc-ba89-05e5beaae1db-NettyServerStreamRpc-bossGroup--thread1] INFO  logging.LoggingHandler (AbstractInternalLogger.java:log(148)) - [id: 0xcc338690, L:/0:0:0:0:0:0:0:0:15024] ACTIVE
2023-11-20 14:16:56,833 [main] INFO  http.HttpServer2 (HttpServer2.java:addGlobalFilter(1031)) - Added global filter 'safety' (class=org.apache.hadoop.hdds.server.http.HttpServer2$QuotingInputFilter)
2023-11-20 14:16:56,834 [main] INFO  http.HttpServer2 (HttpServer2.java:addFilter(1007)) - Added filter static_user_filter (class=org.apache.hadoop.http.lib.StaticUserWebFilter$StaticUserFilter) to context hddsDatanode
2023-11-20 14:16:56,834 [main] INFO  http.HttpServer2 (HttpServer2.java:addFilter(1015)) - Added filter static_user_filter (class=org.apache.hadoop.http.lib.StaticUserWebFilter$StaticUserFilter) to context static
2023-11-20 14:16:56,834 [main] INFO  http.HttpServer2 (HttpServer2.java:addFilter(1015)) - Added filter static_user_filter (class=org.apache.hadoop.http.lib.StaticUserWebFilter$StaticUserFilter) to context logs
2023-11-20 14:16:56,835 [main] INFO  http.BaseHttpServer (BaseHttpServer.java:<init>(189)) - HTTP server of hddsDatanode uses base directory /home/runner/work/ozone/ozone/hadoop-ozone/integration-test/target/test-dir/MiniOzoneClusterImpl-7293264f-739e-43f0-b608-0ff531f18758/datanode-1/meta/webserver
2023-11-20 14:16:56,835 [main] INFO  http.HttpServer2 (HttpServer2.java:bindListener(1231)) - Jetty bound to port 15018
2023-11-20 14:16:56,836 [main] INFO  server.Server (Server.java:doStart(375)) - jetty-9.4.53.v20231009; built: 2023-10-09T12:29:09.265Z; git: 27bde00a0b95a1d5bbee0eae7984f891d2d0f8c9; jvm 1.8.0_392-b08
2023-11-20 14:16:56,837 [main] INFO  server.session (DefaultSessionIdManager.java:doStart(334)) - DefaultSessionIdManager workerName=node0
2023-11-20 14:16:56,837 [main] INFO  server.session (DefaultSessionIdManager.java:doStart(339)) - No SessionScavenger set, using defaults
2023-11-20 14:16:56,838 [main] INFO  server.session (HouseKeeper.java:startScavenging(132)) - node0 Scavenging every 660000ms
2023-11-20 14:16:56,839 [main] INFO  handler.ContextHandler (ContextHandler.java:doStart(921)) - Started o.e.j.s.ServletContextHandler@561d8d03{logs,/logs,file:///home/runner/work/ozone/ozone/hadoop-ozone/integration-test/target/log,AVAILABLE}
2023-11-20 14:16:56,839 [main] INFO  handler.ContextHandler (ContextHandler.java:doStart(921)) - Started o.e.j.s.ServletContextHandler@362381b4{static,/static,jar:file:/home/runner/.m2/repository/org/apache/ozone/hdds-container-service/1.4.0-SNAPSHOT/hdds-container-service-1.4.0-SNAPSHOT.jar!/webapps/static,AVAILABLE}
2023-11-20 14:16:56,859 [e744cdee-db3a-4307-a129-877114b2ee40-DatanodeStateMachineTaskThread-0] INFO  datanode.InitDatanodeState (InitDatanodeState.java:persistContainerDatanodeDetails(139)) - DatanodeDetails is persisted to /home/runner/work/ozone/ozone/hadoop-ozone/integration-test/target/test-dir/MiniOzoneClusterImpl-7293264f-739e-43f0-b608-0ff531f18758/datanode-0/meta/datanode.id
2023-11-20 14:16:56,883 [main] INFO  handler.ContextHandler (ContextHandler.java:doStart(921)) - Started o.e.j.w.WebAppContext@40beeda{hddsDatanode,/,file:///home/runner/work/ozone/ozone/hadoop-ozone/integration-test/target/test-dir/MiniOzoneClusterImpl-7293264f-739e-43f0-b608-0ff531f18758/datanode-1/meta/webserver/jetty-0_0_0_0-15018-hdds-container-service-1_4_0-SNAPSHOT_jar-_-any-3752485378870311090/webapp/,AVAILABLE}{jar:file:/home/runner/.m2/repository/org/apache/ozone/hdds-container-service/1.4.0-SNAPSHOT/hdds-container-service-1.4.0-SNAPSHOT.jar!/webapps/hddsDatanode}
2023-11-20 14:16:56,884 [main] INFO  server.AbstractConnector (AbstractConnector.java:doStart(333)) - Started ServerConnector@127a77db{HTTP/1.1, (http/1.1)}{0.0.0.0:15018}
2023-11-20 14:16:56,884 [main] INFO  server.Server (Server.java:doStart(415)) - Started @6430ms
2023-11-20 14:16:56,884 [main] WARN  impl.MetricsSystemImpl (MetricsSystemImpl.java:register(279)) - Sink prometheus already exists!
2023-11-20 14:16:56,885 [main] INFO  http.BaseHttpServer (BaseHttpServer.java:updateConnectorAddress(354)) - HTTP server of hddsDatanode listening at http://0.0.0.0:15018
2023-11-20 14:16:56,885 [main] INFO  ipc.CallQueueManager (CallQueueManager.java:<init>(90)) - Using callQueue: class java.util.concurrent.LinkedBlockingQueue, queueCapacity: 100, scheduler: class org.apache.hadoop.ipc.DefaultRpcScheduler, ipcBackoff: false.
2023-11-20 14:16:56,885 [main] INFO  ipc.Server (Server.java:<init>(1287)) - Listener at 0.0.0.0:15019
2023-11-20 14:16:56,886 [Socket Reader #1 for port 15019] INFO  ipc.Server (Server.java:run(1323)) - Starting Socket Reader #1 for port 15019
2023-11-20 14:16:56,888 [main] INFO  ozone.HddsDatanodeService (HddsDatanodeService.java:start(324)) - Datanode start with admins: [runner]
2023-11-20 14:16:56,888 [main] INFO  ozone.HddsDatanodeClientProtocolServer (HddsDatanodeClientProtocolServer.java:start(72)) - RPC server for Client /0.0.0.0:15019
2023-11-20 14:16:56,888 [IPC Server Responder] INFO  ipc.Server (Server.java:run(1562)) - IPC Server Responder: starting
2023-11-20 14:16:56,889 [IPC Server listener on 15019] INFO  ipc.Server (Server.java:run(1402)) - IPC Server listener on 15019: starting
2023-11-20 14:16:56,889 [617fee10-5999-41fc-ba89-05e5beaae1db-DatanodeStateMachineDaemonThread] INFO  statemachine.DatanodeStateMachine (DatanodeStateMachine.java:lambda$startDaemon$1(555)) - Ozone container server started.
2023-11-20 14:16:56,890 [main] WARN  impl.MetricRegistriesImpl (MetricRegistriesImpl.java:addReporterRegistration(111)) - New reporters are added after registries were created. Some metrics will be missing from the reporter. Please add reporter before adding any new registry.
2023-11-20 14:16:56,890 [main] WARN  impl.MetricRegistriesImpl (MetricRegistriesImpl.java:addReporterRegistration(111)) - New reporters are added after registries were created. Some metrics will be missing from the reporter. Please add reporter before adding any new registry.
2023-11-20 14:16:56,890 [main] INFO  impl.MetricsSystemImpl (MetricsSystemImpl.java:init(158)) - HddsDatanode metrics system started (again)
2023-11-20 14:16:56,896 [617fee10-5999-41fc-ba89-05e5beaae1db-DatanodeStateMachineTaskThread-0] INFO  datanode.InitDatanodeState (InitDatanodeState.java:persistContainerDatanodeDetails(139)) - DatanodeDetails is persisted to /home/runner/work/ozone/ozone/hadoop-ozone/integration-test/target/test-dir/MiniOzoneClusterImpl-7293264f-739e-43f0-b608-0ff531f18758/datanode-1/meta/datanode.id
2023-11-20 14:16:56,902 [main] INFO  ozone.HddsDatanodeService (HddsDatanodeService.java:start(239)) - HddsDatanodeService host:fv-az1500-317.a2vfemv3ef5etcjjw3rviercvg.cx.internal.cloudapp.net ip:10.1.0.10
2023-11-20 14:16:56,917 [main] INFO  upgrade.AbstractLayoutVersionManager (AbstractLayoutVersionManager.java:init(83)) - Initializing Layout version manager with metadata layout = HADOOP_PRC_PORTS_IN_DATANODEDETAILS (version = 7), software layout = HADOOP_PRC_PORTS_IN_DATANODEDETAILS (version = 7)
2023-11-20 14:16:56,918 [main] INFO  statemachine.DatanodeStateMachine (DatanodeStateMachine.java:getEndPointTaskThreadPoolSize(299)) - Datanode State Machine Task Thread Pool size 2
2023-11-20 14:16:56,921 [main] INFO  volume.HddsVolume (HddsVolume.java:<init>(126)) - Creating HddsVolume: /home/runner/work/ozone/ozone/hadoop-ozone/integration-test/target/test-dir/MiniOzoneClusterImpl-7293264f-739e-43f0-b608-0ff531f18758/datanode-2/data-0/containers/hdds of storage type : DISK capacity : 9223372036854775807
2023-11-20 14:16:56,921 [main] INFO  volume.MutableVolumeSet (MutableVolumeSet.java:initializeVolumeSet(173)) - Added Volume : /home/runner/work/ozone/ozone/hadoop-ozone/integration-test/target/test-dir/MiniOzoneClusterImpl-7293264f-739e-43f0-b608-0ff531f18758/datanode-2/data-0/containers/hdds to VolumeSet
2023-11-20 14:16:56,922 [main] INFO  volume.MutableVolumeSet (MutableVolumeSet.java:initializeVolumeSet(173)) - Added Volume : /home/runner/work/ozone/ozone/hadoop-ozone/integration-test/target/test-dir/MiniOzoneClusterImpl-7293264f-739e-43f0-b608-0ff531f18758/datanode-2/data/ratis to VolumeSet
2023-11-20 14:16:56,923 [main] INFO  ozoneimpl.OzoneContainer (HddsVolumeUtil.java:loadAllHddsVolumeDbStore(103)) - Load 1 volumes DbStore cost: 0ms
2023-11-20 14:16:56,923 [c950ed05-5bc7-49cd-b60c-e9631522e919-ContainerReader-0] INFO  ozoneimpl.ContainerReader (ContainerReader.java:readVolume(177)) - Finish verifying containers on volume /home/runner/work/ozone/ozone/hadoop-ozone/integration-test/target/test-dir/MiniOzoneClusterImpl-7293264f-739e-43f0-b608-0ff531f18758/datanode-2/data-0/containers/hdds
2023-11-20 14:16:56,923 [main] INFO  ozoneimpl.OzoneContainer (OzoneContainer.java:buildContainerSet(326)) - Build ContainerSet costs 0s
2023-11-20 14:16:56,927 [main] INFO  server.RaftServer (ConfUtils.java:logGet(46)) - raft.rpc.type = GRPC (default)
2023-11-20 14:16:56,927 [main] INFO  grpc.GrpcConfigKeys (ConfUtils.java:logFallback(53)) - raft.grpc.admin.host = null (fallback to raft.grpc.server.host)
2023-11-20 14:16:56,927 [main] INFO  grpc.GrpcConfigKeys (ConfUtils.java:logGet(46)) - raft.grpc.admin.port = 15031 (custom)
2023-11-20 14:16:56,927 [main] INFO  grpc.GrpcConfigKeys (ConfUtils.java:logFallback(53)) - raft.grpc.client.host = null (fallback to raft.grpc.server.host)
2023-11-20 14:16:56,927 [main] INFO  grpc.GrpcConfigKeys (ConfUtils.java:logGet(46)) - raft.grpc.client.port = 15030 (custom)
2023-11-20 14:16:56,927 [main] INFO  grpc.GrpcConfigKeys (ConfUtils.java:logGet(46)) - raft.grpc.server.host = null (default)
2023-11-20 14:16:56,927 [main] INFO  grpc.GrpcConfigKeys (ConfUtils.java:logGet(46)) - raft.grpc.server.port = 15032 (custom)
2023-11-20 14:16:56,928 [main] INFO  server.GrpcService (ConfUtils.java:logGet(46)) - raft.grpc.message.size.max = 32MB (=33554432) (custom)
2023-11-20 14:16:56,928 [main] INFO  server.RaftServerConfigKeys (ConfUtils.java:logGet(46)) - raft.server.log.appender.buffer.byte-limit = 33554432 (custom)
2023-11-20 14:16:56,928 [main] INFO  server.GrpcService (ConfUtils.java:logGet(46)) - raft.grpc.flow.control.window = 5MB (=5242880) (custom)
2023-11-20 14:16:56,928 [main] INFO  server.RaftServerConfigKeys (ConfUtils.java:logGet(46)) - raft.server.rpc.request.timeout = 60s (custom)
2023-11-20 14:16:56,928 [main] INFO  grpc.GrpcConfigKeys (ConfUtils.java:logGet(46)) - raft.grpc.server.heartbeat.channel = true (default)
2023-11-20 14:16:56,928 [main] INFO  grpc.GrpcConfigKeys (ConfUtils.java:logGet(46)) - raft.grpc.server.async.request.thread.pool.cached = true (default)
2023-11-20 14:16:56,928 [main] INFO  grpc.GrpcConfigKeys (ConfUtils.java:logGet(46)) - raft.grpc.server.async.request.thread.pool.size = 32 (default)
2023-11-20 14:16:56,930 [main] INFO  impl.DataStreamServerImpl (ConfUtils.java:logGet(46)) - raft.datastream.type = NETTY (custom)
2023-11-20 14:16:56,930 [main] INFO  server.RaftServerConfigKeys (ConfUtils.java:logGet(46)) - raft.server.data-stream.async.request.thread.pool.cached = false (default)
2023-11-20 14:16:56,931 [main] INFO  server.RaftServerConfigKeys (ConfUtils.java:logGet(46)) - raft.server.data-stream.async.request.thread.pool.size = 20 (custom)
2023-11-20 14:16:56,931 [main] INFO  server.RaftServerConfigKeys (ConfUtils.java:logGet(46)) - raft.server.data-stream.async.write.thread.pool.size = 16 (default)
2023-11-20 14:16:56,931 [main] INFO  server.RaftServerConfigKeys (ConfUtils.java:logGet(46)) - raft.server.data-stream.client.pool.size = 10 (default)
2023-11-20 14:16:56,931 [main] INFO  netty.NettyConfigKeys$DataStream (ConfUtils.java:logGet(46)) - raft.netty.dataStream.server.use-epoll = false (default)
2023-11-20 14:16:56,931 [main] INFO  netty.NettyConfigKeys$DataStream (ConfUtils.java:logGet(46)) - raft.netty.dataStream.server.boss-group.size = 0 (default)
2023-11-20 14:16:56,931 [main] INFO  netty.NettyConfigKeys$DataStream (ConfUtils.java:logGet(46)) - raft.netty.dataStream.server.worker-group.size = 0 (default)
2023-11-20 14:16:56,932 [main] INFO  netty.NettyConfigKeys$DataStream (ConfUtils.java:logGet(46)) - raft.netty.dataStream.server.tls.conf = null (default)
2023-11-20 14:16:56,932 [main] INFO  netty.NettyConfigKeys$DataStream (ConfUtils.java:logGet(46)) - raft.netty.dataStream.host = null (default)
2023-11-20 14:16:56,932 [main] INFO  netty.NettyConfigKeys$DataStream (ConfUtils.java:logGet(46)) - raft.netty.dataStream.port = 15033 (custom)
2023-11-20 14:16:56,932 [main] INFO  server.RaftServerConfigKeys (ConfUtils.java:logGet(46)) - raft.server.threadpool.proxy.cached = true (default)
2023-11-20 14:16:56,933 [main] INFO  server.RaftServerConfigKeys (ConfUtils.java:logGet(46)) - raft.server.threadpool.proxy.size = 0 (default)
2023-11-20 14:16:56,933 [main] INFO  server.RaftServerConfigKeys (ConfUtils.java:logGet(46)) - raft.server.rpc.slowness.timeout = 300s (custom)
2023-11-20 14:16:56,933 [c950ed05-5bc7-49cd-b60c-e9631522e919-NettyServerStreamRpc-bossGroup--thread1] INFO  logging.LoggingHandler (AbstractInternalLogger.java:log(148)) - [id: 0x7aa826cd] REGISTERED
2023-11-20 14:16:56,933 [main] INFO  server.RaftServerConfigKeys (ConfUtils.java:logGet(46)) - raft.server.leaderelection.leader.step-down.wait-time = 10s (default)
2023-11-20 14:16:56,933 [c950ed05-5bc7-49cd-b60c-e9631522e919-NettyServerStreamRpc-bossGroup--thread1] INFO  logging.LoggingHandler (AbstractInternalLogger.java:log(148)) - [id: 0x7aa826cd] BIND: 0.0.0.0/0.0.0.0:15033
2023-11-20 14:16:56,933 [main] INFO  server.RaftServerConfigKeys (ConfUtils.java:logGet(46)) - raft.server.storage.dir = [/home/runner/work/ozone/ozone/hadoop-ozone/integration-test/target/test-dir/MiniOzoneClusterImpl-7293264f-739e-43f0-b608-0ff531f18758/datanode-2/data/ratis] (custom)
2023-11-20 14:16:56,934 [c950ed05-5bc7-49cd-b60c-e9631522e919-NettyServerStreamRpc-bossGroup--thread1] INFO  logging.LoggingHandler (AbstractInternalLogger.java:log(148)) - [id: 0x7aa826cd, L:/0:0:0:0:0:0:0:0:15033] ACTIVE
2023-11-20 14:16:56,934 [c950ed05-5bc7-49cd-b60c-e9631522e919-impl-thread1] INFO  server.RaftServer (RaftServerProxy.java:initGroupDir(258)) - c950ed05-5bc7-49cd-b60c-e9631522e919: found a subdirectory /home/runner/work/ozone/ozone/hadoop-ozone/integration-test/target/test-dir/MiniOzoneClusterImpl-7293264f-739e-43f0-b608-0ff531f18758/datanode-2/data/ratis/tmp
2023-11-20 14:16:56,934 [c950ed05-5bc7-49cd-b60c-e9631522e919-impl-thread1] INFO  server.RaftServer (RaftServerProxy.java:initGroupDir(263)) - c950ed05-5bc7-49cd-b60c-e9631522e919: The directory /home/runner/work/ozone/ozone/hadoop-ozone/integration-test/target/test-dir/MiniOzoneClusterImpl-7293264f-739e-43f0-b608-0ff531f18758/datanode-2/data/ratis/tmp is not a group directory; ignoring it. 
2023-11-20 14:16:56,934 [main] INFO  replication.ReplicationServer (ReplicationServer.java:<init>(85)) - Initializing replication server with thread count = 10 queue length = 4096
2023-11-20 14:16:56,935 [main] INFO  server.XceiverServerGrpc (XceiverServerGrpc.java:<init>(135)) - GrpcServer channel type EpollServerSocketChannel
2023-11-20 14:16:56,937 [main] INFO  replication.ReplicationSupervisor (ReplicationSupervisor.java:build(163)) - Initializing replication supervisor with thread count = 10
2023-11-20 14:16:56,937 [main] INFO  replication.ReplicationSupervisor (ReplicationSupervisor.java:nodeStateUpdated(317)) - Node state updated to IN_SERVICE, scaling executor pool size to 10
2023-11-20 14:16:56,940 [main] INFO  http.BaseHttpServer (BaseHttpServer.java:newHttpServer2BuilderForOzone(223)) - Starting Web-server for hddsDatanode at: http://0.0.0.0:15027
2023-11-20 14:16:56,940 [main] INFO  http.BaseHttpServer (BaseHttpServer.java:<init>(110)) - Hadoop Security Enabled: false Ozone Security Enabled: false Ozone HTTP Security Enabled: false 
2023-11-20 14:16:56,941 [main] WARN  server.AuthenticationFilter (AuthenticationFilter.java:constructSecretProvider(240)) - Unable to initialize FileSignerSecretProvider, falling back to use random secrets. Reason: Could not read signature secret file: /home/runner/hadoop-http-auth-signature-secret
2023-11-20 14:16:56,941 [main] INFO  http.HttpRequestLog (HttpRequestLog.java:getRequestLog(86)) - Http request log for http.requests.hddsDatanode is not defined
2023-11-20 14:16:56,942 [main] INFO  http.HttpServer2 (HttpServer2.java:addGlobalFilter(1031)) - Added global filter 'safety' (class=org.apache.hadoop.hdds.server.http.HttpServer2$QuotingInputFilter)
2023-11-20 14:16:56,943 [main] INFO  http.HttpServer2 (HttpServer2.java:addFilter(1007)) - Added filter static_user_filter (class=org.apache.hadoop.http.lib.StaticUserWebFilter$StaticUserFilter) to context hddsDatanode
2023-11-20 14:16:56,943 [main] INFO  http.HttpServer2 (HttpServer2.java:addFilter(1015)) - Added filter static_user_filter (class=org.apache.hadoop.http.lib.StaticUserWebFilter$StaticUserFilter) to context static
2023-11-20 14:16:56,943 [main] INFO  http.HttpServer2 (HttpServer2.java:addFilter(1015)) - Added filter static_user_filter (class=org.apache.hadoop.http.lib.StaticUserWebFilter$StaticUserFilter) to context logs
2023-11-20 14:16:56,944 [main] INFO  http.BaseHttpServer (BaseHttpServer.java:<init>(189)) - HTTP server of hddsDatanode uses base directory /home/runner/work/ozone/ozone/hadoop-ozone/integration-test/target/test-dir/MiniOzoneClusterImpl-7293264f-739e-43f0-b608-0ff531f18758/datanode-2/meta/webserver
2023-11-20 14:16:56,944 [main] INFO  http.HttpServer2 (HttpServer2.java:bindListener(1231)) - Jetty bound to port 15027
2023-11-20 14:16:56,944 [main] INFO  server.Server (Server.java:doStart(375)) - jetty-9.4.53.v20231009; built: 2023-10-09T12:29:09.265Z; git: 27bde00a0b95a1d5bbee0eae7984f891d2d0f8c9; jvm 1.8.0_392-b08
2023-11-20 14:16:56,946 [main] INFO  server.session (DefaultSessionIdManager.java:doStart(334)) - DefaultSessionIdManager workerName=node0
2023-11-20 14:16:56,946 [main] INFO  server.session (DefaultSessionIdManager.java:doStart(339)) - No SessionScavenger set, using defaults
2023-11-20 14:16:56,946 [main] INFO  server.session (HouseKeeper.java:startScavenging(132)) - node0 Scavenging every 660000ms
2023-11-20 14:16:56,947 [main] INFO  handler.ContextHandler (ContextHandler.java:doStart(921)) - Started o.e.j.s.ServletContextHandler@4ac4bf1{logs,/logs,file:///home/runner/work/ozone/ozone/hadoop-ozone/integration-test/target/log,AVAILABLE}
2023-11-20 14:16:56,947 [main] INFO  handler.ContextHandler (ContextHandler.java:doStart(921)) - Started o.e.j.s.ServletContextHandler@5f4bb622{static,/static,jar:file:/home/runner/.m2/repository/org/apache/ozone/hdds-container-service/1.4.0-SNAPSHOT/hdds-container-service-1.4.0-SNAPSHOT.jar!/webapps/static,AVAILABLE}
2023-11-20 14:16:56,981 [main] INFO  handler.ContextHandler (ContextHandler.java:doStart(921)) - Started o.e.j.w.WebAppContext@3709549a{hddsDatanode,/,file:///home/runner/work/ozone/ozone/hadoop-ozone/integration-test/target/test-dir/MiniOzoneClusterImpl-7293264f-739e-43f0-b608-0ff531f18758/datanode-2/meta/webserver/jetty-0_0_0_0-15027-hdds-container-service-1_4_0-SNAPSHOT_jar-_-any-1505281226007801254/webapp/,AVAILABLE}{jar:file:/home/runner/.m2/repository/org/apache/ozone/hdds-container-service/1.4.0-SNAPSHOT/hdds-container-service-1.4.0-SNAPSHOT.jar!/webapps/hddsDatanode}
2023-11-20 14:16:56,982 [main] INFO  server.AbstractConnector (AbstractConnector.java:doStart(333)) - Started ServerConnector@638b60e5{HTTP/1.1, (http/1.1)}{0.0.0.0:15027}
2023-11-20 14:16:56,982 [main] INFO  server.Server (Server.java:doStart(415)) - Started @6528ms
2023-11-20 14:16:56,982 [main] WARN  impl.MetricsSystemImpl (MetricsSystemImpl.java:register(279)) - Sink prometheus already exists!
2023-11-20 14:16:56,982 [main] INFO  http.BaseHttpServer (BaseHttpServer.java:updateConnectorAddress(354)) - HTTP server of hddsDatanode listening at http://0.0.0.0:15027
2023-11-20 14:16:56,983 [main] INFO  ipc.CallQueueManager (CallQueueManager.java:<init>(90)) - Using callQueue: class java.util.concurrent.LinkedBlockingQueue, queueCapacity: 100, scheduler: class org.apache.hadoop.ipc.DefaultRpcScheduler, ipcBackoff: false.
2023-11-20 14:16:56,983 [main] INFO  ipc.Server (Server.java:<init>(1287)) - Listener at 0.0.0.0:15028
2023-11-20 14:16:56,983 [Socket Reader #1 for port 15028] INFO  ipc.Server (Server.java:run(1323)) - Starting Socket Reader #1 for port 15028
2023-11-20 14:16:56,986 [main] INFO  ozone.HddsDatanodeService (HddsDatanodeService.java:start(324)) - Datanode start with admins: [runner]
2023-11-20 14:16:56,986 [main] INFO  ozone.HddsDatanodeClientProtocolServer (HddsDatanodeClientProtocolServer.java:start(72)) - RPC server for Client /0.0.0.0:15028
2023-11-20 14:16:56,986 [IPC Server Responder] INFO  ipc.Server (Server.java:run(1562)) - IPC Server Responder: starting
2023-11-20 14:16:56,986 [IPC Server listener on 15028] INFO  ipc.Server (Server.java:run(1402)) - IPC Server listener on 15028: starting
2023-11-20 14:16:56,987 [c950ed05-5bc7-49cd-b60c-e9631522e919-DatanodeStateMachineDaemonThread] INFO  statemachine.DatanodeStateMachine (DatanodeStateMachine.java:lambda$startDaemon$1(555)) - Ozone container server started.
2023-11-20 14:16:56,987 [main] WARN  impl.MetricRegistriesImpl (MetricRegistriesImpl.java:addReporterRegistration(111)) - New reporters are added after registries were created. Some metrics will be missing from the reporter. Please add reporter before adding any new registry.
2023-11-20 14:16:56,988 [main] WARN  impl.MetricRegistriesImpl (MetricRegistriesImpl.java:addReporterRegistration(111)) - New reporters are added after registries were created. Some metrics will be missing from the reporter. Please add reporter before adding any new registry.
2023-11-20 14:16:56,988 [main] INFO  impl.MetricsSystemImpl (MetricsSystemImpl.java:init(158)) - HddsDatanode metrics system started (again)
2023-11-20 14:16:56,993 [c950ed05-5bc7-49cd-b60c-e9631522e919-DatanodeStateMachineTaskThread-0] INFO  datanode.InitDatanodeState (InitDatanodeState.java:persistContainerDatanodeDetails(139)) - DatanodeDetails is persisted to /home/runner/work/ozone/ozone/hadoop-ozone/integration-test/target/test-dir/MiniOzoneClusterImpl-7293264f-739e-43f0-b608-0ff531f18758/datanode-2/meta/datanode.id
2023-11-20 14:16:56,998 [main] INFO  ozone.HddsDatanodeService (HddsDatanodeService.java:start(239)) - HddsDatanodeService host:fv-az1500-317.a2vfemv3ef5etcjjw3rviercvg.cx.internal.cloudapp.net ip:10.1.0.10
2023-11-20 14:16:57,011 [main] INFO  upgrade.AbstractLayoutVersionManager (AbstractLayoutVersionManager.java:init(83)) - Initializing Layout version manager with metadata layout = HADOOP_PRC_PORTS_IN_DATANODEDETAILS (version = 7), software layout = HADOOP_PRC_PORTS_IN_DATANODEDETAILS (version = 7)
2023-11-20 14:16:57,012 [main] INFO  statemachine.DatanodeStateMachine (DatanodeStateMachine.java:getEndPointTaskThreadPoolSize(299)) - Datanode State Machine Task Thread Pool size 2
2023-11-20 14:16:57,013 [main] INFO  volume.HddsVolume (HddsVolume.java:<init>(126)) - Creating HddsVolume: /home/runner/work/ozone/ozone/hadoop-ozone/integration-test/target/test-dir/MiniOzoneClusterImpl-7293264f-739e-43f0-b608-0ff531f18758/datanode-3/data-0/containers/hdds of storage type : DISK capacity : 9223372036854775807
2023-11-20 14:16:57,014 [main] INFO  volume.MutableVolumeSet (MutableVolumeSet.java:initializeVolumeSet(173)) - Added Volume : /home/runner/work/ozone/ozone/hadoop-ozone/integration-test/target/test-dir/MiniOzoneClusterImpl-7293264f-739e-43f0-b608-0ff531f18758/datanode-3/data-0/containers/hdds to VolumeSet
2023-11-20 14:16:57,014 [main] INFO  volume.MutableVolumeSet (MutableVolumeSet.java:initializeVolumeSet(173)) - Added Volume : /home/runner/work/ozone/ozone/hadoop-ozone/integration-test/target/test-dir/MiniOzoneClusterImpl-7293264f-739e-43f0-b608-0ff531f18758/datanode-3/data/ratis to VolumeSet
2023-11-20 14:16:57,015 [main] INFO  ozoneimpl.OzoneContainer (HddsVolumeUtil.java:loadAllHddsVolumeDbStore(103)) - Load 1 volumes DbStore cost: 0ms
2023-11-20 14:16:57,015 [e3a4102d-65f7-48f2-aab6-9dba3586f78e-ContainerReader-0] INFO  ozoneimpl.ContainerReader (ContainerReader.java:readVolume(177)) - Finish verifying containers on volume /home/runner/work/ozone/ozone/hadoop-ozone/integration-test/target/test-dir/MiniOzoneClusterImpl-7293264f-739e-43f0-b608-0ff531f18758/datanode-3/data-0/containers/hdds
2023-11-20 14:16:57,015 [main] INFO  ozoneimpl.OzoneContainer (OzoneContainer.java:buildContainerSet(326)) - Build ContainerSet costs 0s
2023-11-20 14:16:57,018 [main] INFO  server.RaftServer (ConfUtils.java:logGet(46)) - raft.rpc.type = GRPC (default)
2023-11-20 14:16:57,018 [main] INFO  grpc.GrpcConfigKeys (ConfUtils.java:logFallback(53)) - raft.grpc.admin.host = null (fallback to raft.grpc.server.host)
2023-11-20 14:16:57,018 [main] INFO  grpc.GrpcConfigKeys (ConfUtils.java:logGet(46)) - raft.grpc.admin.port = 15040 (custom)
2023-11-20 14:16:57,018 [main] INFO  grpc.GrpcConfigKeys (ConfUtils.java:logFallback(53)) - raft.grpc.client.host = null (fallback to raft.grpc.server.host)
2023-11-20 14:16:57,019 [main] INFO  grpc.GrpcConfigKeys (ConfUtils.java:logGet(46)) - raft.grpc.client.port = 15039 (custom)
2023-11-20 14:16:57,019 [main] INFO  grpc.GrpcConfigKeys (ConfUtils.java:logGet(46)) - raft.grpc.server.host = null (default)
2023-11-20 14:16:57,019 [main] INFO  grpc.GrpcConfigKeys (ConfUtils.java:logGet(46)) - raft.grpc.server.port = 15041 (custom)
2023-11-20 14:16:57,019 [main] INFO  server.GrpcService (ConfUtils.java:logGet(46)) - raft.grpc.message.size.max = 32MB (=33554432) (custom)
2023-11-20 14:16:57,019 [main] INFO  server.RaftServerConfigKeys (ConfUtils.java:logGet(46)) - raft.server.log.appender.buffer.byte-limit = 33554432 (custom)
2023-11-20 14:16:57,019 [main] INFO  server.GrpcService (ConfUtils.java:logGet(46)) - raft.grpc.flow.control.window = 5MB (=5242880) (custom)
2023-11-20 14:16:57,019 [main] INFO  server.RaftServerConfigKeys (ConfUtils.java:logGet(46)) - raft.server.rpc.request.timeout = 60s (custom)
2023-11-20 14:16:57,019 [main] INFO  grpc.GrpcConfigKeys (ConfUtils.java:logGet(46)) - raft.grpc.server.heartbeat.channel = true (default)
2023-11-20 14:16:57,019 [main] INFO  grpc.GrpcConfigKeys (ConfUtils.java:logGet(46)) - raft.grpc.server.async.request.thread.pool.cached = true (default)
2023-11-20 14:16:57,020 [main] INFO  grpc.GrpcConfigKeys (ConfUtils.java:logGet(46)) - raft.grpc.server.async.request.thread.pool.size = 32 (default)
2023-11-20 14:16:57,021 [main] INFO  impl.DataStreamServerImpl (ConfUtils.java:logGet(46)) - raft.datastream.type = NETTY (custom)
2023-11-20 14:16:57,022 [main] INFO  server.RaftServerConfigKeys (ConfUtils.java:logGet(46)) - raft.server.data-stream.async.request.thread.pool.cached = false (default)
2023-11-20 14:16:57,022 [main] INFO  server.RaftServerConfigKeys (ConfUtils.java:logGet(46)) - raft.server.data-stream.async.request.thread.pool.size = 20 (custom)
2023-11-20 14:16:57,022 [main] INFO  server.RaftServerConfigKeys (ConfUtils.java:logGet(46)) - raft.server.data-stream.async.write.thread.pool.size = 16 (default)
2023-11-20 14:16:57,022 [main] INFO  server.RaftServerConfigKeys (ConfUtils.java:logGet(46)) - raft.server.data-stream.client.pool.size = 10 (default)
2023-11-20 14:16:57,022 [main] INFO  netty.NettyConfigKeys$DataStream (ConfUtils.java:logGet(46)) - raft.netty.dataStream.server.use-epoll = false (default)
2023-11-20 14:16:57,022 [main] INFO  netty.NettyConfigKeys$DataStream (ConfUtils.java:logGet(46)) - raft.netty.dataStream.server.boss-group.size = 0 (default)
2023-11-20 14:16:57,023 [main] INFO  netty.NettyConfigKeys$DataStream (ConfUtils.java:logGet(46)) - raft.netty.dataStream.server.worker-group.size = 0 (default)
2023-11-20 14:16:57,023 [main] INFO  netty.NettyConfigKeys$DataStream (ConfUtils.java:logGet(46)) - raft.netty.dataStream.server.tls.conf = null (default)
2023-11-20 14:16:57,023 [main] INFO  netty.NettyConfigKeys$DataStream (ConfUtils.java:logGet(46)) - raft.netty.dataStream.host = null (default)
2023-11-20 14:16:57,024 [main] INFO  netty.NettyConfigKeys$DataStream (ConfUtils.java:logGet(46)) - raft.netty.dataStream.port = 15042 (custom)
2023-11-20 14:16:57,024 [main] INFO  server.RaftServerConfigKeys (ConfUtils.java:logGet(46)) - raft.server.threadpool.proxy.cached = true (default)
2023-11-20 14:16:57,025 [main] INFO  server.RaftServerConfigKeys (ConfUtils.java:logGet(46)) - raft.server.threadpool.proxy.size = 0 (default)
2023-11-20 14:16:57,025 [main] INFO  server.RaftServerConfigKeys (ConfUtils.java:logGet(46)) - raft.server.rpc.slowness.timeout = 300s (custom)
2023-11-20 14:16:57,025 [e3a4102d-65f7-48f2-aab6-9dba3586f78e-NettyServerStreamRpc-bossGroup--thread1] INFO  logging.LoggingHandler (AbstractInternalLogger.java:log(148)) - [id: 0x96a6cdce] REGISTERED
2023-11-20 14:16:57,025 [main] INFO  server.RaftServerConfigKeys (ConfUtils.java:logGet(46)) - raft.server.leaderelection.leader.step-down.wait-time = 10s (default)
2023-11-20 14:16:57,026 [e3a4102d-65f7-48f2-aab6-9dba3586f78e-NettyServerStreamRpc-bossGroup--thread1] INFO  logging.LoggingHandler (AbstractInternalLogger.java:log(148)) - [id: 0x96a6cdce] BIND: 0.0.0.0/0.0.0.0:15042
2023-11-20 14:16:57,026 [main] INFO  server.RaftServerConfigKeys (ConfUtils.java:logGet(46)) - raft.server.storage.dir = [/home/runner/work/ozone/ozone/hadoop-ozone/integration-test/target/test-dir/MiniOzoneClusterImpl-7293264f-739e-43f0-b608-0ff531f18758/datanode-3/data/ratis] (custom)
2023-11-20 14:16:57,026 [e3a4102d-65f7-48f2-aab6-9dba3586f78e-NettyServerStreamRpc-bossGroup--thread1] INFO  logging.LoggingHandler (AbstractInternalLogger.java:log(148)) - [id: 0x96a6cdce, L:/0:0:0:0:0:0:0:0:15042] ACTIVE
2023-11-20 14:16:57,026 [e3a4102d-65f7-48f2-aab6-9dba3586f78e-impl-thread1] INFO  server.RaftServer (RaftServerProxy.java:initGroupDir(258)) - e3a4102d-65f7-48f2-aab6-9dba3586f78e: found a subdirectory /home/runner/work/ozone/ozone/hadoop-ozone/integration-test/target/test-dir/MiniOzoneClusterImpl-7293264f-739e-43f0-b608-0ff531f18758/datanode-3/data/ratis/tmp
2023-11-20 14:16:57,026 [e3a4102d-65f7-48f2-aab6-9dba3586f78e-impl-thread1] INFO  server.RaftServer (RaftServerProxy.java:initGroupDir(263)) - e3a4102d-65f7-48f2-aab6-9dba3586f78e: The directory /home/runner/work/ozone/ozone/hadoop-ozone/integration-test/target/test-dir/MiniOzoneClusterImpl-7293264f-739e-43f0-b608-0ff531f18758/datanode-3/data/ratis/tmp is not a group directory; ignoring it. 
2023-11-20 14:16:57,026 [main] INFO  replication.ReplicationServer (ReplicationServer.java:<init>(85)) - Initializing replication server with thread count = 10 queue length = 4096
2023-11-20 14:16:57,027 [main] INFO  server.XceiverServerGrpc (XceiverServerGrpc.java:<init>(135)) - GrpcServer channel type EpollServerSocketChannel
2023-11-20 14:16:57,029 [main] INFO  replication.ReplicationSupervisor (ReplicationSupervisor.java:build(163)) - Initializing replication supervisor with thread count = 10
2023-11-20 14:16:57,029 [main] INFO  replication.ReplicationSupervisor (ReplicationSupervisor.java:nodeStateUpdated(317)) - Node state updated to IN_SERVICE, scaling executor pool size to 10
2023-11-20 14:16:57,031 [main] INFO  http.BaseHttpServer (BaseHttpServer.java:newHttpServer2BuilderForOzone(223)) - Starting Web-server for hddsDatanode at: http://0.0.0.0:15036
2023-11-20 14:16:57,031 [main] INFO  http.BaseHttpServer (BaseHttpServer.java:<init>(110)) - Hadoop Security Enabled: false Ozone Security Enabled: false Ozone HTTP Security Enabled: false 
2023-11-20 14:16:57,032 [main] WARN  server.AuthenticationFilter (AuthenticationFilter.java:constructSecretProvider(240)) - Unable to initialize FileSignerSecretProvider, falling back to use random secrets. Reason: Could not read signature secret file: /home/runner/hadoop-http-auth-signature-secret
2023-11-20 14:16:57,033 [main] INFO  http.HttpRequestLog (HttpRequestLog.java:getRequestLog(86)) - Http request log for http.requests.hddsDatanode is not defined
2023-11-20 14:16:57,034 [main] INFO  http.HttpServer2 (HttpServer2.java:addGlobalFilter(1031)) - Added global filter 'safety' (class=org.apache.hadoop.hdds.server.http.HttpServer2$QuotingInputFilter)
2023-11-20 14:16:57,034 [main] INFO  http.HttpServer2 (HttpServer2.java:addFilter(1007)) - Added filter static_user_filter (class=org.apache.hadoop.http.lib.StaticUserWebFilter$StaticUserFilter) to context hddsDatanode
2023-11-20 14:16:57,034 [main] INFO  http.HttpServer2 (HttpServer2.java:addFilter(1015)) - Added filter static_user_filter (class=org.apache.hadoop.http.lib.StaticUserWebFilter$StaticUserFilter) to context logs
2023-11-20 14:16:57,034 [main] INFO  http.HttpServer2 (HttpServer2.java:addFilter(1015)) - Added filter static_user_filter (class=org.apache.hadoop.http.lib.StaticUserWebFilter$StaticUserFilter) to context static
2023-11-20 14:16:57,035 [main] INFO  http.BaseHttpServer (BaseHttpServer.java:<init>(189)) - HTTP server of hddsDatanode uses base directory /home/runner/work/ozone/ozone/hadoop-ozone/integration-test/target/test-dir/MiniOzoneClusterImpl-7293264f-739e-43f0-b608-0ff531f18758/datanode-3/meta/webserver
2023-11-20 14:16:57,035 [main] INFO  http.HttpServer2 (HttpServer2.java:bindListener(1231)) - Jetty bound to port 15036
2023-11-20 14:16:57,035 [main] INFO  server.Server (Server.java:doStart(375)) - jetty-9.4.53.v20231009; built: 2023-10-09T12:29:09.265Z; git: 27bde00a0b95a1d5bbee0eae7984f891d2d0f8c9; jvm 1.8.0_392-b08
2023-11-20 14:16:57,036 [main] INFO  server.session (DefaultSessionIdManager.java:doStart(334)) - DefaultSessionIdManager workerName=node0
2023-11-20 14:16:57,037 [main] INFO  server.session (DefaultSessionIdManager.java:doStart(339)) - No SessionScavenger set, using defaults
2023-11-20 14:16:57,037 [main] INFO  server.session (HouseKeeper.java:startScavenging(132)) - node0 Scavenging every 600000ms
2023-11-20 14:16:57,037 [main] INFO  handler.ContextHandler (ContextHandler.java:doStart(921)) - Started o.e.j.s.ServletContextHandler@3c7ddb2d{logs,/logs,file:///home/runner/work/ozone/ozone/hadoop-ozone/integration-test/target/log,AVAILABLE}
2023-11-20 14:16:57,038 [main] INFO  handler.ContextHandler (ContextHandler.java:doStart(921)) - Started o.e.j.s.ServletContextHandler@4830dbe5{static,/static,jar:file:/home/runner/.m2/repository/org/apache/ozone/hdds-container-service/1.4.0-SNAPSHOT/hdds-container-service-1.4.0-SNAPSHOT.jar!/webapps/static,AVAILABLE}
2023-11-20 14:16:57,072 [main] INFO  handler.ContextHandler (ContextHandler.java:doStart(921)) - Started o.e.j.w.WebAppContext@5c81bb16{hddsDatanode,/,file:///home/runner/work/ozone/ozone/hadoop-ozone/integration-test/target/test-dir/MiniOzoneClusterImpl-7293264f-739e-43f0-b608-0ff531f18758/datanode-3/meta/webserver/jetty-0_0_0_0-15036-hdds-container-service-1_4_0-SNAPSHOT_jar-_-any-1357112454746806690/webapp/,AVAILABLE}{jar:file:/home/runner/.m2/repository/org/apache/ozone/hdds-container-service/1.4.0-SNAPSHOT/hdds-container-service-1.4.0-SNAPSHOT.jar!/webapps/hddsDatanode}
2023-11-20 14:16:57,073 [main] INFO  server.AbstractConnector (AbstractConnector.java:doStart(333)) - Started ServerConnector@6ff81b13{HTTP/1.1, (http/1.1)}{0.0.0.0:15036}
2023-11-20 14:16:57,073 [main] INFO  server.Server (Server.java:doStart(415)) - Started @6619ms
2023-11-20 14:16:57,073 [main] WARN  impl.MetricsSystemImpl (MetricsSystemImpl.java:register(279)) - Sink prometheus already exists!
2023-11-20 14:16:57,073 [main] INFO  http.BaseHttpServer (BaseHttpServer.java:updateConnectorAddress(354)) - HTTP server of hddsDatanode listening at http://0.0.0.0:15036
2023-11-20 14:16:57,074 [main] INFO  ipc.CallQueueManager (CallQueueManager.java:<init>(90)) - Using callQueue: class java.util.concurrent.LinkedBlockingQueue, queueCapacity: 100, scheduler: class org.apache.hadoop.ipc.DefaultRpcScheduler, ipcBackoff: false.
2023-11-20 14:16:57,074 [main] INFO  ipc.Server (Server.java:<init>(1287)) - Listener at 0.0.0.0:15037
2023-11-20 14:16:57,074 [Socket Reader #1 for port 15037] INFO  ipc.Server (Server.java:run(1323)) - Starting Socket Reader #1 for port 15037
2023-11-20 14:16:57,076 [main] INFO  ozone.HddsDatanodeService (HddsDatanodeService.java:start(324)) - Datanode start with admins: [runner]
2023-11-20 14:16:57,076 [main] INFO  ozone.HddsDatanodeClientProtocolServer (HddsDatanodeClientProtocolServer.java:start(72)) - RPC server for Client /0.0.0.0:15037
2023-11-20 14:16:57,076 [IPC Server Responder] INFO  ipc.Server (Server.java:run(1562)) - IPC Server Responder: starting
2023-11-20 14:16:57,076 [IPC Server listener on 15037] INFO  ipc.Server (Server.java:run(1402)) - IPC Server listener on 15037: starting
2023-11-20 14:16:57,077 [e3a4102d-65f7-48f2-aab6-9dba3586f78e-DatanodeStateMachineDaemonThread] INFO  statemachine.DatanodeStateMachine (DatanodeStateMachine.java:lambda$startDaemon$1(555)) - Ozone container server started.
2023-11-20 14:16:57,077 [main] WARN  impl.MetricRegistriesImpl (MetricRegistriesImpl.java:addReporterRegistration(111)) - New reporters are added after registries were created. Some metrics will be missing from the reporter. Please add reporter before adding any new registry.
2023-11-20 14:16:57,078 [main] WARN  impl.MetricRegistriesImpl (MetricRegistriesImpl.java:addReporterRegistration(111)) - New reporters are added after registries were created. Some metrics will be missing from the reporter. Please add reporter before adding any new registry.
2023-11-20 14:16:57,078 [main] INFO  impl.MetricsSystemImpl (MetricsSystemImpl.java:init(158)) - HddsDatanode metrics system started (again)
2023-11-20 14:16:57,082 [e3a4102d-65f7-48f2-aab6-9dba3586f78e-DatanodeStateMachineTaskThread-0] INFO  datanode.InitDatanodeState (InitDatanodeState.java:persistContainerDatanodeDetails(139)) - DatanodeDetails is persisted to /home/runner/work/ozone/ozone/hadoop-ozone/integration-test/target/test-dir/MiniOzoneClusterImpl-7293264f-739e-43f0-b608-0ff531f18758/datanode-3/meta/datanode.id
2023-11-20 14:16:57,086 [main] INFO  ozone.HddsDatanodeService (HddsDatanodeService.java:start(239)) - HddsDatanodeService host:fv-az1500-317.a2vfemv3ef5etcjjw3rviercvg.cx.internal.cloudapp.net ip:10.1.0.10
2023-11-20 14:16:57,099 [main] INFO  upgrade.AbstractLayoutVersionManager (AbstractLayoutVersionManager.java:init(83)) - Initializing Layout version manager with metadata layout = HADOOP_PRC_PORTS_IN_DATANODEDETAILS (version = 7), software layout = HADOOP_PRC_PORTS_IN_DATANODEDETAILS (version = 7)
2023-11-20 14:16:57,099 [main] INFO  statemachine.DatanodeStateMachine (DatanodeStateMachine.java:getEndPointTaskThreadPoolSize(299)) - Datanode State Machine Task Thread Pool size 2
2023-11-20 14:16:57,102 [main] INFO  volume.HddsVolume (HddsVolume.java:<init>(126)) - Creating HddsVolume: /home/runner/work/ozone/ozone/hadoop-ozone/integration-test/target/test-dir/MiniOzoneClusterImpl-7293264f-739e-43f0-b608-0ff531f18758/datanode-4/data-0/containers/hdds of storage type : DISK capacity : 9223372036854775807
2023-11-20 14:16:57,102 [main] INFO  volume.MutableVolumeSet (MutableVolumeSet.java:initializeVolumeSet(173)) - Added Volume : /home/runner/work/ozone/ozone/hadoop-ozone/integration-test/target/test-dir/MiniOzoneClusterImpl-7293264f-739e-43f0-b608-0ff531f18758/datanode-4/data-0/containers/hdds to VolumeSet
2023-11-20 14:16:57,103 [main] INFO  volume.MutableVolumeSet (MutableVolumeSet.java:initializeVolumeSet(173)) - Added Volume : /home/runner/work/ozone/ozone/hadoop-ozone/integration-test/target/test-dir/MiniOzoneClusterImpl-7293264f-739e-43f0-b608-0ff531f18758/datanode-4/data/ratis to VolumeSet
2023-11-20 14:16:57,103 [main] INFO  ozoneimpl.OzoneContainer (HddsVolumeUtil.java:loadAllHddsVolumeDbStore(103)) - Load 1 volumes DbStore cost: 0ms
2023-11-20 14:16:57,106 [4acbe1c1-18a2-4209-a8df-4dbe8c379458-ContainerReader-0] INFO  ozoneimpl.ContainerReader (ContainerReader.java:readVolume(177)) - Finish verifying containers on volume /home/runner/work/ozone/ozone/hadoop-ozone/integration-test/target/test-dir/MiniOzoneClusterImpl-7293264f-739e-43f0-b608-0ff531f18758/datanode-4/data-0/containers/hdds
2023-11-20 14:16:57,106 [main] INFO  ozoneimpl.OzoneContainer (OzoneContainer.java:buildContainerSet(326)) - Build ContainerSet costs 0s
2023-11-20 14:16:57,109 [main] INFO  server.RaftServer (ConfUtils.java:logGet(46)) - raft.rpc.type = GRPC (default)
2023-11-20 14:16:57,109 [main] INFO  grpc.GrpcConfigKeys (ConfUtils.java:logFallback(53)) - raft.grpc.admin.host = null (fallback to raft.grpc.server.host)
2023-11-20 14:16:57,109 [main] INFO  grpc.GrpcConfigKeys (ConfUtils.java:logGet(46)) - raft.grpc.admin.port = 15049 (custom)
2023-11-20 14:16:57,110 [main] INFO  grpc.GrpcConfigKeys (ConfUtils.java:logFallback(53)) - raft.grpc.client.host = null (fallback to raft.grpc.server.host)
2023-11-20 14:16:57,110 [main] INFO  grpc.GrpcConfigKeys (ConfUtils.java:logGet(46)) - raft.grpc.client.port = 15048 (custom)
2023-11-20 14:16:57,110 [main] INFO  grpc.GrpcConfigKeys (ConfUtils.java:logGet(46)) - raft.grpc.server.host = null (default)
2023-11-20 14:16:57,110 [main] INFO  grpc.GrpcConfigKeys (ConfUtils.java:logGet(46)) - raft.grpc.server.port = 15050 (custom)
2023-11-20 14:16:57,110 [main] INFO  server.GrpcService (ConfUtils.java:logGet(46)) - raft.grpc.message.size.max = 32MB (=33554432) (custom)
2023-11-20 14:16:57,111 [main] INFO  server.RaftServerConfigKeys (ConfUtils.java:logGet(46)) - raft.server.log.appender.buffer.byte-limit = 33554432 (custom)
2023-11-20 14:16:57,111 [main] INFO  server.GrpcService (ConfUtils.java:logGet(46)) - raft.grpc.flow.control.window = 5MB (=5242880) (custom)
2023-11-20 14:16:57,111 [main] INFO  server.RaftServerConfigKeys (ConfUtils.java:logGet(46)) - raft.server.rpc.request.timeout = 60s (custom)
2023-11-20 14:16:57,111 [main] INFO  grpc.GrpcConfigKeys (ConfUtils.java:logGet(46)) - raft.grpc.server.heartbeat.channel = true (default)
2023-11-20 14:16:57,111 [main] INFO  grpc.GrpcConfigKeys (ConfUtils.java:logGet(46)) - raft.grpc.server.async.request.thread.pool.cached = true (default)
2023-11-20 14:16:57,111 [main] INFO  grpc.GrpcConfigKeys (ConfUtils.java:logGet(46)) - raft.grpc.server.async.request.thread.pool.size = 32 (default)
2023-11-20 14:16:57,114 [main] INFO  impl.DataStreamServerImpl (ConfUtils.java:logGet(46)) - raft.datastream.type = NETTY (custom)
2023-11-20 14:16:57,114 [main] INFO  server.RaftServerConfigKeys (ConfUtils.java:logGet(46)) - raft.server.data-stream.async.request.thread.pool.cached = false (default)
2023-11-20 14:16:57,114 [main] INFO  server.RaftServerConfigKeys (ConfUtils.java:logGet(46)) - raft.server.data-stream.async.request.thread.pool.size = 20 (custom)
2023-11-20 14:16:57,114 [main] INFO  server.RaftServerConfigKeys (ConfUtils.java:logGet(46)) - raft.server.data-stream.async.write.thread.pool.size = 16 (default)
2023-11-20 14:16:57,114 [main] INFO  server.RaftServerConfigKeys (ConfUtils.java:logGet(46)) - raft.server.data-stream.client.pool.size = 10 (default)
2023-11-20 14:16:57,115 [main] INFO  netty.NettyConfigKeys$DataStream (ConfUtils.java:logGet(46)) - raft.netty.dataStream.server.use-epoll = false (default)
2023-11-20 14:16:57,115 [main] INFO  netty.NettyConfigKeys$DataStream (ConfUtils.java:logGet(46)) - raft.netty.dataStream.server.boss-group.size = 0 (default)
2023-11-20 14:16:57,115 [main] INFO  netty.NettyConfigKeys$DataStream (ConfUtils.java:logGet(46)) - raft.netty.dataStream.server.worker-group.size = 0 (default)
2023-11-20 14:16:57,115 [main] INFO  netty.NettyConfigKeys$DataStream (ConfUtils.java:logGet(46)) - raft.netty.dataStream.server.tls.conf = null (default)
2023-11-20 14:16:57,116 [main] INFO  netty.NettyConfigKeys$DataStream (ConfUtils.java:logGet(46)) - raft.netty.dataStream.host = null (default)
2023-11-20 14:16:57,116 [main] INFO  netty.NettyConfigKeys$DataStream (ConfUtils.java:logGet(46)) - raft.netty.dataStream.port = 15051 (custom)
2023-11-20 14:16:57,116 [main] INFO  server.RaftServerConfigKeys (ConfUtils.java:logGet(46)) - raft.server.threadpool.proxy.cached = true (default)
2023-11-20 14:16:57,116 [main] INFO  server.RaftServerConfigKeys (ConfUtils.java:logGet(46)) - raft.server.threadpool.proxy.size = 0 (default)
2023-11-20 14:16:57,117 [4acbe1c1-18a2-4209-a8df-4dbe8c379458-NettyServerStreamRpc-bossGroup--thread1] INFO  logging.LoggingHandler (AbstractInternalLogger.java:log(148)) - [id: 0x4110d7d1] REGISTERED
2023-11-20 14:16:57,117 [main] INFO  server.RaftServerConfigKeys (ConfUtils.java:logGet(46)) - raft.server.rpc.slowness.timeout = 300s (custom)
2023-11-20 14:16:57,117 [4acbe1c1-18a2-4209-a8df-4dbe8c379458-NettyServerStreamRpc-bossGroup--thread1] INFO  logging.LoggingHandler (AbstractInternalLogger.java:log(148)) - [id: 0x4110d7d1] BIND: 0.0.0.0/0.0.0.0:15051
2023-11-20 14:16:57,117 [main] INFO  server.RaftServerConfigKeys (ConfUtils.java:logGet(46)) - raft.server.leaderelection.leader.step-down.wait-time = 10s (default)
2023-11-20 14:16:57,117 [4acbe1c1-18a2-4209-a8df-4dbe8c379458-NettyServerStreamRpc-bossGroup--thread1] INFO  logging.LoggingHandler (AbstractInternalLogger.java:log(148)) - [id: 0x4110d7d1, L:/0:0:0:0:0:0:0:0:15051] ACTIVE
2023-11-20 14:16:57,117 [main] INFO  server.RaftServerConfigKeys (ConfUtils.java:logGet(46)) - raft.server.storage.dir = [/home/runner/work/ozone/ozone/hadoop-ozone/integration-test/target/test-dir/MiniOzoneClusterImpl-7293264f-739e-43f0-b608-0ff531f18758/datanode-4/data/ratis] (custom)
2023-11-20 14:16:57,118 [4acbe1c1-18a2-4209-a8df-4dbe8c379458-impl-thread1] INFO  server.RaftServer (RaftServerProxy.java:initGroupDir(258)) - 4acbe1c1-18a2-4209-a8df-4dbe8c379458: found a subdirectory /home/runner/work/ozone/ozone/hadoop-ozone/integration-test/target/test-dir/MiniOzoneClusterImpl-7293264f-739e-43f0-b608-0ff531f18758/datanode-4/data/ratis/tmp
2023-11-20 14:16:57,118 [4acbe1c1-18a2-4209-a8df-4dbe8c379458-impl-thread1] INFO  server.RaftServer (RaftServerProxy.java:initGroupDir(263)) - 4acbe1c1-18a2-4209-a8df-4dbe8c379458: The directory /home/runner/work/ozone/ozone/hadoop-ozone/integration-test/target/test-dir/MiniOzoneClusterImpl-7293264f-739e-43f0-b608-0ff531f18758/datanode-4/data/ratis/tmp is not a group directory; ignoring it. 
2023-11-20 14:16:57,118 [main] INFO  replication.ReplicationServer (ReplicationServer.java:<init>(85)) - Initializing replication server with thread count = 10 queue length = 4096
2023-11-20 14:16:57,119 [main] INFO  server.XceiverServerGrpc (XceiverServerGrpc.java:<init>(135)) - GrpcServer channel type EpollServerSocketChannel
2023-11-20 14:16:57,122 [main] INFO  replication.ReplicationSupervisor (ReplicationSupervisor.java:build(163)) - Initializing replication supervisor with thread count = 10
2023-11-20 14:16:57,122 [main] INFO  replication.ReplicationSupervisor (ReplicationSupervisor.java:nodeStateUpdated(317)) - Node state updated to IN_SERVICE, scaling executor pool size to 10
2023-11-20 14:16:57,125 [main] INFO  http.BaseHttpServer (BaseHttpServer.java:newHttpServer2BuilderForOzone(223)) - Starting Web-server for hddsDatanode at: http://0.0.0.0:15045
2023-11-20 14:16:57,125 [main] INFO  http.BaseHttpServer (BaseHttpServer.java:<init>(110)) - Hadoop Security Enabled: false Ozone Security Enabled: false Ozone HTTP Security Enabled: false 
2023-11-20 14:16:57,126 [main] WARN  server.AuthenticationFilter (AuthenticationFilter.java:constructSecretProvider(240)) - Unable to initialize FileSignerSecretProvider, falling back to use random secrets. Reason: Could not read signature secret file: /home/runner/hadoop-http-auth-signature-secret
2023-11-20 14:16:57,127 [main] INFO  http.HttpRequestLog (HttpRequestLog.java:getRequestLog(86)) - Http request log for http.requests.hddsDatanode is not defined
2023-11-20 14:16:57,129 [main] INFO  http.HttpServer2 (HttpServer2.java:addGlobalFilter(1031)) - Added global filter 'safety' (class=org.apache.hadoop.hdds.server.http.HttpServer2$QuotingInputFilter)
2023-11-20 14:16:57,130 [main] INFO  http.HttpServer2 (HttpServer2.java:addFilter(1007)) - Added filter static_user_filter (class=org.apache.hadoop.http.lib.StaticUserWebFilter$StaticUserFilter) to context hddsDatanode
2023-11-20 14:16:57,130 [main] INFO  http.HttpServer2 (HttpServer2.java:addFilter(1015)) - Added filter static_user_filter (class=org.apache.hadoop.http.lib.StaticUserWebFilter$StaticUserFilter) to context logs
2023-11-20 14:16:57,130 [main] INFO  http.HttpServer2 (HttpServer2.java:addFilter(1015)) - Added filter static_user_filter (class=org.apache.hadoop.http.lib.StaticUserWebFilter$StaticUserFilter) to context static
2023-11-20 14:16:57,131 [main] INFO  http.BaseHttpServer (BaseHttpServer.java:<init>(189)) - HTTP server of hddsDatanode uses base directory /home/runner/work/ozone/ozone/hadoop-ozone/integration-test/target/test-dir/MiniOzoneClusterImpl-7293264f-739e-43f0-b608-0ff531f18758/datanode-4/meta/webserver
2023-11-20 14:16:57,131 [main] INFO  http.HttpServer2 (HttpServer2.java:bindListener(1231)) - Jetty bound to port 15045
2023-11-20 14:16:57,132 [main] INFO  server.Server (Server.java:doStart(375)) - jetty-9.4.53.v20231009; built: 2023-10-09T12:29:09.265Z; git: 27bde00a0b95a1d5bbee0eae7984f891d2d0f8c9; jvm 1.8.0_392-b08
2023-11-20 14:16:57,137 [main] INFO  server.session (DefaultSessionIdManager.java:doStart(334)) - DefaultSessionIdManager workerName=node0
2023-11-20 14:16:57,137 [main] INFO  server.session (DefaultSessionIdManager.java:doStart(339)) - No SessionScavenger set, using defaults
2023-11-20 14:16:57,137 [main] INFO  server.session (HouseKeeper.java:startScavenging(132)) - node0 Scavenging every 600000ms
2023-11-20 14:16:57,138 [main] INFO  handler.ContextHandler (ContextHandler.java:doStart(921)) - Started o.e.j.s.ServletContextHandler@78cd1d5c{logs,/logs,file:///home/runner/work/ozone/ozone/hadoop-ozone/integration-test/target/log,AVAILABLE}
2023-11-20 14:16:57,138 [main] INFO  handler.ContextHandler (ContextHandler.java:doStart(921)) - Started o.e.j.s.ServletContextHandler@6184047b{static,/static,jar:file:/home/runner/.m2/repository/org/apache/ozone/hdds-container-service/1.4.0-SNAPSHOT/hdds-container-service-1.4.0-SNAPSHOT.jar!/webapps/static,AVAILABLE}
2023-11-20 14:16:57,178 [main] INFO  handler.ContextHandler (ContextHandler.java:doStart(921)) - Started o.e.j.w.WebAppContext@6e012cdd{hddsDatanode,/,file:///home/runner/work/ozone/ozone/hadoop-ozone/integration-test/target/test-dir/MiniOzoneClusterImpl-7293264f-739e-43f0-b608-0ff531f18758/datanode-4/meta/webserver/jetty-0_0_0_0-15045-hdds-container-service-1_4_0-SNAPSHOT_jar-_-any-4020122643959395330/webapp/,AVAILABLE}{jar:file:/home/runner/.m2/repository/org/apache/ozone/hdds-container-service/1.4.0-SNAPSHOT/hdds-container-service-1.4.0-SNAPSHOT.jar!/webapps/hddsDatanode}
2023-11-20 14:16:57,179 [main] INFO  server.AbstractConnector (AbstractConnector.java:doStart(333)) - Started ServerConnector@6fe04d9d{HTTP/1.1, (http/1.1)}{0.0.0.0:15045}
2023-11-20 14:16:57,179 [main] INFO  server.Server (Server.java:doStart(415)) - Started @6725ms
2023-11-20 14:16:57,179 [main] WARN  impl.MetricsSystemImpl (MetricsSystemImpl.java:register(279)) - Sink prometheus already exists!
2023-11-20 14:16:57,180 [main] INFO  http.BaseHttpServer (BaseHttpServer.java:updateConnectorAddress(354)) - HTTP server of hddsDatanode listening at http://0.0.0.0:15045
2023-11-20 14:16:57,180 [main] INFO  ipc.CallQueueManager (CallQueueManager.java:<init>(90)) - Using callQueue: class java.util.concurrent.LinkedBlockingQueue, queueCapacity: 100, scheduler: class org.apache.hadoop.ipc.DefaultRpcScheduler, ipcBackoff: false.
2023-11-20 14:16:57,181 [main] INFO  ipc.Server (Server.java:<init>(1287)) - Listener at 0.0.0.0:15046
2023-11-20 14:16:57,181 [Socket Reader #1 for port 15046] INFO  ipc.Server (Server.java:run(1323)) - Starting Socket Reader #1 for port 15046
2023-11-20 14:16:57,183 [main] INFO  ozone.HddsDatanodeService (HddsDatanodeService.java:start(324)) - Datanode start with admins: [runner]
2023-11-20 14:16:57,183 [main] INFO  ozone.HddsDatanodeClientProtocolServer (HddsDatanodeClientProtocolServer.java:start(72)) - RPC server for Client /0.0.0.0:15046
2023-11-20 14:16:57,184 [IPC Server Responder] INFO  ipc.Server (Server.java:run(1562)) - IPC Server Responder: starting
2023-11-20 14:16:57,184 [IPC Server listener on 15046] INFO  ipc.Server (Server.java:run(1402)) - IPC Server listener on 15046: starting
2023-11-20 14:16:57,193 [4acbe1c1-18a2-4209-a8df-4dbe8c379458-DatanodeStateMachineDaemonThread] INFO  statemachine.DatanodeStateMachine (DatanodeStateMachine.java:lambda$startDaemon$1(555)) - Ozone container server started.
2023-11-20 14:16:57,194 [main] INFO  ozone.MiniOzoneClusterImpl (MiniOzoneClusterImpl.java:lambda$waitForClusterToBeReady$0(229)) - Waiting for nodes to be ready. Got 0 of 5 DN Heartbeats.
2023-11-20 14:16:57,194 [main] INFO  ozone.MiniOzoneClusterImpl (MiniOzoneClusterImpl.java:lambda$waitForClusterToBeReady$0(232)) - Waiting for cluster to exit safe mode
2023-11-20 14:16:57,194 [main] INFO  ozone.MiniOzoneClusterImpl (MiniOzoneClusterImpl.java:lambda$waitForClusterToBeReady$0(234)) - SCM became leader
2023-11-20 14:16:57,199 [4acbe1c1-18a2-4209-a8df-4dbe8c379458-DatanodeStateMachineTaskThread-0] INFO  datanode.InitDatanodeState (InitDatanodeState.java:persistContainerDatanodeDetails(139)) - DatanodeDetails is persisted to /home/runner/work/ozone/ozone/hadoop-ozone/integration-test/target/test-dir/MiniOzoneClusterImpl-7293264f-739e-43f0-b608-0ff531f18758/datanode-4/meta/datanode.id
2023-11-20 14:16:57,221 [om1@group-C5BA1605619E-FollowerState] INFO  impl.FollowerState (FollowerState.java:run(143)) - om1@group-C5BA1605619E-FollowerState: change to CANDIDATE, lastRpcElapsedTime:1124506239ns, electionTimeout:1123ms
2023-11-20 14:16:57,222 [om1@group-C5BA1605619E-FollowerState] INFO  impl.RoleInfo (RoleInfo.java:shutdownFollowerState(110)) - om1: shutdown om1@group-C5BA1605619E-FollowerState
2023-11-20 14:16:57,222 [om1@group-C5BA1605619E-FollowerState] INFO  server.RaftServer$Division (RaftServerImpl.java:setRole(329)) - om1@group-C5BA1605619E: changes role from  FOLLOWER to CANDIDATE at term 0 for changeToCandidate
2023-11-20 14:16:57,224 [om1@group-C5BA1605619E-FollowerState] INFO  server.RaftServerConfigKeys (ConfUtils.java:logGet(46)) - raft.server.leaderelection.pre-vote = true (default)
2023-11-20 14:16:57,224 [om1@group-C5BA1605619E-FollowerState] INFO  impl.RoleInfo (RoleInfo.java:updateAndGet(139)) - om1: start om1@group-C5BA1605619E-LeaderElection1
2023-11-20 14:16:57,226 [om1@group-C5BA1605619E-LeaderElection1] INFO  impl.LeaderElection (LeaderElection.java:askForVotes(321)) - om1@group-C5BA1605619E-LeaderElection1 PRE_VOTE round 0: submit vote requests at term 0 for -1: peers:[om1|rpc:localhost:15007|priority:0|startupRole:FOLLOWER]|listeners:[], old=null
2023-11-20 14:16:57,227 [om1@group-C5BA1605619E-LeaderElection1] INFO  impl.LeaderElection (LeaderElection.java:askForVotes(323)) - om1@group-C5BA1605619E-LeaderElection1 PRE_VOTE round 0: result PASSED (term=0)
2023-11-20 14:16:57,228 [om1@group-C5BA1605619E-LeaderElection1] INFO  impl.LeaderElection (LeaderElection.java:askForVotes(321)) - om1@group-C5BA1605619E-LeaderElection1 ELECTION round 0: submit vote requests at term 1 for -1: peers:[om1|rpc:localhost:15007|priority:0|startupRole:FOLLOWER]|listeners:[], old=null
2023-11-20 14:16:57,228 [om1@group-C5BA1605619E-LeaderElection1] INFO  impl.LeaderElection (LeaderElection.java:askForVotes(323)) - om1@group-C5BA1605619E-LeaderElection1 ELECTION round 0: result PASSED (term=1)
2023-11-20 14:16:57,228 [om1@group-C5BA1605619E-LeaderElection1] INFO  impl.RoleInfo (RoleInfo.java:shutdownLeaderElection(130)) - om1: shutdown om1@group-C5BA1605619E-LeaderElection1
2023-11-20 14:16:57,228 [om1@group-C5BA1605619E-LeaderElection1] INFO  server.RaftServer$Division (RaftServerImpl.java:setRole(329)) - om1@group-C5BA1605619E: changes role from CANDIDATE to LEADER at term 1 for changeToLeader
2023-11-20 14:16:57,229 [om1@group-C5BA1605619E-LeaderElection1] INFO  server.RaftServer$Division (ServerState.java:setLeader(317)) - om1@group-C5BA1605619E: change Leader from null to om1 at term 1 for becomeLeader, leader elected after 1882ms
2023-11-20 14:16:57,234 [om1@group-C5BA1605619E-LeaderElection1] INFO  server.RaftServerConfigKeys (ConfUtils.java:logGet(46)) - raft.server.staging.catchup.gap = 1000 (default)
2023-11-20 14:16:57,237 [om1@group-C5BA1605619E-LeaderElection1] INFO  server.RaftServerConfigKeys (ConfUtils.java:logGet(46)) - raft.server.write.element-limit = 4096 (default)
2023-11-20 14:16:57,237 [om1@group-C5BA1605619E-LeaderElection1] INFO  server.RaftServerConfigKeys (ConfUtils.java:logGet(46)) - raft.server.write.byte-limit = 64MB (=67108864) (default)
2023-11-20 14:16:57,240 [om1@group-C5BA1605619E-LeaderElection1] INFO  server.RaftServerConfigKeys (ConfUtils.java:logGet(46)) - raft.server.watch.timeout = 10s (default)
2023-11-20 14:16:57,240 [om1@group-C5BA1605619E-LeaderElection1] INFO  server.RaftServerConfigKeys (ConfUtils.java:logGet(46)) - raft.server.watch.timeout.denomination = 1s (default)
2023-11-20 14:16:57,240 [om1@group-C5BA1605619E-LeaderElection1] INFO  server.RaftServerConfigKeys (ConfUtils.java:logGet(46)) - raft.server.watch.element-limit = 65536 (default)
2023-11-20 14:16:57,244 [om1@group-C5BA1605619E-LeaderElection1] INFO  server.RaftServerConfigKeys (ConfUtils.java:logGet(46)) - raft.server.write.element-limit = 4096 (default)
2023-11-20 14:16:57,245 [om1@group-C5BA1605619E-LeaderElection1] INFO  server.RaftServerConfigKeys (ConfUtils.java:logGet(46)) - raft.server.write.follower.gap.ratio.max = -1.0 (default)
2023-11-20 14:16:57,246 [om1@group-C5BA1605619E-LeaderElection1] INFO  impl.RoleInfo (RoleInfo.java:updateAndGet(139)) - om1: start om1@group-C5BA1605619E-LeaderStateImpl
2023-11-20 14:16:57,261 [om1@group-C5BA1605619E-LeaderElection1] INFO  segmented.SegmentedRaftLogWorker (SegmentedRaftLogWorker.java:startLogSegment(447)) - om1@group-C5BA1605619E-SegmentedRaftLogWorker: Starting segment from index:0
2023-11-20 14:16:57,281 [om1@group-C5BA1605619E-LeaderElection1] INFO  server.RaftServer$Division (ServerState.java:setRaftConf(434)) - om1@group-C5BA1605619E: set configuration 0: peers:[om1|rpc:localhost:15007|admin:|client:|dataStream:|priority:0|startupRole:FOLLOWER]|listeners:[], old=null
2023-11-20 14:16:57,327 [om1@group-C5BA1605619E-SegmentedRaftLogWorker] INFO  segmented.SegmentedRaftLogWorker (SegmentedRaftLogWorker.java:execute(651)) - om1@group-C5BA1605619E-SegmentedRaftLogWorker: created new log segment /home/runner/work/ozone/ozone/hadoop-ozone/integration-test/target/test-dir/MiniOzoneClusterImpl-7293264f-739e-43f0-b608-0ff531f18758/ozone-meta/ratis/bf265839-605b-3f16-9796-c5ba1605619e/current/log_inprogress_0
2023-11-20 14:16:57,386 [om1@group-C5BA1605619E-StateMachineUpdater] INFO  ratis.OzoneManagerStateMachine (OzoneManagerStateMachine.java:notifyConfigurationChanged(210)) - Received Configuration change notification from Ratis. New Peer list:
[id: "om1"
address: "localhost:15007"
startupRole: FOLLOWER
]
2023-11-20 14:16:58,195 [main] INFO  ozone.MiniOzoneClusterImpl (MiniOzoneClusterImpl.java:lambda$waitForClusterToBeReady$0(229)) - Waiting for nodes to be ready. Got 0 of 5 DN Heartbeats.
2023-11-20 14:16:58,195 [main] INFO  ozone.MiniOzoneClusterImpl (MiniOzoneClusterImpl.java:lambda$waitForClusterToBeReady$0(232)) - Waiting for cluster to exit safe mode
2023-11-20 14:16:58,195 [main] INFO  ozone.MiniOzoneClusterImpl (MiniOzoneClusterImpl.java:lambda$waitForClusterToBeReady$0(234)) - SCM became leader
2023-11-20 14:16:58,844 [e744cdee-db3a-4307-a129-877114b2ee40-EndpointStateMachineTaskThread-/0.0.0.0:15002-0 ] INFO  utils.DatanodeStoreCache (DatanodeStoreCache.java:addDB(66)) - Added db /home/runner/work/ozone/ozone/hadoop-ozone/integration-test/target/test-dir/MiniOzoneClusterImpl-7293264f-739e-43f0-b608-0ff531f18758/datanode-0/data-0/containers/hdds/7293264f-739e-43f0-b608-0ff531f18758/DS-2e62aef2-b270-4fc1-840f-4ab4c773c80b/container.db to cache
2023-11-20 14:16:58,844 [e744cdee-db3a-4307-a129-877114b2ee40-EndpointStateMachineTaskThread-/0.0.0.0:15002-0 ] INFO  volume.HddsVolume (HddsVolume.java:createDbStore(422)) - SchemaV3 db is created and loaded at /home/runner/work/ozone/ozone/hadoop-ozone/integration-test/target/test-dir/MiniOzoneClusterImpl-7293264f-739e-43f0-b608-0ff531f18758/datanode-0/data-0/containers/hdds/7293264f-739e-43f0-b608-0ff531f18758/DS-2e62aef2-b270-4fc1-840f-4ab4c773c80b/container.db for volume DS-2e62aef2-b270-4fc1-840f-4ab4c773c80b
2023-11-20 14:16:58,846 [e744cdee-db3a-4307-a129-877114b2ee40-EndpointStateMachineTaskThread-/0.0.0.0:15002-0 ] INFO  volume.ThrottledAsyncChecker (ThrottledAsyncChecker.java:schedule(141)) - Scheduling a check for /home/runner/work/ozone/ozone/hadoop-ozone/integration-test/target/test-dir/MiniOzoneClusterImpl-7293264f-739e-43f0-b608-0ff531f18758/datanode-0/data-0/containers/hdds
2023-11-20 14:16:58,856 [e744cdee-db3a-4307-a129-877114b2ee40-EndpointStateMachineTaskThread-/0.0.0.0:15002-0 ] INFO  volume.StorageVolumeChecker (StorageVolumeChecker.java:checkAllVolumes(218)) - Scheduled health check for volume /home/runner/work/ozone/ozone/hadoop-ozone/integration-test/target/test-dir/MiniOzoneClusterImpl-7293264f-739e-43f0-b608-0ff531f18758/datanode-0/data-0/containers/hdds
2023-11-20 14:16:58,858 [e744cdee-db3a-4307-a129-877114b2ee40-EndpointStateMachineTaskThread-/0.0.0.0:15002-0 ] INFO  volume.ThrottledAsyncChecker (ThrottledAsyncChecker.java:schedule(141)) - Scheduling a check for /home/runner/work/ozone/ozone/hadoop-ozone/integration-test/target/test-dir/MiniOzoneClusterImpl-7293264f-739e-43f0-b608-0ff531f18758/datanode-0/data/ratis
2023-11-20 14:16:58,858 [e744cdee-db3a-4307-a129-877114b2ee40-EndpointStateMachineTaskThread-/0.0.0.0:15002-0 ] INFO  volume.StorageVolumeChecker (StorageVolumeChecker.java:checkAllVolumes(218)) - Scheduled health check for volume /home/runner/work/ozone/ozone/hadoop-ozone/integration-test/target/test-dir/MiniOzoneClusterImpl-7293264f-739e-43f0-b608-0ff531f18758/datanode-0/data/ratis
2023-11-20 14:16:58,859 [e744cdee-db3a-4307-a129-877114b2ee40-EndpointStateMachineTaskThread-/0.0.0.0:15002-0 ] INFO  ozoneimpl.OzoneContainer (OzoneContainer.java:start(441)) - Attempting to start container services.
2023-11-20 14:16:58,860 [e744cdee-db3a-4307-a129-877114b2ee40-EndpointStateMachineTaskThread-/0.0.0.0:15002-0 ] INFO  ozoneimpl.OzoneContainer (OzoneContainer.java:startContainerScrub(337)) - Scheduled background container scanners and the on-demand container scanner have been disabled.
2023-11-20 14:16:58,862 [e744cdee-db3a-4307-a129-877114b2ee40-EndpointStateMachineTaskThread-/0.0.0.0:15002-0 ] INFO  replication.ReplicationServer (ReplicationServer.java:start(139)) - ReplicationServer is started using port 15016
2023-11-20 14:16:58,862 [e744cdee-db3a-4307-a129-877114b2ee40-EndpointStateMachineTaskThread-/0.0.0.0:15002-0 ] INFO  ratis.XceiverServerRatis (XceiverServerRatis.java:start(518)) - Starting XceiverServerRatis e744cdee-db3a-4307-a129-877114b2ee40
2023-11-20 14:16:58,869 [e744cdee-db3a-4307-a129-877114b2ee40-EndpointStateMachineTaskThread-/0.0.0.0:15002-0 ] INFO  server.RaftServer (RaftServerProxy.java:startImpl(400)) - e744cdee-db3a-4307-a129-877114b2ee40: start RPC server
2023-11-20 14:16:58,870 [e744cdee-db3a-4307-a129-877114b2ee40-EndpointStateMachineTaskThread-/0.0.0.0:15002-0 ] INFO  server.GrpcService (GrpcService.java:startImpl(302)) - e744cdee-db3a-4307-a129-877114b2ee40: GrpcService started, listening on 15012
2023-11-20 14:16:58,871 [e744cdee-db3a-4307-a129-877114b2ee40-EndpointStateMachineTaskThread-/0.0.0.0:15002-0 ] INFO  server.GrpcService (GrpcService.java:startImpl(302)) - e744cdee-db3a-4307-a129-877114b2ee40: GrpcService started, listening on 15014
2023-11-20 14:16:58,872 [e744cdee-db3a-4307-a129-877114b2ee40-EndpointStateMachineTaskThread-/0.0.0.0:15002-0 ] INFO  server.GrpcService (GrpcService.java:startImpl(302)) - e744cdee-db3a-4307-a129-877114b2ee40: GrpcService started, listening on 15013
2023-11-20 14:16:58,872 [e744cdee-db3a-4307-a129-877114b2ee40-EndpointStateMachineTaskThread-/0.0.0.0:15002-0 ] INFO  ratis.XceiverServerRatis (XceiverServerRatis.java:getRealPort(544)) - XceiverServerRatis e744cdee-db3a-4307-a129-877114b2ee40 is started using port 15012 for RATIS
2023-11-20 14:16:58,872 [JvmPauseMonitor2] INFO  util.JvmPauseMonitor (JvmPauseMonitor.java:run(103)) - JvmPauseMonitor-e744cdee-db3a-4307-a129-877114b2ee40: Started
2023-11-20 14:16:58,876 [e744cdee-db3a-4307-a129-877114b2ee40-EndpointStateMachineTaskThread-/0.0.0.0:15002-0 ] INFO  ratis.XceiverServerRatis (XceiverServerRatis.java:getRealPort(544)) - XceiverServerRatis e744cdee-db3a-4307-a129-877114b2ee40 is started using port 15013 for RATIS_ADMIN
2023-11-20 14:16:58,877 [e744cdee-db3a-4307-a129-877114b2ee40-EndpointStateMachineTaskThread-/0.0.0.0:15002-0 ] INFO  ratis.XceiverServerRatis (XceiverServerRatis.java:getRealPort(544)) - XceiverServerRatis e744cdee-db3a-4307-a129-877114b2ee40 is started using port 15014 for RATIS_SERVER
2023-11-20 14:16:58,877 [e744cdee-db3a-4307-a129-877114b2ee40-EndpointStateMachineTaskThread-/0.0.0.0:15002-0 ] INFO  ratis.XceiverServerRatis (XceiverServerRatis.java:getRealPort(544)) - XceiverServerRatis e744cdee-db3a-4307-a129-877114b2ee40 is started using port 15015 for RATIS_DATASTREAM
2023-11-20 14:16:58,882 [e744cdee-db3a-4307-a129-877114b2ee40-BlockDeletingService#0] INFO  interfaces.ContainerDeletionChoosingPolicyTemplate (ContainerDeletionChoosingPolicyTemplate.java:chooseContainerForBlockDeletion(85)) - Chosen 0/5000 blocks from 0 candidate containers.
2023-11-20 14:16:58,912 [617fee10-5999-41fc-ba89-05e5beaae1db-EndpointStateMachineTaskThread-/0.0.0.0:15002-0 ] INFO  utils.DatanodeStoreCache (DatanodeStoreCache.java:addDB(66)) - Added db /home/runner/work/ozone/ozone/hadoop-ozone/integration-test/target/test-dir/MiniOzoneClusterImpl-7293264f-739e-43f0-b608-0ff531f18758/datanode-1/data-0/containers/hdds/7293264f-739e-43f0-b608-0ff531f18758/DS-681cc7ae-7358-4cd1-9dd1-0ab0b4d04144/container.db to cache
2023-11-20 14:16:58,912 [617fee10-5999-41fc-ba89-05e5beaae1db-EndpointStateMachineTaskThread-/0.0.0.0:15002-0 ] INFO  volume.HddsVolume (HddsVolume.java:createDbStore(422)) - SchemaV3 db is created and loaded at /home/runner/work/ozone/ozone/hadoop-ozone/integration-test/target/test-dir/MiniOzoneClusterImpl-7293264f-739e-43f0-b608-0ff531f18758/datanode-1/data-0/containers/hdds/7293264f-739e-43f0-b608-0ff531f18758/DS-681cc7ae-7358-4cd1-9dd1-0ab0b4d04144/container.db for volume DS-681cc7ae-7358-4cd1-9dd1-0ab0b4d04144
2023-11-20 14:16:58,912 [617fee10-5999-41fc-ba89-05e5beaae1db-EndpointStateMachineTaskThread-/0.0.0.0:15002-0 ] INFO  volume.ThrottledAsyncChecker (ThrottledAsyncChecker.java:schedule(141)) - Scheduling a check for /home/runner/work/ozone/ozone/hadoop-ozone/integration-test/target/test-dir/MiniOzoneClusterImpl-7293264f-739e-43f0-b608-0ff531f18758/datanode-1/data-0/containers/hdds
2023-11-20 14:16:58,913 [617fee10-5999-41fc-ba89-05e5beaae1db-EndpointStateMachineTaskThread-/0.0.0.0:15002-0 ] INFO  volume.StorageVolumeChecker (StorageVolumeChecker.java:checkAllVolumes(218)) - Scheduled health check for volume /home/runner/work/ozone/ozone/hadoop-ozone/integration-test/target/test-dir/MiniOzoneClusterImpl-7293264f-739e-43f0-b608-0ff531f18758/datanode-1/data-0/containers/hdds
2023-11-20 14:16:58,917 [617fee10-5999-41fc-ba89-05e5beaae1db-EndpointStateMachineTaskThread-/0.0.0.0:15002-0 ] INFO  volume.ThrottledAsyncChecker (ThrottledAsyncChecker.java:schedule(141)) - Scheduling a check for /home/runner/work/ozone/ozone/hadoop-ozone/integration-test/target/test-dir/MiniOzoneClusterImpl-7293264f-739e-43f0-b608-0ff531f18758/datanode-1/data/ratis
2023-11-20 14:16:58,917 [617fee10-5999-41fc-ba89-05e5beaae1db-EndpointStateMachineTaskThread-/0.0.0.0:15002-0 ] INFO  volume.StorageVolumeChecker (StorageVolumeChecker.java:checkAllVolumes(218)) - Scheduled health check for volume /home/runner/work/ozone/ozone/hadoop-ozone/integration-test/target/test-dir/MiniOzoneClusterImpl-7293264f-739e-43f0-b608-0ff531f18758/datanode-1/data/ratis
2023-11-20 14:16:58,917 [617fee10-5999-41fc-ba89-05e5beaae1db-EndpointStateMachineTaskThread-/0.0.0.0:15002-0 ] INFO  ozoneimpl.OzoneContainer (OzoneContainer.java:start(441)) - Attempting to start container services.
2023-11-20 14:16:58,917 [617fee10-5999-41fc-ba89-05e5beaae1db-EndpointStateMachineTaskThread-/0.0.0.0:15002-0 ] INFO  ozoneimpl.OzoneContainer (OzoneContainer.java:startContainerScrub(337)) - Scheduled background container scanners and the on-demand container scanner have been disabled.
2023-11-20 14:16:58,918 [617fee10-5999-41fc-ba89-05e5beaae1db-EndpointStateMachineTaskThread-/0.0.0.0:15002-0 ] INFO  replication.ReplicationServer (ReplicationServer.java:start(139)) - ReplicationServer is started using port 15025
2023-11-20 14:16:58,919 [617fee10-5999-41fc-ba89-05e5beaae1db-EndpointStateMachineTaskThread-/0.0.0.0:15002-0 ] INFO  ratis.XceiverServerRatis (XceiverServerRatis.java:start(518)) - Starting XceiverServerRatis 617fee10-5999-41fc-ba89-05e5beaae1db
2023-11-20 14:16:58,919 [617fee10-5999-41fc-ba89-05e5beaae1db-EndpointStateMachineTaskThread-/0.0.0.0:15002-0 ] INFO  server.RaftServer (RaftServerProxy.java:startImpl(400)) - 617fee10-5999-41fc-ba89-05e5beaae1db: start RPC server
2023-11-20 14:16:58,920 [617fee10-5999-41fc-ba89-05e5beaae1db-EndpointStateMachineTaskThread-/0.0.0.0:15002-0 ] INFO  server.GrpcService (GrpcService.java:startImpl(302)) - 617fee10-5999-41fc-ba89-05e5beaae1db: GrpcService started, listening on 15021
2023-11-20 14:16:58,921 [617fee10-5999-41fc-ba89-05e5beaae1db-EndpointStateMachineTaskThread-/0.0.0.0:15002-0 ] INFO  server.GrpcService (GrpcService.java:startImpl(302)) - 617fee10-5999-41fc-ba89-05e5beaae1db: GrpcService started, listening on 15023
2023-11-20 14:16:58,922 [617fee10-5999-41fc-ba89-05e5beaae1db-EndpointStateMachineTaskThread-/0.0.0.0:15002-0 ] INFO  server.GrpcService (GrpcService.java:startImpl(302)) - 617fee10-5999-41fc-ba89-05e5beaae1db: GrpcService started, listening on 15022
2023-11-20 14:16:58,923 [617fee10-5999-41fc-ba89-05e5beaae1db-EndpointStateMachineTaskThread-/0.0.0.0:15002-0 ] INFO  ratis.XceiverServerRatis (XceiverServerRatis.java:getRealPort(544)) - XceiverServerRatis 617fee10-5999-41fc-ba89-05e5beaae1db is started using port 15021 for RATIS
2023-11-20 14:16:58,923 [JvmPauseMonitor3] INFO  util.JvmPauseMonitor (JvmPauseMonitor.java:run(103)) - JvmPauseMonitor-617fee10-5999-41fc-ba89-05e5beaae1db: Started
2023-11-20 14:16:58,923 [617fee10-5999-41fc-ba89-05e5beaae1db-EndpointStateMachineTaskThread-/0.0.0.0:15002-0 ] INFO  ratis.XceiverServerRatis (XceiverServerRatis.java:getRealPort(544)) - XceiverServerRatis 617fee10-5999-41fc-ba89-05e5beaae1db is started using port 15022 for RATIS_ADMIN
2023-11-20 14:16:58,923 [617fee10-5999-41fc-ba89-05e5beaae1db-EndpointStateMachineTaskThread-/0.0.0.0:15002-0 ] INFO  ratis.XceiverServerRatis (XceiverServerRatis.java:getRealPort(544)) - XceiverServerRatis 617fee10-5999-41fc-ba89-05e5beaae1db is started using port 15023 for RATIS_SERVER
2023-11-20 14:16:58,923 [617fee10-5999-41fc-ba89-05e5beaae1db-EndpointStateMachineTaskThread-/0.0.0.0:15002-0 ] INFO  ratis.XceiverServerRatis (XceiverServerRatis.java:getRealPort(544)) - XceiverServerRatis 617fee10-5999-41fc-ba89-05e5beaae1db is started using port 15024 for RATIS_DATASTREAM
2023-11-20 14:16:58,928 [617fee10-5999-41fc-ba89-05e5beaae1db-BlockDeletingService#0] INFO  interfaces.ContainerDeletionChoosingPolicyTemplate (ContainerDeletionChoosingPolicyTemplate.java:chooseContainerForBlockDeletion(85)) - Chosen 0/5000 blocks from 0 candidate containers.
2023-11-20 14:16:59,011 [c950ed05-5bc7-49cd-b60c-e9631522e919-EndpointStateMachineTaskThread-/0.0.0.0:15002-0 ] INFO  utils.DatanodeStoreCache (DatanodeStoreCache.java:addDB(66)) - Added db /home/runner/work/ozone/ozone/hadoop-ozone/integration-test/target/test-dir/MiniOzoneClusterImpl-7293264f-739e-43f0-b608-0ff531f18758/datanode-2/data-0/containers/hdds/7293264f-739e-43f0-b608-0ff531f18758/DS-415279d2-5343-4e81-acfa-98f23b99efcf/container.db to cache
2023-11-20 14:16:59,011 [c950ed05-5bc7-49cd-b60c-e9631522e919-EndpointStateMachineTaskThread-/0.0.0.0:15002-0 ] INFO  volume.HddsVolume (HddsVolume.java:createDbStore(422)) - SchemaV3 db is created and loaded at /home/runner/work/ozone/ozone/hadoop-ozone/integration-test/target/test-dir/MiniOzoneClusterImpl-7293264f-739e-43f0-b608-0ff531f18758/datanode-2/data-0/containers/hdds/7293264f-739e-43f0-b608-0ff531f18758/DS-415279d2-5343-4e81-acfa-98f23b99efcf/container.db for volume DS-415279d2-5343-4e81-acfa-98f23b99efcf
2023-11-20 14:16:59,011 [c950ed05-5bc7-49cd-b60c-e9631522e919-EndpointStateMachineTaskThread-/0.0.0.0:15002-0 ] INFO  volume.ThrottledAsyncChecker (ThrottledAsyncChecker.java:schedule(141)) - Scheduling a check for /home/runner/work/ozone/ozone/hadoop-ozone/integration-test/target/test-dir/MiniOzoneClusterImpl-7293264f-739e-43f0-b608-0ff531f18758/datanode-2/data-0/containers/hdds
2023-11-20 14:16:59,011 [c950ed05-5bc7-49cd-b60c-e9631522e919-EndpointStateMachineTaskThread-/0.0.0.0:15002-0 ] INFO  volume.StorageVolumeChecker (StorageVolumeChecker.java:checkAllVolumes(218)) - Scheduled health check for volume /home/runner/work/ozone/ozone/hadoop-ozone/integration-test/target/test-dir/MiniOzoneClusterImpl-7293264f-739e-43f0-b608-0ff531f18758/datanode-2/data-0/containers/hdds
2023-11-20 14:16:59,013 [c950ed05-5bc7-49cd-b60c-e9631522e919-EndpointStateMachineTaskThread-/0.0.0.0:15002-0 ] INFO  volume.ThrottledAsyncChecker (ThrottledAsyncChecker.java:schedule(141)) - Scheduling a check for /home/runner/work/ozone/ozone/hadoop-ozone/integration-test/target/test-dir/MiniOzoneClusterImpl-7293264f-739e-43f0-b608-0ff531f18758/datanode-2/data/ratis
2023-11-20 14:16:59,013 [c950ed05-5bc7-49cd-b60c-e9631522e919-EndpointStateMachineTaskThread-/0.0.0.0:15002-0 ] INFO  volume.StorageVolumeChecker (StorageVolumeChecker.java:checkAllVolumes(218)) - Scheduled health check for volume /home/runner/work/ozone/ozone/hadoop-ozone/integration-test/target/test-dir/MiniOzoneClusterImpl-7293264f-739e-43f0-b608-0ff531f18758/datanode-2/data/ratis
2023-11-20 14:16:59,013 [c950ed05-5bc7-49cd-b60c-e9631522e919-EndpointStateMachineTaskThread-/0.0.0.0:15002-0 ] INFO  ozoneimpl.OzoneContainer (OzoneContainer.java:start(441)) - Attempting to start container services.
2023-11-20 14:16:59,013 [c950ed05-5bc7-49cd-b60c-e9631522e919-EndpointStateMachineTaskThread-/0.0.0.0:15002-0 ] INFO  ozoneimpl.OzoneContainer (OzoneContainer.java:startContainerScrub(337)) - Scheduled background container scanners and the on-demand container scanner have been disabled.
2023-11-20 14:16:59,014 [c950ed05-5bc7-49cd-b60c-e9631522e919-EndpointStateMachineTaskThread-/0.0.0.0:15002-0 ] INFO  replication.ReplicationServer (ReplicationServer.java:start(139)) - ReplicationServer is started using port 15034
2023-11-20 14:16:59,014 [c950ed05-5bc7-49cd-b60c-e9631522e919-EndpointStateMachineTaskThread-/0.0.0.0:15002-0 ] INFO  ratis.XceiverServerRatis (XceiverServerRatis.java:start(518)) - Starting XceiverServerRatis c950ed05-5bc7-49cd-b60c-e9631522e919
2023-11-20 14:16:59,015 [c950ed05-5bc7-49cd-b60c-e9631522e919-EndpointStateMachineTaskThread-/0.0.0.0:15002-0 ] INFO  server.RaftServer (RaftServerProxy.java:startImpl(400)) - c950ed05-5bc7-49cd-b60c-e9631522e919: start RPC server
2023-11-20 14:16:59,016 [c950ed05-5bc7-49cd-b60c-e9631522e919-EndpointStateMachineTaskThread-/0.0.0.0:15002-0 ] INFO  server.GrpcService (GrpcService.java:startImpl(302)) - c950ed05-5bc7-49cd-b60c-e9631522e919: GrpcService started, listening on 15030
2023-11-20 14:16:59,017 [c950ed05-5bc7-49cd-b60c-e9631522e919-EndpointStateMachineTaskThread-/0.0.0.0:15002-0 ] INFO  server.GrpcService (GrpcService.java:startImpl(302)) - c950ed05-5bc7-49cd-b60c-e9631522e919: GrpcService started, listening on 15032
2023-11-20 14:16:59,018 [c950ed05-5bc7-49cd-b60c-e9631522e919-EndpointStateMachineTaskThread-/0.0.0.0:15002-0 ] INFO  server.GrpcService (GrpcService.java:startImpl(302)) - c950ed05-5bc7-49cd-b60c-e9631522e919: GrpcService started, listening on 15031
2023-11-20 14:16:59,018 [c950ed05-5bc7-49cd-b60c-e9631522e919-EndpointStateMachineTaskThread-/0.0.0.0:15002-0 ] INFO  ratis.XceiverServerRatis (XceiverServerRatis.java:getRealPort(544)) - XceiverServerRatis c950ed05-5bc7-49cd-b60c-e9631522e919 is started using port 15030 for RATIS
2023-11-20 14:16:59,018 [JvmPauseMonitor4] INFO  util.JvmPauseMonitor (JvmPauseMonitor.java:run(103)) - JvmPauseMonitor-c950ed05-5bc7-49cd-b60c-e9631522e919: Started
2023-11-20 14:16:59,018 [c950ed05-5bc7-49cd-b60c-e9631522e919-EndpointStateMachineTaskThread-/0.0.0.0:15002-0 ] INFO  ratis.XceiverServerRatis (XceiverServerRatis.java:getRealPort(544)) - XceiverServerRatis c950ed05-5bc7-49cd-b60c-e9631522e919 is started using port 15031 for RATIS_ADMIN
2023-11-20 14:16:59,018 [c950ed05-5bc7-49cd-b60c-e9631522e919-EndpointStateMachineTaskThread-/0.0.0.0:15002-0 ] INFO  ratis.XceiverServerRatis (XceiverServerRatis.java:getRealPort(544)) - XceiverServerRatis c950ed05-5bc7-49cd-b60c-e9631522e919 is started using port 15032 for RATIS_SERVER
2023-11-20 14:16:59,018 [c950ed05-5bc7-49cd-b60c-e9631522e919-EndpointStateMachineTaskThread-/0.0.0.0:15002-0 ] INFO  ratis.XceiverServerRatis (XceiverServerRatis.java:getRealPort(544)) - XceiverServerRatis c950ed05-5bc7-49cd-b60c-e9631522e919 is started using port 15033 for RATIS_DATASTREAM
2023-11-20 14:16:59,025 [c950ed05-5bc7-49cd-b60c-e9631522e919-BlockDeletingService#0] INFO  interfaces.ContainerDeletionChoosingPolicyTemplate (ContainerDeletionChoosingPolicyTemplate.java:chooseContainerForBlockDeletion(85)) - Chosen 0/5000 blocks from 0 candidate containers.
2023-11-20 14:16:59,099 [e3a4102d-65f7-48f2-aab6-9dba3586f78e-EndpointStateMachineTaskThread-/0.0.0.0:15002-0 ] INFO  utils.DatanodeStoreCache (DatanodeStoreCache.java:addDB(66)) - Added db /home/runner/work/ozone/ozone/hadoop-ozone/integration-test/target/test-dir/MiniOzoneClusterImpl-7293264f-739e-43f0-b608-0ff531f18758/datanode-3/data-0/containers/hdds/7293264f-739e-43f0-b608-0ff531f18758/DS-7228b78d-9669-4327-af87-9e65c6cf26db/container.db to cache
2023-11-20 14:16:59,099 [e3a4102d-65f7-48f2-aab6-9dba3586f78e-EndpointStateMachineTaskThread-/0.0.0.0:15002-0 ] INFO  volume.HddsVolume (HddsVolume.java:createDbStore(422)) - SchemaV3 db is created and loaded at /home/runner/work/ozone/ozone/hadoop-ozone/integration-test/target/test-dir/MiniOzoneClusterImpl-7293264f-739e-43f0-b608-0ff531f18758/datanode-3/data-0/containers/hdds/7293264f-739e-43f0-b608-0ff531f18758/DS-7228b78d-9669-4327-af87-9e65c6cf26db/container.db for volume DS-7228b78d-9669-4327-af87-9e65c6cf26db
2023-11-20 14:16:59,099 [e3a4102d-65f7-48f2-aab6-9dba3586f78e-EndpointStateMachineTaskThread-/0.0.0.0:15002-0 ] INFO  volume.ThrottledAsyncChecker (ThrottledAsyncChecker.java:schedule(141)) - Scheduling a check for /home/runner/work/ozone/ozone/hadoop-ozone/integration-test/target/test-dir/MiniOzoneClusterImpl-7293264f-739e-43f0-b608-0ff531f18758/datanode-3/data-0/containers/hdds
2023-11-20 14:16:59,099 [e3a4102d-65f7-48f2-aab6-9dba3586f78e-EndpointStateMachineTaskThread-/0.0.0.0:15002-0 ] INFO  volume.StorageVolumeChecker (StorageVolumeChecker.java:checkAllVolumes(218)) - Scheduled health check for volume /home/runner/work/ozone/ozone/hadoop-ozone/integration-test/target/test-dir/MiniOzoneClusterImpl-7293264f-739e-43f0-b608-0ff531f18758/datanode-3/data-0/containers/hdds
2023-11-20 14:16:59,101 [e3a4102d-65f7-48f2-aab6-9dba3586f78e-EndpointStateMachineTaskThread-/0.0.0.0:15002-0 ] INFO  volume.ThrottledAsyncChecker (ThrottledAsyncChecker.java:schedule(141)) - Scheduling a check for /home/runner/work/ozone/ozone/hadoop-ozone/integration-test/target/test-dir/MiniOzoneClusterImpl-7293264f-739e-43f0-b608-0ff531f18758/datanode-3/data/ratis
2023-11-20 14:16:59,101 [e3a4102d-65f7-48f2-aab6-9dba3586f78e-EndpointStateMachineTaskThread-/0.0.0.0:15002-0 ] INFO  volume.StorageVolumeChecker (StorageVolumeChecker.java:checkAllVolumes(218)) - Scheduled health check for volume /home/runner/work/ozone/ozone/hadoop-ozone/integration-test/target/test-dir/MiniOzoneClusterImpl-7293264f-739e-43f0-b608-0ff531f18758/datanode-3/data/ratis
2023-11-20 14:16:59,101 [e3a4102d-65f7-48f2-aab6-9dba3586f78e-EndpointStateMachineTaskThread-/0.0.0.0:15002-0 ] INFO  ozoneimpl.OzoneContainer (OzoneContainer.java:start(441)) - Attempting to start container services.
2023-11-20 14:16:59,101 [e3a4102d-65f7-48f2-aab6-9dba3586f78e-EndpointStateMachineTaskThread-/0.0.0.0:15002-0 ] INFO  ozoneimpl.OzoneContainer (OzoneContainer.java:startContainerScrub(337)) - Scheduled background container scanners and the on-demand container scanner have been disabled.
2023-11-20 14:16:59,103 [e3a4102d-65f7-48f2-aab6-9dba3586f78e-EndpointStateMachineTaskThread-/0.0.0.0:15002-0 ] INFO  replication.ReplicationServer (ReplicationServer.java:start(139)) - ReplicationServer is started using port 15043
2023-11-20 14:16:59,103 [e3a4102d-65f7-48f2-aab6-9dba3586f78e-EndpointStateMachineTaskThread-/0.0.0.0:15002-0 ] INFO  ratis.XceiverServerRatis (XceiverServerRatis.java:start(518)) - Starting XceiverServerRatis e3a4102d-65f7-48f2-aab6-9dba3586f78e
2023-11-20 14:16:59,103 [e3a4102d-65f7-48f2-aab6-9dba3586f78e-EndpointStateMachineTaskThread-/0.0.0.0:15002-0 ] INFO  server.RaftServer (RaftServerProxy.java:startImpl(400)) - e3a4102d-65f7-48f2-aab6-9dba3586f78e: start RPC server
2023-11-20 14:16:59,104 [e3a4102d-65f7-48f2-aab6-9dba3586f78e-EndpointStateMachineTaskThread-/0.0.0.0:15002-0 ] INFO  server.GrpcService (GrpcService.java:startImpl(302)) - e3a4102d-65f7-48f2-aab6-9dba3586f78e: GrpcService started, listening on 15039
2023-11-20 14:16:59,107 [e3a4102d-65f7-48f2-aab6-9dba3586f78e-EndpointStateMachineTaskThread-/0.0.0.0:15002-0 ] INFO  server.GrpcService (GrpcService.java:startImpl(302)) - e3a4102d-65f7-48f2-aab6-9dba3586f78e: GrpcService started, listening on 15041
2023-11-20 14:16:59,110 [e3a4102d-65f7-48f2-aab6-9dba3586f78e-EndpointStateMachineTaskThread-/0.0.0.0:15002-0 ] INFO  server.GrpcService (GrpcService.java:startImpl(302)) - e3a4102d-65f7-48f2-aab6-9dba3586f78e: GrpcService started, listening on 15040
2023-11-20 14:16:59,110 [e3a4102d-65f7-48f2-aab6-9dba3586f78e-EndpointStateMachineTaskThread-/0.0.0.0:15002-0 ] INFO  ratis.XceiverServerRatis (XceiverServerRatis.java:getRealPort(544)) - XceiverServerRatis e3a4102d-65f7-48f2-aab6-9dba3586f78e is started using port 15039 for RATIS
2023-11-20 14:16:59,110 [JvmPauseMonitor5] INFO  util.JvmPauseMonitor (JvmPauseMonitor.java:run(103)) - JvmPauseMonitor-e3a4102d-65f7-48f2-aab6-9dba3586f78e: Started
2023-11-20 14:16:59,110 [e3a4102d-65f7-48f2-aab6-9dba3586f78e-EndpointStateMachineTaskThread-/0.0.0.0:15002-0 ] INFO  ratis.XceiverServerRatis (XceiverServerRatis.java:getRealPort(544)) - XceiverServerRatis e3a4102d-65f7-48f2-aab6-9dba3586f78e is started using port 15040 for RATIS_ADMIN
2023-11-20 14:16:59,110 [e3a4102d-65f7-48f2-aab6-9dba3586f78e-EndpointStateMachineTaskThread-/0.0.0.0:15002-0 ] INFO  ratis.XceiverServerRatis (XceiverServerRatis.java:getRealPort(544)) - XceiverServerRatis e3a4102d-65f7-48f2-aab6-9dba3586f78e is started using port 15041 for RATIS_SERVER
2023-11-20 14:16:59,110 [e3a4102d-65f7-48f2-aab6-9dba3586f78e-EndpointStateMachineTaskThread-/0.0.0.0:15002-0 ] INFO  ratis.XceiverServerRatis (XceiverServerRatis.java:getRealPort(544)) - XceiverServerRatis e3a4102d-65f7-48f2-aab6-9dba3586f78e is started using port 15042 for RATIS_DATASTREAM
2023-11-20 14:16:59,117 [e3a4102d-65f7-48f2-aab6-9dba3586f78e-BlockDeletingService#0] INFO  interfaces.ContainerDeletionChoosingPolicyTemplate (ContainerDeletionChoosingPolicyTemplate.java:chooseContainerForBlockDeletion(85)) - Chosen 0/5000 blocks from 0 candidate containers.
2023-11-20 14:16:59,195 [main] INFO  ozone.MiniOzoneClusterImpl (MiniOzoneClusterImpl.java:lambda$waitForClusterToBeReady$0(229)) - Waiting for nodes to be ready. Got 0 of 5 DN Heartbeats.
2023-11-20 14:16:59,195 [main] INFO  ozone.MiniOzoneClusterImpl (MiniOzoneClusterImpl.java:lambda$waitForClusterToBeReady$0(232)) - Waiting for cluster to exit safe mode
2023-11-20 14:16:59,195 [main] INFO  ozone.MiniOzoneClusterImpl (MiniOzoneClusterImpl.java:lambda$waitForClusterToBeReady$0(234)) - SCM became leader
2023-11-20 14:16:59,218 [4acbe1c1-18a2-4209-a8df-4dbe8c379458-EndpointStateMachineTaskThread-/0.0.0.0:15002-0 ] INFO  utils.DatanodeStoreCache (DatanodeStoreCache.java:addDB(66)) - Added db /home/runner/work/ozone/ozone/hadoop-ozone/integration-test/target/test-dir/MiniOzoneClusterImpl-7293264f-739e-43f0-b608-0ff531f18758/datanode-4/data-0/containers/hdds/7293264f-739e-43f0-b608-0ff531f18758/DS-75802f7d-1558-4cc9-8cb2-df3707031dde/container.db to cache
2023-11-20 14:16:59,218 [4acbe1c1-18a2-4209-a8df-4dbe8c379458-EndpointStateMachineTaskThread-/0.0.0.0:15002-0 ] INFO  volume.HddsVolume (HddsVolume.java:createDbStore(422)) - SchemaV3 db is created and loaded at /home/runner/work/ozone/ozone/hadoop-ozone/integration-test/target/test-dir/MiniOzoneClusterImpl-7293264f-739e-43f0-b608-0ff531f18758/datanode-4/data-0/containers/hdds/7293264f-739e-43f0-b608-0ff531f18758/DS-75802f7d-1558-4cc9-8cb2-df3707031dde/container.db for volume DS-75802f7d-1558-4cc9-8cb2-df3707031dde
2023-11-20 14:16:59,218 [4acbe1c1-18a2-4209-a8df-4dbe8c379458-EndpointStateMachineTaskThread-/0.0.0.0:15002-0 ] INFO  volume.ThrottledAsyncChecker (ThrottledAsyncChecker.java:schedule(141)) - Scheduling a check for /home/runner/work/ozone/ozone/hadoop-ozone/integration-test/target/test-dir/MiniOzoneClusterImpl-7293264f-739e-43f0-b608-0ff531f18758/datanode-4/data-0/containers/hdds
2023-11-20 14:16:59,218 [4acbe1c1-18a2-4209-a8df-4dbe8c379458-EndpointStateMachineTaskThread-/0.0.0.0:15002-0 ] INFO  volume.StorageVolumeChecker (StorageVolumeChecker.java:checkAllVolumes(218)) - Scheduled health check for volume /home/runner/work/ozone/ozone/hadoop-ozone/integration-test/target/test-dir/MiniOzoneClusterImpl-7293264f-739e-43f0-b608-0ff531f18758/datanode-4/data-0/containers/hdds
2023-11-20 14:16:59,220 [4acbe1c1-18a2-4209-a8df-4dbe8c379458-EndpointStateMachineTaskThread-/0.0.0.0:15002-0 ] INFO  volume.ThrottledAsyncChecker (ThrottledAsyncChecker.java:schedule(141)) - Scheduling a check for /home/runner/work/ozone/ozone/hadoop-ozone/integration-test/target/test-dir/MiniOzoneClusterImpl-7293264f-739e-43f0-b608-0ff531f18758/datanode-4/data/ratis
2023-11-20 14:16:59,220 [4acbe1c1-18a2-4209-a8df-4dbe8c379458-EndpointStateMachineTaskThread-/0.0.0.0:15002-0 ] INFO  volume.StorageVolumeChecker (StorageVolumeChecker.java:checkAllVolumes(218)) - Scheduled health check for volume /home/runner/work/ozone/ozone/hadoop-ozone/integration-test/target/test-dir/MiniOzoneClusterImpl-7293264f-739e-43f0-b608-0ff531f18758/datanode-4/data/ratis
2023-11-20 14:16:59,220 [4acbe1c1-18a2-4209-a8df-4dbe8c379458-EndpointStateMachineTaskThread-/0.0.0.0:15002-0 ] INFO  ozoneimpl.OzoneContainer (OzoneContainer.java:start(441)) - Attempting to start container services.
2023-11-20 14:16:59,220 [4acbe1c1-18a2-4209-a8df-4dbe8c379458-EndpointStateMachineTaskThread-/0.0.0.0:15002-0 ] INFO  ozoneimpl.OzoneContainer (OzoneContainer.java:startContainerScrub(337)) - Scheduled background container scanners and the on-demand container scanner have been disabled.
2023-11-20 14:16:59,221 [4acbe1c1-18a2-4209-a8df-4dbe8c379458-EndpointStateMachineTaskThread-/0.0.0.0:15002-0 ] INFO  replication.ReplicationServer (ReplicationServer.java:start(139)) - ReplicationServer is started using port 15052
2023-11-20 14:16:59,221 [4acbe1c1-18a2-4209-a8df-4dbe8c379458-EndpointStateMachineTaskThread-/0.0.0.0:15002-0 ] INFO  ratis.XceiverServerRatis (XceiverServerRatis.java:start(518)) - Starting XceiverServerRatis 4acbe1c1-18a2-4209-a8df-4dbe8c379458
2023-11-20 14:16:59,222 [4acbe1c1-18a2-4209-a8df-4dbe8c379458-EndpointStateMachineTaskThread-/0.0.0.0:15002-0 ] INFO  server.RaftServer (RaftServerProxy.java:startImpl(400)) - 4acbe1c1-18a2-4209-a8df-4dbe8c379458: start RPC server
2023-11-20 14:16:59,223 [4acbe1c1-18a2-4209-a8df-4dbe8c379458-EndpointStateMachineTaskThread-/0.0.0.0:15002-0 ] INFO  server.GrpcService (GrpcService.java:startImpl(302)) - 4acbe1c1-18a2-4209-a8df-4dbe8c379458: GrpcService started, listening on 15048
2023-11-20 14:16:59,223 [4acbe1c1-18a2-4209-a8df-4dbe8c379458-EndpointStateMachineTaskThread-/0.0.0.0:15002-0 ] INFO  server.GrpcService (GrpcService.java:startImpl(302)) - 4acbe1c1-18a2-4209-a8df-4dbe8c379458: GrpcService started, listening on 15050
2023-11-20 14:16:59,224 [4acbe1c1-18a2-4209-a8df-4dbe8c379458-EndpointStateMachineTaskThread-/0.0.0.0:15002-0 ] INFO  server.GrpcService (GrpcService.java:startImpl(302)) - 4acbe1c1-18a2-4209-a8df-4dbe8c379458: GrpcService started, listening on 15049
2023-11-20 14:16:59,224 [4acbe1c1-18a2-4209-a8df-4dbe8c379458-EndpointStateMachineTaskThread-/0.0.0.0:15002-0 ] INFO  ratis.XceiverServerRatis (XceiverServerRatis.java:getRealPort(544)) - XceiverServerRatis 4acbe1c1-18a2-4209-a8df-4dbe8c379458 is started using port 15048 for RATIS
2023-11-20 14:16:59,224 [4acbe1c1-18a2-4209-a8df-4dbe8c379458-EndpointStateMachineTaskThread-/0.0.0.0:15002-0 ] INFO  ratis.XceiverServerRatis (XceiverServerRatis.java:getRealPort(544)) - XceiverServerRatis 4acbe1c1-18a2-4209-a8df-4dbe8c379458 is started using port 15049 for RATIS_ADMIN
2023-11-20 14:16:59,224 [JvmPauseMonitor6] INFO  util.JvmPauseMonitor (JvmPauseMonitor.java:run(103)) - JvmPauseMonitor-4acbe1c1-18a2-4209-a8df-4dbe8c379458: Started
2023-11-20 14:16:59,224 [4acbe1c1-18a2-4209-a8df-4dbe8c379458-EndpointStateMachineTaskThread-/0.0.0.0:15002-0 ] INFO  ratis.XceiverServerRatis (XceiverServerRatis.java:getRealPort(544)) - XceiverServerRatis 4acbe1c1-18a2-4209-a8df-4dbe8c379458 is started using port 15050 for RATIS_SERVER
2023-11-20 14:16:59,224 [4acbe1c1-18a2-4209-a8df-4dbe8c379458-EndpointStateMachineTaskThread-/0.0.0.0:15002-0 ] INFO  ratis.XceiverServerRatis (XceiverServerRatis.java:getRealPort(544)) - XceiverServerRatis 4acbe1c1-18a2-4209-a8df-4dbe8c379458 is started using port 15051 for RATIS_DATASTREAM
2023-11-20 14:16:59,226 [4acbe1c1-18a2-4209-a8df-4dbe8c379458-BlockDeletingService#0] INFO  interfaces.ContainerDeletionChoosingPolicyTemplate (ContainerDeletionChoosingPolicyTemplate.java:chooseContainerForBlockDeletion(85)) - Chosen 0/5000 blocks from 0 candidate containers.
2023-11-20 14:17:00,196 [main] INFO  ozone.MiniOzoneClusterImpl (MiniOzoneClusterImpl.java:lambda$waitForClusterToBeReady$0(229)) - Waiting for nodes to be ready. Got 0 of 5 DN Heartbeats.
2023-11-20 14:17:00,196 [main] INFO  ozone.MiniOzoneClusterImpl (MiniOzoneClusterImpl.java:lambda$waitForClusterToBeReady$0(232)) - Waiting for cluster to exit safe mode
2023-11-20 14:17:00,196 [main] INFO  ozone.MiniOzoneClusterImpl (MiniOzoneClusterImpl.java:lambda$waitForClusterToBeReady$0(234)) - SCM became leader
2023-11-20 14:17:00,790 [IPC Server handler 9 on default port 15002] INFO  net.NetworkTopologyImpl (NetworkTopologyImpl.java:add(123)) - Added a new node: /default-rack/e744cdee-db3a-4307-a129-877114b2ee40
2023-11-20 14:17:00,792 [IPC Server handler 9 on default port 15002] INFO  node.SCMNodeManager (SCMNodeManager.java:register(405)) - Registered Data node : e744cdee-db3a-4307-a129-877114b2ee40{ip: 10.1.0.10, host: fv-az1500-317.a2vfemv3ef5etcjjw3rviercvg.cx.internal.cloudapp.net, ports: [HTTP=15009, CLIENT_RPC=15010, REPLICATION=15016, RATIS=15012, RATIS_ADMIN=15013, RATIS_SERVER=15014, RATIS_DATASTREAM=15015, STANDALONE=15011], networkLocation: /default-rack, certSerialId: null, persistedOpState: null, persistedOpStateExpiryEpochSec: 0}
2023-11-20 14:17:00,794 [EventQueue-NewNodeForNewNodeHandler] INFO  pipeline.BackgroundPipelineCreator (BackgroundPipelineCreator.java:notifyEventTriggered(280)) - trigger a one-shot run on RatisPipelineUtilsThread.
2023-11-20 14:17:00,795 [EventQueue-NodeRegistrationContainerReportForDataNodeSafeModeRule] INFO  safemode.SCMSafeModeManager (DataNodeSafeModeRule.java:process(71)) - SCM in safe mode. 1 DataNodes registered, 3 required.
2023-11-20 14:17:00,795 [EventQueue-NodeRegistrationContainerReportForContainerSafeModeRule] INFO  safemode.SCMSafeModeManager (SCMSafeModeManager.java:validateSafeModeExitRules(200)) - ContainerSafeModeRule rule is successfully validated
2023-11-20 14:17:00,795 [EventQueue-PipelineReportForOneReplicaPipelineSafeModeRule] INFO  safemode.SCMSafeModeManager (SCMSafeModeManager.java:validateSafeModeExitRules(200)) - AtleastOneDatanodeReportedRule rule is successfully validated
2023-11-20 14:17:00,801 [RatisPipelineUtilsThread-0] INFO  pipeline.RatisPipelineProvider (RatisPipelineProvider.java:lambda$create$0(206)) - Sending CreatePipelineCommand for pipeline:PipelineID=a7c19118-fc61-4d7b-bda4-a15e7fb09128 to datanode:e744cdee-db3a-4307-a129-877114b2ee40
2023-11-20 14:17:00,810 [RatisPipelineUtilsThread-0] INFO  pipeline.BackgroundPipelineCreator (BackgroundPipelineCreator.java:createPipelines(236)) - Created new pipeline Pipeline[ Id: a7c19118-fc61-4d7b-bda4-a15e7fb09128, Nodes: e744cdee-db3a-4307-a129-877114b2ee40(fv-az1500-317.a2vfemv3ef5etcjjw3rviercvg.cx.internal.cloudapp.net/10.1.0.10), ReplicationConfig: RATIS/ONE, State:ALLOCATED, leaderId:, CreationTimestamp2023-11-20T14:17:00.801Z[Etc/UTC]]
2023-11-20 14:17:00,892 [IPC Server handler 0 on default port 15002] INFO  net.NetworkTopologyImpl (NetworkTopologyImpl.java:add(123)) - Added a new node: /default-rack/617fee10-5999-41fc-ba89-05e5beaae1db
2023-11-20 14:17:00,892 [IPC Server handler 0 on default port 15002] INFO  node.SCMNodeManager (SCMNodeManager.java:register(405)) - Registered Data node : 617fee10-5999-41fc-ba89-05e5beaae1db{ip: 10.1.0.10, host: fv-az1500-317.a2vfemv3ef5etcjjw3rviercvg.cx.internal.cloudapp.net, ports: [HTTP=15018, CLIENT_RPC=15019, REPLICATION=15025, RATIS=15021, RATIS_ADMIN=15022, RATIS_SERVER=15023, RATIS_DATASTREAM=15024, STANDALONE=15020], networkLocation: /default-rack, certSerialId: null, persistedOpState: null, persistedOpStateExpiryEpochSec: 0}
2023-11-20 14:17:00,893 [EventQueue-NodeRegistrationContainerReportForDataNodeSafeModeRule] INFO  safemode.SCMSafeModeManager (DataNodeSafeModeRule.java:process(71)) - SCM in safe mode. 2 DataNodes registered, 3 required.
2023-11-20 14:17:00,893 [EventQueue-NewNodeForNewNodeHandler] INFO  pipeline.BackgroundPipelineCreator (BackgroundPipelineCreator.java:notifyEventTriggered(280)) - trigger a one-shot run on RatisPipelineUtilsThread.
2023-11-20 14:17:00,894 [RatisPipelineUtilsThread-0] INFO  pipeline.RatisPipelineProvider (RatisPipelineProvider.java:lambda$create$0(206)) - Sending CreatePipelineCommand for pipeline:PipelineID=ddb22c92-2c6c-4f72-9923-c5601dffeb53 to datanode:617fee10-5999-41fc-ba89-05e5beaae1db
2023-11-20 14:17:00,894 [RatisPipelineUtilsThread-0] INFO  pipeline.BackgroundPipelineCreator (BackgroundPipelineCreator.java:createPipelines(236)) - Created new pipeline Pipeline[ Id: ddb22c92-2c6c-4f72-9923-c5601dffeb53, Nodes: 617fee10-5999-41fc-ba89-05e5beaae1db(fv-az1500-317.a2vfemv3ef5etcjjw3rviercvg.cx.internal.cloudapp.net/10.1.0.10), ReplicationConfig: RATIS/ONE, State:ALLOCATED, leaderId:, CreationTimestamp2023-11-20T14:17:00.894Z[Etc/UTC]]
2023-11-20 14:17:00,990 [IPC Server handler 1 on default port 15002] INFO  net.NetworkTopologyImpl (NetworkTopologyImpl.java:add(123)) - Added a new node: /default-rack/c950ed05-5bc7-49cd-b60c-e9631522e919
2023-11-20 14:17:00,990 [IPC Server handler 1 on default port 15002] INFO  node.SCMNodeManager (SCMNodeManager.java:register(405)) - Registered Data node : c950ed05-5bc7-49cd-b60c-e9631522e919{ip: 10.1.0.10, host: fv-az1500-317.a2vfemv3ef5etcjjw3rviercvg.cx.internal.cloudapp.net, ports: [HTTP=15027, CLIENT_RPC=15028, REPLICATION=15034, RATIS=15030, RATIS_ADMIN=15031, RATIS_SERVER=15032, RATIS_DATASTREAM=15033, STANDALONE=15029], networkLocation: /default-rack, certSerialId: null, persistedOpState: null, persistedOpStateExpiryEpochSec: 0}
2023-11-20 14:17:00,990 [EventQueue-NewNodeForNewNodeHandler] INFO  pipeline.BackgroundPipelineCreator (BackgroundPipelineCreator.java:notifyEventTriggered(280)) - trigger a one-shot run on RatisPipelineUtilsThread.
2023-11-20 14:17:00,990 [EventQueue-NodeRegistrationContainerReportForDataNodeSafeModeRule] INFO  safemode.SCMSafeModeManager (DataNodeSafeModeRule.java:process(71)) - SCM in safe mode. 3 DataNodes registered, 3 required.
2023-11-20 14:17:00,991 [EventQueue-NodeRegistrationContainerReportForDataNodeSafeModeRule] INFO  safemode.SCMSafeModeManager (SCMSafeModeManager.java:validateSafeModeExitRules(200)) - DataNodeSafeModeRule rule is successfully validated
2023-11-20 14:17:00,991 [EventQueue-NodeRegistrationContainerReportForDataNodeSafeModeRule] INFO  safemode.SCMSafeModeManager (SCMSafeModeManager.java:completePreCheck(229)) - All SCM safe mode pre check rules have passed
2023-11-20 14:17:00,991 [EventQueue-NodeRegistrationContainerReportForDataNodeSafeModeRule] INFO  ha.SCMContext (SCMContext.java:updateSafeModeStatus(230)) - Update SafeModeStatus from SafeModeStatus{safeModeStatus=true, preCheckPassed=false} to SafeModeStatus{safeModeStatus=true, preCheckPassed=true}.
2023-11-20 14:17:00,991 [EventQueue-NodeRegistrationContainerReportForDataNodeSafeModeRule] INFO  pipeline.BackgroundPipelineCreator (BackgroundPipelineCreator.java:notifyEventTriggered(280)) - trigger a one-shot run on RatisPipelineUtilsThread.
2023-11-20 14:17:00,991 [RatisPipelineUtilsThread-0] INFO  pipeline.RatisPipelineProvider (RatisPipelineProvider.java:lambda$create$0(206)) - Sending CreatePipelineCommand for pipeline:PipelineID=3fbb9273-50ee-499e-8ee4-c85e64ae9605 to datanode:c950ed05-5bc7-49cd-b60c-e9631522e919
2023-11-20 14:17:00,992 [RatisPipelineUtilsThread-0] INFO  pipeline.BackgroundPipelineCreator (BackgroundPipelineCreator.java:createPipelines(236)) - Created new pipeline Pipeline[ Id: 3fbb9273-50ee-499e-8ee4-c85e64ae9605, Nodes: c950ed05-5bc7-49cd-b60c-e9631522e919(fv-az1500-317.a2vfemv3ef5etcjjw3rviercvg.cx.internal.cloudapp.net/10.1.0.10), ReplicationConfig: RATIS/ONE, State:ALLOCATED, leaderId:, CreationTimestamp2023-11-20T14:17:00.991Z[Etc/UTC]]
2023-11-20 14:17:00,995 [RatisPipelineUtilsThread-0] INFO  pipeline.RatisPipelineProvider (RatisPipelineProvider.java:lambda$create$0(206)) - Sending CreatePipelineCommand for pipeline:PipelineID=911e060c-e869-432f-a70b-a5a1344c0f7c to datanode:e744cdee-db3a-4307-a129-877114b2ee40
2023-11-20 14:17:00,995 [RatisPipelineUtilsThread-0] INFO  pipeline.RatisPipelineProvider (RatisPipelineProvider.java:lambda$create$0(206)) - Sending CreatePipelineCommand for pipeline:PipelineID=911e060c-e869-432f-a70b-a5a1344c0f7c to datanode:617fee10-5999-41fc-ba89-05e5beaae1db
2023-11-20 14:17:00,995 [RatisPipelineUtilsThread-0] INFO  pipeline.RatisPipelineProvider (RatisPipelineProvider.java:lambda$create$0(206)) - Sending CreatePipelineCommand for pipeline:PipelineID=911e060c-e869-432f-a70b-a5a1344c0f7c to datanode:c950ed05-5bc7-49cd-b60c-e9631522e919
2023-11-20 14:17:00,996 [RatisPipelineUtilsThread-0] INFO  pipeline.BackgroundPipelineCreator (BackgroundPipelineCreator.java:createPipelines(236)) - Created new pipeline Pipeline[ Id: 911e060c-e869-432f-a70b-a5a1344c0f7c, Nodes: e744cdee-db3a-4307-a129-877114b2ee40(fv-az1500-317.a2vfemv3ef5etcjjw3rviercvg.cx.internal.cloudapp.net/10.1.0.10)617fee10-5999-41fc-ba89-05e5beaae1db(fv-az1500-317.a2vfemv3ef5etcjjw3rviercvg.cx.internal.cloudapp.net/10.1.0.10)c950ed05-5bc7-49cd-b60c-e9631522e919(fv-az1500-317.a2vfemv3ef5etcjjw3rviercvg.cx.internal.cloudapp.net/10.1.0.10), ReplicationConfig: RATIS/THREE, State:ALLOCATED, leaderId:, CreationTimestamp2023-11-20T14:17:00.994Z[Etc/UTC]]
2023-11-20 14:17:00,997 [RatisPipelineUtilsThread-0] INFO  pipeline.RatisPipelineProvider (RatisPipelineProvider.java:lambda$create$0(206)) - Sending CreatePipelineCommand for pipeline:PipelineID=1b8177ee-0fa2-43ee-b8e1-101e1c95831d to datanode:c950ed05-5bc7-49cd-b60c-e9631522e919
2023-11-20 14:17:00,997 [RatisPipelineUtilsThread-0] INFO  pipeline.RatisPipelineProvider (RatisPipelineProvider.java:lambda$create$0(206)) - Sending CreatePipelineCommand for pipeline:PipelineID=1b8177ee-0fa2-43ee-b8e1-101e1c95831d to datanode:617fee10-5999-41fc-ba89-05e5beaae1db
2023-11-20 14:17:00,997 [RatisPipelineUtilsThread-0] INFO  pipeline.RatisPipelineProvider (RatisPipelineProvider.java:lambda$create$0(206)) - Sending CreatePipelineCommand for pipeline:PipelineID=1b8177ee-0fa2-43ee-b8e1-101e1c95831d to datanode:e744cdee-db3a-4307-a129-877114b2ee40
2023-11-20 14:17:00,998 [RatisPipelineUtilsThread-0] INFO  pipeline.PipelineManagerImpl (PipelineManagerImpl.java:recordMetricsForPipeline(895)) - Pipeline: PipelineID=1b8177ee-0fa2-43ee-b8e1-101e1c95831d contains same datanodes as previous pipelines: PipelineID=911e060c-e869-432f-a70b-a5a1344c0f7c nodeIds: c950ed05-5bc7-49cd-b60c-e9631522e919, 617fee10-5999-41fc-ba89-05e5beaae1db, e744cdee-db3a-4307-a129-877114b2ee40
2023-11-20 14:17:00,998 [RatisPipelineUtilsThread-0] INFO  pipeline.BackgroundPipelineCreator (BackgroundPipelineCreator.java:createPipelines(236)) - Created new pipeline Pipeline[ Id: 1b8177ee-0fa2-43ee-b8e1-101e1c95831d, Nodes: c950ed05-5bc7-49cd-b60c-e9631522e919(fv-az1500-317.a2vfemv3ef5etcjjw3rviercvg.cx.internal.cloudapp.net/10.1.0.10)617fee10-5999-41fc-ba89-05e5beaae1db(fv-az1500-317.a2vfemv3ef5etcjjw3rviercvg.cx.internal.cloudapp.net/10.1.0.10)e744cdee-db3a-4307-a129-877114b2ee40(fv-az1500-317.a2vfemv3ef5etcjjw3rviercvg.cx.internal.cloudapp.net/10.1.0.10), ReplicationConfig: RATIS/THREE, State:ALLOCATED, leaderId:, CreationTimestamp2023-11-20T14:17:00.997Z[Etc/UTC]]
2023-11-20 14:17:01,079 [IPC Server handler 2 on default port 15002] INFO  net.NetworkTopologyImpl (NetworkTopologyImpl.java:add(123)) - Added a new node: /default-rack/e3a4102d-65f7-48f2-aab6-9dba3586f78e
2023-11-20 14:17:01,080 [IPC Server handler 2 on default port 15002] INFO  node.SCMNodeManager (SCMNodeManager.java:register(405)) - Registered Data node : e3a4102d-65f7-48f2-aab6-9dba3586f78e{ip: 10.1.0.10, host: fv-az1500-317.a2vfemv3ef5etcjjw3rviercvg.cx.internal.cloudapp.net, ports: [HTTP=15036, CLIENT_RPC=15037, REPLICATION=15043, RATIS=15039, RATIS_ADMIN=15040, RATIS_SERVER=15041, RATIS_DATASTREAM=15042, STANDALONE=15038], networkLocation: /default-rack, certSerialId: null, persistedOpState: null, persistedOpStateExpiryEpochSec: 0}
2023-11-20 14:17:01,080 [EventQueue-NewNodeForNewNodeHandler] INFO  pipeline.BackgroundPipelineCreator (BackgroundPipelineCreator.java:notifyEventTriggered(280)) - trigger a one-shot run on RatisPipelineUtilsThread.
2023-11-20 14:17:01,080 [RatisPipelineUtilsThread-0] INFO  pipeline.RatisPipelineProvider (RatisPipelineProvider.java:lambda$create$0(206)) - Sending CreatePipelineCommand for pipeline:PipelineID=850127b2-0ad9-4913-bfbf-d1051c5d3047 to datanode:e3a4102d-65f7-48f2-aab6-9dba3586f78e
2023-11-20 14:17:01,081 [RatisPipelineUtilsThread-0] INFO  pipeline.BackgroundPipelineCreator (BackgroundPipelineCreator.java:createPipelines(236)) - Created new pipeline Pipeline[ Id: 850127b2-0ad9-4913-bfbf-d1051c5d3047, Nodes: e3a4102d-65f7-48f2-aab6-9dba3586f78e(fv-az1500-317.a2vfemv3ef5etcjjw3rviercvg.cx.internal.cloudapp.net/10.1.0.10), ReplicationConfig: RATIS/ONE, State:ALLOCATED, leaderId:, CreationTimestamp2023-11-20T14:17:01.080Z[Etc/UTC]]
2023-11-20 14:17:01,196 [main] INFO  ozone.MiniOzoneClusterImpl (MiniOzoneClusterImpl.java:lambda$waitForClusterToBeReady$0(229)) - Waiting for nodes to be ready. Got 4 of 5 DN Heartbeats.
2023-11-20 14:17:01,196 [main] INFO  ozone.MiniOzoneClusterImpl (MiniOzoneClusterImpl.java:lambda$waitForClusterToBeReady$0(232)) - Waiting for cluster to exit safe mode
2023-11-20 14:17:01,196 [main] INFO  ozone.MiniOzoneClusterImpl (MiniOzoneClusterImpl.java:lambda$waitForClusterToBeReady$0(234)) - SCM became leader
2023-11-20 14:17:01,197 [IPC Server handler 3 on default port 15002] INFO  net.NetworkTopologyImpl (NetworkTopologyImpl.java:add(123)) - Added a new node: /default-rack/4acbe1c1-18a2-4209-a8df-4dbe8c379458
2023-11-20 14:17:01,197 [IPC Server handler 3 on default port 15002] INFO  node.SCMNodeManager (SCMNodeManager.java:register(405)) - Registered Data node : 4acbe1c1-18a2-4209-a8df-4dbe8c379458{ip: 10.1.0.10, host: fv-az1500-317.a2vfemv3ef5etcjjw3rviercvg.cx.internal.cloudapp.net, ports: [HTTP=15045, CLIENT_RPC=15046, REPLICATION=15052, RATIS=15048, RATIS_ADMIN=15049, RATIS_SERVER=15050, RATIS_DATASTREAM=15051, STANDALONE=15047], networkLocation: /default-rack, certSerialId: null, persistedOpState: null, persistedOpStateExpiryEpochSec: 0}
2023-11-20 14:17:01,197 [EventQueue-NewNodeForNewNodeHandler] INFO  pipeline.BackgroundPipelineCreator (BackgroundPipelineCreator.java:notifyEventTriggered(280)) - trigger a one-shot run on RatisPipelineUtilsThread.
2023-11-20 14:17:01,201 [RatisPipelineUtilsThread-0] INFO  pipeline.RatisPipelineProvider (RatisPipelineProvider.java:lambda$create$0(206)) - Sending CreatePipelineCommand for pipeline:PipelineID=b87b8d6f-bbdc-4f5c-b384-012ed37c3e4b to datanode:4acbe1c1-18a2-4209-a8df-4dbe8c379458
2023-11-20 14:17:01,202 [RatisPipelineUtilsThread-0] INFO  pipeline.BackgroundPipelineCreator (BackgroundPipelineCreator.java:createPipelines(236)) - Created new pipeline Pipeline[ Id: b87b8d6f-bbdc-4f5c-b384-012ed37c3e4b, Nodes: 4acbe1c1-18a2-4209-a8df-4dbe8c379458(fv-az1500-317.a2vfemv3ef5etcjjw3rviercvg.cx.internal.cloudapp.net/10.1.0.10), ReplicationConfig: RATIS/ONE, State:ALLOCATED, leaderId:, CreationTimestamp2023-11-20T14:17:01.201Z[Etc/UTC]]
2023-11-20 14:17:02,197 [main] INFO  ozone.MiniOzoneClusterImpl (MiniOzoneClusterImpl.java:lambda$waitForClusterToBeReady$0(229)) - Nodes are ready. Got 5 of 5 DN Heartbeats.
2023-11-20 14:17:02,197 [main] INFO  ozone.MiniOzoneClusterImpl (MiniOzoneClusterImpl.java:lambda$waitForClusterToBeReady$0(232)) - Waiting for cluster to exit safe mode
2023-11-20 14:17:02,197 [main] INFO  ozone.MiniOzoneClusterImpl (MiniOzoneClusterImpl.java:lambda$waitForClusterToBeReady$0(234)) - SCM became leader
2023-11-20 14:17:03,198 [main] INFO  ozone.MiniOzoneClusterImpl (MiniOzoneClusterImpl.java:lambda$waitForClusterToBeReady$0(229)) - Nodes are ready. Got 5 of 5 DN Heartbeats.
2023-11-20 14:17:03,198 [main] INFO  ozone.MiniOzoneClusterImpl (MiniOzoneClusterImpl.java:lambda$waitForClusterToBeReady$0(232)) - Waiting for cluster to exit safe mode
2023-11-20 14:17:03,198 [main] INFO  ozone.MiniOzoneClusterImpl (MiniOzoneClusterImpl.java:lambda$waitForClusterToBeReady$0(234)) - SCM became leader
2023-11-20 14:17:03,789 [e744cdee-db3a-4307-a129-877114b2ee40-PipelineCommandHandlerThread-0] INFO  server.RaftServer (RaftServerProxy.java:addNew(98)) - e744cdee-db3a-4307-a129-877114b2ee40: addNew group-A15E7FB09128:[e744cdee-db3a-4307-a129-877114b2ee40|rpc:10.1.0.10:15014|admin:10.1.0.10:15013|client:10.1.0.10:15012|dataStream:10.1.0.10:15015|priority:1|startupRole:FOLLOWER] returns group-A15E7FB09128:java.util.concurrent.CompletableFuture@1bc82815[Not completed]
2023-11-20 14:17:03,796 [e744cdee-db3a-4307-a129-877114b2ee40-groupManagement] INFO  server.RaftServer$Division (RaftServerImpl.java:<init>(198)) - e744cdee-db3a-4307-a129-877114b2ee40: new RaftServerImpl for group-A15E7FB09128:[e744cdee-db3a-4307-a129-877114b2ee40|rpc:10.1.0.10:15014|admin:10.1.0.10:15013|client:10.1.0.10:15012|dataStream:10.1.0.10:15015|priority:1|startupRole:FOLLOWER] with ContainerStateMachine:uninitialized
2023-11-20 14:17:03,796 [e744cdee-db3a-4307-a129-877114b2ee40-groupManagement] INFO  server.RaftServerConfigKeys (ConfUtils.java:logGet(46)) - raft.server.rpc.timeout.min = 5s (custom)
2023-11-20 14:17:03,796 [e744cdee-db3a-4307-a129-877114b2ee40-groupManagement] INFO  server.RaftServerConfigKeys (ConfUtils.java:logGet(46)) - raft.server.rpc.timeout.max = 5200ms (custom)
2023-11-20 14:17:03,796 [e744cdee-db3a-4307-a129-877114b2ee40-groupManagement] INFO  server.RaftServerConfigKeys (ConfUtils.java:logGet(46)) - raft.server.rpc.sleep.time = 25ms (default)
2023-11-20 14:17:03,796 [e744cdee-db3a-4307-a129-877114b2ee40-groupManagement] INFO  server.RaftServerConfigKeys (ConfUtils.java:logGet(46)) - raft.server.rpc.slowness.timeout = 300s (custom)
2023-11-20 14:17:03,796 [e744cdee-db3a-4307-a129-877114b2ee40-groupManagement] INFO  server.RaftServerConfigKeys (ConfUtils.java:logGet(46)) - raft.server.leaderelection.leader.step-down.wait-time = 10s (default)
2023-11-20 14:17:03,796 [e744cdee-db3a-4307-a129-877114b2ee40-groupManagement] INFO  server.RaftServerConfigKeys (ConfUtils.java:logGet(46)) - raft.server.sleep.deviation.threshold = 300ms (default)
2023-11-20 14:17:03,796 [e744cdee-db3a-4307-a129-877114b2ee40-groupManagement] INFO  server.RaftServer$Division (ServerState.java:<init>(120)) - e744cdee-db3a-4307-a129-877114b2ee40@group-A15E7FB09128: ConfigurationManager, init=-1: peers:[e744cdee-db3a-4307-a129-877114b2ee40|rpc:10.1.0.10:15014|admin:10.1.0.10:15013|client:10.1.0.10:15012|dataStream:10.1.0.10:15015|priority:1|startupRole:FOLLOWER]|listeners:[], old=null, confs=<EMPTY_MAP>
2023-11-20 14:17:03,796 [e744cdee-db3a-4307-a129-877114b2ee40-groupManagement] INFO  server.RaftServerConfigKeys (ConfUtils.java:logGet(46)) - raft.server.storage.dir = [/home/runner/work/ozone/ozone/hadoop-ozone/integration-test/target/test-dir/MiniOzoneClusterImpl-7293264f-739e-43f0-b608-0ff531f18758/datanode-0/data/ratis] (custom)
2023-11-20 14:17:03,797 [e744cdee-db3a-4307-a129-877114b2ee40-groupManagement] INFO  server.RaftServerConfigKeys (ConfUtils.java:logGet(46)) - raft.server.log.corruption.policy = EXCEPTION (default)
2023-11-20 14:17:03,797 [e744cdee-db3a-4307-a129-877114b2ee40-groupManagement] INFO  server.RaftServerConfigKeys (ConfUtils.java:logGet(46)) - raft.server.storage.free-space.min = 0MB (=0) (default)
2023-11-20 14:17:03,797 [e744cdee-db3a-4307-a129-877114b2ee40-groupManagement] INFO  server.RaftServerConfigKeys (ConfUtils.java:logGet(46)) - raft.server.notification.no-leader.timeout = 300s (custom)
2023-11-20 14:17:03,797 [e744cdee-db3a-4307-a129-877114b2ee40-groupManagement] INFO  server.RaftServerConfigKeys (ConfUtils.java:logGet(46)) - raft.server.read.timeout = 10s (default)
2023-11-20 14:17:03,797 [e744cdee-db3a-4307-a129-877114b2ee40-groupManagement] INFO  server.RaftServerConfigKeys (ConfUtils.java:logGet(46)) - raft.server.retrycache.expirytime = 600000ms (custom)
2023-11-20 14:17:03,797 [e744cdee-db3a-4307-a129-877114b2ee40-groupManagement] INFO  server.RaftServerConfigKeys (ConfUtils.java:logGet(46)) - raft.server.retrycache.statistics.expirytime = 100μs (default)
2023-11-20 14:17:03,797 [e744cdee-db3a-4307-a129-877114b2ee40-groupManagement] INFO  server.RaftServerConfigKeys (ConfUtils.java:logGet(46)) - raft.server.read.option = DEFAULT (default)
2023-11-20 14:17:03,800 [e744cdee-db3a-4307-a129-877114b2ee40-groupManagement] INFO  server.RaftServerConfigKeys (ConfUtils.java:logGet(46)) - raft.server.rpc.request.timeout = 60s (custom)
2023-11-20 14:17:03,800 [e744cdee-db3a-4307-a129-877114b2ee40-groupManagement] INFO  server.RaftServerConfigKeys (ConfUtils.java:logGet(46)) - raft.server.log.appender.install.snapshot.enabled = false (custom)
2023-11-20 14:17:03,800 [e744cdee-db3a-4307-a129-877114b2ee40-groupManagement] INFO  server.RaftServerConfigKeys (ConfUtils.java:logGet(46)) - raft.server.threadpool.server.cached = true (default)
2023-11-20 14:17:03,800 [e744cdee-db3a-4307-a129-877114b2ee40-groupManagement] INFO  server.RaftServerConfigKeys (ConfUtils.java:logGet(46)) - raft.server.threadpool.server.size = 0 (default)
2023-11-20 14:17:03,801 [e744cdee-db3a-4307-a129-877114b2ee40-groupManagement] INFO  server.RaftServerConfigKeys (ConfUtils.java:logGet(46)) - raft.server.threadpool.client.cached = true (default)
2023-11-20 14:17:03,801 [e744cdee-db3a-4307-a129-877114b2ee40-groupManagement] INFO  server.RaftServerConfigKeys (ConfUtils.java:logGet(46)) - raft.server.threadpool.client.size = 0 (default)
2023-11-20 14:17:03,801 [e744cdee-db3a-4307-a129-877114b2ee40-groupManagement] INFO  storage.RaftStorageDirectory (RaftStorageDirectoryImpl.java:analyzeStorage(137)) - The storage directory /home/runner/work/ozone/ozone/hadoop-ozone/integration-test/target/test-dir/MiniOzoneClusterImpl-7293264f-739e-43f0-b608-0ff531f18758/datanode-0/data/ratis/a7c19118-fc61-4d7b-bda4-a15e7fb09128 does not exist. Creating ...
2023-11-20 14:17:03,802 [e744cdee-db3a-4307-a129-877114b2ee40-groupManagement] INFO  storage.RaftStorageDirectory (RaftStorageDirectoryImpl.java:tryLock(231)) - Lock on /home/runner/work/ozone/ozone/hadoop-ozone/integration-test/target/test-dir/MiniOzoneClusterImpl-7293264f-739e-43f0-b608-0ff531f18758/datanode-0/data/ratis/a7c19118-fc61-4d7b-bda4-a15e7fb09128/in_use.lock acquired by nodename 31507@fv-az1500-317
2023-11-20 14:17:03,803 [e744cdee-db3a-4307-a129-877114b2ee40-groupManagement] INFO  storage.RaftStorage (RaftStorageImpl.java:format(96)) - Storage directory /home/runner/work/ozone/ozone/hadoop-ozone/integration-test/target/test-dir/MiniOzoneClusterImpl-7293264f-739e-43f0-b608-0ff531f18758/datanode-0/data/ratis/a7c19118-fc61-4d7b-bda4-a15e7fb09128 has been successfully formatted.
2023-11-20 14:17:03,807 [e744cdee-db3a-4307-a129-877114b2ee40-groupManagement] INFO  ratis.ContainerStateMachine (ContainerStateMachine.java:loadSnapshot(269)) - group-A15E7FB09128: The snapshot info is null. Setting the last applied indexto:(t:0, i:~)
2023-11-20 14:17:03,807 [e744cdee-db3a-4307-a129-877114b2ee40-groupManagement] INFO  server.RaftServerConfigKeys (ConfUtils.java:logGet(46)) - raft.server.log.use.memory = false (default)
2023-11-20 14:17:03,807 [e744cdee-db3a-4307-a129-877114b2ee40-groupManagement] INFO  server.RaftServerConfigKeys (ConfUtils.java:logGet(46)) - raft.server.log.purge.gap = 1000000 (custom)
2023-11-20 14:17:03,807 [e744cdee-db3a-4307-a129-877114b2ee40-groupManagement] INFO  server.RaftServerConfigKeys (ConfUtils.java:logGet(46)) - raft.server.log.appender.buffer.byte-limit = 33554432 (custom)
2023-11-20 14:17:03,807 [e744cdee-db3a-4307-a129-877114b2ee40-groupManagement] INFO  server.RaftServerConfigKeys (ConfUtils.java:logGet(46)) - raft.server.log.statemachine.data.read.timeout = 1000ms (default)
2023-11-20 14:17:03,807 [e744cdee-db3a-4307-a129-877114b2ee40-groupManagement] INFO  server.RaftServerConfigKeys (ConfUtils.java:logGet(46)) - raft.server.log.purge.preservation.log.num = 0 (default)
2023-11-20 14:17:03,808 [e744cdee-db3a-4307-a129-877114b2ee40-groupManagement] INFO  server.RaftServerConfigKeys (ConfUtils.java:logGet(46)) - raft.server.log.segment.size.max = 1048576 (custom)
2023-11-20 14:17:03,809 [e744cdee-db3a-4307-a129-877114b2ee40-groupManagement] INFO  server.RaftServerConfigKeys (ConfUtils.java:logGet(46)) - raft.server.log.segment.cache.num.max = 2 (custom)
2023-11-20 14:17:03,809 [e744cdee-db3a-4307-a129-877114b2ee40-groupManagement] INFO  server.RaftServerConfigKeys (ConfUtils.java:logGet(46)) - raft.server.log.segment.cache.size.max = 200MB (=209715200) (default)
2023-11-20 14:17:03,809 [e744cdee-db3a-4307-a129-877114b2ee40-groupManagement] INFO  server.RaftServerConfigKeys (ConfUtils.java:logGet(46)) - raft.server.log.appender.buffer.byte-limit = 33554432 (custom)
2023-11-20 14:17:03,809 [e744cdee-db3a-4307-a129-877114b2ee40-groupManagement] INFO  segmented.SegmentedRaftLogWorker (SegmentedRaftLogWorker.java:<init>(188)) - new e744cdee-db3a-4307-a129-877114b2ee40@group-A15E7FB09128-SegmentedRaftLogWorker for RaftStorageImpl:Storage Directory /home/runner/work/ozone/ozone/hadoop-ozone/integration-test/target/test-dir/MiniOzoneClusterImpl-7293264f-739e-43f0-b608-0ff531f18758/datanode-0/data/ratis/a7c19118-fc61-4d7b-bda4-a15e7fb09128
2023-11-20 14:17:03,809 [e744cdee-db3a-4307-a129-877114b2ee40-groupManagement] INFO  server.RaftServerConfigKeys (ConfUtils.java:logGet(46)) - raft.server.log.queue.byte-limit = 4294967296 (custom)
2023-11-20 14:17:03,809 [e744cdee-db3a-4307-a129-877114b2ee40-groupManagement] INFO  server.RaftServerConfigKeys (ConfUtils.java:logGet(46)) - raft.server.log.queue.element-limit = 1024 (custom)
2023-11-20 14:17:03,809 [e744cdee-db3a-4307-a129-877114b2ee40-groupManagement] INFO  server.RaftServerConfigKeys (ConfUtils.java:logGet(46)) - raft.server.log.segment.size.max = 1048576 (custom)
2023-11-20 14:17:03,809 [e744cdee-db3a-4307-a129-877114b2ee40-groupManagement] INFO  server.RaftServerConfigKeys (ConfUtils.java:logGet(46)) - raft.server.log.preallocated.size = 16384 (custom)
2023-11-20 14:17:03,809 [e744cdee-db3a-4307-a129-877114b2ee40-groupManagement] INFO  server.RaftServerConfigKeys (ConfUtils.java:logGet(46)) - raft.server.log.force.sync.num = 128 (default)
2023-11-20 14:17:03,809 [e744cdee-db3a-4307-a129-877114b2ee40-groupManagement] INFO  server.RaftServerConfigKeys (ConfUtils.java:logGet(46)) - raft.server.log.statemachine.data.sync = true (default)
2023-11-20 14:17:03,809 [e744cdee-db3a-4307-a129-877114b2ee40-groupManagement] INFO  server.RaftServerConfigKeys (ConfUtils.java:logGet(46)) - raft.server.log.statemachine.data.sync.timeout = 10s (default)
2023-11-20 14:17:03,809 [e744cdee-db3a-4307-a129-877114b2ee40-groupManagement] INFO  server.RaftServerConfigKeys (ConfUtils.java:logGet(46)) - raft.server.log.statemachine.data.sync.timeout.retry = -1 (default)
2023-11-20 14:17:03,811 [e744cdee-db3a-4307-a129-877114b2ee40-groupManagement] INFO  server.RaftServerConfigKeys (ConfUtils.java:logGet(46)) - raft.server.log.write.buffer.size = 1048576 (custom)
2023-11-20 14:17:03,812 [e744cdee-db3a-4307-a129-877114b2ee40-groupManagement] INFO  server.RaftServerConfigKeys (ConfUtils.java:logGet(46)) - raft.server.log.appender.buffer.byte-limit = 33554432 (custom)
2023-11-20 14:17:03,812 [e744cdee-db3a-4307-a129-877114b2ee40-groupManagement] INFO  server.RaftServerConfigKeys (ConfUtils.java:logGet(46)) - raft.server.log.unsafe-flush.enabled = false (default)
2023-11-20 14:17:03,812 [e744cdee-db3a-4307-a129-877114b2ee40-groupManagement] INFO  server.RaftServerConfigKeys (ConfUtils.java:logGet(46)) - raft.server.log.async-flush.enabled = false (default)
2023-11-20 14:17:03,812 [e744cdee-db3a-4307-a129-877114b2ee40-groupManagement] INFO  server.RaftServerConfigKeys (ConfUtils.java:logGet(46)) - raft.server.log.statemachine.data.caching.enabled = true (custom)
2023-11-20 14:17:03,813 [e744cdee-db3a-4307-a129-877114b2ee40-groupManagement] INFO  segmented.SegmentedRaftLogWorker (SegmentedRaftLogWorker.java:lambda$new$0(135)) - e744cdee-db3a-4307-a129-877114b2ee40@group-A15E7FB09128-SegmentedRaftLogWorker: flushIndex: setUnconditionally 0 -> -1
2023-11-20 14:17:03,813 [e744cdee-db3a-4307-a129-877114b2ee40-groupManagement] INFO  segmented.SegmentedRaftLogWorker (SegmentedRaftLogWorker.java:lambda$new$0(135)) - e744cdee-db3a-4307-a129-877114b2ee40@group-A15E7FB09128-SegmentedRaftLogWorker: safeCacheEvictIndex: setUnconditionally 0 -> -1
2023-11-20 14:17:03,813 [e744cdee-db3a-4307-a129-877114b2ee40-groupManagement] INFO  server.RaftServer$Division (RaftServerImpl.java:start(342)) - e744cdee-db3a-4307-a129-877114b2ee40@group-A15E7FB09128: start as a follower, conf=-1: peers:[e744cdee-db3a-4307-a129-877114b2ee40|rpc:10.1.0.10:15014|admin:10.1.0.10:15013|client:10.1.0.10:15012|dataStream:10.1.0.10:15015|priority:1|startupRole:FOLLOWER]|listeners:[], old=null
2023-11-20 14:17:03,813 [e744cdee-db3a-4307-a129-877114b2ee40-groupManagement] INFO  server.RaftServer$Division (RaftServerImpl.java:setRole(329)) - e744cdee-db3a-4307-a129-877114b2ee40@group-A15E7FB09128: changes role from      null to FOLLOWER at term 0 for startAsFollower
2023-11-20 14:17:03,813 [e744cdee-db3a-4307-a129-877114b2ee40-groupManagement] INFO  impl.RoleInfo (RoleInfo.java:updateAndGet(139)) - e744cdee-db3a-4307-a129-877114b2ee40: start e744cdee-db3a-4307-a129-877114b2ee40@group-A15E7FB09128-FollowerState
2023-11-20 14:17:03,813 [e744cdee-db3a-4307-a129-877114b2ee40-groupManagement] INFO  util.JmxRegister (JmxRegister.java:tryRegister(44)) - Successfully registered JMX Bean with object name Ratis:service=RaftServer,group=group-A15E7FB09128,id=e744cdee-db3a-4307-a129-877114b2ee40
2023-11-20 14:17:03,813 [e744cdee-db3a-4307-a129-877114b2ee40-groupManagement] INFO  server.RaftServerConfigKeys (ConfUtils.java:logGet(46)) - raft.server.snapshot.auto.trigger.enabled = true (custom)
2023-11-20 14:17:03,813 [e744cdee-db3a-4307-a129-877114b2ee40-groupManagement] INFO  server.RaftServerConfigKeys (ConfUtils.java:logGet(46)) - raft.server.snapshot.auto.trigger.threshold = 10000 (custom)
2023-11-20 14:17:03,814 [e744cdee-db3a-4307-a129-877114b2ee40-groupManagement] INFO  server.RaftServerConfigKeys (ConfUtils.java:logGet(46)) - raft.server.snapshot.retention.file.num = 5 (custom)
2023-11-20 14:17:03,814 [e744cdee-db3a-4307-a129-877114b2ee40-groupManagement] INFO  server.RaftServerConfigKeys (ConfUtils.java:logGet(46)) - raft.server.log.purge.upto.snapshot.index = false (default)
2023-11-20 14:17:03,814 [e744cdee-db3a-4307-a129-877114b2ee40@group-A15E7FB09128-FollowerState] INFO  server.RaftServerConfigKeys (ConfUtils.java:logFallback(53)) - raft.server.rpc.first-election.timeout.min = 5s (fallback to raft.server.rpc.timeout.min)
2023-11-20 14:17:03,814 [e744cdee-db3a-4307-a129-877114b2ee40@group-A15E7FB09128-FollowerState] INFO  server.RaftServerConfigKeys (ConfUtils.java:logFallback(53)) - raft.server.rpc.first-election.timeout.max = 5200ms (fallback to raft.server.rpc.timeout.max)
2023-11-20 14:17:03,822 [EventQueue-PipelineReportForPipelineReportHandler] INFO  pipeline.PipelineReportHandler (PipelineReportHandler.java:processPipelineReport(136)) - Opened pipeline PipelineID=a7c19118-fc61-4d7b-bda4-a15e7fb09128
2023-11-20 14:17:03,824 [e744cdee-db3a-4307-a129-877114b2ee40-PipelineCommandHandlerThread-0] INFO  ratis.XceiverServerRatis (XceiverServerRatis.java:addGroup(807)) - Created group PipelineID=a7c19118-fc61-4d7b-bda4-a15e7fb09128
2023-11-20 14:17:03,824 [EventQueue-OpenPipelineForHealthyPipelineSafeModeRule] INFO  safemode.SCMSafeModeManager (HealthyPipelineSafeModeRule.java:process(137)) - SCM in safe mode. Healthy pipelines reported count is 0, required healthy pipeline reported count is 1
2023-11-20 14:17:03,825 [e744cdee-db3a-4307-a129-877114b2ee40-PipelineCommandHandlerThread-0] INFO  commandhandler.CreatePipelineCommandHandler (CreatePipelineCommandHandler.java:lambda$handle$2(124)) - Created Pipeline RATIS ONE PipelineID=a7c19118-fc61-4d7b-bda4-a15e7fb09128.
2023-11-20 14:17:03,825 [e744cdee-db3a-4307-a129-877114b2ee40-PipelineCommandHandlerThread-0] INFO  server.RaftServer (RaftServerProxy.java:addNew(98)) - e744cdee-db3a-4307-a129-877114b2ee40: addNew group-A5A1344C0F7C:[e744cdee-db3a-4307-a129-877114b2ee40|rpc:10.1.0.10:15014|admin:10.1.0.10:15013|client:10.1.0.10:15012|dataStream:10.1.0.10:15015|priority:0|startupRole:FOLLOWER, 617fee10-5999-41fc-ba89-05e5beaae1db|rpc:10.1.0.10:15023|admin:10.1.0.10:15022|client:10.1.0.10:15021|dataStream:10.1.0.10:15024|priority:1|startupRole:FOLLOWER, c950ed05-5bc7-49cd-b60c-e9631522e919|rpc:10.1.0.10:15032|admin:10.1.0.10:15031|client:10.1.0.10:15030|dataStream:10.1.0.10:15033|priority:0|startupRole:FOLLOWER] returns group-A5A1344C0F7C:java.util.concurrent.CompletableFuture@335dc2cd[Not completed]
2023-11-20 14:17:03,826 [e744cdee-db3a-4307-a129-877114b2ee40-groupManagement] INFO  server.RaftServer$Division (RaftServerImpl.java:<init>(198)) - e744cdee-db3a-4307-a129-877114b2ee40: new RaftServerImpl for group-A5A1344C0F7C:[e744cdee-db3a-4307-a129-877114b2ee40|rpc:10.1.0.10:15014|admin:10.1.0.10:15013|client:10.1.0.10:15012|dataStream:10.1.0.10:15015|priority:0|startupRole:FOLLOWER, 617fee10-5999-41fc-ba89-05e5beaae1db|rpc:10.1.0.10:15023|admin:10.1.0.10:15022|client:10.1.0.10:15021|dataStream:10.1.0.10:15024|priority:1|startupRole:FOLLOWER, c950ed05-5bc7-49cd-b60c-e9631522e919|rpc:10.1.0.10:15032|admin:10.1.0.10:15031|client:10.1.0.10:15030|dataStream:10.1.0.10:15033|priority:0|startupRole:FOLLOWER] with ContainerStateMachine:uninitialized
2023-11-20 14:17:03,826 [e744cdee-db3a-4307-a129-877114b2ee40-groupManagement] INFO  server.RaftServerConfigKeys (ConfUtils.java:logGet(46)) - raft.server.rpc.timeout.min = 5s (custom)
2023-11-20 14:17:03,826 [e744cdee-db3a-4307-a129-877114b2ee40-groupManagement] INFO  server.RaftServerConfigKeys (ConfUtils.java:logGet(46)) - raft.server.rpc.timeout.max = 5200ms (custom)
2023-11-20 14:17:03,826 [e744cdee-db3a-4307-a129-877114b2ee40-groupManagement] INFO  server.RaftServerConfigKeys (ConfUtils.java:logGet(46)) - raft.server.rpc.sleep.time = 25ms (default)
2023-11-20 14:17:03,826 [e744cdee-db3a-4307-a129-877114b2ee40-groupManagement] INFO  server.RaftServerConfigKeys (ConfUtils.java:logGet(46)) - raft.server.rpc.slowness.timeout = 300s (custom)
2023-11-20 14:17:03,827 [e744cdee-db3a-4307-a129-877114b2ee40-groupManagement] INFO  server.RaftServerConfigKeys (ConfUtils.java:logGet(46)) - raft.server.leaderelection.leader.step-down.wait-time = 10s (default)
2023-11-20 14:17:03,827 [e744cdee-db3a-4307-a129-877114b2ee40-groupManagement] INFO  server.RaftServerConfigKeys (ConfUtils.java:logGet(46)) - raft.server.sleep.deviation.threshold = 300ms (default)
2023-11-20 14:17:03,827 [e744cdee-db3a-4307-a129-877114b2ee40-groupManagement] INFO  server.RaftServer$Division (ServerState.java:<init>(120)) - e744cdee-db3a-4307-a129-877114b2ee40@group-A5A1344C0F7C: ConfigurationManager, init=-1: peers:[e744cdee-db3a-4307-a129-877114b2ee40|rpc:10.1.0.10:15014|admin:10.1.0.10:15013|client:10.1.0.10:15012|dataStream:10.1.0.10:15015|priority:0|startupRole:FOLLOWER, 617fee10-5999-41fc-ba89-05e5beaae1db|rpc:10.1.0.10:15023|admin:10.1.0.10:15022|client:10.1.0.10:15021|dataStream:10.1.0.10:15024|priority:1|startupRole:FOLLOWER, c950ed05-5bc7-49cd-b60c-e9631522e919|rpc:10.1.0.10:15032|admin:10.1.0.10:15031|client:10.1.0.10:15030|dataStream:10.1.0.10:15033|priority:0|startupRole:FOLLOWER]|listeners:[], old=null, confs=<EMPTY_MAP>
2023-11-20 14:17:03,827 [e744cdee-db3a-4307-a129-877114b2ee40-groupManagement] INFO  server.RaftServerConfigKeys (ConfUtils.java:logGet(46)) - raft.server.storage.dir = [/home/runner/work/ozone/ozone/hadoop-ozone/integration-test/target/test-dir/MiniOzoneClusterImpl-7293264f-739e-43f0-b608-0ff531f18758/datanode-0/data/ratis] (custom)
2023-11-20 14:17:03,827 [e744cdee-db3a-4307-a129-877114b2ee40-groupManagement] INFO  server.RaftServerConfigKeys (ConfUtils.java:logGet(46)) - raft.server.log.corruption.policy = EXCEPTION (default)
2023-11-20 14:17:03,827 [e744cdee-db3a-4307-a129-877114b2ee40-groupManagement] INFO  server.RaftServerConfigKeys (ConfUtils.java:logGet(46)) - raft.server.storage.free-space.min = 0MB (=0) (default)
2023-11-20 14:17:03,827 [e744cdee-db3a-4307-a129-877114b2ee40-groupManagement] INFO  server.RaftServerConfigKeys (ConfUtils.java:logGet(46)) - raft.server.notification.no-leader.timeout = 300s (custom)
2023-11-20 14:17:03,827 [e744cdee-db3a-4307-a129-877114b2ee40-groupManagement] INFO  server.RaftServerConfigKeys (ConfUtils.java:logGet(46)) - raft.server.read.timeout = 10s (default)
2023-11-20 14:17:03,827 [e744cdee-db3a-4307-a129-877114b2ee40-groupManagement] INFO  server.RaftServerConfigKeys (ConfUtils.java:logGet(46)) - raft.server.retrycache.expirytime = 600000ms (custom)
2023-11-20 14:17:03,827 [e744cdee-db3a-4307-a129-877114b2ee40-groupManagement] INFO  server.RaftServerConfigKeys (ConfUtils.java:logGet(46)) - raft.server.retrycache.statistics.expirytime = 100μs (default)
2023-11-20 14:17:03,828 [e744cdee-db3a-4307-a129-877114b2ee40-groupManagement] INFO  server.RaftServerConfigKeys (ConfUtils.java:logGet(46)) - raft.server.read.option = DEFAULT (default)
2023-11-20 14:17:03,829 [e744cdee-db3a-4307-a129-877114b2ee40-groupManagement] INFO  server.RaftServerConfigKeys (ConfUtils.java:logGet(46)) - raft.server.rpc.request.timeout = 60s (custom)
2023-11-20 14:17:03,830 [e744cdee-db3a-4307-a129-877114b2ee40-groupManagement] INFO  server.RaftServerConfigKeys (ConfUtils.java:logGet(46)) - raft.server.log.appender.install.snapshot.enabled = false (custom)
2023-11-20 14:17:03,830 [e744cdee-db3a-4307-a129-877114b2ee40-groupManagement] INFO  server.RaftServerConfigKeys (ConfUtils.java:logGet(46)) - raft.server.threadpool.server.cached = true (default)
2023-11-20 14:17:03,830 [e744cdee-db3a-4307-a129-877114b2ee40-groupManagement] INFO  server.RaftServerConfigKeys (ConfUtils.java:logGet(46)) - raft.server.threadpool.server.size = 0 (default)
2023-11-20 14:17:03,830 [e744cdee-db3a-4307-a129-877114b2ee40-groupManagement] INFO  server.RaftServerConfigKeys (ConfUtils.java:logGet(46)) - raft.server.threadpool.client.cached = true (default)
2023-11-20 14:17:03,830 [e744cdee-db3a-4307-a129-877114b2ee40-groupManagement] INFO  server.RaftServerConfigKeys (ConfUtils.java:logGet(46)) - raft.server.threadpool.client.size = 0 (default)
2023-11-20 14:17:03,830 [e744cdee-db3a-4307-a129-877114b2ee40-groupManagement] INFO  storage.RaftStorageDirectory (RaftStorageDirectoryImpl.java:analyzeStorage(137)) - The storage directory /home/runner/work/ozone/ozone/hadoop-ozone/integration-test/target/test-dir/MiniOzoneClusterImpl-7293264f-739e-43f0-b608-0ff531f18758/datanode-0/data/ratis/911e060c-e869-432f-a70b-a5a1344c0f7c does not exist. Creating ...
2023-11-20 14:17:03,830 [e744cdee-db3a-4307-a129-877114b2ee40-groupManagement] INFO  storage.RaftStorageDirectory (RaftStorageDirectoryImpl.java:tryLock(231)) - Lock on /home/runner/work/ozone/ozone/hadoop-ozone/integration-test/target/test-dir/MiniOzoneClusterImpl-7293264f-739e-43f0-b608-0ff531f18758/datanode-0/data/ratis/911e060c-e869-432f-a70b-a5a1344c0f7c/in_use.lock acquired by nodename 31507@fv-az1500-317
2023-11-20 14:17:03,831 [e744cdee-db3a-4307-a129-877114b2ee40-groupManagement] INFO  storage.RaftStorage (RaftStorageImpl.java:format(96)) - Storage directory /home/runner/work/ozone/ozone/hadoop-ozone/integration-test/target/test-dir/MiniOzoneClusterImpl-7293264f-739e-43f0-b608-0ff531f18758/datanode-0/data/ratis/911e060c-e869-432f-a70b-a5a1344c0f7c has been successfully formatted.
2023-11-20 14:17:03,832 [e744cdee-db3a-4307-a129-877114b2ee40-groupManagement] INFO  ratis.ContainerStateMachine (ContainerStateMachine.java:loadSnapshot(269)) - group-A5A1344C0F7C: The snapshot info is null. Setting the last applied indexto:(t:0, i:~)
2023-11-20 14:17:03,832 [e744cdee-db3a-4307-a129-877114b2ee40-groupManagement] INFO  server.RaftServerConfigKeys (ConfUtils.java:logGet(46)) - raft.server.log.use.memory = false (default)
2023-11-20 14:17:03,832 [e744cdee-db3a-4307-a129-877114b2ee40-groupManagement] INFO  server.RaftServerConfigKeys (ConfUtils.java:logGet(46)) - raft.server.log.purge.gap = 1000000 (custom)
2023-11-20 14:17:03,832 [e744cdee-db3a-4307-a129-877114b2ee40-groupManagement] INFO  server.RaftServerConfigKeys (ConfUtils.java:logGet(46)) - raft.server.log.appender.buffer.byte-limit = 33554432 (custom)
2023-11-20 14:17:03,832 [e744cdee-db3a-4307-a129-877114b2ee40-groupManagement] INFO  server.RaftServerConfigKeys (ConfUtils.java:logGet(46)) - raft.server.log.statemachine.data.read.timeout = 1000ms (default)
2023-11-20 14:17:03,832 [e744cdee-db3a-4307-a129-877114b2ee40-groupManagement] INFO  server.RaftServerConfigKeys (ConfUtils.java:logGet(46)) - raft.server.log.purge.preservation.log.num = 0 (default)
2023-11-20 14:17:03,833 [e744cdee-db3a-4307-a129-877114b2ee40-groupManagement] INFO  server.RaftServerConfigKeys (ConfUtils.java:logGet(46)) - raft.server.log.segment.size.max = 1048576 (custom)
2023-11-20 14:17:03,833 [e744cdee-db3a-4307-a129-877114b2ee40-groupManagement] INFO  server.RaftServerConfigKeys (ConfUtils.java:logGet(46)) - raft.server.log.segment.cache.num.max = 2 (custom)
2023-11-20 14:17:03,833 [e744cdee-db3a-4307-a129-877114b2ee40-groupManagement] INFO  server.RaftServerConfigKeys (ConfUtils.java:logGet(46)) - raft.server.log.segment.cache.size.max = 200MB (=209715200) (default)
2023-11-20 14:17:03,833 [e744cdee-db3a-4307-a129-877114b2ee40-groupManagement] INFO  server.RaftServerConfigKeys (ConfUtils.java:logGet(46)) - raft.server.log.appender.buffer.byte-limit = 33554432 (custom)
2023-11-20 14:17:03,833 [e744cdee-db3a-4307-a129-877114b2ee40-groupManagement] INFO  segmented.SegmentedRaftLogWorker (SegmentedRaftLogWorker.java:<init>(188)) - new e744cdee-db3a-4307-a129-877114b2ee40@group-A5A1344C0F7C-SegmentedRaftLogWorker for RaftStorageImpl:Storage Directory /home/runner/work/ozone/ozone/hadoop-ozone/integration-test/target/test-dir/MiniOzoneClusterImpl-7293264f-739e-43f0-b608-0ff531f18758/datanode-0/data/ratis/911e060c-e869-432f-a70b-a5a1344c0f7c
2023-11-20 14:17:03,834 [e744cdee-db3a-4307-a129-877114b2ee40-groupManagement] INFO  server.RaftServerConfigKeys (ConfUtils.java:logGet(46)) - raft.server.log.queue.byte-limit = 4294967296 (custom)
2023-11-20 14:17:03,834 [e744cdee-db3a-4307-a129-877114b2ee40-groupManagement] INFO  server.RaftServerConfigKeys (ConfUtils.java:logGet(46)) - raft.server.log.queue.element-limit = 1024 (custom)
2023-11-20 14:17:03,834 [e744cdee-db3a-4307-a129-877114b2ee40-groupManagement] INFO  server.RaftServerConfigKeys (ConfUtils.java:logGet(46)) - raft.server.log.segment.size.max = 1048576 (custom)
2023-11-20 14:17:03,834 [e744cdee-db3a-4307-a129-877114b2ee40-groupManagement] INFO  server.RaftServerConfigKeys (ConfUtils.java:logGet(46)) - raft.server.log.preallocated.size = 16384 (custom)
2023-11-20 14:17:03,834 [e744cdee-db3a-4307-a129-877114b2ee40-groupManagement] INFO  server.RaftServerConfigKeys (ConfUtils.java:logGet(46)) - raft.server.log.force.sync.num = 128 (default)
2023-11-20 14:17:03,835 [e744cdee-db3a-4307-a129-877114b2ee40-groupManagement] INFO  server.RaftServerConfigKeys (ConfUtils.java:logGet(46)) - raft.server.log.statemachine.data.sync = true (default)
2023-11-20 14:17:03,835 [e744cdee-db3a-4307-a129-877114b2ee40-groupManagement] INFO  server.RaftServerConfigKeys (ConfUtils.java:logGet(46)) - raft.server.log.statemachine.data.sync.timeout = 10s (default)
2023-11-20 14:17:03,835 [e744cdee-db3a-4307-a129-877114b2ee40-groupManagement] INFO  server.RaftServerConfigKeys (ConfUtils.java:logGet(46)) - raft.server.log.statemachine.data.sync.timeout.retry = -1 (default)
2023-11-20 14:17:03,835 [EventQueue-OpenPipelineForHealthyPipelineSafeModeRule] INFO  safemode.SCMSafeModeManager (HealthyPipelineSafeModeRule.java:process(137)) - SCM in safe mode. Healthy pipelines reported count is 0, required healthy pipeline reported count is 1
2023-11-20 14:17:03,836 [e744cdee-db3a-4307-a129-877114b2ee40-groupManagement] INFO  server.RaftServerConfigKeys (ConfUtils.java:logGet(46)) - raft.server.log.write.buffer.size = 1048576 (custom)
2023-11-20 14:17:03,837 [e744cdee-db3a-4307-a129-877114b2ee40-groupManagement] INFO  server.RaftServerConfigKeys (ConfUtils.java:logGet(46)) - raft.server.log.appender.buffer.byte-limit = 33554432 (custom)
2023-11-20 14:17:03,837 [e744cdee-db3a-4307-a129-877114b2ee40-groupManagement] INFO  server.RaftServerConfigKeys (ConfUtils.java:logGet(46)) - raft.server.log.unsafe-flush.enabled = false (default)
2023-11-20 14:17:03,837 [e744cdee-db3a-4307-a129-877114b2ee40-groupManagement] INFO  server.RaftServerConfigKeys (ConfUtils.java:logGet(46)) - raft.server.log.async-flush.enabled = false (default)
2023-11-20 14:17:03,838 [e744cdee-db3a-4307-a129-877114b2ee40-groupManagement] INFO  server.RaftServerConfigKeys (ConfUtils.java:logGet(46)) - raft.server.log.statemachine.data.caching.enabled = true (custom)
2023-11-20 14:17:03,838 [e744cdee-db3a-4307-a129-877114b2ee40-groupManagement] INFO  segmented.SegmentedRaftLogWorker (SegmentedRaftLogWorker.java:lambda$new$0(135)) - e744cdee-db3a-4307-a129-877114b2ee40@group-A5A1344C0F7C-SegmentedRaftLogWorker: flushIndex: setUnconditionally 0 -> -1
2023-11-20 14:17:03,838 [e744cdee-db3a-4307-a129-877114b2ee40-groupManagement] INFO  segmented.SegmentedRaftLogWorker (SegmentedRaftLogWorker.java:lambda$new$0(135)) - e744cdee-db3a-4307-a129-877114b2ee40@group-A5A1344C0F7C-SegmentedRaftLogWorker: safeCacheEvictIndex: setUnconditionally 0 -> -1
2023-11-20 14:17:03,838 [e744cdee-db3a-4307-a129-877114b2ee40-groupManagement] INFO  server.RaftServer$Division (RaftServerImpl.java:start(342)) - e744cdee-db3a-4307-a129-877114b2ee40@group-A5A1344C0F7C: start as a follower, conf=-1: peers:[e744cdee-db3a-4307-a129-877114b2ee40|rpc:10.1.0.10:15014|admin:10.1.0.10:15013|client:10.1.0.10:15012|dataStream:10.1.0.10:15015|priority:0|startupRole:FOLLOWER, 617fee10-5999-41fc-ba89-05e5beaae1db|rpc:10.1.0.10:15023|admin:10.1.0.10:15022|client:10.1.0.10:15021|dataStream:10.1.0.10:15024|priority:1|startupRole:FOLLOWER, c950ed05-5bc7-49cd-b60c-e9631522e919|rpc:10.1.0.10:15032|admin:10.1.0.10:15031|client:10.1.0.10:15030|dataStream:10.1.0.10:15033|priority:0|startupRole:FOLLOWER]|listeners:[], old=null
2023-11-20 14:17:03,838 [e744cdee-db3a-4307-a129-877114b2ee40-groupManagement] INFO  server.RaftServer$Division (RaftServerImpl.java:setRole(329)) - e744cdee-db3a-4307-a129-877114b2ee40@group-A5A1344C0F7C: changes role from      null to FOLLOWER at term 0 for startAsFollower
2023-11-20 14:17:03,838 [e744cdee-db3a-4307-a129-877114b2ee40-groupManagement] INFO  impl.RoleInfo (RoleInfo.java:updateAndGet(139)) - e744cdee-db3a-4307-a129-877114b2ee40: start e744cdee-db3a-4307-a129-877114b2ee40@group-A5A1344C0F7C-FollowerState
2023-11-20 14:17:03,838 [e744cdee-db3a-4307-a129-877114b2ee40@group-A5A1344C0F7C-FollowerState] INFO  server.RaftServerConfigKeys (ConfUtils.java:logFallback(53)) - raft.server.rpc.first-election.timeout.min = 5s (fallback to raft.server.rpc.timeout.min)
2023-11-20 14:17:03,839 [e744cdee-db3a-4307-a129-877114b2ee40-groupManagement] INFO  util.JmxRegister (JmxRegister.java:tryRegister(44)) - Successfully registered JMX Bean with object name Ratis:service=RaftServer,group=group-A5A1344C0F7C,id=e744cdee-db3a-4307-a129-877114b2ee40
2023-11-20 14:17:03,839 [e744cdee-db3a-4307-a129-877114b2ee40@group-A5A1344C0F7C-FollowerState] INFO  server.RaftServerConfigKeys (ConfUtils.java:logFallback(53)) - raft.server.rpc.first-election.timeout.max = 5200ms (fallback to raft.server.rpc.timeout.max)
2023-11-20 14:17:03,839 [e744cdee-db3a-4307-a129-877114b2ee40-groupManagement] INFO  server.RaftServerConfigKeys (ConfUtils.java:logGet(46)) - raft.server.snapshot.auto.trigger.enabled = true (custom)
2023-11-20 14:17:03,839 [e744cdee-db3a-4307-a129-877114b2ee40-groupManagement] INFO  server.RaftServerConfigKeys (ConfUtils.java:logGet(46)) - raft.server.snapshot.auto.trigger.threshold = 10000 (custom)
2023-11-20 14:17:03,839 [e744cdee-db3a-4307-a129-877114b2ee40-groupManagement] INFO  server.RaftServerConfigKeys (ConfUtils.java:logGet(46)) - raft.server.snapshot.retention.file.num = 5 (custom)
2023-11-20 14:17:03,839 [e744cdee-db3a-4307-a129-877114b2ee40-groupManagement] INFO  server.RaftServerConfigKeys (ConfUtils.java:logGet(46)) - raft.server.log.purge.upto.snapshot.index = false (default)
2023-11-20 14:17:03,840 [e744cdee-db3a-4307-a129-877114b2ee40-PipelineCommandHandlerThread-0] INFO  ratis.XceiverServerRatis (XceiverServerRatis.java:addGroup(807)) - Created group PipelineID=911e060c-e869-432f-a70b-a5a1344c0f7c
2023-11-20 14:17:03,893 [617fee10-5999-41fc-ba89-05e5beaae1db-PipelineCommandHandlerThread-0] INFO  server.RaftServer (RaftServerProxy.java:addNew(98)) - 617fee10-5999-41fc-ba89-05e5beaae1db: addNew group-C5601DFFEB53:[617fee10-5999-41fc-ba89-05e5beaae1db|rpc:10.1.0.10:15023|admin:10.1.0.10:15022|client:10.1.0.10:15021|dataStream:10.1.0.10:15024|priority:1|startupRole:FOLLOWER] returns group-C5601DFFEB53:java.util.concurrent.CompletableFuture@58d36f8f[Not completed]
2023-11-20 14:17:03,894 [617fee10-5999-41fc-ba89-05e5beaae1db-groupManagement] INFO  server.RaftServer$Division (RaftServerImpl.java:<init>(198)) - 617fee10-5999-41fc-ba89-05e5beaae1db: new RaftServerImpl for group-C5601DFFEB53:[617fee10-5999-41fc-ba89-05e5beaae1db|rpc:10.1.0.10:15023|admin:10.1.0.10:15022|client:10.1.0.10:15021|dataStream:10.1.0.10:15024|priority:1|startupRole:FOLLOWER] with ContainerStateMachine:uninitialized
2023-11-20 14:17:03,894 [617fee10-5999-41fc-ba89-05e5beaae1db-groupManagement] INFO  server.RaftServerConfigKeys (ConfUtils.java:logGet(46)) - raft.server.rpc.timeout.min = 5s (custom)
2023-11-20 14:17:03,894 [617fee10-5999-41fc-ba89-05e5beaae1db-groupManagement] INFO  server.RaftServerConfigKeys (ConfUtils.java:logGet(46)) - raft.server.rpc.timeout.max = 5200ms (custom)
2023-11-20 14:17:03,894 [617fee10-5999-41fc-ba89-05e5beaae1db-groupManagement] INFO  server.RaftServerConfigKeys (ConfUtils.java:logGet(46)) - raft.server.rpc.sleep.time = 25ms (default)
2023-11-20 14:17:03,895 [617fee10-5999-41fc-ba89-05e5beaae1db-groupManagement] INFO  server.RaftServerConfigKeys (ConfUtils.java:logGet(46)) - raft.server.rpc.slowness.timeout = 300s (custom)
2023-11-20 14:17:03,895 [617fee10-5999-41fc-ba89-05e5beaae1db-groupManagement] INFO  server.RaftServerConfigKeys (ConfUtils.java:logGet(46)) - raft.server.leaderelection.leader.step-down.wait-time = 10s (default)
2023-11-20 14:17:03,895 [617fee10-5999-41fc-ba89-05e5beaae1db-groupManagement] INFO  server.RaftServerConfigKeys (ConfUtils.java:logGet(46)) - raft.server.sleep.deviation.threshold = 300ms (default)
2023-11-20 14:17:03,895 [617fee10-5999-41fc-ba89-05e5beaae1db-groupManagement] INFO  server.RaftServer$Division (ServerState.java:<init>(120)) - 617fee10-5999-41fc-ba89-05e5beaae1db@group-C5601DFFEB53: ConfigurationManager, init=-1: peers:[617fee10-5999-41fc-ba89-05e5beaae1db|rpc:10.1.0.10:15023|admin:10.1.0.10:15022|client:10.1.0.10:15021|dataStream:10.1.0.10:15024|priority:1|startupRole:FOLLOWER]|listeners:[], old=null, confs=<EMPTY_MAP>
2023-11-20 14:17:03,895 [617fee10-5999-41fc-ba89-05e5beaae1db-groupManagement] INFO  server.RaftServerConfigKeys (ConfUtils.java:logGet(46)) - raft.server.storage.dir = [/home/runner/work/ozone/ozone/hadoop-ozone/integration-test/target/test-dir/MiniOzoneClusterImpl-7293264f-739e-43f0-b608-0ff531f18758/datanode-1/data/ratis] (custom)
2023-11-20 14:17:03,895 [617fee10-5999-41fc-ba89-05e5beaae1db-groupManagement] INFO  server.RaftServerConfigKeys (ConfUtils.java:logGet(46)) - raft.server.log.corruption.policy = EXCEPTION (default)
2023-11-20 14:17:03,895 [617fee10-5999-41fc-ba89-05e5beaae1db-groupManagement] INFO  server.RaftServerConfigKeys (ConfUtils.java:logGet(46)) - raft.server.storage.free-space.min = 0MB (=0) (default)
2023-11-20 14:17:03,895 [617fee10-5999-41fc-ba89-05e5beaae1db-groupManagement] INFO  server.RaftServerConfigKeys (ConfUtils.java:logGet(46)) - raft.server.notification.no-leader.timeout = 300s (custom)
2023-11-20 14:17:03,895 [617fee10-5999-41fc-ba89-05e5beaae1db-groupManagement] INFO  server.RaftServerConfigKeys (ConfUtils.java:logGet(46)) - raft.server.read.timeout = 10s (default)
2023-11-20 14:17:03,895 [617fee10-5999-41fc-ba89-05e5beaae1db-groupManagement] INFO  server.RaftServerConfigKeys (ConfUtils.java:logGet(46)) - raft.server.retrycache.expirytime = 600000ms (custom)
2023-11-20 14:17:03,895 [617fee10-5999-41fc-ba89-05e5beaae1db-groupManagement] INFO  server.RaftServerConfigKeys (ConfUtils.java:logGet(46)) - raft.server.retrycache.statistics.expirytime = 100μs (default)
2023-11-20 14:17:03,895 [617fee10-5999-41fc-ba89-05e5beaae1db-groupManagement] INFO  server.RaftServerConfigKeys (ConfUtils.java:logGet(46)) - raft.server.read.option = DEFAULT (default)
2023-11-20 14:17:03,898 [617fee10-5999-41fc-ba89-05e5beaae1db-groupManagement] INFO  server.RaftServerConfigKeys (ConfUtils.java:logGet(46)) - raft.server.rpc.request.timeout = 60s (custom)
2023-11-20 14:17:03,898 [617fee10-5999-41fc-ba89-05e5beaae1db-groupManagement] INFO  server.RaftServerConfigKeys (ConfUtils.java:logGet(46)) - raft.server.log.appender.install.snapshot.enabled = false (custom)
2023-11-20 14:17:03,898 [617fee10-5999-41fc-ba89-05e5beaae1db-groupManagement] INFO  server.RaftServerConfigKeys (ConfUtils.java:logGet(46)) - raft.server.threadpool.server.cached = true (default)
2023-11-20 14:17:03,898 [617fee10-5999-41fc-ba89-05e5beaae1db-groupManagement] INFO  server.RaftServerConfigKeys (ConfUtils.java:logGet(46)) - raft.server.threadpool.server.size = 0 (default)
2023-11-20 14:17:03,898 [617fee10-5999-41fc-ba89-05e5beaae1db-groupManagement] INFO  server.RaftServerConfigKeys (ConfUtils.java:logGet(46)) - raft.server.threadpool.client.cached = true (default)
2023-11-20 14:17:03,898 [617fee10-5999-41fc-ba89-05e5beaae1db-groupManagement] INFO  server.RaftServerConfigKeys (ConfUtils.java:logGet(46)) - raft.server.threadpool.client.size = 0 (default)
2023-11-20 14:17:03,898 [617fee10-5999-41fc-ba89-05e5beaae1db-groupManagement] INFO  storage.RaftStorageDirectory (RaftStorageDirectoryImpl.java:analyzeStorage(137)) - The storage directory /home/runner/work/ozone/ozone/hadoop-ozone/integration-test/target/test-dir/MiniOzoneClusterImpl-7293264f-739e-43f0-b608-0ff531f18758/datanode-1/data/ratis/ddb22c92-2c6c-4f72-9923-c5601dffeb53 does not exist. Creating ...
2023-11-20 14:17:03,899 [617fee10-5999-41fc-ba89-05e5beaae1db-groupManagement] INFO  storage.RaftStorageDirectory (RaftStorageDirectoryImpl.java:tryLock(231)) - Lock on /home/runner/work/ozone/ozone/hadoop-ozone/integration-test/target/test-dir/MiniOzoneClusterImpl-7293264f-739e-43f0-b608-0ff531f18758/datanode-1/data/ratis/ddb22c92-2c6c-4f72-9923-c5601dffeb53/in_use.lock acquired by nodename 31507@fv-az1500-317
2023-11-20 14:17:03,900 [617fee10-5999-41fc-ba89-05e5beaae1db-groupManagement] INFO  storage.RaftStorage (RaftStorageImpl.java:format(96)) - Storage directory /home/runner/work/ozone/ozone/hadoop-ozone/integration-test/target/test-dir/MiniOzoneClusterImpl-7293264f-739e-43f0-b608-0ff531f18758/datanode-1/data/ratis/ddb22c92-2c6c-4f72-9923-c5601dffeb53 has been successfully formatted.
2023-11-20 14:17:03,901 [617fee10-5999-41fc-ba89-05e5beaae1db-groupManagement] INFO  ratis.ContainerStateMachine (ContainerStateMachine.java:loadSnapshot(269)) - group-C5601DFFEB53: The snapshot info is null. Setting the last applied indexto:(t:0, i:~)
2023-11-20 14:17:03,901 [617fee10-5999-41fc-ba89-05e5beaae1db-groupManagement] INFO  server.RaftServerConfigKeys (ConfUtils.java:logGet(46)) - raft.server.log.use.memory = false (default)
2023-11-20 14:17:03,901 [617fee10-5999-41fc-ba89-05e5beaae1db-groupManagement] INFO  server.RaftServerConfigKeys (ConfUtils.java:logGet(46)) - raft.server.log.purge.gap = 1000000 (custom)
2023-11-20 14:17:03,901 [617fee10-5999-41fc-ba89-05e5beaae1db-groupManagement] INFO  server.RaftServerConfigKeys (ConfUtils.java:logGet(46)) - raft.server.log.appender.buffer.byte-limit = 33554432 (custom)
2023-11-20 14:17:03,902 [617fee10-5999-41fc-ba89-05e5beaae1db-groupManagement] INFO  server.RaftServerConfigKeys (ConfUtils.java:logGet(46)) - raft.server.log.statemachine.data.read.timeout = 1000ms (default)
2023-11-20 14:17:03,902 [617fee10-5999-41fc-ba89-05e5beaae1db-groupManagement] INFO  server.RaftServerConfigKeys (ConfUtils.java:logGet(46)) - raft.server.log.purge.preservation.log.num = 0 (default)
2023-11-20 14:17:03,904 [617fee10-5999-41fc-ba89-05e5beaae1db-groupManagement] INFO  server.RaftServerConfigKeys (ConfUtils.java:logGet(46)) - raft.server.log.segment.size.max = 1048576 (custom)
2023-11-20 14:17:03,905 [617fee10-5999-41fc-ba89-05e5beaae1db-groupManagement] INFO  server.RaftServerConfigKeys (ConfUtils.java:logGet(46)) - raft.server.log.segment.cache.num.max = 2 (custom)
2023-11-20 14:17:03,905 [617fee10-5999-41fc-ba89-05e5beaae1db-groupManagement] INFO  server.RaftServerConfigKeys (ConfUtils.java:logGet(46)) - raft.server.log.segment.cache.size.max = 200MB (=209715200) (default)
2023-11-20 14:17:03,905 [617fee10-5999-41fc-ba89-05e5beaae1db-groupManagement] INFO  server.RaftServerConfigKeys (ConfUtils.java:logGet(46)) - raft.server.log.appender.buffer.byte-limit = 33554432 (custom)
2023-11-20 14:17:03,905 [617fee10-5999-41fc-ba89-05e5beaae1db-groupManagement] INFO  segmented.SegmentedRaftLogWorker (SegmentedRaftLogWorker.java:<init>(188)) - new 617fee10-5999-41fc-ba89-05e5beaae1db@group-C5601DFFEB53-SegmentedRaftLogWorker for RaftStorageImpl:Storage Directory /home/runner/work/ozone/ozone/hadoop-ozone/integration-test/target/test-dir/MiniOzoneClusterImpl-7293264f-739e-43f0-b608-0ff531f18758/datanode-1/data/ratis/ddb22c92-2c6c-4f72-9923-c5601dffeb53
2023-11-20 14:17:03,905 [617fee10-5999-41fc-ba89-05e5beaae1db-groupManagement] INFO  server.RaftServerConfigKeys (ConfUtils.java:logGet(46)) - raft.server.log.queue.byte-limit = 4294967296 (custom)
2023-11-20 14:17:03,905 [617fee10-5999-41fc-ba89-05e5beaae1db-groupManagement] INFO  server.RaftServerConfigKeys (ConfUtils.java:logGet(46)) - raft.server.log.queue.element-limit = 1024 (custom)
2023-11-20 14:17:03,907 [EventQueue-PipelineReportForPipelineReportHandler] INFO  pipeline.PipelineReportHandler (PipelineReportHandler.java:processPipelineReport(136)) - Opened pipeline PipelineID=ddb22c92-2c6c-4f72-9923-c5601dffeb53
2023-11-20 14:17:03,909 [617fee10-5999-41fc-ba89-05e5beaae1db-groupManagement] INFO  server.RaftServerConfigKeys (ConfUtils.java:logGet(46)) - raft.server.log.segment.size.max = 1048576 (custom)
2023-11-20 14:17:03,909 [EventQueue-OpenPipelineForHealthyPipelineSafeModeRule] INFO  safemode.SCMSafeModeManager (HealthyPipelineSafeModeRule.java:process(137)) - SCM in safe mode. Healthy pipelines reported count is 0, required healthy pipeline reported count is 1
2023-11-20 14:17:03,909 [617fee10-5999-41fc-ba89-05e5beaae1db-groupManagement] INFO  server.RaftServerConfigKeys (ConfUtils.java:logGet(46)) - raft.server.log.preallocated.size = 16384 (custom)
2023-11-20 14:17:03,909 [617fee10-5999-41fc-ba89-05e5beaae1db-groupManagement] INFO  server.RaftServerConfigKeys (ConfUtils.java:logGet(46)) - raft.server.log.force.sync.num = 128 (default)
2023-11-20 14:17:03,909 [617fee10-5999-41fc-ba89-05e5beaae1db-groupManagement] INFO  server.RaftServerConfigKeys (ConfUtils.java:logGet(46)) - raft.server.log.statemachine.data.sync = true (default)
2023-11-20 14:17:03,909 [617fee10-5999-41fc-ba89-05e5beaae1db-groupManagement] INFO  server.RaftServerConfigKeys (ConfUtils.java:logGet(46)) - raft.server.log.statemachine.data.sync.timeout = 10s (default)
2023-11-20 14:17:03,909 [617fee10-5999-41fc-ba89-05e5beaae1db-groupManagement] INFO  server.RaftServerConfigKeys (ConfUtils.java:logGet(46)) - raft.server.log.statemachine.data.sync.timeout.retry = -1 (default)
2023-11-20 14:17:03,910 [617fee10-5999-41fc-ba89-05e5beaae1db-groupManagement] INFO  server.RaftServerConfigKeys (ConfUtils.java:logGet(46)) - raft.server.log.write.buffer.size = 1048576 (custom)
2023-11-20 14:17:03,911 [617fee10-5999-41fc-ba89-05e5beaae1db-groupManagement] INFO  server.RaftServerConfigKeys (ConfUtils.java:logGet(46)) - raft.server.log.appender.buffer.byte-limit = 33554432 (custom)
2023-11-20 14:17:03,914 [617fee10-5999-41fc-ba89-05e5beaae1db-groupManagement] INFO  server.RaftServerConfigKeys (ConfUtils.java:logGet(46)) - raft.server.log.unsafe-flush.enabled = false (default)
2023-11-20 14:17:03,915 [617fee10-5999-41fc-ba89-05e5beaae1db-groupManagement] INFO  server.RaftServerConfigKeys (ConfUtils.java:logGet(46)) - raft.server.log.async-flush.enabled = false (default)
2023-11-20 14:17:03,915 [617fee10-5999-41fc-ba89-05e5beaae1db-groupManagement] INFO  server.RaftServerConfigKeys (ConfUtils.java:logGet(46)) - raft.server.log.statemachine.data.caching.enabled = true (custom)
2023-11-20 14:17:03,915 [617fee10-5999-41fc-ba89-05e5beaae1db-groupManagement] INFO  segmented.SegmentedRaftLogWorker (SegmentedRaftLogWorker.java:lambda$new$0(135)) - 617fee10-5999-41fc-ba89-05e5beaae1db@group-C5601DFFEB53-SegmentedRaftLogWorker: flushIndex: setUnconditionally 0 -> -1
2023-11-20 14:17:03,915 [617fee10-5999-41fc-ba89-05e5beaae1db-groupManagement] INFO  segmented.SegmentedRaftLogWorker (SegmentedRaftLogWorker.java:lambda$new$0(135)) - 617fee10-5999-41fc-ba89-05e5beaae1db@group-C5601DFFEB53-SegmentedRaftLogWorker: safeCacheEvictIndex: setUnconditionally 0 -> -1
2023-11-20 14:17:03,915 [617fee10-5999-41fc-ba89-05e5beaae1db-groupManagement] INFO  server.RaftServer$Division (RaftServerImpl.java:start(342)) - 617fee10-5999-41fc-ba89-05e5beaae1db@group-C5601DFFEB53: start as a follower, conf=-1: peers:[617fee10-5999-41fc-ba89-05e5beaae1db|rpc:10.1.0.10:15023|admin:10.1.0.10:15022|client:10.1.0.10:15021|dataStream:10.1.0.10:15024|priority:1|startupRole:FOLLOWER]|listeners:[], old=null
2023-11-20 14:17:03,916 [617fee10-5999-41fc-ba89-05e5beaae1db-groupManagement] INFO  server.RaftServer$Division (RaftServerImpl.java:setRole(329)) - 617fee10-5999-41fc-ba89-05e5beaae1db@group-C5601DFFEB53: changes role from      null to FOLLOWER at term 0 for startAsFollower
2023-11-20 14:17:03,916 [617fee10-5999-41fc-ba89-05e5beaae1db-groupManagement] INFO  impl.RoleInfo (RoleInfo.java:updateAndGet(139)) - 617fee10-5999-41fc-ba89-05e5beaae1db: start 617fee10-5999-41fc-ba89-05e5beaae1db@group-C5601DFFEB53-FollowerState
2023-11-20 14:17:03,916 [617fee10-5999-41fc-ba89-05e5beaae1db@group-C5601DFFEB53-FollowerState] INFO  server.RaftServerConfigKeys (ConfUtils.java:logFallback(53)) - raft.server.rpc.first-election.timeout.min = 5s (fallback to raft.server.rpc.timeout.min)
2023-11-20 14:17:03,916 [617fee10-5999-41fc-ba89-05e5beaae1db-groupManagement] INFO  util.JmxRegister (JmxRegister.java:tryRegister(44)) - Successfully registered JMX Bean with object name Ratis:service=RaftServer,group=group-C5601DFFEB53,id=617fee10-5999-41fc-ba89-05e5beaae1db
2023-11-20 14:17:03,916 [617fee10-5999-41fc-ba89-05e5beaae1db@group-C5601DFFEB53-FollowerState] INFO  server.RaftServerConfigKeys (ConfUtils.java:logFallback(53)) - raft.server.rpc.first-election.timeout.max = 5200ms (fallback to raft.server.rpc.timeout.max)
2023-11-20 14:17:03,917 [617fee10-5999-41fc-ba89-05e5beaae1db-groupManagement] INFO  server.RaftServerConfigKeys (ConfUtils.java:logGet(46)) - raft.server.snapshot.auto.trigger.enabled = true (custom)
2023-11-20 14:17:03,917 [617fee10-5999-41fc-ba89-05e5beaae1db-groupManagement] INFO  server.RaftServerConfigKeys (ConfUtils.java:logGet(46)) - raft.server.snapshot.auto.trigger.threshold = 10000 (custom)
2023-11-20 14:17:03,917 [617fee10-5999-41fc-ba89-05e5beaae1db-groupManagement] INFO  server.RaftServerConfigKeys (ConfUtils.java:logGet(46)) - raft.server.snapshot.retention.file.num = 5 (custom)
2023-11-20 14:17:03,917 [617fee10-5999-41fc-ba89-05e5beaae1db-groupManagement] INFO  server.RaftServerConfigKeys (ConfUtils.java:logGet(46)) - raft.server.log.purge.upto.snapshot.index = false (default)
2023-11-20 14:17:03,918 [617fee10-5999-41fc-ba89-05e5beaae1db-PipelineCommandHandlerThread-0] INFO  ratis.XceiverServerRatis (XceiverServerRatis.java:addGroup(807)) - Created group PipelineID=ddb22c92-2c6c-4f72-9923-c5601dffeb53
2023-11-20 14:17:03,918 [617fee10-5999-41fc-ba89-05e5beaae1db-PipelineCommandHandlerThread-0] INFO  commandhandler.CreatePipelineCommandHandler (CreatePipelineCommandHandler.java:lambda$handle$2(124)) - Created Pipeline RATIS ONE PipelineID=ddb22c92-2c6c-4f72-9923-c5601dffeb53.
2023-11-20 14:17:03,918 [617fee10-5999-41fc-ba89-05e5beaae1db-PipelineCommandHandlerThread-0] INFO  server.RaftServer (RaftServerProxy.java:addNew(98)) - 617fee10-5999-41fc-ba89-05e5beaae1db: addNew group-A5A1344C0F7C:[e744cdee-db3a-4307-a129-877114b2ee40|rpc:10.1.0.10:15014|admin:10.1.0.10:15013|client:10.1.0.10:15012|dataStream:10.1.0.10:15015|priority:0|startupRole:FOLLOWER, 617fee10-5999-41fc-ba89-05e5beaae1db|rpc:10.1.0.10:15023|admin:10.1.0.10:15022|client:10.1.0.10:15021|dataStream:10.1.0.10:15024|priority:1|startupRole:FOLLOWER, c950ed05-5bc7-49cd-b60c-e9631522e919|rpc:10.1.0.10:15032|admin:10.1.0.10:15031|client:10.1.0.10:15030|dataStream:10.1.0.10:15033|priority:0|startupRole:FOLLOWER] returns group-A5A1344C0F7C:java.util.concurrent.CompletableFuture@5cece04d[Not completed]
2023-11-20 14:17:03,919 [617fee10-5999-41fc-ba89-05e5beaae1db-groupManagement] INFO  server.RaftServer$Division (RaftServerImpl.java:<init>(198)) - 617fee10-5999-41fc-ba89-05e5beaae1db: new RaftServerImpl for group-A5A1344C0F7C:[e744cdee-db3a-4307-a129-877114b2ee40|rpc:10.1.0.10:15014|admin:10.1.0.10:15013|client:10.1.0.10:15012|dataStream:10.1.0.10:15015|priority:0|startupRole:FOLLOWER, 617fee10-5999-41fc-ba89-05e5beaae1db|rpc:10.1.0.10:15023|admin:10.1.0.10:15022|client:10.1.0.10:15021|dataStream:10.1.0.10:15024|priority:1|startupRole:FOLLOWER, c950ed05-5bc7-49cd-b60c-e9631522e919|rpc:10.1.0.10:15032|admin:10.1.0.10:15031|client:10.1.0.10:15030|dataStream:10.1.0.10:15033|priority:0|startupRole:FOLLOWER] with ContainerStateMachine:uninitialized
2023-11-20 14:17:03,920 [617fee10-5999-41fc-ba89-05e5beaae1db-groupManagement] INFO  server.RaftServerConfigKeys (ConfUtils.java:logGet(46)) - raft.server.rpc.timeout.min = 5s (custom)
2023-11-20 14:17:03,920 [617fee10-5999-41fc-ba89-05e5beaae1db-groupManagement] INFO  server.RaftServerConfigKeys (ConfUtils.java:logGet(46)) - raft.server.rpc.timeout.max = 5200ms (custom)
2023-11-20 14:17:03,920 [617fee10-5999-41fc-ba89-05e5beaae1db-groupManagement] INFO  server.RaftServerConfigKeys (ConfUtils.java:logGet(46)) - raft.server.rpc.sleep.time = 25ms (default)
2023-11-20 14:17:03,920 [617fee10-5999-41fc-ba89-05e5beaae1db-groupManagement] INFO  server.RaftServerConfigKeys (ConfUtils.java:logGet(46)) - raft.server.rpc.slowness.timeout = 300s (custom)
2023-11-20 14:17:03,920 [617fee10-5999-41fc-ba89-05e5beaae1db-groupManagement] INFO  server.RaftServerConfigKeys (ConfUtils.java:logGet(46)) - raft.server.leaderelection.leader.step-down.wait-time = 10s (default)
2023-11-20 14:17:03,920 [617fee10-5999-41fc-ba89-05e5beaae1db-groupManagement] INFO  server.RaftServerConfigKeys (ConfUtils.java:logGet(46)) - raft.server.sleep.deviation.threshold = 300ms (default)
2023-11-20 14:17:03,920 [617fee10-5999-41fc-ba89-05e5beaae1db-groupManagement] INFO  server.RaftServer$Division (ServerState.java:<init>(120)) - 617fee10-5999-41fc-ba89-05e5beaae1db@group-A5A1344C0F7C: ConfigurationManager, init=-1: peers:[e744cdee-db3a-4307-a129-877114b2ee40|rpc:10.1.0.10:15014|admin:10.1.0.10:15013|client:10.1.0.10:15012|dataStream:10.1.0.10:15015|priority:0|startupRole:FOLLOWER, 617fee10-5999-41fc-ba89-05e5beaae1db|rpc:10.1.0.10:15023|admin:10.1.0.10:15022|client:10.1.0.10:15021|dataStream:10.1.0.10:15024|priority:1|startupRole:FOLLOWER, c950ed05-5bc7-49cd-b60c-e9631522e919|rpc:10.1.0.10:15032|admin:10.1.0.10:15031|client:10.1.0.10:15030|dataStream:10.1.0.10:15033|priority:0|startupRole:FOLLOWER]|listeners:[], old=null, confs=<EMPTY_MAP>
2023-11-20 14:17:03,920 [617fee10-5999-41fc-ba89-05e5beaae1db-groupManagement] INFO  server.RaftServerConfigKeys (ConfUtils.java:logGet(46)) - raft.server.storage.dir = [/home/runner/work/ozone/ozone/hadoop-ozone/integration-test/target/test-dir/MiniOzoneClusterImpl-7293264f-739e-43f0-b608-0ff531f18758/datanode-1/data/ratis] (custom)
2023-11-20 14:17:03,920 [617fee10-5999-41fc-ba89-05e5beaae1db-groupManagement] INFO  server.RaftServerConfigKeys (ConfUtils.java:logGet(46)) - raft.server.log.corruption.policy = EXCEPTION (default)
2023-11-20 14:17:03,920 [617fee10-5999-41fc-ba89-05e5beaae1db-groupManagement] INFO  server.RaftServerConfigKeys (ConfUtils.java:logGet(46)) - raft.server.storage.free-space.min = 0MB (=0) (default)
2023-11-20 14:17:03,920 [617fee10-5999-41fc-ba89-05e5beaae1db-groupManagement] INFO  server.RaftServerConfigKeys (ConfUtils.java:logGet(46)) - raft.server.notification.no-leader.timeout = 300s (custom)
2023-11-20 14:17:03,920 [617fee10-5999-41fc-ba89-05e5beaae1db-groupManagement] INFO  server.RaftServerConfigKeys (ConfUtils.java:logGet(46)) - raft.server.read.timeout = 10s (default)
2023-11-20 14:17:03,920 [617fee10-5999-41fc-ba89-05e5beaae1db-groupManagement] INFO  server.RaftServerConfigKeys (ConfUtils.java:logGet(46)) - raft.server.retrycache.expirytime = 600000ms (custom)
2023-11-20 14:17:03,920 [617fee10-5999-41fc-ba89-05e5beaae1db-groupManagement] INFO  server.RaftServerConfigKeys (ConfUtils.java:logGet(46)) - raft.server.retrycache.statistics.expirytime = 100μs (default)
2023-11-20 14:17:03,920 [617fee10-5999-41fc-ba89-05e5beaae1db-groupManagement] INFO  server.RaftServerConfigKeys (ConfUtils.java:logGet(46)) - raft.server.read.option = DEFAULT (default)
2023-11-20 14:17:03,922 [617fee10-5999-41fc-ba89-05e5beaae1db-groupManagement] INFO  server.RaftServerConfigKeys (ConfUtils.java:logGet(46)) - raft.server.rpc.request.timeout = 60s (custom)
2023-11-20 14:17:03,922 [617fee10-5999-41fc-ba89-05e5beaae1db-groupManagement] INFO  server.RaftServerConfigKeys (ConfUtils.java:logGet(46)) - raft.server.log.appender.install.snapshot.enabled = false (custom)
2023-11-20 14:17:03,922 [617fee10-5999-41fc-ba89-05e5beaae1db-groupManagement] INFO  server.RaftServerConfigKeys (ConfUtils.java:logGet(46)) - raft.server.threadpool.server.cached = true (default)
2023-11-20 14:17:03,922 [617fee10-5999-41fc-ba89-05e5beaae1db-groupManagement] INFO  server.RaftServerConfigKeys (ConfUtils.java:logGet(46)) - raft.server.threadpool.server.size = 0 (default)
2023-11-20 14:17:03,922 [617fee10-5999-41fc-ba89-05e5beaae1db-groupManagement] INFO  server.RaftServerConfigKeys (ConfUtils.java:logGet(46)) - raft.server.threadpool.client.cached = true (default)
2023-11-20 14:17:03,922 [617fee10-5999-41fc-ba89-05e5beaae1db-groupManagement] INFO  server.RaftServerConfigKeys (ConfUtils.java:logGet(46)) - raft.server.threadpool.client.size = 0 (default)
2023-11-20 14:17:03,922 [617fee10-5999-41fc-ba89-05e5beaae1db-groupManagement] INFO  storage.RaftStorageDirectory (RaftStorageDirectoryImpl.java:analyzeStorage(137)) - The storage directory /home/runner/work/ozone/ozone/hadoop-ozone/integration-test/target/test-dir/MiniOzoneClusterImpl-7293264f-739e-43f0-b608-0ff531f18758/datanode-1/data/ratis/911e060c-e869-432f-a70b-a5a1344c0f7c does not exist. Creating ...
2023-11-20 14:17:03,923 [617fee10-5999-41fc-ba89-05e5beaae1db-groupManagement] INFO  storage.RaftStorageDirectory (RaftStorageDirectoryImpl.java:tryLock(231)) - Lock on /home/runner/work/ozone/ozone/hadoop-ozone/integration-test/target/test-dir/MiniOzoneClusterImpl-7293264f-739e-43f0-b608-0ff531f18758/datanode-1/data/ratis/911e060c-e869-432f-a70b-a5a1344c0f7c/in_use.lock acquired by nodename 31507@fv-az1500-317
2023-11-20 14:17:03,923 [617fee10-5999-41fc-ba89-05e5beaae1db-groupManagement] INFO  storage.RaftStorage (RaftStorageImpl.java:format(96)) - Storage directory /home/runner/work/ozone/ozone/hadoop-ozone/integration-test/target/test-dir/MiniOzoneClusterImpl-7293264f-739e-43f0-b608-0ff531f18758/datanode-1/data/ratis/911e060c-e869-432f-a70b-a5a1344c0f7c has been successfully formatted.
2023-11-20 14:17:03,924 [617fee10-5999-41fc-ba89-05e5beaae1db-groupManagement] INFO  ratis.ContainerStateMachine (ContainerStateMachine.java:loadSnapshot(269)) - group-A5A1344C0F7C: The snapshot info is null. Setting the last applied indexto:(t:0, i:~)
2023-11-20 14:17:03,924 [617fee10-5999-41fc-ba89-05e5beaae1db-groupManagement] INFO  server.RaftServerConfigKeys (ConfUtils.java:logGet(46)) - raft.server.log.use.memory = false (default)
2023-11-20 14:17:03,924 [617fee10-5999-41fc-ba89-05e5beaae1db-groupManagement] INFO  server.RaftServerConfigKeys (ConfUtils.java:logGet(46)) - raft.server.log.purge.gap = 1000000 (custom)
2023-11-20 14:17:03,924 [617fee10-5999-41fc-ba89-05e5beaae1db-groupManagement] INFO  server.RaftServerConfigKeys (ConfUtils.java:logGet(46)) - raft.server.log.appender.buffer.byte-limit = 33554432 (custom)
2023-11-20 14:17:03,924 [617fee10-5999-41fc-ba89-05e5beaae1db-groupManagement] INFO  server.RaftServerConfigKeys (ConfUtils.java:logGet(46)) - raft.server.log.statemachine.data.read.timeout = 1000ms (default)
2023-11-20 14:17:03,924 [617fee10-5999-41fc-ba89-05e5beaae1db-groupManagement] INFO  server.RaftServerConfigKeys (ConfUtils.java:logGet(46)) - raft.server.log.purge.preservation.log.num = 0 (default)
2023-11-20 14:17:03,925 [617fee10-5999-41fc-ba89-05e5beaae1db-groupManagement] INFO  server.RaftServerConfigKeys (ConfUtils.java:logGet(46)) - raft.server.log.segment.size.max = 1048576 (custom)
2023-11-20 14:17:03,926 [617fee10-5999-41fc-ba89-05e5beaae1db-groupManagement] INFO  server.RaftServerConfigKeys (ConfUtils.java:logGet(46)) - raft.server.log.segment.cache.num.max = 2 (custom)
2023-11-20 14:17:03,926 [617fee10-5999-41fc-ba89-05e5beaae1db-groupManagement] INFO  server.RaftServerConfigKeys (ConfUtils.java:logGet(46)) - raft.server.log.segment.cache.size.max = 200MB (=209715200) (default)
2023-11-20 14:17:03,926 [617fee10-5999-41fc-ba89-05e5beaae1db-groupManagement] INFO  server.RaftServerConfigKeys (ConfUtils.java:logGet(46)) - raft.server.log.appender.buffer.byte-limit = 33554432 (custom)
2023-11-20 14:17:03,926 [617fee10-5999-41fc-ba89-05e5beaae1db-groupManagement] INFO  segmented.SegmentedRaftLogWorker (SegmentedRaftLogWorker.java:<init>(188)) - new 617fee10-5999-41fc-ba89-05e5beaae1db@group-A5A1344C0F7C-SegmentedRaftLogWorker for RaftStorageImpl:Storage Directory /home/runner/work/ozone/ozone/hadoop-ozone/integration-test/target/test-dir/MiniOzoneClusterImpl-7293264f-739e-43f0-b608-0ff531f18758/datanode-1/data/ratis/911e060c-e869-432f-a70b-a5a1344c0f7c
2023-11-20 14:17:03,926 [617fee10-5999-41fc-ba89-05e5beaae1db-groupManagement] INFO  server.RaftServerConfigKeys (ConfUtils.java:logGet(46)) - raft.server.log.queue.byte-limit = 4294967296 (custom)
2023-11-20 14:17:03,926 [617fee10-5999-41fc-ba89-05e5beaae1db-groupManagement] INFO  server.RaftServerConfigKeys (ConfUtils.java:logGet(46)) - raft.server.log.queue.element-limit = 1024 (custom)
2023-11-20 14:17:03,926 [617fee10-5999-41fc-ba89-05e5beaae1db-groupManagement] INFO  server.RaftServerConfigKeys (ConfUtils.java:logGet(46)) - raft.server.log.segment.size.max = 1048576 (custom)
2023-11-20 14:17:03,926 [617fee10-5999-41fc-ba89-05e5beaae1db-groupManagement] INFO  server.RaftServerConfigKeys (ConfUtils.java:logGet(46)) - raft.server.log.preallocated.size = 16384 (custom)
2023-11-20 14:17:03,926 [617fee10-5999-41fc-ba89-05e5beaae1db-groupManagement] INFO  server.RaftServerConfigKeys (ConfUtils.java:logGet(46)) - raft.server.log.force.sync.num = 128 (default)
2023-11-20 14:17:03,926 [617fee10-5999-41fc-ba89-05e5beaae1db-groupManagement] INFO  server.RaftServerConfigKeys (ConfUtils.java:logGet(46)) - raft.server.log.statemachine.data.sync = true (default)
2023-11-20 14:17:03,927 [617fee10-5999-41fc-ba89-05e5beaae1db-groupManagement] INFO  server.RaftServerConfigKeys (ConfUtils.java:logGet(46)) - raft.server.log.statemachine.data.sync.timeout = 10s (default)
2023-11-20 14:17:03,927 [617fee10-5999-41fc-ba89-05e5beaae1db-groupManagement] INFO  server.RaftServerConfigKeys (ConfUtils.java:logGet(46)) - raft.server.log.statemachine.data.sync.timeout.retry = -1 (default)
2023-11-20 14:17:03,928 [617fee10-5999-41fc-ba89-05e5beaae1db-groupManagement] INFO  server.RaftServerConfigKeys (ConfUtils.java:logGet(46)) - raft.server.log.write.buffer.size = 1048576 (custom)
2023-11-20 14:17:03,928 [617fee10-5999-41fc-ba89-05e5beaae1db-groupManagement] INFO  server.RaftServerConfigKeys (ConfUtils.java:logGet(46)) - raft.server.log.appender.buffer.byte-limit = 33554432 (custom)
2023-11-20 14:17:04,018 [EventQueue-OpenPipelineForHealthyPipelineSafeModeRule] INFO  safemode.SCMSafeModeManager (HealthyPipelineSafeModeRule.java:process(137)) - SCM in safe mode. Healthy pipelines reported count is 0, required healthy pipeline reported count is 1
2023-11-20 14:17:04,021 [617fee10-5999-41fc-ba89-05e5beaae1db-groupManagement] INFO  server.RaftServerConfigKeys (ConfUtils.java:logGet(46)) - raft.server.log.unsafe-flush.enabled = false (default)
2023-11-20 14:17:04,021 [c950ed05-5bc7-49cd-b60c-e9631522e919-PipelineCommandHandlerThread-0] INFO  server.RaftServer (RaftServerProxy.java:addNew(98)) - c950ed05-5bc7-49cd-b60c-e9631522e919: addNew group-C85E64AE9605:[c950ed05-5bc7-49cd-b60c-e9631522e919|rpc:10.1.0.10:15032|admin:10.1.0.10:15031|client:10.1.0.10:15030|dataStream:10.1.0.10:15033|priority:1|startupRole:FOLLOWER] returns group-C85E64AE9605:java.util.concurrent.CompletableFuture@6387c670[Not completed]
2023-11-20 14:17:04,021 [617fee10-5999-41fc-ba89-05e5beaae1db-groupManagement] INFO  server.RaftServerConfigKeys (ConfUtils.java:logGet(46)) - raft.server.log.async-flush.enabled = false (default)
2023-11-20 14:17:04,022 [617fee10-5999-41fc-ba89-05e5beaae1db-groupManagement] INFO  server.RaftServerConfigKeys (ConfUtils.java:logGet(46)) - raft.server.log.statemachine.data.caching.enabled = true (custom)
2023-11-20 14:17:04,023 [617fee10-5999-41fc-ba89-05e5beaae1db-groupManagement] INFO  segmented.SegmentedRaftLogWorker (SegmentedRaftLogWorker.java:lambda$new$0(135)) - 617fee10-5999-41fc-ba89-05e5beaae1db@group-A5A1344C0F7C-SegmentedRaftLogWorker: flushIndex: setUnconditionally 0 -> -1
2023-11-20 14:17:04,023 [617fee10-5999-41fc-ba89-05e5beaae1db-groupManagement] INFO  segmented.SegmentedRaftLogWorker (SegmentedRaftLogWorker.java:lambda$new$0(135)) - 617fee10-5999-41fc-ba89-05e5beaae1db@group-A5A1344C0F7C-SegmentedRaftLogWorker: safeCacheEvictIndex: setUnconditionally 0 -> -1
2023-11-20 14:17:04,023 [617fee10-5999-41fc-ba89-05e5beaae1db-groupManagement] INFO  server.RaftServer$Division (RaftServerImpl.java:start(342)) - 617fee10-5999-41fc-ba89-05e5beaae1db@group-A5A1344C0F7C: start as a follower, conf=-1: peers:[e744cdee-db3a-4307-a129-877114b2ee40|rpc:10.1.0.10:15014|admin:10.1.0.10:15013|client:10.1.0.10:15012|dataStream:10.1.0.10:15015|priority:0|startupRole:FOLLOWER, 617fee10-5999-41fc-ba89-05e5beaae1db|rpc:10.1.0.10:15023|admin:10.1.0.10:15022|client:10.1.0.10:15021|dataStream:10.1.0.10:15024|priority:1|startupRole:FOLLOWER, c950ed05-5bc7-49cd-b60c-e9631522e919|rpc:10.1.0.10:15032|admin:10.1.0.10:15031|client:10.1.0.10:15030|dataStream:10.1.0.10:15033|priority:0|startupRole:FOLLOWER]|listeners:[], old=null
2023-11-20 14:17:04,023 [617fee10-5999-41fc-ba89-05e5beaae1db-groupManagement] INFO  server.RaftServer$Division (RaftServerImpl.java:setRole(329)) - 617fee10-5999-41fc-ba89-05e5beaae1db@group-A5A1344C0F7C: changes role from      null to FOLLOWER at term 0 for startAsFollower
2023-11-20 14:17:04,023 [617fee10-5999-41fc-ba89-05e5beaae1db-groupManagement] INFO  impl.RoleInfo (RoleInfo.java:updateAndGet(139)) - 617fee10-5999-41fc-ba89-05e5beaae1db: start 617fee10-5999-41fc-ba89-05e5beaae1db@group-A5A1344C0F7C-FollowerState
2023-11-20 14:17:04,023 [617fee10-5999-41fc-ba89-05e5beaae1db-groupManagement] INFO  util.JmxRegister (JmxRegister.java:tryRegister(44)) - Successfully registered JMX Bean with object name Ratis:service=RaftServer,group=group-A5A1344C0F7C,id=617fee10-5999-41fc-ba89-05e5beaae1db
2023-11-20 14:17:04,023 [617fee10-5999-41fc-ba89-05e5beaae1db-groupManagement] INFO  server.RaftServerConfigKeys (ConfUtils.java:logGet(46)) - raft.server.snapshot.auto.trigger.enabled = true (custom)
2023-11-20 14:17:04,023 [617fee10-5999-41fc-ba89-05e5beaae1db-groupManagement] INFO  server.RaftServerConfigKeys (ConfUtils.java:logGet(46)) - raft.server.snapshot.auto.trigger.threshold = 10000 (custom)
2023-11-20 14:17:04,024 [617fee10-5999-41fc-ba89-05e5beaae1db@group-A5A1344C0F7C-FollowerState] INFO  server.RaftServerConfigKeys (ConfUtils.java:logFallback(53)) - raft.server.rpc.first-election.timeout.min = 5s (fallback to raft.server.rpc.timeout.min)
2023-11-20 14:17:04,023 [c950ed05-5bc7-49cd-b60c-e9631522e919-groupManagement] INFO  server.RaftServer$Division (RaftServerImpl.java:<init>(198)) - c950ed05-5bc7-49cd-b60c-e9631522e919: new RaftServerImpl for group-C85E64AE9605:[c950ed05-5bc7-49cd-b60c-e9631522e919|rpc:10.1.0.10:15032|admin:10.1.0.10:15031|client:10.1.0.10:15030|dataStream:10.1.0.10:15033|priority:1|startupRole:FOLLOWER] with ContainerStateMachine:uninitialized
2023-11-20 14:17:04,026 [617fee10-5999-41fc-ba89-05e5beaae1db@group-A5A1344C0F7C-FollowerState] INFO  server.RaftServerConfigKeys (ConfUtils.java:logFallback(53)) - raft.server.rpc.first-election.timeout.max = 5200ms (fallback to raft.server.rpc.timeout.max)
2023-11-20 14:17:04,024 [617fee10-5999-41fc-ba89-05e5beaae1db-groupManagement] INFO  server.RaftServerConfigKeys (ConfUtils.java:logGet(46)) - raft.server.snapshot.retention.file.num = 5 (custom)
2023-11-20 14:17:04,033 [617fee10-5999-41fc-ba89-05e5beaae1db-groupManagement] INFO  server.RaftServerConfigKeys (ConfUtils.java:logGet(46)) - raft.server.log.purge.upto.snapshot.index = false (default)
2023-11-20 14:17:04,031 [c950ed05-5bc7-49cd-b60c-e9631522e919-groupManagement] INFO  server.RaftServerConfigKeys (ConfUtils.java:logGet(46)) - raft.server.rpc.timeout.min = 5s (custom)
2023-11-20 14:17:04,034 [617fee10-5999-41fc-ba89-05e5beaae1db-PipelineCommandHandlerThread-0] INFO  ratis.XceiverServerRatis (XceiverServerRatis.java:addGroup(807)) - Created group PipelineID=911e060c-e869-432f-a70b-a5a1344c0f7c
2023-11-20 14:17:04,034 [c950ed05-5bc7-49cd-b60c-e9631522e919-groupManagement] INFO  server.RaftServerConfigKeys (ConfUtils.java:logGet(46)) - raft.server.rpc.timeout.max = 5200ms (custom)
2023-11-20 14:17:04,034 [c950ed05-5bc7-49cd-b60c-e9631522e919-groupManagement] INFO  server.RaftServerConfigKeys (ConfUtils.java:logGet(46)) - raft.server.rpc.sleep.time = 25ms (default)
2023-11-20 14:17:04,035 [c950ed05-5bc7-49cd-b60c-e9631522e919-groupManagement] INFO  server.RaftServerConfigKeys (ConfUtils.java:logGet(46)) - raft.server.rpc.slowness.timeout = 300s (custom)
2023-11-20 14:17:04,035 [c950ed05-5bc7-49cd-b60c-e9631522e919-groupManagement] INFO  server.RaftServerConfigKeys (ConfUtils.java:logGet(46)) - raft.server.leaderelection.leader.step-down.wait-time = 10s (default)
2023-11-20 14:17:04,035 [c950ed05-5bc7-49cd-b60c-e9631522e919-groupManagement] INFO  server.RaftServerConfigKeys (ConfUtils.java:logGet(46)) - raft.server.sleep.deviation.threshold = 300ms (default)
2023-11-20 14:17:04,035 [c950ed05-5bc7-49cd-b60c-e9631522e919-groupManagement] INFO  server.RaftServer$Division (ServerState.java:<init>(120)) - c950ed05-5bc7-49cd-b60c-e9631522e919@group-C85E64AE9605: ConfigurationManager, init=-1: peers:[c950ed05-5bc7-49cd-b60c-e9631522e919|rpc:10.1.0.10:15032|admin:10.1.0.10:15031|client:10.1.0.10:15030|dataStream:10.1.0.10:15033|priority:1|startupRole:FOLLOWER]|listeners:[], old=null, confs=<EMPTY_MAP>
2023-11-20 14:17:04,035 [c950ed05-5bc7-49cd-b60c-e9631522e919-groupManagement] INFO  server.RaftServerConfigKeys (ConfUtils.java:logGet(46)) - raft.server.storage.dir = [/home/runner/work/ozone/ozone/hadoop-ozone/integration-test/target/test-dir/MiniOzoneClusterImpl-7293264f-739e-43f0-b608-0ff531f18758/datanode-2/data/ratis] (custom)
2023-11-20 14:17:04,035 [c950ed05-5bc7-49cd-b60c-e9631522e919-groupManagement] INFO  server.RaftServerConfigKeys (ConfUtils.java:logGet(46)) - raft.server.log.corruption.policy = EXCEPTION (default)
2023-11-20 14:17:04,035 [c950ed05-5bc7-49cd-b60c-e9631522e919-groupManagement] INFO  server.RaftServerConfigKeys (ConfUtils.java:logGet(46)) - raft.server.storage.free-space.min = 0MB (=0) (default)
2023-11-20 14:17:04,035 [c950ed05-5bc7-49cd-b60c-e9631522e919-groupManagement] INFO  server.RaftServerConfigKeys (ConfUtils.java:logGet(46)) - raft.server.notification.no-leader.timeout = 300s (custom)
2023-11-20 14:17:04,035 [c950ed05-5bc7-49cd-b60c-e9631522e919-groupManagement] INFO  server.RaftServerConfigKeys (ConfUtils.java:logGet(46)) - raft.server.read.timeout = 10s (default)
2023-11-20 14:17:04,035 [c950ed05-5bc7-49cd-b60c-e9631522e919-groupManagement] INFO  server.RaftServerConfigKeys (ConfUtils.java:logGet(46)) - raft.server.retrycache.expirytime = 600000ms (custom)
2023-11-20 14:17:04,037 [c950ed05-5bc7-49cd-b60c-e9631522e919-groupManagement] INFO  server.RaftServerConfigKeys (ConfUtils.java:logGet(46)) - raft.server.retrycache.statistics.expirytime = 100μs (default)
2023-11-20 14:17:04,037 [c950ed05-5bc7-49cd-b60c-e9631522e919-groupManagement] INFO  server.RaftServerConfigKeys (ConfUtils.java:logGet(46)) - raft.server.read.option = DEFAULT (default)
2023-11-20 14:17:04,045 [c950ed05-5bc7-49cd-b60c-e9631522e919-groupManagement] INFO  server.RaftServerConfigKeys (ConfUtils.java:logGet(46)) - raft.server.rpc.request.timeout = 60s (custom)
2023-11-20 14:17:04,045 [c950ed05-5bc7-49cd-b60c-e9631522e919-groupManagement] INFO  server.RaftServerConfigKeys (ConfUtils.java:logGet(46)) - raft.server.log.appender.install.snapshot.enabled = false (custom)
2023-11-20 14:17:04,045 [c950ed05-5bc7-49cd-b60c-e9631522e919-groupManagement] INFO  server.RaftServerConfigKeys (ConfUtils.java:logGet(46)) - raft.server.threadpool.server.cached = true (default)
2023-11-20 14:17:04,045 [c950ed05-5bc7-49cd-b60c-e9631522e919-groupManagement] INFO  server.RaftServerConfigKeys (ConfUtils.java:logGet(46)) - raft.server.threadpool.server.size = 0 (default)
2023-11-20 14:17:04,045 [c950ed05-5bc7-49cd-b60c-e9631522e919-groupManagement] INFO  server.RaftServerConfigKeys (ConfUtils.java:logGet(46)) - raft.server.threadpool.client.cached = true (default)
2023-11-20 14:17:04,045 [c950ed05-5bc7-49cd-b60c-e9631522e919-groupManagement] INFO  server.RaftServerConfigKeys (ConfUtils.java:logGet(46)) - raft.server.threadpool.client.size = 0 (default)
2023-11-20 14:17:04,046 [c950ed05-5bc7-49cd-b60c-e9631522e919-groupManagement] INFO  storage.RaftStorageDirectory (RaftStorageDirectoryImpl.java:analyzeStorage(137)) - The storage directory /home/runner/work/ozone/ozone/hadoop-ozone/integration-test/target/test-dir/MiniOzoneClusterImpl-7293264f-739e-43f0-b608-0ff531f18758/datanode-2/data/ratis/3fbb9273-50ee-499e-8ee4-c85e64ae9605 does not exist. Creating ...
2023-11-20 14:17:04,047 [c950ed05-5bc7-49cd-b60c-e9631522e919-groupManagement] INFO  storage.RaftStorageDirectory (RaftStorageDirectoryImpl.java:tryLock(231)) - Lock on /home/runner/work/ozone/ozone/hadoop-ozone/integration-test/target/test-dir/MiniOzoneClusterImpl-7293264f-739e-43f0-b608-0ff531f18758/datanode-2/data/ratis/3fbb9273-50ee-499e-8ee4-c85e64ae9605/in_use.lock acquired by nodename 31507@fv-az1500-317
2023-11-20 14:17:04,048 [c950ed05-5bc7-49cd-b60c-e9631522e919-groupManagement] INFO  storage.RaftStorage (RaftStorageImpl.java:format(96)) - Storage directory /home/runner/work/ozone/ozone/hadoop-ozone/integration-test/target/test-dir/MiniOzoneClusterImpl-7293264f-739e-43f0-b608-0ff531f18758/datanode-2/data/ratis/3fbb9273-50ee-499e-8ee4-c85e64ae9605 has been successfully formatted.
2023-11-20 14:17:04,050 [c950ed05-5bc7-49cd-b60c-e9631522e919-groupManagement] INFO  ratis.ContainerStateMachine (ContainerStateMachine.java:loadSnapshot(269)) - group-C85E64AE9605: The snapshot info is null. Setting the last applied indexto:(t:0, i:~)
2023-11-20 14:17:04,050 [c950ed05-5bc7-49cd-b60c-e9631522e919-groupManagement] INFO  server.RaftServerConfigKeys (ConfUtils.java:logGet(46)) - raft.server.log.use.memory = false (default)
2023-11-20 14:17:04,050 [c950ed05-5bc7-49cd-b60c-e9631522e919-groupManagement] INFO  server.RaftServerConfigKeys (ConfUtils.java:logGet(46)) - raft.server.log.purge.gap = 1000000 (custom)
2023-11-20 14:17:04,050 [c950ed05-5bc7-49cd-b60c-e9631522e919-groupManagement] INFO  server.RaftServerConfigKeys (ConfUtils.java:logGet(46)) - raft.server.log.appender.buffer.byte-limit = 33554432 (custom)
2023-11-20 14:17:04,050 [c950ed05-5bc7-49cd-b60c-e9631522e919-groupManagement] INFO  server.RaftServerConfigKeys (ConfUtils.java:logGet(46)) - raft.server.log.statemachine.data.read.timeout = 1000ms (default)
2023-11-20 14:17:04,050 [c950ed05-5bc7-49cd-b60c-e9631522e919-groupManagement] INFO  server.RaftServerConfigKeys (ConfUtils.java:logGet(46)) - raft.server.log.purge.preservation.log.num = 0 (default)
2023-11-20 14:17:04,051 [c950ed05-5bc7-49cd-b60c-e9631522e919-groupManagement] INFO  server.RaftServerConfigKeys (ConfUtils.java:logGet(46)) - raft.server.log.segment.size.max = 1048576 (custom)
2023-11-20 14:17:04,051 [EventQueue-PipelineReportForPipelineReportHandler] INFO  pipeline.PipelineReportHandler (PipelineReportHandler.java:processPipelineReport(136)) - Opened pipeline PipelineID=3fbb9273-50ee-499e-8ee4-c85e64ae9605
2023-11-20 14:17:04,051 [EventQueue-OpenPipelineForHealthyPipelineSafeModeRule] INFO  safemode.SCMSafeModeManager (HealthyPipelineSafeModeRule.java:process(137)) - SCM in safe mode. Healthy pipelines reported count is 0, required healthy pipeline reported count is 1
2023-11-20 14:17:04,051 [c950ed05-5bc7-49cd-b60c-e9631522e919-groupManagement] INFO  server.RaftServerConfigKeys (ConfUtils.java:logGet(46)) - raft.server.log.segment.cache.num.max = 2 (custom)
2023-11-20 14:17:04,051 [c950ed05-5bc7-49cd-b60c-e9631522e919-groupManagement] INFO  server.RaftServerConfigKeys (ConfUtils.java:logGet(46)) - raft.server.log.segment.cache.size.max = 200MB (=209715200) (default)
2023-11-20 14:17:04,051 [c950ed05-5bc7-49cd-b60c-e9631522e919-groupManagement] INFO  server.RaftServerConfigKeys (ConfUtils.java:logGet(46)) - raft.server.log.appender.buffer.byte-limit = 33554432 (custom)
2023-11-20 14:17:04,051 [c950ed05-5bc7-49cd-b60c-e9631522e919-groupManagement] INFO  segmented.SegmentedRaftLogWorker (SegmentedRaftLogWorker.java:<init>(188)) - new c950ed05-5bc7-49cd-b60c-e9631522e919@group-C85E64AE9605-SegmentedRaftLogWorker for RaftStorageImpl:Storage Directory /home/runner/work/ozone/ozone/hadoop-ozone/integration-test/target/test-dir/MiniOzoneClusterImpl-7293264f-739e-43f0-b608-0ff531f18758/datanode-2/data/ratis/3fbb9273-50ee-499e-8ee4-c85e64ae9605
2023-11-20 14:17:04,051 [c950ed05-5bc7-49cd-b60c-e9631522e919-groupManagement] INFO  server.RaftServerConfigKeys (ConfUtils.java:logGet(46)) - raft.server.log.queue.byte-limit = 4294967296 (custom)
2023-11-20 14:17:04,051 [c950ed05-5bc7-49cd-b60c-e9631522e919-groupManagement] INFO  server.RaftServerConfigKeys (ConfUtils.java:logGet(46)) - raft.server.log.queue.element-limit = 1024 (custom)
2023-11-20 14:17:04,051 [c950ed05-5bc7-49cd-b60c-e9631522e919-groupManagement] INFO  server.RaftServerConfigKeys (ConfUtils.java:logGet(46)) - raft.server.log.segment.size.max = 1048576 (custom)
2023-11-20 14:17:04,051 [c950ed05-5bc7-49cd-b60c-e9631522e919-groupManagement] INFO  server.RaftServerConfigKeys (ConfUtils.java:logGet(46)) - raft.server.log.preallocated.size = 16384 (custom)
2023-11-20 14:17:04,052 [c950ed05-5bc7-49cd-b60c-e9631522e919-groupManagement] INFO  server.RaftServerConfigKeys (ConfUtils.java:logGet(46)) - raft.server.log.force.sync.num = 128 (default)
2023-11-20 14:17:04,052 [c950ed05-5bc7-49cd-b60c-e9631522e919-groupManagement] INFO  server.RaftServerConfigKeys (ConfUtils.java:logGet(46)) - raft.server.log.statemachine.data.sync = true (default)
2023-11-20 14:17:04,052 [c950ed05-5bc7-49cd-b60c-e9631522e919-groupManagement] INFO  server.RaftServerConfigKeys (ConfUtils.java:logGet(46)) - raft.server.log.statemachine.data.sync.timeout = 10s (default)
2023-11-20 14:17:04,052 [c950ed05-5bc7-49cd-b60c-e9631522e919-groupManagement] INFO  server.RaftServerConfigKeys (ConfUtils.java:logGet(46)) - raft.server.log.statemachine.data.sync.timeout.retry = -1 (default)
2023-11-20 14:17:04,056 [c950ed05-5bc7-49cd-b60c-e9631522e919-groupManagement] INFO  server.RaftServerConfigKeys (ConfUtils.java:logGet(46)) - raft.server.log.write.buffer.size = 1048576 (custom)
2023-11-20 14:17:04,057 [c950ed05-5bc7-49cd-b60c-e9631522e919-groupManagement] INFO  server.RaftServerConfigKeys (ConfUtils.java:logGet(46)) - raft.server.log.appender.buffer.byte-limit = 33554432 (custom)
2023-11-20 14:17:04,059 [c950ed05-5bc7-49cd-b60c-e9631522e919-groupManagement] INFO  server.RaftServerConfigKeys (ConfUtils.java:logGet(46)) - raft.server.log.unsafe-flush.enabled = false (default)
2023-11-20 14:17:04,059 [c950ed05-5bc7-49cd-b60c-e9631522e919-groupManagement] INFO  server.RaftServerConfigKeys (ConfUtils.java:logGet(46)) - raft.server.log.async-flush.enabled = false (default)
2023-11-20 14:17:04,059 [c950ed05-5bc7-49cd-b60c-e9631522e919-groupManagement] INFO  server.RaftServerConfigKeys (ConfUtils.java:logGet(46)) - raft.server.log.statemachine.data.caching.enabled = true (custom)
2023-11-20 14:17:04,060 [c950ed05-5bc7-49cd-b60c-e9631522e919-groupManagement] INFO  segmented.SegmentedRaftLogWorker (SegmentedRaftLogWorker.java:lambda$new$0(135)) - c950ed05-5bc7-49cd-b60c-e9631522e919@group-C85E64AE9605-SegmentedRaftLogWorker: flushIndex: setUnconditionally 0 -> -1
2023-11-20 14:17:04,060 [c950ed05-5bc7-49cd-b60c-e9631522e919-groupManagement] INFO  segmented.SegmentedRaftLogWorker (SegmentedRaftLogWorker.java:lambda$new$0(135)) - c950ed05-5bc7-49cd-b60c-e9631522e919@group-C85E64AE9605-SegmentedRaftLogWorker: safeCacheEvictIndex: setUnconditionally 0 -> -1
2023-11-20 14:17:04,068 [c950ed05-5bc7-49cd-b60c-e9631522e919-groupManagement] INFO  server.RaftServer$Division (RaftServerImpl.java:start(342)) - c950ed05-5bc7-49cd-b60c-e9631522e919@group-C85E64AE9605: start as a follower, conf=-1: peers:[c950ed05-5bc7-49cd-b60c-e9631522e919|rpc:10.1.0.10:15032|admin:10.1.0.10:15031|client:10.1.0.10:15030|dataStream:10.1.0.10:15033|priority:1|startupRole:FOLLOWER]|listeners:[], old=null
2023-11-20 14:17:04,068 [c950ed05-5bc7-49cd-b60c-e9631522e919-groupManagement] INFO  server.RaftServer$Division (RaftServerImpl.java:setRole(329)) - c950ed05-5bc7-49cd-b60c-e9631522e919@group-C85E64AE9605: changes role from      null to FOLLOWER at term 0 for startAsFollower
2023-11-20 14:17:04,068 [c950ed05-5bc7-49cd-b60c-e9631522e919-groupManagement] INFO  impl.RoleInfo (RoleInfo.java:updateAndGet(139)) - c950ed05-5bc7-49cd-b60c-e9631522e919: start c950ed05-5bc7-49cd-b60c-e9631522e919@group-C85E64AE9605-FollowerState
2023-11-20 14:17:04,068 [c950ed05-5bc7-49cd-b60c-e9631522e919-groupManagement] INFO  util.JmxRegister (JmxRegister.java:tryRegister(44)) - Successfully registered JMX Bean with object name Ratis:service=RaftServer,group=group-C85E64AE9605,id=c950ed05-5bc7-49cd-b60c-e9631522e919
2023-11-20 14:17:04,068 [c950ed05-5bc7-49cd-b60c-e9631522e919-groupManagement] INFO  server.RaftServerConfigKeys (ConfUtils.java:logGet(46)) - raft.server.snapshot.auto.trigger.enabled = true (custom)
2023-11-20 14:17:04,069 [c950ed05-5bc7-49cd-b60c-e9631522e919-groupManagement] INFO  server.RaftServerConfigKeys (ConfUtils.java:logGet(46)) - raft.server.snapshot.auto.trigger.threshold = 10000 (custom)
2023-11-20 14:17:04,069 [c950ed05-5bc7-49cd-b60c-e9631522e919-groupManagement] INFO  server.RaftServerConfigKeys (ConfUtils.java:logGet(46)) - raft.server.snapshot.retention.file.num = 5 (custom)
2023-11-20 14:17:04,069 [c950ed05-5bc7-49cd-b60c-e9631522e919-groupManagement] INFO  server.RaftServerConfigKeys (ConfUtils.java:logGet(46)) - raft.server.log.purge.upto.snapshot.index = false (default)
2023-11-20 14:17:04,070 [c950ed05-5bc7-49cd-b60c-e9631522e919@group-C85E64AE9605-FollowerState] INFO  server.RaftServerConfigKeys (ConfUtils.java:logFallback(53)) - raft.server.rpc.first-election.timeout.min = 5s (fallback to raft.server.rpc.timeout.min)
2023-11-20 14:17:04,070 [c950ed05-5bc7-49cd-b60c-e9631522e919@group-C85E64AE9605-FollowerState] INFO  server.RaftServerConfigKeys (ConfUtils.java:logFallback(53)) - raft.server.rpc.first-election.timeout.max = 5200ms (fallback to raft.server.rpc.timeout.max)
2023-11-20 14:17:04,076 [c950ed05-5bc7-49cd-b60c-e9631522e919-PipelineCommandHandlerThread-0] INFO  ratis.XceiverServerRatis (XceiverServerRatis.java:addGroup(807)) - Created group PipelineID=3fbb9273-50ee-499e-8ee4-c85e64ae9605
2023-11-20 14:17:04,077 [c950ed05-5bc7-49cd-b60c-e9631522e919-PipelineCommandHandlerThread-0] INFO  commandhandler.CreatePipelineCommandHandler (CreatePipelineCommandHandler.java:lambda$handle$2(124)) - Created Pipeline RATIS ONE PipelineID=3fbb9273-50ee-499e-8ee4-c85e64ae9605.
2023-11-20 14:17:04,086 [c950ed05-5bc7-49cd-b60c-e9631522e919-PipelineCommandHandlerThread-0] INFO  server.RaftServer (RaftServerProxy.java:addNew(98)) - c950ed05-5bc7-49cd-b60c-e9631522e919: addNew group-A5A1344C0F7C:[e744cdee-db3a-4307-a129-877114b2ee40|rpc:10.1.0.10:15014|admin:10.1.0.10:15013|client:10.1.0.10:15012|dataStream:10.1.0.10:15015|priority:0|startupRole:FOLLOWER, 617fee10-5999-41fc-ba89-05e5beaae1db|rpc:10.1.0.10:15023|admin:10.1.0.10:15022|client:10.1.0.10:15021|dataStream:10.1.0.10:15024|priority:1|startupRole:FOLLOWER, c950ed05-5bc7-49cd-b60c-e9631522e919|rpc:10.1.0.10:15032|admin:10.1.0.10:15031|client:10.1.0.10:15030|dataStream:10.1.0.10:15033|priority:0|startupRole:FOLLOWER] returns group-A5A1344C0F7C:java.util.concurrent.CompletableFuture@67b84ed8[Not completed]
2023-11-20 14:17:04,088 [c950ed05-5bc7-49cd-b60c-e9631522e919-groupManagement] INFO  server.RaftServer$Division (RaftServerImpl.java:<init>(198)) - c950ed05-5bc7-49cd-b60c-e9631522e919: new RaftServerImpl for group-A5A1344C0F7C:[e744cdee-db3a-4307-a129-877114b2ee40|rpc:10.1.0.10:15014|admin:10.1.0.10:15013|client:10.1.0.10:15012|dataStream:10.1.0.10:15015|priority:0|startupRole:FOLLOWER, 617fee10-5999-41fc-ba89-05e5beaae1db|rpc:10.1.0.10:15023|admin:10.1.0.10:15022|client:10.1.0.10:15021|dataStream:10.1.0.10:15024|priority:1|startupRole:FOLLOWER, c950ed05-5bc7-49cd-b60c-e9631522e919|rpc:10.1.0.10:15032|admin:10.1.0.10:15031|client:10.1.0.10:15030|dataStream:10.1.0.10:15033|priority:0|startupRole:FOLLOWER] with ContainerStateMachine:uninitialized
2023-11-20 14:17:04,088 [c950ed05-5bc7-49cd-b60c-e9631522e919-groupManagement] INFO  server.RaftServerConfigKeys (ConfUtils.java:logGet(46)) - raft.server.rpc.timeout.min = 5s (custom)
2023-11-20 14:17:04,088 [c950ed05-5bc7-49cd-b60c-e9631522e919-groupManagement] INFO  server.RaftServerConfigKeys (ConfUtils.java:logGet(46)) - raft.server.rpc.timeout.max = 5200ms (custom)
2023-11-20 14:17:04,088 [c950ed05-5bc7-49cd-b60c-e9631522e919-groupManagement] INFO  server.RaftServerConfigKeys (ConfUtils.java:logGet(46)) - raft.server.rpc.sleep.time = 25ms (default)
2023-11-20 14:17:04,088 [c950ed05-5bc7-49cd-b60c-e9631522e919-groupManagement] INFO  server.RaftServerConfigKeys (ConfUtils.java:logGet(46)) - raft.server.rpc.slowness.timeout = 300s (custom)
2023-11-20 14:17:04,088 [c950ed05-5bc7-49cd-b60c-e9631522e919-groupManagement] INFO  server.RaftServerConfigKeys (ConfUtils.java:logGet(46)) - raft.server.leaderelection.leader.step-down.wait-time = 10s (default)
2023-11-20 14:17:04,089 [c950ed05-5bc7-49cd-b60c-e9631522e919-groupManagement] INFO  server.RaftServerConfigKeys (ConfUtils.java:logGet(46)) - raft.server.sleep.deviation.threshold = 300ms (default)
2023-11-20 14:17:04,089 [c950ed05-5bc7-49cd-b60c-e9631522e919-groupManagement] INFO  server.RaftServer$Division (ServerState.java:<init>(120)) - c950ed05-5bc7-49cd-b60c-e9631522e919@group-A5A1344C0F7C: ConfigurationManager, init=-1: peers:[e744cdee-db3a-4307-a129-877114b2ee40|rpc:10.1.0.10:15014|admin:10.1.0.10:15013|client:10.1.0.10:15012|dataStream:10.1.0.10:15015|priority:0|startupRole:FOLLOWER, 617fee10-5999-41fc-ba89-05e5beaae1db|rpc:10.1.0.10:15023|admin:10.1.0.10:15022|client:10.1.0.10:15021|dataStream:10.1.0.10:15024|priority:1|startupRole:FOLLOWER, c950ed05-5bc7-49cd-b60c-e9631522e919|rpc:10.1.0.10:15032|admin:10.1.0.10:15031|client:10.1.0.10:15030|dataStream:10.1.0.10:15033|priority:0|startupRole:FOLLOWER]|listeners:[], old=null, confs=<EMPTY_MAP>
2023-11-20 14:17:04,089 [c950ed05-5bc7-49cd-b60c-e9631522e919-groupManagement] INFO  server.RaftServerConfigKeys (ConfUtils.java:logGet(46)) - raft.server.storage.dir = [/home/runner/work/ozone/ozone/hadoop-ozone/integration-test/target/test-dir/MiniOzoneClusterImpl-7293264f-739e-43f0-b608-0ff531f18758/datanode-2/data/ratis] (custom)
2023-11-20 14:17:04,089 [c950ed05-5bc7-49cd-b60c-e9631522e919-groupManagement] INFO  server.RaftServerConfigKeys (ConfUtils.java:logGet(46)) - raft.server.log.corruption.policy = EXCEPTION (default)
2023-11-20 14:17:04,089 [c950ed05-5bc7-49cd-b60c-e9631522e919-groupManagement] INFO  server.RaftServerConfigKeys (ConfUtils.java:logGet(46)) - raft.server.storage.free-space.min = 0MB (=0) (default)
2023-11-20 14:17:04,089 [c950ed05-5bc7-49cd-b60c-e9631522e919-groupManagement] INFO  server.RaftServerConfigKeys (ConfUtils.java:logGet(46)) - raft.server.notification.no-leader.timeout = 300s (custom)
2023-11-20 14:17:04,089 [c950ed05-5bc7-49cd-b60c-e9631522e919-groupManagement] INFO  server.RaftServerConfigKeys (ConfUtils.java:logGet(46)) - raft.server.read.timeout = 10s (default)
2023-11-20 14:17:04,089 [c950ed05-5bc7-49cd-b60c-e9631522e919-groupManagement] INFO  server.RaftServerConfigKeys (ConfUtils.java:logGet(46)) - raft.server.retrycache.expirytime = 600000ms (custom)
2023-11-20 14:17:04,089 [c950ed05-5bc7-49cd-b60c-e9631522e919-groupManagement] INFO  server.RaftServerConfigKeys (ConfUtils.java:logGet(46)) - raft.server.retrycache.statistics.expirytime = 100μs (default)
2023-11-20 14:17:04,090 [c950ed05-5bc7-49cd-b60c-e9631522e919-groupManagement] INFO  server.RaftServerConfigKeys (ConfUtils.java:logGet(46)) - raft.server.read.option = DEFAULT (default)
2023-11-20 14:17:04,091 [c950ed05-5bc7-49cd-b60c-e9631522e919-groupManagement] INFO  server.RaftServerConfigKeys (ConfUtils.java:logGet(46)) - raft.server.rpc.request.timeout = 60s (custom)
2023-11-20 14:17:04,091 [c950ed05-5bc7-49cd-b60c-e9631522e919-groupManagement] INFO  server.RaftServerConfigKeys (ConfUtils.java:logGet(46)) - raft.server.log.appender.install.snapshot.enabled = false (custom)
2023-11-20 14:17:04,091 [c950ed05-5bc7-49cd-b60c-e9631522e919-groupManagement] INFO  server.RaftServerConfigKeys (ConfUtils.java:logGet(46)) - raft.server.threadpool.server.cached = true (default)
2023-11-20 14:17:04,091 [c950ed05-5bc7-49cd-b60c-e9631522e919-groupManagement] INFO  server.RaftServerConfigKeys (ConfUtils.java:logGet(46)) - raft.server.threadpool.server.size = 0 (default)
2023-11-20 14:17:04,091 [c950ed05-5bc7-49cd-b60c-e9631522e919-groupManagement] INFO  server.RaftServerConfigKeys (ConfUtils.java:logGet(46)) - raft.server.threadpool.client.cached = true (default)
2023-11-20 14:17:04,091 [c950ed05-5bc7-49cd-b60c-e9631522e919-groupManagement] INFO  server.RaftServerConfigKeys (ConfUtils.java:logGet(46)) - raft.server.threadpool.client.size = 0 (default)
2023-11-20 14:17:04,091 [c950ed05-5bc7-49cd-b60c-e9631522e919-groupManagement] INFO  storage.RaftStorageDirectory (RaftStorageDirectoryImpl.java:analyzeStorage(137)) - The storage directory /home/runner/work/ozone/ozone/hadoop-ozone/integration-test/target/test-dir/MiniOzoneClusterImpl-7293264f-739e-43f0-b608-0ff531f18758/datanode-2/data/ratis/911e060c-e869-432f-a70b-a5a1344c0f7c does not exist. Creating ...
2023-11-20 14:17:04,092 [c950ed05-5bc7-49cd-b60c-e9631522e919-groupManagement] INFO  storage.RaftStorageDirectory (RaftStorageDirectoryImpl.java:tryLock(231)) - Lock on /home/runner/work/ozone/ozone/hadoop-ozone/integration-test/target/test-dir/MiniOzoneClusterImpl-7293264f-739e-43f0-b608-0ff531f18758/datanode-2/data/ratis/911e060c-e869-432f-a70b-a5a1344c0f7c/in_use.lock acquired by nodename 31507@fv-az1500-317
2023-11-20 14:17:04,092 [e3a4102d-65f7-48f2-aab6-9dba3586f78e-PipelineCommandHandlerThread-0] INFO  server.RaftServer (RaftServerProxy.java:addNew(98)) - e3a4102d-65f7-48f2-aab6-9dba3586f78e: addNew group-D1051C5D3047:[e3a4102d-65f7-48f2-aab6-9dba3586f78e|rpc:10.1.0.10:15041|admin:10.1.0.10:15040|client:10.1.0.10:15039|dataStream:10.1.0.10:15042|priority:1|startupRole:FOLLOWER] returns group-D1051C5D3047:java.util.concurrent.CompletableFuture@3be38f86[Not completed]
2023-11-20 14:17:04,094 [c950ed05-5bc7-49cd-b60c-e9631522e919-groupManagement] INFO  storage.RaftStorage (RaftStorageImpl.java:format(96)) - Storage directory /home/runner/work/ozone/ozone/hadoop-ozone/integration-test/target/test-dir/MiniOzoneClusterImpl-7293264f-739e-43f0-b608-0ff531f18758/datanode-2/data/ratis/911e060c-e869-432f-a70b-a5a1344c0f7c has been successfully formatted.
2023-11-20 14:17:04,095 [c950ed05-5bc7-49cd-b60c-e9631522e919-groupManagement] INFO  ratis.ContainerStateMachine (ContainerStateMachine.java:loadSnapshot(269)) - group-A5A1344C0F7C: The snapshot info is null. Setting the last applied indexto:(t:0, i:~)
2023-11-20 14:17:04,095 [c950ed05-5bc7-49cd-b60c-e9631522e919-groupManagement] INFO  server.RaftServerConfigKeys (ConfUtils.java:logGet(46)) - raft.server.log.use.memory = false (default)
2023-11-20 14:17:04,095 [c950ed05-5bc7-49cd-b60c-e9631522e919-groupManagement] INFO  server.RaftServerConfigKeys (ConfUtils.java:logGet(46)) - raft.server.log.purge.gap = 1000000 (custom)
2023-11-20 14:17:04,095 [c950ed05-5bc7-49cd-b60c-e9631522e919-groupManagement] INFO  server.RaftServerConfigKeys (ConfUtils.java:logGet(46)) - raft.server.log.appender.buffer.byte-limit = 33554432 (custom)
2023-11-20 14:17:04,100 [c950ed05-5bc7-49cd-b60c-e9631522e919-groupManagement] INFO  server.RaftServerConfigKeys (ConfUtils.java:logGet(46)) - raft.server.log.statemachine.data.read.timeout = 1000ms (default)
2023-11-20 14:17:04,100 [c950ed05-5bc7-49cd-b60c-e9631522e919-groupManagement] INFO  server.RaftServerConfigKeys (ConfUtils.java:logGet(46)) - raft.server.log.purge.preservation.log.num = 0 (default)
2023-11-20 14:17:04,105 [c950ed05-5bc7-49cd-b60c-e9631522e919-groupManagement] INFO  server.RaftServerConfigKeys (ConfUtils.java:logGet(46)) - raft.server.log.segment.size.max = 1048576 (custom)
2023-11-20 14:17:04,105 [c950ed05-5bc7-49cd-b60c-e9631522e919-groupManagement] INFO  server.RaftServerConfigKeys (ConfUtils.java:logGet(46)) - raft.server.log.segment.cache.num.max = 2 (custom)
2023-11-20 14:17:04,105 [c950ed05-5bc7-49cd-b60c-e9631522e919-groupManagement] INFO  server.RaftServerConfigKeys (ConfUtils.java:logGet(46)) - raft.server.log.segment.cache.size.max = 200MB (=209715200) (default)
2023-11-20 14:17:04,105 [c950ed05-5bc7-49cd-b60c-e9631522e919-groupManagement] INFO  server.RaftServerConfigKeys (ConfUtils.java:logGet(46)) - raft.server.log.appender.buffer.byte-limit = 33554432 (custom)
2023-11-20 14:17:04,105 [c950ed05-5bc7-49cd-b60c-e9631522e919-groupManagement] INFO  segmented.SegmentedRaftLogWorker (SegmentedRaftLogWorker.java:<init>(188)) - new c950ed05-5bc7-49cd-b60c-e9631522e919@group-A5A1344C0F7C-SegmentedRaftLogWorker for RaftStorageImpl:Storage Directory /home/runner/work/ozone/ozone/hadoop-ozone/integration-test/target/test-dir/MiniOzoneClusterImpl-7293264f-739e-43f0-b608-0ff531f18758/datanode-2/data/ratis/911e060c-e869-432f-a70b-a5a1344c0f7c
2023-11-20 14:17:04,105 [c950ed05-5bc7-49cd-b60c-e9631522e919-groupManagement] INFO  server.RaftServerConfigKeys (ConfUtils.java:logGet(46)) - raft.server.log.queue.byte-limit = 4294967296 (custom)
2023-11-20 14:17:04,105 [c950ed05-5bc7-49cd-b60c-e9631522e919-groupManagement] INFO  server.RaftServerConfigKeys (ConfUtils.java:logGet(46)) - raft.server.log.queue.element-limit = 1024 (custom)
2023-11-20 14:17:04,105 [c950ed05-5bc7-49cd-b60c-e9631522e919-groupManagement] INFO  server.RaftServerConfigKeys (ConfUtils.java:logGet(46)) - raft.server.log.segment.size.max = 1048576 (custom)
2023-11-20 14:17:04,105 [c950ed05-5bc7-49cd-b60c-e9631522e919-groupManagement] INFO  server.RaftServerConfigKeys (ConfUtils.java:logGet(46)) - raft.server.log.preallocated.size = 16384 (custom)
2023-11-20 14:17:04,106 [c950ed05-5bc7-49cd-b60c-e9631522e919-groupManagement] INFO  server.RaftServerConfigKeys (ConfUtils.java:logGet(46)) - raft.server.log.force.sync.num = 128 (default)
2023-11-20 14:17:04,106 [c950ed05-5bc7-49cd-b60c-e9631522e919-groupManagement] INFO  server.RaftServerConfigKeys (ConfUtils.java:logGet(46)) - raft.server.log.statemachine.data.sync = true (default)
2023-11-20 14:17:04,106 [c950ed05-5bc7-49cd-b60c-e9631522e919-groupManagement] INFO  server.RaftServerConfigKeys (ConfUtils.java:logGet(46)) - raft.server.log.statemachine.data.sync.timeout = 10s (default)
2023-11-20 14:17:04,106 [c950ed05-5bc7-49cd-b60c-e9631522e919-groupManagement] INFO  server.RaftServerConfigKeys (ConfUtils.java:logGet(46)) - raft.server.log.statemachine.data.sync.timeout.retry = -1 (default)
2023-11-20 14:17:04,107 [c950ed05-5bc7-49cd-b60c-e9631522e919-groupManagement] INFO  server.RaftServerConfigKeys (ConfUtils.java:logGet(46)) - raft.server.log.write.buffer.size = 1048576 (custom)
2023-11-20 14:17:04,107 [c950ed05-5bc7-49cd-b60c-e9631522e919-groupManagement] INFO  server.RaftServerConfigKeys (ConfUtils.java:logGet(46)) - raft.server.log.appender.buffer.byte-limit = 33554432 (custom)
2023-11-20 14:17:04,108 [c950ed05-5bc7-49cd-b60c-e9631522e919-groupManagement] INFO  server.RaftServerConfigKeys (ConfUtils.java:logGet(46)) - raft.server.log.unsafe-flush.enabled = false (default)
2023-11-20 14:17:04,108 [c950ed05-5bc7-49cd-b60c-e9631522e919-groupManagement] INFO  server.RaftServerConfigKeys (ConfUtils.java:logGet(46)) - raft.server.log.async-flush.enabled = false (default)
2023-11-20 14:17:04,108 [c950ed05-5bc7-49cd-b60c-e9631522e919-groupManagement] INFO  server.RaftServerConfigKeys (ConfUtils.java:logGet(46)) - raft.server.log.statemachine.data.caching.enabled = true (custom)
2023-11-20 14:17:04,102 [EventQueue-OpenPipelineForHealthyPipelineSafeModeRule] INFO  safemode.SCMSafeModeManager (HealthyPipelineSafeModeRule.java:process(137)) - SCM in safe mode. Healthy pipelines reported count is 0, required healthy pipeline reported count is 1
2023-11-20 14:17:04,109 [c950ed05-5bc7-49cd-b60c-e9631522e919-groupManagement] INFO  segmented.SegmentedRaftLogWorker (SegmentedRaftLogWorker.java:lambda$new$0(135)) - c950ed05-5bc7-49cd-b60c-e9631522e919@group-A5A1344C0F7C-SegmentedRaftLogWorker: flushIndex: setUnconditionally 0 -> -1
2023-11-20 14:17:04,109 [c950ed05-5bc7-49cd-b60c-e9631522e919-groupManagement] INFO  segmented.SegmentedRaftLogWorker (SegmentedRaftLogWorker.java:lambda$new$0(135)) - c950ed05-5bc7-49cd-b60c-e9631522e919@group-A5A1344C0F7C-SegmentedRaftLogWorker: safeCacheEvictIndex: setUnconditionally 0 -> -1
2023-11-20 14:17:04,109 [e3a4102d-65f7-48f2-aab6-9dba3586f78e-groupManagement] INFO  server.RaftServer$Division (RaftServerImpl.java:<init>(198)) - e3a4102d-65f7-48f2-aab6-9dba3586f78e: new RaftServerImpl for group-D1051C5D3047:[e3a4102d-65f7-48f2-aab6-9dba3586f78e|rpc:10.1.0.10:15041|admin:10.1.0.10:15040|client:10.1.0.10:15039|dataStream:10.1.0.10:15042|priority:1|startupRole:FOLLOWER] with ContainerStateMachine:uninitialized
2023-11-20 14:17:04,109 [e3a4102d-65f7-48f2-aab6-9dba3586f78e-groupManagement] INFO  server.RaftServerConfigKeys (ConfUtils.java:logGet(46)) - raft.server.rpc.timeout.min = 5s (custom)
2023-11-20 14:17:04,109 [e3a4102d-65f7-48f2-aab6-9dba3586f78e-groupManagement] INFO  server.RaftServerConfigKeys (ConfUtils.java:logGet(46)) - raft.server.rpc.timeout.max = 5200ms (custom)
2023-11-20 14:17:04,110 [e3a4102d-65f7-48f2-aab6-9dba3586f78e-groupManagement] INFO  server.RaftServerConfigKeys (ConfUtils.java:logGet(46)) - raft.server.rpc.sleep.time = 25ms (default)
2023-11-20 14:17:04,110 [e3a4102d-65f7-48f2-aab6-9dba3586f78e-groupManagement] INFO  server.RaftServerConfigKeys (ConfUtils.java:logGet(46)) - raft.server.rpc.slowness.timeout = 300s (custom)
2023-11-20 14:17:04,110 [e3a4102d-65f7-48f2-aab6-9dba3586f78e-groupManagement] INFO  server.RaftServerConfigKeys (ConfUtils.java:logGet(46)) - raft.server.leaderelection.leader.step-down.wait-time = 10s (default)
2023-11-20 14:17:04,110 [e3a4102d-65f7-48f2-aab6-9dba3586f78e-groupManagement] INFO  server.RaftServerConfigKeys (ConfUtils.java:logGet(46)) - raft.server.sleep.deviation.threshold = 300ms (default)
2023-11-20 14:17:04,110 [e3a4102d-65f7-48f2-aab6-9dba3586f78e-groupManagement] INFO  server.RaftServer$Division (ServerState.java:<init>(120)) - e3a4102d-65f7-48f2-aab6-9dba3586f78e@group-D1051C5D3047: ConfigurationManager, init=-1: peers:[e3a4102d-65f7-48f2-aab6-9dba3586f78e|rpc:10.1.0.10:15041|admin:10.1.0.10:15040|client:10.1.0.10:15039|dataStream:10.1.0.10:15042|priority:1|startupRole:FOLLOWER]|listeners:[], old=null, confs=<EMPTY_MAP>
2023-11-20 14:17:04,110 [e3a4102d-65f7-48f2-aab6-9dba3586f78e-groupManagement] INFO  server.RaftServerConfigKeys (ConfUtils.java:logGet(46)) - raft.server.storage.dir = [/home/runner/work/ozone/ozone/hadoop-ozone/integration-test/target/test-dir/MiniOzoneClusterImpl-7293264f-739e-43f0-b608-0ff531f18758/datanode-3/data/ratis] (custom)
2023-11-20 14:17:04,110 [e3a4102d-65f7-48f2-aab6-9dba3586f78e-groupManagement] INFO  server.RaftServerConfigKeys (ConfUtils.java:logGet(46)) - raft.server.log.corruption.policy = EXCEPTION (default)
2023-11-20 14:17:04,110 [e3a4102d-65f7-48f2-aab6-9dba3586f78e-groupManagement] INFO  server.RaftServerConfigKeys (ConfUtils.java:logGet(46)) - raft.server.storage.free-space.min = 0MB (=0) (default)
2023-11-20 14:17:04,110 [e3a4102d-65f7-48f2-aab6-9dba3586f78e-groupManagement] INFO  server.RaftServerConfigKeys (ConfUtils.java:logGet(46)) - raft.server.notification.no-leader.timeout = 300s (custom)
2023-11-20 14:17:04,110 [e3a4102d-65f7-48f2-aab6-9dba3586f78e-groupManagement] INFO  server.RaftServerConfigKeys (ConfUtils.java:logGet(46)) - raft.server.read.timeout = 10s (default)
2023-11-20 14:17:04,110 [e3a4102d-65f7-48f2-aab6-9dba3586f78e-groupManagement] INFO  server.RaftServerConfigKeys (ConfUtils.java:logGet(46)) - raft.server.retrycache.expirytime = 600000ms (custom)
2023-11-20 14:17:04,110 [e3a4102d-65f7-48f2-aab6-9dba3586f78e-groupManagement] INFO  server.RaftServerConfigKeys (ConfUtils.java:logGet(46)) - raft.server.retrycache.statistics.expirytime = 100μs (default)
2023-11-20 14:17:04,111 [e3a4102d-65f7-48f2-aab6-9dba3586f78e-groupManagement] INFO  server.RaftServerConfigKeys (ConfUtils.java:logGet(46)) - raft.server.read.option = DEFAULT (default)
2023-11-20 14:17:04,113 [e3a4102d-65f7-48f2-aab6-9dba3586f78e-groupManagement] INFO  server.RaftServerConfigKeys (ConfUtils.java:logGet(46)) - raft.server.rpc.request.timeout = 60s (custom)
2023-11-20 14:17:04,113 [e3a4102d-65f7-48f2-aab6-9dba3586f78e-groupManagement] INFO  server.RaftServerConfigKeys (ConfUtils.java:logGet(46)) - raft.server.log.appender.install.snapshot.enabled = false (custom)
2023-11-20 14:17:04,113 [e3a4102d-65f7-48f2-aab6-9dba3586f78e-groupManagement] INFO  server.RaftServerConfigKeys (ConfUtils.java:logGet(46)) - raft.server.threadpool.server.cached = true (default)
2023-11-20 14:17:04,113 [e3a4102d-65f7-48f2-aab6-9dba3586f78e-groupManagement] INFO  server.RaftServerConfigKeys (ConfUtils.java:logGet(46)) - raft.server.threadpool.server.size = 0 (default)
2023-11-20 14:17:04,113 [e3a4102d-65f7-48f2-aab6-9dba3586f78e-groupManagement] INFO  server.RaftServerConfigKeys (ConfUtils.java:logGet(46)) - raft.server.threadpool.client.cached = true (default)
2023-11-20 14:17:04,113 [e3a4102d-65f7-48f2-aab6-9dba3586f78e-groupManagement] INFO  server.RaftServerConfigKeys (ConfUtils.java:logGet(46)) - raft.server.threadpool.client.size = 0 (default)
2023-11-20 14:17:04,113 [e3a4102d-65f7-48f2-aab6-9dba3586f78e-groupManagement] INFO  storage.RaftStorageDirectory (RaftStorageDirectoryImpl.java:analyzeStorage(137)) - The storage directory /home/runner/work/ozone/ozone/hadoop-ozone/integration-test/target/test-dir/MiniOzoneClusterImpl-7293264f-739e-43f0-b608-0ff531f18758/datanode-3/data/ratis/850127b2-0ad9-4913-bfbf-d1051c5d3047 does not exist. Creating ...
2023-11-20 14:17:04,114 [c950ed05-5bc7-49cd-b60c-e9631522e919-groupManagement] INFO  server.RaftServer$Division (RaftServerImpl.java:start(342)) - c950ed05-5bc7-49cd-b60c-e9631522e919@group-A5A1344C0F7C: start as a follower, conf=-1: peers:[e744cdee-db3a-4307-a129-877114b2ee40|rpc:10.1.0.10:15014|admin:10.1.0.10:15013|client:10.1.0.10:15012|dataStream:10.1.0.10:15015|priority:0|startupRole:FOLLOWER, 617fee10-5999-41fc-ba89-05e5beaae1db|rpc:10.1.0.10:15023|admin:10.1.0.10:15022|client:10.1.0.10:15021|dataStream:10.1.0.10:15024|priority:1|startupRole:FOLLOWER, c950ed05-5bc7-49cd-b60c-e9631522e919|rpc:10.1.0.10:15032|admin:10.1.0.10:15031|client:10.1.0.10:15030|dataStream:10.1.0.10:15033|priority:0|startupRole:FOLLOWER]|listeners:[], old=null
2023-11-20 14:17:04,114 [c950ed05-5bc7-49cd-b60c-e9631522e919-groupManagement] INFO  server.RaftServer$Division (RaftServerImpl.java:setRole(329)) - c950ed05-5bc7-49cd-b60c-e9631522e919@group-A5A1344C0F7C: changes role from      null to FOLLOWER at term 0 for startAsFollower
2023-11-20 14:17:04,114 [c950ed05-5bc7-49cd-b60c-e9631522e919-groupManagement] INFO  impl.RoleInfo (RoleInfo.java:updateAndGet(139)) - c950ed05-5bc7-49cd-b60c-e9631522e919: start c950ed05-5bc7-49cd-b60c-e9631522e919@group-A5A1344C0F7C-FollowerState
2023-11-20 14:17:04,114 [e3a4102d-65f7-48f2-aab6-9dba3586f78e-groupManagement] INFO  storage.RaftStorageDirectory (RaftStorageDirectoryImpl.java:tryLock(231)) - Lock on /home/runner/work/ozone/ozone/hadoop-ozone/integration-test/target/test-dir/MiniOzoneClusterImpl-7293264f-739e-43f0-b608-0ff531f18758/datanode-3/data/ratis/850127b2-0ad9-4913-bfbf-d1051c5d3047/in_use.lock acquired by nodename 31507@fv-az1500-317
2023-11-20 14:17:04,118 [c950ed05-5bc7-49cd-b60c-e9631522e919-groupManagement] INFO  util.JmxRegister (JmxRegister.java:tryRegister(44)) - Successfully registered JMX Bean with object name Ratis:service=RaftServer,group=group-A5A1344C0F7C,id=c950ed05-5bc7-49cd-b60c-e9631522e919
2023-11-20 14:17:04,120 [c950ed05-5bc7-49cd-b60c-e9631522e919-groupManagement] INFO  server.RaftServerConfigKeys (ConfUtils.java:logGet(46)) - raft.server.snapshot.auto.trigger.enabled = true (custom)
2023-11-20 14:17:04,120 [c950ed05-5bc7-49cd-b60c-e9631522e919-groupManagement] INFO  server.RaftServerConfigKeys (ConfUtils.java:logGet(46)) - raft.server.snapshot.auto.trigger.threshold = 10000 (custom)
2023-11-20 14:17:04,120 [c950ed05-5bc7-49cd-b60c-e9631522e919-groupManagement] INFO  server.RaftServerConfigKeys (ConfUtils.java:logGet(46)) - raft.server.snapshot.retention.file.num = 5 (custom)
2023-11-20 14:17:04,120 [c950ed05-5bc7-49cd-b60c-e9631522e919-groupManagement] INFO  server.RaftServerConfigKeys (ConfUtils.java:logGet(46)) - raft.server.log.purge.upto.snapshot.index = false (default)
2023-11-20 14:17:04,120 [c950ed05-5bc7-49cd-b60c-e9631522e919@group-A5A1344C0F7C-FollowerState] INFO  server.RaftServerConfigKeys (ConfUtils.java:logFallback(53)) - raft.server.rpc.first-election.timeout.min = 5s (fallback to raft.server.rpc.timeout.min)
2023-11-20 14:17:04,120 [c950ed05-5bc7-49cd-b60c-e9631522e919@group-A5A1344C0F7C-FollowerState] INFO  server.RaftServerConfigKeys (ConfUtils.java:logFallback(53)) - raft.server.rpc.first-election.timeout.max = 5200ms (fallback to raft.server.rpc.timeout.max)
2023-11-20 14:17:04,122 [c950ed05-5bc7-49cd-b60c-e9631522e919-PipelineCommandHandlerThread-0] INFO  ratis.XceiverServerRatis (XceiverServerRatis.java:addGroup(807)) - Created group PipelineID=911e060c-e869-432f-a70b-a5a1344c0f7c
2023-11-20 14:17:04,126 [e3a4102d-65f7-48f2-aab6-9dba3586f78e-groupManagement] INFO  storage.RaftStorage (RaftStorageImpl.java:format(96)) - Storage directory /home/runner/work/ozone/ozone/hadoop-ozone/integration-test/target/test-dir/MiniOzoneClusterImpl-7293264f-739e-43f0-b608-0ff531f18758/datanode-3/data/ratis/850127b2-0ad9-4913-bfbf-d1051c5d3047 has been successfully formatted.
2023-11-20 14:17:04,126 [e3a4102d-65f7-48f2-aab6-9dba3586f78e-groupManagement] INFO  ratis.ContainerStateMachine (ContainerStateMachine.java:loadSnapshot(269)) - group-D1051C5D3047: The snapshot info is null. Setting the last applied indexto:(t:0, i:~)
2023-11-20 14:17:04,126 [e3a4102d-65f7-48f2-aab6-9dba3586f78e-groupManagement] INFO  server.RaftServerConfigKeys (ConfUtils.java:logGet(46)) - raft.server.log.use.memory = false (default)
2023-11-20 14:17:04,127 [e3a4102d-65f7-48f2-aab6-9dba3586f78e-groupManagement] INFO  server.RaftServerConfigKeys (ConfUtils.java:logGet(46)) - raft.server.log.purge.gap = 1000000 (custom)
2023-11-20 14:17:04,127 [e3a4102d-65f7-48f2-aab6-9dba3586f78e-groupManagement] INFO  server.RaftServerConfigKeys (ConfUtils.java:logGet(46)) - raft.server.log.appender.buffer.byte-limit = 33554432 (custom)
2023-11-20 14:17:04,127 [e3a4102d-65f7-48f2-aab6-9dba3586f78e-groupManagement] INFO  server.RaftServerConfigKeys (ConfUtils.java:logGet(46)) - raft.server.log.statemachine.data.read.timeout = 1000ms (default)
2023-11-20 14:17:04,127 [e3a4102d-65f7-48f2-aab6-9dba3586f78e-groupManagement] INFO  server.RaftServerConfigKeys (ConfUtils.java:logGet(46)) - raft.server.log.purge.preservation.log.num = 0 (default)
2023-11-20 14:17:04,129 [e3a4102d-65f7-48f2-aab6-9dba3586f78e-groupManagement] INFO  server.RaftServerConfigKeys (ConfUtils.java:logGet(46)) - raft.server.log.segment.size.max = 1048576 (custom)
2023-11-20 14:17:04,129 [e3a4102d-65f7-48f2-aab6-9dba3586f78e-groupManagement] INFO  server.RaftServerConfigKeys (ConfUtils.java:logGet(46)) - raft.server.log.segment.cache.num.max = 2 (custom)
2023-11-20 14:17:04,129 [e3a4102d-65f7-48f2-aab6-9dba3586f78e-groupManagement] INFO  server.RaftServerConfigKeys (ConfUtils.java:logGet(46)) - raft.server.log.segment.cache.size.max = 200MB (=209715200) (default)
2023-11-20 14:17:04,129 [e3a4102d-65f7-48f2-aab6-9dba3586f78e-groupManagement] INFO  server.RaftServerConfigKeys (ConfUtils.java:logGet(46)) - raft.server.log.appender.buffer.byte-limit = 33554432 (custom)
2023-11-20 14:17:04,129 [e3a4102d-65f7-48f2-aab6-9dba3586f78e-groupManagement] INFO  segmented.SegmentedRaftLogWorker (SegmentedRaftLogWorker.java:<init>(188)) - new e3a4102d-65f7-48f2-aab6-9dba3586f78e@group-D1051C5D3047-SegmentedRaftLogWorker for RaftStorageImpl:Storage Directory /home/runner/work/ozone/ozone/hadoop-ozone/integration-test/target/test-dir/MiniOzoneClusterImpl-7293264f-739e-43f0-b608-0ff531f18758/datanode-3/data/ratis/850127b2-0ad9-4913-bfbf-d1051c5d3047
2023-11-20 14:17:04,129 [e3a4102d-65f7-48f2-aab6-9dba3586f78e-groupManagement] INFO  server.RaftServerConfigKeys (ConfUtils.java:logGet(46)) - raft.server.log.queue.byte-limit = 4294967296 (custom)
2023-11-20 14:17:04,129 [e3a4102d-65f7-48f2-aab6-9dba3586f78e-groupManagement] INFO  server.RaftServerConfigKeys (ConfUtils.java:logGet(46)) - raft.server.log.queue.element-limit = 1024 (custom)
2023-11-20 14:17:04,130 [e3a4102d-65f7-48f2-aab6-9dba3586f78e-groupManagement] INFO  server.RaftServerConfigKeys (ConfUtils.java:logGet(46)) - raft.server.log.segment.size.max = 1048576 (custom)
2023-11-20 14:17:04,130 [e3a4102d-65f7-48f2-aab6-9dba3586f78e-groupManagement] INFO  server.RaftServerConfigKeys (ConfUtils.java:logGet(46)) - raft.server.log.preallocated.size = 16384 (custom)
2023-11-20 14:17:04,130 [e3a4102d-65f7-48f2-aab6-9dba3586f78e-groupManagement] INFO  server.RaftServerConfigKeys (ConfUtils.java:logGet(46)) - raft.server.log.force.sync.num = 128 (default)
2023-11-20 14:17:04,130 [e3a4102d-65f7-48f2-aab6-9dba3586f78e-groupManagement] INFO  server.RaftServerConfigKeys (ConfUtils.java:logGet(46)) - raft.server.log.statemachine.data.sync = true (default)
2023-11-20 14:17:04,130 [e3a4102d-65f7-48f2-aab6-9dba3586f78e-groupManagement] INFO  server.RaftServerConfigKeys (ConfUtils.java:logGet(46)) - raft.server.log.statemachine.data.sync.timeout = 10s (default)
2023-11-20 14:17:04,130 [e3a4102d-65f7-48f2-aab6-9dba3586f78e-groupManagement] INFO  server.RaftServerConfigKeys (ConfUtils.java:logGet(46)) - raft.server.log.statemachine.data.sync.timeout.retry = -1 (default)
2023-11-20 14:17:04,130 [EventQueue-PipelineReportForPipelineReportHandler] INFO  pipeline.PipelineReportHandler (PipelineReportHandler.java:processPipelineReport(136)) - Opened pipeline PipelineID=850127b2-0ad9-4913-bfbf-d1051c5d3047
2023-11-20 14:17:04,130 [EventQueue-OpenPipelineForHealthyPipelineSafeModeRule] INFO  safemode.SCMSafeModeManager (HealthyPipelineSafeModeRule.java:process(137)) - SCM in safe mode. Healthy pipelines reported count is 0, required healthy pipeline reported count is 1
2023-11-20 14:17:04,131 [e3a4102d-65f7-48f2-aab6-9dba3586f78e-groupManagement] INFO  server.RaftServerConfigKeys (ConfUtils.java:logGet(46)) - raft.server.log.write.buffer.size = 1048576 (custom)
2023-11-20 14:17:04,131 [e3a4102d-65f7-48f2-aab6-9dba3586f78e-groupManagement] INFO  server.RaftServerConfigKeys (ConfUtils.java:logGet(46)) - raft.server.log.appender.buffer.byte-limit = 33554432 (custom)
2023-11-20 14:17:04,132 [e3a4102d-65f7-48f2-aab6-9dba3586f78e-groupManagement] INFO  server.RaftServerConfigKeys (ConfUtils.java:logGet(46)) - raft.server.log.unsafe-flush.enabled = false (default)
2023-11-20 14:17:04,132 [e3a4102d-65f7-48f2-aab6-9dba3586f78e-groupManagement] INFO  server.RaftServerConfigKeys (ConfUtils.java:logGet(46)) - raft.server.log.async-flush.enabled = false (default)
2023-11-20 14:17:04,133 [e3a4102d-65f7-48f2-aab6-9dba3586f78e-groupManagement] INFO  server.RaftServerConfigKeys (ConfUtils.java:logGet(46)) - raft.server.log.statemachine.data.caching.enabled = true (custom)
2023-11-20 14:17:04,133 [e3a4102d-65f7-48f2-aab6-9dba3586f78e-groupManagement] INFO  segmented.SegmentedRaftLogWorker (SegmentedRaftLogWorker.java:lambda$new$0(135)) - e3a4102d-65f7-48f2-aab6-9dba3586f78e@group-D1051C5D3047-SegmentedRaftLogWorker: flushIndex: setUnconditionally 0 -> -1
2023-11-20 14:17:04,133 [e3a4102d-65f7-48f2-aab6-9dba3586f78e-groupManagement] INFO  segmented.SegmentedRaftLogWorker (SegmentedRaftLogWorker.java:lambda$new$0(135)) - e3a4102d-65f7-48f2-aab6-9dba3586f78e@group-D1051C5D3047-SegmentedRaftLogWorker: safeCacheEvictIndex: setUnconditionally 0 -> -1
2023-11-20 14:17:04,133 [e3a4102d-65f7-48f2-aab6-9dba3586f78e-groupManagement] INFO  server.RaftServer$Division (RaftServerImpl.java:start(342)) - e3a4102d-65f7-48f2-aab6-9dba3586f78e@group-D1051C5D3047: start as a follower, conf=-1: peers:[e3a4102d-65f7-48f2-aab6-9dba3586f78e|rpc:10.1.0.10:15041|admin:10.1.0.10:15040|client:10.1.0.10:15039|dataStream:10.1.0.10:15042|priority:1|startupRole:FOLLOWER]|listeners:[], old=null
2023-11-20 14:17:04,133 [e3a4102d-65f7-48f2-aab6-9dba3586f78e-groupManagement] INFO  server.RaftServer$Division (RaftServerImpl.java:setRole(329)) - e3a4102d-65f7-48f2-aab6-9dba3586f78e@group-D1051C5D3047: changes role from      null to FOLLOWER at term 0 for startAsFollower
2023-11-20 14:17:04,133 [e3a4102d-65f7-48f2-aab6-9dba3586f78e-groupManagement] INFO  impl.RoleInfo (RoleInfo.java:updateAndGet(139)) - e3a4102d-65f7-48f2-aab6-9dba3586f78e: start e3a4102d-65f7-48f2-aab6-9dba3586f78e@group-D1051C5D3047-FollowerState
2023-11-20 14:17:04,137 [e3a4102d-65f7-48f2-aab6-9dba3586f78e@group-D1051C5D3047-FollowerState] INFO  server.RaftServerConfigKeys (ConfUtils.java:logFallback(53)) - raft.server.rpc.first-election.timeout.min = 5s (fallback to raft.server.rpc.timeout.min)
2023-11-20 14:17:04,137 [e3a4102d-65f7-48f2-aab6-9dba3586f78e-groupManagement] INFO  util.JmxRegister (JmxRegister.java:tryRegister(44)) - Successfully registered JMX Bean with object name Ratis:service=RaftServer,group=group-D1051C5D3047,id=e3a4102d-65f7-48f2-aab6-9dba3586f78e
2023-11-20 14:17:04,137 [e3a4102d-65f7-48f2-aab6-9dba3586f78e@group-D1051C5D3047-FollowerState] INFO  server.RaftServerConfigKeys (ConfUtils.java:logFallback(53)) - raft.server.rpc.first-election.timeout.max = 5200ms (fallback to raft.server.rpc.timeout.max)
2023-11-20 14:17:04,137 [e3a4102d-65f7-48f2-aab6-9dba3586f78e-groupManagement] INFO  server.RaftServerConfigKeys (ConfUtils.java:logGet(46)) - raft.server.snapshot.auto.trigger.enabled = true (custom)
2023-11-20 14:17:04,137 [e3a4102d-65f7-48f2-aab6-9dba3586f78e-groupManagement] INFO  server.RaftServerConfigKeys (ConfUtils.java:logGet(46)) - raft.server.snapshot.auto.trigger.threshold = 10000 (custom)
2023-11-20 14:17:04,137 [e3a4102d-65f7-48f2-aab6-9dba3586f78e-groupManagement] INFO  server.RaftServerConfigKeys (ConfUtils.java:logGet(46)) - raft.server.snapshot.retention.file.num = 5 (custom)
2023-11-20 14:17:04,137 [e3a4102d-65f7-48f2-aab6-9dba3586f78e-groupManagement] INFO  server.RaftServerConfigKeys (ConfUtils.java:logGet(46)) - raft.server.log.purge.upto.snapshot.index = false (default)
2023-11-20 14:17:04,138 [e3a4102d-65f7-48f2-aab6-9dba3586f78e-PipelineCommandHandlerThread-0] INFO  ratis.XceiverServerRatis (XceiverServerRatis.java:addGroup(807)) - Created group PipelineID=850127b2-0ad9-4913-bfbf-d1051c5d3047
2023-11-20 14:17:04,139 [e3a4102d-65f7-48f2-aab6-9dba3586f78e-PipelineCommandHandlerThread-0] INFO  commandhandler.CreatePipelineCommandHandler (CreatePipelineCommandHandler.java:lambda$handle$2(124)) - Created Pipeline RATIS ONE PipelineID=850127b2-0ad9-4913-bfbf-d1051c5d3047.
2023-11-20 14:17:04,198 [main] INFO  ozone.MiniOzoneClusterImpl (MiniOzoneClusterImpl.java:lambda$waitForClusterToBeReady$0(229)) - Nodes are ready. Got 5 of 5 DN Heartbeats.
2023-11-20 14:17:04,198 [main] INFO  ozone.MiniOzoneClusterImpl (MiniOzoneClusterImpl.java:lambda$waitForClusterToBeReady$0(232)) - Waiting for cluster to exit safe mode
2023-11-20 14:17:04,198 [main] INFO  ozone.MiniOzoneClusterImpl (MiniOzoneClusterImpl.java:lambda$waitForClusterToBeReady$0(234)) - SCM became leader
2023-11-20 14:17:04,199 [4acbe1c1-18a2-4209-a8df-4dbe8c379458-PipelineCommandHandlerThread-0] INFO  server.RaftServer (RaftServerProxy.java:addNew(98)) - 4acbe1c1-18a2-4209-a8df-4dbe8c379458: addNew group-012ED37C3E4B:[4acbe1c1-18a2-4209-a8df-4dbe8c379458|rpc:10.1.0.10:15050|admin:10.1.0.10:15049|client:10.1.0.10:15048|dataStream:10.1.0.10:15051|priority:1|startupRole:FOLLOWER] returns group-012ED37C3E4B:java.util.concurrent.CompletableFuture@6db6aabe[Not completed]
2023-11-20 14:17:04,200 [4acbe1c1-18a2-4209-a8df-4dbe8c379458-groupManagement] INFO  server.RaftServer$Division (RaftServerImpl.java:<init>(198)) - 4acbe1c1-18a2-4209-a8df-4dbe8c379458: new RaftServerImpl for group-012ED37C3E4B:[4acbe1c1-18a2-4209-a8df-4dbe8c379458|rpc:10.1.0.10:15050|admin:10.1.0.10:15049|client:10.1.0.10:15048|dataStream:10.1.0.10:15051|priority:1|startupRole:FOLLOWER] with ContainerStateMachine:uninitialized
2023-11-20 14:17:04,200 [4acbe1c1-18a2-4209-a8df-4dbe8c379458-groupManagement] INFO  server.RaftServerConfigKeys (ConfUtils.java:logGet(46)) - raft.server.rpc.timeout.min = 5s (custom)
2023-11-20 14:17:04,200 [4acbe1c1-18a2-4209-a8df-4dbe8c379458-groupManagement] INFO  server.RaftServerConfigKeys (ConfUtils.java:logGet(46)) - raft.server.rpc.timeout.max = 5200ms (custom)
2023-11-20 14:17:04,200 [4acbe1c1-18a2-4209-a8df-4dbe8c379458-groupManagement] INFO  server.RaftServerConfigKeys (ConfUtils.java:logGet(46)) - raft.server.rpc.sleep.time = 25ms (default)
2023-11-20 14:17:04,200 [4acbe1c1-18a2-4209-a8df-4dbe8c379458-groupManagement] INFO  server.RaftServerConfigKeys (ConfUtils.java:logGet(46)) - raft.server.rpc.slowness.timeout = 300s (custom)
2023-11-20 14:17:04,200 [4acbe1c1-18a2-4209-a8df-4dbe8c379458-groupManagement] INFO  server.RaftServerConfigKeys (ConfUtils.java:logGet(46)) - raft.server.leaderelection.leader.step-down.wait-time = 10s (default)
2023-11-20 14:17:04,200 [4acbe1c1-18a2-4209-a8df-4dbe8c379458-groupManagement] INFO  server.RaftServerConfigKeys (ConfUtils.java:logGet(46)) - raft.server.sleep.deviation.threshold = 300ms (default)
2023-11-20 14:17:04,201 [4acbe1c1-18a2-4209-a8df-4dbe8c379458-groupManagement] INFO  server.RaftServer$Division (ServerState.java:<init>(120)) - 4acbe1c1-18a2-4209-a8df-4dbe8c379458@group-012ED37C3E4B: ConfigurationManager, init=-1: peers:[4acbe1c1-18a2-4209-a8df-4dbe8c379458|rpc:10.1.0.10:15050|admin:10.1.0.10:15049|client:10.1.0.10:15048|dataStream:10.1.0.10:15051|priority:1|startupRole:FOLLOWER]|listeners:[], old=null, confs=<EMPTY_MAP>
2023-11-20 14:17:04,201 [4acbe1c1-18a2-4209-a8df-4dbe8c379458-groupManagement] INFO  server.RaftServerConfigKeys (ConfUtils.java:logGet(46)) - raft.server.storage.dir = [/home/runner/work/ozone/ozone/hadoop-ozone/integration-test/target/test-dir/MiniOzoneClusterImpl-7293264f-739e-43f0-b608-0ff531f18758/datanode-4/data/ratis] (custom)
2023-11-20 14:17:04,201 [4acbe1c1-18a2-4209-a8df-4dbe8c379458-groupManagement] INFO  server.RaftServerConfigKeys (ConfUtils.java:logGet(46)) - raft.server.log.corruption.policy = EXCEPTION (default)
2023-11-20 14:17:04,201 [4acbe1c1-18a2-4209-a8df-4dbe8c379458-groupManagement] INFO  server.RaftServerConfigKeys (ConfUtils.java:logGet(46)) - raft.server.storage.free-space.min = 0MB (=0) (default)
2023-11-20 14:17:04,201 [4acbe1c1-18a2-4209-a8df-4dbe8c379458-groupManagement] INFO  server.RaftServerConfigKeys (ConfUtils.java:logGet(46)) - raft.server.notification.no-leader.timeout = 300s (custom)
2023-11-20 14:17:04,201 [4acbe1c1-18a2-4209-a8df-4dbe8c379458-groupManagement] INFO  server.RaftServerConfigKeys (ConfUtils.java:logGet(46)) - raft.server.read.timeout = 10s (default)
2023-11-20 14:17:04,201 [4acbe1c1-18a2-4209-a8df-4dbe8c379458-groupManagement] INFO  server.RaftServerConfigKeys (ConfUtils.java:logGet(46)) - raft.server.retrycache.expirytime = 600000ms (custom)
2023-11-20 14:17:04,201 [4acbe1c1-18a2-4209-a8df-4dbe8c379458-groupManagement] INFO  server.RaftServerConfigKeys (ConfUtils.java:logGet(46)) - raft.server.retrycache.statistics.expirytime = 100μs (default)
2023-11-20 14:17:04,201 [4acbe1c1-18a2-4209-a8df-4dbe8c379458-groupManagement] INFO  server.RaftServerConfigKeys (ConfUtils.java:logGet(46)) - raft.server.read.option = DEFAULT (default)
2023-11-20 14:17:04,203 [4acbe1c1-18a2-4209-a8df-4dbe8c379458-groupManagement] INFO  server.RaftServerConfigKeys (ConfUtils.java:logGet(46)) - raft.server.rpc.request.timeout = 60s (custom)
2023-11-20 14:17:04,203 [4acbe1c1-18a2-4209-a8df-4dbe8c379458-groupManagement] INFO  server.RaftServerConfigKeys (ConfUtils.java:logGet(46)) - raft.server.log.appender.install.snapshot.enabled = false (custom)
2023-11-20 14:17:04,203 [4acbe1c1-18a2-4209-a8df-4dbe8c379458-groupManagement] INFO  server.RaftServerConfigKeys (ConfUtils.java:logGet(46)) - raft.server.threadpool.server.cached = true (default)
2023-11-20 14:17:04,203 [4acbe1c1-18a2-4209-a8df-4dbe8c379458-groupManagement] INFO  server.RaftServerConfigKeys (ConfUtils.java:logGet(46)) - raft.server.threadpool.server.size = 0 (default)
2023-11-20 14:17:04,203 [4acbe1c1-18a2-4209-a8df-4dbe8c379458-groupManagement] INFO  server.RaftServerConfigKeys (ConfUtils.java:logGet(46)) - raft.server.threadpool.client.cached = true (default)
2023-11-20 14:17:04,203 [4acbe1c1-18a2-4209-a8df-4dbe8c379458-groupManagement] INFO  server.RaftServerConfigKeys (ConfUtils.java:logGet(46)) - raft.server.threadpool.client.size = 0 (default)
2023-11-20 14:17:04,203 [4acbe1c1-18a2-4209-a8df-4dbe8c379458-groupManagement] INFO  storage.RaftStorageDirectory (RaftStorageDirectoryImpl.java:analyzeStorage(137)) - The storage directory /home/runner/work/ozone/ozone/hadoop-ozone/integration-test/target/test-dir/MiniOzoneClusterImpl-7293264f-739e-43f0-b608-0ff531f18758/datanode-4/data/ratis/b87b8d6f-bbdc-4f5c-b384-012ed37c3e4b does not exist. Creating ...
2023-11-20 14:17:04,204 [4acbe1c1-18a2-4209-a8df-4dbe8c379458-groupManagement] INFO  storage.RaftStorageDirectory (RaftStorageDirectoryImpl.java:tryLock(231)) - Lock on /home/runner/work/ozone/ozone/hadoop-ozone/integration-test/target/test-dir/MiniOzoneClusterImpl-7293264f-739e-43f0-b608-0ff531f18758/datanode-4/data/ratis/b87b8d6f-bbdc-4f5c-b384-012ed37c3e4b/in_use.lock acquired by nodename 31507@fv-az1500-317
2023-11-20 14:17:04,205 [4acbe1c1-18a2-4209-a8df-4dbe8c379458-groupManagement] INFO  storage.RaftStorage (RaftStorageImpl.java:format(96)) - Storage directory /home/runner/work/ozone/ozone/hadoop-ozone/integration-test/target/test-dir/MiniOzoneClusterImpl-7293264f-739e-43f0-b608-0ff531f18758/datanode-4/data/ratis/b87b8d6f-bbdc-4f5c-b384-012ed37c3e4b has been successfully formatted.
2023-11-20 14:17:04,205 [4acbe1c1-18a2-4209-a8df-4dbe8c379458-groupManagement] INFO  ratis.ContainerStateMachine (ContainerStateMachine.java:loadSnapshot(269)) - group-012ED37C3E4B: The snapshot info is null. Setting the last applied indexto:(t:0, i:~)
2023-11-20 14:17:04,205 [4acbe1c1-18a2-4209-a8df-4dbe8c379458-groupManagement] INFO  server.RaftServerConfigKeys (ConfUtils.java:logGet(46)) - raft.server.log.use.memory = false (default)
2023-11-20 14:17:04,205 [4acbe1c1-18a2-4209-a8df-4dbe8c379458-groupManagement] INFO  server.RaftServerConfigKeys (ConfUtils.java:logGet(46)) - raft.server.log.purge.gap = 1000000 (custom)
2023-11-20 14:17:04,206 [4acbe1c1-18a2-4209-a8df-4dbe8c379458-groupManagement] INFO  server.RaftServerConfigKeys (ConfUtils.java:logGet(46)) - raft.server.log.appender.buffer.byte-limit = 33554432 (custom)
2023-11-20 14:17:04,206 [4acbe1c1-18a2-4209-a8df-4dbe8c379458-groupManagement] INFO  server.RaftServerConfigKeys (ConfUtils.java:logGet(46)) - raft.server.log.statemachine.data.read.timeout = 1000ms (default)
2023-11-20 14:17:04,206 [4acbe1c1-18a2-4209-a8df-4dbe8c379458-groupManagement] INFO  server.RaftServerConfigKeys (ConfUtils.java:logGet(46)) - raft.server.log.purge.preservation.log.num = 0 (default)
2023-11-20 14:17:04,206 [4acbe1c1-18a2-4209-a8df-4dbe8c379458-groupManagement] INFO  server.RaftServerConfigKeys (ConfUtils.java:logGet(46)) - raft.server.log.segment.size.max = 1048576 (custom)
2023-11-20 14:17:04,210 [EventQueue-PipelineReportForPipelineReportHandler] INFO  pipeline.PipelineReportHandler (PipelineReportHandler.java:processPipelineReport(136)) - Opened pipeline PipelineID=b87b8d6f-bbdc-4f5c-b384-012ed37c3e4b
2023-11-20 14:17:04,212 [EventQueue-OpenPipelineForHealthyPipelineSafeModeRule] INFO  safemode.SCMSafeModeManager (HealthyPipelineSafeModeRule.java:process(137)) - SCM in safe mode. Healthy pipelines reported count is 0, required healthy pipeline reported count is 1
2023-11-20 14:17:04,212 [4acbe1c1-18a2-4209-a8df-4dbe8c379458-groupManagement] INFO  server.RaftServerConfigKeys (ConfUtils.java:logGet(46)) - raft.server.log.segment.cache.num.max = 2 (custom)
2023-11-20 14:17:04,212 [4acbe1c1-18a2-4209-a8df-4dbe8c379458-groupManagement] INFO  server.RaftServerConfigKeys (ConfUtils.java:logGet(46)) - raft.server.log.segment.cache.size.max = 200MB (=209715200) (default)
2023-11-20 14:17:04,212 [4acbe1c1-18a2-4209-a8df-4dbe8c379458-groupManagement] INFO  server.RaftServerConfigKeys (ConfUtils.java:logGet(46)) - raft.server.log.appender.buffer.byte-limit = 33554432 (custom)
2023-11-20 14:17:04,212 [4acbe1c1-18a2-4209-a8df-4dbe8c379458-groupManagement] INFO  segmented.SegmentedRaftLogWorker (SegmentedRaftLogWorker.java:<init>(188)) - new 4acbe1c1-18a2-4209-a8df-4dbe8c379458@group-012ED37C3E4B-SegmentedRaftLogWorker for RaftStorageImpl:Storage Directory /home/runner/work/ozone/ozone/hadoop-ozone/integration-test/target/test-dir/MiniOzoneClusterImpl-7293264f-739e-43f0-b608-0ff531f18758/datanode-4/data/ratis/b87b8d6f-bbdc-4f5c-b384-012ed37c3e4b
2023-11-20 14:17:04,212 [4acbe1c1-18a2-4209-a8df-4dbe8c379458-groupManagement] INFO  server.RaftServerConfigKeys (ConfUtils.java:logGet(46)) - raft.server.log.queue.byte-limit = 4294967296 (custom)
2023-11-20 14:17:04,212 [4acbe1c1-18a2-4209-a8df-4dbe8c379458-groupManagement] INFO  server.RaftServerConfigKeys (ConfUtils.java:logGet(46)) - raft.server.log.queue.element-limit = 1024 (custom)
2023-11-20 14:17:04,212 [4acbe1c1-18a2-4209-a8df-4dbe8c379458-groupManagement] INFO  server.RaftServerConfigKeys (ConfUtils.java:logGet(46)) - raft.server.log.segment.size.max = 1048576 (custom)
2023-11-20 14:17:04,212 [4acbe1c1-18a2-4209-a8df-4dbe8c379458-groupManagement] INFO  server.RaftServerConfigKeys (ConfUtils.java:logGet(46)) - raft.server.log.preallocated.size = 16384 (custom)
2023-11-20 14:17:04,213 [4acbe1c1-18a2-4209-a8df-4dbe8c379458-groupManagement] INFO  server.RaftServerConfigKeys (ConfUtils.java:logGet(46)) - raft.server.log.force.sync.num = 128 (default)
2023-11-20 14:17:04,213 [4acbe1c1-18a2-4209-a8df-4dbe8c379458-groupManagement] INFO  server.RaftServerConfigKeys (ConfUtils.java:logGet(46)) - raft.server.log.statemachine.data.sync = true (default)
2023-11-20 14:17:04,213 [4acbe1c1-18a2-4209-a8df-4dbe8c379458-groupManagement] INFO  server.RaftServerConfigKeys (ConfUtils.java:logGet(46)) - raft.server.log.statemachine.data.sync.timeout = 10s (default)
2023-11-20 14:17:04,213 [4acbe1c1-18a2-4209-a8df-4dbe8c379458-groupManagement] INFO  server.RaftServerConfigKeys (ConfUtils.java:logGet(46)) - raft.server.log.statemachine.data.sync.timeout.retry = -1 (default)
2023-11-20 14:17:04,214 [4acbe1c1-18a2-4209-a8df-4dbe8c379458-groupManagement] INFO  server.RaftServerConfigKeys (ConfUtils.java:logGet(46)) - raft.server.log.write.buffer.size = 1048576 (custom)
2023-11-20 14:17:04,214 [4acbe1c1-18a2-4209-a8df-4dbe8c379458-groupManagement] INFO  server.RaftServerConfigKeys (ConfUtils.java:logGet(46)) - raft.server.log.appender.buffer.byte-limit = 33554432 (custom)
2023-11-20 14:17:04,216 [4acbe1c1-18a2-4209-a8df-4dbe8c379458-groupManagement] INFO  server.RaftServerConfigKeys (ConfUtils.java:logGet(46)) - raft.server.log.unsafe-flush.enabled = false (default)
2023-11-20 14:17:04,216 [4acbe1c1-18a2-4209-a8df-4dbe8c379458-groupManagement] INFO  server.RaftServerConfigKeys (ConfUtils.java:logGet(46)) - raft.server.log.async-flush.enabled = false (default)
2023-11-20 14:17:04,216 [4acbe1c1-18a2-4209-a8df-4dbe8c379458-groupManagement] INFO  server.RaftServerConfigKeys (ConfUtils.java:logGet(46)) - raft.server.log.statemachine.data.caching.enabled = true (custom)
2023-11-20 14:17:04,216 [4acbe1c1-18a2-4209-a8df-4dbe8c379458-groupManagement] INFO  segmented.SegmentedRaftLogWorker (SegmentedRaftLogWorker.java:lambda$new$0(135)) - 4acbe1c1-18a2-4209-a8df-4dbe8c379458@group-012ED37C3E4B-SegmentedRaftLogWorker: flushIndex: setUnconditionally 0 -> -1
2023-11-20 14:17:04,216 [4acbe1c1-18a2-4209-a8df-4dbe8c379458-groupManagement] INFO  segmented.SegmentedRaftLogWorker (SegmentedRaftLogWorker.java:lambda$new$0(135)) - 4acbe1c1-18a2-4209-a8df-4dbe8c379458@group-012ED37C3E4B-SegmentedRaftLogWorker: safeCacheEvictIndex: setUnconditionally 0 -> -1
2023-11-20 14:17:04,216 [4acbe1c1-18a2-4209-a8df-4dbe8c379458-groupManagement] INFO  server.RaftServer$Division (RaftServerImpl.java:start(342)) - 4acbe1c1-18a2-4209-a8df-4dbe8c379458@group-012ED37C3E4B: start as a follower, conf=-1: peers:[4acbe1c1-18a2-4209-a8df-4dbe8c379458|rpc:10.1.0.10:15050|admin:10.1.0.10:15049|client:10.1.0.10:15048|dataStream:10.1.0.10:15051|priority:1|startupRole:FOLLOWER]|listeners:[], old=null
2023-11-20 14:17:04,216 [4acbe1c1-18a2-4209-a8df-4dbe8c379458-groupManagement] INFO  server.RaftServer$Division (RaftServerImpl.java:setRole(329)) - 4acbe1c1-18a2-4209-a8df-4dbe8c379458@group-012ED37C3E4B: changes role from      null to FOLLOWER at term 0 for startAsFollower
2023-11-20 14:17:04,216 [4acbe1c1-18a2-4209-a8df-4dbe8c379458-groupManagement] INFO  impl.RoleInfo (RoleInfo.java:updateAndGet(139)) - 4acbe1c1-18a2-4209-a8df-4dbe8c379458: start 4acbe1c1-18a2-4209-a8df-4dbe8c379458@group-012ED37C3E4B-FollowerState
2023-11-20 14:17:04,217 [4acbe1c1-18a2-4209-a8df-4dbe8c379458-groupManagement] INFO  util.JmxRegister (JmxRegister.java:tryRegister(44)) - Successfully registered JMX Bean with object name Ratis:service=RaftServer,group=group-012ED37C3E4B,id=4acbe1c1-18a2-4209-a8df-4dbe8c379458
2023-11-20 14:17:04,217 [4acbe1c1-18a2-4209-a8df-4dbe8c379458-groupManagement] INFO  server.RaftServerConfigKeys (ConfUtils.java:logGet(46)) - raft.server.snapshot.auto.trigger.enabled = true (custom)
2023-11-20 14:17:04,217 [4acbe1c1-18a2-4209-a8df-4dbe8c379458-groupManagement] INFO  server.RaftServerConfigKeys (ConfUtils.java:logGet(46)) - raft.server.snapshot.auto.trigger.threshold = 10000 (custom)
2023-11-20 14:17:04,217 [4acbe1c1-18a2-4209-a8df-4dbe8c379458-groupManagement] INFO  server.RaftServerConfigKeys (ConfUtils.java:logGet(46)) - raft.server.snapshot.retention.file.num = 5 (custom)
2023-11-20 14:17:04,217 [4acbe1c1-18a2-4209-a8df-4dbe8c379458-groupManagement] INFO  server.RaftServerConfigKeys (ConfUtils.java:logGet(46)) - raft.server.log.purge.upto.snapshot.index = false (default)
2023-11-20 14:17:04,218 [4acbe1c1-18a2-4209-a8df-4dbe8c379458-PipelineCommandHandlerThread-0] INFO  ratis.XceiverServerRatis (XceiverServerRatis.java:addGroup(807)) - Created group PipelineID=b87b8d6f-bbdc-4f5c-b384-012ed37c3e4b
2023-11-20 14:17:04,218 [4acbe1c1-18a2-4209-a8df-4dbe8c379458-PipelineCommandHandlerThread-0] INFO  commandhandler.CreatePipelineCommandHandler (CreatePipelineCommandHandler.java:lambda$handle$2(124)) - Created Pipeline RATIS ONE PipelineID=b87b8d6f-bbdc-4f5c-b384-012ed37c3e4b.
2023-11-20 14:17:04,218 [4acbe1c1-18a2-4209-a8df-4dbe8c379458@group-012ED37C3E4B-FollowerState] INFO  server.RaftServerConfigKeys (ConfUtils.java:logFallback(53)) - raft.server.rpc.first-election.timeout.min = 5s (fallback to raft.server.rpc.timeout.min)
2023-11-20 14:17:04,218 [4acbe1c1-18a2-4209-a8df-4dbe8c379458@group-012ED37C3E4B-FollowerState] INFO  server.RaftServerConfigKeys (ConfUtils.java:logFallback(53)) - raft.server.rpc.first-election.timeout.max = 5200ms (fallback to raft.server.rpc.timeout.max)
2023-11-20 14:17:04,340 [c950ed05-5bc7-49cd-b60c-e9631522e919-PipelineCommandHandlerThread-0] INFO  commandhandler.CreatePipelineCommandHandler (CreatePipelineCommandHandler.java:lambda$handle$2(124)) - Created Pipeline RATIS THREE PipelineID=911e060c-e869-432f-a70b-a5a1344c0f7c.
2023-11-20 14:17:04,340 [617fee10-5999-41fc-ba89-05e5beaae1db-PipelineCommandHandlerThread-0] INFO  commandhandler.CreatePipelineCommandHandler (CreatePipelineCommandHandler.java:lambda$handle$2(124)) - Created Pipeline RATIS THREE PipelineID=911e060c-e869-432f-a70b-a5a1344c0f7c.
2023-11-20 14:17:04,340 [617fee10-5999-41fc-ba89-05e5beaae1db-PipelineCommandHandlerThread-0] INFO  server.RaftServer (RaftServerProxy.java:addNew(98)) - 617fee10-5999-41fc-ba89-05e5beaae1db: addNew group-101E1C95831D:[e744cdee-db3a-4307-a129-877114b2ee40|rpc:10.1.0.10:15014|admin:10.1.0.10:15013|client:10.1.0.10:15012|dataStream:10.1.0.10:15015|priority:0|startupRole:FOLLOWER, 617fee10-5999-41fc-ba89-05e5beaae1db|rpc:10.1.0.10:15023|admin:10.1.0.10:15022|client:10.1.0.10:15021|dataStream:10.1.0.10:15024|priority:0|startupRole:FOLLOWER, c950ed05-5bc7-49cd-b60c-e9631522e919|rpc:10.1.0.10:15032|admin:10.1.0.10:15031|client:10.1.0.10:15030|dataStream:10.1.0.10:15033|priority:1|startupRole:FOLLOWER] returns group-101E1C95831D:java.util.concurrent.CompletableFuture@6d7a5d84[Not completed]
2023-11-20 14:17:04,340 [c950ed05-5bc7-49cd-b60c-e9631522e919-PipelineCommandHandlerThread-0] INFO  server.RaftServer (RaftServerProxy.java:addNew(98)) - c950ed05-5bc7-49cd-b60c-e9631522e919: addNew group-101E1C95831D:[e744cdee-db3a-4307-a129-877114b2ee40|rpc:10.1.0.10:15014|admin:10.1.0.10:15013|client:10.1.0.10:15012|dataStream:10.1.0.10:15015|priority:0|startupRole:FOLLOWER, 617fee10-5999-41fc-ba89-05e5beaae1db|rpc:10.1.0.10:15023|admin:10.1.0.10:15022|client:10.1.0.10:15021|dataStream:10.1.0.10:15024|priority:0|startupRole:FOLLOWER, c950ed05-5bc7-49cd-b60c-e9631522e919|rpc:10.1.0.10:15032|admin:10.1.0.10:15031|client:10.1.0.10:15030|dataStream:10.1.0.10:15033|priority:1|startupRole:FOLLOWER] returns group-101E1C95831D:java.util.concurrent.CompletableFuture@72efba00[Not completed]
2023-11-20 14:17:04,340 [e744cdee-db3a-4307-a129-877114b2ee40-PipelineCommandHandlerThread-0] INFO  commandhandler.CreatePipelineCommandHandler (CreatePipelineCommandHandler.java:lambda$handle$2(124)) - Created Pipeline RATIS THREE PipelineID=911e060c-e869-432f-a70b-a5a1344c0f7c.
2023-11-20 14:17:04,341 [e744cdee-db3a-4307-a129-877114b2ee40-PipelineCommandHandlerThread-0] INFO  server.RaftServer (RaftServerProxy.java:addNew(98)) - e744cdee-db3a-4307-a129-877114b2ee40: addNew group-101E1C95831D:[e744cdee-db3a-4307-a129-877114b2ee40|rpc:10.1.0.10:15014|admin:10.1.0.10:15013|client:10.1.0.10:15012|dataStream:10.1.0.10:15015|priority:0|startupRole:FOLLOWER, 617fee10-5999-41fc-ba89-05e5beaae1db|rpc:10.1.0.10:15023|admin:10.1.0.10:15022|client:10.1.0.10:15021|dataStream:10.1.0.10:15024|priority:0|startupRole:FOLLOWER, c950ed05-5bc7-49cd-b60c-e9631522e919|rpc:10.1.0.10:15032|admin:10.1.0.10:15031|client:10.1.0.10:15030|dataStream:10.1.0.10:15033|priority:1|startupRole:FOLLOWER] returns group-101E1C95831D:java.util.concurrent.CompletableFuture@6d09fb69[Not completed]
2023-11-20 14:17:04,342 [e744cdee-db3a-4307-a129-877114b2ee40-groupManagement] INFO  server.RaftServer$Division (RaftServerImpl.java:<init>(198)) - e744cdee-db3a-4307-a129-877114b2ee40: new RaftServerImpl for group-101E1C95831D:[e744cdee-db3a-4307-a129-877114b2ee40|rpc:10.1.0.10:15014|admin:10.1.0.10:15013|client:10.1.0.10:15012|dataStream:10.1.0.10:15015|priority:0|startupRole:FOLLOWER, 617fee10-5999-41fc-ba89-05e5beaae1db|rpc:10.1.0.10:15023|admin:10.1.0.10:15022|client:10.1.0.10:15021|dataStream:10.1.0.10:15024|priority:0|startupRole:FOLLOWER, c950ed05-5bc7-49cd-b60c-e9631522e919|rpc:10.1.0.10:15032|admin:10.1.0.10:15031|client:10.1.0.10:15030|dataStream:10.1.0.10:15033|priority:1|startupRole:FOLLOWER] with ContainerStateMachine:uninitialized
2023-11-20 14:17:04,343 [e744cdee-db3a-4307-a129-877114b2ee40-groupManagement] INFO  server.RaftServerConfigKeys (ConfUtils.java:logGet(46)) - raft.server.rpc.timeout.min = 5s (custom)
2023-11-20 14:17:04,343 [e744cdee-db3a-4307-a129-877114b2ee40-groupManagement] INFO  server.RaftServerConfigKeys (ConfUtils.java:logGet(46)) - raft.server.rpc.timeout.max = 5200ms (custom)
2023-11-20 14:17:04,343 [e744cdee-db3a-4307-a129-877114b2ee40-groupManagement] INFO  server.RaftServerConfigKeys (ConfUtils.java:logGet(46)) - raft.server.rpc.sleep.time = 25ms (default)
2023-11-20 14:17:04,343 [e744cdee-db3a-4307-a129-877114b2ee40-groupManagement] INFO  server.RaftServerConfigKeys (ConfUtils.java:logGet(46)) - raft.server.rpc.slowness.timeout = 300s (custom)
2023-11-20 14:17:04,343 [e744cdee-db3a-4307-a129-877114b2ee40-groupManagement] INFO  server.RaftServerConfigKeys (ConfUtils.java:logGet(46)) - raft.server.leaderelection.leader.step-down.wait-time = 10s (default)
2023-11-20 14:17:04,343 [e744cdee-db3a-4307-a129-877114b2ee40-groupManagement] INFO  server.RaftServerConfigKeys (ConfUtils.java:logGet(46)) - raft.server.sleep.deviation.threshold = 300ms (default)
2023-11-20 14:17:04,343 [c950ed05-5bc7-49cd-b60c-e9631522e919-groupManagement] INFO  server.RaftServer$Division (RaftServerImpl.java:<init>(198)) - c950ed05-5bc7-49cd-b60c-e9631522e919: new RaftServerImpl for group-101E1C95831D:[e744cdee-db3a-4307-a129-877114b2ee40|rpc:10.1.0.10:15014|admin:10.1.0.10:15013|client:10.1.0.10:15012|dataStream:10.1.0.10:15015|priority:0|startupRole:FOLLOWER, 617fee10-5999-41fc-ba89-05e5beaae1db|rpc:10.1.0.10:15023|admin:10.1.0.10:15022|client:10.1.0.10:15021|dataStream:10.1.0.10:15024|priority:0|startupRole:FOLLOWER, c950ed05-5bc7-49cd-b60c-e9631522e919|rpc:10.1.0.10:15032|admin:10.1.0.10:15031|client:10.1.0.10:15030|dataStream:10.1.0.10:15033|priority:1|startupRole:FOLLOWER] with ContainerStateMachine:uninitialized
2023-11-20 14:17:04,343 [c950ed05-5bc7-49cd-b60c-e9631522e919-groupManagement] INFO  server.RaftServerConfigKeys (ConfUtils.java:logGet(46)) - raft.server.rpc.timeout.min = 5s (custom)
2023-11-20 14:17:04,343 [617fee10-5999-41fc-ba89-05e5beaae1db-groupManagement] INFO  server.RaftServer$Division (RaftServerImpl.java:<init>(198)) - 617fee10-5999-41fc-ba89-05e5beaae1db: new RaftServerImpl for group-101E1C95831D:[e744cdee-db3a-4307-a129-877114b2ee40|rpc:10.1.0.10:15014|admin:10.1.0.10:15013|client:10.1.0.10:15012|dataStream:10.1.0.10:15015|priority:0|startupRole:FOLLOWER, 617fee10-5999-41fc-ba89-05e5beaae1db|rpc:10.1.0.10:15023|admin:10.1.0.10:15022|client:10.1.0.10:15021|dataStream:10.1.0.10:15024|priority:0|startupRole:FOLLOWER, c950ed05-5bc7-49cd-b60c-e9631522e919|rpc:10.1.0.10:15032|admin:10.1.0.10:15031|client:10.1.0.10:15030|dataStream:10.1.0.10:15033|priority:1|startupRole:FOLLOWER] with ContainerStateMachine:uninitialized
2023-11-20 14:17:04,344 [c950ed05-5bc7-49cd-b60c-e9631522e919-groupManagement] INFO  server.RaftServerConfigKeys (ConfUtils.java:logGet(46)) - raft.server.rpc.timeout.max = 5200ms (custom)
2023-11-20 14:17:04,344 [617fee10-5999-41fc-ba89-05e5beaae1db-groupManagement] INFO  server.RaftServerConfigKeys (ConfUtils.java:logGet(46)) - raft.server.rpc.timeout.min = 5s (custom)
2023-11-20 14:17:04,343 [e744cdee-db3a-4307-a129-877114b2ee40-groupManagement] INFO  server.RaftServer$Division (ServerState.java:<init>(120)) - e744cdee-db3a-4307-a129-877114b2ee40@group-101E1C95831D: ConfigurationManager, init=-1: peers:[e744cdee-db3a-4307-a129-877114b2ee40|rpc:10.1.0.10:15014|admin:10.1.0.10:15013|client:10.1.0.10:15012|dataStream:10.1.0.10:15015|priority:0|startupRole:FOLLOWER, 617fee10-5999-41fc-ba89-05e5beaae1db|rpc:10.1.0.10:15023|admin:10.1.0.10:15022|client:10.1.0.10:15021|dataStream:10.1.0.10:15024|priority:0|startupRole:FOLLOWER, c950ed05-5bc7-49cd-b60c-e9631522e919|rpc:10.1.0.10:15032|admin:10.1.0.10:15031|client:10.1.0.10:15030|dataStream:10.1.0.10:15033|priority:1|startupRole:FOLLOWER]|listeners:[], old=null, confs=<EMPTY_MAP>
2023-11-20 14:17:04,344 [617fee10-5999-41fc-ba89-05e5beaae1db-groupManagement] INFO  server.RaftServerConfigKeys (ConfUtils.java:logGet(46)) - raft.server.rpc.timeout.max = 5200ms (custom)
2023-11-20 14:17:04,344 [e744cdee-db3a-4307-a129-877114b2ee40-groupManagement] INFO  server.RaftServerConfigKeys (ConfUtils.java:logGet(46)) - raft.server.storage.dir = [/home/runner/work/ozone/ozone/hadoop-ozone/integration-test/target/test-dir/MiniOzoneClusterImpl-7293264f-739e-43f0-b608-0ff531f18758/datanode-0/data/ratis] (custom)
2023-11-20 14:17:04,344 [c950ed05-5bc7-49cd-b60c-e9631522e919-groupManagement] INFO  server.RaftServerConfigKeys (ConfUtils.java:logGet(46)) - raft.server.rpc.sleep.time = 25ms (default)
2023-11-20 14:17:04,344 [617fee10-5999-41fc-ba89-05e5beaae1db-groupManagement] INFO  server.RaftServerConfigKeys (ConfUtils.java:logGet(46)) - raft.server.rpc.sleep.time = 25ms (default)
2023-11-20 14:17:04,345 [c950ed05-5bc7-49cd-b60c-e9631522e919-groupManagement] INFO  server.RaftServerConfigKeys (ConfUtils.java:logGet(46)) - raft.server.rpc.slowness.timeout = 300s (custom)
2023-11-20 14:17:04,345 [617fee10-5999-41fc-ba89-05e5beaae1db-groupManagement] INFO  server.RaftServerConfigKeys (ConfUtils.java:logGet(46)) - raft.server.rpc.slowness.timeout = 300s (custom)
2023-11-20 14:17:04,345 [c950ed05-5bc7-49cd-b60c-e9631522e919-groupManagement] INFO  server.RaftServerConfigKeys (ConfUtils.java:logGet(46)) - raft.server.leaderelection.leader.step-down.wait-time = 10s (default)
2023-11-20 14:17:04,345 [617fee10-5999-41fc-ba89-05e5beaae1db-groupManagement] INFO  server.RaftServerConfigKeys (ConfUtils.java:logGet(46)) - raft.server.leaderelection.leader.step-down.wait-time = 10s (default)
2023-11-20 14:17:04,345 [c950ed05-5bc7-49cd-b60c-e9631522e919-groupManagement] INFO  server.RaftServerConfigKeys (ConfUtils.java:logGet(46)) - raft.server.sleep.deviation.threshold = 300ms (default)
2023-11-20 14:17:04,345 [617fee10-5999-41fc-ba89-05e5beaae1db-groupManagement] INFO  server.RaftServerConfigKeys (ConfUtils.java:logGet(46)) - raft.server.sleep.deviation.threshold = 300ms (default)
2023-11-20 14:17:04,345 [c950ed05-5bc7-49cd-b60c-e9631522e919-groupManagement] INFO  server.RaftServer$Division (ServerState.java:<init>(120)) - c950ed05-5bc7-49cd-b60c-e9631522e919@group-101E1C95831D: ConfigurationManager, init=-1: peers:[e744cdee-db3a-4307-a129-877114b2ee40|rpc:10.1.0.10:15014|admin:10.1.0.10:15013|client:10.1.0.10:15012|dataStream:10.1.0.10:15015|priority:0|startupRole:FOLLOWER, 617fee10-5999-41fc-ba89-05e5beaae1db|rpc:10.1.0.10:15023|admin:10.1.0.10:15022|client:10.1.0.10:15021|dataStream:10.1.0.10:15024|priority:0|startupRole:FOLLOWER, c950ed05-5bc7-49cd-b60c-e9631522e919|rpc:10.1.0.10:15032|admin:10.1.0.10:15031|client:10.1.0.10:15030|dataStream:10.1.0.10:15033|priority:1|startupRole:FOLLOWER]|listeners:[], old=null, confs=<EMPTY_MAP>
2023-11-20 14:17:04,345 [e744cdee-db3a-4307-a129-877114b2ee40-groupManagement] INFO  server.RaftServerConfigKeys (ConfUtils.java:logGet(46)) - raft.server.log.corruption.policy = EXCEPTION (default)
2023-11-20 14:17:04,345 [c950ed05-5bc7-49cd-b60c-e9631522e919-groupManagement] INFO  server.RaftServerConfigKeys (ConfUtils.java:logGet(46)) - raft.server.storage.dir = [/home/runner/work/ozone/ozone/hadoop-ozone/integration-test/target/test-dir/MiniOzoneClusterImpl-7293264f-739e-43f0-b608-0ff531f18758/datanode-2/data/ratis] (custom)
2023-11-20 14:17:04,345 [e744cdee-db3a-4307-a129-877114b2ee40-groupManagement] INFO  server.RaftServerConfigKeys (ConfUtils.java:logGet(46)) - raft.server.storage.free-space.min = 0MB (=0) (default)
2023-11-20 14:17:04,345 [617fee10-5999-41fc-ba89-05e5beaae1db-groupManagement] INFO  server.RaftServer$Division (ServerState.java:<init>(120)) - 617fee10-5999-41fc-ba89-05e5beaae1db@group-101E1C95831D: ConfigurationManager, init=-1: peers:[e744cdee-db3a-4307-a129-877114b2ee40|rpc:10.1.0.10:15014|admin:10.1.0.10:15013|client:10.1.0.10:15012|dataStream:10.1.0.10:15015|priority:0|startupRole:FOLLOWER, 617fee10-5999-41fc-ba89-05e5beaae1db|rpc:10.1.0.10:15023|admin:10.1.0.10:15022|client:10.1.0.10:15021|dataStream:10.1.0.10:15024|priority:0|startupRole:FOLLOWER, c950ed05-5bc7-49cd-b60c-e9631522e919|rpc:10.1.0.10:15032|admin:10.1.0.10:15031|client:10.1.0.10:15030|dataStream:10.1.0.10:15033|priority:1|startupRole:FOLLOWER]|listeners:[], old=null, confs=<EMPTY_MAP>
2023-11-20 14:17:04,346 [c950ed05-5bc7-49cd-b60c-e9631522e919-groupManagement] INFO  server.RaftServerConfigKeys (ConfUtils.java:logGet(46)) - raft.server.log.corruption.policy = EXCEPTION (default)
2023-11-20 14:17:04,346 [617fee10-5999-41fc-ba89-05e5beaae1db-groupManagement] INFO  server.RaftServerConfigKeys (ConfUtils.java:logGet(46)) - raft.server.storage.dir = [/home/runner/work/ozone/ozone/hadoop-ozone/integration-test/target/test-dir/MiniOzoneClusterImpl-7293264f-739e-43f0-b608-0ff531f18758/datanode-1/data/ratis] (custom)
2023-11-20 14:17:04,346 [c950ed05-5bc7-49cd-b60c-e9631522e919-groupManagement] INFO  server.RaftServerConfigKeys (ConfUtils.java:logGet(46)) - raft.server.storage.free-space.min = 0MB (=0) (default)
2023-11-20 14:17:04,346 [c950ed05-5bc7-49cd-b60c-e9631522e919-groupManagement] INFO  server.RaftServerConfigKeys (ConfUtils.java:logGet(46)) - raft.server.notification.no-leader.timeout = 300s (custom)
2023-11-20 14:17:04,346 [617fee10-5999-41fc-ba89-05e5beaae1db-groupManagement] INFO  server.RaftServerConfigKeys (ConfUtils.java:logGet(46)) - raft.server.log.corruption.policy = EXCEPTION (default)
2023-11-20 14:17:04,346 [e744cdee-db3a-4307-a129-877114b2ee40-groupManagement] INFO  server.RaftServerConfigKeys (ConfUtils.java:logGet(46)) - raft.server.notification.no-leader.timeout = 300s (custom)
2023-11-20 14:17:04,346 [617fee10-5999-41fc-ba89-05e5beaae1db-groupManagement] INFO  server.RaftServerConfigKeys (ConfUtils.java:logGet(46)) - raft.server.storage.free-space.min = 0MB (=0) (default)
2023-11-20 14:17:04,346 [e744cdee-db3a-4307-a129-877114b2ee40-groupManagement] INFO  server.RaftServerConfigKeys (ConfUtils.java:logGet(46)) - raft.server.read.timeout = 10s (default)
2023-11-20 14:17:04,346 [c950ed05-5bc7-49cd-b60c-e9631522e919-groupManagement] INFO  server.RaftServerConfigKeys (ConfUtils.java:logGet(46)) - raft.server.read.timeout = 10s (default)
2023-11-20 14:17:04,346 [e744cdee-db3a-4307-a129-877114b2ee40-groupManagement] INFO  server.RaftServerConfigKeys (ConfUtils.java:logGet(46)) - raft.server.retrycache.expirytime = 600000ms (custom)
2023-11-20 14:17:04,346 [c950ed05-5bc7-49cd-b60c-e9631522e919-groupManagement] INFO  server.RaftServerConfigKeys (ConfUtils.java:logGet(46)) - raft.server.retrycache.expirytime = 600000ms (custom)
2023-11-20 14:17:04,346 [e744cdee-db3a-4307-a129-877114b2ee40-groupManagement] INFO  server.RaftServerConfigKeys (ConfUtils.java:logGet(46)) - raft.server.retrycache.statistics.expirytime = 100μs (default)
2023-11-20 14:17:04,347 [c950ed05-5bc7-49cd-b60c-e9631522e919-groupManagement] INFO  server.RaftServerConfigKeys (ConfUtils.java:logGet(46)) - raft.server.retrycache.statistics.expirytime = 100μs (default)
2023-11-20 14:17:04,346 [617fee10-5999-41fc-ba89-05e5beaae1db-groupManagement] INFO  server.RaftServerConfigKeys (ConfUtils.java:logGet(46)) - raft.server.notification.no-leader.timeout = 300s (custom)
2023-11-20 14:17:04,347 [c950ed05-5bc7-49cd-b60c-e9631522e919-groupManagement] INFO  server.RaftServerConfigKeys (ConfUtils.java:logGet(46)) - raft.server.read.option = DEFAULT (default)
2023-11-20 14:17:04,347 [617fee10-5999-41fc-ba89-05e5beaae1db-groupManagement] INFO  server.RaftServerConfigKeys (ConfUtils.java:logGet(46)) - raft.server.read.timeout = 10s (default)
2023-11-20 14:17:04,347 [e744cdee-db3a-4307-a129-877114b2ee40-groupManagement] INFO  server.RaftServerConfigKeys (ConfUtils.java:logGet(46)) - raft.server.read.option = DEFAULT (default)
2023-11-20 14:17:04,347 [617fee10-5999-41fc-ba89-05e5beaae1db-groupManagement] INFO  server.RaftServerConfigKeys (ConfUtils.java:logGet(46)) - raft.server.retrycache.expirytime = 600000ms (custom)
2023-11-20 14:17:04,347 [617fee10-5999-41fc-ba89-05e5beaae1db-groupManagement] INFO  server.RaftServerConfigKeys (ConfUtils.java:logGet(46)) - raft.server.retrycache.statistics.expirytime = 100μs (default)
2023-11-20 14:17:04,347 [617fee10-5999-41fc-ba89-05e5beaae1db-groupManagement] INFO  server.RaftServerConfigKeys (ConfUtils.java:logGet(46)) - raft.server.read.option = DEFAULT (default)
2023-11-20 14:17:04,349 [c950ed05-5bc7-49cd-b60c-e9631522e919-groupManagement] INFO  server.RaftServerConfigKeys (ConfUtils.java:logGet(46)) - raft.server.rpc.request.timeout = 60s (custom)
2023-11-20 14:17:04,349 [c950ed05-5bc7-49cd-b60c-e9631522e919-groupManagement] INFO  server.RaftServerConfigKeys (ConfUtils.java:logGet(46)) - raft.server.log.appender.install.snapshot.enabled = false (custom)
2023-11-20 14:17:04,349 [c950ed05-5bc7-49cd-b60c-e9631522e919-groupManagement] INFO  server.RaftServerConfigKeys (ConfUtils.java:logGet(46)) - raft.server.threadpool.server.cached = true (default)
2023-11-20 14:17:04,349 [617fee10-5999-41fc-ba89-05e5beaae1db-groupManagement] INFO  server.RaftServerConfigKeys (ConfUtils.java:logGet(46)) - raft.server.rpc.request.timeout = 60s (custom)
2023-11-20 14:17:04,349 [c950ed05-5bc7-49cd-b60c-e9631522e919-groupManagement] INFO  server.RaftServerConfigKeys (ConfUtils.java:logGet(46)) - raft.server.threadpool.server.size = 0 (default)
2023-11-20 14:17:04,349 [617fee10-5999-41fc-ba89-05e5beaae1db-groupManagement] INFO  server.RaftServerConfigKeys (ConfUtils.java:logGet(46)) - raft.server.log.appender.install.snapshot.enabled = false (custom)
2023-11-20 14:17:04,349 [c950ed05-5bc7-49cd-b60c-e9631522e919-groupManagement] INFO  server.RaftServerConfigKeys (ConfUtils.java:logGet(46)) - raft.server.threadpool.client.cached = true (default)
2023-11-20 14:17:04,349 [617fee10-5999-41fc-ba89-05e5beaae1db-groupManagement] INFO  server.RaftServerConfigKeys (ConfUtils.java:logGet(46)) - raft.server.threadpool.server.cached = true (default)
2023-11-20 14:17:04,349 [c950ed05-5bc7-49cd-b60c-e9631522e919-groupManagement] INFO  server.RaftServerConfigKeys (ConfUtils.java:logGet(46)) - raft.server.threadpool.client.size = 0 (default)
2023-11-20 14:17:04,349 [617fee10-5999-41fc-ba89-05e5beaae1db-groupManagement] INFO  server.RaftServerConfigKeys (ConfUtils.java:logGet(46)) - raft.server.threadpool.server.size = 0 (default)
2023-11-20 14:17:04,349 [617fee10-5999-41fc-ba89-05e5beaae1db-groupManagement] INFO  server.RaftServerConfigKeys (ConfUtils.java:logGet(46)) - raft.server.threadpool.client.cached = true (default)
2023-11-20 14:17:04,349 [617fee10-5999-41fc-ba89-05e5beaae1db-groupManagement] INFO  server.RaftServerConfigKeys (ConfUtils.java:logGet(46)) - raft.server.threadpool.client.size = 0 (default)
2023-11-20 14:17:04,349 [c950ed05-5bc7-49cd-b60c-e9631522e919-groupManagement] INFO  storage.RaftStorageDirectory (RaftStorageDirectoryImpl.java:analyzeStorage(137)) - The storage directory /home/runner/work/ozone/ozone/hadoop-ozone/integration-test/target/test-dir/MiniOzoneClusterImpl-7293264f-739e-43f0-b608-0ff531f18758/datanode-2/data/ratis/1b8177ee-0fa2-43ee-b8e1-101e1c95831d does not exist. Creating ...
2023-11-20 14:17:04,349 [617fee10-5999-41fc-ba89-05e5beaae1db-groupManagement] INFO  storage.RaftStorageDirectory (RaftStorageDirectoryImpl.java:analyzeStorage(137)) - The storage directory /home/runner/work/ozone/ozone/hadoop-ozone/integration-test/target/test-dir/MiniOzoneClusterImpl-7293264f-739e-43f0-b608-0ff531f18758/datanode-1/data/ratis/1b8177ee-0fa2-43ee-b8e1-101e1c95831d does not exist. Creating ...
2023-11-20 14:17:04,350 [617fee10-5999-41fc-ba89-05e5beaae1db-groupManagement] INFO  storage.RaftStorageDirectory (RaftStorageDirectoryImpl.java:tryLock(231)) - Lock on /home/runner/work/ozone/ozone/hadoop-ozone/integration-test/target/test-dir/MiniOzoneClusterImpl-7293264f-739e-43f0-b608-0ff531f18758/datanode-1/data/ratis/1b8177ee-0fa2-43ee-b8e1-101e1c95831d/in_use.lock acquired by nodename 31507@fv-az1500-317
2023-11-20 14:17:04,351 [c950ed05-5bc7-49cd-b60c-e9631522e919-groupManagement] INFO  storage.RaftStorageDirectory (RaftStorageDirectoryImpl.java:tryLock(231)) - Lock on /home/runner/work/ozone/ozone/hadoop-ozone/integration-test/target/test-dir/MiniOzoneClusterImpl-7293264f-739e-43f0-b608-0ff531f18758/datanode-2/data/ratis/1b8177ee-0fa2-43ee-b8e1-101e1c95831d/in_use.lock acquired by nodename 31507@fv-az1500-317
2023-11-20 14:17:04,352 [e744cdee-db3a-4307-a129-877114b2ee40-groupManagement] INFO  server.RaftServerConfigKeys (ConfUtils.java:logGet(46)) - raft.server.rpc.request.timeout = 60s (custom)
2023-11-20 14:17:04,352 [e744cdee-db3a-4307-a129-877114b2ee40-groupManagement] INFO  server.RaftServerConfigKeys (ConfUtils.java:logGet(46)) - raft.server.log.appender.install.snapshot.enabled = false (custom)
2023-11-20 14:17:04,352 [e744cdee-db3a-4307-a129-877114b2ee40-groupManagement] INFO  server.RaftServerConfigKeys (ConfUtils.java:logGet(46)) - raft.server.threadpool.server.cached = true (default)
2023-11-20 14:17:04,352 [e744cdee-db3a-4307-a129-877114b2ee40-groupManagement] INFO  server.RaftServerConfigKeys (ConfUtils.java:logGet(46)) - raft.server.threadpool.server.size = 0 (default)
2023-11-20 14:17:04,352 [e744cdee-db3a-4307-a129-877114b2ee40-groupManagement] INFO  server.RaftServerConfigKeys (ConfUtils.java:logGet(46)) - raft.server.threadpool.client.cached = true (default)
2023-11-20 14:17:04,352 [e744cdee-db3a-4307-a129-877114b2ee40-groupManagement] INFO  server.RaftServerConfigKeys (ConfUtils.java:logGet(46)) - raft.server.threadpool.client.size = 0 (default)
2023-11-20 14:17:04,352 [617fee10-5999-41fc-ba89-05e5beaae1db-groupManagement] INFO  storage.RaftStorage (RaftStorageImpl.java:format(96)) - Storage directory /home/runner/work/ozone/ozone/hadoop-ozone/integration-test/target/test-dir/MiniOzoneClusterImpl-7293264f-739e-43f0-b608-0ff531f18758/datanode-1/data/ratis/1b8177ee-0fa2-43ee-b8e1-101e1c95831d has been successfully formatted.
2023-11-20 14:17:04,352 [e744cdee-db3a-4307-a129-877114b2ee40-groupManagement] INFO  storage.RaftStorageDirectory (RaftStorageDirectoryImpl.java:analyzeStorage(137)) - The storage directory /home/runner/work/ozone/ozone/hadoop-ozone/integration-test/target/test-dir/MiniOzoneClusterImpl-7293264f-739e-43f0-b608-0ff531f18758/datanode-0/data/ratis/1b8177ee-0fa2-43ee-b8e1-101e1c95831d does not exist. Creating ...
2023-11-20 14:17:04,352 [c950ed05-5bc7-49cd-b60c-e9631522e919-groupManagement] INFO  storage.RaftStorage (RaftStorageImpl.java:format(96)) - Storage directory /home/runner/work/ozone/ozone/hadoop-ozone/integration-test/target/test-dir/MiniOzoneClusterImpl-7293264f-739e-43f0-b608-0ff531f18758/datanode-2/data/ratis/1b8177ee-0fa2-43ee-b8e1-101e1c95831d has been successfully formatted.
2023-11-20 14:17:04,353 [617fee10-5999-41fc-ba89-05e5beaae1db-groupManagement] INFO  ratis.ContainerStateMachine (ContainerStateMachine.java:loadSnapshot(269)) - group-101E1C95831D: The snapshot info is null. Setting the last applied indexto:(t:0, i:~)
2023-11-20 14:17:04,353 [617fee10-5999-41fc-ba89-05e5beaae1db-groupManagement] INFO  server.RaftServerConfigKeys (ConfUtils.java:logGet(46)) - raft.server.log.use.memory = false (default)
2023-11-20 14:17:04,353 [617fee10-5999-41fc-ba89-05e5beaae1db-groupManagement] INFO  server.RaftServerConfigKeys (ConfUtils.java:logGet(46)) - raft.server.log.purge.gap = 1000000 (custom)
2023-11-20 14:17:04,353 [c950ed05-5bc7-49cd-b60c-e9631522e919-groupManagement] INFO  ratis.ContainerStateMachine (ContainerStateMachine.java:loadSnapshot(269)) - group-101E1C95831D: The snapshot info is null. Setting the last applied indexto:(t:0, i:~)
2023-11-20 14:17:04,353 [617fee10-5999-41fc-ba89-05e5beaae1db-groupManagement] INFO  server.RaftServerConfigKeys (ConfUtils.java:logGet(46)) - raft.server.log.appender.buffer.byte-limit = 33554432 (custom)
2023-11-20 14:17:04,354 [617fee10-5999-41fc-ba89-05e5beaae1db-groupManagement] INFO  server.RaftServerConfigKeys (ConfUtils.java:logGet(46)) - raft.server.log.statemachine.data.read.timeout = 1000ms (default)
2023-11-20 14:17:04,354 [617fee10-5999-41fc-ba89-05e5beaae1db-groupManagement] INFO  server.RaftServerConfigKeys (ConfUtils.java:logGet(46)) - raft.server.log.purge.preservation.log.num = 0 (default)
2023-11-20 14:17:04,354 [617fee10-5999-41fc-ba89-05e5beaae1db-groupManagement] INFO  server.RaftServerConfigKeys (ConfUtils.java:logGet(46)) - raft.server.log.segment.size.max = 1048576 (custom)
2023-11-20 14:17:04,353 [c950ed05-5bc7-49cd-b60c-e9631522e919-groupManagement] INFO  server.RaftServerConfigKeys (ConfUtils.java:logGet(46)) - raft.server.log.use.memory = false (default)
2023-11-20 14:17:04,355 [617fee10-5999-41fc-ba89-05e5beaae1db-groupManagement] INFO  server.RaftServerConfigKeys (ConfUtils.java:logGet(46)) - raft.server.log.segment.cache.num.max = 2 (custom)
2023-11-20 14:17:04,355 [c950ed05-5bc7-49cd-b60c-e9631522e919-groupManagement] INFO  server.RaftServerConfigKeys (ConfUtils.java:logGet(46)) - raft.server.log.purge.gap = 1000000 (custom)
2023-11-20 14:17:04,355 [617fee10-5999-41fc-ba89-05e5beaae1db-groupManagement] INFO  server.RaftServerConfigKeys (ConfUtils.java:logGet(46)) - raft.server.log.segment.cache.size.max = 200MB (=209715200) (default)
2023-11-20 14:17:04,355 [617fee10-5999-41fc-ba89-05e5beaae1db-groupManagement] INFO  server.RaftServerConfigKeys (ConfUtils.java:logGet(46)) - raft.server.log.appender.buffer.byte-limit = 33554432 (custom)
2023-11-20 14:17:04,355 [617fee10-5999-41fc-ba89-05e5beaae1db-groupManagement] INFO  segmented.SegmentedRaftLogWorker (SegmentedRaftLogWorker.java:<init>(188)) - new 617fee10-5999-41fc-ba89-05e5beaae1db@group-101E1C95831D-SegmentedRaftLogWorker for RaftStorageImpl:Storage Directory /home/runner/work/ozone/ozone/hadoop-ozone/integration-test/target/test-dir/MiniOzoneClusterImpl-7293264f-739e-43f0-b608-0ff531f18758/datanode-1/data/ratis/1b8177ee-0fa2-43ee-b8e1-101e1c95831d
2023-11-20 14:17:04,355 [c950ed05-5bc7-49cd-b60c-e9631522e919-groupManagement] INFO  server.RaftServerConfigKeys (ConfUtils.java:logGet(46)) - raft.server.log.appender.buffer.byte-limit = 33554432 (custom)
2023-11-20 14:17:04,356 [617fee10-5999-41fc-ba89-05e5beaae1db-groupManagement] INFO  server.RaftServerConfigKeys (ConfUtils.java:logGet(46)) - raft.server.log.queue.byte-limit = 4294967296 (custom)
2023-11-20 14:17:04,356 [617fee10-5999-41fc-ba89-05e5beaae1db-groupManagement] INFO  server.RaftServerConfigKeys (ConfUtils.java:logGet(46)) - raft.server.log.queue.element-limit = 1024 (custom)
2023-11-20 14:17:04,356 [e744cdee-db3a-4307-a129-877114b2ee40-groupManagement] INFO  storage.RaftStorageDirectory (RaftStorageDirectoryImpl.java:tryLock(231)) - Lock on /home/runner/work/ozone/ozone/hadoop-ozone/integration-test/target/test-dir/MiniOzoneClusterImpl-7293264f-739e-43f0-b608-0ff531f18758/datanode-0/data/ratis/1b8177ee-0fa2-43ee-b8e1-101e1c95831d/in_use.lock acquired by nodename 31507@fv-az1500-317
2023-11-20 14:17:04,356 [617fee10-5999-41fc-ba89-05e5beaae1db-groupManagement] INFO  server.RaftServerConfigKeys (ConfUtils.java:logGet(46)) - raft.server.log.segment.size.max = 1048576 (custom)
2023-11-20 14:17:04,356 [617fee10-5999-41fc-ba89-05e5beaae1db-groupManagement] INFO  server.RaftServerConfigKeys (ConfUtils.java:logGet(46)) - raft.server.log.preallocated.size = 16384 (custom)
2023-11-20 14:17:04,356 [617fee10-5999-41fc-ba89-05e5beaae1db-groupManagement] INFO  server.RaftServerConfigKeys (ConfUtils.java:logGet(46)) - raft.server.log.force.sync.num = 128 (default)
2023-11-20 14:17:04,357 [617fee10-5999-41fc-ba89-05e5beaae1db-groupManagement] INFO  server.RaftServerConfigKeys (ConfUtils.java:logGet(46)) - raft.server.log.statemachine.data.sync = true (default)
2023-11-20 14:17:04,356 [c950ed05-5bc7-49cd-b60c-e9631522e919-groupManagement] INFO  server.RaftServerConfigKeys (ConfUtils.java:logGet(46)) - raft.server.log.statemachine.data.read.timeout = 1000ms (default)
2023-11-20 14:17:04,357 [617fee10-5999-41fc-ba89-05e5beaae1db-groupManagement] INFO  server.RaftServerConfigKeys (ConfUtils.java:logGet(46)) - raft.server.log.statemachine.data.sync.timeout = 10s (default)
2023-11-20 14:17:04,357 [c950ed05-5bc7-49cd-b60c-e9631522e919-groupManagement] INFO  server.RaftServerConfigKeys (ConfUtils.java:logGet(46)) - raft.server.log.purge.preservation.log.num = 0 (default)
2023-11-20 14:17:04,356 [EventQueue-OpenPipelineForHealthyPipelineSafeModeRule] INFO  safemode.SCMSafeModeManager (HealthyPipelineSafeModeRule.java:process(137)) - SCM in safe mode. Healthy pipelines reported count is 0, required healthy pipeline reported count is 1
2023-11-20 14:17:04,357 [EventQueue-OpenPipelineForHealthyPipelineSafeModeRule] INFO  safemode.SCMSafeModeManager (HealthyPipelineSafeModeRule.java:process(137)) - SCM in safe mode. Healthy pipelines reported count is 0, required healthy pipeline reported count is 1
2023-11-20 14:17:04,357 [617fee10-5999-41fc-ba89-05e5beaae1db-groupManagement] INFO  server.RaftServerConfigKeys (ConfUtils.java:logGet(46)) - raft.server.log.statemachine.data.sync.timeout.retry = -1 (default)
2023-11-20 14:17:04,357 [c950ed05-5bc7-49cd-b60c-e9631522e919-groupManagement] INFO  server.RaftServerConfigKeys (ConfUtils.java:logGet(46)) - raft.server.log.segment.size.max = 1048576 (custom)
2023-11-20 14:17:04,357 [e744cdee-db3a-4307-a129-877114b2ee40-groupManagement] INFO  storage.RaftStorage (RaftStorageImpl.java:format(96)) - Storage directory /home/runner/work/ozone/ozone/hadoop-ozone/integration-test/target/test-dir/MiniOzoneClusterImpl-7293264f-739e-43f0-b608-0ff531f18758/datanode-0/data/ratis/1b8177ee-0fa2-43ee-b8e1-101e1c95831d has been successfully formatted.
2023-11-20 14:17:04,358 [617fee10-5999-41fc-ba89-05e5beaae1db-groupManagement] INFO  server.RaftServerConfigKeys (ConfUtils.java:logGet(46)) - raft.server.log.write.buffer.size = 1048576 (custom)
2023-11-20 14:17:04,358 [e744cdee-db3a-4307-a129-877114b2ee40-groupManagement] INFO  ratis.ContainerStateMachine (ContainerStateMachine.java:loadSnapshot(269)) - group-101E1C95831D: The snapshot info is null. Setting the last applied indexto:(t:0, i:~)
2023-11-20 14:17:04,358 [e744cdee-db3a-4307-a129-877114b2ee40-groupManagement] INFO  server.RaftServerConfigKeys (ConfUtils.java:logGet(46)) - raft.server.log.use.memory = false (default)
2023-11-20 14:17:04,358 [e744cdee-db3a-4307-a129-877114b2ee40-groupManagement] INFO  server.RaftServerConfigKeys (ConfUtils.java:logGet(46)) - raft.server.log.purge.gap = 1000000 (custom)
2023-11-20 14:17:04,358 [e744cdee-db3a-4307-a129-877114b2ee40-groupManagement] INFO  server.RaftServerConfigKeys (ConfUtils.java:logGet(46)) - raft.server.log.appender.buffer.byte-limit = 33554432 (custom)
2023-11-20 14:17:04,358 [e744cdee-db3a-4307-a129-877114b2ee40-groupManagement] INFO  server.RaftServerConfigKeys (ConfUtils.java:logGet(46)) - raft.server.log.statemachine.data.read.timeout = 1000ms (default)
2023-11-20 14:17:04,359 [e744cdee-db3a-4307-a129-877114b2ee40-groupManagement] INFO  server.RaftServerConfigKeys (ConfUtils.java:logGet(46)) - raft.server.log.purge.preservation.log.num = 0 (default)
2023-11-20 14:17:04,359 [617fee10-5999-41fc-ba89-05e5beaae1db-groupManagement] INFO  server.RaftServerConfigKeys (ConfUtils.java:logGet(46)) - raft.server.log.appender.buffer.byte-limit = 33554432 (custom)
2023-11-20 14:17:04,359 [e744cdee-db3a-4307-a129-877114b2ee40-groupManagement] INFO  server.RaftServerConfigKeys (ConfUtils.java:logGet(46)) - raft.server.log.segment.size.max = 1048576 (custom)
2023-11-20 14:17:04,361 [617fee10-5999-41fc-ba89-05e5beaae1db-groupManagement] INFO  server.RaftServerConfigKeys (ConfUtils.java:logGet(46)) - raft.server.log.unsafe-flush.enabled = false (default)
2023-11-20 14:17:04,361 [617fee10-5999-41fc-ba89-05e5beaae1db-groupManagement] INFO  server.RaftServerConfigKeys (ConfUtils.java:logGet(46)) - raft.server.log.async-flush.enabled = false (default)
2023-11-20 14:17:04,361 [617fee10-5999-41fc-ba89-05e5beaae1db-groupManagement] INFO  server.RaftServerConfigKeys (ConfUtils.java:logGet(46)) - raft.server.log.statemachine.data.caching.enabled = true (custom)
2023-11-20 14:17:04,361 [e744cdee-db3a-4307-a129-877114b2ee40-groupManagement] INFO  server.RaftServerConfigKeys (ConfUtils.java:logGet(46)) - raft.server.log.segment.cache.num.max = 2 (custom)
2023-11-20 14:17:04,361 [e744cdee-db3a-4307-a129-877114b2ee40-groupManagement] INFO  server.RaftServerConfigKeys (ConfUtils.java:logGet(46)) - raft.server.log.segment.cache.size.max = 200MB (=209715200) (default)
2023-11-20 14:17:04,361 [e744cdee-db3a-4307-a129-877114b2ee40-groupManagement] INFO  server.RaftServerConfigKeys (ConfUtils.java:logGet(46)) - raft.server.log.appender.buffer.byte-limit = 33554432 (custom)
2023-11-20 14:17:04,361 [e744cdee-db3a-4307-a129-877114b2ee40-groupManagement] INFO  segmented.SegmentedRaftLogWorker (SegmentedRaftLogWorker.java:<init>(188)) - new e744cdee-db3a-4307-a129-877114b2ee40@group-101E1C95831D-SegmentedRaftLogWorker for RaftStorageImpl:Storage Directory /home/runner/work/ozone/ozone/hadoop-ozone/integration-test/target/test-dir/MiniOzoneClusterImpl-7293264f-739e-43f0-b608-0ff531f18758/datanode-0/data/ratis/1b8177ee-0fa2-43ee-b8e1-101e1c95831d
2023-11-20 14:17:04,361 [e744cdee-db3a-4307-a129-877114b2ee40-groupManagement] INFO  server.RaftServerConfigKeys (ConfUtils.java:logGet(46)) - raft.server.log.queue.byte-limit = 4294967296 (custom)
2023-11-20 14:17:04,361 [e744cdee-db3a-4307-a129-877114b2ee40-groupManagement] INFO  server.RaftServerConfigKeys (ConfUtils.java:logGet(46)) - raft.server.log.queue.element-limit = 1024 (custom)
2023-11-20 14:17:04,361 [EventQueue-OpenPipelineForHealthyPipelineSafeModeRule] INFO  safemode.SCMSafeModeManager (HealthyPipelineSafeModeRule.java:process(137)) - SCM in safe mode. Healthy pipelines reported count is 0, required healthy pipeline reported count is 1
2023-11-20 14:17:04,361 [617fee10-5999-41fc-ba89-05e5beaae1db-groupManagement] INFO  segmented.SegmentedRaftLogWorker (SegmentedRaftLogWorker.java:lambda$new$0(135)) - 617fee10-5999-41fc-ba89-05e5beaae1db@group-101E1C95831D-SegmentedRaftLogWorker: flushIndex: setUnconditionally 0 -> -1
2023-11-20 14:17:04,361 [e744cdee-db3a-4307-a129-877114b2ee40-groupManagement] INFO  server.RaftServerConfigKeys (ConfUtils.java:logGet(46)) - raft.server.log.segment.size.max = 1048576 (custom)
2023-11-20 14:17:04,361 [617fee10-5999-41fc-ba89-05e5beaae1db-groupManagement] INFO  segmented.SegmentedRaftLogWorker (SegmentedRaftLogWorker.java:lambda$new$0(135)) - 617fee10-5999-41fc-ba89-05e5beaae1db@group-101E1C95831D-SegmentedRaftLogWorker: safeCacheEvictIndex: setUnconditionally 0 -> -1
2023-11-20 14:17:04,361 [e744cdee-db3a-4307-a129-877114b2ee40-groupManagement] INFO  server.RaftServerConfigKeys (ConfUtils.java:logGet(46)) - raft.server.log.preallocated.size = 16384 (custom)
2023-11-20 14:17:04,362 [e744cdee-db3a-4307-a129-877114b2ee40-groupManagement] INFO  server.RaftServerConfigKeys (ConfUtils.java:logGet(46)) - raft.server.log.force.sync.num = 128 (default)
2023-11-20 14:17:04,362 [e744cdee-db3a-4307-a129-877114b2ee40-groupManagement] INFO  server.RaftServerConfigKeys (ConfUtils.java:logGet(46)) - raft.server.log.statemachine.data.sync = true (default)
2023-11-20 14:17:04,362 [617fee10-5999-41fc-ba89-05e5beaae1db-groupManagement] INFO  server.RaftServer$Division (RaftServerImpl.java:start(342)) - 617fee10-5999-41fc-ba89-05e5beaae1db@group-101E1C95831D: start as a follower, conf=-1: peers:[e744cdee-db3a-4307-a129-877114b2ee40|rpc:10.1.0.10:15014|admin:10.1.0.10:15013|client:10.1.0.10:15012|dataStream:10.1.0.10:15015|priority:0|startupRole:FOLLOWER, 617fee10-5999-41fc-ba89-05e5beaae1db|rpc:10.1.0.10:15023|admin:10.1.0.10:15022|client:10.1.0.10:15021|dataStream:10.1.0.10:15024|priority:0|startupRole:FOLLOWER, c950ed05-5bc7-49cd-b60c-e9631522e919|rpc:10.1.0.10:15032|admin:10.1.0.10:15031|client:10.1.0.10:15030|dataStream:10.1.0.10:15033|priority:1|startupRole:FOLLOWER]|listeners:[], old=null
2023-11-20 14:17:04,362 [e744cdee-db3a-4307-a129-877114b2ee40-groupManagement] INFO  server.RaftServerConfigKeys (ConfUtils.java:logGet(46)) - raft.server.log.statemachine.data.sync.timeout = 10s (default)
2023-11-20 14:17:04,362 [617fee10-5999-41fc-ba89-05e5beaae1db-groupManagement] INFO  server.RaftServer$Division (RaftServerImpl.java:setRole(329)) - 617fee10-5999-41fc-ba89-05e5beaae1db@group-101E1C95831D: changes role from      null to FOLLOWER at term 0 for startAsFollower
2023-11-20 14:17:04,362 [e744cdee-db3a-4307-a129-877114b2ee40-groupManagement] INFO  server.RaftServerConfigKeys (ConfUtils.java:logGet(46)) - raft.server.log.statemachine.data.sync.timeout.retry = -1 (default)
2023-11-20 14:17:04,362 [617fee10-5999-41fc-ba89-05e5beaae1db-groupManagement] INFO  impl.RoleInfo (RoleInfo.java:updateAndGet(139)) - 617fee10-5999-41fc-ba89-05e5beaae1db: start 617fee10-5999-41fc-ba89-05e5beaae1db@group-101E1C95831D-FollowerState
2023-11-20 14:17:04,362 [c950ed05-5bc7-49cd-b60c-e9631522e919-groupManagement] INFO  server.RaftServerConfigKeys (ConfUtils.java:logGet(46)) - raft.server.log.segment.cache.num.max = 2 (custom)
2023-11-20 14:17:04,362 [c950ed05-5bc7-49cd-b60c-e9631522e919-groupManagement] INFO  server.RaftServerConfigKeys (ConfUtils.java:logGet(46)) - raft.server.log.segment.cache.size.max = 200MB (=209715200) (default)
2023-11-20 14:17:04,363 [617fee10-5999-41fc-ba89-05e5beaae1db-groupManagement] INFO  util.JmxRegister (JmxRegister.java:tryRegister(44)) - Successfully registered JMX Bean with object name Ratis:service=RaftServer,group=group-101E1C95831D,id=617fee10-5999-41fc-ba89-05e5beaae1db
2023-11-20 14:17:04,363 [c950ed05-5bc7-49cd-b60c-e9631522e919-groupManagement] INFO  server.RaftServerConfigKeys (ConfUtils.java:logGet(46)) - raft.server.log.appender.buffer.byte-limit = 33554432 (custom)
2023-11-20 14:17:04,363 [617fee10-5999-41fc-ba89-05e5beaae1db-groupManagement] INFO  server.RaftServerConfigKeys (ConfUtils.java:logGet(46)) - raft.server.snapshot.auto.trigger.enabled = true (custom)
2023-11-20 14:17:04,363 [617fee10-5999-41fc-ba89-05e5beaae1db@group-101E1C95831D-FollowerState] INFO  server.RaftServerConfigKeys (ConfUtils.java:logFallback(53)) - raft.server.rpc.first-election.timeout.min = 5s (fallback to raft.server.rpc.timeout.min)
2023-11-20 14:17:04,363 [c950ed05-5bc7-49cd-b60c-e9631522e919-groupManagement] INFO  segmented.SegmentedRaftLogWorker (SegmentedRaftLogWorker.java:<init>(188)) - new c950ed05-5bc7-49cd-b60c-e9631522e919@group-101E1C95831D-SegmentedRaftLogWorker for RaftStorageImpl:Storage Directory /home/runner/work/ozone/ozone/hadoop-ozone/integration-test/target/test-dir/MiniOzoneClusterImpl-7293264f-739e-43f0-b608-0ff531f18758/datanode-2/data/ratis/1b8177ee-0fa2-43ee-b8e1-101e1c95831d
2023-11-20 14:17:04,363 [617fee10-5999-41fc-ba89-05e5beaae1db-groupManagement] INFO  server.RaftServerConfigKeys (ConfUtils.java:logGet(46)) - raft.server.snapshot.auto.trigger.threshold = 10000 (custom)
2023-11-20 14:17:04,363 [c950ed05-5bc7-49cd-b60c-e9631522e919-groupManagement] INFO  server.RaftServerConfigKeys (ConfUtils.java:logGet(46)) - raft.server.log.queue.byte-limit = 4294967296 (custom)
2023-11-20 14:17:04,363 [617fee10-5999-41fc-ba89-05e5beaae1db@group-101E1C95831D-FollowerState] INFO  server.RaftServerConfigKeys (ConfUtils.java:logFallback(53)) - raft.server.rpc.first-election.timeout.max = 5200ms (fallback to raft.server.rpc.timeout.max)
2023-11-20 14:17:04,363 [c950ed05-5bc7-49cd-b60c-e9631522e919-groupManagement] INFO  server.RaftServerConfigKeys (ConfUtils.java:logGet(46)) - raft.server.log.queue.element-limit = 1024 (custom)
2023-11-20 14:17:04,363 [e744cdee-db3a-4307-a129-877114b2ee40-groupManagement] INFO  server.RaftServerConfigKeys (ConfUtils.java:logGet(46)) - raft.server.log.write.buffer.size = 1048576 (custom)
2023-11-20 14:17:04,363 [c950ed05-5bc7-49cd-b60c-e9631522e919-groupManagement] INFO  server.RaftServerConfigKeys (ConfUtils.java:logGet(46)) - raft.server.log.segment.size.max = 1048576 (custom)
2023-11-20 14:17:04,363 [617fee10-5999-41fc-ba89-05e5beaae1db-groupManagement] INFO  server.RaftServerConfigKeys (ConfUtils.java:logGet(46)) - raft.server.snapshot.retention.file.num = 5 (custom)
2023-11-20 14:17:04,363 [e744cdee-db3a-4307-a129-877114b2ee40-groupManagement] INFO  server.RaftServerConfigKeys (ConfUtils.java:logGet(46)) - raft.server.log.appender.buffer.byte-limit = 33554432 (custom)
2023-11-20 14:17:04,363 [617fee10-5999-41fc-ba89-05e5beaae1db-groupManagement] INFO  server.RaftServerConfigKeys (ConfUtils.java:logGet(46)) - raft.server.log.purge.upto.snapshot.index = false (default)
2023-11-20 14:17:04,363 [c950ed05-5bc7-49cd-b60c-e9631522e919-groupManagement] INFO  server.RaftServerConfigKeys (ConfUtils.java:logGet(46)) - raft.server.log.preallocated.size = 16384 (custom)
2023-11-20 14:17:04,364 [c950ed05-5bc7-49cd-b60c-e9631522e919-groupManagement] INFO  server.RaftServerConfigKeys (ConfUtils.java:logGet(46)) - raft.server.log.force.sync.num = 128 (default)
2023-11-20 14:17:04,364 [c950ed05-5bc7-49cd-b60c-e9631522e919-groupManagement] INFO  server.RaftServerConfigKeys (ConfUtils.java:logGet(46)) - raft.server.log.statemachine.data.sync = true (default)
2023-11-20 14:17:04,364 [c950ed05-5bc7-49cd-b60c-e9631522e919-groupManagement] INFO  server.RaftServerConfigKeys (ConfUtils.java:logGet(46)) - raft.server.log.statemachine.data.sync.timeout = 10s (default)
2023-11-20 14:17:04,364 [c950ed05-5bc7-49cd-b60c-e9631522e919-groupManagement] INFO  server.RaftServerConfigKeys (ConfUtils.java:logGet(46)) - raft.server.log.statemachine.data.sync.timeout.retry = -1 (default)
2023-11-20 14:17:04,365 [c950ed05-5bc7-49cd-b60c-e9631522e919-groupManagement] INFO  server.RaftServerConfigKeys (ConfUtils.java:logGet(46)) - raft.server.log.write.buffer.size = 1048576 (custom)
2023-11-20 14:17:04,365 [e744cdee-db3a-4307-a129-877114b2ee40-groupManagement] INFO  server.RaftServerConfigKeys (ConfUtils.java:logGet(46)) - raft.server.log.unsafe-flush.enabled = false (default)
2023-11-20 14:17:04,365 [e744cdee-db3a-4307-a129-877114b2ee40-groupManagement] INFO  server.RaftServerConfigKeys (ConfUtils.java:logGet(46)) - raft.server.log.async-flush.enabled = false (default)
2023-11-20 14:17:04,365 [e744cdee-db3a-4307-a129-877114b2ee40-groupManagement] INFO  server.RaftServerConfigKeys (ConfUtils.java:logGet(46)) - raft.server.log.statemachine.data.caching.enabled = true (custom)
2023-11-20 14:17:04,365 [e744cdee-db3a-4307-a129-877114b2ee40-groupManagement] INFO  segmented.SegmentedRaftLogWorker (SegmentedRaftLogWorker.java:lambda$new$0(135)) - e744cdee-db3a-4307-a129-877114b2ee40@group-101E1C95831D-SegmentedRaftLogWorker: flushIndex: setUnconditionally 0 -> -1
2023-11-20 14:17:04,365 [e744cdee-db3a-4307-a129-877114b2ee40-groupManagement] INFO  segmented.SegmentedRaftLogWorker (SegmentedRaftLogWorker.java:lambda$new$0(135)) - e744cdee-db3a-4307-a129-877114b2ee40@group-101E1C95831D-SegmentedRaftLogWorker: safeCacheEvictIndex: setUnconditionally 0 -> -1
2023-11-20 14:17:04,365 [c950ed05-5bc7-49cd-b60c-e9631522e919-groupManagement] INFO  server.RaftServerConfigKeys (ConfUtils.java:logGet(46)) - raft.server.log.appender.buffer.byte-limit = 33554432 (custom)
2023-11-20 14:17:04,367 [c950ed05-5bc7-49cd-b60c-e9631522e919-groupManagement] INFO  server.RaftServerConfigKeys (ConfUtils.java:logGet(46)) - raft.server.log.unsafe-flush.enabled = false (default)
2023-11-20 14:17:04,367 [c950ed05-5bc7-49cd-b60c-e9631522e919-groupManagement] INFO  server.RaftServerConfigKeys (ConfUtils.java:logGet(46)) - raft.server.log.async-flush.enabled = false (default)
2023-11-20 14:17:04,367 [c950ed05-5bc7-49cd-b60c-e9631522e919-groupManagement] INFO  server.RaftServerConfigKeys (ConfUtils.java:logGet(46)) - raft.server.log.statemachine.data.caching.enabled = true (custom)
2023-11-20 14:17:04,367 [c950ed05-5bc7-49cd-b60c-e9631522e919-groupManagement] INFO  segmented.SegmentedRaftLogWorker (SegmentedRaftLogWorker.java:lambda$new$0(135)) - c950ed05-5bc7-49cd-b60c-e9631522e919@group-101E1C95831D-SegmentedRaftLogWorker: flushIndex: setUnconditionally 0 -> -1
2023-11-20 14:17:04,367 [c950ed05-5bc7-49cd-b60c-e9631522e919-groupManagement] INFO  segmented.SegmentedRaftLogWorker (SegmentedRaftLogWorker.java:lambda$new$0(135)) - c950ed05-5bc7-49cd-b60c-e9631522e919@group-101E1C95831D-SegmentedRaftLogWorker: safeCacheEvictIndex: setUnconditionally 0 -> -1
2023-11-20 14:17:04,367 [e744cdee-db3a-4307-a129-877114b2ee40-groupManagement] INFO  server.RaftServer$Division (RaftServerImpl.java:start(342)) - e744cdee-db3a-4307-a129-877114b2ee40@group-101E1C95831D: start as a follower, conf=-1: peers:[e744cdee-db3a-4307-a129-877114b2ee40|rpc:10.1.0.10:15014|admin:10.1.0.10:15013|client:10.1.0.10:15012|dataStream:10.1.0.10:15015|priority:0|startupRole:FOLLOWER, 617fee10-5999-41fc-ba89-05e5beaae1db|rpc:10.1.0.10:15023|admin:10.1.0.10:15022|client:10.1.0.10:15021|dataStream:10.1.0.10:15024|priority:0|startupRole:FOLLOWER, c950ed05-5bc7-49cd-b60c-e9631522e919|rpc:10.1.0.10:15032|admin:10.1.0.10:15031|client:10.1.0.10:15030|dataStream:10.1.0.10:15033|priority:1|startupRole:FOLLOWER]|listeners:[], old=null
2023-11-20 14:17:04,367 [617fee10-5999-41fc-ba89-05e5beaae1db-PipelineCommandHandlerThread-0] INFO  ratis.XceiverServerRatis (XceiverServerRatis.java:addGroup(807)) - Created group PipelineID=1b8177ee-0fa2-43ee-b8e1-101e1c95831d
2023-11-20 14:17:04,367 [e744cdee-db3a-4307-a129-877114b2ee40-groupManagement] INFO  server.RaftServer$Division (RaftServerImpl.java:setRole(329)) - e744cdee-db3a-4307-a129-877114b2ee40@group-101E1C95831D: changes role from      null to FOLLOWER at term 0 for startAsFollower
2023-11-20 14:17:04,369 [c950ed05-5bc7-49cd-b60c-e9631522e919-groupManagement] INFO  server.RaftServer$Division (RaftServerImpl.java:start(342)) - c950ed05-5bc7-49cd-b60c-e9631522e919@group-101E1C95831D: start as a follower, conf=-1: peers:[e744cdee-db3a-4307-a129-877114b2ee40|rpc:10.1.0.10:15014|admin:10.1.0.10:15013|client:10.1.0.10:15012|dataStream:10.1.0.10:15015|priority:0|startupRole:FOLLOWER, 617fee10-5999-41fc-ba89-05e5beaae1db|rpc:10.1.0.10:15023|admin:10.1.0.10:15022|client:10.1.0.10:15021|dataStream:10.1.0.10:15024|priority:0|startupRole:FOLLOWER, c950ed05-5bc7-49cd-b60c-e9631522e919|rpc:10.1.0.10:15032|admin:10.1.0.10:15031|client:10.1.0.10:15030|dataStream:10.1.0.10:15033|priority:1|startupRole:FOLLOWER]|listeners:[], old=null
2023-11-20 14:17:04,369 [c950ed05-5bc7-49cd-b60c-e9631522e919-groupManagement] INFO  server.RaftServer$Division (RaftServerImpl.java:setRole(329)) - c950ed05-5bc7-49cd-b60c-e9631522e919@group-101E1C95831D: changes role from      null to FOLLOWER at term 0 for startAsFollower
2023-11-20 14:17:04,369 [c950ed05-5bc7-49cd-b60c-e9631522e919-groupManagement] INFO  impl.RoleInfo (RoleInfo.java:updateAndGet(139)) - c950ed05-5bc7-49cd-b60c-e9631522e919: start c950ed05-5bc7-49cd-b60c-e9631522e919@group-101E1C95831D-FollowerState
2023-11-20 14:17:04,372 [c950ed05-5bc7-49cd-b60c-e9631522e919-groupManagement] INFO  util.JmxRegister (JmxRegister.java:tryRegister(44)) - Successfully registered JMX Bean with object name Ratis:service=RaftServer,group=group-101E1C95831D,id=c950ed05-5bc7-49cd-b60c-e9631522e919
2023-11-20 14:17:04,373 [c950ed05-5bc7-49cd-b60c-e9631522e919-groupManagement] INFO  server.RaftServerConfigKeys (ConfUtils.java:logGet(46)) - raft.server.snapshot.auto.trigger.enabled = true (custom)
2023-11-20 14:17:04,373 [c950ed05-5bc7-49cd-b60c-e9631522e919-groupManagement] INFO  server.RaftServerConfigKeys (ConfUtils.java:logGet(46)) - raft.server.snapshot.auto.trigger.threshold = 10000 (custom)
2023-11-20 14:17:04,373 [c950ed05-5bc7-49cd-b60c-e9631522e919-groupManagement] INFO  server.RaftServerConfigKeys (ConfUtils.java:logGet(46)) - raft.server.snapshot.retention.file.num = 5 (custom)
2023-11-20 14:17:04,373 [c950ed05-5bc7-49cd-b60c-e9631522e919-groupManagement] INFO  server.RaftServerConfigKeys (ConfUtils.java:logGet(46)) - raft.server.log.purge.upto.snapshot.index = false (default)
2023-11-20 14:17:04,375 [c950ed05-5bc7-49cd-b60c-e9631522e919-PipelineCommandHandlerThread-0] INFO  ratis.XceiverServerRatis (XceiverServerRatis.java:addGroup(807)) - Created group PipelineID=1b8177ee-0fa2-43ee-b8e1-101e1c95831d
2023-11-20 14:17:04,375 [c950ed05-5bc7-49cd-b60c-e9631522e919@group-101E1C95831D-FollowerState] INFO  server.RaftServerConfigKeys (ConfUtils.java:logFallback(53)) - raft.server.rpc.first-election.timeout.min = 5s (fallback to raft.server.rpc.timeout.min)
2023-11-20 14:17:04,375 [e744cdee-db3a-4307-a129-877114b2ee40-groupManagement] INFO  impl.RoleInfo (RoleInfo.java:updateAndGet(139)) - e744cdee-db3a-4307-a129-877114b2ee40: start e744cdee-db3a-4307-a129-877114b2ee40@group-101E1C95831D-FollowerState
2023-11-20 14:17:04,380 [c950ed05-5bc7-49cd-b60c-e9631522e919@group-101E1C95831D-FollowerState] INFO  server.RaftServerConfigKeys (ConfUtils.java:logFallback(53)) - raft.server.rpc.first-election.timeout.max = 5200ms (fallback to raft.server.rpc.timeout.max)
2023-11-20 14:17:04,380 [e744cdee-db3a-4307-a129-877114b2ee40-groupManagement] INFO  util.JmxRegister (JmxRegister.java:tryRegister(44)) - Successfully registered JMX Bean with object name Ratis:service=RaftServer,group=group-101E1C95831D,id=e744cdee-db3a-4307-a129-877114b2ee40
2023-11-20 14:17:04,380 [e744cdee-db3a-4307-a129-877114b2ee40-groupManagement] INFO  server.RaftServerConfigKeys (ConfUtils.java:logGet(46)) - raft.server.snapshot.auto.trigger.enabled = true (custom)
2023-11-20 14:17:04,381 [e744cdee-db3a-4307-a129-877114b2ee40-groupManagement] INFO  server.RaftServerConfigKeys (ConfUtils.java:logGet(46)) - raft.server.snapshot.auto.trigger.threshold = 10000 (custom)
2023-11-20 14:17:04,381 [e744cdee-db3a-4307-a129-877114b2ee40-groupManagement] INFO  server.RaftServerConfigKeys (ConfUtils.java:logGet(46)) - raft.server.snapshot.retention.file.num = 5 (custom)
2023-11-20 14:17:04,381 [e744cdee-db3a-4307-a129-877114b2ee40-groupManagement] INFO  server.RaftServerConfigKeys (ConfUtils.java:logGet(46)) - raft.server.log.purge.upto.snapshot.index = false (default)
2023-11-20 14:17:04,383 [e744cdee-db3a-4307-a129-877114b2ee40-PipelineCommandHandlerThread-0] INFO  ratis.XceiverServerRatis (XceiverServerRatis.java:addGroup(807)) - Created group PipelineID=1b8177ee-0fa2-43ee-b8e1-101e1c95831d
2023-11-20 14:17:04,383 [e744cdee-db3a-4307-a129-877114b2ee40@group-101E1C95831D-FollowerState] INFO  server.RaftServerConfigKeys (ConfUtils.java:logFallback(53)) - raft.server.rpc.first-election.timeout.min = 5s (fallback to raft.server.rpc.timeout.min)
2023-11-20 14:17:04,383 [e744cdee-db3a-4307-a129-877114b2ee40@group-101E1C95831D-FollowerState] INFO  server.RaftServerConfigKeys (ConfUtils.java:logFallback(53)) - raft.server.rpc.first-election.timeout.max = 5200ms (fallback to raft.server.rpc.timeout.max)
2023-11-20 14:17:04,439 [617fee10-5999-41fc-ba89-05e5beaae1db-PipelineCommandHandlerThread-0] INFO  commandhandler.CreatePipelineCommandHandler (CreatePipelineCommandHandler.java:lambda$handle$2(124)) - Created Pipeline RATIS THREE PipelineID=1b8177ee-0fa2-43ee-b8e1-101e1c95831d.
2023-11-20 14:17:04,441 [c950ed05-5bc7-49cd-b60c-e9631522e919-PipelineCommandHandlerThread-0] INFO  commandhandler.CreatePipelineCommandHandler (CreatePipelineCommandHandler.java:lambda$handle$2(124)) - Created Pipeline RATIS THREE PipelineID=1b8177ee-0fa2-43ee-b8e1-101e1c95831d.
2023-11-20 14:17:04,448 [e744cdee-db3a-4307-a129-877114b2ee40-PipelineCommandHandlerThread-0] INFO  commandhandler.CreatePipelineCommandHandler (CreatePipelineCommandHandler.java:lambda$handle$2(124)) - Created Pipeline RATIS THREE PipelineID=1b8177ee-0fa2-43ee-b8e1-101e1c95831d.
2023-11-20 14:17:05,199 [main] INFO  ozone.MiniOzoneClusterImpl (MiniOzoneClusterImpl.java:lambda$waitForClusterToBeReady$0(229)) - Nodes are ready. Got 5 of 5 DN Heartbeats.
2023-11-20 14:17:05,199 [main] INFO  ozone.MiniOzoneClusterImpl (MiniOzoneClusterImpl.java:lambda$waitForClusterToBeReady$0(232)) - Waiting for cluster to exit safe mode
2023-11-20 14:17:05,199 [main] INFO  ozone.MiniOzoneClusterImpl (MiniOzoneClusterImpl.java:lambda$waitForClusterToBeReady$0(234)) - SCM became leader
2023-11-20 14:17:06,199 [main] INFO  ozone.MiniOzoneClusterImpl (MiniOzoneClusterImpl.java:lambda$waitForClusterToBeReady$0(229)) - Nodes are ready. Got 5 of 5 DN Heartbeats.
2023-11-20 14:17:06,199 [main] INFO  ozone.MiniOzoneClusterImpl (MiniOzoneClusterImpl.java:lambda$waitForClusterToBeReady$0(232)) - Waiting for cluster to exit safe mode
2023-11-20 14:17:06,199 [main] INFO  ozone.MiniOzoneClusterImpl (MiniOzoneClusterImpl.java:lambda$waitForClusterToBeReady$0(234)) - SCM became leader
2023-11-20 14:17:07,200 [main] INFO  ozone.MiniOzoneClusterImpl (MiniOzoneClusterImpl.java:lambda$waitForClusterToBeReady$0(229)) - Nodes are ready. Got 5 of 5 DN Heartbeats.
2023-11-20 14:17:07,200 [main] INFO  ozone.MiniOzoneClusterImpl (MiniOzoneClusterImpl.java:lambda$waitForClusterToBeReady$0(232)) - Waiting for cluster to exit safe mode
2023-11-20 14:17:07,200 [main] INFO  ozone.MiniOzoneClusterImpl (MiniOzoneClusterImpl.java:lambda$waitForClusterToBeReady$0(234)) - SCM became leader
2023-11-20 14:17:08,200 [main] INFO  ozone.MiniOzoneClusterImpl (MiniOzoneClusterImpl.java:lambda$waitForClusterToBeReady$0(229)) - Nodes are ready. Got 5 of 5 DN Heartbeats.
2023-11-20 14:17:08,200 [main] INFO  ozone.MiniOzoneClusterImpl (MiniOzoneClusterImpl.java:lambda$waitForClusterToBeReady$0(232)) - Waiting for cluster to exit safe mode
2023-11-20 14:17:08,200 [main] INFO  ozone.MiniOzoneClusterImpl (MiniOzoneClusterImpl.java:lambda$waitForClusterToBeReady$0(234)) - SCM became leader
2023-11-20 14:17:08,882 [e744cdee-db3a-4307-a129-877114b2ee40@group-A15E7FB09128-FollowerState] INFO  impl.FollowerState (FollowerState.java:run(143)) - e744cdee-db3a-4307-a129-877114b2ee40@group-A15E7FB09128-FollowerState: change to CANDIDATE, lastRpcElapsedTime:5069122957ns, electionTimeout:5068ms
2023-11-20 14:17:08,882 [e744cdee-db3a-4307-a129-877114b2ee40@group-A15E7FB09128-FollowerState] INFO  impl.RoleInfo (RoleInfo.java:shutdownFollowerState(110)) - e744cdee-db3a-4307-a129-877114b2ee40: shutdown e744cdee-db3a-4307-a129-877114b2ee40@group-A15E7FB09128-FollowerState
2023-11-20 14:17:08,882 [e744cdee-db3a-4307-a129-877114b2ee40@group-A15E7FB09128-FollowerState] INFO  server.RaftServer$Division (RaftServerImpl.java:setRole(329)) - e744cdee-db3a-4307-a129-877114b2ee40@group-A15E7FB09128: changes role from  FOLLOWER to CANDIDATE at term 0 for changeToCandidate
2023-11-20 14:17:08,883 [e744cdee-db3a-4307-a129-877114b2ee40@group-A15E7FB09128-FollowerState] INFO  server.RaftServerConfigKeys (ConfUtils.java:logGet(46)) - raft.server.leaderelection.pre-vote = true (default)
2023-11-20 14:17:08,883 [e744cdee-db3a-4307-a129-877114b2ee40@group-A15E7FB09128-FollowerState] INFO  impl.RoleInfo (RoleInfo.java:updateAndGet(139)) - e744cdee-db3a-4307-a129-877114b2ee40: start e744cdee-db3a-4307-a129-877114b2ee40@group-A15E7FB09128-LeaderElection2
2023-11-20 14:17:08,884 [e744cdee-db3a-4307-a129-877114b2ee40@group-A15E7FB09128-LeaderElection2] INFO  impl.LeaderElection (LeaderElection.java:askForVotes(321)) - e744cdee-db3a-4307-a129-877114b2ee40@group-A15E7FB09128-LeaderElection2 PRE_VOTE round 0: submit vote requests at term 0 for -1: peers:[e744cdee-db3a-4307-a129-877114b2ee40|rpc:10.1.0.10:15014|admin:10.1.0.10:15013|client:10.1.0.10:15012|dataStream:10.1.0.10:15015|priority:1|startupRole:FOLLOWER]|listeners:[], old=null
2023-11-20 14:17:08,884 [e744cdee-db3a-4307-a129-877114b2ee40@group-A15E7FB09128-LeaderElection2] INFO  impl.LeaderElection (LeaderElection.java:askForVotes(323)) - e744cdee-db3a-4307-a129-877114b2ee40@group-A15E7FB09128-LeaderElection2 PRE_VOTE round 0: result PASSED (term=0)
2023-11-20 14:17:08,885 [e744cdee-db3a-4307-a129-877114b2ee40@group-A15E7FB09128-LeaderElection2] INFO  impl.LeaderElection (LeaderElection.java:askForVotes(321)) - e744cdee-db3a-4307-a129-877114b2ee40@group-A15E7FB09128-LeaderElection2 ELECTION round 0: submit vote requests at term 1 for -1: peers:[e744cdee-db3a-4307-a129-877114b2ee40|rpc:10.1.0.10:15014|admin:10.1.0.10:15013|client:10.1.0.10:15012|dataStream:10.1.0.10:15015|priority:1|startupRole:FOLLOWER]|listeners:[], old=null
2023-11-20 14:17:08,885 [e744cdee-db3a-4307-a129-877114b2ee40@group-A15E7FB09128-LeaderElection2] INFO  impl.LeaderElection (LeaderElection.java:askForVotes(323)) - e744cdee-db3a-4307-a129-877114b2ee40@group-A15E7FB09128-LeaderElection2 ELECTION round 0: result PASSED (term=1)
2023-11-20 14:17:08,885 [e744cdee-db3a-4307-a129-877114b2ee40@group-A15E7FB09128-LeaderElection2] INFO  impl.RoleInfo (RoleInfo.java:shutdownLeaderElection(130)) - e744cdee-db3a-4307-a129-877114b2ee40: shutdown e744cdee-db3a-4307-a129-877114b2ee40@group-A15E7FB09128-LeaderElection2
2023-11-20 14:17:08,885 [e744cdee-db3a-4307-a129-877114b2ee40@group-A15E7FB09128-LeaderElection2] INFO  server.RaftServer$Division (RaftServerImpl.java:setRole(329)) - e744cdee-db3a-4307-a129-877114b2ee40@group-A15E7FB09128: changes role from CANDIDATE to LEADER at term 1 for changeToLeader
2023-11-20 14:17:08,885 [e744cdee-db3a-4307-a129-877114b2ee40@group-A15E7FB09128-LeaderElection2] INFO  ratis.XceiverServerRatis (XceiverServerRatis.java:handleLeaderChangedNotification(905)) - Leader change notification received for group: group-A15E7FB09128 with new leaderId: e744cdee-db3a-4307-a129-877114b2ee40
2023-11-20 14:17:08,885 [e744cdee-db3a-4307-a129-877114b2ee40@group-A15E7FB09128-LeaderElection2] INFO  server.RaftServer$Division (ServerState.java:setLeader(317)) - e744cdee-db3a-4307-a129-877114b2ee40@group-A15E7FB09128: change Leader from null to e744cdee-db3a-4307-a129-877114b2ee40 at term 1 for becomeLeader, leader elected after 5088ms
2023-11-20 14:17:08,885 [e744cdee-db3a-4307-a129-877114b2ee40@group-A15E7FB09128-LeaderElection2] INFO  server.RaftServerConfigKeys (ConfUtils.java:logGet(46)) - raft.server.staging.catchup.gap = 1000 (default)
2023-11-20 14:17:08,886 [e744cdee-db3a-4307-a129-877114b2ee40@group-A15E7FB09128-LeaderElection2] INFO  server.RaftServerConfigKeys (ConfUtils.java:logGet(46)) - raft.server.write.element-limit = 1024 (custom)
2023-11-20 14:17:08,886 [e744cdee-db3a-4307-a129-877114b2ee40@group-A15E7FB09128-LeaderElection2] INFO  server.RaftServerConfigKeys (ConfUtils.java:logGet(46)) - raft.server.write.byte-limit = 1024 M (=1073741824) (custom)
2023-11-20 14:17:08,886 [e744cdee-db3a-4307-a129-877114b2ee40@group-A15E7FB09128-LeaderElection2] INFO  server.RaftServerConfigKeys (ConfUtils.java:logGet(46)) - raft.server.watch.timeout = 180s (custom)
2023-11-20 14:17:08,886 [e744cdee-db3a-4307-a129-877114b2ee40@group-A15E7FB09128-LeaderElection2] INFO  server.RaftServerConfigKeys (ConfUtils.java:logGet(46)) - raft.server.watch.timeout.denomination = 1s (default)
2023-11-20 14:17:08,886 [e744cdee-db3a-4307-a129-877114b2ee40@group-A15E7FB09128-LeaderElection2] INFO  server.RaftServerConfigKeys (ConfUtils.java:logGet(46)) - raft.server.watch.element-limit = 65536 (default)
2023-11-20 14:17:08,886 [e744cdee-db3a-4307-a129-877114b2ee40@group-A15E7FB09128-LeaderElection2] INFO  server.RaftServerConfigKeys (ConfUtils.java:logGet(46)) - raft.server.write.element-limit = 1024 (custom)
2023-11-20 14:17:08,886 [e744cdee-db3a-4307-a129-877114b2ee40@group-A15E7FB09128-LeaderElection2] INFO  server.RaftServerConfigKeys (ConfUtils.java:logGet(46)) - raft.server.write.follower.gap.ratio.max = -1.0 (default)
2023-11-20 14:17:08,886 [e744cdee-db3a-4307-a129-877114b2ee40@group-A15E7FB09128-LeaderElection2] INFO  impl.RoleInfo (RoleInfo.java:updateAndGet(139)) - e744cdee-db3a-4307-a129-877114b2ee40: start e744cdee-db3a-4307-a129-877114b2ee40@group-A15E7FB09128-LeaderStateImpl
2023-11-20 14:17:08,887 [e744cdee-db3a-4307-a129-877114b2ee40@group-A15E7FB09128-LeaderElection2] INFO  segmented.SegmentedRaftLogWorker (SegmentedRaftLogWorker.java:startLogSegment(447)) - e744cdee-db3a-4307-a129-877114b2ee40@group-A15E7FB09128-SegmentedRaftLogWorker: Starting segment from index:0
2023-11-20 14:17:08,887 [EventQueue-OpenPipelineForHealthyPipelineSafeModeRule] INFO  safemode.SCMSafeModeManager (HealthyPipelineSafeModeRule.java:process(137)) - SCM in safe mode. Healthy pipelines reported count is 0, required healthy pipeline reported count is 1
2023-11-20 14:17:08,888 [e744cdee-db3a-4307-a129-877114b2ee40@group-A15E7FB09128-SegmentedRaftLogWorker] INFO  segmented.SegmentedRaftLogWorker (SegmentedRaftLogWorker.java:execute(651)) - e744cdee-db3a-4307-a129-877114b2ee40@group-A15E7FB09128-SegmentedRaftLogWorker: created new log segment /home/runner/work/ozone/ozone/hadoop-ozone/integration-test/target/test-dir/MiniOzoneClusterImpl-7293264f-739e-43f0-b608-0ff531f18758/datanode-0/data/ratis/a7c19118-fc61-4d7b-bda4-a15e7fb09128/current/log_inprogress_0
2023-11-20 14:17:08,889 [e744cdee-db3a-4307-a129-877114b2ee40@group-A15E7FB09128-LeaderElection2] INFO  server.RaftServer$Division (ServerState.java:setRaftConf(434)) - e744cdee-db3a-4307-a129-877114b2ee40@group-A15E7FB09128: set configuration 0: peers:[e744cdee-db3a-4307-a129-877114b2ee40|rpc:10.1.0.10:15014|admin:10.1.0.10:15013|client:10.1.0.10:15012|dataStream:10.1.0.10:15015|priority:1|startupRole:FOLLOWER]|listeners:[], old=null
2023-11-20 14:17:08,896 [e744cdee-db3a-4307-a129-877114b2ee40@group-A5A1344C0F7C-FollowerState] INFO  impl.FollowerState (FollowerState.java:run(143)) - e744cdee-db3a-4307-a129-877114b2ee40@group-A5A1344C0F7C-FollowerState: change to CANDIDATE, lastRpcElapsedTime:5057829325ns, electionTimeout:5057ms
2023-11-20 14:17:08,896 [e744cdee-db3a-4307-a129-877114b2ee40@group-A5A1344C0F7C-FollowerState] INFO  impl.RoleInfo (RoleInfo.java:shutdownFollowerState(110)) - e744cdee-db3a-4307-a129-877114b2ee40: shutdown e744cdee-db3a-4307-a129-877114b2ee40@group-A5A1344C0F7C-FollowerState
2023-11-20 14:17:08,896 [e744cdee-db3a-4307-a129-877114b2ee40@group-A5A1344C0F7C-FollowerState] INFO  server.RaftServer$Division (RaftServerImpl.java:setRole(329)) - e744cdee-db3a-4307-a129-877114b2ee40@group-A5A1344C0F7C: changes role from  FOLLOWER to CANDIDATE at term 0 for changeToCandidate
2023-11-20 14:17:08,897 [e744cdee-db3a-4307-a129-877114b2ee40@group-A5A1344C0F7C-FollowerState] INFO  server.RaftServerConfigKeys (ConfUtils.java:logGet(46)) - raft.server.leaderelection.pre-vote = true (default)
2023-11-20 14:17:08,897 [e744cdee-db3a-4307-a129-877114b2ee40@group-A5A1344C0F7C-FollowerState] INFO  impl.RoleInfo (RoleInfo.java:updateAndGet(139)) - e744cdee-db3a-4307-a129-877114b2ee40: start e744cdee-db3a-4307-a129-877114b2ee40@group-A5A1344C0F7C-LeaderElection3
2023-11-20 14:17:08,898 [e744cdee-db3a-4307-a129-877114b2ee40@group-A5A1344C0F7C-LeaderElection3] INFO  impl.LeaderElection (LeaderElection.java:askForVotes(321)) - e744cdee-db3a-4307-a129-877114b2ee40@group-A5A1344C0F7C-LeaderElection3 PRE_VOTE round 0: submit vote requests at term 0 for -1: peers:[e744cdee-db3a-4307-a129-877114b2ee40|rpc:10.1.0.10:15014|admin:10.1.0.10:15013|client:10.1.0.10:15012|dataStream:10.1.0.10:15015|priority:0|startupRole:FOLLOWER, 617fee10-5999-41fc-ba89-05e5beaae1db|rpc:10.1.0.10:15023|admin:10.1.0.10:15022|client:10.1.0.10:15021|dataStream:10.1.0.10:15024|priority:1|startupRole:FOLLOWER, c950ed05-5bc7-49cd-b60c-e9631522e919|rpc:10.1.0.10:15032|admin:10.1.0.10:15031|client:10.1.0.10:15030|dataStream:10.1.0.10:15033|priority:0|startupRole:FOLLOWER]|listeners:[], old=null
2023-11-20 14:17:08,901 [e744cdee-db3a-4307-a129-877114b2ee40@group-A5A1344C0F7C-LeaderElection3] INFO  server.RaftServerConfigKeys (ConfUtils.java:logFallback(53)) - raft.server.rpc.first-election.timeout.min = 5s (fallback to raft.server.rpc.timeout.min)
2023-11-20 14:17:08,901 [e744cdee-db3a-4307-a129-877114b2ee40@group-A5A1344C0F7C-LeaderElection3] INFO  server.RaftServerConfigKeys (ConfUtils.java:logFallback(53)) - raft.server.rpc.first-election.timeout.max = 5200ms (fallback to raft.server.rpc.timeout.max)
2023-11-20 14:17:08,904 [e744cdee-db3a-4307-a129-877114b2ee40@group-A5A1344C0F7C-LeaderElection3-1] INFO  server.GrpcServerProtocolClient (GrpcServerProtocolClient.java:<init>(65)) - Build channel for 617fee10-5999-41fc-ba89-05e5beaae1db
2023-11-20 14:17:08,905 [e744cdee-db3a-4307-a129-877114b2ee40@group-A5A1344C0F7C-LeaderElection3-2] INFO  server.GrpcServerProtocolClient (GrpcServerProtocolClient.java:<init>(65)) - Build channel for c950ed05-5bc7-49cd-b60c-e9631522e919
2023-11-20 14:17:08,919 [grpc-default-executor-1] INFO  server.RaftServer$Division (RaftServerImpl.java:requestVote(1302)) - 617fee10-5999-41fc-ba89-05e5beaae1db@group-A5A1344C0F7C: receive requestVote(PRE_VOTE, e744cdee-db3a-4307-a129-877114b2ee40, group-A5A1344C0F7C, 0, (t:0, i:0))
2023-11-20 14:17:08,919 [grpc-default-executor-2] INFO  server.RaftServer$Division (RaftServerImpl.java:requestVote(1302)) - c950ed05-5bc7-49cd-b60c-e9631522e919@group-A5A1344C0F7C: receive requestVote(PRE_VOTE, e744cdee-db3a-4307-a129-877114b2ee40, group-A5A1344C0F7C, 0, (t:0, i:0))
2023-11-20 14:17:08,920 [grpc-default-executor-1] INFO  impl.VoteContext (VoteContext.java:log(49)) - 617fee10-5999-41fc-ba89-05e5beaae1db@group-A5A1344C0F7C-FOLLOWER: reject PRE_VOTE from e744cdee-db3a-4307-a129-877114b2ee40: our priority 1 > candidate's priority 0
2023-11-20 14:17:08,922 [grpc-default-executor-2] INFO  impl.VoteContext (VoteContext.java:log(49)) - c950ed05-5bc7-49cd-b60c-e9631522e919@group-A5A1344C0F7C-FOLLOWER: accept PRE_VOTE from e744cdee-db3a-4307-a129-877114b2ee40: our priority 0 <= candidate's priority 0
2023-11-20 14:17:08,926 [grpc-default-executor-2] INFO  server.RaftServer$Division (RaftServerImpl.java:requestVote(1335)) - c950ed05-5bc7-49cd-b60c-e9631522e919@group-A5A1344C0F7C replies to PRE_VOTE vote request: e744cdee-db3a-4307-a129-877114b2ee40<-c950ed05-5bc7-49cd-b60c-e9631522e919#0:OK-t0. Peer's state: c950ed05-5bc7-49cd-b60c-e9631522e919@group-A5A1344C0F7C:t0, leader=null, voted=, raftlog=Memoized:c950ed05-5bc7-49cd-b60c-e9631522e919@group-A5A1344C0F7C-SegmentedRaftLog:OPENED:c-1, conf=-1: peers:[e744cdee-db3a-4307-a129-877114b2ee40|rpc:10.1.0.10:15014|admin:10.1.0.10:15013|client:10.1.0.10:15012|dataStream:10.1.0.10:15015|priority:0|startupRole:FOLLOWER, 617fee10-5999-41fc-ba89-05e5beaae1db|rpc:10.1.0.10:15023|admin:10.1.0.10:15022|client:10.1.0.10:15021|dataStream:10.1.0.10:15024|priority:1|startupRole:FOLLOWER, c950ed05-5bc7-49cd-b60c-e9631522e919|rpc:10.1.0.10:15032|admin:10.1.0.10:15031|client:10.1.0.10:15030|dataStream:10.1.0.10:15033|priority:0|startupRole:FOLLOWER]|listeners:[], old=null
2023-11-20 14:17:08,926 [grpc-default-executor-1] INFO  server.RaftServer$Division (RaftServerImpl.java:requestVote(1335)) - 617fee10-5999-41fc-ba89-05e5beaae1db@group-A5A1344C0F7C replies to PRE_VOTE vote request: e744cdee-db3a-4307-a129-877114b2ee40<-617fee10-5999-41fc-ba89-05e5beaae1db#0:FAIL-t0. Peer's state: 617fee10-5999-41fc-ba89-05e5beaae1db@group-A5A1344C0F7C:t0, leader=null, voted=, raftlog=Memoized:617fee10-5999-41fc-ba89-05e5beaae1db@group-A5A1344C0F7C-SegmentedRaftLog:OPENED:c-1, conf=-1: peers:[e744cdee-db3a-4307-a129-877114b2ee40|rpc:10.1.0.10:15014|admin:10.1.0.10:15013|client:10.1.0.10:15012|dataStream:10.1.0.10:15015|priority:0|startupRole:FOLLOWER, 617fee10-5999-41fc-ba89-05e5beaae1db|rpc:10.1.0.10:15023|admin:10.1.0.10:15022|client:10.1.0.10:15021|dataStream:10.1.0.10:15024|priority:1|startupRole:FOLLOWER, c950ed05-5bc7-49cd-b60c-e9631522e919|rpc:10.1.0.10:15032|admin:10.1.0.10:15031|client:10.1.0.10:15030|dataStream:10.1.0.10:15033|priority:0|startupRole:FOLLOWER]|listeners:[], old=null
2023-11-20 14:17:08,932 [e744cdee-db3a-4307-a129-877114b2ee40@group-A5A1344C0F7C-LeaderElection3] INFO  impl.LeaderElection (LeaderElection.java:logAndReturn(90)) - e744cdee-db3a-4307-a129-877114b2ee40@group-A5A1344C0F7C-LeaderElection3: PRE_VOTE REJECTED received 1 response(s) and 0 exception(s):
2023-11-20 14:17:08,932 [e744cdee-db3a-4307-a129-877114b2ee40@group-A5A1344C0F7C-LeaderElection3] INFO  impl.LeaderElection (LeaderElection.java:logAndReturn(94)) -   Response 0: e744cdee-db3a-4307-a129-877114b2ee40<-617fee10-5999-41fc-ba89-05e5beaae1db#0:FAIL-t0
2023-11-20 14:17:08,932 [e744cdee-db3a-4307-a129-877114b2ee40@group-A5A1344C0F7C-LeaderElection3] INFO  impl.LeaderElection (LeaderElection.java:askForVotes(323)) - e744cdee-db3a-4307-a129-877114b2ee40@group-A5A1344C0F7C-LeaderElection3 PRE_VOTE round 0: result REJECTED
2023-11-20 14:17:08,933 [e744cdee-db3a-4307-a129-877114b2ee40@group-A5A1344C0F7C-LeaderElection3] INFO  server.RaftServer$Division (RaftServerImpl.java:setRole(329)) - e744cdee-db3a-4307-a129-877114b2ee40@group-A5A1344C0F7C: changes role from CANDIDATE to FOLLOWER at term 0 for REJECTED
2023-11-20 14:17:08,933 [e744cdee-db3a-4307-a129-877114b2ee40@group-A5A1344C0F7C-LeaderElection3] INFO  impl.RoleInfo (RoleInfo.java:shutdownLeaderElection(130)) - e744cdee-db3a-4307-a129-877114b2ee40: shutdown e744cdee-db3a-4307-a129-877114b2ee40@group-A5A1344C0F7C-LeaderElection3
2023-11-20 14:17:08,933 [e744cdee-db3a-4307-a129-877114b2ee40@group-A5A1344C0F7C-LeaderElection3] INFO  impl.RoleInfo (RoleInfo.java:updateAndGet(139)) - e744cdee-db3a-4307-a129-877114b2ee40: start e744cdee-db3a-4307-a129-877114b2ee40@group-A5A1344C0F7C-FollowerState
2023-11-20 14:17:09,092 [c950ed05-5bc7-49cd-b60c-e9631522e919@group-C85E64AE9605-FollowerState] INFO  impl.FollowerState (FollowerState.java:run(143)) - c950ed05-5bc7-49cd-b60c-e9631522e919@group-C85E64AE9605-FollowerState: change to CANDIDATE, lastRpcElapsedTime:5023836943ns, electionTimeout:5022ms
2023-11-20 14:17:09,092 [c950ed05-5bc7-49cd-b60c-e9631522e919@group-C85E64AE9605-FollowerState] INFO  impl.RoleInfo (RoleInfo.java:shutdownFollowerState(110)) - c950ed05-5bc7-49cd-b60c-e9631522e919: shutdown c950ed05-5bc7-49cd-b60c-e9631522e919@group-C85E64AE9605-FollowerState
2023-11-20 14:17:09,092 [c950ed05-5bc7-49cd-b60c-e9631522e919@group-C85E64AE9605-FollowerState] INFO  server.RaftServer$Division (RaftServerImpl.java:setRole(329)) - c950ed05-5bc7-49cd-b60c-e9631522e919@group-C85E64AE9605: changes role from  FOLLOWER to CANDIDATE at term 0 for changeToCandidate
2023-11-20 14:17:09,093 [c950ed05-5bc7-49cd-b60c-e9631522e919@group-C85E64AE9605-FollowerState] INFO  server.RaftServerConfigKeys (ConfUtils.java:logGet(46)) - raft.server.leaderelection.pre-vote = true (default)
2023-11-20 14:17:09,093 [c950ed05-5bc7-49cd-b60c-e9631522e919@group-C85E64AE9605-FollowerState] INFO  impl.RoleInfo (RoleInfo.java:updateAndGet(139)) - c950ed05-5bc7-49cd-b60c-e9631522e919: start c950ed05-5bc7-49cd-b60c-e9631522e919@group-C85E64AE9605-LeaderElection4
2023-11-20 14:17:09,094 [c950ed05-5bc7-49cd-b60c-e9631522e919@group-C85E64AE9605-LeaderElection4] INFO  impl.LeaderElection (LeaderElection.java:askForVotes(321)) - c950ed05-5bc7-49cd-b60c-e9631522e919@group-C85E64AE9605-LeaderElection4 PRE_VOTE round 0: submit vote requests at term 0 for -1: peers:[c950ed05-5bc7-49cd-b60c-e9631522e919|rpc:10.1.0.10:15032|admin:10.1.0.10:15031|client:10.1.0.10:15030|dataStream:10.1.0.10:15033|priority:1|startupRole:FOLLOWER]|listeners:[], old=null
2023-11-20 14:17:09,094 [c950ed05-5bc7-49cd-b60c-e9631522e919@group-C85E64AE9605-LeaderElection4] INFO  impl.LeaderElection (LeaderElection.java:askForVotes(323)) - c950ed05-5bc7-49cd-b60c-e9631522e919@group-C85E64AE9605-LeaderElection4 PRE_VOTE round 0: result PASSED (term=0)
2023-11-20 14:17:09,095 [c950ed05-5bc7-49cd-b60c-e9631522e919@group-C85E64AE9605-LeaderElection4] INFO  impl.LeaderElection (LeaderElection.java:askForVotes(321)) - c950ed05-5bc7-49cd-b60c-e9631522e919@group-C85E64AE9605-LeaderElection4 ELECTION round 0: submit vote requests at term 1 for -1: peers:[c950ed05-5bc7-49cd-b60c-e9631522e919|rpc:10.1.0.10:15032|admin:10.1.0.10:15031|client:10.1.0.10:15030|dataStream:10.1.0.10:15033|priority:1|startupRole:FOLLOWER]|listeners:[], old=null
2023-11-20 14:17:09,095 [c950ed05-5bc7-49cd-b60c-e9631522e919@group-C85E64AE9605-LeaderElection4] INFO  impl.LeaderElection (LeaderElection.java:askForVotes(323)) - c950ed05-5bc7-49cd-b60c-e9631522e919@group-C85E64AE9605-LeaderElection4 ELECTION round 0: result PASSED (term=1)
2023-11-20 14:17:09,095 [c950ed05-5bc7-49cd-b60c-e9631522e919@group-C85E64AE9605-LeaderElection4] INFO  impl.RoleInfo (RoleInfo.java:shutdownLeaderElection(130)) - c950ed05-5bc7-49cd-b60c-e9631522e919: shutdown c950ed05-5bc7-49cd-b60c-e9631522e919@group-C85E64AE9605-LeaderElection4
2023-11-20 14:17:09,095 [c950ed05-5bc7-49cd-b60c-e9631522e919@group-C85E64AE9605-LeaderElection4] INFO  server.RaftServer$Division (RaftServerImpl.java:setRole(329)) - c950ed05-5bc7-49cd-b60c-e9631522e919@group-C85E64AE9605: changes role from CANDIDATE to LEADER at term 1 for changeToLeader
2023-11-20 14:17:09,095 [c950ed05-5bc7-49cd-b60c-e9631522e919@group-C85E64AE9605-LeaderElection4] INFO  ratis.XceiverServerRatis (XceiverServerRatis.java:handleLeaderChangedNotification(905)) - Leader change notification received for group: group-C85E64AE9605 with new leaderId: c950ed05-5bc7-49cd-b60c-e9631522e919
2023-11-20 14:17:09,095 [c950ed05-5bc7-49cd-b60c-e9631522e919@group-C85E64AE9605-LeaderElection4] INFO  server.RaftServer$Division (ServerState.java:setLeader(317)) - c950ed05-5bc7-49cd-b60c-e9631522e919@group-C85E64AE9605: change Leader from null to c950ed05-5bc7-49cd-b60c-e9631522e919 at term 1 for becomeLeader, leader elected after 5060ms
2023-11-20 14:17:09,095 [c950ed05-5bc7-49cd-b60c-e9631522e919@group-C85E64AE9605-LeaderElection4] INFO  server.RaftServerConfigKeys (ConfUtils.java:logGet(46)) - raft.server.staging.catchup.gap = 1000 (default)
2023-11-20 14:17:09,096 [c950ed05-5bc7-49cd-b60c-e9631522e919@group-C85E64AE9605-LeaderElection4] INFO  server.RaftServerConfigKeys (ConfUtils.java:logGet(46)) - raft.server.write.element-limit = 1024 (custom)
2023-11-20 14:17:09,096 [c950ed05-5bc7-49cd-b60c-e9631522e919@group-C85E64AE9605-LeaderElection4] INFO  server.RaftServerConfigKeys (ConfUtils.java:logGet(46)) - raft.server.write.byte-limit = 1024 M (=1073741824) (custom)
2023-11-20 14:17:09,096 [c950ed05-5bc7-49cd-b60c-e9631522e919@group-C85E64AE9605-LeaderElection4] INFO  server.RaftServerConfigKeys (ConfUtils.java:logGet(46)) - raft.server.watch.timeout = 180s (custom)
2023-11-20 14:17:09,096 [c950ed05-5bc7-49cd-b60c-e9631522e919@group-C85E64AE9605-LeaderElection4] INFO  server.RaftServerConfigKeys (ConfUtils.java:logGet(46)) - raft.server.watch.timeout.denomination = 1s (default)
2023-11-20 14:17:09,096 [c950ed05-5bc7-49cd-b60c-e9631522e919@group-C85E64AE9605-LeaderElection4] INFO  server.RaftServerConfigKeys (ConfUtils.java:logGet(46)) - raft.server.watch.element-limit = 65536 (default)
2023-11-20 14:17:09,096 [c950ed05-5bc7-49cd-b60c-e9631522e919@group-C85E64AE9605-LeaderElection4] INFO  server.RaftServerConfigKeys (ConfUtils.java:logGet(46)) - raft.server.write.element-limit = 1024 (custom)
2023-11-20 14:17:09,096 [c950ed05-5bc7-49cd-b60c-e9631522e919@group-C85E64AE9605-LeaderElection4] INFO  server.RaftServerConfigKeys (ConfUtils.java:logGet(46)) - raft.server.write.follower.gap.ratio.max = -1.0 (default)
2023-11-20 14:17:09,096 [c950ed05-5bc7-49cd-b60c-e9631522e919@group-C85E64AE9605-LeaderElection4] INFO  impl.RoleInfo (RoleInfo.java:updateAndGet(139)) - c950ed05-5bc7-49cd-b60c-e9631522e919: start c950ed05-5bc7-49cd-b60c-e9631522e919@group-C85E64AE9605-LeaderStateImpl
2023-11-20 14:17:09,097 [617fee10-5999-41fc-ba89-05e5beaae1db@group-C5601DFFEB53-FollowerState] INFO  impl.FollowerState (FollowerState.java:run(143)) - 617fee10-5999-41fc-ba89-05e5beaae1db@group-C5601DFFEB53-FollowerState: change to CANDIDATE, lastRpcElapsedTime:5181023747ns, electionTimeout:5180ms
2023-11-20 14:17:09,097 [c950ed05-5bc7-49cd-b60c-e9631522e919@group-C85E64AE9605-LeaderElection4] INFO  segmented.SegmentedRaftLogWorker (SegmentedRaftLogWorker.java:startLogSegment(447)) - c950ed05-5bc7-49cd-b60c-e9631522e919@group-C85E64AE9605-SegmentedRaftLogWorker: Starting segment from index:0
2023-11-20 14:17:09,097 [617fee10-5999-41fc-ba89-05e5beaae1db@group-C5601DFFEB53-FollowerState] INFO  impl.RoleInfo (RoleInfo.java:shutdownFollowerState(110)) - 617fee10-5999-41fc-ba89-05e5beaae1db: shutdown 617fee10-5999-41fc-ba89-05e5beaae1db@group-C5601DFFEB53-FollowerState
2023-11-20 14:17:09,097 [617fee10-5999-41fc-ba89-05e5beaae1db@group-C5601DFFEB53-FollowerState] INFO  server.RaftServer$Division (RaftServerImpl.java:setRole(329)) - 617fee10-5999-41fc-ba89-05e5beaae1db@group-C5601DFFEB53: changes role from  FOLLOWER to CANDIDATE at term 0 for changeToCandidate
2023-11-20 14:17:09,098 [617fee10-5999-41fc-ba89-05e5beaae1db@group-C5601DFFEB53-FollowerState] INFO  server.RaftServerConfigKeys (ConfUtils.java:logGet(46)) - raft.server.leaderelection.pre-vote = true (default)
2023-11-20 14:17:09,098 [617fee10-5999-41fc-ba89-05e5beaae1db@group-C5601DFFEB53-FollowerState] INFO  impl.RoleInfo (RoleInfo.java:updateAndGet(139)) - 617fee10-5999-41fc-ba89-05e5beaae1db: start 617fee10-5999-41fc-ba89-05e5beaae1db@group-C5601DFFEB53-LeaderElection5
2023-11-20 14:17:09,098 [c950ed05-5bc7-49cd-b60c-e9631522e919@group-C85E64AE9605-LeaderElection4] INFO  server.RaftServer$Division (ServerState.java:setRaftConf(434)) - c950ed05-5bc7-49cd-b60c-e9631522e919@group-C85E64AE9605: set configuration 0: peers:[c950ed05-5bc7-49cd-b60c-e9631522e919|rpc:10.1.0.10:15032|admin:10.1.0.10:15031|client:10.1.0.10:15030|dataStream:10.1.0.10:15033|priority:1|startupRole:FOLLOWER]|listeners:[], old=null
2023-11-20 14:17:09,098 [EventQueue-OpenPipelineForHealthyPipelineSafeModeRule] INFO  safemode.SCMSafeModeManager (HealthyPipelineSafeModeRule.java:process(137)) - SCM in safe mode. Healthy pipelines reported count is 0, required healthy pipeline reported count is 1
2023-11-20 14:17:09,098 [c950ed05-5bc7-49cd-b60c-e9631522e919@group-C85E64AE9605-SegmentedRaftLogWorker] INFO  segmented.SegmentedRaftLogWorker (SegmentedRaftLogWorker.java:execute(651)) - c950ed05-5bc7-49cd-b60c-e9631522e919@group-C85E64AE9605-SegmentedRaftLogWorker: created new log segment /home/runner/work/ozone/ozone/hadoop-ozone/integration-test/target/test-dir/MiniOzoneClusterImpl-7293264f-739e-43f0-b608-0ff531f18758/datanode-2/data/ratis/3fbb9273-50ee-499e-8ee4-c85e64ae9605/current/log_inprogress_0
2023-11-20 14:17:09,099 [617fee10-5999-41fc-ba89-05e5beaae1db@group-C5601DFFEB53-LeaderElection5] INFO  impl.LeaderElection (LeaderElection.java:askForVotes(321)) - 617fee10-5999-41fc-ba89-05e5beaae1db@group-C5601DFFEB53-LeaderElection5 PRE_VOTE round 0: submit vote requests at term 0 for -1: peers:[617fee10-5999-41fc-ba89-05e5beaae1db|rpc:10.1.0.10:15023|admin:10.1.0.10:15022|client:10.1.0.10:15021|dataStream:10.1.0.10:15024|priority:1|startupRole:FOLLOWER]|listeners:[], old=null
2023-11-20 14:17:09,099 [617fee10-5999-41fc-ba89-05e5beaae1db@group-C5601DFFEB53-LeaderElection5] INFO  impl.LeaderElection (LeaderElection.java:askForVotes(323)) - 617fee10-5999-41fc-ba89-05e5beaae1db@group-C5601DFFEB53-LeaderElection5 PRE_VOTE round 0: result PASSED (term=0)
2023-11-20 14:17:09,100 [617fee10-5999-41fc-ba89-05e5beaae1db@group-C5601DFFEB53-LeaderElection5] INFO  impl.LeaderElection (LeaderElection.java:askForVotes(321)) - 617fee10-5999-41fc-ba89-05e5beaae1db@group-C5601DFFEB53-LeaderElection5 ELECTION round 0: submit vote requests at term 1 for -1: peers:[617fee10-5999-41fc-ba89-05e5beaae1db|rpc:10.1.0.10:15023|admin:10.1.0.10:15022|client:10.1.0.10:15021|dataStream:10.1.0.10:15024|priority:1|startupRole:FOLLOWER]|listeners:[], old=null
2023-11-20 14:17:09,100 [617fee10-5999-41fc-ba89-05e5beaae1db@group-C5601DFFEB53-LeaderElection5] INFO  impl.LeaderElection (LeaderElection.java:askForVotes(323)) - 617fee10-5999-41fc-ba89-05e5beaae1db@group-C5601DFFEB53-LeaderElection5 ELECTION round 0: result PASSED (term=1)
2023-11-20 14:17:09,100 [617fee10-5999-41fc-ba89-05e5beaae1db@group-C5601DFFEB53-LeaderElection5] INFO  impl.RoleInfo (RoleInfo.java:shutdownLeaderElection(130)) - 617fee10-5999-41fc-ba89-05e5beaae1db: shutdown 617fee10-5999-41fc-ba89-05e5beaae1db@group-C5601DFFEB53-LeaderElection5
2023-11-20 14:17:09,100 [617fee10-5999-41fc-ba89-05e5beaae1db@group-C5601DFFEB53-LeaderElection5] INFO  server.RaftServer$Division (RaftServerImpl.java:setRole(329)) - 617fee10-5999-41fc-ba89-05e5beaae1db@group-C5601DFFEB53: changes role from CANDIDATE to LEADER at term 1 for changeToLeader
2023-11-20 14:17:09,100 [617fee10-5999-41fc-ba89-05e5beaae1db@group-C5601DFFEB53-LeaderElection5] INFO  ratis.XceiverServerRatis (XceiverServerRatis.java:handleLeaderChangedNotification(905)) - Leader change notification received for group: group-C5601DFFEB53 with new leaderId: 617fee10-5999-41fc-ba89-05e5beaae1db
2023-11-20 14:17:09,100 [617fee10-5999-41fc-ba89-05e5beaae1db@group-C5601DFFEB53-LeaderElection5] INFO  server.RaftServer$Division (ServerState.java:setLeader(317)) - 617fee10-5999-41fc-ba89-05e5beaae1db@group-C5601DFFEB53: change Leader from null to 617fee10-5999-41fc-ba89-05e5beaae1db at term 1 for becomeLeader, leader elected after 5205ms
2023-11-20 14:17:09,100 [617fee10-5999-41fc-ba89-05e5beaae1db@group-C5601DFFEB53-LeaderElection5] INFO  server.RaftServerConfigKeys (ConfUtils.java:logGet(46)) - raft.server.staging.catchup.gap = 1000 (default)
2023-11-20 14:17:09,100 [617fee10-5999-41fc-ba89-05e5beaae1db@group-C5601DFFEB53-LeaderElection5] INFO  server.RaftServerConfigKeys (ConfUtils.java:logGet(46)) - raft.server.write.element-limit = 1024 (custom)
2023-11-20 14:17:09,101 [617fee10-5999-41fc-ba89-05e5beaae1db@group-C5601DFFEB53-LeaderElection5] INFO  server.RaftServerConfigKeys (ConfUtils.java:logGet(46)) - raft.server.write.byte-limit = 1024 M (=1073741824) (custom)
2023-11-20 14:17:09,101 [617fee10-5999-41fc-ba89-05e5beaae1db@group-C5601DFFEB53-LeaderElection5] INFO  server.RaftServerConfigKeys (ConfUtils.java:logGet(46)) - raft.server.watch.timeout = 180s (custom)
2023-11-20 14:17:09,101 [617fee10-5999-41fc-ba89-05e5beaae1db@group-C5601DFFEB53-LeaderElection5] INFO  server.RaftServerConfigKeys (ConfUtils.java:logGet(46)) - raft.server.watch.timeout.denomination = 1s (default)
2023-11-20 14:17:09,101 [617fee10-5999-41fc-ba89-05e5beaae1db@group-C5601DFFEB53-LeaderElection5] INFO  server.RaftServerConfigKeys (ConfUtils.java:logGet(46)) - raft.server.watch.element-limit = 65536 (default)
2023-11-20 14:17:09,101 [617fee10-5999-41fc-ba89-05e5beaae1db@group-C5601DFFEB53-LeaderElection5] INFO  server.RaftServerConfigKeys (ConfUtils.java:logGet(46)) - raft.server.write.element-limit = 1024 (custom)
2023-11-20 14:17:09,101 [617fee10-5999-41fc-ba89-05e5beaae1db@group-C5601DFFEB53-LeaderElection5] INFO  server.RaftServerConfigKeys (ConfUtils.java:logGet(46)) - raft.server.write.follower.gap.ratio.max = -1.0 (default)
2023-11-20 14:17:09,101 [EventQueue-OpenPipelineForHealthyPipelineSafeModeRule] INFO  safemode.SCMSafeModeManager (HealthyPipelineSafeModeRule.java:process(137)) - SCM in safe mode. Healthy pipelines reported count is 0, required healthy pipeline reported count is 1
2023-11-20 14:17:09,101 [617fee10-5999-41fc-ba89-05e5beaae1db@group-C5601DFFEB53-LeaderElection5] INFO  impl.RoleInfo (RoleInfo.java:updateAndGet(139)) - 617fee10-5999-41fc-ba89-05e5beaae1db: start 617fee10-5999-41fc-ba89-05e5beaae1db@group-C5601DFFEB53-LeaderStateImpl
2023-11-20 14:17:09,102 [617fee10-5999-41fc-ba89-05e5beaae1db@group-C5601DFFEB53-LeaderElection5] INFO  segmented.SegmentedRaftLogWorker (SegmentedRaftLogWorker.java:startLogSegment(447)) - 617fee10-5999-41fc-ba89-05e5beaae1db@group-C5601DFFEB53-SegmentedRaftLogWorker: Starting segment from index:0
2023-11-20 14:17:09,102 [617fee10-5999-41fc-ba89-05e5beaae1db@group-C5601DFFEB53-SegmentedRaftLogWorker] INFO  segmented.SegmentedRaftLogWorker (SegmentedRaftLogWorker.java:execute(651)) - 617fee10-5999-41fc-ba89-05e5beaae1db@group-C5601DFFEB53-SegmentedRaftLogWorker: created new log segment /home/runner/work/ozone/ozone/hadoop-ozone/integration-test/target/test-dir/MiniOzoneClusterImpl-7293264f-739e-43f0-b608-0ff531f18758/datanode-1/data/ratis/ddb22c92-2c6c-4f72-9923-c5601dffeb53/current/log_inprogress_0
2023-11-20 14:17:09,105 [617fee10-5999-41fc-ba89-05e5beaae1db@group-C5601DFFEB53-LeaderElection5] INFO  server.RaftServer$Division (ServerState.java:setRaftConf(434)) - 617fee10-5999-41fc-ba89-05e5beaae1db@group-C5601DFFEB53: set configuration 0: peers:[617fee10-5999-41fc-ba89-05e5beaae1db|rpc:10.1.0.10:15023|admin:10.1.0.10:15022|client:10.1.0.10:15021|dataStream:10.1.0.10:15024|priority:1|startupRole:FOLLOWER]|listeners:[], old=null
2023-11-20 14:17:09,119 [617fee10-5999-41fc-ba89-05e5beaae1db@group-A5A1344C0F7C-FollowerState] INFO  impl.FollowerState (FollowerState.java:run(143)) - 617fee10-5999-41fc-ba89-05e5beaae1db@group-A5A1344C0F7C-FollowerState: change to CANDIDATE, lastRpcElapsedTime:5095641987ns, electionTimeout:5085ms
2023-11-20 14:17:09,119 [617fee10-5999-41fc-ba89-05e5beaae1db@group-A5A1344C0F7C-FollowerState] INFO  impl.RoleInfo (RoleInfo.java:shutdownFollowerState(110)) - 617fee10-5999-41fc-ba89-05e5beaae1db: shutdown 617fee10-5999-41fc-ba89-05e5beaae1db@group-A5A1344C0F7C-FollowerState
2023-11-20 14:17:09,119 [617fee10-5999-41fc-ba89-05e5beaae1db@group-A5A1344C0F7C-FollowerState] INFO  server.RaftServer$Division (RaftServerImpl.java:setRole(329)) - 617fee10-5999-41fc-ba89-05e5beaae1db@group-A5A1344C0F7C: changes role from  FOLLOWER to CANDIDATE at term 0 for changeToCandidate
2023-11-20 14:17:09,119 [617fee10-5999-41fc-ba89-05e5beaae1db@group-A5A1344C0F7C-FollowerState] INFO  server.RaftServerConfigKeys (ConfUtils.java:logGet(46)) - raft.server.leaderelection.pre-vote = true (default)
2023-11-20 14:17:09,119 [617fee10-5999-41fc-ba89-05e5beaae1db@group-A5A1344C0F7C-FollowerState] INFO  impl.RoleInfo (RoleInfo.java:updateAndGet(139)) - 617fee10-5999-41fc-ba89-05e5beaae1db: start 617fee10-5999-41fc-ba89-05e5beaae1db@group-A5A1344C0F7C-LeaderElection6
2023-11-20 14:17:09,120 [617fee10-5999-41fc-ba89-05e5beaae1db@group-A5A1344C0F7C-LeaderElection6] INFO  impl.LeaderElection (LeaderElection.java:askForVotes(321)) - 617fee10-5999-41fc-ba89-05e5beaae1db@group-A5A1344C0F7C-LeaderElection6 PRE_VOTE round 0: submit vote requests at term 0 for -1: peers:[e744cdee-db3a-4307-a129-877114b2ee40|rpc:10.1.0.10:15014|admin:10.1.0.10:15013|client:10.1.0.10:15012|dataStream:10.1.0.10:15015|priority:0|startupRole:FOLLOWER, 617fee10-5999-41fc-ba89-05e5beaae1db|rpc:10.1.0.10:15023|admin:10.1.0.10:15022|client:10.1.0.10:15021|dataStream:10.1.0.10:15024|priority:1|startupRole:FOLLOWER, c950ed05-5bc7-49cd-b60c-e9631522e919|rpc:10.1.0.10:15032|admin:10.1.0.10:15031|client:10.1.0.10:15030|dataStream:10.1.0.10:15033|priority:0|startupRole:FOLLOWER]|listeners:[], old=null
2023-11-20 14:17:09,120 [617fee10-5999-41fc-ba89-05e5beaae1db@group-A5A1344C0F7C-LeaderElection6-1] INFO  server.GrpcServerProtocolClient (GrpcServerProtocolClient.java:<init>(65)) - Build channel for e744cdee-db3a-4307-a129-877114b2ee40
2023-11-20 14:17:09,120 [617fee10-5999-41fc-ba89-05e5beaae1db@group-A5A1344C0F7C-LeaderElection6-2] INFO  server.GrpcServerProtocolClient (GrpcServerProtocolClient.java:<init>(65)) - Build channel for c950ed05-5bc7-49cd-b60c-e9631522e919
2023-11-20 14:17:09,120 [617fee10-5999-41fc-ba89-05e5beaae1db@group-A5A1344C0F7C-LeaderElection6] INFO  server.RaftServerConfigKeys (ConfUtils.java:logFallback(53)) - raft.server.rpc.first-election.timeout.min = 5s (fallback to raft.server.rpc.timeout.min)
2023-11-20 14:17:09,121 [617fee10-5999-41fc-ba89-05e5beaae1db@group-A5A1344C0F7C-LeaderElection6] INFO  server.RaftServerConfigKeys (ConfUtils.java:logFallback(53)) - raft.server.rpc.first-election.timeout.max = 5200ms (fallback to raft.server.rpc.timeout.max)
2023-11-20 14:17:09,127 [grpc-default-executor-2] INFO  server.RaftServer$Division (RaftServerImpl.java:requestVote(1302)) - c950ed05-5bc7-49cd-b60c-e9631522e919@group-A5A1344C0F7C: receive requestVote(PRE_VOTE, 617fee10-5999-41fc-ba89-05e5beaae1db, group-A5A1344C0F7C, 0, (t:0, i:0))
2023-11-20 14:17:09,128 [grpc-default-executor-2] INFO  impl.VoteContext (VoteContext.java:log(49)) - c950ed05-5bc7-49cd-b60c-e9631522e919@group-A5A1344C0F7C-FOLLOWER: accept PRE_VOTE from 617fee10-5999-41fc-ba89-05e5beaae1db: our priority 0 <= candidate's priority 1
2023-11-20 14:17:09,128 [grpc-default-executor-2] INFO  server.RaftServer$Division (RaftServerImpl.java:requestVote(1335)) - c950ed05-5bc7-49cd-b60c-e9631522e919@group-A5A1344C0F7C replies to PRE_VOTE vote request: 617fee10-5999-41fc-ba89-05e5beaae1db<-c950ed05-5bc7-49cd-b60c-e9631522e919#0:OK-t0. Peer's state: c950ed05-5bc7-49cd-b60c-e9631522e919@group-A5A1344C0F7C:t0, leader=null, voted=, raftlog=Memoized:c950ed05-5bc7-49cd-b60c-e9631522e919@group-A5A1344C0F7C-SegmentedRaftLog:OPENED:c-1, conf=-1: peers:[e744cdee-db3a-4307-a129-877114b2ee40|rpc:10.1.0.10:15014|admin:10.1.0.10:15013|client:10.1.0.10:15012|dataStream:10.1.0.10:15015|priority:0|startupRole:FOLLOWER, 617fee10-5999-41fc-ba89-05e5beaae1db|rpc:10.1.0.10:15023|admin:10.1.0.10:15022|client:10.1.0.10:15021|dataStream:10.1.0.10:15024|priority:1|startupRole:FOLLOWER, c950ed05-5bc7-49cd-b60c-e9631522e919|rpc:10.1.0.10:15032|admin:10.1.0.10:15031|client:10.1.0.10:15030|dataStream:10.1.0.10:15033|priority:0|startupRole:FOLLOWER]|listeners:[], old=null
2023-11-20 14:17:09,129 [617fee10-5999-41fc-ba89-05e5beaae1db@group-A5A1344C0F7C-LeaderElection6] INFO  impl.LeaderElection (LeaderElection.java:logAndReturn(90)) - 617fee10-5999-41fc-ba89-05e5beaae1db@group-A5A1344C0F7C-LeaderElection6: PRE_VOTE PASSED received 1 response(s) and 0 exception(s):
2023-11-20 14:17:09,129 [617fee10-5999-41fc-ba89-05e5beaae1db@group-A5A1344C0F7C-LeaderElection6] INFO  impl.LeaderElection (LeaderElection.java:logAndReturn(94)) -   Response 0: 617fee10-5999-41fc-ba89-05e5beaae1db<-c950ed05-5bc7-49cd-b60c-e9631522e919#0:OK-t0
2023-11-20 14:17:09,129 [617fee10-5999-41fc-ba89-05e5beaae1db@group-A5A1344C0F7C-LeaderElection6] INFO  impl.LeaderElection (LeaderElection.java:askForVotes(323)) - 617fee10-5999-41fc-ba89-05e5beaae1db@group-A5A1344C0F7C-LeaderElection6 PRE_VOTE round 0: result PASSED
2023-11-20 14:17:09,131 [617fee10-5999-41fc-ba89-05e5beaae1db@group-A5A1344C0F7C-LeaderElection6] INFO  impl.LeaderElection (LeaderElection.java:askForVotes(321)) - 617fee10-5999-41fc-ba89-05e5beaae1db@group-A5A1344C0F7C-LeaderElection6 ELECTION round 0: submit vote requests at term 1 for -1: peers:[e744cdee-db3a-4307-a129-877114b2ee40|rpc:10.1.0.10:15014|admin:10.1.0.10:15013|client:10.1.0.10:15012|dataStream:10.1.0.10:15015|priority:0|startupRole:FOLLOWER, 617fee10-5999-41fc-ba89-05e5beaae1db|rpc:10.1.0.10:15023|admin:10.1.0.10:15022|client:10.1.0.10:15021|dataStream:10.1.0.10:15024|priority:1|startupRole:FOLLOWER, c950ed05-5bc7-49cd-b60c-e9631522e919|rpc:10.1.0.10:15032|admin:10.1.0.10:15031|client:10.1.0.10:15030|dataStream:10.1.0.10:15033|priority:0|startupRole:FOLLOWER]|listeners:[], old=null
2023-11-20 14:17:09,131 [grpc-default-executor-2] INFO  server.RaftServer$Division (RaftServerImpl.java:requestVote(1302)) - e744cdee-db3a-4307-a129-877114b2ee40@group-A5A1344C0F7C: receive requestVote(PRE_VOTE, 617fee10-5999-41fc-ba89-05e5beaae1db, group-A5A1344C0F7C, 0, (t:0, i:0))
2023-11-20 14:17:09,132 [grpc-default-executor-2] INFO  impl.VoteContext (VoteContext.java:log(49)) - e744cdee-db3a-4307-a129-877114b2ee40@group-A5A1344C0F7C-FOLLOWER: accept PRE_VOTE from 617fee10-5999-41fc-ba89-05e5beaae1db: our priority 0 <= candidate's priority 1
2023-11-20 14:17:09,132 [617fee10-5999-41fc-ba89-05e5beaae1db@group-A5A1344C0F7C-LeaderElection6] INFO  server.RaftServerConfigKeys (ConfUtils.java:logFallback(53)) - raft.server.rpc.first-election.timeout.min = 5s (fallback to raft.server.rpc.timeout.min)
2023-11-20 14:17:09,132 [grpc-default-executor-2] INFO  server.RaftServer$Division (RaftServerImpl.java:requestVote(1335)) - e744cdee-db3a-4307-a129-877114b2ee40@group-A5A1344C0F7C replies to PRE_VOTE vote request: 617fee10-5999-41fc-ba89-05e5beaae1db<-e744cdee-db3a-4307-a129-877114b2ee40#0:OK-t0. Peer's state: e744cdee-db3a-4307-a129-877114b2ee40@group-A5A1344C0F7C:t0, leader=null, voted=, raftlog=Memoized:e744cdee-db3a-4307-a129-877114b2ee40@group-A5A1344C0F7C-SegmentedRaftLog:OPENED:c-1, conf=-1: peers:[e744cdee-db3a-4307-a129-877114b2ee40|rpc:10.1.0.10:15014|admin:10.1.0.10:15013|client:10.1.0.10:15012|dataStream:10.1.0.10:15015|priority:0|startupRole:FOLLOWER, 617fee10-5999-41fc-ba89-05e5beaae1db|rpc:10.1.0.10:15023|admin:10.1.0.10:15022|client:10.1.0.10:15021|dataStream:10.1.0.10:15024|priority:1|startupRole:FOLLOWER, c950ed05-5bc7-49cd-b60c-e9631522e919|rpc:10.1.0.10:15032|admin:10.1.0.10:15031|client:10.1.0.10:15030|dataStream:10.1.0.10:15033|priority:0|startupRole:FOLLOWER]|listeners:[], old=null
2023-11-20 14:17:09,132 [617fee10-5999-41fc-ba89-05e5beaae1db@group-A5A1344C0F7C-LeaderElection6] INFO  server.RaftServerConfigKeys (ConfUtils.java:logFallback(53)) - raft.server.rpc.first-election.timeout.max = 5200ms (fallback to raft.server.rpc.timeout.max)
2023-11-20 14:17:09,135 [grpc-default-executor-2] INFO  server.RaftServer$Division (RaftServerImpl.java:requestVote(1302)) - e744cdee-db3a-4307-a129-877114b2ee40@group-A5A1344C0F7C: receive requestVote(ELECTION, 617fee10-5999-41fc-ba89-05e5beaae1db, group-A5A1344C0F7C, 1, (t:0, i:0))
2023-11-20 14:17:09,135 [grpc-default-executor-2] INFO  impl.VoteContext (VoteContext.java:log(49)) - e744cdee-db3a-4307-a129-877114b2ee40@group-A5A1344C0F7C-FOLLOWER: accept ELECTION from 617fee10-5999-41fc-ba89-05e5beaae1db: our priority 0 <= candidate's priority 1
2023-11-20 14:17:09,135 [grpc-default-executor-2] INFO  server.RaftServer$Division (RaftServerImpl.java:setRole(329)) - e744cdee-db3a-4307-a129-877114b2ee40@group-A5A1344C0F7C: changes role from  FOLLOWER to FOLLOWER at term 1 for candidate:617fee10-5999-41fc-ba89-05e5beaae1db
2023-11-20 14:17:09,135 [grpc-default-executor-2] INFO  impl.RoleInfo (RoleInfo.java:shutdownFollowerState(110)) - e744cdee-db3a-4307-a129-877114b2ee40: shutdown e744cdee-db3a-4307-a129-877114b2ee40@group-A5A1344C0F7C-FollowerState
2023-11-20 14:17:09,135 [grpc-default-executor-1] INFO  server.RaftServer$Division (RaftServerImpl.java:requestVote(1302)) - c950ed05-5bc7-49cd-b60c-e9631522e919@group-A5A1344C0F7C: receive requestVote(ELECTION, 617fee10-5999-41fc-ba89-05e5beaae1db, group-A5A1344C0F7C, 1, (t:0, i:0))
2023-11-20 14:17:09,135 [e744cdee-db3a-4307-a129-877114b2ee40@group-A5A1344C0F7C-FollowerState] INFO  impl.FollowerState (FollowerState.java:run(152)) - e744cdee-db3a-4307-a129-877114b2ee40@group-A5A1344C0F7C-FollowerState was interrupted
2023-11-20 14:17:09,136 [grpc-default-executor-1] INFO  impl.VoteContext (VoteContext.java:log(49)) - c950ed05-5bc7-49cd-b60c-e9631522e919@group-A5A1344C0F7C-FOLLOWER: accept ELECTION from 617fee10-5999-41fc-ba89-05e5beaae1db: our priority 0 <= candidate's priority 1
2023-11-20 14:17:09,135 [grpc-default-executor-2] INFO  impl.RoleInfo (RoleInfo.java:updateAndGet(139)) - e744cdee-db3a-4307-a129-877114b2ee40: start e744cdee-db3a-4307-a129-877114b2ee40@group-A5A1344C0F7C-FollowerState
2023-11-20 14:17:09,136 [grpc-default-executor-1] INFO  server.RaftServer$Division (RaftServerImpl.java:setRole(329)) - c950ed05-5bc7-49cd-b60c-e9631522e919@group-A5A1344C0F7C: changes role from  FOLLOWER to FOLLOWER at term 1 for candidate:617fee10-5999-41fc-ba89-05e5beaae1db
2023-11-20 14:17:09,136 [grpc-default-executor-1] INFO  impl.RoleInfo (RoleInfo.java:shutdownFollowerState(110)) - c950ed05-5bc7-49cd-b60c-e9631522e919: shutdown c950ed05-5bc7-49cd-b60c-e9631522e919@group-A5A1344C0F7C-FollowerState
2023-11-20 14:17:09,137 [c950ed05-5bc7-49cd-b60c-e9631522e919@group-A5A1344C0F7C-FollowerState] INFO  impl.FollowerState (FollowerState.java:run(152)) - c950ed05-5bc7-49cd-b60c-e9631522e919@group-A5A1344C0F7C-FollowerState was interrupted
2023-11-20 14:17:09,137 [grpc-default-executor-1] INFO  impl.RoleInfo (RoleInfo.java:updateAndGet(139)) - c950ed05-5bc7-49cd-b60c-e9631522e919: start c950ed05-5bc7-49cd-b60c-e9631522e919@group-A5A1344C0F7C-FollowerState
2023-11-20 14:17:09,138 [grpc-default-executor-2] INFO  server.RaftServer$Division (RaftServerImpl.java:requestVote(1335)) - e744cdee-db3a-4307-a129-877114b2ee40@group-A5A1344C0F7C replies to ELECTION vote request: 617fee10-5999-41fc-ba89-05e5beaae1db<-e744cdee-db3a-4307-a129-877114b2ee40#0:OK-t1. Peer's state: e744cdee-db3a-4307-a129-877114b2ee40@group-A5A1344C0F7C:t1, leader=null, voted=617fee10-5999-41fc-ba89-05e5beaae1db, raftlog=Memoized:e744cdee-db3a-4307-a129-877114b2ee40@group-A5A1344C0F7C-SegmentedRaftLog:OPENED:c-1, conf=-1: peers:[e744cdee-db3a-4307-a129-877114b2ee40|rpc:10.1.0.10:15014|admin:10.1.0.10:15013|client:10.1.0.10:15012|dataStream:10.1.0.10:15015|priority:0|startupRole:FOLLOWER, 617fee10-5999-41fc-ba89-05e5beaae1db|rpc:10.1.0.10:15023|admin:10.1.0.10:15022|client:10.1.0.10:15021|dataStream:10.1.0.10:15024|priority:1|startupRole:FOLLOWER, c950ed05-5bc7-49cd-b60c-e9631522e919|rpc:10.1.0.10:15032|admin:10.1.0.10:15031|client:10.1.0.10:15030|dataStream:10.1.0.10:15033|priority:0|startupRole:FOLLOWER]|listeners:[], old=null
2023-11-20 14:17:09,138 [grpc-default-executor-1] INFO  server.RaftServer$Division (RaftServerImpl.java:requestVote(1335)) - c950ed05-5bc7-49cd-b60c-e9631522e919@group-A5A1344C0F7C replies to ELECTION vote request: 617fee10-5999-41fc-ba89-05e5beaae1db<-c950ed05-5bc7-49cd-b60c-e9631522e919#0:OK-t1. Peer's state: c950ed05-5bc7-49cd-b60c-e9631522e919@group-A5A1344C0F7C:t1, leader=null, voted=617fee10-5999-41fc-ba89-05e5beaae1db, raftlog=Memoized:c950ed05-5bc7-49cd-b60c-e9631522e919@group-A5A1344C0F7C-SegmentedRaftLog:OPENED:c-1, conf=-1: peers:[e744cdee-db3a-4307-a129-877114b2ee40|rpc:10.1.0.10:15014|admin:10.1.0.10:15013|client:10.1.0.10:15012|dataStream:10.1.0.10:15015|priority:0|startupRole:FOLLOWER, 617fee10-5999-41fc-ba89-05e5beaae1db|rpc:10.1.0.10:15023|admin:10.1.0.10:15022|client:10.1.0.10:15021|dataStream:10.1.0.10:15024|priority:1|startupRole:FOLLOWER, c950ed05-5bc7-49cd-b60c-e9631522e919|rpc:10.1.0.10:15032|admin:10.1.0.10:15031|client:10.1.0.10:15030|dataStream:10.1.0.10:15033|priority:0|startupRole:FOLLOWER]|listeners:[], old=null
2023-11-20 14:17:09,141 [617fee10-5999-41fc-ba89-05e5beaae1db@group-A5A1344C0F7C-LeaderElection6] INFO  impl.LeaderElection (LeaderElection.java:logAndReturn(90)) - 617fee10-5999-41fc-ba89-05e5beaae1db@group-A5A1344C0F7C-LeaderElection6: ELECTION PASSED received 1 response(s) and 0 exception(s):
2023-11-20 14:17:09,141 [617fee10-5999-41fc-ba89-05e5beaae1db@group-A5A1344C0F7C-LeaderElection6] INFO  impl.LeaderElection (LeaderElection.java:logAndReturn(94)) -   Response 0: 617fee10-5999-41fc-ba89-05e5beaae1db<-e744cdee-db3a-4307-a129-877114b2ee40#0:OK-t1
2023-11-20 14:17:09,141 [617fee10-5999-41fc-ba89-05e5beaae1db@group-A5A1344C0F7C-LeaderElection6] INFO  impl.LeaderElection (LeaderElection.java:askForVotes(323)) - 617fee10-5999-41fc-ba89-05e5beaae1db@group-A5A1344C0F7C-LeaderElection6 ELECTION round 0: result PASSED
2023-11-20 14:17:09,141 [617fee10-5999-41fc-ba89-05e5beaae1db@group-A5A1344C0F7C-LeaderElection6] INFO  impl.RoleInfo (RoleInfo.java:shutdownLeaderElection(130)) - 617fee10-5999-41fc-ba89-05e5beaae1db: shutdown 617fee10-5999-41fc-ba89-05e5beaae1db@group-A5A1344C0F7C-LeaderElection6
2023-11-20 14:17:09,141 [617fee10-5999-41fc-ba89-05e5beaae1db@group-A5A1344C0F7C-LeaderElection6] INFO  server.RaftServer$Division (RaftServerImpl.java:setRole(329)) - 617fee10-5999-41fc-ba89-05e5beaae1db@group-A5A1344C0F7C: changes role from CANDIDATE to LEADER at term 1 for changeToLeader
2023-11-20 14:17:09,141 [617fee10-5999-41fc-ba89-05e5beaae1db@group-A5A1344C0F7C-LeaderElection6] INFO  ratis.XceiverServerRatis (XceiverServerRatis.java:handleLeaderChangedNotification(905)) - Leader change notification received for group: group-A5A1344C0F7C with new leaderId: 617fee10-5999-41fc-ba89-05e5beaae1db
2023-11-20 14:17:09,141 [617fee10-5999-41fc-ba89-05e5beaae1db@group-A5A1344C0F7C-LeaderElection6] INFO  server.RaftServer$Division (ServerState.java:setLeader(317)) - 617fee10-5999-41fc-ba89-05e5beaae1db@group-A5A1344C0F7C: change Leader from null to 617fee10-5999-41fc-ba89-05e5beaae1db at term 1 for becomeLeader, leader elected after 5220ms
2023-11-20 14:17:09,141 [617fee10-5999-41fc-ba89-05e5beaae1db@group-A5A1344C0F7C-LeaderElection6] INFO  server.RaftServerConfigKeys (ConfUtils.java:logGet(46)) - raft.server.staging.catchup.gap = 1000 (default)
2023-11-20 14:17:09,142 [617fee10-5999-41fc-ba89-05e5beaae1db@group-A5A1344C0F7C-LeaderElection6] INFO  server.RaftServerConfigKeys (ConfUtils.java:logGet(46)) - raft.server.write.element-limit = 1024 (custom)
2023-11-20 14:17:09,142 [617fee10-5999-41fc-ba89-05e5beaae1db@group-A5A1344C0F7C-LeaderElection6] INFO  server.RaftServerConfigKeys (ConfUtils.java:logGet(46)) - raft.server.write.byte-limit = 1024 M (=1073741824) (custom)
2023-11-20 14:17:09,142 [617fee10-5999-41fc-ba89-05e5beaae1db@group-A5A1344C0F7C-LeaderElection6] INFO  server.RaftServerConfigKeys (ConfUtils.java:logGet(46)) - raft.server.watch.timeout = 180s (custom)
2023-11-20 14:17:09,142 [EventQueue-OpenPipelineForHealthyPipelineSafeModeRule] INFO  safemode.SCMSafeModeManager (HealthyPipelineSafeModeRule.java:process(137)) - SCM in safe mode. Healthy pipelines reported count is 0, required healthy pipeline reported count is 1
2023-11-20 14:17:09,142 [617fee10-5999-41fc-ba89-05e5beaae1db@group-A5A1344C0F7C-LeaderElection6] INFO  server.RaftServerConfigKeys (ConfUtils.java:logGet(46)) - raft.server.watch.timeout.denomination = 1s (default)
2023-11-20 14:17:09,143 [617fee10-5999-41fc-ba89-05e5beaae1db@group-A5A1344C0F7C-LeaderElection6] INFO  server.RaftServerConfigKeys (ConfUtils.java:logGet(46)) - raft.server.watch.element-limit = 65536 (default)
2023-11-20 14:17:09,143 [617fee10-5999-41fc-ba89-05e5beaae1db@group-A5A1344C0F7C-LeaderElection6] INFO  server.RaftServerConfigKeys (ConfUtils.java:logGet(46)) - raft.server.write.element-limit = 1024 (custom)
2023-11-20 14:17:09,143 [617fee10-5999-41fc-ba89-05e5beaae1db@group-A5A1344C0F7C-LeaderElection6] INFO  server.RaftServerConfigKeys (ConfUtils.java:logGet(46)) - raft.server.write.follower.gap.ratio.max = -1.0 (default)
2023-11-20 14:17:09,144 [EventQueue-PipelineReportForPipelineReportHandler] INFO  pipeline.PipelineReportHandler (PipelineReportHandler.java:processPipelineReport(136)) - Opened pipeline PipelineID=911e060c-e869-432f-a70b-a5a1344c0f7c
2023-11-20 14:17:09,144 [EventQueue-OpenPipelineForHealthyPipelineSafeModeRule] INFO  safemode.SCMSafeModeManager (HealthyPipelineSafeModeRule.java:process(137)) - SCM in safe mode. Healthy pipelines reported count is 1, required healthy pipeline reported count is 1
2023-11-20 14:17:09,144 [EventQueue-OpenPipelineForHealthyPipelineSafeModeRule] INFO  safemode.SCMSafeModeManager (SCMSafeModeManager.java:validateSafeModeExitRules(200)) - HealthyPipelineSafeModeRule rule is successfully validated
2023-11-20 14:17:09,144 [EventQueue-OpenPipelineForHealthyPipelineSafeModeRule] INFO  safemode.SCMSafeModeManager (SCMSafeModeManager.java:validateSafeModeExitRules(215)) - ScmSafeModeManager, all rules are successfully validated
2023-11-20 14:17:09,144 [EventQueue-OpenPipelineForHealthyPipelineSafeModeRule] INFO  safemode.SCMSafeModeManager (SCMSafeModeManager.java:exitSafeMode(244)) - SCM exiting safe mode.
2023-11-20 14:17:09,144 [EventQueue-OpenPipelineForHealthyPipelineSafeModeRule] INFO  ha.SCMContext (SCMContext.java:updateSafeModeStatus(230)) - Update SafeModeStatus from SafeModeStatus{safeModeStatus=true, preCheckPassed=true} to SafeModeStatus{safeModeStatus=false, preCheckPassed=true}.
2023-11-20 14:17:09,144 [EventQueue-OpenPipelineForHealthyPipelineSafeModeRule] INFO  pipeline.BackgroundPipelineCreator (BackgroundPipelineCreator.java:notifyStatusChanged(258)) - Service BackgroundPipelineCreator transitions to RUNNING.
2023-11-20 14:17:09,144 [EventQueue-OpenPipelineForHealthyPipelineSafeModeRule] INFO  BackgroundPipelineScrubber (BackgroundSCMService.java:notifyStatusChanged(82)) - Service BackgroundPipelineScrubber transitions to RUNNING.
2023-11-20 14:17:09,144 [EventQueue-OpenPipelineForHealthyPipelineSafeModeRule] INFO  ExpiredContainerReplicaOpScrubber (BackgroundSCMService.java:notifyStatusChanged(82)) - Service ExpiredContainerReplicaOpScrubber transitions to RUNNING.
2023-11-20 14:17:09,144 [EventQueue-OpenPipelineForHealthyPipelineSafeModeRule] INFO  replication.ReplicationManager (ReplicationManager.java:notifyStatusChanged(1370)) - Service ReplicationManager transitions to RUNNING.
2023-11-20 14:17:09,147 [EventQueue-OpenPipelineForHealthyPipelineSafeModeRule] WARN  balancer.ContainerBalancer (ContainerBalancer.java:shouldRun(134)) - Could not find persisted configuration for ContainerBalancer when checking if ContainerBalancer should run. ContainerBalancer should not run now.
2023-11-20 14:17:09,151 [617fee10-5999-41fc-ba89-05e5beaae1db@group-A5A1344C0F7C-LeaderElection6] INFO  server.RaftServerConfigKeys (ConfUtils.java:logGet(46)) - raft.server.log.appender.snapshot.chunk.size.max = 16MB (=16777216) (default)
2023-11-20 14:17:09,151 [617fee10-5999-41fc-ba89-05e5beaae1db@group-A5A1344C0F7C-LeaderElection6] INFO  server.RaftServerConfigKeys (ConfUtils.java:logGet(46)) - raft.server.log.appender.buffer.byte-limit = 33554432 (custom)
2023-11-20 14:17:09,151 [617fee10-5999-41fc-ba89-05e5beaae1db@group-A5A1344C0F7C-LeaderElection6] INFO  server.RaftServerConfigKeys (ConfUtils.java:logGet(46)) - raft.server.log.appender.buffer.element-limit = 1 (custom)
2023-11-20 14:17:09,152 [617fee10-5999-41fc-ba89-05e5beaae1db@group-A5A1344C0F7C-LeaderElection6] INFO  server.RaftServerConfigKeys (ConfUtils.java:logGet(46)) - raft.server.log.appender.wait-time.min = 1ms (custom)
2023-11-20 14:17:09,153 [617fee10-5999-41fc-ba89-05e5beaae1db@group-A5A1344C0F7C-LeaderElection6] INFO  grpc.GrpcConfigKeys (ConfUtils.java:logGet(46)) - raft.grpc.server.leader.outstanding.appends.max = 128 (default)
2023-11-20 14:17:09,153 [617fee10-5999-41fc-ba89-05e5beaae1db@group-A5A1344C0F7C-LeaderElection6] INFO  server.RaftServerConfigKeys (ConfUtils.java:logGet(46)) - raft.server.rpc.request.timeout = 60s (custom)
2023-11-20 14:17:09,153 [617fee10-5999-41fc-ba89-05e5beaae1db@group-A5A1344C0F7C-LeaderElection6] INFO  grpc.GrpcConfigKeys (ConfUtils.java:logGet(46)) - raft.grpc.server.install_snapshot.request.element-limit = 8 (default)
2023-11-20 14:17:09,153 [617fee10-5999-41fc-ba89-05e5beaae1db@group-A5A1344C0F7C-LeaderElection6] INFO  grpc.GrpcConfigKeys (ConfUtils.java:logGet(46)) - raft.grpc.server.install_snapshot.request.timeout = 3000ms (default)
2023-11-20 14:17:09,153 [617fee10-5999-41fc-ba89-05e5beaae1db@group-A5A1344C0F7C-LeaderElection6] INFO  server.RaftServerConfigKeys (ConfUtils.java:logGet(46)) - raft.server.log.appender.install.snapshot.enabled = false (custom)
2023-11-20 14:17:09,153 [617fee10-5999-41fc-ba89-05e5beaae1db@group-A5A1344C0F7C-LeaderElection6] INFO  grpc.GrpcConfigKeys (ConfUtils.java:logGet(46)) - raft.grpc.server.heartbeat.channel = true (default)
2023-11-20 14:17:09,154 [617fee10-5999-41fc-ba89-05e5beaae1db@group-A5A1344C0F7C-LeaderElection6] INFO  server.RaftServerConfigKeys (ConfUtils.java:logGet(46)) - raft.server.log.appender.snapshot.chunk.size.max = 16MB (=16777216) (default)
2023-11-20 14:17:09,154 [617fee10-5999-41fc-ba89-05e5beaae1db@group-A5A1344C0F7C-LeaderElection6] INFO  server.RaftServerConfigKeys (ConfUtils.java:logGet(46)) - raft.server.log.appender.buffer.byte-limit = 33554432 (custom)
2023-11-20 14:17:09,154 [617fee10-5999-41fc-ba89-05e5beaae1db@group-A5A1344C0F7C-LeaderElection6] INFO  server.RaftServerConfigKeys (ConfUtils.java:logGet(46)) - raft.server.log.appender.buffer.element-limit = 1 (custom)
2023-11-20 14:17:09,155 [617fee10-5999-41fc-ba89-05e5beaae1db@group-A5A1344C0F7C-LeaderElection6] INFO  server.RaftServerConfigKeys (ConfUtils.java:logGet(46)) - raft.server.log.appender.wait-time.min = 1ms (custom)
2023-11-20 14:17:09,155 [617fee10-5999-41fc-ba89-05e5beaae1db@group-A5A1344C0F7C-LeaderElection6] INFO  grpc.GrpcConfigKeys (ConfUtils.java:logGet(46)) - raft.grpc.server.leader.outstanding.appends.max = 128 (default)
2023-11-20 14:17:09,155 [617fee10-5999-41fc-ba89-05e5beaae1db@group-A5A1344C0F7C-LeaderElection6] INFO  server.RaftServerConfigKeys (ConfUtils.java:logGet(46)) - raft.server.rpc.request.timeout = 60s (custom)
2023-11-20 14:17:09,155 [617fee10-5999-41fc-ba89-05e5beaae1db@group-A5A1344C0F7C-LeaderElection6] INFO  grpc.GrpcConfigKeys (ConfUtils.java:logGet(46)) - raft.grpc.server.install_snapshot.request.element-limit = 8 (default)
2023-11-20 14:17:09,155 [617fee10-5999-41fc-ba89-05e5beaae1db@group-A5A1344C0F7C-LeaderElection6] INFO  grpc.GrpcConfigKeys (ConfUtils.java:logGet(46)) - raft.grpc.server.install_snapshot.request.timeout = 3000ms (default)
2023-11-20 14:17:09,155 [617fee10-5999-41fc-ba89-05e5beaae1db@group-A5A1344C0F7C-LeaderElection6] INFO  server.RaftServerConfigKeys (ConfUtils.java:logGet(46)) - raft.server.log.appender.install.snapshot.enabled = false (custom)
2023-11-20 14:17:09,155 [617fee10-5999-41fc-ba89-05e5beaae1db@group-A5A1344C0F7C-LeaderElection6] INFO  grpc.GrpcConfigKeys (ConfUtils.java:logGet(46)) - raft.grpc.server.heartbeat.channel = true (default)
2023-11-20 14:17:09,156 [617fee10-5999-41fc-ba89-05e5beaae1db@group-A5A1344C0F7C-LeaderElection6] INFO  impl.RoleInfo (RoleInfo.java:updateAndGet(139)) - 617fee10-5999-41fc-ba89-05e5beaae1db: start 617fee10-5999-41fc-ba89-05e5beaae1db@group-A5A1344C0F7C-LeaderStateImpl
2023-11-20 14:17:09,156 [617fee10-5999-41fc-ba89-05e5beaae1db@group-A5A1344C0F7C-LeaderElection6] INFO  segmented.SegmentedRaftLogWorker (SegmentedRaftLogWorker.java:startLogSegment(447)) - 617fee10-5999-41fc-ba89-05e5beaae1db@group-A5A1344C0F7C-SegmentedRaftLogWorker: Starting segment from index:0
2023-11-20 14:17:09,157 [617fee10-5999-41fc-ba89-05e5beaae1db@group-A5A1344C0F7C-SegmentedRaftLogWorker] INFO  segmented.SegmentedRaftLogWorker (SegmentedRaftLogWorker.java:execute(651)) - 617fee10-5999-41fc-ba89-05e5beaae1db@group-A5A1344C0F7C-SegmentedRaftLogWorker: created new log segment /home/runner/work/ozone/ozone/hadoop-ozone/integration-test/target/test-dir/MiniOzoneClusterImpl-7293264f-739e-43f0-b608-0ff531f18758/datanode-1/data/ratis/911e060c-e869-432f-a70b-a5a1344c0f7c/current/log_inprogress_0
2023-11-20 14:17:09,157 [617fee10-5999-41fc-ba89-05e5beaae1db@group-A5A1344C0F7C-LeaderElection6] INFO  server.RaftServer$Division (ServerState.java:setRaftConf(434)) - 617fee10-5999-41fc-ba89-05e5beaae1db@group-A5A1344C0F7C: set configuration 0: peers:[e744cdee-db3a-4307-a129-877114b2ee40|rpc:10.1.0.10:15014|admin:10.1.0.10:15013|client:10.1.0.10:15012|dataStream:10.1.0.10:15015|priority:0|startupRole:FOLLOWER, 617fee10-5999-41fc-ba89-05e5beaae1db|rpc:10.1.0.10:15023|admin:10.1.0.10:15022|client:10.1.0.10:15021|dataStream:10.1.0.10:15024|priority:1|startupRole:FOLLOWER, c950ed05-5bc7-49cd-b60c-e9631522e919|rpc:10.1.0.10:15032|admin:10.1.0.10:15031|client:10.1.0.10:15030|dataStream:10.1.0.10:15033|priority:0|startupRole:FOLLOWER]|listeners:[], old=null
2023-11-20 14:17:09,180 [c950ed05-5bc7-49cd-b60c-e9631522e919-server-thread1] INFO  ratis.XceiverServerRatis (XceiverServerRatis.java:handleLeaderChangedNotification(905)) - Leader change notification received for group: group-A5A1344C0F7C with new leaderId: 617fee10-5999-41fc-ba89-05e5beaae1db
2023-11-20 14:17:09,180 [c950ed05-5bc7-49cd-b60c-e9631522e919-server-thread1] INFO  server.RaftServer$Division (ServerState.java:setLeader(317)) - c950ed05-5bc7-49cd-b60c-e9631522e919@group-A5A1344C0F7C: change Leader from null to 617fee10-5999-41fc-ba89-05e5beaae1db at term 1 for appendEntries, leader elected after 5090ms
2023-11-20 14:17:09,181 [e744cdee-db3a-4307-a129-877114b2ee40-server-thread1] INFO  ratis.XceiverServerRatis (XceiverServerRatis.java:handleLeaderChangedNotification(905)) - Leader change notification received for group: group-A5A1344C0F7C with new leaderId: 617fee10-5999-41fc-ba89-05e5beaae1db
2023-11-20 14:17:09,181 [e744cdee-db3a-4307-a129-877114b2ee40-server-thread1] INFO  server.RaftServer$Division (ServerState.java:setLeader(317)) - e744cdee-db3a-4307-a129-877114b2ee40@group-A5A1344C0F7C: change Leader from null to 617fee10-5999-41fc-ba89-05e5beaae1db at term 1 for appendEntries, leader elected after 5353ms
2023-11-20 14:17:09,190 [e744cdee-db3a-4307-a129-877114b2ee40-server-thread2] INFO  server.RaftServer$Division (ServerState.java:setRaftConf(434)) - e744cdee-db3a-4307-a129-877114b2ee40@group-A5A1344C0F7C: set configuration 0: peers:[e744cdee-db3a-4307-a129-877114b2ee40|rpc:10.1.0.10:15014|admin:10.1.0.10:15013|client:10.1.0.10:15012|dataStream:10.1.0.10:15015|priority:0|startupRole:FOLLOWER, 617fee10-5999-41fc-ba89-05e5beaae1db|rpc:10.1.0.10:15023|admin:10.1.0.10:15022|client:10.1.0.10:15021|dataStream:10.1.0.10:15024|priority:1|startupRole:FOLLOWER, c950ed05-5bc7-49cd-b60c-e9631522e919|rpc:10.1.0.10:15032|admin:10.1.0.10:15031|client:10.1.0.10:15030|dataStream:10.1.0.10:15033|priority:0|startupRole:FOLLOWER]|listeners:[], old=null
2023-11-20 14:17:09,191 [c950ed05-5bc7-49cd-b60c-e9631522e919-server-thread2] INFO  server.RaftServer$Division (ServerState.java:setRaftConf(434)) - c950ed05-5bc7-49cd-b60c-e9631522e919@group-A5A1344C0F7C: set configuration 0: peers:[e744cdee-db3a-4307-a129-877114b2ee40|rpc:10.1.0.10:15014|admin:10.1.0.10:15013|client:10.1.0.10:15012|dataStream:10.1.0.10:15015|priority:0|startupRole:FOLLOWER, 617fee10-5999-41fc-ba89-05e5beaae1db|rpc:10.1.0.10:15023|admin:10.1.0.10:15022|client:10.1.0.10:15021|dataStream:10.1.0.10:15024|priority:1|startupRole:FOLLOWER, c950ed05-5bc7-49cd-b60c-e9631522e919|rpc:10.1.0.10:15032|admin:10.1.0.10:15031|client:10.1.0.10:15030|dataStream:10.1.0.10:15033|priority:0|startupRole:FOLLOWER]|listeners:[], old=null
2023-11-20 14:17:09,191 [e744cdee-db3a-4307-a129-877114b2ee40-server-thread2] INFO  segmented.SegmentedRaftLogWorker (SegmentedRaftLogWorker.java:startLogSegment(447)) - e744cdee-db3a-4307-a129-877114b2ee40@group-A5A1344C0F7C-SegmentedRaftLogWorker: Starting segment from index:0
2023-11-20 14:17:09,191 [c950ed05-5bc7-49cd-b60c-e9631522e919-server-thread2] INFO  segmented.SegmentedRaftLogWorker (SegmentedRaftLogWorker.java:startLogSegment(447)) - c950ed05-5bc7-49cd-b60c-e9631522e919@group-A5A1344C0F7C-SegmentedRaftLogWorker: Starting segment from index:0
2023-11-20 14:17:09,192 [e744cdee-db3a-4307-a129-877114b2ee40@group-A5A1344C0F7C-SegmentedRaftLogWorker] INFO  segmented.SegmentedRaftLogWorker (SegmentedRaftLogWorker.java:execute(651)) - e744cdee-db3a-4307-a129-877114b2ee40@group-A5A1344C0F7C-SegmentedRaftLogWorker: created new log segment /home/runner/work/ozone/ozone/hadoop-ozone/integration-test/target/test-dir/MiniOzoneClusterImpl-7293264f-739e-43f0-b608-0ff531f18758/datanode-0/data/ratis/911e060c-e869-432f-a70b-a5a1344c0f7c/current/log_inprogress_0
2023-11-20 14:17:09,192 [c950ed05-5bc7-49cd-b60c-e9631522e919@group-A5A1344C0F7C-SegmentedRaftLogWorker] INFO  segmented.SegmentedRaftLogWorker (SegmentedRaftLogWorker.java:execute(651)) - c950ed05-5bc7-49cd-b60c-e9631522e919@group-A5A1344C0F7C-SegmentedRaftLogWorker: created new log segment /home/runner/work/ozone/ozone/hadoop-ozone/integration-test/target/test-dir/MiniOzoneClusterImpl-7293264f-739e-43f0-b608-0ff531f18758/datanode-2/data/ratis/911e060c-e869-432f-a70b-a5a1344c0f7c/current/log_inprogress_0
2023-11-20 14:17:09,201 [main] INFO  ozone.MiniOzoneClusterImpl (MiniOzoneClusterImpl.java:lambda$waitForClusterToBeReady$0(229)) - Nodes are ready. Got 5 of 5 DN Heartbeats.
2023-11-20 14:17:09,201 [main] INFO  ozone.MiniOzoneClusterImpl (MiniOzoneClusterImpl.java:lambda$waitForClusterToBeReady$0(232)) - Cluster exits safe mode
2023-11-20 14:17:09,201 [main] INFO  ozone.MiniOzoneClusterImpl (MiniOzoneClusterImpl.java:lambda$waitForClusterToBeReady$0(234)) - SCM became leader
2023-11-20 14:17:09,243 [e3a4102d-65f7-48f2-aab6-9dba3586f78e@group-D1051C5D3047-FollowerState] INFO  impl.FollowerState (FollowerState.java:run(143)) - e3a4102d-65f7-48f2-aab6-9dba3586f78e@group-D1051C5D3047-FollowerState: change to CANDIDATE, lastRpcElapsedTime:5110143009ns, electionTimeout:5106ms
2023-11-20 14:17:09,243 [e3a4102d-65f7-48f2-aab6-9dba3586f78e@group-D1051C5D3047-FollowerState] INFO  impl.RoleInfo (RoleInfo.java:shutdownFollowerState(110)) - e3a4102d-65f7-48f2-aab6-9dba3586f78e: shutdown e3a4102d-65f7-48f2-aab6-9dba3586f78e@group-D1051C5D3047-FollowerState
2023-11-20 14:17:09,244 [e3a4102d-65f7-48f2-aab6-9dba3586f78e@group-D1051C5D3047-FollowerState] INFO  server.RaftServer$Division (RaftServerImpl.java:setRole(329)) - e3a4102d-65f7-48f2-aab6-9dba3586f78e@group-D1051C5D3047: changes role from  FOLLOWER to CANDIDATE at term 0 for changeToCandidate
2023-11-20 14:17:09,244 [e3a4102d-65f7-48f2-aab6-9dba3586f78e@group-D1051C5D3047-FollowerState] INFO  server.RaftServerConfigKeys (ConfUtils.java:logGet(46)) - raft.server.leaderelection.pre-vote = true (default)
2023-11-20 14:17:09,244 [e3a4102d-65f7-48f2-aab6-9dba3586f78e@group-D1051C5D3047-FollowerState] INFO  impl.RoleInfo (RoleInfo.java:updateAndGet(139)) - e3a4102d-65f7-48f2-aab6-9dba3586f78e: start e3a4102d-65f7-48f2-aab6-9dba3586f78e@group-D1051C5D3047-LeaderElection7
2023-11-20 14:17:09,245 [e3a4102d-65f7-48f2-aab6-9dba3586f78e@group-D1051C5D3047-LeaderElection7] INFO  impl.LeaderElection (LeaderElection.java:askForVotes(321)) - e3a4102d-65f7-48f2-aab6-9dba3586f78e@group-D1051C5D3047-LeaderElection7 PRE_VOTE round 0: submit vote requests at term 0 for -1: peers:[e3a4102d-65f7-48f2-aab6-9dba3586f78e|rpc:10.1.0.10:15041|admin:10.1.0.10:15040|client:10.1.0.10:15039|dataStream:10.1.0.10:15042|priority:1|startupRole:FOLLOWER]|listeners:[], old=null
2023-11-20 14:17:09,245 [e3a4102d-65f7-48f2-aab6-9dba3586f78e@group-D1051C5D3047-LeaderElection7] INFO  impl.LeaderElection (LeaderElection.java:askForVotes(323)) - e3a4102d-65f7-48f2-aab6-9dba3586f78e@group-D1051C5D3047-LeaderElection7 PRE_VOTE round 0: result PASSED (term=0)
2023-11-20 14:17:09,246 [e3a4102d-65f7-48f2-aab6-9dba3586f78e@group-D1051C5D3047-LeaderElection7] INFO  impl.LeaderElection (LeaderElection.java:askForVotes(321)) - e3a4102d-65f7-48f2-aab6-9dba3586f78e@group-D1051C5D3047-LeaderElection7 ELECTION round 0: submit vote requests at term 1 for -1: peers:[e3a4102d-65f7-48f2-aab6-9dba3586f78e|rpc:10.1.0.10:15041|admin:10.1.0.10:15040|client:10.1.0.10:15039|dataStream:10.1.0.10:15042|priority:1|startupRole:FOLLOWER]|listeners:[], old=null
2023-11-20 14:17:09,246 [e3a4102d-65f7-48f2-aab6-9dba3586f78e@group-D1051C5D3047-LeaderElection7] INFO  impl.LeaderElection (LeaderElection.java:askForVotes(323)) - e3a4102d-65f7-48f2-aab6-9dba3586f78e@group-D1051C5D3047-LeaderElection7 ELECTION round 0: result PASSED (term=1)
2023-11-20 14:17:09,246 [e3a4102d-65f7-48f2-aab6-9dba3586f78e@group-D1051C5D3047-LeaderElection7] INFO  impl.RoleInfo (RoleInfo.java:shutdownLeaderElection(130)) - e3a4102d-65f7-48f2-aab6-9dba3586f78e: shutdown e3a4102d-65f7-48f2-aab6-9dba3586f78e@group-D1051C5D3047-LeaderElection7
2023-11-20 14:17:09,246 [e3a4102d-65f7-48f2-aab6-9dba3586f78e@group-D1051C5D3047-LeaderElection7] INFO  server.RaftServer$Division (RaftServerImpl.java:setRole(329)) - e3a4102d-65f7-48f2-aab6-9dba3586f78e@group-D1051C5D3047: changes role from CANDIDATE to LEADER at term 1 for changeToLeader
2023-11-20 14:17:09,246 [e3a4102d-65f7-48f2-aab6-9dba3586f78e@group-D1051C5D3047-LeaderElection7] INFO  ratis.XceiverServerRatis (XceiverServerRatis.java:handleLeaderChangedNotification(905)) - Leader change notification received for group: group-D1051C5D3047 with new leaderId: e3a4102d-65f7-48f2-aab6-9dba3586f78e
2023-11-20 14:17:09,247 [e3a4102d-65f7-48f2-aab6-9dba3586f78e@group-D1051C5D3047-LeaderElection7] INFO  server.RaftServer$Division (ServerState.java:setLeader(317)) - e3a4102d-65f7-48f2-aab6-9dba3586f78e@group-D1051C5D3047: change Leader from null to e3a4102d-65f7-48f2-aab6-9dba3586f78e at term 1 for becomeLeader, leader elected after 5136ms
2023-11-20 14:17:09,247 [e3a4102d-65f7-48f2-aab6-9dba3586f78e@group-D1051C5D3047-LeaderElection7] INFO  server.RaftServerConfigKeys (ConfUtils.java:logGet(46)) - raft.server.staging.catchup.gap = 1000 (default)
2023-11-20 14:17:09,247 [e3a4102d-65f7-48f2-aab6-9dba3586f78e@group-D1051C5D3047-LeaderElection7] INFO  server.RaftServerConfigKeys (ConfUtils.java:logGet(46)) - raft.server.write.element-limit = 1024 (custom)
2023-11-20 14:17:09,247 [e3a4102d-65f7-48f2-aab6-9dba3586f78e@group-D1051C5D3047-LeaderElection7] INFO  server.RaftServerConfigKeys (ConfUtils.java:logGet(46)) - raft.server.write.byte-limit = 1024 M (=1073741824) (custom)
2023-11-20 14:17:09,247 [e3a4102d-65f7-48f2-aab6-9dba3586f78e@group-D1051C5D3047-LeaderElection7] INFO  server.RaftServerConfigKeys (ConfUtils.java:logGet(46)) - raft.server.watch.timeout = 180s (custom)
2023-11-20 14:17:09,247 [e3a4102d-65f7-48f2-aab6-9dba3586f78e@group-D1051C5D3047-LeaderElection7] INFO  server.RaftServerConfigKeys (ConfUtils.java:logGet(46)) - raft.server.watch.timeout.denomination = 1s (default)
2023-11-20 14:17:09,248 [e3a4102d-65f7-48f2-aab6-9dba3586f78e@group-D1051C5D3047-LeaderElection7] INFO  server.RaftServerConfigKeys (ConfUtils.java:logGet(46)) - raft.server.watch.element-limit = 65536 (default)
2023-11-20 14:17:09,248 [e3a4102d-65f7-48f2-aab6-9dba3586f78e@group-D1051C5D3047-LeaderElection7] INFO  server.RaftServerConfigKeys (ConfUtils.java:logGet(46)) - raft.server.write.element-limit = 1024 (custom)
2023-11-20 14:17:09,248 [e3a4102d-65f7-48f2-aab6-9dba3586f78e@group-D1051C5D3047-LeaderElection7] INFO  server.RaftServerConfigKeys (ConfUtils.java:logGet(46)) - raft.server.write.follower.gap.ratio.max = -1.0 (default)
2023-11-20 14:17:09,248 [e3a4102d-65f7-48f2-aab6-9dba3586f78e@group-D1051C5D3047-LeaderElection7] INFO  impl.RoleInfo (RoleInfo.java:updateAndGet(139)) - e3a4102d-65f7-48f2-aab6-9dba3586f78e: start e3a4102d-65f7-48f2-aab6-9dba3586f78e@group-D1051C5D3047-LeaderStateImpl
2023-11-20 14:17:09,248 [e3a4102d-65f7-48f2-aab6-9dba3586f78e@group-D1051C5D3047-LeaderElection7] INFO  segmented.SegmentedRaftLogWorker (SegmentedRaftLogWorker.java:startLogSegment(447)) - e3a4102d-65f7-48f2-aab6-9dba3586f78e@group-D1051C5D3047-SegmentedRaftLogWorker: Starting segment from index:0
2023-11-20 14:17:09,253 [e3a4102d-65f7-48f2-aab6-9dba3586f78e@group-D1051C5D3047-LeaderElection7] INFO  server.RaftServer$Division (ServerState.java:setRaftConf(434)) - e3a4102d-65f7-48f2-aab6-9dba3586f78e@group-D1051C5D3047: set configuration 0: peers:[e3a4102d-65f7-48f2-aab6-9dba3586f78e|rpc:10.1.0.10:15041|admin:10.1.0.10:15040|client:10.1.0.10:15039|dataStream:10.1.0.10:15042|priority:1|startupRole:FOLLOWER]|listeners:[], old=null
2023-11-20 14:17:09,254 [e3a4102d-65f7-48f2-aab6-9dba3586f78e@group-D1051C5D3047-SegmentedRaftLogWorker] INFO  segmented.SegmentedRaftLogWorker (SegmentedRaftLogWorker.java:execute(651)) - e3a4102d-65f7-48f2-aab6-9dba3586f78e@group-D1051C5D3047-SegmentedRaftLogWorker: created new log segment /home/runner/work/ozone/ozone/hadoop-ozone/integration-test/target/test-dir/MiniOzoneClusterImpl-7293264f-739e-43f0-b608-0ff531f18758/datanode-3/data/ratis/850127b2-0ad9-4913-bfbf-d1051c5d3047/current/log_inprogress_0
2023-11-20 14:17:09,422 [c950ed05-5bc7-49cd-b60c-e9631522e919@group-101E1C95831D-FollowerState] INFO  impl.FollowerState (FollowerState.java:run(143)) - c950ed05-5bc7-49cd-b60c-e9631522e919@group-101E1C95831D-FollowerState: change to CANDIDATE, lastRpcElapsedTime:5053213093ns, electionTimeout:5015ms
2023-11-20 14:17:09,423 [4acbe1c1-18a2-4209-a8df-4dbe8c379458@group-012ED37C3E4B-FollowerState] INFO  impl.FollowerState (FollowerState.java:run(143)) - 4acbe1c1-18a2-4209-a8df-4dbe8c379458@group-012ED37C3E4B-FollowerState: change to CANDIDATE, lastRpcElapsedTime:5206453716ns, electionTimeout:5117ms
2023-11-20 14:17:09,422 [617fee10-5999-41fc-ba89-05e5beaae1db@group-101E1C95831D-FollowerState] INFO  impl.FollowerState (FollowerState.java:run(143)) - 617fee10-5999-41fc-ba89-05e5beaae1db@group-101E1C95831D-FollowerState: change to CANDIDATE, lastRpcElapsedTime:5060116547ns, electionTimeout:5007ms
2023-11-20 14:17:09,422 [e744cdee-db3a-4307-a129-877114b2ee40@group-101E1C95831D-FollowerState] INFO  impl.FollowerState (FollowerState.java:run(143)) - e744cdee-db3a-4307-a129-877114b2ee40@group-101E1C95831D-FollowerState: change to CANDIDATE, lastRpcElapsedTime:5047822112ns, electionTimeout:5030ms
2023-11-20 14:17:09,431 [c950ed05-5bc7-49cd-b60c-e9631522e919@group-101E1C95831D-FollowerState] INFO  impl.RoleInfo (RoleInfo.java:shutdownFollowerState(110)) - c950ed05-5bc7-49cd-b60c-e9631522e919: shutdown c950ed05-5bc7-49cd-b60c-e9631522e919@group-101E1C95831D-FollowerState
2023-11-20 14:17:09,431 [c950ed05-5bc7-49cd-b60c-e9631522e919@group-101E1C95831D-FollowerState] INFO  server.RaftServer$Division (RaftServerImpl.java:setRole(329)) - c950ed05-5bc7-49cd-b60c-e9631522e919@group-101E1C95831D: changes role from  FOLLOWER to CANDIDATE at term 0 for changeToCandidate
2023-11-20 14:17:09,431 [617fee10-5999-41fc-ba89-05e5beaae1db@group-101E1C95831D-FollowerState] INFO  impl.RoleInfo (RoleInfo.java:shutdownFollowerState(110)) - 617fee10-5999-41fc-ba89-05e5beaae1db: shutdown 617fee10-5999-41fc-ba89-05e5beaae1db@group-101E1C95831D-FollowerState
2023-11-20 14:17:09,431 [617fee10-5999-41fc-ba89-05e5beaae1db@group-101E1C95831D-FollowerState] INFO  server.RaftServer$Division (RaftServerImpl.java:setRole(329)) - 617fee10-5999-41fc-ba89-05e5beaae1db@group-101E1C95831D: changes role from  FOLLOWER to CANDIDATE at term 0 for changeToCandidate
2023-11-20 14:17:09,431 [4acbe1c1-18a2-4209-a8df-4dbe8c379458@group-012ED37C3E4B-FollowerState] INFO  impl.RoleInfo (RoleInfo.java:shutdownFollowerState(110)) - 4acbe1c1-18a2-4209-a8df-4dbe8c379458: shutdown 4acbe1c1-18a2-4209-a8df-4dbe8c379458@group-012ED37C3E4B-FollowerState
2023-11-20 14:17:09,431 [4acbe1c1-18a2-4209-a8df-4dbe8c379458@group-012ED37C3E4B-FollowerState] INFO  server.RaftServer$Division (RaftServerImpl.java:setRole(329)) - 4acbe1c1-18a2-4209-a8df-4dbe8c379458@group-012ED37C3E4B: changes role from  FOLLOWER to CANDIDATE at term 0 for changeToCandidate
2023-11-20 14:17:09,431 [e744cdee-db3a-4307-a129-877114b2ee40@group-101E1C95831D-FollowerState] INFO  impl.RoleInfo (RoleInfo.java:shutdownFollowerState(110)) - e744cdee-db3a-4307-a129-877114b2ee40: shutdown e744cdee-db3a-4307-a129-877114b2ee40@group-101E1C95831D-FollowerState
2023-11-20 14:17:09,431 [e744cdee-db3a-4307-a129-877114b2ee40@group-101E1C95831D-FollowerState] INFO  server.RaftServer$Division (RaftServerImpl.java:setRole(329)) - e744cdee-db3a-4307-a129-877114b2ee40@group-101E1C95831D: changes role from  FOLLOWER to CANDIDATE at term 0 for changeToCandidate
2023-11-20 14:17:09,432 [c950ed05-5bc7-49cd-b60c-e9631522e919@group-101E1C95831D-FollowerState] INFO  server.RaftServerConfigKeys (ConfUtils.java:logGet(46)) - raft.server.leaderelection.pre-vote = true (default)
2023-11-20 14:17:09,432 [c950ed05-5bc7-49cd-b60c-e9631522e919@group-101E1C95831D-FollowerState] INFO  impl.RoleInfo (RoleInfo.java:updateAndGet(139)) - c950ed05-5bc7-49cd-b60c-e9631522e919: start c950ed05-5bc7-49cd-b60c-e9631522e919@group-101E1C95831D-LeaderElection8
2023-11-20 14:17:09,432 [e744cdee-db3a-4307-a129-877114b2ee40@group-101E1C95831D-FollowerState] INFO  server.RaftServerConfigKeys (ConfUtils.java:logGet(46)) - raft.server.leaderelection.pre-vote = true (default)
2023-11-20 14:17:09,432 [e744cdee-db3a-4307-a129-877114b2ee40@group-101E1C95831D-FollowerState] INFO  impl.RoleInfo (RoleInfo.java:updateAndGet(139)) - e744cdee-db3a-4307-a129-877114b2ee40: start e744cdee-db3a-4307-a129-877114b2ee40@group-101E1C95831D-LeaderElection11
2023-11-20 14:17:09,435 [4acbe1c1-18a2-4209-a8df-4dbe8c379458@group-012ED37C3E4B-FollowerState] INFO  server.RaftServerConfigKeys (ConfUtils.java:logGet(46)) - raft.server.leaderelection.pre-vote = true (default)
2023-11-20 14:17:09,435 [4acbe1c1-18a2-4209-a8df-4dbe8c379458@group-012ED37C3E4B-FollowerState] INFO  impl.RoleInfo (RoleInfo.java:updateAndGet(139)) - 4acbe1c1-18a2-4209-a8df-4dbe8c379458: start 4acbe1c1-18a2-4209-a8df-4dbe8c379458@group-012ED37C3E4B-LeaderElection10
2023-11-20 14:17:09,436 [617fee10-5999-41fc-ba89-05e5beaae1db@group-101E1C95831D-FollowerState] INFO  server.RaftServerConfigKeys (ConfUtils.java:logGet(46)) - raft.server.leaderelection.pre-vote = true (default)
2023-11-20 14:17:09,436 [617fee10-5999-41fc-ba89-05e5beaae1db@group-101E1C95831D-FollowerState] INFO  impl.RoleInfo (RoleInfo.java:updateAndGet(139)) - 617fee10-5999-41fc-ba89-05e5beaae1db: start 617fee10-5999-41fc-ba89-05e5beaae1db@group-101E1C95831D-LeaderElection9
2023-11-20 14:17:09,441 [c950ed05-5bc7-49cd-b60c-e9631522e919@group-101E1C95831D-LeaderElection8] INFO  impl.LeaderElection (LeaderElection.java:askForVotes(321)) - c950ed05-5bc7-49cd-b60c-e9631522e919@group-101E1C95831D-LeaderElection8 PRE_VOTE round 0: submit vote requests at term 0 for -1: peers:[e744cdee-db3a-4307-a129-877114b2ee40|rpc:10.1.0.10:15014|admin:10.1.0.10:15013|client:10.1.0.10:15012|dataStream:10.1.0.10:15015|priority:0|startupRole:FOLLOWER, 617fee10-5999-41fc-ba89-05e5beaae1db|rpc:10.1.0.10:15023|admin:10.1.0.10:15022|client:10.1.0.10:15021|dataStream:10.1.0.10:15024|priority:0|startupRole:FOLLOWER, c950ed05-5bc7-49cd-b60c-e9631522e919|rpc:10.1.0.10:15032|admin:10.1.0.10:15031|client:10.1.0.10:15030|dataStream:10.1.0.10:15033|priority:1|startupRole:FOLLOWER]|listeners:[], old=null
2023-11-20 14:17:09,441 [e744cdee-db3a-4307-a129-877114b2ee40@group-101E1C95831D-LeaderElection11] INFO  impl.LeaderElection (LeaderElection.java:askForVotes(321)) - e744cdee-db3a-4307-a129-877114b2ee40@group-101E1C95831D-LeaderElection11 PRE_VOTE round 0: submit vote requests at term 0 for -1: peers:[e744cdee-db3a-4307-a129-877114b2ee40|rpc:10.1.0.10:15014|admin:10.1.0.10:15013|client:10.1.0.10:15012|dataStream:10.1.0.10:15015|priority:0|startupRole:FOLLOWER, 617fee10-5999-41fc-ba89-05e5beaae1db|rpc:10.1.0.10:15023|admin:10.1.0.10:15022|client:10.1.0.10:15021|dataStream:10.1.0.10:15024|priority:0|startupRole:FOLLOWER, c950ed05-5bc7-49cd-b60c-e9631522e919|rpc:10.1.0.10:15032|admin:10.1.0.10:15031|client:10.1.0.10:15030|dataStream:10.1.0.10:15033|priority:1|startupRole:FOLLOWER]|listeners:[], old=null
2023-11-20 14:17:09,442 [e744cdee-db3a-4307-a129-877114b2ee40@group-101E1C95831D-LeaderElection11] INFO  server.RaftServerConfigKeys (ConfUtils.java:logFallback(53)) - raft.server.rpc.first-election.timeout.min = 5s (fallback to raft.server.rpc.timeout.min)
2023-11-20 14:17:09,442 [e744cdee-db3a-4307-a129-877114b2ee40@group-101E1C95831D-LeaderElection11] INFO  server.RaftServerConfigKeys (ConfUtils.java:logFallback(53)) - raft.server.rpc.first-election.timeout.max = 5200ms (fallback to raft.server.rpc.timeout.max)
2023-11-20 14:17:09,442 [617fee10-5999-41fc-ba89-05e5beaae1db@group-101E1C95831D-LeaderElection9] INFO  impl.LeaderElection (LeaderElection.java:askForVotes(321)) - 617fee10-5999-41fc-ba89-05e5beaae1db@group-101E1C95831D-LeaderElection9 PRE_VOTE round 0: submit vote requests at term 0 for -1: peers:[e744cdee-db3a-4307-a129-877114b2ee40|rpc:10.1.0.10:15014|admin:10.1.0.10:15013|client:10.1.0.10:15012|dataStream:10.1.0.10:15015|priority:0|startupRole:FOLLOWER, 617fee10-5999-41fc-ba89-05e5beaae1db|rpc:10.1.0.10:15023|admin:10.1.0.10:15022|client:10.1.0.10:15021|dataStream:10.1.0.10:15024|priority:0|startupRole:FOLLOWER, c950ed05-5bc7-49cd-b60c-e9631522e919|rpc:10.1.0.10:15032|admin:10.1.0.10:15031|client:10.1.0.10:15030|dataStream:10.1.0.10:15033|priority:1|startupRole:FOLLOWER]|listeners:[], old=null
2023-11-20 14:17:09,442 [4acbe1c1-18a2-4209-a8df-4dbe8c379458@group-012ED37C3E4B-LeaderElection10] INFO  impl.LeaderElection (LeaderElection.java:askForVotes(321)) - 4acbe1c1-18a2-4209-a8df-4dbe8c379458@group-012ED37C3E4B-LeaderElection10 PRE_VOTE round 0: submit vote requests at term 0 for -1: peers:[4acbe1c1-18a2-4209-a8df-4dbe8c379458|rpc:10.1.0.10:15050|admin:10.1.0.10:15049|client:10.1.0.10:15048|dataStream:10.1.0.10:15051|priority:1|startupRole:FOLLOWER]|listeners:[], old=null
2023-11-20 14:17:09,442 [4acbe1c1-18a2-4209-a8df-4dbe8c379458@group-012ED37C3E4B-LeaderElection10] INFO  impl.LeaderElection (LeaderElection.java:askForVotes(323)) - 4acbe1c1-18a2-4209-a8df-4dbe8c379458@group-012ED37C3E4B-LeaderElection10 PRE_VOTE round 0: result PASSED (term=0)
2023-11-20 14:17:09,444 [4acbe1c1-18a2-4209-a8df-4dbe8c379458@group-012ED37C3E4B-LeaderElection10] INFO  impl.LeaderElection (LeaderElection.java:askForVotes(321)) - 4acbe1c1-18a2-4209-a8df-4dbe8c379458@group-012ED37C3E4B-LeaderElection10 ELECTION round 0: submit vote requests at term 1 for -1: peers:[4acbe1c1-18a2-4209-a8df-4dbe8c379458|rpc:10.1.0.10:15050|admin:10.1.0.10:15049|client:10.1.0.10:15048|dataStream:10.1.0.10:15051|priority:1|startupRole:FOLLOWER]|listeners:[], old=null
2023-11-20 14:17:09,444 [4acbe1c1-18a2-4209-a8df-4dbe8c379458@group-012ED37C3E4B-LeaderElection10] INFO  impl.LeaderElection (LeaderElection.java:askForVotes(323)) - 4acbe1c1-18a2-4209-a8df-4dbe8c379458@group-012ED37C3E4B-LeaderElection10 ELECTION round 0: result PASSED (term=1)
2023-11-20 14:17:09,444 [4acbe1c1-18a2-4209-a8df-4dbe8c379458@group-012ED37C3E4B-LeaderElection10] INFO  impl.RoleInfo (RoleInfo.java:shutdownLeaderElection(130)) - 4acbe1c1-18a2-4209-a8df-4dbe8c379458: shutdown 4acbe1c1-18a2-4209-a8df-4dbe8c379458@group-012ED37C3E4B-LeaderElection10
2023-11-20 14:17:09,444 [4acbe1c1-18a2-4209-a8df-4dbe8c379458@group-012ED37C3E4B-LeaderElection10] INFO  server.RaftServer$Division (RaftServerImpl.java:setRole(329)) - 4acbe1c1-18a2-4209-a8df-4dbe8c379458@group-012ED37C3E4B: changes role from CANDIDATE to LEADER at term 1 for changeToLeader
2023-11-20 14:17:09,444 [4acbe1c1-18a2-4209-a8df-4dbe8c379458@group-012ED37C3E4B-LeaderElection10] INFO  ratis.XceiverServerRatis (XceiverServerRatis.java:handleLeaderChangedNotification(905)) - Leader change notification received for group: group-012ED37C3E4B with new leaderId: 4acbe1c1-18a2-4209-a8df-4dbe8c379458
2023-11-20 14:17:09,450 [4acbe1c1-18a2-4209-a8df-4dbe8c379458@group-012ED37C3E4B-LeaderElection10] INFO  server.RaftServer$Division (ServerState.java:setLeader(317)) - 4acbe1c1-18a2-4209-a8df-4dbe8c379458@group-012ED37C3E4B: change Leader from null to 4acbe1c1-18a2-4209-a8df-4dbe8c379458 at term 1 for becomeLeader, leader elected after 5242ms
2023-11-20 14:17:09,450 [4acbe1c1-18a2-4209-a8df-4dbe8c379458@group-012ED37C3E4B-LeaderElection10] INFO  server.RaftServerConfigKeys (ConfUtils.java:logGet(46)) - raft.server.staging.catchup.gap = 1000 (default)
2023-11-20 14:17:09,450 [grpc-default-executor-5] INFO  server.RaftServer$Division (RaftServerImpl.java:requestVote(1302)) - c950ed05-5bc7-49cd-b60c-e9631522e919@group-101E1C95831D: receive requestVote(PRE_VOTE, e744cdee-db3a-4307-a129-877114b2ee40, group-101E1C95831D, 0, (t:0, i:0))
2023-11-20 14:17:09,450 [4acbe1c1-18a2-4209-a8df-4dbe8c379458@group-012ED37C3E4B-LeaderElection10] INFO  server.RaftServerConfigKeys (ConfUtils.java:logGet(46)) - raft.server.write.element-limit = 1024 (custom)
2023-11-20 14:17:09,450 [grpc-default-executor-5] INFO  impl.VoteContext (VoteContext.java:log(49)) - c950ed05-5bc7-49cd-b60c-e9631522e919@group-101E1C95831D-CANDIDATE: reject PRE_VOTE from e744cdee-db3a-4307-a129-877114b2ee40: our priority 1 > candidate's priority 0
2023-11-20 14:17:09,450 [grpc-default-executor-5] INFO  server.RaftServer$Division (RaftServerImpl.java:requestVote(1335)) - c950ed05-5bc7-49cd-b60c-e9631522e919@group-101E1C95831D replies to PRE_VOTE vote request: e744cdee-db3a-4307-a129-877114b2ee40<-c950ed05-5bc7-49cd-b60c-e9631522e919#0:FAIL-t0. Peer's state: c950ed05-5bc7-49cd-b60c-e9631522e919@group-101E1C95831D:t0, leader=null, voted=, raftlog=Memoized:c950ed05-5bc7-49cd-b60c-e9631522e919@group-101E1C95831D-SegmentedRaftLog:OPENED:c-1, conf=-1: peers:[e744cdee-db3a-4307-a129-877114b2ee40|rpc:10.1.0.10:15014|admin:10.1.0.10:15013|client:10.1.0.10:15012|dataStream:10.1.0.10:15015|priority:0|startupRole:FOLLOWER, 617fee10-5999-41fc-ba89-05e5beaae1db|rpc:10.1.0.10:15023|admin:10.1.0.10:15022|client:10.1.0.10:15021|dataStream:10.1.0.10:15024|priority:0|startupRole:FOLLOWER, c950ed05-5bc7-49cd-b60c-e9631522e919|rpc:10.1.0.10:15032|admin:10.1.0.10:15031|client:10.1.0.10:15030|dataStream:10.1.0.10:15033|priority:1|startupRole:FOLLOWER]|listeners:[], old=null
2023-11-20 14:17:09,450 [617fee10-5999-41fc-ba89-05e5beaae1db@group-101E1C95831D-LeaderElection9] INFO  server.RaftServerConfigKeys (ConfUtils.java:logFallback(53)) - raft.server.rpc.first-election.timeout.min = 5s (fallback to raft.server.rpc.timeout.min)
2023-11-20 14:17:09,450 [617fee10-5999-41fc-ba89-05e5beaae1db@group-101E1C95831D-LeaderElection9] INFO  server.RaftServerConfigKeys (ConfUtils.java:logFallback(53)) - raft.server.rpc.first-election.timeout.max = 5200ms (fallback to raft.server.rpc.timeout.max)
2023-11-20 14:17:09,450 [grpc-default-executor-1] INFO  server.RaftServer$Division (RaftServerImpl.java:requestVote(1302)) - 617fee10-5999-41fc-ba89-05e5beaae1db@group-101E1C95831D: receive requestVote(PRE_VOTE, e744cdee-db3a-4307-a129-877114b2ee40, group-101E1C95831D, 0, (t:0, i:0))
2023-11-20 14:17:09,451 [grpc-default-executor-1] INFO  impl.VoteContext (VoteContext.java:log(49)) - 617fee10-5999-41fc-ba89-05e5beaae1db@group-101E1C95831D-CANDIDATE: accept PRE_VOTE from e744cdee-db3a-4307-a129-877114b2ee40: our priority 0 <= candidate's priority 0
2023-11-20 14:17:09,451 [grpc-default-executor-1] INFO  server.RaftServer$Division (RaftServerImpl.java:requestVote(1335)) - 617fee10-5999-41fc-ba89-05e5beaae1db@group-101E1C95831D replies to PRE_VOTE vote request: e744cdee-db3a-4307-a129-877114b2ee40<-617fee10-5999-41fc-ba89-05e5beaae1db#0:OK-t0. Peer's state: 617fee10-5999-41fc-ba89-05e5beaae1db@group-101E1C95831D:t0, leader=null, voted=, raftlog=Memoized:617fee10-5999-41fc-ba89-05e5beaae1db@group-101E1C95831D-SegmentedRaftLog:OPENED:c-1, conf=-1: peers:[e744cdee-db3a-4307-a129-877114b2ee40|rpc:10.1.0.10:15014|admin:10.1.0.10:15013|client:10.1.0.10:15012|dataStream:10.1.0.10:15015|priority:0|startupRole:FOLLOWER, 617fee10-5999-41fc-ba89-05e5beaae1db|rpc:10.1.0.10:15023|admin:10.1.0.10:15022|client:10.1.0.10:15021|dataStream:10.1.0.10:15024|priority:0|startupRole:FOLLOWER, c950ed05-5bc7-49cd-b60c-e9631522e919|rpc:10.1.0.10:15032|admin:10.1.0.10:15031|client:10.1.0.10:15030|dataStream:10.1.0.10:15033|priority:1|startupRole:FOLLOWER]|listeners:[], old=null
2023-11-20 14:17:09,450 [4acbe1c1-18a2-4209-a8df-4dbe8c379458@group-012ED37C3E4B-LeaderElection10] INFO  server.RaftServerConfigKeys (ConfUtils.java:logGet(46)) - raft.server.write.byte-limit = 1024 M (=1073741824) (custom)
2023-11-20 14:17:09,452 [c950ed05-5bc7-49cd-b60c-e9631522e919@group-101E1C95831D-LeaderElection8-2] INFO  server.GrpcServerProtocolClient (GrpcServerProtocolClient.java:<init>(65)) - Build channel for 617fee10-5999-41fc-ba89-05e5beaae1db
2023-11-20 14:17:09,452 [c950ed05-5bc7-49cd-b60c-e9631522e919@group-101E1C95831D-LeaderElection8] INFO  server.RaftServerConfigKeys (ConfUtils.java:logFallback(53)) - raft.server.rpc.first-election.timeout.min = 5s (fallback to raft.server.rpc.timeout.min)
2023-11-20 14:17:09,452 [c950ed05-5bc7-49cd-b60c-e9631522e919@group-101E1C95831D-LeaderElection8-1] INFO  server.GrpcServerProtocolClient (GrpcServerProtocolClient.java:<init>(65)) - Build channel for e744cdee-db3a-4307-a129-877114b2ee40
2023-11-20 14:17:09,452 [c950ed05-5bc7-49cd-b60c-e9631522e919@group-101E1C95831D-LeaderElection8] INFO  server.RaftServerConfigKeys (ConfUtils.java:logFallback(53)) - raft.server.rpc.first-election.timeout.max = 5200ms (fallback to raft.server.rpc.timeout.max)
2023-11-20 14:17:09,453 [e744cdee-db3a-4307-a129-877114b2ee40@group-101E1C95831D-LeaderElection11] INFO  impl.LeaderElection (LeaderElection.java:logAndReturn(90)) - e744cdee-db3a-4307-a129-877114b2ee40@group-101E1C95831D-LeaderElection11: PRE_VOTE REJECTED received 1 response(s) and 0 exception(s):
2023-11-20 14:17:09,453 [e744cdee-db3a-4307-a129-877114b2ee40@group-101E1C95831D-LeaderElection11] INFO  impl.LeaderElection (LeaderElection.java:logAndReturn(94)) -   Response 0: e744cdee-db3a-4307-a129-877114b2ee40<-c950ed05-5bc7-49cd-b60c-e9631522e919#0:FAIL-t0
2023-11-20 14:17:09,454 [e744cdee-db3a-4307-a129-877114b2ee40@group-101E1C95831D-LeaderElection11] INFO  impl.LeaderElection (LeaderElection.java:askForVotes(323)) - e744cdee-db3a-4307-a129-877114b2ee40@group-101E1C95831D-LeaderElection11 PRE_VOTE round 0: result REJECTED
2023-11-20 14:17:09,454 [e744cdee-db3a-4307-a129-877114b2ee40@group-101E1C95831D-LeaderElection11] INFO  server.RaftServer$Division (RaftServerImpl.java:setRole(329)) - e744cdee-db3a-4307-a129-877114b2ee40@group-101E1C95831D: changes role from CANDIDATE to FOLLOWER at term 0 for REJECTED
2023-11-20 14:17:09,454 [e744cdee-db3a-4307-a129-877114b2ee40@group-101E1C95831D-LeaderElection11] INFO  impl.RoleInfo (RoleInfo.java:shutdownLeaderElection(130)) - e744cdee-db3a-4307-a129-877114b2ee40: shutdown e744cdee-db3a-4307-a129-877114b2ee40@group-101E1C95831D-LeaderElection11
2023-11-20 14:17:09,454 [4acbe1c1-18a2-4209-a8df-4dbe8c379458@group-012ED37C3E4B-LeaderElection10] INFO  server.RaftServerConfigKeys (ConfUtils.java:logGet(46)) - raft.server.watch.timeout = 180s (custom)
2023-11-20 14:17:09,454 [4acbe1c1-18a2-4209-a8df-4dbe8c379458@group-012ED37C3E4B-LeaderElection10] INFO  server.RaftServerConfigKeys (ConfUtils.java:logGet(46)) - raft.server.watch.timeout.denomination = 1s (default)
2023-11-20 14:17:09,455 [e744cdee-db3a-4307-a129-877114b2ee40@group-101E1C95831D-LeaderElection11] INFO  impl.RoleInfo (RoleInfo.java:updateAndGet(139)) - e744cdee-db3a-4307-a129-877114b2ee40: start e744cdee-db3a-4307-a129-877114b2ee40@group-101E1C95831D-FollowerState
2023-11-20 14:17:09,456 [4acbe1c1-18a2-4209-a8df-4dbe8c379458@group-012ED37C3E4B-LeaderElection10] INFO  server.RaftServerConfigKeys (ConfUtils.java:logGet(46)) - raft.server.watch.element-limit = 65536 (default)
2023-11-20 14:17:09,457 [grpc-default-executor-1] INFO  server.RaftServer$Division (RaftServerImpl.java:requestVote(1302)) - e744cdee-db3a-4307-a129-877114b2ee40@group-101E1C95831D: receive requestVote(PRE_VOTE, 617fee10-5999-41fc-ba89-05e5beaae1db, group-101E1C95831D, 0, (t:0, i:0))
2023-11-20 14:17:09,457 [4acbe1c1-18a2-4209-a8df-4dbe8c379458@group-012ED37C3E4B-LeaderElection10] INFO  server.RaftServerConfigKeys (ConfUtils.java:logGet(46)) - raft.server.write.element-limit = 1024 (custom)
2023-11-20 14:17:09,457 [4acbe1c1-18a2-4209-a8df-4dbe8c379458@group-012ED37C3E4B-LeaderElection10] INFO  server.RaftServerConfigKeys (ConfUtils.java:logGet(46)) - raft.server.write.follower.gap.ratio.max = -1.0 (default)
2023-11-20 14:17:09,457 [4acbe1c1-18a2-4209-a8df-4dbe8c379458@group-012ED37C3E4B-LeaderElection10] INFO  impl.RoleInfo (RoleInfo.java:updateAndGet(139)) - 4acbe1c1-18a2-4209-a8df-4dbe8c379458: start 4acbe1c1-18a2-4209-a8df-4dbe8c379458@group-012ED37C3E4B-LeaderStateImpl
2023-11-20 14:17:09,457 [4acbe1c1-18a2-4209-a8df-4dbe8c379458@group-012ED37C3E4B-LeaderElection10] INFO  segmented.SegmentedRaftLogWorker (SegmentedRaftLogWorker.java:startLogSegment(447)) - 4acbe1c1-18a2-4209-a8df-4dbe8c379458@group-012ED37C3E4B-SegmentedRaftLogWorker: Starting segment from index:0
2023-11-20 14:17:09,457 [grpc-default-executor-1] INFO  impl.VoteContext (VoteContext.java:log(49)) - e744cdee-db3a-4307-a129-877114b2ee40@group-101E1C95831D-FOLLOWER: accept PRE_VOTE from 617fee10-5999-41fc-ba89-05e5beaae1db: our priority 0 <= candidate's priority 0
2023-11-20 14:17:09,457 [grpc-default-executor-1] INFO  server.RaftServer$Division (RaftServerImpl.java:requestVote(1335)) - e744cdee-db3a-4307-a129-877114b2ee40@group-101E1C95831D replies to PRE_VOTE vote request: 617fee10-5999-41fc-ba89-05e5beaae1db<-e744cdee-db3a-4307-a129-877114b2ee40#0:OK-t0. Peer's state: e744cdee-db3a-4307-a129-877114b2ee40@group-101E1C95831D:t0, leader=null, voted=, raftlog=Memoized:e744cdee-db3a-4307-a129-877114b2ee40@group-101E1C95831D-SegmentedRaftLog:OPENED:c-1, conf=-1: peers:[e744cdee-db3a-4307-a129-877114b2ee40|rpc:10.1.0.10:15014|admin:10.1.0.10:15013|client:10.1.0.10:15012|dataStream:10.1.0.10:15015|priority:0|startupRole:FOLLOWER, 617fee10-5999-41fc-ba89-05e5beaae1db|rpc:10.1.0.10:15023|admin:10.1.0.10:15022|client:10.1.0.10:15021|dataStream:10.1.0.10:15024|priority:0|startupRole:FOLLOWER, c950ed05-5bc7-49cd-b60c-e9631522e919|rpc:10.1.0.10:15032|admin:10.1.0.10:15031|client:10.1.0.10:15030|dataStream:10.1.0.10:15033|priority:1|startupRole:FOLLOWER]|listeners:[], old=null
2023-11-20 14:17:09,465 [4acbe1c1-18a2-4209-a8df-4dbe8c379458@group-012ED37C3E4B-LeaderElection10] INFO  server.RaftServer$Division (ServerState.java:setRaftConf(434)) - 4acbe1c1-18a2-4209-a8df-4dbe8c379458@group-012ED37C3E4B: set configuration 0: peers:[4acbe1c1-18a2-4209-a8df-4dbe8c379458|rpc:10.1.0.10:15050|admin:10.1.0.10:15049|client:10.1.0.10:15048|dataStream:10.1.0.10:15051|priority:1|startupRole:FOLLOWER]|listeners:[], old=null
2023-11-20 14:17:09,465 [4acbe1c1-18a2-4209-a8df-4dbe8c379458@group-012ED37C3E4B-SegmentedRaftLogWorker] INFO  segmented.SegmentedRaftLogWorker (SegmentedRaftLogWorker.java:execute(651)) - 4acbe1c1-18a2-4209-a8df-4dbe8c379458@group-012ED37C3E4B-SegmentedRaftLogWorker: created new log segment /home/runner/work/ozone/ozone/hadoop-ozone/integration-test/target/test-dir/MiniOzoneClusterImpl-7293264f-739e-43f0-b608-0ff531f18758/datanode-4/data/ratis/b87b8d6f-bbdc-4f5c-b384-012ed37c3e4b/current/log_inprogress_0
2023-11-20 14:17:09,468 [grpc-default-executor-2] INFO  server.RaftServer$Division (RaftServerImpl.java:requestVote(1302)) - c950ed05-5bc7-49cd-b60c-e9631522e919@group-101E1C95831D: receive requestVote(PRE_VOTE, 617fee10-5999-41fc-ba89-05e5beaae1db, group-101E1C95831D, 0, (t:0, i:0))
2023-11-20 14:17:09,468 [grpc-default-executor-2] INFO  impl.VoteContext (VoteContext.java:log(49)) - c950ed05-5bc7-49cd-b60c-e9631522e919@group-101E1C95831D-CANDIDATE: reject PRE_VOTE from 617fee10-5999-41fc-ba89-05e5beaae1db: our priority 1 > candidate's priority 0
2023-11-20 14:17:09,468 [grpc-default-executor-2] INFO  server.RaftServer$Division (RaftServerImpl.java:requestVote(1335)) - c950ed05-5bc7-49cd-b60c-e9631522e919@group-101E1C95831D replies to PRE_VOTE vote request: 617fee10-5999-41fc-ba89-05e5beaae1db<-c950ed05-5bc7-49cd-b60c-e9631522e919#0:FAIL-t0. Peer's state: c950ed05-5bc7-49cd-b60c-e9631522e919@group-101E1C95831D:t0, leader=null, voted=, raftlog=Memoized:c950ed05-5bc7-49cd-b60c-e9631522e919@group-101E1C95831D-SegmentedRaftLog:OPENED:c-1, conf=-1: peers:[e744cdee-db3a-4307-a129-877114b2ee40|rpc:10.1.0.10:15014|admin:10.1.0.10:15013|client:10.1.0.10:15012|dataStream:10.1.0.10:15015|priority:0|startupRole:FOLLOWER, 617fee10-5999-41fc-ba89-05e5beaae1db|rpc:10.1.0.10:15023|admin:10.1.0.10:15022|client:10.1.0.10:15021|dataStream:10.1.0.10:15024|priority:0|startupRole:FOLLOWER, c950ed05-5bc7-49cd-b60c-e9631522e919|rpc:10.1.0.10:15032|admin:10.1.0.10:15031|client:10.1.0.10:15030|dataStream:10.1.0.10:15033|priority:1|startupRole:FOLLOWER]|listeners:[], old=null
2023-11-20 14:17:09,470 [617fee10-5999-41fc-ba89-05e5beaae1db@group-101E1C95831D-LeaderElection9] INFO  impl.LeaderElection (LeaderElection.java:logAndReturn(90)) - 617fee10-5999-41fc-ba89-05e5beaae1db@group-101E1C95831D-LeaderElection9: PRE_VOTE REJECTED received 2 response(s) and 0 exception(s):
2023-11-20 14:17:09,470 [617fee10-5999-41fc-ba89-05e5beaae1db@group-101E1C95831D-LeaderElection9] INFO  impl.LeaderElection (LeaderElection.java:logAndReturn(94)) -   Response 0: 617fee10-5999-41fc-ba89-05e5beaae1db<-e744cdee-db3a-4307-a129-877114b2ee40#0:OK-t0
2023-11-20 14:17:09,470 [617fee10-5999-41fc-ba89-05e5beaae1db@group-101E1C95831D-LeaderElection9] INFO  impl.LeaderElection (LeaderElection.java:logAndReturn(94)) -   Response 1: 617fee10-5999-41fc-ba89-05e5beaae1db<-c950ed05-5bc7-49cd-b60c-e9631522e919#0:FAIL-t0
2023-11-20 14:17:09,470 [617fee10-5999-41fc-ba89-05e5beaae1db@group-101E1C95831D-LeaderElection9] INFO  impl.LeaderElection (LeaderElection.java:askForVotes(323)) - 617fee10-5999-41fc-ba89-05e5beaae1db@group-101E1C95831D-LeaderElection9 PRE_VOTE round 0: result REJECTED
2023-11-20 14:17:09,471 [617fee10-5999-41fc-ba89-05e5beaae1db@group-101E1C95831D-LeaderElection9] INFO  server.RaftServer$Division (RaftServerImpl.java:setRole(329)) - 617fee10-5999-41fc-ba89-05e5beaae1db@group-101E1C95831D: changes role from CANDIDATE to FOLLOWER at term 0 for REJECTED
2023-11-20 14:17:09,471 [617fee10-5999-41fc-ba89-05e5beaae1db@group-101E1C95831D-LeaderElection9] INFO  impl.RoleInfo (RoleInfo.java:shutdownLeaderElection(130)) - 617fee10-5999-41fc-ba89-05e5beaae1db: shutdown 617fee10-5999-41fc-ba89-05e5beaae1db@group-101E1C95831D-LeaderElection9
2023-11-20 14:17:09,471 [617fee10-5999-41fc-ba89-05e5beaae1db@group-101E1C95831D-LeaderElection9] INFO  impl.RoleInfo (RoleInfo.java:updateAndGet(139)) - 617fee10-5999-41fc-ba89-05e5beaae1db: start 617fee10-5999-41fc-ba89-05e5beaae1db@group-101E1C95831D-FollowerState
2023-11-20 14:17:09,476 [grpc-default-executor-2] INFO  server.RaftServer$Division (RaftServerImpl.java:requestVote(1302)) - e744cdee-db3a-4307-a129-877114b2ee40@group-101E1C95831D: receive requestVote(PRE_VOTE, c950ed05-5bc7-49cd-b60c-e9631522e919, group-101E1C95831D, 0, (t:0, i:0))
2023-11-20 14:17:09,476 [grpc-default-executor-2] INFO  impl.VoteContext (VoteContext.java:log(49)) - e744cdee-db3a-4307-a129-877114b2ee40@group-101E1C95831D-FOLLOWER: accept PRE_VOTE from c950ed05-5bc7-49cd-b60c-e9631522e919: our priority 0 <= candidate's priority 1
2023-11-20 14:17:09,476 [grpc-default-executor-2] INFO  server.RaftServer$Division (RaftServerImpl.java:requestVote(1335)) - e744cdee-db3a-4307-a129-877114b2ee40@group-101E1C95831D replies to PRE_VOTE vote request: c950ed05-5bc7-49cd-b60c-e9631522e919<-e744cdee-db3a-4307-a129-877114b2ee40#0:OK-t0. Peer's state: e744cdee-db3a-4307-a129-877114b2ee40@group-101E1C95831D:t0, leader=null, voted=, raftlog=Memoized:e744cdee-db3a-4307-a129-877114b2ee40@group-101E1C95831D-SegmentedRaftLog:OPENED:c-1, conf=-1: peers:[e744cdee-db3a-4307-a129-877114b2ee40|rpc:10.1.0.10:15014|admin:10.1.0.10:15013|client:10.1.0.10:15012|dataStream:10.1.0.10:15015|priority:0|startupRole:FOLLOWER, 617fee10-5999-41fc-ba89-05e5beaae1db|rpc:10.1.0.10:15023|admin:10.1.0.10:15022|client:10.1.0.10:15021|dataStream:10.1.0.10:15024|priority:0|startupRole:FOLLOWER, c950ed05-5bc7-49cd-b60c-e9631522e919|rpc:10.1.0.10:15032|admin:10.1.0.10:15031|client:10.1.0.10:15030|dataStream:10.1.0.10:15033|priority:1|startupRole:FOLLOWER]|listeners:[], old=null
2023-11-20 14:17:09,477 [grpc-default-executor-5] INFO  server.RaftServer$Division (RaftServerImpl.java:requestVote(1302)) - 617fee10-5999-41fc-ba89-05e5beaae1db@group-101E1C95831D: receive requestVote(PRE_VOTE, c950ed05-5bc7-49cd-b60c-e9631522e919, group-101E1C95831D, 0, (t:0, i:0))
2023-11-20 14:17:09,477 [grpc-default-executor-5] INFO  impl.VoteContext (VoteContext.java:log(49)) - 617fee10-5999-41fc-ba89-05e5beaae1db@group-101E1C95831D-FOLLOWER: accept PRE_VOTE from c950ed05-5bc7-49cd-b60c-e9631522e919: our priority 0 <= candidate's priority 1
2023-11-20 14:17:09,477 [grpc-default-executor-5] INFO  server.RaftServer$Division (RaftServerImpl.java:requestVote(1335)) - 617fee10-5999-41fc-ba89-05e5beaae1db@group-101E1C95831D replies to PRE_VOTE vote request: c950ed05-5bc7-49cd-b60c-e9631522e919<-617fee10-5999-41fc-ba89-05e5beaae1db#0:OK-t0. Peer's state: 617fee10-5999-41fc-ba89-05e5beaae1db@group-101E1C95831D:t0, leader=null, voted=, raftlog=Memoized:617fee10-5999-41fc-ba89-05e5beaae1db@group-101E1C95831D-SegmentedRaftLog:OPENED:c-1, conf=-1: peers:[e744cdee-db3a-4307-a129-877114b2ee40|rpc:10.1.0.10:15014|admin:10.1.0.10:15013|client:10.1.0.10:15012|dataStream:10.1.0.10:15015|priority:0|startupRole:FOLLOWER, 617fee10-5999-41fc-ba89-05e5beaae1db|rpc:10.1.0.10:15023|admin:10.1.0.10:15022|client:10.1.0.10:15021|dataStream:10.1.0.10:15024|priority:0|startupRole:FOLLOWER, c950ed05-5bc7-49cd-b60c-e9631522e919|rpc:10.1.0.10:15032|admin:10.1.0.10:15031|client:10.1.0.10:15030|dataStream:10.1.0.10:15033|priority:1|startupRole:FOLLOWER]|listeners:[], old=null
2023-11-20 14:17:09,479 [c950ed05-5bc7-49cd-b60c-e9631522e919@group-101E1C95831D-LeaderElection8] INFO  impl.LeaderElection (LeaderElection.java:logAndReturn(90)) - c950ed05-5bc7-49cd-b60c-e9631522e919@group-101E1C95831D-LeaderElection8: PRE_VOTE PASSED received 1 response(s) and 0 exception(s):
2023-11-20 14:17:09,479 [c950ed05-5bc7-49cd-b60c-e9631522e919@group-101E1C95831D-LeaderElection8] INFO  impl.LeaderElection (LeaderElection.java:logAndReturn(94)) -   Response 0: c950ed05-5bc7-49cd-b60c-e9631522e919<-e744cdee-db3a-4307-a129-877114b2ee40#0:OK-t0
2023-11-20 14:17:09,479 [c950ed05-5bc7-49cd-b60c-e9631522e919@group-101E1C95831D-LeaderElection8] INFO  impl.LeaderElection (LeaderElection.java:askForVotes(323)) - c950ed05-5bc7-49cd-b60c-e9631522e919@group-101E1C95831D-LeaderElection8 PRE_VOTE round 0: result PASSED
2023-11-20 14:17:09,480 [c950ed05-5bc7-49cd-b60c-e9631522e919@group-101E1C95831D-LeaderElection8] INFO  impl.LeaderElection (LeaderElection.java:askForVotes(321)) - c950ed05-5bc7-49cd-b60c-e9631522e919@group-101E1C95831D-LeaderElection8 ELECTION round 0: submit vote requests at term 1 for -1: peers:[e744cdee-db3a-4307-a129-877114b2ee40|rpc:10.1.0.10:15014|admin:10.1.0.10:15013|client:10.1.0.10:15012|dataStream:10.1.0.10:15015|priority:0|startupRole:FOLLOWER, 617fee10-5999-41fc-ba89-05e5beaae1db|rpc:10.1.0.10:15023|admin:10.1.0.10:15022|client:10.1.0.10:15021|dataStream:10.1.0.10:15024|priority:0|startupRole:FOLLOWER, c950ed05-5bc7-49cd-b60c-e9631522e919|rpc:10.1.0.10:15032|admin:10.1.0.10:15031|client:10.1.0.10:15030|dataStream:10.1.0.10:15033|priority:1|startupRole:FOLLOWER]|listeners:[], old=null
2023-11-20 14:17:09,481 [c950ed05-5bc7-49cd-b60c-e9631522e919@group-101E1C95831D-LeaderElection8] INFO  server.RaftServerConfigKeys (ConfUtils.java:logFallback(53)) - raft.server.rpc.first-election.timeout.min = 5s (fallback to raft.server.rpc.timeout.min)
2023-11-20 14:17:09,484 [c950ed05-5bc7-49cd-b60c-e9631522e919@group-101E1C95831D-LeaderElection8] INFO  server.RaftServerConfigKeys (ConfUtils.java:logFallback(53)) - raft.server.rpc.first-election.timeout.max = 5200ms (fallback to raft.server.rpc.timeout.max)
2023-11-20 14:17:09,487 [grpc-default-executor-5] INFO  server.RaftServer$Division (RaftServerImpl.java:requestVote(1302)) - 617fee10-5999-41fc-ba89-05e5beaae1db@group-101E1C95831D: receive requestVote(ELECTION, c950ed05-5bc7-49cd-b60c-e9631522e919, group-101E1C95831D, 1, (t:0, i:0))
2023-11-20 14:17:09,488 [grpc-default-executor-2] INFO  server.RaftServer$Division (RaftServerImpl.java:requestVote(1302)) - e744cdee-db3a-4307-a129-877114b2ee40@group-101E1C95831D: receive requestVote(ELECTION, c950ed05-5bc7-49cd-b60c-e9631522e919, group-101E1C95831D, 1, (t:0, i:0))
2023-11-20 14:17:09,488 [grpc-default-executor-2] INFO  impl.VoteContext (VoteContext.java:log(49)) - e744cdee-db3a-4307-a129-877114b2ee40@group-101E1C95831D-FOLLOWER: accept ELECTION from c950ed05-5bc7-49cd-b60c-e9631522e919: our priority 0 <= candidate's priority 1
2023-11-20 14:17:09,488 [grpc-default-executor-2] INFO  server.RaftServer$Division (RaftServerImpl.java:setRole(329)) - e744cdee-db3a-4307-a129-877114b2ee40@group-101E1C95831D: changes role from  FOLLOWER to FOLLOWER at term 1 for candidate:c950ed05-5bc7-49cd-b60c-e9631522e919
2023-11-20 14:17:09,488 [grpc-default-executor-2] INFO  impl.RoleInfo (RoleInfo.java:shutdownFollowerState(110)) - e744cdee-db3a-4307-a129-877114b2ee40: shutdown e744cdee-db3a-4307-a129-877114b2ee40@group-101E1C95831D-FollowerState
2023-11-20 14:17:09,488 [grpc-default-executor-2] INFO  impl.RoleInfo (RoleInfo.java:updateAndGet(139)) - e744cdee-db3a-4307-a129-877114b2ee40: start e744cdee-db3a-4307-a129-877114b2ee40@group-101E1C95831D-FollowerState
2023-11-20 14:17:09,488 [e744cdee-db3a-4307-a129-877114b2ee40@group-101E1C95831D-FollowerState] INFO  impl.FollowerState (FollowerState.java:run(152)) - e744cdee-db3a-4307-a129-877114b2ee40@group-101E1C95831D-FollowerState was interrupted
2023-11-20 14:17:09,489 [grpc-default-executor-2] INFO  server.RaftServer$Division (RaftServerImpl.java:requestVote(1335)) - e744cdee-db3a-4307-a129-877114b2ee40@group-101E1C95831D replies to ELECTION vote request: c950ed05-5bc7-49cd-b60c-e9631522e919<-e744cdee-db3a-4307-a129-877114b2ee40#0:OK-t1. Peer's state: e744cdee-db3a-4307-a129-877114b2ee40@group-101E1C95831D:t1, leader=null, voted=c950ed05-5bc7-49cd-b60c-e9631522e919, raftlog=Memoized:e744cdee-db3a-4307-a129-877114b2ee40@group-101E1C95831D-SegmentedRaftLog:OPENED:c-1, conf=-1: peers:[e744cdee-db3a-4307-a129-877114b2ee40|rpc:10.1.0.10:15014|admin:10.1.0.10:15013|client:10.1.0.10:15012|dataStream:10.1.0.10:15015|priority:0|startupRole:FOLLOWER, 617fee10-5999-41fc-ba89-05e5beaae1db|rpc:10.1.0.10:15023|admin:10.1.0.10:15022|client:10.1.0.10:15021|dataStream:10.1.0.10:15024|priority:0|startupRole:FOLLOWER, c950ed05-5bc7-49cd-b60c-e9631522e919|rpc:10.1.0.10:15032|admin:10.1.0.10:15031|client:10.1.0.10:15030|dataStream:10.1.0.10:15033|priority:1|startupRole:FOLLOWER]|listeners:[], old=null
2023-11-20 14:17:09,490 [grpc-default-executor-5] INFO  impl.VoteContext (VoteContext.java:log(49)) - 617fee10-5999-41fc-ba89-05e5beaae1db@group-101E1C95831D-FOLLOWER: accept ELECTION from c950ed05-5bc7-49cd-b60c-e9631522e919: our priority 0 <= candidate's priority 1
2023-11-20 14:17:09,491 [grpc-default-executor-5] INFO  server.RaftServer$Division (RaftServerImpl.java:setRole(329)) - 617fee10-5999-41fc-ba89-05e5beaae1db@group-101E1C95831D: changes role from  FOLLOWER to FOLLOWER at term 1 for candidate:c950ed05-5bc7-49cd-b60c-e9631522e919
2023-11-20 14:17:09,491 [grpc-default-executor-5] INFO  impl.RoleInfo (RoleInfo.java:shutdownFollowerState(110)) - 617fee10-5999-41fc-ba89-05e5beaae1db: shutdown 617fee10-5999-41fc-ba89-05e5beaae1db@group-101E1C95831D-FollowerState
2023-11-20 14:17:09,491 [grpc-default-executor-5] INFO  impl.RoleInfo (RoleInfo.java:updateAndGet(139)) - 617fee10-5999-41fc-ba89-05e5beaae1db: start 617fee10-5999-41fc-ba89-05e5beaae1db@group-101E1C95831D-FollowerState
2023-11-20 14:17:09,491 [617fee10-5999-41fc-ba89-05e5beaae1db@group-101E1C95831D-FollowerState] INFO  impl.FollowerState (FollowerState.java:run(152)) - 617fee10-5999-41fc-ba89-05e5beaae1db@group-101E1C95831D-FollowerState was interrupted
2023-11-20 14:17:09,493 [grpc-default-executor-5] INFO  server.RaftServer$Division (RaftServerImpl.java:requestVote(1335)) - 617fee10-5999-41fc-ba89-05e5beaae1db@group-101E1C95831D replies to ELECTION vote request: c950ed05-5bc7-49cd-b60c-e9631522e919<-617fee10-5999-41fc-ba89-05e5beaae1db#0:OK-t1. Peer's state: 617fee10-5999-41fc-ba89-05e5beaae1db@group-101E1C95831D:t1, leader=null, voted=c950ed05-5bc7-49cd-b60c-e9631522e919, raftlog=Memoized:617fee10-5999-41fc-ba89-05e5beaae1db@group-101E1C95831D-SegmentedRaftLog:OPENED:c-1, conf=-1: peers:[e744cdee-db3a-4307-a129-877114b2ee40|rpc:10.1.0.10:15014|admin:10.1.0.10:15013|client:10.1.0.10:15012|dataStream:10.1.0.10:15015|priority:0|startupRole:FOLLOWER, 617fee10-5999-41fc-ba89-05e5beaae1db|rpc:10.1.0.10:15023|admin:10.1.0.10:15022|client:10.1.0.10:15021|dataStream:10.1.0.10:15024|priority:0|startupRole:FOLLOWER, c950ed05-5bc7-49cd-b60c-e9631522e919|rpc:10.1.0.10:15032|admin:10.1.0.10:15031|client:10.1.0.10:15030|dataStream:10.1.0.10:15033|priority:1|startupRole:FOLLOWER]|listeners:[], old=null
2023-11-20 14:17:09,494 [c950ed05-5bc7-49cd-b60c-e9631522e919@group-101E1C95831D-LeaderElection8] INFO  impl.LeaderElection (LeaderElection.java:logAndReturn(90)) - c950ed05-5bc7-49cd-b60c-e9631522e919@group-101E1C95831D-LeaderElection8: ELECTION PASSED received 1 response(s) and 0 exception(s):
2023-11-20 14:17:09,494 [c950ed05-5bc7-49cd-b60c-e9631522e919@group-101E1C95831D-LeaderElection8] INFO  impl.LeaderElection (LeaderElection.java:logAndReturn(94)) -   Response 0: c950ed05-5bc7-49cd-b60c-e9631522e919<-e744cdee-db3a-4307-a129-877114b2ee40#0:OK-t1
2023-11-20 14:17:09,494 [c950ed05-5bc7-49cd-b60c-e9631522e919@group-101E1C95831D-LeaderElection8] INFO  impl.LeaderElection (LeaderElection.java:askForVotes(323)) - c950ed05-5bc7-49cd-b60c-e9631522e919@group-101E1C95831D-LeaderElection8 ELECTION round 0: result PASSED
2023-11-20 14:17:09,494 [c950ed05-5bc7-49cd-b60c-e9631522e919@group-101E1C95831D-LeaderElection8] INFO  impl.RoleInfo (RoleInfo.java:shutdownLeaderElection(130)) - c950ed05-5bc7-49cd-b60c-e9631522e919: shutdown c950ed05-5bc7-49cd-b60c-e9631522e919@group-101E1C95831D-LeaderElection8
2023-11-20 14:17:09,494 [c950ed05-5bc7-49cd-b60c-e9631522e919@group-101E1C95831D-LeaderElection8] INFO  server.RaftServer$Division (RaftServerImpl.java:setRole(329)) - c950ed05-5bc7-49cd-b60c-e9631522e919@group-101E1C95831D: changes role from CANDIDATE to LEADER at term 1 for changeToLeader
2023-11-20 14:17:09,494 [c950ed05-5bc7-49cd-b60c-e9631522e919@group-101E1C95831D-LeaderElection8] INFO  ratis.XceiverServerRatis (XceiverServerRatis.java:handleLeaderChangedNotification(905)) - Leader change notification received for group: group-101E1C95831D with new leaderId: c950ed05-5bc7-49cd-b60c-e9631522e919
2023-11-20 14:17:09,495 [c950ed05-5bc7-49cd-b60c-e9631522e919@group-101E1C95831D-LeaderElection8] INFO  server.RaftServer$Division (ServerState.java:setLeader(317)) - c950ed05-5bc7-49cd-b60c-e9631522e919@group-101E1C95831D: change Leader from null to c950ed05-5bc7-49cd-b60c-e9631522e919 at term 1 for becomeLeader, leader elected after 5147ms
2023-11-20 14:17:09,495 [c950ed05-5bc7-49cd-b60c-e9631522e919@group-101E1C95831D-LeaderElection8] INFO  server.RaftServerConfigKeys (ConfUtils.java:logGet(46)) - raft.server.staging.catchup.gap = 1000 (default)
2023-11-20 14:17:09,495 [c950ed05-5bc7-49cd-b60c-e9631522e919@group-101E1C95831D-LeaderElection8] INFO  server.RaftServerConfigKeys (ConfUtils.java:logGet(46)) - raft.server.write.element-limit = 1024 (custom)
2023-11-20 14:17:09,495 [c950ed05-5bc7-49cd-b60c-e9631522e919@group-101E1C95831D-LeaderElection8] INFO  server.RaftServerConfigKeys (ConfUtils.java:logGet(46)) - raft.server.write.byte-limit = 1024 M (=1073741824) (custom)
2023-11-20 14:17:09,496 [c950ed05-5bc7-49cd-b60c-e9631522e919@group-101E1C95831D-LeaderElection8] INFO  server.RaftServerConfigKeys (ConfUtils.java:logGet(46)) - raft.server.watch.timeout = 180s (custom)
2023-11-20 14:17:09,496 [c950ed05-5bc7-49cd-b60c-e9631522e919@group-101E1C95831D-LeaderElection8] INFO  server.RaftServerConfigKeys (ConfUtils.java:logGet(46)) - raft.server.watch.timeout.denomination = 1s (default)
2023-11-20 14:17:09,496 [c950ed05-5bc7-49cd-b60c-e9631522e919@group-101E1C95831D-LeaderElection8] INFO  server.RaftServerConfigKeys (ConfUtils.java:logGet(46)) - raft.server.watch.element-limit = 65536 (default)
2023-11-20 14:17:09,496 [c950ed05-5bc7-49cd-b60c-e9631522e919@group-101E1C95831D-LeaderElection8] INFO  server.RaftServerConfigKeys (ConfUtils.java:logGet(46)) - raft.server.write.element-limit = 1024 (custom)
2023-11-20 14:17:09,496 [c950ed05-5bc7-49cd-b60c-e9631522e919@group-101E1C95831D-LeaderElection8] INFO  server.RaftServerConfigKeys (ConfUtils.java:logGet(46)) - raft.server.write.follower.gap.ratio.max = -1.0 (default)
2023-11-20 14:17:09,497 [c950ed05-5bc7-49cd-b60c-e9631522e919@group-101E1C95831D-LeaderElection8] INFO  server.RaftServerConfigKeys (ConfUtils.java:logGet(46)) - raft.server.log.appender.snapshot.chunk.size.max = 16MB (=16777216) (default)
2023-11-20 14:17:09,497 [c950ed05-5bc7-49cd-b60c-e9631522e919@group-101E1C95831D-LeaderElection8] INFO  server.RaftServerConfigKeys (ConfUtils.java:logGet(46)) - raft.server.log.appender.buffer.byte-limit = 33554432 (custom)
2023-11-20 14:17:09,497 [c950ed05-5bc7-49cd-b60c-e9631522e919@group-101E1C95831D-LeaderElection8] INFO  server.RaftServerConfigKeys (ConfUtils.java:logGet(46)) - raft.server.log.appender.buffer.element-limit = 1 (custom)
2023-11-20 14:17:09,497 [c950ed05-5bc7-49cd-b60c-e9631522e919@group-101E1C95831D-LeaderElection8] INFO  server.RaftServerConfigKeys (ConfUtils.java:logGet(46)) - raft.server.log.appender.wait-time.min = 1ms (custom)
2023-11-20 14:17:09,497 [EventQueue-PipelineReportForPipelineReportHandler] INFO  pipeline.PipelineReportHandler (PipelineReportHandler.java:processPipelineReport(136)) - Opened pipeline PipelineID=1b8177ee-0fa2-43ee-b8e1-101e1c95831d
2023-11-20 14:17:09,497 [c950ed05-5bc7-49cd-b60c-e9631522e919@group-101E1C95831D-LeaderElection8] INFO  grpc.GrpcConfigKeys (ConfUtils.java:logGet(46)) - raft.grpc.server.leader.outstanding.appends.max = 128 (default)
2023-11-20 14:17:09,498 [c950ed05-5bc7-49cd-b60c-e9631522e919@group-101E1C95831D-LeaderElection8] INFO  server.RaftServerConfigKeys (ConfUtils.java:logGet(46)) - raft.server.rpc.request.timeout = 60s (custom)
2023-11-20 14:17:09,498 [c950ed05-5bc7-49cd-b60c-e9631522e919@group-101E1C95831D-LeaderElection8] INFO  grpc.GrpcConfigKeys (ConfUtils.java:logGet(46)) - raft.grpc.server.install_snapshot.request.element-limit = 8 (default)
2023-11-20 14:17:09,498 [c950ed05-5bc7-49cd-b60c-e9631522e919@group-101E1C95831D-LeaderElection8] INFO  grpc.GrpcConfigKeys (ConfUtils.java:logGet(46)) - raft.grpc.server.install_snapshot.request.timeout = 3000ms (default)
2023-11-20 14:17:09,498 [c950ed05-5bc7-49cd-b60c-e9631522e919@group-101E1C95831D-LeaderElection8] INFO  server.RaftServerConfigKeys (ConfUtils.java:logGet(46)) - raft.server.log.appender.install.snapshot.enabled = false (custom)
2023-11-20 14:17:09,498 [c950ed05-5bc7-49cd-b60c-e9631522e919@group-101E1C95831D-LeaderElection8] INFO  grpc.GrpcConfigKeys (ConfUtils.java:logGet(46)) - raft.grpc.server.heartbeat.channel = true (default)
2023-11-20 14:17:09,499 [c950ed05-5bc7-49cd-b60c-e9631522e919@group-101E1C95831D-LeaderElection8] INFO  server.RaftServerConfigKeys (ConfUtils.java:logGet(46)) - raft.server.log.appender.snapshot.chunk.size.max = 16MB (=16777216) (default)
2023-11-20 14:17:09,499 [c950ed05-5bc7-49cd-b60c-e9631522e919@group-101E1C95831D-LeaderElection8] INFO  server.RaftServerConfigKeys (ConfUtils.java:logGet(46)) - raft.server.log.appender.buffer.byte-limit = 33554432 (custom)
2023-11-20 14:17:09,499 [c950ed05-5bc7-49cd-b60c-e9631522e919@group-101E1C95831D-LeaderElection8] INFO  server.RaftServerConfigKeys (ConfUtils.java:logGet(46)) - raft.server.log.appender.buffer.element-limit = 1 (custom)
2023-11-20 14:17:09,499 [c950ed05-5bc7-49cd-b60c-e9631522e919@group-101E1C95831D-LeaderElection8] INFO  server.RaftServerConfigKeys (ConfUtils.java:logGet(46)) - raft.server.log.appender.wait-time.min = 1ms (custom)
2023-11-20 14:17:09,499 [c950ed05-5bc7-49cd-b60c-e9631522e919@group-101E1C95831D-LeaderElection8] INFO  grpc.GrpcConfigKeys (ConfUtils.java:logGet(46)) - raft.grpc.server.leader.outstanding.appends.max = 128 (default)
2023-11-20 14:17:09,500 [c950ed05-5bc7-49cd-b60c-e9631522e919@group-101E1C95831D-LeaderElection8] INFO  server.RaftServerConfigKeys (ConfUtils.java:logGet(46)) - raft.server.rpc.request.timeout = 60s (custom)
2023-11-20 14:17:09,500 [c950ed05-5bc7-49cd-b60c-e9631522e919@group-101E1C95831D-LeaderElection8] INFO  grpc.GrpcConfigKeys (ConfUtils.java:logGet(46)) - raft.grpc.server.install_snapshot.request.element-limit = 8 (default)
2023-11-20 14:17:09,500 [c950ed05-5bc7-49cd-b60c-e9631522e919@group-101E1C95831D-LeaderElection8] INFO  grpc.GrpcConfigKeys (ConfUtils.java:logGet(46)) - raft.grpc.server.install_snapshot.request.timeout = 3000ms (default)
2023-11-20 14:17:09,500 [c950ed05-5bc7-49cd-b60c-e9631522e919@group-101E1C95831D-LeaderElection8] INFO  server.RaftServerConfigKeys (ConfUtils.java:logGet(46)) - raft.server.log.appender.install.snapshot.enabled = false (custom)
2023-11-20 14:17:09,500 [c950ed05-5bc7-49cd-b60c-e9631522e919@group-101E1C95831D-LeaderElection8] INFO  grpc.GrpcConfigKeys (ConfUtils.java:logGet(46)) - raft.grpc.server.heartbeat.channel = true (default)
2023-11-20 14:17:09,500 [c950ed05-5bc7-49cd-b60c-e9631522e919@group-101E1C95831D-LeaderElection8] INFO  impl.RoleInfo (RoleInfo.java:updateAndGet(139)) - c950ed05-5bc7-49cd-b60c-e9631522e919: start c950ed05-5bc7-49cd-b60c-e9631522e919@group-101E1C95831D-LeaderStateImpl
2023-11-20 14:17:09,500 [c950ed05-5bc7-49cd-b60c-e9631522e919@group-101E1C95831D-LeaderElection8] INFO  segmented.SegmentedRaftLogWorker (SegmentedRaftLogWorker.java:startLogSegment(447)) - c950ed05-5bc7-49cd-b60c-e9631522e919@group-101E1C95831D-SegmentedRaftLogWorker: Starting segment from index:0
2023-11-20 14:17:09,502 [c950ed05-5bc7-49cd-b60c-e9631522e919@group-101E1C95831D-SegmentedRaftLogWorker] INFO  segmented.SegmentedRaftLogWorker (SegmentedRaftLogWorker.java:execute(651)) - c950ed05-5bc7-49cd-b60c-e9631522e919@group-101E1C95831D-SegmentedRaftLogWorker: created new log segment /home/runner/work/ozone/ozone/hadoop-ozone/integration-test/target/test-dir/MiniOzoneClusterImpl-7293264f-739e-43f0-b608-0ff531f18758/datanode-2/data/ratis/1b8177ee-0fa2-43ee-b8e1-101e1c95831d/current/log_inprogress_0
2023-11-20 14:17:09,503 [c950ed05-5bc7-49cd-b60c-e9631522e919@group-101E1C95831D-LeaderElection8] INFO  server.RaftServer$Division (ServerState.java:setRaftConf(434)) - c950ed05-5bc7-49cd-b60c-e9631522e919@group-101E1C95831D: set configuration 0: peers:[e744cdee-db3a-4307-a129-877114b2ee40|rpc:10.1.0.10:15014|admin:10.1.0.10:15013|client:10.1.0.10:15012|dataStream:10.1.0.10:15015|priority:0|startupRole:FOLLOWER, 617fee10-5999-41fc-ba89-05e5beaae1db|rpc:10.1.0.10:15023|admin:10.1.0.10:15022|client:10.1.0.10:15021|dataStream:10.1.0.10:15024|priority:0|startupRole:FOLLOWER, c950ed05-5bc7-49cd-b60c-e9631522e919|rpc:10.1.0.10:15032|admin:10.1.0.10:15031|client:10.1.0.10:15030|dataStream:10.1.0.10:15033|priority:1|startupRole:FOLLOWER]|listeners:[], old=null
2023-11-20 14:17:09,507 [617fee10-5999-41fc-ba89-05e5beaae1db-server-thread1] INFO  ratis.XceiverServerRatis (XceiverServerRatis.java:handleLeaderChangedNotification(905)) - Leader change notification received for group: group-101E1C95831D with new leaderId: c950ed05-5bc7-49cd-b60c-e9631522e919
2023-11-20 14:17:09,507 [617fee10-5999-41fc-ba89-05e5beaae1db-server-thread1] INFO  server.RaftServer$Division (ServerState.java:setLeader(317)) - 617fee10-5999-41fc-ba89-05e5beaae1db@group-101E1C95831D: change Leader from null to c950ed05-5bc7-49cd-b60c-e9631522e919 at term 1 for appendEntries, leader elected after 5160ms
2023-11-20 14:17:09,507 [617fee10-5999-41fc-ba89-05e5beaae1db-server-thread1] INFO  server.RaftServer$Division (ServerState.java:setRaftConf(434)) - 617fee10-5999-41fc-ba89-05e5beaae1db@group-101E1C95831D: set configuration 0: peers:[e744cdee-db3a-4307-a129-877114b2ee40|rpc:10.1.0.10:15014|admin:10.1.0.10:15013|client:10.1.0.10:15012|dataStream:10.1.0.10:15015|priority:0|startupRole:FOLLOWER, 617fee10-5999-41fc-ba89-05e5beaae1db|rpc:10.1.0.10:15023|admin:10.1.0.10:15022|client:10.1.0.10:15021|dataStream:10.1.0.10:15024|priority:0|startupRole:FOLLOWER, c950ed05-5bc7-49cd-b60c-e9631522e919|rpc:10.1.0.10:15032|admin:10.1.0.10:15031|client:10.1.0.10:15030|dataStream:10.1.0.10:15033|priority:1|startupRole:FOLLOWER]|listeners:[], old=null
2023-11-20 14:17:09,508 [617fee10-5999-41fc-ba89-05e5beaae1db-server-thread1] INFO  segmented.SegmentedRaftLogWorker (SegmentedRaftLogWorker.java:startLogSegment(447)) - 617fee10-5999-41fc-ba89-05e5beaae1db@group-101E1C95831D-SegmentedRaftLogWorker: Starting segment from index:0
2023-11-20 14:17:09,509 [617fee10-5999-41fc-ba89-05e5beaae1db@group-101E1C95831D-SegmentedRaftLogWorker] INFO  segmented.SegmentedRaftLogWorker (SegmentedRaftLogWorker.java:execute(651)) - 617fee10-5999-41fc-ba89-05e5beaae1db@group-101E1C95831D-SegmentedRaftLogWorker: created new log segment /home/runner/work/ozone/ozone/hadoop-ozone/integration-test/target/test-dir/MiniOzoneClusterImpl-7293264f-739e-43f0-b608-0ff531f18758/datanode-1/data/ratis/1b8177ee-0fa2-43ee-b8e1-101e1c95831d/current/log_inprogress_0
2023-11-20 14:17:09,515 [e744cdee-db3a-4307-a129-877114b2ee40-server-thread2] INFO  ratis.XceiverServerRatis (XceiverServerRatis.java:handleLeaderChangedNotification(905)) - Leader change notification received for group: group-101E1C95831D with new leaderId: c950ed05-5bc7-49cd-b60c-e9631522e919
2023-11-20 14:17:09,520 [e744cdee-db3a-4307-a129-877114b2ee40-server-thread2] INFO  server.RaftServer$Division (ServerState.java:setLeader(317)) - e744cdee-db3a-4307-a129-877114b2ee40@group-101E1C95831D: change Leader from null to c950ed05-5bc7-49cd-b60c-e9631522e919 at term 1 for appendEntries, leader elected after 5169ms
2023-11-20 14:17:09,521 [e744cdee-db3a-4307-a129-877114b2ee40-server-thread2] INFO  server.RaftServer$Division (ServerState.java:setRaftConf(434)) - e744cdee-db3a-4307-a129-877114b2ee40@group-101E1C95831D: set configuration 0: peers:[e744cdee-db3a-4307-a129-877114b2ee40|rpc:10.1.0.10:15014|admin:10.1.0.10:15013|client:10.1.0.10:15012|dataStream:10.1.0.10:15015|priority:0|startupRole:FOLLOWER, 617fee10-5999-41fc-ba89-05e5beaae1db|rpc:10.1.0.10:15023|admin:10.1.0.10:15022|client:10.1.0.10:15021|dataStream:10.1.0.10:15024|priority:0|startupRole:FOLLOWER, c950ed05-5bc7-49cd-b60c-e9631522e919|rpc:10.1.0.10:15032|admin:10.1.0.10:15031|client:10.1.0.10:15030|dataStream:10.1.0.10:15033|priority:1|startupRole:FOLLOWER]|listeners:[], old=null
2023-11-20 14:17:09,521 [e744cdee-db3a-4307-a129-877114b2ee40-server-thread2] INFO  segmented.SegmentedRaftLogWorker (SegmentedRaftLogWorker.java:startLogSegment(447)) - e744cdee-db3a-4307-a129-877114b2ee40@group-101E1C95831D-SegmentedRaftLogWorker: Starting segment from index:0
2023-11-20 14:17:09,522 [e744cdee-db3a-4307-a129-877114b2ee40@group-101E1C95831D-SegmentedRaftLogWorker] INFO  segmented.SegmentedRaftLogWorker (SegmentedRaftLogWorker.java:execute(651)) - e744cdee-db3a-4307-a129-877114b2ee40@group-101E1C95831D-SegmentedRaftLogWorker: created new log segment /home/runner/work/ozone/ozone/hadoop-ozone/integration-test/target/test-dir/MiniOzoneClusterImpl-7293264f-739e-43f0-b608-0ff531f18758/datanode-0/data/ratis/1b8177ee-0fa2-43ee-b8e1-101e1c95831d/current/log_inprogress_0
2023-11-20 14:17:09,754 [main] INFO  rpc.RpcClient (RpcClient.java:createVolume(464)) - Creating Volume: volume73660, with user06257 as owner and space quota set to -1 bytes, counts quota set to -1
2023-11-20 14:17:09,793 [om1-OMStateMachineApplyTransactionThread - 0] INFO  volume.OMVolumeCreateRequest (OMVolumeCreateRequest.java:validateAndUpdateCache(204)) - created volume:volume73660 for user:user06257
2023-11-20 14:17:09,808 [main] INFO  rpc.RpcClient (RpcClient.java:createBucket(691)) - Creating Bucket: volume73660/bucket24382, with bucket layout FILE_SYSTEM_OPTIMIZED, runner as owner, Versioning false, Storage Type set to DISK and Encryption set to false, Replication Type set to server-side default replication type, Namespace Quota set to -1, Space Quota set to -1 
2023-11-20 14:17:09,819 [om1-OMStateMachineApplyTransactionThread - 0] INFO  bucket.OMBucketCreateRequest (OMBucketCreateRequest.java:validateAndUpdateCache(279)) - created bucket: bucket24382 of layout FILE_SYSTEM_OPTIMIZED in volume: volume73660
2023-11-20 14:17:09,948 [Time-limited test] INFO  ozone.TestOzoneFileSystemWithFSO (TestOzoneFileSystemWithFSO.java:testRenameDirToItsOwnSubDir(294)) - Created dir1 o3fs://bucket24382.volume73660/root/dir1/sub_dir1
2023-11-20 14:17:09,948 [Time-limited test] INFO  ozone.TestOzoneFileSystemWithFSO (TestOzoneFileSystemWithFSO.java:testRenameDirToItsOwnSubDir(297)) - Rename op-> source:o3fs://bucket24382.volume73660/root to destin:o3fs://bucket24382.volume73660/root/dir1/sub_dir1
14:17:09.967 [om1-OMStateMachineApplyTransactionThread - 0] ERROR OMAudit - user=runner | ip=127.0.0.1 | op=RENAME_KEY {volume=volume73660, bucket=bucket24382, dataSize=0, replicationType=NONE, replicationFactor=ZERO, srcKey=root, dstKey=root/dir1/sub_dir1} | ret=FAILURE
org.apache.hadoop.ozone.om.exceptions.OMException: Cannot rename a directory to its own subdirectory
	at org.apache.hadoop.ozone.om.request.file.OMFileRequest.verifyToDirIsASubDirOfFromDirectory(OMFileRequest.java:809) ~[ozone-manager-1.4.0-SNAPSHOT.jar:?]
	at org.apache.hadoop.ozone.om.request.key.OMKeyRenameRequestWithFSO.validateAndUpdateCache(OMKeyRenameRequestWithFSO.java:161) ~[ozone-manager-1.4.0-SNAPSHOT.jar:?]
	at org.apache.hadoop.ozone.protocolPB.OzoneManagerRequestHandler.lambda$0(OzoneManagerRequestHandler.java:395) ~[ozone-manager-1.4.0-SNAPSHOT.jar:?]
	at org.apache.hadoop.util.MetricUtil.captureLatencyNs(MetricUtil.java:39) ~[hdds-common-1.4.0-SNAPSHOT.jar:?]
	at org.apache.hadoop.ozone.protocolPB.OzoneManagerRequestHandler.handleWriteRequest(OzoneManagerRequestHandler.java:393) ~[ozone-manager-1.4.0-SNAPSHOT.jar:?]
	at org.apache.hadoop.ozone.om.ratis.OzoneManagerStateMachine.runCommand(OzoneManagerStateMachine.java:581) ~[ozone-manager-1.4.0-SNAPSHOT.jar:?]
	at org.apache.hadoop.ozone.om.ratis.OzoneManagerStateMachine.lambda$1(OzoneManagerStateMachine.java:370) ~[ozone-manager-1.4.0-SNAPSHOT.jar:?]
	at java.util.concurrent.CompletableFuture$AsyncSupply.run(CompletableFuture.java:1604) [?:1.8.0_392]
	at java.util.concurrent.ThreadPoolExecutor.runWorker(ThreadPoolExecutor.java:1149) [?:1.8.0_392]
	at java.util.concurrent.ThreadPoolExecutor$Worker.run(ThreadPoolExecutor.java:624) [?:1.8.0_392]
	at java.lang.Thread.run(Thread.java:750) [?:1.8.0_392]
2023-11-20 14:17:09,977 [om1-OMStateMachineApplyTransactionThread - 0] ERROR key.OMKeyRenameRequestWithFSO (OMKeyRenameRequestWithFSO.java:validateAndUpdateCache(255)) - Rename key failed for volume:volume73660 bucket:bucket24382 fromKey:root toKey:root/dir1/sub_dir1. Exception: Cannot rename a directory to its own subdirectory.
2023-11-20 14:17:09,980 [Time-limited test] ERROR ozone.BasicOzoneFileSystem (BasicOzoneFileSystem.java:renameFSO(496)) - rename key failed: Cannot rename a directory to its own subdirectory. Error code: KEY_RENAME_ERROR source:root, destin:root/dir1/sub_dir1
]]></system-out>
  </testcase>
  <testcase name="testRenameDirToItsOwnSubDir" classname="TestOzoneFileSystemWithFSO" time="17.828">
    <system-out><![CDATA[2023-11-20 14:17:19,991 [main] INFO  ozone.MiniOzoneClusterImpl (MiniOzoneClusterImpl.java:shutdown(449)) - Shutting down the Mini Ozone Cluster
2023-11-20 14:17:19,992 [main] INFO  ozone.MiniOzoneClusterImpl (MiniOzoneClusterImpl.java:stop(466)) - Stopping the Mini Ozone Cluster
2023-11-20 14:17:19,992 [main] INFO  om.OzoneManager (OzoneManager.java:stop(2203)) - om1[localhost:15004]: Stopping Ozone Manager
2023-11-20 14:17:19,992 [main] INFO  ipc.Server (Server.java:stop(3523)) - Stopping server on 15004
2023-11-20 14:17:19,997 [IPC Server Responder] INFO  ipc.Server (Server.java:run(1567)) - Stopping IPC Server Responder
2023-11-20 14:17:19,997 [IPC Server listener on 15004] INFO  ipc.Server (Server.java:run(1434)) - Stopping IPC Server listener on 15004
2023-11-20 14:17:19,998 [main] INFO  server.RaftServer (RaftServerProxy.java:lambda$close$6(416)) - om1: close
2023-11-20 14:17:19,999 [om1-impl-thread1] INFO  server.RaftServer$Division (RaftServerImpl.java:lambda$close$4(466)) - om1@group-C5BA1605619E: shutdown
2023-11-20 14:17:19,999 [main] INFO  server.GrpcService (GrpcService.java:closeImpl(311)) - om1: shutdown server GrpcServerProtocolService now
2023-11-20 14:17:19,999 [om1-impl-thread1] INFO  util.JmxRegister (JmxRegister.java:unregister(73)) - Successfully un-registered JMX Bean with object name Ratis:service=RaftServer,group=group-C5BA1605619E,id=om1
2023-11-20 14:17:19,999 [om1-impl-thread1] INFO  impl.RoleInfo (RoleInfo.java:shutdownLeaderState(93)) - om1: shutdown om1@group-C5BA1605619E-LeaderStateImpl
2023-11-20 14:17:20,000 [om1-impl-thread1] INFO  impl.PendingRequests (PendingRequests.java:sendNotLeaderResponses(289)) - om1@group-C5BA1605619E-PendingRequests: sendNotLeaderResponses
2023-11-20 14:17:20,006 [om1-impl-thread1] INFO  impl.StateMachineUpdater (StateMachineUpdater.java:stopAndJoin(155)) - om1@group-C5BA1605619E-StateMachineUpdater: set stopIndex = 3896
2023-11-20 14:17:20,006 [om1@group-C5BA1605619E-StateMachineUpdater] INFO  ratis.OzoneManagerStateMachine (OzoneManagerStateMachine.java:takeSnapshot(491)) - Current Snapshot Index (t:1, i:3896)
2023-11-20 14:17:20,009 [main] INFO  server.GrpcService (GrpcService.java:closeImpl(320)) - om1: shutdown server GrpcServerProtocolService successfully
2023-11-20 14:17:20,037 [om1@group-C5BA1605619E-StateMachineUpdater] INFO  impl.StateMachineUpdater (StateMachineUpdater.java:takeSnapshot(291)) - om1@group-C5BA1605619E-StateMachineUpdater: Took a snapshot at index 3896
2023-11-20 14:17:20,037 [om1@group-C5BA1605619E-StateMachineUpdater] INFO  impl.StateMachineUpdater (StateMachineUpdater.java:lambda$new$0(97)) - om1@group-C5BA1605619E-StateMachineUpdater: snapshotIndex: updateIncreasingly -1 -> 3896
2023-11-20 14:17:20,037 [om1@group-C5BA1605619E-StateMachineUpdater] INFO  ratis.OzoneManagerStateMachine (OzoneManagerStateMachine.java:close(545)) - StateMachine has shutdown. Shutdown OzoneManager if not already shutdown.
2023-11-20 14:17:20,038 [om1@group-C5BA1605619E-StateMachineUpdater] INFO  ratis.OzoneManagerDoubleBuffer (OzoneManagerDoubleBuffer.java:stopDaemon(559)) - Stopping OMDoubleBuffer flush thread
2023-11-20 14:17:20,038 [om1-OMDoubleBufferFlushThread] INFO  ratis.OzoneManagerDoubleBuffer (OzoneManagerDoubleBuffer.java:canFlush(646)) - OMDoubleBuffer flush thread om1-OMDoubleBufferFlushThread is interrupted and will exit.
2023-11-20 14:17:20,039 [om1-impl-thread1] INFO  server.RaftServer$Division (ServerState.java:close(472)) - om1@group-C5BA1605619E: closes. applyIndex: 3896
2023-11-20 14:17:20,983 [om1-impl-thread1] INFO  segmented.SegmentedRaftLogWorker (SegmentedRaftLogWorker.java:close(252)) - om1@group-C5BA1605619E-SegmentedRaftLogWorker close()
2023-11-20 14:17:20,983 [JvmPauseMonitor1] INFO  util.JvmPauseMonitor (JvmPauseMonitor.java:run(109)) - JvmPauseMonitor-om1: Stopped
2023-11-20 14:17:20,983 [main] INFO  ratis.OzoneManagerStateMachine (OzoneManagerStateMachine.java:close(545)) - StateMachine has shutdown. Shutdown OzoneManager if not already shutdown.
2023-11-20 14:17:20,983 [main] INFO  ratis.OzoneManagerDoubleBuffer (OzoneManagerDoubleBuffer.java:stopDaemon(568)) - OMDoubleBuffer flush thread is not running.
2023-11-20 14:17:20,984 [main] INFO  utils.BackgroundService (BackgroundService.java:shutdown(160)) - Shutting down service KeyDeletingService
2023-11-20 14:17:20,984 [main] INFO  utils.BackgroundService (BackgroundService.java:shutdown(160)) - Shutting down service DirectoryDeletingService
2023-11-20 14:17:20,984 [main] INFO  utils.BackgroundService (BackgroundService.java:shutdown(160)) - Shutting down service OpenKeyCleanupService
2023-11-20 14:17:20,985 [main] INFO  utils.BackgroundService (BackgroundService.java:shutdown(160)) - Shutting down service SstFilteringService
2023-11-20 14:17:20,985 [main] INFO  utils.BackgroundService (BackgroundService.java:shutdown(160)) - Shutting down service SnapshotDeletingService
2023-11-20 14:17:20,985 [main] INFO  utils.BackgroundService (BackgroundService.java:shutdown(160)) - Shutting down service MultipartUploadCleanupService
2023-11-20 14:17:20,986 [main] INFO  handler.ContextHandler (ContextHandler.java:doStop(1159)) - Stopped o.e.j.w.WebAppContext@80ee766{ozoneManager,/,null,STOPPED}{file:/home/runner/work/ozone/ozone/hadoop-ozone/integration-test/target/test-classes/webapps/ozoneManager}
2023-11-20 14:17:20,989 [main] INFO  server.AbstractConnector (AbstractConnector.java:doStop(383)) - Stopped ServerConnector@5c3ca6cf{HTTP/1.1, (http/1.1)}{0.0.0.0:15005}
2023-11-20 14:17:20,989 [main] INFO  server.session (HouseKeeper.java:stopScavenging(149)) - node0 Stopped scavenging
2023-11-20 14:17:20,989 [main] INFO  handler.ContextHandler (ContextHandler.java:doStop(1159)) - Stopped o.e.j.s.ServletContextHandler@d6fc3bf{static,/static,file:///home/runner/work/ozone/ozone/hadoop-ozone/integration-test/target/test-classes/webapps/static,STOPPED}
2023-11-20 14:17:20,989 [main] INFO  handler.ContextHandler (ContextHandler.java:doStop(1159)) - Stopped o.e.j.s.ServletContextHandler@5305e9cc{logs,/logs,file:///home/runner/work/ozone/ozone/hadoop-ozone/integration-test/target/log,STOPPED}
2023-11-20 14:17:20,991 [main] INFO  rocksdiff.RocksDBCheckpointDiffer (RocksDBCheckpointDiffer.java:close(310)) - Shutting down CompactionDagPruningService.
2023-11-20 14:17:20,991 [om1-TrashEmptier] ERROR om.TrashPolicyOzone (TrashPolicyOzone.java:run(354)) - Error attempting to shutdown
java.lang.InterruptedException
	at java.util.concurrent.locks.AbstractQueuedSynchronizer$ConditionObject.awaitNanos(AbstractQueuedSynchronizer.java:2067)
	at java.util.concurrent.ThreadPoolExecutor.awaitTermination(ThreadPoolExecutor.java:1475)
	at org.apache.hadoop.ozone.om.TrashPolicyOzone$Emptier.run(TrashPolicyOzone.java:352)
	at java.lang.Thread.run(Thread.java:750)
2023-11-20 14:17:20,995 [main] INFO  snapshot.SnapshotDiffManager (SnapshotDiffManager.java:closeExecutorService(1715)) - Shutting down executorService: 'SnapDiffExecutor'
2023-11-20 14:17:20,995 [main] INFO  snapshot.SnapshotDiffManager (SnapshotDiffManager.java:closeExecutorService(1715)) - Shutting down executorService: 'SstDumpToolExecutor'
2023-11-20 14:17:20,995 [main] INFO  utils.BackgroundService (BackgroundService.java:shutdown(160)) - Shutting down service SnapshotDiffCleanupService
2023-11-20 14:17:20,996 [main] INFO  ozone.MiniOzoneClusterImpl (MiniOzoneClusterImpl.java:stopDatanodes(536)) - Stopping the HddsDatanodes
2023-11-20 14:17:20,999 [main] INFO  ozoneimpl.OzoneContainer (OzoneContainer.java:stop(463)) - Attempting to stop container services.
2023-11-20 14:17:21,002 [main] INFO  server.RaftServer (RaftServerProxy.java:lambda$close$6(416)) - c950ed05-5bc7-49cd-b60c-e9631522e919: close
2023-11-20 14:17:21,002 [c950ed05-5bc7-49cd-b60c-e9631522e919-impl-thread1] INFO  server.RaftServer$Division (RaftServerImpl.java:lambda$close$4(466)) - c950ed05-5bc7-49cd-b60c-e9631522e919@group-101E1C95831D: shutdown
2023-11-20 14:17:21,002 [c950ed05-5bc7-49cd-b60c-e9631522e919-impl-thread1] INFO  util.JmxRegister (JmxRegister.java:unregister(73)) - Successfully un-registered JMX Bean with object name Ratis:service=RaftServer,group=group-101E1C95831D,id=c950ed05-5bc7-49cd-b60c-e9631522e919
2023-11-20 14:17:21,002 [c950ed05-5bc7-49cd-b60c-e9631522e919-impl-thread2] INFO  server.RaftServer$Division (RaftServerImpl.java:lambda$close$4(466)) - c950ed05-5bc7-49cd-b60c-e9631522e919@group-C85E64AE9605: shutdown
2023-11-20 14:17:21,002 [c950ed05-5bc7-49cd-b60c-e9631522e919-impl-thread1] INFO  impl.RoleInfo (RoleInfo.java:shutdownLeaderState(93)) - c950ed05-5bc7-49cd-b60c-e9631522e919: shutdown c950ed05-5bc7-49cd-b60c-e9631522e919@group-101E1C95831D-LeaderStateImpl
2023-11-20 14:17:21,002 [c950ed05-5bc7-49cd-b60c-e9631522e919-impl-thread2] INFO  util.JmxRegister (JmxRegister.java:unregister(73)) - Successfully un-registered JMX Bean with object name Ratis:service=RaftServer,group=group-C85E64AE9605,id=c950ed05-5bc7-49cd-b60c-e9631522e919
2023-11-20 14:17:21,002 [c950ed05-5bc7-49cd-b60c-e9631522e919-impl-thread2] INFO  impl.RoleInfo (RoleInfo.java:shutdownLeaderState(93)) - c950ed05-5bc7-49cd-b60c-e9631522e919: shutdown c950ed05-5bc7-49cd-b60c-e9631522e919@group-C85E64AE9605-LeaderStateImpl
2023-11-20 14:17:21,002 [main] INFO  server.GrpcService (GrpcService.java:closeImpl(311)) - c950ed05-5bc7-49cd-b60c-e9631522e919: shutdown server org.apache.ratis.grpc.server.GrpcClientProtocolService now
2023-11-20 14:17:21,003 [c950ed05-5bc7-49cd-b60c-e9631522e919@group-101E1C95831D->e744cdee-db3a-4307-a129-877114b2ee40-GrpcLogAppender-LogAppenderDaemon] WARN  server.GrpcLogAppender (GrpcLogAppender.java:mayWait(199)) - c950ed05-5bc7-49cd-b60c-e9631522e919@group-101E1C95831D->e744cdee-db3a-4307-a129-877114b2ee40-GrpcLogAppender: Wait interrupted by java.lang.InterruptedException
2023-11-20 14:17:21,002 [c950ed05-5bc7-49cd-b60c-e9631522e919-impl-thread2] INFO  impl.PendingRequests (PendingRequests.java:sendNotLeaderResponses(289)) - c950ed05-5bc7-49cd-b60c-e9631522e919@group-C85E64AE9605-PendingRequests: sendNotLeaderResponses
2023-11-20 14:17:21,004 [c950ed05-5bc7-49cd-b60c-e9631522e919-impl-thread1] INFO  impl.PendingRequests (PendingRequests.java:sendNotLeaderResponses(289)) - c950ed05-5bc7-49cd-b60c-e9631522e919@group-101E1C95831D-PendingRequests: sendNotLeaderResponses
2023-11-20 14:17:21,005 [ForkJoinPool.commonPool-worker-3] INFO  ozoneimpl.OzoneContainer (OzoneContainer.java:stop(463)) - Attempting to stop container services.
2023-11-20 14:17:21,004 [ForkJoinPool.commonPool-worker-2] INFO  ozoneimpl.OzoneContainer (OzoneContainer.java:stop(463)) - Attempting to stop container services.
2023-11-20 14:17:21,005 [ForkJoinPool.commonPool-worker-1] INFO  ozoneimpl.OzoneContainer (OzoneContainer.java:stop(463)) - Attempting to stop container services.
2023-11-20 14:17:21,005 [c950ed05-5bc7-49cd-b60c-e9631522e919-impl-thread2] INFO  impl.StateMachineUpdater (StateMachineUpdater.java:stopAndJoin(155)) - c950ed05-5bc7-49cd-b60c-e9631522e919@group-C85E64AE9605-StateMachineUpdater: set stopIndex = 0
2023-11-20 14:17:21,006 [ForkJoinPool.commonPool-worker-3] INFO  server.RaftServer (RaftServerProxy.java:lambda$close$6(416)) - 617fee10-5999-41fc-ba89-05e5beaae1db: close
2023-11-20 14:17:21,006 [617fee10-5999-41fc-ba89-05e5beaae1db-impl-thread1] INFO  server.RaftServer$Division (RaftServerImpl.java:lambda$close$4(466)) - 617fee10-5999-41fc-ba89-05e5beaae1db@group-C5601DFFEB53: shutdown
2023-11-20 14:17:21,006 [grpc-default-executor-1] INFO  server.GrpcServerProtocolService (GrpcServerProtocolService.java:onCompleted(155)) - e744cdee-db3a-4307-a129-877114b2ee40: Completed APPEND_ENTRIES, lastRequest: c950ed05-5bc7-49cd-b60c-e9631522e919->e744cdee-db3a-4307-a129-877114b2ee40#21-t1,previous=(t:1, i:7),leaderCommit=6,initializing? true,entries: size=1, first=(t:1, i:8), METADATAENTRY(c:6)
2023-11-20 14:17:21,006 [grpc-default-executor-1] INFO  server.GrpcServerProtocolService (GrpcServerProtocolService.java:lambda$onCompleted$5(157)) - e744cdee-db3a-4307-a129-877114b2ee40: Completed APPEND_ENTRIES, lastReply: null
2023-11-20 14:17:21,004 [c950ed05-5bc7-49cd-b60c-e9631522e919-impl-thread3] INFO  server.RaftServer$Division (RaftServerImpl.java:lambda$close$4(466)) - c950ed05-5bc7-49cd-b60c-e9631522e919@group-A5A1344C0F7C: shutdown
2023-11-20 14:17:21,008 [c950ed05-5bc7-49cd-b60c-e9631522e919-impl-thread3] INFO  util.JmxRegister (JmxRegister.java:unregister(73)) - Successfully un-registered JMX Bean with object name Ratis:service=RaftServer,group=group-A5A1344C0F7C,id=c950ed05-5bc7-49cd-b60c-e9631522e919
2023-11-20 14:17:21,008 [c950ed05-5bc7-49cd-b60c-e9631522e919-impl-thread3] INFO  impl.RoleInfo (RoleInfo.java:shutdownFollowerState(110)) - c950ed05-5bc7-49cd-b60c-e9631522e919: shutdown c950ed05-5bc7-49cd-b60c-e9631522e919@group-A5A1344C0F7C-FollowerState
2023-11-20 14:17:21,006 [617fee10-5999-41fc-ba89-05e5beaae1db-impl-thread1] INFO  util.JmxRegister (JmxRegister.java:unregister(73)) - Successfully un-registered JMX Bean with object name Ratis:service=RaftServer,group=group-C5601DFFEB53,id=617fee10-5999-41fc-ba89-05e5beaae1db
2023-11-20 14:17:21,006 [c950ed05-5bc7-49cd-b60c-e9631522e919@group-C85E64AE9605-StateMachineUpdater] INFO  ratis.ContainerStateMachine (ContainerStateMachine.java:takeSnapshot(337)) - group-C85E64AE9605: Taking a snapshot at:(t:1, i:0) file /home/runner/work/ozone/ozone/hadoop-ozone/integration-test/target/test-dir/MiniOzoneClusterImpl-7293264f-739e-43f0-b608-0ff531f18758/datanode-2/data/ratis/3fbb9273-50ee-499e-8ee4-c85e64ae9605/sm/snapshot.1_0
2023-11-20 14:17:21,009 [617fee10-5999-41fc-ba89-05e5beaae1db-impl-thread1] INFO  impl.RoleInfo (RoleInfo.java:shutdownLeaderState(93)) - 617fee10-5999-41fc-ba89-05e5beaae1db: shutdown 617fee10-5999-41fc-ba89-05e5beaae1db@group-C5601DFFEB53-LeaderStateImpl
2023-11-20 14:17:21,009 [617fee10-5999-41fc-ba89-05e5beaae1db-impl-thread2] INFO  server.RaftServer$Division (RaftServerImpl.java:lambda$close$4(466)) - 617fee10-5999-41fc-ba89-05e5beaae1db@group-101E1C95831D: shutdown
2023-11-20 14:17:21,009 [ForkJoinPool.commonPool-worker-3] INFO  server.GrpcService (GrpcService.java:closeImpl(311)) - 617fee10-5999-41fc-ba89-05e5beaae1db: shutdown server org.apache.ratis.grpc.server.GrpcClientProtocolService now
2023-11-20 14:17:21,009 [617fee10-5999-41fc-ba89-05e5beaae1db-impl-thread1] INFO  impl.PendingRequests (PendingRequests.java:sendNotLeaderResponses(289)) - 617fee10-5999-41fc-ba89-05e5beaae1db@group-C5601DFFEB53-PendingRequests: sendNotLeaderResponses
2023-11-20 14:17:21,009 [617fee10-5999-41fc-ba89-05e5beaae1db-impl-thread2] INFO  util.JmxRegister (JmxRegister.java:unregister(73)) - Successfully un-registered JMX Bean with object name Ratis:service=RaftServer,group=group-101E1C95831D,id=617fee10-5999-41fc-ba89-05e5beaae1db
2023-11-20 14:17:21,009 [617fee10-5999-41fc-ba89-05e5beaae1db-impl-thread2] INFO  impl.RoleInfo (RoleInfo.java:shutdownFollowerState(110)) - 617fee10-5999-41fc-ba89-05e5beaae1db: shutdown 617fee10-5999-41fc-ba89-05e5beaae1db@group-101E1C95831D-FollowerState
2023-11-20 14:17:21,009 [617fee10-5999-41fc-ba89-05e5beaae1db-impl-thread1] INFO  impl.StateMachineUpdater (StateMachineUpdater.java:stopAndJoin(155)) - 617fee10-5999-41fc-ba89-05e5beaae1db@group-C5601DFFEB53-StateMachineUpdater: set stopIndex = 0
2023-11-20 14:17:21,009 [617fee10-5999-41fc-ba89-05e5beaae1db@group-C5601DFFEB53-StateMachineUpdater] INFO  ratis.ContainerStateMachine (ContainerStateMachine.java:takeSnapshot(337)) - group-C5601DFFEB53: Taking a snapshot at:(t:1, i:0) file /home/runner/work/ozone/ozone/hadoop-ozone/integration-test/target/test-dir/MiniOzoneClusterImpl-7293264f-739e-43f0-b608-0ff531f18758/datanode-1/data/ratis/ddb22c92-2c6c-4f72-9923-c5601dffeb53/sm/snapshot.1_0
2023-11-20 14:17:21,009 [617fee10-5999-41fc-ba89-05e5beaae1db-impl-thread3] INFO  server.RaftServer$Division (RaftServerImpl.java:lambda$close$4(466)) - 617fee10-5999-41fc-ba89-05e5beaae1db@group-A5A1344C0F7C: shutdown
2023-11-20 14:17:21,010 [617fee10-5999-41fc-ba89-05e5beaae1db-impl-thread3] INFO  util.JmxRegister (JmxRegister.java:unregister(73)) - Successfully un-registered JMX Bean with object name Ratis:service=RaftServer,group=group-A5A1344C0F7C,id=617fee10-5999-41fc-ba89-05e5beaae1db
2023-11-20 14:17:21,010 [617fee10-5999-41fc-ba89-05e5beaae1db-impl-thread3] INFO  impl.RoleInfo (RoleInfo.java:shutdownLeaderState(93)) - 617fee10-5999-41fc-ba89-05e5beaae1db: shutdown 617fee10-5999-41fc-ba89-05e5beaae1db@group-A5A1344C0F7C-LeaderStateImpl
2023-11-20 14:17:21,010 [617fee10-5999-41fc-ba89-05e5beaae1db-impl-thread3] INFO  impl.PendingRequests (PendingRequests.java:sendNotLeaderResponses(289)) - 617fee10-5999-41fc-ba89-05e5beaae1db@group-A5A1344C0F7C-PendingRequests: sendNotLeaderResponses
2023-11-20 14:17:21,015 [grpc-default-executor-3] WARN  server.GrpcClientProtocolService (LogUtils.java:warn(122)) - 0-OrderedRequestStreamObserver0: onError: org.apache.ratis.thirdparty.io.grpc.StatusRuntimeException: CANCELLED: client cancelled
2023-11-20 14:17:21,016 [617fee10-5999-41fc-ba89-05e5beaae1db-impl-thread2] INFO  impl.StateMachineUpdater (StateMachineUpdater.java:stopAndJoin(155)) - 617fee10-5999-41fc-ba89-05e5beaae1db@group-101E1C95831D-StateMachineUpdater: set stopIndex = 6
2023-11-20 14:17:21,016 [617fee10-5999-41fc-ba89-05e5beaae1db@group-101E1C95831D-FollowerState] INFO  impl.FollowerState (FollowerState.java:run(152)) - 617fee10-5999-41fc-ba89-05e5beaae1db@group-101E1C95831D-FollowerState was interrupted
2023-11-20 14:17:21,016 [617fee10-5999-41fc-ba89-05e5beaae1db@group-101E1C95831D-StateMachineUpdater] INFO  ratis.ContainerStateMachine (ContainerStateMachine.java:takeSnapshot(337)) - group-101E1C95831D: Taking a snapshot at:(t:1, i:6) file /home/runner/work/ozone/ozone/hadoop-ozone/integration-test/target/test-dir/MiniOzoneClusterImpl-7293264f-739e-43f0-b608-0ff531f18758/datanode-1/data/ratis/1b8177ee-0fa2-43ee-b8e1-101e1c95831d/sm/snapshot.1_6
2023-11-20 14:17:21,016 [c950ed05-5bc7-49cd-b60c-e9631522e919-impl-thread3] INFO  impl.StateMachineUpdater (StateMachineUpdater.java:stopAndJoin(155)) - c950ed05-5bc7-49cd-b60c-e9631522e919@group-A5A1344C0F7C-StateMachineUpdater: set stopIndex = 28
2023-11-20 14:17:21,016 [c950ed05-5bc7-49cd-b60c-e9631522e919@group-A5A1344C0F7C-StateMachineUpdater] INFO  ratis.ContainerStateMachine (ContainerStateMachine.java:takeSnapshot(337)) - group-A5A1344C0F7C: Taking a snapshot at:(t:1, i:28) file /home/runner/work/ozone/ozone/hadoop-ozone/integration-test/target/test-dir/MiniOzoneClusterImpl-7293264f-739e-43f0-b608-0ff531f18758/datanode-2/data/ratis/911e060c-e869-432f-a70b-a5a1344c0f7c/sm/snapshot.1_28
2023-11-20 14:17:21,016 [c950ed05-5bc7-49cd-b60c-e9631522e919@group-A5A1344C0F7C-FollowerState] INFO  impl.FollowerState (FollowerState.java:run(152)) - c950ed05-5bc7-49cd-b60c-e9631522e919@group-A5A1344C0F7C-FollowerState was interrupted
2023-11-20 14:17:21,018 [Thread-524] INFO  server.GrpcServerProtocolClient (GrpcServerProtocolClient.java:close(103)) - 617fee10-5999-41fc-ba89-05e5beaae1db Close channels
2023-11-20 14:17:21,018 [Thread-530] INFO  server.GrpcServerProtocolClient (GrpcServerProtocolClient.java:close(103)) - c950ed05-5bc7-49cd-b60c-e9631522e919 Close channels
2023-11-20 14:17:21,014 [grpc-default-executor-0] INFO  server.GrpcServerProtocolService (GrpcServerProtocolService.java:onCompleted(155)) - e744cdee-db3a-4307-a129-877114b2ee40: Completed APPEND_ENTRIES, lastRequest: null
2023-11-20 14:17:21,007 [grpc-default-executor-4] INFO  server.GrpcLogAppender (GrpcLogAppender.java:onCompleted(428)) - c950ed05-5bc7-49cd-b60c-e9631522e919@group-101E1C95831D->e744cdee-db3a-4307-a129-877114b2ee40-AppendLogResponseHandler: follower responses appendEntries COMPLETED
2023-11-20 14:17:21,018 [grpc-default-executor-3] WARN  server.GrpcClientProtocolService (LogUtils.java:warn(122)) - 0-OrderedRequestStreamObserver0: onError: org.apache.ratis.thirdparty.io.grpc.StatusRuntimeException: CANCELLED: client cancelled
2023-11-20 14:17:21,010 [617fee10-5999-41fc-ba89-05e5beaae1db@group-A5A1344C0F7C->e744cdee-db3a-4307-a129-877114b2ee40-GrpcLogAppender-LogAppenderDaemon] WARN  server.GrpcLogAppender (GrpcLogAppender.java:mayWait(199)) - 617fee10-5999-41fc-ba89-05e5beaae1db@group-A5A1344C0F7C->e744cdee-db3a-4307-a129-877114b2ee40-GrpcLogAppender: Wait interrupted by java.lang.InterruptedException
2023-11-20 14:17:21,010 [617fee10-5999-41fc-ba89-05e5beaae1db@group-A5A1344C0F7C->c950ed05-5bc7-49cd-b60c-e9631522e919-GrpcLogAppender-LogAppenderDaemon] WARN  server.GrpcLogAppender (GrpcLogAppender.java:mayWait(199)) - 617fee10-5999-41fc-ba89-05e5beaae1db@group-A5A1344C0F7C->c950ed05-5bc7-49cd-b60c-e9631522e919-GrpcLogAppender: Wait interrupted by java.lang.InterruptedException
2023-11-20 14:17:21,019 [grpc-default-executor-6] WARN  server.GrpcClientProtocolService (LogUtils.java:warn(122)) - 1-UnorderedRequestStreamObserver1: onError: org.apache.ratis.thirdparty.io.grpc.StatusRuntimeException: CANCELLED: client cancelled
2023-11-20 14:17:21,020 [grpc-default-executor-0] INFO  server.GrpcServerProtocolService (GrpcServerProtocolService.java:lambda$onCompleted$5(157)) - e744cdee-db3a-4307-a129-877114b2ee40: Completed APPEND_ENTRIES, lastReply: serverReply {
  requestorId: "c950ed05-5bc7-49cd-b60c-e9631522e919"
  replyId: "e744cdee-db3a-4307-a129-877114b2ee40"
  raftGroupId {
    id: "\033\201w\356\017\242C\356\270\341\020\036\034\225\203\035"
  }
  callId: 16
  success: true
}
term: 1
nextIndex: 5
followerCommit: 4
matchIndex: 18446744073709551615
isHearbeat: true

2023-11-20 14:17:21,005 [c950ed05-5bc7-49cd-b60c-e9631522e919@group-101E1C95831D->617fee10-5999-41fc-ba89-05e5beaae1db-GrpcLogAppender-LogAppenderDaemon] WARN  server.GrpcLogAppender (GrpcLogAppender.java:mayWait(199)) - c950ed05-5bc7-49cd-b60c-e9631522e919@group-101E1C95831D->617fee10-5999-41fc-ba89-05e5beaae1db-GrpcLogAppender: Wait interrupted by java.lang.InterruptedException
2023-11-20 14:17:21,020 [grpc-default-executor-4] INFO  leader.FollowerInfo (FollowerInfoImpl.java:lambda$new$0(52)) - c950ed05-5bc7-49cd-b60c-e9631522e919@group-101E1C95831D->e744cdee-db3a-4307-a129-877114b2ee40: decreaseNextIndex nextIndex: updateUnconditionally 9 -> 8
2023-11-20 14:17:21,017 [ForkJoinPool.commonPool-worker-1] INFO  server.RaftServer (RaftServerProxy.java:lambda$close$6(416)) - e744cdee-db3a-4307-a129-877114b2ee40: close
2023-11-20 14:17:21,029 [e744cdee-db3a-4307-a129-877114b2ee40-impl-thread1] INFO  server.RaftServer$Division (RaftServerImpl.java:lambda$close$4(466)) - e744cdee-db3a-4307-a129-877114b2ee40@group-A15E7FB09128: shutdown
2023-11-20 14:17:21,029 [e744cdee-db3a-4307-a129-877114b2ee40-impl-thread1] INFO  util.JmxRegister (JmxRegister.java:unregister(73)) - Successfully un-registered JMX Bean with object name Ratis:service=RaftServer,group=group-A15E7FB09128,id=e744cdee-db3a-4307-a129-877114b2ee40
2023-11-20 14:17:21,029 [e744cdee-db3a-4307-a129-877114b2ee40-impl-thread1] INFO  impl.RoleInfo (RoleInfo.java:shutdownLeaderState(93)) - e744cdee-db3a-4307-a129-877114b2ee40: shutdown e744cdee-db3a-4307-a129-877114b2ee40@group-A15E7FB09128-LeaderStateImpl
2023-11-20 14:17:21,029 [e744cdee-db3a-4307-a129-877114b2ee40-impl-thread1] INFO  impl.PendingRequests (PendingRequests.java:sendNotLeaderResponses(289)) - e744cdee-db3a-4307-a129-877114b2ee40@group-A15E7FB09128-PendingRequests: sendNotLeaderResponses
2023-11-20 14:17:21,029 [e744cdee-db3a-4307-a129-877114b2ee40-impl-thread1] INFO  impl.StateMachineUpdater (StateMachineUpdater.java:stopAndJoin(155)) - e744cdee-db3a-4307-a129-877114b2ee40@group-A15E7FB09128-StateMachineUpdater: set stopIndex = 0
2023-11-20 14:17:21,017 [ForkJoinPool.commonPool-worker-2] INFO  server.RaftServer (RaftServerProxy.java:lambda$close$6(416)) - 4acbe1c1-18a2-4209-a8df-4dbe8c379458: close
2023-11-20 14:17:21,029 [e744cdee-db3a-4307-a129-877114b2ee40-impl-thread2] INFO  server.RaftServer$Division (RaftServerImpl.java:lambda$close$4(466)) - e744cdee-db3a-4307-a129-877114b2ee40@group-101E1C95831D: shutdown
2023-11-20 14:17:21,028 [grpc-default-executor-8] INFO  server.GrpcServerProtocolService (GrpcServerProtocolService.java:onCompleted(155)) - c950ed05-5bc7-49cd-b60c-e9631522e919: Completed APPEND_ENTRIES, lastRequest: 617fee10-5999-41fc-ba89-05e5beaae1db->c950ed05-5bc7-49cd-b60c-e9631522e919#60-t1,previous=(t:1, i:27),leaderCommit=26,initializing? true,entries: size=1, first=(t:1, i:28), METADATAENTRY(c:26)
2023-11-20 14:17:21,026 [grpc-default-executor-10] INFO  server.GrpcServerProtocolService (GrpcServerProtocolService.java:onCompleted(155)) - e744cdee-db3a-4307-a129-877114b2ee40: Completed APPEND_ENTRIES, lastRequest: 617fee10-5999-41fc-ba89-05e5beaae1db->e744cdee-db3a-4307-a129-877114b2ee40#63-t1,previous=(t:1, i:27),leaderCommit=26,initializing? true,entries: size=1, first=(t:1, i:28), METADATAENTRY(c:26)
2023-11-20 14:17:21,030 [grpc-default-executor-10] INFO  server.GrpcServerProtocolService (GrpcServerProtocolService.java:lambda$onCompleted$5(157)) - e744cdee-db3a-4307-a129-877114b2ee40: Completed APPEND_ENTRIES, lastReply: null
2023-11-20 14:17:21,025 [grpc-default-executor-7] INFO  server.GrpcServerProtocolService (GrpcServerProtocolService.java:onCompleted(155)) - e744cdee-db3a-4307-a129-877114b2ee40: Completed APPEND_ENTRIES, lastRequest: null
2023-11-20 14:17:21,025 [grpc-default-executor-1] INFO  server.GrpcServerProtocolService (GrpcServerProtocolService.java:onCompleted(155)) - 617fee10-5999-41fc-ba89-05e5beaae1db: Completed APPEND_ENTRIES, lastRequest: c950ed05-5bc7-49cd-b60c-e9631522e919->617fee10-5999-41fc-ba89-05e5beaae1db#21-t1,previous=(t:1, i:7),leaderCommit=6,initializing? true,entries: size=1, first=(t:1, i:8), METADATAENTRY(c:6)
2023-11-20 14:17:21,025 [grpc-default-executor-4] INFO  server.GrpcServerProtocolService (GrpcServerProtocolService.java:onCompleted(155)) - c950ed05-5bc7-49cd-b60c-e9631522e919: Completed APPEND_ENTRIES, lastRequest: null
2023-11-20 14:17:21,030 [grpc-default-executor-4] INFO  server.GrpcServerProtocolService (GrpcServerProtocolService.java:lambda$onCompleted$5(157)) - c950ed05-5bc7-49cd-b60c-e9631522e919: Completed APPEND_ENTRIES, lastReply: serverReply {
  requestorId: "617fee10-5999-41fc-ba89-05e5beaae1db"
  replyId: "c950ed05-5bc7-49cd-b60c-e9631522e919"
  raftGroupId {
    id: "\221\036\006\f\350iC/\247\v\245\2414L\017|"
  }
  callId: 72
  success: true
}
term: 1
nextIndex: 29
followerCommit: 28
matchIndex: 18446744073709551615
isHearbeat: true

2023-11-20 14:17:21,025 [Thread-523] INFO  server.GrpcServerProtocolClient (GrpcServerProtocolClient.java:close(103)) - e744cdee-db3a-4307-a129-877114b2ee40 Close channels
2023-11-20 14:17:21,032 [grpc-default-executor-7] INFO  server.GrpcServerProtocolService (GrpcServerProtocolService.java:lambda$onCompleted$5(157)) - e744cdee-db3a-4307-a129-877114b2ee40: Completed APPEND_ENTRIES, lastReply: serverReply {
  requestorId: "617fee10-5999-41fc-ba89-05e5beaae1db"
  replyId: "e744cdee-db3a-4307-a129-877114b2ee40"
  raftGroupId {
    id: "\221\036\006\f\350iC/\247\v\245\2414L\017|"
  }
  callId: 72
  success: true
}
term: 1
nextIndex: 29
followerCommit: 28
matchIndex: 18446744073709551615
isHearbeat: true

2023-11-20 14:17:21,032 [c950ed05-5bc7-49cd-b60c-e9631522e919@group-101E1C95831D-StateMachineUpdater] INFO  ratis.ContainerStateMachine (ContainerStateMachine.java:takeSnapshot(337)) - group-101E1C95831D: Taking a snapshot at:(t:1, i:8) file /home/runner/work/ozone/ozone/hadoop-ozone/integration-test/target/test-dir/MiniOzoneClusterImpl-7293264f-739e-43f0-b608-0ff531f18758/datanode-2/data/ratis/1b8177ee-0fa2-43ee-b8e1-101e1c95831d/sm/snapshot.1_8
2023-11-20 14:17:21,018 [Thread-528] INFO  server.GrpcServerProtocolClient (GrpcServerProtocolClient.java:close(103)) - e744cdee-db3a-4307-a129-877114b2ee40 Close channels
2023-11-20 14:17:21,032 [c950ed05-5bc7-49cd-b60c-e9631522e919-impl-thread1] INFO  impl.StateMachineUpdater (StateMachineUpdater.java:stopAndJoin(155)) - c950ed05-5bc7-49cd-b60c-e9631522e919@group-101E1C95831D-StateMachineUpdater: set stopIndex = 8
2023-11-20 14:17:21,031 [e744cdee-db3a-4307-a129-877114b2ee40-impl-thread3] INFO  server.RaftServer$Division (RaftServerImpl.java:lambda$close$4(466)) - e744cdee-db3a-4307-a129-877114b2ee40@group-A5A1344C0F7C: shutdown
2023-11-20 14:17:21,031 [4acbe1c1-18a2-4209-a8df-4dbe8c379458-impl-thread1] INFO  server.RaftServer$Division (RaftServerImpl.java:lambda$close$4(466)) - 4acbe1c1-18a2-4209-a8df-4dbe8c379458@group-012ED37C3E4B: shutdown
2023-11-20 14:17:21,031 [ForkJoinPool.commonPool-worker-2] INFO  server.GrpcService (GrpcService.java:closeImpl(311)) - 4acbe1c1-18a2-4209-a8df-4dbe8c379458: shutdown server org.apache.ratis.grpc.server.GrpcClientProtocolService now
2023-11-20 14:17:21,033 [e744cdee-db3a-4307-a129-877114b2ee40-impl-thread3] INFO  util.JmxRegister (JmxRegister.java:unregister(73)) - Successfully un-registered JMX Bean with object name Ratis:service=RaftServer,group=group-A5A1344C0F7C,id=e744cdee-db3a-4307-a129-877114b2ee40
2023-11-20 14:17:21,034 [e744cdee-db3a-4307-a129-877114b2ee40-impl-thread3] INFO  impl.RoleInfo (RoleInfo.java:shutdownFollowerState(110)) - e744cdee-db3a-4307-a129-877114b2ee40: shutdown e744cdee-db3a-4307-a129-877114b2ee40@group-A5A1344C0F7C-FollowerState
2023-11-20 14:17:21,031 [grpc-default-executor-2] INFO  server.GrpcLogAppender (GrpcLogAppender.java:onCompleted(428)) - c950ed05-5bc7-49cd-b60c-e9631522e919@group-101E1C95831D->e744cdee-db3a-4307-a129-877114b2ee40-AppendLogResponseHandler: follower responses appendEntries COMPLETED
2023-11-20 14:17:21,037 [grpc-default-executor-2] WARN  server.GrpcLogAppender (GrpcLogAppender.java:resetClient(137)) - c950ed05-5bc7-49cd-b60c-e9631522e919@group-101E1C95831D->e744cdee-db3a-4307-a129-877114b2ee40-GrpcLogAppender: Failed to getClient for e744cdee-db3a-4307-a129-877114b2ee40
org.apache.ratis.protocol.exceptions.AlreadyClosedException: c950ed05-5bc7-49cd-b60c-e9631522e919 is already CLOSED
	at org.apache.ratis.util.PeerProxyMap$PeerAndProxy.getProxy(PeerProxyMap.java:61)
	at org.apache.ratis.util.PeerProxyMap.getProxy(PeerProxyMap.java:115)
	at org.apache.ratis.grpc.server.GrpcLogAppender.getClient(GrpcLogAppender.java:112)
	at org.apache.ratis.grpc.server.GrpcLogAppender.resetClient(GrpcLogAppender.java:117)
	at org.apache.ratis.grpc.server.GrpcLogAppender.access$500(GrpcLogAppender.java:56)
	at org.apache.ratis.grpc.server.GrpcLogAppender$AppendLogResponseHandler.onCompleted(GrpcLogAppender.java:429)
	at org.apache.ratis.thirdparty.io.grpc.stub.ClientCalls$StreamObserverToCallListenerAdapter.onClose(ClientCalls.java:485)
	at org.apache.ratis.thirdparty.io.grpc.internal.DelayedClientCall$DelayedListener$3.run(DelayedClientCall.java:471)
	at org.apache.ratis.thirdparty.io.grpc.internal.DelayedClientCall$DelayedListener.delayOrExecute(DelayedClientCall.java:435)
	at org.apache.ratis.thirdparty.io.grpc.internal.DelayedClientCall$DelayedListener.onClose(DelayedClientCall.java:468)
	at org.apache.ratis.thirdparty.io.grpc.internal.ClientCallImpl.closeObserver(ClientCallImpl.java:563)
	at org.apache.ratis.thirdparty.io.grpc.internal.ClientCallImpl.access$300(ClientCallImpl.java:70)
	at org.apache.ratis.thirdparty.io.grpc.internal.ClientCallImpl$ClientStreamListenerImpl$1StreamClosed.runInternal(ClientCallImpl.java:744)
	at org.apache.ratis.thirdparty.io.grpc.internal.ClientCallImpl$ClientStreamListenerImpl$1StreamClosed.runInContext(ClientCallImpl.java:723)
	at org.apache.ratis.thirdparty.io.grpc.internal.ContextRunnable.run(ContextRunnable.java:37)
	at org.apache.ratis.thirdparty.io.grpc.internal.SerializingExecutor.run(SerializingExecutor.java:133)
	at java.util.concurrent.ThreadPoolExecutor.runWorker(ThreadPoolExecutor.java:1149)
	at java.util.concurrent.ThreadPoolExecutor$Worker.run(ThreadPoolExecutor.java:624)
	at java.lang.Thread.run(Thread.java:750)
2023-11-20 14:17:21,031 [ForkJoinPool.commonPool-worker-1] INFO  server.GrpcService (GrpcService.java:closeImpl(311)) - e744cdee-db3a-4307-a129-877114b2ee40: shutdown server org.apache.ratis.grpc.server.GrpcClientProtocolService now
2023-11-20 14:17:21,030 [grpc-default-executor-1] INFO  server.GrpcServerProtocolService (GrpcServerProtocolService.java:lambda$onCompleted$5(157)) - 617fee10-5999-41fc-ba89-05e5beaae1db: Completed APPEND_ENTRIES, lastReply: null
2023-11-20 14:17:21,030 [grpc-default-executor-8] INFO  server.GrpcServerProtocolService (GrpcServerProtocolService.java:lambda$onCompleted$5(157)) - c950ed05-5bc7-49cd-b60c-e9631522e919: Completed APPEND_ENTRIES, lastReply: null
2023-11-20 14:17:21,029 [e744cdee-db3a-4307-a129-877114b2ee40-impl-thread2] INFO  util.JmxRegister (JmxRegister.java:unregister(73)) - Successfully un-registered JMX Bean with object name Ratis:service=RaftServer,group=group-101E1C95831D,id=e744cdee-db3a-4307-a129-877114b2ee40
2023-11-20 14:17:21,029 [617fee10-5999-41fc-ba89-05e5beaae1db@group-A5A1344C0F7C-StateMachineUpdater] INFO  ratis.ContainerStateMachine (ContainerStateMachine.java:takeSnapshot(337)) - group-A5A1344C0F7C: Taking a snapshot at:(t:1, i:28) file /home/runner/work/ozone/ozone/hadoop-ozone/integration-test/target/test-dir/MiniOzoneClusterImpl-7293264f-739e-43f0-b608-0ff531f18758/datanode-1/data/ratis/911e060c-e869-432f-a70b-a5a1344c0f7c/sm/snapshot.1_28
2023-11-20 14:17:21,029 [617fee10-5999-41fc-ba89-05e5beaae1db-impl-thread3] INFO  impl.StateMachineUpdater (StateMachineUpdater.java:stopAndJoin(155)) - 617fee10-5999-41fc-ba89-05e5beaae1db@group-A5A1344C0F7C-StateMachineUpdater: set stopIndex = 28
2023-11-20 14:17:21,029 [grpc-default-executor-5] INFO  server.GrpcServerProtocolService (GrpcServerProtocolService.java:onCompleted(155)) - 617fee10-5999-41fc-ba89-05e5beaae1db: Completed APPEND_ENTRIES, lastRequest: null
2023-11-20 14:17:21,038 [grpc-default-executor-5] INFO  server.GrpcServerProtocolService (GrpcServerProtocolService.java:lambda$onCompleted$5(157)) - 617fee10-5999-41fc-ba89-05e5beaae1db: Completed APPEND_ENTRIES, lastReply: serverReply {
  requestorId: "c950ed05-5bc7-49cd-b60c-e9631522e919"
  replyId: "617fee10-5999-41fc-ba89-05e5beaae1db"
  raftGroupId {
    id: "\033\201w\356\017\242C\356\270\341\020\036\034\225\203\035"
  }
  callId: 17
  success: true
}
term: 1
nextIndex: 5
followerCommit: 4
matchIndex: 18446744073709551615
isHearbeat: true

2023-11-20 14:17:21,029 [e744cdee-db3a-4307-a129-877114b2ee40@group-A15E7FB09128-StateMachineUpdater] INFO  ratis.ContainerStateMachine (ContainerStateMachine.java:takeSnapshot(337)) - group-A15E7FB09128: Taking a snapshot at:(t:1, i:0) file /home/runner/work/ozone/ozone/hadoop-ozone/integration-test/target/test-dir/MiniOzoneClusterImpl-7293264f-739e-43f0-b608-0ff531f18758/datanode-0/data/ratis/a7c19118-fc61-4d7b-bda4-a15e7fb09128/sm/snapshot.1_0
2023-11-20 14:17:21,037 [e744cdee-db3a-4307-a129-877114b2ee40-impl-thread2] INFO  impl.RoleInfo (RoleInfo.java:shutdownFollowerState(110)) - e744cdee-db3a-4307-a129-877114b2ee40: shutdown e744cdee-db3a-4307-a129-877114b2ee40@group-101E1C95831D-FollowerState
2023-11-20 14:17:21,034 [4acbe1c1-18a2-4209-a8df-4dbe8c379458-impl-thread1] INFO  util.JmxRegister (JmxRegister.java:unregister(73)) - Successfully un-registered JMX Bean with object name Ratis:service=RaftServer,group=group-012ED37C3E4B,id=4acbe1c1-18a2-4209-a8df-4dbe8c379458
2023-11-20 14:17:21,038 [4acbe1c1-18a2-4209-a8df-4dbe8c379458-impl-thread1] INFO  impl.RoleInfo (RoleInfo.java:shutdownLeaderState(93)) - 4acbe1c1-18a2-4209-a8df-4dbe8c379458: shutdown 4acbe1c1-18a2-4209-a8df-4dbe8c379458@group-012ED37C3E4B-LeaderStateImpl
2023-11-20 14:17:21,038 [4acbe1c1-18a2-4209-a8df-4dbe8c379458-impl-thread1] INFO  impl.PendingRequests (PendingRequests.java:sendNotLeaderResponses(289)) - 4acbe1c1-18a2-4209-a8df-4dbe8c379458@group-012ED37C3E4B-PendingRequests: sendNotLeaderResponses
2023-11-20 14:17:21,033 [grpc-default-executor-6] INFO  server.GrpcLogAppender (GrpcLogAppender.java:onCompleted(428)) - 617fee10-5999-41fc-ba89-05e5beaae1db@group-A5A1344C0F7C->e744cdee-db3a-4307-a129-877114b2ee40-AppendLogResponseHandler: follower responses appendEntries COMPLETED
2023-11-20 14:17:21,033 [grpc-default-executor-0] INFO  server.GrpcLogAppender (GrpcLogAppender.java:onCompleted(428)) - 617fee10-5999-41fc-ba89-05e5beaae1db@group-A5A1344C0F7C->c950ed05-5bc7-49cd-b60c-e9631522e919-AppendLogResponseHandler: follower responses appendEntries COMPLETED
2023-11-20 14:17:21,038 [4acbe1c1-18a2-4209-a8df-4dbe8c379458-impl-thread1] INFO  impl.StateMachineUpdater (StateMachineUpdater.java:stopAndJoin(155)) - 4acbe1c1-18a2-4209-a8df-4dbe8c379458@group-012ED37C3E4B-StateMachineUpdater: set stopIndex = 0
2023-11-20 14:17:21,038 [grpc-default-executor-6] WARN  server.GrpcLogAppender (GrpcLogAppender.java:resetClient(137)) - 617fee10-5999-41fc-ba89-05e5beaae1db@group-A5A1344C0F7C->e744cdee-db3a-4307-a129-877114b2ee40-GrpcLogAppender: Failed to getClient for e744cdee-db3a-4307-a129-877114b2ee40
org.apache.ratis.protocol.exceptions.AlreadyClosedException: 617fee10-5999-41fc-ba89-05e5beaae1db is already CLOSED
	at org.apache.ratis.util.PeerProxyMap$PeerAndProxy.getProxy(PeerProxyMap.java:61)
	at org.apache.ratis.util.PeerProxyMap.getProxy(PeerProxyMap.java:115)
	at org.apache.ratis.grpc.server.GrpcLogAppender.getClient(GrpcLogAppender.java:112)
	at org.apache.ratis.grpc.server.GrpcLogAppender.resetClient(GrpcLogAppender.java:117)
	at org.apache.ratis.grpc.server.GrpcLogAppender.access$500(GrpcLogAppender.java:56)
	at org.apache.ratis.grpc.server.GrpcLogAppender$AppendLogResponseHandler.onCompleted(GrpcLogAppender.java:429)
	at org.apache.ratis.thirdparty.io.grpc.stub.ClientCalls$StreamObserverToCallListenerAdapter.onClose(ClientCalls.java:485)
	at org.apache.ratis.thirdparty.io.grpc.internal.ClientCallImpl.closeObserver(ClientCallImpl.java:563)
	at org.apache.ratis.thirdparty.io.grpc.internal.ClientCallImpl.access$300(ClientCallImpl.java:70)
	at org.apache.ratis.thirdparty.io.grpc.internal.ClientCallImpl$ClientStreamListenerImpl$1StreamClosed.runInternal(ClientCallImpl.java:744)
	at org.apache.ratis.thirdparty.io.grpc.internal.ClientCallImpl$ClientStreamListenerImpl$1StreamClosed.runInContext(ClientCallImpl.java:723)
	at org.apache.ratis.thirdparty.io.grpc.internal.ContextRunnable.run(ContextRunnable.java:37)
	at org.apache.ratis.thirdparty.io.grpc.internal.SerializingExecutor.run(SerializingExecutor.java:133)
	at java.util.concurrent.ThreadPoolExecutor.runWorker(ThreadPoolExecutor.java:1149)
	at java.util.concurrent.ThreadPoolExecutor$Worker.run(ThreadPoolExecutor.java:624)
	at java.lang.Thread.run(Thread.java:750)
2023-11-20 14:17:21,038 [ForkJoinPool.commonPool-worker-2] INFO  server.GrpcService (GrpcService.java:closeImpl(320)) - 4acbe1c1-18a2-4209-a8df-4dbe8c379458: shutdown server org.apache.ratis.grpc.server.GrpcClientProtocolService successfully
2023-11-20 14:17:21,039 [ForkJoinPool.commonPool-worker-2] INFO  server.GrpcService (GrpcService.java:closeImpl(311)) - 4acbe1c1-18a2-4209-a8df-4dbe8c379458: shutdown server GrpcServerProtocolService now
2023-11-20 14:17:21,038 [4acbe1c1-18a2-4209-a8df-4dbe8c379458@group-012ED37C3E4B-StateMachineUpdater] INFO  ratis.ContainerStateMachine (ContainerStateMachine.java:takeSnapshot(337)) - group-012ED37C3E4B: Taking a snapshot at:(t:1, i:0) file /home/runner/work/ozone/ozone/hadoop-ozone/integration-test/target/test-dir/MiniOzoneClusterImpl-7293264f-739e-43f0-b608-0ff531f18758/datanode-4/data/ratis/b87b8d6f-bbdc-4f5c-b384-012ed37c3e4b/sm/snapshot.1_0
2023-11-20 14:17:21,038 [grpc-default-executor-0] WARN  server.GrpcLogAppender (GrpcLogAppender.java:resetClient(137)) - 617fee10-5999-41fc-ba89-05e5beaae1db@group-A5A1344C0F7C->c950ed05-5bc7-49cd-b60c-e9631522e919-GrpcLogAppender: Failed to getClient for c950ed05-5bc7-49cd-b60c-e9631522e919
org.apache.ratis.protocol.exceptions.AlreadyClosedException: 617fee10-5999-41fc-ba89-05e5beaae1db is already CLOSED
	at org.apache.ratis.util.PeerProxyMap$PeerAndProxy.getProxy(PeerProxyMap.java:61)
	at org.apache.ratis.util.PeerProxyMap.getProxy(PeerProxyMap.java:115)
	at org.apache.ratis.grpc.server.GrpcLogAppender.getClient(GrpcLogAppender.java:112)
	at org.apache.ratis.grpc.server.GrpcLogAppender.resetClient(GrpcLogAppender.java:117)
	at org.apache.ratis.grpc.server.GrpcLogAppender.access$500(GrpcLogAppender.java:56)
	at org.apache.ratis.grpc.server.GrpcLogAppender$AppendLogResponseHandler.onCompleted(GrpcLogAppender.java:429)
	at org.apache.ratis.thirdparty.io.grpc.stub.ClientCalls$StreamObserverToCallListenerAdapter.onClose(ClientCalls.java:485)
	at org.apache.ratis.thirdparty.io.grpc.internal.DelayedClientCall$DelayedListener$3.run(DelayedClientCall.java:471)
	at org.apache.ratis.thirdparty.io.grpc.internal.DelayedClientCall$DelayedListener.delayOrExecute(DelayedClientCall.java:435)
	at org.apache.ratis.thirdparty.io.grpc.internal.DelayedClientCall$DelayedListener.onClose(DelayedClientCall.java:468)
	at org.apache.ratis.thirdparty.io.grpc.internal.ClientCallImpl.closeObserver(ClientCallImpl.java:563)
	at org.apache.ratis.thirdparty.io.grpc.internal.ClientCallImpl.access$300(ClientCallImpl.java:70)
	at org.apache.ratis.thirdparty.io.grpc.internal.ClientCallImpl$ClientStreamListenerImpl$1StreamClosed.runInternal(ClientCallImpl.java:744)
	at org.apache.ratis.thirdparty.io.grpc.internal.ClientCallImpl$ClientStreamListenerImpl$1StreamClosed.runInContext(ClientCallImpl.java:723)
	at org.apache.ratis.thirdparty.io.grpc.internal.ContextRunnable.run(ContextRunnable.java:37)
	at org.apache.ratis.thirdparty.io.grpc.internal.SerializingExecutor.run(SerializingExecutor.java:133)
	at java.util.concurrent.ThreadPoolExecutor.runWorker(ThreadPoolExecutor.java:1149)
	at java.util.concurrent.ThreadPoolExecutor$Worker.run(ThreadPoolExecutor.java:624)
	at java.lang.Thread.run(Thread.java:750)
2023-11-20 14:17:21,040 [e744cdee-db3a-4307-a129-877114b2ee40@group-A5A1344C0F7C-FollowerState] INFO  impl.FollowerState (FollowerState.java:run(152)) - e744cdee-db3a-4307-a129-877114b2ee40@group-A5A1344C0F7C-FollowerState was interrupted
2023-11-20 14:17:21,040 [e744cdee-db3a-4307-a129-877114b2ee40-impl-thread3] INFO  impl.StateMachineUpdater (StateMachineUpdater.java:stopAndJoin(155)) - e744cdee-db3a-4307-a129-877114b2ee40@group-A5A1344C0F7C-StateMachineUpdater: set stopIndex = 28
2023-11-20 14:17:21,040 [e744cdee-db3a-4307-a129-877114b2ee40@group-101E1C95831D-FollowerState] INFO  impl.FollowerState (FollowerState.java:run(152)) - e744cdee-db3a-4307-a129-877114b2ee40@group-101E1C95831D-FollowerState was interrupted
2023-11-20 14:17:21,040 [e744cdee-db3a-4307-a129-877114b2ee40@group-A5A1344C0F7C-StateMachineUpdater] INFO  ratis.ContainerStateMachine (ContainerStateMachine.java:takeSnapshot(337)) - group-A5A1344C0F7C: Taking a snapshot at:(t:1, i:28) file /home/runner/work/ozone/ozone/hadoop-ozone/integration-test/target/test-dir/MiniOzoneClusterImpl-7293264f-739e-43f0-b608-0ff531f18758/datanode-0/data/ratis/911e060c-e869-432f-a70b-a5a1344c0f7c/sm/snapshot.1_28
2023-11-20 14:17:21,041 [grpc-default-executor-8] INFO  server.GrpcLogAppender (GrpcLogAppender.java:onCompleted(428)) - 617fee10-5999-41fc-ba89-05e5beaae1db@group-A5A1344C0F7C->c950ed05-5bc7-49cd-b60c-e9631522e919-AppendLogResponseHandler: follower responses appendEntries COMPLETED
2023-11-20 14:17:21,041 [grpc-default-executor-8] WARN  server.GrpcLogAppender (GrpcLogAppender.java:resetClient(137)) - 617fee10-5999-41fc-ba89-05e5beaae1db@group-A5A1344C0F7C->c950ed05-5bc7-49cd-b60c-e9631522e919-GrpcLogAppender: Failed to getClient for c950ed05-5bc7-49cd-b60c-e9631522e919
org.apache.ratis.protocol.exceptions.AlreadyClosedException: 617fee10-5999-41fc-ba89-05e5beaae1db is already CLOSED
	at org.apache.ratis.util.PeerProxyMap$PeerAndProxy.getProxy(PeerProxyMap.java:61)
	at org.apache.ratis.util.PeerProxyMap.getProxy(PeerProxyMap.java:115)
	at org.apache.ratis.grpc.server.GrpcLogAppender.getClient(GrpcLogAppender.java:112)
	at org.apache.ratis.grpc.server.GrpcLogAppender.resetClient(GrpcLogAppender.java:117)
	at org.apache.ratis.grpc.server.GrpcLogAppender.access$500(GrpcLogAppender.java:56)
	at org.apache.ratis.grpc.server.GrpcLogAppender$AppendLogResponseHandler.onCompleted(GrpcLogAppender.java:429)
	at org.apache.ratis.thirdparty.io.grpc.stub.ClientCalls$StreamObserverToCallListenerAdapter.onClose(ClientCalls.java:485)
	at org.apache.ratis.thirdparty.io.grpc.internal.ClientCallImpl.closeObserver(ClientCallImpl.java:563)
	at org.apache.ratis.thirdparty.io.grpc.internal.ClientCallImpl.access$300(ClientCallImpl.java:70)
	at org.apache.ratis.thirdparty.io.grpc.internal.ClientCallImpl$ClientStreamListenerImpl$1StreamClosed.runInternal(ClientCallImpl.java:744)
	at org.apache.ratis.thirdparty.io.grpc.internal.ClientCallImpl$ClientStreamListenerImpl$1StreamClosed.runInContext(ClientCallImpl.java:723)
	at org.apache.ratis.thirdparty.io.grpc.internal.ContextRunnable.run(ContextRunnable.java:37)
	at org.apache.ratis.thirdparty.io.grpc.internal.SerializingExecutor.run(SerializingExecutor.java:133)
	at java.util.concurrent.ThreadPoolExecutor.runWorker(ThreadPoolExecutor.java:1149)
	at java.util.concurrent.ThreadPoolExecutor$Worker.run(ThreadPoolExecutor.java:624)
	at java.lang.Thread.run(Thread.java:750)
2023-11-20 14:17:21,041 [Thread-536] INFO  server.GrpcServerProtocolClient (GrpcServerProtocolClient.java:close(103)) - 617fee10-5999-41fc-ba89-05e5beaae1db Close channels
2023-11-20 14:17:21,042 [grpc-default-executor-1] INFO  server.GrpcLogAppender (GrpcLogAppender.java:onCompleted(428)) - 617fee10-5999-41fc-ba89-05e5beaae1db@group-A5A1344C0F7C->e744cdee-db3a-4307-a129-877114b2ee40-AppendLogResponseHandler: follower responses appendEntries COMPLETED
2023-11-20 14:17:21,042 [grpc-default-executor-1] WARN  server.GrpcLogAppender (GrpcLogAppender.java:resetClient(137)) - 617fee10-5999-41fc-ba89-05e5beaae1db@group-A5A1344C0F7C->e744cdee-db3a-4307-a129-877114b2ee40-GrpcLogAppender: Failed to getClient for e744cdee-db3a-4307-a129-877114b2ee40
org.apache.ratis.protocol.exceptions.AlreadyClosedException: 617fee10-5999-41fc-ba89-05e5beaae1db is already CLOSED
	at org.apache.ratis.util.PeerProxyMap$PeerAndProxy.getProxy(PeerProxyMap.java:61)
	at org.apache.ratis.util.PeerProxyMap.getProxy(PeerProxyMap.java:115)
	at org.apache.ratis.grpc.server.GrpcLogAppender.getClient(GrpcLogAppender.java:112)
	at org.apache.ratis.grpc.server.GrpcLogAppender.resetClient(GrpcLogAppender.java:117)
	at org.apache.ratis.grpc.server.GrpcLogAppender.access$500(GrpcLogAppender.java:56)
	at org.apache.ratis.grpc.server.GrpcLogAppender$AppendLogResponseHandler.onCompleted(GrpcLogAppender.java:429)
	at org.apache.ratis.thirdparty.io.grpc.stub.ClientCalls$StreamObserverToCallListenerAdapter.onClose(ClientCalls.java:485)
	at org.apache.ratis.thirdparty.io.grpc.internal.DelayedClientCall$DelayedListener$3.run(DelayedClientCall.java:471)
	at org.apache.ratis.thirdparty.io.grpc.internal.DelayedClientCall$DelayedListener.delayOrExecute(DelayedClientCall.java:435)
	at org.apache.ratis.thirdparty.io.grpc.internal.DelayedClientCall$DelayedListener.onClose(DelayedClientCall.java:468)
	at org.apache.ratis.thirdparty.io.grpc.internal.ClientCallImpl.closeObserver(ClientCallImpl.java:563)
	at org.apache.ratis.thirdparty.io.grpc.internal.ClientCallImpl.access$300(ClientCallImpl.java:70)
	at org.apache.ratis.thirdparty.io.grpc.internal.ClientCallImpl$ClientStreamListenerImpl$1StreamClosed.runInternal(ClientCallImpl.java:744)
	at org.apache.ratis.thirdparty.io.grpc.internal.ClientCallImpl$ClientStreamListenerImpl$1StreamClosed.runInContext(ClientCallImpl.java:723)
	at org.apache.ratis.thirdparty.io.grpc.internal.ContextRunnable.run(ContextRunnable.java:37)
	at org.apache.ratis.thirdparty.io.grpc.internal.SerializingExecutor.run(SerializingExecutor.java:133)
	at java.util.concurrent.ThreadPoolExecutor.runWorker(ThreadPoolExecutor.java:1149)
	at java.util.concurrent.ThreadPoolExecutor$Worker.run(ThreadPoolExecutor.java:624)
	at java.lang.Thread.run(Thread.java:750)
2023-11-20 14:17:21,042 [grpc-default-executor-5] INFO  server.GrpcLogAppender (GrpcLogAppender.java:onCompleted(428)) - c950ed05-5bc7-49cd-b60c-e9631522e919@group-101E1C95831D->617fee10-5999-41fc-ba89-05e5beaae1db-AppendLogResponseHandler: follower responses appendEntries COMPLETED
2023-11-20 14:17:21,042 [grpc-default-executor-5] WARN  server.GrpcLogAppender (GrpcLogAppender.java:resetClient(137)) - c950ed05-5bc7-49cd-b60c-e9631522e919@group-101E1C95831D->617fee10-5999-41fc-ba89-05e5beaae1db-GrpcLogAppender: Failed to getClient for 617fee10-5999-41fc-ba89-05e5beaae1db
org.apache.ratis.protocol.exceptions.AlreadyClosedException: c950ed05-5bc7-49cd-b60c-e9631522e919 is already CLOSED
	at org.apache.ratis.util.PeerProxyMap$PeerAndProxy.getProxy(PeerProxyMap.java:61)
	at org.apache.ratis.util.PeerProxyMap.getProxy(PeerProxyMap.java:115)
	at org.apache.ratis.grpc.server.GrpcLogAppender.getClient(GrpcLogAppender.java:112)
	at org.apache.ratis.grpc.server.GrpcLogAppender.resetClient(GrpcLogAppender.java:117)
	at org.apache.ratis.grpc.server.GrpcLogAppender.access$500(GrpcLogAppender.java:56)
	at org.apache.ratis.grpc.server.GrpcLogAppender$AppendLogResponseHandler.onCompleted(GrpcLogAppender.java:429)
	at org.apache.ratis.thirdparty.io.grpc.stub.ClientCalls$StreamObserverToCallListenerAdapter.onClose(ClientCalls.java:485)
	at org.apache.ratis.thirdparty.io.grpc.internal.ClientCallImpl.closeObserver(ClientCallImpl.java:563)
	at org.apache.ratis.thirdparty.io.grpc.internal.ClientCallImpl.access$300(ClientCallImpl.java:70)
	at org.apache.ratis.thirdparty.io.grpc.internal.ClientCallImpl$ClientStreamListenerImpl$1StreamClosed.runInternal(ClientCallImpl.java:744)
	at org.apache.ratis.thirdparty.io.grpc.internal.ClientCallImpl$ClientStreamListenerImpl$1StreamClosed.runInContext(ClientCallImpl.java:723)
	at org.apache.ratis.thirdparty.io.grpc.internal.ContextRunnable.run(ContextRunnable.java:37)
	at org.apache.ratis.thirdparty.io.grpc.internal.SerializingExecutor.run(SerializingExecutor.java:133)
	at java.util.concurrent.ThreadPoolExecutor.runWorker(ThreadPoolExecutor.java:1149)
	at java.util.concurrent.ThreadPoolExecutor$Worker.run(ThreadPoolExecutor.java:624)
	at java.lang.Thread.run(Thread.java:750)
2023-11-20 14:17:21,043 [grpc-default-executor-0] INFO  server.GrpcLogAppender (GrpcLogAppender.java:onCompleted(428)) - c950ed05-5bc7-49cd-b60c-e9631522e919@group-101E1C95831D->617fee10-5999-41fc-ba89-05e5beaae1db-AppendLogResponseHandler: follower responses appendEntries COMPLETED
2023-11-20 14:17:21,043 [grpc-default-executor-0] WARN  server.GrpcLogAppender (GrpcLogAppender.java:resetClient(137)) - c950ed05-5bc7-49cd-b60c-e9631522e919@group-101E1C95831D->617fee10-5999-41fc-ba89-05e5beaae1db-GrpcLogAppender: Failed to getClient for 617fee10-5999-41fc-ba89-05e5beaae1db
org.apache.ratis.protocol.exceptions.AlreadyClosedException: c950ed05-5bc7-49cd-b60c-e9631522e919 is already CLOSED
	at org.apache.ratis.util.PeerProxyMap$PeerAndProxy.getProxy(PeerProxyMap.java:61)
	at org.apache.ratis.util.PeerProxyMap.getProxy(PeerProxyMap.java:115)
	at org.apache.ratis.grpc.server.GrpcLogAppender.getClient(GrpcLogAppender.java:112)
	at org.apache.ratis.grpc.server.GrpcLogAppender.resetClient(GrpcLogAppender.java:117)
	at org.apache.ratis.grpc.server.GrpcLogAppender.access$500(GrpcLogAppender.java:56)
	at org.apache.ratis.grpc.server.GrpcLogAppender$AppendLogResponseHandler.onCompleted(GrpcLogAppender.java:429)
	at org.apache.ratis.thirdparty.io.grpc.stub.ClientCalls$StreamObserverToCallListenerAdapter.onClose(ClientCalls.java:485)
	at org.apache.ratis.thirdparty.io.grpc.internal.DelayedClientCall$DelayedListener$3.run(DelayedClientCall.java:471)
	at org.apache.ratis.thirdparty.io.grpc.internal.DelayedClientCall$DelayedListener.delayOrExecute(DelayedClientCall.java:435)
	at org.apache.ratis.thirdparty.io.grpc.internal.DelayedClientCall$DelayedListener.onClose(DelayedClientCall.java:468)
	at org.apache.ratis.thirdparty.io.grpc.internal.ClientCallImpl.closeObserver(ClientCallImpl.java:563)
	at org.apache.ratis.thirdparty.io.grpc.internal.ClientCallImpl.access$300(ClientCallImpl.java:70)
	at org.apache.ratis.thirdparty.io.grpc.internal.ClientCallImpl$ClientStreamListenerImpl$1StreamClosed.runInternal(ClientCallImpl.java:744)
	at org.apache.ratis.thirdparty.io.grpc.internal.ClientCallImpl$ClientStreamListenerImpl$1StreamClosed.runInContext(ClientCallImpl.java:723)
	at org.apache.ratis.thirdparty.io.grpc.internal.ContextRunnable.run(ContextRunnable.java:37)
	at org.apache.ratis.thirdparty.io.grpc.internal.SerializingExecutor.run(SerializingExecutor.java:133)
	at java.util.concurrent.ThreadPoolExecutor.runWorker(ThreadPoolExecutor.java:1149)
	at java.util.concurrent.ThreadPoolExecutor$Worker.run(ThreadPoolExecutor.java:624)
	at java.lang.Thread.run(Thread.java:750)
2023-11-20 14:17:21,043 [Thread-537] INFO  server.GrpcServerProtocolClient (GrpcServerProtocolClient.java:close(103)) - c950ed05-5bc7-49cd-b60c-e9631522e919 Close channels
2023-11-20 14:17:21,046 [e744cdee-db3a-4307-a129-877114b2ee40-impl-thread2] INFO  impl.StateMachineUpdater (StateMachineUpdater.java:stopAndJoin(155)) - e744cdee-db3a-4307-a129-877114b2ee40@group-101E1C95831D-StateMachineUpdater: set stopIndex = 6
2023-11-20 14:17:21,046 [ForkJoinPool.commonPool-worker-2] INFO  server.GrpcService (GrpcService.java:closeImpl(320)) - 4acbe1c1-18a2-4209-a8df-4dbe8c379458: shutdown server GrpcServerProtocolService successfully
2023-11-20 14:17:21,046 [main] INFO  server.GrpcService (GrpcService.java:closeImpl(320)) - c950ed05-5bc7-49cd-b60c-e9631522e919: shutdown server org.apache.ratis.grpc.server.GrpcClientProtocolService successfully
2023-11-20 14:17:21,046 [main] INFO  server.GrpcService (GrpcService.java:closeImpl(311)) - c950ed05-5bc7-49cd-b60c-e9631522e919: shutdown server GrpcServerProtocolService now
2023-11-20 14:17:21,046 [ForkJoinPool.commonPool-worker-3] INFO  server.GrpcService (GrpcService.java:closeImpl(320)) - 617fee10-5999-41fc-ba89-05e5beaae1db: shutdown server org.apache.ratis.grpc.server.GrpcClientProtocolService successfully
2023-11-20 14:17:21,046 [ForkJoinPool.commonPool-worker-3] INFO  server.GrpcService (GrpcService.java:closeImpl(311)) - 617fee10-5999-41fc-ba89-05e5beaae1db: shutdown server GrpcServerProtocolService now
2023-11-20 14:17:21,046 [ForkJoinPool.commonPool-worker-2] INFO  server.GrpcService (GrpcService.java:closeImpl(311)) - 4acbe1c1-18a2-4209-a8df-4dbe8c379458: shutdown server org.apache.ratis.grpc.server.GrpcAdminProtocolService now
2023-11-20 14:17:21,047 [ForkJoinPool.commonPool-worker-1] INFO  server.GrpcService (GrpcService.java:closeImpl(320)) - e744cdee-db3a-4307-a129-877114b2ee40: shutdown server org.apache.ratis.grpc.server.GrpcClientProtocolService successfully
2023-11-20 14:17:21,047 [ForkJoinPool.commonPool-worker-1] INFO  server.GrpcService (GrpcService.java:closeImpl(311)) - e744cdee-db3a-4307-a129-877114b2ee40: shutdown server GrpcServerProtocolService now
2023-11-20 14:17:21,046 [e744cdee-db3a-4307-a129-877114b2ee40@group-101E1C95831D-StateMachineUpdater] INFO  ratis.ContainerStateMachine (ContainerStateMachine.java:takeSnapshot(337)) - group-101E1C95831D: Taking a snapshot at:(t:1, i:6) file /home/runner/work/ozone/ozone/hadoop-ozone/integration-test/target/test-dir/MiniOzoneClusterImpl-7293264f-739e-43f0-b608-0ff531f18758/datanode-0/data/ratis/1b8177ee-0fa2-43ee-b8e1-101e1c95831d/sm/snapshot.1_6
2023-11-20 14:17:21,052 [main] INFO  server.GrpcService (GrpcService.java:closeImpl(320)) - c950ed05-5bc7-49cd-b60c-e9631522e919: shutdown server GrpcServerProtocolService successfully
2023-11-20 14:17:21,053 [main] INFO  server.GrpcService (GrpcService.java:closeImpl(311)) - c950ed05-5bc7-49cd-b60c-e9631522e919: shutdown server org.apache.ratis.grpc.server.GrpcAdminProtocolService now
2023-11-20 14:17:21,053 [ForkJoinPool.commonPool-worker-3] INFO  server.GrpcService (GrpcService.java:closeImpl(320)) - 617fee10-5999-41fc-ba89-05e5beaae1db: shutdown server GrpcServerProtocolService successfully
2023-11-20 14:17:21,053 [ForkJoinPool.commonPool-worker-3] INFO  server.GrpcService (GrpcService.java:closeImpl(311)) - 617fee10-5999-41fc-ba89-05e5beaae1db: shutdown server org.apache.ratis.grpc.server.GrpcAdminProtocolService now
2023-11-20 14:17:21,053 [ForkJoinPool.commonPool-worker-1] INFO  server.GrpcService (GrpcService.java:closeImpl(320)) - e744cdee-db3a-4307-a129-877114b2ee40: shutdown server GrpcServerProtocolService successfully
2023-11-20 14:17:21,053 [ForkJoinPool.commonPool-worker-2] INFO  server.GrpcService (GrpcService.java:closeImpl(320)) - 4acbe1c1-18a2-4209-a8df-4dbe8c379458: shutdown server org.apache.ratis.grpc.server.GrpcAdminProtocolService successfully
2023-11-20 14:17:21,053 [ForkJoinPool.commonPool-worker-1] INFO  server.GrpcService (GrpcService.java:closeImpl(311)) - e744cdee-db3a-4307-a129-877114b2ee40: shutdown server org.apache.ratis.grpc.server.GrpcAdminProtocolService now
2023-11-20 14:17:21,054 [ForkJoinPool.commonPool-worker-3] INFO  server.GrpcService (GrpcService.java:closeImpl(320)) - 617fee10-5999-41fc-ba89-05e5beaae1db: shutdown server org.apache.ratis.grpc.server.GrpcAdminProtocolService successfully
2023-11-20 14:17:21,061 [main] INFO  server.GrpcService (GrpcService.java:closeImpl(320)) - c950ed05-5bc7-49cd-b60c-e9631522e919: shutdown server org.apache.ratis.grpc.server.GrpcAdminProtocolService successfully
2023-11-20 14:17:21,062 [c950ed05-5bc7-49cd-b60c-e9631522e919-NettyServerStreamRpc-bossGroup--thread1] INFO  logging.LoggingHandler (AbstractInternalLogger.java:log(148)) - [id: 0x7aa826cd, L:/0:0:0:0:0:0:0:0:15033] CLOSE
2023-11-20 14:17:21,062 [4acbe1c1-18a2-4209-a8df-4dbe8c379458-NettyServerStreamRpc-bossGroup--thread1] INFO  logging.LoggingHandler (AbstractInternalLogger.java:log(148)) - [id: 0x4110d7d1, L:/0:0:0:0:0:0:0:0:15051] CLOSE
2023-11-20 14:17:21,062 [617fee10-5999-41fc-ba89-05e5beaae1db-NettyServerStreamRpc-bossGroup--thread1] INFO  logging.LoggingHandler (AbstractInternalLogger.java:log(148)) - [id: 0xcc338690, L:/0:0:0:0:0:0:0:0:15024] CLOSE
2023-11-20 14:17:21,062 [4acbe1c1-18a2-4209-a8df-4dbe8c379458-NettyServerStreamRpc-bossGroup--thread1] INFO  logging.LoggingHandler (AbstractInternalLogger.java:log(148)) - [id: 0x4110d7d1, L:/0:0:0:0:0:0:0:0:15051] INACTIVE
2023-11-20 14:17:21,062 [617fee10-5999-41fc-ba89-05e5beaae1db-NettyServerStreamRpc-bossGroup--thread1] INFO  logging.LoggingHandler (AbstractInternalLogger.java:log(148)) - [id: 0xcc338690, L:/0:0:0:0:0:0:0:0:15024] INACTIVE
2023-11-20 14:17:21,062 [4acbe1c1-18a2-4209-a8df-4dbe8c379458-NettyServerStreamRpc-bossGroup--thread1] INFO  logging.LoggingHandler (AbstractInternalLogger.java:log(148)) - [id: 0x4110d7d1, L:/0:0:0:0:0:0:0:0:15051] UNREGISTERED
2023-11-20 14:17:21,062 [617fee10-5999-41fc-ba89-05e5beaae1db-NettyServerStreamRpc-bossGroup--thread1] INFO  logging.LoggingHandler (AbstractInternalLogger.java:log(148)) - [id: 0xcc338690, L:/0:0:0:0:0:0:0:0:15024] UNREGISTERED
2023-11-20 14:17:21,062 [c950ed05-5bc7-49cd-b60c-e9631522e919-NettyServerStreamRpc-bossGroup--thread1] INFO  logging.LoggingHandler (AbstractInternalLogger.java:log(148)) - [id: 0x7aa826cd, L:/0:0:0:0:0:0:0:0:15033] INACTIVE
2023-11-20 14:17:21,062 [ForkJoinPool.commonPool-worker-1] INFO  server.GrpcService (GrpcService.java:closeImpl(320)) - e744cdee-db3a-4307-a129-877114b2ee40: shutdown server org.apache.ratis.grpc.server.GrpcAdminProtocolService successfully
2023-11-20 14:17:21,062 [c950ed05-5bc7-49cd-b60c-e9631522e919-NettyServerStreamRpc-bossGroup--thread1] INFO  logging.LoggingHandler (AbstractInternalLogger.java:log(148)) - [id: 0x7aa826cd, L:/0:0:0:0:0:0:0:0:15033] UNREGISTERED
2023-11-20 14:17:21,063 [e744cdee-db3a-4307-a129-877114b2ee40-NettyServerStreamRpc-bossGroup--thread1] INFO  logging.LoggingHandler (AbstractInternalLogger.java:log(148)) - [id: 0xd52a6b46, L:/0:0:0:0:0:0:0:0:15015] CLOSE
2023-11-20 14:17:21,063 [e744cdee-db3a-4307-a129-877114b2ee40-NettyServerStreamRpc-bossGroup--thread1] INFO  logging.LoggingHandler (AbstractInternalLogger.java:log(148)) - [id: 0xd52a6b46, L:/0:0:0:0:0:0:0:0:15015] INACTIVE
2023-11-20 14:17:21,063 [e744cdee-db3a-4307-a129-877114b2ee40-NettyServerStreamRpc-bossGroup--thread1] INFO  logging.LoggingHandler (AbstractInternalLogger.java:log(148)) - [id: 0xd52a6b46, L:/0:0:0:0:0:0:0:0:15015] UNREGISTERED
2023-11-20 14:17:21,072 [4acbe1c1-18a2-4209-a8df-4dbe8c379458@group-012ED37C3E4B-StateMachineUpdater] INFO  ratis.ContainerStateMachine (ContainerStateMachine.java:takeSnapshot(348)) - group-012ED37C3E4B: Finished taking a snapshot at:(t:1, i:0) file:/home/runner/work/ozone/ozone/hadoop-ozone/integration-test/target/test-dir/MiniOzoneClusterImpl-7293264f-739e-43f0-b608-0ff531f18758/datanode-4/data/ratis/b87b8d6f-bbdc-4f5c-b384-012ed37c3e4b/sm/snapshot.1_0 took: 33 ms
2023-11-20 14:17:21,073 [4acbe1c1-18a2-4209-a8df-4dbe8c379458@group-012ED37C3E4B-StateMachineUpdater] INFO  impl.StateMachineUpdater (StateMachineUpdater.java:takeSnapshot(291)) - 4acbe1c1-18a2-4209-a8df-4dbe8c379458@group-012ED37C3E4B-StateMachineUpdater: Took a snapshot at index 0
2023-11-20 14:17:21,073 [4acbe1c1-18a2-4209-a8df-4dbe8c379458@group-012ED37C3E4B-StateMachineUpdater] INFO  impl.StateMachineUpdater (StateMachineUpdater.java:lambda$new$0(97)) - 4acbe1c1-18a2-4209-a8df-4dbe8c379458@group-012ED37C3E4B-StateMachineUpdater: snapshotIndex: updateIncreasingly -1 -> 0
2023-11-20 14:17:21,073 [617fee10-5999-41fc-ba89-05e5beaae1db@group-C5601DFFEB53-StateMachineUpdater] INFO  ratis.ContainerStateMachine (ContainerStateMachine.java:takeSnapshot(348)) - group-C5601DFFEB53: Finished taking a snapshot at:(t:1, i:0) file:/home/runner/work/ozone/ozone/hadoop-ozone/integration-test/target/test-dir/MiniOzoneClusterImpl-7293264f-739e-43f0-b608-0ff531f18758/datanode-1/data/ratis/ddb22c92-2c6c-4f72-9923-c5601dffeb53/sm/snapshot.1_0 took: 64 ms
2023-11-20 14:17:21,074 [c950ed05-5bc7-49cd-b60c-e9631522e919@group-A5A1344C0F7C-StateMachineUpdater] INFO  ratis.ContainerStateMachine (ContainerStateMachine.java:takeSnapshot(348)) - group-A5A1344C0F7C: Finished taking a snapshot at:(t:1, i:28) file:/home/runner/work/ozone/ozone/hadoop-ozone/integration-test/target/test-dir/MiniOzoneClusterImpl-7293264f-739e-43f0-b608-0ff531f18758/datanode-2/data/ratis/911e060c-e869-432f-a70b-a5a1344c0f7c/sm/snapshot.1_28 took: 58 ms
2023-11-20 14:17:21,074 [617fee10-5999-41fc-ba89-05e5beaae1db@group-C5601DFFEB53-StateMachineUpdater] INFO  impl.StateMachineUpdater (StateMachineUpdater.java:takeSnapshot(291)) - 617fee10-5999-41fc-ba89-05e5beaae1db@group-C5601DFFEB53-StateMachineUpdater: Took a snapshot at index 0
2023-11-20 14:17:21,074 [617fee10-5999-41fc-ba89-05e5beaae1db@group-C5601DFFEB53-StateMachineUpdater] INFO  impl.StateMachineUpdater (StateMachineUpdater.java:lambda$new$0(97)) - 617fee10-5999-41fc-ba89-05e5beaae1db@group-C5601DFFEB53-StateMachineUpdater: snapshotIndex: updateIncreasingly -1 -> 0
2023-11-20 14:17:21,074 [c950ed05-5bc7-49cd-b60c-e9631522e919@group-A5A1344C0F7C-StateMachineUpdater] INFO  impl.StateMachineUpdater (StateMachineUpdater.java:takeSnapshot(291)) - c950ed05-5bc7-49cd-b60c-e9631522e919@group-A5A1344C0F7C-StateMachineUpdater: Took a snapshot at index 28
2023-11-20 14:17:21,074 [e744cdee-db3a-4307-a129-877114b2ee40@group-A15E7FB09128-StateMachineUpdater] INFO  ratis.ContainerStateMachine (ContainerStateMachine.java:takeSnapshot(348)) - group-A15E7FB09128: Finished taking a snapshot at:(t:1, i:0) file:/home/runner/work/ozone/ozone/hadoop-ozone/integration-test/target/test-dir/MiniOzoneClusterImpl-7293264f-739e-43f0-b608-0ff531f18758/datanode-0/data/ratis/a7c19118-fc61-4d7b-bda4-a15e7fb09128/sm/snapshot.1_0 took: 45 ms
2023-11-20 14:17:21,074 [c950ed05-5bc7-49cd-b60c-e9631522e919@group-A5A1344C0F7C-StateMachineUpdater] INFO  impl.StateMachineUpdater (StateMachineUpdater.java:lambda$new$0(97)) - c950ed05-5bc7-49cd-b60c-e9631522e919@group-A5A1344C0F7C-StateMachineUpdater: snapshotIndex: updateIncreasingly -1 -> 28
2023-11-20 14:17:21,074 [e744cdee-db3a-4307-a129-877114b2ee40@group-101E1C95831D-StateMachineUpdater] INFO  ratis.ContainerStateMachine (ContainerStateMachine.java:takeSnapshot(348)) - group-101E1C95831D: Finished taking a snapshot at:(t:1, i:6) file:/home/runner/work/ozone/ozone/hadoop-ozone/integration-test/target/test-dir/MiniOzoneClusterImpl-7293264f-739e-43f0-b608-0ff531f18758/datanode-0/data/ratis/1b8177ee-0fa2-43ee-b8e1-101e1c95831d/sm/snapshot.1_6 took: 27 ms
2023-11-20 14:17:21,074 [c950ed05-5bc7-49cd-b60c-e9631522e919@group-101E1C95831D-StateMachineUpdater] INFO  ratis.ContainerStateMachine (ContainerStateMachine.java:takeSnapshot(348)) - group-101E1C95831D: Finished taking a snapshot at:(t:1, i:8) file:/home/runner/work/ozone/ozone/hadoop-ozone/integration-test/target/test-dir/MiniOzoneClusterImpl-7293264f-739e-43f0-b608-0ff531f18758/datanode-2/data/ratis/1b8177ee-0fa2-43ee-b8e1-101e1c95831d/sm/snapshot.1_8 took: 42 ms
2023-11-20 14:17:21,074 [e744cdee-db3a-4307-a129-877114b2ee40@group-A15E7FB09128-StateMachineUpdater] INFO  impl.StateMachineUpdater (StateMachineUpdater.java:takeSnapshot(291)) - e744cdee-db3a-4307-a129-877114b2ee40@group-A15E7FB09128-StateMachineUpdater: Took a snapshot at index 0
2023-11-20 14:17:21,074 [e744cdee-db3a-4307-a129-877114b2ee40@group-A15E7FB09128-StateMachineUpdater] INFO  impl.StateMachineUpdater (StateMachineUpdater.java:lambda$new$0(97)) - e744cdee-db3a-4307-a129-877114b2ee40@group-A15E7FB09128-StateMachineUpdater: snapshotIndex: updateIncreasingly -1 -> 0
2023-11-20 14:17:21,074 [c950ed05-5bc7-49cd-b60c-e9631522e919@group-101E1C95831D-StateMachineUpdater] INFO  impl.StateMachineUpdater (StateMachineUpdater.java:takeSnapshot(291)) - c950ed05-5bc7-49cd-b60c-e9631522e919@group-101E1C95831D-StateMachineUpdater: Took a snapshot at index 8
2023-11-20 14:17:21,074 [617fee10-5999-41fc-ba89-05e5beaae1db@group-101E1C95831D-StateMachineUpdater] INFO  ratis.ContainerStateMachine (ContainerStateMachine.java:takeSnapshot(348)) - group-101E1C95831D: Finished taking a snapshot at:(t:1, i:6) file:/home/runner/work/ozone/ozone/hadoop-ozone/integration-test/target/test-dir/MiniOzoneClusterImpl-7293264f-739e-43f0-b608-0ff531f18758/datanode-1/data/ratis/1b8177ee-0fa2-43ee-b8e1-101e1c95831d/sm/snapshot.1_6 took: 58 ms
2023-11-20 14:17:21,074 [c950ed05-5bc7-49cd-b60c-e9631522e919@group-101E1C95831D-StateMachineUpdater] INFO  impl.StateMachineUpdater (StateMachineUpdater.java:lambda$new$0(97)) - c950ed05-5bc7-49cd-b60c-e9631522e919@group-101E1C95831D-StateMachineUpdater: snapshotIndex: updateIncreasingly -1 -> 8
2023-11-20 14:17:21,074 [617fee10-5999-41fc-ba89-05e5beaae1db@group-101E1C95831D-StateMachineUpdater] INFO  impl.StateMachineUpdater (StateMachineUpdater.java:takeSnapshot(291)) - 617fee10-5999-41fc-ba89-05e5beaae1db@group-101E1C95831D-StateMachineUpdater: Took a snapshot at index 6
2023-11-20 14:17:21,074 [617fee10-5999-41fc-ba89-05e5beaae1db@group-101E1C95831D-StateMachineUpdater] INFO  impl.StateMachineUpdater (StateMachineUpdater.java:lambda$new$0(97)) - 617fee10-5999-41fc-ba89-05e5beaae1db@group-101E1C95831D-StateMachineUpdater: snapshotIndex: updateIncreasingly -1 -> 6
2023-11-20 14:17:21,074 [617fee10-5999-41fc-ba89-05e5beaae1db@group-A5A1344C0F7C-StateMachineUpdater] INFO  ratis.ContainerStateMachine (ContainerStateMachine.java:takeSnapshot(348)) - group-A5A1344C0F7C: Finished taking a snapshot at:(t:1, i:28) file:/home/runner/work/ozone/ozone/hadoop-ozone/integration-test/target/test-dir/MiniOzoneClusterImpl-7293264f-739e-43f0-b608-0ff531f18758/datanode-1/data/ratis/911e060c-e869-432f-a70b-a5a1344c0f7c/sm/snapshot.1_28 took: 44 ms
2023-11-20 14:17:21,074 [e744cdee-db3a-4307-a129-877114b2ee40@group-101E1C95831D-StateMachineUpdater] INFO  impl.StateMachineUpdater (StateMachineUpdater.java:takeSnapshot(291)) - e744cdee-db3a-4307-a129-877114b2ee40@group-101E1C95831D-StateMachineUpdater: Took a snapshot at index 6
2023-11-20 14:17:21,075 [e744cdee-db3a-4307-a129-877114b2ee40@group-101E1C95831D-StateMachineUpdater] INFO  impl.StateMachineUpdater (StateMachineUpdater.java:lambda$new$0(97)) - e744cdee-db3a-4307-a129-877114b2ee40@group-101E1C95831D-StateMachineUpdater: snapshotIndex: updateIncreasingly -1 -> 6
2023-11-20 14:17:21,075 [e744cdee-db3a-4307-a129-877114b2ee40@group-A5A1344C0F7C-StateMachineUpdater] INFO  ratis.ContainerStateMachine (ContainerStateMachine.java:takeSnapshot(348)) - group-A5A1344C0F7C: Finished taking a snapshot at:(t:1, i:28) file:/home/runner/work/ozone/ozone/hadoop-ozone/integration-test/target/test-dir/MiniOzoneClusterImpl-7293264f-739e-43f0-b608-0ff531f18758/datanode-0/data/ratis/911e060c-e869-432f-a70b-a5a1344c0f7c/sm/snapshot.1_28 took: 35 ms
2023-11-20 14:17:21,075 [617fee10-5999-41fc-ba89-05e5beaae1db@group-A5A1344C0F7C-StateMachineUpdater] INFO  impl.StateMachineUpdater (StateMachineUpdater.java:takeSnapshot(291)) - 617fee10-5999-41fc-ba89-05e5beaae1db@group-A5A1344C0F7C-StateMachineUpdater: Took a snapshot at index 28
2023-11-20 14:17:21,075 [617fee10-5999-41fc-ba89-05e5beaae1db@group-A5A1344C0F7C-StateMachineUpdater] INFO  impl.StateMachineUpdater (StateMachineUpdater.java:lambda$new$0(97)) - 617fee10-5999-41fc-ba89-05e5beaae1db@group-A5A1344C0F7C-StateMachineUpdater: snapshotIndex: updateIncreasingly -1 -> 28
2023-11-20 14:17:21,075 [e744cdee-db3a-4307-a129-877114b2ee40@group-A5A1344C0F7C-StateMachineUpdater] INFO  impl.StateMachineUpdater (StateMachineUpdater.java:takeSnapshot(291)) - e744cdee-db3a-4307-a129-877114b2ee40@group-A5A1344C0F7C-StateMachineUpdater: Took a snapshot at index 28
2023-11-20 14:17:21,075 [e744cdee-db3a-4307-a129-877114b2ee40@group-A5A1344C0F7C-StateMachineUpdater] INFO  impl.StateMachineUpdater (StateMachineUpdater.java:lambda$new$0(97)) - e744cdee-db3a-4307-a129-877114b2ee40@group-A5A1344C0F7C-StateMachineUpdater: snapshotIndex: updateIncreasingly -1 -> 28
2023-11-20 14:17:21,075 [c950ed05-5bc7-49cd-b60c-e9631522e919@group-C85E64AE9605-StateMachineUpdater] INFO  ratis.ContainerStateMachine (ContainerStateMachine.java:takeSnapshot(348)) - group-C85E64AE9605: Finished taking a snapshot at:(t:1, i:0) file:/home/runner/work/ozone/ozone/hadoop-ozone/integration-test/target/test-dir/MiniOzoneClusterImpl-7293264f-739e-43f0-b608-0ff531f18758/datanode-2/data/ratis/3fbb9273-50ee-499e-8ee4-c85e64ae9605/sm/snapshot.1_0 took: 69 ms
2023-11-20 14:17:21,075 [c950ed05-5bc7-49cd-b60c-e9631522e919@group-C85E64AE9605-StateMachineUpdater] INFO  impl.StateMachineUpdater (StateMachineUpdater.java:takeSnapshot(291)) - c950ed05-5bc7-49cd-b60c-e9631522e919@group-C85E64AE9605-StateMachineUpdater: Took a snapshot at index 0
2023-11-20 14:17:21,075 [c950ed05-5bc7-49cd-b60c-e9631522e919@group-C85E64AE9605-StateMachineUpdater] INFO  impl.StateMachineUpdater (StateMachineUpdater.java:lambda$new$0(97)) - c950ed05-5bc7-49cd-b60c-e9631522e919@group-C85E64AE9605-StateMachineUpdater: snapshotIndex: updateIncreasingly -1 -> 0
2023-11-20 14:17:21,085 [ForkJoinPool.commonPool-worker-0] INFO  ozoneimpl.OzoneContainer (OzoneContainer.java:stop(463)) - Attempting to stop container services.
2023-11-20 14:17:21,085 [ForkJoinPool.commonPool-worker-0] INFO  server.RaftServer (RaftServerProxy.java:lambda$close$6(416)) - e3a4102d-65f7-48f2-aab6-9dba3586f78e: close
2023-11-20 14:17:21,085 [ForkJoinPool.commonPool-worker-0] INFO  server.GrpcService (GrpcService.java:closeImpl(311)) - e3a4102d-65f7-48f2-aab6-9dba3586f78e: shutdown server org.apache.ratis.grpc.server.GrpcClientProtocolService now
2023-11-20 14:17:21,085 [e3a4102d-65f7-48f2-aab6-9dba3586f78e-impl-thread1] INFO  server.RaftServer$Division (RaftServerImpl.java:lambda$close$4(466)) - e3a4102d-65f7-48f2-aab6-9dba3586f78e@group-D1051C5D3047: shutdown
2023-11-20 14:17:21,085 [e3a4102d-65f7-48f2-aab6-9dba3586f78e-impl-thread1] INFO  util.JmxRegister (JmxRegister.java:unregister(73)) - Successfully un-registered JMX Bean with object name Ratis:service=RaftServer,group=group-D1051C5D3047,id=e3a4102d-65f7-48f2-aab6-9dba3586f78e
2023-11-20 14:17:21,086 [e3a4102d-65f7-48f2-aab6-9dba3586f78e-impl-thread1] INFO  impl.RoleInfo (RoleInfo.java:shutdownLeaderState(93)) - e3a4102d-65f7-48f2-aab6-9dba3586f78e: shutdown e3a4102d-65f7-48f2-aab6-9dba3586f78e@group-D1051C5D3047-LeaderStateImpl
2023-11-20 14:17:21,086 [e3a4102d-65f7-48f2-aab6-9dba3586f78e-impl-thread1] INFO  impl.PendingRequests (PendingRequests.java:sendNotLeaderResponses(289)) - e3a4102d-65f7-48f2-aab6-9dba3586f78e@group-D1051C5D3047-PendingRequests: sendNotLeaderResponses
2023-11-20 14:17:21,088 [ForkJoinPool.commonPool-worker-0] INFO  server.GrpcService (GrpcService.java:closeImpl(320)) - e3a4102d-65f7-48f2-aab6-9dba3586f78e: shutdown server org.apache.ratis.grpc.server.GrpcClientProtocolService successfully
2023-11-20 14:17:21,088 [ForkJoinPool.commonPool-worker-0] INFO  server.GrpcService (GrpcService.java:closeImpl(311)) - e3a4102d-65f7-48f2-aab6-9dba3586f78e: shutdown server GrpcServerProtocolService now
2023-11-20 14:17:21,088 [e3a4102d-65f7-48f2-aab6-9dba3586f78e-impl-thread1] INFO  impl.StateMachineUpdater (StateMachineUpdater.java:stopAndJoin(155)) - e3a4102d-65f7-48f2-aab6-9dba3586f78e@group-D1051C5D3047-StateMachineUpdater: set stopIndex = 3
2023-11-20 14:17:21,090 [ForkJoinPool.commonPool-worker-0] INFO  server.GrpcService (GrpcService.java:closeImpl(320)) - e3a4102d-65f7-48f2-aab6-9dba3586f78e: shutdown server GrpcServerProtocolService successfully
2023-11-20 14:17:21,090 [ForkJoinPool.commonPool-worker-0] INFO  server.GrpcService (GrpcService.java:closeImpl(311)) - e3a4102d-65f7-48f2-aab6-9dba3586f78e: shutdown server org.apache.ratis.grpc.server.GrpcAdminProtocolService now
2023-11-20 14:17:21,090 [e3a4102d-65f7-48f2-aab6-9dba3586f78e@group-D1051C5D3047-StateMachineUpdater] INFO  ratis.ContainerStateMachine (ContainerStateMachine.java:takeSnapshot(337)) - group-D1051C5D3047: Taking a snapshot at:(t:1, i:3) file /home/runner/work/ozone/ozone/hadoop-ozone/integration-test/target/test-dir/MiniOzoneClusterImpl-7293264f-739e-43f0-b608-0ff531f18758/datanode-3/data/ratis/850127b2-0ad9-4913-bfbf-d1051c5d3047/sm/snapshot.1_3
2023-11-20 14:17:21,091 [e3a4102d-65f7-48f2-aab6-9dba3586f78e@group-D1051C5D3047-StateMachineUpdater] INFO  ratis.ContainerStateMachine (ContainerStateMachine.java:takeSnapshot(348)) - group-D1051C5D3047: Finished taking a snapshot at:(t:1, i:3) file:/home/runner/work/ozone/ozone/hadoop-ozone/integration-test/target/test-dir/MiniOzoneClusterImpl-7293264f-739e-43f0-b608-0ff531f18758/datanode-3/data/ratis/850127b2-0ad9-4913-bfbf-d1051c5d3047/sm/snapshot.1_3 took: 1 ms
2023-11-20 14:17:21,093 [e3a4102d-65f7-48f2-aab6-9dba3586f78e@group-D1051C5D3047-StateMachineUpdater] INFO  impl.StateMachineUpdater (StateMachineUpdater.java:takeSnapshot(291)) - e3a4102d-65f7-48f2-aab6-9dba3586f78e@group-D1051C5D3047-StateMachineUpdater: Took a snapshot at index 3
2023-11-20 14:17:21,093 [e3a4102d-65f7-48f2-aab6-9dba3586f78e@group-D1051C5D3047-StateMachineUpdater] INFO  impl.StateMachineUpdater (StateMachineUpdater.java:lambda$new$0(97)) - e3a4102d-65f7-48f2-aab6-9dba3586f78e@group-D1051C5D3047-StateMachineUpdater: snapshotIndex: updateIncreasingly -1 -> 3
2023-11-20 14:17:21,094 [ForkJoinPool.commonPool-worker-0] INFO  server.GrpcService (GrpcService.java:closeImpl(320)) - e3a4102d-65f7-48f2-aab6-9dba3586f78e: shutdown server org.apache.ratis.grpc.server.GrpcAdminProtocolService successfully
2023-11-20 14:17:21,095 [e3a4102d-65f7-48f2-aab6-9dba3586f78e-NettyServerStreamRpc-bossGroup--thread1] INFO  logging.LoggingHandler (AbstractInternalLogger.java:log(148)) - [id: 0x96a6cdce, L:/0:0:0:0:0:0:0:0:15042] CLOSE
2023-11-20 14:17:21,096 [e3a4102d-65f7-48f2-aab6-9dba3586f78e-NettyServerStreamRpc-bossGroup--thread1] INFO  logging.LoggingHandler (AbstractInternalLogger.java:log(148)) - [id: 0x96a6cdce, L:/0:0:0:0:0:0:0:0:15042] INACTIVE
2023-11-20 14:17:21,096 [e3a4102d-65f7-48f2-aab6-9dba3586f78e-NettyServerStreamRpc-bossGroup--thread1] INFO  logging.LoggingHandler (AbstractInternalLogger.java:log(148)) - [id: 0x96a6cdce, L:/0:0:0:0:0:0:0:0:15042] UNREGISTERED
2023-11-20 14:17:21,097 [c950ed05-5bc7-49cd-b60c-e9631522e919-impl-thread2] INFO  server.RaftServer$Division (ServerState.java:close(472)) - c950ed05-5bc7-49cd-b60c-e9631522e919@group-C85E64AE9605: closes. applyIndex: 0
2023-11-20 14:17:21,101 [4acbe1c1-18a2-4209-a8df-4dbe8c379458-impl-thread1] INFO  server.RaftServer$Division (ServerState.java:close(472)) - 4acbe1c1-18a2-4209-a8df-4dbe8c379458@group-012ED37C3E4B: closes. applyIndex: 0
2023-11-20 14:17:21,101 [617fee10-5999-41fc-ba89-05e5beaae1db-impl-thread1] INFO  server.RaftServer$Division (ServerState.java:close(472)) - 617fee10-5999-41fc-ba89-05e5beaae1db@group-C5601DFFEB53: closes. applyIndex: 0
2023-11-20 14:17:21,101 [e744cdee-db3a-4307-a129-877114b2ee40-impl-thread1] INFO  server.RaftServer$Division (ServerState.java:close(472)) - e744cdee-db3a-4307-a129-877114b2ee40@group-A15E7FB09128: closes. applyIndex: 0
2023-11-20 14:17:21,117 [617fee10-5999-41fc-ba89-05e5beaae1db-impl-thread3] INFO  server.RaftServer$Division (ServerState.java:close(472)) - 617fee10-5999-41fc-ba89-05e5beaae1db@group-A5A1344C0F7C: closes. applyIndex: 28
2023-11-20 14:17:21,117 [617fee10-5999-41fc-ba89-05e5beaae1db-impl-thread2] INFO  server.RaftServer$Division (ServerState.java:close(472)) - 617fee10-5999-41fc-ba89-05e5beaae1db@group-101E1C95831D: closes. applyIndex: 6
2023-11-20 14:17:21,118 [c950ed05-5bc7-49cd-b60c-e9631522e919-impl-thread3] INFO  server.RaftServer$Division (ServerState.java:close(472)) - c950ed05-5bc7-49cd-b60c-e9631522e919@group-A5A1344C0F7C: closes. applyIndex: 28
2023-11-20 14:17:21,118 [e3a4102d-65f7-48f2-aab6-9dba3586f78e-impl-thread1] INFO  server.RaftServer$Division (ServerState.java:close(472)) - e3a4102d-65f7-48f2-aab6-9dba3586f78e@group-D1051C5D3047: closes. applyIndex: 3
2023-11-20 14:17:21,119 [c950ed05-5bc7-49cd-b60c-e9631522e919-impl-thread2] INFO  segmented.SegmentedRaftLogWorker (SegmentedRaftLogWorker.java:close(252)) - c950ed05-5bc7-49cd-b60c-e9631522e919@group-C85E64AE9605-SegmentedRaftLogWorker close()
2023-11-20 14:17:21,119 [c950ed05-5bc7-49cd-b60c-e9631522e919-impl-thread1] INFO  server.RaftServer$Division (ServerState.java:close(472)) - c950ed05-5bc7-49cd-b60c-e9631522e919@group-101E1C95831D: closes. applyIndex: 8
2023-11-20 14:17:21,120 [e744cdee-db3a-4307-a129-877114b2ee40-impl-thread3] INFO  server.RaftServer$Division (ServerState.java:close(472)) - e744cdee-db3a-4307-a129-877114b2ee40@group-A5A1344C0F7C: closes. applyIndex: 28
2023-11-20 14:17:21,122 [e744cdee-db3a-4307-a129-877114b2ee40-impl-thread2] INFO  server.RaftServer$Division (ServerState.java:close(472)) - e744cdee-db3a-4307-a129-877114b2ee40@group-101E1C95831D: closes. applyIndex: 6
2023-11-20 14:17:21,129 [617fee10-5999-41fc-ba89-05e5beaae1db-impl-thread1] INFO  segmented.SegmentedRaftLogWorker (SegmentedRaftLogWorker.java:close(252)) - 617fee10-5999-41fc-ba89-05e5beaae1db@group-C5601DFFEB53-SegmentedRaftLogWorker close()
2023-11-20 14:17:21,452 [617fee10-5999-41fc-ba89-05e5beaae1db-impl-thread3] INFO  segmented.SegmentedRaftLogWorker (SegmentedRaftLogWorker.java:close(252)) - 617fee10-5999-41fc-ba89-05e5beaae1db@group-A5A1344C0F7C-SegmentedRaftLogWorker close()
2023-11-20 14:17:21,453 [e744cdee-db3a-4307-a129-877114b2ee40-impl-thread3] INFO  segmented.SegmentedRaftLogWorker (SegmentedRaftLogWorker.java:close(252)) - e744cdee-db3a-4307-a129-877114b2ee40@group-A5A1344C0F7C-SegmentedRaftLogWorker close()
2023-11-20 14:17:21,459 [c950ed05-5bc7-49cd-b60c-e9631522e919-impl-thread3] INFO  segmented.SegmentedRaftLogWorker (SegmentedRaftLogWorker.java:close(252)) - c950ed05-5bc7-49cd-b60c-e9631522e919@group-A5A1344C0F7C-SegmentedRaftLogWorker close()
2023-11-20 14:17:21,468 [4acbe1c1-18a2-4209-a8df-4dbe8c379458-impl-thread1] INFO  segmented.SegmentedRaftLogWorker (SegmentedRaftLogWorker.java:close(252)) - 4acbe1c1-18a2-4209-a8df-4dbe8c379458@group-012ED37C3E4B-SegmentedRaftLogWorker close()
2023-11-20 14:17:21,469 [JvmPauseMonitor6] INFO  util.JvmPauseMonitor (JvmPauseMonitor.java:run(109)) - JvmPauseMonitor-4acbe1c1-18a2-4209-a8df-4dbe8c379458: Stopped
2023-11-20 14:17:21,539 [e3a4102d-65f7-48f2-aab6-9dba3586f78e-impl-thread1] INFO  segmented.SegmentedRaftLogWorker (SegmentedRaftLogWorker.java:close(252)) - e3a4102d-65f7-48f2-aab6-9dba3586f78e@group-D1051C5D3047-SegmentedRaftLogWorker close()
2023-11-20 14:17:21,540 [JvmPauseMonitor5] INFO  util.JvmPauseMonitor (JvmPauseMonitor.java:run(109)) - JvmPauseMonitor-e3a4102d-65f7-48f2-aab6-9dba3586f78e: Stopped
2023-11-20 14:17:21,891 [e744cdee-db3a-4307-a129-877114b2ee40-impl-thread1] INFO  segmented.SegmentedRaftLogWorker (SegmentedRaftLogWorker.java:close(252)) - e744cdee-db3a-4307-a129-877114b2ee40@group-A15E7FB09128-SegmentedRaftLogWorker close()
2023-11-20 14:17:21,949 [c950ed05-5bc7-49cd-b60c-e9631522e919-impl-thread1] INFO  segmented.SegmentedRaftLogWorker (SegmentedRaftLogWorker.java:close(252)) - c950ed05-5bc7-49cd-b60c-e9631522e919@group-101E1C95831D-SegmentedRaftLogWorker close()
2023-11-20 14:17:21,949 [JvmPauseMonitor4] INFO  util.JvmPauseMonitor (JvmPauseMonitor.java:run(109)) - JvmPauseMonitor-c950ed05-5bc7-49cd-b60c-e9631522e919: Stopped
2023-11-20 14:17:21,950 [617fee10-5999-41fc-ba89-05e5beaae1db-impl-thread2] INFO  segmented.SegmentedRaftLogWorker (SegmentedRaftLogWorker.java:close(252)) - 617fee10-5999-41fc-ba89-05e5beaae1db@group-101E1C95831D-SegmentedRaftLogWorker close()
2023-11-20 14:17:21,951 [e744cdee-db3a-4307-a129-877114b2ee40-impl-thread2] INFO  segmented.SegmentedRaftLogWorker (SegmentedRaftLogWorker.java:close(252)) - e744cdee-db3a-4307-a129-877114b2ee40@group-101E1C95831D-SegmentedRaftLogWorker close()
2023-11-20 14:17:21,952 [JvmPauseMonitor2] INFO  util.JvmPauseMonitor (JvmPauseMonitor.java:run(109)) - JvmPauseMonitor-e744cdee-db3a-4307-a129-877114b2ee40: Stopped
2023-11-20 14:17:21,952 [JvmPauseMonitor3] INFO  util.JvmPauseMonitor (JvmPauseMonitor.java:run(109)) - JvmPauseMonitor-617fee10-5999-41fc-ba89-05e5beaae1db: Stopped
2023-11-20 14:17:23,484 [ForkJoinPool.commonPool-worker-2] INFO  utils.DatanodeStoreCache (DatanodeStoreCache.java:shutdownCache(110)) - Skip clearing cache in mini cluster mode. Entries left: [/home/runner/work/ozone/ozone/hadoop-ozone/integration-test/target/test-dir/MiniOzoneClusterImpl-7293264f-739e-43f0-b608-0ff531f18758/datanode-0/data-0/containers/hdds/7293264f-739e-43f0-b608-0ff531f18758/DS-2e62aef2-b270-4fc1-840f-4ab4c773c80b/container.db, /home/runner/work/ozone/ozone/hadoop-ozone/integration-test/target/test-dir/MiniOzoneClusterImpl-7293264f-739e-43f0-b608-0ff531f18758/datanode-1/data-0/containers/hdds/7293264f-739e-43f0-b608-0ff531f18758/DS-681cc7ae-7358-4cd1-9dd1-0ab0b4d04144/container.db, /home/runner/work/ozone/ozone/hadoop-ozone/integration-test/target/test-dir/MiniOzoneClusterImpl-7293264f-739e-43f0-b608-0ff531f18758/datanode-2/data-0/containers/hdds/7293264f-739e-43f0-b608-0ff531f18758/DS-415279d2-5343-4e81-acfa-98f23b99efcf/container.db, /home/runner/work/ozone/ozone/hadoop-ozone/integration-test/target/test-dir/MiniOzoneClusterImpl-7293264f-739e-43f0-b608-0ff531f18758/datanode-3/data-0/containers/hdds/7293264f-739e-43f0-b608-0ff531f18758/DS-7228b78d-9669-4327-af87-9e65c6cf26db/container.db, /home/runner/work/ozone/ozone/hadoop-ozone/integration-test/target/test-dir/MiniOzoneClusterImpl-7293264f-739e-43f0-b608-0ff531f18758/datanode-4/data-0/containers/hdds/7293264f-739e-43f0-b608-0ff531f18758/DS-75802f7d-1558-4cc9-8cb2-df3707031dde/container.db]
2023-11-20 14:17:23,486 [ForkJoinPool.commonPool-worker-2] INFO  utils.DatanodeStoreCache (DatanodeStoreCache.java:removeDB(104)) - Removed db /home/runner/work/ozone/ozone/hadoop-ozone/integration-test/target/test-dir/MiniOzoneClusterImpl-7293264f-739e-43f0-b608-0ff531f18758/datanode-4/data-0/containers/hdds/7293264f-739e-43f0-b608-0ff531f18758/DS-75802f7d-1558-4cc9-8cb2-df3707031dde/container.db from cache
2023-11-20 14:17:23,486 [ForkJoinPool.commonPool-worker-2] INFO  volume.HddsVolume (HddsVolume.java:closeDbStore(453)) - SchemaV3 db is stopped at /home/runner/work/ozone/ozone/hadoop-ozone/integration-test/target/test-dir/MiniOzoneClusterImpl-7293264f-739e-43f0-b608-0ff531f18758/datanode-4/data-0/containers/hdds/7293264f-739e-43f0-b608-0ff531f18758/DS-75802f7d-1558-4cc9-8cb2-df3707031dde/container.db for volume DS-75802f7d-1558-4cc9-8cb2-df3707031dde
2023-11-20 14:17:23,487 [ForkJoinPool.commonPool-worker-2] INFO  utils.BackgroundService (BackgroundService.java:shutdown(160)) - Shutting down service BlockDeletingService
2023-11-20 14:17:23,487 [ForkJoinPool.commonPool-worker-2] INFO  utils.BackgroundService (BackgroundService.java:shutdown(160)) - Shutting down service StaleRecoveringContainerScrubbingService
2023-11-20 14:17:23,489 [ForkJoinPool.commonPool-worker-2] INFO  statemachine.DatanodeStateMachine (DatanodeStateMachine.java:stopDaemon(638)) - Ozone container server stopped.
2023-11-20 14:17:23,490 [ForkJoinPool.commonPool-worker-2] INFO  handler.ContextHandler (ContextHandler.java:doStop(1159)) - Stopped o.e.j.w.WebAppContext@6e012cdd{hddsDatanode,/,null,STOPPED}{jar:file:/home/runner/.m2/repository/org/apache/ozone/hdds-container-service/1.4.0-SNAPSHOT/hdds-container-service-1.4.0-SNAPSHOT.jar!/webapps/hddsDatanode}
2023-11-20 14:17:23,490 [ForkJoinPool.commonPool-worker-2] INFO  server.AbstractConnector (AbstractConnector.java:doStop(383)) - Stopped ServerConnector@6fe04d9d{HTTP/1.1, (http/1.1)}{0.0.0.0:15045}
2023-11-20 14:17:23,490 [ForkJoinPool.commonPool-worker-2] INFO  server.session (HouseKeeper.java:stopScavenging(149)) - node0 Stopped scavenging
2023-11-20 14:17:23,491 [ForkJoinPool.commonPool-worker-2] INFO  handler.ContextHandler (ContextHandler.java:doStop(1159)) - Stopped o.e.j.s.ServletContextHandler@6184047b{static,/static,jar:file:/home/runner/.m2/repository/org/apache/ozone/hdds-container-service/1.4.0-SNAPSHOT/hdds-container-service-1.4.0-SNAPSHOT.jar!/webapps/static,STOPPED}
2023-11-20 14:17:23,491 [ForkJoinPool.commonPool-worker-2] INFO  handler.ContextHandler (ContextHandler.java:doStop(1159)) - Stopped o.e.j.s.ServletContextHandler@78cd1d5c{logs,/logs,file:///home/runner/work/ozone/ozone/hadoop-ozone/integration-test/target/log,STOPPED}
2023-11-20 14:17:23,492 [ForkJoinPool.commonPool-worker-2] INFO  ozone.HddsDatanodeClientProtocolServer (HddsDatanodeClientProtocolServer.java:stop(78)) - Stopping the RPC server for Client Protocol
2023-11-20 14:17:23,492 [ForkJoinPool.commonPool-worker-2] INFO  ipc.Server (Server.java:stop(3523)) - Stopping server on 15046
2023-11-20 14:17:23,492 [IPC Server listener on 15046] INFO  ipc.Server (Server.java:run(1434)) - Stopping IPC Server listener on 15046
2023-11-20 14:17:23,492 [IPC Server Responder] INFO  ipc.Server (Server.java:run(1567)) - Stopping IPC Server Responder
2023-11-20 14:17:23,544 [ForkJoinPool.commonPool-worker-0] INFO  utils.DatanodeStoreCache (DatanodeStoreCache.java:shutdownCache(110)) - Skip clearing cache in mini cluster mode. Entries left: [/home/runner/work/ozone/ozone/hadoop-ozone/integration-test/target/test-dir/MiniOzoneClusterImpl-7293264f-739e-43f0-b608-0ff531f18758/datanode-0/data-0/containers/hdds/7293264f-739e-43f0-b608-0ff531f18758/DS-2e62aef2-b270-4fc1-840f-4ab4c773c80b/container.db, /home/runner/work/ozone/ozone/hadoop-ozone/integration-test/target/test-dir/MiniOzoneClusterImpl-7293264f-739e-43f0-b608-0ff531f18758/datanode-1/data-0/containers/hdds/7293264f-739e-43f0-b608-0ff531f18758/DS-681cc7ae-7358-4cd1-9dd1-0ab0b4d04144/container.db, /home/runner/work/ozone/ozone/hadoop-ozone/integration-test/target/test-dir/MiniOzoneClusterImpl-7293264f-739e-43f0-b608-0ff531f18758/datanode-2/data-0/containers/hdds/7293264f-739e-43f0-b608-0ff531f18758/DS-415279d2-5343-4e81-acfa-98f23b99efcf/container.db, /home/runner/work/ozone/ozone/hadoop-ozone/integration-test/target/test-dir/MiniOzoneClusterImpl-7293264f-739e-43f0-b608-0ff531f18758/datanode-3/data-0/containers/hdds/7293264f-739e-43f0-b608-0ff531f18758/DS-7228b78d-9669-4327-af87-9e65c6cf26db/container.db]
2023-11-20 14:17:23,553 [ForkJoinPool.commonPool-worker-0] INFO  utils.DatanodeStoreCache (DatanodeStoreCache.java:removeDB(104)) - Removed db /home/runner/work/ozone/ozone/hadoop-ozone/integration-test/target/test-dir/MiniOzoneClusterImpl-7293264f-739e-43f0-b608-0ff531f18758/datanode-3/data-0/containers/hdds/7293264f-739e-43f0-b608-0ff531f18758/DS-7228b78d-9669-4327-af87-9e65c6cf26db/container.db from cache
2023-11-20 14:17:23,553 [ForkJoinPool.commonPool-worker-0] INFO  volume.HddsVolume (HddsVolume.java:closeDbStore(453)) - SchemaV3 db is stopped at /home/runner/work/ozone/ozone/hadoop-ozone/integration-test/target/test-dir/MiniOzoneClusterImpl-7293264f-739e-43f0-b608-0ff531f18758/datanode-3/data-0/containers/hdds/7293264f-739e-43f0-b608-0ff531f18758/DS-7228b78d-9669-4327-af87-9e65c6cf26db/container.db for volume DS-7228b78d-9669-4327-af87-9e65c6cf26db
2023-11-20 14:17:23,553 [ForkJoinPool.commonPool-worker-0] INFO  utils.BackgroundService (BackgroundService.java:shutdown(160)) - Shutting down service BlockDeletingService
2023-11-20 14:17:23,554 [ForkJoinPool.commonPool-worker-0] INFO  utils.BackgroundService (BackgroundService.java:shutdown(160)) - Shutting down service StaleRecoveringContainerScrubbingService
2023-11-20 14:17:23,554 [ForkJoinPool.commonPool-worker-0] INFO  statemachine.DatanodeStateMachine (DatanodeStateMachine.java:stopDaemon(638)) - Ozone container server stopped.
2023-11-20 14:17:23,556 [ForkJoinPool.commonPool-worker-0] INFO  handler.ContextHandler (ContextHandler.java:doStop(1159)) - Stopped o.e.j.w.WebAppContext@5c81bb16{hddsDatanode,/,null,STOPPED}{jar:file:/home/runner/.m2/repository/org/apache/ozone/hdds-container-service/1.4.0-SNAPSHOT/hdds-container-service-1.4.0-SNAPSHOT.jar!/webapps/hddsDatanode}
2023-11-20 14:17:23,556 [ForkJoinPool.commonPool-worker-0] INFO  server.AbstractConnector (AbstractConnector.java:doStop(383)) - Stopped ServerConnector@6ff81b13{HTTP/1.1, (http/1.1)}{0.0.0.0:15036}
2023-11-20 14:17:23,556 [ForkJoinPool.commonPool-worker-0] INFO  server.session (HouseKeeper.java:stopScavenging(149)) - node0 Stopped scavenging
2023-11-20 14:17:23,557 [ForkJoinPool.commonPool-worker-0] INFO  handler.ContextHandler (ContextHandler.java:doStop(1159)) - Stopped o.e.j.s.ServletContextHandler@4830dbe5{static,/static,jar:file:/home/runner/.m2/repository/org/apache/ozone/hdds-container-service/1.4.0-SNAPSHOT/hdds-container-service-1.4.0-SNAPSHOT.jar!/webapps/static,STOPPED}
2023-11-20 14:17:23,558 [ForkJoinPool.commonPool-worker-0] INFO  handler.ContextHandler (ContextHandler.java:doStop(1159)) - Stopped o.e.j.s.ServletContextHandler@3c7ddb2d{logs,/logs,file:///home/runner/work/ozone/ozone/hadoop-ozone/integration-test/target/log,STOPPED}
2023-11-20 14:17:23,559 [ForkJoinPool.commonPool-worker-0] INFO  ozone.HddsDatanodeClientProtocolServer (HddsDatanodeClientProtocolServer.java:stop(78)) - Stopping the RPC server for Client Protocol
2023-11-20 14:17:23,560 [ForkJoinPool.commonPool-worker-0] INFO  ipc.Server (Server.java:stop(3523)) - Stopping server on 15037
2023-11-20 14:17:23,561 [IPC Server listener on 15037] INFO  ipc.Server (Server.java:run(1434)) - Stopping IPC Server listener on 15037
2023-11-20 14:17:23,561 [IPC Server Responder] INFO  ipc.Server (Server.java:run(1567)) - Stopping IPC Server Responder
2023-11-20 14:17:23,954 [main] INFO  utils.DatanodeStoreCache (DatanodeStoreCache.java:shutdownCache(110)) - Skip clearing cache in mini cluster mode. Entries left: [/home/runner/work/ozone/ozone/hadoop-ozone/integration-test/target/test-dir/MiniOzoneClusterImpl-7293264f-739e-43f0-b608-0ff531f18758/datanode-0/data-0/containers/hdds/7293264f-739e-43f0-b608-0ff531f18758/DS-2e62aef2-b270-4fc1-840f-4ab4c773c80b/container.db, /home/runner/work/ozone/ozone/hadoop-ozone/integration-test/target/test-dir/MiniOzoneClusterImpl-7293264f-739e-43f0-b608-0ff531f18758/datanode-1/data-0/containers/hdds/7293264f-739e-43f0-b608-0ff531f18758/DS-681cc7ae-7358-4cd1-9dd1-0ab0b4d04144/container.db, /home/runner/work/ozone/ozone/hadoop-ozone/integration-test/target/test-dir/MiniOzoneClusterImpl-7293264f-739e-43f0-b608-0ff531f18758/datanode-2/data-0/containers/hdds/7293264f-739e-43f0-b608-0ff531f18758/DS-415279d2-5343-4e81-acfa-98f23b99efcf/container.db]
2023-11-20 14:17:23,954 [ForkJoinPool.commonPool-worker-1] INFO  utils.DatanodeStoreCache (DatanodeStoreCache.java:shutdownCache(110)) - Skip clearing cache in mini cluster mode. Entries left: [/home/runner/work/ozone/ozone/hadoop-ozone/integration-test/target/test-dir/MiniOzoneClusterImpl-7293264f-739e-43f0-b608-0ff531f18758/datanode-0/data-0/containers/hdds/7293264f-739e-43f0-b608-0ff531f18758/DS-2e62aef2-b270-4fc1-840f-4ab4c773c80b/container.db, /home/runner/work/ozone/ozone/hadoop-ozone/integration-test/target/test-dir/MiniOzoneClusterImpl-7293264f-739e-43f0-b608-0ff531f18758/datanode-1/data-0/containers/hdds/7293264f-739e-43f0-b608-0ff531f18758/DS-681cc7ae-7358-4cd1-9dd1-0ab0b4d04144/container.db, /home/runner/work/ozone/ozone/hadoop-ozone/integration-test/target/test-dir/MiniOzoneClusterImpl-7293264f-739e-43f0-b608-0ff531f18758/datanode-2/data-0/containers/hdds/7293264f-739e-43f0-b608-0ff531f18758/DS-415279d2-5343-4e81-acfa-98f23b99efcf/container.db]
2023-11-20 14:17:23,956 [ForkJoinPool.commonPool-worker-3] INFO  utils.DatanodeStoreCache (DatanodeStoreCache.java:shutdownCache(110)) - Skip clearing cache in mini cluster mode. Entries left: [/home/runner/work/ozone/ozone/hadoop-ozone/integration-test/target/test-dir/MiniOzoneClusterImpl-7293264f-739e-43f0-b608-0ff531f18758/datanode-1/data-0/containers/hdds/7293264f-739e-43f0-b608-0ff531f18758/DS-681cc7ae-7358-4cd1-9dd1-0ab0b4d04144/container.db]
2023-11-20 14:17:23,956 [ForkJoinPool.commonPool-worker-1] INFO  utils.DatanodeStoreCache (DatanodeStoreCache.java:removeDB(104)) - Removed db /home/runner/work/ozone/ozone/hadoop-ozone/integration-test/target/test-dir/MiniOzoneClusterImpl-7293264f-739e-43f0-b608-0ff531f18758/datanode-0/data-0/containers/hdds/7293264f-739e-43f0-b608-0ff531f18758/DS-2e62aef2-b270-4fc1-840f-4ab4c773c80b/container.db from cache
2023-11-20 14:17:23,956 [main] INFO  utils.DatanodeStoreCache (DatanodeStoreCache.java:removeDB(104)) - Removed db /home/runner/work/ozone/ozone/hadoop-ozone/integration-test/target/test-dir/MiniOzoneClusterImpl-7293264f-739e-43f0-b608-0ff531f18758/datanode-2/data-0/containers/hdds/7293264f-739e-43f0-b608-0ff531f18758/DS-415279d2-5343-4e81-acfa-98f23b99efcf/container.db from cache
2023-11-20 14:17:23,956 [main] INFO  volume.HddsVolume (HddsVolume.java:closeDbStore(453)) - SchemaV3 db is stopped at /home/runner/work/ozone/ozone/hadoop-ozone/integration-test/target/test-dir/MiniOzoneClusterImpl-7293264f-739e-43f0-b608-0ff531f18758/datanode-2/data-0/containers/hdds/7293264f-739e-43f0-b608-0ff531f18758/DS-415279d2-5343-4e81-acfa-98f23b99efcf/container.db for volume DS-415279d2-5343-4e81-acfa-98f23b99efcf
2023-11-20 14:17:23,956 [ForkJoinPool.commonPool-worker-1] INFO  volume.HddsVolume (HddsVolume.java:closeDbStore(453)) - SchemaV3 db is stopped at /home/runner/work/ozone/ozone/hadoop-ozone/integration-test/target/test-dir/MiniOzoneClusterImpl-7293264f-739e-43f0-b608-0ff531f18758/datanode-0/data-0/containers/hdds/7293264f-739e-43f0-b608-0ff531f18758/DS-2e62aef2-b270-4fc1-840f-4ab4c773c80b/container.db for volume DS-2e62aef2-b270-4fc1-840f-4ab4c773c80b
2023-11-20 14:17:23,957 [ForkJoinPool.commonPool-worker-3] INFO  utils.DatanodeStoreCache (DatanodeStoreCache.java:removeDB(104)) - Removed db /home/runner/work/ozone/ozone/hadoop-ozone/integration-test/target/test-dir/MiniOzoneClusterImpl-7293264f-739e-43f0-b608-0ff531f18758/datanode-1/data-0/containers/hdds/7293264f-739e-43f0-b608-0ff531f18758/DS-681cc7ae-7358-4cd1-9dd1-0ab0b4d04144/container.db from cache
2023-11-20 14:17:23,957 [ForkJoinPool.commonPool-worker-1] INFO  utils.BackgroundService (BackgroundService.java:shutdown(160)) - Shutting down service BlockDeletingService
2023-11-20 14:17:23,957 [main] INFO  utils.BackgroundService (BackgroundService.java:shutdown(160)) - Shutting down service BlockDeletingService
2023-11-20 14:17:23,957 [ForkJoinPool.commonPool-worker-3] INFO  volume.HddsVolume (HddsVolume.java:closeDbStore(453)) - SchemaV3 db is stopped at /home/runner/work/ozone/ozone/hadoop-ozone/integration-test/target/test-dir/MiniOzoneClusterImpl-7293264f-739e-43f0-b608-0ff531f18758/datanode-1/data-0/containers/hdds/7293264f-739e-43f0-b608-0ff531f18758/DS-681cc7ae-7358-4cd1-9dd1-0ab0b4d04144/container.db for volume DS-681cc7ae-7358-4cd1-9dd1-0ab0b4d04144
2023-11-20 14:17:23,958 [main] INFO  utils.BackgroundService (BackgroundService.java:shutdown(160)) - Shutting down service StaleRecoveringContainerScrubbingService
2023-11-20 14:17:23,958 [ForkJoinPool.commonPool-worker-3] INFO  utils.BackgroundService (BackgroundService.java:shutdown(160)) - Shutting down service BlockDeletingService
2023-11-20 14:17:23,958 [main] INFO  statemachine.DatanodeStateMachine (DatanodeStateMachine.java:stopDaemon(638)) - Ozone container server stopped.
2023-11-20 14:17:23,958 [ForkJoinPool.commonPool-worker-1] INFO  utils.BackgroundService (BackgroundService.java:shutdown(160)) - Shutting down service StaleRecoveringContainerScrubbingService
2023-11-20 14:17:23,959 [ForkJoinPool.commonPool-worker-1] INFO  statemachine.DatanodeStateMachine (DatanodeStateMachine.java:stopDaemon(638)) - Ozone container server stopped.
2023-11-20 14:17:23,960 [ForkJoinPool.commonPool-worker-3] INFO  utils.BackgroundService (BackgroundService.java:shutdown(160)) - Shutting down service StaleRecoveringContainerScrubbingService
2023-11-20 14:17:23,960 [ForkJoinPool.commonPool-worker-1] INFO  handler.ContextHandler (ContextHandler.java:doStop(1159)) - Stopped o.e.j.w.WebAppContext@68b11d5c{hddsDatanode,/,null,STOPPED}{jar:file:/home/runner/.m2/repository/org/apache/ozone/hdds-container-service/1.4.0-SNAPSHOT/hdds-container-service-1.4.0-SNAPSHOT.jar!/webapps/hddsDatanode}
2023-11-20 14:17:23,961 [main] INFO  handler.ContextHandler (ContextHandler.java:doStop(1159)) - Stopped o.e.j.w.WebAppContext@3709549a{hddsDatanode,/,null,STOPPED}{jar:file:/home/runner/.m2/repository/org/apache/ozone/hdds-container-service/1.4.0-SNAPSHOT/hdds-container-service-1.4.0-SNAPSHOT.jar!/webapps/hddsDatanode}
2023-11-20 14:17:23,961 [ForkJoinPool.commonPool-worker-3] INFO  statemachine.DatanodeStateMachine (DatanodeStateMachine.java:stopDaemon(638)) - Ozone container server stopped.
2023-11-20 14:17:23,961 [ForkJoinPool.commonPool-worker-1] INFO  server.AbstractConnector (AbstractConnector.java:doStop(383)) - Stopped ServerConnector@4f2642de{HTTP/1.1, (http/1.1)}{0.0.0.0:15009}
2023-11-20 14:17:23,961 [ForkJoinPool.commonPool-worker-1] INFO  server.session (HouseKeeper.java:stopScavenging(149)) - node0 Stopped scavenging
2023-11-20 14:17:23,961 [main] INFO  server.AbstractConnector (AbstractConnector.java:doStop(383)) - Stopped ServerConnector@638b60e5{HTTP/1.1, (http/1.1)}{0.0.0.0:15027}
2023-11-20 14:17:23,962 [ForkJoinPool.commonPool-worker-1] INFO  handler.ContextHandler (ContextHandler.java:doStop(1159)) - Stopped o.e.j.s.ServletContextHandler@7d527572{static,/static,jar:file:/home/runner/.m2/repository/org/apache/ozone/hdds-container-service/1.4.0-SNAPSHOT/hdds-container-service-1.4.0-SNAPSHOT.jar!/webapps/static,STOPPED}
2023-11-20 14:17:23,962 [main] INFO  server.session (HouseKeeper.java:stopScavenging(149)) - node0 Stopped scavenging
2023-11-20 14:17:23,962 [ForkJoinPool.commonPool-worker-1] INFO  handler.ContextHandler (ContextHandler.java:doStop(1159)) - Stopped o.e.j.s.ServletContextHandler@2d7df0d0{logs,/logs,file:///home/runner/work/ozone/ozone/hadoop-ozone/integration-test/target/log,STOPPED}
2023-11-20 14:17:23,963 [ForkJoinPool.commonPool-worker-3] INFO  handler.ContextHandler (ContextHandler.java:doStop(1159)) - Stopped o.e.j.w.WebAppContext@40beeda{hddsDatanode,/,null,STOPPED}{jar:file:/home/runner/.m2/repository/org/apache/ozone/hdds-container-service/1.4.0-SNAPSHOT/hdds-container-service-1.4.0-SNAPSHOT.jar!/webapps/hddsDatanode}
2023-11-20 14:17:23,963 [main] INFO  handler.ContextHandler (ContextHandler.java:doStop(1159)) - Stopped o.e.j.s.ServletContextHandler@5f4bb622{static,/static,jar:file:/home/runner/.m2/repository/org/apache/ozone/hdds-container-service/1.4.0-SNAPSHOT/hdds-container-service-1.4.0-SNAPSHOT.jar!/webapps/static,STOPPED}
2023-11-20 14:17:23,963 [main] INFO  handler.ContextHandler (ContextHandler.java:doStop(1159)) - Stopped o.e.j.s.ServletContextHandler@4ac4bf1{logs,/logs,file:///home/runner/work/ozone/ozone/hadoop-ozone/integration-test/target/log,STOPPED}
2023-11-20 14:17:23,963 [ForkJoinPool.commonPool-worker-3] INFO  server.AbstractConnector (AbstractConnector.java:doStop(383)) - Stopped ServerConnector@127a77db{HTTP/1.1, (http/1.1)}{0.0.0.0:15018}
2023-11-20 14:17:23,963 [ForkJoinPool.commonPool-worker-3] INFO  server.session (HouseKeeper.java:stopScavenging(149)) - node0 Stopped scavenging
2023-11-20 14:17:23,963 [ForkJoinPool.commonPool-worker-1] INFO  ozone.HddsDatanodeClientProtocolServer (HddsDatanodeClientProtocolServer.java:stop(78)) - Stopping the RPC server for Client Protocol
2023-11-20 14:17:23,964 [main] INFO  ozone.HddsDatanodeClientProtocolServer (HddsDatanodeClientProtocolServer.java:stop(78)) - Stopping the RPC server for Client Protocol
2023-11-20 14:17:23,964 [main] INFO  ipc.Server (Server.java:stop(3523)) - Stopping server on 15028
2023-11-20 14:17:23,964 [ForkJoinPool.commonPool-worker-3] INFO  handler.ContextHandler (ContextHandler.java:doStop(1159)) - Stopped o.e.j.s.ServletContextHandler@362381b4{static,/static,jar:file:/home/runner/.m2/repository/org/apache/ozone/hdds-container-service/1.4.0-SNAPSHOT/hdds-container-service-1.4.0-SNAPSHOT.jar!/webapps/static,STOPPED}
2023-11-20 14:17:23,965 [IPC Server Responder] INFO  ipc.Server (Server.java:run(1567)) - Stopping IPC Server Responder
2023-11-20 14:17:23,965 [IPC Server listener on 15028] INFO  ipc.Server (Server.java:run(1434)) - Stopping IPC Server listener on 15028
2023-11-20 14:17:23,965 [ForkJoinPool.commonPool-worker-3] INFO  handler.ContextHandler (ContextHandler.java:doStop(1159)) - Stopped o.e.j.s.ServletContextHandler@561d8d03{logs,/logs,file:///home/runner/work/ozone/ozone/hadoop-ozone/integration-test/target/log,STOPPED}
2023-11-20 14:17:23,964 [ForkJoinPool.commonPool-worker-1] INFO  ipc.Server (Server.java:stop(3523)) - Stopping server on 15010
2023-11-20 14:17:23,966 [ForkJoinPool.commonPool-worker-3] INFO  ozone.HddsDatanodeClientProtocolServer (HddsDatanodeClientProtocolServer.java:stop(78)) - Stopping the RPC server for Client Protocol
2023-11-20 14:17:23,967 [IPC Server listener on 15010] INFO  ipc.Server (Server.java:run(1434)) - Stopping IPC Server listener on 15010
2023-11-20 14:17:23,967 [IPC Server Responder] INFO  ipc.Server (Server.java:run(1567)) - Stopping IPC Server Responder
2023-11-20 14:17:23,967 [ForkJoinPool.commonPool-worker-3] INFO  ipc.Server (Server.java:stop(3523)) - Stopping server on 15019
2023-11-20 14:17:23,968 [IPC Server listener on 15019] INFO  ipc.Server (Server.java:run(1434)) - Stopping IPC Server listener on 15019
2023-11-20 14:17:23,968 [IPC Server Responder] INFO  ipc.Server (Server.java:run(1567)) - Stopping IPC Server Responder
2023-11-20 14:17:23,969 [main] INFO  ozone.MiniOzoneClusterImpl (MiniOzoneClusterImpl.java:stopSCM(551)) - Stopping the StorageContainerManager
2023-11-20 14:17:23,969 [main] INFO  server.StorageContainerManager (StorageContainerManager.java:stop(1602)) - Container Balancer is not running.
2023-11-20 14:17:23,969 [main] INFO  server.StorageContainerManager (StorageContainerManager.java:stopReplicationManager(1735)) - Stopping Replication Manager Service.
2023-11-20 14:17:23,969 [main] INFO  replication.ReplicationManager (ReplicationManager.java:stop(322)) - Stopping Replication Monitor Thread.
2023-11-20 14:17:23,969 [UnderReplicatedProcessor] WARN  replication.UnhealthyReplicationProcessor (UnhealthyReplicationProcessor.java:run(180)) - UnderReplicatedProcessor interrupted. Exiting...
2023-11-20 14:17:23,969 [main] INFO  server.StorageContainerManager (StorageContainerManager.java:stop(1611)) - Stopping the Datanode Admin Monitor.
2023-11-20 14:17:23,969 [OverReplicatedProcessor] WARN  replication.UnhealthyReplicationProcessor (UnhealthyReplicationProcessor.java:run(180)) - OverReplicatedProcessor interrupted. Exiting...
2023-11-20 14:17:23,969 [main] INFO  server.StorageContainerManager (StorageContainerManager.java:stop(1618)) - Stopping datanode service RPC server
2023-11-20 14:17:23,969 [ReplicationMonitor] INFO  replication.ReplicationManager (ReplicationManager.java:run(921)) - Replication Monitor Thread is stopped
2023-11-20 14:17:23,970 [main] INFO  server.SCMDatanodeProtocolServer (SCMDatanodeProtocolServer.java:stop(424)) - Stopping the RPC server for DataNodes
2023-11-20 14:17:23,970 [main] INFO  ipc.Server (Server.java:stop(3523)) - Stopping server on 15002
2023-11-20 14:17:23,971 [IPC Server Responder] INFO  ipc.Server (Server.java:run(1567)) - Stopping IPC Server Responder
2023-11-20 14:17:23,971 [IPC Server listener on 15002] INFO  ipc.Server (Server.java:run(1434)) - Stopping IPC Server listener on 15002
2023-11-20 14:17:24,040 [SCMHeartbeatProcessor-0] WARN  node.NodeStateManager (NodeStateManager.java:scheduleNextHealthCheck(878)) - Current Thread is interrupted, shutting down HB processing thread for Node Manager.
2023-11-20 14:17:24,040 [main] INFO  server.StorageContainerManager (StorageContainerManager.java:stop(1626)) - Stopping block service RPC server
2023-11-20 14:17:24,040 [main] INFO  server.SCMBlockProtocolServer (SCMBlockProtocolServer.java:stop(165)) - Stopping the RPC server for Block Protocol
2023-11-20 14:17:24,040 [main] INFO  ipc.Server (Server.java:stop(3523)) - Stopping server on 15001
2023-11-20 14:17:24,041 [IPC Server Responder] INFO  ipc.Server (Server.java:run(1567)) - Stopping IPC Server Responder
2023-11-20 14:17:24,041 [IPC Server listener on 15001] INFO  ipc.Server (Server.java:run(1434)) - Stopping IPC Server listener on 15001
2023-11-20 14:17:24,041 [main] INFO  server.StorageContainerManager (StorageContainerManager.java:stop(1633)) - Stopping the StorageContainerLocationProtocol RPC server
2023-11-20 14:17:24,041 [main] INFO  server.SCMClientProtocolServer (SCMClientProtocolServer.java:stop(210)) - Stopping the RPC server for Client Protocol
2023-11-20 14:17:24,041 [main] INFO  ipc.Server (Server.java:stop(3523)) - Stopping server on 15000
2023-11-20 14:17:24,042 [IPC Server listener on 15000] INFO  ipc.Server (Server.java:run(1434)) - Stopping IPC Server listener on 15000
2023-11-20 14:17:24,042 [IPC Server Responder] INFO  ipc.Server (Server.java:run(1567)) - Stopping IPC Server Responder
2023-11-20 14:17:24,042 [main] INFO  server.StorageContainerManager (StorageContainerManager.java:stop(1640)) - Stopping Storage Container Manager HTTP server.
2023-11-20 14:17:24,042 [main] INFO  handler.ContextHandler (ContextHandler.java:doStop(1159)) - Stopped o.e.j.w.WebAppContext@532782f5{scm,/,null,STOPPED}{file:/home/runner/work/ozone/ozone/hadoop-ozone/integration-test/target/test-classes/webapps/scm}
2023-11-20 14:17:24,043 [main] INFO  server.AbstractConnector (AbstractConnector.java:doStop(383)) - Stopped ServerConnector@149e457{HTTP/1.1, (http/1.1)}{0.0.0.0:15003}
2023-11-20 14:17:24,043 [main] INFO  server.session (HouseKeeper.java:stopScavenging(149)) - node0 Stopped scavenging
2023-11-20 14:17:24,044 [main] INFO  handler.ContextHandler (ContextHandler.java:doStop(1159)) - Stopped o.e.j.s.ServletContextHandler@62a09668{static,/static,file:///home/runner/work/ozone/ozone/hadoop-ozone/integration-test/target/test-classes/webapps/static,STOPPED}
2023-11-20 14:17:24,044 [main] INFO  handler.ContextHandler (ContextHandler.java:doStop(1159)) - Stopped o.e.j.s.ServletContextHandler@47a05ad8{logs,/logs,file:///home/runner/work/ozone/ozone/hadoop-ozone/integration-test/target/log,STOPPED}
2023-11-20 14:17:24,044 [main] INFO  server.StorageContainerManager (StorageContainerManager.java:stop(1648)) - Stopping SCM LayoutVersionManager Service.
2023-11-20 14:17:24,044 [main] INFO  server.StorageContainerManager (StorageContainerManager.java:stop(1660)) - Stopping Block Manager Service.
2023-11-20 14:17:24,045 [main] INFO  utils.BackgroundService (BackgroundService.java:shutdown(160)) - Shutting down service SCMBlockDeletingService
2023-11-20 14:17:24,045 [main] INFO  utils.BackgroundService (BackgroundService.java:shutdown(160)) - Shutting down service SCMBlockDeletingService
2023-11-20 14:17:24,045 [main] INFO  server.StorageContainerManager (StorageContainerManager.java:stop(1680)) - Stopping SCM Event Queue.
2023-11-20 14:17:24,046 [JvmPauseMonitor0] INFO  util.JvmPauseMonitor (JvmPauseMonitor.java:run(109)) - JvmPauseMonitor-d390f9e0-3710-4c8a-bb21-9b4d45f4d2bd: Stopped
2023-11-20 14:17:24,046 [main] INFO  server.StorageContainerManager (StorageContainerManager.java:stop(1691)) - Stopping SCM HA services.
2023-11-20 14:17:24,046 [main] INFO  pipeline.BackgroundPipelineCreator (BackgroundPipelineCreator.java:stop(152)) - Stopping RatisPipelineUtilsThread.
2023-11-20 14:17:24,047 [RatisPipelineUtilsThread-0] WARN  pipeline.BackgroundPipelineCreator (BackgroundPipelineCreator.java:run(183)) - RatisPipelineUtilsThread is interrupted.
2023-11-20 14:17:24,047 [main] INFO  BackgroundPipelineScrubber (BackgroundSCMService.java:stop(131)) - Stopping BackgroundPipelineScrubber Service.
2023-11-20 14:17:24,047 [BackgroundPipelineScrubber] WARN  BackgroundPipelineScrubber (BackgroundSCMService.java:run(115)) - BackgroundPipelineScrubber is interrupted, exit
2023-11-20 14:17:24,048 [main] INFO  impl.MetricsSystemImpl (MetricsSystemImpl.java:stop(210)) - Stopping XceiverClientMetrics metrics system...
2023-11-20 14:17:24,049 [prometheus] INFO  impl.MetricsSinkAdapter (MetricsSinkAdapter.java:publishMetricsFromQueue(141)) - prometheus thread interrupted.
2023-11-20 14:17:24,049 [main] INFO  impl.MetricsSystemImpl (MetricsSystemImpl.java:stop(216)) - XceiverClientMetrics metrics system stopped.
2023-11-20 14:17:24,049 [main] WARN  pipeline.BackgroundPipelineCreator (BackgroundPipelineCreator.java:stop(148)) - RatisPipelineUtilsThread is not running, just ignore.
2023-11-20 14:17:24,049 [main] INFO  BackgroundPipelineScrubber (BackgroundSCMService.java:stop(126)) - BackgroundPipelineScrubber Service is not running, skip stop.
2023-11-20 14:17:24,049 [main] INFO  ExpiredContainerReplicaOpScrubber (BackgroundSCMService.java:stop(131)) - Stopping ExpiredContainerReplicaOpScrubber Service.
2023-11-20 14:17:24,049 [ExpiredContainerReplicaOpScrubber] WARN  ExpiredContainerReplicaOpScrubber (BackgroundSCMService.java:run(115)) - ExpiredContainerReplicaOpScrubber is interrupted, exit
2023-11-20 14:17:24,050 [main] INFO  utils.BackgroundService (BackgroundService.java:shutdown(160)) - Shutting down service SCMBlockDeletingService
2023-11-20 14:17:24,050 [main] INFO  replication.ReplicationManager (ReplicationManager.java:stop(332)) - Replication Monitor Thread is not running.
2023-11-20 14:17:24,050 [main] WARN  balancer.ContainerBalancer (ContainerBalancer.java:stop(327)) - Cannot stop Container Balancer because it's not running or stopping
2023-11-20 14:17:24,050 [LeaseManager#LeaseMonitor] WARN  lease.LeaseManager (LeaseManager.java:run(287)) - Lease manager is interrupted. Shutting down...
java.lang.InterruptedException
	at java.util.concurrent.locks.AbstractQueuedSynchronizer.doAcquireSharedNanos(AbstractQueuedSynchronizer.java:1039)
	at java.util.concurrent.locks.AbstractQueuedSynchronizer.tryAcquireSharedNanos(AbstractQueuedSynchronizer.java:1328)
	at java.util.concurrent.Semaphore.tryAcquire(Semaphore.java:409)
	at org.apache.hadoop.ozone.lease.LeaseManager$LeaseMonitor.run(LeaseManager.java:285)
	at java.lang.Thread.run(Thread.java:750)
2023-11-20 14:17:24,050 [main] INFO  server.StorageContainerManager (StorageContainerManager.java:stop(1726)) - Stopping SCM MetadataStore.
2023-11-20 14:17:24,097 [main] INFO  db.CodecTestUtil (CodecTestUtil.java:gc(47)) - gc 0
2023-11-20 14:17:24,551 [main] WARN  server.ServerUtils (ServerUtils.java:getScmDbDir(155)) - ozone.scm.db.dirs is not configured. We recommend adding this setting. Falling back to ozone.metadata.dirs instead.
2023-11-20 14:17:24,553 [main] WARN  server.ServerUtils (ServerUtils.java:getScmDbDir(155)) - ozone.scm.db.dirs is not configured. We recommend adding this setting. Falling back to ozone.metadata.dirs instead.
2023-11-20 14:17:24,553 [main] INFO  ha.SCMHANodeDetails (SCMHANodeDetails.java:loadSCMHAConfig(210)) - ServiceID for StorageContainerManager is null
2023-11-20 14:17:24,553 [main] INFO  ha.SCMHANodeDetails (SCMHANodeDetails.java:loadSCMHAConfig(215)) - ozone.scm.default.service.id is not defined, falling back to ozone.scm.service.ids to find serviceID for StorageContainerManager if it is HA enabled cluster
2023-11-20 14:17:24,554 [main] WARN  utils.HAUtils (HAUtils.java:getMetaDir(339)) - ozone.scm.db.dirs is not configured. We recommend adding this setting. Falling back to ozone.metadata.dirs instead.
2023-11-20 14:17:24,554 [main] WARN  db.DBStoreBuilder (DBStoreBuilder.java:applyDBDefinition(167)) - ozone.scm.db.dirs is not configured. We recommend adding this setting. Falling back to ozone.metadata.dirs instead.
2023-11-20 14:17:24,618 [main] INFO  net.NodeSchemaLoader (NodeSchemaLoader.java:loadSchemaFromFile(129)) - Loading schema from [jar:file:/home/runner/.m2/repository/org/apache/ozone/hdds-common/1.4.0-SNAPSHOT/hdds-common-1.4.0-SNAPSHOT.jar!/network-topology-default.xml]
2023-11-20 14:17:24,618 [main] INFO  net.NodeSchemaLoader (NodeSchemaLoader.java:loadSchema(176)) - Loading network topology layer schema file
2023-11-20 14:17:24,621 [main] INFO  upgrade.AbstractLayoutVersionManager (AbstractLayoutVersionManager.java:init(83)) - Initializing Layout version manager with metadata layout = HADOOP_PRC_PORTS_IN_DATANODEDETAILS (version = 7), software layout = HADOOP_PRC_PORTS_IN_DATANODEDETAILS (version = 7)
2023-11-20 14:17:24,622 [main] INFO  ha.SequenceIdGenerator (SequenceIdGenerator.java:upgradeToSequenceId(370)) - upgrade localId to 111677748019200000
2023-11-20 14:17:24,622 [main] INFO  ha.SequenceIdGenerator (SequenceIdGenerator.java:upgradeToSequenceId(380)) - upgrade delTxnId to 0
2023-11-20 14:17:24,623 [main] INFO  ha.SequenceIdGenerator (SequenceIdGenerator.java:upgradeToSequenceId(397)) - upgrade containerId to 0
2023-11-20 14:17:24,624 [main] INFO  ha.SequenceIdGenerator (SequenceIdGenerator.java:upgradeToCertificateSequenceId(444)) - upgrade CertificateId to 2
2023-11-20 14:17:24,624 [main] INFO  ha.SequenceIdGenerator (SequenceIdGenerator.java:<init>(241)) - Init the HA SequenceIdGenerator.
2023-11-20 14:17:24,624 [main] WARN  server.ServerUtils (ServerUtils.java:sanitizeUserArgs(80)) - ozone.scm.stale.node.interval value = 300000 is larger than max = 100000 based on the key value of ozone.scm.heartbeat.thread.interval, reset to the max value 100000.
2023-11-20 14:17:24,624 [main] WARN  server.ServerUtils (ServerUtils.java:sanitizeUserArgs(80)) - ozone.scm.stale.node.interval value = 300000 is larger than max = 100000 based on the key value of ozone.scm.heartbeat.thread.interval, reset to the max value 100000.
2023-11-20 14:17:24,625 [main] INFO  node.SCMNodeManager (SCMNodeManager.java:<init>(157)) - Entering startup safe mode.
2023-11-20 14:17:24,625 [main] INFO  algorithms.ContainerPlacementPolicyFactory (ContainerPlacementPolicyFactory.java:getPolicyInternal(86)) - Create container placement policy of type org.apache.hadoop.hdds.scm.container.placement.algorithms.SCMContainerPlacementRackAware
2023-11-20 14:17:24,625 [main] INFO  algorithms.ContainerPlacementPolicyFactory (ContainerPlacementPolicyFactory.java:getPolicyInternal(86)) - Create container placement policy of type org.apache.hadoop.hdds.scm.container.placement.algorithms.SCMContainerPlacementRackScatter
2023-11-20 14:17:24,626 [main] INFO  pipeline.PipelineStateManagerImpl (PipelineStateManagerImpl.java:initialize(78)) - No pipeline exists in current db
2023-11-20 14:17:24,626 [main] INFO  algorithms.LeaderChoosePolicyFactory (LeaderChoosePolicyFactory.java:getPolicy(57)) - Create leader choose policy of type org.apache.hadoop.hdds.scm.pipeline.leader.choose.algorithms.MinLeaderCountChoosePolicy
2023-11-20 14:17:24,626 [main] INFO  algorithms.ContainerPlacementPolicyFactory (ContainerPlacementPolicyFactory.java:getPolicyInternal(86)) - Create container placement policy of type org.apache.hadoop.hdds.scm.container.placement.algorithms.SCMContainerPlacementRackScatter
2023-11-20 14:17:24,626 [main] INFO  ha.SCMServiceManager (SCMServiceManager.java:register(42)) - Registering service BackgroundPipelineCreator.
2023-11-20 14:17:24,626 [main] INFO  pipeline.BackgroundPipelineCreator (BackgroundPipelineCreator.java:start(127)) - Starting RatisPipelineUtilsThread.
2023-11-20 14:17:24,626 [main] INFO  BackgroundPipelineScrubber (BackgroundSCMService.java:start(68)) - Starting BackgroundPipelineScrubber Service.
2023-11-20 14:17:24,626 [main] INFO  ha.SCMServiceManager (SCMServiceManager.java:register(42)) - Registering service BackgroundPipelineScrubber.
2023-11-20 14:17:24,627 [main] INFO  ExpiredContainerReplicaOpScrubber (BackgroundSCMService.java:start(68)) - Starting ExpiredContainerReplicaOpScrubber Service.
2023-11-20 14:17:24,627 [main] INFO  ha.SCMServiceManager (SCMServiceManager.java:register(42)) - Registering service ExpiredContainerReplicaOpScrubber.
2023-11-20 14:17:24,627 [main] INFO  algorithms.PipelineChoosePolicyFactory (PipelineChoosePolicyFactory.java:createPipelineChoosePolicyFromClass(78)) - Create pipeline choose policy of type org.apache.hadoop.hdds.scm.pipeline.choose.algorithms.RandomPipelineChoosePolicy
2023-11-20 14:17:24,627 [main] INFO  algorithms.PipelineChoosePolicyFactory (PipelineChoosePolicyFactory.java:createPipelineChoosePolicyFromClass(78)) - Create pipeline choose policy of type org.apache.hadoop.hdds.scm.pipeline.choose.algorithms.RandomPipelineChoosePolicy
2023-11-20 14:17:24,628 [main] INFO  ha.SCMServiceManager (SCMServiceManager.java:register(42)) - Registering service SCMBlockDeletingService.
2023-11-20 14:17:24,629 [main] INFO  replication.ReplicationManager (ReplicationManager.java:start(290)) - Starting Replication Monitor Thread.
2023-11-20 14:17:24,629 [ReplicationMonitor] INFO  replication.ReplicationManager (ReplicationManager.java:processAll(365)) - Replication Manager is not ready to run until 3000ms after safemode exit
2023-11-20 14:17:24,629 [main] INFO  ha.SCMServiceManager (SCMServiceManager.java:register(42)) - Registering service ReplicationManager.
2023-11-20 14:17:24,630 [main] INFO  safemode.ContainerSafeModeRule (ContainerSafeModeRule.java:<init>(90)) - containers with one replica threshold count 0
2023-11-20 14:17:24,630 [main] INFO  safemode.HealthyPipelineSafeModeRule (HealthyPipelineSafeModeRule.java:initializeRule(169)) - Total pipeline count is 0, healthy pipeline threshold count is 1
2023-11-20 14:17:24,630 [main] INFO  safemode.OneReplicaPipelineSafeModeRule (OneReplicaPipelineSafeModeRule.java:initializeRule(180)) - Total pipeline count is 0, pipeline's with at least one datanode reported threshold count is 0
2023-11-20 14:17:24,631 [main] INFO  server.StorageContainerManager (StorageContainerManager.java:<init>(427)) - SCM start with adminUsers: [runner]
2023-11-20 14:17:24,631 [main] INFO  ipc.CallQueueManager (CallQueueManager.java:<init>(90)) - Using callQueue: class java.util.concurrent.LinkedBlockingQueue, queueCapacity: 2000, scheduler: class org.apache.hadoop.ipc.DefaultRpcScheduler, ipcBackoff: false.
2023-11-20 14:17:24,631 [main] INFO  ipc.Server (Server.java:<init>(1287)) - Listener at 0.0.0.0:15055
2023-11-20 14:17:24,632 [Socket Reader #1 for port 15055] INFO  ipc.Server (Server.java:run(1323)) - Starting Socket Reader #1 for port 15055
2023-11-20 14:17:24,633 [main] INFO  ipc.CallQueueManager (CallQueueManager.java:<init>(90)) - Using callQueue: class java.util.concurrent.LinkedBlockingQueue, queueCapacity: 2000, scheduler: class org.apache.hadoop.ipc.DefaultRpcScheduler, ipcBackoff: false.
2023-11-20 14:17:24,633 [main] INFO  ipc.Server (Server.java:<init>(1287)) - Listener at 0.0.0.0:15054
2023-11-20 14:17:24,633 [Socket Reader #1 for port 15054] INFO  ipc.Server (Server.java:run(1323)) - Starting Socket Reader #1 for port 15054
2023-11-20 14:17:24,635 [main] INFO  ipc.CallQueueManager (CallQueueManager.java:<init>(90)) - Using callQueue: class java.util.concurrent.LinkedBlockingQueue, queueCapacity: 2000, scheduler: class org.apache.hadoop.ipc.DefaultRpcScheduler, ipcBackoff: false.
2023-11-20 14:17:24,635 [main] INFO  ipc.Server (Server.java:<init>(1287)) - Listener at 0.0.0.0:15053
2023-11-20 14:17:24,635 [Socket Reader #1 for port 15053] INFO  ipc.Server (Server.java:run(1323)) - Starting Socket Reader #1 for port 15053
2023-11-20 14:17:24,641 [main] INFO  ha.SCMServiceManager (SCMServiceManager.java:register(42)) - Registering service ContainerBalancer.
2023-11-20 14:17:24,642 [main] INFO  server.StorageContainerManager (StorageContainerManager.java:<init>(440)) - 
Container Balancer status:
Key                            Value
Running                        false
Container Balancer Configuration values:
Key                                                Value
Threshold                                          10
Max Datanodes to Involve per Iteration(percent)    20
Max Size to Move per Iteration                     500GB
Max Size Entering Target per Iteration             26GB
Max Size Leaving Source per Iteration              26GB
Number of Iterations                               10
Time Limit for Single Container's Movement         65min
Time Limit for Single Container's Replication      50min
Interval between each Iteration                    70min
Whether to Enable Network Topology                 false
Whether to Trigger Refresh Datanode Usage Info     false
Container IDs to Exclude from Balancing            None
Datanodes Specified to be Balanced                 None
Datanodes Excluded from Balancing                  None

2023-11-20 14:17:24,642 [main] INFO  ha.SCMContext (SCMContext.java:updateSafeModeStatus(230)) - Update SafeModeStatus from SafeModeStatus{safeModeStatus=true, preCheckPassed=false} to SafeModeStatus{safeModeStatus=true, preCheckPassed=false}.
2023-11-20 14:17:24,643 [main] INFO  server.StorageContainerManager (StorageContainerManager.java:start(1494)) - StorageContainerLocationProtocol RPC server is listening at /0.0.0.0:15053
2023-11-20 14:17:24,644 [main] WARN  impl.MetricsConfig (MetricsConfig.java:loadFirst(136)) - Cannot locate configuration: tried hadoop-metrics2-storagecontainermanager.properties,hadoop-metrics2.properties
2023-11-20 14:17:24,644 [main] INFO  impl.MetricsSystemImpl (MetricsSystemImpl.java:startTimer(378)) - Scheduled Metric snapshot period at 10 second(s).
2023-11-20 14:17:24,644 [main] INFO  impl.MetricsSystemImpl (MetricsSystemImpl.java:start(191)) - StorageContainerManager metrics system started
2023-11-20 14:17:24,664 [main] INFO  impl.MetricsSinkAdapter (MetricsSinkAdapter.java:start(204)) - Sink prometheus started
2023-11-20 14:17:24,664 [main] INFO  impl.MetricsSystemImpl (MetricsSystemImpl.java:registerSink(305)) - Registered sink prometheus
2023-11-20 14:17:24,675 [main] INFO  server.SCMClientProtocolServer (SCMClientProtocolServer.java:start(201)) - RPC server for Client  is listening at /0.0.0.0:15053
2023-11-20 14:17:24,675 [IPC Server Responder] INFO  ipc.Server (Server.java:run(1562)) - IPC Server Responder: starting
2023-11-20 14:17:24,675 [IPC Server listener on 15053] INFO  ipc.Server (Server.java:run(1402)) - IPC Server listener on 15053: starting
2023-11-20 14:17:24,679 [main] INFO  server.StorageContainerManager (StorageContainerManager.java:start(1507)) - ScmBlockLocationProtocol RPC server is listening at /0.0.0.0:15054
2023-11-20 14:17:24,679 [main] INFO  server.SCMBlockProtocolServer (SCMBlockProtocolServer.java:start(156)) - RPC server for Block Protocol is listening at /0.0.0.0:15054
2023-11-20 14:17:24,679 [IPC Server Responder] INFO  ipc.Server (Server.java:run(1562)) - IPC Server Responder: starting
2023-11-20 14:17:24,679 [IPC Server listener on 15054] INFO  ipc.Server (Server.java:run(1402)) - IPC Server listener on 15054: starting
2023-11-20 14:17:24,681 [main] INFO  server.SCMDatanodeProtocolServer (SCMDatanodeProtocolServer.java:start(193)) - ScmDatanodeProtocol RPC server for DataNodes is listening at /0.0.0.0:15055
2023-11-20 14:17:24,681 [IPC Server Responder] INFO  ipc.Server (Server.java:run(1562)) - IPC Server Responder: starting
2023-11-20 14:17:24,681 [IPC Server listener on 15055] INFO  ipc.Server (Server.java:run(1402)) - IPC Server listener on 15055: starting
2023-11-20 14:17:24,686 [JvmPauseMonitor7] INFO  util.JvmPauseMonitor (JvmPauseMonitor.java:run(103)) - JvmPauseMonitor-d44b70e6-f248-4af7-b3e5-089ae73069b9: Started
2023-11-20 14:17:24,686 [main] INFO  http.BaseHttpServer (BaseHttpServer.java:newHttpServer2BuilderForOzone(223)) - Starting Web-server for scm at: http://0.0.0.0:15056
2023-11-20 14:17:24,686 [main] INFO  http.BaseHttpServer (BaseHttpServer.java:<init>(110)) - Hadoop Security Enabled: false Ozone Security Enabled: false Ozone HTTP Security Enabled: false 
2023-11-20 14:17:24,690 [main] WARN  server.AuthenticationFilter (AuthenticationFilter.java:constructSecretProvider(240)) - Unable to initialize FileSignerSecretProvider, falling back to use random secrets. Reason: Could not read signature secret file: /home/runner/hadoop-http-auth-signature-secret
2023-11-20 14:17:24,690 [main] INFO  http.HttpRequestLog (HttpRequestLog.java:getRequestLog(86)) - Http request log for http.requests.scm is not defined
2023-11-20 14:17:24,691 [main] INFO  http.HttpServer2 (HttpServer2.java:addGlobalFilter(1031)) - Added global filter 'safety' (class=org.apache.hadoop.hdds.server.http.HttpServer2$QuotingInputFilter)
2023-11-20 14:17:24,692 [main] INFO  http.HttpServer2 (HttpServer2.java:addFilter(1007)) - Added filter static_user_filter (class=org.apache.hadoop.http.lib.StaticUserWebFilter$StaticUserFilter) to context scm
2023-11-20 14:17:24,692 [main] INFO  http.HttpServer2 (HttpServer2.java:addFilter(1015)) - Added filter static_user_filter (class=org.apache.hadoop.http.lib.StaticUserWebFilter$StaticUserFilter) to context logs
2023-11-20 14:17:24,692 [main] INFO  http.HttpServer2 (HttpServer2.java:addFilter(1015)) - Added filter static_user_filter (class=org.apache.hadoop.http.lib.StaticUserWebFilter$StaticUserFilter) to context static
2023-11-20 14:17:24,693 [main] INFO  http.BaseHttpServer (BaseHttpServer.java:<init>(189)) - HTTP server of scm uses base directory /home/runner/work/ozone/ozone/hadoop-ozone/integration-test/target/test-dir/MiniOzoneClusterImpl-c3dbe4e6-ad2a-443e-bb3b-bc3016376942/ozone-meta/webserver
2023-11-20 14:17:24,693 [main] INFO  http.HttpServer2 (HttpServer2.java:bindListener(1231)) - Jetty bound to port 15056
2023-11-20 14:17:24,693 [main] INFO  server.Server (Server.java:doStart(375)) - jetty-9.4.53.v20231009; built: 2023-10-09T12:29:09.265Z; git: 27bde00a0b95a1d5bbee0eae7984f891d2d0f8c9; jvm 1.8.0_392-b08
2023-11-20 14:17:24,694 [main] INFO  server.session (DefaultSessionIdManager.java:doStart(334)) - DefaultSessionIdManager workerName=node0
2023-11-20 14:17:24,695 [main] INFO  server.session (DefaultSessionIdManager.java:doStart(339)) - No SessionScavenger set, using defaults
2023-11-20 14:17:24,695 [main] INFO  server.session (HouseKeeper.java:startScavenging(132)) - node0 Scavenging every 600000ms
2023-11-20 14:17:24,695 [main] INFO  handler.ContextHandler (ContextHandler.java:doStart(921)) - Started o.e.j.s.ServletContextHandler@6ba7513a{logs,/logs,file:///home/runner/work/ozone/ozone/hadoop-ozone/integration-test/target/log,AVAILABLE}
2023-11-20 14:17:24,696 [main] INFO  handler.ContextHandler (ContextHandler.java:doStart(921)) - Started o.e.j.s.ServletContextHandler@17bf3182{static,/static,file:///home/runner/work/ozone/ozone/hadoop-ozone/integration-test/target/test-classes/webapps/static,AVAILABLE}
2023-11-20 14:17:24,698 [main] INFO  handler.ContextHandler (ContextHandler.java:doStart(921)) - Started o.e.j.w.WebAppContext@5a1482e1{scm,/,file:///home/runner/work/ozone/ozone/hadoop-ozone/integration-test/target/test-classes/webapps/scm/,AVAILABLE}{file:/home/runner/work/ozone/ozone/hadoop-ozone/integration-test/target/test-classes/webapps/scm}
2023-11-20 14:17:24,700 [main] INFO  server.AbstractConnector (AbstractConnector.java:doStart(333)) - Started ServerConnector@579aaa2c{HTTP/1.1, (http/1.1)}{0.0.0.0:15056}
2023-11-20 14:17:24,701 [main] INFO  server.Server (Server.java:doStart(415)) - Started @34247ms
2023-11-20 14:17:24,701 [main] WARN  impl.MetricsSystemImpl (MetricsSystemImpl.java:register(279)) - Sink prometheus already exists!
2023-11-20 14:17:24,701 [main] INFO  http.BaseHttpServer (BaseHttpServer.java:updateConnectorAddress(354)) - HTTP server of scm listening at http://0.0.0.0:15056
2023-11-20 14:17:24,702 [main] WARN  server.ServerUtils (ServerUtils.java:getDBPath(311)) - ozone.om.db.dirs is not configured. We recommend adding this setting. Falling back to ozone.metadata.dirs instead.
2023-11-20 14:17:24,703 [main] INFO  ha.OMHANodeDetails (OMHANodeDetails.java:loadOMHAConfig(115)) - ozone.om.internal.service.id is not defined, falling back to ozone.om.service.ids to find serviceID for OzoneManager if it is HA enabled cluster
2023-11-20 14:17:24,703 [main] INFO  ha.OMHANodeDetails (OMHANodeDetails.java:loadOMHAConfig(226)) - Configuration does not have ozone.om.address set. Falling back to the default OM address /127.0.0.1:15057
2023-11-20 14:17:24,703 [main] INFO  ha.OMHANodeDetails (OMHANodeDetails.java:getOMNodeDetailsForNonHA(254)) - OM Service ID is not set. Setting it to the default ID: omServiceIdDefault
2023-11-20 14:17:24,703 [main] INFO  ha.OMHANodeDetails (OMHANodeDetails.java:getOMNodeDetailsForNonHA(261)) - OM Node ID is not set. Setting it to the default ID: om1
2023-11-20 14:17:24,703 [main] WARN  server.ServerUtils (ServerUtils.java:getDBPath(311)) - ozone.om.db.dirs is not configured. We recommend adding this setting. Falling back to ozone.metadata.dirs instead.
2023-11-20 14:17:24,704 [main] INFO  upgrade.AbstractLayoutVersionManager (AbstractLayoutVersionManager.java:init(83)) - Initializing Layout version manager with metadata layout = QUOTA (version = 6), software layout = QUOTA (version = 6)
2023-11-20 14:17:24,765 [main] INFO  reflections.Reflections (Reflections.java:scan(232)) - Reflections took 61 ms to scan 2 urls, producing 190 keys and 527 values [using 4 cores]
2023-11-20 14:17:24,765 [main] INFO  upgrade.OMLayoutVersionManager (OMLayoutVersionManager.java:lambda$0(115)) - Skipping Upgrade Action QuotaRepairUpgradeAction since it has been finalized.
2023-11-20 14:17:24,765 [main] INFO  upgrade.OMLayoutVersionManager (OMLayoutVersionManager.java:lambda$0(115)) - Skipping Upgrade Action MockOmUpgradeAction since it has been finalized.
2023-11-20 14:17:24,766 [main] WARN  server.ServerUtils (ServerUtils.java:getDBPath(311)) - ozone.om.db.dirs is not configured. We recommend adding this setting. Falling back to ozone.metadata.dirs instead.
2023-11-20 14:17:24,766 [main] INFO  proxy.SCMBlockLocationFailoverProxyProvider (SCMBlockLocationFailoverProxyProvider.java:<init>(114)) - Created block location fail-over proxy with 1 nodes: [nodeId=scmNodeId,nodeAddress=/0.0.0.0:15054]
2023-11-20 14:17:24,768 [main] INFO  proxy.SCMBlockLocationFailoverProxyProvider (SCMBlockLocationFailoverProxyProvider.java:<init>(114)) - Created block location fail-over proxy with 1 nodes: [nodeId=scmNodeId,nodeAddress=/0.0.0.0:15054]
2023-11-20 14:17:24,775 [main] INFO  om.OzoneManager (OzoneManager.java:<init>(674)) - OM start with adminUsers: [runner]
2023-11-20 14:17:24,776 [main] WARN  server.ServerUtils (ServerUtils.java:getDBPath(311)) - ozone.om.db.dirs is not configured. We recommend adding this setting. Falling back to ozone.metadata.dirs instead.
2023-11-20 14:17:24,776 [main] INFO  helpers.OmKeyInfo (OmKeyInfo.java:getCodec(71)) - OmKeyInfo.getCodec ignorePipeline = true
2023-11-20 14:17:24,929 [main] INFO  om.OzoneManager (OzoneManager.java:instantiateServices(808)) - S3 Multi-Tenancy is disabled
2023-11-20 14:17:24,930 [main] INFO  om.OmSnapshotManager (OmSnapshotManager.java:<init>(176)) - Ozone filesystem snapshot feature is enabled.
2023-11-20 14:17:24,930 [main] WARN  server.ServerUtils (ServerUtils.java:getDBPath(311)) - ozone.om.snapshot.diff.db.dir is not configured. We recommend adding this setting. Falling back to ozone.metadata.dirs instead.
2023-11-20 14:17:24,951 [main] INFO  snapshot.SnapshotDiffManager (SnapshotDiffManager.java:closeExecutorService(1715)) - Shutting down executorService: 'SstDumpToolExecutor'
2023-11-20 14:17:24,953 [main] INFO  om.OzoneManager (OzoneManager.java:addS3GVolumeToDB(4440)) - Created Volume s3v With Owner runner required for S3Gateway operations.
2023-11-20 14:17:24,953 [main] INFO  om.OzoneManager (OzoneManager.java:getRpcServer(1210)) - Creating RPC Server
2023-11-20 14:17:25,184 [main] INFO  reflections.Reflections (Reflections.java:scan(232)) - Reflections took 228 ms to scan 20 urls, producing 71 keys and 6108 values [using 4 cores]
2023-11-20 14:17:25,185 [main] INFO  ipc.CallQueueManager (CallQueueManager.java:<init>(90)) - Using callQueue: class java.util.concurrent.LinkedBlockingQueue, queueCapacity: 2000, scheduler: class org.apache.hadoop.ipc.DefaultRpcScheduler, ipcBackoff: false.
2023-11-20 14:17:25,186 [main] INFO  ipc.Server (Server.java:<init>(1287)) - Listener at 127.0.0.1:15057
2023-11-20 14:17:25,186 [Socket Reader #1 for port 15057] INFO  ipc.Server (Server.java:run(1323)) - Starting Socket Reader #1 for port 15057
2023-11-20 14:17:25,203 [main] INFO  impl.MetricsSystemImpl (MetricsSystemImpl.java:init(158)) - OzoneManager metrics system started (again)
2023-11-20 14:17:25,214 [main] INFO  om.OzoneManager (OzoneManager.java:start(1632)) - OzoneManager RPC server is listening at localhost/127.0.0.1:15057
2023-11-20 14:17:25,215 [main] INFO  om.OzoneManager (OzoneManager.java:start(1648)) - Version File has different layout version (6) than OM DB (null). That is expected if this OM has never been finalized to a newer layout version.
2023-11-20 14:17:25,225 [main] INFO  http.BaseHttpServer (BaseHttpServer.java:newHttpServer2BuilderForOzone(223)) - Starting Web-server for ozoneManager at: http://0.0.0.0:15058
2023-11-20 14:17:25,225 [main] INFO  http.BaseHttpServer (BaseHttpServer.java:<init>(110)) - Hadoop Security Enabled: false Ozone Security Enabled: false Ozone HTTP Security Enabled: false 
2023-11-20 14:17:25,226 [main] WARN  server.AuthenticationFilter (AuthenticationFilter.java:constructSecretProvider(240)) - Unable to initialize FileSignerSecretProvider, falling back to use random secrets. Reason: Could not read signature secret file: /home/runner/hadoop-http-auth-signature-secret
2023-11-20 14:17:25,227 [main] INFO  http.HttpRequestLog (HttpRequestLog.java:getRequestLog(86)) - Http request log for http.requests.ozoneManager is not defined
2023-11-20 14:17:25,228 [main] INFO  http.HttpServer2 (HttpServer2.java:addGlobalFilter(1031)) - Added global filter 'safety' (class=org.apache.hadoop.hdds.server.http.HttpServer2$QuotingInputFilter)
2023-11-20 14:17:25,229 [main] INFO  http.HttpServer2 (HttpServer2.java:addFilter(1007)) - Added filter static_user_filter (class=org.apache.hadoop.http.lib.StaticUserWebFilter$StaticUserFilter) to context ozoneManager
2023-11-20 14:17:25,229 [main] INFO  http.HttpServer2 (HttpServer2.java:addFilter(1015)) - Added filter static_user_filter (class=org.apache.hadoop.http.lib.StaticUserWebFilter$StaticUserFilter) to context static
2023-11-20 14:17:25,229 [main] INFO  http.HttpServer2 (HttpServer2.java:addFilter(1015)) - Added filter static_user_filter (class=org.apache.hadoop.http.lib.StaticUserWebFilter$StaticUserFilter) to context logs
2023-11-20 14:17:25,230 [main] INFO  http.BaseHttpServer (BaseHttpServer.java:<init>(189)) - HTTP server of ozoneManager uses base directory /home/runner/work/ozone/ozone/hadoop-ozone/integration-test/target/test-dir/MiniOzoneClusterImpl-c3dbe4e6-ad2a-443e-bb3b-bc3016376942/ozone-meta/webserver
2023-11-20 14:17:25,230 [main] INFO  http.HttpServer2 (HttpServer2.java:bindListener(1231)) - Jetty bound to port 15058
2023-11-20 14:17:25,230 [main] INFO  server.Server (Server.java:doStart(375)) - jetty-9.4.53.v20231009; built: 2023-10-09T12:29:09.265Z; git: 27bde00a0b95a1d5bbee0eae7984f891d2d0f8c9; jvm 1.8.0_392-b08
2023-11-20 14:17:25,241 [main] INFO  server.session (DefaultSessionIdManager.java:doStart(334)) - DefaultSessionIdManager workerName=node0
2023-11-20 14:17:25,242 [main] INFO  server.session (DefaultSessionIdManager.java:doStart(339)) - No SessionScavenger set, using defaults
2023-11-20 14:17:25,242 [main] INFO  server.session (HouseKeeper.java:startScavenging(132)) - node0 Scavenging every 660000ms
2023-11-20 14:17:25,242 [main] INFO  handler.ContextHandler (ContextHandler.java:doStart(921)) - Started o.e.j.s.ServletContextHandler@7d0540cf{logs,/logs,file:///home/runner/work/ozone/ozone/hadoop-ozone/integration-test/target/log,AVAILABLE}
2023-11-20 14:17:25,243 [main] INFO  handler.ContextHandler (ContextHandler.java:doStart(921)) - Started o.e.j.s.ServletContextHandler@552c812f{static,/static,file:///home/runner/work/ozone/ozone/hadoop-ozone/integration-test/target/test-classes/webapps/static,AVAILABLE}
2023-11-20 14:17:25,246 [main] INFO  handler.ContextHandler (ContextHandler.java:doStart(921)) - Started o.e.j.w.WebAppContext@360e0734{ozoneManager,/,file:///home/runner/work/ozone/ozone/hadoop-ozone/integration-test/target/test-classes/webapps/ozoneManager/,AVAILABLE}{file:/home/runner/work/ozone/ozone/hadoop-ozone/integration-test/target/test-classes/webapps/ozoneManager}
2023-11-20 14:17:25,247 [main] INFO  server.AbstractConnector (AbstractConnector.java:doStart(333)) - Started ServerConnector@33e29fee{HTTP/1.1, (http/1.1)}{0.0.0.0:15058}
2023-11-20 14:17:25,248 [main] INFO  server.Server (Server.java:doStart(415)) - Started @34794ms
2023-11-20 14:17:25,248 [main] WARN  impl.MetricsSystemImpl (MetricsSystemImpl.java:register(279)) - Sink prometheus already exists!
2023-11-20 14:17:25,248 [main] INFO  http.BaseHttpServer (BaseHttpServer.java:updateConnectorAddress(354)) - HTTP server of ozoneManager listening at http://0.0.0.0:15058
2023-11-20 14:17:25,248 [IPC Server Responder] INFO  ipc.Server (Server.java:run(1562)) - IPC Server Responder: starting
2023-11-20 14:17:25,253 [IPC Server listener on 15057] INFO  ipc.Server (Server.java:run(1402)) - IPC Server listener on 15057: starting
2023-11-20 14:17:25,255 [main] INFO  om.TrashPolicyOzone (TrashPolicyOzone.java:<init>(283)) - Ozone Manager trash configuration: Deletion interval = 0 minutes, Emptier interval = 0 minutes.
2023-11-20 14:17:25,256 [JvmPauseMonitor8] INFO  util.JvmPauseMonitor (JvmPauseMonitor.java:run(103)) - JvmPauseMonitor-10873c9a-bc43-4567-b1a1-292b09a45383: Started
2023-11-20 14:17:25,269 [main] INFO  impl.MetricsSystemImpl (MetricsSystemImpl.java:init(158)) - HddsDatanode metrics system started (again)
2023-11-20 14:17:25,280 [main] INFO  ozone.HddsDatanodeService (HddsDatanodeService.java:start(239)) - HddsDatanodeService host:fv-az1500-317.a2vfemv3ef5etcjjw3rviercvg.cx.internal.cloudapp.net ip:10.1.0.10
2023-11-20 14:17:25,297 [main] INFO  upgrade.AbstractLayoutVersionManager (AbstractLayoutVersionManager.java:init(83)) - Initializing Layout version manager with metadata layout = HADOOP_PRC_PORTS_IN_DATANODEDETAILS (version = 7), software layout = HADOOP_PRC_PORTS_IN_DATANODEDETAILS (version = 7)
2023-11-20 14:17:25,298 [main] INFO  statemachine.DatanodeStateMachine (DatanodeStateMachine.java:getEndPointTaskThreadPoolSize(299)) - Datanode State Machine Task Thread Pool size 2
2023-11-20 14:17:25,299 [main] INFO  volume.HddsVolume (HddsVolume.java:<init>(126)) - Creating HddsVolume: /home/runner/work/ozone/ozone/hadoop-ozone/integration-test/target/test-dir/MiniOzoneClusterImpl-c3dbe4e6-ad2a-443e-bb3b-bc3016376942/datanode-0/data-0/containers/hdds of storage type : DISK capacity : 9223372036854775807
2023-11-20 14:17:25,299 [main] INFO  volume.MutableVolumeSet (MutableVolumeSet.java:initializeVolumeSet(173)) - Added Volume : /home/runner/work/ozone/ozone/hadoop-ozone/integration-test/target/test-dir/MiniOzoneClusterImpl-c3dbe4e6-ad2a-443e-bb3b-bc3016376942/datanode-0/data-0/containers/hdds to VolumeSet
2023-11-20 14:17:25,300 [main] INFO  volume.MutableVolumeSet (MutableVolumeSet.java:initializeVolumeSet(173)) - Added Volume : /home/runner/work/ozone/ozone/hadoop-ozone/integration-test/target/test-dir/MiniOzoneClusterImpl-c3dbe4e6-ad2a-443e-bb3b-bc3016376942/datanode-0/data/ratis to VolumeSet
2023-11-20 14:17:25,300 [main] INFO  ozoneimpl.OzoneContainer (HddsVolumeUtil.java:loadAllHddsVolumeDbStore(103)) - Load 1 volumes DbStore cost: 0ms
2023-11-20 14:17:25,301 [d8d0483b-b60f-4086-b029-9dd5e1fa5048-ContainerReader-0] INFO  ozoneimpl.ContainerReader (ContainerReader.java:readVolume(177)) - Finish verifying containers on volume /home/runner/work/ozone/ozone/hadoop-ozone/integration-test/target/test-dir/MiniOzoneClusterImpl-c3dbe4e6-ad2a-443e-bb3b-bc3016376942/datanode-0/data-0/containers/hdds
2023-11-20 14:17:25,301 [main] INFO  ozoneimpl.OzoneContainer (OzoneContainer.java:buildContainerSet(326)) - Build ContainerSet costs 0s
2023-11-20 14:17:25,304 [main] INFO  server.RaftServer (ConfUtils.java:logGet(46)) - raft.rpc.type = GRPC (default)
2023-11-20 14:17:25,304 [main] INFO  grpc.GrpcConfigKeys (ConfUtils.java:logFallback(53)) - raft.grpc.admin.host = null (fallback to raft.grpc.server.host)
2023-11-20 14:17:25,304 [main] INFO  grpc.GrpcConfigKeys (ConfUtils.java:logGet(46)) - raft.grpc.admin.port = 15066 (custom)
2023-11-20 14:17:25,304 [main] INFO  grpc.GrpcConfigKeys (ConfUtils.java:logFallback(53)) - raft.grpc.client.host = null (fallback to raft.grpc.server.host)
2023-11-20 14:17:25,304 [main] INFO  grpc.GrpcConfigKeys (ConfUtils.java:logGet(46)) - raft.grpc.client.port = 15065 (custom)
2023-11-20 14:17:25,305 [main] INFO  grpc.GrpcConfigKeys (ConfUtils.java:logGet(46)) - raft.grpc.server.host = null (default)
2023-11-20 14:17:25,305 [main] INFO  grpc.GrpcConfigKeys (ConfUtils.java:logGet(46)) - raft.grpc.server.port = 15067 (custom)
2023-11-20 14:17:25,305 [main] INFO  server.GrpcService (ConfUtils.java:logGet(46)) - raft.grpc.message.size.max = 32MB (=33554432) (custom)
2023-11-20 14:17:25,305 [main] INFO  server.RaftServerConfigKeys (ConfUtils.java:logGet(46)) - raft.server.log.appender.buffer.byte-limit = 33554432 (custom)
2023-11-20 14:17:25,305 [main] INFO  server.GrpcService (ConfUtils.java:logGet(46)) - raft.grpc.flow.control.window = 5MB (=5242880) (custom)
2023-11-20 14:17:25,305 [main] INFO  server.RaftServerConfigKeys (ConfUtils.java:logGet(46)) - raft.server.rpc.request.timeout = 60s (custom)
2023-11-20 14:17:25,305 [main] INFO  grpc.GrpcConfigKeys (ConfUtils.java:logGet(46)) - raft.grpc.server.heartbeat.channel = true (default)
2023-11-20 14:17:25,306 [main] INFO  grpc.GrpcConfigKeys (ConfUtils.java:logGet(46)) - raft.grpc.server.async.request.thread.pool.cached = true (default)
2023-11-20 14:17:25,306 [main] INFO  grpc.GrpcConfigKeys (ConfUtils.java:logGet(46)) - raft.grpc.server.async.request.thread.pool.size = 32 (default)
2023-11-20 14:17:25,308 [main] INFO  impl.DataStreamServerImpl (ConfUtils.java:logGet(46)) - raft.datastream.type = NETTY (custom)
2023-11-20 14:17:25,308 [main] INFO  server.RaftServerConfigKeys (ConfUtils.java:logGet(46)) - raft.server.data-stream.async.request.thread.pool.cached = false (default)
2023-11-20 14:17:25,309 [main] INFO  server.RaftServerConfigKeys (ConfUtils.java:logGet(46)) - raft.server.data-stream.async.request.thread.pool.size = 20 (custom)
2023-11-20 14:17:25,309 [main] INFO  server.RaftServerConfigKeys (ConfUtils.java:logGet(46)) - raft.server.data-stream.async.write.thread.pool.size = 16 (default)
2023-11-20 14:17:25,309 [main] INFO  server.RaftServerConfigKeys (ConfUtils.java:logGet(46)) - raft.server.data-stream.client.pool.size = 10 (default)
2023-11-20 14:17:25,309 [main] INFO  netty.NettyConfigKeys$DataStream (ConfUtils.java:logGet(46)) - raft.netty.dataStream.server.use-epoll = false (default)
2023-11-20 14:17:25,309 [main] INFO  netty.NettyConfigKeys$DataStream (ConfUtils.java:logGet(46)) - raft.netty.dataStream.server.boss-group.size = 0 (default)
2023-11-20 14:17:25,310 [main] INFO  netty.NettyConfigKeys$DataStream (ConfUtils.java:logGet(46)) - raft.netty.dataStream.server.worker-group.size = 0 (default)
2023-11-20 14:17:25,310 [main] INFO  netty.NettyConfigKeys$DataStream (ConfUtils.java:logGet(46)) - raft.netty.dataStream.server.tls.conf = null (default)
2023-11-20 14:17:25,310 [main] INFO  netty.NettyConfigKeys$DataStream (ConfUtils.java:logGet(46)) - raft.netty.dataStream.host = null (default)
2023-11-20 14:17:25,310 [main] INFO  netty.NettyConfigKeys$DataStream (ConfUtils.java:logGet(46)) - raft.netty.dataStream.port = 15068 (custom)
2023-11-20 14:17:25,311 [main] INFO  server.RaftServerConfigKeys (ConfUtils.java:logGet(46)) - raft.server.threadpool.proxy.cached = true (default)
2023-11-20 14:17:25,311 [main] INFO  server.RaftServerConfigKeys (ConfUtils.java:logGet(46)) - raft.server.threadpool.proxy.size = 0 (default)
2023-11-20 14:17:25,311 [d8d0483b-b60f-4086-b029-9dd5e1fa5048-NettyServerStreamRpc-bossGroup--thread1] INFO  logging.LoggingHandler (AbstractInternalLogger.java:log(148)) - [id: 0x4a10d604] REGISTERED
2023-11-20 14:17:25,311 [main] INFO  server.RaftServerConfigKeys (ConfUtils.java:logGet(46)) - raft.server.rpc.slowness.timeout = 300s (custom)
2023-11-20 14:17:25,311 [d8d0483b-b60f-4086-b029-9dd5e1fa5048-NettyServerStreamRpc-bossGroup--thread1] INFO  logging.LoggingHandler (AbstractInternalLogger.java:log(148)) - [id: 0x4a10d604] BIND: 0.0.0.0/0.0.0.0:15068
2023-11-20 14:17:25,311 [main] INFO  server.RaftServerConfigKeys (ConfUtils.java:logGet(46)) - raft.server.leaderelection.leader.step-down.wait-time = 10s (default)
2023-11-20 14:17:25,311 [d8d0483b-b60f-4086-b029-9dd5e1fa5048-NettyServerStreamRpc-bossGroup--thread1] INFO  logging.LoggingHandler (AbstractInternalLogger.java:log(148)) - [id: 0x4a10d604, L:/0:0:0:0:0:0:0:0:15068] ACTIVE
2023-11-20 14:17:25,311 [main] INFO  server.RaftServerConfigKeys (ConfUtils.java:logGet(46)) - raft.server.storage.dir = [/home/runner/work/ozone/ozone/hadoop-ozone/integration-test/target/test-dir/MiniOzoneClusterImpl-c3dbe4e6-ad2a-443e-bb3b-bc3016376942/datanode-0/data/ratis] (custom)
2023-11-20 14:17:25,312 [d8d0483b-b60f-4086-b029-9dd5e1fa5048-impl-thread1] INFO  server.RaftServer (RaftServerProxy.java:initGroupDir(258)) - d8d0483b-b60f-4086-b029-9dd5e1fa5048: found a subdirectory /home/runner/work/ozone/ozone/hadoop-ozone/integration-test/target/test-dir/MiniOzoneClusterImpl-c3dbe4e6-ad2a-443e-bb3b-bc3016376942/datanode-0/data/ratis/tmp
2023-11-20 14:17:25,312 [d8d0483b-b60f-4086-b029-9dd5e1fa5048-impl-thread1] INFO  server.RaftServer (RaftServerProxy.java:initGroupDir(263)) - d8d0483b-b60f-4086-b029-9dd5e1fa5048: The directory /home/runner/work/ozone/ozone/hadoop-ozone/integration-test/target/test-dir/MiniOzoneClusterImpl-c3dbe4e6-ad2a-443e-bb3b-bc3016376942/datanode-0/data/ratis/tmp is not a group directory; ignoring it. 
2023-11-20 14:17:25,312 [main] INFO  replication.ReplicationServer (ReplicationServer.java:<init>(85)) - Initializing replication server with thread count = 10 queue length = 4096
2023-11-20 14:17:25,313 [main] INFO  server.XceiverServerGrpc (XceiverServerGrpc.java:<init>(135)) - GrpcServer channel type EpollServerSocketChannel
2023-11-20 14:17:25,315 [main] INFO  replication.ReplicationSupervisor (ReplicationSupervisor.java:build(163)) - Initializing replication supervisor with thread count = 10
2023-11-20 14:17:25,315 [main] INFO  replication.ReplicationSupervisor (ReplicationSupervisor.java:nodeStateUpdated(317)) - Node state updated to IN_SERVICE, scaling executor pool size to 10
2023-11-20 14:17:25,317 [main] INFO  http.BaseHttpServer (BaseHttpServer.java:newHttpServer2BuilderForOzone(223)) - Starting Web-server for hddsDatanode at: http://0.0.0.0:15062
2023-11-20 14:17:25,317 [main] INFO  http.BaseHttpServer (BaseHttpServer.java:<init>(110)) - Hadoop Security Enabled: false Ozone Security Enabled: false Ozone HTTP Security Enabled: false 
2023-11-20 14:17:25,318 [main] WARN  server.AuthenticationFilter (AuthenticationFilter.java:constructSecretProvider(240)) - Unable to initialize FileSignerSecretProvider, falling back to use random secrets. Reason: Could not read signature secret file: /home/runner/hadoop-http-auth-signature-secret
2023-11-20 14:17:25,320 [main] INFO  http.HttpRequestLog (HttpRequestLog.java:getRequestLog(86)) - Http request log for http.requests.hddsDatanode is not defined
2023-11-20 14:17:25,322 [main] INFO  http.HttpServer2 (HttpServer2.java:addGlobalFilter(1031)) - Added global filter 'safety' (class=org.apache.hadoop.hdds.server.http.HttpServer2$QuotingInputFilter)
2023-11-20 14:17:25,322 [main] INFO  http.HttpServer2 (HttpServer2.java:addFilter(1007)) - Added filter static_user_filter (class=org.apache.hadoop.http.lib.StaticUserWebFilter$StaticUserFilter) to context hddsDatanode
2023-11-20 14:17:25,322 [main] INFO  http.HttpServer2 (HttpServer2.java:addFilter(1015)) - Added filter static_user_filter (class=org.apache.hadoop.http.lib.StaticUserWebFilter$StaticUserFilter) to context logs
2023-11-20 14:17:25,322 [main] INFO  http.HttpServer2 (HttpServer2.java:addFilter(1015)) - Added filter static_user_filter (class=org.apache.hadoop.http.lib.StaticUserWebFilter$StaticUserFilter) to context static
2023-11-20 14:17:25,323 [main] INFO  http.BaseHttpServer (BaseHttpServer.java:<init>(189)) - HTTP server of hddsDatanode uses base directory /home/runner/work/ozone/ozone/hadoop-ozone/integration-test/target/test-dir/MiniOzoneClusterImpl-c3dbe4e6-ad2a-443e-bb3b-bc3016376942/datanode-0/meta/webserver
2023-11-20 14:17:25,323 [main] INFO  http.HttpServer2 (HttpServer2.java:bindListener(1231)) - Jetty bound to port 15062
2023-11-20 14:17:25,323 [main] INFO  server.Server (Server.java:doStart(375)) - jetty-9.4.53.v20231009; built: 2023-10-09T12:29:09.265Z; git: 27bde00a0b95a1d5bbee0eae7984f891d2d0f8c9; jvm 1.8.0_392-b08
2023-11-20 14:17:25,327 [main] INFO  server.session (DefaultSessionIdManager.java:doStart(334)) - DefaultSessionIdManager workerName=node0
2023-11-20 14:17:25,328 [main] INFO  server.session (DefaultSessionIdManager.java:doStart(339)) - No SessionScavenger set, using defaults
2023-11-20 14:17:25,328 [main] INFO  server.session (HouseKeeper.java:startScavenging(132)) - node0 Scavenging every 660000ms
2023-11-20 14:17:25,328 [main] INFO  handler.ContextHandler (ContextHandler.java:doStart(921)) - Started o.e.j.s.ServletContextHandler@30c03fc4{logs,/logs,file:///home/runner/work/ozone/ozone/hadoop-ozone/integration-test/target/log,AVAILABLE}
2023-11-20 14:17:25,329 [main] INFO  handler.ContextHandler (ContextHandler.java:doStart(921)) - Started o.e.j.s.ServletContextHandler@11de0137{static,/static,jar:file:/home/runner/.m2/repository/org/apache/ozone/hdds-container-service/1.4.0-SNAPSHOT/hdds-container-service-1.4.0-SNAPSHOT.jar!/webapps/static,AVAILABLE}
2023-11-20 14:17:25,375 [main] INFO  handler.ContextHandler (ContextHandler.java:doStart(921)) - Started o.e.j.w.WebAppContext@5ec5b0f5{hddsDatanode,/,file:///home/runner/work/ozone/ozone/hadoop-ozone/integration-test/target/test-dir/MiniOzoneClusterImpl-c3dbe4e6-ad2a-443e-bb3b-bc3016376942/datanode-0/meta/webserver/jetty-0_0_0_0-15062-hdds-container-service-1_4_0-SNAPSHOT_jar-_-any-8486628616922333107/webapp/,AVAILABLE}{jar:file:/home/runner/.m2/repository/org/apache/ozone/hdds-container-service/1.4.0-SNAPSHOT/hdds-container-service-1.4.0-SNAPSHOT.jar!/webapps/hddsDatanode}
2023-11-20 14:17:25,377 [main] INFO  server.AbstractConnector (AbstractConnector.java:doStart(333)) - Started ServerConnector@5bb3e0ad{HTTP/1.1, (http/1.1)}{0.0.0.0:15062}
2023-11-20 14:17:25,377 [main] INFO  server.Server (Server.java:doStart(415)) - Started @34923ms
2023-11-20 14:17:25,377 [main] WARN  impl.MetricsSystemImpl (MetricsSystemImpl.java:register(279)) - Sink prometheus already exists!
2023-11-20 14:17:25,378 [main] INFO  http.BaseHttpServer (BaseHttpServer.java:updateConnectorAddress(354)) - HTTP server of hddsDatanode listening at http://0.0.0.0:15062
2023-11-20 14:17:25,378 [main] INFO  ipc.CallQueueManager (CallQueueManager.java:<init>(90)) - Using callQueue: class java.util.concurrent.LinkedBlockingQueue, queueCapacity: 100, scheduler: class org.apache.hadoop.ipc.DefaultRpcScheduler, ipcBackoff: false.
2023-11-20 14:17:25,378 [main] INFO  ipc.Server (Server.java:<init>(1287)) - Listener at 0.0.0.0:15063
2023-11-20 14:17:25,379 [Socket Reader #1 for port 15063] INFO  ipc.Server (Server.java:run(1323)) - Starting Socket Reader #1 for port 15063
2023-11-20 14:17:25,382 [main] INFO  ozone.HddsDatanodeService (HddsDatanodeService.java:start(324)) - Datanode start with admins: [runner]
2023-11-20 14:17:25,382 [main] INFO  ozone.HddsDatanodeClientProtocolServer (HddsDatanodeClientProtocolServer.java:start(72)) - RPC server for Client /0.0.0.0:15063
2023-11-20 14:17:25,382 [IPC Server Responder] INFO  ipc.Server (Server.java:run(1562)) - IPC Server Responder: starting
2023-11-20 14:17:25,385 [IPC Server listener on 15063] INFO  ipc.Server (Server.java:run(1402)) - IPC Server listener on 15063: starting
2023-11-20 14:17:25,389 [main] WARN  impl.MetricRegistriesImpl (MetricRegistriesImpl.java:addReporterRegistration(111)) - New reporters are added after registries were created. Some metrics will be missing from the reporter. Please add reporter before adding any new registry.
2023-11-20 14:17:25,389 [main] WARN  impl.MetricRegistriesImpl (MetricRegistriesImpl.java:addReporterRegistration(111)) - New reporters are added after registries were created. Some metrics will be missing from the reporter. Please add reporter before adding any new registry.
2023-11-20 14:17:25,390 [main] INFO  impl.MetricsSystemImpl (MetricsSystemImpl.java:init(158)) - HddsDatanode metrics system started (again)
2023-11-20 14:17:25,390 [d8d0483b-b60f-4086-b029-9dd5e1fa5048-DatanodeStateMachineDaemonThread] INFO  statemachine.DatanodeStateMachine (DatanodeStateMachine.java:lambda$startDaemon$1(555)) - Ozone container server started.
2023-11-20 14:17:25,404 [d8d0483b-b60f-4086-b029-9dd5e1fa5048-DatanodeStateMachineTaskThread-0] INFO  datanode.InitDatanodeState (InitDatanodeState.java:persistContainerDatanodeDetails(139)) - DatanodeDetails is persisted to /home/runner/work/ozone/ozone/hadoop-ozone/integration-test/target/test-dir/MiniOzoneClusterImpl-c3dbe4e6-ad2a-443e-bb3b-bc3016376942/datanode-0/meta/datanode.id
2023-11-20 14:17:25,404 [main] INFO  ozone.HddsDatanodeService (HddsDatanodeService.java:start(239)) - HddsDatanodeService host:fv-az1500-317.a2vfemv3ef5etcjjw3rviercvg.cx.internal.cloudapp.net ip:10.1.0.10
2023-11-20 14:17:25,419 [main] INFO  upgrade.AbstractLayoutVersionManager (AbstractLayoutVersionManager.java:init(83)) - Initializing Layout version manager with metadata layout = HADOOP_PRC_PORTS_IN_DATANODEDETAILS (version = 7), software layout = HADOOP_PRC_PORTS_IN_DATANODEDETAILS (version = 7)
2023-11-20 14:17:25,420 [main] INFO  statemachine.DatanodeStateMachine (DatanodeStateMachine.java:getEndPointTaskThreadPoolSize(299)) - Datanode State Machine Task Thread Pool size 2
2023-11-20 14:17:25,421 [main] INFO  volume.HddsVolume (HddsVolume.java:<init>(126)) - Creating HddsVolume: /home/runner/work/ozone/ozone/hadoop-ozone/integration-test/target/test-dir/MiniOzoneClusterImpl-c3dbe4e6-ad2a-443e-bb3b-bc3016376942/datanode-1/data-0/containers/hdds of storage type : DISK capacity : 9223372036854775807
2023-11-20 14:17:25,421 [main] INFO  volume.MutableVolumeSet (MutableVolumeSet.java:initializeVolumeSet(173)) - Added Volume : /home/runner/work/ozone/ozone/hadoop-ozone/integration-test/target/test-dir/MiniOzoneClusterImpl-c3dbe4e6-ad2a-443e-bb3b-bc3016376942/datanode-1/data-0/containers/hdds to VolumeSet
2023-11-20 14:17:25,422 [main] INFO  volume.MutableVolumeSet (MutableVolumeSet.java:initializeVolumeSet(173)) - Added Volume : /home/runner/work/ozone/ozone/hadoop-ozone/integration-test/target/test-dir/MiniOzoneClusterImpl-c3dbe4e6-ad2a-443e-bb3b-bc3016376942/datanode-1/data/ratis to VolumeSet
2023-11-20 14:17:25,422 [main] INFO  ozoneimpl.OzoneContainer (HddsVolumeUtil.java:loadAllHddsVolumeDbStore(103)) - Load 1 volumes DbStore cost: 0ms
2023-11-20 14:17:25,423 [17b41fa2-89b0-41d9-9866-157016c3cd1a-ContainerReader-0] INFO  ozoneimpl.ContainerReader (ContainerReader.java:readVolume(177)) - Finish verifying containers on volume /home/runner/work/ozone/ozone/hadoop-ozone/integration-test/target/test-dir/MiniOzoneClusterImpl-c3dbe4e6-ad2a-443e-bb3b-bc3016376942/datanode-1/data-0/containers/hdds
2023-11-20 14:17:25,423 [main] INFO  ozoneimpl.OzoneContainer (OzoneContainer.java:buildContainerSet(326)) - Build ContainerSet costs 0s
2023-11-20 14:17:25,425 [main] INFO  server.RaftServer (ConfUtils.java:logGet(46)) - raft.rpc.type = GRPC (default)
2023-11-20 14:17:25,425 [main] INFO  grpc.GrpcConfigKeys (ConfUtils.java:logFallback(53)) - raft.grpc.admin.host = null (fallback to raft.grpc.server.host)
2023-11-20 14:17:25,425 [main] INFO  grpc.GrpcConfigKeys (ConfUtils.java:logGet(46)) - raft.grpc.admin.port = 15075 (custom)
2023-11-20 14:17:25,426 [main] INFO  grpc.GrpcConfigKeys (ConfUtils.java:logFallback(53)) - raft.grpc.client.host = null (fallback to raft.grpc.server.host)
2023-11-20 14:17:25,426 [main] INFO  grpc.GrpcConfigKeys (ConfUtils.java:logGet(46)) - raft.grpc.client.port = 15074 (custom)
2023-11-20 14:17:25,426 [main] INFO  grpc.GrpcConfigKeys (ConfUtils.java:logGet(46)) - raft.grpc.server.host = null (default)
2023-11-20 14:17:25,426 [main] INFO  grpc.GrpcConfigKeys (ConfUtils.java:logGet(46)) - raft.grpc.server.port = 15076 (custom)
2023-11-20 14:17:25,426 [main] INFO  server.GrpcService (ConfUtils.java:logGet(46)) - raft.grpc.message.size.max = 32MB (=33554432) (custom)
2023-11-20 14:17:25,426 [main] INFO  server.RaftServerConfigKeys (ConfUtils.java:logGet(46)) - raft.server.log.appender.buffer.byte-limit = 33554432 (custom)
2023-11-20 14:17:25,426 [main] INFO  server.GrpcService (ConfUtils.java:logGet(46)) - raft.grpc.flow.control.window = 5MB (=5242880) (custom)
2023-11-20 14:17:25,427 [main] INFO  server.RaftServerConfigKeys (ConfUtils.java:logGet(46)) - raft.server.rpc.request.timeout = 60s (custom)
2023-11-20 14:17:25,427 [main] INFO  grpc.GrpcConfigKeys (ConfUtils.java:logGet(46)) - raft.grpc.server.heartbeat.channel = true (default)
2023-11-20 14:17:25,427 [main] INFO  grpc.GrpcConfigKeys (ConfUtils.java:logGet(46)) - raft.grpc.server.async.request.thread.pool.cached = true (default)
2023-11-20 14:17:25,427 [main] INFO  grpc.GrpcConfigKeys (ConfUtils.java:logGet(46)) - raft.grpc.server.async.request.thread.pool.size = 32 (default)
2023-11-20 14:17:25,429 [main] INFO  impl.DataStreamServerImpl (ConfUtils.java:logGet(46)) - raft.datastream.type = NETTY (custom)
2023-11-20 14:17:25,430 [main] INFO  server.RaftServerConfigKeys (ConfUtils.java:logGet(46)) - raft.server.data-stream.async.request.thread.pool.cached = false (default)
2023-11-20 14:17:25,430 [main] INFO  server.RaftServerConfigKeys (ConfUtils.java:logGet(46)) - raft.server.data-stream.async.request.thread.pool.size = 20 (custom)
2023-11-20 14:17:25,430 [main] INFO  server.RaftServerConfigKeys (ConfUtils.java:logGet(46)) - raft.server.data-stream.async.write.thread.pool.size = 16 (default)
2023-11-20 14:17:25,430 [main] INFO  server.RaftServerConfigKeys (ConfUtils.java:logGet(46)) - raft.server.data-stream.client.pool.size = 10 (default)
2023-11-20 14:17:25,430 [main] INFO  netty.NettyConfigKeys$DataStream (ConfUtils.java:logGet(46)) - raft.netty.dataStream.server.use-epoll = false (default)
2023-11-20 14:17:25,430 [main] INFO  netty.NettyConfigKeys$DataStream (ConfUtils.java:logGet(46)) - raft.netty.dataStream.server.boss-group.size = 0 (default)
2023-11-20 14:17:25,431 [main] INFO  netty.NettyConfigKeys$DataStream (ConfUtils.java:logGet(46)) - raft.netty.dataStream.server.worker-group.size = 0 (default)
2023-11-20 14:17:25,431 [main] INFO  netty.NettyConfigKeys$DataStream (ConfUtils.java:logGet(46)) - raft.netty.dataStream.server.tls.conf = null (default)
2023-11-20 14:17:25,431 [main] INFO  netty.NettyConfigKeys$DataStream (ConfUtils.java:logGet(46)) - raft.netty.dataStream.host = null (default)
2023-11-20 14:17:25,432 [main] INFO  netty.NettyConfigKeys$DataStream (ConfUtils.java:logGet(46)) - raft.netty.dataStream.port = 15077 (custom)
2023-11-20 14:17:25,432 [main] INFO  server.RaftServerConfigKeys (ConfUtils.java:logGet(46)) - raft.server.threadpool.proxy.cached = true (default)
2023-11-20 14:17:25,432 [main] INFO  server.RaftServerConfigKeys (ConfUtils.java:logGet(46)) - raft.server.threadpool.proxy.size = 0 (default)
2023-11-20 14:17:25,432 [17b41fa2-89b0-41d9-9866-157016c3cd1a-NettyServerStreamRpc-bossGroup--thread1] INFO  logging.LoggingHandler (AbstractInternalLogger.java:log(148)) - [id: 0x902ff484] REGISTERED
2023-11-20 14:17:25,432 [main] INFO  server.RaftServerConfigKeys (ConfUtils.java:logGet(46)) - raft.server.rpc.slowness.timeout = 300s (custom)
2023-11-20 14:17:25,432 [17b41fa2-89b0-41d9-9866-157016c3cd1a-NettyServerStreamRpc-bossGroup--thread1] INFO  logging.LoggingHandler (AbstractInternalLogger.java:log(148)) - [id: 0x902ff484] BIND: 0.0.0.0/0.0.0.0:15077
2023-11-20 14:17:25,432 [main] INFO  server.RaftServerConfigKeys (ConfUtils.java:logGet(46)) - raft.server.leaderelection.leader.step-down.wait-time = 10s (default)
2023-11-20 14:17:25,433 [17b41fa2-89b0-41d9-9866-157016c3cd1a-NettyServerStreamRpc-bossGroup--thread1] INFO  logging.LoggingHandler (AbstractInternalLogger.java:log(148)) - [id: 0x902ff484, L:/0:0:0:0:0:0:0:0:15077] ACTIVE
2023-11-20 14:17:25,433 [main] INFO  server.RaftServerConfigKeys (ConfUtils.java:logGet(46)) - raft.server.storage.dir = [/home/runner/work/ozone/ozone/hadoop-ozone/integration-test/target/test-dir/MiniOzoneClusterImpl-c3dbe4e6-ad2a-443e-bb3b-bc3016376942/datanode-1/data/ratis] (custom)
2023-11-20 14:17:25,433 [17b41fa2-89b0-41d9-9866-157016c3cd1a-impl-thread1] INFO  server.RaftServer (RaftServerProxy.java:initGroupDir(258)) - 17b41fa2-89b0-41d9-9866-157016c3cd1a: found a subdirectory /home/runner/work/ozone/ozone/hadoop-ozone/integration-test/target/test-dir/MiniOzoneClusterImpl-c3dbe4e6-ad2a-443e-bb3b-bc3016376942/datanode-1/data/ratis/tmp
2023-11-20 14:17:25,433 [17b41fa2-89b0-41d9-9866-157016c3cd1a-impl-thread1] INFO  server.RaftServer (RaftServerProxy.java:initGroupDir(263)) - 17b41fa2-89b0-41d9-9866-157016c3cd1a: The directory /home/runner/work/ozone/ozone/hadoop-ozone/integration-test/target/test-dir/MiniOzoneClusterImpl-c3dbe4e6-ad2a-443e-bb3b-bc3016376942/datanode-1/data/ratis/tmp is not a group directory; ignoring it. 
2023-11-20 14:17:25,433 [main] INFO  replication.ReplicationServer (ReplicationServer.java:<init>(85)) - Initializing replication server with thread count = 10 queue length = 4096
2023-11-20 14:17:25,434 [main] INFO  server.XceiverServerGrpc (XceiverServerGrpc.java:<init>(135)) - GrpcServer channel type EpollServerSocketChannel
2023-11-20 14:17:25,436 [main] INFO  replication.ReplicationSupervisor (ReplicationSupervisor.java:build(163)) - Initializing replication supervisor with thread count = 10
2023-11-20 14:17:25,436 [main] INFO  replication.ReplicationSupervisor (ReplicationSupervisor.java:nodeStateUpdated(317)) - Node state updated to IN_SERVICE, scaling executor pool size to 10
2023-11-20 14:17:25,437 [main] INFO  http.BaseHttpServer (BaseHttpServer.java:newHttpServer2BuilderForOzone(223)) - Starting Web-server for hddsDatanode at: http://0.0.0.0:15071
2023-11-20 14:17:25,438 [main] INFO  http.BaseHttpServer (BaseHttpServer.java:<init>(110)) - Hadoop Security Enabled: false Ozone Security Enabled: false Ozone HTTP Security Enabled: false 
2023-11-20 14:17:25,438 [main] WARN  server.AuthenticationFilter (AuthenticationFilter.java:constructSecretProvider(240)) - Unable to initialize FileSignerSecretProvider, falling back to use random secrets. Reason: Could not read signature secret file: /home/runner/hadoop-http-auth-signature-secret
2023-11-20 14:17:25,439 [main] INFO  http.HttpRequestLog (HttpRequestLog.java:getRequestLog(86)) - Http request log for http.requests.hddsDatanode is not defined
2023-11-20 14:17:25,440 [main] INFO  http.HttpServer2 (HttpServer2.java:addGlobalFilter(1031)) - Added global filter 'safety' (class=org.apache.hadoop.hdds.server.http.HttpServer2$QuotingInputFilter)
2023-11-20 14:17:25,440 [main] INFO  http.HttpServer2 (HttpServer2.java:addFilter(1007)) - Added filter static_user_filter (class=org.apache.hadoop.http.lib.StaticUserWebFilter$StaticUserFilter) to context hddsDatanode
2023-11-20 14:17:25,440 [main] INFO  http.HttpServer2 (HttpServer2.java:addFilter(1015)) - Added filter static_user_filter (class=org.apache.hadoop.http.lib.StaticUserWebFilter$StaticUserFilter) to context static
2023-11-20 14:17:25,440 [main] INFO  http.HttpServer2 (HttpServer2.java:addFilter(1015)) - Added filter static_user_filter (class=org.apache.hadoop.http.lib.StaticUserWebFilter$StaticUserFilter) to context logs
2023-11-20 14:17:25,441 [main] INFO  http.BaseHttpServer (BaseHttpServer.java:<init>(189)) - HTTP server of hddsDatanode uses base directory /home/runner/work/ozone/ozone/hadoop-ozone/integration-test/target/test-dir/MiniOzoneClusterImpl-c3dbe4e6-ad2a-443e-bb3b-bc3016376942/datanode-1/meta/webserver
2023-11-20 14:17:25,441 [main] INFO  http.HttpServer2 (HttpServer2.java:bindListener(1231)) - Jetty bound to port 15071
2023-11-20 14:17:25,441 [main] INFO  server.Server (Server.java:doStart(375)) - jetty-9.4.53.v20231009; built: 2023-10-09T12:29:09.265Z; git: 27bde00a0b95a1d5bbee0eae7984f891d2d0f8c9; jvm 1.8.0_392-b08
2023-11-20 14:17:25,442 [main] INFO  server.session (DefaultSessionIdManager.java:doStart(334)) - DefaultSessionIdManager workerName=node0
2023-11-20 14:17:25,442 [main] INFO  server.session (DefaultSessionIdManager.java:doStart(339)) - No SessionScavenger set, using defaults
2023-11-20 14:17:25,442 [main] INFO  server.session (HouseKeeper.java:startScavenging(132)) - node0 Scavenging every 660000ms
2023-11-20 14:17:25,443 [main] INFO  handler.ContextHandler (ContextHandler.java:doStart(921)) - Started o.e.j.s.ServletContextHandler@503ed922{logs,/logs,file:///home/runner/work/ozone/ozone/hadoop-ozone/integration-test/target/log,AVAILABLE}
2023-11-20 14:17:25,443 [main] INFO  handler.ContextHandler (ContextHandler.java:doStart(921)) - Started o.e.j.s.ServletContextHandler@51d089f0{static,/static,jar:file:/home/runner/.m2/repository/org/apache/ozone/hdds-container-service/1.4.0-SNAPSHOT/hdds-container-service-1.4.0-SNAPSHOT.jar!/webapps/static,AVAILABLE}
2023-11-20 14:17:25,475 [main] INFO  handler.ContextHandler (ContextHandler.java:doStart(921)) - Started o.e.j.w.WebAppContext@268f1c26{hddsDatanode,/,file:///home/runner/work/ozone/ozone/hadoop-ozone/integration-test/target/test-dir/MiniOzoneClusterImpl-c3dbe4e6-ad2a-443e-bb3b-bc3016376942/datanode-1/meta/webserver/jetty-0_0_0_0-15071-hdds-container-service-1_4_0-SNAPSHOT_jar-_-any-4758357704170625511/webapp/,AVAILABLE}{jar:file:/home/runner/.m2/repository/org/apache/ozone/hdds-container-service/1.4.0-SNAPSHOT/hdds-container-service-1.4.0-SNAPSHOT.jar!/webapps/hddsDatanode}
2023-11-20 14:17:25,477 [main] INFO  server.AbstractConnector (AbstractConnector.java:doStart(333)) - Started ServerConnector@73492bc7{HTTP/1.1, (http/1.1)}{0.0.0.0:15071}
2023-11-20 14:17:25,477 [main] INFO  server.Server (Server.java:doStart(415)) - Started @35023ms
2023-11-20 14:17:25,477 [main] WARN  impl.MetricsSystemImpl (MetricsSystemImpl.java:register(279)) - Sink prometheus already exists!
2023-11-20 14:17:25,477 [main] INFO  http.BaseHttpServer (BaseHttpServer.java:updateConnectorAddress(354)) - HTTP server of hddsDatanode listening at http://0.0.0.0:15071
2023-11-20 14:17:25,477 [main] INFO  ipc.CallQueueManager (CallQueueManager.java:<init>(90)) - Using callQueue: class java.util.concurrent.LinkedBlockingQueue, queueCapacity: 100, scheduler: class org.apache.hadoop.ipc.DefaultRpcScheduler, ipcBackoff: false.
2023-11-20 14:17:25,477 [main] INFO  ipc.Server (Server.java:<init>(1287)) - Listener at 0.0.0.0:15072
2023-11-20 14:17:25,478 [Socket Reader #1 for port 15072] INFO  ipc.Server (Server.java:run(1323)) - Starting Socket Reader #1 for port 15072
2023-11-20 14:17:25,479 [main] INFO  ozone.HddsDatanodeService (HddsDatanodeService.java:start(324)) - Datanode start with admins: [runner]
2023-11-20 14:17:25,479 [main] INFO  ozone.HddsDatanodeClientProtocolServer (HddsDatanodeClientProtocolServer.java:start(72)) - RPC server for Client /0.0.0.0:15072
2023-11-20 14:17:25,479 [IPC Server Responder] INFO  ipc.Server (Server.java:run(1562)) - IPC Server Responder: starting
2023-11-20 14:17:25,479 [IPC Server listener on 15072] INFO  ipc.Server (Server.java:run(1402)) - IPC Server listener on 15072: starting
2023-11-20 14:17:25,480 [17b41fa2-89b0-41d9-9866-157016c3cd1a-DatanodeStateMachineDaemonThread] INFO  statemachine.DatanodeStateMachine (DatanodeStateMachine.java:lambda$startDaemon$1(555)) - Ozone container server started.
2023-11-20 14:17:25,481 [main] WARN  impl.MetricRegistriesImpl (MetricRegistriesImpl.java:addReporterRegistration(111)) - New reporters are added after registries were created. Some metrics will be missing from the reporter. Please add reporter before adding any new registry.
2023-11-20 14:17:25,481 [main] WARN  impl.MetricRegistriesImpl (MetricRegistriesImpl.java:addReporterRegistration(111)) - New reporters are added after registries were created. Some metrics will be missing from the reporter. Please add reporter before adding any new registry.
2023-11-20 14:17:25,481 [main] INFO  impl.MetricsSystemImpl (MetricsSystemImpl.java:init(158)) - HddsDatanode metrics system started (again)
2023-11-20 14:17:25,483 [17b41fa2-89b0-41d9-9866-157016c3cd1a-DatanodeStateMachineTaskThread-0] INFO  datanode.InitDatanodeState (InitDatanodeState.java:persistContainerDatanodeDetails(139)) - DatanodeDetails is persisted to /home/runner/work/ozone/ozone/hadoop-ozone/integration-test/target/test-dir/MiniOzoneClusterImpl-c3dbe4e6-ad2a-443e-bb3b-bc3016376942/datanode-1/meta/datanode.id
2023-11-20 14:17:25,495 [main] INFO  ozone.HddsDatanodeService (HddsDatanodeService.java:start(239)) - HddsDatanodeService host:fv-az1500-317.a2vfemv3ef5etcjjw3rviercvg.cx.internal.cloudapp.net ip:10.1.0.10
2023-11-20 14:17:25,508 [main] INFO  upgrade.AbstractLayoutVersionManager (AbstractLayoutVersionManager.java:init(83)) - Initializing Layout version manager with metadata layout = HADOOP_PRC_PORTS_IN_DATANODEDETAILS (version = 7), software layout = HADOOP_PRC_PORTS_IN_DATANODEDETAILS (version = 7)
2023-11-20 14:17:25,508 [main] INFO  statemachine.DatanodeStateMachine (DatanodeStateMachine.java:getEndPointTaskThreadPoolSize(299)) - Datanode State Machine Task Thread Pool size 2
2023-11-20 14:17:25,509 [main] INFO  volume.HddsVolume (HddsVolume.java:<init>(126)) - Creating HddsVolume: /home/runner/work/ozone/ozone/hadoop-ozone/integration-test/target/test-dir/MiniOzoneClusterImpl-c3dbe4e6-ad2a-443e-bb3b-bc3016376942/datanode-2/data-0/containers/hdds of storage type : DISK capacity : 9223372036854775807
2023-11-20 14:17:25,510 [main] INFO  volume.MutableVolumeSet (MutableVolumeSet.java:initializeVolumeSet(173)) - Added Volume : /home/runner/work/ozone/ozone/hadoop-ozone/integration-test/target/test-dir/MiniOzoneClusterImpl-c3dbe4e6-ad2a-443e-bb3b-bc3016376942/datanode-2/data-0/containers/hdds to VolumeSet
2023-11-20 14:17:25,511 [main] INFO  volume.MutableVolumeSet (MutableVolumeSet.java:initializeVolumeSet(173)) - Added Volume : /home/runner/work/ozone/ozone/hadoop-ozone/integration-test/target/test-dir/MiniOzoneClusterImpl-c3dbe4e6-ad2a-443e-bb3b-bc3016376942/datanode-2/data/ratis to VolumeSet
2023-11-20 14:17:25,511 [main] INFO  ozoneimpl.OzoneContainer (HddsVolumeUtil.java:loadAllHddsVolumeDbStore(103)) - Load 1 volumes DbStore cost: 0ms
2023-11-20 14:17:25,511 [c8e369c4-4c6c-4030-b1f6-34ff4305fcfc-ContainerReader-0] INFO  ozoneimpl.ContainerReader (ContainerReader.java:readVolume(177)) - Finish verifying containers on volume /home/runner/work/ozone/ozone/hadoop-ozone/integration-test/target/test-dir/MiniOzoneClusterImpl-c3dbe4e6-ad2a-443e-bb3b-bc3016376942/datanode-2/data-0/containers/hdds
2023-11-20 14:17:25,511 [main] INFO  ozoneimpl.OzoneContainer (OzoneContainer.java:buildContainerSet(326)) - Build ContainerSet costs 0s
2023-11-20 14:17:25,513 [main] INFO  server.RaftServer (ConfUtils.java:logGet(46)) - raft.rpc.type = GRPC (default)
2023-11-20 14:17:25,514 [main] INFO  grpc.GrpcConfigKeys (ConfUtils.java:logFallback(53)) - raft.grpc.admin.host = null (fallback to raft.grpc.server.host)
2023-11-20 14:17:25,514 [main] INFO  grpc.GrpcConfigKeys (ConfUtils.java:logGet(46)) - raft.grpc.admin.port = 15084 (custom)
2023-11-20 14:17:25,514 [main] INFO  grpc.GrpcConfigKeys (ConfUtils.java:logFallback(53)) - raft.grpc.client.host = null (fallback to raft.grpc.server.host)
2023-11-20 14:17:25,514 [main] INFO  grpc.GrpcConfigKeys (ConfUtils.java:logGet(46)) - raft.grpc.client.port = 15083 (custom)
2023-11-20 14:17:25,514 [main] INFO  grpc.GrpcConfigKeys (ConfUtils.java:logGet(46)) - raft.grpc.server.host = null (default)
2023-11-20 14:17:25,514 [main] INFO  grpc.GrpcConfigKeys (ConfUtils.java:logGet(46)) - raft.grpc.server.port = 15085 (custom)
2023-11-20 14:17:25,514 [main] INFO  server.GrpcService (ConfUtils.java:logGet(46)) - raft.grpc.message.size.max = 32MB (=33554432) (custom)
2023-11-20 14:17:25,514 [main] INFO  server.RaftServerConfigKeys (ConfUtils.java:logGet(46)) - raft.server.log.appender.buffer.byte-limit = 33554432 (custom)
2023-11-20 14:17:25,514 [main] INFO  server.GrpcService (ConfUtils.java:logGet(46)) - raft.grpc.flow.control.window = 5MB (=5242880) (custom)
2023-11-20 14:17:25,514 [main] INFO  server.RaftServerConfigKeys (ConfUtils.java:logGet(46)) - raft.server.rpc.request.timeout = 60s (custom)
2023-11-20 14:17:25,515 [main] INFO  grpc.GrpcConfigKeys (ConfUtils.java:logGet(46)) - raft.grpc.server.heartbeat.channel = true (default)
2023-11-20 14:17:25,515 [main] INFO  grpc.GrpcConfigKeys (ConfUtils.java:logGet(46)) - raft.grpc.server.async.request.thread.pool.cached = true (default)
2023-11-20 14:17:25,515 [main] INFO  grpc.GrpcConfigKeys (ConfUtils.java:logGet(46)) - raft.grpc.server.async.request.thread.pool.size = 32 (default)
2023-11-20 14:17:25,516 [main] INFO  impl.DataStreamServerImpl (ConfUtils.java:logGet(46)) - raft.datastream.type = NETTY (custom)
2023-11-20 14:17:25,517 [main] INFO  server.RaftServerConfigKeys (ConfUtils.java:logGet(46)) - raft.server.data-stream.async.request.thread.pool.cached = false (default)
2023-11-20 14:17:25,517 [main] INFO  server.RaftServerConfigKeys (ConfUtils.java:logGet(46)) - raft.server.data-stream.async.request.thread.pool.size = 20 (custom)
2023-11-20 14:17:25,517 [main] INFO  server.RaftServerConfigKeys (ConfUtils.java:logGet(46)) - raft.server.data-stream.async.write.thread.pool.size = 16 (default)
2023-11-20 14:17:25,517 [main] INFO  server.RaftServerConfigKeys (ConfUtils.java:logGet(46)) - raft.server.data-stream.client.pool.size = 10 (default)
2023-11-20 14:17:25,517 [main] INFO  netty.NettyConfigKeys$DataStream (ConfUtils.java:logGet(46)) - raft.netty.dataStream.server.use-epoll = false (default)
2023-11-20 14:17:25,517 [main] INFO  netty.NettyConfigKeys$DataStream (ConfUtils.java:logGet(46)) - raft.netty.dataStream.server.boss-group.size = 0 (default)
2023-11-20 14:17:25,518 [main] INFO  netty.NettyConfigKeys$DataStream (ConfUtils.java:logGet(46)) - raft.netty.dataStream.server.worker-group.size = 0 (default)
2023-11-20 14:17:25,518 [main] INFO  netty.NettyConfigKeys$DataStream (ConfUtils.java:logGet(46)) - raft.netty.dataStream.server.tls.conf = null (default)
2023-11-20 14:17:25,518 [main] INFO  netty.NettyConfigKeys$DataStream (ConfUtils.java:logGet(46)) - raft.netty.dataStream.host = null (default)
2023-11-20 14:17:25,519 [main] INFO  netty.NettyConfigKeys$DataStream (ConfUtils.java:logGet(46)) - raft.netty.dataStream.port = 15086 (custom)
2023-11-20 14:17:25,519 [main] INFO  server.RaftServerConfigKeys (ConfUtils.java:logGet(46)) - raft.server.threadpool.proxy.cached = true (default)
2023-11-20 14:17:25,519 [main] INFO  server.RaftServerConfigKeys (ConfUtils.java:logGet(46)) - raft.server.threadpool.proxy.size = 0 (default)
2023-11-20 14:17:25,519 [c8e369c4-4c6c-4030-b1f6-34ff4305fcfc-NettyServerStreamRpc-bossGroup--thread1] INFO  logging.LoggingHandler (AbstractInternalLogger.java:log(148)) - [id: 0x82484a1f] REGISTERED
2023-11-20 14:17:25,519 [main] INFO  server.RaftServerConfigKeys (ConfUtils.java:logGet(46)) - raft.server.rpc.slowness.timeout = 300s (custom)
2023-11-20 14:17:25,519 [c8e369c4-4c6c-4030-b1f6-34ff4305fcfc-NettyServerStreamRpc-bossGroup--thread1] INFO  logging.LoggingHandler (AbstractInternalLogger.java:log(148)) - [id: 0x82484a1f] BIND: 0.0.0.0/0.0.0.0:15086
2023-11-20 14:17:25,519 [main] INFO  server.RaftServerConfigKeys (ConfUtils.java:logGet(46)) - raft.server.leaderelection.leader.step-down.wait-time = 10s (default)
2023-11-20 14:17:25,519 [c8e369c4-4c6c-4030-b1f6-34ff4305fcfc-NettyServerStreamRpc-bossGroup--thread1] INFO  logging.LoggingHandler (AbstractInternalLogger.java:log(148)) - [id: 0x82484a1f, L:/0:0:0:0:0:0:0:0:15086] ACTIVE
2023-11-20 14:17:25,520 [main] INFO  server.RaftServerConfigKeys (ConfUtils.java:logGet(46)) - raft.server.storage.dir = [/home/runner/work/ozone/ozone/hadoop-ozone/integration-test/target/test-dir/MiniOzoneClusterImpl-c3dbe4e6-ad2a-443e-bb3b-bc3016376942/datanode-2/data/ratis] (custom)
2023-11-20 14:17:25,520 [c8e369c4-4c6c-4030-b1f6-34ff4305fcfc-impl-thread1] INFO  server.RaftServer (RaftServerProxy.java:initGroupDir(258)) - c8e369c4-4c6c-4030-b1f6-34ff4305fcfc: found a subdirectory /home/runner/work/ozone/ozone/hadoop-ozone/integration-test/target/test-dir/MiniOzoneClusterImpl-c3dbe4e6-ad2a-443e-bb3b-bc3016376942/datanode-2/data/ratis/tmp
2023-11-20 14:17:25,520 [c8e369c4-4c6c-4030-b1f6-34ff4305fcfc-impl-thread1] INFO  server.RaftServer (RaftServerProxy.java:initGroupDir(263)) - c8e369c4-4c6c-4030-b1f6-34ff4305fcfc: The directory /home/runner/work/ozone/ozone/hadoop-ozone/integration-test/target/test-dir/MiniOzoneClusterImpl-c3dbe4e6-ad2a-443e-bb3b-bc3016376942/datanode-2/data/ratis/tmp is not a group directory; ignoring it. 
2023-11-20 14:17:25,520 [main] INFO  replication.ReplicationServer (ReplicationServer.java:<init>(85)) - Initializing replication server with thread count = 10 queue length = 4096
2023-11-20 14:17:25,521 [main] INFO  server.XceiverServerGrpc (XceiverServerGrpc.java:<init>(135)) - GrpcServer channel type EpollServerSocketChannel
2023-11-20 14:17:25,522 [main] INFO  replication.ReplicationSupervisor (ReplicationSupervisor.java:build(163)) - Initializing replication supervisor with thread count = 10
2023-11-20 14:17:25,522 [main] INFO  replication.ReplicationSupervisor (ReplicationSupervisor.java:nodeStateUpdated(317)) - Node state updated to IN_SERVICE, scaling executor pool size to 10
2023-11-20 14:17:25,524 [main] INFO  http.BaseHttpServer (BaseHttpServer.java:newHttpServer2BuilderForOzone(223)) - Starting Web-server for hddsDatanode at: http://0.0.0.0:15080
2023-11-20 14:17:25,524 [main] INFO  http.BaseHttpServer (BaseHttpServer.java:<init>(110)) - Hadoop Security Enabled: false Ozone Security Enabled: false Ozone HTTP Security Enabled: false 
2023-11-20 14:17:25,525 [main] WARN  server.AuthenticationFilter (AuthenticationFilter.java:constructSecretProvider(240)) - Unable to initialize FileSignerSecretProvider, falling back to use random secrets. Reason: Could not read signature secret file: /home/runner/hadoop-http-auth-signature-secret
2023-11-20 14:17:25,526 [main] INFO  http.HttpRequestLog (HttpRequestLog.java:getRequestLog(86)) - Http request log for http.requests.hddsDatanode is not defined
2023-11-20 14:17:25,527 [main] INFO  http.HttpServer2 (HttpServer2.java:addGlobalFilter(1031)) - Added global filter 'safety' (class=org.apache.hadoop.hdds.server.http.HttpServer2$QuotingInputFilter)
2023-11-20 14:17:25,527 [main] INFO  http.HttpServer2 (HttpServer2.java:addFilter(1007)) - Added filter static_user_filter (class=org.apache.hadoop.http.lib.StaticUserWebFilter$StaticUserFilter) to context hddsDatanode
2023-11-20 14:17:25,527 [main] INFO  http.HttpServer2 (HttpServer2.java:addFilter(1015)) - Added filter static_user_filter (class=org.apache.hadoop.http.lib.StaticUserWebFilter$StaticUserFilter) to context static
2023-11-20 14:17:25,527 [main] INFO  http.HttpServer2 (HttpServer2.java:addFilter(1015)) - Added filter static_user_filter (class=org.apache.hadoop.http.lib.StaticUserWebFilter$StaticUserFilter) to context logs
2023-11-20 14:17:25,528 [main] INFO  http.BaseHttpServer (BaseHttpServer.java:<init>(189)) - HTTP server of hddsDatanode uses base directory /home/runner/work/ozone/ozone/hadoop-ozone/integration-test/target/test-dir/MiniOzoneClusterImpl-c3dbe4e6-ad2a-443e-bb3b-bc3016376942/datanode-2/meta/webserver
2023-11-20 14:17:25,528 [main] INFO  http.HttpServer2 (HttpServer2.java:bindListener(1231)) - Jetty bound to port 15080
2023-11-20 14:17:25,528 [main] INFO  server.Server (Server.java:doStart(375)) - jetty-9.4.53.v20231009; built: 2023-10-09T12:29:09.265Z; git: 27bde00a0b95a1d5bbee0eae7984f891d2d0f8c9; jvm 1.8.0_392-b08
2023-11-20 14:17:25,529 [main] INFO  server.session (DefaultSessionIdManager.java:doStart(334)) - DefaultSessionIdManager workerName=node0
2023-11-20 14:17:25,529 [main] INFO  server.session (DefaultSessionIdManager.java:doStart(339)) - No SessionScavenger set, using defaults
2023-11-20 14:17:25,529 [main] INFO  server.session (HouseKeeper.java:startScavenging(132)) - node0 Scavenging every 600000ms
2023-11-20 14:17:25,529 [main] INFO  handler.ContextHandler (ContextHandler.java:doStart(921)) - Started o.e.j.s.ServletContextHandler@3762e38{logs,/logs,file:///home/runner/work/ozone/ozone/hadoop-ozone/integration-test/target/log,AVAILABLE}
2023-11-20 14:17:25,530 [main] INFO  handler.ContextHandler (ContextHandler.java:doStart(921)) - Started o.e.j.s.ServletContextHandler@2cb7e8fa{static,/static,jar:file:/home/runner/.m2/repository/org/apache/ozone/hdds-container-service/1.4.0-SNAPSHOT/hdds-container-service-1.4.0-SNAPSHOT.jar!/webapps/static,AVAILABLE}
2023-11-20 14:17:25,565 [main] INFO  handler.ContextHandler (ContextHandler.java:doStart(921)) - Started o.e.j.w.WebAppContext@2f887ce5{hddsDatanode,/,file:///home/runner/work/ozone/ozone/hadoop-ozone/integration-test/target/test-dir/MiniOzoneClusterImpl-c3dbe4e6-ad2a-443e-bb3b-bc3016376942/datanode-2/meta/webserver/jetty-0_0_0_0-15080-hdds-container-service-1_4_0-SNAPSHOT_jar-_-any-7485638600574687468/webapp/,AVAILABLE}{jar:file:/home/runner/.m2/repository/org/apache/ozone/hdds-container-service/1.4.0-SNAPSHOT/hdds-container-service-1.4.0-SNAPSHOT.jar!/webapps/hddsDatanode}
2023-11-20 14:17:25,566 [main] INFO  server.AbstractConnector (AbstractConnector.java:doStart(333)) - Started ServerConnector@1db5727c{HTTP/1.1, (http/1.1)}{0.0.0.0:15080}
2023-11-20 14:17:25,566 [main] INFO  server.Server (Server.java:doStart(415)) - Started @35112ms
2023-11-20 14:17:25,566 [main] WARN  impl.MetricsSystemImpl (MetricsSystemImpl.java:register(279)) - Sink prometheus already exists!
2023-11-20 14:17:25,566 [main] INFO  http.BaseHttpServer (BaseHttpServer.java:updateConnectorAddress(354)) - HTTP server of hddsDatanode listening at http://0.0.0.0:15080
2023-11-20 14:17:25,567 [main] INFO  ipc.CallQueueManager (CallQueueManager.java:<init>(90)) - Using callQueue: class java.util.concurrent.LinkedBlockingQueue, queueCapacity: 100, scheduler: class org.apache.hadoop.ipc.DefaultRpcScheduler, ipcBackoff: false.
2023-11-20 14:17:25,567 [main] INFO  ipc.Server (Server.java:<init>(1287)) - Listener at 0.0.0.0:15081
2023-11-20 14:17:25,568 [Socket Reader #1 for port 15081] INFO  ipc.Server (Server.java:run(1323)) - Starting Socket Reader #1 for port 15081
2023-11-20 14:17:25,574 [main] INFO  ozone.HddsDatanodeService (HddsDatanodeService.java:start(324)) - Datanode start with admins: [runner]
2023-11-20 14:17:25,574 [main] INFO  ozone.HddsDatanodeClientProtocolServer (HddsDatanodeClientProtocolServer.java:start(72)) - RPC server for Client /0.0.0.0:15081
2023-11-20 14:17:25,574 [IPC Server Responder] INFO  ipc.Server (Server.java:run(1562)) - IPC Server Responder: starting
2023-11-20 14:17:25,574 [IPC Server listener on 15081] INFO  ipc.Server (Server.java:run(1402)) - IPC Server listener on 15081: starting
2023-11-20 14:17:25,575 [c8e369c4-4c6c-4030-b1f6-34ff4305fcfc-DatanodeStateMachineDaemonThread] INFO  statemachine.DatanodeStateMachine (DatanodeStateMachine.java:lambda$startDaemon$1(555)) - Ozone container server started.
2023-11-20 14:17:25,575 [main] WARN  impl.MetricRegistriesImpl (MetricRegistriesImpl.java:addReporterRegistration(111)) - New reporters are added after registries were created. Some metrics will be missing from the reporter. Please add reporter before adding any new registry.
2023-11-20 14:17:25,576 [main] WARN  impl.MetricRegistriesImpl (MetricRegistriesImpl.java:addReporterRegistration(111)) - New reporters are added after registries were created. Some metrics will be missing from the reporter. Please add reporter before adding any new registry.
2023-11-20 14:17:25,576 [main] INFO  impl.MetricsSystemImpl (MetricsSystemImpl.java:init(158)) - HddsDatanode metrics system started (again)
2023-11-20 14:17:25,581 [c8e369c4-4c6c-4030-b1f6-34ff4305fcfc-DatanodeStateMachineTaskThread-0] INFO  datanode.InitDatanodeState (InitDatanodeState.java:persistContainerDatanodeDetails(139)) - DatanodeDetails is persisted to /home/runner/work/ozone/ozone/hadoop-ozone/integration-test/target/test-dir/MiniOzoneClusterImpl-c3dbe4e6-ad2a-443e-bb3b-bc3016376942/datanode-2/meta/datanode.id
2023-11-20 14:17:25,587 [main] INFO  ozone.HddsDatanodeService (HddsDatanodeService.java:start(239)) - HddsDatanodeService host:fv-az1500-317.a2vfemv3ef5etcjjw3rviercvg.cx.internal.cloudapp.net ip:10.1.0.10
2023-11-20 14:17:25,600 [main] INFO  upgrade.AbstractLayoutVersionManager (AbstractLayoutVersionManager.java:init(83)) - Initializing Layout version manager with metadata layout = HADOOP_PRC_PORTS_IN_DATANODEDETAILS (version = 7), software layout = HADOOP_PRC_PORTS_IN_DATANODEDETAILS (version = 7)
2023-11-20 14:17:25,600 [main] INFO  statemachine.DatanodeStateMachine (DatanodeStateMachine.java:getEndPointTaskThreadPoolSize(299)) - Datanode State Machine Task Thread Pool size 2
2023-11-20 14:17:25,601 [main] INFO  volume.HddsVolume (HddsVolume.java:<init>(126)) - Creating HddsVolume: /home/runner/work/ozone/ozone/hadoop-ozone/integration-test/target/test-dir/MiniOzoneClusterImpl-c3dbe4e6-ad2a-443e-bb3b-bc3016376942/datanode-3/data-0/containers/hdds of storage type : DISK capacity : 9223372036854775807
2023-11-20 14:17:25,601 [main] INFO  volume.MutableVolumeSet (MutableVolumeSet.java:initializeVolumeSet(173)) - Added Volume : /home/runner/work/ozone/ozone/hadoop-ozone/integration-test/target/test-dir/MiniOzoneClusterImpl-c3dbe4e6-ad2a-443e-bb3b-bc3016376942/datanode-3/data-0/containers/hdds to VolumeSet
2023-11-20 14:17:25,602 [main] INFO  volume.MutableVolumeSet (MutableVolumeSet.java:initializeVolumeSet(173)) - Added Volume : /home/runner/work/ozone/ozone/hadoop-ozone/integration-test/target/test-dir/MiniOzoneClusterImpl-c3dbe4e6-ad2a-443e-bb3b-bc3016376942/datanode-3/data/ratis to VolumeSet
2023-11-20 14:17:25,602 [main] INFO  ozoneimpl.OzoneContainer (HddsVolumeUtil.java:loadAllHddsVolumeDbStore(103)) - Load 1 volumes DbStore cost: 0ms
2023-11-20 14:17:25,602 [a4a2c43d-89de-4e22-8bcd-4dcd11c36e95-ContainerReader-0] INFO  ozoneimpl.ContainerReader (ContainerReader.java:readVolume(177)) - Finish verifying containers on volume /home/runner/work/ozone/ozone/hadoop-ozone/integration-test/target/test-dir/MiniOzoneClusterImpl-c3dbe4e6-ad2a-443e-bb3b-bc3016376942/datanode-3/data-0/containers/hdds
2023-11-20 14:17:25,602 [main] INFO  ozoneimpl.OzoneContainer (OzoneContainer.java:buildContainerSet(326)) - Build ContainerSet costs 0s
2023-11-20 14:17:25,604 [main] INFO  server.RaftServer (ConfUtils.java:logGet(46)) - raft.rpc.type = GRPC (default)
2023-11-20 14:17:25,604 [main] INFO  grpc.GrpcConfigKeys (ConfUtils.java:logFallback(53)) - raft.grpc.admin.host = null (fallback to raft.grpc.server.host)
2023-11-20 14:17:25,605 [main] INFO  grpc.GrpcConfigKeys (ConfUtils.java:logGet(46)) - raft.grpc.admin.port = 15093 (custom)
2023-11-20 14:17:25,605 [main] INFO  grpc.GrpcConfigKeys (ConfUtils.java:logFallback(53)) - raft.grpc.client.host = null (fallback to raft.grpc.server.host)
2023-11-20 14:17:25,605 [main] INFO  grpc.GrpcConfigKeys (ConfUtils.java:logGet(46)) - raft.grpc.client.port = 15092 (custom)
2023-11-20 14:17:25,605 [main] INFO  grpc.GrpcConfigKeys (ConfUtils.java:logGet(46)) - raft.grpc.server.host = null (default)
2023-11-20 14:17:25,605 [main] INFO  grpc.GrpcConfigKeys (ConfUtils.java:logGet(46)) - raft.grpc.server.port = 15094 (custom)
2023-11-20 14:17:25,605 [main] INFO  server.GrpcService (ConfUtils.java:logGet(46)) - raft.grpc.message.size.max = 32MB (=33554432) (custom)
2023-11-20 14:17:25,605 [main] INFO  server.RaftServerConfigKeys (ConfUtils.java:logGet(46)) - raft.server.log.appender.buffer.byte-limit = 33554432 (custom)
2023-11-20 14:17:25,605 [main] INFO  server.GrpcService (ConfUtils.java:logGet(46)) - raft.grpc.flow.control.window = 5MB (=5242880) (custom)
2023-11-20 14:17:25,605 [main] INFO  server.RaftServerConfigKeys (ConfUtils.java:logGet(46)) - raft.server.rpc.request.timeout = 60s (custom)
2023-11-20 14:17:25,605 [main] INFO  grpc.GrpcConfigKeys (ConfUtils.java:logGet(46)) - raft.grpc.server.heartbeat.channel = true (default)
2023-11-20 14:17:25,605 [main] INFO  grpc.GrpcConfigKeys (ConfUtils.java:logGet(46)) - raft.grpc.server.async.request.thread.pool.cached = true (default)
2023-11-20 14:17:25,605 [main] INFO  grpc.GrpcConfigKeys (ConfUtils.java:logGet(46)) - raft.grpc.server.async.request.thread.pool.size = 32 (default)
2023-11-20 14:17:25,607 [main] INFO  impl.DataStreamServerImpl (ConfUtils.java:logGet(46)) - raft.datastream.type = NETTY (custom)
2023-11-20 14:17:25,607 [main] INFO  server.RaftServerConfigKeys (ConfUtils.java:logGet(46)) - raft.server.data-stream.async.request.thread.pool.cached = false (default)
2023-11-20 14:17:25,607 [main] INFO  server.RaftServerConfigKeys (ConfUtils.java:logGet(46)) - raft.server.data-stream.async.request.thread.pool.size = 20 (custom)
2023-11-20 14:17:25,607 [main] INFO  server.RaftServerConfigKeys (ConfUtils.java:logGet(46)) - raft.server.data-stream.async.write.thread.pool.size = 16 (default)
2023-11-20 14:17:25,608 [main] INFO  server.RaftServerConfigKeys (ConfUtils.java:logGet(46)) - raft.server.data-stream.client.pool.size = 10 (default)
2023-11-20 14:17:25,608 [main] INFO  netty.NettyConfigKeys$DataStream (ConfUtils.java:logGet(46)) - raft.netty.dataStream.server.use-epoll = false (default)
2023-11-20 14:17:25,608 [main] INFO  netty.NettyConfigKeys$DataStream (ConfUtils.java:logGet(46)) - raft.netty.dataStream.server.boss-group.size = 0 (default)
2023-11-20 14:17:25,608 [main] INFO  netty.NettyConfigKeys$DataStream (ConfUtils.java:logGet(46)) - raft.netty.dataStream.server.worker-group.size = 0 (default)
2023-11-20 14:17:25,608 [main] INFO  netty.NettyConfigKeys$DataStream (ConfUtils.java:logGet(46)) - raft.netty.dataStream.server.tls.conf = null (default)
2023-11-20 14:17:25,609 [main] INFO  netty.NettyConfigKeys$DataStream (ConfUtils.java:logGet(46)) - raft.netty.dataStream.host = null (default)
2023-11-20 14:17:25,609 [main] INFO  netty.NettyConfigKeys$DataStream (ConfUtils.java:logGet(46)) - raft.netty.dataStream.port = 15095 (custom)
2023-11-20 14:17:25,612 [main] INFO  server.RaftServerConfigKeys (ConfUtils.java:logGet(46)) - raft.server.threadpool.proxy.cached = true (default)
2023-11-20 14:17:25,612 [main] INFO  server.RaftServerConfigKeys (ConfUtils.java:logGet(46)) - raft.server.threadpool.proxy.size = 0 (default)
2023-11-20 14:17:25,612 [a4a2c43d-89de-4e22-8bcd-4dcd11c36e95-NettyServerStreamRpc-bossGroup--thread1] INFO  logging.LoggingHandler (AbstractInternalLogger.java:log(148)) - [id: 0xd74ef589] REGISTERED
2023-11-20 14:17:25,612 [main] INFO  server.RaftServerConfigKeys (ConfUtils.java:logGet(46)) - raft.server.rpc.slowness.timeout = 300s (custom)
2023-11-20 14:17:25,612 [a4a2c43d-89de-4e22-8bcd-4dcd11c36e95-NettyServerStreamRpc-bossGroup--thread1] INFO  logging.LoggingHandler (AbstractInternalLogger.java:log(148)) - [id: 0xd74ef589] BIND: 0.0.0.0/0.0.0.0:15095
2023-11-20 14:17:25,613 [main] INFO  server.RaftServerConfigKeys (ConfUtils.java:logGet(46)) - raft.server.leaderelection.leader.step-down.wait-time = 10s (default)
2023-11-20 14:17:25,613 [a4a2c43d-89de-4e22-8bcd-4dcd11c36e95-NettyServerStreamRpc-bossGroup--thread1] INFO  logging.LoggingHandler (AbstractInternalLogger.java:log(148)) - [id: 0xd74ef589, L:/0:0:0:0:0:0:0:0:15095] ACTIVE
2023-11-20 14:17:25,614 [main] INFO  server.RaftServerConfigKeys (ConfUtils.java:logGet(46)) - raft.server.storage.dir = [/home/runner/work/ozone/ozone/hadoop-ozone/integration-test/target/test-dir/MiniOzoneClusterImpl-c3dbe4e6-ad2a-443e-bb3b-bc3016376942/datanode-3/data/ratis] (custom)
2023-11-20 14:17:25,614 [a4a2c43d-89de-4e22-8bcd-4dcd11c36e95-impl-thread1] INFO  server.RaftServer (RaftServerProxy.java:initGroupDir(258)) - a4a2c43d-89de-4e22-8bcd-4dcd11c36e95: found a subdirectory /home/runner/work/ozone/ozone/hadoop-ozone/integration-test/target/test-dir/MiniOzoneClusterImpl-c3dbe4e6-ad2a-443e-bb3b-bc3016376942/datanode-3/data/ratis/tmp
2023-11-20 14:17:25,614 [a4a2c43d-89de-4e22-8bcd-4dcd11c36e95-impl-thread1] INFO  server.RaftServer (RaftServerProxy.java:initGroupDir(263)) - a4a2c43d-89de-4e22-8bcd-4dcd11c36e95: The directory /home/runner/work/ozone/ozone/hadoop-ozone/integration-test/target/test-dir/MiniOzoneClusterImpl-c3dbe4e6-ad2a-443e-bb3b-bc3016376942/datanode-3/data/ratis/tmp is not a group directory; ignoring it. 
2023-11-20 14:17:25,614 [main] INFO  replication.ReplicationServer (ReplicationServer.java:<init>(85)) - Initializing replication server with thread count = 10 queue length = 4096
2023-11-20 14:17:25,615 [main] INFO  server.XceiverServerGrpc (XceiverServerGrpc.java:<init>(135)) - GrpcServer channel type EpollServerSocketChannel
2023-11-20 14:17:25,616 [main] INFO  replication.ReplicationSupervisor (ReplicationSupervisor.java:build(163)) - Initializing replication supervisor with thread count = 10
2023-11-20 14:17:25,617 [main] INFO  replication.ReplicationSupervisor (ReplicationSupervisor.java:nodeStateUpdated(317)) - Node state updated to IN_SERVICE, scaling executor pool size to 10
2023-11-20 14:17:25,618 [main] INFO  http.BaseHttpServer (BaseHttpServer.java:newHttpServer2BuilderForOzone(223)) - Starting Web-server for hddsDatanode at: http://0.0.0.0:15089
2023-11-20 14:17:25,619 [main] INFO  http.BaseHttpServer (BaseHttpServer.java:<init>(110)) - Hadoop Security Enabled: false Ozone Security Enabled: false Ozone HTTP Security Enabled: false 
2023-11-20 14:17:25,620 [main] WARN  server.AuthenticationFilter (AuthenticationFilter.java:constructSecretProvider(240)) - Unable to initialize FileSignerSecretProvider, falling back to use random secrets. Reason: Could not read signature secret file: /home/runner/hadoop-http-auth-signature-secret
2023-11-20 14:17:25,620 [main] INFO  http.HttpRequestLog (HttpRequestLog.java:getRequestLog(86)) - Http request log for http.requests.hddsDatanode is not defined
2023-11-20 14:17:25,621 [main] INFO  http.HttpServer2 (HttpServer2.java:addGlobalFilter(1031)) - Added global filter 'safety' (class=org.apache.hadoop.hdds.server.http.HttpServer2$QuotingInputFilter)
2023-11-20 14:17:25,622 [main] INFO  http.HttpServer2 (HttpServer2.java:addFilter(1007)) - Added filter static_user_filter (class=org.apache.hadoop.http.lib.StaticUserWebFilter$StaticUserFilter) to context hddsDatanode
2023-11-20 14:17:25,622 [main] INFO  http.HttpServer2 (HttpServer2.java:addFilter(1015)) - Added filter static_user_filter (class=org.apache.hadoop.http.lib.StaticUserWebFilter$StaticUserFilter) to context logs
2023-11-20 14:17:25,622 [main] INFO  http.HttpServer2 (HttpServer2.java:addFilter(1015)) - Added filter static_user_filter (class=org.apache.hadoop.http.lib.StaticUserWebFilter$StaticUserFilter) to context static
2023-11-20 14:17:25,623 [main] INFO  http.BaseHttpServer (BaseHttpServer.java:<init>(189)) - HTTP server of hddsDatanode uses base directory /home/runner/work/ozone/ozone/hadoop-ozone/integration-test/target/test-dir/MiniOzoneClusterImpl-c3dbe4e6-ad2a-443e-bb3b-bc3016376942/datanode-3/meta/webserver
2023-11-20 14:17:25,623 [main] INFO  http.HttpServer2 (HttpServer2.java:bindListener(1231)) - Jetty bound to port 15089
2023-11-20 14:17:25,623 [main] INFO  server.Server (Server.java:doStart(375)) - jetty-9.4.53.v20231009; built: 2023-10-09T12:29:09.265Z; git: 27bde00a0b95a1d5bbee0eae7984f891d2d0f8c9; jvm 1.8.0_392-b08
2023-11-20 14:17:25,624 [main] INFO  server.session (DefaultSessionIdManager.java:doStart(334)) - DefaultSessionIdManager workerName=node0
2023-11-20 14:17:25,624 [main] INFO  server.session (DefaultSessionIdManager.java:doStart(339)) - No SessionScavenger set, using defaults
2023-11-20 14:17:25,624 [main] INFO  server.session (HouseKeeper.java:startScavenging(132)) - node0 Scavenging every 660000ms
2023-11-20 14:17:25,625 [main] INFO  handler.ContextHandler (ContextHandler.java:doStart(921)) - Started o.e.j.s.ServletContextHandler@3a6bf749{logs,/logs,file:///home/runner/work/ozone/ozone/hadoop-ozone/integration-test/target/log,AVAILABLE}
2023-11-20 14:17:25,625 [main] INFO  handler.ContextHandler (ContextHandler.java:doStart(921)) - Started o.e.j.s.ServletContextHandler@4dec78bf{static,/static,jar:file:/home/runner/.m2/repository/org/apache/ozone/hdds-container-service/1.4.0-SNAPSHOT/hdds-container-service-1.4.0-SNAPSHOT.jar!/webapps/static,AVAILABLE}
2023-11-20 14:17:25,657 [main] INFO  handler.ContextHandler (ContextHandler.java:doStart(921)) - Started o.e.j.w.WebAppContext@69e2749d{hddsDatanode,/,file:///home/runner/work/ozone/ozone/hadoop-ozone/integration-test/target/test-dir/MiniOzoneClusterImpl-c3dbe4e6-ad2a-443e-bb3b-bc3016376942/datanode-3/meta/webserver/jetty-0_0_0_0-15089-hdds-container-service-1_4_0-SNAPSHOT_jar-_-any-5988087039218746559/webapp/,AVAILABLE}{jar:file:/home/runner/.m2/repository/org/apache/ozone/hdds-container-service/1.4.0-SNAPSHOT/hdds-container-service-1.4.0-SNAPSHOT.jar!/webapps/hddsDatanode}
2023-11-20 14:17:25,658 [main] INFO  server.AbstractConnector (AbstractConnector.java:doStart(333)) - Started ServerConnector@2a3a6fba{HTTP/1.1, (http/1.1)}{0.0.0.0:15089}
2023-11-20 14:17:25,658 [main] INFO  server.Server (Server.java:doStart(415)) - Started @35204ms
2023-11-20 14:17:25,658 [main] WARN  impl.MetricsSystemImpl (MetricsSystemImpl.java:register(279)) - Sink prometheus already exists!
2023-11-20 14:17:25,659 [main] INFO  http.BaseHttpServer (BaseHttpServer.java:updateConnectorAddress(354)) - HTTP server of hddsDatanode listening at http://0.0.0.0:15089
2023-11-20 14:17:25,659 [main] INFO  ipc.CallQueueManager (CallQueueManager.java:<init>(90)) - Using callQueue: class java.util.concurrent.LinkedBlockingQueue, queueCapacity: 100, scheduler: class org.apache.hadoop.ipc.DefaultRpcScheduler, ipcBackoff: false.
2023-11-20 14:17:25,659 [main] INFO  ipc.Server (Server.java:<init>(1287)) - Listener at 0.0.0.0:15090
2023-11-20 14:17:25,659 [Socket Reader #1 for port 15090] INFO  ipc.Server (Server.java:run(1323)) - Starting Socket Reader #1 for port 15090
2023-11-20 14:17:25,661 [main] INFO  ozone.HddsDatanodeService (HddsDatanodeService.java:start(324)) - Datanode start with admins: [runner]
2023-11-20 14:17:25,662 [main] INFO  ozone.HddsDatanodeClientProtocolServer (HddsDatanodeClientProtocolServer.java:start(72)) - RPC server for Client /0.0.0.0:15090
2023-11-20 14:17:25,662 [IPC Server Responder] INFO  ipc.Server (Server.java:run(1562)) - IPC Server Responder: starting
2023-11-20 14:17:25,662 [IPC Server listener on 15090] INFO  ipc.Server (Server.java:run(1402)) - IPC Server listener on 15090: starting
2023-11-20 14:17:25,663 [a4a2c43d-89de-4e22-8bcd-4dcd11c36e95-DatanodeStateMachineDaemonThread] INFO  statemachine.DatanodeStateMachine (DatanodeStateMachine.java:lambda$startDaemon$1(555)) - Ozone container server started.
2023-11-20 14:17:25,663 [main] WARN  impl.MetricRegistriesImpl (MetricRegistriesImpl.java:addReporterRegistration(111)) - New reporters are added after registries were created. Some metrics will be missing from the reporter. Please add reporter before adding any new registry.
2023-11-20 14:17:25,663 [main] WARN  impl.MetricRegistriesImpl (MetricRegistriesImpl.java:addReporterRegistration(111)) - New reporters are added after registries were created. Some metrics will be missing from the reporter. Please add reporter before adding any new registry.
2023-11-20 14:17:25,663 [main] INFO  impl.MetricsSystemImpl (MetricsSystemImpl.java:init(158)) - HddsDatanode metrics system started (again)
2023-11-20 14:17:25,665 [a4a2c43d-89de-4e22-8bcd-4dcd11c36e95-DatanodeStateMachineTaskThread-0] INFO  datanode.InitDatanodeState (InitDatanodeState.java:persistContainerDatanodeDetails(139)) - DatanodeDetails is persisted to /home/runner/work/ozone/ozone/hadoop-ozone/integration-test/target/test-dir/MiniOzoneClusterImpl-c3dbe4e6-ad2a-443e-bb3b-bc3016376942/datanode-3/meta/datanode.id
2023-11-20 14:17:25,672 [main] INFO  ozone.HddsDatanodeService (HddsDatanodeService.java:start(239)) - HddsDatanodeService host:fv-az1500-317.a2vfemv3ef5etcjjw3rviercvg.cx.internal.cloudapp.net ip:10.1.0.10
2023-11-20 14:17:25,686 [main] INFO  upgrade.AbstractLayoutVersionManager (AbstractLayoutVersionManager.java:init(83)) - Initializing Layout version manager with metadata layout = HADOOP_PRC_PORTS_IN_DATANODEDETAILS (version = 7), software layout = HADOOP_PRC_PORTS_IN_DATANODEDETAILS (version = 7)
2023-11-20 14:17:25,687 [main] INFO  statemachine.DatanodeStateMachine (DatanodeStateMachine.java:getEndPointTaskThreadPoolSize(299)) - Datanode State Machine Task Thread Pool size 2
2023-11-20 14:17:25,688 [main] INFO  volume.HddsVolume (HddsVolume.java:<init>(126)) - Creating HddsVolume: /home/runner/work/ozone/ozone/hadoop-ozone/integration-test/target/test-dir/MiniOzoneClusterImpl-c3dbe4e6-ad2a-443e-bb3b-bc3016376942/datanode-4/data-0/containers/hdds of storage type : DISK capacity : 9223372036854775807
2023-11-20 14:17:25,688 [main] INFO  volume.MutableVolumeSet (MutableVolumeSet.java:initializeVolumeSet(173)) - Added Volume : /home/runner/work/ozone/ozone/hadoop-ozone/integration-test/target/test-dir/MiniOzoneClusterImpl-c3dbe4e6-ad2a-443e-bb3b-bc3016376942/datanode-4/data-0/containers/hdds to VolumeSet
2023-11-20 14:17:25,689 [main] INFO  volume.MutableVolumeSet (MutableVolumeSet.java:initializeVolumeSet(173)) - Added Volume : /home/runner/work/ozone/ozone/hadoop-ozone/integration-test/target/test-dir/MiniOzoneClusterImpl-c3dbe4e6-ad2a-443e-bb3b-bc3016376942/datanode-4/data/ratis to VolumeSet
2023-11-20 14:17:25,689 [main] INFO  ozoneimpl.OzoneContainer (HddsVolumeUtil.java:loadAllHddsVolumeDbStore(103)) - Load 1 volumes DbStore cost: 0ms
2023-11-20 14:17:25,689 [5f312036-1abf-429a-aae6-fa5b52f7bc5c-ContainerReader-0] INFO  ozoneimpl.ContainerReader (ContainerReader.java:readVolume(177)) - Finish verifying containers on volume /home/runner/work/ozone/ozone/hadoop-ozone/integration-test/target/test-dir/MiniOzoneClusterImpl-c3dbe4e6-ad2a-443e-bb3b-bc3016376942/datanode-4/data-0/containers/hdds
2023-11-20 14:17:25,690 [main] INFO  ozoneimpl.OzoneContainer (OzoneContainer.java:buildContainerSet(326)) - Build ContainerSet costs 0s
2023-11-20 14:17:25,692 [main] INFO  server.RaftServer (ConfUtils.java:logGet(46)) - raft.rpc.type = GRPC (default)
2023-11-20 14:17:25,692 [main] INFO  grpc.GrpcConfigKeys (ConfUtils.java:logFallback(53)) - raft.grpc.admin.host = null (fallback to raft.grpc.server.host)
2023-11-20 14:17:25,692 [main] INFO  grpc.GrpcConfigKeys (ConfUtils.java:logGet(46)) - raft.grpc.admin.port = 15102 (custom)
2023-11-20 14:17:25,692 [main] INFO  grpc.GrpcConfigKeys (ConfUtils.java:logFallback(53)) - raft.grpc.client.host = null (fallback to raft.grpc.server.host)
2023-11-20 14:17:25,692 [main] INFO  grpc.GrpcConfigKeys (ConfUtils.java:logGet(46)) - raft.grpc.client.port = 15101 (custom)
2023-11-20 14:17:25,693 [main] INFO  grpc.GrpcConfigKeys (ConfUtils.java:logGet(46)) - raft.grpc.server.host = null (default)
2023-11-20 14:17:25,693 [main] INFO  grpc.GrpcConfigKeys (ConfUtils.java:logGet(46)) - raft.grpc.server.port = 15103 (custom)
2023-11-20 14:17:25,693 [main] INFO  server.GrpcService (ConfUtils.java:logGet(46)) - raft.grpc.message.size.max = 32MB (=33554432) (custom)
2023-11-20 14:17:25,693 [main] INFO  server.RaftServerConfigKeys (ConfUtils.java:logGet(46)) - raft.server.log.appender.buffer.byte-limit = 33554432 (custom)
2023-11-20 14:17:25,693 [main] INFO  server.GrpcService (ConfUtils.java:logGet(46)) - raft.grpc.flow.control.window = 5MB (=5242880) (custom)
2023-11-20 14:17:25,693 [main] INFO  server.RaftServerConfigKeys (ConfUtils.java:logGet(46)) - raft.server.rpc.request.timeout = 60s (custom)
2023-11-20 14:17:25,693 [main] INFO  grpc.GrpcConfigKeys (ConfUtils.java:logGet(46)) - raft.grpc.server.heartbeat.channel = true (default)
2023-11-20 14:17:25,694 [main] INFO  grpc.GrpcConfigKeys (ConfUtils.java:logGet(46)) - raft.grpc.server.async.request.thread.pool.cached = true (default)
2023-11-20 14:17:25,694 [main] INFO  grpc.GrpcConfigKeys (ConfUtils.java:logGet(46)) - raft.grpc.server.async.request.thread.pool.size = 32 (default)
2023-11-20 14:17:25,696 [main] INFO  impl.DataStreamServerImpl (ConfUtils.java:logGet(46)) - raft.datastream.type = NETTY (custom)
2023-11-20 14:17:25,696 [main] INFO  server.RaftServerConfigKeys (ConfUtils.java:logGet(46)) - raft.server.data-stream.async.request.thread.pool.cached = false (default)
2023-11-20 14:17:25,696 [main] INFO  server.RaftServerConfigKeys (ConfUtils.java:logGet(46)) - raft.server.data-stream.async.request.thread.pool.size = 20 (custom)
2023-11-20 14:17:25,696 [main] INFO  server.RaftServerConfigKeys (ConfUtils.java:logGet(46)) - raft.server.data-stream.async.write.thread.pool.size = 16 (default)
2023-11-20 14:17:25,696 [main] INFO  server.RaftServerConfigKeys (ConfUtils.java:logGet(46)) - raft.server.data-stream.client.pool.size = 10 (default)
2023-11-20 14:17:25,697 [main] INFO  netty.NettyConfigKeys$DataStream (ConfUtils.java:logGet(46)) - raft.netty.dataStream.server.use-epoll = false (default)
2023-11-20 14:17:25,697 [main] INFO  netty.NettyConfigKeys$DataStream (ConfUtils.java:logGet(46)) - raft.netty.dataStream.server.boss-group.size = 0 (default)
2023-11-20 14:17:25,697 [main] INFO  netty.NettyConfigKeys$DataStream (ConfUtils.java:logGet(46)) - raft.netty.dataStream.server.worker-group.size = 0 (default)
2023-11-20 14:17:25,697 [main] INFO  netty.NettyConfigKeys$DataStream (ConfUtils.java:logGet(46)) - raft.netty.dataStream.server.tls.conf = null (default)
2023-11-20 14:17:25,697 [main] INFO  netty.NettyConfigKeys$DataStream (ConfUtils.java:logGet(46)) - raft.netty.dataStream.host = null (default)
2023-11-20 14:17:25,697 [main] INFO  netty.NettyConfigKeys$DataStream (ConfUtils.java:logGet(46)) - raft.netty.dataStream.port = 15104 (custom)
2023-11-20 14:17:25,698 [main] INFO  server.RaftServerConfigKeys (ConfUtils.java:logGet(46)) - raft.server.threadpool.proxy.cached = true (default)
2023-11-20 14:17:25,698 [main] INFO  server.RaftServerConfigKeys (ConfUtils.java:logGet(46)) - raft.server.threadpool.proxy.size = 0 (default)
2023-11-20 14:17:25,698 [5f312036-1abf-429a-aae6-fa5b52f7bc5c-NettyServerStreamRpc-bossGroup--thread1] INFO  logging.LoggingHandler (AbstractInternalLogger.java:log(148)) - [id: 0x8f4c57ed] REGISTERED
2023-11-20 14:17:25,698 [main] INFO  server.RaftServerConfigKeys (ConfUtils.java:logGet(46)) - raft.server.rpc.slowness.timeout = 300s (custom)
2023-11-20 14:17:25,698 [5f312036-1abf-429a-aae6-fa5b52f7bc5c-NettyServerStreamRpc-bossGroup--thread1] INFO  logging.LoggingHandler (AbstractInternalLogger.java:log(148)) - [id: 0x8f4c57ed] BIND: 0.0.0.0/0.0.0.0:15104
2023-11-20 14:17:25,698 [main] INFO  server.RaftServerConfigKeys (ConfUtils.java:logGet(46)) - raft.server.leaderelection.leader.step-down.wait-time = 10s (default)
2023-11-20 14:17:25,698 [5f312036-1abf-429a-aae6-fa5b52f7bc5c-NettyServerStreamRpc-bossGroup--thread1] INFO  logging.LoggingHandler (AbstractInternalLogger.java:log(148)) - [id: 0x8f4c57ed, L:/0:0:0:0:0:0:0:0:15104] ACTIVE
2023-11-20 14:17:25,699 [main] INFO  server.RaftServerConfigKeys (ConfUtils.java:logGet(46)) - raft.server.storage.dir = [/home/runner/work/ozone/ozone/hadoop-ozone/integration-test/target/test-dir/MiniOzoneClusterImpl-c3dbe4e6-ad2a-443e-bb3b-bc3016376942/datanode-4/data/ratis] (custom)
2023-11-20 14:17:25,699 [5f312036-1abf-429a-aae6-fa5b52f7bc5c-impl-thread1] INFO  server.RaftServer (RaftServerProxy.java:initGroupDir(258)) - 5f312036-1abf-429a-aae6-fa5b52f7bc5c: found a subdirectory /home/runner/work/ozone/ozone/hadoop-ozone/integration-test/target/test-dir/MiniOzoneClusterImpl-c3dbe4e6-ad2a-443e-bb3b-bc3016376942/datanode-4/data/ratis/tmp
2023-11-20 14:17:25,699 [5f312036-1abf-429a-aae6-fa5b52f7bc5c-impl-thread1] INFO  server.RaftServer (RaftServerProxy.java:initGroupDir(263)) - 5f312036-1abf-429a-aae6-fa5b52f7bc5c: The directory /home/runner/work/ozone/ozone/hadoop-ozone/integration-test/target/test-dir/MiniOzoneClusterImpl-c3dbe4e6-ad2a-443e-bb3b-bc3016376942/datanode-4/data/ratis/tmp is not a group directory; ignoring it. 
2023-11-20 14:17:25,699 [main] INFO  replication.ReplicationServer (ReplicationServer.java:<init>(85)) - Initializing replication server with thread count = 10 queue length = 4096
2023-11-20 14:17:25,700 [main] INFO  server.XceiverServerGrpc (XceiverServerGrpc.java:<init>(135)) - GrpcServer channel type EpollServerSocketChannel
2023-11-20 14:17:25,701 [main] INFO  replication.ReplicationSupervisor (ReplicationSupervisor.java:build(163)) - Initializing replication supervisor with thread count = 10
2023-11-20 14:17:25,701 [main] INFO  replication.ReplicationSupervisor (ReplicationSupervisor.java:nodeStateUpdated(317)) - Node state updated to IN_SERVICE, scaling executor pool size to 10
2023-11-20 14:17:25,703 [main] INFO  http.BaseHttpServer (BaseHttpServer.java:newHttpServer2BuilderForOzone(223)) - Starting Web-server for hddsDatanode at: http://0.0.0.0:15098
2023-11-20 14:17:25,703 [main] INFO  http.BaseHttpServer (BaseHttpServer.java:<init>(110)) - Hadoop Security Enabled: false Ozone Security Enabled: false Ozone HTTP Security Enabled: false 
2023-11-20 14:17:25,704 [main] WARN  server.AuthenticationFilter (AuthenticationFilter.java:constructSecretProvider(240)) - Unable to initialize FileSignerSecretProvider, falling back to use random secrets. Reason: Could not read signature secret file: /home/runner/hadoop-http-auth-signature-secret
2023-11-20 14:17:25,705 [main] INFO  http.HttpRequestLog (HttpRequestLog.java:getRequestLog(86)) - Http request log for http.requests.hddsDatanode is not defined
2023-11-20 14:17:25,706 [main] INFO  http.HttpServer2 (HttpServer2.java:addGlobalFilter(1031)) - Added global filter 'safety' (class=org.apache.hadoop.hdds.server.http.HttpServer2$QuotingInputFilter)
2023-11-20 14:17:25,707 [main] INFO  http.HttpServer2 (HttpServer2.java:addFilter(1007)) - Added filter static_user_filter (class=org.apache.hadoop.http.lib.StaticUserWebFilter$StaticUserFilter) to context hddsDatanode
2023-11-20 14:17:25,707 [main] INFO  http.HttpServer2 (HttpServer2.java:addFilter(1015)) - Added filter static_user_filter (class=org.apache.hadoop.http.lib.StaticUserWebFilter$StaticUserFilter) to context logs
2023-11-20 14:17:25,707 [main] INFO  http.HttpServer2 (HttpServer2.java:addFilter(1015)) - Added filter static_user_filter (class=org.apache.hadoop.http.lib.StaticUserWebFilter$StaticUserFilter) to context static
2023-11-20 14:17:25,707 [main] INFO  http.BaseHttpServer (BaseHttpServer.java:<init>(189)) - HTTP server of hddsDatanode uses base directory /home/runner/work/ozone/ozone/hadoop-ozone/integration-test/target/test-dir/MiniOzoneClusterImpl-c3dbe4e6-ad2a-443e-bb3b-bc3016376942/datanode-4/meta/webserver
2023-11-20 14:17:25,708 [main] INFO  http.HttpServer2 (HttpServer2.java:bindListener(1231)) - Jetty bound to port 15098
2023-11-20 14:17:25,708 [main] INFO  server.Server (Server.java:doStart(375)) - jetty-9.4.53.v20231009; built: 2023-10-09T12:29:09.265Z; git: 27bde00a0b95a1d5bbee0eae7984f891d2d0f8c9; jvm 1.8.0_392-b08
2023-11-20 14:17:25,716 [main] INFO  server.session (DefaultSessionIdManager.java:doStart(334)) - DefaultSessionIdManager workerName=node0
2023-11-20 14:17:25,716 [main] INFO  server.session (DefaultSessionIdManager.java:doStart(339)) - No SessionScavenger set, using defaults
2023-11-20 14:17:25,716 [main] INFO  server.session (HouseKeeper.java:startScavenging(132)) - node0 Scavenging every 660000ms
2023-11-20 14:17:25,717 [main] INFO  handler.ContextHandler (ContextHandler.java:doStart(921)) - Started o.e.j.s.ServletContextHandler@100a9240{logs,/logs,file:///home/runner/work/ozone/ozone/hadoop-ozone/integration-test/target/log,AVAILABLE}
2023-11-20 14:17:25,717 [main] INFO  handler.ContextHandler (ContextHandler.java:doStart(921)) - Started o.e.j.s.ServletContextHandler@56db1b05{static,/static,jar:file:/home/runner/.m2/repository/org/apache/ozone/hdds-container-service/1.4.0-SNAPSHOT/hdds-container-service-1.4.0-SNAPSHOT.jar!/webapps/static,AVAILABLE}
2023-11-20 14:17:25,749 [main] INFO  handler.ContextHandler (ContextHandler.java:doStart(921)) - Started o.e.j.w.WebAppContext@1c195aaa{hddsDatanode,/,file:///home/runner/work/ozone/ozone/hadoop-ozone/integration-test/target/test-dir/MiniOzoneClusterImpl-c3dbe4e6-ad2a-443e-bb3b-bc3016376942/datanode-4/meta/webserver/jetty-0_0_0_0-15098-hdds-container-service-1_4_0-SNAPSHOT_jar-_-any-6989604811041779393/webapp/,AVAILABLE}{jar:file:/home/runner/.m2/repository/org/apache/ozone/hdds-container-service/1.4.0-SNAPSHOT/hdds-container-service-1.4.0-SNAPSHOT.jar!/webapps/hddsDatanode}
2023-11-20 14:17:25,751 [main] INFO  server.AbstractConnector (AbstractConnector.java:doStart(333)) - Started ServerConnector@38635eae{HTTP/1.1, (http/1.1)}{0.0.0.0:15098}
2023-11-20 14:17:25,751 [main] INFO  server.Server (Server.java:doStart(415)) - Started @35297ms
2023-11-20 14:17:25,751 [main] WARN  impl.MetricsSystemImpl (MetricsSystemImpl.java:register(279)) - Sink prometheus already exists!
2023-11-20 14:17:25,751 [main] INFO  http.BaseHttpServer (BaseHttpServer.java:updateConnectorAddress(354)) - HTTP server of hddsDatanode listening at http://0.0.0.0:15098
2023-11-20 14:17:25,752 [main] INFO  ipc.CallQueueManager (CallQueueManager.java:<init>(90)) - Using callQueue: class java.util.concurrent.LinkedBlockingQueue, queueCapacity: 100, scheduler: class org.apache.hadoop.ipc.DefaultRpcScheduler, ipcBackoff: false.
2023-11-20 14:17:25,752 [main] INFO  ipc.Server (Server.java:<init>(1287)) - Listener at 0.0.0.0:15099
2023-11-20 14:17:25,752 [Socket Reader #1 for port 15099] INFO  ipc.Server (Server.java:run(1323)) - Starting Socket Reader #1 for port 15099
2023-11-20 14:17:25,754 [main] INFO  ozone.HddsDatanodeService (HddsDatanodeService.java:start(324)) - Datanode start with admins: [runner]
2023-11-20 14:17:25,754 [main] INFO  ozone.HddsDatanodeClientProtocolServer (HddsDatanodeClientProtocolServer.java:start(72)) - RPC server for Client /0.0.0.0:15099
2023-11-20 14:17:25,754 [IPC Server Responder] INFO  ipc.Server (Server.java:run(1562)) - IPC Server Responder: starting
2023-11-20 14:17:25,757 [main] INFO  ozone.MiniOzoneClusterImpl (MiniOzoneClusterImpl.java:lambda$waitForClusterToBeReady$0(229)) - Waiting for nodes to be ready. Got 0 of 5 DN Heartbeats.
2023-11-20 14:17:25,757 [main] INFO  ozone.MiniOzoneClusterImpl (MiniOzoneClusterImpl.java:lambda$waitForClusterToBeReady$0(232)) - Waiting for cluster to exit safe mode
2023-11-20 14:17:25,757 [main] INFO  ozone.MiniOzoneClusterImpl (MiniOzoneClusterImpl.java:lambda$waitForClusterToBeReady$0(234)) - SCM became leader
2023-11-20 14:17:25,757 [IPC Server listener on 15099] INFO  ipc.Server (Server.java:run(1402)) - IPC Server listener on 15099: starting
2023-11-20 14:17:25,758 [5f312036-1abf-429a-aae6-fa5b52f7bc5c-DatanodeStateMachineDaemonThread] INFO  statemachine.DatanodeStateMachine (DatanodeStateMachine.java:lambda$startDaemon$1(555)) - Ozone container server started.
2023-11-20 14:17:25,766 [5f312036-1abf-429a-aae6-fa5b52f7bc5c-DatanodeStateMachineTaskThread-0] INFO  datanode.InitDatanodeState (InitDatanodeState.java:persistContainerDatanodeDetails(139)) - DatanodeDetails is persisted to /home/runner/work/ozone/ozone/hadoop-ozone/integration-test/target/test-dir/MiniOzoneClusterImpl-c3dbe4e6-ad2a-443e-bb3b-bc3016376942/datanode-4/meta/datanode.id
2023-11-20 14:17:26,757 [main] INFO  ozone.MiniOzoneClusterImpl (MiniOzoneClusterImpl.java:lambda$waitForClusterToBeReady$0(229)) - Waiting for nodes to be ready. Got 0 of 5 DN Heartbeats.
2023-11-20 14:17:26,757 [main] INFO  ozone.MiniOzoneClusterImpl (MiniOzoneClusterImpl.java:lambda$waitForClusterToBeReady$0(232)) - Waiting for cluster to exit safe mode
2023-11-20 14:17:26,758 [main] INFO  ozone.MiniOzoneClusterImpl (MiniOzoneClusterImpl.java:lambda$waitForClusterToBeReady$0(234)) - SCM became leader
2023-11-20 14:17:27,422 [d8d0483b-b60f-4086-b029-9dd5e1fa5048-EndpointStateMachineTaskThread-/0.0.0.0:15055-0 ] INFO  utils.DatanodeStoreCache (DatanodeStoreCache.java:addDB(66)) - Added db /home/runner/work/ozone/ozone/hadoop-ozone/integration-test/target/test-dir/MiniOzoneClusterImpl-c3dbe4e6-ad2a-443e-bb3b-bc3016376942/datanode-0/data-0/containers/hdds/c3dbe4e6-ad2a-443e-bb3b-bc3016376942/DS-56e75eaf-6d21-4821-b7ed-197922a03228/container.db to cache
2023-11-20 14:17:27,422 [d8d0483b-b60f-4086-b029-9dd5e1fa5048-EndpointStateMachineTaskThread-/0.0.0.0:15055-0 ] INFO  volume.HddsVolume (HddsVolume.java:createDbStore(422)) - SchemaV3 db is created and loaded at /home/runner/work/ozone/ozone/hadoop-ozone/integration-test/target/test-dir/MiniOzoneClusterImpl-c3dbe4e6-ad2a-443e-bb3b-bc3016376942/datanode-0/data-0/containers/hdds/c3dbe4e6-ad2a-443e-bb3b-bc3016376942/DS-56e75eaf-6d21-4821-b7ed-197922a03228/container.db for volume DS-56e75eaf-6d21-4821-b7ed-197922a03228
2023-11-20 14:17:27,422 [d8d0483b-b60f-4086-b029-9dd5e1fa5048-EndpointStateMachineTaskThread-/0.0.0.0:15055-0 ] INFO  volume.ThrottledAsyncChecker (ThrottledAsyncChecker.java:schedule(141)) - Scheduling a check for /home/runner/work/ozone/ozone/hadoop-ozone/integration-test/target/test-dir/MiniOzoneClusterImpl-c3dbe4e6-ad2a-443e-bb3b-bc3016376942/datanode-0/data-0/containers/hdds
2023-11-20 14:17:27,423 [d8d0483b-b60f-4086-b029-9dd5e1fa5048-EndpointStateMachineTaskThread-/0.0.0.0:15055-0 ] INFO  volume.StorageVolumeChecker (StorageVolumeChecker.java:checkAllVolumes(218)) - Scheduled health check for volume /home/runner/work/ozone/ozone/hadoop-ozone/integration-test/target/test-dir/MiniOzoneClusterImpl-c3dbe4e6-ad2a-443e-bb3b-bc3016376942/datanode-0/data-0/containers/hdds
2023-11-20 14:17:27,424 [d8d0483b-b60f-4086-b029-9dd5e1fa5048-EndpointStateMachineTaskThread-/0.0.0.0:15055-0 ] INFO  volume.ThrottledAsyncChecker (ThrottledAsyncChecker.java:schedule(141)) - Scheduling a check for /home/runner/work/ozone/ozone/hadoop-ozone/integration-test/target/test-dir/MiniOzoneClusterImpl-c3dbe4e6-ad2a-443e-bb3b-bc3016376942/datanode-0/data/ratis
2023-11-20 14:17:27,424 [d8d0483b-b60f-4086-b029-9dd5e1fa5048-EndpointStateMachineTaskThread-/0.0.0.0:15055-0 ] INFO  volume.StorageVolumeChecker (StorageVolumeChecker.java:checkAllVolumes(218)) - Scheduled health check for volume /home/runner/work/ozone/ozone/hadoop-ozone/integration-test/target/test-dir/MiniOzoneClusterImpl-c3dbe4e6-ad2a-443e-bb3b-bc3016376942/datanode-0/data/ratis
2023-11-20 14:17:27,425 [d8d0483b-b60f-4086-b029-9dd5e1fa5048-EndpointStateMachineTaskThread-/0.0.0.0:15055-0 ] INFO  ozoneimpl.OzoneContainer (OzoneContainer.java:start(441)) - Attempting to start container services.
2023-11-20 14:17:27,425 [d8d0483b-b60f-4086-b029-9dd5e1fa5048-EndpointStateMachineTaskThread-/0.0.0.0:15055-0 ] INFO  ozoneimpl.OzoneContainer (OzoneContainer.java:startContainerScrub(337)) - Scheduled background container scanners and the on-demand container scanner have been disabled.
2023-11-20 14:17:27,426 [d8d0483b-b60f-4086-b029-9dd5e1fa5048-EndpointStateMachineTaskThread-/0.0.0.0:15055-0 ] INFO  replication.ReplicationServer (ReplicationServer.java:start(139)) - ReplicationServer is started using port 15069
2023-11-20 14:17:27,426 [d8d0483b-b60f-4086-b029-9dd5e1fa5048-EndpointStateMachineTaskThread-/0.0.0.0:15055-0 ] INFO  ratis.XceiverServerRatis (XceiverServerRatis.java:start(518)) - Starting XceiverServerRatis d8d0483b-b60f-4086-b029-9dd5e1fa5048
2023-11-20 14:17:27,426 [d8d0483b-b60f-4086-b029-9dd5e1fa5048-EndpointStateMachineTaskThread-/0.0.0.0:15055-0 ] INFO  server.RaftServer (RaftServerProxy.java:startImpl(400)) - d8d0483b-b60f-4086-b029-9dd5e1fa5048: start RPC server
2023-11-20 14:17:27,427 [d8d0483b-b60f-4086-b029-9dd5e1fa5048-EndpointStateMachineTaskThread-/0.0.0.0:15055-0 ] INFO  server.GrpcService (GrpcService.java:startImpl(302)) - d8d0483b-b60f-4086-b029-9dd5e1fa5048: GrpcService started, listening on 15065
2023-11-20 14:17:27,428 [d8d0483b-b60f-4086-b029-9dd5e1fa5048-EndpointStateMachineTaskThread-/0.0.0.0:15055-0 ] INFO  server.GrpcService (GrpcService.java:startImpl(302)) - d8d0483b-b60f-4086-b029-9dd5e1fa5048: GrpcService started, listening on 15067
2023-11-20 14:17:27,428 [d8d0483b-b60f-4086-b029-9dd5e1fa5048-EndpointStateMachineTaskThread-/0.0.0.0:15055-0 ] INFO  server.GrpcService (GrpcService.java:startImpl(302)) - d8d0483b-b60f-4086-b029-9dd5e1fa5048: GrpcService started, listening on 15066
2023-11-20 14:17:27,428 [d8d0483b-b60f-4086-b029-9dd5e1fa5048-EndpointStateMachineTaskThread-/0.0.0.0:15055-0 ] INFO  ratis.XceiverServerRatis (XceiverServerRatis.java:getRealPort(544)) - XceiverServerRatis d8d0483b-b60f-4086-b029-9dd5e1fa5048 is started using port 15065 for RATIS
2023-11-20 14:17:27,428 [JvmPauseMonitor9] INFO  util.JvmPauseMonitor (JvmPauseMonitor.java:run(103)) - JvmPauseMonitor-d8d0483b-b60f-4086-b029-9dd5e1fa5048: Started
2023-11-20 14:17:27,428 [d8d0483b-b60f-4086-b029-9dd5e1fa5048-EndpointStateMachineTaskThread-/0.0.0.0:15055-0 ] INFO  ratis.XceiverServerRatis (XceiverServerRatis.java:getRealPort(544)) - XceiverServerRatis d8d0483b-b60f-4086-b029-9dd5e1fa5048 is started using port 15066 for RATIS_ADMIN
2023-11-20 14:17:27,429 [d8d0483b-b60f-4086-b029-9dd5e1fa5048-EndpointStateMachineTaskThread-/0.0.0.0:15055-0 ] INFO  ratis.XceiverServerRatis (XceiverServerRatis.java:getRealPort(544)) - XceiverServerRatis d8d0483b-b60f-4086-b029-9dd5e1fa5048 is started using port 15067 for RATIS_SERVER
2023-11-20 14:17:27,429 [d8d0483b-b60f-4086-b029-9dd5e1fa5048-EndpointStateMachineTaskThread-/0.0.0.0:15055-0 ] INFO  ratis.XceiverServerRatis (XceiverServerRatis.java:getRealPort(544)) - XceiverServerRatis d8d0483b-b60f-4086-b029-9dd5e1fa5048 is started using port 15068 for RATIS_DATASTREAM
2023-11-20 14:17:27,430 [d8d0483b-b60f-4086-b029-9dd5e1fa5048-BlockDeletingService#0] INFO  interfaces.ContainerDeletionChoosingPolicyTemplate (ContainerDeletionChoosingPolicyTemplate.java:chooseContainerForBlockDeletion(85)) - Chosen 0/5000 blocks from 0 candidate containers.
2023-11-20 14:17:27,507 [17b41fa2-89b0-41d9-9866-157016c3cd1a-EndpointStateMachineTaskThread-/0.0.0.0:15055-0 ] INFO  utils.DatanodeStoreCache (DatanodeStoreCache.java:addDB(66)) - Added db /home/runner/work/ozone/ozone/hadoop-ozone/integration-test/target/test-dir/MiniOzoneClusterImpl-c3dbe4e6-ad2a-443e-bb3b-bc3016376942/datanode-1/data-0/containers/hdds/c3dbe4e6-ad2a-443e-bb3b-bc3016376942/DS-4835f40e-c087-4090-a6a3-701a7a82caf8/container.db to cache
2023-11-20 14:17:27,507 [17b41fa2-89b0-41d9-9866-157016c3cd1a-EndpointStateMachineTaskThread-/0.0.0.0:15055-0 ] INFO  volume.HddsVolume (HddsVolume.java:createDbStore(422)) - SchemaV3 db is created and loaded at /home/runner/work/ozone/ozone/hadoop-ozone/integration-test/target/test-dir/MiniOzoneClusterImpl-c3dbe4e6-ad2a-443e-bb3b-bc3016376942/datanode-1/data-0/containers/hdds/c3dbe4e6-ad2a-443e-bb3b-bc3016376942/DS-4835f40e-c087-4090-a6a3-701a7a82caf8/container.db for volume DS-4835f40e-c087-4090-a6a3-701a7a82caf8
2023-11-20 14:17:27,507 [17b41fa2-89b0-41d9-9866-157016c3cd1a-EndpointStateMachineTaskThread-/0.0.0.0:15055-0 ] INFO  volume.ThrottledAsyncChecker (ThrottledAsyncChecker.java:schedule(141)) - Scheduling a check for /home/runner/work/ozone/ozone/hadoop-ozone/integration-test/target/test-dir/MiniOzoneClusterImpl-c3dbe4e6-ad2a-443e-bb3b-bc3016376942/datanode-1/data-0/containers/hdds
2023-11-20 14:17:27,508 [17b41fa2-89b0-41d9-9866-157016c3cd1a-EndpointStateMachineTaskThread-/0.0.0.0:15055-0 ] INFO  volume.StorageVolumeChecker (StorageVolumeChecker.java:checkAllVolumes(218)) - Scheduled health check for volume /home/runner/work/ozone/ozone/hadoop-ozone/integration-test/target/test-dir/MiniOzoneClusterImpl-c3dbe4e6-ad2a-443e-bb3b-bc3016376942/datanode-1/data-0/containers/hdds
2023-11-20 14:17:27,509 [17b41fa2-89b0-41d9-9866-157016c3cd1a-EndpointStateMachineTaskThread-/0.0.0.0:15055-0 ] INFO  volume.ThrottledAsyncChecker (ThrottledAsyncChecker.java:schedule(141)) - Scheduling a check for /home/runner/work/ozone/ozone/hadoop-ozone/integration-test/target/test-dir/MiniOzoneClusterImpl-c3dbe4e6-ad2a-443e-bb3b-bc3016376942/datanode-1/data/ratis
2023-11-20 14:17:27,509 [17b41fa2-89b0-41d9-9866-157016c3cd1a-EndpointStateMachineTaskThread-/0.0.0.0:15055-0 ] INFO  volume.StorageVolumeChecker (StorageVolumeChecker.java:checkAllVolumes(218)) - Scheduled health check for volume /home/runner/work/ozone/ozone/hadoop-ozone/integration-test/target/test-dir/MiniOzoneClusterImpl-c3dbe4e6-ad2a-443e-bb3b-bc3016376942/datanode-1/data/ratis
2023-11-20 14:17:27,509 [17b41fa2-89b0-41d9-9866-157016c3cd1a-EndpointStateMachineTaskThread-/0.0.0.0:15055-0 ] INFO  ozoneimpl.OzoneContainer (OzoneContainer.java:start(441)) - Attempting to start container services.
2023-11-20 14:17:27,510 [17b41fa2-89b0-41d9-9866-157016c3cd1a-EndpointStateMachineTaskThread-/0.0.0.0:15055-0 ] INFO  ozoneimpl.OzoneContainer (OzoneContainer.java:startContainerScrub(337)) - Scheduled background container scanners and the on-demand container scanner have been disabled.
2023-11-20 14:17:27,510 [17b41fa2-89b0-41d9-9866-157016c3cd1a-EndpointStateMachineTaskThread-/0.0.0.0:15055-0 ] INFO  replication.ReplicationServer (ReplicationServer.java:start(139)) - ReplicationServer is started using port 15078
2023-11-20 14:17:27,510 [17b41fa2-89b0-41d9-9866-157016c3cd1a-EndpointStateMachineTaskThread-/0.0.0.0:15055-0 ] INFO  ratis.XceiverServerRatis (XceiverServerRatis.java:start(518)) - Starting XceiverServerRatis 17b41fa2-89b0-41d9-9866-157016c3cd1a
2023-11-20 14:17:27,511 [17b41fa2-89b0-41d9-9866-157016c3cd1a-EndpointStateMachineTaskThread-/0.0.0.0:15055-0 ] INFO  server.RaftServer (RaftServerProxy.java:startImpl(400)) - 17b41fa2-89b0-41d9-9866-157016c3cd1a: start RPC server
2023-11-20 14:17:27,511 [17b41fa2-89b0-41d9-9866-157016c3cd1a-EndpointStateMachineTaskThread-/0.0.0.0:15055-0 ] INFO  server.GrpcService (GrpcService.java:startImpl(302)) - 17b41fa2-89b0-41d9-9866-157016c3cd1a: GrpcService started, listening on 15074
2023-11-20 14:17:27,512 [17b41fa2-89b0-41d9-9866-157016c3cd1a-EndpointStateMachineTaskThread-/0.0.0.0:15055-0 ] INFO  server.GrpcService (GrpcService.java:startImpl(302)) - 17b41fa2-89b0-41d9-9866-157016c3cd1a: GrpcService started, listening on 15076
2023-11-20 14:17:27,513 [17b41fa2-89b0-41d9-9866-157016c3cd1a-EndpointStateMachineTaskThread-/0.0.0.0:15055-0 ] INFO  server.GrpcService (GrpcService.java:startImpl(302)) - 17b41fa2-89b0-41d9-9866-157016c3cd1a: GrpcService started, listening on 15075
2023-11-20 14:17:27,513 [17b41fa2-89b0-41d9-9866-157016c3cd1a-EndpointStateMachineTaskThread-/0.0.0.0:15055-0 ] INFO  ratis.XceiverServerRatis (XceiverServerRatis.java:getRealPort(544)) - XceiverServerRatis 17b41fa2-89b0-41d9-9866-157016c3cd1a is started using port 15074 for RATIS
2023-11-20 14:17:27,513 [JvmPauseMonitor10] INFO  util.JvmPauseMonitor (JvmPauseMonitor.java:run(103)) - JvmPauseMonitor-17b41fa2-89b0-41d9-9866-157016c3cd1a: Started
2023-11-20 14:17:27,513 [17b41fa2-89b0-41d9-9866-157016c3cd1a-EndpointStateMachineTaskThread-/0.0.0.0:15055-0 ] INFO  ratis.XceiverServerRatis (XceiverServerRatis.java:getRealPort(544)) - XceiverServerRatis 17b41fa2-89b0-41d9-9866-157016c3cd1a is started using port 15075 for RATIS_ADMIN
2023-11-20 14:17:27,513 [17b41fa2-89b0-41d9-9866-157016c3cd1a-EndpointStateMachineTaskThread-/0.0.0.0:15055-0 ] INFO  ratis.XceiverServerRatis (XceiverServerRatis.java:getRealPort(544)) - XceiverServerRatis 17b41fa2-89b0-41d9-9866-157016c3cd1a is started using port 15076 for RATIS_SERVER
2023-11-20 14:17:27,513 [17b41fa2-89b0-41d9-9866-157016c3cd1a-EndpointStateMachineTaskThread-/0.0.0.0:15055-0 ] INFO  ratis.XceiverServerRatis (XceiverServerRatis.java:getRealPort(544)) - XceiverServerRatis 17b41fa2-89b0-41d9-9866-157016c3cd1a is started using port 15077 for RATIS_DATASTREAM
2023-11-20 14:17:27,514 [17b41fa2-89b0-41d9-9866-157016c3cd1a-BlockDeletingService#0] INFO  interfaces.ContainerDeletionChoosingPolicyTemplate (ContainerDeletionChoosingPolicyTemplate.java:chooseContainerForBlockDeletion(85)) - Chosen 0/5000 blocks from 0 candidate containers.
2023-11-20 14:17:27,596 [c8e369c4-4c6c-4030-b1f6-34ff4305fcfc-EndpointStateMachineTaskThread-/0.0.0.0:15055-0 ] INFO  utils.DatanodeStoreCache (DatanodeStoreCache.java:addDB(66)) - Added db /home/runner/work/ozone/ozone/hadoop-ozone/integration-test/target/test-dir/MiniOzoneClusterImpl-c3dbe4e6-ad2a-443e-bb3b-bc3016376942/datanode-2/data-0/containers/hdds/c3dbe4e6-ad2a-443e-bb3b-bc3016376942/DS-023dd999-f4ab-4b3e-b61d-56cba581f6ed/container.db to cache
2023-11-20 14:17:27,596 [c8e369c4-4c6c-4030-b1f6-34ff4305fcfc-EndpointStateMachineTaskThread-/0.0.0.0:15055-0 ] INFO  volume.HddsVolume (HddsVolume.java:createDbStore(422)) - SchemaV3 db is created and loaded at /home/runner/work/ozone/ozone/hadoop-ozone/integration-test/target/test-dir/MiniOzoneClusterImpl-c3dbe4e6-ad2a-443e-bb3b-bc3016376942/datanode-2/data-0/containers/hdds/c3dbe4e6-ad2a-443e-bb3b-bc3016376942/DS-023dd999-f4ab-4b3e-b61d-56cba581f6ed/container.db for volume DS-023dd999-f4ab-4b3e-b61d-56cba581f6ed
2023-11-20 14:17:27,597 [c8e369c4-4c6c-4030-b1f6-34ff4305fcfc-EndpointStateMachineTaskThread-/0.0.0.0:15055-0 ] INFO  volume.ThrottledAsyncChecker (ThrottledAsyncChecker.java:schedule(141)) - Scheduling a check for /home/runner/work/ozone/ozone/hadoop-ozone/integration-test/target/test-dir/MiniOzoneClusterImpl-c3dbe4e6-ad2a-443e-bb3b-bc3016376942/datanode-2/data-0/containers/hdds
2023-11-20 14:17:27,597 [c8e369c4-4c6c-4030-b1f6-34ff4305fcfc-EndpointStateMachineTaskThread-/0.0.0.0:15055-0 ] INFO  volume.StorageVolumeChecker (StorageVolumeChecker.java:checkAllVolumes(218)) - Scheduled health check for volume /home/runner/work/ozone/ozone/hadoop-ozone/integration-test/target/test-dir/MiniOzoneClusterImpl-c3dbe4e6-ad2a-443e-bb3b-bc3016376942/datanode-2/data-0/containers/hdds
2023-11-20 14:17:27,598 [c8e369c4-4c6c-4030-b1f6-34ff4305fcfc-EndpointStateMachineTaskThread-/0.0.0.0:15055-0 ] INFO  volume.ThrottledAsyncChecker (ThrottledAsyncChecker.java:schedule(141)) - Scheduling a check for /home/runner/work/ozone/ozone/hadoop-ozone/integration-test/target/test-dir/MiniOzoneClusterImpl-c3dbe4e6-ad2a-443e-bb3b-bc3016376942/datanode-2/data/ratis
2023-11-20 14:17:27,598 [c8e369c4-4c6c-4030-b1f6-34ff4305fcfc-EndpointStateMachineTaskThread-/0.0.0.0:15055-0 ] INFO  volume.StorageVolumeChecker (StorageVolumeChecker.java:checkAllVolumes(218)) - Scheduled health check for volume /home/runner/work/ozone/ozone/hadoop-ozone/integration-test/target/test-dir/MiniOzoneClusterImpl-c3dbe4e6-ad2a-443e-bb3b-bc3016376942/datanode-2/data/ratis
2023-11-20 14:17:27,599 [c8e369c4-4c6c-4030-b1f6-34ff4305fcfc-EndpointStateMachineTaskThread-/0.0.0.0:15055-0 ] INFO  ozoneimpl.OzoneContainer (OzoneContainer.java:start(441)) - Attempting to start container services.
2023-11-20 14:17:27,599 [c8e369c4-4c6c-4030-b1f6-34ff4305fcfc-EndpointStateMachineTaskThread-/0.0.0.0:15055-0 ] INFO  ozoneimpl.OzoneContainer (OzoneContainer.java:startContainerScrub(337)) - Scheduled background container scanners and the on-demand container scanner have been disabled.
2023-11-20 14:17:27,600 [c8e369c4-4c6c-4030-b1f6-34ff4305fcfc-EndpointStateMachineTaskThread-/0.0.0.0:15055-0 ] INFO  replication.ReplicationServer (ReplicationServer.java:start(139)) - ReplicationServer is started using port 15087
2023-11-20 14:17:27,600 [c8e369c4-4c6c-4030-b1f6-34ff4305fcfc-EndpointStateMachineTaskThread-/0.0.0.0:15055-0 ] INFO  ratis.XceiverServerRatis (XceiverServerRatis.java:start(518)) - Starting XceiverServerRatis c8e369c4-4c6c-4030-b1f6-34ff4305fcfc
2023-11-20 14:17:27,600 [c8e369c4-4c6c-4030-b1f6-34ff4305fcfc-EndpointStateMachineTaskThread-/0.0.0.0:15055-0 ] INFO  server.RaftServer (RaftServerProxy.java:startImpl(400)) - c8e369c4-4c6c-4030-b1f6-34ff4305fcfc: start RPC server
2023-11-20 14:17:27,601 [c8e369c4-4c6c-4030-b1f6-34ff4305fcfc-EndpointStateMachineTaskThread-/0.0.0.0:15055-0 ] INFO  server.GrpcService (GrpcService.java:startImpl(302)) - c8e369c4-4c6c-4030-b1f6-34ff4305fcfc: GrpcService started, listening on 15083
2023-11-20 14:17:27,601 [c8e369c4-4c6c-4030-b1f6-34ff4305fcfc-EndpointStateMachineTaskThread-/0.0.0.0:15055-0 ] INFO  server.GrpcService (GrpcService.java:startImpl(302)) - c8e369c4-4c6c-4030-b1f6-34ff4305fcfc: GrpcService started, listening on 15085
2023-11-20 14:17:27,602 [c8e369c4-4c6c-4030-b1f6-34ff4305fcfc-EndpointStateMachineTaskThread-/0.0.0.0:15055-0 ] INFO  server.GrpcService (GrpcService.java:startImpl(302)) - c8e369c4-4c6c-4030-b1f6-34ff4305fcfc: GrpcService started, listening on 15084
2023-11-20 14:17:27,602 [c8e369c4-4c6c-4030-b1f6-34ff4305fcfc-EndpointStateMachineTaskThread-/0.0.0.0:15055-0 ] INFO  ratis.XceiverServerRatis (XceiverServerRatis.java:getRealPort(544)) - XceiverServerRatis c8e369c4-4c6c-4030-b1f6-34ff4305fcfc is started using port 15083 for RATIS
2023-11-20 14:17:27,602 [JvmPauseMonitor11] INFO  util.JvmPauseMonitor (JvmPauseMonitor.java:run(103)) - JvmPauseMonitor-c8e369c4-4c6c-4030-b1f6-34ff4305fcfc: Started
2023-11-20 14:17:27,602 [c8e369c4-4c6c-4030-b1f6-34ff4305fcfc-EndpointStateMachineTaskThread-/0.0.0.0:15055-0 ] INFO  ratis.XceiverServerRatis (XceiverServerRatis.java:getRealPort(544)) - XceiverServerRatis c8e369c4-4c6c-4030-b1f6-34ff4305fcfc is started using port 15084 for RATIS_ADMIN
2023-11-20 14:17:27,602 [c8e369c4-4c6c-4030-b1f6-34ff4305fcfc-EndpointStateMachineTaskThread-/0.0.0.0:15055-0 ] INFO  ratis.XceiverServerRatis (XceiverServerRatis.java:getRealPort(544)) - XceiverServerRatis c8e369c4-4c6c-4030-b1f6-34ff4305fcfc is started using port 15085 for RATIS_SERVER
2023-11-20 14:17:27,602 [c8e369c4-4c6c-4030-b1f6-34ff4305fcfc-EndpointStateMachineTaskThread-/0.0.0.0:15055-0 ] INFO  ratis.XceiverServerRatis (XceiverServerRatis.java:getRealPort(544)) - XceiverServerRatis c8e369c4-4c6c-4030-b1f6-34ff4305fcfc is started using port 15086 for RATIS_DATASTREAM
2023-11-20 14:17:27,610 [c8e369c4-4c6c-4030-b1f6-34ff4305fcfc-BlockDeletingService#0] INFO  interfaces.ContainerDeletionChoosingPolicyTemplate (ContainerDeletionChoosingPolicyTemplate.java:chooseContainerForBlockDeletion(85)) - Chosen 0/5000 blocks from 0 candidate containers.
2023-11-20 14:17:27,686 [a4a2c43d-89de-4e22-8bcd-4dcd11c36e95-EndpointStateMachineTaskThread-/0.0.0.0:15055-0 ] INFO  utils.DatanodeStoreCache (DatanodeStoreCache.java:addDB(66)) - Added db /home/runner/work/ozone/ozone/hadoop-ozone/integration-test/target/test-dir/MiniOzoneClusterImpl-c3dbe4e6-ad2a-443e-bb3b-bc3016376942/datanode-3/data-0/containers/hdds/c3dbe4e6-ad2a-443e-bb3b-bc3016376942/DS-02c5b336-3a35-44da-a696-83f4c5a50dbe/container.db to cache
2023-11-20 14:17:27,686 [a4a2c43d-89de-4e22-8bcd-4dcd11c36e95-EndpointStateMachineTaskThread-/0.0.0.0:15055-0 ] INFO  volume.HddsVolume (HddsVolume.java:createDbStore(422)) - SchemaV3 db is created and loaded at /home/runner/work/ozone/ozone/hadoop-ozone/integration-test/target/test-dir/MiniOzoneClusterImpl-c3dbe4e6-ad2a-443e-bb3b-bc3016376942/datanode-3/data-0/containers/hdds/c3dbe4e6-ad2a-443e-bb3b-bc3016376942/DS-02c5b336-3a35-44da-a696-83f4c5a50dbe/container.db for volume DS-02c5b336-3a35-44da-a696-83f4c5a50dbe
2023-11-20 14:17:27,686 [a4a2c43d-89de-4e22-8bcd-4dcd11c36e95-EndpointStateMachineTaskThread-/0.0.0.0:15055-0 ] INFO  volume.ThrottledAsyncChecker (ThrottledAsyncChecker.java:schedule(141)) - Scheduling a check for /home/runner/work/ozone/ozone/hadoop-ozone/integration-test/target/test-dir/MiniOzoneClusterImpl-c3dbe4e6-ad2a-443e-bb3b-bc3016376942/datanode-3/data-0/containers/hdds
2023-11-20 14:17:27,687 [a4a2c43d-89de-4e22-8bcd-4dcd11c36e95-EndpointStateMachineTaskThread-/0.0.0.0:15055-0 ] INFO  volume.StorageVolumeChecker (StorageVolumeChecker.java:checkAllVolumes(218)) - Scheduled health check for volume /home/runner/work/ozone/ozone/hadoop-ozone/integration-test/target/test-dir/MiniOzoneClusterImpl-c3dbe4e6-ad2a-443e-bb3b-bc3016376942/datanode-3/data-0/containers/hdds
2023-11-20 14:17:27,688 [a4a2c43d-89de-4e22-8bcd-4dcd11c36e95-EndpointStateMachineTaskThread-/0.0.0.0:15055-0 ] INFO  volume.ThrottledAsyncChecker (ThrottledAsyncChecker.java:schedule(141)) - Scheduling a check for /home/runner/work/ozone/ozone/hadoop-ozone/integration-test/target/test-dir/MiniOzoneClusterImpl-c3dbe4e6-ad2a-443e-bb3b-bc3016376942/datanode-3/data/ratis
2023-11-20 14:17:27,688 [a4a2c43d-89de-4e22-8bcd-4dcd11c36e95-EndpointStateMachineTaskThread-/0.0.0.0:15055-0 ] INFO  volume.StorageVolumeChecker (StorageVolumeChecker.java:checkAllVolumes(218)) - Scheduled health check for volume /home/runner/work/ozone/ozone/hadoop-ozone/integration-test/target/test-dir/MiniOzoneClusterImpl-c3dbe4e6-ad2a-443e-bb3b-bc3016376942/datanode-3/data/ratis
2023-11-20 14:17:27,690 [a4a2c43d-89de-4e22-8bcd-4dcd11c36e95-EndpointStateMachineTaskThread-/0.0.0.0:15055-0 ] INFO  ozoneimpl.OzoneContainer (OzoneContainer.java:start(441)) - Attempting to start container services.
2023-11-20 14:17:27,690 [a4a2c43d-89de-4e22-8bcd-4dcd11c36e95-EndpointStateMachineTaskThread-/0.0.0.0:15055-0 ] INFO  ozoneimpl.OzoneContainer (OzoneContainer.java:startContainerScrub(337)) - Scheduled background container scanners and the on-demand container scanner have been disabled.
2023-11-20 14:17:27,691 [a4a2c43d-89de-4e22-8bcd-4dcd11c36e95-EndpointStateMachineTaskThread-/0.0.0.0:15055-0 ] INFO  replication.ReplicationServer (ReplicationServer.java:start(139)) - ReplicationServer is started using port 15096
2023-11-20 14:17:27,691 [a4a2c43d-89de-4e22-8bcd-4dcd11c36e95-EndpointStateMachineTaskThread-/0.0.0.0:15055-0 ] INFO  ratis.XceiverServerRatis (XceiverServerRatis.java:start(518)) - Starting XceiverServerRatis a4a2c43d-89de-4e22-8bcd-4dcd11c36e95
2023-11-20 14:17:27,691 [a4a2c43d-89de-4e22-8bcd-4dcd11c36e95-EndpointStateMachineTaskThread-/0.0.0.0:15055-0 ] INFO  server.RaftServer (RaftServerProxy.java:startImpl(400)) - a4a2c43d-89de-4e22-8bcd-4dcd11c36e95: start RPC server
2023-11-20 14:17:27,692 [a4a2c43d-89de-4e22-8bcd-4dcd11c36e95-EndpointStateMachineTaskThread-/0.0.0.0:15055-0 ] INFO  server.GrpcService (GrpcService.java:startImpl(302)) - a4a2c43d-89de-4e22-8bcd-4dcd11c36e95: GrpcService started, listening on 15092
2023-11-20 14:17:27,692 [a4a2c43d-89de-4e22-8bcd-4dcd11c36e95-EndpointStateMachineTaskThread-/0.0.0.0:15055-0 ] INFO  server.GrpcService (GrpcService.java:startImpl(302)) - a4a2c43d-89de-4e22-8bcd-4dcd11c36e95: GrpcService started, listening on 15094
2023-11-20 14:17:27,693 [a4a2c43d-89de-4e22-8bcd-4dcd11c36e95-EndpointStateMachineTaskThread-/0.0.0.0:15055-0 ] INFO  server.GrpcService (GrpcService.java:startImpl(302)) - a4a2c43d-89de-4e22-8bcd-4dcd11c36e95: GrpcService started, listening on 15093
2023-11-20 14:17:27,694 [a4a2c43d-89de-4e22-8bcd-4dcd11c36e95-EndpointStateMachineTaskThread-/0.0.0.0:15055-0 ] INFO  ratis.XceiverServerRatis (XceiverServerRatis.java:getRealPort(544)) - XceiverServerRatis a4a2c43d-89de-4e22-8bcd-4dcd11c36e95 is started using port 15092 for RATIS
2023-11-20 14:17:27,694 [JvmPauseMonitor12] INFO  util.JvmPauseMonitor (JvmPauseMonitor.java:run(103)) - JvmPauseMonitor-a4a2c43d-89de-4e22-8bcd-4dcd11c36e95: Started
2023-11-20 14:17:27,694 [a4a2c43d-89de-4e22-8bcd-4dcd11c36e95-EndpointStateMachineTaskThread-/0.0.0.0:15055-0 ] INFO  ratis.XceiverServerRatis (XceiverServerRatis.java:getRealPort(544)) - XceiverServerRatis a4a2c43d-89de-4e22-8bcd-4dcd11c36e95 is started using port 15093 for RATIS_ADMIN
2023-11-20 14:17:27,694 [a4a2c43d-89de-4e22-8bcd-4dcd11c36e95-EndpointStateMachineTaskThread-/0.0.0.0:15055-0 ] INFO  ratis.XceiverServerRatis (XceiverServerRatis.java:getRealPort(544)) - XceiverServerRatis a4a2c43d-89de-4e22-8bcd-4dcd11c36e95 is started using port 15094 for RATIS_SERVER
2023-11-20 14:17:27,694 [a4a2c43d-89de-4e22-8bcd-4dcd11c36e95-EndpointStateMachineTaskThread-/0.0.0.0:15055-0 ] INFO  ratis.XceiverServerRatis (XceiverServerRatis.java:getRealPort(544)) - XceiverServerRatis a4a2c43d-89de-4e22-8bcd-4dcd11c36e95 is started using port 15095 for RATIS_DATASTREAM
2023-11-20 14:17:27,696 [a4a2c43d-89de-4e22-8bcd-4dcd11c36e95-BlockDeletingService#0] INFO  interfaces.ContainerDeletionChoosingPolicyTemplate (ContainerDeletionChoosingPolicyTemplate.java:chooseContainerForBlockDeletion(85)) - Chosen 0/5000 blocks from 0 candidate containers.
2023-11-20 14:17:27,758 [main] INFO  ozone.MiniOzoneClusterImpl (MiniOzoneClusterImpl.java:lambda$waitForClusterToBeReady$0(229)) - Waiting for nodes to be ready. Got 0 of 5 DN Heartbeats.
2023-11-20 14:17:27,758 [main] INFO  ozone.MiniOzoneClusterImpl (MiniOzoneClusterImpl.java:lambda$waitForClusterToBeReady$0(232)) - Waiting for cluster to exit safe mode
2023-11-20 14:17:27,758 [main] INFO  ozone.MiniOzoneClusterImpl (MiniOzoneClusterImpl.java:lambda$waitForClusterToBeReady$0(234)) - SCM became leader
2023-11-20 14:17:27,791 [5f312036-1abf-429a-aae6-fa5b52f7bc5c-EndpointStateMachineTaskThread-/0.0.0.0:15055-0 ] INFO  utils.DatanodeStoreCache (DatanodeStoreCache.java:addDB(66)) - Added db /home/runner/work/ozone/ozone/hadoop-ozone/integration-test/target/test-dir/MiniOzoneClusterImpl-c3dbe4e6-ad2a-443e-bb3b-bc3016376942/datanode-4/data-0/containers/hdds/c3dbe4e6-ad2a-443e-bb3b-bc3016376942/DS-a1815e80-fe08-46bc-b4c1-ca92928bc20f/container.db to cache
2023-11-20 14:17:27,792 [5f312036-1abf-429a-aae6-fa5b52f7bc5c-EndpointStateMachineTaskThread-/0.0.0.0:15055-0 ] INFO  volume.HddsVolume (HddsVolume.java:createDbStore(422)) - SchemaV3 db is created and loaded at /home/runner/work/ozone/ozone/hadoop-ozone/integration-test/target/test-dir/MiniOzoneClusterImpl-c3dbe4e6-ad2a-443e-bb3b-bc3016376942/datanode-4/data-0/containers/hdds/c3dbe4e6-ad2a-443e-bb3b-bc3016376942/DS-a1815e80-fe08-46bc-b4c1-ca92928bc20f/container.db for volume DS-a1815e80-fe08-46bc-b4c1-ca92928bc20f
2023-11-20 14:17:27,792 [5f312036-1abf-429a-aae6-fa5b52f7bc5c-EndpointStateMachineTaskThread-/0.0.0.0:15055-0 ] INFO  volume.ThrottledAsyncChecker (ThrottledAsyncChecker.java:schedule(141)) - Scheduling a check for /home/runner/work/ozone/ozone/hadoop-ozone/integration-test/target/test-dir/MiniOzoneClusterImpl-c3dbe4e6-ad2a-443e-bb3b-bc3016376942/datanode-4/data-0/containers/hdds
2023-11-20 14:17:27,794 [5f312036-1abf-429a-aae6-fa5b52f7bc5c-EndpointStateMachineTaskThread-/0.0.0.0:15055-0 ] INFO  volume.StorageVolumeChecker (StorageVolumeChecker.java:checkAllVolumes(218)) - Scheduled health check for volume /home/runner/work/ozone/ozone/hadoop-ozone/integration-test/target/test-dir/MiniOzoneClusterImpl-c3dbe4e6-ad2a-443e-bb3b-bc3016376942/datanode-4/data-0/containers/hdds
2023-11-20 14:17:27,795 [5f312036-1abf-429a-aae6-fa5b52f7bc5c-EndpointStateMachineTaskThread-/0.0.0.0:15055-0 ] INFO  volume.ThrottledAsyncChecker (ThrottledAsyncChecker.java:schedule(141)) - Scheduling a check for /home/runner/work/ozone/ozone/hadoop-ozone/integration-test/target/test-dir/MiniOzoneClusterImpl-c3dbe4e6-ad2a-443e-bb3b-bc3016376942/datanode-4/data/ratis
2023-11-20 14:17:27,795 [5f312036-1abf-429a-aae6-fa5b52f7bc5c-EndpointStateMachineTaskThread-/0.0.0.0:15055-0 ] INFO  volume.StorageVolumeChecker (StorageVolumeChecker.java:checkAllVolumes(218)) - Scheduled health check for volume /home/runner/work/ozone/ozone/hadoop-ozone/integration-test/target/test-dir/MiniOzoneClusterImpl-c3dbe4e6-ad2a-443e-bb3b-bc3016376942/datanode-4/data/ratis
2023-11-20 14:17:27,796 [5f312036-1abf-429a-aae6-fa5b52f7bc5c-EndpointStateMachineTaskThread-/0.0.0.0:15055-0 ] INFO  ozoneimpl.OzoneContainer (OzoneContainer.java:start(441)) - Attempting to start container services.
2023-11-20 14:17:27,796 [5f312036-1abf-429a-aae6-fa5b52f7bc5c-EndpointStateMachineTaskThread-/0.0.0.0:15055-0 ] INFO  ozoneimpl.OzoneContainer (OzoneContainer.java:startContainerScrub(337)) - Scheduled background container scanners and the on-demand container scanner have been disabled.
2023-11-20 14:17:27,797 [5f312036-1abf-429a-aae6-fa5b52f7bc5c-EndpointStateMachineTaskThread-/0.0.0.0:15055-0 ] INFO  replication.ReplicationServer (ReplicationServer.java:start(139)) - ReplicationServer is started using port 15105
2023-11-20 14:17:27,797 [5f312036-1abf-429a-aae6-fa5b52f7bc5c-EndpointStateMachineTaskThread-/0.0.0.0:15055-0 ] INFO  ratis.XceiverServerRatis (XceiverServerRatis.java:start(518)) - Starting XceiverServerRatis 5f312036-1abf-429a-aae6-fa5b52f7bc5c
2023-11-20 14:17:27,797 [5f312036-1abf-429a-aae6-fa5b52f7bc5c-EndpointStateMachineTaskThread-/0.0.0.0:15055-0 ] INFO  server.RaftServer (RaftServerProxy.java:startImpl(400)) - 5f312036-1abf-429a-aae6-fa5b52f7bc5c: start RPC server
2023-11-20 14:17:27,799 [5f312036-1abf-429a-aae6-fa5b52f7bc5c-EndpointStateMachineTaskThread-/0.0.0.0:15055-0 ] INFO  server.GrpcService (GrpcService.java:startImpl(302)) - 5f312036-1abf-429a-aae6-fa5b52f7bc5c: GrpcService started, listening on 15101
2023-11-20 14:17:27,800 [5f312036-1abf-429a-aae6-fa5b52f7bc5c-EndpointStateMachineTaskThread-/0.0.0.0:15055-0 ] INFO  server.GrpcService (GrpcService.java:startImpl(302)) - 5f312036-1abf-429a-aae6-fa5b52f7bc5c: GrpcService started, listening on 15103
2023-11-20 14:17:27,801 [5f312036-1abf-429a-aae6-fa5b52f7bc5c-EndpointStateMachineTaskThread-/0.0.0.0:15055-0 ] INFO  server.GrpcService (GrpcService.java:startImpl(302)) - 5f312036-1abf-429a-aae6-fa5b52f7bc5c: GrpcService started, listening on 15102
2023-11-20 14:17:27,801 [5f312036-1abf-429a-aae6-fa5b52f7bc5c-EndpointStateMachineTaskThread-/0.0.0.0:15055-0 ] INFO  ratis.XceiverServerRatis (XceiverServerRatis.java:getRealPort(544)) - XceiverServerRatis 5f312036-1abf-429a-aae6-fa5b52f7bc5c is started using port 15101 for RATIS
2023-11-20 14:17:27,801 [JvmPauseMonitor13] INFO  util.JvmPauseMonitor (JvmPauseMonitor.java:run(103)) - JvmPauseMonitor-5f312036-1abf-429a-aae6-fa5b52f7bc5c: Started
2023-11-20 14:17:27,801 [5f312036-1abf-429a-aae6-fa5b52f7bc5c-EndpointStateMachineTaskThread-/0.0.0.0:15055-0 ] INFO  ratis.XceiverServerRatis (XceiverServerRatis.java:getRealPort(544)) - XceiverServerRatis 5f312036-1abf-429a-aae6-fa5b52f7bc5c is started using port 15102 for RATIS_ADMIN
2023-11-20 14:17:27,801 [5f312036-1abf-429a-aae6-fa5b52f7bc5c-EndpointStateMachineTaskThread-/0.0.0.0:15055-0 ] INFO  ratis.XceiverServerRatis (XceiverServerRatis.java:getRealPort(544)) - XceiverServerRatis 5f312036-1abf-429a-aae6-fa5b52f7bc5c is started using port 15103 for RATIS_SERVER
2023-11-20 14:17:27,801 [5f312036-1abf-429a-aae6-fa5b52f7bc5c-EndpointStateMachineTaskThread-/0.0.0.0:15055-0 ] INFO  ratis.XceiverServerRatis (XceiverServerRatis.java:getRealPort(544)) - XceiverServerRatis 5f312036-1abf-429a-aae6-fa5b52f7bc5c is started using port 15104 for RATIS_DATASTREAM
2023-11-20 14:17:27,802 [5f312036-1abf-429a-aae6-fa5b52f7bc5c-BlockDeletingService#0] INFO  interfaces.ContainerDeletionChoosingPolicyTemplate (ContainerDeletionChoosingPolicyTemplate.java:chooseContainerForBlockDeletion(85)) - Chosen 0/5000 blocks from 0 candidate containers.
2023-11-20 14:17:28,758 [main] INFO  ozone.MiniOzoneClusterImpl (MiniOzoneClusterImpl.java:lambda$waitForClusterToBeReady$0(229)) - Waiting for nodes to be ready. Got 0 of 5 DN Heartbeats.
2023-11-20 14:17:28,758 [main] INFO  ozone.MiniOzoneClusterImpl (MiniOzoneClusterImpl.java:lambda$waitForClusterToBeReady$0(232)) - Waiting for cluster to exit safe mode
2023-11-20 14:17:28,758 [main] INFO  ozone.MiniOzoneClusterImpl (MiniOzoneClusterImpl.java:lambda$waitForClusterToBeReady$0(234)) - SCM became leader
2023-11-20 14:17:29,398 [IPC Server handler 1 on default port 15055] INFO  net.NetworkTopologyImpl (NetworkTopologyImpl.java:add(123)) - Added a new node: /default-rack/d8d0483b-b60f-4086-b029-9dd5e1fa5048
2023-11-20 14:17:29,398 [IPC Server handler 1 on default port 15055] INFO  node.SCMNodeManager (SCMNodeManager.java:register(405)) - Registered Data node : d8d0483b-b60f-4086-b029-9dd5e1fa5048{ip: 10.1.0.10, host: fv-az1500-317.a2vfemv3ef5etcjjw3rviercvg.cx.internal.cloudapp.net, ports: [HTTP=15062, CLIENT_RPC=15063, REPLICATION=15069, RATIS=15065, RATIS_ADMIN=15066, RATIS_SERVER=15067, RATIS_DATASTREAM=15068, STANDALONE=15064], networkLocation: /default-rack, certSerialId: null, persistedOpState: null, persistedOpStateExpiryEpochSec: 0}
2023-11-20 14:17:29,400 [EventQueue-NodeRegistrationContainerReportForDataNodeSafeModeRule] INFO  safemode.SCMSafeModeManager (DataNodeSafeModeRule.java:process(71)) - SCM in safe mode. 1 DataNodes registered, 3 required.
2023-11-20 14:17:29,400 [EventQueue-NodeRegistrationContainerReportForContainerSafeModeRule] INFO  safemode.SCMSafeModeManager (SCMSafeModeManager.java:validateSafeModeExitRules(200)) - ContainerSafeModeRule rule is successfully validated
2023-11-20 14:17:29,401 [EventQueue-NewNodeForNewNodeHandler] INFO  pipeline.BackgroundPipelineCreator (BackgroundPipelineCreator.java:notifyEventTriggered(280)) - trigger a one-shot run on RatisPipelineUtilsThread.
2023-11-20 14:17:29,401 [RatisPipelineUtilsThread-0] INFO  pipeline.RatisPipelineProvider (RatisPipelineProvider.java:lambda$create$0(206)) - Sending CreatePipelineCommand for pipeline:PipelineID=b10e4d37-b695-47f5-8687-e4e039803129 to datanode:d8d0483b-b60f-4086-b029-9dd5e1fa5048
2023-11-20 14:17:29,401 [EventQueue-PipelineReportForOneReplicaPipelineSafeModeRule] INFO  safemode.SCMSafeModeManager (SCMSafeModeManager.java:validateSafeModeExitRules(200)) - AtleastOneDatanodeReportedRule rule is successfully validated
2023-11-20 14:17:29,402 [RatisPipelineUtilsThread-0] INFO  pipeline.BackgroundPipelineCreator (BackgroundPipelineCreator.java:createPipelines(236)) - Created new pipeline Pipeline[ Id: b10e4d37-b695-47f5-8687-e4e039803129, Nodes: d8d0483b-b60f-4086-b029-9dd5e1fa5048(fv-az1500-317.a2vfemv3ef5etcjjw3rviercvg.cx.internal.cloudapp.net/10.1.0.10), ReplicationConfig: RATIS/ONE, State:ALLOCATED, leaderId:, CreationTimestamp2023-11-20T14:17:29.401Z[Etc/UTC]]
2023-11-20 14:17:29,483 [IPC Server handler 2 on default port 15055] INFO  net.NetworkTopologyImpl (NetworkTopologyImpl.java:add(123)) - Added a new node: /default-rack/17b41fa2-89b0-41d9-9866-157016c3cd1a
2023-11-20 14:17:29,483 [IPC Server handler 2 on default port 15055] INFO  node.SCMNodeManager (SCMNodeManager.java:register(405)) - Registered Data node : 17b41fa2-89b0-41d9-9866-157016c3cd1a{ip: 10.1.0.10, host: fv-az1500-317.a2vfemv3ef5etcjjw3rviercvg.cx.internal.cloudapp.net, ports: [HTTP=15071, CLIENT_RPC=15072, REPLICATION=15078, RATIS=15074, RATIS_ADMIN=15075, RATIS_SERVER=15076, RATIS_DATASTREAM=15077, STANDALONE=15073], networkLocation: /default-rack, certSerialId: null, persistedOpState: null, persistedOpStateExpiryEpochSec: 0}
2023-11-20 14:17:29,483 [EventQueue-NewNodeForNewNodeHandler] INFO  pipeline.BackgroundPipelineCreator (BackgroundPipelineCreator.java:notifyEventTriggered(280)) - trigger a one-shot run on RatisPipelineUtilsThread.
2023-11-20 14:17:29,484 [RatisPipelineUtilsThread-0] INFO  pipeline.RatisPipelineProvider (RatisPipelineProvider.java:lambda$create$0(206)) - Sending CreatePipelineCommand for pipeline:PipelineID=c7a78ae9-708e-4b93-b5b9-d72ea7caf186 to datanode:17b41fa2-89b0-41d9-9866-157016c3cd1a
2023-11-20 14:17:29,484 [RatisPipelineUtilsThread-0] INFO  pipeline.BackgroundPipelineCreator (BackgroundPipelineCreator.java:createPipelines(236)) - Created new pipeline Pipeline[ Id: c7a78ae9-708e-4b93-b5b9-d72ea7caf186, Nodes: 17b41fa2-89b0-41d9-9866-157016c3cd1a(fv-az1500-317.a2vfemv3ef5etcjjw3rviercvg.cx.internal.cloudapp.net/10.1.0.10), ReplicationConfig: RATIS/ONE, State:ALLOCATED, leaderId:, CreationTimestamp2023-11-20T14:17:29.484Z[Etc/UTC]]
2023-11-20 14:17:29,485 [EventQueue-NodeRegistrationContainerReportForDataNodeSafeModeRule] INFO  safemode.SCMSafeModeManager (DataNodeSafeModeRule.java:process(71)) - SCM in safe mode. 2 DataNodes registered, 3 required.
2023-11-20 14:17:29,577 [IPC Server handler 3 on default port 15055] INFO  net.NetworkTopologyImpl (NetworkTopologyImpl.java:add(123)) - Added a new node: /default-rack/c8e369c4-4c6c-4030-b1f6-34ff4305fcfc
2023-11-20 14:17:29,577 [IPC Server handler 3 on default port 15055] INFO  node.SCMNodeManager (SCMNodeManager.java:register(405)) - Registered Data node : c8e369c4-4c6c-4030-b1f6-34ff4305fcfc{ip: 10.1.0.10, host: fv-az1500-317.a2vfemv3ef5etcjjw3rviercvg.cx.internal.cloudapp.net, ports: [HTTP=15080, CLIENT_RPC=15081, REPLICATION=15087, RATIS=15083, RATIS_ADMIN=15084, RATIS_SERVER=15085, RATIS_DATASTREAM=15086, STANDALONE=15082], networkLocation: /default-rack, certSerialId: null, persistedOpState: null, persistedOpStateExpiryEpochSec: 0}
2023-11-20 14:17:29,577 [EventQueue-NewNodeForNewNodeHandler] INFO  pipeline.BackgroundPipelineCreator (BackgroundPipelineCreator.java:notifyEventTriggered(280)) - trigger a one-shot run on RatisPipelineUtilsThread.
2023-11-20 14:17:29,577 [EventQueue-NodeRegistrationContainerReportForDataNodeSafeModeRule] INFO  safemode.SCMSafeModeManager (DataNodeSafeModeRule.java:process(71)) - SCM in safe mode. 3 DataNodes registered, 3 required.
2023-11-20 14:17:29,577 [EventQueue-NodeRegistrationContainerReportForDataNodeSafeModeRule] INFO  safemode.SCMSafeModeManager (SCMSafeModeManager.java:validateSafeModeExitRules(200)) - DataNodeSafeModeRule rule is successfully validated
2023-11-20 14:17:29,577 [EventQueue-NodeRegistrationContainerReportForDataNodeSafeModeRule] INFO  safemode.SCMSafeModeManager (SCMSafeModeManager.java:completePreCheck(229)) - All SCM safe mode pre check rules have passed
2023-11-20 14:17:29,578 [EventQueue-NodeRegistrationContainerReportForDataNodeSafeModeRule] INFO  ha.SCMContext (SCMContext.java:updateSafeModeStatus(230)) - Update SafeModeStatus from SafeModeStatus{safeModeStatus=true, preCheckPassed=false} to SafeModeStatus{safeModeStatus=true, preCheckPassed=true}.
2023-11-20 14:17:29,578 [EventQueue-NodeRegistrationContainerReportForDataNodeSafeModeRule] INFO  pipeline.BackgroundPipelineCreator (BackgroundPipelineCreator.java:notifyEventTriggered(280)) - trigger a one-shot run on RatisPipelineUtilsThread.
2023-11-20 14:17:29,578 [RatisPipelineUtilsThread-0] INFO  pipeline.RatisPipelineProvider (RatisPipelineProvider.java:lambda$create$0(206)) - Sending CreatePipelineCommand for pipeline:PipelineID=315a484e-15a6-4a88-a4f2-7278f4f99f6a to datanode:c8e369c4-4c6c-4030-b1f6-34ff4305fcfc
2023-11-20 14:17:29,578 [RatisPipelineUtilsThread-0] INFO  pipeline.BackgroundPipelineCreator (BackgroundPipelineCreator.java:createPipelines(236)) - Created new pipeline Pipeline[ Id: 315a484e-15a6-4a88-a4f2-7278f4f99f6a, Nodes: c8e369c4-4c6c-4030-b1f6-34ff4305fcfc(fv-az1500-317.a2vfemv3ef5etcjjw3rviercvg.cx.internal.cloudapp.net/10.1.0.10), ReplicationConfig: RATIS/ONE, State:ALLOCATED, leaderId:, CreationTimestamp2023-11-20T14:17:29.578Z[Etc/UTC]]
2023-11-20 14:17:29,579 [RatisPipelineUtilsThread-0] INFO  pipeline.RatisPipelineProvider (RatisPipelineProvider.java:lambda$create$0(206)) - Sending CreatePipelineCommand for pipeline:PipelineID=49d40e01-1ef5-42ca-94dc-e1faf33906b1 to datanode:c8e369c4-4c6c-4030-b1f6-34ff4305fcfc
2023-11-20 14:17:29,579 [RatisPipelineUtilsThread-0] INFO  pipeline.RatisPipelineProvider (RatisPipelineProvider.java:lambda$create$0(206)) - Sending CreatePipelineCommand for pipeline:PipelineID=49d40e01-1ef5-42ca-94dc-e1faf33906b1 to datanode:17b41fa2-89b0-41d9-9866-157016c3cd1a
2023-11-20 14:17:29,579 [RatisPipelineUtilsThread-0] INFO  pipeline.RatisPipelineProvider (RatisPipelineProvider.java:lambda$create$0(206)) - Sending CreatePipelineCommand for pipeline:PipelineID=49d40e01-1ef5-42ca-94dc-e1faf33906b1 to datanode:d8d0483b-b60f-4086-b029-9dd5e1fa5048
2023-11-20 14:17:29,579 [RatisPipelineUtilsThread-0] INFO  pipeline.BackgroundPipelineCreator (BackgroundPipelineCreator.java:createPipelines(236)) - Created new pipeline Pipeline[ Id: 49d40e01-1ef5-42ca-94dc-e1faf33906b1, Nodes: c8e369c4-4c6c-4030-b1f6-34ff4305fcfc(fv-az1500-317.a2vfemv3ef5etcjjw3rviercvg.cx.internal.cloudapp.net/10.1.0.10)17b41fa2-89b0-41d9-9866-157016c3cd1a(fv-az1500-317.a2vfemv3ef5etcjjw3rviercvg.cx.internal.cloudapp.net/10.1.0.10)d8d0483b-b60f-4086-b029-9dd5e1fa5048(fv-az1500-317.a2vfemv3ef5etcjjw3rviercvg.cx.internal.cloudapp.net/10.1.0.10), ReplicationConfig: RATIS/THREE, State:ALLOCATED, leaderId:, CreationTimestamp2023-11-20T14:17:29.578Z[Etc/UTC]]
2023-11-20 14:17:29,580 [RatisPipelineUtilsThread-0] INFO  pipeline.RatisPipelineProvider (RatisPipelineProvider.java:lambda$create$0(206)) - Sending CreatePipelineCommand for pipeline:PipelineID=97c605cb-552d-42ec-bf96-23e1526bacfc to datanode:17b41fa2-89b0-41d9-9866-157016c3cd1a
2023-11-20 14:17:29,580 [RatisPipelineUtilsThread-0] INFO  pipeline.RatisPipelineProvider (RatisPipelineProvider.java:lambda$create$0(206)) - Sending CreatePipelineCommand for pipeline:PipelineID=97c605cb-552d-42ec-bf96-23e1526bacfc to datanode:d8d0483b-b60f-4086-b029-9dd5e1fa5048
2023-11-20 14:17:29,580 [RatisPipelineUtilsThread-0] INFO  pipeline.RatisPipelineProvider (RatisPipelineProvider.java:lambda$create$0(206)) - Sending CreatePipelineCommand for pipeline:PipelineID=97c605cb-552d-42ec-bf96-23e1526bacfc to datanode:c8e369c4-4c6c-4030-b1f6-34ff4305fcfc
2023-11-20 14:17:29,581 [RatisPipelineUtilsThread-0] INFO  pipeline.PipelineManagerImpl (PipelineManagerImpl.java:recordMetricsForPipeline(895)) - Pipeline: PipelineID=97c605cb-552d-42ec-bf96-23e1526bacfc contains same datanodes as previous pipelines: PipelineID=49d40e01-1ef5-42ca-94dc-e1faf33906b1 nodeIds: 17b41fa2-89b0-41d9-9866-157016c3cd1a, d8d0483b-b60f-4086-b029-9dd5e1fa5048, c8e369c4-4c6c-4030-b1f6-34ff4305fcfc
2023-11-20 14:17:29,581 [RatisPipelineUtilsThread-0] INFO  pipeline.BackgroundPipelineCreator (BackgroundPipelineCreator.java:createPipelines(236)) - Created new pipeline Pipeline[ Id: 97c605cb-552d-42ec-bf96-23e1526bacfc, Nodes: 17b41fa2-89b0-41d9-9866-157016c3cd1a(fv-az1500-317.a2vfemv3ef5etcjjw3rviercvg.cx.internal.cloudapp.net/10.1.0.10)d8d0483b-b60f-4086-b029-9dd5e1fa5048(fv-az1500-317.a2vfemv3ef5etcjjw3rviercvg.cx.internal.cloudapp.net/10.1.0.10)c8e369c4-4c6c-4030-b1f6-34ff4305fcfc(fv-az1500-317.a2vfemv3ef5etcjjw3rviercvg.cx.internal.cloudapp.net/10.1.0.10), ReplicationConfig: RATIS/THREE, State:ALLOCATED, leaderId:, CreationTimestamp2023-11-20T14:17:29.580Z[Etc/UTC]]
2023-11-20 14:17:29,665 [IPC Server handler 4 on default port 15055] INFO  net.NetworkTopologyImpl (NetworkTopologyImpl.java:add(123)) - Added a new node: /default-rack/a4a2c43d-89de-4e22-8bcd-4dcd11c36e95
2023-11-20 14:17:29,665 [IPC Server handler 4 on default port 15055] INFO  node.SCMNodeManager (SCMNodeManager.java:register(405)) - Registered Data node : a4a2c43d-89de-4e22-8bcd-4dcd11c36e95{ip: 10.1.0.10, host: fv-az1500-317.a2vfemv3ef5etcjjw3rviercvg.cx.internal.cloudapp.net, ports: [HTTP=15089, CLIENT_RPC=15090, REPLICATION=15096, RATIS=15092, RATIS_ADMIN=15093, RATIS_SERVER=15094, RATIS_DATASTREAM=15095, STANDALONE=15091], networkLocation: /default-rack, certSerialId: null, persistedOpState: null, persistedOpStateExpiryEpochSec: 0}
2023-11-20 14:17:29,665 [EventQueue-NewNodeForNewNodeHandler] INFO  pipeline.BackgroundPipelineCreator (BackgroundPipelineCreator.java:notifyEventTriggered(280)) - trigger a one-shot run on RatisPipelineUtilsThread.
2023-11-20 14:17:29,665 [RatisPipelineUtilsThread-0] INFO  pipeline.RatisPipelineProvider (RatisPipelineProvider.java:lambda$create$0(206)) - Sending CreatePipelineCommand for pipeline:PipelineID=65f5229b-54c2-43af-8d7a-3e4066ffb9c6 to datanode:a4a2c43d-89de-4e22-8bcd-4dcd11c36e95
2023-11-20 14:17:29,666 [RatisPipelineUtilsThread-0] INFO  pipeline.BackgroundPipelineCreator (BackgroundPipelineCreator.java:createPipelines(236)) - Created new pipeline Pipeline[ Id: 65f5229b-54c2-43af-8d7a-3e4066ffb9c6, Nodes: a4a2c43d-89de-4e22-8bcd-4dcd11c36e95(fv-az1500-317.a2vfemv3ef5etcjjw3rviercvg.cx.internal.cloudapp.net/10.1.0.10), ReplicationConfig: RATIS/ONE, State:ALLOCATED, leaderId:, CreationTimestamp2023-11-20T14:17:29.665Z[Etc/UTC]]
2023-11-20 14:17:29,758 [main] INFO  ozone.MiniOzoneClusterImpl (MiniOzoneClusterImpl.java:lambda$waitForClusterToBeReady$0(229)) - Waiting for nodes to be ready. Got 4 of 5 DN Heartbeats.
2023-11-20 14:17:29,759 [main] INFO  ozone.MiniOzoneClusterImpl (MiniOzoneClusterImpl.java:lambda$waitForClusterToBeReady$0(232)) - Waiting for cluster to exit safe mode
2023-11-20 14:17:29,759 [main] INFO  ozone.MiniOzoneClusterImpl (MiniOzoneClusterImpl.java:lambda$waitForClusterToBeReady$0(234)) - SCM became leader
2023-11-20 14:17:29,764 [IPC Server handler 0 on default port 15055] INFO  net.NetworkTopologyImpl (NetworkTopologyImpl.java:add(123)) - Added a new node: /default-rack/5f312036-1abf-429a-aae6-fa5b52f7bc5c
2023-11-20 14:17:29,764 [IPC Server handler 0 on default port 15055] INFO  node.SCMNodeManager (SCMNodeManager.java:register(405)) - Registered Data node : 5f312036-1abf-429a-aae6-fa5b52f7bc5c{ip: 10.1.0.10, host: fv-az1500-317.a2vfemv3ef5etcjjw3rviercvg.cx.internal.cloudapp.net, ports: [HTTP=15098, CLIENT_RPC=15099, REPLICATION=15105, RATIS=15101, RATIS_ADMIN=15102, RATIS_SERVER=15103, RATIS_DATASTREAM=15104, STANDALONE=15100], networkLocation: /default-rack, certSerialId: null, persistedOpState: null, persistedOpStateExpiryEpochSec: 0}
2023-11-20 14:17:29,765 [EventQueue-NewNodeForNewNodeHandler] INFO  pipeline.BackgroundPipelineCreator (BackgroundPipelineCreator.java:notifyEventTriggered(280)) - trigger a one-shot run on RatisPipelineUtilsThread.
2023-11-20 14:17:29,765 [RatisPipelineUtilsThread-0] INFO  pipeline.RatisPipelineProvider (RatisPipelineProvider.java:lambda$create$0(206)) - Sending CreatePipelineCommand for pipeline:PipelineID=7f083697-29e3-4bb7-8af1-e18ca34ad574 to datanode:5f312036-1abf-429a-aae6-fa5b52f7bc5c
2023-11-20 14:17:29,765 [RatisPipelineUtilsThread-0] INFO  pipeline.BackgroundPipelineCreator (BackgroundPipelineCreator.java:createPipelines(236)) - Created new pipeline Pipeline[ Id: 7f083697-29e3-4bb7-8af1-e18ca34ad574, Nodes: 5f312036-1abf-429a-aae6-fa5b52f7bc5c(fv-az1500-317.a2vfemv3ef5etcjjw3rviercvg.cx.internal.cloudapp.net/10.1.0.10), ReplicationConfig: RATIS/ONE, State:ALLOCATED, leaderId:, CreationTimestamp2023-11-20T14:17:29.765Z[Etc/UTC]]
2023-11-20 14:17:30,759 [main] INFO  ozone.MiniOzoneClusterImpl (MiniOzoneClusterImpl.java:lambda$waitForClusterToBeReady$0(229)) - Nodes are ready. Got 5 of 5 DN Heartbeats.
2023-11-20 14:17:30,759 [main] INFO  ozone.MiniOzoneClusterImpl (MiniOzoneClusterImpl.java:lambda$waitForClusterToBeReady$0(232)) - Waiting for cluster to exit safe mode
2023-11-20 14:17:30,759 [main] INFO  ozone.MiniOzoneClusterImpl (MiniOzoneClusterImpl.java:lambda$waitForClusterToBeReady$0(234)) - SCM became leader
2023-11-20 14:17:31,759 [main] INFO  ozone.MiniOzoneClusterImpl (MiniOzoneClusterImpl.java:lambda$waitForClusterToBeReady$0(229)) - Nodes are ready. Got 5 of 5 DN Heartbeats.
2023-11-20 14:17:31,759 [main] INFO  ozone.MiniOzoneClusterImpl (MiniOzoneClusterImpl.java:lambda$waitForClusterToBeReady$0(232)) - Waiting for cluster to exit safe mode
2023-11-20 14:17:31,760 [main] INFO  ozone.MiniOzoneClusterImpl (MiniOzoneClusterImpl.java:lambda$waitForClusterToBeReady$0(234)) - SCM became leader
2023-11-20 14:17:32,398 [d8d0483b-b60f-4086-b029-9dd5e1fa5048-PipelineCommandHandlerThread-0] INFO  server.RaftServer (RaftServerProxy.java:addNew(98)) - d8d0483b-b60f-4086-b029-9dd5e1fa5048: addNew group-E4E039803129:[d8d0483b-b60f-4086-b029-9dd5e1fa5048|rpc:10.1.0.10:15067|admin:10.1.0.10:15066|client:10.1.0.10:15065|dataStream:10.1.0.10:15068|priority:1|startupRole:FOLLOWER] returns group-E4E039803129:java.util.concurrent.CompletableFuture@75550d31[Not completed]
2023-11-20 14:17:32,399 [d8d0483b-b60f-4086-b029-9dd5e1fa5048-groupManagement] INFO  server.RaftServer$Division (RaftServerImpl.java:<init>(198)) - d8d0483b-b60f-4086-b029-9dd5e1fa5048: new RaftServerImpl for group-E4E039803129:[d8d0483b-b60f-4086-b029-9dd5e1fa5048|rpc:10.1.0.10:15067|admin:10.1.0.10:15066|client:10.1.0.10:15065|dataStream:10.1.0.10:15068|priority:1|startupRole:FOLLOWER] with ContainerStateMachine:uninitialized
2023-11-20 14:17:32,399 [d8d0483b-b60f-4086-b029-9dd5e1fa5048-groupManagement] INFO  server.RaftServerConfigKeys (ConfUtils.java:logGet(46)) - raft.server.rpc.timeout.min = 5s (custom)
2023-11-20 14:17:32,399 [d8d0483b-b60f-4086-b029-9dd5e1fa5048-groupManagement] INFO  server.RaftServerConfigKeys (ConfUtils.java:logGet(46)) - raft.server.rpc.timeout.max = 5200ms (custom)
2023-11-20 14:17:32,399 [d8d0483b-b60f-4086-b029-9dd5e1fa5048-groupManagement] INFO  server.RaftServerConfigKeys (ConfUtils.java:logGet(46)) - raft.server.rpc.sleep.time = 25ms (default)
2023-11-20 14:17:32,399 [d8d0483b-b60f-4086-b029-9dd5e1fa5048-groupManagement] INFO  server.RaftServerConfigKeys (ConfUtils.java:logGet(46)) - raft.server.rpc.slowness.timeout = 300s (custom)
2023-11-20 14:17:32,399 [d8d0483b-b60f-4086-b029-9dd5e1fa5048-groupManagement] INFO  server.RaftServerConfigKeys (ConfUtils.java:logGet(46)) - raft.server.leaderelection.leader.step-down.wait-time = 10s (default)
2023-11-20 14:17:32,399 [d8d0483b-b60f-4086-b029-9dd5e1fa5048-groupManagement] INFO  server.RaftServerConfigKeys (ConfUtils.java:logGet(46)) - raft.server.sleep.deviation.threshold = 300ms (default)
2023-11-20 14:17:32,399 [d8d0483b-b60f-4086-b029-9dd5e1fa5048-groupManagement] INFO  server.RaftServer$Division (ServerState.java:<init>(120)) - d8d0483b-b60f-4086-b029-9dd5e1fa5048@group-E4E039803129: ConfigurationManager, init=-1: peers:[d8d0483b-b60f-4086-b029-9dd5e1fa5048|rpc:10.1.0.10:15067|admin:10.1.0.10:15066|client:10.1.0.10:15065|dataStream:10.1.0.10:15068|priority:1|startupRole:FOLLOWER]|listeners:[], old=null, confs=<EMPTY_MAP>
2023-11-20 14:17:32,399 [d8d0483b-b60f-4086-b029-9dd5e1fa5048-groupManagement] INFO  server.RaftServerConfigKeys (ConfUtils.java:logGet(46)) - raft.server.storage.dir = [/home/runner/work/ozone/ozone/hadoop-ozone/integration-test/target/test-dir/MiniOzoneClusterImpl-c3dbe4e6-ad2a-443e-bb3b-bc3016376942/datanode-0/data/ratis] (custom)
2023-11-20 14:17:32,399 [d8d0483b-b60f-4086-b029-9dd5e1fa5048-groupManagement] INFO  server.RaftServerConfigKeys (ConfUtils.java:logGet(46)) - raft.server.log.corruption.policy = EXCEPTION (default)
2023-11-20 14:17:32,399 [d8d0483b-b60f-4086-b029-9dd5e1fa5048-groupManagement] INFO  server.RaftServerConfigKeys (ConfUtils.java:logGet(46)) - raft.server.storage.free-space.min = 0MB (=0) (default)
2023-11-20 14:17:32,399 [d8d0483b-b60f-4086-b029-9dd5e1fa5048-groupManagement] INFO  server.RaftServerConfigKeys (ConfUtils.java:logGet(46)) - raft.server.notification.no-leader.timeout = 300s (custom)
2023-11-20 14:17:32,399 [d8d0483b-b60f-4086-b029-9dd5e1fa5048-groupManagement] INFO  server.RaftServerConfigKeys (ConfUtils.java:logGet(46)) - raft.server.read.timeout = 10s (default)
2023-11-20 14:17:32,399 [d8d0483b-b60f-4086-b029-9dd5e1fa5048-groupManagement] INFO  server.RaftServerConfigKeys (ConfUtils.java:logGet(46)) - raft.server.retrycache.expirytime = 600000ms (custom)
2023-11-20 14:17:32,399 [d8d0483b-b60f-4086-b029-9dd5e1fa5048-groupManagement] INFO  server.RaftServerConfigKeys (ConfUtils.java:logGet(46)) - raft.server.retrycache.statistics.expirytime = 100μs (default)
2023-11-20 14:17:32,399 [d8d0483b-b60f-4086-b029-9dd5e1fa5048-groupManagement] INFO  server.RaftServerConfigKeys (ConfUtils.java:logGet(46)) - raft.server.read.option = DEFAULT (default)
2023-11-20 14:17:32,400 [d8d0483b-b60f-4086-b029-9dd5e1fa5048-groupManagement] INFO  server.RaftServerConfigKeys (ConfUtils.java:logGet(46)) - raft.server.rpc.request.timeout = 60s (custom)
2023-11-20 14:17:32,400 [d8d0483b-b60f-4086-b029-9dd5e1fa5048-groupManagement] INFO  server.RaftServerConfigKeys (ConfUtils.java:logGet(46)) - raft.server.log.appender.install.snapshot.enabled = false (custom)
2023-11-20 14:17:32,400 [d8d0483b-b60f-4086-b029-9dd5e1fa5048-groupManagement] INFO  server.RaftServerConfigKeys (ConfUtils.java:logGet(46)) - raft.server.threadpool.server.cached = true (default)
2023-11-20 14:17:32,400 [d8d0483b-b60f-4086-b029-9dd5e1fa5048-groupManagement] INFO  server.RaftServerConfigKeys (ConfUtils.java:logGet(46)) - raft.server.threadpool.server.size = 0 (default)
2023-11-20 14:17:32,400 [d8d0483b-b60f-4086-b029-9dd5e1fa5048-groupManagement] INFO  server.RaftServerConfigKeys (ConfUtils.java:logGet(46)) - raft.server.threadpool.client.cached = true (default)
2023-11-20 14:17:32,400 [d8d0483b-b60f-4086-b029-9dd5e1fa5048-groupManagement] INFO  server.RaftServerConfigKeys (ConfUtils.java:logGet(46)) - raft.server.threadpool.client.size = 0 (default)
2023-11-20 14:17:32,401 [d8d0483b-b60f-4086-b029-9dd5e1fa5048-groupManagement] INFO  storage.RaftStorageDirectory (RaftStorageDirectoryImpl.java:analyzeStorage(137)) - The storage directory /home/runner/work/ozone/ozone/hadoop-ozone/integration-test/target/test-dir/MiniOzoneClusterImpl-c3dbe4e6-ad2a-443e-bb3b-bc3016376942/datanode-0/data/ratis/b10e4d37-b695-47f5-8687-e4e039803129 does not exist. Creating ...
2023-11-20 14:17:32,401 [d8d0483b-b60f-4086-b029-9dd5e1fa5048-groupManagement] INFO  storage.RaftStorageDirectory (RaftStorageDirectoryImpl.java:tryLock(231)) - Lock on /home/runner/work/ozone/ozone/hadoop-ozone/integration-test/target/test-dir/MiniOzoneClusterImpl-c3dbe4e6-ad2a-443e-bb3b-bc3016376942/datanode-0/data/ratis/b10e4d37-b695-47f5-8687-e4e039803129/in_use.lock acquired by nodename 31507@fv-az1500-317
2023-11-20 14:17:32,402 [d8d0483b-b60f-4086-b029-9dd5e1fa5048-groupManagement] INFO  storage.RaftStorage (RaftStorageImpl.java:format(96)) - Storage directory /home/runner/work/ozone/ozone/hadoop-ozone/integration-test/target/test-dir/MiniOzoneClusterImpl-c3dbe4e6-ad2a-443e-bb3b-bc3016376942/datanode-0/data/ratis/b10e4d37-b695-47f5-8687-e4e039803129 has been successfully formatted.
2023-11-20 14:17:32,403 [d8d0483b-b60f-4086-b029-9dd5e1fa5048-groupManagement] INFO  ratis.ContainerStateMachine (ContainerStateMachine.java:loadSnapshot(269)) - group-E4E039803129: The snapshot info is null. Setting the last applied indexto:(t:0, i:~)
2023-11-20 14:17:32,403 [d8d0483b-b60f-4086-b029-9dd5e1fa5048-groupManagement] INFO  server.RaftServerConfigKeys (ConfUtils.java:logGet(46)) - raft.server.log.use.memory = false (default)
2023-11-20 14:17:32,403 [d8d0483b-b60f-4086-b029-9dd5e1fa5048-groupManagement] INFO  server.RaftServerConfigKeys (ConfUtils.java:logGet(46)) - raft.server.log.purge.gap = 1000000 (custom)
2023-11-20 14:17:32,403 [d8d0483b-b60f-4086-b029-9dd5e1fa5048-groupManagement] INFO  server.RaftServerConfigKeys (ConfUtils.java:logGet(46)) - raft.server.log.appender.buffer.byte-limit = 33554432 (custom)
2023-11-20 14:17:32,403 [d8d0483b-b60f-4086-b029-9dd5e1fa5048-groupManagement] INFO  server.RaftServerConfigKeys (ConfUtils.java:logGet(46)) - raft.server.log.statemachine.data.read.timeout = 1000ms (default)
2023-11-20 14:17:32,403 [d8d0483b-b60f-4086-b029-9dd5e1fa5048-groupManagement] INFO  server.RaftServerConfigKeys (ConfUtils.java:logGet(46)) - raft.server.log.purge.preservation.log.num = 0 (default)
2023-11-20 14:17:32,404 [d8d0483b-b60f-4086-b029-9dd5e1fa5048-groupManagement] INFO  server.RaftServerConfigKeys (ConfUtils.java:logGet(46)) - raft.server.log.segment.size.max = 1048576 (custom)
2023-11-20 14:17:32,404 [d8d0483b-b60f-4086-b029-9dd5e1fa5048-groupManagement] INFO  server.RaftServerConfigKeys (ConfUtils.java:logGet(46)) - raft.server.log.segment.cache.num.max = 2 (custom)
2023-11-20 14:17:32,404 [d8d0483b-b60f-4086-b029-9dd5e1fa5048-groupManagement] INFO  server.RaftServerConfigKeys (ConfUtils.java:logGet(46)) - raft.server.log.segment.cache.size.max = 200MB (=209715200) (default)
2023-11-20 14:17:32,404 [d8d0483b-b60f-4086-b029-9dd5e1fa5048-groupManagement] INFO  server.RaftServerConfigKeys (ConfUtils.java:logGet(46)) - raft.server.log.appender.buffer.byte-limit = 33554432 (custom)
2023-11-20 14:17:32,404 [d8d0483b-b60f-4086-b029-9dd5e1fa5048-groupManagement] INFO  segmented.SegmentedRaftLogWorker (SegmentedRaftLogWorker.java:<init>(188)) - new d8d0483b-b60f-4086-b029-9dd5e1fa5048@group-E4E039803129-SegmentedRaftLogWorker for RaftStorageImpl:Storage Directory /home/runner/work/ozone/ozone/hadoop-ozone/integration-test/target/test-dir/MiniOzoneClusterImpl-c3dbe4e6-ad2a-443e-bb3b-bc3016376942/datanode-0/data/ratis/b10e4d37-b695-47f5-8687-e4e039803129
2023-11-20 14:17:32,404 [d8d0483b-b60f-4086-b029-9dd5e1fa5048-groupManagement] INFO  server.RaftServerConfigKeys (ConfUtils.java:logGet(46)) - raft.server.log.queue.byte-limit = 4294967296 (custom)
2023-11-20 14:17:32,404 [d8d0483b-b60f-4086-b029-9dd5e1fa5048-groupManagement] INFO  server.RaftServerConfigKeys (ConfUtils.java:logGet(46)) - raft.server.log.queue.element-limit = 1024 (custom)
2023-11-20 14:17:32,404 [d8d0483b-b60f-4086-b029-9dd5e1fa5048-groupManagement] INFO  server.RaftServerConfigKeys (ConfUtils.java:logGet(46)) - raft.server.log.segment.size.max = 1048576 (custom)
2023-11-20 14:17:32,404 [d8d0483b-b60f-4086-b029-9dd5e1fa5048-groupManagement] INFO  server.RaftServerConfigKeys (ConfUtils.java:logGet(46)) - raft.server.log.preallocated.size = 16384 (custom)
2023-11-20 14:17:32,404 [d8d0483b-b60f-4086-b029-9dd5e1fa5048-groupManagement] INFO  server.RaftServerConfigKeys (ConfUtils.java:logGet(46)) - raft.server.log.force.sync.num = 128 (default)
2023-11-20 14:17:32,404 [d8d0483b-b60f-4086-b029-9dd5e1fa5048-groupManagement] INFO  server.RaftServerConfigKeys (ConfUtils.java:logGet(46)) - raft.server.log.statemachine.data.sync = true (default)
2023-11-20 14:17:32,404 [d8d0483b-b60f-4086-b029-9dd5e1fa5048-groupManagement] INFO  server.RaftServerConfigKeys (ConfUtils.java:logGet(46)) - raft.server.log.statemachine.data.sync.timeout = 10s (default)
2023-11-20 14:17:32,404 [d8d0483b-b60f-4086-b029-9dd5e1fa5048-groupManagement] INFO  server.RaftServerConfigKeys (ConfUtils.java:logGet(46)) - raft.server.log.statemachine.data.sync.timeout.retry = -1 (default)
2023-11-20 14:17:32,404 [EventQueue-PipelineReportForPipelineReportHandler] INFO  pipeline.PipelineReportHandler (PipelineReportHandler.java:processPipelineReport(136)) - Opened pipeline PipelineID=b10e4d37-b695-47f5-8687-e4e039803129
2023-11-20 14:17:32,405 [EventQueue-OpenPipelineForHealthyPipelineSafeModeRule] INFO  safemode.SCMSafeModeManager (HealthyPipelineSafeModeRule.java:process(137)) - SCM in safe mode. Healthy pipelines reported count is 0, required healthy pipeline reported count is 1
2023-11-20 14:17:32,406 [d8d0483b-b60f-4086-b029-9dd5e1fa5048-groupManagement] INFO  server.RaftServerConfigKeys (ConfUtils.java:logGet(46)) - raft.server.log.write.buffer.size = 1048576 (custom)
2023-11-20 14:17:32,406 [d8d0483b-b60f-4086-b029-9dd5e1fa5048-groupManagement] INFO  server.RaftServerConfigKeys (ConfUtils.java:logGet(46)) - raft.server.log.appender.buffer.byte-limit = 33554432 (custom)
2023-11-20 14:17:32,406 [d8d0483b-b60f-4086-b029-9dd5e1fa5048-groupManagement] INFO  server.RaftServerConfigKeys (ConfUtils.java:logGet(46)) - raft.server.log.unsafe-flush.enabled = false (default)
2023-11-20 14:17:32,406 [d8d0483b-b60f-4086-b029-9dd5e1fa5048-groupManagement] INFO  server.RaftServerConfigKeys (ConfUtils.java:logGet(46)) - raft.server.log.async-flush.enabled = false (default)
2023-11-20 14:17:32,407 [d8d0483b-b60f-4086-b029-9dd5e1fa5048-groupManagement] INFO  server.RaftServerConfigKeys (ConfUtils.java:logGet(46)) - raft.server.log.statemachine.data.caching.enabled = true (custom)
2023-11-20 14:17:32,407 [d8d0483b-b60f-4086-b029-9dd5e1fa5048-groupManagement] INFO  segmented.SegmentedRaftLogWorker (SegmentedRaftLogWorker.java:lambda$new$0(135)) - d8d0483b-b60f-4086-b029-9dd5e1fa5048@group-E4E039803129-SegmentedRaftLogWorker: flushIndex: setUnconditionally 0 -> -1
2023-11-20 14:17:32,407 [d8d0483b-b60f-4086-b029-9dd5e1fa5048-groupManagement] INFO  segmented.SegmentedRaftLogWorker (SegmentedRaftLogWorker.java:lambda$new$0(135)) - d8d0483b-b60f-4086-b029-9dd5e1fa5048@group-E4E039803129-SegmentedRaftLogWorker: safeCacheEvictIndex: setUnconditionally 0 -> -1
2023-11-20 14:17:32,407 [d8d0483b-b60f-4086-b029-9dd5e1fa5048-groupManagement] INFO  server.RaftServer$Division (RaftServerImpl.java:start(342)) - d8d0483b-b60f-4086-b029-9dd5e1fa5048@group-E4E039803129: start as a follower, conf=-1: peers:[d8d0483b-b60f-4086-b029-9dd5e1fa5048|rpc:10.1.0.10:15067|admin:10.1.0.10:15066|client:10.1.0.10:15065|dataStream:10.1.0.10:15068|priority:1|startupRole:FOLLOWER]|listeners:[], old=null
2023-11-20 14:17:32,407 [d8d0483b-b60f-4086-b029-9dd5e1fa5048-groupManagement] INFO  server.RaftServer$Division (RaftServerImpl.java:setRole(329)) - d8d0483b-b60f-4086-b029-9dd5e1fa5048@group-E4E039803129: changes role from      null to FOLLOWER at term 0 for startAsFollower
2023-11-20 14:17:32,407 [d8d0483b-b60f-4086-b029-9dd5e1fa5048-groupManagement] INFO  impl.RoleInfo (RoleInfo.java:updateAndGet(139)) - d8d0483b-b60f-4086-b029-9dd5e1fa5048: start d8d0483b-b60f-4086-b029-9dd5e1fa5048@group-E4E039803129-FollowerState
2023-11-20 14:17:32,407 [d8d0483b-b60f-4086-b029-9dd5e1fa5048@group-E4E039803129-FollowerState] INFO  server.RaftServerConfigKeys (ConfUtils.java:logFallback(53)) - raft.server.rpc.first-election.timeout.min = 5s (fallback to raft.server.rpc.timeout.min)
2023-11-20 14:17:32,407 [d8d0483b-b60f-4086-b029-9dd5e1fa5048@group-E4E039803129-FollowerState] INFO  server.RaftServerConfigKeys (ConfUtils.java:logFallback(53)) - raft.server.rpc.first-election.timeout.max = 5200ms (fallback to raft.server.rpc.timeout.max)
2023-11-20 14:17:32,407 [d8d0483b-b60f-4086-b029-9dd5e1fa5048-groupManagement] INFO  util.JmxRegister (JmxRegister.java:tryRegister(44)) - Successfully registered JMX Bean with object name Ratis:service=RaftServer,group=group-E4E039803129,id=d8d0483b-b60f-4086-b029-9dd5e1fa5048
2023-11-20 14:17:32,408 [d8d0483b-b60f-4086-b029-9dd5e1fa5048-groupManagement] INFO  server.RaftServerConfigKeys (ConfUtils.java:logGet(46)) - raft.server.snapshot.auto.trigger.enabled = true (custom)
2023-11-20 14:17:32,408 [d8d0483b-b60f-4086-b029-9dd5e1fa5048-groupManagement] INFO  server.RaftServerConfigKeys (ConfUtils.java:logGet(46)) - raft.server.snapshot.auto.trigger.threshold = 10000 (custom)
2023-11-20 14:17:32,408 [d8d0483b-b60f-4086-b029-9dd5e1fa5048-groupManagement] INFO  server.RaftServerConfigKeys (ConfUtils.java:logGet(46)) - raft.server.snapshot.retention.file.num = 5 (custom)
2023-11-20 14:17:32,408 [d8d0483b-b60f-4086-b029-9dd5e1fa5048-groupManagement] INFO  server.RaftServerConfigKeys (ConfUtils.java:logGet(46)) - raft.server.log.purge.upto.snapshot.index = false (default)
2023-11-20 14:17:32,408 [d8d0483b-b60f-4086-b029-9dd5e1fa5048-PipelineCommandHandlerThread-0] INFO  ratis.XceiverServerRatis (XceiverServerRatis.java:addGroup(807)) - Created group PipelineID=b10e4d37-b695-47f5-8687-e4e039803129
2023-11-20 14:17:32,408 [d8d0483b-b60f-4086-b029-9dd5e1fa5048-PipelineCommandHandlerThread-0] INFO  commandhandler.CreatePipelineCommandHandler (CreatePipelineCommandHandler.java:lambda$handle$2(124)) - Created Pipeline RATIS ONE PipelineID=b10e4d37-b695-47f5-8687-e4e039803129.
2023-11-20 14:17:32,409 [d8d0483b-b60f-4086-b029-9dd5e1fa5048-PipelineCommandHandlerThread-0] INFO  server.RaftServer (RaftServerProxy.java:addNew(98)) - d8d0483b-b60f-4086-b029-9dd5e1fa5048: addNew group-E1FAF33906B1:[17b41fa2-89b0-41d9-9866-157016c3cd1a|rpc:10.1.0.10:15076|admin:10.1.0.10:15075|client:10.1.0.10:15074|dataStream:10.1.0.10:15077|priority:1|startupRole:FOLLOWER, c8e369c4-4c6c-4030-b1f6-34ff4305fcfc|rpc:10.1.0.10:15085|admin:10.1.0.10:15084|client:10.1.0.10:15083|dataStream:10.1.0.10:15086|priority:0|startupRole:FOLLOWER, d8d0483b-b60f-4086-b029-9dd5e1fa5048|rpc:10.1.0.10:15067|admin:10.1.0.10:15066|client:10.1.0.10:15065|dataStream:10.1.0.10:15068|priority:0|startupRole:FOLLOWER] returns group-E1FAF33906B1:java.util.concurrent.CompletableFuture@716a8743[Not completed]
2023-11-20 14:17:32,409 [d8d0483b-b60f-4086-b029-9dd5e1fa5048-groupManagement] INFO  server.RaftServer$Division (RaftServerImpl.java:<init>(198)) - d8d0483b-b60f-4086-b029-9dd5e1fa5048: new RaftServerImpl for group-E1FAF33906B1:[17b41fa2-89b0-41d9-9866-157016c3cd1a|rpc:10.1.0.10:15076|admin:10.1.0.10:15075|client:10.1.0.10:15074|dataStream:10.1.0.10:15077|priority:1|startupRole:FOLLOWER, c8e369c4-4c6c-4030-b1f6-34ff4305fcfc|rpc:10.1.0.10:15085|admin:10.1.0.10:15084|client:10.1.0.10:15083|dataStream:10.1.0.10:15086|priority:0|startupRole:FOLLOWER, d8d0483b-b60f-4086-b029-9dd5e1fa5048|rpc:10.1.0.10:15067|admin:10.1.0.10:15066|client:10.1.0.10:15065|dataStream:10.1.0.10:15068|priority:0|startupRole:FOLLOWER] with ContainerStateMachine:uninitialized
2023-11-20 14:17:32,409 [d8d0483b-b60f-4086-b029-9dd5e1fa5048-groupManagement] INFO  server.RaftServerConfigKeys (ConfUtils.java:logGet(46)) - raft.server.rpc.timeout.min = 5s (custom)
2023-11-20 14:17:32,410 [d8d0483b-b60f-4086-b029-9dd5e1fa5048-groupManagement] INFO  server.RaftServerConfigKeys (ConfUtils.java:logGet(46)) - raft.server.rpc.timeout.max = 5200ms (custom)
2023-11-20 14:17:32,410 [d8d0483b-b60f-4086-b029-9dd5e1fa5048-groupManagement] INFO  server.RaftServerConfigKeys (ConfUtils.java:logGet(46)) - raft.server.rpc.sleep.time = 25ms (default)
2023-11-20 14:17:32,410 [d8d0483b-b60f-4086-b029-9dd5e1fa5048-groupManagement] INFO  server.RaftServerConfigKeys (ConfUtils.java:logGet(46)) - raft.server.rpc.slowness.timeout = 300s (custom)
2023-11-20 14:17:32,410 [d8d0483b-b60f-4086-b029-9dd5e1fa5048-groupManagement] INFO  server.RaftServerConfigKeys (ConfUtils.java:logGet(46)) - raft.server.leaderelection.leader.step-down.wait-time = 10s (default)
2023-11-20 14:17:32,410 [d8d0483b-b60f-4086-b029-9dd5e1fa5048-groupManagement] INFO  server.RaftServerConfigKeys (ConfUtils.java:logGet(46)) - raft.server.sleep.deviation.threshold = 300ms (default)
2023-11-20 14:17:32,410 [d8d0483b-b60f-4086-b029-9dd5e1fa5048-groupManagement] INFO  server.RaftServer$Division (ServerState.java:<init>(120)) - d8d0483b-b60f-4086-b029-9dd5e1fa5048@group-E1FAF33906B1: ConfigurationManager, init=-1: peers:[17b41fa2-89b0-41d9-9866-157016c3cd1a|rpc:10.1.0.10:15076|admin:10.1.0.10:15075|client:10.1.0.10:15074|dataStream:10.1.0.10:15077|priority:1|startupRole:FOLLOWER, c8e369c4-4c6c-4030-b1f6-34ff4305fcfc|rpc:10.1.0.10:15085|admin:10.1.0.10:15084|client:10.1.0.10:15083|dataStream:10.1.0.10:15086|priority:0|startupRole:FOLLOWER, d8d0483b-b60f-4086-b029-9dd5e1fa5048|rpc:10.1.0.10:15067|admin:10.1.0.10:15066|client:10.1.0.10:15065|dataStream:10.1.0.10:15068|priority:0|startupRole:FOLLOWER]|listeners:[], old=null, confs=<EMPTY_MAP>
2023-11-20 14:17:32,410 [d8d0483b-b60f-4086-b029-9dd5e1fa5048-groupManagement] INFO  server.RaftServerConfigKeys (ConfUtils.java:logGet(46)) - raft.server.storage.dir = [/home/runner/work/ozone/ozone/hadoop-ozone/integration-test/target/test-dir/MiniOzoneClusterImpl-c3dbe4e6-ad2a-443e-bb3b-bc3016376942/datanode-0/data/ratis] (custom)
2023-11-20 14:17:32,410 [d8d0483b-b60f-4086-b029-9dd5e1fa5048-groupManagement] INFO  server.RaftServerConfigKeys (ConfUtils.java:logGet(46)) - raft.server.log.corruption.policy = EXCEPTION (default)
2023-11-20 14:17:32,410 [d8d0483b-b60f-4086-b029-9dd5e1fa5048-groupManagement] INFO  server.RaftServerConfigKeys (ConfUtils.java:logGet(46)) - raft.server.storage.free-space.min = 0MB (=0) (default)
2023-11-20 14:17:32,410 [d8d0483b-b60f-4086-b029-9dd5e1fa5048-groupManagement] INFO  server.RaftServerConfigKeys (ConfUtils.java:logGet(46)) - raft.server.notification.no-leader.timeout = 300s (custom)
2023-11-20 14:17:32,410 [d8d0483b-b60f-4086-b029-9dd5e1fa5048-groupManagement] INFO  server.RaftServerConfigKeys (ConfUtils.java:logGet(46)) - raft.server.read.timeout = 10s (default)
2023-11-20 14:17:32,410 [d8d0483b-b60f-4086-b029-9dd5e1fa5048-groupManagement] INFO  server.RaftServerConfigKeys (ConfUtils.java:logGet(46)) - raft.server.retrycache.expirytime = 600000ms (custom)
2023-11-20 14:17:32,410 [d8d0483b-b60f-4086-b029-9dd5e1fa5048-groupManagement] INFO  server.RaftServerConfigKeys (ConfUtils.java:logGet(46)) - raft.server.retrycache.statistics.expirytime = 100μs (default)
2023-11-20 14:17:32,410 [d8d0483b-b60f-4086-b029-9dd5e1fa5048-groupManagement] INFO  server.RaftServerConfigKeys (ConfUtils.java:logGet(46)) - raft.server.read.option = DEFAULT (default)
2023-11-20 14:17:32,411 [d8d0483b-b60f-4086-b029-9dd5e1fa5048-groupManagement] INFO  server.RaftServerConfigKeys (ConfUtils.java:logGet(46)) - raft.server.rpc.request.timeout = 60s (custom)
2023-11-20 14:17:32,411 [d8d0483b-b60f-4086-b029-9dd5e1fa5048-groupManagement] INFO  server.RaftServerConfigKeys (ConfUtils.java:logGet(46)) - raft.server.log.appender.install.snapshot.enabled = false (custom)
2023-11-20 14:17:32,411 [d8d0483b-b60f-4086-b029-9dd5e1fa5048-groupManagement] INFO  server.RaftServerConfigKeys (ConfUtils.java:logGet(46)) - raft.server.threadpool.server.cached = true (default)
2023-11-20 14:17:32,411 [d8d0483b-b60f-4086-b029-9dd5e1fa5048-groupManagement] INFO  server.RaftServerConfigKeys (ConfUtils.java:logGet(46)) - raft.server.threadpool.server.size = 0 (default)
2023-11-20 14:17:32,411 [d8d0483b-b60f-4086-b029-9dd5e1fa5048-groupManagement] INFO  server.RaftServerConfigKeys (ConfUtils.java:logGet(46)) - raft.server.threadpool.client.cached = true (default)
2023-11-20 14:17:32,412 [d8d0483b-b60f-4086-b029-9dd5e1fa5048-groupManagement] INFO  server.RaftServerConfigKeys (ConfUtils.java:logGet(46)) - raft.server.threadpool.client.size = 0 (default)
2023-11-20 14:17:32,412 [d8d0483b-b60f-4086-b029-9dd5e1fa5048-groupManagement] INFO  storage.RaftStorageDirectory (RaftStorageDirectoryImpl.java:analyzeStorage(137)) - The storage directory /home/runner/work/ozone/ozone/hadoop-ozone/integration-test/target/test-dir/MiniOzoneClusterImpl-c3dbe4e6-ad2a-443e-bb3b-bc3016376942/datanode-0/data/ratis/49d40e01-1ef5-42ca-94dc-e1faf33906b1 does not exist. Creating ...
2023-11-20 14:17:32,412 [d8d0483b-b60f-4086-b029-9dd5e1fa5048-groupManagement] INFO  storage.RaftStorageDirectory (RaftStorageDirectoryImpl.java:tryLock(231)) - Lock on /home/runner/work/ozone/ozone/hadoop-ozone/integration-test/target/test-dir/MiniOzoneClusterImpl-c3dbe4e6-ad2a-443e-bb3b-bc3016376942/datanode-0/data/ratis/49d40e01-1ef5-42ca-94dc-e1faf33906b1/in_use.lock acquired by nodename 31507@fv-az1500-317
2023-11-20 14:17:32,413 [d8d0483b-b60f-4086-b029-9dd5e1fa5048-groupManagement] INFO  storage.RaftStorage (RaftStorageImpl.java:format(96)) - Storage directory /home/runner/work/ozone/ozone/hadoop-ozone/integration-test/target/test-dir/MiniOzoneClusterImpl-c3dbe4e6-ad2a-443e-bb3b-bc3016376942/datanode-0/data/ratis/49d40e01-1ef5-42ca-94dc-e1faf33906b1 has been successfully formatted.
2023-11-20 14:17:32,413 [d8d0483b-b60f-4086-b029-9dd5e1fa5048-groupManagement] INFO  ratis.ContainerStateMachine (ContainerStateMachine.java:loadSnapshot(269)) - group-E1FAF33906B1: The snapshot info is null. Setting the last applied indexto:(t:0, i:~)
2023-11-20 14:17:32,413 [d8d0483b-b60f-4086-b029-9dd5e1fa5048-groupManagement] INFO  server.RaftServerConfigKeys (ConfUtils.java:logGet(46)) - raft.server.log.use.memory = false (default)
2023-11-20 14:17:32,414 [d8d0483b-b60f-4086-b029-9dd5e1fa5048-groupManagement] INFO  server.RaftServerConfigKeys (ConfUtils.java:logGet(46)) - raft.server.log.purge.gap = 1000000 (custom)
2023-11-20 14:17:32,414 [d8d0483b-b60f-4086-b029-9dd5e1fa5048-groupManagement] INFO  server.RaftServerConfigKeys (ConfUtils.java:logGet(46)) - raft.server.log.appender.buffer.byte-limit = 33554432 (custom)
2023-11-20 14:17:32,414 [d8d0483b-b60f-4086-b029-9dd5e1fa5048-groupManagement] INFO  server.RaftServerConfigKeys (ConfUtils.java:logGet(46)) - raft.server.log.statemachine.data.read.timeout = 1000ms (default)
2023-11-20 14:17:32,414 [d8d0483b-b60f-4086-b029-9dd5e1fa5048-groupManagement] INFO  server.RaftServerConfigKeys (ConfUtils.java:logGet(46)) - raft.server.log.purge.preservation.log.num = 0 (default)
2023-11-20 14:17:32,414 [d8d0483b-b60f-4086-b029-9dd5e1fa5048-groupManagement] INFO  server.RaftServerConfigKeys (ConfUtils.java:logGet(46)) - raft.server.log.segment.size.max = 1048576 (custom)
2023-11-20 14:17:32,414 [EventQueue-OpenPipelineForHealthyPipelineSafeModeRule] INFO  safemode.SCMSafeModeManager (HealthyPipelineSafeModeRule.java:process(137)) - SCM in safe mode. Healthy pipelines reported count is 0, required healthy pipeline reported count is 1
2023-11-20 14:17:32,414 [d8d0483b-b60f-4086-b029-9dd5e1fa5048-groupManagement] INFO  server.RaftServerConfigKeys (ConfUtils.java:logGet(46)) - raft.server.log.segment.cache.num.max = 2 (custom)
2023-11-20 14:17:32,414 [d8d0483b-b60f-4086-b029-9dd5e1fa5048-groupManagement] INFO  server.RaftServerConfigKeys (ConfUtils.java:logGet(46)) - raft.server.log.segment.cache.size.max = 200MB (=209715200) (default)
2023-11-20 14:17:32,414 [d8d0483b-b60f-4086-b029-9dd5e1fa5048-groupManagement] INFO  server.RaftServerConfigKeys (ConfUtils.java:logGet(46)) - raft.server.log.appender.buffer.byte-limit = 33554432 (custom)
2023-11-20 14:17:32,414 [d8d0483b-b60f-4086-b029-9dd5e1fa5048-groupManagement] INFO  segmented.SegmentedRaftLogWorker (SegmentedRaftLogWorker.java:<init>(188)) - new d8d0483b-b60f-4086-b029-9dd5e1fa5048@group-E1FAF33906B1-SegmentedRaftLogWorker for RaftStorageImpl:Storage Directory /home/runner/work/ozone/ozone/hadoop-ozone/integration-test/target/test-dir/MiniOzoneClusterImpl-c3dbe4e6-ad2a-443e-bb3b-bc3016376942/datanode-0/data/ratis/49d40e01-1ef5-42ca-94dc-e1faf33906b1
2023-11-20 14:17:32,415 [d8d0483b-b60f-4086-b029-9dd5e1fa5048-groupManagement] INFO  server.RaftServerConfigKeys (ConfUtils.java:logGet(46)) - raft.server.log.queue.byte-limit = 4294967296 (custom)
2023-11-20 14:17:32,415 [d8d0483b-b60f-4086-b029-9dd5e1fa5048-groupManagement] INFO  server.RaftServerConfigKeys (ConfUtils.java:logGet(46)) - raft.server.log.queue.element-limit = 1024 (custom)
2023-11-20 14:17:32,415 [d8d0483b-b60f-4086-b029-9dd5e1fa5048-groupManagement] INFO  server.RaftServerConfigKeys (ConfUtils.java:logGet(46)) - raft.server.log.segment.size.max = 1048576 (custom)
2023-11-20 14:17:32,415 [d8d0483b-b60f-4086-b029-9dd5e1fa5048-groupManagement] INFO  server.RaftServerConfigKeys (ConfUtils.java:logGet(46)) - raft.server.log.preallocated.size = 16384 (custom)
2023-11-20 14:17:32,415 [d8d0483b-b60f-4086-b029-9dd5e1fa5048-groupManagement] INFO  server.RaftServerConfigKeys (ConfUtils.java:logGet(46)) - raft.server.log.force.sync.num = 128 (default)
2023-11-20 14:17:32,415 [d8d0483b-b60f-4086-b029-9dd5e1fa5048-groupManagement] INFO  server.RaftServerConfigKeys (ConfUtils.java:logGet(46)) - raft.server.log.statemachine.data.sync = true (default)
2023-11-20 14:17:32,415 [d8d0483b-b60f-4086-b029-9dd5e1fa5048-groupManagement] INFO  server.RaftServerConfigKeys (ConfUtils.java:logGet(46)) - raft.server.log.statemachine.data.sync.timeout = 10s (default)
2023-11-20 14:17:32,415 [d8d0483b-b60f-4086-b029-9dd5e1fa5048-groupManagement] INFO  server.RaftServerConfigKeys (ConfUtils.java:logGet(46)) - raft.server.log.statemachine.data.sync.timeout.retry = -1 (default)
2023-11-20 14:17:32,416 [d8d0483b-b60f-4086-b029-9dd5e1fa5048-groupManagement] INFO  server.RaftServerConfigKeys (ConfUtils.java:logGet(46)) - raft.server.log.write.buffer.size = 1048576 (custom)
2023-11-20 14:17:32,416 [d8d0483b-b60f-4086-b029-9dd5e1fa5048-groupManagement] INFO  server.RaftServerConfigKeys (ConfUtils.java:logGet(46)) - raft.server.log.appender.buffer.byte-limit = 33554432 (custom)
2023-11-20 14:17:32,418 [d8d0483b-b60f-4086-b029-9dd5e1fa5048-groupManagement] INFO  server.RaftServerConfigKeys (ConfUtils.java:logGet(46)) - raft.server.log.unsafe-flush.enabled = false (default)
2023-11-20 14:17:32,418 [d8d0483b-b60f-4086-b029-9dd5e1fa5048-groupManagement] INFO  server.RaftServerConfigKeys (ConfUtils.java:logGet(46)) - raft.server.log.async-flush.enabled = false (default)
2023-11-20 14:17:32,418 [d8d0483b-b60f-4086-b029-9dd5e1fa5048-groupManagement] INFO  server.RaftServerConfigKeys (ConfUtils.java:logGet(46)) - raft.server.log.statemachine.data.caching.enabled = true (custom)
2023-11-20 14:17:32,418 [d8d0483b-b60f-4086-b029-9dd5e1fa5048-groupManagement] INFO  segmented.SegmentedRaftLogWorker (SegmentedRaftLogWorker.java:lambda$new$0(135)) - d8d0483b-b60f-4086-b029-9dd5e1fa5048@group-E1FAF33906B1-SegmentedRaftLogWorker: flushIndex: setUnconditionally 0 -> -1
2023-11-20 14:17:32,418 [d8d0483b-b60f-4086-b029-9dd5e1fa5048-groupManagement] INFO  segmented.SegmentedRaftLogWorker (SegmentedRaftLogWorker.java:lambda$new$0(135)) - d8d0483b-b60f-4086-b029-9dd5e1fa5048@group-E1FAF33906B1-SegmentedRaftLogWorker: safeCacheEvictIndex: setUnconditionally 0 -> -1
2023-11-20 14:17:32,418 [d8d0483b-b60f-4086-b029-9dd5e1fa5048-groupManagement] INFO  server.RaftServer$Division (RaftServerImpl.java:start(342)) - d8d0483b-b60f-4086-b029-9dd5e1fa5048@group-E1FAF33906B1: start as a follower, conf=-1: peers:[17b41fa2-89b0-41d9-9866-157016c3cd1a|rpc:10.1.0.10:15076|admin:10.1.0.10:15075|client:10.1.0.10:15074|dataStream:10.1.0.10:15077|priority:1|startupRole:FOLLOWER, c8e369c4-4c6c-4030-b1f6-34ff4305fcfc|rpc:10.1.0.10:15085|admin:10.1.0.10:15084|client:10.1.0.10:15083|dataStream:10.1.0.10:15086|priority:0|startupRole:FOLLOWER, d8d0483b-b60f-4086-b029-9dd5e1fa5048|rpc:10.1.0.10:15067|admin:10.1.0.10:15066|client:10.1.0.10:15065|dataStream:10.1.0.10:15068|priority:0|startupRole:FOLLOWER]|listeners:[], old=null
2023-11-20 14:17:32,418 [d8d0483b-b60f-4086-b029-9dd5e1fa5048-groupManagement] INFO  server.RaftServer$Division (RaftServerImpl.java:setRole(329)) - d8d0483b-b60f-4086-b029-9dd5e1fa5048@group-E1FAF33906B1: changes role from      null to FOLLOWER at term 0 for startAsFollower
2023-11-20 14:17:32,418 [d8d0483b-b60f-4086-b029-9dd5e1fa5048-groupManagement] INFO  impl.RoleInfo (RoleInfo.java:updateAndGet(139)) - d8d0483b-b60f-4086-b029-9dd5e1fa5048: start d8d0483b-b60f-4086-b029-9dd5e1fa5048@group-E1FAF33906B1-FollowerState
2023-11-20 14:17:32,418 [d8d0483b-b60f-4086-b029-9dd5e1fa5048@group-E1FAF33906B1-FollowerState] INFO  server.RaftServerConfigKeys (ConfUtils.java:logFallback(53)) - raft.server.rpc.first-election.timeout.min = 5s (fallback to raft.server.rpc.timeout.min)
2023-11-20 14:17:32,418 [d8d0483b-b60f-4086-b029-9dd5e1fa5048-groupManagement] INFO  util.JmxRegister (JmxRegister.java:tryRegister(44)) - Successfully registered JMX Bean with object name Ratis:service=RaftServer,group=group-E1FAF33906B1,id=d8d0483b-b60f-4086-b029-9dd5e1fa5048
2023-11-20 14:17:32,418 [d8d0483b-b60f-4086-b029-9dd5e1fa5048@group-E1FAF33906B1-FollowerState] INFO  server.RaftServerConfigKeys (ConfUtils.java:logFallback(53)) - raft.server.rpc.first-election.timeout.max = 5200ms (fallback to raft.server.rpc.timeout.max)
2023-11-20 14:17:32,418 [d8d0483b-b60f-4086-b029-9dd5e1fa5048-groupManagement] INFO  server.RaftServerConfigKeys (ConfUtils.java:logGet(46)) - raft.server.snapshot.auto.trigger.enabled = true (custom)
2023-11-20 14:17:32,419 [d8d0483b-b60f-4086-b029-9dd5e1fa5048-groupManagement] INFO  server.RaftServerConfigKeys (ConfUtils.java:logGet(46)) - raft.server.snapshot.auto.trigger.threshold = 10000 (custom)
2023-11-20 14:17:32,419 [d8d0483b-b60f-4086-b029-9dd5e1fa5048-groupManagement] INFO  server.RaftServerConfigKeys (ConfUtils.java:logGet(46)) - raft.server.snapshot.retention.file.num = 5 (custom)
2023-11-20 14:17:32,419 [d8d0483b-b60f-4086-b029-9dd5e1fa5048-groupManagement] INFO  server.RaftServerConfigKeys (ConfUtils.java:logGet(46)) - raft.server.log.purge.upto.snapshot.index = false (default)
2023-11-20 14:17:32,419 [d8d0483b-b60f-4086-b029-9dd5e1fa5048-PipelineCommandHandlerThread-0] INFO  ratis.XceiverServerRatis (XceiverServerRatis.java:addGroup(807)) - Created group PipelineID=49d40e01-1ef5-42ca-94dc-e1faf33906b1
2023-11-20 14:17:32,428 [grpc-default-executor-0] INFO  server.RaftServer (RaftServerProxy.java:addNew(98)) - c8e369c4-4c6c-4030-b1f6-34ff4305fcfc: addNew group-E1FAF33906B1:[17b41fa2-89b0-41d9-9866-157016c3cd1a|rpc:10.1.0.10:15076|admin:10.1.0.10:15075|client:10.1.0.10:15074|dataStream:10.1.0.10:15077|priority:1|startupRole:FOLLOWER, c8e369c4-4c6c-4030-b1f6-34ff4305fcfc|rpc:10.1.0.10:15085|admin:10.1.0.10:15084|client:10.1.0.10:15083|dataStream:10.1.0.10:15086|priority:0|startupRole:FOLLOWER, d8d0483b-b60f-4086-b029-9dd5e1fa5048|rpc:10.1.0.10:15067|admin:10.1.0.10:15066|client:10.1.0.10:15065|dataStream:10.1.0.10:15068|priority:0|startupRole:FOLLOWER] returns group-E1FAF33906B1:java.util.concurrent.CompletableFuture@43f065cc[Not completed]
2023-11-20 14:17:32,429 [c8e369c4-4c6c-4030-b1f6-34ff4305fcfc-groupManagement] INFO  server.RaftServer$Division (RaftServerImpl.java:<init>(198)) - c8e369c4-4c6c-4030-b1f6-34ff4305fcfc: new RaftServerImpl for group-E1FAF33906B1:[17b41fa2-89b0-41d9-9866-157016c3cd1a|rpc:10.1.0.10:15076|admin:10.1.0.10:15075|client:10.1.0.10:15074|dataStream:10.1.0.10:15077|priority:1|startupRole:FOLLOWER, c8e369c4-4c6c-4030-b1f6-34ff4305fcfc|rpc:10.1.0.10:15085|admin:10.1.0.10:15084|client:10.1.0.10:15083|dataStream:10.1.0.10:15086|priority:0|startupRole:FOLLOWER, d8d0483b-b60f-4086-b029-9dd5e1fa5048|rpc:10.1.0.10:15067|admin:10.1.0.10:15066|client:10.1.0.10:15065|dataStream:10.1.0.10:15068|priority:0|startupRole:FOLLOWER] with ContainerStateMachine:uninitialized
2023-11-20 14:17:32,429 [c8e369c4-4c6c-4030-b1f6-34ff4305fcfc-groupManagement] INFO  server.RaftServerConfigKeys (ConfUtils.java:logGet(46)) - raft.server.rpc.timeout.min = 5s (custom)
2023-11-20 14:17:32,429 [c8e369c4-4c6c-4030-b1f6-34ff4305fcfc-groupManagement] INFO  server.RaftServerConfigKeys (ConfUtils.java:logGet(46)) - raft.server.rpc.timeout.max = 5200ms (custom)
2023-11-20 14:17:32,429 [c8e369c4-4c6c-4030-b1f6-34ff4305fcfc-groupManagement] INFO  server.RaftServerConfigKeys (ConfUtils.java:logGet(46)) - raft.server.rpc.sleep.time = 25ms (default)
2023-11-20 14:17:32,429 [c8e369c4-4c6c-4030-b1f6-34ff4305fcfc-groupManagement] INFO  server.RaftServerConfigKeys (ConfUtils.java:logGet(46)) - raft.server.rpc.slowness.timeout = 300s (custom)
2023-11-20 14:17:32,429 [c8e369c4-4c6c-4030-b1f6-34ff4305fcfc-groupManagement] INFO  server.RaftServerConfigKeys (ConfUtils.java:logGet(46)) - raft.server.leaderelection.leader.step-down.wait-time = 10s (default)
2023-11-20 14:17:32,429 [c8e369c4-4c6c-4030-b1f6-34ff4305fcfc-groupManagement] INFO  server.RaftServerConfigKeys (ConfUtils.java:logGet(46)) - raft.server.sleep.deviation.threshold = 300ms (default)
2023-11-20 14:17:32,429 [c8e369c4-4c6c-4030-b1f6-34ff4305fcfc-groupManagement] INFO  server.RaftServer$Division (ServerState.java:<init>(120)) - c8e369c4-4c6c-4030-b1f6-34ff4305fcfc@group-E1FAF33906B1: ConfigurationManager, init=-1: peers:[17b41fa2-89b0-41d9-9866-157016c3cd1a|rpc:10.1.0.10:15076|admin:10.1.0.10:15075|client:10.1.0.10:15074|dataStream:10.1.0.10:15077|priority:1|startupRole:FOLLOWER, c8e369c4-4c6c-4030-b1f6-34ff4305fcfc|rpc:10.1.0.10:15085|admin:10.1.0.10:15084|client:10.1.0.10:15083|dataStream:10.1.0.10:15086|priority:0|startupRole:FOLLOWER, d8d0483b-b60f-4086-b029-9dd5e1fa5048|rpc:10.1.0.10:15067|admin:10.1.0.10:15066|client:10.1.0.10:15065|dataStream:10.1.0.10:15068|priority:0|startupRole:FOLLOWER]|listeners:[], old=null, confs=<EMPTY_MAP>
2023-11-20 14:17:32,429 [c8e369c4-4c6c-4030-b1f6-34ff4305fcfc-groupManagement] INFO  server.RaftServerConfigKeys (ConfUtils.java:logGet(46)) - raft.server.storage.dir = [/home/runner/work/ozone/ozone/hadoop-ozone/integration-test/target/test-dir/MiniOzoneClusterImpl-c3dbe4e6-ad2a-443e-bb3b-bc3016376942/datanode-2/data/ratis] (custom)
2023-11-20 14:17:32,429 [c8e369c4-4c6c-4030-b1f6-34ff4305fcfc-groupManagement] INFO  server.RaftServerConfigKeys (ConfUtils.java:logGet(46)) - raft.server.log.corruption.policy = EXCEPTION (default)
2023-11-20 14:17:32,429 [c8e369c4-4c6c-4030-b1f6-34ff4305fcfc-groupManagement] INFO  server.RaftServerConfigKeys (ConfUtils.java:logGet(46)) - raft.server.storage.free-space.min = 0MB (=0) (default)
2023-11-20 14:17:32,429 [c8e369c4-4c6c-4030-b1f6-34ff4305fcfc-groupManagement] INFO  server.RaftServerConfigKeys (ConfUtils.java:logGet(46)) - raft.server.notification.no-leader.timeout = 300s (custom)
2023-11-20 14:17:32,430 [c8e369c4-4c6c-4030-b1f6-34ff4305fcfc-groupManagement] INFO  server.RaftServerConfigKeys (ConfUtils.java:logGet(46)) - raft.server.read.timeout = 10s (default)
2023-11-20 14:17:32,430 [c8e369c4-4c6c-4030-b1f6-34ff4305fcfc-groupManagement] INFO  server.RaftServerConfigKeys (ConfUtils.java:logGet(46)) - raft.server.retrycache.expirytime = 600000ms (custom)
2023-11-20 14:17:32,430 [c8e369c4-4c6c-4030-b1f6-34ff4305fcfc-groupManagement] INFO  server.RaftServerConfigKeys (ConfUtils.java:logGet(46)) - raft.server.retrycache.statistics.expirytime = 100μs (default)
2023-11-20 14:17:32,430 [c8e369c4-4c6c-4030-b1f6-34ff4305fcfc-groupManagement] INFO  server.RaftServerConfigKeys (ConfUtils.java:logGet(46)) - raft.server.read.option = DEFAULT (default)
2023-11-20 14:17:32,431 [c8e369c4-4c6c-4030-b1f6-34ff4305fcfc-groupManagement] INFO  server.RaftServerConfigKeys (ConfUtils.java:logGet(46)) - raft.server.rpc.request.timeout = 60s (custom)
2023-11-20 14:17:32,431 [c8e369c4-4c6c-4030-b1f6-34ff4305fcfc-groupManagement] INFO  server.RaftServerConfigKeys (ConfUtils.java:logGet(46)) - raft.server.log.appender.install.snapshot.enabled = false (custom)
2023-11-20 14:17:32,431 [c8e369c4-4c6c-4030-b1f6-34ff4305fcfc-groupManagement] INFO  server.RaftServerConfigKeys (ConfUtils.java:logGet(46)) - raft.server.threadpool.server.cached = true (default)
2023-11-20 14:17:32,431 [c8e369c4-4c6c-4030-b1f6-34ff4305fcfc-groupManagement] INFO  server.RaftServerConfigKeys (ConfUtils.java:logGet(46)) - raft.server.threadpool.server.size = 0 (default)
2023-11-20 14:17:32,431 [c8e369c4-4c6c-4030-b1f6-34ff4305fcfc-groupManagement] INFO  server.RaftServerConfigKeys (ConfUtils.java:logGet(46)) - raft.server.threadpool.client.cached = true (default)
2023-11-20 14:17:32,431 [c8e369c4-4c6c-4030-b1f6-34ff4305fcfc-groupManagement] INFO  server.RaftServerConfigKeys (ConfUtils.java:logGet(46)) - raft.server.threadpool.client.size = 0 (default)
2023-11-20 14:17:32,431 [c8e369c4-4c6c-4030-b1f6-34ff4305fcfc-groupManagement] INFO  storage.RaftStorageDirectory (RaftStorageDirectoryImpl.java:analyzeStorage(137)) - The storage directory /home/runner/work/ozone/ozone/hadoop-ozone/integration-test/target/test-dir/MiniOzoneClusterImpl-c3dbe4e6-ad2a-443e-bb3b-bc3016376942/datanode-2/data/ratis/49d40e01-1ef5-42ca-94dc-e1faf33906b1 does not exist. Creating ...
2023-11-20 14:17:32,432 [c8e369c4-4c6c-4030-b1f6-34ff4305fcfc-groupManagement] INFO  storage.RaftStorageDirectory (RaftStorageDirectoryImpl.java:tryLock(231)) - Lock on /home/runner/work/ozone/ozone/hadoop-ozone/integration-test/target/test-dir/MiniOzoneClusterImpl-c3dbe4e6-ad2a-443e-bb3b-bc3016376942/datanode-2/data/ratis/49d40e01-1ef5-42ca-94dc-e1faf33906b1/in_use.lock acquired by nodename 31507@fv-az1500-317
2023-11-20 14:17:32,433 [c8e369c4-4c6c-4030-b1f6-34ff4305fcfc-groupManagement] INFO  storage.RaftStorage (RaftStorageImpl.java:format(96)) - Storage directory /home/runner/work/ozone/ozone/hadoop-ozone/integration-test/target/test-dir/MiniOzoneClusterImpl-c3dbe4e6-ad2a-443e-bb3b-bc3016376942/datanode-2/data/ratis/49d40e01-1ef5-42ca-94dc-e1faf33906b1 has been successfully formatted.
2023-11-20 14:17:32,433 [c8e369c4-4c6c-4030-b1f6-34ff4305fcfc-groupManagement] INFO  ratis.ContainerStateMachine (ContainerStateMachine.java:loadSnapshot(269)) - group-E1FAF33906B1: The snapshot info is null. Setting the last applied indexto:(t:0, i:~)
2023-11-20 14:17:32,433 [c8e369c4-4c6c-4030-b1f6-34ff4305fcfc-groupManagement] INFO  server.RaftServerConfigKeys (ConfUtils.java:logGet(46)) - raft.server.log.use.memory = false (default)
2023-11-20 14:17:32,433 [c8e369c4-4c6c-4030-b1f6-34ff4305fcfc-groupManagement] INFO  server.RaftServerConfigKeys (ConfUtils.java:logGet(46)) - raft.server.log.purge.gap = 1000000 (custom)
2023-11-20 14:17:32,434 [c8e369c4-4c6c-4030-b1f6-34ff4305fcfc-groupManagement] INFO  server.RaftServerConfigKeys (ConfUtils.java:logGet(46)) - raft.server.log.appender.buffer.byte-limit = 33554432 (custom)
2023-11-20 14:17:32,434 [c8e369c4-4c6c-4030-b1f6-34ff4305fcfc-groupManagement] INFO  server.RaftServerConfigKeys (ConfUtils.java:logGet(46)) - raft.server.log.statemachine.data.read.timeout = 1000ms (default)
2023-11-20 14:17:32,434 [c8e369c4-4c6c-4030-b1f6-34ff4305fcfc-groupManagement] INFO  server.RaftServerConfigKeys (ConfUtils.java:logGet(46)) - raft.server.log.purge.preservation.log.num = 0 (default)
2023-11-20 14:17:32,434 [c8e369c4-4c6c-4030-b1f6-34ff4305fcfc-groupManagement] INFO  server.RaftServerConfigKeys (ConfUtils.java:logGet(46)) - raft.server.log.segment.size.max = 1048576 (custom)
2023-11-20 14:17:32,434 [c8e369c4-4c6c-4030-b1f6-34ff4305fcfc-groupManagement] INFO  server.RaftServerConfigKeys (ConfUtils.java:logGet(46)) - raft.server.log.segment.cache.num.max = 2 (custom)
2023-11-20 14:17:32,434 [c8e369c4-4c6c-4030-b1f6-34ff4305fcfc-groupManagement] INFO  server.RaftServerConfigKeys (ConfUtils.java:logGet(46)) - raft.server.log.segment.cache.size.max = 200MB (=209715200) (default)
2023-11-20 14:17:32,434 [c8e369c4-4c6c-4030-b1f6-34ff4305fcfc-groupManagement] INFO  server.RaftServerConfigKeys (ConfUtils.java:logGet(46)) - raft.server.log.appender.buffer.byte-limit = 33554432 (custom)
2023-11-20 14:17:32,434 [c8e369c4-4c6c-4030-b1f6-34ff4305fcfc-groupManagement] INFO  segmented.SegmentedRaftLogWorker (SegmentedRaftLogWorker.java:<init>(188)) - new c8e369c4-4c6c-4030-b1f6-34ff4305fcfc@group-E1FAF33906B1-SegmentedRaftLogWorker for RaftStorageImpl:Storage Directory /home/runner/work/ozone/ozone/hadoop-ozone/integration-test/target/test-dir/MiniOzoneClusterImpl-c3dbe4e6-ad2a-443e-bb3b-bc3016376942/datanode-2/data/ratis/49d40e01-1ef5-42ca-94dc-e1faf33906b1
2023-11-20 14:17:32,434 [c8e369c4-4c6c-4030-b1f6-34ff4305fcfc-groupManagement] INFO  server.RaftServerConfigKeys (ConfUtils.java:logGet(46)) - raft.server.log.queue.byte-limit = 4294967296 (custom)
2023-11-20 14:17:32,434 [c8e369c4-4c6c-4030-b1f6-34ff4305fcfc-groupManagement] INFO  server.RaftServerConfigKeys (ConfUtils.java:logGet(46)) - raft.server.log.queue.element-limit = 1024 (custom)
2023-11-20 14:17:32,435 [c8e369c4-4c6c-4030-b1f6-34ff4305fcfc-groupManagement] INFO  server.RaftServerConfigKeys (ConfUtils.java:logGet(46)) - raft.server.log.segment.size.max = 1048576 (custom)
2023-11-20 14:17:32,435 [c8e369c4-4c6c-4030-b1f6-34ff4305fcfc-groupManagement] INFO  server.RaftServerConfigKeys (ConfUtils.java:logGet(46)) - raft.server.log.preallocated.size = 16384 (custom)
2023-11-20 14:17:32,435 [c8e369c4-4c6c-4030-b1f6-34ff4305fcfc-groupManagement] INFO  server.RaftServerConfigKeys (ConfUtils.java:logGet(46)) - raft.server.log.force.sync.num = 128 (default)
2023-11-20 14:17:32,435 [c8e369c4-4c6c-4030-b1f6-34ff4305fcfc-groupManagement] INFO  server.RaftServerConfigKeys (ConfUtils.java:logGet(46)) - raft.server.log.statemachine.data.sync = true (default)
2023-11-20 14:17:32,435 [c8e369c4-4c6c-4030-b1f6-34ff4305fcfc-groupManagement] INFO  server.RaftServerConfigKeys (ConfUtils.java:logGet(46)) - raft.server.log.statemachine.data.sync.timeout = 10s (default)
2023-11-20 14:17:32,435 [c8e369c4-4c6c-4030-b1f6-34ff4305fcfc-groupManagement] INFO  server.RaftServerConfigKeys (ConfUtils.java:logGet(46)) - raft.server.log.statemachine.data.sync.timeout.retry = -1 (default)
2023-11-20 14:17:32,435 [c8e369c4-4c6c-4030-b1f6-34ff4305fcfc-groupManagement] INFO  server.RaftServerConfigKeys (ConfUtils.java:logGet(46)) - raft.server.log.write.buffer.size = 1048576 (custom)
2023-11-20 14:17:32,436 [c8e369c4-4c6c-4030-b1f6-34ff4305fcfc-groupManagement] INFO  server.RaftServerConfigKeys (ConfUtils.java:logGet(46)) - raft.server.log.appender.buffer.byte-limit = 33554432 (custom)
2023-11-20 14:17:32,437 [c8e369c4-4c6c-4030-b1f6-34ff4305fcfc-groupManagement] INFO  server.RaftServerConfigKeys (ConfUtils.java:logGet(46)) - raft.server.log.unsafe-flush.enabled = false (default)
2023-11-20 14:17:32,437 [c8e369c4-4c6c-4030-b1f6-34ff4305fcfc-groupManagement] INFO  server.RaftServerConfigKeys (ConfUtils.java:logGet(46)) - raft.server.log.async-flush.enabled = false (default)
2023-11-20 14:17:32,437 [c8e369c4-4c6c-4030-b1f6-34ff4305fcfc-groupManagement] INFO  server.RaftServerConfigKeys (ConfUtils.java:logGet(46)) - raft.server.log.statemachine.data.caching.enabled = true (custom)
2023-11-20 14:17:32,438 [c8e369c4-4c6c-4030-b1f6-34ff4305fcfc-groupManagement] INFO  segmented.SegmentedRaftLogWorker (SegmentedRaftLogWorker.java:lambda$new$0(135)) - c8e369c4-4c6c-4030-b1f6-34ff4305fcfc@group-E1FAF33906B1-SegmentedRaftLogWorker: flushIndex: setUnconditionally 0 -> -1
2023-11-20 14:17:32,438 [c8e369c4-4c6c-4030-b1f6-34ff4305fcfc-groupManagement] INFO  segmented.SegmentedRaftLogWorker (SegmentedRaftLogWorker.java:lambda$new$0(135)) - c8e369c4-4c6c-4030-b1f6-34ff4305fcfc@group-E1FAF33906B1-SegmentedRaftLogWorker: safeCacheEvictIndex: setUnconditionally 0 -> -1
2023-11-20 14:17:32,438 [c8e369c4-4c6c-4030-b1f6-34ff4305fcfc-groupManagement] INFO  server.RaftServer$Division (RaftServerImpl.java:start(342)) - c8e369c4-4c6c-4030-b1f6-34ff4305fcfc@group-E1FAF33906B1: start as a follower, conf=-1: peers:[17b41fa2-89b0-41d9-9866-157016c3cd1a|rpc:10.1.0.10:15076|admin:10.1.0.10:15075|client:10.1.0.10:15074|dataStream:10.1.0.10:15077|priority:1|startupRole:FOLLOWER, c8e369c4-4c6c-4030-b1f6-34ff4305fcfc|rpc:10.1.0.10:15085|admin:10.1.0.10:15084|client:10.1.0.10:15083|dataStream:10.1.0.10:15086|priority:0|startupRole:FOLLOWER, d8d0483b-b60f-4086-b029-9dd5e1fa5048|rpc:10.1.0.10:15067|admin:10.1.0.10:15066|client:10.1.0.10:15065|dataStream:10.1.0.10:15068|priority:0|startupRole:FOLLOWER]|listeners:[], old=null
2023-11-20 14:17:32,438 [c8e369c4-4c6c-4030-b1f6-34ff4305fcfc-groupManagement] INFO  server.RaftServer$Division (RaftServerImpl.java:setRole(329)) - c8e369c4-4c6c-4030-b1f6-34ff4305fcfc@group-E1FAF33906B1: changes role from      null to FOLLOWER at term 0 for startAsFollower
2023-11-20 14:17:32,438 [c8e369c4-4c6c-4030-b1f6-34ff4305fcfc-groupManagement] INFO  impl.RoleInfo (RoleInfo.java:updateAndGet(139)) - c8e369c4-4c6c-4030-b1f6-34ff4305fcfc: start c8e369c4-4c6c-4030-b1f6-34ff4305fcfc@group-E1FAF33906B1-FollowerState
2023-11-20 14:17:32,438 [c8e369c4-4c6c-4030-b1f6-34ff4305fcfc@group-E1FAF33906B1-FollowerState] INFO  server.RaftServerConfigKeys (ConfUtils.java:logFallback(53)) - raft.server.rpc.first-election.timeout.min = 5s (fallback to raft.server.rpc.timeout.min)
2023-11-20 14:17:32,438 [c8e369c4-4c6c-4030-b1f6-34ff4305fcfc-groupManagement] INFO  util.JmxRegister (JmxRegister.java:tryRegister(44)) - Successfully registered JMX Bean with object name Ratis:service=RaftServer,group=group-E1FAF33906B1,id=c8e369c4-4c6c-4030-b1f6-34ff4305fcfc
2023-11-20 14:17:32,438 [c8e369c4-4c6c-4030-b1f6-34ff4305fcfc@group-E1FAF33906B1-FollowerState] INFO  server.RaftServerConfigKeys (ConfUtils.java:logFallback(53)) - raft.server.rpc.first-election.timeout.max = 5200ms (fallback to raft.server.rpc.timeout.max)
2023-11-20 14:17:32,438 [c8e369c4-4c6c-4030-b1f6-34ff4305fcfc-groupManagement] INFO  server.RaftServerConfigKeys (ConfUtils.java:logGet(46)) - raft.server.snapshot.auto.trigger.enabled = true (custom)
2023-11-20 14:17:32,439 [c8e369c4-4c6c-4030-b1f6-34ff4305fcfc-groupManagement] INFO  server.RaftServerConfigKeys (ConfUtils.java:logGet(46)) - raft.server.snapshot.auto.trigger.threshold = 10000 (custom)
2023-11-20 14:17:32,439 [c8e369c4-4c6c-4030-b1f6-34ff4305fcfc-groupManagement] INFO  server.RaftServerConfigKeys (ConfUtils.java:logGet(46)) - raft.server.snapshot.retention.file.num = 5 (custom)
2023-11-20 14:17:32,439 [c8e369c4-4c6c-4030-b1f6-34ff4305fcfc-groupManagement] INFO  server.RaftServerConfigKeys (ConfUtils.java:logGet(46)) - raft.server.log.purge.upto.snapshot.index = false (default)
2023-11-20 14:17:32,450 [grpc-default-executor-0] INFO  server.RaftServer (RaftServerProxy.java:addNew(98)) - 17b41fa2-89b0-41d9-9866-157016c3cd1a: addNew group-E1FAF33906B1:[17b41fa2-89b0-41d9-9866-157016c3cd1a|rpc:10.1.0.10:15076|admin:10.1.0.10:15075|client:10.1.0.10:15074|dataStream:10.1.0.10:15077|priority:1|startupRole:FOLLOWER, c8e369c4-4c6c-4030-b1f6-34ff4305fcfc|rpc:10.1.0.10:15085|admin:10.1.0.10:15084|client:10.1.0.10:15083|dataStream:10.1.0.10:15086|priority:0|startupRole:FOLLOWER, d8d0483b-b60f-4086-b029-9dd5e1fa5048|rpc:10.1.0.10:15067|admin:10.1.0.10:15066|client:10.1.0.10:15065|dataStream:10.1.0.10:15068|priority:0|startupRole:FOLLOWER] returns group-E1FAF33906B1:java.util.concurrent.CompletableFuture@3607a2a4[Not completed]
2023-11-20 14:17:32,451 [17b41fa2-89b0-41d9-9866-157016c3cd1a-groupManagement] INFO  server.RaftServer$Division (RaftServerImpl.java:<init>(198)) - 17b41fa2-89b0-41d9-9866-157016c3cd1a: new RaftServerImpl for group-E1FAF33906B1:[17b41fa2-89b0-41d9-9866-157016c3cd1a|rpc:10.1.0.10:15076|admin:10.1.0.10:15075|client:10.1.0.10:15074|dataStream:10.1.0.10:15077|priority:1|startupRole:FOLLOWER, c8e369c4-4c6c-4030-b1f6-34ff4305fcfc|rpc:10.1.0.10:15085|admin:10.1.0.10:15084|client:10.1.0.10:15083|dataStream:10.1.0.10:15086|priority:0|startupRole:FOLLOWER, d8d0483b-b60f-4086-b029-9dd5e1fa5048|rpc:10.1.0.10:15067|admin:10.1.0.10:15066|client:10.1.0.10:15065|dataStream:10.1.0.10:15068|priority:0|startupRole:FOLLOWER] with ContainerStateMachine:uninitialized
2023-11-20 14:17:32,451 [17b41fa2-89b0-41d9-9866-157016c3cd1a-groupManagement] INFO  server.RaftServerConfigKeys (ConfUtils.java:logGet(46)) - raft.server.rpc.timeout.min = 5s (custom)
2023-11-20 14:17:32,451 [17b41fa2-89b0-41d9-9866-157016c3cd1a-groupManagement] INFO  server.RaftServerConfigKeys (ConfUtils.java:logGet(46)) - raft.server.rpc.timeout.max = 5200ms (custom)
2023-11-20 14:17:32,451 [17b41fa2-89b0-41d9-9866-157016c3cd1a-groupManagement] INFO  server.RaftServerConfigKeys (ConfUtils.java:logGet(46)) - raft.server.rpc.sleep.time = 25ms (default)
2023-11-20 14:17:32,451 [17b41fa2-89b0-41d9-9866-157016c3cd1a-groupManagement] INFO  server.RaftServerConfigKeys (ConfUtils.java:logGet(46)) - raft.server.rpc.slowness.timeout = 300s (custom)
2023-11-20 14:17:32,451 [17b41fa2-89b0-41d9-9866-157016c3cd1a-groupManagement] INFO  server.RaftServerConfigKeys (ConfUtils.java:logGet(46)) - raft.server.leaderelection.leader.step-down.wait-time = 10s (default)
2023-11-20 14:17:32,451 [17b41fa2-89b0-41d9-9866-157016c3cd1a-groupManagement] INFO  server.RaftServerConfigKeys (ConfUtils.java:logGet(46)) - raft.server.sleep.deviation.threshold = 300ms (default)
2023-11-20 14:17:32,452 [17b41fa2-89b0-41d9-9866-157016c3cd1a-groupManagement] INFO  server.RaftServer$Division (ServerState.java:<init>(120)) - 17b41fa2-89b0-41d9-9866-157016c3cd1a@group-E1FAF33906B1: ConfigurationManager, init=-1: peers:[17b41fa2-89b0-41d9-9866-157016c3cd1a|rpc:10.1.0.10:15076|admin:10.1.0.10:15075|client:10.1.0.10:15074|dataStream:10.1.0.10:15077|priority:1|startupRole:FOLLOWER, c8e369c4-4c6c-4030-b1f6-34ff4305fcfc|rpc:10.1.0.10:15085|admin:10.1.0.10:15084|client:10.1.0.10:15083|dataStream:10.1.0.10:15086|priority:0|startupRole:FOLLOWER, d8d0483b-b60f-4086-b029-9dd5e1fa5048|rpc:10.1.0.10:15067|admin:10.1.0.10:15066|client:10.1.0.10:15065|dataStream:10.1.0.10:15068|priority:0|startupRole:FOLLOWER]|listeners:[], old=null, confs=<EMPTY_MAP>
2023-11-20 14:17:32,452 [17b41fa2-89b0-41d9-9866-157016c3cd1a-groupManagement] INFO  server.RaftServerConfigKeys (ConfUtils.java:logGet(46)) - raft.server.storage.dir = [/home/runner/work/ozone/ozone/hadoop-ozone/integration-test/target/test-dir/MiniOzoneClusterImpl-c3dbe4e6-ad2a-443e-bb3b-bc3016376942/datanode-1/data/ratis] (custom)
2023-11-20 14:17:32,452 [17b41fa2-89b0-41d9-9866-157016c3cd1a-groupManagement] INFO  server.RaftServerConfigKeys (ConfUtils.java:logGet(46)) - raft.server.log.corruption.policy = EXCEPTION (default)
2023-11-20 14:17:32,452 [17b41fa2-89b0-41d9-9866-157016c3cd1a-groupManagement] INFO  server.RaftServerConfigKeys (ConfUtils.java:logGet(46)) - raft.server.storage.free-space.min = 0MB (=0) (default)
2023-11-20 14:17:32,452 [17b41fa2-89b0-41d9-9866-157016c3cd1a-groupManagement] INFO  server.RaftServerConfigKeys (ConfUtils.java:logGet(46)) - raft.server.notification.no-leader.timeout = 300s (custom)
2023-11-20 14:17:32,452 [17b41fa2-89b0-41d9-9866-157016c3cd1a-groupManagement] INFO  server.RaftServerConfigKeys (ConfUtils.java:logGet(46)) - raft.server.read.timeout = 10s (default)
2023-11-20 14:17:32,452 [17b41fa2-89b0-41d9-9866-157016c3cd1a-groupManagement] INFO  server.RaftServerConfigKeys (ConfUtils.java:logGet(46)) - raft.server.retrycache.expirytime = 600000ms (custom)
2023-11-20 14:17:32,452 [17b41fa2-89b0-41d9-9866-157016c3cd1a-groupManagement] INFO  server.RaftServerConfigKeys (ConfUtils.java:logGet(46)) - raft.server.retrycache.statistics.expirytime = 100μs (default)
2023-11-20 14:17:32,452 [17b41fa2-89b0-41d9-9866-157016c3cd1a-groupManagement] INFO  server.RaftServerConfigKeys (ConfUtils.java:logGet(46)) - raft.server.read.option = DEFAULT (default)
2023-11-20 14:17:32,455 [17b41fa2-89b0-41d9-9866-157016c3cd1a-groupManagement] INFO  server.RaftServerConfigKeys (ConfUtils.java:logGet(46)) - raft.server.rpc.request.timeout = 60s (custom)
2023-11-20 14:17:32,455 [17b41fa2-89b0-41d9-9866-157016c3cd1a-groupManagement] INFO  server.RaftServerConfigKeys (ConfUtils.java:logGet(46)) - raft.server.log.appender.install.snapshot.enabled = false (custom)
2023-11-20 14:17:32,455 [17b41fa2-89b0-41d9-9866-157016c3cd1a-groupManagement] INFO  server.RaftServerConfigKeys (ConfUtils.java:logGet(46)) - raft.server.threadpool.server.cached = true (default)
2023-11-20 14:17:32,455 [17b41fa2-89b0-41d9-9866-157016c3cd1a-groupManagement] INFO  server.RaftServerConfigKeys (ConfUtils.java:logGet(46)) - raft.server.threadpool.server.size = 0 (default)
2023-11-20 14:17:32,455 [17b41fa2-89b0-41d9-9866-157016c3cd1a-groupManagement] INFO  server.RaftServerConfigKeys (ConfUtils.java:logGet(46)) - raft.server.threadpool.client.cached = true (default)
2023-11-20 14:17:32,456 [17b41fa2-89b0-41d9-9866-157016c3cd1a-groupManagement] INFO  server.RaftServerConfigKeys (ConfUtils.java:logGet(46)) - raft.server.threadpool.client.size = 0 (default)
2023-11-20 14:17:32,456 [17b41fa2-89b0-41d9-9866-157016c3cd1a-groupManagement] INFO  storage.RaftStorageDirectory (RaftStorageDirectoryImpl.java:analyzeStorage(137)) - The storage directory /home/runner/work/ozone/ozone/hadoop-ozone/integration-test/target/test-dir/MiniOzoneClusterImpl-c3dbe4e6-ad2a-443e-bb3b-bc3016376942/datanode-1/data/ratis/49d40e01-1ef5-42ca-94dc-e1faf33906b1 does not exist. Creating ...
2023-11-20 14:17:32,456 [17b41fa2-89b0-41d9-9866-157016c3cd1a-groupManagement] INFO  storage.RaftStorageDirectory (RaftStorageDirectoryImpl.java:tryLock(231)) - Lock on /home/runner/work/ozone/ozone/hadoop-ozone/integration-test/target/test-dir/MiniOzoneClusterImpl-c3dbe4e6-ad2a-443e-bb3b-bc3016376942/datanode-1/data/ratis/49d40e01-1ef5-42ca-94dc-e1faf33906b1/in_use.lock acquired by nodename 31507@fv-az1500-317
2023-11-20 14:17:32,457 [17b41fa2-89b0-41d9-9866-157016c3cd1a-groupManagement] INFO  storage.RaftStorage (RaftStorageImpl.java:format(96)) - Storage directory /home/runner/work/ozone/ozone/hadoop-ozone/integration-test/target/test-dir/MiniOzoneClusterImpl-c3dbe4e6-ad2a-443e-bb3b-bc3016376942/datanode-1/data/ratis/49d40e01-1ef5-42ca-94dc-e1faf33906b1 has been successfully formatted.
2023-11-20 14:17:32,458 [17b41fa2-89b0-41d9-9866-157016c3cd1a-groupManagement] INFO  ratis.ContainerStateMachine (ContainerStateMachine.java:loadSnapshot(269)) - group-E1FAF33906B1: The snapshot info is null. Setting the last applied indexto:(t:0, i:~)
2023-11-20 14:17:32,458 [17b41fa2-89b0-41d9-9866-157016c3cd1a-groupManagement] INFO  server.RaftServerConfigKeys (ConfUtils.java:logGet(46)) - raft.server.log.use.memory = false (default)
2023-11-20 14:17:32,458 [17b41fa2-89b0-41d9-9866-157016c3cd1a-groupManagement] INFO  server.RaftServerConfigKeys (ConfUtils.java:logGet(46)) - raft.server.log.purge.gap = 1000000 (custom)
2023-11-20 14:17:32,458 [17b41fa2-89b0-41d9-9866-157016c3cd1a-groupManagement] INFO  server.RaftServerConfigKeys (ConfUtils.java:logGet(46)) - raft.server.log.appender.buffer.byte-limit = 33554432 (custom)
2023-11-20 14:17:32,458 [17b41fa2-89b0-41d9-9866-157016c3cd1a-groupManagement] INFO  server.RaftServerConfigKeys (ConfUtils.java:logGet(46)) - raft.server.log.statemachine.data.read.timeout = 1000ms (default)
2023-11-20 14:17:32,458 [17b41fa2-89b0-41d9-9866-157016c3cd1a-groupManagement] INFO  server.RaftServerConfigKeys (ConfUtils.java:logGet(46)) - raft.server.log.purge.preservation.log.num = 0 (default)
2023-11-20 14:17:32,458 [17b41fa2-89b0-41d9-9866-157016c3cd1a-groupManagement] INFO  server.RaftServerConfigKeys (ConfUtils.java:logGet(46)) - raft.server.log.segment.size.max = 1048576 (custom)
2023-11-20 14:17:32,458 [17b41fa2-89b0-41d9-9866-157016c3cd1a-groupManagement] INFO  server.RaftServerConfigKeys (ConfUtils.java:logGet(46)) - raft.server.log.segment.cache.num.max = 2 (custom)
2023-11-20 14:17:32,458 [17b41fa2-89b0-41d9-9866-157016c3cd1a-groupManagement] INFO  server.RaftServerConfigKeys (ConfUtils.java:logGet(46)) - raft.server.log.segment.cache.size.max = 200MB (=209715200) (default)
2023-11-20 14:17:32,458 [17b41fa2-89b0-41d9-9866-157016c3cd1a-groupManagement] INFO  server.RaftServerConfigKeys (ConfUtils.java:logGet(46)) - raft.server.log.appender.buffer.byte-limit = 33554432 (custom)
2023-11-20 14:17:32,458 [17b41fa2-89b0-41d9-9866-157016c3cd1a-groupManagement] INFO  segmented.SegmentedRaftLogWorker (SegmentedRaftLogWorker.java:<init>(188)) - new 17b41fa2-89b0-41d9-9866-157016c3cd1a@group-E1FAF33906B1-SegmentedRaftLogWorker for RaftStorageImpl:Storage Directory /home/runner/work/ozone/ozone/hadoop-ozone/integration-test/target/test-dir/MiniOzoneClusterImpl-c3dbe4e6-ad2a-443e-bb3b-bc3016376942/datanode-1/data/ratis/49d40e01-1ef5-42ca-94dc-e1faf33906b1
2023-11-20 14:17:32,458 [17b41fa2-89b0-41d9-9866-157016c3cd1a-groupManagement] INFO  server.RaftServerConfigKeys (ConfUtils.java:logGet(46)) - raft.server.log.queue.byte-limit = 4294967296 (custom)
2023-11-20 14:17:32,458 [17b41fa2-89b0-41d9-9866-157016c3cd1a-groupManagement] INFO  server.RaftServerConfigKeys (ConfUtils.java:logGet(46)) - raft.server.log.queue.element-limit = 1024 (custom)
2023-11-20 14:17:32,458 [17b41fa2-89b0-41d9-9866-157016c3cd1a-groupManagement] INFO  server.RaftServerConfigKeys (ConfUtils.java:logGet(46)) - raft.server.log.segment.size.max = 1048576 (custom)
2023-11-20 14:17:32,458 [17b41fa2-89b0-41d9-9866-157016c3cd1a-groupManagement] INFO  server.RaftServerConfigKeys (ConfUtils.java:logGet(46)) - raft.server.log.preallocated.size = 16384 (custom)
2023-11-20 14:17:32,459 [17b41fa2-89b0-41d9-9866-157016c3cd1a-groupManagement] INFO  server.RaftServerConfigKeys (ConfUtils.java:logGet(46)) - raft.server.log.force.sync.num = 128 (default)
2023-11-20 14:17:32,459 [17b41fa2-89b0-41d9-9866-157016c3cd1a-groupManagement] INFO  server.RaftServerConfigKeys (ConfUtils.java:logGet(46)) - raft.server.log.statemachine.data.sync = true (default)
2023-11-20 14:17:32,459 [17b41fa2-89b0-41d9-9866-157016c3cd1a-groupManagement] INFO  server.RaftServerConfigKeys (ConfUtils.java:logGet(46)) - raft.server.log.statemachine.data.sync.timeout = 10s (default)
2023-11-20 14:17:32,459 [17b41fa2-89b0-41d9-9866-157016c3cd1a-groupManagement] INFO  server.RaftServerConfigKeys (ConfUtils.java:logGet(46)) - raft.server.log.statemachine.data.sync.timeout.retry = -1 (default)
2023-11-20 14:17:32,459 [17b41fa2-89b0-41d9-9866-157016c3cd1a-groupManagement] INFO  server.RaftServerConfigKeys (ConfUtils.java:logGet(46)) - raft.server.log.write.buffer.size = 1048576 (custom)
2023-11-20 14:17:32,460 [17b41fa2-89b0-41d9-9866-157016c3cd1a-groupManagement] INFO  server.RaftServerConfigKeys (ConfUtils.java:logGet(46)) - raft.server.log.appender.buffer.byte-limit = 33554432 (custom)
2023-11-20 14:17:32,461 [17b41fa2-89b0-41d9-9866-157016c3cd1a-groupManagement] INFO  server.RaftServerConfigKeys (ConfUtils.java:logGet(46)) - raft.server.log.unsafe-flush.enabled = false (default)
2023-11-20 14:17:32,461 [17b41fa2-89b0-41d9-9866-157016c3cd1a-groupManagement] INFO  server.RaftServerConfigKeys (ConfUtils.java:logGet(46)) - raft.server.log.async-flush.enabled = false (default)
2023-11-20 14:17:32,461 [17b41fa2-89b0-41d9-9866-157016c3cd1a-groupManagement] INFO  server.RaftServerConfigKeys (ConfUtils.java:logGet(46)) - raft.server.log.statemachine.data.caching.enabled = true (custom)
2023-11-20 14:17:32,461 [17b41fa2-89b0-41d9-9866-157016c3cd1a-groupManagement] INFO  segmented.SegmentedRaftLogWorker (SegmentedRaftLogWorker.java:lambda$new$0(135)) - 17b41fa2-89b0-41d9-9866-157016c3cd1a@group-E1FAF33906B1-SegmentedRaftLogWorker: flushIndex: setUnconditionally 0 -> -1
2023-11-20 14:17:32,461 [17b41fa2-89b0-41d9-9866-157016c3cd1a-groupManagement] INFO  segmented.SegmentedRaftLogWorker (SegmentedRaftLogWorker.java:lambda$new$0(135)) - 17b41fa2-89b0-41d9-9866-157016c3cd1a@group-E1FAF33906B1-SegmentedRaftLogWorker: safeCacheEvictIndex: setUnconditionally 0 -> -1
2023-11-20 14:17:32,462 [17b41fa2-89b0-41d9-9866-157016c3cd1a-groupManagement] INFO  server.RaftServer$Division (RaftServerImpl.java:start(342)) - 17b41fa2-89b0-41d9-9866-157016c3cd1a@group-E1FAF33906B1: start as a follower, conf=-1: peers:[17b41fa2-89b0-41d9-9866-157016c3cd1a|rpc:10.1.0.10:15076|admin:10.1.0.10:15075|client:10.1.0.10:15074|dataStream:10.1.0.10:15077|priority:1|startupRole:FOLLOWER, c8e369c4-4c6c-4030-b1f6-34ff4305fcfc|rpc:10.1.0.10:15085|admin:10.1.0.10:15084|client:10.1.0.10:15083|dataStream:10.1.0.10:15086|priority:0|startupRole:FOLLOWER, d8d0483b-b60f-4086-b029-9dd5e1fa5048|rpc:10.1.0.10:15067|admin:10.1.0.10:15066|client:10.1.0.10:15065|dataStream:10.1.0.10:15068|priority:0|startupRole:FOLLOWER]|listeners:[], old=null
2023-11-20 14:17:32,463 [17b41fa2-89b0-41d9-9866-157016c3cd1a-groupManagement] INFO  server.RaftServer$Division (RaftServerImpl.java:setRole(329)) - 17b41fa2-89b0-41d9-9866-157016c3cd1a@group-E1FAF33906B1: changes role from      null to FOLLOWER at term 0 for startAsFollower
2023-11-20 14:17:32,463 [17b41fa2-89b0-41d9-9866-157016c3cd1a-groupManagement] INFO  impl.RoleInfo (RoleInfo.java:updateAndGet(139)) - 17b41fa2-89b0-41d9-9866-157016c3cd1a: start 17b41fa2-89b0-41d9-9866-157016c3cd1a@group-E1FAF33906B1-FollowerState
2023-11-20 14:17:32,463 [17b41fa2-89b0-41d9-9866-157016c3cd1a@group-E1FAF33906B1-FollowerState] INFO  server.RaftServerConfigKeys (ConfUtils.java:logFallback(53)) - raft.server.rpc.first-election.timeout.min = 5s (fallback to raft.server.rpc.timeout.min)
2023-11-20 14:17:32,463 [17b41fa2-89b0-41d9-9866-157016c3cd1a-groupManagement] INFO  util.JmxRegister (JmxRegister.java:tryRegister(44)) - Successfully registered JMX Bean with object name Ratis:service=RaftServer,group=group-E1FAF33906B1,id=17b41fa2-89b0-41d9-9866-157016c3cd1a
2023-11-20 14:17:32,464 [17b41fa2-89b0-41d9-9866-157016c3cd1a@group-E1FAF33906B1-FollowerState] INFO  server.RaftServerConfigKeys (ConfUtils.java:logFallback(53)) - raft.server.rpc.first-election.timeout.max = 5200ms (fallback to raft.server.rpc.timeout.max)
2023-11-20 14:17:32,464 [17b41fa2-89b0-41d9-9866-157016c3cd1a-groupManagement] INFO  server.RaftServerConfigKeys (ConfUtils.java:logGet(46)) - raft.server.snapshot.auto.trigger.enabled = true (custom)
2023-11-20 14:17:32,464 [17b41fa2-89b0-41d9-9866-157016c3cd1a-groupManagement] INFO  server.RaftServerConfigKeys (ConfUtils.java:logGet(46)) - raft.server.snapshot.auto.trigger.threshold = 10000 (custom)
2023-11-20 14:17:32,464 [17b41fa2-89b0-41d9-9866-157016c3cd1a-groupManagement] INFO  server.RaftServerConfigKeys (ConfUtils.java:logGet(46)) - raft.server.snapshot.retention.file.num = 5 (custom)
2023-11-20 14:17:32,464 [17b41fa2-89b0-41d9-9866-157016c3cd1a-groupManagement] INFO  server.RaftServerConfigKeys (ConfUtils.java:logGet(46)) - raft.server.log.purge.upto.snapshot.index = false (default)
2023-11-20 14:17:32,474 [d8d0483b-b60f-4086-b029-9dd5e1fa5048-PipelineCommandHandlerThread-0] INFO  commandhandler.CreatePipelineCommandHandler (CreatePipelineCommandHandler.java:lambda$handle$2(124)) - Created Pipeline RATIS THREE PipelineID=49d40e01-1ef5-42ca-94dc-e1faf33906b1.
2023-11-20 14:17:32,474 [d8d0483b-b60f-4086-b029-9dd5e1fa5048-PipelineCommandHandlerThread-0] INFO  server.RaftServer (RaftServerProxy.java:addNew(98)) - d8d0483b-b60f-4086-b029-9dd5e1fa5048: addNew group-23E1526BACFC:[17b41fa2-89b0-41d9-9866-157016c3cd1a|rpc:10.1.0.10:15076|admin:10.1.0.10:15075|client:10.1.0.10:15074|dataStream:10.1.0.10:15077|priority:0|startupRole:FOLLOWER, c8e369c4-4c6c-4030-b1f6-34ff4305fcfc|rpc:10.1.0.10:15085|admin:10.1.0.10:15084|client:10.1.0.10:15083|dataStream:10.1.0.10:15086|priority:1|startupRole:FOLLOWER, d8d0483b-b60f-4086-b029-9dd5e1fa5048|rpc:10.1.0.10:15067|admin:10.1.0.10:15066|client:10.1.0.10:15065|dataStream:10.1.0.10:15068|priority:0|startupRole:FOLLOWER] returns group-23E1526BACFC:java.util.concurrent.CompletableFuture@2e4a958f[Not completed]
2023-11-20 14:17:32,475 [d8d0483b-b60f-4086-b029-9dd5e1fa5048-groupManagement] INFO  server.RaftServer$Division (RaftServerImpl.java:<init>(198)) - d8d0483b-b60f-4086-b029-9dd5e1fa5048: new RaftServerImpl for group-23E1526BACFC:[17b41fa2-89b0-41d9-9866-157016c3cd1a|rpc:10.1.0.10:15076|admin:10.1.0.10:15075|client:10.1.0.10:15074|dataStream:10.1.0.10:15077|priority:0|startupRole:FOLLOWER, c8e369c4-4c6c-4030-b1f6-34ff4305fcfc|rpc:10.1.0.10:15085|admin:10.1.0.10:15084|client:10.1.0.10:15083|dataStream:10.1.0.10:15086|priority:1|startupRole:FOLLOWER, d8d0483b-b60f-4086-b029-9dd5e1fa5048|rpc:10.1.0.10:15067|admin:10.1.0.10:15066|client:10.1.0.10:15065|dataStream:10.1.0.10:15068|priority:0|startupRole:FOLLOWER] with ContainerStateMachine:uninitialized
2023-11-20 14:17:32,475 [d8d0483b-b60f-4086-b029-9dd5e1fa5048-groupManagement] INFO  server.RaftServerConfigKeys (ConfUtils.java:logGet(46)) - raft.server.rpc.timeout.min = 5s (custom)
2023-11-20 14:17:32,475 [d8d0483b-b60f-4086-b029-9dd5e1fa5048-groupManagement] INFO  server.RaftServerConfigKeys (ConfUtils.java:logGet(46)) - raft.server.rpc.timeout.max = 5200ms (custom)
2023-11-20 14:17:32,475 [d8d0483b-b60f-4086-b029-9dd5e1fa5048-groupManagement] INFO  server.RaftServerConfigKeys (ConfUtils.java:logGet(46)) - raft.server.rpc.sleep.time = 25ms (default)
2023-11-20 14:17:32,475 [d8d0483b-b60f-4086-b029-9dd5e1fa5048-groupManagement] INFO  server.RaftServerConfigKeys (ConfUtils.java:logGet(46)) - raft.server.rpc.slowness.timeout = 300s (custom)
2023-11-20 14:17:32,475 [d8d0483b-b60f-4086-b029-9dd5e1fa5048-groupManagement] INFO  server.RaftServerConfigKeys (ConfUtils.java:logGet(46)) - raft.server.leaderelection.leader.step-down.wait-time = 10s (default)
2023-11-20 14:17:32,475 [d8d0483b-b60f-4086-b029-9dd5e1fa5048-groupManagement] INFO  server.RaftServerConfigKeys (ConfUtils.java:logGet(46)) - raft.server.sleep.deviation.threshold = 300ms (default)
2023-11-20 14:17:32,475 [d8d0483b-b60f-4086-b029-9dd5e1fa5048-groupManagement] INFO  server.RaftServer$Division (ServerState.java:<init>(120)) - d8d0483b-b60f-4086-b029-9dd5e1fa5048@group-23E1526BACFC: ConfigurationManager, init=-1: peers:[17b41fa2-89b0-41d9-9866-157016c3cd1a|rpc:10.1.0.10:15076|admin:10.1.0.10:15075|client:10.1.0.10:15074|dataStream:10.1.0.10:15077|priority:0|startupRole:FOLLOWER, c8e369c4-4c6c-4030-b1f6-34ff4305fcfc|rpc:10.1.0.10:15085|admin:10.1.0.10:15084|client:10.1.0.10:15083|dataStream:10.1.0.10:15086|priority:1|startupRole:FOLLOWER, d8d0483b-b60f-4086-b029-9dd5e1fa5048|rpc:10.1.0.10:15067|admin:10.1.0.10:15066|client:10.1.0.10:15065|dataStream:10.1.0.10:15068|priority:0|startupRole:FOLLOWER]|listeners:[], old=null, confs=<EMPTY_MAP>
2023-11-20 14:17:32,475 [d8d0483b-b60f-4086-b029-9dd5e1fa5048-groupManagement] INFO  server.RaftServerConfigKeys (ConfUtils.java:logGet(46)) - raft.server.storage.dir = [/home/runner/work/ozone/ozone/hadoop-ozone/integration-test/target/test-dir/MiniOzoneClusterImpl-c3dbe4e6-ad2a-443e-bb3b-bc3016376942/datanode-0/data/ratis] (custom)
2023-11-20 14:17:32,475 [d8d0483b-b60f-4086-b029-9dd5e1fa5048-groupManagement] INFO  server.RaftServerConfigKeys (ConfUtils.java:logGet(46)) - raft.server.log.corruption.policy = EXCEPTION (default)
2023-11-20 14:17:32,475 [d8d0483b-b60f-4086-b029-9dd5e1fa5048-groupManagement] INFO  server.RaftServerConfigKeys (ConfUtils.java:logGet(46)) - raft.server.storage.free-space.min = 0MB (=0) (default)
2023-11-20 14:17:32,475 [d8d0483b-b60f-4086-b029-9dd5e1fa5048-groupManagement] INFO  server.RaftServerConfigKeys (ConfUtils.java:logGet(46)) - raft.server.notification.no-leader.timeout = 300s (custom)
2023-11-20 14:17:32,476 [d8d0483b-b60f-4086-b029-9dd5e1fa5048-groupManagement] INFO  server.RaftServerConfigKeys (ConfUtils.java:logGet(46)) - raft.server.read.timeout = 10s (default)
2023-11-20 14:17:32,476 [d8d0483b-b60f-4086-b029-9dd5e1fa5048-groupManagement] INFO  server.RaftServerConfigKeys (ConfUtils.java:logGet(46)) - raft.server.retrycache.expirytime = 600000ms (custom)
2023-11-20 14:17:32,476 [d8d0483b-b60f-4086-b029-9dd5e1fa5048-groupManagement] INFO  server.RaftServerConfigKeys (ConfUtils.java:logGet(46)) - raft.server.retrycache.statistics.expirytime = 100μs (default)
2023-11-20 14:17:32,476 [d8d0483b-b60f-4086-b029-9dd5e1fa5048-groupManagement] INFO  server.RaftServerConfigKeys (ConfUtils.java:logGet(46)) - raft.server.read.option = DEFAULT (default)
2023-11-20 14:17:32,477 [d8d0483b-b60f-4086-b029-9dd5e1fa5048-groupManagement] INFO  server.RaftServerConfigKeys (ConfUtils.java:logGet(46)) - raft.server.rpc.request.timeout = 60s (custom)
2023-11-20 14:17:32,477 [d8d0483b-b60f-4086-b029-9dd5e1fa5048-groupManagement] INFO  server.RaftServerConfigKeys (ConfUtils.java:logGet(46)) - raft.server.log.appender.install.snapshot.enabled = false (custom)
2023-11-20 14:17:32,477 [d8d0483b-b60f-4086-b029-9dd5e1fa5048-groupManagement] INFO  server.RaftServerConfigKeys (ConfUtils.java:logGet(46)) - raft.server.threadpool.server.cached = true (default)
2023-11-20 14:17:32,477 [d8d0483b-b60f-4086-b029-9dd5e1fa5048-groupManagement] INFO  server.RaftServerConfigKeys (ConfUtils.java:logGet(46)) - raft.server.threadpool.server.size = 0 (default)
2023-11-20 14:17:32,477 [d8d0483b-b60f-4086-b029-9dd5e1fa5048-groupManagement] INFO  server.RaftServerConfigKeys (ConfUtils.java:logGet(46)) - raft.server.threadpool.client.cached = true (default)
2023-11-20 14:17:32,477 [d8d0483b-b60f-4086-b029-9dd5e1fa5048-groupManagement] INFO  server.RaftServerConfigKeys (ConfUtils.java:logGet(46)) - raft.server.threadpool.client.size = 0 (default)
2023-11-20 14:17:32,477 [d8d0483b-b60f-4086-b029-9dd5e1fa5048-groupManagement] INFO  storage.RaftStorageDirectory (RaftStorageDirectoryImpl.java:analyzeStorage(137)) - The storage directory /home/runner/work/ozone/ozone/hadoop-ozone/integration-test/target/test-dir/MiniOzoneClusterImpl-c3dbe4e6-ad2a-443e-bb3b-bc3016376942/datanode-0/data/ratis/97c605cb-552d-42ec-bf96-23e1526bacfc does not exist. Creating ...
2023-11-20 14:17:32,478 [d8d0483b-b60f-4086-b029-9dd5e1fa5048-groupManagement] INFO  storage.RaftStorageDirectory (RaftStorageDirectoryImpl.java:tryLock(231)) - Lock on /home/runner/work/ozone/ozone/hadoop-ozone/integration-test/target/test-dir/MiniOzoneClusterImpl-c3dbe4e6-ad2a-443e-bb3b-bc3016376942/datanode-0/data/ratis/97c605cb-552d-42ec-bf96-23e1526bacfc/in_use.lock acquired by nodename 31507@fv-az1500-317
2023-11-20 14:17:32,478 [d8d0483b-b60f-4086-b029-9dd5e1fa5048-groupManagement] INFO  storage.RaftStorage (RaftStorageImpl.java:format(96)) - Storage directory /home/runner/work/ozone/ozone/hadoop-ozone/integration-test/target/test-dir/MiniOzoneClusterImpl-c3dbe4e6-ad2a-443e-bb3b-bc3016376942/datanode-0/data/ratis/97c605cb-552d-42ec-bf96-23e1526bacfc has been successfully formatted.
2023-11-20 14:17:32,479 [d8d0483b-b60f-4086-b029-9dd5e1fa5048-groupManagement] INFO  ratis.ContainerStateMachine (ContainerStateMachine.java:loadSnapshot(269)) - group-23E1526BACFC: The snapshot info is null. Setting the last applied indexto:(t:0, i:~)
2023-11-20 14:17:32,479 [d8d0483b-b60f-4086-b029-9dd5e1fa5048-groupManagement] INFO  server.RaftServerConfigKeys (ConfUtils.java:logGet(46)) - raft.server.log.use.memory = false (default)
2023-11-20 14:17:32,479 [d8d0483b-b60f-4086-b029-9dd5e1fa5048-groupManagement] INFO  server.RaftServerConfigKeys (ConfUtils.java:logGet(46)) - raft.server.log.purge.gap = 1000000 (custom)
2023-11-20 14:17:32,479 [d8d0483b-b60f-4086-b029-9dd5e1fa5048-groupManagement] INFO  server.RaftServerConfigKeys (ConfUtils.java:logGet(46)) - raft.server.log.appender.buffer.byte-limit = 33554432 (custom)
2023-11-20 14:17:32,479 [d8d0483b-b60f-4086-b029-9dd5e1fa5048-groupManagement] INFO  server.RaftServerConfigKeys (ConfUtils.java:logGet(46)) - raft.server.log.statemachine.data.read.timeout = 1000ms (default)
2023-11-20 14:17:32,479 [d8d0483b-b60f-4086-b029-9dd5e1fa5048-groupManagement] INFO  server.RaftServerConfigKeys (ConfUtils.java:logGet(46)) - raft.server.log.purge.preservation.log.num = 0 (default)
2023-11-20 14:17:32,479 [d8d0483b-b60f-4086-b029-9dd5e1fa5048-groupManagement] INFO  server.RaftServerConfigKeys (ConfUtils.java:logGet(46)) - raft.server.log.segment.size.max = 1048576 (custom)
2023-11-20 14:17:32,479 [d8d0483b-b60f-4086-b029-9dd5e1fa5048-groupManagement] INFO  server.RaftServerConfigKeys (ConfUtils.java:logGet(46)) - raft.server.log.segment.cache.num.max = 2 (custom)
2023-11-20 14:17:32,480 [EventQueue-OpenPipelineForHealthyPipelineSafeModeRule] INFO  safemode.SCMSafeModeManager (HealthyPipelineSafeModeRule.java:process(137)) - SCM in safe mode. Healthy pipelines reported count is 0, required healthy pipeline reported count is 1
2023-11-20 14:17:32,480 [d8d0483b-b60f-4086-b029-9dd5e1fa5048-groupManagement] INFO  server.RaftServerConfigKeys (ConfUtils.java:logGet(46)) - raft.server.log.segment.cache.size.max = 200MB (=209715200) (default)
2023-11-20 14:17:32,480 [d8d0483b-b60f-4086-b029-9dd5e1fa5048-groupManagement] INFO  server.RaftServerConfigKeys (ConfUtils.java:logGet(46)) - raft.server.log.appender.buffer.byte-limit = 33554432 (custom)
2023-11-20 14:17:32,480 [d8d0483b-b60f-4086-b029-9dd5e1fa5048-groupManagement] INFO  segmented.SegmentedRaftLogWorker (SegmentedRaftLogWorker.java:<init>(188)) - new d8d0483b-b60f-4086-b029-9dd5e1fa5048@group-23E1526BACFC-SegmentedRaftLogWorker for RaftStorageImpl:Storage Directory /home/runner/work/ozone/ozone/hadoop-ozone/integration-test/target/test-dir/MiniOzoneClusterImpl-c3dbe4e6-ad2a-443e-bb3b-bc3016376942/datanode-0/data/ratis/97c605cb-552d-42ec-bf96-23e1526bacfc
2023-11-20 14:17:32,480 [d8d0483b-b60f-4086-b029-9dd5e1fa5048-groupManagement] INFO  server.RaftServerConfigKeys (ConfUtils.java:logGet(46)) - raft.server.log.queue.byte-limit = 4294967296 (custom)
2023-11-20 14:17:32,480 [d8d0483b-b60f-4086-b029-9dd5e1fa5048-groupManagement] INFO  server.RaftServerConfigKeys (ConfUtils.java:logGet(46)) - raft.server.log.queue.element-limit = 1024 (custom)
2023-11-20 14:17:32,480 [d8d0483b-b60f-4086-b029-9dd5e1fa5048-groupManagement] INFO  server.RaftServerConfigKeys (ConfUtils.java:logGet(46)) - raft.server.log.segment.size.max = 1048576 (custom)
2023-11-20 14:17:32,480 [d8d0483b-b60f-4086-b029-9dd5e1fa5048-groupManagement] INFO  server.RaftServerConfigKeys (ConfUtils.java:logGet(46)) - raft.server.log.preallocated.size = 16384 (custom)
2023-11-20 14:17:32,480 [d8d0483b-b60f-4086-b029-9dd5e1fa5048-groupManagement] INFO  server.RaftServerConfigKeys (ConfUtils.java:logGet(46)) - raft.server.log.force.sync.num = 128 (default)
2023-11-20 14:17:32,480 [d8d0483b-b60f-4086-b029-9dd5e1fa5048-groupManagement] INFO  server.RaftServerConfigKeys (ConfUtils.java:logGet(46)) - raft.server.log.statemachine.data.sync = true (default)
2023-11-20 14:17:32,480 [d8d0483b-b60f-4086-b029-9dd5e1fa5048-groupManagement] INFO  server.RaftServerConfigKeys (ConfUtils.java:logGet(46)) - raft.server.log.statemachine.data.sync.timeout = 10s (default)
2023-11-20 14:17:32,480 [d8d0483b-b60f-4086-b029-9dd5e1fa5048-groupManagement] INFO  server.RaftServerConfigKeys (ConfUtils.java:logGet(46)) - raft.server.log.statemachine.data.sync.timeout.retry = -1 (default)
2023-11-20 14:17:32,481 [d8d0483b-b60f-4086-b029-9dd5e1fa5048-groupManagement] INFO  server.RaftServerConfigKeys (ConfUtils.java:logGet(46)) - raft.server.log.write.buffer.size = 1048576 (custom)
2023-11-20 14:17:32,481 [d8d0483b-b60f-4086-b029-9dd5e1fa5048-groupManagement] INFO  server.RaftServerConfigKeys (ConfUtils.java:logGet(46)) - raft.server.log.appender.buffer.byte-limit = 33554432 (custom)
2023-11-20 14:17:32,483 [d8d0483b-b60f-4086-b029-9dd5e1fa5048-groupManagement] INFO  server.RaftServerConfigKeys (ConfUtils.java:logGet(46)) - raft.server.log.unsafe-flush.enabled = false (default)
2023-11-20 14:17:32,483 [d8d0483b-b60f-4086-b029-9dd5e1fa5048-groupManagement] INFO  server.RaftServerConfigKeys (ConfUtils.java:logGet(46)) - raft.server.log.async-flush.enabled = false (default)
2023-11-20 14:17:32,483 [d8d0483b-b60f-4086-b029-9dd5e1fa5048-groupManagement] INFO  server.RaftServerConfigKeys (ConfUtils.java:logGet(46)) - raft.server.log.statemachine.data.caching.enabled = true (custom)
2023-11-20 14:17:32,483 [d8d0483b-b60f-4086-b029-9dd5e1fa5048-groupManagement] INFO  segmented.SegmentedRaftLogWorker (SegmentedRaftLogWorker.java:lambda$new$0(135)) - d8d0483b-b60f-4086-b029-9dd5e1fa5048@group-23E1526BACFC-SegmentedRaftLogWorker: flushIndex: setUnconditionally 0 -> -1
2023-11-20 14:17:32,483 [d8d0483b-b60f-4086-b029-9dd5e1fa5048-groupManagement] INFO  segmented.SegmentedRaftLogWorker (SegmentedRaftLogWorker.java:lambda$new$0(135)) - d8d0483b-b60f-4086-b029-9dd5e1fa5048@group-23E1526BACFC-SegmentedRaftLogWorker: safeCacheEvictIndex: setUnconditionally 0 -> -1
2023-11-20 14:17:32,484 [d8d0483b-b60f-4086-b029-9dd5e1fa5048-groupManagement] INFO  server.RaftServer$Division (RaftServerImpl.java:start(342)) - d8d0483b-b60f-4086-b029-9dd5e1fa5048@group-23E1526BACFC: start as a follower, conf=-1: peers:[17b41fa2-89b0-41d9-9866-157016c3cd1a|rpc:10.1.0.10:15076|admin:10.1.0.10:15075|client:10.1.0.10:15074|dataStream:10.1.0.10:15077|priority:0|startupRole:FOLLOWER, c8e369c4-4c6c-4030-b1f6-34ff4305fcfc|rpc:10.1.0.10:15085|admin:10.1.0.10:15084|client:10.1.0.10:15083|dataStream:10.1.0.10:15086|priority:1|startupRole:FOLLOWER, d8d0483b-b60f-4086-b029-9dd5e1fa5048|rpc:10.1.0.10:15067|admin:10.1.0.10:15066|client:10.1.0.10:15065|dataStream:10.1.0.10:15068|priority:0|startupRole:FOLLOWER]|listeners:[], old=null
2023-11-20 14:17:32,484 [d8d0483b-b60f-4086-b029-9dd5e1fa5048-groupManagement] INFO  server.RaftServer$Division (RaftServerImpl.java:setRole(329)) - d8d0483b-b60f-4086-b029-9dd5e1fa5048@group-23E1526BACFC: changes role from      null to FOLLOWER at term 0 for startAsFollower
2023-11-20 14:17:32,485 [d8d0483b-b60f-4086-b029-9dd5e1fa5048-groupManagement] INFO  impl.RoleInfo (RoleInfo.java:updateAndGet(139)) - d8d0483b-b60f-4086-b029-9dd5e1fa5048: start d8d0483b-b60f-4086-b029-9dd5e1fa5048@group-23E1526BACFC-FollowerState
2023-11-20 14:17:32,485 [d8d0483b-b60f-4086-b029-9dd5e1fa5048@group-23E1526BACFC-FollowerState] INFO  server.RaftServerConfigKeys (ConfUtils.java:logFallback(53)) - raft.server.rpc.first-election.timeout.min = 5s (fallback to raft.server.rpc.timeout.min)
2023-11-20 14:17:32,485 [d8d0483b-b60f-4086-b029-9dd5e1fa5048-groupManagement] INFO  util.JmxRegister (JmxRegister.java:tryRegister(44)) - Successfully registered JMX Bean with object name Ratis:service=RaftServer,group=group-23E1526BACFC,id=d8d0483b-b60f-4086-b029-9dd5e1fa5048
2023-11-20 14:17:32,485 [d8d0483b-b60f-4086-b029-9dd5e1fa5048@group-23E1526BACFC-FollowerState] INFO  server.RaftServerConfigKeys (ConfUtils.java:logFallback(53)) - raft.server.rpc.first-election.timeout.max = 5200ms (fallback to raft.server.rpc.timeout.max)
2023-11-20 14:17:32,485 [d8d0483b-b60f-4086-b029-9dd5e1fa5048-groupManagement] INFO  server.RaftServerConfigKeys (ConfUtils.java:logGet(46)) - raft.server.snapshot.auto.trigger.enabled = true (custom)
2023-11-20 14:17:32,485 [d8d0483b-b60f-4086-b029-9dd5e1fa5048-groupManagement] INFO  server.RaftServerConfigKeys (ConfUtils.java:logGet(46)) - raft.server.snapshot.auto.trigger.threshold = 10000 (custom)
2023-11-20 14:17:32,485 [d8d0483b-b60f-4086-b029-9dd5e1fa5048-groupManagement] INFO  server.RaftServerConfigKeys (ConfUtils.java:logGet(46)) - raft.server.snapshot.retention.file.num = 5 (custom)
2023-11-20 14:17:32,485 [d8d0483b-b60f-4086-b029-9dd5e1fa5048-groupManagement] INFO  server.RaftServerConfigKeys (ConfUtils.java:logGet(46)) - raft.server.log.purge.upto.snapshot.index = false (default)
2023-11-20 14:17:32,485 [17b41fa2-89b0-41d9-9866-157016c3cd1a-groupManagement] INFO  server.RaftServer$Division (RaftServerImpl.java:<init>(198)) - 17b41fa2-89b0-41d9-9866-157016c3cd1a: new RaftServerImpl for group-D72EA7CAF186:[17b41fa2-89b0-41d9-9866-157016c3cd1a|rpc:10.1.0.10:15076|admin:10.1.0.10:15075|client:10.1.0.10:15074|dataStream:10.1.0.10:15077|priority:1|startupRole:FOLLOWER] with ContainerStateMachine:uninitialized
2023-11-20 14:17:32,485 [17b41fa2-89b0-41d9-9866-157016c3cd1a-groupManagement] INFO  server.RaftServerConfigKeys (ConfUtils.java:logGet(46)) - raft.server.rpc.timeout.min = 5s (custom)
2023-11-20 14:17:32,485 [17b41fa2-89b0-41d9-9866-157016c3cd1a-groupManagement] INFO  server.RaftServerConfigKeys (ConfUtils.java:logGet(46)) - raft.server.rpc.timeout.max = 5200ms (custom)
2023-11-20 14:17:32,485 [17b41fa2-89b0-41d9-9866-157016c3cd1a-groupManagement] INFO  server.RaftServerConfigKeys (ConfUtils.java:logGet(46)) - raft.server.rpc.sleep.time = 25ms (default)
2023-11-20 14:17:32,486 [17b41fa2-89b0-41d9-9866-157016c3cd1a-groupManagement] INFO  server.RaftServerConfigKeys (ConfUtils.java:logGet(46)) - raft.server.rpc.slowness.timeout = 300s (custom)
2023-11-20 14:17:32,486 [17b41fa2-89b0-41d9-9866-157016c3cd1a-groupManagement] INFO  server.RaftServerConfigKeys (ConfUtils.java:logGet(46)) - raft.server.leaderelection.leader.step-down.wait-time = 10s (default)
2023-11-20 14:17:32,486 [d8d0483b-b60f-4086-b029-9dd5e1fa5048-PipelineCommandHandlerThread-0] INFO  ratis.XceiverServerRatis (XceiverServerRatis.java:addGroup(807)) - Created group PipelineID=97c605cb-552d-42ec-bf96-23e1526bacfc
2023-11-20 14:17:32,486 [17b41fa2-89b0-41d9-9866-157016c3cd1a-PipelineCommandHandlerThread-0] INFO  server.RaftServer (RaftServerProxy.java:addNew(98)) - 17b41fa2-89b0-41d9-9866-157016c3cd1a: addNew group-D72EA7CAF186:[17b41fa2-89b0-41d9-9866-157016c3cd1a|rpc:10.1.0.10:15076|admin:10.1.0.10:15075|client:10.1.0.10:15074|dataStream:10.1.0.10:15077|priority:1|startupRole:FOLLOWER] returns group-D72EA7CAF186:java.util.concurrent.CompletableFuture@6da92f26[Not completed]
2023-11-20 14:17:32,486 [17b41fa2-89b0-41d9-9866-157016c3cd1a-groupManagement] INFO  server.RaftServerConfigKeys (ConfUtils.java:logGet(46)) - raft.server.sleep.deviation.threshold = 300ms (default)
2023-11-20 14:17:32,488 [17b41fa2-89b0-41d9-9866-157016c3cd1a-groupManagement] INFO  server.RaftServer$Division (ServerState.java:<init>(120)) - 17b41fa2-89b0-41d9-9866-157016c3cd1a@group-D72EA7CAF186: ConfigurationManager, init=-1: peers:[17b41fa2-89b0-41d9-9866-157016c3cd1a|rpc:10.1.0.10:15076|admin:10.1.0.10:15075|client:10.1.0.10:15074|dataStream:10.1.0.10:15077|priority:1|startupRole:FOLLOWER]|listeners:[], old=null, confs=<EMPTY_MAP>
2023-11-20 14:17:32,488 [17b41fa2-89b0-41d9-9866-157016c3cd1a-groupManagement] INFO  server.RaftServerConfigKeys (ConfUtils.java:logGet(46)) - raft.server.storage.dir = [/home/runner/work/ozone/ozone/hadoop-ozone/integration-test/target/test-dir/MiniOzoneClusterImpl-c3dbe4e6-ad2a-443e-bb3b-bc3016376942/datanode-1/data/ratis] (custom)
2023-11-20 14:17:32,489 [17b41fa2-89b0-41d9-9866-157016c3cd1a-groupManagement] INFO  server.RaftServerConfigKeys (ConfUtils.java:logGet(46)) - raft.server.log.corruption.policy = EXCEPTION (default)
2023-11-20 14:17:32,489 [17b41fa2-89b0-41d9-9866-157016c3cd1a-groupManagement] INFO  server.RaftServerConfigKeys (ConfUtils.java:logGet(46)) - raft.server.storage.free-space.min = 0MB (=0) (default)
2023-11-20 14:17:32,489 [17b41fa2-89b0-41d9-9866-157016c3cd1a-groupManagement] INFO  server.RaftServerConfigKeys (ConfUtils.java:logGet(46)) - raft.server.notification.no-leader.timeout = 300s (custom)
2023-11-20 14:17:32,489 [17b41fa2-89b0-41d9-9866-157016c3cd1a-groupManagement] INFO  server.RaftServerConfigKeys (ConfUtils.java:logGet(46)) - raft.server.read.timeout = 10s (default)
2023-11-20 14:17:32,489 [17b41fa2-89b0-41d9-9866-157016c3cd1a-groupManagement] INFO  server.RaftServerConfigKeys (ConfUtils.java:logGet(46)) - raft.server.retrycache.expirytime = 600000ms (custom)
2023-11-20 14:17:32,489 [17b41fa2-89b0-41d9-9866-157016c3cd1a-groupManagement] INFO  server.RaftServerConfigKeys (ConfUtils.java:logGet(46)) - raft.server.retrycache.statistics.expirytime = 100μs (default)
2023-11-20 14:17:32,489 [17b41fa2-89b0-41d9-9866-157016c3cd1a-groupManagement] INFO  server.RaftServerConfigKeys (ConfUtils.java:logGet(46)) - raft.server.read.option = DEFAULT (default)
2023-11-20 14:17:32,490 [17b41fa2-89b0-41d9-9866-157016c3cd1a-groupManagement] INFO  server.RaftServerConfigKeys (ConfUtils.java:logGet(46)) - raft.server.rpc.request.timeout = 60s (custom)
2023-11-20 14:17:32,490 [17b41fa2-89b0-41d9-9866-157016c3cd1a-groupManagement] INFO  server.RaftServerConfigKeys (ConfUtils.java:logGet(46)) - raft.server.log.appender.install.snapshot.enabled = false (custom)
2023-11-20 14:17:32,490 [17b41fa2-89b0-41d9-9866-157016c3cd1a-groupManagement] INFO  server.RaftServerConfigKeys (ConfUtils.java:logGet(46)) - raft.server.threadpool.server.cached = true (default)
2023-11-20 14:17:32,490 [17b41fa2-89b0-41d9-9866-157016c3cd1a-groupManagement] INFO  server.RaftServerConfigKeys (ConfUtils.java:logGet(46)) - raft.server.threadpool.server.size = 0 (default)
2023-11-20 14:17:32,490 [17b41fa2-89b0-41d9-9866-157016c3cd1a-groupManagement] INFO  server.RaftServerConfigKeys (ConfUtils.java:logGet(46)) - raft.server.threadpool.client.cached = true (default)
2023-11-20 14:17:32,490 [17b41fa2-89b0-41d9-9866-157016c3cd1a-groupManagement] INFO  server.RaftServerConfigKeys (ConfUtils.java:logGet(46)) - raft.server.threadpool.client.size = 0 (default)
2023-11-20 14:17:32,490 [17b41fa2-89b0-41d9-9866-157016c3cd1a-groupManagement] INFO  storage.RaftStorageDirectory (RaftStorageDirectoryImpl.java:analyzeStorage(137)) - The storage directory /home/runner/work/ozone/ozone/hadoop-ozone/integration-test/target/test-dir/MiniOzoneClusterImpl-c3dbe4e6-ad2a-443e-bb3b-bc3016376942/datanode-1/data/ratis/c7a78ae9-708e-4b93-b5b9-d72ea7caf186 does not exist. Creating ...
2023-11-20 14:17:32,491 [17b41fa2-89b0-41d9-9866-157016c3cd1a-groupManagement] INFO  storage.RaftStorageDirectory (RaftStorageDirectoryImpl.java:tryLock(231)) - Lock on /home/runner/work/ozone/ozone/hadoop-ozone/integration-test/target/test-dir/MiniOzoneClusterImpl-c3dbe4e6-ad2a-443e-bb3b-bc3016376942/datanode-1/data/ratis/c7a78ae9-708e-4b93-b5b9-d72ea7caf186/in_use.lock acquired by nodename 31507@fv-az1500-317
2023-11-20 14:17:32,493 [17b41fa2-89b0-41d9-9866-157016c3cd1a-groupManagement] INFO  storage.RaftStorage (RaftStorageImpl.java:format(96)) - Storage directory /home/runner/work/ozone/ozone/hadoop-ozone/integration-test/target/test-dir/MiniOzoneClusterImpl-c3dbe4e6-ad2a-443e-bb3b-bc3016376942/datanode-1/data/ratis/c7a78ae9-708e-4b93-b5b9-d72ea7caf186 has been successfully formatted.
2023-11-20 14:17:32,494 [17b41fa2-89b0-41d9-9866-157016c3cd1a-groupManagement] INFO  ratis.ContainerStateMachine (ContainerStateMachine.java:loadSnapshot(269)) - group-D72EA7CAF186: The snapshot info is null. Setting the last applied indexto:(t:0, i:~)
2023-11-20 14:17:32,494 [17b41fa2-89b0-41d9-9866-157016c3cd1a-groupManagement] INFO  server.RaftServerConfigKeys (ConfUtils.java:logGet(46)) - raft.server.log.use.memory = false (default)
2023-11-20 14:17:32,494 [17b41fa2-89b0-41d9-9866-157016c3cd1a-groupManagement] INFO  server.RaftServerConfigKeys (ConfUtils.java:logGet(46)) - raft.server.log.purge.gap = 1000000 (custom)
2023-11-20 14:17:32,495 [EventQueue-PipelineReportForPipelineReportHandler] INFO  pipeline.PipelineReportHandler (PipelineReportHandler.java:processPipelineReport(136)) - Opened pipeline PipelineID=c7a78ae9-708e-4b93-b5b9-d72ea7caf186
2023-11-20 14:17:32,495 [EventQueue-OpenPipelineForHealthyPipelineSafeModeRule] INFO  safemode.SCMSafeModeManager (HealthyPipelineSafeModeRule.java:process(137)) - SCM in safe mode. Healthy pipelines reported count is 0, required healthy pipeline reported count is 1
2023-11-20 14:17:32,495 [17b41fa2-89b0-41d9-9866-157016c3cd1a-groupManagement] INFO  server.RaftServerConfigKeys (ConfUtils.java:logGet(46)) - raft.server.log.appender.buffer.byte-limit = 33554432 (custom)
2023-11-20 14:17:32,495 [17b41fa2-89b0-41d9-9866-157016c3cd1a-groupManagement] INFO  server.RaftServerConfigKeys (ConfUtils.java:logGet(46)) - raft.server.log.statemachine.data.read.timeout = 1000ms (default)
2023-11-20 14:17:32,495 [17b41fa2-89b0-41d9-9866-157016c3cd1a-groupManagement] INFO  server.RaftServerConfigKeys (ConfUtils.java:logGet(46)) - raft.server.log.purge.preservation.log.num = 0 (default)
2023-11-20 14:17:32,495 [17b41fa2-89b0-41d9-9866-157016c3cd1a-groupManagement] INFO  server.RaftServerConfigKeys (ConfUtils.java:logGet(46)) - raft.server.log.segment.size.max = 1048576 (custom)
2023-11-20 14:17:32,495 [17b41fa2-89b0-41d9-9866-157016c3cd1a-groupManagement] INFO  server.RaftServerConfigKeys (ConfUtils.java:logGet(46)) - raft.server.log.segment.cache.num.max = 2 (custom)
2023-11-20 14:17:32,495 [17b41fa2-89b0-41d9-9866-157016c3cd1a-groupManagement] INFO  server.RaftServerConfigKeys (ConfUtils.java:logGet(46)) - raft.server.log.segment.cache.size.max = 200MB (=209715200) (default)
2023-11-20 14:17:32,496 [17b41fa2-89b0-41d9-9866-157016c3cd1a-groupManagement] INFO  server.RaftServerConfigKeys (ConfUtils.java:logGet(46)) - raft.server.log.appender.buffer.byte-limit = 33554432 (custom)
2023-11-20 14:17:32,496 [17b41fa2-89b0-41d9-9866-157016c3cd1a-groupManagement] INFO  segmented.SegmentedRaftLogWorker (SegmentedRaftLogWorker.java:<init>(188)) - new 17b41fa2-89b0-41d9-9866-157016c3cd1a@group-D72EA7CAF186-SegmentedRaftLogWorker for RaftStorageImpl:Storage Directory /home/runner/work/ozone/ozone/hadoop-ozone/integration-test/target/test-dir/MiniOzoneClusterImpl-c3dbe4e6-ad2a-443e-bb3b-bc3016376942/datanode-1/data/ratis/c7a78ae9-708e-4b93-b5b9-d72ea7caf186
2023-11-20 14:17:32,496 [17b41fa2-89b0-41d9-9866-157016c3cd1a-groupManagement] INFO  server.RaftServerConfigKeys (ConfUtils.java:logGet(46)) - raft.server.log.queue.byte-limit = 4294967296 (custom)
2023-11-20 14:17:32,496 [17b41fa2-89b0-41d9-9866-157016c3cd1a-groupManagement] INFO  server.RaftServerConfigKeys (ConfUtils.java:logGet(46)) - raft.server.log.queue.element-limit = 1024 (custom)
2023-11-20 14:17:32,496 [17b41fa2-89b0-41d9-9866-157016c3cd1a-groupManagement] INFO  server.RaftServerConfigKeys (ConfUtils.java:logGet(46)) - raft.server.log.segment.size.max = 1048576 (custom)
2023-11-20 14:17:32,496 [17b41fa2-89b0-41d9-9866-157016c3cd1a-groupManagement] INFO  server.RaftServerConfigKeys (ConfUtils.java:logGet(46)) - raft.server.log.preallocated.size = 16384 (custom)
2023-11-20 14:17:32,496 [17b41fa2-89b0-41d9-9866-157016c3cd1a-groupManagement] INFO  server.RaftServerConfigKeys (ConfUtils.java:logGet(46)) - raft.server.log.force.sync.num = 128 (default)
2023-11-20 14:17:32,496 [17b41fa2-89b0-41d9-9866-157016c3cd1a-groupManagement] INFO  server.RaftServerConfigKeys (ConfUtils.java:logGet(46)) - raft.server.log.statemachine.data.sync = true (default)
2023-11-20 14:17:32,496 [17b41fa2-89b0-41d9-9866-157016c3cd1a-groupManagement] INFO  server.RaftServerConfigKeys (ConfUtils.java:logGet(46)) - raft.server.log.statemachine.data.sync.timeout = 10s (default)
2023-11-20 14:17:32,496 [17b41fa2-89b0-41d9-9866-157016c3cd1a-groupManagement] INFO  server.RaftServerConfigKeys (ConfUtils.java:logGet(46)) - raft.server.log.statemachine.data.sync.timeout.retry = -1 (default)
2023-11-20 14:17:32,497 [17b41fa2-89b0-41d9-9866-157016c3cd1a-groupManagement] INFO  server.RaftServerConfigKeys (ConfUtils.java:logGet(46)) - raft.server.log.write.buffer.size = 1048576 (custom)
2023-11-20 14:17:32,498 [17b41fa2-89b0-41d9-9866-157016c3cd1a-groupManagement] INFO  server.RaftServerConfigKeys (ConfUtils.java:logGet(46)) - raft.server.log.appender.buffer.byte-limit = 33554432 (custom)
2023-11-20 14:17:32,500 [17b41fa2-89b0-41d9-9866-157016c3cd1a-groupManagement] INFO  server.RaftServerConfigKeys (ConfUtils.java:logGet(46)) - raft.server.log.unsafe-flush.enabled = false (default)
2023-11-20 14:17:32,500 [17b41fa2-89b0-41d9-9866-157016c3cd1a-groupManagement] INFO  server.RaftServerConfigKeys (ConfUtils.java:logGet(46)) - raft.server.log.async-flush.enabled = false (default)
2023-11-20 14:17:32,500 [17b41fa2-89b0-41d9-9866-157016c3cd1a-groupManagement] INFO  server.RaftServerConfigKeys (ConfUtils.java:logGet(46)) - raft.server.log.statemachine.data.caching.enabled = true (custom)
2023-11-20 14:17:32,500 [17b41fa2-89b0-41d9-9866-157016c3cd1a-groupManagement] INFO  segmented.SegmentedRaftLogWorker (SegmentedRaftLogWorker.java:lambda$new$0(135)) - 17b41fa2-89b0-41d9-9866-157016c3cd1a@group-D72EA7CAF186-SegmentedRaftLogWorker: flushIndex: setUnconditionally 0 -> -1
2023-11-20 14:17:32,500 [17b41fa2-89b0-41d9-9866-157016c3cd1a-groupManagement] INFO  segmented.SegmentedRaftLogWorker (SegmentedRaftLogWorker.java:lambda$new$0(135)) - 17b41fa2-89b0-41d9-9866-157016c3cd1a@group-D72EA7CAF186-SegmentedRaftLogWorker: safeCacheEvictIndex: setUnconditionally 0 -> -1
2023-11-20 14:17:32,504 [17b41fa2-89b0-41d9-9866-157016c3cd1a-groupManagement] INFO  server.RaftServer$Division (RaftServerImpl.java:start(342)) - 17b41fa2-89b0-41d9-9866-157016c3cd1a@group-D72EA7CAF186: start as a follower, conf=-1: peers:[17b41fa2-89b0-41d9-9866-157016c3cd1a|rpc:10.1.0.10:15076|admin:10.1.0.10:15075|client:10.1.0.10:15074|dataStream:10.1.0.10:15077|priority:1|startupRole:FOLLOWER]|listeners:[], old=null
2023-11-20 14:17:32,504 [17b41fa2-89b0-41d9-9866-157016c3cd1a-groupManagement] INFO  server.RaftServer$Division (RaftServerImpl.java:setRole(329)) - 17b41fa2-89b0-41d9-9866-157016c3cd1a@group-D72EA7CAF186: changes role from      null to FOLLOWER at term 0 for startAsFollower
2023-11-20 14:17:32,504 [17b41fa2-89b0-41d9-9866-157016c3cd1a-groupManagement] INFO  impl.RoleInfo (RoleInfo.java:updateAndGet(139)) - 17b41fa2-89b0-41d9-9866-157016c3cd1a: start 17b41fa2-89b0-41d9-9866-157016c3cd1a@group-D72EA7CAF186-FollowerState
2023-11-20 14:17:32,504 [grpc-default-executor-0] INFO  server.RaftServer (RaftServerProxy.java:addNew(98)) - 17b41fa2-89b0-41d9-9866-157016c3cd1a: addNew group-23E1526BACFC:[17b41fa2-89b0-41d9-9866-157016c3cd1a|rpc:10.1.0.10:15076|admin:10.1.0.10:15075|client:10.1.0.10:15074|dataStream:10.1.0.10:15077|priority:0|startupRole:FOLLOWER, c8e369c4-4c6c-4030-b1f6-34ff4305fcfc|rpc:10.1.0.10:15085|admin:10.1.0.10:15084|client:10.1.0.10:15083|dataStream:10.1.0.10:15086|priority:1|startupRole:FOLLOWER, d8d0483b-b60f-4086-b029-9dd5e1fa5048|rpc:10.1.0.10:15067|admin:10.1.0.10:15066|client:10.1.0.10:15065|dataStream:10.1.0.10:15068|priority:0|startupRole:FOLLOWER] returns group-23E1526BACFC:java.util.concurrent.CompletableFuture@e8ea96e[Not completed]
2023-11-20 14:17:32,504 [17b41fa2-89b0-41d9-9866-157016c3cd1a@group-D72EA7CAF186-FollowerState] INFO  server.RaftServerConfigKeys (ConfUtils.java:logFallback(53)) - raft.server.rpc.first-election.timeout.min = 5s (fallback to raft.server.rpc.timeout.min)
2023-11-20 14:17:32,504 [17b41fa2-89b0-41d9-9866-157016c3cd1a-groupManagement] INFO  util.JmxRegister (JmxRegister.java:tryRegister(44)) - Successfully registered JMX Bean with object name Ratis:service=RaftServer,group=group-D72EA7CAF186,id=17b41fa2-89b0-41d9-9866-157016c3cd1a
2023-11-20 14:17:32,504 [17b41fa2-89b0-41d9-9866-157016c3cd1a@group-D72EA7CAF186-FollowerState] INFO  server.RaftServerConfigKeys (ConfUtils.java:logFallback(53)) - raft.server.rpc.first-election.timeout.max = 5200ms (fallback to raft.server.rpc.timeout.max)
2023-11-20 14:17:32,504 [17b41fa2-89b0-41d9-9866-157016c3cd1a-groupManagement] INFO  server.RaftServerConfigKeys (ConfUtils.java:logGet(46)) - raft.server.snapshot.auto.trigger.enabled = true (custom)
2023-11-20 14:17:32,504 [17b41fa2-89b0-41d9-9866-157016c3cd1a-groupManagement] INFO  server.RaftServerConfigKeys (ConfUtils.java:logGet(46)) - raft.server.snapshot.auto.trigger.threshold = 10000 (custom)
2023-11-20 14:17:32,504 [17b41fa2-89b0-41d9-9866-157016c3cd1a-groupManagement] INFO  server.RaftServerConfigKeys (ConfUtils.java:logGet(46)) - raft.server.snapshot.retention.file.num = 5 (custom)
2023-11-20 14:17:32,504 [17b41fa2-89b0-41d9-9866-157016c3cd1a-groupManagement] INFO  server.RaftServerConfigKeys (ConfUtils.java:logGet(46)) - raft.server.log.purge.upto.snapshot.index = false (default)
2023-11-20 14:17:32,505 [17b41fa2-89b0-41d9-9866-157016c3cd1a-PipelineCommandHandlerThread-0] INFO  ratis.XceiverServerRatis (XceiverServerRatis.java:addGroup(807)) - Created group PipelineID=c7a78ae9-708e-4b93-b5b9-d72ea7caf186
2023-11-20 14:17:32,505 [17b41fa2-89b0-41d9-9866-157016c3cd1a-PipelineCommandHandlerThread-0] INFO  commandhandler.CreatePipelineCommandHandler (CreatePipelineCommandHandler.java:lambda$handle$2(124)) - Created Pipeline RATIS ONE PipelineID=c7a78ae9-708e-4b93-b5b9-d72ea7caf186.
2023-11-20 14:17:32,506 [17b41fa2-89b0-41d9-9866-157016c3cd1a-groupManagement] INFO  server.RaftServer$Division (RaftServerImpl.java:<init>(198)) - 17b41fa2-89b0-41d9-9866-157016c3cd1a: new RaftServerImpl for group-23E1526BACFC:[17b41fa2-89b0-41d9-9866-157016c3cd1a|rpc:10.1.0.10:15076|admin:10.1.0.10:15075|client:10.1.0.10:15074|dataStream:10.1.0.10:15077|priority:0|startupRole:FOLLOWER, c8e369c4-4c6c-4030-b1f6-34ff4305fcfc|rpc:10.1.0.10:15085|admin:10.1.0.10:15084|client:10.1.0.10:15083|dataStream:10.1.0.10:15086|priority:1|startupRole:FOLLOWER, d8d0483b-b60f-4086-b029-9dd5e1fa5048|rpc:10.1.0.10:15067|admin:10.1.0.10:15066|client:10.1.0.10:15065|dataStream:10.1.0.10:15068|priority:0|startupRole:FOLLOWER] with ContainerStateMachine:uninitialized
2023-11-20 14:17:32,506 [17b41fa2-89b0-41d9-9866-157016c3cd1a-groupManagement] INFO  server.RaftServerConfigKeys (ConfUtils.java:logGet(46)) - raft.server.rpc.timeout.min = 5s (custom)
2023-11-20 14:17:32,506 [17b41fa2-89b0-41d9-9866-157016c3cd1a-groupManagement] INFO  server.RaftServerConfigKeys (ConfUtils.java:logGet(46)) - raft.server.rpc.timeout.max = 5200ms (custom)
2023-11-20 14:17:32,506 [17b41fa2-89b0-41d9-9866-157016c3cd1a-groupManagement] INFO  server.RaftServerConfigKeys (ConfUtils.java:logGet(46)) - raft.server.rpc.sleep.time = 25ms (default)
2023-11-20 14:17:32,506 [17b41fa2-89b0-41d9-9866-157016c3cd1a-groupManagement] INFO  server.RaftServerConfigKeys (ConfUtils.java:logGet(46)) - raft.server.rpc.slowness.timeout = 300s (custom)
2023-11-20 14:17:32,506 [17b41fa2-89b0-41d9-9866-157016c3cd1a-groupManagement] INFO  server.RaftServerConfigKeys (ConfUtils.java:logGet(46)) - raft.server.leaderelection.leader.step-down.wait-time = 10s (default)
2023-11-20 14:17:32,506 [17b41fa2-89b0-41d9-9866-157016c3cd1a-groupManagement] INFO  server.RaftServerConfigKeys (ConfUtils.java:logGet(46)) - raft.server.sleep.deviation.threshold = 300ms (default)
2023-11-20 14:17:32,507 [17b41fa2-89b0-41d9-9866-157016c3cd1a-groupManagement] INFO  server.RaftServer$Division (ServerState.java:<init>(120)) - 17b41fa2-89b0-41d9-9866-157016c3cd1a@group-23E1526BACFC: ConfigurationManager, init=-1: peers:[17b41fa2-89b0-41d9-9866-157016c3cd1a|rpc:10.1.0.10:15076|admin:10.1.0.10:15075|client:10.1.0.10:15074|dataStream:10.1.0.10:15077|priority:0|startupRole:FOLLOWER, c8e369c4-4c6c-4030-b1f6-34ff4305fcfc|rpc:10.1.0.10:15085|admin:10.1.0.10:15084|client:10.1.0.10:15083|dataStream:10.1.0.10:15086|priority:1|startupRole:FOLLOWER, d8d0483b-b60f-4086-b029-9dd5e1fa5048|rpc:10.1.0.10:15067|admin:10.1.0.10:15066|client:10.1.0.10:15065|dataStream:10.1.0.10:15068|priority:0|startupRole:FOLLOWER]|listeners:[], old=null, confs=<EMPTY_MAP>
2023-11-20 14:17:32,507 [17b41fa2-89b0-41d9-9866-157016c3cd1a-groupManagement] INFO  server.RaftServerConfigKeys (ConfUtils.java:logGet(46)) - raft.server.storage.dir = [/home/runner/work/ozone/ozone/hadoop-ozone/integration-test/target/test-dir/MiniOzoneClusterImpl-c3dbe4e6-ad2a-443e-bb3b-bc3016376942/datanode-1/data/ratis] (custom)
2023-11-20 14:17:32,507 [17b41fa2-89b0-41d9-9866-157016c3cd1a-groupManagement] INFO  server.RaftServerConfigKeys (ConfUtils.java:logGet(46)) - raft.server.log.corruption.policy = EXCEPTION (default)
2023-11-20 14:17:32,507 [17b41fa2-89b0-41d9-9866-157016c3cd1a-groupManagement] INFO  server.RaftServerConfigKeys (ConfUtils.java:logGet(46)) - raft.server.storage.free-space.min = 0MB (=0) (default)
2023-11-20 14:17:32,507 [17b41fa2-89b0-41d9-9866-157016c3cd1a-groupManagement] INFO  server.RaftServerConfigKeys (ConfUtils.java:logGet(46)) - raft.server.notification.no-leader.timeout = 300s (custom)
2023-11-20 14:17:32,507 [17b41fa2-89b0-41d9-9866-157016c3cd1a-groupManagement] INFO  server.RaftServerConfigKeys (ConfUtils.java:logGet(46)) - raft.server.read.timeout = 10s (default)
2023-11-20 14:17:32,507 [17b41fa2-89b0-41d9-9866-157016c3cd1a-groupManagement] INFO  server.RaftServerConfigKeys (ConfUtils.java:logGet(46)) - raft.server.retrycache.expirytime = 600000ms (custom)
2023-11-20 14:17:32,507 [17b41fa2-89b0-41d9-9866-157016c3cd1a-groupManagement] INFO  server.RaftServerConfigKeys (ConfUtils.java:logGet(46)) - raft.server.retrycache.statistics.expirytime = 100μs (default)
2023-11-20 14:17:32,507 [17b41fa2-89b0-41d9-9866-157016c3cd1a-groupManagement] INFO  server.RaftServerConfigKeys (ConfUtils.java:logGet(46)) - raft.server.read.option = DEFAULT (default)
2023-11-20 14:17:32,508 [17b41fa2-89b0-41d9-9866-157016c3cd1a-groupManagement] INFO  server.RaftServerConfigKeys (ConfUtils.java:logGet(46)) - raft.server.rpc.request.timeout = 60s (custom)
2023-11-20 14:17:32,508 [17b41fa2-89b0-41d9-9866-157016c3cd1a-groupManagement] INFO  server.RaftServerConfigKeys (ConfUtils.java:logGet(46)) - raft.server.log.appender.install.snapshot.enabled = false (custom)
2023-11-20 14:17:32,508 [17b41fa2-89b0-41d9-9866-157016c3cd1a-groupManagement] INFO  server.RaftServerConfigKeys (ConfUtils.java:logGet(46)) - raft.server.threadpool.server.cached = true (default)
2023-11-20 14:17:32,508 [17b41fa2-89b0-41d9-9866-157016c3cd1a-groupManagement] INFO  server.RaftServerConfigKeys (ConfUtils.java:logGet(46)) - raft.server.threadpool.server.size = 0 (default)
2023-11-20 14:17:32,508 [17b41fa2-89b0-41d9-9866-157016c3cd1a-groupManagement] INFO  server.RaftServerConfigKeys (ConfUtils.java:logGet(46)) - raft.server.threadpool.client.cached = true (default)
2023-11-20 14:17:32,508 [17b41fa2-89b0-41d9-9866-157016c3cd1a-groupManagement] INFO  server.RaftServerConfigKeys (ConfUtils.java:logGet(46)) - raft.server.threadpool.client.size = 0 (default)
2023-11-20 14:17:32,508 [17b41fa2-89b0-41d9-9866-157016c3cd1a-groupManagement] INFO  storage.RaftStorageDirectory (RaftStorageDirectoryImpl.java:analyzeStorage(137)) - The storage directory /home/runner/work/ozone/ozone/hadoop-ozone/integration-test/target/test-dir/MiniOzoneClusterImpl-c3dbe4e6-ad2a-443e-bb3b-bc3016376942/datanode-1/data/ratis/97c605cb-552d-42ec-bf96-23e1526bacfc does not exist. Creating ...
2023-11-20 14:17:32,509 [17b41fa2-89b0-41d9-9866-157016c3cd1a-groupManagement] INFO  storage.RaftStorageDirectory (RaftStorageDirectoryImpl.java:tryLock(231)) - Lock on /home/runner/work/ozone/ozone/hadoop-ozone/integration-test/target/test-dir/MiniOzoneClusterImpl-c3dbe4e6-ad2a-443e-bb3b-bc3016376942/datanode-1/data/ratis/97c605cb-552d-42ec-bf96-23e1526bacfc/in_use.lock acquired by nodename 31507@fv-az1500-317
2023-11-20 14:17:32,510 [17b41fa2-89b0-41d9-9866-157016c3cd1a-groupManagement] INFO  storage.RaftStorage (RaftStorageImpl.java:format(96)) - Storage directory /home/runner/work/ozone/ozone/hadoop-ozone/integration-test/target/test-dir/MiniOzoneClusterImpl-c3dbe4e6-ad2a-443e-bb3b-bc3016376942/datanode-1/data/ratis/97c605cb-552d-42ec-bf96-23e1526bacfc has been successfully formatted.
2023-11-20 14:17:32,510 [17b41fa2-89b0-41d9-9866-157016c3cd1a-groupManagement] INFO  ratis.ContainerStateMachine (ContainerStateMachine.java:loadSnapshot(269)) - group-23E1526BACFC: The snapshot info is null. Setting the last applied indexto:(t:0, i:~)
2023-11-20 14:17:32,510 [17b41fa2-89b0-41d9-9866-157016c3cd1a-groupManagement] INFO  server.RaftServerConfigKeys (ConfUtils.java:logGet(46)) - raft.server.log.use.memory = false (default)
2023-11-20 14:17:32,510 [17b41fa2-89b0-41d9-9866-157016c3cd1a-groupManagement] INFO  server.RaftServerConfigKeys (ConfUtils.java:logGet(46)) - raft.server.log.purge.gap = 1000000 (custom)
2023-11-20 14:17:32,510 [17b41fa2-89b0-41d9-9866-157016c3cd1a-groupManagement] INFO  server.RaftServerConfigKeys (ConfUtils.java:logGet(46)) - raft.server.log.appender.buffer.byte-limit = 33554432 (custom)
2023-11-20 14:17:32,510 [17b41fa2-89b0-41d9-9866-157016c3cd1a-groupManagement] INFO  server.RaftServerConfigKeys (ConfUtils.java:logGet(46)) - raft.server.log.statemachine.data.read.timeout = 1000ms (default)
2023-11-20 14:17:32,510 [17b41fa2-89b0-41d9-9866-157016c3cd1a-groupManagement] INFO  server.RaftServerConfigKeys (ConfUtils.java:logGet(46)) - raft.server.log.purge.preservation.log.num = 0 (default)
2023-11-20 14:17:32,510 [17b41fa2-89b0-41d9-9866-157016c3cd1a-groupManagement] INFO  server.RaftServerConfigKeys (ConfUtils.java:logGet(46)) - raft.server.log.segment.size.max = 1048576 (custom)
2023-11-20 14:17:32,511 [17b41fa2-89b0-41d9-9866-157016c3cd1a-groupManagement] INFO  server.RaftServerConfigKeys (ConfUtils.java:logGet(46)) - raft.server.log.segment.cache.num.max = 2 (custom)
2023-11-20 14:17:32,511 [17b41fa2-89b0-41d9-9866-157016c3cd1a-groupManagement] INFO  server.RaftServerConfigKeys (ConfUtils.java:logGet(46)) - raft.server.log.segment.cache.size.max = 200MB (=209715200) (default)
2023-11-20 14:17:32,511 [17b41fa2-89b0-41d9-9866-157016c3cd1a-groupManagement] INFO  server.RaftServerConfigKeys (ConfUtils.java:logGet(46)) - raft.server.log.appender.buffer.byte-limit = 33554432 (custom)
2023-11-20 14:17:32,511 [EventQueue-OpenPipelineForHealthyPipelineSafeModeRule] INFO  safemode.SCMSafeModeManager (HealthyPipelineSafeModeRule.java:process(137)) - SCM in safe mode. Healthy pipelines reported count is 0, required healthy pipeline reported count is 1
2023-11-20 14:17:32,511 [17b41fa2-89b0-41d9-9866-157016c3cd1a-groupManagement] INFO  segmented.SegmentedRaftLogWorker (SegmentedRaftLogWorker.java:<init>(188)) - new 17b41fa2-89b0-41d9-9866-157016c3cd1a@group-23E1526BACFC-SegmentedRaftLogWorker for RaftStorageImpl:Storage Directory /home/runner/work/ozone/ozone/hadoop-ozone/integration-test/target/test-dir/MiniOzoneClusterImpl-c3dbe4e6-ad2a-443e-bb3b-bc3016376942/datanode-1/data/ratis/97c605cb-552d-42ec-bf96-23e1526bacfc
2023-11-20 14:17:32,511 [17b41fa2-89b0-41d9-9866-157016c3cd1a-groupManagement] INFO  server.RaftServerConfigKeys (ConfUtils.java:logGet(46)) - raft.server.log.queue.byte-limit = 4294967296 (custom)
2023-11-20 14:17:32,511 [17b41fa2-89b0-41d9-9866-157016c3cd1a-groupManagement] INFO  server.RaftServerConfigKeys (ConfUtils.java:logGet(46)) - raft.server.log.queue.element-limit = 1024 (custom)
2023-11-20 14:17:32,511 [17b41fa2-89b0-41d9-9866-157016c3cd1a-groupManagement] INFO  server.RaftServerConfigKeys (ConfUtils.java:logGet(46)) - raft.server.log.segment.size.max = 1048576 (custom)
2023-11-20 14:17:32,511 [17b41fa2-89b0-41d9-9866-157016c3cd1a-groupManagement] INFO  server.RaftServerConfigKeys (ConfUtils.java:logGet(46)) - raft.server.log.preallocated.size = 16384 (custom)
2023-11-20 14:17:32,511 [17b41fa2-89b0-41d9-9866-157016c3cd1a-groupManagement] INFO  server.RaftServerConfigKeys (ConfUtils.java:logGet(46)) - raft.server.log.force.sync.num = 128 (default)
2023-11-20 14:17:32,511 [17b41fa2-89b0-41d9-9866-157016c3cd1a-groupManagement] INFO  server.RaftServerConfigKeys (ConfUtils.java:logGet(46)) - raft.server.log.statemachine.data.sync = true (default)
2023-11-20 14:17:32,512 [17b41fa2-89b0-41d9-9866-157016c3cd1a-groupManagement] INFO  server.RaftServerConfigKeys (ConfUtils.java:logGet(46)) - raft.server.log.statemachine.data.sync.timeout = 10s (default)
2023-11-20 14:17:32,512 [17b41fa2-89b0-41d9-9866-157016c3cd1a-groupManagement] INFO  server.RaftServerConfigKeys (ConfUtils.java:logGet(46)) - raft.server.log.statemachine.data.sync.timeout.retry = -1 (default)
2023-11-20 14:17:32,512 [17b41fa2-89b0-41d9-9866-157016c3cd1a-groupManagement] INFO  server.RaftServerConfigKeys (ConfUtils.java:logGet(46)) - raft.server.log.write.buffer.size = 1048576 (custom)
2023-11-20 14:17:32,515 [17b41fa2-89b0-41d9-9866-157016c3cd1a-groupManagement] INFO  server.RaftServerConfigKeys (ConfUtils.java:logGet(46)) - raft.server.log.appender.buffer.byte-limit = 33554432 (custom)
2023-11-20 14:17:32,515 [17b41fa2-89b0-41d9-9866-157016c3cd1a-groupManagement] INFO  server.RaftServerConfigKeys (ConfUtils.java:logGet(46)) - raft.server.log.unsafe-flush.enabled = false (default)
2023-11-20 14:17:32,516 [17b41fa2-89b0-41d9-9866-157016c3cd1a-groupManagement] INFO  server.RaftServerConfigKeys (ConfUtils.java:logGet(46)) - raft.server.log.async-flush.enabled = false (default)
2023-11-20 14:17:32,516 [17b41fa2-89b0-41d9-9866-157016c3cd1a-groupManagement] INFO  server.RaftServerConfigKeys (ConfUtils.java:logGet(46)) - raft.server.log.statemachine.data.caching.enabled = true (custom)
2023-11-20 14:17:32,516 [17b41fa2-89b0-41d9-9866-157016c3cd1a-groupManagement] INFO  segmented.SegmentedRaftLogWorker (SegmentedRaftLogWorker.java:lambda$new$0(135)) - 17b41fa2-89b0-41d9-9866-157016c3cd1a@group-23E1526BACFC-SegmentedRaftLogWorker: flushIndex: setUnconditionally 0 -> -1
2023-11-20 14:17:32,516 [17b41fa2-89b0-41d9-9866-157016c3cd1a-groupManagement] INFO  segmented.SegmentedRaftLogWorker (SegmentedRaftLogWorker.java:lambda$new$0(135)) - 17b41fa2-89b0-41d9-9866-157016c3cd1a@group-23E1526BACFC-SegmentedRaftLogWorker: safeCacheEvictIndex: setUnconditionally 0 -> -1
2023-11-20 14:17:32,516 [17b41fa2-89b0-41d9-9866-157016c3cd1a-groupManagement] INFO  server.RaftServer$Division (RaftServerImpl.java:start(342)) - 17b41fa2-89b0-41d9-9866-157016c3cd1a@group-23E1526BACFC: start as a follower, conf=-1: peers:[17b41fa2-89b0-41d9-9866-157016c3cd1a|rpc:10.1.0.10:15076|admin:10.1.0.10:15075|client:10.1.0.10:15074|dataStream:10.1.0.10:15077|priority:0|startupRole:FOLLOWER, c8e369c4-4c6c-4030-b1f6-34ff4305fcfc|rpc:10.1.0.10:15085|admin:10.1.0.10:15084|client:10.1.0.10:15083|dataStream:10.1.0.10:15086|priority:1|startupRole:FOLLOWER, d8d0483b-b60f-4086-b029-9dd5e1fa5048|rpc:10.1.0.10:15067|admin:10.1.0.10:15066|client:10.1.0.10:15065|dataStream:10.1.0.10:15068|priority:0|startupRole:FOLLOWER]|listeners:[], old=null
2023-11-20 14:17:32,516 [17b41fa2-89b0-41d9-9866-157016c3cd1a-groupManagement] INFO  server.RaftServer$Division (RaftServerImpl.java:setRole(329)) - 17b41fa2-89b0-41d9-9866-157016c3cd1a@group-23E1526BACFC: changes role from      null to FOLLOWER at term 0 for startAsFollower
2023-11-20 14:17:32,516 [17b41fa2-89b0-41d9-9866-157016c3cd1a-groupManagement] INFO  impl.RoleInfo (RoleInfo.java:updateAndGet(139)) - 17b41fa2-89b0-41d9-9866-157016c3cd1a: start 17b41fa2-89b0-41d9-9866-157016c3cd1a@group-23E1526BACFC-FollowerState
2023-11-20 14:17:32,516 [17b41fa2-89b0-41d9-9866-157016c3cd1a@group-23E1526BACFC-FollowerState] INFO  server.RaftServerConfigKeys (ConfUtils.java:logFallback(53)) - raft.server.rpc.first-election.timeout.min = 5s (fallback to raft.server.rpc.timeout.min)
2023-11-20 14:17:32,516 [17b41fa2-89b0-41d9-9866-157016c3cd1a-groupManagement] INFO  util.JmxRegister (JmxRegister.java:tryRegister(44)) - Successfully registered JMX Bean with object name Ratis:service=RaftServer,group=group-23E1526BACFC,id=17b41fa2-89b0-41d9-9866-157016c3cd1a
2023-11-20 14:17:32,516 [17b41fa2-89b0-41d9-9866-157016c3cd1a@group-23E1526BACFC-FollowerState] INFO  server.RaftServerConfigKeys (ConfUtils.java:logFallback(53)) - raft.server.rpc.first-election.timeout.max = 5200ms (fallback to raft.server.rpc.timeout.max)
2023-11-20 14:17:32,516 [17b41fa2-89b0-41d9-9866-157016c3cd1a-groupManagement] INFO  server.RaftServerConfigKeys (ConfUtils.java:logGet(46)) - raft.server.snapshot.auto.trigger.enabled = true (custom)
2023-11-20 14:17:32,516 [17b41fa2-89b0-41d9-9866-157016c3cd1a-groupManagement] INFO  server.RaftServerConfigKeys (ConfUtils.java:logGet(46)) - raft.server.snapshot.auto.trigger.threshold = 10000 (custom)
2023-11-20 14:17:32,516 [17b41fa2-89b0-41d9-9866-157016c3cd1a-groupManagement] INFO  server.RaftServerConfigKeys (ConfUtils.java:logGet(46)) - raft.server.snapshot.retention.file.num = 5 (custom)
2023-11-20 14:17:32,516 [17b41fa2-89b0-41d9-9866-157016c3cd1a-groupManagement] INFO  server.RaftServerConfigKeys (ConfUtils.java:logGet(46)) - raft.server.log.purge.upto.snapshot.index = false (default)
2023-11-20 14:17:32,528 [grpc-default-executor-0] INFO  server.RaftServer (RaftServerProxy.java:addNew(98)) - c8e369c4-4c6c-4030-b1f6-34ff4305fcfc: addNew group-23E1526BACFC:[17b41fa2-89b0-41d9-9866-157016c3cd1a|rpc:10.1.0.10:15076|admin:10.1.0.10:15075|client:10.1.0.10:15074|dataStream:10.1.0.10:15077|priority:0|startupRole:FOLLOWER, c8e369c4-4c6c-4030-b1f6-34ff4305fcfc|rpc:10.1.0.10:15085|admin:10.1.0.10:15084|client:10.1.0.10:15083|dataStream:10.1.0.10:15086|priority:1|startupRole:FOLLOWER, d8d0483b-b60f-4086-b029-9dd5e1fa5048|rpc:10.1.0.10:15067|admin:10.1.0.10:15066|client:10.1.0.10:15065|dataStream:10.1.0.10:15068|priority:0|startupRole:FOLLOWER] returns group-23E1526BACFC:java.util.concurrent.CompletableFuture@5d2186e6[Not completed]
2023-11-20 14:17:32,529 [c8e369c4-4c6c-4030-b1f6-34ff4305fcfc-groupManagement] INFO  server.RaftServer$Division (RaftServerImpl.java:<init>(198)) - c8e369c4-4c6c-4030-b1f6-34ff4305fcfc: new RaftServerImpl for group-23E1526BACFC:[17b41fa2-89b0-41d9-9866-157016c3cd1a|rpc:10.1.0.10:15076|admin:10.1.0.10:15075|client:10.1.0.10:15074|dataStream:10.1.0.10:15077|priority:0|startupRole:FOLLOWER, c8e369c4-4c6c-4030-b1f6-34ff4305fcfc|rpc:10.1.0.10:15085|admin:10.1.0.10:15084|client:10.1.0.10:15083|dataStream:10.1.0.10:15086|priority:1|startupRole:FOLLOWER, d8d0483b-b60f-4086-b029-9dd5e1fa5048|rpc:10.1.0.10:15067|admin:10.1.0.10:15066|client:10.1.0.10:15065|dataStream:10.1.0.10:15068|priority:0|startupRole:FOLLOWER] with ContainerStateMachine:uninitialized
2023-11-20 14:17:32,529 [c8e369c4-4c6c-4030-b1f6-34ff4305fcfc-groupManagement] INFO  server.RaftServerConfigKeys (ConfUtils.java:logGet(46)) - raft.server.rpc.timeout.min = 5s (custom)
2023-11-20 14:17:32,529 [c8e369c4-4c6c-4030-b1f6-34ff4305fcfc-groupManagement] INFO  server.RaftServerConfigKeys (ConfUtils.java:logGet(46)) - raft.server.rpc.timeout.max = 5200ms (custom)
2023-11-20 14:17:32,529 [c8e369c4-4c6c-4030-b1f6-34ff4305fcfc-groupManagement] INFO  server.RaftServerConfigKeys (ConfUtils.java:logGet(46)) - raft.server.rpc.sleep.time = 25ms (default)
2023-11-20 14:17:32,529 [c8e369c4-4c6c-4030-b1f6-34ff4305fcfc-groupManagement] INFO  server.RaftServerConfigKeys (ConfUtils.java:logGet(46)) - raft.server.rpc.slowness.timeout = 300s (custom)
2023-11-20 14:17:32,529 [c8e369c4-4c6c-4030-b1f6-34ff4305fcfc-groupManagement] INFO  server.RaftServerConfigKeys (ConfUtils.java:logGet(46)) - raft.server.leaderelection.leader.step-down.wait-time = 10s (default)
2023-11-20 14:17:32,529 [c8e369c4-4c6c-4030-b1f6-34ff4305fcfc-groupManagement] INFO  server.RaftServerConfigKeys (ConfUtils.java:logGet(46)) - raft.server.sleep.deviation.threshold = 300ms (default)
2023-11-20 14:17:32,529 [c8e369c4-4c6c-4030-b1f6-34ff4305fcfc-groupManagement] INFO  server.RaftServer$Division (ServerState.java:<init>(120)) - c8e369c4-4c6c-4030-b1f6-34ff4305fcfc@group-23E1526BACFC: ConfigurationManager, init=-1: peers:[17b41fa2-89b0-41d9-9866-157016c3cd1a|rpc:10.1.0.10:15076|admin:10.1.0.10:15075|client:10.1.0.10:15074|dataStream:10.1.0.10:15077|priority:0|startupRole:FOLLOWER, c8e369c4-4c6c-4030-b1f6-34ff4305fcfc|rpc:10.1.0.10:15085|admin:10.1.0.10:15084|client:10.1.0.10:15083|dataStream:10.1.0.10:15086|priority:1|startupRole:FOLLOWER, d8d0483b-b60f-4086-b029-9dd5e1fa5048|rpc:10.1.0.10:15067|admin:10.1.0.10:15066|client:10.1.0.10:15065|dataStream:10.1.0.10:15068|priority:0|startupRole:FOLLOWER]|listeners:[], old=null, confs=<EMPTY_MAP>
2023-11-20 14:17:32,529 [c8e369c4-4c6c-4030-b1f6-34ff4305fcfc-groupManagement] INFO  server.RaftServerConfigKeys (ConfUtils.java:logGet(46)) - raft.server.storage.dir = [/home/runner/work/ozone/ozone/hadoop-ozone/integration-test/target/test-dir/MiniOzoneClusterImpl-c3dbe4e6-ad2a-443e-bb3b-bc3016376942/datanode-2/data/ratis] (custom)
2023-11-20 14:17:32,529 [c8e369c4-4c6c-4030-b1f6-34ff4305fcfc-groupManagement] INFO  server.RaftServerConfigKeys (ConfUtils.java:logGet(46)) - raft.server.log.corruption.policy = EXCEPTION (default)
2023-11-20 14:17:32,529 [c8e369c4-4c6c-4030-b1f6-34ff4305fcfc-groupManagement] INFO  server.RaftServerConfigKeys (ConfUtils.java:logGet(46)) - raft.server.storage.free-space.min = 0MB (=0) (default)
2023-11-20 14:17:32,529 [c8e369c4-4c6c-4030-b1f6-34ff4305fcfc-groupManagement] INFO  server.RaftServerConfigKeys (ConfUtils.java:logGet(46)) - raft.server.notification.no-leader.timeout = 300s (custom)
2023-11-20 14:17:32,529 [c8e369c4-4c6c-4030-b1f6-34ff4305fcfc-groupManagement] INFO  server.RaftServerConfigKeys (ConfUtils.java:logGet(46)) - raft.server.read.timeout = 10s (default)
2023-11-20 14:17:32,529 [c8e369c4-4c6c-4030-b1f6-34ff4305fcfc-groupManagement] INFO  server.RaftServerConfigKeys (ConfUtils.java:logGet(46)) - raft.server.retrycache.expirytime = 600000ms (custom)
2023-11-20 14:17:32,529 [c8e369c4-4c6c-4030-b1f6-34ff4305fcfc-groupManagement] INFO  server.RaftServerConfigKeys (ConfUtils.java:logGet(46)) - raft.server.retrycache.statistics.expirytime = 100μs (default)
2023-11-20 14:17:32,530 [c8e369c4-4c6c-4030-b1f6-34ff4305fcfc-groupManagement] INFO  server.RaftServerConfigKeys (ConfUtils.java:logGet(46)) - raft.server.read.option = DEFAULT (default)
2023-11-20 14:17:32,530 [c8e369c4-4c6c-4030-b1f6-34ff4305fcfc-groupManagement] INFO  server.RaftServerConfigKeys (ConfUtils.java:logGet(46)) - raft.server.rpc.request.timeout = 60s (custom)
2023-11-20 14:17:32,530 [c8e369c4-4c6c-4030-b1f6-34ff4305fcfc-groupManagement] INFO  server.RaftServerConfigKeys (ConfUtils.java:logGet(46)) - raft.server.log.appender.install.snapshot.enabled = false (custom)
2023-11-20 14:17:32,530 [c8e369c4-4c6c-4030-b1f6-34ff4305fcfc-groupManagement] INFO  server.RaftServerConfigKeys (ConfUtils.java:logGet(46)) - raft.server.threadpool.server.cached = true (default)
2023-11-20 14:17:32,530 [c8e369c4-4c6c-4030-b1f6-34ff4305fcfc-groupManagement] INFO  server.RaftServerConfigKeys (ConfUtils.java:logGet(46)) - raft.server.threadpool.server.size = 0 (default)
2023-11-20 14:17:32,530 [c8e369c4-4c6c-4030-b1f6-34ff4305fcfc-groupManagement] INFO  server.RaftServerConfigKeys (ConfUtils.java:logGet(46)) - raft.server.threadpool.client.cached = true (default)
2023-11-20 14:17:32,530 [c8e369c4-4c6c-4030-b1f6-34ff4305fcfc-groupManagement] INFO  server.RaftServerConfigKeys (ConfUtils.java:logGet(46)) - raft.server.threadpool.client.size = 0 (default)
2023-11-20 14:17:32,530 [c8e369c4-4c6c-4030-b1f6-34ff4305fcfc-groupManagement] INFO  storage.RaftStorageDirectory (RaftStorageDirectoryImpl.java:analyzeStorage(137)) - The storage directory /home/runner/work/ozone/ozone/hadoop-ozone/integration-test/target/test-dir/MiniOzoneClusterImpl-c3dbe4e6-ad2a-443e-bb3b-bc3016376942/datanode-2/data/ratis/97c605cb-552d-42ec-bf96-23e1526bacfc does not exist. Creating ...
2023-11-20 14:17:32,531 [c8e369c4-4c6c-4030-b1f6-34ff4305fcfc-groupManagement] INFO  storage.RaftStorageDirectory (RaftStorageDirectoryImpl.java:tryLock(231)) - Lock on /home/runner/work/ozone/ozone/hadoop-ozone/integration-test/target/test-dir/MiniOzoneClusterImpl-c3dbe4e6-ad2a-443e-bb3b-bc3016376942/datanode-2/data/ratis/97c605cb-552d-42ec-bf96-23e1526bacfc/in_use.lock acquired by nodename 31507@fv-az1500-317
2023-11-20 14:17:32,532 [c8e369c4-4c6c-4030-b1f6-34ff4305fcfc-groupManagement] INFO  storage.RaftStorage (RaftStorageImpl.java:format(96)) - Storage directory /home/runner/work/ozone/ozone/hadoop-ozone/integration-test/target/test-dir/MiniOzoneClusterImpl-c3dbe4e6-ad2a-443e-bb3b-bc3016376942/datanode-2/data/ratis/97c605cb-552d-42ec-bf96-23e1526bacfc has been successfully formatted.
2023-11-20 14:17:32,532 [c8e369c4-4c6c-4030-b1f6-34ff4305fcfc-groupManagement] INFO  ratis.ContainerStateMachine (ContainerStateMachine.java:loadSnapshot(269)) - group-23E1526BACFC: The snapshot info is null. Setting the last applied indexto:(t:0, i:~)
2023-11-20 14:17:32,532 [c8e369c4-4c6c-4030-b1f6-34ff4305fcfc-groupManagement] INFO  server.RaftServerConfigKeys (ConfUtils.java:logGet(46)) - raft.server.log.use.memory = false (default)
2023-11-20 14:17:32,532 [c8e369c4-4c6c-4030-b1f6-34ff4305fcfc-groupManagement] INFO  server.RaftServerConfigKeys (ConfUtils.java:logGet(46)) - raft.server.log.purge.gap = 1000000 (custom)
2023-11-20 14:17:32,532 [c8e369c4-4c6c-4030-b1f6-34ff4305fcfc-groupManagement] INFO  server.RaftServerConfigKeys (ConfUtils.java:logGet(46)) - raft.server.log.appender.buffer.byte-limit = 33554432 (custom)
2023-11-20 14:17:32,532 [c8e369c4-4c6c-4030-b1f6-34ff4305fcfc-groupManagement] INFO  server.RaftServerConfigKeys (ConfUtils.java:logGet(46)) - raft.server.log.statemachine.data.read.timeout = 1000ms (default)
2023-11-20 14:17:32,532 [c8e369c4-4c6c-4030-b1f6-34ff4305fcfc-groupManagement] INFO  server.RaftServerConfigKeys (ConfUtils.java:logGet(46)) - raft.server.log.purge.preservation.log.num = 0 (default)
2023-11-20 14:17:32,532 [c8e369c4-4c6c-4030-b1f6-34ff4305fcfc-groupManagement] INFO  server.RaftServerConfigKeys (ConfUtils.java:logGet(46)) - raft.server.log.segment.size.max = 1048576 (custom)
2023-11-20 14:17:32,533 [c8e369c4-4c6c-4030-b1f6-34ff4305fcfc-groupManagement] INFO  server.RaftServerConfigKeys (ConfUtils.java:logGet(46)) - raft.server.log.segment.cache.num.max = 2 (custom)
2023-11-20 14:17:32,533 [c8e369c4-4c6c-4030-b1f6-34ff4305fcfc-groupManagement] INFO  server.RaftServerConfigKeys (ConfUtils.java:logGet(46)) - raft.server.log.segment.cache.size.max = 200MB (=209715200) (default)
2023-11-20 14:17:32,533 [c8e369c4-4c6c-4030-b1f6-34ff4305fcfc-groupManagement] INFO  server.RaftServerConfigKeys (ConfUtils.java:logGet(46)) - raft.server.log.appender.buffer.byte-limit = 33554432 (custom)
2023-11-20 14:17:32,533 [c8e369c4-4c6c-4030-b1f6-34ff4305fcfc-groupManagement] INFO  segmented.SegmentedRaftLogWorker (SegmentedRaftLogWorker.java:<init>(188)) - new c8e369c4-4c6c-4030-b1f6-34ff4305fcfc@group-23E1526BACFC-SegmentedRaftLogWorker for RaftStorageImpl:Storage Directory /home/runner/work/ozone/ozone/hadoop-ozone/integration-test/target/test-dir/MiniOzoneClusterImpl-c3dbe4e6-ad2a-443e-bb3b-bc3016376942/datanode-2/data/ratis/97c605cb-552d-42ec-bf96-23e1526bacfc
2023-11-20 14:17:32,533 [c8e369c4-4c6c-4030-b1f6-34ff4305fcfc-groupManagement] INFO  server.RaftServerConfigKeys (ConfUtils.java:logGet(46)) - raft.server.log.queue.byte-limit = 4294967296 (custom)
2023-11-20 14:17:32,533 [c8e369c4-4c6c-4030-b1f6-34ff4305fcfc-groupManagement] INFO  server.RaftServerConfigKeys (ConfUtils.java:logGet(46)) - raft.server.log.queue.element-limit = 1024 (custom)
2023-11-20 14:17:32,533 [c8e369c4-4c6c-4030-b1f6-34ff4305fcfc-groupManagement] INFO  server.RaftServerConfigKeys (ConfUtils.java:logGet(46)) - raft.server.log.segment.size.max = 1048576 (custom)
2023-11-20 14:17:32,533 [c8e369c4-4c6c-4030-b1f6-34ff4305fcfc-groupManagement] INFO  server.RaftServerConfigKeys (ConfUtils.java:logGet(46)) - raft.server.log.preallocated.size = 16384 (custom)
2023-11-20 14:17:32,533 [c8e369c4-4c6c-4030-b1f6-34ff4305fcfc-groupManagement] INFO  server.RaftServerConfigKeys (ConfUtils.java:logGet(46)) - raft.server.log.force.sync.num = 128 (default)
2023-11-20 14:17:32,533 [c8e369c4-4c6c-4030-b1f6-34ff4305fcfc-groupManagement] INFO  server.RaftServerConfigKeys (ConfUtils.java:logGet(46)) - raft.server.log.statemachine.data.sync = true (default)
2023-11-20 14:17:32,533 [c8e369c4-4c6c-4030-b1f6-34ff4305fcfc-groupManagement] INFO  server.RaftServerConfigKeys (ConfUtils.java:logGet(46)) - raft.server.log.statemachine.data.sync.timeout = 10s (default)
2023-11-20 14:17:32,533 [c8e369c4-4c6c-4030-b1f6-34ff4305fcfc-groupManagement] INFO  server.RaftServerConfigKeys (ConfUtils.java:logGet(46)) - raft.server.log.statemachine.data.sync.timeout.retry = -1 (default)
2023-11-20 14:17:32,534 [c8e369c4-4c6c-4030-b1f6-34ff4305fcfc-groupManagement] INFO  server.RaftServerConfigKeys (ConfUtils.java:logGet(46)) - raft.server.log.write.buffer.size = 1048576 (custom)
2023-11-20 14:17:32,534 [c8e369c4-4c6c-4030-b1f6-34ff4305fcfc-groupManagement] INFO  server.RaftServerConfigKeys (ConfUtils.java:logGet(46)) - raft.server.log.appender.buffer.byte-limit = 33554432 (custom)
2023-11-20 14:17:32,552 [c8e369c4-4c6c-4030-b1f6-34ff4305fcfc-groupManagement] INFO  server.RaftServerConfigKeys (ConfUtils.java:logGet(46)) - raft.server.log.unsafe-flush.enabled = false (default)
2023-11-20 14:17:32,552 [c8e369c4-4c6c-4030-b1f6-34ff4305fcfc-groupManagement] INFO  server.RaftServerConfigKeys (ConfUtils.java:logGet(46)) - raft.server.log.async-flush.enabled = false (default)
2023-11-20 14:17:32,552 [c8e369c4-4c6c-4030-b1f6-34ff4305fcfc-groupManagement] INFO  server.RaftServerConfigKeys (ConfUtils.java:logGet(46)) - raft.server.log.statemachine.data.caching.enabled = true (custom)
2023-11-20 14:17:32,553 [c8e369c4-4c6c-4030-b1f6-34ff4305fcfc-groupManagement] INFO  segmented.SegmentedRaftLogWorker (SegmentedRaftLogWorker.java:lambda$new$0(135)) - c8e369c4-4c6c-4030-b1f6-34ff4305fcfc@group-23E1526BACFC-SegmentedRaftLogWorker: flushIndex: setUnconditionally 0 -> -1
2023-11-20 14:17:32,553 [c8e369c4-4c6c-4030-b1f6-34ff4305fcfc-groupManagement] INFO  segmented.SegmentedRaftLogWorker (SegmentedRaftLogWorker.java:lambda$new$0(135)) - c8e369c4-4c6c-4030-b1f6-34ff4305fcfc@group-23E1526BACFC-SegmentedRaftLogWorker: safeCacheEvictIndex: setUnconditionally 0 -> -1
2023-11-20 14:17:32,553 [c8e369c4-4c6c-4030-b1f6-34ff4305fcfc-groupManagement] INFO  server.RaftServer$Division (RaftServerImpl.java:start(342)) - c8e369c4-4c6c-4030-b1f6-34ff4305fcfc@group-23E1526BACFC: start as a follower, conf=-1: peers:[17b41fa2-89b0-41d9-9866-157016c3cd1a|rpc:10.1.0.10:15076|admin:10.1.0.10:15075|client:10.1.0.10:15074|dataStream:10.1.0.10:15077|priority:0|startupRole:FOLLOWER, c8e369c4-4c6c-4030-b1f6-34ff4305fcfc|rpc:10.1.0.10:15085|admin:10.1.0.10:15084|client:10.1.0.10:15083|dataStream:10.1.0.10:15086|priority:1|startupRole:FOLLOWER, d8d0483b-b60f-4086-b029-9dd5e1fa5048|rpc:10.1.0.10:15067|admin:10.1.0.10:15066|client:10.1.0.10:15065|dataStream:10.1.0.10:15068|priority:0|startupRole:FOLLOWER]|listeners:[], old=null
2023-11-20 14:17:32,553 [c8e369c4-4c6c-4030-b1f6-34ff4305fcfc-groupManagement] INFO  server.RaftServer$Division (RaftServerImpl.java:setRole(329)) - c8e369c4-4c6c-4030-b1f6-34ff4305fcfc@group-23E1526BACFC: changes role from      null to FOLLOWER at term 0 for startAsFollower
2023-11-20 14:17:32,553 [c8e369c4-4c6c-4030-b1f6-34ff4305fcfc-groupManagement] INFO  impl.RoleInfo (RoleInfo.java:updateAndGet(139)) - c8e369c4-4c6c-4030-b1f6-34ff4305fcfc: start c8e369c4-4c6c-4030-b1f6-34ff4305fcfc@group-23E1526BACFC-FollowerState
2023-11-20 14:17:32,553 [c8e369c4-4c6c-4030-b1f6-34ff4305fcfc@group-23E1526BACFC-FollowerState] INFO  server.RaftServerConfigKeys (ConfUtils.java:logFallback(53)) - raft.server.rpc.first-election.timeout.min = 5s (fallback to raft.server.rpc.timeout.min)
2023-11-20 14:17:32,555 [c8e369c4-4c6c-4030-b1f6-34ff4305fcfc-groupManagement] INFO  util.JmxRegister (JmxRegister.java:tryRegister(44)) - Successfully registered JMX Bean with object name Ratis:service=RaftServer,group=group-23E1526BACFC,id=c8e369c4-4c6c-4030-b1f6-34ff4305fcfc
2023-11-20 14:17:32,555 [c8e369c4-4c6c-4030-b1f6-34ff4305fcfc@group-23E1526BACFC-FollowerState] INFO  server.RaftServerConfigKeys (ConfUtils.java:logFallback(53)) - raft.server.rpc.first-election.timeout.max = 5200ms (fallback to raft.server.rpc.timeout.max)
2023-11-20 14:17:32,555 [c8e369c4-4c6c-4030-b1f6-34ff4305fcfc-groupManagement] INFO  server.RaftServerConfigKeys (ConfUtils.java:logGet(46)) - raft.server.snapshot.auto.trigger.enabled = true (custom)
2023-11-20 14:17:32,555 [c8e369c4-4c6c-4030-b1f6-34ff4305fcfc-groupManagement] INFO  server.RaftServerConfigKeys (ConfUtils.java:logGet(46)) - raft.server.snapshot.auto.trigger.threshold = 10000 (custom)
2023-11-20 14:17:32,555 [c8e369c4-4c6c-4030-b1f6-34ff4305fcfc-groupManagement] INFO  server.RaftServerConfigKeys (ConfUtils.java:logGet(46)) - raft.server.snapshot.retention.file.num = 5 (custom)
2023-11-20 14:17:32,555 [c8e369c4-4c6c-4030-b1f6-34ff4305fcfc-groupManagement] INFO  server.RaftServerConfigKeys (ConfUtils.java:logGet(46)) - raft.server.log.purge.upto.snapshot.index = false (default)
2023-11-20 14:17:32,564 [d8d0483b-b60f-4086-b029-9dd5e1fa5048-PipelineCommandHandlerThread-0] INFO  commandhandler.CreatePipelineCommandHandler (CreatePipelineCommandHandler.java:lambda$handle$2(124)) - Created Pipeline RATIS THREE PipelineID=97c605cb-552d-42ec-bf96-23e1526bacfc.
2023-11-20 14:17:32,577 [c8e369c4-4c6c-4030-b1f6-34ff4305fcfc-PipelineCommandHandlerThread-0] INFO  server.RaftServer (RaftServerProxy.java:addNew(98)) - c8e369c4-4c6c-4030-b1f6-34ff4305fcfc: addNew group-7278F4F99F6A:[c8e369c4-4c6c-4030-b1f6-34ff4305fcfc|rpc:10.1.0.10:15085|admin:10.1.0.10:15084|client:10.1.0.10:15083|dataStream:10.1.0.10:15086|priority:1|startupRole:FOLLOWER] returns group-7278F4F99F6A:java.util.concurrent.CompletableFuture@658fffa7[Not completed]
2023-11-20 14:17:32,578 [c8e369c4-4c6c-4030-b1f6-34ff4305fcfc-groupManagement] INFO  server.RaftServer$Division (RaftServerImpl.java:<init>(198)) - c8e369c4-4c6c-4030-b1f6-34ff4305fcfc: new RaftServerImpl for group-7278F4F99F6A:[c8e369c4-4c6c-4030-b1f6-34ff4305fcfc|rpc:10.1.0.10:15085|admin:10.1.0.10:15084|client:10.1.0.10:15083|dataStream:10.1.0.10:15086|priority:1|startupRole:FOLLOWER] with ContainerStateMachine:uninitialized
2023-11-20 14:17:32,578 [c8e369c4-4c6c-4030-b1f6-34ff4305fcfc-groupManagement] INFO  server.RaftServerConfigKeys (ConfUtils.java:logGet(46)) - raft.server.rpc.timeout.min = 5s (custom)
2023-11-20 14:17:32,578 [c8e369c4-4c6c-4030-b1f6-34ff4305fcfc-groupManagement] INFO  server.RaftServerConfigKeys (ConfUtils.java:logGet(46)) - raft.server.rpc.timeout.max = 5200ms (custom)
2023-11-20 14:17:32,578 [c8e369c4-4c6c-4030-b1f6-34ff4305fcfc-groupManagement] INFO  server.RaftServerConfigKeys (ConfUtils.java:logGet(46)) - raft.server.rpc.sleep.time = 25ms (default)
2023-11-20 14:17:32,578 [c8e369c4-4c6c-4030-b1f6-34ff4305fcfc-groupManagement] INFO  server.RaftServerConfigKeys (ConfUtils.java:logGet(46)) - raft.server.rpc.slowness.timeout = 300s (custom)
2023-11-20 14:17:32,578 [c8e369c4-4c6c-4030-b1f6-34ff4305fcfc-groupManagement] INFO  server.RaftServerConfigKeys (ConfUtils.java:logGet(46)) - raft.server.leaderelection.leader.step-down.wait-time = 10s (default)
2023-11-20 14:17:32,578 [c8e369c4-4c6c-4030-b1f6-34ff4305fcfc-groupManagement] INFO  server.RaftServerConfigKeys (ConfUtils.java:logGet(46)) - raft.server.sleep.deviation.threshold = 300ms (default)
2023-11-20 14:17:32,578 [c8e369c4-4c6c-4030-b1f6-34ff4305fcfc-groupManagement] INFO  server.RaftServer$Division (ServerState.java:<init>(120)) - c8e369c4-4c6c-4030-b1f6-34ff4305fcfc@group-7278F4F99F6A: ConfigurationManager, init=-1: peers:[c8e369c4-4c6c-4030-b1f6-34ff4305fcfc|rpc:10.1.0.10:15085|admin:10.1.0.10:15084|client:10.1.0.10:15083|dataStream:10.1.0.10:15086|priority:1|startupRole:FOLLOWER]|listeners:[], old=null, confs=<EMPTY_MAP>
2023-11-20 14:17:32,578 [c8e369c4-4c6c-4030-b1f6-34ff4305fcfc-groupManagement] INFO  server.RaftServerConfigKeys (ConfUtils.java:logGet(46)) - raft.server.storage.dir = [/home/runner/work/ozone/ozone/hadoop-ozone/integration-test/target/test-dir/MiniOzoneClusterImpl-c3dbe4e6-ad2a-443e-bb3b-bc3016376942/datanode-2/data/ratis] (custom)
2023-11-20 14:17:32,578 [c8e369c4-4c6c-4030-b1f6-34ff4305fcfc-groupManagement] INFO  server.RaftServerConfigKeys (ConfUtils.java:logGet(46)) - raft.server.log.corruption.policy = EXCEPTION (default)
2023-11-20 14:17:32,578 [c8e369c4-4c6c-4030-b1f6-34ff4305fcfc-groupManagement] INFO  server.RaftServerConfigKeys (ConfUtils.java:logGet(46)) - raft.server.storage.free-space.min = 0MB (=0) (default)
2023-11-20 14:17:32,578 [c8e369c4-4c6c-4030-b1f6-34ff4305fcfc-groupManagement] INFO  server.RaftServerConfigKeys (ConfUtils.java:logGet(46)) - raft.server.notification.no-leader.timeout = 300s (custom)
2023-11-20 14:17:32,578 [c8e369c4-4c6c-4030-b1f6-34ff4305fcfc-groupManagement] INFO  server.RaftServerConfigKeys (ConfUtils.java:logGet(46)) - raft.server.read.timeout = 10s (default)
2023-11-20 14:17:32,578 [c8e369c4-4c6c-4030-b1f6-34ff4305fcfc-groupManagement] INFO  server.RaftServerConfigKeys (ConfUtils.java:logGet(46)) - raft.server.retrycache.expirytime = 600000ms (custom)
2023-11-20 14:17:32,578 [c8e369c4-4c6c-4030-b1f6-34ff4305fcfc-groupManagement] INFO  server.RaftServerConfigKeys (ConfUtils.java:logGet(46)) - raft.server.retrycache.statistics.expirytime = 100μs (default)
2023-11-20 14:17:32,578 [c8e369c4-4c6c-4030-b1f6-34ff4305fcfc-groupManagement] INFO  server.RaftServerConfigKeys (ConfUtils.java:logGet(46)) - raft.server.read.option = DEFAULT (default)
2023-11-20 14:17:32,579 [c8e369c4-4c6c-4030-b1f6-34ff4305fcfc-groupManagement] INFO  server.RaftServerConfigKeys (ConfUtils.java:logGet(46)) - raft.server.rpc.request.timeout = 60s (custom)
2023-11-20 14:17:32,579 [c8e369c4-4c6c-4030-b1f6-34ff4305fcfc-groupManagement] INFO  server.RaftServerConfigKeys (ConfUtils.java:logGet(46)) - raft.server.log.appender.install.snapshot.enabled = false (custom)
2023-11-20 14:17:32,579 [c8e369c4-4c6c-4030-b1f6-34ff4305fcfc-groupManagement] INFO  server.RaftServerConfigKeys (ConfUtils.java:logGet(46)) - raft.server.threadpool.server.cached = true (default)
2023-11-20 14:17:32,579 [c8e369c4-4c6c-4030-b1f6-34ff4305fcfc-groupManagement] INFO  server.RaftServerConfigKeys (ConfUtils.java:logGet(46)) - raft.server.threadpool.server.size = 0 (default)
2023-11-20 14:17:32,579 [c8e369c4-4c6c-4030-b1f6-34ff4305fcfc-groupManagement] INFO  server.RaftServerConfigKeys (ConfUtils.java:logGet(46)) - raft.server.threadpool.client.cached = true (default)
2023-11-20 14:17:32,579 [c8e369c4-4c6c-4030-b1f6-34ff4305fcfc-groupManagement] INFO  server.RaftServerConfigKeys (ConfUtils.java:logGet(46)) - raft.server.threadpool.client.size = 0 (default)
2023-11-20 14:17:32,579 [c8e369c4-4c6c-4030-b1f6-34ff4305fcfc-groupManagement] INFO  storage.RaftStorageDirectory (RaftStorageDirectoryImpl.java:analyzeStorage(137)) - The storage directory /home/runner/work/ozone/ozone/hadoop-ozone/integration-test/target/test-dir/MiniOzoneClusterImpl-c3dbe4e6-ad2a-443e-bb3b-bc3016376942/datanode-2/data/ratis/315a484e-15a6-4a88-a4f2-7278f4f99f6a does not exist. Creating ...
2023-11-20 14:17:32,580 [c8e369c4-4c6c-4030-b1f6-34ff4305fcfc-groupManagement] INFO  storage.RaftStorageDirectory (RaftStorageDirectoryImpl.java:tryLock(231)) - Lock on /home/runner/work/ozone/ozone/hadoop-ozone/integration-test/target/test-dir/MiniOzoneClusterImpl-c3dbe4e6-ad2a-443e-bb3b-bc3016376942/datanode-2/data/ratis/315a484e-15a6-4a88-a4f2-7278f4f99f6a/in_use.lock acquired by nodename 31507@fv-az1500-317
2023-11-20 14:17:32,581 [c8e369c4-4c6c-4030-b1f6-34ff4305fcfc-groupManagement] INFO  storage.RaftStorage (RaftStorageImpl.java:format(96)) - Storage directory /home/runner/work/ozone/ozone/hadoop-ozone/integration-test/target/test-dir/MiniOzoneClusterImpl-c3dbe4e6-ad2a-443e-bb3b-bc3016376942/datanode-2/data/ratis/315a484e-15a6-4a88-a4f2-7278f4f99f6a has been successfully formatted.
2023-11-20 14:17:32,581 [c8e369c4-4c6c-4030-b1f6-34ff4305fcfc-groupManagement] INFO  ratis.ContainerStateMachine (ContainerStateMachine.java:loadSnapshot(269)) - group-7278F4F99F6A: The snapshot info is null. Setting the last applied indexto:(t:0, i:~)
2023-11-20 14:17:32,581 [c8e369c4-4c6c-4030-b1f6-34ff4305fcfc-groupManagement] INFO  server.RaftServerConfigKeys (ConfUtils.java:logGet(46)) - raft.server.log.use.memory = false (default)
2023-11-20 14:17:32,581 [c8e369c4-4c6c-4030-b1f6-34ff4305fcfc-groupManagement] INFO  server.RaftServerConfigKeys (ConfUtils.java:logGet(46)) - raft.server.log.purge.gap = 1000000 (custom)
2023-11-20 14:17:32,581 [c8e369c4-4c6c-4030-b1f6-34ff4305fcfc-groupManagement] INFO  server.RaftServerConfigKeys (ConfUtils.java:logGet(46)) - raft.server.log.appender.buffer.byte-limit = 33554432 (custom)
2023-11-20 14:17:32,581 [c8e369c4-4c6c-4030-b1f6-34ff4305fcfc-groupManagement] INFO  server.RaftServerConfigKeys (ConfUtils.java:logGet(46)) - raft.server.log.statemachine.data.read.timeout = 1000ms (default)
2023-11-20 14:17:32,581 [c8e369c4-4c6c-4030-b1f6-34ff4305fcfc-groupManagement] INFO  server.RaftServerConfigKeys (ConfUtils.java:logGet(46)) - raft.server.log.purge.preservation.log.num = 0 (default)
2023-11-20 14:17:32,581 [c8e369c4-4c6c-4030-b1f6-34ff4305fcfc-groupManagement] INFO  server.RaftServerConfigKeys (ConfUtils.java:logGet(46)) - raft.server.log.segment.size.max = 1048576 (custom)
2023-11-20 14:17:32,582 [c8e369c4-4c6c-4030-b1f6-34ff4305fcfc-groupManagement] INFO  server.RaftServerConfigKeys (ConfUtils.java:logGet(46)) - raft.server.log.segment.cache.num.max = 2 (custom)
2023-11-20 14:17:32,582 [c8e369c4-4c6c-4030-b1f6-34ff4305fcfc-groupManagement] INFO  server.RaftServerConfigKeys (ConfUtils.java:logGet(46)) - raft.server.log.segment.cache.size.max = 200MB (=209715200) (default)
2023-11-20 14:17:32,582 [c8e369c4-4c6c-4030-b1f6-34ff4305fcfc-groupManagement] INFO  server.RaftServerConfigKeys (ConfUtils.java:logGet(46)) - raft.server.log.appender.buffer.byte-limit = 33554432 (custom)
2023-11-20 14:17:32,582 [c8e369c4-4c6c-4030-b1f6-34ff4305fcfc-groupManagement] INFO  segmented.SegmentedRaftLogWorker (SegmentedRaftLogWorker.java:<init>(188)) - new c8e369c4-4c6c-4030-b1f6-34ff4305fcfc@group-7278F4F99F6A-SegmentedRaftLogWorker for RaftStorageImpl:Storage Directory /home/runner/work/ozone/ozone/hadoop-ozone/integration-test/target/test-dir/MiniOzoneClusterImpl-c3dbe4e6-ad2a-443e-bb3b-bc3016376942/datanode-2/data/ratis/315a484e-15a6-4a88-a4f2-7278f4f99f6a
2023-11-20 14:17:32,582 [c8e369c4-4c6c-4030-b1f6-34ff4305fcfc-groupManagement] INFO  server.RaftServerConfigKeys (ConfUtils.java:logGet(46)) - raft.server.log.queue.byte-limit = 4294967296 (custom)
2023-11-20 14:17:32,582 [c8e369c4-4c6c-4030-b1f6-34ff4305fcfc-groupManagement] INFO  server.RaftServerConfigKeys (ConfUtils.java:logGet(46)) - raft.server.log.queue.element-limit = 1024 (custom)
2023-11-20 14:17:32,582 [c8e369c4-4c6c-4030-b1f6-34ff4305fcfc-groupManagement] INFO  server.RaftServerConfigKeys (ConfUtils.java:logGet(46)) - raft.server.log.segment.size.max = 1048576 (custom)
2023-11-20 14:17:32,582 [c8e369c4-4c6c-4030-b1f6-34ff4305fcfc-groupManagement] INFO  server.RaftServerConfigKeys (ConfUtils.java:logGet(46)) - raft.server.log.preallocated.size = 16384 (custom)
2023-11-20 14:17:32,582 [c8e369c4-4c6c-4030-b1f6-34ff4305fcfc-groupManagement] INFO  server.RaftServerConfigKeys (ConfUtils.java:logGet(46)) - raft.server.log.force.sync.num = 128 (default)
2023-11-20 14:17:32,582 [c8e369c4-4c6c-4030-b1f6-34ff4305fcfc-groupManagement] INFO  server.RaftServerConfigKeys (ConfUtils.java:logGet(46)) - raft.server.log.statemachine.data.sync = true (default)
2023-11-20 14:17:32,582 [c8e369c4-4c6c-4030-b1f6-34ff4305fcfc-groupManagement] INFO  server.RaftServerConfigKeys (ConfUtils.java:logGet(46)) - raft.server.log.statemachine.data.sync.timeout = 10s (default)
2023-11-20 14:17:32,582 [c8e369c4-4c6c-4030-b1f6-34ff4305fcfc-groupManagement] INFO  server.RaftServerConfigKeys (ConfUtils.java:logGet(46)) - raft.server.log.statemachine.data.sync.timeout.retry = -1 (default)
2023-11-20 14:17:32,582 [EventQueue-PipelineReportForPipelineReportHandler] INFO  pipeline.PipelineReportHandler (PipelineReportHandler.java:processPipelineReport(136)) - Opened pipeline PipelineID=315a484e-15a6-4a88-a4f2-7278f4f99f6a
2023-11-20 14:17:32,583 [EventQueue-OpenPipelineForHealthyPipelineSafeModeRule] INFO  safemode.SCMSafeModeManager (HealthyPipelineSafeModeRule.java:process(137)) - SCM in safe mode. Healthy pipelines reported count is 0, required healthy pipeline reported count is 1
2023-11-20 14:17:32,583 [c8e369c4-4c6c-4030-b1f6-34ff4305fcfc-groupManagement] INFO  server.RaftServerConfigKeys (ConfUtils.java:logGet(46)) - raft.server.log.write.buffer.size = 1048576 (custom)
2023-11-20 14:17:32,583 [c8e369c4-4c6c-4030-b1f6-34ff4305fcfc-groupManagement] INFO  server.RaftServerConfigKeys (ConfUtils.java:logGet(46)) - raft.server.log.appender.buffer.byte-limit = 33554432 (custom)
2023-11-20 14:17:32,585 [c8e369c4-4c6c-4030-b1f6-34ff4305fcfc-groupManagement] INFO  server.RaftServerConfigKeys (ConfUtils.java:logGet(46)) - raft.server.log.unsafe-flush.enabled = false (default)
2023-11-20 14:17:32,585 [c8e369c4-4c6c-4030-b1f6-34ff4305fcfc-groupManagement] INFO  server.RaftServerConfigKeys (ConfUtils.java:logGet(46)) - raft.server.log.async-flush.enabled = false (default)
2023-11-20 14:17:32,585 [c8e369c4-4c6c-4030-b1f6-34ff4305fcfc-groupManagement] INFO  server.RaftServerConfigKeys (ConfUtils.java:logGet(46)) - raft.server.log.statemachine.data.caching.enabled = true (custom)
2023-11-20 14:17:32,585 [c8e369c4-4c6c-4030-b1f6-34ff4305fcfc-groupManagement] INFO  segmented.SegmentedRaftLogWorker (SegmentedRaftLogWorker.java:lambda$new$0(135)) - c8e369c4-4c6c-4030-b1f6-34ff4305fcfc@group-7278F4F99F6A-SegmentedRaftLogWorker: flushIndex: setUnconditionally 0 -> -1
2023-11-20 14:17:32,585 [c8e369c4-4c6c-4030-b1f6-34ff4305fcfc-groupManagement] INFO  segmented.SegmentedRaftLogWorker (SegmentedRaftLogWorker.java:lambda$new$0(135)) - c8e369c4-4c6c-4030-b1f6-34ff4305fcfc@group-7278F4F99F6A-SegmentedRaftLogWorker: safeCacheEvictIndex: setUnconditionally 0 -> -1
2023-11-20 14:17:32,585 [c8e369c4-4c6c-4030-b1f6-34ff4305fcfc-groupManagement] INFO  server.RaftServer$Division (RaftServerImpl.java:start(342)) - c8e369c4-4c6c-4030-b1f6-34ff4305fcfc@group-7278F4F99F6A: start as a follower, conf=-1: peers:[c8e369c4-4c6c-4030-b1f6-34ff4305fcfc|rpc:10.1.0.10:15085|admin:10.1.0.10:15084|client:10.1.0.10:15083|dataStream:10.1.0.10:15086|priority:1|startupRole:FOLLOWER]|listeners:[], old=null
2023-11-20 14:17:32,585 [c8e369c4-4c6c-4030-b1f6-34ff4305fcfc-groupManagement] INFO  server.RaftServer$Division (RaftServerImpl.java:setRole(329)) - c8e369c4-4c6c-4030-b1f6-34ff4305fcfc@group-7278F4F99F6A: changes role from      null to FOLLOWER at term 0 for startAsFollower
2023-11-20 14:17:32,585 [c8e369c4-4c6c-4030-b1f6-34ff4305fcfc-groupManagement] INFO  impl.RoleInfo (RoleInfo.java:updateAndGet(139)) - c8e369c4-4c6c-4030-b1f6-34ff4305fcfc: start c8e369c4-4c6c-4030-b1f6-34ff4305fcfc@group-7278F4F99F6A-FollowerState
2023-11-20 14:17:32,585 [c8e369c4-4c6c-4030-b1f6-34ff4305fcfc@group-7278F4F99F6A-FollowerState] INFO  server.RaftServerConfigKeys (ConfUtils.java:logFallback(53)) - raft.server.rpc.first-election.timeout.min = 5s (fallback to raft.server.rpc.timeout.min)
2023-11-20 14:17:32,586 [c8e369c4-4c6c-4030-b1f6-34ff4305fcfc-groupManagement] INFO  util.JmxRegister (JmxRegister.java:tryRegister(44)) - Successfully registered JMX Bean with object name Ratis:service=RaftServer,group=group-7278F4F99F6A,id=c8e369c4-4c6c-4030-b1f6-34ff4305fcfc
2023-11-20 14:17:32,586 [c8e369c4-4c6c-4030-b1f6-34ff4305fcfc@group-7278F4F99F6A-FollowerState] INFO  server.RaftServerConfigKeys (ConfUtils.java:logFallback(53)) - raft.server.rpc.first-election.timeout.max = 5200ms (fallback to raft.server.rpc.timeout.max)
2023-11-20 14:17:32,586 [c8e369c4-4c6c-4030-b1f6-34ff4305fcfc-groupManagement] INFO  server.RaftServerConfigKeys (ConfUtils.java:logGet(46)) - raft.server.snapshot.auto.trigger.enabled = true (custom)
2023-11-20 14:17:32,586 [c8e369c4-4c6c-4030-b1f6-34ff4305fcfc-groupManagement] INFO  server.RaftServerConfigKeys (ConfUtils.java:logGet(46)) - raft.server.snapshot.auto.trigger.threshold = 10000 (custom)
2023-11-20 14:17:32,586 [c8e369c4-4c6c-4030-b1f6-34ff4305fcfc-groupManagement] INFO  server.RaftServerConfigKeys (ConfUtils.java:logGet(46)) - raft.server.snapshot.retention.file.num = 5 (custom)
2023-11-20 14:17:32,586 [c8e369c4-4c6c-4030-b1f6-34ff4305fcfc-groupManagement] INFO  server.RaftServerConfigKeys (ConfUtils.java:logGet(46)) - raft.server.log.purge.upto.snapshot.index = false (default)
2023-11-20 14:17:32,586 [c8e369c4-4c6c-4030-b1f6-34ff4305fcfc-PipelineCommandHandlerThread-0] INFO  ratis.XceiverServerRatis (XceiverServerRatis.java:addGroup(807)) - Created group PipelineID=315a484e-15a6-4a88-a4f2-7278f4f99f6a
2023-11-20 14:17:32,586 [c8e369c4-4c6c-4030-b1f6-34ff4305fcfc-PipelineCommandHandlerThread-0] INFO  commandhandler.CreatePipelineCommandHandler (CreatePipelineCommandHandler.java:lambda$handle$2(124)) - Created Pipeline RATIS ONE PipelineID=315a484e-15a6-4a88-a4f2-7278f4f99f6a.
2023-11-20 14:17:32,666 [a4a2c43d-89de-4e22-8bcd-4dcd11c36e95-PipelineCommandHandlerThread-0] INFO  server.RaftServer (RaftServerProxy.java:addNew(98)) - a4a2c43d-89de-4e22-8bcd-4dcd11c36e95: addNew group-3E4066FFB9C6:[a4a2c43d-89de-4e22-8bcd-4dcd11c36e95|rpc:10.1.0.10:15094|admin:10.1.0.10:15093|client:10.1.0.10:15092|dataStream:10.1.0.10:15095|priority:1|startupRole:FOLLOWER] returns group-3E4066FFB9C6:java.util.concurrent.CompletableFuture@2e9023c4[Not completed]
2023-11-20 14:17:32,667 [a4a2c43d-89de-4e22-8bcd-4dcd11c36e95-groupManagement] INFO  server.RaftServer$Division (RaftServerImpl.java:<init>(198)) - a4a2c43d-89de-4e22-8bcd-4dcd11c36e95: new RaftServerImpl for group-3E4066FFB9C6:[a4a2c43d-89de-4e22-8bcd-4dcd11c36e95|rpc:10.1.0.10:15094|admin:10.1.0.10:15093|client:10.1.0.10:15092|dataStream:10.1.0.10:15095|priority:1|startupRole:FOLLOWER] with ContainerStateMachine:uninitialized
2023-11-20 14:17:32,667 [a4a2c43d-89de-4e22-8bcd-4dcd11c36e95-groupManagement] INFO  server.RaftServerConfigKeys (ConfUtils.java:logGet(46)) - raft.server.rpc.timeout.min = 5s (custom)
2023-11-20 14:17:32,667 [a4a2c43d-89de-4e22-8bcd-4dcd11c36e95-groupManagement] INFO  server.RaftServerConfigKeys (ConfUtils.java:logGet(46)) - raft.server.rpc.timeout.max = 5200ms (custom)
2023-11-20 14:17:32,667 [a4a2c43d-89de-4e22-8bcd-4dcd11c36e95-groupManagement] INFO  server.RaftServerConfigKeys (ConfUtils.java:logGet(46)) - raft.server.rpc.sleep.time = 25ms (default)
2023-11-20 14:17:32,667 [a4a2c43d-89de-4e22-8bcd-4dcd11c36e95-groupManagement] INFO  server.RaftServerConfigKeys (ConfUtils.java:logGet(46)) - raft.server.rpc.slowness.timeout = 300s (custom)
2023-11-20 14:17:32,667 [a4a2c43d-89de-4e22-8bcd-4dcd11c36e95-groupManagement] INFO  server.RaftServerConfigKeys (ConfUtils.java:logGet(46)) - raft.server.leaderelection.leader.step-down.wait-time = 10s (default)
2023-11-20 14:17:32,667 [a4a2c43d-89de-4e22-8bcd-4dcd11c36e95-groupManagement] INFO  server.RaftServerConfigKeys (ConfUtils.java:logGet(46)) - raft.server.sleep.deviation.threshold = 300ms (default)
2023-11-20 14:17:32,667 [a4a2c43d-89de-4e22-8bcd-4dcd11c36e95-groupManagement] INFO  server.RaftServer$Division (ServerState.java:<init>(120)) - a4a2c43d-89de-4e22-8bcd-4dcd11c36e95@group-3E4066FFB9C6: ConfigurationManager, init=-1: peers:[a4a2c43d-89de-4e22-8bcd-4dcd11c36e95|rpc:10.1.0.10:15094|admin:10.1.0.10:15093|client:10.1.0.10:15092|dataStream:10.1.0.10:15095|priority:1|startupRole:FOLLOWER]|listeners:[], old=null, confs=<EMPTY_MAP>
2023-11-20 14:17:32,667 [a4a2c43d-89de-4e22-8bcd-4dcd11c36e95-groupManagement] INFO  server.RaftServerConfigKeys (ConfUtils.java:logGet(46)) - raft.server.storage.dir = [/home/runner/work/ozone/ozone/hadoop-ozone/integration-test/target/test-dir/MiniOzoneClusterImpl-c3dbe4e6-ad2a-443e-bb3b-bc3016376942/datanode-3/data/ratis] (custom)
2023-11-20 14:17:32,667 [a4a2c43d-89de-4e22-8bcd-4dcd11c36e95-groupManagement] INFO  server.RaftServerConfigKeys (ConfUtils.java:logGet(46)) - raft.server.log.corruption.policy = EXCEPTION (default)
2023-11-20 14:17:32,667 [a4a2c43d-89de-4e22-8bcd-4dcd11c36e95-groupManagement] INFO  server.RaftServerConfigKeys (ConfUtils.java:logGet(46)) - raft.server.storage.free-space.min = 0MB (=0) (default)
2023-11-20 14:17:32,667 [a4a2c43d-89de-4e22-8bcd-4dcd11c36e95-groupManagement] INFO  server.RaftServerConfigKeys (ConfUtils.java:logGet(46)) - raft.server.notification.no-leader.timeout = 300s (custom)
2023-11-20 14:17:32,667 [a4a2c43d-89de-4e22-8bcd-4dcd11c36e95-groupManagement] INFO  server.RaftServerConfigKeys (ConfUtils.java:logGet(46)) - raft.server.read.timeout = 10s (default)
2023-11-20 14:17:32,667 [a4a2c43d-89de-4e22-8bcd-4dcd11c36e95-groupManagement] INFO  server.RaftServerConfigKeys (ConfUtils.java:logGet(46)) - raft.server.retrycache.expirytime = 600000ms (custom)
2023-11-20 14:17:32,667 [a4a2c43d-89de-4e22-8bcd-4dcd11c36e95-groupManagement] INFO  server.RaftServerConfigKeys (ConfUtils.java:logGet(46)) - raft.server.retrycache.statistics.expirytime = 100μs (default)
2023-11-20 14:17:32,667 [a4a2c43d-89de-4e22-8bcd-4dcd11c36e95-groupManagement] INFO  server.RaftServerConfigKeys (ConfUtils.java:logGet(46)) - raft.server.read.option = DEFAULT (default)
2023-11-20 14:17:32,668 [a4a2c43d-89de-4e22-8bcd-4dcd11c36e95-groupManagement] INFO  server.RaftServerConfigKeys (ConfUtils.java:logGet(46)) - raft.server.rpc.request.timeout = 60s (custom)
2023-11-20 14:17:32,668 [a4a2c43d-89de-4e22-8bcd-4dcd11c36e95-groupManagement] INFO  server.RaftServerConfigKeys (ConfUtils.java:logGet(46)) - raft.server.log.appender.install.snapshot.enabled = false (custom)
2023-11-20 14:17:32,668 [a4a2c43d-89de-4e22-8bcd-4dcd11c36e95-groupManagement] INFO  server.RaftServerConfigKeys (ConfUtils.java:logGet(46)) - raft.server.threadpool.server.cached = true (default)
2023-11-20 14:17:32,668 [a4a2c43d-89de-4e22-8bcd-4dcd11c36e95-groupManagement] INFO  server.RaftServerConfigKeys (ConfUtils.java:logGet(46)) - raft.server.threadpool.server.size = 0 (default)
2023-11-20 14:17:32,668 [a4a2c43d-89de-4e22-8bcd-4dcd11c36e95-groupManagement] INFO  server.RaftServerConfigKeys (ConfUtils.java:logGet(46)) - raft.server.threadpool.client.cached = true (default)
2023-11-20 14:17:32,668 [a4a2c43d-89de-4e22-8bcd-4dcd11c36e95-groupManagement] INFO  server.RaftServerConfigKeys (ConfUtils.java:logGet(46)) - raft.server.threadpool.client.size = 0 (default)
2023-11-20 14:17:32,668 [a4a2c43d-89de-4e22-8bcd-4dcd11c36e95-groupManagement] INFO  storage.RaftStorageDirectory (RaftStorageDirectoryImpl.java:analyzeStorage(137)) - The storage directory /home/runner/work/ozone/ozone/hadoop-ozone/integration-test/target/test-dir/MiniOzoneClusterImpl-c3dbe4e6-ad2a-443e-bb3b-bc3016376942/datanode-3/data/ratis/65f5229b-54c2-43af-8d7a-3e4066ffb9c6 does not exist. Creating ...
2023-11-20 14:17:32,671 [a4a2c43d-89de-4e22-8bcd-4dcd11c36e95-groupManagement] INFO  storage.RaftStorageDirectory (RaftStorageDirectoryImpl.java:tryLock(231)) - Lock on /home/runner/work/ozone/ozone/hadoop-ozone/integration-test/target/test-dir/MiniOzoneClusterImpl-c3dbe4e6-ad2a-443e-bb3b-bc3016376942/datanode-3/data/ratis/65f5229b-54c2-43af-8d7a-3e4066ffb9c6/in_use.lock acquired by nodename 31507@fv-az1500-317
2023-11-20 14:17:32,671 [a4a2c43d-89de-4e22-8bcd-4dcd11c36e95-groupManagement] INFO  storage.RaftStorage (RaftStorageImpl.java:format(96)) - Storage directory /home/runner/work/ozone/ozone/hadoop-ozone/integration-test/target/test-dir/MiniOzoneClusterImpl-c3dbe4e6-ad2a-443e-bb3b-bc3016376942/datanode-3/data/ratis/65f5229b-54c2-43af-8d7a-3e4066ffb9c6 has been successfully formatted.
2023-11-20 14:17:32,672 [a4a2c43d-89de-4e22-8bcd-4dcd11c36e95-groupManagement] INFO  ratis.ContainerStateMachine (ContainerStateMachine.java:loadSnapshot(269)) - group-3E4066FFB9C6: The snapshot info is null. Setting the last applied indexto:(t:0, i:~)
2023-11-20 14:17:32,672 [a4a2c43d-89de-4e22-8bcd-4dcd11c36e95-groupManagement] INFO  server.RaftServerConfigKeys (ConfUtils.java:logGet(46)) - raft.server.log.use.memory = false (default)
2023-11-20 14:17:32,672 [a4a2c43d-89de-4e22-8bcd-4dcd11c36e95-groupManagement] INFO  server.RaftServerConfigKeys (ConfUtils.java:logGet(46)) - raft.server.log.purge.gap = 1000000 (custom)
2023-11-20 14:17:32,672 [a4a2c43d-89de-4e22-8bcd-4dcd11c36e95-groupManagement] INFO  server.RaftServerConfigKeys (ConfUtils.java:logGet(46)) - raft.server.log.appender.buffer.byte-limit = 33554432 (custom)
2023-11-20 14:17:32,672 [a4a2c43d-89de-4e22-8bcd-4dcd11c36e95-groupManagement] INFO  server.RaftServerConfigKeys (ConfUtils.java:logGet(46)) - raft.server.log.statemachine.data.read.timeout = 1000ms (default)
2023-11-20 14:17:32,672 [a4a2c43d-89de-4e22-8bcd-4dcd11c36e95-groupManagement] INFO  server.RaftServerConfigKeys (ConfUtils.java:logGet(46)) - raft.server.log.purge.preservation.log.num = 0 (default)
2023-11-20 14:17:32,673 [a4a2c43d-89de-4e22-8bcd-4dcd11c36e95-groupManagement] INFO  server.RaftServerConfigKeys (ConfUtils.java:logGet(46)) - raft.server.log.segment.size.max = 1048576 (custom)
2023-11-20 14:17:32,673 [a4a2c43d-89de-4e22-8bcd-4dcd11c36e95-groupManagement] INFO  server.RaftServerConfigKeys (ConfUtils.java:logGet(46)) - raft.server.log.segment.cache.num.max = 2 (custom)
2023-11-20 14:17:32,673 [a4a2c43d-89de-4e22-8bcd-4dcd11c36e95-groupManagement] INFO  server.RaftServerConfigKeys (ConfUtils.java:logGet(46)) - raft.server.log.segment.cache.size.max = 200MB (=209715200) (default)
2023-11-20 14:17:32,673 [EventQueue-PipelineReportForPipelineReportHandler] INFO  pipeline.PipelineReportHandler (PipelineReportHandler.java:processPipelineReport(136)) - Opened pipeline PipelineID=65f5229b-54c2-43af-8d7a-3e4066ffb9c6
2023-11-20 14:17:32,673 [a4a2c43d-89de-4e22-8bcd-4dcd11c36e95-groupManagement] INFO  server.RaftServerConfigKeys (ConfUtils.java:logGet(46)) - raft.server.log.appender.buffer.byte-limit = 33554432 (custom)
2023-11-20 14:17:32,673 [EventQueue-OpenPipelineForHealthyPipelineSafeModeRule] INFO  safemode.SCMSafeModeManager (HealthyPipelineSafeModeRule.java:process(137)) - SCM in safe mode. Healthy pipelines reported count is 0, required healthy pipeline reported count is 1
2023-11-20 14:17:32,673 [a4a2c43d-89de-4e22-8bcd-4dcd11c36e95-groupManagement] INFO  segmented.SegmentedRaftLogWorker (SegmentedRaftLogWorker.java:<init>(188)) - new a4a2c43d-89de-4e22-8bcd-4dcd11c36e95@group-3E4066FFB9C6-SegmentedRaftLogWorker for RaftStorageImpl:Storage Directory /home/runner/work/ozone/ozone/hadoop-ozone/integration-test/target/test-dir/MiniOzoneClusterImpl-c3dbe4e6-ad2a-443e-bb3b-bc3016376942/datanode-3/data/ratis/65f5229b-54c2-43af-8d7a-3e4066ffb9c6
2023-11-20 14:17:32,673 [a4a2c43d-89de-4e22-8bcd-4dcd11c36e95-groupManagement] INFO  server.RaftServerConfigKeys (ConfUtils.java:logGet(46)) - raft.server.log.queue.byte-limit = 4294967296 (custom)
2023-11-20 14:17:32,673 [a4a2c43d-89de-4e22-8bcd-4dcd11c36e95-groupManagement] INFO  server.RaftServerConfigKeys (ConfUtils.java:logGet(46)) - raft.server.log.queue.element-limit = 1024 (custom)
2023-11-20 14:17:32,673 [a4a2c43d-89de-4e22-8bcd-4dcd11c36e95-groupManagement] INFO  server.RaftServerConfigKeys (ConfUtils.java:logGet(46)) - raft.server.log.segment.size.max = 1048576 (custom)
2023-11-20 14:17:32,673 [a4a2c43d-89de-4e22-8bcd-4dcd11c36e95-groupManagement] INFO  server.RaftServerConfigKeys (ConfUtils.java:logGet(46)) - raft.server.log.preallocated.size = 16384 (custom)
2023-11-20 14:17:32,674 [a4a2c43d-89de-4e22-8bcd-4dcd11c36e95-groupManagement] INFO  server.RaftServerConfigKeys (ConfUtils.java:logGet(46)) - raft.server.log.force.sync.num = 128 (default)
2023-11-20 14:17:32,674 [a4a2c43d-89de-4e22-8bcd-4dcd11c36e95-groupManagement] INFO  server.RaftServerConfigKeys (ConfUtils.java:logGet(46)) - raft.server.log.statemachine.data.sync = true (default)
2023-11-20 14:17:32,674 [a4a2c43d-89de-4e22-8bcd-4dcd11c36e95-groupManagement] INFO  server.RaftServerConfigKeys (ConfUtils.java:logGet(46)) - raft.server.log.statemachine.data.sync.timeout = 10s (default)
2023-11-20 14:17:32,674 [a4a2c43d-89de-4e22-8bcd-4dcd11c36e95-groupManagement] INFO  server.RaftServerConfigKeys (ConfUtils.java:logGet(46)) - raft.server.log.statemachine.data.sync.timeout.retry = -1 (default)
2023-11-20 14:17:32,674 [a4a2c43d-89de-4e22-8bcd-4dcd11c36e95-groupManagement] INFO  server.RaftServerConfigKeys (ConfUtils.java:logGet(46)) - raft.server.log.write.buffer.size = 1048576 (custom)
2023-11-20 14:17:32,674 [a4a2c43d-89de-4e22-8bcd-4dcd11c36e95-groupManagement] INFO  server.RaftServerConfigKeys (ConfUtils.java:logGet(46)) - raft.server.log.appender.buffer.byte-limit = 33554432 (custom)
2023-11-20 14:17:32,676 [a4a2c43d-89de-4e22-8bcd-4dcd11c36e95-groupManagement] INFO  server.RaftServerConfigKeys (ConfUtils.java:logGet(46)) - raft.server.log.unsafe-flush.enabled = false (default)
2023-11-20 14:17:32,676 [a4a2c43d-89de-4e22-8bcd-4dcd11c36e95-groupManagement] INFO  server.RaftServerConfigKeys (ConfUtils.java:logGet(46)) - raft.server.log.async-flush.enabled = false (default)
2023-11-20 14:17:32,676 [a4a2c43d-89de-4e22-8bcd-4dcd11c36e95-groupManagement] INFO  server.RaftServerConfigKeys (ConfUtils.java:logGet(46)) - raft.server.log.statemachine.data.caching.enabled = true (custom)
2023-11-20 14:17:32,676 [a4a2c43d-89de-4e22-8bcd-4dcd11c36e95-groupManagement] INFO  segmented.SegmentedRaftLogWorker (SegmentedRaftLogWorker.java:lambda$new$0(135)) - a4a2c43d-89de-4e22-8bcd-4dcd11c36e95@group-3E4066FFB9C6-SegmentedRaftLogWorker: flushIndex: setUnconditionally 0 -> -1
2023-11-20 14:17:32,676 [a4a2c43d-89de-4e22-8bcd-4dcd11c36e95-groupManagement] INFO  segmented.SegmentedRaftLogWorker (SegmentedRaftLogWorker.java:lambda$new$0(135)) - a4a2c43d-89de-4e22-8bcd-4dcd11c36e95@group-3E4066FFB9C6-SegmentedRaftLogWorker: safeCacheEvictIndex: setUnconditionally 0 -> -1
2023-11-20 14:17:32,676 [a4a2c43d-89de-4e22-8bcd-4dcd11c36e95-groupManagement] INFO  server.RaftServer$Division (RaftServerImpl.java:start(342)) - a4a2c43d-89de-4e22-8bcd-4dcd11c36e95@group-3E4066FFB9C6: start as a follower, conf=-1: peers:[a4a2c43d-89de-4e22-8bcd-4dcd11c36e95|rpc:10.1.0.10:15094|admin:10.1.0.10:15093|client:10.1.0.10:15092|dataStream:10.1.0.10:15095|priority:1|startupRole:FOLLOWER]|listeners:[], old=null
2023-11-20 14:17:32,676 [a4a2c43d-89de-4e22-8bcd-4dcd11c36e95-groupManagement] INFO  server.RaftServer$Division (RaftServerImpl.java:setRole(329)) - a4a2c43d-89de-4e22-8bcd-4dcd11c36e95@group-3E4066FFB9C6: changes role from      null to FOLLOWER at term 0 for startAsFollower
2023-11-20 14:17:32,676 [a4a2c43d-89de-4e22-8bcd-4dcd11c36e95-groupManagement] INFO  impl.RoleInfo (RoleInfo.java:updateAndGet(139)) - a4a2c43d-89de-4e22-8bcd-4dcd11c36e95: start a4a2c43d-89de-4e22-8bcd-4dcd11c36e95@group-3E4066FFB9C6-FollowerState
2023-11-20 14:17:32,677 [a4a2c43d-89de-4e22-8bcd-4dcd11c36e95@group-3E4066FFB9C6-FollowerState] INFO  server.RaftServerConfigKeys (ConfUtils.java:logFallback(53)) - raft.server.rpc.first-election.timeout.min = 5s (fallback to raft.server.rpc.timeout.min)
2023-11-20 14:17:32,677 [a4a2c43d-89de-4e22-8bcd-4dcd11c36e95-groupManagement] INFO  util.JmxRegister (JmxRegister.java:tryRegister(44)) - Successfully registered JMX Bean with object name Ratis:service=RaftServer,group=group-3E4066FFB9C6,id=a4a2c43d-89de-4e22-8bcd-4dcd11c36e95
2023-11-20 14:17:32,677 [a4a2c43d-89de-4e22-8bcd-4dcd11c36e95@group-3E4066FFB9C6-FollowerState] INFO  server.RaftServerConfigKeys (ConfUtils.java:logFallback(53)) - raft.server.rpc.first-election.timeout.max = 5200ms (fallback to raft.server.rpc.timeout.max)
2023-11-20 14:17:32,677 [a4a2c43d-89de-4e22-8bcd-4dcd11c36e95-groupManagement] INFO  server.RaftServerConfigKeys (ConfUtils.java:logGet(46)) - raft.server.snapshot.auto.trigger.enabled = true (custom)
2023-11-20 14:17:32,677 [a4a2c43d-89de-4e22-8bcd-4dcd11c36e95-groupManagement] INFO  server.RaftServerConfigKeys (ConfUtils.java:logGet(46)) - raft.server.snapshot.auto.trigger.threshold = 10000 (custom)
2023-11-20 14:17:32,677 [a4a2c43d-89de-4e22-8bcd-4dcd11c36e95-groupManagement] INFO  server.RaftServerConfigKeys (ConfUtils.java:logGet(46)) - raft.server.snapshot.retention.file.num = 5 (custom)
2023-11-20 14:17:32,677 [a4a2c43d-89de-4e22-8bcd-4dcd11c36e95-groupManagement] INFO  server.RaftServerConfigKeys (ConfUtils.java:logGet(46)) - raft.server.log.purge.upto.snapshot.index = false (default)
2023-11-20 14:17:32,677 [a4a2c43d-89de-4e22-8bcd-4dcd11c36e95-PipelineCommandHandlerThread-0] INFO  ratis.XceiverServerRatis (XceiverServerRatis.java:addGroup(807)) - Created group PipelineID=65f5229b-54c2-43af-8d7a-3e4066ffb9c6
2023-11-20 14:17:32,677 [a4a2c43d-89de-4e22-8bcd-4dcd11c36e95-PipelineCommandHandlerThread-0] INFO  commandhandler.CreatePipelineCommandHandler (CreatePipelineCommandHandler.java:lambda$handle$2(124)) - Created Pipeline RATIS ONE PipelineID=65f5229b-54c2-43af-8d7a-3e4066ffb9c6.
2023-11-20 14:17:32,760 [main] INFO  ozone.MiniOzoneClusterImpl (MiniOzoneClusterImpl.java:lambda$waitForClusterToBeReady$0(229)) - Nodes are ready. Got 5 of 5 DN Heartbeats.
2023-11-20 14:17:32,760 [main] INFO  ozone.MiniOzoneClusterImpl (MiniOzoneClusterImpl.java:lambda$waitForClusterToBeReady$0(232)) - Waiting for cluster to exit safe mode
2023-11-20 14:17:32,760 [main] INFO  ozone.MiniOzoneClusterImpl (MiniOzoneClusterImpl.java:lambda$waitForClusterToBeReady$0(234)) - SCM became leader
2023-11-20 14:17:32,764 [5f312036-1abf-429a-aae6-fa5b52f7bc5c-PipelineCommandHandlerThread-0] INFO  server.RaftServer (RaftServerProxy.java:addNew(98)) - 5f312036-1abf-429a-aae6-fa5b52f7bc5c: addNew group-E18CA34AD574:[5f312036-1abf-429a-aae6-fa5b52f7bc5c|rpc:10.1.0.10:15103|admin:10.1.0.10:15102|client:10.1.0.10:15101|dataStream:10.1.0.10:15104|priority:1|startupRole:FOLLOWER] returns group-E18CA34AD574:java.util.concurrent.CompletableFuture@3dd694a2[Not completed]
2023-11-20 14:17:32,765 [5f312036-1abf-429a-aae6-fa5b52f7bc5c-groupManagement] INFO  server.RaftServer$Division (RaftServerImpl.java:<init>(198)) - 5f312036-1abf-429a-aae6-fa5b52f7bc5c: new RaftServerImpl for group-E18CA34AD574:[5f312036-1abf-429a-aae6-fa5b52f7bc5c|rpc:10.1.0.10:15103|admin:10.1.0.10:15102|client:10.1.0.10:15101|dataStream:10.1.0.10:15104|priority:1|startupRole:FOLLOWER] with ContainerStateMachine:uninitialized
2023-11-20 14:17:32,765 [5f312036-1abf-429a-aae6-fa5b52f7bc5c-groupManagement] INFO  server.RaftServerConfigKeys (ConfUtils.java:logGet(46)) - raft.server.rpc.timeout.min = 5s (custom)
2023-11-20 14:17:32,766 [5f312036-1abf-429a-aae6-fa5b52f7bc5c-groupManagement] INFO  server.RaftServerConfigKeys (ConfUtils.java:logGet(46)) - raft.server.rpc.timeout.max = 5200ms (custom)
2023-11-20 14:17:32,766 [5f312036-1abf-429a-aae6-fa5b52f7bc5c-groupManagement] INFO  server.RaftServerConfigKeys (ConfUtils.java:logGet(46)) - raft.server.rpc.sleep.time = 25ms (default)
2023-11-20 14:17:32,766 [5f312036-1abf-429a-aae6-fa5b52f7bc5c-groupManagement] INFO  server.RaftServerConfigKeys (ConfUtils.java:logGet(46)) - raft.server.rpc.slowness.timeout = 300s (custom)
2023-11-20 14:17:32,766 [5f312036-1abf-429a-aae6-fa5b52f7bc5c-groupManagement] INFO  server.RaftServerConfigKeys (ConfUtils.java:logGet(46)) - raft.server.leaderelection.leader.step-down.wait-time = 10s (default)
2023-11-20 14:17:32,766 [5f312036-1abf-429a-aae6-fa5b52f7bc5c-groupManagement] INFO  server.RaftServerConfigKeys (ConfUtils.java:logGet(46)) - raft.server.sleep.deviation.threshold = 300ms (default)
2023-11-20 14:17:32,766 [5f312036-1abf-429a-aae6-fa5b52f7bc5c-groupManagement] INFO  server.RaftServer$Division (ServerState.java:<init>(120)) - 5f312036-1abf-429a-aae6-fa5b52f7bc5c@group-E18CA34AD574: ConfigurationManager, init=-1: peers:[5f312036-1abf-429a-aae6-fa5b52f7bc5c|rpc:10.1.0.10:15103|admin:10.1.0.10:15102|client:10.1.0.10:15101|dataStream:10.1.0.10:15104|priority:1|startupRole:FOLLOWER]|listeners:[], old=null, confs=<EMPTY_MAP>
2023-11-20 14:17:32,766 [5f312036-1abf-429a-aae6-fa5b52f7bc5c-groupManagement] INFO  server.RaftServerConfigKeys (ConfUtils.java:logGet(46)) - raft.server.storage.dir = [/home/runner/work/ozone/ozone/hadoop-ozone/integration-test/target/test-dir/MiniOzoneClusterImpl-c3dbe4e6-ad2a-443e-bb3b-bc3016376942/datanode-4/data/ratis] (custom)
2023-11-20 14:17:32,766 [5f312036-1abf-429a-aae6-fa5b52f7bc5c-groupManagement] INFO  server.RaftServerConfigKeys (ConfUtils.java:logGet(46)) - raft.server.log.corruption.policy = EXCEPTION (default)
2023-11-20 14:17:32,766 [5f312036-1abf-429a-aae6-fa5b52f7bc5c-groupManagement] INFO  server.RaftServerConfigKeys (ConfUtils.java:logGet(46)) - raft.server.storage.free-space.min = 0MB (=0) (default)
2023-11-20 14:17:32,766 [5f312036-1abf-429a-aae6-fa5b52f7bc5c-groupManagement] INFO  server.RaftServerConfigKeys (ConfUtils.java:logGet(46)) - raft.server.notification.no-leader.timeout = 300s (custom)
2023-11-20 14:17:32,766 [5f312036-1abf-429a-aae6-fa5b52f7bc5c-groupManagement] INFO  server.RaftServerConfigKeys (ConfUtils.java:logGet(46)) - raft.server.read.timeout = 10s (default)
2023-11-20 14:17:32,766 [5f312036-1abf-429a-aae6-fa5b52f7bc5c-groupManagement] INFO  server.RaftServerConfigKeys (ConfUtils.java:logGet(46)) - raft.server.retrycache.expirytime = 600000ms (custom)
2023-11-20 14:17:32,766 [5f312036-1abf-429a-aae6-fa5b52f7bc5c-groupManagement] INFO  server.RaftServerConfigKeys (ConfUtils.java:logGet(46)) - raft.server.retrycache.statistics.expirytime = 100μs (default)
2023-11-20 14:17:32,766 [5f312036-1abf-429a-aae6-fa5b52f7bc5c-groupManagement] INFO  server.RaftServerConfigKeys (ConfUtils.java:logGet(46)) - raft.server.read.option = DEFAULT (default)
2023-11-20 14:17:32,767 [5f312036-1abf-429a-aae6-fa5b52f7bc5c-groupManagement] INFO  server.RaftServerConfigKeys (ConfUtils.java:logGet(46)) - raft.server.rpc.request.timeout = 60s (custom)
2023-11-20 14:17:32,767 [5f312036-1abf-429a-aae6-fa5b52f7bc5c-groupManagement] INFO  server.RaftServerConfigKeys (ConfUtils.java:logGet(46)) - raft.server.log.appender.install.snapshot.enabled = false (custom)
2023-11-20 14:17:32,767 [5f312036-1abf-429a-aae6-fa5b52f7bc5c-groupManagement] INFO  server.RaftServerConfigKeys (ConfUtils.java:logGet(46)) - raft.server.threadpool.server.cached = true (default)
2023-11-20 14:17:32,767 [5f312036-1abf-429a-aae6-fa5b52f7bc5c-groupManagement] INFO  server.RaftServerConfigKeys (ConfUtils.java:logGet(46)) - raft.server.threadpool.server.size = 0 (default)
2023-11-20 14:17:32,767 [5f312036-1abf-429a-aae6-fa5b52f7bc5c-groupManagement] INFO  server.RaftServerConfigKeys (ConfUtils.java:logGet(46)) - raft.server.threadpool.client.cached = true (default)
2023-11-20 14:17:32,767 [5f312036-1abf-429a-aae6-fa5b52f7bc5c-groupManagement] INFO  server.RaftServerConfigKeys (ConfUtils.java:logGet(46)) - raft.server.threadpool.client.size = 0 (default)
2023-11-20 14:17:32,768 [5f312036-1abf-429a-aae6-fa5b52f7bc5c-groupManagement] INFO  storage.RaftStorageDirectory (RaftStorageDirectoryImpl.java:analyzeStorage(137)) - The storage directory /home/runner/work/ozone/ozone/hadoop-ozone/integration-test/target/test-dir/MiniOzoneClusterImpl-c3dbe4e6-ad2a-443e-bb3b-bc3016376942/datanode-4/data/ratis/7f083697-29e3-4bb7-8af1-e18ca34ad574 does not exist. Creating ...
2023-11-20 14:17:32,768 [5f312036-1abf-429a-aae6-fa5b52f7bc5c-groupManagement] INFO  storage.RaftStorageDirectory (RaftStorageDirectoryImpl.java:tryLock(231)) - Lock on /home/runner/work/ozone/ozone/hadoop-ozone/integration-test/target/test-dir/MiniOzoneClusterImpl-c3dbe4e6-ad2a-443e-bb3b-bc3016376942/datanode-4/data/ratis/7f083697-29e3-4bb7-8af1-e18ca34ad574/in_use.lock acquired by nodename 31507@fv-az1500-317
2023-11-20 14:17:32,769 [5f312036-1abf-429a-aae6-fa5b52f7bc5c-groupManagement] INFO  storage.RaftStorage (RaftStorageImpl.java:format(96)) - Storage directory /home/runner/work/ozone/ozone/hadoop-ozone/integration-test/target/test-dir/MiniOzoneClusterImpl-c3dbe4e6-ad2a-443e-bb3b-bc3016376942/datanode-4/data/ratis/7f083697-29e3-4bb7-8af1-e18ca34ad574 has been successfully formatted.
2023-11-20 14:17:32,770 [EventQueue-PipelineReportForPipelineReportHandler] INFO  pipeline.PipelineReportHandler (PipelineReportHandler.java:processPipelineReport(136)) - Opened pipeline PipelineID=7f083697-29e3-4bb7-8af1-e18ca34ad574
2023-11-20 14:17:32,771 [EventQueue-OpenPipelineForHealthyPipelineSafeModeRule] INFO  safemode.SCMSafeModeManager (HealthyPipelineSafeModeRule.java:process(137)) - SCM in safe mode. Healthy pipelines reported count is 0, required healthy pipeline reported count is 1
2023-11-20 14:17:32,772 [5f312036-1abf-429a-aae6-fa5b52f7bc5c-groupManagement] INFO  ratis.ContainerStateMachine (ContainerStateMachine.java:loadSnapshot(269)) - group-E18CA34AD574: The snapshot info is null. Setting the last applied indexto:(t:0, i:~)
2023-11-20 14:17:32,772 [5f312036-1abf-429a-aae6-fa5b52f7bc5c-groupManagement] INFO  server.RaftServerConfigKeys (ConfUtils.java:logGet(46)) - raft.server.log.use.memory = false (default)
2023-11-20 14:17:32,772 [5f312036-1abf-429a-aae6-fa5b52f7bc5c-groupManagement] INFO  server.RaftServerConfigKeys (ConfUtils.java:logGet(46)) - raft.server.log.purge.gap = 1000000 (custom)
2023-11-20 14:17:32,772 [5f312036-1abf-429a-aae6-fa5b52f7bc5c-groupManagement] INFO  server.RaftServerConfigKeys (ConfUtils.java:logGet(46)) - raft.server.log.appender.buffer.byte-limit = 33554432 (custom)
2023-11-20 14:17:32,773 [5f312036-1abf-429a-aae6-fa5b52f7bc5c-groupManagement] INFO  server.RaftServerConfigKeys (ConfUtils.java:logGet(46)) - raft.server.log.statemachine.data.read.timeout = 1000ms (default)
2023-11-20 14:17:32,773 [5f312036-1abf-429a-aae6-fa5b52f7bc5c-groupManagement] INFO  server.RaftServerConfigKeys (ConfUtils.java:logGet(46)) - raft.server.log.purge.preservation.log.num = 0 (default)
2023-11-20 14:17:32,773 [5f312036-1abf-429a-aae6-fa5b52f7bc5c-groupManagement] INFO  server.RaftServerConfigKeys (ConfUtils.java:logGet(46)) - raft.server.log.segment.size.max = 1048576 (custom)
2023-11-20 14:17:32,773 [5f312036-1abf-429a-aae6-fa5b52f7bc5c-groupManagement] INFO  server.RaftServerConfigKeys (ConfUtils.java:logGet(46)) - raft.server.log.segment.cache.num.max = 2 (custom)
2023-11-20 14:17:32,773 [5f312036-1abf-429a-aae6-fa5b52f7bc5c-groupManagement] INFO  server.RaftServerConfigKeys (ConfUtils.java:logGet(46)) - raft.server.log.segment.cache.size.max = 200MB (=209715200) (default)
2023-11-20 14:17:32,773 [5f312036-1abf-429a-aae6-fa5b52f7bc5c-groupManagement] INFO  server.RaftServerConfigKeys (ConfUtils.java:logGet(46)) - raft.server.log.appender.buffer.byte-limit = 33554432 (custom)
2023-11-20 14:17:32,773 [5f312036-1abf-429a-aae6-fa5b52f7bc5c-groupManagement] INFO  segmented.SegmentedRaftLogWorker (SegmentedRaftLogWorker.java:<init>(188)) - new 5f312036-1abf-429a-aae6-fa5b52f7bc5c@group-E18CA34AD574-SegmentedRaftLogWorker for RaftStorageImpl:Storage Directory /home/runner/work/ozone/ozone/hadoop-ozone/integration-test/target/test-dir/MiniOzoneClusterImpl-c3dbe4e6-ad2a-443e-bb3b-bc3016376942/datanode-4/data/ratis/7f083697-29e3-4bb7-8af1-e18ca34ad574
2023-11-20 14:17:32,773 [5f312036-1abf-429a-aae6-fa5b52f7bc5c-groupManagement] INFO  server.RaftServerConfigKeys (ConfUtils.java:logGet(46)) - raft.server.log.queue.byte-limit = 4294967296 (custom)
2023-11-20 14:17:32,773 [5f312036-1abf-429a-aae6-fa5b52f7bc5c-groupManagement] INFO  server.RaftServerConfigKeys (ConfUtils.java:logGet(46)) - raft.server.log.queue.element-limit = 1024 (custom)
2023-11-20 14:17:32,773 [5f312036-1abf-429a-aae6-fa5b52f7bc5c-groupManagement] INFO  server.RaftServerConfigKeys (ConfUtils.java:logGet(46)) - raft.server.log.segment.size.max = 1048576 (custom)
2023-11-20 14:17:32,773 [5f312036-1abf-429a-aae6-fa5b52f7bc5c-groupManagement] INFO  server.RaftServerConfigKeys (ConfUtils.java:logGet(46)) - raft.server.log.preallocated.size = 16384 (custom)
2023-11-20 14:17:32,773 [5f312036-1abf-429a-aae6-fa5b52f7bc5c-groupManagement] INFO  server.RaftServerConfigKeys (ConfUtils.java:logGet(46)) - raft.server.log.force.sync.num = 128 (default)
2023-11-20 14:17:32,773 [5f312036-1abf-429a-aae6-fa5b52f7bc5c-groupManagement] INFO  server.RaftServerConfigKeys (ConfUtils.java:logGet(46)) - raft.server.log.statemachine.data.sync = true (default)
2023-11-20 14:17:32,773 [5f312036-1abf-429a-aae6-fa5b52f7bc5c-groupManagement] INFO  server.RaftServerConfigKeys (ConfUtils.java:logGet(46)) - raft.server.log.statemachine.data.sync.timeout = 10s (default)
2023-11-20 14:17:32,773 [5f312036-1abf-429a-aae6-fa5b52f7bc5c-groupManagement] INFO  server.RaftServerConfigKeys (ConfUtils.java:logGet(46)) - raft.server.log.statemachine.data.sync.timeout.retry = -1 (default)
2023-11-20 14:17:32,774 [5f312036-1abf-429a-aae6-fa5b52f7bc5c-groupManagement] INFO  server.RaftServerConfigKeys (ConfUtils.java:logGet(46)) - raft.server.log.write.buffer.size = 1048576 (custom)
2023-11-20 14:17:32,774 [5f312036-1abf-429a-aae6-fa5b52f7bc5c-groupManagement] INFO  server.RaftServerConfigKeys (ConfUtils.java:logGet(46)) - raft.server.log.appender.buffer.byte-limit = 33554432 (custom)
2023-11-20 14:17:32,776 [5f312036-1abf-429a-aae6-fa5b52f7bc5c-groupManagement] INFO  server.RaftServerConfigKeys (ConfUtils.java:logGet(46)) - raft.server.log.unsafe-flush.enabled = false (default)
2023-11-20 14:17:32,776 [5f312036-1abf-429a-aae6-fa5b52f7bc5c-groupManagement] INFO  server.RaftServerConfigKeys (ConfUtils.java:logGet(46)) - raft.server.log.async-flush.enabled = false (default)
2023-11-20 14:17:32,776 [5f312036-1abf-429a-aae6-fa5b52f7bc5c-groupManagement] INFO  server.RaftServerConfigKeys (ConfUtils.java:logGet(46)) - raft.server.log.statemachine.data.caching.enabled = true (custom)
2023-11-20 14:17:32,776 [5f312036-1abf-429a-aae6-fa5b52f7bc5c-groupManagement] INFO  segmented.SegmentedRaftLogWorker (SegmentedRaftLogWorker.java:lambda$new$0(135)) - 5f312036-1abf-429a-aae6-fa5b52f7bc5c@group-E18CA34AD574-SegmentedRaftLogWorker: flushIndex: setUnconditionally 0 -> -1
2023-11-20 14:17:32,776 [5f312036-1abf-429a-aae6-fa5b52f7bc5c-groupManagement] INFO  segmented.SegmentedRaftLogWorker (SegmentedRaftLogWorker.java:lambda$new$0(135)) - 5f312036-1abf-429a-aae6-fa5b52f7bc5c@group-E18CA34AD574-SegmentedRaftLogWorker: safeCacheEvictIndex: setUnconditionally 0 -> -1
2023-11-20 14:17:32,776 [5f312036-1abf-429a-aae6-fa5b52f7bc5c-groupManagement] INFO  server.RaftServer$Division (RaftServerImpl.java:start(342)) - 5f312036-1abf-429a-aae6-fa5b52f7bc5c@group-E18CA34AD574: start as a follower, conf=-1: peers:[5f312036-1abf-429a-aae6-fa5b52f7bc5c|rpc:10.1.0.10:15103|admin:10.1.0.10:15102|client:10.1.0.10:15101|dataStream:10.1.0.10:15104|priority:1|startupRole:FOLLOWER]|listeners:[], old=null
2023-11-20 14:17:32,776 [5f312036-1abf-429a-aae6-fa5b52f7bc5c-groupManagement] INFO  server.RaftServer$Division (RaftServerImpl.java:setRole(329)) - 5f312036-1abf-429a-aae6-fa5b52f7bc5c@group-E18CA34AD574: changes role from      null to FOLLOWER at term 0 for startAsFollower
2023-11-20 14:17:32,776 [5f312036-1abf-429a-aae6-fa5b52f7bc5c-groupManagement] INFO  impl.RoleInfo (RoleInfo.java:updateAndGet(139)) - 5f312036-1abf-429a-aae6-fa5b52f7bc5c: start 5f312036-1abf-429a-aae6-fa5b52f7bc5c@group-E18CA34AD574-FollowerState
2023-11-20 14:17:32,776 [5f312036-1abf-429a-aae6-fa5b52f7bc5c@group-E18CA34AD574-FollowerState] INFO  server.RaftServerConfigKeys (ConfUtils.java:logFallback(53)) - raft.server.rpc.first-election.timeout.min = 5s (fallback to raft.server.rpc.timeout.min)
2023-11-20 14:17:32,776 [5f312036-1abf-429a-aae6-fa5b52f7bc5c-groupManagement] INFO  util.JmxRegister (JmxRegister.java:tryRegister(44)) - Successfully registered JMX Bean with object name Ratis:service=RaftServer,group=group-E18CA34AD574,id=5f312036-1abf-429a-aae6-fa5b52f7bc5c
2023-11-20 14:17:32,776 [5f312036-1abf-429a-aae6-fa5b52f7bc5c@group-E18CA34AD574-FollowerState] INFO  server.RaftServerConfigKeys (ConfUtils.java:logFallback(53)) - raft.server.rpc.first-election.timeout.max = 5200ms (fallback to raft.server.rpc.timeout.max)
2023-11-20 14:17:32,776 [5f312036-1abf-429a-aae6-fa5b52f7bc5c-groupManagement] INFO  server.RaftServerConfigKeys (ConfUtils.java:logGet(46)) - raft.server.snapshot.auto.trigger.enabled = true (custom)
2023-11-20 14:17:32,776 [5f312036-1abf-429a-aae6-fa5b52f7bc5c-groupManagement] INFO  server.RaftServerConfigKeys (ConfUtils.java:logGet(46)) - raft.server.snapshot.auto.trigger.threshold = 10000 (custom)
2023-11-20 14:17:32,776 [5f312036-1abf-429a-aae6-fa5b52f7bc5c-groupManagement] INFO  server.RaftServerConfigKeys (ConfUtils.java:logGet(46)) - raft.server.snapshot.retention.file.num = 5 (custom)
2023-11-20 14:17:32,777 [5f312036-1abf-429a-aae6-fa5b52f7bc5c-groupManagement] INFO  server.RaftServerConfigKeys (ConfUtils.java:logGet(46)) - raft.server.log.purge.upto.snapshot.index = false (default)
2023-11-20 14:17:32,777 [5f312036-1abf-429a-aae6-fa5b52f7bc5c-PipelineCommandHandlerThread-0] INFO  ratis.XceiverServerRatis (XceiverServerRatis.java:addGroup(807)) - Created group PipelineID=7f083697-29e3-4bb7-8af1-e18ca34ad574
2023-11-20 14:17:32,777 [5f312036-1abf-429a-aae6-fa5b52f7bc5c-PipelineCommandHandlerThread-0] INFO  commandhandler.CreatePipelineCommandHandler (CreatePipelineCommandHandler.java:lambda$handle$2(124)) - Created Pipeline RATIS ONE PipelineID=7f083697-29e3-4bb7-8af1-e18ca34ad574.
2023-11-20 14:17:33,760 [main] INFO  ozone.MiniOzoneClusterImpl (MiniOzoneClusterImpl.java:lambda$waitForClusterToBeReady$0(229)) - Nodes are ready. Got 5 of 5 DN Heartbeats.
2023-11-20 14:17:33,760 [main] INFO  ozone.MiniOzoneClusterImpl (MiniOzoneClusterImpl.java:lambda$waitForClusterToBeReady$0(232)) - Waiting for cluster to exit safe mode
2023-11-20 14:17:33,760 [main] INFO  ozone.MiniOzoneClusterImpl (MiniOzoneClusterImpl.java:lambda$waitForClusterToBeReady$0(234)) - SCM became leader
2023-11-20 14:17:34,761 [main] INFO  ozone.MiniOzoneClusterImpl (MiniOzoneClusterImpl.java:lambda$waitForClusterToBeReady$0(229)) - Nodes are ready. Got 5 of 5 DN Heartbeats.
2023-11-20 14:17:34,761 [main] INFO  ozone.MiniOzoneClusterImpl (MiniOzoneClusterImpl.java:lambda$waitForClusterToBeReady$0(232)) - Waiting for cluster to exit safe mode
2023-11-20 14:17:34,761 [main] INFO  ozone.MiniOzoneClusterImpl (MiniOzoneClusterImpl.java:lambda$waitForClusterToBeReady$0(234)) - SCM became leader
2023-11-20 14:17:35,761 [main] INFO  ozone.MiniOzoneClusterImpl (MiniOzoneClusterImpl.java:lambda$waitForClusterToBeReady$0(229)) - Nodes are ready. Got 5 of 5 DN Heartbeats.
2023-11-20 14:17:35,761 [main] INFO  ozone.MiniOzoneClusterImpl (MiniOzoneClusterImpl.java:lambda$waitForClusterToBeReady$0(232)) - Waiting for cluster to exit safe mode
2023-11-20 14:17:35,761 [main] INFO  ozone.MiniOzoneClusterImpl (MiniOzoneClusterImpl.java:lambda$waitForClusterToBeReady$0(234)) - SCM became leader
2023-11-20 14:17:36,761 [main] INFO  ozone.MiniOzoneClusterImpl (MiniOzoneClusterImpl.java:lambda$waitForClusterToBeReady$0(229)) - Nodes are ready. Got 5 of 5 DN Heartbeats.
2023-11-20 14:17:36,762 [main] INFO  ozone.MiniOzoneClusterImpl (MiniOzoneClusterImpl.java:lambda$waitForClusterToBeReady$0(232)) - Waiting for cluster to exit safe mode
2023-11-20 14:17:36,762 [main] INFO  ozone.MiniOzoneClusterImpl (MiniOzoneClusterImpl.java:lambda$waitForClusterToBeReady$0(234)) - SCM became leader
2023-11-20 14:17:37,418 [d8d0483b-b60f-4086-b029-9dd5e1fa5048@group-E4E039803129-FollowerState] INFO  impl.FollowerState (FollowerState.java:run(143)) - d8d0483b-b60f-4086-b029-9dd5e1fa5048@group-E4E039803129-FollowerState: change to CANDIDATE, lastRpcElapsedTime:5011331092ns, electionTimeout:5011ms
2023-11-20 14:17:37,419 [d8d0483b-b60f-4086-b029-9dd5e1fa5048@group-E4E039803129-FollowerState] INFO  impl.RoleInfo (RoleInfo.java:shutdownFollowerState(110)) - d8d0483b-b60f-4086-b029-9dd5e1fa5048: shutdown d8d0483b-b60f-4086-b029-9dd5e1fa5048@group-E4E039803129-FollowerState
2023-11-20 14:17:37,419 [d8d0483b-b60f-4086-b029-9dd5e1fa5048@group-E4E039803129-FollowerState] INFO  server.RaftServer$Division (RaftServerImpl.java:setRole(329)) - d8d0483b-b60f-4086-b029-9dd5e1fa5048@group-E4E039803129: changes role from  FOLLOWER to CANDIDATE at term 0 for changeToCandidate
2023-11-20 14:17:37,419 [d8d0483b-b60f-4086-b029-9dd5e1fa5048@group-E4E039803129-FollowerState] INFO  server.RaftServerConfigKeys (ConfUtils.java:logGet(46)) - raft.server.leaderelection.pre-vote = true (default)
2023-11-20 14:17:37,419 [d8d0483b-b60f-4086-b029-9dd5e1fa5048@group-E4E039803129-FollowerState] INFO  impl.RoleInfo (RoleInfo.java:updateAndGet(139)) - d8d0483b-b60f-4086-b029-9dd5e1fa5048: start d8d0483b-b60f-4086-b029-9dd5e1fa5048@group-E4E039803129-LeaderElection12
2023-11-20 14:17:37,421 [d8d0483b-b60f-4086-b029-9dd5e1fa5048@group-E4E039803129-LeaderElection12] INFO  impl.LeaderElection (LeaderElection.java:askForVotes(321)) - d8d0483b-b60f-4086-b029-9dd5e1fa5048@group-E4E039803129-LeaderElection12 PRE_VOTE round 0: submit vote requests at term 0 for -1: peers:[d8d0483b-b60f-4086-b029-9dd5e1fa5048|rpc:10.1.0.10:15067|admin:10.1.0.10:15066|client:10.1.0.10:15065|dataStream:10.1.0.10:15068|priority:1|startupRole:FOLLOWER]|listeners:[], old=null
2023-11-20 14:17:37,421 [d8d0483b-b60f-4086-b029-9dd5e1fa5048@group-E4E039803129-LeaderElection12] INFO  impl.LeaderElection (LeaderElection.java:askForVotes(323)) - d8d0483b-b60f-4086-b029-9dd5e1fa5048@group-E4E039803129-LeaderElection12 PRE_VOTE round 0: result PASSED (term=0)
2023-11-20 14:17:37,422 [d8d0483b-b60f-4086-b029-9dd5e1fa5048@group-E4E039803129-LeaderElection12] INFO  impl.LeaderElection (LeaderElection.java:askForVotes(321)) - d8d0483b-b60f-4086-b029-9dd5e1fa5048@group-E4E039803129-LeaderElection12 ELECTION round 0: submit vote requests at term 1 for -1: peers:[d8d0483b-b60f-4086-b029-9dd5e1fa5048|rpc:10.1.0.10:15067|admin:10.1.0.10:15066|client:10.1.0.10:15065|dataStream:10.1.0.10:15068|priority:1|startupRole:FOLLOWER]|listeners:[], old=null
2023-11-20 14:17:37,423 [d8d0483b-b60f-4086-b029-9dd5e1fa5048@group-E4E039803129-LeaderElection12] INFO  impl.LeaderElection (LeaderElection.java:askForVotes(323)) - d8d0483b-b60f-4086-b029-9dd5e1fa5048@group-E4E039803129-LeaderElection12 ELECTION round 0: result PASSED (term=1)
2023-11-20 14:17:37,423 [d8d0483b-b60f-4086-b029-9dd5e1fa5048@group-E4E039803129-LeaderElection12] INFO  impl.RoleInfo (RoleInfo.java:shutdownLeaderElection(130)) - d8d0483b-b60f-4086-b029-9dd5e1fa5048: shutdown d8d0483b-b60f-4086-b029-9dd5e1fa5048@group-E4E039803129-LeaderElection12
2023-11-20 14:17:37,423 [d8d0483b-b60f-4086-b029-9dd5e1fa5048@group-E4E039803129-LeaderElection12] INFO  server.RaftServer$Division (RaftServerImpl.java:setRole(329)) - d8d0483b-b60f-4086-b029-9dd5e1fa5048@group-E4E039803129: changes role from CANDIDATE to LEADER at term 1 for changeToLeader
2023-11-20 14:17:37,423 [d8d0483b-b60f-4086-b029-9dd5e1fa5048@group-E4E039803129-LeaderElection12] INFO  ratis.XceiverServerRatis (XceiverServerRatis.java:handleLeaderChangedNotification(905)) - Leader change notification received for group: group-E4E039803129 with new leaderId: d8d0483b-b60f-4086-b029-9dd5e1fa5048
2023-11-20 14:17:37,423 [d8d0483b-b60f-4086-b029-9dd5e1fa5048@group-E4E039803129-LeaderElection12] INFO  server.RaftServer$Division (ServerState.java:setLeader(317)) - d8d0483b-b60f-4086-b029-9dd5e1fa5048@group-E4E039803129: change Leader from null to d8d0483b-b60f-4086-b029-9dd5e1fa5048 at term 1 for becomeLeader, leader elected after 5023ms
2023-11-20 14:17:37,423 [d8d0483b-b60f-4086-b029-9dd5e1fa5048@group-E4E039803129-LeaderElection12] INFO  server.RaftServerConfigKeys (ConfUtils.java:logGet(46)) - raft.server.staging.catchup.gap = 1000 (default)
2023-11-20 14:17:37,423 [d8d0483b-b60f-4086-b029-9dd5e1fa5048@group-E4E039803129-LeaderElection12] INFO  server.RaftServerConfigKeys (ConfUtils.java:logGet(46)) - raft.server.write.element-limit = 1024 (custom)
2023-11-20 14:17:37,423 [d8d0483b-b60f-4086-b029-9dd5e1fa5048@group-E4E039803129-LeaderElection12] INFO  server.RaftServerConfigKeys (ConfUtils.java:logGet(46)) - raft.server.write.byte-limit = 1024 M (=1073741824) (custom)
2023-11-20 14:17:37,423 [d8d0483b-b60f-4086-b029-9dd5e1fa5048@group-E4E039803129-LeaderElection12] INFO  server.RaftServerConfigKeys (ConfUtils.java:logGet(46)) - raft.server.watch.timeout = 180s (custom)
2023-11-20 14:17:37,423 [d8d0483b-b60f-4086-b029-9dd5e1fa5048@group-E4E039803129-LeaderElection12] INFO  server.RaftServerConfigKeys (ConfUtils.java:logGet(46)) - raft.server.watch.timeout.denomination = 1s (default)
2023-11-20 14:17:37,423 [d8d0483b-b60f-4086-b029-9dd5e1fa5048@group-E4E039803129-LeaderElection12] INFO  server.RaftServerConfigKeys (ConfUtils.java:logGet(46)) - raft.server.watch.element-limit = 65536 (default)
2023-11-20 14:17:37,424 [d8d0483b-b60f-4086-b029-9dd5e1fa5048@group-E4E039803129-LeaderElection12] INFO  server.RaftServerConfigKeys (ConfUtils.java:logGet(46)) - raft.server.write.element-limit = 1024 (custom)
2023-11-20 14:17:37,424 [d8d0483b-b60f-4086-b029-9dd5e1fa5048@group-E4E039803129-LeaderElection12] INFO  server.RaftServerConfigKeys (ConfUtils.java:logGet(46)) - raft.server.write.follower.gap.ratio.max = -1.0 (default)
2023-11-20 14:17:37,424 [d8d0483b-b60f-4086-b029-9dd5e1fa5048@group-E4E039803129-LeaderElection12] INFO  impl.RoleInfo (RoleInfo.java:updateAndGet(139)) - d8d0483b-b60f-4086-b029-9dd5e1fa5048: start d8d0483b-b60f-4086-b029-9dd5e1fa5048@group-E4E039803129-LeaderStateImpl
2023-11-20 14:17:37,424 [d8d0483b-b60f-4086-b029-9dd5e1fa5048@group-E4E039803129-LeaderElection12] INFO  segmented.SegmentedRaftLogWorker (SegmentedRaftLogWorker.java:startLogSegment(447)) - d8d0483b-b60f-4086-b029-9dd5e1fa5048@group-E4E039803129-SegmentedRaftLogWorker: Starting segment from index:0
2023-11-20 14:17:37,425 [d8d0483b-b60f-4086-b029-9dd5e1fa5048@group-E4E039803129-LeaderElection12] INFO  server.RaftServer$Division (ServerState.java:setRaftConf(434)) - d8d0483b-b60f-4086-b029-9dd5e1fa5048@group-E4E039803129: set configuration 0: peers:[d8d0483b-b60f-4086-b029-9dd5e1fa5048|rpc:10.1.0.10:15067|admin:10.1.0.10:15066|client:10.1.0.10:15065|dataStream:10.1.0.10:15068|priority:1|startupRole:FOLLOWER]|listeners:[], old=null
2023-11-20 14:17:37,425 [d8d0483b-b60f-4086-b029-9dd5e1fa5048@group-E4E039803129-SegmentedRaftLogWorker] INFO  segmented.SegmentedRaftLogWorker (SegmentedRaftLogWorker.java:execute(651)) - d8d0483b-b60f-4086-b029-9dd5e1fa5048@group-E4E039803129-SegmentedRaftLogWorker: created new log segment /home/runner/work/ozone/ozone/hadoop-ozone/integration-test/target/test-dir/MiniOzoneClusterImpl-c3dbe4e6-ad2a-443e-bb3b-bc3016376942/datanode-0/data/ratis/b10e4d37-b695-47f5-8687-e4e039803129/current/log_inprogress_0
2023-11-20 14:17:37,425 [EventQueue-OpenPipelineForHealthyPipelineSafeModeRule] INFO  safemode.SCMSafeModeManager (HealthyPipelineSafeModeRule.java:process(137)) - SCM in safe mode. Healthy pipelines reported count is 0, required healthy pipeline reported count is 1
2023-11-20 14:17:37,515 [d8d0483b-b60f-4086-b029-9dd5e1fa5048@group-E1FAF33906B1-FollowerState] INFO  impl.FollowerState (FollowerState.java:run(143)) - d8d0483b-b60f-4086-b029-9dd5e1fa5048@group-E1FAF33906B1-FollowerState: change to CANDIDATE, lastRpcElapsedTime:5096403614ns, electionTimeout:5096ms
2023-11-20 14:17:37,515 [d8d0483b-b60f-4086-b029-9dd5e1fa5048@group-E1FAF33906B1-FollowerState] INFO  impl.RoleInfo (RoleInfo.java:shutdownFollowerState(110)) - d8d0483b-b60f-4086-b029-9dd5e1fa5048: shutdown d8d0483b-b60f-4086-b029-9dd5e1fa5048@group-E1FAF33906B1-FollowerState
2023-11-20 14:17:37,515 [d8d0483b-b60f-4086-b029-9dd5e1fa5048@group-E1FAF33906B1-FollowerState] INFO  server.RaftServer$Division (RaftServerImpl.java:setRole(329)) - d8d0483b-b60f-4086-b029-9dd5e1fa5048@group-E1FAF33906B1: changes role from  FOLLOWER to CANDIDATE at term 0 for changeToCandidate
2023-11-20 14:17:37,515 [d8d0483b-b60f-4086-b029-9dd5e1fa5048@group-E1FAF33906B1-FollowerState] INFO  server.RaftServerConfigKeys (ConfUtils.java:logGet(46)) - raft.server.leaderelection.pre-vote = true (default)
2023-11-20 14:17:37,515 [d8d0483b-b60f-4086-b029-9dd5e1fa5048@group-E1FAF33906B1-FollowerState] INFO  impl.RoleInfo (RoleInfo.java:updateAndGet(139)) - d8d0483b-b60f-4086-b029-9dd5e1fa5048: start d8d0483b-b60f-4086-b029-9dd5e1fa5048@group-E1FAF33906B1-LeaderElection13
2023-11-20 14:17:37,515 [d8d0483b-b60f-4086-b029-9dd5e1fa5048@group-E1FAF33906B1-LeaderElection13] INFO  impl.LeaderElection (LeaderElection.java:askForVotes(321)) - d8d0483b-b60f-4086-b029-9dd5e1fa5048@group-E1FAF33906B1-LeaderElection13 PRE_VOTE round 0: submit vote requests at term 0 for -1: peers:[17b41fa2-89b0-41d9-9866-157016c3cd1a|rpc:10.1.0.10:15076|admin:10.1.0.10:15075|client:10.1.0.10:15074|dataStream:10.1.0.10:15077|priority:1|startupRole:FOLLOWER, c8e369c4-4c6c-4030-b1f6-34ff4305fcfc|rpc:10.1.0.10:15085|admin:10.1.0.10:15084|client:10.1.0.10:15083|dataStream:10.1.0.10:15086|priority:0|startupRole:FOLLOWER, d8d0483b-b60f-4086-b029-9dd5e1fa5048|rpc:10.1.0.10:15067|admin:10.1.0.10:15066|client:10.1.0.10:15065|dataStream:10.1.0.10:15068|priority:0|startupRole:FOLLOWER]|listeners:[], old=null
2023-11-20 14:17:37,516 [d8d0483b-b60f-4086-b029-9dd5e1fa5048@group-E1FAF33906B1-LeaderElection13-1] INFO  server.GrpcServerProtocolClient (GrpcServerProtocolClient.java:<init>(65)) - Build channel for 17b41fa2-89b0-41d9-9866-157016c3cd1a
2023-11-20 14:17:37,516 [d8d0483b-b60f-4086-b029-9dd5e1fa5048@group-E1FAF33906B1-LeaderElection13] INFO  server.RaftServerConfigKeys (ConfUtils.java:logFallback(53)) - raft.server.rpc.first-election.timeout.min = 5s (fallback to raft.server.rpc.timeout.min)
2023-11-20 14:17:37,516 [d8d0483b-b60f-4086-b029-9dd5e1fa5048@group-E1FAF33906B1-LeaderElection13-2] INFO  server.GrpcServerProtocolClient (GrpcServerProtocolClient.java:<init>(65)) - Build channel for c8e369c4-4c6c-4030-b1f6-34ff4305fcfc
2023-11-20 14:17:37,516 [d8d0483b-b60f-4086-b029-9dd5e1fa5048@group-E1FAF33906B1-LeaderElection13] INFO  server.RaftServerConfigKeys (ConfUtils.java:logFallback(53)) - raft.server.rpc.first-election.timeout.max = 5200ms (fallback to raft.server.rpc.timeout.max)
2023-11-20 14:17:37,521 [grpc-default-executor-0] INFO  server.RaftServer$Division (RaftServerImpl.java:requestVote(1302)) - c8e369c4-4c6c-4030-b1f6-34ff4305fcfc@group-E1FAF33906B1: receive requestVote(PRE_VOTE, d8d0483b-b60f-4086-b029-9dd5e1fa5048, group-E1FAF33906B1, 0, (t:0, i:0))
2023-11-20 14:17:37,521 [grpc-default-executor-0] INFO  impl.VoteContext (VoteContext.java:log(49)) - c8e369c4-4c6c-4030-b1f6-34ff4305fcfc@group-E1FAF33906B1-FOLLOWER: accept PRE_VOTE from d8d0483b-b60f-4086-b029-9dd5e1fa5048: our priority 0 <= candidate's priority 0
2023-11-20 14:17:37,521 [grpc-default-executor-1] INFO  server.RaftServer$Division (RaftServerImpl.java:requestVote(1302)) - 17b41fa2-89b0-41d9-9866-157016c3cd1a@group-E1FAF33906B1: receive requestVote(PRE_VOTE, d8d0483b-b60f-4086-b029-9dd5e1fa5048, group-E1FAF33906B1, 0, (t:0, i:0))
2023-11-20 14:17:37,521 [grpc-default-executor-0] INFO  server.RaftServer$Division (RaftServerImpl.java:requestVote(1335)) - c8e369c4-4c6c-4030-b1f6-34ff4305fcfc@group-E1FAF33906B1 replies to PRE_VOTE vote request: d8d0483b-b60f-4086-b029-9dd5e1fa5048<-c8e369c4-4c6c-4030-b1f6-34ff4305fcfc#0:OK-t0. Peer's state: c8e369c4-4c6c-4030-b1f6-34ff4305fcfc@group-E1FAF33906B1:t0, leader=null, voted=, raftlog=Memoized:c8e369c4-4c6c-4030-b1f6-34ff4305fcfc@group-E1FAF33906B1-SegmentedRaftLog:OPENED:c-1, conf=-1: peers:[17b41fa2-89b0-41d9-9866-157016c3cd1a|rpc:10.1.0.10:15076|admin:10.1.0.10:15075|client:10.1.0.10:15074|dataStream:10.1.0.10:15077|priority:1|startupRole:FOLLOWER, c8e369c4-4c6c-4030-b1f6-34ff4305fcfc|rpc:10.1.0.10:15085|admin:10.1.0.10:15084|client:10.1.0.10:15083|dataStream:10.1.0.10:15086|priority:0|startupRole:FOLLOWER, d8d0483b-b60f-4086-b029-9dd5e1fa5048|rpc:10.1.0.10:15067|admin:10.1.0.10:15066|client:10.1.0.10:15065|dataStream:10.1.0.10:15068|priority:0|startupRole:FOLLOWER]|listeners:[], old=null
2023-11-20 14:17:37,521 [grpc-default-executor-1] INFO  impl.VoteContext (VoteContext.java:log(49)) - 17b41fa2-89b0-41d9-9866-157016c3cd1a@group-E1FAF33906B1-FOLLOWER: reject PRE_VOTE from d8d0483b-b60f-4086-b029-9dd5e1fa5048: our priority 1 > candidate's priority 0
2023-11-20 14:17:37,521 [grpc-default-executor-1] INFO  server.RaftServer$Division (RaftServerImpl.java:requestVote(1335)) - 17b41fa2-89b0-41d9-9866-157016c3cd1a@group-E1FAF33906B1 replies to PRE_VOTE vote request: d8d0483b-b60f-4086-b029-9dd5e1fa5048<-17b41fa2-89b0-41d9-9866-157016c3cd1a#0:FAIL-t0. Peer's state: 17b41fa2-89b0-41d9-9866-157016c3cd1a@group-E1FAF33906B1:t0, leader=null, voted=, raftlog=Memoized:17b41fa2-89b0-41d9-9866-157016c3cd1a@group-E1FAF33906B1-SegmentedRaftLog:OPENED:c-1, conf=-1: peers:[17b41fa2-89b0-41d9-9866-157016c3cd1a|rpc:10.1.0.10:15076|admin:10.1.0.10:15075|client:10.1.0.10:15074|dataStream:10.1.0.10:15077|priority:1|startupRole:FOLLOWER, c8e369c4-4c6c-4030-b1f6-34ff4305fcfc|rpc:10.1.0.10:15085|admin:10.1.0.10:15084|client:10.1.0.10:15083|dataStream:10.1.0.10:15086|priority:0|startupRole:FOLLOWER, d8d0483b-b60f-4086-b029-9dd5e1fa5048|rpc:10.1.0.10:15067|admin:10.1.0.10:15066|client:10.1.0.10:15065|dataStream:10.1.0.10:15068|priority:0|startupRole:FOLLOWER]|listeners:[], old=null
2023-11-20 14:17:37,524 [d8d0483b-b60f-4086-b029-9dd5e1fa5048@group-E1FAF33906B1-LeaderElection13] INFO  impl.LeaderElection (LeaderElection.java:logAndReturn(90)) - d8d0483b-b60f-4086-b029-9dd5e1fa5048@group-E1FAF33906B1-LeaderElection13: PRE_VOTE REJECTED received 2 response(s) and 0 exception(s):
2023-11-20 14:17:37,524 [d8d0483b-b60f-4086-b029-9dd5e1fa5048@group-E1FAF33906B1-LeaderElection13] INFO  impl.LeaderElection (LeaderElection.java:logAndReturn(94)) -   Response 0: d8d0483b-b60f-4086-b029-9dd5e1fa5048<-17b41fa2-89b0-41d9-9866-157016c3cd1a#0:FAIL-t0
2023-11-20 14:17:37,524 [d8d0483b-b60f-4086-b029-9dd5e1fa5048@group-E1FAF33906B1-LeaderElection13] INFO  impl.LeaderElection (LeaderElection.java:logAndReturn(94)) -   Response 1: d8d0483b-b60f-4086-b029-9dd5e1fa5048<-c8e369c4-4c6c-4030-b1f6-34ff4305fcfc#0:OK-t0
2023-11-20 14:17:37,524 [d8d0483b-b60f-4086-b029-9dd5e1fa5048@group-E1FAF33906B1-LeaderElection13] INFO  impl.LeaderElection (LeaderElection.java:askForVotes(323)) - d8d0483b-b60f-4086-b029-9dd5e1fa5048@group-E1FAF33906B1-LeaderElection13 PRE_VOTE round 0: result REJECTED
2023-11-20 14:17:37,524 [d8d0483b-b60f-4086-b029-9dd5e1fa5048@group-E1FAF33906B1-LeaderElection13] INFO  server.RaftServer$Division (RaftServerImpl.java:setRole(329)) - d8d0483b-b60f-4086-b029-9dd5e1fa5048@group-E1FAF33906B1: changes role from CANDIDATE to FOLLOWER at term 0 for REJECTED
2023-11-20 14:17:37,524 [d8d0483b-b60f-4086-b029-9dd5e1fa5048@group-E1FAF33906B1-LeaderElection13] INFO  impl.RoleInfo (RoleInfo.java:shutdownLeaderElection(130)) - d8d0483b-b60f-4086-b029-9dd5e1fa5048: shutdown d8d0483b-b60f-4086-b029-9dd5e1fa5048@group-E1FAF33906B1-LeaderElection13
2023-11-20 14:17:37,524 [d8d0483b-b60f-4086-b029-9dd5e1fa5048@group-E1FAF33906B1-LeaderElection13] INFO  impl.RoleInfo (RoleInfo.java:updateAndGet(139)) - d8d0483b-b60f-4086-b029-9dd5e1fa5048: start d8d0483b-b60f-4086-b029-9dd5e1fa5048@group-E1FAF33906B1-FollowerState
2023-11-20 14:17:37,540 [17b41fa2-89b0-41d9-9866-157016c3cd1a@group-E1FAF33906B1-FollowerState] INFO  impl.FollowerState (FollowerState.java:run(143)) - 17b41fa2-89b0-41d9-9866-157016c3cd1a@group-E1FAF33906B1-FollowerState: change to CANDIDATE, lastRpcElapsedTime:5077115381ns, electionTimeout:5076ms
2023-11-20 14:17:37,541 [17b41fa2-89b0-41d9-9866-157016c3cd1a@group-E1FAF33906B1-FollowerState] INFO  impl.RoleInfo (RoleInfo.java:shutdownFollowerState(110)) - 17b41fa2-89b0-41d9-9866-157016c3cd1a: shutdown 17b41fa2-89b0-41d9-9866-157016c3cd1a@group-E1FAF33906B1-FollowerState
2023-11-20 14:17:37,541 [17b41fa2-89b0-41d9-9866-157016c3cd1a@group-E1FAF33906B1-FollowerState] INFO  server.RaftServer$Division (RaftServerImpl.java:setRole(329)) - 17b41fa2-89b0-41d9-9866-157016c3cd1a@group-E1FAF33906B1: changes role from  FOLLOWER to CANDIDATE at term 0 for changeToCandidate
2023-11-20 14:17:37,541 [17b41fa2-89b0-41d9-9866-157016c3cd1a@group-E1FAF33906B1-FollowerState] INFO  server.RaftServerConfigKeys (ConfUtils.java:logGet(46)) - raft.server.leaderelection.pre-vote = true (default)
2023-11-20 14:17:37,541 [17b41fa2-89b0-41d9-9866-157016c3cd1a@group-E1FAF33906B1-FollowerState] INFO  impl.RoleInfo (RoleInfo.java:updateAndGet(139)) - 17b41fa2-89b0-41d9-9866-157016c3cd1a: start 17b41fa2-89b0-41d9-9866-157016c3cd1a@group-E1FAF33906B1-LeaderElection14
2023-11-20 14:17:37,541 [c8e369c4-4c6c-4030-b1f6-34ff4305fcfc@group-E1FAF33906B1-FollowerState] INFO  server.RaftServerConfigKeys (ConfUtils.java:logFallback(53)) - raft.server.rpc.first-election.timeout.min = 5s (fallback to raft.server.rpc.timeout.min)
2023-11-20 14:17:37,541 [c8e369c4-4c6c-4030-b1f6-34ff4305fcfc@group-E1FAF33906B1-FollowerState] INFO  server.RaftServerConfigKeys (ConfUtils.java:logFallback(53)) - raft.server.rpc.first-election.timeout.max = 5200ms (fallback to raft.server.rpc.timeout.max)
2023-11-20 14:17:37,541 [17b41fa2-89b0-41d9-9866-157016c3cd1a@group-E1FAF33906B1-LeaderElection14] INFO  impl.LeaderElection (LeaderElection.java:askForVotes(321)) - 17b41fa2-89b0-41d9-9866-157016c3cd1a@group-E1FAF33906B1-LeaderElection14 PRE_VOTE round 0: submit vote requests at term 0 for -1: peers:[17b41fa2-89b0-41d9-9866-157016c3cd1a|rpc:10.1.0.10:15076|admin:10.1.0.10:15075|client:10.1.0.10:15074|dataStream:10.1.0.10:15077|priority:1|startupRole:FOLLOWER, c8e369c4-4c6c-4030-b1f6-34ff4305fcfc|rpc:10.1.0.10:15085|admin:10.1.0.10:15084|client:10.1.0.10:15083|dataStream:10.1.0.10:15086|priority:0|startupRole:FOLLOWER, d8d0483b-b60f-4086-b029-9dd5e1fa5048|rpc:10.1.0.10:15067|admin:10.1.0.10:15066|client:10.1.0.10:15065|dataStream:10.1.0.10:15068|priority:0|startupRole:FOLLOWER]|listeners:[], old=null
2023-11-20 14:17:37,541 [17b41fa2-89b0-41d9-9866-157016c3cd1a@group-E1FAF33906B1-LeaderElection14-1] INFO  server.GrpcServerProtocolClient (GrpcServerProtocolClient.java:<init>(65)) - Build channel for c8e369c4-4c6c-4030-b1f6-34ff4305fcfc
2023-11-20 14:17:37,541 [17b41fa2-89b0-41d9-9866-157016c3cd1a@group-E1FAF33906B1-LeaderElection14] INFO  server.RaftServerConfigKeys (ConfUtils.java:logFallback(53)) - raft.server.rpc.first-election.timeout.min = 5s (fallback to raft.server.rpc.timeout.min)
2023-11-20 14:17:37,541 [17b41fa2-89b0-41d9-9866-157016c3cd1a@group-E1FAF33906B1-LeaderElection14] INFO  server.RaftServerConfigKeys (ConfUtils.java:logFallback(53)) - raft.server.rpc.first-election.timeout.max = 5200ms (fallback to raft.server.rpc.timeout.max)
2023-11-20 14:17:37,541 [17b41fa2-89b0-41d9-9866-157016c3cd1a@group-E1FAF33906B1-LeaderElection14-2] INFO  server.GrpcServerProtocolClient (GrpcServerProtocolClient.java:<init>(65)) - Build channel for d8d0483b-b60f-4086-b029-9dd5e1fa5048
2023-11-20 14:17:37,548 [grpc-default-executor-1] INFO  server.RaftServer$Division (RaftServerImpl.java:requestVote(1302)) - c8e369c4-4c6c-4030-b1f6-34ff4305fcfc@group-E1FAF33906B1: receive requestVote(PRE_VOTE, 17b41fa2-89b0-41d9-9866-157016c3cd1a, group-E1FAF33906B1, 0, (t:0, i:0))
2023-11-20 14:17:37,548 [grpc-default-executor-1] INFO  impl.VoteContext (VoteContext.java:log(49)) - c8e369c4-4c6c-4030-b1f6-34ff4305fcfc@group-E1FAF33906B1-FOLLOWER: accept PRE_VOTE from 17b41fa2-89b0-41d9-9866-157016c3cd1a: our priority 0 <= candidate's priority 1
2023-11-20 14:17:37,549 [grpc-default-executor-1] INFO  server.RaftServer$Division (RaftServerImpl.java:requestVote(1335)) - c8e369c4-4c6c-4030-b1f6-34ff4305fcfc@group-E1FAF33906B1 replies to PRE_VOTE vote request: 17b41fa2-89b0-41d9-9866-157016c3cd1a<-c8e369c4-4c6c-4030-b1f6-34ff4305fcfc#0:OK-t0. Peer's state: c8e369c4-4c6c-4030-b1f6-34ff4305fcfc@group-E1FAF33906B1:t0, leader=null, voted=, raftlog=Memoized:c8e369c4-4c6c-4030-b1f6-34ff4305fcfc@group-E1FAF33906B1-SegmentedRaftLog:OPENED:c-1, conf=-1: peers:[17b41fa2-89b0-41d9-9866-157016c3cd1a|rpc:10.1.0.10:15076|admin:10.1.0.10:15075|client:10.1.0.10:15074|dataStream:10.1.0.10:15077|priority:1|startupRole:FOLLOWER, c8e369c4-4c6c-4030-b1f6-34ff4305fcfc|rpc:10.1.0.10:15085|admin:10.1.0.10:15084|client:10.1.0.10:15083|dataStream:10.1.0.10:15086|priority:0|startupRole:FOLLOWER, d8d0483b-b60f-4086-b029-9dd5e1fa5048|rpc:10.1.0.10:15067|admin:10.1.0.10:15066|client:10.1.0.10:15065|dataStream:10.1.0.10:15068|priority:0|startupRole:FOLLOWER]|listeners:[], old=null
2023-11-20 14:17:37,550 [grpc-default-executor-1] INFO  server.RaftServer$Division (RaftServerImpl.java:requestVote(1302)) - d8d0483b-b60f-4086-b029-9dd5e1fa5048@group-E1FAF33906B1: receive requestVote(PRE_VOTE, 17b41fa2-89b0-41d9-9866-157016c3cd1a, group-E1FAF33906B1, 0, (t:0, i:0))
2023-11-20 14:17:37,550 [grpc-default-executor-1] INFO  impl.VoteContext (VoteContext.java:log(49)) - d8d0483b-b60f-4086-b029-9dd5e1fa5048@group-E1FAF33906B1-FOLLOWER: accept PRE_VOTE from 17b41fa2-89b0-41d9-9866-157016c3cd1a: our priority 0 <= candidate's priority 1
2023-11-20 14:17:37,550 [grpc-default-executor-1] INFO  server.RaftServer$Division (RaftServerImpl.java:requestVote(1335)) - d8d0483b-b60f-4086-b029-9dd5e1fa5048@group-E1FAF33906B1 replies to PRE_VOTE vote request: 17b41fa2-89b0-41d9-9866-157016c3cd1a<-d8d0483b-b60f-4086-b029-9dd5e1fa5048#0:OK-t0. Peer's state: d8d0483b-b60f-4086-b029-9dd5e1fa5048@group-E1FAF33906B1:t0, leader=null, voted=, raftlog=Memoized:d8d0483b-b60f-4086-b029-9dd5e1fa5048@group-E1FAF33906B1-SegmentedRaftLog:OPENED:c-1, conf=-1: peers:[17b41fa2-89b0-41d9-9866-157016c3cd1a|rpc:10.1.0.10:15076|admin:10.1.0.10:15075|client:10.1.0.10:15074|dataStream:10.1.0.10:15077|priority:1|startupRole:FOLLOWER, c8e369c4-4c6c-4030-b1f6-34ff4305fcfc|rpc:10.1.0.10:15085|admin:10.1.0.10:15084|client:10.1.0.10:15083|dataStream:10.1.0.10:15086|priority:0|startupRole:FOLLOWER, d8d0483b-b60f-4086-b029-9dd5e1fa5048|rpc:10.1.0.10:15067|admin:10.1.0.10:15066|client:10.1.0.10:15065|dataStream:10.1.0.10:15068|priority:0|startupRole:FOLLOWER]|listeners:[], old=null
2023-11-20 14:17:37,552 [17b41fa2-89b0-41d9-9866-157016c3cd1a@group-E1FAF33906B1-LeaderElection14] INFO  impl.LeaderElection (LeaderElection.java:logAndReturn(90)) - 17b41fa2-89b0-41d9-9866-157016c3cd1a@group-E1FAF33906B1-LeaderElection14: PRE_VOTE PASSED received 1 response(s) and 0 exception(s):
2023-11-20 14:17:37,552 [17b41fa2-89b0-41d9-9866-157016c3cd1a@group-E1FAF33906B1-LeaderElection14] INFO  impl.LeaderElection (LeaderElection.java:logAndReturn(94)) -   Response 0: 17b41fa2-89b0-41d9-9866-157016c3cd1a<-d8d0483b-b60f-4086-b029-9dd5e1fa5048#0:OK-t0
2023-11-20 14:17:37,552 [17b41fa2-89b0-41d9-9866-157016c3cd1a@group-E1FAF33906B1-LeaderElection14] INFO  impl.LeaderElection (LeaderElection.java:askForVotes(323)) - 17b41fa2-89b0-41d9-9866-157016c3cd1a@group-E1FAF33906B1-LeaderElection14 PRE_VOTE round 0: result PASSED
2023-11-20 14:17:37,553 [17b41fa2-89b0-41d9-9866-157016c3cd1a@group-E1FAF33906B1-LeaderElection14] INFO  impl.LeaderElection (LeaderElection.java:askForVotes(321)) - 17b41fa2-89b0-41d9-9866-157016c3cd1a@group-E1FAF33906B1-LeaderElection14 ELECTION round 0: submit vote requests at term 1 for -1: peers:[17b41fa2-89b0-41d9-9866-157016c3cd1a|rpc:10.1.0.10:15076|admin:10.1.0.10:15075|client:10.1.0.10:15074|dataStream:10.1.0.10:15077|priority:1|startupRole:FOLLOWER, c8e369c4-4c6c-4030-b1f6-34ff4305fcfc|rpc:10.1.0.10:15085|admin:10.1.0.10:15084|client:10.1.0.10:15083|dataStream:10.1.0.10:15086|priority:0|startupRole:FOLLOWER, d8d0483b-b60f-4086-b029-9dd5e1fa5048|rpc:10.1.0.10:15067|admin:10.1.0.10:15066|client:10.1.0.10:15065|dataStream:10.1.0.10:15068|priority:0|startupRole:FOLLOWER]|listeners:[], old=null
2023-11-20 14:17:37,557 [d8d0483b-b60f-4086-b029-9dd5e1fa5048@group-23E1526BACFC-FollowerState] INFO  impl.FollowerState (FollowerState.java:run(143)) - d8d0483b-b60f-4086-b029-9dd5e1fa5048@group-23E1526BACFC-FollowerState: change to CANDIDATE, lastRpcElapsedTime:5072471943ns, electionTimeout:5072ms
2023-11-20 14:17:37,557 [d8d0483b-b60f-4086-b029-9dd5e1fa5048@group-23E1526BACFC-FollowerState] INFO  impl.RoleInfo (RoleInfo.java:shutdownFollowerState(110)) - d8d0483b-b60f-4086-b029-9dd5e1fa5048: shutdown d8d0483b-b60f-4086-b029-9dd5e1fa5048@group-23E1526BACFC-FollowerState
2023-11-20 14:17:37,557 [d8d0483b-b60f-4086-b029-9dd5e1fa5048@group-23E1526BACFC-FollowerState] INFO  server.RaftServer$Division (RaftServerImpl.java:setRole(329)) - d8d0483b-b60f-4086-b029-9dd5e1fa5048@group-23E1526BACFC: changes role from  FOLLOWER to CANDIDATE at term 0 for changeToCandidate
2023-11-20 14:17:37,560 [17b41fa2-89b0-41d9-9866-157016c3cd1a@group-E1FAF33906B1-LeaderElection14] INFO  server.RaftServerConfigKeys (ConfUtils.java:logFallback(53)) - raft.server.rpc.first-election.timeout.min = 5s (fallback to raft.server.rpc.timeout.min)
2023-11-20 14:17:37,560 [17b41fa2-89b0-41d9-9866-157016c3cd1a@group-E1FAF33906B1-LeaderElection14] INFO  server.RaftServerConfigKeys (ConfUtils.java:logFallback(53)) - raft.server.rpc.first-election.timeout.max = 5200ms (fallback to raft.server.rpc.timeout.max)
2023-11-20 14:17:37,560 [d8d0483b-b60f-4086-b029-9dd5e1fa5048@group-23E1526BACFC-FollowerState] INFO  server.RaftServerConfigKeys (ConfUtils.java:logGet(46)) - raft.server.leaderelection.pre-vote = true (default)
2023-11-20 14:17:37,560 [d8d0483b-b60f-4086-b029-9dd5e1fa5048@group-23E1526BACFC-FollowerState] INFO  impl.RoleInfo (RoleInfo.java:updateAndGet(139)) - d8d0483b-b60f-4086-b029-9dd5e1fa5048: start d8d0483b-b60f-4086-b029-9dd5e1fa5048@group-23E1526BACFC-LeaderElection15
2023-11-20 14:17:37,568 [grpc-default-executor-0] INFO  server.RaftServer$Division (RaftServerImpl.java:requestVote(1302)) - c8e369c4-4c6c-4030-b1f6-34ff4305fcfc@group-E1FAF33906B1: receive requestVote(ELECTION, 17b41fa2-89b0-41d9-9866-157016c3cd1a, group-E1FAF33906B1, 1, (t:0, i:0))
2023-11-20 14:17:37,568 [grpc-default-executor-0] INFO  impl.VoteContext (VoteContext.java:log(49)) - c8e369c4-4c6c-4030-b1f6-34ff4305fcfc@group-E1FAF33906B1-FOLLOWER: accept ELECTION from 17b41fa2-89b0-41d9-9866-157016c3cd1a: our priority 0 <= candidate's priority 1
2023-11-20 14:17:37,568 [grpc-default-executor-0] INFO  server.RaftServer$Division (RaftServerImpl.java:setRole(329)) - c8e369c4-4c6c-4030-b1f6-34ff4305fcfc@group-E1FAF33906B1: changes role from  FOLLOWER to FOLLOWER at term 1 for candidate:17b41fa2-89b0-41d9-9866-157016c3cd1a
2023-11-20 14:17:37,568 [grpc-default-executor-0] INFO  impl.RoleInfo (RoleInfo.java:shutdownFollowerState(110)) - c8e369c4-4c6c-4030-b1f6-34ff4305fcfc: shutdown c8e369c4-4c6c-4030-b1f6-34ff4305fcfc@group-E1FAF33906B1-FollowerState
2023-11-20 14:17:37,568 [grpc-default-executor-0] INFO  impl.RoleInfo (RoleInfo.java:updateAndGet(139)) - c8e369c4-4c6c-4030-b1f6-34ff4305fcfc: start c8e369c4-4c6c-4030-b1f6-34ff4305fcfc@group-E1FAF33906B1-FollowerState
2023-11-20 14:17:37,568 [c8e369c4-4c6c-4030-b1f6-34ff4305fcfc@group-E1FAF33906B1-FollowerState] INFO  impl.FollowerState (FollowerState.java:run(152)) - c8e369c4-4c6c-4030-b1f6-34ff4305fcfc@group-E1FAF33906B1-FollowerState was interrupted
2023-11-20 14:17:37,569 [grpc-default-executor-0] INFO  server.RaftServer$Division (RaftServerImpl.java:requestVote(1335)) - c8e369c4-4c6c-4030-b1f6-34ff4305fcfc@group-E1FAF33906B1 replies to ELECTION vote request: 17b41fa2-89b0-41d9-9866-157016c3cd1a<-c8e369c4-4c6c-4030-b1f6-34ff4305fcfc#0:OK-t1. Peer's state: c8e369c4-4c6c-4030-b1f6-34ff4305fcfc@group-E1FAF33906B1:t1, leader=null, voted=17b41fa2-89b0-41d9-9866-157016c3cd1a, raftlog=Memoized:c8e369c4-4c6c-4030-b1f6-34ff4305fcfc@group-E1FAF33906B1-SegmentedRaftLog:OPENED:c-1, conf=-1: peers:[17b41fa2-89b0-41d9-9866-157016c3cd1a|rpc:10.1.0.10:15076|admin:10.1.0.10:15075|client:10.1.0.10:15074|dataStream:10.1.0.10:15077|priority:1|startupRole:FOLLOWER, c8e369c4-4c6c-4030-b1f6-34ff4305fcfc|rpc:10.1.0.10:15085|admin:10.1.0.10:15084|client:10.1.0.10:15083|dataStream:10.1.0.10:15086|priority:0|startupRole:FOLLOWER, d8d0483b-b60f-4086-b029-9dd5e1fa5048|rpc:10.1.0.10:15067|admin:10.1.0.10:15066|client:10.1.0.10:15065|dataStream:10.1.0.10:15068|priority:0|startupRole:FOLLOWER]|listeners:[], old=null
2023-11-20 14:17:37,570 [d8d0483b-b60f-4086-b029-9dd5e1fa5048@group-23E1526BACFC-LeaderElection15] INFO  impl.LeaderElection (LeaderElection.java:askForVotes(321)) - d8d0483b-b60f-4086-b029-9dd5e1fa5048@group-23E1526BACFC-LeaderElection15 PRE_VOTE round 0: submit vote requests at term 0 for -1: peers:[17b41fa2-89b0-41d9-9866-157016c3cd1a|rpc:10.1.0.10:15076|admin:10.1.0.10:15075|client:10.1.0.10:15074|dataStream:10.1.0.10:15077|priority:0|startupRole:FOLLOWER, c8e369c4-4c6c-4030-b1f6-34ff4305fcfc|rpc:10.1.0.10:15085|admin:10.1.0.10:15084|client:10.1.0.10:15083|dataStream:10.1.0.10:15086|priority:1|startupRole:FOLLOWER, d8d0483b-b60f-4086-b029-9dd5e1fa5048|rpc:10.1.0.10:15067|admin:10.1.0.10:15066|client:10.1.0.10:15065|dataStream:10.1.0.10:15068|priority:0|startupRole:FOLLOWER]|listeners:[], old=null
2023-11-20 14:17:37,574 [17b41fa2-89b0-41d9-9866-157016c3cd1a@group-E1FAF33906B1-LeaderElection14] INFO  impl.LeaderElection (LeaderElection.java:logAndReturn(90)) - 17b41fa2-89b0-41d9-9866-157016c3cd1a@group-E1FAF33906B1-LeaderElection14: ELECTION PASSED received 1 response(s) and 0 exception(s):
2023-11-20 14:17:37,574 [17b41fa2-89b0-41d9-9866-157016c3cd1a@group-E1FAF33906B1-LeaderElection14] INFO  impl.LeaderElection (LeaderElection.java:logAndReturn(94)) -   Response 0: 17b41fa2-89b0-41d9-9866-157016c3cd1a<-c8e369c4-4c6c-4030-b1f6-34ff4305fcfc#0:OK-t1
2023-11-20 14:17:37,575 [grpc-default-executor-0] INFO  server.RaftServer$Division (RaftServerImpl.java:requestVote(1302)) - 17b41fa2-89b0-41d9-9866-157016c3cd1a@group-23E1526BACFC: receive requestVote(PRE_VOTE, d8d0483b-b60f-4086-b029-9dd5e1fa5048, group-23E1526BACFC, 0, (t:0, i:0))
2023-11-20 14:17:37,576 [d8d0483b-b60f-4086-b029-9dd5e1fa5048@group-23E1526BACFC-LeaderElection15] INFO  server.RaftServerConfigKeys (ConfUtils.java:logFallback(53)) - raft.server.rpc.first-election.timeout.min = 5s (fallback to raft.server.rpc.timeout.min)
2023-11-20 14:17:37,576 [d8d0483b-b60f-4086-b029-9dd5e1fa5048@group-23E1526BACFC-LeaderElection15] INFO  server.RaftServerConfigKeys (ConfUtils.java:logFallback(53)) - raft.server.rpc.first-election.timeout.max = 5200ms (fallback to raft.server.rpc.timeout.max)
2023-11-20 14:17:37,576 [17b41fa2-89b0-41d9-9866-157016c3cd1a@group-E1FAF33906B1-LeaderElection14] INFO  impl.LeaderElection (LeaderElection.java:askForVotes(323)) - 17b41fa2-89b0-41d9-9866-157016c3cd1a@group-E1FAF33906B1-LeaderElection14 ELECTION round 0: result PASSED
2023-11-20 14:17:37,575 [grpc-default-executor-1] INFO  server.RaftServer$Division (RaftServerImpl.java:requestVote(1302)) - d8d0483b-b60f-4086-b029-9dd5e1fa5048@group-E1FAF33906B1: receive requestVote(ELECTION, 17b41fa2-89b0-41d9-9866-157016c3cd1a, group-E1FAF33906B1, 1, (t:0, i:0))
2023-11-20 14:17:37,576 [grpc-default-executor-1] INFO  impl.VoteContext (VoteContext.java:log(49)) - d8d0483b-b60f-4086-b029-9dd5e1fa5048@group-E1FAF33906B1-FOLLOWER: accept ELECTION from 17b41fa2-89b0-41d9-9866-157016c3cd1a: our priority 0 <= candidate's priority 1
2023-11-20 14:17:37,576 [grpc-default-executor-1] INFO  server.RaftServer$Division (RaftServerImpl.java:setRole(329)) - d8d0483b-b60f-4086-b029-9dd5e1fa5048@group-E1FAF33906B1: changes role from  FOLLOWER to FOLLOWER at term 1 for candidate:17b41fa2-89b0-41d9-9866-157016c3cd1a
2023-11-20 14:17:37,576 [grpc-default-executor-1] INFO  impl.RoleInfo (RoleInfo.java:shutdownFollowerState(110)) - d8d0483b-b60f-4086-b029-9dd5e1fa5048: shutdown d8d0483b-b60f-4086-b029-9dd5e1fa5048@group-E1FAF33906B1-FollowerState
2023-11-20 14:17:37,576 [grpc-default-executor-1] INFO  impl.RoleInfo (RoleInfo.java:updateAndGet(139)) - d8d0483b-b60f-4086-b029-9dd5e1fa5048: start d8d0483b-b60f-4086-b029-9dd5e1fa5048@group-E1FAF33906B1-FollowerState
2023-11-20 14:17:37,576 [d8d0483b-b60f-4086-b029-9dd5e1fa5048@group-E1FAF33906B1-FollowerState] INFO  impl.FollowerState (FollowerState.java:run(152)) - d8d0483b-b60f-4086-b029-9dd5e1fa5048@group-E1FAF33906B1-FollowerState was interrupted
2023-11-20 14:17:37,576 [17b41fa2-89b0-41d9-9866-157016c3cd1a@group-E1FAF33906B1-LeaderElection14] INFO  impl.RoleInfo (RoleInfo.java:shutdownLeaderElection(130)) - 17b41fa2-89b0-41d9-9866-157016c3cd1a: shutdown 17b41fa2-89b0-41d9-9866-157016c3cd1a@group-E1FAF33906B1-LeaderElection14
2023-11-20 14:17:37,576 [grpc-default-executor-0] INFO  impl.VoteContext (VoteContext.java:log(49)) - 17b41fa2-89b0-41d9-9866-157016c3cd1a@group-23E1526BACFC-FOLLOWER: accept PRE_VOTE from d8d0483b-b60f-4086-b029-9dd5e1fa5048: our priority 0 <= candidate's priority 0
2023-11-20 14:17:37,576 [17b41fa2-89b0-41d9-9866-157016c3cd1a@group-E1FAF33906B1-LeaderElection14] INFO  server.RaftServer$Division (RaftServerImpl.java:setRole(329)) - 17b41fa2-89b0-41d9-9866-157016c3cd1a@group-E1FAF33906B1: changes role from CANDIDATE to LEADER at term 1 for changeToLeader
2023-11-20 14:17:37,577 [grpc-default-executor-0] INFO  server.RaftServer$Division (RaftServerImpl.java:requestVote(1335)) - 17b41fa2-89b0-41d9-9866-157016c3cd1a@group-23E1526BACFC replies to PRE_VOTE vote request: d8d0483b-b60f-4086-b029-9dd5e1fa5048<-17b41fa2-89b0-41d9-9866-157016c3cd1a#0:OK-t0. Peer's state: 17b41fa2-89b0-41d9-9866-157016c3cd1a@group-23E1526BACFC:t0, leader=null, voted=, raftlog=Memoized:17b41fa2-89b0-41d9-9866-157016c3cd1a@group-23E1526BACFC-SegmentedRaftLog:OPENED:c-1, conf=-1: peers:[17b41fa2-89b0-41d9-9866-157016c3cd1a|rpc:10.1.0.10:15076|admin:10.1.0.10:15075|client:10.1.0.10:15074|dataStream:10.1.0.10:15077|priority:0|startupRole:FOLLOWER, c8e369c4-4c6c-4030-b1f6-34ff4305fcfc|rpc:10.1.0.10:15085|admin:10.1.0.10:15084|client:10.1.0.10:15083|dataStream:10.1.0.10:15086|priority:1|startupRole:FOLLOWER, d8d0483b-b60f-4086-b029-9dd5e1fa5048|rpc:10.1.0.10:15067|admin:10.1.0.10:15066|client:10.1.0.10:15065|dataStream:10.1.0.10:15068|priority:0|startupRole:FOLLOWER]|listeners:[], old=null
2023-11-20 14:17:37,577 [17b41fa2-89b0-41d9-9866-157016c3cd1a@group-E1FAF33906B1-LeaderElection14] INFO  ratis.XceiverServerRatis (XceiverServerRatis.java:handleLeaderChangedNotification(905)) - Leader change notification received for group: group-E1FAF33906B1 with new leaderId: 17b41fa2-89b0-41d9-9866-157016c3cd1a
2023-11-20 14:17:37,580 [17b41fa2-89b0-41d9-9866-157016c3cd1a@group-E1FAF33906B1-LeaderElection14] INFO  server.RaftServer$Division (ServerState.java:setLeader(317)) - 17b41fa2-89b0-41d9-9866-157016c3cd1a@group-E1FAF33906B1: change Leader from null to 17b41fa2-89b0-41d9-9866-157016c3cd1a at term 1 for becomeLeader, leader elected after 5124ms
2023-11-20 14:17:37,580 [17b41fa2-89b0-41d9-9866-157016c3cd1a@group-E1FAF33906B1-LeaderElection14] INFO  server.RaftServerConfigKeys (ConfUtils.java:logGet(46)) - raft.server.staging.catchup.gap = 1000 (default)
2023-11-20 14:17:37,580 [17b41fa2-89b0-41d9-9866-157016c3cd1a@group-E1FAF33906B1-LeaderElection14] INFO  server.RaftServerConfigKeys (ConfUtils.java:logGet(46)) - raft.server.write.element-limit = 1024 (custom)
2023-11-20 14:17:37,580 [17b41fa2-89b0-41d9-9866-157016c3cd1a@group-E1FAF33906B1-LeaderElection14] INFO  server.RaftServerConfigKeys (ConfUtils.java:logGet(46)) - raft.server.write.byte-limit = 1024 M (=1073741824) (custom)
2023-11-20 14:17:37,581 [grpc-default-executor-0] INFO  server.RaftServer$Division (RaftServerImpl.java:requestVote(1302)) - c8e369c4-4c6c-4030-b1f6-34ff4305fcfc@group-23E1526BACFC: receive requestVote(PRE_VOTE, d8d0483b-b60f-4086-b029-9dd5e1fa5048, group-23E1526BACFC, 0, (t:0, i:0))
2023-11-20 14:17:37,581 [grpc-default-executor-0] INFO  impl.VoteContext (VoteContext.java:log(49)) - c8e369c4-4c6c-4030-b1f6-34ff4305fcfc@group-23E1526BACFC-FOLLOWER: reject PRE_VOTE from d8d0483b-b60f-4086-b029-9dd5e1fa5048: our priority 1 > candidate's priority 0
2023-11-20 14:17:37,581 [grpc-default-executor-0] INFO  server.RaftServer$Division (RaftServerImpl.java:requestVote(1335)) - c8e369c4-4c6c-4030-b1f6-34ff4305fcfc@group-23E1526BACFC replies to PRE_VOTE vote request: d8d0483b-b60f-4086-b029-9dd5e1fa5048<-c8e369c4-4c6c-4030-b1f6-34ff4305fcfc#0:FAIL-t0. Peer's state: c8e369c4-4c6c-4030-b1f6-34ff4305fcfc@group-23E1526BACFC:t0, leader=null, voted=, raftlog=Memoized:c8e369c4-4c6c-4030-b1f6-34ff4305fcfc@group-23E1526BACFC-SegmentedRaftLog:OPENED:c-1, conf=-1: peers:[17b41fa2-89b0-41d9-9866-157016c3cd1a|rpc:10.1.0.10:15076|admin:10.1.0.10:15075|client:10.1.0.10:15074|dataStream:10.1.0.10:15077|priority:0|startupRole:FOLLOWER, c8e369c4-4c6c-4030-b1f6-34ff4305fcfc|rpc:10.1.0.10:15085|admin:10.1.0.10:15084|client:10.1.0.10:15083|dataStream:10.1.0.10:15086|priority:1|startupRole:FOLLOWER, d8d0483b-b60f-4086-b029-9dd5e1fa5048|rpc:10.1.0.10:15067|admin:10.1.0.10:15066|client:10.1.0.10:15065|dataStream:10.1.0.10:15068|priority:0|startupRole:FOLLOWER]|listeners:[], old=null
2023-11-20 14:17:37,582 [d8d0483b-b60f-4086-b029-9dd5e1fa5048@group-23E1526BACFC-LeaderElection15] INFO  impl.LeaderElection (LeaderElection.java:logAndReturn(90)) - d8d0483b-b60f-4086-b029-9dd5e1fa5048@group-23E1526BACFC-LeaderElection15: PRE_VOTE REJECTED received 1 response(s) and 0 exception(s):
2023-11-20 14:17:37,582 [d8d0483b-b60f-4086-b029-9dd5e1fa5048@group-23E1526BACFC-LeaderElection15] INFO  impl.LeaderElection (LeaderElection.java:logAndReturn(94)) -   Response 0: d8d0483b-b60f-4086-b029-9dd5e1fa5048<-c8e369c4-4c6c-4030-b1f6-34ff4305fcfc#0:FAIL-t0
2023-11-20 14:17:37,582 [d8d0483b-b60f-4086-b029-9dd5e1fa5048@group-23E1526BACFC-LeaderElection15] INFO  impl.LeaderElection (LeaderElection.java:askForVotes(323)) - d8d0483b-b60f-4086-b029-9dd5e1fa5048@group-23E1526BACFC-LeaderElection15 PRE_VOTE round 0: result REJECTED
2023-11-20 14:17:37,582 [d8d0483b-b60f-4086-b029-9dd5e1fa5048@group-23E1526BACFC-LeaderElection15] INFO  server.RaftServer$Division (RaftServerImpl.java:setRole(329)) - d8d0483b-b60f-4086-b029-9dd5e1fa5048@group-23E1526BACFC: changes role from CANDIDATE to FOLLOWER at term 0 for REJECTED
2023-11-20 14:17:37,582 [d8d0483b-b60f-4086-b029-9dd5e1fa5048@group-23E1526BACFC-LeaderElection15] INFO  impl.RoleInfo (RoleInfo.java:shutdownLeaderElection(130)) - d8d0483b-b60f-4086-b029-9dd5e1fa5048: shutdown d8d0483b-b60f-4086-b029-9dd5e1fa5048@group-23E1526BACFC-LeaderElection15
2023-11-20 14:17:37,582 [d8d0483b-b60f-4086-b029-9dd5e1fa5048@group-23E1526BACFC-LeaderElection15] INFO  impl.RoleInfo (RoleInfo.java:updateAndGet(139)) - d8d0483b-b60f-4086-b029-9dd5e1fa5048: start d8d0483b-b60f-4086-b029-9dd5e1fa5048@group-23E1526BACFC-FollowerState
2023-11-20 14:17:37,583 [grpc-default-executor-1] INFO  server.RaftServer$Division (RaftServerImpl.java:requestVote(1335)) - d8d0483b-b60f-4086-b029-9dd5e1fa5048@group-E1FAF33906B1 replies to ELECTION vote request: 17b41fa2-89b0-41d9-9866-157016c3cd1a<-d8d0483b-b60f-4086-b029-9dd5e1fa5048#0:OK-t1. Peer's state: d8d0483b-b60f-4086-b029-9dd5e1fa5048@group-E1FAF33906B1:t1, leader=null, voted=17b41fa2-89b0-41d9-9866-157016c3cd1a, raftlog=Memoized:d8d0483b-b60f-4086-b029-9dd5e1fa5048@group-E1FAF33906B1-SegmentedRaftLog:OPENED:c-1, conf=-1: peers:[17b41fa2-89b0-41d9-9866-157016c3cd1a|rpc:10.1.0.10:15076|admin:10.1.0.10:15075|client:10.1.0.10:15074|dataStream:10.1.0.10:15077|priority:1|startupRole:FOLLOWER, c8e369c4-4c6c-4030-b1f6-34ff4305fcfc|rpc:10.1.0.10:15085|admin:10.1.0.10:15084|client:10.1.0.10:15083|dataStream:10.1.0.10:15086|priority:0|startupRole:FOLLOWER, d8d0483b-b60f-4086-b029-9dd5e1fa5048|rpc:10.1.0.10:15067|admin:10.1.0.10:15066|client:10.1.0.10:15065|dataStream:10.1.0.10:15068|priority:0|startupRole:FOLLOWER]|listeners:[], old=null
2023-11-20 14:17:37,583 [17b41fa2-89b0-41d9-9866-157016c3cd1a@group-E1FAF33906B1-LeaderElection14] INFO  server.RaftServerConfigKeys (ConfUtils.java:logGet(46)) - raft.server.watch.timeout = 180s (custom)
2023-11-20 14:17:37,583 [17b41fa2-89b0-41d9-9866-157016c3cd1a@group-E1FAF33906B1-LeaderElection14] INFO  server.RaftServerConfigKeys (ConfUtils.java:logGet(46)) - raft.server.watch.timeout.denomination = 1s (default)
2023-11-20 14:17:37,583 [17b41fa2-89b0-41d9-9866-157016c3cd1a@group-E1FAF33906B1-LeaderElection14] INFO  server.RaftServerConfigKeys (ConfUtils.java:logGet(46)) - raft.server.watch.element-limit = 65536 (default)
2023-11-20 14:17:37,583 [17b41fa2-89b0-41d9-9866-157016c3cd1a@group-E1FAF33906B1-LeaderElection14] INFO  server.RaftServerConfigKeys (ConfUtils.java:logGet(46)) - raft.server.write.element-limit = 1024 (custom)
2023-11-20 14:17:37,583 [17b41fa2-89b0-41d9-9866-157016c3cd1a@group-E1FAF33906B1-LeaderElection14] INFO  server.RaftServerConfigKeys (ConfUtils.java:logGet(46)) - raft.server.write.follower.gap.ratio.max = -1.0 (default)
2023-11-20 14:17:37,584 [EventQueue-PipelineReportForPipelineReportHandler] INFO  pipeline.PipelineReportHandler (PipelineReportHandler.java:processPipelineReport(136)) - Opened pipeline PipelineID=49d40e01-1ef5-42ca-94dc-e1faf33906b1
2023-11-20 14:17:37,584 [EventQueue-OpenPipelineForHealthyPipelineSafeModeRule] INFO  safemode.SCMSafeModeManager (HealthyPipelineSafeModeRule.java:process(137)) - SCM in safe mode. Healthy pipelines reported count is 1, required healthy pipeline reported count is 1
2023-11-20 14:17:37,584 [EventQueue-OpenPipelineForHealthyPipelineSafeModeRule] INFO  safemode.SCMSafeModeManager (SCMSafeModeManager.java:validateSafeModeExitRules(200)) - HealthyPipelineSafeModeRule rule is successfully validated
2023-11-20 14:17:37,584 [EventQueue-OpenPipelineForHealthyPipelineSafeModeRule] INFO  safemode.SCMSafeModeManager (SCMSafeModeManager.java:validateSafeModeExitRules(215)) - ScmSafeModeManager, all rules are successfully validated
2023-11-20 14:17:37,584 [EventQueue-OpenPipelineForHealthyPipelineSafeModeRule] INFO  safemode.SCMSafeModeManager (SCMSafeModeManager.java:exitSafeMode(244)) - SCM exiting safe mode.
2023-11-20 14:17:37,584 [EventQueue-OpenPipelineForHealthyPipelineSafeModeRule] INFO  ha.SCMContext (SCMContext.java:updateSafeModeStatus(230)) - Update SafeModeStatus from SafeModeStatus{safeModeStatus=true, preCheckPassed=true} to SafeModeStatus{safeModeStatus=false, preCheckPassed=true}.
2023-11-20 14:17:37,584 [EventQueue-OpenPipelineForHealthyPipelineSafeModeRule] INFO  pipeline.BackgroundPipelineCreator (BackgroundPipelineCreator.java:notifyStatusChanged(258)) - Service BackgroundPipelineCreator transitions to RUNNING.
2023-11-20 14:17:37,584 [17b41fa2-89b0-41d9-9866-157016c3cd1a@group-E1FAF33906B1-LeaderElection14] INFO  server.RaftServerConfigKeys (ConfUtils.java:logGet(46)) - raft.server.log.appender.snapshot.chunk.size.max = 16MB (=16777216) (default)
2023-11-20 14:17:37,584 [EventQueue-OpenPipelineForHealthyPipelineSafeModeRule] INFO  BackgroundPipelineScrubber (BackgroundSCMService.java:notifyStatusChanged(82)) - Service BackgroundPipelineScrubber transitions to RUNNING.
2023-11-20 14:17:37,585 [EventQueue-OpenPipelineForHealthyPipelineSafeModeRule] INFO  ExpiredContainerReplicaOpScrubber (BackgroundSCMService.java:notifyStatusChanged(82)) - Service ExpiredContainerReplicaOpScrubber transitions to RUNNING.
2023-11-20 14:17:37,585 [17b41fa2-89b0-41d9-9866-157016c3cd1a@group-E1FAF33906B1-LeaderElection14] INFO  server.RaftServerConfigKeys (ConfUtils.java:logGet(46)) - raft.server.log.appender.buffer.byte-limit = 33554432 (custom)
2023-11-20 14:17:37,585 [EventQueue-OpenPipelineForHealthyPipelineSafeModeRule] INFO  replication.ReplicationManager (ReplicationManager.java:notifyStatusChanged(1370)) - Service ReplicationManager transitions to RUNNING.
2023-11-20 14:17:37,585 [17b41fa2-89b0-41d9-9866-157016c3cd1a@group-E1FAF33906B1-LeaderElection14] INFO  server.RaftServerConfigKeys (ConfUtils.java:logGet(46)) - raft.server.log.appender.buffer.element-limit = 1 (custom)
2023-11-20 14:17:37,585 [17b41fa2-89b0-41d9-9866-157016c3cd1a@group-E1FAF33906B1-LeaderElection14] INFO  server.RaftServerConfigKeys (ConfUtils.java:logGet(46)) - raft.server.log.appender.wait-time.min = 1ms (custom)
2023-11-20 14:17:37,585 [17b41fa2-89b0-41d9-9866-157016c3cd1a@group-E1FAF33906B1-LeaderElection14] INFO  grpc.GrpcConfigKeys (ConfUtils.java:logGet(46)) - raft.grpc.server.leader.outstanding.appends.max = 128 (default)
2023-11-20 14:17:37,585 [EventQueue-OpenPipelineForHealthyPipelineSafeModeRule] WARN  balancer.ContainerBalancer (ContainerBalancer.java:shouldRun(134)) - Could not find persisted configuration for ContainerBalancer when checking if ContainerBalancer should run. ContainerBalancer should not run now.
2023-11-20 14:17:37,585 [17b41fa2-89b0-41d9-9866-157016c3cd1a@group-E1FAF33906B1-LeaderElection14] INFO  server.RaftServerConfigKeys (ConfUtils.java:logGet(46)) - raft.server.rpc.request.timeout = 60s (custom)
2023-11-20 14:17:37,585 [17b41fa2-89b0-41d9-9866-157016c3cd1a@group-E1FAF33906B1-LeaderElection14] INFO  grpc.GrpcConfigKeys (ConfUtils.java:logGet(46)) - raft.grpc.server.install_snapshot.request.element-limit = 8 (default)
2023-11-20 14:17:37,585 [17b41fa2-89b0-41d9-9866-157016c3cd1a@group-E1FAF33906B1-LeaderElection14] INFO  grpc.GrpcConfigKeys (ConfUtils.java:logGet(46)) - raft.grpc.server.install_snapshot.request.timeout = 3000ms (default)
2023-11-20 14:17:37,585 [17b41fa2-89b0-41d9-9866-157016c3cd1a@group-E1FAF33906B1-LeaderElection14] INFO  server.RaftServerConfigKeys (ConfUtils.java:logGet(46)) - raft.server.log.appender.install.snapshot.enabled = false (custom)
2023-11-20 14:17:37,585 [17b41fa2-89b0-41d9-9866-157016c3cd1a@group-E1FAF33906B1-LeaderElection14] INFO  grpc.GrpcConfigKeys (ConfUtils.java:logGet(46)) - raft.grpc.server.heartbeat.channel = true (default)
2023-11-20 14:17:37,586 [17b41fa2-89b0-41d9-9866-157016c3cd1a@group-E1FAF33906B1-LeaderElection14] INFO  server.RaftServerConfigKeys (ConfUtils.java:logGet(46)) - raft.server.log.appender.snapshot.chunk.size.max = 16MB (=16777216) (default)
2023-11-20 14:17:37,586 [17b41fa2-89b0-41d9-9866-157016c3cd1a@group-E1FAF33906B1-LeaderElection14] INFO  server.RaftServerConfigKeys (ConfUtils.java:logGet(46)) - raft.server.log.appender.buffer.byte-limit = 33554432 (custom)
2023-11-20 14:17:37,586 [17b41fa2-89b0-41d9-9866-157016c3cd1a@group-E1FAF33906B1-LeaderElection14] INFO  server.RaftServerConfigKeys (ConfUtils.java:logGet(46)) - raft.server.log.appender.buffer.element-limit = 1 (custom)
2023-11-20 14:17:37,586 [17b41fa2-89b0-41d9-9866-157016c3cd1a@group-E1FAF33906B1-LeaderElection14] INFO  server.RaftServerConfigKeys (ConfUtils.java:logGet(46)) - raft.server.log.appender.wait-time.min = 1ms (custom)
2023-11-20 14:17:37,586 [17b41fa2-89b0-41d9-9866-157016c3cd1a@group-E1FAF33906B1-LeaderElection14] INFO  grpc.GrpcConfigKeys (ConfUtils.java:logGet(46)) - raft.grpc.server.leader.outstanding.appends.max = 128 (default)
2023-11-20 14:17:37,586 [17b41fa2-89b0-41d9-9866-157016c3cd1a@group-E1FAF33906B1-LeaderElection14] INFO  server.RaftServerConfigKeys (ConfUtils.java:logGet(46)) - raft.server.rpc.request.timeout = 60s (custom)
2023-11-20 14:17:37,586 [17b41fa2-89b0-41d9-9866-157016c3cd1a@group-E1FAF33906B1-LeaderElection14] INFO  grpc.GrpcConfigKeys (ConfUtils.java:logGet(46)) - raft.grpc.server.install_snapshot.request.element-limit = 8 (default)
2023-11-20 14:17:37,586 [17b41fa2-89b0-41d9-9866-157016c3cd1a@group-E1FAF33906B1-LeaderElection14] INFO  grpc.GrpcConfigKeys (ConfUtils.java:logGet(46)) - raft.grpc.server.install_snapshot.request.timeout = 3000ms (default)
2023-11-20 14:17:37,586 [17b41fa2-89b0-41d9-9866-157016c3cd1a@group-E1FAF33906B1-LeaderElection14] INFO  server.RaftServerConfigKeys (ConfUtils.java:logGet(46)) - raft.server.log.appender.install.snapshot.enabled = false (custom)
2023-11-20 14:17:37,586 [17b41fa2-89b0-41d9-9866-157016c3cd1a@group-E1FAF33906B1-LeaderElection14] INFO  grpc.GrpcConfigKeys (ConfUtils.java:logGet(46)) - raft.grpc.server.heartbeat.channel = true (default)
2023-11-20 14:17:37,587 [17b41fa2-89b0-41d9-9866-157016c3cd1a@group-E1FAF33906B1-LeaderElection14] INFO  impl.RoleInfo (RoleInfo.java:updateAndGet(139)) - 17b41fa2-89b0-41d9-9866-157016c3cd1a: start 17b41fa2-89b0-41d9-9866-157016c3cd1a@group-E1FAF33906B1-LeaderStateImpl
2023-11-20 14:17:37,587 [17b41fa2-89b0-41d9-9866-157016c3cd1a@group-E1FAF33906B1-LeaderElection14] INFO  segmented.SegmentedRaftLogWorker (SegmentedRaftLogWorker.java:startLogSegment(447)) - 17b41fa2-89b0-41d9-9866-157016c3cd1a@group-E1FAF33906B1-SegmentedRaftLogWorker: Starting segment from index:0
2023-11-20 14:17:37,588 [17b41fa2-89b0-41d9-9866-157016c3cd1a@group-E1FAF33906B1-SegmentedRaftLogWorker] INFO  segmented.SegmentedRaftLogWorker (SegmentedRaftLogWorker.java:execute(651)) - 17b41fa2-89b0-41d9-9866-157016c3cd1a@group-E1FAF33906B1-SegmentedRaftLogWorker: created new log segment /home/runner/work/ozone/ozone/hadoop-ozone/integration-test/target/test-dir/MiniOzoneClusterImpl-c3dbe4e6-ad2a-443e-bb3b-bc3016376942/datanode-1/data/ratis/49d40e01-1ef5-42ca-94dc-e1faf33906b1/current/log_inprogress_0
2023-11-20 14:17:37,588 [17b41fa2-89b0-41d9-9866-157016c3cd1a@group-E1FAF33906B1-LeaderElection14] INFO  server.RaftServer$Division (ServerState.java:setRaftConf(434)) - 17b41fa2-89b0-41d9-9866-157016c3cd1a@group-E1FAF33906B1: set configuration 0: peers:[17b41fa2-89b0-41d9-9866-157016c3cd1a|rpc:10.1.0.10:15076|admin:10.1.0.10:15075|client:10.1.0.10:15074|dataStream:10.1.0.10:15077|priority:1|startupRole:FOLLOWER, c8e369c4-4c6c-4030-b1f6-34ff4305fcfc|rpc:10.1.0.10:15085|admin:10.1.0.10:15084|client:10.1.0.10:15083|dataStream:10.1.0.10:15086|priority:0|startupRole:FOLLOWER, d8d0483b-b60f-4086-b029-9dd5e1fa5048|rpc:10.1.0.10:15067|admin:10.1.0.10:15066|client:10.1.0.10:15065|dataStream:10.1.0.10:15068|priority:0|startupRole:FOLLOWER]|listeners:[], old=null
2023-11-20 14:17:37,593 [c8e369c4-4c6c-4030-b1f6-34ff4305fcfc-server-thread1] INFO  ratis.XceiverServerRatis (XceiverServerRatis.java:handleLeaderChangedNotification(905)) - Leader change notification received for group: group-E1FAF33906B1 with new leaderId: 17b41fa2-89b0-41d9-9866-157016c3cd1a
2023-11-20 14:17:37,593 [c8e369c4-4c6c-4030-b1f6-34ff4305fcfc-server-thread1] INFO  server.RaftServer$Division (ServerState.java:setLeader(317)) - c8e369c4-4c6c-4030-b1f6-34ff4305fcfc@group-E1FAF33906B1: change Leader from null to 17b41fa2-89b0-41d9-9866-157016c3cd1a at term 1 for appendEntries, leader elected after 5163ms
2023-11-20 14:17:37,597 [c8e369c4-4c6c-4030-b1f6-34ff4305fcfc-server-thread1] INFO  server.RaftServer$Division (ServerState.java:setRaftConf(434)) - c8e369c4-4c6c-4030-b1f6-34ff4305fcfc@group-E1FAF33906B1: set configuration 0: peers:[17b41fa2-89b0-41d9-9866-157016c3cd1a|rpc:10.1.0.10:15076|admin:10.1.0.10:15075|client:10.1.0.10:15074|dataStream:10.1.0.10:15077|priority:1|startupRole:FOLLOWER, c8e369c4-4c6c-4030-b1f6-34ff4305fcfc|rpc:10.1.0.10:15085|admin:10.1.0.10:15084|client:10.1.0.10:15083|dataStream:10.1.0.10:15086|priority:0|startupRole:FOLLOWER, d8d0483b-b60f-4086-b029-9dd5e1fa5048|rpc:10.1.0.10:15067|admin:10.1.0.10:15066|client:10.1.0.10:15065|dataStream:10.1.0.10:15068|priority:0|startupRole:FOLLOWER]|listeners:[], old=null
2023-11-20 14:17:37,597 [c8e369c4-4c6c-4030-b1f6-34ff4305fcfc-server-thread1] INFO  segmented.SegmentedRaftLogWorker (SegmentedRaftLogWorker.java:startLogSegment(447)) - c8e369c4-4c6c-4030-b1f6-34ff4305fcfc@group-E1FAF33906B1-SegmentedRaftLogWorker: Starting segment from index:0
2023-11-20 14:17:37,598 [c8e369c4-4c6c-4030-b1f6-34ff4305fcfc@group-E1FAF33906B1-SegmentedRaftLogWorker] INFO  segmented.SegmentedRaftLogWorker (SegmentedRaftLogWorker.java:execute(651)) - c8e369c4-4c6c-4030-b1f6-34ff4305fcfc@group-E1FAF33906B1-SegmentedRaftLogWorker: created new log segment /home/runner/work/ozone/ozone/hadoop-ozone/integration-test/target/test-dir/MiniOzoneClusterImpl-c3dbe4e6-ad2a-443e-bb3b-bc3016376942/datanode-2/data/ratis/49d40e01-1ef5-42ca-94dc-e1faf33906b1/current/log_inprogress_0
2023-11-20 14:17:37,598 [d8d0483b-b60f-4086-b029-9dd5e1fa5048-server-thread2] INFO  ratis.XceiverServerRatis (XceiverServerRatis.java:handleLeaderChangedNotification(905)) - Leader change notification received for group: group-E1FAF33906B1 with new leaderId: 17b41fa2-89b0-41d9-9866-157016c3cd1a
2023-11-20 14:17:37,598 [d8d0483b-b60f-4086-b029-9dd5e1fa5048-server-thread2] INFO  server.RaftServer$Division (ServerState.java:setLeader(317)) - d8d0483b-b60f-4086-b029-9dd5e1fa5048@group-E1FAF33906B1: change Leader from null to 17b41fa2-89b0-41d9-9866-157016c3cd1a at term 1 for appendEntries, leader elected after 5187ms
2023-11-20 14:17:37,602 [d8d0483b-b60f-4086-b029-9dd5e1fa5048-server-thread1] INFO  server.RaftServer$Division (ServerState.java:setRaftConf(434)) - d8d0483b-b60f-4086-b029-9dd5e1fa5048@group-E1FAF33906B1: set configuration 0: peers:[17b41fa2-89b0-41d9-9866-157016c3cd1a|rpc:10.1.0.10:15076|admin:10.1.0.10:15075|client:10.1.0.10:15074|dataStream:10.1.0.10:15077|priority:1|startupRole:FOLLOWER, c8e369c4-4c6c-4030-b1f6-34ff4305fcfc|rpc:10.1.0.10:15085|admin:10.1.0.10:15084|client:10.1.0.10:15083|dataStream:10.1.0.10:15086|priority:0|startupRole:FOLLOWER, d8d0483b-b60f-4086-b029-9dd5e1fa5048|rpc:10.1.0.10:15067|admin:10.1.0.10:15066|client:10.1.0.10:15065|dataStream:10.1.0.10:15068|priority:0|startupRole:FOLLOWER]|listeners:[], old=null
2023-11-20 14:17:37,602 [d8d0483b-b60f-4086-b029-9dd5e1fa5048-server-thread1] INFO  segmented.SegmentedRaftLogWorker (SegmentedRaftLogWorker.java:startLogSegment(447)) - d8d0483b-b60f-4086-b029-9dd5e1fa5048@group-E1FAF33906B1-SegmentedRaftLogWorker: Starting segment from index:0
2023-11-20 14:17:37,603 [d8d0483b-b60f-4086-b029-9dd5e1fa5048@group-E1FAF33906B1-SegmentedRaftLogWorker] INFO  segmented.SegmentedRaftLogWorker (SegmentedRaftLogWorker.java:execute(651)) - d8d0483b-b60f-4086-b029-9dd5e1fa5048@group-E1FAF33906B1-SegmentedRaftLogWorker: created new log segment /home/runner/work/ozone/ozone/hadoop-ozone/integration-test/target/test-dir/MiniOzoneClusterImpl-c3dbe4e6-ad2a-443e-bb3b-bc3016376942/datanode-0/data/ratis/49d40e01-1ef5-42ca-94dc-e1faf33906b1/current/log_inprogress_0
2023-11-20 14:17:37,610 [17b41fa2-89b0-41d9-9866-157016c3cd1a@group-23E1526BACFC-FollowerState] INFO  server.RaftServerConfigKeys (ConfUtils.java:logFallback(53)) - raft.server.rpc.first-election.timeout.min = 5s (fallback to raft.server.rpc.timeout.min)
2023-11-20 14:17:37,610 [17b41fa2-89b0-41d9-9866-157016c3cd1a@group-23E1526BACFC-FollowerState] INFO  server.RaftServerConfigKeys (ConfUtils.java:logFallback(53)) - raft.server.rpc.first-election.timeout.max = 5200ms (fallback to raft.server.rpc.timeout.max)
2023-11-20 14:17:37,638 [17b41fa2-89b0-41d9-9866-157016c3cd1a@group-D72EA7CAF186-FollowerState] INFO  impl.FollowerState (FollowerState.java:run(143)) - 17b41fa2-89b0-41d9-9866-157016c3cd1a@group-D72EA7CAF186-FollowerState: change to CANDIDATE, lastRpcElapsedTime:5134468268ns, electionTimeout:5134ms
2023-11-20 14:17:37,639 [17b41fa2-89b0-41d9-9866-157016c3cd1a@group-D72EA7CAF186-FollowerState] INFO  impl.RoleInfo (RoleInfo.java:shutdownFollowerState(110)) - 17b41fa2-89b0-41d9-9866-157016c3cd1a: shutdown 17b41fa2-89b0-41d9-9866-157016c3cd1a@group-D72EA7CAF186-FollowerState
2023-11-20 14:17:37,639 [17b41fa2-89b0-41d9-9866-157016c3cd1a@group-D72EA7CAF186-FollowerState] INFO  server.RaftServer$Division (RaftServerImpl.java:setRole(329)) - 17b41fa2-89b0-41d9-9866-157016c3cd1a@group-D72EA7CAF186: changes role from  FOLLOWER to CANDIDATE at term 0 for changeToCandidate
2023-11-20 14:17:37,639 [17b41fa2-89b0-41d9-9866-157016c3cd1a@group-D72EA7CAF186-FollowerState] INFO  server.RaftServerConfigKeys (ConfUtils.java:logGet(46)) - raft.server.leaderelection.pre-vote = true (default)
2023-11-20 14:17:37,639 [17b41fa2-89b0-41d9-9866-157016c3cd1a@group-D72EA7CAF186-FollowerState] INFO  impl.RoleInfo (RoleInfo.java:updateAndGet(139)) - 17b41fa2-89b0-41d9-9866-157016c3cd1a: start 17b41fa2-89b0-41d9-9866-157016c3cd1a@group-D72EA7CAF186-LeaderElection16
2023-11-20 14:17:37,640 [17b41fa2-89b0-41d9-9866-157016c3cd1a@group-D72EA7CAF186-LeaderElection16] INFO  impl.LeaderElection (LeaderElection.java:askForVotes(321)) - 17b41fa2-89b0-41d9-9866-157016c3cd1a@group-D72EA7CAF186-LeaderElection16 PRE_VOTE round 0: submit vote requests at term 0 for -1: peers:[17b41fa2-89b0-41d9-9866-157016c3cd1a|rpc:10.1.0.10:15076|admin:10.1.0.10:15075|client:10.1.0.10:15074|dataStream:10.1.0.10:15077|priority:1|startupRole:FOLLOWER]|listeners:[], old=null
2023-11-20 14:17:37,640 [17b41fa2-89b0-41d9-9866-157016c3cd1a@group-D72EA7CAF186-LeaderElection16] INFO  impl.LeaderElection (LeaderElection.java:askForVotes(323)) - 17b41fa2-89b0-41d9-9866-157016c3cd1a@group-D72EA7CAF186-LeaderElection16 PRE_VOTE round 0: result PASSED (term=0)
2023-11-20 14:17:37,641 [17b41fa2-89b0-41d9-9866-157016c3cd1a@group-D72EA7CAF186-LeaderElection16] INFO  impl.LeaderElection (LeaderElection.java:askForVotes(321)) - 17b41fa2-89b0-41d9-9866-157016c3cd1a@group-D72EA7CAF186-LeaderElection16 ELECTION round 0: submit vote requests at term 1 for -1: peers:[17b41fa2-89b0-41d9-9866-157016c3cd1a|rpc:10.1.0.10:15076|admin:10.1.0.10:15075|client:10.1.0.10:15074|dataStream:10.1.0.10:15077|priority:1|startupRole:FOLLOWER]|listeners:[], old=null
2023-11-20 14:17:37,641 [17b41fa2-89b0-41d9-9866-157016c3cd1a@group-D72EA7CAF186-LeaderElection16] INFO  impl.LeaderElection (LeaderElection.java:askForVotes(323)) - 17b41fa2-89b0-41d9-9866-157016c3cd1a@group-D72EA7CAF186-LeaderElection16 ELECTION round 0: result PASSED (term=1)
2023-11-20 14:17:37,641 [17b41fa2-89b0-41d9-9866-157016c3cd1a@group-D72EA7CAF186-LeaderElection16] INFO  impl.RoleInfo (RoleInfo.java:shutdownLeaderElection(130)) - 17b41fa2-89b0-41d9-9866-157016c3cd1a: shutdown 17b41fa2-89b0-41d9-9866-157016c3cd1a@group-D72EA7CAF186-LeaderElection16
2023-11-20 14:17:37,641 [17b41fa2-89b0-41d9-9866-157016c3cd1a@group-D72EA7CAF186-LeaderElection16] INFO  server.RaftServer$Division (RaftServerImpl.java:setRole(329)) - 17b41fa2-89b0-41d9-9866-157016c3cd1a@group-D72EA7CAF186: changes role from CANDIDATE to LEADER at term 1 for changeToLeader
2023-11-20 14:17:37,641 [17b41fa2-89b0-41d9-9866-157016c3cd1a@group-D72EA7CAF186-LeaderElection16] INFO  ratis.XceiverServerRatis (XceiverServerRatis.java:handleLeaderChangedNotification(905)) - Leader change notification received for group: group-D72EA7CAF186 with new leaderId: 17b41fa2-89b0-41d9-9866-157016c3cd1a
2023-11-20 14:17:37,641 [17b41fa2-89b0-41d9-9866-157016c3cd1a@group-D72EA7CAF186-LeaderElection16] INFO  server.RaftServer$Division (ServerState.java:setLeader(317)) - 17b41fa2-89b0-41d9-9866-157016c3cd1a@group-D72EA7CAF186: change Leader from null to 17b41fa2-89b0-41d9-9866-157016c3cd1a at term 1 for becomeLeader, leader elected after 5152ms
2023-11-20 14:17:37,641 [17b41fa2-89b0-41d9-9866-157016c3cd1a@group-D72EA7CAF186-LeaderElection16] INFO  server.RaftServerConfigKeys (ConfUtils.java:logGet(46)) - raft.server.staging.catchup.gap = 1000 (default)
2023-11-20 14:17:37,641 [17b41fa2-89b0-41d9-9866-157016c3cd1a@group-D72EA7CAF186-LeaderElection16] INFO  server.RaftServerConfigKeys (ConfUtils.java:logGet(46)) - raft.server.write.element-limit = 1024 (custom)
2023-11-20 14:17:37,641 [17b41fa2-89b0-41d9-9866-157016c3cd1a@group-D72EA7CAF186-LeaderElection16] INFO  server.RaftServerConfigKeys (ConfUtils.java:logGet(46)) - raft.server.write.byte-limit = 1024 M (=1073741824) (custom)
2023-11-20 14:17:37,641 [17b41fa2-89b0-41d9-9866-157016c3cd1a@group-D72EA7CAF186-LeaderElection16] INFO  server.RaftServerConfigKeys (ConfUtils.java:logGet(46)) - raft.server.watch.timeout = 180s (custom)
2023-11-20 14:17:37,641 [17b41fa2-89b0-41d9-9866-157016c3cd1a@group-D72EA7CAF186-LeaderElection16] INFO  server.RaftServerConfigKeys (ConfUtils.java:logGet(46)) - raft.server.watch.timeout.denomination = 1s (default)
2023-11-20 14:17:37,641 [17b41fa2-89b0-41d9-9866-157016c3cd1a@group-D72EA7CAF186-LeaderElection16] INFO  server.RaftServerConfigKeys (ConfUtils.java:logGet(46)) - raft.server.watch.element-limit = 65536 (default)
2023-11-20 14:17:37,641 [17b41fa2-89b0-41d9-9866-157016c3cd1a@group-D72EA7CAF186-LeaderElection16] INFO  server.RaftServerConfigKeys (ConfUtils.java:logGet(46)) - raft.server.write.element-limit = 1024 (custom)
2023-11-20 14:17:37,641 [17b41fa2-89b0-41d9-9866-157016c3cd1a@group-D72EA7CAF186-LeaderElection16] INFO  server.RaftServerConfigKeys (ConfUtils.java:logGet(46)) - raft.server.write.follower.gap.ratio.max = -1.0 (default)
2023-11-20 14:17:37,642 [17b41fa2-89b0-41d9-9866-157016c3cd1a@group-D72EA7CAF186-LeaderElection16] INFO  impl.RoleInfo (RoleInfo.java:updateAndGet(139)) - 17b41fa2-89b0-41d9-9866-157016c3cd1a: start 17b41fa2-89b0-41d9-9866-157016c3cd1a@group-D72EA7CAF186-LeaderStateImpl
2023-11-20 14:17:37,642 [17b41fa2-89b0-41d9-9866-157016c3cd1a@group-D72EA7CAF186-LeaderElection16] INFO  segmented.SegmentedRaftLogWorker (SegmentedRaftLogWorker.java:startLogSegment(447)) - 17b41fa2-89b0-41d9-9866-157016c3cd1a@group-D72EA7CAF186-SegmentedRaftLogWorker: Starting segment from index:0
2023-11-20 14:17:37,642 [17b41fa2-89b0-41d9-9866-157016c3cd1a@group-D72EA7CAF186-LeaderElection16] INFO  server.RaftServer$Division (ServerState.java:setRaftConf(434)) - 17b41fa2-89b0-41d9-9866-157016c3cd1a@group-D72EA7CAF186: set configuration 0: peers:[17b41fa2-89b0-41d9-9866-157016c3cd1a|rpc:10.1.0.10:15076|admin:10.1.0.10:15075|client:10.1.0.10:15074|dataStream:10.1.0.10:15077|priority:1|startupRole:FOLLOWER]|listeners:[], old=null
2023-11-20 14:17:37,643 [17b41fa2-89b0-41d9-9866-157016c3cd1a@group-D72EA7CAF186-SegmentedRaftLogWorker] INFO  segmented.SegmentedRaftLogWorker (SegmentedRaftLogWorker.java:execute(651)) - 17b41fa2-89b0-41d9-9866-157016c3cd1a@group-D72EA7CAF186-SegmentedRaftLogWorker: created new log segment /home/runner/work/ozone/ozone/hadoop-ozone/integration-test/target/test-dir/MiniOzoneClusterImpl-c3dbe4e6-ad2a-443e-bb3b-bc3016376942/datanode-1/data/ratis/c7a78ae9-708e-4b93-b5b9-d72ea7caf186/current/log_inprogress_0
2023-11-20 14:17:37,670 [c8e369c4-4c6c-4030-b1f6-34ff4305fcfc@group-23E1526BACFC-FollowerState] INFO  impl.FollowerState (FollowerState.java:run(143)) - c8e369c4-4c6c-4030-b1f6-34ff4305fcfc@group-23E1526BACFC-FollowerState: change to CANDIDATE, lastRpcElapsedTime:5116562615ns, electionTimeout:5113ms
2023-11-20 14:17:37,670 [c8e369c4-4c6c-4030-b1f6-34ff4305fcfc@group-23E1526BACFC-FollowerState] INFO  impl.RoleInfo (RoleInfo.java:shutdownFollowerState(110)) - c8e369c4-4c6c-4030-b1f6-34ff4305fcfc: shutdown c8e369c4-4c6c-4030-b1f6-34ff4305fcfc@group-23E1526BACFC-FollowerState
2023-11-20 14:17:37,670 [c8e369c4-4c6c-4030-b1f6-34ff4305fcfc@group-23E1526BACFC-FollowerState] INFO  server.RaftServer$Division (RaftServerImpl.java:setRole(329)) - c8e369c4-4c6c-4030-b1f6-34ff4305fcfc@group-23E1526BACFC: changes role from  FOLLOWER to CANDIDATE at term 0 for changeToCandidate
2023-11-20 14:17:37,670 [c8e369c4-4c6c-4030-b1f6-34ff4305fcfc@group-23E1526BACFC-FollowerState] INFO  server.RaftServerConfigKeys (ConfUtils.java:logGet(46)) - raft.server.leaderelection.pre-vote = true (default)
2023-11-20 14:17:37,670 [c8e369c4-4c6c-4030-b1f6-34ff4305fcfc@group-23E1526BACFC-FollowerState] INFO  impl.RoleInfo (RoleInfo.java:updateAndGet(139)) - c8e369c4-4c6c-4030-b1f6-34ff4305fcfc: start c8e369c4-4c6c-4030-b1f6-34ff4305fcfc@group-23E1526BACFC-LeaderElection17
2023-11-20 14:17:37,670 [c8e369c4-4c6c-4030-b1f6-34ff4305fcfc@group-23E1526BACFC-LeaderElection17] INFO  impl.LeaderElection (LeaderElection.java:askForVotes(321)) - c8e369c4-4c6c-4030-b1f6-34ff4305fcfc@group-23E1526BACFC-LeaderElection17 PRE_VOTE round 0: submit vote requests at term 0 for -1: peers:[17b41fa2-89b0-41d9-9866-157016c3cd1a|rpc:10.1.0.10:15076|admin:10.1.0.10:15075|client:10.1.0.10:15074|dataStream:10.1.0.10:15077|priority:0|startupRole:FOLLOWER, c8e369c4-4c6c-4030-b1f6-34ff4305fcfc|rpc:10.1.0.10:15085|admin:10.1.0.10:15084|client:10.1.0.10:15083|dataStream:10.1.0.10:15086|priority:1|startupRole:FOLLOWER, d8d0483b-b60f-4086-b029-9dd5e1fa5048|rpc:10.1.0.10:15067|admin:10.1.0.10:15066|client:10.1.0.10:15065|dataStream:10.1.0.10:15068|priority:0|startupRole:FOLLOWER]|listeners:[], old=null
2023-11-20 14:17:37,671 [c8e369c4-4c6c-4030-b1f6-34ff4305fcfc@group-23E1526BACFC-LeaderElection17] INFO  server.RaftServerConfigKeys (ConfUtils.java:logFallback(53)) - raft.server.rpc.first-election.timeout.min = 5s (fallback to raft.server.rpc.timeout.min)
2023-11-20 14:17:37,671 [c8e369c4-4c6c-4030-b1f6-34ff4305fcfc@group-23E1526BACFC-LeaderElection17-1] INFO  server.GrpcServerProtocolClient (GrpcServerProtocolClient.java:<init>(65)) - Build channel for 17b41fa2-89b0-41d9-9866-157016c3cd1a
2023-11-20 14:17:37,671 [c8e369c4-4c6c-4030-b1f6-34ff4305fcfc@group-23E1526BACFC-LeaderElection17] INFO  server.RaftServerConfigKeys (ConfUtils.java:logFallback(53)) - raft.server.rpc.first-election.timeout.max = 5200ms (fallback to raft.server.rpc.timeout.max)
2023-11-20 14:17:37,671 [c8e369c4-4c6c-4030-b1f6-34ff4305fcfc@group-23E1526BACFC-LeaderElection17-2] INFO  server.GrpcServerProtocolClient (GrpcServerProtocolClient.java:<init>(65)) - Build channel for d8d0483b-b60f-4086-b029-9dd5e1fa5048
2023-11-20 14:17:37,676 [grpc-default-executor-2] INFO  server.RaftServer$Division (RaftServerImpl.java:requestVote(1302)) - 17b41fa2-89b0-41d9-9866-157016c3cd1a@group-23E1526BACFC: receive requestVote(PRE_VOTE, c8e369c4-4c6c-4030-b1f6-34ff4305fcfc, group-23E1526BACFC, 0, (t:0, i:0))
2023-11-20 14:17:37,676 [grpc-default-executor-2] INFO  impl.VoteContext (VoteContext.java:log(49)) - 17b41fa2-89b0-41d9-9866-157016c3cd1a@group-23E1526BACFC-FOLLOWER: accept PRE_VOTE from c8e369c4-4c6c-4030-b1f6-34ff4305fcfc: our priority 0 <= candidate's priority 1
2023-11-20 14:17:37,677 [grpc-default-executor-2] INFO  server.RaftServer$Division (RaftServerImpl.java:requestVote(1335)) - 17b41fa2-89b0-41d9-9866-157016c3cd1a@group-23E1526BACFC replies to PRE_VOTE vote request: c8e369c4-4c6c-4030-b1f6-34ff4305fcfc<-17b41fa2-89b0-41d9-9866-157016c3cd1a#0:OK-t0. Peer's state: 17b41fa2-89b0-41d9-9866-157016c3cd1a@group-23E1526BACFC:t0, leader=null, voted=, raftlog=Memoized:17b41fa2-89b0-41d9-9866-157016c3cd1a@group-23E1526BACFC-SegmentedRaftLog:OPENED:c-1, conf=-1: peers:[17b41fa2-89b0-41d9-9866-157016c3cd1a|rpc:10.1.0.10:15076|admin:10.1.0.10:15075|client:10.1.0.10:15074|dataStream:10.1.0.10:15077|priority:0|startupRole:FOLLOWER, c8e369c4-4c6c-4030-b1f6-34ff4305fcfc|rpc:10.1.0.10:15085|admin:10.1.0.10:15084|client:10.1.0.10:15083|dataStream:10.1.0.10:15086|priority:1|startupRole:FOLLOWER, d8d0483b-b60f-4086-b029-9dd5e1fa5048|rpc:10.1.0.10:15067|admin:10.1.0.10:15066|client:10.1.0.10:15065|dataStream:10.1.0.10:15068|priority:0|startupRole:FOLLOWER]|listeners:[], old=null
2023-11-20 14:17:37,682 [c8e369c4-4c6c-4030-b1f6-34ff4305fcfc@group-23E1526BACFC-LeaderElection17] INFO  impl.LeaderElection (LeaderElection.java:logAndReturn(90)) - c8e369c4-4c6c-4030-b1f6-34ff4305fcfc@group-23E1526BACFC-LeaderElection17: PRE_VOTE PASSED received 1 response(s) and 0 exception(s):
2023-11-20 14:17:37,682 [c8e369c4-4c6c-4030-b1f6-34ff4305fcfc@group-23E1526BACFC-LeaderElection17] INFO  impl.LeaderElection (LeaderElection.java:logAndReturn(94)) -   Response 0: c8e369c4-4c6c-4030-b1f6-34ff4305fcfc<-17b41fa2-89b0-41d9-9866-157016c3cd1a#0:OK-t0
2023-11-20 14:17:37,682 [c8e369c4-4c6c-4030-b1f6-34ff4305fcfc@group-23E1526BACFC-LeaderElection17] INFO  impl.LeaderElection (LeaderElection.java:askForVotes(323)) - c8e369c4-4c6c-4030-b1f6-34ff4305fcfc@group-23E1526BACFC-LeaderElection17 PRE_VOTE round 0: result PASSED
2023-11-20 14:17:37,682 [grpc-default-executor-2] INFO  server.RaftServer$Division (RaftServerImpl.java:requestVote(1302)) - d8d0483b-b60f-4086-b029-9dd5e1fa5048@group-23E1526BACFC: receive requestVote(PRE_VOTE, c8e369c4-4c6c-4030-b1f6-34ff4305fcfc, group-23E1526BACFC, 0, (t:0, i:0))
2023-11-20 14:17:37,683 [grpc-default-executor-2] INFO  impl.VoteContext (VoteContext.java:log(49)) - d8d0483b-b60f-4086-b029-9dd5e1fa5048@group-23E1526BACFC-FOLLOWER: accept PRE_VOTE from c8e369c4-4c6c-4030-b1f6-34ff4305fcfc: our priority 0 <= candidate's priority 1
2023-11-20 14:17:37,683 [grpc-default-executor-2] INFO  server.RaftServer$Division (RaftServerImpl.java:requestVote(1335)) - d8d0483b-b60f-4086-b029-9dd5e1fa5048@group-23E1526BACFC replies to PRE_VOTE vote request: c8e369c4-4c6c-4030-b1f6-34ff4305fcfc<-d8d0483b-b60f-4086-b029-9dd5e1fa5048#0:OK-t0. Peer's state: d8d0483b-b60f-4086-b029-9dd5e1fa5048@group-23E1526BACFC:t0, leader=null, voted=, raftlog=Memoized:d8d0483b-b60f-4086-b029-9dd5e1fa5048@group-23E1526BACFC-SegmentedRaftLog:OPENED:c-1, conf=-1: peers:[17b41fa2-89b0-41d9-9866-157016c3cd1a|rpc:10.1.0.10:15076|admin:10.1.0.10:15075|client:10.1.0.10:15074|dataStream:10.1.0.10:15077|priority:0|startupRole:FOLLOWER, c8e369c4-4c6c-4030-b1f6-34ff4305fcfc|rpc:10.1.0.10:15085|admin:10.1.0.10:15084|client:10.1.0.10:15083|dataStream:10.1.0.10:15086|priority:1|startupRole:FOLLOWER, d8d0483b-b60f-4086-b029-9dd5e1fa5048|rpc:10.1.0.10:15067|admin:10.1.0.10:15066|client:10.1.0.10:15065|dataStream:10.1.0.10:15068|priority:0|startupRole:FOLLOWER]|listeners:[], old=null
2023-11-20 14:17:37,684 [c8e369c4-4c6c-4030-b1f6-34ff4305fcfc@group-23E1526BACFC-LeaderElection17] INFO  impl.LeaderElection (LeaderElection.java:askForVotes(321)) - c8e369c4-4c6c-4030-b1f6-34ff4305fcfc@group-23E1526BACFC-LeaderElection17 ELECTION round 0: submit vote requests at term 1 for -1: peers:[17b41fa2-89b0-41d9-9866-157016c3cd1a|rpc:10.1.0.10:15076|admin:10.1.0.10:15075|client:10.1.0.10:15074|dataStream:10.1.0.10:15077|priority:0|startupRole:FOLLOWER, c8e369c4-4c6c-4030-b1f6-34ff4305fcfc|rpc:10.1.0.10:15085|admin:10.1.0.10:15084|client:10.1.0.10:15083|dataStream:10.1.0.10:15086|priority:1|startupRole:FOLLOWER, d8d0483b-b60f-4086-b029-9dd5e1fa5048|rpc:10.1.0.10:15067|admin:10.1.0.10:15066|client:10.1.0.10:15065|dataStream:10.1.0.10:15068|priority:0|startupRole:FOLLOWER]|listeners:[], old=null
2023-11-20 14:17:37,684 [c8e369c4-4c6c-4030-b1f6-34ff4305fcfc@group-23E1526BACFC-LeaderElection17] INFO  server.RaftServerConfigKeys (ConfUtils.java:logFallback(53)) - raft.server.rpc.first-election.timeout.min = 5s (fallback to raft.server.rpc.timeout.min)
2023-11-20 14:17:37,684 [c8e369c4-4c6c-4030-b1f6-34ff4305fcfc@group-23E1526BACFC-LeaderElection17] INFO  server.RaftServerConfigKeys (ConfUtils.java:logFallback(53)) - raft.server.rpc.first-election.timeout.max = 5200ms (fallback to raft.server.rpc.timeout.max)
2023-11-20 14:17:37,689 [grpc-default-executor-2] INFO  server.RaftServer$Division (RaftServerImpl.java:requestVote(1302)) - 17b41fa2-89b0-41d9-9866-157016c3cd1a@group-23E1526BACFC: receive requestVote(ELECTION, c8e369c4-4c6c-4030-b1f6-34ff4305fcfc, group-23E1526BACFC, 1, (t:0, i:0))
2023-11-20 14:17:37,689 [grpc-default-executor-2] INFO  impl.VoteContext (VoteContext.java:log(49)) - 17b41fa2-89b0-41d9-9866-157016c3cd1a@group-23E1526BACFC-FOLLOWER: accept ELECTION from c8e369c4-4c6c-4030-b1f6-34ff4305fcfc: our priority 0 <= candidate's priority 1
2023-11-20 14:17:37,689 [grpc-default-executor-2] INFO  server.RaftServer$Division (RaftServerImpl.java:setRole(329)) - 17b41fa2-89b0-41d9-9866-157016c3cd1a@group-23E1526BACFC: changes role from  FOLLOWER to FOLLOWER at term 1 for candidate:c8e369c4-4c6c-4030-b1f6-34ff4305fcfc
2023-11-20 14:17:37,689 [grpc-default-executor-2] INFO  impl.RoleInfo (RoleInfo.java:shutdownFollowerState(110)) - 17b41fa2-89b0-41d9-9866-157016c3cd1a: shutdown 17b41fa2-89b0-41d9-9866-157016c3cd1a@group-23E1526BACFC-FollowerState
2023-11-20 14:17:37,689 [grpc-default-executor-2] INFO  impl.RoleInfo (RoleInfo.java:updateAndGet(139)) - 17b41fa2-89b0-41d9-9866-157016c3cd1a: start 17b41fa2-89b0-41d9-9866-157016c3cd1a@group-23E1526BACFC-FollowerState
2023-11-20 14:17:37,689 [17b41fa2-89b0-41d9-9866-157016c3cd1a@group-23E1526BACFC-FollowerState] INFO  impl.FollowerState (FollowerState.java:run(152)) - 17b41fa2-89b0-41d9-9866-157016c3cd1a@group-23E1526BACFC-FollowerState was interrupted
2023-11-20 14:17:37,690 [grpc-default-executor-3] INFO  server.RaftServer$Division (RaftServerImpl.java:requestVote(1302)) - d8d0483b-b60f-4086-b029-9dd5e1fa5048@group-23E1526BACFC: receive requestVote(ELECTION, c8e369c4-4c6c-4030-b1f6-34ff4305fcfc, group-23E1526BACFC, 1, (t:0, i:0))
2023-11-20 14:17:37,690 [grpc-default-executor-3] INFO  impl.VoteContext (VoteContext.java:log(49)) - d8d0483b-b60f-4086-b029-9dd5e1fa5048@group-23E1526BACFC-FOLLOWER: accept ELECTION from c8e369c4-4c6c-4030-b1f6-34ff4305fcfc: our priority 0 <= candidate's priority 1
2023-11-20 14:17:37,690 [grpc-default-executor-3] INFO  server.RaftServer$Division (RaftServerImpl.java:setRole(329)) - d8d0483b-b60f-4086-b029-9dd5e1fa5048@group-23E1526BACFC: changes role from  FOLLOWER to FOLLOWER at term 1 for candidate:c8e369c4-4c6c-4030-b1f6-34ff4305fcfc
2023-11-20 14:17:37,690 [grpc-default-executor-3] INFO  impl.RoleInfo (RoleInfo.java:shutdownFollowerState(110)) - d8d0483b-b60f-4086-b029-9dd5e1fa5048: shutdown d8d0483b-b60f-4086-b029-9dd5e1fa5048@group-23E1526BACFC-FollowerState
2023-11-20 14:17:37,691 [grpc-default-executor-3] INFO  impl.RoleInfo (RoleInfo.java:updateAndGet(139)) - d8d0483b-b60f-4086-b029-9dd5e1fa5048: start d8d0483b-b60f-4086-b029-9dd5e1fa5048@group-23E1526BACFC-FollowerState
2023-11-20 14:17:37,691 [d8d0483b-b60f-4086-b029-9dd5e1fa5048@group-23E1526BACFC-FollowerState] INFO  impl.FollowerState (FollowerState.java:run(152)) - d8d0483b-b60f-4086-b029-9dd5e1fa5048@group-23E1526BACFC-FollowerState was interrupted
2023-11-20 14:17:37,691 [grpc-default-executor-2] INFO  server.RaftServer$Division (RaftServerImpl.java:requestVote(1335)) - 17b41fa2-89b0-41d9-9866-157016c3cd1a@group-23E1526BACFC replies to ELECTION vote request: c8e369c4-4c6c-4030-b1f6-34ff4305fcfc<-17b41fa2-89b0-41d9-9866-157016c3cd1a#0:OK-t1. Peer's state: 17b41fa2-89b0-41d9-9866-157016c3cd1a@group-23E1526BACFC:t1, leader=null, voted=c8e369c4-4c6c-4030-b1f6-34ff4305fcfc, raftlog=Memoized:17b41fa2-89b0-41d9-9866-157016c3cd1a@group-23E1526BACFC-SegmentedRaftLog:OPENED:c-1, conf=-1: peers:[17b41fa2-89b0-41d9-9866-157016c3cd1a|rpc:10.1.0.10:15076|admin:10.1.0.10:15075|client:10.1.0.10:15074|dataStream:10.1.0.10:15077|priority:0|startupRole:FOLLOWER, c8e369c4-4c6c-4030-b1f6-34ff4305fcfc|rpc:10.1.0.10:15085|admin:10.1.0.10:15084|client:10.1.0.10:15083|dataStream:10.1.0.10:15086|priority:1|startupRole:FOLLOWER, d8d0483b-b60f-4086-b029-9dd5e1fa5048|rpc:10.1.0.10:15067|admin:10.1.0.10:15066|client:10.1.0.10:15065|dataStream:10.1.0.10:15068|priority:0|startupRole:FOLLOWER]|listeners:[], old=null
2023-11-20 14:17:37,693 [c8e369c4-4c6c-4030-b1f6-34ff4305fcfc@group-23E1526BACFC-LeaderElection17] INFO  impl.LeaderElection (LeaderElection.java:logAndReturn(90)) - c8e369c4-4c6c-4030-b1f6-34ff4305fcfc@group-23E1526BACFC-LeaderElection17: ELECTION PASSED received 1 response(s) and 0 exception(s):
2023-11-20 14:17:37,693 [c8e369c4-4c6c-4030-b1f6-34ff4305fcfc@group-23E1526BACFC-LeaderElection17] INFO  impl.LeaderElection (LeaderElection.java:logAndReturn(94)) -   Response 0: c8e369c4-4c6c-4030-b1f6-34ff4305fcfc<-17b41fa2-89b0-41d9-9866-157016c3cd1a#0:OK-t1
2023-11-20 14:17:37,693 [c8e369c4-4c6c-4030-b1f6-34ff4305fcfc@group-23E1526BACFC-LeaderElection17] INFO  impl.LeaderElection (LeaderElection.java:askForVotes(323)) - c8e369c4-4c6c-4030-b1f6-34ff4305fcfc@group-23E1526BACFC-LeaderElection17 ELECTION round 0: result PASSED
2023-11-20 14:17:37,693 [c8e369c4-4c6c-4030-b1f6-34ff4305fcfc@group-23E1526BACFC-LeaderElection17] INFO  impl.RoleInfo (RoleInfo.java:shutdownLeaderElection(130)) - c8e369c4-4c6c-4030-b1f6-34ff4305fcfc: shutdown c8e369c4-4c6c-4030-b1f6-34ff4305fcfc@group-23E1526BACFC-LeaderElection17
2023-11-20 14:17:37,693 [c8e369c4-4c6c-4030-b1f6-34ff4305fcfc@group-23E1526BACFC-LeaderElection17] INFO  server.RaftServer$Division (RaftServerImpl.java:setRole(329)) - c8e369c4-4c6c-4030-b1f6-34ff4305fcfc@group-23E1526BACFC: changes role from CANDIDATE to LEADER at term 1 for changeToLeader
2023-11-20 14:17:37,693 [c8e369c4-4c6c-4030-b1f6-34ff4305fcfc@group-23E1526BACFC-LeaderElection17] INFO  ratis.XceiverServerRatis (XceiverServerRatis.java:handleLeaderChangedNotification(905)) - Leader change notification received for group: group-23E1526BACFC with new leaderId: c8e369c4-4c6c-4030-b1f6-34ff4305fcfc
2023-11-20 14:17:37,693 [c8e369c4-4c6c-4030-b1f6-34ff4305fcfc@group-23E1526BACFC-LeaderElection17] INFO  server.RaftServer$Division (ServerState.java:setLeader(317)) - c8e369c4-4c6c-4030-b1f6-34ff4305fcfc@group-23E1526BACFC: change Leader from null to c8e369c4-4c6c-4030-b1f6-34ff4305fcfc at term 1 for becomeLeader, leader elected after 5163ms
2023-11-20 14:17:37,693 [c8e369c4-4c6c-4030-b1f6-34ff4305fcfc@group-23E1526BACFC-LeaderElection17] INFO  server.RaftServerConfigKeys (ConfUtils.java:logGet(46)) - raft.server.staging.catchup.gap = 1000 (default)
2023-11-20 14:17:37,693 [c8e369c4-4c6c-4030-b1f6-34ff4305fcfc@group-23E1526BACFC-LeaderElection17] INFO  server.RaftServerConfigKeys (ConfUtils.java:logGet(46)) - raft.server.write.element-limit = 1024 (custom)
2023-11-20 14:17:37,693 [c8e369c4-4c6c-4030-b1f6-34ff4305fcfc@group-23E1526BACFC-LeaderElection17] INFO  server.RaftServerConfigKeys (ConfUtils.java:logGet(46)) - raft.server.write.byte-limit = 1024 M (=1073741824) (custom)
2023-11-20 14:17:37,694 [c8e369c4-4c6c-4030-b1f6-34ff4305fcfc@group-23E1526BACFC-LeaderElection17] INFO  server.RaftServerConfigKeys (ConfUtils.java:logGet(46)) - raft.server.watch.timeout = 180s (custom)
2023-11-20 14:17:37,694 [c8e369c4-4c6c-4030-b1f6-34ff4305fcfc@group-23E1526BACFC-LeaderElection17] INFO  server.RaftServerConfigKeys (ConfUtils.java:logGet(46)) - raft.server.watch.timeout.denomination = 1s (default)
2023-11-20 14:17:37,694 [c8e369c4-4c6c-4030-b1f6-34ff4305fcfc@group-23E1526BACFC-LeaderElection17] INFO  server.RaftServerConfigKeys (ConfUtils.java:logGet(46)) - raft.server.watch.element-limit = 65536 (default)
2023-11-20 14:17:37,694 [c8e369c4-4c6c-4030-b1f6-34ff4305fcfc@group-23E1526BACFC-LeaderElection17] INFO  server.RaftServerConfigKeys (ConfUtils.java:logGet(46)) - raft.server.write.element-limit = 1024 (custom)
2023-11-20 14:17:37,694 [c8e369c4-4c6c-4030-b1f6-34ff4305fcfc@group-23E1526BACFC-LeaderElection17] INFO  server.RaftServerConfigKeys (ConfUtils.java:logGet(46)) - raft.server.write.follower.gap.ratio.max = -1.0 (default)
2023-11-20 14:17:37,694 [grpc-default-executor-3] INFO  server.RaftServer$Division (RaftServerImpl.java:requestVote(1335)) - d8d0483b-b60f-4086-b029-9dd5e1fa5048@group-23E1526BACFC replies to ELECTION vote request: c8e369c4-4c6c-4030-b1f6-34ff4305fcfc<-d8d0483b-b60f-4086-b029-9dd5e1fa5048#0:OK-t1. Peer's state: d8d0483b-b60f-4086-b029-9dd5e1fa5048@group-23E1526BACFC:t1, leader=null, voted=c8e369c4-4c6c-4030-b1f6-34ff4305fcfc, raftlog=Memoized:d8d0483b-b60f-4086-b029-9dd5e1fa5048@group-23E1526BACFC-SegmentedRaftLog:OPENED:c-1, conf=-1: peers:[17b41fa2-89b0-41d9-9866-157016c3cd1a|rpc:10.1.0.10:15076|admin:10.1.0.10:15075|client:10.1.0.10:15074|dataStream:10.1.0.10:15077|priority:0|startupRole:FOLLOWER, c8e369c4-4c6c-4030-b1f6-34ff4305fcfc|rpc:10.1.0.10:15085|admin:10.1.0.10:15084|client:10.1.0.10:15083|dataStream:10.1.0.10:15086|priority:1|startupRole:FOLLOWER, d8d0483b-b60f-4086-b029-9dd5e1fa5048|rpc:10.1.0.10:15067|admin:10.1.0.10:15066|client:10.1.0.10:15065|dataStream:10.1.0.10:15068|priority:0|startupRole:FOLLOWER]|listeners:[], old=null
2023-11-20 14:17:37,694 [c8e369c4-4c6c-4030-b1f6-34ff4305fcfc@group-23E1526BACFC-LeaderElection17] INFO  server.RaftServerConfigKeys (ConfUtils.java:logGet(46)) - raft.server.log.appender.snapshot.chunk.size.max = 16MB (=16777216) (default)
2023-11-20 14:17:37,695 [c8e369c4-4c6c-4030-b1f6-34ff4305fcfc@group-23E1526BACFC-LeaderElection17] INFO  server.RaftServerConfigKeys (ConfUtils.java:logGet(46)) - raft.server.log.appender.buffer.byte-limit = 33554432 (custom)
2023-11-20 14:17:37,695 [EventQueue-PipelineReportForPipelineReportHandler] INFO  pipeline.PipelineReportHandler (PipelineReportHandler.java:processPipelineReport(136)) - Opened pipeline PipelineID=97c605cb-552d-42ec-bf96-23e1526bacfc
2023-11-20 14:17:37,695 [c8e369c4-4c6c-4030-b1f6-34ff4305fcfc@group-23E1526BACFC-LeaderElection17] INFO  server.RaftServerConfigKeys (ConfUtils.java:logGet(46)) - raft.server.log.appender.buffer.element-limit = 1 (custom)
2023-11-20 14:17:37,695 [c8e369c4-4c6c-4030-b1f6-34ff4305fcfc@group-23E1526BACFC-LeaderElection17] INFO  server.RaftServerConfigKeys (ConfUtils.java:logGet(46)) - raft.server.log.appender.wait-time.min = 1ms (custom)
2023-11-20 14:17:37,695 [c8e369c4-4c6c-4030-b1f6-34ff4305fcfc@group-23E1526BACFC-LeaderElection17] INFO  grpc.GrpcConfigKeys (ConfUtils.java:logGet(46)) - raft.grpc.server.leader.outstanding.appends.max = 128 (default)
2023-11-20 14:17:37,695 [c8e369c4-4c6c-4030-b1f6-34ff4305fcfc@group-23E1526BACFC-LeaderElection17] INFO  server.RaftServerConfigKeys (ConfUtils.java:logGet(46)) - raft.server.rpc.request.timeout = 60s (custom)
2023-11-20 14:17:37,695 [c8e369c4-4c6c-4030-b1f6-34ff4305fcfc@group-23E1526BACFC-LeaderElection17] INFO  grpc.GrpcConfigKeys (ConfUtils.java:logGet(46)) - raft.grpc.server.install_snapshot.request.element-limit = 8 (default)
2023-11-20 14:17:37,695 [c8e369c4-4c6c-4030-b1f6-34ff4305fcfc@group-23E1526BACFC-LeaderElection17] INFO  grpc.GrpcConfigKeys (ConfUtils.java:logGet(46)) - raft.grpc.server.install_snapshot.request.timeout = 3000ms (default)
2023-11-20 14:17:37,695 [c8e369c4-4c6c-4030-b1f6-34ff4305fcfc@group-23E1526BACFC-LeaderElection17] INFO  server.RaftServerConfigKeys (ConfUtils.java:logGet(46)) - raft.server.log.appender.install.snapshot.enabled = false (custom)
2023-11-20 14:17:37,695 [c8e369c4-4c6c-4030-b1f6-34ff4305fcfc@group-23E1526BACFC-LeaderElection17] INFO  grpc.GrpcConfigKeys (ConfUtils.java:logGet(46)) - raft.grpc.server.heartbeat.channel = true (default)
2023-11-20 14:17:37,696 [c8e369c4-4c6c-4030-b1f6-34ff4305fcfc@group-23E1526BACFC-LeaderElection17] INFO  server.RaftServerConfigKeys (ConfUtils.java:logGet(46)) - raft.server.log.appender.snapshot.chunk.size.max = 16MB (=16777216) (default)
2023-11-20 14:17:37,696 [c8e369c4-4c6c-4030-b1f6-34ff4305fcfc@group-23E1526BACFC-LeaderElection17] INFO  server.RaftServerConfigKeys (ConfUtils.java:logGet(46)) - raft.server.log.appender.buffer.byte-limit = 33554432 (custom)
2023-11-20 14:17:37,696 [c8e369c4-4c6c-4030-b1f6-34ff4305fcfc@group-23E1526BACFC-LeaderElection17] INFO  server.RaftServerConfigKeys (ConfUtils.java:logGet(46)) - raft.server.log.appender.buffer.element-limit = 1 (custom)
2023-11-20 14:17:37,696 [c8e369c4-4c6c-4030-b1f6-34ff4305fcfc@group-23E1526BACFC-LeaderElection17] INFO  server.RaftServerConfigKeys (ConfUtils.java:logGet(46)) - raft.server.log.appender.wait-time.min = 1ms (custom)
2023-11-20 14:17:37,696 [c8e369c4-4c6c-4030-b1f6-34ff4305fcfc@group-23E1526BACFC-LeaderElection17] INFO  grpc.GrpcConfigKeys (ConfUtils.java:logGet(46)) - raft.grpc.server.leader.outstanding.appends.max = 128 (default)
2023-11-20 14:17:37,696 [c8e369c4-4c6c-4030-b1f6-34ff4305fcfc@group-23E1526BACFC-LeaderElection17] INFO  server.RaftServerConfigKeys (ConfUtils.java:logGet(46)) - raft.server.rpc.request.timeout = 60s (custom)
2023-11-20 14:17:37,696 [c8e369c4-4c6c-4030-b1f6-34ff4305fcfc@group-23E1526BACFC-LeaderElection17] INFO  grpc.GrpcConfigKeys (ConfUtils.java:logGet(46)) - raft.grpc.server.install_snapshot.request.element-limit = 8 (default)
2023-11-20 14:17:37,696 [c8e369c4-4c6c-4030-b1f6-34ff4305fcfc@group-23E1526BACFC-LeaderElection17] INFO  grpc.GrpcConfigKeys (ConfUtils.java:logGet(46)) - raft.grpc.server.install_snapshot.request.timeout = 3000ms (default)
2023-11-20 14:17:37,696 [c8e369c4-4c6c-4030-b1f6-34ff4305fcfc@group-23E1526BACFC-LeaderElection17] INFO  server.RaftServerConfigKeys (ConfUtils.java:logGet(46)) - raft.server.log.appender.install.snapshot.enabled = false (custom)
2023-11-20 14:17:37,696 [c8e369c4-4c6c-4030-b1f6-34ff4305fcfc@group-23E1526BACFC-LeaderElection17] INFO  grpc.GrpcConfigKeys (ConfUtils.java:logGet(46)) - raft.grpc.server.heartbeat.channel = true (default)
2023-11-20 14:17:37,696 [c8e369c4-4c6c-4030-b1f6-34ff4305fcfc@group-23E1526BACFC-LeaderElection17] INFO  impl.RoleInfo (RoleInfo.java:updateAndGet(139)) - c8e369c4-4c6c-4030-b1f6-34ff4305fcfc: start c8e369c4-4c6c-4030-b1f6-34ff4305fcfc@group-23E1526BACFC-LeaderStateImpl
2023-11-20 14:17:37,696 [c8e369c4-4c6c-4030-b1f6-34ff4305fcfc@group-23E1526BACFC-LeaderElection17] INFO  segmented.SegmentedRaftLogWorker (SegmentedRaftLogWorker.java:startLogSegment(447)) - c8e369c4-4c6c-4030-b1f6-34ff4305fcfc@group-23E1526BACFC-SegmentedRaftLogWorker: Starting segment from index:0
2023-11-20 14:17:37,697 [c8e369c4-4c6c-4030-b1f6-34ff4305fcfc@group-23E1526BACFC-SegmentedRaftLogWorker] INFO  segmented.SegmentedRaftLogWorker (SegmentedRaftLogWorker.java:execute(651)) - c8e369c4-4c6c-4030-b1f6-34ff4305fcfc@group-23E1526BACFC-SegmentedRaftLogWorker: created new log segment /home/runner/work/ozone/ozone/hadoop-ozone/integration-test/target/test-dir/MiniOzoneClusterImpl-c3dbe4e6-ad2a-443e-bb3b-bc3016376942/datanode-2/data/ratis/97c605cb-552d-42ec-bf96-23e1526bacfc/current/log_inprogress_0
2023-11-20 14:17:37,707 [c8e369c4-4c6c-4030-b1f6-34ff4305fcfc@group-23E1526BACFC-LeaderElection17] INFO  server.RaftServer$Division (ServerState.java:setRaftConf(434)) - c8e369c4-4c6c-4030-b1f6-34ff4305fcfc@group-23E1526BACFC: set configuration 0: peers:[17b41fa2-89b0-41d9-9866-157016c3cd1a|rpc:10.1.0.10:15076|admin:10.1.0.10:15075|client:10.1.0.10:15074|dataStream:10.1.0.10:15077|priority:0|startupRole:FOLLOWER, c8e369c4-4c6c-4030-b1f6-34ff4305fcfc|rpc:10.1.0.10:15085|admin:10.1.0.10:15084|client:10.1.0.10:15083|dataStream:10.1.0.10:15086|priority:1|startupRole:FOLLOWER, d8d0483b-b60f-4086-b029-9dd5e1fa5048|rpc:10.1.0.10:15067|admin:10.1.0.10:15066|client:10.1.0.10:15065|dataStream:10.1.0.10:15068|priority:0|startupRole:FOLLOWER]|listeners:[], old=null
2023-11-20 14:17:37,707 [17b41fa2-89b0-41d9-9866-157016c3cd1a-server-thread2] INFO  ratis.XceiverServerRatis (XceiverServerRatis.java:handleLeaderChangedNotification(905)) - Leader change notification received for group: group-23E1526BACFC with new leaderId: c8e369c4-4c6c-4030-b1f6-34ff4305fcfc
2023-11-20 14:17:37,708 [17b41fa2-89b0-41d9-9866-157016c3cd1a-server-thread2] INFO  server.RaftServer$Division (ServerState.java:setLeader(317)) - 17b41fa2-89b0-41d9-9866-157016c3cd1a@group-23E1526BACFC: change Leader from null to c8e369c4-4c6c-4030-b1f6-34ff4305fcfc at term 1 for appendEntries, leader elected after 5200ms
2023-11-20 14:17:37,713 [17b41fa2-89b0-41d9-9866-157016c3cd1a-server-thread2] INFO  server.RaftServer$Division (ServerState.java:setRaftConf(434)) - 17b41fa2-89b0-41d9-9866-157016c3cd1a@group-23E1526BACFC: set configuration 0: peers:[17b41fa2-89b0-41d9-9866-157016c3cd1a|rpc:10.1.0.10:15076|admin:10.1.0.10:15075|client:10.1.0.10:15074|dataStream:10.1.0.10:15077|priority:0|startupRole:FOLLOWER, c8e369c4-4c6c-4030-b1f6-34ff4305fcfc|rpc:10.1.0.10:15085|admin:10.1.0.10:15084|client:10.1.0.10:15083|dataStream:10.1.0.10:15086|priority:1|startupRole:FOLLOWER, d8d0483b-b60f-4086-b029-9dd5e1fa5048|rpc:10.1.0.10:15067|admin:10.1.0.10:15066|client:10.1.0.10:15065|dataStream:10.1.0.10:15068|priority:0|startupRole:FOLLOWER]|listeners:[], old=null
2023-11-20 14:17:37,713 [17b41fa2-89b0-41d9-9866-157016c3cd1a-server-thread2] INFO  segmented.SegmentedRaftLogWorker (SegmentedRaftLogWorker.java:startLogSegment(447)) - 17b41fa2-89b0-41d9-9866-157016c3cd1a@group-23E1526BACFC-SegmentedRaftLogWorker: Starting segment from index:0
2023-11-20 14:17:37,714 [d8d0483b-b60f-4086-b029-9dd5e1fa5048-server-thread1] INFO  ratis.XceiverServerRatis (XceiverServerRatis.java:handleLeaderChangedNotification(905)) - Leader change notification received for group: group-23E1526BACFC with new leaderId: c8e369c4-4c6c-4030-b1f6-34ff4305fcfc
2023-11-20 14:17:37,714 [17b41fa2-89b0-41d9-9866-157016c3cd1a@group-23E1526BACFC-SegmentedRaftLogWorker] INFO  segmented.SegmentedRaftLogWorker (SegmentedRaftLogWorker.java:execute(651)) - 17b41fa2-89b0-41d9-9866-157016c3cd1a@group-23E1526BACFC-SegmentedRaftLogWorker: created new log segment /home/runner/work/ozone/ozone/hadoop-ozone/integration-test/target/test-dir/MiniOzoneClusterImpl-c3dbe4e6-ad2a-443e-bb3b-bc3016376942/datanode-1/data/ratis/97c605cb-552d-42ec-bf96-23e1526bacfc/current/log_inprogress_0
2023-11-20 14:17:37,714 [d8d0483b-b60f-4086-b029-9dd5e1fa5048-server-thread1] INFO  server.RaftServer$Division (ServerState.java:setLeader(317)) - d8d0483b-b60f-4086-b029-9dd5e1fa5048@group-23E1526BACFC: change Leader from null to c8e369c4-4c6c-4030-b1f6-34ff4305fcfc at term 1 for appendEntries, leader elected after 5238ms
2023-11-20 14:17:37,716 [d8d0483b-b60f-4086-b029-9dd5e1fa5048-server-thread1] INFO  server.RaftServer$Division (ServerState.java:setRaftConf(434)) - d8d0483b-b60f-4086-b029-9dd5e1fa5048@group-23E1526BACFC: set configuration 0: peers:[17b41fa2-89b0-41d9-9866-157016c3cd1a|rpc:10.1.0.10:15076|admin:10.1.0.10:15075|client:10.1.0.10:15074|dataStream:10.1.0.10:15077|priority:0|startupRole:FOLLOWER, c8e369c4-4c6c-4030-b1f6-34ff4305fcfc|rpc:10.1.0.10:15085|admin:10.1.0.10:15084|client:10.1.0.10:15083|dataStream:10.1.0.10:15086|priority:1|startupRole:FOLLOWER, d8d0483b-b60f-4086-b029-9dd5e1fa5048|rpc:10.1.0.10:15067|admin:10.1.0.10:15066|client:10.1.0.10:15065|dataStream:10.1.0.10:15068|priority:0|startupRole:FOLLOWER]|listeners:[], old=null
2023-11-20 14:17:37,716 [d8d0483b-b60f-4086-b029-9dd5e1fa5048-server-thread1] INFO  segmented.SegmentedRaftLogWorker (SegmentedRaftLogWorker.java:startLogSegment(447)) - d8d0483b-b60f-4086-b029-9dd5e1fa5048@group-23E1526BACFC-SegmentedRaftLogWorker: Starting segment from index:0
2023-11-20 14:17:37,719 [d8d0483b-b60f-4086-b029-9dd5e1fa5048@group-23E1526BACFC-SegmentedRaftLogWorker] INFO  segmented.SegmentedRaftLogWorker (SegmentedRaftLogWorker.java:execute(651)) - d8d0483b-b60f-4086-b029-9dd5e1fa5048@group-23E1526BACFC-SegmentedRaftLogWorker: created new log segment /home/runner/work/ozone/ozone/hadoop-ozone/integration-test/target/test-dir/MiniOzoneClusterImpl-c3dbe4e6-ad2a-443e-bb3b-bc3016376942/datanode-0/data/ratis/97c605cb-552d-42ec-bf96-23e1526bacfc/current/log_inprogress_0
2023-11-20 14:17:37,731 [c8e369c4-4c6c-4030-b1f6-34ff4305fcfc@group-7278F4F99F6A-FollowerState] INFO  impl.FollowerState (FollowerState.java:run(143)) - c8e369c4-4c6c-4030-b1f6-34ff4305fcfc@group-7278F4F99F6A-FollowerState: change to CANDIDATE, lastRpcElapsedTime:5145376042ns, electionTimeout:5145ms
2023-11-20 14:17:37,731 [c8e369c4-4c6c-4030-b1f6-34ff4305fcfc@group-7278F4F99F6A-FollowerState] INFO  impl.RoleInfo (RoleInfo.java:shutdownFollowerState(110)) - c8e369c4-4c6c-4030-b1f6-34ff4305fcfc: shutdown c8e369c4-4c6c-4030-b1f6-34ff4305fcfc@group-7278F4F99F6A-FollowerState
2023-11-20 14:17:37,731 [c8e369c4-4c6c-4030-b1f6-34ff4305fcfc@group-7278F4F99F6A-FollowerState] INFO  server.RaftServer$Division (RaftServerImpl.java:setRole(329)) - c8e369c4-4c6c-4030-b1f6-34ff4305fcfc@group-7278F4F99F6A: changes role from  FOLLOWER to CANDIDATE at term 0 for changeToCandidate
2023-11-20 14:17:37,731 [c8e369c4-4c6c-4030-b1f6-34ff4305fcfc@group-7278F4F99F6A-FollowerState] INFO  server.RaftServerConfigKeys (ConfUtils.java:logGet(46)) - raft.server.leaderelection.pre-vote = true (default)
2023-11-20 14:17:37,731 [c8e369c4-4c6c-4030-b1f6-34ff4305fcfc@group-7278F4F99F6A-FollowerState] INFO  impl.RoleInfo (RoleInfo.java:updateAndGet(139)) - c8e369c4-4c6c-4030-b1f6-34ff4305fcfc: start c8e369c4-4c6c-4030-b1f6-34ff4305fcfc@group-7278F4F99F6A-LeaderElection18
2023-11-20 14:17:37,732 [c8e369c4-4c6c-4030-b1f6-34ff4305fcfc@group-7278F4F99F6A-LeaderElection18] INFO  impl.LeaderElection (LeaderElection.java:askForVotes(321)) - c8e369c4-4c6c-4030-b1f6-34ff4305fcfc@group-7278F4F99F6A-LeaderElection18 PRE_VOTE round 0: submit vote requests at term 0 for -1: peers:[c8e369c4-4c6c-4030-b1f6-34ff4305fcfc|rpc:10.1.0.10:15085|admin:10.1.0.10:15084|client:10.1.0.10:15083|dataStream:10.1.0.10:15086|priority:1|startupRole:FOLLOWER]|listeners:[], old=null
2023-11-20 14:17:37,732 [c8e369c4-4c6c-4030-b1f6-34ff4305fcfc@group-7278F4F99F6A-LeaderElection18] INFO  impl.LeaderElection (LeaderElection.java:askForVotes(323)) - c8e369c4-4c6c-4030-b1f6-34ff4305fcfc@group-7278F4F99F6A-LeaderElection18 PRE_VOTE round 0: result PASSED (term=0)
2023-11-20 14:17:37,733 [c8e369c4-4c6c-4030-b1f6-34ff4305fcfc@group-7278F4F99F6A-LeaderElection18] INFO  impl.LeaderElection (LeaderElection.java:askForVotes(321)) - c8e369c4-4c6c-4030-b1f6-34ff4305fcfc@group-7278F4F99F6A-LeaderElection18 ELECTION round 0: submit vote requests at term 1 for -1: peers:[c8e369c4-4c6c-4030-b1f6-34ff4305fcfc|rpc:10.1.0.10:15085|admin:10.1.0.10:15084|client:10.1.0.10:15083|dataStream:10.1.0.10:15086|priority:1|startupRole:FOLLOWER]|listeners:[], old=null
2023-11-20 14:17:37,733 [c8e369c4-4c6c-4030-b1f6-34ff4305fcfc@group-7278F4F99F6A-LeaderElection18] INFO  impl.LeaderElection (LeaderElection.java:askForVotes(323)) - c8e369c4-4c6c-4030-b1f6-34ff4305fcfc@group-7278F4F99F6A-LeaderElection18 ELECTION round 0: result PASSED (term=1)
2023-11-20 14:17:37,733 [c8e369c4-4c6c-4030-b1f6-34ff4305fcfc@group-7278F4F99F6A-LeaderElection18] INFO  impl.RoleInfo (RoleInfo.java:shutdownLeaderElection(130)) - c8e369c4-4c6c-4030-b1f6-34ff4305fcfc: shutdown c8e369c4-4c6c-4030-b1f6-34ff4305fcfc@group-7278F4F99F6A-LeaderElection18
2023-11-20 14:17:37,733 [c8e369c4-4c6c-4030-b1f6-34ff4305fcfc@group-7278F4F99F6A-LeaderElection18] INFO  server.RaftServer$Division (RaftServerImpl.java:setRole(329)) - c8e369c4-4c6c-4030-b1f6-34ff4305fcfc@group-7278F4F99F6A: changes role from CANDIDATE to LEADER at term 1 for changeToLeader
2023-11-20 14:17:37,733 [c8e369c4-4c6c-4030-b1f6-34ff4305fcfc@group-7278F4F99F6A-LeaderElection18] INFO  ratis.XceiverServerRatis (XceiverServerRatis.java:handleLeaderChangedNotification(905)) - Leader change notification received for group: group-7278F4F99F6A with new leaderId: c8e369c4-4c6c-4030-b1f6-34ff4305fcfc
2023-11-20 14:17:37,733 [c8e369c4-4c6c-4030-b1f6-34ff4305fcfc@group-7278F4F99F6A-LeaderElection18] INFO  server.RaftServer$Division (ServerState.java:setLeader(317)) - c8e369c4-4c6c-4030-b1f6-34ff4305fcfc@group-7278F4F99F6A: change Leader from null to c8e369c4-4c6c-4030-b1f6-34ff4305fcfc at term 1 for becomeLeader, leader elected after 5154ms
2023-11-20 14:17:37,733 [c8e369c4-4c6c-4030-b1f6-34ff4305fcfc@group-7278F4F99F6A-LeaderElection18] INFO  server.RaftServerConfigKeys (ConfUtils.java:logGet(46)) - raft.server.staging.catchup.gap = 1000 (default)
2023-11-20 14:17:37,733 [c8e369c4-4c6c-4030-b1f6-34ff4305fcfc@group-7278F4F99F6A-LeaderElection18] INFO  server.RaftServerConfigKeys (ConfUtils.java:logGet(46)) - raft.server.write.element-limit = 1024 (custom)
2023-11-20 14:17:37,733 [c8e369c4-4c6c-4030-b1f6-34ff4305fcfc@group-7278F4F99F6A-LeaderElection18] INFO  server.RaftServerConfigKeys (ConfUtils.java:logGet(46)) - raft.server.write.byte-limit = 1024 M (=1073741824) (custom)
2023-11-20 14:17:37,734 [c8e369c4-4c6c-4030-b1f6-34ff4305fcfc@group-7278F4F99F6A-LeaderElection18] INFO  server.RaftServerConfigKeys (ConfUtils.java:logGet(46)) - raft.server.watch.timeout = 180s (custom)
2023-11-20 14:17:37,734 [c8e369c4-4c6c-4030-b1f6-34ff4305fcfc@group-7278F4F99F6A-LeaderElection18] INFO  server.RaftServerConfigKeys (ConfUtils.java:logGet(46)) - raft.server.watch.timeout.denomination = 1s (default)
2023-11-20 14:17:37,734 [c8e369c4-4c6c-4030-b1f6-34ff4305fcfc@group-7278F4F99F6A-LeaderElection18] INFO  server.RaftServerConfigKeys (ConfUtils.java:logGet(46)) - raft.server.watch.element-limit = 65536 (default)
2023-11-20 14:17:37,734 [c8e369c4-4c6c-4030-b1f6-34ff4305fcfc@group-7278F4F99F6A-LeaderElection18] INFO  server.RaftServerConfigKeys (ConfUtils.java:logGet(46)) - raft.server.write.element-limit = 1024 (custom)
2023-11-20 14:17:37,734 [c8e369c4-4c6c-4030-b1f6-34ff4305fcfc@group-7278F4F99F6A-LeaderElection18] INFO  server.RaftServerConfigKeys (ConfUtils.java:logGet(46)) - raft.server.write.follower.gap.ratio.max = -1.0 (default)
2023-11-20 14:17:37,734 [c8e369c4-4c6c-4030-b1f6-34ff4305fcfc@group-7278F4F99F6A-LeaderElection18] INFO  impl.RoleInfo (RoleInfo.java:updateAndGet(139)) - c8e369c4-4c6c-4030-b1f6-34ff4305fcfc: start c8e369c4-4c6c-4030-b1f6-34ff4305fcfc@group-7278F4F99F6A-LeaderStateImpl
2023-11-20 14:17:37,734 [c8e369c4-4c6c-4030-b1f6-34ff4305fcfc@group-7278F4F99F6A-LeaderElection18] INFO  segmented.SegmentedRaftLogWorker (SegmentedRaftLogWorker.java:startLogSegment(447)) - c8e369c4-4c6c-4030-b1f6-34ff4305fcfc@group-7278F4F99F6A-SegmentedRaftLogWorker: Starting segment from index:0
2023-11-20 14:17:37,735 [c8e369c4-4c6c-4030-b1f6-34ff4305fcfc@group-7278F4F99F6A-LeaderElection18] INFO  server.RaftServer$Division (ServerState.java:setRaftConf(434)) - c8e369c4-4c6c-4030-b1f6-34ff4305fcfc@group-7278F4F99F6A: set configuration 0: peers:[c8e369c4-4c6c-4030-b1f6-34ff4305fcfc|rpc:10.1.0.10:15085|admin:10.1.0.10:15084|client:10.1.0.10:15083|dataStream:10.1.0.10:15086|priority:1|startupRole:FOLLOWER]|listeners:[], old=null
2023-11-20 14:17:37,735 [c8e369c4-4c6c-4030-b1f6-34ff4305fcfc@group-7278F4F99F6A-SegmentedRaftLogWorker] INFO  segmented.SegmentedRaftLogWorker (SegmentedRaftLogWorker.java:execute(651)) - c8e369c4-4c6c-4030-b1f6-34ff4305fcfc@group-7278F4F99F6A-SegmentedRaftLogWorker: created new log segment /home/runner/work/ozone/ozone/hadoop-ozone/integration-test/target/test-dir/MiniOzoneClusterImpl-c3dbe4e6-ad2a-443e-bb3b-bc3016376942/datanode-2/data/ratis/315a484e-15a6-4a88-a4f2-7278f4f99f6a/current/log_inprogress_0
2023-11-20 14:17:37,762 [main] INFO  ozone.MiniOzoneClusterImpl (MiniOzoneClusterImpl.java:lambda$waitForClusterToBeReady$0(229)) - Nodes are ready. Got 5 of 5 DN Heartbeats.
2023-11-20 14:17:37,762 [main] INFO  ozone.MiniOzoneClusterImpl (MiniOzoneClusterImpl.java:lambda$waitForClusterToBeReady$0(232)) - Cluster exits safe mode
2023-11-20 14:17:37,762 [main] INFO  ozone.MiniOzoneClusterImpl (MiniOzoneClusterImpl.java:lambda$waitForClusterToBeReady$0(234)) - SCM became leader
2023-11-20 14:17:37,777 [main] INFO  rpc.RpcClient (RpcClient.java:createVolume(464)) - Creating Volume: volume48931, with user37988 as owner and space quota set to -1 bytes, counts quota set to -1
2023-11-20 14:17:37,778 [IPC Server handler 1 on default port 15057] INFO  volume.OMVolumeCreateRequest (OMVolumeCreateRequest.java:validateAndUpdateCache(204)) - created volume:volume48931 for user:user37988
2023-11-20 14:17:37,780 [main] INFO  rpc.RpcClient (RpcClient.java:createBucket(691)) - Creating Bucket: volume48931/bucket54568, with bucket layout FILE_SYSTEM_OPTIMIZED, runner as owner, Versioning false, Storage Type set to DISK and Encryption set to false, Replication Type set to server-side default replication type, Namespace Quota set to -1, Space Quota set to -1 
2023-11-20 14:17:37,784 [IPC Server handler 3 on default port 15057] INFO  bucket.OMBucketCreateRequest (OMBucketCreateRequest.java:validateAndUpdateCache(279)) - created bucket: bucket54568 of layout FILE_SYSTEM_OPTIMIZED in volume: volume48931
2023-11-20 14:17:37,787 [a4a2c43d-89de-4e22-8bcd-4dcd11c36e95@group-3E4066FFB9C6-FollowerState] INFO  impl.FollowerState (FollowerState.java:run(143)) - a4a2c43d-89de-4e22-8bcd-4dcd11c36e95@group-3E4066FFB9C6-FollowerState: change to CANDIDATE, lastRpcElapsedTime:5110394742ns, electionTimeout:5110ms
2023-11-20 14:17:37,787 [a4a2c43d-89de-4e22-8bcd-4dcd11c36e95@group-3E4066FFB9C6-FollowerState] INFO  impl.RoleInfo (RoleInfo.java:shutdownFollowerState(110)) - a4a2c43d-89de-4e22-8bcd-4dcd11c36e95: shutdown a4a2c43d-89de-4e22-8bcd-4dcd11c36e95@group-3E4066FFB9C6-FollowerState
2023-11-20 14:17:37,787 [a4a2c43d-89de-4e22-8bcd-4dcd11c36e95@group-3E4066FFB9C6-FollowerState] INFO  server.RaftServer$Division (RaftServerImpl.java:setRole(329)) - a4a2c43d-89de-4e22-8bcd-4dcd11c36e95@group-3E4066FFB9C6: changes role from  FOLLOWER to CANDIDATE at term 0 for changeToCandidate
2023-11-20 14:17:37,787 [a4a2c43d-89de-4e22-8bcd-4dcd11c36e95@group-3E4066FFB9C6-FollowerState] INFO  server.RaftServerConfigKeys (ConfUtils.java:logGet(46)) - raft.server.leaderelection.pre-vote = true (default)
2023-11-20 14:17:37,787 [a4a2c43d-89de-4e22-8bcd-4dcd11c36e95@group-3E4066FFB9C6-FollowerState] INFO  impl.RoleInfo (RoleInfo.java:updateAndGet(139)) - a4a2c43d-89de-4e22-8bcd-4dcd11c36e95: start a4a2c43d-89de-4e22-8bcd-4dcd11c36e95@group-3E4066FFB9C6-LeaderElection19
2023-11-20 14:17:37,794 [a4a2c43d-89de-4e22-8bcd-4dcd11c36e95@group-3E4066FFB9C6-LeaderElection19] INFO  impl.LeaderElection (LeaderElection.java:askForVotes(321)) - a4a2c43d-89de-4e22-8bcd-4dcd11c36e95@group-3E4066FFB9C6-LeaderElection19 PRE_VOTE round 0: submit vote requests at term 0 for -1: peers:[a4a2c43d-89de-4e22-8bcd-4dcd11c36e95|rpc:10.1.0.10:15094|admin:10.1.0.10:15093|client:10.1.0.10:15092|dataStream:10.1.0.10:15095|priority:1|startupRole:FOLLOWER]|listeners:[], old=null
2023-11-20 14:17:37,794 [a4a2c43d-89de-4e22-8bcd-4dcd11c36e95@group-3E4066FFB9C6-LeaderElection19] INFO  impl.LeaderElection (LeaderElection.java:askForVotes(323)) - a4a2c43d-89de-4e22-8bcd-4dcd11c36e95@group-3E4066FFB9C6-LeaderElection19 PRE_VOTE round 0: result PASSED (term=0)
2023-11-20 14:17:37,795 [a4a2c43d-89de-4e22-8bcd-4dcd11c36e95@group-3E4066FFB9C6-LeaderElection19] INFO  impl.LeaderElection (LeaderElection.java:askForVotes(321)) - a4a2c43d-89de-4e22-8bcd-4dcd11c36e95@group-3E4066FFB9C6-LeaderElection19 ELECTION round 0: submit vote requests at term 1 for -1: peers:[a4a2c43d-89de-4e22-8bcd-4dcd11c36e95|rpc:10.1.0.10:15094|admin:10.1.0.10:15093|client:10.1.0.10:15092|dataStream:10.1.0.10:15095|priority:1|startupRole:FOLLOWER]|listeners:[], old=null
2023-11-20 14:17:37,795 [a4a2c43d-89de-4e22-8bcd-4dcd11c36e95@group-3E4066FFB9C6-LeaderElection19] INFO  impl.LeaderElection (LeaderElection.java:askForVotes(323)) - a4a2c43d-89de-4e22-8bcd-4dcd11c36e95@group-3E4066FFB9C6-LeaderElection19 ELECTION round 0: result PASSED (term=1)
2023-11-20 14:17:37,795 [a4a2c43d-89de-4e22-8bcd-4dcd11c36e95@group-3E4066FFB9C6-LeaderElection19] INFO  impl.RoleInfo (RoleInfo.java:shutdownLeaderElection(130)) - a4a2c43d-89de-4e22-8bcd-4dcd11c36e95: shutdown a4a2c43d-89de-4e22-8bcd-4dcd11c36e95@group-3E4066FFB9C6-LeaderElection19
2023-11-20 14:17:37,796 [a4a2c43d-89de-4e22-8bcd-4dcd11c36e95@group-3E4066FFB9C6-LeaderElection19] INFO  server.RaftServer$Division (RaftServerImpl.java:setRole(329)) - a4a2c43d-89de-4e22-8bcd-4dcd11c36e95@group-3E4066FFB9C6: changes role from CANDIDATE to LEADER at term 1 for changeToLeader
2023-11-20 14:17:37,796 [a4a2c43d-89de-4e22-8bcd-4dcd11c36e95@group-3E4066FFB9C6-LeaderElection19] INFO  ratis.XceiverServerRatis (XceiverServerRatis.java:handleLeaderChangedNotification(905)) - Leader change notification received for group: group-3E4066FFB9C6 with new leaderId: a4a2c43d-89de-4e22-8bcd-4dcd11c36e95
2023-11-20 14:17:37,796 [a4a2c43d-89de-4e22-8bcd-4dcd11c36e95@group-3E4066FFB9C6-LeaderElection19] INFO  server.RaftServer$Division (ServerState.java:setLeader(317)) - a4a2c43d-89de-4e22-8bcd-4dcd11c36e95@group-3E4066FFB9C6: change Leader from null to a4a2c43d-89de-4e22-8bcd-4dcd11c36e95 at term 1 for becomeLeader, leader elected after 5128ms
2023-11-20 14:17:37,796 [a4a2c43d-89de-4e22-8bcd-4dcd11c36e95@group-3E4066FFB9C6-LeaderElection19] INFO  server.RaftServerConfigKeys (ConfUtils.java:logGet(46)) - raft.server.staging.catchup.gap = 1000 (default)
2023-11-20 14:17:37,796 [a4a2c43d-89de-4e22-8bcd-4dcd11c36e95@group-3E4066FFB9C6-LeaderElection19] INFO  server.RaftServerConfigKeys (ConfUtils.java:logGet(46)) - raft.server.write.element-limit = 1024 (custom)
2023-11-20 14:17:37,796 [a4a2c43d-89de-4e22-8bcd-4dcd11c36e95@group-3E4066FFB9C6-LeaderElection19] INFO  server.RaftServerConfigKeys (ConfUtils.java:logGet(46)) - raft.server.write.byte-limit = 1024 M (=1073741824) (custom)
2023-11-20 14:17:37,797 [a4a2c43d-89de-4e22-8bcd-4dcd11c36e95@group-3E4066FFB9C6-LeaderElection19] INFO  server.RaftServerConfigKeys (ConfUtils.java:logGet(46)) - raft.server.watch.timeout = 180s (custom)
2023-11-20 14:17:37,797 [a4a2c43d-89de-4e22-8bcd-4dcd11c36e95@group-3E4066FFB9C6-LeaderElection19] INFO  server.RaftServerConfigKeys (ConfUtils.java:logGet(46)) - raft.server.watch.timeout.denomination = 1s (default)
2023-11-20 14:17:37,797 [a4a2c43d-89de-4e22-8bcd-4dcd11c36e95@group-3E4066FFB9C6-LeaderElection19] INFO  server.RaftServerConfigKeys (ConfUtils.java:logGet(46)) - raft.server.watch.element-limit = 65536 (default)
2023-11-20 14:17:37,797 [a4a2c43d-89de-4e22-8bcd-4dcd11c36e95@group-3E4066FFB9C6-LeaderElection19] INFO  server.RaftServerConfigKeys (ConfUtils.java:logGet(46)) - raft.server.write.element-limit = 1024 (custom)
2023-11-20 14:17:37,797 [a4a2c43d-89de-4e22-8bcd-4dcd11c36e95@group-3E4066FFB9C6-LeaderElection19] INFO  server.RaftServerConfigKeys (ConfUtils.java:logGet(46)) - raft.server.write.follower.gap.ratio.max = -1.0 (default)
2023-11-20 14:17:37,797 [a4a2c43d-89de-4e22-8bcd-4dcd11c36e95@group-3E4066FFB9C6-LeaderElection19] INFO  impl.RoleInfo (RoleInfo.java:updateAndGet(139)) - a4a2c43d-89de-4e22-8bcd-4dcd11c36e95: start a4a2c43d-89de-4e22-8bcd-4dcd11c36e95@group-3E4066FFB9C6-LeaderStateImpl
2023-11-20 14:17:37,797 [a4a2c43d-89de-4e22-8bcd-4dcd11c36e95@group-3E4066FFB9C6-LeaderElection19] INFO  segmented.SegmentedRaftLogWorker (SegmentedRaftLogWorker.java:startLogSegment(447)) - a4a2c43d-89de-4e22-8bcd-4dcd11c36e95@group-3E4066FFB9C6-SegmentedRaftLogWorker: Starting segment from index:0
2023-11-20 14:17:37,798 [a4a2c43d-89de-4e22-8bcd-4dcd11c36e95@group-3E4066FFB9C6-SegmentedRaftLogWorker] INFO  segmented.SegmentedRaftLogWorker (SegmentedRaftLogWorker.java:execute(651)) - a4a2c43d-89de-4e22-8bcd-4dcd11c36e95@group-3E4066FFB9C6-SegmentedRaftLogWorker: created new log segment /home/runner/work/ozone/ozone/hadoop-ozone/integration-test/target/test-dir/MiniOzoneClusterImpl-c3dbe4e6-ad2a-443e-bb3b-bc3016376942/datanode-3/data/ratis/65f5229b-54c2-43af-8d7a-3e4066ffb9c6/current/log_inprogress_0
2023-11-20 14:17:37,800 [a4a2c43d-89de-4e22-8bcd-4dcd11c36e95@group-3E4066FFB9C6-LeaderElection19] INFO  server.RaftServer$Division (ServerState.java:setRaftConf(434)) - a4a2c43d-89de-4e22-8bcd-4dcd11c36e95@group-3E4066FFB9C6: set configuration 0: peers:[a4a2c43d-89de-4e22-8bcd-4dcd11c36e95|rpc:10.1.0.10:15094|admin:10.1.0.10:15093|client:10.1.0.10:15092|dataStream:10.1.0.10:15095|priority:1|startupRole:FOLLOWER]|listeners:[], old=null
2023-11-20 14:17:37,804 [Time-limited test] INFO  ozone.TestOzoneFileSystemWithFSO (TestOzoneFileSystemWithFSO.java:testRenameDirToItsOwnSubDir(294)) - Created dir1 o3fs://bucket54568.volume48931/root/dir1/sub_dir1
2023-11-20 14:17:37,804 [Time-limited test] INFO  ozone.TestOzoneFileSystemWithFSO (TestOzoneFileSystemWithFSO.java:testRenameDirToItsOwnSubDir(297)) - Rename op-> source:o3fs://bucket54568.volume48931/root to destin:o3fs://bucket54568.volume48931/root/dir1/sub_dir1
14:17:37.806 [IPC Server handler 9 on default port 15057] ERROR OMAudit - user=runner | ip=127.0.0.1 | op=RENAME_KEY {volume=volume48931, bucket=bucket54568, dataSize=0, replicationType=NONE, replicationFactor=ZERO, srcKey=root, dstKey=root/dir1/sub_dir1} | ret=FAILURE
org.apache.hadoop.ozone.om.exceptions.OMException: Cannot rename a directory to its own subdirectory
	at org.apache.hadoop.ozone.om.request.file.OMFileRequest.verifyToDirIsASubDirOfFromDirectory(OMFileRequest.java:809) ~[ozone-manager-1.4.0-SNAPSHOT.jar:?]
	at org.apache.hadoop.ozone.om.request.key.OMKeyRenameRequestWithFSO.validateAndUpdateCache(OMKeyRenameRequestWithFSO.java:161) ~[ozone-manager-1.4.0-SNAPSHOT.jar:?]
	at org.apache.hadoop.ozone.protocolPB.OzoneManagerRequestHandler.lambda$0(OzoneManagerRequestHandler.java:395) ~[ozone-manager-1.4.0-SNAPSHOT.jar:?]
	at org.apache.hadoop.util.MetricUtil.captureLatencyNs(MetricUtil.java:39) ~[hdds-common-1.4.0-SNAPSHOT.jar:?]
	at org.apache.hadoop.ozone.protocolPB.OzoneManagerRequestHandler.handleWriteRequest(OzoneManagerRequestHandler.java:393) ~[ozone-manager-1.4.0-SNAPSHOT.jar:?]
	at org.apache.hadoop.ozone.protocolPB.OzoneManagerProtocolServerSideTranslatorPB.submitRequestDirectlyToOM(OzoneManagerProtocolServerSideTranslatorPB.java:325) ~[ozone-manager-1.4.0-SNAPSHOT.jar:?]
	at org.apache.hadoop.ozone.protocolPB.OzoneManagerProtocolServerSideTranslatorPB.internalProcessRequest(OzoneManagerProtocolServerSideTranslatorPB.java:207) ~[ozone-manager-1.4.0-SNAPSHOT.jar:?]
	at org.apache.hadoop.ozone.protocolPB.OzoneManagerProtocolServerSideTranslatorPB.processRequest(OzoneManagerProtocolServerSideTranslatorPB.java:171) ~[ozone-manager-1.4.0-SNAPSHOT.jar:?]
	at org.apache.hadoop.hdds.server.OzoneProtocolMessageDispatcher.processRequest(OzoneProtocolMessageDispatcher.java:89) [hdds-server-framework-1.4.0-SNAPSHOT.jar:?]
	at org.apache.hadoop.ozone.protocolPB.OzoneManagerProtocolServerSideTranslatorPB.submitRequest(OzoneManagerProtocolServerSideTranslatorPB.java:162) [ozone-manager-1.4.0-SNAPSHOT.jar:?]
	at org.apache.hadoop.ozone.protocol.proto.OzoneManagerProtocolProtos$OzoneManagerService$2.callBlockingMethod(OzoneManagerProtocolProtos.java) [ozone-interface-client-1.4.0-SNAPSHOT.jar:?]
	at org.apache.hadoop.ipc.ProtobufRpcEngine$Server.processCall(ProtobufRpcEngine.java:484) [hadoop-common-3.3.6.jar:?]
	at org.apache.hadoop.ipc.ProtobufRpcEngine2$Server$ProtoBufRpcInvoker.call(ProtobufRpcEngine2.java:595) [hadoop-common-3.3.6.jar:?]
	at org.apache.hadoop.ipc.ProtobufRpcEngine2$Server$ProtoBufRpcInvoker.call(ProtobufRpcEngine2.java:573) [hadoop-common-3.3.6.jar:?]
	at org.apache.hadoop.ipc.RPC$Server.call(RPC.java:1227) [hadoop-common-3.3.6.jar:?]
	at org.apache.hadoop.ipc.Server$RpcCall.run(Server.java:1094) [hadoop-common-3.3.6.jar:?]
	at org.apache.hadoop.ipc.Server$RpcCall.run(Server.java:1017) [hadoop-common-3.3.6.jar:?]
	at java.security.AccessController.doPrivileged(Native Method) ~[?:1.8.0_392]
	at javax.security.auth.Subject.doAs(Subject.java:422) [?:1.8.0_392]
	at org.apache.hadoop.security.UserGroupInformation.doAs(UserGroupInformation.java:1899) [hadoop-common-3.3.6.jar:?]
	at org.apache.hadoop.ipc.Server$Handler.run(Server.java:3048) [hadoop-common-3.3.6.jar:?]
2023-11-20 14:17:37,807 [IPC Server handler 9 on default port 15057] ERROR key.OMKeyRenameRequestWithFSO (OMKeyRenameRequestWithFSO.java:validateAndUpdateCache(255)) - Rename key failed for volume:volume48931 bucket:bucket54568 fromKey:root toKey:root/dir1/sub_dir1. Exception: Cannot rename a directory to its own subdirectory.
2023-11-20 14:17:37,807 [Time-limited test] ERROR ozone.BasicOzoneFileSystem (BasicOzoneFileSystem.java:renameFSO(496)) - rename key failed: Cannot rename a directory to its own subdirectory. Error code: KEY_RENAME_ERROR source:root, destin:root/dir1/sub_dir1
]]></system-out>
  </testcase>
  <testcase name="testLeaseRecoverable" classname="TestOzoneFileSystemWithFSO" time="0.461">
    <system-out><![CDATA[2023-11-20 14:17:10,039 [IPC Server handler 0 on default port 15001] INFO  ha.SequenceIdGenerator (SequenceIdGenerator.java:getNextId(145)) - Allocate a batch for containerId, change lastId from 0 to 1000.
2023-11-20 14:17:10,045 [IPC Server handler 0 on default port 15001] WARN  ha.SequenceIdGenerator (SequenceIdGenerator.java:allocateBatch(258)) - Failed to allocate a batch for localId, expected lastId is 0, actual lastId is 111677748019200000.
2023-11-20 14:17:10,046 [IPC Server handler 0 on default port 15001] INFO  ha.SequenceIdGenerator (SequenceIdGenerator.java:getNextId(145)) - Allocate a batch for localId, change lastId from 111677748019200000 to 111677748019201000.
14:17:10.080 [IPC Server handler 14 on default port 15004] ERROR OMAudit - user=runner | ip=127.0.0.1 | op=GET_FILE_STATUS {volume=volume73660, bucket=bucket24382, key=d1/d2/file1, dataSize=0, replicationConfig=null} | ret=FAILURE
org.apache.hadoop.ozone.om.exceptions.OMException: Unable to get file status: volume: volume73660 bucket: bucket24382 key: d1/d2/file1
	at org.apache.hadoop.ozone.om.KeyManagerImpl.getOzoneFileStatusFSO(KeyManagerImpl.java:1356) ~[ozone-manager-1.4.0-SNAPSHOT.jar:?]
	at org.apache.hadoop.ozone.om.KeyManagerImpl.getFileStatus(KeyManagerImpl.java:1140) ~[ozone-manager-1.4.0-SNAPSHOT.jar:?]
	at org.apache.hadoop.ozone.om.OmMetadataReader.getFileStatus(OmMetadataReader.java:279) ~[ozone-manager-1.4.0-SNAPSHOT.jar:?]
	at org.apache.hadoop.ozone.om.OzoneManager.getFileStatus(OzoneManager.java:3629) ~[ozone-manager-1.4.0-SNAPSHOT.jar:?]
	at org.apache.hadoop.ozone.protocolPB.OzoneManagerRequestHandler.getOzoneFileStatus(OzoneManagerRequestHandler.java:1010) ~[ozone-manager-1.4.0-SNAPSHOT.jar:?]
	at org.apache.hadoop.ozone.protocolPB.OzoneManagerRequestHandler.handleReadRequest(OzoneManagerRequestHandler.java:262) ~[ozone-manager-1.4.0-SNAPSHOT.jar:?]
	at org.apache.hadoop.ozone.protocolPB.OzoneManagerProtocolServerSideTranslatorPB.submitReadRequestToOM(OzoneManagerProtocolServerSideTranslatorPB.java:265) ~[ozone-manager-1.4.0-SNAPSHOT.jar:?]
	at org.apache.hadoop.ozone.protocolPB.OzoneManagerProtocolServerSideTranslatorPB.internalProcessRequest(OzoneManagerProtocolServerSideTranslatorPB.java:211) ~[ozone-manager-1.4.0-SNAPSHOT.jar:?]
	at org.apache.hadoop.ozone.protocolPB.OzoneManagerProtocolServerSideTranslatorPB.processRequest(OzoneManagerProtocolServerSideTranslatorPB.java:171) ~[ozone-manager-1.4.0-SNAPSHOT.jar:?]
	at org.apache.hadoop.hdds.server.OzoneProtocolMessageDispatcher.processRequest(OzoneProtocolMessageDispatcher.java:89) [hdds-server-framework-1.4.0-SNAPSHOT.jar:?]
	at org.apache.hadoop.ozone.protocolPB.OzoneManagerProtocolServerSideTranslatorPB.submitRequest(OzoneManagerProtocolServerSideTranslatorPB.java:162) [ozone-manager-1.4.0-SNAPSHOT.jar:?]
	at org.apache.hadoop.ozone.protocol.proto.OzoneManagerProtocolProtos$OzoneManagerService$2.callBlockingMethod(OzoneManagerProtocolProtos.java) [ozone-interface-client-1.4.0-SNAPSHOT.jar:?]
	at org.apache.hadoop.ipc.ProtobufRpcEngine$Server.processCall(ProtobufRpcEngine.java:484) [hadoop-common-3.3.6.jar:?]
	at org.apache.hadoop.ipc.ProtobufRpcEngine2$Server$ProtoBufRpcInvoker.call(ProtobufRpcEngine2.java:595) [hadoop-common-3.3.6.jar:?]
	at org.apache.hadoop.ipc.ProtobufRpcEngine2$Server$ProtoBufRpcInvoker.call(ProtobufRpcEngine2.java:573) [hadoop-common-3.3.6.jar:?]
	at org.apache.hadoop.ipc.RPC$Server.call(RPC.java:1227) [hadoop-common-3.3.6.jar:?]
	at org.apache.hadoop.ipc.Server$RpcCall.run(Server.java:1094) [hadoop-common-3.3.6.jar:?]
	at org.apache.hadoop.ipc.Server$RpcCall.run(Server.java:1017) [hadoop-common-3.3.6.jar:?]
	at java.security.AccessController.doPrivileged(Native Method) ~[?:1.8.0_392]
	at javax.security.auth.Subject.doAs(Subject.java:422) [?:1.8.0_392]
	at org.apache.hadoop.security.UserGroupInformation.doAs(UserGroupInformation.java:1899) [hadoop-common-3.3.6.jar:?]
	at org.apache.hadoop.ipc.Server$Handler.run(Server.java:3048) [hadoop-common-3.3.6.jar:?]
2023-11-20 14:17:10,097 [Time-limited test] INFO  impl.MetricsSystemImpl (MetricsSystemImpl.java:init(158)) - XceiverClientMetrics metrics system started (again)
2023-11-20 14:17:10,098 [Time-limited test] INFO  lib.Interns (Interns.java:removeEldestEntry(50)) - Metrics intern cache overflow at 2011 for MetricsSystem={MetricsSystem=MetricsInfoImpl{name=MetricsSystem, description=MetricsSystem}, MetricsSystem record=MetricsInfoImpl{name=MetricsSystem, description=MetricsSystem record}}
14:17:10.468 [om1-OMStateMachineApplyTransactionThread - 0] ERROR OMAudit - user=runner | ip=127.0.0.1 | op=COMMIT_KEY {volume=volume73660, bucket=bucket24382, key=d1/d2/file1, dataSize=1, replicationType=RATIS, replicationFactor=THREE} | ret=FAILURE
org.apache.hadoop.ozone.om.exceptions.OMException: Failed to commit key, as /-9223372036854775552/-9223372036854775040/-9223372036854772990/file1/111443301502615553entry is not found in the OpenKey table
	at org.apache.hadoop.ozone.om.request.key.OMKeyCommitRequestWithFSO.validateAndUpdateCache(OMKeyCommitRequestWithFSO.java:163) ~[ozone-manager-1.4.0-SNAPSHOT.jar:?]
	at org.apache.hadoop.ozone.protocolPB.OzoneManagerRequestHandler.lambda$0(OzoneManagerRequestHandler.java:395) ~[ozone-manager-1.4.0-SNAPSHOT.jar:?]
	at org.apache.hadoop.util.MetricUtil.captureLatencyNs(MetricUtil.java:39) ~[hdds-common-1.4.0-SNAPSHOT.jar:?]
	at org.apache.hadoop.ozone.protocolPB.OzoneManagerRequestHandler.handleWriteRequest(OzoneManagerRequestHandler.java:393) ~[ozone-manager-1.4.0-SNAPSHOT.jar:?]
	at org.apache.hadoop.ozone.om.ratis.OzoneManagerStateMachine.runCommand(OzoneManagerStateMachine.java:581) ~[ozone-manager-1.4.0-SNAPSHOT.jar:?]
	at org.apache.hadoop.ozone.om.ratis.OzoneManagerStateMachine.lambda$1(OzoneManagerStateMachine.java:370) ~[ozone-manager-1.4.0-SNAPSHOT.jar:?]
	at java.util.concurrent.CompletableFuture$AsyncSupply.run(CompletableFuture.java:1604) [?:1.8.0_392]
	at java.util.concurrent.ThreadPoolExecutor.runWorker(ThreadPoolExecutor.java:1149) [?:1.8.0_392]
	at java.util.concurrent.ThreadPoolExecutor$Worker.run(ThreadPoolExecutor.java:624) [?:1.8.0_392]
	at java.lang.Thread.run(Thread.java:750) [?:1.8.0_392]
2023-11-20 14:17:10,469 [om1-OMStateMachineApplyTransactionThread - 0] ERROR key.OMKeyCommitRequest (OMKeyCommitRequest.java:processResult(422)) - Key committed failed. Volume:volume73660, Bucket:bucket24382, Key:d1/d2/file1. Exception:{}
KEY_NOT_FOUND org.apache.hadoop.ozone.om.exceptions.OMException: Failed to commit key, as /-9223372036854775552/-9223372036854775040/-9223372036854772990/file1/111443301502615553entry is not found in the OpenKey table
	at org.apache.hadoop.ozone.om.request.key.OMKeyCommitRequestWithFSO.validateAndUpdateCache(OMKeyCommitRequestWithFSO.java:163)
	at org.apache.hadoop.ozone.protocolPB.OzoneManagerRequestHandler.lambda$0(OzoneManagerRequestHandler.java:395)
	at org.apache.hadoop.util.MetricUtil.captureLatencyNs(MetricUtil.java:39)
	at org.apache.hadoop.ozone.protocolPB.OzoneManagerRequestHandler.handleWriteRequest(OzoneManagerRequestHandler.java:393)
	at org.apache.hadoop.ozone.om.ratis.OzoneManagerStateMachine.runCommand(OzoneManagerStateMachine.java:581)
	at org.apache.hadoop.ozone.om.ratis.OzoneManagerStateMachine.lambda$1(OzoneManagerStateMachine.java:370)
	at java.util.concurrent.CompletableFuture$AsyncSupply.run(CompletableFuture.java:1604)
	at java.util.concurrent.ThreadPoolExecutor.runWorker(ThreadPoolExecutor.java:1149)
	at java.util.concurrent.ThreadPoolExecutor$Worker.run(ThreadPoolExecutor.java:624)
	at java.lang.Thread.run(Thread.java:750)
]]></system-out>
  </testcase>
  <testcase name="testLeaseRecoverable" classname="TestOzoneFileSystemWithFSO" time="0.104">
    <system-out><![CDATA[2023-11-20 14:17:37,826 [IPC Server handler 2 on default port 15054] INFO  ha.SequenceIdGenerator (SequenceIdGenerator.java:getNextId(145)) - Allocate a batch for containerId, change lastId from 0 to 1000.
2023-11-20 14:17:37,826 [IPC Server handler 2 on default port 15054] WARN  ha.SequenceIdGenerator (SequenceIdGenerator.java:allocateBatch(258)) - Failed to allocate a batch for localId, expected lastId is 0, actual lastId is 111677748019200000.
2023-11-20 14:17:37,827 [IPC Server handler 2 on default port 15054] INFO  ha.SequenceIdGenerator (SequenceIdGenerator.java:getNextId(145)) - Allocate a batch for localId, change lastId from 111677748019200000 to 111677748019201000.
2023-11-20 14:17:37,832 [5f312036-1abf-429a-aae6-fa5b52f7bc5c@group-E18CA34AD574-FollowerState] INFO  impl.FollowerState (FollowerState.java:run(143)) - 5f312036-1abf-429a-aae6-fa5b52f7bc5c@group-E18CA34AD574-FollowerState: change to CANDIDATE, lastRpcElapsedTime:5055371622ns, electionTimeout:5055ms
2023-11-20 14:17:37,832 [5f312036-1abf-429a-aae6-fa5b52f7bc5c@group-E18CA34AD574-FollowerState] INFO  impl.RoleInfo (RoleInfo.java:shutdownFollowerState(110)) - 5f312036-1abf-429a-aae6-fa5b52f7bc5c: shutdown 5f312036-1abf-429a-aae6-fa5b52f7bc5c@group-E18CA34AD574-FollowerState
2023-11-20 14:17:37,832 [5f312036-1abf-429a-aae6-fa5b52f7bc5c@group-E18CA34AD574-FollowerState] INFO  server.RaftServer$Division (RaftServerImpl.java:setRole(329)) - 5f312036-1abf-429a-aae6-fa5b52f7bc5c@group-E18CA34AD574: changes role from  FOLLOWER to CANDIDATE at term 0 for changeToCandidate
2023-11-20 14:17:37,835 [5f312036-1abf-429a-aae6-fa5b52f7bc5c@group-E18CA34AD574-FollowerState] INFO  server.RaftServerConfigKeys (ConfUtils.java:logGet(46)) - raft.server.leaderelection.pre-vote = true (default)
2023-11-20 14:17:37,835 [5f312036-1abf-429a-aae6-fa5b52f7bc5c@group-E18CA34AD574-FollowerState] INFO  impl.RoleInfo (RoleInfo.java:updateAndGet(139)) - 5f312036-1abf-429a-aae6-fa5b52f7bc5c: start 5f312036-1abf-429a-aae6-fa5b52f7bc5c@group-E18CA34AD574-LeaderElection20
14:17:37.836 [IPC Server handler 14 on default port 15057] ERROR OMAudit - user=runner | ip=127.0.0.1 | op=GET_FILE_STATUS {volume=volume48931, bucket=bucket54568, key=d1/d2/file1, dataSize=0, replicationConfig=null} | ret=FAILURE
org.apache.hadoop.ozone.om.exceptions.OMException: Unable to get file status: volume: volume48931 bucket: bucket54568 key: d1/d2/file1
	at org.apache.hadoop.ozone.om.KeyManagerImpl.getOzoneFileStatusFSO(KeyManagerImpl.java:1356) ~[ozone-manager-1.4.0-SNAPSHOT.jar:?]
	at org.apache.hadoop.ozone.om.KeyManagerImpl.getFileStatus(KeyManagerImpl.java:1140) ~[ozone-manager-1.4.0-SNAPSHOT.jar:?]
	at org.apache.hadoop.ozone.om.OmMetadataReader.getFileStatus(OmMetadataReader.java:279) ~[ozone-manager-1.4.0-SNAPSHOT.jar:?]
	at org.apache.hadoop.ozone.om.OzoneManager.getFileStatus(OzoneManager.java:3629) ~[ozone-manager-1.4.0-SNAPSHOT.jar:?]
	at org.apache.hadoop.ozone.protocolPB.OzoneManagerRequestHandler.getOzoneFileStatus(OzoneManagerRequestHandler.java:1010) ~[ozone-manager-1.4.0-SNAPSHOT.jar:?]
	at org.apache.hadoop.ozone.protocolPB.OzoneManagerRequestHandler.handleReadRequest(OzoneManagerRequestHandler.java:262) ~[ozone-manager-1.4.0-SNAPSHOT.jar:?]
	at org.apache.hadoop.ozone.protocolPB.OzoneManagerProtocolServerSideTranslatorPB.submitRequestDirectlyToOM(OzoneManagerProtocolServerSideTranslatorPB.java:319) ~[ozone-manager-1.4.0-SNAPSHOT.jar:?]
	at org.apache.hadoop.ozone.protocolPB.OzoneManagerProtocolServerSideTranslatorPB.internalProcessRequest(OzoneManagerProtocolServerSideTranslatorPB.java:207) ~[ozone-manager-1.4.0-SNAPSHOT.jar:?]
	at org.apache.hadoop.ozone.protocolPB.OzoneManagerProtocolServerSideTranslatorPB.processRequest(OzoneManagerProtocolServerSideTranslatorPB.java:171) ~[ozone-manager-1.4.0-SNAPSHOT.jar:?]
	at org.apache.hadoop.hdds.server.OzoneProtocolMessageDispatcher.processRequest(OzoneProtocolMessageDispatcher.java:89) [hdds-server-framework-1.4.0-SNAPSHOT.jar:?]
	at org.apache.hadoop.ozone.protocolPB.OzoneManagerProtocolServerSideTranslatorPB.submitRequest(OzoneManagerProtocolServerSideTranslatorPB.java:162) [ozone-manager-1.4.0-SNAPSHOT.jar:?]
	at org.apache.hadoop.ozone.protocol.proto.OzoneManagerProtocolProtos$OzoneManagerService$2.callBlockingMethod(OzoneManagerProtocolProtos.java) [ozone-interface-client-1.4.0-SNAPSHOT.jar:?]
	at org.apache.hadoop.ipc.ProtobufRpcEngine$Server.processCall(ProtobufRpcEngine.java:484) [hadoop-common-3.3.6.jar:?]
	at org.apache.hadoop.ipc.ProtobufRpcEngine2$Server$ProtoBufRpcInvoker.call(ProtobufRpcEngine2.java:595) [hadoop-common-3.3.6.jar:?]
	at org.apache.hadoop.ipc.ProtobufRpcEngine2$Server$ProtoBufRpcInvoker.call(ProtobufRpcEngine2.java:573) [hadoop-common-3.3.6.jar:?]
	at org.apache.hadoop.ipc.RPC$Server.call(RPC.java:1227) [hadoop-common-3.3.6.jar:?]
	at org.apache.hadoop.ipc.Server$RpcCall.run(Server.java:1094) [hadoop-common-3.3.6.jar:?]
	at org.apache.hadoop.ipc.Server$RpcCall.run(Server.java:1017) [hadoop-common-3.3.6.jar:?]
	at java.security.AccessController.doPrivileged(Native Method) ~[?:1.8.0_392]
	at javax.security.auth.Subject.doAs(Subject.java:422) [?:1.8.0_392]
	at org.apache.hadoop.security.UserGroupInformation.doAs(UserGroupInformation.java:1899) [hadoop-common-3.3.6.jar:?]
	at org.apache.hadoop.ipc.Server$Handler.run(Server.java:3048) [hadoop-common-3.3.6.jar:?]
2023-11-20 14:17:37,838 [5f312036-1abf-429a-aae6-fa5b52f7bc5c@group-E18CA34AD574-LeaderElection20] INFO  impl.LeaderElection (LeaderElection.java:askForVotes(321)) - 5f312036-1abf-429a-aae6-fa5b52f7bc5c@group-E18CA34AD574-LeaderElection20 PRE_VOTE round 0: submit vote requests at term 0 for -1: peers:[5f312036-1abf-429a-aae6-fa5b52f7bc5c|rpc:10.1.0.10:15103|admin:10.1.0.10:15102|client:10.1.0.10:15101|dataStream:10.1.0.10:15104|priority:1|startupRole:FOLLOWER]|listeners:[], old=null
2023-11-20 14:17:37,838 [5f312036-1abf-429a-aae6-fa5b52f7bc5c@group-E18CA34AD574-LeaderElection20] INFO  impl.LeaderElection (LeaderElection.java:askForVotes(323)) - 5f312036-1abf-429a-aae6-fa5b52f7bc5c@group-E18CA34AD574-LeaderElection20 PRE_VOTE round 0: result PASSED (term=0)
2023-11-20 14:17:37,839 [5f312036-1abf-429a-aae6-fa5b52f7bc5c@group-E18CA34AD574-LeaderElection20] INFO  impl.LeaderElection (LeaderElection.java:askForVotes(321)) - 5f312036-1abf-429a-aae6-fa5b52f7bc5c@group-E18CA34AD574-LeaderElection20 ELECTION round 0: submit vote requests at term 1 for -1: peers:[5f312036-1abf-429a-aae6-fa5b52f7bc5c|rpc:10.1.0.10:15103|admin:10.1.0.10:15102|client:10.1.0.10:15101|dataStream:10.1.0.10:15104|priority:1|startupRole:FOLLOWER]|listeners:[], old=null
2023-11-20 14:17:37,839 [5f312036-1abf-429a-aae6-fa5b52f7bc5c@group-E18CA34AD574-LeaderElection20] INFO  impl.LeaderElection (LeaderElection.java:askForVotes(323)) - 5f312036-1abf-429a-aae6-fa5b52f7bc5c@group-E18CA34AD574-LeaderElection20 ELECTION round 0: result PASSED (term=1)
2023-11-20 14:17:37,839 [5f312036-1abf-429a-aae6-fa5b52f7bc5c@group-E18CA34AD574-LeaderElection20] INFO  impl.RoleInfo (RoleInfo.java:shutdownLeaderElection(130)) - 5f312036-1abf-429a-aae6-fa5b52f7bc5c: shutdown 5f312036-1abf-429a-aae6-fa5b52f7bc5c@group-E18CA34AD574-LeaderElection20
2023-11-20 14:17:37,839 [5f312036-1abf-429a-aae6-fa5b52f7bc5c@group-E18CA34AD574-LeaderElection20] INFO  server.RaftServer$Division (RaftServerImpl.java:setRole(329)) - 5f312036-1abf-429a-aae6-fa5b52f7bc5c@group-E18CA34AD574: changes role from CANDIDATE to LEADER at term 1 for changeToLeader
2023-11-20 14:17:37,839 [5f312036-1abf-429a-aae6-fa5b52f7bc5c@group-E18CA34AD574-LeaderElection20] INFO  ratis.XceiverServerRatis (XceiverServerRatis.java:handleLeaderChangedNotification(905)) - Leader change notification received for group: group-E18CA34AD574 with new leaderId: 5f312036-1abf-429a-aae6-fa5b52f7bc5c
2023-11-20 14:17:37,839 [5f312036-1abf-429a-aae6-fa5b52f7bc5c@group-E18CA34AD574-LeaderElection20] INFO  server.RaftServer$Division (ServerState.java:setLeader(317)) - 5f312036-1abf-429a-aae6-fa5b52f7bc5c@group-E18CA34AD574: change Leader from null to 5f312036-1abf-429a-aae6-fa5b52f7bc5c at term 1 for becomeLeader, leader elected after 5072ms
2023-11-20 14:17:37,839 [5f312036-1abf-429a-aae6-fa5b52f7bc5c@group-E18CA34AD574-LeaderElection20] INFO  server.RaftServerConfigKeys (ConfUtils.java:logGet(46)) - raft.server.staging.catchup.gap = 1000 (default)
2023-11-20 14:17:37,839 [5f312036-1abf-429a-aae6-fa5b52f7bc5c@group-E18CA34AD574-LeaderElection20] INFO  server.RaftServerConfigKeys (ConfUtils.java:logGet(46)) - raft.server.write.element-limit = 1024 (custom)
2023-11-20 14:17:37,839 [5f312036-1abf-429a-aae6-fa5b52f7bc5c@group-E18CA34AD574-LeaderElection20] INFO  server.RaftServerConfigKeys (ConfUtils.java:logGet(46)) - raft.server.write.byte-limit = 1024 M (=1073741824) (custom)
2023-11-20 14:17:37,840 [5f312036-1abf-429a-aae6-fa5b52f7bc5c@group-E18CA34AD574-LeaderElection20] INFO  server.RaftServerConfigKeys (ConfUtils.java:logGet(46)) - raft.server.watch.timeout = 180s (custom)
2023-11-20 14:17:37,840 [5f312036-1abf-429a-aae6-fa5b52f7bc5c@group-E18CA34AD574-LeaderElection20] INFO  server.RaftServerConfigKeys (ConfUtils.java:logGet(46)) - raft.server.watch.timeout.denomination = 1s (default)
2023-11-20 14:17:37,840 [5f312036-1abf-429a-aae6-fa5b52f7bc5c@group-E18CA34AD574-LeaderElection20] INFO  server.RaftServerConfigKeys (ConfUtils.java:logGet(46)) - raft.server.watch.element-limit = 65536 (default)
2023-11-20 14:17:37,840 [5f312036-1abf-429a-aae6-fa5b52f7bc5c@group-E18CA34AD574-LeaderElection20] INFO  server.RaftServerConfigKeys (ConfUtils.java:logGet(46)) - raft.server.write.element-limit = 1024 (custom)
2023-11-20 14:17:37,840 [5f312036-1abf-429a-aae6-fa5b52f7bc5c@group-E18CA34AD574-LeaderElection20] INFO  server.RaftServerConfigKeys (ConfUtils.java:logGet(46)) - raft.server.write.follower.gap.ratio.max = -1.0 (default)
2023-11-20 14:17:37,840 [5f312036-1abf-429a-aae6-fa5b52f7bc5c@group-E18CA34AD574-LeaderElection20] INFO  impl.RoleInfo (RoleInfo.java:updateAndGet(139)) - 5f312036-1abf-429a-aae6-fa5b52f7bc5c: start 5f312036-1abf-429a-aae6-fa5b52f7bc5c@group-E18CA34AD574-LeaderStateImpl
2023-11-20 14:17:37,840 [5f312036-1abf-429a-aae6-fa5b52f7bc5c@group-E18CA34AD574-LeaderElection20] INFO  segmented.SegmentedRaftLogWorker (SegmentedRaftLogWorker.java:startLogSegment(447)) - 5f312036-1abf-429a-aae6-fa5b52f7bc5c@group-E18CA34AD574-SegmentedRaftLogWorker: Starting segment from index:0
2023-11-20 14:17:37,841 [5f312036-1abf-429a-aae6-fa5b52f7bc5c@group-E18CA34AD574-SegmentedRaftLogWorker] INFO  segmented.SegmentedRaftLogWorker (SegmentedRaftLogWorker.java:execute(651)) - 5f312036-1abf-429a-aae6-fa5b52f7bc5c@group-E18CA34AD574-SegmentedRaftLogWorker: created new log segment /home/runner/work/ozone/ozone/hadoop-ozone/integration-test/target/test-dir/MiniOzoneClusterImpl-c3dbe4e6-ad2a-443e-bb3b-bc3016376942/datanode-4/data/ratis/7f083697-29e3-4bb7-8af1-e18ca34ad574/current/log_inprogress_0
2023-11-20 14:17:37,848 [5f312036-1abf-429a-aae6-fa5b52f7bc5c@group-E18CA34AD574-LeaderElection20] INFO  server.RaftServer$Division (ServerState.java:setRaftConf(434)) - 5f312036-1abf-429a-aae6-fa5b52f7bc5c@group-E18CA34AD574: set configuration 0: peers:[5f312036-1abf-429a-aae6-fa5b52f7bc5c|rpc:10.1.0.10:15103|admin:10.1.0.10:15102|client:10.1.0.10:15101|dataStream:10.1.0.10:15104|priority:1|startupRole:FOLLOWER]|listeners:[], old=null
14:17:37.908 [IPC Server handler 19 on default port 15057] ERROR OMAudit - user=runner | ip=127.0.0.1 | op=COMMIT_KEY {volume=volume48931, bucket=bucket54568, key=d1/d2/file1, dataSize=1, replicationType=RATIS, replicationFactor=THREE} | ret=FAILURE
org.apache.hadoop.ozone.om.exceptions.OMException: Failed to commit key, as /4611686018427388160/4611686018427388416/4611686018427389442/file1/111443303322550362entry is not found in the OpenKey table
	at org.apache.hadoop.ozone.om.request.key.OMKeyCommitRequestWithFSO.validateAndUpdateCache(OMKeyCommitRequestWithFSO.java:163) ~[ozone-manager-1.4.0-SNAPSHOT.jar:?]
	at org.apache.hadoop.ozone.protocolPB.OzoneManagerRequestHandler.lambda$0(OzoneManagerRequestHandler.java:395) ~[ozone-manager-1.4.0-SNAPSHOT.jar:?]
	at org.apache.hadoop.util.MetricUtil.captureLatencyNs(MetricUtil.java:39) ~[hdds-common-1.4.0-SNAPSHOT.jar:?]
	at org.apache.hadoop.ozone.protocolPB.OzoneManagerRequestHandler.handleWriteRequest(OzoneManagerRequestHandler.java:393) ~[ozone-manager-1.4.0-SNAPSHOT.jar:?]
	at org.apache.hadoop.ozone.protocolPB.OzoneManagerProtocolServerSideTranslatorPB.submitRequestDirectlyToOM(OzoneManagerProtocolServerSideTranslatorPB.java:325) ~[ozone-manager-1.4.0-SNAPSHOT.jar:?]
	at org.apache.hadoop.ozone.protocolPB.OzoneManagerProtocolServerSideTranslatorPB.internalProcessRequest(OzoneManagerProtocolServerSideTranslatorPB.java:207) ~[ozone-manager-1.4.0-SNAPSHOT.jar:?]
	at org.apache.hadoop.ozone.protocolPB.OzoneManagerProtocolServerSideTranslatorPB.processRequest(OzoneManagerProtocolServerSideTranslatorPB.java:171) ~[ozone-manager-1.4.0-SNAPSHOT.jar:?]
	at org.apache.hadoop.hdds.server.OzoneProtocolMessageDispatcher.processRequest(OzoneProtocolMessageDispatcher.java:89) [hdds-server-framework-1.4.0-SNAPSHOT.jar:?]
	at org.apache.hadoop.ozone.protocolPB.OzoneManagerProtocolServerSideTranslatorPB.submitRequest(OzoneManagerProtocolServerSideTranslatorPB.java:162) [ozone-manager-1.4.0-SNAPSHOT.jar:?]
	at org.apache.hadoop.ozone.protocol.proto.OzoneManagerProtocolProtos$OzoneManagerService$2.callBlockingMethod(OzoneManagerProtocolProtos.java) [ozone-interface-client-1.4.0-SNAPSHOT.jar:?]
	at org.apache.hadoop.ipc.ProtobufRpcEngine$Server.processCall(ProtobufRpcEngine.java:484) [hadoop-common-3.3.6.jar:?]
	at org.apache.hadoop.ipc.ProtobufRpcEngine2$Server$ProtoBufRpcInvoker.call(ProtobufRpcEngine2.java:595) [hadoop-common-3.3.6.jar:?]
	at org.apache.hadoop.ipc.ProtobufRpcEngine2$Server$ProtoBufRpcInvoker.call(ProtobufRpcEngine2.java:573) [hadoop-common-3.3.6.jar:?]
	at org.apache.hadoop.ipc.RPC$Server.call(RPC.java:1227) [hadoop-common-3.3.6.jar:?]
	at org.apache.hadoop.ipc.Server$RpcCall.run(Server.java:1094) [hadoop-common-3.3.6.jar:?]
	at org.apache.hadoop.ipc.Server$RpcCall.run(Server.java:1017) [hadoop-common-3.3.6.jar:?]
	at java.security.AccessController.doPrivileged(Native Method) ~[?:1.8.0_392]
	at javax.security.auth.Subject.doAs(Subject.java:422) [?:1.8.0_392]
	at org.apache.hadoop.security.UserGroupInformation.doAs(UserGroupInformation.java:1899) [hadoop-common-3.3.6.jar:?]
	at org.apache.hadoop.ipc.Server$Handler.run(Server.java:3048) [hadoop-common-3.3.6.jar:?]
2023-11-20 14:17:37,908 [IPC Server handler 19 on default port 15057] ERROR key.OMKeyCommitRequest (OMKeyCommitRequest.java:processResult(422)) - Key committed failed. Volume:volume48931, Bucket:bucket54568, Key:d1/d2/file1. Exception:{}
KEY_NOT_FOUND org.apache.hadoop.ozone.om.exceptions.OMException: Failed to commit key, as /4611686018427388160/4611686018427388416/4611686018427389442/file1/111443303322550362entry is not found in the OpenKey table
	at org.apache.hadoop.ozone.om.request.key.OMKeyCommitRequestWithFSO.validateAndUpdateCache(OMKeyCommitRequestWithFSO.java:163)
	at org.apache.hadoop.ozone.protocolPB.OzoneManagerRequestHandler.lambda$0(OzoneManagerRequestHandler.java:395)
	at org.apache.hadoop.util.MetricUtil.captureLatencyNs(MetricUtil.java:39)
	at org.apache.hadoop.ozone.protocolPB.OzoneManagerRequestHandler.handleWriteRequest(OzoneManagerRequestHandler.java:393)
	at org.apache.hadoop.ozone.protocolPB.OzoneManagerProtocolServerSideTranslatorPB.submitRequestDirectlyToOM(OzoneManagerProtocolServerSideTranslatorPB.java:325)
	at org.apache.hadoop.ozone.protocolPB.OzoneManagerProtocolServerSideTranslatorPB.internalProcessRequest(OzoneManagerProtocolServerSideTranslatorPB.java:207)
	at org.apache.hadoop.ozone.protocolPB.OzoneManagerProtocolServerSideTranslatorPB.processRequest(OzoneManagerProtocolServerSideTranslatorPB.java:171)
	at org.apache.hadoop.hdds.server.OzoneProtocolMessageDispatcher.processRequest(OzoneProtocolMessageDispatcher.java:89)
	at org.apache.hadoop.ozone.protocolPB.OzoneManagerProtocolServerSideTranslatorPB.submitRequest(OzoneManagerProtocolServerSideTranslatorPB.java:162)
	at org.apache.hadoop.ozone.protocol.proto.OzoneManagerProtocolProtos$OzoneManagerService$2.callBlockingMethod(OzoneManagerProtocolProtos.java)
	at org.apache.hadoop.ipc.ProtobufRpcEngine$Server.processCall(ProtobufRpcEngine.java:484)
	at org.apache.hadoop.ipc.ProtobufRpcEngine2$Server$ProtoBufRpcInvoker.call(ProtobufRpcEngine2.java:595)
	at org.apache.hadoop.ipc.ProtobufRpcEngine2$Server$ProtoBufRpcInvoker.call(ProtobufRpcEngine2.java:573)
	at org.apache.hadoop.ipc.RPC$Server.call(RPC.java:1227)
	at org.apache.hadoop.ipc.Server$RpcCall.run(Server.java:1094)
	at org.apache.hadoop.ipc.Server$RpcCall.run(Server.java:1017)
	at java.security.AccessController.doPrivileged(Native Method)
	at javax.security.auth.Subject.doAs(Subject.java:422)
	at org.apache.hadoop.security.UserGroupInformation.doAs(UserGroupInformation.java:1899)
	at org.apache.hadoop.ipc.Server$Handler.run(Server.java:3048)
]]></system-out>
  </testcase>
  <testcase name="testRenameParentDirModificationTime" classname="TestOzoneFileSystemWithFSO" time="0.093"/>
  <testcase name="testRenameParentDirModificationTime" classname="TestOzoneFileSystemWithFSO" time="0.028"/>
  <testcase name="testListFilesRecursive" classname="TestOzoneFileSystemWithFSO" time="0.099"/>
  <testcase name="testListFilesRecursive" classname="TestOzoneFileSystemWithFSO" time="0.035"/>
  <testcase name="testRenameDestinationParentDoesntExist" classname="TestOzoneFileSystemWithFSO" time="0.04">
    <system-out><![CDATA[14:17:10.683 [om1-OMStateMachineApplyTransactionThread - 0] ERROR OMAudit - user=runner | ip=127.0.0.1 | op=RENAME_KEY {volume=volume73660, bucket=bucket24382, dataSize=0, replicationType=NONE, replicationFactor=ZERO, srcKey=root_dir/dir1/dir2, dstKey=root_dir/b/c} | ret=FAILURE
org.apache.hadoop.ozone.om.exceptions.OMException: Failed to get parent dir root_dir/b/c, root_dir/b doesn't exist
	at org.apache.hadoop.ozone.om.request.file.OMFileRequest.getKeyParentDir(OMFileRequest.java:848) ~[ozone-manager-1.4.0-SNAPSHOT.jar:?]
	at org.apache.hadoop.ozone.om.request.key.OMKeyRenameRequestWithFSO.validateAndUpdateCache(OMKeyRenameRequestWithFSO.java:218) ~[ozone-manager-1.4.0-SNAPSHOT.jar:?]
	at org.apache.hadoop.ozone.protocolPB.OzoneManagerRequestHandler.lambda$0(OzoneManagerRequestHandler.java:395) ~[ozone-manager-1.4.0-SNAPSHOT.jar:?]
	at org.apache.hadoop.util.MetricUtil.captureLatencyNs(MetricUtil.java:39) ~[hdds-common-1.4.0-SNAPSHOT.jar:?]
	at org.apache.hadoop.ozone.protocolPB.OzoneManagerRequestHandler.handleWriteRequest(OzoneManagerRequestHandler.java:393) ~[ozone-manager-1.4.0-SNAPSHOT.jar:?]
	at org.apache.hadoop.ozone.om.ratis.OzoneManagerStateMachine.runCommand(OzoneManagerStateMachine.java:581) ~[ozone-manager-1.4.0-SNAPSHOT.jar:?]
	at org.apache.hadoop.ozone.om.ratis.OzoneManagerStateMachine.lambda$1(OzoneManagerStateMachine.java:370) ~[ozone-manager-1.4.0-SNAPSHOT.jar:?]
	at java.util.concurrent.CompletableFuture$AsyncSupply.run(CompletableFuture.java:1604) [?:1.8.0_392]
	at java.util.concurrent.ThreadPoolExecutor.runWorker(ThreadPoolExecutor.java:1149) [?:1.8.0_392]
	at java.util.concurrent.ThreadPoolExecutor$Worker.run(ThreadPoolExecutor.java:624) [?:1.8.0_392]
	at java.lang.Thread.run(Thread.java:750) [?:1.8.0_392]
2023-11-20 14:17:10,684 [om1-OMStateMachineApplyTransactionThread - 0] ERROR key.OMKeyRenameRequestWithFSO (OMKeyRenameRequestWithFSO.java:validateAndUpdateCache(255)) - Rename key failed for volume:volume73660 bucket:bucket24382 fromKey:root_dir/dir1/dir2 toKey:root_dir/b/c. Exception: Failed to get parent dir root_dir/b/c, root_dir/b doesn't exist.
2023-11-20 14:17:10,684 [Time-limited test] ERROR ozone.BasicOzoneFileSystem (BasicOzoneFileSystem.java:renameFSO(496)) - rename key failed: Failed to get parent dir root_dir/b/c, root_dir/b doesn't exist. Error code: KEY_RENAME_ERROR source:root_dir/dir1/dir2, destin:root_dir/b/c
14:17:10.704 [om1-OMStateMachineApplyTransactionThread - 0] ERROR OMAudit - user=runner | ip=127.0.0.1 | op=RENAME_KEY {volume=volume73660, bucket=bucket24382, dataSize=0, replicationType=NONE, replicationFactor=ZERO, srcKey=root_dir/dir1/dir2, dstKey=root_dir/file1/c} | ret=FAILURE
org.apache.hadoop.ozone.om.exceptions.OMException: Failed to get parent dir root_dir/file1/c, root_dir/file1 is a file
	at org.apache.hadoop.ozone.om.request.file.OMFileRequest.getKeyParentDir(OMFileRequest.java:853) ~[ozone-manager-1.4.0-SNAPSHOT.jar:?]
	at org.apache.hadoop.ozone.om.request.key.OMKeyRenameRequestWithFSO.validateAndUpdateCache(OMKeyRenameRequestWithFSO.java:218) ~[ozone-manager-1.4.0-SNAPSHOT.jar:?]
	at org.apache.hadoop.ozone.protocolPB.OzoneManagerRequestHandler.lambda$0(OzoneManagerRequestHandler.java:395) ~[ozone-manager-1.4.0-SNAPSHOT.jar:?]
	at org.apache.hadoop.util.MetricUtil.captureLatencyNs(MetricUtil.java:39) ~[hdds-common-1.4.0-SNAPSHOT.jar:?]
	at org.apache.hadoop.ozone.protocolPB.OzoneManagerRequestHandler.handleWriteRequest(OzoneManagerRequestHandler.java:393) ~[ozone-manager-1.4.0-SNAPSHOT.jar:?]
	at org.apache.hadoop.ozone.om.ratis.OzoneManagerStateMachine.runCommand(OzoneManagerStateMachine.java:581) ~[ozone-manager-1.4.0-SNAPSHOT.jar:?]
	at org.apache.hadoop.ozone.om.ratis.OzoneManagerStateMachine.lambda$1(OzoneManagerStateMachine.java:370) ~[ozone-manager-1.4.0-SNAPSHOT.jar:?]
	at java.util.concurrent.CompletableFuture$AsyncSupply.run(CompletableFuture.java:1604) [?:1.8.0_392]
	at java.util.concurrent.ThreadPoolExecutor.runWorker(ThreadPoolExecutor.java:1149) [?:1.8.0_392]
	at java.util.concurrent.ThreadPoolExecutor$Worker.run(ThreadPoolExecutor.java:624) [?:1.8.0_392]
	at java.lang.Thread.run(Thread.java:750) [?:1.8.0_392]
2023-11-20 14:17:10,704 [om1-OMStateMachineApplyTransactionThread - 0] ERROR key.OMKeyRenameRequestWithFSO (OMKeyRenameRequestWithFSO.java:validateAndUpdateCache(255)) - Rename key failed for volume:volume73660 bucket:bucket24382 fromKey:root_dir/dir1/dir2 toKey:root_dir/file1/c. Exception: Failed to get parent dir root_dir/file1/c, root_dir/file1 is a file.
2023-11-20 14:17:10,705 [Time-limited test] ERROR ozone.BasicOzoneFileSystem (BasicOzoneFileSystem.java:renameFSO(496)) - rename key failed: Failed to get parent dir root_dir/file1/c, root_dir/file1 is a file. Error code: KEY_RENAME_ERROR source:root_dir/dir1/dir2, destin:root_dir/file1/c
]]></system-out>
  </testcase>
  <testcase name="testRenameDestinationParentDoesntExist" classname="TestOzoneFileSystemWithFSO" time="0.014">
    <system-out><![CDATA[14:17:37.986 [IPC Server handler 8 on default port 15057] ERROR OMAudit - user=runner | ip=127.0.0.1 | op=RENAME_KEY {volume=volume48931, bucket=bucket54568, dataSize=0, replicationType=NONE, replicationFactor=ZERO, srcKey=root_dir/dir1/dir2, dstKey=root_dir/b/c} | ret=FAILURE
org.apache.hadoop.ozone.om.exceptions.OMException: Failed to get parent dir root_dir/b/c, root_dir/b doesn't exist
	at org.apache.hadoop.ozone.om.request.file.OMFileRequest.getKeyParentDir(OMFileRequest.java:848) ~[ozone-manager-1.4.0-SNAPSHOT.jar:?]
	at org.apache.hadoop.ozone.om.request.key.OMKeyRenameRequestWithFSO.validateAndUpdateCache(OMKeyRenameRequestWithFSO.java:218) ~[ozone-manager-1.4.0-SNAPSHOT.jar:?]
	at org.apache.hadoop.ozone.protocolPB.OzoneManagerRequestHandler.lambda$0(OzoneManagerRequestHandler.java:395) ~[ozone-manager-1.4.0-SNAPSHOT.jar:?]
	at org.apache.hadoop.util.MetricUtil.captureLatencyNs(MetricUtil.java:39) ~[hdds-common-1.4.0-SNAPSHOT.jar:?]
	at org.apache.hadoop.ozone.protocolPB.OzoneManagerRequestHandler.handleWriteRequest(OzoneManagerRequestHandler.java:393) ~[ozone-manager-1.4.0-SNAPSHOT.jar:?]
	at org.apache.hadoop.ozone.protocolPB.OzoneManagerProtocolServerSideTranslatorPB.submitRequestDirectlyToOM(OzoneManagerProtocolServerSideTranslatorPB.java:325) ~[ozone-manager-1.4.0-SNAPSHOT.jar:?]
	at org.apache.hadoop.ozone.protocolPB.OzoneManagerProtocolServerSideTranslatorPB.internalProcessRequest(OzoneManagerProtocolServerSideTranslatorPB.java:207) ~[ozone-manager-1.4.0-SNAPSHOT.jar:?]
	at org.apache.hadoop.ozone.protocolPB.OzoneManagerProtocolServerSideTranslatorPB.processRequest(OzoneManagerProtocolServerSideTranslatorPB.java:171) ~[ozone-manager-1.4.0-SNAPSHOT.jar:?]
	at org.apache.hadoop.hdds.server.OzoneProtocolMessageDispatcher.processRequest(OzoneProtocolMessageDispatcher.java:89) [hdds-server-framework-1.4.0-SNAPSHOT.jar:?]
	at org.apache.hadoop.ozone.protocolPB.OzoneManagerProtocolServerSideTranslatorPB.submitRequest(OzoneManagerProtocolServerSideTranslatorPB.java:162) [ozone-manager-1.4.0-SNAPSHOT.jar:?]
	at org.apache.hadoop.ozone.protocol.proto.OzoneManagerProtocolProtos$OzoneManagerService$2.callBlockingMethod(OzoneManagerProtocolProtos.java) [ozone-interface-client-1.4.0-SNAPSHOT.jar:?]
	at org.apache.hadoop.ipc.ProtobufRpcEngine$Server.processCall(ProtobufRpcEngine.java:484) [hadoop-common-3.3.6.jar:?]
	at org.apache.hadoop.ipc.ProtobufRpcEngine2$Server$ProtoBufRpcInvoker.call(ProtobufRpcEngine2.java:595) [hadoop-common-3.3.6.jar:?]
	at org.apache.hadoop.ipc.ProtobufRpcEngine2$Server$ProtoBufRpcInvoker.call(ProtobufRpcEngine2.java:573) [hadoop-common-3.3.6.jar:?]
	at org.apache.hadoop.ipc.RPC$Server.call(RPC.java:1227) [hadoop-common-3.3.6.jar:?]
	at org.apache.hadoop.ipc.Server$RpcCall.run(Server.java:1094) [hadoop-common-3.3.6.jar:?]
	at org.apache.hadoop.ipc.Server$RpcCall.run(Server.java:1017) [hadoop-common-3.3.6.jar:?]
	at java.security.AccessController.doPrivileged(Native Method) ~[?:1.8.0_392]
	at javax.security.auth.Subject.doAs(Subject.java:422) [?:1.8.0_392]
	at org.apache.hadoop.security.UserGroupInformation.doAs(UserGroupInformation.java:1899) [hadoop-common-3.3.6.jar:?]
	at org.apache.hadoop.ipc.Server$Handler.run(Server.java:3048) [hadoop-common-3.3.6.jar:?]
2023-11-20 14:17:37,986 [IPC Server handler 8 on default port 15057] ERROR key.OMKeyRenameRequestWithFSO (OMKeyRenameRequestWithFSO.java:validateAndUpdateCache(255)) - Rename key failed for volume:volume48931 bucket:bucket54568 fromKey:root_dir/dir1/dir2 toKey:root_dir/b/c. Exception: Failed to get parent dir root_dir/b/c, root_dir/b doesn't exist.
2023-11-20 14:17:37,986 [Time-limited test] ERROR ozone.BasicOzoneFileSystem (BasicOzoneFileSystem.java:renameFSO(496)) - rename key failed: Failed to get parent dir root_dir/b/c, root_dir/b doesn't exist. Error code: KEY_RENAME_ERROR source:root_dir/dir1/dir2, destin:root_dir/b/c
14:17:37.992 [IPC Server handler 11 on default port 15057] ERROR OMAudit - user=runner | ip=127.0.0.1 | op=RENAME_KEY {volume=volume48931, bucket=bucket54568, dataSize=0, replicationType=NONE, replicationFactor=ZERO, srcKey=root_dir/dir1/dir2, dstKey=root_dir/file1/c} | ret=FAILURE
org.apache.hadoop.ozone.om.exceptions.OMException: Failed to get parent dir root_dir/file1/c, root_dir/file1 is a file
	at org.apache.hadoop.ozone.om.request.file.OMFileRequest.getKeyParentDir(OMFileRequest.java:853) ~[ozone-manager-1.4.0-SNAPSHOT.jar:?]
	at org.apache.hadoop.ozone.om.request.key.OMKeyRenameRequestWithFSO.validateAndUpdateCache(OMKeyRenameRequestWithFSO.java:218) ~[ozone-manager-1.4.0-SNAPSHOT.jar:?]
	at org.apache.hadoop.ozone.protocolPB.OzoneManagerRequestHandler.lambda$0(OzoneManagerRequestHandler.java:395) ~[ozone-manager-1.4.0-SNAPSHOT.jar:?]
	at org.apache.hadoop.util.MetricUtil.captureLatencyNs(MetricUtil.java:39) ~[hdds-common-1.4.0-SNAPSHOT.jar:?]
	at org.apache.hadoop.ozone.protocolPB.OzoneManagerRequestHandler.handleWriteRequest(OzoneManagerRequestHandler.java:393) ~[ozone-manager-1.4.0-SNAPSHOT.jar:?]
	at org.apache.hadoop.ozone.protocolPB.OzoneManagerProtocolServerSideTranslatorPB.submitRequestDirectlyToOM(OzoneManagerProtocolServerSideTranslatorPB.java:325) ~[ozone-manager-1.4.0-SNAPSHOT.jar:?]
	at org.apache.hadoop.ozone.protocolPB.OzoneManagerProtocolServerSideTranslatorPB.internalProcessRequest(OzoneManagerProtocolServerSideTranslatorPB.java:207) ~[ozone-manager-1.4.0-SNAPSHOT.jar:?]
	at org.apache.hadoop.ozone.protocolPB.OzoneManagerProtocolServerSideTranslatorPB.processRequest(OzoneManagerProtocolServerSideTranslatorPB.java:171) ~[ozone-manager-1.4.0-SNAPSHOT.jar:?]
	at org.apache.hadoop.hdds.server.OzoneProtocolMessageDispatcher.processRequest(OzoneProtocolMessageDispatcher.java:89) [hdds-server-framework-1.4.0-SNAPSHOT.jar:?]
	at org.apache.hadoop.ozone.protocolPB.OzoneManagerProtocolServerSideTranslatorPB.submitRequest(OzoneManagerProtocolServerSideTranslatorPB.java:162) [ozone-manager-1.4.0-SNAPSHOT.jar:?]
	at org.apache.hadoop.ozone.protocol.proto.OzoneManagerProtocolProtos$OzoneManagerService$2.callBlockingMethod(OzoneManagerProtocolProtos.java) [ozone-interface-client-1.4.0-SNAPSHOT.jar:?]
	at org.apache.hadoop.ipc.ProtobufRpcEngine$Server.processCall(ProtobufRpcEngine.java:484) [hadoop-common-3.3.6.jar:?]
	at org.apache.hadoop.ipc.ProtobufRpcEngine2$Server$ProtoBufRpcInvoker.call(ProtobufRpcEngine2.java:595) [hadoop-common-3.3.6.jar:?]
	at org.apache.hadoop.ipc.ProtobufRpcEngine2$Server$ProtoBufRpcInvoker.call(ProtobufRpcEngine2.java:573) [hadoop-common-3.3.6.jar:?]
	at org.apache.hadoop.ipc.RPC$Server.call(RPC.java:1227) [hadoop-common-3.3.6.jar:?]
	at org.apache.hadoop.ipc.Server$RpcCall.run(Server.java:1094) [hadoop-common-3.3.6.jar:?]
	at org.apache.hadoop.ipc.Server$RpcCall.run(Server.java:1017) [hadoop-common-3.3.6.jar:?]
	at java.security.AccessController.doPrivileged(Native Method) ~[?:1.8.0_392]
	at javax.security.auth.Subject.doAs(Subject.java:422) [?:1.8.0_392]
	at org.apache.hadoop.security.UserGroupInformation.doAs(UserGroupInformation.java:1899) [hadoop-common-3.3.6.jar:?]
	at org.apache.hadoop.ipc.Server$Handler.run(Server.java:3048) [hadoop-common-3.3.6.jar:?]
2023-11-20 14:17:37,992 [IPC Server handler 11 on default port 15057] ERROR key.OMKeyRenameRequestWithFSO (OMKeyRenameRequestWithFSO.java:validateAndUpdateCache(255)) - Rename key failed for volume:volume48931 bucket:bucket54568 fromKey:root_dir/dir1/dir2 toKey:root_dir/file1/c. Exception: Failed to get parent dir root_dir/file1/c, root_dir/file1 is a file.
2023-11-20 14:17:37,992 [Time-limited test] ERROR ozone.BasicOzoneFileSystem (BasicOzoneFileSystem.java:renameFSO(496)) - rename key failed: Failed to get parent dir root_dir/file1/c, root_dir/file1 is a file. Error code: KEY_RENAME_ERROR source:root_dir/dir1/dir2, destin:root_dir/file1/c
]]></system-out>
  </testcase>
  <testcase name="testMultiLevelDirs" classname="TestOzoneFileSystemWithFSO" time="0.022"/>
  <testcase name="testMultiLevelDirs" classname="TestOzoneFileSystemWithFSO" time="0.008"/>
  <testcase name="testFSDeleteLogWarnNoExist" classname="TestOzoneFileSystemWithFSO" time="0.008">
    <system-out><![CDATA[14:17:10.740 [om1-OMStateMachineApplyTransactionThread - 0] ERROR OMAudit - user=runner | ip=127.0.0.1 | op=DELETE_KEY {volume=volume73660, bucket=bucket24382, key=d1/d3/noexist, dataSize=0, replicationType=NONE, replicationFactor=ZERO} | ret=FAILURE
org.apache.hadoop.ozone.om.exceptions.OMException: Unable to get file status: volume: volume73660 bucket: bucket24382 key: d1/d3/noexist
	at org.apache.hadoop.ozone.om.OzonePrefixPathImpl.<init>(OzonePrefixPathImpl.java:67) ~[ozone-manager-1.4.0-SNAPSHOT.jar:?]
	at org.apache.hadoop.ozone.om.request.OMClientRequest.checkACLsWithFSO(OMClientRequest.java:256) ~[ozone-manager-1.4.0-SNAPSHOT.jar:?]
	at org.apache.hadoop.ozone.om.request.key.OMKeyDeleteRequestWithFSO.validateAndUpdateCache(OMKeyDeleteRequestWithFSO.java:103) ~[ozone-manager-1.4.0-SNAPSHOT.jar:?]
	at org.apache.hadoop.ozone.protocolPB.OzoneManagerRequestHandler.lambda$0(OzoneManagerRequestHandler.java:395) ~[ozone-manager-1.4.0-SNAPSHOT.jar:?]
	at org.apache.hadoop.util.MetricUtil.captureLatencyNs(MetricUtil.java:39) ~[hdds-common-1.4.0-SNAPSHOT.jar:?]
	at org.apache.hadoop.ozone.protocolPB.OzoneManagerRequestHandler.handleWriteRequest(OzoneManagerRequestHandler.java:393) ~[ozone-manager-1.4.0-SNAPSHOT.jar:?]
	at org.apache.hadoop.ozone.om.ratis.OzoneManagerStateMachine.runCommand(OzoneManagerStateMachine.java:581) ~[ozone-manager-1.4.0-SNAPSHOT.jar:?]
	at org.apache.hadoop.ozone.om.ratis.OzoneManagerStateMachine.lambda$1(OzoneManagerStateMachine.java:370) ~[ozone-manager-1.4.0-SNAPSHOT.jar:?]
	at java.util.concurrent.CompletableFuture$AsyncSupply.run(CompletableFuture.java:1604) [?:1.8.0_392]
	at java.util.concurrent.ThreadPoolExecutor.runWorker(ThreadPoolExecutor.java:1149) [?:1.8.0_392]
	at java.util.concurrent.ThreadPoolExecutor$Worker.run(ThreadPoolExecutor.java:624) [?:1.8.0_392]
	at java.lang.Thread.run(Thread.java:750) [?:1.8.0_392]
2023-11-20 14:17:10,740 [om1-OMStateMachineApplyTransactionThread - 0] ERROR key.OMKeyDeleteRequestWithFSO (OMKeyDeleteRequestWithFSO.java:validateAndUpdateCache(205)) - Key delete failed. Volume:volume73660, Bucket:bucket24382, Key:d1/d3/noexist.
KEY_NOT_FOUND org.apache.hadoop.ozone.om.exceptions.OMException: Unable to get file status: volume: volume73660 bucket: bucket24382 key: d1/d3/noexist
	at org.apache.hadoop.ozone.om.OzonePrefixPathImpl.<init>(OzonePrefixPathImpl.java:67)
	at org.apache.hadoop.ozone.om.request.OMClientRequest.checkACLsWithFSO(OMClientRequest.java:256)
	at org.apache.hadoop.ozone.om.request.key.OMKeyDeleteRequestWithFSO.validateAndUpdateCache(OMKeyDeleteRequestWithFSO.java:103)
	at org.apache.hadoop.ozone.protocolPB.OzoneManagerRequestHandler.lambda$0(OzoneManagerRequestHandler.java:395)
	at org.apache.hadoop.util.MetricUtil.captureLatencyNs(MetricUtil.java:39)
	at org.apache.hadoop.ozone.protocolPB.OzoneManagerRequestHandler.handleWriteRequest(OzoneManagerRequestHandler.java:393)
	at org.apache.hadoop.ozone.om.ratis.OzoneManagerStateMachine.runCommand(OzoneManagerStateMachine.java:581)
	at org.apache.hadoop.ozone.om.ratis.OzoneManagerStateMachine.lambda$1(OzoneManagerStateMachine.java:370)
	at java.util.concurrent.CompletableFuture$AsyncSupply.run(CompletableFuture.java:1604)
	at java.util.concurrent.ThreadPoolExecutor.runWorker(ThreadPoolExecutor.java:1149)
	at java.util.concurrent.ThreadPoolExecutor$Worker.run(ThreadPoolExecutor.java:624)
	at java.lang.Thread.run(Thread.java:750)
2023-11-20 14:17:10,741 [Time-limited test] WARN  ozone.BasicOzoneClientAdapterImpl (BasicOzoneClientAdapterImpl.java:deleteObject(361)) - delete key failed Unable to get file status: volume: volume73660 bucket: bucket24382 key: d1/d3/noexist
]]></system-out>
  </testcase>
  <testcase name="testFSDeleteLogWarnNoExist" classname="TestOzoneFileSystemWithFSO" time="0.006">
    <system-out><![CDATA[14:17:38.005 [IPC Server handler 1 on default port 15057] ERROR OMAudit - user=runner | ip=127.0.0.1 | op=DELETE_KEY {volume=volume48931, bucket=bucket54568, key=d1/d3/noexist, dataSize=0, replicationType=NONE, replicationFactor=ZERO} | ret=FAILURE
org.apache.hadoop.ozone.om.exceptions.OMException: Unable to get file status: volume: volume48931 bucket: bucket54568 key: d1/d3/noexist
	at org.apache.hadoop.ozone.om.OzonePrefixPathImpl.<init>(OzonePrefixPathImpl.java:67) ~[ozone-manager-1.4.0-SNAPSHOT.jar:?]
	at org.apache.hadoop.ozone.om.request.OMClientRequest.checkACLsWithFSO(OMClientRequest.java:256) ~[ozone-manager-1.4.0-SNAPSHOT.jar:?]
	at org.apache.hadoop.ozone.om.request.key.OMKeyDeleteRequestWithFSO.validateAndUpdateCache(OMKeyDeleteRequestWithFSO.java:103) ~[ozone-manager-1.4.0-SNAPSHOT.jar:?]
	at org.apache.hadoop.ozone.protocolPB.OzoneManagerRequestHandler.lambda$0(OzoneManagerRequestHandler.java:395) ~[ozone-manager-1.4.0-SNAPSHOT.jar:?]
	at org.apache.hadoop.util.MetricUtil.captureLatencyNs(MetricUtil.java:39) ~[hdds-common-1.4.0-SNAPSHOT.jar:?]
	at org.apache.hadoop.ozone.protocolPB.OzoneManagerRequestHandler.handleWriteRequest(OzoneManagerRequestHandler.java:393) ~[ozone-manager-1.4.0-SNAPSHOT.jar:?]
	at org.apache.hadoop.ozone.protocolPB.OzoneManagerProtocolServerSideTranslatorPB.submitRequestDirectlyToOM(OzoneManagerProtocolServerSideTranslatorPB.java:325) ~[ozone-manager-1.4.0-SNAPSHOT.jar:?]
	at org.apache.hadoop.ozone.protocolPB.OzoneManagerProtocolServerSideTranslatorPB.internalProcessRequest(OzoneManagerProtocolServerSideTranslatorPB.java:207) ~[ozone-manager-1.4.0-SNAPSHOT.jar:?]
	at org.apache.hadoop.ozone.protocolPB.OzoneManagerProtocolServerSideTranslatorPB.processRequest(OzoneManagerProtocolServerSideTranslatorPB.java:171) ~[ozone-manager-1.4.0-SNAPSHOT.jar:?]
	at org.apache.hadoop.hdds.server.OzoneProtocolMessageDispatcher.processRequest(OzoneProtocolMessageDispatcher.java:89) [hdds-server-framework-1.4.0-SNAPSHOT.jar:?]
	at org.apache.hadoop.ozone.protocolPB.OzoneManagerProtocolServerSideTranslatorPB.submitRequest(OzoneManagerProtocolServerSideTranslatorPB.java:162) [ozone-manager-1.4.0-SNAPSHOT.jar:?]
	at org.apache.hadoop.ozone.protocol.proto.OzoneManagerProtocolProtos$OzoneManagerService$2.callBlockingMethod(OzoneManagerProtocolProtos.java) [ozone-interface-client-1.4.0-SNAPSHOT.jar:?]
	at org.apache.hadoop.ipc.ProtobufRpcEngine$Server.processCall(ProtobufRpcEngine.java:484) [hadoop-common-3.3.6.jar:?]
	at org.apache.hadoop.ipc.ProtobufRpcEngine2$Server$ProtoBufRpcInvoker.call(ProtobufRpcEngine2.java:595) [hadoop-common-3.3.6.jar:?]
	at org.apache.hadoop.ipc.ProtobufRpcEngine2$Server$ProtoBufRpcInvoker.call(ProtobufRpcEngine2.java:573) [hadoop-common-3.3.6.jar:?]
	at org.apache.hadoop.ipc.RPC$Server.call(RPC.java:1227) [hadoop-common-3.3.6.jar:?]
	at org.apache.hadoop.ipc.Server$RpcCall.run(Server.java:1094) [hadoop-common-3.3.6.jar:?]
	at org.apache.hadoop.ipc.Server$RpcCall.run(Server.java:1017) [hadoop-common-3.3.6.jar:?]
	at java.security.AccessController.doPrivileged(Native Method) ~[?:1.8.0_392]
	at javax.security.auth.Subject.doAs(Subject.java:422) [?:1.8.0_392]
	at org.apache.hadoop.security.UserGroupInformation.doAs(UserGroupInformation.java:1899) [hadoop-common-3.3.6.jar:?]
	at org.apache.hadoop.ipc.Server$Handler.run(Server.java:3048) [hadoop-common-3.3.6.jar:?]
2023-11-20 14:17:38,006 [IPC Server handler 1 on default port 15057] ERROR key.OMKeyDeleteRequestWithFSO (OMKeyDeleteRequestWithFSO.java:validateAndUpdateCache(205)) - Key delete failed. Volume:volume48931, Bucket:bucket54568, Key:d1/d3/noexist.
KEY_NOT_FOUND org.apache.hadoop.ozone.om.exceptions.OMException: Unable to get file status: volume: volume48931 bucket: bucket54568 key: d1/d3/noexist
	at org.apache.hadoop.ozone.om.OzonePrefixPathImpl.<init>(OzonePrefixPathImpl.java:67)
	at org.apache.hadoop.ozone.om.request.OMClientRequest.checkACLsWithFSO(OMClientRequest.java:256)
	at org.apache.hadoop.ozone.om.request.key.OMKeyDeleteRequestWithFSO.validateAndUpdateCache(OMKeyDeleteRequestWithFSO.java:103)
	at org.apache.hadoop.ozone.protocolPB.OzoneManagerRequestHandler.lambda$0(OzoneManagerRequestHandler.java:395)
	at org.apache.hadoop.util.MetricUtil.captureLatencyNs(MetricUtil.java:39)
	at org.apache.hadoop.ozone.protocolPB.OzoneManagerRequestHandler.handleWriteRequest(OzoneManagerRequestHandler.java:393)
	at org.apache.hadoop.ozone.protocolPB.OzoneManagerProtocolServerSideTranslatorPB.submitRequestDirectlyToOM(OzoneManagerProtocolServerSideTranslatorPB.java:325)
	at org.apache.hadoop.ozone.protocolPB.OzoneManagerProtocolServerSideTranslatorPB.internalProcessRequest(OzoneManagerProtocolServerSideTranslatorPB.java:207)
	at org.apache.hadoop.ozone.protocolPB.OzoneManagerProtocolServerSideTranslatorPB.processRequest(OzoneManagerProtocolServerSideTranslatorPB.java:171)
	at org.apache.hadoop.hdds.server.OzoneProtocolMessageDispatcher.processRequest(OzoneProtocolMessageDispatcher.java:89)
	at org.apache.hadoop.ozone.protocolPB.OzoneManagerProtocolServerSideTranslatorPB.submitRequest(OzoneManagerProtocolServerSideTranslatorPB.java:162)
	at org.apache.hadoop.ozone.protocol.proto.OzoneManagerProtocolProtos$OzoneManagerService$2.callBlockingMethod(OzoneManagerProtocolProtos.java)
	at org.apache.hadoop.ipc.ProtobufRpcEngine$Server.processCall(ProtobufRpcEngine.java:484)
	at org.apache.hadoop.ipc.ProtobufRpcEngine2$Server$ProtoBufRpcInvoker.call(ProtobufRpcEngine2.java:595)
	at org.apache.hadoop.ipc.ProtobufRpcEngine2$Server$ProtoBufRpcInvoker.call(ProtobufRpcEngine2.java:573)
	at org.apache.hadoop.ipc.RPC$Server.call(RPC.java:1227)
	at org.apache.hadoop.ipc.Server$RpcCall.run(Server.java:1094)
	at org.apache.hadoop.ipc.Server$RpcCall.run(Server.java:1017)
	at java.security.AccessController.doPrivileged(Native Method)
	at javax.security.auth.Subject.doAs(Subject.java:422)
	at org.apache.hadoop.security.UserGroupInformation.doAs(UserGroupInformation.java:1899)
	at org.apache.hadoop.ipc.Server$Handler.run(Server.java:3048)
2023-11-20 14:17:38,008 [Time-limited test] WARN  ozone.BasicOzoneClientAdapterImpl (BasicOzoneClientAdapterImpl.java:deleteObject(361)) - delete key failed Unable to get file status: volume: volume48931 bucket: bucket54568 key: d1/d3/noexist
]]></system-out>
  </testcase>
  <testcase name="testRenameParentBucketModificationTime" classname="TestOzoneFileSystemWithFSO" time="0.122"/>
  <testcase name="testRenameParentBucketModificationTime" classname="TestOzoneFileSystemWithFSO" time="0.054"/>
  <testcase name="testCreateFile" classname="TestOzoneFileSystemWithFSO" time="0.021"/>
  <testcase name="testCreateFile" classname="TestOzoneFileSystemWithFSO" time="0.014"/>
  <testcase name="testListStatusWithoutRecursiveSearch" classname="TestOzoneFileSystemWithFSO" time="0.092">
    <system-out><![CDATA[14:17:10.961 [IPC Server handler 12 on default port 15004] ERROR OMAudit - user=runner | ip=127.0.0.1 | op=LIST_STATUS {volume=volume73660, bucket=bucket24382, key=key2, dataSize=0, replicationConfig=null} | ret=FAILURE
org.apache.hadoop.ozone.om.exceptions.OMException: Unable to get file status: volume: volume73660 bucket: bucket24382 key: key2
	at org.apache.hadoop.ozone.om.KeyManagerImpl.getOzoneFileStatusFSO(KeyManagerImpl.java:1356) ~[ozone-manager-1.4.0-SNAPSHOT.jar:?]
	at org.apache.hadoop.ozone.om.OzoneListStatusHelper.listStatusFSO(OzoneListStatusHelper.java:154) ~[ozone-manager-1.4.0-SNAPSHOT.jar:?]
	at org.apache.hadoop.ozone.om.KeyManagerImpl.listStatus(KeyManagerImpl.java:1567) ~[ozone-manager-1.4.0-SNAPSHOT.jar:?]
	at org.apache.hadoop.ozone.om.OmMetadataReader.listStatus(OmMetadataReader.java:240) ~[ozone-manager-1.4.0-SNAPSHOT.jar:?]
	at org.apache.hadoop.ozone.om.OzoneManager.listStatus(OzoneManager.java:3659) ~[ozone-manager-1.4.0-SNAPSHOT.jar:?]
	at org.apache.hadoop.ozone.protocolPB.OzoneManagerRequestHandler.listStatus(OzoneManagerRequestHandler.java:1182) ~[ozone-manager-1.4.0-SNAPSHOT.jar:?]
	at org.apache.hadoop.ozone.protocolPB.OzoneManagerRequestHandler.handleReadRequest(OzoneManagerRequestHandler.java:273) ~[ozone-manager-1.4.0-SNAPSHOT.jar:?]
	at org.apache.hadoop.ozone.protocolPB.OzoneManagerProtocolServerSideTranslatorPB.submitReadRequestToOM(OzoneManagerProtocolServerSideTranslatorPB.java:265) ~[ozone-manager-1.4.0-SNAPSHOT.jar:?]
	at org.apache.hadoop.ozone.protocolPB.OzoneManagerProtocolServerSideTranslatorPB.internalProcessRequest(OzoneManagerProtocolServerSideTranslatorPB.java:211) ~[ozone-manager-1.4.0-SNAPSHOT.jar:?]
	at org.apache.hadoop.ozone.protocolPB.OzoneManagerProtocolServerSideTranslatorPB.processRequest(OzoneManagerProtocolServerSideTranslatorPB.java:171) ~[ozone-manager-1.4.0-SNAPSHOT.jar:?]
	at org.apache.hadoop.hdds.server.OzoneProtocolMessageDispatcher.processRequest(OzoneProtocolMessageDispatcher.java:89) [hdds-server-framework-1.4.0-SNAPSHOT.jar:?]
	at org.apache.hadoop.ozone.protocolPB.OzoneManagerProtocolServerSideTranslatorPB.submitRequest(OzoneManagerProtocolServerSideTranslatorPB.java:162) [ozone-manager-1.4.0-SNAPSHOT.jar:?]
	at org.apache.hadoop.ozone.protocol.proto.OzoneManagerProtocolProtos$OzoneManagerService$2.callBlockingMethod(OzoneManagerProtocolProtos.java) [ozone-interface-client-1.4.0-SNAPSHOT.jar:?]
	at org.apache.hadoop.ipc.ProtobufRpcEngine$Server.processCall(ProtobufRpcEngine.java:484) [hadoop-common-3.3.6.jar:?]
	at org.apache.hadoop.ipc.ProtobufRpcEngine2$Server$ProtoBufRpcInvoker.call(ProtobufRpcEngine2.java:595) [hadoop-common-3.3.6.jar:?]
	at org.apache.hadoop.ipc.ProtobufRpcEngine2$Server$ProtoBufRpcInvoker.call(ProtobufRpcEngine2.java:573) [hadoop-common-3.3.6.jar:?]
	at org.apache.hadoop.ipc.RPC$Server.call(RPC.java:1227) [hadoop-common-3.3.6.jar:?]
	at org.apache.hadoop.ipc.Server$RpcCall.run(Server.java:1094) [hadoop-common-3.3.6.jar:?]
	at org.apache.hadoop.ipc.Server$RpcCall.run(Server.java:1017) [hadoop-common-3.3.6.jar:?]
	at java.security.AccessController.doPrivileged(Native Method) ~[?:1.8.0_392]
	at javax.security.auth.Subject.doAs(Subject.java:422) [?:1.8.0_392]
	at org.apache.hadoop.security.UserGroupInformation.doAs(UserGroupInformation.java:1899) [hadoop-common-3.3.6.jar:?]
	at org.apache.hadoop.ipc.Server$Handler.run(Server.java:3048) [hadoop-common-3.3.6.jar:?]
14:17:10.963 [IPC Server handler 1 on default port 15004] ERROR OMAudit - user=runner | ip=127.0.0.1 | op=LIST_STATUS {volume=volume73660, bucket=bucket24382, key=d1/d2/key2, dataSize=0, replicationConfig=null} | ret=FAILURE
org.apache.hadoop.ozone.om.exceptions.OMException: Unable to get file status: volume: volume73660 bucket: bucket24382 key: d1/d2/key2
	at org.apache.hadoop.ozone.om.KeyManagerImpl.getOzoneFileStatusFSO(KeyManagerImpl.java:1356) ~[ozone-manager-1.4.0-SNAPSHOT.jar:?]
	at org.apache.hadoop.ozone.om.OzoneListStatusHelper.listStatusFSO(OzoneListStatusHelper.java:154) ~[ozone-manager-1.4.0-SNAPSHOT.jar:?]
	at org.apache.hadoop.ozone.om.KeyManagerImpl.listStatus(KeyManagerImpl.java:1567) ~[ozone-manager-1.4.0-SNAPSHOT.jar:?]
	at org.apache.hadoop.ozone.om.OmMetadataReader.listStatus(OmMetadataReader.java:240) ~[ozone-manager-1.4.0-SNAPSHOT.jar:?]
	at org.apache.hadoop.ozone.om.OzoneManager.listStatus(OzoneManager.java:3659) ~[ozone-manager-1.4.0-SNAPSHOT.jar:?]
	at org.apache.hadoop.ozone.protocolPB.OzoneManagerRequestHandler.listStatus(OzoneManagerRequestHandler.java:1182) ~[ozone-manager-1.4.0-SNAPSHOT.jar:?]
	at org.apache.hadoop.ozone.protocolPB.OzoneManagerRequestHandler.handleReadRequest(OzoneManagerRequestHandler.java:273) ~[ozone-manager-1.4.0-SNAPSHOT.jar:?]
	at org.apache.hadoop.ozone.protocolPB.OzoneManagerProtocolServerSideTranslatorPB.submitReadRequestToOM(OzoneManagerProtocolServerSideTranslatorPB.java:265) ~[ozone-manager-1.4.0-SNAPSHOT.jar:?]
	at org.apache.hadoop.ozone.protocolPB.OzoneManagerProtocolServerSideTranslatorPB.internalProcessRequest(OzoneManagerProtocolServerSideTranslatorPB.java:211) ~[ozone-manager-1.4.0-SNAPSHOT.jar:?]
	at org.apache.hadoop.ozone.protocolPB.OzoneManagerProtocolServerSideTranslatorPB.processRequest(OzoneManagerProtocolServerSideTranslatorPB.java:171) ~[ozone-manager-1.4.0-SNAPSHOT.jar:?]
	at org.apache.hadoop.hdds.server.OzoneProtocolMessageDispatcher.processRequest(OzoneProtocolMessageDispatcher.java:89) [hdds-server-framework-1.4.0-SNAPSHOT.jar:?]
	at org.apache.hadoop.ozone.protocolPB.OzoneManagerProtocolServerSideTranslatorPB.submitRequest(OzoneManagerProtocolServerSideTranslatorPB.java:162) [ozone-manager-1.4.0-SNAPSHOT.jar:?]
	at org.apache.hadoop.ozone.protocol.proto.OzoneManagerProtocolProtos$OzoneManagerService$2.callBlockingMethod(OzoneManagerProtocolProtos.java) [ozone-interface-client-1.4.0-SNAPSHOT.jar:?]
	at org.apache.hadoop.ipc.ProtobufRpcEngine$Server.processCall(ProtobufRpcEngine.java:484) [hadoop-common-3.3.6.jar:?]
	at org.apache.hadoop.ipc.ProtobufRpcEngine2$Server$ProtoBufRpcInvoker.call(ProtobufRpcEngine2.java:595) [hadoop-common-3.3.6.jar:?]
	at org.apache.hadoop.ipc.ProtobufRpcEngine2$Server$ProtoBufRpcInvoker.call(ProtobufRpcEngine2.java:573) [hadoop-common-3.3.6.jar:?]
	at org.apache.hadoop.ipc.RPC$Server.call(RPC.java:1227) [hadoop-common-3.3.6.jar:?]
	at org.apache.hadoop.ipc.Server$RpcCall.run(Server.java:1094) [hadoop-common-3.3.6.jar:?]
	at org.apache.hadoop.ipc.Server$RpcCall.run(Server.java:1017) [hadoop-common-3.3.6.jar:?]
	at java.security.AccessController.doPrivileged(Native Method) ~[?:1.8.0_392]
	at javax.security.auth.Subject.doAs(Subject.java:422) [?:1.8.0_392]
	at org.apache.hadoop.security.UserGroupInformation.doAs(UserGroupInformation.java:1899) [hadoop-common-3.3.6.jar:?]
	at org.apache.hadoop.ipc.Server$Handler.run(Server.java:3048) [hadoop-common-3.3.6.jar:?]
]]></system-out>
  </testcase>
  <testcase name="testListStatusWithoutRecursiveSearch" classname="TestOzoneFileSystemWithFSO" time="0.04">
    <system-out><![CDATA[14:17:38.109 [IPC Server handler 17 on default port 15057] ERROR OMAudit - user=runner | ip=127.0.0.1 | op=LIST_STATUS {volume=volume48931, bucket=bucket54568, key=key2, dataSize=0, replicationConfig=null} | ret=FAILURE
org.apache.hadoop.ozone.om.exceptions.OMException: Unable to get file status: volume: volume48931 bucket: bucket54568 key: key2
	at org.apache.hadoop.ozone.om.KeyManagerImpl.getOzoneFileStatusFSO(KeyManagerImpl.java:1356) ~[ozone-manager-1.4.0-SNAPSHOT.jar:?]
	at org.apache.hadoop.ozone.om.OzoneListStatusHelper.listStatusFSO(OzoneListStatusHelper.java:154) ~[ozone-manager-1.4.0-SNAPSHOT.jar:?]
	at org.apache.hadoop.ozone.om.KeyManagerImpl.listStatus(KeyManagerImpl.java:1567) ~[ozone-manager-1.4.0-SNAPSHOT.jar:?]
	at org.apache.hadoop.ozone.om.OmMetadataReader.listStatus(OmMetadataReader.java:240) ~[ozone-manager-1.4.0-SNAPSHOT.jar:?]
	at org.apache.hadoop.ozone.om.OzoneManager.listStatus(OzoneManager.java:3659) ~[ozone-manager-1.4.0-SNAPSHOT.jar:?]
	at org.apache.hadoop.ozone.protocolPB.OzoneManagerRequestHandler.listStatus(OzoneManagerRequestHandler.java:1182) ~[ozone-manager-1.4.0-SNAPSHOT.jar:?]
	at org.apache.hadoop.ozone.protocolPB.OzoneManagerRequestHandler.handleReadRequest(OzoneManagerRequestHandler.java:273) ~[ozone-manager-1.4.0-SNAPSHOT.jar:?]
	at org.apache.hadoop.ozone.protocolPB.OzoneManagerProtocolServerSideTranslatorPB.submitRequestDirectlyToOM(OzoneManagerProtocolServerSideTranslatorPB.java:319) ~[ozone-manager-1.4.0-SNAPSHOT.jar:?]
	at org.apache.hadoop.ozone.protocolPB.OzoneManagerProtocolServerSideTranslatorPB.internalProcessRequest(OzoneManagerProtocolServerSideTranslatorPB.java:207) ~[ozone-manager-1.4.0-SNAPSHOT.jar:?]
	at org.apache.hadoop.ozone.protocolPB.OzoneManagerProtocolServerSideTranslatorPB.processRequest(OzoneManagerProtocolServerSideTranslatorPB.java:171) ~[ozone-manager-1.4.0-SNAPSHOT.jar:?]
	at org.apache.hadoop.hdds.server.OzoneProtocolMessageDispatcher.processRequest(OzoneProtocolMessageDispatcher.java:89) [hdds-server-framework-1.4.0-SNAPSHOT.jar:?]
	at org.apache.hadoop.ozone.protocolPB.OzoneManagerProtocolServerSideTranslatorPB.submitRequest(OzoneManagerProtocolServerSideTranslatorPB.java:162) [ozone-manager-1.4.0-SNAPSHOT.jar:?]
	at org.apache.hadoop.ozone.protocol.proto.OzoneManagerProtocolProtos$OzoneManagerService$2.callBlockingMethod(OzoneManagerProtocolProtos.java) [ozone-interface-client-1.4.0-SNAPSHOT.jar:?]
	at org.apache.hadoop.ipc.ProtobufRpcEngine$Server.processCall(ProtobufRpcEngine.java:484) [hadoop-common-3.3.6.jar:?]
	at org.apache.hadoop.ipc.ProtobufRpcEngine2$Server$ProtoBufRpcInvoker.call(ProtobufRpcEngine2.java:595) [hadoop-common-3.3.6.jar:?]
	at org.apache.hadoop.ipc.ProtobufRpcEngine2$Server$ProtoBufRpcInvoker.call(ProtobufRpcEngine2.java:573) [hadoop-common-3.3.6.jar:?]
	at org.apache.hadoop.ipc.RPC$Server.call(RPC.java:1227) [hadoop-common-3.3.6.jar:?]
	at org.apache.hadoop.ipc.Server$RpcCall.run(Server.java:1094) [hadoop-common-3.3.6.jar:?]
	at org.apache.hadoop.ipc.Server$RpcCall.run(Server.java:1017) [hadoop-common-3.3.6.jar:?]
	at java.security.AccessController.doPrivileged(Native Method) ~[?:1.8.0_392]
	at javax.security.auth.Subject.doAs(Subject.java:422) [?:1.8.0_392]
	at org.apache.hadoop.security.UserGroupInformation.doAs(UserGroupInformation.java:1899) [hadoop-common-3.3.6.jar:?]
	at org.apache.hadoop.ipc.Server$Handler.run(Server.java:3048) [hadoop-common-3.3.6.jar:?]
14:17:38.111 [IPC Server handler 18 on default port 15057] ERROR OMAudit - user=runner | ip=127.0.0.1 | op=LIST_STATUS {volume=volume48931, bucket=bucket54568, key=d1/d2/key2, dataSize=0, replicationConfig=null} | ret=FAILURE
org.apache.hadoop.ozone.om.exceptions.OMException: Unable to get file status: volume: volume48931 bucket: bucket54568 key: d1/d2/key2
	at org.apache.hadoop.ozone.om.KeyManagerImpl.getOzoneFileStatusFSO(KeyManagerImpl.java:1356) ~[ozone-manager-1.4.0-SNAPSHOT.jar:?]
	at org.apache.hadoop.ozone.om.OzoneListStatusHelper.listStatusFSO(OzoneListStatusHelper.java:154) ~[ozone-manager-1.4.0-SNAPSHOT.jar:?]
	at org.apache.hadoop.ozone.om.KeyManagerImpl.listStatus(KeyManagerImpl.java:1567) ~[ozone-manager-1.4.0-SNAPSHOT.jar:?]
	at org.apache.hadoop.ozone.om.OmMetadataReader.listStatus(OmMetadataReader.java:240) ~[ozone-manager-1.4.0-SNAPSHOT.jar:?]
	at org.apache.hadoop.ozone.om.OzoneManager.listStatus(OzoneManager.java:3659) ~[ozone-manager-1.4.0-SNAPSHOT.jar:?]
	at org.apache.hadoop.ozone.protocolPB.OzoneManagerRequestHandler.listStatus(OzoneManagerRequestHandler.java:1182) ~[ozone-manager-1.4.0-SNAPSHOT.jar:?]
	at org.apache.hadoop.ozone.protocolPB.OzoneManagerRequestHandler.handleReadRequest(OzoneManagerRequestHandler.java:273) ~[ozone-manager-1.4.0-SNAPSHOT.jar:?]
	at org.apache.hadoop.ozone.protocolPB.OzoneManagerProtocolServerSideTranslatorPB.submitRequestDirectlyToOM(OzoneManagerProtocolServerSideTranslatorPB.java:319) ~[ozone-manager-1.4.0-SNAPSHOT.jar:?]
	at org.apache.hadoop.ozone.protocolPB.OzoneManagerProtocolServerSideTranslatorPB.internalProcessRequest(OzoneManagerProtocolServerSideTranslatorPB.java:207) ~[ozone-manager-1.4.0-SNAPSHOT.jar:?]
	at org.apache.hadoop.ozone.protocolPB.OzoneManagerProtocolServerSideTranslatorPB.processRequest(OzoneManagerProtocolServerSideTranslatorPB.java:171) ~[ozone-manager-1.4.0-SNAPSHOT.jar:?]
	at org.apache.hadoop.hdds.server.OzoneProtocolMessageDispatcher.processRequest(OzoneProtocolMessageDispatcher.java:89) [hdds-server-framework-1.4.0-SNAPSHOT.jar:?]
	at org.apache.hadoop.ozone.protocolPB.OzoneManagerProtocolServerSideTranslatorPB.submitRequest(OzoneManagerProtocolServerSideTranslatorPB.java:162) [ozone-manager-1.4.0-SNAPSHOT.jar:?]
	at org.apache.hadoop.ozone.protocol.proto.OzoneManagerProtocolProtos$OzoneManagerService$2.callBlockingMethod(OzoneManagerProtocolProtos.java) [ozone-interface-client-1.4.0-SNAPSHOT.jar:?]
	at org.apache.hadoop.ipc.ProtobufRpcEngine$Server.processCall(ProtobufRpcEngine.java:484) [hadoop-common-3.3.6.jar:?]
	at org.apache.hadoop.ipc.ProtobufRpcEngine2$Server$ProtoBufRpcInvoker.call(ProtobufRpcEngine2.java:595) [hadoop-common-3.3.6.jar:?]
	at org.apache.hadoop.ipc.ProtobufRpcEngine2$Server$ProtoBufRpcInvoker.call(ProtobufRpcEngine2.java:573) [hadoop-common-3.3.6.jar:?]
	at org.apache.hadoop.ipc.RPC$Server.call(RPC.java:1227) [hadoop-common-3.3.6.jar:?]
	at org.apache.hadoop.ipc.Server$RpcCall.run(Server.java:1094) [hadoop-common-3.3.6.jar:?]
	at org.apache.hadoop.ipc.Server$RpcCall.run(Server.java:1017) [hadoop-common-3.3.6.jar:?]
	at java.security.AccessController.doPrivileged(Native Method) ~[?:1.8.0_392]
	at javax.security.auth.Subject.doAs(Subject.java:422) [?:1.8.0_392]
	at org.apache.hadoop.security.UserGroupInformation.doAs(UserGroupInformation.java:1899) [hadoop-common-3.3.6.jar:?]
	at org.apache.hadoop.ipc.Server$Handler.run(Server.java:3048) [hadoop-common-3.3.6.jar:?]
]]></system-out>
  </testcase>
  <testcase name="testGetTrashRoot" classname="TestOzoneFileSystemWithFSO" time="0.004"/>
  <testcase name="testGetTrashRoot" classname="TestOzoneFileSystemWithFSO" time="0.003"/>
  <testcase name="testSeekOnFileLength" classname="TestOzoneFileSystemWithFSO" time="0.106">
    <system-out><![CDATA[2023-11-20 14:17:11,067 [IPC Server handler 10 on default port 15001] WARN  node.SCMNodeManager (SCMNodeManager.java:getNodesByAddress(1373)) - Cannot find node for address 127.0.0.1
14:17:11.083 [IPC Server handler 16 on default port 15004] ERROR OMAudit - user=runner | ip=127.0.0.1 | op=READ_KEY {volume=volume73660, bucket=bucket24382, key=file_notexist, dataSize=0, replicationConfig=null} | ret=FAILURE
org.apache.hadoop.ozone.om.exceptions.OMException: Key:file_notexist not found
	at org.apache.hadoop.ozone.om.KeyManagerImpl.readKeyInfo(KeyManagerImpl.java:451) ~[ozone-manager-1.4.0-SNAPSHOT.jar:?]
	at org.apache.hadoop.ozone.om.KeyManagerImpl.lambda$9(KeyManagerImpl.java:2011) ~[ozone-manager-1.4.0-SNAPSHOT.jar:?]
	at org.apache.hadoop.util.MetricUtil.captureLatencyNs(MetricUtil.java:39) ~[hdds-common-1.4.0-SNAPSHOT.jar:?]
	at org.apache.hadoop.ozone.om.KeyManagerImpl.getKeyInfo(KeyManagerImpl.java:2009) ~[ozone-manager-1.4.0-SNAPSHOT.jar:?]
	at org.apache.hadoop.ozone.om.OmMetadataReader.getKeyInfo(OmMetadataReader.java:190) ~[ozone-manager-1.4.0-SNAPSHOT.jar:?]
	at org.apache.hadoop.ozone.om.OzoneManager.getKeyInfo(OzoneManager.java:2869) ~[ozone-manager-1.4.0-SNAPSHOT.jar:?]
	at org.apache.hadoop.ozone.protocolPB.OzoneManagerRequestHandler.getKeyInfo(OzoneManagerRequestHandler.java:606) ~[ozone-manager-1.4.0-SNAPSHOT.jar:?]
	at org.apache.hadoop.ozone.protocolPB.OzoneManagerRequestHandler.handleReadRequest(OzoneManagerRequestHandler.java:322) ~[ozone-manager-1.4.0-SNAPSHOT.jar:?]
	at org.apache.hadoop.ozone.protocolPB.OzoneManagerProtocolServerSideTranslatorPB.submitReadRequestToOM(OzoneManagerProtocolServerSideTranslatorPB.java:265) ~[ozone-manager-1.4.0-SNAPSHOT.jar:?]
	at org.apache.hadoop.ozone.protocolPB.OzoneManagerProtocolServerSideTranslatorPB.internalProcessRequest(OzoneManagerProtocolServerSideTranslatorPB.java:211) ~[ozone-manager-1.4.0-SNAPSHOT.jar:?]
	at org.apache.hadoop.ozone.protocolPB.OzoneManagerProtocolServerSideTranslatorPB.processRequest(OzoneManagerProtocolServerSideTranslatorPB.java:171) ~[ozone-manager-1.4.0-SNAPSHOT.jar:?]
	at org.apache.hadoop.hdds.server.OzoneProtocolMessageDispatcher.processRequest(OzoneProtocolMessageDispatcher.java:89) [hdds-server-framework-1.4.0-SNAPSHOT.jar:?]
	at org.apache.hadoop.ozone.protocolPB.OzoneManagerProtocolServerSideTranslatorPB.submitRequest(OzoneManagerProtocolServerSideTranslatorPB.java:162) [ozone-manager-1.4.0-SNAPSHOT.jar:?]
	at org.apache.hadoop.ozone.protocol.proto.OzoneManagerProtocolProtos$OzoneManagerService$2.callBlockingMethod(OzoneManagerProtocolProtos.java) [ozone-interface-client-1.4.0-SNAPSHOT.jar:?]
	at org.apache.hadoop.ipc.ProtobufRpcEngine$Server.processCall(ProtobufRpcEngine.java:484) [hadoop-common-3.3.6.jar:?]
	at org.apache.hadoop.ipc.ProtobufRpcEngine2$Server$ProtoBufRpcInvoker.call(ProtobufRpcEngine2.java:595) [hadoop-common-3.3.6.jar:?]
	at org.apache.hadoop.ipc.ProtobufRpcEngine2$Server$ProtoBufRpcInvoker.call(ProtobufRpcEngine2.java:573) [hadoop-common-3.3.6.jar:?]
	at org.apache.hadoop.ipc.RPC$Server.call(RPC.java:1227) [hadoop-common-3.3.6.jar:?]
	at org.apache.hadoop.ipc.Server$RpcCall.run(Server.java:1094) [hadoop-common-3.3.6.jar:?]
	at org.apache.hadoop.ipc.Server$RpcCall.run(Server.java:1017) [hadoop-common-3.3.6.jar:?]
	at java.security.AccessController.doPrivileged(Native Method) ~[?:1.8.0_392]
	at javax.security.auth.Subject.doAs(Subject.java:422) [?:1.8.0_392]
	at org.apache.hadoop.security.UserGroupInformation.doAs(UserGroupInformation.java:1899) [hadoop-common-3.3.6.jar:?]
	at org.apache.hadoop.ipc.Server$Handler.run(Server.java:3048) [hadoop-common-3.3.6.jar:?]
]]></system-out>
  </testcase>
  <testcase name="testSeekOnFileLength" classname="TestOzoneFileSystemWithFSO" time="0.077">
    <system-out><![CDATA[2023-11-20 14:17:38,191 [IPC Server handler 11 on default port 15054] WARN  node.SCMNodeManager (SCMNodeManager.java:getNodesByAddress(1373)) - Cannot find node for address 127.0.0.1
14:17:38.194 [IPC Server handler 10 on default port 15057] ERROR OMAudit - user=runner | ip=127.0.0.1 | op=READ_KEY {volume=volume48931, bucket=bucket54568, key=file_notexist, dataSize=0, replicationConfig=null} | ret=FAILURE
org.apache.hadoop.ozone.om.exceptions.OMException: Key:file_notexist not found
	at org.apache.hadoop.ozone.om.KeyManagerImpl.readKeyInfo(KeyManagerImpl.java:451) ~[ozone-manager-1.4.0-SNAPSHOT.jar:?]
	at org.apache.hadoop.ozone.om.KeyManagerImpl.lambda$9(KeyManagerImpl.java:2011) ~[ozone-manager-1.4.0-SNAPSHOT.jar:?]
	at org.apache.hadoop.util.MetricUtil.captureLatencyNs(MetricUtil.java:39) ~[hdds-common-1.4.0-SNAPSHOT.jar:?]
	at org.apache.hadoop.ozone.om.KeyManagerImpl.getKeyInfo(KeyManagerImpl.java:2009) ~[ozone-manager-1.4.0-SNAPSHOT.jar:?]
	at org.apache.hadoop.ozone.om.OmMetadataReader.getKeyInfo(OmMetadataReader.java:190) ~[ozone-manager-1.4.0-SNAPSHOT.jar:?]
	at org.apache.hadoop.ozone.om.OzoneManager.getKeyInfo(OzoneManager.java:2869) ~[ozone-manager-1.4.0-SNAPSHOT.jar:?]
	at org.apache.hadoop.ozone.protocolPB.OzoneManagerRequestHandler.getKeyInfo(OzoneManagerRequestHandler.java:606) ~[ozone-manager-1.4.0-SNAPSHOT.jar:?]
	at org.apache.hadoop.ozone.protocolPB.OzoneManagerRequestHandler.handleReadRequest(OzoneManagerRequestHandler.java:322) ~[ozone-manager-1.4.0-SNAPSHOT.jar:?]
	at org.apache.hadoop.ozone.protocolPB.OzoneManagerProtocolServerSideTranslatorPB.submitRequestDirectlyToOM(OzoneManagerProtocolServerSideTranslatorPB.java:319) ~[ozone-manager-1.4.0-SNAPSHOT.jar:?]
	at org.apache.hadoop.ozone.protocolPB.OzoneManagerProtocolServerSideTranslatorPB.internalProcessRequest(OzoneManagerProtocolServerSideTranslatorPB.java:207) ~[ozone-manager-1.4.0-SNAPSHOT.jar:?]
	at org.apache.hadoop.ozone.protocolPB.OzoneManagerProtocolServerSideTranslatorPB.processRequest(OzoneManagerProtocolServerSideTranslatorPB.java:171) ~[ozone-manager-1.4.0-SNAPSHOT.jar:?]
	at org.apache.hadoop.hdds.server.OzoneProtocolMessageDispatcher.processRequest(OzoneProtocolMessageDispatcher.java:89) [hdds-server-framework-1.4.0-SNAPSHOT.jar:?]
	at org.apache.hadoop.ozone.protocolPB.OzoneManagerProtocolServerSideTranslatorPB.submitRequest(OzoneManagerProtocolServerSideTranslatorPB.java:162) [ozone-manager-1.4.0-SNAPSHOT.jar:?]
	at org.apache.hadoop.ozone.protocol.proto.OzoneManagerProtocolProtos$OzoneManagerService$2.callBlockingMethod(OzoneManagerProtocolProtos.java) [ozone-interface-client-1.4.0-SNAPSHOT.jar:?]
	at org.apache.hadoop.ipc.ProtobufRpcEngine$Server.processCall(ProtobufRpcEngine.java:484) [hadoop-common-3.3.6.jar:?]
	at org.apache.hadoop.ipc.ProtobufRpcEngine2$Server$ProtoBufRpcInvoker.call(ProtobufRpcEngine2.java:595) [hadoop-common-3.3.6.jar:?]
	at org.apache.hadoop.ipc.ProtobufRpcEngine2$Server$ProtoBufRpcInvoker.call(ProtobufRpcEngine2.java:573) [hadoop-common-3.3.6.jar:?]
	at org.apache.hadoop.ipc.RPC$Server.call(RPC.java:1227) [hadoop-common-3.3.6.jar:?]
	at org.apache.hadoop.ipc.Server$RpcCall.run(Server.java:1094) [hadoop-common-3.3.6.jar:?]
	at org.apache.hadoop.ipc.Server$RpcCall.run(Server.java:1017) [hadoop-common-3.3.6.jar:?]
	at java.security.AccessController.doPrivileged(Native Method) ~[?:1.8.0_392]
	at javax.security.auth.Subject.doAs(Subject.java:422) [?:1.8.0_392]
	at org.apache.hadoop.security.UserGroupInformation.doAs(UserGroupInformation.java:1899) [hadoop-common-3.3.6.jar:?]
	at org.apache.hadoop.ipc.Server$Handler.run(Server.java:3048) [hadoop-common-3.3.6.jar:?]
]]></system-out>
  </testcase>
  <testcase name="testRenameFile" classname="TestOzoneFileSystemWithFSO" time="0.051"/>
  <testcase name="testRenameFile" classname="TestOzoneFileSystemWithFSO" time="0.025"/>
  <testcase name="testRenameDir" classname="TestOzoneFileSystemWithFSO" time="0.017">
    <system-out><![CDATA[2023-11-20 14:17:11,146 [Time-limited test] INFO  ozone.TestOzoneFileSystem (TestOzoneFileSystem.java:testRenameDir(1400)) - Created dir o3fs://bucket24382.volume73660/root_dir/dir1/sub_dir1
2023-11-20 14:17:11,147 [Time-limited test] INFO  ozone.TestOzoneFileSystem (TestOzoneFileSystem.java:testRenameDir(1401)) - Will move o3fs://bucket24382.volume73660/root_dir/dir1 to o3fs://bucket24382.volume73660/root_dir/dir1.renamed
]]></system-out>
  </testcase>
  <testcase name="testRenameDir" classname="TestOzoneFileSystemWithFSO" time="0.008">
    <system-out><![CDATA[2023-11-20 14:17:38,225 [Time-limited test] INFO  ozone.TestOzoneFileSystem (TestOzoneFileSystem.java:testRenameDir(1400)) - Created dir o3fs://bucket54568.volume48931/root_dir/dir1/sub_dir1
2023-11-20 14:17:38,225 [Time-limited test] INFO  ozone.TestOzoneFileSystem (TestOzoneFileSystem.java:testRenameDir(1401)) - Will move o3fs://bucket54568.volume48931/root_dir/dir1 to o3fs://bucket54568.volume48931/root_dir/dir1.renamed
]]></system-out>
  </testcase>
  <testcase name="testListStatusIteratorOnSubDirs" classname="TestOzoneFileSystemWithFSO" time="0.029"/>
  <testcase name="testListStatusIteratorOnSubDirs" classname="TestOzoneFileSystemWithFSO" time="0.016"/>
  <testcase name="testAllocateMoreThanOneBlock" classname="TestOzoneFileSystemWithFSO" time="0.298">
    <system-out><![CDATA[2023-11-20 14:17:11,476 [IPC Server handler 12 on default port 15001] WARN  node.SCMNodeManager (SCMNodeManager.java:getNodesByAddress(1373)) - Cannot find node for address 127.0.0.1
]]></system-out>
  </testcase>
  <testcase name="testAllocateMoreThanOneBlock" classname="TestOzoneFileSystemWithFSO" time="0.229">
    <system-out><![CDATA[2023-11-20 14:17:38,469 [IPC Server handler 4 on default port 15054] WARN  node.SCMNodeManager (SCMNodeManager.java:getNodesByAddress(1373)) - Cannot find node for address 127.0.0.1
]]></system-out>
  </testcase>
  <testcase name="testRenameToExistingDir" classname="TestOzoneFileSystemWithFSO" time="0.025"/>
  <testcase name="testRenameToExistingDir" classname="TestOzoneFileSystemWithFSO" time="0.01"/>
  <testcase name="testGetDirectoryModificationTime" classname="TestOzoneFileSystemWithFSO" time="0">
    <skipped type="org.junit.AssumptionViolatedException"><![CDATA[org.junit.AssumptionViolatedException: got: <true>, expected: is <false>
	at org.junit.Assume.assumeThat(Assume.java:106)
	at org.junit.Assume.assumeFalse(Assume.java:57)
	at org.apache.hadoop.fs.ozone.TestOzoneFileSystem.testGetDirectoryModificationTime(TestOzoneFileSystem.java:1433)
	at sun.reflect.NativeMethodAccessorImpl.invoke0(Native Method)
	at sun.reflect.NativeMethodAccessorImpl.invoke(NativeMethodAccessorImpl.java:62)
	at sun.reflect.DelegatingMethodAccessorImpl.invoke(DelegatingMethodAccessorImpl.java:43)
	at java.lang.reflect.Method.invoke(Method.java:498)
	at org.junit.runners.model.FrameworkMethod$1.runReflectiveCall(FrameworkMethod.java:59)
	at org.junit.internal.runners.model.ReflectiveCallable.run(ReflectiveCallable.java:12)
	at org.junit.runners.model.FrameworkMethod.invokeExplosively(FrameworkMethod.java:56)
	at org.junit.internal.runners.statements.InvokeMethod.evaluate(InvokeMethod.java:17)
	at org.junit.internal.runners.statements.RunAfters.evaluate(RunAfters.java:27)
	at org.junit.internal.runners.statements.FailOnTimeout$CallableStatement.call(FailOnTimeout.java:288)
	at org.junit.internal.runners.statements.FailOnTimeout$CallableStatement.call(FailOnTimeout.java:282)
	at java.util.concurrent.FutureTask.run(FutureTask.java:266)
	at java.lang.Thread.run(Thread.java:750)
]]></skipped>
  </testcase>
  <testcase name="testGetDirectoryModificationTime" classname="TestOzoneFileSystemWithFSO" time="0">
    <skipped type="org.junit.AssumptionViolatedException"><![CDATA[org.junit.AssumptionViolatedException: got: <true>, expected: is <false>
	at org.junit.Assume.assumeThat(Assume.java:106)
	at org.junit.Assume.assumeFalse(Assume.java:57)
	at org.apache.hadoop.fs.ozone.TestOzoneFileSystem.testGetDirectoryModificationTime(TestOzoneFileSystem.java:1433)
	at sun.reflect.NativeMethodAccessorImpl.invoke0(Native Method)
	at sun.reflect.NativeMethodAccessorImpl.invoke(NativeMethodAccessorImpl.java:62)
	at sun.reflect.DelegatingMethodAccessorImpl.invoke(DelegatingMethodAccessorImpl.java:43)
	at java.lang.reflect.Method.invoke(Method.java:498)
	at org.junit.runners.model.FrameworkMethod$1.runReflectiveCall(FrameworkMethod.java:59)
	at org.junit.internal.runners.model.ReflectiveCallable.run(ReflectiveCallable.java:12)
	at org.junit.runners.model.FrameworkMethod.invokeExplosively(FrameworkMethod.java:56)
	at org.junit.internal.runners.statements.InvokeMethod.evaluate(InvokeMethod.java:17)
	at org.junit.internal.runners.statements.RunAfters.evaluate(RunAfters.java:27)
	at org.junit.internal.runners.statements.FailOnTimeout$CallableStatement.call(FailOnTimeout.java:288)
	at org.junit.internal.runners.statements.FailOnTimeout$CallableStatement.call(FailOnTimeout.java:282)
	at java.util.concurrent.FutureTask.run(FutureTask.java:266)
	at java.lang.Thread.run(Thread.java:750)
]]></skipped>
  </testcase>
  <testcase name="testOzoneFsServiceLoader" classname="TestOzoneFileSystemWithFSO" time="0">
    <skipped type="org.junit.AssumptionViolatedException"><![CDATA[org.junit.AssumptionViolatedException: got: <true>, expected: is <false>
	at org.junit.Assume.assumeThat(Assume.java:106)
	at org.junit.Assume.assumeFalse(Assume.java:57)
	at org.apache.hadoop.fs.ozone.TestOzoneFileSystem.testOzoneFsServiceLoader(TestOzoneFileSystem.java:414)
	at sun.reflect.NativeMethodAccessorImpl.invoke0(Native Method)
	at sun.reflect.NativeMethodAccessorImpl.invoke(NativeMethodAccessorImpl.java:62)
	at sun.reflect.DelegatingMethodAccessorImpl.invoke(DelegatingMethodAccessorImpl.java:43)
	at java.lang.reflect.Method.invoke(Method.java:498)
	at org.junit.runners.model.FrameworkMethod$1.runReflectiveCall(FrameworkMethod.java:59)
	at org.junit.internal.runners.model.ReflectiveCallable.run(ReflectiveCallable.java:12)
	at org.junit.runners.model.FrameworkMethod.invokeExplosively(FrameworkMethod.java:56)
	at org.junit.internal.runners.statements.InvokeMethod.evaluate(InvokeMethod.java:17)
	at org.junit.internal.runners.statements.RunAfters.evaluate(RunAfters.java:27)
	at org.junit.internal.runners.statements.FailOnTimeout$CallableStatement.call(FailOnTimeout.java:288)
	at org.junit.internal.runners.statements.FailOnTimeout$CallableStatement.call(FailOnTimeout.java:282)
	at java.util.concurrent.FutureTask.run(FutureTask.java:266)
	at java.lang.Thread.run(Thread.java:750)
]]></skipped>
  </testcase>
  <testcase name="testOzoneFsServiceLoader" classname="TestOzoneFileSystemWithFSO" time="0">
    <skipped type="org.junit.AssumptionViolatedException"><![CDATA[org.junit.AssumptionViolatedException: got: <true>, expected: is <false>
	at org.junit.Assume.assumeThat(Assume.java:106)
	at org.junit.Assume.assumeFalse(Assume.java:57)
	at org.apache.hadoop.fs.ozone.TestOzoneFileSystem.testOzoneFsServiceLoader(TestOzoneFileSystem.java:414)
	at sun.reflect.NativeMethodAccessorImpl.invoke0(Native Method)
	at sun.reflect.NativeMethodAccessorImpl.invoke(NativeMethodAccessorImpl.java:62)
	at sun.reflect.DelegatingMethodAccessorImpl.invoke(DelegatingMethodAccessorImpl.java:43)
	at java.lang.reflect.Method.invoke(Method.java:498)
	at org.junit.runners.model.FrameworkMethod$1.runReflectiveCall(FrameworkMethod.java:59)
	at org.junit.internal.runners.model.ReflectiveCallable.run(ReflectiveCallable.java:12)
	at org.junit.runners.model.FrameworkMethod.invokeExplosively(FrameworkMethod.java:56)
	at org.junit.internal.runners.statements.InvokeMethod.evaluate(InvokeMethod.java:17)
	at org.junit.internal.runners.statements.RunAfters.evaluate(RunAfters.java:27)
	at org.junit.internal.runners.statements.FailOnTimeout$CallableStatement.call(FailOnTimeout.java:288)
	at org.junit.internal.runners.statements.FailOnTimeout$CallableStatement.call(FailOnTimeout.java:282)
	at java.util.concurrent.FutureTask.run(FutureTask.java:266)
	at java.lang.Thread.run(Thread.java:750)
]]></skipped>
  </testcase>
  <testcase name="testTrash" classname="TestOzoneFileSystemWithFSO" time="3.561">
    <system-out><![CDATA[14:17:11.542 [IPC Server handler 18 on default port 15004] ERROR OMAudit - user=runner | ip=127.0.0.1 | op=GET_FILE_STATUS {volume=volume73660, bucket=bucket24382, key=.Trash/runner, dataSize=0, replicationConfig=null} | ret=FAILURE
org.apache.hadoop.ozone.om.exceptions.OMException: Unable to get file status: volume: volume73660 bucket: bucket24382 key: .Trash/runner
	at org.apache.hadoop.ozone.om.KeyManagerImpl.getOzoneFileStatusFSO(KeyManagerImpl.java:1356) ~[ozone-manager-1.4.0-SNAPSHOT.jar:?]
	at org.apache.hadoop.ozone.om.KeyManagerImpl.getFileStatus(KeyManagerImpl.java:1140) ~[ozone-manager-1.4.0-SNAPSHOT.jar:?]
	at org.apache.hadoop.ozone.om.OmMetadataReader.getFileStatus(OmMetadataReader.java:279) ~[ozone-manager-1.4.0-SNAPSHOT.jar:?]
	at org.apache.hadoop.ozone.om.OzoneManager.getFileStatus(OzoneManager.java:3629) ~[ozone-manager-1.4.0-SNAPSHOT.jar:?]
	at org.apache.hadoop.ozone.protocolPB.OzoneManagerRequestHandler.getOzoneFileStatus(OzoneManagerRequestHandler.java:1010) ~[ozone-manager-1.4.0-SNAPSHOT.jar:?]
	at org.apache.hadoop.ozone.protocolPB.OzoneManagerRequestHandler.handleReadRequest(OzoneManagerRequestHandler.java:262) ~[ozone-manager-1.4.0-SNAPSHOT.jar:?]
	at org.apache.hadoop.ozone.protocolPB.OzoneManagerProtocolServerSideTranslatorPB.submitReadRequestToOM(OzoneManagerProtocolServerSideTranslatorPB.java:265) ~[ozone-manager-1.4.0-SNAPSHOT.jar:?]
	at org.apache.hadoop.ozone.protocolPB.OzoneManagerProtocolServerSideTranslatorPB.internalProcessRequest(OzoneManagerProtocolServerSideTranslatorPB.java:211) ~[ozone-manager-1.4.0-SNAPSHOT.jar:?]
	at org.apache.hadoop.ozone.protocolPB.OzoneManagerProtocolServerSideTranslatorPB.processRequest(OzoneManagerProtocolServerSideTranslatorPB.java:171) ~[ozone-manager-1.4.0-SNAPSHOT.jar:?]
	at org.apache.hadoop.hdds.server.OzoneProtocolMessageDispatcher.processRequest(OzoneProtocolMessageDispatcher.java:89) [hdds-server-framework-1.4.0-SNAPSHOT.jar:?]
	at org.apache.hadoop.ozone.protocolPB.OzoneManagerProtocolServerSideTranslatorPB.submitRequest(OzoneManagerProtocolServerSideTranslatorPB.java:162) [ozone-manager-1.4.0-SNAPSHOT.jar:?]
	at org.apache.hadoop.ozone.protocol.proto.OzoneManagerProtocolProtos$OzoneManagerService$2.callBlockingMethod(OzoneManagerProtocolProtos.java) [ozone-interface-client-1.4.0-SNAPSHOT.jar:?]
	at org.apache.hadoop.ipc.ProtobufRpcEngine$Server.processCall(ProtobufRpcEngine.java:484) [hadoop-common-3.3.6.jar:?]
	at org.apache.hadoop.ipc.ProtobufRpcEngine2$Server$ProtoBufRpcInvoker.call(ProtobufRpcEngine2.java:595) [hadoop-common-3.3.6.jar:?]
	at org.apache.hadoop.ipc.ProtobufRpcEngine2$Server$ProtoBufRpcInvoker.call(ProtobufRpcEngine2.java:573) [hadoop-common-3.3.6.jar:?]
	at org.apache.hadoop.ipc.RPC$Server.call(RPC.java:1227) [hadoop-common-3.3.6.jar:?]
	at org.apache.hadoop.ipc.Server$RpcCall.run(Server.java:1094) [hadoop-common-3.3.6.jar:?]
	at org.apache.hadoop.ipc.Server$RpcCall.run(Server.java:1017) [hadoop-common-3.3.6.jar:?]
	at java.security.AccessController.doPrivileged(Native Method) ~[?:1.8.0_392]
	at javax.security.auth.Subject.doAs(Subject.java:422) [?:1.8.0_392]
	at org.apache.hadoop.security.UserGroupInformation.doAs(UserGroupInformation.java:1899) [hadoop-common-3.3.6.jar:?]
	at org.apache.hadoop.ipc.Server$Handler.run(Server.java:3048) [hadoop-common-3.3.6.jar:?]
14:17:11.550 [IPC Server handler 10 on default port 15004] ERROR OMAudit - user=runner | ip=127.0.0.1 | op=GET_FILE_STATUS {volume=volume73660, bucket=bucket24382, key=.Trash/runner/Current/testKey2, dataSize=0, replicationConfig=null} | ret=FAILURE
org.apache.hadoop.ozone.om.exceptions.OMException: Unable to get file status: volume: volume73660 bucket: bucket24382 key: .Trash/runner/Current/testKey2
	at org.apache.hadoop.ozone.om.KeyManagerImpl.getOzoneFileStatusFSO(KeyManagerImpl.java:1356) ~[ozone-manager-1.4.0-SNAPSHOT.jar:?]
	at org.apache.hadoop.ozone.om.KeyManagerImpl.getFileStatus(KeyManagerImpl.java:1140) ~[ozone-manager-1.4.0-SNAPSHOT.jar:?]
	at org.apache.hadoop.ozone.om.OmMetadataReader.getFileStatus(OmMetadataReader.java:279) ~[ozone-manager-1.4.0-SNAPSHOT.jar:?]
	at org.apache.hadoop.ozone.om.OzoneManager.getFileStatus(OzoneManager.java:3629) ~[ozone-manager-1.4.0-SNAPSHOT.jar:?]
	at org.apache.hadoop.ozone.protocolPB.OzoneManagerRequestHandler.getOzoneFileStatus(OzoneManagerRequestHandler.java:1010) ~[ozone-manager-1.4.0-SNAPSHOT.jar:?]
	at org.apache.hadoop.ozone.protocolPB.OzoneManagerRequestHandler.handleReadRequest(OzoneManagerRequestHandler.java:262) ~[ozone-manager-1.4.0-SNAPSHOT.jar:?]
	at org.apache.hadoop.ozone.protocolPB.OzoneManagerProtocolServerSideTranslatorPB.submitReadRequestToOM(OzoneManagerProtocolServerSideTranslatorPB.java:265) ~[ozone-manager-1.4.0-SNAPSHOT.jar:?]
	at org.apache.hadoop.ozone.protocolPB.OzoneManagerProtocolServerSideTranslatorPB.internalProcessRequest(OzoneManagerProtocolServerSideTranslatorPB.java:211) ~[ozone-manager-1.4.0-SNAPSHOT.jar:?]
	at org.apache.hadoop.ozone.protocolPB.OzoneManagerProtocolServerSideTranslatorPB.processRequest(OzoneManagerProtocolServerSideTranslatorPB.java:171) ~[ozone-manager-1.4.0-SNAPSHOT.jar:?]
	at org.apache.hadoop.hdds.server.OzoneProtocolMessageDispatcher.processRequest(OzoneProtocolMessageDispatcher.java:89) [hdds-server-framework-1.4.0-SNAPSHOT.jar:?]
	at org.apache.hadoop.ozone.protocolPB.OzoneManagerProtocolServerSideTranslatorPB.submitRequest(OzoneManagerProtocolServerSideTranslatorPB.java:162) [ozone-manager-1.4.0-SNAPSHOT.jar:?]
	at org.apache.hadoop.ozone.protocol.proto.OzoneManagerProtocolProtos$OzoneManagerService$2.callBlockingMethod(OzoneManagerProtocolProtos.java) [ozone-interface-client-1.4.0-SNAPSHOT.jar:?]
	at org.apache.hadoop.ipc.ProtobufRpcEngine$Server.processCall(ProtobufRpcEngine.java:484) [hadoop-common-3.3.6.jar:?]
	at org.apache.hadoop.ipc.ProtobufRpcEngine2$Server$ProtoBufRpcInvoker.call(ProtobufRpcEngine2.java:595) [hadoop-common-3.3.6.jar:?]
	at org.apache.hadoop.ipc.ProtobufRpcEngine2$Server$ProtoBufRpcInvoker.call(ProtobufRpcEngine2.java:573) [hadoop-common-3.3.6.jar:?]
	at org.apache.hadoop.ipc.RPC$Server.call(RPC.java:1227) [hadoop-common-3.3.6.jar:?]
	at org.apache.hadoop.ipc.Server$RpcCall.run(Server.java:1094) [hadoop-common-3.3.6.jar:?]
	at org.apache.hadoop.ipc.Server$RpcCall.run(Server.java:1017) [hadoop-common-3.3.6.jar:?]
	at java.security.AccessController.doPrivileged(Native Method) ~[?:1.8.0_392]
	at javax.security.auth.Subject.doAs(Subject.java:422) [?:1.8.0_392]
	at org.apache.hadoop.security.UserGroupInformation.doAs(UserGroupInformation.java:1899) [hadoop-common-3.3.6.jar:?]
	at org.apache.hadoop.ipc.Server$Handler.run(Server.java:3048) [hadoop-common-3.3.6.jar:?]
2023-11-20 14:17:11,556 [Time-limited test] INFO  om.TrashPolicyOzone (TrashPolicyOzone.java:moveToTrash(214)) - Moved: '/testKey2' to trash at: o3fs://bucket24382.volume73660/.Trash/runner/Current/testKey2
14:17:12.070 [IPC Server handler 5 on default port 15004] ERROR OMAudit - user=runner | ip=127.0.0.1 | op=GET_FILE_STATUS {volume=volume73660, bucket=bucket24382, key=.Trash/runner/Current/testKey2, dataSize=0, replicationConfig=null} | ret=FAILURE
org.apache.hadoop.ozone.om.exceptions.OMException: Unable to get file status: volume: volume73660 bucket: bucket24382 key: .Trash/runner/Current/testKey2
	at org.apache.hadoop.ozone.om.KeyManagerImpl.getOzoneFileStatusFSO(KeyManagerImpl.java:1356) ~[ozone-manager-1.4.0-SNAPSHOT.jar:?]
	at org.apache.hadoop.ozone.om.KeyManagerImpl.getFileStatus(KeyManagerImpl.java:1140) ~[ozone-manager-1.4.0-SNAPSHOT.jar:?]
	at org.apache.hadoop.ozone.om.OmMetadataReader.getFileStatus(OmMetadataReader.java:279) ~[ozone-manager-1.4.0-SNAPSHOT.jar:?]
	at org.apache.hadoop.ozone.om.OzoneManager.getFileStatus(OzoneManager.java:3629) ~[ozone-manager-1.4.0-SNAPSHOT.jar:?]
	at org.apache.hadoop.ozone.protocolPB.OzoneManagerRequestHandler.getOzoneFileStatus(OzoneManagerRequestHandler.java:1010) ~[ozone-manager-1.4.0-SNAPSHOT.jar:?]
	at org.apache.hadoop.ozone.protocolPB.OzoneManagerRequestHandler.handleReadRequest(OzoneManagerRequestHandler.java:262) ~[ozone-manager-1.4.0-SNAPSHOT.jar:?]
	at org.apache.hadoop.ozone.protocolPB.OzoneManagerProtocolServerSideTranslatorPB.submitReadRequestToOM(OzoneManagerProtocolServerSideTranslatorPB.java:265) ~[ozone-manager-1.4.0-SNAPSHOT.jar:?]
	at org.apache.hadoop.ozone.protocolPB.OzoneManagerProtocolServerSideTranslatorPB.internalProcessRequest(OzoneManagerProtocolServerSideTranslatorPB.java:211) ~[ozone-manager-1.4.0-SNAPSHOT.jar:?]
	at org.apache.hadoop.ozone.protocolPB.OzoneManagerProtocolServerSideTranslatorPB.processRequest(OzoneManagerProtocolServerSideTranslatorPB.java:171) ~[ozone-manager-1.4.0-SNAPSHOT.jar:?]
	at org.apache.hadoop.hdds.server.OzoneProtocolMessageDispatcher.processRequest(OzoneProtocolMessageDispatcher.java:89) [hdds-server-framework-1.4.0-SNAPSHOT.jar:?]
	at org.apache.hadoop.ozone.protocolPB.OzoneManagerProtocolServerSideTranslatorPB.submitRequest(OzoneManagerProtocolServerSideTranslatorPB.java:162) [ozone-manager-1.4.0-SNAPSHOT.jar:?]
	at org.apache.hadoop.ozone.protocol.proto.OzoneManagerProtocolProtos$OzoneManagerService$2.callBlockingMethod(OzoneManagerProtocolProtos.java) [ozone-interface-client-1.4.0-SNAPSHOT.jar:?]
	at org.apache.hadoop.ipc.ProtobufRpcEngine$Server.processCall(ProtobufRpcEngine.java:484) [hadoop-common-3.3.6.jar:?]
	at org.apache.hadoop.ipc.ProtobufRpcEngine2$Server$ProtoBufRpcInvoker.call(ProtobufRpcEngine2.java:595) [hadoop-common-3.3.6.jar:?]
	at org.apache.hadoop.ipc.ProtobufRpcEngine2$Server$ProtoBufRpcInvoker.call(ProtobufRpcEngine2.java:573) [hadoop-common-3.3.6.jar:?]
	at org.apache.hadoop.ipc.RPC$Server.call(RPC.java:1227) [hadoop-common-3.3.6.jar:?]
	at org.apache.hadoop.ipc.Server$RpcCall.run(Server.java:1094) [hadoop-common-3.3.6.jar:?]
	at org.apache.hadoop.ipc.Server$RpcCall.run(Server.java:1017) [hadoop-common-3.3.6.jar:?]
	at java.security.AccessController.doPrivileged(Native Method) ~[?:1.8.0_392]
	at javax.security.auth.Subject.doAs(Subject.java:422) [?:1.8.0_392]
	at org.apache.hadoop.security.UserGroupInformation.doAs(UserGroupInformation.java:1899) [hadoop-common-3.3.6.jar:?]
	at org.apache.hadoop.ipc.Server$Handler.run(Server.java:3048) [hadoop-common-3.3.6.jar:?]
]]></system-out>
  </testcase>
  <testcase name="testTrash" classname="TestOzoneFileSystemWithFSO" time="3.528">
    <system-out><![CDATA[14:17:38.498 [IPC Server handler 12 on default port 15057] ERROR OMAudit - user=runner | ip=127.0.0.1 | op=GET_FILE_STATUS {volume=volume48931, bucket=bucket54568, key=.Trash/runner, dataSize=0, replicationConfig=null} | ret=FAILURE
org.apache.hadoop.ozone.om.exceptions.OMException: Unable to get file status: volume: volume48931 bucket: bucket54568 key: .Trash/runner
	at org.apache.hadoop.ozone.om.KeyManagerImpl.getOzoneFileStatusFSO(KeyManagerImpl.java:1356) ~[ozone-manager-1.4.0-SNAPSHOT.jar:?]
	at org.apache.hadoop.ozone.om.KeyManagerImpl.getFileStatus(KeyManagerImpl.java:1140) ~[ozone-manager-1.4.0-SNAPSHOT.jar:?]
	at org.apache.hadoop.ozone.om.OmMetadataReader.getFileStatus(OmMetadataReader.java:279) ~[ozone-manager-1.4.0-SNAPSHOT.jar:?]
	at org.apache.hadoop.ozone.om.OzoneManager.getFileStatus(OzoneManager.java:3629) ~[ozone-manager-1.4.0-SNAPSHOT.jar:?]
	at org.apache.hadoop.ozone.protocolPB.OzoneManagerRequestHandler.getOzoneFileStatus(OzoneManagerRequestHandler.java:1010) ~[ozone-manager-1.4.0-SNAPSHOT.jar:?]
	at org.apache.hadoop.ozone.protocolPB.OzoneManagerRequestHandler.handleReadRequest(OzoneManagerRequestHandler.java:262) ~[ozone-manager-1.4.0-SNAPSHOT.jar:?]
	at org.apache.hadoop.ozone.protocolPB.OzoneManagerProtocolServerSideTranslatorPB.submitRequestDirectlyToOM(OzoneManagerProtocolServerSideTranslatorPB.java:319) ~[ozone-manager-1.4.0-SNAPSHOT.jar:?]
	at org.apache.hadoop.ozone.protocolPB.OzoneManagerProtocolServerSideTranslatorPB.internalProcessRequest(OzoneManagerProtocolServerSideTranslatorPB.java:207) ~[ozone-manager-1.4.0-SNAPSHOT.jar:?]
	at org.apache.hadoop.ozone.protocolPB.OzoneManagerProtocolServerSideTranslatorPB.processRequest(OzoneManagerProtocolServerSideTranslatorPB.java:171) ~[ozone-manager-1.4.0-SNAPSHOT.jar:?]
	at org.apache.hadoop.hdds.server.OzoneProtocolMessageDispatcher.processRequest(OzoneProtocolMessageDispatcher.java:89) [hdds-server-framework-1.4.0-SNAPSHOT.jar:?]
	at org.apache.hadoop.ozone.protocolPB.OzoneManagerProtocolServerSideTranslatorPB.submitRequest(OzoneManagerProtocolServerSideTranslatorPB.java:162) [ozone-manager-1.4.0-SNAPSHOT.jar:?]
	at org.apache.hadoop.ozone.protocol.proto.OzoneManagerProtocolProtos$OzoneManagerService$2.callBlockingMethod(OzoneManagerProtocolProtos.java) [ozone-interface-client-1.4.0-SNAPSHOT.jar:?]
	at org.apache.hadoop.ipc.ProtobufRpcEngine$Server.processCall(ProtobufRpcEngine.java:484) [hadoop-common-3.3.6.jar:?]
	at org.apache.hadoop.ipc.ProtobufRpcEngine2$Server$ProtoBufRpcInvoker.call(ProtobufRpcEngine2.java:595) [hadoop-common-3.3.6.jar:?]
	at org.apache.hadoop.ipc.ProtobufRpcEngine2$Server$ProtoBufRpcInvoker.call(ProtobufRpcEngine2.java:573) [hadoop-common-3.3.6.jar:?]
	at org.apache.hadoop.ipc.RPC$Server.call(RPC.java:1227) [hadoop-common-3.3.6.jar:?]
	at org.apache.hadoop.ipc.Server$RpcCall.run(Server.java:1094) [hadoop-common-3.3.6.jar:?]
	at org.apache.hadoop.ipc.Server$RpcCall.run(Server.java:1017) [hadoop-common-3.3.6.jar:?]
	at java.security.AccessController.doPrivileged(Native Method) ~[?:1.8.0_392]
	at javax.security.auth.Subject.doAs(Subject.java:422) [?:1.8.0_392]
	at org.apache.hadoop.security.UserGroupInformation.doAs(UserGroupInformation.java:1899) [hadoop-common-3.3.6.jar:?]
	at org.apache.hadoop.ipc.Server$Handler.run(Server.java:3048) [hadoop-common-3.3.6.jar:?]
14:17:38.501 [IPC Server handler 15 on default port 15057] ERROR OMAudit - user=runner | ip=127.0.0.1 | op=GET_FILE_STATUS {volume=volume48931, bucket=bucket54568, key=.Trash/runner/Current/testKey2, dataSize=0, replicationConfig=null} | ret=FAILURE
org.apache.hadoop.ozone.om.exceptions.OMException: Unable to get file status: volume: volume48931 bucket: bucket54568 key: .Trash/runner/Current/testKey2
	at org.apache.hadoop.ozone.om.KeyManagerImpl.getOzoneFileStatusFSO(KeyManagerImpl.java:1356) ~[ozone-manager-1.4.0-SNAPSHOT.jar:?]
	at org.apache.hadoop.ozone.om.KeyManagerImpl.getFileStatus(KeyManagerImpl.java:1140) ~[ozone-manager-1.4.0-SNAPSHOT.jar:?]
	at org.apache.hadoop.ozone.om.OmMetadataReader.getFileStatus(OmMetadataReader.java:279) ~[ozone-manager-1.4.0-SNAPSHOT.jar:?]
	at org.apache.hadoop.ozone.om.OzoneManager.getFileStatus(OzoneManager.java:3629) ~[ozone-manager-1.4.0-SNAPSHOT.jar:?]
	at org.apache.hadoop.ozone.protocolPB.OzoneManagerRequestHandler.getOzoneFileStatus(OzoneManagerRequestHandler.java:1010) ~[ozone-manager-1.4.0-SNAPSHOT.jar:?]
	at org.apache.hadoop.ozone.protocolPB.OzoneManagerRequestHandler.handleReadRequest(OzoneManagerRequestHandler.java:262) ~[ozone-manager-1.4.0-SNAPSHOT.jar:?]
	at org.apache.hadoop.ozone.protocolPB.OzoneManagerProtocolServerSideTranslatorPB.submitRequestDirectlyToOM(OzoneManagerProtocolServerSideTranslatorPB.java:319) ~[ozone-manager-1.4.0-SNAPSHOT.jar:?]
	at org.apache.hadoop.ozone.protocolPB.OzoneManagerProtocolServerSideTranslatorPB.internalProcessRequest(OzoneManagerProtocolServerSideTranslatorPB.java:207) ~[ozone-manager-1.4.0-SNAPSHOT.jar:?]
	at org.apache.hadoop.ozone.protocolPB.OzoneManagerProtocolServerSideTranslatorPB.processRequest(OzoneManagerProtocolServerSideTranslatorPB.java:171) ~[ozone-manager-1.4.0-SNAPSHOT.jar:?]
	at org.apache.hadoop.hdds.server.OzoneProtocolMessageDispatcher.processRequest(OzoneProtocolMessageDispatcher.java:89) [hdds-server-framework-1.4.0-SNAPSHOT.jar:?]
	at org.apache.hadoop.ozone.protocolPB.OzoneManagerProtocolServerSideTranslatorPB.submitRequest(OzoneManagerProtocolServerSideTranslatorPB.java:162) [ozone-manager-1.4.0-SNAPSHOT.jar:?]
	at org.apache.hadoop.ozone.protocol.proto.OzoneManagerProtocolProtos$OzoneManagerService$2.callBlockingMethod(OzoneManagerProtocolProtos.java) [ozone-interface-client-1.4.0-SNAPSHOT.jar:?]
	at org.apache.hadoop.ipc.ProtobufRpcEngine$Server.processCall(ProtobufRpcEngine.java:484) [hadoop-common-3.3.6.jar:?]
	at org.apache.hadoop.ipc.ProtobufRpcEngine2$Server$ProtoBufRpcInvoker.call(ProtobufRpcEngine2.java:595) [hadoop-common-3.3.6.jar:?]
	at org.apache.hadoop.ipc.ProtobufRpcEngine2$Server$ProtoBufRpcInvoker.call(ProtobufRpcEngine2.java:573) [hadoop-common-3.3.6.jar:?]
	at org.apache.hadoop.ipc.RPC$Server.call(RPC.java:1227) [hadoop-common-3.3.6.jar:?]
	at org.apache.hadoop.ipc.Server$RpcCall.run(Server.java:1094) [hadoop-common-3.3.6.jar:?]
	at org.apache.hadoop.ipc.Server$RpcCall.run(Server.java:1017) [hadoop-common-3.3.6.jar:?]
	at java.security.AccessController.doPrivileged(Native Method) ~[?:1.8.0_392]
	at javax.security.auth.Subject.doAs(Subject.java:422) [?:1.8.0_392]
	at org.apache.hadoop.security.UserGroupInformation.doAs(UserGroupInformation.java:1899) [hadoop-common-3.3.6.jar:?]
	at org.apache.hadoop.ipc.Server$Handler.run(Server.java:3048) [hadoop-common-3.3.6.jar:?]
2023-11-20 14:17:38,504 [Time-limited test] INFO  om.TrashPolicyOzone (TrashPolicyOzone.java:moveToTrash(214)) - Moved: '/testKey2' to trash at: o3fs://bucket54568.volume48931/.Trash/runner/Current/testKey2
14:17:39.011 [IPC Server handler 4 on default port 15057] ERROR OMAudit - user=runner | ip=127.0.0.1 | op=GET_FILE_STATUS {volume=volume48931, bucket=bucket54568, key=.Trash/runner/Current/testKey2, dataSize=0, replicationConfig=null} | ret=FAILURE
org.apache.hadoop.ozone.om.exceptions.OMException: Unable to get file status: volume: volume48931 bucket: bucket54568 key: .Trash/runner/Current/testKey2
	at org.apache.hadoop.ozone.om.KeyManagerImpl.getOzoneFileStatusFSO(KeyManagerImpl.java:1356) ~[ozone-manager-1.4.0-SNAPSHOT.jar:?]
	at org.apache.hadoop.ozone.om.KeyManagerImpl.getFileStatus(KeyManagerImpl.java:1140) ~[ozone-manager-1.4.0-SNAPSHOT.jar:?]
	at org.apache.hadoop.ozone.om.OmMetadataReader.getFileStatus(OmMetadataReader.java:279) ~[ozone-manager-1.4.0-SNAPSHOT.jar:?]
	at org.apache.hadoop.ozone.om.OzoneManager.getFileStatus(OzoneManager.java:3629) ~[ozone-manager-1.4.0-SNAPSHOT.jar:?]
	at org.apache.hadoop.ozone.protocolPB.OzoneManagerRequestHandler.getOzoneFileStatus(OzoneManagerRequestHandler.java:1010) ~[ozone-manager-1.4.0-SNAPSHOT.jar:?]
	at org.apache.hadoop.ozone.protocolPB.OzoneManagerRequestHandler.handleReadRequest(OzoneManagerRequestHandler.java:262) ~[ozone-manager-1.4.0-SNAPSHOT.jar:?]
	at org.apache.hadoop.ozone.protocolPB.OzoneManagerProtocolServerSideTranslatorPB.submitRequestDirectlyToOM(OzoneManagerProtocolServerSideTranslatorPB.java:319) ~[ozone-manager-1.4.0-SNAPSHOT.jar:?]
	at org.apache.hadoop.ozone.protocolPB.OzoneManagerProtocolServerSideTranslatorPB.internalProcessRequest(OzoneManagerProtocolServerSideTranslatorPB.java:207) ~[ozone-manager-1.4.0-SNAPSHOT.jar:?]
	at org.apache.hadoop.ozone.protocolPB.OzoneManagerProtocolServerSideTranslatorPB.processRequest(OzoneManagerProtocolServerSideTranslatorPB.java:171) ~[ozone-manager-1.4.0-SNAPSHOT.jar:?]
	at org.apache.hadoop.hdds.server.OzoneProtocolMessageDispatcher.processRequest(OzoneProtocolMessageDispatcher.java:89) [hdds-server-framework-1.4.0-SNAPSHOT.jar:?]
	at org.apache.hadoop.ozone.protocolPB.OzoneManagerProtocolServerSideTranslatorPB.submitRequest(OzoneManagerProtocolServerSideTranslatorPB.java:162) [ozone-manager-1.4.0-SNAPSHOT.jar:?]
	at org.apache.hadoop.ozone.protocol.proto.OzoneManagerProtocolProtos$OzoneManagerService$2.callBlockingMethod(OzoneManagerProtocolProtos.java) [ozone-interface-client-1.4.0-SNAPSHOT.jar:?]
	at org.apache.hadoop.ipc.ProtobufRpcEngine$Server.processCall(ProtobufRpcEngine.java:484) [hadoop-common-3.3.6.jar:?]
	at org.apache.hadoop.ipc.ProtobufRpcEngine2$Server$ProtoBufRpcInvoker.call(ProtobufRpcEngine2.java:595) [hadoop-common-3.3.6.jar:?]
	at org.apache.hadoop.ipc.ProtobufRpcEngine2$Server$ProtoBufRpcInvoker.call(ProtobufRpcEngine2.java:573) [hadoop-common-3.3.6.jar:?]
	at org.apache.hadoop.ipc.RPC$Server.call(RPC.java:1227) [hadoop-common-3.3.6.jar:?]
	at org.apache.hadoop.ipc.Server$RpcCall.run(Server.java:1094) [hadoop-common-3.3.6.jar:?]
	at org.apache.hadoop.ipc.Server$RpcCall.run(Server.java:1017) [hadoop-common-3.3.6.jar:?]
	at java.security.AccessController.doPrivileged(Native Method) ~[?:1.8.0_392]
	at javax.security.auth.Subject.doAs(Subject.java:422) [?:1.8.0_392]
	at org.apache.hadoop.security.UserGroupInformation.doAs(UserGroupInformation.java:1899) [hadoop-common-3.3.6.jar:?]
	at org.apache.hadoop.ipc.Server$Handler.run(Server.java:3048) [hadoop-common-3.3.6.jar:?]
]]></system-out>
  </testcase>
  <testcase name="testCreateWithInvalidPaths" classname="TestOzoneFileSystemWithFSO" time="0">
    <skipped type="org.junit.AssumptionViolatedException"><![CDATA[org.junit.AssumptionViolatedException: got: <true>, expected: is <false>
	at org.junit.Assume.assumeThat(Assume.java:106)
	at org.junit.Assume.assumeFalse(Assume.java:57)
	at org.apache.hadoop.fs.ozone.TestOzoneFileSystem.testCreateWithInvalidPaths(TestOzoneFileSystem.java:389)
	at sun.reflect.NativeMethodAccessorImpl.invoke0(Native Method)
	at sun.reflect.NativeMethodAccessorImpl.invoke(NativeMethodAccessorImpl.java:62)
	at sun.reflect.DelegatingMethodAccessorImpl.invoke(DelegatingMethodAccessorImpl.java:43)
	at java.lang.reflect.Method.invoke(Method.java:498)
	at org.junit.runners.model.FrameworkMethod$1.runReflectiveCall(FrameworkMethod.java:59)
	at org.junit.internal.runners.model.ReflectiveCallable.run(ReflectiveCallable.java:12)
	at org.junit.runners.model.FrameworkMethod.invokeExplosively(FrameworkMethod.java:56)
	at org.junit.internal.runners.statements.InvokeMethod.evaluate(InvokeMethod.java:17)
	at org.junit.internal.runners.statements.RunAfters.evaluate(RunAfters.java:27)
	at org.junit.internal.runners.statements.FailOnTimeout$CallableStatement.call(FailOnTimeout.java:288)
	at org.junit.internal.runners.statements.FailOnTimeout$CallableStatement.call(FailOnTimeout.java:282)
	at java.util.concurrent.FutureTask.run(FutureTask.java:266)
	at java.lang.Thread.run(Thread.java:750)
]]></skipped>
  </testcase>
  <testcase name="testCreateWithInvalidPaths" classname="TestOzoneFileSystemWithFSO" time="0">
    <skipped type="org.junit.AssumptionViolatedException"><![CDATA[org.junit.AssumptionViolatedException: got: <true>, expected: is <false>
	at org.junit.Assume.assumeThat(Assume.java:106)
	at org.junit.Assume.assumeFalse(Assume.java:57)
	at org.apache.hadoop.fs.ozone.TestOzoneFileSystem.testCreateWithInvalidPaths(TestOzoneFileSystem.java:389)
	at sun.reflect.NativeMethodAccessorImpl.invoke0(Native Method)
	at sun.reflect.NativeMethodAccessorImpl.invoke(NativeMethodAccessorImpl.java:62)
	at sun.reflect.DelegatingMethodAccessorImpl.invoke(DelegatingMethodAccessorImpl.java:43)
	at java.lang.reflect.Method.invoke(Method.java:498)
	at org.junit.runners.model.FrameworkMethod$1.runReflectiveCall(FrameworkMethod.java:59)
	at org.junit.internal.runners.model.ReflectiveCallable.run(ReflectiveCallable.java:12)
	at org.junit.runners.model.FrameworkMethod.invokeExplosively(FrameworkMethod.java:56)
	at org.junit.internal.runners.statements.InvokeMethod.evaluate(InvokeMethod.java:17)
	at org.junit.internal.runners.statements.RunAfters.evaluate(RunAfters.java:27)
	at org.junit.internal.runners.statements.FailOnTimeout$CallableStatement.call(FailOnTimeout.java:288)
	at org.junit.internal.runners.statements.FailOnTimeout$CallableStatement.call(FailOnTimeout.java:282)
	at java.util.concurrent.FutureTask.run(FutureTask.java:266)
	at java.lang.Thread.run(Thread.java:750)
]]></skipped>
  </testcase>
  <testcase name="testListStatusOnRoot" classname="TestOzoneFileSystemWithFSO" time="0.022"/>
  <testcase name="testListStatusOnRoot" classname="TestOzoneFileSystemWithFSO" time="0.009"/>
  <testcase name="testRenameWithNonExistentSource" classname="TestOzoneFileSystemWithFSO" time="0.015">
    <system-out><![CDATA[2023-11-20 14:17:15,124 [Time-limited test] INFO  ozone.TestOzoneFileSystem (TestOzoneFileSystem.java:testRenameWithNonExistentSource(1121)) - Created destin dir: o3fs://bucket24382.volume73660/root/dir2
2023-11-20 14:17:15,124 [Time-limited test] INFO  ozone.TestOzoneFileSystem (TestOzoneFileSystem.java:testRenameWithNonExistentSource(1123)) - Rename op-> source:o3fs://bucket24382.volume73660/root/dir1 to destin:o3fs://bucket24382.volume73660/root/dir2}
14:17:15.126 [om1-OMStateMachineApplyTransactionThread - 0] ERROR OMAudit - user=runner | ip=127.0.0.1 | op=RENAME_KEY {volume=volume73660, bucket=bucket24382, dataSize=0, replicationType=NONE, replicationFactor=ZERO, srcKey=root/dir1, dstKey=root/dir2} | ret=FAILURE
org.apache.hadoop.ozone.om.exceptions.OMException: Unable to get file status: volume: volume73660 bucket: bucket24382 key: root/dir1
	at org.apache.hadoop.ozone.om.OzonePrefixPathImpl.<init>(OzonePrefixPathImpl.java:67) ~[ozone-manager-1.4.0-SNAPSHOT.jar:?]
	at org.apache.hadoop.ozone.om.request.OMClientRequest.checkACLsWithFSO(OMClientRequest.java:256) ~[ozone-manager-1.4.0-SNAPSHOT.jar:?]
	at org.apache.hadoop.ozone.om.request.key.OMKeyRenameRequestWithFSO.validateAndUpdateCache(OMKeyRenameRequestWithFSO.java:119) ~[ozone-manager-1.4.0-SNAPSHOT.jar:?]
	at org.apache.hadoop.ozone.protocolPB.OzoneManagerRequestHandler.lambda$0(OzoneManagerRequestHandler.java:395) ~[ozone-manager-1.4.0-SNAPSHOT.jar:?]
	at org.apache.hadoop.util.MetricUtil.captureLatencyNs(MetricUtil.java:39) ~[hdds-common-1.4.0-SNAPSHOT.jar:?]
	at org.apache.hadoop.ozone.protocolPB.OzoneManagerRequestHandler.handleWriteRequest(OzoneManagerRequestHandler.java:393) ~[ozone-manager-1.4.0-SNAPSHOT.jar:?]
	at org.apache.hadoop.ozone.om.ratis.OzoneManagerStateMachine.runCommand(OzoneManagerStateMachine.java:581) ~[ozone-manager-1.4.0-SNAPSHOT.jar:?]
	at org.apache.hadoop.ozone.om.ratis.OzoneManagerStateMachine.lambda$1(OzoneManagerStateMachine.java:370) ~[ozone-manager-1.4.0-SNAPSHOT.jar:?]
	at java.util.concurrent.CompletableFuture$AsyncSupply.run(CompletableFuture.java:1604) [?:1.8.0_392]
	at java.util.concurrent.ThreadPoolExecutor.runWorker(ThreadPoolExecutor.java:1149) [?:1.8.0_392]
	at java.util.concurrent.ThreadPoolExecutor$Worker.run(ThreadPoolExecutor.java:624) [?:1.8.0_392]
	at java.lang.Thread.run(Thread.java:750) [?:1.8.0_392]
2023-11-20 14:17:15,127 [om1-OMStateMachineApplyTransactionThread - 0] ERROR key.OMKeyRenameRequestWithFSO (OMKeyRenameRequestWithFSO.java:validateAndUpdateCache(255)) - Rename key failed for volume:volume73660 bucket:bucket24382 fromKey:root/dir1 toKey:root/dir2. Exception: Unable to get file status: volume: volume73660 bucket: bucket24382 key: root/dir1.
2023-11-20 14:17:15,127 [Time-limited test] ERROR ozone.BasicOzoneFileSystem (BasicOzoneFileSystem.java:renameFSO(496)) - rename key failed: Unable to get file status: volume: volume73660 bucket: bucket24382 key: root/dir1. Error code: KEY_NOT_FOUND source:root/dir1, destin:root/dir2
]]></system-out>
  </testcase>
  <testcase name="testRenameWithNonExistentSource" classname="TestOzoneFileSystemWithFSO" time="0.007">
    <system-out><![CDATA[2023-11-20 14:17:42,037 [Time-limited test] INFO  ozone.TestOzoneFileSystem (TestOzoneFileSystem.java:testRenameWithNonExistentSource(1121)) - Created destin dir: o3fs://bucket54568.volume48931/root/dir2
2023-11-20 14:17:42,037 [Time-limited test] INFO  ozone.TestOzoneFileSystem (TestOzoneFileSystem.java:testRenameWithNonExistentSource(1123)) - Rename op-> source:o3fs://bucket54568.volume48931/root/dir1 to destin:o3fs://bucket54568.volume48931/root/dir2}
14:17:42.038 [IPC Server handler 2 on default port 15057] ERROR OMAudit - user=runner | ip=127.0.0.1 | op=RENAME_KEY {volume=volume48931, bucket=bucket54568, dataSize=0, replicationType=NONE, replicationFactor=ZERO, srcKey=root/dir1, dstKey=root/dir2} | ret=FAILURE
org.apache.hadoop.ozone.om.exceptions.OMException: Unable to get file status: volume: volume48931 bucket: bucket54568 key: root/dir1
	at org.apache.hadoop.ozone.om.OzonePrefixPathImpl.<init>(OzonePrefixPathImpl.java:67) ~[ozone-manager-1.4.0-SNAPSHOT.jar:?]
	at org.apache.hadoop.ozone.om.request.OMClientRequest.checkACLsWithFSO(OMClientRequest.java:256) ~[ozone-manager-1.4.0-SNAPSHOT.jar:?]
	at org.apache.hadoop.ozone.om.request.key.OMKeyRenameRequestWithFSO.validateAndUpdateCache(OMKeyRenameRequestWithFSO.java:119) ~[ozone-manager-1.4.0-SNAPSHOT.jar:?]
	at org.apache.hadoop.ozone.protocolPB.OzoneManagerRequestHandler.lambda$0(OzoneManagerRequestHandler.java:395) ~[ozone-manager-1.4.0-SNAPSHOT.jar:?]
	at org.apache.hadoop.util.MetricUtil.captureLatencyNs(MetricUtil.java:39) ~[hdds-common-1.4.0-SNAPSHOT.jar:?]
	at org.apache.hadoop.ozone.protocolPB.OzoneManagerRequestHandler.handleWriteRequest(OzoneManagerRequestHandler.java:393) ~[ozone-manager-1.4.0-SNAPSHOT.jar:?]
	at org.apache.hadoop.ozone.protocolPB.OzoneManagerProtocolServerSideTranslatorPB.submitRequestDirectlyToOM(OzoneManagerProtocolServerSideTranslatorPB.java:325) ~[ozone-manager-1.4.0-SNAPSHOT.jar:?]
	at org.apache.hadoop.ozone.protocolPB.OzoneManagerProtocolServerSideTranslatorPB.internalProcessRequest(OzoneManagerProtocolServerSideTranslatorPB.java:207) ~[ozone-manager-1.4.0-SNAPSHOT.jar:?]
	at org.apache.hadoop.ozone.protocolPB.OzoneManagerProtocolServerSideTranslatorPB.processRequest(OzoneManagerProtocolServerSideTranslatorPB.java:171) ~[ozone-manager-1.4.0-SNAPSHOT.jar:?]
	at org.apache.hadoop.hdds.server.OzoneProtocolMessageDispatcher.processRequest(OzoneProtocolMessageDispatcher.java:89) [hdds-server-framework-1.4.0-SNAPSHOT.jar:?]
	at org.apache.hadoop.ozone.protocolPB.OzoneManagerProtocolServerSideTranslatorPB.submitRequest(OzoneManagerProtocolServerSideTranslatorPB.java:162) [ozone-manager-1.4.0-SNAPSHOT.jar:?]
	at org.apache.hadoop.ozone.protocol.proto.OzoneManagerProtocolProtos$OzoneManagerService$2.callBlockingMethod(OzoneManagerProtocolProtos.java) [ozone-interface-client-1.4.0-SNAPSHOT.jar:?]
	at org.apache.hadoop.ipc.ProtobufRpcEngine$Server.processCall(ProtobufRpcEngine.java:484) [hadoop-common-3.3.6.jar:?]
	at org.apache.hadoop.ipc.ProtobufRpcEngine2$Server$ProtoBufRpcInvoker.call(ProtobufRpcEngine2.java:595) [hadoop-common-3.3.6.jar:?]
	at org.apache.hadoop.ipc.ProtobufRpcEngine2$Server$ProtoBufRpcInvoker.call(ProtobufRpcEngine2.java:573) [hadoop-common-3.3.6.jar:?]
	at org.apache.hadoop.ipc.RPC$Server.call(RPC.java:1227) [hadoop-common-3.3.6.jar:?]
	at org.apache.hadoop.ipc.Server$RpcCall.run(Server.java:1094) [hadoop-common-3.3.6.jar:?]
	at org.apache.hadoop.ipc.Server$RpcCall.run(Server.java:1017) [hadoop-common-3.3.6.jar:?]
	at java.security.AccessController.doPrivileged(Native Method) ~[?:1.8.0_392]
	at javax.security.auth.Subject.doAs(Subject.java:422) [?:1.8.0_392]
	at org.apache.hadoop.security.UserGroupInformation.doAs(UserGroupInformation.java:1899) [hadoop-common-3.3.6.jar:?]
	at org.apache.hadoop.ipc.Server$Handler.run(Server.java:3048) [hadoop-common-3.3.6.jar:?]
2023-11-20 14:17:42,038 [IPC Server handler 2 on default port 15057] ERROR key.OMKeyRenameRequestWithFSO (OMKeyRenameRequestWithFSO.java:validateAndUpdateCache(255)) - Rename key failed for volume:volume48931 bucket:bucket54568 fromKey:root/dir1 toKey:root/dir2. Exception: Unable to get file status: volume: volume48931 bucket: bucket54568 key: root/dir1.
2023-11-20 14:17:42,039 [Time-limited test] ERROR ozone.BasicOzoneFileSystem (BasicOzoneFileSystem.java:renameFSO(496)) - rename key failed: Unable to get file status: volume: volume48931 bucket: bucket54568 key: root/dir1. Error code: KEY_NOT_FOUND source:root/dir1, destin:root/dir2
]]></system-out>
  </testcase>
  <testcase name="testRenameToParentDir" classname="TestOzoneFileSystemWithFSO" time="0.032"/>
  <testcase name="testRenameToParentDir" classname="TestOzoneFileSystemWithFSO" time="0.016"/>
  <testcase name="testListStatusOnSubDirs" classname="TestOzoneFileSystemWithFSO" time="0.033"/>
  <testcase name="testListStatusOnSubDirs" classname="TestOzoneFileSystemWithFSO" time="0.014"/>
  <testcase name="testListStatus" classname="TestOzoneFileSystemWithFSO" time="0.048"/>
  <testcase name="testListStatus" classname="TestOzoneFileSystemWithFSO" time="0.031"/>
  <testcase name="testRecursiveDelete" classname="TestOzoneFileSystemWithFSO" time="0.247">
    <system-out><![CDATA[14:17:15.346 [om1-OMStateMachineApplyTransactionThread - 0] ERROR OMAudit - user=runner | ip=127.0.0.1 | op=DELETE_KEY {volume=volume73660, bucket=bucket24382, key=gdir1/pdir1, dataSize=0, replicationType=NONE, replicationFactor=ZERO} | ret=FAILURE
org.apache.hadoop.ozone.om.exceptions.OMException: Directory is not empty. Key:gdir1/pdir1
	at org.apache.hadoop.ozone.om.request.key.OMKeyDeleteRequestWithFSO.validateAndUpdateCache(OMKeyDeleteRequestWithFSO.java:142) ~[ozone-manager-1.4.0-SNAPSHOT.jar:?]
	at org.apache.hadoop.ozone.protocolPB.OzoneManagerRequestHandler.lambda$0(OzoneManagerRequestHandler.java:395) ~[ozone-manager-1.4.0-SNAPSHOT.jar:?]
	at org.apache.hadoop.util.MetricUtil.captureLatencyNs(MetricUtil.java:39) ~[hdds-common-1.4.0-SNAPSHOT.jar:?]
	at org.apache.hadoop.ozone.protocolPB.OzoneManagerRequestHandler.handleWriteRequest(OzoneManagerRequestHandler.java:393) ~[ozone-manager-1.4.0-SNAPSHOT.jar:?]
	at org.apache.hadoop.ozone.om.ratis.OzoneManagerStateMachine.runCommand(OzoneManagerStateMachine.java:581) ~[ozone-manager-1.4.0-SNAPSHOT.jar:?]
	at org.apache.hadoop.ozone.om.ratis.OzoneManagerStateMachine.lambda$1(OzoneManagerStateMachine.java:370) ~[ozone-manager-1.4.0-SNAPSHOT.jar:?]
	at java.util.concurrent.CompletableFuture$AsyncSupply.run(CompletableFuture.java:1604) [?:1.8.0_392]
	at java.util.concurrent.ThreadPoolExecutor.runWorker(ThreadPoolExecutor.java:1149) [?:1.8.0_392]
	at java.util.concurrent.ThreadPoolExecutor$Worker.run(ThreadPoolExecutor.java:624) [?:1.8.0_392]
	at java.lang.Thread.run(Thread.java:750) [?:1.8.0_392]
2023-11-20 14:17:15,347 [om1-OMStateMachineApplyTransactionThread - 0] ERROR key.OMKeyDeleteRequestWithFSO (OMKeyDeleteRequestWithFSO.java:validateAndUpdateCache(205)) - Key delete failed. Volume:volume73660, Bucket:bucket24382, Key:gdir1/pdir1.
DIRECTORY_NOT_EMPTY org.apache.hadoop.ozone.om.exceptions.OMException: Directory is not empty. Key:gdir1/pdir1
	at org.apache.hadoop.ozone.om.request.key.OMKeyDeleteRequestWithFSO.validateAndUpdateCache(OMKeyDeleteRequestWithFSO.java:142)
	at org.apache.hadoop.ozone.protocolPB.OzoneManagerRequestHandler.lambda$0(OzoneManagerRequestHandler.java:395)
	at org.apache.hadoop.util.MetricUtil.captureLatencyNs(MetricUtil.java:39)
	at org.apache.hadoop.ozone.protocolPB.OzoneManagerRequestHandler.handleWriteRequest(OzoneManagerRequestHandler.java:393)
	at org.apache.hadoop.ozone.om.ratis.OzoneManagerStateMachine.runCommand(OzoneManagerStateMachine.java:581)
	at org.apache.hadoop.ozone.om.ratis.OzoneManagerStateMachine.lambda$1(OzoneManagerStateMachine.java:370)
	at java.util.concurrent.CompletableFuture$AsyncSupply.run(CompletableFuture.java:1604)
	at java.util.concurrent.ThreadPoolExecutor.runWorker(ThreadPoolExecutor.java:1149)
	at java.util.concurrent.ThreadPoolExecutor$Worker.run(ThreadPoolExecutor.java:624)
	at java.lang.Thread.run(Thread.java:750)
2023-11-20 14:17:15,347 [Time-limited test] ERROR ozone.BasicOzoneClientAdapterImpl (BasicOzoneClientAdapterImpl.java:deleteObject(364)) - delete key failed Directory is not empty. Key:gdir1/pdir1
14:17:15.352 [om1-OMStateMachineApplyTransactionThread - 0] ERROR OMAudit - user=runner | ip=127.0.0.1 | op=DELETE_KEY {volume=volume73660, bucket=bucket24382, key=gdir1, dataSize=0, replicationType=NONE, replicationFactor=ZERO} | ret=FAILURE
org.apache.hadoop.ozone.om.exceptions.OMException: Directory is not empty. Key:gdir1
	at org.apache.hadoop.ozone.om.request.key.OMKeyDeleteRequestWithFSO.validateAndUpdateCache(OMKeyDeleteRequestWithFSO.java:142) ~[ozone-manager-1.4.0-SNAPSHOT.jar:?]
	at org.apache.hadoop.ozone.protocolPB.OzoneManagerRequestHandler.lambda$0(OzoneManagerRequestHandler.java:395) ~[ozone-manager-1.4.0-SNAPSHOT.jar:?]
	at org.apache.hadoop.util.MetricUtil.captureLatencyNs(MetricUtil.java:39) ~[hdds-common-1.4.0-SNAPSHOT.jar:?]
	at org.apache.hadoop.ozone.protocolPB.OzoneManagerRequestHandler.handleWriteRequest(OzoneManagerRequestHandler.java:393) ~[ozone-manager-1.4.0-SNAPSHOT.jar:?]
	at org.apache.hadoop.ozone.om.ratis.OzoneManagerStateMachine.runCommand(OzoneManagerStateMachine.java:581) ~[ozone-manager-1.4.0-SNAPSHOT.jar:?]
	at org.apache.hadoop.ozone.om.ratis.OzoneManagerStateMachine.lambda$1(OzoneManagerStateMachine.java:370) ~[ozone-manager-1.4.0-SNAPSHOT.jar:?]
	at java.util.concurrent.CompletableFuture$AsyncSupply.run(CompletableFuture.java:1604) [?:1.8.0_392]
	at java.util.concurrent.ThreadPoolExecutor.runWorker(ThreadPoolExecutor.java:1149) [?:1.8.0_392]
	at java.util.concurrent.ThreadPoolExecutor$Worker.run(ThreadPoolExecutor.java:624) [?:1.8.0_392]
	at java.lang.Thread.run(Thread.java:750) [?:1.8.0_392]
2023-11-20 14:17:15,352 [om1-OMStateMachineApplyTransactionThread - 0] ERROR key.OMKeyDeleteRequestWithFSO (OMKeyDeleteRequestWithFSO.java:validateAndUpdateCache(205)) - Key delete failed. Volume:volume73660, Bucket:bucket24382, Key:gdir1.
DIRECTORY_NOT_EMPTY org.apache.hadoop.ozone.om.exceptions.OMException: Directory is not empty. Key:gdir1
	at org.apache.hadoop.ozone.om.request.key.OMKeyDeleteRequestWithFSO.validateAndUpdateCache(OMKeyDeleteRequestWithFSO.java:142)
	at org.apache.hadoop.ozone.protocolPB.OzoneManagerRequestHandler.lambda$0(OzoneManagerRequestHandler.java:395)
	at org.apache.hadoop.util.MetricUtil.captureLatencyNs(MetricUtil.java:39)
	at org.apache.hadoop.ozone.protocolPB.OzoneManagerRequestHandler.handleWriteRequest(OzoneManagerRequestHandler.java:393)
	at org.apache.hadoop.ozone.om.ratis.OzoneManagerStateMachine.runCommand(OzoneManagerStateMachine.java:581)
	at org.apache.hadoop.ozone.om.ratis.OzoneManagerStateMachine.lambda$1(OzoneManagerStateMachine.java:370)
	at java.util.concurrent.CompletableFuture$AsyncSupply.run(CompletableFuture.java:1604)
	at java.util.concurrent.ThreadPoolExecutor.runWorker(ThreadPoolExecutor.java:1149)
	at java.util.concurrent.ThreadPoolExecutor$Worker.run(ThreadPoolExecutor.java:624)
	at java.lang.Thread.run(Thread.java:750)
2023-11-20 14:17:15,352 [Time-limited test] ERROR ozone.BasicOzoneClientAdapterImpl (BasicOzoneClientAdapterImpl.java:deleteObject(364)) - delete key failed Directory is not empty. Key:gdir1
14:17:15.356 [IPC Server handler 0 on default port 15004] ERROR OMAudit - user=runner | ip=127.0.0.1 | op=GET_FILE_STATUS {volume=volume73660, bucket=bucket24382, key=gdir1, dataSize=0, replicationConfig=null} | ret=FAILURE
org.apache.hadoop.ozone.om.exceptions.OMException: Unable to get file status: volume: volume73660 bucket: bucket24382 key: gdir1
	at org.apache.hadoop.ozone.om.KeyManagerImpl.getOzoneFileStatusFSO(KeyManagerImpl.java:1356) ~[ozone-manager-1.4.0-SNAPSHOT.jar:?]
	at org.apache.hadoop.ozone.om.KeyManagerImpl.getFileStatus(KeyManagerImpl.java:1140) ~[ozone-manager-1.4.0-SNAPSHOT.jar:?]
	at org.apache.hadoop.ozone.om.OmMetadataReader.getFileStatus(OmMetadataReader.java:279) ~[ozone-manager-1.4.0-SNAPSHOT.jar:?]
	at org.apache.hadoop.ozone.om.OzoneManager.getFileStatus(OzoneManager.java:3629) ~[ozone-manager-1.4.0-SNAPSHOT.jar:?]
	at org.apache.hadoop.ozone.protocolPB.OzoneManagerRequestHandler.getOzoneFileStatus(OzoneManagerRequestHandler.java:1010) ~[ozone-manager-1.4.0-SNAPSHOT.jar:?]
	at org.apache.hadoop.ozone.protocolPB.OzoneManagerRequestHandler.handleReadRequest(OzoneManagerRequestHandler.java:262) ~[ozone-manager-1.4.0-SNAPSHOT.jar:?]
	at org.apache.hadoop.ozone.protocolPB.OzoneManagerProtocolServerSideTranslatorPB.submitReadRequestToOM(OzoneManagerProtocolServerSideTranslatorPB.java:265) ~[ozone-manager-1.4.0-SNAPSHOT.jar:?]
	at org.apache.hadoop.ozone.protocolPB.OzoneManagerProtocolServerSideTranslatorPB.internalProcessRequest(OzoneManagerProtocolServerSideTranslatorPB.java:211) ~[ozone-manager-1.4.0-SNAPSHOT.jar:?]
	at org.apache.hadoop.ozone.protocolPB.OzoneManagerProtocolServerSideTranslatorPB.processRequest(OzoneManagerProtocolServerSideTranslatorPB.java:171) ~[ozone-manager-1.4.0-SNAPSHOT.jar:?]
	at org.apache.hadoop.hdds.server.OzoneProtocolMessageDispatcher.processRequest(OzoneProtocolMessageDispatcher.java:89) [hdds-server-framework-1.4.0-SNAPSHOT.jar:?]
	at org.apache.hadoop.ozone.protocolPB.OzoneManagerProtocolServerSideTranslatorPB.submitRequest(OzoneManagerProtocolServerSideTranslatorPB.java:162) [ozone-manager-1.4.0-SNAPSHOT.jar:?]
	at org.apache.hadoop.ozone.protocol.proto.OzoneManagerProtocolProtos$OzoneManagerService$2.callBlockingMethod(OzoneManagerProtocolProtos.java) [ozone-interface-client-1.4.0-SNAPSHOT.jar:?]
	at org.apache.hadoop.ipc.ProtobufRpcEngine$Server.processCall(ProtobufRpcEngine.java:484) [hadoop-common-3.3.6.jar:?]
	at org.apache.hadoop.ipc.ProtobufRpcEngine2$Server$ProtoBufRpcInvoker.call(ProtobufRpcEngine2.java:595) [hadoop-common-3.3.6.jar:?]
	at org.apache.hadoop.ipc.ProtobufRpcEngine2$Server$ProtoBufRpcInvoker.call(ProtobufRpcEngine2.java:573) [hadoop-common-3.3.6.jar:?]
	at org.apache.hadoop.ipc.RPC$Server.call(RPC.java:1227) [hadoop-common-3.3.6.jar:?]
	at org.apache.hadoop.ipc.Server$RpcCall.run(Server.java:1094) [hadoop-common-3.3.6.jar:?]
	at org.apache.hadoop.ipc.Server$RpcCall.run(Server.java:1017) [hadoop-common-3.3.6.jar:?]
	at java.security.AccessController.doPrivileged(Native Method) ~[?:1.8.0_392]
	at javax.security.auth.Subject.doAs(Subject.java:422) [?:1.8.0_392]
	at org.apache.hadoop.security.UserGroupInformation.doAs(UserGroupInformation.java:1899) [hadoop-common-3.3.6.jar:?]
	at org.apache.hadoop.ipc.Server$Handler.run(Server.java:3048) [hadoop-common-3.3.6.jar:?]
14:17:15.358 [IPC Server handler 7 on default port 15004] ERROR OMAudit - user=runner | ip=127.0.0.1 | op=GET_FILE_STATUS {volume=volume73660, bucket=bucket24382, key=gdir1/dir1, dataSize=0, replicationConfig=null} | ret=FAILURE
org.apache.hadoop.ozone.om.exceptions.OMException: Unable to get file status: volume: volume73660 bucket: bucket24382 key: gdir1/dir1
	at org.apache.hadoop.ozone.om.KeyManagerImpl.getOzoneFileStatusFSO(KeyManagerImpl.java:1356) ~[ozone-manager-1.4.0-SNAPSHOT.jar:?]
	at org.apache.hadoop.ozone.om.KeyManagerImpl.getFileStatus(KeyManagerImpl.java:1140) ~[ozone-manager-1.4.0-SNAPSHOT.jar:?]
	at org.apache.hadoop.ozone.om.OmMetadataReader.getFileStatus(OmMetadataReader.java:279) ~[ozone-manager-1.4.0-SNAPSHOT.jar:?]
	at org.apache.hadoop.ozone.om.OzoneManager.getFileStatus(OzoneManager.java:3629) ~[ozone-manager-1.4.0-SNAPSHOT.jar:?]
	at org.apache.hadoop.ozone.protocolPB.OzoneManagerRequestHandler.getOzoneFileStatus(OzoneManagerRequestHandler.java:1010) ~[ozone-manager-1.4.0-SNAPSHOT.jar:?]
	at org.apache.hadoop.ozone.protocolPB.OzoneManagerRequestHandler.handleReadRequest(OzoneManagerRequestHandler.java:262) ~[ozone-manager-1.4.0-SNAPSHOT.jar:?]
	at org.apache.hadoop.ozone.protocolPB.OzoneManagerProtocolServerSideTranslatorPB.submitReadRequestToOM(OzoneManagerProtocolServerSideTranslatorPB.java:265) ~[ozone-manager-1.4.0-SNAPSHOT.jar:?]
	at org.apache.hadoop.ozone.protocolPB.OzoneManagerProtocolServerSideTranslatorPB.internalProcessRequest(OzoneManagerProtocolServerSideTranslatorPB.java:211) ~[ozone-manager-1.4.0-SNAPSHOT.jar:?]
	at org.apache.hadoop.ozone.protocolPB.OzoneManagerProtocolServerSideTranslatorPB.processRequest(OzoneManagerProtocolServerSideTranslatorPB.java:171) ~[ozone-manager-1.4.0-SNAPSHOT.jar:?]
	at org.apache.hadoop.hdds.server.OzoneProtocolMessageDispatcher.processRequest(OzoneProtocolMessageDispatcher.java:89) [hdds-server-framework-1.4.0-SNAPSHOT.jar:?]
	at org.apache.hadoop.ozone.protocolPB.OzoneManagerProtocolServerSideTranslatorPB.submitRequest(OzoneManagerProtocolServerSideTranslatorPB.java:162) [ozone-manager-1.4.0-SNAPSHOT.jar:?]
	at org.apache.hadoop.ozone.protocol.proto.OzoneManagerProtocolProtos$OzoneManagerService$2.callBlockingMethod(OzoneManagerProtocolProtos.java) [ozone-interface-client-1.4.0-SNAPSHOT.jar:?]
	at org.apache.hadoop.ipc.ProtobufRpcEngine$Server.processCall(ProtobufRpcEngine.java:484) [hadoop-common-3.3.6.jar:?]
	at org.apache.hadoop.ipc.ProtobufRpcEngine2$Server$ProtoBufRpcInvoker.call(ProtobufRpcEngine2.java:595) [hadoop-common-3.3.6.jar:?]
	at org.apache.hadoop.ipc.ProtobufRpcEngine2$Server$ProtoBufRpcInvoker.call(ProtobufRpcEngine2.java:573) [hadoop-common-3.3.6.jar:?]
	at org.apache.hadoop.ipc.RPC$Server.call(RPC.java:1227) [hadoop-common-3.3.6.jar:?]
	at org.apache.hadoop.ipc.Server$RpcCall.run(Server.java:1094) [hadoop-common-3.3.6.jar:?]
	at org.apache.hadoop.ipc.Server$RpcCall.run(Server.java:1017) [hadoop-common-3.3.6.jar:?]
	at java.security.AccessController.doPrivileged(Native Method) ~[?:1.8.0_392]
	at javax.security.auth.Subject.doAs(Subject.java:422) [?:1.8.0_392]
	at org.apache.hadoop.security.UserGroupInformation.doAs(UserGroupInformation.java:1899) [hadoop-common-3.3.6.jar:?]
	at org.apache.hadoop.ipc.Server$Handler.run(Server.java:3048) [hadoop-common-3.3.6.jar:?]
14:17:15.359 [IPC Server handler 13 on default port 15004] ERROR OMAudit - user=runner | ip=127.0.0.1 | op=GET_FILE_STATUS {volume=volume73660, bucket=bucket24382, key=gdir1/dir1/child, dataSize=0, replicationConfig=null} | ret=FAILURE
org.apache.hadoop.ozone.om.exceptions.OMException: Unable to get file status: volume: volume73660 bucket: bucket24382 key: gdir1/dir1/child
	at org.apache.hadoop.ozone.om.KeyManagerImpl.getOzoneFileStatusFSO(KeyManagerImpl.java:1356) ~[ozone-manager-1.4.0-SNAPSHOT.jar:?]
	at org.apache.hadoop.ozone.om.KeyManagerImpl.getFileStatus(KeyManagerImpl.java:1140) ~[ozone-manager-1.4.0-SNAPSHOT.jar:?]
	at org.apache.hadoop.ozone.om.OmMetadataReader.getFileStatus(OmMetadataReader.java:279) ~[ozone-manager-1.4.0-SNAPSHOT.jar:?]
	at org.apache.hadoop.ozone.om.OzoneManager.getFileStatus(OzoneManager.java:3629) ~[ozone-manager-1.4.0-SNAPSHOT.jar:?]
	at org.apache.hadoop.ozone.protocolPB.OzoneManagerRequestHandler.getOzoneFileStatus(OzoneManagerRequestHandler.java:1010) ~[ozone-manager-1.4.0-SNAPSHOT.jar:?]
	at org.apache.hadoop.ozone.protocolPB.OzoneManagerRequestHandler.handleReadRequest(OzoneManagerRequestHandler.java:262) ~[ozone-manager-1.4.0-SNAPSHOT.jar:?]
	at org.apache.hadoop.ozone.protocolPB.OzoneManagerProtocolServerSideTranslatorPB.submitReadRequestToOM(OzoneManagerProtocolServerSideTranslatorPB.java:265) ~[ozone-manager-1.4.0-SNAPSHOT.jar:?]
	at org.apache.hadoop.ozone.protocolPB.OzoneManagerProtocolServerSideTranslatorPB.internalProcessRequest(OzoneManagerProtocolServerSideTranslatorPB.java:211) ~[ozone-manager-1.4.0-SNAPSHOT.jar:?]
	at org.apache.hadoop.ozone.protocolPB.OzoneManagerProtocolServerSideTranslatorPB.processRequest(OzoneManagerProtocolServerSideTranslatorPB.java:171) ~[ozone-manager-1.4.0-SNAPSHOT.jar:?]
	at org.apache.hadoop.hdds.server.OzoneProtocolMessageDispatcher.processRequest(OzoneProtocolMessageDispatcher.java:89) [hdds-server-framework-1.4.0-SNAPSHOT.jar:?]
	at org.apache.hadoop.ozone.protocolPB.OzoneManagerProtocolServerSideTranslatorPB.submitRequest(OzoneManagerProtocolServerSideTranslatorPB.java:162) [ozone-manager-1.4.0-SNAPSHOT.jar:?]
	at org.apache.hadoop.ozone.protocol.proto.OzoneManagerProtocolProtos$OzoneManagerService$2.callBlockingMethod(OzoneManagerProtocolProtos.java) [ozone-interface-client-1.4.0-SNAPSHOT.jar:?]
	at org.apache.hadoop.ipc.ProtobufRpcEngine$Server.processCall(ProtobufRpcEngine.java:484) [hadoop-common-3.3.6.jar:?]
	at org.apache.hadoop.ipc.ProtobufRpcEngine2$Server$ProtoBufRpcInvoker.call(ProtobufRpcEngine2.java:595) [hadoop-common-3.3.6.jar:?]
	at org.apache.hadoop.ipc.ProtobufRpcEngine2$Server$ProtoBufRpcInvoker.call(ProtobufRpcEngine2.java:573) [hadoop-common-3.3.6.jar:?]
	at org.apache.hadoop.ipc.RPC$Server.call(RPC.java:1227) [hadoop-common-3.3.6.jar:?]
	at org.apache.hadoop.ipc.Server$RpcCall.run(Server.java:1094) [hadoop-common-3.3.6.jar:?]
	at org.apache.hadoop.ipc.Server$RpcCall.run(Server.java:1017) [hadoop-common-3.3.6.jar:?]
	at java.security.AccessController.doPrivileged(Native Method) ~[?:1.8.0_392]
	at javax.security.auth.Subject.doAs(Subject.java:422) [?:1.8.0_392]
	at org.apache.hadoop.security.UserGroupInformation.doAs(UserGroupInformation.java:1899) [hadoop-common-3.3.6.jar:?]
	at org.apache.hadoop.ipc.Server$Handler.run(Server.java:3048) [hadoop-common-3.3.6.jar:?]
14:17:15.360 [IPC Server handler 11 on default port 15004] ERROR OMAudit - user=runner | ip=127.0.0.1 | op=GET_FILE_STATUS {volume=volume73660, bucket=bucket24382, key=gdir1/dir2, dataSize=0, replicationConfig=null} | ret=FAILURE
org.apache.hadoop.ozone.om.exceptions.OMException: Unable to get file status: volume: volume73660 bucket: bucket24382 key: gdir1/dir2
	at org.apache.hadoop.ozone.om.KeyManagerImpl.getOzoneFileStatusFSO(KeyManagerImpl.java:1356) ~[ozone-manager-1.4.0-SNAPSHOT.jar:?]
	at org.apache.hadoop.ozone.om.KeyManagerImpl.getFileStatus(KeyManagerImpl.java:1140) ~[ozone-manager-1.4.0-SNAPSHOT.jar:?]
	at org.apache.hadoop.ozone.om.OmMetadataReader.getFileStatus(OmMetadataReader.java:279) ~[ozone-manager-1.4.0-SNAPSHOT.jar:?]
	at org.apache.hadoop.ozone.om.OzoneManager.getFileStatus(OzoneManager.java:3629) ~[ozone-manager-1.4.0-SNAPSHOT.jar:?]
	at org.apache.hadoop.ozone.protocolPB.OzoneManagerRequestHandler.getOzoneFileStatus(OzoneManagerRequestHandler.java:1010) ~[ozone-manager-1.4.0-SNAPSHOT.jar:?]
	at org.apache.hadoop.ozone.protocolPB.OzoneManagerRequestHandler.handleReadRequest(OzoneManagerRequestHandler.java:262) ~[ozone-manager-1.4.0-SNAPSHOT.jar:?]
	at org.apache.hadoop.ozone.protocolPB.OzoneManagerProtocolServerSideTranslatorPB.submitReadRequestToOM(OzoneManagerProtocolServerSideTranslatorPB.java:265) ~[ozone-manager-1.4.0-SNAPSHOT.jar:?]
	at org.apache.hadoop.ozone.protocolPB.OzoneManagerProtocolServerSideTranslatorPB.internalProcessRequest(OzoneManagerProtocolServerSideTranslatorPB.java:211) ~[ozone-manager-1.4.0-SNAPSHOT.jar:?]
	at org.apache.hadoop.ozone.protocolPB.OzoneManagerProtocolServerSideTranslatorPB.processRequest(OzoneManagerProtocolServerSideTranslatorPB.java:171) ~[ozone-manager-1.4.0-SNAPSHOT.jar:?]
	at org.apache.hadoop.hdds.server.OzoneProtocolMessageDispatcher.processRequest(OzoneProtocolMessageDispatcher.java:89) [hdds-server-framework-1.4.0-SNAPSHOT.jar:?]
	at org.apache.hadoop.ozone.protocolPB.OzoneManagerProtocolServerSideTranslatorPB.submitRequest(OzoneManagerProtocolServerSideTranslatorPB.java:162) [ozone-manager-1.4.0-SNAPSHOT.jar:?]
	at org.apache.hadoop.ozone.protocol.proto.OzoneManagerProtocolProtos$OzoneManagerService$2.callBlockingMethod(OzoneManagerProtocolProtos.java) [ozone-interface-client-1.4.0-SNAPSHOT.jar:?]
	at org.apache.hadoop.ipc.ProtobufRpcEngine$Server.processCall(ProtobufRpcEngine.java:484) [hadoop-common-3.3.6.jar:?]
	at org.apache.hadoop.ipc.ProtobufRpcEngine2$Server$ProtoBufRpcInvoker.call(ProtobufRpcEngine2.java:595) [hadoop-common-3.3.6.jar:?]
	at org.apache.hadoop.ipc.ProtobufRpcEngine2$Server$ProtoBufRpcInvoker.call(ProtobufRpcEngine2.java:573) [hadoop-common-3.3.6.jar:?]
	at org.apache.hadoop.ipc.RPC$Server.call(RPC.java:1227) [hadoop-common-3.3.6.jar:?]
	at org.apache.hadoop.ipc.Server$RpcCall.run(Server.java:1094) [hadoop-common-3.3.6.jar:?]
	at org.apache.hadoop.ipc.Server$RpcCall.run(Server.java:1017) [hadoop-common-3.3.6.jar:?]
	at java.security.AccessController.doPrivileged(Native Method) ~[?:1.8.0_392]
	at javax.security.auth.Subject.doAs(Subject.java:422) [?:1.8.0_392]
	at org.apache.hadoop.security.UserGroupInformation.doAs(UserGroupInformation.java:1899) [hadoop-common-3.3.6.jar:?]
	at org.apache.hadoop.ipc.Server$Handler.run(Server.java:3048) [hadoop-common-3.3.6.jar:?]
14:17:15.362 [IPC Server handler 14 on default port 15004] ERROR OMAudit - user=runner | ip=127.0.0.1 | op=GET_FILE_STATUS {volume=volume73660, bucket=bucket24382, key=gdir1/dir2/child, dataSize=0, replicationConfig=null} | ret=FAILURE
org.apache.hadoop.ozone.om.exceptions.OMException: Unable to get file status: volume: volume73660 bucket: bucket24382 key: gdir1/dir2/child
	at org.apache.hadoop.ozone.om.KeyManagerImpl.getOzoneFileStatusFSO(KeyManagerImpl.java:1356) ~[ozone-manager-1.4.0-SNAPSHOT.jar:?]
	at org.apache.hadoop.ozone.om.KeyManagerImpl.getFileStatus(KeyManagerImpl.java:1140) ~[ozone-manager-1.4.0-SNAPSHOT.jar:?]
	at org.apache.hadoop.ozone.om.OmMetadataReader.getFileStatus(OmMetadataReader.java:279) ~[ozone-manager-1.4.0-SNAPSHOT.jar:?]
	at org.apache.hadoop.ozone.om.OzoneManager.getFileStatus(OzoneManager.java:3629) ~[ozone-manager-1.4.0-SNAPSHOT.jar:?]
	at org.apache.hadoop.ozone.protocolPB.OzoneManagerRequestHandler.getOzoneFileStatus(OzoneManagerRequestHandler.java:1010) ~[ozone-manager-1.4.0-SNAPSHOT.jar:?]
	at org.apache.hadoop.ozone.protocolPB.OzoneManagerRequestHandler.handleReadRequest(OzoneManagerRequestHandler.java:262) ~[ozone-manager-1.4.0-SNAPSHOT.jar:?]
	at org.apache.hadoop.ozone.protocolPB.OzoneManagerProtocolServerSideTranslatorPB.submitReadRequestToOM(OzoneManagerProtocolServerSideTranslatorPB.java:265) ~[ozone-manager-1.4.0-SNAPSHOT.jar:?]
	at org.apache.hadoop.ozone.protocolPB.OzoneManagerProtocolServerSideTranslatorPB.internalProcessRequest(OzoneManagerProtocolServerSideTranslatorPB.java:211) ~[ozone-manager-1.4.0-SNAPSHOT.jar:?]
	at org.apache.hadoop.ozone.protocolPB.OzoneManagerProtocolServerSideTranslatorPB.processRequest(OzoneManagerProtocolServerSideTranslatorPB.java:171) ~[ozone-manager-1.4.0-SNAPSHOT.jar:?]
	at org.apache.hadoop.hdds.server.OzoneProtocolMessageDispatcher.processRequest(OzoneProtocolMessageDispatcher.java:89) [hdds-server-framework-1.4.0-SNAPSHOT.jar:?]
	at org.apache.hadoop.ozone.protocolPB.OzoneManagerProtocolServerSideTranslatorPB.submitRequest(OzoneManagerProtocolServerSideTranslatorPB.java:162) [ozone-manager-1.4.0-SNAPSHOT.jar:?]
	at org.apache.hadoop.ozone.protocol.proto.OzoneManagerProtocolProtos$OzoneManagerService$2.callBlockingMethod(OzoneManagerProtocolProtos.java) [ozone-interface-client-1.4.0-SNAPSHOT.jar:?]
	at org.apache.hadoop.ipc.ProtobufRpcEngine$Server.processCall(ProtobufRpcEngine.java:484) [hadoop-common-3.3.6.jar:?]
	at org.apache.hadoop.ipc.ProtobufRpcEngine2$Server$ProtoBufRpcInvoker.call(ProtobufRpcEngine2.java:595) [hadoop-common-3.3.6.jar:?]
	at org.apache.hadoop.ipc.ProtobufRpcEngine2$Server$ProtoBufRpcInvoker.call(ProtobufRpcEngine2.java:573) [hadoop-common-3.3.6.jar:?]
	at org.apache.hadoop.ipc.RPC$Server.call(RPC.java:1227) [hadoop-common-3.3.6.jar:?]
	at org.apache.hadoop.ipc.Server$RpcCall.run(Server.java:1094) [hadoop-common-3.3.6.jar:?]
	at org.apache.hadoop.ipc.Server$RpcCall.run(Server.java:1017) [hadoop-common-3.3.6.jar:?]
	at java.security.AccessController.doPrivileged(Native Method) ~[?:1.8.0_392]
	at javax.security.auth.Subject.doAs(Subject.java:422) [?:1.8.0_392]
	at org.apache.hadoop.security.UserGroupInformation.doAs(UserGroupInformation.java:1899) [hadoop-common-3.3.6.jar:?]
	at org.apache.hadoop.ipc.Server$Handler.run(Server.java:3048) [hadoop-common-3.3.6.jar:?]
14:17:15.366 [IPC Server handler 16 on default port 15004] ERROR OMAudit - user=runner | ip=127.0.0.1 | op=GET_FILE_STATUS {volume=volume73660, bucket=bucket24382, key=gdir1/dir3, dataSize=0, replicationConfig=null} | ret=FAILURE
org.apache.hadoop.ozone.om.exceptions.OMException: Unable to get file status: volume: volume73660 bucket: bucket24382 key: gdir1/dir3
	at org.apache.hadoop.ozone.om.KeyManagerImpl.getOzoneFileStatusFSO(KeyManagerImpl.java:1356) ~[ozone-manager-1.4.0-SNAPSHOT.jar:?]
	at org.apache.hadoop.ozone.om.KeyManagerImpl.getFileStatus(KeyManagerImpl.java:1140) ~[ozone-manager-1.4.0-SNAPSHOT.jar:?]
	at org.apache.hadoop.ozone.om.OmMetadataReader.getFileStatus(OmMetadataReader.java:279) ~[ozone-manager-1.4.0-SNAPSHOT.jar:?]
	at org.apache.hadoop.ozone.om.OzoneManager.getFileStatus(OzoneManager.java:3629) ~[ozone-manager-1.4.0-SNAPSHOT.jar:?]
	at org.apache.hadoop.ozone.protocolPB.OzoneManagerRequestHandler.getOzoneFileStatus(OzoneManagerRequestHandler.java:1010) ~[ozone-manager-1.4.0-SNAPSHOT.jar:?]
	at org.apache.hadoop.ozone.protocolPB.OzoneManagerRequestHandler.handleReadRequest(OzoneManagerRequestHandler.java:262) ~[ozone-manager-1.4.0-SNAPSHOT.jar:?]
	at org.apache.hadoop.ozone.protocolPB.OzoneManagerProtocolServerSideTranslatorPB.submitReadRequestToOM(OzoneManagerProtocolServerSideTranslatorPB.java:265) ~[ozone-manager-1.4.0-SNAPSHOT.jar:?]
	at org.apache.hadoop.ozone.protocolPB.OzoneManagerProtocolServerSideTranslatorPB.internalProcessRequest(OzoneManagerProtocolServerSideTranslatorPB.java:211) ~[ozone-manager-1.4.0-SNAPSHOT.jar:?]
	at org.apache.hadoop.ozone.protocolPB.OzoneManagerProtocolServerSideTranslatorPB.processRequest(OzoneManagerProtocolServerSideTranslatorPB.java:171) ~[ozone-manager-1.4.0-SNAPSHOT.jar:?]
	at org.apache.hadoop.hdds.server.OzoneProtocolMessageDispatcher.processRequest(OzoneProtocolMessageDispatcher.java:89) [hdds-server-framework-1.4.0-SNAPSHOT.jar:?]
	at org.apache.hadoop.ozone.protocolPB.OzoneManagerProtocolServerSideTranslatorPB.submitRequest(OzoneManagerProtocolServerSideTranslatorPB.java:162) [ozone-manager-1.4.0-SNAPSHOT.jar:?]
	at org.apache.hadoop.ozone.protocol.proto.OzoneManagerProtocolProtos$OzoneManagerService$2.callBlockingMethod(OzoneManagerProtocolProtos.java) [ozone-interface-client-1.4.0-SNAPSHOT.jar:?]
	at org.apache.hadoop.ipc.ProtobufRpcEngine$Server.processCall(ProtobufRpcEngine.java:484) [hadoop-common-3.3.6.jar:?]
	at org.apache.hadoop.ipc.ProtobufRpcEngine2$Server$ProtoBufRpcInvoker.call(ProtobufRpcEngine2.java:595) [hadoop-common-3.3.6.jar:?]
	at org.apache.hadoop.ipc.ProtobufRpcEngine2$Server$ProtoBufRpcInvoker.call(ProtobufRpcEngine2.java:573) [hadoop-common-3.3.6.jar:?]
	at org.apache.hadoop.ipc.RPC$Server.call(RPC.java:1227) [hadoop-common-3.3.6.jar:?]
	at org.apache.hadoop.ipc.Server$RpcCall.run(Server.java:1094) [hadoop-common-3.3.6.jar:?]
	at org.apache.hadoop.ipc.Server$RpcCall.run(Server.java:1017) [hadoop-common-3.3.6.jar:?]
	at java.security.AccessController.doPrivileged(Native Method) ~[?:1.8.0_392]
	at javax.security.auth.Subject.doAs(Subject.java:422) [?:1.8.0_392]
	at org.apache.hadoop.security.UserGroupInformation.doAs(UserGroupInformation.java:1899) [hadoop-common-3.3.6.jar:?]
	at org.apache.hadoop.ipc.Server$Handler.run(Server.java:3048) [hadoop-common-3.3.6.jar:?]
14:17:15.368 [IPC Server handler 17 on default port 15004] ERROR OMAudit - user=runner | ip=127.0.0.1 | op=GET_FILE_STATUS {volume=volume73660, bucket=bucket24382, key=gdir1/dir3/child, dataSize=0, replicationConfig=null} | ret=FAILURE
org.apache.hadoop.ozone.om.exceptions.OMException: Unable to get file status: volume: volume73660 bucket: bucket24382 key: gdir1/dir3/child
	at org.apache.hadoop.ozone.om.KeyManagerImpl.getOzoneFileStatusFSO(KeyManagerImpl.java:1356) ~[ozone-manager-1.4.0-SNAPSHOT.jar:?]
	at org.apache.hadoop.ozone.om.KeyManagerImpl.getFileStatus(KeyManagerImpl.java:1140) ~[ozone-manager-1.4.0-SNAPSHOT.jar:?]
	at org.apache.hadoop.ozone.om.OmMetadataReader.getFileStatus(OmMetadataReader.java:279) ~[ozone-manager-1.4.0-SNAPSHOT.jar:?]
	at org.apache.hadoop.ozone.om.OzoneManager.getFileStatus(OzoneManager.java:3629) ~[ozone-manager-1.4.0-SNAPSHOT.jar:?]
	at org.apache.hadoop.ozone.protocolPB.OzoneManagerRequestHandler.getOzoneFileStatus(OzoneManagerRequestHandler.java:1010) ~[ozone-manager-1.4.0-SNAPSHOT.jar:?]
	at org.apache.hadoop.ozone.protocolPB.OzoneManagerRequestHandler.handleReadRequest(OzoneManagerRequestHandler.java:262) ~[ozone-manager-1.4.0-SNAPSHOT.jar:?]
	at org.apache.hadoop.ozone.protocolPB.OzoneManagerProtocolServerSideTranslatorPB.submitReadRequestToOM(OzoneManagerProtocolServerSideTranslatorPB.java:265) ~[ozone-manager-1.4.0-SNAPSHOT.jar:?]
	at org.apache.hadoop.ozone.protocolPB.OzoneManagerProtocolServerSideTranslatorPB.internalProcessRequest(OzoneManagerProtocolServerSideTranslatorPB.java:211) ~[ozone-manager-1.4.0-SNAPSHOT.jar:?]
	at org.apache.hadoop.ozone.protocolPB.OzoneManagerProtocolServerSideTranslatorPB.processRequest(OzoneManagerProtocolServerSideTranslatorPB.java:171) ~[ozone-manager-1.4.0-SNAPSHOT.jar:?]
	at org.apache.hadoop.hdds.server.OzoneProtocolMessageDispatcher.processRequest(OzoneProtocolMessageDispatcher.java:89) [hdds-server-framework-1.4.0-SNAPSHOT.jar:?]
	at org.apache.hadoop.ozone.protocolPB.OzoneManagerProtocolServerSideTranslatorPB.submitRequest(OzoneManagerProtocolServerSideTranslatorPB.java:162) [ozone-manager-1.4.0-SNAPSHOT.jar:?]
	at org.apache.hadoop.ozone.protocol.proto.OzoneManagerProtocolProtos$OzoneManagerService$2.callBlockingMethod(OzoneManagerProtocolProtos.java) [ozone-interface-client-1.4.0-SNAPSHOT.jar:?]
	at org.apache.hadoop.ipc.ProtobufRpcEngine$Server.processCall(ProtobufRpcEngine.java:484) [hadoop-common-3.3.6.jar:?]
	at org.apache.hadoop.ipc.ProtobufRpcEngine2$Server$ProtoBufRpcInvoker.call(ProtobufRpcEngine2.java:595) [hadoop-common-3.3.6.jar:?]
	at org.apache.hadoop.ipc.ProtobufRpcEngine2$Server$ProtoBufRpcInvoker.call(ProtobufRpcEngine2.java:573) [hadoop-common-3.3.6.jar:?]
	at org.apache.hadoop.ipc.RPC$Server.call(RPC.java:1227) [hadoop-common-3.3.6.jar:?]
	at org.apache.hadoop.ipc.Server$RpcCall.run(Server.java:1094) [hadoop-common-3.3.6.jar:?]
	at org.apache.hadoop.ipc.Server$RpcCall.run(Server.java:1017) [hadoop-common-3.3.6.jar:?]
	at java.security.AccessController.doPrivileged(Native Method) ~[?:1.8.0_392]
	at javax.security.auth.Subject.doAs(Subject.java:422) [?:1.8.0_392]
	at org.apache.hadoop.security.UserGroupInformation.doAs(UserGroupInformation.java:1899) [hadoop-common-3.3.6.jar:?]
	at org.apache.hadoop.ipc.Server$Handler.run(Server.java:3048) [hadoop-common-3.3.6.jar:?]
14:17:15.370 [IPC Server handler 18 on default port 15004] ERROR OMAudit - user=runner | ip=127.0.0.1 | op=GET_FILE_STATUS {volume=volume73660, bucket=bucket24382, key=gdir1/dir4, dataSize=0, replicationConfig=null} | ret=FAILURE
org.apache.hadoop.ozone.om.exceptions.OMException: Unable to get file status: volume: volume73660 bucket: bucket24382 key: gdir1/dir4
	at org.apache.hadoop.ozone.om.KeyManagerImpl.getOzoneFileStatusFSO(KeyManagerImpl.java:1356) ~[ozone-manager-1.4.0-SNAPSHOT.jar:?]
	at org.apache.hadoop.ozone.om.KeyManagerImpl.getFileStatus(KeyManagerImpl.java:1140) ~[ozone-manager-1.4.0-SNAPSHOT.jar:?]
	at org.apache.hadoop.ozone.om.OmMetadataReader.getFileStatus(OmMetadataReader.java:279) ~[ozone-manager-1.4.0-SNAPSHOT.jar:?]
	at org.apache.hadoop.ozone.om.OzoneManager.getFileStatus(OzoneManager.java:3629) ~[ozone-manager-1.4.0-SNAPSHOT.jar:?]
	at org.apache.hadoop.ozone.protocolPB.OzoneManagerRequestHandler.getOzoneFileStatus(OzoneManagerRequestHandler.java:1010) ~[ozone-manager-1.4.0-SNAPSHOT.jar:?]
	at org.apache.hadoop.ozone.protocolPB.OzoneManagerRequestHandler.handleReadRequest(OzoneManagerRequestHandler.java:262) ~[ozone-manager-1.4.0-SNAPSHOT.jar:?]
	at org.apache.hadoop.ozone.protocolPB.OzoneManagerProtocolServerSideTranslatorPB.submitReadRequestToOM(OzoneManagerProtocolServerSideTranslatorPB.java:265) ~[ozone-manager-1.4.0-SNAPSHOT.jar:?]
	at org.apache.hadoop.ozone.protocolPB.OzoneManagerProtocolServerSideTranslatorPB.internalProcessRequest(OzoneManagerProtocolServerSideTranslatorPB.java:211) ~[ozone-manager-1.4.0-SNAPSHOT.jar:?]
	at org.apache.hadoop.ozone.protocolPB.OzoneManagerProtocolServerSideTranslatorPB.processRequest(OzoneManagerProtocolServerSideTranslatorPB.java:171) ~[ozone-manager-1.4.0-SNAPSHOT.jar:?]
	at org.apache.hadoop.hdds.server.OzoneProtocolMessageDispatcher.processRequest(OzoneProtocolMessageDispatcher.java:89) [hdds-server-framework-1.4.0-SNAPSHOT.jar:?]
	at org.apache.hadoop.ozone.protocolPB.OzoneManagerProtocolServerSideTranslatorPB.submitRequest(OzoneManagerProtocolServerSideTranslatorPB.java:162) [ozone-manager-1.4.0-SNAPSHOT.jar:?]
	at org.apache.hadoop.ozone.protocol.proto.OzoneManagerProtocolProtos$OzoneManagerService$2.callBlockingMethod(OzoneManagerProtocolProtos.java) [ozone-interface-client-1.4.0-SNAPSHOT.jar:?]
	at org.apache.hadoop.ipc.ProtobufRpcEngine$Server.processCall(ProtobufRpcEngine.java:484) [hadoop-common-3.3.6.jar:?]
	at org.apache.hadoop.ipc.ProtobufRpcEngine2$Server$ProtoBufRpcInvoker.call(ProtobufRpcEngine2.java:595) [hadoop-common-3.3.6.jar:?]
	at org.apache.hadoop.ipc.ProtobufRpcEngine2$Server$ProtoBufRpcInvoker.call(ProtobufRpcEngine2.java:573) [hadoop-common-3.3.6.jar:?]
	at org.apache.hadoop.ipc.RPC$Server.call(RPC.java:1227) [hadoop-common-3.3.6.jar:?]
	at org.apache.hadoop.ipc.Server$RpcCall.run(Server.java:1094) [hadoop-common-3.3.6.jar:?]
	at org.apache.hadoop.ipc.Server$RpcCall.run(Server.java:1017) [hadoop-common-3.3.6.jar:?]
	at java.security.AccessController.doPrivileged(Native Method) ~[?:1.8.0_392]
	at javax.security.auth.Subject.doAs(Subject.java:422) [?:1.8.0_392]
	at org.apache.hadoop.security.UserGroupInformation.doAs(UserGroupInformation.java:1899) [hadoop-common-3.3.6.jar:?]
	at org.apache.hadoop.ipc.Server$Handler.run(Server.java:3048) [hadoop-common-3.3.6.jar:?]
14:17:15.371 [IPC Server handler 19 on default port 15004] ERROR OMAudit - user=runner | ip=127.0.0.1 | op=GET_FILE_STATUS {volume=volume73660, bucket=bucket24382, key=gdir1/dir4/child, dataSize=0, replicationConfig=null} | ret=FAILURE
org.apache.hadoop.ozone.om.exceptions.OMException: Unable to get file status: volume: volume73660 bucket: bucket24382 key: gdir1/dir4/child
	at org.apache.hadoop.ozone.om.KeyManagerImpl.getOzoneFileStatusFSO(KeyManagerImpl.java:1356) ~[ozone-manager-1.4.0-SNAPSHOT.jar:?]
	at org.apache.hadoop.ozone.om.KeyManagerImpl.getFileStatus(KeyManagerImpl.java:1140) ~[ozone-manager-1.4.0-SNAPSHOT.jar:?]
	at org.apache.hadoop.ozone.om.OmMetadataReader.getFileStatus(OmMetadataReader.java:279) ~[ozone-manager-1.4.0-SNAPSHOT.jar:?]
	at org.apache.hadoop.ozone.om.OzoneManager.getFileStatus(OzoneManager.java:3629) ~[ozone-manager-1.4.0-SNAPSHOT.jar:?]
	at org.apache.hadoop.ozone.protocolPB.OzoneManagerRequestHandler.getOzoneFileStatus(OzoneManagerRequestHandler.java:1010) ~[ozone-manager-1.4.0-SNAPSHOT.jar:?]
	at org.apache.hadoop.ozone.protocolPB.OzoneManagerRequestHandler.handleReadRequest(OzoneManagerRequestHandler.java:262) ~[ozone-manager-1.4.0-SNAPSHOT.jar:?]
	at org.apache.hadoop.ozone.protocolPB.OzoneManagerProtocolServerSideTranslatorPB.submitReadRequestToOM(OzoneManagerProtocolServerSideTranslatorPB.java:265) ~[ozone-manager-1.4.0-SNAPSHOT.jar:?]
	at org.apache.hadoop.ozone.protocolPB.OzoneManagerProtocolServerSideTranslatorPB.internalProcessRequest(OzoneManagerProtocolServerSideTranslatorPB.java:211) ~[ozone-manager-1.4.0-SNAPSHOT.jar:?]
	at org.apache.hadoop.ozone.protocolPB.OzoneManagerProtocolServerSideTranslatorPB.processRequest(OzoneManagerProtocolServerSideTranslatorPB.java:171) ~[ozone-manager-1.4.0-SNAPSHOT.jar:?]
	at org.apache.hadoop.hdds.server.OzoneProtocolMessageDispatcher.processRequest(OzoneProtocolMessageDispatcher.java:89) [hdds-server-framework-1.4.0-SNAPSHOT.jar:?]
	at org.apache.hadoop.ozone.protocolPB.OzoneManagerProtocolServerSideTranslatorPB.submitRequest(OzoneManagerProtocolServerSideTranslatorPB.java:162) [ozone-manager-1.4.0-SNAPSHOT.jar:?]
	at org.apache.hadoop.ozone.protocol.proto.OzoneManagerProtocolProtos$OzoneManagerService$2.callBlockingMethod(OzoneManagerProtocolProtos.java) [ozone-interface-client-1.4.0-SNAPSHOT.jar:?]
	at org.apache.hadoop.ipc.ProtobufRpcEngine$Server.processCall(ProtobufRpcEngine.java:484) [hadoop-common-3.3.6.jar:?]
	at org.apache.hadoop.ipc.ProtobufRpcEngine2$Server$ProtoBufRpcInvoker.call(ProtobufRpcEngine2.java:595) [hadoop-common-3.3.6.jar:?]
	at org.apache.hadoop.ipc.ProtobufRpcEngine2$Server$ProtoBufRpcInvoker.call(ProtobufRpcEngine2.java:573) [hadoop-common-3.3.6.jar:?]
	at org.apache.hadoop.ipc.RPC$Server.call(RPC.java:1227) [hadoop-common-3.3.6.jar:?]
	at org.apache.hadoop.ipc.Server$RpcCall.run(Server.java:1094) [hadoop-common-3.3.6.jar:?]
	at org.apache.hadoop.ipc.Server$RpcCall.run(Server.java:1017) [hadoop-common-3.3.6.jar:?]
	at java.security.AccessController.doPrivileged(Native Method) ~[?:1.8.0_392]
	at javax.security.auth.Subject.doAs(Subject.java:422) [?:1.8.0_392]
	at org.apache.hadoop.security.UserGroupInformation.doAs(UserGroupInformation.java:1899) [hadoop-common-3.3.6.jar:?]
	at org.apache.hadoop.ipc.Server$Handler.run(Server.java:3048) [hadoop-common-3.3.6.jar:?]
14:17:15.373 [IPC Server handler 15 on default port 15004] ERROR OMAudit - user=runner | ip=127.0.0.1 | op=GET_FILE_STATUS {volume=volume73660, bucket=bucket24382, key=gdir1/dir5, dataSize=0, replicationConfig=null} | ret=FAILURE
org.apache.hadoop.ozone.om.exceptions.OMException: Unable to get file status: volume: volume73660 bucket: bucket24382 key: gdir1/dir5
	at org.apache.hadoop.ozone.om.KeyManagerImpl.getOzoneFileStatusFSO(KeyManagerImpl.java:1356) ~[ozone-manager-1.4.0-SNAPSHOT.jar:?]
	at org.apache.hadoop.ozone.om.KeyManagerImpl.getFileStatus(KeyManagerImpl.java:1140) ~[ozone-manager-1.4.0-SNAPSHOT.jar:?]
	at org.apache.hadoop.ozone.om.OmMetadataReader.getFileStatus(OmMetadataReader.java:279) ~[ozone-manager-1.4.0-SNAPSHOT.jar:?]
	at org.apache.hadoop.ozone.om.OzoneManager.getFileStatus(OzoneManager.java:3629) ~[ozone-manager-1.4.0-SNAPSHOT.jar:?]
	at org.apache.hadoop.ozone.protocolPB.OzoneManagerRequestHandler.getOzoneFileStatus(OzoneManagerRequestHandler.java:1010) ~[ozone-manager-1.4.0-SNAPSHOT.jar:?]
	at org.apache.hadoop.ozone.protocolPB.OzoneManagerRequestHandler.handleReadRequest(OzoneManagerRequestHandler.java:262) ~[ozone-manager-1.4.0-SNAPSHOT.jar:?]
	at org.apache.hadoop.ozone.protocolPB.OzoneManagerProtocolServerSideTranslatorPB.submitReadRequestToOM(OzoneManagerProtocolServerSideTranslatorPB.java:265) ~[ozone-manager-1.4.0-SNAPSHOT.jar:?]
	at org.apache.hadoop.ozone.protocolPB.OzoneManagerProtocolServerSideTranslatorPB.internalProcessRequest(OzoneManagerProtocolServerSideTranslatorPB.java:211) ~[ozone-manager-1.4.0-SNAPSHOT.jar:?]
	at org.apache.hadoop.ozone.protocolPB.OzoneManagerProtocolServerSideTranslatorPB.processRequest(OzoneManagerProtocolServerSideTranslatorPB.java:171) ~[ozone-manager-1.4.0-SNAPSHOT.jar:?]
	at org.apache.hadoop.hdds.server.OzoneProtocolMessageDispatcher.processRequest(OzoneProtocolMessageDispatcher.java:89) [hdds-server-framework-1.4.0-SNAPSHOT.jar:?]
	at org.apache.hadoop.ozone.protocolPB.OzoneManagerProtocolServerSideTranslatorPB.submitRequest(OzoneManagerProtocolServerSideTranslatorPB.java:162) [ozone-manager-1.4.0-SNAPSHOT.jar:?]
	at org.apache.hadoop.ozone.protocol.proto.OzoneManagerProtocolProtos$OzoneManagerService$2.callBlockingMethod(OzoneManagerProtocolProtos.java) [ozone-interface-client-1.4.0-SNAPSHOT.jar:?]
	at org.apache.hadoop.ipc.ProtobufRpcEngine$Server.processCall(ProtobufRpcEngine.java:484) [hadoop-common-3.3.6.jar:?]
	at org.apache.hadoop.ipc.ProtobufRpcEngine2$Server$ProtoBufRpcInvoker.call(ProtobufRpcEngine2.java:595) [hadoop-common-3.3.6.jar:?]
	at org.apache.hadoop.ipc.ProtobufRpcEngine2$Server$ProtoBufRpcInvoker.call(ProtobufRpcEngine2.java:573) [hadoop-common-3.3.6.jar:?]
	at org.apache.hadoop.ipc.RPC$Server.call(RPC.java:1227) [hadoop-common-3.3.6.jar:?]
	at org.apache.hadoop.ipc.Server$RpcCall.run(Server.java:1094) [hadoop-common-3.3.6.jar:?]
	at org.apache.hadoop.ipc.Server$RpcCall.run(Server.java:1017) [hadoop-common-3.3.6.jar:?]
	at java.security.AccessController.doPrivileged(Native Method) ~[?:1.8.0_392]
	at javax.security.auth.Subject.doAs(Subject.java:422) [?:1.8.0_392]
	at org.apache.hadoop.security.UserGroupInformation.doAs(UserGroupInformation.java:1899) [hadoop-common-3.3.6.jar:?]
	at org.apache.hadoop.ipc.Server$Handler.run(Server.java:3048) [hadoop-common-3.3.6.jar:?]
14:17:15.374 [IPC Server handler 10 on default port 15004] ERROR OMAudit - user=runner | ip=127.0.0.1 | op=GET_FILE_STATUS {volume=volume73660, bucket=bucket24382, key=gdir1/dir5/child, dataSize=0, replicationConfig=null} | ret=FAILURE
org.apache.hadoop.ozone.om.exceptions.OMException: Unable to get file status: volume: volume73660 bucket: bucket24382 key: gdir1/dir5/child
	at org.apache.hadoop.ozone.om.KeyManagerImpl.getOzoneFileStatusFSO(KeyManagerImpl.java:1356) ~[ozone-manager-1.4.0-SNAPSHOT.jar:?]
	at org.apache.hadoop.ozone.om.KeyManagerImpl.getFileStatus(KeyManagerImpl.java:1140) ~[ozone-manager-1.4.0-SNAPSHOT.jar:?]
	at org.apache.hadoop.ozone.om.OmMetadataReader.getFileStatus(OmMetadataReader.java:279) ~[ozone-manager-1.4.0-SNAPSHOT.jar:?]
	at org.apache.hadoop.ozone.om.OzoneManager.getFileStatus(OzoneManager.java:3629) ~[ozone-manager-1.4.0-SNAPSHOT.jar:?]
	at org.apache.hadoop.ozone.protocolPB.OzoneManagerRequestHandler.getOzoneFileStatus(OzoneManagerRequestHandler.java:1010) ~[ozone-manager-1.4.0-SNAPSHOT.jar:?]
	at org.apache.hadoop.ozone.protocolPB.OzoneManagerRequestHandler.handleReadRequest(OzoneManagerRequestHandler.java:262) ~[ozone-manager-1.4.0-SNAPSHOT.jar:?]
	at org.apache.hadoop.ozone.protocolPB.OzoneManagerProtocolServerSideTranslatorPB.submitReadRequestToOM(OzoneManagerProtocolServerSideTranslatorPB.java:265) ~[ozone-manager-1.4.0-SNAPSHOT.jar:?]
	at org.apache.hadoop.ozone.protocolPB.OzoneManagerProtocolServerSideTranslatorPB.internalProcessRequest(OzoneManagerProtocolServerSideTranslatorPB.java:211) ~[ozone-manager-1.4.0-SNAPSHOT.jar:?]
	at org.apache.hadoop.ozone.protocolPB.OzoneManagerProtocolServerSideTranslatorPB.processRequest(OzoneManagerProtocolServerSideTranslatorPB.java:171) ~[ozone-manager-1.4.0-SNAPSHOT.jar:?]
	at org.apache.hadoop.hdds.server.OzoneProtocolMessageDispatcher.processRequest(OzoneProtocolMessageDispatcher.java:89) [hdds-server-framework-1.4.0-SNAPSHOT.jar:?]
	at org.apache.hadoop.ozone.protocolPB.OzoneManagerProtocolServerSideTranslatorPB.submitRequest(OzoneManagerProtocolServerSideTranslatorPB.java:162) [ozone-manager-1.4.0-SNAPSHOT.jar:?]
	at org.apache.hadoop.ozone.protocol.proto.OzoneManagerProtocolProtos$OzoneManagerService$2.callBlockingMethod(OzoneManagerProtocolProtos.java) [ozone-interface-client-1.4.0-SNAPSHOT.jar:?]
	at org.apache.hadoop.ipc.ProtobufRpcEngine$Server.processCall(ProtobufRpcEngine.java:484) [hadoop-common-3.3.6.jar:?]
	at org.apache.hadoop.ipc.ProtobufRpcEngine2$Server$ProtoBufRpcInvoker.call(ProtobufRpcEngine2.java:595) [hadoop-common-3.3.6.jar:?]
	at org.apache.hadoop.ipc.ProtobufRpcEngine2$Server$ProtoBufRpcInvoker.call(ProtobufRpcEngine2.java:573) [hadoop-common-3.3.6.jar:?]
	at org.apache.hadoop.ipc.RPC$Server.call(RPC.java:1227) [hadoop-common-3.3.6.jar:?]
	at org.apache.hadoop.ipc.Server$RpcCall.run(Server.java:1094) [hadoop-common-3.3.6.jar:?]
	at org.apache.hadoop.ipc.Server$RpcCall.run(Server.java:1017) [hadoop-common-3.3.6.jar:?]
	at java.security.AccessController.doPrivileged(Native Method) ~[?:1.8.0_392]
	at javax.security.auth.Subject.doAs(Subject.java:422) [?:1.8.0_392]
	at org.apache.hadoop.security.UserGroupInformation.doAs(UserGroupInformation.java:1899) [hadoop-common-3.3.6.jar:?]
	at org.apache.hadoop.ipc.Server$Handler.run(Server.java:3048) [hadoop-common-3.3.6.jar:?]
14:17:15.376 [IPC Server handler 9 on default port 15004] ERROR OMAudit - user=runner | ip=127.0.0.1 | op=GET_FILE_STATUS {volume=volume73660, bucket=bucket24382, key=gdir1/dir6, dataSize=0, replicationConfig=null} | ret=FAILURE
org.apache.hadoop.ozone.om.exceptions.OMException: Unable to get file status: volume: volume73660 bucket: bucket24382 key: gdir1/dir6
	at org.apache.hadoop.ozone.om.KeyManagerImpl.getOzoneFileStatusFSO(KeyManagerImpl.java:1356) ~[ozone-manager-1.4.0-SNAPSHOT.jar:?]
	at org.apache.hadoop.ozone.om.KeyManagerImpl.getFileStatus(KeyManagerImpl.java:1140) ~[ozone-manager-1.4.0-SNAPSHOT.jar:?]
	at org.apache.hadoop.ozone.om.OmMetadataReader.getFileStatus(OmMetadataReader.java:279) ~[ozone-manager-1.4.0-SNAPSHOT.jar:?]
	at org.apache.hadoop.ozone.om.OzoneManager.getFileStatus(OzoneManager.java:3629) ~[ozone-manager-1.4.0-SNAPSHOT.jar:?]
	at org.apache.hadoop.ozone.protocolPB.OzoneManagerRequestHandler.getOzoneFileStatus(OzoneManagerRequestHandler.java:1010) ~[ozone-manager-1.4.0-SNAPSHOT.jar:?]
	at org.apache.hadoop.ozone.protocolPB.OzoneManagerRequestHandler.handleReadRequest(OzoneManagerRequestHandler.java:262) ~[ozone-manager-1.4.0-SNAPSHOT.jar:?]
	at org.apache.hadoop.ozone.protocolPB.OzoneManagerProtocolServerSideTranslatorPB.submitReadRequestToOM(OzoneManagerProtocolServerSideTranslatorPB.java:265) ~[ozone-manager-1.4.0-SNAPSHOT.jar:?]
	at org.apache.hadoop.ozone.protocolPB.OzoneManagerProtocolServerSideTranslatorPB.internalProcessRequest(OzoneManagerProtocolServerSideTranslatorPB.java:211) ~[ozone-manager-1.4.0-SNAPSHOT.jar:?]
	at org.apache.hadoop.ozone.protocolPB.OzoneManagerProtocolServerSideTranslatorPB.processRequest(OzoneManagerProtocolServerSideTranslatorPB.java:171) ~[ozone-manager-1.4.0-SNAPSHOT.jar:?]
	at org.apache.hadoop.hdds.server.OzoneProtocolMessageDispatcher.processRequest(OzoneProtocolMessageDispatcher.java:89) [hdds-server-framework-1.4.0-SNAPSHOT.jar:?]
	at org.apache.hadoop.ozone.protocolPB.OzoneManagerProtocolServerSideTranslatorPB.submitRequest(OzoneManagerProtocolServerSideTranslatorPB.java:162) [ozone-manager-1.4.0-SNAPSHOT.jar:?]
	at org.apache.hadoop.ozone.protocol.proto.OzoneManagerProtocolProtos$OzoneManagerService$2.callBlockingMethod(OzoneManagerProtocolProtos.java) [ozone-interface-client-1.4.0-SNAPSHOT.jar:?]
	at org.apache.hadoop.ipc.ProtobufRpcEngine$Server.processCall(ProtobufRpcEngine.java:484) [hadoop-common-3.3.6.jar:?]
	at org.apache.hadoop.ipc.ProtobufRpcEngine2$Server$ProtoBufRpcInvoker.call(ProtobufRpcEngine2.java:595) [hadoop-common-3.3.6.jar:?]
	at org.apache.hadoop.ipc.ProtobufRpcEngine2$Server$ProtoBufRpcInvoker.call(ProtobufRpcEngine2.java:573) [hadoop-common-3.3.6.jar:?]
	at org.apache.hadoop.ipc.RPC$Server.call(RPC.java:1227) [hadoop-common-3.3.6.jar:?]
	at org.apache.hadoop.ipc.Server$RpcCall.run(Server.java:1094) [hadoop-common-3.3.6.jar:?]
	at org.apache.hadoop.ipc.Server$RpcCall.run(Server.java:1017) [hadoop-common-3.3.6.jar:?]
	at java.security.AccessController.doPrivileged(Native Method) ~[?:1.8.0_392]
	at javax.security.auth.Subject.doAs(Subject.java:422) [?:1.8.0_392]
	at org.apache.hadoop.security.UserGroupInformation.doAs(UserGroupInformation.java:1899) [hadoop-common-3.3.6.jar:?]
	at org.apache.hadoop.ipc.Server$Handler.run(Server.java:3048) [hadoop-common-3.3.6.jar:?]
14:17:15.377 [IPC Server handler 12 on default port 15004] ERROR OMAudit - user=runner | ip=127.0.0.1 | op=GET_FILE_STATUS {volume=volume73660, bucket=bucket24382, key=gdir1/dir6/child, dataSize=0, replicationConfig=null} | ret=FAILURE
org.apache.hadoop.ozone.om.exceptions.OMException: Unable to get file status: volume: volume73660 bucket: bucket24382 key: gdir1/dir6/child
	at org.apache.hadoop.ozone.om.KeyManagerImpl.getOzoneFileStatusFSO(KeyManagerImpl.java:1356) ~[ozone-manager-1.4.0-SNAPSHOT.jar:?]
	at org.apache.hadoop.ozone.om.KeyManagerImpl.getFileStatus(KeyManagerImpl.java:1140) ~[ozone-manager-1.4.0-SNAPSHOT.jar:?]
	at org.apache.hadoop.ozone.om.OmMetadataReader.getFileStatus(OmMetadataReader.java:279) ~[ozone-manager-1.4.0-SNAPSHOT.jar:?]
	at org.apache.hadoop.ozone.om.OzoneManager.getFileStatus(OzoneManager.java:3629) ~[ozone-manager-1.4.0-SNAPSHOT.jar:?]
	at org.apache.hadoop.ozone.protocolPB.OzoneManagerRequestHandler.getOzoneFileStatus(OzoneManagerRequestHandler.java:1010) ~[ozone-manager-1.4.0-SNAPSHOT.jar:?]
	at org.apache.hadoop.ozone.protocolPB.OzoneManagerRequestHandler.handleReadRequest(OzoneManagerRequestHandler.java:262) ~[ozone-manager-1.4.0-SNAPSHOT.jar:?]
	at org.apache.hadoop.ozone.protocolPB.OzoneManagerProtocolServerSideTranslatorPB.submitReadRequestToOM(OzoneManagerProtocolServerSideTranslatorPB.java:265) ~[ozone-manager-1.4.0-SNAPSHOT.jar:?]
	at org.apache.hadoop.ozone.protocolPB.OzoneManagerProtocolServerSideTranslatorPB.internalProcessRequest(OzoneManagerProtocolServerSideTranslatorPB.java:211) ~[ozone-manager-1.4.0-SNAPSHOT.jar:?]
	at org.apache.hadoop.ozone.protocolPB.OzoneManagerProtocolServerSideTranslatorPB.processRequest(OzoneManagerProtocolServerSideTranslatorPB.java:171) ~[ozone-manager-1.4.0-SNAPSHOT.jar:?]
	at org.apache.hadoop.hdds.server.OzoneProtocolMessageDispatcher.processRequest(OzoneProtocolMessageDispatcher.java:89) [hdds-server-framework-1.4.0-SNAPSHOT.jar:?]
	at org.apache.hadoop.ozone.protocolPB.OzoneManagerProtocolServerSideTranslatorPB.submitRequest(OzoneManagerProtocolServerSideTranslatorPB.java:162) [ozone-manager-1.4.0-SNAPSHOT.jar:?]
	at org.apache.hadoop.ozone.protocol.proto.OzoneManagerProtocolProtos$OzoneManagerService$2.callBlockingMethod(OzoneManagerProtocolProtos.java) [ozone-interface-client-1.4.0-SNAPSHOT.jar:?]
	at org.apache.hadoop.ipc.ProtobufRpcEngine$Server.processCall(ProtobufRpcEngine.java:484) [hadoop-common-3.3.6.jar:?]
	at org.apache.hadoop.ipc.ProtobufRpcEngine2$Server$ProtoBufRpcInvoker.call(ProtobufRpcEngine2.java:595) [hadoop-common-3.3.6.jar:?]
	at org.apache.hadoop.ipc.ProtobufRpcEngine2$Server$ProtoBufRpcInvoker.call(ProtobufRpcEngine2.java:573) [hadoop-common-3.3.6.jar:?]
	at org.apache.hadoop.ipc.RPC$Server.call(RPC.java:1227) [hadoop-common-3.3.6.jar:?]
	at org.apache.hadoop.ipc.Server$RpcCall.run(Server.java:1094) [hadoop-common-3.3.6.jar:?]
	at org.apache.hadoop.ipc.Server$RpcCall.run(Server.java:1017) [hadoop-common-3.3.6.jar:?]
	at java.security.AccessController.doPrivileged(Native Method) ~[?:1.8.0_392]
	at javax.security.auth.Subject.doAs(Subject.java:422) [?:1.8.0_392]
	at org.apache.hadoop.security.UserGroupInformation.doAs(UserGroupInformation.java:1899) [hadoop-common-3.3.6.jar:?]
	at org.apache.hadoop.ipc.Server$Handler.run(Server.java:3048) [hadoop-common-3.3.6.jar:?]
14:17:15.380 [IPC Server handler 1 on default port 15004] ERROR OMAudit - user=runner | ip=127.0.0.1 | op=GET_FILE_STATUS {volume=volume73660, bucket=bucket24382, key=gdir1/dir7, dataSize=0, replicationConfig=null} | ret=FAILURE
org.apache.hadoop.ozone.om.exceptions.OMException: Unable to get file status: volume: volume73660 bucket: bucket24382 key: gdir1/dir7
	at org.apache.hadoop.ozone.om.KeyManagerImpl.getOzoneFileStatusFSO(KeyManagerImpl.java:1356) ~[ozone-manager-1.4.0-SNAPSHOT.jar:?]
	at org.apache.hadoop.ozone.om.KeyManagerImpl.getFileStatus(KeyManagerImpl.java:1140) ~[ozone-manager-1.4.0-SNAPSHOT.jar:?]
	at org.apache.hadoop.ozone.om.OmMetadataReader.getFileStatus(OmMetadataReader.java:279) ~[ozone-manager-1.4.0-SNAPSHOT.jar:?]
	at org.apache.hadoop.ozone.om.OzoneManager.getFileStatus(OzoneManager.java:3629) ~[ozone-manager-1.4.0-SNAPSHOT.jar:?]
	at org.apache.hadoop.ozone.protocolPB.OzoneManagerRequestHandler.getOzoneFileStatus(OzoneManagerRequestHandler.java:1010) ~[ozone-manager-1.4.0-SNAPSHOT.jar:?]
	at org.apache.hadoop.ozone.protocolPB.OzoneManagerRequestHandler.handleReadRequest(OzoneManagerRequestHandler.java:262) ~[ozone-manager-1.4.0-SNAPSHOT.jar:?]
	at org.apache.hadoop.ozone.protocolPB.OzoneManagerProtocolServerSideTranslatorPB.submitReadRequestToOM(OzoneManagerProtocolServerSideTranslatorPB.java:265) ~[ozone-manager-1.4.0-SNAPSHOT.jar:?]
	at org.apache.hadoop.ozone.protocolPB.OzoneManagerProtocolServerSideTranslatorPB.internalProcessRequest(OzoneManagerProtocolServerSideTranslatorPB.java:211) ~[ozone-manager-1.4.0-SNAPSHOT.jar:?]
	at org.apache.hadoop.ozone.protocolPB.OzoneManagerProtocolServerSideTranslatorPB.processRequest(OzoneManagerProtocolServerSideTranslatorPB.java:171) ~[ozone-manager-1.4.0-SNAPSHOT.jar:?]
	at org.apache.hadoop.hdds.server.OzoneProtocolMessageDispatcher.processRequest(OzoneProtocolMessageDispatcher.java:89) [hdds-server-framework-1.4.0-SNAPSHOT.jar:?]
	at org.apache.hadoop.ozone.protocolPB.OzoneManagerProtocolServerSideTranslatorPB.submitRequest(OzoneManagerProtocolServerSideTranslatorPB.java:162) [ozone-manager-1.4.0-SNAPSHOT.jar:?]
	at org.apache.hadoop.ozone.protocol.proto.OzoneManagerProtocolProtos$OzoneManagerService$2.callBlockingMethod(OzoneManagerProtocolProtos.java) [ozone-interface-client-1.4.0-SNAPSHOT.jar:?]
	at org.apache.hadoop.ipc.ProtobufRpcEngine$Server.processCall(ProtobufRpcEngine.java:484) [hadoop-common-3.3.6.jar:?]
	at org.apache.hadoop.ipc.ProtobufRpcEngine2$Server$ProtoBufRpcInvoker.call(ProtobufRpcEngine2.java:595) [hadoop-common-3.3.6.jar:?]
	at org.apache.hadoop.ipc.ProtobufRpcEngine2$Server$ProtoBufRpcInvoker.call(ProtobufRpcEngine2.java:573) [hadoop-common-3.3.6.jar:?]
	at org.apache.hadoop.ipc.RPC$Server.call(RPC.java:1227) [hadoop-common-3.3.6.jar:?]
	at org.apache.hadoop.ipc.Server$RpcCall.run(Server.java:1094) [hadoop-common-3.3.6.jar:?]
	at org.apache.hadoop.ipc.Server$RpcCall.run(Server.java:1017) [hadoop-common-3.3.6.jar:?]
	at java.security.AccessController.doPrivileged(Native Method) ~[?:1.8.0_392]
	at javax.security.auth.Subject.doAs(Subject.java:422) [?:1.8.0_392]
	at org.apache.hadoop.security.UserGroupInformation.doAs(UserGroupInformation.java:1899) [hadoop-common-3.3.6.jar:?]
	at org.apache.hadoop.ipc.Server$Handler.run(Server.java:3048) [hadoop-common-3.3.6.jar:?]
14:17:15.381 [IPC Server handler 6 on default port 15004] ERROR OMAudit - user=runner | ip=127.0.0.1 | op=GET_FILE_STATUS {volume=volume73660, bucket=bucket24382, key=gdir1/dir7/child, dataSize=0, replicationConfig=null} | ret=FAILURE
org.apache.hadoop.ozone.om.exceptions.OMException: Unable to get file status: volume: volume73660 bucket: bucket24382 key: gdir1/dir7/child
	at org.apache.hadoop.ozone.om.KeyManagerImpl.getOzoneFileStatusFSO(KeyManagerImpl.java:1356) ~[ozone-manager-1.4.0-SNAPSHOT.jar:?]
	at org.apache.hadoop.ozone.om.KeyManagerImpl.getFileStatus(KeyManagerImpl.java:1140) ~[ozone-manager-1.4.0-SNAPSHOT.jar:?]
	at org.apache.hadoop.ozone.om.OmMetadataReader.getFileStatus(OmMetadataReader.java:279) ~[ozone-manager-1.4.0-SNAPSHOT.jar:?]
	at org.apache.hadoop.ozone.om.OzoneManager.getFileStatus(OzoneManager.java:3629) ~[ozone-manager-1.4.0-SNAPSHOT.jar:?]
	at org.apache.hadoop.ozone.protocolPB.OzoneManagerRequestHandler.getOzoneFileStatus(OzoneManagerRequestHandler.java:1010) ~[ozone-manager-1.4.0-SNAPSHOT.jar:?]
	at org.apache.hadoop.ozone.protocolPB.OzoneManagerRequestHandler.handleReadRequest(OzoneManagerRequestHandler.java:262) ~[ozone-manager-1.4.0-SNAPSHOT.jar:?]
	at org.apache.hadoop.ozone.protocolPB.OzoneManagerProtocolServerSideTranslatorPB.submitReadRequestToOM(OzoneManagerProtocolServerSideTranslatorPB.java:265) ~[ozone-manager-1.4.0-SNAPSHOT.jar:?]
	at org.apache.hadoop.ozone.protocolPB.OzoneManagerProtocolServerSideTranslatorPB.internalProcessRequest(OzoneManagerProtocolServerSideTranslatorPB.java:211) ~[ozone-manager-1.4.0-SNAPSHOT.jar:?]
	at org.apache.hadoop.ozone.protocolPB.OzoneManagerProtocolServerSideTranslatorPB.processRequest(OzoneManagerProtocolServerSideTranslatorPB.java:171) ~[ozone-manager-1.4.0-SNAPSHOT.jar:?]
	at org.apache.hadoop.hdds.server.OzoneProtocolMessageDispatcher.processRequest(OzoneProtocolMessageDispatcher.java:89) [hdds-server-framework-1.4.0-SNAPSHOT.jar:?]
	at org.apache.hadoop.ozone.protocolPB.OzoneManagerProtocolServerSideTranslatorPB.submitRequest(OzoneManagerProtocolServerSideTranslatorPB.java:162) [ozone-manager-1.4.0-SNAPSHOT.jar:?]
	at org.apache.hadoop.ozone.protocol.proto.OzoneManagerProtocolProtos$OzoneManagerService$2.callBlockingMethod(OzoneManagerProtocolProtos.java) [ozone-interface-client-1.4.0-SNAPSHOT.jar:?]
	at org.apache.hadoop.ipc.ProtobufRpcEngine$Server.processCall(ProtobufRpcEngine.java:484) [hadoop-common-3.3.6.jar:?]
	at org.apache.hadoop.ipc.ProtobufRpcEngine2$Server$ProtoBufRpcInvoker.call(ProtobufRpcEngine2.java:595) [hadoop-common-3.3.6.jar:?]
	at org.apache.hadoop.ipc.ProtobufRpcEngine2$Server$ProtoBufRpcInvoker.call(ProtobufRpcEngine2.java:573) [hadoop-common-3.3.6.jar:?]
	at org.apache.hadoop.ipc.RPC$Server.call(RPC.java:1227) [hadoop-common-3.3.6.jar:?]
	at org.apache.hadoop.ipc.Server$RpcCall.run(Server.java:1094) [hadoop-common-3.3.6.jar:?]
	at org.apache.hadoop.ipc.Server$RpcCall.run(Server.java:1017) [hadoop-common-3.3.6.jar:?]
	at java.security.AccessController.doPrivileged(Native Method) ~[?:1.8.0_392]
	at javax.security.auth.Subject.doAs(Subject.java:422) [?:1.8.0_392]
	at org.apache.hadoop.security.UserGroupInformation.doAs(UserGroupInformation.java:1899) [hadoop-common-3.3.6.jar:?]
	at org.apache.hadoop.ipc.Server$Handler.run(Server.java:3048) [hadoop-common-3.3.6.jar:?]
14:17:15.383 [IPC Server handler 4 on default port 15004] ERROR OMAudit - user=runner | ip=127.0.0.1 | op=GET_FILE_STATUS {volume=volume73660, bucket=bucket24382, key=gdir1/dir8, dataSize=0, replicationConfig=null} | ret=FAILURE
org.apache.hadoop.ozone.om.exceptions.OMException: Unable to get file status: volume: volume73660 bucket: bucket24382 key: gdir1/dir8
	at org.apache.hadoop.ozone.om.KeyManagerImpl.getOzoneFileStatusFSO(KeyManagerImpl.java:1356) ~[ozone-manager-1.4.0-SNAPSHOT.jar:?]
	at org.apache.hadoop.ozone.om.KeyManagerImpl.getFileStatus(KeyManagerImpl.java:1140) ~[ozone-manager-1.4.0-SNAPSHOT.jar:?]
	at org.apache.hadoop.ozone.om.OmMetadataReader.getFileStatus(OmMetadataReader.java:279) ~[ozone-manager-1.4.0-SNAPSHOT.jar:?]
	at org.apache.hadoop.ozone.om.OzoneManager.getFileStatus(OzoneManager.java:3629) ~[ozone-manager-1.4.0-SNAPSHOT.jar:?]
	at org.apache.hadoop.ozone.protocolPB.OzoneManagerRequestHandler.getOzoneFileStatus(OzoneManagerRequestHandler.java:1010) ~[ozone-manager-1.4.0-SNAPSHOT.jar:?]
	at org.apache.hadoop.ozone.protocolPB.OzoneManagerRequestHandler.handleReadRequest(OzoneManagerRequestHandler.java:262) ~[ozone-manager-1.4.0-SNAPSHOT.jar:?]
	at org.apache.hadoop.ozone.protocolPB.OzoneManagerProtocolServerSideTranslatorPB.submitReadRequestToOM(OzoneManagerProtocolServerSideTranslatorPB.java:265) ~[ozone-manager-1.4.0-SNAPSHOT.jar:?]
	at org.apache.hadoop.ozone.protocolPB.OzoneManagerProtocolServerSideTranslatorPB.internalProcessRequest(OzoneManagerProtocolServerSideTranslatorPB.java:211) ~[ozone-manager-1.4.0-SNAPSHOT.jar:?]
	at org.apache.hadoop.ozone.protocolPB.OzoneManagerProtocolServerSideTranslatorPB.processRequest(OzoneManagerProtocolServerSideTranslatorPB.java:171) ~[ozone-manager-1.4.0-SNAPSHOT.jar:?]
	at org.apache.hadoop.hdds.server.OzoneProtocolMessageDispatcher.processRequest(OzoneProtocolMessageDispatcher.java:89) [hdds-server-framework-1.4.0-SNAPSHOT.jar:?]
	at org.apache.hadoop.ozone.protocolPB.OzoneManagerProtocolServerSideTranslatorPB.submitRequest(OzoneManagerProtocolServerSideTranslatorPB.java:162) [ozone-manager-1.4.0-SNAPSHOT.jar:?]
	at org.apache.hadoop.ozone.protocol.proto.OzoneManagerProtocolProtos$OzoneManagerService$2.callBlockingMethod(OzoneManagerProtocolProtos.java) [ozone-interface-client-1.4.0-SNAPSHOT.jar:?]
	at org.apache.hadoop.ipc.ProtobufRpcEngine$Server.processCall(ProtobufRpcEngine.java:484) [hadoop-common-3.3.6.jar:?]
	at org.apache.hadoop.ipc.ProtobufRpcEngine2$Server$ProtoBufRpcInvoker.call(ProtobufRpcEngine2.java:595) [hadoop-common-3.3.6.jar:?]
	at org.apache.hadoop.ipc.ProtobufRpcEngine2$Server$ProtoBufRpcInvoker.call(ProtobufRpcEngine2.java:573) [hadoop-common-3.3.6.jar:?]
	at org.apache.hadoop.ipc.RPC$Server.call(RPC.java:1227) [hadoop-common-3.3.6.jar:?]
	at org.apache.hadoop.ipc.Server$RpcCall.run(Server.java:1094) [hadoop-common-3.3.6.jar:?]
	at org.apache.hadoop.ipc.Server$RpcCall.run(Server.java:1017) [hadoop-common-3.3.6.jar:?]
	at java.security.AccessController.doPrivileged(Native Method) ~[?:1.8.0_392]
	at javax.security.auth.Subject.doAs(Subject.java:422) [?:1.8.0_392]
	at org.apache.hadoop.security.UserGroupInformation.doAs(UserGroupInformation.java:1899) [hadoop-common-3.3.6.jar:?]
	at org.apache.hadoop.ipc.Server$Handler.run(Server.java:3048) [hadoop-common-3.3.6.jar:?]
14:17:15.384 [IPC Server handler 8 on default port 15004] ERROR OMAudit - user=runner | ip=127.0.0.1 | op=GET_FILE_STATUS {volume=volume73660, bucket=bucket24382, key=gdir1/dir8/child, dataSize=0, replicationConfig=null} | ret=FAILURE
org.apache.hadoop.ozone.om.exceptions.OMException: Unable to get file status: volume: volume73660 bucket: bucket24382 key: gdir1/dir8/child
	at org.apache.hadoop.ozone.om.KeyManagerImpl.getOzoneFileStatusFSO(KeyManagerImpl.java:1356) ~[ozone-manager-1.4.0-SNAPSHOT.jar:?]
	at org.apache.hadoop.ozone.om.KeyManagerImpl.getFileStatus(KeyManagerImpl.java:1140) ~[ozone-manager-1.4.0-SNAPSHOT.jar:?]
	at org.apache.hadoop.ozone.om.OmMetadataReader.getFileStatus(OmMetadataReader.java:279) ~[ozone-manager-1.4.0-SNAPSHOT.jar:?]
	at org.apache.hadoop.ozone.om.OzoneManager.getFileStatus(OzoneManager.java:3629) ~[ozone-manager-1.4.0-SNAPSHOT.jar:?]
	at org.apache.hadoop.ozone.protocolPB.OzoneManagerRequestHandler.getOzoneFileStatus(OzoneManagerRequestHandler.java:1010) ~[ozone-manager-1.4.0-SNAPSHOT.jar:?]
	at org.apache.hadoop.ozone.protocolPB.OzoneManagerRequestHandler.handleReadRequest(OzoneManagerRequestHandler.java:262) ~[ozone-manager-1.4.0-SNAPSHOT.jar:?]
	at org.apache.hadoop.ozone.protocolPB.OzoneManagerProtocolServerSideTranslatorPB.submitReadRequestToOM(OzoneManagerProtocolServerSideTranslatorPB.java:265) ~[ozone-manager-1.4.0-SNAPSHOT.jar:?]
	at org.apache.hadoop.ozone.protocolPB.OzoneManagerProtocolServerSideTranslatorPB.internalProcessRequest(OzoneManagerProtocolServerSideTranslatorPB.java:211) ~[ozone-manager-1.4.0-SNAPSHOT.jar:?]
	at org.apache.hadoop.ozone.protocolPB.OzoneManagerProtocolServerSideTranslatorPB.processRequest(OzoneManagerProtocolServerSideTranslatorPB.java:171) ~[ozone-manager-1.4.0-SNAPSHOT.jar:?]
	at org.apache.hadoop.hdds.server.OzoneProtocolMessageDispatcher.processRequest(OzoneProtocolMessageDispatcher.java:89) [hdds-server-framework-1.4.0-SNAPSHOT.jar:?]
	at org.apache.hadoop.ozone.protocolPB.OzoneManagerProtocolServerSideTranslatorPB.submitRequest(OzoneManagerProtocolServerSideTranslatorPB.java:162) [ozone-manager-1.4.0-SNAPSHOT.jar:?]
	at org.apache.hadoop.ozone.protocol.proto.OzoneManagerProtocolProtos$OzoneManagerService$2.callBlockingMethod(OzoneManagerProtocolProtos.java) [ozone-interface-client-1.4.0-SNAPSHOT.jar:?]
	at org.apache.hadoop.ipc.ProtobufRpcEngine$Server.processCall(ProtobufRpcEngine.java:484) [hadoop-common-3.3.6.jar:?]
	at org.apache.hadoop.ipc.ProtobufRpcEngine2$Server$ProtoBufRpcInvoker.call(ProtobufRpcEngine2.java:595) [hadoop-common-3.3.6.jar:?]
	at org.apache.hadoop.ipc.ProtobufRpcEngine2$Server$ProtoBufRpcInvoker.call(ProtobufRpcEngine2.java:573) [hadoop-common-3.3.6.jar:?]
	at org.apache.hadoop.ipc.RPC$Server.call(RPC.java:1227) [hadoop-common-3.3.6.jar:?]
	at org.apache.hadoop.ipc.Server$RpcCall.run(Server.java:1094) [hadoop-common-3.3.6.jar:?]
	at org.apache.hadoop.ipc.Server$RpcCall.run(Server.java:1017) [hadoop-common-3.3.6.jar:?]
	at java.security.AccessController.doPrivileged(Native Method) ~[?:1.8.0_392]
	at javax.security.auth.Subject.doAs(Subject.java:422) [?:1.8.0_392]
	at org.apache.hadoop.security.UserGroupInformation.doAs(UserGroupInformation.java:1899) [hadoop-common-3.3.6.jar:?]
	at org.apache.hadoop.ipc.Server$Handler.run(Server.java:3048) [hadoop-common-3.3.6.jar:?]
14:17:15.386 [IPC Server handler 3 on default port 15004] ERROR OMAudit - user=runner | ip=127.0.0.1 | op=GET_FILE_STATUS {volume=volume73660, bucket=bucket24382, key=gdir1/dir9, dataSize=0, replicationConfig=null} | ret=FAILURE
org.apache.hadoop.ozone.om.exceptions.OMException: Unable to get file status: volume: volume73660 bucket: bucket24382 key: gdir1/dir9
	at org.apache.hadoop.ozone.om.KeyManagerImpl.getOzoneFileStatusFSO(KeyManagerImpl.java:1356) ~[ozone-manager-1.4.0-SNAPSHOT.jar:?]
	at org.apache.hadoop.ozone.om.KeyManagerImpl.getFileStatus(KeyManagerImpl.java:1140) ~[ozone-manager-1.4.0-SNAPSHOT.jar:?]
	at org.apache.hadoop.ozone.om.OmMetadataReader.getFileStatus(OmMetadataReader.java:279) ~[ozone-manager-1.4.0-SNAPSHOT.jar:?]
	at org.apache.hadoop.ozone.om.OzoneManager.getFileStatus(OzoneManager.java:3629) ~[ozone-manager-1.4.0-SNAPSHOT.jar:?]
	at org.apache.hadoop.ozone.protocolPB.OzoneManagerRequestHandler.getOzoneFileStatus(OzoneManagerRequestHandler.java:1010) ~[ozone-manager-1.4.0-SNAPSHOT.jar:?]
	at org.apache.hadoop.ozone.protocolPB.OzoneManagerRequestHandler.handleReadRequest(OzoneManagerRequestHandler.java:262) ~[ozone-manager-1.4.0-SNAPSHOT.jar:?]
	at org.apache.hadoop.ozone.protocolPB.OzoneManagerProtocolServerSideTranslatorPB.submitReadRequestToOM(OzoneManagerProtocolServerSideTranslatorPB.java:265) ~[ozone-manager-1.4.0-SNAPSHOT.jar:?]
	at org.apache.hadoop.ozone.protocolPB.OzoneManagerProtocolServerSideTranslatorPB.internalProcessRequest(OzoneManagerProtocolServerSideTranslatorPB.java:211) ~[ozone-manager-1.4.0-SNAPSHOT.jar:?]
	at org.apache.hadoop.ozone.protocolPB.OzoneManagerProtocolServerSideTranslatorPB.processRequest(OzoneManagerProtocolServerSideTranslatorPB.java:171) ~[ozone-manager-1.4.0-SNAPSHOT.jar:?]
	at org.apache.hadoop.hdds.server.OzoneProtocolMessageDispatcher.processRequest(OzoneProtocolMessageDispatcher.java:89) [hdds-server-framework-1.4.0-SNAPSHOT.jar:?]
	at org.apache.hadoop.ozone.protocolPB.OzoneManagerProtocolServerSideTranslatorPB.submitRequest(OzoneManagerProtocolServerSideTranslatorPB.java:162) [ozone-manager-1.4.0-SNAPSHOT.jar:?]
	at org.apache.hadoop.ozone.protocol.proto.OzoneManagerProtocolProtos$OzoneManagerService$2.callBlockingMethod(OzoneManagerProtocolProtos.java) [ozone-interface-client-1.4.0-SNAPSHOT.jar:?]
	at org.apache.hadoop.ipc.ProtobufRpcEngine$Server.processCall(ProtobufRpcEngine.java:484) [hadoop-common-3.3.6.jar:?]
	at org.apache.hadoop.ipc.ProtobufRpcEngine2$Server$ProtoBufRpcInvoker.call(ProtobufRpcEngine2.java:595) [hadoop-common-3.3.6.jar:?]
	at org.apache.hadoop.ipc.ProtobufRpcEngine2$Server$ProtoBufRpcInvoker.call(ProtobufRpcEngine2.java:573) [hadoop-common-3.3.6.jar:?]
	at org.apache.hadoop.ipc.RPC$Server.call(RPC.java:1227) [hadoop-common-3.3.6.jar:?]
	at org.apache.hadoop.ipc.Server$RpcCall.run(Server.java:1094) [hadoop-common-3.3.6.jar:?]
	at org.apache.hadoop.ipc.Server$RpcCall.run(Server.java:1017) [hadoop-common-3.3.6.jar:?]
	at java.security.AccessController.doPrivileged(Native Method) ~[?:1.8.0_392]
	at javax.security.auth.Subject.doAs(Subject.java:422) [?:1.8.0_392]
	at org.apache.hadoop.security.UserGroupInformation.doAs(UserGroupInformation.java:1899) [hadoop-common-3.3.6.jar:?]
	at org.apache.hadoop.ipc.Server$Handler.run(Server.java:3048) [hadoop-common-3.3.6.jar:?]
14:17:15.387 [IPC Server handler 2 on default port 15004] ERROR OMAudit - user=runner | ip=127.0.0.1 | op=GET_FILE_STATUS {volume=volume73660, bucket=bucket24382, key=gdir1/dir9/child, dataSize=0, replicationConfig=null} | ret=FAILURE
org.apache.hadoop.ozone.om.exceptions.OMException: Unable to get file status: volume: volume73660 bucket: bucket24382 key: gdir1/dir9/child
	at org.apache.hadoop.ozone.om.KeyManagerImpl.getOzoneFileStatusFSO(KeyManagerImpl.java:1356) ~[ozone-manager-1.4.0-SNAPSHOT.jar:?]
	at org.apache.hadoop.ozone.om.KeyManagerImpl.getFileStatus(KeyManagerImpl.java:1140) ~[ozone-manager-1.4.0-SNAPSHOT.jar:?]
	at org.apache.hadoop.ozone.om.OmMetadataReader.getFileStatus(OmMetadataReader.java:279) ~[ozone-manager-1.4.0-SNAPSHOT.jar:?]
	at org.apache.hadoop.ozone.om.OzoneManager.getFileStatus(OzoneManager.java:3629) ~[ozone-manager-1.4.0-SNAPSHOT.jar:?]
	at org.apache.hadoop.ozone.protocolPB.OzoneManagerRequestHandler.getOzoneFileStatus(OzoneManagerRequestHandler.java:1010) ~[ozone-manager-1.4.0-SNAPSHOT.jar:?]
	at org.apache.hadoop.ozone.protocolPB.OzoneManagerRequestHandler.handleReadRequest(OzoneManagerRequestHandler.java:262) ~[ozone-manager-1.4.0-SNAPSHOT.jar:?]
	at org.apache.hadoop.ozone.protocolPB.OzoneManagerProtocolServerSideTranslatorPB.submitReadRequestToOM(OzoneManagerProtocolServerSideTranslatorPB.java:265) ~[ozone-manager-1.4.0-SNAPSHOT.jar:?]
	at org.apache.hadoop.ozone.protocolPB.OzoneManagerProtocolServerSideTranslatorPB.internalProcessRequest(OzoneManagerProtocolServerSideTranslatorPB.java:211) ~[ozone-manager-1.4.0-SNAPSHOT.jar:?]
	at org.apache.hadoop.ozone.protocolPB.OzoneManagerProtocolServerSideTranslatorPB.processRequest(OzoneManagerProtocolServerSideTranslatorPB.java:171) ~[ozone-manager-1.4.0-SNAPSHOT.jar:?]
	at org.apache.hadoop.hdds.server.OzoneProtocolMessageDispatcher.processRequest(OzoneProtocolMessageDispatcher.java:89) [hdds-server-framework-1.4.0-SNAPSHOT.jar:?]
	at org.apache.hadoop.ozone.protocolPB.OzoneManagerProtocolServerSideTranslatorPB.submitRequest(OzoneManagerProtocolServerSideTranslatorPB.java:162) [ozone-manager-1.4.0-SNAPSHOT.jar:?]
	at org.apache.hadoop.ozone.protocol.proto.OzoneManagerProtocolProtos$OzoneManagerService$2.callBlockingMethod(OzoneManagerProtocolProtos.java) [ozone-interface-client-1.4.0-SNAPSHOT.jar:?]
	at org.apache.hadoop.ipc.ProtobufRpcEngine$Server.processCall(ProtobufRpcEngine.java:484) [hadoop-common-3.3.6.jar:?]
	at org.apache.hadoop.ipc.ProtobufRpcEngine2$Server$ProtoBufRpcInvoker.call(ProtobufRpcEngine2.java:595) [hadoop-common-3.3.6.jar:?]
	at org.apache.hadoop.ipc.ProtobufRpcEngine2$Server$ProtoBufRpcInvoker.call(ProtobufRpcEngine2.java:573) [hadoop-common-3.3.6.jar:?]
	at org.apache.hadoop.ipc.RPC$Server.call(RPC.java:1227) [hadoop-common-3.3.6.jar:?]
	at org.apache.hadoop.ipc.Server$RpcCall.run(Server.java:1094) [hadoop-common-3.3.6.jar:?]
	at org.apache.hadoop.ipc.Server$RpcCall.run(Server.java:1017) [hadoop-common-3.3.6.jar:?]
	at java.security.AccessController.doPrivileged(Native Method) ~[?:1.8.0_392]
	at javax.security.auth.Subject.doAs(Subject.java:422) [?:1.8.0_392]
	at org.apache.hadoop.security.UserGroupInformation.doAs(UserGroupInformation.java:1899) [hadoop-common-3.3.6.jar:?]
	at org.apache.hadoop.ipc.Server$Handler.run(Server.java:3048) [hadoop-common-3.3.6.jar:?]
14:17:15.388 [IPC Server handler 5 on default port 15004] ERROR OMAudit - user=runner | ip=127.0.0.1 | op=GET_FILE_STATUS {volume=volume73660, bucket=bucket24382, key=gdir1/dir10, dataSize=0, replicationConfig=null} | ret=FAILURE
org.apache.hadoop.ozone.om.exceptions.OMException: Unable to get file status: volume: volume73660 bucket: bucket24382 key: gdir1/dir10
	at org.apache.hadoop.ozone.om.KeyManagerImpl.getOzoneFileStatusFSO(KeyManagerImpl.java:1356) ~[ozone-manager-1.4.0-SNAPSHOT.jar:?]
	at org.apache.hadoop.ozone.om.KeyManagerImpl.getFileStatus(KeyManagerImpl.java:1140) ~[ozone-manager-1.4.0-SNAPSHOT.jar:?]
	at org.apache.hadoop.ozone.om.OmMetadataReader.getFileStatus(OmMetadataReader.java:279) ~[ozone-manager-1.4.0-SNAPSHOT.jar:?]
	at org.apache.hadoop.ozone.om.OzoneManager.getFileStatus(OzoneManager.java:3629) ~[ozone-manager-1.4.0-SNAPSHOT.jar:?]
	at org.apache.hadoop.ozone.protocolPB.OzoneManagerRequestHandler.getOzoneFileStatus(OzoneManagerRequestHandler.java:1010) ~[ozone-manager-1.4.0-SNAPSHOT.jar:?]
	at org.apache.hadoop.ozone.protocolPB.OzoneManagerRequestHandler.handleReadRequest(OzoneManagerRequestHandler.java:262) ~[ozone-manager-1.4.0-SNAPSHOT.jar:?]
	at org.apache.hadoop.ozone.protocolPB.OzoneManagerProtocolServerSideTranslatorPB.submitReadRequestToOM(OzoneManagerProtocolServerSideTranslatorPB.java:265) ~[ozone-manager-1.4.0-SNAPSHOT.jar:?]
	at org.apache.hadoop.ozone.protocolPB.OzoneManagerProtocolServerSideTranslatorPB.internalProcessRequest(OzoneManagerProtocolServerSideTranslatorPB.java:211) ~[ozone-manager-1.4.0-SNAPSHOT.jar:?]
	at org.apache.hadoop.ozone.protocolPB.OzoneManagerProtocolServerSideTranslatorPB.processRequest(OzoneManagerProtocolServerSideTranslatorPB.java:171) ~[ozone-manager-1.4.0-SNAPSHOT.jar:?]
	at org.apache.hadoop.hdds.server.OzoneProtocolMessageDispatcher.processRequest(OzoneProtocolMessageDispatcher.java:89) [hdds-server-framework-1.4.0-SNAPSHOT.jar:?]
	at org.apache.hadoop.ozone.protocolPB.OzoneManagerProtocolServerSideTranslatorPB.submitRequest(OzoneManagerProtocolServerSideTranslatorPB.java:162) [ozone-manager-1.4.0-SNAPSHOT.jar:?]
	at org.apache.hadoop.ozone.protocol.proto.OzoneManagerProtocolProtos$OzoneManagerService$2.callBlockingMethod(OzoneManagerProtocolProtos.java) [ozone-interface-client-1.4.0-SNAPSHOT.jar:?]
	at org.apache.hadoop.ipc.ProtobufRpcEngine$Server.processCall(ProtobufRpcEngine.java:484) [hadoop-common-3.3.6.jar:?]
	at org.apache.hadoop.ipc.ProtobufRpcEngine2$Server$ProtoBufRpcInvoker.call(ProtobufRpcEngine2.java:595) [hadoop-common-3.3.6.jar:?]
	at org.apache.hadoop.ipc.ProtobufRpcEngine2$Server$ProtoBufRpcInvoker.call(ProtobufRpcEngine2.java:573) [hadoop-common-3.3.6.jar:?]
	at org.apache.hadoop.ipc.RPC$Server.call(RPC.java:1227) [hadoop-common-3.3.6.jar:?]
	at org.apache.hadoop.ipc.Server$RpcCall.run(Server.java:1094) [hadoop-common-3.3.6.jar:?]
	at org.apache.hadoop.ipc.Server$RpcCall.run(Server.java:1017) [hadoop-common-3.3.6.jar:?]
	at java.security.AccessController.doPrivileged(Native Method) ~[?:1.8.0_392]
	at javax.security.auth.Subject.doAs(Subject.java:422) [?:1.8.0_392]
	at org.apache.hadoop.security.UserGroupInformation.doAs(UserGroupInformation.java:1899) [hadoop-common-3.3.6.jar:?]
	at org.apache.hadoop.ipc.Server$Handler.run(Server.java:3048) [hadoop-common-3.3.6.jar:?]
14:17:15.390 [IPC Server handler 0 on default port 15004] ERROR OMAudit - user=runner | ip=127.0.0.1 | op=GET_FILE_STATUS {volume=volume73660, bucket=bucket24382, key=gdir1/dir10/child, dataSize=0, replicationConfig=null} | ret=FAILURE
org.apache.hadoop.ozone.om.exceptions.OMException: Unable to get file status: volume: volume73660 bucket: bucket24382 key: gdir1/dir10/child
	at org.apache.hadoop.ozone.om.KeyManagerImpl.getOzoneFileStatusFSO(KeyManagerImpl.java:1356) ~[ozone-manager-1.4.0-SNAPSHOT.jar:?]
	at org.apache.hadoop.ozone.om.KeyManagerImpl.getFileStatus(KeyManagerImpl.java:1140) ~[ozone-manager-1.4.0-SNAPSHOT.jar:?]
	at org.apache.hadoop.ozone.om.OmMetadataReader.getFileStatus(OmMetadataReader.java:279) ~[ozone-manager-1.4.0-SNAPSHOT.jar:?]
	at org.apache.hadoop.ozone.om.OzoneManager.getFileStatus(OzoneManager.java:3629) ~[ozone-manager-1.4.0-SNAPSHOT.jar:?]
	at org.apache.hadoop.ozone.protocolPB.OzoneManagerRequestHandler.getOzoneFileStatus(OzoneManagerRequestHandler.java:1010) ~[ozone-manager-1.4.0-SNAPSHOT.jar:?]
	at org.apache.hadoop.ozone.protocolPB.OzoneManagerRequestHandler.handleReadRequest(OzoneManagerRequestHandler.java:262) ~[ozone-manager-1.4.0-SNAPSHOT.jar:?]
	at org.apache.hadoop.ozone.protocolPB.OzoneManagerProtocolServerSideTranslatorPB.submitReadRequestToOM(OzoneManagerProtocolServerSideTranslatorPB.java:265) ~[ozone-manager-1.4.0-SNAPSHOT.jar:?]
	at org.apache.hadoop.ozone.protocolPB.OzoneManagerProtocolServerSideTranslatorPB.internalProcessRequest(OzoneManagerProtocolServerSideTranslatorPB.java:211) ~[ozone-manager-1.4.0-SNAPSHOT.jar:?]
	at org.apache.hadoop.ozone.protocolPB.OzoneManagerProtocolServerSideTranslatorPB.processRequest(OzoneManagerProtocolServerSideTranslatorPB.java:171) ~[ozone-manager-1.4.0-SNAPSHOT.jar:?]
	at org.apache.hadoop.hdds.server.OzoneProtocolMessageDispatcher.processRequest(OzoneProtocolMessageDispatcher.java:89) [hdds-server-framework-1.4.0-SNAPSHOT.jar:?]
	at org.apache.hadoop.ozone.protocolPB.OzoneManagerProtocolServerSideTranslatorPB.submitRequest(OzoneManagerProtocolServerSideTranslatorPB.java:162) [ozone-manager-1.4.0-SNAPSHOT.jar:?]
	at org.apache.hadoop.ozone.protocol.proto.OzoneManagerProtocolProtos$OzoneManagerService$2.callBlockingMethod(OzoneManagerProtocolProtos.java) [ozone-interface-client-1.4.0-SNAPSHOT.jar:?]
	at org.apache.hadoop.ipc.ProtobufRpcEngine$Server.processCall(ProtobufRpcEngine.java:484) [hadoop-common-3.3.6.jar:?]
	at org.apache.hadoop.ipc.ProtobufRpcEngine2$Server$ProtoBufRpcInvoker.call(ProtobufRpcEngine2.java:595) [hadoop-common-3.3.6.jar:?]
	at org.apache.hadoop.ipc.ProtobufRpcEngine2$Server$ProtoBufRpcInvoker.call(ProtobufRpcEngine2.java:573) [hadoop-common-3.3.6.jar:?]
	at org.apache.hadoop.ipc.RPC$Server.call(RPC.java:1227) [hadoop-common-3.3.6.jar:?]
	at org.apache.hadoop.ipc.Server$RpcCall.run(Server.java:1094) [hadoop-common-3.3.6.jar:?]
	at org.apache.hadoop.ipc.Server$RpcCall.run(Server.java:1017) [hadoop-common-3.3.6.jar:?]
	at java.security.AccessController.doPrivileged(Native Method) ~[?:1.8.0_392]
	at javax.security.auth.Subject.doAs(Subject.java:422) [?:1.8.0_392]
	at org.apache.hadoop.security.UserGroupInformation.doAs(UserGroupInformation.java:1899) [hadoop-common-3.3.6.jar:?]
	at org.apache.hadoop.ipc.Server$Handler.run(Server.java:3048) [hadoop-common-3.3.6.jar:?]
14:17:15.478 [IPC Server handler 0 on default port 15004] ERROR OMAudit - user=runner | ip=127.0.0.1 | op=GET_FILE_STATUS {volume=volume73660, bucket=bucket24382, key=level0, dataSize=0, replicationConfig=null} | ret=FAILURE
org.apache.hadoop.ozone.om.exceptions.OMException: Unable to get file status: volume: volume73660 bucket: bucket24382 key: level0
	at org.apache.hadoop.ozone.om.KeyManagerImpl.getOzoneFileStatusFSO(KeyManagerImpl.java:1356) ~[ozone-manager-1.4.0-SNAPSHOT.jar:?]
	at org.apache.hadoop.ozone.om.KeyManagerImpl.getFileStatus(KeyManagerImpl.java:1140) ~[ozone-manager-1.4.0-SNAPSHOT.jar:?]
	at org.apache.hadoop.ozone.om.OmMetadataReader.getFileStatus(OmMetadataReader.java:279) ~[ozone-manager-1.4.0-SNAPSHOT.jar:?]
	at org.apache.hadoop.ozone.om.OzoneManager.getFileStatus(OzoneManager.java:3629) ~[ozone-manager-1.4.0-SNAPSHOT.jar:?]
	at org.apache.hadoop.ozone.protocolPB.OzoneManagerRequestHandler.getOzoneFileStatus(OzoneManagerRequestHandler.java:1010) ~[ozone-manager-1.4.0-SNAPSHOT.jar:?]
	at org.apache.hadoop.ozone.protocolPB.OzoneManagerRequestHandler.handleReadRequest(OzoneManagerRequestHandler.java:262) ~[ozone-manager-1.4.0-SNAPSHOT.jar:?]
	at org.apache.hadoop.ozone.protocolPB.OzoneManagerProtocolServerSideTranslatorPB.submitReadRequestToOM(OzoneManagerProtocolServerSideTranslatorPB.java:265) ~[ozone-manager-1.4.0-SNAPSHOT.jar:?]
	at org.apache.hadoop.ozone.protocolPB.OzoneManagerProtocolServerSideTranslatorPB.internalProcessRequest(OzoneManagerProtocolServerSideTranslatorPB.java:211) ~[ozone-manager-1.4.0-SNAPSHOT.jar:?]
	at org.apache.hadoop.ozone.protocolPB.OzoneManagerProtocolServerSideTranslatorPB.processRequest(OzoneManagerProtocolServerSideTranslatorPB.java:171) ~[ozone-manager-1.4.0-SNAPSHOT.jar:?]
	at org.apache.hadoop.hdds.server.OzoneProtocolMessageDispatcher.processRequest(OzoneProtocolMessageDispatcher.java:89) [hdds-server-framework-1.4.0-SNAPSHOT.jar:?]
	at org.apache.hadoop.ozone.protocolPB.OzoneManagerProtocolServerSideTranslatorPB.submitRequest(OzoneManagerProtocolServerSideTranslatorPB.java:162) [ozone-manager-1.4.0-SNAPSHOT.jar:?]
	at org.apache.hadoop.ozone.protocol.proto.OzoneManagerProtocolProtos$OzoneManagerService$2.callBlockingMethod(OzoneManagerProtocolProtos.java) [ozone-interface-client-1.4.0-SNAPSHOT.jar:?]
	at org.apache.hadoop.ipc.ProtobufRpcEngine$Server.processCall(ProtobufRpcEngine.java:484) [hadoop-common-3.3.6.jar:?]
	at org.apache.hadoop.ipc.ProtobufRpcEngine2$Server$ProtoBufRpcInvoker.call(ProtobufRpcEngine2.java:595) [hadoop-common-3.3.6.jar:?]
	at org.apache.hadoop.ipc.ProtobufRpcEngine2$Server$ProtoBufRpcInvoker.call(ProtobufRpcEngine2.java:573) [hadoop-common-3.3.6.jar:?]
	at org.apache.hadoop.ipc.RPC$Server.call(RPC.java:1227) [hadoop-common-3.3.6.jar:?]
	at org.apache.hadoop.ipc.Server$RpcCall.run(Server.java:1094) [hadoop-common-3.3.6.jar:?]
	at org.apache.hadoop.ipc.Server$RpcCall.run(Server.java:1017) [hadoop-common-3.3.6.jar:?]
	at java.security.AccessController.doPrivileged(Native Method) ~[?:1.8.0_392]
	at javax.security.auth.Subject.doAs(Subject.java:422) [?:1.8.0_392]
	at org.apache.hadoop.security.UserGroupInformation.doAs(UserGroupInformation.java:1899) [hadoop-common-3.3.6.jar:?]
	at org.apache.hadoop.ipc.Server$Handler.run(Server.java:3048) [hadoop-common-3.3.6.jar:?]
14:17:15.479 [IPC Server handler 7 on default port 15004] ERROR OMAudit - user=runner | ip=127.0.0.1 | op=GET_FILE_STATUS {volume=volume73660, bucket=bucket24382, key=level0/level1, dataSize=0, replicationConfig=null} | ret=FAILURE
org.apache.hadoop.ozone.om.exceptions.OMException: Unable to get file status: volume: volume73660 bucket: bucket24382 key: level0/level1
	at org.apache.hadoop.ozone.om.KeyManagerImpl.getOzoneFileStatusFSO(KeyManagerImpl.java:1356) ~[ozone-manager-1.4.0-SNAPSHOT.jar:?]
	at org.apache.hadoop.ozone.om.KeyManagerImpl.getFileStatus(KeyManagerImpl.java:1140) ~[ozone-manager-1.4.0-SNAPSHOT.jar:?]
	at org.apache.hadoop.ozone.om.OmMetadataReader.getFileStatus(OmMetadataReader.java:279) ~[ozone-manager-1.4.0-SNAPSHOT.jar:?]
	at org.apache.hadoop.ozone.om.OzoneManager.getFileStatus(OzoneManager.java:3629) ~[ozone-manager-1.4.0-SNAPSHOT.jar:?]
	at org.apache.hadoop.ozone.protocolPB.OzoneManagerRequestHandler.getOzoneFileStatus(OzoneManagerRequestHandler.java:1010) ~[ozone-manager-1.4.0-SNAPSHOT.jar:?]
	at org.apache.hadoop.ozone.protocolPB.OzoneManagerRequestHandler.handleReadRequest(OzoneManagerRequestHandler.java:262) ~[ozone-manager-1.4.0-SNAPSHOT.jar:?]
	at org.apache.hadoop.ozone.protocolPB.OzoneManagerProtocolServerSideTranslatorPB.submitReadRequestToOM(OzoneManagerProtocolServerSideTranslatorPB.java:265) ~[ozone-manager-1.4.0-SNAPSHOT.jar:?]
	at org.apache.hadoop.ozone.protocolPB.OzoneManagerProtocolServerSideTranslatorPB.internalProcessRequest(OzoneManagerProtocolServerSideTranslatorPB.java:211) ~[ozone-manager-1.4.0-SNAPSHOT.jar:?]
	at org.apache.hadoop.ozone.protocolPB.OzoneManagerProtocolServerSideTranslatorPB.processRequest(OzoneManagerProtocolServerSideTranslatorPB.java:171) ~[ozone-manager-1.4.0-SNAPSHOT.jar:?]
	at org.apache.hadoop.hdds.server.OzoneProtocolMessageDispatcher.processRequest(OzoneProtocolMessageDispatcher.java:89) [hdds-server-framework-1.4.0-SNAPSHOT.jar:?]
	at org.apache.hadoop.ozone.protocolPB.OzoneManagerProtocolServerSideTranslatorPB.submitRequest(OzoneManagerProtocolServerSideTranslatorPB.java:162) [ozone-manager-1.4.0-SNAPSHOT.jar:?]
	at org.apache.hadoop.ozone.protocol.proto.OzoneManagerProtocolProtos$OzoneManagerService$2.callBlockingMethod(OzoneManagerProtocolProtos.java) [ozone-interface-client-1.4.0-SNAPSHOT.jar:?]
	at org.apache.hadoop.ipc.ProtobufRpcEngine$Server.processCall(ProtobufRpcEngine.java:484) [hadoop-common-3.3.6.jar:?]
	at org.apache.hadoop.ipc.ProtobufRpcEngine2$Server$ProtoBufRpcInvoker.call(ProtobufRpcEngine2.java:595) [hadoop-common-3.3.6.jar:?]
	at org.apache.hadoop.ipc.ProtobufRpcEngine2$Server$ProtoBufRpcInvoker.call(ProtobufRpcEngine2.java:573) [hadoop-common-3.3.6.jar:?]
	at org.apache.hadoop.ipc.RPC$Server.call(RPC.java:1227) [hadoop-common-3.3.6.jar:?]
	at org.apache.hadoop.ipc.Server$RpcCall.run(Server.java:1094) [hadoop-common-3.3.6.jar:?]
	at org.apache.hadoop.ipc.Server$RpcCall.run(Server.java:1017) [hadoop-common-3.3.6.jar:?]
	at java.security.AccessController.doPrivileged(Native Method) ~[?:1.8.0_392]
	at javax.security.auth.Subject.doAs(Subject.java:422) [?:1.8.0_392]
	at org.apache.hadoop.security.UserGroupInformation.doAs(UserGroupInformation.java:1899) [hadoop-common-3.3.6.jar:?]
	at org.apache.hadoop.ipc.Server$Handler.run(Server.java:3048) [hadoop-common-3.3.6.jar:?]
14:17:15.481 [IPC Server handler 13 on default port 15004] ERROR OMAudit - user=runner | ip=127.0.0.1 | op=GET_FILE_STATUS {volume=volume73660, bucket=bucket24382, key=level0/level1/level1, dataSize=0, replicationConfig=null} | ret=FAILURE
org.apache.hadoop.ozone.om.exceptions.OMException: Unable to get file status: volume: volume73660 bucket: bucket24382 key: level0/level1/level1
	at org.apache.hadoop.ozone.om.KeyManagerImpl.getOzoneFileStatusFSO(KeyManagerImpl.java:1356) ~[ozone-manager-1.4.0-SNAPSHOT.jar:?]
	at org.apache.hadoop.ozone.om.KeyManagerImpl.getFileStatus(KeyManagerImpl.java:1140) ~[ozone-manager-1.4.0-SNAPSHOT.jar:?]
	at org.apache.hadoop.ozone.om.OmMetadataReader.getFileStatus(OmMetadataReader.java:279) ~[ozone-manager-1.4.0-SNAPSHOT.jar:?]
	at org.apache.hadoop.ozone.om.OzoneManager.getFileStatus(OzoneManager.java:3629) ~[ozone-manager-1.4.0-SNAPSHOT.jar:?]
	at org.apache.hadoop.ozone.protocolPB.OzoneManagerRequestHandler.getOzoneFileStatus(OzoneManagerRequestHandler.java:1010) ~[ozone-manager-1.4.0-SNAPSHOT.jar:?]
	at org.apache.hadoop.ozone.protocolPB.OzoneManagerRequestHandler.handleReadRequest(OzoneManagerRequestHandler.java:262) ~[ozone-manager-1.4.0-SNAPSHOT.jar:?]
	at org.apache.hadoop.ozone.protocolPB.OzoneManagerProtocolServerSideTranslatorPB.submitReadRequestToOM(OzoneManagerProtocolServerSideTranslatorPB.java:265) ~[ozone-manager-1.4.0-SNAPSHOT.jar:?]
	at org.apache.hadoop.ozone.protocolPB.OzoneManagerProtocolServerSideTranslatorPB.internalProcessRequest(OzoneManagerProtocolServerSideTranslatorPB.java:211) ~[ozone-manager-1.4.0-SNAPSHOT.jar:?]
	at org.apache.hadoop.ozone.protocolPB.OzoneManagerProtocolServerSideTranslatorPB.processRequest(OzoneManagerProtocolServerSideTranslatorPB.java:171) ~[ozone-manager-1.4.0-SNAPSHOT.jar:?]
	at org.apache.hadoop.hdds.server.OzoneProtocolMessageDispatcher.processRequest(OzoneProtocolMessageDispatcher.java:89) [hdds-server-framework-1.4.0-SNAPSHOT.jar:?]
	at org.apache.hadoop.ozone.protocolPB.OzoneManagerProtocolServerSideTranslatorPB.submitRequest(OzoneManagerProtocolServerSideTranslatorPB.java:162) [ozone-manager-1.4.0-SNAPSHOT.jar:?]
	at org.apache.hadoop.ozone.protocol.proto.OzoneManagerProtocolProtos$OzoneManagerService$2.callBlockingMethod(OzoneManagerProtocolProtos.java) [ozone-interface-client-1.4.0-SNAPSHOT.jar:?]
	at org.apache.hadoop.ipc.ProtobufRpcEngine$Server.processCall(ProtobufRpcEngine.java:484) [hadoop-common-3.3.6.jar:?]
	at org.apache.hadoop.ipc.ProtobufRpcEngine2$Server$ProtoBufRpcInvoker.call(ProtobufRpcEngine2.java:595) [hadoop-common-3.3.6.jar:?]
	at org.apache.hadoop.ipc.ProtobufRpcEngine2$Server$ProtoBufRpcInvoker.call(ProtobufRpcEngine2.java:573) [hadoop-common-3.3.6.jar:?]
	at org.apache.hadoop.ipc.RPC$Server.call(RPC.java:1227) [hadoop-common-3.3.6.jar:?]
	at org.apache.hadoop.ipc.Server$RpcCall.run(Server.java:1094) [hadoop-common-3.3.6.jar:?]
	at org.apache.hadoop.ipc.Server$RpcCall.run(Server.java:1017) [hadoop-common-3.3.6.jar:?]
	at java.security.AccessController.doPrivileged(Native Method) ~[?:1.8.0_392]
	at javax.security.auth.Subject.doAs(Subject.java:422) [?:1.8.0_392]
	at org.apache.hadoop.security.UserGroupInformation.doAs(UserGroupInformation.java:1899) [hadoop-common-3.3.6.jar:?]
	at org.apache.hadoop.ipc.Server$Handler.run(Server.java:3048) [hadoop-common-3.3.6.jar:?]
14:17:15.482 [IPC Server handler 11 on default port 15004] ERROR OMAudit - user=runner | ip=127.0.0.1 | op=GET_FILE_STATUS {volume=volume73660, bucket=bucket24382, key=level0/level1/file1, dataSize=0, replicationConfig=null} | ret=FAILURE
org.apache.hadoop.ozone.om.exceptions.OMException: Unable to get file status: volume: volume73660 bucket: bucket24382 key: level0/level1/file1
	at org.apache.hadoop.ozone.om.KeyManagerImpl.getOzoneFileStatusFSO(KeyManagerImpl.java:1356) ~[ozone-manager-1.4.0-SNAPSHOT.jar:?]
	at org.apache.hadoop.ozone.om.KeyManagerImpl.getFileStatus(KeyManagerImpl.java:1140) ~[ozone-manager-1.4.0-SNAPSHOT.jar:?]
	at org.apache.hadoop.ozone.om.OmMetadataReader.getFileStatus(OmMetadataReader.java:279) ~[ozone-manager-1.4.0-SNAPSHOT.jar:?]
	at org.apache.hadoop.ozone.om.OzoneManager.getFileStatus(OzoneManager.java:3629) ~[ozone-manager-1.4.0-SNAPSHOT.jar:?]
	at org.apache.hadoop.ozone.protocolPB.OzoneManagerRequestHandler.getOzoneFileStatus(OzoneManagerRequestHandler.java:1010) ~[ozone-manager-1.4.0-SNAPSHOT.jar:?]
	at org.apache.hadoop.ozone.protocolPB.OzoneManagerRequestHandler.handleReadRequest(OzoneManagerRequestHandler.java:262) ~[ozone-manager-1.4.0-SNAPSHOT.jar:?]
	at org.apache.hadoop.ozone.protocolPB.OzoneManagerProtocolServerSideTranslatorPB.submitReadRequestToOM(OzoneManagerProtocolServerSideTranslatorPB.java:265) ~[ozone-manager-1.4.0-SNAPSHOT.jar:?]
	at org.apache.hadoop.ozone.protocolPB.OzoneManagerProtocolServerSideTranslatorPB.internalProcessRequest(OzoneManagerProtocolServerSideTranslatorPB.java:211) ~[ozone-manager-1.4.0-SNAPSHOT.jar:?]
	at org.apache.hadoop.ozone.protocolPB.OzoneManagerProtocolServerSideTranslatorPB.processRequest(OzoneManagerProtocolServerSideTranslatorPB.java:171) ~[ozone-manager-1.4.0-SNAPSHOT.jar:?]
	at org.apache.hadoop.hdds.server.OzoneProtocolMessageDispatcher.processRequest(OzoneProtocolMessageDispatcher.java:89) [hdds-server-framework-1.4.0-SNAPSHOT.jar:?]
	at org.apache.hadoop.ozone.protocolPB.OzoneManagerProtocolServerSideTranslatorPB.submitRequest(OzoneManagerProtocolServerSideTranslatorPB.java:162) [ozone-manager-1.4.0-SNAPSHOT.jar:?]
	at org.apache.hadoop.ozone.protocol.proto.OzoneManagerProtocolProtos$OzoneManagerService$2.callBlockingMethod(OzoneManagerProtocolProtos.java) [ozone-interface-client-1.4.0-SNAPSHOT.jar:?]
	at org.apache.hadoop.ipc.ProtobufRpcEngine$Server.processCall(ProtobufRpcEngine.java:484) [hadoop-common-3.3.6.jar:?]
	at org.apache.hadoop.ipc.ProtobufRpcEngine2$Server$ProtoBufRpcInvoker.call(ProtobufRpcEngine2.java:595) [hadoop-common-3.3.6.jar:?]
	at org.apache.hadoop.ipc.ProtobufRpcEngine2$Server$ProtoBufRpcInvoker.call(ProtobufRpcEngine2.java:573) [hadoop-common-3.3.6.jar:?]
	at org.apache.hadoop.ipc.RPC$Server.call(RPC.java:1227) [hadoop-common-3.3.6.jar:?]
	at org.apache.hadoop.ipc.Server$RpcCall.run(Server.java:1094) [hadoop-common-3.3.6.jar:?]
	at org.apache.hadoop.ipc.Server$RpcCall.run(Server.java:1017) [hadoop-common-3.3.6.jar:?]
	at java.security.AccessController.doPrivileged(Native Method) ~[?:1.8.0_392]
	at javax.security.auth.Subject.doAs(Subject.java:422) [?:1.8.0_392]
	at org.apache.hadoop.security.UserGroupInformation.doAs(UserGroupInformation.java:1899) [hadoop-common-3.3.6.jar:?]
	at org.apache.hadoop.ipc.Server$Handler.run(Server.java:3048) [hadoop-common-3.3.6.jar:?]
14:17:15.483 [IPC Server handler 14 on default port 15004] ERROR OMAudit - user=runner | ip=127.0.0.1 | op=GET_FILE_STATUS {volume=volume73660, bucket=bucket24382, key=level0/level1/level1/file1, dataSize=0, replicationConfig=null} | ret=FAILURE
org.apache.hadoop.ozone.om.exceptions.OMException: Unable to get file status: volume: volume73660 bucket: bucket24382 key: level0/level1/level1/file1
	at org.apache.hadoop.ozone.om.KeyManagerImpl.getOzoneFileStatusFSO(KeyManagerImpl.java:1356) ~[ozone-manager-1.4.0-SNAPSHOT.jar:?]
	at org.apache.hadoop.ozone.om.KeyManagerImpl.getFileStatus(KeyManagerImpl.java:1140) ~[ozone-manager-1.4.0-SNAPSHOT.jar:?]
	at org.apache.hadoop.ozone.om.OmMetadataReader.getFileStatus(OmMetadataReader.java:279) ~[ozone-manager-1.4.0-SNAPSHOT.jar:?]
	at org.apache.hadoop.ozone.om.OzoneManager.getFileStatus(OzoneManager.java:3629) ~[ozone-manager-1.4.0-SNAPSHOT.jar:?]
	at org.apache.hadoop.ozone.protocolPB.OzoneManagerRequestHandler.getOzoneFileStatus(OzoneManagerRequestHandler.java:1010) ~[ozone-manager-1.4.0-SNAPSHOT.jar:?]
	at org.apache.hadoop.ozone.protocolPB.OzoneManagerRequestHandler.handleReadRequest(OzoneManagerRequestHandler.java:262) ~[ozone-manager-1.4.0-SNAPSHOT.jar:?]
	at org.apache.hadoop.ozone.protocolPB.OzoneManagerProtocolServerSideTranslatorPB.submitReadRequestToOM(OzoneManagerProtocolServerSideTranslatorPB.java:265) ~[ozone-manager-1.4.0-SNAPSHOT.jar:?]
	at org.apache.hadoop.ozone.protocolPB.OzoneManagerProtocolServerSideTranslatorPB.internalProcessRequest(OzoneManagerProtocolServerSideTranslatorPB.java:211) ~[ozone-manager-1.4.0-SNAPSHOT.jar:?]
	at org.apache.hadoop.ozone.protocolPB.OzoneManagerProtocolServerSideTranslatorPB.processRequest(OzoneManagerProtocolServerSideTranslatorPB.java:171) ~[ozone-manager-1.4.0-SNAPSHOT.jar:?]
	at org.apache.hadoop.hdds.server.OzoneProtocolMessageDispatcher.processRequest(OzoneProtocolMessageDispatcher.java:89) [hdds-server-framework-1.4.0-SNAPSHOT.jar:?]
	at org.apache.hadoop.ozone.protocolPB.OzoneManagerProtocolServerSideTranslatorPB.submitRequest(OzoneManagerProtocolServerSideTranslatorPB.java:162) [ozone-manager-1.4.0-SNAPSHOT.jar:?]
	at org.apache.hadoop.ozone.protocol.proto.OzoneManagerProtocolProtos$OzoneManagerService$2.callBlockingMethod(OzoneManagerProtocolProtos.java) [ozone-interface-client-1.4.0-SNAPSHOT.jar:?]
	at org.apache.hadoop.ipc.ProtobufRpcEngine$Server.processCall(ProtobufRpcEngine.java:484) [hadoop-common-3.3.6.jar:?]
	at org.apache.hadoop.ipc.ProtobufRpcEngine2$Server$ProtoBufRpcInvoker.call(ProtobufRpcEngine2.java:595) [hadoop-common-3.3.6.jar:?]
	at org.apache.hadoop.ipc.ProtobufRpcEngine2$Server$ProtoBufRpcInvoker.call(ProtobufRpcEngine2.java:573) [hadoop-common-3.3.6.jar:?]
	at org.apache.hadoop.ipc.RPC$Server.call(RPC.java:1227) [hadoop-common-3.3.6.jar:?]
	at org.apache.hadoop.ipc.Server$RpcCall.run(Server.java:1094) [hadoop-common-3.3.6.jar:?]
	at org.apache.hadoop.ipc.Server$RpcCall.run(Server.java:1017) [hadoop-common-3.3.6.jar:?]
	at java.security.AccessController.doPrivileged(Native Method) ~[?:1.8.0_392]
	at javax.security.auth.Subject.doAs(Subject.java:422) [?:1.8.0_392]
	at org.apache.hadoop.security.UserGroupInformation.doAs(UserGroupInformation.java:1899) [hadoop-common-3.3.6.jar:?]
	at org.apache.hadoop.ipc.Server$Handler.run(Server.java:3048) [hadoop-common-3.3.6.jar:?]
14:17:15.485 [IPC Server handler 16 on default port 15004] ERROR OMAudit - user=runner | ip=127.0.0.1 | op=GET_FILE_STATUS {volume=volume73660, bucket=bucket24382, key=level0/level2, dataSize=0, replicationConfig=null} | ret=FAILURE
org.apache.hadoop.ozone.om.exceptions.OMException: Unable to get file status: volume: volume73660 bucket: bucket24382 key: level0/level2
	at org.apache.hadoop.ozone.om.KeyManagerImpl.getOzoneFileStatusFSO(KeyManagerImpl.java:1356) ~[ozone-manager-1.4.0-SNAPSHOT.jar:?]
	at org.apache.hadoop.ozone.om.KeyManagerImpl.getFileStatus(KeyManagerImpl.java:1140) ~[ozone-manager-1.4.0-SNAPSHOT.jar:?]
	at org.apache.hadoop.ozone.om.OmMetadataReader.getFileStatus(OmMetadataReader.java:279) ~[ozone-manager-1.4.0-SNAPSHOT.jar:?]
	at org.apache.hadoop.ozone.om.OzoneManager.getFileStatus(OzoneManager.java:3629) ~[ozone-manager-1.4.0-SNAPSHOT.jar:?]
	at org.apache.hadoop.ozone.protocolPB.OzoneManagerRequestHandler.getOzoneFileStatus(OzoneManagerRequestHandler.java:1010) ~[ozone-manager-1.4.0-SNAPSHOT.jar:?]
	at org.apache.hadoop.ozone.protocolPB.OzoneManagerRequestHandler.handleReadRequest(OzoneManagerRequestHandler.java:262) ~[ozone-manager-1.4.0-SNAPSHOT.jar:?]
	at org.apache.hadoop.ozone.protocolPB.OzoneManagerProtocolServerSideTranslatorPB.submitReadRequestToOM(OzoneManagerProtocolServerSideTranslatorPB.java:265) ~[ozone-manager-1.4.0-SNAPSHOT.jar:?]
	at org.apache.hadoop.ozone.protocolPB.OzoneManagerProtocolServerSideTranslatorPB.internalProcessRequest(OzoneManagerProtocolServerSideTranslatorPB.java:211) ~[ozone-manager-1.4.0-SNAPSHOT.jar:?]
	at org.apache.hadoop.ozone.protocolPB.OzoneManagerProtocolServerSideTranslatorPB.processRequest(OzoneManagerProtocolServerSideTranslatorPB.java:171) ~[ozone-manager-1.4.0-SNAPSHOT.jar:?]
	at org.apache.hadoop.hdds.server.OzoneProtocolMessageDispatcher.processRequest(OzoneProtocolMessageDispatcher.java:89) [hdds-server-framework-1.4.0-SNAPSHOT.jar:?]
	at org.apache.hadoop.ozone.protocolPB.OzoneManagerProtocolServerSideTranslatorPB.submitRequest(OzoneManagerProtocolServerSideTranslatorPB.java:162) [ozone-manager-1.4.0-SNAPSHOT.jar:?]
	at org.apache.hadoop.ozone.protocol.proto.OzoneManagerProtocolProtos$OzoneManagerService$2.callBlockingMethod(OzoneManagerProtocolProtos.java) [ozone-interface-client-1.4.0-SNAPSHOT.jar:?]
	at org.apache.hadoop.ipc.ProtobufRpcEngine$Server.processCall(ProtobufRpcEngine.java:484) [hadoop-common-3.3.6.jar:?]
	at org.apache.hadoop.ipc.ProtobufRpcEngine2$Server$ProtoBufRpcInvoker.call(ProtobufRpcEngine2.java:595) [hadoop-common-3.3.6.jar:?]
	at org.apache.hadoop.ipc.ProtobufRpcEngine2$Server$ProtoBufRpcInvoker.call(ProtobufRpcEngine2.java:573) [hadoop-common-3.3.6.jar:?]
	at org.apache.hadoop.ipc.RPC$Server.call(RPC.java:1227) [hadoop-common-3.3.6.jar:?]
	at org.apache.hadoop.ipc.Server$RpcCall.run(Server.java:1094) [hadoop-common-3.3.6.jar:?]
	at org.apache.hadoop.ipc.Server$RpcCall.run(Server.java:1017) [hadoop-common-3.3.6.jar:?]
	at java.security.AccessController.doPrivileged(Native Method) ~[?:1.8.0_392]
	at javax.security.auth.Subject.doAs(Subject.java:422) [?:1.8.0_392]
	at org.apache.hadoop.security.UserGroupInformation.doAs(UserGroupInformation.java:1899) [hadoop-common-3.3.6.jar:?]
	at org.apache.hadoop.ipc.Server$Handler.run(Server.java:3048) [hadoop-common-3.3.6.jar:?]
14:17:15.486 [IPC Server handler 17 on default port 15004] ERROR OMAudit - user=runner | ip=127.0.0.1 | op=GET_FILE_STATUS {volume=volume73660, bucket=bucket24382, key=level0/level2/level2, dataSize=0, replicationConfig=null} | ret=FAILURE
org.apache.hadoop.ozone.om.exceptions.OMException: Unable to get file status: volume: volume73660 bucket: bucket24382 key: level0/level2/level2
	at org.apache.hadoop.ozone.om.KeyManagerImpl.getOzoneFileStatusFSO(KeyManagerImpl.java:1356) ~[ozone-manager-1.4.0-SNAPSHOT.jar:?]
	at org.apache.hadoop.ozone.om.KeyManagerImpl.getFileStatus(KeyManagerImpl.java:1140) ~[ozone-manager-1.4.0-SNAPSHOT.jar:?]
	at org.apache.hadoop.ozone.om.OmMetadataReader.getFileStatus(OmMetadataReader.java:279) ~[ozone-manager-1.4.0-SNAPSHOT.jar:?]
	at org.apache.hadoop.ozone.om.OzoneManager.getFileStatus(OzoneManager.java:3629) ~[ozone-manager-1.4.0-SNAPSHOT.jar:?]
	at org.apache.hadoop.ozone.protocolPB.OzoneManagerRequestHandler.getOzoneFileStatus(OzoneManagerRequestHandler.java:1010) ~[ozone-manager-1.4.0-SNAPSHOT.jar:?]
	at org.apache.hadoop.ozone.protocolPB.OzoneManagerRequestHandler.handleReadRequest(OzoneManagerRequestHandler.java:262) ~[ozone-manager-1.4.0-SNAPSHOT.jar:?]
	at org.apache.hadoop.ozone.protocolPB.OzoneManagerProtocolServerSideTranslatorPB.submitReadRequestToOM(OzoneManagerProtocolServerSideTranslatorPB.java:265) ~[ozone-manager-1.4.0-SNAPSHOT.jar:?]
	at org.apache.hadoop.ozone.protocolPB.OzoneManagerProtocolServerSideTranslatorPB.internalProcessRequest(OzoneManagerProtocolServerSideTranslatorPB.java:211) ~[ozone-manager-1.4.0-SNAPSHOT.jar:?]
	at org.apache.hadoop.ozone.protocolPB.OzoneManagerProtocolServerSideTranslatorPB.processRequest(OzoneManagerProtocolServerSideTranslatorPB.java:171) ~[ozone-manager-1.4.0-SNAPSHOT.jar:?]
	at org.apache.hadoop.hdds.server.OzoneProtocolMessageDispatcher.processRequest(OzoneProtocolMessageDispatcher.java:89) [hdds-server-framework-1.4.0-SNAPSHOT.jar:?]
	at org.apache.hadoop.ozone.protocolPB.OzoneManagerProtocolServerSideTranslatorPB.submitRequest(OzoneManagerProtocolServerSideTranslatorPB.java:162) [ozone-manager-1.4.0-SNAPSHOT.jar:?]
	at org.apache.hadoop.ozone.protocol.proto.OzoneManagerProtocolProtos$OzoneManagerService$2.callBlockingMethod(OzoneManagerProtocolProtos.java) [ozone-interface-client-1.4.0-SNAPSHOT.jar:?]
	at org.apache.hadoop.ipc.ProtobufRpcEngine$Server.processCall(ProtobufRpcEngine.java:484) [hadoop-common-3.3.6.jar:?]
	at org.apache.hadoop.ipc.ProtobufRpcEngine2$Server$ProtoBufRpcInvoker.call(ProtobufRpcEngine2.java:595) [hadoop-common-3.3.6.jar:?]
	at org.apache.hadoop.ipc.ProtobufRpcEngine2$Server$ProtoBufRpcInvoker.call(ProtobufRpcEngine2.java:573) [hadoop-common-3.3.6.jar:?]
	at org.apache.hadoop.ipc.RPC$Server.call(RPC.java:1227) [hadoop-common-3.3.6.jar:?]
	at org.apache.hadoop.ipc.Server$RpcCall.run(Server.java:1094) [hadoop-common-3.3.6.jar:?]
	at org.apache.hadoop.ipc.Server$RpcCall.run(Server.java:1017) [hadoop-common-3.3.6.jar:?]
	at java.security.AccessController.doPrivileged(Native Method) ~[?:1.8.0_392]
	at javax.security.auth.Subject.doAs(Subject.java:422) [?:1.8.0_392]
	at org.apache.hadoop.security.UserGroupInformation.doAs(UserGroupInformation.java:1899) [hadoop-common-3.3.6.jar:?]
	at org.apache.hadoop.ipc.Server$Handler.run(Server.java:3048) [hadoop-common-3.3.6.jar:?]
14:17:15.487 [IPC Server handler 18 on default port 15004] ERROR OMAudit - user=runner | ip=127.0.0.1 | op=GET_FILE_STATUS {volume=volume73660, bucket=bucket24382, key=level0/level2/file1, dataSize=0, replicationConfig=null} | ret=FAILURE
org.apache.hadoop.ozone.om.exceptions.OMException: Unable to get file status: volume: volume73660 bucket: bucket24382 key: level0/level2/file1
	at org.apache.hadoop.ozone.om.KeyManagerImpl.getOzoneFileStatusFSO(KeyManagerImpl.java:1356) ~[ozone-manager-1.4.0-SNAPSHOT.jar:?]
	at org.apache.hadoop.ozone.om.KeyManagerImpl.getFileStatus(KeyManagerImpl.java:1140) ~[ozone-manager-1.4.0-SNAPSHOT.jar:?]
	at org.apache.hadoop.ozone.om.OmMetadataReader.getFileStatus(OmMetadataReader.java:279) ~[ozone-manager-1.4.0-SNAPSHOT.jar:?]
	at org.apache.hadoop.ozone.om.OzoneManager.getFileStatus(OzoneManager.java:3629) ~[ozone-manager-1.4.0-SNAPSHOT.jar:?]
	at org.apache.hadoop.ozone.protocolPB.OzoneManagerRequestHandler.getOzoneFileStatus(OzoneManagerRequestHandler.java:1010) ~[ozone-manager-1.4.0-SNAPSHOT.jar:?]
	at org.apache.hadoop.ozone.protocolPB.OzoneManagerRequestHandler.handleReadRequest(OzoneManagerRequestHandler.java:262) ~[ozone-manager-1.4.0-SNAPSHOT.jar:?]
	at org.apache.hadoop.ozone.protocolPB.OzoneManagerProtocolServerSideTranslatorPB.submitReadRequestToOM(OzoneManagerProtocolServerSideTranslatorPB.java:265) ~[ozone-manager-1.4.0-SNAPSHOT.jar:?]
	at org.apache.hadoop.ozone.protocolPB.OzoneManagerProtocolServerSideTranslatorPB.internalProcessRequest(OzoneManagerProtocolServerSideTranslatorPB.java:211) ~[ozone-manager-1.4.0-SNAPSHOT.jar:?]
	at org.apache.hadoop.ozone.protocolPB.OzoneManagerProtocolServerSideTranslatorPB.processRequest(OzoneManagerProtocolServerSideTranslatorPB.java:171) ~[ozone-manager-1.4.0-SNAPSHOT.jar:?]
	at org.apache.hadoop.hdds.server.OzoneProtocolMessageDispatcher.processRequest(OzoneProtocolMessageDispatcher.java:89) [hdds-server-framework-1.4.0-SNAPSHOT.jar:?]
	at org.apache.hadoop.ozone.protocolPB.OzoneManagerProtocolServerSideTranslatorPB.submitRequest(OzoneManagerProtocolServerSideTranslatorPB.java:162) [ozone-manager-1.4.0-SNAPSHOT.jar:?]
	at org.apache.hadoop.ozone.protocol.proto.OzoneManagerProtocolProtos$OzoneManagerService$2.callBlockingMethod(OzoneManagerProtocolProtos.java) [ozone-interface-client-1.4.0-SNAPSHOT.jar:?]
	at org.apache.hadoop.ipc.ProtobufRpcEngine$Server.processCall(ProtobufRpcEngine.java:484) [hadoop-common-3.3.6.jar:?]
	at org.apache.hadoop.ipc.ProtobufRpcEngine2$Server$ProtoBufRpcInvoker.call(ProtobufRpcEngine2.java:595) [hadoop-common-3.3.6.jar:?]
	at org.apache.hadoop.ipc.ProtobufRpcEngine2$Server$ProtoBufRpcInvoker.call(ProtobufRpcEngine2.java:573) [hadoop-common-3.3.6.jar:?]
	at org.apache.hadoop.ipc.RPC$Server.call(RPC.java:1227) [hadoop-common-3.3.6.jar:?]
	at org.apache.hadoop.ipc.Server$RpcCall.run(Server.java:1094) [hadoop-common-3.3.6.jar:?]
	at org.apache.hadoop.ipc.Server$RpcCall.run(Server.java:1017) [hadoop-common-3.3.6.jar:?]
	at java.security.AccessController.doPrivileged(Native Method) ~[?:1.8.0_392]
	at javax.security.auth.Subject.doAs(Subject.java:422) [?:1.8.0_392]
	at org.apache.hadoop.security.UserGroupInformation.doAs(UserGroupInformation.java:1899) [hadoop-common-3.3.6.jar:?]
	at org.apache.hadoop.ipc.Server$Handler.run(Server.java:3048) [hadoop-common-3.3.6.jar:?]
14:17:15.489 [IPC Server handler 19 on default port 15004] ERROR OMAudit - user=runner | ip=127.0.0.1 | op=GET_FILE_STATUS {volume=volume73660, bucket=bucket24382, key=level0/level2/level2/file1, dataSize=0, replicationConfig=null} | ret=FAILURE
org.apache.hadoop.ozone.om.exceptions.OMException: Unable to get file status: volume: volume73660 bucket: bucket24382 key: level0/level2/level2/file1
	at org.apache.hadoop.ozone.om.KeyManagerImpl.getOzoneFileStatusFSO(KeyManagerImpl.java:1356) ~[ozone-manager-1.4.0-SNAPSHOT.jar:?]
	at org.apache.hadoop.ozone.om.KeyManagerImpl.getFileStatus(KeyManagerImpl.java:1140) ~[ozone-manager-1.4.0-SNAPSHOT.jar:?]
	at org.apache.hadoop.ozone.om.OmMetadataReader.getFileStatus(OmMetadataReader.java:279) ~[ozone-manager-1.4.0-SNAPSHOT.jar:?]
	at org.apache.hadoop.ozone.om.OzoneManager.getFileStatus(OzoneManager.java:3629) ~[ozone-manager-1.4.0-SNAPSHOT.jar:?]
	at org.apache.hadoop.ozone.protocolPB.OzoneManagerRequestHandler.getOzoneFileStatus(OzoneManagerRequestHandler.java:1010) ~[ozone-manager-1.4.0-SNAPSHOT.jar:?]
	at org.apache.hadoop.ozone.protocolPB.OzoneManagerRequestHandler.handleReadRequest(OzoneManagerRequestHandler.java:262) ~[ozone-manager-1.4.0-SNAPSHOT.jar:?]
	at org.apache.hadoop.ozone.protocolPB.OzoneManagerProtocolServerSideTranslatorPB.submitReadRequestToOM(OzoneManagerProtocolServerSideTranslatorPB.java:265) ~[ozone-manager-1.4.0-SNAPSHOT.jar:?]
	at org.apache.hadoop.ozone.protocolPB.OzoneManagerProtocolServerSideTranslatorPB.internalProcessRequest(OzoneManagerProtocolServerSideTranslatorPB.java:211) ~[ozone-manager-1.4.0-SNAPSHOT.jar:?]
	at org.apache.hadoop.ozone.protocolPB.OzoneManagerProtocolServerSideTranslatorPB.processRequest(OzoneManagerProtocolServerSideTranslatorPB.java:171) ~[ozone-manager-1.4.0-SNAPSHOT.jar:?]
	at org.apache.hadoop.hdds.server.OzoneProtocolMessageDispatcher.processRequest(OzoneProtocolMessageDispatcher.java:89) [hdds-server-framework-1.4.0-SNAPSHOT.jar:?]
	at org.apache.hadoop.ozone.protocolPB.OzoneManagerProtocolServerSideTranslatorPB.submitRequest(OzoneManagerProtocolServerSideTranslatorPB.java:162) [ozone-manager-1.4.0-SNAPSHOT.jar:?]
	at org.apache.hadoop.ozone.protocol.proto.OzoneManagerProtocolProtos$OzoneManagerService$2.callBlockingMethod(OzoneManagerProtocolProtos.java) [ozone-interface-client-1.4.0-SNAPSHOT.jar:?]
	at org.apache.hadoop.ipc.ProtobufRpcEngine$Server.processCall(ProtobufRpcEngine.java:484) [hadoop-common-3.3.6.jar:?]
	at org.apache.hadoop.ipc.ProtobufRpcEngine2$Server$ProtoBufRpcInvoker.call(ProtobufRpcEngine2.java:595) [hadoop-common-3.3.6.jar:?]
	at org.apache.hadoop.ipc.ProtobufRpcEngine2$Server$ProtoBufRpcInvoker.call(ProtobufRpcEngine2.java:573) [hadoop-common-3.3.6.jar:?]
	at org.apache.hadoop.ipc.RPC$Server.call(RPC.java:1227) [hadoop-common-3.3.6.jar:?]
	at org.apache.hadoop.ipc.Server$RpcCall.run(Server.java:1094) [hadoop-common-3.3.6.jar:?]
	at org.apache.hadoop.ipc.Server$RpcCall.run(Server.java:1017) [hadoop-common-3.3.6.jar:?]
	at java.security.AccessController.doPrivileged(Native Method) ~[?:1.8.0_392]
	at javax.security.auth.Subject.doAs(Subject.java:422) [?:1.8.0_392]
	at org.apache.hadoop.security.UserGroupInformation.doAs(UserGroupInformation.java:1899) [hadoop-common-3.3.6.jar:?]
	at org.apache.hadoop.ipc.Server$Handler.run(Server.java:3048) [hadoop-common-3.3.6.jar:?]
14:17:15.490 [IPC Server handler 15 on default port 15004] ERROR OMAudit - user=runner | ip=127.0.0.1 | op=GET_FILE_STATUS {volume=volume73660, bucket=bucket24382, key=level0/level3, dataSize=0, replicationConfig=null} | ret=FAILURE
org.apache.hadoop.ozone.om.exceptions.OMException: Unable to get file status: volume: volume73660 bucket: bucket24382 key: level0/level3
	at org.apache.hadoop.ozone.om.KeyManagerImpl.getOzoneFileStatusFSO(KeyManagerImpl.java:1356) ~[ozone-manager-1.4.0-SNAPSHOT.jar:?]
	at org.apache.hadoop.ozone.om.KeyManagerImpl.getFileStatus(KeyManagerImpl.java:1140) ~[ozone-manager-1.4.0-SNAPSHOT.jar:?]
	at org.apache.hadoop.ozone.om.OmMetadataReader.getFileStatus(OmMetadataReader.java:279) ~[ozone-manager-1.4.0-SNAPSHOT.jar:?]
	at org.apache.hadoop.ozone.om.OzoneManager.getFileStatus(OzoneManager.java:3629) ~[ozone-manager-1.4.0-SNAPSHOT.jar:?]
	at org.apache.hadoop.ozone.protocolPB.OzoneManagerRequestHandler.getOzoneFileStatus(OzoneManagerRequestHandler.java:1010) ~[ozone-manager-1.4.0-SNAPSHOT.jar:?]
	at org.apache.hadoop.ozone.protocolPB.OzoneManagerRequestHandler.handleReadRequest(OzoneManagerRequestHandler.java:262) ~[ozone-manager-1.4.0-SNAPSHOT.jar:?]
	at org.apache.hadoop.ozone.protocolPB.OzoneManagerProtocolServerSideTranslatorPB.submitReadRequestToOM(OzoneManagerProtocolServerSideTranslatorPB.java:265) ~[ozone-manager-1.4.0-SNAPSHOT.jar:?]
	at org.apache.hadoop.ozone.protocolPB.OzoneManagerProtocolServerSideTranslatorPB.internalProcessRequest(OzoneManagerProtocolServerSideTranslatorPB.java:211) ~[ozone-manager-1.4.0-SNAPSHOT.jar:?]
	at org.apache.hadoop.ozone.protocolPB.OzoneManagerProtocolServerSideTranslatorPB.processRequest(OzoneManagerProtocolServerSideTranslatorPB.java:171) ~[ozone-manager-1.4.0-SNAPSHOT.jar:?]
	at org.apache.hadoop.hdds.server.OzoneProtocolMessageDispatcher.processRequest(OzoneProtocolMessageDispatcher.java:89) [hdds-server-framework-1.4.0-SNAPSHOT.jar:?]
	at org.apache.hadoop.ozone.protocolPB.OzoneManagerProtocolServerSideTranslatorPB.submitRequest(OzoneManagerProtocolServerSideTranslatorPB.java:162) [ozone-manager-1.4.0-SNAPSHOT.jar:?]
	at org.apache.hadoop.ozone.protocol.proto.OzoneManagerProtocolProtos$OzoneManagerService$2.callBlockingMethod(OzoneManagerProtocolProtos.java) [ozone-interface-client-1.4.0-SNAPSHOT.jar:?]
	at org.apache.hadoop.ipc.ProtobufRpcEngine$Server.processCall(ProtobufRpcEngine.java:484) [hadoop-common-3.3.6.jar:?]
	at org.apache.hadoop.ipc.ProtobufRpcEngine2$Server$ProtoBufRpcInvoker.call(ProtobufRpcEngine2.java:595) [hadoop-common-3.3.6.jar:?]
	at org.apache.hadoop.ipc.ProtobufRpcEngine2$Server$ProtoBufRpcInvoker.call(ProtobufRpcEngine2.java:573) [hadoop-common-3.3.6.jar:?]
	at org.apache.hadoop.ipc.RPC$Server.call(RPC.java:1227) [hadoop-common-3.3.6.jar:?]
	at org.apache.hadoop.ipc.Server$RpcCall.run(Server.java:1094) [hadoop-common-3.3.6.jar:?]
	at org.apache.hadoop.ipc.Server$RpcCall.run(Server.java:1017) [hadoop-common-3.3.6.jar:?]
	at java.security.AccessController.doPrivileged(Native Method) ~[?:1.8.0_392]
	at javax.security.auth.Subject.doAs(Subject.java:422) [?:1.8.0_392]
	at org.apache.hadoop.security.UserGroupInformation.doAs(UserGroupInformation.java:1899) [hadoop-common-3.3.6.jar:?]
	at org.apache.hadoop.ipc.Server$Handler.run(Server.java:3048) [hadoop-common-3.3.6.jar:?]
14:17:15.491 [IPC Server handler 10 on default port 15004] ERROR OMAudit - user=runner | ip=127.0.0.1 | op=GET_FILE_STATUS {volume=volume73660, bucket=bucket24382, key=level0/level3/level3, dataSize=0, replicationConfig=null} | ret=FAILURE
org.apache.hadoop.ozone.om.exceptions.OMException: Unable to get file status: volume: volume73660 bucket: bucket24382 key: level0/level3/level3
	at org.apache.hadoop.ozone.om.KeyManagerImpl.getOzoneFileStatusFSO(KeyManagerImpl.java:1356) ~[ozone-manager-1.4.0-SNAPSHOT.jar:?]
	at org.apache.hadoop.ozone.om.KeyManagerImpl.getFileStatus(KeyManagerImpl.java:1140) ~[ozone-manager-1.4.0-SNAPSHOT.jar:?]
	at org.apache.hadoop.ozone.om.OmMetadataReader.getFileStatus(OmMetadataReader.java:279) ~[ozone-manager-1.4.0-SNAPSHOT.jar:?]
	at org.apache.hadoop.ozone.om.OzoneManager.getFileStatus(OzoneManager.java:3629) ~[ozone-manager-1.4.0-SNAPSHOT.jar:?]
	at org.apache.hadoop.ozone.protocolPB.OzoneManagerRequestHandler.getOzoneFileStatus(OzoneManagerRequestHandler.java:1010) ~[ozone-manager-1.4.0-SNAPSHOT.jar:?]
	at org.apache.hadoop.ozone.protocolPB.OzoneManagerRequestHandler.handleReadRequest(OzoneManagerRequestHandler.java:262) ~[ozone-manager-1.4.0-SNAPSHOT.jar:?]
	at org.apache.hadoop.ozone.protocolPB.OzoneManagerProtocolServerSideTranslatorPB.submitReadRequestToOM(OzoneManagerProtocolServerSideTranslatorPB.java:265) ~[ozone-manager-1.4.0-SNAPSHOT.jar:?]
	at org.apache.hadoop.ozone.protocolPB.OzoneManagerProtocolServerSideTranslatorPB.internalProcessRequest(OzoneManagerProtocolServerSideTranslatorPB.java:211) ~[ozone-manager-1.4.0-SNAPSHOT.jar:?]
	at org.apache.hadoop.ozone.protocolPB.OzoneManagerProtocolServerSideTranslatorPB.processRequest(OzoneManagerProtocolServerSideTranslatorPB.java:171) ~[ozone-manager-1.4.0-SNAPSHOT.jar:?]
	at org.apache.hadoop.hdds.server.OzoneProtocolMessageDispatcher.processRequest(OzoneProtocolMessageDispatcher.java:89) [hdds-server-framework-1.4.0-SNAPSHOT.jar:?]
	at org.apache.hadoop.ozone.protocolPB.OzoneManagerProtocolServerSideTranslatorPB.submitRequest(OzoneManagerProtocolServerSideTranslatorPB.java:162) [ozone-manager-1.4.0-SNAPSHOT.jar:?]
	at org.apache.hadoop.ozone.protocol.proto.OzoneManagerProtocolProtos$OzoneManagerService$2.callBlockingMethod(OzoneManagerProtocolProtos.java) [ozone-interface-client-1.4.0-SNAPSHOT.jar:?]
	at org.apache.hadoop.ipc.ProtobufRpcEngine$Server.processCall(ProtobufRpcEngine.java:484) [hadoop-common-3.3.6.jar:?]
	at org.apache.hadoop.ipc.ProtobufRpcEngine2$Server$ProtoBufRpcInvoker.call(ProtobufRpcEngine2.java:595) [hadoop-common-3.3.6.jar:?]
	at org.apache.hadoop.ipc.ProtobufRpcEngine2$Server$ProtoBufRpcInvoker.call(ProtobufRpcEngine2.java:573) [hadoop-common-3.3.6.jar:?]
	at org.apache.hadoop.ipc.RPC$Server.call(RPC.java:1227) [hadoop-common-3.3.6.jar:?]
	at org.apache.hadoop.ipc.Server$RpcCall.run(Server.java:1094) [hadoop-common-3.3.6.jar:?]
	at org.apache.hadoop.ipc.Server$RpcCall.run(Server.java:1017) [hadoop-common-3.3.6.jar:?]
	at java.security.AccessController.doPrivileged(Native Method) ~[?:1.8.0_392]
	at javax.security.auth.Subject.doAs(Subject.java:422) [?:1.8.0_392]
	at org.apache.hadoop.security.UserGroupInformation.doAs(UserGroupInformation.java:1899) [hadoop-common-3.3.6.jar:?]
	at org.apache.hadoop.ipc.Server$Handler.run(Server.java:3048) [hadoop-common-3.3.6.jar:?]
14:17:15.492 [IPC Server handler 9 on default port 15004] ERROR OMAudit - user=runner | ip=127.0.0.1 | op=GET_FILE_STATUS {volume=volume73660, bucket=bucket24382, key=level0/level3/file1, dataSize=0, replicationConfig=null} | ret=FAILURE
org.apache.hadoop.ozone.om.exceptions.OMException: Unable to get file status: volume: volume73660 bucket: bucket24382 key: level0/level3/file1
	at org.apache.hadoop.ozone.om.KeyManagerImpl.getOzoneFileStatusFSO(KeyManagerImpl.java:1356) ~[ozone-manager-1.4.0-SNAPSHOT.jar:?]
	at org.apache.hadoop.ozone.om.KeyManagerImpl.getFileStatus(KeyManagerImpl.java:1140) ~[ozone-manager-1.4.0-SNAPSHOT.jar:?]
	at org.apache.hadoop.ozone.om.OmMetadataReader.getFileStatus(OmMetadataReader.java:279) ~[ozone-manager-1.4.0-SNAPSHOT.jar:?]
	at org.apache.hadoop.ozone.om.OzoneManager.getFileStatus(OzoneManager.java:3629) ~[ozone-manager-1.4.0-SNAPSHOT.jar:?]
	at org.apache.hadoop.ozone.protocolPB.OzoneManagerRequestHandler.getOzoneFileStatus(OzoneManagerRequestHandler.java:1010) ~[ozone-manager-1.4.0-SNAPSHOT.jar:?]
	at org.apache.hadoop.ozone.protocolPB.OzoneManagerRequestHandler.handleReadRequest(OzoneManagerRequestHandler.java:262) ~[ozone-manager-1.4.0-SNAPSHOT.jar:?]
	at org.apache.hadoop.ozone.protocolPB.OzoneManagerProtocolServerSideTranslatorPB.submitReadRequestToOM(OzoneManagerProtocolServerSideTranslatorPB.java:265) ~[ozone-manager-1.4.0-SNAPSHOT.jar:?]
	at org.apache.hadoop.ozone.protocolPB.OzoneManagerProtocolServerSideTranslatorPB.internalProcessRequest(OzoneManagerProtocolServerSideTranslatorPB.java:211) ~[ozone-manager-1.4.0-SNAPSHOT.jar:?]
	at org.apache.hadoop.ozone.protocolPB.OzoneManagerProtocolServerSideTranslatorPB.processRequest(OzoneManagerProtocolServerSideTranslatorPB.java:171) ~[ozone-manager-1.4.0-SNAPSHOT.jar:?]
	at org.apache.hadoop.hdds.server.OzoneProtocolMessageDispatcher.processRequest(OzoneProtocolMessageDispatcher.java:89) [hdds-server-framework-1.4.0-SNAPSHOT.jar:?]
	at org.apache.hadoop.ozone.protocolPB.OzoneManagerProtocolServerSideTranslatorPB.submitRequest(OzoneManagerProtocolServerSideTranslatorPB.java:162) [ozone-manager-1.4.0-SNAPSHOT.jar:?]
	at org.apache.hadoop.ozone.protocol.proto.OzoneManagerProtocolProtos$OzoneManagerService$2.callBlockingMethod(OzoneManagerProtocolProtos.java) [ozone-interface-client-1.4.0-SNAPSHOT.jar:?]
	at org.apache.hadoop.ipc.ProtobufRpcEngine$Server.processCall(ProtobufRpcEngine.java:484) [hadoop-common-3.3.6.jar:?]
	at org.apache.hadoop.ipc.ProtobufRpcEngine2$Server$ProtoBufRpcInvoker.call(ProtobufRpcEngine2.java:595) [hadoop-common-3.3.6.jar:?]
	at org.apache.hadoop.ipc.ProtobufRpcEngine2$Server$ProtoBufRpcInvoker.call(ProtobufRpcEngine2.java:573) [hadoop-common-3.3.6.jar:?]
	at org.apache.hadoop.ipc.RPC$Server.call(RPC.java:1227) [hadoop-common-3.3.6.jar:?]
	at org.apache.hadoop.ipc.Server$RpcCall.run(Server.java:1094) [hadoop-common-3.3.6.jar:?]
	at org.apache.hadoop.ipc.Server$RpcCall.run(Server.java:1017) [hadoop-common-3.3.6.jar:?]
	at java.security.AccessController.doPrivileged(Native Method) ~[?:1.8.0_392]
	at javax.security.auth.Subject.doAs(Subject.java:422) [?:1.8.0_392]
	at org.apache.hadoop.security.UserGroupInformation.doAs(UserGroupInformation.java:1899) [hadoop-common-3.3.6.jar:?]
	at org.apache.hadoop.ipc.Server$Handler.run(Server.java:3048) [hadoop-common-3.3.6.jar:?]
14:17:15.494 [IPC Server handler 12 on default port 15004] ERROR OMAudit - user=runner | ip=127.0.0.1 | op=GET_FILE_STATUS {volume=volume73660, bucket=bucket24382, key=level0/level3/level3/file1, dataSize=0, replicationConfig=null} | ret=FAILURE
org.apache.hadoop.ozone.om.exceptions.OMException: Unable to get file status: volume: volume73660 bucket: bucket24382 key: level0/level3/level3/file1
	at org.apache.hadoop.ozone.om.KeyManagerImpl.getOzoneFileStatusFSO(KeyManagerImpl.java:1356) ~[ozone-manager-1.4.0-SNAPSHOT.jar:?]
	at org.apache.hadoop.ozone.om.KeyManagerImpl.getFileStatus(KeyManagerImpl.java:1140) ~[ozone-manager-1.4.0-SNAPSHOT.jar:?]
	at org.apache.hadoop.ozone.om.OmMetadataReader.getFileStatus(OmMetadataReader.java:279) ~[ozone-manager-1.4.0-SNAPSHOT.jar:?]
	at org.apache.hadoop.ozone.om.OzoneManager.getFileStatus(OzoneManager.java:3629) ~[ozone-manager-1.4.0-SNAPSHOT.jar:?]
	at org.apache.hadoop.ozone.protocolPB.OzoneManagerRequestHandler.getOzoneFileStatus(OzoneManagerRequestHandler.java:1010) ~[ozone-manager-1.4.0-SNAPSHOT.jar:?]
	at org.apache.hadoop.ozone.protocolPB.OzoneManagerRequestHandler.handleReadRequest(OzoneManagerRequestHandler.java:262) ~[ozone-manager-1.4.0-SNAPSHOT.jar:?]
	at org.apache.hadoop.ozone.protocolPB.OzoneManagerProtocolServerSideTranslatorPB.submitReadRequestToOM(OzoneManagerProtocolServerSideTranslatorPB.java:265) ~[ozone-manager-1.4.0-SNAPSHOT.jar:?]
	at org.apache.hadoop.ozone.protocolPB.OzoneManagerProtocolServerSideTranslatorPB.internalProcessRequest(OzoneManagerProtocolServerSideTranslatorPB.java:211) ~[ozone-manager-1.4.0-SNAPSHOT.jar:?]
	at org.apache.hadoop.ozone.protocolPB.OzoneManagerProtocolServerSideTranslatorPB.processRequest(OzoneManagerProtocolServerSideTranslatorPB.java:171) ~[ozone-manager-1.4.0-SNAPSHOT.jar:?]
	at org.apache.hadoop.hdds.server.OzoneProtocolMessageDispatcher.processRequest(OzoneProtocolMessageDispatcher.java:89) [hdds-server-framework-1.4.0-SNAPSHOT.jar:?]
	at org.apache.hadoop.ozone.protocolPB.OzoneManagerProtocolServerSideTranslatorPB.submitRequest(OzoneManagerProtocolServerSideTranslatorPB.java:162) [ozone-manager-1.4.0-SNAPSHOT.jar:?]
	at org.apache.hadoop.ozone.protocol.proto.OzoneManagerProtocolProtos$OzoneManagerService$2.callBlockingMethod(OzoneManagerProtocolProtos.java) [ozone-interface-client-1.4.0-SNAPSHOT.jar:?]
	at org.apache.hadoop.ipc.ProtobufRpcEngine$Server.processCall(ProtobufRpcEngine.java:484) [hadoop-common-3.3.6.jar:?]
	at org.apache.hadoop.ipc.ProtobufRpcEngine2$Server$ProtoBufRpcInvoker.call(ProtobufRpcEngine2.java:595) [hadoop-common-3.3.6.jar:?]
	at org.apache.hadoop.ipc.ProtobufRpcEngine2$Server$ProtoBufRpcInvoker.call(ProtobufRpcEngine2.java:573) [hadoop-common-3.3.6.jar:?]
	at org.apache.hadoop.ipc.RPC$Server.call(RPC.java:1227) [hadoop-common-3.3.6.jar:?]
	at org.apache.hadoop.ipc.Server$RpcCall.run(Server.java:1094) [hadoop-common-3.3.6.jar:?]
	at org.apache.hadoop.ipc.Server$RpcCall.run(Server.java:1017) [hadoop-common-3.3.6.jar:?]
	at java.security.AccessController.doPrivileged(Native Method) ~[?:1.8.0_392]
	at javax.security.auth.Subject.doAs(Subject.java:422) [?:1.8.0_392]
	at org.apache.hadoop.security.UserGroupInformation.doAs(UserGroupInformation.java:1899) [hadoop-common-3.3.6.jar:?]
	at org.apache.hadoop.ipc.Server$Handler.run(Server.java:3048) [hadoop-common-3.3.6.jar:?]
]]></system-out>
  </testcase>
  <testcase name="testRecursiveDelete" classname="TestOzoneFileSystemWithFSO" time="0.138">
    <system-out><![CDATA[14:17:42.164 [IPC Server handler 2 on default port 15057] ERROR OMAudit - user=runner | ip=127.0.0.1 | op=DELETE_KEY {volume=volume48931, bucket=bucket54568, key=gdir1/pdir1, dataSize=0, replicationType=NONE, replicationFactor=ZERO} | ret=FAILURE
org.apache.hadoop.ozone.om.exceptions.OMException: Directory is not empty. Key:gdir1/pdir1
	at org.apache.hadoop.ozone.om.request.key.OMKeyDeleteRequestWithFSO.validateAndUpdateCache(OMKeyDeleteRequestWithFSO.java:142) ~[ozone-manager-1.4.0-SNAPSHOT.jar:?]
	at org.apache.hadoop.ozone.protocolPB.OzoneManagerRequestHandler.lambda$0(OzoneManagerRequestHandler.java:395) ~[ozone-manager-1.4.0-SNAPSHOT.jar:?]
	at org.apache.hadoop.util.MetricUtil.captureLatencyNs(MetricUtil.java:39) ~[hdds-common-1.4.0-SNAPSHOT.jar:?]
	at org.apache.hadoop.ozone.protocolPB.OzoneManagerRequestHandler.handleWriteRequest(OzoneManagerRequestHandler.java:393) ~[ozone-manager-1.4.0-SNAPSHOT.jar:?]
	at org.apache.hadoop.ozone.protocolPB.OzoneManagerProtocolServerSideTranslatorPB.submitRequestDirectlyToOM(OzoneManagerProtocolServerSideTranslatorPB.java:325) ~[ozone-manager-1.4.0-SNAPSHOT.jar:?]
	at org.apache.hadoop.ozone.protocolPB.OzoneManagerProtocolServerSideTranslatorPB.internalProcessRequest(OzoneManagerProtocolServerSideTranslatorPB.java:207) ~[ozone-manager-1.4.0-SNAPSHOT.jar:?]
	at org.apache.hadoop.ozone.protocolPB.OzoneManagerProtocolServerSideTranslatorPB.processRequest(OzoneManagerProtocolServerSideTranslatorPB.java:171) ~[ozone-manager-1.4.0-SNAPSHOT.jar:?]
	at org.apache.hadoop.hdds.server.OzoneProtocolMessageDispatcher.processRequest(OzoneProtocolMessageDispatcher.java:89) [hdds-server-framework-1.4.0-SNAPSHOT.jar:?]
	at org.apache.hadoop.ozone.protocolPB.OzoneManagerProtocolServerSideTranslatorPB.submitRequest(OzoneManagerProtocolServerSideTranslatorPB.java:162) [ozone-manager-1.4.0-SNAPSHOT.jar:?]
	at org.apache.hadoop.ozone.protocol.proto.OzoneManagerProtocolProtos$OzoneManagerService$2.callBlockingMethod(OzoneManagerProtocolProtos.java) [ozone-interface-client-1.4.0-SNAPSHOT.jar:?]
	at org.apache.hadoop.ipc.ProtobufRpcEngine$Server.processCall(ProtobufRpcEngine.java:484) [hadoop-common-3.3.6.jar:?]
	at org.apache.hadoop.ipc.ProtobufRpcEngine2$Server$ProtoBufRpcInvoker.call(ProtobufRpcEngine2.java:595) [hadoop-common-3.3.6.jar:?]
	at org.apache.hadoop.ipc.ProtobufRpcEngine2$Server$ProtoBufRpcInvoker.call(ProtobufRpcEngine2.java:573) [hadoop-common-3.3.6.jar:?]
	at org.apache.hadoop.ipc.RPC$Server.call(RPC.java:1227) [hadoop-common-3.3.6.jar:?]
	at org.apache.hadoop.ipc.Server$RpcCall.run(Server.java:1094) [hadoop-common-3.3.6.jar:?]
	at org.apache.hadoop.ipc.Server$RpcCall.run(Server.java:1017) [hadoop-common-3.3.6.jar:?]
	at java.security.AccessController.doPrivileged(Native Method) ~[?:1.8.0_392]
	at javax.security.auth.Subject.doAs(Subject.java:422) [?:1.8.0_392]
	at org.apache.hadoop.security.UserGroupInformation.doAs(UserGroupInformation.java:1899) [hadoop-common-3.3.6.jar:?]
	at org.apache.hadoop.ipc.Server$Handler.run(Server.java:3048) [hadoop-common-3.3.6.jar:?]
2023-11-20 14:17:42,164 [IPC Server handler 2 on default port 15057] ERROR key.OMKeyDeleteRequestWithFSO (OMKeyDeleteRequestWithFSO.java:validateAndUpdateCache(205)) - Key delete failed. Volume:volume48931, Bucket:bucket54568, Key:gdir1/pdir1.
DIRECTORY_NOT_EMPTY org.apache.hadoop.ozone.om.exceptions.OMException: Directory is not empty. Key:gdir1/pdir1
	at org.apache.hadoop.ozone.om.request.key.OMKeyDeleteRequestWithFSO.validateAndUpdateCache(OMKeyDeleteRequestWithFSO.java:142)
	at org.apache.hadoop.ozone.protocolPB.OzoneManagerRequestHandler.lambda$0(OzoneManagerRequestHandler.java:395)
	at org.apache.hadoop.util.MetricUtil.captureLatencyNs(MetricUtil.java:39)
	at org.apache.hadoop.ozone.protocolPB.OzoneManagerRequestHandler.handleWriteRequest(OzoneManagerRequestHandler.java:393)
	at org.apache.hadoop.ozone.protocolPB.OzoneManagerProtocolServerSideTranslatorPB.submitRequestDirectlyToOM(OzoneManagerProtocolServerSideTranslatorPB.java:325)
	at org.apache.hadoop.ozone.protocolPB.OzoneManagerProtocolServerSideTranslatorPB.internalProcessRequest(OzoneManagerProtocolServerSideTranslatorPB.java:207)
	at org.apache.hadoop.ozone.protocolPB.OzoneManagerProtocolServerSideTranslatorPB.processRequest(OzoneManagerProtocolServerSideTranslatorPB.java:171)
	at org.apache.hadoop.hdds.server.OzoneProtocolMessageDispatcher.processRequest(OzoneProtocolMessageDispatcher.java:89)
	at org.apache.hadoop.ozone.protocolPB.OzoneManagerProtocolServerSideTranslatorPB.submitRequest(OzoneManagerProtocolServerSideTranslatorPB.java:162)
	at org.apache.hadoop.ozone.protocol.proto.OzoneManagerProtocolProtos$OzoneManagerService$2.callBlockingMethod(OzoneManagerProtocolProtos.java)
	at org.apache.hadoop.ipc.ProtobufRpcEngine$Server.processCall(ProtobufRpcEngine.java:484)
	at org.apache.hadoop.ipc.ProtobufRpcEngine2$Server$ProtoBufRpcInvoker.call(ProtobufRpcEngine2.java:595)
	at org.apache.hadoop.ipc.ProtobufRpcEngine2$Server$ProtoBufRpcInvoker.call(ProtobufRpcEngine2.java:573)
	at org.apache.hadoop.ipc.RPC$Server.call(RPC.java:1227)
	at org.apache.hadoop.ipc.Server$RpcCall.run(Server.java:1094)
	at org.apache.hadoop.ipc.Server$RpcCall.run(Server.java:1017)
	at java.security.AccessController.doPrivileged(Native Method)
	at javax.security.auth.Subject.doAs(Subject.java:422)
	at org.apache.hadoop.security.UserGroupInformation.doAs(UserGroupInformation.java:1899)
	at org.apache.hadoop.ipc.Server$Handler.run(Server.java:3048)
2023-11-20 14:17:42,164 [Time-limited test] ERROR ozone.BasicOzoneClientAdapterImpl (BasicOzoneClientAdapterImpl.java:deleteObject(364)) - delete key failed Directory is not empty. Key:gdir1/pdir1
14:17:42.166 [IPC Server handler 3 on default port 15057] ERROR OMAudit - user=runner | ip=127.0.0.1 | op=DELETE_KEY {volume=volume48931, bucket=bucket54568, key=gdir1, dataSize=0, replicationType=NONE, replicationFactor=ZERO} | ret=FAILURE
org.apache.hadoop.ozone.om.exceptions.OMException: Directory is not empty. Key:gdir1
	at org.apache.hadoop.ozone.om.request.key.OMKeyDeleteRequestWithFSO.validateAndUpdateCache(OMKeyDeleteRequestWithFSO.java:142) ~[ozone-manager-1.4.0-SNAPSHOT.jar:?]
	at org.apache.hadoop.ozone.protocolPB.OzoneManagerRequestHandler.lambda$0(OzoneManagerRequestHandler.java:395) ~[ozone-manager-1.4.0-SNAPSHOT.jar:?]
	at org.apache.hadoop.util.MetricUtil.captureLatencyNs(MetricUtil.java:39) ~[hdds-common-1.4.0-SNAPSHOT.jar:?]
	at org.apache.hadoop.ozone.protocolPB.OzoneManagerRequestHandler.handleWriteRequest(OzoneManagerRequestHandler.java:393) ~[ozone-manager-1.4.0-SNAPSHOT.jar:?]
	at org.apache.hadoop.ozone.protocolPB.OzoneManagerProtocolServerSideTranslatorPB.submitRequestDirectlyToOM(OzoneManagerProtocolServerSideTranslatorPB.java:325) ~[ozone-manager-1.4.0-SNAPSHOT.jar:?]
	at org.apache.hadoop.ozone.protocolPB.OzoneManagerProtocolServerSideTranslatorPB.internalProcessRequest(OzoneManagerProtocolServerSideTranslatorPB.java:207) ~[ozone-manager-1.4.0-SNAPSHOT.jar:?]
	at org.apache.hadoop.ozone.protocolPB.OzoneManagerProtocolServerSideTranslatorPB.processRequest(OzoneManagerProtocolServerSideTranslatorPB.java:171) ~[ozone-manager-1.4.0-SNAPSHOT.jar:?]
	at org.apache.hadoop.hdds.server.OzoneProtocolMessageDispatcher.processRequest(OzoneProtocolMessageDispatcher.java:89) [hdds-server-framework-1.4.0-SNAPSHOT.jar:?]
	at org.apache.hadoop.ozone.protocolPB.OzoneManagerProtocolServerSideTranslatorPB.submitRequest(OzoneManagerProtocolServerSideTranslatorPB.java:162) [ozone-manager-1.4.0-SNAPSHOT.jar:?]
	at org.apache.hadoop.ozone.protocol.proto.OzoneManagerProtocolProtos$OzoneManagerService$2.callBlockingMethod(OzoneManagerProtocolProtos.java) [ozone-interface-client-1.4.0-SNAPSHOT.jar:?]
	at org.apache.hadoop.ipc.ProtobufRpcEngine$Server.processCall(ProtobufRpcEngine.java:484) [hadoop-common-3.3.6.jar:?]
	at org.apache.hadoop.ipc.ProtobufRpcEngine2$Server$ProtoBufRpcInvoker.call(ProtobufRpcEngine2.java:595) [hadoop-common-3.3.6.jar:?]
	at org.apache.hadoop.ipc.ProtobufRpcEngine2$Server$ProtoBufRpcInvoker.call(ProtobufRpcEngine2.java:573) [hadoop-common-3.3.6.jar:?]
	at org.apache.hadoop.ipc.RPC$Server.call(RPC.java:1227) [hadoop-common-3.3.6.jar:?]
	at org.apache.hadoop.ipc.Server$RpcCall.run(Server.java:1094) [hadoop-common-3.3.6.jar:?]
	at org.apache.hadoop.ipc.Server$RpcCall.run(Server.java:1017) [hadoop-common-3.3.6.jar:?]
	at java.security.AccessController.doPrivileged(Native Method) ~[?:1.8.0_392]
	at javax.security.auth.Subject.doAs(Subject.java:422) [?:1.8.0_392]
	at org.apache.hadoop.security.UserGroupInformation.doAs(UserGroupInformation.java:1899) [hadoop-common-3.3.6.jar:?]
	at org.apache.hadoop.ipc.Server$Handler.run(Server.java:3048) [hadoop-common-3.3.6.jar:?]
2023-11-20 14:17:42,167 [IPC Server handler 3 on default port 15057] ERROR key.OMKeyDeleteRequestWithFSO (OMKeyDeleteRequestWithFSO.java:validateAndUpdateCache(205)) - Key delete failed. Volume:volume48931, Bucket:bucket54568, Key:gdir1.
DIRECTORY_NOT_EMPTY org.apache.hadoop.ozone.om.exceptions.OMException: Directory is not empty. Key:gdir1
	at org.apache.hadoop.ozone.om.request.key.OMKeyDeleteRequestWithFSO.validateAndUpdateCache(OMKeyDeleteRequestWithFSO.java:142)
	at org.apache.hadoop.ozone.protocolPB.OzoneManagerRequestHandler.lambda$0(OzoneManagerRequestHandler.java:395)
	at org.apache.hadoop.util.MetricUtil.captureLatencyNs(MetricUtil.java:39)
	at org.apache.hadoop.ozone.protocolPB.OzoneManagerRequestHandler.handleWriteRequest(OzoneManagerRequestHandler.java:393)
	at org.apache.hadoop.ozone.protocolPB.OzoneManagerProtocolServerSideTranslatorPB.submitRequestDirectlyToOM(OzoneManagerProtocolServerSideTranslatorPB.java:325)
	at org.apache.hadoop.ozone.protocolPB.OzoneManagerProtocolServerSideTranslatorPB.internalProcessRequest(OzoneManagerProtocolServerSideTranslatorPB.java:207)
	at org.apache.hadoop.ozone.protocolPB.OzoneManagerProtocolServerSideTranslatorPB.processRequest(OzoneManagerProtocolServerSideTranslatorPB.java:171)
	at org.apache.hadoop.hdds.server.OzoneProtocolMessageDispatcher.processRequest(OzoneProtocolMessageDispatcher.java:89)
	at org.apache.hadoop.ozone.protocolPB.OzoneManagerProtocolServerSideTranslatorPB.submitRequest(OzoneManagerProtocolServerSideTranslatorPB.java:162)
	at org.apache.hadoop.ozone.protocol.proto.OzoneManagerProtocolProtos$OzoneManagerService$2.callBlockingMethod(OzoneManagerProtocolProtos.java)
	at org.apache.hadoop.ipc.ProtobufRpcEngine$Server.processCall(ProtobufRpcEngine.java:484)
	at org.apache.hadoop.ipc.ProtobufRpcEngine2$Server$ProtoBufRpcInvoker.call(ProtobufRpcEngine2.java:595)
	at org.apache.hadoop.ipc.ProtobufRpcEngine2$Server$ProtoBufRpcInvoker.call(ProtobufRpcEngine2.java:573)
	at org.apache.hadoop.ipc.RPC$Server.call(RPC.java:1227)
	at org.apache.hadoop.ipc.Server$RpcCall.run(Server.java:1094)
	at org.apache.hadoop.ipc.Server$RpcCall.run(Server.java:1017)
	at java.security.AccessController.doPrivileged(Native Method)
	at javax.security.auth.Subject.doAs(Subject.java:422)
	at org.apache.hadoop.security.UserGroupInformation.doAs(UserGroupInformation.java:1899)
	at org.apache.hadoop.ipc.Server$Handler.run(Server.java:3048)
2023-11-20 14:17:42,167 [Time-limited test] ERROR ozone.BasicOzoneClientAdapterImpl (BasicOzoneClientAdapterImpl.java:deleteObject(364)) - delete key failed Directory is not empty. Key:gdir1
14:17:42.169 [IPC Server handler 5 on default port 15057] ERROR OMAudit - user=runner | ip=127.0.0.1 | op=GET_FILE_STATUS {volume=volume48931, bucket=bucket54568, key=gdir1, dataSize=0, replicationConfig=null} | ret=FAILURE
org.apache.hadoop.ozone.om.exceptions.OMException: Unable to get file status: volume: volume48931 bucket: bucket54568 key: gdir1
	at org.apache.hadoop.ozone.om.KeyManagerImpl.getOzoneFileStatusFSO(KeyManagerImpl.java:1356) ~[ozone-manager-1.4.0-SNAPSHOT.jar:?]
	at org.apache.hadoop.ozone.om.KeyManagerImpl.getFileStatus(KeyManagerImpl.java:1140) ~[ozone-manager-1.4.0-SNAPSHOT.jar:?]
	at org.apache.hadoop.ozone.om.OmMetadataReader.getFileStatus(OmMetadataReader.java:279) ~[ozone-manager-1.4.0-SNAPSHOT.jar:?]
	at org.apache.hadoop.ozone.om.OzoneManager.getFileStatus(OzoneManager.java:3629) ~[ozone-manager-1.4.0-SNAPSHOT.jar:?]
	at org.apache.hadoop.ozone.protocolPB.OzoneManagerRequestHandler.getOzoneFileStatus(OzoneManagerRequestHandler.java:1010) ~[ozone-manager-1.4.0-SNAPSHOT.jar:?]
	at org.apache.hadoop.ozone.protocolPB.OzoneManagerRequestHandler.handleReadRequest(OzoneManagerRequestHandler.java:262) ~[ozone-manager-1.4.0-SNAPSHOT.jar:?]
	at org.apache.hadoop.ozone.protocolPB.OzoneManagerProtocolServerSideTranslatorPB.submitRequestDirectlyToOM(OzoneManagerProtocolServerSideTranslatorPB.java:319) ~[ozone-manager-1.4.0-SNAPSHOT.jar:?]
	at org.apache.hadoop.ozone.protocolPB.OzoneManagerProtocolServerSideTranslatorPB.internalProcessRequest(OzoneManagerProtocolServerSideTranslatorPB.java:207) ~[ozone-manager-1.4.0-SNAPSHOT.jar:?]
	at org.apache.hadoop.ozone.protocolPB.OzoneManagerProtocolServerSideTranslatorPB.processRequest(OzoneManagerProtocolServerSideTranslatorPB.java:171) ~[ozone-manager-1.4.0-SNAPSHOT.jar:?]
	at org.apache.hadoop.hdds.server.OzoneProtocolMessageDispatcher.processRequest(OzoneProtocolMessageDispatcher.java:89) [hdds-server-framework-1.4.0-SNAPSHOT.jar:?]
	at org.apache.hadoop.ozone.protocolPB.OzoneManagerProtocolServerSideTranslatorPB.submitRequest(OzoneManagerProtocolServerSideTranslatorPB.java:162) [ozone-manager-1.4.0-SNAPSHOT.jar:?]
	at org.apache.hadoop.ozone.protocol.proto.OzoneManagerProtocolProtos$OzoneManagerService$2.callBlockingMethod(OzoneManagerProtocolProtos.java) [ozone-interface-client-1.4.0-SNAPSHOT.jar:?]
	at org.apache.hadoop.ipc.ProtobufRpcEngine$Server.processCall(ProtobufRpcEngine.java:484) [hadoop-common-3.3.6.jar:?]
	at org.apache.hadoop.ipc.ProtobufRpcEngine2$Server$ProtoBufRpcInvoker.call(ProtobufRpcEngine2.java:595) [hadoop-common-3.3.6.jar:?]
	at org.apache.hadoop.ipc.ProtobufRpcEngine2$Server$ProtoBufRpcInvoker.call(ProtobufRpcEngine2.java:573) [hadoop-common-3.3.6.jar:?]
	at org.apache.hadoop.ipc.RPC$Server.call(RPC.java:1227) [hadoop-common-3.3.6.jar:?]
	at org.apache.hadoop.ipc.Server$RpcCall.run(Server.java:1094) [hadoop-common-3.3.6.jar:?]
	at org.apache.hadoop.ipc.Server$RpcCall.run(Server.java:1017) [hadoop-common-3.3.6.jar:?]
	at java.security.AccessController.doPrivileged(Native Method) ~[?:1.8.0_392]
	at javax.security.auth.Subject.doAs(Subject.java:422) [?:1.8.0_392]
	at org.apache.hadoop.security.UserGroupInformation.doAs(UserGroupInformation.java:1899) [hadoop-common-3.3.6.jar:?]
	at org.apache.hadoop.ipc.Server$Handler.run(Server.java:3048) [hadoop-common-3.3.6.jar:?]
14:17:42.170 [IPC Server handler 6 on default port 15057] ERROR OMAudit - user=runner | ip=127.0.0.1 | op=GET_FILE_STATUS {volume=volume48931, bucket=bucket54568, key=gdir1/dir1, dataSize=0, replicationConfig=null} | ret=FAILURE
org.apache.hadoop.ozone.om.exceptions.OMException: Unable to get file status: volume: volume48931 bucket: bucket54568 key: gdir1/dir1
	at org.apache.hadoop.ozone.om.KeyManagerImpl.getOzoneFileStatusFSO(KeyManagerImpl.java:1356) ~[ozone-manager-1.4.0-SNAPSHOT.jar:?]
	at org.apache.hadoop.ozone.om.KeyManagerImpl.getFileStatus(KeyManagerImpl.java:1140) ~[ozone-manager-1.4.0-SNAPSHOT.jar:?]
	at org.apache.hadoop.ozone.om.OmMetadataReader.getFileStatus(OmMetadataReader.java:279) ~[ozone-manager-1.4.0-SNAPSHOT.jar:?]
	at org.apache.hadoop.ozone.om.OzoneManager.getFileStatus(OzoneManager.java:3629) ~[ozone-manager-1.4.0-SNAPSHOT.jar:?]
	at org.apache.hadoop.ozone.protocolPB.OzoneManagerRequestHandler.getOzoneFileStatus(OzoneManagerRequestHandler.java:1010) ~[ozone-manager-1.4.0-SNAPSHOT.jar:?]
	at org.apache.hadoop.ozone.protocolPB.OzoneManagerRequestHandler.handleReadRequest(OzoneManagerRequestHandler.java:262) ~[ozone-manager-1.4.0-SNAPSHOT.jar:?]
	at org.apache.hadoop.ozone.protocolPB.OzoneManagerProtocolServerSideTranslatorPB.submitRequestDirectlyToOM(OzoneManagerProtocolServerSideTranslatorPB.java:319) ~[ozone-manager-1.4.0-SNAPSHOT.jar:?]
	at org.apache.hadoop.ozone.protocolPB.OzoneManagerProtocolServerSideTranslatorPB.internalProcessRequest(OzoneManagerProtocolServerSideTranslatorPB.java:207) ~[ozone-manager-1.4.0-SNAPSHOT.jar:?]
	at org.apache.hadoop.ozone.protocolPB.OzoneManagerProtocolServerSideTranslatorPB.processRequest(OzoneManagerProtocolServerSideTranslatorPB.java:171) ~[ozone-manager-1.4.0-SNAPSHOT.jar:?]
	at org.apache.hadoop.hdds.server.OzoneProtocolMessageDispatcher.processRequest(OzoneProtocolMessageDispatcher.java:89) [hdds-server-framework-1.4.0-SNAPSHOT.jar:?]
	at org.apache.hadoop.ozone.protocolPB.OzoneManagerProtocolServerSideTranslatorPB.submitRequest(OzoneManagerProtocolServerSideTranslatorPB.java:162) [ozone-manager-1.4.0-SNAPSHOT.jar:?]
	at org.apache.hadoop.ozone.protocol.proto.OzoneManagerProtocolProtos$OzoneManagerService$2.callBlockingMethod(OzoneManagerProtocolProtos.java) [ozone-interface-client-1.4.0-SNAPSHOT.jar:?]
	at org.apache.hadoop.ipc.ProtobufRpcEngine$Server.processCall(ProtobufRpcEngine.java:484) [hadoop-common-3.3.6.jar:?]
	at org.apache.hadoop.ipc.ProtobufRpcEngine2$Server$ProtoBufRpcInvoker.call(ProtobufRpcEngine2.java:595) [hadoop-common-3.3.6.jar:?]
	at org.apache.hadoop.ipc.ProtobufRpcEngine2$Server$ProtoBufRpcInvoker.call(ProtobufRpcEngine2.java:573) [hadoop-common-3.3.6.jar:?]
	at org.apache.hadoop.ipc.RPC$Server.call(RPC.java:1227) [hadoop-common-3.3.6.jar:?]
	at org.apache.hadoop.ipc.Server$RpcCall.run(Server.java:1094) [hadoop-common-3.3.6.jar:?]
	at org.apache.hadoop.ipc.Server$RpcCall.run(Server.java:1017) [hadoop-common-3.3.6.jar:?]
	at java.security.AccessController.doPrivileged(Native Method) ~[?:1.8.0_392]
	at javax.security.auth.Subject.doAs(Subject.java:422) [?:1.8.0_392]
	at org.apache.hadoop.security.UserGroupInformation.doAs(UserGroupInformation.java:1899) [hadoop-common-3.3.6.jar:?]
	at org.apache.hadoop.ipc.Server$Handler.run(Server.java:3048) [hadoop-common-3.3.6.jar:?]
14:17:42.171 [IPC Server handler 7 on default port 15057] ERROR OMAudit - user=runner | ip=127.0.0.1 | op=GET_FILE_STATUS {volume=volume48931, bucket=bucket54568, key=gdir1/dir1/child, dataSize=0, replicationConfig=null} | ret=FAILURE
org.apache.hadoop.ozone.om.exceptions.OMException: Unable to get file status: volume: volume48931 bucket: bucket54568 key: gdir1/dir1/child
	at org.apache.hadoop.ozone.om.KeyManagerImpl.getOzoneFileStatusFSO(KeyManagerImpl.java:1356) ~[ozone-manager-1.4.0-SNAPSHOT.jar:?]
	at org.apache.hadoop.ozone.om.KeyManagerImpl.getFileStatus(KeyManagerImpl.java:1140) ~[ozone-manager-1.4.0-SNAPSHOT.jar:?]
	at org.apache.hadoop.ozone.om.OmMetadataReader.getFileStatus(OmMetadataReader.java:279) ~[ozone-manager-1.4.0-SNAPSHOT.jar:?]
	at org.apache.hadoop.ozone.om.OzoneManager.getFileStatus(OzoneManager.java:3629) ~[ozone-manager-1.4.0-SNAPSHOT.jar:?]
	at org.apache.hadoop.ozone.protocolPB.OzoneManagerRequestHandler.getOzoneFileStatus(OzoneManagerRequestHandler.java:1010) ~[ozone-manager-1.4.0-SNAPSHOT.jar:?]
	at org.apache.hadoop.ozone.protocolPB.OzoneManagerRequestHandler.handleReadRequest(OzoneManagerRequestHandler.java:262) ~[ozone-manager-1.4.0-SNAPSHOT.jar:?]
	at org.apache.hadoop.ozone.protocolPB.OzoneManagerProtocolServerSideTranslatorPB.submitRequestDirectlyToOM(OzoneManagerProtocolServerSideTranslatorPB.java:319) ~[ozone-manager-1.4.0-SNAPSHOT.jar:?]
	at org.apache.hadoop.ozone.protocolPB.OzoneManagerProtocolServerSideTranslatorPB.internalProcessRequest(OzoneManagerProtocolServerSideTranslatorPB.java:207) ~[ozone-manager-1.4.0-SNAPSHOT.jar:?]
	at org.apache.hadoop.ozone.protocolPB.OzoneManagerProtocolServerSideTranslatorPB.processRequest(OzoneManagerProtocolServerSideTranslatorPB.java:171) ~[ozone-manager-1.4.0-SNAPSHOT.jar:?]
	at org.apache.hadoop.hdds.server.OzoneProtocolMessageDispatcher.processRequest(OzoneProtocolMessageDispatcher.java:89) [hdds-server-framework-1.4.0-SNAPSHOT.jar:?]
	at org.apache.hadoop.ozone.protocolPB.OzoneManagerProtocolServerSideTranslatorPB.submitRequest(OzoneManagerProtocolServerSideTranslatorPB.java:162) [ozone-manager-1.4.0-SNAPSHOT.jar:?]
	at org.apache.hadoop.ozone.protocol.proto.OzoneManagerProtocolProtos$OzoneManagerService$2.callBlockingMethod(OzoneManagerProtocolProtos.java) [ozone-interface-client-1.4.0-SNAPSHOT.jar:?]
	at org.apache.hadoop.ipc.ProtobufRpcEngine$Server.processCall(ProtobufRpcEngine.java:484) [hadoop-common-3.3.6.jar:?]
	at org.apache.hadoop.ipc.ProtobufRpcEngine2$Server$ProtoBufRpcInvoker.call(ProtobufRpcEngine2.java:595) [hadoop-common-3.3.6.jar:?]
	at org.apache.hadoop.ipc.ProtobufRpcEngine2$Server$ProtoBufRpcInvoker.call(ProtobufRpcEngine2.java:573) [hadoop-common-3.3.6.jar:?]
	at org.apache.hadoop.ipc.RPC$Server.call(RPC.java:1227) [hadoop-common-3.3.6.jar:?]
	at org.apache.hadoop.ipc.Server$RpcCall.run(Server.java:1094) [hadoop-common-3.3.6.jar:?]
	at org.apache.hadoop.ipc.Server$RpcCall.run(Server.java:1017) [hadoop-common-3.3.6.jar:?]
	at java.security.AccessController.doPrivileged(Native Method) ~[?:1.8.0_392]
	at javax.security.auth.Subject.doAs(Subject.java:422) [?:1.8.0_392]
	at org.apache.hadoop.security.UserGroupInformation.doAs(UserGroupInformation.java:1899) [hadoop-common-3.3.6.jar:?]
	at org.apache.hadoop.ipc.Server$Handler.run(Server.java:3048) [hadoop-common-3.3.6.jar:?]
14:17:42.172 [IPC Server handler 8 on default port 15057] ERROR OMAudit - user=runner | ip=127.0.0.1 | op=GET_FILE_STATUS {volume=volume48931, bucket=bucket54568, key=gdir1/dir2, dataSize=0, replicationConfig=null} | ret=FAILURE
org.apache.hadoop.ozone.om.exceptions.OMException: Unable to get file status: volume: volume48931 bucket: bucket54568 key: gdir1/dir2
	at org.apache.hadoop.ozone.om.KeyManagerImpl.getOzoneFileStatusFSO(KeyManagerImpl.java:1356) ~[ozone-manager-1.4.0-SNAPSHOT.jar:?]
	at org.apache.hadoop.ozone.om.KeyManagerImpl.getFileStatus(KeyManagerImpl.java:1140) ~[ozone-manager-1.4.0-SNAPSHOT.jar:?]
	at org.apache.hadoop.ozone.om.OmMetadataReader.getFileStatus(OmMetadataReader.java:279) ~[ozone-manager-1.4.0-SNAPSHOT.jar:?]
	at org.apache.hadoop.ozone.om.OzoneManager.getFileStatus(OzoneManager.java:3629) ~[ozone-manager-1.4.0-SNAPSHOT.jar:?]
	at org.apache.hadoop.ozone.protocolPB.OzoneManagerRequestHandler.getOzoneFileStatus(OzoneManagerRequestHandler.java:1010) ~[ozone-manager-1.4.0-SNAPSHOT.jar:?]
	at org.apache.hadoop.ozone.protocolPB.OzoneManagerRequestHandler.handleReadRequest(OzoneManagerRequestHandler.java:262) ~[ozone-manager-1.4.0-SNAPSHOT.jar:?]
	at org.apache.hadoop.ozone.protocolPB.OzoneManagerProtocolServerSideTranslatorPB.submitRequestDirectlyToOM(OzoneManagerProtocolServerSideTranslatorPB.java:319) ~[ozone-manager-1.4.0-SNAPSHOT.jar:?]
	at org.apache.hadoop.ozone.protocolPB.OzoneManagerProtocolServerSideTranslatorPB.internalProcessRequest(OzoneManagerProtocolServerSideTranslatorPB.java:207) ~[ozone-manager-1.4.0-SNAPSHOT.jar:?]
	at org.apache.hadoop.ozone.protocolPB.OzoneManagerProtocolServerSideTranslatorPB.processRequest(OzoneManagerProtocolServerSideTranslatorPB.java:171) ~[ozone-manager-1.4.0-SNAPSHOT.jar:?]
	at org.apache.hadoop.hdds.server.OzoneProtocolMessageDispatcher.processRequest(OzoneProtocolMessageDispatcher.java:89) [hdds-server-framework-1.4.0-SNAPSHOT.jar:?]
	at org.apache.hadoop.ozone.protocolPB.OzoneManagerProtocolServerSideTranslatorPB.submitRequest(OzoneManagerProtocolServerSideTranslatorPB.java:162) [ozone-manager-1.4.0-SNAPSHOT.jar:?]
	at org.apache.hadoop.ozone.protocol.proto.OzoneManagerProtocolProtos$OzoneManagerService$2.callBlockingMethod(OzoneManagerProtocolProtos.java) [ozone-interface-client-1.4.0-SNAPSHOT.jar:?]
	at org.apache.hadoop.ipc.ProtobufRpcEngine$Server.processCall(ProtobufRpcEngine.java:484) [hadoop-common-3.3.6.jar:?]
	at org.apache.hadoop.ipc.ProtobufRpcEngine2$Server$ProtoBufRpcInvoker.call(ProtobufRpcEngine2.java:595) [hadoop-common-3.3.6.jar:?]
	at org.apache.hadoop.ipc.ProtobufRpcEngine2$Server$ProtoBufRpcInvoker.call(ProtobufRpcEngine2.java:573) [hadoop-common-3.3.6.jar:?]
	at org.apache.hadoop.ipc.RPC$Server.call(RPC.java:1227) [hadoop-common-3.3.6.jar:?]
	at org.apache.hadoop.ipc.Server$RpcCall.run(Server.java:1094) [hadoop-common-3.3.6.jar:?]
	at org.apache.hadoop.ipc.Server$RpcCall.run(Server.java:1017) [hadoop-common-3.3.6.jar:?]
	at java.security.AccessController.doPrivileged(Native Method) ~[?:1.8.0_392]
	at javax.security.auth.Subject.doAs(Subject.java:422) [?:1.8.0_392]
	at org.apache.hadoop.security.UserGroupInformation.doAs(UserGroupInformation.java:1899) [hadoop-common-3.3.6.jar:?]
	at org.apache.hadoop.ipc.Server$Handler.run(Server.java:3048) [hadoop-common-3.3.6.jar:?]
14:17:42.173 [IPC Server handler 9 on default port 15057] ERROR OMAudit - user=runner | ip=127.0.0.1 | op=GET_FILE_STATUS {volume=volume48931, bucket=bucket54568, key=gdir1/dir2/child, dataSize=0, replicationConfig=null} | ret=FAILURE
org.apache.hadoop.ozone.om.exceptions.OMException: Unable to get file status: volume: volume48931 bucket: bucket54568 key: gdir1/dir2/child
	at org.apache.hadoop.ozone.om.KeyManagerImpl.getOzoneFileStatusFSO(KeyManagerImpl.java:1356) ~[ozone-manager-1.4.0-SNAPSHOT.jar:?]
	at org.apache.hadoop.ozone.om.KeyManagerImpl.getFileStatus(KeyManagerImpl.java:1140) ~[ozone-manager-1.4.0-SNAPSHOT.jar:?]
	at org.apache.hadoop.ozone.om.OmMetadataReader.getFileStatus(OmMetadataReader.java:279) ~[ozone-manager-1.4.0-SNAPSHOT.jar:?]
	at org.apache.hadoop.ozone.om.OzoneManager.getFileStatus(OzoneManager.java:3629) ~[ozone-manager-1.4.0-SNAPSHOT.jar:?]
	at org.apache.hadoop.ozone.protocolPB.OzoneManagerRequestHandler.getOzoneFileStatus(OzoneManagerRequestHandler.java:1010) ~[ozone-manager-1.4.0-SNAPSHOT.jar:?]
	at org.apache.hadoop.ozone.protocolPB.OzoneManagerRequestHandler.handleReadRequest(OzoneManagerRequestHandler.java:262) ~[ozone-manager-1.4.0-SNAPSHOT.jar:?]
	at org.apache.hadoop.ozone.protocolPB.OzoneManagerProtocolServerSideTranslatorPB.submitRequestDirectlyToOM(OzoneManagerProtocolServerSideTranslatorPB.java:319) ~[ozone-manager-1.4.0-SNAPSHOT.jar:?]
	at org.apache.hadoop.ozone.protocolPB.OzoneManagerProtocolServerSideTranslatorPB.internalProcessRequest(OzoneManagerProtocolServerSideTranslatorPB.java:207) ~[ozone-manager-1.4.0-SNAPSHOT.jar:?]
	at org.apache.hadoop.ozone.protocolPB.OzoneManagerProtocolServerSideTranslatorPB.processRequest(OzoneManagerProtocolServerSideTranslatorPB.java:171) ~[ozone-manager-1.4.0-SNAPSHOT.jar:?]
	at org.apache.hadoop.hdds.server.OzoneProtocolMessageDispatcher.processRequest(OzoneProtocolMessageDispatcher.java:89) [hdds-server-framework-1.4.0-SNAPSHOT.jar:?]
	at org.apache.hadoop.ozone.protocolPB.OzoneManagerProtocolServerSideTranslatorPB.submitRequest(OzoneManagerProtocolServerSideTranslatorPB.java:162) [ozone-manager-1.4.0-SNAPSHOT.jar:?]
	at org.apache.hadoop.ozone.protocol.proto.OzoneManagerProtocolProtos$OzoneManagerService$2.callBlockingMethod(OzoneManagerProtocolProtos.java) [ozone-interface-client-1.4.0-SNAPSHOT.jar:?]
	at org.apache.hadoop.ipc.ProtobufRpcEngine$Server.processCall(ProtobufRpcEngine.java:484) [hadoop-common-3.3.6.jar:?]
	at org.apache.hadoop.ipc.ProtobufRpcEngine2$Server$ProtoBufRpcInvoker.call(ProtobufRpcEngine2.java:595) [hadoop-common-3.3.6.jar:?]
	at org.apache.hadoop.ipc.ProtobufRpcEngine2$Server$ProtoBufRpcInvoker.call(ProtobufRpcEngine2.java:573) [hadoop-common-3.3.6.jar:?]
	at org.apache.hadoop.ipc.RPC$Server.call(RPC.java:1227) [hadoop-common-3.3.6.jar:?]
	at org.apache.hadoop.ipc.Server$RpcCall.run(Server.java:1094) [hadoop-common-3.3.6.jar:?]
	at org.apache.hadoop.ipc.Server$RpcCall.run(Server.java:1017) [hadoop-common-3.3.6.jar:?]
	at java.security.AccessController.doPrivileged(Native Method) ~[?:1.8.0_392]
	at javax.security.auth.Subject.doAs(Subject.java:422) [?:1.8.0_392]
	at org.apache.hadoop.security.UserGroupInformation.doAs(UserGroupInformation.java:1899) [hadoop-common-3.3.6.jar:?]
	at org.apache.hadoop.ipc.Server$Handler.run(Server.java:3048) [hadoop-common-3.3.6.jar:?]
14:17:42.174 [IPC Server handler 10 on default port 15057] ERROR OMAudit - user=runner | ip=127.0.0.1 | op=GET_FILE_STATUS {volume=volume48931, bucket=bucket54568, key=gdir1/dir3, dataSize=0, replicationConfig=null} | ret=FAILURE
org.apache.hadoop.ozone.om.exceptions.OMException: Unable to get file status: volume: volume48931 bucket: bucket54568 key: gdir1/dir3
	at org.apache.hadoop.ozone.om.KeyManagerImpl.getOzoneFileStatusFSO(KeyManagerImpl.java:1356) ~[ozone-manager-1.4.0-SNAPSHOT.jar:?]
	at org.apache.hadoop.ozone.om.KeyManagerImpl.getFileStatus(KeyManagerImpl.java:1140) ~[ozone-manager-1.4.0-SNAPSHOT.jar:?]
	at org.apache.hadoop.ozone.om.OmMetadataReader.getFileStatus(OmMetadataReader.java:279) ~[ozone-manager-1.4.0-SNAPSHOT.jar:?]
	at org.apache.hadoop.ozone.om.OzoneManager.getFileStatus(OzoneManager.java:3629) ~[ozone-manager-1.4.0-SNAPSHOT.jar:?]
	at org.apache.hadoop.ozone.protocolPB.OzoneManagerRequestHandler.getOzoneFileStatus(OzoneManagerRequestHandler.java:1010) ~[ozone-manager-1.4.0-SNAPSHOT.jar:?]
	at org.apache.hadoop.ozone.protocolPB.OzoneManagerRequestHandler.handleReadRequest(OzoneManagerRequestHandler.java:262) ~[ozone-manager-1.4.0-SNAPSHOT.jar:?]
	at org.apache.hadoop.ozone.protocolPB.OzoneManagerProtocolServerSideTranslatorPB.submitRequestDirectlyToOM(OzoneManagerProtocolServerSideTranslatorPB.java:319) ~[ozone-manager-1.4.0-SNAPSHOT.jar:?]
	at org.apache.hadoop.ozone.protocolPB.OzoneManagerProtocolServerSideTranslatorPB.internalProcessRequest(OzoneManagerProtocolServerSideTranslatorPB.java:207) ~[ozone-manager-1.4.0-SNAPSHOT.jar:?]
	at org.apache.hadoop.ozone.protocolPB.OzoneManagerProtocolServerSideTranslatorPB.processRequest(OzoneManagerProtocolServerSideTranslatorPB.java:171) ~[ozone-manager-1.4.0-SNAPSHOT.jar:?]
	at org.apache.hadoop.hdds.server.OzoneProtocolMessageDispatcher.processRequest(OzoneProtocolMessageDispatcher.java:89) [hdds-server-framework-1.4.0-SNAPSHOT.jar:?]
	at org.apache.hadoop.ozone.protocolPB.OzoneManagerProtocolServerSideTranslatorPB.submitRequest(OzoneManagerProtocolServerSideTranslatorPB.java:162) [ozone-manager-1.4.0-SNAPSHOT.jar:?]
	at org.apache.hadoop.ozone.protocol.proto.OzoneManagerProtocolProtos$OzoneManagerService$2.callBlockingMethod(OzoneManagerProtocolProtos.java) [ozone-interface-client-1.4.0-SNAPSHOT.jar:?]
	at org.apache.hadoop.ipc.ProtobufRpcEngine$Server.processCall(ProtobufRpcEngine.java:484) [hadoop-common-3.3.6.jar:?]
	at org.apache.hadoop.ipc.ProtobufRpcEngine2$Server$ProtoBufRpcInvoker.call(ProtobufRpcEngine2.java:595) [hadoop-common-3.3.6.jar:?]
	at org.apache.hadoop.ipc.ProtobufRpcEngine2$Server$ProtoBufRpcInvoker.call(ProtobufRpcEngine2.java:573) [hadoop-common-3.3.6.jar:?]
	at org.apache.hadoop.ipc.RPC$Server.call(RPC.java:1227) [hadoop-common-3.3.6.jar:?]
	at org.apache.hadoop.ipc.Server$RpcCall.run(Server.java:1094) [hadoop-common-3.3.6.jar:?]
	at org.apache.hadoop.ipc.Server$RpcCall.run(Server.java:1017) [hadoop-common-3.3.6.jar:?]
	at java.security.AccessController.doPrivileged(Native Method) ~[?:1.8.0_392]
	at javax.security.auth.Subject.doAs(Subject.java:422) [?:1.8.0_392]
	at org.apache.hadoop.security.UserGroupInformation.doAs(UserGroupInformation.java:1899) [hadoop-common-3.3.6.jar:?]
	at org.apache.hadoop.ipc.Server$Handler.run(Server.java:3048) [hadoop-common-3.3.6.jar:?]
14:17:42.175 [IPC Server handler 11 on default port 15057] ERROR OMAudit - user=runner | ip=127.0.0.1 | op=GET_FILE_STATUS {volume=volume48931, bucket=bucket54568, key=gdir1/dir3/child, dataSize=0, replicationConfig=null} | ret=FAILURE
org.apache.hadoop.ozone.om.exceptions.OMException: Unable to get file status: volume: volume48931 bucket: bucket54568 key: gdir1/dir3/child
	at org.apache.hadoop.ozone.om.KeyManagerImpl.getOzoneFileStatusFSO(KeyManagerImpl.java:1356) ~[ozone-manager-1.4.0-SNAPSHOT.jar:?]
	at org.apache.hadoop.ozone.om.KeyManagerImpl.getFileStatus(KeyManagerImpl.java:1140) ~[ozone-manager-1.4.0-SNAPSHOT.jar:?]
	at org.apache.hadoop.ozone.om.OmMetadataReader.getFileStatus(OmMetadataReader.java:279) ~[ozone-manager-1.4.0-SNAPSHOT.jar:?]
	at org.apache.hadoop.ozone.om.OzoneManager.getFileStatus(OzoneManager.java:3629) ~[ozone-manager-1.4.0-SNAPSHOT.jar:?]
	at org.apache.hadoop.ozone.protocolPB.OzoneManagerRequestHandler.getOzoneFileStatus(OzoneManagerRequestHandler.java:1010) ~[ozone-manager-1.4.0-SNAPSHOT.jar:?]
	at org.apache.hadoop.ozone.protocolPB.OzoneManagerRequestHandler.handleReadRequest(OzoneManagerRequestHandler.java:262) ~[ozone-manager-1.4.0-SNAPSHOT.jar:?]
	at org.apache.hadoop.ozone.protocolPB.OzoneManagerProtocolServerSideTranslatorPB.submitRequestDirectlyToOM(OzoneManagerProtocolServerSideTranslatorPB.java:319) ~[ozone-manager-1.4.0-SNAPSHOT.jar:?]
	at org.apache.hadoop.ozone.protocolPB.OzoneManagerProtocolServerSideTranslatorPB.internalProcessRequest(OzoneManagerProtocolServerSideTranslatorPB.java:207) ~[ozone-manager-1.4.0-SNAPSHOT.jar:?]
	at org.apache.hadoop.ozone.protocolPB.OzoneManagerProtocolServerSideTranslatorPB.processRequest(OzoneManagerProtocolServerSideTranslatorPB.java:171) ~[ozone-manager-1.4.0-SNAPSHOT.jar:?]
	at org.apache.hadoop.hdds.server.OzoneProtocolMessageDispatcher.processRequest(OzoneProtocolMessageDispatcher.java:89) [hdds-server-framework-1.4.0-SNAPSHOT.jar:?]
	at org.apache.hadoop.ozone.protocolPB.OzoneManagerProtocolServerSideTranslatorPB.submitRequest(OzoneManagerProtocolServerSideTranslatorPB.java:162) [ozone-manager-1.4.0-SNAPSHOT.jar:?]
	at org.apache.hadoop.ozone.protocol.proto.OzoneManagerProtocolProtos$OzoneManagerService$2.callBlockingMethod(OzoneManagerProtocolProtos.java) [ozone-interface-client-1.4.0-SNAPSHOT.jar:?]
	at org.apache.hadoop.ipc.ProtobufRpcEngine$Server.processCall(ProtobufRpcEngine.java:484) [hadoop-common-3.3.6.jar:?]
	at org.apache.hadoop.ipc.ProtobufRpcEngine2$Server$ProtoBufRpcInvoker.call(ProtobufRpcEngine2.java:595) [hadoop-common-3.3.6.jar:?]
	at org.apache.hadoop.ipc.ProtobufRpcEngine2$Server$ProtoBufRpcInvoker.call(ProtobufRpcEngine2.java:573) [hadoop-common-3.3.6.jar:?]
	at org.apache.hadoop.ipc.RPC$Server.call(RPC.java:1227) [hadoop-common-3.3.6.jar:?]
	at org.apache.hadoop.ipc.Server$RpcCall.run(Server.java:1094) [hadoop-common-3.3.6.jar:?]
	at org.apache.hadoop.ipc.Server$RpcCall.run(Server.java:1017) [hadoop-common-3.3.6.jar:?]
	at java.security.AccessController.doPrivileged(Native Method) ~[?:1.8.0_392]
	at javax.security.auth.Subject.doAs(Subject.java:422) [?:1.8.0_392]
	at org.apache.hadoop.security.UserGroupInformation.doAs(UserGroupInformation.java:1899) [hadoop-common-3.3.6.jar:?]
	at org.apache.hadoop.ipc.Server$Handler.run(Server.java:3048) [hadoop-common-3.3.6.jar:?]
14:17:42.175 [IPC Server handler 12 on default port 15057] ERROR OMAudit - user=runner | ip=127.0.0.1 | op=GET_FILE_STATUS {volume=volume48931, bucket=bucket54568, key=gdir1/dir4, dataSize=0, replicationConfig=null} | ret=FAILURE
org.apache.hadoop.ozone.om.exceptions.OMException: Unable to get file status: volume: volume48931 bucket: bucket54568 key: gdir1/dir4
	at org.apache.hadoop.ozone.om.KeyManagerImpl.getOzoneFileStatusFSO(KeyManagerImpl.java:1356) ~[ozone-manager-1.4.0-SNAPSHOT.jar:?]
	at org.apache.hadoop.ozone.om.KeyManagerImpl.getFileStatus(KeyManagerImpl.java:1140) ~[ozone-manager-1.4.0-SNAPSHOT.jar:?]
	at org.apache.hadoop.ozone.om.OmMetadataReader.getFileStatus(OmMetadataReader.java:279) ~[ozone-manager-1.4.0-SNAPSHOT.jar:?]
	at org.apache.hadoop.ozone.om.OzoneManager.getFileStatus(OzoneManager.java:3629) ~[ozone-manager-1.4.0-SNAPSHOT.jar:?]
	at org.apache.hadoop.ozone.protocolPB.OzoneManagerRequestHandler.getOzoneFileStatus(OzoneManagerRequestHandler.java:1010) ~[ozone-manager-1.4.0-SNAPSHOT.jar:?]
	at org.apache.hadoop.ozone.protocolPB.OzoneManagerRequestHandler.handleReadRequest(OzoneManagerRequestHandler.java:262) ~[ozone-manager-1.4.0-SNAPSHOT.jar:?]
	at org.apache.hadoop.ozone.protocolPB.OzoneManagerProtocolServerSideTranslatorPB.submitRequestDirectlyToOM(OzoneManagerProtocolServerSideTranslatorPB.java:319) ~[ozone-manager-1.4.0-SNAPSHOT.jar:?]
	at org.apache.hadoop.ozone.protocolPB.OzoneManagerProtocolServerSideTranslatorPB.internalProcessRequest(OzoneManagerProtocolServerSideTranslatorPB.java:207) ~[ozone-manager-1.4.0-SNAPSHOT.jar:?]
	at org.apache.hadoop.ozone.protocolPB.OzoneManagerProtocolServerSideTranslatorPB.processRequest(OzoneManagerProtocolServerSideTranslatorPB.java:171) ~[ozone-manager-1.4.0-SNAPSHOT.jar:?]
	at org.apache.hadoop.hdds.server.OzoneProtocolMessageDispatcher.processRequest(OzoneProtocolMessageDispatcher.java:89) [hdds-server-framework-1.4.0-SNAPSHOT.jar:?]
	at org.apache.hadoop.ozone.protocolPB.OzoneManagerProtocolServerSideTranslatorPB.submitRequest(OzoneManagerProtocolServerSideTranslatorPB.java:162) [ozone-manager-1.4.0-SNAPSHOT.jar:?]
	at org.apache.hadoop.ozone.protocol.proto.OzoneManagerProtocolProtos$OzoneManagerService$2.callBlockingMethod(OzoneManagerProtocolProtos.java) [ozone-interface-client-1.4.0-SNAPSHOT.jar:?]
	at org.apache.hadoop.ipc.ProtobufRpcEngine$Server.processCall(ProtobufRpcEngine.java:484) [hadoop-common-3.3.6.jar:?]
	at org.apache.hadoop.ipc.ProtobufRpcEngine2$Server$ProtoBufRpcInvoker.call(ProtobufRpcEngine2.java:595) [hadoop-common-3.3.6.jar:?]
	at org.apache.hadoop.ipc.ProtobufRpcEngine2$Server$ProtoBufRpcInvoker.call(ProtobufRpcEngine2.java:573) [hadoop-common-3.3.6.jar:?]
	at org.apache.hadoop.ipc.RPC$Server.call(RPC.java:1227) [hadoop-common-3.3.6.jar:?]
	at org.apache.hadoop.ipc.Server$RpcCall.run(Server.java:1094) [hadoop-common-3.3.6.jar:?]
	at org.apache.hadoop.ipc.Server$RpcCall.run(Server.java:1017) [hadoop-common-3.3.6.jar:?]
	at java.security.AccessController.doPrivileged(Native Method) ~[?:1.8.0_392]
	at javax.security.auth.Subject.doAs(Subject.java:422) [?:1.8.0_392]
	at org.apache.hadoop.security.UserGroupInformation.doAs(UserGroupInformation.java:1899) [hadoop-common-3.3.6.jar:?]
	at org.apache.hadoop.ipc.Server$Handler.run(Server.java:3048) [hadoop-common-3.3.6.jar:?]
14:17:42.176 [IPC Server handler 13 on default port 15057] ERROR OMAudit - user=runner | ip=127.0.0.1 | op=GET_FILE_STATUS {volume=volume48931, bucket=bucket54568, key=gdir1/dir4/child, dataSize=0, replicationConfig=null} | ret=FAILURE
org.apache.hadoop.ozone.om.exceptions.OMException: Unable to get file status: volume: volume48931 bucket: bucket54568 key: gdir1/dir4/child
	at org.apache.hadoop.ozone.om.KeyManagerImpl.getOzoneFileStatusFSO(KeyManagerImpl.java:1356) ~[ozone-manager-1.4.0-SNAPSHOT.jar:?]
	at org.apache.hadoop.ozone.om.KeyManagerImpl.getFileStatus(KeyManagerImpl.java:1140) ~[ozone-manager-1.4.0-SNAPSHOT.jar:?]
	at org.apache.hadoop.ozone.om.OmMetadataReader.getFileStatus(OmMetadataReader.java:279) ~[ozone-manager-1.4.0-SNAPSHOT.jar:?]
	at org.apache.hadoop.ozone.om.OzoneManager.getFileStatus(OzoneManager.java:3629) ~[ozone-manager-1.4.0-SNAPSHOT.jar:?]
	at org.apache.hadoop.ozone.protocolPB.OzoneManagerRequestHandler.getOzoneFileStatus(OzoneManagerRequestHandler.java:1010) ~[ozone-manager-1.4.0-SNAPSHOT.jar:?]
	at org.apache.hadoop.ozone.protocolPB.OzoneManagerRequestHandler.handleReadRequest(OzoneManagerRequestHandler.java:262) ~[ozone-manager-1.4.0-SNAPSHOT.jar:?]
	at org.apache.hadoop.ozone.protocolPB.OzoneManagerProtocolServerSideTranslatorPB.submitRequestDirectlyToOM(OzoneManagerProtocolServerSideTranslatorPB.java:319) ~[ozone-manager-1.4.0-SNAPSHOT.jar:?]
	at org.apache.hadoop.ozone.protocolPB.OzoneManagerProtocolServerSideTranslatorPB.internalProcessRequest(OzoneManagerProtocolServerSideTranslatorPB.java:207) ~[ozone-manager-1.4.0-SNAPSHOT.jar:?]
	at org.apache.hadoop.ozone.protocolPB.OzoneManagerProtocolServerSideTranslatorPB.processRequest(OzoneManagerProtocolServerSideTranslatorPB.java:171) ~[ozone-manager-1.4.0-SNAPSHOT.jar:?]
	at org.apache.hadoop.hdds.server.OzoneProtocolMessageDispatcher.processRequest(OzoneProtocolMessageDispatcher.java:89) [hdds-server-framework-1.4.0-SNAPSHOT.jar:?]
	at org.apache.hadoop.ozone.protocolPB.OzoneManagerProtocolServerSideTranslatorPB.submitRequest(OzoneManagerProtocolServerSideTranslatorPB.java:162) [ozone-manager-1.4.0-SNAPSHOT.jar:?]
	at org.apache.hadoop.ozone.protocol.proto.OzoneManagerProtocolProtos$OzoneManagerService$2.callBlockingMethod(OzoneManagerProtocolProtos.java) [ozone-interface-client-1.4.0-SNAPSHOT.jar:?]
	at org.apache.hadoop.ipc.ProtobufRpcEngine$Server.processCall(ProtobufRpcEngine.java:484) [hadoop-common-3.3.6.jar:?]
	at org.apache.hadoop.ipc.ProtobufRpcEngine2$Server$ProtoBufRpcInvoker.call(ProtobufRpcEngine2.java:595) [hadoop-common-3.3.6.jar:?]
	at org.apache.hadoop.ipc.ProtobufRpcEngine2$Server$ProtoBufRpcInvoker.call(ProtobufRpcEngine2.java:573) [hadoop-common-3.3.6.jar:?]
	at org.apache.hadoop.ipc.RPC$Server.call(RPC.java:1227) [hadoop-common-3.3.6.jar:?]
	at org.apache.hadoop.ipc.Server$RpcCall.run(Server.java:1094) [hadoop-common-3.3.6.jar:?]
	at org.apache.hadoop.ipc.Server$RpcCall.run(Server.java:1017) [hadoop-common-3.3.6.jar:?]
	at java.security.AccessController.doPrivileged(Native Method) ~[?:1.8.0_392]
	at javax.security.auth.Subject.doAs(Subject.java:422) [?:1.8.0_392]
	at org.apache.hadoop.security.UserGroupInformation.doAs(UserGroupInformation.java:1899) [hadoop-common-3.3.6.jar:?]
	at org.apache.hadoop.ipc.Server$Handler.run(Server.java:3048) [hadoop-common-3.3.6.jar:?]
14:17:42.177 [IPC Server handler 14 on default port 15057] ERROR OMAudit - user=runner | ip=127.0.0.1 | op=GET_FILE_STATUS {volume=volume48931, bucket=bucket54568, key=gdir1/dir5, dataSize=0, replicationConfig=null} | ret=FAILURE
org.apache.hadoop.ozone.om.exceptions.OMException: Unable to get file status: volume: volume48931 bucket: bucket54568 key: gdir1/dir5
	at org.apache.hadoop.ozone.om.KeyManagerImpl.getOzoneFileStatusFSO(KeyManagerImpl.java:1356) ~[ozone-manager-1.4.0-SNAPSHOT.jar:?]
	at org.apache.hadoop.ozone.om.KeyManagerImpl.getFileStatus(KeyManagerImpl.java:1140) ~[ozone-manager-1.4.0-SNAPSHOT.jar:?]
	at org.apache.hadoop.ozone.om.OmMetadataReader.getFileStatus(OmMetadataReader.java:279) ~[ozone-manager-1.4.0-SNAPSHOT.jar:?]
	at org.apache.hadoop.ozone.om.OzoneManager.getFileStatus(OzoneManager.java:3629) ~[ozone-manager-1.4.0-SNAPSHOT.jar:?]
	at org.apache.hadoop.ozone.protocolPB.OzoneManagerRequestHandler.getOzoneFileStatus(OzoneManagerRequestHandler.java:1010) ~[ozone-manager-1.4.0-SNAPSHOT.jar:?]
	at org.apache.hadoop.ozone.protocolPB.OzoneManagerRequestHandler.handleReadRequest(OzoneManagerRequestHandler.java:262) ~[ozone-manager-1.4.0-SNAPSHOT.jar:?]
	at org.apache.hadoop.ozone.protocolPB.OzoneManagerProtocolServerSideTranslatorPB.submitRequestDirectlyToOM(OzoneManagerProtocolServerSideTranslatorPB.java:319) ~[ozone-manager-1.4.0-SNAPSHOT.jar:?]
	at org.apache.hadoop.ozone.protocolPB.OzoneManagerProtocolServerSideTranslatorPB.internalProcessRequest(OzoneManagerProtocolServerSideTranslatorPB.java:207) ~[ozone-manager-1.4.0-SNAPSHOT.jar:?]
	at org.apache.hadoop.ozone.protocolPB.OzoneManagerProtocolServerSideTranslatorPB.processRequest(OzoneManagerProtocolServerSideTranslatorPB.java:171) ~[ozone-manager-1.4.0-SNAPSHOT.jar:?]
	at org.apache.hadoop.hdds.server.OzoneProtocolMessageDispatcher.processRequest(OzoneProtocolMessageDispatcher.java:89) [hdds-server-framework-1.4.0-SNAPSHOT.jar:?]
	at org.apache.hadoop.ozone.protocolPB.OzoneManagerProtocolServerSideTranslatorPB.submitRequest(OzoneManagerProtocolServerSideTranslatorPB.java:162) [ozone-manager-1.4.0-SNAPSHOT.jar:?]
	at org.apache.hadoop.ozone.protocol.proto.OzoneManagerProtocolProtos$OzoneManagerService$2.callBlockingMethod(OzoneManagerProtocolProtos.java) [ozone-interface-client-1.4.0-SNAPSHOT.jar:?]
	at org.apache.hadoop.ipc.ProtobufRpcEngine$Server.processCall(ProtobufRpcEngine.java:484) [hadoop-common-3.3.6.jar:?]
	at org.apache.hadoop.ipc.ProtobufRpcEngine2$Server$ProtoBufRpcInvoker.call(ProtobufRpcEngine2.java:595) [hadoop-common-3.3.6.jar:?]
	at org.apache.hadoop.ipc.ProtobufRpcEngine2$Server$ProtoBufRpcInvoker.call(ProtobufRpcEngine2.java:573) [hadoop-common-3.3.6.jar:?]
	at org.apache.hadoop.ipc.RPC$Server.call(RPC.java:1227) [hadoop-common-3.3.6.jar:?]
	at org.apache.hadoop.ipc.Server$RpcCall.run(Server.java:1094) [hadoop-common-3.3.6.jar:?]
	at org.apache.hadoop.ipc.Server$RpcCall.run(Server.java:1017) [hadoop-common-3.3.6.jar:?]
	at java.security.AccessController.doPrivileged(Native Method) ~[?:1.8.0_392]
	at javax.security.auth.Subject.doAs(Subject.java:422) [?:1.8.0_392]
	at org.apache.hadoop.security.UserGroupInformation.doAs(UserGroupInformation.java:1899) [hadoop-common-3.3.6.jar:?]
	at org.apache.hadoop.ipc.Server$Handler.run(Server.java:3048) [hadoop-common-3.3.6.jar:?]
14:17:42.178 [IPC Server handler 15 on default port 15057] ERROR OMAudit - user=runner | ip=127.0.0.1 | op=GET_FILE_STATUS {volume=volume48931, bucket=bucket54568, key=gdir1/dir5/child, dataSize=0, replicationConfig=null} | ret=FAILURE
org.apache.hadoop.ozone.om.exceptions.OMException: Unable to get file status: volume: volume48931 bucket: bucket54568 key: gdir1/dir5/child
	at org.apache.hadoop.ozone.om.KeyManagerImpl.getOzoneFileStatusFSO(KeyManagerImpl.java:1356) ~[ozone-manager-1.4.0-SNAPSHOT.jar:?]
	at org.apache.hadoop.ozone.om.KeyManagerImpl.getFileStatus(KeyManagerImpl.java:1140) ~[ozone-manager-1.4.0-SNAPSHOT.jar:?]
	at org.apache.hadoop.ozone.om.OmMetadataReader.getFileStatus(OmMetadataReader.java:279) ~[ozone-manager-1.4.0-SNAPSHOT.jar:?]
	at org.apache.hadoop.ozone.om.OzoneManager.getFileStatus(OzoneManager.java:3629) ~[ozone-manager-1.4.0-SNAPSHOT.jar:?]
	at org.apache.hadoop.ozone.protocolPB.OzoneManagerRequestHandler.getOzoneFileStatus(OzoneManagerRequestHandler.java:1010) ~[ozone-manager-1.4.0-SNAPSHOT.jar:?]
	at org.apache.hadoop.ozone.protocolPB.OzoneManagerRequestHandler.handleReadRequest(OzoneManagerRequestHandler.java:262) ~[ozone-manager-1.4.0-SNAPSHOT.jar:?]
	at org.apache.hadoop.ozone.protocolPB.OzoneManagerProtocolServerSideTranslatorPB.submitRequestDirectlyToOM(OzoneManagerProtocolServerSideTranslatorPB.java:319) ~[ozone-manager-1.4.0-SNAPSHOT.jar:?]
	at org.apache.hadoop.ozone.protocolPB.OzoneManagerProtocolServerSideTranslatorPB.internalProcessRequest(OzoneManagerProtocolServerSideTranslatorPB.java:207) ~[ozone-manager-1.4.0-SNAPSHOT.jar:?]
	at org.apache.hadoop.ozone.protocolPB.OzoneManagerProtocolServerSideTranslatorPB.processRequest(OzoneManagerProtocolServerSideTranslatorPB.java:171) ~[ozone-manager-1.4.0-SNAPSHOT.jar:?]
	at org.apache.hadoop.hdds.server.OzoneProtocolMessageDispatcher.processRequest(OzoneProtocolMessageDispatcher.java:89) [hdds-server-framework-1.4.0-SNAPSHOT.jar:?]
	at org.apache.hadoop.ozone.protocolPB.OzoneManagerProtocolServerSideTranslatorPB.submitRequest(OzoneManagerProtocolServerSideTranslatorPB.java:162) [ozone-manager-1.4.0-SNAPSHOT.jar:?]
	at org.apache.hadoop.ozone.protocol.proto.OzoneManagerProtocolProtos$OzoneManagerService$2.callBlockingMethod(OzoneManagerProtocolProtos.java) [ozone-interface-client-1.4.0-SNAPSHOT.jar:?]
	at org.apache.hadoop.ipc.ProtobufRpcEngine$Server.processCall(ProtobufRpcEngine.java:484) [hadoop-common-3.3.6.jar:?]
	at org.apache.hadoop.ipc.ProtobufRpcEngine2$Server$ProtoBufRpcInvoker.call(ProtobufRpcEngine2.java:595) [hadoop-common-3.3.6.jar:?]
	at org.apache.hadoop.ipc.ProtobufRpcEngine2$Server$ProtoBufRpcInvoker.call(ProtobufRpcEngine2.java:573) [hadoop-common-3.3.6.jar:?]
	at org.apache.hadoop.ipc.RPC$Server.call(RPC.java:1227) [hadoop-common-3.3.6.jar:?]
	at org.apache.hadoop.ipc.Server$RpcCall.run(Server.java:1094) [hadoop-common-3.3.6.jar:?]
	at org.apache.hadoop.ipc.Server$RpcCall.run(Server.java:1017) [hadoop-common-3.3.6.jar:?]
	at java.security.AccessController.doPrivileged(Native Method) ~[?:1.8.0_392]
	at javax.security.auth.Subject.doAs(Subject.java:422) [?:1.8.0_392]
	at org.apache.hadoop.security.UserGroupInformation.doAs(UserGroupInformation.java:1899) [hadoop-common-3.3.6.jar:?]
	at org.apache.hadoop.ipc.Server$Handler.run(Server.java:3048) [hadoop-common-3.3.6.jar:?]
14:17:42.179 [IPC Server handler 16 on default port 15057] ERROR OMAudit - user=runner | ip=127.0.0.1 | op=GET_FILE_STATUS {volume=volume48931, bucket=bucket54568, key=gdir1/dir6, dataSize=0, replicationConfig=null} | ret=FAILURE
org.apache.hadoop.ozone.om.exceptions.OMException: Unable to get file status: volume: volume48931 bucket: bucket54568 key: gdir1/dir6
	at org.apache.hadoop.ozone.om.KeyManagerImpl.getOzoneFileStatusFSO(KeyManagerImpl.java:1356) ~[ozone-manager-1.4.0-SNAPSHOT.jar:?]
	at org.apache.hadoop.ozone.om.KeyManagerImpl.getFileStatus(KeyManagerImpl.java:1140) ~[ozone-manager-1.4.0-SNAPSHOT.jar:?]
	at org.apache.hadoop.ozone.om.OmMetadataReader.getFileStatus(OmMetadataReader.java:279) ~[ozone-manager-1.4.0-SNAPSHOT.jar:?]
	at org.apache.hadoop.ozone.om.OzoneManager.getFileStatus(OzoneManager.java:3629) ~[ozone-manager-1.4.0-SNAPSHOT.jar:?]
	at org.apache.hadoop.ozone.protocolPB.OzoneManagerRequestHandler.getOzoneFileStatus(OzoneManagerRequestHandler.java:1010) ~[ozone-manager-1.4.0-SNAPSHOT.jar:?]
	at org.apache.hadoop.ozone.protocolPB.OzoneManagerRequestHandler.handleReadRequest(OzoneManagerRequestHandler.java:262) ~[ozone-manager-1.4.0-SNAPSHOT.jar:?]
	at org.apache.hadoop.ozone.protocolPB.OzoneManagerProtocolServerSideTranslatorPB.submitRequestDirectlyToOM(OzoneManagerProtocolServerSideTranslatorPB.java:319) ~[ozone-manager-1.4.0-SNAPSHOT.jar:?]
	at org.apache.hadoop.ozone.protocolPB.OzoneManagerProtocolServerSideTranslatorPB.internalProcessRequest(OzoneManagerProtocolServerSideTranslatorPB.java:207) ~[ozone-manager-1.4.0-SNAPSHOT.jar:?]
	at org.apache.hadoop.ozone.protocolPB.OzoneManagerProtocolServerSideTranslatorPB.processRequest(OzoneManagerProtocolServerSideTranslatorPB.java:171) ~[ozone-manager-1.4.0-SNAPSHOT.jar:?]
	at org.apache.hadoop.hdds.server.OzoneProtocolMessageDispatcher.processRequest(OzoneProtocolMessageDispatcher.java:89) [hdds-server-framework-1.4.0-SNAPSHOT.jar:?]
	at org.apache.hadoop.ozone.protocolPB.OzoneManagerProtocolServerSideTranslatorPB.submitRequest(OzoneManagerProtocolServerSideTranslatorPB.java:162) [ozone-manager-1.4.0-SNAPSHOT.jar:?]
	at org.apache.hadoop.ozone.protocol.proto.OzoneManagerProtocolProtos$OzoneManagerService$2.callBlockingMethod(OzoneManagerProtocolProtos.java) [ozone-interface-client-1.4.0-SNAPSHOT.jar:?]
	at org.apache.hadoop.ipc.ProtobufRpcEngine$Server.processCall(ProtobufRpcEngine.java:484) [hadoop-common-3.3.6.jar:?]
	at org.apache.hadoop.ipc.ProtobufRpcEngine2$Server$ProtoBufRpcInvoker.call(ProtobufRpcEngine2.java:595) [hadoop-common-3.3.6.jar:?]
	at org.apache.hadoop.ipc.ProtobufRpcEngine2$Server$ProtoBufRpcInvoker.call(ProtobufRpcEngine2.java:573) [hadoop-common-3.3.6.jar:?]
	at org.apache.hadoop.ipc.RPC$Server.call(RPC.java:1227) [hadoop-common-3.3.6.jar:?]
	at org.apache.hadoop.ipc.Server$RpcCall.run(Server.java:1094) [hadoop-common-3.3.6.jar:?]
	at org.apache.hadoop.ipc.Server$RpcCall.run(Server.java:1017) [hadoop-common-3.3.6.jar:?]
	at java.security.AccessController.doPrivileged(Native Method) ~[?:1.8.0_392]
	at javax.security.auth.Subject.doAs(Subject.java:422) [?:1.8.0_392]
	at org.apache.hadoop.security.UserGroupInformation.doAs(UserGroupInformation.java:1899) [hadoop-common-3.3.6.jar:?]
	at org.apache.hadoop.ipc.Server$Handler.run(Server.java:3048) [hadoop-common-3.3.6.jar:?]
14:17:42.181 [IPC Server handler 17 on default port 15057] ERROR OMAudit - user=runner | ip=127.0.0.1 | op=GET_FILE_STATUS {volume=volume48931, bucket=bucket54568, key=gdir1/dir6/child, dataSize=0, replicationConfig=null} | ret=FAILURE
org.apache.hadoop.ozone.om.exceptions.OMException: Unable to get file status: volume: volume48931 bucket: bucket54568 key: gdir1/dir6/child
	at org.apache.hadoop.ozone.om.KeyManagerImpl.getOzoneFileStatusFSO(KeyManagerImpl.java:1356) ~[ozone-manager-1.4.0-SNAPSHOT.jar:?]
	at org.apache.hadoop.ozone.om.KeyManagerImpl.getFileStatus(KeyManagerImpl.java:1140) ~[ozone-manager-1.4.0-SNAPSHOT.jar:?]
	at org.apache.hadoop.ozone.om.OmMetadataReader.getFileStatus(OmMetadataReader.java:279) ~[ozone-manager-1.4.0-SNAPSHOT.jar:?]
	at org.apache.hadoop.ozone.om.OzoneManager.getFileStatus(OzoneManager.java:3629) ~[ozone-manager-1.4.0-SNAPSHOT.jar:?]
	at org.apache.hadoop.ozone.protocolPB.OzoneManagerRequestHandler.getOzoneFileStatus(OzoneManagerRequestHandler.java:1010) ~[ozone-manager-1.4.0-SNAPSHOT.jar:?]
	at org.apache.hadoop.ozone.protocolPB.OzoneManagerRequestHandler.handleReadRequest(OzoneManagerRequestHandler.java:262) ~[ozone-manager-1.4.0-SNAPSHOT.jar:?]
	at org.apache.hadoop.ozone.protocolPB.OzoneManagerProtocolServerSideTranslatorPB.submitRequestDirectlyToOM(OzoneManagerProtocolServerSideTranslatorPB.java:319) ~[ozone-manager-1.4.0-SNAPSHOT.jar:?]
	at org.apache.hadoop.ozone.protocolPB.OzoneManagerProtocolServerSideTranslatorPB.internalProcessRequest(OzoneManagerProtocolServerSideTranslatorPB.java:207) ~[ozone-manager-1.4.0-SNAPSHOT.jar:?]
	at org.apache.hadoop.ozone.protocolPB.OzoneManagerProtocolServerSideTranslatorPB.processRequest(OzoneManagerProtocolServerSideTranslatorPB.java:171) ~[ozone-manager-1.4.0-SNAPSHOT.jar:?]
	at org.apache.hadoop.hdds.server.OzoneProtocolMessageDispatcher.processRequest(OzoneProtocolMessageDispatcher.java:89) [hdds-server-framework-1.4.0-SNAPSHOT.jar:?]
	at org.apache.hadoop.ozone.protocolPB.OzoneManagerProtocolServerSideTranslatorPB.submitRequest(OzoneManagerProtocolServerSideTranslatorPB.java:162) [ozone-manager-1.4.0-SNAPSHOT.jar:?]
	at org.apache.hadoop.ozone.protocol.proto.OzoneManagerProtocolProtos$OzoneManagerService$2.callBlockingMethod(OzoneManagerProtocolProtos.java) [ozone-interface-client-1.4.0-SNAPSHOT.jar:?]
	at org.apache.hadoop.ipc.ProtobufRpcEngine$Server.processCall(ProtobufRpcEngine.java:484) [hadoop-common-3.3.6.jar:?]
	at org.apache.hadoop.ipc.ProtobufRpcEngine2$Server$ProtoBufRpcInvoker.call(ProtobufRpcEngine2.java:595) [hadoop-common-3.3.6.jar:?]
	at org.apache.hadoop.ipc.ProtobufRpcEngine2$Server$ProtoBufRpcInvoker.call(ProtobufRpcEngine2.java:573) [hadoop-common-3.3.6.jar:?]
	at org.apache.hadoop.ipc.RPC$Server.call(RPC.java:1227) [hadoop-common-3.3.6.jar:?]
	at org.apache.hadoop.ipc.Server$RpcCall.run(Server.java:1094) [hadoop-common-3.3.6.jar:?]
	at org.apache.hadoop.ipc.Server$RpcCall.run(Server.java:1017) [hadoop-common-3.3.6.jar:?]
	at java.security.AccessController.doPrivileged(Native Method) ~[?:1.8.0_392]
	at javax.security.auth.Subject.doAs(Subject.java:422) [?:1.8.0_392]
	at org.apache.hadoop.security.UserGroupInformation.doAs(UserGroupInformation.java:1899) [hadoop-common-3.3.6.jar:?]
	at org.apache.hadoop.ipc.Server$Handler.run(Server.java:3048) [hadoop-common-3.3.6.jar:?]
14:17:42.182 [IPC Server handler 18 on default port 15057] ERROR OMAudit - user=runner | ip=127.0.0.1 | op=GET_FILE_STATUS {volume=volume48931, bucket=bucket54568, key=gdir1/dir7, dataSize=0, replicationConfig=null} | ret=FAILURE
org.apache.hadoop.ozone.om.exceptions.OMException: Unable to get file status: volume: volume48931 bucket: bucket54568 key: gdir1/dir7
	at org.apache.hadoop.ozone.om.KeyManagerImpl.getOzoneFileStatusFSO(KeyManagerImpl.java:1356) ~[ozone-manager-1.4.0-SNAPSHOT.jar:?]
	at org.apache.hadoop.ozone.om.KeyManagerImpl.getFileStatus(KeyManagerImpl.java:1140) ~[ozone-manager-1.4.0-SNAPSHOT.jar:?]
	at org.apache.hadoop.ozone.om.OmMetadataReader.getFileStatus(OmMetadataReader.java:279) ~[ozone-manager-1.4.0-SNAPSHOT.jar:?]
	at org.apache.hadoop.ozone.om.OzoneManager.getFileStatus(OzoneManager.java:3629) ~[ozone-manager-1.4.0-SNAPSHOT.jar:?]
	at org.apache.hadoop.ozone.protocolPB.OzoneManagerRequestHandler.getOzoneFileStatus(OzoneManagerRequestHandler.java:1010) ~[ozone-manager-1.4.0-SNAPSHOT.jar:?]
	at org.apache.hadoop.ozone.protocolPB.OzoneManagerRequestHandler.handleReadRequest(OzoneManagerRequestHandler.java:262) ~[ozone-manager-1.4.0-SNAPSHOT.jar:?]
	at org.apache.hadoop.ozone.protocolPB.OzoneManagerProtocolServerSideTranslatorPB.submitRequestDirectlyToOM(OzoneManagerProtocolServerSideTranslatorPB.java:319) ~[ozone-manager-1.4.0-SNAPSHOT.jar:?]
	at org.apache.hadoop.ozone.protocolPB.OzoneManagerProtocolServerSideTranslatorPB.internalProcessRequest(OzoneManagerProtocolServerSideTranslatorPB.java:207) ~[ozone-manager-1.4.0-SNAPSHOT.jar:?]
	at org.apache.hadoop.ozone.protocolPB.OzoneManagerProtocolServerSideTranslatorPB.processRequest(OzoneManagerProtocolServerSideTranslatorPB.java:171) ~[ozone-manager-1.4.0-SNAPSHOT.jar:?]
	at org.apache.hadoop.hdds.server.OzoneProtocolMessageDispatcher.processRequest(OzoneProtocolMessageDispatcher.java:89) [hdds-server-framework-1.4.0-SNAPSHOT.jar:?]
	at org.apache.hadoop.ozone.protocolPB.OzoneManagerProtocolServerSideTranslatorPB.submitRequest(OzoneManagerProtocolServerSideTranslatorPB.java:162) [ozone-manager-1.4.0-SNAPSHOT.jar:?]
	at org.apache.hadoop.ozone.protocol.proto.OzoneManagerProtocolProtos$OzoneManagerService$2.callBlockingMethod(OzoneManagerProtocolProtos.java) [ozone-interface-client-1.4.0-SNAPSHOT.jar:?]
	at org.apache.hadoop.ipc.ProtobufRpcEngine$Server.processCall(ProtobufRpcEngine.java:484) [hadoop-common-3.3.6.jar:?]
	at org.apache.hadoop.ipc.ProtobufRpcEngine2$Server$ProtoBufRpcInvoker.call(ProtobufRpcEngine2.java:595) [hadoop-common-3.3.6.jar:?]
	at org.apache.hadoop.ipc.ProtobufRpcEngine2$Server$ProtoBufRpcInvoker.call(ProtobufRpcEngine2.java:573) [hadoop-common-3.3.6.jar:?]
	at org.apache.hadoop.ipc.RPC$Server.call(RPC.java:1227) [hadoop-common-3.3.6.jar:?]
	at org.apache.hadoop.ipc.Server$RpcCall.run(Server.java:1094) [hadoop-common-3.3.6.jar:?]
	at org.apache.hadoop.ipc.Server$RpcCall.run(Server.java:1017) [hadoop-common-3.3.6.jar:?]
	at java.security.AccessController.doPrivileged(Native Method) ~[?:1.8.0_392]
	at javax.security.auth.Subject.doAs(Subject.java:422) [?:1.8.0_392]
	at org.apache.hadoop.security.UserGroupInformation.doAs(UserGroupInformation.java:1899) [hadoop-common-3.3.6.jar:?]
	at org.apache.hadoop.ipc.Server$Handler.run(Server.java:3048) [hadoop-common-3.3.6.jar:?]
14:17:42.183 [IPC Server handler 19 on default port 15057] ERROR OMAudit - user=runner | ip=127.0.0.1 | op=GET_FILE_STATUS {volume=volume48931, bucket=bucket54568, key=gdir1/dir7/child, dataSize=0, replicationConfig=null} | ret=FAILURE
org.apache.hadoop.ozone.om.exceptions.OMException: Unable to get file status: volume: volume48931 bucket: bucket54568 key: gdir1/dir7/child
	at org.apache.hadoop.ozone.om.KeyManagerImpl.getOzoneFileStatusFSO(KeyManagerImpl.java:1356) ~[ozone-manager-1.4.0-SNAPSHOT.jar:?]
	at org.apache.hadoop.ozone.om.KeyManagerImpl.getFileStatus(KeyManagerImpl.java:1140) ~[ozone-manager-1.4.0-SNAPSHOT.jar:?]
	at org.apache.hadoop.ozone.om.OmMetadataReader.getFileStatus(OmMetadataReader.java:279) ~[ozone-manager-1.4.0-SNAPSHOT.jar:?]
	at org.apache.hadoop.ozone.om.OzoneManager.getFileStatus(OzoneManager.java:3629) ~[ozone-manager-1.4.0-SNAPSHOT.jar:?]
	at org.apache.hadoop.ozone.protocolPB.OzoneManagerRequestHandler.getOzoneFileStatus(OzoneManagerRequestHandler.java:1010) ~[ozone-manager-1.4.0-SNAPSHOT.jar:?]
	at org.apache.hadoop.ozone.protocolPB.OzoneManagerRequestHandler.handleReadRequest(OzoneManagerRequestHandler.java:262) ~[ozone-manager-1.4.0-SNAPSHOT.jar:?]
	at org.apache.hadoop.ozone.protocolPB.OzoneManagerProtocolServerSideTranslatorPB.submitRequestDirectlyToOM(OzoneManagerProtocolServerSideTranslatorPB.java:319) ~[ozone-manager-1.4.0-SNAPSHOT.jar:?]
	at org.apache.hadoop.ozone.protocolPB.OzoneManagerProtocolServerSideTranslatorPB.internalProcessRequest(OzoneManagerProtocolServerSideTranslatorPB.java:207) ~[ozone-manager-1.4.0-SNAPSHOT.jar:?]
	at org.apache.hadoop.ozone.protocolPB.OzoneManagerProtocolServerSideTranslatorPB.processRequest(OzoneManagerProtocolServerSideTranslatorPB.java:171) ~[ozone-manager-1.4.0-SNAPSHOT.jar:?]
	at org.apache.hadoop.hdds.server.OzoneProtocolMessageDispatcher.processRequest(OzoneProtocolMessageDispatcher.java:89) [hdds-server-framework-1.4.0-SNAPSHOT.jar:?]
	at org.apache.hadoop.ozone.protocolPB.OzoneManagerProtocolServerSideTranslatorPB.submitRequest(OzoneManagerProtocolServerSideTranslatorPB.java:162) [ozone-manager-1.4.0-SNAPSHOT.jar:?]
	at org.apache.hadoop.ozone.protocol.proto.OzoneManagerProtocolProtos$OzoneManagerService$2.callBlockingMethod(OzoneManagerProtocolProtos.java) [ozone-interface-client-1.4.0-SNAPSHOT.jar:?]
	at org.apache.hadoop.ipc.ProtobufRpcEngine$Server.processCall(ProtobufRpcEngine.java:484) [hadoop-common-3.3.6.jar:?]
	at org.apache.hadoop.ipc.ProtobufRpcEngine2$Server$ProtoBufRpcInvoker.call(ProtobufRpcEngine2.java:595) [hadoop-common-3.3.6.jar:?]
	at org.apache.hadoop.ipc.ProtobufRpcEngine2$Server$ProtoBufRpcInvoker.call(ProtobufRpcEngine2.java:573) [hadoop-common-3.3.6.jar:?]
	at org.apache.hadoop.ipc.RPC$Server.call(RPC.java:1227) [hadoop-common-3.3.6.jar:?]
	at org.apache.hadoop.ipc.Server$RpcCall.run(Server.java:1094) [hadoop-common-3.3.6.jar:?]
	at org.apache.hadoop.ipc.Server$RpcCall.run(Server.java:1017) [hadoop-common-3.3.6.jar:?]
	at java.security.AccessController.doPrivileged(Native Method) ~[?:1.8.0_392]
	at javax.security.auth.Subject.doAs(Subject.java:422) [?:1.8.0_392]
	at org.apache.hadoop.security.UserGroupInformation.doAs(UserGroupInformation.java:1899) [hadoop-common-3.3.6.jar:?]
	at org.apache.hadoop.ipc.Server$Handler.run(Server.java:3048) [hadoop-common-3.3.6.jar:?]
14:17:42.184 [IPC Server handler 0 on default port 15057] ERROR OMAudit - user=runner | ip=127.0.0.1 | op=GET_FILE_STATUS {volume=volume48931, bucket=bucket54568, key=gdir1/dir8, dataSize=0, replicationConfig=null} | ret=FAILURE
org.apache.hadoop.ozone.om.exceptions.OMException: Unable to get file status: volume: volume48931 bucket: bucket54568 key: gdir1/dir8
	at org.apache.hadoop.ozone.om.KeyManagerImpl.getOzoneFileStatusFSO(KeyManagerImpl.java:1356) ~[ozone-manager-1.4.0-SNAPSHOT.jar:?]
	at org.apache.hadoop.ozone.om.KeyManagerImpl.getFileStatus(KeyManagerImpl.java:1140) ~[ozone-manager-1.4.0-SNAPSHOT.jar:?]
	at org.apache.hadoop.ozone.om.OmMetadataReader.getFileStatus(OmMetadataReader.java:279) ~[ozone-manager-1.4.0-SNAPSHOT.jar:?]
	at org.apache.hadoop.ozone.om.OzoneManager.getFileStatus(OzoneManager.java:3629) ~[ozone-manager-1.4.0-SNAPSHOT.jar:?]
	at org.apache.hadoop.ozone.protocolPB.OzoneManagerRequestHandler.getOzoneFileStatus(OzoneManagerRequestHandler.java:1010) ~[ozone-manager-1.4.0-SNAPSHOT.jar:?]
	at org.apache.hadoop.ozone.protocolPB.OzoneManagerRequestHandler.handleReadRequest(OzoneManagerRequestHandler.java:262) ~[ozone-manager-1.4.0-SNAPSHOT.jar:?]
	at org.apache.hadoop.ozone.protocolPB.OzoneManagerProtocolServerSideTranslatorPB.submitRequestDirectlyToOM(OzoneManagerProtocolServerSideTranslatorPB.java:319) ~[ozone-manager-1.4.0-SNAPSHOT.jar:?]
	at org.apache.hadoop.ozone.protocolPB.OzoneManagerProtocolServerSideTranslatorPB.internalProcessRequest(OzoneManagerProtocolServerSideTranslatorPB.java:207) ~[ozone-manager-1.4.0-SNAPSHOT.jar:?]
	at org.apache.hadoop.ozone.protocolPB.OzoneManagerProtocolServerSideTranslatorPB.processRequest(OzoneManagerProtocolServerSideTranslatorPB.java:171) ~[ozone-manager-1.4.0-SNAPSHOT.jar:?]
	at org.apache.hadoop.hdds.server.OzoneProtocolMessageDispatcher.processRequest(OzoneProtocolMessageDispatcher.java:89) [hdds-server-framework-1.4.0-SNAPSHOT.jar:?]
	at org.apache.hadoop.ozone.protocolPB.OzoneManagerProtocolServerSideTranslatorPB.submitRequest(OzoneManagerProtocolServerSideTranslatorPB.java:162) [ozone-manager-1.4.0-SNAPSHOT.jar:?]
	at org.apache.hadoop.ozone.protocol.proto.OzoneManagerProtocolProtos$OzoneManagerService$2.callBlockingMethod(OzoneManagerProtocolProtos.java) [ozone-interface-client-1.4.0-SNAPSHOT.jar:?]
	at org.apache.hadoop.ipc.ProtobufRpcEngine$Server.processCall(ProtobufRpcEngine.java:484) [hadoop-common-3.3.6.jar:?]
	at org.apache.hadoop.ipc.ProtobufRpcEngine2$Server$ProtoBufRpcInvoker.call(ProtobufRpcEngine2.java:595) [hadoop-common-3.3.6.jar:?]
	at org.apache.hadoop.ipc.ProtobufRpcEngine2$Server$ProtoBufRpcInvoker.call(ProtobufRpcEngine2.java:573) [hadoop-common-3.3.6.jar:?]
	at org.apache.hadoop.ipc.RPC$Server.call(RPC.java:1227) [hadoop-common-3.3.6.jar:?]
	at org.apache.hadoop.ipc.Server$RpcCall.run(Server.java:1094) [hadoop-common-3.3.6.jar:?]
	at org.apache.hadoop.ipc.Server$RpcCall.run(Server.java:1017) [hadoop-common-3.3.6.jar:?]
	at java.security.AccessController.doPrivileged(Native Method) ~[?:1.8.0_392]
	at javax.security.auth.Subject.doAs(Subject.java:422) [?:1.8.0_392]
	at org.apache.hadoop.security.UserGroupInformation.doAs(UserGroupInformation.java:1899) [hadoop-common-3.3.6.jar:?]
	at org.apache.hadoop.ipc.Server$Handler.run(Server.java:3048) [hadoop-common-3.3.6.jar:?]
14:17:42.185 [IPC Server handler 1 on default port 15057] ERROR OMAudit - user=runner | ip=127.0.0.1 | op=GET_FILE_STATUS {volume=volume48931, bucket=bucket54568, key=gdir1/dir8/child, dataSize=0, replicationConfig=null} | ret=FAILURE
org.apache.hadoop.ozone.om.exceptions.OMException: Unable to get file status: volume: volume48931 bucket: bucket54568 key: gdir1/dir8/child
	at org.apache.hadoop.ozone.om.KeyManagerImpl.getOzoneFileStatusFSO(KeyManagerImpl.java:1356) ~[ozone-manager-1.4.0-SNAPSHOT.jar:?]
	at org.apache.hadoop.ozone.om.KeyManagerImpl.getFileStatus(KeyManagerImpl.java:1140) ~[ozone-manager-1.4.0-SNAPSHOT.jar:?]
	at org.apache.hadoop.ozone.om.OmMetadataReader.getFileStatus(OmMetadataReader.java:279) ~[ozone-manager-1.4.0-SNAPSHOT.jar:?]
	at org.apache.hadoop.ozone.om.OzoneManager.getFileStatus(OzoneManager.java:3629) ~[ozone-manager-1.4.0-SNAPSHOT.jar:?]
	at org.apache.hadoop.ozone.protocolPB.OzoneManagerRequestHandler.getOzoneFileStatus(OzoneManagerRequestHandler.java:1010) ~[ozone-manager-1.4.0-SNAPSHOT.jar:?]
	at org.apache.hadoop.ozone.protocolPB.OzoneManagerRequestHandler.handleReadRequest(OzoneManagerRequestHandler.java:262) ~[ozone-manager-1.4.0-SNAPSHOT.jar:?]
	at org.apache.hadoop.ozone.protocolPB.OzoneManagerProtocolServerSideTranslatorPB.submitRequestDirectlyToOM(OzoneManagerProtocolServerSideTranslatorPB.java:319) ~[ozone-manager-1.4.0-SNAPSHOT.jar:?]
	at org.apache.hadoop.ozone.protocolPB.OzoneManagerProtocolServerSideTranslatorPB.internalProcessRequest(OzoneManagerProtocolServerSideTranslatorPB.java:207) ~[ozone-manager-1.4.0-SNAPSHOT.jar:?]
	at org.apache.hadoop.ozone.protocolPB.OzoneManagerProtocolServerSideTranslatorPB.processRequest(OzoneManagerProtocolServerSideTranslatorPB.java:171) ~[ozone-manager-1.4.0-SNAPSHOT.jar:?]
	at org.apache.hadoop.hdds.server.OzoneProtocolMessageDispatcher.processRequest(OzoneProtocolMessageDispatcher.java:89) [hdds-server-framework-1.4.0-SNAPSHOT.jar:?]
	at org.apache.hadoop.ozone.protocolPB.OzoneManagerProtocolServerSideTranslatorPB.submitRequest(OzoneManagerProtocolServerSideTranslatorPB.java:162) [ozone-manager-1.4.0-SNAPSHOT.jar:?]
	at org.apache.hadoop.ozone.protocol.proto.OzoneManagerProtocolProtos$OzoneManagerService$2.callBlockingMethod(OzoneManagerProtocolProtos.java) [ozone-interface-client-1.4.0-SNAPSHOT.jar:?]
	at org.apache.hadoop.ipc.ProtobufRpcEngine$Server.processCall(ProtobufRpcEngine.java:484) [hadoop-common-3.3.6.jar:?]
	at org.apache.hadoop.ipc.ProtobufRpcEngine2$Server$ProtoBufRpcInvoker.call(ProtobufRpcEngine2.java:595) [hadoop-common-3.3.6.jar:?]
	at org.apache.hadoop.ipc.ProtobufRpcEngine2$Server$ProtoBufRpcInvoker.call(ProtobufRpcEngine2.java:573) [hadoop-common-3.3.6.jar:?]
	at org.apache.hadoop.ipc.RPC$Server.call(RPC.java:1227) [hadoop-common-3.3.6.jar:?]
	at org.apache.hadoop.ipc.Server$RpcCall.run(Server.java:1094) [hadoop-common-3.3.6.jar:?]
	at org.apache.hadoop.ipc.Server$RpcCall.run(Server.java:1017) [hadoop-common-3.3.6.jar:?]
	at java.security.AccessController.doPrivileged(Native Method) ~[?:1.8.0_392]
	at javax.security.auth.Subject.doAs(Subject.java:422) [?:1.8.0_392]
	at org.apache.hadoop.security.UserGroupInformation.doAs(UserGroupInformation.java:1899) [hadoop-common-3.3.6.jar:?]
	at org.apache.hadoop.ipc.Server$Handler.run(Server.java:3048) [hadoop-common-3.3.6.jar:?]
14:17:42.186 [IPC Server handler 2 on default port 15057] ERROR OMAudit - user=runner | ip=127.0.0.1 | op=GET_FILE_STATUS {volume=volume48931, bucket=bucket54568, key=gdir1/dir9, dataSize=0, replicationConfig=null} | ret=FAILURE
org.apache.hadoop.ozone.om.exceptions.OMException: Unable to get file status: volume: volume48931 bucket: bucket54568 key: gdir1/dir9
	at org.apache.hadoop.ozone.om.KeyManagerImpl.getOzoneFileStatusFSO(KeyManagerImpl.java:1356) ~[ozone-manager-1.4.0-SNAPSHOT.jar:?]
	at org.apache.hadoop.ozone.om.KeyManagerImpl.getFileStatus(KeyManagerImpl.java:1140) ~[ozone-manager-1.4.0-SNAPSHOT.jar:?]
	at org.apache.hadoop.ozone.om.OmMetadataReader.getFileStatus(OmMetadataReader.java:279) ~[ozone-manager-1.4.0-SNAPSHOT.jar:?]
	at org.apache.hadoop.ozone.om.OzoneManager.getFileStatus(OzoneManager.java:3629) ~[ozone-manager-1.4.0-SNAPSHOT.jar:?]
	at org.apache.hadoop.ozone.protocolPB.OzoneManagerRequestHandler.getOzoneFileStatus(OzoneManagerRequestHandler.java:1010) ~[ozone-manager-1.4.0-SNAPSHOT.jar:?]
	at org.apache.hadoop.ozone.protocolPB.OzoneManagerRequestHandler.handleReadRequest(OzoneManagerRequestHandler.java:262) ~[ozone-manager-1.4.0-SNAPSHOT.jar:?]
	at org.apache.hadoop.ozone.protocolPB.OzoneManagerProtocolServerSideTranslatorPB.submitRequestDirectlyToOM(OzoneManagerProtocolServerSideTranslatorPB.java:319) ~[ozone-manager-1.4.0-SNAPSHOT.jar:?]
	at org.apache.hadoop.ozone.protocolPB.OzoneManagerProtocolServerSideTranslatorPB.internalProcessRequest(OzoneManagerProtocolServerSideTranslatorPB.java:207) ~[ozone-manager-1.4.0-SNAPSHOT.jar:?]
	at org.apache.hadoop.ozone.protocolPB.OzoneManagerProtocolServerSideTranslatorPB.processRequest(OzoneManagerProtocolServerSideTranslatorPB.java:171) ~[ozone-manager-1.4.0-SNAPSHOT.jar:?]
	at org.apache.hadoop.hdds.server.OzoneProtocolMessageDispatcher.processRequest(OzoneProtocolMessageDispatcher.java:89) [hdds-server-framework-1.4.0-SNAPSHOT.jar:?]
	at org.apache.hadoop.ozone.protocolPB.OzoneManagerProtocolServerSideTranslatorPB.submitRequest(OzoneManagerProtocolServerSideTranslatorPB.java:162) [ozone-manager-1.4.0-SNAPSHOT.jar:?]
	at org.apache.hadoop.ozone.protocol.proto.OzoneManagerProtocolProtos$OzoneManagerService$2.callBlockingMethod(OzoneManagerProtocolProtos.java) [ozone-interface-client-1.4.0-SNAPSHOT.jar:?]
	at org.apache.hadoop.ipc.ProtobufRpcEngine$Server.processCall(ProtobufRpcEngine.java:484) [hadoop-common-3.3.6.jar:?]
	at org.apache.hadoop.ipc.ProtobufRpcEngine2$Server$ProtoBufRpcInvoker.call(ProtobufRpcEngine2.java:595) [hadoop-common-3.3.6.jar:?]
	at org.apache.hadoop.ipc.ProtobufRpcEngine2$Server$ProtoBufRpcInvoker.call(ProtobufRpcEngine2.java:573) [hadoop-common-3.3.6.jar:?]
	at org.apache.hadoop.ipc.RPC$Server.call(RPC.java:1227) [hadoop-common-3.3.6.jar:?]
	at org.apache.hadoop.ipc.Server$RpcCall.run(Server.java:1094) [hadoop-common-3.3.6.jar:?]
	at org.apache.hadoop.ipc.Server$RpcCall.run(Server.java:1017) [hadoop-common-3.3.6.jar:?]
	at java.security.AccessController.doPrivileged(Native Method) ~[?:1.8.0_392]
	at javax.security.auth.Subject.doAs(Subject.java:422) [?:1.8.0_392]
	at org.apache.hadoop.security.UserGroupInformation.doAs(UserGroupInformation.java:1899) [hadoop-common-3.3.6.jar:?]
	at org.apache.hadoop.ipc.Server$Handler.run(Server.java:3048) [hadoop-common-3.3.6.jar:?]
14:17:42.187 [IPC Server handler 3 on default port 15057] ERROR OMAudit - user=runner | ip=127.0.0.1 | op=GET_FILE_STATUS {volume=volume48931, bucket=bucket54568, key=gdir1/dir9/child, dataSize=0, replicationConfig=null} | ret=FAILURE
org.apache.hadoop.ozone.om.exceptions.OMException: Unable to get file status: volume: volume48931 bucket: bucket54568 key: gdir1/dir9/child
	at org.apache.hadoop.ozone.om.KeyManagerImpl.getOzoneFileStatusFSO(KeyManagerImpl.java:1356) ~[ozone-manager-1.4.0-SNAPSHOT.jar:?]
	at org.apache.hadoop.ozone.om.KeyManagerImpl.getFileStatus(KeyManagerImpl.java:1140) ~[ozone-manager-1.4.0-SNAPSHOT.jar:?]
	at org.apache.hadoop.ozone.om.OmMetadataReader.getFileStatus(OmMetadataReader.java:279) ~[ozone-manager-1.4.0-SNAPSHOT.jar:?]
	at org.apache.hadoop.ozone.om.OzoneManager.getFileStatus(OzoneManager.java:3629) ~[ozone-manager-1.4.0-SNAPSHOT.jar:?]
	at org.apache.hadoop.ozone.protocolPB.OzoneManagerRequestHandler.getOzoneFileStatus(OzoneManagerRequestHandler.java:1010) ~[ozone-manager-1.4.0-SNAPSHOT.jar:?]
	at org.apache.hadoop.ozone.protocolPB.OzoneManagerRequestHandler.handleReadRequest(OzoneManagerRequestHandler.java:262) ~[ozone-manager-1.4.0-SNAPSHOT.jar:?]
	at org.apache.hadoop.ozone.protocolPB.OzoneManagerProtocolServerSideTranslatorPB.submitRequestDirectlyToOM(OzoneManagerProtocolServerSideTranslatorPB.java:319) ~[ozone-manager-1.4.0-SNAPSHOT.jar:?]
	at org.apache.hadoop.ozone.protocolPB.OzoneManagerProtocolServerSideTranslatorPB.internalProcessRequest(OzoneManagerProtocolServerSideTranslatorPB.java:207) ~[ozone-manager-1.4.0-SNAPSHOT.jar:?]
	at org.apache.hadoop.ozone.protocolPB.OzoneManagerProtocolServerSideTranslatorPB.processRequest(OzoneManagerProtocolServerSideTranslatorPB.java:171) ~[ozone-manager-1.4.0-SNAPSHOT.jar:?]
	at org.apache.hadoop.hdds.server.OzoneProtocolMessageDispatcher.processRequest(OzoneProtocolMessageDispatcher.java:89) [hdds-server-framework-1.4.0-SNAPSHOT.jar:?]
	at org.apache.hadoop.ozone.protocolPB.OzoneManagerProtocolServerSideTranslatorPB.submitRequest(OzoneManagerProtocolServerSideTranslatorPB.java:162) [ozone-manager-1.4.0-SNAPSHOT.jar:?]
	at org.apache.hadoop.ozone.protocol.proto.OzoneManagerProtocolProtos$OzoneManagerService$2.callBlockingMethod(OzoneManagerProtocolProtos.java) [ozone-interface-client-1.4.0-SNAPSHOT.jar:?]
	at org.apache.hadoop.ipc.ProtobufRpcEngine$Server.processCall(ProtobufRpcEngine.java:484) [hadoop-common-3.3.6.jar:?]
	at org.apache.hadoop.ipc.ProtobufRpcEngine2$Server$ProtoBufRpcInvoker.call(ProtobufRpcEngine2.java:595) [hadoop-common-3.3.6.jar:?]
	at org.apache.hadoop.ipc.ProtobufRpcEngine2$Server$ProtoBufRpcInvoker.call(ProtobufRpcEngine2.java:573) [hadoop-common-3.3.6.jar:?]
	at org.apache.hadoop.ipc.RPC$Server.call(RPC.java:1227) [hadoop-common-3.3.6.jar:?]
	at org.apache.hadoop.ipc.Server$RpcCall.run(Server.java:1094) [hadoop-common-3.3.6.jar:?]
	at org.apache.hadoop.ipc.Server$RpcCall.run(Server.java:1017) [hadoop-common-3.3.6.jar:?]
	at java.security.AccessController.doPrivileged(Native Method) ~[?:1.8.0_392]
	at javax.security.auth.Subject.doAs(Subject.java:422) [?:1.8.0_392]
	at org.apache.hadoop.security.UserGroupInformation.doAs(UserGroupInformation.java:1899) [hadoop-common-3.3.6.jar:?]
	at org.apache.hadoop.ipc.Server$Handler.run(Server.java:3048) [hadoop-common-3.3.6.jar:?]
14:17:42.188 [IPC Server handler 4 on default port 15057] ERROR OMAudit - user=runner | ip=127.0.0.1 | op=GET_FILE_STATUS {volume=volume48931, bucket=bucket54568, key=gdir1/dir10, dataSize=0, replicationConfig=null} | ret=FAILURE
org.apache.hadoop.ozone.om.exceptions.OMException: Unable to get file status: volume: volume48931 bucket: bucket54568 key: gdir1/dir10
	at org.apache.hadoop.ozone.om.KeyManagerImpl.getOzoneFileStatusFSO(KeyManagerImpl.java:1356) ~[ozone-manager-1.4.0-SNAPSHOT.jar:?]
	at org.apache.hadoop.ozone.om.KeyManagerImpl.getFileStatus(KeyManagerImpl.java:1140) ~[ozone-manager-1.4.0-SNAPSHOT.jar:?]
	at org.apache.hadoop.ozone.om.OmMetadataReader.getFileStatus(OmMetadataReader.java:279) ~[ozone-manager-1.4.0-SNAPSHOT.jar:?]
	at org.apache.hadoop.ozone.om.OzoneManager.getFileStatus(OzoneManager.java:3629) ~[ozone-manager-1.4.0-SNAPSHOT.jar:?]
	at org.apache.hadoop.ozone.protocolPB.OzoneManagerRequestHandler.getOzoneFileStatus(OzoneManagerRequestHandler.java:1010) ~[ozone-manager-1.4.0-SNAPSHOT.jar:?]
	at org.apache.hadoop.ozone.protocolPB.OzoneManagerRequestHandler.handleReadRequest(OzoneManagerRequestHandler.java:262) ~[ozone-manager-1.4.0-SNAPSHOT.jar:?]
	at org.apache.hadoop.ozone.protocolPB.OzoneManagerProtocolServerSideTranslatorPB.submitRequestDirectlyToOM(OzoneManagerProtocolServerSideTranslatorPB.java:319) ~[ozone-manager-1.4.0-SNAPSHOT.jar:?]
	at org.apache.hadoop.ozone.protocolPB.OzoneManagerProtocolServerSideTranslatorPB.internalProcessRequest(OzoneManagerProtocolServerSideTranslatorPB.java:207) ~[ozone-manager-1.4.0-SNAPSHOT.jar:?]
	at org.apache.hadoop.ozone.protocolPB.OzoneManagerProtocolServerSideTranslatorPB.processRequest(OzoneManagerProtocolServerSideTranslatorPB.java:171) ~[ozone-manager-1.4.0-SNAPSHOT.jar:?]
	at org.apache.hadoop.hdds.server.OzoneProtocolMessageDispatcher.processRequest(OzoneProtocolMessageDispatcher.java:89) [hdds-server-framework-1.4.0-SNAPSHOT.jar:?]
	at org.apache.hadoop.ozone.protocolPB.OzoneManagerProtocolServerSideTranslatorPB.submitRequest(OzoneManagerProtocolServerSideTranslatorPB.java:162) [ozone-manager-1.4.0-SNAPSHOT.jar:?]
	at org.apache.hadoop.ozone.protocol.proto.OzoneManagerProtocolProtos$OzoneManagerService$2.callBlockingMethod(OzoneManagerProtocolProtos.java) [ozone-interface-client-1.4.0-SNAPSHOT.jar:?]
	at org.apache.hadoop.ipc.ProtobufRpcEngine$Server.processCall(ProtobufRpcEngine.java:484) [hadoop-common-3.3.6.jar:?]
	at org.apache.hadoop.ipc.ProtobufRpcEngine2$Server$ProtoBufRpcInvoker.call(ProtobufRpcEngine2.java:595) [hadoop-common-3.3.6.jar:?]
	at org.apache.hadoop.ipc.ProtobufRpcEngine2$Server$ProtoBufRpcInvoker.call(ProtobufRpcEngine2.java:573) [hadoop-common-3.3.6.jar:?]
	at org.apache.hadoop.ipc.RPC$Server.call(RPC.java:1227) [hadoop-common-3.3.6.jar:?]
	at org.apache.hadoop.ipc.Server$RpcCall.run(Server.java:1094) [hadoop-common-3.3.6.jar:?]
	at org.apache.hadoop.ipc.Server$RpcCall.run(Server.java:1017) [hadoop-common-3.3.6.jar:?]
	at java.security.AccessController.doPrivileged(Native Method) ~[?:1.8.0_392]
	at javax.security.auth.Subject.doAs(Subject.java:422) [?:1.8.0_392]
	at org.apache.hadoop.security.UserGroupInformation.doAs(UserGroupInformation.java:1899) [hadoop-common-3.3.6.jar:?]
	at org.apache.hadoop.ipc.Server$Handler.run(Server.java:3048) [hadoop-common-3.3.6.jar:?]
14:17:42.189 [IPC Server handler 5 on default port 15057] ERROR OMAudit - user=runner | ip=127.0.0.1 | op=GET_FILE_STATUS {volume=volume48931, bucket=bucket54568, key=gdir1/dir10/child, dataSize=0, replicationConfig=null} | ret=FAILURE
org.apache.hadoop.ozone.om.exceptions.OMException: Unable to get file status: volume: volume48931 bucket: bucket54568 key: gdir1/dir10/child
	at org.apache.hadoop.ozone.om.KeyManagerImpl.getOzoneFileStatusFSO(KeyManagerImpl.java:1356) ~[ozone-manager-1.4.0-SNAPSHOT.jar:?]
	at org.apache.hadoop.ozone.om.KeyManagerImpl.getFileStatus(KeyManagerImpl.java:1140) ~[ozone-manager-1.4.0-SNAPSHOT.jar:?]
	at org.apache.hadoop.ozone.om.OmMetadataReader.getFileStatus(OmMetadataReader.java:279) ~[ozone-manager-1.4.0-SNAPSHOT.jar:?]
	at org.apache.hadoop.ozone.om.OzoneManager.getFileStatus(OzoneManager.java:3629) ~[ozone-manager-1.4.0-SNAPSHOT.jar:?]
	at org.apache.hadoop.ozone.protocolPB.OzoneManagerRequestHandler.getOzoneFileStatus(OzoneManagerRequestHandler.java:1010) ~[ozone-manager-1.4.0-SNAPSHOT.jar:?]
	at org.apache.hadoop.ozone.protocolPB.OzoneManagerRequestHandler.handleReadRequest(OzoneManagerRequestHandler.java:262) ~[ozone-manager-1.4.0-SNAPSHOT.jar:?]
	at org.apache.hadoop.ozone.protocolPB.OzoneManagerProtocolServerSideTranslatorPB.submitRequestDirectlyToOM(OzoneManagerProtocolServerSideTranslatorPB.java:319) ~[ozone-manager-1.4.0-SNAPSHOT.jar:?]
	at org.apache.hadoop.ozone.protocolPB.OzoneManagerProtocolServerSideTranslatorPB.internalProcessRequest(OzoneManagerProtocolServerSideTranslatorPB.java:207) ~[ozone-manager-1.4.0-SNAPSHOT.jar:?]
	at org.apache.hadoop.ozone.protocolPB.OzoneManagerProtocolServerSideTranslatorPB.processRequest(OzoneManagerProtocolServerSideTranslatorPB.java:171) ~[ozone-manager-1.4.0-SNAPSHOT.jar:?]
	at org.apache.hadoop.hdds.server.OzoneProtocolMessageDispatcher.processRequest(OzoneProtocolMessageDispatcher.java:89) [hdds-server-framework-1.4.0-SNAPSHOT.jar:?]
	at org.apache.hadoop.ozone.protocolPB.OzoneManagerProtocolServerSideTranslatorPB.submitRequest(OzoneManagerProtocolServerSideTranslatorPB.java:162) [ozone-manager-1.4.0-SNAPSHOT.jar:?]
	at org.apache.hadoop.ozone.protocol.proto.OzoneManagerProtocolProtos$OzoneManagerService$2.callBlockingMethod(OzoneManagerProtocolProtos.java) [ozone-interface-client-1.4.0-SNAPSHOT.jar:?]
	at org.apache.hadoop.ipc.ProtobufRpcEngine$Server.processCall(ProtobufRpcEngine.java:484) [hadoop-common-3.3.6.jar:?]
	at org.apache.hadoop.ipc.ProtobufRpcEngine2$Server$ProtoBufRpcInvoker.call(ProtobufRpcEngine2.java:595) [hadoop-common-3.3.6.jar:?]
	at org.apache.hadoop.ipc.ProtobufRpcEngine2$Server$ProtoBufRpcInvoker.call(ProtobufRpcEngine2.java:573) [hadoop-common-3.3.6.jar:?]
	at org.apache.hadoop.ipc.RPC$Server.call(RPC.java:1227) [hadoop-common-3.3.6.jar:?]
	at org.apache.hadoop.ipc.Server$RpcCall.run(Server.java:1094) [hadoop-common-3.3.6.jar:?]
	at org.apache.hadoop.ipc.Server$RpcCall.run(Server.java:1017) [hadoop-common-3.3.6.jar:?]
	at java.security.AccessController.doPrivileged(Native Method) ~[?:1.8.0_392]
	at javax.security.auth.Subject.doAs(Subject.java:422) [?:1.8.0_392]
	at org.apache.hadoop.security.UserGroupInformation.doAs(UserGroupInformation.java:1899) [hadoop-common-3.3.6.jar:?]
	at org.apache.hadoop.ipc.Server$Handler.run(Server.java:3048) [hadoop-common-3.3.6.jar:?]
14:17:42.230 [IPC Server handler 5 on default port 15057] ERROR OMAudit - user=runner | ip=127.0.0.1 | op=GET_FILE_STATUS {volume=volume48931, bucket=bucket54568, key=level0, dataSize=0, replicationConfig=null} | ret=FAILURE
org.apache.hadoop.ozone.om.exceptions.OMException: Unable to get file status: volume: volume48931 bucket: bucket54568 key: level0
	at org.apache.hadoop.ozone.om.KeyManagerImpl.getOzoneFileStatusFSO(KeyManagerImpl.java:1356) ~[ozone-manager-1.4.0-SNAPSHOT.jar:?]
	at org.apache.hadoop.ozone.om.KeyManagerImpl.getFileStatus(KeyManagerImpl.java:1140) ~[ozone-manager-1.4.0-SNAPSHOT.jar:?]
	at org.apache.hadoop.ozone.om.OmMetadataReader.getFileStatus(OmMetadataReader.java:279) ~[ozone-manager-1.4.0-SNAPSHOT.jar:?]
	at org.apache.hadoop.ozone.om.OzoneManager.getFileStatus(OzoneManager.java:3629) ~[ozone-manager-1.4.0-SNAPSHOT.jar:?]
	at org.apache.hadoop.ozone.protocolPB.OzoneManagerRequestHandler.getOzoneFileStatus(OzoneManagerRequestHandler.java:1010) ~[ozone-manager-1.4.0-SNAPSHOT.jar:?]
	at org.apache.hadoop.ozone.protocolPB.OzoneManagerRequestHandler.handleReadRequest(OzoneManagerRequestHandler.java:262) ~[ozone-manager-1.4.0-SNAPSHOT.jar:?]
	at org.apache.hadoop.ozone.protocolPB.OzoneManagerProtocolServerSideTranslatorPB.submitRequestDirectlyToOM(OzoneManagerProtocolServerSideTranslatorPB.java:319) ~[ozone-manager-1.4.0-SNAPSHOT.jar:?]
	at org.apache.hadoop.ozone.protocolPB.OzoneManagerProtocolServerSideTranslatorPB.internalProcessRequest(OzoneManagerProtocolServerSideTranslatorPB.java:207) ~[ozone-manager-1.4.0-SNAPSHOT.jar:?]
	at org.apache.hadoop.ozone.protocolPB.OzoneManagerProtocolServerSideTranslatorPB.processRequest(OzoneManagerProtocolServerSideTranslatorPB.java:171) ~[ozone-manager-1.4.0-SNAPSHOT.jar:?]
	at org.apache.hadoop.hdds.server.OzoneProtocolMessageDispatcher.processRequest(OzoneProtocolMessageDispatcher.java:89) [hdds-server-framework-1.4.0-SNAPSHOT.jar:?]
	at org.apache.hadoop.ozone.protocolPB.OzoneManagerProtocolServerSideTranslatorPB.submitRequest(OzoneManagerProtocolServerSideTranslatorPB.java:162) [ozone-manager-1.4.0-SNAPSHOT.jar:?]
	at org.apache.hadoop.ozone.protocol.proto.OzoneManagerProtocolProtos$OzoneManagerService$2.callBlockingMethod(OzoneManagerProtocolProtos.java) [ozone-interface-client-1.4.0-SNAPSHOT.jar:?]
	at org.apache.hadoop.ipc.ProtobufRpcEngine$Server.processCall(ProtobufRpcEngine.java:484) [hadoop-common-3.3.6.jar:?]
	at org.apache.hadoop.ipc.ProtobufRpcEngine2$Server$ProtoBufRpcInvoker.call(ProtobufRpcEngine2.java:595) [hadoop-common-3.3.6.jar:?]
	at org.apache.hadoop.ipc.ProtobufRpcEngine2$Server$ProtoBufRpcInvoker.call(ProtobufRpcEngine2.java:573) [hadoop-common-3.3.6.jar:?]
	at org.apache.hadoop.ipc.RPC$Server.call(RPC.java:1227) [hadoop-common-3.3.6.jar:?]
	at org.apache.hadoop.ipc.Server$RpcCall.run(Server.java:1094) [hadoop-common-3.3.6.jar:?]
	at org.apache.hadoop.ipc.Server$RpcCall.run(Server.java:1017) [hadoop-common-3.3.6.jar:?]
	at java.security.AccessController.doPrivileged(Native Method) ~[?:1.8.0_392]
	at javax.security.auth.Subject.doAs(Subject.java:422) [?:1.8.0_392]
	at org.apache.hadoop.security.UserGroupInformation.doAs(UserGroupInformation.java:1899) [hadoop-common-3.3.6.jar:?]
	at org.apache.hadoop.ipc.Server$Handler.run(Server.java:3048) [hadoop-common-3.3.6.jar:?]
14:17:42.231 [IPC Server handler 6 on default port 15057] ERROR OMAudit - user=runner | ip=127.0.0.1 | op=GET_FILE_STATUS {volume=volume48931, bucket=bucket54568, key=level0/level1, dataSize=0, replicationConfig=null} | ret=FAILURE
org.apache.hadoop.ozone.om.exceptions.OMException: Unable to get file status: volume: volume48931 bucket: bucket54568 key: level0/level1
	at org.apache.hadoop.ozone.om.KeyManagerImpl.getOzoneFileStatusFSO(KeyManagerImpl.java:1356) ~[ozone-manager-1.4.0-SNAPSHOT.jar:?]
	at org.apache.hadoop.ozone.om.KeyManagerImpl.getFileStatus(KeyManagerImpl.java:1140) ~[ozone-manager-1.4.0-SNAPSHOT.jar:?]
	at org.apache.hadoop.ozone.om.OmMetadataReader.getFileStatus(OmMetadataReader.java:279) ~[ozone-manager-1.4.0-SNAPSHOT.jar:?]
	at org.apache.hadoop.ozone.om.OzoneManager.getFileStatus(OzoneManager.java:3629) ~[ozone-manager-1.4.0-SNAPSHOT.jar:?]
	at org.apache.hadoop.ozone.protocolPB.OzoneManagerRequestHandler.getOzoneFileStatus(OzoneManagerRequestHandler.java:1010) ~[ozone-manager-1.4.0-SNAPSHOT.jar:?]
	at org.apache.hadoop.ozone.protocolPB.OzoneManagerRequestHandler.handleReadRequest(OzoneManagerRequestHandler.java:262) ~[ozone-manager-1.4.0-SNAPSHOT.jar:?]
	at org.apache.hadoop.ozone.protocolPB.OzoneManagerProtocolServerSideTranslatorPB.submitRequestDirectlyToOM(OzoneManagerProtocolServerSideTranslatorPB.java:319) ~[ozone-manager-1.4.0-SNAPSHOT.jar:?]
	at org.apache.hadoop.ozone.protocolPB.OzoneManagerProtocolServerSideTranslatorPB.internalProcessRequest(OzoneManagerProtocolServerSideTranslatorPB.java:207) ~[ozone-manager-1.4.0-SNAPSHOT.jar:?]
	at org.apache.hadoop.ozone.protocolPB.OzoneManagerProtocolServerSideTranslatorPB.processRequest(OzoneManagerProtocolServerSideTranslatorPB.java:171) ~[ozone-manager-1.4.0-SNAPSHOT.jar:?]
	at org.apache.hadoop.hdds.server.OzoneProtocolMessageDispatcher.processRequest(OzoneProtocolMessageDispatcher.java:89) [hdds-server-framework-1.4.0-SNAPSHOT.jar:?]
	at org.apache.hadoop.ozone.protocolPB.OzoneManagerProtocolServerSideTranslatorPB.submitRequest(OzoneManagerProtocolServerSideTranslatorPB.java:162) [ozone-manager-1.4.0-SNAPSHOT.jar:?]
	at org.apache.hadoop.ozone.protocol.proto.OzoneManagerProtocolProtos$OzoneManagerService$2.callBlockingMethod(OzoneManagerProtocolProtos.java) [ozone-interface-client-1.4.0-SNAPSHOT.jar:?]
	at org.apache.hadoop.ipc.ProtobufRpcEngine$Server.processCall(ProtobufRpcEngine.java:484) [hadoop-common-3.3.6.jar:?]
	at org.apache.hadoop.ipc.ProtobufRpcEngine2$Server$ProtoBufRpcInvoker.call(ProtobufRpcEngine2.java:595) [hadoop-common-3.3.6.jar:?]
	at org.apache.hadoop.ipc.ProtobufRpcEngine2$Server$ProtoBufRpcInvoker.call(ProtobufRpcEngine2.java:573) [hadoop-common-3.3.6.jar:?]
	at org.apache.hadoop.ipc.RPC$Server.call(RPC.java:1227) [hadoop-common-3.3.6.jar:?]
	at org.apache.hadoop.ipc.Server$RpcCall.run(Server.java:1094) [hadoop-common-3.3.6.jar:?]
	at org.apache.hadoop.ipc.Server$RpcCall.run(Server.java:1017) [hadoop-common-3.3.6.jar:?]
	at java.security.AccessController.doPrivileged(Native Method) ~[?:1.8.0_392]
	at javax.security.auth.Subject.doAs(Subject.java:422) [?:1.8.0_392]
	at org.apache.hadoop.security.UserGroupInformation.doAs(UserGroupInformation.java:1899) [hadoop-common-3.3.6.jar:?]
	at org.apache.hadoop.ipc.Server$Handler.run(Server.java:3048) [hadoop-common-3.3.6.jar:?]
14:17:42.232 [IPC Server handler 7 on default port 15057] ERROR OMAudit - user=runner | ip=127.0.0.1 | op=GET_FILE_STATUS {volume=volume48931, bucket=bucket54568, key=level0/level1/level1, dataSize=0, replicationConfig=null} | ret=FAILURE
org.apache.hadoop.ozone.om.exceptions.OMException: Unable to get file status: volume: volume48931 bucket: bucket54568 key: level0/level1/level1
	at org.apache.hadoop.ozone.om.KeyManagerImpl.getOzoneFileStatusFSO(KeyManagerImpl.java:1356) ~[ozone-manager-1.4.0-SNAPSHOT.jar:?]
	at org.apache.hadoop.ozone.om.KeyManagerImpl.getFileStatus(KeyManagerImpl.java:1140) ~[ozone-manager-1.4.0-SNAPSHOT.jar:?]
	at org.apache.hadoop.ozone.om.OmMetadataReader.getFileStatus(OmMetadataReader.java:279) ~[ozone-manager-1.4.0-SNAPSHOT.jar:?]
	at org.apache.hadoop.ozone.om.OzoneManager.getFileStatus(OzoneManager.java:3629) ~[ozone-manager-1.4.0-SNAPSHOT.jar:?]
	at org.apache.hadoop.ozone.protocolPB.OzoneManagerRequestHandler.getOzoneFileStatus(OzoneManagerRequestHandler.java:1010) ~[ozone-manager-1.4.0-SNAPSHOT.jar:?]
	at org.apache.hadoop.ozone.protocolPB.OzoneManagerRequestHandler.handleReadRequest(OzoneManagerRequestHandler.java:262) ~[ozone-manager-1.4.0-SNAPSHOT.jar:?]
	at org.apache.hadoop.ozone.protocolPB.OzoneManagerProtocolServerSideTranslatorPB.submitRequestDirectlyToOM(OzoneManagerProtocolServerSideTranslatorPB.java:319) ~[ozone-manager-1.4.0-SNAPSHOT.jar:?]
	at org.apache.hadoop.ozone.protocolPB.OzoneManagerProtocolServerSideTranslatorPB.internalProcessRequest(OzoneManagerProtocolServerSideTranslatorPB.java:207) ~[ozone-manager-1.4.0-SNAPSHOT.jar:?]
	at org.apache.hadoop.ozone.protocolPB.OzoneManagerProtocolServerSideTranslatorPB.processRequest(OzoneManagerProtocolServerSideTranslatorPB.java:171) ~[ozone-manager-1.4.0-SNAPSHOT.jar:?]
	at org.apache.hadoop.hdds.server.OzoneProtocolMessageDispatcher.processRequest(OzoneProtocolMessageDispatcher.java:89) [hdds-server-framework-1.4.0-SNAPSHOT.jar:?]
	at org.apache.hadoop.ozone.protocolPB.OzoneManagerProtocolServerSideTranslatorPB.submitRequest(OzoneManagerProtocolServerSideTranslatorPB.java:162) [ozone-manager-1.4.0-SNAPSHOT.jar:?]
	at org.apache.hadoop.ozone.protocol.proto.OzoneManagerProtocolProtos$OzoneManagerService$2.callBlockingMethod(OzoneManagerProtocolProtos.java) [ozone-interface-client-1.4.0-SNAPSHOT.jar:?]
	at org.apache.hadoop.ipc.ProtobufRpcEngine$Server.processCall(ProtobufRpcEngine.java:484) [hadoop-common-3.3.6.jar:?]
	at org.apache.hadoop.ipc.ProtobufRpcEngine2$Server$ProtoBufRpcInvoker.call(ProtobufRpcEngine2.java:595) [hadoop-common-3.3.6.jar:?]
	at org.apache.hadoop.ipc.ProtobufRpcEngine2$Server$ProtoBufRpcInvoker.call(ProtobufRpcEngine2.java:573) [hadoop-common-3.3.6.jar:?]
	at org.apache.hadoop.ipc.RPC$Server.call(RPC.java:1227) [hadoop-common-3.3.6.jar:?]
	at org.apache.hadoop.ipc.Server$RpcCall.run(Server.java:1094) [hadoop-common-3.3.6.jar:?]
	at org.apache.hadoop.ipc.Server$RpcCall.run(Server.java:1017) [hadoop-common-3.3.6.jar:?]
	at java.security.AccessController.doPrivileged(Native Method) ~[?:1.8.0_392]
	at javax.security.auth.Subject.doAs(Subject.java:422) [?:1.8.0_392]
	at org.apache.hadoop.security.UserGroupInformation.doAs(UserGroupInformation.java:1899) [hadoop-common-3.3.6.jar:?]
	at org.apache.hadoop.ipc.Server$Handler.run(Server.java:3048) [hadoop-common-3.3.6.jar:?]
14:17:42.232 [IPC Server handler 8 on default port 15057] ERROR OMAudit - user=runner | ip=127.0.0.1 | op=GET_FILE_STATUS {volume=volume48931, bucket=bucket54568, key=level0/level1/file1, dataSize=0, replicationConfig=null} | ret=FAILURE
org.apache.hadoop.ozone.om.exceptions.OMException: Unable to get file status: volume: volume48931 bucket: bucket54568 key: level0/level1/file1
	at org.apache.hadoop.ozone.om.KeyManagerImpl.getOzoneFileStatusFSO(KeyManagerImpl.java:1356) ~[ozone-manager-1.4.0-SNAPSHOT.jar:?]
	at org.apache.hadoop.ozone.om.KeyManagerImpl.getFileStatus(KeyManagerImpl.java:1140) ~[ozone-manager-1.4.0-SNAPSHOT.jar:?]
	at org.apache.hadoop.ozone.om.OmMetadataReader.getFileStatus(OmMetadataReader.java:279) ~[ozone-manager-1.4.0-SNAPSHOT.jar:?]
	at org.apache.hadoop.ozone.om.OzoneManager.getFileStatus(OzoneManager.java:3629) ~[ozone-manager-1.4.0-SNAPSHOT.jar:?]
	at org.apache.hadoop.ozone.protocolPB.OzoneManagerRequestHandler.getOzoneFileStatus(OzoneManagerRequestHandler.java:1010) ~[ozone-manager-1.4.0-SNAPSHOT.jar:?]
	at org.apache.hadoop.ozone.protocolPB.OzoneManagerRequestHandler.handleReadRequest(OzoneManagerRequestHandler.java:262) ~[ozone-manager-1.4.0-SNAPSHOT.jar:?]
	at org.apache.hadoop.ozone.protocolPB.OzoneManagerProtocolServerSideTranslatorPB.submitRequestDirectlyToOM(OzoneManagerProtocolServerSideTranslatorPB.java:319) ~[ozone-manager-1.4.0-SNAPSHOT.jar:?]
	at org.apache.hadoop.ozone.protocolPB.OzoneManagerProtocolServerSideTranslatorPB.internalProcessRequest(OzoneManagerProtocolServerSideTranslatorPB.java:207) ~[ozone-manager-1.4.0-SNAPSHOT.jar:?]
	at org.apache.hadoop.ozone.protocolPB.OzoneManagerProtocolServerSideTranslatorPB.processRequest(OzoneManagerProtocolServerSideTranslatorPB.java:171) ~[ozone-manager-1.4.0-SNAPSHOT.jar:?]
	at org.apache.hadoop.hdds.server.OzoneProtocolMessageDispatcher.processRequest(OzoneProtocolMessageDispatcher.java:89) [hdds-server-framework-1.4.0-SNAPSHOT.jar:?]
	at org.apache.hadoop.ozone.protocolPB.OzoneManagerProtocolServerSideTranslatorPB.submitRequest(OzoneManagerProtocolServerSideTranslatorPB.java:162) [ozone-manager-1.4.0-SNAPSHOT.jar:?]
	at org.apache.hadoop.ozone.protocol.proto.OzoneManagerProtocolProtos$OzoneManagerService$2.callBlockingMethod(OzoneManagerProtocolProtos.java) [ozone-interface-client-1.4.0-SNAPSHOT.jar:?]
	at org.apache.hadoop.ipc.ProtobufRpcEngine$Server.processCall(ProtobufRpcEngine.java:484) [hadoop-common-3.3.6.jar:?]
	at org.apache.hadoop.ipc.ProtobufRpcEngine2$Server$ProtoBufRpcInvoker.call(ProtobufRpcEngine2.java:595) [hadoop-common-3.3.6.jar:?]
	at org.apache.hadoop.ipc.ProtobufRpcEngine2$Server$ProtoBufRpcInvoker.call(ProtobufRpcEngine2.java:573) [hadoop-common-3.3.6.jar:?]
	at org.apache.hadoop.ipc.RPC$Server.call(RPC.java:1227) [hadoop-common-3.3.6.jar:?]
	at org.apache.hadoop.ipc.Server$RpcCall.run(Server.java:1094) [hadoop-common-3.3.6.jar:?]
	at org.apache.hadoop.ipc.Server$RpcCall.run(Server.java:1017) [hadoop-common-3.3.6.jar:?]
	at java.security.AccessController.doPrivileged(Native Method) ~[?:1.8.0_392]
	at javax.security.auth.Subject.doAs(Subject.java:422) [?:1.8.0_392]
	at org.apache.hadoop.security.UserGroupInformation.doAs(UserGroupInformation.java:1899) [hadoop-common-3.3.6.jar:?]
	at org.apache.hadoop.ipc.Server$Handler.run(Server.java:3048) [hadoop-common-3.3.6.jar:?]
14:17:42.233 [IPC Server handler 9 on default port 15057] ERROR OMAudit - user=runner | ip=127.0.0.1 | op=GET_FILE_STATUS {volume=volume48931, bucket=bucket54568, key=level0/level1/level1/file1, dataSize=0, replicationConfig=null} | ret=FAILURE
org.apache.hadoop.ozone.om.exceptions.OMException: Unable to get file status: volume: volume48931 bucket: bucket54568 key: level0/level1/level1/file1
	at org.apache.hadoop.ozone.om.KeyManagerImpl.getOzoneFileStatusFSO(KeyManagerImpl.java:1356) ~[ozone-manager-1.4.0-SNAPSHOT.jar:?]
	at org.apache.hadoop.ozone.om.KeyManagerImpl.getFileStatus(KeyManagerImpl.java:1140) ~[ozone-manager-1.4.0-SNAPSHOT.jar:?]
	at org.apache.hadoop.ozone.om.OmMetadataReader.getFileStatus(OmMetadataReader.java:279) ~[ozone-manager-1.4.0-SNAPSHOT.jar:?]
	at org.apache.hadoop.ozone.om.OzoneManager.getFileStatus(OzoneManager.java:3629) ~[ozone-manager-1.4.0-SNAPSHOT.jar:?]
	at org.apache.hadoop.ozone.protocolPB.OzoneManagerRequestHandler.getOzoneFileStatus(OzoneManagerRequestHandler.java:1010) ~[ozone-manager-1.4.0-SNAPSHOT.jar:?]
	at org.apache.hadoop.ozone.protocolPB.OzoneManagerRequestHandler.handleReadRequest(OzoneManagerRequestHandler.java:262) ~[ozone-manager-1.4.0-SNAPSHOT.jar:?]
	at org.apache.hadoop.ozone.protocolPB.OzoneManagerProtocolServerSideTranslatorPB.submitRequestDirectlyToOM(OzoneManagerProtocolServerSideTranslatorPB.java:319) ~[ozone-manager-1.4.0-SNAPSHOT.jar:?]
	at org.apache.hadoop.ozone.protocolPB.OzoneManagerProtocolServerSideTranslatorPB.internalProcessRequest(OzoneManagerProtocolServerSideTranslatorPB.java:207) ~[ozone-manager-1.4.0-SNAPSHOT.jar:?]
	at org.apache.hadoop.ozone.protocolPB.OzoneManagerProtocolServerSideTranslatorPB.processRequest(OzoneManagerProtocolServerSideTranslatorPB.java:171) ~[ozone-manager-1.4.0-SNAPSHOT.jar:?]
	at org.apache.hadoop.hdds.server.OzoneProtocolMessageDispatcher.processRequest(OzoneProtocolMessageDispatcher.java:89) [hdds-server-framework-1.4.0-SNAPSHOT.jar:?]
	at org.apache.hadoop.ozone.protocolPB.OzoneManagerProtocolServerSideTranslatorPB.submitRequest(OzoneManagerProtocolServerSideTranslatorPB.java:162) [ozone-manager-1.4.0-SNAPSHOT.jar:?]
	at org.apache.hadoop.ozone.protocol.proto.OzoneManagerProtocolProtos$OzoneManagerService$2.callBlockingMethod(OzoneManagerProtocolProtos.java) [ozone-interface-client-1.4.0-SNAPSHOT.jar:?]
	at org.apache.hadoop.ipc.ProtobufRpcEngine$Server.processCall(ProtobufRpcEngine.java:484) [hadoop-common-3.3.6.jar:?]
	at org.apache.hadoop.ipc.ProtobufRpcEngine2$Server$ProtoBufRpcInvoker.call(ProtobufRpcEngine2.java:595) [hadoop-common-3.3.6.jar:?]
	at org.apache.hadoop.ipc.ProtobufRpcEngine2$Server$ProtoBufRpcInvoker.call(ProtobufRpcEngine2.java:573) [hadoop-common-3.3.6.jar:?]
	at org.apache.hadoop.ipc.RPC$Server.call(RPC.java:1227) [hadoop-common-3.3.6.jar:?]
	at org.apache.hadoop.ipc.Server$RpcCall.run(Server.java:1094) [hadoop-common-3.3.6.jar:?]
	at org.apache.hadoop.ipc.Server$RpcCall.run(Server.java:1017) [hadoop-common-3.3.6.jar:?]
	at java.security.AccessController.doPrivileged(Native Method) ~[?:1.8.0_392]
	at javax.security.auth.Subject.doAs(Subject.java:422) [?:1.8.0_392]
	at org.apache.hadoop.security.UserGroupInformation.doAs(UserGroupInformation.java:1899) [hadoop-common-3.3.6.jar:?]
	at org.apache.hadoop.ipc.Server$Handler.run(Server.java:3048) [hadoop-common-3.3.6.jar:?]
14:17:42.234 [IPC Server handler 10 on default port 15057] ERROR OMAudit - user=runner | ip=127.0.0.1 | op=GET_FILE_STATUS {volume=volume48931, bucket=bucket54568, key=level0/level2, dataSize=0, replicationConfig=null} | ret=FAILURE
org.apache.hadoop.ozone.om.exceptions.OMException: Unable to get file status: volume: volume48931 bucket: bucket54568 key: level0/level2
	at org.apache.hadoop.ozone.om.KeyManagerImpl.getOzoneFileStatusFSO(KeyManagerImpl.java:1356) ~[ozone-manager-1.4.0-SNAPSHOT.jar:?]
	at org.apache.hadoop.ozone.om.KeyManagerImpl.getFileStatus(KeyManagerImpl.java:1140) ~[ozone-manager-1.4.0-SNAPSHOT.jar:?]
	at org.apache.hadoop.ozone.om.OmMetadataReader.getFileStatus(OmMetadataReader.java:279) ~[ozone-manager-1.4.0-SNAPSHOT.jar:?]
	at org.apache.hadoop.ozone.om.OzoneManager.getFileStatus(OzoneManager.java:3629) ~[ozone-manager-1.4.0-SNAPSHOT.jar:?]
	at org.apache.hadoop.ozone.protocolPB.OzoneManagerRequestHandler.getOzoneFileStatus(OzoneManagerRequestHandler.java:1010) ~[ozone-manager-1.4.0-SNAPSHOT.jar:?]
	at org.apache.hadoop.ozone.protocolPB.OzoneManagerRequestHandler.handleReadRequest(OzoneManagerRequestHandler.java:262) ~[ozone-manager-1.4.0-SNAPSHOT.jar:?]
	at org.apache.hadoop.ozone.protocolPB.OzoneManagerProtocolServerSideTranslatorPB.submitRequestDirectlyToOM(OzoneManagerProtocolServerSideTranslatorPB.java:319) ~[ozone-manager-1.4.0-SNAPSHOT.jar:?]
	at org.apache.hadoop.ozone.protocolPB.OzoneManagerProtocolServerSideTranslatorPB.internalProcessRequest(OzoneManagerProtocolServerSideTranslatorPB.java:207) ~[ozone-manager-1.4.0-SNAPSHOT.jar:?]
	at org.apache.hadoop.ozone.protocolPB.OzoneManagerProtocolServerSideTranslatorPB.processRequest(OzoneManagerProtocolServerSideTranslatorPB.java:171) ~[ozone-manager-1.4.0-SNAPSHOT.jar:?]
	at org.apache.hadoop.hdds.server.OzoneProtocolMessageDispatcher.processRequest(OzoneProtocolMessageDispatcher.java:89) [hdds-server-framework-1.4.0-SNAPSHOT.jar:?]
	at org.apache.hadoop.ozone.protocolPB.OzoneManagerProtocolServerSideTranslatorPB.submitRequest(OzoneManagerProtocolServerSideTranslatorPB.java:162) [ozone-manager-1.4.0-SNAPSHOT.jar:?]
	at org.apache.hadoop.ozone.protocol.proto.OzoneManagerProtocolProtos$OzoneManagerService$2.callBlockingMethod(OzoneManagerProtocolProtos.java) [ozone-interface-client-1.4.0-SNAPSHOT.jar:?]
	at org.apache.hadoop.ipc.ProtobufRpcEngine$Server.processCall(ProtobufRpcEngine.java:484) [hadoop-common-3.3.6.jar:?]
	at org.apache.hadoop.ipc.ProtobufRpcEngine2$Server$ProtoBufRpcInvoker.call(ProtobufRpcEngine2.java:595) [hadoop-common-3.3.6.jar:?]
	at org.apache.hadoop.ipc.ProtobufRpcEngine2$Server$ProtoBufRpcInvoker.call(ProtobufRpcEngine2.java:573) [hadoop-common-3.3.6.jar:?]
	at org.apache.hadoop.ipc.RPC$Server.call(RPC.java:1227) [hadoop-common-3.3.6.jar:?]
	at org.apache.hadoop.ipc.Server$RpcCall.run(Server.java:1094) [hadoop-common-3.3.6.jar:?]
	at org.apache.hadoop.ipc.Server$RpcCall.run(Server.java:1017) [hadoop-common-3.3.6.jar:?]
	at java.security.AccessController.doPrivileged(Native Method) ~[?:1.8.0_392]
	at javax.security.auth.Subject.doAs(Subject.java:422) [?:1.8.0_392]
	at org.apache.hadoop.security.UserGroupInformation.doAs(UserGroupInformation.java:1899) [hadoop-common-3.3.6.jar:?]
	at org.apache.hadoop.ipc.Server$Handler.run(Server.java:3048) [hadoop-common-3.3.6.jar:?]
14:17:42.235 [IPC Server handler 11 on default port 15057] ERROR OMAudit - user=runner | ip=127.0.0.1 | op=GET_FILE_STATUS {volume=volume48931, bucket=bucket54568, key=level0/level2/level2, dataSize=0, replicationConfig=null} | ret=FAILURE
org.apache.hadoop.ozone.om.exceptions.OMException: Unable to get file status: volume: volume48931 bucket: bucket54568 key: level0/level2/level2
	at org.apache.hadoop.ozone.om.KeyManagerImpl.getOzoneFileStatusFSO(KeyManagerImpl.java:1356) ~[ozone-manager-1.4.0-SNAPSHOT.jar:?]
	at org.apache.hadoop.ozone.om.KeyManagerImpl.getFileStatus(KeyManagerImpl.java:1140) ~[ozone-manager-1.4.0-SNAPSHOT.jar:?]
	at org.apache.hadoop.ozone.om.OmMetadataReader.getFileStatus(OmMetadataReader.java:279) ~[ozone-manager-1.4.0-SNAPSHOT.jar:?]
	at org.apache.hadoop.ozone.om.OzoneManager.getFileStatus(OzoneManager.java:3629) ~[ozone-manager-1.4.0-SNAPSHOT.jar:?]
	at org.apache.hadoop.ozone.protocolPB.OzoneManagerRequestHandler.getOzoneFileStatus(OzoneManagerRequestHandler.java:1010) ~[ozone-manager-1.4.0-SNAPSHOT.jar:?]
	at org.apache.hadoop.ozone.protocolPB.OzoneManagerRequestHandler.handleReadRequest(OzoneManagerRequestHandler.java:262) ~[ozone-manager-1.4.0-SNAPSHOT.jar:?]
	at org.apache.hadoop.ozone.protocolPB.OzoneManagerProtocolServerSideTranslatorPB.submitRequestDirectlyToOM(OzoneManagerProtocolServerSideTranslatorPB.java:319) ~[ozone-manager-1.4.0-SNAPSHOT.jar:?]
	at org.apache.hadoop.ozone.protocolPB.OzoneManagerProtocolServerSideTranslatorPB.internalProcessRequest(OzoneManagerProtocolServerSideTranslatorPB.java:207) ~[ozone-manager-1.4.0-SNAPSHOT.jar:?]
	at org.apache.hadoop.ozone.protocolPB.OzoneManagerProtocolServerSideTranslatorPB.processRequest(OzoneManagerProtocolServerSideTranslatorPB.java:171) ~[ozone-manager-1.4.0-SNAPSHOT.jar:?]
	at org.apache.hadoop.hdds.server.OzoneProtocolMessageDispatcher.processRequest(OzoneProtocolMessageDispatcher.java:89) [hdds-server-framework-1.4.0-SNAPSHOT.jar:?]
	at org.apache.hadoop.ozone.protocolPB.OzoneManagerProtocolServerSideTranslatorPB.submitRequest(OzoneManagerProtocolServerSideTranslatorPB.java:162) [ozone-manager-1.4.0-SNAPSHOT.jar:?]
	at org.apache.hadoop.ozone.protocol.proto.OzoneManagerProtocolProtos$OzoneManagerService$2.callBlockingMethod(OzoneManagerProtocolProtos.java) [ozone-interface-client-1.4.0-SNAPSHOT.jar:?]
	at org.apache.hadoop.ipc.ProtobufRpcEngine$Server.processCall(ProtobufRpcEngine.java:484) [hadoop-common-3.3.6.jar:?]
	at org.apache.hadoop.ipc.ProtobufRpcEngine2$Server$ProtoBufRpcInvoker.call(ProtobufRpcEngine2.java:595) [hadoop-common-3.3.6.jar:?]
	at org.apache.hadoop.ipc.ProtobufRpcEngine2$Server$ProtoBufRpcInvoker.call(ProtobufRpcEngine2.java:573) [hadoop-common-3.3.6.jar:?]
	at org.apache.hadoop.ipc.RPC$Server.call(RPC.java:1227) [hadoop-common-3.3.6.jar:?]
	at org.apache.hadoop.ipc.Server$RpcCall.run(Server.java:1094) [hadoop-common-3.3.6.jar:?]
	at org.apache.hadoop.ipc.Server$RpcCall.run(Server.java:1017) [hadoop-common-3.3.6.jar:?]
	at java.security.AccessController.doPrivileged(Native Method) ~[?:1.8.0_392]
	at javax.security.auth.Subject.doAs(Subject.java:422) [?:1.8.0_392]
	at org.apache.hadoop.security.UserGroupInformation.doAs(UserGroupInformation.java:1899) [hadoop-common-3.3.6.jar:?]
	at org.apache.hadoop.ipc.Server$Handler.run(Server.java:3048) [hadoop-common-3.3.6.jar:?]
14:17:42.236 [IPC Server handler 12 on default port 15057] ERROR OMAudit - user=runner | ip=127.0.0.1 | op=GET_FILE_STATUS {volume=volume48931, bucket=bucket54568, key=level0/level2/file1, dataSize=0, replicationConfig=null} | ret=FAILURE
org.apache.hadoop.ozone.om.exceptions.OMException: Unable to get file status: volume: volume48931 bucket: bucket54568 key: level0/level2/file1
	at org.apache.hadoop.ozone.om.KeyManagerImpl.getOzoneFileStatusFSO(KeyManagerImpl.java:1356) ~[ozone-manager-1.4.0-SNAPSHOT.jar:?]
	at org.apache.hadoop.ozone.om.KeyManagerImpl.getFileStatus(KeyManagerImpl.java:1140) ~[ozone-manager-1.4.0-SNAPSHOT.jar:?]
	at org.apache.hadoop.ozone.om.OmMetadataReader.getFileStatus(OmMetadataReader.java:279) ~[ozone-manager-1.4.0-SNAPSHOT.jar:?]
	at org.apache.hadoop.ozone.om.OzoneManager.getFileStatus(OzoneManager.java:3629) ~[ozone-manager-1.4.0-SNAPSHOT.jar:?]
	at org.apache.hadoop.ozone.protocolPB.OzoneManagerRequestHandler.getOzoneFileStatus(OzoneManagerRequestHandler.java:1010) ~[ozone-manager-1.4.0-SNAPSHOT.jar:?]
	at org.apache.hadoop.ozone.protocolPB.OzoneManagerRequestHandler.handleReadRequest(OzoneManagerRequestHandler.java:262) ~[ozone-manager-1.4.0-SNAPSHOT.jar:?]
	at org.apache.hadoop.ozone.protocolPB.OzoneManagerProtocolServerSideTranslatorPB.submitRequestDirectlyToOM(OzoneManagerProtocolServerSideTranslatorPB.java:319) ~[ozone-manager-1.4.0-SNAPSHOT.jar:?]
	at org.apache.hadoop.ozone.protocolPB.OzoneManagerProtocolServerSideTranslatorPB.internalProcessRequest(OzoneManagerProtocolServerSideTranslatorPB.java:207) ~[ozone-manager-1.4.0-SNAPSHOT.jar:?]
	at org.apache.hadoop.ozone.protocolPB.OzoneManagerProtocolServerSideTranslatorPB.processRequest(OzoneManagerProtocolServerSideTranslatorPB.java:171) ~[ozone-manager-1.4.0-SNAPSHOT.jar:?]
	at org.apache.hadoop.hdds.server.OzoneProtocolMessageDispatcher.processRequest(OzoneProtocolMessageDispatcher.java:89) [hdds-server-framework-1.4.0-SNAPSHOT.jar:?]
	at org.apache.hadoop.ozone.protocolPB.OzoneManagerProtocolServerSideTranslatorPB.submitRequest(OzoneManagerProtocolServerSideTranslatorPB.java:162) [ozone-manager-1.4.0-SNAPSHOT.jar:?]
	at org.apache.hadoop.ozone.protocol.proto.OzoneManagerProtocolProtos$OzoneManagerService$2.callBlockingMethod(OzoneManagerProtocolProtos.java) [ozone-interface-client-1.4.0-SNAPSHOT.jar:?]
	at org.apache.hadoop.ipc.ProtobufRpcEngine$Server.processCall(ProtobufRpcEngine.java:484) [hadoop-common-3.3.6.jar:?]
	at org.apache.hadoop.ipc.ProtobufRpcEngine2$Server$ProtoBufRpcInvoker.call(ProtobufRpcEngine2.java:595) [hadoop-common-3.3.6.jar:?]
	at org.apache.hadoop.ipc.ProtobufRpcEngine2$Server$ProtoBufRpcInvoker.call(ProtobufRpcEngine2.java:573) [hadoop-common-3.3.6.jar:?]
	at org.apache.hadoop.ipc.RPC$Server.call(RPC.java:1227) [hadoop-common-3.3.6.jar:?]
	at org.apache.hadoop.ipc.Server$RpcCall.run(Server.java:1094) [hadoop-common-3.3.6.jar:?]
	at org.apache.hadoop.ipc.Server$RpcCall.run(Server.java:1017) [hadoop-common-3.3.6.jar:?]
	at java.security.AccessController.doPrivileged(Native Method) ~[?:1.8.0_392]
	at javax.security.auth.Subject.doAs(Subject.java:422) [?:1.8.0_392]
	at org.apache.hadoop.security.UserGroupInformation.doAs(UserGroupInformation.java:1899) [hadoop-common-3.3.6.jar:?]
	at org.apache.hadoop.ipc.Server$Handler.run(Server.java:3048) [hadoop-common-3.3.6.jar:?]
14:17:42.237 [IPC Server handler 13 on default port 15057] ERROR OMAudit - user=runner | ip=127.0.0.1 | op=GET_FILE_STATUS {volume=volume48931, bucket=bucket54568, key=level0/level2/level2/file1, dataSize=0, replicationConfig=null} | ret=FAILURE
org.apache.hadoop.ozone.om.exceptions.OMException: Unable to get file status: volume: volume48931 bucket: bucket54568 key: level0/level2/level2/file1
	at org.apache.hadoop.ozone.om.KeyManagerImpl.getOzoneFileStatusFSO(KeyManagerImpl.java:1356) ~[ozone-manager-1.4.0-SNAPSHOT.jar:?]
	at org.apache.hadoop.ozone.om.KeyManagerImpl.getFileStatus(KeyManagerImpl.java:1140) ~[ozone-manager-1.4.0-SNAPSHOT.jar:?]
	at org.apache.hadoop.ozone.om.OmMetadataReader.getFileStatus(OmMetadataReader.java:279) ~[ozone-manager-1.4.0-SNAPSHOT.jar:?]
	at org.apache.hadoop.ozone.om.OzoneManager.getFileStatus(OzoneManager.java:3629) ~[ozone-manager-1.4.0-SNAPSHOT.jar:?]
	at org.apache.hadoop.ozone.protocolPB.OzoneManagerRequestHandler.getOzoneFileStatus(OzoneManagerRequestHandler.java:1010) ~[ozone-manager-1.4.0-SNAPSHOT.jar:?]
	at org.apache.hadoop.ozone.protocolPB.OzoneManagerRequestHandler.handleReadRequest(OzoneManagerRequestHandler.java:262) ~[ozone-manager-1.4.0-SNAPSHOT.jar:?]
	at org.apache.hadoop.ozone.protocolPB.OzoneManagerProtocolServerSideTranslatorPB.submitRequestDirectlyToOM(OzoneManagerProtocolServerSideTranslatorPB.java:319) ~[ozone-manager-1.4.0-SNAPSHOT.jar:?]
	at org.apache.hadoop.ozone.protocolPB.OzoneManagerProtocolServerSideTranslatorPB.internalProcessRequest(OzoneManagerProtocolServerSideTranslatorPB.java:207) ~[ozone-manager-1.4.0-SNAPSHOT.jar:?]
	at org.apache.hadoop.ozone.protocolPB.OzoneManagerProtocolServerSideTranslatorPB.processRequest(OzoneManagerProtocolServerSideTranslatorPB.java:171) ~[ozone-manager-1.4.0-SNAPSHOT.jar:?]
	at org.apache.hadoop.hdds.server.OzoneProtocolMessageDispatcher.processRequest(OzoneProtocolMessageDispatcher.java:89) [hdds-server-framework-1.4.0-SNAPSHOT.jar:?]
	at org.apache.hadoop.ozone.protocolPB.OzoneManagerProtocolServerSideTranslatorPB.submitRequest(OzoneManagerProtocolServerSideTranslatorPB.java:162) [ozone-manager-1.4.0-SNAPSHOT.jar:?]
	at org.apache.hadoop.ozone.protocol.proto.OzoneManagerProtocolProtos$OzoneManagerService$2.callBlockingMethod(OzoneManagerProtocolProtos.java) [ozone-interface-client-1.4.0-SNAPSHOT.jar:?]
	at org.apache.hadoop.ipc.ProtobufRpcEngine$Server.processCall(ProtobufRpcEngine.java:484) [hadoop-common-3.3.6.jar:?]
	at org.apache.hadoop.ipc.ProtobufRpcEngine2$Server$ProtoBufRpcInvoker.call(ProtobufRpcEngine2.java:595) [hadoop-common-3.3.6.jar:?]
	at org.apache.hadoop.ipc.ProtobufRpcEngine2$Server$ProtoBufRpcInvoker.call(ProtobufRpcEngine2.java:573) [hadoop-common-3.3.6.jar:?]
	at org.apache.hadoop.ipc.RPC$Server.call(RPC.java:1227) [hadoop-common-3.3.6.jar:?]
	at org.apache.hadoop.ipc.Server$RpcCall.run(Server.java:1094) [hadoop-common-3.3.6.jar:?]
	at org.apache.hadoop.ipc.Server$RpcCall.run(Server.java:1017) [hadoop-common-3.3.6.jar:?]
	at java.security.AccessController.doPrivileged(Native Method) ~[?:1.8.0_392]
	at javax.security.auth.Subject.doAs(Subject.java:422) [?:1.8.0_392]
	at org.apache.hadoop.security.UserGroupInformation.doAs(UserGroupInformation.java:1899) [hadoop-common-3.3.6.jar:?]
	at org.apache.hadoop.ipc.Server$Handler.run(Server.java:3048) [hadoop-common-3.3.6.jar:?]
14:17:42.237 [IPC Server handler 14 on default port 15057] ERROR OMAudit - user=runner | ip=127.0.0.1 | op=GET_FILE_STATUS {volume=volume48931, bucket=bucket54568, key=level0/level3, dataSize=0, replicationConfig=null} | ret=FAILURE
org.apache.hadoop.ozone.om.exceptions.OMException: Unable to get file status: volume: volume48931 bucket: bucket54568 key: level0/level3
	at org.apache.hadoop.ozone.om.KeyManagerImpl.getOzoneFileStatusFSO(KeyManagerImpl.java:1356) ~[ozone-manager-1.4.0-SNAPSHOT.jar:?]
	at org.apache.hadoop.ozone.om.KeyManagerImpl.getFileStatus(KeyManagerImpl.java:1140) ~[ozone-manager-1.4.0-SNAPSHOT.jar:?]
	at org.apache.hadoop.ozone.om.OmMetadataReader.getFileStatus(OmMetadataReader.java:279) ~[ozone-manager-1.4.0-SNAPSHOT.jar:?]
	at org.apache.hadoop.ozone.om.OzoneManager.getFileStatus(OzoneManager.java:3629) ~[ozone-manager-1.4.0-SNAPSHOT.jar:?]
	at org.apache.hadoop.ozone.protocolPB.OzoneManagerRequestHandler.getOzoneFileStatus(OzoneManagerRequestHandler.java:1010) ~[ozone-manager-1.4.0-SNAPSHOT.jar:?]
	at org.apache.hadoop.ozone.protocolPB.OzoneManagerRequestHandler.handleReadRequest(OzoneManagerRequestHandler.java:262) ~[ozone-manager-1.4.0-SNAPSHOT.jar:?]
	at org.apache.hadoop.ozone.protocolPB.OzoneManagerProtocolServerSideTranslatorPB.submitRequestDirectlyToOM(OzoneManagerProtocolServerSideTranslatorPB.java:319) ~[ozone-manager-1.4.0-SNAPSHOT.jar:?]
	at org.apache.hadoop.ozone.protocolPB.OzoneManagerProtocolServerSideTranslatorPB.internalProcessRequest(OzoneManagerProtocolServerSideTranslatorPB.java:207) ~[ozone-manager-1.4.0-SNAPSHOT.jar:?]
	at org.apache.hadoop.ozone.protocolPB.OzoneManagerProtocolServerSideTranslatorPB.processRequest(OzoneManagerProtocolServerSideTranslatorPB.java:171) ~[ozone-manager-1.4.0-SNAPSHOT.jar:?]
	at org.apache.hadoop.hdds.server.OzoneProtocolMessageDispatcher.processRequest(OzoneProtocolMessageDispatcher.java:89) [hdds-server-framework-1.4.0-SNAPSHOT.jar:?]
	at org.apache.hadoop.ozone.protocolPB.OzoneManagerProtocolServerSideTranslatorPB.submitRequest(OzoneManagerProtocolServerSideTranslatorPB.java:162) [ozone-manager-1.4.0-SNAPSHOT.jar:?]
	at org.apache.hadoop.ozone.protocol.proto.OzoneManagerProtocolProtos$OzoneManagerService$2.callBlockingMethod(OzoneManagerProtocolProtos.java) [ozone-interface-client-1.4.0-SNAPSHOT.jar:?]
	at org.apache.hadoop.ipc.ProtobufRpcEngine$Server.processCall(ProtobufRpcEngine.java:484) [hadoop-common-3.3.6.jar:?]
	at org.apache.hadoop.ipc.ProtobufRpcEngine2$Server$ProtoBufRpcInvoker.call(ProtobufRpcEngine2.java:595) [hadoop-common-3.3.6.jar:?]
	at org.apache.hadoop.ipc.ProtobufRpcEngine2$Server$ProtoBufRpcInvoker.call(ProtobufRpcEngine2.java:573) [hadoop-common-3.3.6.jar:?]
	at org.apache.hadoop.ipc.RPC$Server.call(RPC.java:1227) [hadoop-common-3.3.6.jar:?]
	at org.apache.hadoop.ipc.Server$RpcCall.run(Server.java:1094) [hadoop-common-3.3.6.jar:?]
	at org.apache.hadoop.ipc.Server$RpcCall.run(Server.java:1017) [hadoop-common-3.3.6.jar:?]
	at java.security.AccessController.doPrivileged(Native Method) ~[?:1.8.0_392]
	at javax.security.auth.Subject.doAs(Subject.java:422) [?:1.8.0_392]
	at org.apache.hadoop.security.UserGroupInformation.doAs(UserGroupInformation.java:1899) [hadoop-common-3.3.6.jar:?]
	at org.apache.hadoop.ipc.Server$Handler.run(Server.java:3048) [hadoop-common-3.3.6.jar:?]
14:17:42.238 [IPC Server handler 15 on default port 15057] ERROR OMAudit - user=runner | ip=127.0.0.1 | op=GET_FILE_STATUS {volume=volume48931, bucket=bucket54568, key=level0/level3/level3, dataSize=0, replicationConfig=null} | ret=FAILURE
org.apache.hadoop.ozone.om.exceptions.OMException: Unable to get file status: volume: volume48931 bucket: bucket54568 key: level0/level3/level3
	at org.apache.hadoop.ozone.om.KeyManagerImpl.getOzoneFileStatusFSO(KeyManagerImpl.java:1356) ~[ozone-manager-1.4.0-SNAPSHOT.jar:?]
	at org.apache.hadoop.ozone.om.KeyManagerImpl.getFileStatus(KeyManagerImpl.java:1140) ~[ozone-manager-1.4.0-SNAPSHOT.jar:?]
	at org.apache.hadoop.ozone.om.OmMetadataReader.getFileStatus(OmMetadataReader.java:279) ~[ozone-manager-1.4.0-SNAPSHOT.jar:?]
	at org.apache.hadoop.ozone.om.OzoneManager.getFileStatus(OzoneManager.java:3629) ~[ozone-manager-1.4.0-SNAPSHOT.jar:?]
	at org.apache.hadoop.ozone.protocolPB.OzoneManagerRequestHandler.getOzoneFileStatus(OzoneManagerRequestHandler.java:1010) ~[ozone-manager-1.4.0-SNAPSHOT.jar:?]
	at org.apache.hadoop.ozone.protocolPB.OzoneManagerRequestHandler.handleReadRequest(OzoneManagerRequestHandler.java:262) ~[ozone-manager-1.4.0-SNAPSHOT.jar:?]
	at org.apache.hadoop.ozone.protocolPB.OzoneManagerProtocolServerSideTranslatorPB.submitRequestDirectlyToOM(OzoneManagerProtocolServerSideTranslatorPB.java:319) ~[ozone-manager-1.4.0-SNAPSHOT.jar:?]
	at org.apache.hadoop.ozone.protocolPB.OzoneManagerProtocolServerSideTranslatorPB.internalProcessRequest(OzoneManagerProtocolServerSideTranslatorPB.java:207) ~[ozone-manager-1.4.0-SNAPSHOT.jar:?]
	at org.apache.hadoop.ozone.protocolPB.OzoneManagerProtocolServerSideTranslatorPB.processRequest(OzoneManagerProtocolServerSideTranslatorPB.java:171) ~[ozone-manager-1.4.0-SNAPSHOT.jar:?]
	at org.apache.hadoop.hdds.server.OzoneProtocolMessageDispatcher.processRequest(OzoneProtocolMessageDispatcher.java:89) [hdds-server-framework-1.4.0-SNAPSHOT.jar:?]
	at org.apache.hadoop.ozone.protocolPB.OzoneManagerProtocolServerSideTranslatorPB.submitRequest(OzoneManagerProtocolServerSideTranslatorPB.java:162) [ozone-manager-1.4.0-SNAPSHOT.jar:?]
	at org.apache.hadoop.ozone.protocol.proto.OzoneManagerProtocolProtos$OzoneManagerService$2.callBlockingMethod(OzoneManagerProtocolProtos.java) [ozone-interface-client-1.4.0-SNAPSHOT.jar:?]
	at org.apache.hadoop.ipc.ProtobufRpcEngine$Server.processCall(ProtobufRpcEngine.java:484) [hadoop-common-3.3.6.jar:?]
	at org.apache.hadoop.ipc.ProtobufRpcEngine2$Server$ProtoBufRpcInvoker.call(ProtobufRpcEngine2.java:595) [hadoop-common-3.3.6.jar:?]
	at org.apache.hadoop.ipc.ProtobufRpcEngine2$Server$ProtoBufRpcInvoker.call(ProtobufRpcEngine2.java:573) [hadoop-common-3.3.6.jar:?]
	at org.apache.hadoop.ipc.RPC$Server.call(RPC.java:1227) [hadoop-common-3.3.6.jar:?]
	at org.apache.hadoop.ipc.Server$RpcCall.run(Server.java:1094) [hadoop-common-3.3.6.jar:?]
	at org.apache.hadoop.ipc.Server$RpcCall.run(Server.java:1017) [hadoop-common-3.3.6.jar:?]
	at java.security.AccessController.doPrivileged(Native Method) ~[?:1.8.0_392]
	at javax.security.auth.Subject.doAs(Subject.java:422) [?:1.8.0_392]
	at org.apache.hadoop.security.UserGroupInformation.doAs(UserGroupInformation.java:1899) [hadoop-common-3.3.6.jar:?]
	at org.apache.hadoop.ipc.Server$Handler.run(Server.java:3048) [hadoop-common-3.3.6.jar:?]
14:17:42.239 [IPC Server handler 16 on default port 15057] ERROR OMAudit - user=runner | ip=127.0.0.1 | op=GET_FILE_STATUS {volume=volume48931, bucket=bucket54568, key=level0/level3/file1, dataSize=0, replicationConfig=null} | ret=FAILURE
org.apache.hadoop.ozone.om.exceptions.OMException: Unable to get file status: volume: volume48931 bucket: bucket54568 key: level0/level3/file1
	at org.apache.hadoop.ozone.om.KeyManagerImpl.getOzoneFileStatusFSO(KeyManagerImpl.java:1356) ~[ozone-manager-1.4.0-SNAPSHOT.jar:?]
	at org.apache.hadoop.ozone.om.KeyManagerImpl.getFileStatus(KeyManagerImpl.java:1140) ~[ozone-manager-1.4.0-SNAPSHOT.jar:?]
	at org.apache.hadoop.ozone.om.OmMetadataReader.getFileStatus(OmMetadataReader.java:279) ~[ozone-manager-1.4.0-SNAPSHOT.jar:?]
	at org.apache.hadoop.ozone.om.OzoneManager.getFileStatus(OzoneManager.java:3629) ~[ozone-manager-1.4.0-SNAPSHOT.jar:?]
	at org.apache.hadoop.ozone.protocolPB.OzoneManagerRequestHandler.getOzoneFileStatus(OzoneManagerRequestHandler.java:1010) ~[ozone-manager-1.4.0-SNAPSHOT.jar:?]
	at org.apache.hadoop.ozone.protocolPB.OzoneManagerRequestHandler.handleReadRequest(OzoneManagerRequestHandler.java:262) ~[ozone-manager-1.4.0-SNAPSHOT.jar:?]
	at org.apache.hadoop.ozone.protocolPB.OzoneManagerProtocolServerSideTranslatorPB.submitRequestDirectlyToOM(OzoneManagerProtocolServerSideTranslatorPB.java:319) ~[ozone-manager-1.4.0-SNAPSHOT.jar:?]
	at org.apache.hadoop.ozone.protocolPB.OzoneManagerProtocolServerSideTranslatorPB.internalProcessRequest(OzoneManagerProtocolServerSideTranslatorPB.java:207) ~[ozone-manager-1.4.0-SNAPSHOT.jar:?]
	at org.apache.hadoop.ozone.protocolPB.OzoneManagerProtocolServerSideTranslatorPB.processRequest(OzoneManagerProtocolServerSideTranslatorPB.java:171) ~[ozone-manager-1.4.0-SNAPSHOT.jar:?]
	at org.apache.hadoop.hdds.server.OzoneProtocolMessageDispatcher.processRequest(OzoneProtocolMessageDispatcher.java:89) [hdds-server-framework-1.4.0-SNAPSHOT.jar:?]
	at org.apache.hadoop.ozone.protocolPB.OzoneManagerProtocolServerSideTranslatorPB.submitRequest(OzoneManagerProtocolServerSideTranslatorPB.java:162) [ozone-manager-1.4.0-SNAPSHOT.jar:?]
	at org.apache.hadoop.ozone.protocol.proto.OzoneManagerProtocolProtos$OzoneManagerService$2.callBlockingMethod(OzoneManagerProtocolProtos.java) [ozone-interface-client-1.4.0-SNAPSHOT.jar:?]
	at org.apache.hadoop.ipc.ProtobufRpcEngine$Server.processCall(ProtobufRpcEngine.java:484) [hadoop-common-3.3.6.jar:?]
	at org.apache.hadoop.ipc.ProtobufRpcEngine2$Server$ProtoBufRpcInvoker.call(ProtobufRpcEngine2.java:595) [hadoop-common-3.3.6.jar:?]
	at org.apache.hadoop.ipc.ProtobufRpcEngine2$Server$ProtoBufRpcInvoker.call(ProtobufRpcEngine2.java:573) [hadoop-common-3.3.6.jar:?]
	at org.apache.hadoop.ipc.RPC$Server.call(RPC.java:1227) [hadoop-common-3.3.6.jar:?]
	at org.apache.hadoop.ipc.Server$RpcCall.run(Server.java:1094) [hadoop-common-3.3.6.jar:?]
	at org.apache.hadoop.ipc.Server$RpcCall.run(Server.java:1017) [hadoop-common-3.3.6.jar:?]
	at java.security.AccessController.doPrivileged(Native Method) ~[?:1.8.0_392]
	at javax.security.auth.Subject.doAs(Subject.java:422) [?:1.8.0_392]
	at org.apache.hadoop.security.UserGroupInformation.doAs(UserGroupInformation.java:1899) [hadoop-common-3.3.6.jar:?]
	at org.apache.hadoop.ipc.Server$Handler.run(Server.java:3048) [hadoop-common-3.3.6.jar:?]
14:17:42.240 [IPC Server handler 17 on default port 15057] ERROR OMAudit - user=runner | ip=127.0.0.1 | op=GET_FILE_STATUS {volume=volume48931, bucket=bucket54568, key=level0/level3/level3/file1, dataSize=0, replicationConfig=null} | ret=FAILURE
org.apache.hadoop.ozone.om.exceptions.OMException: Unable to get file status: volume: volume48931 bucket: bucket54568 key: level0/level3/level3/file1
	at org.apache.hadoop.ozone.om.KeyManagerImpl.getOzoneFileStatusFSO(KeyManagerImpl.java:1356) ~[ozone-manager-1.4.0-SNAPSHOT.jar:?]
	at org.apache.hadoop.ozone.om.KeyManagerImpl.getFileStatus(KeyManagerImpl.java:1140) ~[ozone-manager-1.4.0-SNAPSHOT.jar:?]
	at org.apache.hadoop.ozone.om.OmMetadataReader.getFileStatus(OmMetadataReader.java:279) ~[ozone-manager-1.4.0-SNAPSHOT.jar:?]
	at org.apache.hadoop.ozone.om.OzoneManager.getFileStatus(OzoneManager.java:3629) ~[ozone-manager-1.4.0-SNAPSHOT.jar:?]
	at org.apache.hadoop.ozone.protocolPB.OzoneManagerRequestHandler.getOzoneFileStatus(OzoneManagerRequestHandler.java:1010) ~[ozone-manager-1.4.0-SNAPSHOT.jar:?]
	at org.apache.hadoop.ozone.protocolPB.OzoneManagerRequestHandler.handleReadRequest(OzoneManagerRequestHandler.java:262) ~[ozone-manager-1.4.0-SNAPSHOT.jar:?]
	at org.apache.hadoop.ozone.protocolPB.OzoneManagerProtocolServerSideTranslatorPB.submitRequestDirectlyToOM(OzoneManagerProtocolServerSideTranslatorPB.java:319) ~[ozone-manager-1.4.0-SNAPSHOT.jar:?]
	at org.apache.hadoop.ozone.protocolPB.OzoneManagerProtocolServerSideTranslatorPB.internalProcessRequest(OzoneManagerProtocolServerSideTranslatorPB.java:207) ~[ozone-manager-1.4.0-SNAPSHOT.jar:?]
	at org.apache.hadoop.ozone.protocolPB.OzoneManagerProtocolServerSideTranslatorPB.processRequest(OzoneManagerProtocolServerSideTranslatorPB.java:171) ~[ozone-manager-1.4.0-SNAPSHOT.jar:?]
	at org.apache.hadoop.hdds.server.OzoneProtocolMessageDispatcher.processRequest(OzoneProtocolMessageDispatcher.java:89) [hdds-server-framework-1.4.0-SNAPSHOT.jar:?]
	at org.apache.hadoop.ozone.protocolPB.OzoneManagerProtocolServerSideTranslatorPB.submitRequest(OzoneManagerProtocolServerSideTranslatorPB.java:162) [ozone-manager-1.4.0-SNAPSHOT.jar:?]
	at org.apache.hadoop.ozone.protocol.proto.OzoneManagerProtocolProtos$OzoneManagerService$2.callBlockingMethod(OzoneManagerProtocolProtos.java) [ozone-interface-client-1.4.0-SNAPSHOT.jar:?]
	at org.apache.hadoop.ipc.ProtobufRpcEngine$Server.processCall(ProtobufRpcEngine.java:484) [hadoop-common-3.3.6.jar:?]
	at org.apache.hadoop.ipc.ProtobufRpcEngine2$Server$ProtoBufRpcInvoker.call(ProtobufRpcEngine2.java:595) [hadoop-common-3.3.6.jar:?]
	at org.apache.hadoop.ipc.ProtobufRpcEngine2$Server$ProtoBufRpcInvoker.call(ProtobufRpcEngine2.java:573) [hadoop-common-3.3.6.jar:?]
	at org.apache.hadoop.ipc.RPC$Server.call(RPC.java:1227) [hadoop-common-3.3.6.jar:?]
	at org.apache.hadoop.ipc.Server$RpcCall.run(Server.java:1094) [hadoop-common-3.3.6.jar:?]
	at org.apache.hadoop.ipc.Server$RpcCall.run(Server.java:1017) [hadoop-common-3.3.6.jar:?]
	at java.security.AccessController.doPrivileged(Native Method) ~[?:1.8.0_392]
	at javax.security.auth.Subject.doAs(Subject.java:422) [?:1.8.0_392]
	at org.apache.hadoop.security.UserGroupInformation.doAs(UserGroupInformation.java:1899) [hadoop-common-3.3.6.jar:?]
	at org.apache.hadoop.ipc.Server$Handler.run(Server.java:3048) [hadoop-common-3.3.6.jar:?]
]]></system-out>
  </testcase>
  <testcase name="testGetTrashRoots" classname="TestOzoneFileSystemWithFSO" time="0.043">
    <system-out><![CDATA[14:17:15.501 [IPC Server handler 4 on default port 15004] ERROR OMAudit - user=runner | ip=127.0.0.1 | op=GET_FILE_STATUS {volume=volume73660, bucket=bucket24382, key=.Trash/runner, dataSize=0, replicationConfig=null} | ret=FAILURE
org.apache.hadoop.ozone.om.exceptions.OMException: Unable to get file status: volume: volume73660 bucket: bucket24382 key: .Trash/runner
	at org.apache.hadoop.ozone.om.KeyManagerImpl.getOzoneFileStatusFSO(KeyManagerImpl.java:1356) ~[ozone-manager-1.4.0-SNAPSHOT.jar:?]
	at org.apache.hadoop.ozone.om.KeyManagerImpl.getFileStatus(KeyManagerImpl.java:1140) ~[ozone-manager-1.4.0-SNAPSHOT.jar:?]
	at org.apache.hadoop.ozone.om.OmMetadataReader.getFileStatus(OmMetadataReader.java:279) ~[ozone-manager-1.4.0-SNAPSHOT.jar:?]
	at org.apache.hadoop.ozone.om.OzoneManager.getFileStatus(OzoneManager.java:3629) ~[ozone-manager-1.4.0-SNAPSHOT.jar:?]
	at org.apache.hadoop.ozone.protocolPB.OzoneManagerRequestHandler.getOzoneFileStatus(OzoneManagerRequestHandler.java:1010) ~[ozone-manager-1.4.0-SNAPSHOT.jar:?]
	at org.apache.hadoop.ozone.protocolPB.OzoneManagerRequestHandler.handleReadRequest(OzoneManagerRequestHandler.java:262) ~[ozone-manager-1.4.0-SNAPSHOT.jar:?]
	at org.apache.hadoop.ozone.protocolPB.OzoneManagerProtocolServerSideTranslatorPB.submitReadRequestToOM(OzoneManagerProtocolServerSideTranslatorPB.java:265) ~[ozone-manager-1.4.0-SNAPSHOT.jar:?]
	at org.apache.hadoop.ozone.protocolPB.OzoneManagerProtocolServerSideTranslatorPB.internalProcessRequest(OzoneManagerProtocolServerSideTranslatorPB.java:211) ~[ozone-manager-1.4.0-SNAPSHOT.jar:?]
	at org.apache.hadoop.ozone.protocolPB.OzoneManagerProtocolServerSideTranslatorPB.processRequest(OzoneManagerProtocolServerSideTranslatorPB.java:171) ~[ozone-manager-1.4.0-SNAPSHOT.jar:?]
	at org.apache.hadoop.hdds.server.OzoneProtocolMessageDispatcher.processRequest(OzoneProtocolMessageDispatcher.java:89) [hdds-server-framework-1.4.0-SNAPSHOT.jar:?]
	at org.apache.hadoop.ozone.protocolPB.OzoneManagerProtocolServerSideTranslatorPB.submitRequest(OzoneManagerProtocolServerSideTranslatorPB.java:162) [ozone-manager-1.4.0-SNAPSHOT.jar:?]
	at org.apache.hadoop.ozone.protocol.proto.OzoneManagerProtocolProtos$OzoneManagerService$2.callBlockingMethod(OzoneManagerProtocolProtos.java) [ozone-interface-client-1.4.0-SNAPSHOT.jar:?]
	at org.apache.hadoop.ipc.ProtobufRpcEngine$Server.processCall(ProtobufRpcEngine.java:484) [hadoop-common-3.3.6.jar:?]
	at org.apache.hadoop.ipc.ProtobufRpcEngine2$Server$ProtoBufRpcInvoker.call(ProtobufRpcEngine2.java:595) [hadoop-common-3.3.6.jar:?]
	at org.apache.hadoop.ipc.ProtobufRpcEngine2$Server$ProtoBufRpcInvoker.call(ProtobufRpcEngine2.java:573) [hadoop-common-3.3.6.jar:?]
	at org.apache.hadoop.ipc.RPC$Server.call(RPC.java:1227) [hadoop-common-3.3.6.jar:?]
	at org.apache.hadoop.ipc.Server$RpcCall.run(Server.java:1094) [hadoop-common-3.3.6.jar:?]
	at org.apache.hadoop.ipc.Server$RpcCall.run(Server.java:1017) [hadoop-common-3.3.6.jar:?]
	at java.security.AccessController.doPrivileged(Native Method) ~[?:1.8.0_392]
	at javax.security.auth.Subject.doAs(Subject.java:422) [?:1.8.0_392]
	at org.apache.hadoop.security.UserGroupInformation.doAs(UserGroupInformation.java:1899) [hadoop-common-3.3.6.jar:?]
	at org.apache.hadoop.ipc.Server$Handler.run(Server.java:3048) [hadoop-common-3.3.6.jar:?]
]]></system-out>
  </testcase>
  <testcase name="testGetTrashRoots" classname="TestOzoneFileSystemWithFSO" time="0.019">
    <system-out><![CDATA[14:17:42.244 [IPC Server handler 0 on default port 15057] ERROR OMAudit - user=runner | ip=127.0.0.1 | op=GET_FILE_STATUS {volume=volume48931, bucket=bucket54568, key=.Trash/runner, dataSize=0, replicationConfig=null} | ret=FAILURE
org.apache.hadoop.ozone.om.exceptions.OMException: Unable to get file status: volume: volume48931 bucket: bucket54568 key: .Trash/runner
	at org.apache.hadoop.ozone.om.KeyManagerImpl.getOzoneFileStatusFSO(KeyManagerImpl.java:1356) ~[ozone-manager-1.4.0-SNAPSHOT.jar:?]
	at org.apache.hadoop.ozone.om.KeyManagerImpl.getFileStatus(KeyManagerImpl.java:1140) ~[ozone-manager-1.4.0-SNAPSHOT.jar:?]
	at org.apache.hadoop.ozone.om.OmMetadataReader.getFileStatus(OmMetadataReader.java:279) ~[ozone-manager-1.4.0-SNAPSHOT.jar:?]
	at org.apache.hadoop.ozone.om.OzoneManager.getFileStatus(OzoneManager.java:3629) ~[ozone-manager-1.4.0-SNAPSHOT.jar:?]
	at org.apache.hadoop.ozone.protocolPB.OzoneManagerRequestHandler.getOzoneFileStatus(OzoneManagerRequestHandler.java:1010) ~[ozone-manager-1.4.0-SNAPSHOT.jar:?]
	at org.apache.hadoop.ozone.protocolPB.OzoneManagerRequestHandler.handleReadRequest(OzoneManagerRequestHandler.java:262) ~[ozone-manager-1.4.0-SNAPSHOT.jar:?]
	at org.apache.hadoop.ozone.protocolPB.OzoneManagerProtocolServerSideTranslatorPB.submitRequestDirectlyToOM(OzoneManagerProtocolServerSideTranslatorPB.java:319) ~[ozone-manager-1.4.0-SNAPSHOT.jar:?]
	at org.apache.hadoop.ozone.protocolPB.OzoneManagerProtocolServerSideTranslatorPB.internalProcessRequest(OzoneManagerProtocolServerSideTranslatorPB.java:207) ~[ozone-manager-1.4.0-SNAPSHOT.jar:?]
	at org.apache.hadoop.ozone.protocolPB.OzoneManagerProtocolServerSideTranslatorPB.processRequest(OzoneManagerProtocolServerSideTranslatorPB.java:171) ~[ozone-manager-1.4.0-SNAPSHOT.jar:?]
	at org.apache.hadoop.hdds.server.OzoneProtocolMessageDispatcher.processRequest(OzoneProtocolMessageDispatcher.java:89) [hdds-server-framework-1.4.0-SNAPSHOT.jar:?]
	at org.apache.hadoop.ozone.protocolPB.OzoneManagerProtocolServerSideTranslatorPB.submitRequest(OzoneManagerProtocolServerSideTranslatorPB.java:162) [ozone-manager-1.4.0-SNAPSHOT.jar:?]
	at org.apache.hadoop.ozone.protocol.proto.OzoneManagerProtocolProtos$OzoneManagerService$2.callBlockingMethod(OzoneManagerProtocolProtos.java) [ozone-interface-client-1.4.0-SNAPSHOT.jar:?]
	at org.apache.hadoop.ipc.ProtobufRpcEngine$Server.processCall(ProtobufRpcEngine.java:484) [hadoop-common-3.3.6.jar:?]
	at org.apache.hadoop.ipc.ProtobufRpcEngine2$Server$ProtoBufRpcInvoker.call(ProtobufRpcEngine2.java:595) [hadoop-common-3.3.6.jar:?]
	at org.apache.hadoop.ipc.ProtobufRpcEngine2$Server$ProtoBufRpcInvoker.call(ProtobufRpcEngine2.java:573) [hadoop-common-3.3.6.jar:?]
	at org.apache.hadoop.ipc.RPC$Server.call(RPC.java:1227) [hadoop-common-3.3.6.jar:?]
	at org.apache.hadoop.ipc.Server$RpcCall.run(Server.java:1094) [hadoop-common-3.3.6.jar:?]
	at org.apache.hadoop.ipc.Server$RpcCall.run(Server.java:1017) [hadoop-common-3.3.6.jar:?]
	at java.security.AccessController.doPrivileged(Native Method) ~[?:1.8.0_392]
	at javax.security.auth.Subject.doAs(Subject.java:422) [?:1.8.0_392]
	at org.apache.hadoop.security.UserGroupInformation.doAs(UserGroupInformation.java:1899) [hadoop-common-3.3.6.jar:?]
	at org.apache.hadoop.ipc.Server$Handler.run(Server.java:3048) [hadoop-common-3.3.6.jar:?]
]]></system-out>
  </testcase>
  <testcase name="testCreateDoesNotAddParentDirKeys" classname="TestOzoneFileSystemWithFSO" time="0.026"/>
  <testcase name="testCreateDoesNotAddParentDirKeys" classname="TestOzoneFileSystemWithFSO" time="0.013"/>
  <testcase name="testDeleteRootWithTrash" classname="TestOzoneFileSystemWithFSO" time="0.01"/>
  <testcase name="testDeleteRootWithTrash" classname="TestOzoneFileSystemWithFSO" time="0.003"/>
  <testcase name="testDeleteCreatesFakeParentDir" classname="TestOzoneFileSystemWithFSO" time="0.019"/>
  <testcase name="testDeleteCreatesFakeParentDir" classname="TestOzoneFileSystemWithFSO" time="0.011"/>
  <testcase name="testListStatusOnKeyNameContainDelimiter" classname="TestOzoneFileSystemWithFSO" time="0.026"/>
  <testcase name="testListStatusOnKeyNameContainDelimiter" classname="TestOzoneFileSystemWithFSO" time="0.011"/>
  <testcase name="testNonExplicitlyCreatedPathExistsAfterItsLeafsWereRemoved" classname="TestOzoneFileSystemWithFSO" time="0.022"/>
  <testcase name="testNonExplicitlyCreatedPathExistsAfterItsLeafsWereRemoved" classname="TestOzoneFileSystemWithFSO" time="0.014"/>
  <testcase name="testCreateFileShouldCheckExistenceOfDirWithSameName" classname="TestOzoneFileSystemWithFSO" time="0.051">
    <system-out><![CDATA[14:17:15.668 [om1-OMStateMachineApplyTransactionThread - 0] ERROR OMAudit - user=runner | ip=127.0.0.1 | op=CREATE_FILE {volume=volume73660, bucket=bucket24382, key=d1/d2/d3/d4/key2, dataSize=4194304, replicationType=RATIS, replicationFactor=THREE} | ret=FAILURE
org.apache.hadoop.ozone.om.exceptions.OMException: Can not write to directory: d1/d2/d3/d4/key2
	at org.apache.hadoop.ozone.om.request.file.OMFileCreateRequest.checkDirectoryResult(OMFileCreateRequest.java:368) ~[ozone-manager-1.4.0-SNAPSHOT.jar:?]
	at org.apache.hadoop.ozone.om.request.file.OMFileCreateRequestWithFSO.validateAndUpdateCache(OMFileCreateRequestWithFSO.java:154) ~[ozone-manager-1.4.0-SNAPSHOT.jar:?]
	at org.apache.hadoop.ozone.protocolPB.OzoneManagerRequestHandler.lambda$0(OzoneManagerRequestHandler.java:395) ~[ozone-manager-1.4.0-SNAPSHOT.jar:?]
	at org.apache.hadoop.util.MetricUtil.captureLatencyNs(MetricUtil.java:39) ~[hdds-common-1.4.0-SNAPSHOT.jar:?]
	at org.apache.hadoop.ozone.protocolPB.OzoneManagerRequestHandler.handleWriteRequest(OzoneManagerRequestHandler.java:393) ~[ozone-manager-1.4.0-SNAPSHOT.jar:?]
	at org.apache.hadoop.ozone.om.ratis.OzoneManagerStateMachine.runCommand(OzoneManagerStateMachine.java:581) ~[ozone-manager-1.4.0-SNAPSHOT.jar:?]
	at org.apache.hadoop.ozone.om.ratis.OzoneManagerStateMachine.lambda$1(OzoneManagerStateMachine.java:370) ~[ozone-manager-1.4.0-SNAPSHOT.jar:?]
	at java.util.concurrent.CompletableFuture$AsyncSupply.run(CompletableFuture.java:1604) [?:1.8.0_392]
	at java.util.concurrent.ThreadPoolExecutor.runWorker(ThreadPoolExecutor.java:1149) [?:1.8.0_392]
	at java.util.concurrent.ThreadPoolExecutor$Worker.run(ThreadPoolExecutor.java:624) [?:1.8.0_392]
	at java.lang.Thread.run(Thread.java:750) [?:1.8.0_392]
2023-11-20 14:17:15,668 [om1-OMStateMachineApplyTransactionThread - 0] ERROR file.OMFileCreateRequestWithFSO (OMFileCreateRequestWithFSO.java:validateAndUpdateCache(266)) - File create failed. Volume:volume73660, Bucket:bucket24382, Key:d1/d2/d3/d4/key2.
NOT_A_FILE org.apache.hadoop.ozone.om.exceptions.OMException: Can not write to directory: d1/d2/d3/d4/key2
	at org.apache.hadoop.ozone.om.request.file.OMFileCreateRequest.checkDirectoryResult(OMFileCreateRequest.java:368)
	at org.apache.hadoop.ozone.om.request.file.OMFileCreateRequestWithFSO.validateAndUpdateCache(OMFileCreateRequestWithFSO.java:154)
	at org.apache.hadoop.ozone.protocolPB.OzoneManagerRequestHandler.lambda$0(OzoneManagerRequestHandler.java:395)
	at org.apache.hadoop.util.MetricUtil.captureLatencyNs(MetricUtil.java:39)
	at org.apache.hadoop.ozone.protocolPB.OzoneManagerRequestHandler.handleWriteRequest(OzoneManagerRequestHandler.java:393)
	at org.apache.hadoop.ozone.om.ratis.OzoneManagerStateMachine.runCommand(OzoneManagerStateMachine.java:581)
	at org.apache.hadoop.ozone.om.ratis.OzoneManagerStateMachine.lambda$1(OzoneManagerStateMachine.java:370)
	at java.util.concurrent.CompletableFuture$AsyncSupply.run(CompletableFuture.java:1604)
	at java.util.concurrent.ThreadPoolExecutor.runWorker(ThreadPoolExecutor.java:1149)
	at java.util.concurrent.ThreadPoolExecutor$Worker.run(ThreadPoolExecutor.java:624)
	at java.lang.Thread.run(Thread.java:750)
14:17:15.682 [om1-OMStateMachineApplyTransactionThread - 0] ERROR OMAudit - user=runner | ip=127.0.0.1 | op=CREATE_DIRECTORY {volume=volume73660, bucket=bucket24382, key=d1/d2/d3/d4/key3, dataSize=0, replicationType=NONE, replicationFactor=ZERO} | ret=FAILURE
org.apache.hadoop.ozone.om.exceptions.OMException: Unable to create directory: d1/d2/d3/d4/key3 in volume/bucket: volume73660/bucket24382 as file:/volume73660/bucket24382/d1/d2/d3/d4/key3 already exists
	at org.apache.hadoop.ozone.om.request.file.OMDirectoryCreateRequestWithFSO.validateAndUpdateCache(OMDirectoryCreateRequestWithFSO.java:148) ~[ozone-manager-1.4.0-SNAPSHOT.jar:?]
	at org.apache.hadoop.ozone.protocolPB.OzoneManagerRequestHandler.lambda$0(OzoneManagerRequestHandler.java:395) ~[ozone-manager-1.4.0-SNAPSHOT.jar:?]
	at org.apache.hadoop.util.MetricUtil.captureLatencyNs(MetricUtil.java:39) ~[hdds-common-1.4.0-SNAPSHOT.jar:?]
	at org.apache.hadoop.ozone.protocolPB.OzoneManagerRequestHandler.handleWriteRequest(OzoneManagerRequestHandler.java:393) ~[ozone-manager-1.4.0-SNAPSHOT.jar:?]
	at org.apache.hadoop.ozone.om.ratis.OzoneManagerStateMachine.runCommand(OzoneManagerStateMachine.java:581) ~[ozone-manager-1.4.0-SNAPSHOT.jar:?]
	at org.apache.hadoop.ozone.om.ratis.OzoneManagerStateMachine.lambda$1(OzoneManagerStateMachine.java:370) ~[ozone-manager-1.4.0-SNAPSHOT.jar:?]
	at java.util.concurrent.CompletableFuture$AsyncSupply.run(CompletableFuture.java:1604) [?:1.8.0_392]
	at java.util.concurrent.ThreadPoolExecutor.runWorker(ThreadPoolExecutor.java:1149) [?:1.8.0_392]
	at java.util.concurrent.ThreadPoolExecutor$Worker.run(ThreadPoolExecutor.java:624) [?:1.8.0_392]
	at java.lang.Thread.run(Thread.java:750) [?:1.8.0_392]
2023-11-20 14:17:15,682 [om1-OMStateMachineApplyTransactionThread - 0] ERROR file.OMDirectoryCreateRequestWithFSO (OMDirectoryCreateRequestWithFSO.java:logResult(242)) - Directory creation failed. Volume:volume73660, Bucket:bucket24382, Keyd1/d2/d3/d4/key3. Exception:{}
FILE_ALREADY_EXISTS org.apache.hadoop.ozone.om.exceptions.OMException: Unable to create directory: d1/d2/d3/d4/key3 in volume/bucket: volume73660/bucket24382 as file:/volume73660/bucket24382/d1/d2/d3/d4/key3 already exists
	at org.apache.hadoop.ozone.om.request.file.OMDirectoryCreateRequestWithFSO.validateAndUpdateCache(OMDirectoryCreateRequestWithFSO.java:148)
	at org.apache.hadoop.ozone.protocolPB.OzoneManagerRequestHandler.lambda$0(OzoneManagerRequestHandler.java:395)
	at org.apache.hadoop.util.MetricUtil.captureLatencyNs(MetricUtil.java:39)
	at org.apache.hadoop.ozone.protocolPB.OzoneManagerRequestHandler.handleWriteRequest(OzoneManagerRequestHandler.java:393)
	at org.apache.hadoop.ozone.om.ratis.OzoneManagerStateMachine.runCommand(OzoneManagerStateMachine.java:581)
	at org.apache.hadoop.ozone.om.ratis.OzoneManagerStateMachine.lambda$1(OzoneManagerStateMachine.java:370)
	at java.util.concurrent.CompletableFuture$AsyncSupply.run(CompletableFuture.java:1604)
	at java.util.concurrent.ThreadPoolExecutor.runWorker(ThreadPoolExecutor.java:1149)
	at java.util.concurrent.ThreadPoolExecutor$Worker.run(ThreadPoolExecutor.java:624)
	at java.lang.Thread.run(Thread.java:750)
14:17:15.686 [om1-OMStateMachineApplyTransactionThread - 0] ERROR OMAudit - user=runner | ip=127.0.0.1 | op=CREATE_FILE {volume=volume73660, bucket=bucket24382, key=d1/d2/d3, dataSize=4194304, replicationType=RATIS, replicationFactor=THREE} | ret=FAILURE
org.apache.hadoop.ozone.om.exceptions.OMException: Can not write to directory: d1/d2/d3
	at org.apache.hadoop.ozone.om.request.file.OMFileCreateRequest.checkDirectoryResult(OMFileCreateRequest.java:368) ~[ozone-manager-1.4.0-SNAPSHOT.jar:?]
	at org.apache.hadoop.ozone.om.request.file.OMFileCreateRequestWithFSO.validateAndUpdateCache(OMFileCreateRequestWithFSO.java:154) ~[ozone-manager-1.4.0-SNAPSHOT.jar:?]
	at org.apache.hadoop.ozone.protocolPB.OzoneManagerRequestHandler.lambda$0(OzoneManagerRequestHandler.java:395) ~[ozone-manager-1.4.0-SNAPSHOT.jar:?]
	at org.apache.hadoop.util.MetricUtil.captureLatencyNs(MetricUtil.java:39) ~[hdds-common-1.4.0-SNAPSHOT.jar:?]
	at org.apache.hadoop.ozone.protocolPB.OzoneManagerRequestHandler.handleWriteRequest(OzoneManagerRequestHandler.java:393) ~[ozone-manager-1.4.0-SNAPSHOT.jar:?]
	at org.apache.hadoop.ozone.om.ratis.OzoneManagerStateMachine.runCommand(OzoneManagerStateMachine.java:581) ~[ozone-manager-1.4.0-SNAPSHOT.jar:?]
	at org.apache.hadoop.ozone.om.ratis.OzoneManagerStateMachine.lambda$1(OzoneManagerStateMachine.java:370) ~[ozone-manager-1.4.0-SNAPSHOT.jar:?]
	at java.util.concurrent.CompletableFuture$AsyncSupply.run(CompletableFuture.java:1604) [?:1.8.0_392]
	at java.util.concurrent.ThreadPoolExecutor.runWorker(ThreadPoolExecutor.java:1149) [?:1.8.0_392]
	at java.util.concurrent.ThreadPoolExecutor$Worker.run(ThreadPoolExecutor.java:624) [?:1.8.0_392]
	at java.lang.Thread.run(Thread.java:750) [?:1.8.0_392]
2023-11-20 14:17:15,687 [om1-OMStateMachineApplyTransactionThread - 0] ERROR file.OMFileCreateRequestWithFSO (OMFileCreateRequestWithFSO.java:validateAndUpdateCache(266)) - File create failed. Volume:volume73660, Bucket:bucket24382, Key:d1/d2/d3.
NOT_A_FILE org.apache.hadoop.ozone.om.exceptions.OMException: Can not write to directory: d1/d2/d3
	at org.apache.hadoop.ozone.om.request.file.OMFileCreateRequest.checkDirectoryResult(OMFileCreateRequest.java:368)
	at org.apache.hadoop.ozone.om.request.file.OMFileCreateRequestWithFSO.validateAndUpdateCache(OMFileCreateRequestWithFSO.java:154)
	at org.apache.hadoop.ozone.protocolPB.OzoneManagerRequestHandler.lambda$0(OzoneManagerRequestHandler.java:395)
	at org.apache.hadoop.util.MetricUtil.captureLatencyNs(MetricUtil.java:39)
	at org.apache.hadoop.ozone.protocolPB.OzoneManagerRequestHandler.handleWriteRequest(OzoneManagerRequestHandler.java:393)
	at org.apache.hadoop.ozone.om.ratis.OzoneManagerStateMachine.runCommand(OzoneManagerStateMachine.java:581)
	at org.apache.hadoop.ozone.om.ratis.OzoneManagerStateMachine.lambda$1(OzoneManagerStateMachine.java:370)
	at java.util.concurrent.CompletableFuture$AsyncSupply.run(CompletableFuture.java:1604)
	at java.util.concurrent.ThreadPoolExecutor.runWorker(ThreadPoolExecutor.java:1149)
	at java.util.concurrent.ThreadPoolExecutor$Worker.run(ThreadPoolExecutor.java:624)
	at java.lang.Thread.run(Thread.java:750)
14:17:15.690 [IPC Server handler 15 on default port 15004] ERROR OMAudit - user=runner | ip=127.0.0.1 | op=GET_FILE_STATUS {volume=volume73660, bucket=bucket24382, key=d1/d2/d3/d4/key3/invalid, dataSize=0, replicationConfig=null} | ret=FAILURE
org.apache.hadoop.ozone.om.exceptions.OMException: Unable to get file status: volume: volume73660 bucket: bucket24382 key: d1/d2/d3/d4/key3/invalid
	at org.apache.hadoop.ozone.om.KeyManagerImpl.getOzoneFileStatusFSO(KeyManagerImpl.java:1356) ~[ozone-manager-1.4.0-SNAPSHOT.jar:?]
	at org.apache.hadoop.ozone.om.KeyManagerImpl.getFileStatus(KeyManagerImpl.java:1140) ~[ozone-manager-1.4.0-SNAPSHOT.jar:?]
	at org.apache.hadoop.ozone.om.OmMetadataReader.getFileStatus(OmMetadataReader.java:279) ~[ozone-manager-1.4.0-SNAPSHOT.jar:?]
	at org.apache.hadoop.ozone.om.OzoneManager.getFileStatus(OzoneManager.java:3629) ~[ozone-manager-1.4.0-SNAPSHOT.jar:?]
	at org.apache.hadoop.ozone.protocolPB.OzoneManagerRequestHandler.getOzoneFileStatus(OzoneManagerRequestHandler.java:1010) ~[ozone-manager-1.4.0-SNAPSHOT.jar:?]
	at org.apache.hadoop.ozone.protocolPB.OzoneManagerRequestHandler.handleReadRequest(OzoneManagerRequestHandler.java:262) ~[ozone-manager-1.4.0-SNAPSHOT.jar:?]
	at org.apache.hadoop.ozone.protocolPB.OzoneManagerProtocolServerSideTranslatorPB.submitReadRequestToOM(OzoneManagerProtocolServerSideTranslatorPB.java:265) ~[ozone-manager-1.4.0-SNAPSHOT.jar:?]
	at org.apache.hadoop.ozone.protocolPB.OzoneManagerProtocolServerSideTranslatorPB.internalProcessRequest(OzoneManagerProtocolServerSideTranslatorPB.java:211) ~[ozone-manager-1.4.0-SNAPSHOT.jar:?]
	at org.apache.hadoop.ozone.protocolPB.OzoneManagerProtocolServerSideTranslatorPB.processRequest(OzoneManagerProtocolServerSideTranslatorPB.java:171) ~[ozone-manager-1.4.0-SNAPSHOT.jar:?]
	at org.apache.hadoop.hdds.server.OzoneProtocolMessageDispatcher.processRequest(OzoneProtocolMessageDispatcher.java:89) [hdds-server-framework-1.4.0-SNAPSHOT.jar:?]
	at org.apache.hadoop.ozone.protocolPB.OzoneManagerProtocolServerSideTranslatorPB.submitRequest(OzoneManagerProtocolServerSideTranslatorPB.java:162) [ozone-manager-1.4.0-SNAPSHOT.jar:?]
	at org.apache.hadoop.ozone.protocol.proto.OzoneManagerProtocolProtos$OzoneManagerService$2.callBlockingMethod(OzoneManagerProtocolProtos.java) [ozone-interface-client-1.4.0-SNAPSHOT.jar:?]
	at org.apache.hadoop.ipc.ProtobufRpcEngine$Server.processCall(ProtobufRpcEngine.java:484) [hadoop-common-3.3.6.jar:?]
	at org.apache.hadoop.ipc.ProtobufRpcEngine2$Server$ProtoBufRpcInvoker.call(ProtobufRpcEngine2.java:595) [hadoop-common-3.3.6.jar:?]
	at org.apache.hadoop.ipc.ProtobufRpcEngine2$Server$ProtoBufRpcInvoker.call(ProtobufRpcEngine2.java:573) [hadoop-common-3.3.6.jar:?]
	at org.apache.hadoop.ipc.RPC$Server.call(RPC.java:1227) [hadoop-common-3.3.6.jar:?]
	at org.apache.hadoop.ipc.Server$RpcCall.run(Server.java:1094) [hadoop-common-3.3.6.jar:?]
	at org.apache.hadoop.ipc.Server$RpcCall.run(Server.java:1017) [hadoop-common-3.3.6.jar:?]
	at java.security.AccessController.doPrivileged(Native Method) ~[?:1.8.0_392]
	at javax.security.auth.Subject.doAs(Subject.java:422) [?:1.8.0_392]
	at org.apache.hadoop.security.UserGroupInformation.doAs(UserGroupInformation.java:1899) [hadoop-common-3.3.6.jar:?]
	at org.apache.hadoop.ipc.Server$Handler.run(Server.java:3048) [hadoop-common-3.3.6.jar:?]
14:17:15.692 [IPC Server handler 10 on default port 15004] ERROR OMAudit - user=runner | ip=127.0.0.1 | op=GET_FILE_STATUS {volume=volume73660, bucket=bucket24382, key=d1/d2/d3/d4/invalidkey, dataSize=0, replicationConfig=null} | ret=FAILURE
org.apache.hadoop.ozone.om.exceptions.OMException: Unable to get file status: volume: volume73660 bucket: bucket24382 key: d1/d2/d3/d4/invalidkey
	at org.apache.hadoop.ozone.om.KeyManagerImpl.getOzoneFileStatusFSO(KeyManagerImpl.java:1356) ~[ozone-manager-1.4.0-SNAPSHOT.jar:?]
	at org.apache.hadoop.ozone.om.KeyManagerImpl.getFileStatus(KeyManagerImpl.java:1140) ~[ozone-manager-1.4.0-SNAPSHOT.jar:?]
	at org.apache.hadoop.ozone.om.OmMetadataReader.getFileStatus(OmMetadataReader.java:279) ~[ozone-manager-1.4.0-SNAPSHOT.jar:?]
	at org.apache.hadoop.ozone.om.OzoneManager.getFileStatus(OzoneManager.java:3629) ~[ozone-manager-1.4.0-SNAPSHOT.jar:?]
	at org.apache.hadoop.ozone.protocolPB.OzoneManagerRequestHandler.getOzoneFileStatus(OzoneManagerRequestHandler.java:1010) ~[ozone-manager-1.4.0-SNAPSHOT.jar:?]
	at org.apache.hadoop.ozone.protocolPB.OzoneManagerRequestHandler.handleReadRequest(OzoneManagerRequestHandler.java:262) ~[ozone-manager-1.4.0-SNAPSHOT.jar:?]
	at org.apache.hadoop.ozone.protocolPB.OzoneManagerProtocolServerSideTranslatorPB.submitReadRequestToOM(OzoneManagerProtocolServerSideTranslatorPB.java:265) ~[ozone-manager-1.4.0-SNAPSHOT.jar:?]
	at org.apache.hadoop.ozone.protocolPB.OzoneManagerProtocolServerSideTranslatorPB.internalProcessRequest(OzoneManagerProtocolServerSideTranslatorPB.java:211) ~[ozone-manager-1.4.0-SNAPSHOT.jar:?]
	at org.apache.hadoop.ozone.protocolPB.OzoneManagerProtocolServerSideTranslatorPB.processRequest(OzoneManagerProtocolServerSideTranslatorPB.java:171) ~[ozone-manager-1.4.0-SNAPSHOT.jar:?]
	at org.apache.hadoop.hdds.server.OzoneProtocolMessageDispatcher.processRequest(OzoneProtocolMessageDispatcher.java:89) [hdds-server-framework-1.4.0-SNAPSHOT.jar:?]
	at org.apache.hadoop.ozone.protocolPB.OzoneManagerProtocolServerSideTranslatorPB.submitRequest(OzoneManagerProtocolServerSideTranslatorPB.java:162) [ozone-manager-1.4.0-SNAPSHOT.jar:?]
	at org.apache.hadoop.ozone.protocol.proto.OzoneManagerProtocolProtos$OzoneManagerService$2.callBlockingMethod(OzoneManagerProtocolProtos.java) [ozone-interface-client-1.4.0-SNAPSHOT.jar:?]
	at org.apache.hadoop.ipc.ProtobufRpcEngine$Server.processCall(ProtobufRpcEngine.java:484) [hadoop-common-3.3.6.jar:?]
	at org.apache.hadoop.ipc.ProtobufRpcEngine2$Server$ProtoBufRpcInvoker.call(ProtobufRpcEngine2.java:595) [hadoop-common-3.3.6.jar:?]
	at org.apache.hadoop.ipc.ProtobufRpcEngine2$Server$ProtoBufRpcInvoker.call(ProtobufRpcEngine2.java:573) [hadoop-common-3.3.6.jar:?]
	at org.apache.hadoop.ipc.RPC$Server.call(RPC.java:1227) [hadoop-common-3.3.6.jar:?]
	at org.apache.hadoop.ipc.Server$RpcCall.run(Server.java:1094) [hadoop-common-3.3.6.jar:?]
	at org.apache.hadoop.ipc.Server$RpcCall.run(Server.java:1017) [hadoop-common-3.3.6.jar:?]
	at java.security.AccessController.doPrivileged(Native Method) ~[?:1.8.0_392]
	at javax.security.auth.Subject.doAs(Subject.java:422) [?:1.8.0_392]
	at org.apache.hadoop.security.UserGroupInformation.doAs(UserGroupInformation.java:1899) [hadoop-common-3.3.6.jar:?]
	at org.apache.hadoop.ipc.Server$Handler.run(Server.java:3048) [hadoop-common-3.3.6.jar:?]
]]></system-out>
  </testcase>
  <testcase name="testCreateFileShouldCheckExistenceOfDirWithSameName" classname="TestOzoneFileSystemWithFSO" time="0.029">
    <system-out><![CDATA[14:17:42.329 [IPC Server handler 8 on default port 15057] ERROR OMAudit - user=runner | ip=127.0.0.1 | op=CREATE_FILE {volume=volume48931, bucket=bucket54568, key=d1/d2/d3/d4/key2, dataSize=4194304, replicationType=RATIS, replicationFactor=THREE} | ret=FAILURE
org.apache.hadoop.ozone.om.exceptions.OMException: Can not write to directory: d1/d2/d3/d4/key2
	at org.apache.hadoop.ozone.om.request.file.OMFileCreateRequest.checkDirectoryResult(OMFileCreateRequest.java:368) ~[ozone-manager-1.4.0-SNAPSHOT.jar:?]
	at org.apache.hadoop.ozone.om.request.file.OMFileCreateRequestWithFSO.validateAndUpdateCache(OMFileCreateRequestWithFSO.java:154) ~[ozone-manager-1.4.0-SNAPSHOT.jar:?]
	at org.apache.hadoop.ozone.protocolPB.OzoneManagerRequestHandler.lambda$0(OzoneManagerRequestHandler.java:395) ~[ozone-manager-1.4.0-SNAPSHOT.jar:?]
	at org.apache.hadoop.util.MetricUtil.captureLatencyNs(MetricUtil.java:39) ~[hdds-common-1.4.0-SNAPSHOT.jar:?]
	at org.apache.hadoop.ozone.protocolPB.OzoneManagerRequestHandler.handleWriteRequest(OzoneManagerRequestHandler.java:393) ~[ozone-manager-1.4.0-SNAPSHOT.jar:?]
	at org.apache.hadoop.ozone.protocolPB.OzoneManagerProtocolServerSideTranslatorPB.submitRequestDirectlyToOM(OzoneManagerProtocolServerSideTranslatorPB.java:325) ~[ozone-manager-1.4.0-SNAPSHOT.jar:?]
	at org.apache.hadoop.ozone.protocolPB.OzoneManagerProtocolServerSideTranslatorPB.internalProcessRequest(OzoneManagerProtocolServerSideTranslatorPB.java:207) ~[ozone-manager-1.4.0-SNAPSHOT.jar:?]
	at org.apache.hadoop.ozone.protocolPB.OzoneManagerProtocolServerSideTranslatorPB.processRequest(OzoneManagerProtocolServerSideTranslatorPB.java:171) ~[ozone-manager-1.4.0-SNAPSHOT.jar:?]
	at org.apache.hadoop.hdds.server.OzoneProtocolMessageDispatcher.processRequest(OzoneProtocolMessageDispatcher.java:89) [hdds-server-framework-1.4.0-SNAPSHOT.jar:?]
	at org.apache.hadoop.ozone.protocolPB.OzoneManagerProtocolServerSideTranslatorPB.submitRequest(OzoneManagerProtocolServerSideTranslatorPB.java:162) [ozone-manager-1.4.0-SNAPSHOT.jar:?]
	at org.apache.hadoop.ozone.protocol.proto.OzoneManagerProtocolProtos$OzoneManagerService$2.callBlockingMethod(OzoneManagerProtocolProtos.java) [ozone-interface-client-1.4.0-SNAPSHOT.jar:?]
	at org.apache.hadoop.ipc.ProtobufRpcEngine$Server.processCall(ProtobufRpcEngine.java:484) [hadoop-common-3.3.6.jar:?]
	at org.apache.hadoop.ipc.ProtobufRpcEngine2$Server$ProtoBufRpcInvoker.call(ProtobufRpcEngine2.java:595) [hadoop-common-3.3.6.jar:?]
	at org.apache.hadoop.ipc.ProtobufRpcEngine2$Server$ProtoBufRpcInvoker.call(ProtobufRpcEngine2.java:573) [hadoop-common-3.3.6.jar:?]
	at org.apache.hadoop.ipc.RPC$Server.call(RPC.java:1227) [hadoop-common-3.3.6.jar:?]
	at org.apache.hadoop.ipc.Server$RpcCall.run(Server.java:1094) [hadoop-common-3.3.6.jar:?]
	at org.apache.hadoop.ipc.Server$RpcCall.run(Server.java:1017) [hadoop-common-3.3.6.jar:?]
	at java.security.AccessController.doPrivileged(Native Method) ~[?:1.8.0_392]
	at javax.security.auth.Subject.doAs(Subject.java:422) [?:1.8.0_392]
	at org.apache.hadoop.security.UserGroupInformation.doAs(UserGroupInformation.java:1899) [hadoop-common-3.3.6.jar:?]
	at org.apache.hadoop.ipc.Server$Handler.run(Server.java:3048) [hadoop-common-3.3.6.jar:?]
2023-11-20 14:17:42,329 [IPC Server handler 8 on default port 15057] ERROR file.OMFileCreateRequestWithFSO (OMFileCreateRequestWithFSO.java:validateAndUpdateCache(266)) - File create failed. Volume:volume48931, Bucket:bucket54568, Key:d1/d2/d3/d4/key2.
NOT_A_FILE org.apache.hadoop.ozone.om.exceptions.OMException: Can not write to directory: d1/d2/d3/d4/key2
	at org.apache.hadoop.ozone.om.request.file.OMFileCreateRequest.checkDirectoryResult(OMFileCreateRequest.java:368)
	at org.apache.hadoop.ozone.om.request.file.OMFileCreateRequestWithFSO.validateAndUpdateCache(OMFileCreateRequestWithFSO.java:154)
	at org.apache.hadoop.ozone.protocolPB.OzoneManagerRequestHandler.lambda$0(OzoneManagerRequestHandler.java:395)
	at org.apache.hadoop.util.MetricUtil.captureLatencyNs(MetricUtil.java:39)
	at org.apache.hadoop.ozone.protocolPB.OzoneManagerRequestHandler.handleWriteRequest(OzoneManagerRequestHandler.java:393)
	at org.apache.hadoop.ozone.protocolPB.OzoneManagerProtocolServerSideTranslatorPB.submitRequestDirectlyToOM(OzoneManagerProtocolServerSideTranslatorPB.java:325)
	at org.apache.hadoop.ozone.protocolPB.OzoneManagerProtocolServerSideTranslatorPB.internalProcessRequest(OzoneManagerProtocolServerSideTranslatorPB.java:207)
	at org.apache.hadoop.ozone.protocolPB.OzoneManagerProtocolServerSideTranslatorPB.processRequest(OzoneManagerProtocolServerSideTranslatorPB.java:171)
	at org.apache.hadoop.hdds.server.OzoneProtocolMessageDispatcher.processRequest(OzoneProtocolMessageDispatcher.java:89)
	at org.apache.hadoop.ozone.protocolPB.OzoneManagerProtocolServerSideTranslatorPB.submitRequest(OzoneManagerProtocolServerSideTranslatorPB.java:162)
	at org.apache.hadoop.ozone.protocol.proto.OzoneManagerProtocolProtos$OzoneManagerService$2.callBlockingMethod(OzoneManagerProtocolProtos.java)
	at org.apache.hadoop.ipc.ProtobufRpcEngine$Server.processCall(ProtobufRpcEngine.java:484)
	at org.apache.hadoop.ipc.ProtobufRpcEngine2$Server$ProtoBufRpcInvoker.call(ProtobufRpcEngine2.java:595)
	at org.apache.hadoop.ipc.ProtobufRpcEngine2$Server$ProtoBufRpcInvoker.call(ProtobufRpcEngine2.java:573)
	at org.apache.hadoop.ipc.RPC$Server.call(RPC.java:1227)
	at org.apache.hadoop.ipc.Server$RpcCall.run(Server.java:1094)
	at org.apache.hadoop.ipc.Server$RpcCall.run(Server.java:1017)
	at java.security.AccessController.doPrivileged(Native Method)
	at javax.security.auth.Subject.doAs(Subject.java:422)
	at org.apache.hadoop.security.UserGroupInformation.doAs(UserGroupInformation.java:1899)
	at org.apache.hadoop.ipc.Server$Handler.run(Server.java:3048)
14:17:42.336 [IPC Server handler 11 on default port 15057] ERROR OMAudit - user=runner | ip=127.0.0.1 | op=CREATE_DIRECTORY {volume=volume48931, bucket=bucket54568, key=d1/d2/d3/d4/key3, dataSize=0, replicationType=NONE, replicationFactor=ZERO} | ret=FAILURE
org.apache.hadoop.ozone.om.exceptions.OMException: Unable to create directory: d1/d2/d3/d4/key3 in volume/bucket: volume48931/bucket54568 as file:/volume48931/bucket54568/d1/d2/d3/d4/key3 already exists
	at org.apache.hadoop.ozone.om.request.file.OMDirectoryCreateRequestWithFSO.validateAndUpdateCache(OMDirectoryCreateRequestWithFSO.java:148) ~[ozone-manager-1.4.0-SNAPSHOT.jar:?]
	at org.apache.hadoop.ozone.protocolPB.OzoneManagerRequestHandler.lambda$0(OzoneManagerRequestHandler.java:395) ~[ozone-manager-1.4.0-SNAPSHOT.jar:?]
	at org.apache.hadoop.util.MetricUtil.captureLatencyNs(MetricUtil.java:39) ~[hdds-common-1.4.0-SNAPSHOT.jar:?]
	at org.apache.hadoop.ozone.protocolPB.OzoneManagerRequestHandler.handleWriteRequest(OzoneManagerRequestHandler.java:393) ~[ozone-manager-1.4.0-SNAPSHOT.jar:?]
	at org.apache.hadoop.ozone.protocolPB.OzoneManagerProtocolServerSideTranslatorPB.submitRequestDirectlyToOM(OzoneManagerProtocolServerSideTranslatorPB.java:325) ~[ozone-manager-1.4.0-SNAPSHOT.jar:?]
	at org.apache.hadoop.ozone.protocolPB.OzoneManagerProtocolServerSideTranslatorPB.internalProcessRequest(OzoneManagerProtocolServerSideTranslatorPB.java:207) ~[ozone-manager-1.4.0-SNAPSHOT.jar:?]
	at org.apache.hadoop.ozone.protocolPB.OzoneManagerProtocolServerSideTranslatorPB.processRequest(OzoneManagerProtocolServerSideTranslatorPB.java:171) ~[ozone-manager-1.4.0-SNAPSHOT.jar:?]
	at org.apache.hadoop.hdds.server.OzoneProtocolMessageDispatcher.processRequest(OzoneProtocolMessageDispatcher.java:89) [hdds-server-framework-1.4.0-SNAPSHOT.jar:?]
	at org.apache.hadoop.ozone.protocolPB.OzoneManagerProtocolServerSideTranslatorPB.submitRequest(OzoneManagerProtocolServerSideTranslatorPB.java:162) [ozone-manager-1.4.0-SNAPSHOT.jar:?]
	at org.apache.hadoop.ozone.protocol.proto.OzoneManagerProtocolProtos$OzoneManagerService$2.callBlockingMethod(OzoneManagerProtocolProtos.java) [ozone-interface-client-1.4.0-SNAPSHOT.jar:?]
	at org.apache.hadoop.ipc.ProtobufRpcEngine$Server.processCall(ProtobufRpcEngine.java:484) [hadoop-common-3.3.6.jar:?]
	at org.apache.hadoop.ipc.ProtobufRpcEngine2$Server$ProtoBufRpcInvoker.call(ProtobufRpcEngine2.java:595) [hadoop-common-3.3.6.jar:?]
	at org.apache.hadoop.ipc.ProtobufRpcEngine2$Server$ProtoBufRpcInvoker.call(ProtobufRpcEngine2.java:573) [hadoop-common-3.3.6.jar:?]
	at org.apache.hadoop.ipc.RPC$Server.call(RPC.java:1227) [hadoop-common-3.3.6.jar:?]
	at org.apache.hadoop.ipc.Server$RpcCall.run(Server.java:1094) [hadoop-common-3.3.6.jar:?]
	at org.apache.hadoop.ipc.Server$RpcCall.run(Server.java:1017) [hadoop-common-3.3.6.jar:?]
	at java.security.AccessController.doPrivileged(Native Method) ~[?:1.8.0_392]
	at javax.security.auth.Subject.doAs(Subject.java:422) [?:1.8.0_392]
	at org.apache.hadoop.security.UserGroupInformation.doAs(UserGroupInformation.java:1899) [hadoop-common-3.3.6.jar:?]
	at org.apache.hadoop.ipc.Server$Handler.run(Server.java:3048) [hadoop-common-3.3.6.jar:?]
2023-11-20 14:17:42,336 [IPC Server handler 11 on default port 15057] ERROR file.OMDirectoryCreateRequestWithFSO (OMDirectoryCreateRequestWithFSO.java:logResult(242)) - Directory creation failed. Volume:volume48931, Bucket:bucket54568, Keyd1/d2/d3/d4/key3. Exception:{}
FILE_ALREADY_EXISTS org.apache.hadoop.ozone.om.exceptions.OMException: Unable to create directory: d1/d2/d3/d4/key3 in volume/bucket: volume48931/bucket54568 as file:/volume48931/bucket54568/d1/d2/d3/d4/key3 already exists
	at org.apache.hadoop.ozone.om.request.file.OMDirectoryCreateRequestWithFSO.validateAndUpdateCache(OMDirectoryCreateRequestWithFSO.java:148)
	at org.apache.hadoop.ozone.protocolPB.OzoneManagerRequestHandler.lambda$0(OzoneManagerRequestHandler.java:395)
	at org.apache.hadoop.util.MetricUtil.captureLatencyNs(MetricUtil.java:39)
	at org.apache.hadoop.ozone.protocolPB.OzoneManagerRequestHandler.handleWriteRequest(OzoneManagerRequestHandler.java:393)
	at org.apache.hadoop.ozone.protocolPB.OzoneManagerProtocolServerSideTranslatorPB.submitRequestDirectlyToOM(OzoneManagerProtocolServerSideTranslatorPB.java:325)
	at org.apache.hadoop.ozone.protocolPB.OzoneManagerProtocolServerSideTranslatorPB.internalProcessRequest(OzoneManagerProtocolServerSideTranslatorPB.java:207)
	at org.apache.hadoop.ozone.protocolPB.OzoneManagerProtocolServerSideTranslatorPB.processRequest(OzoneManagerProtocolServerSideTranslatorPB.java:171)
	at org.apache.hadoop.hdds.server.OzoneProtocolMessageDispatcher.processRequest(OzoneProtocolMessageDispatcher.java:89)
	at org.apache.hadoop.ozone.protocolPB.OzoneManagerProtocolServerSideTranslatorPB.submitRequest(OzoneManagerProtocolServerSideTranslatorPB.java:162)
	at org.apache.hadoop.ozone.protocol.proto.OzoneManagerProtocolProtos$OzoneManagerService$2.callBlockingMethod(OzoneManagerProtocolProtos.java)
	at org.apache.hadoop.ipc.ProtobufRpcEngine$Server.processCall(ProtobufRpcEngine.java:484)
	at org.apache.hadoop.ipc.ProtobufRpcEngine2$Server$ProtoBufRpcInvoker.call(ProtobufRpcEngine2.java:595)
	at org.apache.hadoop.ipc.ProtobufRpcEngine2$Server$ProtoBufRpcInvoker.call(ProtobufRpcEngine2.java:573)
	at org.apache.hadoop.ipc.RPC$Server.call(RPC.java:1227)
	at org.apache.hadoop.ipc.Server$RpcCall.run(Server.java:1094)
	at org.apache.hadoop.ipc.Server$RpcCall.run(Server.java:1017)
	at java.security.AccessController.doPrivileged(Native Method)
	at javax.security.auth.Subject.doAs(Subject.java:422)
	at org.apache.hadoop.security.UserGroupInformation.doAs(UserGroupInformation.java:1899)
	at org.apache.hadoop.ipc.Server$Handler.run(Server.java:3048)
14:17:42.338 [IPC Server handler 12 on default port 15057] ERROR OMAudit - user=runner | ip=127.0.0.1 | op=CREATE_FILE {volume=volume48931, bucket=bucket54568, key=d1/d2/d3, dataSize=4194304, replicationType=RATIS, replicationFactor=THREE} | ret=FAILURE
org.apache.hadoop.ozone.om.exceptions.OMException: Can not write to directory: d1/d2/d3
	at org.apache.hadoop.ozone.om.request.file.OMFileCreateRequest.checkDirectoryResult(OMFileCreateRequest.java:368) ~[ozone-manager-1.4.0-SNAPSHOT.jar:?]
	at org.apache.hadoop.ozone.om.request.file.OMFileCreateRequestWithFSO.validateAndUpdateCache(OMFileCreateRequestWithFSO.java:154) ~[ozone-manager-1.4.0-SNAPSHOT.jar:?]
	at org.apache.hadoop.ozone.protocolPB.OzoneManagerRequestHandler.lambda$0(OzoneManagerRequestHandler.java:395) ~[ozone-manager-1.4.0-SNAPSHOT.jar:?]
	at org.apache.hadoop.util.MetricUtil.captureLatencyNs(MetricUtil.java:39) ~[hdds-common-1.4.0-SNAPSHOT.jar:?]
	at org.apache.hadoop.ozone.protocolPB.OzoneManagerRequestHandler.handleWriteRequest(OzoneManagerRequestHandler.java:393) ~[ozone-manager-1.4.0-SNAPSHOT.jar:?]
	at org.apache.hadoop.ozone.protocolPB.OzoneManagerProtocolServerSideTranslatorPB.submitRequestDirectlyToOM(OzoneManagerProtocolServerSideTranslatorPB.java:325) ~[ozone-manager-1.4.0-SNAPSHOT.jar:?]
	at org.apache.hadoop.ozone.protocolPB.OzoneManagerProtocolServerSideTranslatorPB.internalProcessRequest(OzoneManagerProtocolServerSideTranslatorPB.java:207) ~[ozone-manager-1.4.0-SNAPSHOT.jar:?]
	at org.apache.hadoop.ozone.protocolPB.OzoneManagerProtocolServerSideTranslatorPB.processRequest(OzoneManagerProtocolServerSideTranslatorPB.java:171) ~[ozone-manager-1.4.0-SNAPSHOT.jar:?]
	at org.apache.hadoop.hdds.server.OzoneProtocolMessageDispatcher.processRequest(OzoneProtocolMessageDispatcher.java:89) [hdds-server-framework-1.4.0-SNAPSHOT.jar:?]
	at org.apache.hadoop.ozone.protocolPB.OzoneManagerProtocolServerSideTranslatorPB.submitRequest(OzoneManagerProtocolServerSideTranslatorPB.java:162) [ozone-manager-1.4.0-SNAPSHOT.jar:?]
	at org.apache.hadoop.ozone.protocol.proto.OzoneManagerProtocolProtos$OzoneManagerService$2.callBlockingMethod(OzoneManagerProtocolProtos.java) [ozone-interface-client-1.4.0-SNAPSHOT.jar:?]
	at org.apache.hadoop.ipc.ProtobufRpcEngine$Server.processCall(ProtobufRpcEngine.java:484) [hadoop-common-3.3.6.jar:?]
	at org.apache.hadoop.ipc.ProtobufRpcEngine2$Server$ProtoBufRpcInvoker.call(ProtobufRpcEngine2.java:595) [hadoop-common-3.3.6.jar:?]
	at org.apache.hadoop.ipc.ProtobufRpcEngine2$Server$ProtoBufRpcInvoker.call(ProtobufRpcEngine2.java:573) [hadoop-common-3.3.6.jar:?]
	at org.apache.hadoop.ipc.RPC$Server.call(RPC.java:1227) [hadoop-common-3.3.6.jar:?]
	at org.apache.hadoop.ipc.Server$RpcCall.run(Server.java:1094) [hadoop-common-3.3.6.jar:?]
	at org.apache.hadoop.ipc.Server$RpcCall.run(Server.java:1017) [hadoop-common-3.3.6.jar:?]
	at java.security.AccessController.doPrivileged(Native Method) ~[?:1.8.0_392]
	at javax.security.auth.Subject.doAs(Subject.java:422) [?:1.8.0_392]
	at org.apache.hadoop.security.UserGroupInformation.doAs(UserGroupInformation.java:1899) [hadoop-common-3.3.6.jar:?]
	at org.apache.hadoop.ipc.Server$Handler.run(Server.java:3048) [hadoop-common-3.3.6.jar:?]
2023-11-20 14:17:42,338 [IPC Server handler 12 on default port 15057] ERROR file.OMFileCreateRequestWithFSO (OMFileCreateRequestWithFSO.java:validateAndUpdateCache(266)) - File create failed. Volume:volume48931, Bucket:bucket54568, Key:d1/d2/d3.
NOT_A_FILE org.apache.hadoop.ozone.om.exceptions.OMException: Can not write to directory: d1/d2/d3
	at org.apache.hadoop.ozone.om.request.file.OMFileCreateRequest.checkDirectoryResult(OMFileCreateRequest.java:368)
	at org.apache.hadoop.ozone.om.request.file.OMFileCreateRequestWithFSO.validateAndUpdateCache(OMFileCreateRequestWithFSO.java:154)
	at org.apache.hadoop.ozone.protocolPB.OzoneManagerRequestHandler.lambda$0(OzoneManagerRequestHandler.java:395)
	at org.apache.hadoop.util.MetricUtil.captureLatencyNs(MetricUtil.java:39)
	at org.apache.hadoop.ozone.protocolPB.OzoneManagerRequestHandler.handleWriteRequest(OzoneManagerRequestHandler.java:393)
	at org.apache.hadoop.ozone.protocolPB.OzoneManagerProtocolServerSideTranslatorPB.submitRequestDirectlyToOM(OzoneManagerProtocolServerSideTranslatorPB.java:325)
	at org.apache.hadoop.ozone.protocolPB.OzoneManagerProtocolServerSideTranslatorPB.internalProcessRequest(OzoneManagerProtocolServerSideTranslatorPB.java:207)
	at org.apache.hadoop.ozone.protocolPB.OzoneManagerProtocolServerSideTranslatorPB.processRequest(OzoneManagerProtocolServerSideTranslatorPB.java:171)
	at org.apache.hadoop.hdds.server.OzoneProtocolMessageDispatcher.processRequest(OzoneProtocolMessageDispatcher.java:89)
	at org.apache.hadoop.ozone.protocolPB.OzoneManagerProtocolServerSideTranslatorPB.submitRequest(OzoneManagerProtocolServerSideTranslatorPB.java:162)
	at org.apache.hadoop.ozone.protocol.proto.OzoneManagerProtocolProtos$OzoneManagerService$2.callBlockingMethod(OzoneManagerProtocolProtos.java)
	at org.apache.hadoop.ipc.ProtobufRpcEngine$Server.processCall(ProtobufRpcEngine.java:484)
	at org.apache.hadoop.ipc.ProtobufRpcEngine2$Server$ProtoBufRpcInvoker.call(ProtobufRpcEngine2.java:595)
	at org.apache.hadoop.ipc.ProtobufRpcEngine2$Server$ProtoBufRpcInvoker.call(ProtobufRpcEngine2.java:573)
	at org.apache.hadoop.ipc.RPC$Server.call(RPC.java:1227)
	at org.apache.hadoop.ipc.Server$RpcCall.run(Server.java:1094)
	at org.apache.hadoop.ipc.Server$RpcCall.run(Server.java:1017)
	at java.security.AccessController.doPrivileged(Native Method)
	at javax.security.auth.Subject.doAs(Subject.java:422)
	at org.apache.hadoop.security.UserGroupInformation.doAs(UserGroupInformation.java:1899)
	at org.apache.hadoop.ipc.Server$Handler.run(Server.java:3048)
14:17:42.340 [IPC Server handler 14 on default port 15057] ERROR OMAudit - user=runner | ip=127.0.0.1 | op=GET_FILE_STATUS {volume=volume48931, bucket=bucket54568, key=d1/d2/d3/d4/key3/invalid, dataSize=0, replicationConfig=null} | ret=FAILURE
org.apache.hadoop.ozone.om.exceptions.OMException: Unable to get file status: volume: volume48931 bucket: bucket54568 key: d1/d2/d3/d4/key3/invalid
	at org.apache.hadoop.ozone.om.KeyManagerImpl.getOzoneFileStatusFSO(KeyManagerImpl.java:1356) ~[ozone-manager-1.4.0-SNAPSHOT.jar:?]
	at org.apache.hadoop.ozone.om.KeyManagerImpl.getFileStatus(KeyManagerImpl.java:1140) ~[ozone-manager-1.4.0-SNAPSHOT.jar:?]
	at org.apache.hadoop.ozone.om.OmMetadataReader.getFileStatus(OmMetadataReader.java:279) ~[ozone-manager-1.4.0-SNAPSHOT.jar:?]
	at org.apache.hadoop.ozone.om.OzoneManager.getFileStatus(OzoneManager.java:3629) ~[ozone-manager-1.4.0-SNAPSHOT.jar:?]
	at org.apache.hadoop.ozone.protocolPB.OzoneManagerRequestHandler.getOzoneFileStatus(OzoneManagerRequestHandler.java:1010) ~[ozone-manager-1.4.0-SNAPSHOT.jar:?]
	at org.apache.hadoop.ozone.protocolPB.OzoneManagerRequestHandler.handleReadRequest(OzoneManagerRequestHandler.java:262) ~[ozone-manager-1.4.0-SNAPSHOT.jar:?]
	at org.apache.hadoop.ozone.protocolPB.OzoneManagerProtocolServerSideTranslatorPB.submitRequestDirectlyToOM(OzoneManagerProtocolServerSideTranslatorPB.java:319) ~[ozone-manager-1.4.0-SNAPSHOT.jar:?]
	at org.apache.hadoop.ozone.protocolPB.OzoneManagerProtocolServerSideTranslatorPB.internalProcessRequest(OzoneManagerProtocolServerSideTranslatorPB.java:207) ~[ozone-manager-1.4.0-SNAPSHOT.jar:?]
	at org.apache.hadoop.ozone.protocolPB.OzoneManagerProtocolServerSideTranslatorPB.processRequest(OzoneManagerProtocolServerSideTranslatorPB.java:171) ~[ozone-manager-1.4.0-SNAPSHOT.jar:?]
	at org.apache.hadoop.hdds.server.OzoneProtocolMessageDispatcher.processRequest(OzoneProtocolMessageDispatcher.java:89) [hdds-server-framework-1.4.0-SNAPSHOT.jar:?]
	at org.apache.hadoop.ozone.protocolPB.OzoneManagerProtocolServerSideTranslatorPB.submitRequest(OzoneManagerProtocolServerSideTranslatorPB.java:162) [ozone-manager-1.4.0-SNAPSHOT.jar:?]
	at org.apache.hadoop.ozone.protocol.proto.OzoneManagerProtocolProtos$OzoneManagerService$2.callBlockingMethod(OzoneManagerProtocolProtos.java) [ozone-interface-client-1.4.0-SNAPSHOT.jar:?]
	at org.apache.hadoop.ipc.ProtobufRpcEngine$Server.processCall(ProtobufRpcEngine.java:484) [hadoop-common-3.3.6.jar:?]
	at org.apache.hadoop.ipc.ProtobufRpcEngine2$Server$ProtoBufRpcInvoker.call(ProtobufRpcEngine2.java:595) [hadoop-common-3.3.6.jar:?]
	at org.apache.hadoop.ipc.ProtobufRpcEngine2$Server$ProtoBufRpcInvoker.call(ProtobufRpcEngine2.java:573) [hadoop-common-3.3.6.jar:?]
	at org.apache.hadoop.ipc.RPC$Server.call(RPC.java:1227) [hadoop-common-3.3.6.jar:?]
	at org.apache.hadoop.ipc.Server$RpcCall.run(Server.java:1094) [hadoop-common-3.3.6.jar:?]
	at org.apache.hadoop.ipc.Server$RpcCall.run(Server.java:1017) [hadoop-common-3.3.6.jar:?]
	at java.security.AccessController.doPrivileged(Native Method) ~[?:1.8.0_392]
	at javax.security.auth.Subject.doAs(Subject.java:422) [?:1.8.0_392]
	at org.apache.hadoop.security.UserGroupInformation.doAs(UserGroupInformation.java:1899) [hadoop-common-3.3.6.jar:?]
	at org.apache.hadoop.ipc.Server$Handler.run(Server.java:3048) [hadoop-common-3.3.6.jar:?]
14:17:42.341 [IPC Server handler 15 on default port 15057] ERROR OMAudit - user=runner | ip=127.0.0.1 | op=GET_FILE_STATUS {volume=volume48931, bucket=bucket54568, key=d1/d2/d3/d4/invalidkey, dataSize=0, replicationConfig=null} | ret=FAILURE
org.apache.hadoop.ozone.om.exceptions.OMException: Unable to get file status: volume: volume48931 bucket: bucket54568 key: d1/d2/d3/d4/invalidkey
	at org.apache.hadoop.ozone.om.KeyManagerImpl.getOzoneFileStatusFSO(KeyManagerImpl.java:1356) ~[ozone-manager-1.4.0-SNAPSHOT.jar:?]
	at org.apache.hadoop.ozone.om.KeyManagerImpl.getFileStatus(KeyManagerImpl.java:1140) ~[ozone-manager-1.4.0-SNAPSHOT.jar:?]
	at org.apache.hadoop.ozone.om.OmMetadataReader.getFileStatus(OmMetadataReader.java:279) ~[ozone-manager-1.4.0-SNAPSHOT.jar:?]
	at org.apache.hadoop.ozone.om.OzoneManager.getFileStatus(OzoneManager.java:3629) ~[ozone-manager-1.4.0-SNAPSHOT.jar:?]
	at org.apache.hadoop.ozone.protocolPB.OzoneManagerRequestHandler.getOzoneFileStatus(OzoneManagerRequestHandler.java:1010) ~[ozone-manager-1.4.0-SNAPSHOT.jar:?]
	at org.apache.hadoop.ozone.protocolPB.OzoneManagerRequestHandler.handleReadRequest(OzoneManagerRequestHandler.java:262) ~[ozone-manager-1.4.0-SNAPSHOT.jar:?]
	at org.apache.hadoop.ozone.protocolPB.OzoneManagerProtocolServerSideTranslatorPB.submitRequestDirectlyToOM(OzoneManagerProtocolServerSideTranslatorPB.java:319) ~[ozone-manager-1.4.0-SNAPSHOT.jar:?]
	at org.apache.hadoop.ozone.protocolPB.OzoneManagerProtocolServerSideTranslatorPB.internalProcessRequest(OzoneManagerProtocolServerSideTranslatorPB.java:207) ~[ozone-manager-1.4.0-SNAPSHOT.jar:?]
	at org.apache.hadoop.ozone.protocolPB.OzoneManagerProtocolServerSideTranslatorPB.processRequest(OzoneManagerProtocolServerSideTranslatorPB.java:171) ~[ozone-manager-1.4.0-SNAPSHOT.jar:?]
	at org.apache.hadoop.hdds.server.OzoneProtocolMessageDispatcher.processRequest(OzoneProtocolMessageDispatcher.java:89) [hdds-server-framework-1.4.0-SNAPSHOT.jar:?]
	at org.apache.hadoop.ozone.protocolPB.OzoneManagerProtocolServerSideTranslatorPB.submitRequest(OzoneManagerProtocolServerSideTranslatorPB.java:162) [ozone-manager-1.4.0-SNAPSHOT.jar:?]
	at org.apache.hadoop.ozone.protocol.proto.OzoneManagerProtocolProtos$OzoneManagerService$2.callBlockingMethod(OzoneManagerProtocolProtos.java) [ozone-interface-client-1.4.0-SNAPSHOT.jar:?]
	at org.apache.hadoop.ipc.ProtobufRpcEngine$Server.processCall(ProtobufRpcEngine.java:484) [hadoop-common-3.3.6.jar:?]
	at org.apache.hadoop.ipc.ProtobufRpcEngine2$Server$ProtoBufRpcInvoker.call(ProtobufRpcEngine2.java:595) [hadoop-common-3.3.6.jar:?]
	at org.apache.hadoop.ipc.ProtobufRpcEngine2$Server$ProtoBufRpcInvoker.call(ProtobufRpcEngine2.java:573) [hadoop-common-3.3.6.jar:?]
	at org.apache.hadoop.ipc.RPC$Server.call(RPC.java:1227) [hadoop-common-3.3.6.jar:?]
	at org.apache.hadoop.ipc.Server$RpcCall.run(Server.java:1094) [hadoop-common-3.3.6.jar:?]
	at org.apache.hadoop.ipc.Server$RpcCall.run(Server.java:1017) [hadoop-common-3.3.6.jar:?]
	at java.security.AccessController.doPrivileged(Native Method) ~[?:1.8.0_392]
	at javax.security.auth.Subject.doAs(Subject.java:422) [?:1.8.0_392]
	at org.apache.hadoop.security.UserGroupInformation.doAs(UserGroupInformation.java:1899) [hadoop-common-3.3.6.jar:?]
	at org.apache.hadoop.ipc.Server$Handler.run(Server.java:3048) [hadoop-common-3.3.6.jar:?]
]]></system-out>
  </testcase>
  <testcase name="testRenameContainDelimiterFile" classname="TestOzoneFileSystemWithFSO" time="0.024">
    <system-out><![CDATA[14:17:15.711 [IPC Server handler 3 on default port 15004] ERROR OMAudit - user=runner | ip=127.0.0.1 | op=GET_FILE_STATUS {volume=volume73660, bucket=bucket24382, key=dir1/dir2/key1, dataSize=0, replicationConfig=null} | ret=FAILURE
org.apache.hadoop.ozone.om.exceptions.OMException: Unable to get file status: volume: volume73660 bucket: bucket24382 key: dir1/dir2/key1
	at org.apache.hadoop.ozone.om.KeyManagerImpl.getOzoneFileStatusFSO(KeyManagerImpl.java:1356) ~[ozone-manager-1.4.0-SNAPSHOT.jar:?]
	at org.apache.hadoop.ozone.om.KeyManagerImpl.getFileStatus(KeyManagerImpl.java:1140) ~[ozone-manager-1.4.0-SNAPSHOT.jar:?]
	at org.apache.hadoop.ozone.om.OmMetadataReader.getFileStatus(OmMetadataReader.java:279) ~[ozone-manager-1.4.0-SNAPSHOT.jar:?]
	at org.apache.hadoop.ozone.om.OzoneManager.getFileStatus(OzoneManager.java:3629) ~[ozone-manager-1.4.0-SNAPSHOT.jar:?]
	at org.apache.hadoop.ozone.protocolPB.OzoneManagerRequestHandler.getOzoneFileStatus(OzoneManagerRequestHandler.java:1010) ~[ozone-manager-1.4.0-SNAPSHOT.jar:?]
	at org.apache.hadoop.ozone.protocolPB.OzoneManagerRequestHandler.handleReadRequest(OzoneManagerRequestHandler.java:262) ~[ozone-manager-1.4.0-SNAPSHOT.jar:?]
	at org.apache.hadoop.ozone.protocolPB.OzoneManagerProtocolServerSideTranslatorPB.submitReadRequestToOM(OzoneManagerProtocolServerSideTranslatorPB.java:265) ~[ozone-manager-1.4.0-SNAPSHOT.jar:?]
	at org.apache.hadoop.ozone.protocolPB.OzoneManagerProtocolServerSideTranslatorPB.internalProcessRequest(OzoneManagerProtocolServerSideTranslatorPB.java:211) ~[ozone-manager-1.4.0-SNAPSHOT.jar:?]
	at org.apache.hadoop.ozone.protocolPB.OzoneManagerProtocolServerSideTranslatorPB.processRequest(OzoneManagerProtocolServerSideTranslatorPB.java:171) ~[ozone-manager-1.4.0-SNAPSHOT.jar:?]
	at org.apache.hadoop.hdds.server.OzoneProtocolMessageDispatcher.processRequest(OzoneProtocolMessageDispatcher.java:89) [hdds-server-framework-1.4.0-SNAPSHOT.jar:?]
	at org.apache.hadoop.ozone.protocolPB.OzoneManagerProtocolServerSideTranslatorPB.submitRequest(OzoneManagerProtocolServerSideTranslatorPB.java:162) [ozone-manager-1.4.0-SNAPSHOT.jar:?]
	at org.apache.hadoop.ozone.protocol.proto.OzoneManagerProtocolProtos$OzoneManagerService$2.callBlockingMethod(OzoneManagerProtocolProtos.java) [ozone-interface-client-1.4.0-SNAPSHOT.jar:?]
	at org.apache.hadoop.ipc.ProtobufRpcEngine$Server.processCall(ProtobufRpcEngine.java:484) [hadoop-common-3.3.6.jar:?]
	at org.apache.hadoop.ipc.ProtobufRpcEngine2$Server$ProtoBufRpcInvoker.call(ProtobufRpcEngine2.java:595) [hadoop-common-3.3.6.jar:?]
	at org.apache.hadoop.ipc.ProtobufRpcEngine2$Server$ProtoBufRpcInvoker.call(ProtobufRpcEngine2.java:573) [hadoop-common-3.3.6.jar:?]
	at org.apache.hadoop.ipc.RPC$Server.call(RPC.java:1227) [hadoop-common-3.3.6.jar:?]
	at org.apache.hadoop.ipc.Server$RpcCall.run(Server.java:1094) [hadoop-common-3.3.6.jar:?]
	at org.apache.hadoop.ipc.Server$RpcCall.run(Server.java:1017) [hadoop-common-3.3.6.jar:?]
	at java.security.AccessController.doPrivileged(Native Method) ~[?:1.8.0_392]
	at javax.security.auth.Subject.doAs(Subject.java:422) [?:1.8.0_392]
	at org.apache.hadoop.security.UserGroupInformation.doAs(UserGroupInformation.java:1899) [hadoop-common-3.3.6.jar:?]
	at org.apache.hadoop.ipc.Server$Handler.run(Server.java:3048) [hadoop-common-3.3.6.jar:?]
14:17:15.714 [IPC Server handler 5 on default port 15004] ERROR OMAudit - user=runner | ip=127.0.0.1 | op=GET_FILE_STATUS {volume=volume73660, bucket=bucket24382, key=user/runner/dir1, dataSize=0, replicationConfig=null} | ret=FAILURE
org.apache.hadoop.ozone.om.exceptions.OMException: Unable to get file status: volume: volume73660 bucket: bucket24382 key: user/runner/dir1
	at org.apache.hadoop.ozone.om.KeyManagerImpl.getOzoneFileStatusFSO(KeyManagerImpl.java:1356) ~[ozone-manager-1.4.0-SNAPSHOT.jar:?]
	at org.apache.hadoop.ozone.om.KeyManagerImpl.getFileStatus(KeyManagerImpl.java:1140) ~[ozone-manager-1.4.0-SNAPSHOT.jar:?]
	at org.apache.hadoop.ozone.om.OmMetadataReader.getFileStatus(OmMetadataReader.java:279) ~[ozone-manager-1.4.0-SNAPSHOT.jar:?]
	at org.apache.hadoop.ozone.om.OzoneManager.getFileStatus(OzoneManager.java:3629) ~[ozone-manager-1.4.0-SNAPSHOT.jar:?]
	at org.apache.hadoop.ozone.protocolPB.OzoneManagerRequestHandler.getOzoneFileStatus(OzoneManagerRequestHandler.java:1010) ~[ozone-manager-1.4.0-SNAPSHOT.jar:?]
	at org.apache.hadoop.ozone.protocolPB.OzoneManagerRequestHandler.handleReadRequest(OzoneManagerRequestHandler.java:262) ~[ozone-manager-1.4.0-SNAPSHOT.jar:?]
	at org.apache.hadoop.ozone.protocolPB.OzoneManagerProtocolServerSideTranslatorPB.submitReadRequestToOM(OzoneManagerProtocolServerSideTranslatorPB.java:265) ~[ozone-manager-1.4.0-SNAPSHOT.jar:?]
	at org.apache.hadoop.ozone.protocolPB.OzoneManagerProtocolServerSideTranslatorPB.internalProcessRequest(OzoneManagerProtocolServerSideTranslatorPB.java:211) ~[ozone-manager-1.4.0-SNAPSHOT.jar:?]
	at org.apache.hadoop.ozone.protocolPB.OzoneManagerProtocolServerSideTranslatorPB.processRequest(OzoneManagerProtocolServerSideTranslatorPB.java:171) ~[ozone-manager-1.4.0-SNAPSHOT.jar:?]
	at org.apache.hadoop.hdds.server.OzoneProtocolMessageDispatcher.processRequest(OzoneProtocolMessageDispatcher.java:89) [hdds-server-framework-1.4.0-SNAPSHOT.jar:?]
	at org.apache.hadoop.ozone.protocolPB.OzoneManagerProtocolServerSideTranslatorPB.submitRequest(OzoneManagerProtocolServerSideTranslatorPB.java:162) [ozone-manager-1.4.0-SNAPSHOT.jar:?]
	at org.apache.hadoop.ozone.protocol.proto.OzoneManagerProtocolProtos$OzoneManagerService$2.callBlockingMethod(OzoneManagerProtocolProtos.java) [ozone-interface-client-1.4.0-SNAPSHOT.jar:?]
	at org.apache.hadoop.ipc.ProtobufRpcEngine$Server.processCall(ProtobufRpcEngine.java:484) [hadoop-common-3.3.6.jar:?]
	at org.apache.hadoop.ipc.ProtobufRpcEngine2$Server$ProtoBufRpcInvoker.call(ProtobufRpcEngine2.java:595) [hadoop-common-3.3.6.jar:?]
	at org.apache.hadoop.ipc.ProtobufRpcEngine2$Server$ProtoBufRpcInvoker.call(ProtobufRpcEngine2.java:573) [hadoop-common-3.3.6.jar:?]
	at org.apache.hadoop.ipc.RPC$Server.call(RPC.java:1227) [hadoop-common-3.3.6.jar:?]
	at org.apache.hadoop.ipc.Server$RpcCall.run(Server.java:1094) [hadoop-common-3.3.6.jar:?]
	at org.apache.hadoop.ipc.Server$RpcCall.run(Server.java:1017) [hadoop-common-3.3.6.jar:?]
	at java.security.AccessController.doPrivileged(Native Method) ~[?:1.8.0_392]
	at javax.security.auth.Subject.doAs(Subject.java:422) [?:1.8.0_392]
	at org.apache.hadoop.security.UserGroupInformation.doAs(UserGroupInformation.java:1899) [hadoop-common-3.3.6.jar:?]
	at org.apache.hadoop.ipc.Server$Handler.run(Server.java:3048) [hadoop-common-3.3.6.jar:?]
14:17:15.716 [IPC Server handler 0 on default port 15004] ERROR OMAudit - user=runner | ip=127.0.0.1 | op=GET_FILE_STATUS {volume=volume73660, bucket=bucket24382, key=user/runner/dir1/dir2, dataSize=0, replicationConfig=null} | ret=FAILURE
org.apache.hadoop.ozone.om.exceptions.OMException: Unable to get file status: volume: volume73660 bucket: bucket24382 key: user/runner/dir1/dir2
	at org.apache.hadoop.ozone.om.KeyManagerImpl.getOzoneFileStatusFSO(KeyManagerImpl.java:1356) ~[ozone-manager-1.4.0-SNAPSHOT.jar:?]
	at org.apache.hadoop.ozone.om.KeyManagerImpl.getFileStatus(KeyManagerImpl.java:1140) ~[ozone-manager-1.4.0-SNAPSHOT.jar:?]
	at org.apache.hadoop.ozone.om.OmMetadataReader.getFileStatus(OmMetadataReader.java:279) ~[ozone-manager-1.4.0-SNAPSHOT.jar:?]
	at org.apache.hadoop.ozone.om.OzoneManager.getFileStatus(OzoneManager.java:3629) ~[ozone-manager-1.4.0-SNAPSHOT.jar:?]
	at org.apache.hadoop.ozone.protocolPB.OzoneManagerRequestHandler.getOzoneFileStatus(OzoneManagerRequestHandler.java:1010) ~[ozone-manager-1.4.0-SNAPSHOT.jar:?]
	at org.apache.hadoop.ozone.protocolPB.OzoneManagerRequestHandler.handleReadRequest(OzoneManagerRequestHandler.java:262) ~[ozone-manager-1.4.0-SNAPSHOT.jar:?]
	at org.apache.hadoop.ozone.protocolPB.OzoneManagerProtocolServerSideTranslatorPB.submitReadRequestToOM(OzoneManagerProtocolServerSideTranslatorPB.java:265) ~[ozone-manager-1.4.0-SNAPSHOT.jar:?]
	at org.apache.hadoop.ozone.protocolPB.OzoneManagerProtocolServerSideTranslatorPB.internalProcessRequest(OzoneManagerProtocolServerSideTranslatorPB.java:211) ~[ozone-manager-1.4.0-SNAPSHOT.jar:?]
	at org.apache.hadoop.ozone.protocolPB.OzoneManagerProtocolServerSideTranslatorPB.processRequest(OzoneManagerProtocolServerSideTranslatorPB.java:171) ~[ozone-manager-1.4.0-SNAPSHOT.jar:?]
	at org.apache.hadoop.hdds.server.OzoneProtocolMessageDispatcher.processRequest(OzoneProtocolMessageDispatcher.java:89) [hdds-server-framework-1.4.0-SNAPSHOT.jar:?]
	at org.apache.hadoop.ozone.protocolPB.OzoneManagerProtocolServerSideTranslatorPB.submitRequest(OzoneManagerProtocolServerSideTranslatorPB.java:162) [ozone-manager-1.4.0-SNAPSHOT.jar:?]
	at org.apache.hadoop.ozone.protocol.proto.OzoneManagerProtocolProtos$OzoneManagerService$2.callBlockingMethod(OzoneManagerProtocolProtos.java) [ozone-interface-client-1.4.0-SNAPSHOT.jar:?]
	at org.apache.hadoop.ipc.ProtobufRpcEngine$Server.processCall(ProtobufRpcEngine.java:484) [hadoop-common-3.3.6.jar:?]
	at org.apache.hadoop.ipc.ProtobufRpcEngine2$Server$ProtoBufRpcInvoker.call(ProtobufRpcEngine2.java:595) [hadoop-common-3.3.6.jar:?]
	at org.apache.hadoop.ipc.ProtobufRpcEngine2$Server$ProtoBufRpcInvoker.call(ProtobufRpcEngine2.java:573) [hadoop-common-3.3.6.jar:?]
	at org.apache.hadoop.ipc.RPC$Server.call(RPC.java:1227) [hadoop-common-3.3.6.jar:?]
	at org.apache.hadoop.ipc.Server$RpcCall.run(Server.java:1094) [hadoop-common-3.3.6.jar:?]
	at org.apache.hadoop.ipc.Server$RpcCall.run(Server.java:1017) [hadoop-common-3.3.6.jar:?]
	at java.security.AccessController.doPrivileged(Native Method) ~[?:1.8.0_392]
	at javax.security.auth.Subject.doAs(Subject.java:422) [?:1.8.0_392]
	at org.apache.hadoop.security.UserGroupInformation.doAs(UserGroupInformation.java:1899) [hadoop-common-3.3.6.jar:?]
	at org.apache.hadoop.ipc.Server$Handler.run(Server.java:3048) [hadoop-common-3.3.6.jar:?]
]]></system-out>
  </testcase>
  <testcase name="testRenameContainDelimiterFile" classname="TestOzoneFileSystemWithFSO" time="0.014">
    <system-out><![CDATA[14:17:42.353 [IPC Server handler 2 on default port 15057] ERROR OMAudit - user=runner | ip=127.0.0.1 | op=GET_FILE_STATUS {volume=volume48931, bucket=bucket54568, key=dir1/dir2/key1, dataSize=0, replicationConfig=null} | ret=FAILURE
org.apache.hadoop.ozone.om.exceptions.OMException: Unable to get file status: volume: volume48931 bucket: bucket54568 key: dir1/dir2/key1
	at org.apache.hadoop.ozone.om.KeyManagerImpl.getOzoneFileStatusFSO(KeyManagerImpl.java:1356) ~[ozone-manager-1.4.0-SNAPSHOT.jar:?]
	at org.apache.hadoop.ozone.om.KeyManagerImpl.getFileStatus(KeyManagerImpl.java:1140) ~[ozone-manager-1.4.0-SNAPSHOT.jar:?]
	at org.apache.hadoop.ozone.om.OmMetadataReader.getFileStatus(OmMetadataReader.java:279) ~[ozone-manager-1.4.0-SNAPSHOT.jar:?]
	at org.apache.hadoop.ozone.om.OzoneManager.getFileStatus(OzoneManager.java:3629) ~[ozone-manager-1.4.0-SNAPSHOT.jar:?]
	at org.apache.hadoop.ozone.protocolPB.OzoneManagerRequestHandler.getOzoneFileStatus(OzoneManagerRequestHandler.java:1010) ~[ozone-manager-1.4.0-SNAPSHOT.jar:?]
	at org.apache.hadoop.ozone.protocolPB.OzoneManagerRequestHandler.handleReadRequest(OzoneManagerRequestHandler.java:262) ~[ozone-manager-1.4.0-SNAPSHOT.jar:?]
	at org.apache.hadoop.ozone.protocolPB.OzoneManagerProtocolServerSideTranslatorPB.submitRequestDirectlyToOM(OzoneManagerProtocolServerSideTranslatorPB.java:319) ~[ozone-manager-1.4.0-SNAPSHOT.jar:?]
	at org.apache.hadoop.ozone.protocolPB.OzoneManagerProtocolServerSideTranslatorPB.internalProcessRequest(OzoneManagerProtocolServerSideTranslatorPB.java:207) ~[ozone-manager-1.4.0-SNAPSHOT.jar:?]
	at org.apache.hadoop.ozone.protocolPB.OzoneManagerProtocolServerSideTranslatorPB.processRequest(OzoneManagerProtocolServerSideTranslatorPB.java:171) ~[ozone-manager-1.4.0-SNAPSHOT.jar:?]
	at org.apache.hadoop.hdds.server.OzoneProtocolMessageDispatcher.processRequest(OzoneProtocolMessageDispatcher.java:89) [hdds-server-framework-1.4.0-SNAPSHOT.jar:?]
	at org.apache.hadoop.ozone.protocolPB.OzoneManagerProtocolServerSideTranslatorPB.submitRequest(OzoneManagerProtocolServerSideTranslatorPB.java:162) [ozone-manager-1.4.0-SNAPSHOT.jar:?]
	at org.apache.hadoop.ozone.protocol.proto.OzoneManagerProtocolProtos$OzoneManagerService$2.callBlockingMethod(OzoneManagerProtocolProtos.java) [ozone-interface-client-1.4.0-SNAPSHOT.jar:?]
	at org.apache.hadoop.ipc.ProtobufRpcEngine$Server.processCall(ProtobufRpcEngine.java:484) [hadoop-common-3.3.6.jar:?]
	at org.apache.hadoop.ipc.ProtobufRpcEngine2$Server$ProtoBufRpcInvoker.call(ProtobufRpcEngine2.java:595) [hadoop-common-3.3.6.jar:?]
	at org.apache.hadoop.ipc.ProtobufRpcEngine2$Server$ProtoBufRpcInvoker.call(ProtobufRpcEngine2.java:573) [hadoop-common-3.3.6.jar:?]
	at org.apache.hadoop.ipc.RPC$Server.call(RPC.java:1227) [hadoop-common-3.3.6.jar:?]
	at org.apache.hadoop.ipc.Server$RpcCall.run(Server.java:1094) [hadoop-common-3.3.6.jar:?]
	at org.apache.hadoop.ipc.Server$RpcCall.run(Server.java:1017) [hadoop-common-3.3.6.jar:?]
	at java.security.AccessController.doPrivileged(Native Method) ~[?:1.8.0_392]
	at javax.security.auth.Subject.doAs(Subject.java:422) [?:1.8.0_392]
	at org.apache.hadoop.security.UserGroupInformation.doAs(UserGroupInformation.java:1899) [hadoop-common-3.3.6.jar:?]
	at org.apache.hadoop.ipc.Server$Handler.run(Server.java:3048) [hadoop-common-3.3.6.jar:?]
14:17:42.355 [IPC Server handler 4 on default port 15057] ERROR OMAudit - user=runner | ip=127.0.0.1 | op=GET_FILE_STATUS {volume=volume48931, bucket=bucket54568, key=user/runner/dir1, dataSize=0, replicationConfig=null} | ret=FAILURE
org.apache.hadoop.ozone.om.exceptions.OMException: Unable to get file status: volume: volume48931 bucket: bucket54568 key: user/runner/dir1
	at org.apache.hadoop.ozone.om.KeyManagerImpl.getOzoneFileStatusFSO(KeyManagerImpl.java:1356) ~[ozone-manager-1.4.0-SNAPSHOT.jar:?]
	at org.apache.hadoop.ozone.om.KeyManagerImpl.getFileStatus(KeyManagerImpl.java:1140) ~[ozone-manager-1.4.0-SNAPSHOT.jar:?]
	at org.apache.hadoop.ozone.om.OmMetadataReader.getFileStatus(OmMetadataReader.java:279) ~[ozone-manager-1.4.0-SNAPSHOT.jar:?]
	at org.apache.hadoop.ozone.om.OzoneManager.getFileStatus(OzoneManager.java:3629) ~[ozone-manager-1.4.0-SNAPSHOT.jar:?]
	at org.apache.hadoop.ozone.protocolPB.OzoneManagerRequestHandler.getOzoneFileStatus(OzoneManagerRequestHandler.java:1010) ~[ozone-manager-1.4.0-SNAPSHOT.jar:?]
	at org.apache.hadoop.ozone.protocolPB.OzoneManagerRequestHandler.handleReadRequest(OzoneManagerRequestHandler.java:262) ~[ozone-manager-1.4.0-SNAPSHOT.jar:?]
	at org.apache.hadoop.ozone.protocolPB.OzoneManagerProtocolServerSideTranslatorPB.submitRequestDirectlyToOM(OzoneManagerProtocolServerSideTranslatorPB.java:319) ~[ozone-manager-1.4.0-SNAPSHOT.jar:?]
	at org.apache.hadoop.ozone.protocolPB.OzoneManagerProtocolServerSideTranslatorPB.internalProcessRequest(OzoneManagerProtocolServerSideTranslatorPB.java:207) ~[ozone-manager-1.4.0-SNAPSHOT.jar:?]
	at org.apache.hadoop.ozone.protocolPB.OzoneManagerProtocolServerSideTranslatorPB.processRequest(OzoneManagerProtocolServerSideTranslatorPB.java:171) ~[ozone-manager-1.4.0-SNAPSHOT.jar:?]
	at org.apache.hadoop.hdds.server.OzoneProtocolMessageDispatcher.processRequest(OzoneProtocolMessageDispatcher.java:89) [hdds-server-framework-1.4.0-SNAPSHOT.jar:?]
	at org.apache.hadoop.ozone.protocolPB.OzoneManagerProtocolServerSideTranslatorPB.submitRequest(OzoneManagerProtocolServerSideTranslatorPB.java:162) [ozone-manager-1.4.0-SNAPSHOT.jar:?]
	at org.apache.hadoop.ozone.protocol.proto.OzoneManagerProtocolProtos$OzoneManagerService$2.callBlockingMethod(OzoneManagerProtocolProtos.java) [ozone-interface-client-1.4.0-SNAPSHOT.jar:?]
	at org.apache.hadoop.ipc.ProtobufRpcEngine$Server.processCall(ProtobufRpcEngine.java:484) [hadoop-common-3.3.6.jar:?]
	at org.apache.hadoop.ipc.ProtobufRpcEngine2$Server$ProtoBufRpcInvoker.call(ProtobufRpcEngine2.java:595) [hadoop-common-3.3.6.jar:?]
	at org.apache.hadoop.ipc.ProtobufRpcEngine2$Server$ProtoBufRpcInvoker.call(ProtobufRpcEngine2.java:573) [hadoop-common-3.3.6.jar:?]
	at org.apache.hadoop.ipc.RPC$Server.call(RPC.java:1227) [hadoop-common-3.3.6.jar:?]
	at org.apache.hadoop.ipc.Server$RpcCall.run(Server.java:1094) [hadoop-common-3.3.6.jar:?]
	at org.apache.hadoop.ipc.Server$RpcCall.run(Server.java:1017) [hadoop-common-3.3.6.jar:?]
	at java.security.AccessController.doPrivileged(Native Method) ~[?:1.8.0_392]
	at javax.security.auth.Subject.doAs(Subject.java:422) [?:1.8.0_392]
	at org.apache.hadoop.security.UserGroupInformation.doAs(UserGroupInformation.java:1899) [hadoop-common-3.3.6.jar:?]
	at org.apache.hadoop.ipc.Server$Handler.run(Server.java:3048) [hadoop-common-3.3.6.jar:?]
14:17:42.355 [IPC Server handler 5 on default port 15057] ERROR OMAudit - user=runner | ip=127.0.0.1 | op=GET_FILE_STATUS {volume=volume48931, bucket=bucket54568, key=user/runner/dir1/dir2, dataSize=0, replicationConfig=null} | ret=FAILURE
org.apache.hadoop.ozone.om.exceptions.OMException: Unable to get file status: volume: volume48931 bucket: bucket54568 key: user/runner/dir1/dir2
	at org.apache.hadoop.ozone.om.KeyManagerImpl.getOzoneFileStatusFSO(KeyManagerImpl.java:1356) ~[ozone-manager-1.4.0-SNAPSHOT.jar:?]
	at org.apache.hadoop.ozone.om.KeyManagerImpl.getFileStatus(KeyManagerImpl.java:1140) ~[ozone-manager-1.4.0-SNAPSHOT.jar:?]
	at org.apache.hadoop.ozone.om.OmMetadataReader.getFileStatus(OmMetadataReader.java:279) ~[ozone-manager-1.4.0-SNAPSHOT.jar:?]
	at org.apache.hadoop.ozone.om.OzoneManager.getFileStatus(OzoneManager.java:3629) ~[ozone-manager-1.4.0-SNAPSHOT.jar:?]
	at org.apache.hadoop.ozone.protocolPB.OzoneManagerRequestHandler.getOzoneFileStatus(OzoneManagerRequestHandler.java:1010) ~[ozone-manager-1.4.0-SNAPSHOT.jar:?]
	at org.apache.hadoop.ozone.protocolPB.OzoneManagerRequestHandler.handleReadRequest(OzoneManagerRequestHandler.java:262) ~[ozone-manager-1.4.0-SNAPSHOT.jar:?]
	at org.apache.hadoop.ozone.protocolPB.OzoneManagerProtocolServerSideTranslatorPB.submitRequestDirectlyToOM(OzoneManagerProtocolServerSideTranslatorPB.java:319) ~[ozone-manager-1.4.0-SNAPSHOT.jar:?]
	at org.apache.hadoop.ozone.protocolPB.OzoneManagerProtocolServerSideTranslatorPB.internalProcessRequest(OzoneManagerProtocolServerSideTranslatorPB.java:207) ~[ozone-manager-1.4.0-SNAPSHOT.jar:?]
	at org.apache.hadoop.ozone.protocolPB.OzoneManagerProtocolServerSideTranslatorPB.processRequest(OzoneManagerProtocolServerSideTranslatorPB.java:171) ~[ozone-manager-1.4.0-SNAPSHOT.jar:?]
	at org.apache.hadoop.hdds.server.OzoneProtocolMessageDispatcher.processRequest(OzoneProtocolMessageDispatcher.java:89) [hdds-server-framework-1.4.0-SNAPSHOT.jar:?]
	at org.apache.hadoop.ozone.protocolPB.OzoneManagerProtocolServerSideTranslatorPB.submitRequest(OzoneManagerProtocolServerSideTranslatorPB.java:162) [ozone-manager-1.4.0-SNAPSHOT.jar:?]
	at org.apache.hadoop.ozone.protocol.proto.OzoneManagerProtocolProtos$OzoneManagerService$2.callBlockingMethod(OzoneManagerProtocolProtos.java) [ozone-interface-client-1.4.0-SNAPSHOT.jar:?]
	at org.apache.hadoop.ipc.ProtobufRpcEngine$Server.processCall(ProtobufRpcEngine.java:484) [hadoop-common-3.3.6.jar:?]
	at org.apache.hadoop.ipc.ProtobufRpcEngine2$Server$ProtoBufRpcInvoker.call(ProtobufRpcEngine2.java:595) [hadoop-common-3.3.6.jar:?]
	at org.apache.hadoop.ipc.ProtobufRpcEngine2$Server$ProtoBufRpcInvoker.call(ProtobufRpcEngine2.java:573) [hadoop-common-3.3.6.jar:?]
	at org.apache.hadoop.ipc.RPC$Server.call(RPC.java:1227) [hadoop-common-3.3.6.jar:?]
	at org.apache.hadoop.ipc.Server$RpcCall.run(Server.java:1094) [hadoop-common-3.3.6.jar:?]
	at org.apache.hadoop.ipc.Server$RpcCall.run(Server.java:1017) [hadoop-common-3.3.6.jar:?]
	at java.security.AccessController.doPrivileged(Native Method) ~[?:1.8.0_392]
	at javax.security.auth.Subject.doAs(Subject.java:422) [?:1.8.0_392]
	at org.apache.hadoop.security.UserGroupInformation.doAs(UserGroupInformation.java:1899) [hadoop-common-3.3.6.jar:?]
	at org.apache.hadoop.ipc.Server$Handler.run(Server.java:3048) [hadoop-common-3.3.6.jar:?]
]]></system-out>
  </testcase>
  <testcase name="testMakeDirsWithAnFakeDirectory" classname="TestOzoneFileSystemWithFSO" time="0.025">
    <failure type="java.lang.AssertionError"><![CDATA[java.lang.AssertionError: Delete root failed! expected:<0> but was:<1>
	at org.junit.Assert.fail(Assert.java:89)
	at org.junit.Assert.failNotEquals(Assert.java:835)
	at org.junit.Assert.assertEquals(Assert.java:647)
	at org.apache.hadoop.fs.ozone.TestOzoneFileSystem.deleteRootDir(TestOzoneFileSystem.java:828)
	at org.apache.hadoop.fs.ozone.TestOzoneFileSystem.cleanup(TestOzoneFileSystem.java:240)
	at org.apache.hadoop.fs.ozone.TestOzoneFileSystemWithFSO.cleanup(TestOzoneFileSystemWithFSO.java:86)
	at sun.reflect.GeneratedMethodAccessor51.invoke(Unknown Source)
	at sun.reflect.DelegatingMethodAccessorImpl.invoke(DelegatingMethodAccessorImpl.java:43)
	at java.lang.reflect.Method.invoke(Method.java:498)
	at org.junit.runners.model.FrameworkMethod$1.runReflectiveCall(FrameworkMethod.java:59)
	at org.junit.internal.runners.model.ReflectiveCallable.run(ReflectiveCallable.java:12)
	at org.junit.runners.model.FrameworkMethod.invokeExplosively(FrameworkMethod.java:56)
	at org.junit.internal.runners.statements.RunAfters.invokeMethod(RunAfters.java:46)
	at org.junit.internal.runners.statements.RunAfters.evaluate(RunAfters.java:33)
	at org.junit.internal.runners.statements.FailOnTimeout$CallableStatement.call(FailOnTimeout.java:288)
	at org.junit.internal.runners.statements.FailOnTimeout$CallableStatement.call(FailOnTimeout.java:282)
	at java.util.concurrent.FutureTask.run(FutureTask.java:266)
	at java.lang.Thread.run(Thread.java:750)
]]></failure>
    <system-out><![CDATA[14:17:15.732 [IPC Server handler 17 on default port 15004] ERROR OMAudit - user=runner | ip=127.0.0.1 | op=GET_FILE_STATUS {volume=volume73660, bucket=bucket24382, key=user/runner/dir1/dir2, dataSize=0, replicationConfig=null} | ret=FAILURE
org.apache.hadoop.ozone.om.exceptions.OMException: Unable to get file status: volume: volume73660 bucket: bucket24382 key: user/runner/dir1/dir2
	at org.apache.hadoop.ozone.om.KeyManagerImpl.getOzoneFileStatusFSO(KeyManagerImpl.java:1356) ~[ozone-manager-1.4.0-SNAPSHOT.jar:?]
	at org.apache.hadoop.ozone.om.KeyManagerImpl.getFileStatus(KeyManagerImpl.java:1140) ~[ozone-manager-1.4.0-SNAPSHOT.jar:?]
	at org.apache.hadoop.ozone.om.OmMetadataReader.getFileStatus(OmMetadataReader.java:279) ~[ozone-manager-1.4.0-SNAPSHOT.jar:?]
	at org.apache.hadoop.ozone.om.OzoneManager.getFileStatus(OzoneManager.java:3629) ~[ozone-manager-1.4.0-SNAPSHOT.jar:?]
	at org.apache.hadoop.ozone.protocolPB.OzoneManagerRequestHandler.getOzoneFileStatus(OzoneManagerRequestHandler.java:1010) ~[ozone-manager-1.4.0-SNAPSHOT.jar:?]
	at org.apache.hadoop.ozone.protocolPB.OzoneManagerRequestHandler.handleReadRequest(OzoneManagerRequestHandler.java:262) ~[ozone-manager-1.4.0-SNAPSHOT.jar:?]
	at org.apache.hadoop.ozone.protocolPB.OzoneManagerProtocolServerSideTranslatorPB.submitReadRequestToOM(OzoneManagerProtocolServerSideTranslatorPB.java:265) ~[ozone-manager-1.4.0-SNAPSHOT.jar:?]
	at org.apache.hadoop.ozone.protocolPB.OzoneManagerProtocolServerSideTranslatorPB.internalProcessRequest(OzoneManagerProtocolServerSideTranslatorPB.java:211) ~[ozone-manager-1.4.0-SNAPSHOT.jar:?]
	at org.apache.hadoop.ozone.protocolPB.OzoneManagerProtocolServerSideTranslatorPB.processRequest(OzoneManagerProtocolServerSideTranslatorPB.java:171) ~[ozone-manager-1.4.0-SNAPSHOT.jar:?]
	at org.apache.hadoop.hdds.server.OzoneProtocolMessageDispatcher.processRequest(OzoneProtocolMessageDispatcher.java:89) [hdds-server-framework-1.4.0-SNAPSHOT.jar:?]
	at org.apache.hadoop.ozone.protocolPB.OzoneManagerProtocolServerSideTranslatorPB.submitRequest(OzoneManagerProtocolServerSideTranslatorPB.java:162) [ozone-manager-1.4.0-SNAPSHOT.jar:?]
	at org.apache.hadoop.ozone.protocol.proto.OzoneManagerProtocolProtos$OzoneManagerService$2.callBlockingMethod(OzoneManagerProtocolProtos.java) [ozone-interface-client-1.4.0-SNAPSHOT.jar:?]
	at org.apache.hadoop.ipc.ProtobufRpcEngine$Server.processCall(ProtobufRpcEngine.java:484) [hadoop-common-3.3.6.jar:?]
	at org.apache.hadoop.ipc.ProtobufRpcEngine2$Server$ProtoBufRpcInvoker.call(ProtobufRpcEngine2.java:595) [hadoop-common-3.3.6.jar:?]
	at org.apache.hadoop.ipc.ProtobufRpcEngine2$Server$ProtoBufRpcInvoker.call(ProtobufRpcEngine2.java:573) [hadoop-common-3.3.6.jar:?]
	at org.apache.hadoop.ipc.RPC$Server.call(RPC.java:1227) [hadoop-common-3.3.6.jar:?]
	at org.apache.hadoop.ipc.Server$RpcCall.run(Server.java:1094) [hadoop-common-3.3.6.jar:?]
	at org.apache.hadoop.ipc.Server$RpcCall.run(Server.java:1017) [hadoop-common-3.3.6.jar:?]
	at java.security.AccessController.doPrivileged(Native Method) ~[?:1.8.0_392]
	at javax.security.auth.Subject.doAs(Subject.java:422) [?:1.8.0_392]
	at org.apache.hadoop.security.UserGroupInformation.doAs(UserGroupInformation.java:1899) [hadoop-common-3.3.6.jar:?]
	at org.apache.hadoop.ipc.Server$Handler.run(Server.java:3048) [hadoop-common-3.3.6.jar:?]
2023-11-20 14:17:15,745 [Time-limited test] ERROR ozone.TestOzoneFileSystem (TestOzoneFileSystem.java:deleteRootDir(826)) - Unexpected file, should have been deleted: FileStatus{path=o3fs://bucket24382.volume73660/user; isDirectory=true; modification_time=1700489835733; access_time=1700489835733; owner=runner; group=runner; permission=rwxrwxrwx; isSymlink=false; hasAcl=false; isEncrypted=false; isErasureCoded=false}
]]></system-out>
  </testcase>
  <testcase name="testMakeDirsWithAnFakeDirectory" classname="TestOzoneFileSystemWithFSO" time="0.014">
    <system-out><![CDATA[14:17:42.364 [IPC Server handler 11 on default port 15057] ERROR OMAudit - user=runner | ip=127.0.0.1 | op=GET_FILE_STATUS {volume=volume48931, bucket=bucket54568, key=user/runner/dir1/dir2, dataSize=0, replicationConfig=null} | ret=FAILURE
org.apache.hadoop.ozone.om.exceptions.OMException: Unable to get file status: volume: volume48931 bucket: bucket54568 key: user/runner/dir1/dir2
	at org.apache.hadoop.ozone.om.KeyManagerImpl.getOzoneFileStatusFSO(KeyManagerImpl.java:1356) ~[ozone-manager-1.4.0-SNAPSHOT.jar:?]
	at org.apache.hadoop.ozone.om.KeyManagerImpl.getFileStatus(KeyManagerImpl.java:1140) ~[ozone-manager-1.4.0-SNAPSHOT.jar:?]
	at org.apache.hadoop.ozone.om.OmMetadataReader.getFileStatus(OmMetadataReader.java:279) ~[ozone-manager-1.4.0-SNAPSHOT.jar:?]
	at org.apache.hadoop.ozone.om.OzoneManager.getFileStatus(OzoneManager.java:3629) ~[ozone-manager-1.4.0-SNAPSHOT.jar:?]
	at org.apache.hadoop.ozone.protocolPB.OzoneManagerRequestHandler.getOzoneFileStatus(OzoneManagerRequestHandler.java:1010) ~[ozone-manager-1.4.0-SNAPSHOT.jar:?]
	at org.apache.hadoop.ozone.protocolPB.OzoneManagerRequestHandler.handleReadRequest(OzoneManagerRequestHandler.java:262) ~[ozone-manager-1.4.0-SNAPSHOT.jar:?]
	at org.apache.hadoop.ozone.protocolPB.OzoneManagerProtocolServerSideTranslatorPB.submitRequestDirectlyToOM(OzoneManagerProtocolServerSideTranslatorPB.java:319) ~[ozone-manager-1.4.0-SNAPSHOT.jar:?]
	at org.apache.hadoop.ozone.protocolPB.OzoneManagerProtocolServerSideTranslatorPB.internalProcessRequest(OzoneManagerProtocolServerSideTranslatorPB.java:207) ~[ozone-manager-1.4.0-SNAPSHOT.jar:?]
	at org.apache.hadoop.ozone.protocolPB.OzoneManagerProtocolServerSideTranslatorPB.processRequest(OzoneManagerProtocolServerSideTranslatorPB.java:171) ~[ozone-manager-1.4.0-SNAPSHOT.jar:?]
	at org.apache.hadoop.hdds.server.OzoneProtocolMessageDispatcher.processRequest(OzoneProtocolMessageDispatcher.java:89) [hdds-server-framework-1.4.0-SNAPSHOT.jar:?]
	at org.apache.hadoop.ozone.protocolPB.OzoneManagerProtocolServerSideTranslatorPB.submitRequest(OzoneManagerProtocolServerSideTranslatorPB.java:162) [ozone-manager-1.4.0-SNAPSHOT.jar:?]
	at org.apache.hadoop.ozone.protocol.proto.OzoneManagerProtocolProtos$OzoneManagerService$2.callBlockingMethod(OzoneManagerProtocolProtos.java) [ozone-interface-client-1.4.0-SNAPSHOT.jar:?]
	at org.apache.hadoop.ipc.ProtobufRpcEngine$Server.processCall(ProtobufRpcEngine.java:484) [hadoop-common-3.3.6.jar:?]
	at org.apache.hadoop.ipc.ProtobufRpcEngine2$Server$ProtoBufRpcInvoker.call(ProtobufRpcEngine2.java:595) [hadoop-common-3.3.6.jar:?]
	at org.apache.hadoop.ipc.ProtobufRpcEngine2$Server$ProtoBufRpcInvoker.call(ProtobufRpcEngine2.java:573) [hadoop-common-3.3.6.jar:?]
	at org.apache.hadoop.ipc.RPC$Server.call(RPC.java:1227) [hadoop-common-3.3.6.jar:?]
	at org.apache.hadoop.ipc.Server$RpcCall.run(Server.java:1094) [hadoop-common-3.3.6.jar:?]
	at org.apache.hadoop.ipc.Server$RpcCall.run(Server.java:1017) [hadoop-common-3.3.6.jar:?]
	at java.security.AccessController.doPrivileged(Native Method) ~[?:1.8.0_392]
	at javax.security.auth.Subject.doAs(Subject.java:422) [?:1.8.0_392]
	at org.apache.hadoop.security.UserGroupInformation.doAs(UserGroupInformation.java:1899) [hadoop-common-3.3.6.jar:?]
	at org.apache.hadoop.ipc.Server$Handler.run(Server.java:3048) [hadoop-common-3.3.6.jar:?]
]]></system-out>
  </testcase>
  <testcase name="testFileDelete" classname="TestOzoneFileSystemWithFSO" time="0.161">
    <system-out><![CDATA[14:17:15.884 [IPC Server handler 10 on default port 15004] ERROR OMAudit - user=runner | ip=127.0.0.1 | op=GET_FILE_STATUS {volume=volume73660, bucket=bucket24382, key=testBatchDelete, dataSize=0, replicationConfig=null} | ret=FAILURE
org.apache.hadoop.ozone.om.exceptions.OMException: Unable to get file status: volume: volume73660 bucket: bucket24382 key: testBatchDelete
	at org.apache.hadoop.ozone.om.KeyManagerImpl.getOzoneFileStatusFSO(KeyManagerImpl.java:1356) ~[ozone-manager-1.4.0-SNAPSHOT.jar:?]
	at org.apache.hadoop.ozone.om.KeyManagerImpl.getFileStatus(KeyManagerImpl.java:1140) ~[ozone-manager-1.4.0-SNAPSHOT.jar:?]
	at org.apache.hadoop.ozone.om.OmMetadataReader.getFileStatus(OmMetadataReader.java:279) ~[ozone-manager-1.4.0-SNAPSHOT.jar:?]
	at org.apache.hadoop.ozone.om.OzoneManager.getFileStatus(OzoneManager.java:3629) ~[ozone-manager-1.4.0-SNAPSHOT.jar:?]
	at org.apache.hadoop.ozone.protocolPB.OzoneManagerRequestHandler.getOzoneFileStatus(OzoneManagerRequestHandler.java:1010) ~[ozone-manager-1.4.0-SNAPSHOT.jar:?]
	at org.apache.hadoop.ozone.protocolPB.OzoneManagerRequestHandler.handleReadRequest(OzoneManagerRequestHandler.java:262) ~[ozone-manager-1.4.0-SNAPSHOT.jar:?]
	at org.apache.hadoop.ozone.protocolPB.OzoneManagerProtocolServerSideTranslatorPB.submitReadRequestToOM(OzoneManagerProtocolServerSideTranslatorPB.java:265) ~[ozone-manager-1.4.0-SNAPSHOT.jar:?]
	at org.apache.hadoop.ozone.protocolPB.OzoneManagerProtocolServerSideTranslatorPB.internalProcessRequest(OzoneManagerProtocolServerSideTranslatorPB.java:211) ~[ozone-manager-1.4.0-SNAPSHOT.jar:?]
	at org.apache.hadoop.ozone.protocolPB.OzoneManagerProtocolServerSideTranslatorPB.processRequest(OzoneManagerProtocolServerSideTranslatorPB.java:171) ~[ozone-manager-1.4.0-SNAPSHOT.jar:?]
	at org.apache.hadoop.hdds.server.OzoneProtocolMessageDispatcher.processRequest(OzoneProtocolMessageDispatcher.java:89) [hdds-server-framework-1.4.0-SNAPSHOT.jar:?]
	at org.apache.hadoop.ozone.protocolPB.OzoneManagerProtocolServerSideTranslatorPB.submitRequest(OzoneManagerProtocolServerSideTranslatorPB.java:162) [ozone-manager-1.4.0-SNAPSHOT.jar:?]
	at org.apache.hadoop.ozone.protocol.proto.OzoneManagerProtocolProtos$OzoneManagerService$2.callBlockingMethod(OzoneManagerProtocolProtos.java) [ozone-interface-client-1.4.0-SNAPSHOT.jar:?]
	at org.apache.hadoop.ipc.ProtobufRpcEngine$Server.processCall(ProtobufRpcEngine.java:484) [hadoop-common-3.3.6.jar:?]
	at org.apache.hadoop.ipc.ProtobufRpcEngine2$Server$ProtoBufRpcInvoker.call(ProtobufRpcEngine2.java:595) [hadoop-common-3.3.6.jar:?]
	at org.apache.hadoop.ipc.ProtobufRpcEngine2$Server$ProtoBufRpcInvoker.call(ProtobufRpcEngine2.java:573) [hadoop-common-3.3.6.jar:?]
	at org.apache.hadoop.ipc.RPC$Server.call(RPC.java:1227) [hadoop-common-3.3.6.jar:?]
	at org.apache.hadoop.ipc.Server$RpcCall.run(Server.java:1094) [hadoop-common-3.3.6.jar:?]
	at org.apache.hadoop.ipc.Server$RpcCall.run(Server.java:1017) [hadoop-common-3.3.6.jar:?]
	at java.security.AccessController.doPrivileged(Native Method) ~[?:1.8.0_392]
	at javax.security.auth.Subject.doAs(Subject.java:422) [?:1.8.0_392]
	at org.apache.hadoop.security.UserGroupInformation.doAs(UserGroupInformation.java:1899) [hadoop-common-3.3.6.jar:?]
	at org.apache.hadoop.ipc.Server$Handler.run(Server.java:3048) [hadoop-common-3.3.6.jar:?]
14:17:15.886 [IPC Server handler 9 on default port 15004] ERROR OMAudit - user=runner | ip=127.0.0.1 | op=GET_FILE_STATUS {volume=volume73660, bucket=bucket24382, key=testBatchDelete/parent/child0, dataSize=0, replicationConfig=null} | ret=FAILURE
org.apache.hadoop.ozone.om.exceptions.OMException: Unable to get file status: volume: volume73660 bucket: bucket24382 key: testBatchDelete/parent/child0
	at org.apache.hadoop.ozone.om.KeyManagerImpl.getOzoneFileStatusFSO(KeyManagerImpl.java:1356) ~[ozone-manager-1.4.0-SNAPSHOT.jar:?]
	at org.apache.hadoop.ozone.om.KeyManagerImpl.getFileStatus(KeyManagerImpl.java:1140) ~[ozone-manager-1.4.0-SNAPSHOT.jar:?]
	at org.apache.hadoop.ozone.om.OmMetadataReader.getFileStatus(OmMetadataReader.java:279) ~[ozone-manager-1.4.0-SNAPSHOT.jar:?]
	at org.apache.hadoop.ozone.om.OzoneManager.getFileStatus(OzoneManager.java:3629) ~[ozone-manager-1.4.0-SNAPSHOT.jar:?]
	at org.apache.hadoop.ozone.protocolPB.OzoneManagerRequestHandler.getOzoneFileStatus(OzoneManagerRequestHandler.java:1010) ~[ozone-manager-1.4.0-SNAPSHOT.jar:?]
	at org.apache.hadoop.ozone.protocolPB.OzoneManagerRequestHandler.handleReadRequest(OzoneManagerRequestHandler.java:262) ~[ozone-manager-1.4.0-SNAPSHOT.jar:?]
	at org.apache.hadoop.ozone.protocolPB.OzoneManagerProtocolServerSideTranslatorPB.submitReadRequestToOM(OzoneManagerProtocolServerSideTranslatorPB.java:265) ~[ozone-manager-1.4.0-SNAPSHOT.jar:?]
	at org.apache.hadoop.ozone.protocolPB.OzoneManagerProtocolServerSideTranslatorPB.internalProcessRequest(OzoneManagerProtocolServerSideTranslatorPB.java:211) ~[ozone-manager-1.4.0-SNAPSHOT.jar:?]
	at org.apache.hadoop.ozone.protocolPB.OzoneManagerProtocolServerSideTranslatorPB.processRequest(OzoneManagerProtocolServerSideTranslatorPB.java:171) ~[ozone-manager-1.4.0-SNAPSHOT.jar:?]
	at org.apache.hadoop.hdds.server.OzoneProtocolMessageDispatcher.processRequest(OzoneProtocolMessageDispatcher.java:89) [hdds-server-framework-1.4.0-SNAPSHOT.jar:?]
	at org.apache.hadoop.ozone.protocolPB.OzoneManagerProtocolServerSideTranslatorPB.submitRequest(OzoneManagerProtocolServerSideTranslatorPB.java:162) [ozone-manager-1.4.0-SNAPSHOT.jar:?]
	at org.apache.hadoop.ozone.protocol.proto.OzoneManagerProtocolProtos$OzoneManagerService$2.callBlockingMethod(OzoneManagerProtocolProtos.java) [ozone-interface-client-1.4.0-SNAPSHOT.jar:?]
	at org.apache.hadoop.ipc.ProtobufRpcEngine$Server.processCall(ProtobufRpcEngine.java:484) [hadoop-common-3.3.6.jar:?]
	at org.apache.hadoop.ipc.ProtobufRpcEngine2$Server$ProtoBufRpcInvoker.call(ProtobufRpcEngine2.java:595) [hadoop-common-3.3.6.jar:?]
	at org.apache.hadoop.ipc.ProtobufRpcEngine2$Server$ProtoBufRpcInvoker.call(ProtobufRpcEngine2.java:573) [hadoop-common-3.3.6.jar:?]
	at org.apache.hadoop.ipc.RPC$Server.call(RPC.java:1227) [hadoop-common-3.3.6.jar:?]
	at org.apache.hadoop.ipc.Server$RpcCall.run(Server.java:1094) [hadoop-common-3.3.6.jar:?]
	at org.apache.hadoop.ipc.Server$RpcCall.run(Server.java:1017) [hadoop-common-3.3.6.jar:?]
	at java.security.AccessController.doPrivileged(Native Method) ~[?:1.8.0_392]
	at javax.security.auth.Subject.doAs(Subject.java:422) [?:1.8.0_392]
	at org.apache.hadoop.security.UserGroupInformation.doAs(UserGroupInformation.java:1899) [hadoop-common-3.3.6.jar:?]
	at org.apache.hadoop.ipc.Server$Handler.run(Server.java:3048) [hadoop-common-3.3.6.jar:?]
14:17:15.887 [IPC Server handler 12 on default port 15004] ERROR OMAudit - user=runner | ip=127.0.0.1 | op=GET_FILE_STATUS {volume=volume73660, bucket=bucket24382, key=testBatchDelete/parent/childFolder/child0, dataSize=0, replicationConfig=null} | ret=FAILURE
org.apache.hadoop.ozone.om.exceptions.OMException: Unable to get file status: volume: volume73660 bucket: bucket24382 key: testBatchDelete/parent/childFolder/child0
	at org.apache.hadoop.ozone.om.KeyManagerImpl.getOzoneFileStatusFSO(KeyManagerImpl.java:1356) ~[ozone-manager-1.4.0-SNAPSHOT.jar:?]
	at org.apache.hadoop.ozone.om.KeyManagerImpl.getFileStatus(KeyManagerImpl.java:1140) ~[ozone-manager-1.4.0-SNAPSHOT.jar:?]
	at org.apache.hadoop.ozone.om.OmMetadataReader.getFileStatus(OmMetadataReader.java:279) ~[ozone-manager-1.4.0-SNAPSHOT.jar:?]
	at org.apache.hadoop.ozone.om.OzoneManager.getFileStatus(OzoneManager.java:3629) ~[ozone-manager-1.4.0-SNAPSHOT.jar:?]
	at org.apache.hadoop.ozone.protocolPB.OzoneManagerRequestHandler.getOzoneFileStatus(OzoneManagerRequestHandler.java:1010) ~[ozone-manager-1.4.0-SNAPSHOT.jar:?]
	at org.apache.hadoop.ozone.protocolPB.OzoneManagerRequestHandler.handleReadRequest(OzoneManagerRequestHandler.java:262) ~[ozone-manager-1.4.0-SNAPSHOT.jar:?]
	at org.apache.hadoop.ozone.protocolPB.OzoneManagerProtocolServerSideTranslatorPB.submitReadRequestToOM(OzoneManagerProtocolServerSideTranslatorPB.java:265) ~[ozone-manager-1.4.0-SNAPSHOT.jar:?]
	at org.apache.hadoop.ozone.protocolPB.OzoneManagerProtocolServerSideTranslatorPB.internalProcessRequest(OzoneManagerProtocolServerSideTranslatorPB.java:211) ~[ozone-manager-1.4.0-SNAPSHOT.jar:?]
	at org.apache.hadoop.ozone.protocolPB.OzoneManagerProtocolServerSideTranslatorPB.processRequest(OzoneManagerProtocolServerSideTranslatorPB.java:171) ~[ozone-manager-1.4.0-SNAPSHOT.jar:?]
	at org.apache.hadoop.hdds.server.OzoneProtocolMessageDispatcher.processRequest(OzoneProtocolMessageDispatcher.java:89) [hdds-server-framework-1.4.0-SNAPSHOT.jar:?]
	at org.apache.hadoop.ozone.protocolPB.OzoneManagerProtocolServerSideTranslatorPB.submitRequest(OzoneManagerProtocolServerSideTranslatorPB.java:162) [ozone-manager-1.4.0-SNAPSHOT.jar:?]
	at org.apache.hadoop.ozone.protocol.proto.OzoneManagerProtocolProtos$OzoneManagerService$2.callBlockingMethod(OzoneManagerProtocolProtos.java) [ozone-interface-client-1.4.0-SNAPSHOT.jar:?]
	at org.apache.hadoop.ipc.ProtobufRpcEngine$Server.processCall(ProtobufRpcEngine.java:484) [hadoop-common-3.3.6.jar:?]
	at org.apache.hadoop.ipc.ProtobufRpcEngine2$Server$ProtoBufRpcInvoker.call(ProtobufRpcEngine2.java:595) [hadoop-common-3.3.6.jar:?]
	at org.apache.hadoop.ipc.ProtobufRpcEngine2$Server$ProtoBufRpcInvoker.call(ProtobufRpcEngine2.java:573) [hadoop-common-3.3.6.jar:?]
	at org.apache.hadoop.ipc.RPC$Server.call(RPC.java:1227) [hadoop-common-3.3.6.jar:?]
	at org.apache.hadoop.ipc.Server$RpcCall.run(Server.java:1094) [hadoop-common-3.3.6.jar:?]
	at org.apache.hadoop.ipc.Server$RpcCall.run(Server.java:1017) [hadoop-common-3.3.6.jar:?]
	at java.security.AccessController.doPrivileged(Native Method) ~[?:1.8.0_392]
	at javax.security.auth.Subject.doAs(Subject.java:422) [?:1.8.0_392]
	at org.apache.hadoop.security.UserGroupInformation.doAs(UserGroupInformation.java:1899) [hadoop-common-3.3.6.jar:?]
	at org.apache.hadoop.ipc.Server$Handler.run(Server.java:3048) [hadoop-common-3.3.6.jar:?]
14:17:15.888 [IPC Server handler 1 on default port 15004] ERROR OMAudit - user=runner | ip=127.0.0.1 | op=GET_FILE_STATUS {volume=volume73660, bucket=bucket24382, key=testBatchDelete/parent/child1, dataSize=0, replicationConfig=null} | ret=FAILURE
org.apache.hadoop.ozone.om.exceptions.OMException: Unable to get file status: volume: volume73660 bucket: bucket24382 key: testBatchDelete/parent/child1
	at org.apache.hadoop.ozone.om.KeyManagerImpl.getOzoneFileStatusFSO(KeyManagerImpl.java:1356) ~[ozone-manager-1.4.0-SNAPSHOT.jar:?]
	at org.apache.hadoop.ozone.om.KeyManagerImpl.getFileStatus(KeyManagerImpl.java:1140) ~[ozone-manager-1.4.0-SNAPSHOT.jar:?]
	at org.apache.hadoop.ozone.om.OmMetadataReader.getFileStatus(OmMetadataReader.java:279) ~[ozone-manager-1.4.0-SNAPSHOT.jar:?]
	at org.apache.hadoop.ozone.om.OzoneManager.getFileStatus(OzoneManager.java:3629) ~[ozone-manager-1.4.0-SNAPSHOT.jar:?]
	at org.apache.hadoop.ozone.protocolPB.OzoneManagerRequestHandler.getOzoneFileStatus(OzoneManagerRequestHandler.java:1010) ~[ozone-manager-1.4.0-SNAPSHOT.jar:?]
	at org.apache.hadoop.ozone.protocolPB.OzoneManagerRequestHandler.handleReadRequest(OzoneManagerRequestHandler.java:262) ~[ozone-manager-1.4.0-SNAPSHOT.jar:?]
	at org.apache.hadoop.ozone.protocolPB.OzoneManagerProtocolServerSideTranslatorPB.submitReadRequestToOM(OzoneManagerProtocolServerSideTranslatorPB.java:265) ~[ozone-manager-1.4.0-SNAPSHOT.jar:?]
	at org.apache.hadoop.ozone.protocolPB.OzoneManagerProtocolServerSideTranslatorPB.internalProcessRequest(OzoneManagerProtocolServerSideTranslatorPB.java:211) ~[ozone-manager-1.4.0-SNAPSHOT.jar:?]
	at org.apache.hadoop.ozone.protocolPB.OzoneManagerProtocolServerSideTranslatorPB.processRequest(OzoneManagerProtocolServerSideTranslatorPB.java:171) ~[ozone-manager-1.4.0-SNAPSHOT.jar:?]
	at org.apache.hadoop.hdds.server.OzoneProtocolMessageDispatcher.processRequest(OzoneProtocolMessageDispatcher.java:89) [hdds-server-framework-1.4.0-SNAPSHOT.jar:?]
	at org.apache.hadoop.ozone.protocolPB.OzoneManagerProtocolServerSideTranslatorPB.submitRequest(OzoneManagerProtocolServerSideTranslatorPB.java:162) [ozone-manager-1.4.0-SNAPSHOT.jar:?]
	at org.apache.hadoop.ozone.protocol.proto.OzoneManagerProtocolProtos$OzoneManagerService$2.callBlockingMethod(OzoneManagerProtocolProtos.java) [ozone-interface-client-1.4.0-SNAPSHOT.jar:?]
	at org.apache.hadoop.ipc.ProtobufRpcEngine$Server.processCall(ProtobufRpcEngine.java:484) [hadoop-common-3.3.6.jar:?]
	at org.apache.hadoop.ipc.ProtobufRpcEngine2$Server$ProtoBufRpcInvoker.call(ProtobufRpcEngine2.java:595) [hadoop-common-3.3.6.jar:?]
	at org.apache.hadoop.ipc.ProtobufRpcEngine2$Server$ProtoBufRpcInvoker.call(ProtobufRpcEngine2.java:573) [hadoop-common-3.3.6.jar:?]
	at org.apache.hadoop.ipc.RPC$Server.call(RPC.java:1227) [hadoop-common-3.3.6.jar:?]
	at org.apache.hadoop.ipc.Server$RpcCall.run(Server.java:1094) [hadoop-common-3.3.6.jar:?]
	at org.apache.hadoop.ipc.Server$RpcCall.run(Server.java:1017) [hadoop-common-3.3.6.jar:?]
	at java.security.AccessController.doPrivileged(Native Method) ~[?:1.8.0_392]
	at javax.security.auth.Subject.doAs(Subject.java:422) [?:1.8.0_392]
	at org.apache.hadoop.security.UserGroupInformation.doAs(UserGroupInformation.java:1899) [hadoop-common-3.3.6.jar:?]
	at org.apache.hadoop.ipc.Server$Handler.run(Server.java:3048) [hadoop-common-3.3.6.jar:?]
14:17:15.889 [IPC Server handler 6 on default port 15004] ERROR OMAudit - user=runner | ip=127.0.0.1 | op=GET_FILE_STATUS {volume=volume73660, bucket=bucket24382, key=testBatchDelete/parent/childFolder/child1, dataSize=0, replicationConfig=null} | ret=FAILURE
org.apache.hadoop.ozone.om.exceptions.OMException: Unable to get file status: volume: volume73660 bucket: bucket24382 key: testBatchDelete/parent/childFolder/child1
	at org.apache.hadoop.ozone.om.KeyManagerImpl.getOzoneFileStatusFSO(KeyManagerImpl.java:1356) ~[ozone-manager-1.4.0-SNAPSHOT.jar:?]
	at org.apache.hadoop.ozone.om.KeyManagerImpl.getFileStatus(KeyManagerImpl.java:1140) ~[ozone-manager-1.4.0-SNAPSHOT.jar:?]
	at org.apache.hadoop.ozone.om.OmMetadataReader.getFileStatus(OmMetadataReader.java:279) ~[ozone-manager-1.4.0-SNAPSHOT.jar:?]
	at org.apache.hadoop.ozone.om.OzoneManager.getFileStatus(OzoneManager.java:3629) ~[ozone-manager-1.4.0-SNAPSHOT.jar:?]
	at org.apache.hadoop.ozone.protocolPB.OzoneManagerRequestHandler.getOzoneFileStatus(OzoneManagerRequestHandler.java:1010) ~[ozone-manager-1.4.0-SNAPSHOT.jar:?]
	at org.apache.hadoop.ozone.protocolPB.OzoneManagerRequestHandler.handleReadRequest(OzoneManagerRequestHandler.java:262) ~[ozone-manager-1.4.0-SNAPSHOT.jar:?]
	at org.apache.hadoop.ozone.protocolPB.OzoneManagerProtocolServerSideTranslatorPB.submitReadRequestToOM(OzoneManagerProtocolServerSideTranslatorPB.java:265) ~[ozone-manager-1.4.0-SNAPSHOT.jar:?]
	at org.apache.hadoop.ozone.protocolPB.OzoneManagerProtocolServerSideTranslatorPB.internalProcessRequest(OzoneManagerProtocolServerSideTranslatorPB.java:211) ~[ozone-manager-1.4.0-SNAPSHOT.jar:?]
	at org.apache.hadoop.ozone.protocolPB.OzoneManagerProtocolServerSideTranslatorPB.processRequest(OzoneManagerProtocolServerSideTranslatorPB.java:171) ~[ozone-manager-1.4.0-SNAPSHOT.jar:?]
	at org.apache.hadoop.hdds.server.OzoneProtocolMessageDispatcher.processRequest(OzoneProtocolMessageDispatcher.java:89) [hdds-server-framework-1.4.0-SNAPSHOT.jar:?]
	at org.apache.hadoop.ozone.protocolPB.OzoneManagerProtocolServerSideTranslatorPB.submitRequest(OzoneManagerProtocolServerSideTranslatorPB.java:162) [ozone-manager-1.4.0-SNAPSHOT.jar:?]
	at org.apache.hadoop.ozone.protocol.proto.OzoneManagerProtocolProtos$OzoneManagerService$2.callBlockingMethod(OzoneManagerProtocolProtos.java) [ozone-interface-client-1.4.0-SNAPSHOT.jar:?]
	at org.apache.hadoop.ipc.ProtobufRpcEngine$Server.processCall(ProtobufRpcEngine.java:484) [hadoop-common-3.3.6.jar:?]
	at org.apache.hadoop.ipc.ProtobufRpcEngine2$Server$ProtoBufRpcInvoker.call(ProtobufRpcEngine2.java:595) [hadoop-common-3.3.6.jar:?]
	at org.apache.hadoop.ipc.ProtobufRpcEngine2$Server$ProtoBufRpcInvoker.call(ProtobufRpcEngine2.java:573) [hadoop-common-3.3.6.jar:?]
	at org.apache.hadoop.ipc.RPC$Server.call(RPC.java:1227) [hadoop-common-3.3.6.jar:?]
	at org.apache.hadoop.ipc.Server$RpcCall.run(Server.java:1094) [hadoop-common-3.3.6.jar:?]
	at org.apache.hadoop.ipc.Server$RpcCall.run(Server.java:1017) [hadoop-common-3.3.6.jar:?]
	at java.security.AccessController.doPrivileged(Native Method) ~[?:1.8.0_392]
	at javax.security.auth.Subject.doAs(Subject.java:422) [?:1.8.0_392]
	at org.apache.hadoop.security.UserGroupInformation.doAs(UserGroupInformation.java:1899) [hadoop-common-3.3.6.jar:?]
	at org.apache.hadoop.ipc.Server$Handler.run(Server.java:3048) [hadoop-common-3.3.6.jar:?]
14:17:15.890 [IPC Server handler 4 on default port 15004] ERROR OMAudit - user=runner | ip=127.0.0.1 | op=GET_FILE_STATUS {volume=volume73660, bucket=bucket24382, key=testBatchDelete/parent/child2, dataSize=0, replicationConfig=null} | ret=FAILURE
org.apache.hadoop.ozone.om.exceptions.OMException: Unable to get file status: volume: volume73660 bucket: bucket24382 key: testBatchDelete/parent/child2
	at org.apache.hadoop.ozone.om.KeyManagerImpl.getOzoneFileStatusFSO(KeyManagerImpl.java:1356) ~[ozone-manager-1.4.0-SNAPSHOT.jar:?]
	at org.apache.hadoop.ozone.om.KeyManagerImpl.getFileStatus(KeyManagerImpl.java:1140) ~[ozone-manager-1.4.0-SNAPSHOT.jar:?]
	at org.apache.hadoop.ozone.om.OmMetadataReader.getFileStatus(OmMetadataReader.java:279) ~[ozone-manager-1.4.0-SNAPSHOT.jar:?]
	at org.apache.hadoop.ozone.om.OzoneManager.getFileStatus(OzoneManager.java:3629) ~[ozone-manager-1.4.0-SNAPSHOT.jar:?]
	at org.apache.hadoop.ozone.protocolPB.OzoneManagerRequestHandler.getOzoneFileStatus(OzoneManagerRequestHandler.java:1010) ~[ozone-manager-1.4.0-SNAPSHOT.jar:?]
	at org.apache.hadoop.ozone.protocolPB.OzoneManagerRequestHandler.handleReadRequest(OzoneManagerRequestHandler.java:262) ~[ozone-manager-1.4.0-SNAPSHOT.jar:?]
	at org.apache.hadoop.ozone.protocolPB.OzoneManagerProtocolServerSideTranslatorPB.submitReadRequestToOM(OzoneManagerProtocolServerSideTranslatorPB.java:265) ~[ozone-manager-1.4.0-SNAPSHOT.jar:?]
	at org.apache.hadoop.ozone.protocolPB.OzoneManagerProtocolServerSideTranslatorPB.internalProcessRequest(OzoneManagerProtocolServerSideTranslatorPB.java:211) ~[ozone-manager-1.4.0-SNAPSHOT.jar:?]
	at org.apache.hadoop.ozone.protocolPB.OzoneManagerProtocolServerSideTranslatorPB.processRequest(OzoneManagerProtocolServerSideTranslatorPB.java:171) ~[ozone-manager-1.4.0-SNAPSHOT.jar:?]
	at org.apache.hadoop.hdds.server.OzoneProtocolMessageDispatcher.processRequest(OzoneProtocolMessageDispatcher.java:89) [hdds-server-framework-1.4.0-SNAPSHOT.jar:?]
	at org.apache.hadoop.ozone.protocolPB.OzoneManagerProtocolServerSideTranslatorPB.submitRequest(OzoneManagerProtocolServerSideTranslatorPB.java:162) [ozone-manager-1.4.0-SNAPSHOT.jar:?]
	at org.apache.hadoop.ozone.protocol.proto.OzoneManagerProtocolProtos$OzoneManagerService$2.callBlockingMethod(OzoneManagerProtocolProtos.java) [ozone-interface-client-1.4.0-SNAPSHOT.jar:?]
	at org.apache.hadoop.ipc.ProtobufRpcEngine$Server.processCall(ProtobufRpcEngine.java:484) [hadoop-common-3.3.6.jar:?]
	at org.apache.hadoop.ipc.ProtobufRpcEngine2$Server$ProtoBufRpcInvoker.call(ProtobufRpcEngine2.java:595) [hadoop-common-3.3.6.jar:?]
	at org.apache.hadoop.ipc.ProtobufRpcEngine2$Server$ProtoBufRpcInvoker.call(ProtobufRpcEngine2.java:573) [hadoop-common-3.3.6.jar:?]
	at org.apache.hadoop.ipc.RPC$Server.call(RPC.java:1227) [hadoop-common-3.3.6.jar:?]
	at org.apache.hadoop.ipc.Server$RpcCall.run(Server.java:1094) [hadoop-common-3.3.6.jar:?]
	at org.apache.hadoop.ipc.Server$RpcCall.run(Server.java:1017) [hadoop-common-3.3.6.jar:?]
	at java.security.AccessController.doPrivileged(Native Method) ~[?:1.8.0_392]
	at javax.security.auth.Subject.doAs(Subject.java:422) [?:1.8.0_392]
	at org.apache.hadoop.security.UserGroupInformation.doAs(UserGroupInformation.java:1899) [hadoop-common-3.3.6.jar:?]
	at org.apache.hadoop.ipc.Server$Handler.run(Server.java:3048) [hadoop-common-3.3.6.jar:?]
14:17:15.891 [IPC Server handler 8 on default port 15004] ERROR OMAudit - user=runner | ip=127.0.0.1 | op=GET_FILE_STATUS {volume=volume73660, bucket=bucket24382, key=testBatchDelete/parent/childFolder/child2, dataSize=0, replicationConfig=null} | ret=FAILURE
org.apache.hadoop.ozone.om.exceptions.OMException: Unable to get file status: volume: volume73660 bucket: bucket24382 key: testBatchDelete/parent/childFolder/child2
	at org.apache.hadoop.ozone.om.KeyManagerImpl.getOzoneFileStatusFSO(KeyManagerImpl.java:1356) ~[ozone-manager-1.4.0-SNAPSHOT.jar:?]
	at org.apache.hadoop.ozone.om.KeyManagerImpl.getFileStatus(KeyManagerImpl.java:1140) ~[ozone-manager-1.4.0-SNAPSHOT.jar:?]
	at org.apache.hadoop.ozone.om.OmMetadataReader.getFileStatus(OmMetadataReader.java:279) ~[ozone-manager-1.4.0-SNAPSHOT.jar:?]
	at org.apache.hadoop.ozone.om.OzoneManager.getFileStatus(OzoneManager.java:3629) ~[ozone-manager-1.4.0-SNAPSHOT.jar:?]
	at org.apache.hadoop.ozone.protocolPB.OzoneManagerRequestHandler.getOzoneFileStatus(OzoneManagerRequestHandler.java:1010) ~[ozone-manager-1.4.0-SNAPSHOT.jar:?]
	at org.apache.hadoop.ozone.protocolPB.OzoneManagerRequestHandler.handleReadRequest(OzoneManagerRequestHandler.java:262) ~[ozone-manager-1.4.0-SNAPSHOT.jar:?]
	at org.apache.hadoop.ozone.protocolPB.OzoneManagerProtocolServerSideTranslatorPB.submitReadRequestToOM(OzoneManagerProtocolServerSideTranslatorPB.java:265) ~[ozone-manager-1.4.0-SNAPSHOT.jar:?]
	at org.apache.hadoop.ozone.protocolPB.OzoneManagerProtocolServerSideTranslatorPB.internalProcessRequest(OzoneManagerProtocolServerSideTranslatorPB.java:211) ~[ozone-manager-1.4.0-SNAPSHOT.jar:?]
	at org.apache.hadoop.ozone.protocolPB.OzoneManagerProtocolServerSideTranslatorPB.processRequest(OzoneManagerProtocolServerSideTranslatorPB.java:171) ~[ozone-manager-1.4.0-SNAPSHOT.jar:?]
	at org.apache.hadoop.hdds.server.OzoneProtocolMessageDispatcher.processRequest(OzoneProtocolMessageDispatcher.java:89) [hdds-server-framework-1.4.0-SNAPSHOT.jar:?]
	at org.apache.hadoop.ozone.protocolPB.OzoneManagerProtocolServerSideTranslatorPB.submitRequest(OzoneManagerProtocolServerSideTranslatorPB.java:162) [ozone-manager-1.4.0-SNAPSHOT.jar:?]
	at org.apache.hadoop.ozone.protocol.proto.OzoneManagerProtocolProtos$OzoneManagerService$2.callBlockingMethod(OzoneManagerProtocolProtos.java) [ozone-interface-client-1.4.0-SNAPSHOT.jar:?]
	at org.apache.hadoop.ipc.ProtobufRpcEngine$Server.processCall(ProtobufRpcEngine.java:484) [hadoop-common-3.3.6.jar:?]
	at org.apache.hadoop.ipc.ProtobufRpcEngine2$Server$ProtoBufRpcInvoker.call(ProtobufRpcEngine2.java:595) [hadoop-common-3.3.6.jar:?]
	at org.apache.hadoop.ipc.ProtobufRpcEngine2$Server$ProtoBufRpcInvoker.call(ProtobufRpcEngine2.java:573) [hadoop-common-3.3.6.jar:?]
	at org.apache.hadoop.ipc.RPC$Server.call(RPC.java:1227) [hadoop-common-3.3.6.jar:?]
	at org.apache.hadoop.ipc.Server$RpcCall.run(Server.java:1094) [hadoop-common-3.3.6.jar:?]
	at org.apache.hadoop.ipc.Server$RpcCall.run(Server.java:1017) [hadoop-common-3.3.6.jar:?]
	at java.security.AccessController.doPrivileged(Native Method) ~[?:1.8.0_392]
	at javax.security.auth.Subject.doAs(Subject.java:422) [?:1.8.0_392]
	at org.apache.hadoop.security.UserGroupInformation.doAs(UserGroupInformation.java:1899) [hadoop-common-3.3.6.jar:?]
	at org.apache.hadoop.ipc.Server$Handler.run(Server.java:3048) [hadoop-common-3.3.6.jar:?]
14:17:15.892 [IPC Server handler 3 on default port 15004] ERROR OMAudit - user=runner | ip=127.0.0.1 | op=GET_FILE_STATUS {volume=volume73660, bucket=bucket24382, key=testBatchDelete/parent/child3, dataSize=0, replicationConfig=null} | ret=FAILURE
org.apache.hadoop.ozone.om.exceptions.OMException: Unable to get file status: volume: volume73660 bucket: bucket24382 key: testBatchDelete/parent/child3
	at org.apache.hadoop.ozone.om.KeyManagerImpl.getOzoneFileStatusFSO(KeyManagerImpl.java:1356) ~[ozone-manager-1.4.0-SNAPSHOT.jar:?]
	at org.apache.hadoop.ozone.om.KeyManagerImpl.getFileStatus(KeyManagerImpl.java:1140) ~[ozone-manager-1.4.0-SNAPSHOT.jar:?]
	at org.apache.hadoop.ozone.om.OmMetadataReader.getFileStatus(OmMetadataReader.java:279) ~[ozone-manager-1.4.0-SNAPSHOT.jar:?]
	at org.apache.hadoop.ozone.om.OzoneManager.getFileStatus(OzoneManager.java:3629) ~[ozone-manager-1.4.0-SNAPSHOT.jar:?]
	at org.apache.hadoop.ozone.protocolPB.OzoneManagerRequestHandler.getOzoneFileStatus(OzoneManagerRequestHandler.java:1010) ~[ozone-manager-1.4.0-SNAPSHOT.jar:?]
	at org.apache.hadoop.ozone.protocolPB.OzoneManagerRequestHandler.handleReadRequest(OzoneManagerRequestHandler.java:262) ~[ozone-manager-1.4.0-SNAPSHOT.jar:?]
	at org.apache.hadoop.ozone.protocolPB.OzoneManagerProtocolServerSideTranslatorPB.submitReadRequestToOM(OzoneManagerProtocolServerSideTranslatorPB.java:265) ~[ozone-manager-1.4.0-SNAPSHOT.jar:?]
	at org.apache.hadoop.ozone.protocolPB.OzoneManagerProtocolServerSideTranslatorPB.internalProcessRequest(OzoneManagerProtocolServerSideTranslatorPB.java:211) ~[ozone-manager-1.4.0-SNAPSHOT.jar:?]
	at org.apache.hadoop.ozone.protocolPB.OzoneManagerProtocolServerSideTranslatorPB.processRequest(OzoneManagerProtocolServerSideTranslatorPB.java:171) ~[ozone-manager-1.4.0-SNAPSHOT.jar:?]
	at org.apache.hadoop.hdds.server.OzoneProtocolMessageDispatcher.processRequest(OzoneProtocolMessageDispatcher.java:89) [hdds-server-framework-1.4.0-SNAPSHOT.jar:?]
	at org.apache.hadoop.ozone.protocolPB.OzoneManagerProtocolServerSideTranslatorPB.submitRequest(OzoneManagerProtocolServerSideTranslatorPB.java:162) [ozone-manager-1.4.0-SNAPSHOT.jar:?]
	at org.apache.hadoop.ozone.protocol.proto.OzoneManagerProtocolProtos$OzoneManagerService$2.callBlockingMethod(OzoneManagerProtocolProtos.java) [ozone-interface-client-1.4.0-SNAPSHOT.jar:?]
	at org.apache.hadoop.ipc.ProtobufRpcEngine$Server.processCall(ProtobufRpcEngine.java:484) [hadoop-common-3.3.6.jar:?]
	at org.apache.hadoop.ipc.ProtobufRpcEngine2$Server$ProtoBufRpcInvoker.call(ProtobufRpcEngine2.java:595) [hadoop-common-3.3.6.jar:?]
	at org.apache.hadoop.ipc.ProtobufRpcEngine2$Server$ProtoBufRpcInvoker.call(ProtobufRpcEngine2.java:573) [hadoop-common-3.3.6.jar:?]
	at org.apache.hadoop.ipc.RPC$Server.call(RPC.java:1227) [hadoop-common-3.3.6.jar:?]
	at org.apache.hadoop.ipc.Server$RpcCall.run(Server.java:1094) [hadoop-common-3.3.6.jar:?]
	at org.apache.hadoop.ipc.Server$RpcCall.run(Server.java:1017) [hadoop-common-3.3.6.jar:?]
	at java.security.AccessController.doPrivileged(Native Method) ~[?:1.8.0_392]
	at javax.security.auth.Subject.doAs(Subject.java:422) [?:1.8.0_392]
	at org.apache.hadoop.security.UserGroupInformation.doAs(UserGroupInformation.java:1899) [hadoop-common-3.3.6.jar:?]
	at org.apache.hadoop.ipc.Server$Handler.run(Server.java:3048) [hadoop-common-3.3.6.jar:?]
14:17:15.893 [IPC Server handler 2 on default port 15004] ERROR OMAudit - user=runner | ip=127.0.0.1 | op=GET_FILE_STATUS {volume=volume73660, bucket=bucket24382, key=testBatchDelete/parent/childFolder/child3, dataSize=0, replicationConfig=null} | ret=FAILURE
org.apache.hadoop.ozone.om.exceptions.OMException: Unable to get file status: volume: volume73660 bucket: bucket24382 key: testBatchDelete/parent/childFolder/child3
	at org.apache.hadoop.ozone.om.KeyManagerImpl.getOzoneFileStatusFSO(KeyManagerImpl.java:1356) ~[ozone-manager-1.4.0-SNAPSHOT.jar:?]
	at org.apache.hadoop.ozone.om.KeyManagerImpl.getFileStatus(KeyManagerImpl.java:1140) ~[ozone-manager-1.4.0-SNAPSHOT.jar:?]
	at org.apache.hadoop.ozone.om.OmMetadataReader.getFileStatus(OmMetadataReader.java:279) ~[ozone-manager-1.4.0-SNAPSHOT.jar:?]
	at org.apache.hadoop.ozone.om.OzoneManager.getFileStatus(OzoneManager.java:3629) ~[ozone-manager-1.4.0-SNAPSHOT.jar:?]
	at org.apache.hadoop.ozone.protocolPB.OzoneManagerRequestHandler.getOzoneFileStatus(OzoneManagerRequestHandler.java:1010) ~[ozone-manager-1.4.0-SNAPSHOT.jar:?]
	at org.apache.hadoop.ozone.protocolPB.OzoneManagerRequestHandler.handleReadRequest(OzoneManagerRequestHandler.java:262) ~[ozone-manager-1.4.0-SNAPSHOT.jar:?]
	at org.apache.hadoop.ozone.protocolPB.OzoneManagerProtocolServerSideTranslatorPB.submitReadRequestToOM(OzoneManagerProtocolServerSideTranslatorPB.java:265) ~[ozone-manager-1.4.0-SNAPSHOT.jar:?]
	at org.apache.hadoop.ozone.protocolPB.OzoneManagerProtocolServerSideTranslatorPB.internalProcessRequest(OzoneManagerProtocolServerSideTranslatorPB.java:211) ~[ozone-manager-1.4.0-SNAPSHOT.jar:?]
	at org.apache.hadoop.ozone.protocolPB.OzoneManagerProtocolServerSideTranslatorPB.processRequest(OzoneManagerProtocolServerSideTranslatorPB.java:171) ~[ozone-manager-1.4.0-SNAPSHOT.jar:?]
	at org.apache.hadoop.hdds.server.OzoneProtocolMessageDispatcher.processRequest(OzoneProtocolMessageDispatcher.java:89) [hdds-server-framework-1.4.0-SNAPSHOT.jar:?]
	at org.apache.hadoop.ozone.protocolPB.OzoneManagerProtocolServerSideTranslatorPB.submitRequest(OzoneManagerProtocolServerSideTranslatorPB.java:162) [ozone-manager-1.4.0-SNAPSHOT.jar:?]
	at org.apache.hadoop.ozone.protocol.proto.OzoneManagerProtocolProtos$OzoneManagerService$2.callBlockingMethod(OzoneManagerProtocolProtos.java) [ozone-interface-client-1.4.0-SNAPSHOT.jar:?]
	at org.apache.hadoop.ipc.ProtobufRpcEngine$Server.processCall(ProtobufRpcEngine.java:484) [hadoop-common-3.3.6.jar:?]
	at org.apache.hadoop.ipc.ProtobufRpcEngine2$Server$ProtoBufRpcInvoker.call(ProtobufRpcEngine2.java:595) [hadoop-common-3.3.6.jar:?]
	at org.apache.hadoop.ipc.ProtobufRpcEngine2$Server$ProtoBufRpcInvoker.call(ProtobufRpcEngine2.java:573) [hadoop-common-3.3.6.jar:?]
	at org.apache.hadoop.ipc.RPC$Server.call(RPC.java:1227) [hadoop-common-3.3.6.jar:?]
	at org.apache.hadoop.ipc.Server$RpcCall.run(Server.java:1094) [hadoop-common-3.3.6.jar:?]
	at org.apache.hadoop.ipc.Server$RpcCall.run(Server.java:1017) [hadoop-common-3.3.6.jar:?]
	at java.security.AccessController.doPrivileged(Native Method) ~[?:1.8.0_392]
	at javax.security.auth.Subject.doAs(Subject.java:422) [?:1.8.0_392]
	at org.apache.hadoop.security.UserGroupInformation.doAs(UserGroupInformation.java:1899) [hadoop-common-3.3.6.jar:?]
	at org.apache.hadoop.ipc.Server$Handler.run(Server.java:3048) [hadoop-common-3.3.6.jar:?]
14:17:15.894 [IPC Server handler 5 on default port 15004] ERROR OMAudit - user=runner | ip=127.0.0.1 | op=GET_FILE_STATUS {volume=volume73660, bucket=bucket24382, key=testBatchDelete/parent/child4, dataSize=0, replicationConfig=null} | ret=FAILURE
org.apache.hadoop.ozone.om.exceptions.OMException: Unable to get file status: volume: volume73660 bucket: bucket24382 key: testBatchDelete/parent/child4
	at org.apache.hadoop.ozone.om.KeyManagerImpl.getOzoneFileStatusFSO(KeyManagerImpl.java:1356) ~[ozone-manager-1.4.0-SNAPSHOT.jar:?]
	at org.apache.hadoop.ozone.om.KeyManagerImpl.getFileStatus(KeyManagerImpl.java:1140) ~[ozone-manager-1.4.0-SNAPSHOT.jar:?]
	at org.apache.hadoop.ozone.om.OmMetadataReader.getFileStatus(OmMetadataReader.java:279) ~[ozone-manager-1.4.0-SNAPSHOT.jar:?]
	at org.apache.hadoop.ozone.om.OzoneManager.getFileStatus(OzoneManager.java:3629) ~[ozone-manager-1.4.0-SNAPSHOT.jar:?]
	at org.apache.hadoop.ozone.protocolPB.OzoneManagerRequestHandler.getOzoneFileStatus(OzoneManagerRequestHandler.java:1010) ~[ozone-manager-1.4.0-SNAPSHOT.jar:?]
	at org.apache.hadoop.ozone.protocolPB.OzoneManagerRequestHandler.handleReadRequest(OzoneManagerRequestHandler.java:262) ~[ozone-manager-1.4.0-SNAPSHOT.jar:?]
	at org.apache.hadoop.ozone.protocolPB.OzoneManagerProtocolServerSideTranslatorPB.submitReadRequestToOM(OzoneManagerProtocolServerSideTranslatorPB.java:265) ~[ozone-manager-1.4.0-SNAPSHOT.jar:?]
	at org.apache.hadoop.ozone.protocolPB.OzoneManagerProtocolServerSideTranslatorPB.internalProcessRequest(OzoneManagerProtocolServerSideTranslatorPB.java:211) ~[ozone-manager-1.4.0-SNAPSHOT.jar:?]
	at org.apache.hadoop.ozone.protocolPB.OzoneManagerProtocolServerSideTranslatorPB.processRequest(OzoneManagerProtocolServerSideTranslatorPB.java:171) ~[ozone-manager-1.4.0-SNAPSHOT.jar:?]
	at org.apache.hadoop.hdds.server.OzoneProtocolMessageDispatcher.processRequest(OzoneProtocolMessageDispatcher.java:89) [hdds-server-framework-1.4.0-SNAPSHOT.jar:?]
	at org.apache.hadoop.ozone.protocolPB.OzoneManagerProtocolServerSideTranslatorPB.submitRequest(OzoneManagerProtocolServerSideTranslatorPB.java:162) [ozone-manager-1.4.0-SNAPSHOT.jar:?]
	at org.apache.hadoop.ozone.protocol.proto.OzoneManagerProtocolProtos$OzoneManagerService$2.callBlockingMethod(OzoneManagerProtocolProtos.java) [ozone-interface-client-1.4.0-SNAPSHOT.jar:?]
	at org.apache.hadoop.ipc.ProtobufRpcEngine$Server.processCall(ProtobufRpcEngine.java:484) [hadoop-common-3.3.6.jar:?]
	at org.apache.hadoop.ipc.ProtobufRpcEngine2$Server$ProtoBufRpcInvoker.call(ProtobufRpcEngine2.java:595) [hadoop-common-3.3.6.jar:?]
	at org.apache.hadoop.ipc.ProtobufRpcEngine2$Server$ProtoBufRpcInvoker.call(ProtobufRpcEngine2.java:573) [hadoop-common-3.3.6.jar:?]
	at org.apache.hadoop.ipc.RPC$Server.call(RPC.java:1227) [hadoop-common-3.3.6.jar:?]
	at org.apache.hadoop.ipc.Server$RpcCall.run(Server.java:1094) [hadoop-common-3.3.6.jar:?]
	at org.apache.hadoop.ipc.Server$RpcCall.run(Server.java:1017) [hadoop-common-3.3.6.jar:?]
	at java.security.AccessController.doPrivileged(Native Method) ~[?:1.8.0_392]
	at javax.security.auth.Subject.doAs(Subject.java:422) [?:1.8.0_392]
	at org.apache.hadoop.security.UserGroupInformation.doAs(UserGroupInformation.java:1899) [hadoop-common-3.3.6.jar:?]
	at org.apache.hadoop.ipc.Server$Handler.run(Server.java:3048) [hadoop-common-3.3.6.jar:?]
14:17:15.895 [IPC Server handler 0 on default port 15004] ERROR OMAudit - user=runner | ip=127.0.0.1 | op=GET_FILE_STATUS {volume=volume73660, bucket=bucket24382, key=testBatchDelete/parent/childFolder/child4, dataSize=0, replicationConfig=null} | ret=FAILURE
org.apache.hadoop.ozone.om.exceptions.OMException: Unable to get file status: volume: volume73660 bucket: bucket24382 key: testBatchDelete/parent/childFolder/child4
	at org.apache.hadoop.ozone.om.KeyManagerImpl.getOzoneFileStatusFSO(KeyManagerImpl.java:1356) ~[ozone-manager-1.4.0-SNAPSHOT.jar:?]
	at org.apache.hadoop.ozone.om.KeyManagerImpl.getFileStatus(KeyManagerImpl.java:1140) ~[ozone-manager-1.4.0-SNAPSHOT.jar:?]
	at org.apache.hadoop.ozone.om.OmMetadataReader.getFileStatus(OmMetadataReader.java:279) ~[ozone-manager-1.4.0-SNAPSHOT.jar:?]
	at org.apache.hadoop.ozone.om.OzoneManager.getFileStatus(OzoneManager.java:3629) ~[ozone-manager-1.4.0-SNAPSHOT.jar:?]
	at org.apache.hadoop.ozone.protocolPB.OzoneManagerRequestHandler.getOzoneFileStatus(OzoneManagerRequestHandler.java:1010) ~[ozone-manager-1.4.0-SNAPSHOT.jar:?]
	at org.apache.hadoop.ozone.protocolPB.OzoneManagerRequestHandler.handleReadRequest(OzoneManagerRequestHandler.java:262) ~[ozone-manager-1.4.0-SNAPSHOT.jar:?]
	at org.apache.hadoop.ozone.protocolPB.OzoneManagerProtocolServerSideTranslatorPB.submitReadRequestToOM(OzoneManagerProtocolServerSideTranslatorPB.java:265) ~[ozone-manager-1.4.0-SNAPSHOT.jar:?]
	at org.apache.hadoop.ozone.protocolPB.OzoneManagerProtocolServerSideTranslatorPB.internalProcessRequest(OzoneManagerProtocolServerSideTranslatorPB.java:211) ~[ozone-manager-1.4.0-SNAPSHOT.jar:?]
	at org.apache.hadoop.ozone.protocolPB.OzoneManagerProtocolServerSideTranslatorPB.processRequest(OzoneManagerProtocolServerSideTranslatorPB.java:171) ~[ozone-manager-1.4.0-SNAPSHOT.jar:?]
	at org.apache.hadoop.hdds.server.OzoneProtocolMessageDispatcher.processRequest(OzoneProtocolMessageDispatcher.java:89) [hdds-server-framework-1.4.0-SNAPSHOT.jar:?]
	at org.apache.hadoop.ozone.protocolPB.OzoneManagerProtocolServerSideTranslatorPB.submitRequest(OzoneManagerProtocolServerSideTranslatorPB.java:162) [ozone-manager-1.4.0-SNAPSHOT.jar:?]
	at org.apache.hadoop.ozone.protocol.proto.OzoneManagerProtocolProtos$OzoneManagerService$2.callBlockingMethod(OzoneManagerProtocolProtos.java) [ozone-interface-client-1.4.0-SNAPSHOT.jar:?]
	at org.apache.hadoop.ipc.ProtobufRpcEngine$Server.processCall(ProtobufRpcEngine.java:484) [hadoop-common-3.3.6.jar:?]
	at org.apache.hadoop.ipc.ProtobufRpcEngine2$Server$ProtoBufRpcInvoker.call(ProtobufRpcEngine2.java:595) [hadoop-common-3.3.6.jar:?]
	at org.apache.hadoop.ipc.ProtobufRpcEngine2$Server$ProtoBufRpcInvoker.call(ProtobufRpcEngine2.java:573) [hadoop-common-3.3.6.jar:?]
	at org.apache.hadoop.ipc.RPC$Server.call(RPC.java:1227) [hadoop-common-3.3.6.jar:?]
	at org.apache.hadoop.ipc.Server$RpcCall.run(Server.java:1094) [hadoop-common-3.3.6.jar:?]
	at org.apache.hadoop.ipc.Server$RpcCall.run(Server.java:1017) [hadoop-common-3.3.6.jar:?]
	at java.security.AccessController.doPrivileged(Native Method) ~[?:1.8.0_392]
	at javax.security.auth.Subject.doAs(Subject.java:422) [?:1.8.0_392]
	at org.apache.hadoop.security.UserGroupInformation.doAs(UserGroupInformation.java:1899) [hadoop-common-3.3.6.jar:?]
	at org.apache.hadoop.ipc.Server$Handler.run(Server.java:3048) [hadoop-common-3.3.6.jar:?]
14:17:15.896 [IPC Server handler 7 on default port 15004] ERROR OMAudit - user=runner | ip=127.0.0.1 | op=GET_FILE_STATUS {volume=volume73660, bucket=bucket24382, key=testBatchDelete/parent/child5, dataSize=0, replicationConfig=null} | ret=FAILURE
org.apache.hadoop.ozone.om.exceptions.OMException: Unable to get file status: volume: volume73660 bucket: bucket24382 key: testBatchDelete/parent/child5
	at org.apache.hadoop.ozone.om.KeyManagerImpl.getOzoneFileStatusFSO(KeyManagerImpl.java:1356) ~[ozone-manager-1.4.0-SNAPSHOT.jar:?]
	at org.apache.hadoop.ozone.om.KeyManagerImpl.getFileStatus(KeyManagerImpl.java:1140) ~[ozone-manager-1.4.0-SNAPSHOT.jar:?]
	at org.apache.hadoop.ozone.om.OmMetadataReader.getFileStatus(OmMetadataReader.java:279) ~[ozone-manager-1.4.0-SNAPSHOT.jar:?]
	at org.apache.hadoop.ozone.om.OzoneManager.getFileStatus(OzoneManager.java:3629) ~[ozone-manager-1.4.0-SNAPSHOT.jar:?]
	at org.apache.hadoop.ozone.protocolPB.OzoneManagerRequestHandler.getOzoneFileStatus(OzoneManagerRequestHandler.java:1010) ~[ozone-manager-1.4.0-SNAPSHOT.jar:?]
	at org.apache.hadoop.ozone.protocolPB.OzoneManagerRequestHandler.handleReadRequest(OzoneManagerRequestHandler.java:262) ~[ozone-manager-1.4.0-SNAPSHOT.jar:?]
	at org.apache.hadoop.ozone.protocolPB.OzoneManagerProtocolServerSideTranslatorPB.submitReadRequestToOM(OzoneManagerProtocolServerSideTranslatorPB.java:265) ~[ozone-manager-1.4.0-SNAPSHOT.jar:?]
	at org.apache.hadoop.ozone.protocolPB.OzoneManagerProtocolServerSideTranslatorPB.internalProcessRequest(OzoneManagerProtocolServerSideTranslatorPB.java:211) ~[ozone-manager-1.4.0-SNAPSHOT.jar:?]
	at org.apache.hadoop.ozone.protocolPB.OzoneManagerProtocolServerSideTranslatorPB.processRequest(OzoneManagerProtocolServerSideTranslatorPB.java:171) ~[ozone-manager-1.4.0-SNAPSHOT.jar:?]
	at org.apache.hadoop.hdds.server.OzoneProtocolMessageDispatcher.processRequest(OzoneProtocolMessageDispatcher.java:89) [hdds-server-framework-1.4.0-SNAPSHOT.jar:?]
	at org.apache.hadoop.ozone.protocolPB.OzoneManagerProtocolServerSideTranslatorPB.submitRequest(OzoneManagerProtocolServerSideTranslatorPB.java:162) [ozone-manager-1.4.0-SNAPSHOT.jar:?]
	at org.apache.hadoop.ozone.protocol.proto.OzoneManagerProtocolProtos$OzoneManagerService$2.callBlockingMethod(OzoneManagerProtocolProtos.java) [ozone-interface-client-1.4.0-SNAPSHOT.jar:?]
	at org.apache.hadoop.ipc.ProtobufRpcEngine$Server.processCall(ProtobufRpcEngine.java:484) [hadoop-common-3.3.6.jar:?]
	at org.apache.hadoop.ipc.ProtobufRpcEngine2$Server$ProtoBufRpcInvoker.call(ProtobufRpcEngine2.java:595) [hadoop-common-3.3.6.jar:?]
	at org.apache.hadoop.ipc.ProtobufRpcEngine2$Server$ProtoBufRpcInvoker.call(ProtobufRpcEngine2.java:573) [hadoop-common-3.3.6.jar:?]
	at org.apache.hadoop.ipc.RPC$Server.call(RPC.java:1227) [hadoop-common-3.3.6.jar:?]
	at org.apache.hadoop.ipc.Server$RpcCall.run(Server.java:1094) [hadoop-common-3.3.6.jar:?]
	at org.apache.hadoop.ipc.Server$RpcCall.run(Server.java:1017) [hadoop-common-3.3.6.jar:?]
	at java.security.AccessController.doPrivileged(Native Method) ~[?:1.8.0_392]
	at javax.security.auth.Subject.doAs(Subject.java:422) [?:1.8.0_392]
	at org.apache.hadoop.security.UserGroupInformation.doAs(UserGroupInformation.java:1899) [hadoop-common-3.3.6.jar:?]
	at org.apache.hadoop.ipc.Server$Handler.run(Server.java:3048) [hadoop-common-3.3.6.jar:?]
14:17:15.898 [IPC Server handler 13 on default port 15004] ERROR OMAudit - user=runner | ip=127.0.0.1 | op=GET_FILE_STATUS {volume=volume73660, bucket=bucket24382, key=testBatchDelete/parent/childFolder/child5, dataSize=0, replicationConfig=null} | ret=FAILURE
org.apache.hadoop.ozone.om.exceptions.OMException: Unable to get file status: volume: volume73660 bucket: bucket24382 key: testBatchDelete/parent/childFolder/child5
	at org.apache.hadoop.ozone.om.KeyManagerImpl.getOzoneFileStatusFSO(KeyManagerImpl.java:1356) ~[ozone-manager-1.4.0-SNAPSHOT.jar:?]
	at org.apache.hadoop.ozone.om.KeyManagerImpl.getFileStatus(KeyManagerImpl.java:1140) ~[ozone-manager-1.4.0-SNAPSHOT.jar:?]
	at org.apache.hadoop.ozone.om.OmMetadataReader.getFileStatus(OmMetadataReader.java:279) ~[ozone-manager-1.4.0-SNAPSHOT.jar:?]
	at org.apache.hadoop.ozone.om.OzoneManager.getFileStatus(OzoneManager.java:3629) ~[ozone-manager-1.4.0-SNAPSHOT.jar:?]
	at org.apache.hadoop.ozone.protocolPB.OzoneManagerRequestHandler.getOzoneFileStatus(OzoneManagerRequestHandler.java:1010) ~[ozone-manager-1.4.0-SNAPSHOT.jar:?]
	at org.apache.hadoop.ozone.protocolPB.OzoneManagerRequestHandler.handleReadRequest(OzoneManagerRequestHandler.java:262) ~[ozone-manager-1.4.0-SNAPSHOT.jar:?]
	at org.apache.hadoop.ozone.protocolPB.OzoneManagerProtocolServerSideTranslatorPB.submitReadRequestToOM(OzoneManagerProtocolServerSideTranslatorPB.java:265) ~[ozone-manager-1.4.0-SNAPSHOT.jar:?]
	at org.apache.hadoop.ozone.protocolPB.OzoneManagerProtocolServerSideTranslatorPB.internalProcessRequest(OzoneManagerProtocolServerSideTranslatorPB.java:211) ~[ozone-manager-1.4.0-SNAPSHOT.jar:?]
	at org.apache.hadoop.ozone.protocolPB.OzoneManagerProtocolServerSideTranslatorPB.processRequest(OzoneManagerProtocolServerSideTranslatorPB.java:171) ~[ozone-manager-1.4.0-SNAPSHOT.jar:?]
	at org.apache.hadoop.hdds.server.OzoneProtocolMessageDispatcher.processRequest(OzoneProtocolMessageDispatcher.java:89) [hdds-server-framework-1.4.0-SNAPSHOT.jar:?]
	at org.apache.hadoop.ozone.protocolPB.OzoneManagerProtocolServerSideTranslatorPB.submitRequest(OzoneManagerProtocolServerSideTranslatorPB.java:162) [ozone-manager-1.4.0-SNAPSHOT.jar:?]
	at org.apache.hadoop.ozone.protocol.proto.OzoneManagerProtocolProtos$OzoneManagerService$2.callBlockingMethod(OzoneManagerProtocolProtos.java) [ozone-interface-client-1.4.0-SNAPSHOT.jar:?]
	at org.apache.hadoop.ipc.ProtobufRpcEngine$Server.processCall(ProtobufRpcEngine.java:484) [hadoop-common-3.3.6.jar:?]
	at org.apache.hadoop.ipc.ProtobufRpcEngine2$Server$ProtoBufRpcInvoker.call(ProtobufRpcEngine2.java:595) [hadoop-common-3.3.6.jar:?]
	at org.apache.hadoop.ipc.ProtobufRpcEngine2$Server$ProtoBufRpcInvoker.call(ProtobufRpcEngine2.java:573) [hadoop-common-3.3.6.jar:?]
	at org.apache.hadoop.ipc.RPC$Server.call(RPC.java:1227) [hadoop-common-3.3.6.jar:?]
	at org.apache.hadoop.ipc.Server$RpcCall.run(Server.java:1094) [hadoop-common-3.3.6.jar:?]
	at org.apache.hadoop.ipc.Server$RpcCall.run(Server.java:1017) [hadoop-common-3.3.6.jar:?]
	at java.security.AccessController.doPrivileged(Native Method) ~[?:1.8.0_392]
	at javax.security.auth.Subject.doAs(Subject.java:422) [?:1.8.0_392]
	at org.apache.hadoop.security.UserGroupInformation.doAs(UserGroupInformation.java:1899) [hadoop-common-3.3.6.jar:?]
	at org.apache.hadoop.ipc.Server$Handler.run(Server.java:3048) [hadoop-common-3.3.6.jar:?]
14:17:15.900 [IPC Server handler 11 on default port 15004] ERROR OMAudit - user=runner | ip=127.0.0.1 | op=GET_FILE_STATUS {volume=volume73660, bucket=bucket24382, key=testBatchDelete/parent/child6, dataSize=0, replicationConfig=null} | ret=FAILURE
org.apache.hadoop.ozone.om.exceptions.OMException: Unable to get file status: volume: volume73660 bucket: bucket24382 key: testBatchDelete/parent/child6
	at org.apache.hadoop.ozone.om.KeyManagerImpl.getOzoneFileStatusFSO(KeyManagerImpl.java:1356) ~[ozone-manager-1.4.0-SNAPSHOT.jar:?]
	at org.apache.hadoop.ozone.om.KeyManagerImpl.getFileStatus(KeyManagerImpl.java:1140) ~[ozone-manager-1.4.0-SNAPSHOT.jar:?]
	at org.apache.hadoop.ozone.om.OmMetadataReader.getFileStatus(OmMetadataReader.java:279) ~[ozone-manager-1.4.0-SNAPSHOT.jar:?]
	at org.apache.hadoop.ozone.om.OzoneManager.getFileStatus(OzoneManager.java:3629) ~[ozone-manager-1.4.0-SNAPSHOT.jar:?]
	at org.apache.hadoop.ozone.protocolPB.OzoneManagerRequestHandler.getOzoneFileStatus(OzoneManagerRequestHandler.java:1010) ~[ozone-manager-1.4.0-SNAPSHOT.jar:?]
	at org.apache.hadoop.ozone.protocolPB.OzoneManagerRequestHandler.handleReadRequest(OzoneManagerRequestHandler.java:262) ~[ozone-manager-1.4.0-SNAPSHOT.jar:?]
	at org.apache.hadoop.ozone.protocolPB.OzoneManagerProtocolServerSideTranslatorPB.submitReadRequestToOM(OzoneManagerProtocolServerSideTranslatorPB.java:265) ~[ozone-manager-1.4.0-SNAPSHOT.jar:?]
	at org.apache.hadoop.ozone.protocolPB.OzoneManagerProtocolServerSideTranslatorPB.internalProcessRequest(OzoneManagerProtocolServerSideTranslatorPB.java:211) ~[ozone-manager-1.4.0-SNAPSHOT.jar:?]
	at org.apache.hadoop.ozone.protocolPB.OzoneManagerProtocolServerSideTranslatorPB.processRequest(OzoneManagerProtocolServerSideTranslatorPB.java:171) ~[ozone-manager-1.4.0-SNAPSHOT.jar:?]
	at org.apache.hadoop.hdds.server.OzoneProtocolMessageDispatcher.processRequest(OzoneProtocolMessageDispatcher.java:89) [hdds-server-framework-1.4.0-SNAPSHOT.jar:?]
	at org.apache.hadoop.ozone.protocolPB.OzoneManagerProtocolServerSideTranslatorPB.submitRequest(OzoneManagerProtocolServerSideTranslatorPB.java:162) [ozone-manager-1.4.0-SNAPSHOT.jar:?]
	at org.apache.hadoop.ozone.protocol.proto.OzoneManagerProtocolProtos$OzoneManagerService$2.callBlockingMethod(OzoneManagerProtocolProtos.java) [ozone-interface-client-1.4.0-SNAPSHOT.jar:?]
	at org.apache.hadoop.ipc.ProtobufRpcEngine$Server.processCall(ProtobufRpcEngine.java:484) [hadoop-common-3.3.6.jar:?]
	at org.apache.hadoop.ipc.ProtobufRpcEngine2$Server$ProtoBufRpcInvoker.call(ProtobufRpcEngine2.java:595) [hadoop-common-3.3.6.jar:?]
	at org.apache.hadoop.ipc.ProtobufRpcEngine2$Server$ProtoBufRpcInvoker.call(ProtobufRpcEngine2.java:573) [hadoop-common-3.3.6.jar:?]
	at org.apache.hadoop.ipc.RPC$Server.call(RPC.java:1227) [hadoop-common-3.3.6.jar:?]
	at org.apache.hadoop.ipc.Server$RpcCall.run(Server.java:1094) [hadoop-common-3.3.6.jar:?]
	at org.apache.hadoop.ipc.Server$RpcCall.run(Server.java:1017) [hadoop-common-3.3.6.jar:?]
	at java.security.AccessController.doPrivileged(Native Method) ~[?:1.8.0_392]
	at javax.security.auth.Subject.doAs(Subject.java:422) [?:1.8.0_392]
	at org.apache.hadoop.security.UserGroupInformation.doAs(UserGroupInformation.java:1899) [hadoop-common-3.3.6.jar:?]
	at org.apache.hadoop.ipc.Server$Handler.run(Server.java:3048) [hadoop-common-3.3.6.jar:?]
14:17:15.902 [IPC Server handler 14 on default port 15004] ERROR OMAudit - user=runner | ip=127.0.0.1 | op=GET_FILE_STATUS {volume=volume73660, bucket=bucket24382, key=testBatchDelete/parent/childFolder/child6, dataSize=0, replicationConfig=null} | ret=FAILURE
org.apache.hadoop.ozone.om.exceptions.OMException: Unable to get file status: volume: volume73660 bucket: bucket24382 key: testBatchDelete/parent/childFolder/child6
	at org.apache.hadoop.ozone.om.KeyManagerImpl.getOzoneFileStatusFSO(KeyManagerImpl.java:1356) ~[ozone-manager-1.4.0-SNAPSHOT.jar:?]
	at org.apache.hadoop.ozone.om.KeyManagerImpl.getFileStatus(KeyManagerImpl.java:1140) ~[ozone-manager-1.4.0-SNAPSHOT.jar:?]
	at org.apache.hadoop.ozone.om.OmMetadataReader.getFileStatus(OmMetadataReader.java:279) ~[ozone-manager-1.4.0-SNAPSHOT.jar:?]
	at org.apache.hadoop.ozone.om.OzoneManager.getFileStatus(OzoneManager.java:3629) ~[ozone-manager-1.4.0-SNAPSHOT.jar:?]
	at org.apache.hadoop.ozone.protocolPB.OzoneManagerRequestHandler.getOzoneFileStatus(OzoneManagerRequestHandler.java:1010) ~[ozone-manager-1.4.0-SNAPSHOT.jar:?]
	at org.apache.hadoop.ozone.protocolPB.OzoneManagerRequestHandler.handleReadRequest(OzoneManagerRequestHandler.java:262) ~[ozone-manager-1.4.0-SNAPSHOT.jar:?]
	at org.apache.hadoop.ozone.protocolPB.OzoneManagerProtocolServerSideTranslatorPB.submitReadRequestToOM(OzoneManagerProtocolServerSideTranslatorPB.java:265) ~[ozone-manager-1.4.0-SNAPSHOT.jar:?]
	at org.apache.hadoop.ozone.protocolPB.OzoneManagerProtocolServerSideTranslatorPB.internalProcessRequest(OzoneManagerProtocolServerSideTranslatorPB.java:211) ~[ozone-manager-1.4.0-SNAPSHOT.jar:?]
	at org.apache.hadoop.ozone.protocolPB.OzoneManagerProtocolServerSideTranslatorPB.processRequest(OzoneManagerProtocolServerSideTranslatorPB.java:171) ~[ozone-manager-1.4.0-SNAPSHOT.jar:?]
	at org.apache.hadoop.hdds.server.OzoneProtocolMessageDispatcher.processRequest(OzoneProtocolMessageDispatcher.java:89) [hdds-server-framework-1.4.0-SNAPSHOT.jar:?]
	at org.apache.hadoop.ozone.protocolPB.OzoneManagerProtocolServerSideTranslatorPB.submitRequest(OzoneManagerProtocolServerSideTranslatorPB.java:162) [ozone-manager-1.4.0-SNAPSHOT.jar:?]
	at org.apache.hadoop.ozone.protocol.proto.OzoneManagerProtocolProtos$OzoneManagerService$2.callBlockingMethod(OzoneManagerProtocolProtos.java) [ozone-interface-client-1.4.0-SNAPSHOT.jar:?]
	at org.apache.hadoop.ipc.ProtobufRpcEngine$Server.processCall(ProtobufRpcEngine.java:484) [hadoop-common-3.3.6.jar:?]
	at org.apache.hadoop.ipc.ProtobufRpcEngine2$Server$ProtoBufRpcInvoker.call(ProtobufRpcEngine2.java:595) [hadoop-common-3.3.6.jar:?]
	at org.apache.hadoop.ipc.ProtobufRpcEngine2$Server$ProtoBufRpcInvoker.call(ProtobufRpcEngine2.java:573) [hadoop-common-3.3.6.jar:?]
	at org.apache.hadoop.ipc.RPC$Server.call(RPC.java:1227) [hadoop-common-3.3.6.jar:?]
	at org.apache.hadoop.ipc.Server$RpcCall.run(Server.java:1094) [hadoop-common-3.3.6.jar:?]
	at org.apache.hadoop.ipc.Server$RpcCall.run(Server.java:1017) [hadoop-common-3.3.6.jar:?]
	at java.security.AccessController.doPrivileged(Native Method) ~[?:1.8.0_392]
	at javax.security.auth.Subject.doAs(Subject.java:422) [?:1.8.0_392]
	at org.apache.hadoop.security.UserGroupInformation.doAs(UserGroupInformation.java:1899) [hadoop-common-3.3.6.jar:?]
	at org.apache.hadoop.ipc.Server$Handler.run(Server.java:3048) [hadoop-common-3.3.6.jar:?]
14:17:15.904 [IPC Server handler 16 on default port 15004] ERROR OMAudit - user=runner | ip=127.0.0.1 | op=GET_FILE_STATUS {volume=volume73660, bucket=bucket24382, key=testBatchDelete/parent/child7, dataSize=0, replicationConfig=null} | ret=FAILURE
org.apache.hadoop.ozone.om.exceptions.OMException: Unable to get file status: volume: volume73660 bucket: bucket24382 key: testBatchDelete/parent/child7
	at org.apache.hadoop.ozone.om.KeyManagerImpl.getOzoneFileStatusFSO(KeyManagerImpl.java:1356) ~[ozone-manager-1.4.0-SNAPSHOT.jar:?]
	at org.apache.hadoop.ozone.om.KeyManagerImpl.getFileStatus(KeyManagerImpl.java:1140) ~[ozone-manager-1.4.0-SNAPSHOT.jar:?]
	at org.apache.hadoop.ozone.om.OmMetadataReader.getFileStatus(OmMetadataReader.java:279) ~[ozone-manager-1.4.0-SNAPSHOT.jar:?]
	at org.apache.hadoop.ozone.om.OzoneManager.getFileStatus(OzoneManager.java:3629) ~[ozone-manager-1.4.0-SNAPSHOT.jar:?]
	at org.apache.hadoop.ozone.protocolPB.OzoneManagerRequestHandler.getOzoneFileStatus(OzoneManagerRequestHandler.java:1010) ~[ozone-manager-1.4.0-SNAPSHOT.jar:?]
	at org.apache.hadoop.ozone.protocolPB.OzoneManagerRequestHandler.handleReadRequest(OzoneManagerRequestHandler.java:262) ~[ozone-manager-1.4.0-SNAPSHOT.jar:?]
	at org.apache.hadoop.ozone.protocolPB.OzoneManagerProtocolServerSideTranslatorPB.submitReadRequestToOM(OzoneManagerProtocolServerSideTranslatorPB.java:265) ~[ozone-manager-1.4.0-SNAPSHOT.jar:?]
	at org.apache.hadoop.ozone.protocolPB.OzoneManagerProtocolServerSideTranslatorPB.internalProcessRequest(OzoneManagerProtocolServerSideTranslatorPB.java:211) ~[ozone-manager-1.4.0-SNAPSHOT.jar:?]
	at org.apache.hadoop.ozone.protocolPB.OzoneManagerProtocolServerSideTranslatorPB.processRequest(OzoneManagerProtocolServerSideTranslatorPB.java:171) ~[ozone-manager-1.4.0-SNAPSHOT.jar:?]
	at org.apache.hadoop.hdds.server.OzoneProtocolMessageDispatcher.processRequest(OzoneProtocolMessageDispatcher.java:89) [hdds-server-framework-1.4.0-SNAPSHOT.jar:?]
	at org.apache.hadoop.ozone.protocolPB.OzoneManagerProtocolServerSideTranslatorPB.submitRequest(OzoneManagerProtocolServerSideTranslatorPB.java:162) [ozone-manager-1.4.0-SNAPSHOT.jar:?]
	at org.apache.hadoop.ozone.protocol.proto.OzoneManagerProtocolProtos$OzoneManagerService$2.callBlockingMethod(OzoneManagerProtocolProtos.java) [ozone-interface-client-1.4.0-SNAPSHOT.jar:?]
	at org.apache.hadoop.ipc.ProtobufRpcEngine$Server.processCall(ProtobufRpcEngine.java:484) [hadoop-common-3.3.6.jar:?]
	at org.apache.hadoop.ipc.ProtobufRpcEngine2$Server$ProtoBufRpcInvoker.call(ProtobufRpcEngine2.java:595) [hadoop-common-3.3.6.jar:?]
	at org.apache.hadoop.ipc.ProtobufRpcEngine2$Server$ProtoBufRpcInvoker.call(ProtobufRpcEngine2.java:573) [hadoop-common-3.3.6.jar:?]
	at org.apache.hadoop.ipc.RPC$Server.call(RPC.java:1227) [hadoop-common-3.3.6.jar:?]
	at org.apache.hadoop.ipc.Server$RpcCall.run(Server.java:1094) [hadoop-common-3.3.6.jar:?]
	at org.apache.hadoop.ipc.Server$RpcCall.run(Server.java:1017) [hadoop-common-3.3.6.jar:?]
	at java.security.AccessController.doPrivileged(Native Method) ~[?:1.8.0_392]
	at javax.security.auth.Subject.doAs(Subject.java:422) [?:1.8.0_392]
	at org.apache.hadoop.security.UserGroupInformation.doAs(UserGroupInformation.java:1899) [hadoop-common-3.3.6.jar:?]
	at org.apache.hadoop.ipc.Server$Handler.run(Server.java:3048) [hadoop-common-3.3.6.jar:?]
14:17:15.905 [IPC Server handler 17 on default port 15004] ERROR OMAudit - user=runner | ip=127.0.0.1 | op=GET_FILE_STATUS {volume=volume73660, bucket=bucket24382, key=testBatchDelete/parent/childFolder/child7, dataSize=0, replicationConfig=null} | ret=FAILURE
org.apache.hadoop.ozone.om.exceptions.OMException: Unable to get file status: volume: volume73660 bucket: bucket24382 key: testBatchDelete/parent/childFolder/child7
	at org.apache.hadoop.ozone.om.KeyManagerImpl.getOzoneFileStatusFSO(KeyManagerImpl.java:1356) ~[ozone-manager-1.4.0-SNAPSHOT.jar:?]
	at org.apache.hadoop.ozone.om.KeyManagerImpl.getFileStatus(KeyManagerImpl.java:1140) ~[ozone-manager-1.4.0-SNAPSHOT.jar:?]
	at org.apache.hadoop.ozone.om.OmMetadataReader.getFileStatus(OmMetadataReader.java:279) ~[ozone-manager-1.4.0-SNAPSHOT.jar:?]
	at org.apache.hadoop.ozone.om.OzoneManager.getFileStatus(OzoneManager.java:3629) ~[ozone-manager-1.4.0-SNAPSHOT.jar:?]
	at org.apache.hadoop.ozone.protocolPB.OzoneManagerRequestHandler.getOzoneFileStatus(OzoneManagerRequestHandler.java:1010) ~[ozone-manager-1.4.0-SNAPSHOT.jar:?]
	at org.apache.hadoop.ozone.protocolPB.OzoneManagerRequestHandler.handleReadRequest(OzoneManagerRequestHandler.java:262) ~[ozone-manager-1.4.0-SNAPSHOT.jar:?]
	at org.apache.hadoop.ozone.protocolPB.OzoneManagerProtocolServerSideTranslatorPB.submitReadRequestToOM(OzoneManagerProtocolServerSideTranslatorPB.java:265) ~[ozone-manager-1.4.0-SNAPSHOT.jar:?]
	at org.apache.hadoop.ozone.protocolPB.OzoneManagerProtocolServerSideTranslatorPB.internalProcessRequest(OzoneManagerProtocolServerSideTranslatorPB.java:211) ~[ozone-manager-1.4.0-SNAPSHOT.jar:?]
	at org.apache.hadoop.ozone.protocolPB.OzoneManagerProtocolServerSideTranslatorPB.processRequest(OzoneManagerProtocolServerSideTranslatorPB.java:171) ~[ozone-manager-1.4.0-SNAPSHOT.jar:?]
	at org.apache.hadoop.hdds.server.OzoneProtocolMessageDispatcher.processRequest(OzoneProtocolMessageDispatcher.java:89) [hdds-server-framework-1.4.0-SNAPSHOT.jar:?]
	at org.apache.hadoop.ozone.protocolPB.OzoneManagerProtocolServerSideTranslatorPB.submitRequest(OzoneManagerProtocolServerSideTranslatorPB.java:162) [ozone-manager-1.4.0-SNAPSHOT.jar:?]
	at org.apache.hadoop.ozone.protocol.proto.OzoneManagerProtocolProtos$OzoneManagerService$2.callBlockingMethod(OzoneManagerProtocolProtos.java) [ozone-interface-client-1.4.0-SNAPSHOT.jar:?]
	at org.apache.hadoop.ipc.ProtobufRpcEngine$Server.processCall(ProtobufRpcEngine.java:484) [hadoop-common-3.3.6.jar:?]
	at org.apache.hadoop.ipc.ProtobufRpcEngine2$Server$ProtoBufRpcInvoker.call(ProtobufRpcEngine2.java:595) [hadoop-common-3.3.6.jar:?]
	at org.apache.hadoop.ipc.ProtobufRpcEngine2$Server$ProtoBufRpcInvoker.call(ProtobufRpcEngine2.java:573) [hadoop-common-3.3.6.jar:?]
	at org.apache.hadoop.ipc.RPC$Server.call(RPC.java:1227) [hadoop-common-3.3.6.jar:?]
	at org.apache.hadoop.ipc.Server$RpcCall.run(Server.java:1094) [hadoop-common-3.3.6.jar:?]
	at org.apache.hadoop.ipc.Server$RpcCall.run(Server.java:1017) [hadoop-common-3.3.6.jar:?]
	at java.security.AccessController.doPrivileged(Native Method) ~[?:1.8.0_392]
	at javax.security.auth.Subject.doAs(Subject.java:422) [?:1.8.0_392]
	at org.apache.hadoop.security.UserGroupInformation.doAs(UserGroupInformation.java:1899) [hadoop-common-3.3.6.jar:?]
	at org.apache.hadoop.ipc.Server$Handler.run(Server.java:3048) [hadoop-common-3.3.6.jar:?]
14:17:15.907 [om1-OMStateMachineApplyTransactionThread - 0] ERROR OMAudit - user=runner | ip=127.0.0.1 | op=DELETE_KEY {volume=volume73660, bucket=bucket24382, key=testBatchDelete/parent, dataSize=0, replicationType=NONE, replicationFactor=ZERO} | ret=FAILURE
org.apache.hadoop.ozone.om.exceptions.OMException: Unable to get file status: volume: volume73660 bucket: bucket24382 key: testBatchDelete/parent
	at org.apache.hadoop.ozone.om.OzonePrefixPathImpl.<init>(OzonePrefixPathImpl.java:67) ~[ozone-manager-1.4.0-SNAPSHOT.jar:?]
	at org.apache.hadoop.ozone.om.request.OMClientRequest.checkACLsWithFSO(OMClientRequest.java:256) ~[ozone-manager-1.4.0-SNAPSHOT.jar:?]
	at org.apache.hadoop.ozone.om.request.key.OMKeyDeleteRequestWithFSO.validateAndUpdateCache(OMKeyDeleteRequestWithFSO.java:103) ~[ozone-manager-1.4.0-SNAPSHOT.jar:?]
	at org.apache.hadoop.ozone.protocolPB.OzoneManagerRequestHandler.lambda$0(OzoneManagerRequestHandler.java:395) ~[ozone-manager-1.4.0-SNAPSHOT.jar:?]
	at org.apache.hadoop.util.MetricUtil.captureLatencyNs(MetricUtil.java:39) ~[hdds-common-1.4.0-SNAPSHOT.jar:?]
	at org.apache.hadoop.ozone.protocolPB.OzoneManagerRequestHandler.handleWriteRequest(OzoneManagerRequestHandler.java:393) ~[ozone-manager-1.4.0-SNAPSHOT.jar:?]
	at org.apache.hadoop.ozone.om.ratis.OzoneManagerStateMachine.runCommand(OzoneManagerStateMachine.java:581) ~[ozone-manager-1.4.0-SNAPSHOT.jar:?]
	at org.apache.hadoop.ozone.om.ratis.OzoneManagerStateMachine.lambda$1(OzoneManagerStateMachine.java:370) ~[ozone-manager-1.4.0-SNAPSHOT.jar:?]
	at java.util.concurrent.CompletableFuture$AsyncSupply.run(CompletableFuture.java:1604) [?:1.8.0_392]
	at java.util.concurrent.ThreadPoolExecutor.runWorker(ThreadPoolExecutor.java:1149) [?:1.8.0_392]
	at java.util.concurrent.ThreadPoolExecutor$Worker.run(ThreadPoolExecutor.java:624) [?:1.8.0_392]
	at java.lang.Thread.run(Thread.java:750) [?:1.8.0_392]
2023-11-20 14:17:15,907 [om1-OMStateMachineApplyTransactionThread - 0] ERROR key.OMKeyDeleteRequestWithFSO (OMKeyDeleteRequestWithFSO.java:validateAndUpdateCache(205)) - Key delete failed. Volume:volume73660, Bucket:bucket24382, Key:testBatchDelete/parent.
KEY_NOT_FOUND org.apache.hadoop.ozone.om.exceptions.OMException: Unable to get file status: volume: volume73660 bucket: bucket24382 key: testBatchDelete/parent
	at org.apache.hadoop.ozone.om.OzonePrefixPathImpl.<init>(OzonePrefixPathImpl.java:67)
	at org.apache.hadoop.ozone.om.request.OMClientRequest.checkACLsWithFSO(OMClientRequest.java:256)
	at org.apache.hadoop.ozone.om.request.key.OMKeyDeleteRequestWithFSO.validateAndUpdateCache(OMKeyDeleteRequestWithFSO.java:103)
	at org.apache.hadoop.ozone.protocolPB.OzoneManagerRequestHandler.lambda$0(OzoneManagerRequestHandler.java:395)
	at org.apache.hadoop.util.MetricUtil.captureLatencyNs(MetricUtil.java:39)
	at org.apache.hadoop.ozone.protocolPB.OzoneManagerRequestHandler.handleWriteRequest(OzoneManagerRequestHandler.java:393)
	at org.apache.hadoop.ozone.om.ratis.OzoneManagerStateMachine.runCommand(OzoneManagerStateMachine.java:581)
	at org.apache.hadoop.ozone.om.ratis.OzoneManagerStateMachine.lambda$1(OzoneManagerStateMachine.java:370)
	at java.util.concurrent.CompletableFuture$AsyncSupply.run(CompletableFuture.java:1604)
	at java.util.concurrent.ThreadPoolExecutor.runWorker(ThreadPoolExecutor.java:1149)
	at java.util.concurrent.ThreadPoolExecutor$Worker.run(ThreadPoolExecutor.java:624)
	at java.lang.Thread.run(Thread.java:750)
2023-11-20 14:17:15,908 [Time-limited test] WARN  ozone.BasicOzoneClientAdapterImpl (BasicOzoneClientAdapterImpl.java:deleteObject(361)) - delete key failed Unable to get file status: volume: volume73660 bucket: bucket24382 key: testBatchDelete/parent
]]></system-out>
  </testcase>
  <testcase name="testFileDelete" classname="TestOzoneFileSystemWithFSO" time="0.11">
    <system-out><![CDATA[14:17:42.461 [IPC Server handler 15 on default port 15057] ERROR OMAudit - user=runner | ip=127.0.0.1 | op=GET_FILE_STATUS {volume=volume48931, bucket=bucket54568, key=testBatchDelete, dataSize=0, replicationConfig=null} | ret=FAILURE
org.apache.hadoop.ozone.om.exceptions.OMException: Unable to get file status: volume: volume48931 bucket: bucket54568 key: testBatchDelete
	at org.apache.hadoop.ozone.om.KeyManagerImpl.getOzoneFileStatusFSO(KeyManagerImpl.java:1356) ~[ozone-manager-1.4.0-SNAPSHOT.jar:?]
	at org.apache.hadoop.ozone.om.KeyManagerImpl.getFileStatus(KeyManagerImpl.java:1140) ~[ozone-manager-1.4.0-SNAPSHOT.jar:?]
	at org.apache.hadoop.ozone.om.OmMetadataReader.getFileStatus(OmMetadataReader.java:279) ~[ozone-manager-1.4.0-SNAPSHOT.jar:?]
	at org.apache.hadoop.ozone.om.OzoneManager.getFileStatus(OzoneManager.java:3629) ~[ozone-manager-1.4.0-SNAPSHOT.jar:?]
	at org.apache.hadoop.ozone.protocolPB.OzoneManagerRequestHandler.getOzoneFileStatus(OzoneManagerRequestHandler.java:1010) ~[ozone-manager-1.4.0-SNAPSHOT.jar:?]
	at org.apache.hadoop.ozone.protocolPB.OzoneManagerRequestHandler.handleReadRequest(OzoneManagerRequestHandler.java:262) ~[ozone-manager-1.4.0-SNAPSHOT.jar:?]
	at org.apache.hadoop.ozone.protocolPB.OzoneManagerProtocolServerSideTranslatorPB.submitRequestDirectlyToOM(OzoneManagerProtocolServerSideTranslatorPB.java:319) ~[ozone-manager-1.4.0-SNAPSHOT.jar:?]
	at org.apache.hadoop.ozone.protocolPB.OzoneManagerProtocolServerSideTranslatorPB.internalProcessRequest(OzoneManagerProtocolServerSideTranslatorPB.java:207) ~[ozone-manager-1.4.0-SNAPSHOT.jar:?]
	at org.apache.hadoop.ozone.protocolPB.OzoneManagerProtocolServerSideTranslatorPB.processRequest(OzoneManagerProtocolServerSideTranslatorPB.java:171) ~[ozone-manager-1.4.0-SNAPSHOT.jar:?]
	at org.apache.hadoop.hdds.server.OzoneProtocolMessageDispatcher.processRequest(OzoneProtocolMessageDispatcher.java:89) [hdds-server-framework-1.4.0-SNAPSHOT.jar:?]
	at org.apache.hadoop.ozone.protocolPB.OzoneManagerProtocolServerSideTranslatorPB.submitRequest(OzoneManagerProtocolServerSideTranslatorPB.java:162) [ozone-manager-1.4.0-SNAPSHOT.jar:?]
	at org.apache.hadoop.ozone.protocol.proto.OzoneManagerProtocolProtos$OzoneManagerService$2.callBlockingMethod(OzoneManagerProtocolProtos.java) [ozone-interface-client-1.4.0-SNAPSHOT.jar:?]
	at org.apache.hadoop.ipc.ProtobufRpcEngine$Server.processCall(ProtobufRpcEngine.java:484) [hadoop-common-3.3.6.jar:?]
	at org.apache.hadoop.ipc.ProtobufRpcEngine2$Server$ProtoBufRpcInvoker.call(ProtobufRpcEngine2.java:595) [hadoop-common-3.3.6.jar:?]
	at org.apache.hadoop.ipc.ProtobufRpcEngine2$Server$ProtoBufRpcInvoker.call(ProtobufRpcEngine2.java:573) [hadoop-common-3.3.6.jar:?]
	at org.apache.hadoop.ipc.RPC$Server.call(RPC.java:1227) [hadoop-common-3.3.6.jar:?]
	at org.apache.hadoop.ipc.Server$RpcCall.run(Server.java:1094) [hadoop-common-3.3.6.jar:?]
	at org.apache.hadoop.ipc.Server$RpcCall.run(Server.java:1017) [hadoop-common-3.3.6.jar:?]
	at java.security.AccessController.doPrivileged(Native Method) ~[?:1.8.0_392]
	at javax.security.auth.Subject.doAs(Subject.java:422) [?:1.8.0_392]
	at org.apache.hadoop.security.UserGroupInformation.doAs(UserGroupInformation.java:1899) [hadoop-common-3.3.6.jar:?]
	at org.apache.hadoop.ipc.Server$Handler.run(Server.java:3048) [hadoop-common-3.3.6.jar:?]
14:17:42.462 [IPC Server handler 16 on default port 15057] ERROR OMAudit - user=runner | ip=127.0.0.1 | op=GET_FILE_STATUS {volume=volume48931, bucket=bucket54568, key=testBatchDelete/parent/child0, dataSize=0, replicationConfig=null} | ret=FAILURE
org.apache.hadoop.ozone.om.exceptions.OMException: Unable to get file status: volume: volume48931 bucket: bucket54568 key: testBatchDelete/parent/child0
	at org.apache.hadoop.ozone.om.KeyManagerImpl.getOzoneFileStatusFSO(KeyManagerImpl.java:1356) ~[ozone-manager-1.4.0-SNAPSHOT.jar:?]
	at org.apache.hadoop.ozone.om.KeyManagerImpl.getFileStatus(KeyManagerImpl.java:1140) ~[ozone-manager-1.4.0-SNAPSHOT.jar:?]
	at org.apache.hadoop.ozone.om.OmMetadataReader.getFileStatus(OmMetadataReader.java:279) ~[ozone-manager-1.4.0-SNAPSHOT.jar:?]
	at org.apache.hadoop.ozone.om.OzoneManager.getFileStatus(OzoneManager.java:3629) ~[ozone-manager-1.4.0-SNAPSHOT.jar:?]
	at org.apache.hadoop.ozone.protocolPB.OzoneManagerRequestHandler.getOzoneFileStatus(OzoneManagerRequestHandler.java:1010) ~[ozone-manager-1.4.0-SNAPSHOT.jar:?]
	at org.apache.hadoop.ozone.protocolPB.OzoneManagerRequestHandler.handleReadRequest(OzoneManagerRequestHandler.java:262) ~[ozone-manager-1.4.0-SNAPSHOT.jar:?]
	at org.apache.hadoop.ozone.protocolPB.OzoneManagerProtocolServerSideTranslatorPB.submitRequestDirectlyToOM(OzoneManagerProtocolServerSideTranslatorPB.java:319) ~[ozone-manager-1.4.0-SNAPSHOT.jar:?]
	at org.apache.hadoop.ozone.protocolPB.OzoneManagerProtocolServerSideTranslatorPB.internalProcessRequest(OzoneManagerProtocolServerSideTranslatorPB.java:207) ~[ozone-manager-1.4.0-SNAPSHOT.jar:?]
	at org.apache.hadoop.ozone.protocolPB.OzoneManagerProtocolServerSideTranslatorPB.processRequest(OzoneManagerProtocolServerSideTranslatorPB.java:171) ~[ozone-manager-1.4.0-SNAPSHOT.jar:?]
	at org.apache.hadoop.hdds.server.OzoneProtocolMessageDispatcher.processRequest(OzoneProtocolMessageDispatcher.java:89) [hdds-server-framework-1.4.0-SNAPSHOT.jar:?]
	at org.apache.hadoop.ozone.protocolPB.OzoneManagerProtocolServerSideTranslatorPB.submitRequest(OzoneManagerProtocolServerSideTranslatorPB.java:162) [ozone-manager-1.4.0-SNAPSHOT.jar:?]
	at org.apache.hadoop.ozone.protocol.proto.OzoneManagerProtocolProtos$OzoneManagerService$2.callBlockingMethod(OzoneManagerProtocolProtos.java) [ozone-interface-client-1.4.0-SNAPSHOT.jar:?]
	at org.apache.hadoop.ipc.ProtobufRpcEngine$Server.processCall(ProtobufRpcEngine.java:484) [hadoop-common-3.3.6.jar:?]
	at org.apache.hadoop.ipc.ProtobufRpcEngine2$Server$ProtoBufRpcInvoker.call(ProtobufRpcEngine2.java:595) [hadoop-common-3.3.6.jar:?]
	at org.apache.hadoop.ipc.ProtobufRpcEngine2$Server$ProtoBufRpcInvoker.call(ProtobufRpcEngine2.java:573) [hadoop-common-3.3.6.jar:?]
	at org.apache.hadoop.ipc.RPC$Server.call(RPC.java:1227) [hadoop-common-3.3.6.jar:?]
	at org.apache.hadoop.ipc.Server$RpcCall.run(Server.java:1094) [hadoop-common-3.3.6.jar:?]
	at org.apache.hadoop.ipc.Server$RpcCall.run(Server.java:1017) [hadoop-common-3.3.6.jar:?]
	at java.security.AccessController.doPrivileged(Native Method) ~[?:1.8.0_392]
	at javax.security.auth.Subject.doAs(Subject.java:422) [?:1.8.0_392]
	at org.apache.hadoop.security.UserGroupInformation.doAs(UserGroupInformation.java:1899) [hadoop-common-3.3.6.jar:?]
	at org.apache.hadoop.ipc.Server$Handler.run(Server.java:3048) [hadoop-common-3.3.6.jar:?]
14:17:42.463 [IPC Server handler 17 on default port 15057] ERROR OMAudit - user=runner | ip=127.0.0.1 | op=GET_FILE_STATUS {volume=volume48931, bucket=bucket54568, key=testBatchDelete/parent/childFolder/child0, dataSize=0, replicationConfig=null} | ret=FAILURE
org.apache.hadoop.ozone.om.exceptions.OMException: Unable to get file status: volume: volume48931 bucket: bucket54568 key: testBatchDelete/parent/childFolder/child0
	at org.apache.hadoop.ozone.om.KeyManagerImpl.getOzoneFileStatusFSO(KeyManagerImpl.java:1356) ~[ozone-manager-1.4.0-SNAPSHOT.jar:?]
	at org.apache.hadoop.ozone.om.KeyManagerImpl.getFileStatus(KeyManagerImpl.java:1140) ~[ozone-manager-1.4.0-SNAPSHOT.jar:?]
	at org.apache.hadoop.ozone.om.OmMetadataReader.getFileStatus(OmMetadataReader.java:279) ~[ozone-manager-1.4.0-SNAPSHOT.jar:?]
	at org.apache.hadoop.ozone.om.OzoneManager.getFileStatus(OzoneManager.java:3629) ~[ozone-manager-1.4.0-SNAPSHOT.jar:?]
	at org.apache.hadoop.ozone.protocolPB.OzoneManagerRequestHandler.getOzoneFileStatus(OzoneManagerRequestHandler.java:1010) ~[ozone-manager-1.4.0-SNAPSHOT.jar:?]
	at org.apache.hadoop.ozone.protocolPB.OzoneManagerRequestHandler.handleReadRequest(OzoneManagerRequestHandler.java:262) ~[ozone-manager-1.4.0-SNAPSHOT.jar:?]
	at org.apache.hadoop.ozone.protocolPB.OzoneManagerProtocolServerSideTranslatorPB.submitRequestDirectlyToOM(OzoneManagerProtocolServerSideTranslatorPB.java:319) ~[ozone-manager-1.4.0-SNAPSHOT.jar:?]
	at org.apache.hadoop.ozone.protocolPB.OzoneManagerProtocolServerSideTranslatorPB.internalProcessRequest(OzoneManagerProtocolServerSideTranslatorPB.java:207) ~[ozone-manager-1.4.0-SNAPSHOT.jar:?]
	at org.apache.hadoop.ozone.protocolPB.OzoneManagerProtocolServerSideTranslatorPB.processRequest(OzoneManagerProtocolServerSideTranslatorPB.java:171) ~[ozone-manager-1.4.0-SNAPSHOT.jar:?]
	at org.apache.hadoop.hdds.server.OzoneProtocolMessageDispatcher.processRequest(OzoneProtocolMessageDispatcher.java:89) [hdds-server-framework-1.4.0-SNAPSHOT.jar:?]
	at org.apache.hadoop.ozone.protocolPB.OzoneManagerProtocolServerSideTranslatorPB.submitRequest(OzoneManagerProtocolServerSideTranslatorPB.java:162) [ozone-manager-1.4.0-SNAPSHOT.jar:?]
	at org.apache.hadoop.ozone.protocol.proto.OzoneManagerProtocolProtos$OzoneManagerService$2.callBlockingMethod(OzoneManagerProtocolProtos.java) [ozone-interface-client-1.4.0-SNAPSHOT.jar:?]
	at org.apache.hadoop.ipc.ProtobufRpcEngine$Server.processCall(ProtobufRpcEngine.java:484) [hadoop-common-3.3.6.jar:?]
	at org.apache.hadoop.ipc.ProtobufRpcEngine2$Server$ProtoBufRpcInvoker.call(ProtobufRpcEngine2.java:595) [hadoop-common-3.3.6.jar:?]
	at org.apache.hadoop.ipc.ProtobufRpcEngine2$Server$ProtoBufRpcInvoker.call(ProtobufRpcEngine2.java:573) [hadoop-common-3.3.6.jar:?]
	at org.apache.hadoop.ipc.RPC$Server.call(RPC.java:1227) [hadoop-common-3.3.6.jar:?]
	at org.apache.hadoop.ipc.Server$RpcCall.run(Server.java:1094) [hadoop-common-3.3.6.jar:?]
	at org.apache.hadoop.ipc.Server$RpcCall.run(Server.java:1017) [hadoop-common-3.3.6.jar:?]
	at java.security.AccessController.doPrivileged(Native Method) ~[?:1.8.0_392]
	at javax.security.auth.Subject.doAs(Subject.java:422) [?:1.8.0_392]
	at org.apache.hadoop.security.UserGroupInformation.doAs(UserGroupInformation.java:1899) [hadoop-common-3.3.6.jar:?]
	at org.apache.hadoop.ipc.Server$Handler.run(Server.java:3048) [hadoop-common-3.3.6.jar:?]
14:17:42.464 [IPC Server handler 18 on default port 15057] ERROR OMAudit - user=runner | ip=127.0.0.1 | op=GET_FILE_STATUS {volume=volume48931, bucket=bucket54568, key=testBatchDelete/parent/child1, dataSize=0, replicationConfig=null} | ret=FAILURE
org.apache.hadoop.ozone.om.exceptions.OMException: Unable to get file status: volume: volume48931 bucket: bucket54568 key: testBatchDelete/parent/child1
	at org.apache.hadoop.ozone.om.KeyManagerImpl.getOzoneFileStatusFSO(KeyManagerImpl.java:1356) ~[ozone-manager-1.4.0-SNAPSHOT.jar:?]
	at org.apache.hadoop.ozone.om.KeyManagerImpl.getFileStatus(KeyManagerImpl.java:1140) ~[ozone-manager-1.4.0-SNAPSHOT.jar:?]
	at org.apache.hadoop.ozone.om.OmMetadataReader.getFileStatus(OmMetadataReader.java:279) ~[ozone-manager-1.4.0-SNAPSHOT.jar:?]
	at org.apache.hadoop.ozone.om.OzoneManager.getFileStatus(OzoneManager.java:3629) ~[ozone-manager-1.4.0-SNAPSHOT.jar:?]
	at org.apache.hadoop.ozone.protocolPB.OzoneManagerRequestHandler.getOzoneFileStatus(OzoneManagerRequestHandler.java:1010) ~[ozone-manager-1.4.0-SNAPSHOT.jar:?]
	at org.apache.hadoop.ozone.protocolPB.OzoneManagerRequestHandler.handleReadRequest(OzoneManagerRequestHandler.java:262) ~[ozone-manager-1.4.0-SNAPSHOT.jar:?]
	at org.apache.hadoop.ozone.protocolPB.OzoneManagerProtocolServerSideTranslatorPB.submitRequestDirectlyToOM(OzoneManagerProtocolServerSideTranslatorPB.java:319) ~[ozone-manager-1.4.0-SNAPSHOT.jar:?]
	at org.apache.hadoop.ozone.protocolPB.OzoneManagerProtocolServerSideTranslatorPB.internalProcessRequest(OzoneManagerProtocolServerSideTranslatorPB.java:207) ~[ozone-manager-1.4.0-SNAPSHOT.jar:?]
	at org.apache.hadoop.ozone.protocolPB.OzoneManagerProtocolServerSideTranslatorPB.processRequest(OzoneManagerProtocolServerSideTranslatorPB.java:171) ~[ozone-manager-1.4.0-SNAPSHOT.jar:?]
	at org.apache.hadoop.hdds.server.OzoneProtocolMessageDispatcher.processRequest(OzoneProtocolMessageDispatcher.java:89) [hdds-server-framework-1.4.0-SNAPSHOT.jar:?]
	at org.apache.hadoop.ozone.protocolPB.OzoneManagerProtocolServerSideTranslatorPB.submitRequest(OzoneManagerProtocolServerSideTranslatorPB.java:162) [ozone-manager-1.4.0-SNAPSHOT.jar:?]
	at org.apache.hadoop.ozone.protocol.proto.OzoneManagerProtocolProtos$OzoneManagerService$2.callBlockingMethod(OzoneManagerProtocolProtos.java) [ozone-interface-client-1.4.0-SNAPSHOT.jar:?]
	at org.apache.hadoop.ipc.ProtobufRpcEngine$Server.processCall(ProtobufRpcEngine.java:484) [hadoop-common-3.3.6.jar:?]
	at org.apache.hadoop.ipc.ProtobufRpcEngine2$Server$ProtoBufRpcInvoker.call(ProtobufRpcEngine2.java:595) [hadoop-common-3.3.6.jar:?]
	at org.apache.hadoop.ipc.ProtobufRpcEngine2$Server$ProtoBufRpcInvoker.call(ProtobufRpcEngine2.java:573) [hadoop-common-3.3.6.jar:?]
	at org.apache.hadoop.ipc.RPC$Server.call(RPC.java:1227) [hadoop-common-3.3.6.jar:?]
	at org.apache.hadoop.ipc.Server$RpcCall.run(Server.java:1094) [hadoop-common-3.3.6.jar:?]
	at org.apache.hadoop.ipc.Server$RpcCall.run(Server.java:1017) [hadoop-common-3.3.6.jar:?]
	at java.security.AccessController.doPrivileged(Native Method) ~[?:1.8.0_392]
	at javax.security.auth.Subject.doAs(Subject.java:422) [?:1.8.0_392]
	at org.apache.hadoop.security.UserGroupInformation.doAs(UserGroupInformation.java:1899) [hadoop-common-3.3.6.jar:?]
	at org.apache.hadoop.ipc.Server$Handler.run(Server.java:3048) [hadoop-common-3.3.6.jar:?]
14:17:42.465 [IPC Server handler 19 on default port 15057] ERROR OMAudit - user=runner | ip=127.0.0.1 | op=GET_FILE_STATUS {volume=volume48931, bucket=bucket54568, key=testBatchDelete/parent/childFolder/child1, dataSize=0, replicationConfig=null} | ret=FAILURE
org.apache.hadoop.ozone.om.exceptions.OMException: Unable to get file status: volume: volume48931 bucket: bucket54568 key: testBatchDelete/parent/childFolder/child1
	at org.apache.hadoop.ozone.om.KeyManagerImpl.getOzoneFileStatusFSO(KeyManagerImpl.java:1356) ~[ozone-manager-1.4.0-SNAPSHOT.jar:?]
	at org.apache.hadoop.ozone.om.KeyManagerImpl.getFileStatus(KeyManagerImpl.java:1140) ~[ozone-manager-1.4.0-SNAPSHOT.jar:?]
	at org.apache.hadoop.ozone.om.OmMetadataReader.getFileStatus(OmMetadataReader.java:279) ~[ozone-manager-1.4.0-SNAPSHOT.jar:?]
	at org.apache.hadoop.ozone.om.OzoneManager.getFileStatus(OzoneManager.java:3629) ~[ozone-manager-1.4.0-SNAPSHOT.jar:?]
	at org.apache.hadoop.ozone.protocolPB.OzoneManagerRequestHandler.getOzoneFileStatus(OzoneManagerRequestHandler.java:1010) ~[ozone-manager-1.4.0-SNAPSHOT.jar:?]
	at org.apache.hadoop.ozone.protocolPB.OzoneManagerRequestHandler.handleReadRequest(OzoneManagerRequestHandler.java:262) ~[ozone-manager-1.4.0-SNAPSHOT.jar:?]
	at org.apache.hadoop.ozone.protocolPB.OzoneManagerProtocolServerSideTranslatorPB.submitRequestDirectlyToOM(OzoneManagerProtocolServerSideTranslatorPB.java:319) ~[ozone-manager-1.4.0-SNAPSHOT.jar:?]
	at org.apache.hadoop.ozone.protocolPB.OzoneManagerProtocolServerSideTranslatorPB.internalProcessRequest(OzoneManagerProtocolServerSideTranslatorPB.java:207) ~[ozone-manager-1.4.0-SNAPSHOT.jar:?]
	at org.apache.hadoop.ozone.protocolPB.OzoneManagerProtocolServerSideTranslatorPB.processRequest(OzoneManagerProtocolServerSideTranslatorPB.java:171) ~[ozone-manager-1.4.0-SNAPSHOT.jar:?]
	at org.apache.hadoop.hdds.server.OzoneProtocolMessageDispatcher.processRequest(OzoneProtocolMessageDispatcher.java:89) [hdds-server-framework-1.4.0-SNAPSHOT.jar:?]
	at org.apache.hadoop.ozone.protocolPB.OzoneManagerProtocolServerSideTranslatorPB.submitRequest(OzoneManagerProtocolServerSideTranslatorPB.java:162) [ozone-manager-1.4.0-SNAPSHOT.jar:?]
	at org.apache.hadoop.ozone.protocol.proto.OzoneManagerProtocolProtos$OzoneManagerService$2.callBlockingMethod(OzoneManagerProtocolProtos.java) [ozone-interface-client-1.4.0-SNAPSHOT.jar:?]
	at org.apache.hadoop.ipc.ProtobufRpcEngine$Server.processCall(ProtobufRpcEngine.java:484) [hadoop-common-3.3.6.jar:?]
	at org.apache.hadoop.ipc.ProtobufRpcEngine2$Server$ProtoBufRpcInvoker.call(ProtobufRpcEngine2.java:595) [hadoop-common-3.3.6.jar:?]
	at org.apache.hadoop.ipc.ProtobufRpcEngine2$Server$ProtoBufRpcInvoker.call(ProtobufRpcEngine2.java:573) [hadoop-common-3.3.6.jar:?]
	at org.apache.hadoop.ipc.RPC$Server.call(RPC.java:1227) [hadoop-common-3.3.6.jar:?]
	at org.apache.hadoop.ipc.Server$RpcCall.run(Server.java:1094) [hadoop-common-3.3.6.jar:?]
	at org.apache.hadoop.ipc.Server$RpcCall.run(Server.java:1017) [hadoop-common-3.3.6.jar:?]
	at java.security.AccessController.doPrivileged(Native Method) ~[?:1.8.0_392]
	at javax.security.auth.Subject.doAs(Subject.java:422) [?:1.8.0_392]
	at org.apache.hadoop.security.UserGroupInformation.doAs(UserGroupInformation.java:1899) [hadoop-common-3.3.6.jar:?]
	at org.apache.hadoop.ipc.Server$Handler.run(Server.java:3048) [hadoop-common-3.3.6.jar:?]
14:17:42.466 [IPC Server handler 0 on default port 15057] ERROR OMAudit - user=runner | ip=127.0.0.1 | op=GET_FILE_STATUS {volume=volume48931, bucket=bucket54568, key=testBatchDelete/parent/child2, dataSize=0, replicationConfig=null} | ret=FAILURE
org.apache.hadoop.ozone.om.exceptions.OMException: Unable to get file status: volume: volume48931 bucket: bucket54568 key: testBatchDelete/parent/child2
	at org.apache.hadoop.ozone.om.KeyManagerImpl.getOzoneFileStatusFSO(KeyManagerImpl.java:1356) ~[ozone-manager-1.4.0-SNAPSHOT.jar:?]
	at org.apache.hadoop.ozone.om.KeyManagerImpl.getFileStatus(KeyManagerImpl.java:1140) ~[ozone-manager-1.4.0-SNAPSHOT.jar:?]
	at org.apache.hadoop.ozone.om.OmMetadataReader.getFileStatus(OmMetadataReader.java:279) ~[ozone-manager-1.4.0-SNAPSHOT.jar:?]
	at org.apache.hadoop.ozone.om.OzoneManager.getFileStatus(OzoneManager.java:3629) ~[ozone-manager-1.4.0-SNAPSHOT.jar:?]
	at org.apache.hadoop.ozone.protocolPB.OzoneManagerRequestHandler.getOzoneFileStatus(OzoneManagerRequestHandler.java:1010) ~[ozone-manager-1.4.0-SNAPSHOT.jar:?]
	at org.apache.hadoop.ozone.protocolPB.OzoneManagerRequestHandler.handleReadRequest(OzoneManagerRequestHandler.java:262) ~[ozone-manager-1.4.0-SNAPSHOT.jar:?]
	at org.apache.hadoop.ozone.protocolPB.OzoneManagerProtocolServerSideTranslatorPB.submitRequestDirectlyToOM(OzoneManagerProtocolServerSideTranslatorPB.java:319) ~[ozone-manager-1.4.0-SNAPSHOT.jar:?]
	at org.apache.hadoop.ozone.protocolPB.OzoneManagerProtocolServerSideTranslatorPB.internalProcessRequest(OzoneManagerProtocolServerSideTranslatorPB.java:207) ~[ozone-manager-1.4.0-SNAPSHOT.jar:?]
	at org.apache.hadoop.ozone.protocolPB.OzoneManagerProtocolServerSideTranslatorPB.processRequest(OzoneManagerProtocolServerSideTranslatorPB.java:171) ~[ozone-manager-1.4.0-SNAPSHOT.jar:?]
	at org.apache.hadoop.hdds.server.OzoneProtocolMessageDispatcher.processRequest(OzoneProtocolMessageDispatcher.java:89) [hdds-server-framework-1.4.0-SNAPSHOT.jar:?]
	at org.apache.hadoop.ozone.protocolPB.OzoneManagerProtocolServerSideTranslatorPB.submitRequest(OzoneManagerProtocolServerSideTranslatorPB.java:162) [ozone-manager-1.4.0-SNAPSHOT.jar:?]
	at org.apache.hadoop.ozone.protocol.proto.OzoneManagerProtocolProtos$OzoneManagerService$2.callBlockingMethod(OzoneManagerProtocolProtos.java) [ozone-interface-client-1.4.0-SNAPSHOT.jar:?]
	at org.apache.hadoop.ipc.ProtobufRpcEngine$Server.processCall(ProtobufRpcEngine.java:484) [hadoop-common-3.3.6.jar:?]
	at org.apache.hadoop.ipc.ProtobufRpcEngine2$Server$ProtoBufRpcInvoker.call(ProtobufRpcEngine2.java:595) [hadoop-common-3.3.6.jar:?]
	at org.apache.hadoop.ipc.ProtobufRpcEngine2$Server$ProtoBufRpcInvoker.call(ProtobufRpcEngine2.java:573) [hadoop-common-3.3.6.jar:?]
	at org.apache.hadoop.ipc.RPC$Server.call(RPC.java:1227) [hadoop-common-3.3.6.jar:?]
	at org.apache.hadoop.ipc.Server$RpcCall.run(Server.java:1094) [hadoop-common-3.3.6.jar:?]
	at org.apache.hadoop.ipc.Server$RpcCall.run(Server.java:1017) [hadoop-common-3.3.6.jar:?]
	at java.security.AccessController.doPrivileged(Native Method) ~[?:1.8.0_392]
	at javax.security.auth.Subject.doAs(Subject.java:422) [?:1.8.0_392]
	at org.apache.hadoop.security.UserGroupInformation.doAs(UserGroupInformation.java:1899) [hadoop-common-3.3.6.jar:?]
	at org.apache.hadoop.ipc.Server$Handler.run(Server.java:3048) [hadoop-common-3.3.6.jar:?]
14:17:42.467 [IPC Server handler 1 on default port 15057] ERROR OMAudit - user=runner | ip=127.0.0.1 | op=GET_FILE_STATUS {volume=volume48931, bucket=bucket54568, key=testBatchDelete/parent/childFolder/child2, dataSize=0, replicationConfig=null} | ret=FAILURE
org.apache.hadoop.ozone.om.exceptions.OMException: Unable to get file status: volume: volume48931 bucket: bucket54568 key: testBatchDelete/parent/childFolder/child2
	at org.apache.hadoop.ozone.om.KeyManagerImpl.getOzoneFileStatusFSO(KeyManagerImpl.java:1356) ~[ozone-manager-1.4.0-SNAPSHOT.jar:?]
	at org.apache.hadoop.ozone.om.KeyManagerImpl.getFileStatus(KeyManagerImpl.java:1140) ~[ozone-manager-1.4.0-SNAPSHOT.jar:?]
	at org.apache.hadoop.ozone.om.OmMetadataReader.getFileStatus(OmMetadataReader.java:279) ~[ozone-manager-1.4.0-SNAPSHOT.jar:?]
	at org.apache.hadoop.ozone.om.OzoneManager.getFileStatus(OzoneManager.java:3629) ~[ozone-manager-1.4.0-SNAPSHOT.jar:?]
	at org.apache.hadoop.ozone.protocolPB.OzoneManagerRequestHandler.getOzoneFileStatus(OzoneManagerRequestHandler.java:1010) ~[ozone-manager-1.4.0-SNAPSHOT.jar:?]
	at org.apache.hadoop.ozone.protocolPB.OzoneManagerRequestHandler.handleReadRequest(OzoneManagerRequestHandler.java:262) ~[ozone-manager-1.4.0-SNAPSHOT.jar:?]
	at org.apache.hadoop.ozone.protocolPB.OzoneManagerProtocolServerSideTranslatorPB.submitRequestDirectlyToOM(OzoneManagerProtocolServerSideTranslatorPB.java:319) ~[ozone-manager-1.4.0-SNAPSHOT.jar:?]
	at org.apache.hadoop.ozone.protocolPB.OzoneManagerProtocolServerSideTranslatorPB.internalProcessRequest(OzoneManagerProtocolServerSideTranslatorPB.java:207) ~[ozone-manager-1.4.0-SNAPSHOT.jar:?]
	at org.apache.hadoop.ozone.protocolPB.OzoneManagerProtocolServerSideTranslatorPB.processRequest(OzoneManagerProtocolServerSideTranslatorPB.java:171) ~[ozone-manager-1.4.0-SNAPSHOT.jar:?]
	at org.apache.hadoop.hdds.server.OzoneProtocolMessageDispatcher.processRequest(OzoneProtocolMessageDispatcher.java:89) [hdds-server-framework-1.4.0-SNAPSHOT.jar:?]
	at org.apache.hadoop.ozone.protocolPB.OzoneManagerProtocolServerSideTranslatorPB.submitRequest(OzoneManagerProtocolServerSideTranslatorPB.java:162) [ozone-manager-1.4.0-SNAPSHOT.jar:?]
	at org.apache.hadoop.ozone.protocol.proto.OzoneManagerProtocolProtos$OzoneManagerService$2.callBlockingMethod(OzoneManagerProtocolProtos.java) [ozone-interface-client-1.4.0-SNAPSHOT.jar:?]
	at org.apache.hadoop.ipc.ProtobufRpcEngine$Server.processCall(ProtobufRpcEngine.java:484) [hadoop-common-3.3.6.jar:?]
	at org.apache.hadoop.ipc.ProtobufRpcEngine2$Server$ProtoBufRpcInvoker.call(ProtobufRpcEngine2.java:595) [hadoop-common-3.3.6.jar:?]
	at org.apache.hadoop.ipc.ProtobufRpcEngine2$Server$ProtoBufRpcInvoker.call(ProtobufRpcEngine2.java:573) [hadoop-common-3.3.6.jar:?]
	at org.apache.hadoop.ipc.RPC$Server.call(RPC.java:1227) [hadoop-common-3.3.6.jar:?]
	at org.apache.hadoop.ipc.Server$RpcCall.run(Server.java:1094) [hadoop-common-3.3.6.jar:?]
	at org.apache.hadoop.ipc.Server$RpcCall.run(Server.java:1017) [hadoop-common-3.3.6.jar:?]
	at java.security.AccessController.doPrivileged(Native Method) ~[?:1.8.0_392]
	at javax.security.auth.Subject.doAs(Subject.java:422) [?:1.8.0_392]
	at org.apache.hadoop.security.UserGroupInformation.doAs(UserGroupInformation.java:1899) [hadoop-common-3.3.6.jar:?]
	at org.apache.hadoop.ipc.Server$Handler.run(Server.java:3048) [hadoop-common-3.3.6.jar:?]
14:17:42.468 [IPC Server handler 2 on default port 15057] ERROR OMAudit - user=runner | ip=127.0.0.1 | op=GET_FILE_STATUS {volume=volume48931, bucket=bucket54568, key=testBatchDelete/parent/child3, dataSize=0, replicationConfig=null} | ret=FAILURE
org.apache.hadoop.ozone.om.exceptions.OMException: Unable to get file status: volume: volume48931 bucket: bucket54568 key: testBatchDelete/parent/child3
	at org.apache.hadoop.ozone.om.KeyManagerImpl.getOzoneFileStatusFSO(KeyManagerImpl.java:1356) ~[ozone-manager-1.4.0-SNAPSHOT.jar:?]
	at org.apache.hadoop.ozone.om.KeyManagerImpl.getFileStatus(KeyManagerImpl.java:1140) ~[ozone-manager-1.4.0-SNAPSHOT.jar:?]
	at org.apache.hadoop.ozone.om.OmMetadataReader.getFileStatus(OmMetadataReader.java:279) ~[ozone-manager-1.4.0-SNAPSHOT.jar:?]
	at org.apache.hadoop.ozone.om.OzoneManager.getFileStatus(OzoneManager.java:3629) ~[ozone-manager-1.4.0-SNAPSHOT.jar:?]
	at org.apache.hadoop.ozone.protocolPB.OzoneManagerRequestHandler.getOzoneFileStatus(OzoneManagerRequestHandler.java:1010) ~[ozone-manager-1.4.0-SNAPSHOT.jar:?]
	at org.apache.hadoop.ozone.protocolPB.OzoneManagerRequestHandler.handleReadRequest(OzoneManagerRequestHandler.java:262) ~[ozone-manager-1.4.0-SNAPSHOT.jar:?]
	at org.apache.hadoop.ozone.protocolPB.OzoneManagerProtocolServerSideTranslatorPB.submitRequestDirectlyToOM(OzoneManagerProtocolServerSideTranslatorPB.java:319) ~[ozone-manager-1.4.0-SNAPSHOT.jar:?]
	at org.apache.hadoop.ozone.protocolPB.OzoneManagerProtocolServerSideTranslatorPB.internalProcessRequest(OzoneManagerProtocolServerSideTranslatorPB.java:207) ~[ozone-manager-1.4.0-SNAPSHOT.jar:?]
	at org.apache.hadoop.ozone.protocolPB.OzoneManagerProtocolServerSideTranslatorPB.processRequest(OzoneManagerProtocolServerSideTranslatorPB.java:171) ~[ozone-manager-1.4.0-SNAPSHOT.jar:?]
	at org.apache.hadoop.hdds.server.OzoneProtocolMessageDispatcher.processRequest(OzoneProtocolMessageDispatcher.java:89) [hdds-server-framework-1.4.0-SNAPSHOT.jar:?]
	at org.apache.hadoop.ozone.protocolPB.OzoneManagerProtocolServerSideTranslatorPB.submitRequest(OzoneManagerProtocolServerSideTranslatorPB.java:162) [ozone-manager-1.4.0-SNAPSHOT.jar:?]
	at org.apache.hadoop.ozone.protocol.proto.OzoneManagerProtocolProtos$OzoneManagerService$2.callBlockingMethod(OzoneManagerProtocolProtos.java) [ozone-interface-client-1.4.0-SNAPSHOT.jar:?]
	at org.apache.hadoop.ipc.ProtobufRpcEngine$Server.processCall(ProtobufRpcEngine.java:484) [hadoop-common-3.3.6.jar:?]
	at org.apache.hadoop.ipc.ProtobufRpcEngine2$Server$ProtoBufRpcInvoker.call(ProtobufRpcEngine2.java:595) [hadoop-common-3.3.6.jar:?]
	at org.apache.hadoop.ipc.ProtobufRpcEngine2$Server$ProtoBufRpcInvoker.call(ProtobufRpcEngine2.java:573) [hadoop-common-3.3.6.jar:?]
	at org.apache.hadoop.ipc.RPC$Server.call(RPC.java:1227) [hadoop-common-3.3.6.jar:?]
	at org.apache.hadoop.ipc.Server$RpcCall.run(Server.java:1094) [hadoop-common-3.3.6.jar:?]
	at org.apache.hadoop.ipc.Server$RpcCall.run(Server.java:1017) [hadoop-common-3.3.6.jar:?]
	at java.security.AccessController.doPrivileged(Native Method) ~[?:1.8.0_392]
	at javax.security.auth.Subject.doAs(Subject.java:422) [?:1.8.0_392]
	at org.apache.hadoop.security.UserGroupInformation.doAs(UserGroupInformation.java:1899) [hadoop-common-3.3.6.jar:?]
	at org.apache.hadoop.ipc.Server$Handler.run(Server.java:3048) [hadoop-common-3.3.6.jar:?]
14:17:42.469 [IPC Server handler 3 on default port 15057] ERROR OMAudit - user=runner | ip=127.0.0.1 | op=GET_FILE_STATUS {volume=volume48931, bucket=bucket54568, key=testBatchDelete/parent/childFolder/child3, dataSize=0, replicationConfig=null} | ret=FAILURE
org.apache.hadoop.ozone.om.exceptions.OMException: Unable to get file status: volume: volume48931 bucket: bucket54568 key: testBatchDelete/parent/childFolder/child3
	at org.apache.hadoop.ozone.om.KeyManagerImpl.getOzoneFileStatusFSO(KeyManagerImpl.java:1356) ~[ozone-manager-1.4.0-SNAPSHOT.jar:?]
	at org.apache.hadoop.ozone.om.KeyManagerImpl.getFileStatus(KeyManagerImpl.java:1140) ~[ozone-manager-1.4.0-SNAPSHOT.jar:?]
	at org.apache.hadoop.ozone.om.OmMetadataReader.getFileStatus(OmMetadataReader.java:279) ~[ozone-manager-1.4.0-SNAPSHOT.jar:?]
	at org.apache.hadoop.ozone.om.OzoneManager.getFileStatus(OzoneManager.java:3629) ~[ozone-manager-1.4.0-SNAPSHOT.jar:?]
	at org.apache.hadoop.ozone.protocolPB.OzoneManagerRequestHandler.getOzoneFileStatus(OzoneManagerRequestHandler.java:1010) ~[ozone-manager-1.4.0-SNAPSHOT.jar:?]
	at org.apache.hadoop.ozone.protocolPB.OzoneManagerRequestHandler.handleReadRequest(OzoneManagerRequestHandler.java:262) ~[ozone-manager-1.4.0-SNAPSHOT.jar:?]
	at org.apache.hadoop.ozone.protocolPB.OzoneManagerProtocolServerSideTranslatorPB.submitRequestDirectlyToOM(OzoneManagerProtocolServerSideTranslatorPB.java:319) ~[ozone-manager-1.4.0-SNAPSHOT.jar:?]
	at org.apache.hadoop.ozone.protocolPB.OzoneManagerProtocolServerSideTranslatorPB.internalProcessRequest(OzoneManagerProtocolServerSideTranslatorPB.java:207) ~[ozone-manager-1.4.0-SNAPSHOT.jar:?]
	at org.apache.hadoop.ozone.protocolPB.OzoneManagerProtocolServerSideTranslatorPB.processRequest(OzoneManagerProtocolServerSideTranslatorPB.java:171) ~[ozone-manager-1.4.0-SNAPSHOT.jar:?]
	at org.apache.hadoop.hdds.server.OzoneProtocolMessageDispatcher.processRequest(OzoneProtocolMessageDispatcher.java:89) [hdds-server-framework-1.4.0-SNAPSHOT.jar:?]
	at org.apache.hadoop.ozone.protocolPB.OzoneManagerProtocolServerSideTranslatorPB.submitRequest(OzoneManagerProtocolServerSideTranslatorPB.java:162) [ozone-manager-1.4.0-SNAPSHOT.jar:?]
	at org.apache.hadoop.ozone.protocol.proto.OzoneManagerProtocolProtos$OzoneManagerService$2.callBlockingMethod(OzoneManagerProtocolProtos.java) [ozone-interface-client-1.4.0-SNAPSHOT.jar:?]
	at org.apache.hadoop.ipc.ProtobufRpcEngine$Server.processCall(ProtobufRpcEngine.java:484) [hadoop-common-3.3.6.jar:?]
	at org.apache.hadoop.ipc.ProtobufRpcEngine2$Server$ProtoBufRpcInvoker.call(ProtobufRpcEngine2.java:595) [hadoop-common-3.3.6.jar:?]
	at org.apache.hadoop.ipc.ProtobufRpcEngine2$Server$ProtoBufRpcInvoker.call(ProtobufRpcEngine2.java:573) [hadoop-common-3.3.6.jar:?]
	at org.apache.hadoop.ipc.RPC$Server.call(RPC.java:1227) [hadoop-common-3.3.6.jar:?]
	at org.apache.hadoop.ipc.Server$RpcCall.run(Server.java:1094) [hadoop-common-3.3.6.jar:?]
	at org.apache.hadoop.ipc.Server$RpcCall.run(Server.java:1017) [hadoop-common-3.3.6.jar:?]
	at java.security.AccessController.doPrivileged(Native Method) ~[?:1.8.0_392]
	at javax.security.auth.Subject.doAs(Subject.java:422) [?:1.8.0_392]
	at org.apache.hadoop.security.UserGroupInformation.doAs(UserGroupInformation.java:1899) [hadoop-common-3.3.6.jar:?]
	at org.apache.hadoop.ipc.Server$Handler.run(Server.java:3048) [hadoop-common-3.3.6.jar:?]
14:17:42.470 [IPC Server handler 4 on default port 15057] ERROR OMAudit - user=runner | ip=127.0.0.1 | op=GET_FILE_STATUS {volume=volume48931, bucket=bucket54568, key=testBatchDelete/parent/child4, dataSize=0, replicationConfig=null} | ret=FAILURE
org.apache.hadoop.ozone.om.exceptions.OMException: Unable to get file status: volume: volume48931 bucket: bucket54568 key: testBatchDelete/parent/child4
	at org.apache.hadoop.ozone.om.KeyManagerImpl.getOzoneFileStatusFSO(KeyManagerImpl.java:1356) ~[ozone-manager-1.4.0-SNAPSHOT.jar:?]
	at org.apache.hadoop.ozone.om.KeyManagerImpl.getFileStatus(KeyManagerImpl.java:1140) ~[ozone-manager-1.4.0-SNAPSHOT.jar:?]
	at org.apache.hadoop.ozone.om.OmMetadataReader.getFileStatus(OmMetadataReader.java:279) ~[ozone-manager-1.4.0-SNAPSHOT.jar:?]
	at org.apache.hadoop.ozone.om.OzoneManager.getFileStatus(OzoneManager.java:3629) ~[ozone-manager-1.4.0-SNAPSHOT.jar:?]
	at org.apache.hadoop.ozone.protocolPB.OzoneManagerRequestHandler.getOzoneFileStatus(OzoneManagerRequestHandler.java:1010) ~[ozone-manager-1.4.0-SNAPSHOT.jar:?]
	at org.apache.hadoop.ozone.protocolPB.OzoneManagerRequestHandler.handleReadRequest(OzoneManagerRequestHandler.java:262) ~[ozone-manager-1.4.0-SNAPSHOT.jar:?]
	at org.apache.hadoop.ozone.protocolPB.OzoneManagerProtocolServerSideTranslatorPB.submitRequestDirectlyToOM(OzoneManagerProtocolServerSideTranslatorPB.java:319) ~[ozone-manager-1.4.0-SNAPSHOT.jar:?]
	at org.apache.hadoop.ozone.protocolPB.OzoneManagerProtocolServerSideTranslatorPB.internalProcessRequest(OzoneManagerProtocolServerSideTranslatorPB.java:207) ~[ozone-manager-1.4.0-SNAPSHOT.jar:?]
	at org.apache.hadoop.ozone.protocolPB.OzoneManagerProtocolServerSideTranslatorPB.processRequest(OzoneManagerProtocolServerSideTranslatorPB.java:171) ~[ozone-manager-1.4.0-SNAPSHOT.jar:?]
	at org.apache.hadoop.hdds.server.OzoneProtocolMessageDispatcher.processRequest(OzoneProtocolMessageDispatcher.java:89) [hdds-server-framework-1.4.0-SNAPSHOT.jar:?]
	at org.apache.hadoop.ozone.protocolPB.OzoneManagerProtocolServerSideTranslatorPB.submitRequest(OzoneManagerProtocolServerSideTranslatorPB.java:162) [ozone-manager-1.4.0-SNAPSHOT.jar:?]
	at org.apache.hadoop.ozone.protocol.proto.OzoneManagerProtocolProtos$OzoneManagerService$2.callBlockingMethod(OzoneManagerProtocolProtos.java) [ozone-interface-client-1.4.0-SNAPSHOT.jar:?]
	at org.apache.hadoop.ipc.ProtobufRpcEngine$Server.processCall(ProtobufRpcEngine.java:484) [hadoop-common-3.3.6.jar:?]
	at org.apache.hadoop.ipc.ProtobufRpcEngine2$Server$ProtoBufRpcInvoker.call(ProtobufRpcEngine2.java:595) [hadoop-common-3.3.6.jar:?]
	at org.apache.hadoop.ipc.ProtobufRpcEngine2$Server$ProtoBufRpcInvoker.call(ProtobufRpcEngine2.java:573) [hadoop-common-3.3.6.jar:?]
	at org.apache.hadoop.ipc.RPC$Server.call(RPC.java:1227) [hadoop-common-3.3.6.jar:?]
	at org.apache.hadoop.ipc.Server$RpcCall.run(Server.java:1094) [hadoop-common-3.3.6.jar:?]
	at org.apache.hadoop.ipc.Server$RpcCall.run(Server.java:1017) [hadoop-common-3.3.6.jar:?]
	at java.security.AccessController.doPrivileged(Native Method) ~[?:1.8.0_392]
	at javax.security.auth.Subject.doAs(Subject.java:422) [?:1.8.0_392]
	at org.apache.hadoop.security.UserGroupInformation.doAs(UserGroupInformation.java:1899) [hadoop-common-3.3.6.jar:?]
	at org.apache.hadoop.ipc.Server$Handler.run(Server.java:3048) [hadoop-common-3.3.6.jar:?]
14:17:42.471 [IPC Server handler 5 on default port 15057] ERROR OMAudit - user=runner | ip=127.0.0.1 | op=GET_FILE_STATUS {volume=volume48931, bucket=bucket54568, key=testBatchDelete/parent/childFolder/child4, dataSize=0, replicationConfig=null} | ret=FAILURE
org.apache.hadoop.ozone.om.exceptions.OMException: Unable to get file status: volume: volume48931 bucket: bucket54568 key: testBatchDelete/parent/childFolder/child4
	at org.apache.hadoop.ozone.om.KeyManagerImpl.getOzoneFileStatusFSO(KeyManagerImpl.java:1356) ~[ozone-manager-1.4.0-SNAPSHOT.jar:?]
	at org.apache.hadoop.ozone.om.KeyManagerImpl.getFileStatus(KeyManagerImpl.java:1140) ~[ozone-manager-1.4.0-SNAPSHOT.jar:?]
	at org.apache.hadoop.ozone.om.OmMetadataReader.getFileStatus(OmMetadataReader.java:279) ~[ozone-manager-1.4.0-SNAPSHOT.jar:?]
	at org.apache.hadoop.ozone.om.OzoneManager.getFileStatus(OzoneManager.java:3629) ~[ozone-manager-1.4.0-SNAPSHOT.jar:?]
	at org.apache.hadoop.ozone.protocolPB.OzoneManagerRequestHandler.getOzoneFileStatus(OzoneManagerRequestHandler.java:1010) ~[ozone-manager-1.4.0-SNAPSHOT.jar:?]
	at org.apache.hadoop.ozone.protocolPB.OzoneManagerRequestHandler.handleReadRequest(OzoneManagerRequestHandler.java:262) ~[ozone-manager-1.4.0-SNAPSHOT.jar:?]
	at org.apache.hadoop.ozone.protocolPB.OzoneManagerProtocolServerSideTranslatorPB.submitRequestDirectlyToOM(OzoneManagerProtocolServerSideTranslatorPB.java:319) ~[ozone-manager-1.4.0-SNAPSHOT.jar:?]
	at org.apache.hadoop.ozone.protocolPB.OzoneManagerProtocolServerSideTranslatorPB.internalProcessRequest(OzoneManagerProtocolServerSideTranslatorPB.java:207) ~[ozone-manager-1.4.0-SNAPSHOT.jar:?]
	at org.apache.hadoop.ozone.protocolPB.OzoneManagerProtocolServerSideTranslatorPB.processRequest(OzoneManagerProtocolServerSideTranslatorPB.java:171) ~[ozone-manager-1.4.0-SNAPSHOT.jar:?]
	at org.apache.hadoop.hdds.server.OzoneProtocolMessageDispatcher.processRequest(OzoneProtocolMessageDispatcher.java:89) [hdds-server-framework-1.4.0-SNAPSHOT.jar:?]
	at org.apache.hadoop.ozone.protocolPB.OzoneManagerProtocolServerSideTranslatorPB.submitRequest(OzoneManagerProtocolServerSideTranslatorPB.java:162) [ozone-manager-1.4.0-SNAPSHOT.jar:?]
	at org.apache.hadoop.ozone.protocol.proto.OzoneManagerProtocolProtos$OzoneManagerService$2.callBlockingMethod(OzoneManagerProtocolProtos.java) [ozone-interface-client-1.4.0-SNAPSHOT.jar:?]
	at org.apache.hadoop.ipc.ProtobufRpcEngine$Server.processCall(ProtobufRpcEngine.java:484) [hadoop-common-3.3.6.jar:?]
	at org.apache.hadoop.ipc.ProtobufRpcEngine2$Server$ProtoBufRpcInvoker.call(ProtobufRpcEngine2.java:595) [hadoop-common-3.3.6.jar:?]
	at org.apache.hadoop.ipc.ProtobufRpcEngine2$Server$ProtoBufRpcInvoker.call(ProtobufRpcEngine2.java:573) [hadoop-common-3.3.6.jar:?]
	at org.apache.hadoop.ipc.RPC$Server.call(RPC.java:1227) [hadoop-common-3.3.6.jar:?]
	at org.apache.hadoop.ipc.Server$RpcCall.run(Server.java:1094) [hadoop-common-3.3.6.jar:?]
	at org.apache.hadoop.ipc.Server$RpcCall.run(Server.java:1017) [hadoop-common-3.3.6.jar:?]
	at java.security.AccessController.doPrivileged(Native Method) ~[?:1.8.0_392]
	at javax.security.auth.Subject.doAs(Subject.java:422) [?:1.8.0_392]
	at org.apache.hadoop.security.UserGroupInformation.doAs(UserGroupInformation.java:1899) [hadoop-common-3.3.6.jar:?]
	at org.apache.hadoop.ipc.Server$Handler.run(Server.java:3048) [hadoop-common-3.3.6.jar:?]
14:17:42.472 [IPC Server handler 6 on default port 15057] ERROR OMAudit - user=runner | ip=127.0.0.1 | op=GET_FILE_STATUS {volume=volume48931, bucket=bucket54568, key=testBatchDelete/parent/child5, dataSize=0, replicationConfig=null} | ret=FAILURE
org.apache.hadoop.ozone.om.exceptions.OMException: Unable to get file status: volume: volume48931 bucket: bucket54568 key: testBatchDelete/parent/child5
	at org.apache.hadoop.ozone.om.KeyManagerImpl.getOzoneFileStatusFSO(KeyManagerImpl.java:1356) ~[ozone-manager-1.4.0-SNAPSHOT.jar:?]
	at org.apache.hadoop.ozone.om.KeyManagerImpl.getFileStatus(KeyManagerImpl.java:1140) ~[ozone-manager-1.4.0-SNAPSHOT.jar:?]
	at org.apache.hadoop.ozone.om.OmMetadataReader.getFileStatus(OmMetadataReader.java:279) ~[ozone-manager-1.4.0-SNAPSHOT.jar:?]
	at org.apache.hadoop.ozone.om.OzoneManager.getFileStatus(OzoneManager.java:3629) ~[ozone-manager-1.4.0-SNAPSHOT.jar:?]
	at org.apache.hadoop.ozone.protocolPB.OzoneManagerRequestHandler.getOzoneFileStatus(OzoneManagerRequestHandler.java:1010) ~[ozone-manager-1.4.0-SNAPSHOT.jar:?]
	at org.apache.hadoop.ozone.protocolPB.OzoneManagerRequestHandler.handleReadRequest(OzoneManagerRequestHandler.java:262) ~[ozone-manager-1.4.0-SNAPSHOT.jar:?]
	at org.apache.hadoop.ozone.protocolPB.OzoneManagerProtocolServerSideTranslatorPB.submitRequestDirectlyToOM(OzoneManagerProtocolServerSideTranslatorPB.java:319) ~[ozone-manager-1.4.0-SNAPSHOT.jar:?]
	at org.apache.hadoop.ozone.protocolPB.OzoneManagerProtocolServerSideTranslatorPB.internalProcessRequest(OzoneManagerProtocolServerSideTranslatorPB.java:207) ~[ozone-manager-1.4.0-SNAPSHOT.jar:?]
	at org.apache.hadoop.ozone.protocolPB.OzoneManagerProtocolServerSideTranslatorPB.processRequest(OzoneManagerProtocolServerSideTranslatorPB.java:171) ~[ozone-manager-1.4.0-SNAPSHOT.jar:?]
	at org.apache.hadoop.hdds.server.OzoneProtocolMessageDispatcher.processRequest(OzoneProtocolMessageDispatcher.java:89) [hdds-server-framework-1.4.0-SNAPSHOT.jar:?]
	at org.apache.hadoop.ozone.protocolPB.OzoneManagerProtocolServerSideTranslatorPB.submitRequest(OzoneManagerProtocolServerSideTranslatorPB.java:162) [ozone-manager-1.4.0-SNAPSHOT.jar:?]
	at org.apache.hadoop.ozone.protocol.proto.OzoneManagerProtocolProtos$OzoneManagerService$2.callBlockingMethod(OzoneManagerProtocolProtos.java) [ozone-interface-client-1.4.0-SNAPSHOT.jar:?]
	at org.apache.hadoop.ipc.ProtobufRpcEngine$Server.processCall(ProtobufRpcEngine.java:484) [hadoop-common-3.3.6.jar:?]
	at org.apache.hadoop.ipc.ProtobufRpcEngine2$Server$ProtoBufRpcInvoker.call(ProtobufRpcEngine2.java:595) [hadoop-common-3.3.6.jar:?]
	at org.apache.hadoop.ipc.ProtobufRpcEngine2$Server$ProtoBufRpcInvoker.call(ProtobufRpcEngine2.java:573) [hadoop-common-3.3.6.jar:?]
	at org.apache.hadoop.ipc.RPC$Server.call(RPC.java:1227) [hadoop-common-3.3.6.jar:?]
	at org.apache.hadoop.ipc.Server$RpcCall.run(Server.java:1094) [hadoop-common-3.3.6.jar:?]
	at org.apache.hadoop.ipc.Server$RpcCall.run(Server.java:1017) [hadoop-common-3.3.6.jar:?]
	at java.security.AccessController.doPrivileged(Native Method) ~[?:1.8.0_392]
	at javax.security.auth.Subject.doAs(Subject.java:422) [?:1.8.0_392]
	at org.apache.hadoop.security.UserGroupInformation.doAs(UserGroupInformation.java:1899) [hadoop-common-3.3.6.jar:?]
	at org.apache.hadoop.ipc.Server$Handler.run(Server.java:3048) [hadoop-common-3.3.6.jar:?]
14:17:42.473 [IPC Server handler 7 on default port 15057] ERROR OMAudit - user=runner | ip=127.0.0.1 | op=GET_FILE_STATUS {volume=volume48931, bucket=bucket54568, key=testBatchDelete/parent/childFolder/child5, dataSize=0, replicationConfig=null} | ret=FAILURE
org.apache.hadoop.ozone.om.exceptions.OMException: Unable to get file status: volume: volume48931 bucket: bucket54568 key: testBatchDelete/parent/childFolder/child5
	at org.apache.hadoop.ozone.om.KeyManagerImpl.getOzoneFileStatusFSO(KeyManagerImpl.java:1356) ~[ozone-manager-1.4.0-SNAPSHOT.jar:?]
	at org.apache.hadoop.ozone.om.KeyManagerImpl.getFileStatus(KeyManagerImpl.java:1140) ~[ozone-manager-1.4.0-SNAPSHOT.jar:?]
	at org.apache.hadoop.ozone.om.OmMetadataReader.getFileStatus(OmMetadataReader.java:279) ~[ozone-manager-1.4.0-SNAPSHOT.jar:?]
	at org.apache.hadoop.ozone.om.OzoneManager.getFileStatus(OzoneManager.java:3629) ~[ozone-manager-1.4.0-SNAPSHOT.jar:?]
	at org.apache.hadoop.ozone.protocolPB.OzoneManagerRequestHandler.getOzoneFileStatus(OzoneManagerRequestHandler.java:1010) ~[ozone-manager-1.4.0-SNAPSHOT.jar:?]
	at org.apache.hadoop.ozone.protocolPB.OzoneManagerRequestHandler.handleReadRequest(OzoneManagerRequestHandler.java:262) ~[ozone-manager-1.4.0-SNAPSHOT.jar:?]
	at org.apache.hadoop.ozone.protocolPB.OzoneManagerProtocolServerSideTranslatorPB.submitRequestDirectlyToOM(OzoneManagerProtocolServerSideTranslatorPB.java:319) ~[ozone-manager-1.4.0-SNAPSHOT.jar:?]
	at org.apache.hadoop.ozone.protocolPB.OzoneManagerProtocolServerSideTranslatorPB.internalProcessRequest(OzoneManagerProtocolServerSideTranslatorPB.java:207) ~[ozone-manager-1.4.0-SNAPSHOT.jar:?]
	at org.apache.hadoop.ozone.protocolPB.OzoneManagerProtocolServerSideTranslatorPB.processRequest(OzoneManagerProtocolServerSideTranslatorPB.java:171) ~[ozone-manager-1.4.0-SNAPSHOT.jar:?]
	at org.apache.hadoop.hdds.server.OzoneProtocolMessageDispatcher.processRequest(OzoneProtocolMessageDispatcher.java:89) [hdds-server-framework-1.4.0-SNAPSHOT.jar:?]
	at org.apache.hadoop.ozone.protocolPB.OzoneManagerProtocolServerSideTranslatorPB.submitRequest(OzoneManagerProtocolServerSideTranslatorPB.java:162) [ozone-manager-1.4.0-SNAPSHOT.jar:?]
	at org.apache.hadoop.ozone.protocol.proto.OzoneManagerProtocolProtos$OzoneManagerService$2.callBlockingMethod(OzoneManagerProtocolProtos.java) [ozone-interface-client-1.4.0-SNAPSHOT.jar:?]
	at org.apache.hadoop.ipc.ProtobufRpcEngine$Server.processCall(ProtobufRpcEngine.java:484) [hadoop-common-3.3.6.jar:?]
	at org.apache.hadoop.ipc.ProtobufRpcEngine2$Server$ProtoBufRpcInvoker.call(ProtobufRpcEngine2.java:595) [hadoop-common-3.3.6.jar:?]
	at org.apache.hadoop.ipc.ProtobufRpcEngine2$Server$ProtoBufRpcInvoker.call(ProtobufRpcEngine2.java:573) [hadoop-common-3.3.6.jar:?]
	at org.apache.hadoop.ipc.RPC$Server.call(RPC.java:1227) [hadoop-common-3.3.6.jar:?]
	at org.apache.hadoop.ipc.Server$RpcCall.run(Server.java:1094) [hadoop-common-3.3.6.jar:?]
	at org.apache.hadoop.ipc.Server$RpcCall.run(Server.java:1017) [hadoop-common-3.3.6.jar:?]
	at java.security.AccessController.doPrivileged(Native Method) ~[?:1.8.0_392]
	at javax.security.auth.Subject.doAs(Subject.java:422) [?:1.8.0_392]
	at org.apache.hadoop.security.UserGroupInformation.doAs(UserGroupInformation.java:1899) [hadoop-common-3.3.6.jar:?]
	at org.apache.hadoop.ipc.Server$Handler.run(Server.java:3048) [hadoop-common-3.3.6.jar:?]
14:17:42.474 [IPC Server handler 8 on default port 15057] ERROR OMAudit - user=runner | ip=127.0.0.1 | op=GET_FILE_STATUS {volume=volume48931, bucket=bucket54568, key=testBatchDelete/parent/child6, dataSize=0, replicationConfig=null} | ret=FAILURE
org.apache.hadoop.ozone.om.exceptions.OMException: Unable to get file status: volume: volume48931 bucket: bucket54568 key: testBatchDelete/parent/child6
	at org.apache.hadoop.ozone.om.KeyManagerImpl.getOzoneFileStatusFSO(KeyManagerImpl.java:1356) ~[ozone-manager-1.4.0-SNAPSHOT.jar:?]
	at org.apache.hadoop.ozone.om.KeyManagerImpl.getFileStatus(KeyManagerImpl.java:1140) ~[ozone-manager-1.4.0-SNAPSHOT.jar:?]
	at org.apache.hadoop.ozone.om.OmMetadataReader.getFileStatus(OmMetadataReader.java:279) ~[ozone-manager-1.4.0-SNAPSHOT.jar:?]
	at org.apache.hadoop.ozone.om.OzoneManager.getFileStatus(OzoneManager.java:3629) ~[ozone-manager-1.4.0-SNAPSHOT.jar:?]
	at org.apache.hadoop.ozone.protocolPB.OzoneManagerRequestHandler.getOzoneFileStatus(OzoneManagerRequestHandler.java:1010) ~[ozone-manager-1.4.0-SNAPSHOT.jar:?]
	at org.apache.hadoop.ozone.protocolPB.OzoneManagerRequestHandler.handleReadRequest(OzoneManagerRequestHandler.java:262) ~[ozone-manager-1.4.0-SNAPSHOT.jar:?]
	at org.apache.hadoop.ozone.protocolPB.OzoneManagerProtocolServerSideTranslatorPB.submitRequestDirectlyToOM(OzoneManagerProtocolServerSideTranslatorPB.java:319) ~[ozone-manager-1.4.0-SNAPSHOT.jar:?]
	at org.apache.hadoop.ozone.protocolPB.OzoneManagerProtocolServerSideTranslatorPB.internalProcessRequest(OzoneManagerProtocolServerSideTranslatorPB.java:207) ~[ozone-manager-1.4.0-SNAPSHOT.jar:?]
	at org.apache.hadoop.ozone.protocolPB.OzoneManagerProtocolServerSideTranslatorPB.processRequest(OzoneManagerProtocolServerSideTranslatorPB.java:171) ~[ozone-manager-1.4.0-SNAPSHOT.jar:?]
	at org.apache.hadoop.hdds.server.OzoneProtocolMessageDispatcher.processRequest(OzoneProtocolMessageDispatcher.java:89) [hdds-server-framework-1.4.0-SNAPSHOT.jar:?]
	at org.apache.hadoop.ozone.protocolPB.OzoneManagerProtocolServerSideTranslatorPB.submitRequest(OzoneManagerProtocolServerSideTranslatorPB.java:162) [ozone-manager-1.4.0-SNAPSHOT.jar:?]
	at org.apache.hadoop.ozone.protocol.proto.OzoneManagerProtocolProtos$OzoneManagerService$2.callBlockingMethod(OzoneManagerProtocolProtos.java) [ozone-interface-client-1.4.0-SNAPSHOT.jar:?]
	at org.apache.hadoop.ipc.ProtobufRpcEngine$Server.processCall(ProtobufRpcEngine.java:484) [hadoop-common-3.3.6.jar:?]
	at org.apache.hadoop.ipc.ProtobufRpcEngine2$Server$ProtoBufRpcInvoker.call(ProtobufRpcEngine2.java:595) [hadoop-common-3.3.6.jar:?]
	at org.apache.hadoop.ipc.ProtobufRpcEngine2$Server$ProtoBufRpcInvoker.call(ProtobufRpcEngine2.java:573) [hadoop-common-3.3.6.jar:?]
	at org.apache.hadoop.ipc.RPC$Server.call(RPC.java:1227) [hadoop-common-3.3.6.jar:?]
	at org.apache.hadoop.ipc.Server$RpcCall.run(Server.java:1094) [hadoop-common-3.3.6.jar:?]
	at org.apache.hadoop.ipc.Server$RpcCall.run(Server.java:1017) [hadoop-common-3.3.6.jar:?]
	at java.security.AccessController.doPrivileged(Native Method) ~[?:1.8.0_392]
	at javax.security.auth.Subject.doAs(Subject.java:422) [?:1.8.0_392]
	at org.apache.hadoop.security.UserGroupInformation.doAs(UserGroupInformation.java:1899) [hadoop-common-3.3.6.jar:?]
	at org.apache.hadoop.ipc.Server$Handler.run(Server.java:3048) [hadoop-common-3.3.6.jar:?]
14:17:42.475 [IPC Server handler 9 on default port 15057] ERROR OMAudit - user=runner | ip=127.0.0.1 | op=GET_FILE_STATUS {volume=volume48931, bucket=bucket54568, key=testBatchDelete/parent/childFolder/child6, dataSize=0, replicationConfig=null} | ret=FAILURE
org.apache.hadoop.ozone.om.exceptions.OMException: Unable to get file status: volume: volume48931 bucket: bucket54568 key: testBatchDelete/parent/childFolder/child6
	at org.apache.hadoop.ozone.om.KeyManagerImpl.getOzoneFileStatusFSO(KeyManagerImpl.java:1356) ~[ozone-manager-1.4.0-SNAPSHOT.jar:?]
	at org.apache.hadoop.ozone.om.KeyManagerImpl.getFileStatus(KeyManagerImpl.java:1140) ~[ozone-manager-1.4.0-SNAPSHOT.jar:?]
	at org.apache.hadoop.ozone.om.OmMetadataReader.getFileStatus(OmMetadataReader.java:279) ~[ozone-manager-1.4.0-SNAPSHOT.jar:?]
	at org.apache.hadoop.ozone.om.OzoneManager.getFileStatus(OzoneManager.java:3629) ~[ozone-manager-1.4.0-SNAPSHOT.jar:?]
	at org.apache.hadoop.ozone.protocolPB.OzoneManagerRequestHandler.getOzoneFileStatus(OzoneManagerRequestHandler.java:1010) ~[ozone-manager-1.4.0-SNAPSHOT.jar:?]
	at org.apache.hadoop.ozone.protocolPB.OzoneManagerRequestHandler.handleReadRequest(OzoneManagerRequestHandler.java:262) ~[ozone-manager-1.4.0-SNAPSHOT.jar:?]
	at org.apache.hadoop.ozone.protocolPB.OzoneManagerProtocolServerSideTranslatorPB.submitRequestDirectlyToOM(OzoneManagerProtocolServerSideTranslatorPB.java:319) ~[ozone-manager-1.4.0-SNAPSHOT.jar:?]
	at org.apache.hadoop.ozone.protocolPB.OzoneManagerProtocolServerSideTranslatorPB.internalProcessRequest(OzoneManagerProtocolServerSideTranslatorPB.java:207) ~[ozone-manager-1.4.0-SNAPSHOT.jar:?]
	at org.apache.hadoop.ozone.protocolPB.OzoneManagerProtocolServerSideTranslatorPB.processRequest(OzoneManagerProtocolServerSideTranslatorPB.java:171) ~[ozone-manager-1.4.0-SNAPSHOT.jar:?]
	at org.apache.hadoop.hdds.server.OzoneProtocolMessageDispatcher.processRequest(OzoneProtocolMessageDispatcher.java:89) [hdds-server-framework-1.4.0-SNAPSHOT.jar:?]
	at org.apache.hadoop.ozone.protocolPB.OzoneManagerProtocolServerSideTranslatorPB.submitRequest(OzoneManagerProtocolServerSideTranslatorPB.java:162) [ozone-manager-1.4.0-SNAPSHOT.jar:?]
	at org.apache.hadoop.ozone.protocol.proto.OzoneManagerProtocolProtos$OzoneManagerService$2.callBlockingMethod(OzoneManagerProtocolProtos.java) [ozone-interface-client-1.4.0-SNAPSHOT.jar:?]
	at org.apache.hadoop.ipc.ProtobufRpcEngine$Server.processCall(ProtobufRpcEngine.java:484) [hadoop-common-3.3.6.jar:?]
	at org.apache.hadoop.ipc.ProtobufRpcEngine2$Server$ProtoBufRpcInvoker.call(ProtobufRpcEngine2.java:595) [hadoop-common-3.3.6.jar:?]
	at org.apache.hadoop.ipc.ProtobufRpcEngine2$Server$ProtoBufRpcInvoker.call(ProtobufRpcEngine2.java:573) [hadoop-common-3.3.6.jar:?]
	at org.apache.hadoop.ipc.RPC$Server.call(RPC.java:1227) [hadoop-common-3.3.6.jar:?]
	at org.apache.hadoop.ipc.Server$RpcCall.run(Server.java:1094) [hadoop-common-3.3.6.jar:?]
	at org.apache.hadoop.ipc.Server$RpcCall.run(Server.java:1017) [hadoop-common-3.3.6.jar:?]
	at java.security.AccessController.doPrivileged(Native Method) ~[?:1.8.0_392]
	at javax.security.auth.Subject.doAs(Subject.java:422) [?:1.8.0_392]
	at org.apache.hadoop.security.UserGroupInformation.doAs(UserGroupInformation.java:1899) [hadoop-common-3.3.6.jar:?]
	at org.apache.hadoop.ipc.Server$Handler.run(Server.java:3048) [hadoop-common-3.3.6.jar:?]
14:17:42.477 [IPC Server handler 10 on default port 15057] ERROR OMAudit - user=runner | ip=127.0.0.1 | op=GET_FILE_STATUS {volume=volume48931, bucket=bucket54568, key=testBatchDelete/parent/child7, dataSize=0, replicationConfig=null} | ret=FAILURE
org.apache.hadoop.ozone.om.exceptions.OMException: Unable to get file status: volume: volume48931 bucket: bucket54568 key: testBatchDelete/parent/child7
	at org.apache.hadoop.ozone.om.KeyManagerImpl.getOzoneFileStatusFSO(KeyManagerImpl.java:1356) ~[ozone-manager-1.4.0-SNAPSHOT.jar:?]
	at org.apache.hadoop.ozone.om.KeyManagerImpl.getFileStatus(KeyManagerImpl.java:1140) ~[ozone-manager-1.4.0-SNAPSHOT.jar:?]
	at org.apache.hadoop.ozone.om.OmMetadataReader.getFileStatus(OmMetadataReader.java:279) ~[ozone-manager-1.4.0-SNAPSHOT.jar:?]
	at org.apache.hadoop.ozone.om.OzoneManager.getFileStatus(OzoneManager.java:3629) ~[ozone-manager-1.4.0-SNAPSHOT.jar:?]
	at org.apache.hadoop.ozone.protocolPB.OzoneManagerRequestHandler.getOzoneFileStatus(OzoneManagerRequestHandler.java:1010) ~[ozone-manager-1.4.0-SNAPSHOT.jar:?]
	at org.apache.hadoop.ozone.protocolPB.OzoneManagerRequestHandler.handleReadRequest(OzoneManagerRequestHandler.java:262) ~[ozone-manager-1.4.0-SNAPSHOT.jar:?]
	at org.apache.hadoop.ozone.protocolPB.OzoneManagerProtocolServerSideTranslatorPB.submitRequestDirectlyToOM(OzoneManagerProtocolServerSideTranslatorPB.java:319) ~[ozone-manager-1.4.0-SNAPSHOT.jar:?]
	at org.apache.hadoop.ozone.protocolPB.OzoneManagerProtocolServerSideTranslatorPB.internalProcessRequest(OzoneManagerProtocolServerSideTranslatorPB.java:207) ~[ozone-manager-1.4.0-SNAPSHOT.jar:?]
	at org.apache.hadoop.ozone.protocolPB.OzoneManagerProtocolServerSideTranslatorPB.processRequest(OzoneManagerProtocolServerSideTranslatorPB.java:171) ~[ozone-manager-1.4.0-SNAPSHOT.jar:?]
	at org.apache.hadoop.hdds.server.OzoneProtocolMessageDispatcher.processRequest(OzoneProtocolMessageDispatcher.java:89) [hdds-server-framework-1.4.0-SNAPSHOT.jar:?]
	at org.apache.hadoop.ozone.protocolPB.OzoneManagerProtocolServerSideTranslatorPB.submitRequest(OzoneManagerProtocolServerSideTranslatorPB.java:162) [ozone-manager-1.4.0-SNAPSHOT.jar:?]
	at org.apache.hadoop.ozone.protocol.proto.OzoneManagerProtocolProtos$OzoneManagerService$2.callBlockingMethod(OzoneManagerProtocolProtos.java) [ozone-interface-client-1.4.0-SNAPSHOT.jar:?]
	at org.apache.hadoop.ipc.ProtobufRpcEngine$Server.processCall(ProtobufRpcEngine.java:484) [hadoop-common-3.3.6.jar:?]
	at org.apache.hadoop.ipc.ProtobufRpcEngine2$Server$ProtoBufRpcInvoker.call(ProtobufRpcEngine2.java:595) [hadoop-common-3.3.6.jar:?]
	at org.apache.hadoop.ipc.ProtobufRpcEngine2$Server$ProtoBufRpcInvoker.call(ProtobufRpcEngine2.java:573) [hadoop-common-3.3.6.jar:?]
	at org.apache.hadoop.ipc.RPC$Server.call(RPC.java:1227) [hadoop-common-3.3.6.jar:?]
	at org.apache.hadoop.ipc.Server$RpcCall.run(Server.java:1094) [hadoop-common-3.3.6.jar:?]
	at org.apache.hadoop.ipc.Server$RpcCall.run(Server.java:1017) [hadoop-common-3.3.6.jar:?]
	at java.security.AccessController.doPrivileged(Native Method) ~[?:1.8.0_392]
	at javax.security.auth.Subject.doAs(Subject.java:422) [?:1.8.0_392]
	at org.apache.hadoop.security.UserGroupInformation.doAs(UserGroupInformation.java:1899) [hadoop-common-3.3.6.jar:?]
	at org.apache.hadoop.ipc.Server$Handler.run(Server.java:3048) [hadoop-common-3.3.6.jar:?]
14:17:42.478 [IPC Server handler 11 on default port 15057] ERROR OMAudit - user=runner | ip=127.0.0.1 | op=GET_FILE_STATUS {volume=volume48931, bucket=bucket54568, key=testBatchDelete/parent/childFolder/child7, dataSize=0, replicationConfig=null} | ret=FAILURE
org.apache.hadoop.ozone.om.exceptions.OMException: Unable to get file status: volume: volume48931 bucket: bucket54568 key: testBatchDelete/parent/childFolder/child7
	at org.apache.hadoop.ozone.om.KeyManagerImpl.getOzoneFileStatusFSO(KeyManagerImpl.java:1356) ~[ozone-manager-1.4.0-SNAPSHOT.jar:?]
	at org.apache.hadoop.ozone.om.KeyManagerImpl.getFileStatus(KeyManagerImpl.java:1140) ~[ozone-manager-1.4.0-SNAPSHOT.jar:?]
	at org.apache.hadoop.ozone.om.OmMetadataReader.getFileStatus(OmMetadataReader.java:279) ~[ozone-manager-1.4.0-SNAPSHOT.jar:?]
	at org.apache.hadoop.ozone.om.OzoneManager.getFileStatus(OzoneManager.java:3629) ~[ozone-manager-1.4.0-SNAPSHOT.jar:?]
	at org.apache.hadoop.ozone.protocolPB.OzoneManagerRequestHandler.getOzoneFileStatus(OzoneManagerRequestHandler.java:1010) ~[ozone-manager-1.4.0-SNAPSHOT.jar:?]
	at org.apache.hadoop.ozone.protocolPB.OzoneManagerRequestHandler.handleReadRequest(OzoneManagerRequestHandler.java:262) ~[ozone-manager-1.4.0-SNAPSHOT.jar:?]
	at org.apache.hadoop.ozone.protocolPB.OzoneManagerProtocolServerSideTranslatorPB.submitRequestDirectlyToOM(OzoneManagerProtocolServerSideTranslatorPB.java:319) ~[ozone-manager-1.4.0-SNAPSHOT.jar:?]
	at org.apache.hadoop.ozone.protocolPB.OzoneManagerProtocolServerSideTranslatorPB.internalProcessRequest(OzoneManagerProtocolServerSideTranslatorPB.java:207) ~[ozone-manager-1.4.0-SNAPSHOT.jar:?]
	at org.apache.hadoop.ozone.protocolPB.OzoneManagerProtocolServerSideTranslatorPB.processRequest(OzoneManagerProtocolServerSideTranslatorPB.java:171) ~[ozone-manager-1.4.0-SNAPSHOT.jar:?]
	at org.apache.hadoop.hdds.server.OzoneProtocolMessageDispatcher.processRequest(OzoneProtocolMessageDispatcher.java:89) [hdds-server-framework-1.4.0-SNAPSHOT.jar:?]
	at org.apache.hadoop.ozone.protocolPB.OzoneManagerProtocolServerSideTranslatorPB.submitRequest(OzoneManagerProtocolServerSideTranslatorPB.java:162) [ozone-manager-1.4.0-SNAPSHOT.jar:?]
	at org.apache.hadoop.ozone.protocol.proto.OzoneManagerProtocolProtos$OzoneManagerService$2.callBlockingMethod(OzoneManagerProtocolProtos.java) [ozone-interface-client-1.4.0-SNAPSHOT.jar:?]
	at org.apache.hadoop.ipc.ProtobufRpcEngine$Server.processCall(ProtobufRpcEngine.java:484) [hadoop-common-3.3.6.jar:?]
	at org.apache.hadoop.ipc.ProtobufRpcEngine2$Server$ProtoBufRpcInvoker.call(ProtobufRpcEngine2.java:595) [hadoop-common-3.3.6.jar:?]
	at org.apache.hadoop.ipc.ProtobufRpcEngine2$Server$ProtoBufRpcInvoker.call(ProtobufRpcEngine2.java:573) [hadoop-common-3.3.6.jar:?]
	at org.apache.hadoop.ipc.RPC$Server.call(RPC.java:1227) [hadoop-common-3.3.6.jar:?]
	at org.apache.hadoop.ipc.Server$RpcCall.run(Server.java:1094) [hadoop-common-3.3.6.jar:?]
	at org.apache.hadoop.ipc.Server$RpcCall.run(Server.java:1017) [hadoop-common-3.3.6.jar:?]
	at java.security.AccessController.doPrivileged(Native Method) ~[?:1.8.0_392]
	at javax.security.auth.Subject.doAs(Subject.java:422) [?:1.8.0_392]
	at org.apache.hadoop.security.UserGroupInformation.doAs(UserGroupInformation.java:1899) [hadoop-common-3.3.6.jar:?]
	at org.apache.hadoop.ipc.Server$Handler.run(Server.java:3048) [hadoop-common-3.3.6.jar:?]
14:17:42.479 [IPC Server handler 12 on default port 15057] ERROR OMAudit - user=runner | ip=127.0.0.1 | op=DELETE_KEY {volume=volume48931, bucket=bucket54568, key=testBatchDelete/parent, dataSize=0, replicationType=NONE, replicationFactor=ZERO} | ret=FAILURE
org.apache.hadoop.ozone.om.exceptions.OMException: Unable to get file status: volume: volume48931 bucket: bucket54568 key: testBatchDelete/parent
	at org.apache.hadoop.ozone.om.OzonePrefixPathImpl.<init>(OzonePrefixPathImpl.java:67) ~[ozone-manager-1.4.0-SNAPSHOT.jar:?]
	at org.apache.hadoop.ozone.om.request.OMClientRequest.checkACLsWithFSO(OMClientRequest.java:256) ~[ozone-manager-1.4.0-SNAPSHOT.jar:?]
	at org.apache.hadoop.ozone.om.request.key.OMKeyDeleteRequestWithFSO.validateAndUpdateCache(OMKeyDeleteRequestWithFSO.java:103) ~[ozone-manager-1.4.0-SNAPSHOT.jar:?]
	at org.apache.hadoop.ozone.protocolPB.OzoneManagerRequestHandler.lambda$0(OzoneManagerRequestHandler.java:395) ~[ozone-manager-1.4.0-SNAPSHOT.jar:?]
	at org.apache.hadoop.util.MetricUtil.captureLatencyNs(MetricUtil.java:39) ~[hdds-common-1.4.0-SNAPSHOT.jar:?]
	at org.apache.hadoop.ozone.protocolPB.OzoneManagerRequestHandler.handleWriteRequest(OzoneManagerRequestHandler.java:393) ~[ozone-manager-1.4.0-SNAPSHOT.jar:?]
	at org.apache.hadoop.ozone.protocolPB.OzoneManagerProtocolServerSideTranslatorPB.submitRequestDirectlyToOM(OzoneManagerProtocolServerSideTranslatorPB.java:325) ~[ozone-manager-1.4.0-SNAPSHOT.jar:?]
	at org.apache.hadoop.ozone.protocolPB.OzoneManagerProtocolServerSideTranslatorPB.internalProcessRequest(OzoneManagerProtocolServerSideTranslatorPB.java:207) ~[ozone-manager-1.4.0-SNAPSHOT.jar:?]
	at org.apache.hadoop.ozone.protocolPB.OzoneManagerProtocolServerSideTranslatorPB.processRequest(OzoneManagerProtocolServerSideTranslatorPB.java:171) ~[ozone-manager-1.4.0-SNAPSHOT.jar:?]
	at org.apache.hadoop.hdds.server.OzoneProtocolMessageDispatcher.processRequest(OzoneProtocolMessageDispatcher.java:89) [hdds-server-framework-1.4.0-SNAPSHOT.jar:?]
	at org.apache.hadoop.ozone.protocolPB.OzoneManagerProtocolServerSideTranslatorPB.submitRequest(OzoneManagerProtocolServerSideTranslatorPB.java:162) [ozone-manager-1.4.0-SNAPSHOT.jar:?]
	at org.apache.hadoop.ozone.protocol.proto.OzoneManagerProtocolProtos$OzoneManagerService$2.callBlockingMethod(OzoneManagerProtocolProtos.java) [ozone-interface-client-1.4.0-SNAPSHOT.jar:?]
	at org.apache.hadoop.ipc.ProtobufRpcEngine$Server.processCall(ProtobufRpcEngine.java:484) [hadoop-common-3.3.6.jar:?]
	at org.apache.hadoop.ipc.ProtobufRpcEngine2$Server$ProtoBufRpcInvoker.call(ProtobufRpcEngine2.java:595) [hadoop-common-3.3.6.jar:?]
	at org.apache.hadoop.ipc.ProtobufRpcEngine2$Server$ProtoBufRpcInvoker.call(ProtobufRpcEngine2.java:573) [hadoop-common-3.3.6.jar:?]
	at org.apache.hadoop.ipc.RPC$Server.call(RPC.java:1227) [hadoop-common-3.3.6.jar:?]
	at org.apache.hadoop.ipc.Server$RpcCall.run(Server.java:1094) [hadoop-common-3.3.6.jar:?]
	at org.apache.hadoop.ipc.Server$RpcCall.run(Server.java:1017) [hadoop-common-3.3.6.jar:?]
	at java.security.AccessController.doPrivileged(Native Method) ~[?:1.8.0_392]
	at javax.security.auth.Subject.doAs(Subject.java:422) [?:1.8.0_392]
	at org.apache.hadoop.security.UserGroupInformation.doAs(UserGroupInformation.java:1899) [hadoop-common-3.3.6.jar:?]
	at org.apache.hadoop.ipc.Server$Handler.run(Server.java:3048) [hadoop-common-3.3.6.jar:?]
2023-11-20 14:17:42,480 [IPC Server handler 12 on default port 15057] ERROR key.OMKeyDeleteRequestWithFSO (OMKeyDeleteRequestWithFSO.java:validateAndUpdateCache(205)) - Key delete failed. Volume:volume48931, Bucket:bucket54568, Key:testBatchDelete/parent.
KEY_NOT_FOUND org.apache.hadoop.ozone.om.exceptions.OMException: Unable to get file status: volume: volume48931 bucket: bucket54568 key: testBatchDelete/parent
	at org.apache.hadoop.ozone.om.OzonePrefixPathImpl.<init>(OzonePrefixPathImpl.java:67)
	at org.apache.hadoop.ozone.om.request.OMClientRequest.checkACLsWithFSO(OMClientRequest.java:256)
	at org.apache.hadoop.ozone.om.request.key.OMKeyDeleteRequestWithFSO.validateAndUpdateCache(OMKeyDeleteRequestWithFSO.java:103)
	at org.apache.hadoop.ozone.protocolPB.OzoneManagerRequestHandler.lambda$0(OzoneManagerRequestHandler.java:395)
	at org.apache.hadoop.util.MetricUtil.captureLatencyNs(MetricUtil.java:39)
	at org.apache.hadoop.ozone.protocolPB.OzoneManagerRequestHandler.handleWriteRequest(OzoneManagerRequestHandler.java:393)
	at org.apache.hadoop.ozone.protocolPB.OzoneManagerProtocolServerSideTranslatorPB.submitRequestDirectlyToOM(OzoneManagerProtocolServerSideTranslatorPB.java:325)
	at org.apache.hadoop.ozone.protocolPB.OzoneManagerProtocolServerSideTranslatorPB.internalProcessRequest(OzoneManagerProtocolServerSideTranslatorPB.java:207)
	at org.apache.hadoop.ozone.protocolPB.OzoneManagerProtocolServerSideTranslatorPB.processRequest(OzoneManagerProtocolServerSideTranslatorPB.java:171)
	at org.apache.hadoop.hdds.server.OzoneProtocolMessageDispatcher.processRequest(OzoneProtocolMessageDispatcher.java:89)
	at org.apache.hadoop.ozone.protocolPB.OzoneManagerProtocolServerSideTranslatorPB.submitRequest(OzoneManagerProtocolServerSideTranslatorPB.java:162)
	at org.apache.hadoop.ozone.protocol.proto.OzoneManagerProtocolProtos$OzoneManagerService$2.callBlockingMethod(OzoneManagerProtocolProtos.java)
	at org.apache.hadoop.ipc.ProtobufRpcEngine$Server.processCall(ProtobufRpcEngine.java:484)
	at org.apache.hadoop.ipc.ProtobufRpcEngine2$Server$ProtoBufRpcInvoker.call(ProtobufRpcEngine2.java:595)
	at org.apache.hadoop.ipc.ProtobufRpcEngine2$Server$ProtoBufRpcInvoker.call(ProtobufRpcEngine2.java:573)
	at org.apache.hadoop.ipc.RPC$Server.call(RPC.java:1227)
	at org.apache.hadoop.ipc.Server$RpcCall.run(Server.java:1094)
	at org.apache.hadoop.ipc.Server$RpcCall.run(Server.java:1017)
	at java.security.AccessController.doPrivileged(Native Method)
	at javax.security.auth.Subject.doAs(Subject.java:422)
	at org.apache.hadoop.security.UserGroupInformation.doAs(UserGroupInformation.java:1899)
	at org.apache.hadoop.ipc.Server$Handler.run(Server.java:3048)
2023-11-20 14:17:42,480 [Time-limited test] WARN  ozone.BasicOzoneClientAdapterImpl (BasicOzoneClientAdapterImpl.java:deleteObject(361)) - delete key failed Unable to get file status: volume: volume48931 bucket: bucket54568 key: testBatchDelete/parent
]]></system-out>
  </testcase>
  <testcase name="testListStatusIteratorOnPageSize" classname="TestOzoneFileSystemWithFSO" time="0.199"/>
  <testcase name="testListStatusIteratorOnPageSize" classname="TestOzoneFileSystemWithFSO" time="0.115"/>
  <testcase name="testListStatusWithIntermediateDir" classname="TestOzoneFileSystemWithFSO" time="0">
    <skipped type="org.junit.AssumptionViolatedException"><![CDATA[org.junit.AssumptionViolatedException: got: <true>, expected: is <false>
	at org.junit.Assume.assumeThat(Assume.java:106)
	at org.junit.Assume.assumeFalse(Assume.java:57)
	at org.apache.hadoop.fs.ozone.TestOzoneFileSystem.testListStatusWithIntermediateDir(TestOzoneFileSystem.java:634)
	at sun.reflect.NativeMethodAccessorImpl.invoke0(Native Method)
	at sun.reflect.NativeMethodAccessorImpl.invoke(NativeMethodAccessorImpl.java:62)
	at sun.reflect.DelegatingMethodAccessorImpl.invoke(DelegatingMethodAccessorImpl.java:43)
	at java.lang.reflect.Method.invoke(Method.java:498)
	at org.junit.runners.model.FrameworkMethod$1.runReflectiveCall(FrameworkMethod.java:59)
	at org.junit.internal.runners.model.ReflectiveCallable.run(ReflectiveCallable.java:12)
	at org.junit.runners.model.FrameworkMethod.invokeExplosively(FrameworkMethod.java:56)
	at org.junit.internal.runners.statements.InvokeMethod.evaluate(InvokeMethod.java:17)
	at org.junit.internal.runners.statements.RunAfters.evaluate(RunAfters.java:27)
	at org.junit.internal.runners.statements.FailOnTimeout$CallableStatement.call(FailOnTimeout.java:288)
	at org.junit.internal.runners.statements.FailOnTimeout$CallableStatement.call(FailOnTimeout.java:282)
	at java.util.concurrent.FutureTask.run(FutureTask.java:266)
	at java.lang.Thread.run(Thread.java:750)
]]></skipped>
  </testcase>
  <testcase name="testListStatusWithIntermediateDir" classname="TestOzoneFileSystemWithFSO" time="0">
    <skipped type="org.junit.AssumptionViolatedException"><![CDATA[org.junit.AssumptionViolatedException: got: <true>, expected: is <false>
	at org.junit.Assume.assumeThat(Assume.java:106)
	at org.junit.Assume.assumeFalse(Assume.java:57)
	at org.apache.hadoop.fs.ozone.TestOzoneFileSystem.testListStatusWithIntermediateDir(TestOzoneFileSystem.java:634)
	at sun.reflect.NativeMethodAccessorImpl.invoke0(Native Method)
	at sun.reflect.NativeMethodAccessorImpl.invoke(NativeMethodAccessorImpl.java:62)
	at sun.reflect.DelegatingMethodAccessorImpl.invoke(DelegatingMethodAccessorImpl.java:43)
	at java.lang.reflect.Method.invoke(Method.java:498)
	at org.junit.runners.model.FrameworkMethod$1.runReflectiveCall(FrameworkMethod.java:59)
	at org.junit.internal.runners.model.ReflectiveCallable.run(ReflectiveCallable.java:12)
	at org.junit.runners.model.FrameworkMethod.invokeExplosively(FrameworkMethod.java:56)
	at org.junit.internal.runners.statements.InvokeMethod.evaluate(InvokeMethod.java:17)
	at org.junit.internal.runners.statements.RunAfters.evaluate(RunAfters.java:27)
	at org.junit.internal.runners.statements.FailOnTimeout$CallableStatement.call(FailOnTimeout.java:288)
	at org.junit.internal.runners.statements.FailOnTimeout$CallableStatement.call(FailOnTimeout.java:282)
	at java.util.concurrent.FutureTask.run(FutureTask.java:266)
	at java.lang.Thread.run(Thread.java:750)
]]></skipped>
  </testcase>
  <testcase name="testRenameSourceAndDestinAreSame" classname="TestOzoneFileSystemWithFSO" time="0.016"/>
  <testcase name="testRenameSourceAndDestinAreSame" classname="TestOzoneFileSystemWithFSO" time="0.013"/>
  <testcase name="testListStatusIteratorWithDir" classname="TestOzoneFileSystemWithFSO" time="0.038"/>
  <testcase name="testListStatusIteratorWithDir" classname="TestOzoneFileSystemWithFSO" time="0.027"/>
  <testcase name="testListStatusOnLargeDirectory" classname="TestOzoneFileSystemWithFSO" time="0">
    <skipped type="org.junit.AssumptionViolatedException"><![CDATA[org.junit.AssumptionViolatedException: got: <true>, expected: is <false>
	at org.junit.Assume.assumeThat(Assume.java:106)
	at org.junit.Assume.assumeFalse(Assume.java:57)
	at org.apache.hadoop.fs.ozone.TestOzoneFileSystem.testListStatusOnLargeDirectory(TestOzoneFileSystem.java:737)
	at sun.reflect.NativeMethodAccessorImpl.invoke0(Native Method)
	at sun.reflect.NativeMethodAccessorImpl.invoke(NativeMethodAccessorImpl.java:62)
	at sun.reflect.DelegatingMethodAccessorImpl.invoke(DelegatingMethodAccessorImpl.java:43)
	at java.lang.reflect.Method.invoke(Method.java:498)
	at org.junit.runners.model.FrameworkMethod$1.runReflectiveCall(FrameworkMethod.java:59)
	at org.junit.internal.runners.model.ReflectiveCallable.run(ReflectiveCallable.java:12)
	at org.junit.runners.model.FrameworkMethod.invokeExplosively(FrameworkMethod.java:56)
	at org.junit.internal.runners.statements.InvokeMethod.evaluate(InvokeMethod.java:17)
	at org.junit.internal.runners.statements.RunAfters.evaluate(RunAfters.java:27)
	at org.junit.internal.runners.statements.FailOnTimeout$CallableStatement.call(FailOnTimeout.java:288)
	at org.junit.internal.runners.statements.FailOnTimeout$CallableStatement.call(FailOnTimeout.java:282)
	at java.util.concurrent.FutureTask.run(FutureTask.java:266)
	at java.lang.Thread.run(Thread.java:750)
]]></skipped>
  </testcase>
  <testcase name="testListStatusOnLargeDirectory" classname="TestOzoneFileSystemWithFSO" time="0">
    <skipped type="org.junit.AssumptionViolatedException"><![CDATA[org.junit.AssumptionViolatedException: got: <true>, expected: is <false>
	at org.junit.Assume.assumeThat(Assume.java:106)
	at org.junit.Assume.assumeFalse(Assume.java:57)
	at org.apache.hadoop.fs.ozone.TestOzoneFileSystem.testListStatusOnLargeDirectory(TestOzoneFileSystem.java:737)
	at sun.reflect.NativeMethodAccessorImpl.invoke0(Native Method)
	at sun.reflect.NativeMethodAccessorImpl.invoke(NativeMethodAccessorImpl.java:62)
	at sun.reflect.DelegatingMethodAccessorImpl.invoke(DelegatingMethodAccessorImpl.java:43)
	at java.lang.reflect.Method.invoke(Method.java:498)
	at org.junit.runners.model.FrameworkMethod$1.runReflectiveCall(FrameworkMethod.java:59)
	at org.junit.internal.runners.model.ReflectiveCallable.run(ReflectiveCallable.java:12)
	at org.junit.runners.model.FrameworkMethod.invokeExplosively(FrameworkMethod.java:56)
	at org.junit.internal.runners.statements.InvokeMethod.evaluate(InvokeMethod.java:17)
	at org.junit.internal.runners.statements.RunAfters.evaluate(RunAfters.java:27)
	at org.junit.internal.runners.statements.FailOnTimeout$CallableStatement.call(FailOnTimeout.java:288)
	at org.junit.internal.runners.statements.FailOnTimeout$CallableStatement.call(FailOnTimeout.java:282)
	at java.util.concurrent.FutureTask.run(FutureTask.java:266)
	at java.lang.Thread.run(Thread.java:750)
]]></skipped>
  </testcase>
  <testcase name="testFileSystemDeclaresCapability" classname="TestOzoneFileSystemWithFSO" time="0.003"/>
  <testcase name="testFileSystemDeclaresCapability" classname="TestOzoneFileSystemWithFSO" time="0.003"/>
  <testcase name="testCreateKeyShouldUseRefreshedBucketReplicationConfig" classname="TestOzoneFileSystemWithFSO" time="0.205">
    <system-out><![CDATA[2023-11-20 14:17:16,185 [Time-limited test] INFO  rpc.RpcClient (RpcClient.java:createVolume(464)) - Creating Volume: volume41330, with user24736 as owner and space quota set to -1 bytes, counts quota set to -1
2023-11-20 14:17:16,188 [om1-OMStateMachineApplyTransactionThread - 0] INFO  volume.OMVolumeCreateRequest (OMVolumeCreateRequest.java:validateAndUpdateCache(204)) - created volume:volume41330 for user:user24736
2023-11-20 14:17:16,189 [Time-limited test] INFO  rpc.RpcClient (RpcClient.java:createBucket(691)) - Creating Bucket: volume41330/bucket72866, with bucket layout FILE_SYSTEM_OPTIMIZED, runner as owner, Versioning false, Storage Type set to DISK and Encryption set to false, Replication Type set to server-side default replication type, Namespace Quota set to -1, Space Quota set to -1 
2023-11-20 14:17:16,190 [om1-OMStateMachineApplyTransactionThread - 0] INFO  bucket.OMBucketCreateRequest (OMBucketCreateRequest.java:validateAndUpdateCache(279)) - created bucket: bucket72866 of layout FILE_SYSTEM_OPTIMIZED in volume: volume41330
2023-11-20 14:17:16,230 [IPC Server handler 2 on default port 15001] INFO  algorithms.SCMContainerPlacementRackScatter (SCMContainerPlacementRackScatter.java:chooseDatanodesInternal(370)) - Chosen nodes: [4acbe1c1-18a2-4209-a8df-4dbe8c379458(fv-az1500-317.a2vfemv3ef5etcjjw3rviercvg.cx.internal.cloudapp.net/10.1.0.10), c950ed05-5bc7-49cd-b60c-e9631522e919(fv-az1500-317.a2vfemv3ef5etcjjw3rviercvg.cx.internal.cloudapp.net/10.1.0.10), e744cdee-db3a-4307-a129-877114b2ee40(fv-az1500-317.a2vfemv3ef5etcjjw3rviercvg.cx.internal.cloudapp.net/10.1.0.10), 617fee10-5999-41fc-ba89-05e5beaae1db(fv-az1500-317.a2vfemv3ef5etcjjw3rviercvg.cx.internal.cloudapp.net/10.1.0.10), e3a4102d-65f7-48f2-aab6-9dba3586f78e(fv-az1500-317.a2vfemv3ef5etcjjw3rviercvg.cx.internal.cloudapp.net/10.1.0.10)]. isPolicySatisfied: true.
2023-11-20 14:17:16,232 [IPC Server handler 2 on default port 15001] INFO  pipeline.WritableECContainerProvider (WritableECContainerProvider.java:allocateContainer(211)) - Created and opened new pipeline Pipeline[ Id: e8f81925-7dc8-4b45-8ef1-b2b36e8ff3e7, Nodes: 4acbe1c1-18a2-4209-a8df-4dbe8c379458(fv-az1500-317.a2vfemv3ef5etcjjw3rviercvg.cx.internal.cloudapp.net/10.1.0.10)c950ed05-5bc7-49cd-b60c-e9631522e919(fv-az1500-317.a2vfemv3ef5etcjjw3rviercvg.cx.internal.cloudapp.net/10.1.0.10)e744cdee-db3a-4307-a129-877114b2ee40(fv-az1500-317.a2vfemv3ef5etcjjw3rviercvg.cx.internal.cloudapp.net/10.1.0.10)617fee10-5999-41fc-ba89-05e5beaae1db(fv-az1500-317.a2vfemv3ef5etcjjw3rviercvg.cx.internal.cloudapp.net/10.1.0.10)e3a4102d-65f7-48f2-aab6-9dba3586f78e(fv-az1500-317.a2vfemv3ef5etcjjw3rviercvg.cx.internal.cloudapp.net/10.1.0.10), ReplicationConfig: EC{rs-3-2-1024k}, State:ALLOCATED, leaderId:, CreationTimestamp2023-11-20T14:17:16.231Z[Etc/UTC]]
2023-11-20 14:17:16,267 [Time-limited test] WARN  erasurecode.ErasureCodeNative (ErasureCodeNative.java:<clinit>(55)) - ISA-L support is not available in your platform... using builtin-java codec where applicable
2023-11-20 14:17:16,350 [IPC Server handler 8 on default port 15001] INFO  algorithms.SCMContainerPlacementRackScatter (SCMContainerPlacementRackScatter.java:chooseDatanodesInternal(370)) - Chosen nodes: [617fee10-5999-41fc-ba89-05e5beaae1db(fv-az1500-317.a2vfemv3ef5etcjjw3rviercvg.cx.internal.cloudapp.net/10.1.0.10), c950ed05-5bc7-49cd-b60c-e9631522e919(fv-az1500-317.a2vfemv3ef5etcjjw3rviercvg.cx.internal.cloudapp.net/10.1.0.10), e3a4102d-65f7-48f2-aab6-9dba3586f78e(fv-az1500-317.a2vfemv3ef5etcjjw3rviercvg.cx.internal.cloudapp.net/10.1.0.10), 4acbe1c1-18a2-4209-a8df-4dbe8c379458(fv-az1500-317.a2vfemv3ef5etcjjw3rviercvg.cx.internal.cloudapp.net/10.1.0.10), e744cdee-db3a-4307-a129-877114b2ee40(fv-az1500-317.a2vfemv3ef5etcjjw3rviercvg.cx.internal.cloudapp.net/10.1.0.10)]. isPolicySatisfied: true.
2023-11-20 14:17:16,352 [IPC Server handler 8 on default port 15001] INFO  pipeline.WritableECContainerProvider (WritableECContainerProvider.java:allocateContainer(211)) - Created and opened new pipeline Pipeline[ Id: a3b47d4f-2b8e-446c-bc49-c8ae15b29830, Nodes: 617fee10-5999-41fc-ba89-05e5beaae1db(fv-az1500-317.a2vfemv3ef5etcjjw3rviercvg.cx.internal.cloudapp.net/10.1.0.10)c950ed05-5bc7-49cd-b60c-e9631522e919(fv-az1500-317.a2vfemv3ef5etcjjw3rviercvg.cx.internal.cloudapp.net/10.1.0.10)e3a4102d-65f7-48f2-aab6-9dba3586f78e(fv-az1500-317.a2vfemv3ef5etcjjw3rviercvg.cx.internal.cloudapp.net/10.1.0.10)4acbe1c1-18a2-4209-a8df-4dbe8c379458(fv-az1500-317.a2vfemv3ef5etcjjw3rviercvg.cx.internal.cloudapp.net/10.1.0.10)e744cdee-db3a-4307-a129-877114b2ee40(fv-az1500-317.a2vfemv3ef5etcjjw3rviercvg.cx.internal.cloudapp.net/10.1.0.10), ReplicationConfig: EC{rs-3-2-1024k}, State:ALLOCATED, leaderId:, CreationTimestamp2023-11-20T14:17:16.350Z[Etc/UTC]]
]]></system-out>
  </testcase>
  <testcase name="testCreateKeyShouldUseRefreshedBucketReplicationConfig" classname="TestOzoneFileSystemWithFSO" time="0.083">
    <system-out><![CDATA[2023-11-20 14:17:42,662 [Time-limited test] INFO  rpc.RpcClient (RpcClient.java:createVolume(464)) - Creating Volume: volume27609, with user09078 as owner and space quota set to -1 bytes, counts quota set to -1
2023-11-20 14:17:42,663 [IPC Server handler 5 on default port 15057] INFO  volume.OMVolumeCreateRequest (OMVolumeCreateRequest.java:validateAndUpdateCache(204)) - created volume:volume27609 for user:user09078
2023-11-20 14:17:42,664 [Time-limited test] INFO  rpc.RpcClient (RpcClient.java:createBucket(691)) - Creating Bucket: volume27609/bucket84807, with bucket layout FILE_SYSTEM_OPTIMIZED, runner as owner, Versioning false, Storage Type set to DISK and Encryption set to false, Replication Type set to server-side default replication type, Namespace Quota set to -1, Space Quota set to -1 
2023-11-20 14:17:42,665 [IPC Server handler 7 on default port 15057] INFO  bucket.OMBucketCreateRequest (OMBucketCreateRequest.java:validateAndUpdateCache(279)) - created bucket: bucket84807 of layout FILE_SYSTEM_OPTIMIZED in volume: volume27609
2023-11-20 14:17:42,684 [IPC Server handler 9 on default port 15054] INFO  algorithms.SCMContainerPlacementRackScatter (SCMContainerPlacementRackScatter.java:chooseDatanodesInternal(370)) - Chosen nodes: [c8e369c4-4c6c-4030-b1f6-34ff4305fcfc(fv-az1500-317.a2vfemv3ef5etcjjw3rviercvg.cx.internal.cloudapp.net/10.1.0.10), 5f312036-1abf-429a-aae6-fa5b52f7bc5c(fv-az1500-317.a2vfemv3ef5etcjjw3rviercvg.cx.internal.cloudapp.net/10.1.0.10), d8d0483b-b60f-4086-b029-9dd5e1fa5048(fv-az1500-317.a2vfemv3ef5etcjjw3rviercvg.cx.internal.cloudapp.net/10.1.0.10), a4a2c43d-89de-4e22-8bcd-4dcd11c36e95(fv-az1500-317.a2vfemv3ef5etcjjw3rviercvg.cx.internal.cloudapp.net/10.1.0.10), 17b41fa2-89b0-41d9-9866-157016c3cd1a(fv-az1500-317.a2vfemv3ef5etcjjw3rviercvg.cx.internal.cloudapp.net/10.1.0.10)]. isPolicySatisfied: true.
2023-11-20 14:17:42,686 [IPC Server handler 9 on default port 15054] INFO  pipeline.WritableECContainerProvider (WritableECContainerProvider.java:allocateContainer(211)) - Created and opened new pipeline Pipeline[ Id: e0460783-5c0f-4292-addc-288d562e0751, Nodes: c8e369c4-4c6c-4030-b1f6-34ff4305fcfc(fv-az1500-317.a2vfemv3ef5etcjjw3rviercvg.cx.internal.cloudapp.net/10.1.0.10)5f312036-1abf-429a-aae6-fa5b52f7bc5c(fv-az1500-317.a2vfemv3ef5etcjjw3rviercvg.cx.internal.cloudapp.net/10.1.0.10)d8d0483b-b60f-4086-b029-9dd5e1fa5048(fv-az1500-317.a2vfemv3ef5etcjjw3rviercvg.cx.internal.cloudapp.net/10.1.0.10)a4a2c43d-89de-4e22-8bcd-4dcd11c36e95(fv-az1500-317.a2vfemv3ef5etcjjw3rviercvg.cx.internal.cloudapp.net/10.1.0.10)17b41fa2-89b0-41d9-9866-157016c3cd1a(fv-az1500-317.a2vfemv3ef5etcjjw3rviercvg.cx.internal.cloudapp.net/10.1.0.10), ReplicationConfig: EC{rs-3-2-1024k}, State:ALLOCATED, leaderId:, CreationTimestamp2023-11-20T14:17:42.684Z[Etc/UTC]]
2023-11-20 14:17:42,708 [IPC Server handler 8 on default port 15054] INFO  algorithms.SCMContainerPlacementRackScatter (SCMContainerPlacementRackScatter.java:chooseDatanodesInternal(370)) - Chosen nodes: [a4a2c43d-89de-4e22-8bcd-4dcd11c36e95(fv-az1500-317.a2vfemv3ef5etcjjw3rviercvg.cx.internal.cloudapp.net/10.1.0.10), c8e369c4-4c6c-4030-b1f6-34ff4305fcfc(fv-az1500-317.a2vfemv3ef5etcjjw3rviercvg.cx.internal.cloudapp.net/10.1.0.10), 5f312036-1abf-429a-aae6-fa5b52f7bc5c(fv-az1500-317.a2vfemv3ef5etcjjw3rviercvg.cx.internal.cloudapp.net/10.1.0.10), 17b41fa2-89b0-41d9-9866-157016c3cd1a(fv-az1500-317.a2vfemv3ef5etcjjw3rviercvg.cx.internal.cloudapp.net/10.1.0.10), d8d0483b-b60f-4086-b029-9dd5e1fa5048(fv-az1500-317.a2vfemv3ef5etcjjw3rviercvg.cx.internal.cloudapp.net/10.1.0.10)]. isPolicySatisfied: true.
2023-11-20 14:17:42,710 [IPC Server handler 8 on default port 15054] INFO  pipeline.WritableECContainerProvider (WritableECContainerProvider.java:allocateContainer(211)) - Created and opened new pipeline Pipeline[ Id: 3599a998-cdee-404d-a7b0-f1448878e4f5, Nodes: a4a2c43d-89de-4e22-8bcd-4dcd11c36e95(fv-az1500-317.a2vfemv3ef5etcjjw3rviercvg.cx.internal.cloudapp.net/10.1.0.10)c8e369c4-4c6c-4030-b1f6-34ff4305fcfc(fv-az1500-317.a2vfemv3ef5etcjjw3rviercvg.cx.internal.cloudapp.net/10.1.0.10)5f312036-1abf-429a-aae6-fa5b52f7bc5c(fv-az1500-317.a2vfemv3ef5etcjjw3rviercvg.cx.internal.cloudapp.net/10.1.0.10)17b41fa2-89b0-41d9-9866-157016c3cd1a(fv-az1500-317.a2vfemv3ef5etcjjw3rviercvg.cx.internal.cloudapp.net/10.1.0.10)d8d0483b-b60f-4086-b029-9dd5e1fa5048(fv-az1500-317.a2vfemv3ef5etcjjw3rviercvg.cx.internal.cloudapp.net/10.1.0.10), ReplicationConfig: EC{rs-3-2-1024k}, State:ALLOCATED, leaderId:, CreationTimestamp2023-11-20T14:17:42.708Z[Etc/UTC]]
]]></system-out>
  </testcase>
  <testcase name="testListStatusIteratorOnRoot" classname="TestOzoneFileSystemWithFSO" time="0.016"/>
  <testcase name="testListStatusIteratorOnRoot" classname="TestOzoneFileSystemWithFSO" time="0.009"/>
  <testcase name="testLoopInLinkBuckets" classname="TestOzoneFileSystemWithFSO" time="0.049">
    <system-out><![CDATA[2023-11-20 14:17:16,399 [Time-limited test] INFO  rpc.RpcClient (RpcClient.java:createVolume(464)) - Creating Volume: 1906e7db-7a88-49f5-8fce-74f706141b13, with runner as owner and space quota set to -1 bytes, counts quota set to -1
2023-11-20 14:17:16,401 [om1-OMStateMachineApplyTransactionThread - 0] INFO  volume.OMVolumeCreateRequest (OMVolumeCreateRequest.java:validateAndUpdateCache(204)) - created volume:1906e7db-7a88-49f5-8fce-74f706141b13 for user:runner
2023-11-20 14:17:16,402 [Time-limited test] INFO  rpc.RpcClient (RpcClient.java:createBucket(691)) - Creating Bucket: 1906e7db-7a88-49f5-8fce-74f706141b13/4b37bfc8-072d-4658-ae02-0f0bd86de544, with bucket layout LEGACY, runner as owner, Versioning false, Storage Type set to DISK and Encryption set to false, Replication Type set to server-side default replication type, Namespace Quota set to -1, Space Quota set to -1 
2023-11-20 14:17:16,404 [om1-OMStateMachineApplyTransactionThread - 0] INFO  bucket.OMBucketCreateRequest (OMBucketCreateRequest.java:validateAndUpdateCache(279)) - created bucket: 4b37bfc8-072d-4658-ae02-0f0bd86de544 of layout LEGACY in volume: 1906e7db-7a88-49f5-8fce-74f706141b13
2023-11-20 14:17:16,404 [Time-limited test] INFO  rpc.RpcClient (RpcClient.java:createBucket(691)) - Creating Bucket: 1906e7db-7a88-49f5-8fce-74f706141b13/45de693c-c9e1-43e3-9b93-b9424f820636, with bucket layout LEGACY, runner as owner, Versioning false, Storage Type set to DISK and Encryption set to false, Replication Type set to server-side default replication type, Namespace Quota set to -1, Space Quota set to -1 
2023-11-20 14:17:16,405 [om1-OMStateMachineApplyTransactionThread - 0] INFO  bucket.OMBucketCreateRequest (OMBucketCreateRequest.java:validateAndUpdateCache(279)) - created bucket: 45de693c-c9e1-43e3-9b93-b9424f820636 of layout LEGACY in volume: 1906e7db-7a88-49f5-8fce-74f706141b13
2023-11-20 14:17:16,406 [Time-limited test] INFO  rpc.RpcClient (RpcClient.java:createBucket(691)) - Creating Bucket: 1906e7db-7a88-49f5-8fce-74f706141b13/337ff57c-c5fc-4758-86e3-99e2d7a6819f, with bucket layout LEGACY, runner as owner, Versioning false, Storage Type set to DISK and Encryption set to false, Replication Type set to server-side default replication type, Namespace Quota set to -1, Space Quota set to -1 
2023-11-20 14:17:16,407 [om1-OMStateMachineApplyTransactionThread - 0] INFO  bucket.OMBucketCreateRequest (OMBucketCreateRequest.java:validateAndUpdateCache(279)) - created bucket: 337ff57c-c5fc-4758-86e3-99e2d7a6819f of layout LEGACY in volume: 1906e7db-7a88-49f5-8fce-74f706141b13
14:17:16.418 [IPC Server handler 13 on default port 15004] ERROR OMAudit - user=runner | ip=127.0.0.1 | op=READ_BUCKET {volume=1906e7db-7a88-49f5-8fce-74f706141b13, bucket=337ff57c-c5fc-4758-86e3-99e2d7a6819f} | ret=FAILURE
org.apache.hadoop.ozone.om.exceptions.OMException: Detected loop in bucket links
	at org.apache.hadoop.ozone.om.OzoneManager.resolveBucketLink(OzoneManager.java:4333) ~[ozone-manager-1.4.0-SNAPSHOT.jar:?]
	at org.apache.hadoop.ozone.om.OzoneManager.resolveBucketLink(OzoneManager.java:4345) ~[ozone-manager-1.4.0-SNAPSHOT.jar:?]
	at org.apache.hadoop.ozone.om.OzoneManager.resolveBucketLink(OzoneManager.java:4345) ~[ozone-manager-1.4.0-SNAPSHOT.jar:?]
	at org.apache.hadoop.ozone.om.OzoneManager.resolveBucketLink(OzoneManager.java:4345) ~[ozone-manager-1.4.0-SNAPSHOT.jar:?]
	at org.apache.hadoop.ozone.om.OzoneManager.resolveBucketLink(OzoneManager.java:4284) ~[ozone-manager-1.4.0-SNAPSHOT.jar:?]
	at org.apache.hadoop.ozone.om.OzoneManager.getBucketInfo(OzoneManager.java:2807) ~[ozone-manager-1.4.0-SNAPSHOT.jar:?]
	at org.apache.hadoop.ozone.protocolPB.OzoneManagerRequestHandler.infoBucket(OzoneManagerRequestHandler.java:566) ~[ozone-manager-1.4.0-SNAPSHOT.jar:?]
	at org.apache.hadoop.ozone.protocolPB.OzoneManagerRequestHandler.handleReadRequest(OzoneManagerRequestHandler.java:207) ~[ozone-manager-1.4.0-SNAPSHOT.jar:?]
	at org.apache.hadoop.ozone.protocolPB.OzoneManagerProtocolServerSideTranslatorPB.submitReadRequestToOM(OzoneManagerProtocolServerSideTranslatorPB.java:265) ~[ozone-manager-1.4.0-SNAPSHOT.jar:?]
	at org.apache.hadoop.ozone.protocolPB.OzoneManagerProtocolServerSideTranslatorPB.internalProcessRequest(OzoneManagerProtocolServerSideTranslatorPB.java:211) ~[ozone-manager-1.4.0-SNAPSHOT.jar:?]
	at org.apache.hadoop.ozone.protocolPB.OzoneManagerProtocolServerSideTranslatorPB.processRequest(OzoneManagerProtocolServerSideTranslatorPB.java:171) ~[ozone-manager-1.4.0-SNAPSHOT.jar:?]
	at org.apache.hadoop.hdds.server.OzoneProtocolMessageDispatcher.processRequest(OzoneProtocolMessageDispatcher.java:89) [hdds-server-framework-1.4.0-SNAPSHOT.jar:?]
	at org.apache.hadoop.ozone.protocolPB.OzoneManagerProtocolServerSideTranslatorPB.submitRequest(OzoneManagerProtocolServerSideTranslatorPB.java:162) [ozone-manager-1.4.0-SNAPSHOT.jar:?]
	at org.apache.hadoop.ozone.protocol.proto.OzoneManagerProtocolProtos$OzoneManagerService$2.callBlockingMethod(OzoneManagerProtocolProtos.java) [ozone-interface-client-1.4.0-SNAPSHOT.jar:?]
	at org.apache.hadoop.ipc.ProtobufRpcEngine$Server.processCall(ProtobufRpcEngine.java:484) [hadoop-common-3.3.6.jar:?]
	at org.apache.hadoop.ipc.ProtobufRpcEngine2$Server$ProtoBufRpcInvoker.call(ProtobufRpcEngine2.java:595) [hadoop-common-3.3.6.jar:?]
	at org.apache.hadoop.ipc.ProtobufRpcEngine2$Server$ProtoBufRpcInvoker.call(ProtobufRpcEngine2.java:573) [hadoop-common-3.3.6.jar:?]
	at org.apache.hadoop.ipc.RPC$Server.call(RPC.java:1227) [hadoop-common-3.3.6.jar:?]
	at org.apache.hadoop.ipc.Server$RpcCall.run(Server.java:1094) [hadoop-common-3.3.6.jar:?]
	at org.apache.hadoop.ipc.Server$RpcCall.run(Server.java:1017) [hadoop-common-3.3.6.jar:?]
	at java.security.AccessController.doPrivileged(Native Method) ~[?:1.8.0_392]
	at javax.security.auth.Subject.doAs(Subject.java:422) [?:1.8.0_392]
	at org.apache.hadoop.security.UserGroupInformation.doAs(UserGroupInformation.java:1899) [hadoop-common-3.3.6.jar:?]
	at org.apache.hadoop.ipc.Server$Handler.run(Server.java:3048) [hadoop-common-3.3.6.jar:?]
2023-11-20 14:17:16,419 [Time-limited test] WARN  fs.FileSystem (FileSystem.java:createFileSystem(3615)) - Failed to initialize filesystem o3fs://337ff57c-c5fc-4758-86e3-99e2d7a6819f.1906e7db-7a88-49f5-8fce-74f706141b13/: DETECTED_LOOP_IN_BUCKET_LINKS org.apache.hadoop.ozone.om.exceptions.OMException: Detected loop in bucket links
2023-11-20 14:17:16,429 [Time-limited test] INFO  rpc.RpcClient (RpcClient.java:createBucket(691)) - Creating Bucket: 1906e7db-7a88-49f5-8fce-74f706141b13/386d4eed-97d2-473f-917f-58ddc0ea5380, with bucket layout LEGACY, runner as owner, Versioning false, Storage Type set to DISK and Encryption set to false, Replication Type set to server-side default replication type, Namespace Quota set to -1, Space Quota set to -1 
2023-11-20 14:17:16,431 [om1-OMStateMachineApplyTransactionThread - 0] INFO  bucket.OMBucketCreateRequest (OMBucketCreateRequest.java:validateAndUpdateCache(279)) - created bucket: 386d4eed-97d2-473f-917f-58ddc0ea5380 of layout LEGACY in volume: 1906e7db-7a88-49f5-8fce-74f706141b13
2023-11-20 14:17:16,437 [IPC Server handler 15 on default port 15004] WARN  om.OzoneManager (OzoneManager.java:resolveBucketLink(4322)) - Bucket 8c5ae759-1d36-418f-8a88-def89ff8bc25 not found in volume 1906e7db-7a88-49f5-8fce-74f706141b13
14:17:16.439 [IPC Server handler 9 on default port 15004] ERROR OMAudit - user=runner | ip=127.0.0.1 | op=READ_BUCKET {volume=1906e7db-7a88-49f5-8fce-74f706141b13, bucket=8c5ae759-1d36-418f-8a88-def89ff8bc25} | ret=FAILURE
org.apache.hadoop.ozone.om.exceptions.OMException: Bucket not found
	at org.apache.hadoop.ozone.om.OzoneManager.getBucketOwner(OzoneManager.java:2533) ~[ozone-manager-1.4.0-SNAPSHOT.jar:?]
	at org.apache.hadoop.ozone.om.OzoneManager.getBucketOwner(OzoneManager.java:2501) ~[ozone-manager-1.4.0-SNAPSHOT.jar:?]
	at org.apache.hadoop.ozone.om.OmMetadataReader.checkAcls(OmMetadataReader.java:452) ~[ozone-manager-1.4.0-SNAPSHOT.jar:?]
	at org.apache.hadoop.ozone.om.OzoneManager.getBucketInfo(OzoneManager.java:2791) ~[ozone-manager-1.4.0-SNAPSHOT.jar:?]
	at org.apache.hadoop.ozone.protocolPB.OzoneManagerRequestHandler.infoBucket(OzoneManagerRequestHandler.java:566) ~[ozone-manager-1.4.0-SNAPSHOT.jar:?]
	at org.apache.hadoop.ozone.protocolPB.OzoneManagerRequestHandler.handleReadRequest(OzoneManagerRequestHandler.java:207) ~[ozone-manager-1.4.0-SNAPSHOT.jar:?]
	at org.apache.hadoop.ozone.protocolPB.OzoneManagerProtocolServerSideTranslatorPB.submitReadRequestToOM(OzoneManagerProtocolServerSideTranslatorPB.java:265) ~[ozone-manager-1.4.0-SNAPSHOT.jar:?]
	at org.apache.hadoop.ozone.protocolPB.OzoneManagerProtocolServerSideTranslatorPB.internalProcessRequest(OzoneManagerProtocolServerSideTranslatorPB.java:211) ~[ozone-manager-1.4.0-SNAPSHOT.jar:?]
	at org.apache.hadoop.ozone.protocolPB.OzoneManagerProtocolServerSideTranslatorPB.processRequest(OzoneManagerProtocolServerSideTranslatorPB.java:171) ~[ozone-manager-1.4.0-SNAPSHOT.jar:?]
	at org.apache.hadoop.hdds.server.OzoneProtocolMessageDispatcher.processRequest(OzoneProtocolMessageDispatcher.java:89) [hdds-server-framework-1.4.0-SNAPSHOT.jar:?]
	at org.apache.hadoop.ozone.protocolPB.OzoneManagerProtocolServerSideTranslatorPB.submitRequest(OzoneManagerProtocolServerSideTranslatorPB.java:162) [ozone-manager-1.4.0-SNAPSHOT.jar:?]
	at org.apache.hadoop.ozone.protocol.proto.OzoneManagerProtocolProtos$OzoneManagerService$2.callBlockingMethod(OzoneManagerProtocolProtos.java) [ozone-interface-client-1.4.0-SNAPSHOT.jar:?]
	at org.apache.hadoop.ipc.ProtobufRpcEngine$Server.processCall(ProtobufRpcEngine.java:484) [hadoop-common-3.3.6.jar:?]
	at org.apache.hadoop.ipc.ProtobufRpcEngine2$Server$ProtoBufRpcInvoker.call(ProtobufRpcEngine2.java:595) [hadoop-common-3.3.6.jar:?]
	at org.apache.hadoop.ipc.ProtobufRpcEngine2$Server$ProtoBufRpcInvoker.call(ProtobufRpcEngine2.java:573) [hadoop-common-3.3.6.jar:?]
	at org.apache.hadoop.ipc.RPC$Server.call(RPC.java:1227) [hadoop-common-3.3.6.jar:?]
	at org.apache.hadoop.ipc.Server$RpcCall.run(Server.java:1094) [hadoop-common-3.3.6.jar:?]
	at org.apache.hadoop.ipc.Server$RpcCall.run(Server.java:1017) [hadoop-common-3.3.6.jar:?]
	at java.security.AccessController.doPrivileged(Native Method) ~[?:1.8.0_392]
	at javax.security.auth.Subject.doAs(Subject.java:422) [?:1.8.0_392]
	at org.apache.hadoop.security.UserGroupInformation.doAs(UserGroupInformation.java:1899) [hadoop-common-3.3.6.jar:?]
	at org.apache.hadoop.ipc.Server$Handler.run(Server.java:3048) [hadoop-common-3.3.6.jar:?]
2023-11-20 14:17:16,440 [Time-limited test] ERROR ozone.OzoneClientUtils (OzoneClientUtils.java:resolveLinkBucketLayout(85)) - Source Bucket is not found, its orphan bucket and used link bucket 386d4eed-97d2-473f-917f-58ddc0ea5380 layout LEGACY
]]></system-out>
  </testcase>
  <testcase name="testLoopInLinkBuckets" classname="TestOzoneFileSystemWithFSO" time="0.029">
    <system-out><![CDATA[2023-11-20 14:17:42,746 [Time-limited test] INFO  rpc.RpcClient (RpcClient.java:createVolume(464)) - Creating Volume: b98171c9-3fe8-4df1-b6e2-a6434d19203e, with runner as owner and space quota set to -1 bytes, counts quota set to -1
2023-11-20 14:17:42,746 [IPC Server handler 0 on default port 15057] INFO  volume.OMVolumeCreateRequest (OMVolumeCreateRequest.java:validateAndUpdateCache(204)) - created volume:b98171c9-3fe8-4df1-b6e2-a6434d19203e for user:runner
2023-11-20 14:17:42,747 [Time-limited test] INFO  rpc.RpcClient (RpcClient.java:createBucket(691)) - Creating Bucket: b98171c9-3fe8-4df1-b6e2-a6434d19203e/74c759dd-c3bc-48a6-a906-c49a63ac859f, with bucket layout LEGACY, runner as owner, Versioning false, Storage Type set to DISK and Encryption set to false, Replication Type set to server-side default replication type, Namespace Quota set to -1, Space Quota set to -1 
2023-11-20 14:17:42,748 [IPC Server handler 2 on default port 15057] INFO  bucket.OMBucketCreateRequest (OMBucketCreateRequest.java:validateAndUpdateCache(279)) - created bucket: 74c759dd-c3bc-48a6-a906-c49a63ac859f of layout LEGACY in volume: b98171c9-3fe8-4df1-b6e2-a6434d19203e
2023-11-20 14:17:42,749 [Time-limited test] INFO  rpc.RpcClient (RpcClient.java:createBucket(691)) - Creating Bucket: b98171c9-3fe8-4df1-b6e2-a6434d19203e/b9d84d5a-2ace-498a-add4-b6bc790ada3a, with bucket layout LEGACY, runner as owner, Versioning false, Storage Type set to DISK and Encryption set to false, Replication Type set to server-side default replication type, Namespace Quota set to -1, Space Quota set to -1 
2023-11-20 14:17:42,749 [IPC Server handler 3 on default port 15057] INFO  bucket.OMBucketCreateRequest (OMBucketCreateRequest.java:validateAndUpdateCache(279)) - created bucket: b9d84d5a-2ace-498a-add4-b6bc790ada3a of layout LEGACY in volume: b98171c9-3fe8-4df1-b6e2-a6434d19203e
2023-11-20 14:17:42,749 [Time-limited test] INFO  rpc.RpcClient (RpcClient.java:createBucket(691)) - Creating Bucket: b98171c9-3fe8-4df1-b6e2-a6434d19203e/20d0fb15-6adc-4970-b047-508106fdd087, with bucket layout LEGACY, runner as owner, Versioning false, Storage Type set to DISK and Encryption set to false, Replication Type set to server-side default replication type, Namespace Quota set to -1, Space Quota set to -1 
2023-11-20 14:17:42,750 [IPC Server handler 4 on default port 15057] INFO  bucket.OMBucketCreateRequest (OMBucketCreateRequest.java:validateAndUpdateCache(279)) - created bucket: 20d0fb15-6adc-4970-b047-508106fdd087 of layout LEGACY in volume: b98171c9-3fe8-4df1-b6e2-a6434d19203e
14:17:42.756 [IPC Server handler 7 on default port 15057] ERROR OMAudit - user=runner | ip=127.0.0.1 | op=READ_BUCKET {volume=b98171c9-3fe8-4df1-b6e2-a6434d19203e, bucket=20d0fb15-6adc-4970-b047-508106fdd087} | ret=FAILURE
org.apache.hadoop.ozone.om.exceptions.OMException: Detected loop in bucket links
	at org.apache.hadoop.ozone.om.OzoneManager.resolveBucketLink(OzoneManager.java:4333) ~[ozone-manager-1.4.0-SNAPSHOT.jar:?]
	at org.apache.hadoop.ozone.om.OzoneManager.resolveBucketLink(OzoneManager.java:4345) ~[ozone-manager-1.4.0-SNAPSHOT.jar:?]
	at org.apache.hadoop.ozone.om.OzoneManager.resolveBucketLink(OzoneManager.java:4345) ~[ozone-manager-1.4.0-SNAPSHOT.jar:?]
	at org.apache.hadoop.ozone.om.OzoneManager.resolveBucketLink(OzoneManager.java:4345) ~[ozone-manager-1.4.0-SNAPSHOT.jar:?]
	at org.apache.hadoop.ozone.om.OzoneManager.resolveBucketLink(OzoneManager.java:4284) ~[ozone-manager-1.4.0-SNAPSHOT.jar:?]
	at org.apache.hadoop.ozone.om.OzoneManager.getBucketInfo(OzoneManager.java:2807) ~[ozone-manager-1.4.0-SNAPSHOT.jar:?]
	at org.apache.hadoop.ozone.protocolPB.OzoneManagerRequestHandler.infoBucket(OzoneManagerRequestHandler.java:566) ~[ozone-manager-1.4.0-SNAPSHOT.jar:?]
	at org.apache.hadoop.ozone.protocolPB.OzoneManagerRequestHandler.handleReadRequest(OzoneManagerRequestHandler.java:207) ~[ozone-manager-1.4.0-SNAPSHOT.jar:?]
	at org.apache.hadoop.ozone.protocolPB.OzoneManagerProtocolServerSideTranslatorPB.submitRequestDirectlyToOM(OzoneManagerProtocolServerSideTranslatorPB.java:319) ~[ozone-manager-1.4.0-SNAPSHOT.jar:?]
	at org.apache.hadoop.ozone.protocolPB.OzoneManagerProtocolServerSideTranslatorPB.internalProcessRequest(OzoneManagerProtocolServerSideTranslatorPB.java:207) ~[ozone-manager-1.4.0-SNAPSHOT.jar:?]
	at org.apache.hadoop.ozone.protocolPB.OzoneManagerProtocolServerSideTranslatorPB.processRequest(OzoneManagerProtocolServerSideTranslatorPB.java:171) ~[ozone-manager-1.4.0-SNAPSHOT.jar:?]
	at org.apache.hadoop.hdds.server.OzoneProtocolMessageDispatcher.processRequest(OzoneProtocolMessageDispatcher.java:89) [hdds-server-framework-1.4.0-SNAPSHOT.jar:?]
	at org.apache.hadoop.ozone.protocolPB.OzoneManagerProtocolServerSideTranslatorPB.submitRequest(OzoneManagerProtocolServerSideTranslatorPB.java:162) [ozone-manager-1.4.0-SNAPSHOT.jar:?]
	at org.apache.hadoop.ozone.protocol.proto.OzoneManagerProtocolProtos$OzoneManagerService$2.callBlockingMethod(OzoneManagerProtocolProtos.java) [ozone-interface-client-1.4.0-SNAPSHOT.jar:?]
	at org.apache.hadoop.ipc.ProtobufRpcEngine$Server.processCall(ProtobufRpcEngine.java:484) [hadoop-common-3.3.6.jar:?]
	at org.apache.hadoop.ipc.ProtobufRpcEngine2$Server$ProtoBufRpcInvoker.call(ProtobufRpcEngine2.java:595) [hadoop-common-3.3.6.jar:?]
	at org.apache.hadoop.ipc.ProtobufRpcEngine2$Server$ProtoBufRpcInvoker.call(ProtobufRpcEngine2.java:573) [hadoop-common-3.3.6.jar:?]
	at org.apache.hadoop.ipc.RPC$Server.call(RPC.java:1227) [hadoop-common-3.3.6.jar:?]
	at org.apache.hadoop.ipc.Server$RpcCall.run(Server.java:1094) [hadoop-common-3.3.6.jar:?]
	at org.apache.hadoop.ipc.Server$RpcCall.run(Server.java:1017) [hadoop-common-3.3.6.jar:?]
	at java.security.AccessController.doPrivileged(Native Method) ~[?:1.8.0_392]
	at javax.security.auth.Subject.doAs(Subject.java:422) [?:1.8.0_392]
	at org.apache.hadoop.security.UserGroupInformation.doAs(UserGroupInformation.java:1899) [hadoop-common-3.3.6.jar:?]
	at org.apache.hadoop.ipc.Server$Handler.run(Server.java:3048) [hadoop-common-3.3.6.jar:?]
2023-11-20 14:17:42,757 [Time-limited test] WARN  fs.FileSystem (FileSystem.java:createFileSystem(3615)) - Failed to initialize filesystem o3fs://20d0fb15-6adc-4970-b047-508106fdd087.b98171c9-3fe8-4df1-b6e2-a6434d19203e/: DETECTED_LOOP_IN_BUCKET_LINKS org.apache.hadoop.ozone.om.exceptions.OMException: Detected loop in bucket links
2023-11-20 14:17:42,760 [Time-limited test] INFO  rpc.RpcClient (RpcClient.java:createBucket(691)) - Creating Bucket: b98171c9-3fe8-4df1-b6e2-a6434d19203e/81d68e48-3146-4624-bb63-748581d516a8, with bucket layout LEGACY, runner as owner, Versioning false, Storage Type set to DISK and Encryption set to false, Replication Type set to server-side default replication type, Namespace Quota set to -1, Space Quota set to -1 
2023-11-20 14:17:42,761 [IPC Server handler 11 on default port 15057] INFO  bucket.OMBucketCreateRequest (OMBucketCreateRequest.java:validateAndUpdateCache(279)) - created bucket: 81d68e48-3146-4624-bb63-748581d516a8 of layout LEGACY in volume: b98171c9-3fe8-4df1-b6e2-a6434d19203e
2023-11-20 14:17:42,770 [IPC Server handler 14 on default port 15057] WARN  om.OzoneManager (OzoneManager.java:resolveBucketLink(4322)) - Bucket c218e10a-66bf-4005-94e1-c03c069f22d9 not found in volume b98171c9-3fe8-4df1-b6e2-a6434d19203e
14:17:42.771 [IPC Server handler 16 on default port 15057] ERROR OMAudit - user=runner | ip=127.0.0.1 | op=READ_BUCKET {volume=b98171c9-3fe8-4df1-b6e2-a6434d19203e, bucket=c218e10a-66bf-4005-94e1-c03c069f22d9} | ret=FAILURE
org.apache.hadoop.ozone.om.exceptions.OMException: Bucket not found
	at org.apache.hadoop.ozone.om.OzoneManager.getBucketOwner(OzoneManager.java:2533) ~[ozone-manager-1.4.0-SNAPSHOT.jar:?]
	at org.apache.hadoop.ozone.om.OzoneManager.getBucketOwner(OzoneManager.java:2501) ~[ozone-manager-1.4.0-SNAPSHOT.jar:?]
	at org.apache.hadoop.ozone.om.OmMetadataReader.checkAcls(OmMetadataReader.java:452) ~[ozone-manager-1.4.0-SNAPSHOT.jar:?]
	at org.apache.hadoop.ozone.om.OzoneManager.getBucketInfo(OzoneManager.java:2791) ~[ozone-manager-1.4.0-SNAPSHOT.jar:?]
	at org.apache.hadoop.ozone.protocolPB.OzoneManagerRequestHandler.infoBucket(OzoneManagerRequestHandler.java:566) ~[ozone-manager-1.4.0-SNAPSHOT.jar:?]
	at org.apache.hadoop.ozone.protocolPB.OzoneManagerRequestHandler.handleReadRequest(OzoneManagerRequestHandler.java:207) ~[ozone-manager-1.4.0-SNAPSHOT.jar:?]
	at org.apache.hadoop.ozone.protocolPB.OzoneManagerProtocolServerSideTranslatorPB.submitRequestDirectlyToOM(OzoneManagerProtocolServerSideTranslatorPB.java:319) ~[ozone-manager-1.4.0-SNAPSHOT.jar:?]
	at org.apache.hadoop.ozone.protocolPB.OzoneManagerProtocolServerSideTranslatorPB.internalProcessRequest(OzoneManagerProtocolServerSideTranslatorPB.java:207) ~[ozone-manager-1.4.0-SNAPSHOT.jar:?]
	at org.apache.hadoop.ozone.protocolPB.OzoneManagerProtocolServerSideTranslatorPB.processRequest(OzoneManagerProtocolServerSideTranslatorPB.java:171) ~[ozone-manager-1.4.0-SNAPSHOT.jar:?]
	at org.apache.hadoop.hdds.server.OzoneProtocolMessageDispatcher.processRequest(OzoneProtocolMessageDispatcher.java:89) [hdds-server-framework-1.4.0-SNAPSHOT.jar:?]
	at org.apache.hadoop.ozone.protocolPB.OzoneManagerProtocolServerSideTranslatorPB.submitRequest(OzoneManagerProtocolServerSideTranslatorPB.java:162) [ozone-manager-1.4.0-SNAPSHOT.jar:?]
	at org.apache.hadoop.ozone.protocol.proto.OzoneManagerProtocolProtos$OzoneManagerService$2.callBlockingMethod(OzoneManagerProtocolProtos.java) [ozone-interface-client-1.4.0-SNAPSHOT.jar:?]
	at org.apache.hadoop.ipc.ProtobufRpcEngine$Server.processCall(ProtobufRpcEngine.java:484) [hadoop-common-3.3.6.jar:?]
	at org.apache.hadoop.ipc.ProtobufRpcEngine2$Server$ProtoBufRpcInvoker.call(ProtobufRpcEngine2.java:595) [hadoop-common-3.3.6.jar:?]
	at org.apache.hadoop.ipc.ProtobufRpcEngine2$Server$ProtoBufRpcInvoker.call(ProtobufRpcEngine2.java:573) [hadoop-common-3.3.6.jar:?]
	at org.apache.hadoop.ipc.RPC$Server.call(RPC.java:1227) [hadoop-common-3.3.6.jar:?]
	at org.apache.hadoop.ipc.Server$RpcCall.run(Server.java:1094) [hadoop-common-3.3.6.jar:?]
	at org.apache.hadoop.ipc.Server$RpcCall.run(Server.java:1017) [hadoop-common-3.3.6.jar:?]
	at java.security.AccessController.doPrivileged(Native Method) ~[?:1.8.0_392]
	at javax.security.auth.Subject.doAs(Subject.java:422) [?:1.8.0_392]
	at org.apache.hadoop.security.UserGroupInformation.doAs(UserGroupInformation.java:1899) [hadoop-common-3.3.6.jar:?]
	at org.apache.hadoop.ipc.Server$Handler.run(Server.java:3048) [hadoop-common-3.3.6.jar:?]
2023-11-20 14:17:42,771 [Time-limited test] ERROR ozone.OzoneClientUtils (OzoneClientUtils.java:resolveLinkBucketLayout(85)) - Source Bucket is not found, its orphan bucket and used link bucket 81d68e48-3146-4624-bb63-748581d516a8 layout LEGACY
]]></system-out>
  </testcase>
  <testcase name="testRenameDirToFile" classname="TestOzoneFileSystemWithFSO" time="0.028">
    <system-out><![CDATA[14:17:16.463 [om1-OMStateMachineApplyTransactionThread - 0] ERROR OMAudit - user=runner | ip=127.0.0.1 | op=RENAME_KEY {volume=volume73660, bucket=bucket24382, dataSize=0, replicationType=NONE, replicationFactor=ZERO, srcKey=a/b/c, dstKey=root/file1} | ret=FAILURE
org.apache.hadoop.ozone.om.exceptions.OMException: Failed to rename, key already exists root/file1
	at org.apache.hadoop.ozone.om.request.key.OMKeyRenameRequestWithFSO.validateAndUpdateCache(OMKeyRenameRequestWithFSO.java:210) ~[ozone-manager-1.4.0-SNAPSHOT.jar:?]
	at org.apache.hadoop.ozone.protocolPB.OzoneManagerRequestHandler.lambda$0(OzoneManagerRequestHandler.java:395) ~[ozone-manager-1.4.0-SNAPSHOT.jar:?]
	at org.apache.hadoop.util.MetricUtil.captureLatencyNs(MetricUtil.java:39) ~[hdds-common-1.4.0-SNAPSHOT.jar:?]
	at org.apache.hadoop.ozone.protocolPB.OzoneManagerRequestHandler.handleWriteRequest(OzoneManagerRequestHandler.java:393) ~[ozone-manager-1.4.0-SNAPSHOT.jar:?]
	at org.apache.hadoop.ozone.om.ratis.OzoneManagerStateMachine.runCommand(OzoneManagerStateMachine.java:581) ~[ozone-manager-1.4.0-SNAPSHOT.jar:?]
	at org.apache.hadoop.ozone.om.ratis.OzoneManagerStateMachine.lambda$1(OzoneManagerStateMachine.java:370) ~[ozone-manager-1.4.0-SNAPSHOT.jar:?]
	at java.util.concurrent.CompletableFuture$AsyncSupply.run(CompletableFuture.java:1604) [?:1.8.0_392]
	at java.util.concurrent.ThreadPoolExecutor.runWorker(ThreadPoolExecutor.java:1149) [?:1.8.0_392]
	at java.util.concurrent.ThreadPoolExecutor$Worker.run(ThreadPoolExecutor.java:624) [?:1.8.0_392]
	at java.lang.Thread.run(Thread.java:750) [?:1.8.0_392]
2023-11-20 14:17:16,463 [om1-OMStateMachineApplyTransactionThread - 0] ERROR key.OMKeyRenameRequestWithFSO (OMKeyRenameRequestWithFSO.java:validateAndUpdateCache(255)) - Rename key failed for volume:volume73660 bucket:bucket24382 fromKey:a/b/c toKey:root/file1. Exception: Failed to rename, key already exists root/file1.
2023-11-20 14:17:16,464 [Time-limited test] ERROR ozone.BasicOzoneFileSystem (BasicOzoneFileSystem.java:renameFSO(496)) - rename key failed: Failed to rename, key already exists root/file1. Error code: KEY_ALREADY_EXISTS source:a/b/c, destin:root/file1
]]></system-out>
  </testcase>
  <testcase name="testRenameDirToFile" classname="TestOzoneFileSystemWithFSO" time="0.013">
    <system-out><![CDATA[14:17:42.782 [IPC Server handler 4 on default port 15057] ERROR OMAudit - user=runner | ip=127.0.0.1 | op=RENAME_KEY {volume=volume48931, bucket=bucket54568, dataSize=0, replicationType=NONE, replicationFactor=ZERO, srcKey=a/b/c, dstKey=root/file1} | ret=FAILURE
org.apache.hadoop.ozone.om.exceptions.OMException: Failed to rename, key already exists root/file1
	at org.apache.hadoop.ozone.om.request.key.OMKeyRenameRequestWithFSO.validateAndUpdateCache(OMKeyRenameRequestWithFSO.java:210) ~[ozone-manager-1.4.0-SNAPSHOT.jar:?]
	at org.apache.hadoop.ozone.protocolPB.OzoneManagerRequestHandler.lambda$0(OzoneManagerRequestHandler.java:395) ~[ozone-manager-1.4.0-SNAPSHOT.jar:?]
	at org.apache.hadoop.util.MetricUtil.captureLatencyNs(MetricUtil.java:39) ~[hdds-common-1.4.0-SNAPSHOT.jar:?]
	at org.apache.hadoop.ozone.protocolPB.OzoneManagerRequestHandler.handleWriteRequest(OzoneManagerRequestHandler.java:393) ~[ozone-manager-1.4.0-SNAPSHOT.jar:?]
	at org.apache.hadoop.ozone.protocolPB.OzoneManagerProtocolServerSideTranslatorPB.submitRequestDirectlyToOM(OzoneManagerProtocolServerSideTranslatorPB.java:325) ~[ozone-manager-1.4.0-SNAPSHOT.jar:?]
	at org.apache.hadoop.ozone.protocolPB.OzoneManagerProtocolServerSideTranslatorPB.internalProcessRequest(OzoneManagerProtocolServerSideTranslatorPB.java:207) ~[ozone-manager-1.4.0-SNAPSHOT.jar:?]
	at org.apache.hadoop.ozone.protocolPB.OzoneManagerProtocolServerSideTranslatorPB.processRequest(OzoneManagerProtocolServerSideTranslatorPB.java:171) ~[ozone-manager-1.4.0-SNAPSHOT.jar:?]
	at org.apache.hadoop.hdds.server.OzoneProtocolMessageDispatcher.processRequest(OzoneProtocolMessageDispatcher.java:89) [hdds-server-framework-1.4.0-SNAPSHOT.jar:?]
	at org.apache.hadoop.ozone.protocolPB.OzoneManagerProtocolServerSideTranslatorPB.submitRequest(OzoneManagerProtocolServerSideTranslatorPB.java:162) [ozone-manager-1.4.0-SNAPSHOT.jar:?]
	at org.apache.hadoop.ozone.protocol.proto.OzoneManagerProtocolProtos$OzoneManagerService$2.callBlockingMethod(OzoneManagerProtocolProtos.java) [ozone-interface-client-1.4.0-SNAPSHOT.jar:?]
	at org.apache.hadoop.ipc.ProtobufRpcEngine$Server.processCall(ProtobufRpcEngine.java:484) [hadoop-common-3.3.6.jar:?]
	at org.apache.hadoop.ipc.ProtobufRpcEngine2$Server$ProtoBufRpcInvoker.call(ProtobufRpcEngine2.java:595) [hadoop-common-3.3.6.jar:?]
	at org.apache.hadoop.ipc.ProtobufRpcEngine2$Server$ProtoBufRpcInvoker.call(ProtobufRpcEngine2.java:573) [hadoop-common-3.3.6.jar:?]
	at org.apache.hadoop.ipc.RPC$Server.call(RPC.java:1227) [hadoop-common-3.3.6.jar:?]
	at org.apache.hadoop.ipc.Server$RpcCall.run(Server.java:1094) [hadoop-common-3.3.6.jar:?]
	at org.apache.hadoop.ipc.Server$RpcCall.run(Server.java:1017) [hadoop-common-3.3.6.jar:?]
	at java.security.AccessController.doPrivileged(Native Method) ~[?:1.8.0_392]
	at javax.security.auth.Subject.doAs(Subject.java:422) [?:1.8.0_392]
	at org.apache.hadoop.security.UserGroupInformation.doAs(UserGroupInformation.java:1899) [hadoop-common-3.3.6.jar:?]
	at org.apache.hadoop.ipc.Server$Handler.run(Server.java:3048) [hadoop-common-3.3.6.jar:?]
2023-11-20 14:17:42,782 [IPC Server handler 4 on default port 15057] ERROR key.OMKeyRenameRequestWithFSO (OMKeyRenameRequestWithFSO.java:validateAndUpdateCache(255)) - Rename key failed for volume:volume48931 bucket:bucket54568 fromKey:a/b/c toKey:root/file1. Exception: Failed to rename, key already exists root/file1.
2023-11-20 14:17:42,782 [Time-limited test] ERROR ozone.BasicOzoneFileSystem (BasicOzoneFileSystem.java:renameFSO(496)) - rename key failed: Failed to rename, key already exists root/file1. Error code: KEY_ALREADY_EXISTS source:a/b/c, destin:root/file1
]]></system-out>
  </testcase>
  <testcase name="testRenameToNewSubDirShouldNotExist" classname="TestOzoneFileSystemWithFSO" time="0.035">
    <system-out><![CDATA[14:17:16.483 [om1-OMStateMachineApplyTransactionThread - 0] ERROR OMAudit - user=runner | ip=127.0.0.1 | op=RENAME_KEY {volume=volume73660, bucket=bucket24382, dataSize=0, replicationType=NONE, replicationFactor=ZERO, srcKey=a, dstKey=b} | ret=FAILURE
org.apache.hadoop.ozone.om.exceptions.OMException: Failed to rename a to b/a, file already exists or not empty!
	at org.apache.hadoop.ozone.om.request.key.OMKeyRenameRequestWithFSO.validateAndUpdateCache(OMKeyRenameRequestWithFSO.java:197) ~[ozone-manager-1.4.0-SNAPSHOT.jar:?]
	at org.apache.hadoop.ozone.protocolPB.OzoneManagerRequestHandler.lambda$0(OzoneManagerRequestHandler.java:395) ~[ozone-manager-1.4.0-SNAPSHOT.jar:?]
	at org.apache.hadoop.util.MetricUtil.captureLatencyNs(MetricUtil.java:39) ~[hdds-common-1.4.0-SNAPSHOT.jar:?]
	at org.apache.hadoop.ozone.protocolPB.OzoneManagerRequestHandler.handleWriteRequest(OzoneManagerRequestHandler.java:393) ~[ozone-manager-1.4.0-SNAPSHOT.jar:?]
	at org.apache.hadoop.ozone.om.ratis.OzoneManagerStateMachine.runCommand(OzoneManagerStateMachine.java:581) ~[ozone-manager-1.4.0-SNAPSHOT.jar:?]
	at org.apache.hadoop.ozone.om.ratis.OzoneManagerStateMachine.lambda$1(OzoneManagerStateMachine.java:370) ~[ozone-manager-1.4.0-SNAPSHOT.jar:?]
	at java.util.concurrent.CompletableFuture$AsyncSupply.run(CompletableFuture.java:1604) [?:1.8.0_392]
	at java.util.concurrent.ThreadPoolExecutor.runWorker(ThreadPoolExecutor.java:1149) [?:1.8.0_392]
	at java.util.concurrent.ThreadPoolExecutor$Worker.run(ThreadPoolExecutor.java:624) [?:1.8.0_392]
	at java.lang.Thread.run(Thread.java:750) [?:1.8.0_392]
2023-11-20 14:17:16,483 [om1-OMStateMachineApplyTransactionThread - 0] ERROR key.OMKeyRenameRequestWithFSO (OMKeyRenameRequestWithFSO.java:validateAndUpdateCache(255)) - Rename key failed for volume:volume73660 bucket:bucket24382 fromKey:a toKey:b. Exception: Failed to rename a to b/a, file already exists or not empty!.
2023-11-20 14:17:16,483 [Time-limited test] ERROR ozone.BasicOzoneFileSystem (BasicOzoneFileSystem.java:renameFSO(496)) - rename key failed: Failed to rename a to b/a, file already exists or not empty!. Error code: KEY_ALREADY_EXISTS source:a, destin:b
14:17:16.500 [om1-OMStateMachineApplyTransactionThread - 0] ERROR OMAudit - user=runner | ip=127.0.0.1 | op=RENAME_KEY {volume=volume73660, bucket=bucket24382, dataSize=0, replicationType=NONE, replicationFactor=ZERO, srcKey=file1, dstKey=a} | ret=FAILURE
org.apache.hadoop.ozone.om.exceptions.OMException: Failed to rename file1 to a/file1, file already exists or not empty!
	at org.apache.hadoop.ozone.om.request.key.OMKeyRenameRequestWithFSO.validateAndUpdateCache(OMKeyRenameRequestWithFSO.java:197) ~[ozone-manager-1.4.0-SNAPSHOT.jar:?]
	at org.apache.hadoop.ozone.protocolPB.OzoneManagerRequestHandler.lambda$0(OzoneManagerRequestHandler.java:395) ~[ozone-manager-1.4.0-SNAPSHOT.jar:?]
	at org.apache.hadoop.util.MetricUtil.captureLatencyNs(MetricUtil.java:39) ~[hdds-common-1.4.0-SNAPSHOT.jar:?]
	at org.apache.hadoop.ozone.protocolPB.OzoneManagerRequestHandler.handleWriteRequest(OzoneManagerRequestHandler.java:393) ~[ozone-manager-1.4.0-SNAPSHOT.jar:?]
	at org.apache.hadoop.ozone.om.ratis.OzoneManagerStateMachine.runCommand(OzoneManagerStateMachine.java:581) ~[ozone-manager-1.4.0-SNAPSHOT.jar:?]
	at org.apache.hadoop.ozone.om.ratis.OzoneManagerStateMachine.lambda$1(OzoneManagerStateMachine.java:370) ~[ozone-manager-1.4.0-SNAPSHOT.jar:?]
	at java.util.concurrent.CompletableFuture$AsyncSupply.run(CompletableFuture.java:1604) [?:1.8.0_392]
	at java.util.concurrent.ThreadPoolExecutor.runWorker(ThreadPoolExecutor.java:1149) [?:1.8.0_392]
	at java.util.concurrent.ThreadPoolExecutor$Worker.run(ThreadPoolExecutor.java:624) [?:1.8.0_392]
	at java.lang.Thread.run(Thread.java:750) [?:1.8.0_392]
2023-11-20 14:17:16,500 [om1-OMStateMachineApplyTransactionThread - 0] ERROR key.OMKeyRenameRequestWithFSO (OMKeyRenameRequestWithFSO.java:validateAndUpdateCache(255)) - Rename key failed for volume:volume73660 bucket:bucket24382 fromKey:file1 toKey:a. Exception: Failed to rename file1 to a/file1, file already exists or not empty!.
2023-11-20 14:17:16,500 [Time-limited test] ERROR ozone.BasicOzoneFileSystem (BasicOzoneFileSystem.java:renameFSO(496)) - rename key failed: Failed to rename file1 to a/file1, file already exists or not empty!. Error code: KEY_ALREADY_EXISTS source:file1, destin:a
]]></system-out>
  </testcase>
  <testcase name="testRenameToNewSubDirShouldNotExist" classname="TestOzoneFileSystemWithFSO" time="0.02">
    <system-out><![CDATA[14:17:42.791 [IPC Server handler 12 on default port 15057] ERROR OMAudit - user=runner | ip=127.0.0.1 | op=RENAME_KEY {volume=volume48931, bucket=bucket54568, dataSize=0, replicationType=NONE, replicationFactor=ZERO, srcKey=a, dstKey=b} | ret=FAILURE
org.apache.hadoop.ozone.om.exceptions.OMException: Failed to rename a to b/a, file already exists or not empty!
	at org.apache.hadoop.ozone.om.request.key.OMKeyRenameRequestWithFSO.validateAndUpdateCache(OMKeyRenameRequestWithFSO.java:197) ~[ozone-manager-1.4.0-SNAPSHOT.jar:?]
	at org.apache.hadoop.ozone.protocolPB.OzoneManagerRequestHandler.lambda$0(OzoneManagerRequestHandler.java:395) ~[ozone-manager-1.4.0-SNAPSHOT.jar:?]
	at org.apache.hadoop.util.MetricUtil.captureLatencyNs(MetricUtil.java:39) ~[hdds-common-1.4.0-SNAPSHOT.jar:?]
	at org.apache.hadoop.ozone.protocolPB.OzoneManagerRequestHandler.handleWriteRequest(OzoneManagerRequestHandler.java:393) ~[ozone-manager-1.4.0-SNAPSHOT.jar:?]
	at org.apache.hadoop.ozone.protocolPB.OzoneManagerProtocolServerSideTranslatorPB.submitRequestDirectlyToOM(OzoneManagerProtocolServerSideTranslatorPB.java:325) ~[ozone-manager-1.4.0-SNAPSHOT.jar:?]
	at org.apache.hadoop.ozone.protocolPB.OzoneManagerProtocolServerSideTranslatorPB.internalProcessRequest(OzoneManagerProtocolServerSideTranslatorPB.java:207) ~[ozone-manager-1.4.0-SNAPSHOT.jar:?]
	at org.apache.hadoop.ozone.protocolPB.OzoneManagerProtocolServerSideTranslatorPB.processRequest(OzoneManagerProtocolServerSideTranslatorPB.java:171) ~[ozone-manager-1.4.0-SNAPSHOT.jar:?]
	at org.apache.hadoop.hdds.server.OzoneProtocolMessageDispatcher.processRequest(OzoneProtocolMessageDispatcher.java:89) [hdds-server-framework-1.4.0-SNAPSHOT.jar:?]
	at org.apache.hadoop.ozone.protocolPB.OzoneManagerProtocolServerSideTranslatorPB.submitRequest(OzoneManagerProtocolServerSideTranslatorPB.java:162) [ozone-manager-1.4.0-SNAPSHOT.jar:?]
	at org.apache.hadoop.ozone.protocol.proto.OzoneManagerProtocolProtos$OzoneManagerService$2.callBlockingMethod(OzoneManagerProtocolProtos.java) [ozone-interface-client-1.4.0-SNAPSHOT.jar:?]
	at org.apache.hadoop.ipc.ProtobufRpcEngine$Server.processCall(ProtobufRpcEngine.java:484) [hadoop-common-3.3.6.jar:?]
	at org.apache.hadoop.ipc.ProtobufRpcEngine2$Server$ProtoBufRpcInvoker.call(ProtobufRpcEngine2.java:595) [hadoop-common-3.3.6.jar:?]
	at org.apache.hadoop.ipc.ProtobufRpcEngine2$Server$ProtoBufRpcInvoker.call(ProtobufRpcEngine2.java:573) [hadoop-common-3.3.6.jar:?]
	at org.apache.hadoop.ipc.RPC$Server.call(RPC.java:1227) [hadoop-common-3.3.6.jar:?]
	at org.apache.hadoop.ipc.Server$RpcCall.run(Server.java:1094) [hadoop-common-3.3.6.jar:?]
	at org.apache.hadoop.ipc.Server$RpcCall.run(Server.java:1017) [hadoop-common-3.3.6.jar:?]
	at java.security.AccessController.doPrivileged(Native Method) ~[?:1.8.0_392]
	at javax.security.auth.Subject.doAs(Subject.java:422) [?:1.8.0_392]
	at org.apache.hadoop.security.UserGroupInformation.doAs(UserGroupInformation.java:1899) [hadoop-common-3.3.6.jar:?]
	at org.apache.hadoop.ipc.Server$Handler.run(Server.java:3048) [hadoop-common-3.3.6.jar:?]
2023-11-20 14:17:42,791 [IPC Server handler 12 on default port 15057] ERROR key.OMKeyRenameRequestWithFSO (OMKeyRenameRequestWithFSO.java:validateAndUpdateCache(255)) - Rename key failed for volume:volume48931 bucket:bucket54568 fromKey:a toKey:b. Exception: Failed to rename a to b/a, file already exists or not empty!.
2023-11-20 14:17:42,792 [Time-limited test] ERROR ozone.BasicOzoneFileSystem (BasicOzoneFileSystem.java:renameFSO(496)) - rename key failed: Failed to rename a to b/a, file already exists or not empty!. Error code: KEY_ALREADY_EXISTS source:a, destin:b
14:17:42.801 [IPC Server handler 18 on default port 15057] ERROR OMAudit - user=runner | ip=127.0.0.1 | op=RENAME_KEY {volume=volume48931, bucket=bucket54568, dataSize=0, replicationType=NONE, replicationFactor=ZERO, srcKey=file1, dstKey=a} | ret=FAILURE
org.apache.hadoop.ozone.om.exceptions.OMException: Failed to rename file1 to a/file1, file already exists or not empty!
	at org.apache.hadoop.ozone.om.request.key.OMKeyRenameRequestWithFSO.validateAndUpdateCache(OMKeyRenameRequestWithFSO.java:197) ~[ozone-manager-1.4.0-SNAPSHOT.jar:?]
	at org.apache.hadoop.ozone.protocolPB.OzoneManagerRequestHandler.lambda$0(OzoneManagerRequestHandler.java:395) ~[ozone-manager-1.4.0-SNAPSHOT.jar:?]
	at org.apache.hadoop.util.MetricUtil.captureLatencyNs(MetricUtil.java:39) ~[hdds-common-1.4.0-SNAPSHOT.jar:?]
	at org.apache.hadoop.ozone.protocolPB.OzoneManagerRequestHandler.handleWriteRequest(OzoneManagerRequestHandler.java:393) ~[ozone-manager-1.4.0-SNAPSHOT.jar:?]
	at org.apache.hadoop.ozone.protocolPB.OzoneManagerProtocolServerSideTranslatorPB.submitRequestDirectlyToOM(OzoneManagerProtocolServerSideTranslatorPB.java:325) ~[ozone-manager-1.4.0-SNAPSHOT.jar:?]
	at org.apache.hadoop.ozone.protocolPB.OzoneManagerProtocolServerSideTranslatorPB.internalProcessRequest(OzoneManagerProtocolServerSideTranslatorPB.java:207) ~[ozone-manager-1.4.0-SNAPSHOT.jar:?]
	at org.apache.hadoop.ozone.protocolPB.OzoneManagerProtocolServerSideTranslatorPB.processRequest(OzoneManagerProtocolServerSideTranslatorPB.java:171) ~[ozone-manager-1.4.0-SNAPSHOT.jar:?]
	at org.apache.hadoop.hdds.server.OzoneProtocolMessageDispatcher.processRequest(OzoneProtocolMessageDispatcher.java:89) [hdds-server-framework-1.4.0-SNAPSHOT.jar:?]
	at org.apache.hadoop.ozone.protocolPB.OzoneManagerProtocolServerSideTranslatorPB.submitRequest(OzoneManagerProtocolServerSideTranslatorPB.java:162) [ozone-manager-1.4.0-SNAPSHOT.jar:?]
	at org.apache.hadoop.ozone.protocol.proto.OzoneManagerProtocolProtos$OzoneManagerService$2.callBlockingMethod(OzoneManagerProtocolProtos.java) [ozone-interface-client-1.4.0-SNAPSHOT.jar:?]
	at org.apache.hadoop.ipc.ProtobufRpcEngine$Server.processCall(ProtobufRpcEngine.java:484) [hadoop-common-3.3.6.jar:?]
	at org.apache.hadoop.ipc.ProtobufRpcEngine2$Server$ProtoBufRpcInvoker.call(ProtobufRpcEngine2.java:595) [hadoop-common-3.3.6.jar:?]
	at org.apache.hadoop.ipc.ProtobufRpcEngine2$Server$ProtoBufRpcInvoker.call(ProtobufRpcEngine2.java:573) [hadoop-common-3.3.6.jar:?]
	at org.apache.hadoop.ipc.RPC$Server.call(RPC.java:1227) [hadoop-common-3.3.6.jar:?]
	at org.apache.hadoop.ipc.Server$RpcCall.run(Server.java:1094) [hadoop-common-3.3.6.jar:?]
	at org.apache.hadoop.ipc.Server$RpcCall.run(Server.java:1017) [hadoop-common-3.3.6.jar:?]
	at java.security.AccessController.doPrivileged(Native Method) ~[?:1.8.0_392]
	at javax.security.auth.Subject.doAs(Subject.java:422) [?:1.8.0_392]
	at org.apache.hadoop.security.UserGroupInformation.doAs(UserGroupInformation.java:1899) [hadoop-common-3.3.6.jar:?]
	at org.apache.hadoop.ipc.Server$Handler.run(Server.java:3048) [hadoop-common-3.3.6.jar:?]
2023-11-20 14:17:42,802 [IPC Server handler 18 on default port 15057] ERROR key.OMKeyRenameRequestWithFSO (OMKeyRenameRequestWithFSO.java:validateAndUpdateCache(255)) - Rename key failed for volume:volume48931 bucket:bucket54568 fromKey:file1 toKey:a. Exception: Failed to rename file1 to a/file1, file already exists or not empty!.
2023-11-20 14:17:42,802 [Time-limited test] ERROR ozone.BasicOzoneFileSystem (BasicOzoneFileSystem.java:renameFSO(496)) - rename key failed: Failed to rename file1 to a/file1, file already exists or not empty!. Error code: KEY_ALREADY_EXISTS source:file1, destin:a
]]></system-out>
  </testcase>
  <testcase name="testProcessingDetails" classname="TestOzoneFileSystemWithFSO" time="0.043">
    <system-out><![CDATA[2023-11-20 14:17:16,513 [IPC Server handler 15 on default port 15001] DEBUG ipc.ProcessingDetails (Server.java:run(3071)) - Served: [Call#898 Retry#0 org.apache.hadoop.hdds.scm.protocol.ScmBlockLocationProtocol.send from fv-az1500-317.a2vfemv3ef5etcjjw3rviercvg.cx.internal.cloudapp.net:40552 / 10.1.0.10:40552] name=send user=runner (auth:SIMPLE) details=enqueueTime=9327 queueTime=8511 handlerTime=18164 processingTime=757832 lockfreeTime=757832 lockwaitTime=0 locksharedTime=0 lockexclusiveTime=0 responseTime=80269
2023-11-20 14:17:16,517 [IPC Server handler 5 on default port 15004] DEBUG ipc.ProcessingDetails (Server.java:run(3071)) - Served: [Call#897 Retry#0 org.apache.hadoop.ozone.om.protocol.OzoneManagerProtocol.submitRequest from localhost:39576 / 127.0.0.1:39576] name=submitRequest user=runner (auth:SIMPLE) details=enqueueTime=9157 queueTime=11792 handlerTime=21510 processingTime=5579674 lockfreeTime=4288750 lockwaitTime=2655 locksharedTime=36326 lockexclusiveTime=1251943 responseTime=104475
2023-11-20 14:17:16,538 [IPC Server handler 0 on default port 15002] DEBUG ipc.ProcessingDetails (Server.java:run(3071)) - Served: [Call#899 Retry#0 org.apache.hadoop.ozone.protocol.StorageContainerDatanodeProtocol.submitRequest from fv-az1500-317.a2vfemv3ef5etcjjw3rviercvg.cx.internal.cloudapp.net:49748 / 10.1.0.10:49748] name=submitRequest user=runner (auth:SIMPLE) details=enqueueTime=9759 queueTime=57807 handlerTime=24045 processingTime=402079 lockfreeTime=402079 lockwaitTime=0 locksharedTime=0 lockexclusiveTime=0 responseTime=115816
2023-11-20 14:17:16,546 [IPC Server handler 0 on default port 15004] DEBUG ipc.ProcessingDetails (Server.java:run(3071)) - Served: [Call#900 Retry#0 org.apache.hadoop.ozone.om.protocol.OzoneManagerProtocol.submitRequest from localhost:39576 / 127.0.0.1:39576] name=submitRequest user=runner (auth:SIMPLE) details=enqueueTime=8145 queueTime=10092 handlerTime=21880 processingTime=2218953 lockfreeTime=1621400 lockwaitTime=1532 locksharedTime=0 lockexclusiveTime=596021 responseTime=53129
]]></system-out>
  </testcase>
  <testcase name="testProcessingDetails" classname="TestOzoneFileSystemWithFSO" time="0.037">
    <system-out><![CDATA[2023-11-20 14:17:42,813 [IPC Server handler 18 on default port 15054] DEBUG ipc.ProcessingDetails (Server.java:run(3071)) - Served: [Call#3391 Retry#0 org.apache.hadoop.hdds.scm.protocol.ScmBlockLocationProtocol.send from fv-az1500-317.a2vfemv3ef5etcjjw3rviercvg.cx.internal.cloudapp.net:35310 / 10.1.0.10:35310] name=send user=runner (auth:SIMPLE) details=enqueueTime=6543 queueTime=6712 handlerTime=16571 processingTime=574381 lockfreeTime=574381 lockwaitTime=0 locksharedTime=0 lockexclusiveTime=0 responseTime=50504
2023-11-20 14:17:42,814 [IPC Server handler 4 on default port 15057] DEBUG ipc.ProcessingDetails (Server.java:run(3071)) - Served: [Call#3390 Retry#0 org.apache.hadoop.ozone.om.protocol.OzoneManagerProtocol.submitRequest from localhost:56032 / 127.0.0.1:56032] name=submitRequest user=runner (auth:SIMPLE) details=enqueueTime=6402 queueTime=10036 handlerTime=11040 processingTime=5956828 lockfreeTime=5646658 lockwaitTime=1925 locksharedTime=26630 lockexclusiveTime=281615 responseTime=57347
2023-11-20 14:17:42,832 [IPC Server handler 8 on default port 15055] DEBUG ipc.ProcessingDetails (Server.java:run(3071)) - Served: [Call#3392 Retry#0 org.apache.hadoop.ozone.protocol.StorageContainerDatanodeProtocol.submitRequest from fv-az1500-317.a2vfemv3ef5etcjjw3rviercvg.cx.internal.cloudapp.net:45434 / 10.1.0.10:45434] name=submitRequest user=runner (auth:SIMPLE) details=enqueueTime=6703 queueTime=10329 handlerTime=18685 processingTime=292455 lockfreeTime=292455 lockwaitTime=0 locksharedTime=0 lockexclusiveTime=0 responseTime=42599
2023-11-20 14:17:42,839 [IPC Server handler 5 on default port 15057] DEBUG ipc.ProcessingDetails (Server.java:run(3071)) - Served: [Call#3393 Retry#0 org.apache.hadoop.ozone.om.protocol.OzoneManagerProtocol.submitRequest from localhost:56032 / 127.0.0.1:56032] name=submitRequest user=runner (auth:SIMPLE) details=enqueueTime=6742 queueTime=9005 handlerTime=12983 processingTime=1096053 lockfreeTime=701268 lockwaitTime=1592 locksharedTime=10610 lockexclusiveTime=382583 responseTime=49573
]]></system-out>
  </testcase>
  <testcase name="testListStatusOnLargeDirectoryForACLCheck" classname="TestOzoneFileSystemWithFSO" time="3.338"/>
  <testcase name="testListStatusOnLargeDirectoryForACLCheck" classname="TestOzoneFileSystemWithFSO" time="2.486"/>
  <testcase name="testRenameFileToDir" classname="TestOzoneFileSystemWithFSO" time="0.02"/>
  <testcase name="testRenameFileToDir" classname="TestOzoneFileSystemWithFSO" time="0.014"/>
  <testcase name="testListStatusWithIntermediateDirWithECEnabled" classname="TestOzoneFileSystemWithFSO" time="0.015">
    <system-out><![CDATA[2023-11-20 14:17:19,914 [IPC Server handler 5 on default port 15001] INFO  algorithms.SCMContainerPlacementRackScatter (SCMContainerPlacementRackScatter.java:chooseDatanodesInternal(370)) - Chosen nodes: [c950ed05-5bc7-49cd-b60c-e9631522e919(fv-az1500-317.a2vfemv3ef5etcjjw3rviercvg.cx.internal.cloudapp.net/10.1.0.10), 617fee10-5999-41fc-ba89-05e5beaae1db(fv-az1500-317.a2vfemv3ef5etcjjw3rviercvg.cx.internal.cloudapp.net/10.1.0.10), 4acbe1c1-18a2-4209-a8df-4dbe8c379458(fv-az1500-317.a2vfemv3ef5etcjjw3rviercvg.cx.internal.cloudapp.net/10.1.0.10), e744cdee-db3a-4307-a129-877114b2ee40(fv-az1500-317.a2vfemv3ef5etcjjw3rviercvg.cx.internal.cloudapp.net/10.1.0.10), e3a4102d-65f7-48f2-aab6-9dba3586f78e(fv-az1500-317.a2vfemv3ef5etcjjw3rviercvg.cx.internal.cloudapp.net/10.1.0.10)]. isPolicySatisfied: true.
2023-11-20 14:17:19,916 [IPC Server handler 5 on default port 15001] INFO  pipeline.WritableECContainerProvider (WritableECContainerProvider.java:allocateContainer(211)) - Created and opened new pipeline Pipeline[ Id: 22e39927-eca9-4035-a939-7a4401f5abce, Nodes: c950ed05-5bc7-49cd-b60c-e9631522e919(fv-az1500-317.a2vfemv3ef5etcjjw3rviercvg.cx.internal.cloudapp.net/10.1.0.10)617fee10-5999-41fc-ba89-05e5beaae1db(fv-az1500-317.a2vfemv3ef5etcjjw3rviercvg.cx.internal.cloudapp.net/10.1.0.10)4acbe1c1-18a2-4209-a8df-4dbe8c379458(fv-az1500-317.a2vfemv3ef5etcjjw3rviercvg.cx.internal.cloudapp.net/10.1.0.10)e744cdee-db3a-4307-a129-877114b2ee40(fv-az1500-317.a2vfemv3ef5etcjjw3rviercvg.cx.internal.cloudapp.net/10.1.0.10)e3a4102d-65f7-48f2-aab6-9dba3586f78e(fv-az1500-317.a2vfemv3ef5etcjjw3rviercvg.cx.internal.cloudapp.net/10.1.0.10), ReplicationConfig: EC{rs-3-2-1024k}, State:ALLOCATED, leaderId:, CreationTimestamp2023-11-20T14:17:19.914Z[Etc/UTC]]
]]></system-out>
  </testcase>
  <testcase name="testListStatusWithIntermediateDirWithECEnabled" classname="TestOzoneFileSystemWithFSO" time="0.011">
    <system-out><![CDATA[2023-11-20 14:17:45,347 [IPC Server handler 14 on default port 15054] INFO  algorithms.SCMContainerPlacementRackScatter (SCMContainerPlacementRackScatter.java:chooseDatanodesInternal(370)) - Chosen nodes: [c8e369c4-4c6c-4030-b1f6-34ff4305fcfc(fv-az1500-317.a2vfemv3ef5etcjjw3rviercvg.cx.internal.cloudapp.net/10.1.0.10), 5f312036-1abf-429a-aae6-fa5b52f7bc5c(fv-az1500-317.a2vfemv3ef5etcjjw3rviercvg.cx.internal.cloudapp.net/10.1.0.10), a4a2c43d-89de-4e22-8bcd-4dcd11c36e95(fv-az1500-317.a2vfemv3ef5etcjjw3rviercvg.cx.internal.cloudapp.net/10.1.0.10), d8d0483b-b60f-4086-b029-9dd5e1fa5048(fv-az1500-317.a2vfemv3ef5etcjjw3rviercvg.cx.internal.cloudapp.net/10.1.0.10), 17b41fa2-89b0-41d9-9866-157016c3cd1a(fv-az1500-317.a2vfemv3ef5etcjjw3rviercvg.cx.internal.cloudapp.net/10.1.0.10)]. isPolicySatisfied: true.
2023-11-20 14:17:45,348 [IPC Server handler 14 on default port 15054] INFO  pipeline.WritableECContainerProvider (WritableECContainerProvider.java:allocateContainer(211)) - Created and opened new pipeline Pipeline[ Id: 3faa07da-b936-45f2-84c0-49d0d1505442, Nodes: c8e369c4-4c6c-4030-b1f6-34ff4305fcfc(fv-az1500-317.a2vfemv3ef5etcjjw3rviercvg.cx.internal.cloudapp.net/10.1.0.10)5f312036-1abf-429a-aae6-fa5b52f7bc5c(fv-az1500-317.a2vfemv3ef5etcjjw3rviercvg.cx.internal.cloudapp.net/10.1.0.10)a4a2c43d-89de-4e22-8bcd-4dcd11c36e95(fv-az1500-317.a2vfemv3ef5etcjjw3rviercvg.cx.internal.cloudapp.net/10.1.0.10)d8d0483b-b60f-4086-b029-9dd5e1fa5048(fv-az1500-317.a2vfemv3ef5etcjjw3rviercvg.cx.internal.cloudapp.net/10.1.0.10)17b41fa2-89b0-41d9-9866-157016c3cd1a(fv-az1500-317.a2vfemv3ef5etcjjw3rviercvg.cx.internal.cloudapp.net/10.1.0.10), ReplicationConfig: EC{rs-3-2-1024k}, State:ALLOCATED, leaderId:, CreationTimestamp2023-11-20T14:17:45.347Z[Etc/UTC]]
]]></system-out>
  </testcase>
  <testcase name="testMakeDirsWithAnExistingDirectoryPath" classname="TestOzoneFileSystemWithFSO" time="0.009"/>
  <testcase name="testMakeDirsWithAnExistingDirectoryPath" classname="TestOzoneFileSystemWithFSO" time="0.009"/>
  <testcase name="testSetTimes" classname="TestOzoneFileSystemWithFSO" time="0.047"/>
  <testcase name="testSetTimes" classname="TestOzoneFileSystemWithFSO" time="0.032"/>
</testsuite>