<?xml version="1.0" encoding="UTF-8"?>
<testsuite xmlns:xsi="http://www.w3.org/2001/XMLSchema-instance" xsi:noNamespaceSchemaLocation="https://maven.apache.org/surefire/maven-surefire-plugin/xsd/surefire-test-report-3.0.xsd" version="3.0" name="org.apache.hadoop.ozone.TestSecureOzoneCluster" time="141.513" tests="16" errors="0" skipped="2" failures="1">
  <properties>
    <property name="awt.toolkit" value="sun.awt.X11.XToolkit"/>
    <property name="file.encoding.pkg" value="sun.io"/>
    <property name="java.specification.version" value="1.8"/>
    <property name="sun.cpu.isalist" value=""/>
    <property name="sun.jnu.encoding" value="UTF-8"/>
    <property name="java.class.path" value="/home/runner/work/ozone/ozone/hadoop-ozone/integration-test/target/test-classes:/home/runner/work/ozone/ozone/hadoop-ozone/integration-test/target/classes:/home/runner/.m2/repository/org/apache/ozone/ozone-common/1.4.0-SNAPSHOT/ozone-common-1.4.0-SNAPSHOT.jar:/home/runner/.m2/repository/io/grpc/grpc-netty/1.51.1/grpc-netty-1.51.1.jar:/home/runner/.m2/repository/io/grpc/grpc-core/1.51.1/grpc-core-1.51.1.jar:/home/runner/.m2/repository/com/google/android/annotations/4.1.1.4/annotations-4.1.1.4.jar:/home/runner/.m2/repository/org/codehaus/mojo/animal-sniffer-annotations/1.21/animal-sniffer-annotations-1.21.jar:/home/runner/.m2/repository/com/google/errorprone/error_prone_annotations/2.2.0/error_prone_annotations-2.2.0.jar:/home/runner/.m2/repository/io/perfmark/perfmark-api/0.25.0/perfmark-api-0.25.0.jar:/home/runner/.m2/repository/io/netty/netty-codec-http2/4.1.94.Final/netty-codec-http2-4.1.94.Final.jar:/home/runner/.m2/repository/io/netty/netty-common/4.1.94.Final/netty-common-4.1.94.Final.jar:/home/runner/.m2/repository/io/netty/netty-buffer/4.1.94.Final/netty-buffer-4.1.94.Final.jar:/home/runner/.m2/repository/io/netty/netty-codec-http/4.1.94.Final/netty-codec-http-4.1.94.Final.jar:/home/runner/.m2/repository/io/netty/netty-handler-proxy/4.1.94.Final/netty-handler-proxy-4.1.94.Final.jar:/home/runner/.m2/repository/io/netty/netty-codec-socks/4.1.94.Final/netty-codec-socks-4.1.94.Final.jar:/home/runner/.m2/repository/io/netty/netty-tcnative-boringssl-static/2.0.61.Final/netty-tcnative-boringssl-static-2.0.61.Final.jar:/home/runner/.m2/repository/io/netty/netty-tcnative-classes/2.0.61.Final/netty-tcnative-classes-2.0.61.Final.jar:/home/runner/.m2/repository/io/netty/netty-tcnative-boringssl-static/2.0.61.Final/netty-tcnative-boringssl-static-2.0.61.Final-linux-x86_64.jar:/home/runner/.m2/repository/io/netty/netty-tcnative-boringssl-static/2.0.61.Final/netty-tcnative-boringssl-static-2.0.61.Final-linux-aarch_64.jar:/home/runner/.m2/repository/io/netty/netty-tcnative-boringssl-static/2.0.61.Final/netty-tcnative-boringssl-static-2.0.61.Final-osx-x86_64.jar:/home/runner/.m2/repository/io/netty/netty-tcnative-boringssl-static/2.0.61.Final/netty-tcnative-boringssl-static-2.0.61.Final-osx-aarch_64.jar:/home/runner/.m2/repository/io/netty/netty-tcnative-boringssl-static/2.0.61.Final/netty-tcnative-boringssl-static-2.0.61.Final-windows-x86_64.jar:/home/runner/.m2/repository/org/apache/commons/commons-compress/1.21/commons-compress-1.21.jar:/home/runner/.m2/repository/org/apache/ozone/hdds-common/1.4.0-SNAPSHOT/hdds-common-1.4.0-SNAPSHOT.jar:/home/runner/.m2/repository/org/apache/ozone/hdds-client/1.4.0-SNAPSHOT/hdds-client-1.4.0-SNAPSHOT.jar:/home/runner/.m2/repository/org/apache/ozone/ozone-interface-client/1.4.0-SNAPSHOT/ozone-interface-client-1.4.0-SNAPSHOT.jar:/home/runner/.m2/repository/org/apache/hadoop/hadoop-hdfs-client/3.3.6/hadoop-hdfs-client-3.3.6.jar:/home/runner/.m2/repository/com/squareup/okhttp3/okhttp/4.9.3/okhttp-4.9.3.jar:/home/runner/.m2/repository/com/squareup/okio/okio/3.4.0/okio-3.4.0.jar:/home/runner/.m2/repository/com/squareup/okio/okio-jvm/3.4.0/okio-jvm-3.4.0.jar:/home/runner/.m2/repository/org/jetbrains/kotlin/kotlin-stdlib-jdk8/1.8.0/kotlin-stdlib-jdk8-1.8.0.jar:/home/runner/.m2/repository/org/jetbrains/kotlin/kotlin-stdlib-jdk7/1.8.0/kotlin-stdlib-jdk7-1.8.0.jar:/home/runner/.m2/repository/org/jetbrains/kotlin/kotlin-stdlib-common/1.6.21/kotlin-stdlib-common-1.6.21.jar:/home/runner/.m2/repository/org/apache/ozone/hdds-test-utils/1.4.0-SNAPSHOT/hdds-test-utils-1.4.0-SNAPSHOT.jar:/home/runner/.m2/repository/com/google/guava/guava/32.0.0-jre/guava-32.0.0-jre.jar:/home/runner/.m2/repository/com/google/guava/failureaccess/1.0.1/failureaccess-1.0.1.jar:/home/runner/.m2/repository/com/google/guava/listenablefuture/9999.0-empty-to-avoid-conflict-with-guava/listenablefuture-9999.0-empty-to-avoid-conflict-with-guava.jar:/home/runner/.m2/repository/com/google/code/findbugs/jsr305/3.0.0/jsr305-3.0.0.jar:/home/runner/.m2/repository/org/checkerframework/checker-qual/3.33.0/checker-qual-3.33.0.jar:/home/runner/.m2/repository/com/google/j2objc/j2objc-annotations/2.8/j2objc-annotations-2.8.jar:/home/runner/.m2/repository/commons-io/commons-io/2.11.0/commons-io-2.11.0.jar:/home/runner/.m2/repository/commons-logging/commons-logging/1.2/commons-logging-1.2.jar:/home/runner/.m2/repository/ch/qos/reload4j/reload4j/1.2.22/reload4j-1.2.22.jar:/home/runner/.m2/repository/org/slf4j/slf4j-api/1.7.36/slf4j-api-1.7.36.jar:/home/runner/.m2/repository/org/apache/logging/log4j/log4j-api/2.17.1/log4j-api-2.17.1.jar:/home/runner/.m2/repository/org/apache/ozone/hdds-server-scm/1.4.0-SNAPSHOT/hdds-server-scm-1.4.0-SNAPSHOT.jar:/home/runner/.m2/repository/org/apache/ozone/hdds-container-service/1.4.0-SNAPSHOT/hdds-container-service-1.4.0-SNAPSHOT.jar:/home/runner/.m2/repository/org/apache/ozone/hdds-hadoop-dependency-server/1.4.0-SNAPSHOT/hdds-hadoop-dependency-server-1.4.0-SNAPSHOT.jar:/home/runner/.m2/repository/org/apache/hadoop/hadoop-hdfs/3.3.6/hadoop-hdfs-3.3.6.jar:/home/runner/.m2/repository/commons-daemon/commons-daemon/1.0.13/commons-daemon-1.0.13.jar:/home/runner/.m2/repository/org/apache/ozone/hdds-server-framework/1.4.0-SNAPSHOT/hdds-server-framework-1.4.0-SNAPSHOT.jar:/home/runner/.m2/repository/io/dropwizard/metrics/metrics-core/3.2.4/metrics-core-3.2.4.jar:/home/runner/.m2/repository/org/apache/commons/commons-text/1.10.0/commons-text-1.10.0.jar:/home/runner/.m2/repository/org/bouncycastle/bcprov-jdk15on/1.67/bcprov-jdk15on-1.67.jar:/home/runner/.m2/repository/com/google/protobuf/protobuf-java/2.5.0/protobuf-java-2.5.0.jar:/home/runner/.m2/repository/org/apache/ozone/hdds-server-framework/1.4.0-SNAPSHOT/hdds-server-framework-1.4.0-SNAPSHOT-tests.jar:/home/runner/.m2/repository/org/apache/ozone/hdds-interface-server/1.4.0-SNAPSHOT/hdds-interface-server-1.4.0-SNAPSHOT.jar:/home/runner/.m2/repository/org/apache/ozone/hdds-interface-admin/1.4.0-SNAPSHOT/hdds-interface-admin-1.4.0-SNAPSHOT.jar:/home/runner/.m2/repository/org/apache/ozone/hdds-managed-rocksdb/1.4.0-SNAPSHOT/hdds-managed-rocksdb-1.4.0-SNAPSHOT.jar:/home/runner/.m2/repository/org/rocksdb/rocksdbjni/7.7.3/rocksdbjni-7.7.3.jar:/home/runner/.m2/repository/org/slf4j/slf4j-reload4j/1.7.36/slf4j-reload4j-1.7.36.jar:/home/runner/.m2/repository/org/apache/commons/commons-configuration2/2.1.1/commons-configuration2-2.1.1.jar:/home/runner/.m2/repository/commons-fileupload/commons-fileupload/1.5/commons-fileupload-1.5.jar:/home/runner/.m2/repository/org/apache/logging/log4j/log4j-core/2.17.1/log4j-core-2.17.1.jar:/home/runner/.m2/repository/com/lmax/disruptor/3.4.2/disruptor-3.4.2.jar:/home/runner/.m2/repository/org/eclipse/jetty/jetty-util/9.4.51.v20230217/jetty-util-9.4.51.v20230217.jar:/home/runner/.m2/repository/org/eclipse/jetty/jetty-server/9.4.51.v20230217/jetty-server-9.4.51.v20230217.jar:/home/runner/.m2/repository/org/eclipse/jetty/jetty-http/9.4.51.v20230217/jetty-http-9.4.51.v20230217.jar:/home/runner/.m2/repository/org/eclipse/jetty/jetty-io/9.4.51.v20230217/jetty-io-9.4.51.v20230217.jar:/home/runner/.m2/repository/org/eclipse/jetty/jetty-servlet/9.4.51.v20230217/jetty-servlet-9.4.51.v20230217.jar:/home/runner/.m2/repository/org/eclipse/jetty/jetty-security/9.4.51.v20230217/jetty-security-9.4.51.v20230217.jar:/home/runner/.m2/repository/org/eclipse/jetty/jetty-util-ajax/9.4.51.v20230217/jetty-util-ajax-9.4.51.v20230217.jar:/home/runner/.m2/repository/org/eclipse/jetty/jetty-webapp/9.4.51.v20230217/jetty-webapp-9.4.51.v20230217.jar:/home/runner/.m2/repository/org/eclipse/jetty/jetty-xml/9.4.51.v20230217/jetty-xml-9.4.51.v20230217.jar:/home/runner/.m2/repository/org/apache/ratis/ratis-server/2.5.1/ratis-server-2.5.1.jar:/home/runner/.m2/repository/org/apache/ratis/ratis-thirdparty-misc/1.0.4/ratis-thirdparty-misc-1.0.4.jar:/home/runner/.m2/repository/org/apache/ratis/ratis-proto/2.5.1/ratis-proto-2.5.1.jar:/home/runner/.m2/repository/org/apache/ratis/ratis-common/2.5.1/ratis-common-2.5.1.jar:/home/runner/.m2/repository/org/apache/ratis/ratis-client/2.5.1/ratis-client-2.5.1.jar:/home/runner/.m2/repository/org/apache/ratis/ratis-server-api/2.5.1/ratis-server-api-2.5.1.jar:/home/runner/.m2/repository/org/apache/ratis/ratis-metrics/2.5.1/ratis-metrics-2.5.1.jar:/home/runner/.m2/repository/io/prometheus/simpleclient_dropwizard/0.7.0/simpleclient_dropwizard-0.7.0.jar:/home/runner/.m2/repository/io/prometheus/simpleclient/0.7.0/simpleclient-0.7.0.jar:/home/runner/.m2/repository/io/prometheus/simpleclient_common/0.7.0/simpleclient_common-0.7.0.jar:/home/runner/.m2/repository/com/fasterxml/jackson/datatype/jackson-datatype-jsr310/2.13.4/jackson-datatype-jsr310-2.13.4.jar:/home/runner/.m2/repository/com/fasterxml/jackson/core/jackson-core/2.13.4/jackson-core-2.13.4.jar:/home/runner/.m2/repository/com/github/spotbugs/spotbugs-annotations/3.1.12/spotbugs-annotations-3.1.12.jar:/home/runner/.m2/repository/org/apache/ozone/rocksdb-checkpoint-differ/1.4.0-SNAPSHOT/rocksdb-checkpoint-differ-1.4.0-SNAPSHOT.jar:/home/runner/.m2/repository/org/jgrapht/jgrapht-core/1.0.1/jgrapht-core-1.0.1.jar:/home/runner/.m2/repository/org/jgrapht/jgrapht-ext/1.0.1/jgrapht-ext-1.0.1.jar:/home/runner/.m2/repository/org/tinyjee/jgraphx/jgraphx/2.0.0.1/jgraphx-2.0.0.1.jar:/home/runner/.m2/repository/jgraph/jgraph/5.13.0.0/jgraph-5.13.0.0.jar:/home/runner/.m2/repository/org/antlr/antlr4-runtime/4.5.3/antlr4-runtime-4.5.3.jar:/home/runner/.m2/repository/org/awaitility/awaitility/4.2.0/awaitility-4.2.0.jar:/home/runner/.m2/repository/org/hamcrest/hamcrest/2.1/hamcrest-2.1.jar:/home/runner/.m2/repository/org/apache/ozone/ozone-manager/1.4.0-SNAPSHOT/ozone-manager-1.4.0-SNAPSHOT.jar:/home/runner/.m2/repository/org/aspectj/aspectjrt/1.9.7/aspectjrt-1.9.7.jar:/home/runner/.m2/repository/org/aspectj/aspectjweaver/1.9.7/aspectjweaver-1.9.7.jar:/home/runner/.m2/repository/org/apache/ozone/hdds-interface-client/1.4.0-SNAPSHOT/hdds-interface-client-1.4.0-SNAPSHOT.jar:/home/runner/.m2/repository/org/apache/hadoop/thirdparty/hadoop-shaded-protobuf_3_7/1.1.1/hadoop-shaded-protobuf_3_7-1.1.1.jar:/home/runner/.m2/repository/org/apache/ozone/ozone-interface-storage/1.4.0-SNAPSHOT/ozone-interface-storage-1.4.0-SNAPSHOT.jar:/home/runner/.m2/repository/org/reflections/reflections/0.9.11/reflections-0.9.11.jar:/home/runner/.m2/repository/com/sun/jersey/jersey-client/1.19/jersey-client-1.19.jar:/home/runner/.m2/repository/org/codehaus/jackson/jackson-core-asl/1.9.13/jackson-core-asl-1.9.13.jar:/home/runner/.m2/repository/org/codehaus/jackson/jackson-mapper-asl/1.9.13/jackson-mapper-asl-1.9.13.jar:/home/runner/.m2/repository/org/codehaus/jackson/jackson-jaxrs/1.9.13/jackson-jaxrs-1.9.13.jar:/home/runner/.m2/repository/org/apache/ranger/ranger-intg/2.3.0/ranger-intg-2.3.0.jar:/home/runner/.m2/repository/org/apache/ranger/ranger-plugins-common/2.3.0/ranger-plugins-common-2.3.0.jar:/home/runner/.m2/repository/commons-lang/commons-lang/2.6/commons-lang-2.6.jar:/home/runner/.m2/repository/org/apache/ranger/ranger-plugins-cred/2.3.0/ranger-plugins-cred-2.3.0.jar:/home/runner/.m2/repository/org/apache/ranger/ranger-plugins-audit/2.3.0/ranger-plugins-audit-2.3.0.jar:/home/runner/.m2/repository/org/eclipse/jetty/jetty-client/9.4.51.v20230217/jetty-client-9.4.51.v20230217.jar:/home/runner/.m2/repository/org/apache/httpcomponents/httpmime/4.5.6/httpmime-4.5.6.jar:/home/runner/.m2/repository/org/apache/httpcomponents/httpcore-nio/4.4.13/httpcore-nio-4.4.13.jar:/home/runner/.m2/repository/org/apache/httpcomponents/httpasyncclient/4.1.3/httpasyncclient-4.1.3.jar:/home/runner/.m2/repository/com/carrotsearch/hppc/0.8.0/hppc-0.8.0.jar:/home/runner/.m2/repository/org/apache/orc/orc-core/1.5.8/orc-core-1.5.8.jar:/home/runner/.m2/repository/net/java/dev/jna/jna/5.2.0/jna-5.2.0.jar:/home/runner/.m2/repository/net/java/dev/jna/jna-platform/5.2.0/jna-platform-5.2.0.jar:/home/runner/.m2/repository/com/kstruct/gethostname4j/0.0.2/gethostname4j-0.0.2.jar:/home/runner/.m2/repository/org/apache/ranger/ranger-plugin-classloader/2.3.0/ranger-plugin-classloader-2.3.0.jar:/home/runner/.m2/repository/org/apache/ozone/hdds-rocks-native/1.4.0-SNAPSHOT/hdds-rocks-native-1.4.0-SNAPSHOT.jar:/home/runner/.m2/repository/org/apache/hadoop/hadoop-minikdc/3.3.6/hadoop-minikdc-3.3.6.jar:/home/runner/.m2/repository/org/apache/kerby/kerb-simplekdc/1.0.1/kerb-simplekdc-1.0.1.jar:/home/runner/.m2/repository/org/apache/kerby/kerb-client/1.0.1/kerb-client-1.0.1.jar:/home/runner/.m2/repository/org/apache/kerby/kerby-config/1.0.1/kerby-config-1.0.1.jar:/home/runner/.m2/repository/org/apache/kerby/kerb-common/1.0.1/kerb-common-1.0.1.jar:/home/runner/.m2/repository/org/apache/kerby/kerb-crypto/1.0.1/kerb-crypto-1.0.1.jar:/home/runner/.m2/repository/org/apache/kerby/kerb-util/1.0.1/kerb-util-1.0.1.jar:/home/runner/.m2/repository/org/apache/kerby/token-provider/1.0.1/token-provider-1.0.1.jar:/home/runner/.m2/repository/org/apache/kerby/kerb-admin/1.0.1/kerb-admin-1.0.1.jar:/home/runner/.m2/repository/org/apache/kerby/kerb-server/1.0.1/kerb-server-1.0.1.jar:/home/runner/.m2/repository/org/apache/kerby/kerb-identity/1.0.1/kerb-identity-1.0.1.jar:/home/runner/.m2/repository/org/apache/kerby/kerby-xdr/1.0.1/kerby-xdr-1.0.1.jar:/home/runner/.m2/repository/org/apache/ozone/ozone-s3gateway/1.4.0-SNAPSHOT/ozone-s3gateway-1.4.0-SNAPSHOT.jar:/home/runner/.m2/repository/org/javassist/javassist/3.21.0-GA/javassist-3.21.0-GA.jar:/home/runner/.m2/repository/org/jboss/weld/servlet/weld-servlet-shaded/3.1.9.Final/weld-servlet-shaded-3.1.9.Final.jar:/home/runner/.m2/repository/org/glassfish/jersey/containers/jersey-container-servlet-core/2.34/jersey-container-servlet-core-2.34.jar:/home/runner/.m2/repository/org/glassfish/hk2/external/jakarta.inject/2.6.1/jakarta.inject-2.6.1.jar:/home/runner/.m2/repository/org/glassfish/jersey/core/jersey-common/2.34/jersey-common-2.34.jar:/home/runner/.m2/repository/jakarta/ws/rs/jakarta.ws.rs-api/2.1.6/jakarta.ws.rs-api-2.1.6.jar:/home/runner/.m2/repository/org/glassfish/jersey/ext/cdi/jersey-cdi1x/2.34/jersey-cdi1x-2.34.jar:/home/runner/.m2/repository/org/glassfish/jersey/inject/jersey-hk2/2.34/jersey-hk2-2.34.jar:/home/runner/.m2/repository/org/glassfish/hk2/hk2-locator/2.6.1/hk2-locator-2.6.1.jar:/home/runner/.m2/repository/org/glassfish/jersey/media/jersey-media-jaxb/2.34/jersey-media-jaxb-2.34.jar:/home/runner/.m2/repository/org/glassfish/hk2/osgi-resource-locator/1.0.3/osgi-resource-locator-1.0.3.jar:/home/runner/.m2/repository/org/glassfish/hk2/hk2-api/2.5.0/hk2-api-2.5.0.jar:/home/runner/.m2/repository/org/glassfish/hk2/hk2-utils/2.5.0/hk2-utils-2.5.0.jar:/home/runner/.m2/repository/org/glassfish/hk2/external/aopalliance-repackaged/2.5.0/aopalliance-repackaged-2.5.0.jar:/home/runner/.m2/repository/com/fasterxml/jackson/dataformat/jackson-dataformat-xml/2.13.4/jackson-dataformat-xml-2.13.4.jar:/home/runner/.m2/repository/org/codehaus/woodstox/stax2-api/4.2.1/stax2-api-4.2.1.jar:/home/runner/.m2/repository/com/fasterxml/woodstox/woodstox-core/5.4.0/woodstox-core-5.4.0.jar:/home/runner/.m2/repository/com/fasterxml/jackson/module/jackson-module-jaxb-annotations/2.13.4/jackson-module-jaxb-annotations-2.13.4.jar:/home/runner/.m2/repository/jakarta/xml/bind/jakarta.xml.bind-api/2.3.3/jakarta.xml.bind-api-2.3.3.jar:/home/runner/.m2/repository/jakarta/activation/jakarta.activation-api/1.2.2/jakarta.activation-api-1.2.2.jar:/home/runner/.m2/repository/javax/enterprise/cdi-api/2.0/cdi-api-2.0.jar:/home/runner/.m2/repository/javax/el/javax.el-api/3.0.0/javax.el-api-3.0.0.jar:/home/runner/.m2/repository/javax/interceptor/javax.interceptor-api/1.2/javax.interceptor-api-1.2.jar:/home/runner/.m2/repository/javax/inject/javax.inject/1/javax.inject-1.jar:/home/runner/.m2/repository/javax/xml/bind/jaxb-api/2.3.0/jaxb-api-2.3.0.jar:/home/runner/.m2/repository/org/glassfish/jaxb/jaxb-runtime/2.3.0.1/jaxb-runtime-2.3.0.1.jar:/home/runner/.m2/repository/org/glassfish/jaxb/jaxb-core/2.3.0.1/jaxb-core-2.3.0.1.jar:/home/runner/.m2/repository/org/glassfish/jaxb/txw2/2.3.0.1/txw2-2.3.0.1.jar:/home/runner/.m2/repository/com/sun/istack/istack-commons-runtime/3.0.5/istack-commons-runtime-3.0.5.jar:/home/runner/.m2/repository/org/jvnet/staxex/stax-ex/1.7.8/stax-ex-1.7.8.jar:/home/runner/.m2/repository/com/sun/xml/fastinfoset/FastInfoset/1.2.13/FastInfoset-1.2.13.jar:/home/runner/.m2/repository/javax/activation/activation/1.1.1/activation-1.1.1.jar:/home/runner/.m2/repository/io/grpc/grpc-protobuf/1.51.1/grpc-protobuf-1.51.1.jar:/home/runner/.m2/repository/com/google/api/grpc/proto-google-common-protos/2.9.0/proto-google-common-protos-2.9.0.jar:/home/runner/.m2/repository/io/grpc/grpc-protobuf-lite/1.51.1/grpc-protobuf-lite-1.51.1.jar:/home/runner/.m2/repository/io/grpc/grpc-stub/1.51.1/grpc-stub-1.51.1.jar:/home/runner/.m2/repository/io/netty/netty-transport/4.1.94.Final/netty-transport-4.1.94.Final.jar:/home/runner/.m2/repository/io/netty/netty-resolver/4.1.94.Final/netty-resolver-4.1.94.Final.jar:/home/runner/.m2/repository/org/apache/ozone/ozone-csi/1.4.0-SNAPSHOT/ozone-csi-1.4.0-SNAPSHOT.jar:/home/runner/.m2/repository/com/google/protobuf/protobuf-java-util/3.19.6/protobuf-java-util-3.19.6.jar:/home/runner/.m2/repository/com/google/code/gson/gson/2.9.0/gson-2.9.0.jar:/home/runner/.m2/repository/org/apache/ozone/hdds-config/1.4.0-SNAPSHOT/hdds-config-1.4.0-SNAPSHOT.jar:/home/runner/.m2/repository/io/netty/netty-transport-native-epoll/4.1.94.Final/netty-transport-native-epoll-4.1.94.Final-linux-x86_64.jar:/home/runner/.m2/repository/io/netty/netty-transport-classes-epoll/4.1.94.Final/netty-transport-classes-epoll-4.1.94.Final.jar:/home/runner/.m2/repository/io/netty/netty-transport-native-unix-common/4.1.94.Final/netty-transport-native-unix-common-4.1.94.Final.jar:/home/runner/.m2/repository/org/apache/ozone/ozone-recon/1.4.0-SNAPSHOT/ozone-recon-1.4.0-SNAPSHOT.jar:/home/runner/.m2/repository/org/apache/ozone/ozone-reconcodegen/1.4.0-SNAPSHOT/ozone-reconcodegen-1.4.0-SNAPSHOT.jar:/home/runner/.m2/repository/com/google/inject/guice/5.1.0/guice-5.1.0.jar:/home/runner/.m2/repository/aopalliance/aopalliance/1.0/aopalliance-1.0.jar:/home/runner/.m2/repository/com/google/inject/extensions/guice-assistedinject/5.1.0/guice-assistedinject-5.1.0.jar:/home/runner/.m2/repository/com/google/inject/extensions/guice-servlet/5.1.0/guice-servlet-5.1.0.jar:/home/runner/.m2/repository/org/glassfish/jersey/containers/jersey-container-servlet/2.34/jersey-container-servlet-2.34.jar:/home/runner/.m2/repository/org/glassfish/hk2/guice-bridge/2.5.0/guice-bridge-2.5.0.jar:/home/runner/.m2/repository/org/glassfish/jersey/core/jersey-server/2.34/jersey-server-2.34.jar:/home/runner/.m2/repository/org/glassfish/jersey/core/jersey-client/2.34/jersey-client-2.34.jar:/home/runner/.m2/repository/jakarta/annotation/jakarta.annotation-api/1.3.5/jakarta.annotation-api-1.3.5.jar:/home/runner/.m2/repository/jakarta/validation/jakarta.validation-api/2.0.2/jakarta.validation-api-2.0.2.jar:/home/runner/.m2/repository/org/glassfish/jersey/media/jersey-media-json-jackson/2.34/jersey-media-json-jackson-2.34.jar:/home/runner/.m2/repository/org/glassfish/jersey/ext/jersey-entity-filtering/2.34/jersey-entity-filtering-2.34.jar:/home/runner/.m2/repository/org/jooq/jooq/3.11.10/jooq-3.11.10.jar:/home/runner/.m2/repository/org/jooq/jooq-meta/3.11.10/jooq-meta-3.11.10.jar:/home/runner/.m2/repository/org/jooq/jooq-codegen/3.11.10/jooq-codegen-3.11.10.jar:/home/runner/.m2/repository/com/jolbox/bonecp/0.8.0.RELEASE/bonecp-0.8.0.RELEASE.jar:/home/runner/.m2/repository/org/apache/derby/derby/10.14.2.0/derby-10.14.2.0.jar:/home/runner/.m2/repository/org/xerial/sqlite-jdbc/3.41.2.2/sqlite-jdbc-3.41.2.2.jar:/home/runner/.m2/repository/org/springframework/spring-jdbc/5.3.27/spring-jdbc-5.3.27.jar:/home/runner/.m2/repository/org/springframework/spring-beans/5.3.27/spring-beans-5.3.27.jar:/home/runner/.m2/repository/org/springframework/spring-core/5.3.27/spring-core-5.3.27.jar:/home/runner/.m2/repository/org/springframework/spring-tx/5.3.27/spring-tx-5.3.27.jar:/home/runner/.m2/repository/org/apache/ozone/ozone-client/1.4.0-SNAPSHOT/ozone-client-1.4.0-SNAPSHOT.jar:/home/runner/.m2/repository/org/apache/ozone/hdds-erasurecode/1.4.0-SNAPSHOT/hdds-erasurecode-1.4.0-SNAPSHOT.jar:/home/runner/.m2/repository/org/apache/ozone/ozone-filesystem/1.4.0-SNAPSHOT/ozone-filesystem-1.4.0-SNAPSHOT.jar:/home/runner/.m2/repository/org/apache/ozone/ozone-filesystem-common/1.4.0-SNAPSHOT/ozone-filesystem-common-1.4.0-SNAPSHOT.jar:/home/runner/.m2/repository/org/apache/ozone/ozone-tools/1.4.0-SNAPSHOT/ozone-tools-1.4.0-SNAPSHOT.jar:/home/runner/.m2/repository/com/amazonaws/aws-java-sdk-core/1.12.261/aws-java-sdk-core-1.12.261.jar:/home/runner/.m2/repository/org/apache/httpcomponents/httpclient/4.5.13/httpclient-4.5.13.jar:/home/runner/.m2/repository/org/apache/httpcomponents/httpcore/4.4.13/httpcore-4.4.13.jar:/home/runner/.m2/repository/software/amazon/ion/ion-java/1.0.2/ion-java-1.0.2.jar:/home/runner/.m2/repository/com/fasterxml/jackson/dataformat/jackson-dataformat-cbor/2.13.4/jackson-dataformat-cbor-2.13.4.jar:/home/runner/.m2/repository/joda-time/joda-time/2.10.6/joda-time-2.10.6.jar:/home/runner/.m2/repository/com/amazonaws/aws-java-sdk-s3/1.12.261/aws-java-sdk-s3-1.12.261.jar:/home/runner/.m2/repository/com/amazonaws/aws-java-sdk-kms/1.12.261/aws-java-sdk-kms-1.12.261.jar:/home/runner/.m2/repository/com/amazonaws/jmespath-java/1.12.261/jmespath-java-1.12.261.jar:/home/runner/.m2/repository/org/kohsuke/metainf-services/metainf-services/1.8/metainf-services-1.8.jar:/home/runner/.m2/repository/org/apache/ozone/hdds-tools/1.4.0-SNAPSHOT/hdds-tools-1.4.0-SNAPSHOT.jar:/home/runner/.m2/repository/org/apache/ratis/ratis-tools/2.5.1/ratis-tools-2.5.1.jar:/home/runner/.m2/repository/commons-cli/commons-cli/1.2/commons-cli-1.2.jar:/home/runner/.m2/repository/org/apache/commons/commons-lang3/3.7/commons-lang3-3.7.jar:/home/runner/.m2/repository/org/apache/ozone/ozone-manager/1.4.0-SNAPSHOT/ozone-manager-1.4.0-SNAPSHOT-tests.jar:/home/runner/.m2/repository/org/apache/ozone/hdds-common/1.4.0-SNAPSHOT/hdds-common-1.4.0-SNAPSHOT-tests.jar:/home/runner/.m2/repository/org/apache/ozone/hdds-hadoop-dependency-client/1.4.0-SNAPSHOT/hdds-hadoop-dependency-client-1.4.0-SNAPSHOT.jar:/home/runner/.m2/repository/info/picocli/picocli/4.6.1/picocli-4.6.1.jar:/home/runner/.m2/repository/com/fasterxml/jackson/core/jackson-annotations/2.13.4/jackson-annotations-2.13.4.jar:/home/runner/.m2/repository/org/apache/ozone/hdds-annotation-processing/1.4.0-SNAPSHOT/hdds-annotation-processing-1.4.0-SNAPSHOT.jar:/home/runner/.m2/repository/javax/annotation/javax.annotation-api/1.2/javax.annotation-api-1.2.jar:/home/runner/.m2/repository/org/apache/ratis/ratis-netty/2.5.1/ratis-netty-2.5.1.jar:/home/runner/.m2/repository/org/apache/ratis/ratis-grpc/2.5.1/ratis-grpc-2.5.1.jar:/home/runner/.m2/repository/org/apache/commons/commons-pool2/2.6.0/commons-pool2-2.6.0.jar:/home/runner/.m2/repository/org/bouncycastle/bcpkix-jdk15on/1.67/bcpkix-jdk15on-1.67.jar:/home/runner/.m2/repository/commons-validator/commons-validator/1.6/commons-validator-1.6.jar:/home/runner/.m2/repository/commons-beanutils/commons-beanutils/1.9.4/commons-beanutils-1.9.4.jar:/home/runner/.m2/repository/commons-digester/commons-digester/1.8.1/commons-digester-1.8.1.jar:/home/runner/.m2/repository/commons-collections/commons-collections/3.2.2/commons-collections-3.2.2.jar:/home/runner/.m2/repository/io/jaegertracing/jaeger-client/1.6.0/jaeger-client-1.6.0.jar:/home/runner/.m2/repository/io/jaegertracing/jaeger-thrift/1.6.0/jaeger-thrift-1.6.0.jar:/home/runner/.m2/repository/org/apache/thrift/libthrift/0.14.1/libthrift-0.14.1.jar:/home/runner/.m2/repository/io/jaegertracing/jaeger-core/1.6.0/jaeger-core-1.6.0.jar:/home/runner/.m2/repository/io/jaegertracing/jaeger-tracerresolver/1.6.0/jaeger-tracerresolver-1.6.0.jar:/home/runner/.m2/repository/io/opentracing/contrib/opentracing-tracerresolver/0.1.8/opentracing-tracerresolver-0.1.8.jar:/home/runner/.m2/repository/org/jetbrains/kotlin/kotlin-stdlib/1.6.21/kotlin-stdlib-1.6.21.jar:/home/runner/.m2/repository/org/jetbrains/annotations/13.0/annotations-13.0.jar:/home/runner/.m2/repository/io/opentracing/opentracing-util/0.33.0/opentracing-util-0.33.0.jar:/home/runner/.m2/repository/io/opentracing/opentracing-api/0.33.0/opentracing-api-0.33.0.jar:/home/runner/.m2/repository/io/opentracing/opentracing-noop/0.33.0/opentracing-noop-0.33.0.jar:/home/runner/.m2/repository/org/yaml/snakeyaml/2.0/snakeyaml-2.0.jar:/home/runner/.m2/repository/io/grpc/grpc-api/1.51.1/grpc-api-1.51.1.jar:/home/runner/.m2/repository/io/grpc/grpc-context/1.51.1/grpc-context-1.51.1.jar:/home/runner/.m2/repository/junit/junit/4.13.1/junit-4.13.1.jar:/home/runner/.m2/repository/org/hamcrest/hamcrest-core/1.3/hamcrest-core-1.3.jar:/home/runner/.m2/repository/org/junit/jupiter/junit-jupiter-api/5.8.2/junit-jupiter-api-5.8.2.jar:/home/runner/.m2/repository/org/opentest4j/opentest4j/1.2.0/opentest4j-1.2.0.jar:/home/runner/.m2/repository/org/junit/platform/junit-platform-commons/1.8.2/junit-platform-commons-1.8.2.jar:/home/runner/.m2/repository/org/apiguardian/apiguardian-api/1.1.2/apiguardian-api-1.1.2.jar:/home/runner/.m2/repository/org/junit/jupiter/junit-jupiter-params/5.8.2/junit-jupiter-params-5.8.2.jar:/home/runner/.m2/repository/org/junit/jupiter/junit-jupiter-migrationsupport/5.8.2/junit-jupiter-migrationsupport-5.8.2.jar:/home/runner/.m2/repository/org/junit/jupiter/junit-jupiter-engine/5.8.2/junit-jupiter-engine-5.8.2.jar:/home/runner/.m2/repository/org/junit/platform/junit-platform-engine/1.8.2/junit-platform-engine-1.8.2.jar:/home/runner/.m2/repository/org/junit/vintage/junit-vintage-engine/5.8.2/junit-vintage-engine-5.8.2.jar:/home/runner/.m2/repository/org/junit/platform/junit-platform-launcher/1.8.2/junit-platform-launcher-1.8.2.jar:/home/runner/.m2/repository/org/mockito/mockito-core/3.5.9/mockito-core-3.5.9.jar:/home/runner/.m2/repository/net/bytebuddy/byte-buddy/1.10.13/byte-buddy-1.10.13.jar:/home/runner/.m2/repository/net/bytebuddy/byte-buddy-agent/1.10.13/byte-buddy-agent-1.10.13.jar:/home/runner/.m2/repository/org/objenesis/objenesis/1.0/objenesis-1.0.jar:/home/runner/.m2/repository/org/apache/hadoop/hadoop-kms/3.3.6/hadoop-kms-3.3.6.jar:/home/runner/.m2/repository/org/apache/hadoop/hadoop-auth/3.3.6/hadoop-auth-3.3.6.jar:/home/runner/.m2/repository/com/nimbusds/nimbus-jose-jwt/9.8.1/nimbus-jose-jwt-9.8.1.jar:/home/runner/.m2/repository/com/github/stephenc/jcip/jcip-annotations/1.0-1/jcip-annotations-1.0-1.jar:/home/runner/.m2/repository/org/apache/zookeeper/zookeeper/3.5.6/zookeeper-3.5.6.jar:/home/runner/.m2/repository/org/apache/zookeeper/zookeeper-jute/3.5.6/zookeeper-jute-3.5.6.jar:/home/runner/.m2/repository/org/apache/yetus/audience-annotations/0.5.0/audience-annotations-0.5.0.jar:/home/runner/.m2/repository/org/apache/curator/curator-framework/4.2.0/curator-framework-4.2.0.jar:/home/runner/.m2/repository/org/apache/hadoop/thirdparty/hadoop-shaded-guava/1.1.1/hadoop-shaded-guava-1.1.1.jar:/home/runner/.m2/repository/com/sun/jersey/jersey-core/1.19/jersey-core-1.19.jar:/home/runner/.m2/repository/javax/ws/rs/jsr311-api/1.1.1/jsr311-api-1.1.1.jar:/home/runner/.m2/repository/com/sun/jersey/jersey-server/1.19/jersey-server-1.19.jar:/home/runner/.m2/repository/javax/servlet/javax.servlet-api/3.1.0/javax.servlet-api-3.1.0.jar:/home/runner/.m2/repository/org/apache/hadoop/hadoop-common/3.3.6/hadoop-common-3.3.6.jar:/home/runner/.m2/repository/org/apache/commons/commons-math3/3.1.1/commons-math3-3.1.1.jar:/home/runner/.m2/repository/commons-net/commons-net/3.9.0/commons-net-3.9.0.jar:/home/runner/.m2/repository/com/sun/jersey/jersey-servlet/1.19/jersey-servlet-1.19.jar:/home/runner/.m2/repository/com/github/pjfanning/jersey-json/1.20/jersey-json-1.20.jar:/home/runner/.m2/repository/org/codehaus/jettison/jettison/1.1/jettison-1.1.jar:/home/runner/.m2/repository/com/sun/xml/bind/jaxb-impl/2.2.3-1/jaxb-impl-2.2.3-1.jar:/home/runner/.m2/repository/com/google/re2j/re2j/1.1/re2j-1.1.jar:/home/runner/.m2/repository/com/jcraft/jsch/0.1.54/jsch-0.1.54.jar:/home/runner/.m2/repository/org/apache/curator/curator-client/4.2.0/curator-client-4.2.0.jar:/home/runner/.m2/repository/org/apache/curator/curator-recipes/5.2.0/curator-recipes-5.2.0.jar:/home/runner/.m2/repository/org/apache/kerby/kerb-core/1.0.1/kerb-core-1.0.1.jar:/home/runner/.m2/repository/org/apache/kerby/kerby-pkix/1.0.1/kerby-pkix-1.0.1.jar:/home/runner/.m2/repository/org/apache/kerby/kerby-asn1/1.0.1/kerby-asn1-1.0.1.jar:/home/runner/.m2/repository/org/apache/kerby/kerby-util/1.0.1/kerby-util-1.0.1.jar:/home/runner/.m2/repository/dnsjava/dnsjava/2.1.7/dnsjava-2.1.7.jar:/home/runner/.m2/repository/org/xerial/snappy/snappy-java/1.1.8.2/snappy-java-1.1.8.2.jar:/home/runner/.m2/repository/com/fasterxml/jackson/core/jackson-databind/2.13.4.2/jackson-databind-2.13.4.2.jar:/home/runner/.m2/repository/org/apache/hadoop/hadoop-kms/3.3.6/hadoop-kms-3.3.6-tests.jar:/home/runner/.m2/repository/org/apache/ozone/hdds-server-scm/1.4.0-SNAPSHOT/hdds-server-scm-1.4.0-SNAPSHOT-tests.jar:/home/runner/.m2/repository/org/apache/ozone/hdds-container-service/1.4.0-SNAPSHOT/hdds-container-service-1.4.0-SNAPSHOT-tests.jar:/home/runner/.m2/repository/com/github/luben/zstd-jni/1.5.2-5/zstd-jni-1.5.2-5.jar:/home/runner/.m2/repository/commons-codec/commons-codec/1.15/commons-codec-1.15.jar:/home/runner/.m2/repository/io/netty/netty-codec/4.1.94.Final/netty-codec-4.1.94.Final.jar:/home/runner/.m2/repository/io/netty/netty-handler/4.1.94.Final/netty-handler-4.1.94.Final.jar:/home/runner/.m2/repository/org/apache/ozone/hdds-hadoop-dependency-test/1.4.0-SNAPSHOT/hdds-hadoop-dependency-test-1.4.0-SNAPSHOT.jar:/home/runner/.m2/repository/org/apache/hadoop/hadoop-common/3.3.6/hadoop-common-3.3.6-tests.jar:/home/runner/.m2/repository/org/apache/hadoop/hadoop-hdfs/3.3.6/hadoop-hdfs-3.3.6-tests.jar:/home/runner/.m2/repository/org/assertj/assertj-core/3.12.2/assertj-core-3.12.2.jar:/home/runner/.m2/repository/org/apache/hadoop/hadoop-distcp/3.3.6/hadoop-distcp-3.3.6.jar:/home/runner/.m2/repository/org/apache/hadoop/hadoop-mapreduce-client-jobclient/3.3.6/hadoop-mapreduce-client-jobclient-3.3.6.jar:/home/runner/.m2/repository/org/apache/hadoop/hadoop-mapreduce-client-common/3.3.6/hadoop-mapreduce-client-common-3.3.6.jar:/home/runner/.m2/repository/org/apache/hadoop/hadoop-yarn-common/3.3.6/hadoop-yarn-common-3.3.6.jar:/home/runner/.m2/repository/org/apache/hadoop/hadoop-yarn-api/3.3.6/hadoop-yarn-api-3.3.6.jar:/home/runner/.m2/repository/com/sun/jersey/contribs/jersey-guice/1.19/jersey-guice-1.19.jar:/home/runner/.m2/repository/com/fasterxml/jackson/jaxrs/jackson-jaxrs-json-provider/2.13.4/jackson-jaxrs-json-provider-2.13.4.jar:/home/runner/.m2/repository/com/fasterxml/jackson/jaxrs/jackson-jaxrs-base/2.13.4/jackson-jaxrs-base-2.13.4.jar:/home/runner/.m2/repository/org/apache/hadoop/hadoop-yarn-client/3.3.6/hadoop-yarn-client-3.3.6.jar:/home/runner/.m2/repository/org/eclipse/jetty/websocket/websocket-client/9.4.51.v20230217/websocket-client-9.4.51.v20230217.jar:/home/runner/.m2/repository/org/eclipse/jetty/websocket/websocket-common/9.4.51.v20230217/websocket-common-9.4.51.v20230217.jar:/home/runner/.m2/repository/org/eclipse/jetty/websocket/websocket-api/9.4.51.v20230217/websocket-api-9.4.51.v20230217.jar:/home/runner/.m2/repository/org/jline/jline/3.9.0/jline-3.9.0.jar:/home/runner/.m2/repository/org/apache/hadoop/hadoop-mapreduce-client-core/3.3.6/hadoop-mapreduce-client-core-3.3.6.jar:/home/runner/.m2/repository/org/apache/avro/avro/1.7.7/avro-1.7.7.jar:/home/runner/.m2/repository/com/thoughtworks/paranamer/paranamer/2.3/paranamer-2.3.jar:/home/runner/.m2/repository/org/apache/hadoop/hadoop-annotations/3.3.6/hadoop-annotations-3.3.6.jar:/usr/lib/jvm/temurin-8-jdk-amd64/jre/../lib/tools.jar:/home/runner/.m2/repository/io/netty/netty/3.10.6.Final/netty-3.10.6.Final.jar:/home/runner/.m2/repository/org/apache/hadoop/hadoop-distcp/3.3.6/hadoop-distcp-3.3.6-tests.jar:/home/runner/.m2/repository/org/slf4j/jul-to-slf4j/1.7.36/jul-to-slf4j-1.7.36.jar:"/>
    <property name="java.vm.vendor" value="Temurin"/>
    <property name="sun.arch.data.model" value="64"/>
    <property name="test.build.dir" value="/home/runner/work/ozone/ozone/hadoop-ozone/integration-test/target/test-dir"/>
    <property name="sun.security.krb5.debug" value="false"/>
    <property name="test.cache.data" value=""/>
    <property name="java.vendor.url" value="https://adoptium.net/"/>
    <property name="user.timezone" value="Etc/UTC"/>
    <property name="os.name" value="Linux"/>
    <property name="java.vm.specification.version" value="1.8"/>
    <property name="test.build.data" value="/home/runner/work/ozone/ozone/hadoop-ozone/integration-test/target/test-dir"/>
    <property name="sun.java.launcher" value="SUN_STANDARD"/>
    <property name="sun.boot.library.path" value="/usr/lib/jvm/temurin-8-jdk-amd64/jre/lib/amd64"/>
    <property name="sun.java.command" value="/home/runner/work/ozone/ozone/hadoop-ozone/integration-test/target/surefire/surefirebooter8187274705792144107.jar /home/runner/work/ozone/ozone/hadoop-ozone/integration-test/target/surefire 2023-09-14T12-36-49_067-jvmRun1 surefire5731165686848576360tmp surefire_154975782313516542277tmp"/>
    <property name="native.lib.tmp.dir" value="/tmp"/>
    <property name="surefire.test.class.path" value="/home/runner/work/ozone/ozone/hadoop-ozone/integration-test/target/test-classes:/home/runner/work/ozone/ozone/hadoop-ozone/integration-test/target/classes:/home/runner/.m2/repository/org/apache/ozone/ozone-common/1.4.0-SNAPSHOT/ozone-common-1.4.0-SNAPSHOT.jar:/home/runner/.m2/repository/io/grpc/grpc-netty/1.51.1/grpc-netty-1.51.1.jar:/home/runner/.m2/repository/io/grpc/grpc-core/1.51.1/grpc-core-1.51.1.jar:/home/runner/.m2/repository/com/google/android/annotations/4.1.1.4/annotations-4.1.1.4.jar:/home/runner/.m2/repository/org/codehaus/mojo/animal-sniffer-annotations/1.21/animal-sniffer-annotations-1.21.jar:/home/runner/.m2/repository/com/google/errorprone/error_prone_annotations/2.2.0/error_prone_annotations-2.2.0.jar:/home/runner/.m2/repository/io/perfmark/perfmark-api/0.25.0/perfmark-api-0.25.0.jar:/home/runner/.m2/repository/io/netty/netty-codec-http2/4.1.94.Final/netty-codec-http2-4.1.94.Final.jar:/home/runner/.m2/repository/io/netty/netty-common/4.1.94.Final/netty-common-4.1.94.Final.jar:/home/runner/.m2/repository/io/netty/netty-buffer/4.1.94.Final/netty-buffer-4.1.94.Final.jar:/home/runner/.m2/repository/io/netty/netty-codec-http/4.1.94.Final/netty-codec-http-4.1.94.Final.jar:/home/runner/.m2/repository/io/netty/netty-handler-proxy/4.1.94.Final/netty-handler-proxy-4.1.94.Final.jar:/home/runner/.m2/repository/io/netty/netty-codec-socks/4.1.94.Final/netty-codec-socks-4.1.94.Final.jar:/home/runner/.m2/repository/io/netty/netty-tcnative-boringssl-static/2.0.61.Final/netty-tcnative-boringssl-static-2.0.61.Final.jar:/home/runner/.m2/repository/io/netty/netty-tcnative-classes/2.0.61.Final/netty-tcnative-classes-2.0.61.Final.jar:/home/runner/.m2/repository/io/netty/netty-tcnative-boringssl-static/2.0.61.Final/netty-tcnative-boringssl-static-2.0.61.Final-linux-x86_64.jar:/home/runner/.m2/repository/io/netty/netty-tcnative-boringssl-static/2.0.61.Final/netty-tcnative-boringssl-static-2.0.61.Final-linux-aarch_64.jar:/home/runner/.m2/repository/io/netty/netty-tcnative-boringssl-static/2.0.61.Final/netty-tcnative-boringssl-static-2.0.61.Final-osx-x86_64.jar:/home/runner/.m2/repository/io/netty/netty-tcnative-boringssl-static/2.0.61.Final/netty-tcnative-boringssl-static-2.0.61.Final-osx-aarch_64.jar:/home/runner/.m2/repository/io/netty/netty-tcnative-boringssl-static/2.0.61.Final/netty-tcnative-boringssl-static-2.0.61.Final-windows-x86_64.jar:/home/runner/.m2/repository/org/apache/commons/commons-compress/1.21/commons-compress-1.21.jar:/home/runner/.m2/repository/org/apache/ozone/hdds-common/1.4.0-SNAPSHOT/hdds-common-1.4.0-SNAPSHOT.jar:/home/runner/.m2/repository/org/apache/ozone/hdds-client/1.4.0-SNAPSHOT/hdds-client-1.4.0-SNAPSHOT.jar:/home/runner/.m2/repository/org/apache/ozone/ozone-interface-client/1.4.0-SNAPSHOT/ozone-interface-client-1.4.0-SNAPSHOT.jar:/home/runner/.m2/repository/org/apache/hadoop/hadoop-hdfs-client/3.3.6/hadoop-hdfs-client-3.3.6.jar:/home/runner/.m2/repository/com/squareup/okhttp3/okhttp/4.9.3/okhttp-4.9.3.jar:/home/runner/.m2/repository/com/squareup/okio/okio/3.4.0/okio-3.4.0.jar:/home/runner/.m2/repository/com/squareup/okio/okio-jvm/3.4.0/okio-jvm-3.4.0.jar:/home/runner/.m2/repository/org/jetbrains/kotlin/kotlin-stdlib-jdk8/1.8.0/kotlin-stdlib-jdk8-1.8.0.jar:/home/runner/.m2/repository/org/jetbrains/kotlin/kotlin-stdlib-jdk7/1.8.0/kotlin-stdlib-jdk7-1.8.0.jar:/home/runner/.m2/repository/org/jetbrains/kotlin/kotlin-stdlib-common/1.6.21/kotlin-stdlib-common-1.6.21.jar:/home/runner/.m2/repository/org/apache/ozone/hdds-test-utils/1.4.0-SNAPSHOT/hdds-test-utils-1.4.0-SNAPSHOT.jar:/home/runner/.m2/repository/com/google/guava/guava/32.0.0-jre/guava-32.0.0-jre.jar:/home/runner/.m2/repository/com/google/guava/failureaccess/1.0.1/failureaccess-1.0.1.jar:/home/runner/.m2/repository/com/google/guava/listenablefuture/9999.0-empty-to-avoid-conflict-with-guava/listenablefuture-9999.0-empty-to-avoid-conflict-with-guava.jar:/home/runner/.m2/repository/com/google/code/findbugs/jsr305/3.0.0/jsr305-3.0.0.jar:/home/runner/.m2/repository/org/checkerframework/checker-qual/3.33.0/checker-qual-3.33.0.jar:/home/runner/.m2/repository/com/google/j2objc/j2objc-annotations/2.8/j2objc-annotations-2.8.jar:/home/runner/.m2/repository/commons-io/commons-io/2.11.0/commons-io-2.11.0.jar:/home/runner/.m2/repository/commons-logging/commons-logging/1.2/commons-logging-1.2.jar:/home/runner/.m2/repository/ch/qos/reload4j/reload4j/1.2.22/reload4j-1.2.22.jar:/home/runner/.m2/repository/org/slf4j/slf4j-api/1.7.36/slf4j-api-1.7.36.jar:/home/runner/.m2/repository/org/apache/logging/log4j/log4j-api/2.17.1/log4j-api-2.17.1.jar:/home/runner/.m2/repository/org/apache/ozone/hdds-server-scm/1.4.0-SNAPSHOT/hdds-server-scm-1.4.0-SNAPSHOT.jar:/home/runner/.m2/repository/org/apache/ozone/hdds-container-service/1.4.0-SNAPSHOT/hdds-container-service-1.4.0-SNAPSHOT.jar:/home/runner/.m2/repository/org/apache/ozone/hdds-hadoop-dependency-server/1.4.0-SNAPSHOT/hdds-hadoop-dependency-server-1.4.0-SNAPSHOT.jar:/home/runner/.m2/repository/org/apache/hadoop/hadoop-hdfs/3.3.6/hadoop-hdfs-3.3.6.jar:/home/runner/.m2/repository/commons-daemon/commons-daemon/1.0.13/commons-daemon-1.0.13.jar:/home/runner/.m2/repository/org/apache/ozone/hdds-server-framework/1.4.0-SNAPSHOT/hdds-server-framework-1.4.0-SNAPSHOT.jar:/home/runner/.m2/repository/io/dropwizard/metrics/metrics-core/3.2.4/metrics-core-3.2.4.jar:/home/runner/.m2/repository/org/apache/commons/commons-text/1.10.0/commons-text-1.10.0.jar:/home/runner/.m2/repository/org/bouncycastle/bcprov-jdk15on/1.67/bcprov-jdk15on-1.67.jar:/home/runner/.m2/repository/com/google/protobuf/protobuf-java/2.5.0/protobuf-java-2.5.0.jar:/home/runner/.m2/repository/org/apache/ozone/hdds-server-framework/1.4.0-SNAPSHOT/hdds-server-framework-1.4.0-SNAPSHOT-tests.jar:/home/runner/.m2/repository/org/apache/ozone/hdds-interface-server/1.4.0-SNAPSHOT/hdds-interface-server-1.4.0-SNAPSHOT.jar:/home/runner/.m2/repository/org/apache/ozone/hdds-interface-admin/1.4.0-SNAPSHOT/hdds-interface-admin-1.4.0-SNAPSHOT.jar:/home/runner/.m2/repository/org/apache/ozone/hdds-managed-rocksdb/1.4.0-SNAPSHOT/hdds-managed-rocksdb-1.4.0-SNAPSHOT.jar:/home/runner/.m2/repository/org/rocksdb/rocksdbjni/7.7.3/rocksdbjni-7.7.3.jar:/home/runner/.m2/repository/org/slf4j/slf4j-reload4j/1.7.36/slf4j-reload4j-1.7.36.jar:/home/runner/.m2/repository/org/apache/commons/commons-configuration2/2.1.1/commons-configuration2-2.1.1.jar:/home/runner/.m2/repository/commons-fileupload/commons-fileupload/1.5/commons-fileupload-1.5.jar:/home/runner/.m2/repository/org/apache/logging/log4j/log4j-core/2.17.1/log4j-core-2.17.1.jar:/home/runner/.m2/repository/com/lmax/disruptor/3.4.2/disruptor-3.4.2.jar:/home/runner/.m2/repository/org/eclipse/jetty/jetty-util/9.4.51.v20230217/jetty-util-9.4.51.v20230217.jar:/home/runner/.m2/repository/org/eclipse/jetty/jetty-server/9.4.51.v20230217/jetty-server-9.4.51.v20230217.jar:/home/runner/.m2/repository/org/eclipse/jetty/jetty-http/9.4.51.v20230217/jetty-http-9.4.51.v20230217.jar:/home/runner/.m2/repository/org/eclipse/jetty/jetty-io/9.4.51.v20230217/jetty-io-9.4.51.v20230217.jar:/home/runner/.m2/repository/org/eclipse/jetty/jetty-servlet/9.4.51.v20230217/jetty-servlet-9.4.51.v20230217.jar:/home/runner/.m2/repository/org/eclipse/jetty/jetty-security/9.4.51.v20230217/jetty-security-9.4.51.v20230217.jar:/home/runner/.m2/repository/org/eclipse/jetty/jetty-util-ajax/9.4.51.v20230217/jetty-util-ajax-9.4.51.v20230217.jar:/home/runner/.m2/repository/org/eclipse/jetty/jetty-webapp/9.4.51.v20230217/jetty-webapp-9.4.51.v20230217.jar:/home/runner/.m2/repository/org/eclipse/jetty/jetty-xml/9.4.51.v20230217/jetty-xml-9.4.51.v20230217.jar:/home/runner/.m2/repository/org/apache/ratis/ratis-server/2.5.1/ratis-server-2.5.1.jar:/home/runner/.m2/repository/org/apache/ratis/ratis-thirdparty-misc/1.0.4/ratis-thirdparty-misc-1.0.4.jar:/home/runner/.m2/repository/org/apache/ratis/ratis-proto/2.5.1/ratis-proto-2.5.1.jar:/home/runner/.m2/repository/org/apache/ratis/ratis-common/2.5.1/ratis-common-2.5.1.jar:/home/runner/.m2/repository/org/apache/ratis/ratis-client/2.5.1/ratis-client-2.5.1.jar:/home/runner/.m2/repository/org/apache/ratis/ratis-server-api/2.5.1/ratis-server-api-2.5.1.jar:/home/runner/.m2/repository/org/apache/ratis/ratis-metrics/2.5.1/ratis-metrics-2.5.1.jar:/home/runner/.m2/repository/io/prometheus/simpleclient_dropwizard/0.7.0/simpleclient_dropwizard-0.7.0.jar:/home/runner/.m2/repository/io/prometheus/simpleclient/0.7.0/simpleclient-0.7.0.jar:/home/runner/.m2/repository/io/prometheus/simpleclient_common/0.7.0/simpleclient_common-0.7.0.jar:/home/runner/.m2/repository/com/fasterxml/jackson/datatype/jackson-datatype-jsr310/2.13.4/jackson-datatype-jsr310-2.13.4.jar:/home/runner/.m2/repository/com/fasterxml/jackson/core/jackson-core/2.13.4/jackson-core-2.13.4.jar:/home/runner/.m2/repository/com/github/spotbugs/spotbugs-annotations/3.1.12/spotbugs-annotations-3.1.12.jar:/home/runner/.m2/repository/org/apache/ozone/rocksdb-checkpoint-differ/1.4.0-SNAPSHOT/rocksdb-checkpoint-differ-1.4.0-SNAPSHOT.jar:/home/runner/.m2/repository/org/jgrapht/jgrapht-core/1.0.1/jgrapht-core-1.0.1.jar:/home/runner/.m2/repository/org/jgrapht/jgrapht-ext/1.0.1/jgrapht-ext-1.0.1.jar:/home/runner/.m2/repository/org/tinyjee/jgraphx/jgraphx/2.0.0.1/jgraphx-2.0.0.1.jar:/home/runner/.m2/repository/jgraph/jgraph/5.13.0.0/jgraph-5.13.0.0.jar:/home/runner/.m2/repository/org/antlr/antlr4-runtime/4.5.3/antlr4-runtime-4.5.3.jar:/home/runner/.m2/repository/org/awaitility/awaitility/4.2.0/awaitility-4.2.0.jar:/home/runner/.m2/repository/org/hamcrest/hamcrest/2.1/hamcrest-2.1.jar:/home/runner/.m2/repository/org/apache/ozone/ozone-manager/1.4.0-SNAPSHOT/ozone-manager-1.4.0-SNAPSHOT.jar:/home/runner/.m2/repository/org/aspectj/aspectjrt/1.9.7/aspectjrt-1.9.7.jar:/home/runner/.m2/repository/org/aspectj/aspectjweaver/1.9.7/aspectjweaver-1.9.7.jar:/home/runner/.m2/repository/org/apache/ozone/hdds-interface-client/1.4.0-SNAPSHOT/hdds-interface-client-1.4.0-SNAPSHOT.jar:/home/runner/.m2/repository/org/apache/hadoop/thirdparty/hadoop-shaded-protobuf_3_7/1.1.1/hadoop-shaded-protobuf_3_7-1.1.1.jar:/home/runner/.m2/repository/org/apache/ozone/ozone-interface-storage/1.4.0-SNAPSHOT/ozone-interface-storage-1.4.0-SNAPSHOT.jar:/home/runner/.m2/repository/org/reflections/reflections/0.9.11/reflections-0.9.11.jar:/home/runner/.m2/repository/com/sun/jersey/jersey-client/1.19/jersey-client-1.19.jar:/home/runner/.m2/repository/org/codehaus/jackson/jackson-core-asl/1.9.13/jackson-core-asl-1.9.13.jar:/home/runner/.m2/repository/org/codehaus/jackson/jackson-mapper-asl/1.9.13/jackson-mapper-asl-1.9.13.jar:/home/runner/.m2/repository/org/codehaus/jackson/jackson-jaxrs/1.9.13/jackson-jaxrs-1.9.13.jar:/home/runner/.m2/repository/org/apache/ranger/ranger-intg/2.3.0/ranger-intg-2.3.0.jar:/home/runner/.m2/repository/org/apache/ranger/ranger-plugins-common/2.3.0/ranger-plugins-common-2.3.0.jar:/home/runner/.m2/repository/commons-lang/commons-lang/2.6/commons-lang-2.6.jar:/home/runner/.m2/repository/org/apache/ranger/ranger-plugins-cred/2.3.0/ranger-plugins-cred-2.3.0.jar:/home/runner/.m2/repository/org/apache/ranger/ranger-plugins-audit/2.3.0/ranger-plugins-audit-2.3.0.jar:/home/runner/.m2/repository/org/eclipse/jetty/jetty-client/9.4.51.v20230217/jetty-client-9.4.51.v20230217.jar:/home/runner/.m2/repository/org/apache/httpcomponents/httpmime/4.5.6/httpmime-4.5.6.jar:/home/runner/.m2/repository/org/apache/httpcomponents/httpcore-nio/4.4.13/httpcore-nio-4.4.13.jar:/home/runner/.m2/repository/org/apache/httpcomponents/httpasyncclient/4.1.3/httpasyncclient-4.1.3.jar:/home/runner/.m2/repository/com/carrotsearch/hppc/0.8.0/hppc-0.8.0.jar:/home/runner/.m2/repository/org/apache/orc/orc-core/1.5.8/orc-core-1.5.8.jar:/home/runner/.m2/repository/net/java/dev/jna/jna/5.2.0/jna-5.2.0.jar:/home/runner/.m2/repository/net/java/dev/jna/jna-platform/5.2.0/jna-platform-5.2.0.jar:/home/runner/.m2/repository/com/kstruct/gethostname4j/0.0.2/gethostname4j-0.0.2.jar:/home/runner/.m2/repository/org/apache/ranger/ranger-plugin-classloader/2.3.0/ranger-plugin-classloader-2.3.0.jar:/home/runner/.m2/repository/org/apache/ozone/hdds-rocks-native/1.4.0-SNAPSHOT/hdds-rocks-native-1.4.0-SNAPSHOT.jar:/home/runner/.m2/repository/org/apache/hadoop/hadoop-minikdc/3.3.6/hadoop-minikdc-3.3.6.jar:/home/runner/.m2/repository/org/apache/kerby/kerb-simplekdc/1.0.1/kerb-simplekdc-1.0.1.jar:/home/runner/.m2/repository/org/apache/kerby/kerb-client/1.0.1/kerb-client-1.0.1.jar:/home/runner/.m2/repository/org/apache/kerby/kerby-config/1.0.1/kerby-config-1.0.1.jar:/home/runner/.m2/repository/org/apache/kerby/kerb-common/1.0.1/kerb-common-1.0.1.jar:/home/runner/.m2/repository/org/apache/kerby/kerb-crypto/1.0.1/kerb-crypto-1.0.1.jar:/home/runner/.m2/repository/org/apache/kerby/kerb-util/1.0.1/kerb-util-1.0.1.jar:/home/runner/.m2/repository/org/apache/kerby/token-provider/1.0.1/token-provider-1.0.1.jar:/home/runner/.m2/repository/org/apache/kerby/kerb-admin/1.0.1/kerb-admin-1.0.1.jar:/home/runner/.m2/repository/org/apache/kerby/kerb-server/1.0.1/kerb-server-1.0.1.jar:/home/runner/.m2/repository/org/apache/kerby/kerb-identity/1.0.1/kerb-identity-1.0.1.jar:/home/runner/.m2/repository/org/apache/kerby/kerby-xdr/1.0.1/kerby-xdr-1.0.1.jar:/home/runner/.m2/repository/org/apache/ozone/ozone-s3gateway/1.4.0-SNAPSHOT/ozone-s3gateway-1.4.0-SNAPSHOT.jar:/home/runner/.m2/repository/org/javassist/javassist/3.21.0-GA/javassist-3.21.0-GA.jar:/home/runner/.m2/repository/org/jboss/weld/servlet/weld-servlet-shaded/3.1.9.Final/weld-servlet-shaded-3.1.9.Final.jar:/home/runner/.m2/repository/org/glassfish/jersey/containers/jersey-container-servlet-core/2.34/jersey-container-servlet-core-2.34.jar:/home/runner/.m2/repository/org/glassfish/hk2/external/jakarta.inject/2.6.1/jakarta.inject-2.6.1.jar:/home/runner/.m2/repository/org/glassfish/jersey/core/jersey-common/2.34/jersey-common-2.34.jar:/home/runner/.m2/repository/jakarta/ws/rs/jakarta.ws.rs-api/2.1.6/jakarta.ws.rs-api-2.1.6.jar:/home/runner/.m2/repository/org/glassfish/jersey/ext/cdi/jersey-cdi1x/2.34/jersey-cdi1x-2.34.jar:/home/runner/.m2/repository/org/glassfish/jersey/inject/jersey-hk2/2.34/jersey-hk2-2.34.jar:/home/runner/.m2/repository/org/glassfish/hk2/hk2-locator/2.6.1/hk2-locator-2.6.1.jar:/home/runner/.m2/repository/org/glassfish/jersey/media/jersey-media-jaxb/2.34/jersey-media-jaxb-2.34.jar:/home/runner/.m2/repository/org/glassfish/hk2/osgi-resource-locator/1.0.3/osgi-resource-locator-1.0.3.jar:/home/runner/.m2/repository/org/glassfish/hk2/hk2-api/2.5.0/hk2-api-2.5.0.jar:/home/runner/.m2/repository/org/glassfish/hk2/hk2-utils/2.5.0/hk2-utils-2.5.0.jar:/home/runner/.m2/repository/org/glassfish/hk2/external/aopalliance-repackaged/2.5.0/aopalliance-repackaged-2.5.0.jar:/home/runner/.m2/repository/com/fasterxml/jackson/dataformat/jackson-dataformat-xml/2.13.4/jackson-dataformat-xml-2.13.4.jar:/home/runner/.m2/repository/org/codehaus/woodstox/stax2-api/4.2.1/stax2-api-4.2.1.jar:/home/runner/.m2/repository/com/fasterxml/woodstox/woodstox-core/5.4.0/woodstox-core-5.4.0.jar:/home/runner/.m2/repository/com/fasterxml/jackson/module/jackson-module-jaxb-annotations/2.13.4/jackson-module-jaxb-annotations-2.13.4.jar:/home/runner/.m2/repository/jakarta/xml/bind/jakarta.xml.bind-api/2.3.3/jakarta.xml.bind-api-2.3.3.jar:/home/runner/.m2/repository/jakarta/activation/jakarta.activation-api/1.2.2/jakarta.activation-api-1.2.2.jar:/home/runner/.m2/repository/javax/enterprise/cdi-api/2.0/cdi-api-2.0.jar:/home/runner/.m2/repository/javax/el/javax.el-api/3.0.0/javax.el-api-3.0.0.jar:/home/runner/.m2/repository/javax/interceptor/javax.interceptor-api/1.2/javax.interceptor-api-1.2.jar:/home/runner/.m2/repository/javax/inject/javax.inject/1/javax.inject-1.jar:/home/runner/.m2/repository/javax/xml/bind/jaxb-api/2.3.0/jaxb-api-2.3.0.jar:/home/runner/.m2/repository/org/glassfish/jaxb/jaxb-runtime/2.3.0.1/jaxb-runtime-2.3.0.1.jar:/home/runner/.m2/repository/org/glassfish/jaxb/jaxb-core/2.3.0.1/jaxb-core-2.3.0.1.jar:/home/runner/.m2/repository/org/glassfish/jaxb/txw2/2.3.0.1/txw2-2.3.0.1.jar:/home/runner/.m2/repository/com/sun/istack/istack-commons-runtime/3.0.5/istack-commons-runtime-3.0.5.jar:/home/runner/.m2/repository/org/jvnet/staxex/stax-ex/1.7.8/stax-ex-1.7.8.jar:/home/runner/.m2/repository/com/sun/xml/fastinfoset/FastInfoset/1.2.13/FastInfoset-1.2.13.jar:/home/runner/.m2/repository/javax/activation/activation/1.1.1/activation-1.1.1.jar:/home/runner/.m2/repository/io/grpc/grpc-protobuf/1.51.1/grpc-protobuf-1.51.1.jar:/home/runner/.m2/repository/com/google/api/grpc/proto-google-common-protos/2.9.0/proto-google-common-protos-2.9.0.jar:/home/runner/.m2/repository/io/grpc/grpc-protobuf-lite/1.51.1/grpc-protobuf-lite-1.51.1.jar:/home/runner/.m2/repository/io/grpc/grpc-stub/1.51.1/grpc-stub-1.51.1.jar:/home/runner/.m2/repository/io/netty/netty-transport/4.1.94.Final/netty-transport-4.1.94.Final.jar:/home/runner/.m2/repository/io/netty/netty-resolver/4.1.94.Final/netty-resolver-4.1.94.Final.jar:/home/runner/.m2/repository/org/apache/ozone/ozone-csi/1.4.0-SNAPSHOT/ozone-csi-1.4.0-SNAPSHOT.jar:/home/runner/.m2/repository/com/google/protobuf/protobuf-java-util/3.19.6/protobuf-java-util-3.19.6.jar:/home/runner/.m2/repository/com/google/code/gson/gson/2.9.0/gson-2.9.0.jar:/home/runner/.m2/repository/org/apache/ozone/hdds-config/1.4.0-SNAPSHOT/hdds-config-1.4.0-SNAPSHOT.jar:/home/runner/.m2/repository/io/netty/netty-transport-native-epoll/4.1.94.Final/netty-transport-native-epoll-4.1.94.Final-linux-x86_64.jar:/home/runner/.m2/repository/io/netty/netty-transport-classes-epoll/4.1.94.Final/netty-transport-classes-epoll-4.1.94.Final.jar:/home/runner/.m2/repository/io/netty/netty-transport-native-unix-common/4.1.94.Final/netty-transport-native-unix-common-4.1.94.Final.jar:/home/runner/.m2/repository/org/apache/ozone/ozone-recon/1.4.0-SNAPSHOT/ozone-recon-1.4.0-SNAPSHOT.jar:/home/runner/.m2/repository/org/apache/ozone/ozone-reconcodegen/1.4.0-SNAPSHOT/ozone-reconcodegen-1.4.0-SNAPSHOT.jar:/home/runner/.m2/repository/com/google/inject/guice/5.1.0/guice-5.1.0.jar:/home/runner/.m2/repository/aopalliance/aopalliance/1.0/aopalliance-1.0.jar:/home/runner/.m2/repository/com/google/inject/extensions/guice-assistedinject/5.1.0/guice-assistedinject-5.1.0.jar:/home/runner/.m2/repository/com/google/inject/extensions/guice-servlet/5.1.0/guice-servlet-5.1.0.jar:/home/runner/.m2/repository/org/glassfish/jersey/containers/jersey-container-servlet/2.34/jersey-container-servlet-2.34.jar:/home/runner/.m2/repository/org/glassfish/hk2/guice-bridge/2.5.0/guice-bridge-2.5.0.jar:/home/runner/.m2/repository/org/glassfish/jersey/core/jersey-server/2.34/jersey-server-2.34.jar:/home/runner/.m2/repository/org/glassfish/jersey/core/jersey-client/2.34/jersey-client-2.34.jar:/home/runner/.m2/repository/jakarta/annotation/jakarta.annotation-api/1.3.5/jakarta.annotation-api-1.3.5.jar:/home/runner/.m2/repository/jakarta/validation/jakarta.validation-api/2.0.2/jakarta.validation-api-2.0.2.jar:/home/runner/.m2/repository/org/glassfish/jersey/media/jersey-media-json-jackson/2.34/jersey-media-json-jackson-2.34.jar:/home/runner/.m2/repository/org/glassfish/jersey/ext/jersey-entity-filtering/2.34/jersey-entity-filtering-2.34.jar:/home/runner/.m2/repository/org/jooq/jooq/3.11.10/jooq-3.11.10.jar:/home/runner/.m2/repository/org/jooq/jooq-meta/3.11.10/jooq-meta-3.11.10.jar:/home/runner/.m2/repository/org/jooq/jooq-codegen/3.11.10/jooq-codegen-3.11.10.jar:/home/runner/.m2/repository/com/jolbox/bonecp/0.8.0.RELEASE/bonecp-0.8.0.RELEASE.jar:/home/runner/.m2/repository/org/apache/derby/derby/10.14.2.0/derby-10.14.2.0.jar:/home/runner/.m2/repository/org/xerial/sqlite-jdbc/3.41.2.2/sqlite-jdbc-3.41.2.2.jar:/home/runner/.m2/repository/org/springframework/spring-jdbc/5.3.27/spring-jdbc-5.3.27.jar:/home/runner/.m2/repository/org/springframework/spring-beans/5.3.27/spring-beans-5.3.27.jar:/home/runner/.m2/repository/org/springframework/spring-core/5.3.27/spring-core-5.3.27.jar:/home/runner/.m2/repository/org/springframework/spring-tx/5.3.27/spring-tx-5.3.27.jar:/home/runner/.m2/repository/org/apache/ozone/ozone-client/1.4.0-SNAPSHOT/ozone-client-1.4.0-SNAPSHOT.jar:/home/runner/.m2/repository/org/apache/ozone/hdds-erasurecode/1.4.0-SNAPSHOT/hdds-erasurecode-1.4.0-SNAPSHOT.jar:/home/runner/.m2/repository/org/apache/ozone/ozone-filesystem/1.4.0-SNAPSHOT/ozone-filesystem-1.4.0-SNAPSHOT.jar:/home/runner/.m2/repository/org/apache/ozone/ozone-filesystem-common/1.4.0-SNAPSHOT/ozone-filesystem-common-1.4.0-SNAPSHOT.jar:/home/runner/.m2/repository/org/apache/ozone/ozone-tools/1.4.0-SNAPSHOT/ozone-tools-1.4.0-SNAPSHOT.jar:/home/runner/.m2/repository/com/amazonaws/aws-java-sdk-core/1.12.261/aws-java-sdk-core-1.12.261.jar:/home/runner/.m2/repository/org/apache/httpcomponents/httpclient/4.5.13/httpclient-4.5.13.jar:/home/runner/.m2/repository/org/apache/httpcomponents/httpcore/4.4.13/httpcore-4.4.13.jar:/home/runner/.m2/repository/software/amazon/ion/ion-java/1.0.2/ion-java-1.0.2.jar:/home/runner/.m2/repository/com/fasterxml/jackson/dataformat/jackson-dataformat-cbor/2.13.4/jackson-dataformat-cbor-2.13.4.jar:/home/runner/.m2/repository/joda-time/joda-time/2.10.6/joda-time-2.10.6.jar:/home/runner/.m2/repository/com/amazonaws/aws-java-sdk-s3/1.12.261/aws-java-sdk-s3-1.12.261.jar:/home/runner/.m2/repository/com/amazonaws/aws-java-sdk-kms/1.12.261/aws-java-sdk-kms-1.12.261.jar:/home/runner/.m2/repository/com/amazonaws/jmespath-java/1.12.261/jmespath-java-1.12.261.jar:/home/runner/.m2/repository/org/kohsuke/metainf-services/metainf-services/1.8/metainf-services-1.8.jar:/home/runner/.m2/repository/org/apache/ozone/hdds-tools/1.4.0-SNAPSHOT/hdds-tools-1.4.0-SNAPSHOT.jar:/home/runner/.m2/repository/org/apache/ratis/ratis-tools/2.5.1/ratis-tools-2.5.1.jar:/home/runner/.m2/repository/commons-cli/commons-cli/1.2/commons-cli-1.2.jar:/home/runner/.m2/repository/org/apache/commons/commons-lang3/3.7/commons-lang3-3.7.jar:/home/runner/.m2/repository/org/apache/ozone/ozone-manager/1.4.0-SNAPSHOT/ozone-manager-1.4.0-SNAPSHOT-tests.jar:/home/runner/.m2/repository/org/apache/ozone/hdds-common/1.4.0-SNAPSHOT/hdds-common-1.4.0-SNAPSHOT-tests.jar:/home/runner/.m2/repository/org/apache/ozone/hdds-hadoop-dependency-client/1.4.0-SNAPSHOT/hdds-hadoop-dependency-client-1.4.0-SNAPSHOT.jar:/home/runner/.m2/repository/info/picocli/picocli/4.6.1/picocli-4.6.1.jar:/home/runner/.m2/repository/com/fasterxml/jackson/core/jackson-annotations/2.13.4/jackson-annotations-2.13.4.jar:/home/runner/.m2/repository/org/apache/ozone/hdds-annotation-processing/1.4.0-SNAPSHOT/hdds-annotation-processing-1.4.0-SNAPSHOT.jar:/home/runner/.m2/repository/javax/annotation/javax.annotation-api/1.2/javax.annotation-api-1.2.jar:/home/runner/.m2/repository/org/apache/ratis/ratis-netty/2.5.1/ratis-netty-2.5.1.jar:/home/runner/.m2/repository/org/apache/ratis/ratis-grpc/2.5.1/ratis-grpc-2.5.1.jar:/home/runner/.m2/repository/org/apache/commons/commons-pool2/2.6.0/commons-pool2-2.6.0.jar:/home/runner/.m2/repository/org/bouncycastle/bcpkix-jdk15on/1.67/bcpkix-jdk15on-1.67.jar:/home/runner/.m2/repository/commons-validator/commons-validator/1.6/commons-validator-1.6.jar:/home/runner/.m2/repository/commons-beanutils/commons-beanutils/1.9.4/commons-beanutils-1.9.4.jar:/home/runner/.m2/repository/commons-digester/commons-digester/1.8.1/commons-digester-1.8.1.jar:/home/runner/.m2/repository/commons-collections/commons-collections/3.2.2/commons-collections-3.2.2.jar:/home/runner/.m2/repository/io/jaegertracing/jaeger-client/1.6.0/jaeger-client-1.6.0.jar:/home/runner/.m2/repository/io/jaegertracing/jaeger-thrift/1.6.0/jaeger-thrift-1.6.0.jar:/home/runner/.m2/repository/org/apache/thrift/libthrift/0.14.1/libthrift-0.14.1.jar:/home/runner/.m2/repository/io/jaegertracing/jaeger-core/1.6.0/jaeger-core-1.6.0.jar:/home/runner/.m2/repository/io/jaegertracing/jaeger-tracerresolver/1.6.0/jaeger-tracerresolver-1.6.0.jar:/home/runner/.m2/repository/io/opentracing/contrib/opentracing-tracerresolver/0.1.8/opentracing-tracerresolver-0.1.8.jar:/home/runner/.m2/repository/org/jetbrains/kotlin/kotlin-stdlib/1.6.21/kotlin-stdlib-1.6.21.jar:/home/runner/.m2/repository/org/jetbrains/annotations/13.0/annotations-13.0.jar:/home/runner/.m2/repository/io/opentracing/opentracing-util/0.33.0/opentracing-util-0.33.0.jar:/home/runner/.m2/repository/io/opentracing/opentracing-api/0.33.0/opentracing-api-0.33.0.jar:/home/runner/.m2/repository/io/opentracing/opentracing-noop/0.33.0/opentracing-noop-0.33.0.jar:/home/runner/.m2/repository/org/yaml/snakeyaml/2.0/snakeyaml-2.0.jar:/home/runner/.m2/repository/io/grpc/grpc-api/1.51.1/grpc-api-1.51.1.jar:/home/runner/.m2/repository/io/grpc/grpc-context/1.51.1/grpc-context-1.51.1.jar:/home/runner/.m2/repository/junit/junit/4.13.1/junit-4.13.1.jar:/home/runner/.m2/repository/org/hamcrest/hamcrest-core/1.3/hamcrest-core-1.3.jar:/home/runner/.m2/repository/org/junit/jupiter/junit-jupiter-api/5.8.2/junit-jupiter-api-5.8.2.jar:/home/runner/.m2/repository/org/opentest4j/opentest4j/1.2.0/opentest4j-1.2.0.jar:/home/runner/.m2/repository/org/junit/platform/junit-platform-commons/1.8.2/junit-platform-commons-1.8.2.jar:/home/runner/.m2/repository/org/apiguardian/apiguardian-api/1.1.2/apiguardian-api-1.1.2.jar:/home/runner/.m2/repository/org/junit/jupiter/junit-jupiter-params/5.8.2/junit-jupiter-params-5.8.2.jar:/home/runner/.m2/repository/org/junit/jupiter/junit-jupiter-migrationsupport/5.8.2/junit-jupiter-migrationsupport-5.8.2.jar:/home/runner/.m2/repository/org/junit/jupiter/junit-jupiter-engine/5.8.2/junit-jupiter-engine-5.8.2.jar:/home/runner/.m2/repository/org/junit/platform/junit-platform-engine/1.8.2/junit-platform-engine-1.8.2.jar:/home/runner/.m2/repository/org/junit/vintage/junit-vintage-engine/5.8.2/junit-vintage-engine-5.8.2.jar:/home/runner/.m2/repository/org/junit/platform/junit-platform-launcher/1.8.2/junit-platform-launcher-1.8.2.jar:/home/runner/.m2/repository/org/mockito/mockito-core/3.5.9/mockito-core-3.5.9.jar:/home/runner/.m2/repository/net/bytebuddy/byte-buddy/1.10.13/byte-buddy-1.10.13.jar:/home/runner/.m2/repository/net/bytebuddy/byte-buddy-agent/1.10.13/byte-buddy-agent-1.10.13.jar:/home/runner/.m2/repository/org/objenesis/objenesis/1.0/objenesis-1.0.jar:/home/runner/.m2/repository/org/apache/hadoop/hadoop-kms/3.3.6/hadoop-kms-3.3.6.jar:/home/runner/.m2/repository/org/apache/hadoop/hadoop-auth/3.3.6/hadoop-auth-3.3.6.jar:/home/runner/.m2/repository/com/nimbusds/nimbus-jose-jwt/9.8.1/nimbus-jose-jwt-9.8.1.jar:/home/runner/.m2/repository/com/github/stephenc/jcip/jcip-annotations/1.0-1/jcip-annotations-1.0-1.jar:/home/runner/.m2/repository/org/apache/zookeeper/zookeeper/3.5.6/zookeeper-3.5.6.jar:/home/runner/.m2/repository/org/apache/zookeeper/zookeeper-jute/3.5.6/zookeeper-jute-3.5.6.jar:/home/runner/.m2/repository/org/apache/yetus/audience-annotations/0.5.0/audience-annotations-0.5.0.jar:/home/runner/.m2/repository/org/apache/curator/curator-framework/4.2.0/curator-framework-4.2.0.jar:/home/runner/.m2/repository/org/apache/hadoop/thirdparty/hadoop-shaded-guava/1.1.1/hadoop-shaded-guava-1.1.1.jar:/home/runner/.m2/repository/com/sun/jersey/jersey-core/1.19/jersey-core-1.19.jar:/home/runner/.m2/repository/javax/ws/rs/jsr311-api/1.1.1/jsr311-api-1.1.1.jar:/home/runner/.m2/repository/com/sun/jersey/jersey-server/1.19/jersey-server-1.19.jar:/home/runner/.m2/repository/javax/servlet/javax.servlet-api/3.1.0/javax.servlet-api-3.1.0.jar:/home/runner/.m2/repository/org/apache/hadoop/hadoop-common/3.3.6/hadoop-common-3.3.6.jar:/home/runner/.m2/repository/org/apache/commons/commons-math3/3.1.1/commons-math3-3.1.1.jar:/home/runner/.m2/repository/commons-net/commons-net/3.9.0/commons-net-3.9.0.jar:/home/runner/.m2/repository/com/sun/jersey/jersey-servlet/1.19/jersey-servlet-1.19.jar:/home/runner/.m2/repository/com/github/pjfanning/jersey-json/1.20/jersey-json-1.20.jar:/home/runner/.m2/repository/org/codehaus/jettison/jettison/1.1/jettison-1.1.jar:/home/runner/.m2/repository/com/sun/xml/bind/jaxb-impl/2.2.3-1/jaxb-impl-2.2.3-1.jar:/home/runner/.m2/repository/com/google/re2j/re2j/1.1/re2j-1.1.jar:/home/runner/.m2/repository/com/jcraft/jsch/0.1.54/jsch-0.1.54.jar:/home/runner/.m2/repository/org/apache/curator/curator-client/4.2.0/curator-client-4.2.0.jar:/home/runner/.m2/repository/org/apache/curator/curator-recipes/5.2.0/curator-recipes-5.2.0.jar:/home/runner/.m2/repository/org/apache/kerby/kerb-core/1.0.1/kerb-core-1.0.1.jar:/home/runner/.m2/repository/org/apache/kerby/kerby-pkix/1.0.1/kerby-pkix-1.0.1.jar:/home/runner/.m2/repository/org/apache/kerby/kerby-asn1/1.0.1/kerby-asn1-1.0.1.jar:/home/runner/.m2/repository/org/apache/kerby/kerby-util/1.0.1/kerby-util-1.0.1.jar:/home/runner/.m2/repository/dnsjava/dnsjava/2.1.7/dnsjava-2.1.7.jar:/home/runner/.m2/repository/org/xerial/snappy/snappy-java/1.1.8.2/snappy-java-1.1.8.2.jar:/home/runner/.m2/repository/com/fasterxml/jackson/core/jackson-databind/2.13.4.2/jackson-databind-2.13.4.2.jar:/home/runner/.m2/repository/org/apache/hadoop/hadoop-kms/3.3.6/hadoop-kms-3.3.6-tests.jar:/home/runner/.m2/repository/org/apache/ozone/hdds-server-scm/1.4.0-SNAPSHOT/hdds-server-scm-1.4.0-SNAPSHOT-tests.jar:/home/runner/.m2/repository/org/apache/ozone/hdds-container-service/1.4.0-SNAPSHOT/hdds-container-service-1.4.0-SNAPSHOT-tests.jar:/home/runner/.m2/repository/com/github/luben/zstd-jni/1.5.2-5/zstd-jni-1.5.2-5.jar:/home/runner/.m2/repository/commons-codec/commons-codec/1.15/commons-codec-1.15.jar:/home/runner/.m2/repository/io/netty/netty-codec/4.1.94.Final/netty-codec-4.1.94.Final.jar:/home/runner/.m2/repository/io/netty/netty-handler/4.1.94.Final/netty-handler-4.1.94.Final.jar:/home/runner/.m2/repository/org/apache/ozone/hdds-hadoop-dependency-test/1.4.0-SNAPSHOT/hdds-hadoop-dependency-test-1.4.0-SNAPSHOT.jar:/home/runner/.m2/repository/org/apache/hadoop/hadoop-common/3.3.6/hadoop-common-3.3.6-tests.jar:/home/runner/.m2/repository/org/apache/hadoop/hadoop-hdfs/3.3.6/hadoop-hdfs-3.3.6-tests.jar:/home/runner/.m2/repository/org/assertj/assertj-core/3.12.2/assertj-core-3.12.2.jar:/home/runner/.m2/repository/org/apache/hadoop/hadoop-distcp/3.3.6/hadoop-distcp-3.3.6.jar:/home/runner/.m2/repository/org/apache/hadoop/hadoop-mapreduce-client-jobclient/3.3.6/hadoop-mapreduce-client-jobclient-3.3.6.jar:/home/runner/.m2/repository/org/apache/hadoop/hadoop-mapreduce-client-common/3.3.6/hadoop-mapreduce-client-common-3.3.6.jar:/home/runner/.m2/repository/org/apache/hadoop/hadoop-yarn-common/3.3.6/hadoop-yarn-common-3.3.6.jar:/home/runner/.m2/repository/org/apache/hadoop/hadoop-yarn-api/3.3.6/hadoop-yarn-api-3.3.6.jar:/home/runner/.m2/repository/com/sun/jersey/contribs/jersey-guice/1.19/jersey-guice-1.19.jar:/home/runner/.m2/repository/com/fasterxml/jackson/jaxrs/jackson-jaxrs-json-provider/2.13.4/jackson-jaxrs-json-provider-2.13.4.jar:/home/runner/.m2/repository/com/fasterxml/jackson/jaxrs/jackson-jaxrs-base/2.13.4/jackson-jaxrs-base-2.13.4.jar:/home/runner/.m2/repository/org/apache/hadoop/hadoop-yarn-client/3.3.6/hadoop-yarn-client-3.3.6.jar:/home/runner/.m2/repository/org/eclipse/jetty/websocket/websocket-client/9.4.51.v20230217/websocket-client-9.4.51.v20230217.jar:/home/runner/.m2/repository/org/eclipse/jetty/websocket/websocket-common/9.4.51.v20230217/websocket-common-9.4.51.v20230217.jar:/home/runner/.m2/repository/org/eclipse/jetty/websocket/websocket-api/9.4.51.v20230217/websocket-api-9.4.51.v20230217.jar:/home/runner/.m2/repository/org/jline/jline/3.9.0/jline-3.9.0.jar:/home/runner/.m2/repository/org/apache/hadoop/hadoop-mapreduce-client-core/3.3.6/hadoop-mapreduce-client-core-3.3.6.jar:/home/runner/.m2/repository/org/apache/avro/avro/1.7.7/avro-1.7.7.jar:/home/runner/.m2/repository/com/thoughtworks/paranamer/paranamer/2.3/paranamer-2.3.jar:/home/runner/.m2/repository/org/apache/hadoop/hadoop-annotations/3.3.6/hadoop-annotations-3.3.6.jar:/usr/lib/jvm/temurin-8-jdk-amd64/jre/../lib/tools.jar:/home/runner/.m2/repository/io/netty/netty/3.10.6.Final/netty-3.10.6.Final.jar:/home/runner/.m2/repository/org/apache/hadoop/hadoop-distcp/3.3.6/hadoop-distcp-3.3.6-tests.jar:/home/runner/.m2/repository/org/slf4j/jul-to-slf4j/1.7.36/jul-to-slf4j-1.7.36.jar:"/>
    <property name="sun.cpu.endian" value="little"/>
    <property name="user.home" value="/home/runner"/>
    <property name="user.language" value="en"/>
    <property name="java.specification.vendor" value="Oracle Corporation"/>
    <property name="java.home" value="/usr/lib/jvm/temurin-8-jdk-amd64/jre"/>
    <property name="java.security.krb5.conf" value="/home/runner/work/ozone/ozone/hadoop-ozone/integration-test/target/test-dir/TestSecureOzoneCluster/1694696142563/krb5.conf"/>
    <property name="file.separator" value="/"/>
    <property name="basedir" value="/home/runner/work/ozone/ozone/hadoop-ozone/integration-test"/>
    <property name="line.separator" value="&#10;"/>
    <property name="java.vm.specification.vendor" value="Oracle Corporation"/>
    <property name="java.specification.name" value="Java Platform API Specification"/>
    <property name="skip.installnpx" value="true"/>
    <property name="java.awt.graphicsenv" value="sun.awt.X11GraphicsEnvironment"/>
    <property name="surefire.real.class.path" value="/home/runner/work/ozone/ozone/hadoop-ozone/integration-test/target/surefire/surefirebooter8187274705792144107.jar:/home/runner/.m2/repository/org/jacoco/org.jacoco.agent/0.8.5/org.jacoco.agent-0.8.5-runtime.jar"/>
    <property name="sun.boot.class.path" value="/usr/lib/jvm/temurin-8-jdk-amd64/jre/lib/resources.jar:/usr/lib/jvm/temurin-8-jdk-amd64/jre/lib/rt.jar:/usr/lib/jvm/temurin-8-jdk-amd64/jre/lib/sunrsasign.jar:/usr/lib/jvm/temurin-8-jdk-amd64/jre/lib/jsse.jar:/usr/lib/jvm/temurin-8-jdk-amd64/jre/lib/jce.jar:/usr/lib/jvm/temurin-8-jdk-amd64/jre/lib/charsets.jar:/usr/lib/jvm/temurin-8-jdk-amd64/jre/lib/jfr.jar:/usr/lib/jvm/temurin-8-jdk-amd64/jre/classes"/>
    <property name="hadoop.log.dir" value="/home/runner/work/ozone/ozone/hadoop-ozone/integration-test/target/log"/>
    <property name="sun.management.compiler" value="HotSpot 64-Bit Tiered Compilers"/>
    <property name="java.runtime.version" value="1.8.0_382-b05"/>
    <property name="skip.npx" value="true"/>
    <property name="user.name" value="runner"/>
    <property name="java.net.preferIPv4Stack" value="true"/>
    <property name="path.separator" value=":"/>
    <property name="java.security.egd" value="file:///dev/urandom"/>
    <property name="os.version" value="5.15.0-1046-azure"/>
    <property name="java.endorsed.dirs" value="/usr/lib/jvm/temurin-8-jdk-amd64/jre/lib/endorsed"/>
    <property name="java.runtime.name" value="OpenJDK Runtime Environment"/>
    <property name="file.encoding" value="UTF-8"/>
    <property name="java.vm.name" value="OpenJDK 64-Bit Server VM"/>
    <property name="test.build.webapps" value=""/>
    <property name="localRepository" value="/home/runner/.m2/repository"/>
    <property name="jetty.git.hash" value="b45c405e4544384de066f814ed42ae3dceacdd49"/>
    <property name="java.vendor.url.bug" value="https://github.com/adoptium/adoptium-support/issues"/>
    <property name="require.test.libhadoop" value=""/>
    <property name="java.io.tmpdir" value="/tmp"/>
    <property name="java.version" value="1.8.0_382"/>
    <property name="user.dir" value="/home/runner/work/ozone/ozone/hadoop-ozone/integration-test"/>
    <property name="os.arch" value="amd64"/>
    <property name="test.build.classes" value="/home/runner/work/ozone/ozone/hadoop-ozone/integration-test/target/test-classes"/>
    <property name="java.vm.specification.name" value="Java Virtual Machine Specification"/>
    <property name="java.awt.printerjob" value="sun.print.PSPrinterJob"/>
    <property name="sun.os.patch.level" value="unknown"/>
    <property name="org.apache.ratis.thirdparty.io.netty.allocator.useCacheForAllThreads" value="false"/>
    <property name="hadoop.tmp.dir" value="/home/runner/work/ozone/ozone/hadoop-ozone/integration-test/target/tmp"/>
    <property name="java.library.path" value="/usr/java/packages/lib/amd64:/usr/lib64:/lib64:/lib:/usr/lib"/>
    <property name="java.vendor" value="Temurin"/>
    <property name="java.vm.info" value="mixed mode"/>
    <property name="java.vm.version" value="25.382-b05"/>
    <property name="java.specification.maintenance.version" value="5"/>
    <property name="sun.io.unicode.encoding" value="UnicodeLittle"/>
    <property name="java.ext.dirs" value="/usr/lib/jvm/temurin-8-jdk-amd64/jre/lib/ext:/usr/java/packages/lib/ext"/>
    <property name="java.class.version" value="52.0"/>
  </properties>
  <testcase name="testSCMSecurityProtocol" classname="org.apache.hadoop.ozone.TestSecureOzoneCluster" time="8.347">
    <system-out><![CDATA[2023-09-14 12:53:26,697 [Time-limited test] INFO  net.ServerSocketUtil (ServerSocketUtil.java:getPort(55)) - Using port 9860
2023-09-14 12:53:26,699 [Time-limited test] INFO  net.ServerSocketUtil (ServerSocketUtil.java:getPort(55)) - Using port 9861
2023-09-14 12:53:26,699 [Time-limited test] INFO  net.ServerSocketUtil (ServerSocketUtil.java:getPort(55)) - Using port 9863
2023-09-14 12:53:26,699 [Time-limited test] INFO  net.ServerSocketUtil (ServerSocketUtil.java:getPort(55)) - Using port 9961
2023-09-14 12:53:26,699 [Time-limited test] INFO  net.ServerSocketUtil (ServerSocketUtil.java:getPort(55)) - Using port 1200
2023-09-14 12:53:26,699 [Time-limited test] INFO  net.ServerSocketUtil (ServerSocketUtil.java:getPort(55)) - Using port 1201
2023-09-14 12:53:26,720 [Time-limited test] INFO  minikdc.MiniKdc (MiniKdc.java:<init>(225)) - Configuration:
2023-09-14 12:53:26,720 [Time-limited test] INFO  minikdc.MiniKdc (MiniKdc.java:<init>(226)) - ---------------------------------------------------------------
2023-09-14 12:53:26,721 [Time-limited test] INFO  minikdc.MiniKdc (MiniKdc.java:<init>(228)) -   debug: false
2023-09-14 12:53:26,721 [Time-limited test] INFO  minikdc.MiniKdc (MiniKdc.java:<init>(228)) -   transport: TCP
2023-09-14 12:53:26,722 [Time-limited test] INFO  minikdc.MiniKdc (MiniKdc.java:<init>(228)) -   max.ticket.lifetime: 86400000
2023-09-14 12:53:26,722 [Time-limited test] INFO  minikdc.MiniKdc (MiniKdc.java:<init>(228)) -   org.name: EXAMPLE
2023-09-14 12:53:26,722 [Time-limited test] INFO  minikdc.MiniKdc (MiniKdc.java:<init>(228)) -   kdc.port: 0
2023-09-14 12:53:26,722 [Time-limited test] INFO  minikdc.MiniKdc (MiniKdc.java:<init>(228)) -   org.domain: COM
2023-09-14 12:53:26,722 [Time-limited test] INFO  minikdc.MiniKdc (MiniKdc.java:<init>(228)) -   max.renewable.lifetime: 604800000
2023-09-14 12:53:26,722 [Time-limited test] INFO  minikdc.MiniKdc (MiniKdc.java:<init>(228)) -   instance: DefaultKrbServer
2023-09-14 12:53:26,722 [Time-limited test] INFO  minikdc.MiniKdc (MiniKdc.java:<init>(228)) -   kdc.bind.address: localhost
2023-09-14 12:53:26,722 [Time-limited test] INFO  minikdc.MiniKdc (MiniKdc.java:<init>(230)) - ---------------------------------------------------------------
2023-09-14 12:53:26,816 [Time-limited test] INFO  minikdc.MiniKdc (MiniKdc.java:start(285)) - MiniKdc started.
2023-09-14 12:53:27,770 [Time-limited test] INFO  audit.AuditLogger (AuditLogger.java:refreshDebugCmdSet(126)) - Refresh DebugCmdSet for OMAudit to [].
2023-09-14 12:53:28,134 [Time-limited test] INFO  om.OzoneManager (OzoneManager.java:getOmDetailsProto(4573)) - OzoneManager ports added:[name: "RPC"
value: 1202
]
2023-09-14 12:53:28,147 [Time-limited test] WARN  server.ServerUtils (ServerUtils.java:getScmDbDir(155)) - ozone.scm.db.dirs is not configured. We recommend adding this setting. Falling back to ozone.metadata.dirs instead.
2023-09-14 12:53:28,313 [Time-limited test] INFO  reflections.Reflections (Reflections.java:scan(232)) - Reflections took 132 ms to scan 7 urls, producing 161 keys and 379 values 
2023-09-14 12:53:28,395 [Time-limited test] INFO  ha.HASecurityUtils (HASecurityUtils.java:initializeSecurity(98)) - Initializing secure StorageContainerManager.
2023-09-14 12:53:28,507 [Time-limited test] INFO  client.SCMCertificateClient (DefaultCertificateClient.java:updateCertSerialId(1244)) - Certificate serial ID set to null
2023-09-14 12:53:28,508 [Time-limited test] ERROR client.SCMCertificateClient (DefaultCertificateClient.java:getCertPath(362)) - Default certificate serial id is not set. Can't locate the default certificate for this client.
2023-09-14 12:53:28,508 [Time-limited test] INFO  client.SCMCertificateClient (DefaultCertificateClient.java:init(715)) - Certificate client init case: 0
2023-09-14 12:53:28,510 [Time-limited test] INFO  client.SCMCertificateClient (SCMCertificateClient.java:handleCase(103)) - Creating keypair for client as keypair and certificate not found.
2023-09-14 12:53:28,904 [Time-limited test] INFO  ha.HASecurityUtils (HASecurityUtils.java:initializeSecurity(108)) - Init response: GETCERT
2023-09-14 12:53:29,384 [Time-limited test] INFO  ozone.OzoneSecurityUtil (OzoneSecurityUtil.java:getValidInetsForCurrentHost(119)) - ip:fe80:0:0:0:20d:3aff:fea7:6146%eth0 not returned.
2023-09-14 12:53:29,384 [Time-limited test] INFO  ozone.OzoneSecurityUtil (OzoneSecurityUtil.java:getValidInetsForCurrentHost(116)) - Adding ip:10.1.0.236,host:fv-az187-373.4biwkquksivelc4kanrnlgeoof.gx.internal.cloudapp.net
2023-09-14 12:53:29,385 [Time-limited test] INFO  ozone.OzoneSecurityUtil (OzoneSecurityUtil.java:getValidInetsForCurrentHost(119)) - ip:0:0:0:0:0:0:0:1%lo not returned.
2023-09-14 12:53:29,385 [Time-limited test] INFO  ozone.OzoneSecurityUtil (OzoneSecurityUtil.java:getValidInetsForCurrentHost(119)) - ip:127.0.0.1 not returned.
2023-09-14 12:53:29,432 [Time-limited test] INFO  utils.SelfSignedCertificate (SelfSignedCertificate.java:generateCertificate(157)) - Certificate 1 is issued by CN=scm-1@fv-az187-373,OU=152ab4c4-99eb-41c3-a3f7-45efa3406ac5,O=5bc60ae3-c886-4643-bfba-cad86400b7e5 to CN=scm-1@fv-az187-373,OU=152ab4c4-99eb-41c3-a3f7-45efa3406ac5,O=5bc60ae3-c886-4643-bfba-cad86400b7e5, valid from Thu Sep 14 12:53:29 UTC 2023 to Sun Oct 22 12:53:29 UTC 2028
2023-09-14 12:53:29,441 [Time-limited test] INFO  utils.CertificateCodec (CertificateCodec.java:writeCertificate(299)) - Save certificate to /tmp/junit7533768333451620594/junit2779655472009436158/scm-meta/scm/ca/certs/certificate.crt
2023-09-14 12:53:29,441 [Time-limited test] INFO  utils.CertificateCodec (CertificateCodec.java:writeCertificate(300)) - Certificate -----BEGIN CERTIFICATE-----
MIID5zCCAs+gAwIBAgIBATANBgkqhkiG9w0BAQsFADB7MRswGQYDVQQDDBJzY20t
MUBmdi1hejE4Ny0zNzMxLTArBgNVBAsMJDE1MmFiNGM0LTk5ZWItNDFjMy1hM2Y3
LTQ1ZWZhMzQwNmFjNTEtMCsGA1UECgwkNWJjNjBhZTMtYzg4Ni00NjQzLWJmYmEt
Y2FkODY0MDBiN2U1MB4XDTIzMDkxNDEyNTMyOVoXDTI4MTAyMjEyNTMyOVowezEb
MBkGA1UEAwwSc2NtLTFAZnYtYXoxODctMzczMS0wKwYDVQQLDCQxNTJhYjRjNC05
OWViLTQxYzMtYTNmNy00NWVmYTM0MDZhYzUxLTArBgNVBAoMJDViYzYwYWUzLWM4
ODYtNDY0My1iZmJhLWNhZDg2NDAwYjdlNTCCASIwDQYJKoZIhvcNAQEBBQADggEP
ADCCAQoCggEBAOF4u1446crOafOGr2Fnldk/Dfom3hnK2+ccE0KhicHpw7mLx3Y+
xi/AFNhaDrvwK5haOr1mWZQ3q1YpObi82+425VhjWfRNlgB8IIuA8tnuOenZ5QhA
DvluQRXVU09G9zOiFU6h5XIE5zYXOtGu/LB9irsMhAF6MgoMkS0jJYGM+gRHrUlU
wHymDH7rFTp5CYQRbJ/aMAps/I3/HLSMde5cm6dcO/CvNGNyrk1CEZAmvUKzQW47
AruAwXrAA5/cYJ2AVbEBZBm/KpCYJwTiT/IiAyByvbD9X+v51erzX0SHL3s0MJCb
DsF37S9K/ncaDSnJA5m3/lobXPA2MdJHJR0CAwEAAaN2MHQwDwYDVR0TAQH/BAUw
AwEB/zAOBgNVHQ8BAf8EBAMCAQYwUQYDVR0RBEowSIcECgEA7IJAZnYtYXoxODct
MzczLjRiaXdrcXVrc2l2ZWxjNGthbnJubGdlb29mLmd4LmludGVybmFsLmNsb3Vk
YXBwLm5ldDANBgkqhkiG9w0BAQsFAAOCAQEAO+4gVsN6MyzPjaibJxXX+TG5ZatF
0De1XCzyR1X2JycyYIZyRcc9+KYQqpH4vVIlv2VAzCJVcnW+QS+R2YyRrl8Fmx1P
J/vCAK6EsZGx3PDb0K8ScW3pS0TPk2egQnfz6Xo6vKbDX3csHmvRYRR8ArSwymD0
IfYL6xqCvo6SJFXRKAWlLjPNe+81+maOtz8bsHXBupqpMN+MjMwaFGPMsXC2eAg9
gnTnK7a8se7cK16iS3xsn2jK/8oI0/d/WXWiz+ebLOWoRsNUQ0y1LquxFC5P3lIq
wZ/ozmBrIDj4llgkTskEQBAgdZP6RvtYXh4LUswU6qkpHUQlRK+BTWgPOQ==
-----END CERTIFICATE-----

2023-09-14 12:53:29,526 [Time-limited test] INFO  client.SCMCertificateClient (SCMCertificateClient.java:getCSRBuilder(165)) - Creating csr for SCM->hostName:fv-az187-373,scmId:152ab4c4-99eb-41c3-a3f7-45efa3406ac5,clusterId:5bc60ae3-c886-4643-bfba-cad86400b7e5,subject:scm-sub-2605773139206@fv-az187-373
2023-09-14 12:53:29,526 [Time-limited test] INFO  ozone.OzoneSecurityUtil (OzoneSecurityUtil.java:getValidInetsForCurrentHost(119)) - ip:fe80:0:0:0:20d:3aff:fea7:6146%eth0 not returned.
2023-09-14 12:53:29,526 [Time-limited test] INFO  ozone.OzoneSecurityUtil (OzoneSecurityUtil.java:getValidInetsForCurrentHost(116)) - Adding ip:10.1.0.236,host:fv-az187-373.4biwkquksivelc4kanrnlgeoof.gx.internal.cloudapp.net
2023-09-14 12:53:29,527 [Time-limited test] INFO  ozone.OzoneSecurityUtil (OzoneSecurityUtil.java:getValidInetsForCurrentHost(119)) - ip:0:0:0:0:0:0:0:1%lo not returned.
2023-09-14 12:53:29,527 [Time-limited test] INFO  ozone.OzoneSecurityUtil (OzoneSecurityUtil.java:getValidInetsForCurrentHost(119)) - ip:127.0.0.1 not returned.
2023-09-14 12:53:29,527 [Time-limited test] INFO  ha.HASecurityUtils (HASecurityUtils.java:generateCSR(308)) - Creating csr for SCM->hostName:fv-az187-373,scmId:152ab4c4-99eb-41c3-a3f7-45efa3406ac5,clusterId:5bc60ae3-c886-4643-bfba-cad86400b7e5,subject:scm-sub-2605775037949@fv-az187-373
2023-09-14 12:53:29,566 [Time-limited test] INFO  authority.DefaultApprover (DefaultApprover.java:sign(154)) - Extensions in CSR: 2.5.29.19, 2.5.29.15, 2.5.29.17
2023-09-14 12:53:29,566 [Time-limited test] INFO  authority.DefaultApprover (DefaultApprover.java:sign(158)) - Extensions to add to the certificate if they present in CSR: 2.5.29.17, 2.5.29.19, 1.3.6.1.5.5.7.1.12, 2.5.29.35, 2.5.29.37, 2.5.29.15
2023-09-14 12:53:29,581 [Time-limited test] INFO  utils.CertificateCodec (CertificateCodec.java:writeCertificate(299)) - Save certificate to /tmp/junit7533768333451620594/junit2779655472009436158/scm-meta/scm/sub-ca/certs/CA-1.crt
2023-09-14 12:53:29,581 [Time-limited test] INFO  utils.CertificateCodec (CertificateCodec.java:writeCertificate(300)) - Certificate -----BEGIN CERTIFICATE-----
MIID5zCCAs+gAwIBAgIBATANBgkqhkiG9w0BAQsFADB7MRswGQYDVQQDDBJzY20t
MUBmdi1hejE4Ny0zNzMxLTArBgNVBAsMJDE1MmFiNGM0LTk5ZWItNDFjMy1hM2Y3
LTQ1ZWZhMzQwNmFjNTEtMCsGA1UECgwkNWJjNjBhZTMtYzg4Ni00NjQzLWJmYmEt
Y2FkODY0MDBiN2U1MB4XDTIzMDkxNDEyNTMyOVoXDTI4MTAyMjEyNTMyOVowezEb
MBkGA1UEAwwSc2NtLTFAZnYtYXoxODctMzczMS0wKwYDVQQLDCQxNTJhYjRjNC05
OWViLTQxYzMtYTNmNy00NWVmYTM0MDZhYzUxLTArBgNVBAoMJDViYzYwYWUzLWM4
ODYtNDY0My1iZmJhLWNhZDg2NDAwYjdlNTCCASIwDQYJKoZIhvcNAQEBBQADggEP
ADCCAQoCggEBAOF4u1446crOafOGr2Fnldk/Dfom3hnK2+ccE0KhicHpw7mLx3Y+
xi/AFNhaDrvwK5haOr1mWZQ3q1YpObi82+425VhjWfRNlgB8IIuA8tnuOenZ5QhA
DvluQRXVU09G9zOiFU6h5XIE5zYXOtGu/LB9irsMhAF6MgoMkS0jJYGM+gRHrUlU
wHymDH7rFTp5CYQRbJ/aMAps/I3/HLSMde5cm6dcO/CvNGNyrk1CEZAmvUKzQW47
AruAwXrAA5/cYJ2AVbEBZBm/KpCYJwTiT/IiAyByvbD9X+v51erzX0SHL3s0MJCb
DsF37S9K/ncaDSnJA5m3/lobXPA2MdJHJR0CAwEAAaN2MHQwDwYDVR0TAQH/BAUw
AwEB/zAOBgNVHQ8BAf8EBAMCAQYwUQYDVR0RBEowSIcECgEA7IJAZnYtYXoxODct
MzczLjRiaXdrcXVrc2l2ZWxjNGthbnJubGdlb29mLmd4LmludGVybmFsLmNsb3Vk
YXBwLm5ldDANBgkqhkiG9w0BAQsFAAOCAQEAO+4gVsN6MyzPjaibJxXX+TG5ZatF
0De1XCzyR1X2JycyYIZyRcc9+KYQqpH4vVIlv2VAzCJVcnW+QS+R2YyRrl8Fmx1P
J/vCAK6EsZGx3PDb0K8ScW3pS0TPk2egQnfz6Xo6vKbDX3csHmvRYRR8ArSwymD0
IfYL6xqCvo6SJFXRKAWlLjPNe+81+maOtz8bsHXBupqpMN+MjMwaFGPMsXC2eAg9
gnTnK7a8se7cK16iS3xsn2jK/8oI0/d/WXWiz+ebLOWoRsNUQ0y1LquxFC5P3lIq
wZ/ozmBrIDj4llgkTskEQBAgdZP6RvtYXh4LUswU6qkpHUQlRK+BTWgPOQ==
-----END CERTIFICATE-----

2023-09-14 12:53:29,583 [Time-limited test] INFO  utils.CertificateCodec (CertificateCodec.java:writeCertificate(299)) - Save certificate to /tmp/junit7533768333451620594/junit2779655472009436158/scm-meta/scm/sub-ca/certs/2605812475389.crt
2023-09-14 12:53:29,583 [Time-limited test] INFO  utils.CertificateCodec (CertificateCodec.java:writeCertificate(300)) - Certificate -----BEGIN CERTIFICATE-----
MIID/TCCAuWgAwIBAgIGAl62huX9MA0GCSqGSIb3DQEBCwUAMHsxGzAZBgNVBAMM
EnNjbS0xQGZ2LWF6MTg3LTM3MzEtMCsGA1UECwwkMTUyYWI0YzQtOTllYi00MWMz
LWEzZjctNDVlZmEzNDA2YWM1MS0wKwYDVQQKDCQ1YmM2MGFlMy1jODg2LTQ2NDMt
YmZiYS1jYWQ4NjQwMGI3ZTUwHhcNMjMwOTE0MTI1MzI5WhcNMjgxMDIyMTI1MzI5
WjCBizErMCkGA1UEAwwic2NtLXN1Yi0yNjA1Nzc1MDM3OTQ5QGZ2LWF6MTg3LTM3
MzEtMCsGA1UECwwkMTUyYWI0YzQtOTllYi00MWMzLWEzZjctNDVlZmEzNDA2YWM1
MS0wKwYDVQQKDCQ1YmM2MGFlMy1jODg2LTQ2NDMtYmZiYS1jYWQ4NjQwMGI3ZTUw
ggEiMA0GCSqGSIb3DQEBAQUAA4IBDwAwggEKAoIBAQCfN3zM+y7Svys8kf2xrpr8
zLELQ0Oai5kzENYA4Vz+PVtKjTYIjFn7QSRfLS+N0hWWf70v5tDLs0vrnF+B1MOB
dgbbzA3pH14VyEEnrpBM8ipGuF9UELGzUYB8uDptJwNU0Igdc0HR5TNFV+f3LUQb
UOPkRqZ7TzP6DaQLU/2rn89wdJz/JHFI7YFBtYzlLMZGXjYa9h2UjUx4LZoZ3KQJ
J2SybMaDaQP6QbxTqW7j6CalnGn9llqT3w2UtQO1Mf3F6UeM4CbHxfnHpzlunihF
uIuM7UwpBUaDLTlA6tReFfILo3zdPocJZCn+Bdci2ZUhoDQ/D6K5DXqbVnIt/KuX
AgMBAAGjdjB0MFEGA1UdEQRKMEiHBAoBAOyCQGZ2LWF6MTg3LTM3My40Yml3a3F1
a3NpdmVsYzRrYW5ybmxnZW9vZi5neC5pbnRlcm5hbC5jbG91ZGFwcC5uZXQwDwYD
VR0TAQH/BAUwAwEB/zAOBgNVHQ8BAf8EBAMCAb4wDQYJKoZIhvcNAQELBQADggEB
AHUV4vR98eV++6Hdy0ptdeMOiTFA4oIx1E7CYg8FNWgrPoSiv6zBDUMdUj2OqDoM
gH73dZshcDQ4NJnvFKpYF55aJUK9wdToH7Rjs/y3R69VtmxjCXJUakigkfStl4ie
I59ibCTcJdMYeZ4ZT9bq+XpsI22YmRN5TLHOHpi+pP4yJCjkOroDnzvRDyWtb6SK
ElVt+I5KAqML30GKMw5+Ya6zGilwp9J/Yq9mfCLhVZdixXKdDZsaP/SFqQsUrw8K
SVXuJ8Rbtux+ctQr15f5XGAtVGCaumpFSDq8sBmqya7H7Gt21gHMHqgec0Jfz+Uz
POD9Cd9f6jgRlREs2PtxCAQ=
-----END CERTIFICATE-----

-----BEGIN CERTIFICATE-----
MIID5zCCAs+gAwIBAgIBATANBgkqhkiG9w0BAQsFADB7MRswGQYDVQQDDBJzY20t
MUBmdi1hejE4Ny0zNzMxLTArBgNVBAsMJDE1MmFiNGM0LTk5ZWItNDFjMy1hM2Y3
LTQ1ZWZhMzQwNmFjNTEtMCsGA1UECgwkNWJjNjBhZTMtYzg4Ni00NjQzLWJmYmEt
Y2FkODY0MDBiN2U1MB4XDTIzMDkxNDEyNTMyOVoXDTI4MTAyMjEyNTMyOVowezEb
MBkGA1UEAwwSc2NtLTFAZnYtYXoxODctMzczMS0wKwYDVQQLDCQxNTJhYjRjNC05
OWViLTQxYzMtYTNmNy00NWVmYTM0MDZhYzUxLTArBgNVBAoMJDViYzYwYWUzLWM4
ODYtNDY0My1iZmJhLWNhZDg2NDAwYjdlNTCCASIwDQYJKoZIhvcNAQEBBQADggEP
ADCCAQoCggEBAOF4u1446crOafOGr2Fnldk/Dfom3hnK2+ccE0KhicHpw7mLx3Y+
xi/AFNhaDrvwK5haOr1mWZQ3q1YpObi82+425VhjWfRNlgB8IIuA8tnuOenZ5QhA
DvluQRXVU09G9zOiFU6h5XIE5zYXOtGu/LB9irsMhAF6MgoMkS0jJYGM+gRHrUlU
wHymDH7rFTp5CYQRbJ/aMAps/I3/HLSMde5cm6dcO/CvNGNyrk1CEZAmvUKzQW47
AruAwXrAA5/cYJ2AVbEBZBm/KpCYJwTiT/IiAyByvbD9X+v51erzX0SHL3s0MJCb
DsF37S9K/ncaDSnJA5m3/lobXPA2MdJHJR0CAwEAAaN2MHQwDwYDVR0TAQH/BAUw
AwEB/zAOBgNVHQ8BAf8EBAMCAQYwUQYDVR0RBEowSIcECgEA7IJAZnYtYXoxODct
MzczLjRiaXdrcXVrc2l2ZWxjNGthbnJubGdlb29mLmd4LmludGVybmFsLmNsb3Vk
YXBwLm5ldDANBgkqhkiG9w0BAQsFAAOCAQEAO+4gVsN6MyzPjaibJxXX+TG5ZatF
0De1XCzyR1X2JycyYIZyRcc9+KYQqpH4vVIlv2VAzCJVcnW+QS+R2YyRrl8Fmx1P
J/vCAK6EsZGx3PDb0K8ScW3pS0TPk2egQnfz6Xo6vKbDX3csHmvRYRR8ArSwymD0
IfYL6xqCvo6SJFXRKAWlLjPNe+81+maOtz8bsHXBupqpMN+MjMwaFGPMsXC2eAg9
gnTnK7a8se7cK16iS3xsn2jK/8oI0/d/WXWiz+ebLOWoRsNUQ0y1LquxFC5P3lIq
wZ/ozmBrIDj4llgkTskEQBAgdZP6RvtYXh4LUswU6qkpHUQlRK+BTWgPOQ==
-----END CERTIFICATE-----

2023-09-14 12:53:29,584 [Time-limited test] INFO  utils.CertificateCodec (CertificateCodec.java:writeCertificate(299)) - Save certificate to /tmp/junit7533768333451620594/junit2779655472009436158/scm-meta/scm/sub-ca/certs/certificate.crt
2023-09-14 12:53:29,584 [Time-limited test] INFO  utils.CertificateCodec (CertificateCodec.java:writeCertificate(300)) - Certificate -----BEGIN CERTIFICATE-----
MIID/TCCAuWgAwIBAgIGAl62huX9MA0GCSqGSIb3DQEBCwUAMHsxGzAZBgNVBAMM
EnNjbS0xQGZ2LWF6MTg3LTM3MzEtMCsGA1UECwwkMTUyYWI0YzQtOTllYi00MWMz
LWEzZjctNDVlZmEzNDA2YWM1MS0wKwYDVQQKDCQ1YmM2MGFlMy1jODg2LTQ2NDMt
YmZiYS1jYWQ4NjQwMGI3ZTUwHhcNMjMwOTE0MTI1MzI5WhcNMjgxMDIyMTI1MzI5
WjCBizErMCkGA1UEAwwic2NtLXN1Yi0yNjA1Nzc1MDM3OTQ5QGZ2LWF6MTg3LTM3
MzEtMCsGA1UECwwkMTUyYWI0YzQtOTllYi00MWMzLWEzZjctNDVlZmEzNDA2YWM1
MS0wKwYDVQQKDCQ1YmM2MGFlMy1jODg2LTQ2NDMtYmZiYS1jYWQ4NjQwMGI3ZTUw
ggEiMA0GCSqGSIb3DQEBAQUAA4IBDwAwggEKAoIBAQCfN3zM+y7Svys8kf2xrpr8
zLELQ0Oai5kzENYA4Vz+PVtKjTYIjFn7QSRfLS+N0hWWf70v5tDLs0vrnF+B1MOB
dgbbzA3pH14VyEEnrpBM8ipGuF9UELGzUYB8uDptJwNU0Igdc0HR5TNFV+f3LUQb
UOPkRqZ7TzP6DaQLU/2rn89wdJz/JHFI7YFBtYzlLMZGXjYa9h2UjUx4LZoZ3KQJ
J2SybMaDaQP6QbxTqW7j6CalnGn9llqT3w2UtQO1Mf3F6UeM4CbHxfnHpzlunihF
uIuM7UwpBUaDLTlA6tReFfILo3zdPocJZCn+Bdci2ZUhoDQ/D6K5DXqbVnIt/KuX
AgMBAAGjdjB0MFEGA1UdEQRKMEiHBAoBAOyCQGZ2LWF6MTg3LTM3My40Yml3a3F1
a3NpdmVsYzRrYW5ybmxnZW9vZi5neC5pbnRlcm5hbC5jbG91ZGFwcC5uZXQwDwYD
VR0TAQH/BAUwAwEB/zAOBgNVHQ8BAf8EBAMCAb4wDQYJKoZIhvcNAQELBQADggEB
AHUV4vR98eV++6Hdy0ptdeMOiTFA4oIx1E7CYg8FNWgrPoSiv6zBDUMdUj2OqDoM
gH73dZshcDQ4NJnvFKpYF55aJUK9wdToH7Rjs/y3R69VtmxjCXJUakigkfStl4ie
I59ibCTcJdMYeZ4ZT9bq+XpsI22YmRN5TLHOHpi+pP4yJCjkOroDnzvRDyWtb6SK
ElVt+I5KAqML30GKMw5+Ya6zGilwp9J/Yq9mfCLhVZdixXKdDZsaP/SFqQsUrw8K
SVXuJ8Rbtux+ctQr15f5XGAtVGCaumpFSDq8sBmqya7H7Gt21gHMHqgec0Jfz+Uz
POD9Cd9f6jgRlREs2PtxCAQ=
-----END CERTIFICATE-----

-----BEGIN CERTIFICATE-----
MIID5zCCAs+gAwIBAgIBATANBgkqhkiG9w0BAQsFADB7MRswGQYDVQQDDBJzY20t
MUBmdi1hejE4Ny0zNzMxLTArBgNVBAsMJDE1MmFiNGM0LTk5ZWItNDFjMy1hM2Y3
LTQ1ZWZhMzQwNmFjNTEtMCsGA1UECgwkNWJjNjBhZTMtYzg4Ni00NjQzLWJmYmEt
Y2FkODY0MDBiN2U1MB4XDTIzMDkxNDEyNTMyOVoXDTI4MTAyMjEyNTMyOVowezEb
MBkGA1UEAwwSc2NtLTFAZnYtYXoxODctMzczMS0wKwYDVQQLDCQxNTJhYjRjNC05
OWViLTQxYzMtYTNmNy00NWVmYTM0MDZhYzUxLTArBgNVBAoMJDViYzYwYWUzLWM4
ODYtNDY0My1iZmJhLWNhZDg2NDAwYjdlNTCCASIwDQYJKoZIhvcNAQEBBQADggEP
ADCCAQoCggEBAOF4u1446crOafOGr2Fnldk/Dfom3hnK2+ccE0KhicHpw7mLx3Y+
xi/AFNhaDrvwK5haOr1mWZQ3q1YpObi82+425VhjWfRNlgB8IIuA8tnuOenZ5QhA
DvluQRXVU09G9zOiFU6h5XIE5zYXOtGu/LB9irsMhAF6MgoMkS0jJYGM+gRHrUlU
wHymDH7rFTp5CYQRbJ/aMAps/I3/HLSMde5cm6dcO/CvNGNyrk1CEZAmvUKzQW47
AruAwXrAA5/cYJ2AVbEBZBm/KpCYJwTiT/IiAyByvbD9X+v51erzX0SHL3s0MJCb
DsF37S9K/ncaDSnJA5m3/lobXPA2MdJHJR0CAwEAAaN2MHQwDwYDVR0TAQH/BAUw
AwEB/zAOBgNVHQ8BAf8EBAMCAQYwUQYDVR0RBEowSIcECgEA7IJAZnYtYXoxODct
MzczLjRiaXdrcXVrc2l2ZWxjNGthbnJubGdlb29mLmd4LmludGVybmFsLmNsb3Vk
YXBwLm5ldDANBgkqhkiG9w0BAQsFAAOCAQEAO+4gVsN6MyzPjaibJxXX+TG5ZatF
0De1XCzyR1X2JycyYIZyRcc9+KYQqpH4vVIlv2VAzCJVcnW+QS+R2YyRrl8Fmx1P
J/vCAK6EsZGx3PDb0K8ScW3pS0TPk2egQnfz6Xo6vKbDX3csHmvRYRR8ArSwymD0
IfYL6xqCvo6SJFXRKAWlLjPNe+81+maOtz8bsHXBupqpMN+MjMwaFGPMsXC2eAg9
gnTnK7a8se7cK16iS3xsn2jK/8oI0/d/WXWiz+ebLOWoRsNUQ0y1LquxFC5P3lIq
wZ/ozmBrIDj4llgkTskEQBAgdZP6RvtYXh4LUswU6qkpHUQlRK+BTWgPOQ==
-----END CERTIFICATE-----

2023-09-14 12:53:29,585 [Time-limited test] INFO  ha.HASecurityUtils (HASecurityUtils.java:initializeSecurity(121)) - Successfully stored SCM signed certificate.
2023-09-14 12:53:29,606 [Time-limited test] WARN  server.ServerUtils (ServerUtils.java:getScmDbDir(155)) - ozone.scm.db.dirs is not configured. We recommend adding this setting. Falling back to ozone.metadata.dirs instead.
2023-09-14 12:53:29,608 [Time-limited test] INFO  ha.SCMHANodeDetails (SCMHANodeDetails.java:loadSCMHAConfig(210)) - ServiceID for StorageContainerManager is null
2023-09-14 12:53:29,609 [Time-limited test] INFO  ha.SCMHANodeDetails (SCMHANodeDetails.java:loadSCMHAConfig(215)) - ozone.scm.default.service.id is not defined, falling back to ozone.scm.service.ids to find serviceID for StorageContainerManager if it is HA enabled cluster
2023-09-14 12:53:29,900 [pool-2-thread-1] INFO  request.KdcRequest (KdcRequest.java:preauth(651)) - The preauth data is empty.
2023-09-14 12:53:29,905 [pool-2-thread-1] INFO  server.KdcHandler (KdcHandler.java:handleRecoverableException(177)) - KRB error occurred while processing request:Additional pre-authentication required
2023-09-14 12:53:29,998 [pool-2-thread-1] INFO  request.AsRequest (AsRequest.java:issueTicket(112)) - AS_REQ ISSUE: authtime 1694696009996,scm/fv-az187-373.4biwkquksivelc4kanrnlgeoof.gx.internal.cloudapp.net@EXAMPLE.COM for krbtgt/EXAMPLE.COM@EXAMPLE.COM
2023-09-14 12:53:30,005 [Time-limited test] INFO  security.UserGroupInformation (UserGroupInformation.java:loginUserFromKeytab(1132)) - Login successful for user scm/fv-az187-373.4biwkquksivelc4kanrnlgeoof.gx.internal.cloudapp.net@EXAMPLE.COM using keytab file scm.keytab. Keytab auto renewal enabled : false
2023-09-14 12:53:30,005 [Time-limited test] INFO  server.StorageContainerManager (StorageContainerManager.java:loginAsSCMUserIfSecurityEnabled(1042)) - SCM login successful.
2023-09-14 12:53:30,036 [Time-limited test] INFO  client.SCMCertificateClient (DefaultCertificateClient.java:updateCertSerialId(1244)) - Certificate serial ID set to 2605812475389
2023-09-14 12:53:30,046 [Time-limited test] INFO  client.SCMCertificateClient (DefaultCertificateClient.java:readCertificateFile(237)) - Added certificate   [0]         Version: 3
         SerialNumber: 2605812475389
             IssuerDN: CN=scm-1@fv-az187-373,OU=152ab4c4-99eb-41c3-a3f7-45efa3406ac5,O=5bc60ae3-c886-4643-bfba-cad86400b7e5
           Start Date: Thu Sep 14 12:53:29 UTC 2023
           Final Date: Sun Oct 22 12:53:29 UTC 2028
            SubjectDN: CN=scm-sub-2605775037949@fv-az187-373,OU=152ab4c4-99eb-41c3-a3f7-45efa3406ac5,O=5bc60ae3-c886-4643-bfba-cad86400b7e5
           Public Key: RSA Public Key [11:4c:89:49:bf:2b:8e:12:0d:b7:ef:34:4a:a6:43:d7:bb:ee:cb:22],[56:66:d1:a4]
        modulus: 9f377cccfb2ed2bf2b3c91fdb1ae9afcccb10b43439a8b993310d600e15cfe3d5b4a8d36088c59fb41245f2d2f8dd215967fbd2fe6d0cbb34beb9c5f81d4c3817606dbcc0de91f5e15c84127ae904cf22a46b85f5410b1b351807cb83a6d270354d0881d7341d1e5334557e7f72d441b50e3e446a67b4f33fa0da40b53fdab9fcf70749cff247148ed8141b58ce52cc6465e361af61d948d4c782d9a19dca4092764b26cc6836903fa41bc53a96ee3e826a59c69fd965a93df0d94b503b531fdc5e9478ce026c7c5f9c7a7396e9e2845b88b8ced4c290546832d3940ead45e15f20ba37cdd3e87096429fe05d722d99521a0343f0fa2b90d7a9b56722dfcab97
public exponent: 10001

  Signature Algorithm: SHA256WITHRSA
            Signature: 7515e2f47df1e57efba1ddcb4a6d75e30e893140
                       e28231d44ec2620f0535682b3e84a2bfacc10d43
                       1d523d8ea83a0c807ef7759b217034383499ef14
                       aa58179e5a2542bdc1d4e81fb463b3fcb747af55
                       b66c630972546a48a091f4ad97889e239f626c24
                       dc25d318799e194fd6eaf97a6c236d989913794c
                       b1ce1e98bea4fe322428e43aba039f3bd10f25ad
                       6fa48a12556df88e4a02a30bdf418a330e7e61ae
                       b31a2970a7d27f62af667c22e1559762c5729d0d
                       9b1a3ff485a90b14af0f0a4955ee27c45bb6ec7e
                       72d42bd797f95c602d54609aba6a45483abcb019
                       aac9aec7ec6b76d601cc1ea81e73425fcfe5333c
                       e0fd09df5fea381195112cd8fb710804
       Extensions: 
                       critical(false) 2.5.29.17 value = Sequence
    Tagged [7] IMPLICIT 
        DER Octet String[4] 
    Tagged [2] IMPLICIT 
        DER Octet String[64] 

                       critical(true) BasicConstraints: isCa(true)
                       critical(true) KeyUsage: 0xbe
 from file: /tmp/junit7533768333451620594/junit2779655472009436158/scm-meta/scm/sub-ca/certs/certificate.crt.
2023-09-14 12:53:30,048 [Time-limited test] INFO  client.SCMCertificateClient (DefaultCertificateClient.java:readCertificateFile(237)) - Added certificate   [0]         Version: 3
         SerialNumber: 2605812475389
             IssuerDN: CN=scm-1@fv-az187-373,OU=152ab4c4-99eb-41c3-a3f7-45efa3406ac5,O=5bc60ae3-c886-4643-bfba-cad86400b7e5
           Start Date: Thu Sep 14 12:53:29 UTC 2023
           Final Date: Sun Oct 22 12:53:29 UTC 2028
            SubjectDN: CN=scm-sub-2605775037949@fv-az187-373,OU=152ab4c4-99eb-41c3-a3f7-45efa3406ac5,O=5bc60ae3-c886-4643-bfba-cad86400b7e5
           Public Key: RSA Public Key [11:4c:89:49:bf:2b:8e:12:0d:b7:ef:34:4a:a6:43:d7:bb:ee:cb:22],[56:66:d1:a4]
        modulus: 9f377cccfb2ed2bf2b3c91fdb1ae9afcccb10b43439a8b993310d600e15cfe3d5b4a8d36088c59fb41245f2d2f8dd215967fbd2fe6d0cbb34beb9c5f81d4c3817606dbcc0de91f5e15c84127ae904cf22a46b85f5410b1b351807cb83a6d270354d0881d7341d1e5334557e7f72d441b50e3e446a67b4f33fa0da40b53fdab9fcf70749cff247148ed8141b58ce52cc6465e361af61d948d4c782d9a19dca4092764b26cc6836903fa41bc53a96ee3e826a59c69fd965a93df0d94b503b531fdc5e9478ce026c7c5f9c7a7396e9e2845b88b8ced4c290546832d3940ead45e15f20ba37cdd3e87096429fe05d722d99521a0343f0fa2b90d7a9b56722dfcab97
public exponent: 10001

  Signature Algorithm: SHA256WITHRSA
            Signature: 7515e2f47df1e57efba1ddcb4a6d75e30e893140
                       e28231d44ec2620f0535682b3e84a2bfacc10d43
                       1d523d8ea83a0c807ef7759b217034383499ef14
                       aa58179e5a2542bdc1d4e81fb463b3fcb747af55
                       b66c630972546a48a091f4ad97889e239f626c24
                       dc25d318799e194fd6eaf97a6c236d989913794c
                       b1ce1e98bea4fe322428e43aba039f3bd10f25ad
                       6fa48a12556df88e4a02a30bdf418a330e7e61ae
                       b31a2970a7d27f62af667c22e1559762c5729d0d
                       9b1a3ff485a90b14af0f0a4955ee27c45bb6ec7e
                       72d42bd797f95c602d54609aba6a45483abcb019
                       aac9aec7ec6b76d601cc1ea81e73425fcfe5333c
                       e0fd09df5fea381195112cd8fb710804
       Extensions: 
                       critical(false) 2.5.29.17 value = Sequence
    Tagged [7] IMPLICIT 
        DER Octet String[4] 
    Tagged [2] IMPLICIT 
        DER Octet String[64] 

                       critical(true) BasicConstraints: isCa(true)
                       critical(true) KeyUsage: 0xbe
 from file: /tmp/junit7533768333451620594/junit2779655472009436158/scm-meta/scm/sub-ca/certs/2605812475389.crt.
2023-09-14 12:53:30,051 [Time-limited test] INFO  client.SCMCertificateClient (DefaultCertificateClient.java:readCertificateFile(237)) - Added certificate   [0]         Version: 3
         SerialNumber: 1
             IssuerDN: CN=scm-1@fv-az187-373,OU=152ab4c4-99eb-41c3-a3f7-45efa3406ac5,O=5bc60ae3-c886-4643-bfba-cad86400b7e5
           Start Date: Thu Sep 14 12:53:29 UTC 2023
           Final Date: Sun Oct 22 12:53:29 UTC 2028
            SubjectDN: CN=scm-1@fv-az187-373,OU=152ab4c4-99eb-41c3-a3f7-45efa3406ac5,O=5bc60ae3-c886-4643-bfba-cad86400b7e5
           Public Key: RSA Public Key [02:27:5d:01:14:69:66:29:22:f5:a6:a1:16:f1:53:59:1a:83:24:0e],[56:66:d1:a4]
        modulus: e178bb5e38e9cace69f386af616795d93f0dfa26de19cadbe71c1342a189c1e9c3b98bc7763ec62fc014d85a0ebbf02b985a3abd66599437ab562939b8bcdbee36e5586359f44d96007c208b80f2d9ee39e9d9e508400ef96e4115d5534f46f733a2154ea1e57204e736173ad1aefcb07d8abb0c84017a320a0c912d2325818cfa0447ad4954c07ca60c7eeb153a790984116c9fda300a6cfc8dff1cb48c75ee5c9ba75c3bf0af346372ae4d42119026bd42b3416e3b02bb80c17ac0039fdc609d8055b1016419bf2a90982704e24ff222032072bdb0fd5febf9d5eaf35f44872f7b3430909b0ec177ed2f4afe771a0d29c90399b7fe5a1b5cf03631d247251d
public exponent: 10001

  Signature Algorithm: SHA256WITHRSA
            Signature: 3bee2056c37a332ccf8da89b2715d7f931b965ab
                       45d037b55c2cf24755f627273260867245c73df8
                       a610aa91f8bd5225bf6540cc22557275be412f91
                       d98c91ae5f059b1d4f27fbc200ae84b191b1dcf0
                       dbd0af12716de94b44cf9367a04277f3e97a3abc
                       a6c35f772c1e6bd161147c02b4b0ca60f421f60b
                       eb1a82be8e922455d12805a52e33cd7bef35fa66
                       8eb73f1bb075c1ba9aa930df8c8ccc1a1463ccb1
                       70b678083d8274e72bb6bcb1eedc2b5ea24b7c6c
                       9f68caffca08d3f77f5975a2cfe79b2ce5a846c3
                       54434cb52eabb1142e4fde522ac19fe8ce606b20
                       38f89658244ec9044010207593fa46fb585e1e0b
                       52cc14eaa9291d442544af814d680f39
       Extensions: 
                       critical(true) BasicConstraints: isCa(true)
                       critical(true) KeyUsage: 0x6
                       critical(false) 2.5.29.17 value = Sequence
    Tagged [7] IMPLICIT 
        DER Octet String[4] 
    Tagged [2] IMPLICIT 
        DER Octet String[64] 

 from file: /tmp/junit7533768333451620594/junit2779655472009436158/scm-meta/scm/sub-ca/certs/CA-1.crt.
2023-09-14 12:53:30,051 [Time-limited test] INFO  client.SCMCertificateClient (DefaultCertificateClient.java:loadAllCertificates(191)) - CertificateRenewerService and root ca rotation polling is disabled for scm/sub-ca
2023-09-14 12:53:30,103 [Time-limited test] WARN  utils.HAUtils (HAUtils.java:getMetaDir(339)) - ozone.scm.db.dirs is not configured. We recommend adding this setting. Falling back to ozone.metadata.dirs instead.
2023-09-14 12:53:30,241 [Time-limited test] WARN  db.DBStoreBuilder (DBStoreBuilder.java:applyDBDefinition(166)) - ozone.scm.db.dirs is not configured. We recommend adding this setting. Falling back to ozone.metadata.dirs instead.
2023-09-14 12:53:30,451 [Time-limited test] INFO  net.NodeSchemaLoader (NodeSchemaLoader.java:loadSchemaFromFile(129)) - Loading schema from [jar:file:/home/runner/.m2/repository/org/apache/ozone/hdds-common/1.4.0-SNAPSHOT/hdds-common-1.4.0-SNAPSHOT.jar!/network-topology-default.xml]
2023-09-14 12:53:30,452 [Time-limited test] INFO  net.NodeSchemaLoader (NodeSchemaLoader.java:loadSchema(176)) - Loading network topology layer schema file
2023-09-14 12:53:30,495 [Time-limited test] INFO  metrics.MetricRegistries (MetricRegistriesLoader.java:load(64)) - Loaded MetricRegistries class org.apache.ratis.metrics.impl.MetricRegistriesImpl
2023-09-14 12:53:30,508 [Time-limited test] INFO  upgrade.AbstractLayoutVersionManager (AbstractLayoutVersionManager.java:init(83)) - Initializing Layout version manager with metadata layout = HADOOP_PRC_PORTS_IN_DATANODEDETAILS (version = 7), software layout = HADOOP_PRC_PORTS_IN_DATANODEDETAILS (version = 7)
2023-09-14 12:53:30,651 [Time-limited test] INFO  ha.SequenceIdGenerator (SequenceIdGenerator.java:upgradeToSequenceId(365)) - upgrade localId to 111677748019200000
2023-09-14 12:53:30,652 [Time-limited test] INFO  ha.SequenceIdGenerator (SequenceIdGenerator.java:upgradeToSequenceId(375)) - upgrade delTxnId to 0
2023-09-14 12:53:30,661 [Time-limited test] INFO  ha.SequenceIdGenerator (SequenceIdGenerator.java:upgradeToSequenceId(392)) - upgrade containerId to 0
2023-09-14 12:53:30,664 [Time-limited test] INFO  ha.SequenceIdGenerator (SequenceIdGenerator.java:upgradeToSequenceId(428)) - upgrade rootCertificateId to 1
2023-09-14 12:53:30,665 [Time-limited test] INFO  ha.SequenceIdGenerator (SequenceIdGenerator.java:<init>(236)) - Init the HA SequenceIdGenerator.
2023-09-14 12:53:30,723 [Time-limited test] INFO  node.SCMNodeManager (SCMNodeManager.java:<init>(157)) - Entering startup safe mode.
2023-09-14 12:53:30,737 [Time-limited test] INFO  algorithms.ContainerPlacementPolicyFactory (ContainerPlacementPolicyFactory.java:getPolicyInternal(86)) - Create container placement policy of type org.apache.hadoop.hdds.scm.container.placement.algorithms.SCMContainerPlacementRackAware
2023-09-14 12:53:30,739 [Time-limited test] INFO  algorithms.ContainerPlacementPolicyFactory (ContainerPlacementPolicyFactory.java:getPolicyInternal(86)) - Create container placement policy of type org.apache.hadoop.hdds.scm.container.placement.algorithms.SCMContainerPlacementRackScatter
2023-09-14 12:53:30,747 [Time-limited test] INFO  pipeline.PipelineStateManagerImpl (PipelineStateManagerImpl.java:initialize(78)) - No pipeline exists in current db
2023-09-14 12:53:30,760 [Time-limited test] INFO  algorithms.LeaderChoosePolicyFactory (LeaderChoosePolicyFactory.java:getPolicy(57)) - Create leader choose policy of type org.apache.hadoop.hdds.scm.pipeline.leader.choose.algorithms.MinLeaderCountChoosePolicy
2023-09-14 12:53:30,760 [Time-limited test] INFO  algorithms.ContainerPlacementPolicyFactory (ContainerPlacementPolicyFactory.java:getPolicyInternal(86)) - Create container placement policy of type org.apache.hadoop.hdds.scm.container.placement.algorithms.SCMContainerPlacementRackScatter
2023-09-14 12:53:30,766 [Time-limited test] INFO  ha.SCMServiceManager (SCMServiceManager.java:register(42)) - Registering service BackgroundPipelineCreator.
2023-09-14 12:53:30,766 [Time-limited test] INFO  pipeline.BackgroundPipelineCreator (BackgroundPipelineCreator.java:start(124)) - Starting RatisPipelineUtilsThread.
2023-09-14 12:53:30,768 [Time-limited test] INFO  BackgroundPipelineScrubber (BackgroundSCMService.java:start(68)) - Starting BackgroundPipelineScrubber Service.
2023-09-14 12:53:30,769 [Time-limited test] INFO  ha.SCMServiceManager (SCMServiceManager.java:register(42)) - Registering service BackgroundPipelineScrubber.
2023-09-14 12:53:30,775 [Time-limited test] INFO  ExpiredContainerReplicaOpScrubber (BackgroundSCMService.java:start(68)) - Starting ExpiredContainerReplicaOpScrubber Service.
2023-09-14 12:53:30,776 [Time-limited test] INFO  ha.SCMServiceManager (SCMServiceManager.java:register(42)) - Registering service ExpiredContainerReplicaOpScrubber.
2023-09-14 12:53:30,798 [Time-limited test] INFO  algorithms.PipelineChoosePolicyFactory (PipelineChoosePolicyFactory.java:createPipelineChoosePolicyFromClass(78)) - Create pipeline choose policy of type org.apache.hadoop.hdds.scm.pipeline.choose.algorithms.RandomPipelineChoosePolicy
2023-09-14 12:53:30,798 [Time-limited test] INFO  algorithms.PipelineChoosePolicyFactory (PipelineChoosePolicyFactory.java:createPipelineChoosePolicyFromClass(78)) - Create pipeline choose policy of type org.apache.hadoop.hdds.scm.pipeline.choose.algorithms.RandomPipelineChoosePolicy
2023-09-14 12:53:30,819 [Time-limited test] INFO  ha.SCMServiceManager (SCMServiceManager.java:register(42)) - Registering service SCMBlockDeletingService.
2023-09-14 12:53:30,888 [Time-limited test] INFO  replication.ReplicationManager (ReplicationManager.java:start(291)) - Starting Replication Monitor Thread.
2023-09-14 12:53:30,889 [Time-limited test] INFO  ha.SCMServiceManager (SCMServiceManager.java:register(42)) - Registering service ReplicationManager.
2023-09-14 12:53:30,894 [ReplicationMonitor] INFO  replication.ReplicationManager (ReplicationManager.java:processAll(365)) - Replication Manager is not ready to run until 300000ms after safemode exit
2023-09-14 12:53:30,906 [Time-limited test] INFO  safemode.ContainerSafeModeRule (ContainerSafeModeRule.java:<init>(90)) - containers with one replica threshold count 0
2023-09-14 12:53:30,911 [Time-limited test] INFO  safemode.HealthyPipelineSafeModeRule (HealthyPipelineSafeModeRule.java:initializeRule(169)) - Total pipeline count is 0, healthy pipeline threshold count is 0
2023-09-14 12:53:30,915 [Time-limited test] INFO  safemode.OneReplicaPipelineSafeModeRule (OneReplicaPipelineSafeModeRule.java:initializeRule(180)) - Total pipeline count is 0, pipeline's with at least one datanode reported threshold count is 0
2023-09-14 12:53:30,940 [Time-limited test] INFO  authority.DefaultCAServer (DefaultCAServer.java:lambda$processVerificationStatus$0(472)) - CertificateServer validation is successful
2023-09-14 12:53:30,941 [Time-limited test] INFO  authority.DefaultCAServer (DefaultCAServer.java:lambda$processVerificationStatus$0(472)) - CertificateServer validation is successful
2023-09-14 12:53:30,942 [Time-limited test] INFO  server.StorageContainerManager (StorageContainerManager.java:persistPrimarySCMCerts(932)) - Storing sub-ca certificate serialId 2605812475389 on primary SCM
2023-09-14 12:53:30,957 [Time-limited test] INFO  server.SCMCertStore (SCMCertStore.java:storeValidScmCertificate(122)) - Scm certificate 2605812475389 for CN=scm-sub-2605775037949@fv-az187-373,OU=152ab4c4-99eb-41c3-a3f7-45efa3406ac5,O=5bc60ae3-c886-4643-bfba-cad86400b7e5 is stored
2023-09-14 12:53:30,958 [Time-limited test] INFO  server.StorageContainerManager (StorageContainerManager.java:persistPrimarySCMCerts(940)) - Storing root certificate serialId 1
2023-09-14 12:53:30,962 [Time-limited test] INFO  server.SCMCertStore (SCMCertStore.java:storeValidScmCertificate(122)) - Scm certificate 1 for CN=scm-1@fv-az187-373,OU=152ab4c4-99eb-41c3-a3f7-45efa3406ac5,O=5bc60ae3-c886-4643-bfba-cad86400b7e5 is stored
2023-09-14 12:53:30,986 [Time-limited test] INFO  ipc.CallQueueManager (CallQueueManager.java:<init>(90)) - Using callQueue: class java.util.concurrent.LinkedBlockingQueue, queueCapacity: 200, scheduler: class org.apache.hadoop.ipc.DefaultRpcScheduler, ipcBackoff: false.
2023-09-14 12:53:31,025 [Time-limited test] INFO  ipc.Server (Server.java:<init>(1287)) - Listener at 0.0.0.0:9961
2023-09-14 12:53:31,028 [Socket Reader #1 for port 9961] INFO  ipc.Server (Server.java:run(1323)) - Starting Socket Reader #1 for port 9961
2023-09-14 12:53:31,067 [Time-limited test] INFO  server.StorageContainerManager (StorageContainerManager.java:<init>(425)) - SCM start with adminUsers: [runner, scm]
2023-09-14 12:53:31,105 [Time-limited test] INFO  audit.AuditLogger (AuditLogger.java:refreshDebugCmdSet(126)) - Refresh DebugCmdSet for SCMAudit to [].
2023-09-14 12:53:31,110 [Time-limited test] INFO  ipc.CallQueueManager (CallQueueManager.java:<init>(90)) - Using callQueue: class java.util.concurrent.LinkedBlockingQueue, queueCapacity: 10000, scheduler: class org.apache.hadoop.ipc.DefaultRpcScheduler, ipcBackoff: false.
2023-09-14 12:53:31,111 [Time-limited test] INFO  ipc.Server (Server.java:<init>(1287)) - Listener at 0.0.0.0:9861
2023-09-14 12:53:31,111 [Socket Reader #1 for port 9861] INFO  ipc.Server (Server.java:run(1323)) - Starting Socket Reader #1 for port 9861
2023-09-14 12:53:31,142 [Time-limited test] INFO  audit.AuditLogger (AuditLogger.java:refreshDebugCmdSet(126)) - Refresh DebugCmdSet for SCMAudit to [].
2023-09-14 12:53:31,147 [Time-limited test] INFO  ipc.CallQueueManager (CallQueueManager.java:<init>(90)) - Using callQueue: class java.util.concurrent.LinkedBlockingQueue, queueCapacity: 10000, scheduler: class org.apache.hadoop.ipc.DefaultRpcScheduler, ipcBackoff: false.
2023-09-14 12:53:31,147 [Time-limited test] INFO  ipc.Server (Server.java:<init>(1287)) - Listener at 0.0.0.0:9863
2023-09-14 12:53:31,149 [Socket Reader #1 for port 9863] INFO  ipc.Server (Server.java:run(1323)) - Starting Socket Reader #1 for port 9863
2023-09-14 12:53:31,187 [Time-limited test] INFO  audit.AuditLogger (AuditLogger.java:refreshDebugCmdSet(126)) - Refresh DebugCmdSet for SCMAudit to [].
2023-09-14 12:53:31,197 [Time-limited test] INFO  ipc.CallQueueManager (CallQueueManager.java:<init>(90)) - Using callQueue: class java.util.concurrent.LinkedBlockingQueue, queueCapacity: 10000, scheduler: class org.apache.hadoop.ipc.DefaultRpcScheduler, ipcBackoff: false.
2023-09-14 12:53:31,197 [Time-limited test] INFO  ipc.Server (Server.java:<init>(1287)) - Listener at 0.0.0.0:9860
2023-09-14 12:53:31,198 [Socket Reader #1 for port 9860] INFO  ipc.Server (Server.java:run(1323)) - Starting Socket Reader #1 for port 9860
2023-09-14 12:53:31,240 [Time-limited test] INFO  ha.SCMServiceManager (SCMServiceManager.java:register(42)) - Registering service ContainerBalancer.
2023-09-14 12:53:31,241 [Time-limited test] INFO  server.StorageContainerManager (StorageContainerManager.java:<init>(438)) - 
Container Balancer status:
Key                            Value
Running                        false
Container Balancer Configuration values:
Key                                                Value
Threshold                                          10
Max Datanodes to Involve per Iteration(percent)    20
Max Size to Move per Iteration                     500GB
Max Size Entering Target per Iteration             26GB
Max Size Leaving Source per Iteration              26GB
Number of Iterations                               10
Time Limit for Single Container's Movement         65min
Time Limit for Single Container's Replication      50min
Interval between each Iteration                    70min
Whether to Enable Network Topology                 false
Whether to Trigger Refresh Datanode Usage Info     false
Container IDs to Exclude from Balancing            None
Datanodes Specified to be Balanced                 None
Datanodes Excluded from Balancing                  None

2023-09-14 12:53:31,241 [Time-limited test] INFO  ha.SCMContext (SCMContext.java:updateSafeModeStatus(228)) - Update SafeModeStatus from SafeModeStatus{safeModeStatus=true, preCheckPassed=false} to SafeModeStatus{safeModeStatus=true, preCheckPassed=false}.
2023-09-14 12:53:31,244 [Time-limited test] INFO  server.StorageContainerManager (StorageContainerManager.java:start(1483)) - StorageContainerLocationProtocol RPC server is listening at /0.0.0.0:9860
2023-09-14 12:53:31,310 [Time-limited test] WARN  impl.MetricsConfig (MetricsConfig.java:loadFirst(136)) - Cannot locate configuration: tried hadoop-metrics2-storagecontainermanager.properties,hadoop-metrics2.properties
2023-09-14 12:53:31,324 [Time-limited test] INFO  impl.MetricsSystemImpl (MetricsSystemImpl.java:startTimer(378)) - Scheduled Metric snapshot period at 10 second(s).
2023-09-14 12:53:31,325 [Time-limited test] INFO  impl.MetricsSystemImpl (MetricsSystemImpl.java:start(191)) - StorageContainerManager metrics system started
2023-09-14 12:53:31,388 [Time-limited test] INFO  server.SCMClientProtocolServer (SCMClientProtocolServer.java:start(201)) - RPC server for Client  is listening at /0.0.0.0:9860
2023-09-14 12:53:31,392 [IPC Server Responder] INFO  ipc.Server (Server.java:run(1562)) - IPC Server Responder: starting
2023-09-14 12:53:31,409 [Time-limited test] INFO  server.StorageContainerManager (StorageContainerManager.java:start(1496)) - ScmBlockLocationProtocol RPC server is listening at /0.0.0.0:9863
2023-09-14 12:53:31,410 [Time-limited test] INFO  server.SCMBlockProtocolServer (SCMBlockProtocolServer.java:start(154)) - RPC server for Block Protocol is listening at /0.0.0.0:9863
2023-09-14 12:53:31,395 [IPC Server listener on 9860] INFO  ipc.Server (Server.java:run(1402)) - IPC Server listener on 9860: starting
2023-09-14 12:53:31,411 [IPC Server Responder] INFO  ipc.Server (Server.java:run(1562)) - IPC Server Responder: starting
2023-09-14 12:53:31,411 [IPC Server listener on 9863] INFO  ipc.Server (Server.java:run(1402)) - IPC Server listener on 9863: starting
2023-09-14 12:53:31,425 [Time-limited test] INFO  server.SCMDatanodeProtocolServer (SCMDatanodeProtocolServer.java:start(193)) - ScmDatanodeProtocol RPC server for DataNodes is listening at /0.0.0.0:9861
2023-09-14 12:53:31,439 [IPC Server Responder] INFO  ipc.Server (Server.java:run(1562)) - IPC Server Responder: starting
2023-09-14 12:53:31,463 [IPC Server listener on 9861] INFO  ipc.Server (Server.java:run(1402)) - IPC Server listener on 9861: starting
2023-09-14 12:53:31,470 [Time-limited test] INFO  server.SCMSecurityProtocolServer (SCMSecurityProtocolServer.java:start(542)) - Starting RPC server for SCMSecurityProtocolServer. is listening at /0.0.0.0:9961
2023-09-14 12:53:31,471 [IPC Server Responder] INFO  ipc.Server (Server.java:run(1562)) - IPC Server Responder: starting
2023-09-14 12:53:31,475 [Time-limited test] INFO  server.SCMUpdateServiceGrpcServer (SCMUpdateServiceGrpcServer.java:start(58)) - SCMUpdateService starting
2023-09-14 12:53:31,476 [IPC Server listener on 9961] INFO  ipc.Server (Server.java:run(1402)) - IPC Server listener on 9961: starting
2023-09-14 12:53:31,744 [JvmPauseMonitor0] INFO  util.JvmPauseMonitor (JvmPauseMonitor.java:run(103)) - JvmPauseMonitor-152ab4c4-99eb-41c3-a3f7-45efa3406ac5: Started
2023-09-14 12:53:31,746 [Time-limited test] INFO  http.BaseHttpServer (BaseHttpServer.java:newHttpServer2BuilderForOzone(223)) - Starting Web-server for scm at: http://0.0.0.0:9876
2023-09-14 12:53:31,748 [Time-limited test] INFO  http.BaseHttpServer (BaseHttpServer.java:<init>(110)) - Hadoop Security Enabled: true Ozone Security Enabled: true Ozone HTTP Security Enabled: false 
2023-09-14 12:53:31,769 [Time-limited test] INFO  util.log (Log.java:initialized(170)) - Logging initialized @6744ms to org.eclipse.jetty.util.log.Slf4jLog
2023-09-14 12:53:31,861 [Time-limited test] WARN  server.AuthenticationFilter (AuthenticationFilter.java:constructSecretProvider(240)) - Unable to initialize FileSignerSecretProvider, falling back to use random secrets. Reason: Could not read signature secret file: /home/runner/hadoop-http-auth-signature-secret
2023-09-14 12:53:31,867 [Time-limited test] INFO  http.HttpRequestLog (HttpRequestLog.java:getRequestLog(86)) - Http request log for http.requests.scm is not defined
2023-09-14 12:53:31,874 [Time-limited test] INFO  http.HttpServer2 (HttpServer2.java:addGlobalFilter(1031)) - Added global filter 'safety' (class=org.apache.hadoop.hdds.server.http.HttpServer2$QuotingInputFilter)
2023-09-14 12:53:31,876 [Time-limited test] INFO  http.HttpServer2 (HttpServer2.java:addFilter(1007)) - Added filter static_user_filter (class=org.apache.hadoop.http.lib.StaticUserWebFilter$StaticUserFilter) to context scm
2023-09-14 12:53:31,876 [Time-limited test] INFO  http.HttpServer2 (HttpServer2.java:addFilter(1015)) - Added filter static_user_filter (class=org.apache.hadoop.http.lib.StaticUserWebFilter$StaticUserFilter) to context logs
2023-09-14 12:53:31,876 [Time-limited test] INFO  http.HttpServer2 (HttpServer2.java:addFilter(1015)) - Added filter static_user_filter (class=org.apache.hadoop.http.lib.StaticUserWebFilter$StaticUserFilter) to context static
2023-09-14 12:53:31,909 [Time-limited test] INFO  http.BaseHttpServer (BaseHttpServer.java:<init>(189)) - HTTP server of scm uses base directory /tmp/junit7533768333451620594/junit2779655472009436158/scm-meta/webserver
2023-09-14 12:53:31,910 [Time-limited test] INFO  http.HttpServer2 (HttpServer2.java:bindListener(1231)) - Jetty bound to port 9876
2023-09-14 12:53:31,911 [Time-limited test] INFO  server.Server (Server.java:doStart(375)) - jetty-9.4.51.v20230217; built: 2023-02-17T08:19:37.309Z; git: b45c405e4544384de066f814ed42ae3dceacdd49; jvm 1.8.0_382-b05
2023-09-14 12:53:31,941 [Time-limited test] INFO  server.session (DefaultSessionIdManager.java:doStart(334)) - DefaultSessionIdManager workerName=node0
2023-09-14 12:53:31,941 [Time-limited test] INFO  server.session (DefaultSessionIdManager.java:doStart(339)) - No SessionScavenger set, using defaults
2023-09-14 12:53:31,942 [Time-limited test] INFO  server.session (HouseKeeper.java:startScavenging(132)) - node0 Scavenging every 600000ms
2023-09-14 12:53:31,955 [Time-limited test] INFO  handler.ContextHandler (ContextHandler.java:doStart(921)) - Started o.e.j.s.ServletContextHandler@36181e1c{logs,/logs,file:///home/runner/work/ozone/ozone/hadoop-ozone/integration-test/target/log,AVAILABLE}
2023-09-14 12:53:31,955 [Time-limited test] INFO  handler.ContextHandler (ContextHandler.java:doStart(921)) - Started o.e.j.s.ServletContextHandler@75db4351{static,/static,file:///home/runner/work/ozone/ozone/hadoop-ozone/integration-test/target/test-classes/webapps/static,AVAILABLE}
2023-09-14 12:53:31,992 [Time-limited test] INFO  handler.ContextHandler (ContextHandler.java:doStart(921)) - Started o.e.j.w.WebAppContext@16999a01{scm,/,file:///home/runner/work/ozone/ozone/hadoop-ozone/integration-test/target/test-classes/webapps/scm/,AVAILABLE}{file:/home/runner/work/ozone/ozone/hadoop-ozone/integration-test/target/test-classes/webapps/scm}
2023-09-14 12:53:32,005 [Time-limited test] INFO  server.AbstractConnector (AbstractConnector.java:doStart(333)) - Started ServerConnector@734e18b3{HTTP/1.1, (http/1.1)}{0.0.0.0:9876}
2023-09-14 12:53:32,005 [Time-limited test] INFO  server.Server (Server.java:doStart(415)) - Started @6979ms
2023-09-14 12:53:32,008 [Time-limited test] INFO  impl.MetricsSinkAdapter (MetricsSinkAdapter.java:start(204)) - Sink prometheus started
2023-09-14 12:53:32,008 [Time-limited test] INFO  impl.MetricsSystemImpl (MetricsSystemImpl.java:registerSink(305)) - Registered sink prometheus
2023-09-14 12:53:32,010 [Time-limited test] INFO  http.BaseHttpServer (BaseHttpServer.java:updateConnectorAddress(354)) - HTTP server of scm listening at http://0.0.0.0:9876
2023-09-14 12:53:32,015 [pool-2-thread-1] INFO  request.KdcRequest (KdcRequest.java:preauth(651)) - The preauth data is empty.
2023-09-14 12:53:32,015 [pool-2-thread-1] INFO  server.KdcHandler (KdcHandler.java:handleRecoverableException(177)) - KRB error occurred while processing request:Additional pre-authentication required
2023-09-14 12:53:32,020 [pool-2-thread-1] INFO  request.AsRequest (AsRequest.java:issueTicket(112)) - AS_REQ ISSUE: authtime 1694696012020,test@EXAMPLE.COM for krbtgt/EXAMPLE.COM@EXAMPLE.COM
2023-09-14 12:53:32,144 [pool-2-thread-1] INFO  request.TgsRequest (TgsRequest.java:issueTicket(115)) - TGS_REQ ISSUE: authtime 1694696012142,test for scm/fv-az187-373.4biwkquksivelc4kanrnlgeoof.gx.internal.cloudapp.net@EXAMPLE.COM
2023-09-14 12:53:32,169 [Socket Reader #1 for port 9961] INFO  ipc.Server (Server.java:saslProcess(2139)) - Auth successful for test@EXAMPLE.COM (auth:KERBEROS) from fv-az187-373.4biwkquksivelc4kanrnlgeoof.gx.internal.cloudapp.net:54842 / 10.1.0.236:54842
2023-09-14 12:53:32,162 [pool-2-thread-2] INFO  request.TgsRequest (TgsRequest.java:issueTicket(115)) - TGS_REQ ISSUE: authtime 1694696012161,scm/fv-az187-373.4biwkquksivelc4kanrnlgeoof.gx.internal.cloudapp.net for scm/fv-az187-373.4biwkquksivelc4kanrnlgeoof.gx.internal.cloudapp.net@EXAMPLE.COM
2023-09-14 12:53:32,186 [Socket Reader #1 for port 9961] INFO  ipc.Server (Server.java:saslProcess(2139)) - Auth successful for scm/fv-az187-373.4biwkquksivelc4kanrnlgeoof.gx.internal.cloudapp.net@EXAMPLE.COM (auth:KERBEROS) from fv-az187-373.4biwkquksivelc4kanrnlgeoof.gx.internal.cloudapp.net:41567 / 10.1.0.236:41567
2023-09-14 12:53:32,255 [IPC Server handler 0 on default port 9961] INFO  client.SCMCertificateClient (DefaultCertificateClient.java:getAllRootCaCerts(901)) - scm/sub-ca has 0 Root CA certificates
2023-09-14 12:53:32,260 [IPC Server handler 0 on default port 9961] INFO  client.SCMCertificateClient (DefaultCertificateClient.java:getAllCaCerts(909)) - scm/sub-ca has 1 CA certificates
2023-09-14 12:53:32,269 [scm/sub-ca-refreshCACertificates] INFO  client.SCMCertificateClient (DefaultCertificateClient.java:getAllRootCaCerts(901)) - scm/sub-ca has 0 Root CA certificates
2023-09-14 12:53:32,269 [scm/sub-ca-refreshCACertificates] INFO  client.SCMCertificateClient (DefaultCertificateClient.java:getAllCaCerts(909)) - scm/sub-ca has 1 CA certificates
2023-09-14 12:53:32,270 [scm/sub-ca-refreshCACertificates] INFO  client.SCMCertificateClient (SCMCertificateClient.java:run(277)) - CA certificates are not changed.
2023-09-14 12:53:32,272 [IPC Server handler 1 on default port 9961] INFO  server.SCMSecurityProtocolServer (SCMSecurityProtocolServer.java:getCertificate(407)) - Certificate with serial id 100 not found.
2023-09-14 12:53:32,287 [Time-limited test] WARN  ipc.Client (Client.java:run(733)) - Exception encountered while connecting to the server 0.0.0.0/0.0.0.0:9961
org.apache.hadoop.security.AccessControlException: Client cannot authenticate via:[KERBEROS]
	at org.apache.hadoop.security.SaslRpcClient.selectSaslClient(SaslRpcClient.java:179)
	at org.apache.hadoop.security.SaslRpcClient.saslConnect(SaslRpcClient.java:392)
	at org.apache.hadoop.ipc.Client$Connection.setupSaslConnection(Client.java:561)
	at org.apache.hadoop.ipc.Client$Connection.access$2100(Client.java:347)
	at org.apache.hadoop.ipc.Client$Connection$2.run(Client.java:783)
	at org.apache.hadoop.ipc.Client$Connection$2.run(Client.java:779)
	at java.security.AccessController.doPrivileged(Native Method)
	at javax.security.auth.Subject.doAs(Subject.java:422)
	at org.apache.hadoop.security.UserGroupInformation.doAs(UserGroupInformation.java:1899)
	at org.apache.hadoop.ipc.Client$Connection.setupIOstreams(Client.java:779)
	at org.apache.hadoop.ipc.Client$Connection.access$3800(Client.java:347)
	at org.apache.hadoop.ipc.Client.getConnection(Client.java:1632)
	at org.apache.hadoop.ipc.Client.call(Client.java:1457)
	at org.apache.hadoop.ipc.Client.call(Client.java:1410)
	at org.apache.hadoop.ipc.ProtobufRpcEngine$Invoker.invoke(ProtobufRpcEngine.java:250)
	at org.apache.hadoop.ipc.ProtobufRpcEngine$Invoker.invoke(ProtobufRpcEngine.java:132)
	at com.sun.proxy.$Proxy26.submitRequest(Unknown Source)
	at sun.reflect.NativeMethodAccessorImpl.invoke0(Native Method)
	at sun.reflect.NativeMethodAccessorImpl.invoke(NativeMethodAccessorImpl.java:62)
	at sun.reflect.DelegatingMethodAccessorImpl.invoke(DelegatingMethodAccessorImpl.java:43)
	at java.lang.reflect.Method.invoke(Method.java:498)
	at org.apache.hadoop.io.retry.RetryInvocationHandler.invokeMethod(RetryInvocationHandler.java:433)
	at org.apache.hadoop.io.retry.RetryInvocationHandler$Call.invokeMethod(RetryInvocationHandler.java:166)
	at org.apache.hadoop.io.retry.RetryInvocationHandler$Call.invoke(RetryInvocationHandler.java:158)
	at org.apache.hadoop.io.retry.RetryInvocationHandler$Call.invokeOnce(RetryInvocationHandler.java:96)
	at org.apache.hadoop.io.retry.RetryInvocationHandler.invoke(RetryInvocationHandler.java:362)
	at com.sun.proxy.$Proxy26.submitRequest(Unknown Source)
	at org.apache.hadoop.hdds.protocolPB.SCMSecurityProtocolClientSideTranslatorPB.submitRequest(SCMSecurityProtocolClientSideTranslatorPB.java:102)
	at org.apache.hadoop.hdds.protocolPB.SCMSecurityProtocolClientSideTranslatorPB.getCACert(SCMSecurityProtocolClientSideTranslatorPB.java:332)
	at org.apache.hadoop.hdds.protocolPB.SCMSecurityProtocolClientSideTranslatorPB.getCACertificate(SCMSecurityProtocolClientSideTranslatorPB.java:326)
	at org.junit.Assert.assertThrows(Assert.java:1001)
	at org.junit.Assert.assertThrows(Assert.java:981)
	at org.apache.hadoop.ozone.TestSecureOzoneCluster.testSCMSecurityProtocol(TestSecureOzoneCluster.java:405)
	at sun.reflect.NativeMethodAccessorImpl.invoke0(Native Method)
	at sun.reflect.NativeMethodAccessorImpl.invoke(NativeMethodAccessorImpl.java:62)
	at sun.reflect.DelegatingMethodAccessorImpl.invoke(DelegatingMethodAccessorImpl.java:43)
	at java.lang.reflect.Method.invoke(Method.java:498)
	at org.junit.runners.model.FrameworkMethod$1.runReflectiveCall(FrameworkMethod.java:59)
	at org.junit.internal.runners.model.ReflectiveCallable.run(ReflectiveCallable.java:12)
	at org.junit.runners.model.FrameworkMethod.invokeExplosively(FrameworkMethod.java:56)
	at org.junit.internal.runners.statements.InvokeMethod.evaluate(InvokeMethod.java:17)
	at org.junit.internal.runners.statements.RunBefores.evaluate(RunBefores.java:26)
	at org.junit.internal.runners.statements.RunAfters.evaluate(RunAfters.java:27)
	at org.junit.rules.ExternalResource$1.evaluate(ExternalResource.java:54)
	at org.junit.internal.runners.statements.FailOnTimeout$CallableStatement.call(FailOnTimeout.java:288)
	at org.junit.internal.runners.statements.FailOnTimeout$CallableStatement.call(FailOnTimeout.java:282)
	at java.util.concurrent.FutureTask.run(FutureTask.java:266)
	at java.lang.Thread.run(Thread.java:750)
2023-09-14 12:53:32,296 [Time-limited test] WARN  ipc.Client (Client.java:run(733)) - Exception encountered while connecting to the server 0.0.0.0/0.0.0.0:9961
org.apache.hadoop.security.AccessControlException: Client cannot authenticate via:[KERBEROS]
	at org.apache.hadoop.security.SaslRpcClient.selectSaslClient(SaslRpcClient.java:179)
	at org.apache.hadoop.security.SaslRpcClient.saslConnect(SaslRpcClient.java:392)
	at org.apache.hadoop.ipc.Client$Connection.setupSaslConnection(Client.java:561)
	at org.apache.hadoop.ipc.Client$Connection.access$2100(Client.java:347)
	at org.apache.hadoop.ipc.Client$Connection$2.run(Client.java:783)
	at org.apache.hadoop.ipc.Client$Connection$2.run(Client.java:779)
	at java.security.AccessController.doPrivileged(Native Method)
	at javax.security.auth.Subject.doAs(Subject.java:422)
	at org.apache.hadoop.security.UserGroupInformation.doAs(UserGroupInformation.java:1899)
	at org.apache.hadoop.ipc.Client$Connection.setupIOstreams(Client.java:779)
	at org.apache.hadoop.ipc.Client$Connection.access$3800(Client.java:347)
	at org.apache.hadoop.ipc.Client.getConnection(Client.java:1632)
	at org.apache.hadoop.ipc.Client.call(Client.java:1457)
	at org.apache.hadoop.ipc.Client.call(Client.java:1410)
	at org.apache.hadoop.ipc.ProtobufRpcEngine$Invoker.invoke(ProtobufRpcEngine.java:250)
	at org.apache.hadoop.ipc.ProtobufRpcEngine$Invoker.invoke(ProtobufRpcEngine.java:132)
	at com.sun.proxy.$Proxy26.submitRequest(Unknown Source)
	at sun.reflect.NativeMethodAccessorImpl.invoke0(Native Method)
	at sun.reflect.NativeMethodAccessorImpl.invoke(NativeMethodAccessorImpl.java:62)
	at sun.reflect.DelegatingMethodAccessorImpl.invoke(DelegatingMethodAccessorImpl.java:43)
	at java.lang.reflect.Method.invoke(Method.java:498)
	at org.apache.hadoop.io.retry.RetryInvocationHandler.invokeMethod(RetryInvocationHandler.java:433)
	at org.apache.hadoop.io.retry.RetryInvocationHandler$Call.invokeMethod(RetryInvocationHandler.java:166)
	at org.apache.hadoop.io.retry.RetryInvocationHandler$Call.invoke(RetryInvocationHandler.java:158)
	at org.apache.hadoop.io.retry.RetryInvocationHandler$Call.invokeOnce(RetryInvocationHandler.java:96)
	at org.apache.hadoop.io.retry.RetryInvocationHandler.invoke(RetryInvocationHandler.java:362)
	at com.sun.proxy.$Proxy26.submitRequest(Unknown Source)
	at org.apache.hadoop.hdds.protocolPB.SCMSecurityProtocolClientSideTranslatorPB.submitRequest(SCMSecurityProtocolClientSideTranslatorPB.java:102)
	at org.apache.hadoop.hdds.protocolPB.SCMSecurityProtocolClientSideTranslatorPB.getCertificate(SCMSecurityProtocolClientSideTranslatorPB.java:271)
	at org.apache.hadoop.ozone.TestSecureOzoneCluster.lambda$testSCMSecurityProtocol$1(TestSecureOzoneCluster.java:409)
	at org.junit.Assert.assertThrows(Assert.java:1001)
	at org.junit.Assert.assertThrows(Assert.java:981)
	at org.apache.hadoop.ozone.TestSecureOzoneCluster.testSCMSecurityProtocol(TestSecureOzoneCluster.java:408)
	at sun.reflect.NativeMethodAccessorImpl.invoke0(Native Method)
	at sun.reflect.NativeMethodAccessorImpl.invoke(NativeMethodAccessorImpl.java:62)
	at sun.reflect.DelegatingMethodAccessorImpl.invoke(DelegatingMethodAccessorImpl.java:43)
	at java.lang.reflect.Method.invoke(Method.java:498)
	at org.junit.runners.model.FrameworkMethod$1.runReflectiveCall(FrameworkMethod.java:59)
	at org.junit.internal.runners.model.ReflectiveCallable.run(ReflectiveCallable.java:12)
	at org.junit.runners.model.FrameworkMethod.invokeExplosively(FrameworkMethod.java:56)
	at org.junit.internal.runners.statements.InvokeMethod.evaluate(InvokeMethod.java:17)
	at org.junit.internal.runners.statements.RunBefores.evaluate(RunBefores.java:26)
	at org.junit.internal.runners.statements.RunAfters.evaluate(RunAfters.java:27)
	at org.junit.rules.ExternalResource$1.evaluate(ExternalResource.java:54)
	at org.junit.internal.runners.statements.FailOnTimeout$CallableStatement.call(FailOnTimeout.java:288)
	at org.junit.internal.runners.statements.FailOnTimeout$CallableStatement.call(FailOnTimeout.java:282)
	at java.util.concurrent.FutureTask.run(FutureTask.java:266)
	at java.lang.Thread.run(Thread.java:750)
2023-09-14 12:53:32,298 [Time-limited test] INFO  server.StorageContainerManager (StorageContainerManager.java:stop(1591)) - Container Balancer is not running.
2023-09-14 12:53:32,298 [Time-limited test] INFO  server.StorageContainerManager (StorageContainerManager.java:stopReplicationManager(1724)) - Stopping Replication Manager Service.
2023-09-14 12:53:32,298 [Time-limited test] INFO  replication.ReplicationManager (ReplicationManager.java:stop(323)) - Stopping Replication Monitor Thread.
2023-09-14 12:53:32,298 [Under Replicated Processor] WARN  replication.UnhealthyReplicationProcessor (UnhealthyReplicationProcessor.java:run(180)) - Under Replicated Processor interrupted. Exiting...
2023-09-14 12:53:32,299 [Over Replicated Processor] WARN  replication.UnhealthyReplicationProcessor (UnhealthyReplicationProcessor.java:run(180)) - Over Replicated Processor interrupted. Exiting...
2023-09-14 12:53:32,300 [ReplicationMonitor] INFO  replication.ReplicationManager (ReplicationManager.java:run(921)) - Replication Monitor Thread is stopped
2023-09-14 12:53:32,301 [Time-limited test] INFO  server.StorageContainerManager (StorageContainerManager.java:stop(1600)) - Stopping the Datanode Admin Monitor.
2023-09-14 12:53:32,302 [Time-limited test] INFO  server.StorageContainerManager (StorageContainerManager.java:stop(1607)) - Stopping datanode service RPC server
2023-09-14 12:53:32,302 [Time-limited test] INFO  server.SCMDatanodeProtocolServer (SCMDatanodeProtocolServer.java:stop(424)) - Stopping the RPC server for DataNodes
2023-09-14 12:53:32,302 [Time-limited test] INFO  ipc.Server (Server.java:stop(3523)) - Stopping server on 9861
2023-09-14 12:53:32,328 [IPC Server Responder] INFO  ipc.Server (Server.java:run(1567)) - Stopping IPC Server Responder
2023-09-14 12:53:32,328 [IPC Server listener on 9861] INFO  ipc.Server (Server.java:run(1434)) - Stopping IPC Server listener on 9861
2023-09-14 12:53:33,731 [SCM Heartbeat Processing Thread - 0] WARN  node.NodeStateManager (NodeStateManager.java:scheduleNextHealthCheck(874)) - Current Thread is interrupted, shutting down HB processing thread for Node Manager.
2023-09-14 12:53:33,733 [Time-limited test] INFO  server.StorageContainerManager (StorageContainerManager.java:stop(1615)) - Stopping block service RPC server
2023-09-14 12:53:33,733 [Time-limited test] INFO  server.SCMBlockProtocolServer (SCMBlockProtocolServer.java:stop(163)) - Stopping the RPC server for Block Protocol
2023-09-14 12:53:33,733 [Time-limited test] INFO  ipc.Server (Server.java:stop(3523)) - Stopping server on 9863
2023-09-14 12:53:33,735 [IPC Server listener on 9863] INFO  ipc.Server (Server.java:run(1434)) - Stopping IPC Server listener on 9863
2023-09-14 12:53:33,736 [IPC Server Responder] INFO  ipc.Server (Server.java:run(1567)) - Stopping IPC Server Responder
2023-09-14 12:53:33,736 [Time-limited test] INFO  server.StorageContainerManager (StorageContainerManager.java:stop(1622)) - Stopping the StorageContainerLocationProtocol RPC server
2023-09-14 12:53:33,736 [Time-limited test] INFO  server.SCMClientProtocolServer (SCMClientProtocolServer.java:stop(210)) - Stopping the RPC server for Client Protocol
2023-09-14 12:53:33,736 [Time-limited test] INFO  ipc.Server (Server.java:stop(3523)) - Stopping server on 9860
2023-09-14 12:53:33,745 [IPC Server Responder] INFO  ipc.Server (Server.java:run(1567)) - Stopping IPC Server Responder
2023-09-14 12:53:33,745 [IPC Server listener on 9860] INFO  ipc.Server (Server.java:run(1434)) - Stopping IPC Server listener on 9860
2023-09-14 12:53:33,746 [Time-limited test] INFO  server.StorageContainerManager (StorageContainerManager.java:stop(1629)) - Stopping Storage Container Manager HTTP server.
2023-09-14 12:53:33,753 [Time-limited test] INFO  handler.ContextHandler (ContextHandler.java:doStop(1159)) - Stopped o.e.j.w.WebAppContext@16999a01{scm,/,null,STOPPED}{file:/home/runner/work/ozone/ozone/hadoop-ozone/integration-test/target/test-classes/webapps/scm}
2023-09-14 12:53:33,757 [Time-limited test] INFO  server.AbstractConnector (AbstractConnector.java:doStop(383)) - Stopped ServerConnector@734e18b3{HTTP/1.1, (http/1.1)}{0.0.0.0:9876}
2023-09-14 12:53:33,758 [Time-limited test] INFO  server.session (HouseKeeper.java:stopScavenging(149)) - node0 Stopped scavenging
2023-09-14 12:53:33,758 [Time-limited test] INFO  handler.ContextHandler (ContextHandler.java:doStop(1159)) - Stopped o.e.j.s.ServletContextHandler@75db4351{static,/static,file:///home/runner/work/ozone/ozone/hadoop-ozone/integration-test/target/test-classes/webapps/static,STOPPED}
2023-09-14 12:53:33,758 [Time-limited test] INFO  handler.ContextHandler (ContextHandler.java:doStop(1159)) - Stopped o.e.j.s.ServletContextHandler@36181e1c{logs,/logs,file:///home/runner/work/ozone/ozone/hadoop-ozone/integration-test/target/log,STOPPED}
2023-09-14 12:53:33,762 [Time-limited test] INFO  server.StorageContainerManager (StorageContainerManager.java:stop(1637)) - Stopping SCM LayoutVersionManager Service.
2023-09-14 12:53:33,762 [Time-limited test] INFO  server.SCMSecurityProtocolServer (SCMSecurityProtocolServer.java:stop(550)) - Stopping the SCMSecurityProtocolServer.
2023-09-14 12:53:33,762 [Time-limited test] INFO  ipc.Server (Server.java:stop(3523)) - Stopping server on 9961
2023-09-14 12:53:33,763 [IPC Server listener on 9961] INFO  ipc.Server (Server.java:run(1434)) - Stopping IPC Server listener on 9961
2023-09-14 12:53:33,764 [IPC Server Responder] INFO  ipc.Server (Server.java:run(1567)) - Stopping IPC Server Responder
2023-09-14 12:53:33,765 [Time-limited test] INFO  server.SCMUpdateServiceGrpcServer (SCMUpdateServiceGrpcServer.java:stop(73)) - SCMUpdateService stopping
2023-09-14 12:53:33,773 [Time-limited test] INFO  server.SCMUpdateServiceGrpcServer (SCMUpdateServiceGrpcServer.java:stop(85)) - SCMUpdateService stopped!
2023-09-14 12:53:33,773 [Time-limited test] INFO  server.StorageContainerManager (StorageContainerManager.java:stop(1649)) - Stopping Block Manager Service.
2023-09-14 12:53:33,773 [Time-limited test] INFO  utils.BackgroundService (BackgroundService.java:shutdown(141)) - Shutting down service SCMBlockDeletingService
2023-09-14 12:53:33,778 [Time-limited test] INFO  utils.BackgroundService (BackgroundService.java:shutdown(141)) - Shutting down service SCMBlockDeletingService
2023-09-14 12:53:33,778 [Time-limited test] INFO  server.StorageContainerManager (StorageContainerManager.java:stop(1669)) - Stopping SCM Event Queue.
2023-09-14 12:53:33,780 [JvmPauseMonitor0] INFO  util.JvmPauseMonitor (JvmPauseMonitor.java:run(109)) - JvmPauseMonitor-152ab4c4-99eb-41c3-a3f7-45efa3406ac5: Stopped
2023-09-14 12:53:33,780 [Time-limited test] INFO  server.StorageContainerManager (StorageContainerManager.java:stop(1680)) - Stopping SCM HA services.
2023-09-14 12:53:33,781 [Time-limited test] INFO  pipeline.BackgroundPipelineCreator (BackgroundPipelineCreator.java:stop(149)) - Stopping RatisPipelineUtilsThread.
2023-09-14 12:53:33,781 [RatisPipelineUtilsThread - 0] WARN  pipeline.BackgroundPipelineCreator (BackgroundPipelineCreator.java:run(180)) - RatisPipelineUtilsThread is interrupted.
2023-09-14 12:53:33,782 [BackgroundPipelineScrubberThread] WARN  BackgroundPipelineScrubber (BackgroundSCMService.java:run(115)) - BackgroundPipelineScrubber is interrupted, exit
2023-09-14 12:53:33,782 [Time-limited test] INFO  BackgroundPipelineScrubber (BackgroundSCMService.java:stop(131)) - Stopping BackgroundPipelineScrubber Service.
2023-09-14 12:53:33,783 [Time-limited test] INFO  impl.MetricsSystemImpl (MetricsSystemImpl.java:stop(210)) - Stopping StorageContainerManager metrics system...
2023-09-14 12:53:33,784 [prometheus] INFO  impl.MetricsSinkAdapter (MetricsSinkAdapter.java:publishMetricsFromQueue(141)) - prometheus thread interrupted.
2023-09-14 12:53:33,785 [Time-limited test] INFO  impl.MetricsSystemImpl (MetricsSystemImpl.java:stop(216)) - StorageContainerManager metrics system stopped.
2023-09-14 12:53:33,785 [Time-limited test] WARN  pipeline.BackgroundPipelineCreator (BackgroundPipelineCreator.java:stop(145)) - RatisPipelineUtilsThread is not running, just ignore.
2023-09-14 12:53:33,785 [Time-limited test] INFO  BackgroundPipelineScrubber (BackgroundSCMService.java:stop(126)) - BackgroundPipelineScrubber Service is not running, skip stop.
2023-09-14 12:53:33,786 [Time-limited test] INFO  ExpiredContainerReplicaOpScrubber (BackgroundSCMService.java:stop(131)) - Stopping ExpiredContainerReplicaOpScrubber Service.
2023-09-14 12:53:33,786 [ExpiredContainerReplicaOpScrubberThread] WARN  ExpiredContainerReplicaOpScrubber (BackgroundSCMService.java:run(115)) - ExpiredContainerReplicaOpScrubber is interrupted, exit
2023-09-14 12:53:33,786 [Time-limited test] INFO  utils.BackgroundService (BackgroundService.java:shutdown(141)) - Shutting down service SCMBlockDeletingService
2023-09-14 12:53:33,786 [Time-limited test] INFO  replication.ReplicationManager (ReplicationManager.java:stop(333)) - Replication Monitor Thread is not running.
2023-09-14 12:53:33,786 [Time-limited test] WARN  balancer.ContainerBalancer (ContainerBalancer.java:stop(326)) - Cannot stop Container Balancer because it's not running or stopping
2023-09-14 12:53:33,787 [Time-limited test] INFO  server.StorageContainerManager (StorageContainerManager.java:stop(1715)) - Stopping SCM MetadataStore.
2023-09-14 12:53:33,793 [Time-limited test] INFO  impl.DefaultInternalKdcServerImpl (DefaultInternalKdcServerImpl.java:doStop(102)) - Default Internal kdc server stopped.
2023-09-14 12:53:34,793 [Time-limited test] INFO  minikdc.MiniKdc (MiniKdc.java:stop(359)) - MiniKdc stopped.
2023-09-14 12:53:34,794 [Time-limited test] INFO  server.StorageContainerManager (StorageContainerManager.java:stop(1580)) - Storage Container Manager is not running.
2023-09-14 12:53:34,794 [Time-limited test] INFO  server.StorageContainerManager (StorageContainerManager.java:stopReplicationManager(1724)) - Stopping Replication Manager Service.
2023-09-14 12:53:34,794 [Time-limited test] INFO  replication.ReplicationManager (ReplicationManager.java:stop(333)) - Replication Monitor Thread is not running.
2023-09-14 12:53:34,794 [Time-limited test] INFO  server.SCMSecurityProtocolServer (SCMSecurityProtocolServer.java:join(560)) - Join RPC server for SCMSecurityProtocolServer.
2023-09-14 12:53:34,794 [Time-limited test] INFO  server.SCMSecurityProtocolServer (SCMSecurityProtocolServer.java:join(562)) - Join gRPC server for SCMSecurityProtocolServer.
]]></system-out>
  </testcase>
  <testcase name="testSecureOmReInit" classname="org.apache.hadoop.ozone.TestSecureOzoneCluster" time="11.741">
    <system-out><![CDATA[2023-09-14 12:53:34,818 [Time-limited test] INFO  net.ServerSocketUtil (ServerSocketUtil.java:getPort(55)) - Using port 9860
2023-09-14 12:53:34,818 [Time-limited test] INFO  net.ServerSocketUtil (ServerSocketUtil.java:getPort(55)) - Using port 9861
2023-09-14 12:53:34,818 [Time-limited test] INFO  net.ServerSocketUtil (ServerSocketUtil.java:getPort(55)) - Using port 9863
2023-09-14 12:53:34,818 [Time-limited test] INFO  net.ServerSocketUtil (ServerSocketUtil.java:getPort(55)) - Using port 9961
2023-09-14 12:53:34,818 [Time-limited test] INFO  net.ServerSocketUtil (ServerSocketUtil.java:getPort(55)) - Using port 1200
2023-09-14 12:53:34,818 [Time-limited test] INFO  net.ServerSocketUtil (ServerSocketUtil.java:getPort(55)) - Using port 1201
2023-09-14 12:53:34,819 [Time-limited test] INFO  minikdc.MiniKdc (MiniKdc.java:<init>(225)) - Configuration:
2023-09-14 12:53:34,819 [Time-limited test] INFO  minikdc.MiniKdc (MiniKdc.java:<init>(226)) - ---------------------------------------------------------------
2023-09-14 12:53:34,819 [Time-limited test] INFO  minikdc.MiniKdc (MiniKdc.java:<init>(228)) -   debug: false
2023-09-14 12:53:34,819 [Time-limited test] INFO  minikdc.MiniKdc (MiniKdc.java:<init>(228)) -   transport: TCP
2023-09-14 12:53:34,819 [Time-limited test] INFO  minikdc.MiniKdc (MiniKdc.java:<init>(228)) -   max.ticket.lifetime: 86400000
2023-09-14 12:53:34,819 [Time-limited test] INFO  minikdc.MiniKdc (MiniKdc.java:<init>(228)) -   org.name: EXAMPLE
2023-09-14 12:53:34,819 [Time-limited test] INFO  minikdc.MiniKdc (MiniKdc.java:<init>(228)) -   kdc.port: 0
2023-09-14 12:53:34,819 [Time-limited test] INFO  minikdc.MiniKdc (MiniKdc.java:<init>(228)) -   org.domain: COM
2023-09-14 12:53:34,819 [Time-limited test] INFO  minikdc.MiniKdc (MiniKdc.java:<init>(228)) -   max.renewable.lifetime: 604800000
2023-09-14 12:53:34,819 [Time-limited test] INFO  minikdc.MiniKdc (MiniKdc.java:<init>(228)) -   instance: DefaultKrbServer
2023-09-14 12:53:34,819 [Time-limited test] INFO  minikdc.MiniKdc (MiniKdc.java:<init>(228)) -   kdc.bind.address: localhost
2023-09-14 12:53:34,820 [Time-limited test] INFO  minikdc.MiniKdc (MiniKdc.java:<init>(230)) - ---------------------------------------------------------------
2023-09-14 12:53:34,821 [Time-limited test] INFO  minikdc.MiniKdc (MiniKdc.java:start(285)) - MiniKdc started.
2023-09-14 12:53:34,958 [Time-limited test] INFO  om.OzoneManager (OzoneManager.java:getOmDetailsProto(4573)) - OzoneManager ports added:[name: "RPC"
value: 1202
]
2023-09-14 12:53:34,959 [Time-limited test] WARN  server.ServerUtils (ServerUtils.java:getScmDbDir(155)) - ozone.scm.db.dirs is not configured. We recommend adding this setting. Falling back to ozone.metadata.dirs instead.
2023-09-14 12:53:34,963 [Time-limited test] INFO  ha.HASecurityUtils (HASecurityUtils.java:initializeSecurity(98)) - Initializing secure StorageContainerManager.
2023-09-14 12:53:34,965 [Time-limited test] INFO  client.SCMCertificateClient (DefaultCertificateClient.java:updateCertSerialId(1244)) - Certificate serial ID set to null
2023-09-14 12:53:34,965 [Time-limited test] ERROR client.SCMCertificateClient (DefaultCertificateClient.java:getCertPath(362)) - Default certificate serial id is not set. Can't locate the default certificate for this client.
2023-09-14 12:53:34,965 [Time-limited test] INFO  client.SCMCertificateClient (DefaultCertificateClient.java:init(715)) - Certificate client init case: 0
2023-09-14 12:53:34,965 [Time-limited test] INFO  client.SCMCertificateClient (SCMCertificateClient.java:handleCase(103)) - Creating keypair for client as keypair and certificate not found.
2023-09-14 12:53:35,191 [Time-limited test] INFO  ha.HASecurityUtils (HASecurityUtils.java:initializeSecurity(108)) - Init response: GETCERT
2023-09-14 12:53:35,308 [Time-limited test] INFO  ozone.OzoneSecurityUtil (OzoneSecurityUtil.java:getValidInetsForCurrentHost(119)) - ip:fe80:0:0:0:20d:3aff:fea7:6146%eth0 not returned.
2023-09-14 12:53:35,308 [Time-limited test] INFO  ozone.OzoneSecurityUtil (OzoneSecurityUtil.java:getValidInetsForCurrentHost(116)) - Adding ip:10.1.0.236,host:fv-az187-373.4biwkquksivelc4kanrnlgeoof.gx.internal.cloudapp.net
2023-09-14 12:53:35,308 [Time-limited test] INFO  ozone.OzoneSecurityUtil (OzoneSecurityUtil.java:getValidInetsForCurrentHost(119)) - ip:0:0:0:0:0:0:0:1%lo not returned.
2023-09-14 12:53:35,308 [Time-limited test] INFO  ozone.OzoneSecurityUtil (OzoneSecurityUtil.java:getValidInetsForCurrentHost(119)) - ip:127.0.0.1 not returned.
2023-09-14 12:53:35,312 [Time-limited test] INFO  utils.SelfSignedCertificate (SelfSignedCertificate.java:generateCertificate(157)) - Certificate 1 is issued by CN=scm-1@fv-az187-373,OU=63cc768a-e10b-44ae-a861-7f5e2ad3eba9,O=5570d77e-57f3-4a8e-bef5-7bff8959a1f8 to CN=scm-1@fv-az187-373,OU=63cc768a-e10b-44ae-a861-7f5e2ad3eba9,O=5570d77e-57f3-4a8e-bef5-7bff8959a1f8, valid from Thu Sep 14 12:53:35 UTC 2023 to Sun Oct 22 12:53:35 UTC 2028
2023-09-14 12:53:35,313 [Time-limited test] INFO  utils.CertificateCodec (CertificateCodec.java:writeCertificate(299)) - Save certificate to /tmp/junit2070709234143057038/junit7792648167213209534/scm-meta/scm/ca/certs/certificate.crt
2023-09-14 12:53:35,313 [Time-limited test] INFO  utils.CertificateCodec (CertificateCodec.java:writeCertificate(300)) - Certificate -----BEGIN CERTIFICATE-----
MIID5zCCAs+gAwIBAgIBATANBgkqhkiG9w0BAQsFADB7MRswGQYDVQQDDBJzY20t
MUBmdi1hejE4Ny0zNzMxLTArBgNVBAsMJDYzY2M3NjhhLWUxMGItNDRhZS1hODYx
LTdmNWUyYWQzZWJhOTEtMCsGA1UECgwkNTU3MGQ3N2UtNTdmMy00YThlLWJlZjUt
N2JmZjg5NTlhMWY4MB4XDTIzMDkxNDEyNTMzNVoXDTI4MTAyMjEyNTMzNVowezEb
MBkGA1UEAwwSc2NtLTFAZnYtYXoxODctMzczMS0wKwYDVQQLDCQ2M2NjNzY4YS1l
MTBiLTQ0YWUtYTg2MS03ZjVlMmFkM2ViYTkxLTArBgNVBAoMJDU1NzBkNzdlLTU3
ZjMtNGE4ZS1iZWY1LTdiZmY4OTU5YTFmODCCASIwDQYJKoZIhvcNAQEBBQADggEP
ADCCAQoCggEBAKwrPnp78gt/9oZXbD1bAjVUQ96Lp1fxlR1CxTEiwKvrLC6uiS76
Tj/VVJjFeG2pgxfoviywho1PKicNcGhoJFLL/jmeLXxB3/0BsOgfaxIqwfynqwXE
G67WGxQFOgpSrh2uuZy8G/FfU0i19vvu21oQggjwZTYH8S01c1VydKggF3NTDc12
KG6VK1Ct4sJKGiT9XXE9p7w4GhtDNYL9C5ha0CufBml6r9VZ6xGdutry4R8QyBWB
1p7CdDnh1bP42eJz62piX/5ZLHig1VJx9WWS/C2mm48GIpQveNP6CuysuWmMumwy
dR0r7+lYyF3aNWrHoFWIQbghowZADD3cv5sCAwEAAaN2MHQwDwYDVR0TAQH/BAUw
AwEB/zAOBgNVHQ8BAf8EBAMCAQYwUQYDVR0RBEowSIcECgEA7IJAZnYtYXoxODct
MzczLjRiaXdrcXVrc2l2ZWxjNGthbnJubGdlb29mLmd4LmludGVybmFsLmNsb3Vk
YXBwLm5ldDANBgkqhkiG9w0BAQsFAAOCAQEALN6KHYej6377sAA3Oequ7OhZDxse
L7pUQnuBQoZFehezgydnoEED7OxXHSPBOwjmhXUz4bBWEK0z6OhhFmLGDNXofouY
gAI0fcMxYyoJ+7YIKbNPKhgpXZ3vK2pQX0YwqzbnK44uhcnmDcKhQjajW3xWqADZ
hJ35oYPQggZW4EIZtO/z++XXdDSM8VOpzl8xLW5Y18S+u2G7KbtBqsMAkoV6M9ra
pOhyDs69sg7JU2wHjnAv+cKARwY/bel9P4IjBFDTppbIdpEE3TtXf0ZHv8Ny+58y
bYFWiDa23xr0k2rnRo5KF9/icOVzUhmNDu9e1eXOHL6AAShRmJfPlyRUgQ==
-----END CERTIFICATE-----

2023-09-14 12:53:35,316 [Time-limited test] INFO  client.SCMCertificateClient (SCMCertificateClient.java:getCSRBuilder(165)) - Creating csr for SCM->hostName:fv-az187-373,scmId:63cc768a-e10b-44ae-a861-7f5e2ad3eba9,clusterId:5570d77e-57f3-4a8e-bef5-7bff8959a1f8,subject:scm-sub-2611562428352@fv-az187-373
2023-09-14 12:53:35,316 [Time-limited test] INFO  ozone.OzoneSecurityUtil (OzoneSecurityUtil.java:getValidInetsForCurrentHost(119)) - ip:fe80:0:0:0:20d:3aff:fea7:6146%eth0 not returned.
2023-09-14 12:53:35,316 [Time-limited test] INFO  ozone.OzoneSecurityUtil (OzoneSecurityUtil.java:getValidInetsForCurrentHost(116)) - Adding ip:10.1.0.236,host:fv-az187-373.4biwkquksivelc4kanrnlgeoof.gx.internal.cloudapp.net
2023-09-14 12:53:35,316 [Time-limited test] INFO  ozone.OzoneSecurityUtil (OzoneSecurityUtil.java:getValidInetsForCurrentHost(119)) - ip:0:0:0:0:0:0:0:1%lo not returned.
2023-09-14 12:53:35,316 [Time-limited test] INFO  ozone.OzoneSecurityUtil (OzoneSecurityUtil.java:getValidInetsForCurrentHost(119)) - ip:127.0.0.1 not returned.
2023-09-14 12:53:35,317 [Time-limited test] INFO  ha.HASecurityUtils (HASecurityUtils.java:generateCSR(308)) - Creating csr for SCM->hostName:fv-az187-373,scmId:63cc768a-e10b-44ae-a861-7f5e2ad3eba9,clusterId:5570d77e-57f3-4a8e-bef5-7bff8959a1f8,subject:scm-sub-2611564295691@fv-az187-373
2023-09-14 12:53:35,323 [Time-limited test] INFO  authority.DefaultApprover (DefaultApprover.java:sign(154)) - Extensions in CSR: 2.5.29.19, 2.5.29.15, 2.5.29.17
2023-09-14 12:53:35,323 [Time-limited test] INFO  authority.DefaultApprover (DefaultApprover.java:sign(158)) - Extensions to add to the certificate if they present in CSR: 2.5.29.17, 2.5.29.19, 1.3.6.1.5.5.7.1.12, 2.5.29.35, 2.5.29.37, 2.5.29.15
2023-09-14 12:53:35,331 [Time-limited test] INFO  utils.CertificateCodec (CertificateCodec.java:writeCertificate(299)) - Save certificate to /tmp/junit2070709234143057038/junit7792648167213209534/scm-meta/scm/sub-ca/certs/CA-1.crt
2023-09-14 12:53:35,331 [Time-limited test] INFO  utils.CertificateCodec (CertificateCodec.java:writeCertificate(300)) - Certificate -----BEGIN CERTIFICATE-----
MIID5zCCAs+gAwIBAgIBATANBgkqhkiG9w0BAQsFADB7MRswGQYDVQQDDBJzY20t
MUBmdi1hejE4Ny0zNzMxLTArBgNVBAsMJDYzY2M3NjhhLWUxMGItNDRhZS1hODYx
LTdmNWUyYWQzZWJhOTEtMCsGA1UECgwkNTU3MGQ3N2UtNTdmMy00YThlLWJlZjUt
N2JmZjg5NTlhMWY4MB4XDTIzMDkxNDEyNTMzNVoXDTI4MTAyMjEyNTMzNVowezEb
MBkGA1UEAwwSc2NtLTFAZnYtYXoxODctMzczMS0wKwYDVQQLDCQ2M2NjNzY4YS1l
MTBiLTQ0YWUtYTg2MS03ZjVlMmFkM2ViYTkxLTArBgNVBAoMJDU1NzBkNzdlLTU3
ZjMtNGE4ZS1iZWY1LTdiZmY4OTU5YTFmODCCASIwDQYJKoZIhvcNAQEBBQADggEP
ADCCAQoCggEBAKwrPnp78gt/9oZXbD1bAjVUQ96Lp1fxlR1CxTEiwKvrLC6uiS76
Tj/VVJjFeG2pgxfoviywho1PKicNcGhoJFLL/jmeLXxB3/0BsOgfaxIqwfynqwXE
G67WGxQFOgpSrh2uuZy8G/FfU0i19vvu21oQggjwZTYH8S01c1VydKggF3NTDc12
KG6VK1Ct4sJKGiT9XXE9p7w4GhtDNYL9C5ha0CufBml6r9VZ6xGdutry4R8QyBWB
1p7CdDnh1bP42eJz62piX/5ZLHig1VJx9WWS/C2mm48GIpQveNP6CuysuWmMumwy
dR0r7+lYyF3aNWrHoFWIQbghowZADD3cv5sCAwEAAaN2MHQwDwYDVR0TAQH/BAUw
AwEB/zAOBgNVHQ8BAf8EBAMCAQYwUQYDVR0RBEowSIcECgEA7IJAZnYtYXoxODct
MzczLjRiaXdrcXVrc2l2ZWxjNGthbnJubGdlb29mLmd4LmludGVybmFsLmNsb3Vk
YXBwLm5ldDANBgkqhkiG9w0BAQsFAAOCAQEALN6KHYej6377sAA3Oequ7OhZDxse
L7pUQnuBQoZFehezgydnoEED7OxXHSPBOwjmhXUz4bBWEK0z6OhhFmLGDNXofouY
gAI0fcMxYyoJ+7YIKbNPKhgpXZ3vK2pQX0YwqzbnK44uhcnmDcKhQjajW3xWqADZ
hJ35oYPQggZW4EIZtO/z++XXdDSM8VOpzl8xLW5Y18S+u2G7KbtBqsMAkoV6M9ra
pOhyDs69sg7JU2wHjnAv+cKARwY/bel9P4IjBFDTppbIdpEE3TtXf0ZHv8Ny+58y
bYFWiDa23xr0k2rnRo5KF9/icOVzUhmNDu9e1eXOHL6AAShRmJfPlyRUgQ==
-----END CERTIFICATE-----

2023-09-14 12:53:35,332 [Time-limited test] INFO  utils.CertificateCodec (CertificateCodec.java:writeCertificate(299)) - Save certificate to /tmp/junit2070709234143057038/junit7792648167213209534/scm-meta/scm/sub-ca/certs/2611569800906.crt
2023-09-14 12:53:35,332 [Time-limited test] INFO  utils.CertificateCodec (CertificateCodec.java:writeCertificate(300)) - Certificate -----BEGIN CERTIFICATE-----
MIID/TCCAuWgAwIBAgIGAmANsLbKMA0GCSqGSIb3DQEBCwUAMHsxGzAZBgNVBAMM
EnNjbS0xQGZ2LWF6MTg3LTM3MzEtMCsGA1UECwwkNjNjYzc2OGEtZTEwYi00NGFl
LWE4NjEtN2Y1ZTJhZDNlYmE5MS0wKwYDVQQKDCQ1NTcwZDc3ZS01N2YzLTRhOGUt
YmVmNS03YmZmODk1OWExZjgwHhcNMjMwOTE0MTI1MzM1WhcNMjgxMDIyMTI1MzM1
WjCBizErMCkGA1UEAwwic2NtLXN1Yi0yNjExNTY0Mjk1NjkxQGZ2LWF6MTg3LTM3
MzEtMCsGA1UECwwkNjNjYzc2OGEtZTEwYi00NGFlLWE4NjEtN2Y1ZTJhZDNlYmE5
MS0wKwYDVQQKDCQ1NTcwZDc3ZS01N2YzLTRhOGUtYmVmNS03YmZmODk1OWExZjgw
ggEiMA0GCSqGSIb3DQEBAQUAA4IBDwAwggEKAoIBAQCUu9JxoMps2OP8sJK33Qyc
LntoGPPRMxPynwfTp7hB7OHwvEe1vQFeeFHGGUowYJhmNdXPmuEe/vxJnm/KB+DW
U3+j3xRcSxzHXfrd9vLCV67V3TEnU1J/euwDzhLoaspIlltbXT40AN5yzzWSTQzN
mzDKFHcvPm3Nyz9iADl+cxd7HVcHoM1Ms2e+EPCGB/LOuRGGnIQ7sAzeORTn96CT
1gnhDyu1QjOqAL7wLvmGQlUNe9vN/LVYMmHbCAzQGD37wL8pfT5QIJXJdkoFmQ81
6JYbGxstJXJjSArsVFhevO82+a+ahAri3faDIturH6eMeGSlKASxLnn7NVegHkqj
AgMBAAGjdjB0MFEGA1UdEQRKMEiHBAoBAOyCQGZ2LWF6MTg3LTM3My40Yml3a3F1
a3NpdmVsYzRrYW5ybmxnZW9vZi5neC5pbnRlcm5hbC5jbG91ZGFwcC5uZXQwDwYD
VR0TAQH/BAUwAwEB/zAOBgNVHQ8BAf8EBAMCAb4wDQYJKoZIhvcNAQELBQADggEB
ACr6SYOIDQhwnxfOyTJGNiu6Wlmc2qUj/AD1fQ5MNcj9j5IGHxogQP2urKIiqBEC
g8wVnISId07gcZOQZou0fWH0RgNOMjwgxyqAR4b6oY5+9ewWwszEez0U1jtePrl+
Sh8lKaOPtd+m1npG7sUw5V1b+Eal9oKX6OnlJeE1xiQUrMG0OVaHCc2IPIRRTcZ9
1yAfn7x6Px1xB+Shmaj9x0xGIRsS4W365BZRxx4lvPUg+zrE6oFd1gRofvpoTH8R
oQW0GOY1sgekiP5qJnejW2LCY0nI/W2YDpk1Je+YZmZ6LFVkCWDR85XujhfibT0S
vzn4Uit1AWxLBqY6JyKvXIE=
-----END CERTIFICATE-----

-----BEGIN CERTIFICATE-----
MIID5zCCAs+gAwIBAgIBATANBgkqhkiG9w0BAQsFADB7MRswGQYDVQQDDBJzY20t
MUBmdi1hejE4Ny0zNzMxLTArBgNVBAsMJDYzY2M3NjhhLWUxMGItNDRhZS1hODYx
LTdmNWUyYWQzZWJhOTEtMCsGA1UECgwkNTU3MGQ3N2UtNTdmMy00YThlLWJlZjUt
N2JmZjg5NTlhMWY4MB4XDTIzMDkxNDEyNTMzNVoXDTI4MTAyMjEyNTMzNVowezEb
MBkGA1UEAwwSc2NtLTFAZnYtYXoxODctMzczMS0wKwYDVQQLDCQ2M2NjNzY4YS1l
MTBiLTQ0YWUtYTg2MS03ZjVlMmFkM2ViYTkxLTArBgNVBAoMJDU1NzBkNzdlLTU3
ZjMtNGE4ZS1iZWY1LTdiZmY4OTU5YTFmODCCASIwDQYJKoZIhvcNAQEBBQADggEP
ADCCAQoCggEBAKwrPnp78gt/9oZXbD1bAjVUQ96Lp1fxlR1CxTEiwKvrLC6uiS76
Tj/VVJjFeG2pgxfoviywho1PKicNcGhoJFLL/jmeLXxB3/0BsOgfaxIqwfynqwXE
G67WGxQFOgpSrh2uuZy8G/FfU0i19vvu21oQggjwZTYH8S01c1VydKggF3NTDc12
KG6VK1Ct4sJKGiT9XXE9p7w4GhtDNYL9C5ha0CufBml6r9VZ6xGdutry4R8QyBWB
1p7CdDnh1bP42eJz62piX/5ZLHig1VJx9WWS/C2mm48GIpQveNP6CuysuWmMumwy
dR0r7+lYyF3aNWrHoFWIQbghowZADD3cv5sCAwEAAaN2MHQwDwYDVR0TAQH/BAUw
AwEB/zAOBgNVHQ8BAf8EBAMCAQYwUQYDVR0RBEowSIcECgEA7IJAZnYtYXoxODct
MzczLjRiaXdrcXVrc2l2ZWxjNGthbnJubGdlb29mLmd4LmludGVybmFsLmNsb3Vk
YXBwLm5ldDANBgkqhkiG9w0BAQsFAAOCAQEALN6KHYej6377sAA3Oequ7OhZDxse
L7pUQnuBQoZFehezgydnoEED7OxXHSPBOwjmhXUz4bBWEK0z6OhhFmLGDNXofouY
gAI0fcMxYyoJ+7YIKbNPKhgpXZ3vK2pQX0YwqzbnK44uhcnmDcKhQjajW3xWqADZ
hJ35oYPQggZW4EIZtO/z++XXdDSM8VOpzl8xLW5Y18S+u2G7KbtBqsMAkoV6M9ra
pOhyDs69sg7JU2wHjnAv+cKARwY/bel9P4IjBFDTppbIdpEE3TtXf0ZHv8Ny+58y
bYFWiDa23xr0k2rnRo5KF9/icOVzUhmNDu9e1eXOHL6AAShRmJfPlyRUgQ==
-----END CERTIFICATE-----

2023-09-14 12:53:35,333 [Time-limited test] INFO  utils.CertificateCodec (CertificateCodec.java:writeCertificate(299)) - Save certificate to /tmp/junit2070709234143057038/junit7792648167213209534/scm-meta/scm/sub-ca/certs/certificate.crt
2023-09-14 12:53:35,333 [Time-limited test] INFO  utils.CertificateCodec (CertificateCodec.java:writeCertificate(300)) - Certificate -----BEGIN CERTIFICATE-----
MIID/TCCAuWgAwIBAgIGAmANsLbKMA0GCSqGSIb3DQEBCwUAMHsxGzAZBgNVBAMM
EnNjbS0xQGZ2LWF6MTg3LTM3MzEtMCsGA1UECwwkNjNjYzc2OGEtZTEwYi00NGFl
LWE4NjEtN2Y1ZTJhZDNlYmE5MS0wKwYDVQQKDCQ1NTcwZDc3ZS01N2YzLTRhOGUt
YmVmNS03YmZmODk1OWExZjgwHhcNMjMwOTE0MTI1MzM1WhcNMjgxMDIyMTI1MzM1
WjCBizErMCkGA1UEAwwic2NtLXN1Yi0yNjExNTY0Mjk1NjkxQGZ2LWF6MTg3LTM3
MzEtMCsGA1UECwwkNjNjYzc2OGEtZTEwYi00NGFlLWE4NjEtN2Y1ZTJhZDNlYmE5
MS0wKwYDVQQKDCQ1NTcwZDc3ZS01N2YzLTRhOGUtYmVmNS03YmZmODk1OWExZjgw
ggEiMA0GCSqGSIb3DQEBAQUAA4IBDwAwggEKAoIBAQCUu9JxoMps2OP8sJK33Qyc
LntoGPPRMxPynwfTp7hB7OHwvEe1vQFeeFHGGUowYJhmNdXPmuEe/vxJnm/KB+DW
U3+j3xRcSxzHXfrd9vLCV67V3TEnU1J/euwDzhLoaspIlltbXT40AN5yzzWSTQzN
mzDKFHcvPm3Nyz9iADl+cxd7HVcHoM1Ms2e+EPCGB/LOuRGGnIQ7sAzeORTn96CT
1gnhDyu1QjOqAL7wLvmGQlUNe9vN/LVYMmHbCAzQGD37wL8pfT5QIJXJdkoFmQ81
6JYbGxstJXJjSArsVFhevO82+a+ahAri3faDIturH6eMeGSlKASxLnn7NVegHkqj
AgMBAAGjdjB0MFEGA1UdEQRKMEiHBAoBAOyCQGZ2LWF6MTg3LTM3My40Yml3a3F1
a3NpdmVsYzRrYW5ybmxnZW9vZi5neC5pbnRlcm5hbC5jbG91ZGFwcC5uZXQwDwYD
VR0TAQH/BAUwAwEB/zAOBgNVHQ8BAf8EBAMCAb4wDQYJKoZIhvcNAQELBQADggEB
ACr6SYOIDQhwnxfOyTJGNiu6Wlmc2qUj/AD1fQ5MNcj9j5IGHxogQP2urKIiqBEC
g8wVnISId07gcZOQZou0fWH0RgNOMjwgxyqAR4b6oY5+9ewWwszEez0U1jtePrl+
Sh8lKaOPtd+m1npG7sUw5V1b+Eal9oKX6OnlJeE1xiQUrMG0OVaHCc2IPIRRTcZ9
1yAfn7x6Px1xB+Shmaj9x0xGIRsS4W365BZRxx4lvPUg+zrE6oFd1gRofvpoTH8R
oQW0GOY1sgekiP5qJnejW2LCY0nI/W2YDpk1Je+YZmZ6LFVkCWDR85XujhfibT0S
vzn4Uit1AWxLBqY6JyKvXIE=
-----END CERTIFICATE-----

-----BEGIN CERTIFICATE-----
MIID5zCCAs+gAwIBAgIBATANBgkqhkiG9w0BAQsFADB7MRswGQYDVQQDDBJzY20t
MUBmdi1hejE4Ny0zNzMxLTArBgNVBAsMJDYzY2M3NjhhLWUxMGItNDRhZS1hODYx
LTdmNWUyYWQzZWJhOTEtMCsGA1UECgwkNTU3MGQ3N2UtNTdmMy00YThlLWJlZjUt
N2JmZjg5NTlhMWY4MB4XDTIzMDkxNDEyNTMzNVoXDTI4MTAyMjEyNTMzNVowezEb
MBkGA1UEAwwSc2NtLTFAZnYtYXoxODctMzczMS0wKwYDVQQLDCQ2M2NjNzY4YS1l
MTBiLTQ0YWUtYTg2MS03ZjVlMmFkM2ViYTkxLTArBgNVBAoMJDU1NzBkNzdlLTU3
ZjMtNGE4ZS1iZWY1LTdiZmY4OTU5YTFmODCCASIwDQYJKoZIhvcNAQEBBQADggEP
ADCCAQoCggEBAKwrPnp78gt/9oZXbD1bAjVUQ96Lp1fxlR1CxTEiwKvrLC6uiS76
Tj/VVJjFeG2pgxfoviywho1PKicNcGhoJFLL/jmeLXxB3/0BsOgfaxIqwfynqwXE
G67WGxQFOgpSrh2uuZy8G/FfU0i19vvu21oQggjwZTYH8S01c1VydKggF3NTDc12
KG6VK1Ct4sJKGiT9XXE9p7w4GhtDNYL9C5ha0CufBml6r9VZ6xGdutry4R8QyBWB
1p7CdDnh1bP42eJz62piX/5ZLHig1VJx9WWS/C2mm48GIpQveNP6CuysuWmMumwy
dR0r7+lYyF3aNWrHoFWIQbghowZADD3cv5sCAwEAAaN2MHQwDwYDVR0TAQH/BAUw
AwEB/zAOBgNVHQ8BAf8EBAMCAQYwUQYDVR0RBEowSIcECgEA7IJAZnYtYXoxODct
MzczLjRiaXdrcXVrc2l2ZWxjNGthbnJubGdlb29mLmd4LmludGVybmFsLmNsb3Vk
YXBwLm5ldDANBgkqhkiG9w0BAQsFAAOCAQEALN6KHYej6377sAA3Oequ7OhZDxse
L7pUQnuBQoZFehezgydnoEED7OxXHSPBOwjmhXUz4bBWEK0z6OhhFmLGDNXofouY
gAI0fcMxYyoJ+7YIKbNPKhgpXZ3vK2pQX0YwqzbnK44uhcnmDcKhQjajW3xWqADZ
hJ35oYPQggZW4EIZtO/z++XXdDSM8VOpzl8xLW5Y18S+u2G7KbtBqsMAkoV6M9ra
pOhyDs69sg7JU2wHjnAv+cKARwY/bel9P4IjBFDTppbIdpEE3TtXf0ZHv8Ny+58y
bYFWiDa23xr0k2rnRo5KF9/icOVzUhmNDu9e1eXOHL6AAShRmJfPlyRUgQ==
-----END CERTIFICATE-----

2023-09-14 12:53:35,333 [Time-limited test] INFO  ha.HASecurityUtils (HASecurityUtils.java:initializeSecurity(121)) - Successfully stored SCM signed certificate.
2023-09-14 12:53:35,335 [Time-limited test] WARN  server.ServerUtils (ServerUtils.java:getScmDbDir(155)) - ozone.scm.db.dirs is not configured. We recommend adding this setting. Falling back to ozone.metadata.dirs instead.
2023-09-14 12:53:35,335 [Time-limited test] INFO  ha.SCMHANodeDetails (SCMHANodeDetails.java:loadSCMHAConfig(210)) - ServiceID for StorageContainerManager is null
2023-09-14 12:53:35,335 [Time-limited test] INFO  ha.SCMHANodeDetails (SCMHANodeDetails.java:loadSCMHAConfig(215)) - ozone.scm.default.service.id is not defined, falling back to ozone.scm.service.ids to find serviceID for StorageContainerManager if it is HA enabled cluster
2023-09-14 12:53:35,340 [pool-40-thread-1] INFO  request.KdcRequest (KdcRequest.java:preauth(651)) - The preauth data is empty.
2023-09-14 12:53:35,340 [pool-40-thread-1] INFO  server.KdcHandler (KdcHandler.java:handleRecoverableException(177)) - KRB error occurred while processing request:Additional pre-authentication required
2023-09-14 12:53:35,345 [pool-40-thread-1] INFO  request.AsRequest (AsRequest.java:issueTicket(112)) - AS_REQ ISSUE: authtime 1694696015344,scm/fv-az187-373.4biwkquksivelc4kanrnlgeoof.gx.internal.cloudapp.net@EXAMPLE.COM for krbtgt/EXAMPLE.COM@EXAMPLE.COM
2023-09-14 12:53:35,349 [Time-limited test] INFO  security.UserGroupInformation (UserGroupInformation.java:loginUserFromKeytab(1132)) - Login successful for user scm/fv-az187-373.4biwkquksivelc4kanrnlgeoof.gx.internal.cloudapp.net@EXAMPLE.COM using keytab file scm.keytab. Keytab auto renewal enabled : false
2023-09-14 12:53:35,349 [Time-limited test] INFO  server.StorageContainerManager (StorageContainerManager.java:loginAsSCMUserIfSecurityEnabled(1042)) - SCM login successful.
2023-09-14 12:53:35,351 [Time-limited test] INFO  client.SCMCertificateClient (DefaultCertificateClient.java:updateCertSerialId(1244)) - Certificate serial ID set to 2611569800906
2023-09-14 12:53:35,353 [Time-limited test] INFO  client.SCMCertificateClient (DefaultCertificateClient.java:readCertificateFile(237)) - Added certificate   [0]         Version: 3
         SerialNumber: 2611569800906
             IssuerDN: CN=scm-1@fv-az187-373,OU=63cc768a-e10b-44ae-a861-7f5e2ad3eba9,O=5570d77e-57f3-4a8e-bef5-7bff8959a1f8
           Start Date: Thu Sep 14 12:53:35 UTC 2023
           Final Date: Sun Oct 22 12:53:35 UTC 2028
            SubjectDN: CN=scm-sub-2611564295691@fv-az187-373,OU=63cc768a-e10b-44ae-a861-7f5e2ad3eba9,O=5570d77e-57f3-4a8e-bef5-7bff8959a1f8
           Public Key: RSA Public Key [60:03:a4:ab:b1:0d:3f:85:ac:d9:b9:21:5e:4e:50:2c:a2:c3:ff:a3],[56:66:d1:a4]
        modulus: 94bbd271a0ca6cd8e3fcb092b7dd0c9c2e7b6818f3d13313f29f07d3a7b841ece1f0bc47b5bd015e7851c6194a3060986635d5cf9ae11efefc499e6fca07e0d6537fa3df145c4b1cc75dfaddf6f2c257aed5dd312753527f7aec03ce12e86aca48965b5b5d3e3400de72cf35924d0ccd9b30ca14772f3e6dcdcb3f6200397e73177b1d5707a0cd4cb367be10f08607f2ceb911869c843bb00cde3914e7f7a093d609e10f2bb54233aa00bef02ef98642550d7bdbcdfcb5583261db080cd0183dfbc0bf297d3e502095c9764a05990f35e8961b1b1b2d257263480aec54585ebcef36f9af9a840ae2ddf68322dbab1fa78c7864a52804b12e79fb3557a01e4aa3
public exponent: 10001

  Signature Algorithm: SHA256WITHRSA
            Signature: 2afa4983880d08709f17cec93246362bba5a599c
                       daa523fc00f57d0e4c35c8fd8f92061f1a2040fd
                       aeaca222a8110283cc159c8488774ee071939066
                       8bb47d61f446034e323c20c72a804786faa18e7e
                       f5ec16c2ccc47b3d14d63b5e3eb97e4a1f2529a3
                       8fb5dfa6d67a46eec530e55d5bf846a5f68297e8
                       e9e525e135c62414acc1b439568709cd883c8451
                       4dc67dd7201f9fbc7a3f1d7107e4a199a8fdc74c
                       46211b12e16dfae41651c71e25bcf520fb3ac4ea
                       815dd604687efa684c7f11a105b418e635b207a4
                       88fe6a2677a35b62c26349c8fd6d980e993525ef
                       9866667a2c55640960d1f395ee8e17e26d3d12bf
                       39f8522b75016c4b06a63a2722af5c81
       Extensions: 
                       critical(false) 2.5.29.17 value = Sequence
    Tagged [7] IMPLICIT 
        DER Octet String[4] 
    Tagged [2] IMPLICIT 
        DER Octet String[64] 

                       critical(true) BasicConstraints: isCa(true)
                       critical(true) KeyUsage: 0xbe
 from file: /tmp/junit2070709234143057038/junit7792648167213209534/scm-meta/scm/sub-ca/certs/certificate.crt.
2023-09-14 12:53:35,354 [Time-limited test] INFO  client.SCMCertificateClient (DefaultCertificateClient.java:readCertificateFile(237)) - Added certificate   [0]         Version: 3
         SerialNumber: 2611569800906
             IssuerDN: CN=scm-1@fv-az187-373,OU=63cc768a-e10b-44ae-a861-7f5e2ad3eba9,O=5570d77e-57f3-4a8e-bef5-7bff8959a1f8
           Start Date: Thu Sep 14 12:53:35 UTC 2023
           Final Date: Sun Oct 22 12:53:35 UTC 2028
            SubjectDN: CN=scm-sub-2611564295691@fv-az187-373,OU=63cc768a-e10b-44ae-a861-7f5e2ad3eba9,O=5570d77e-57f3-4a8e-bef5-7bff8959a1f8
           Public Key: RSA Public Key [60:03:a4:ab:b1:0d:3f:85:ac:d9:b9:21:5e:4e:50:2c:a2:c3:ff:a3],[56:66:d1:a4]
        modulus: 94bbd271a0ca6cd8e3fcb092b7dd0c9c2e7b6818f3d13313f29f07d3a7b841ece1f0bc47b5bd015e7851c6194a3060986635d5cf9ae11efefc499e6fca07e0d6537fa3df145c4b1cc75dfaddf6f2c257aed5dd312753527f7aec03ce12e86aca48965b5b5d3e3400de72cf35924d0ccd9b30ca14772f3e6dcdcb3f6200397e73177b1d5707a0cd4cb367be10f08607f2ceb911869c843bb00cde3914e7f7a093d609e10f2bb54233aa00bef02ef98642550d7bdbcdfcb5583261db080cd0183dfbc0bf297d3e502095c9764a05990f35e8961b1b1b2d257263480aec54585ebcef36f9af9a840ae2ddf68322dbab1fa78c7864a52804b12e79fb3557a01e4aa3
public exponent: 10001

  Signature Algorithm: SHA256WITHRSA
            Signature: 2afa4983880d08709f17cec93246362bba5a599c
                       daa523fc00f57d0e4c35c8fd8f92061f1a2040fd
                       aeaca222a8110283cc159c8488774ee071939066
                       8bb47d61f446034e323c20c72a804786faa18e7e
                       f5ec16c2ccc47b3d14d63b5e3eb97e4a1f2529a3
                       8fb5dfa6d67a46eec530e55d5bf846a5f68297e8
                       e9e525e135c62414acc1b439568709cd883c8451
                       4dc67dd7201f9fbc7a3f1d7107e4a199a8fdc74c
                       46211b12e16dfae41651c71e25bcf520fb3ac4ea
                       815dd604687efa684c7f11a105b418e635b207a4
                       88fe6a2677a35b62c26349c8fd6d980e993525ef
                       9866667a2c55640960d1f395ee8e17e26d3d12bf
                       39f8522b75016c4b06a63a2722af5c81
       Extensions: 
                       critical(false) 2.5.29.17 value = Sequence
    Tagged [7] IMPLICIT 
        DER Octet String[4] 
    Tagged [2] IMPLICIT 
        DER Octet String[64] 

                       critical(true) BasicConstraints: isCa(true)
                       critical(true) KeyUsage: 0xbe
 from file: /tmp/junit2070709234143057038/junit7792648167213209534/scm-meta/scm/sub-ca/certs/2611569800906.crt.
2023-09-14 12:53:35,356 [Time-limited test] INFO  client.SCMCertificateClient (DefaultCertificateClient.java:readCertificateFile(237)) - Added certificate   [0]         Version: 3
         SerialNumber: 1
             IssuerDN: CN=scm-1@fv-az187-373,OU=63cc768a-e10b-44ae-a861-7f5e2ad3eba9,O=5570d77e-57f3-4a8e-bef5-7bff8959a1f8
           Start Date: Thu Sep 14 12:53:35 UTC 2023
           Final Date: Sun Oct 22 12:53:35 UTC 2028
            SubjectDN: CN=scm-1@fv-az187-373,OU=63cc768a-e10b-44ae-a861-7f5e2ad3eba9,O=5570d77e-57f3-4a8e-bef5-7bff8959a1f8
           Public Key: RSA Public Key [93:b6:74:38:ce:02:23:4c:bc:88:e5:2a:6c:1b:c7:e8:46:a7:36:84],[56:66:d1:a4]
        modulus: ac2b3e7a7bf20b7ff686576c3d5b02355443de8ba757f1951d42c53122c0abeb2c2eae892efa4e3fd55498c5786da98317e8be2cb0868d4f2a270d7068682452cbfe399e2d7c41dffd01b0e81f6b122ac1fca7ab05c41baed61b14053a0a52ae1daeb99cbc1bf15f5348b5f6fbeedb5a108208f0653607f12d3573557274a8201773530dcd76286e952b50ade2c24a1a24fd5d713da7bc381a1b433582fd0b985ad02b9f06697aafd559eb119dbadaf2e11f10c81581d69ec27439e1d5b3f8d9e273eb6a625ffe592c78a0d55271f56592fc2da69b8f0622942f78d3fa0aecacb9698cba6c32751d2befe958c85dda356ac7a0558841b821a306400c3ddcbf9b
public exponent: 10001

  Signature Algorithm: SHA256WITHRSA
            Signature: 2cde8a1d87a3eb7efbb0003739eaaeece8590f1b
                       1e2fba54427b814286457a17b3832767a04103ec
                       ec571d23c13b08e6857533e1b05610ad33e8e861
                       1662c60cd5e87e8b988002347dc331632a09fbb6
                       0829b34f2a18295d9def2b6a505f4630ab36e72b
                       8e2e85c9e60dc2a14236a35b7c56a800d9849df9
                       a183d0820656e04219b4eff3fbe5d774348cf153
                       a9ce5f312d6e58d7c4bebb61bb29bb41aac30092
                       857a33dadaa4e8720ecebdb20ec9536c078e702f
                       f9c28047063f6de97d3f82230450d3a696c87691
                       04dd3b577f4647bfc372fb9f326d81568836b6df
                       1af4936ae7468e4a17dfe270e57352198d0eef5e
                       d5e5ce1cbe800128519897cf97245481
       Extensions: 
                       critical(true) BasicConstraints: isCa(true)
                       critical(true) KeyUsage: 0x6
                       critical(false) 2.5.29.17 value = Sequence
    Tagged [7] IMPLICIT 
        DER Octet String[4] 
    Tagged [2] IMPLICIT 
        DER Octet String[64] 

 from file: /tmp/junit2070709234143057038/junit7792648167213209534/scm-meta/scm/sub-ca/certs/CA-1.crt.
2023-09-14 12:53:35,356 [Time-limited test] INFO  client.SCMCertificateClient (DefaultCertificateClient.java:loadAllCertificates(191)) - CertificateRenewerService and root ca rotation polling is disabled for scm/sub-ca
2023-09-14 12:53:35,356 [Time-limited test] WARN  utils.HAUtils (HAUtils.java:getMetaDir(339)) - ozone.scm.db.dirs is not configured. We recommend adding this setting. Falling back to ozone.metadata.dirs instead.
2023-09-14 12:53:35,356 [Time-limited test] WARN  db.DBStoreBuilder (DBStoreBuilder.java:applyDBDefinition(166)) - ozone.scm.db.dirs is not configured. We recommend adding this setting. Falling back to ozone.metadata.dirs instead.
2023-09-14 12:53:35,451 [Time-limited test] INFO  net.NodeSchemaLoader (NodeSchemaLoader.java:loadSchemaFromFile(129)) - Loading schema from [jar:file:/home/runner/.m2/repository/org/apache/ozone/hdds-common/1.4.0-SNAPSHOT/hdds-common-1.4.0-SNAPSHOT.jar!/network-topology-default.xml]
2023-09-14 12:53:35,451 [Time-limited test] INFO  net.NodeSchemaLoader (NodeSchemaLoader.java:loadSchema(176)) - Loading network topology layer schema file
2023-09-14 12:53:35,454 [Time-limited test] INFO  upgrade.AbstractLayoutVersionManager (AbstractLayoutVersionManager.java:init(83)) - Initializing Layout version manager with metadata layout = HADOOP_PRC_PORTS_IN_DATANODEDETAILS (version = 7), software layout = HADOOP_PRC_PORTS_IN_DATANODEDETAILS (version = 7)
2023-09-14 12:53:35,456 [Time-limited test] INFO  ha.SequenceIdGenerator (SequenceIdGenerator.java:upgradeToSequenceId(365)) - upgrade localId to 111677748019200000
2023-09-14 12:53:35,457 [Time-limited test] INFO  ha.SequenceIdGenerator (SequenceIdGenerator.java:upgradeToSequenceId(375)) - upgrade delTxnId to 0
2023-09-14 12:53:35,457 [Time-limited test] INFO  ha.SequenceIdGenerator (SequenceIdGenerator.java:upgradeToSequenceId(392)) - upgrade containerId to 0
2023-09-14 12:53:35,461 [Time-limited test] INFO  ha.SequenceIdGenerator (SequenceIdGenerator.java:upgradeToSequenceId(428)) - upgrade rootCertificateId to 1
2023-09-14 12:53:35,461 [Time-limited test] INFO  ha.SequenceIdGenerator (SequenceIdGenerator.java:<init>(236)) - Init the HA SequenceIdGenerator.
2023-09-14 12:53:35,461 [Time-limited test] INFO  node.SCMNodeManager (SCMNodeManager.java:<init>(157)) - Entering startup safe mode.
2023-09-14 12:53:35,462 [Time-limited test] INFO  algorithms.ContainerPlacementPolicyFactory (ContainerPlacementPolicyFactory.java:getPolicyInternal(86)) - Create container placement policy of type org.apache.hadoop.hdds.scm.container.placement.algorithms.SCMContainerPlacementRackAware
2023-09-14 12:53:35,462 [Time-limited test] INFO  algorithms.ContainerPlacementPolicyFactory (ContainerPlacementPolicyFactory.java:getPolicyInternal(86)) - Create container placement policy of type org.apache.hadoop.hdds.scm.container.placement.algorithms.SCMContainerPlacementRackScatter
2023-09-14 12:53:35,463 [Time-limited test] INFO  pipeline.PipelineStateManagerImpl (PipelineStateManagerImpl.java:initialize(78)) - No pipeline exists in current db
2023-09-14 12:53:35,463 [Time-limited test] INFO  algorithms.LeaderChoosePolicyFactory (LeaderChoosePolicyFactory.java:getPolicy(57)) - Create leader choose policy of type org.apache.hadoop.hdds.scm.pipeline.leader.choose.algorithms.MinLeaderCountChoosePolicy
2023-09-14 12:53:35,463 [Time-limited test] INFO  algorithms.ContainerPlacementPolicyFactory (ContainerPlacementPolicyFactory.java:getPolicyInternal(86)) - Create container placement policy of type org.apache.hadoop.hdds.scm.container.placement.algorithms.SCMContainerPlacementRackScatter
2023-09-14 12:53:35,464 [Time-limited test] INFO  ha.SCMServiceManager (SCMServiceManager.java:register(42)) - Registering service BackgroundPipelineCreator.
2023-09-14 12:53:35,464 [Time-limited test] INFO  pipeline.BackgroundPipelineCreator (BackgroundPipelineCreator.java:start(124)) - Starting RatisPipelineUtilsThread.
2023-09-14 12:53:35,465 [Time-limited test] INFO  BackgroundPipelineScrubber (BackgroundSCMService.java:start(68)) - Starting BackgroundPipelineScrubber Service.
2023-09-14 12:53:35,465 [Time-limited test] INFO  ha.SCMServiceManager (SCMServiceManager.java:register(42)) - Registering service BackgroundPipelineScrubber.
2023-09-14 12:53:35,465 [Time-limited test] INFO  ExpiredContainerReplicaOpScrubber (BackgroundSCMService.java:start(68)) - Starting ExpiredContainerReplicaOpScrubber Service.
2023-09-14 12:53:35,465 [Time-limited test] INFO  ha.SCMServiceManager (SCMServiceManager.java:register(42)) - Registering service ExpiredContainerReplicaOpScrubber.
2023-09-14 12:53:35,466 [Time-limited test] INFO  algorithms.PipelineChoosePolicyFactory (PipelineChoosePolicyFactory.java:createPipelineChoosePolicyFromClass(78)) - Create pipeline choose policy of type org.apache.hadoop.hdds.scm.pipeline.choose.algorithms.RandomPipelineChoosePolicy
2023-09-14 12:53:35,466 [Time-limited test] INFO  algorithms.PipelineChoosePolicyFactory (PipelineChoosePolicyFactory.java:createPipelineChoosePolicyFromClass(78)) - Create pipeline choose policy of type org.apache.hadoop.hdds.scm.pipeline.choose.algorithms.RandomPipelineChoosePolicy
2023-09-14 12:53:35,467 [Time-limited test] INFO  ha.SCMServiceManager (SCMServiceManager.java:register(42)) - Registering service SCMBlockDeletingService.
2023-09-14 12:53:35,468 [Time-limited test] INFO  replication.ReplicationManager (ReplicationManager.java:start(291)) - Starting Replication Monitor Thread.
2023-09-14 12:53:35,469 [Time-limited test] INFO  ha.SCMServiceManager (SCMServiceManager.java:register(42)) - Registering service ReplicationManager.
2023-09-14 12:53:35,469 [Time-limited test] INFO  safemode.ContainerSafeModeRule (ContainerSafeModeRule.java:<init>(90)) - containers with one replica threshold count 0
2023-09-14 12:53:35,470 [Time-limited test] INFO  safemode.HealthyPipelineSafeModeRule (HealthyPipelineSafeModeRule.java:initializeRule(169)) - Total pipeline count is 0, healthy pipeline threshold count is 0
2023-09-14 12:53:35,470 [Time-limited test] INFO  safemode.OneReplicaPipelineSafeModeRule (OneReplicaPipelineSafeModeRule.java:initializeRule(180)) - Total pipeline count is 0, pipeline's with at least one datanode reported threshold count is 0
2023-09-14 12:53:35,472 [Time-limited test] INFO  authority.DefaultCAServer (DefaultCAServer.java:lambda$processVerificationStatus$0(472)) - CertificateServer validation is successful
2023-09-14 12:53:35,473 [ReplicationMonitor] INFO  replication.ReplicationManager (ReplicationManager.java:processAll(365)) - Replication Manager is not ready to run until 300000ms after safemode exit
2023-09-14 12:53:35,474 [Time-limited test] INFO  authority.DefaultCAServer (DefaultCAServer.java:lambda$processVerificationStatus$0(472)) - CertificateServer validation is successful
2023-09-14 12:53:35,476 [Time-limited test] INFO  server.StorageContainerManager (StorageContainerManager.java:persistPrimarySCMCerts(932)) - Storing sub-ca certificate serialId 2611569800906 on primary SCM
2023-09-14 12:53:35,478 [Time-limited test] INFO  server.SCMCertStore (SCMCertStore.java:storeValidScmCertificate(122)) - Scm certificate 2611569800906 for CN=scm-sub-2611564295691@fv-az187-373,OU=63cc768a-e10b-44ae-a861-7f5e2ad3eba9,O=5570d77e-57f3-4a8e-bef5-7bff8959a1f8 is stored
2023-09-14 12:53:35,478 [Time-limited test] INFO  server.StorageContainerManager (StorageContainerManager.java:persistPrimarySCMCerts(940)) - Storing root certificate serialId 1
2023-09-14 12:53:35,479 [Time-limited test] INFO  server.SCMCertStore (SCMCertStore.java:storeValidScmCertificate(122)) - Scm certificate 1 for CN=scm-1@fv-az187-373,OU=63cc768a-e10b-44ae-a861-7f5e2ad3eba9,O=5570d77e-57f3-4a8e-bef5-7bff8959a1f8 is stored
2023-09-14 12:53:35,479 [Time-limited test] INFO  ipc.CallQueueManager (CallQueueManager.java:<init>(90)) - Using callQueue: class java.util.concurrent.LinkedBlockingQueue, queueCapacity: 200, scheduler: class org.apache.hadoop.ipc.DefaultRpcScheduler, ipcBackoff: false.
2023-09-14 12:53:35,479 [Time-limited test] INFO  ipc.Server (Server.java:<init>(1287)) - Listener at 0.0.0.0:9961
2023-09-14 12:53:35,481 [Socket Reader #1 for port 9961] INFO  ipc.Server (Server.java:run(1323)) - Starting Socket Reader #1 for port 9961
2023-09-14 12:53:35,485 [Time-limited test] INFO  server.StorageContainerManager (StorageContainerManager.java:<init>(425)) - SCM start with adminUsers: [scm/fv-az187-373.4biwkquksivelc4kanrnlgeoof.gx.internal.cloudapp.net@EXAMPLE.COM, scm]
2023-09-14 12:53:35,485 [Time-limited test] INFO  ipc.CallQueueManager (CallQueueManager.java:<init>(90)) - Using callQueue: class java.util.concurrent.LinkedBlockingQueue, queueCapacity: 10000, scheduler: class org.apache.hadoop.ipc.DefaultRpcScheduler, ipcBackoff: false.
2023-09-14 12:53:35,485 [Time-limited test] INFO  ipc.Server (Server.java:<init>(1287)) - Listener at 0.0.0.0:9861
2023-09-14 12:53:35,486 [Socket Reader #1 for port 9861] INFO  ipc.Server (Server.java:run(1323)) - Starting Socket Reader #1 for port 9861
2023-09-14 12:53:35,488 [Time-limited test] INFO  ipc.CallQueueManager (CallQueueManager.java:<init>(90)) - Using callQueue: class java.util.concurrent.LinkedBlockingQueue, queueCapacity: 10000, scheduler: class org.apache.hadoop.ipc.DefaultRpcScheduler, ipcBackoff: false.
2023-09-14 12:53:35,488 [Time-limited test] INFO  ipc.Server (Server.java:<init>(1287)) - Listener at 0.0.0.0:9863
2023-09-14 12:53:35,489 [Socket Reader #1 for port 9863] INFO  ipc.Server (Server.java:run(1323)) - Starting Socket Reader #1 for port 9863
2023-09-14 12:53:35,493 [Time-limited test] INFO  ipc.CallQueueManager (CallQueueManager.java:<init>(90)) - Using callQueue: class java.util.concurrent.LinkedBlockingQueue, queueCapacity: 10000, scheduler: class org.apache.hadoop.ipc.DefaultRpcScheduler, ipcBackoff: false.
2023-09-14 12:53:35,493 [Time-limited test] INFO  ipc.Server (Server.java:<init>(1287)) - Listener at 0.0.0.0:9860
2023-09-14 12:53:35,494 [Socket Reader #1 for port 9860] INFO  ipc.Server (Server.java:run(1323)) - Starting Socket Reader #1 for port 9860
2023-09-14 12:53:35,501 [Time-limited test] INFO  ha.SCMServiceManager (SCMServiceManager.java:register(42)) - Registering service ContainerBalancer.
2023-09-14 12:53:35,501 [Time-limited test] INFO  server.StorageContainerManager (StorageContainerManager.java:<init>(438)) - 
Container Balancer status:
Key                            Value
Running                        false
Container Balancer Configuration values:
Key                                                Value
Threshold                                          10
Max Datanodes to Involve per Iteration(percent)    20
Max Size to Move per Iteration                     500GB
Max Size Entering Target per Iteration             26GB
Max Size Leaving Source per Iteration              26GB
Number of Iterations                               10
Time Limit for Single Container's Movement         65min
Time Limit for Single Container's Replication      50min
Interval between each Iteration                    70min
Whether to Enable Network Topology                 false
Whether to Trigger Refresh Datanode Usage Info     false
Container IDs to Exclude from Balancing            None
Datanodes Specified to be Balanced                 None
Datanodes Excluded from Balancing                  None

2023-09-14 12:53:35,501 [Time-limited test] INFO  ha.SCMContext (SCMContext.java:updateSafeModeStatus(228)) - Update SafeModeStatus from SafeModeStatus{safeModeStatus=true, preCheckPassed=false} to SafeModeStatus{safeModeStatus=true, preCheckPassed=false}.
2023-09-14 12:53:35,501 [Time-limited test] INFO  server.StorageContainerManager (StorageContainerManager.java:start(1483)) - StorageContainerLocationProtocol RPC server is listening at /0.0.0.0:9860
2023-09-14 12:53:35,503 [Time-limited test] WARN  impl.MetricsConfig (MetricsConfig.java:loadFirst(136)) - Cannot locate configuration: tried hadoop-metrics2-storagecontainermanager.properties,hadoop-metrics2.properties
2023-09-14 12:53:35,507 [Time-limited test] INFO  impl.MetricsSystemImpl (MetricsSystemImpl.java:startTimer(378)) - Scheduled Metric snapshot period at 10 second(s).
2023-09-14 12:53:35,507 [Time-limited test] INFO  impl.MetricsSystemImpl (MetricsSystemImpl.java:start(191)) - StorageContainerManager metrics system started
2023-09-14 12:53:35,525 [Time-limited test] INFO  impl.MetricsSinkAdapter (MetricsSinkAdapter.java:start(204)) - Sink prometheus started
2023-09-14 12:53:35,525 [Time-limited test] INFO  impl.MetricsSystemImpl (MetricsSystemImpl.java:registerSink(305)) - Registered sink prometheus
2023-09-14 12:53:35,546 [Time-limited test] INFO  server.SCMClientProtocolServer (SCMClientProtocolServer.java:start(201)) - RPC server for Client  is listening at /0.0.0.0:9860
2023-09-14 12:53:35,546 [IPC Server Responder] INFO  ipc.Server (Server.java:run(1562)) - IPC Server Responder: starting
2023-09-14 12:53:35,569 [Time-limited test] INFO  server.StorageContainerManager (StorageContainerManager.java:start(1496)) - ScmBlockLocationProtocol RPC server is listening at /0.0.0.0:9863
2023-09-14 12:53:35,547 [IPC Server listener on 9860] INFO  ipc.Server (Server.java:run(1402)) - IPC Server listener on 9860: starting
2023-09-14 12:53:35,570 [Time-limited test] INFO  server.SCMBlockProtocolServer (SCMBlockProtocolServer.java:start(154)) - RPC server for Block Protocol is listening at /0.0.0.0:9863
2023-09-14 12:53:35,570 [IPC Server Responder] INFO  ipc.Server (Server.java:run(1562)) - IPC Server Responder: starting
2023-09-14 12:53:35,571 [IPC Server listener on 9863] INFO  ipc.Server (Server.java:run(1402)) - IPC Server listener on 9863: starting
2023-09-14 12:53:35,598 [Time-limited test] INFO  server.SCMDatanodeProtocolServer (SCMDatanodeProtocolServer.java:start(193)) - ScmDatanodeProtocol RPC server for DataNodes is listening at /0.0.0.0:9861
2023-09-14 12:53:35,599 [IPC Server Responder] INFO  ipc.Server (Server.java:run(1562)) - IPC Server Responder: starting
2023-09-14 12:53:35,600 [IPC Server listener on 9861] INFO  ipc.Server (Server.java:run(1402)) - IPC Server listener on 9861: starting
2023-09-14 12:53:35,619 [Time-limited test] INFO  server.SCMSecurityProtocolServer (SCMSecurityProtocolServer.java:start(542)) - Starting RPC server for SCMSecurityProtocolServer. is listening at /0.0.0.0:9961
2023-09-14 12:53:35,620 [IPC Server Responder] INFO  ipc.Server (Server.java:run(1562)) - IPC Server Responder: starting
2023-09-14 12:53:35,620 [IPC Server listener on 9961] INFO  ipc.Server (Server.java:run(1402)) - IPC Server listener on 9961: starting
2023-09-14 12:53:35,620 [Time-limited test] INFO  server.SCMUpdateServiceGrpcServer (SCMUpdateServiceGrpcServer.java:start(58)) - SCMUpdateService starting
2023-09-14 12:53:35,631 [JvmPauseMonitor1] INFO  util.JvmPauseMonitor (JvmPauseMonitor.java:run(103)) - JvmPauseMonitor-63cc768a-e10b-44ae-a861-7f5e2ad3eba9: Started
2023-09-14 12:53:35,633 [Time-limited test] INFO  http.BaseHttpServer (BaseHttpServer.java:newHttpServer2BuilderForOzone(223)) - Starting Web-server for scm at: http://0.0.0.0:9876
2023-09-14 12:53:35,633 [Time-limited test] INFO  http.BaseHttpServer (BaseHttpServer.java:<init>(110)) - Hadoop Security Enabled: true Ozone Security Enabled: true Ozone HTTP Security Enabled: false 
2023-09-14 12:53:35,635 [Time-limited test] WARN  server.AuthenticationFilter (AuthenticationFilter.java:constructSecretProvider(240)) - Unable to initialize FileSignerSecretProvider, falling back to use random secrets. Reason: Could not read signature secret file: /home/runner/hadoop-http-auth-signature-secret
2023-09-14 12:53:35,638 [Time-limited test] INFO  http.HttpRequestLog (HttpRequestLog.java:getRequestLog(86)) - Http request log for http.requests.scm is not defined
2023-09-14 12:53:35,641 [Time-limited test] INFO  http.HttpServer2 (HttpServer2.java:addGlobalFilter(1031)) - Added global filter 'safety' (class=org.apache.hadoop.hdds.server.http.HttpServer2$QuotingInputFilter)
2023-09-14 12:53:35,642 [Time-limited test] INFO  http.HttpServer2 (HttpServer2.java:addFilter(1007)) - Added filter static_user_filter (class=org.apache.hadoop.http.lib.StaticUserWebFilter$StaticUserFilter) to context scm
2023-09-14 12:53:35,642 [Time-limited test] INFO  http.HttpServer2 (HttpServer2.java:addFilter(1015)) - Added filter static_user_filter (class=org.apache.hadoop.http.lib.StaticUserWebFilter$StaticUserFilter) to context logs
2023-09-14 12:53:35,642 [Time-limited test] INFO  http.HttpServer2 (HttpServer2.java:addFilter(1015)) - Added filter static_user_filter (class=org.apache.hadoop.http.lib.StaticUserWebFilter$StaticUserFilter) to context static
2023-09-14 12:53:35,643 [Time-limited test] INFO  http.BaseHttpServer (BaseHttpServer.java:<init>(189)) - HTTP server of scm uses base directory /tmp/junit2070709234143057038/junit7792648167213209534/scm-meta/webserver
2023-09-14 12:53:35,643 [Time-limited test] INFO  http.HttpServer2 (HttpServer2.java:bindListener(1231)) - Jetty bound to port 9876
2023-09-14 12:53:35,643 [Time-limited test] INFO  server.Server (Server.java:doStart(375)) - jetty-9.4.51.v20230217; built: 2023-02-17T08:19:37.309Z; git: b45c405e4544384de066f814ed42ae3dceacdd49; jvm 1.8.0_382-b05
2023-09-14 12:53:35,647 [Time-limited test] INFO  server.session (DefaultSessionIdManager.java:doStart(334)) - DefaultSessionIdManager workerName=node0
2023-09-14 12:53:35,647 [Time-limited test] INFO  server.session (DefaultSessionIdManager.java:doStart(339)) - No SessionScavenger set, using defaults
2023-09-14 12:53:35,647 [Time-limited test] INFO  server.session (HouseKeeper.java:startScavenging(132)) - node0 Scavenging every 600000ms
2023-09-14 12:53:35,648 [Time-limited test] INFO  handler.ContextHandler (ContextHandler.java:doStart(921)) - Started o.e.j.s.ServletContextHandler@10fb758f{logs,/logs,file:///home/runner/work/ozone/ozone/hadoop-ozone/integration-test/target/log,AVAILABLE}
2023-09-14 12:53:35,648 [Time-limited test] INFO  handler.ContextHandler (ContextHandler.java:doStart(921)) - Started o.e.j.s.ServletContextHandler@64d09b6e{static,/static,file:///home/runner/work/ozone/ozone/hadoop-ozone/integration-test/target/test-classes/webapps/static,AVAILABLE}
2023-09-14 12:53:35,651 [Time-limited test] INFO  handler.ContextHandler (ContextHandler.java:doStart(921)) - Started o.e.j.w.WebAppContext@39e98067{scm,/,file:///home/runner/work/ozone/ozone/hadoop-ozone/integration-test/target/test-classes/webapps/scm/,AVAILABLE}{file:/home/runner/work/ozone/ozone/hadoop-ozone/integration-test/target/test-classes/webapps/scm}
2023-09-14 12:53:35,655 [Time-limited test] INFO  server.AbstractConnector (AbstractConnector.java:doStart(333)) - Started ServerConnector@7a073ad6{HTTP/1.1, (http/1.1)}{0.0.0.0:9876}
2023-09-14 12:53:35,655 [Time-limited test] INFO  server.Server (Server.java:doStart(415)) - Started @10630ms
2023-09-14 12:53:35,656 [Time-limited test] WARN  impl.MetricsSystemImpl (MetricsSystemImpl.java:register(279)) - Sink prometheus already exists!
2023-09-14 12:53:35,656 [Time-limited test] INFO  http.BaseHttpServer (BaseHttpServer.java:updateConnectorAddress(354)) - HTTP server of scm listening at http://0.0.0.0:9876
2023-09-14 12:53:35,658 [Time-limited test] WARN  server.ServerUtils (ServerUtils.java:getDBPath(311)) - ozone.om.db.dirs is not configured. We recommend adding this setting. Falling back to ozone.metadata.dirs instead.
2023-09-14 12:53:35,680 [pool-40-thread-1] INFO  request.TgsRequest (TgsRequest.java:issueTicket(115)) - TGS_REQ ISSUE: authtime 1694696015679,scm/fv-az187-373.4biwkquksivelc4kanrnlgeoof.gx.internal.cloudapp.net for scm/fv-az187-373.4biwkquksivelc4kanrnlgeoof.gx.internal.cloudapp.net@EXAMPLE.COM
2023-09-14 12:53:35,691 [Time-limited test] INFO  ha.OMHANodeDetails (OMHANodeDetails.java:loadOMHAConfig(115)) - ozone.om.internal.service.id is not defined, falling back to ozone.om.service.ids to find serviceID for OzoneManager if it is HA enabled cluster
2023-09-14 12:53:35,691 [Time-limited test] INFO  ha.OMHANodeDetails (OMHANodeDetails.java:loadOMHAConfig(226)) - Configuration does not have ozone.om.address set. Falling back to the default OM address fv-az187-373.4biwkquksivelc4kanrnlgeoof.gx.internal.cloudapp.net/10.1.0.236:1202
2023-09-14 12:53:35,691 [Time-limited test] INFO  ha.OMHANodeDetails (OMHANodeDetails.java:getOMNodeDetailsForNonHA(254)) - OM Service ID is not set. Setting it to the default ID: omServiceIdDefault
2023-09-14 12:53:35,691 [Time-limited test] INFO  ha.OMHANodeDetails (OMHANodeDetails.java:getOMNodeDetailsForNonHA(261)) - OM Node ID is not set. Setting it to the default ID: om1
2023-09-14 12:53:35,693 [Socket Reader #1 for port 9961] INFO  ipc.Server (Server.java:saslProcess(2139)) - Auth successful for scm/fv-az187-373.4biwkquksivelc4kanrnlgeoof.gx.internal.cloudapp.net@EXAMPLE.COM (auth:KERBEROS) from fv-az187-373.4biwkquksivelc4kanrnlgeoof.gx.internal.cloudapp.net:45881 / 10.1.0.236:45881
2023-09-14 12:53:35,695 [Time-limited test] WARN  server.ServerUtils (ServerUtils.java:getDBPath(311)) - ozone.om.db.dirs is not configured. We recommend adding this setting. Falling back to ozone.metadata.dirs instead.
2023-09-14 12:53:35,698 [Time-limited test] INFO  upgrade.AbstractLayoutVersionManager (AbstractLayoutVersionManager.java:init(83)) - Initializing Layout version manager with metadata layout = QUOTA (version = 6), software layout = QUOTA (version = 6)
2023-09-14 12:53:35,710 [IPC Server handler 0 on default port 9961] INFO  client.SCMCertificateClient (DefaultCertificateClient.java:getAllRootCaCerts(901)) - scm/sub-ca has 0 Root CA certificates
2023-09-14 12:53:35,710 [IPC Server handler 0 on default port 9961] INFO  client.SCMCertificateClient (DefaultCertificateClient.java:getAllCaCerts(909)) - scm/sub-ca has 1 CA certificates
2023-09-14 12:53:35,714 [scm/sub-ca-refreshCACertificates] INFO  client.SCMCertificateClient (DefaultCertificateClient.java:getAllRootCaCerts(901)) - scm/sub-ca has 0 Root CA certificates
2023-09-14 12:53:35,714 [scm/sub-ca-refreshCACertificates] INFO  client.SCMCertificateClient (DefaultCertificateClient.java:getAllCaCerts(909)) - scm/sub-ca has 1 CA certificates
2023-09-14 12:53:35,714 [scm/sub-ca-refreshCACertificates] INFO  client.SCMCertificateClient (SCMCertificateClient.java:run(277)) - CA certificates are not changed.
2023-09-14 12:53:35,809 [Time-limited test] INFO  reflections.Reflections (Reflections.java:scan(232)) - Reflections took 106 ms to scan 2 urls, producing 187 keys and 515 values [using 2 cores]
2023-09-14 12:53:35,814 [Time-limited test] INFO  upgrade.OMLayoutVersionManager (OMLayoutVersionManager.java:lambda$0(115)) - Skipping Upgrade Action QuotaRepairUpgradeAction since it has been finalized.
2023-09-14 12:53:35,841 [Time-limited test] INFO  upgrade.OMLayoutVersionManager (OMLayoutVersionManager.java:lambda$0(115)) - Skipping Upgrade Action MockOmUpgradeAction since it has been finalized.
2023-09-14 12:53:35,844 [Time-limited test] WARN  server.ServerUtils (ServerUtils.java:getDBPath(311)) - ozone.om.db.dirs is not configured. We recommend adding this setting. Falling back to ozone.metadata.dirs instead.
2023-09-14 12:53:36,149 [Time-limited test] INFO  proxy.SCMBlockLocationFailoverProxyProvider (SCMBlockLocationFailoverProxyProvider.java:<init>(114)) - Created block location fail-over proxy with 1 nodes: [nodeId=scmNodeId,nodeAddress=/0.0.0.0:9863]
2023-09-14 12:53:36,201 [Time-limited test] INFO  om.OzoneManager (OzoneManager.java:<init>(665)) - OM start with adminUsers: [scm/fv-az187-373.4biwkquksivelc4kanrnlgeoof.gx.internal.cloudapp.net@EXAMPLE.COM, scm]
2023-09-14 12:53:36,216 [Time-limited test] WARN  server.ServerUtils (ServerUtils.java:getDBPath(311)) - ozone.om.db.dirs is not configured. We recommend adding this setting. Falling back to ozone.metadata.dirs instead.
2023-09-14 12:53:36,243 [Time-limited test] INFO  helpers.OmKeyInfo (OmKeyInfo.java:getCodec(71)) - OmKeyInfo.getCodec ignorePipeline = true
2023-09-14 12:53:36,513 [Time-limited test] INFO  om.OzoneManager (OzoneManager.java:instantiateServices(794)) - S3 Multi-Tenancy is disabled
2023-09-14 12:53:36,524 [Time-limited test] INFO  security.OzoneSecretStore (OzoneSecretStore.java:loadState(69)) - Loaded 0 tokens
2023-09-14 12:53:36,524 [Time-limited test] INFO  security.OzoneDelegationTokenSecretManager (OzoneDelegationTokenSecretManager.java:loadTokenSecretState(530)) - Loading token state into token manager.
2023-09-14 12:53:36,547 [Time-limited test] INFO  om.OmSnapshotManager (OmSnapshotManager.java:<init>(174)) - Ozone filesystem snapshot feature is enabled.
2023-09-14 12:53:36,555 [Time-limited test] WARN  server.ServerUtils (ServerUtils.java:getDBPath(311)) - ozone.om.snapshot.diff.db.dir is not configured. We recommend adding this setting. Falling back to ozone.metadata.dirs instead.
2023-09-14 12:53:36,595 [Time-limited test] INFO  utils.NativeLibraryLoader (NativeLibraryLoader.java:loadLibrary(108)) - Loading Library: ozone_rocksdb_tools
2023-09-14 12:53:36,596 [Time-limited test] INFO  snapshot.SnapshotDiffManager (SnapshotDiffManager.java:closeExecutorService(1706)) - Shutting down executorService: 'SstDumpToolExecutor'
2023-09-14 12:53:36,655 [Time-limited test] INFO  om.OzoneManager (OzoneManager.java:addS3GVolumeToDB(4305)) - Created Volume s3v With Owner scm required for S3Gateway operations.
2023-09-14 12:53:36,715 [Time-limited test] WARN  server.ServerUtils (ServerUtils.java:getDefaultRatisDirectory(323)) - Storage directory for Ratis is not configured. It is a good idea to map this to an SSD disk. Falling back to ozone.metadata.dirs
2023-09-14 12:53:36,716 [Time-limited test] WARN  utils.OzoneManagerRatisUtils (OzoneManagerRatisUtils.java:getOMRatisSnapshotDirectory(464)) - ozone.om.ratis.snapshot.dir is not configured. Falling back to ozone.metadata.dirs config
2023-09-14 12:53:36,726 [Time-limited test] WARN  server.ServerUtils (ServerUtils.java:getDefaultRatisDirectory(323)) - Storage directory for Ratis is not configured. It is a good idea to map this to an SSD disk. Falling back to ozone.metadata.dirs
2023-09-14 12:53:36,760 [Time-limited test] INFO  ratis.OzoneManagerRatisServer (OzoneManagerRatisServer.java:<init>(163)) - Instantiating OM Ratis server with groupID: omServiceIdDefault and peers: fv-az187-373.4biwkquksivelc4kanrnlgeoof.gx.internal.cloudapp.net:9872
2023-09-14 12:53:36,775 [Time-limited test] INFO  ratis.OzoneManagerStateMachine (OzoneManagerStateMachine.java:loadSnapshotInfoFromDB(687)) - LastAppliedIndex is set from TransactionInfo from OM DB as (t:0, i:~)
2023-09-14 12:53:36,831 [Time-limited test] INFO  server.RaftServer (ConfUtils.java:logGet(46)) - raft.rpc.type = GRPC (default)
2023-09-14 12:53:36,839 [Time-limited test] INFO  grpc.GrpcConfigKeys (ConfUtils.java:logFallback(53)) - raft.grpc.admin.host = null (fallback to raft.grpc.server.host)
2023-09-14 12:53:36,840 [Time-limited test] INFO  grpc.GrpcConfigKeys (ConfUtils.java:logFallback(53)) - raft.grpc.admin.port = 9872 (fallback to raft.grpc.server.port)
2023-09-14 12:53:36,840 [Time-limited test] INFO  grpc.GrpcConfigKeys (ConfUtils.java:logFallback(53)) - raft.grpc.client.host = null (fallback to raft.grpc.server.host)
2023-09-14 12:53:36,842 [Time-limited test] INFO  grpc.GrpcConfigKeys (ConfUtils.java:logFallback(53)) - raft.grpc.client.port = 9872 (fallback to raft.grpc.server.port)
2023-09-14 12:53:36,842 [Time-limited test] INFO  grpc.GrpcConfigKeys (ConfUtils.java:logGet(46)) - raft.grpc.server.host = null (default)
2023-09-14 12:53:36,842 [Time-limited test] INFO  grpc.GrpcConfigKeys (ConfUtils.java:logGet(46)) - raft.grpc.server.port = 9872 (custom)
2023-09-14 12:53:36,843 [Time-limited test] INFO  server.GrpcService (ConfUtils.java:logGet(46)) - raft.grpc.message.size.max = 33554432 (custom)
2023-09-14 12:53:36,844 [Time-limited test] INFO  server.RaftServerConfigKeys (ConfUtils.java:logGet(46)) - raft.server.log.appender.buffer.byte-limit = 33554432 (custom)
2023-09-14 12:53:36,844 [Time-limited test] INFO  server.GrpcService (ConfUtils.java:logGet(46)) - raft.grpc.flow.control.window = 1MB (=1048576) (default)
2023-09-14 12:53:36,845 [Time-limited test] INFO  server.RaftServerConfigKeys (ConfUtils.java:logGet(46)) - raft.server.rpc.request.timeout = 3000ms (default)
2023-09-14 12:53:36,855 [Time-limited test] INFO  grpc.GrpcConfigKeys (ConfUtils.java:logGet(46)) - raft.grpc.server.heartbeat.channel = true (default)
2023-09-14 12:53:36,859 [Time-limited test] INFO  grpc.GrpcConfigKeys (ConfUtils.java:logGet(46)) - raft.grpc.server.async.request.thread.pool.cached = true (default)
2023-09-14 12:53:36,860 [Time-limited test] INFO  grpc.GrpcConfigKeys (ConfUtils.java:logGet(46)) - raft.grpc.server.async.request.thread.pool.size = 32 (default)
2023-09-14 12:53:36,910 [Time-limited test] INFO  impl.DataStreamServerImpl (ConfUtils.java:logGet(46)) - raft.datastream.type = DISABLED (default)
2023-09-14 12:53:36,913 [Time-limited test] INFO  server.RaftServerConfigKeys (ConfUtils.java:logGet(46)) - raft.server.threadpool.proxy.cached = true (default)
2023-09-14 12:53:36,913 [Time-limited test] INFO  server.RaftServerConfigKeys (ConfUtils.java:logGet(46)) - raft.server.threadpool.proxy.size = 0 (default)
2023-09-14 12:53:36,913 [Time-limited test] INFO  server.RaftServerConfigKeys (ConfUtils.java:logGet(46)) - raft.server.rpc.slowness.timeout = 120s (custom)
2023-09-14 12:53:36,913 [Time-limited test] INFO  server.RaftServerConfigKeys (ConfUtils.java:logGet(46)) - raft.server.leaderelection.leader.step-down.wait-time = 10s (default)
2023-09-14 12:53:36,914 [Time-limited test] INFO  server.RaftServerConfigKeys (ConfUtils.java:logGet(46)) - raft.server.storage.dir = [/tmp/junit2070709234143057038/junit7792648167213209534/scm-meta/ratis] (custom)
2023-09-14 12:53:36,922 [Time-limited test] INFO  server.RaftServer (RaftServerProxy.java:addNew(98)) - om1: addNew group-C5BA1605619E:[om1|rpc:fv-az187-373.4biwkquksivelc4kanrnlgeoof.gx.internal.cloudapp.net:9872|priority:0|startupRole:FOLLOWER] returns group-C5BA1605619E:java.util.concurrent.CompletableFuture@3a917dd[Not completed]
2023-09-14 12:53:36,922 [Time-limited test] INFO  om.OzoneManager (OzoneManager.java:initializeRatisServer(2148)) - OzoneManager Ratis server initialized at port 9872
2023-09-14 12:53:36,925 [Time-limited test] INFO  om.OzoneManager (OzoneManager.java:getRpcServer(1196)) - Creating RPC Server
2023-09-14 12:53:36,945 [om1-groupManagement] INFO  server.RaftServer$Division (RaftServerImpl.java:<init>(198)) - om1: new RaftServerImpl for group-C5BA1605619E:[om1|rpc:fv-az187-373.4biwkquksivelc4kanrnlgeoof.gx.internal.cloudapp.net:9872|priority:0|startupRole:FOLLOWER] with OzoneManagerStateMachine:uninitialized
2023-09-14 12:53:36,950 [om1-groupManagement] INFO  server.RaftServerConfigKeys (ConfUtils.java:logGet(46)) - raft.server.rpc.timeout.min = 5s (custom)
2023-09-14 12:53:36,950 [om1-groupManagement] INFO  server.RaftServerConfigKeys (ConfUtils.java:logGet(46)) - raft.server.rpc.timeout.max = 5200ms (custom)
2023-09-14 12:53:36,950 [om1-groupManagement] INFO  server.RaftServerConfigKeys (ConfUtils.java:logGet(46)) - raft.server.rpc.sleep.time = 25ms (default)
2023-09-14 12:53:36,950 [om1-groupManagement] INFO  server.RaftServerConfigKeys (ConfUtils.java:logGet(46)) - raft.server.rpc.slowness.timeout = 120s (custom)
2023-09-14 12:53:36,950 [om1-groupManagement] INFO  server.RaftServerConfigKeys (ConfUtils.java:logGet(46)) - raft.server.leaderelection.leader.step-down.wait-time = 10s (default)
2023-09-14 12:53:36,950 [om1-groupManagement] INFO  server.RaftServerConfigKeys (ConfUtils.java:logGet(46)) - raft.server.sleep.deviation.threshold = 300ms (default)
2023-09-14 12:53:36,964 [om1-groupManagement] INFO  server.RaftServer$Division (ServerState.java:<init>(120)) - om1@group-C5BA1605619E: ConfigurationManager, init=-1: peers:[om1|rpc:fv-az187-373.4biwkquksivelc4kanrnlgeoof.gx.internal.cloudapp.net:9872|priority:0|startupRole:FOLLOWER]|listeners:[], old=null, confs=<EMPTY_MAP>
2023-09-14 12:53:36,964 [om1-groupManagement] INFO  server.RaftServerConfigKeys (ConfUtils.java:logGet(46)) - raft.server.storage.dir = [/tmp/junit2070709234143057038/junit7792648167213209534/scm-meta/ratis] (custom)
2023-09-14 12:53:36,974 [om1-groupManagement] INFO  server.RaftServerConfigKeys (ConfUtils.java:logGet(46)) - raft.server.log.corruption.policy = EXCEPTION (default)
2023-09-14 12:53:36,974 [om1-groupManagement] INFO  server.RaftServerConfigKeys (ConfUtils.java:logGet(46)) - raft.server.storage.free-space.min = 0MB (=0) (default)
2023-09-14 12:53:36,988 [om1-groupManagement] INFO  server.RaftServerConfigKeys (ConfUtils.java:logGet(46)) - raft.server.notification.no-leader.timeout = 120s (custom)
2023-09-14 12:53:36,995 [om1-groupManagement] INFO  server.RaftServerConfigKeys (ConfUtils.java:logGet(46)) - raft.server.read.timeout = 10s (default)
2023-09-14 12:53:37,002 [om1-groupManagement] INFO  server.RaftServerConfigKeys (ConfUtils.java:logGet(46)) - raft.server.retrycache.expirytime = 300s (custom)
2023-09-14 12:53:37,003 [om1-groupManagement] INFO  server.RaftServerConfigKeys (ConfUtils.java:logGet(46)) - raft.server.retrycache.statistics.expirytime = 100μs (default)
2023-09-14 12:53:37,043 [om1-groupManagement] INFO  server.RaftServerConfigKeys (ConfUtils.java:logGet(46)) - raft.server.read.option = DEFAULT (default)
2023-09-14 12:53:37,093 [om1-groupManagement] INFO  server.RaftServerConfigKeys (ConfUtils.java:logGet(46)) - raft.server.rpc.request.timeout = 3000ms (default)
2023-09-14 12:53:37,103 [om1-groupManagement] INFO  server.RaftServerConfigKeys (ConfUtils.java:logGet(46)) - raft.server.log.appender.install.snapshot.enabled = false (custom)
2023-09-14 12:53:37,103 [om1-groupManagement] INFO  server.RaftServerConfigKeys (ConfUtils.java:logGet(46)) - raft.server.threadpool.server.cached = true (default)
2023-09-14 12:53:37,105 [om1-groupManagement] INFO  server.RaftServerConfigKeys (ConfUtils.java:logGet(46)) - raft.server.threadpool.server.size = 0 (default)
2023-09-14 12:53:37,105 [om1-groupManagement] INFO  server.RaftServerConfigKeys (ConfUtils.java:logGet(46)) - raft.server.threadpool.client.cached = true (default)
2023-09-14 12:53:37,105 [om1-groupManagement] INFO  server.RaftServerConfigKeys (ConfUtils.java:logGet(46)) - raft.server.threadpool.client.size = 0 (default)
2023-09-14 12:53:37,599 [Time-limited test] INFO  reflections.Reflections (Reflections.java:scan(232)) - Reflections took 589 ms to scan 20 urls, producing 70 keys and 6001 values [using 2 cores]
2023-09-14 12:53:37,782 [Time-limited test] INFO  ipc.CallQueueManager (CallQueueManager.java:<init>(90)) - Using callQueue: class java.util.concurrent.LinkedBlockingQueue, queueCapacity: 10000, scheduler: class org.apache.hadoop.ipc.DefaultRpcScheduler, ipcBackoff: false.
2023-09-14 12:53:37,782 [Time-limited test] INFO  ipc.Server (Server.java:<init>(1287)) - Listener at fv-az187-373.4biwkquksivelc4kanrnlgeoof.gx.internal.cloudapp.net:1202
2023-09-14 12:53:37,783 [Socket Reader #1 for port 1202] INFO  ipc.Server (Server.java:run(1323)) - Starting Socket Reader #1 for port 1202
2023-09-14 12:53:37,820 [Time-limited test] INFO  ha.OMHANodeDetails (OMHANodeDetails.java:loadOMHAConfig(115)) - ozone.om.internal.service.id is not defined, falling back to ozone.om.service.ids to find serviceID for OzoneManager if it is HA enabled cluster
2023-09-14 12:53:37,820 [Time-limited test] INFO  ha.OMHANodeDetails (OMHANodeDetails.java:loadOMHAConfig(226)) - Configuration does not have ozone.om.address set. Falling back to the default OM address fv-az187-373.4biwkquksivelc4kanrnlgeoof.gx.internal.cloudapp.net/10.1.0.236:1202
2023-09-14 12:53:37,820 [Time-limited test] INFO  ha.OMHANodeDetails (OMHANodeDetails.java:getOMNodeDetailsForNonHA(254)) - OM Service ID is not set. Setting it to the default ID: omServiceIdDefault
2023-09-14 12:53:37,820 [Time-limited test] INFO  ha.OMHANodeDetails (OMHANodeDetails.java:getOMNodeDetailsForNonHA(261)) - OM Node ID is not set. Setting it to the default ID: om1
2023-09-14 12:53:37,824 [pool-40-thread-1] INFO  request.KdcRequest (KdcRequest.java:preauth(651)) - The preauth data is empty.
2023-09-14 12:53:37,824 [pool-40-thread-1] INFO  server.KdcHandler (KdcHandler.java:handleRecoverableException(177)) - KRB error occurred while processing request:Additional pre-authentication required
2023-09-14 12:53:37,831 [pool-40-thread-1] INFO  request.AsRequest (AsRequest.java:issueTicket(112)) - AS_REQ ISSUE: authtime 1694696017831,scm/fv-az187-373.4biwkquksivelc4kanrnlgeoof.gx.internal.cloudapp.net@EXAMPLE.COM for krbtgt/EXAMPLE.COM@EXAMPLE.COM
2023-09-14 12:53:37,833 [Time-limited test] INFO  security.UserGroupInformation (UserGroupInformation.java:loginUserFromKeytab(1132)) - Login successful for user scm/fv-az187-373.4biwkquksivelc4kanrnlgeoof.gx.internal.cloudapp.net@EXAMPLE.COM using keytab file scm.keytab. Keytab auto renewal enabled : false
2023-09-14 12:53:37,833 [Time-limited test] INFO  om.OzoneManager (OzoneManager.java:loginOMUser(1164)) - Ozone Manager login successful.
2023-09-14 12:53:37,833 [Time-limited test] WARN  server.ServerUtils (ServerUtils.java:getDBPath(311)) - ozone.om.db.dirs is not configured. We recommend adding this setting. Falling back to ozone.metadata.dirs instead.
2023-09-14 12:53:37,834 [Time-limited test] INFO  proxy.SCMBlockLocationFailoverProxyProvider (SCMBlockLocationFailoverProxyProvider.java:<init>(114)) - Created block location fail-over proxy with 1 nodes: [nodeId=scmNodeId,nodeAddress=/0.0.0.0:9863]
2023-09-14 12:53:37,845 [pool-40-thread-1] INFO  request.TgsRequest (TgsRequest.java:issueTicket(115)) - TGS_REQ ISSUE: authtime 1694696017845,scm/fv-az187-373.4biwkquksivelc4kanrnlgeoof.gx.internal.cloudapp.net for scm/fv-az187-373.4biwkquksivelc4kanrnlgeoof.gx.internal.cloudapp.net@EXAMPLE.COM
2023-09-14 12:53:37,855 [Socket Reader #1 for port 9863] INFO  ipc.Server (Server.java:saslProcess(2139)) - Auth successful for scm/fv-az187-373.4biwkquksivelc4kanrnlgeoof.gx.internal.cloudapp.net@EXAMPLE.COM (auth:KERBEROS) from fv-az187-373.4biwkquksivelc4kanrnlgeoof.gx.internal.cloudapp.net:36901 / 10.1.0.236:36901
OM already initialized.Reusing existing cluster id for sd=/tmp/junit2070709234143057038/junit7792648167213209534/scm-meta/om;cid=5570d77e-57f3-4a8e-bef5-7bff8959a1f8;layoutVersion=6
2023-09-14 12:53:37,902 [Time-limited test] INFO  om.OzoneManager (OzoneManager.java:omInit(1375)) - OM storage initialized. Initializing security
2023-09-14 12:53:37,902 [Time-limited test] INFO  om.OzoneManager (OzoneManager.java:initializeSecurity(1388)) - Initializing secure OzoneManager.
2023-09-14 12:53:37,902 [Time-limited test] INFO  om.OzoneManager (OzoneManager.java:getOmDetailsProto(4573)) - OzoneManager ports added:[name: "RPC"
value: 1202
]
2023-09-14 12:53:37,904 [Time-limited test] INFO  security.OMCertificateClient (DefaultCertificateClient.java:updateCertSerialId(1244)) - Certificate serial ID set to null
2023-09-14 12:53:37,904 [Time-limited test] ERROR security.OMCertificateClient (DefaultCertificateClient.java:getCertPath(362)) - Default certificate serial id is not set. Can't locate the default certificate for this client.
2023-09-14 12:53:37,904 [Time-limited test] INFO  security.OMCertificateClient (DefaultCertificateClient.java:init(715)) - Certificate client init case: 0
2023-09-14 12:53:37,905 [Time-limited test] INFO  security.OMCertificateClient (CommonCertificateClient.java:handleCase(73)) - Creating keypair for client as keypair and certificate not found.
2023-09-14 12:53:38,120 [Time-limited test] INFO  om.OzoneManager (OzoneManager.java:initializeSecurity(1401)) - Init response: GETCERT
2023-09-14 12:53:38,121 [Time-limited test] INFO  ozone.OzoneSecurityUtil (OzoneSecurityUtil.java:getValidInetsForCurrentHost(119)) - ip:fe80:0:0:0:20d:3aff:fea7:6146%eth0 not returned.
2023-09-14 12:53:38,121 [Time-limited test] INFO  ozone.OzoneSecurityUtil (OzoneSecurityUtil.java:getValidInetsForCurrentHost(116)) - Adding ip:10.1.0.236,host:fv-az187-373.4biwkquksivelc4kanrnlgeoof.gx.internal.cloudapp.net
2023-09-14 12:53:38,121 [Time-limited test] INFO  ozone.OzoneSecurityUtil (OzoneSecurityUtil.java:getValidInetsForCurrentHost(119)) - ip:0:0:0:0:0:0:0:1%lo not returned.
2023-09-14 12:53:38,121 [Time-limited test] INFO  ozone.OzoneSecurityUtil (OzoneSecurityUtil.java:getValidInetsForCurrentHost(119)) - ip:127.0.0.1 not returned.
2023-09-14 12:53:38,121 [Time-limited test] INFO  security.OMCertificateClient (OMCertificateClient.java:getCSRBuilder(114)) - Creating csr for OM->dns:fv-az187-373.4biwkquksivelc4kanrnlgeoof.gx.internal.cloudapp.net,ip:10.1.0.236,scmId:63cc768a-e10b-44ae-a861-7f5e2ad3eba9,clusterId:5570d77e-57f3-4a8e-bef5-7bff8959a1f8,subject:scm@fv-az187-373.4biwkquksivelc4kanrnlgeoof.gx.internal.cloudapp.net
2023-09-14 12:53:38,138 [Socket Reader #1 for port 9961] INFO  ipc.Server (Server.java:saslProcess(2139)) - Auth successful for scm/fv-az187-373.4biwkquksivelc4kanrnlgeoof.gx.internal.cloudapp.net@EXAMPLE.COM (auth:KERBEROS) from fv-az187-373.4biwkquksivelc4kanrnlgeoof.gx.internal.cloudapp.net:41151 / 10.1.0.236:41151
2023-09-14 12:53:38,144 [IPC Server handler 1 on default port 9961] INFO  server.SCMSecurityProtocolServer (SCMSecurityProtocolServer.java:getOMCertificate(284)) - Processing CSR for om fv-az187-373.4biwkquksivelc4kanrnlgeoof.gx.internal.cloudapp.net, UUID: 641e382c-a7f5-40a7-8d28-c70f6f6b7cee
2023-09-14 12:53:38,148 [IPC Server handler 1 on default port 9961] INFO  authority.DefaultApprover (DefaultApprover.java:sign(154)) - Extensions in CSR: 2.5.29.15, 2.5.29.17
2023-09-14 12:53:38,149 [IPC Server handler 1 on default port 9961] INFO  authority.DefaultApprover (DefaultApprover.java:sign(158)) - Extensions to add to the certificate if they present in CSR: 2.5.29.17, 2.5.29.19, 1.3.6.1.5.5.7.1.12, 2.5.29.35, 2.5.29.37, 2.5.29.15
2023-09-14 12:53:38,165 [Time-limited test] INFO  utils.CertificateCodec (CertificateCodec.java:writeCertificate(299)) - Save certificate to /tmp/junit2070709234143057038/junit7792648167213209534/scm-meta/om/certs/2614395661235.crt
2023-09-14 12:53:38,165 [Time-limited test] INFO  utils.CertificateCodec (CertificateCodec.java:writeCertificate(300)) - Certificate -----BEGIN CERTIFICATE-----
MIIEHzCCAwegAwIBAgIGAmC2H+uzMA0GCSqGSIb3DQEBCwUAMIGLMSswKQYDVQQD
DCJzY20tc3ViLTI2MTE1NjQyOTU2OTFAZnYtYXoxODctMzczMS0wKwYDVQQLDCQ2
M2NjNzY4YS1lMTBiLTQ0YWUtYTg2MS03ZjVlMmFkM2ViYTkxLTArBgNVBAoMJDU1
NzBkNzdlLTU3ZjMtNGE4ZS1iZWY1LTdiZmY4OTU5YTFmODAeFw0yMzA5MTQxMjUz
MzhaFw0yNDA5MTMxMjUzMzhaMIGtMU0wSwYDVQQDDERzY21AZnYtYXoxODctMzcz
LjRiaXdrcXVrc2l2ZWxjNGthbnJubGdlb29mLmd4LmludGVybmFsLmNsb3VkYXBw
Lm5ldDEtMCsGA1UECwwkNjNjYzc2OGEtZTEwYi00NGFlLWE4NjEtN2Y1ZTJhZDNl
YmE5MS0wKwYDVQQKDCQ1NTcwZDc3ZS01N2YzLTRhOGUtYmVmNS03YmZmODk1OWEx
ZjgwggEiMA0GCSqGSIb3DQEBAQUAA4IBDwAwggEKAoIBAQC123AA3CxI/lXPliMT
n0NWfWAyjlr87fRby8lXc3w7MmmuK7LawP6UVucB4tebFJPhr16UrvVjJjt4dWCc
cDPkeMz2VGiC327UG89/JN9F/Mvm0+0n8wHYgsm0JbN2pEoqtKtWiVB51/wBHE5R
7X6XvTzEt2Rdl1bGOCzpj+MekzXlr2kcSeSUoq+5hZE3rZzZxe3J1zaWxsphXLoN
20vxzkaDAbqCYs8aRNaygW4LhBU6c6pUvWidRiBRemD7G6ebXSe+KS9HbWGnz83V
uTfgR5RTfXFaXJUaJ4G+MCcjFfRikhNI4Nn1aHKiA/51u6HFRRqQYk1ZNXxEkY3P
RqR9AgMBAAGjZTBjMFEGA1UdEQRKMEiHBAoBAOyCQGZ2LWF6MTg3LTM3My40Yml3
a3F1a3NpdmVsYzRrYW5ybmxnZW9vZi5neC5pbnRlcm5hbC5jbG91ZGFwcC5uZXQw
DgYDVR0PAQH/BAQDAgO4MA0GCSqGSIb3DQEBCwUAA4IBAQB/1VdT+Ifds3Ky0Vte
CUpFv9osRquuyAYLcqusu1bK4hRzB3YpruXRezv1+HbCOTLhsn0qHl7vIIlEtHOl
sS75vg2bFTAC0IZ7yXg20XjYfMnCbk+8zypjm4aLd3eafmOVKMtIukv5zt5tEfKz
vweNYcn4qrR2kRFZL8IKkwWRo27/nfPethv5fR5KyqPVTWik62nckyz4sBWkZWuM
JqHTSGiIu34fV8LOS5eHkyigWKBaXmd2ReD5JtOEGBdedDxLxr+LVAL965iF9PzG
2/HClgHMou1xrOEb98goilaGaexzabq62yWuf1lQ8Ay8WwerPN58jR7ihwPZtDZ3
SOba
-----END CERTIFICATE-----

-----BEGIN CERTIFICATE-----
MIID/TCCAuWgAwIBAgIGAmANsLbKMA0GCSqGSIb3DQEBCwUAMHsxGzAZBgNVBAMM
EnNjbS0xQGZ2LWF6MTg3LTM3MzEtMCsGA1UECwwkNjNjYzc2OGEtZTEwYi00NGFl
LWE4NjEtN2Y1ZTJhZDNlYmE5MS0wKwYDVQQKDCQ1NTcwZDc3ZS01N2YzLTRhOGUt
YmVmNS03YmZmODk1OWExZjgwHhcNMjMwOTE0MTI1MzM1WhcNMjgxMDIyMTI1MzM1
WjCBizErMCkGA1UEAwwic2NtLXN1Yi0yNjExNTY0Mjk1NjkxQGZ2LWF6MTg3LTM3
MzEtMCsGA1UECwwkNjNjYzc2OGEtZTEwYi00NGFlLWE4NjEtN2Y1ZTJhZDNlYmE5
MS0wKwYDVQQKDCQ1NTcwZDc3ZS01N2YzLTRhOGUtYmVmNS03YmZmODk1OWExZjgw
ggEiMA0GCSqGSIb3DQEBAQUAA4IBDwAwggEKAoIBAQCUu9JxoMps2OP8sJK33Qyc
LntoGPPRMxPynwfTp7hB7OHwvEe1vQFeeFHGGUowYJhmNdXPmuEe/vxJnm/KB+DW
U3+j3xRcSxzHXfrd9vLCV67V3TEnU1J/euwDzhLoaspIlltbXT40AN5yzzWSTQzN
mzDKFHcvPm3Nyz9iADl+cxd7HVcHoM1Ms2e+EPCGB/LOuRGGnIQ7sAzeORTn96CT
1gnhDyu1QjOqAL7wLvmGQlUNe9vN/LVYMmHbCAzQGD37wL8pfT5QIJXJdkoFmQ81
6JYbGxstJXJjSArsVFhevO82+a+ahAri3faDIturH6eMeGSlKASxLnn7NVegHkqj
AgMBAAGjdjB0MFEGA1UdEQRKMEiHBAoBAOyCQGZ2LWF6MTg3LTM3My40Yml3a3F1
a3NpdmVsYzRrYW5ybmxnZW9vZi5neC5pbnRlcm5hbC5jbG91ZGFwcC5uZXQwDwYD
VR0TAQH/BAUwAwEB/zAOBgNVHQ8BAf8EBAMCAb4wDQYJKoZIhvcNAQELBQADggEB
ACr6SYOIDQhwnxfOyTJGNiu6Wlmc2qUj/AD1fQ5MNcj9j5IGHxogQP2urKIiqBEC
g8wVnISId07gcZOQZou0fWH0RgNOMjwgxyqAR4b6oY5+9ewWwszEez0U1jtePrl+
Sh8lKaOPtd+m1npG7sUw5V1b+Eal9oKX6OnlJeE1xiQUrMG0OVaHCc2IPIRRTcZ9
1yAfn7x6Px1xB+Shmaj9x0xGIRsS4W365BZRxx4lvPUg+zrE6oFd1gRofvpoTH8R
oQW0GOY1sgekiP5qJnejW2LCY0nI/W2YDpk1Je+YZmZ6LFVkCWDR85XujhfibT0S
vzn4Uit1AWxLBqY6JyKvXIE=
-----END CERTIFICATE-----

-----BEGIN CERTIFICATE-----
MIID5zCCAs+gAwIBAgIBATANBgkqhkiG9w0BAQsFADB7MRswGQYDVQQDDBJzY20t
MUBmdi1hejE4Ny0zNzMxLTArBgNVBAsMJDYzY2M3NjhhLWUxMGItNDRhZS1hODYx
LTdmNWUyYWQzZWJhOTEtMCsGA1UECgwkNTU3MGQ3N2UtNTdmMy00YThlLWJlZjUt
N2JmZjg5NTlhMWY4MB4XDTIzMDkxNDEyNTMzNVoXDTI4MTAyMjEyNTMzNVowezEb
MBkGA1UEAwwSc2NtLTFAZnYtYXoxODctMzczMS0wKwYDVQQLDCQ2M2NjNzY4YS1l
MTBiLTQ0YWUtYTg2MS03ZjVlMmFkM2ViYTkxLTArBgNVBAoMJDU1NzBkNzdlLTU3
ZjMtNGE4ZS1iZWY1LTdiZmY4OTU5YTFmODCCASIwDQYJKoZIhvcNAQEBBQADggEP
ADCCAQoCggEBAKwrPnp78gt/9oZXbD1bAjVUQ96Lp1fxlR1CxTEiwKvrLC6uiS76
Tj/VVJjFeG2pgxfoviywho1PKicNcGhoJFLL/jmeLXxB3/0BsOgfaxIqwfynqwXE
G67WGxQFOgpSrh2uuZy8G/FfU0i19vvu21oQggjwZTYH8S01c1VydKggF3NTDc12
KG6VK1Ct4sJKGiT9XXE9p7w4GhtDNYL9C5ha0CufBml6r9VZ6xGdutry4R8QyBWB
1p7CdDnh1bP42eJz62piX/5ZLHig1VJx9WWS/C2mm48GIpQveNP6CuysuWmMumwy
dR0r7+lYyF3aNWrHoFWIQbghowZADD3cv5sCAwEAAaN2MHQwDwYDVR0TAQH/BAUw
AwEB/zAOBgNVHQ8BAf8EBAMCAQYwUQYDVR0RBEowSIcECgEA7IJAZnYtYXoxODct
MzczLjRiaXdrcXVrc2l2ZWxjNGthbnJubGdlb29mLmd4LmludGVybmFsLmNsb3Vk
YXBwLm5ldDANBgkqhkiG9w0BAQsFAAOCAQEALN6KHYej6377sAA3Oequ7OhZDxse
L7pUQnuBQoZFehezgydnoEED7OxXHSPBOwjmhXUz4bBWEK0z6OhhFmLGDNXofouY
gAI0fcMxYyoJ+7YIKbNPKhgpXZ3vK2pQX0YwqzbnK44uhcnmDcKhQjajW3xWqADZ
hJ35oYPQggZW4EIZtO/z++XXdDSM8VOpzl8xLW5Y18S+u2G7KbtBqsMAkoV6M9ra
pOhyDs69sg7JU2wHjnAv+cKARwY/bel9P4IjBFDTppbIdpEE3TtXf0ZHv8Ny+58y
bYFWiDa23xr0k2rnRo5KF9/icOVzUhmNDu9e1eXOHL6AAShRmJfPlyRUgQ==
-----END CERTIFICATE-----

2023-09-14 12:53:38,166 [Time-limited test] INFO  utils.CertificateCodec (CertificateCodec.java:writeCertificate(299)) - Save certificate to /tmp/junit2070709234143057038/junit7792648167213209534/scm-meta/om/certs/CA-2611569800906.crt
2023-09-14 12:53:38,166 [Time-limited test] INFO  utils.CertificateCodec (CertificateCodec.java:writeCertificate(300)) - Certificate -----BEGIN CERTIFICATE-----
MIID/TCCAuWgAwIBAgIGAmANsLbKMA0GCSqGSIb3DQEBCwUAMHsxGzAZBgNVBAMM
EnNjbS0xQGZ2LWF6MTg3LTM3MzEtMCsGA1UECwwkNjNjYzc2OGEtZTEwYi00NGFl
LWE4NjEtN2Y1ZTJhZDNlYmE5MS0wKwYDVQQKDCQ1NTcwZDc3ZS01N2YzLTRhOGUt
YmVmNS03YmZmODk1OWExZjgwHhcNMjMwOTE0MTI1MzM1WhcNMjgxMDIyMTI1MzM1
WjCBizErMCkGA1UEAwwic2NtLXN1Yi0yNjExNTY0Mjk1NjkxQGZ2LWF6MTg3LTM3
MzEtMCsGA1UECwwkNjNjYzc2OGEtZTEwYi00NGFlLWE4NjEtN2Y1ZTJhZDNlYmE5
MS0wKwYDVQQKDCQ1NTcwZDc3ZS01N2YzLTRhOGUtYmVmNS03YmZmODk1OWExZjgw
ggEiMA0GCSqGSIb3DQEBAQUAA4IBDwAwggEKAoIBAQCUu9JxoMps2OP8sJK33Qyc
LntoGPPRMxPynwfTp7hB7OHwvEe1vQFeeFHGGUowYJhmNdXPmuEe/vxJnm/KB+DW
U3+j3xRcSxzHXfrd9vLCV67V3TEnU1J/euwDzhLoaspIlltbXT40AN5yzzWSTQzN
mzDKFHcvPm3Nyz9iADl+cxd7HVcHoM1Ms2e+EPCGB/LOuRGGnIQ7sAzeORTn96CT
1gnhDyu1QjOqAL7wLvmGQlUNe9vN/LVYMmHbCAzQGD37wL8pfT5QIJXJdkoFmQ81
6JYbGxstJXJjSArsVFhevO82+a+ahAri3faDIturH6eMeGSlKASxLnn7NVegHkqj
AgMBAAGjdjB0MFEGA1UdEQRKMEiHBAoBAOyCQGZ2LWF6MTg3LTM3My40Yml3a3F1
a3NpdmVsYzRrYW5ybmxnZW9vZi5neC5pbnRlcm5hbC5jbG91ZGFwcC5uZXQwDwYD
VR0TAQH/BAUwAwEB/zAOBgNVHQ8BAf8EBAMCAb4wDQYJKoZIhvcNAQELBQADggEB
ACr6SYOIDQhwnxfOyTJGNiu6Wlmc2qUj/AD1fQ5MNcj9j5IGHxogQP2urKIiqBEC
g8wVnISId07gcZOQZou0fWH0RgNOMjwgxyqAR4b6oY5+9ewWwszEez0U1jtePrl+
Sh8lKaOPtd+m1npG7sUw5V1b+Eal9oKX6OnlJeE1xiQUrMG0OVaHCc2IPIRRTcZ9
1yAfn7x6Px1xB+Shmaj9x0xGIRsS4W365BZRxx4lvPUg+zrE6oFd1gRofvpoTH8R
oQW0GOY1sgekiP5qJnejW2LCY0nI/W2YDpk1Je+YZmZ6LFVkCWDR85XujhfibT0S
vzn4Uit1AWxLBqY6JyKvXIE=
-----END CERTIFICATE-----

-----BEGIN CERTIFICATE-----
MIID5zCCAs+gAwIBAgIBATANBgkqhkiG9w0BAQsFADB7MRswGQYDVQQDDBJzY20t
MUBmdi1hejE4Ny0zNzMxLTArBgNVBAsMJDYzY2M3NjhhLWUxMGItNDRhZS1hODYx
LTdmNWUyYWQzZWJhOTEtMCsGA1UECgwkNTU3MGQ3N2UtNTdmMy00YThlLWJlZjUt
N2JmZjg5NTlhMWY4MB4XDTIzMDkxNDEyNTMzNVoXDTI4MTAyMjEyNTMzNVowezEb
MBkGA1UEAwwSc2NtLTFAZnYtYXoxODctMzczMS0wKwYDVQQLDCQ2M2NjNzY4YS1l
MTBiLTQ0YWUtYTg2MS03ZjVlMmFkM2ViYTkxLTArBgNVBAoMJDU1NzBkNzdlLTU3
ZjMtNGE4ZS1iZWY1LTdiZmY4OTU5YTFmODCCASIwDQYJKoZIhvcNAQEBBQADggEP
ADCCAQoCggEBAKwrPnp78gt/9oZXbD1bAjVUQ96Lp1fxlR1CxTEiwKvrLC6uiS76
Tj/VVJjFeG2pgxfoviywho1PKicNcGhoJFLL/jmeLXxB3/0BsOgfaxIqwfynqwXE
G67WGxQFOgpSrh2uuZy8G/FfU0i19vvu21oQggjwZTYH8S01c1VydKggF3NTDc12
KG6VK1Ct4sJKGiT9XXE9p7w4GhtDNYL9C5ha0CufBml6r9VZ6xGdutry4R8QyBWB
1p7CdDnh1bP42eJz62piX/5ZLHig1VJx9WWS/C2mm48GIpQveNP6CuysuWmMumwy
dR0r7+lYyF3aNWrHoFWIQbghowZADD3cv5sCAwEAAaN2MHQwDwYDVR0TAQH/BAUw
AwEB/zAOBgNVHQ8BAf8EBAMCAQYwUQYDVR0RBEowSIcECgEA7IJAZnYtYXoxODct
MzczLjRiaXdrcXVrc2l2ZWxjNGthbnJubGdlb29mLmd4LmludGVybmFsLmNsb3Vk
YXBwLm5ldDANBgkqhkiG9w0BAQsFAAOCAQEALN6KHYej6377sAA3Oequ7OhZDxse
L7pUQnuBQoZFehezgydnoEED7OxXHSPBOwjmhXUz4bBWEK0z6OhhFmLGDNXofouY
gAI0fcMxYyoJ+7YIKbNPKhgpXZ3vK2pQX0YwqzbnK44uhcnmDcKhQjajW3xWqADZ
hJ35oYPQggZW4EIZtO/z++XXdDSM8VOpzl8xLW5Y18S+u2G7KbtBqsMAkoV6M9ra
pOhyDs69sg7JU2wHjnAv+cKARwY/bel9P4IjBFDTppbIdpEE3TtXf0ZHv8Ny+58y
bYFWiDa23xr0k2rnRo5KF9/icOVzUhmNDu9e1eXOHL6AAShRmJfPlyRUgQ==
-----END CERTIFICATE-----

2023-09-14 12:53:38,168 [IPC Server handler 0 on default port 9961] INFO  client.SCMCertificateClient (DefaultCertificateClient.java:getAllRootCaCerts(901)) - scm/sub-ca has 0 Root CA certificates
2023-09-14 12:53:38,168 [IPC Server handler 0 on default port 9961] INFO  client.SCMCertificateClient (DefaultCertificateClient.java:getAllCaCerts(909)) - scm/sub-ca has 1 CA certificates
2023-09-14 12:53:38,170 [Time-limited test] INFO  utils.CertificateCodec (CertificateCodec.java:writeCertificate(299)) - Save certificate to /tmp/junit2070709234143057038/junit7792648167213209534/scm-meta/om/certs/ROOTCA-1.crt
2023-09-14 12:53:38,170 [Time-limited test] INFO  utils.CertificateCodec (CertificateCodec.java:writeCertificate(300)) - Certificate -----BEGIN CERTIFICATE-----
MIID5zCCAs+gAwIBAgIBATANBgkqhkiG9w0BAQsFADB7MRswGQYDVQQDDBJzY20t
MUBmdi1hejE4Ny0zNzMxLTArBgNVBAsMJDYzY2M3NjhhLWUxMGItNDRhZS1hODYx
LTdmNWUyYWQzZWJhOTEtMCsGA1UECgwkNTU3MGQ3N2UtNTdmMy00YThlLWJlZjUt
N2JmZjg5NTlhMWY4MB4XDTIzMDkxNDEyNTMzNVoXDTI4MTAyMjEyNTMzNVowezEb
MBkGA1UEAwwSc2NtLTFAZnYtYXoxODctMzczMS0wKwYDVQQLDCQ2M2NjNzY4YS1l
MTBiLTQ0YWUtYTg2MS03ZjVlMmFkM2ViYTkxLTArBgNVBAoMJDU1NzBkNzdlLTU3
ZjMtNGE4ZS1iZWY1LTdiZmY4OTU5YTFmODCCASIwDQYJKoZIhvcNAQEBBQADggEP
ADCCAQoCggEBAKwrPnp78gt/9oZXbD1bAjVUQ96Lp1fxlR1CxTEiwKvrLC6uiS76
Tj/VVJjFeG2pgxfoviywho1PKicNcGhoJFLL/jmeLXxB3/0BsOgfaxIqwfynqwXE
G67WGxQFOgpSrh2uuZy8G/FfU0i19vvu21oQggjwZTYH8S01c1VydKggF3NTDc12
KG6VK1Ct4sJKGiT9XXE9p7w4GhtDNYL9C5ha0CufBml6r9VZ6xGdutry4R8QyBWB
1p7CdDnh1bP42eJz62piX/5ZLHig1VJx9WWS/C2mm48GIpQveNP6CuysuWmMumwy
dR0r7+lYyF3aNWrHoFWIQbghowZADD3cv5sCAwEAAaN2MHQwDwYDVR0TAQH/BAUw
AwEB/zAOBgNVHQ8BAf8EBAMCAQYwUQYDVR0RBEowSIcECgEA7IJAZnYtYXoxODct
MzczLjRiaXdrcXVrc2l2ZWxjNGthbnJubGdlb29mLmd4LmludGVybmFsLmNsb3Vk
YXBwLm5ldDANBgkqhkiG9w0BAQsFAAOCAQEALN6KHYej6377sAA3Oequ7OhZDxse
L7pUQnuBQoZFehezgydnoEED7OxXHSPBOwjmhXUz4bBWEK0z6OhhFmLGDNXofouY
gAI0fcMxYyoJ+7YIKbNPKhgpXZ3vK2pQX0YwqzbnK44uhcnmDcKhQjajW3xWqADZ
hJ35oYPQggZW4EIZtO/z++XXdDSM8VOpzl8xLW5Y18S+u2G7KbtBqsMAkoV6M9ra
pOhyDs69sg7JU2wHjnAv+cKARwY/bel9P4IjBFDTppbIdpEE3TtXf0ZHv8Ny+58y
bYFWiDa23xr0k2rnRo5KF9/icOVzUhmNDu9e1eXOHL6AAShRmJfPlyRUgQ==
-----END CERTIFICATE-----

2023-09-14 12:53:38,171 [Time-limited test] INFO  security.OMCertificateClient (DefaultCertificateClient.java:updateCertSerialId(1244)) - Certificate serial ID set to 2614395661235
2023-09-14 12:53:38,172 [Time-limited test] INFO  security.OMCertificateClient (DefaultCertificateClient.java:readCertificateFile(237)) - Added certificate   [0]         Version: 3
         SerialNumber: 1
             IssuerDN: CN=scm-1@fv-az187-373,OU=63cc768a-e10b-44ae-a861-7f5e2ad3eba9,O=5570d77e-57f3-4a8e-bef5-7bff8959a1f8
           Start Date: Thu Sep 14 12:53:35 UTC 2023
           Final Date: Sun Oct 22 12:53:35 UTC 2028
            SubjectDN: CN=scm-1@fv-az187-373,OU=63cc768a-e10b-44ae-a861-7f5e2ad3eba9,O=5570d77e-57f3-4a8e-bef5-7bff8959a1f8
           Public Key: RSA Public Key [93:b6:74:38:ce:02:23:4c:bc:88:e5:2a:6c:1b:c7:e8:46:a7:36:84],[56:66:d1:a4]
        modulus: ac2b3e7a7bf20b7ff686576c3d5b02355443de8ba757f1951d42c53122c0abeb2c2eae892efa4e3fd55498c5786da98317e8be2cb0868d4f2a270d7068682452cbfe399e2d7c41dffd01b0e81f6b122ac1fca7ab05c41baed61b14053a0a52ae1daeb99cbc1bf15f5348b5f6fbeedb5a108208f0653607f12d3573557274a8201773530dcd76286e952b50ade2c24a1a24fd5d713da7bc381a1b433582fd0b985ad02b9f06697aafd559eb119dbadaf2e11f10c81581d69ec27439e1d5b3f8d9e273eb6a625ffe592c78a0d55271f56592fc2da69b8f0622942f78d3fa0aecacb9698cba6c32751d2befe958c85dda356ac7a0558841b821a306400c3ddcbf9b
public exponent: 10001

  Signature Algorithm: SHA256WITHRSA
            Signature: 2cde8a1d87a3eb7efbb0003739eaaeece8590f1b
                       1e2fba54427b814286457a17b3832767a04103ec
                       ec571d23c13b08e6857533e1b05610ad33e8e861
                       1662c60cd5e87e8b988002347dc331632a09fbb6
                       0829b34f2a18295d9def2b6a505f4630ab36e72b
                       8e2e85c9e60dc2a14236a35b7c56a800d9849df9
                       a183d0820656e04219b4eff3fbe5d774348cf153
                       a9ce5f312d6e58d7c4bebb61bb29bb41aac30092
                       857a33dadaa4e8720ecebdb20ec9536c078e702f
                       f9c28047063f6de97d3f82230450d3a696c87691
                       04dd3b577f4647bfc372fb9f326d81568836b6df
                       1af4936ae7468e4a17dfe270e57352198d0eef5e
                       d5e5ce1cbe800128519897cf97245481
       Extensions: 
                       critical(true) BasicConstraints: isCa(true)
                       critical(true) KeyUsage: 0x6
                       critical(false) 2.5.29.17 value = Sequence
    Tagged [7] IMPLICIT 
        DER Octet String[4] 
    Tagged [2] IMPLICIT 
        DER Octet String[64] 

 from file: /tmp/junit2070709234143057038/junit7792648167213209534/scm-meta/om/certs/ROOTCA-1.crt.
2023-09-14 12:53:38,175 [Time-limited test] INFO  security.OMCertificateClient (DefaultCertificateClient.java:readCertificateFile(237)) - Added certificate   [0]         Version: 3
         SerialNumber: 2614395661235
             IssuerDN: CN=scm-sub-2611564295691@fv-az187-373,OU=63cc768a-e10b-44ae-a861-7f5e2ad3eba9,O=5570d77e-57f3-4a8e-bef5-7bff8959a1f8
           Start Date: Thu Sep 14 12:53:38 UTC 2023
           Final Date: Fri Sep 13 12:53:38 UTC 2024
            SubjectDN: CN=scm@fv-az187-373.4biwkquksivelc4kanrnlgeoof.gx.internal.cloudapp.net,OU=63cc768a-e10b-44ae-a861-7f5e2ad3eba9,O=5570d77e-57f3-4a8e-bef5-7bff8959a1f8
           Public Key: RSA Public Key [44:56:c5:c1:28:07:be:5d:b3:eb:0e:0f:6b:8a:8e:7a:ce:48:f9:5e],[56:66:d1:a4]
        modulus: b5db7000dc2c48fe55cf9623139f43567d60328e5afcedf45bcbc957737c3b3269ae2bb2dac0fe9456e701e2d79b1493e1af5e94aef563263b7875609c7033e478ccf6546882df6ed41bcf7f24df45fccbe6d3ed27f301d882c9b425b376a44a2ab4ab56895079d7fc011c4e51ed7e97bd3cc4b7645d9756c6382ce98fe31e9335e5af691c49e494a2afb9859137ad9cd9c5edc9d73696c6ca615cba0ddb4bf1ce468301ba8262cf1a44d6b2816e0b84153a73aa54bd689d4620517a60fb1ba79b5d27be292f476d61a7cfcdd5b937e04794537d715a5c951a2781be30272315f462921348e0d9f56872a203fe75bba1c5451a90624d59357c44918dcf46a47d
public exponent: 10001

  Signature Algorithm: SHA256WITHRSA
            Signature: 7fd55753f887ddb372b2d15b5e094a45bfda2c46
                       abaec8060b72abacbb56cae21473077629aee5d1
                       7b3bf5f876c23932e1b27d2a1e5eef208944b473
                       a5b12ef9be0d9b153002d0867bc97836d178d87c
                       c9c26e4fbccf2a639b868b77779a7e639528cb48
                       ba4bf9cede6d11f2b3bf078d61c9f8aab4769111
                       592fc20a930591a36eff9df3deb61bf97d1e4aca
                       a3d54d68a4eb69dc932cf8b015a4656b8c26a1d3
                       486888bb7e1f57c2ce4b97879328a058a05a5e67
                       7645e0f926d38418175e743c4bc6bf8b5402fdeb
                       9885f4fcc6dbf1c29601cca2ed71ace11bf7c828
                       8a568669ec7369babadb25ae7f5950f00cbc5b07
                       ab3cde7c8d1ee28703d9b4367748e6da
       Extensions: 
                       critical(false) 2.5.29.17 value = Sequence
    Tagged [7] IMPLICIT 
        DER Octet String[4] 
    Tagged [2] IMPLICIT 
        DER Octet String[64] 

                       critical(true) KeyUsage: 0xb8
 from file: /tmp/junit2070709234143057038/junit7792648167213209534/scm-meta/om/certs/2614395661235.crt.
2023-09-14 12:53:38,178 [Time-limited test] INFO  security.OMCertificateClient (DefaultCertificateClient.java:readCertificateFile(237)) - Added certificate   [0]         Version: 3
         SerialNumber: 2611569800906
             IssuerDN: CN=scm-1@fv-az187-373,OU=63cc768a-e10b-44ae-a861-7f5e2ad3eba9,O=5570d77e-57f3-4a8e-bef5-7bff8959a1f8
           Start Date: Thu Sep 14 12:53:35 UTC 2023
           Final Date: Sun Oct 22 12:53:35 UTC 2028
            SubjectDN: CN=scm-sub-2611564295691@fv-az187-373,OU=63cc768a-e10b-44ae-a861-7f5e2ad3eba9,O=5570d77e-57f3-4a8e-bef5-7bff8959a1f8
           Public Key: RSA Public Key [60:03:a4:ab:b1:0d:3f:85:ac:d9:b9:21:5e:4e:50:2c:a2:c3:ff:a3],[56:66:d1:a4]
        modulus: 94bbd271a0ca6cd8e3fcb092b7dd0c9c2e7b6818f3d13313f29f07d3a7b841ece1f0bc47b5bd015e7851c6194a3060986635d5cf9ae11efefc499e6fca07e0d6537fa3df145c4b1cc75dfaddf6f2c257aed5dd312753527f7aec03ce12e86aca48965b5b5d3e3400de72cf35924d0ccd9b30ca14772f3e6dcdcb3f6200397e73177b1d5707a0cd4cb367be10f08607f2ceb911869c843bb00cde3914e7f7a093d609e10f2bb54233aa00bef02ef98642550d7bdbcdfcb5583261db080cd0183dfbc0bf297d3e502095c9764a05990f35e8961b1b1b2d257263480aec54585ebcef36f9af9a840ae2ddf68322dbab1fa78c7864a52804b12e79fb3557a01e4aa3
public exponent: 10001

  Signature Algorithm: SHA256WITHRSA
            Signature: 2afa4983880d08709f17cec93246362bba5a599c
                       daa523fc00f57d0e4c35c8fd8f92061f1a2040fd
                       aeaca222a8110283cc159c8488774ee071939066
                       8bb47d61f446034e323c20c72a804786faa18e7e
                       f5ec16c2ccc47b3d14d63b5e3eb97e4a1f2529a3
                       8fb5dfa6d67a46eec530e55d5bf846a5f68297e8
                       e9e525e135c62414acc1b439568709cd883c8451
                       4dc67dd7201f9fbc7a3f1d7107e4a199a8fdc74c
                       46211b12e16dfae41651c71e25bcf520fb3ac4ea
                       815dd604687efa684c7f11a105b418e635b207a4
                       88fe6a2677a35b62c26349c8fd6d980e993525ef
                       9866667a2c55640960d1f395ee8e17e26d3d12bf
                       39f8522b75016c4b06a63a2722af5c81
       Extensions: 
                       critical(false) 2.5.29.17 value = Sequence
    Tagged [7] IMPLICIT 
        DER Octet String[4] 
    Tagged [2] IMPLICIT 
        DER Octet String[64] 

                       critical(true) BasicConstraints: isCa(true)
                       critical(true) KeyUsage: 0xbe
 from file: /tmp/junit2070709234143057038/junit7792648167213209534/scm-meta/om/certs/CA-2611569800906.crt.
2023-09-14 12:53:38,181 [Time-limited test] INFO  security.OMCertificateClient (DefaultCertificateClient.java:startCertificateRenewerService(1349)) - CertificateRenewerService for om is started with first delay 31535989821 ms and interval 3333 ms.
2023-09-14 12:53:38,181 [Time-limited test] INFO  security.OMCertificateClient (DefaultCertificateClient.java:updateCertSerialId(1244)) - Certificate serial ID set to 2614395661235
2023-09-14 12:53:38,182 [Time-limited test] INFO  security.OMCertificateClient (DefaultCertificateClient.java:readCertificateFile(237)) - Added certificate   [0]         Version: 3
         SerialNumber: 1
             IssuerDN: CN=scm-1@fv-az187-373,OU=63cc768a-e10b-44ae-a861-7f5e2ad3eba9,O=5570d77e-57f3-4a8e-bef5-7bff8959a1f8
           Start Date: Thu Sep 14 12:53:35 UTC 2023
           Final Date: Sun Oct 22 12:53:35 UTC 2028
            SubjectDN: CN=scm-1@fv-az187-373,OU=63cc768a-e10b-44ae-a861-7f5e2ad3eba9,O=5570d77e-57f3-4a8e-bef5-7bff8959a1f8
           Public Key: RSA Public Key [93:b6:74:38:ce:02:23:4c:bc:88:e5:2a:6c:1b:c7:e8:46:a7:36:84],[56:66:d1:a4]
        modulus: ac2b3e7a7bf20b7ff686576c3d5b02355443de8ba757f1951d42c53122c0abeb2c2eae892efa4e3fd55498c5786da98317e8be2cb0868d4f2a270d7068682452cbfe399e2d7c41dffd01b0e81f6b122ac1fca7ab05c41baed61b14053a0a52ae1daeb99cbc1bf15f5348b5f6fbeedb5a108208f0653607f12d3573557274a8201773530dcd76286e952b50ade2c24a1a24fd5d713da7bc381a1b433582fd0b985ad02b9f06697aafd559eb119dbadaf2e11f10c81581d69ec27439e1d5b3f8d9e273eb6a625ffe592c78a0d55271f56592fc2da69b8f0622942f78d3fa0aecacb9698cba6c32751d2befe958c85dda356ac7a0558841b821a306400c3ddcbf9b
public exponent: 10001

  Signature Algorithm: SHA256WITHRSA
            Signature: 2cde8a1d87a3eb7efbb0003739eaaeece8590f1b
                       1e2fba54427b814286457a17b3832767a04103ec
                       ec571d23c13b08e6857533e1b05610ad33e8e861
                       1662c60cd5e87e8b988002347dc331632a09fbb6
                       0829b34f2a18295d9def2b6a505f4630ab36e72b
                       8e2e85c9e60dc2a14236a35b7c56a800d9849df9
                       a183d0820656e04219b4eff3fbe5d774348cf153
                       a9ce5f312d6e58d7c4bebb61bb29bb41aac30092
                       857a33dadaa4e8720ecebdb20ec9536c078e702f
                       f9c28047063f6de97d3f82230450d3a696c87691
                       04dd3b577f4647bfc372fb9f326d81568836b6df
                       1af4936ae7468e4a17dfe270e57352198d0eef5e
                       d5e5ce1cbe800128519897cf97245481
       Extensions: 
                       critical(true) BasicConstraints: isCa(true)
                       critical(true) KeyUsage: 0x6
                       critical(false) 2.5.29.17 value = Sequence
    Tagged [7] IMPLICIT 
        DER Octet String[4] 
    Tagged [2] IMPLICIT 
        DER Octet String[64] 

 from file: /tmp/junit2070709234143057038/junit7792648167213209534/scm-meta/om/certs/ROOTCA-1.crt.
2023-09-14 12:53:38,184 [Time-limited test] INFO  security.OMCertificateClient (DefaultCertificateClient.java:readCertificateFile(237)) - Added certificate   [0]         Version: 3
         SerialNumber: 2614395661235
             IssuerDN: CN=scm-sub-2611564295691@fv-az187-373,OU=63cc768a-e10b-44ae-a861-7f5e2ad3eba9,O=5570d77e-57f3-4a8e-bef5-7bff8959a1f8
           Start Date: Thu Sep 14 12:53:38 UTC 2023
           Final Date: Fri Sep 13 12:53:38 UTC 2024
            SubjectDN: CN=scm@fv-az187-373.4biwkquksivelc4kanrnlgeoof.gx.internal.cloudapp.net,OU=63cc768a-e10b-44ae-a861-7f5e2ad3eba9,O=5570d77e-57f3-4a8e-bef5-7bff8959a1f8
           Public Key: RSA Public Key [44:56:c5:c1:28:07:be:5d:b3:eb:0e:0f:6b:8a:8e:7a:ce:48:f9:5e],[56:66:d1:a4]
        modulus: b5db7000dc2c48fe55cf9623139f43567d60328e5afcedf45bcbc957737c3b3269ae2bb2dac0fe9456e701e2d79b1493e1af5e94aef563263b7875609c7033e478ccf6546882df6ed41bcf7f24df45fccbe6d3ed27f301d882c9b425b376a44a2ab4ab56895079d7fc011c4e51ed7e97bd3cc4b7645d9756c6382ce98fe31e9335e5af691c49e494a2afb9859137ad9cd9c5edc9d73696c6ca615cba0ddb4bf1ce468301ba8262cf1a44d6b2816e0b84153a73aa54bd689d4620517a60fb1ba79b5d27be292f476d61a7cfcdd5b937e04794537d715a5c951a2781be30272315f462921348e0d9f56872a203fe75bba1c5451a90624d59357c44918dcf46a47d
public exponent: 10001

  Signature Algorithm: SHA256WITHRSA
            Signature: 7fd55753f887ddb372b2d15b5e094a45bfda2c46
                       abaec8060b72abacbb56cae21473077629aee5d1
                       7b3bf5f876c23932e1b27d2a1e5eef208944b473
                       a5b12ef9be0d9b153002d0867bc97836d178d87c
                       c9c26e4fbccf2a639b868b77779a7e639528cb48
                       ba4bf9cede6d11f2b3bf078d61c9f8aab4769111
                       592fc20a930591a36eff9df3deb61bf97d1e4aca
                       a3d54d68a4eb69dc932cf8b015a4656b8c26a1d3
                       486888bb7e1f57c2ce4b97879328a058a05a5e67
                       7645e0f926d38418175e743c4bc6bf8b5402fdeb
                       9885f4fcc6dbf1c29601cca2ed71ace11bf7c828
                       8a568669ec7369babadb25ae7f5950f00cbc5b07
                       ab3cde7c8d1ee28703d9b4367748e6da
       Extensions: 
                       critical(false) 2.5.29.17 value = Sequence
    Tagged [7] IMPLICIT 
        DER Octet String[4] 
    Tagged [2] IMPLICIT 
        DER Octet String[64] 

                       critical(true) KeyUsage: 0xb8
 from file: /tmp/junit2070709234143057038/junit7792648167213209534/scm-meta/om/certs/2614395661235.crt.
2023-09-14 12:53:38,185 [Time-limited test] INFO  security.OMCertificateClient (DefaultCertificateClient.java:readCertificateFile(237)) - Added certificate   [0]         Version: 3
         SerialNumber: 2611569800906
             IssuerDN: CN=scm-1@fv-az187-373,OU=63cc768a-e10b-44ae-a861-7f5e2ad3eba9,O=5570d77e-57f3-4a8e-bef5-7bff8959a1f8
           Start Date: Thu Sep 14 12:53:35 UTC 2023
           Final Date: Sun Oct 22 12:53:35 UTC 2028
            SubjectDN: CN=scm-sub-2611564295691@fv-az187-373,OU=63cc768a-e10b-44ae-a861-7f5e2ad3eba9,O=5570d77e-57f3-4a8e-bef5-7bff8959a1f8
           Public Key: RSA Public Key [60:03:a4:ab:b1:0d:3f:85:ac:d9:b9:21:5e:4e:50:2c:a2:c3:ff:a3],[56:66:d1:a4]
        modulus: 94bbd271a0ca6cd8e3fcb092b7dd0c9c2e7b6818f3d13313f29f07d3a7b841ece1f0bc47b5bd015e7851c6194a3060986635d5cf9ae11efefc499e6fca07e0d6537fa3df145c4b1cc75dfaddf6f2c257aed5dd312753527f7aec03ce12e86aca48965b5b5d3e3400de72cf35924d0ccd9b30ca14772f3e6dcdcb3f6200397e73177b1d5707a0cd4cb367be10f08607f2ceb911869c843bb00cde3914e7f7a093d609e10f2bb54233aa00bef02ef98642550d7bdbcdfcb5583261db080cd0183dfbc0bf297d3e502095c9764a05990f35e8961b1b1b2d257263480aec54585ebcef36f9af9a840ae2ddf68322dbab1fa78c7864a52804b12e79fb3557a01e4aa3
public exponent: 10001

  Signature Algorithm: SHA256WITHRSA
            Signature: 2afa4983880d08709f17cec93246362bba5a599c
                       daa523fc00f57d0e4c35c8fd8f92061f1a2040fd
                       aeaca222a8110283cc159c8488774ee071939066
                       8bb47d61f446034e323c20c72a804786faa18e7e
                       f5ec16c2ccc47b3d14d63b5e3eb97e4a1f2529a3
                       8fb5dfa6d67a46eec530e55d5bf846a5f68297e8
                       e9e525e135c62414acc1b439568709cd883c8451
                       4dc67dd7201f9fbc7a3f1d7107e4a199a8fdc74c
                       46211b12e16dfae41651c71e25bcf520fb3ac4ea
                       815dd604687efa684c7f11a105b418e635b207a4
                       88fe6a2677a35b62c26349c8fd6d980e993525ef
                       9866667a2c55640960d1f395ee8e17e26d3d12bf
                       39f8522b75016c4b06a63a2722af5c81
       Extensions: 
                       critical(false) 2.5.29.17 value = Sequence
    Tagged [7] IMPLICIT 
        DER Octet String[4] 
    Tagged [2] IMPLICIT 
        DER Octet String[64] 

                       critical(true) BasicConstraints: isCa(true)
                       critical(true) KeyUsage: 0xbe
 from file: /tmp/junit2070709234143057038/junit7792648167213209534/scm-meta/om/certs/CA-2611569800906.crt.
2023-09-14 12:53:38,186 [Time-limited test] INFO  om.OzoneManager (OzoneManager.java:initializeSecurity(1411)) - Successfully stored SCM signed certificate.
2023-09-14 12:53:38,189 [Time-limited test] INFO  om.OzoneManager (OzoneManager.java:stop(2207)) - om1[fv-az187-373.4biwkquksivelc4kanrnlgeoof.gx.internal.cloudapp.net:1202]: Stopping Ozone Manager
2023-09-14 12:53:38,189 [Time-limited test] INFO  ipc.Server (Server.java:stop(3523)) - Stopping server on 1202
2023-09-14 12:53:38,195 [Time-limited test] INFO  ratis.OzoneManagerStateMachine (OzoneManagerStateMachine.java:close(534)) - StateMachine has shutdown. Shutdown OzoneManager if not already shutdown.
2023-09-14 12:53:38,196 [Time-limited test] INFO  ratis.OzoneManagerDoubleBuffer (OzoneManagerDoubleBuffer.java:stopDaemon(551)) - Stopping OMDoubleBuffer flush thread
2023-09-14 12:53:38,196 [OMDoubleBufferFlushThread] INFO  ratis.OzoneManagerDoubleBuffer (OzoneManagerDoubleBuffer.java:canFlush(638)) - OMDoubleBuffer flush thread OMDoubleBufferFlushThread is interrupted and will exit.
2023-09-14 12:53:38,202 [Time-limited test] INFO  om.OzoneManager (OzoneManager.java:stopSecretManager(1071)) - Stopping OM delegation token secret manager.
2023-09-14 12:53:38,202 [Time-limited test] INFO  rocksdiff.RocksDBCheckpointDiffer (RocksDBCheckpointDiffer.java:close(343)) - Shutting down CompactionDagPruningService.
2023-09-14 12:53:38,204 [Time-limited test] INFO  snapshot.SnapshotDiffManager (SnapshotDiffManager.java:closeExecutorService(1706)) - Shutting down executorService: 'SnapDiffExecutor'
2023-09-14 12:53:38,205 [Time-limited test] INFO  snapshot.SnapshotDiffManager (SnapshotDiffManager.java:closeExecutorService(1706)) - Shutting down executorService: 'SstDumpToolExecutor'
2023-09-14 12:53:38,205 [Time-limited test] INFO  utils.BackgroundService (BackgroundService.java:shutdown(141)) - Shutting down service SnapshotDiffCleanupService
2023-09-14 12:53:38,210 [Time-limited test] INFO  ha.OMHANodeDetails (OMHANodeDetails.java:loadOMHAConfig(115)) - ozone.om.internal.service.id is not defined, falling back to ozone.om.service.ids to find serviceID for OzoneManager if it is HA enabled cluster
2023-09-14 12:53:38,210 [Time-limited test] INFO  ha.OMHANodeDetails (OMHANodeDetails.java:loadOMHAConfig(226)) - Configuration does not have ozone.om.address set. Falling back to the default OM address fv-az187-373.4biwkquksivelc4kanrnlgeoof.gx.internal.cloudapp.net/10.1.0.236:1202
2023-09-14 12:53:38,210 [Time-limited test] INFO  ha.OMHANodeDetails (OMHANodeDetails.java:getOMNodeDetailsForNonHA(254)) - OM Service ID is not set. Setting it to the default ID: omServiceIdDefault
2023-09-14 12:53:38,211 [Time-limited test] INFO  ha.OMHANodeDetails (OMHANodeDetails.java:getOMNodeDetailsForNonHA(261)) - OM Node ID is not set. Setting it to the default ID: om1
2023-09-14 12:53:38,211 [Time-limited test] WARN  server.ServerUtils (ServerUtils.java:getDBPath(311)) - ozone.om.db.dirs is not configured. We recommend adding this setting. Falling back to ozone.metadata.dirs instead.
2023-09-14 12:53:38,213 [Time-limited test] INFO  upgrade.AbstractLayoutVersionManager (AbstractLayoutVersionManager.java:init(83)) - Initializing Layout version manager with metadata layout = QUOTA (version = 6), software layout = QUOTA (version = 6)
2023-09-14 12:53:38,346 [Time-limited test] INFO  reflections.Reflections (Reflections.java:scan(232)) - Reflections took 132 ms to scan 2 urls, producing 187 keys and 515 values [using 2 cores]
2023-09-14 12:53:38,347 [Time-limited test] INFO  upgrade.OMLayoutVersionManager (OMLayoutVersionManager.java:lambda$0(115)) - Skipping Upgrade Action QuotaRepairUpgradeAction since it has been finalized.
2023-09-14 12:53:38,347 [Time-limited test] INFO  upgrade.OMLayoutVersionManager (OMLayoutVersionManager.java:lambda$0(115)) - Skipping Upgrade Action MockOmUpgradeAction since it has been finalized.
2023-09-14 12:53:38,353 [pool-40-thread-1] INFO  request.KdcRequest (KdcRequest.java:preauth(651)) - The preauth data is empty.
2023-09-14 12:53:38,353 [pool-40-thread-1] INFO  server.KdcHandler (KdcHandler.java:handleRecoverableException(177)) - KRB error occurred while processing request:Additional pre-authentication required
2023-09-14 12:53:38,357 [pool-40-thread-1] INFO  request.AsRequest (AsRequest.java:issueTicket(112)) - AS_REQ ISSUE: authtime 1694696018357,scm/fv-az187-373.4biwkquksivelc4kanrnlgeoof.gx.internal.cloudapp.net@EXAMPLE.COM for krbtgt/EXAMPLE.COM@EXAMPLE.COM
2023-09-14 12:53:38,360 [Time-limited test] INFO  security.UserGroupInformation (UserGroupInformation.java:loginUserFromKeytab(1132)) - Login successful for user scm/fv-az187-373.4biwkquksivelc4kanrnlgeoof.gx.internal.cloudapp.net@EXAMPLE.COM using keytab file scm.keytab. Keytab auto renewal enabled : false
2023-09-14 12:53:38,360 [Time-limited test] INFO  om.OzoneManager (OzoneManager.java:loginOMUser(1164)) - Ozone Manager login successful.
2023-09-14 12:53:38,360 [Time-limited test] WARN  server.ServerUtils (ServerUtils.java:getDBPath(311)) - ozone.om.db.dirs is not configured. We recommend adding this setting. Falling back to ozone.metadata.dirs instead.
2023-09-14 12:53:38,361 [Time-limited test] INFO  proxy.SCMBlockLocationFailoverProxyProvider (SCMBlockLocationFailoverProxyProvider.java:<init>(114)) - Created block location fail-over proxy with 1 nodes: [nodeId=scmNodeId,nodeAddress=/0.0.0.0:9863]
2023-09-14 12:53:38,362 [Time-limited test] INFO  om.OzoneManager (OzoneManager.java:getOmDetailsProto(4573)) - OzoneManager ports added:[name: "RPC"
value: 1202
]
2023-09-14 12:53:38,366 [Time-limited test] INFO  security.OMCertificateClient (DefaultCertificateClient.java:updateCertSerialId(1244)) - Certificate serial ID set to 2614395661235
2023-09-14 12:53:38,367 [Time-limited test] INFO  security.OMCertificateClient (DefaultCertificateClient.java:readCertificateFile(237)) - Added certificate   [0]         Version: 3
         SerialNumber: 1
             IssuerDN: CN=scm-1@fv-az187-373,OU=63cc768a-e10b-44ae-a861-7f5e2ad3eba9,O=5570d77e-57f3-4a8e-bef5-7bff8959a1f8
           Start Date: Thu Sep 14 12:53:35 UTC 2023
           Final Date: Sun Oct 22 12:53:35 UTC 2028
            SubjectDN: CN=scm-1@fv-az187-373,OU=63cc768a-e10b-44ae-a861-7f5e2ad3eba9,O=5570d77e-57f3-4a8e-bef5-7bff8959a1f8
           Public Key: RSA Public Key [93:b6:74:38:ce:02:23:4c:bc:88:e5:2a:6c:1b:c7:e8:46:a7:36:84],[56:66:d1:a4]
        modulus: ac2b3e7a7bf20b7ff686576c3d5b02355443de8ba757f1951d42c53122c0abeb2c2eae892efa4e3fd55498c5786da98317e8be2cb0868d4f2a270d7068682452cbfe399e2d7c41dffd01b0e81f6b122ac1fca7ab05c41baed61b14053a0a52ae1daeb99cbc1bf15f5348b5f6fbeedb5a108208f0653607f12d3573557274a8201773530dcd76286e952b50ade2c24a1a24fd5d713da7bc381a1b433582fd0b985ad02b9f06697aafd559eb119dbadaf2e11f10c81581d69ec27439e1d5b3f8d9e273eb6a625ffe592c78a0d55271f56592fc2da69b8f0622942f78d3fa0aecacb9698cba6c32751d2befe958c85dda356ac7a0558841b821a306400c3ddcbf9b
public exponent: 10001

  Signature Algorithm: SHA256WITHRSA
            Signature: 2cde8a1d87a3eb7efbb0003739eaaeece8590f1b
                       1e2fba54427b814286457a17b3832767a04103ec
                       ec571d23c13b08e6857533e1b05610ad33e8e861
                       1662c60cd5e87e8b988002347dc331632a09fbb6
                       0829b34f2a18295d9def2b6a505f4630ab36e72b
                       8e2e85c9e60dc2a14236a35b7c56a800d9849df9
                       a183d0820656e04219b4eff3fbe5d774348cf153
                       a9ce5f312d6e58d7c4bebb61bb29bb41aac30092
                       857a33dadaa4e8720ecebdb20ec9536c078e702f
                       f9c28047063f6de97d3f82230450d3a696c87691
                       04dd3b577f4647bfc372fb9f326d81568836b6df
                       1af4936ae7468e4a17dfe270e57352198d0eef5e
                       d5e5ce1cbe800128519897cf97245481
       Extensions: 
                       critical(true) BasicConstraints: isCa(true)
                       critical(true) KeyUsage: 0x6
                       critical(false) 2.5.29.17 value = Sequence
    Tagged [7] IMPLICIT 
        DER Octet String[4] 
    Tagged [2] IMPLICIT 
        DER Octet String[64] 

 from file: /tmp/junit2070709234143057038/junit7792648167213209534/scm-meta/om/certs/ROOTCA-1.crt.
2023-09-14 12:53:38,372 [Time-limited test] INFO  security.OMCertificateClient (DefaultCertificateClient.java:readCertificateFile(237)) - Added certificate   [0]         Version: 3
         SerialNumber: 2614395661235
             IssuerDN: CN=scm-sub-2611564295691@fv-az187-373,OU=63cc768a-e10b-44ae-a861-7f5e2ad3eba9,O=5570d77e-57f3-4a8e-bef5-7bff8959a1f8
           Start Date: Thu Sep 14 12:53:38 UTC 2023
           Final Date: Fri Sep 13 12:53:38 UTC 2024
            SubjectDN: CN=scm@fv-az187-373.4biwkquksivelc4kanrnlgeoof.gx.internal.cloudapp.net,OU=63cc768a-e10b-44ae-a861-7f5e2ad3eba9,O=5570d77e-57f3-4a8e-bef5-7bff8959a1f8
           Public Key: RSA Public Key [44:56:c5:c1:28:07:be:5d:b3:eb:0e:0f:6b:8a:8e:7a:ce:48:f9:5e],[56:66:d1:a4]
        modulus: b5db7000dc2c48fe55cf9623139f43567d60328e5afcedf45bcbc957737c3b3269ae2bb2dac0fe9456e701e2d79b1493e1af5e94aef563263b7875609c7033e478ccf6546882df6ed41bcf7f24df45fccbe6d3ed27f301d882c9b425b376a44a2ab4ab56895079d7fc011c4e51ed7e97bd3cc4b7645d9756c6382ce98fe31e9335e5af691c49e494a2afb9859137ad9cd9c5edc9d73696c6ca615cba0ddb4bf1ce468301ba8262cf1a44d6b2816e0b84153a73aa54bd689d4620517a60fb1ba79b5d27be292f476d61a7cfcdd5b937e04794537d715a5c951a2781be30272315f462921348e0d9f56872a203fe75bba1c5451a90624d59357c44918dcf46a47d
public exponent: 10001

  Signature Algorithm: SHA256WITHRSA
            Signature: 7fd55753f887ddb372b2d15b5e094a45bfda2c46
                       abaec8060b72abacbb56cae21473077629aee5d1
                       7b3bf5f876c23932e1b27d2a1e5eef208944b473
                       a5b12ef9be0d9b153002d0867bc97836d178d87c
                       c9c26e4fbccf2a639b868b77779a7e639528cb48
                       ba4bf9cede6d11f2b3bf078d61c9f8aab4769111
                       592fc20a930591a36eff9df3deb61bf97d1e4aca
                       a3d54d68a4eb69dc932cf8b015a4656b8c26a1d3
                       486888bb7e1f57c2ce4b97879328a058a05a5e67
                       7645e0f926d38418175e743c4bc6bf8b5402fdeb
                       9885f4fcc6dbf1c29601cca2ed71ace11bf7c828
                       8a568669ec7369babadb25ae7f5950f00cbc5b07
                       ab3cde7c8d1ee28703d9b4367748e6da
       Extensions: 
                       critical(false) 2.5.29.17 value = Sequence
    Tagged [7] IMPLICIT 
        DER Octet String[4] 
    Tagged [2] IMPLICIT 
        DER Octet String[64] 

                       critical(true) KeyUsage: 0xb8
 from file: /tmp/junit2070709234143057038/junit7792648167213209534/scm-meta/om/certs/2614395661235.crt.
2023-09-14 12:53:38,377 [Time-limited test] INFO  security.OMCertificateClient (DefaultCertificateClient.java:readCertificateFile(237)) - Added certificate   [0]         Version: 3
         SerialNumber: 2611569800906
             IssuerDN: CN=scm-1@fv-az187-373,OU=63cc768a-e10b-44ae-a861-7f5e2ad3eba9,O=5570d77e-57f3-4a8e-bef5-7bff8959a1f8
           Start Date: Thu Sep 14 12:53:35 UTC 2023
           Final Date: Sun Oct 22 12:53:35 UTC 2028
            SubjectDN: CN=scm-sub-2611564295691@fv-az187-373,OU=63cc768a-e10b-44ae-a861-7f5e2ad3eba9,O=5570d77e-57f3-4a8e-bef5-7bff8959a1f8
           Public Key: RSA Public Key [60:03:a4:ab:b1:0d:3f:85:ac:d9:b9:21:5e:4e:50:2c:a2:c3:ff:a3],[56:66:d1:a4]
        modulus: 94bbd271a0ca6cd8e3fcb092b7dd0c9c2e7b6818f3d13313f29f07d3a7b841ece1f0bc47b5bd015e7851c6194a3060986635d5cf9ae11efefc499e6fca07e0d6537fa3df145c4b1cc75dfaddf6f2c257aed5dd312753527f7aec03ce12e86aca48965b5b5d3e3400de72cf35924d0ccd9b30ca14772f3e6dcdcb3f6200397e73177b1d5707a0cd4cb367be10f08607f2ceb911869c843bb00cde3914e7f7a093d609e10f2bb54233aa00bef02ef98642550d7bdbcdfcb5583261db080cd0183dfbc0bf297d3e502095c9764a05990f35e8961b1b1b2d257263480aec54585ebcef36f9af9a840ae2ddf68322dbab1fa78c7864a52804b12e79fb3557a01e4aa3
public exponent: 10001

  Signature Algorithm: SHA256WITHRSA
            Signature: 2afa4983880d08709f17cec93246362bba5a599c
                       daa523fc00f57d0e4c35c8fd8f92061f1a2040fd
                       aeaca222a8110283cc159c8488774ee071939066
                       8bb47d61f446034e323c20c72a804786faa18e7e
                       f5ec16c2ccc47b3d14d63b5e3eb97e4a1f2529a3
                       8fb5dfa6d67a46eec530e55d5bf846a5f68297e8
                       e9e525e135c62414acc1b439568709cd883c8451
                       4dc67dd7201f9fbc7a3f1d7107e4a199a8fdc74c
                       46211b12e16dfae41651c71e25bcf520fb3ac4ea
                       815dd604687efa684c7f11a105b418e635b207a4
                       88fe6a2677a35b62c26349c8fd6d980e993525ef
                       9866667a2c55640960d1f395ee8e17e26d3d12bf
                       39f8522b75016c4b06a63a2722af5c81
       Extensions: 
                       critical(false) 2.5.29.17 value = Sequence
    Tagged [7] IMPLICIT 
        DER Octet String[4] 
    Tagged [2] IMPLICIT 
        DER Octet String[64] 

                       critical(true) BasicConstraints: isCa(true)
                       critical(true) KeyUsage: 0xbe
 from file: /tmp/junit2070709234143057038/junit7792648167213209534/scm-meta/om/certs/CA-2611569800906.crt.
2023-09-14 12:53:38,379 [Time-limited test] INFO  security.OMCertificateClient (DefaultCertificateClient.java:startCertificateRenewerService(1349)) - CertificateRenewerService for om is started with first delay 31535989623 ms and interval 3333 ms.
2023-09-14 12:53:38,396 [Time-limited test] INFO  om.OzoneManager (OzoneManager.java:<init>(665)) - OM start with adminUsers: [scm/fv-az187-373.4biwkquksivelc4kanrnlgeoof.gx.internal.cloudapp.net@EXAMPLE.COM, scm]
2023-09-14 12:53:38,397 [Time-limited test] WARN  server.ServerUtils (ServerUtils.java:getDBPath(311)) - ozone.om.db.dirs is not configured. We recommend adding this setting. Falling back to ozone.metadata.dirs instead.
2023-09-14 12:53:38,401 [Time-limited test] INFO  helpers.OmKeyInfo (OmKeyInfo.java:getCodec(71)) - OmKeyInfo.getCodec ignorePipeline = true
2023-09-14 12:53:38,470 [Time-limited test] INFO  om.OzoneManager (OzoneManager.java:instantiateServices(794)) - S3 Multi-Tenancy is disabled
2023-09-14 12:53:38,470 [Time-limited test] INFO  security.OzoneSecretStore (OzoneSecretStore.java:loadState(69)) - Loaded 0 tokens
2023-09-14 12:53:38,470 [Time-limited test] INFO  security.OzoneDelegationTokenSecretManager (OzoneDelegationTokenSecretManager.java:loadTokenSecretState(530)) - Loading token state into token manager.
2023-09-14 12:53:38,471 [Time-limited test] INFO  om.OmSnapshotManager (OmSnapshotManager.java:<init>(174)) - Ozone filesystem snapshot feature is enabled.
2023-09-14 12:53:38,471 [Time-limited test] WARN  server.ServerUtils (ServerUtils.java:getDBPath(311)) - ozone.om.snapshot.diff.db.dir is not configured. We recommend adding this setting. Falling back to ozone.metadata.dirs instead.
2023-09-14 12:53:38,490 [Time-limited test] INFO  snapshot.SnapshotDiffManager (SnapshotDiffManager.java:closeExecutorService(1706)) - Shutting down executorService: 'SstDumpToolExecutor'
2023-09-14 12:53:38,491 [Time-limited test] WARN  server.ServerUtils (ServerUtils.java:getDefaultRatisDirectory(323)) - Storage directory for Ratis is not configured. It is a good idea to map this to an SSD disk. Falling back to ozone.metadata.dirs
2023-09-14 12:53:38,491 [Time-limited test] WARN  utils.OzoneManagerRatisUtils (OzoneManagerRatisUtils.java:getOMRatisSnapshotDirectory(464)) - ozone.om.ratis.snapshot.dir is not configured. Falling back to ozone.metadata.dirs config
2023-09-14 12:53:38,492 [Time-limited test] WARN  server.ServerUtils (ServerUtils.java:getDefaultRatisDirectory(323)) - Storage directory for Ratis is not configured. It is a good idea to map this to an SSD disk. Falling back to ozone.metadata.dirs
2023-09-14 12:53:38,493 [Time-limited test] INFO  ratis.OzoneManagerRatisServer (OzoneManagerRatisServer.java:<init>(163)) - Instantiating OM Ratis server with groupID: omServiceIdDefault and peers: fv-az187-373.4biwkquksivelc4kanrnlgeoof.gx.internal.cloudapp.net:9872
2023-09-14 12:53:38,494 [Time-limited test] INFO  ratis.OzoneManagerStateMachine (OzoneManagerStateMachine.java:loadSnapshotInfoFromDB(687)) - LastAppliedIndex is set from TransactionInfo from OM DB as (t:0, i:~)
2023-09-14 12:53:38,499 [Time-limited test] INFO  server.RaftServer (ConfUtils.java:logGet(46)) - raft.rpc.type = GRPC (default)
2023-09-14 12:53:38,500 [Time-limited test] INFO  grpc.GrpcConfigKeys (ConfUtils.java:logFallback(53)) - raft.grpc.admin.host = null (fallback to raft.grpc.server.host)
2023-09-14 12:53:38,500 [Time-limited test] INFO  grpc.GrpcConfigKeys (ConfUtils.java:logFallback(53)) - raft.grpc.admin.port = 9872 (fallback to raft.grpc.server.port)
2023-09-14 12:53:38,502 [Time-limited test] INFO  grpc.GrpcConfigKeys (ConfUtils.java:logFallback(53)) - raft.grpc.client.host = null (fallback to raft.grpc.server.host)
2023-09-14 12:53:38,502 [Time-limited test] INFO  grpc.GrpcConfigKeys (ConfUtils.java:logFallback(53)) - raft.grpc.client.port = 9872 (fallback to raft.grpc.server.port)
2023-09-14 12:53:38,502 [Time-limited test] INFO  grpc.GrpcConfigKeys (ConfUtils.java:logGet(46)) - raft.grpc.server.host = null (default)
2023-09-14 12:53:38,502 [Time-limited test] INFO  grpc.GrpcConfigKeys (ConfUtils.java:logGet(46)) - raft.grpc.server.port = 9872 (custom)
2023-09-14 12:53:38,502 [Time-limited test] INFO  server.GrpcService (ConfUtils.java:logGet(46)) - raft.grpc.message.size.max = 33554432 (custom)
2023-09-14 12:53:38,502 [Time-limited test] INFO  server.RaftServerConfigKeys (ConfUtils.java:logGet(46)) - raft.server.log.appender.buffer.byte-limit = 33554432 (custom)
2023-09-14 12:53:38,502 [Time-limited test] INFO  server.GrpcService (ConfUtils.java:logGet(46)) - raft.grpc.flow.control.window = 1MB (=1048576) (default)
2023-09-14 12:53:38,503 [Time-limited test] INFO  server.RaftServerConfigKeys (ConfUtils.java:logGet(46)) - raft.server.rpc.request.timeout = 3000ms (default)
2023-09-14 12:53:38,503 [Time-limited test] INFO  grpc.GrpcConfigKeys (ConfUtils.java:logGet(46)) - raft.grpc.server.heartbeat.channel = true (default)
2023-09-14 12:53:38,503 [Time-limited test] INFO  grpc.GrpcConfigKeys (ConfUtils.java:logGet(46)) - raft.grpc.server.async.request.thread.pool.cached = true (default)
2023-09-14 12:53:38,503 [Time-limited test] INFO  grpc.GrpcConfigKeys (ConfUtils.java:logGet(46)) - raft.grpc.server.async.request.thread.pool.size = 32 (default)
2023-09-14 12:53:38,506 [Time-limited test] INFO  impl.DataStreamServerImpl (ConfUtils.java:logGet(46)) - raft.datastream.type = DISABLED (default)
2023-09-14 12:53:38,506 [Time-limited test] INFO  server.RaftServerConfigKeys (ConfUtils.java:logGet(46)) - raft.server.threadpool.proxy.cached = true (default)
2023-09-14 12:53:38,506 [Time-limited test] INFO  server.RaftServerConfigKeys (ConfUtils.java:logGet(46)) - raft.server.threadpool.proxy.size = 0 (default)
2023-09-14 12:53:38,506 [Time-limited test] INFO  server.RaftServerConfigKeys (ConfUtils.java:logGet(46)) - raft.server.rpc.slowness.timeout = 120s (custom)
2023-09-14 12:53:38,506 [Time-limited test] INFO  server.RaftServerConfigKeys (ConfUtils.java:logGet(46)) - raft.server.leaderelection.leader.step-down.wait-time = 10s (default)
2023-09-14 12:53:38,506 [Time-limited test] INFO  server.RaftServerConfigKeys (ConfUtils.java:logGet(46)) - raft.server.storage.dir = [/tmp/junit2070709234143057038/junit7792648167213209534/scm-meta/ratis] (custom)
2023-09-14 12:53:38,507 [Time-limited test] INFO  server.RaftServer (RaftServerProxy.java:addNew(98)) - om1: addNew group-C5BA1605619E:[om1|rpc:fv-az187-373.4biwkquksivelc4kanrnlgeoof.gx.internal.cloudapp.net:9872|priority:0|startupRole:FOLLOWER] returns group-C5BA1605619E:java.util.concurrent.CompletableFuture@780f697c[Not completed]
2023-09-14 12:53:38,507 [Time-limited test] INFO  om.OzoneManager (OzoneManager.java:initializeRatisServer(2148)) - OzoneManager Ratis server initialized at port 9872
2023-09-14 12:53:38,507 [Time-limited test] INFO  om.OzoneManager (OzoneManager.java:getRpcServer(1196)) - Creating RPC Server
2023-09-14 12:53:38,509 [om1-groupManagement] INFO  server.RaftServer$Division (RaftServerImpl.java:<init>(198)) - om1: new RaftServerImpl for group-C5BA1605619E:[om1|rpc:fv-az187-373.4biwkquksivelc4kanrnlgeoof.gx.internal.cloudapp.net:9872|priority:0|startupRole:FOLLOWER] with OzoneManagerStateMachine:uninitialized
2023-09-14 12:53:38,514 [om1-groupManagement] INFO  server.RaftServerConfigKeys (ConfUtils.java:logGet(46)) - raft.server.rpc.timeout.min = 5s (custom)
2023-09-14 12:53:38,514 [om1-groupManagement] INFO  server.RaftServerConfigKeys (ConfUtils.java:logGet(46)) - raft.server.rpc.timeout.max = 5200ms (custom)
2023-09-14 12:53:38,514 [om1-groupManagement] INFO  server.RaftServerConfigKeys (ConfUtils.java:logGet(46)) - raft.server.rpc.sleep.time = 25ms (default)
2023-09-14 12:53:38,514 [om1-groupManagement] INFO  server.RaftServerConfigKeys (ConfUtils.java:logGet(46)) - raft.server.rpc.slowness.timeout = 120s (custom)
2023-09-14 12:53:38,514 [om1-groupManagement] INFO  server.RaftServerConfigKeys (ConfUtils.java:logGet(46)) - raft.server.leaderelection.leader.step-down.wait-time = 10s (default)
2023-09-14 12:53:38,514 [om1-groupManagement] INFO  server.RaftServerConfigKeys (ConfUtils.java:logGet(46)) - raft.server.sleep.deviation.threshold = 300ms (default)
2023-09-14 12:53:38,514 [om1-groupManagement] INFO  server.RaftServer$Division (ServerState.java:<init>(120)) - om1@group-C5BA1605619E: ConfigurationManager, init=-1: peers:[om1|rpc:fv-az187-373.4biwkquksivelc4kanrnlgeoof.gx.internal.cloudapp.net:9872|priority:0|startupRole:FOLLOWER]|listeners:[], old=null, confs=<EMPTY_MAP>
2023-09-14 12:53:38,514 [om1-groupManagement] INFO  server.RaftServerConfigKeys (ConfUtils.java:logGet(46)) - raft.server.storage.dir = [/tmp/junit2070709234143057038/junit7792648167213209534/scm-meta/ratis] (custom)
2023-09-14 12:53:38,515 [om1-groupManagement] INFO  server.RaftServerConfigKeys (ConfUtils.java:logGet(46)) - raft.server.log.corruption.policy = EXCEPTION (default)
2023-09-14 12:53:38,515 [om1-groupManagement] INFO  server.RaftServerConfigKeys (ConfUtils.java:logGet(46)) - raft.server.storage.free-space.min = 0MB (=0) (default)
2023-09-14 12:53:38,515 [om1-groupManagement] INFO  server.RaftServerConfigKeys (ConfUtils.java:logGet(46)) - raft.server.notification.no-leader.timeout = 120s (custom)
2023-09-14 12:53:38,515 [om1-groupManagement] INFO  server.RaftServerConfigKeys (ConfUtils.java:logGet(46)) - raft.server.read.timeout = 10s (default)
2023-09-14 12:53:38,517 [om1-groupManagement] INFO  server.RaftServerConfigKeys (ConfUtils.java:logGet(46)) - raft.server.retrycache.expirytime = 300s (custom)
2023-09-14 12:53:38,517 [om1-groupManagement] INFO  server.RaftServerConfigKeys (ConfUtils.java:logGet(46)) - raft.server.retrycache.statistics.expirytime = 100μs (default)
2023-09-14 12:53:38,517 [om1-groupManagement] INFO  server.RaftServerConfigKeys (ConfUtils.java:logGet(46)) - raft.server.read.option = DEFAULT (default)
2023-09-14 12:53:38,517 [om1-groupManagement] INFO  server.RaftServerConfigKeys (ConfUtils.java:logGet(46)) - raft.server.rpc.request.timeout = 3000ms (default)
2023-09-14 12:53:38,517 [om1-groupManagement] INFO  server.RaftServerConfigKeys (ConfUtils.java:logGet(46)) - raft.server.log.appender.install.snapshot.enabled = false (custom)
2023-09-14 12:53:38,517 [om1-groupManagement] INFO  server.RaftServerConfigKeys (ConfUtils.java:logGet(46)) - raft.server.threadpool.server.cached = true (default)
2023-09-14 12:53:38,518 [om1-groupManagement] INFO  server.RaftServerConfigKeys (ConfUtils.java:logGet(46)) - raft.server.threadpool.server.size = 0 (default)
2023-09-14 12:53:38,518 [om1-groupManagement] INFO  server.RaftServerConfigKeys (ConfUtils.java:logGet(46)) - raft.server.threadpool.client.cached = true (default)
2023-09-14 12:53:38,518 [om1-groupManagement] INFO  server.RaftServerConfigKeys (ConfUtils.java:logGet(46)) - raft.server.threadpool.client.size = 0 (default)
2023-09-14 12:53:38,939 [Time-limited test] INFO  reflections.Reflections (Reflections.java:scan(232)) - Reflections took 431 ms to scan 20 urls, producing 70 keys and 6001 values [using 2 cores]
2023-09-14 12:53:38,941 [Time-limited test] INFO  ipc.CallQueueManager (CallQueueManager.java:<init>(90)) - Using callQueue: class java.util.concurrent.LinkedBlockingQueue, queueCapacity: 10000, scheduler: class org.apache.hadoop.ipc.DefaultRpcScheduler, ipcBackoff: false.
2023-09-14 12:53:38,943 [Time-limited test] INFO  ipc.Server (Server.java:<init>(1287)) - Listener at fv-az187-373.4biwkquksivelc4kanrnlgeoof.gx.internal.cloudapp.net:1202
2023-09-14 12:53:38,943 [Socket Reader #1 for port 1202] INFO  ipc.Server (Server.java:run(1323)) - Starting Socket Reader #1 for port 1202
2023-09-14 12:53:39,657 [Time-limited test] INFO  server.StorageContainerManager (StorageContainerManager.java:stop(1591)) - Container Balancer is not running.
2023-09-14 12:53:39,657 [Time-limited test] INFO  server.StorageContainerManager (StorageContainerManager.java:stopReplicationManager(1724)) - Stopping Replication Manager Service.
2023-09-14 12:53:39,657 [Time-limited test] INFO  replication.ReplicationManager (ReplicationManager.java:stop(323)) - Stopping Replication Monitor Thread.
2023-09-14 12:53:39,657 [Under Replicated Processor] WARN  replication.UnhealthyReplicationProcessor (UnhealthyReplicationProcessor.java:run(180)) - Under Replicated Processor interrupted. Exiting...
2023-09-14 12:53:39,657 [ReplicationMonitor] INFO  replication.ReplicationManager (ReplicationManager.java:run(921)) - Replication Monitor Thread is stopped
2023-09-14 12:53:39,657 [Over Replicated Processor] WARN  replication.UnhealthyReplicationProcessor (UnhealthyReplicationProcessor.java:run(180)) - Over Replicated Processor interrupted. Exiting...
2023-09-14 12:53:39,657 [Time-limited test] INFO  server.StorageContainerManager (StorageContainerManager.java:stop(1600)) - Stopping the Datanode Admin Monitor.
2023-09-14 12:53:39,657 [Time-limited test] INFO  server.StorageContainerManager (StorageContainerManager.java:stop(1607)) - Stopping datanode service RPC server
2023-09-14 12:53:39,658 [Time-limited test] INFO  server.SCMDatanodeProtocolServer (SCMDatanodeProtocolServer.java:stop(424)) - Stopping the RPC server for DataNodes
2023-09-14 12:53:39,658 [Time-limited test] INFO  ipc.Server (Server.java:stop(3523)) - Stopping server on 9861
2023-09-14 12:53:39,669 [IPC Server listener on 9861] INFO  ipc.Server (Server.java:run(1434)) - Stopping IPC Server listener on 9861
2023-09-14 12:53:39,669 [IPC Server Responder] INFO  ipc.Server (Server.java:run(1567)) - Stopping IPC Server Responder
2023-09-14 12:53:41,462 [SCM Heartbeat Processing Thread - 0] WARN  node.NodeStateManager (NodeStateManager.java:scheduleNextHealthCheck(874)) - Current Thread is interrupted, shutting down HB processing thread for Node Manager.
2023-09-14 12:53:41,463 [Time-limited test] INFO  server.StorageContainerManager (StorageContainerManager.java:stop(1615)) - Stopping block service RPC server
2023-09-14 12:53:41,463 [Time-limited test] INFO  server.SCMBlockProtocolServer (SCMBlockProtocolServer.java:stop(163)) - Stopping the RPC server for Block Protocol
2023-09-14 12:53:41,463 [Time-limited test] INFO  ipc.Server (Server.java:stop(3523)) - Stopping server on 9863
2023-09-14 12:53:41,474 [IPC Server Responder] INFO  ipc.Server (Server.java:run(1567)) - Stopping IPC Server Responder
2023-09-14 12:53:41,474 [IPC Server listener on 9863] INFO  ipc.Server (Server.java:run(1434)) - Stopping IPC Server listener on 9863
2023-09-14 12:53:41,474 [Time-limited test] INFO  server.StorageContainerManager (StorageContainerManager.java:stop(1622)) - Stopping the StorageContainerLocationProtocol RPC server
2023-09-14 12:53:41,474 [Time-limited test] INFO  server.SCMClientProtocolServer (SCMClientProtocolServer.java:stop(210)) - Stopping the RPC server for Client Protocol
2023-09-14 12:53:41,474 [Time-limited test] INFO  ipc.Server (Server.java:stop(3523)) - Stopping server on 9860
2023-09-14 12:53:41,477 [IPC Server Responder] INFO  ipc.Server (Server.java:run(1567)) - Stopping IPC Server Responder
2023-09-14 12:53:41,477 [IPC Server listener on 9860] INFO  ipc.Server (Server.java:run(1434)) - Stopping IPC Server listener on 9860
2023-09-14 12:53:41,478 [Time-limited test] INFO  server.StorageContainerManager (StorageContainerManager.java:stop(1629)) - Stopping Storage Container Manager HTTP server.
2023-09-14 12:53:41,480 [Time-limited test] INFO  handler.ContextHandler (ContextHandler.java:doStop(1159)) - Stopped o.e.j.w.WebAppContext@39e98067{scm,/,null,STOPPED}{file:/home/runner/work/ozone/ozone/hadoop-ozone/integration-test/target/test-classes/webapps/scm}
2023-09-14 12:53:41,485 [Time-limited test] INFO  server.AbstractConnector (AbstractConnector.java:doStop(383)) - Stopped ServerConnector@7a073ad6{HTTP/1.1, (http/1.1)}{0.0.0.0:9876}
2023-09-14 12:53:41,487 [Time-limited test] INFO  server.session (HouseKeeper.java:stopScavenging(149)) - node0 Stopped scavenging
2023-09-14 12:53:41,488 [Time-limited test] INFO  handler.ContextHandler (ContextHandler.java:doStop(1159)) - Stopped o.e.j.s.ServletContextHandler@64d09b6e{static,/static,file:///home/runner/work/ozone/ozone/hadoop-ozone/integration-test/target/test-classes/webapps/static,STOPPED}
2023-09-14 12:53:41,488 [Time-limited test] INFO  handler.ContextHandler (ContextHandler.java:doStop(1159)) - Stopped o.e.j.s.ServletContextHandler@10fb758f{logs,/logs,file:///home/runner/work/ozone/ozone/hadoop-ozone/integration-test/target/log,STOPPED}
2023-09-14 12:53:41,492 [Time-limited test] INFO  server.StorageContainerManager (StorageContainerManager.java:stop(1637)) - Stopping SCM LayoutVersionManager Service.
2023-09-14 12:53:41,493 [Time-limited test] INFO  server.SCMSecurityProtocolServer (SCMSecurityProtocolServer.java:stop(550)) - Stopping the SCMSecurityProtocolServer.
2023-09-14 12:53:41,493 [Time-limited test] INFO  ipc.Server (Server.java:stop(3523)) - Stopping server on 9961
2023-09-14 12:53:41,493 [IPC Server listener on 9961] INFO  ipc.Server (Server.java:run(1434)) - Stopping IPC Server listener on 9961
2023-09-14 12:53:41,494 [Time-limited test] INFO  server.SCMUpdateServiceGrpcServer (SCMUpdateServiceGrpcServer.java:stop(73)) - SCMUpdateService stopping
2023-09-14 12:53:41,494 [IPC Server Responder] INFO  ipc.Server (Server.java:run(1567)) - Stopping IPC Server Responder
2023-09-14 12:53:41,497 [Time-limited test] INFO  server.SCMUpdateServiceGrpcServer (SCMUpdateServiceGrpcServer.java:stop(85)) - SCMUpdateService stopped!
2023-09-14 12:53:41,497 [Time-limited test] INFO  server.StorageContainerManager (StorageContainerManager.java:stop(1649)) - Stopping Block Manager Service.
2023-09-14 12:53:41,497 [Time-limited test] INFO  utils.BackgroundService (BackgroundService.java:shutdown(141)) - Shutting down service SCMBlockDeletingService
2023-09-14 12:53:41,497 [Time-limited test] INFO  utils.BackgroundService (BackgroundService.java:shutdown(141)) - Shutting down service SCMBlockDeletingService
2023-09-14 12:53:41,497 [Time-limited test] INFO  server.StorageContainerManager (StorageContainerManager.java:stop(1669)) - Stopping SCM Event Queue.
2023-09-14 12:53:41,497 [JvmPauseMonitor1] INFO  util.JvmPauseMonitor (JvmPauseMonitor.java:run(109)) - JvmPauseMonitor-63cc768a-e10b-44ae-a861-7f5e2ad3eba9: Stopped
2023-09-14 12:53:41,500 [Time-limited test] INFO  server.StorageContainerManager (StorageContainerManager.java:stop(1680)) - Stopping SCM HA services.
2023-09-14 12:53:41,500 [Time-limited test] INFO  pipeline.BackgroundPipelineCreator (BackgroundPipelineCreator.java:stop(149)) - Stopping RatisPipelineUtilsThread.
2023-09-14 12:53:41,500 [RatisPipelineUtilsThread - 0] WARN  pipeline.BackgroundPipelineCreator (BackgroundPipelineCreator.java:run(180)) - RatisPipelineUtilsThread is interrupted.
2023-09-14 12:53:41,500 [Time-limited test] INFO  BackgroundPipelineScrubber (BackgroundSCMService.java:stop(131)) - Stopping BackgroundPipelineScrubber Service.
2023-09-14 12:53:41,500 [BackgroundPipelineScrubberThread] WARN  BackgroundPipelineScrubber (BackgroundSCMService.java:run(115)) - BackgroundPipelineScrubber is interrupted, exit
2023-09-14 12:53:41,503 [Time-limited test] INFO  impl.MetricsSystemImpl (MetricsSystemImpl.java:stop(210)) - Stopping StorageContainerManager metrics system...
2023-09-14 12:53:41,506 [prometheus] INFO  impl.MetricsSinkAdapter (MetricsSinkAdapter.java:publishMetricsFromQueue(141)) - prometheus thread interrupted.
2023-09-14 12:53:41,506 [Time-limited test] INFO  impl.MetricsSystemImpl (MetricsSystemImpl.java:stop(216)) - StorageContainerManager metrics system stopped.
2023-09-14 12:53:41,506 [Time-limited test] WARN  pipeline.BackgroundPipelineCreator (BackgroundPipelineCreator.java:stop(145)) - RatisPipelineUtilsThread is not running, just ignore.
2023-09-14 12:53:41,506 [Time-limited test] INFO  BackgroundPipelineScrubber (BackgroundSCMService.java:stop(126)) - BackgroundPipelineScrubber Service is not running, skip stop.
2023-09-14 12:53:41,507 [ExpiredContainerReplicaOpScrubberThread] WARN  ExpiredContainerReplicaOpScrubber (BackgroundSCMService.java:run(115)) - ExpiredContainerReplicaOpScrubber is interrupted, exit
2023-09-14 12:53:41,507 [Time-limited test] INFO  ExpiredContainerReplicaOpScrubber (BackgroundSCMService.java:stop(131)) - Stopping ExpiredContainerReplicaOpScrubber Service.
2023-09-14 12:53:41,507 [Time-limited test] INFO  utils.BackgroundService (BackgroundService.java:shutdown(141)) - Shutting down service SCMBlockDeletingService
2023-09-14 12:53:41,507 [Time-limited test] INFO  replication.ReplicationManager (ReplicationManager.java:stop(333)) - Replication Monitor Thread is not running.
2023-09-14 12:53:41,507 [Time-limited test] WARN  balancer.ContainerBalancer (ContainerBalancer.java:stop(326)) - Cannot stop Container Balancer because it's not running or stopping
2023-09-14 12:53:41,507 [Lease Manager-LeaseManager#LeaseMonitor] WARN  lease.LeaseManager (LeaseManager.java:run(272)) - Lease manager is interrupted. Shutting down...
java.lang.InterruptedException
	at java.util.concurrent.locks.AbstractQueuedSynchronizer.doAcquireSharedNanos(AbstractQueuedSynchronizer.java:1039)
	at java.util.concurrent.locks.AbstractQueuedSynchronizer.tryAcquireSharedNanos(AbstractQueuedSynchronizer.java:1328)
	at java.util.concurrent.Semaphore.tryAcquire(Semaphore.java:409)
	at org.apache.hadoop.ozone.lease.LeaseManager$LeaseMonitor.run(LeaseManager.java:270)
	at java.lang.Thread.run(Thread.java:750)
2023-09-14 12:53:41,507 [Time-limited test] INFO  server.StorageContainerManager (StorageContainerManager.java:stop(1715)) - Stopping SCM MetadataStore.
2023-09-14 12:53:41,509 [Time-limited test] INFO  impl.DefaultInternalKdcServerImpl (DefaultInternalKdcServerImpl.java:doStop(102)) - Default Internal kdc server stopped.
2023-09-14 12:53:42,509 [Time-limited test] INFO  minikdc.MiniKdc (MiniKdc.java:stop(359)) - MiniKdc stopped.
2023-09-14 12:53:42,509 [Time-limited test] INFO  server.StorageContainerManager (StorageContainerManager.java:stop(1580)) - Storage Container Manager is not running.
2023-09-14 12:53:42,509 [Time-limited test] INFO  server.StorageContainerManager (StorageContainerManager.java:stopReplicationManager(1724)) - Stopping Replication Manager Service.
2023-09-14 12:53:42,509 [Time-limited test] INFO  replication.ReplicationManager (ReplicationManager.java:stop(333)) - Replication Monitor Thread is not running.
2023-09-14 12:53:42,510 [Time-limited test] INFO  server.SCMSecurityProtocolServer (SCMSecurityProtocolServer.java:join(560)) - Join RPC server for SCMSecurityProtocolServer.
2023-09-14 12:53:42,510 [Time-limited test] INFO  server.SCMSecurityProtocolServer (SCMSecurityProtocolServer.java:join(562)) - Join gRPC server for SCMSecurityProtocolServer.
2023-09-14 12:53:42,510 [Time-limited test] INFO  om.OzoneManager (OzoneManager.java:stop(2207)) - om1[fv-az187-373.4biwkquksivelc4kanrnlgeoof.gx.internal.cloudapp.net:1202]: Stopping Ozone Manager
2023-09-14 12:53:42,510 [Time-limited test] INFO  ipc.Server (Server.java:stop(3523)) - Stopping server on 1202
2023-09-14 12:53:46,535 [Time-limited test] INFO  om.GrpcOzoneManagerServer (GrpcOzoneManagerServer.java:stop(192)) - Server GrpcOzoneManagerServer is shutdown
2023-09-14 12:53:46,536 [Time-limited test] INFO  ratis.OzoneManagerStateMachine (OzoneManagerStateMachine.java:close(534)) - StateMachine has shutdown. Shutdown OzoneManager if not already shutdown.
2023-09-14 12:53:46,536 [Time-limited test] INFO  ratis.OzoneManagerDoubleBuffer (OzoneManagerDoubleBuffer.java:stopDaemon(551)) - Stopping OMDoubleBuffer flush thread
2023-09-14 12:53:46,536 [OMDoubleBufferFlushThread] INFO  ratis.OzoneManagerDoubleBuffer (OzoneManagerDoubleBuffer.java:canFlush(638)) - OMDoubleBuffer flush thread OMDoubleBufferFlushThread is interrupted and will exit.
2023-09-14 12:53:46,536 [Time-limited test] INFO  om.OzoneManager (OzoneManager.java:stopSecretManager(1066)) - Stopping secret key client.
2023-09-14 12:53:46,536 [Time-limited test] INFO  om.OzoneManager (OzoneManager.java:stopSecretManager(1071)) - Stopping OM delegation token secret manager.
2023-09-14 12:53:46,536 [Time-limited test] INFO  rocksdiff.RocksDBCheckpointDiffer (RocksDBCheckpointDiffer.java:close(343)) - Shutting down CompactionDagPruningService.
2023-09-14 12:53:46,538 [Time-limited test] INFO  snapshot.SnapshotDiffManager (SnapshotDiffManager.java:closeExecutorService(1706)) - Shutting down executorService: 'SnapDiffExecutor'
2023-09-14 12:53:46,538 [Time-limited test] INFO  snapshot.SnapshotDiffManager (SnapshotDiffManager.java:closeExecutorService(1706)) - Shutting down executorService: 'SstDumpToolExecutor'
2023-09-14 12:53:46,538 [Time-limited test] INFO  utils.BackgroundService (BackgroundService.java:shutdown(141)) - Shutting down service SnapshotDiffCleanupService
]]></system-out>
  </testcase>
  <testcase name="testGetSetRevokeS3Secret" classname="org.apache.hadoop.ozone.TestSecureOzoneCluster" time="10.339">
    <system-out><![CDATA[2023-09-14 12:53:46,559 [Time-limited test] INFO  net.ServerSocketUtil (ServerSocketUtil.java:getPort(55)) - Using port 9860
2023-09-14 12:53:46,559 [Time-limited test] INFO  net.ServerSocketUtil (ServerSocketUtil.java:getPort(55)) - Using port 9861
2023-09-14 12:53:46,559 [Time-limited test] INFO  net.ServerSocketUtil (ServerSocketUtil.java:getPort(55)) - Using port 9863
2023-09-14 12:53:46,559 [Time-limited test] INFO  net.ServerSocketUtil (ServerSocketUtil.java:getPort(55)) - Using port 9961
2023-09-14 12:53:46,559 [Time-limited test] INFO  net.ServerSocketUtil (ServerSocketUtil.java:getPort(55)) - Using port 1200
2023-09-14 12:53:46,560 [Time-limited test] INFO  net.ServerSocketUtil (ServerSocketUtil.java:getPort(55)) - Using port 1201
2023-09-14 12:53:46,560 [Time-limited test] INFO  minikdc.MiniKdc (MiniKdc.java:<init>(225)) - Configuration:
2023-09-14 12:53:46,560 [Time-limited test] INFO  minikdc.MiniKdc (MiniKdc.java:<init>(226)) - ---------------------------------------------------------------
2023-09-14 12:53:46,560 [Time-limited test] INFO  minikdc.MiniKdc (MiniKdc.java:<init>(228)) -   debug: false
2023-09-14 12:53:46,560 [Time-limited test] INFO  minikdc.MiniKdc (MiniKdc.java:<init>(228)) -   transport: TCP
2023-09-14 12:53:46,560 [Time-limited test] INFO  minikdc.MiniKdc (MiniKdc.java:<init>(228)) -   max.ticket.lifetime: 86400000
2023-09-14 12:53:46,560 [Time-limited test] INFO  minikdc.MiniKdc (MiniKdc.java:<init>(228)) -   org.name: EXAMPLE
2023-09-14 12:53:46,560 [Time-limited test] INFO  minikdc.MiniKdc (MiniKdc.java:<init>(228)) -   kdc.port: 0
2023-09-14 12:53:46,560 [Time-limited test] INFO  minikdc.MiniKdc (MiniKdc.java:<init>(228)) -   org.domain: COM
2023-09-14 12:53:46,560 [Time-limited test] INFO  minikdc.MiniKdc (MiniKdc.java:<init>(228)) -   max.renewable.lifetime: 604800000
2023-09-14 12:53:46,560 [Time-limited test] INFO  minikdc.MiniKdc (MiniKdc.java:<init>(228)) -   instance: DefaultKrbServer
2023-09-14 12:53:46,560 [Time-limited test] INFO  minikdc.MiniKdc (MiniKdc.java:<init>(228)) -   kdc.bind.address: localhost
2023-09-14 12:53:46,560 [Time-limited test] INFO  minikdc.MiniKdc (MiniKdc.java:<init>(230)) - ---------------------------------------------------------------
2023-09-14 12:53:46,562 [Time-limited test] INFO  minikdc.MiniKdc (MiniKdc.java:start(285)) - MiniKdc started.
2023-09-14 12:53:46,977 [Time-limited test] INFO  om.OzoneManager (OzoneManager.java:getOmDetailsProto(4573)) - OzoneManager ports added:[name: "RPC"
value: 1202
]
2023-09-14 12:53:46,978 [Time-limited test] WARN  server.ServerUtils (ServerUtils.java:getDBPath(311)) - ozone.om.db.dirs is not configured. We recommend adding this setting. Falling back to ozone.metadata.dirs instead.
2023-09-14 12:53:46,980 [Time-limited test] INFO  ha.OMHANodeDetails (OMHANodeDetails.java:loadOMHAConfig(115)) - ozone.om.internal.service.id is not defined, falling back to ozone.om.service.ids to find serviceID for OzoneManager if it is HA enabled cluster
2023-09-14 12:53:46,980 [Time-limited test] INFO  ha.OMHANodeDetails (OMHANodeDetails.java:loadOMHAConfig(226)) - Configuration does not have ozone.om.address set. Falling back to the default OM address fv-az187-373.4biwkquksivelc4kanrnlgeoof.gx.internal.cloudapp.net/10.1.0.236:1202
2023-09-14 12:53:46,980 [Time-limited test] INFO  ha.OMHANodeDetails (OMHANodeDetails.java:getOMNodeDetailsForNonHA(254)) - OM Service ID is not set. Setting it to the default ID: omServiceIdDefault
2023-09-14 12:53:46,980 [Time-limited test] INFO  ha.OMHANodeDetails (OMHANodeDetails.java:getOMNodeDetailsForNonHA(261)) - OM Node ID is not set. Setting it to the default ID: om1
2023-09-14 12:53:46,980 [Time-limited test] WARN  server.ServerUtils (ServerUtils.java:getDBPath(311)) - ozone.om.db.dirs is not configured. We recommend adding this setting. Falling back to ozone.metadata.dirs instead.
2023-09-14 12:53:46,981 [Time-limited test] INFO  upgrade.AbstractLayoutVersionManager (AbstractLayoutVersionManager.java:init(83)) - Initializing Layout version manager with metadata layout = QUOTA (version = 6), software layout = QUOTA (version = 6)
2023-09-14 12:53:47,058 [Time-limited test] INFO  reflections.Reflections (Reflections.java:scan(232)) - Reflections took 76 ms to scan 2 urls, producing 187 keys and 515 values [using 2 cores]
2023-09-14 12:53:47,059 [Time-limited test] INFO  upgrade.OMLayoutVersionManager (OMLayoutVersionManager.java:lambda$0(115)) - Skipping Upgrade Action QuotaRepairUpgradeAction since it has been finalized.
2023-09-14 12:53:47,059 [Time-limited test] INFO  upgrade.OMLayoutVersionManager (OMLayoutVersionManager.java:lambda$0(115)) - Skipping Upgrade Action MockOmUpgradeAction since it has been finalized.
2023-09-14 12:53:47,065 [pool-139-thread-1] INFO  request.KdcRequest (KdcRequest.java:preauth(651)) - The preauth data is empty.
2023-09-14 12:53:47,065 [pool-139-thread-1] INFO  server.KdcHandler (KdcHandler.java:handleRecoverableException(177)) - KRB error occurred while processing request:Additional pre-authentication required
2023-09-14 12:53:47,069 [pool-139-thread-1] INFO  request.AsRequest (AsRequest.java:issueTicket(112)) - AS_REQ ISSUE: authtime 1694696027069,om/fv-az187-373.4biwkquksivelc4kanrnlgeoof.gx.internal.cloudapp.net@EXAMPLE.COM for krbtgt/EXAMPLE.COM@EXAMPLE.COM
2023-09-14 12:53:47,070 [Time-limited test] INFO  security.UserGroupInformation (UserGroupInformation.java:loginUserFromKeytab(1132)) - Login successful for user om/fv-az187-373.4biwkquksivelc4kanrnlgeoof.gx.internal.cloudapp.net@EXAMPLE.COM using keytab file om.keytab. Keytab auto renewal enabled : false
2023-09-14 12:53:47,070 [Time-limited test] INFO  om.OzoneManager (OzoneManager.java:loginOMUser(1164)) - Ozone Manager login successful.
2023-09-14 12:53:47,070 [Time-limited test] WARN  server.ServerUtils (ServerUtils.java:getDBPath(311)) - ozone.om.db.dirs is not configured. We recommend adding this setting. Falling back to ozone.metadata.dirs instead.
2023-09-14 12:53:47,071 [Time-limited test] INFO  proxy.SCMBlockLocationFailoverProxyProvider (SCMBlockLocationFailoverProxyProvider.java:<init>(114)) - Created block location fail-over proxy with 1 nodes: [nodeId=scmNodeId,nodeAddress=localhost/127.0.0.1:9863]
2023-09-14 12:53:47,072 [Time-limited test] INFO  om.OzoneManager (OzoneManager.java:getOmDetailsProto(4573)) - OzoneManager ports added:[name: "RPC"
value: 1202
]
2023-09-14 12:53:47,074 [Time-limited test] INFO  security.OMCertificateClient (DefaultCertificateClient.java:updateCertSerialId(1244)) - Certificate serial ID set to 9879877970576
2023-09-14 12:53:47,074 [Time-limited test] WARN  security.OMCertificateClient (DefaultCertificateClient.java:loadAllCertificates(173)) - Certificates could not be loaded.
java.nio.file.NoSuchFileException: /tmp/junit4886805691777488248/junit9049943732841564681/om-meta/om/certs
	at sun.nio.fs.UnixException.translateToIOException(UnixException.java:86)
	at sun.nio.fs.UnixException.rethrowAsIOException(UnixException.java:102)
	at sun.nio.fs.UnixException.rethrowAsIOException(UnixException.java:107)
	at sun.nio.fs.UnixFileSystemProvider.newDirectoryStream(UnixFileSystemProvider.java:427)
	at java.nio.file.Files.newDirectoryStream(Files.java:457)
	at java.nio.file.Files.list(Files.java:3451)
	at org.apache.hadoop.hdds.security.x509.certificate.client.DefaultCertificateClient.loadAllCertificates(DefaultCertificateClient.java:168)
	at org.apache.hadoop.hdds.security.x509.certificate.client.DefaultCertificateClient.updateCertSerialId(DefaultCertificateClient.java:1245)
	at org.apache.hadoop.hdds.security.x509.certificate.client.DefaultCertificateClient.<init>(DefaultCertificateClient.java:157)
	at org.apache.hadoop.hdds.security.x509.certificate.client.CommonCertificateClient.<init>(CommonCertificateClient.java:49)
	at org.apache.hadoop.ozone.security.OMCertificateClient.<init>(OMCertificateClient.java:68)
	at org.apache.hadoop.ozone.om.OzoneManager.<init>(OzoneManager.java:643)
	at org.apache.hadoop.ozone.om.OzoneManager.createOm(OzoneManager.java:757)
	at org.apache.hadoop.ozone.TestSecureOzoneCluster.setupOm(TestSecureOzoneCluster.java:701)
	at org.apache.hadoop.ozone.TestSecureOzoneCluster.testGetSetRevokeS3Secret(TestSecureOzoneCluster.java:708)
	at sun.reflect.NativeMethodAccessorImpl.invoke0(Native Method)
	at sun.reflect.NativeMethodAccessorImpl.invoke(NativeMethodAccessorImpl.java:62)
	at sun.reflect.DelegatingMethodAccessorImpl.invoke(DelegatingMethodAccessorImpl.java:43)
	at java.lang.reflect.Method.invoke(Method.java:498)
	at org.junit.runners.model.FrameworkMethod$1.runReflectiveCall(FrameworkMethod.java:59)
	at org.junit.internal.runners.model.ReflectiveCallable.run(ReflectiveCallable.java:12)
	at org.junit.runners.model.FrameworkMethod.invokeExplosively(FrameworkMethod.java:56)
	at org.junit.internal.runners.statements.InvokeMethod.evaluate(InvokeMethod.java:17)
	at org.junit.internal.runners.statements.RunBefores.evaluate(RunBefores.java:26)
	at org.junit.internal.runners.statements.RunAfters.evaluate(RunAfters.java:27)
	at org.junit.rules.ExternalResource$1.evaluate(ExternalResource.java:54)
	at org.junit.internal.runners.statements.FailOnTimeout$CallableStatement.call(FailOnTimeout.java:288)
	at org.junit.internal.runners.statements.FailOnTimeout$CallableStatement.call(FailOnTimeout.java:282)
	at java.util.concurrent.FutureTask.run(FutureTask.java:266)
	at java.lang.Thread.run(Thread.java:750)
2023-09-14 12:53:47,077 [Time-limited test] INFO  om.OzoneManager (OzoneManager.java:<init>(665)) - OM start with adminUsers: [scm/fv-az187-373.4biwkquksivelc4kanrnlgeoof.gx.internal.cloudapp.net@EXAMPLE.COM, om]
2023-09-14 12:53:47,078 [Time-limited test] WARN  server.ServerUtils (ServerUtils.java:getDBPath(311)) - ozone.om.db.dirs is not configured. We recommend adding this setting. Falling back to ozone.metadata.dirs instead.
2023-09-14 12:53:47,078 [Time-limited test] INFO  helpers.OmKeyInfo (OmKeyInfo.java:getCodec(71)) - OmKeyInfo.getCodec ignorePipeline = true
2023-09-14 12:53:47,248 [Time-limited test] INFO  om.OzoneManager (OzoneManager.java:instantiateServices(794)) - S3 Multi-Tenancy is disabled
2023-09-14 12:53:47,248 [Time-limited test] INFO  security.OzoneSecretStore (OzoneSecretStore.java:loadState(69)) - Loaded 0 tokens
2023-09-14 12:53:47,248 [Time-limited test] INFO  security.OzoneDelegationTokenSecretManager (OzoneDelegationTokenSecretManager.java:loadTokenSecretState(530)) - Loading token state into token manager.
2023-09-14 12:53:47,248 [Time-limited test] INFO  om.OmSnapshotManager (OmSnapshotManager.java:<init>(174)) - Ozone filesystem snapshot feature is enabled.
2023-09-14 12:53:47,248 [Time-limited test] WARN  server.ServerUtils (ServerUtils.java:getDBPath(311)) - ozone.om.snapshot.diff.db.dir is not configured. We recommend adding this setting. Falling back to ozone.metadata.dirs instead.
2023-09-14 12:53:47,267 [Time-limited test] INFO  snapshot.SnapshotDiffManager (SnapshotDiffManager.java:closeExecutorService(1706)) - Shutting down executorService: 'SstDumpToolExecutor'
2023-09-14 12:53:47,277 [Time-limited test] INFO  om.OzoneManager (OzoneManager.java:addS3GVolumeToDB(4305)) - Created Volume s3v With Owner om required for S3Gateway operations.
2023-09-14 12:53:47,277 [Time-limited test] WARN  server.ServerUtils (ServerUtils.java:getDefaultRatisDirectory(323)) - Storage directory for Ratis is not configured. It is a good idea to map this to an SSD disk. Falling back to ozone.metadata.dirs
2023-09-14 12:53:47,278 [Time-limited test] WARN  utils.OzoneManagerRatisUtils (OzoneManagerRatisUtils.java:getOMRatisSnapshotDirectory(464)) - ozone.om.ratis.snapshot.dir is not configured. Falling back to ozone.metadata.dirs config
2023-09-14 12:53:47,278 [Time-limited test] WARN  server.ServerUtils (ServerUtils.java:getDefaultRatisDirectory(323)) - Storage directory for Ratis is not configured. It is a good idea to map this to an SSD disk. Falling back to ozone.metadata.dirs
2023-09-14 12:53:47,279 [Time-limited test] INFO  ratis.OzoneManagerRatisServer (OzoneManagerRatisServer.java:<init>(163)) - Instantiating OM Ratis server with groupID: omServiceIdDefault and peers: fv-az187-373.4biwkquksivelc4kanrnlgeoof.gx.internal.cloudapp.net:9872
2023-09-14 12:53:47,280 [Time-limited test] INFO  ratis.OzoneManagerStateMachine (OzoneManagerStateMachine.java:loadSnapshotInfoFromDB(687)) - LastAppliedIndex is set from TransactionInfo from OM DB as (t:0, i:~)
2023-09-14 12:53:47,280 [Time-limited test] INFO  server.RaftServer (ConfUtils.java:logGet(46)) - raft.rpc.type = GRPC (default)
2023-09-14 12:53:47,280 [Time-limited test] INFO  grpc.GrpcConfigKeys (ConfUtils.java:logFallback(53)) - raft.grpc.admin.host = null (fallback to raft.grpc.server.host)
2023-09-14 12:53:47,280 [Time-limited test] INFO  grpc.GrpcConfigKeys (ConfUtils.java:logFallback(53)) - raft.grpc.admin.port = 9872 (fallback to raft.grpc.server.port)
2023-09-14 12:53:47,280 [Time-limited test] INFO  grpc.GrpcConfigKeys (ConfUtils.java:logFallback(53)) - raft.grpc.client.host = null (fallback to raft.grpc.server.host)
2023-09-14 12:53:47,280 [Time-limited test] INFO  grpc.GrpcConfigKeys (ConfUtils.java:logFallback(53)) - raft.grpc.client.port = 9872 (fallback to raft.grpc.server.port)
2023-09-14 12:53:47,280 [Time-limited test] INFO  grpc.GrpcConfigKeys (ConfUtils.java:logGet(46)) - raft.grpc.server.host = null (default)
2023-09-14 12:53:47,281 [Time-limited test] INFO  grpc.GrpcConfigKeys (ConfUtils.java:logGet(46)) - raft.grpc.server.port = 9872 (custom)
2023-09-14 12:53:47,281 [Time-limited test] INFO  server.GrpcService (ConfUtils.java:logGet(46)) - raft.grpc.message.size.max = 33554432 (custom)
2023-09-14 12:53:47,281 [Time-limited test] INFO  server.RaftServerConfigKeys (ConfUtils.java:logGet(46)) - raft.server.log.appender.buffer.byte-limit = 33554432 (custom)
2023-09-14 12:53:47,281 [Time-limited test] INFO  server.GrpcService (ConfUtils.java:logGet(46)) - raft.grpc.flow.control.window = 1MB (=1048576) (default)
2023-09-14 12:53:47,281 [Time-limited test] INFO  server.RaftServerConfigKeys (ConfUtils.java:logGet(46)) - raft.server.rpc.request.timeout = 3000ms (default)
2023-09-14 12:53:47,281 [Time-limited test] INFO  grpc.GrpcConfigKeys (ConfUtils.java:logGet(46)) - raft.grpc.server.heartbeat.channel = true (default)
2023-09-14 12:53:47,281 [Time-limited test] INFO  grpc.GrpcConfigKeys (ConfUtils.java:logGet(46)) - raft.grpc.server.async.request.thread.pool.cached = true (default)
2023-09-14 12:53:47,281 [Time-limited test] INFO  grpc.GrpcConfigKeys (ConfUtils.java:logGet(46)) - raft.grpc.server.async.request.thread.pool.size = 32 (default)
2023-09-14 12:53:47,283 [Time-limited test] INFO  impl.DataStreamServerImpl (ConfUtils.java:logGet(46)) - raft.datastream.type = DISABLED (default)
2023-09-14 12:53:47,283 [Time-limited test] INFO  server.RaftServerConfigKeys (ConfUtils.java:logGet(46)) - raft.server.threadpool.proxy.cached = true (default)
2023-09-14 12:53:47,283 [Time-limited test] INFO  server.RaftServerConfigKeys (ConfUtils.java:logGet(46)) - raft.server.threadpool.proxy.size = 0 (default)
2023-09-14 12:53:47,283 [Time-limited test] INFO  server.RaftServerConfigKeys (ConfUtils.java:logGet(46)) - raft.server.rpc.slowness.timeout = 120s (custom)
2023-09-14 12:53:47,283 [Time-limited test] INFO  server.RaftServerConfigKeys (ConfUtils.java:logGet(46)) - raft.server.leaderelection.leader.step-down.wait-time = 10s (default)
2023-09-14 12:53:47,283 [Time-limited test] INFO  server.RaftServerConfigKeys (ConfUtils.java:logGet(46)) - raft.server.storage.dir = [/tmp/junit4886805691777488248/junit9049943732841564681/om-meta/ratis] (custom)
2023-09-14 12:53:47,285 [Time-limited test] INFO  server.RaftServer (RaftServerProxy.java:addNew(98)) - om1: addNew group-C5BA1605619E:[om1|rpc:fv-az187-373.4biwkquksivelc4kanrnlgeoof.gx.internal.cloudapp.net:9872|priority:0|startupRole:FOLLOWER] returns group-C5BA1605619E:java.util.concurrent.CompletableFuture@4fabdd35[Not completed]
server.RaftServer$Division (2023-09-14 12:53:47,285 [Time-limited test] INFO  om.OzoneManager (OzoneManager.java:initializeRatisServer(2148)) - OzoneManager Ratis server initialized at port 9872
RaftServerImpl.java:<init>(198)) - om1: new RaftServerImpl for group-C5BA1605619E:[om1|rpc:fv-az187-373.4biwkquksivelc4kanrnlgeoof.gx.internal.cloudapp.net:9872|priority:0|startupRole:FOLLOWER] with OzoneManagerStateMachine:uninitialized
2023-09-14 12:53:47,285 [Time-limited test] INFO  om.OzoneManager (OzoneManager.java:initializeRatisServer(2148)) - OzoneManager Ratis server initialized at port 9872
2023-09-14 12:53:47,285 [om1-groupManagement] INFO  server.RaftServerConfigKeys (OzoneManager.java:getRpcServer(1196)) - Creating RPC Server
ConfUtils.java:logGet(46)) - raft.server.rpc.timeout.min = 5s (custom)
2023-09-14 12:53:47,285 [Time-limited test] INFO  om.OzoneManager (OzoneManager.java:getRpcServer(1196)) - Creating RPC Server
2023-09-14 12:53:47,286 [om1-groupManagement] INFO  server.RaftServerConfigKeys (ConfUtils.java:logGet(46)) - raft.server.rpc.timeout.max = 5200ms (custom)
2023-09-14 12:53:47,286 [om1-groupManagement] INFO  server.RaftServerConfigKeys (ConfUtils.java:logGet(46)) - raft.server.rpc.sleep.time = 25ms (default)
2023-09-14 12:53:47,286 [om1-groupManagement] INFO  server.RaftServerConfigKeys (ConfUtils.java:logGet(46)) - raft.server.rpc.slowness.timeout = 120s (custom)
2023-09-14 12:53:47,286 [om1-groupManagement] INFO  server.RaftServerConfigKeys (ConfUtils.java:logGet(46)) - raft.server.leaderelection.leader.step-down.wait-time = 10s (default)
2023-09-14 12:53:47,286 [om1-groupManagement] INFO  server.RaftServerConfigKeys (ConfUtils.java:logGet(46)) - raft.server.sleep.deviation.threshold = 300ms (default)
2023-09-14 12:53:47,286 [om1-groupManagement] INFO  server.RaftServer$Division (ServerState.java:<init>(120)) - om1@group-C5BA1605619E: ConfigurationManager, init=-1: peers:[om1|rpc:fv-az187-373.4biwkquksivelc4kanrnlgeoof.gx.internal.cloudapp.net:9872|priority:0|startupRole:FOLLOWER]|listeners:[], old=null, confs=<EMPTY_MAP>
2023-09-14 12:53:47,286 [om1-groupManagement] INFO  server.RaftServerConfigKeys (ConfUtils.java:logGet(46)) - raft.server.storage.dir = [/tmp/junit4886805691777488248/junit9049943732841564681/om-meta/ratis] (custom)
2023-09-14 12:53:47,286 [om1-groupManagement] INFO  server.RaftServerConfigKeys (ConfUtils.java:logGet(46)) - raft.server.log.corruption.policy = EXCEPTION (default)
2023-09-14 12:53:47,286 [om1-groupManagement] INFO  server.RaftServerConfigKeys (ConfUtils.java:logGet(46)) - raft.server.storage.free-space.min = 0MB (=0) (default)
2023-09-14 12:53:47,286 [om1-groupManagement] INFO  server.RaftServerConfigKeys (ConfUtils.java:logGet(46)) - raft.server.notification.no-leader.timeout = 120s (custom)
2023-09-14 12:53:47,286 [om1-groupManagement] INFO  server.RaftServerConfigKeys (ConfUtils.java:logGet(46)) - raft.server.read.timeout = 10s (default)
2023-09-14 12:53:47,286 [om1-groupManagement] INFO  server.RaftServerConfigKeys (ConfUtils.java:logGet(46)) - raft.server.retrycache.expirytime = 300s (custom)
2023-09-14 12:53:47,286 [om1-groupManagement] INFO  server.RaftServerConfigKeys (ConfUtils.java:logGet(46)) - raft.server.retrycache.statistics.expirytime = 100μs (default)
2023-09-14 12:53:47,287 [om1-groupManagement] INFO  server.RaftServerConfigKeys (ConfUtils.java:logGet(46)) - raft.server.read.option = DEFAULT (default)
2023-09-14 12:53:47,289 [om1-groupManagement] INFO  server.RaftServerConfigKeys (ConfUtils.java:logGet(46)) - raft.server.rpc.request.timeout = 3000ms (default)
2023-09-14 12:53:47,289 [om1-groupManagement] INFO  server.RaftServerConfigKeys (ConfUtils.java:logGet(46)) - raft.server.log.appender.install.snapshot.enabled = false (custom)
2023-09-14 12:53:47,289 [om1-groupManagement] INFO  server.RaftServerConfigKeys (ConfUtils.java:logGet(46)) - raft.server.threadpool.server.cached = true (default)
2023-09-14 12:53:47,289 [om1-groupManagement] INFO  server.RaftServerConfigKeys (ConfUtils.java:logGet(46)) - raft.server.threadpool.server.size = 0 (default)
2023-09-14 12:53:47,289 [om1-groupManagement] INFO  server.RaftServerConfigKeys (ConfUtils.java:logGet(46)) - raft.server.threadpool.client.cached = true (default)
2023-09-14 12:53:47,289 [om1-groupManagement] INFO  server.RaftServerConfigKeys (ConfUtils.java:logGet(46)) - raft.server.threadpool.client.size = 0 (default)
2023-09-14 12:53:47,681 [Time-limited test] INFO  reflections.Reflections (Reflections.java:scan(232)) - Reflections took 393 ms to scan 20 urls, producing 70 keys and 6001 values [using 2 cores]
2023-09-14 12:53:47,682 [Time-limited test] INFO  ipc.CallQueueManager (CallQueueManager.java:<init>(90)) - Using callQueue: class java.util.concurrent.LinkedBlockingQueue, queueCapacity: 10000, scheduler: class org.apache.hadoop.ipc.DefaultRpcScheduler, ipcBackoff: false.
2023-09-14 12:53:47,682 [Time-limited test] INFO  ipc.Server (Server.java:<init>(1287)) - Listener at fv-az187-373.4biwkquksivelc4kanrnlgeoof.gx.internal.cloudapp.net:1202
2023-09-14 12:53:47,683 [Socket Reader #1 for port 1202] INFO  ipc.Server (Server.java:run(1323)) - Starting Socket Reader #1 for port 1202
2023-09-14 12:53:48,372 [Time-limited test] INFO  utils.SelfSignedCertificate (SelfSignedCertificate.java:generateCertificate(157)) - Certificate 1 is issued by CN=rootCA@localhost,OU=scm1,O=cluster1 to CN=rootCA@localhost,OU=scm1,O=cluster1, valid from Thu Sep 14 12:53:48 UTC 2023 to Sun Oct 22 12:53:48 UTC 2028
2023-09-14 12:53:48,375 [Time-limited test] INFO  authority.DefaultApprover (DefaultApprover.java:sign(154)) - Extensions in CSR: 2.5.29.15
2023-09-14 12:53:48,375 [Time-limited test] INFO  authority.DefaultApprover (DefaultApprover.java:sign(158)) - Extensions to add to the certificate if they present in CSR: 2.5.29.17, 2.5.29.19, 1.3.6.1.5.5.7.1.12, 2.5.29.35, 2.5.29.37, 2.5.29.15
2023-09-14 12:53:48,384 [Time-limited test] INFO  ssl.ReloadingX509KeyManager (ReloadingX509KeyManager.java:loadKeyManager(222)) - Key manager is loaded with certificate chain
2023-09-14 12:53:48,386 [Time-limited test] INFO  ssl.ReloadingX509KeyManager (ReloadingX509KeyManager.java:loadKeyManager(224)) - [
[
  Version: V3
  Subject: O=cluster1, OU=scm1, CN=localhost
  Signature Algorithm: SHA256withRSA, OID = 1.2.840.113549.1.1.11

  Key:  Sun RSA public key, 2048 bits
  params: null
  modulus: 23387973840407263852033697416665092021618462829329261200657418016264605814192887611847677470123710099014085025395401329238307574627503958887725365860317174870143773916680742158822216565826087524500782099057553613299757420520177619022464000410309011805770553324338785014118428846537493010598421781904691174838858065329094518241475776441081335507909690316502955210479321326718301663915749721130424298134619588951989547924401987700782274558556340243143979607751428330562013693454664190606831045373011919274335851122177038535836026440039893247976497868875287766900325259482991004083795644632422162217285500146968370401909
  public exponent: 65537
  Validity: [From: Thu Sep 14 12:53:48 UTC 2023,
               To: Fri Sep 13 12:53:48 UTC 2024]
  Issuer: O=cluster1, OU=scm1, CN=rootCA@localhost
  SerialNumber: [    026317ae 4eda]

Certificate Extensions: 1
[1]: ObjectId: 2.5.29.15 Criticality=true
KeyUsage [
  DigitalSignature
  Key_Encipherment
  Data_Encipherment
  Key_Agreement
]

]
  Algorithm: [SHA256withRSA]
  Signature:
0000: 83 6A 5E CD 84 2E EE FD   CA 72 2A 86 03 80 15 A4  .j^......r*.....
0010: 03 8C 79 16 F3 5E 5F 85   14 2A 51 AB 52 3F E5 27  ..y..^_..*Q.R?.'
0020: FF CF 64 24 2E A9 8F 4E   B7 88 3A 58 01 EE FE 6A  ..d$...N..:X...j
0030: 88 20 FD E0 B7 41 40 4E   46 5D 1F A9 0B BB 13 B6  . ...A@NF]......
0040: CE 2A 02 73 8D 99 62 F9   CC CC 8B F7 AE 27 1C 85  .*.s..b......'..
0050: F2 19 6C B0 A9 3A 2F B7   08 7E 19 2B 60 B4 04 F5  ..l..:/....+`...
0060: D0 3D 85 11 30 7B 47 08   FE 2F D6 90 3E 01 AD CC  .=..0.G../..>...
0070: 83 82 A9 B1 6E 0B 99 2F   B4 CA 7B D4 2F 99 F0 45  ....n../..../..E
0080: C7 1A 3D 65 36 EA B9 61   93 B0 76 74 5A 2E EB B5  ..=e6..a..vtZ...
0090: 22 DB 04 67 33 D4 23 EF   17 F9 35 F0 18 A4 CA F6  "..g3.#...5.....
00A0: 07 1D F0 DD D1 BA 8B 0C   6A B8 BB 38 25 90 82 E4  ........j..8%...
00B0: 84 5A 1A 69 AE C5 55 44   6D 2E 85 40 DB 3F 9D 8D  .Z.i..UDm..@.?..
00C0: 67 50 7D 5C A1 9C 38 A9   9C 7A 6D 5F 87 4E 5F 9B  gP.\..8..zm_.N_.
00D0: 6F 1C 58 4C 23 38 EF 90   1D E9 49 BA 7B F1 D6 AD  o.XL#8....I.....
00E0: 56 F6 26 58 6C 76 4C 89   FC D4 DB 5D D2 55 DE 8E  V.&XlvL....].U..
00F0: 6C C5 A9 08 FA 94 A9 F0   31 B1 8E EF F2 4A 27 7E  l.......1....J'.

]
2023-09-14 12:53:48,387 [Time-limited test] INFO  ssl.ReloadingX509KeyManager (ReloadingX509KeyManager.java:loadKeyManager(224)) - [
[
  Version: V3
  Subject: O=cluster1, OU=scm1, CN=rootCA@localhost
  Signature Algorithm: SHA256withRSA, OID = 1.2.840.113549.1.1.11

  Key:  Sun RSA public key, 2048 bits
  params: null
  modulus: 23014159046731033540302244348396078284276034482682836725135533403685971964459050581644797008238116333833123306731508060005599094225111661355966029174491108009740510223934617091868839930150006808288094662531292056351537253132856595646453342153494982872516334088819146692777738900868963573046050511811487193364912803364782781423375518553515872458267847849336516832430863523423869554094010214985515580001061512699226677226254760434410890242025008263483379787963450974848940086791438989185493492545794428524534241284719661884000034640737132030111857614307301910796545948960067433119216155066192185445616408454864768655249
  public exponent: 65537
  Validity: [From: Thu Sep 14 12:53:48 UTC 2023,
               To: Sun Oct 22 12:53:48 UTC 2028]
  Issuer: O=cluster1, OU=scm1, CN=rootCA@localhost
  SerialNumber: [    01]

Certificate Extensions: 2
[1]: ObjectId: 2.5.29.19 Criticality=true
BasicConstraints:[
  CA:true
  PathLen:2147483647
]

[2]: ObjectId: 2.5.29.15 Criticality=true
KeyUsage [
  Key_CertSign
  Crl_Sign
]

]
  Algorithm: [SHA256withRSA]
  Signature:
0000: AA CA 1A E9 E5 12 48 5C   7E C9 7A 39 F1 AF 98 1F  ......H\..z9....
0010: 64 F7 34 BC 5E D8 8F 43   E1 96 75 C7 B4 21 66 E9  d.4.^..C..u..!f.
0020: 0D 3E 6B 4B 58 C4 74 1F   36 D4 E1 DD 41 4B 5F 22  .>kKX.t.6...AK_"
0030: 20 67 0C 25 C8 3C DA 1F   01 AA CE C4 4C 6A AB 47   g.%.<......Lj.G
0040: 99 0B B4 FA 19 95 8A 7F   9C E7 CD E6 B4 54 C8 76  .............T.v
0050: E9 87 69 E9 45 40 4D 90   21 C2 95 82 A0 33 0D 93  ..i.E@M.!....3..
0060: 72 43 50 B6 97 1B 2C 11   7F 8F 51 F7 FF 6F 91 FE  rCP...,...Q..o..
0070: D5 A0 40 62 D9 DE CD 12   C0 75 58 13 34 05 D9 42  ..@b.....uX.4..B
0080: 81 4A 61 68 1D 84 FF 85   B8 D3 C6 77 77 73 3F 89  .Jah.......wws?.
0090: 81 8A F6 CA 7D FA 2B 0D   B1 F2 90 15 A1 1C 47 0C  ......+.......G.
00A0: C7 0A 14 64 86 57 A4 4D   DA 1B 10 09 95 5D 10 1A  ...d.W.M.....]..
00B0: BB 70 37 9E 95 91 55 CA   E7 95 F5 D0 EC D1 55 13  .p7...U.......U.
00C0: E4 09 68 D2 E0 52 17 F2   32 E5 D6 DB E8 A5 D6 93  ..h..R..2.......
00D0: 99 7E 87 4B A0 7F 0A 80   A2 9E 3B CD 5B 89 77 3D  ...K......;.[.w=
00E0: B7 37 84 AF C7 04 E4 0D   5A 40 C0 11 32 44 AB C6  .7......Z@..2D..
00F0: F8 BF 89 A7 46 4A AB E8   09 1C 94 A0 9B B4 08 B1  ....FJ..........

]
2023-09-14 12:53:48,390 [Time-limited test] INFO  ssl.ReloadingX509TrustManager (ReloadingX509TrustManager.java:insertCertsToKeystore(188)) - Trust manager is loaded with certificates
2023-09-14 12:53:48,390 [Time-limited test] INFO  ssl.ReloadingX509TrustManager (ReloadingX509TrustManager.java:insertCertsToKeystore(192)) - [
[
  Version: V3
  Subject: O=cluster1, OU=scm1, CN=rootCA@localhost
  Signature Algorithm: SHA256withRSA, OID = 1.2.840.113549.1.1.11

  Key:  Sun RSA public key, 2048 bits
  params: null
  modulus: 23014159046731033540302244348396078284276034482682836725135533403685971964459050581644797008238116333833123306731508060005599094225111661355966029174491108009740510223934617091868839930150006808288094662531292056351537253132856595646453342153494982872516334088819146692777738900868963573046050511811487193364912803364782781423375518553515872458267847849336516832430863523423869554094010214985515580001061512699226677226254760434410890242025008263483379787963450974848940086791438989185493492545794428524534241284719661884000034640737132030111857614307301910796545948960067433119216155066192185445616408454864768655249
  public exponent: 65537
  Validity: [From: Thu Sep 14 12:53:48 UTC 2023,
               To: Sun Oct 22 12:53:48 UTC 2028]
  Issuer: O=cluster1, OU=scm1, CN=rootCA@localhost
  SerialNumber: [    01]

Certificate Extensions: 2
[1]: ObjectId: 2.5.29.19 Criticality=true
BasicConstraints:[
  CA:true
  PathLen:2147483647
]

[2]: ObjectId: 2.5.29.15 Criticality=true
KeyUsage [
  Key_CertSign
  Crl_Sign
]

]
  Algorithm: [SHA256withRSA]
  Signature:
0000: AA CA 1A E9 E5 12 48 5C   7E C9 7A 39 F1 AF 98 1F  ......H\..z9....
0010: 64 F7 34 BC 5E D8 8F 43   E1 96 75 C7 B4 21 66 E9  d.4.^..C..u..!f.
0020: 0D 3E 6B 4B 58 C4 74 1F   36 D4 E1 DD 41 4B 5F 22  .>kKX.t.6...AK_"
0030: 20 67 0C 25 C8 3C DA 1F   01 AA CE C4 4C 6A AB 47   g.%.<......Lj.G
0040: 99 0B B4 FA 19 95 8A 7F   9C E7 CD E6 B4 54 C8 76  .............T.v
0050: E9 87 69 E9 45 40 4D 90   21 C2 95 82 A0 33 0D 93  ..i.E@M.!....3..
0060: 72 43 50 B6 97 1B 2C 11   7F 8F 51 F7 FF 6F 91 FE  rCP...,...Q..o..
0070: D5 A0 40 62 D9 DE CD 12   C0 75 58 13 34 05 D9 42  ..@b.....uX.4..B
0080: 81 4A 61 68 1D 84 FF 85   B8 D3 C6 77 77 73 3F 89  .Jah.......wws?.
0090: 81 8A F6 CA 7D FA 2B 0D   B1 F2 90 15 A1 1C 47 0C  ......+.......G.
00A0: C7 0A 14 64 86 57 A4 4D   DA 1B 10 09 95 5D 10 1A  ...d.W.M.....]..
00B0: BB 70 37 9E 95 91 55 CA   E7 95 F5 D0 EC D1 55 13  .p7...U.......U.
00C0: E4 09 68 D2 E0 52 17 F2   32 E5 D6 DB E8 A5 D6 93  ..h..R..2.......
00D0: 99 7E 87 4B A0 7F 0A 80   A2 9E 3B CD 5B 89 77 3D  ...K......;.[.w=
00E0: B7 37 84 AF C7 04 E4 0D   5A 40 C0 11 32 44 AB C6  .7......Z@..2D..
00F0: F8 BF 89 A7 46 4A AB E8   09 1C 94 A0 9B B4 08 B1  ....FJ..........

]
2023-09-14 12:53:48,392 [Time-limited test] INFO  ssl.ReloadingX509KeyManager (ReloadingX509KeyManager.java:loadKeyManager(222)) - Key manager is loaded with certificate chain
2023-09-14 12:53:48,392 [Time-limited test] INFO  ssl.ReloadingX509KeyManager (ReloadingX509KeyManager.java:loadKeyManager(224)) - [
[
  Version: V3
  Subject: O=cluster1, OU=scm1, CN=localhost
  Signature Algorithm: SHA256withRSA, OID = 1.2.840.113549.1.1.11

  Key:  Sun RSA public key, 2048 bits
  params: null
  modulus: 23387973840407263852033697416665092021618462829329261200657418016264605814192887611847677470123710099014085025395401329238307574627503958887725365860317174870143773916680742158822216565826087524500782099057553613299757420520177619022464000410309011805770553324338785014118428846537493010598421781904691174838858065329094518241475776441081335507909690316502955210479321326718301663915749721130424298134619588951989547924401987700782274558556340243143979607751428330562013693454664190606831045373011919274335851122177038535836026440039893247976497868875287766900325259482991004083795644632422162217285500146968370401909
  public exponent: 65537
  Validity: [From: Thu Sep 14 12:53:48 UTC 2023,
               To: Fri Sep 13 12:53:48 UTC 2024]
  Issuer: O=cluster1, OU=scm1, CN=rootCA@localhost
  SerialNumber: [    026317ae 4eda]

Certificate Extensions: 1
[1]: ObjectId: 2.5.29.15 Criticality=true
KeyUsage [
  DigitalSignature
  Key_Encipherment
  Data_Encipherment
  Key_Agreement
]

]
  Algorithm: [SHA256withRSA]
  Signature:
0000: 83 6A 5E CD 84 2E EE FD   CA 72 2A 86 03 80 15 A4  .j^......r*.....
0010: 03 8C 79 16 F3 5E 5F 85   14 2A 51 AB 52 3F E5 27  ..y..^_..*Q.R?.'
0020: FF CF 64 24 2E A9 8F 4E   B7 88 3A 58 01 EE FE 6A  ..d$...N..:X...j
0030: 88 20 FD E0 B7 41 40 4E   46 5D 1F A9 0B BB 13 B6  . ...A@NF]......
0040: CE 2A 02 73 8D 99 62 F9   CC CC 8B F7 AE 27 1C 85  .*.s..b......'..
0050: F2 19 6C B0 A9 3A 2F B7   08 7E 19 2B 60 B4 04 F5  ..l..:/....+`...
0060: D0 3D 85 11 30 7B 47 08   FE 2F D6 90 3E 01 AD CC  .=..0.G../..>...
0070: 83 82 A9 B1 6E 0B 99 2F   B4 CA 7B D4 2F 99 F0 45  ....n../..../..E
0080: C7 1A 3D 65 36 EA B9 61   93 B0 76 74 5A 2E EB B5  ..=e6..a..vtZ...
0090: 22 DB 04 67 33 D4 23 EF   17 F9 35 F0 18 A4 CA F6  "..g3.#...5.....
00A0: 07 1D F0 DD D1 BA 8B 0C   6A B8 BB 38 25 90 82 E4  ........j..8%...
00B0: 84 5A 1A 69 AE C5 55 44   6D 2E 85 40 DB 3F 9D 8D  .Z.i..UDm..@.?..
00C0: 67 50 7D 5C A1 9C 38 A9   9C 7A 6D 5F 87 4E 5F 9B  gP.\..8..zm_.N_.
00D0: 6F 1C 58 4C 23 38 EF 90   1D E9 49 BA 7B F1 D6 AD  o.XL#8....I.....
00E0: 56 F6 26 58 6C 76 4C 89   FC D4 DB 5D D2 55 DE 8E  V.&XlvL....].U..
00F0: 6C C5 A9 08 FA 94 A9 F0   31 B1 8E EF F2 4A 27 7E  l.......1....J'.

]
2023-09-14 12:53:48,393 [Time-limited test] INFO  ssl.ReloadingX509KeyManager (ReloadingX509KeyManager.java:loadKeyManager(224)) - [
[
  Version: V3
  Subject: O=cluster1, OU=scm1, CN=rootCA@localhost
  Signature Algorithm: SHA256withRSA, OID = 1.2.840.113549.1.1.11

  Key:  Sun RSA public key, 2048 bits
  params: null
  modulus: 23014159046731033540302244348396078284276034482682836725135533403685971964459050581644797008238116333833123306731508060005599094225111661355966029174491108009740510223934617091868839930150006808288094662531292056351537253132856595646453342153494982872516334088819146692777738900868963573046050511811487193364912803364782781423375518553515872458267847849336516832430863523423869554094010214985515580001061512699226677226254760434410890242025008263483379787963450974848940086791438989185493492545794428524534241284719661884000034640737132030111857614307301910796545948960067433119216155066192185445616408454864768655249
  public exponent: 65537
  Validity: [From: Thu Sep 14 12:53:48 UTC 2023,
               To: Sun Oct 22 12:53:48 UTC 2028]
  Issuer: O=cluster1, OU=scm1, CN=rootCA@localhost
  SerialNumber: [    01]

Certificate Extensions: 2
[1]: ObjectId: 2.5.29.19 Criticality=true
BasicConstraints:[
  CA:true
  PathLen:2147483647
]

[2]: ObjectId: 2.5.29.15 Criticality=true
KeyUsage [
  Key_CertSign
  Crl_Sign
]

]
  Algorithm: [SHA256withRSA]
  Signature:
0000: AA CA 1A E9 E5 12 48 5C   7E C9 7A 39 F1 AF 98 1F  ......H\..z9....
0010: 64 F7 34 BC 5E D8 8F 43   E1 96 75 C7 B4 21 66 E9  d.4.^..C..u..!f.
0020: 0D 3E 6B 4B 58 C4 74 1F   36 D4 E1 DD 41 4B 5F 22  .>kKX.t.6...AK_"
0030: 20 67 0C 25 C8 3C DA 1F   01 AA CE C4 4C 6A AB 47   g.%.<......Lj.G
0040: 99 0B B4 FA 19 95 8A 7F   9C E7 CD E6 B4 54 C8 76  .............T.v
0050: E9 87 69 E9 45 40 4D 90   21 C2 95 82 A0 33 0D 93  ..i.E@M.!....3..
0060: 72 43 50 B6 97 1B 2C 11   7F 8F 51 F7 FF 6F 91 FE  rCP...,...Q..o..
0070: D5 A0 40 62 D9 DE CD 12   C0 75 58 13 34 05 D9 42  ..@b.....uX.4..B
0080: 81 4A 61 68 1D 84 FF 85   B8 D3 C6 77 77 73 3F 89  .Jah.......wws?.
0090: 81 8A F6 CA 7D FA 2B 0D   B1 F2 90 15 A1 1C 47 0C  ......+.......G.
00A0: C7 0A 14 64 86 57 A4 4D   DA 1B 10 09 95 5D 10 1A  ...d.W.M.....]..
00B0: BB 70 37 9E 95 91 55 CA   E7 95 F5 D0 EC D1 55 13  .p7...U.......U.
00C0: E4 09 68 D2 E0 52 17 F2   32 E5 D6 DB E8 A5 D6 93  ..h..R..2.......
00D0: 99 7E 87 4B A0 7F 0A 80   A2 9E 3B CD 5B 89 77 3D  ...K......;.[.w=
00E0: B7 37 84 AF C7 04 E4 0D   5A 40 C0 11 32 44 AB C6  .7......Z@..2D..
00F0: F8 BF 89 A7 46 4A AB E8   09 1C 94 A0 9B B4 08 B1  ....FJ..........

]
2023-09-14 12:53:48,393 [Time-limited test] INFO  ssl.ReloadingX509TrustManager (ReloadingX509TrustManager.java:insertCertsToKeystore(188)) - Trust manager is loaded with certificates
2023-09-14 12:53:48,393 [Time-limited test] INFO  ssl.ReloadingX509TrustManager (ReloadingX509TrustManager.java:insertCertsToKeystore(192)) - [
[
  Version: V3
  Subject: O=cluster1, OU=scm1, CN=rootCA@localhost
  Signature Algorithm: SHA256withRSA, OID = 1.2.840.113549.1.1.11

  Key:  Sun RSA public key, 2048 bits
  params: null
  modulus: 23014159046731033540302244348396078284276034482682836725135533403685971964459050581644797008238116333833123306731508060005599094225111661355966029174491108009740510223934617091868839930150006808288094662531292056351537253132856595646453342153494982872516334088819146692777738900868963573046050511811487193364912803364782781423375518553515872458267847849336516832430863523423869554094010214985515580001061512699226677226254760434410890242025008263483379787963450974848940086791438989185493492545794428524534241284719661884000034640737132030111857614307301910796545948960067433119216155066192185445616408454864768655249
  public exponent: 65537
  Validity: [From: Thu Sep 14 12:53:48 UTC 2023,
               To: Sun Oct 22 12:53:48 UTC 2028]
  Issuer: O=cluster1, OU=scm1, CN=rootCA@localhost
  SerialNumber: [    01]

Certificate Extensions: 2
[1]: ObjectId: 2.5.29.19 Criticality=true
BasicConstraints:[
  CA:true
  PathLen:2147483647
]

[2]: ObjectId: 2.5.29.15 Criticality=true
KeyUsage [
  Key_CertSign
  Crl_Sign
]

]
  Algorithm: [SHA256withRSA]
  Signature:
0000: AA CA 1A E9 E5 12 48 5C   7E C9 7A 39 F1 AF 98 1F  ......H\..z9....
0010: 64 F7 34 BC 5E D8 8F 43   E1 96 75 C7 B4 21 66 E9  d.4.^..C..u..!f.
0020: 0D 3E 6B 4B 58 C4 74 1F   36 D4 E1 DD 41 4B 5F 22  .>kKX.t.6...AK_"
0030: 20 67 0C 25 C8 3C DA 1F   01 AA CE C4 4C 6A AB 47   g.%.<......Lj.G
0040: 99 0B B4 FA 19 95 8A 7F   9C E7 CD E6 B4 54 C8 76  .............T.v
0050: E9 87 69 E9 45 40 4D 90   21 C2 95 82 A0 33 0D 93  ..i.E@M.!....3..
0060: 72 43 50 B6 97 1B 2C 11   7F 8F 51 F7 FF 6F 91 FE  rCP...,...Q..o..
0070: D5 A0 40 62 D9 DE CD 12   C0 75 58 13 34 05 D9 42  ..@b.....uX.4..B
0080: 81 4A 61 68 1D 84 FF 85   B8 D3 C6 77 77 73 3F 89  .Jah.......wws?.
0090: 81 8A F6 CA 7D FA 2B 0D   B1 F2 90 15 A1 1C 47 0C  ......+.......G.
00A0: C7 0A 14 64 86 57 A4 4D   DA 1B 10 09 95 5D 10 1A  ...d.W.M.....]..
00B0: BB 70 37 9E 95 91 55 CA   E7 95 F5 D0 EC D1 55 13  .p7...U.......U.
00C0: E4 09 68 D2 E0 52 17 F2   32 E5 D6 DB E8 A5 D6 93  ..h..R..2.......
00D0: 99 7E 87 4B A0 7F 0A 80   A2 9E 3B CD 5B 89 77 3D  ...K......;.[.w=
00E0: B7 37 84 AF C7 04 E4 0D   5A 40 C0 11 32 44 AB C6  .7......Z@..2D..
00F0: F8 BF 89 A7 46 4A AB E8   09 1C 94 A0 9B B4 08 B1  ....FJ..........

]
2023-09-14 12:53:48,396 [Time-limited test] WARN  impl.MetricsConfig (MetricsConfig.java:loadFirst(136)) - Cannot locate configuration: tried hadoop-metrics2-ozonemanager.properties,hadoop-metrics2.properties
2023-09-14 12:53:48,400 [Time-limited test] INFO  impl.MetricsSystemImpl (MetricsSystemImpl.java:startTimer(378)) - Scheduled Metric snapshot period at 10 second(s).
2023-09-14 12:53:48,400 [Time-limited test] INFO  impl.MetricsSystemImpl (MetricsSystemImpl.java:start(191)) - OzoneManager metrics system started
2023-09-14 12:53:48,416 [Time-limited test] INFO  impl.MetricsSinkAdapter (MetricsSinkAdapter.java:start(204)) - Sink prometheus started
2023-09-14 12:53:48,416 [Time-limited test] INFO  impl.MetricsSystemImpl (MetricsSystemImpl.java:registerSink(305)) - Registered sink prometheus
2023-09-14 12:53:48,431 [Time-limited test] INFO  om.OzoneManager (OzoneManager.java:start(1633)) - OzoneManager RPC server is listening at fv-az187-373.4biwkquksivelc4kanrnlgeoof.gx.internal.cloudapp.net/10.1.0.236:1202
2023-09-14 12:53:48,431 [Time-limited test] INFO  ratis.OzoneManagerRatisServer (OzoneManagerRatisServer.java:start(558)) - Starting OzoneManagerRatisServer om1 at port 9872
2023-09-14 12:53:48,433 [om1-impl-thread1] INFO  storage.RaftStorageDirectory (RaftStorageDirectoryImpl.java:analyzeStorage(137)) - The storage directory /tmp/junit4886805691777488248/junit9049943732841564681/om-meta/ratis/bf265839-605b-3f16-9796-c5ba1605619e does not exist. Creating ...
2023-09-14 12:53:48,442 [om1-impl-thread1] INFO  storage.RaftStorageDirectory (RaftStorageDirectoryImpl.java:tryLock(231)) - Lock on /tmp/junit4886805691777488248/junit9049943732841564681/om-meta/ratis/bf265839-605b-3f16-9796-c5ba1605619e/in_use.lock acquired by nodename 22730@fv-az187-373
2023-09-14 12:53:48,447 [om1-impl-thread1] INFO  storage.RaftStorage (RaftStorageImpl.java:format(96)) - Storage directory /tmp/junit4886805691777488248/junit9049943732841564681/om-meta/ratis/bf265839-605b-3f16-9796-c5ba1605619e has been successfully formatted.
2023-09-14 12:53:48,449 [om1-impl-thread1] INFO  server.RaftServerConfigKeys (ConfUtils.java:logGet(46)) - raft.server.log.use.memory = false (default)
2023-09-14 12:53:48,455 [om1-impl-thread1] INFO  server.RaftServerConfigKeys (ConfUtils.java:logGet(46)) - raft.server.log.purge.gap = 1000000 (custom)
2023-09-14 12:53:48,455 [om1-impl-thread1] INFO  server.RaftServerConfigKeys (ConfUtils.java:logGet(46)) - raft.server.log.appender.buffer.byte-limit = 33554432 (custom)
2023-09-14 12:53:48,457 [om1-impl-thread1] INFO  server.RaftServerConfigKeys (ConfUtils.java:logGet(46)) - raft.server.log.statemachine.data.read.timeout = 1000ms (default)
2023-09-14 12:53:48,458 [om1-impl-thread1] INFO  server.RaftServerConfigKeys (ConfUtils.java:logGet(46)) - raft.server.log.purge.preservation.log.num = 0 (default)
2023-09-14 12:53:48,459 [om1-impl-thread1] INFO  server.RaftServerConfigKeys (ConfUtils.java:logGet(46)) - raft.server.log.segment.size.max = 4194304 (custom)
2023-09-14 12:53:48,464 [om1-impl-thread1] INFO  server.RaftServerConfigKeys (ConfUtils.java:logGet(46)) - raft.server.log.segment.cache.num.max = 2 (custom)
2023-09-14 12:53:48,464 [om1-impl-thread1] INFO  server.RaftServerConfigKeys (ConfUtils.java:logGet(46)) - raft.server.log.segment.cache.size.max = 200MB (=209715200) (default)
2023-09-14 12:53:48,464 [om1-impl-thread1] INFO  server.RaftServerConfigKeys (ConfUtils.java:logGet(46)) - raft.server.log.appender.buffer.byte-limit = 33554432 (custom)
2023-09-14 12:53:48,469 [om1-impl-thread1] INFO  segmented.SegmentedRaftLogWorker (SegmentedRaftLogWorker.java:<init>(188)) - new om1@group-C5BA1605619E-SegmentedRaftLogWorker for RaftStorageImpl:Storage Directory /tmp/junit4886805691777488248/junit9049943732841564681/om-meta/ratis/bf265839-605b-3f16-9796-c5ba1605619e
2023-09-14 12:53:48,469 [om1-impl-thread1] INFO  server.RaftServerConfigKeys (ConfUtils.java:logGet(46)) - raft.server.log.queue.byte-limit = 64MB (=67108864) (default)
2023-09-14 12:53:48,470 [om1-impl-thread1] INFO  server.RaftServerConfigKeys (ConfUtils.java:logGet(46)) - raft.server.log.queue.element-limit = 4096 (default)
2023-09-14 12:53:48,470 [om1-impl-thread1] INFO  server.RaftServerConfigKeys (ConfUtils.java:logGet(46)) - raft.server.log.segment.size.max = 4194304 (custom)
2023-09-14 12:53:48,471 [om1-impl-thread1] INFO  server.RaftServerConfigKeys (ConfUtils.java:logGet(46)) - raft.server.log.preallocated.size = 4194304 (custom)
2023-09-14 12:53:48,471 [om1-impl-thread1] INFO  server.RaftServerConfigKeys (ConfUtils.java:logGet(46)) - raft.server.log.force.sync.num = 128 (default)
2023-09-14 12:53:48,472 [om1-impl-thread1] INFO  server.RaftServerConfigKeys (ConfUtils.java:logGet(46)) - raft.server.log.statemachine.data.sync = true (default)
2023-09-14 12:53:48,472 [om1-impl-thread1] INFO  server.RaftServerConfigKeys (ConfUtils.java:logGet(46)) - raft.server.log.statemachine.data.sync.timeout = 10s (default)
2023-09-14 12:53:48,473 [om1-impl-thread1] INFO  server.RaftServerConfigKeys (ConfUtils.java:logGet(46)) - raft.server.log.statemachine.data.sync.timeout.retry = -1 (default)
2023-09-14 12:53:48,480 [om1-impl-thread1] INFO  server.RaftServerConfigKeys (ConfUtils.java:logGet(46)) - raft.server.log.write.buffer.size = 64KB (=65536) (default)
2023-09-14 12:53:48,480 [om1-impl-thread1] INFO  server.RaftServerConfigKeys (ConfUtils.java:logGet(46)) - raft.server.log.appender.buffer.byte-limit = 33554432 (custom)
2023-09-14 12:53:48,485 [om1-impl-thread1] INFO  server.RaftServerConfigKeys (ConfUtils.java:logGet(46)) - raft.server.log.unsafe-flush.enabled = false (default)
2023-09-14 12:53:48,485 [om1-impl-thread1] INFO  server.RaftServerConfigKeys (ConfUtils.java:logGet(46)) - raft.server.log.async-flush.enabled = false (default)
2023-09-14 12:53:48,485 [om1-impl-thread1] INFO  server.RaftServerConfigKeys (ConfUtils.java:logGet(46)) - raft.server.log.statemachine.data.caching.enabled = false (default)
2023-09-14 12:53:48,490 [om1-impl-thread1] INFO  segmented.SegmentedRaftLogWorker (SegmentedRaftLogWorker.java:lambda$new$0(135)) - om1@group-C5BA1605619E-SegmentedRaftLogWorker: flushIndex: setUnconditionally 0 -> -1
2023-09-14 12:53:48,490 [om1-impl-thread1] INFO  segmented.SegmentedRaftLogWorker (SegmentedRaftLogWorker.java:lambda$new$0(135)) - om1@group-C5BA1605619E-SegmentedRaftLogWorker: safeCacheEvictIndex: setUnconditionally 0 -> -1
2023-09-14 12:53:48,491 [om1-impl-thread1] INFO  server.RaftServer$Division (RaftServerImpl.java:start(342)) - om1@group-C5BA1605619E: start as a follower, conf=-1: peers:[om1|rpc:fv-az187-373.4biwkquksivelc4kanrnlgeoof.gx.internal.cloudapp.net:9872|priority:0|startupRole:FOLLOWER]|listeners:[], old=null
2023-09-14 12:53:48,491 [om1-impl-thread1] INFO  server.RaftServer$Division (RaftServerImpl.java:setRole(329)) - om1@group-C5BA1605619E: changes role from      null to FOLLOWER at term 0 for startAsFollower
2023-09-14 12:53:48,493 [om1-impl-thread1] INFO  impl.RoleInfo (RoleInfo.java:updateAndGet(139)) - om1: start om1@group-C5BA1605619E-FollowerState
2023-09-14 12:53:48,493 [om1@group-C5BA1605619E-FollowerState] INFO  server.RaftServerConfigKeys (ConfUtils.java:logFallback(53)) - raft.server.rpc.first-election.timeout.min = 5s (fallback to raft.server.rpc.timeout.min)
2023-09-14 12:53:48,493 [om1@group-C5BA1605619E-FollowerState] INFO  server.RaftServerConfigKeys (ConfUtils.java:logFallback(53)) - raft.server.rpc.first-election.timeout.max = 5200ms (fallback to raft.server.rpc.timeout.max)
2023-09-14 12:53:48,494 [om1-impl-thread1] INFO  util.JmxRegister (JmxRegister.java:tryRegister(44)) - Successfully registered JMX Bean with object name Ratis:service=RaftServer,group=group-C5BA1605619E,id=om1
2023-09-14 12:53:48,495 [om1-impl-thread1] INFO  server.RaftServerConfigKeys (ConfUtils.java:logGet(46)) - raft.server.snapshot.auto.trigger.enabled = true (custom)
2023-09-14 12:53:48,496 [om1-impl-thread1] INFO  server.RaftServerConfigKeys (ConfUtils.java:logGet(46)) - raft.server.snapshot.auto.trigger.threshold = 400000 (default)
2023-09-14 12:53:48,496 [om1-impl-thread1] INFO  server.RaftServerConfigKeys (ConfUtils.java:logGet(46)) - raft.server.snapshot.retention.file.num = -1 (default)
2023-09-14 12:53:48,496 [om1-impl-thread1] INFO  server.RaftServerConfigKeys (ConfUtils.java:logGet(46)) - raft.server.log.purge.upto.snapshot.index = true (custom)
2023-09-14 12:53:48,499 [Time-limited test] INFO  server.RaftServer (RaftServerProxy.java:startImpl(400)) - om1: start RPC server
2023-09-14 12:53:48,500 [Time-limited test] INFO  server.GrpcService (GrpcService.java:startImpl(302)) - om1: GrpcService started, listening on 9872
2023-09-14 12:53:48,500 [JvmPauseMonitor2] INFO  util.JvmPauseMonitor (OzoneManager.java:startSecretManager(1106)) - Starting OM delegation token secret manager
JvmPauseMonitor.java:run(103)) - JvmPauseMonitor-om1: Started
2023-09-14 12:53:48,500 [Time-limited test] INFO  om.OzoneManager (OzoneManager.java:startSecretManager(1106)) - Starting OM delegation token secret manager
2023-09-14 12:53:48,501 [Time-limited test] INFO  security.OzoneDelegationTokenSecretManager (OzoneSecretManager.java:updateCurrentKey(175)) - Updating current master key for generating tokens. Cert id 2624622317274
2023-09-14 12:53:48,503 [Thread[Thread-711,5,FailOnTimeoutGroup]] INFO  security.OzoneDelegationTokenSecretManager (OzoneDelegationTokenSecretManager.java:run(636)) - Starting expired delegation token remover thread, tokenRemoverScanInterval=60 min(s)
2023-09-14 12:53:48,503 [Time-limited test] INFO  om.OzoneManager (OzoneManager.java:start(1649)) - Version File has different layout version (6) than OM DB (null). That is expected if this OM has never been finalized to a newer layout version.
2023-09-14 12:53:48,522 [Time-limited test] INFO  http.BaseHttpServer (BaseHttpServer.java:newHttpServer2BuilderForOzone(223)) - Starting Web-server for ozoneManager at: http://0.0.0.0:9874
2023-09-14 12:53:48,522 [Time-limited test] INFO  http.BaseHttpServer (BaseHttpServer.java:<init>(110)) - Hadoop Security Enabled: true Ozone Security Enabled: true Ozone HTTP Security Enabled: false 
2023-09-14 12:53:48,523 [Time-limited test] WARN  server.AuthenticationFilter (AuthenticationFilter.java:constructSecretProvider(240)) - Unable to initialize FileSignerSecretProvider, falling back to use random secrets. Reason: Could not read signature secret file: /home/runner/hadoop-http-auth-signature-secret
2023-09-14 12:53:48,525 [Time-limited test] INFO  http.HttpRequestLog (HttpRequestLog.java:getRequestLog(86)) - Http request log for http.requests.ozoneManager is not defined
2023-09-14 12:53:48,527 [Time-limited test] INFO  http.HttpServer2 (HttpServer2.java:addGlobalFilter(1031)) - Added global filter 'safety' (class=org.apache.hadoop.hdds.server.http.HttpServer2$QuotingInputFilter)
2023-09-14 12:53:48,529 [Time-limited test] INFO  http.HttpServer2 (HttpServer2.java:addFilter(1007)) - Added filter static_user_filter (class=org.apache.hadoop.http.lib.StaticUserWebFilter$StaticUserFilter) to context ozoneManager
2023-09-14 12:53:48,529 [Time-limited test] INFO  http.HttpServer2 (HttpServer2.java:addFilter(1015)) - Added filter static_user_filter (class=org.apache.hadoop.http.lib.StaticUserWebFilter$StaticUserFilter) to context logs
2023-09-14 12:53:48,529 [Time-limited test] INFO  http.HttpServer2 (HttpServer2.java:addFilter(1015)) - Added filter static_user_filter (class=org.apache.hadoop.http.lib.StaticUserWebFilter$StaticUserFilter) to context static
2023-09-14 12:53:48,530 [Time-limited test] INFO  http.BaseHttpServer (BaseHttpServer.java:<init>(189)) - HTTP server of ozoneManager uses base directory /tmp/junit4886805691777488248/junit9049943732841564681/om-meta/webserver
2023-09-14 12:53:48,533 [Time-limited test] INFO  http.HttpServer2 (HttpServer2.java:bindListener(1231)) - Jetty bound to port 9874
2023-09-14 12:53:48,533 [Time-limited test] INFO  server.Server (Server.java:doStart(375)) - jetty-9.4.51.v20230217; built: 2023-02-17T08:19:37.309Z; git: b45c405e4544384de066f814ed42ae3dceacdd49; jvm 1.8.0_382-b05
2023-09-14 12:53:48,541 [Time-limited test] INFO  server.session (DefaultSessionIdManager.java:doStart(334)) - DefaultSessionIdManager workerName=node0
2023-09-14 12:53:48,541 [Time-limited test] INFO  server.session (DefaultSessionIdManager.java:doStart(339)) - No SessionScavenger set, using defaults
2023-09-14 12:53:48,541 [Time-limited test] INFO  server.session (HouseKeeper.java:startScavenging(132)) - node0 Scavenging every 600000ms
2023-09-14 12:53:48,541 [Time-limited test] INFO  handler.ContextHandler (ContextHandler.java:doStart(921)) - Started o.e.j.s.ServletContextHandler@5c026f6a{logs,/logs,file:///home/runner/work/ozone/ozone/hadoop-ozone/integration-test/target/log,AVAILABLE}
2023-09-14 12:53:48,542 [Time-limited test] INFO  handler.ContextHandler (ContextHandler.java:doStart(921)) - Started o.e.j.s.ServletContextHandler@5cdeda71{static,/static,file:///home/runner/work/ozone/ozone/hadoop-ozone/integration-test/target/test-classes/webapps/static,AVAILABLE}
2023-09-14 12:53:48,545 [Time-limited test] INFO  handler.ContextHandler (ContextHandler.java:doStart(921)) - Started o.e.j.w.WebAppContext@3bd2e3fa{ozoneManager,/,file:///home/runner/work/ozone/ozone/hadoop-ozone/integration-test/target/test-classes/webapps/ozoneManager/,AVAILABLE}{file:/home/runner/work/ozone/ozone/hadoop-ozone/integration-test/target/test-classes/webapps/ozoneManager}
2023-09-14 12:53:48,547 [Time-limited test] INFO  server.AbstractConnector (AbstractConnector.java:doStart(333)) - Started ServerConnector@1fe032e7{HTTP/1.1, (http/1.1)}{0.0.0.0:9874}
2023-09-14 12:53:48,547 [Time-limited test] INFO  server.Server (Server.java:doStart(415)) - Started @23522ms
2023-09-14 12:53:48,547 [Time-limited test] WARN  impl.MetricsSystemImpl (MetricsSystemImpl.java:register(279)) - Sink prometheus already exists!
2023-09-14 12:53:48,548 [Time-limited test] INFO  http.BaseHttpServer (BaseHttpServer.java:updateConnectorAddress(354)) - HTTP server of ozoneManager listening at http://0.0.0.0:9874
2023-09-14 12:53:48,548 [IPC Server Responder] INFO  ipc.Server (Server.java:run(1562)) - IPC Server Responder: starting
2023-09-14 12:53:48,548 [IPC Server listener on 1202] INFO  ipc.Server (Server.java:run(1402)) - IPC Server listener on 1202: starting
2023-09-14 12:53:48,564 [Time-limited test] INFO  om.OzoneManager (OzoneManager.java:startTrashEmptier(2101)) - Trash Interval set to 0. Files deleted won't move to trash
2023-09-14 12:53:48,622 [pool-139-thread-1] INFO  request.TgsRequest (TgsRequest.java:issueTicket(115)) - TGS_REQ ISSUE: authtime 1694696028622,om/fv-az187-373.4biwkquksivelc4kanrnlgeoof.gx.internal.cloudapp.net for om/fv-az187-373.4biwkquksivelc4kanrnlgeoof.gx.internal.cloudapp.net@EXAMPLE.COM
2023-09-14 12:53:48,630 [Socket Reader #1 for port 1202] INFO  ipc.Server (Server.java:saslProcess(2139)) - Auth successful for om/fv-az187-373.4biwkquksivelc4kanrnlgeoof.gx.internal.cloudapp.net@EXAMPLE.COM (auth:KERBEROS) from fv-az187-373.4biwkquksivelc4kanrnlgeoof.gx.internal.cloudapp.net:34081 / 10.1.0.236:34081
2023-09-14 12:53:50,707 [Time-limited test] INFO  retry.RetryInvocationHandler (RetryInvocationHandler.java:log(422)) - com.google.protobuf.ServiceException: org.apache.hadoop.ipc.RemoteException(org.apache.hadoop.ozone.om.exceptions.OMNotLeaderException): OM:om1 is not the leader. Could not determine the leader node.
	at org.apache.hadoop.ozone.om.OzoneManager.checkLeaderStatus(OzoneManager.java:4016)
	at org.apache.hadoop.ozone.om.ratis.utils.OzoneManagerRatisUtils.checkLeaderStatus(OzoneManagerRatisUtils.java:476)
	at org.apache.hadoop.ozone.protocolPB.OzoneManagerProtocolServerSideTranslatorPB.processRequest(OzoneManagerProtocolServerSideTranslatorPB.java:185)
	at org.apache.hadoop.hdds.server.OzoneProtocolMessageDispatcher.processRequest(OzoneProtocolMessageDispatcher.java:87)
	at org.apache.hadoop.ozone.protocolPB.OzoneManagerProtocolServerSideTranslatorPB.submitRequest(OzoneManagerProtocolServerSideTranslatorPB.java:148)
	at org.apache.hadoop.ozone.protocol.proto.OzoneManagerProtocolProtos$OzoneManagerService$2.callBlockingMethod(OzoneManagerProtocolProtos.java)
	at org.apache.hadoop.ipc.ProtobufRpcEngine$Server.processCall(ProtobufRpcEngine.java:484)
	at org.apache.hadoop.ipc.ProtobufRpcEngine2$Server$ProtoBufRpcInvoker.call(ProtobufRpcEngine2.java:595)
	at org.apache.hadoop.ipc.ProtobufRpcEngine2$Server$ProtoBufRpcInvoker.call(ProtobufRpcEngine2.java:573)
	at org.apache.hadoop.ipc.RPC$Server.call(RPC.java:1227)
	at org.apache.hadoop.ipc.Server$RpcCall.run(Server.java:1094)
	at org.apache.hadoop.ipc.Server$RpcCall.run(Server.java:1017)
	at java.security.AccessController.doPrivileged(Native Method)
	at javax.security.auth.Subject.doAs(Subject.java:422)
	at org.apache.hadoop.security.UserGroupInformation.doAs(UserGroupInformation.java:1899)
	at org.apache.hadoop.ipc.Server$Handler.run(Server.java:3048)
, while invoking $Proxy53.submitRequest over nodeId=null,nodeAddress=fv-az187-373.4biwkquksivelc4kanrnlgeoof.gx.internal.cloudapp.net:1202 after 1 failover attempts. Trying to failover after sleeping for 4000ms. Current retry count: 1.
2023-09-14 12:53:53,547 [om1@group-C5BA1605619E-FollowerState] INFO  impl.FollowerState (FollowerState.java:run(143)) - om1@group-C5BA1605619E-FollowerState: change to CANDIDATE, lastRpcElapsedTime:5055050485ns, electionTimeout:5053ms
2023-09-14 12:53:53,548 [om1@group-C5BA1605619E-FollowerState] INFO  impl.RoleInfo (RoleInfo.java:shutdownFollowerState(110)) - om1: shutdown om1@group-C5BA1605619E-FollowerState
2023-09-14 12:53:53,549 [om1@group-C5BA1605619E-FollowerState] INFO  server.RaftServer$Division (RaftServerImpl.java:setRole(329)) - om1@group-C5BA1605619E: changes role from  FOLLOWER to CANDIDATE at term 0 for changeToCandidate
2023-09-14 12:53:53,552 [om1@group-C5BA1605619E-FollowerState] INFO  server.RaftServerConfigKeys (ConfUtils.java:logGet(46)) - raft.server.leaderelection.pre-vote = true (default)
2023-09-14 12:53:53,552 [om1@group-C5BA1605619E-FollowerState] INFO  impl.RoleInfo (RoleInfo.java:updateAndGet(139)) - om1: start om1@group-C5BA1605619E-LeaderElection1
2023-09-14 12:53:53,559 [om1@group-C5BA1605619E-LeaderElection1] INFO  impl.LeaderElection (LeaderElection.java:askForVotes(321)) - om1@group-C5BA1605619E-LeaderElection1 PRE_VOTE round 0: submit vote requests at term 0 for -1: peers:[om1|rpc:fv-az187-373.4biwkquksivelc4kanrnlgeoof.gx.internal.cloudapp.net:9872|priority:0|startupRole:FOLLOWER]|listeners:[], old=null
2023-09-14 12:53:53,561 [om1@group-C5BA1605619E-LeaderElection1] INFO  impl.LeaderElection (LeaderElection.java:askForVotes(323)) - om1@group-C5BA1605619E-LeaderElection1 PRE_VOTE round 0: result PASSED (term=0)
2023-09-14 12:53:53,564 [om1@group-C5BA1605619E-LeaderElection1] INFO  impl.LeaderElection (LeaderElection.java:askForVotes(321)) - om1@group-C5BA1605619E-LeaderElection1 ELECTION round 0: submit vote requests at term 1 for -1: peers:[om1|rpc:fv-az187-373.4biwkquksivelc4kanrnlgeoof.gx.internal.cloudapp.net:9872|priority:0|startupRole:FOLLOWER]|listeners:[], old=null
2023-09-14 12:53:53,564 [om1@group-C5BA1605619E-LeaderElection1] INFO  impl.LeaderElection (LeaderElection.java:askForVotes(323)) - om1@group-C5BA1605619E-LeaderElection1 ELECTION round 0: result PASSED (term=1)
2023-09-14 12:53:53,564 [om1@group-C5BA1605619E-LeaderElection1] INFO  impl.RoleInfo (RoleInfo.java:shutdownLeaderElection(130)) - om1: shutdown om1@group-C5BA1605619E-LeaderElection1
2023-09-14 12:53:53,565 [om1@group-C5BA1605619E-LeaderElection1] INFO  server.RaftServer$Division (RaftServerImpl.java:setRole(329)) - om1@group-C5BA1605619E: changes role from CANDIDATE to LEADER at term 1 for changeToLeader
2023-09-14 12:53:53,566 [om1@group-C5BA1605619E-LeaderElection1] INFO  server.RaftServer$Division (ServerState.java:setLeader(317)) - om1@group-C5BA1605619E: change Leader from null to om1 at term 1 for becomeLeader, leader elected after 6278ms
2023-09-14 12:53:53,572 [om1@group-C5BA1605619E-LeaderElection1] INFO  server.RaftServerConfigKeys (ConfUtils.java:logGet(46)) - raft.server.staging.catchup.gap = 1000 (default)
2023-09-14 12:53:53,582 [om1@group-C5BA1605619E-LeaderElection1] INFO  server.RaftServerConfigKeys (ConfUtils.java:logGet(46)) - raft.server.write.element-limit = 4096 (default)
2023-09-14 12:53:53,583 [om1@group-C5BA1605619E-LeaderElection1] INFO  server.RaftServerConfigKeys (ConfUtils.java:logGet(46)) - raft.server.write.byte-limit = 64MB (=67108864) (default)
2023-09-14 12:53:53,587 [om1@group-C5BA1605619E-LeaderElection1] INFO  server.RaftServerConfigKeys (ConfUtils.java:logGet(46)) - raft.server.watch.timeout = 10s (default)
2023-09-14 12:53:53,587 [om1@group-C5BA1605619E-LeaderElection1] INFO  server.RaftServerConfigKeys (ConfUtils.java:logGet(46)) - raft.server.watch.timeout.denomination = 1s (default)
2023-09-14 12:53:53,589 [om1@group-C5BA1605619E-LeaderElection1] INFO  server.RaftServerConfigKeys (ConfUtils.java:logGet(46)) - raft.server.watch.element-limit = 65536 (default)
2023-09-14 12:53:53,593 [om1@group-C5BA1605619E-LeaderElection1] INFO  server.RaftServerConfigKeys (ConfUtils.java:logGet(46)) - raft.server.write.element-limit = 4096 (default)
2023-09-14 12:53:53,595 [om1@group-C5BA1605619E-LeaderElection1] INFO  server.RaftServerConfigKeys (ConfUtils.java:logGet(46)) - raft.server.write.follower.gap.ratio.max = -1.0 (default)
2023-09-14 12:53:53,596 [om1@group-C5BA1605619E-LeaderElection1] INFO  impl.RoleInfo (RoleInfo.java:updateAndGet(139)) - om1: start om1@group-C5BA1605619E-LeaderStateImpl
2023-09-14 12:53:53,610 [om1@group-C5BA1605619E-LeaderElection1] INFO  segmented.SegmentedRaftLogWorker (SegmentedRaftLogWorker.java:startLogSegment(447)) - om1@group-C5BA1605619E-SegmentedRaftLogWorker: Starting segment from index:0
2023-09-14 12:53:53,632 [om1@group-C5BA1605619E-LeaderElection1] INFO  server.RaftServer$Division (ServerState.java:setRaftConf(434)) - om1@group-C5BA1605619E: set configuration 0: peers:[om1|rpc:fv-az187-373.4biwkquksivelc4kanrnlgeoof.gx.internal.cloudapp.net:9872|admin:|client:|dataStream:|priority:0|startupRole:FOLLOWER]|listeners:[], old=null
2023-09-14 12:53:53,700 [om1@group-C5BA1605619E-SegmentedRaftLogWorker] INFO  segmented.SegmentedRaftLogWorker (SegmentedRaftLogWorker.java:execute(651)) - om1@group-C5BA1605619E-SegmentedRaftLogWorker: created new log segment /tmp/junit4886805691777488248/junit9049943732841564681/om-meta/ratis/bf265839-605b-3f16-9796-c5ba1605619e/current/log_inprogress_0
2023-09-14 12:53:53,786 [om1@group-C5BA1605619E-StateMachineUpdater] INFO  ratis.OzoneManagerStateMachine (OzoneManagerStateMachine.java:notifyConfigurationChanged(202)) - Received Configuration change notification from Ratis. New Peer list:
[id: "om1"
address: "fv-az187-373.4biwkquksivelc4kanrnlgeoof.gx.internal.cloudapp.net:9872"
startupRole: FOLLOWER
]
12:53:54.801 [OM StateMachine ApplyTransaction Thread - 0] ERROR OMAudit - user=om/fv-az187-373.4biwkquksivelc4kanrnlgeoof.gx.internal.cloudapp.net@EXAMPLE.COM | ip=10.1.0.236 | op=GET_S3_SECRET {S3GetSecretUser=om/fv-az187-373.4biwkquksivelc4kanrnlgeoof.gx.internal.cloudapp.net@EXAMPLE.COM} | ret=FAILURE
org.apache.hadoop.ozone.om.exceptions.OMException: Secret for 'om/fv-az187-373.4biwkquksivelc4kanrnlgeoof.gx.internal.cloudapp.net@EXAMPLE.COM' already exists
	at org.apache.hadoop.ozone.om.request.s3.security.S3GetSecretRequest.lambda$0(S3GetSecretRequest.java:178) ~[ozone-manager-1.4.0-SNAPSHOT.jar:?]
	at org.apache.hadoop.ozone.om.S3SecretLockedManager.doUnderLock(S3SecretLockedManager.java:85) ~[ozone-common-1.4.0-SNAPSHOT.jar:?]
	at org.apache.hadoop.ozone.om.request.s3.security.S3GetSecretRequest.validateAndUpdateCache(S3GetSecretRequest.java:153) ~[ozone-manager-1.4.0-SNAPSHOT.jar:?]
	at org.apache.hadoop.ozone.protocolPB.OzoneManagerRequestHandler.handleWriteRequest(OzoneManagerRequestHandler.java:373) ~[ozone-manager-1.4.0-SNAPSHOT.jar:?]
	at org.apache.hadoop.ozone.om.ratis.OzoneManagerStateMachine.runCommand(OzoneManagerStateMachine.java:568) ~[ozone-manager-1.4.0-SNAPSHOT.jar:?]
	at org.apache.hadoop.ozone.om.ratis.OzoneManagerStateMachine.lambda$1(OzoneManagerStateMachine.java:359) ~[ozone-manager-1.4.0-SNAPSHOT.jar:?]
	at java.util.concurrent.CompletableFuture$AsyncSupply.run(CompletableFuture.java:1604) [?:1.8.0_382]
	at java.util.concurrent.ThreadPoolExecutor.runWorker(ThreadPoolExecutor.java:1149) [?:1.8.0_382]
	at java.util.concurrent.ThreadPoolExecutor$Worker.run(ThreadPoolExecutor.java:624) [?:1.8.0_382]
	at java.lang.Thread.run(Thread.java:750) [?:1.8.0_382]
2023-09-14 12:53:54,812 [OM StateMachine ApplyTransaction Thread - 0] ERROR security.S3GetSecretRequest (S3GetSecretRequest.java:validateAndUpdateCache(232)) - Failed to GetSecret for accessKey 'om/fv-az187-373.4biwkquksivelc4kanrnlgeoof.gx.internal.cloudapp.net@EXAMPLE.COM', createIfNotExist 'true': {}
S3_SECRET_ALREADY_EXISTS org.apache.hadoop.ozone.om.exceptions.OMException: Secret for 'om/fv-az187-373.4biwkquksivelc4kanrnlgeoof.gx.internal.cloudapp.net@EXAMPLE.COM' already exists
	at org.apache.hadoop.ozone.om.request.s3.security.S3GetSecretRequest.lambda$0(S3GetSecretRequest.java:178)
	at org.apache.hadoop.ozone.om.S3SecretLockedManager.doUnderLock(S3SecretLockedManager.java:85)
	at org.apache.hadoop.ozone.om.request.s3.security.S3GetSecretRequest.validateAndUpdateCache(S3GetSecretRequest.java:153)
	at org.apache.hadoop.ozone.protocolPB.OzoneManagerRequestHandler.handleWriteRequest(OzoneManagerRequestHandler.java:373)
	at org.apache.hadoop.ozone.om.ratis.OzoneManagerStateMachine.runCommand(OzoneManagerStateMachine.java:568)
	at org.apache.hadoop.ozone.om.ratis.OzoneManagerStateMachine.lambda$1(OzoneManagerStateMachine.java:359)
	at java.util.concurrent.CompletableFuture$AsyncSupply.run(CompletableFuture.java:1604)
	at java.util.concurrent.ThreadPoolExecutor.runWorker(ThreadPoolExecutor.java:1149)
	at java.util.concurrent.ThreadPoolExecutor$Worker.run(ThreadPoolExecutor.java:624)
	at java.lang.Thread.run(Thread.java:750)
2023-09-14 12:53:54,831 [OM StateMachine ApplyTransaction Thread - 0] INFO  security.S3RevokeSecretRequest (S3RevokeSecretRequest.java:validateAndUpdateCache(127)) - Secret for om/fv-az187-373.4biwkquksivelc4kanrnlgeoof.gx.internal.cloudapp.net@EXAMPLE.COM is revoked.
12:53:54.850 [OM StateMachine ApplyTransaction Thread - 0] ERROR OMAudit - user=om/fv-az187-373.4biwkquksivelc4kanrnlgeoof.gx.internal.cloudapp.net@EXAMPLE.COM | ip=10.1.0.236 | op=GET_S3_SECRET {S3GetSecretUser=om/fv-az187-373.4biwkquksivelc4kanrnlgeoof.gx.internal.cloudapp.net@EXAMPLE.COM} | ret=FAILURE
org.apache.hadoop.ozone.om.exceptions.OMException: Secret for 'om/fv-az187-373.4biwkquksivelc4kanrnlgeoof.gx.internal.cloudapp.net@EXAMPLE.COM' already exists
	at org.apache.hadoop.ozone.om.request.s3.security.S3GetSecretRequest.lambda$0(S3GetSecretRequest.java:178) ~[ozone-manager-1.4.0-SNAPSHOT.jar:?]
	at org.apache.hadoop.ozone.om.S3SecretLockedManager.doUnderLock(S3SecretLockedManager.java:85) ~[ozone-common-1.4.0-SNAPSHOT.jar:?]
	at org.apache.hadoop.ozone.om.request.s3.security.S3GetSecretRequest.validateAndUpdateCache(S3GetSecretRequest.java:153) ~[ozone-manager-1.4.0-SNAPSHOT.jar:?]
	at org.apache.hadoop.ozone.protocolPB.OzoneManagerRequestHandler.handleWriteRequest(OzoneManagerRequestHandler.java:373) ~[ozone-manager-1.4.0-SNAPSHOT.jar:?]
	at org.apache.hadoop.ozone.om.ratis.OzoneManagerStateMachine.runCommand(OzoneManagerStateMachine.java:568) ~[ozone-manager-1.4.0-SNAPSHOT.jar:?]
	at org.apache.hadoop.ozone.om.ratis.OzoneManagerStateMachine.lambda$1(OzoneManagerStateMachine.java:359) ~[ozone-manager-1.4.0-SNAPSHOT.jar:?]
	at java.util.concurrent.CompletableFuture$AsyncSupply.run(CompletableFuture.java:1604) [?:1.8.0_382]
	at java.util.concurrent.ThreadPoolExecutor.runWorker(ThreadPoolExecutor.java:1149) [?:1.8.0_382]
	at java.util.concurrent.ThreadPoolExecutor$Worker.run(ThreadPoolExecutor.java:624) [?:1.8.0_382]
	at java.lang.Thread.run(Thread.java:750) [?:1.8.0_382]
2023-09-14 12:53:54,850 [OM StateMachine ApplyTransaction Thread - 0] ERROR security.S3GetSecretRequest (S3GetSecretRequest.java:validateAndUpdateCache(232)) - Failed to GetSecret for accessKey 'om/fv-az187-373.4biwkquksivelc4kanrnlgeoof.gx.internal.cloudapp.net@EXAMPLE.COM', createIfNotExist 'true': {}
S3_SECRET_ALREADY_EXISTS org.apache.hadoop.ozone.om.exceptions.OMException: Secret for 'om/fv-az187-373.4biwkquksivelc4kanrnlgeoof.gx.internal.cloudapp.net@EXAMPLE.COM' already exists
	at org.apache.hadoop.ozone.om.request.s3.security.S3GetSecretRequest.lambda$0(S3GetSecretRequest.java:178)
	at org.apache.hadoop.ozone.om.S3SecretLockedManager.doUnderLock(S3SecretLockedManager.java:85)
	at org.apache.hadoop.ozone.om.request.s3.security.S3GetSecretRequest.validateAndUpdateCache(S3GetSecretRequest.java:153)
	at org.apache.hadoop.ozone.protocolPB.OzoneManagerRequestHandler.handleWriteRequest(OzoneManagerRequestHandler.java:373)
	at org.apache.hadoop.ozone.om.ratis.OzoneManagerStateMachine.runCommand(OzoneManagerStateMachine.java:568)
	at org.apache.hadoop.ozone.om.ratis.OzoneManagerStateMachine.lambda$1(OzoneManagerStateMachine.java:359)
	at java.util.concurrent.CompletableFuture$AsyncSupply.run(CompletableFuture.java:1604)
	at java.util.concurrent.ThreadPoolExecutor.runWorker(ThreadPoolExecutor.java:1149)
	at java.util.concurrent.ThreadPoolExecutor$Worker.run(ThreadPoolExecutor.java:624)
	at java.lang.Thread.run(Thread.java:750)
2023-09-14 12:53:54,854 [OM StateMachine ApplyTransaction Thread - 0] INFO  security.S3RevokeSecretRequest (S3RevokeSecretRequest.java:validateAndUpdateCache(127)) - Secret for om/fv-az187-373.4biwkquksivelc4kanrnlgeoof.gx.internal.cloudapp.net@EXAMPLE.COM is revoked.
2023-09-14 12:53:54,862 [OM StateMachine ApplyTransaction Thread - 0] INFO  security.S3RevokeSecretRequest (S3RevokeSecretRequest.java:validateAndUpdateCache(127)) - Secret for HADOOP/ALICE is revoked.
2023-09-14 12:53:54,865 [pool-139-thread-1] INFO  request.KdcRequest (KdcRequest.java:preauth(651)) - The preauth data is empty.
2023-09-14 12:53:54,865 [pool-139-thread-1] INFO  server.KdcHandler (KdcHandler.java:handleRecoverableException(177)) - KRB error occurred while processing request:Additional pre-authentication required
2023-09-14 12:53:54,871 [pool-139-thread-2] INFO  request.AsRequest (AsRequest.java:issueTicket(112)) - AS_REQ ISSUE: authtime 1694696034871,test@EXAMPLE.COM for krbtgt/EXAMPLE.COM@EXAMPLE.COM
2023-09-14 12:53:54,878 [pool-139-thread-2] INFO  request.TgsRequest (TgsRequest.java:issueTicket(115)) - TGS_REQ ISSUE: authtime 1694696034878,test for om/fv-az187-373.4biwkquksivelc4kanrnlgeoof.gx.internal.cloudapp.net@EXAMPLE.COM
2023-09-14 12:53:54,884 [Socket Reader #1 for port 1202] INFO  ipc.Server (Server.java:saslProcess(2139)) - Auth successful for test@EXAMPLE.COM (auth:KERBEROS) from fv-az187-373.4biwkquksivelc4kanrnlgeoof.gx.internal.cloudapp.net:47736 / 10.1.0.236:47736
2023-09-14 12:53:54,905 [Time-limited test] INFO  om.OzoneManager (OzoneManager.java:stop(2207)) - om1[fv-az187-373.4biwkquksivelc4kanrnlgeoof.gx.internal.cloudapp.net:1202]: Stopping Ozone Manager
2023-09-14 12:53:54,906 [Time-limited test] INFO  ipc.Server (Server.java:stop(3523)) - Stopping server on 1202
2023-09-14 12:53:54,909 [IPC Server Responder] INFO  ipc.Server (Server.java:run(1567)) - Stopping IPC Server Responder
2023-09-14 12:53:54,909 [IPC Server listener on 1202] INFO  ipc.Server (Server.java:run(1434)) - Stopping IPC Server listener on 1202
2023-09-14 12:53:54,910 [Time-limited test] INFO  server.RaftServer (RaftServerProxy.java:lambda$close$6(416)) - om1: close
2023-09-14 12:53:54,911 [om1-impl-thread1] INFO  server.RaftServer$Division (RaftServerImpl.java:lambda$close$4(466)) - om1@group-C5BA1605619E: shutdown
2023-09-14 12:53:54,911 [om1-impl-thread1] INFO  util.JmxRegister (JmxRegister.java:unregister(73)) - Successfully un-registered JMX Bean with object name Ratis:service=RaftServer,group=group-C5BA1605619E,id=om1
2023-09-14 12:53:54,911 [om1-impl-thread1] INFO  impl.RoleInfo (RoleInfo.java:shutdownLeaderState(93)) - om1: shutdown om1@group-C5BA1605619E-LeaderStateImpl
2023-09-14 12:53:54,912 [om1-impl-thread1] INFO  impl.PendingRequests (PendingRequests.java:sendNotLeaderResponses(289)) - om1@group-C5BA1605619E-PendingRequests: sendNotLeaderResponses
2023-09-14 12:53:54,912 [Time-limited test] INFO  server.GrpcService (GrpcService.java:closeImpl(311)) - om1: shutdown server GrpcServerProtocolService now
2023-09-14 12:53:54,916 [om1-impl-thread1] INFO  impl.StateMachineUpdater (StateMachineUpdater.java:stopAndJoin(155)) - om1@group-C5BA1605619E-StateMachineUpdater: set stopIndex = 18
2023-09-14 12:53:54,916 [om1@group-C5BA1605619E-StateMachineUpdater] INFO  ratis.OzoneManagerStateMachine (OzoneManagerStateMachine.java:takeSnapshot(480)) - Current Snapshot Index (t:1, i:18)
2023-09-14 12:53:54,922 [Time-limited test] INFO  server.GrpcService (GrpcService.java:closeImpl(320)) - om1: shutdown server GrpcServerProtocolService successfully
2023-09-14 12:53:54,932 [om1@group-C5BA1605619E-StateMachineUpdater] INFO  impl.StateMachineUpdater (StateMachineUpdater.java:takeSnapshot(291)) - om1@group-C5BA1605619E-StateMachineUpdater: Took a snapshot at index 18
2023-09-14 12:53:54,932 [om1@group-C5BA1605619E-StateMachineUpdater] INFO  impl.StateMachineUpdater (StateMachineUpdater.java:lambda$new$0(97)) - om1@group-C5BA1605619E-StateMachineUpdater: snapshotIndex: updateIncreasingly -1 -> 18
2023-09-14 12:53:54,932 [om1@group-C5BA1605619E-StateMachineUpdater] INFO  ratis.OzoneManagerStateMachine (OzoneManagerStateMachine.java:close(534)) - StateMachine has shutdown. Shutdown OzoneManager if not already shutdown.
2023-09-14 12:53:54,932 [om1@group-C5BA1605619E-StateMachineUpdater] INFO  ratis.OzoneManagerDoubleBuffer (OzoneManagerDoubleBuffer.java:stopDaemon(551)) - Stopping OMDoubleBuffer flush thread
2023-09-14 12:53:54,932 [OMDoubleBufferFlushThread] INFO  ratis.OzoneManagerDoubleBuffer (OzoneManagerDoubleBuffer.java:canFlush(638)) - OMDoubleBuffer flush thread OMDoubleBufferFlushThread is interrupted and will exit.
2023-09-14 12:53:54,936 [om1-impl-thread1] INFO  server.RaftServer$Division (ServerState.java:close(472)) - om1@group-C5BA1605619E: closes. applyIndex: 18
2023-09-14 12:53:55,864 [om1-impl-thread1] INFO  segmented.SegmentedRaftLogWorker (SegmentedRaftLogWorker.java:close(252)) - om1@group-C5BA1605619E-SegmentedRaftLogWorker close()
2023-09-14 12:53:55,865 [JvmPauseMonitor2] INFO  util.JvmPauseMonitor (JvmPauseMonitor.java:run(109)) - JvmPauseMonitor-om1: Stopped
2023-09-14 12:53:55,865 [Time-limited test] INFO  ratis.OzoneManagerStateMachine (OzoneManagerStateMachine.java:close(534)) - StateMachine has shutdown. Shutdown OzoneManager if not already shutdown.
2023-09-14 12:53:55,865 [Time-limited test] INFO  ratis.OzoneManagerDoubleBuffer (OzoneManagerDoubleBuffer.java:stopDaemon(560)) - OMDoubleBuffer flush thread is not running.
2023-09-14 12:53:55,865 [Time-limited test] INFO  utils.BackgroundService (BackgroundService.java:shutdown(141)) - Shutting down service KeyDeletingService
2023-09-14 12:53:55,865 [Time-limited test] INFO  utils.BackgroundService (BackgroundService.java:shutdown(141)) - Shutting down service KeyDeletingService
2023-09-14 12:53:55,866 [Time-limited test] INFO  utils.BackgroundService (BackgroundService.java:shutdown(141)) - Shutting down service OpenKeyCleanupService
2023-09-14 12:53:55,866 [Time-limited test] INFO  utils.BackgroundService (BackgroundService.java:shutdown(141)) - Shutting down service SstFilteringService
2023-09-14 12:53:55,866 [Time-limited test] INFO  utils.BackgroundService (BackgroundService.java:shutdown(141)) - Shutting down service SnapshotDeletingService
2023-09-14 12:53:55,867 [Time-limited test] INFO  om.OzoneManager (OzoneManager.java:stopSecretManager(1066)) - Stopping secret key client.
2023-09-14 12:53:55,867 [Time-limited test] INFO  om.OzoneManager (OzoneManager.java:stopSecretManager(1071)) - Stopping OM delegation token secret manager.
2023-09-14 12:53:55,867 [Thread[Thread-711,5,FailOnTimeoutGroup]] INFO  security.OzoneDelegationTokenSecretManager (OzoneDelegationTokenSecretManager.java:run(653)) - ExpiredTokenRemover was interrupted.
java.lang.InterruptedException: sleep interrupted
	at java.lang.Thread.sleep(Native Method)
	at org.apache.hadoop.ozone.security.OzoneDelegationTokenSecretManager$ExpiredTokenRemover.run(OzoneDelegationTokenSecretManager.java:649)
	at java.lang.Thread.run(Thread.java:750)
2023-09-14 12:53:55,868 [Time-limited test] INFO  handler.ContextHandler (ContextHandler.java:doStop(1159)) - Stopped o.e.j.w.WebAppContext@3bd2e3fa{ozoneManager,/,null,STOPPED}{file:/home/runner/work/ozone/ozone/hadoop-ozone/integration-test/target/test-classes/webapps/ozoneManager}
2023-09-14 12:53:55,873 [Time-limited test] INFO  server.AbstractConnector (AbstractConnector.java:doStop(383)) - Stopped ServerConnector@1fe032e7{HTTP/1.1, (http/1.1)}{0.0.0.0:9874}
2023-09-14 12:53:55,873 [Time-limited test] INFO  server.session (HouseKeeper.java:stopScavenging(149)) - node0 Stopped scavenging
2023-09-14 12:53:55,873 [Time-limited test] INFO  handler.ContextHandler (ContextHandler.java:doStop(1159)) - Stopped o.e.j.s.ServletContextHandler@5cdeda71{static,/static,file:///home/runner/work/ozone/ozone/hadoop-ozone/integration-test/target/test-classes/webapps/static,STOPPED}
2023-09-14 12:53:55,873 [Time-limited test] INFO  handler.ContextHandler (ContextHandler.java:doStop(1159)) - Stopped o.e.j.s.ServletContextHandler@5c026f6a{logs,/logs,file:///home/runner/work/ozone/ozone/hadoop-ozone/integration-test/target/log,STOPPED}
2023-09-14 12:53:55,874 [Time-limited test] INFO  rocksdiff.RocksDBCheckpointDiffer (RocksDBCheckpointDiffer.java:close(343)) - Shutting down CompactionDagPruningService.
2023-09-14 12:53:55,876 [Time-limited test] INFO  snapshot.SnapshotDiffManager (SnapshotDiffManager.java:closeExecutorService(1706)) - Shutting down executorService: 'SnapDiffExecutor'
2023-09-14 12:53:55,876 [Time-limited test] INFO  snapshot.SnapshotDiffManager (SnapshotDiffManager.java:closeExecutorService(1706)) - Shutting down executorService: 'SstDumpToolExecutor'
2023-09-14 12:53:55,876 [Time-limited test] INFO  utils.BackgroundService (BackgroundService.java:shutdown(141)) - Shutting down service SnapshotDiffCleanupService
2023-09-14 12:53:55,878 [Time-limited test] INFO  impl.DefaultInternalKdcServerImpl (DefaultInternalKdcServerImpl.java:doStop(102)) - Default Internal kdc server stopped.
2023-09-14 12:53:56,878 [Time-limited test] INFO  minikdc.MiniKdc (MiniKdc.java:stop(359)) - MiniKdc stopped.
2023-09-14 12:53:56,878 [Time-limited test] INFO  om.OzoneManager (OzoneManager.java:stop(2207)) - om1[fv-az187-373.4biwkquksivelc4kanrnlgeoof.gx.internal.cloudapp.net:1202]: Stopping Ozone Manager
]]></system-out>
  </testcase>
  <testcase name="testCertificateRotationUnRecoverableFailure" classname="org.apache.hadoop.ozone.TestSecureOzoneCluster" time="0">
    <skipped message="Run it locally since it will terminate the process."/>
  </testcase>
  <testcase name="testOMGrpcServerCertificateRenew" classname="org.apache.hadoop.ozone.TestSecureOzoneCluster" time="0">
    <skipped message="HDDS-8764"/>
  </testcase>
  <testcase name="testCertificateRotation" classname="org.apache.hadoop.ozone.TestSecureOzoneCluster" time="21.96">
    <system-out><![CDATA[2023-09-14 12:53:56,903 [Time-limited test] INFO  net.ServerSocketUtil (ServerSocketUtil.java:getPort(55)) - Using port 9860
2023-09-14 12:53:56,903 [Time-limited test] INFO  net.ServerSocketUtil (ServerSocketUtil.java:getPort(55)) - Using port 9861
2023-09-14 12:53:56,903 [Time-limited test] INFO  net.ServerSocketUtil (ServerSocketUtil.java:getPort(55)) - Using port 9863
2023-09-14 12:53:56,903 [Time-limited test] INFO  net.ServerSocketUtil (ServerSocketUtil.java:getPort(55)) - Using port 9961
2023-09-14 12:53:56,903 [Time-limited test] INFO  net.ServerSocketUtil (ServerSocketUtil.java:getPort(55)) - Using port 1200
2023-09-14 12:53:56,903 [Time-limited test] INFO  net.ServerSocketUtil (ServerSocketUtil.java:getPort(55)) - Using port 1201
2023-09-14 12:53:56,903 [Time-limited test] INFO  minikdc.MiniKdc (MiniKdc.java:<init>(225)) - Configuration:
2023-09-14 12:53:56,904 [Time-limited test] INFO  minikdc.MiniKdc (MiniKdc.java:<init>(226)) - ---------------------------------------------------------------
2023-09-14 12:53:56,904 [Time-limited test] INFO  minikdc.MiniKdc (MiniKdc.java:<init>(228)) -   debug: false
2023-09-14 12:53:56,904 [Time-limited test] INFO  minikdc.MiniKdc (MiniKdc.java:<init>(228)) -   transport: TCP
2023-09-14 12:53:56,904 [Time-limited test] INFO  minikdc.MiniKdc (MiniKdc.java:<init>(228)) -   max.ticket.lifetime: 86400000
2023-09-14 12:53:56,904 [Time-limited test] INFO  minikdc.MiniKdc (MiniKdc.java:<init>(228)) -   org.name: EXAMPLE
2023-09-14 12:53:56,904 [Time-limited test] INFO  minikdc.MiniKdc (MiniKdc.java:<init>(228)) -   kdc.port: 0
2023-09-14 12:53:56,904 [Time-limited test] INFO  minikdc.MiniKdc (MiniKdc.java:<init>(228)) -   org.domain: COM
2023-09-14 12:53:56,904 [Time-limited test] INFO  minikdc.MiniKdc (MiniKdc.java:<init>(228)) -   max.renewable.lifetime: 604800000
2023-09-14 12:53:56,904 [Time-limited test] INFO  minikdc.MiniKdc (MiniKdc.java:<init>(228)) -   instance: DefaultKrbServer
2023-09-14 12:53:56,904 [Time-limited test] INFO  minikdc.MiniKdc (MiniKdc.java:<init>(228)) -   kdc.bind.address: localhost
2023-09-14 12:53:56,904 [Time-limited test] INFO  minikdc.MiniKdc (MiniKdc.java:<init>(230)) - ---------------------------------------------------------------
2023-09-14 12:53:56,906 [Time-limited test] INFO  minikdc.MiniKdc (MiniKdc.java:start(285)) - MiniKdc started.
2023-09-14 12:53:57,001 [Time-limited test] INFO  om.OzoneManager (OzoneManager.java:getOmDetailsProto(4573)) - OzoneManager ports added:[name: "RPC"
value: 1202
]
2023-09-14 12:53:57,001 [Time-limited test] WARN  server.ServerUtils (ServerUtils.java:getDBPath(311)) - ozone.om.db.dirs is not configured. We recommend adding this setting. Falling back to ozone.metadata.dirs instead.
2023-09-14 12:53:57,006 [Time-limited test] INFO  utils.SelfSignedCertificate (SelfSignedCertificate.java:generateCertificate(157)) - Certificate 2633251 is issued by CN=localhost,OU=test,O=cluster to CN=localhost,OU=test,O=cluster, valid from Thu Sep 14 12:53:57 UTC 2023 to Thu Sep 14 12:54:17 UTC 2023
2023-09-14 12:53:57,008 [Time-limited test] INFO  utils.CertificateCodec (CertificateCodec.java:writeCertificate(299)) - Save certificate to /tmp/junit4376248297094940921/junit7374180192867644963/om-meta/om/certs/certificate.crt
2023-09-14 12:53:57,008 [Time-limited test] INFO  utils.CertificateCodec (CertificateCodec.java:writeCertificate(300)) - Certificate -----BEGIN CERTIFICATE-----
MIIC5TCCAc2gAwIBAgIDKC4jMA0GCSqGSIb3DQEBCwUAMDUxEjAQBgNVBAMMCWxv
Y2FsaG9zdDENMAsGA1UECwwEdGVzdDEQMA4GA1UECgwHY2x1c3RlcjAeFw0yMzA5
MTQxMjUzNTdaFw0yMzA5MTQxMjU0MTdaMDUxEjAQBgNVBAMMCWxvY2FsaG9zdDEN
MAsGA1UECwwEdGVzdDEQMA4GA1UECgwHY2x1c3RlcjCCASIwDQYJKoZIhvcNAQEB
BQADggEPADCCAQoCggEBAJ4HjAMgjeNbRwlIrXXvIP2K7El9YjJY/wkRQEw9obOW
JS4G0HMMTKbNc5U8v/r4fXDyqNJOTFB5oz2yR02jRvcaLEqC0K2PYbuc3BdVM+q7
6OCT/ZYy4CXjqITr/QT4uf/LeaC5Dw+NiMB0LEacSA6TxlNK6Dxb4Tf9yXKzEFSe
GcPUm6ExJKDHTVt24ncvzoaaA01xEq/TC8GWBx/MXRWJIdCS5Ei16UfoPChQjQ5p
Kvj/4l/CJ9OoIykIfsWH/Y0G7S29dRUqyCByMQjZ/AAA6WSslJbqkzzfpyQ6+K/8
mwv5tflfE8MdItU/hzS+AUVi8hzCWk6zMvUf24JhqnUCAwEAATANBgkqhkiG9w0B
AQsFAAOCAQEAezJU7JysX0dYdcxUQ2CGfMMCnUsgP5Kn9xxkHeqYKeUK23INJzg8
DgunwrKyf6HnLCsvvWPnY3xGe0Vm73dNusHd27+hGHKGzSkpuvEpsWLp3wpBxq9n
WLF4NGyBVKRioqxCmRKF69SG8PP3x0WiPHGAZvT1wnTxZRuEQbjEUwLW6+2lnSpC
WlX97qzd2E2gVMS1JDRzSZlc3xKPrKxCGmuIKY7q8MzBV9jhEINH9FsUtwXtZNdN
DaMMTzohQL9Yc3JuH4dwDJBu7V7Wy7u7A3kRvTTvXRkIBG1U1KHGr+o7jlFfd0MA
wpqBNw6gcnIAoFVUfcPsmxVKpAkXvIDXsw==
-----END CERTIFICATE-----

2023-09-14 12:53:57,009 [Time-limited test] INFO  utils.CertificateCodec (CertificateCodec.java:writeCertificate(299)) - Save certificate to /tmp/junit4376248297094940921/junit7374180192867644963/om-meta/om/certs/ROOTCA-2633251.crt
2023-09-14 12:53:57,009 [Time-limited test] INFO  utils.CertificateCodec (CertificateCodec.java:writeCertificate(300)) - Certificate -----BEGIN CERTIFICATE-----
MIIC5TCCAc2gAwIBAgIDKC4jMA0GCSqGSIb3DQEBCwUAMDUxEjAQBgNVBAMMCWxv
Y2FsaG9zdDENMAsGA1UECwwEdGVzdDEQMA4GA1UECgwHY2x1c3RlcjAeFw0yMzA5
MTQxMjUzNTdaFw0yMzA5MTQxMjU0MTdaMDUxEjAQBgNVBAMMCWxvY2FsaG9zdDEN
MAsGA1UECwwEdGVzdDEQMA4GA1UECgwHY2x1c3RlcjCCASIwDQYJKoZIhvcNAQEB
BQADggEPADCCAQoCggEBAJ4HjAMgjeNbRwlIrXXvIP2K7El9YjJY/wkRQEw9obOW
JS4G0HMMTKbNc5U8v/r4fXDyqNJOTFB5oz2yR02jRvcaLEqC0K2PYbuc3BdVM+q7
6OCT/ZYy4CXjqITr/QT4uf/LeaC5Dw+NiMB0LEacSA6TxlNK6Dxb4Tf9yXKzEFSe
GcPUm6ExJKDHTVt24ncvzoaaA01xEq/TC8GWBx/MXRWJIdCS5Ei16UfoPChQjQ5p
Kvj/4l/CJ9OoIykIfsWH/Y0G7S29dRUqyCByMQjZ/AAA6WSslJbqkzzfpyQ6+K/8
mwv5tflfE8MdItU/hzS+AUVi8hzCWk6zMvUf24JhqnUCAwEAATANBgkqhkiG9w0B
AQsFAAOCAQEAezJU7JysX0dYdcxUQ2CGfMMCnUsgP5Kn9xxkHeqYKeUK23INJzg8
DgunwrKyf6HnLCsvvWPnY3xGe0Vm73dNusHd27+hGHKGzSkpuvEpsWLp3wpBxq9n
WLF4NGyBVKRioqxCmRKF69SG8PP3x0WiPHGAZvT1wnTxZRuEQbjEUwLW6+2lnSpC
WlX97qzd2E2gVMS1JDRzSZlc3xKPrKxCGmuIKY7q8MzBV9jhEINH9FsUtwXtZNdN
DaMMTzohQL9Yc3JuH4dwDJBu7V7Wy7u7A3kRvTTvXRkIBG1U1KHGr+o7jlFfd0MA
wpqBNw6gcnIAoFVUfcPsmxVKpAkXvIDXsw==
-----END CERTIFICATE-----

2023-09-14 12:53:57,054 [Time-limited test] INFO  utils.SelfSignedCertificate (SelfSignedCertificate.java:generateCertificate(157)) - Certificate 2633301 is issued by CN=localhost,OU=test,O=cluster to CN=localhost,OU=test,O=cluster, valid from Thu Sep 14 12:54:07 UTC 2023 to Thu Sep 14 12:54:27 UTC 2023
2023-09-14 12:53:58,036 [Time-limited test] INFO  security.OMCertificateClient (DefaultCertificateClient.java:updateCertSerialId(1244)) - Certificate serial ID set to 2633251
2023-09-14 12:53:58,049 [Time-limited test] INFO  security.OMCertificateClient (DefaultCertificateClient.java:readCertificateFile(237)) - Added certificate   [0]         Version: 3
         SerialNumber: 2633251
             IssuerDN: CN=localhost,OU=test,O=cluster
           Start Date: Thu Sep 14 12:53:57 UTC 2023
           Final Date: Thu Sep 14 12:54:17 UTC 2023
            SubjectDN: CN=localhost,OU=test,O=cluster
           Public Key: RSA Public Key [9c:22:16:e3:20:c5:48:bc:01:76:23:2a:9a:0b:0a:95:77:f6:48:5f],[56:66:d1:a4]
        modulus: 9e078c03208de35b470948ad75ef20fd8aec497d623258ff0911404c3da1b396252e06d0730c4ca6cd73953cbffaf87d70f2a8d24e4c5079a33db2474da346f71a2c4a82d0ad8f61bb9cdc175533eabbe8e093fd9632e025e3a884ebfd04f8b9ffcb79a0b90f0f8d88c0742c469c480e93c6534ae83c5be137fdc972b310549e19c3d49ba13124a0c74d5b76e2772fce869a034d7112afd30bc196071fcc5d158921d092e448b5e947e83c28508d0e692af8ffe25fc227d3a82329087ec587fd8d06ed2dbd75152ac820723108d9fc0000e964ac9496ea933cdfa7243af8affc9b0bf9b5f95f13c31d22d53f8734be014562f21cc25a4eb332f51fdb8261aa75
public exponent: 10001

  Signature Algorithm: SHA256WITHRSA
            Signature: 7b3254ec9cac5f475875cc544360867cc3029d4b
                       203f92a7f71c641dea9829e50adb720d27383c0e
                       0ba7c2b2b27fa1e72c2b2fbd63e7637c467b4566
                       ef774dbac1dddbbfa1187286cd2929baf129b162
                       e9df0a41c6af6758b178346c8154a462a2ac4299
                       1285ebd486f0f3f7c745a23c718066f4f5c274f1
                       651b8441b8c45302d6ebeda59d2a425a55fdeeac
                       ddd84da054c4b524347349995cdf128facac421a
                       6b88298eeaf0ccc157d8e1108347f45b14b705ed
                       64d74d0da30c4f3a2140bf5873726e1f87700c90
                       6eed5ed6cbbbbb037911bd34ef5d1908046d54d4
                       a1c6afea3b8e515f774300c29a81370ea0727200
                       a055547dc3ec9b154aa40917bc80d7b3
 from file: /tmp/junit4376248297094940921/junit7374180192867644963/om-meta/om/certs/certificate.crt.
2023-09-14 12:53:58,065 [Time-limited test] INFO  security.OMCertificateClient (DefaultCertificateClient.java:readCertificateFile(237)) - Added certificate   [0]         Version: 3
         SerialNumber: 2633251
             IssuerDN: CN=localhost,OU=test,O=cluster
           Start Date: Thu Sep 14 12:53:57 UTC 2023
           Final Date: Thu Sep 14 12:54:17 UTC 2023
            SubjectDN: CN=localhost,OU=test,O=cluster
           Public Key: RSA Public Key [9c:22:16:e3:20:c5:48:bc:01:76:23:2a:9a:0b:0a:95:77:f6:48:5f],[56:66:d1:a4]
        modulus: 9e078c03208de35b470948ad75ef20fd8aec497d623258ff0911404c3da1b396252e06d0730c4ca6cd73953cbffaf87d70f2a8d24e4c5079a33db2474da346f71a2c4a82d0ad8f61bb9cdc175533eabbe8e093fd9632e025e3a884ebfd04f8b9ffcb79a0b90f0f8d88c0742c469c480e93c6534ae83c5be137fdc972b310549e19c3d49ba13124a0c74d5b76e2772fce869a034d7112afd30bc196071fcc5d158921d092e448b5e947e83c28508d0e692af8ffe25fc227d3a82329087ec587fd8d06ed2dbd75152ac820723108d9fc0000e964ac9496ea933cdfa7243af8affc9b0bf9b5f95f13c31d22d53f8734be014562f21cc25a4eb332f51fdb8261aa75
public exponent: 10001

  Signature Algorithm: SHA256WITHRSA
            Signature: 7b3254ec9cac5f475875cc544360867cc3029d4b
                       203f92a7f71c641dea9829e50adb720d27383c0e
                       0ba7c2b2b27fa1e72c2b2fbd63e7637c467b4566
                       ef774dbac1dddbbfa1187286cd2929baf129b162
                       e9df0a41c6af6758b178346c8154a462a2ac4299
                       1285ebd486f0f3f7c745a23c718066f4f5c274f1
                       651b8441b8c45302d6ebeda59d2a425a55fdeeac
                       ddd84da054c4b524347349995cdf128facac421a
                       6b88298eeaf0ccc157d8e1108347f45b14b705ed
                       64d74d0da30c4f3a2140bf5873726e1f87700c90
                       6eed5ed6cbbbbb037911bd34ef5d1908046d54d4
                       a1c6afea3b8e515f774300c29a81370ea0727200
                       a055547dc3ec9b154aa40917bc80d7b3
 from file: /tmp/junit4376248297094940921/junit7374180192867644963/om-meta/om/certs/ROOTCA-2633251.crt.
2023-09-14 12:53:58,072 [Time-limited test] INFO  security.OMCertificateClient (DefaultCertificateClient.java:startCertificateRenewerService(1349)) - CertificateRenewerService for om is started with first delay 8934 ms and interval 3333 ms.
2023-09-14 12:53:58,073 [Time-limited test] INFO  security.OMCertificateClient (DefaultCertificateClient.java:init(715)) - Certificate client init case: 7
2023-09-14 12:53:58,073 [Time-limited test] INFO  security.OMCertificateClient (CommonCertificateClient.java:handleCase(110)) - Found certificate file along with KeyPair.
2023-09-14 12:53:58,206 [Time-limited test] INFO  security.OMCertificateClient (DefaultCertificateClient.java:validateKeyPairAndCertificate(794)) - Keypair validated.
2023-09-14 12:53:58,245 [Time-limited test] INFO  security.OMCertificateClient (DefaultCertificateClient.java:validateKeyPairAndCertificate(797)) - Keypair validated with certificate.
2023-09-14 12:53:58,249 [Time-limited test] INFO  ha.OMHANodeDetails (OMHANodeDetails.java:loadOMHAConfig(115)) - ozone.om.internal.service.id is not defined, falling back to ozone.om.service.ids to find serviceID for OzoneManager if it is HA enabled cluster
2023-09-14 12:53:58,251 [Time-limited test] INFO  ha.OMHANodeDetails (OMHANodeDetails.java:loadOMHAConfig(226)) - Configuration does not have ozone.om.address set. Falling back to the default OM address fv-az187-373.4biwkquksivelc4kanrnlgeoof.gx.internal.cloudapp.net/10.1.0.236:1202
2023-09-14 12:53:58,251 [Time-limited test] INFO  ha.OMHANodeDetails (OMHANodeDetails.java:getOMNodeDetailsForNonHA(254)) - OM Service ID is not set. Setting it to the default ID: omServiceIdDefault
2023-09-14 12:53:58,251 [Time-limited test] INFO  ha.OMHANodeDetails (OMHANodeDetails.java:getOMNodeDetailsForNonHA(261)) - OM Node ID is not set. Setting it to the default ID: om1
2023-09-14 12:53:58,252 [Time-limited test] WARN  server.ServerUtils (ServerUtils.java:getDBPath(311)) - ozone.om.db.dirs is not configured. We recommend adding this setting. Falling back to ozone.metadata.dirs instead.
2023-09-14 12:53:58,262 [Time-limited test] INFO  upgrade.AbstractLayoutVersionManager (AbstractLayoutVersionManager.java:init(83)) - Initializing Layout version manager with metadata layout = QUOTA (version = 6), software layout = QUOTA (version = 6)
2023-09-14 12:53:58,585 [Time-limited test] INFO  reflections.Reflections (Reflections.java:scan(232)) - Reflections took 321 ms to scan 2 urls, producing 187 keys and 515 values [using 2 cores]
2023-09-14 12:53:58,586 [Time-limited test] INFO  upgrade.OMLayoutVersionManager (OMLayoutVersionManager.java:lambda$0(115)) - Skipping Upgrade Action QuotaRepairUpgradeAction since it has been finalized.
2023-09-14 12:53:58,586 [Time-limited test] INFO  upgrade.OMLayoutVersionManager (OMLayoutVersionManager.java:lambda$0(115)) - Skipping Upgrade Action MockOmUpgradeAction since it has been finalized.
2023-09-14 12:53:58,601 [pool-170-thread-1] INFO  request.KdcRequest (KdcRequest.java:preauth(651)) - The preauth data is empty.
2023-09-14 12:53:58,602 [pool-170-thread-1] INFO  server.KdcHandler (KdcHandler.java:handleRecoverableException(177)) - KRB error occurred while processing request:Additional pre-authentication required
2023-09-14 12:53:58,609 [pool-170-thread-1] INFO  request.AsRequest (AsRequest.java:issueTicket(112)) - AS_REQ ISSUE: authtime 1694696038609,om/fv-az187-373.4biwkquksivelc4kanrnlgeoof.gx.internal.cloudapp.net@EXAMPLE.COM for krbtgt/EXAMPLE.COM@EXAMPLE.COM
2023-09-14 12:53:58,612 [Time-limited test] INFO  security.UserGroupInformation (UserGroupInformation.java:loginUserFromKeytab(1132)) - Login successful for user om/fv-az187-373.4biwkquksivelc4kanrnlgeoof.gx.internal.cloudapp.net@EXAMPLE.COM using keytab file om.keytab. Keytab auto renewal enabled : false
2023-09-14 12:53:58,612 [Time-limited test] INFO  om.OzoneManager (OzoneManager.java:loginOMUser(1164)) - Ozone Manager login successful.
2023-09-14 12:53:58,612 [Time-limited test] WARN  server.ServerUtils (ServerUtils.java:getDBPath(311)) - ozone.om.db.dirs is not configured. We recommend adding this setting. Falling back to ozone.metadata.dirs instead.
2023-09-14 12:53:58,615 [Time-limited test] INFO  proxy.SCMBlockLocationFailoverProxyProvider (SCMBlockLocationFailoverProxyProvider.java:<init>(114)) - Created block location fail-over proxy with 1 nodes: [nodeId=scmNodeId,nodeAddress=localhost/127.0.0.1:9863]
2023-09-14 12:53:58,616 [Time-limited test] INFO  om.OzoneManager (OzoneManager.java:getOmDetailsProto(4573)) - OzoneManager ports added:[name: "RPC"
value: 1202
]
2023-09-14 12:53:58,634 [Time-limited test] INFO  security.OMCertificateClient (DefaultCertificateClient.java:updateCertSerialId(1244)) - Certificate serial ID set to 2633251
2023-09-14 12:53:58,636 [Time-limited test] INFO  security.OMCertificateClient (DefaultCertificateClient.java:readCertificateFile(237)) - Added certificate   [0]         Version: 3
         SerialNumber: 2633251
             IssuerDN: CN=localhost,OU=test,O=cluster
           Start Date: Thu Sep 14 12:53:57 UTC 2023
           Final Date: Thu Sep 14 12:54:17 UTC 2023
            SubjectDN: CN=localhost,OU=test,O=cluster
           Public Key: RSA Public Key [9c:22:16:e3:20:c5:48:bc:01:76:23:2a:9a:0b:0a:95:77:f6:48:5f],[56:66:d1:a4]
        modulus: 9e078c03208de35b470948ad75ef20fd8aec497d623258ff0911404c3da1b396252e06d0730c4ca6cd73953cbffaf87d70f2a8d24e4c5079a33db2474da346f71a2c4a82d0ad8f61bb9cdc175533eabbe8e093fd9632e025e3a884ebfd04f8b9ffcb79a0b90f0f8d88c0742c469c480e93c6534ae83c5be137fdc972b310549e19c3d49ba13124a0c74d5b76e2772fce869a034d7112afd30bc196071fcc5d158921d092e448b5e947e83c28508d0e692af8ffe25fc227d3a82329087ec587fd8d06ed2dbd75152ac820723108d9fc0000e964ac9496ea933cdfa7243af8affc9b0bf9b5f95f13c31d22d53f8734be014562f21cc25a4eb332f51fdb8261aa75
public exponent: 10001

  Signature Algorithm: SHA256WITHRSA
            Signature: 7b3254ec9cac5f475875cc544360867cc3029d4b
                       203f92a7f71c641dea9829e50adb720d27383c0e
                       0ba7c2b2b27fa1e72c2b2fbd63e7637c467b4566
                       ef774dbac1dddbbfa1187286cd2929baf129b162
                       e9df0a41c6af6758b178346c8154a462a2ac4299
                       1285ebd486f0f3f7c745a23c718066f4f5c274f1
                       651b8441b8c45302d6ebeda59d2a425a55fdeeac
                       ddd84da054c4b524347349995cdf128facac421a
                       6b88298eeaf0ccc157d8e1108347f45b14b705ed
                       64d74d0da30c4f3a2140bf5873726e1f87700c90
                       6eed5ed6cbbbbb037911bd34ef5d1908046d54d4
                       a1c6afea3b8e515f774300c29a81370ea0727200
                       a055547dc3ec9b154aa40917bc80d7b3
 from file: /tmp/junit4376248297094940921/junit7374180192867644963/om-meta/om/certs/certificate.crt.
2023-09-14 12:53:58,638 [Time-limited test] INFO  security.OMCertificateClient (DefaultCertificateClient.java:readCertificateFile(237)) - Added certificate   [0]         Version: 3
         SerialNumber: 2633251
             IssuerDN: CN=localhost,OU=test,O=cluster
           Start Date: Thu Sep 14 12:53:57 UTC 2023
           Final Date: Thu Sep 14 12:54:17 UTC 2023
            SubjectDN: CN=localhost,OU=test,O=cluster
           Public Key: RSA Public Key [9c:22:16:e3:20:c5:48:bc:01:76:23:2a:9a:0b:0a:95:77:f6:48:5f],[56:66:d1:a4]
        modulus: 9e078c03208de35b470948ad75ef20fd8aec497d623258ff0911404c3da1b396252e06d0730c4ca6cd73953cbffaf87d70f2a8d24e4c5079a33db2474da346f71a2c4a82d0ad8f61bb9cdc175533eabbe8e093fd9632e025e3a884ebfd04f8b9ffcb79a0b90f0f8d88c0742c469c480e93c6534ae83c5be137fdc972b310549e19c3d49ba13124a0c74d5b76e2772fce869a034d7112afd30bc196071fcc5d158921d092e448b5e947e83c28508d0e692af8ffe25fc227d3a82329087ec587fd8d06ed2dbd75152ac820723108d9fc0000e964ac9496ea933cdfa7243af8affc9b0bf9b5f95f13c31d22d53f8734be014562f21cc25a4eb332f51fdb8261aa75
public exponent: 10001

  Signature Algorithm: SHA256WITHRSA
            Signature: 7b3254ec9cac5f475875cc544360867cc3029d4b
                       203f92a7f71c641dea9829e50adb720d27383c0e
                       0ba7c2b2b27fa1e72c2b2fbd63e7637c467b4566
                       ef774dbac1dddbbfa1187286cd2929baf129b162
                       e9df0a41c6af6758b178346c8154a462a2ac4299
                       1285ebd486f0f3f7c745a23c718066f4f5c274f1
                       651b8441b8c45302d6ebeda59d2a425a55fdeeac
                       ddd84da054c4b524347349995cdf128facac421a
                       6b88298eeaf0ccc157d8e1108347f45b14b705ed
                       64d74d0da30c4f3a2140bf5873726e1f87700c90
                       6eed5ed6cbbbbb037911bd34ef5d1908046d54d4
                       a1c6afea3b8e515f774300c29a81370ea0727200
                       a055547dc3ec9b154aa40917bc80d7b3
 from file: /tmp/junit4376248297094940921/junit7374180192867644963/om-meta/om/certs/ROOTCA-2633251.crt.
2023-09-14 12:53:58,644 [Time-limited test] INFO  security.OMCertificateClient (DefaultCertificateClient.java:startCertificateRenewerService(1349)) - CertificateRenewerService for om is started with first delay 8362 ms and interval 3333 ms.
2023-09-14 12:53:58,663 [Time-limited test] INFO  om.OzoneManager (OzoneManager.java:<init>(665)) - OM start with adminUsers: [om/fv-az187-373.4biwkquksivelc4kanrnlgeoof.gx.internal.cloudapp.net@EXAMPLE.COM, om]
2023-09-14 12:53:58,680 [Time-limited test] WARN  server.ServerUtils (ServerUtils.java:getDBPath(311)) - ozone.om.db.dirs is not configured. We recommend adding this setting. Falling back to ozone.metadata.dirs instead.
2023-09-14 12:53:58,682 [Time-limited test] INFO  helpers.OmKeyInfo (OmKeyInfo.java:getCodec(71)) - OmKeyInfo.getCodec ignorePipeline = true
2023-09-14 12:53:58,880 [Time-limited test] INFO  om.OzoneManager (OzoneManager.java:instantiateServices(794)) - S3 Multi-Tenancy is disabled
2023-09-14 12:53:58,880 [Time-limited test] INFO  security.OzoneSecretStore (OzoneSecretStore.java:loadState(69)) - Loaded 0 tokens
2023-09-14 12:53:58,880 [Time-limited test] INFO  security.OzoneDelegationTokenSecretManager (OzoneDelegationTokenSecretManager.java:loadTokenSecretState(530)) - Loading token state into token manager.
2023-09-14 12:53:58,881 [Time-limited test] INFO  om.OmSnapshotManager (OmSnapshotManager.java:<init>(174)) - Ozone filesystem snapshot feature is enabled.
2023-09-14 12:53:58,881 [Time-limited test] WARN  server.ServerUtils (ServerUtils.java:getDBPath(311)) - ozone.om.snapshot.diff.db.dir is not configured. We recommend adding this setting. Falling back to ozone.metadata.dirs instead.
2023-09-14 12:53:58,915 [Time-limited test] INFO  snapshot.SnapshotDiffManager (SnapshotDiffManager.java:closeExecutorService(1706)) - Shutting down executorService: 'SstDumpToolExecutor'
2023-09-14 12:53:58,926 [Time-limited test] INFO  om.OzoneManager (OzoneManager.java:addS3GVolumeToDB(4305)) - Created Volume s3v With Owner om required for S3Gateway operations.
2023-09-14 12:53:58,927 [Time-limited test] WARN  server.ServerUtils (ServerUtils.java:getDefaultRatisDirectory(323)) - Storage directory for Ratis is not configured. It is a good idea to map this to an SSD disk. Falling back to ozone.metadata.dirs
2023-09-14 12:53:58,928 [Time-limited test] WARN  utils.OzoneManagerRatisUtils (OzoneManagerRatisUtils.java:getOMRatisSnapshotDirectory(464)) - ozone.om.ratis.snapshot.dir is not configured. Falling back to ozone.metadata.dirs config
2023-09-14 12:53:58,930 [Time-limited test] WARN  server.ServerUtils (ServerUtils.java:getDefaultRatisDirectory(323)) - Storage directory for Ratis is not configured. It is a good idea to map this to an SSD disk. Falling back to ozone.metadata.dirs
2023-09-14 12:53:58,934 [Time-limited test] INFO  ratis.OzoneManagerRatisServer (OzoneManagerRatisServer.java:<init>(163)) - Instantiating OM Ratis server with groupID: omServiceIdDefault and peers: fv-az187-373.4biwkquksivelc4kanrnlgeoof.gx.internal.cloudapp.net:9872
2023-09-14 12:53:58,935 [Time-limited test] INFO  ratis.OzoneManagerStateMachine (OzoneManagerStateMachine.java:loadSnapshotInfoFromDB(687)) - LastAppliedIndex is set from TransactionInfo from OM DB as (t:0, i:~)
2023-09-14 12:53:58,937 [Time-limited test] INFO  server.RaftServer (ConfUtils.java:logGet(46)) - raft.rpc.type = GRPC (default)
2023-09-14 12:53:58,937 [Time-limited test] INFO  grpc.GrpcConfigKeys (ConfUtils.java:logFallback(53)) - raft.grpc.admin.host = null (fallback to raft.grpc.server.host)
2023-09-14 12:53:58,937 [Time-limited test] INFO  grpc.GrpcConfigKeys (ConfUtils.java:logFallback(53)) - raft.grpc.admin.port = 9872 (fallback to raft.grpc.server.port)
2023-09-14 12:53:58,937 [Time-limited test] INFO  grpc.GrpcConfigKeys (ConfUtils.java:logFallback(53)) - raft.grpc.client.host = null (fallback to raft.grpc.server.host)
2023-09-14 12:53:58,938 [Time-limited test] INFO  grpc.GrpcConfigKeys (ConfUtils.java:logFallback(53)) - raft.grpc.client.port = 9872 (fallback to raft.grpc.server.port)
2023-09-14 12:53:58,938 [Time-limited test] INFO  grpc.GrpcConfigKeys (ConfUtils.java:logGet(46)) - raft.grpc.server.host = null (default)
2023-09-14 12:53:58,938 [Time-limited test] INFO  grpc.GrpcConfigKeys (ConfUtils.java:logGet(46)) - raft.grpc.server.port = 9872 (custom)
2023-09-14 12:53:58,938 [Time-limited test] INFO  server.GrpcService (ConfUtils.java:logGet(46)) - raft.grpc.message.size.max = 33554432 (custom)
2023-09-14 12:53:58,938 [Time-limited test] INFO  server.RaftServerConfigKeys (ConfUtils.java:logGet(46)) - raft.server.log.appender.buffer.byte-limit = 33554432 (custom)
2023-09-14 12:53:58,938 [Time-limited test] INFO  server.GrpcService (ConfUtils.java:logGet(46)) - raft.grpc.flow.control.window = 1MB (=1048576) (default)
2023-09-14 12:53:58,938 [Time-limited test] INFO  server.RaftServerConfigKeys (ConfUtils.java:logGet(46)) - raft.server.rpc.request.timeout = 3000ms (default)
2023-09-14 12:53:58,938 [Time-limited test] INFO  grpc.GrpcConfigKeys (ConfUtils.java:logGet(46)) - raft.grpc.server.heartbeat.channel = true (default)
2023-09-14 12:53:58,939 [Time-limited test] INFO  grpc.GrpcConfigKeys (ConfUtils.java:logGet(46)) - raft.grpc.server.async.request.thread.pool.cached = true (default)
2023-09-14 12:53:58,939 [Time-limited test] INFO  grpc.GrpcConfigKeys (ConfUtils.java:logGet(46)) - raft.grpc.server.async.request.thread.pool.size = 32 (default)
2023-09-14 12:53:58,947 [Time-limited test] INFO  impl.DataStreamServerImpl (ConfUtils.java:logGet(46)) - raft.datastream.type = DISABLED (default)
2023-09-14 12:53:58,947 [Time-limited test] INFO  server.RaftServerConfigKeys (ConfUtils.java:logGet(46)) - raft.server.threadpool.proxy.cached = true (default)
2023-09-14 12:53:58,947 [Time-limited test] INFO  server.RaftServerConfigKeys (ConfUtils.java:logGet(46)) - raft.server.threadpool.proxy.size = 0 (default)
2023-09-14 12:53:58,947 [Time-limited test] INFO  server.RaftServerConfigKeys (ConfUtils.java:logGet(46)) - raft.server.rpc.slowness.timeout = 120s (custom)
2023-09-14 12:53:58,947 [Time-limited test] INFO  server.RaftServerConfigKeys (ConfUtils.java:logGet(46)) - raft.server.leaderelection.leader.step-down.wait-time = 10s (default)
2023-09-14 12:53:58,948 [Time-limited test] INFO  server.RaftServerConfigKeys (ConfUtils.java:logGet(46)) - raft.server.storage.dir = [/tmp/junit4376248297094940921/junit7374180192867644963/om-meta/ratis] (custom)
2023-09-14 12:53:58,951 [Time-limited test] INFO  server.RaftServer (RaftServerProxy.java:addNew(98)) - om1: addNew group-C5BA1605619E:[om1|rpc:fv-az187-373.4biwkquksivelc4kanrnlgeoof.gx.internal.cloudapp.net:9872|priority:0|startupRole:FOLLOWER] returns group-C5BA1605619E:java.util.concurrent.CompletableFuture@521e7868[Not completed]
2023-09-14 12:53:58,951 [Time-limited test] INFO  om.OzoneManager (OzoneManager.java:initializeRatisServer(2148)) - OzoneManager Ratis server initialized at port 9872
2023-09-14 12:53:58,951 [Time-limited test] INFO  om.OzoneManager (OzoneManager.java:getRpcServer(1196)) - Creating RPC Server
2023-09-14 12:53:58,960 [om1-groupManagement] INFO  server.RaftServer$Division (RaftServerImpl.java:<init>(198)) - om1: new RaftServerImpl for group-C5BA1605619E:[om1|rpc:fv-az187-373.4biwkquksivelc4kanrnlgeoof.gx.internal.cloudapp.net:9872|priority:0|startupRole:FOLLOWER] with OzoneManagerStateMachine:uninitialized
2023-09-14 12:53:58,961 [om1-groupManagement] INFO  server.RaftServerConfigKeys (ConfUtils.java:logGet(46)) - raft.server.rpc.timeout.min = 5s (custom)
2023-09-14 12:53:58,961 [om1-groupManagement] INFO  server.RaftServerConfigKeys (ConfUtils.java:logGet(46)) - raft.server.rpc.timeout.max = 5200ms (custom)
2023-09-14 12:53:58,961 [om1-groupManagement] INFO  server.RaftServerConfigKeys (ConfUtils.java:logGet(46)) - raft.server.rpc.sleep.time = 25ms (default)
2023-09-14 12:53:58,961 [om1-groupManagement] INFO  server.RaftServerConfigKeys (ConfUtils.java:logGet(46)) - raft.server.rpc.slowness.timeout = 120s (custom)
2023-09-14 12:53:58,961 [om1-groupManagement] INFO  server.RaftServerConfigKeys (ConfUtils.java:logGet(46)) - raft.server.leaderelection.leader.step-down.wait-time = 10s (default)
2023-09-14 12:53:58,961 [om1-groupManagement] INFO  server.RaftServerConfigKeys (ConfUtils.java:logGet(46)) - raft.server.sleep.deviation.threshold = 300ms (default)
2023-09-14 12:53:58,962 [om1-groupManagement] INFO  server.RaftServer$Division (ServerState.java:<init>(120)) - om1@group-C5BA1605619E: ConfigurationManager, init=-1: peers:[om1|rpc:fv-az187-373.4biwkquksivelc4kanrnlgeoof.gx.internal.cloudapp.net:9872|priority:0|startupRole:FOLLOWER]|listeners:[], old=null, confs=<EMPTY_MAP>
2023-09-14 12:53:58,962 [om1-groupManagement] INFO  server.RaftServerConfigKeys (ConfUtils.java:logGet(46)) - raft.server.storage.dir = [/tmp/junit4376248297094940921/junit7374180192867644963/om-meta/ratis] (custom)
2023-09-14 12:53:58,962 [om1-groupManagement] INFO  server.RaftServerConfigKeys (ConfUtils.java:logGet(46)) - raft.server.log.corruption.policy = EXCEPTION (default)
2023-09-14 12:53:58,962 [om1-groupManagement] INFO  server.RaftServerConfigKeys (ConfUtils.java:logGet(46)) - raft.server.storage.free-space.min = 0MB (=0) (default)
2023-09-14 12:53:58,962 [om1-groupManagement] INFO  server.RaftServerConfigKeys (ConfUtils.java:logGet(46)) - raft.server.notification.no-leader.timeout = 120s (custom)
2023-09-14 12:53:58,962 [om1-groupManagement] INFO  server.RaftServerConfigKeys (ConfUtils.java:logGet(46)) - raft.server.read.timeout = 10s (default)
2023-09-14 12:53:58,962 [om1-groupManagement] INFO  server.RaftServerConfigKeys (ConfUtils.java:logGet(46)) - raft.server.retrycache.expirytime = 300s (custom)
2023-09-14 12:53:58,962 [om1-groupManagement] INFO  server.RaftServerConfigKeys (ConfUtils.java:logGet(46)) - raft.server.retrycache.statistics.expirytime = 100μs (default)
2023-09-14 12:53:58,963 [om1-groupManagement] INFO  server.RaftServerConfigKeys (ConfUtils.java:logGet(46)) - raft.server.read.option = DEFAULT (default)
2023-09-14 12:53:58,963 [om1-groupManagement] INFO  server.RaftServerConfigKeys (ConfUtils.java:logGet(46)) - raft.server.rpc.request.timeout = 3000ms (default)
2023-09-14 12:53:58,963 [om1-groupManagement] INFO  server.RaftServerConfigKeys (ConfUtils.java:logGet(46)) - raft.server.log.appender.install.snapshot.enabled = false (custom)
2023-09-14 12:53:58,963 [om1-groupManagement] INFO  server.RaftServerConfigKeys (ConfUtils.java:logGet(46)) - raft.server.threadpool.server.cached = true (default)
2023-09-14 12:53:58,964 [om1-groupManagement] INFO  server.RaftServerConfigKeys (ConfUtils.java:logGet(46)) - raft.server.threadpool.server.size = 0 (default)
2023-09-14 12:53:58,964 [om1-groupManagement] INFO  server.RaftServerConfigKeys (ConfUtils.java:logGet(46)) - raft.server.threadpool.client.cached = true (default)
2023-09-14 12:53:58,964 [om1-groupManagement] INFO  server.RaftServerConfigKeys (ConfUtils.java:logGet(46)) - raft.server.threadpool.client.size = 0 (default)
2023-09-14 12:53:59,691 [Time-limited test] INFO  reflections.Reflections (Reflections.java:scan(232)) - Reflections took 735 ms to scan 20 urls, producing 70 keys and 6001 values [using 2 cores]
2023-09-14 12:53:59,699 [Time-limited test] INFO  ipc.CallQueueManager (CallQueueManager.java:<init>(90)) - Using callQueue: class java.util.concurrent.LinkedBlockingQueue, queueCapacity: 10000, scheduler: class org.apache.hadoop.ipc.DefaultRpcScheduler, ipcBackoff: false.
2023-09-14 12:53:59,700 [Time-limited test] INFO  ipc.Server (Server.java:<init>(1287)) - Listener at fv-az187-373.4biwkquksivelc4kanrnlgeoof.gx.internal.cloudapp.net:1202
2023-09-14 12:53:59,710 [Socket Reader #1 for port 1202] INFO  ipc.Server (Server.java:run(1323)) - Starting Socket Reader #1 for port 1202
2023-09-14 12:53:59,800 [Time-limited test] INFO  security.OMCertificateClient (DefaultCertificateClient.java:getAllRootCaCerts(901)) - om has 1 Root CA certificates
2023-09-14 12:54:07,002 [om-CertificateRenewerService] INFO  security.OMCertificateClient (DefaultCertificateClient.java:run(1388)) - Current certificate 2633251 needs to be renewed remaining grace period PT0S. Forced renewal due to root ca rotation: false.
2023-09-14 12:54:07,333 [om-CertificateRenewerService] INFO  ozone.OzoneSecurityUtil (OzoneSecurityUtil.java:getValidInetsForCurrentHost(119)) - ip:fe80:0:0:0:20d:3aff:fea7:6146%eth0 not returned.
2023-09-14 12:54:07,334 [om-CertificateRenewerService] INFO  ozone.OzoneSecurityUtil (OzoneSecurityUtil.java:getValidInetsForCurrentHost(116)) - Adding ip:10.1.0.236,host:fv-az187-373.4biwkquksivelc4kanrnlgeoof.gx.internal.cloudapp.net
2023-09-14 12:54:07,334 [om-CertificateRenewerService] INFO  ozone.OzoneSecurityUtil (OzoneSecurityUtil.java:getValidInetsForCurrentHost(119)) - ip:0:0:0:0:0:0:0:1%lo not returned.
2023-09-14 12:54:07,334 [om-CertificateRenewerService] INFO  ozone.OzoneSecurityUtil (OzoneSecurityUtil.java:getValidInetsForCurrentHost(119)) - ip:127.0.0.1 not returned.
2023-09-14 12:54:07,334 [om-CertificateRenewerService] INFO  security.OMCertificateClient (OMCertificateClient.java:getCSRBuilder(114)) - Creating csr for OM->dns:fv-az187-373.4biwkquksivelc4kanrnlgeoof.gx.internal.cloudapp.net,ip:10.1.0.236,scmId:983f3e43-15e4-4233-afac-6d0df6cb80a3,clusterId:4fb3e6dc-a1ce-4e7f-a8e7-a9ea83c6e874,subject:om@fv-az187-373.4biwkquksivelc4kanrnlgeoof.gx.internal.cloudapp.net
2023-09-14 12:54:07,349 [om-CertificateRenewerService] INFO  utils.CertificateCodec (CertificateCodec.java:writeCertificate(299)) - Save certificate to /tmp/junit4376248297094940921/junit7374180192867644963/om-meta/om/certs-next/2633301.crt
2023-09-14 12:54:07,350 [om-CertificateRenewerService] INFO  utils.CertificateCodec (CertificateCodec.java:writeCertificate(300)) - Certificate -----BEGIN CERTIFICATE-----
MIIB4DCCAUmgAwIBAgIDKC5VMA0GCSqGSIb3DQEBCwUAMDUxEjAQBgNVBAMMCWxv
Y2FsaG9zdDENMAsGA1UECwwEdGVzdDEQMA4GA1UECgwHY2x1c3RlcjAeFw0yMzA5
MTQxMjU0MDdaFw0yMzA5MTQxMjU0MjdaMDUxEjAQBgNVBAMMCWxvY2FsaG9zdDEN
MAsGA1UECwwEdGVzdDEQMA4GA1UECgwHY2x1c3RlcjCBnzANBgkqhkiG9w0BAQEF
AAOBjQAwgYkCgYEAiYBP6WN5ymEiI+oslMqPnB9QrFvzEuH3fbm5RcFFEEBWz0vx
1vCwBuNpjrEyq9D0IJIxx0beeAJVt4reZGqyMBOLmpYdko2yPs2Q0b7vDk48CRoT
6u8l6zuTD6XwJzcuxPQ9I6Wo1zaGNqL9nIXkVia90SEoSXIadZbgMlnwgqECAwEA
ATANBgkqhkiG9w0BAQsFAAOBgQBqSh4UKcrHnh1p34Zr95pzEpCoT2huKK1xeP2P
vZbxLHvwWuPz68C+a5nralT+A7n4HuTj9KHIulJTDHmd63YR+1TiGyiduIIxTcek
veVUWpTrgfMQ1AzOsXm/v2rqvS6jvZirqmHb70nN2Uh3RV5L/0puDJ8thsYTrT6E
JOGJ7w==
-----END CERTIFICATE-----

2023-09-14 12:54:07,354 [om-CertificateRenewerService] INFO  utils.CertificateCodec (CertificateCodec.java:writeCertificate(299)) - Save certificate to /tmp/junit4376248297094940921/junit7374180192867644963/om-meta/om/certs-next/CA-2633301.crt
2023-09-14 12:54:07,354 [om-CertificateRenewerService] INFO  utils.CertificateCodec (CertificateCodec.java:writeCertificate(300)) - Certificate -----BEGIN CERTIFICATE-----
MIIB4DCCAUmgAwIBAgIDKC5VMA0GCSqGSIb3DQEBCwUAMDUxEjAQBgNVBAMMCWxv
Y2FsaG9zdDENMAsGA1UECwwEdGVzdDEQMA4GA1UECgwHY2x1c3RlcjAeFw0yMzA5
MTQxMjU0MDdaFw0yMzA5MTQxMjU0MjdaMDUxEjAQBgNVBAMMCWxvY2FsaG9zdDEN
MAsGA1UECwwEdGVzdDEQMA4GA1UECgwHY2x1c3RlcjCBnzANBgkqhkiG9w0BAQEF
AAOBjQAwgYkCgYEAiYBP6WN5ymEiI+oslMqPnB9QrFvzEuH3fbm5RcFFEEBWz0vx
1vCwBuNpjrEyq9D0IJIxx0beeAJVt4reZGqyMBOLmpYdko2yPs2Q0b7vDk48CRoT
6u8l6zuTD6XwJzcuxPQ9I6Wo1zaGNqL9nIXkVia90SEoSXIadZbgMlnwgqECAwEA
ATANBgkqhkiG9w0BAQsFAAOBgQBqSh4UKcrHnh1p34Zr95pzEpCoT2huKK1xeP2P
vZbxLHvwWuPz68C+a5nralT+A7n4HuTj9KHIulJTDHmd63YR+1TiGyiduIIxTcek
veVUWpTrgfMQ1AzOsXm/v2rqvS6jvZirqmHb70nN2Uh3RV5L/0puDJ8thsYTrT6E
JOGJ7w==
-----END CERTIFICATE-----

2023-09-14 12:54:07,355 [om-CertificateRenewerService] INFO  security.OMCertificateClient (DefaultCertificateClient.java:updateCertSerialId(1244)) - Certificate serial ID set to 2633301
2023-09-14 12:54:07,361 [om-CertificateRenewerService] INFO  security.OMCertificateClient (DefaultCertificateClient.java:readCertificateFile(237)) - Added certificate   [0]         Version: 3
         SerialNumber: 2633251
             IssuerDN: CN=localhost,OU=test,O=cluster
           Start Date: Thu Sep 14 12:53:57 UTC 2023
           Final Date: Thu Sep 14 12:54:17 UTC 2023
            SubjectDN: CN=localhost,OU=test,O=cluster
           Public Key: RSA Public Key [9c:22:16:e3:20:c5:48:bc:01:76:23:2a:9a:0b:0a:95:77:f6:48:5f],[56:66:d1:a4]
        modulus: 9e078c03208de35b470948ad75ef20fd8aec497d623258ff0911404c3da1b396252e06d0730c4ca6cd73953cbffaf87d70f2a8d24e4c5079a33db2474da346f71a2c4a82d0ad8f61bb9cdc175533eabbe8e093fd9632e025e3a884ebfd04f8b9ffcb79a0b90f0f8d88c0742c469c480e93c6534ae83c5be137fdc972b310549e19c3d49ba13124a0c74d5b76e2772fce869a034d7112afd30bc196071fcc5d158921d092e448b5e947e83c28508d0e692af8ffe25fc227d3a82329087ec587fd8d06ed2dbd75152ac820723108d9fc0000e964ac9496ea933cdfa7243af8affc9b0bf9b5f95f13c31d22d53f8734be014562f21cc25a4eb332f51fdb8261aa75
public exponent: 10001

  Signature Algorithm: SHA256WITHRSA
            Signature: 7b3254ec9cac5f475875cc544360867cc3029d4b
                       203f92a7f71c641dea9829e50adb720d27383c0e
                       0ba7c2b2b27fa1e72c2b2fbd63e7637c467b4566
                       ef774dbac1dddbbfa1187286cd2929baf129b162
                       e9df0a41c6af6758b178346c8154a462a2ac4299
                       1285ebd486f0f3f7c745a23c718066f4f5c274f1
                       651b8441b8c45302d6ebeda59d2a425a55fdeeac
                       ddd84da054c4b524347349995cdf128facac421a
                       6b88298eeaf0ccc157d8e1108347f45b14b705ed
                       64d74d0da30c4f3a2140bf5873726e1f87700c90
                       6eed5ed6cbbbbb037911bd34ef5d1908046d54d4
                       a1c6afea3b8e515f774300c29a81370ea0727200
                       a055547dc3ec9b154aa40917bc80d7b3
 from file: /tmp/junit4376248297094940921/junit7374180192867644963/om-meta/om/certs/certificate.crt.
2023-09-14 12:54:07,367 [om-CertificateRenewerService] INFO  security.OMCertificateClient (DefaultCertificateClient.java:readCertificateFile(237)) - Added certificate   [0]         Version: 3
         SerialNumber: 2633251
             IssuerDN: CN=localhost,OU=test,O=cluster
           Start Date: Thu Sep 14 12:53:57 UTC 2023
           Final Date: Thu Sep 14 12:54:17 UTC 2023
            SubjectDN: CN=localhost,OU=test,O=cluster
           Public Key: RSA Public Key [9c:22:16:e3:20:c5:48:bc:01:76:23:2a:9a:0b:0a:95:77:f6:48:5f],[56:66:d1:a4]
        modulus: 9e078c03208de35b470948ad75ef20fd8aec497d623258ff0911404c3da1b396252e06d0730c4ca6cd73953cbffaf87d70f2a8d24e4c5079a33db2474da346f71a2c4a82d0ad8f61bb9cdc175533eabbe8e093fd9632e025e3a884ebfd04f8b9ffcb79a0b90f0f8d88c0742c469c480e93c6534ae83c5be137fdc972b310549e19c3d49ba13124a0c74d5b76e2772fce869a034d7112afd30bc196071fcc5d158921d092e448b5e947e83c28508d0e692af8ffe25fc227d3a82329087ec587fd8d06ed2dbd75152ac820723108d9fc0000e964ac9496ea933cdfa7243af8affc9b0bf9b5f95f13c31d22d53f8734be014562f21cc25a4eb332f51fdb8261aa75
public exponent: 10001

  Signature Algorithm: SHA256WITHRSA
            Signature: 7b3254ec9cac5f475875cc544360867cc3029d4b
                       203f92a7f71c641dea9829e50adb720d27383c0e
                       0ba7c2b2b27fa1e72c2b2fbd63e7637c467b4566
                       ef774dbac1dddbbfa1187286cd2929baf129b162
                       e9df0a41c6af6758b178346c8154a462a2ac4299
                       1285ebd486f0f3f7c745a23c718066f4f5c274f1
                       651b8441b8c45302d6ebeda59d2a425a55fdeeac
                       ddd84da054c4b524347349995cdf128facac421a
                       6b88298eeaf0ccc157d8e1108347f45b14b705ed
                       64d74d0da30c4f3a2140bf5873726e1f87700c90
                       6eed5ed6cbbbbb037911bd34ef5d1908046d54d4
                       a1c6afea3b8e515f774300c29a81370ea0727200
                       a055547dc3ec9b154aa40917bc80d7b3
 from file: /tmp/junit4376248297094940921/junit7374180192867644963/om-meta/om/certs/ROOTCA-2633251.crt.
2023-09-14 12:54:07,368 [om-CertificateRenewerService] INFO  security.OMCertificateClient (DefaultCertificateClient.java:renewAndStoreKeyAndCertificate(1162)) - Successful renew key and certificate. New certificate 2633301.
2023-09-14 12:54:07,368 [om-CertificateRenewerService] INFO  security.OMCertificateClient (DefaultCertificateClient.java:updateCertSerialId(1244)) - Certificate serial ID set to 2633301
2023-09-14 12:54:07,373 [om-CertificateRenewerService] INFO  security.OMCertificateClient (DefaultCertificateClient.java:readCertificateFile(237)) - Added certificate   [0]         Version: 3
         SerialNumber: 2633301
             IssuerDN: CN=localhost,OU=test,O=cluster
           Start Date: Thu Sep 14 12:54:07 UTC 2023
           Final Date: Thu Sep 14 12:54:27 UTC 2023
            SubjectDN: CN=localhost,OU=test,O=cluster
           Public Key: RSA Public Key [97:81:8a:e9:36:4e:35:77:21:27:ae:ab:96:a4:37:70:fc:c9:51:be],[56:66:d1:a4]
        modulus: 89804fe96379ca612223ea2c94ca8f9c1f50ac5bf312e1f77db9b945c145104056cf4bf1d6f0b006e3698eb132abd0f4209231c746de780255b78ade646ab230138b9a961d928db23ecd90d1beef0e4e3c091a13eaef25eb3b930fa5f027372ec4f43d23a5a8d7368636a2fd9c85e45626bdd1212849721a7596e03259f082a1
public exponent: 10001

  Signature Algorithm: SHA256WITHRSA
            Signature: 6a4a1e1429cac79e1d69df866bf79a731290a84f
                       686e28ad7178fd8fbd96f12c7bf05ae3f3ebc0be
                       6b99eb6a54fe03b9f81ee4e3f4a1c8ba52530c79
                       9deb7611fb54e21b289db882314dc7a4bde5545a
                       94eb81f310d40cceb179bfbf6aeabd2ea3bd98ab
                       aa61dbef49cdd94877455e4bff4a6e0c9f2d86c6
                       13ad3e8424e189ef
 from file: /tmp/junit4376248297094940921/junit7374180192867644963/om-meta/om/certs/2633301.crt.
2023-09-14 12:54:07,374 [om-CertificateRenewerService] INFO  security.OMCertificateClient (DefaultCertificateClient.java:readCertificateFile(237)) - Added certificate   [0]         Version: 3
         SerialNumber: 2633301
             IssuerDN: CN=localhost,OU=test,O=cluster
           Start Date: Thu Sep 14 12:54:07 UTC 2023
           Final Date: Thu Sep 14 12:54:27 UTC 2023
            SubjectDN: CN=localhost,OU=test,O=cluster
           Public Key: RSA Public Key [97:81:8a:e9:36:4e:35:77:21:27:ae:ab:96:a4:37:70:fc:c9:51:be],[56:66:d1:a4]
        modulus: 89804fe96379ca612223ea2c94ca8f9c1f50ac5bf312e1f77db9b945c145104056cf4bf1d6f0b006e3698eb132abd0f4209231c746de780255b78ade646ab230138b9a961d928db23ecd90d1beef0e4e3c091a13eaef25eb3b930fa5f027372ec4f43d23a5a8d7368636a2fd9c85e45626bdd1212849721a7596e03259f082a1
public exponent: 10001

  Signature Algorithm: SHA256WITHRSA
            Signature: 6a4a1e1429cac79e1d69df866bf79a731290a84f
                       686e28ad7178fd8fbd96f12c7bf05ae3f3ebc0be
                       6b99eb6a54fe03b9f81ee4e3f4a1c8ba52530c79
                       9deb7611fb54e21b289db882314dc7a4bde5545a
                       94eb81f310d40cceb179bfbf6aeabd2ea3bd98ab
                       aa61dbef49cdd94877455e4bff4a6e0c9f2d86c6
                       13ad3e8424e189ef
 from file: /tmp/junit4376248297094940921/junit7374180192867644963/om-meta/om/certs/CA-2633301.crt.
2023-09-14 12:54:07,375 [om-CertificateRenewerService] INFO  security.OMCertificateClient (DefaultCertificateClient.java:reloadKeyAndCertificate(1232)) - Reset and reloaded key and all certificates for new certificate 2633301.
2023-09-14 12:54:07,827 [Time-limited test] INFO  utils.SelfSignedCertificate (SelfSignedCertificate.java:generateCertificate(157)) - Certificate 2644070 is issued by CN=localhost,OU=test,O=cluster to CN=localhost,OU=test,O=cluster, valid from Thu Sep 14 12:54:07 UTC 2023 to Thu Sep 14 12:54:27 UTC 2023
2023-09-14 12:54:10,335 [om-CertificateRenewerService] INFO  security.OMCertificateClient (DefaultCertificateClient.java:run(1381)) - Current certificate 2633301 hasn't entered the renew grace period. Remaining period is PT6.665S. 
2023-09-14 12:54:13,668 [om-CertificateRenewerService] INFO  security.OMCertificateClient (DefaultCertificateClient.java:run(1381)) - Current certificate 2633301 hasn't entered the renew grace period. Remaining period is PT3.332S. 
2023-09-14 12:54:17,001 [om-CertificateRenewerService] INFO  security.OMCertificateClient (DefaultCertificateClient.java:run(1388)) - Current certificate 2633301 needs to be renewed remaining grace period PT0S. Forced renewal due to root ca rotation: false.
2023-09-14 12:54:17,075 [om-CertificateRenewerService] INFO  ozone.OzoneSecurityUtil (OzoneSecurityUtil.java:getValidInetsForCurrentHost(119)) - ip:fe80:0:0:0:20d:3aff:fea7:6146%eth0 not returned.
2023-09-14 12:54:17,075 [om-CertificateRenewerService] INFO  ozone.OzoneSecurityUtil (OzoneSecurityUtil.java:getValidInetsForCurrentHost(116)) - Adding ip:10.1.0.236,host:fv-az187-373.4biwkquksivelc4kanrnlgeoof.gx.internal.cloudapp.net
2023-09-14 12:54:17,075 [om-CertificateRenewerService] INFO  ozone.OzoneSecurityUtil (OzoneSecurityUtil.java:getValidInetsForCurrentHost(119)) - ip:0:0:0:0:0:0:0:1%lo not returned.
2023-09-14 12:54:17,075 [om-CertificateRenewerService] INFO  ozone.OzoneSecurityUtil (OzoneSecurityUtil.java:getValidInetsForCurrentHost(119)) - ip:127.0.0.1 not returned.
2023-09-14 12:54:17,076 [om-CertificateRenewerService] INFO  security.OMCertificateClient (OMCertificateClient.java:getCSRBuilder(114)) - Creating csr for OM->dns:fv-az187-373.4biwkquksivelc4kanrnlgeoof.gx.internal.cloudapp.net,ip:10.1.0.236,scmId:983f3e43-15e4-4233-afac-6d0df6cb80a3,clusterId:4fb3e6dc-a1ce-4e7f-a8e7-a9ea83c6e874,subject:om@fv-az187-373.4biwkquksivelc4kanrnlgeoof.gx.internal.cloudapp.net
2023-09-14 12:54:17,081 [om-CertificateRenewerService] INFO  utils.CertificateCodec (CertificateCodec.java:writeCertificate(299)) - Save certificate to /tmp/junit4376248297094940921/junit7374180192867644963/om-meta/om/certs-next/2644070.crt
2023-09-14 12:54:17,081 [om-CertificateRenewerService] INFO  utils.CertificateCodec (CertificateCodec.java:writeCertificate(300)) - Certificate -----BEGIN CERTIFICATE-----
MIIB4DCCAUmgAwIBAgIDKFhmMA0GCSqGSIb3DQEBCwUAMDUxEjAQBgNVBAMMCWxv
Y2FsaG9zdDENMAsGA1UECwwEdGVzdDEQMA4GA1UECgwHY2x1c3RlcjAeFw0yMzA5
MTQxMjU0MDdaFw0yMzA5MTQxMjU0MjdaMDUxEjAQBgNVBAMMCWxvY2FsaG9zdDEN
MAsGA1UECwwEdGVzdDEQMA4GA1UECgwHY2x1c3RlcjCBnzANBgkqhkiG9w0BAQEF
AAOBjQAwgYkCgYEAx+yL1GPzCP4kkT/ssgpIG7lyfM6lim3AfZy1bxMd1qiKG00j
4k3caCYQnYnOHNsbNKzUfdAmGZeI0xDUa0KlPdgrORDLDHlx+OwSGZ2r1RuVtfNG
hKhHK9pehitSTCxpAPldMfVrn7MaL2WH2PGzLkb2afkWDwg3cE6+sR1cY38CAwEA
ATANBgkqhkiG9w0BAQsFAAOBgQBwtiLGrUaZ/1e8+VZ6rKGrEbxJZoQMtrecRvx/
SZLNLXRMJIq6xGIqZ5JbdFb+NxBdgxLzvbskA0YwRBJj/EKjT+6iXLPLeOnQez/z
R+st+GHJrCNoCiud9NO8wY0lr6/xF7EtTwZMZtgigcjUBo9dsqo7nqyS0yonBFTZ
7Ntgkg==
-----END CERTIFICATE-----

2023-09-14 12:54:17,082 [om-CertificateRenewerService] INFO  utils.CertificateCodec (CertificateCodec.java:writeCertificate(299)) - Save certificate to /tmp/junit4376248297094940921/junit7374180192867644963/om-meta/om/certs-next/CA-2644070.crt
2023-09-14 12:54:17,082 [om-CertificateRenewerService] INFO  utils.CertificateCodec (CertificateCodec.java:writeCertificate(300)) - Certificate -----BEGIN CERTIFICATE-----
MIIB4DCCAUmgAwIBAgIDKFhmMA0GCSqGSIb3DQEBCwUAMDUxEjAQBgNVBAMMCWxv
Y2FsaG9zdDENMAsGA1UECwwEdGVzdDEQMA4GA1UECgwHY2x1c3RlcjAeFw0yMzA5
MTQxMjU0MDdaFw0yMzA5MTQxMjU0MjdaMDUxEjAQBgNVBAMMCWxvY2FsaG9zdDEN
MAsGA1UECwwEdGVzdDEQMA4GA1UECgwHY2x1c3RlcjCBnzANBgkqhkiG9w0BAQEF
AAOBjQAwgYkCgYEAx+yL1GPzCP4kkT/ssgpIG7lyfM6lim3AfZy1bxMd1qiKG00j
4k3caCYQnYnOHNsbNKzUfdAmGZeI0xDUa0KlPdgrORDLDHlx+OwSGZ2r1RuVtfNG
hKhHK9pehitSTCxpAPldMfVrn7MaL2WH2PGzLkb2afkWDwg3cE6+sR1cY38CAwEA
ATANBgkqhkiG9w0BAQsFAAOBgQBwtiLGrUaZ/1e8+VZ6rKGrEbxJZoQMtrecRvx/
SZLNLXRMJIq6xGIqZ5JbdFb+NxBdgxLzvbskA0YwRBJj/EKjT+6iXLPLeOnQez/z
R+st+GHJrCNoCiud9NO8wY0lr6/xF7EtTwZMZtgigcjUBo9dsqo7nqyS0yonBFTZ
7Ntgkg==
-----END CERTIFICATE-----

2023-09-14 12:54:17,082 [om-CertificateRenewerService] INFO  security.OMCertificateClient (DefaultCertificateClient.java:updateCertSerialId(1244)) - Certificate serial ID set to 2644070
2023-09-14 12:54:17,083 [om-CertificateRenewerService] INFO  security.OMCertificateClient (DefaultCertificateClient.java:readCertificateFile(237)) - Added certificate   [0]         Version: 3
         SerialNumber: 2633301
             IssuerDN: CN=localhost,OU=test,O=cluster
           Start Date: Thu Sep 14 12:54:07 UTC 2023
           Final Date: Thu Sep 14 12:54:27 UTC 2023
            SubjectDN: CN=localhost,OU=test,O=cluster
           Public Key: RSA Public Key [97:81:8a:e9:36:4e:35:77:21:27:ae:ab:96:a4:37:70:fc:c9:51:be],[56:66:d1:a4]
        modulus: 89804fe96379ca612223ea2c94ca8f9c1f50ac5bf312e1f77db9b945c145104056cf4bf1d6f0b006e3698eb132abd0f4209231c746de780255b78ade646ab230138b9a961d928db23ecd90d1beef0e4e3c091a13eaef25eb3b930fa5f027372ec4f43d23a5a8d7368636a2fd9c85e45626bdd1212849721a7596e03259f082a1
public exponent: 10001

  Signature Algorithm: SHA256WITHRSA
            Signature: 6a4a1e1429cac79e1d69df866bf79a731290a84f
                       686e28ad7178fd8fbd96f12c7bf05ae3f3ebc0be
                       6b99eb6a54fe03b9f81ee4e3f4a1c8ba52530c79
                       9deb7611fb54e21b289db882314dc7a4bde5545a
                       94eb81f310d40cceb179bfbf6aeabd2ea3bd98ab
                       aa61dbef49cdd94877455e4bff4a6e0c9f2d86c6
                       13ad3e8424e189ef
 from file: /tmp/junit4376248297094940921/junit7374180192867644963/om-meta/om/certs/2633301.crt.
2023-09-14 12:54:17,084 [om-CertificateRenewerService] INFO  security.OMCertificateClient (DefaultCertificateClient.java:readCertificateFile(237)) - Added certificate   [0]         Version: 3
         SerialNumber: 2633301
             IssuerDN: CN=localhost,OU=test,O=cluster
           Start Date: Thu Sep 14 12:54:07 UTC 2023
           Final Date: Thu Sep 14 12:54:27 UTC 2023
            SubjectDN: CN=localhost,OU=test,O=cluster
           Public Key: RSA Public Key [97:81:8a:e9:36:4e:35:77:21:27:ae:ab:96:a4:37:70:fc:c9:51:be],[56:66:d1:a4]
        modulus: 89804fe96379ca612223ea2c94ca8f9c1f50ac5bf312e1f77db9b945c145104056cf4bf1d6f0b006e3698eb132abd0f4209231c746de780255b78ade646ab230138b9a961d928db23ecd90d1beef0e4e3c091a13eaef25eb3b930fa5f027372ec4f43d23a5a8d7368636a2fd9c85e45626bdd1212849721a7596e03259f082a1
public exponent: 10001

  Signature Algorithm: SHA256WITHRSA
            Signature: 6a4a1e1429cac79e1d69df866bf79a731290a84f
                       686e28ad7178fd8fbd96f12c7bf05ae3f3ebc0be
                       6b99eb6a54fe03b9f81ee4e3f4a1c8ba52530c79
                       9deb7611fb54e21b289db882314dc7a4bde5545a
                       94eb81f310d40cceb179bfbf6aeabd2ea3bd98ab
                       aa61dbef49cdd94877455e4bff4a6e0c9f2d86c6
                       13ad3e8424e189ef
 from file: /tmp/junit4376248297094940921/junit7374180192867644963/om-meta/om/certs/CA-2633301.crt.
2023-09-14 12:54:17,090 [om-CertificateRenewerService] INFO  security.OMCertificateClient (DefaultCertificateClient.java:renewAndStoreKeyAndCertificate(1162)) - Successful renew key and certificate. New certificate 2644070.
2023-09-14 12:54:17,090 [om-CertificateRenewerService] INFO  security.OMCertificateClient (DefaultCertificateClient.java:updateCertSerialId(1244)) - Certificate serial ID set to 2644070
2023-09-14 12:54:17,093 [om-CertificateRenewerService] INFO  security.OMCertificateClient (DefaultCertificateClient.java:readCertificateFile(237)) - Added certificate   [0]         Version: 3
         SerialNumber: 2644070
             IssuerDN: CN=localhost,OU=test,O=cluster
           Start Date: Thu Sep 14 12:54:07 UTC 2023
           Final Date: Thu Sep 14 12:54:27 UTC 2023
            SubjectDN: CN=localhost,OU=test,O=cluster
           Public Key: RSA Public Key [1d:9d:7f:ff:49:29:f2:a9:72:72:42:ae:60:7d:78:44:01:49:c8:e7],[56:66:d1:a4]
        modulus: c7ec8bd463f308fe24913fecb20a481bb9727ccea58a6dc07d9cb56f131dd6a88a1b4d23e24ddc6826109d89ce1cdb1b34acd47dd026199788d310d46b42a53dd82b3910cb0c7971f8ec12199dabd51b95b5f34684a8472bda5e862b524c2c6900f95d31f56b9fb31a2f6587d8f1b32e46f669f9160f0837704ebeb11d5c637f
public exponent: 10001

  Signature Algorithm: SHA256WITHRSA
            Signature: 70b622c6ad4699ff57bcf9567aaca1ab11bc4966
                       840cb6b79c46fc7f4992cd2d744c248abac4622a
                       67925b7456fe37105d8312f3bdbb240346304412
                       63fc42a34feea25cb3cb78e9d07b3ff347eb2df8
                       61c9ac23680a2b9df4d3bcc18d25afaff117b12d
                       4f064c66d82281c8d4068f5db2aa3b9eac92d32a
                       270454d9ecdb6092
 from file: /tmp/junit4376248297094940921/junit7374180192867644963/om-meta/om/certs/CA-2644070.crt.
2023-09-14 12:54:17,094 [om-CertificateRenewerService] INFO  security.OMCertificateClient (DefaultCertificateClient.java:readCertificateFile(237)) - Added certificate   [0]         Version: 3
         SerialNumber: 2644070
             IssuerDN: CN=localhost,OU=test,O=cluster
           Start Date: Thu Sep 14 12:54:07 UTC 2023
           Final Date: Thu Sep 14 12:54:27 UTC 2023
            SubjectDN: CN=localhost,OU=test,O=cluster
           Public Key: RSA Public Key [1d:9d:7f:ff:49:29:f2:a9:72:72:42:ae:60:7d:78:44:01:49:c8:e7],[56:66:d1:a4]
        modulus: c7ec8bd463f308fe24913fecb20a481bb9727ccea58a6dc07d9cb56f131dd6a88a1b4d23e24ddc6826109d89ce1cdb1b34acd47dd026199788d310d46b42a53dd82b3910cb0c7971f8ec12199dabd51b95b5f34684a8472bda5e862b524c2c6900f95d31f56b9fb31a2f6587d8f1b32e46f669f9160f0837704ebeb11d5c637f
public exponent: 10001

  Signature Algorithm: SHA256WITHRSA
            Signature: 70b622c6ad4699ff57bcf9567aaca1ab11bc4966
                       840cb6b79c46fc7f4992cd2d744c248abac4622a
                       67925b7456fe37105d8312f3bdbb240346304412
                       63fc42a34feea25cb3cb78e9d07b3ff347eb2df8
                       61c9ac23680a2b9df4d3bcc18d25afaff117b12d
                       4f064c66d82281c8d4068f5db2aa3b9eac92d32a
                       270454d9ecdb6092
 from file: /tmp/junit4376248297094940921/junit7374180192867644963/om-meta/om/certs/2644070.crt.
2023-09-14 12:54:17,094 [om-CertificateRenewerService] INFO  security.OMCertificateClient (DefaultCertificateClient.java:reloadKeyAndCertificate(1232)) - Reset and reloaded key and all certificates for new certificate 2644070.
2023-09-14 12:54:17,835 [Time-limited test] INFO  impl.DefaultInternalKdcServerImpl (DefaultInternalKdcServerImpl.java:doStop(102)) - Default Internal kdc server stopped.
2023-09-14 12:54:18,836 [Time-limited test] INFO  minikdc.MiniKdc (MiniKdc.java:stop(359)) - MiniKdc stopped.
2023-09-14 12:54:18,836 [Time-limited test] INFO  om.OzoneManager (OzoneManager.java:stop(2207)) - om1[fv-az187-373.4biwkquksivelc4kanrnlgeoof.gx.internal.cloudapp.net:1202]: Stopping Ozone Manager
2023-09-14 12:54:18,837 [Time-limited test] INFO  ipc.Server (Server.java:stop(3523)) - Stopping server on 1202
2023-09-14 12:54:18,838 [Time-limited test] INFO  ratis.OzoneManagerStateMachine (OzoneManagerStateMachine.java:close(534)) - StateMachine has shutdown. Shutdown OzoneManager if not already shutdown.
2023-09-14 12:54:18,838 [Time-limited test] INFO  ratis.OzoneManagerDoubleBuffer (OzoneManagerDoubleBuffer.java:stopDaemon(551)) - Stopping OMDoubleBuffer flush thread
2023-09-14 12:54:18,838 [OMDoubleBufferFlushThread] INFO  ratis.OzoneManagerDoubleBuffer (OzoneManagerDoubleBuffer.java:canFlush(638)) - OMDoubleBuffer flush thread OMDoubleBufferFlushThread is interrupted and will exit.
2023-09-14 12:54:18,838 [Time-limited test] INFO  om.OzoneManager (OzoneManager.java:stopSecretManager(1066)) - Stopping secret key client.
2023-09-14 12:54:18,838 [Time-limited test] INFO  om.OzoneManager (OzoneManager.java:stopSecretManager(1071)) - Stopping OM delegation token secret manager.
2023-09-14 12:54:18,838 [Time-limited test] INFO  rocksdiff.RocksDBCheckpointDiffer (RocksDBCheckpointDiffer.java:close(343)) - Shutting down CompactionDagPruningService.
2023-09-14 12:54:18,840 [Time-limited test] INFO  snapshot.SnapshotDiffManager (SnapshotDiffManager.java:closeExecutorService(1706)) - Shutting down executorService: 'SnapDiffExecutor'
2023-09-14 12:54:18,841 [Time-limited test] INFO  snapshot.SnapshotDiffManager (SnapshotDiffManager.java:closeExecutorService(1706)) - Shutting down executorService: 'SstDumpToolExecutor'
2023-09-14 12:54:18,841 [Time-limited test] INFO  utils.BackgroundService (BackgroundService.java:shutdown(141)) - Shutting down service SnapshotDiffCleanupService
]]></system-out>
  </testcase>
  <testcase name="testSecureOmInitSuccess" classname="org.apache.hadoop.ozone.TestSecureOzoneCluster" time="5.002">
    <system-out><![CDATA[2023-09-14 12:54:18,887 [Time-limited test] INFO  net.ServerSocketUtil (ServerSocketUtil.java:getPort(55)) - Using port 9860
2023-09-14 12:54:18,887 [Time-limited test] INFO  net.ServerSocketUtil (ServerSocketUtil.java:getPort(55)) - Using port 9861
2023-09-14 12:54:18,887 [Time-limited test] INFO  net.ServerSocketUtil (ServerSocketUtil.java:getPort(55)) - Using port 9863
2023-09-14 12:54:18,887 [Time-limited test] INFO  net.ServerSocketUtil (ServerSocketUtil.java:getPort(55)) - Using port 9961
2023-09-14 12:54:18,887 [Time-limited test] INFO  net.ServerSocketUtil (ServerSocketUtil.java:getPort(55)) - Using port 1200
2023-09-14 12:54:18,888 [Time-limited test] INFO  net.ServerSocketUtil (ServerSocketUtil.java:getPort(55)) - Using port 1201
2023-09-14 12:54:18,889 [Time-limited test] INFO  minikdc.MiniKdc (MiniKdc.java:<init>(225)) - Configuration:
2023-09-14 12:54:18,889 [Time-limited test] INFO  minikdc.MiniKdc (MiniKdc.java:<init>(226)) - ---------------------------------------------------------------
2023-09-14 12:54:18,889 [Time-limited test] INFO  minikdc.MiniKdc (MiniKdc.java:<init>(228)) -   debug: false
2023-09-14 12:54:18,890 [Time-limited test] INFO  minikdc.MiniKdc (MiniKdc.java:<init>(228)) -   transport: TCP
2023-09-14 12:54:18,890 [Time-limited test] INFO  minikdc.MiniKdc (MiniKdc.java:<init>(228)) -   max.ticket.lifetime: 86400000
2023-09-14 12:54:18,890 [Time-limited test] INFO  minikdc.MiniKdc (MiniKdc.java:<init>(228)) -   org.name: EXAMPLE
2023-09-14 12:54:18,890 [Time-limited test] INFO  minikdc.MiniKdc (MiniKdc.java:<init>(228)) -   kdc.port: 0
2023-09-14 12:54:18,890 [Time-limited test] INFO  minikdc.MiniKdc (MiniKdc.java:<init>(228)) -   org.domain: COM
2023-09-14 12:54:18,890 [Time-limited test] INFO  minikdc.MiniKdc (MiniKdc.java:<init>(228)) -   max.renewable.lifetime: 604800000
2023-09-14 12:54:18,890 [Time-limited test] INFO  minikdc.MiniKdc (MiniKdc.java:<init>(228)) -   instance: DefaultKrbServer
2023-09-14 12:54:18,890 [Time-limited test] INFO  minikdc.MiniKdc (MiniKdc.java:<init>(228)) -   kdc.bind.address: localhost
2023-09-14 12:54:18,890 [Time-limited test] INFO  minikdc.MiniKdc (MiniKdc.java:<init>(230)) - ---------------------------------------------------------------
2023-09-14 12:54:18,897 [Time-limited test] INFO  minikdc.MiniKdc (MiniKdc.java:start(285)) - MiniKdc started.
2023-09-14 12:54:19,274 [Time-limited test] INFO  om.OzoneManager (OzoneManager.java:getOmDetailsProto(4573)) - OzoneManager ports added:[name: "RPC"
value: 1202
]
2023-09-14 12:54:19,274 [Time-limited test] WARN  server.ServerUtils (ServerUtils.java:getScmDbDir(155)) - ozone.scm.db.dirs is not configured. We recommend adding this setting. Falling back to ozone.metadata.dirs instead.
2023-09-14 12:54:19,275 [Time-limited test] INFO  ha.HASecurityUtils (HASecurityUtils.java:initializeSecurity(98)) - Initializing secure StorageContainerManager.
2023-09-14 12:54:19,276 [Time-limited test] INFO  client.SCMCertificateClient (DefaultCertificateClient.java:updateCertSerialId(1244)) - Certificate serial ID set to null
2023-09-14 12:54:19,276 [Time-limited test] ERROR client.SCMCertificateClient (DefaultCertificateClient.java:getCertPath(362)) - Default certificate serial id is not set. Can't locate the default certificate for this client.
2023-09-14 12:54:19,276 [Time-limited test] INFO  client.SCMCertificateClient (DefaultCertificateClient.java:init(715)) - Certificate client init case: 0
2023-09-14 12:54:19,276 [Time-limited test] INFO  client.SCMCertificateClient (SCMCertificateClient.java:handleCase(103)) - Creating keypair for client as keypair and certificate not found.
2023-09-14 12:54:19,438 [Time-limited test] INFO  ha.HASecurityUtils (HASecurityUtils.java:initializeSecurity(108)) - Init response: GETCERT
2023-09-14 12:54:19,627 [Time-limited test] INFO  ozone.OzoneSecurityUtil (OzoneSecurityUtil.java:getValidInetsForCurrentHost(119)) - ip:fe80:0:0:0:20d:3aff:fea7:6146%eth0 not returned.
2023-09-14 12:54:19,627 [Time-limited test] INFO  ozone.OzoneSecurityUtil (OzoneSecurityUtil.java:getValidInetsForCurrentHost(116)) - Adding ip:10.1.0.236,host:fv-az187-373.4biwkquksivelc4kanrnlgeoof.gx.internal.cloudapp.net
2023-09-14 12:54:19,627 [Time-limited test] INFO  ozone.OzoneSecurityUtil (OzoneSecurityUtil.java:getValidInetsForCurrentHost(119)) - ip:0:0:0:0:0:0:0:1%lo not returned.
2023-09-14 12:54:19,627 [Time-limited test] INFO  ozone.OzoneSecurityUtil (OzoneSecurityUtil.java:getValidInetsForCurrentHost(119)) - ip:127.0.0.1 not returned.
2023-09-14 12:54:19,630 [Time-limited test] INFO  utils.SelfSignedCertificate (SelfSignedCertificate.java:generateCertificate(157)) - Certificate 1 is issued by CN=scm-1@fv-az187-373,OU=303f671e-4662-4c2c-9e53-7b6f3e0bbfc6,O=1f5f432d-4cdd-485f-9c0d-4c2896e2ddf2 to CN=scm-1@fv-az187-373,OU=303f671e-4662-4c2c-9e53-7b6f3e0bbfc6,O=1f5f432d-4cdd-485f-9c0d-4c2896e2ddf2, valid from Thu Sep 14 12:54:19 UTC 2023 to Sun Oct 22 12:54:19 UTC 2028
2023-09-14 12:54:19,631 [Time-limited test] INFO  utils.CertificateCodec (CertificateCodec.java:writeCertificate(299)) - Save certificate to /tmp/junit3244255807813134247/junit7623464618106485715/scm-meta/scm/ca/certs/certificate.crt
2023-09-14 12:54:19,631 [Time-limited test] INFO  utils.CertificateCodec (CertificateCodec.java:writeCertificate(300)) - Certificate -----BEGIN CERTIFICATE-----
MIID5zCCAs+gAwIBAgIBATANBgkqhkiG9w0BAQsFADB7MRswGQYDVQQDDBJzY20t
MUBmdi1hejE4Ny0zNzMxLTArBgNVBAsMJDMwM2Y2NzFlLTQ2NjItNGMyYy05ZTUz
LTdiNmYzZTBiYmZjNjEtMCsGA1UECgwkMWY1ZjQzMmQtNGNkZC00ODVmLTljMGQt
NGMyODk2ZTJkZGYyMB4XDTIzMDkxNDEyNTQxOVoXDTI4MTAyMjEyNTQxOVowezEb
MBkGA1UEAwwSc2NtLTFAZnYtYXoxODctMzczMS0wKwYDVQQLDCQzMDNmNjcxZS00
NjYyLTRjMmMtOWU1My03YjZmM2UwYmJmYzYxLTArBgNVBAoMJDFmNWY0MzJkLTRj
ZGQtNDg1Zi05YzBkLTRjMjg5NmUyZGRmMjCCASIwDQYJKoZIhvcNAQEBBQADggEP
ADCCAQoCggEBAMLZs0Yh47o5Ps0xOyzgnj3pcHH5w7aUmt88fWP2GuSqvuJNTfic
lKkigHUSQIl2Cw5+feMYGAbqeHMi5P2Wh9EOg/C7quzSSASWft1hDN3I3OGswAn3
Xime+XBCXJNXqJPVc7mLX7usO+a3+fpV35o6tU1m4im0lmffR31R+ehR2j/Tu1il
Wega9QxTTAVEc5p3vkzhq1mCCTU9PDj2HTkBUMELeM2Iz26byil6be9H2MLZjEWZ
bhxzr3FHNLpzBB9DCCI6KlA20I2NrzPl4dXgIRFB6wH5wa7/Bfkz9AsOntrY+yVf
75yyTINUa7H10k/mY4ODbv86Q2d5g2W8CR0CAwEAAaN2MHQwDwYDVR0TAQH/BAUw
AwEB/zAOBgNVHQ8BAf8EBAMCAQYwUQYDVR0RBEowSIcECgEA7IJAZnYtYXoxODct
MzczLjRiaXdrcXVrc2l2ZWxjNGthbnJubGdlb29mLmd4LmludGVybmFsLmNsb3Vk
YXBwLm5ldDANBgkqhkiG9w0BAQsFAAOCAQEAMQPJ0djKqBDD4sZf2piZrEREHNLs
zdA9gCQnxjDQGupU+YLXmBxHVW9B1bIT54hSPbHql3S01cjjHAJqYDqxXhjoZL1k
F3Ov7bc+AnfR/iARw0cD9Z/HBERrOKJULQo0G+0cwGjNMnKM1/C1/3rVj8lZ8Y2V
5oGSXaebwApbzgE9mzSEGUMN4rjlOYXpuBFhFYs/g0YnZBluVmy15cWWlPaEMFky
0uCZ1NWzg+jK7Z7G09/+O6bsdB1iCZz0lcbQHxQzhAYruES8HV85rMmaZ7F9omUL
DQNhKTQlCtJmclCpQrOXuy2+2PgJnFUMn0wxmEa+j/2LJjkhEeDmDsUQRA==
-----END CERTIFICATE-----

2023-09-14 12:54:19,632 [Time-limited test] INFO  client.SCMCertificateClient (SCMCertificateClient.java:getCSRBuilder(165)) - Creating csr for SCM->hostName:fv-az187-373,scmId:303f671e-4662-4c2c-9e53-7b6f3e0bbfc6,clusterId:1f5f432d-4cdd-485f-9c0d-4c2896e2ddf2,subject:scm-sub-2655879473549@fv-az187-373
2023-09-14 12:54:19,632 [Time-limited test] INFO  ozone.OzoneSecurityUtil (OzoneSecurityUtil.java:getValidInetsForCurrentHost(119)) - ip:fe80:0:0:0:20d:3aff:fea7:6146%eth0 not returned.
2023-09-14 12:54:19,632 [Time-limited test] INFO  ozone.OzoneSecurityUtil (OzoneSecurityUtil.java:getValidInetsForCurrentHost(116)) - Adding ip:10.1.0.236,host:fv-az187-373.4biwkquksivelc4kanrnlgeoof.gx.internal.cloudapp.net
2023-09-14 12:54:19,632 [Time-limited test] INFO  ozone.OzoneSecurityUtil (OzoneSecurityUtil.java:getValidInetsForCurrentHost(119)) - ip:0:0:0:0:0:0:0:1%lo not returned.
2023-09-14 12:54:19,632 [Time-limited test] INFO  ozone.OzoneSecurityUtil (OzoneSecurityUtil.java:getValidInetsForCurrentHost(119)) - ip:127.0.0.1 not returned.
2023-09-14 12:54:19,632 [Time-limited test] INFO  ha.HASecurityUtils (HASecurityUtils.java:generateCSR(308)) - Creating csr for SCM->hostName:fv-az187-373,scmId:303f671e-4662-4c2c-9e53-7b6f3e0bbfc6,clusterId:1f5f432d-4cdd-485f-9c0d-4c2896e2ddf2,subject:scm-sub-2655880105862@fv-az187-373
2023-09-14 12:54:19,636 [Time-limited test] INFO  authority.DefaultApprover (DefaultApprover.java:sign(154)) - Extensions in CSR: 2.5.29.19, 2.5.29.15, 2.5.29.17
2023-09-14 12:54:19,636 [Time-limited test] INFO  authority.DefaultApprover (DefaultApprover.java:sign(158)) - Extensions to add to the certificate if they present in CSR: 2.5.29.17, 2.5.29.19, 1.3.6.1.5.5.7.1.12, 2.5.29.35, 2.5.29.37, 2.5.29.15
2023-09-14 12:54:19,640 [Time-limited test] INFO  utils.CertificateCodec (CertificateCodec.java:writeCertificate(299)) - Save certificate to /tmp/junit3244255807813134247/junit7623464618106485715/scm-meta/scm/sub-ca/certs/CA-1.crt
2023-09-14 12:54:19,640 [Time-limited test] INFO  utils.CertificateCodec (CertificateCodec.java:writeCertificate(300)) - Certificate -----BEGIN CERTIFICATE-----
MIID5zCCAs+gAwIBAgIBATANBgkqhkiG9w0BAQsFADB7MRswGQYDVQQDDBJzY20t
MUBmdi1hejE4Ny0zNzMxLTArBgNVBAsMJDMwM2Y2NzFlLTQ2NjItNGMyYy05ZTUz
LTdiNmYzZTBiYmZjNjEtMCsGA1UECgwkMWY1ZjQzMmQtNGNkZC00ODVmLTljMGQt
NGMyODk2ZTJkZGYyMB4XDTIzMDkxNDEyNTQxOVoXDTI4MTAyMjEyNTQxOVowezEb
MBkGA1UEAwwSc2NtLTFAZnYtYXoxODctMzczMS0wKwYDVQQLDCQzMDNmNjcxZS00
NjYyLTRjMmMtOWU1My03YjZmM2UwYmJmYzYxLTArBgNVBAoMJDFmNWY0MzJkLTRj
ZGQtNDg1Zi05YzBkLTRjMjg5NmUyZGRmMjCCASIwDQYJKoZIhvcNAQEBBQADggEP
ADCCAQoCggEBAMLZs0Yh47o5Ps0xOyzgnj3pcHH5w7aUmt88fWP2GuSqvuJNTfic
lKkigHUSQIl2Cw5+feMYGAbqeHMi5P2Wh9EOg/C7quzSSASWft1hDN3I3OGswAn3
Xime+XBCXJNXqJPVc7mLX7usO+a3+fpV35o6tU1m4im0lmffR31R+ehR2j/Tu1il
Wega9QxTTAVEc5p3vkzhq1mCCTU9PDj2HTkBUMELeM2Iz26byil6be9H2MLZjEWZ
bhxzr3FHNLpzBB9DCCI6KlA20I2NrzPl4dXgIRFB6wH5wa7/Bfkz9AsOntrY+yVf
75yyTINUa7H10k/mY4ODbv86Q2d5g2W8CR0CAwEAAaN2MHQwDwYDVR0TAQH/BAUw
AwEB/zAOBgNVHQ8BAf8EBAMCAQYwUQYDVR0RBEowSIcECgEA7IJAZnYtYXoxODct
MzczLjRiaXdrcXVrc2l2ZWxjNGthbnJubGdlb29mLmd4LmludGVybmFsLmNsb3Vk
YXBwLm5ldDANBgkqhkiG9w0BAQsFAAOCAQEAMQPJ0djKqBDD4sZf2piZrEREHNLs
zdA9gCQnxjDQGupU+YLXmBxHVW9B1bIT54hSPbHql3S01cjjHAJqYDqxXhjoZL1k
F3Ov7bc+AnfR/iARw0cD9Z/HBERrOKJULQo0G+0cwGjNMnKM1/C1/3rVj8lZ8Y2V
5oGSXaebwApbzgE9mzSEGUMN4rjlOYXpuBFhFYs/g0YnZBluVmy15cWWlPaEMFky
0uCZ1NWzg+jK7Z7G09/+O6bsdB1iCZz0lcbQHxQzhAYruES8HV85rMmaZ7F9omUL
DQNhKTQlCtJmclCpQrOXuy2+2PgJnFUMn0wxmEa+j/2LJjkhEeDmDsUQRA==
-----END CERTIFICATE-----

2023-09-14 12:54:19,641 [Time-limited test] INFO  utils.CertificateCodec (CertificateCodec.java:writeCertificate(299)) - Save certificate to /tmp/junit3244255807813134247/junit7623464618106485715/scm-meta/scm/sub-ca/certs/2655883779639.crt
2023-09-14 12:54:19,642 [Time-limited test] INFO  utils.CertificateCodec (CertificateCodec.java:writeCertificate(300)) - Certificate -----BEGIN CERTIFICATE-----
MIID/TCCAuWgAwIBAgIGAmpfAl43MA0GCSqGSIb3DQEBCwUAMHsxGzAZBgNVBAMM
EnNjbS0xQGZ2LWF6MTg3LTM3MzEtMCsGA1UECwwkMzAzZjY3MWUtNDY2Mi00YzJj
LTllNTMtN2I2ZjNlMGJiZmM2MS0wKwYDVQQKDCQxZjVmNDMyZC00Y2RkLTQ4NWYt
OWMwZC00YzI4OTZlMmRkZjIwHhcNMjMwOTE0MTI1NDE5WhcNMjgxMDIyMTI1NDE5
WjCBizErMCkGA1UEAwwic2NtLXN1Yi0yNjU1ODgwMTA1ODYyQGZ2LWF6MTg3LTM3
MzEtMCsGA1UECwwkMzAzZjY3MWUtNDY2Mi00YzJjLTllNTMtN2I2ZjNlMGJiZmM2
MS0wKwYDVQQKDCQxZjVmNDMyZC00Y2RkLTQ4NWYtOWMwZC00YzI4OTZlMmRkZjIw
ggEiMA0GCSqGSIb3DQEBAQUAA4IBDwAwggEKAoIBAQCtgzxCpODHm4dNSfyb5i6o
o+03FYorQZsBV66+boq1o+myjqK0Rcucjm2kIarOjcM3PZ0YMydEV+SbUTLxdg9y
Eg8Koe+KHR3ruGnapKZ2LOxBX8huPrDi4w7XdDYGOmQv+Lis3qkZ6VoAMVyTxI0+
CrADMCwWFVxUbozBnt801ZJS7plsFhWf2BbIkLYQnQYMjAzgpH3UNes4ufOBTRs8
b4zPJiJdNQdLmam92kaTzEeRDFZL05NHP7kA4IUYGHc1WoFi4/VWoGJ6m7BUU81Y
tSfZKVBlz/AV6m74xk34IJSzdM97DqJ9t3mN0JF3PnlAH3h32gskkpDXMLbMqvcZ
AgMBAAGjdjB0MFEGA1UdEQRKMEiHBAoBAOyCQGZ2LWF6MTg3LTM3My40Yml3a3F1
a3NpdmVsYzRrYW5ybmxnZW9vZi5neC5pbnRlcm5hbC5jbG91ZGFwcC5uZXQwDwYD
VR0TAQH/BAUwAwEB/zAOBgNVHQ8BAf8EBAMCAb4wDQYJKoZIhvcNAQELBQADggEB
AAf7rz0nTc44JPiCYagePynfuNxl+9UiX+qY491y+iHHoX0Rj7EAoIgTyoDUwH/W
O8oXRpFsRlVUUpXUn/L6tLMA/x2X/+Q51DCTHvwExprCPs1SI6IvUx7CZEGTfec/
Bp9Q9SiUMS/MWEf4Ojvab/DtjgBfglvyXLho114eEXCMMbl7hsvpLBxZQa2MFrbI
hT5Xj9XOFaNxaGbGDaTUvnyE6ubtMGqupXY0zq2NXE3t+34JOh1MEjkgktHu4kRp
1irH6dLl2m90NyrMqhHy447a8x0q/etObBic9aFz8dhDr3m0zeeJ4r3UkWMNYJR8
B6O4m8N1NH4vK0cEXufuM6M=
-----END CERTIFICATE-----

-----BEGIN CERTIFICATE-----
MIID5zCCAs+gAwIBAgIBATANBgkqhkiG9w0BAQsFADB7MRswGQYDVQQDDBJzY20t
MUBmdi1hejE4Ny0zNzMxLTArBgNVBAsMJDMwM2Y2NzFlLTQ2NjItNGMyYy05ZTUz
LTdiNmYzZTBiYmZjNjEtMCsGA1UECgwkMWY1ZjQzMmQtNGNkZC00ODVmLTljMGQt
NGMyODk2ZTJkZGYyMB4XDTIzMDkxNDEyNTQxOVoXDTI4MTAyMjEyNTQxOVowezEb
MBkGA1UEAwwSc2NtLTFAZnYtYXoxODctMzczMS0wKwYDVQQLDCQzMDNmNjcxZS00
NjYyLTRjMmMtOWU1My03YjZmM2UwYmJmYzYxLTArBgNVBAoMJDFmNWY0MzJkLTRj
ZGQtNDg1Zi05YzBkLTRjMjg5NmUyZGRmMjCCASIwDQYJKoZIhvcNAQEBBQADggEP
ADCCAQoCggEBAMLZs0Yh47o5Ps0xOyzgnj3pcHH5w7aUmt88fWP2GuSqvuJNTfic
lKkigHUSQIl2Cw5+feMYGAbqeHMi5P2Wh9EOg/C7quzSSASWft1hDN3I3OGswAn3
Xime+XBCXJNXqJPVc7mLX7usO+a3+fpV35o6tU1m4im0lmffR31R+ehR2j/Tu1il
Wega9QxTTAVEc5p3vkzhq1mCCTU9PDj2HTkBUMELeM2Iz26byil6be9H2MLZjEWZ
bhxzr3FHNLpzBB9DCCI6KlA20I2NrzPl4dXgIRFB6wH5wa7/Bfkz9AsOntrY+yVf
75yyTINUa7H10k/mY4ODbv86Q2d5g2W8CR0CAwEAAaN2MHQwDwYDVR0TAQH/BAUw
AwEB/zAOBgNVHQ8BAf8EBAMCAQYwUQYDVR0RBEowSIcECgEA7IJAZnYtYXoxODct
MzczLjRiaXdrcXVrc2l2ZWxjNGthbnJubGdlb29mLmd4LmludGVybmFsLmNsb3Vk
YXBwLm5ldDANBgkqhkiG9w0BAQsFAAOCAQEAMQPJ0djKqBDD4sZf2piZrEREHNLs
zdA9gCQnxjDQGupU+YLXmBxHVW9B1bIT54hSPbHql3S01cjjHAJqYDqxXhjoZL1k
F3Ov7bc+AnfR/iARw0cD9Z/HBERrOKJULQo0G+0cwGjNMnKM1/C1/3rVj8lZ8Y2V
5oGSXaebwApbzgE9mzSEGUMN4rjlOYXpuBFhFYs/g0YnZBluVmy15cWWlPaEMFky
0uCZ1NWzg+jK7Z7G09/+O6bsdB1iCZz0lcbQHxQzhAYruES8HV85rMmaZ7F9omUL
DQNhKTQlCtJmclCpQrOXuy2+2PgJnFUMn0wxmEa+j/2LJjkhEeDmDsUQRA==
-----END CERTIFICATE-----

2023-09-14 12:54:19,642 [Time-limited test] INFO  utils.CertificateCodec (CertificateCodec.java:writeCertificate(299)) - Save certificate to /tmp/junit3244255807813134247/junit7623464618106485715/scm-meta/scm/sub-ca/certs/certificate.crt
2023-09-14 12:54:19,642 [Time-limited test] INFO  utils.CertificateCodec (CertificateCodec.java:writeCertificate(300)) - Certificate -----BEGIN CERTIFICATE-----
MIID/TCCAuWgAwIBAgIGAmpfAl43MA0GCSqGSIb3DQEBCwUAMHsxGzAZBgNVBAMM
EnNjbS0xQGZ2LWF6MTg3LTM3MzEtMCsGA1UECwwkMzAzZjY3MWUtNDY2Mi00YzJj
LTllNTMtN2I2ZjNlMGJiZmM2MS0wKwYDVQQKDCQxZjVmNDMyZC00Y2RkLTQ4NWYt
OWMwZC00YzI4OTZlMmRkZjIwHhcNMjMwOTE0MTI1NDE5WhcNMjgxMDIyMTI1NDE5
WjCBizErMCkGA1UEAwwic2NtLXN1Yi0yNjU1ODgwMTA1ODYyQGZ2LWF6MTg3LTM3
MzEtMCsGA1UECwwkMzAzZjY3MWUtNDY2Mi00YzJjLTllNTMtN2I2ZjNlMGJiZmM2
MS0wKwYDVQQKDCQxZjVmNDMyZC00Y2RkLTQ4NWYtOWMwZC00YzI4OTZlMmRkZjIw
ggEiMA0GCSqGSIb3DQEBAQUAA4IBDwAwggEKAoIBAQCtgzxCpODHm4dNSfyb5i6o
o+03FYorQZsBV66+boq1o+myjqK0Rcucjm2kIarOjcM3PZ0YMydEV+SbUTLxdg9y
Eg8Koe+KHR3ruGnapKZ2LOxBX8huPrDi4w7XdDYGOmQv+Lis3qkZ6VoAMVyTxI0+
CrADMCwWFVxUbozBnt801ZJS7plsFhWf2BbIkLYQnQYMjAzgpH3UNes4ufOBTRs8
b4zPJiJdNQdLmam92kaTzEeRDFZL05NHP7kA4IUYGHc1WoFi4/VWoGJ6m7BUU81Y
tSfZKVBlz/AV6m74xk34IJSzdM97DqJ9t3mN0JF3PnlAH3h32gskkpDXMLbMqvcZ
AgMBAAGjdjB0MFEGA1UdEQRKMEiHBAoBAOyCQGZ2LWF6MTg3LTM3My40Yml3a3F1
a3NpdmVsYzRrYW5ybmxnZW9vZi5neC5pbnRlcm5hbC5jbG91ZGFwcC5uZXQwDwYD
VR0TAQH/BAUwAwEB/zAOBgNVHQ8BAf8EBAMCAb4wDQYJKoZIhvcNAQELBQADggEB
AAf7rz0nTc44JPiCYagePynfuNxl+9UiX+qY491y+iHHoX0Rj7EAoIgTyoDUwH/W
O8oXRpFsRlVUUpXUn/L6tLMA/x2X/+Q51DCTHvwExprCPs1SI6IvUx7CZEGTfec/
Bp9Q9SiUMS/MWEf4Ojvab/DtjgBfglvyXLho114eEXCMMbl7hsvpLBxZQa2MFrbI
hT5Xj9XOFaNxaGbGDaTUvnyE6ubtMGqupXY0zq2NXE3t+34JOh1MEjkgktHu4kRp
1irH6dLl2m90NyrMqhHy447a8x0q/etObBic9aFz8dhDr3m0zeeJ4r3UkWMNYJR8
B6O4m8N1NH4vK0cEXufuM6M=
-----END CERTIFICATE-----

-----BEGIN CERTIFICATE-----
MIID5zCCAs+gAwIBAgIBATANBgkqhkiG9w0BAQsFADB7MRswGQYDVQQDDBJzY20t
MUBmdi1hejE4Ny0zNzMxLTArBgNVBAsMJDMwM2Y2NzFlLTQ2NjItNGMyYy05ZTUz
LTdiNmYzZTBiYmZjNjEtMCsGA1UECgwkMWY1ZjQzMmQtNGNkZC00ODVmLTljMGQt
NGMyODk2ZTJkZGYyMB4XDTIzMDkxNDEyNTQxOVoXDTI4MTAyMjEyNTQxOVowezEb
MBkGA1UEAwwSc2NtLTFAZnYtYXoxODctMzczMS0wKwYDVQQLDCQzMDNmNjcxZS00
NjYyLTRjMmMtOWU1My03YjZmM2UwYmJmYzYxLTArBgNVBAoMJDFmNWY0MzJkLTRj
ZGQtNDg1Zi05YzBkLTRjMjg5NmUyZGRmMjCCASIwDQYJKoZIhvcNAQEBBQADggEP
ADCCAQoCggEBAMLZs0Yh47o5Ps0xOyzgnj3pcHH5w7aUmt88fWP2GuSqvuJNTfic
lKkigHUSQIl2Cw5+feMYGAbqeHMi5P2Wh9EOg/C7quzSSASWft1hDN3I3OGswAn3
Xime+XBCXJNXqJPVc7mLX7usO+a3+fpV35o6tU1m4im0lmffR31R+ehR2j/Tu1il
Wega9QxTTAVEc5p3vkzhq1mCCTU9PDj2HTkBUMELeM2Iz26byil6be9H2MLZjEWZ
bhxzr3FHNLpzBB9DCCI6KlA20I2NrzPl4dXgIRFB6wH5wa7/Bfkz9AsOntrY+yVf
75yyTINUa7H10k/mY4ODbv86Q2d5g2W8CR0CAwEAAaN2MHQwDwYDVR0TAQH/BAUw
AwEB/zAOBgNVHQ8BAf8EBAMCAQYwUQYDVR0RBEowSIcECgEA7IJAZnYtYXoxODct
MzczLjRiaXdrcXVrc2l2ZWxjNGthbnJubGdlb29mLmd4LmludGVybmFsLmNsb3Vk
YXBwLm5ldDANBgkqhkiG9w0BAQsFAAOCAQEAMQPJ0djKqBDD4sZf2piZrEREHNLs
zdA9gCQnxjDQGupU+YLXmBxHVW9B1bIT54hSPbHql3S01cjjHAJqYDqxXhjoZL1k
F3Ov7bc+AnfR/iARw0cD9Z/HBERrOKJULQo0G+0cwGjNMnKM1/C1/3rVj8lZ8Y2V
5oGSXaebwApbzgE9mzSEGUMN4rjlOYXpuBFhFYs/g0YnZBluVmy15cWWlPaEMFky
0uCZ1NWzg+jK7Z7G09/+O6bsdB1iCZz0lcbQHxQzhAYruES8HV85rMmaZ7F9omUL
DQNhKTQlCtJmclCpQrOXuy2+2PgJnFUMn0wxmEa+j/2LJjkhEeDmDsUQRA==
-----END CERTIFICATE-----

2023-09-14 12:54:19,642 [Time-limited test] INFO  ha.HASecurityUtils (HASecurityUtils.java:initializeSecurity(121)) - Successfully stored SCM signed certificate.
2023-09-14 12:54:19,644 [Time-limited test] WARN  server.ServerUtils (ServerUtils.java:getScmDbDir(155)) - ozone.scm.db.dirs is not configured. We recommend adding this setting. Falling back to ozone.metadata.dirs instead.
2023-09-14 12:54:19,644 [Time-limited test] INFO  ha.SCMHANodeDetails (SCMHANodeDetails.java:loadSCMHAConfig(210)) - ServiceID for StorageContainerManager is null
2023-09-14 12:54:19,644 [Time-limited test] INFO  ha.SCMHANodeDetails (SCMHANodeDetails.java:loadSCMHAConfig(215)) - ozone.scm.default.service.id is not defined, falling back to ozone.scm.service.ids to find serviceID for StorageContainerManager if it is HA enabled cluster
2023-09-14 12:54:19,648 [pool-201-thread-1] INFO  request.KdcRequest (KdcRequest.java:preauth(651)) - The preauth data is empty.
2023-09-14 12:54:19,649 [pool-201-thread-1] INFO  server.KdcHandler (KdcHandler.java:handleRecoverableException(177)) - KRB error occurred while processing request:Additional pre-authentication required
2023-09-14 12:54:19,662 [pool-201-thread-2] INFO  request.AsRequest (AsRequest.java:issueTicket(112)) - AS_REQ ISSUE: authtime 1694696059661,scm/fv-az187-373.4biwkquksivelc4kanrnlgeoof.gx.internal.cloudapp.net@EXAMPLE.COM for krbtgt/EXAMPLE.COM@EXAMPLE.COM
2023-09-14 12:54:19,664 [Time-limited test] INFO  security.UserGroupInformation (UserGroupInformation.java:loginUserFromKeytab(1132)) - Login successful for user scm/fv-az187-373.4biwkquksivelc4kanrnlgeoof.gx.internal.cloudapp.net@EXAMPLE.COM using keytab file scm.keytab. Keytab auto renewal enabled : false
2023-09-14 12:54:19,664 [Time-limited test] INFO  server.StorageContainerManager (StorageContainerManager.java:loginAsSCMUserIfSecurityEnabled(1042)) - SCM login successful.
2023-09-14 12:54:19,665 [Time-limited test] INFO  client.SCMCertificateClient (DefaultCertificateClient.java:updateCertSerialId(1244)) - Certificate serial ID set to 2655883779639
2023-09-14 12:54:19,666 [Time-limited test] INFO  client.SCMCertificateClient (DefaultCertificateClient.java:readCertificateFile(237)) - Added certificate   [0]         Version: 3
         SerialNumber: 2655883779639
             IssuerDN: CN=scm-1@fv-az187-373,OU=303f671e-4662-4c2c-9e53-7b6f3e0bbfc6,O=1f5f432d-4cdd-485f-9c0d-4c2896e2ddf2
           Start Date: Thu Sep 14 12:54:19 UTC 2023
           Final Date: Sun Oct 22 12:54:19 UTC 2028
            SubjectDN: CN=scm-sub-2655880105862@fv-az187-373,OU=303f671e-4662-4c2c-9e53-7b6f3e0bbfc6,O=1f5f432d-4cdd-485f-9c0d-4c2896e2ddf2
           Public Key: RSA Public Key [b6:22:18:07:f2:43:93:7c:2d:de:ff:fc:5d:32:55:f4:a5:02:32:4a],[56:66:d1:a4]
        modulus: ad833c42a4e0c79b874d49fc9be62ea8a3ed37158a2b419b0157aebe6e8ab5a3e9b28ea2b445cb9c8e6da421aace8dc3373d9d1833274457e49b5132f1760f72120f0aa1ef8a1d1debb869daa4a6762cec415fc86e3eb0e2e30ed77436063a642ff8b8acdea919e95a00315c93c48d3e0ab003302c16155c546e8cc19edf34d59252ee996c16159fd816c890b6109d060c8c0ce0a47dd435eb38b9f3814d1b3c6f8ccf26225d35074b99a9bdda4693cc47910c564bd393473fb900e085181877355a8162e3f556a0627a9bb05453cd58b527d9295065cff015ea6ef8c64df82094b374cf7b0ea27db7798dd091773e79401f7877da0b249290d730b6ccaaf719
public exponent: 10001

  Signature Algorithm: SHA256WITHRSA
            Signature: 07fbaf3d274dce3824f88261a81e3f29dfb8dc65
                       fbd5225fea98e3dd72fa21c7a17d118fb100a088
                       13ca80d4c07fd63bca1746916c4655545295d49f
                       f2fab4b300ff1d97ffe439d430931efc04c69ac2
                       3ecd5223a22f531ec26441937de73f069f50f528
                       94312fcc5847f83a3bda6ff0ed8e005f825bf25c
                       b868d75e1e11708c31b97b86cbe92c1c5941ad8c
                       16b6c8853e578fd5ce15a3716866c60da4d4be7c
                       84eae6ed306aaea57634cead8d5c4dedfb7e093a
                       1d4c12392092d1eee24469d62ac7e9d2e5da6f74
                       372accaa11f2e38edaf31d2afdeb4e6c189cf5a1
                       73f1d843af79b4cde789e2bdd491630d60947c07
                       a3b89bc375347e2f2b47045ee7ee33a3
       Extensions: 
                       critical(false) 2.5.29.17 value = Sequence
    Tagged [7] IMPLICIT 
        DER Octet String[4] 
    Tagged [2] IMPLICIT 
        DER Octet String[64] 

                       critical(true) BasicConstraints: isCa(true)
                       critical(true) KeyUsage: 0xbe
 from file: /tmp/junit3244255807813134247/junit7623464618106485715/scm-meta/scm/sub-ca/certs/certificate.crt.
2023-09-14 12:54:19,670 [Time-limited test] INFO  client.SCMCertificateClient (DefaultCertificateClient.java:readCertificateFile(237)) - Added certificate   [0]         Version: 3
         SerialNumber: 2655883779639
             IssuerDN: CN=scm-1@fv-az187-373,OU=303f671e-4662-4c2c-9e53-7b6f3e0bbfc6,O=1f5f432d-4cdd-485f-9c0d-4c2896e2ddf2
           Start Date: Thu Sep 14 12:54:19 UTC 2023
           Final Date: Sun Oct 22 12:54:19 UTC 2028
            SubjectDN: CN=scm-sub-2655880105862@fv-az187-373,OU=303f671e-4662-4c2c-9e53-7b6f3e0bbfc6,O=1f5f432d-4cdd-485f-9c0d-4c2896e2ddf2
           Public Key: RSA Public Key [b6:22:18:07:f2:43:93:7c:2d:de:ff:fc:5d:32:55:f4:a5:02:32:4a],[56:66:d1:a4]
        modulus: ad833c42a4e0c79b874d49fc9be62ea8a3ed37158a2b419b0157aebe6e8ab5a3e9b28ea2b445cb9c8e6da421aace8dc3373d9d1833274457e49b5132f1760f72120f0aa1ef8a1d1debb869daa4a6762cec415fc86e3eb0e2e30ed77436063a642ff8b8acdea919e95a00315c93c48d3e0ab003302c16155c546e8cc19edf34d59252ee996c16159fd816c890b6109d060c8c0ce0a47dd435eb38b9f3814d1b3c6f8ccf26225d35074b99a9bdda4693cc47910c564bd393473fb900e085181877355a8162e3f556a0627a9bb05453cd58b527d9295065cff015ea6ef8c64df82094b374cf7b0ea27db7798dd091773e79401f7877da0b249290d730b6ccaaf719
public exponent: 10001

  Signature Algorithm: SHA256WITHRSA
            Signature: 07fbaf3d274dce3824f88261a81e3f29dfb8dc65
                       fbd5225fea98e3dd72fa21c7a17d118fb100a088
                       13ca80d4c07fd63bca1746916c4655545295d49f
                       f2fab4b300ff1d97ffe439d430931efc04c69ac2
                       3ecd5223a22f531ec26441937de73f069f50f528
                       94312fcc5847f83a3bda6ff0ed8e005f825bf25c
                       b868d75e1e11708c31b97b86cbe92c1c5941ad8c
                       16b6c8853e578fd5ce15a3716866c60da4d4be7c
                       84eae6ed306aaea57634cead8d5c4dedfb7e093a
                       1d4c12392092d1eee24469d62ac7e9d2e5da6f74
                       372accaa11f2e38edaf31d2afdeb4e6c189cf5a1
                       73f1d843af79b4cde789e2bdd491630d60947c07
                       a3b89bc375347e2f2b47045ee7ee33a3
       Extensions: 
                       critical(false) 2.5.29.17 value = Sequence
    Tagged [7] IMPLICIT 
        DER Octet String[4] 
    Tagged [2] IMPLICIT 
        DER Octet String[64] 

                       critical(true) BasicConstraints: isCa(true)
                       critical(true) KeyUsage: 0xbe
 from file: /tmp/junit3244255807813134247/junit7623464618106485715/scm-meta/scm/sub-ca/certs/2655883779639.crt.
2023-09-14 12:54:19,672 [Time-limited test] INFO  client.SCMCertificateClient (DefaultCertificateClient.java:readCertificateFile(237)) - Added certificate   [0]         Version: 3
         SerialNumber: 1
             IssuerDN: CN=scm-1@fv-az187-373,OU=303f671e-4662-4c2c-9e53-7b6f3e0bbfc6,O=1f5f432d-4cdd-485f-9c0d-4c2896e2ddf2
           Start Date: Thu Sep 14 12:54:19 UTC 2023
           Final Date: Sun Oct 22 12:54:19 UTC 2028
            SubjectDN: CN=scm-1@fv-az187-373,OU=303f671e-4662-4c2c-9e53-7b6f3e0bbfc6,O=1f5f432d-4cdd-485f-9c0d-4c2896e2ddf2
           Public Key: RSA Public Key [e5:4b:79:b8:8b:e5:82:ff:cc:00:d6:96:44:cd:db:1d:f0:60:e7:be],[56:66:d1:a4]
        modulus: c2d9b34621e3ba393ecd313b2ce09e3de97071f9c3b6949adf3c7d63f61ae4aabee24d4df89c94a9228075124089760b0e7e7de3181806ea787322e4fd9687d10e83f0bbaaecd24804967edd610cddc8dce1acc009f75e299ef970425c9357a893d573b98b5fbbac3be6b7f9fa55df9a3ab54d66e229b49667df477d51f9e851da3fd3bb58a559e81af50c534c0544739a77be4ce1ab598209353d3c38f61d390150c10b78cd88cf6e9bca297a6def47d8c2d98c45996e1c73af714734ba73041f4308223a2a5036d08d8daf33e5e1d5e0211141eb01f9c1aeff05f933f40b0e9edad8fb255fef9cb24c83546bb1f5d24fe66383836eff3a4367798365bc091d
public exponent: 10001

  Signature Algorithm: SHA256WITHRSA
            Signature: 3103c9d1d8caa810c3e2c65fda9899ac44441cd2
                       eccdd03d802427c630d01aea54f982d7981c4755
                       6f41d5b213e788523db1ea9774b4d5c8e31c026a
                       603ab15e18e864bd641773afedb73e0277d1fe20
                       11c34703f59fc704446b38a2542d0a341bed1cc0
                       68cd32728cd7f0b5ff7ad58fc959f18d95e68192
                       5da79bc00a5bce013d9b348419430de2b8e53985
                       e9b81161158b3f83462764196e566cb5e5c59694
                       f684305932d2e099d4d5b383e8caed9ec6d3dffe
                       3ba6ec741d62099cf495c6d01f143384062bb844
                       bc1d5f39acc99a67b17da2650b0d03612934250a
                       d2667250a942b397bb2dbed8f8099c550c9f4c31
                       9846be8ffd8b26392111e0e60ec51044
       Extensions: 
                       critical(true) BasicConstraints: isCa(true)
                       critical(true) KeyUsage: 0x6
                       critical(false) 2.5.29.17 value = Sequence
    Tagged [7] IMPLICIT 
        DER Octet String[4] 
    Tagged [2] IMPLICIT 
        DER Octet String[64] 

 from file: /tmp/junit3244255807813134247/junit7623464618106485715/scm-meta/scm/sub-ca/certs/CA-1.crt.
2023-09-14 12:54:19,672 [Time-limited test] INFO  client.SCMCertificateClient (DefaultCertificateClient.java:loadAllCertificates(191)) - CertificateRenewerService and root ca rotation polling is disabled for scm/sub-ca
2023-09-14 12:54:19,672 [Time-limited test] WARN  utils.HAUtils (HAUtils.java:getMetaDir(339)) - ozone.scm.db.dirs is not configured. We recommend adding this setting. Falling back to ozone.metadata.dirs instead.
2023-09-14 12:54:19,673 [Time-limited test] WARN  db.DBStoreBuilder (DBStoreBuilder.java:applyDBDefinition(166)) - ozone.scm.db.dirs is not configured. We recommend adding this setting. Falling back to ozone.metadata.dirs instead.
2023-09-14 12:54:19,785 [Time-limited test] INFO  net.NodeSchemaLoader (NodeSchemaLoader.java:loadSchemaFromFile(129)) - Loading schema from [jar:file:/home/runner/.m2/repository/org/apache/ozone/hdds-common/1.4.0-SNAPSHOT/hdds-common-1.4.0-SNAPSHOT.jar!/network-topology-default.xml]
2023-09-14 12:54:19,785 [Time-limited test] INFO  net.NodeSchemaLoader (NodeSchemaLoader.java:loadSchema(176)) - Loading network topology layer schema file
2023-09-14 12:54:19,790 [Time-limited test] INFO  upgrade.AbstractLayoutVersionManager (AbstractLayoutVersionManager.java:init(83)) - Initializing Layout version manager with metadata layout = HADOOP_PRC_PORTS_IN_DATANODEDETAILS (version = 7), software layout = HADOOP_PRC_PORTS_IN_DATANODEDETAILS (version = 7)
2023-09-14 12:54:19,795 [Time-limited test] INFO  ha.SequenceIdGenerator (SequenceIdGenerator.java:upgradeToSequenceId(365)) - upgrade localId to 111677748019200000
2023-09-14 12:54:19,796 [Time-limited test] INFO  ha.SequenceIdGenerator (SequenceIdGenerator.java:upgradeToSequenceId(375)) - upgrade delTxnId to 0
2023-09-14 12:54:19,797 [Time-limited test] INFO  ha.SequenceIdGenerator (SequenceIdGenerator.java:upgradeToSequenceId(392)) - upgrade containerId to 0
2023-09-14 12:54:19,797 [Time-limited test] INFO  ha.SequenceIdGenerator (SequenceIdGenerator.java:upgradeToSequenceId(428)) - upgrade rootCertificateId to 1
2023-09-14 12:54:19,797 [Time-limited test] INFO  ha.SequenceIdGenerator (SequenceIdGenerator.java:<init>(236)) - Init the HA SequenceIdGenerator.
2023-09-14 12:54:19,800 [Time-limited test] INFO  node.SCMNodeManager (SCMNodeManager.java:<init>(157)) - Entering startup safe mode.
2023-09-14 12:54:19,802 [Time-limited test] INFO  algorithms.ContainerPlacementPolicyFactory (ContainerPlacementPolicyFactory.java:getPolicyInternal(86)) - Create container placement policy of type org.apache.hadoop.hdds.scm.container.placement.algorithms.SCMContainerPlacementRackAware
2023-09-14 12:54:19,802 [Time-limited test] INFO  algorithms.ContainerPlacementPolicyFactory (ContainerPlacementPolicyFactory.java:getPolicyInternal(86)) - Create container placement policy of type org.apache.hadoop.hdds.scm.container.placement.algorithms.SCMContainerPlacementRackScatter
2023-09-14 12:54:19,803 [Time-limited test] INFO  pipeline.PipelineStateManagerImpl (PipelineStateManagerImpl.java:initialize(78)) - No pipeline exists in current db
2023-09-14 12:54:19,803 [Time-limited test] INFO  algorithms.LeaderChoosePolicyFactory (LeaderChoosePolicyFactory.java:getPolicy(57)) - Create leader choose policy of type org.apache.hadoop.hdds.scm.pipeline.leader.choose.algorithms.MinLeaderCountChoosePolicy
2023-09-14 12:54:19,803 [Time-limited test] INFO  algorithms.ContainerPlacementPolicyFactory (ContainerPlacementPolicyFactory.java:getPolicyInternal(86)) - Create container placement policy of type org.apache.hadoop.hdds.scm.container.placement.algorithms.SCMContainerPlacementRackScatter
2023-09-14 12:54:19,803 [Time-limited test] INFO  ha.SCMServiceManager (SCMServiceManager.java:register(42)) - Registering service BackgroundPipelineCreator.
2023-09-14 12:54:19,804 [Time-limited test] INFO  pipeline.BackgroundPipelineCreator (BackgroundPipelineCreator.java:start(124)) - Starting RatisPipelineUtilsThread.
2023-09-14 12:54:19,806 [Time-limited test] INFO  BackgroundPipelineScrubber (BackgroundSCMService.java:start(68)) - Starting BackgroundPipelineScrubber Service.
2023-09-14 12:54:19,809 [Time-limited test] INFO  ha.SCMServiceManager (SCMServiceManager.java:register(42)) - Registering service BackgroundPipelineScrubber.
2023-09-14 12:54:19,809 [Time-limited test] INFO  ExpiredContainerReplicaOpScrubber (BackgroundSCMService.java:start(68)) - Starting ExpiredContainerReplicaOpScrubber Service.
2023-09-14 12:54:19,809 [Time-limited test] INFO  ha.SCMServiceManager (SCMServiceManager.java:register(42)) - Registering service ExpiredContainerReplicaOpScrubber.
2023-09-14 12:54:19,810 [Time-limited test] INFO  algorithms.PipelineChoosePolicyFactory (PipelineChoosePolicyFactory.java:createPipelineChoosePolicyFromClass(78)) - Create pipeline choose policy of type org.apache.hadoop.hdds.scm.pipeline.choose.algorithms.RandomPipelineChoosePolicy
2023-09-14 12:54:19,811 [Time-limited test] INFO  algorithms.PipelineChoosePolicyFactory (PipelineChoosePolicyFactory.java:createPipelineChoosePolicyFromClass(78)) - Create pipeline choose policy of type org.apache.hadoop.hdds.scm.pipeline.choose.algorithms.RandomPipelineChoosePolicy
2023-09-14 12:54:19,812 [Time-limited test] INFO  ha.SCMServiceManager (SCMServiceManager.java:register(42)) - Registering service SCMBlockDeletingService.
2023-09-14 12:54:19,817 [Time-limited test] INFO  replication.ReplicationManager (ReplicationManager.java:start(291)) - Starting Replication Monitor Thread.
2023-09-14 12:54:19,829 [Time-limited test] INFO  ha.SCMServiceManager (SCMServiceManager.java:register(42)) - Registering service ReplicationManager.
2023-09-14 12:54:19,829 [ReplicationMonitor] INFO  replication.ReplicationManager (ReplicationManager.java:processAll(365)) - Replication Manager is not ready to run until 300000ms after safemode exit
2023-09-14 12:54:19,830 [Time-limited test] INFO  safemode.ContainerSafeModeRule (ContainerSafeModeRule.java:<init>(90)) - containers with one replica threshold count 0
2023-09-14 12:54:19,831 [Time-limited test] INFO  safemode.HealthyPipelineSafeModeRule (HealthyPipelineSafeModeRule.java:initializeRule(169)) - Total pipeline count is 0, healthy pipeline threshold count is 0
2023-09-14 12:54:19,831 [Time-limited test] INFO  safemode.OneReplicaPipelineSafeModeRule (OneReplicaPipelineSafeModeRule.java:initializeRule(180)) - Total pipeline count is 0, pipeline's with at least one datanode reported threshold count is 0
2023-09-14 12:54:19,837 [Time-limited test] INFO  authority.DefaultCAServer (DefaultCAServer.java:lambda$processVerificationStatus$0(472)) - CertificateServer validation is successful
2023-09-14 12:54:19,838 [Time-limited test] INFO  authority.DefaultCAServer (DefaultCAServer.java:lambda$processVerificationStatus$0(472)) - CertificateServer validation is successful
2023-09-14 12:54:19,838 [Time-limited test] INFO  server.StorageContainerManager (StorageContainerManager.java:persistPrimarySCMCerts(932)) - Storing sub-ca certificate serialId 2655883779639 on primary SCM
2023-09-14 12:54:19,840 [Time-limited test] INFO  server.SCMCertStore (SCMCertStore.java:storeValidScmCertificate(122)) - Scm certificate 2655883779639 for CN=scm-sub-2655880105862@fv-az187-373,OU=303f671e-4662-4c2c-9e53-7b6f3e0bbfc6,O=1f5f432d-4cdd-485f-9c0d-4c2896e2ddf2 is stored
2023-09-14 12:54:19,840 [Time-limited test] INFO  server.StorageContainerManager (StorageContainerManager.java:persistPrimarySCMCerts(940)) - Storing root certificate serialId 1
2023-09-14 12:54:19,841 [Time-limited test] INFO  server.SCMCertStore (SCMCertStore.java:storeValidScmCertificate(122)) - Scm certificate 1 for CN=scm-1@fv-az187-373,OU=303f671e-4662-4c2c-9e53-7b6f3e0bbfc6,O=1f5f432d-4cdd-485f-9c0d-4c2896e2ddf2 is stored
2023-09-14 12:54:19,841 [Time-limited test] INFO  ipc.CallQueueManager (CallQueueManager.java:<init>(90)) - Using callQueue: class java.util.concurrent.LinkedBlockingQueue, queueCapacity: 200, scheduler: class org.apache.hadoop.ipc.DefaultRpcScheduler, ipcBackoff: false.
2023-09-14 12:54:19,842 [Time-limited test] INFO  ipc.Server (Server.java:<init>(1287)) - Listener at 0.0.0.0:9961
2023-09-14 12:54:19,845 [Socket Reader #1 for port 9961] INFO  ipc.Server (Server.java:run(1323)) - Starting Socket Reader #1 for port 9961
2023-09-14 12:54:19,854 [Time-limited test] INFO  server.StorageContainerManager (StorageContainerManager.java:<init>(425)) - SCM start with adminUsers: [om/fv-az187-373.4biwkquksivelc4kanrnlgeoof.gx.internal.cloudapp.net@EXAMPLE.COM, scm]
2023-09-14 12:54:19,854 [Time-limited test] INFO  ipc.CallQueueManager (CallQueueManager.java:<init>(90)) - Using callQueue: class java.util.concurrent.LinkedBlockingQueue, queueCapacity: 10000, scheduler: class org.apache.hadoop.ipc.DefaultRpcScheduler, ipcBackoff: false.
2023-09-14 12:54:19,855 [Time-limited test] INFO  ipc.Server (Server.java:<init>(1287)) - Listener at 0.0.0.0:9861
2023-09-14 12:54:19,857 [Socket Reader #1 for port 9861] INFO  ipc.Server (Server.java:run(1323)) - Starting Socket Reader #1 for port 9861
2023-09-14 12:54:19,860 [Time-limited test] INFO  ipc.CallQueueManager (CallQueueManager.java:<init>(90)) - Using callQueue: class java.util.concurrent.LinkedBlockingQueue, queueCapacity: 10000, scheduler: class org.apache.hadoop.ipc.DefaultRpcScheduler, ipcBackoff: false.
2023-09-14 12:54:19,860 [Time-limited test] INFO  ipc.Server (Server.java:<init>(1287)) - Listener at 0.0.0.0:9863
2023-09-14 12:54:19,865 [Socket Reader #1 for port 9863] INFO  ipc.Server (Server.java:run(1323)) - Starting Socket Reader #1 for port 9863
2023-09-14 12:54:19,866 [Time-limited test] INFO  ipc.CallQueueManager (CallQueueManager.java:<init>(90)) - Using callQueue: class java.util.concurrent.LinkedBlockingQueue, queueCapacity: 10000, scheduler: class org.apache.hadoop.ipc.DefaultRpcScheduler, ipcBackoff: false.
2023-09-14 12:54:19,866 [Time-limited test] INFO  ipc.Server (Server.java:<init>(1287)) - Listener at 0.0.0.0:9860
2023-09-14 12:54:19,866 [Socket Reader #1 for port 9860] INFO  ipc.Server (Server.java:run(1323)) - Starting Socket Reader #1 for port 9860
2023-09-14 12:54:19,890 [Time-limited test] INFO  ha.SCMServiceManager (SCMServiceManager.java:register(42)) - Registering service ContainerBalancer.
2023-09-14 12:54:19,890 [Time-limited test] INFO  server.StorageContainerManager (StorageContainerManager.java:<init>(438)) - 
Container Balancer status:
Key                            Value
Running                        false
Container Balancer Configuration values:
Key                                                Value
Threshold                                          10
Max Datanodes to Involve per Iteration(percent)    20
Max Size to Move per Iteration                     500GB
Max Size Entering Target per Iteration             26GB
Max Size Leaving Source per Iteration              26GB
Number of Iterations                               10
Time Limit for Single Container's Movement         65min
Time Limit for Single Container's Replication      50min
Interval between each Iteration                    70min
Whether to Enable Network Topology                 false
Whether to Trigger Refresh Datanode Usage Info     false
Container IDs to Exclude from Balancing            None
Datanodes Specified to be Balanced                 None
Datanodes Excluded from Balancing                  None

2023-09-14 12:54:19,890 [Time-limited test] INFO  ha.SCMContext (SCMContext.java:updateSafeModeStatus(228)) - Update SafeModeStatus from SafeModeStatus{safeModeStatus=true, preCheckPassed=false} to SafeModeStatus{safeModeStatus=true, preCheckPassed=false}.
2023-09-14 12:54:19,891 [Time-limited test] INFO  server.StorageContainerManager (StorageContainerManager.java:start(1483)) - StorageContainerLocationProtocol RPC server is listening at /0.0.0.0:9860
2023-09-14 12:54:19,891 [Time-limited test] INFO  impl.MetricsSystemImpl (MetricsSystemImpl.java:init(158)) - StorageContainerManager metrics system started (again)
2023-09-14 12:54:19,908 [Time-limited test] INFO  server.SCMClientProtocolServer (SCMClientProtocolServer.java:start(201)) - RPC server for Client  is listening at /0.0.0.0:9860
2023-09-14 12:54:19,908 [IPC Server Responder] INFO  ipc.Server (Server.java:run(1562)) - IPC Server Responder: starting
2023-09-14 12:54:19,908 [IPC Server listener on 9860] INFO  ipc.Server (Server.java:run(1402)) - IPC Server listener on 9860: starting
2023-09-14 12:54:19,929 [Time-limited test] INFO  server.StorageContainerManager (StorageContainerManager.java:start(1496)) - ScmBlockLocationProtocol RPC server is listening at /0.0.0.0:9863
2023-09-14 12:54:19,929 [Time-limited test] INFO  server.SCMBlockProtocolServer (SCMBlockProtocolServer.java:start(154)) - RPC server for Block Protocol is listening at /0.0.0.0:9863
2023-09-14 12:54:19,929 [IPC Server Responder] INFO  ipc.Server (Server.java:run(1562)) - IPC Server Responder: starting
2023-09-14 12:54:19,929 [IPC Server listener on 9863] INFO  ipc.Server (Server.java:run(1402)) - IPC Server listener on 9863: starting
2023-09-14 12:54:19,951 [Time-limited test] INFO  server.SCMDatanodeProtocolServer (SCMDatanodeProtocolServer.java:start(193)) - ScmDatanodeProtocol RPC server for DataNodes is listening at /0.0.0.0:9861
2023-09-14 12:54:19,952 [IPC Server Responder] INFO  ipc.Server (Server.java:run(1562)) - IPC Server Responder: starting
2023-09-14 12:54:19,952 [IPC Server listener on 9861] INFO  ipc.Server (Server.java:run(1402)) - IPC Server listener on 9861: starting
2023-09-14 12:54:19,961 [Time-limited test] INFO  server.SCMSecurityProtocolServer (SCMSecurityProtocolServer.java:start(542)) - Starting RPC server for SCMSecurityProtocolServer. is listening at /0.0.0.0:9961
2023-09-14 12:54:19,962 [IPC Server Responder] INFO  ipc.Server (Server.java:run(1562)) - IPC Server Responder: starting
2023-09-14 12:54:19,962 [IPC Server listener on 9961] INFO  ipc.Server (Server.java:run(1402)) - IPC Server listener on 9961: starting
2023-09-14 12:54:19,962 [Time-limited test] INFO  server.SCMUpdateServiceGrpcServer (SCMUpdateServiceGrpcServer.java:start(58)) - SCMUpdateService starting
2023-09-14 12:54:19,981 [JvmPauseMonitor3] INFO  util.JvmPauseMonitor (JvmPauseMonitor.java:run(103)) - JvmPauseMonitor-303f671e-4662-4c2c-9e53-7b6f3e0bbfc6: Started
2023-09-14 12:54:19,989 [Time-limited test] INFO  http.BaseHttpServer (BaseHttpServer.java:newHttpServer2BuilderForOzone(223)) - Starting Web-server for scm at: http://0.0.0.0:9876
2023-09-14 12:54:19,989 [Time-limited test] INFO  http.BaseHttpServer (BaseHttpServer.java:<init>(110)) - Hadoop Security Enabled: true Ozone Security Enabled: true Ozone HTTP Security Enabled: false 
2023-09-14 12:54:19,991 [Time-limited test] WARN  server.AuthenticationFilter (AuthenticationFilter.java:constructSecretProvider(240)) - Unable to initialize FileSignerSecretProvider, falling back to use random secrets. Reason: Could not read signature secret file: /home/runner/hadoop-http-auth-signature-secret
2023-09-14 12:54:19,992 [Time-limited test] INFO  http.HttpRequestLog (HttpRequestLog.java:getRequestLog(86)) - Http request log for http.requests.scm is not defined
2023-09-14 12:54:19,995 [Time-limited test] INFO  http.HttpServer2 (HttpServer2.java:addGlobalFilter(1031)) - Added global filter 'safety' (class=org.apache.hadoop.hdds.server.http.HttpServer2$QuotingInputFilter)
2023-09-14 12:54:19,999 [Time-limited test] INFO  http.HttpServer2 (HttpServer2.java:addFilter(1007)) - Added filter static_user_filter (class=org.apache.hadoop.http.lib.StaticUserWebFilter$StaticUserFilter) to context scm
2023-09-14 12:54:19,999 [Time-limited test] INFO  http.HttpServer2 (HttpServer2.java:addFilter(1015)) - Added filter static_user_filter (class=org.apache.hadoop.http.lib.StaticUserWebFilter$StaticUserFilter) to context logs
2023-09-14 12:54:20,000 [Time-limited test] INFO  http.HttpServer2 (HttpServer2.java:addFilter(1015)) - Added filter static_user_filter (class=org.apache.hadoop.http.lib.StaticUserWebFilter$StaticUserFilter) to context static
2023-09-14 12:54:20,002 [Time-limited test] INFO  http.BaseHttpServer (BaseHttpServer.java:<init>(189)) - HTTP server of scm uses base directory /tmp/junit3244255807813134247/junit7623464618106485715/scm-meta/webserver
2023-09-14 12:54:20,004 [Time-limited test] INFO  http.HttpServer2 (HttpServer2.java:bindListener(1231)) - Jetty bound to port 9876
2023-09-14 12:54:20,004 [Time-limited test] INFO  server.Server (Server.java:doStart(375)) - jetty-9.4.51.v20230217; built: 2023-02-17T08:19:37.309Z; git: b45c405e4544384de066f814ed42ae3dceacdd49; jvm 1.8.0_382-b05
2023-09-14 12:54:20,012 [Time-limited test] INFO  server.session (DefaultSessionIdManager.java:doStart(334)) - DefaultSessionIdManager workerName=node0
2023-09-14 12:54:20,017 [Time-limited test] INFO  server.session (DefaultSessionIdManager.java:doStart(339)) - No SessionScavenger set, using defaults
2023-09-14 12:54:20,017 [Time-limited test] INFO  server.session (HouseKeeper.java:startScavenging(132)) - node0 Scavenging every 600000ms
2023-09-14 12:54:20,020 [Time-limited test] INFO  handler.ContextHandler (ContextHandler.java:doStart(921)) - Started o.e.j.s.ServletContextHandler@3928eca0{logs,/logs,file:///home/runner/work/ozone/ozone/hadoop-ozone/integration-test/target/log,AVAILABLE}
2023-09-14 12:54:20,021 [Time-limited test] INFO  handler.ContextHandler (ContextHandler.java:doStart(921)) - Started o.e.j.s.ServletContextHandler@10c1c89a{static,/static,file:///home/runner/work/ozone/ozone/hadoop-ozone/integration-test/target/test-classes/webapps/static,AVAILABLE}
2023-09-14 12:54:20,028 [Time-limited test] INFO  handler.ContextHandler (ContextHandler.java:doStart(921)) - Started o.e.j.w.WebAppContext@6b13ec92{scm,/,file:///home/runner/work/ozone/ozone/hadoop-ozone/integration-test/target/test-classes/webapps/scm/,AVAILABLE}{file:/home/runner/work/ozone/ozone/hadoop-ozone/integration-test/target/test-classes/webapps/scm}
2023-09-14 12:54:20,031 [Time-limited test] INFO  server.AbstractConnector (AbstractConnector.java:doStart(333)) - Started ServerConnector@4cf83e4b{HTTP/1.1, (http/1.1)}{0.0.0.0:9876}
2023-09-14 12:54:20,032 [Time-limited test] INFO  server.Server (Server.java:doStart(415)) - Started @55007ms
2023-09-14 12:54:20,032 [Time-limited test] WARN  impl.MetricsSystemImpl (MetricsSystemImpl.java:register(279)) - Sink prometheus already exists!
2023-09-14 12:54:20,033 [Time-limited test] INFO  http.BaseHttpServer (BaseHttpServer.java:updateConnectorAddress(354)) - HTTP server of scm listening at http://0.0.0.0:9876
2023-09-14 12:54:20,036 [Time-limited test] WARN  server.ServerUtils (ServerUtils.java:getDBPath(311)) - ozone.om.db.dirs is not configured. We recommend adding this setting. Falling back to ozone.metadata.dirs instead.
2023-09-14 12:54:20,037 [Time-limited test] INFO  om.OzoneManager (OzoneManager.java:initializeSecurity(1388)) - Initializing secure OzoneManager.
2023-09-14 12:54:20,037 [Time-limited test] INFO  om.OzoneManager (OzoneManager.java:getOmDetailsProto(4573)) - OzoneManager ports added:[name: "RPC"
value: 1202
]
2023-09-14 12:54:20,039 [Time-limited test] INFO  security.OMCertificateClient (DefaultCertificateClient.java:updateCertSerialId(1244)) - Certificate serial ID set to null
2023-09-14 12:54:20,039 [Time-limited test] ERROR security.OMCertificateClient (DefaultCertificateClient.java:getCertPath(362)) - Default certificate serial id is not set. Can't locate the default certificate for this client.
2023-09-14 12:54:20,039 [Time-limited test] INFO  security.OMCertificateClient (DefaultCertificateClient.java:init(715)) - Certificate client init case: 0
2023-09-14 12:54:20,039 [Time-limited test] INFO  security.OMCertificateClient (CommonCertificateClient.java:handleCase(73)) - Creating keypair for client as keypair and certificate not found.
2023-09-14 12:54:20,068 [pool-201-thread-2] INFO  request.TgsRequest (TgsRequest.java:issueTicket(115)) - TGS_REQ ISSUE: authtime 1694696060068,scm/fv-az187-373.4biwkquksivelc4kanrnlgeoof.gx.internal.cloudapp.net for scm/fv-az187-373.4biwkquksivelc4kanrnlgeoof.gx.internal.cloudapp.net@EXAMPLE.COM
2023-09-14 12:54:20,076 [Socket Reader #1 for port 9961] INFO  ipc.Server (Server.java:saslProcess(2139)) - Auth successful for scm/fv-az187-373.4biwkquksivelc4kanrnlgeoof.gx.internal.cloudapp.net@EXAMPLE.COM (auth:KERBEROS) from fv-az187-373.4biwkquksivelc4kanrnlgeoof.gx.internal.cloudapp.net:36583 / 10.1.0.236:36583
2023-09-14 12:54:20,108 [IPC Server handler 0 on default port 9961] INFO  client.SCMCertificateClient (DefaultCertificateClient.java:getAllRootCaCerts(901)) - scm/sub-ca has 0 Root CA certificates
2023-09-14 12:54:20,108 [IPC Server handler 0 on default port 9961] INFO  client.SCMCertificateClient (DefaultCertificateClient.java:getAllCaCerts(909)) - scm/sub-ca has 1 CA certificates
2023-09-14 12:54:20,111 [scm/sub-ca-refreshCACertificates] INFO  client.SCMCertificateClient (DefaultCertificateClient.java:getAllRootCaCerts(901)) - scm/sub-ca has 0 Root CA certificates
2023-09-14 12:54:20,111 [scm/sub-ca-refreshCACertificates] INFO  client.SCMCertificateClient (DefaultCertificateClient.java:getAllCaCerts(909)) - scm/sub-ca has 1 CA certificates
2023-09-14 12:54:20,112 [scm/sub-ca-refreshCACertificates] INFO  client.SCMCertificateClient (SCMCertificateClient.java:run(277)) - CA certificates are not changed.
2023-09-14 12:54:20,307 [Time-limited test] INFO  om.OzoneManager (OzoneManager.java:initializeSecurity(1401)) - Init response: GETCERT
2023-09-14 12:54:20,307 [Time-limited test] INFO  ozone.OzoneSecurityUtil (OzoneSecurityUtil.java:getValidInetsForCurrentHost(119)) - ip:fe80:0:0:0:20d:3aff:fea7:6146%eth0 not returned.
2023-09-14 12:54:20,307 [Time-limited test] INFO  ozone.OzoneSecurityUtil (OzoneSecurityUtil.java:getValidInetsForCurrentHost(116)) - Adding ip:10.1.0.236,host:fv-az187-373.4biwkquksivelc4kanrnlgeoof.gx.internal.cloudapp.net
2023-09-14 12:54:20,308 [Time-limited test] INFO  ozone.OzoneSecurityUtil (OzoneSecurityUtil.java:getValidInetsForCurrentHost(119)) - ip:0:0:0:0:0:0:0:1%lo not returned.
2023-09-14 12:54:20,308 [Time-limited test] INFO  ozone.OzoneSecurityUtil (OzoneSecurityUtil.java:getValidInetsForCurrentHost(119)) - ip:127.0.0.1 not returned.
2023-09-14 12:54:20,308 [Time-limited test] INFO  security.OMCertificateClient (OMCertificateClient.java:getCSRBuilder(114)) - Creating csr for OM->dns:fv-az187-373.4biwkquksivelc4kanrnlgeoof.gx.internal.cloudapp.net,ip:10.1.0.236,scmId:303f671e-4662-4c2c-9e53-7b6f3e0bbfc6,clusterId:1f5f432d-4cdd-485f-9c0d-4c2896e2ddf2,subject:scm@fv-az187-373.4biwkquksivelc4kanrnlgeoof.gx.internal.cloudapp.net
2023-09-14 12:54:20,322 [Socket Reader #1 for port 9961] INFO  ipc.Server (Server.java:saslProcess(2139)) - Auth successful for scm/fv-az187-373.4biwkquksivelc4kanrnlgeoof.gx.internal.cloudapp.net@EXAMPLE.COM (auth:KERBEROS) from fv-az187-373.4biwkquksivelc4kanrnlgeoof.gx.internal.cloudapp.net:32965 / 10.1.0.236:32965
2023-09-14 12:54:20,338 [IPC Server handler 1 on default port 9961] INFO  server.SCMSecurityProtocolServer (SCMSecurityProtocolServer.java:getOMCertificate(284)) - Processing CSR for om fv-az187-373.4biwkquksivelc4kanrnlgeoof.gx.internal.cloudapp.net, UUID: 7fa068b3-5cff-42ee-b139-3ab9b0ca40a7
2023-09-14 12:54:20,342 [IPC Server handler 1 on default port 9961] INFO  authority.DefaultApprover (DefaultApprover.java:sign(154)) - Extensions in CSR: 2.5.29.15, 2.5.29.17
2023-09-14 12:54:20,342 [IPC Server handler 1 on default port 9961] INFO  authority.DefaultApprover (DefaultApprover.java:sign(158)) - Extensions to add to the certificate if they present in CSR: 2.5.29.17, 2.5.29.19, 1.3.6.1.5.5.7.1.12, 2.5.29.35, 2.5.29.37, 2.5.29.15
2023-09-14 12:54:20,354 [Time-limited test] INFO  utils.CertificateCodec (CertificateCodec.java:writeCertificate(299)) - Save certificate to /tmp/junit3244255807813134247/junit7623464618106485715/scm-meta/om/certs/2656588982364.crt
2023-09-14 12:54:20,354 [Time-limited test] INFO  utils.CertificateCodec (CertificateCodec.java:writeCertificate(300)) - Certificate -----BEGIN CERTIFICATE-----
MIIEHzCCAwegAwIBAgIGAmqJCuhcMA0GCSqGSIb3DQEBCwUAMIGLMSswKQYDVQQD
DCJzY20tc3ViLTI2NTU4ODAxMDU4NjJAZnYtYXoxODctMzczMS0wKwYDVQQLDCQz
MDNmNjcxZS00NjYyLTRjMmMtOWU1My03YjZmM2UwYmJmYzYxLTArBgNVBAoMJDFm
NWY0MzJkLTRjZGQtNDg1Zi05YzBkLTRjMjg5NmUyZGRmMjAeFw0yMzA5MTQxMjU0
MjBaFw0yNDA5MTMxMjU0MjBaMIGtMU0wSwYDVQQDDERzY21AZnYtYXoxODctMzcz
LjRiaXdrcXVrc2l2ZWxjNGthbnJubGdlb29mLmd4LmludGVybmFsLmNsb3VkYXBw
Lm5ldDEtMCsGA1UECwwkMzAzZjY3MWUtNDY2Mi00YzJjLTllNTMtN2I2ZjNlMGJi
ZmM2MS0wKwYDVQQKDCQxZjVmNDMyZC00Y2RkLTQ4NWYtOWMwZC00YzI4OTZlMmRk
ZjIwggEiMA0GCSqGSIb3DQEBAQUAA4IBDwAwggEKAoIBAQCb8sWTqKfw2V10vmeX
TgcSM9eG4rb3bYDYK39dJ7MEQctAP3HEbbhLh3p2T09zMxp0sue6mBy7nxG3m0Uc
BEGE7+MpF6ISxNjsLPfRSaQjuOaIGlzWcBNLuDr1b6GhjbIRdEG23Z5MrpE225Ax
OKgrN7gdZjNsJKNpDWFwb+9L0dlXhceiXAIxGut2JCeAesgG8l8K/P26kRPGoW/l
vJRjvpQU/usl0w9iu7poVxRUPQa/j5ZXEfjzM/DDs28ftzHWW4lKZeGrzZt7srEr
jeAgPSMh2NpCDmJjy9JoRulpzaXehygkKtNi9EEUOES/jJBoa12CxXt0rwH97CAc
ri13AgMBAAGjZTBjMFEGA1UdEQRKMEiHBAoBAOyCQGZ2LWF6MTg3LTM3My40Yml3
a3F1a3NpdmVsYzRrYW5ybmxnZW9vZi5neC5pbnRlcm5hbC5jbG91ZGFwcC5uZXQw
DgYDVR0PAQH/BAQDAgO4MA0GCSqGSIb3DQEBCwUAA4IBAQA7QLud+y78mSfabZm6
5iFbaNiPTJ+kbf/rCH58jSh9KyXAlezOtNUoYHzFVH+Whc7uI7WEwXXftSr+NfBf
SDksKBG5bsTVPJFELrkXwWU3z+TE7bfBWbZVuA3EIdvZugvU1oErxj9Iu7d4zzNf
fNNZHFvGo3kwt+2Tez+ynAJP4NuBk9IyrDCUYEXVTouwhjv6qpsR774gENEbyvVr
b0dUiy0tvK6PCR9yMcslinhxR5JUh6O2qYIY7n6+F9KJu21sdGoCD7e03RiQL6Tg
kIduZIBiUkChmQm8CzXdnoEkH4lNBk6YpxwkS16mbr1TavQk4/+ZLzm29jRezdB4
x3eL
-----END CERTIFICATE-----

-----BEGIN CERTIFICATE-----
MIID/TCCAuWgAwIBAgIGAmpfAl43MA0GCSqGSIb3DQEBCwUAMHsxGzAZBgNVBAMM
EnNjbS0xQGZ2LWF6MTg3LTM3MzEtMCsGA1UECwwkMzAzZjY3MWUtNDY2Mi00YzJj
LTllNTMtN2I2ZjNlMGJiZmM2MS0wKwYDVQQKDCQxZjVmNDMyZC00Y2RkLTQ4NWYt
OWMwZC00YzI4OTZlMmRkZjIwHhcNMjMwOTE0MTI1NDE5WhcNMjgxMDIyMTI1NDE5
WjCBizErMCkGA1UEAwwic2NtLXN1Yi0yNjU1ODgwMTA1ODYyQGZ2LWF6MTg3LTM3
MzEtMCsGA1UECwwkMzAzZjY3MWUtNDY2Mi00YzJjLTllNTMtN2I2ZjNlMGJiZmM2
MS0wKwYDVQQKDCQxZjVmNDMyZC00Y2RkLTQ4NWYtOWMwZC00YzI4OTZlMmRkZjIw
ggEiMA0GCSqGSIb3DQEBAQUAA4IBDwAwggEKAoIBAQCtgzxCpODHm4dNSfyb5i6o
o+03FYorQZsBV66+boq1o+myjqK0Rcucjm2kIarOjcM3PZ0YMydEV+SbUTLxdg9y
Eg8Koe+KHR3ruGnapKZ2LOxBX8huPrDi4w7XdDYGOmQv+Lis3qkZ6VoAMVyTxI0+
CrADMCwWFVxUbozBnt801ZJS7plsFhWf2BbIkLYQnQYMjAzgpH3UNes4ufOBTRs8
b4zPJiJdNQdLmam92kaTzEeRDFZL05NHP7kA4IUYGHc1WoFi4/VWoGJ6m7BUU81Y
tSfZKVBlz/AV6m74xk34IJSzdM97DqJ9t3mN0JF3PnlAH3h32gskkpDXMLbMqvcZ
AgMBAAGjdjB0MFEGA1UdEQRKMEiHBAoBAOyCQGZ2LWF6MTg3LTM3My40Yml3a3F1
a3NpdmVsYzRrYW5ybmxnZW9vZi5neC5pbnRlcm5hbC5jbG91ZGFwcC5uZXQwDwYD
VR0TAQH/BAUwAwEB/zAOBgNVHQ8BAf8EBAMCAb4wDQYJKoZIhvcNAQELBQADggEB
AAf7rz0nTc44JPiCYagePynfuNxl+9UiX+qY491y+iHHoX0Rj7EAoIgTyoDUwH/W
O8oXRpFsRlVUUpXUn/L6tLMA/x2X/+Q51DCTHvwExprCPs1SI6IvUx7CZEGTfec/
Bp9Q9SiUMS/MWEf4Ojvab/DtjgBfglvyXLho114eEXCMMbl7hsvpLBxZQa2MFrbI
hT5Xj9XOFaNxaGbGDaTUvnyE6ubtMGqupXY0zq2NXE3t+34JOh1MEjkgktHu4kRp
1irH6dLl2m90NyrMqhHy447a8x0q/etObBic9aFz8dhDr3m0zeeJ4r3UkWMNYJR8
B6O4m8N1NH4vK0cEXufuM6M=
-----END CERTIFICATE-----

-----BEGIN CERTIFICATE-----
MIID5zCCAs+gAwIBAgIBATANBgkqhkiG9w0BAQsFADB7MRswGQYDVQQDDBJzY20t
MUBmdi1hejE4Ny0zNzMxLTArBgNVBAsMJDMwM2Y2NzFlLTQ2NjItNGMyYy05ZTUz
LTdiNmYzZTBiYmZjNjEtMCsGA1UECgwkMWY1ZjQzMmQtNGNkZC00ODVmLTljMGQt
NGMyODk2ZTJkZGYyMB4XDTIzMDkxNDEyNTQxOVoXDTI4MTAyMjEyNTQxOVowezEb
MBkGA1UEAwwSc2NtLTFAZnYtYXoxODctMzczMS0wKwYDVQQLDCQzMDNmNjcxZS00
NjYyLTRjMmMtOWU1My03YjZmM2UwYmJmYzYxLTArBgNVBAoMJDFmNWY0MzJkLTRj
ZGQtNDg1Zi05YzBkLTRjMjg5NmUyZGRmMjCCASIwDQYJKoZIhvcNAQEBBQADggEP
ADCCAQoCggEBAMLZs0Yh47o5Ps0xOyzgnj3pcHH5w7aUmt88fWP2GuSqvuJNTfic
lKkigHUSQIl2Cw5+feMYGAbqeHMi5P2Wh9EOg/C7quzSSASWft1hDN3I3OGswAn3
Xime+XBCXJNXqJPVc7mLX7usO+a3+fpV35o6tU1m4im0lmffR31R+ehR2j/Tu1il
Wega9QxTTAVEc5p3vkzhq1mCCTU9PDj2HTkBUMELeM2Iz26byil6be9H2MLZjEWZ
bhxzr3FHNLpzBB9DCCI6KlA20I2NrzPl4dXgIRFB6wH5wa7/Bfkz9AsOntrY+yVf
75yyTINUa7H10k/mY4ODbv86Q2d5g2W8CR0CAwEAAaN2MHQwDwYDVR0TAQH/BAUw
AwEB/zAOBgNVHQ8BAf8EBAMCAQYwUQYDVR0RBEowSIcECgEA7IJAZnYtYXoxODct
MzczLjRiaXdrcXVrc2l2ZWxjNGthbnJubGdlb29mLmd4LmludGVybmFsLmNsb3Vk
YXBwLm5ldDANBgkqhkiG9w0BAQsFAAOCAQEAMQPJ0djKqBDD4sZf2piZrEREHNLs
zdA9gCQnxjDQGupU+YLXmBxHVW9B1bIT54hSPbHql3S01cjjHAJqYDqxXhjoZL1k
F3Ov7bc+AnfR/iARw0cD9Z/HBERrOKJULQo0G+0cwGjNMnKM1/C1/3rVj8lZ8Y2V
5oGSXaebwApbzgE9mzSEGUMN4rjlOYXpuBFhFYs/g0YnZBluVmy15cWWlPaEMFky
0uCZ1NWzg+jK7Z7G09/+O6bsdB1iCZz0lcbQHxQzhAYruES8HV85rMmaZ7F9omUL
DQNhKTQlCtJmclCpQrOXuy2+2PgJnFUMn0wxmEa+j/2LJjkhEeDmDsUQRA==
-----END CERTIFICATE-----

2023-09-14 12:54:20,354 [Time-limited test] INFO  utils.CertificateCodec (CertificateCodec.java:writeCertificate(299)) - Save certificate to /tmp/junit3244255807813134247/junit7623464618106485715/scm-meta/om/certs/CA-2655883779639.crt
2023-09-14 12:54:20,354 [Time-limited test] INFO  utils.CertificateCodec (CertificateCodec.java:writeCertificate(300)) - Certificate -----BEGIN CERTIFICATE-----
MIID/TCCAuWgAwIBAgIGAmpfAl43MA0GCSqGSIb3DQEBCwUAMHsxGzAZBgNVBAMM
EnNjbS0xQGZ2LWF6MTg3LTM3MzEtMCsGA1UECwwkMzAzZjY3MWUtNDY2Mi00YzJj
LTllNTMtN2I2ZjNlMGJiZmM2MS0wKwYDVQQKDCQxZjVmNDMyZC00Y2RkLTQ4NWYt
OWMwZC00YzI4OTZlMmRkZjIwHhcNMjMwOTE0MTI1NDE5WhcNMjgxMDIyMTI1NDE5
WjCBizErMCkGA1UEAwwic2NtLXN1Yi0yNjU1ODgwMTA1ODYyQGZ2LWF6MTg3LTM3
MzEtMCsGA1UECwwkMzAzZjY3MWUtNDY2Mi00YzJjLTllNTMtN2I2ZjNlMGJiZmM2
MS0wKwYDVQQKDCQxZjVmNDMyZC00Y2RkLTQ4NWYtOWMwZC00YzI4OTZlMmRkZjIw
ggEiMA0GCSqGSIb3DQEBAQUAA4IBDwAwggEKAoIBAQCtgzxCpODHm4dNSfyb5i6o
o+03FYorQZsBV66+boq1o+myjqK0Rcucjm2kIarOjcM3PZ0YMydEV+SbUTLxdg9y
Eg8Koe+KHR3ruGnapKZ2LOxBX8huPrDi4w7XdDYGOmQv+Lis3qkZ6VoAMVyTxI0+
CrADMCwWFVxUbozBnt801ZJS7plsFhWf2BbIkLYQnQYMjAzgpH3UNes4ufOBTRs8
b4zPJiJdNQdLmam92kaTzEeRDFZL05NHP7kA4IUYGHc1WoFi4/VWoGJ6m7BUU81Y
tSfZKVBlz/AV6m74xk34IJSzdM97DqJ9t3mN0JF3PnlAH3h32gskkpDXMLbMqvcZ
AgMBAAGjdjB0MFEGA1UdEQRKMEiHBAoBAOyCQGZ2LWF6MTg3LTM3My40Yml3a3F1
a3NpdmVsYzRrYW5ybmxnZW9vZi5neC5pbnRlcm5hbC5jbG91ZGFwcC5uZXQwDwYD
VR0TAQH/BAUwAwEB/zAOBgNVHQ8BAf8EBAMCAb4wDQYJKoZIhvcNAQELBQADggEB
AAf7rz0nTc44JPiCYagePynfuNxl+9UiX+qY491y+iHHoX0Rj7EAoIgTyoDUwH/W
O8oXRpFsRlVUUpXUn/L6tLMA/x2X/+Q51DCTHvwExprCPs1SI6IvUx7CZEGTfec/
Bp9Q9SiUMS/MWEf4Ojvab/DtjgBfglvyXLho114eEXCMMbl7hsvpLBxZQa2MFrbI
hT5Xj9XOFaNxaGbGDaTUvnyE6ubtMGqupXY0zq2NXE3t+34JOh1MEjkgktHu4kRp
1irH6dLl2m90NyrMqhHy447a8x0q/etObBic9aFz8dhDr3m0zeeJ4r3UkWMNYJR8
B6O4m8N1NH4vK0cEXufuM6M=
-----END CERTIFICATE-----

-----BEGIN CERTIFICATE-----
MIID5zCCAs+gAwIBAgIBATANBgkqhkiG9w0BAQsFADB7MRswGQYDVQQDDBJzY20t
MUBmdi1hejE4Ny0zNzMxLTArBgNVBAsMJDMwM2Y2NzFlLTQ2NjItNGMyYy05ZTUz
LTdiNmYzZTBiYmZjNjEtMCsGA1UECgwkMWY1ZjQzMmQtNGNkZC00ODVmLTljMGQt
NGMyODk2ZTJkZGYyMB4XDTIzMDkxNDEyNTQxOVoXDTI4MTAyMjEyNTQxOVowezEb
MBkGA1UEAwwSc2NtLTFAZnYtYXoxODctMzczMS0wKwYDVQQLDCQzMDNmNjcxZS00
NjYyLTRjMmMtOWU1My03YjZmM2UwYmJmYzYxLTArBgNVBAoMJDFmNWY0MzJkLTRj
ZGQtNDg1Zi05YzBkLTRjMjg5NmUyZGRmMjCCASIwDQYJKoZIhvcNAQEBBQADggEP
ADCCAQoCggEBAMLZs0Yh47o5Ps0xOyzgnj3pcHH5w7aUmt88fWP2GuSqvuJNTfic
lKkigHUSQIl2Cw5+feMYGAbqeHMi5P2Wh9EOg/C7quzSSASWft1hDN3I3OGswAn3
Xime+XBCXJNXqJPVc7mLX7usO+a3+fpV35o6tU1m4im0lmffR31R+ehR2j/Tu1il
Wega9QxTTAVEc5p3vkzhq1mCCTU9PDj2HTkBUMELeM2Iz26byil6be9H2MLZjEWZ
bhxzr3FHNLpzBB9DCCI6KlA20I2NrzPl4dXgIRFB6wH5wa7/Bfkz9AsOntrY+yVf
75yyTINUa7H10k/mY4ODbv86Q2d5g2W8CR0CAwEAAaN2MHQwDwYDVR0TAQH/BAUw
AwEB/zAOBgNVHQ8BAf8EBAMCAQYwUQYDVR0RBEowSIcECgEA7IJAZnYtYXoxODct
MzczLjRiaXdrcXVrc2l2ZWxjNGthbnJubGdlb29mLmd4LmludGVybmFsLmNsb3Vk
YXBwLm5ldDANBgkqhkiG9w0BAQsFAAOCAQEAMQPJ0djKqBDD4sZf2piZrEREHNLs
zdA9gCQnxjDQGupU+YLXmBxHVW9B1bIT54hSPbHql3S01cjjHAJqYDqxXhjoZL1k
F3Ov7bc+AnfR/iARw0cD9Z/HBERrOKJULQo0G+0cwGjNMnKM1/C1/3rVj8lZ8Y2V
5oGSXaebwApbzgE9mzSEGUMN4rjlOYXpuBFhFYs/g0YnZBluVmy15cWWlPaEMFky
0uCZ1NWzg+jK7Z7G09/+O6bsdB1iCZz0lcbQHxQzhAYruES8HV85rMmaZ7F9omUL
DQNhKTQlCtJmclCpQrOXuy2+2PgJnFUMn0wxmEa+j/2LJjkhEeDmDsUQRA==
-----END CERTIFICATE-----

2023-09-14 12:54:20,355 [IPC Server handler 0 on default port 9961] INFO  client.SCMCertificateClient (DefaultCertificateClient.java:getAllRootCaCerts(901)) - scm/sub-ca has 0 Root CA certificates
2023-09-14 12:54:20,356 [IPC Server handler 0 on default port 9961] INFO  client.SCMCertificateClient (DefaultCertificateClient.java:getAllCaCerts(909)) - scm/sub-ca has 1 CA certificates
2023-09-14 12:54:20,357 [Time-limited test] INFO  utils.CertificateCodec (CertificateCodec.java:writeCertificate(299)) - Save certificate to /tmp/junit3244255807813134247/junit7623464618106485715/scm-meta/om/certs/ROOTCA-1.crt
2023-09-14 12:54:20,357 [Time-limited test] INFO  utils.CertificateCodec (CertificateCodec.java:writeCertificate(300)) - Certificate -----BEGIN CERTIFICATE-----
MIID5zCCAs+gAwIBAgIBATANBgkqhkiG9w0BAQsFADB7MRswGQYDVQQDDBJzY20t
MUBmdi1hejE4Ny0zNzMxLTArBgNVBAsMJDMwM2Y2NzFlLTQ2NjItNGMyYy05ZTUz
LTdiNmYzZTBiYmZjNjEtMCsGA1UECgwkMWY1ZjQzMmQtNGNkZC00ODVmLTljMGQt
NGMyODk2ZTJkZGYyMB4XDTIzMDkxNDEyNTQxOVoXDTI4MTAyMjEyNTQxOVowezEb
MBkGA1UEAwwSc2NtLTFAZnYtYXoxODctMzczMS0wKwYDVQQLDCQzMDNmNjcxZS00
NjYyLTRjMmMtOWU1My03YjZmM2UwYmJmYzYxLTArBgNVBAoMJDFmNWY0MzJkLTRj
ZGQtNDg1Zi05YzBkLTRjMjg5NmUyZGRmMjCCASIwDQYJKoZIhvcNAQEBBQADggEP
ADCCAQoCggEBAMLZs0Yh47o5Ps0xOyzgnj3pcHH5w7aUmt88fWP2GuSqvuJNTfic
lKkigHUSQIl2Cw5+feMYGAbqeHMi5P2Wh9EOg/C7quzSSASWft1hDN3I3OGswAn3
Xime+XBCXJNXqJPVc7mLX7usO+a3+fpV35o6tU1m4im0lmffR31R+ehR2j/Tu1il
Wega9QxTTAVEc5p3vkzhq1mCCTU9PDj2HTkBUMELeM2Iz26byil6be9H2MLZjEWZ
bhxzr3FHNLpzBB9DCCI6KlA20I2NrzPl4dXgIRFB6wH5wa7/Bfkz9AsOntrY+yVf
75yyTINUa7H10k/mY4ODbv86Q2d5g2W8CR0CAwEAAaN2MHQwDwYDVR0TAQH/BAUw
AwEB/zAOBgNVHQ8BAf8EBAMCAQYwUQYDVR0RBEowSIcECgEA7IJAZnYtYXoxODct
MzczLjRiaXdrcXVrc2l2ZWxjNGthbnJubGdlb29mLmd4LmludGVybmFsLmNsb3Vk
YXBwLm5ldDANBgkqhkiG9w0BAQsFAAOCAQEAMQPJ0djKqBDD4sZf2piZrEREHNLs
zdA9gCQnxjDQGupU+YLXmBxHVW9B1bIT54hSPbHql3S01cjjHAJqYDqxXhjoZL1k
F3Ov7bc+AnfR/iARw0cD9Z/HBERrOKJULQo0G+0cwGjNMnKM1/C1/3rVj8lZ8Y2V
5oGSXaebwApbzgE9mzSEGUMN4rjlOYXpuBFhFYs/g0YnZBluVmy15cWWlPaEMFky
0uCZ1NWzg+jK7Z7G09/+O6bsdB1iCZz0lcbQHxQzhAYruES8HV85rMmaZ7F9omUL
DQNhKTQlCtJmclCpQrOXuy2+2PgJnFUMn0wxmEa+j/2LJjkhEeDmDsUQRA==
-----END CERTIFICATE-----

2023-09-14 12:54:20,358 [Time-limited test] INFO  security.OMCertificateClient (DefaultCertificateClient.java:updateCertSerialId(1244)) - Certificate serial ID set to 2656588982364
2023-09-14 12:54:20,359 [Time-limited test] INFO  security.OMCertificateClient (DefaultCertificateClient.java:readCertificateFile(237)) - Added certificate   [0]         Version: 3
         SerialNumber: 1
             IssuerDN: CN=scm-1@fv-az187-373,OU=303f671e-4662-4c2c-9e53-7b6f3e0bbfc6,O=1f5f432d-4cdd-485f-9c0d-4c2896e2ddf2
           Start Date: Thu Sep 14 12:54:19 UTC 2023
           Final Date: Sun Oct 22 12:54:19 UTC 2028
            SubjectDN: CN=scm-1@fv-az187-373,OU=303f671e-4662-4c2c-9e53-7b6f3e0bbfc6,O=1f5f432d-4cdd-485f-9c0d-4c2896e2ddf2
           Public Key: RSA Public Key [e5:4b:79:b8:8b:e5:82:ff:cc:00:d6:96:44:cd:db:1d:f0:60:e7:be],[56:66:d1:a4]
        modulus: c2d9b34621e3ba393ecd313b2ce09e3de97071f9c3b6949adf3c7d63f61ae4aabee24d4df89c94a9228075124089760b0e7e7de3181806ea787322e4fd9687d10e83f0bbaaecd24804967edd610cddc8dce1acc009f75e299ef970425c9357a893d573b98b5fbbac3be6b7f9fa55df9a3ab54d66e229b49667df477d51f9e851da3fd3bb58a559e81af50c534c0544739a77be4ce1ab598209353d3c38f61d390150c10b78cd88cf6e9bca297a6def47d8c2d98c45996e1c73af714734ba73041f4308223a2a5036d08d8daf33e5e1d5e0211141eb01f9c1aeff05f933f40b0e9edad8fb255fef9cb24c83546bb1f5d24fe66383836eff3a4367798365bc091d
public exponent: 10001

  Signature Algorithm: SHA256WITHRSA
            Signature: 3103c9d1d8caa810c3e2c65fda9899ac44441cd2
                       eccdd03d802427c630d01aea54f982d7981c4755
                       6f41d5b213e788523db1ea9774b4d5c8e31c026a
                       603ab15e18e864bd641773afedb73e0277d1fe20
                       11c34703f59fc704446b38a2542d0a341bed1cc0
                       68cd32728cd7f0b5ff7ad58fc959f18d95e68192
                       5da79bc00a5bce013d9b348419430de2b8e53985
                       e9b81161158b3f83462764196e566cb5e5c59694
                       f684305932d2e099d4d5b383e8caed9ec6d3dffe
                       3ba6ec741d62099cf495c6d01f143384062bb844
                       bc1d5f39acc99a67b17da2650b0d03612934250a
                       d2667250a942b397bb2dbed8f8099c550c9f4c31
                       9846be8ffd8b26392111e0e60ec51044
       Extensions: 
                       critical(true) BasicConstraints: isCa(true)
                       critical(true) KeyUsage: 0x6
                       critical(false) 2.5.29.17 value = Sequence
    Tagged [7] IMPLICIT 
        DER Octet String[4] 
    Tagged [2] IMPLICIT 
        DER Octet String[64] 

 from file: /tmp/junit3244255807813134247/junit7623464618106485715/scm-meta/om/certs/ROOTCA-1.crt.
2023-09-14 12:54:20,360 [Time-limited test] INFO  security.OMCertificateClient (DefaultCertificateClient.java:readCertificateFile(237)) - Added certificate   [0]         Version: 3
         SerialNumber: 2656588982364
             IssuerDN: CN=scm-sub-2655880105862@fv-az187-373,OU=303f671e-4662-4c2c-9e53-7b6f3e0bbfc6,O=1f5f432d-4cdd-485f-9c0d-4c2896e2ddf2
           Start Date: Thu Sep 14 12:54:20 UTC 2023
           Final Date: Fri Sep 13 12:54:20 UTC 2024
            SubjectDN: CN=scm@fv-az187-373.4biwkquksivelc4kanrnlgeoof.gx.internal.cloudapp.net,OU=303f671e-4662-4c2c-9e53-7b6f3e0bbfc6,O=1f5f432d-4cdd-485f-9c0d-4c2896e2ddf2
           Public Key: RSA Public Key [2b:aa:78:9e:7b:3b:5e:9e:4c:32:83:ab:7a:26:c5:dc:69:fa:15:61],[56:66:d1:a4]
        modulus: 9bf2c593a8a7f0d95d74be67974e071233d786e2b6f76d80d82b7f5d27b30441cb403f71c46db84b877a764f4f73331a74b2e7ba981cbb9f11b79b451c044184efe32917a212c4d8ec2cf7d149a423b8e6881a5cd670134bb83af56fa1a18db2117441b6dd9e4cae9136db903138a82b37b81d66336c24a3690d61706fef4bd1d95785c7a25c02311aeb762427807ac806f25f0afcfdba9113c6a16fe5bc9463be9414feeb25d30f62bbba685714543d06bf8f965711f8f333f0c3b36f1fb731d65b894a65e1abcd9b7bb2b12b8de0203d2321d8da420e6263cbd26846e969cda5de8728242ad362f441143844bf8c90686b5d82c57b74af01fdec201cae2d77
public exponent: 10001

  Signature Algorithm: SHA256WITHRSA
            Signature: 3b40bb9dfb2efc9927da6d99bae6215b68d88f4c
                       9fa46dffeb087e7c8d287d2b25c095ecceb4d528
                       607cc5547f9685ceee23b584c175dfb52afe35f0
                       5f48392c2811b96ec4d53c91442eb917c16537cf
                       e4c4edb7c159b655b80dc421dbd9ba0bd4d6812b
                       c63f48bbb778cf335f7cd3591c5bc6a37930b7ed
                       937b3fb29c024fe0db8193d232ac30946045d54e
                       8bb0863bfaaa9b11efbe2010d11bcaf56b6f4754
                       8b2d2dbcae8f091f7231cb258a787147925487a3
                       b6a98218ee7ebe17d289bb6d6c746a020fb7b4dd
                       18902fa4e090876e6480625240a19909bc0b35dd
                       9e81241f894d064e98a71c244b5ea66ebd536af4
                       24e3ff992f39b6f6345ecdd078c7778b
       Extensions: 
                       critical(false) 2.5.29.17 value = Sequence
    Tagged [7] IMPLICIT 
        DER Octet String[4] 
    Tagged [2] IMPLICIT 
        DER Octet String[64] 

                       critical(true) KeyUsage: 0xb8
 from file: /tmp/junit3244255807813134247/junit7623464618106485715/scm-meta/om/certs/2656588982364.crt.
2023-09-14 12:54:20,362 [Time-limited test] INFO  security.OMCertificateClient (DefaultCertificateClient.java:readCertificateFile(237)) - Added certificate   [0]         Version: 3
         SerialNumber: 2655883779639
             IssuerDN: CN=scm-1@fv-az187-373,OU=303f671e-4662-4c2c-9e53-7b6f3e0bbfc6,O=1f5f432d-4cdd-485f-9c0d-4c2896e2ddf2
           Start Date: Thu Sep 14 12:54:19 UTC 2023
           Final Date: Sun Oct 22 12:54:19 UTC 2028
            SubjectDN: CN=scm-sub-2655880105862@fv-az187-373,OU=303f671e-4662-4c2c-9e53-7b6f3e0bbfc6,O=1f5f432d-4cdd-485f-9c0d-4c2896e2ddf2
           Public Key: RSA Public Key [b6:22:18:07:f2:43:93:7c:2d:de:ff:fc:5d:32:55:f4:a5:02:32:4a],[56:66:d1:a4]
        modulus: ad833c42a4e0c79b874d49fc9be62ea8a3ed37158a2b419b0157aebe6e8ab5a3e9b28ea2b445cb9c8e6da421aace8dc3373d9d1833274457e49b5132f1760f72120f0aa1ef8a1d1debb869daa4a6762cec415fc86e3eb0e2e30ed77436063a642ff8b8acdea919e95a00315c93c48d3e0ab003302c16155c546e8cc19edf34d59252ee996c16159fd816c890b6109d060c8c0ce0a47dd435eb38b9f3814d1b3c6f8ccf26225d35074b99a9bdda4693cc47910c564bd393473fb900e085181877355a8162e3f556a0627a9bb05453cd58b527d9295065cff015ea6ef8c64df82094b374cf7b0ea27db7798dd091773e79401f7877da0b249290d730b6ccaaf719
public exponent: 10001

  Signature Algorithm: SHA256WITHRSA
            Signature: 07fbaf3d274dce3824f88261a81e3f29dfb8dc65
                       fbd5225fea98e3dd72fa21c7a17d118fb100a088
                       13ca80d4c07fd63bca1746916c4655545295d49f
                       f2fab4b300ff1d97ffe439d430931efc04c69ac2
                       3ecd5223a22f531ec26441937de73f069f50f528
                       94312fcc5847f83a3bda6ff0ed8e005f825bf25c
                       b868d75e1e11708c31b97b86cbe92c1c5941ad8c
                       16b6c8853e578fd5ce15a3716866c60da4d4be7c
                       84eae6ed306aaea57634cead8d5c4dedfb7e093a
                       1d4c12392092d1eee24469d62ac7e9d2e5da6f74
                       372accaa11f2e38edaf31d2afdeb4e6c189cf5a1
                       73f1d843af79b4cde789e2bdd491630d60947c07
                       a3b89bc375347e2f2b47045ee7ee33a3
       Extensions: 
                       critical(false) 2.5.29.17 value = Sequence
    Tagged [7] IMPLICIT 
        DER Octet String[4] 
    Tagged [2] IMPLICIT 
        DER Octet String[64] 

                       critical(true) BasicConstraints: isCa(true)
                       critical(true) KeyUsage: 0xbe
 from file: /tmp/junit3244255807813134247/junit7623464618106485715/scm-meta/om/certs/CA-2655883779639.crt.
2023-09-14 12:54:20,362 [Time-limited test] INFO  security.OMCertificateClient (DefaultCertificateClient.java:startCertificateRenewerService(1349)) - CertificateRenewerService for om is started with first delay 31535989638 ms and interval 3333 ms.
2023-09-14 12:54:20,362 [Time-limited test] INFO  security.OMCertificateClient (DefaultCertificateClient.java:updateCertSerialId(1244)) - Certificate serial ID set to 2656588982364
2023-09-14 12:54:20,363 [Time-limited test] INFO  security.OMCertificateClient (DefaultCertificateClient.java:readCertificateFile(237)) - Added certificate   [0]         Version: 3
         SerialNumber: 1
             IssuerDN: CN=scm-1@fv-az187-373,OU=303f671e-4662-4c2c-9e53-7b6f3e0bbfc6,O=1f5f432d-4cdd-485f-9c0d-4c2896e2ddf2
           Start Date: Thu Sep 14 12:54:19 UTC 2023
           Final Date: Sun Oct 22 12:54:19 UTC 2028
            SubjectDN: CN=scm-1@fv-az187-373,OU=303f671e-4662-4c2c-9e53-7b6f3e0bbfc6,O=1f5f432d-4cdd-485f-9c0d-4c2896e2ddf2
           Public Key: RSA Public Key [e5:4b:79:b8:8b:e5:82:ff:cc:00:d6:96:44:cd:db:1d:f0:60:e7:be],[56:66:d1:a4]
        modulus: c2d9b34621e3ba393ecd313b2ce09e3de97071f9c3b6949adf3c7d63f61ae4aabee24d4df89c94a9228075124089760b0e7e7de3181806ea787322e4fd9687d10e83f0bbaaecd24804967edd610cddc8dce1acc009f75e299ef970425c9357a893d573b98b5fbbac3be6b7f9fa55df9a3ab54d66e229b49667df477d51f9e851da3fd3bb58a559e81af50c534c0544739a77be4ce1ab598209353d3c38f61d390150c10b78cd88cf6e9bca297a6def47d8c2d98c45996e1c73af714734ba73041f4308223a2a5036d08d8daf33e5e1d5e0211141eb01f9c1aeff05f933f40b0e9edad8fb255fef9cb24c83546bb1f5d24fe66383836eff3a4367798365bc091d
public exponent: 10001

  Signature Algorithm: SHA256WITHRSA
            Signature: 3103c9d1d8caa810c3e2c65fda9899ac44441cd2
                       eccdd03d802427c630d01aea54f982d7981c4755
                       6f41d5b213e788523db1ea9774b4d5c8e31c026a
                       603ab15e18e864bd641773afedb73e0277d1fe20
                       11c34703f59fc704446b38a2542d0a341bed1cc0
                       68cd32728cd7f0b5ff7ad58fc959f18d95e68192
                       5da79bc00a5bce013d9b348419430de2b8e53985
                       e9b81161158b3f83462764196e566cb5e5c59694
                       f684305932d2e099d4d5b383e8caed9ec6d3dffe
                       3ba6ec741d62099cf495c6d01f143384062bb844
                       bc1d5f39acc99a67b17da2650b0d03612934250a
                       d2667250a942b397bb2dbed8f8099c550c9f4c31
                       9846be8ffd8b26392111e0e60ec51044
       Extensions: 
                       critical(true) BasicConstraints: isCa(true)
                       critical(true) KeyUsage: 0x6
                       critical(false) 2.5.29.17 value = Sequence
    Tagged [7] IMPLICIT 
        DER Octet String[4] 
    Tagged [2] IMPLICIT 
        DER Octet String[64] 

 from file: /tmp/junit3244255807813134247/junit7623464618106485715/scm-meta/om/certs/ROOTCA-1.crt.
2023-09-14 12:54:20,365 [Time-limited test] INFO  security.OMCertificateClient (DefaultCertificateClient.java:readCertificateFile(237)) - Added certificate   [0]         Version: 3
         SerialNumber: 2656588982364
             IssuerDN: CN=scm-sub-2655880105862@fv-az187-373,OU=303f671e-4662-4c2c-9e53-7b6f3e0bbfc6,O=1f5f432d-4cdd-485f-9c0d-4c2896e2ddf2
           Start Date: Thu Sep 14 12:54:20 UTC 2023
           Final Date: Fri Sep 13 12:54:20 UTC 2024
            SubjectDN: CN=scm@fv-az187-373.4biwkquksivelc4kanrnlgeoof.gx.internal.cloudapp.net,OU=303f671e-4662-4c2c-9e53-7b6f3e0bbfc6,O=1f5f432d-4cdd-485f-9c0d-4c2896e2ddf2
           Public Key: RSA Public Key [2b:aa:78:9e:7b:3b:5e:9e:4c:32:83:ab:7a:26:c5:dc:69:fa:15:61],[56:66:d1:a4]
        modulus: 9bf2c593a8a7f0d95d74be67974e071233d786e2b6f76d80d82b7f5d27b30441cb403f71c46db84b877a764f4f73331a74b2e7ba981cbb9f11b79b451c044184efe32917a212c4d8ec2cf7d149a423b8e6881a5cd670134bb83af56fa1a18db2117441b6dd9e4cae9136db903138a82b37b81d66336c24a3690d61706fef4bd1d95785c7a25c02311aeb762427807ac806f25f0afcfdba9113c6a16fe5bc9463be9414feeb25d30f62bbba685714543d06bf8f965711f8f333f0c3b36f1fb731d65b894a65e1abcd9b7bb2b12b8de0203d2321d8da420e6263cbd26846e969cda5de8728242ad362f441143844bf8c90686b5d82c57b74af01fdec201cae2d77
public exponent: 10001

  Signature Algorithm: SHA256WITHRSA
            Signature: 3b40bb9dfb2efc9927da6d99bae6215b68d88f4c
                       9fa46dffeb087e7c8d287d2b25c095ecceb4d528
                       607cc5547f9685ceee23b584c175dfb52afe35f0
                       5f48392c2811b96ec4d53c91442eb917c16537cf
                       e4c4edb7c159b655b80dc421dbd9ba0bd4d6812b
                       c63f48bbb778cf335f7cd3591c5bc6a37930b7ed
                       937b3fb29c024fe0db8193d232ac30946045d54e
                       8bb0863bfaaa9b11efbe2010d11bcaf56b6f4754
                       8b2d2dbcae8f091f7231cb258a787147925487a3
                       b6a98218ee7ebe17d289bb6d6c746a020fb7b4dd
                       18902fa4e090876e6480625240a19909bc0b35dd
                       9e81241f894d064e98a71c244b5ea66ebd536af4
                       24e3ff992f39b6f6345ecdd078c7778b
       Extensions: 
                       critical(false) 2.5.29.17 value = Sequence
    Tagged [7] IMPLICIT 
        DER Octet String[4] 
    Tagged [2] IMPLICIT 
        DER Octet String[64] 

                       critical(true) KeyUsage: 0xb8
 from file: /tmp/junit3244255807813134247/junit7623464618106485715/scm-meta/om/certs/2656588982364.crt.
2023-09-14 12:54:20,366 [Time-limited test] INFO  security.OMCertificateClient (DefaultCertificateClient.java:readCertificateFile(237)) - Added certificate   [0]         Version: 3
         SerialNumber: 2655883779639
             IssuerDN: CN=scm-1@fv-az187-373,OU=303f671e-4662-4c2c-9e53-7b6f3e0bbfc6,O=1f5f432d-4cdd-485f-9c0d-4c2896e2ddf2
           Start Date: Thu Sep 14 12:54:19 UTC 2023
           Final Date: Sun Oct 22 12:54:19 UTC 2028
            SubjectDN: CN=scm-sub-2655880105862@fv-az187-373,OU=303f671e-4662-4c2c-9e53-7b6f3e0bbfc6,O=1f5f432d-4cdd-485f-9c0d-4c2896e2ddf2
           Public Key: RSA Public Key [b6:22:18:07:f2:43:93:7c:2d:de:ff:fc:5d:32:55:f4:a5:02:32:4a],[56:66:d1:a4]
        modulus: ad833c42a4e0c79b874d49fc9be62ea8a3ed37158a2b419b0157aebe6e8ab5a3e9b28ea2b445cb9c8e6da421aace8dc3373d9d1833274457e49b5132f1760f72120f0aa1ef8a1d1debb869daa4a6762cec415fc86e3eb0e2e30ed77436063a642ff8b8acdea919e95a00315c93c48d3e0ab003302c16155c546e8cc19edf34d59252ee996c16159fd816c890b6109d060c8c0ce0a47dd435eb38b9f3814d1b3c6f8ccf26225d35074b99a9bdda4693cc47910c564bd393473fb900e085181877355a8162e3f556a0627a9bb05453cd58b527d9295065cff015ea6ef8c64df82094b374cf7b0ea27db7798dd091773e79401f7877da0b249290d730b6ccaaf719
public exponent: 10001

  Signature Algorithm: SHA256WITHRSA
            Signature: 07fbaf3d274dce3824f88261a81e3f29dfb8dc65
                       fbd5225fea98e3dd72fa21c7a17d118fb100a088
                       13ca80d4c07fd63bca1746916c4655545295d49f
                       f2fab4b300ff1d97ffe439d430931efc04c69ac2
                       3ecd5223a22f531ec26441937de73f069f50f528
                       94312fcc5847f83a3bda6ff0ed8e005f825bf25c
                       b868d75e1e11708c31b97b86cbe92c1c5941ad8c
                       16b6c8853e578fd5ce15a3716866c60da4d4be7c
                       84eae6ed306aaea57634cead8d5c4dedfb7e093a
                       1d4c12392092d1eee24469d62ac7e9d2e5da6f74
                       372accaa11f2e38edaf31d2afdeb4e6c189cf5a1
                       73f1d843af79b4cde789e2bdd491630d60947c07
                       a3b89bc375347e2f2b47045ee7ee33a3
       Extensions: 
                       critical(false) 2.5.29.17 value = Sequence
    Tagged [7] IMPLICIT 
        DER Octet String[4] 
    Tagged [2] IMPLICIT 
        DER Octet String[64] 

                       critical(true) BasicConstraints: isCa(true)
                       critical(true) KeyUsage: 0xbe
 from file: /tmp/junit3244255807813134247/junit7623464618106485715/scm-meta/om/certs/CA-2655883779639.crt.
2023-09-14 12:54:20,366 [Time-limited test] INFO  om.OzoneManager (OzoneManager.java:initializeSecurity(1411)) - Successfully stored SCM signed certificate.
2023-09-14 12:54:20,367 [Time-limited test] INFO  ha.OMHANodeDetails (OMHANodeDetails.java:loadOMHAConfig(115)) - ozone.om.internal.service.id is not defined, falling back to ozone.om.service.ids to find serviceID for OzoneManager if it is HA enabled cluster
2023-09-14 12:54:20,368 [Time-limited test] INFO  ha.OMHANodeDetails (OMHANodeDetails.java:loadOMHAConfig(226)) - Configuration does not have ozone.om.address set. Falling back to the default OM address fv-az187-373.4biwkquksivelc4kanrnlgeoof.gx.internal.cloudapp.net/10.1.0.236:1202
2023-09-14 12:54:20,368 [Time-limited test] INFO  ha.OMHANodeDetails (OMHANodeDetails.java:getOMNodeDetailsForNonHA(254)) - OM Service ID is not set. Setting it to the default ID: omServiceIdDefault
2023-09-14 12:54:20,368 [Time-limited test] INFO  ha.OMHANodeDetails (OMHANodeDetails.java:getOMNodeDetailsForNonHA(261)) - OM Node ID is not set. Setting it to the default ID: om1
2023-09-14 12:54:20,368 [Time-limited test] WARN  server.ServerUtils (ServerUtils.java:getDBPath(311)) - ozone.om.db.dirs is not configured. We recommend adding this setting. Falling back to ozone.metadata.dirs instead.
2023-09-14 12:54:20,369 [Time-limited test] INFO  upgrade.AbstractLayoutVersionManager (AbstractLayoutVersionManager.java:init(83)) - Initializing Layout version manager with metadata layout = QUOTA (version = 6), software layout = QUOTA (version = 6)
2023-09-14 12:54:20,464 [Time-limited test] INFO  reflections.Reflections (Reflections.java:scan(232)) - Reflections took 94 ms to scan 2 urls, producing 187 keys and 515 values [using 2 cores]
2023-09-14 12:54:20,465 [Time-limited test] INFO  upgrade.OMLayoutVersionManager (OMLayoutVersionManager.java:lambda$0(115)) - Skipping Upgrade Action QuotaRepairUpgradeAction since it has been finalized.
2023-09-14 12:54:20,465 [Time-limited test] INFO  upgrade.OMLayoutVersionManager (OMLayoutVersionManager.java:lambda$0(115)) - Skipping Upgrade Action MockOmUpgradeAction since it has been finalized.
2023-09-14 12:54:20,468 [pool-201-thread-2] INFO  request.KdcRequest (KdcRequest.java:preauth(651)) - The preauth data is empty.
2023-09-14 12:54:20,469 [pool-201-thread-2] INFO  server.KdcHandler (KdcHandler.java:handleRecoverableException(177)) - KRB error occurred while processing request:Additional pre-authentication required
2023-09-14 12:54:20,475 [pool-201-thread-2] INFO  request.AsRequest (AsRequest.java:issueTicket(112)) - AS_REQ ISSUE: authtime 1694696060475,om/fv-az187-373.4biwkquksivelc4kanrnlgeoof.gx.internal.cloudapp.net@EXAMPLE.COM for krbtgt/EXAMPLE.COM@EXAMPLE.COM
2023-09-14 12:54:20,476 [Time-limited test] INFO  security.UserGroupInformation (UserGroupInformation.java:loginUserFromKeytab(1132)) - Login successful for user om/fv-az187-373.4biwkquksivelc4kanrnlgeoof.gx.internal.cloudapp.net@EXAMPLE.COM using keytab file om.keytab. Keytab auto renewal enabled : false
2023-09-14 12:54:20,477 [Time-limited test] INFO  om.OzoneManager (OzoneManager.java:loginOMUser(1164)) - Ozone Manager login successful.
2023-09-14 12:54:20,477 [Time-limited test] WARN  server.ServerUtils (ServerUtils.java:getDBPath(311)) - ozone.om.db.dirs is not configured. We recommend adding this setting. Falling back to ozone.metadata.dirs instead.
2023-09-14 12:54:20,478 [Time-limited test] INFO  proxy.SCMBlockLocationFailoverProxyProvider (SCMBlockLocationFailoverProxyProvider.java:<init>(114)) - Created block location fail-over proxy with 1 nodes: [nodeId=scmNodeId,nodeAddress=/0.0.0.0:9863]
2023-09-14 12:54:20,480 [Time-limited test] INFO  om.OzoneManager (OzoneManager.java:getOmDetailsProto(4573)) - OzoneManager ports added:[name: "RPC"
value: 1202
]
2023-09-14 12:54:20,481 [Time-limited test] INFO  security.OMCertificateClient (DefaultCertificateClient.java:updateCertSerialId(1244)) - Certificate serial ID set to 2656588982364
2023-09-14 12:54:20,482 [Time-limited test] INFO  security.OMCertificateClient (DefaultCertificateClient.java:readCertificateFile(237)) - Added certificate   [0]         Version: 3
         SerialNumber: 1
             IssuerDN: CN=scm-1@fv-az187-373,OU=303f671e-4662-4c2c-9e53-7b6f3e0bbfc6,O=1f5f432d-4cdd-485f-9c0d-4c2896e2ddf2
           Start Date: Thu Sep 14 12:54:19 UTC 2023
           Final Date: Sun Oct 22 12:54:19 UTC 2028
            SubjectDN: CN=scm-1@fv-az187-373,OU=303f671e-4662-4c2c-9e53-7b6f3e0bbfc6,O=1f5f432d-4cdd-485f-9c0d-4c2896e2ddf2
           Public Key: RSA Public Key [e5:4b:79:b8:8b:e5:82:ff:cc:00:d6:96:44:cd:db:1d:f0:60:e7:be],[56:66:d1:a4]
        modulus: c2d9b34621e3ba393ecd313b2ce09e3de97071f9c3b6949adf3c7d63f61ae4aabee24d4df89c94a9228075124089760b0e7e7de3181806ea787322e4fd9687d10e83f0bbaaecd24804967edd610cddc8dce1acc009f75e299ef970425c9357a893d573b98b5fbbac3be6b7f9fa55df9a3ab54d66e229b49667df477d51f9e851da3fd3bb58a559e81af50c534c0544739a77be4ce1ab598209353d3c38f61d390150c10b78cd88cf6e9bca297a6def47d8c2d98c45996e1c73af714734ba73041f4308223a2a5036d08d8daf33e5e1d5e0211141eb01f9c1aeff05f933f40b0e9edad8fb255fef9cb24c83546bb1f5d24fe66383836eff3a4367798365bc091d
public exponent: 10001

  Signature Algorithm: SHA256WITHRSA
            Signature: 3103c9d1d8caa810c3e2c65fda9899ac44441cd2
                       eccdd03d802427c630d01aea54f982d7981c4755
                       6f41d5b213e788523db1ea9774b4d5c8e31c026a
                       603ab15e18e864bd641773afedb73e0277d1fe20
                       11c34703f59fc704446b38a2542d0a341bed1cc0
                       68cd32728cd7f0b5ff7ad58fc959f18d95e68192
                       5da79bc00a5bce013d9b348419430de2b8e53985
                       e9b81161158b3f83462764196e566cb5e5c59694
                       f684305932d2e099d4d5b383e8caed9ec6d3dffe
                       3ba6ec741d62099cf495c6d01f143384062bb844
                       bc1d5f39acc99a67b17da2650b0d03612934250a
                       d2667250a942b397bb2dbed8f8099c550c9f4c31
                       9846be8ffd8b26392111e0e60ec51044
       Extensions: 
                       critical(true) BasicConstraints: isCa(true)
                       critical(true) KeyUsage: 0x6
                       critical(false) 2.5.29.17 value = Sequence
    Tagged [7] IMPLICIT 
        DER Octet String[4] 
    Tagged [2] IMPLICIT 
        DER Octet String[64] 

 from file: /tmp/junit3244255807813134247/junit7623464618106485715/scm-meta/om/certs/ROOTCA-1.crt.
2023-09-14 12:54:20,485 [Time-limited test] INFO  security.OMCertificateClient (DefaultCertificateClient.java:readCertificateFile(237)) - Added certificate   [0]         Version: 3
         SerialNumber: 2656588982364
             IssuerDN: CN=scm-sub-2655880105862@fv-az187-373,OU=303f671e-4662-4c2c-9e53-7b6f3e0bbfc6,O=1f5f432d-4cdd-485f-9c0d-4c2896e2ddf2
           Start Date: Thu Sep 14 12:54:20 UTC 2023
           Final Date: Fri Sep 13 12:54:20 UTC 2024
            SubjectDN: CN=scm@fv-az187-373.4biwkquksivelc4kanrnlgeoof.gx.internal.cloudapp.net,OU=303f671e-4662-4c2c-9e53-7b6f3e0bbfc6,O=1f5f432d-4cdd-485f-9c0d-4c2896e2ddf2
           Public Key: RSA Public Key [2b:aa:78:9e:7b:3b:5e:9e:4c:32:83:ab:7a:26:c5:dc:69:fa:15:61],[56:66:d1:a4]
        modulus: 9bf2c593a8a7f0d95d74be67974e071233d786e2b6f76d80d82b7f5d27b30441cb403f71c46db84b877a764f4f73331a74b2e7ba981cbb9f11b79b451c044184efe32917a212c4d8ec2cf7d149a423b8e6881a5cd670134bb83af56fa1a18db2117441b6dd9e4cae9136db903138a82b37b81d66336c24a3690d61706fef4bd1d95785c7a25c02311aeb762427807ac806f25f0afcfdba9113c6a16fe5bc9463be9414feeb25d30f62bbba685714543d06bf8f965711f8f333f0c3b36f1fb731d65b894a65e1abcd9b7bb2b12b8de0203d2321d8da420e6263cbd26846e969cda5de8728242ad362f441143844bf8c90686b5d82c57b74af01fdec201cae2d77
public exponent: 10001

  Signature Algorithm: SHA256WITHRSA
            Signature: 3b40bb9dfb2efc9927da6d99bae6215b68d88f4c
                       9fa46dffeb087e7c8d287d2b25c095ecceb4d528
                       607cc5547f9685ceee23b584c175dfb52afe35f0
                       5f48392c2811b96ec4d53c91442eb917c16537cf
                       e4c4edb7c159b655b80dc421dbd9ba0bd4d6812b
                       c63f48bbb778cf335f7cd3591c5bc6a37930b7ed
                       937b3fb29c024fe0db8193d232ac30946045d54e
                       8bb0863bfaaa9b11efbe2010d11bcaf56b6f4754
                       8b2d2dbcae8f091f7231cb258a787147925487a3
                       b6a98218ee7ebe17d289bb6d6c746a020fb7b4dd
                       18902fa4e090876e6480625240a19909bc0b35dd
                       9e81241f894d064e98a71c244b5ea66ebd536af4
                       24e3ff992f39b6f6345ecdd078c7778b
       Extensions: 
                       critical(false) 2.5.29.17 value = Sequence
    Tagged [7] IMPLICIT 
        DER Octet String[4] 
    Tagged [2] IMPLICIT 
        DER Octet String[64] 

                       critical(true) KeyUsage: 0xb8
 from file: /tmp/junit3244255807813134247/junit7623464618106485715/scm-meta/om/certs/2656588982364.crt.
2023-09-14 12:54:20,488 [Time-limited test] INFO  security.OMCertificateClient (DefaultCertificateClient.java:readCertificateFile(237)) - Added certificate   [0]         Version: 3
         SerialNumber: 2655883779639
             IssuerDN: CN=scm-1@fv-az187-373,OU=303f671e-4662-4c2c-9e53-7b6f3e0bbfc6,O=1f5f432d-4cdd-485f-9c0d-4c2896e2ddf2
           Start Date: Thu Sep 14 12:54:19 UTC 2023
           Final Date: Sun Oct 22 12:54:19 UTC 2028
            SubjectDN: CN=scm-sub-2655880105862@fv-az187-373,OU=303f671e-4662-4c2c-9e53-7b6f3e0bbfc6,O=1f5f432d-4cdd-485f-9c0d-4c2896e2ddf2
           Public Key: RSA Public Key [b6:22:18:07:f2:43:93:7c:2d:de:ff:fc:5d:32:55:f4:a5:02:32:4a],[56:66:d1:a4]
        modulus: ad833c42a4e0c79b874d49fc9be62ea8a3ed37158a2b419b0157aebe6e8ab5a3e9b28ea2b445cb9c8e6da421aace8dc3373d9d1833274457e49b5132f1760f72120f0aa1ef8a1d1debb869daa4a6762cec415fc86e3eb0e2e30ed77436063a642ff8b8acdea919e95a00315c93c48d3e0ab003302c16155c546e8cc19edf34d59252ee996c16159fd816c890b6109d060c8c0ce0a47dd435eb38b9f3814d1b3c6f8ccf26225d35074b99a9bdda4693cc47910c564bd393473fb900e085181877355a8162e3f556a0627a9bb05453cd58b527d9295065cff015ea6ef8c64df82094b374cf7b0ea27db7798dd091773e79401f7877da0b249290d730b6ccaaf719
public exponent: 10001

  Signature Algorithm: SHA256WITHRSA
            Signature: 07fbaf3d274dce3824f88261a81e3f29dfb8dc65
                       fbd5225fea98e3dd72fa21c7a17d118fb100a088
                       13ca80d4c07fd63bca1746916c4655545295d49f
                       f2fab4b300ff1d97ffe439d430931efc04c69ac2
                       3ecd5223a22f531ec26441937de73f069f50f528
                       94312fcc5847f83a3bda6ff0ed8e005f825bf25c
                       b868d75e1e11708c31b97b86cbe92c1c5941ad8c
                       16b6c8853e578fd5ce15a3716866c60da4d4be7c
                       84eae6ed306aaea57634cead8d5c4dedfb7e093a
                       1d4c12392092d1eee24469d62ac7e9d2e5da6f74
                       372accaa11f2e38edaf31d2afdeb4e6c189cf5a1
                       73f1d843af79b4cde789e2bdd491630d60947c07
                       a3b89bc375347e2f2b47045ee7ee33a3
       Extensions: 
                       critical(false) 2.5.29.17 value = Sequence
    Tagged [7] IMPLICIT 
        DER Octet String[4] 
    Tagged [2] IMPLICIT 
        DER Octet String[64] 

                       critical(true) BasicConstraints: isCa(true)
                       critical(true) KeyUsage: 0xbe
 from file: /tmp/junit3244255807813134247/junit7623464618106485715/scm-meta/om/certs/CA-2655883779639.crt.
2023-09-14 12:54:20,491 [Time-limited test] INFO  security.OMCertificateClient (DefaultCertificateClient.java:startCertificateRenewerService(1349)) - CertificateRenewerService for om is started with first delay 31535989511 ms and interval 3333 ms.
2023-09-14 12:54:20,493 [Time-limited test] INFO  om.OzoneManager (OzoneManager.java:<init>(665)) - OM start with adminUsers: [om/fv-az187-373.4biwkquksivelc4kanrnlgeoof.gx.internal.cloudapp.net@EXAMPLE.COM, om]
2023-09-14 12:54:20,494 [Time-limited test] WARN  server.ServerUtils (ServerUtils.java:getDBPath(311)) - ozone.om.db.dirs is not configured. We recommend adding this setting. Falling back to ozone.metadata.dirs instead.
2023-09-14 12:54:20,495 [Time-limited test] INFO  helpers.OmKeyInfo (OmKeyInfo.java:getCodec(71)) - OmKeyInfo.getCodec ignorePipeline = true
2023-09-14 12:54:20,669 [Time-limited test] INFO  om.OzoneManager (OzoneManager.java:instantiateServices(794)) - S3 Multi-Tenancy is disabled
2023-09-14 12:54:20,669 [Time-limited test] INFO  security.OzoneSecretStore (OzoneSecretStore.java:loadState(69)) - Loaded 0 tokens
2023-09-14 12:54:20,670 [Time-limited test] INFO  security.OzoneDelegationTokenSecretManager (OzoneDelegationTokenSecretManager.java:loadTokenSecretState(530)) - Loading token state into token manager.
2023-09-14 12:54:20,672 [Time-limited test] INFO  om.OmSnapshotManager (OmSnapshotManager.java:<init>(174)) - Ozone filesystem snapshot feature is enabled.
2023-09-14 12:54:20,673 [Time-limited test] WARN  server.ServerUtils (ServerUtils.java:getDBPath(311)) - ozone.om.snapshot.diff.db.dir is not configured. We recommend adding this setting. Falling back to ozone.metadata.dirs instead.
2023-09-14 12:54:20,696 [Time-limited test] INFO  snapshot.SnapshotDiffManager (SnapshotDiffManager.java:closeExecutorService(1706)) - Shutting down executorService: 'SstDumpToolExecutor'
2023-09-14 12:54:20,723 [Time-limited test] INFO  om.OzoneManager (OzoneManager.java:addS3GVolumeToDB(4305)) - Created Volume s3v With Owner om required for S3Gateway operations.
2023-09-14 12:54:20,723 [Time-limited test] WARN  server.ServerUtils (ServerUtils.java:getDefaultRatisDirectory(323)) - Storage directory for Ratis is not configured. It is a good idea to map this to an SSD disk. Falling back to ozone.metadata.dirs
2023-09-14 12:54:20,724 [Time-limited test] WARN  utils.OzoneManagerRatisUtils (OzoneManagerRatisUtils.java:getOMRatisSnapshotDirectory(464)) - ozone.om.ratis.snapshot.dir is not configured. Falling back to ozone.metadata.dirs config
2023-09-14 12:54:20,729 [Time-limited test] WARN  server.ServerUtils (ServerUtils.java:getDefaultRatisDirectory(323)) - Storage directory for Ratis is not configured. It is a good idea to map this to an SSD disk. Falling back to ozone.metadata.dirs
2023-09-14 12:54:20,730 [Time-limited test] INFO  ratis.OzoneManagerRatisServer (OzoneManagerRatisServer.java:<init>(163)) - Instantiating OM Ratis server with groupID: omServiceIdDefault and peers: fv-az187-373.4biwkquksivelc4kanrnlgeoof.gx.internal.cloudapp.net:9872
2023-09-14 12:54:20,731 [Time-limited test] INFO  ratis.OzoneManagerStateMachine (OzoneManagerStateMachine.java:loadSnapshotInfoFromDB(687)) - LastAppliedIndex is set from TransactionInfo from OM DB as (t:0, i:~)
2023-09-14 12:54:20,734 [Time-limited test] INFO  server.RaftServer (ConfUtils.java:logGet(46)) - raft.rpc.type = GRPC (default)
2023-09-14 12:54:20,742 [Time-limited test] INFO  grpc.GrpcConfigKeys (ConfUtils.java:logFallback(53)) - raft.grpc.admin.host = null (fallback to raft.grpc.server.host)
2023-09-14 12:54:20,743 [Time-limited test] INFO  grpc.GrpcConfigKeys (ConfUtils.java:logFallback(53)) - raft.grpc.admin.port = 9872 (fallback to raft.grpc.server.port)
2023-09-14 12:54:20,743 [Time-limited test] INFO  grpc.GrpcConfigKeys (ConfUtils.java:logFallback(53)) - raft.grpc.client.host = null (fallback to raft.grpc.server.host)
2023-09-14 12:54:20,743 [Time-limited test] INFO  grpc.GrpcConfigKeys (ConfUtils.java:logFallback(53)) - raft.grpc.client.port = 9872 (fallback to raft.grpc.server.port)
2023-09-14 12:54:20,743 [Time-limited test] INFO  grpc.GrpcConfigKeys (ConfUtils.java:logGet(46)) - raft.grpc.server.host = null (default)
2023-09-14 12:54:20,743 [Time-limited test] INFO  grpc.GrpcConfigKeys (ConfUtils.java:logGet(46)) - raft.grpc.server.port = 9872 (custom)
2023-09-14 12:54:20,743 [Time-limited test] INFO  server.GrpcService (ConfUtils.java:logGet(46)) - raft.grpc.message.size.max = 33554432 (custom)
2023-09-14 12:54:20,744 [Time-limited test] INFO  server.RaftServerConfigKeys (ConfUtils.java:logGet(46)) - raft.server.log.appender.buffer.byte-limit = 33554432 (custom)
2023-09-14 12:54:20,744 [Time-limited test] INFO  server.GrpcService (ConfUtils.java:logGet(46)) - raft.grpc.flow.control.window = 1MB (=1048576) (default)
2023-09-14 12:54:20,744 [Time-limited test] INFO  server.RaftServerConfigKeys (ConfUtils.java:logGet(46)) - raft.server.rpc.request.timeout = 3000ms (default)
2023-09-14 12:54:20,744 [Time-limited test] INFO  grpc.GrpcConfigKeys (ConfUtils.java:logGet(46)) - raft.grpc.server.heartbeat.channel = true (default)
2023-09-14 12:54:20,744 [Time-limited test] INFO  grpc.GrpcConfigKeys (ConfUtils.java:logGet(46)) - raft.grpc.server.async.request.thread.pool.cached = true (default)
2023-09-14 12:54:20,744 [Time-limited test] INFO  grpc.GrpcConfigKeys (ConfUtils.java:logGet(46)) - raft.grpc.server.async.request.thread.pool.size = 32 (default)
2023-09-14 12:54:20,746 [Time-limited test] INFO  impl.DataStreamServerImpl (ConfUtils.java:logGet(46)) - raft.datastream.type = DISABLED (default)
2023-09-14 12:54:20,747 [Time-limited test] INFO  server.RaftServerConfigKeys (ConfUtils.java:logGet(46)) - raft.server.threadpool.proxy.cached = true (default)
2023-09-14 12:54:20,747 [Time-limited test] INFO  server.RaftServerConfigKeys (ConfUtils.java:logGet(46)) - raft.server.threadpool.proxy.size = 0 (default)
2023-09-14 12:54:20,748 [Time-limited test] INFO  server.RaftServerConfigKeys (ConfUtils.java:logGet(46)) - raft.server.rpc.slowness.timeout = 120s (custom)
2023-09-14 12:54:20,748 [Time-limited test] INFO  server.RaftServerConfigKeys (ConfUtils.java:logGet(46)) - raft.server.leaderelection.leader.step-down.wait-time = 10s (default)
2023-09-14 12:54:20,748 [Time-limited test] INFO  server.RaftServerConfigKeys (ConfUtils.java:logGet(46)) - raft.server.storage.dir = [/tmp/junit3244255807813134247/junit7623464618106485715/scm-meta/ratis] (custom)
2023-09-14 12:54:20,755 [Time-limited test] INFO  server.RaftServer (RaftServerProxy.java:addNew(98)) - om1: addNew group-C5BA1605619E:[om1|rpc:fv-az187-373.4biwkquksivelc4kanrnlgeoof.gx.internal.cloudapp.net:9872|priority:0|startupRole:FOLLOWER] returns group-C5BA1605619E:java.util.concurrent.CompletableFuture@45468c47[Not completed]
2023-09-14 12:54:20,755 [Time-limited test] INFO  om.OzoneManager (OzoneManager.java:initializeRatisServer(2148)) - OzoneManager Ratis server initialized at port 9872
2023-09-14 12:54:20,755 [Time-limited test] INFO  om.OzoneManager (OzoneManager.java:getRpcServer(1196)) - Creating RPC Server
2023-09-14 12:54:20,761 [om1-groupManagement] INFO  server.RaftServer$Division (RaftServerImpl.java:<init>(198)) - om1: new RaftServerImpl for group-C5BA1605619E:[om1|rpc:fv-az187-373.4biwkquksivelc4kanrnlgeoof.gx.internal.cloudapp.net:9872|priority:0|startupRole:FOLLOWER] with OzoneManagerStateMachine:uninitialized
2023-09-14 12:54:20,765 [om1-groupManagement] INFO  server.RaftServerConfigKeys (ConfUtils.java:logGet(46)) - raft.server.rpc.timeout.min = 5s (custom)
2023-09-14 12:54:20,765 [om1-groupManagement] INFO  server.RaftServerConfigKeys (ConfUtils.java:logGet(46)) - raft.server.rpc.timeout.max = 5200ms (custom)
2023-09-14 12:54:20,765 [om1-groupManagement] INFO  server.RaftServerConfigKeys (ConfUtils.java:logGet(46)) - raft.server.rpc.sleep.time = 25ms (default)
2023-09-14 12:54:20,766 [om1-groupManagement] INFO  server.RaftServerConfigKeys (ConfUtils.java:logGet(46)) - raft.server.rpc.slowness.timeout = 120s (custom)
2023-09-14 12:54:20,766 [om1-groupManagement] INFO  server.RaftServerConfigKeys (ConfUtils.java:logGet(46)) - raft.server.leaderelection.leader.step-down.wait-time = 10s (default)
2023-09-14 12:54:20,766 [om1-groupManagement] INFO  server.RaftServerConfigKeys (ConfUtils.java:logGet(46)) - raft.server.sleep.deviation.threshold = 300ms (default)
2023-09-14 12:54:20,767 [om1-groupManagement] INFO  server.RaftServer$Division (ServerState.java:<init>(120)) - om1@group-C5BA1605619E: ConfigurationManager, init=-1: peers:[om1|rpc:fv-az187-373.4biwkquksivelc4kanrnlgeoof.gx.internal.cloudapp.net:9872|priority:0|startupRole:FOLLOWER]|listeners:[], old=null, confs=<EMPTY_MAP>
2023-09-14 12:54:20,767 [om1-groupManagement] INFO  server.RaftServerConfigKeys (ConfUtils.java:logGet(46)) - raft.server.storage.dir = [/tmp/junit3244255807813134247/junit7623464618106485715/scm-meta/ratis] (custom)
2023-09-14 12:54:20,767 [om1-groupManagement] INFO  server.RaftServerConfigKeys (ConfUtils.java:logGet(46)) - raft.server.log.corruption.policy = EXCEPTION (default)
2023-09-14 12:54:20,767 [om1-groupManagement] INFO  server.RaftServerConfigKeys (ConfUtils.java:logGet(46)) - raft.server.storage.free-space.min = 0MB (=0) (default)
2023-09-14 12:54:20,767 [om1-groupManagement] INFO  server.RaftServerConfigKeys (ConfUtils.java:logGet(46)) - raft.server.notification.no-leader.timeout = 120s (custom)
2023-09-14 12:54:20,767 [om1-groupManagement] INFO  server.RaftServerConfigKeys (ConfUtils.java:logGet(46)) - raft.server.read.timeout = 10s (default)
2023-09-14 12:54:20,767 [om1-groupManagement] INFO  server.RaftServerConfigKeys (ConfUtils.java:logGet(46)) - raft.server.retrycache.expirytime = 300s (custom)
2023-09-14 12:54:20,767 [om1-groupManagement] INFO  server.RaftServerConfigKeys (ConfUtils.java:logGet(46)) - raft.server.retrycache.statistics.expirytime = 100μs (default)
2023-09-14 12:54:20,767 [om1-groupManagement] INFO  server.RaftServerConfigKeys (ConfUtils.java:logGet(46)) - raft.server.read.option = DEFAULT (default)
2023-09-14 12:54:20,768 [om1-groupManagement] INFO  server.RaftServerConfigKeys (ConfUtils.java:logGet(46)) - raft.server.rpc.request.timeout = 3000ms (default)
2023-09-14 12:54:20,768 [om1-groupManagement] INFO  server.RaftServerConfigKeys (ConfUtils.java:logGet(46)) - raft.server.log.appender.install.snapshot.enabled = false (custom)
2023-09-14 12:54:20,768 [om1-groupManagement] INFO  server.RaftServerConfigKeys (ConfUtils.java:logGet(46)) - raft.server.threadpool.server.cached = true (default)
2023-09-14 12:54:20,768 [om1-groupManagement] INFO  server.RaftServerConfigKeys (ConfUtils.java:logGet(46)) - raft.server.threadpool.server.size = 0 (default)
2023-09-14 12:54:20,768 [om1-groupManagement] INFO  server.RaftServerConfigKeys (ConfUtils.java:logGet(46)) - raft.server.threadpool.client.cached = true (default)
2023-09-14 12:54:20,768 [om1-groupManagement] INFO  server.RaftServerConfigKeys (ConfUtils.java:logGet(46)) - raft.server.threadpool.client.size = 0 (default)
2023-09-14 12:54:21,285 [Time-limited test] INFO  reflections.Reflections (Reflections.java:scan(232)) - Reflections took 528 ms to scan 20 urls, producing 70 keys and 6001 values [using 2 cores]
2023-09-14 12:54:21,286 [Time-limited test] INFO  ipc.CallQueueManager (CallQueueManager.java:<init>(90)) - Using callQueue: class java.util.concurrent.LinkedBlockingQueue, queueCapacity: 10000, scheduler: class org.apache.hadoop.ipc.DefaultRpcScheduler, ipcBackoff: false.
2023-09-14 12:54:21,289 [Time-limited test] INFO  ipc.Server (Server.java:<init>(1287)) - Listener at fv-az187-373.4biwkquksivelc4kanrnlgeoof.gx.internal.cloudapp.net:1202
2023-09-14 12:54:21,293 [Socket Reader #1 for port 1202] INFO  ipc.Server (Server.java:run(1323)) - Starting Socket Reader #1 for port 1202
2023-09-14 12:54:21,328 [Time-limited test] INFO  server.StorageContainerManager (StorageContainerManager.java:stop(1591)) - Container Balancer is not running.
2023-09-14 12:54:21,328 [Time-limited test] INFO  server.StorageContainerManager (StorageContainerManager.java:stopReplicationManager(1724)) - Stopping Replication Manager Service.
2023-09-14 12:54:21,328 [Time-limited test] INFO  replication.ReplicationManager (ReplicationManager.java:stop(323)) - Stopping Replication Monitor Thread.
2023-09-14 12:54:21,328 [Under Replicated Processor] WARN  replication.UnhealthyReplicationProcessor (UnhealthyReplicationProcessor.java:run(180)) - Under Replicated Processor interrupted. Exiting...
2023-09-14 12:54:21,328 [Over Replicated Processor] WARN  replication.UnhealthyReplicationProcessor (UnhealthyReplicationProcessor.java:run(180)) - Over Replicated Processor interrupted. Exiting...
2023-09-14 12:54:21,328 [ReplicationMonitor] INFO  replication.ReplicationManager (ReplicationManager.java:run(921)) - Replication Monitor Thread is stopped
2023-09-14 12:54:21,329 [Time-limited test] INFO  server.StorageContainerManager (StorageContainerManager.java:stop(1600)) - Stopping the Datanode Admin Monitor.
2023-09-14 12:54:21,329 [Time-limited test] INFO  server.StorageContainerManager (StorageContainerManager.java:stop(1607)) - Stopping datanode service RPC server
2023-09-14 12:54:21,329 [Time-limited test] INFO  server.SCMDatanodeProtocolServer (SCMDatanodeProtocolServer.java:stop(424)) - Stopping the RPC server for DataNodes
2023-09-14 12:54:21,329 [Time-limited test] INFO  ipc.Server (Server.java:stop(3523)) - Stopping server on 9861
2023-09-14 12:54:21,337 [IPC Server listener on 9861] INFO  ipc.Server (Server.java:run(1434)) - Stopping IPC Server listener on 9861
2023-09-14 12:54:21,341 [IPC Server Responder] INFO  ipc.Server (Server.java:run(1567)) - Stopping IPC Server Responder
2023-09-14 12:54:22,798 [SCM Heartbeat Processing Thread - 0] WARN  node.NodeStateManager (NodeStateManager.java:scheduleNextHealthCheck(874)) - Current Thread is interrupted, shutting down HB processing thread for Node Manager.
2023-09-14 12:54:22,799 [Time-limited test] INFO  server.StorageContainerManager (StorageContainerManager.java:stop(1615)) - Stopping block service RPC server
2023-09-14 12:54:22,799 [Time-limited test] INFO  server.SCMBlockProtocolServer (SCMBlockProtocolServer.java:stop(163)) - Stopping the RPC server for Block Protocol
2023-09-14 12:54:22,799 [Time-limited test] INFO  ipc.Server (Server.java:stop(3523)) - Stopping server on 9863
2023-09-14 12:54:22,802 [IPC Server Responder] INFO  ipc.Server (Server.java:run(1567)) - Stopping IPC Server Responder
2023-09-14 12:54:22,802 [IPC Server listener on 9863] INFO  ipc.Server (Server.java:run(1434)) - Stopping IPC Server listener on 9863
2023-09-14 12:54:22,802 [Time-limited test] INFO  server.StorageContainerManager (StorageContainerManager.java:stop(1622)) - Stopping the StorageContainerLocationProtocol RPC server
2023-09-14 12:54:22,802 [Time-limited test] INFO  server.SCMClientProtocolServer (SCMClientProtocolServer.java:stop(210)) - Stopping the RPC server for Client Protocol
2023-09-14 12:54:22,802 [Time-limited test] INFO  ipc.Server (Server.java:stop(3523)) - Stopping server on 9860
2023-09-14 12:54:22,815 [IPC Server listener on 9860] INFO  ipc.Server (Server.java:run(1434)) - Stopping IPC Server listener on 9860
2023-09-14 12:54:22,815 [Time-limited test] INFO  server.StorageContainerManager (StorageContainerManager.java:stop(1629)) - Stopping Storage Container Manager HTTP server.
2023-09-14 12:54:22,816 [IPC Server Responder] INFO  ipc.Server (Server.java:run(1567)) - Stopping IPC Server Responder
2023-09-14 12:54:22,816 [Time-limited test] INFO  handler.ContextHandler (ContextHandler.java:doStop(1159)) - Stopped o.e.j.w.WebAppContext@6b13ec92{scm,/,null,STOPPED}{file:/home/runner/work/ozone/ozone/hadoop-ozone/integration-test/target/test-classes/webapps/scm}
2023-09-14 12:54:22,817 [Time-limited test] INFO  server.AbstractConnector (AbstractConnector.java:doStop(383)) - Stopped ServerConnector@4cf83e4b{HTTP/1.1, (http/1.1)}{0.0.0.0:9876}
2023-09-14 12:54:22,817 [Time-limited test] INFO  server.session (HouseKeeper.java:stopScavenging(149)) - node0 Stopped scavenging
2023-09-14 12:54:22,817 [Time-limited test] INFO  handler.ContextHandler (ContextHandler.java:doStop(1159)) - Stopped o.e.j.s.ServletContextHandler@10c1c89a{static,/static,file:///home/runner/work/ozone/ozone/hadoop-ozone/integration-test/target/test-classes/webapps/static,STOPPED}
2023-09-14 12:54:22,818 [Time-limited test] INFO  handler.ContextHandler (ContextHandler.java:doStop(1159)) - Stopped o.e.j.s.ServletContextHandler@3928eca0{logs,/logs,file:///home/runner/work/ozone/ozone/hadoop-ozone/integration-test/target/log,STOPPED}
2023-09-14 12:54:22,820 [Time-limited test] INFO  server.StorageContainerManager (StorageContainerManager.java:stop(1637)) - Stopping SCM LayoutVersionManager Service.
2023-09-14 12:54:22,821 [Time-limited test] INFO  server.SCMSecurityProtocolServer (SCMSecurityProtocolServer.java:stop(550)) - Stopping the SCMSecurityProtocolServer.
2023-09-14 12:54:22,821 [Time-limited test] INFO  ipc.Server (Server.java:stop(3523)) - Stopping server on 9961
2023-09-14 12:54:22,821 [IPC Server listener on 9961] INFO  ipc.Server (Server.java:run(1434)) - Stopping IPC Server listener on 9961
2023-09-14 12:54:22,822 [Time-limited test] INFO  server.SCMUpdateServiceGrpcServer (SCMUpdateServiceGrpcServer.java:stop(73)) - SCMUpdateService stopping
2023-09-14 12:54:22,822 [IPC Server Responder] INFO  ipc.Server (Server.java:run(1567)) - Stopping IPC Server Responder
2023-09-14 12:54:22,823 [Time-limited test] INFO  server.SCMUpdateServiceGrpcServer (SCMUpdateServiceGrpcServer.java:stop(85)) - SCMUpdateService stopped!
2023-09-14 12:54:22,823 [Time-limited test] INFO  server.StorageContainerManager (StorageContainerManager.java:stop(1649)) - Stopping Block Manager Service.
2023-09-14 12:54:22,823 [Time-limited test] INFO  utils.BackgroundService (BackgroundService.java:shutdown(141)) - Shutting down service SCMBlockDeletingService
2023-09-14 12:54:22,823 [Time-limited test] INFO  utils.BackgroundService (BackgroundService.java:shutdown(141)) - Shutting down service SCMBlockDeletingService
2023-09-14 12:54:22,824 [Time-limited test] INFO  server.StorageContainerManager (StorageContainerManager.java:stop(1669)) - Stopping SCM Event Queue.
2023-09-14 12:54:22,824 [JvmPauseMonitor3] INFO  util.JvmPauseMonitor (JvmPauseMonitor.java:run(109)) - JvmPauseMonitor-303f671e-4662-4c2c-9e53-7b6f3e0bbfc6: Stopped
2023-09-14 12:54:22,824 [Time-limited test] INFO  server.StorageContainerManager (StorageContainerManager.java:stop(1680)) - Stopping SCM HA services.
2023-09-14 12:54:22,824 [Time-limited test] INFO  pipeline.BackgroundPipelineCreator (BackgroundPipelineCreator.java:stop(149)) - Stopping RatisPipelineUtilsThread.
2023-09-14 12:54:22,824 [RatisPipelineUtilsThread - 0] WARN  pipeline.BackgroundPipelineCreator (BackgroundPipelineCreator.java:run(180)) - RatisPipelineUtilsThread is interrupted.
2023-09-14 12:54:22,824 [Time-limited test] INFO  BackgroundPipelineScrubber (BackgroundSCMService.java:stop(131)) - Stopping BackgroundPipelineScrubber Service.
2023-09-14 12:54:22,824 [BackgroundPipelineScrubberThread] WARN  BackgroundPipelineScrubber (BackgroundSCMService.java:run(115)) - BackgroundPipelineScrubber is interrupted, exit
2023-09-14 12:54:22,825 [Time-limited test] INFO  impl.MetricsSystemImpl (MetricsSystemImpl.java:stop(210)) - Stopping StorageContainerManager metrics system...
2023-09-14 12:54:22,832 [prometheus] INFO  impl.MetricsSinkAdapter (MetricsSinkAdapter.java:publishMetricsFromQueue(141)) - prometheus thread interrupted.
2023-09-14 12:54:22,833 [Time-limited test] INFO  impl.MetricsSystemImpl (MetricsSystemImpl.java:stop(216)) - StorageContainerManager metrics system stopped.
2023-09-14 12:54:22,833 [Time-limited test] WARN  pipeline.BackgroundPipelineCreator (BackgroundPipelineCreator.java:stop(145)) - RatisPipelineUtilsThread is not running, just ignore.
2023-09-14 12:54:22,833 [Time-limited test] INFO  BackgroundPipelineScrubber (BackgroundSCMService.java:stop(126)) - BackgroundPipelineScrubber Service is not running, skip stop.
2023-09-14 12:54:22,833 [Time-limited test] INFO  ExpiredContainerReplicaOpScrubber (BackgroundSCMService.java:stop(131)) - Stopping ExpiredContainerReplicaOpScrubber Service.
2023-09-14 12:54:22,833 [ExpiredContainerReplicaOpScrubberThread] WARN  ExpiredContainerReplicaOpScrubber (BackgroundSCMService.java:run(115)) - ExpiredContainerReplicaOpScrubber is interrupted, exit
2023-09-14 12:54:22,833 [Time-limited test] INFO  utils.BackgroundService (BackgroundService.java:shutdown(141)) - Shutting down service SCMBlockDeletingService
2023-09-14 12:54:22,833 [Time-limited test] INFO  replication.ReplicationManager (ReplicationManager.java:stop(333)) - Replication Monitor Thread is not running.
2023-09-14 12:54:22,833 [Time-limited test] WARN  balancer.ContainerBalancer (ContainerBalancer.java:stop(326)) - Cannot stop Container Balancer because it's not running or stopping
2023-09-14 12:54:22,833 [Lease Manager-LeaseManager#LeaseMonitor] WARN  lease.LeaseManager (LeaseManager.java:run(272)) - Lease manager is interrupted. Shutting down...
java.lang.InterruptedException
	at java.util.concurrent.locks.AbstractQueuedSynchronizer.doAcquireSharedNanos(AbstractQueuedSynchronizer.java:1039)
	at java.util.concurrent.locks.AbstractQueuedSynchronizer.tryAcquireSharedNanos(AbstractQueuedSynchronizer.java:1328)
	at java.util.concurrent.Semaphore.tryAcquire(Semaphore.java:409)
	at org.apache.hadoop.ozone.lease.LeaseManager$LeaseMonitor.run(LeaseManager.java:270)
	at java.lang.Thread.run(Thread.java:750)
2023-09-14 12:54:22,833 [Time-limited test] INFO  server.StorageContainerManager (StorageContainerManager.java:stop(1715)) - Stopping SCM MetadataStore.
2023-09-14 12:54:22,834 [Time-limited test] INFO  om.OzoneManager (OzoneManager.java:stop(2207)) - om1[fv-az187-373.4biwkquksivelc4kanrnlgeoof.gx.internal.cloudapp.net:1202]: Stopping Ozone Manager
2023-09-14 12:54:22,834 [Time-limited test] INFO  ipc.Server (Server.java:stop(3523)) - Stopping server on 1202
2023-09-14 12:54:22,839 [Time-limited test] INFO  ratis.OzoneManagerStateMachine (OzoneManagerStateMachine.java:close(534)) - StateMachine has shutdown. Shutdown OzoneManager if not already shutdown.
2023-09-14 12:54:22,839 [Time-limited test] INFO  ratis.OzoneManagerDoubleBuffer (OzoneManagerDoubleBuffer.java:stopDaemon(551)) - Stopping OMDoubleBuffer flush thread
2023-09-14 12:54:22,839 [OMDoubleBufferFlushThread] INFO  ratis.OzoneManagerDoubleBuffer (OzoneManagerDoubleBuffer.java:canFlush(638)) - OMDoubleBuffer flush thread OMDoubleBufferFlushThread is interrupted and will exit.
2023-09-14 12:54:22,839 [Time-limited test] INFO  om.OzoneManager (OzoneManager.java:stopSecretManager(1066)) - Stopping secret key client.
2023-09-14 12:54:22,839 [Time-limited test] INFO  om.OzoneManager (OzoneManager.java:stopSecretManager(1071)) - Stopping OM delegation token secret manager.
2023-09-14 12:54:22,839 [Time-limited test] INFO  rocksdiff.RocksDBCheckpointDiffer (RocksDBCheckpointDiffer.java:close(343)) - Shutting down CompactionDagPruningService.
2023-09-14 12:54:22,840 [Time-limited test] INFO  snapshot.SnapshotDiffManager (SnapshotDiffManager.java:closeExecutorService(1706)) - Shutting down executorService: 'SnapDiffExecutor'
2023-09-14 12:54:22,840 [Time-limited test] INFO  snapshot.SnapshotDiffManager (SnapshotDiffManager.java:closeExecutorService(1706)) - Shutting down executorService: 'SstDumpToolExecutor'
2023-09-14 12:54:22,840 [Time-limited test] INFO  utils.BackgroundService (BackgroundService.java:shutdown(141)) - Shutting down service SnapshotDiffCleanupService
2023-09-14 12:54:22,842 [Time-limited test] INFO  om.OzoneManager (OzoneManager.java:stop(2207)) - om1[fv-az187-373.4biwkquksivelc4kanrnlgeoof.gx.internal.cloudapp.net:1202]: Stopping Ozone Manager
2023-09-14 12:54:22,842 [Time-limited test] INFO  impl.DefaultInternalKdcServerImpl (DefaultInternalKdcServerImpl.java:doStop(102)) - Default Internal kdc server stopped.
2023-09-14 12:54:23,842 [Time-limited test] INFO  minikdc.MiniKdc (MiniKdc.java:stop(359)) - MiniKdc stopped.
2023-09-14 12:54:23,843 [Time-limited test] INFO  server.StorageContainerManager (StorageContainerManager.java:stop(1580)) - Storage Container Manager is not running.
2023-09-14 12:54:23,843 [Time-limited test] INFO  server.StorageContainerManager (StorageContainerManager.java:stopReplicationManager(1724)) - Stopping Replication Manager Service.
2023-09-14 12:54:23,843 [Time-limited test] INFO  replication.ReplicationManager (ReplicationManager.java:stop(333)) - Replication Monitor Thread is not running.
2023-09-14 12:54:23,843 [Time-limited test] INFO  server.SCMSecurityProtocolServer (SCMSecurityProtocolServer.java:join(560)) - Join RPC server for SCMSecurityProtocolServer.
2023-09-14 12:54:23,843 [Time-limited test] INFO  server.SCMSecurityProtocolServer (SCMSecurityProtocolServer.java:join(562)) - Join gRPC server for SCMSecurityProtocolServer.
2023-09-14 12:54:23,843 [Time-limited test] INFO  om.OzoneManager (OzoneManager.java:stop(2207)) - om1[fv-az187-373.4biwkquksivelc4kanrnlgeoof.gx.internal.cloudapp.net:1202]: Stopping Ozone Manager
]]></system-out>
  </testcase>
  <testcase name="testSecureOmInitializationSuccess" classname="org.apache.hadoop.ozone.TestSecureOzoneCluster" time="4.66">
    <system-out><![CDATA[2023-09-14 12:54:23,881 [Time-limited test] INFO  net.ServerSocketUtil (ServerSocketUtil.java:getPort(55)) - Using port 9860
2023-09-14 12:54:23,881 [Time-limited test] INFO  net.ServerSocketUtil (ServerSocketUtil.java:getPort(55)) - Using port 9861
2023-09-14 12:54:23,881 [Time-limited test] INFO  net.ServerSocketUtil (ServerSocketUtil.java:getPort(55)) - Using port 9863
2023-09-14 12:54:23,881 [Time-limited test] INFO  net.ServerSocketUtil (ServerSocketUtil.java:getPort(55)) - Using port 9961
2023-09-14 12:54:23,881 [Time-limited test] INFO  net.ServerSocketUtil (ServerSocketUtil.java:getPort(55)) - Using port 1200
2023-09-14 12:54:23,881 [Time-limited test] INFO  net.ServerSocketUtil (ServerSocketUtil.java:getPort(55)) - Using port 1201
2023-09-14 12:54:23,881 [Time-limited test] INFO  minikdc.MiniKdc (MiniKdc.java:<init>(225)) - Configuration:
2023-09-14 12:54:23,881 [Time-limited test] INFO  minikdc.MiniKdc (MiniKdc.java:<init>(226)) - ---------------------------------------------------------------
2023-09-14 12:54:23,881 [Time-limited test] INFO  minikdc.MiniKdc (MiniKdc.java:<init>(228)) -   debug: false
2023-09-14 12:54:23,882 [Time-limited test] INFO  minikdc.MiniKdc (MiniKdc.java:<init>(228)) -   transport: TCP
2023-09-14 12:54:23,882 [Time-limited test] INFO  minikdc.MiniKdc (MiniKdc.java:<init>(228)) -   max.ticket.lifetime: 86400000
2023-09-14 12:54:23,882 [Time-limited test] INFO  minikdc.MiniKdc (MiniKdc.java:<init>(228)) -   org.name: EXAMPLE
2023-09-14 12:54:23,882 [Time-limited test] INFO  minikdc.MiniKdc (MiniKdc.java:<init>(228)) -   kdc.port: 0
2023-09-14 12:54:23,882 [Time-limited test] INFO  minikdc.MiniKdc (MiniKdc.java:<init>(228)) -   org.domain: COM
2023-09-14 12:54:23,882 [Time-limited test] INFO  minikdc.MiniKdc (MiniKdc.java:<init>(228)) -   max.renewable.lifetime: 604800000
2023-09-14 12:54:23,882 [Time-limited test] INFO  minikdc.MiniKdc (MiniKdc.java:<init>(228)) -   instance: DefaultKrbServer
2023-09-14 12:54:23,882 [Time-limited test] INFO  minikdc.MiniKdc (MiniKdc.java:<init>(228)) -   kdc.bind.address: localhost
2023-09-14 12:54:23,882 [Time-limited test] INFO  minikdc.MiniKdc (MiniKdc.java:<init>(230)) - ---------------------------------------------------------------
2023-09-14 12:54:23,885 [Time-limited test] INFO  minikdc.MiniKdc (MiniKdc.java:start(285)) - MiniKdc started.
2023-09-14 12:54:24,147 [Time-limited test] INFO  om.OzoneManager (OzoneManager.java:getOmDetailsProto(4573)) - OzoneManager ports added:[name: "RPC"
value: 1202
]
2023-09-14 12:54:24,147 [Time-limited test] WARN  server.ServerUtils (ServerUtils.java:getScmDbDir(155)) - ozone.scm.db.dirs is not configured. We recommend adding this setting. Falling back to ozone.metadata.dirs instead.
2023-09-14 12:54:24,147 [Time-limited test] INFO  ha.HASecurityUtils (HASecurityUtils.java:initializeSecurity(98)) - Initializing secure StorageContainerManager.
2023-09-14 12:54:24,149 [Time-limited test] INFO  client.SCMCertificateClient (DefaultCertificateClient.java:updateCertSerialId(1244)) - Certificate serial ID set to null
2023-09-14 12:54:24,149 [Time-limited test] ERROR client.SCMCertificateClient (DefaultCertificateClient.java:getCertPath(362)) - Default certificate serial id is not set. Can't locate the default certificate for this client.
2023-09-14 12:54:24,149 [Time-limited test] INFO  client.SCMCertificateClient (DefaultCertificateClient.java:init(715)) - Certificate client init case: 0
2023-09-14 12:54:24,149 [Time-limited test] INFO  client.SCMCertificateClient (SCMCertificateClient.java:handleCase(103)) - Creating keypair for client as keypair and certificate not found.
2023-09-14 12:54:24,259 [Time-limited test] INFO  ha.HASecurityUtils (HASecurityUtils.java:initializeSecurity(108)) - Init response: GETCERT
2023-09-14 12:54:24,509 [Time-limited test] INFO  ozone.OzoneSecurityUtil (OzoneSecurityUtil.java:getValidInetsForCurrentHost(119)) - ip:fe80:0:0:0:20d:3aff:fea7:6146%eth0 not returned.
2023-09-14 12:54:24,509 [Time-limited test] INFO  ozone.OzoneSecurityUtil (OzoneSecurityUtil.java:getValidInetsForCurrentHost(116)) - Adding ip:10.1.0.236,host:fv-az187-373.4biwkquksivelc4kanrnlgeoof.gx.internal.cloudapp.net
2023-09-14 12:54:24,509 [Time-limited test] INFO  ozone.OzoneSecurityUtil (OzoneSecurityUtil.java:getValidInetsForCurrentHost(119)) - ip:0:0:0:0:0:0:0:1%lo not returned.
2023-09-14 12:54:24,509 [Time-limited test] INFO  ozone.OzoneSecurityUtil (OzoneSecurityUtil.java:getValidInetsForCurrentHost(119)) - ip:127.0.0.1 not returned.
2023-09-14 12:54:24,512 [Time-limited test] INFO  utils.SelfSignedCertificate (SelfSignedCertificate.java:generateCertificate(157)) - Certificate 1 is issued by CN=scm-1@fv-az187-373,OU=81dd2962-2b99-41de-8bdc-cf7f7724132d,O=c641ba35-7a80-4743-bfeb-19a5b09fa5db to CN=scm-1@fv-az187-373,OU=81dd2962-2b99-41de-8bdc-cf7f7724132d,O=c641ba35-7a80-4743-bfeb-19a5b09fa5db, valid from Thu Sep 14 12:54:24 UTC 2023 to Sun Oct 22 12:54:24 UTC 2028
2023-09-14 12:54:24,513 [Time-limited test] INFO  utils.CertificateCodec (CertificateCodec.java:writeCertificate(299)) - Save certificate to /tmp/junit6270961480314850718/junit7057925411459445732/scm-meta/scm/ca/certs/certificate.crt
2023-09-14 12:54:24,513 [Time-limited test] INFO  utils.CertificateCodec (CertificateCodec.java:writeCertificate(300)) - Certificate -----BEGIN CERTIFICATE-----
MIID5zCCAs+gAwIBAgIBATANBgkqhkiG9w0BAQsFADB7MRswGQYDVQQDDBJzY20t
MUBmdi1hejE4Ny0zNzMxLTArBgNVBAsMJDgxZGQyOTYyLTJiOTktNDFkZS04YmRj
LWNmN2Y3NzI0MTMyZDEtMCsGA1UECgwkYzY0MWJhMzUtN2E4MC00NzQzLWJmZWIt
MTlhNWIwOWZhNWRiMB4XDTIzMDkxNDEyNTQyNFoXDTI4MTAyMjEyNTQyNFowezEb
MBkGA1UEAwwSc2NtLTFAZnYtYXoxODctMzczMS0wKwYDVQQLDCQ4MWRkMjk2Mi0y
Yjk5LTQxZGUtOGJkYy1jZjdmNzcyNDEzMmQxLTArBgNVBAoMJGM2NDFiYTM1LTdh
ODAtNDc0My1iZmViLTE5YTViMDlmYTVkYjCCASIwDQYJKoZIhvcNAQEBBQADggEP
ADCCAQoCggEBAJQdzXV0tgT6dCXEKoU2aybge4bRg8Uv5V0b7UC3UE9KxEMqUnL2
t+V4F1wTiS6V4DQ4YmCBS1okw5QeGvChQmQyICo+8p0HvjKfpzQoRacsZOp30S7X
4VtSyP85mStpuys6OmLZSXhE1K6jzmr3Db42AQggq/S1YY2bS10blVA4Ls70mRJ5
WgTu156Z+mGZ8d6elE40Ib75hlRJ5mdhD0RRImwN2IaZGBkaOHZgL95Ox0dCXSV5
60wV+ov1tHJcfU9S155lGOgwp4HBDGNsQ4ZJJHdZp7RwYKbeDEkgyxqke4ptrLRT
uaHudYx5HV1JiWGOP93VwPGA8+oUb1/wdB8CAwEAAaN2MHQwDwYDVR0TAQH/BAUw
AwEB/zAOBgNVHQ8BAf8EBAMCAQYwUQYDVR0RBEowSIcECgEA7IJAZnYtYXoxODct
MzczLjRiaXdrcXVrc2l2ZWxjNGthbnJubGdlb29mLmd4LmludGVybmFsLmNsb3Vk
YXBwLm5ldDANBgkqhkiG9w0BAQsFAAOCAQEAD91Bb8GA9rGgfNTz6Oic9sDaLQjl
q2SZBWdzTLOq2+YBhqRgsJTzNcdePTe6gkACi8LdlWqIYjkKH/EIa+4vfuta7+E9
i60q23u+owZ4Erl5ip1yMhJQ4z4xqHTAdln19gZWohOhKPtUr4niKNdOSsLcSpMS
Ul0gokaLhDD8eQbzdoj1ATw6yQ9u4LlvDfvLjH6VWrB5uRrOVHB1lnEt8S0RK3HG
3QVogSvsNnzV6Tl0kHGBdPwWgbkIJ/sufVVE+aOyJRQ7/nAC6z4LziZcM6pHGmeS
1s8zZPixWiqFWHSHZbF7Gwf5acRHWwXss2F6Q3KCPLUiRLozPcIkTzF+6w==
-----END CERTIFICATE-----

2023-09-14 12:54:24,513 [Time-limited test] INFO  client.SCMCertificateClient (SCMCertificateClient.java:getCSRBuilder(165)) - Creating csr for SCM->hostName:fv-az187-373,scmId:81dd2962-2b99-41de-8bdc-cf7f7724132d,clusterId:c641ba35-7a80-4743-bfeb-19a5b09fa5db,subject:scm-sub-2660760872165@fv-az187-373
2023-09-14 12:54:24,513 [Time-limited test] INFO  ozone.OzoneSecurityUtil (OzoneSecurityUtil.java:getValidInetsForCurrentHost(119)) - ip:fe80:0:0:0:20d:3aff:fea7:6146%eth0 not returned.
2023-09-14 12:54:24,514 [Time-limited test] INFO  ozone.OzoneSecurityUtil (OzoneSecurityUtil.java:getValidInetsForCurrentHost(116)) - Adding ip:10.1.0.236,host:fv-az187-373.4biwkquksivelc4kanrnlgeoof.gx.internal.cloudapp.net
2023-09-14 12:54:24,514 [Time-limited test] INFO  ozone.OzoneSecurityUtil (OzoneSecurityUtil.java:getValidInetsForCurrentHost(119)) - ip:0:0:0:0:0:0:0:1%lo not returned.
2023-09-14 12:54:24,514 [Time-limited test] INFO  ozone.OzoneSecurityUtil (OzoneSecurityUtil.java:getValidInetsForCurrentHost(119)) - ip:127.0.0.1 not returned.
2023-09-14 12:54:24,514 [Time-limited test] INFO  ha.HASecurityUtils (HASecurityUtils.java:generateCSR(308)) - Creating csr for SCM->hostName:fv-az187-373,scmId:81dd2962-2b99-41de-8bdc-cf7f7724132d,clusterId:c641ba35-7a80-4743-bfeb-19a5b09fa5db,subject:scm-sub-2660761449477@fv-az187-373
2023-09-14 12:54:24,517 [Time-limited test] INFO  authority.DefaultApprover (DefaultApprover.java:sign(154)) - Extensions in CSR: 2.5.29.19, 2.5.29.15, 2.5.29.17
2023-09-14 12:54:24,517 [Time-limited test] INFO  authority.DefaultApprover (DefaultApprover.java:sign(158)) - Extensions to add to the certificate if they present in CSR: 2.5.29.17, 2.5.29.19, 1.3.6.1.5.5.7.1.12, 2.5.29.35, 2.5.29.37, 2.5.29.15
2023-09-14 12:54:24,523 [Time-limited test] INFO  utils.CertificateCodec (CertificateCodec.java:writeCertificate(299)) - Save certificate to /tmp/junit6270961480314850718/junit7057925411459445732/scm-meta/scm/sub-ca/certs/CA-1.crt
2023-09-14 12:54:24,523 [Time-limited test] INFO  utils.CertificateCodec (CertificateCodec.java:writeCertificate(300)) - Certificate -----BEGIN CERTIFICATE-----
MIID5zCCAs+gAwIBAgIBATANBgkqhkiG9w0BAQsFADB7MRswGQYDVQQDDBJzY20t
MUBmdi1hejE4Ny0zNzMxLTArBgNVBAsMJDgxZGQyOTYyLTJiOTktNDFkZS04YmRj
LWNmN2Y3NzI0MTMyZDEtMCsGA1UECgwkYzY0MWJhMzUtN2E4MC00NzQzLWJmZWIt
MTlhNWIwOWZhNWRiMB4XDTIzMDkxNDEyNTQyNFoXDTI4MTAyMjEyNTQyNFowezEb
MBkGA1UEAwwSc2NtLTFAZnYtYXoxODctMzczMS0wKwYDVQQLDCQ4MWRkMjk2Mi0y
Yjk5LTQxZGUtOGJkYy1jZjdmNzcyNDEzMmQxLTArBgNVBAoMJGM2NDFiYTM1LTdh
ODAtNDc0My1iZmViLTE5YTViMDlmYTVkYjCCASIwDQYJKoZIhvcNAQEBBQADggEP
ADCCAQoCggEBAJQdzXV0tgT6dCXEKoU2aybge4bRg8Uv5V0b7UC3UE9KxEMqUnL2
t+V4F1wTiS6V4DQ4YmCBS1okw5QeGvChQmQyICo+8p0HvjKfpzQoRacsZOp30S7X
4VtSyP85mStpuys6OmLZSXhE1K6jzmr3Db42AQggq/S1YY2bS10blVA4Ls70mRJ5
WgTu156Z+mGZ8d6elE40Ib75hlRJ5mdhD0RRImwN2IaZGBkaOHZgL95Ox0dCXSV5
60wV+ov1tHJcfU9S155lGOgwp4HBDGNsQ4ZJJHdZp7RwYKbeDEkgyxqke4ptrLRT
uaHudYx5HV1JiWGOP93VwPGA8+oUb1/wdB8CAwEAAaN2MHQwDwYDVR0TAQH/BAUw
AwEB/zAOBgNVHQ8BAf8EBAMCAQYwUQYDVR0RBEowSIcECgEA7IJAZnYtYXoxODct
MzczLjRiaXdrcXVrc2l2ZWxjNGthbnJubGdlb29mLmd4LmludGVybmFsLmNsb3Vk
YXBwLm5ldDANBgkqhkiG9w0BAQsFAAOCAQEAD91Bb8GA9rGgfNTz6Oic9sDaLQjl
q2SZBWdzTLOq2+YBhqRgsJTzNcdePTe6gkACi8LdlWqIYjkKH/EIa+4vfuta7+E9
i60q23u+owZ4Erl5ip1yMhJQ4z4xqHTAdln19gZWohOhKPtUr4niKNdOSsLcSpMS
Ul0gokaLhDD8eQbzdoj1ATw6yQ9u4LlvDfvLjH6VWrB5uRrOVHB1lnEt8S0RK3HG
3QVogSvsNnzV6Tl0kHGBdPwWgbkIJ/sufVVE+aOyJRQ7/nAC6z4LziZcM6pHGmeS
1s8zZPixWiqFWHSHZbF7Gwf5acRHWwXss2F6Q3KCPLUiRLozPcIkTzF+6w==
-----END CERTIFICATE-----

2023-09-14 12:54:24,524 [Time-limited test] INFO  utils.CertificateCodec (CertificateCodec.java:writeCertificate(299)) - Save certificate to /tmp/junit6270961480314850718/junit7057925411459445732/scm-meta/scm/sub-ca/certs/2660764675345.crt
2023-09-14 12:54:24,524 [Time-limited test] INFO  utils.CertificateCodec (CertificateCodec.java:writeCertificate(300)) - Certificate -----BEGIN CERTIFICATE-----
MIID/TCCAuWgAwIBAgIGAmuB7u0RMA0GCSqGSIb3DQEBCwUAMHsxGzAZBgNVBAMM
EnNjbS0xQGZ2LWF6MTg3LTM3MzEtMCsGA1UECwwkODFkZDI5NjItMmI5OS00MWRl
LThiZGMtY2Y3Zjc3MjQxMzJkMS0wKwYDVQQKDCRjNjQxYmEzNS03YTgwLTQ3NDMt
YmZlYi0xOWE1YjA5ZmE1ZGIwHhcNMjMwOTE0MTI1NDI0WhcNMjgxMDIyMTI1NDI0
WjCBizErMCkGA1UEAwwic2NtLXN1Yi0yNjYwNzYxNDQ5NDc3QGZ2LWF6MTg3LTM3
MzEtMCsGA1UECwwkODFkZDI5NjItMmI5OS00MWRlLThiZGMtY2Y3Zjc3MjQxMzJk
MS0wKwYDVQQKDCRjNjQxYmEzNS03YTgwLTQ3NDMtYmZlYi0xOWE1YjA5ZmE1ZGIw
ggEiMA0GCSqGSIb3DQEBAQUAA4IBDwAwggEKAoIBAQDPhEtY5dID0h4fxyn37iTN
D4Zqa80oU52aqevs1PJS7CJXEhLx3MxzbjBKOYIwcQB8zc8QhG+6SCGOrtyMQlD0
WYgePjUyT06LcUcBHZ6v9RJwtuGgdWAaN9UEyvMkHoY/AP3WiJJst31z/JsXUeMz
KpiFtezwXzEVa8zmQwyH/+Npx1j677Y/xIKvHlZzkAU2xK95nDXNbw1tHCPIU//Z
yMzJ+x0Y1BFUijuCBm0YK8/1hKMjRsDOQvlw0FVPM0NdIPP8PCS17puVZG+go9Z/
sHNpCZkT5hikOKnlKbFTqUDfxL7zYO6oPY2DVNOBF5kljVIwTYo8+PpmsEzt9ifr
AgMBAAGjdjB0MFEGA1UdEQRKMEiHBAoBAOyCQGZ2LWF6MTg3LTM3My40Yml3a3F1
a3NpdmVsYzRrYW5ybmxnZW9vZi5neC5pbnRlcm5hbC5jbG91ZGFwcC5uZXQwDwYD
VR0TAQH/BAUwAwEB/zAOBgNVHQ8BAf8EBAMCAb4wDQYJKoZIhvcNAQELBQADggEB
AHLZZpY7D3PzKl80rBnPzus08lgOISn9n6idqj405fGBmGm2hj4gqdsKlDP/yl9D
58JBRd8KAEiTND0zWHDmUr3WIK42AZPuOT946zd5tQMyGWKEJ5dpwa+2cD4yKx+L
9z7Nczmu3PEbaFjCBve3IbmuWUxmbZGObMZ4lfETxE9SEeqadTU8vkQzCRtetxHw
blmJYXT4rwRwrNo2o3V1zJm+epHbyv1Taumg3f7Yth4T65BFFtKgfa0z/ntG6TWU
T5SKlg68DDQ1zdXAj0WskkTzd9+1JzaU0aV8Tnlrx+JMMlvuz1rUDovr0nYSBsSl
zYTuz6eInueCxyG8yvay1E0=
-----END CERTIFICATE-----

-----BEGIN CERTIFICATE-----
MIID5zCCAs+gAwIBAgIBATANBgkqhkiG9w0BAQsFADB7MRswGQYDVQQDDBJzY20t
MUBmdi1hejE4Ny0zNzMxLTArBgNVBAsMJDgxZGQyOTYyLTJiOTktNDFkZS04YmRj
LWNmN2Y3NzI0MTMyZDEtMCsGA1UECgwkYzY0MWJhMzUtN2E4MC00NzQzLWJmZWIt
MTlhNWIwOWZhNWRiMB4XDTIzMDkxNDEyNTQyNFoXDTI4MTAyMjEyNTQyNFowezEb
MBkGA1UEAwwSc2NtLTFAZnYtYXoxODctMzczMS0wKwYDVQQLDCQ4MWRkMjk2Mi0y
Yjk5LTQxZGUtOGJkYy1jZjdmNzcyNDEzMmQxLTArBgNVBAoMJGM2NDFiYTM1LTdh
ODAtNDc0My1iZmViLTE5YTViMDlmYTVkYjCCASIwDQYJKoZIhvcNAQEBBQADggEP
ADCCAQoCggEBAJQdzXV0tgT6dCXEKoU2aybge4bRg8Uv5V0b7UC3UE9KxEMqUnL2
t+V4F1wTiS6V4DQ4YmCBS1okw5QeGvChQmQyICo+8p0HvjKfpzQoRacsZOp30S7X
4VtSyP85mStpuys6OmLZSXhE1K6jzmr3Db42AQggq/S1YY2bS10blVA4Ls70mRJ5
WgTu156Z+mGZ8d6elE40Ib75hlRJ5mdhD0RRImwN2IaZGBkaOHZgL95Ox0dCXSV5
60wV+ov1tHJcfU9S155lGOgwp4HBDGNsQ4ZJJHdZp7RwYKbeDEkgyxqke4ptrLRT
uaHudYx5HV1JiWGOP93VwPGA8+oUb1/wdB8CAwEAAaN2MHQwDwYDVR0TAQH/BAUw
AwEB/zAOBgNVHQ8BAf8EBAMCAQYwUQYDVR0RBEowSIcECgEA7IJAZnYtYXoxODct
MzczLjRiaXdrcXVrc2l2ZWxjNGthbnJubGdlb29mLmd4LmludGVybmFsLmNsb3Vk
YXBwLm5ldDANBgkqhkiG9w0BAQsFAAOCAQEAD91Bb8GA9rGgfNTz6Oic9sDaLQjl
q2SZBWdzTLOq2+YBhqRgsJTzNcdePTe6gkACi8LdlWqIYjkKH/EIa+4vfuta7+E9
i60q23u+owZ4Erl5ip1yMhJQ4z4xqHTAdln19gZWohOhKPtUr4niKNdOSsLcSpMS
Ul0gokaLhDD8eQbzdoj1ATw6yQ9u4LlvDfvLjH6VWrB5uRrOVHB1lnEt8S0RK3HG
3QVogSvsNnzV6Tl0kHGBdPwWgbkIJ/sufVVE+aOyJRQ7/nAC6z4LziZcM6pHGmeS
1s8zZPixWiqFWHSHZbF7Gwf5acRHWwXss2F6Q3KCPLUiRLozPcIkTzF+6w==
-----END CERTIFICATE-----

2023-09-14 12:54:24,524 [Time-limited test] INFO  utils.CertificateCodec (CertificateCodec.java:writeCertificate(299)) - Save certificate to /tmp/junit6270961480314850718/junit7057925411459445732/scm-meta/scm/sub-ca/certs/certificate.crt
2023-09-14 12:54:24,524 [Time-limited test] INFO  utils.CertificateCodec (CertificateCodec.java:writeCertificate(300)) - Certificate -----BEGIN CERTIFICATE-----
MIID/TCCAuWgAwIBAgIGAmuB7u0RMA0GCSqGSIb3DQEBCwUAMHsxGzAZBgNVBAMM
EnNjbS0xQGZ2LWF6MTg3LTM3MzEtMCsGA1UECwwkODFkZDI5NjItMmI5OS00MWRl
LThiZGMtY2Y3Zjc3MjQxMzJkMS0wKwYDVQQKDCRjNjQxYmEzNS03YTgwLTQ3NDMt
YmZlYi0xOWE1YjA5ZmE1ZGIwHhcNMjMwOTE0MTI1NDI0WhcNMjgxMDIyMTI1NDI0
WjCBizErMCkGA1UEAwwic2NtLXN1Yi0yNjYwNzYxNDQ5NDc3QGZ2LWF6MTg3LTM3
MzEtMCsGA1UECwwkODFkZDI5NjItMmI5OS00MWRlLThiZGMtY2Y3Zjc3MjQxMzJk
MS0wKwYDVQQKDCRjNjQxYmEzNS03YTgwLTQ3NDMtYmZlYi0xOWE1YjA5ZmE1ZGIw
ggEiMA0GCSqGSIb3DQEBAQUAA4IBDwAwggEKAoIBAQDPhEtY5dID0h4fxyn37iTN
D4Zqa80oU52aqevs1PJS7CJXEhLx3MxzbjBKOYIwcQB8zc8QhG+6SCGOrtyMQlD0
WYgePjUyT06LcUcBHZ6v9RJwtuGgdWAaN9UEyvMkHoY/AP3WiJJst31z/JsXUeMz
KpiFtezwXzEVa8zmQwyH/+Npx1j677Y/xIKvHlZzkAU2xK95nDXNbw1tHCPIU//Z
yMzJ+x0Y1BFUijuCBm0YK8/1hKMjRsDOQvlw0FVPM0NdIPP8PCS17puVZG+go9Z/
sHNpCZkT5hikOKnlKbFTqUDfxL7zYO6oPY2DVNOBF5kljVIwTYo8+PpmsEzt9ifr
AgMBAAGjdjB0MFEGA1UdEQRKMEiHBAoBAOyCQGZ2LWF6MTg3LTM3My40Yml3a3F1
a3NpdmVsYzRrYW5ybmxnZW9vZi5neC5pbnRlcm5hbC5jbG91ZGFwcC5uZXQwDwYD
VR0TAQH/BAUwAwEB/zAOBgNVHQ8BAf8EBAMCAb4wDQYJKoZIhvcNAQELBQADggEB
AHLZZpY7D3PzKl80rBnPzus08lgOISn9n6idqj405fGBmGm2hj4gqdsKlDP/yl9D
58JBRd8KAEiTND0zWHDmUr3WIK42AZPuOT946zd5tQMyGWKEJ5dpwa+2cD4yKx+L
9z7Nczmu3PEbaFjCBve3IbmuWUxmbZGObMZ4lfETxE9SEeqadTU8vkQzCRtetxHw
blmJYXT4rwRwrNo2o3V1zJm+epHbyv1Taumg3f7Yth4T65BFFtKgfa0z/ntG6TWU
T5SKlg68DDQ1zdXAj0WskkTzd9+1JzaU0aV8Tnlrx+JMMlvuz1rUDovr0nYSBsSl
zYTuz6eInueCxyG8yvay1E0=
-----END CERTIFICATE-----

-----BEGIN CERTIFICATE-----
MIID5zCCAs+gAwIBAgIBATANBgkqhkiG9w0BAQsFADB7MRswGQYDVQQDDBJzY20t
MUBmdi1hejE4Ny0zNzMxLTArBgNVBAsMJDgxZGQyOTYyLTJiOTktNDFkZS04YmRj
LWNmN2Y3NzI0MTMyZDEtMCsGA1UECgwkYzY0MWJhMzUtN2E4MC00NzQzLWJmZWIt
MTlhNWIwOWZhNWRiMB4XDTIzMDkxNDEyNTQyNFoXDTI4MTAyMjEyNTQyNFowezEb
MBkGA1UEAwwSc2NtLTFAZnYtYXoxODctMzczMS0wKwYDVQQLDCQ4MWRkMjk2Mi0y
Yjk5LTQxZGUtOGJkYy1jZjdmNzcyNDEzMmQxLTArBgNVBAoMJGM2NDFiYTM1LTdh
ODAtNDc0My1iZmViLTE5YTViMDlmYTVkYjCCASIwDQYJKoZIhvcNAQEBBQADggEP
ADCCAQoCggEBAJQdzXV0tgT6dCXEKoU2aybge4bRg8Uv5V0b7UC3UE9KxEMqUnL2
t+V4F1wTiS6V4DQ4YmCBS1okw5QeGvChQmQyICo+8p0HvjKfpzQoRacsZOp30S7X
4VtSyP85mStpuys6OmLZSXhE1K6jzmr3Db42AQggq/S1YY2bS10blVA4Ls70mRJ5
WgTu156Z+mGZ8d6elE40Ib75hlRJ5mdhD0RRImwN2IaZGBkaOHZgL95Ox0dCXSV5
60wV+ov1tHJcfU9S155lGOgwp4HBDGNsQ4ZJJHdZp7RwYKbeDEkgyxqke4ptrLRT
uaHudYx5HV1JiWGOP93VwPGA8+oUb1/wdB8CAwEAAaN2MHQwDwYDVR0TAQH/BAUw
AwEB/zAOBgNVHQ8BAf8EBAMCAQYwUQYDVR0RBEowSIcECgEA7IJAZnYtYXoxODct
MzczLjRiaXdrcXVrc2l2ZWxjNGthbnJubGdlb29mLmd4LmludGVybmFsLmNsb3Vk
YXBwLm5ldDANBgkqhkiG9w0BAQsFAAOCAQEAD91Bb8GA9rGgfNTz6Oic9sDaLQjl
q2SZBWdzTLOq2+YBhqRgsJTzNcdePTe6gkACi8LdlWqIYjkKH/EIa+4vfuta7+E9
i60q23u+owZ4Erl5ip1yMhJQ4z4xqHTAdln19gZWohOhKPtUr4niKNdOSsLcSpMS
Ul0gokaLhDD8eQbzdoj1ATw6yQ9u4LlvDfvLjH6VWrB5uRrOVHB1lnEt8S0RK3HG
3QVogSvsNnzV6Tl0kHGBdPwWgbkIJ/sufVVE+aOyJRQ7/nAC6z4LziZcM6pHGmeS
1s8zZPixWiqFWHSHZbF7Gwf5acRHWwXss2F6Q3KCPLUiRLozPcIkTzF+6w==
-----END CERTIFICATE-----

2023-09-14 12:54:24,524 [Time-limited test] INFO  ha.HASecurityUtils (HASecurityUtils.java:initializeSecurity(121)) - Successfully stored SCM signed certificate.
2023-09-14 12:54:24,528 [Time-limited test] WARN  server.ServerUtils (ServerUtils.java:getScmDbDir(155)) - ozone.scm.db.dirs is not configured. We recommend adding this setting. Falling back to ozone.metadata.dirs instead.
2023-09-14 12:54:24,529 [Time-limited test] INFO  ha.SCMHANodeDetails (SCMHANodeDetails.java:loadSCMHAConfig(210)) - ServiceID for StorageContainerManager is null
2023-09-14 12:54:24,529 [Time-limited test] INFO  ha.SCMHANodeDetails (SCMHANodeDetails.java:loadSCMHAConfig(215)) - ozone.scm.default.service.id is not defined, falling back to ozone.scm.service.ids to find serviceID for StorageContainerManager if it is HA enabled cluster
2023-09-14 12:54:24,538 [pool-267-thread-1] INFO  request.KdcRequest (KdcRequest.java:preauth(651)) - The preauth data is empty.
2023-09-14 12:54:24,539 [pool-267-thread-1] INFO  server.KdcHandler (KdcHandler.java:handleRecoverableException(177)) - KRB error occurred while processing request:Additional pre-authentication required
2023-09-14 12:54:24,546 [pool-267-thread-2] INFO  request.AsRequest (AsRequest.java:issueTicket(112)) - AS_REQ ISSUE: authtime 1694696064545,scm/fv-az187-373.4biwkquksivelc4kanrnlgeoof.gx.internal.cloudapp.net@EXAMPLE.COM for krbtgt/EXAMPLE.COM@EXAMPLE.COM
2023-09-14 12:54:24,547 [Time-limited test] INFO  security.UserGroupInformation (UserGroupInformation.java:loginUserFromKeytab(1132)) - Login successful for user scm/fv-az187-373.4biwkquksivelc4kanrnlgeoof.gx.internal.cloudapp.net@EXAMPLE.COM using keytab file scm.keytab. Keytab auto renewal enabled : false
2023-09-14 12:54:24,547 [Time-limited test] INFO  server.StorageContainerManager (StorageContainerManager.java:loginAsSCMUserIfSecurityEnabled(1042)) - SCM login successful.
2023-09-14 12:54:24,548 [Time-limited test] INFO  client.SCMCertificateClient (DefaultCertificateClient.java:updateCertSerialId(1244)) - Certificate serial ID set to 2660764675345
2023-09-14 12:54:24,553 [Time-limited test] INFO  client.SCMCertificateClient (DefaultCertificateClient.java:readCertificateFile(237)) - Added certificate   [0]         Version: 3
         SerialNumber: 2660764675345
             IssuerDN: CN=scm-1@fv-az187-373,OU=81dd2962-2b99-41de-8bdc-cf7f7724132d,O=c641ba35-7a80-4743-bfeb-19a5b09fa5db
           Start Date: Thu Sep 14 12:54:24 UTC 2023
           Final Date: Sun Oct 22 12:54:24 UTC 2028
            SubjectDN: CN=scm-sub-2660761449477@fv-az187-373,OU=81dd2962-2b99-41de-8bdc-cf7f7724132d,O=c641ba35-7a80-4743-bfeb-19a5b09fa5db
           Public Key: RSA Public Key [54:64:d6:19:5e:cd:67:7b:36:70:4c:61:1f:36:25:e2:94:98:6b:bd],[56:66:d1:a4]
        modulus: cf844b58e5d203d21e1fc729f7ee24cd0f866a6bcd28539d9aa9ebecd4f252ec22571212f1dccc736e304a39823071007ccdcf10846fba48218eaedc8c4250f459881e3e35324f4e8b7147011d9eaff51270b6e1a075601a37d504caf3241e863f00fdd688926cb77d73fc9b1751e3332a9885b5ecf05f31156bcce6430c87ffe369c758faefb63fc482af1e5673900536c4af799c35cd6f0d6d1c23c853ffd9c8ccc9fb1d18d411548a3b82066d182bcff584a32346c0ce42f970d0554f33435d20f3fc3c24b5ee9b95646fa0a3d67fb07369099913e618a438a9e529b153a940dfc4bef360eea83d8d8354d3811799258d52304d8a3cf8fa66b04cedf627eb
public exponent: 10001

  Signature Algorithm: SHA256WITHRSA
            Signature: 72d966963b0f73f32a5f34ac19cfceeb34f2580e
                       2129fd9fa89daa3e34e5f1819869b6863e20a9db
                       0a9433ffca5f43e7c24145df0a004893343d3358
                       70e652bdd620ae360193ee393f78eb3779b50332
                       196284279769c1afb6703e322b1f8bf73ecd7339
                       aedcf11b6858c206f7b721b9ae594c666d918e6c
                       c67895f113c44f5211ea9a75353cbe4433091b5e
                       b711f06e59896174f8af0470acda36a37575cc99
                       be7a91dbcafd536ae9a0ddfed8b61e13eb904516
                       d2a07dad33fe7b46e935944f948a960ebc0c3435
                       cdd5c08f45ac9244f377dfb5273694d1a57c4e79
                       6bc7e24c325beecf5ad40e8bebd2761206c4a5cd
                       84eecfa7889ee782c721bccaf6b2d44d
       Extensions: 
                       critical(false) 2.5.29.17 value = Sequence
    Tagged [7] IMPLICIT 
        DER Octet String[4] 
    Tagged [2] IMPLICIT 
        DER Octet String[64] 

                       critical(true) BasicConstraints: isCa(true)
                       critical(true) KeyUsage: 0xbe
 from file: /tmp/junit6270961480314850718/junit7057925411459445732/scm-meta/scm/sub-ca/certs/certificate.crt.
2023-09-14 12:54:24,555 [Time-limited test] INFO  client.SCMCertificateClient (DefaultCertificateClient.java:readCertificateFile(237)) - Added certificate   [0]         Version: 3
         SerialNumber: 2660764675345
             IssuerDN: CN=scm-1@fv-az187-373,OU=81dd2962-2b99-41de-8bdc-cf7f7724132d,O=c641ba35-7a80-4743-bfeb-19a5b09fa5db
           Start Date: Thu Sep 14 12:54:24 UTC 2023
           Final Date: Sun Oct 22 12:54:24 UTC 2028
            SubjectDN: CN=scm-sub-2660761449477@fv-az187-373,OU=81dd2962-2b99-41de-8bdc-cf7f7724132d,O=c641ba35-7a80-4743-bfeb-19a5b09fa5db
           Public Key: RSA Public Key [54:64:d6:19:5e:cd:67:7b:36:70:4c:61:1f:36:25:e2:94:98:6b:bd],[56:66:d1:a4]
        modulus: cf844b58e5d203d21e1fc729f7ee24cd0f866a6bcd28539d9aa9ebecd4f252ec22571212f1dccc736e304a39823071007ccdcf10846fba48218eaedc8c4250f459881e3e35324f4e8b7147011d9eaff51270b6e1a075601a37d504caf3241e863f00fdd688926cb77d73fc9b1751e3332a9885b5ecf05f31156bcce6430c87ffe369c758faefb63fc482af1e5673900536c4af799c35cd6f0d6d1c23c853ffd9c8ccc9fb1d18d411548a3b82066d182bcff584a32346c0ce42f970d0554f33435d20f3fc3c24b5ee9b95646fa0a3d67fb07369099913e618a438a9e529b153a940dfc4bef360eea83d8d8354d3811799258d52304d8a3cf8fa66b04cedf627eb
public exponent: 10001

  Signature Algorithm: SHA256WITHRSA
            Signature: 72d966963b0f73f32a5f34ac19cfceeb34f2580e
                       2129fd9fa89daa3e34e5f1819869b6863e20a9db
                       0a9433ffca5f43e7c24145df0a004893343d3358
                       70e652bdd620ae360193ee393f78eb3779b50332
                       196284279769c1afb6703e322b1f8bf73ecd7339
                       aedcf11b6858c206f7b721b9ae594c666d918e6c
                       c67895f113c44f5211ea9a75353cbe4433091b5e
                       b711f06e59896174f8af0470acda36a37575cc99
                       be7a91dbcafd536ae9a0ddfed8b61e13eb904516
                       d2a07dad33fe7b46e935944f948a960ebc0c3435
                       cdd5c08f45ac9244f377dfb5273694d1a57c4e79
                       6bc7e24c325beecf5ad40e8bebd2761206c4a5cd
                       84eecfa7889ee782c721bccaf6b2d44d
       Extensions: 
                       critical(false) 2.5.29.17 value = Sequence
    Tagged [7] IMPLICIT 
        DER Octet String[4] 
    Tagged [2] IMPLICIT 
        DER Octet String[64] 

                       critical(true) BasicConstraints: isCa(true)
                       critical(true) KeyUsage: 0xbe
 from file: /tmp/junit6270961480314850718/junit7057925411459445732/scm-meta/scm/sub-ca/certs/2660764675345.crt.
2023-09-14 12:54:24,556 [Time-limited test] INFO  client.SCMCertificateClient (DefaultCertificateClient.java:readCertificateFile(237)) - Added certificate   [0]         Version: 3
         SerialNumber: 1
             IssuerDN: CN=scm-1@fv-az187-373,OU=81dd2962-2b99-41de-8bdc-cf7f7724132d,O=c641ba35-7a80-4743-bfeb-19a5b09fa5db
           Start Date: Thu Sep 14 12:54:24 UTC 2023
           Final Date: Sun Oct 22 12:54:24 UTC 2028
            SubjectDN: CN=scm-1@fv-az187-373,OU=81dd2962-2b99-41de-8bdc-cf7f7724132d,O=c641ba35-7a80-4743-bfeb-19a5b09fa5db
           Public Key: RSA Public Key [95:75:14:ca:34:85:97:ad:09:b7:74:6b:b1:18:df:e6:ca:24:a3:a9],[56:66:d1:a4]
        modulus: 941dcd7574b604fa7425c42a85366b26e07b86d183c52fe55d1bed40b7504f4ac4432a5272f6b7e578175c13892e95e034386260814b5a24c3941e1af0a1426432202a3ef29d07be329fa7342845a72c64ea77d12ed7e15b52c8ff39992b69bb2b3a3a62d9497844d4aea3ce6af70dbe36010820abf4b5618d9b4b5d1b9550382ecef49912795a04eed79e99fa6199f1de9e944e3421bef9865449e667610f4451226c0dd8869918191a3876602fde4ec747425d2579eb4c15fa8bf5b4725c7d4f52d79e6518e830a781c10c636c438649247759a7b47060a6de0c4920cb1aa47b8a6dacb453b9a1ee758c791d5d4989618e3fddd5c0f180f3ea146f5ff0741f
public exponent: 10001

  Signature Algorithm: SHA256WITHRSA
            Signature: 0fdd416fc180f6b1a07cd4f3e8e89cf6c0da2d08
                       e5ab64990567734cb3aadbe60186a460b094f335
                       c75e3d37ba8240028bc2dd956a8862390a1ff108
                       6bee2f7eeb5aefe13d8bad2adb7bbea3067812b9
                       798a9d72321250e33e31a874c07659f5f60656a2
                       13a128fb54af89e228d74e4ac2dc4a9312525d20
                       a2468b8430fc7906f37688f5013c3ac90f6ee0b9
                       6f0dfbcb8c7e955ab079b91ace54707596712df1
                       2d112b71c6dd0568812bec367cd5e93974907181
                       74fc1681b90827fb2e7d5544f9a3b225143bfe70
                       02eb3e0bce265c33aa471a6792d6cf3364f8b15a
                       2a8558748765b17b1b07f969c4475b05ecb3617a
                       4372823cb52244ba333dc2244f317eeb
       Extensions: 
                       critical(true) BasicConstraints: isCa(true)
                       critical(true) KeyUsage: 0x6
                       critical(false) 2.5.29.17 value = Sequence
    Tagged [7] IMPLICIT 
        DER Octet String[4] 
    Tagged [2] IMPLICIT 
        DER Octet String[64] 

 from file: /tmp/junit6270961480314850718/junit7057925411459445732/scm-meta/scm/sub-ca/certs/CA-1.crt.
2023-09-14 12:54:24,556 [Time-limited test] INFO  client.SCMCertificateClient (DefaultCertificateClient.java:loadAllCertificates(191)) - CertificateRenewerService and root ca rotation polling is disabled for scm/sub-ca
2023-09-14 12:54:24,556 [Time-limited test] WARN  utils.HAUtils (HAUtils.java:getMetaDir(339)) - ozone.scm.db.dirs is not configured. We recommend adding this setting. Falling back to ozone.metadata.dirs instead.
2023-09-14 12:54:24,556 [Time-limited test] WARN  db.DBStoreBuilder (DBStoreBuilder.java:applyDBDefinition(166)) - ozone.scm.db.dirs is not configured. We recommend adding this setting. Falling back to ozone.metadata.dirs instead.
2023-09-14 12:54:24,653 [Time-limited test] INFO  net.NodeSchemaLoader (NodeSchemaLoader.java:loadSchemaFromFile(129)) - Loading schema from [jar:file:/home/runner/.m2/repository/org/apache/ozone/hdds-common/1.4.0-SNAPSHOT/hdds-common-1.4.0-SNAPSHOT.jar!/network-topology-default.xml]
2023-09-14 12:54:24,653 [Time-limited test] INFO  net.NodeSchemaLoader (NodeSchemaLoader.java:loadSchema(176)) - Loading network topology layer schema file
2023-09-14 12:54:24,656 [Time-limited test] INFO  upgrade.AbstractLayoutVersionManager (AbstractLayoutVersionManager.java:init(83)) - Initializing Layout version manager with metadata layout = HADOOP_PRC_PORTS_IN_DATANODEDETAILS (version = 7), software layout = HADOOP_PRC_PORTS_IN_DATANODEDETAILS (version = 7)
2023-09-14 12:54:24,657 [Time-limited test] INFO  ha.SequenceIdGenerator (SequenceIdGenerator.java:upgradeToSequenceId(365)) - upgrade localId to 111677748019200000
2023-09-14 12:54:24,658 [Time-limited test] INFO  ha.SequenceIdGenerator (SequenceIdGenerator.java:upgradeToSequenceId(375)) - upgrade delTxnId to 0
2023-09-14 12:54:24,659 [Time-limited test] INFO  ha.SequenceIdGenerator (SequenceIdGenerator.java:upgradeToSequenceId(392)) - upgrade containerId to 0
2023-09-14 12:54:24,660 [Time-limited test] INFO  ha.SequenceIdGenerator (SequenceIdGenerator.java:upgradeToSequenceId(428)) - upgrade rootCertificateId to 1
2023-09-14 12:54:24,660 [Time-limited test] INFO  ha.SequenceIdGenerator (SequenceIdGenerator.java:<init>(236)) - Init the HA SequenceIdGenerator.
2023-09-14 12:54:24,661 [Time-limited test] INFO  node.SCMNodeManager (SCMNodeManager.java:<init>(157)) - Entering startup safe mode.
2023-09-14 12:54:24,661 [Time-limited test] INFO  algorithms.ContainerPlacementPolicyFactory (ContainerPlacementPolicyFactory.java:getPolicyInternal(86)) - Create container placement policy of type org.apache.hadoop.hdds.scm.container.placement.algorithms.SCMContainerPlacementRackAware
2023-09-14 12:54:24,661 [Time-limited test] INFO  algorithms.ContainerPlacementPolicyFactory (ContainerPlacementPolicyFactory.java:getPolicyInternal(86)) - Create container placement policy of type org.apache.hadoop.hdds.scm.container.placement.algorithms.SCMContainerPlacementRackScatter
2023-09-14 12:54:24,662 [Time-limited test] INFO  pipeline.PipelineStateManagerImpl (PipelineStateManagerImpl.java:initialize(78)) - No pipeline exists in current db
2023-09-14 12:54:24,662 [Time-limited test] INFO  algorithms.LeaderChoosePolicyFactory (LeaderChoosePolicyFactory.java:getPolicy(57)) - Create leader choose policy of type org.apache.hadoop.hdds.scm.pipeline.leader.choose.algorithms.MinLeaderCountChoosePolicy
2023-09-14 12:54:24,662 [Time-limited test] INFO  algorithms.ContainerPlacementPolicyFactory (ContainerPlacementPolicyFactory.java:getPolicyInternal(86)) - Create container placement policy of type org.apache.hadoop.hdds.scm.container.placement.algorithms.SCMContainerPlacementRackScatter
2023-09-14 12:54:24,662 [Time-limited test] INFO  ha.SCMServiceManager (SCMServiceManager.java:register(42)) - Registering service BackgroundPipelineCreator.
2023-09-14 12:54:24,662 [Time-limited test] INFO  pipeline.BackgroundPipelineCreator (BackgroundPipelineCreator.java:start(124)) - Starting RatisPipelineUtilsThread.
2023-09-14 12:54:24,664 [Time-limited test] INFO  BackgroundPipelineScrubber (BackgroundSCMService.java:start(68)) - Starting BackgroundPipelineScrubber Service.
2023-09-14 12:54:24,665 [Time-limited test] INFO  ha.SCMServiceManager (SCMServiceManager.java:register(42)) - Registering service BackgroundPipelineScrubber.
2023-09-14 12:54:24,665 [Time-limited test] INFO  ExpiredContainerReplicaOpScrubber (BackgroundSCMService.java:start(68)) - Starting ExpiredContainerReplicaOpScrubber Service.
2023-09-14 12:54:24,665 [Time-limited test] INFO  ha.SCMServiceManager (SCMServiceManager.java:register(42)) - Registering service ExpiredContainerReplicaOpScrubber.
2023-09-14 12:54:24,666 [Time-limited test] INFO  algorithms.PipelineChoosePolicyFactory (PipelineChoosePolicyFactory.java:createPipelineChoosePolicyFromClass(78)) - Create pipeline choose policy of type org.apache.hadoop.hdds.scm.pipeline.choose.algorithms.RandomPipelineChoosePolicy
2023-09-14 12:54:24,666 [Time-limited test] INFO  algorithms.PipelineChoosePolicyFactory (PipelineChoosePolicyFactory.java:createPipelineChoosePolicyFromClass(78)) - Create pipeline choose policy of type org.apache.hadoop.hdds.scm.pipeline.choose.algorithms.RandomPipelineChoosePolicy
2023-09-14 12:54:24,667 [Time-limited test] INFO  ha.SCMServiceManager (SCMServiceManager.java:register(42)) - Registering service SCMBlockDeletingService.
2023-09-14 12:54:24,667 [Time-limited test] INFO  replication.ReplicationManager (ReplicationManager.java:start(291)) - Starting Replication Monitor Thread.
2023-09-14 12:54:24,672 [Time-limited test] INFO  ha.SCMServiceManager (SCMServiceManager.java:register(42)) - Registering service ReplicationManager.
2023-09-14 12:54:24,673 [Time-limited test] INFO  safemode.ContainerSafeModeRule (ContainerSafeModeRule.java:<init>(90)) - containers with one replica threshold count 0
2023-09-14 12:54:24,673 [Time-limited test] INFO  safemode.HealthyPipelineSafeModeRule (HealthyPipelineSafeModeRule.java:initializeRule(169)) - Total pipeline count is 0, healthy pipeline threshold count is 0
2023-09-14 12:54:24,673 [Time-limited test] INFO  safemode.OneReplicaPipelineSafeModeRule (OneReplicaPipelineSafeModeRule.java:initializeRule(180)) - Total pipeline count is 0, pipeline's with at least one datanode reported threshold count is 0
2023-09-14 12:54:24,674 [ReplicationMonitor] INFO  replication.ReplicationManager (ReplicationManager.java:processAll(365)) - Replication Manager is not ready to run until 300000ms after safemode exit
2023-09-14 12:54:24,674 [Time-limited test] INFO  authority.DefaultCAServer (DefaultCAServer.java:lambda$processVerificationStatus$0(472)) - CertificateServer validation is successful
2023-09-14 12:54:24,678 [Time-limited test] INFO  authority.DefaultCAServer (DefaultCAServer.java:lambda$processVerificationStatus$0(472)) - CertificateServer validation is successful
2023-09-14 12:54:24,678 [Time-limited test] INFO  server.StorageContainerManager (StorageContainerManager.java:persistPrimarySCMCerts(932)) - Storing sub-ca certificate serialId 2660764675345 on primary SCM
2023-09-14 12:54:24,679 [Time-limited test] INFO  server.SCMCertStore (SCMCertStore.java:storeValidScmCertificate(122)) - Scm certificate 2660764675345 for CN=scm-sub-2660761449477@fv-az187-373,OU=81dd2962-2b99-41de-8bdc-cf7f7724132d,O=c641ba35-7a80-4743-bfeb-19a5b09fa5db is stored
2023-09-14 12:54:24,679 [Time-limited test] INFO  server.StorageContainerManager (StorageContainerManager.java:persistPrimarySCMCerts(940)) - Storing root certificate serialId 1
2023-09-14 12:54:24,680 [Time-limited test] INFO  server.SCMCertStore (SCMCertStore.java:storeValidScmCertificate(122)) - Scm certificate 1 for CN=scm-1@fv-az187-373,OU=81dd2962-2b99-41de-8bdc-cf7f7724132d,O=c641ba35-7a80-4743-bfeb-19a5b09fa5db is stored
2023-09-14 12:54:24,680 [Time-limited test] INFO  ipc.CallQueueManager (CallQueueManager.java:<init>(90)) - Using callQueue: class java.util.concurrent.LinkedBlockingQueue, queueCapacity: 200, scheduler: class org.apache.hadoop.ipc.DefaultRpcScheduler, ipcBackoff: false.
2023-09-14 12:54:24,681 [Time-limited test] INFO  ipc.Server (Server.java:<init>(1287)) - Listener at 0.0.0.0:9961
2023-09-14 12:54:24,685 [Socket Reader #1 for port 9961] INFO  ipc.Server (Server.java:run(1323)) - Starting Socket Reader #1 for port 9961
2023-09-14 12:54:24,686 [Time-limited test] INFO  server.StorageContainerManager (StorageContainerManager.java:<init>(425)) - SCM start with adminUsers: [om/fv-az187-373.4biwkquksivelc4kanrnlgeoof.gx.internal.cloudapp.net@EXAMPLE.COM, scm]
2023-09-14 12:54:24,686 [Time-limited test] INFO  ipc.CallQueueManager (CallQueueManager.java:<init>(90)) - Using callQueue: class java.util.concurrent.LinkedBlockingQueue, queueCapacity: 10000, scheduler: class org.apache.hadoop.ipc.DefaultRpcScheduler, ipcBackoff: false.
2023-09-14 12:54:24,686 [Time-limited test] INFO  ipc.Server (Server.java:<init>(1287)) - Listener at 0.0.0.0:9861
2023-09-14 12:54:24,687 [Socket Reader #1 for port 9861] INFO  ipc.Server (Server.java:run(1323)) - Starting Socket Reader #1 for port 9861
2023-09-14 12:54:24,688 [Time-limited test] INFO  ipc.CallQueueManager (CallQueueManager.java:<init>(90)) - Using callQueue: class java.util.concurrent.LinkedBlockingQueue, queueCapacity: 10000, scheduler: class org.apache.hadoop.ipc.DefaultRpcScheduler, ipcBackoff: false.
2023-09-14 12:54:24,688 [Time-limited test] INFO  ipc.Server (Server.java:<init>(1287)) - Listener at 0.0.0.0:9863
2023-09-14 12:54:24,690 [Socket Reader #1 for port 9863] INFO  ipc.Server (Server.java:run(1323)) - Starting Socket Reader #1 for port 9863
2023-09-14 12:54:24,691 [Time-limited test] INFO  ipc.CallQueueManager (CallQueueManager.java:<init>(90)) - Using callQueue: class java.util.concurrent.LinkedBlockingQueue, queueCapacity: 10000, scheduler: class org.apache.hadoop.ipc.DefaultRpcScheduler, ipcBackoff: false.
2023-09-14 12:54:24,691 [Time-limited test] INFO  ipc.Server (Server.java:<init>(1287)) - Listener at 0.0.0.0:9860
2023-09-14 12:54:24,691 [Socket Reader #1 for port 9860] INFO  ipc.Server (Server.java:run(1323)) - Starting Socket Reader #1 for port 9860
2023-09-14 12:54:24,698 [Time-limited test] INFO  ha.SCMServiceManager (SCMServiceManager.java:register(42)) - Registering service ContainerBalancer.
2023-09-14 12:54:24,698 [Time-limited test] INFO  server.StorageContainerManager (StorageContainerManager.java:<init>(438)) - 
Container Balancer status:
Key                            Value
Running                        false
Container Balancer Configuration values:
Key                                                Value
Threshold                                          10
Max Datanodes to Involve per Iteration(percent)    20
Max Size to Move per Iteration                     500GB
Max Size Entering Target per Iteration             26GB
Max Size Leaving Source per Iteration              26GB
Number of Iterations                               10
Time Limit for Single Container's Movement         65min
Time Limit for Single Container's Replication      50min
Interval between each Iteration                    70min
Whether to Enable Network Topology                 false
Whether to Trigger Refresh Datanode Usage Info     false
Container IDs to Exclude from Balancing            None
Datanodes Specified to be Balanced                 None
Datanodes Excluded from Balancing                  None

2023-09-14 12:54:24,699 [Time-limited test] INFO  ha.SCMContext (SCMContext.java:updateSafeModeStatus(228)) - Update SafeModeStatus from SafeModeStatus{safeModeStatus=true, preCheckPassed=false} to SafeModeStatus{safeModeStatus=true, preCheckPassed=false}.
2023-09-14 12:54:24,699 [Time-limited test] WARN  server.ServerUtils (ServerUtils.java:getDBPath(311)) - ozone.om.db.dirs is not configured. We recommend adding this setting. Falling back to ozone.metadata.dirs instead.
2023-09-14 12:54:24,701 [Time-limited test] INFO  ha.OMHANodeDetails (OMHANodeDetails.java:loadOMHAConfig(115)) - ozone.om.internal.service.id is not defined, falling back to ozone.om.service.ids to find serviceID for OzoneManager if it is HA enabled cluster
2023-09-14 12:54:24,702 [Time-limited test] INFO  ha.OMHANodeDetails (OMHANodeDetails.java:loadOMHAConfig(226)) - Configuration does not have ozone.om.address set. Falling back to the default OM address fv-az187-373.4biwkquksivelc4kanrnlgeoof.gx.internal.cloudapp.net/10.1.0.236:1202
2023-09-14 12:54:24,702 [Time-limited test] INFO  ha.OMHANodeDetails (OMHANodeDetails.java:getOMNodeDetailsForNonHA(254)) - OM Service ID is not set. Setting it to the default ID: omServiceIdDefault
2023-09-14 12:54:24,702 [Time-limited test] INFO  ha.OMHANodeDetails (OMHANodeDetails.java:getOMNodeDetailsForNonHA(261)) - OM Node ID is not set. Setting it to the default ID: om1
2023-09-14 12:54:24,702 [Time-limited test] WARN  server.ServerUtils (ServerUtils.java:getDBPath(311)) - ozone.om.db.dirs is not configured. We recommend adding this setting. Falling back to ozone.metadata.dirs instead.
2023-09-14 12:54:24,702 [Time-limited test] INFO  upgrade.AbstractLayoutVersionManager (AbstractLayoutVersionManager.java:init(83)) - Initializing Layout version manager with metadata layout = QUOTA (version = 6), software layout = QUOTA (version = 6)
2023-09-14 12:54:24,773 [Time-limited test] INFO  reflections.Reflections (Reflections.java:scan(232)) - Reflections took 70 ms to scan 2 urls, producing 187 keys and 515 values [using 2 cores]
2023-09-14 12:54:24,773 [Time-limited test] INFO  upgrade.OMLayoutVersionManager (OMLayoutVersionManager.java:lambda$0(115)) - Skipping Upgrade Action QuotaRepairUpgradeAction since it has been finalized.
2023-09-14 12:54:24,773 [Time-limited test] INFO  upgrade.OMLayoutVersionManager (OMLayoutVersionManager.java:lambda$0(115)) - Skipping Upgrade Action MockOmUpgradeAction since it has been finalized.
2023-09-14 12:54:24,776 [pool-267-thread-2] INFO  request.KdcRequest (KdcRequest.java:preauth(651)) - The preauth data is empty.
2023-09-14 12:54:24,776 [pool-267-thread-2] INFO  server.KdcHandler (KdcHandler.java:handleRecoverableException(177)) - KRB error occurred while processing request:Additional pre-authentication required
2023-09-14 12:54:24,781 [pool-267-thread-2] INFO  request.AsRequest (AsRequest.java:issueTicket(112)) - AS_REQ ISSUE: authtime 1694696064781,om/fv-az187-373.4biwkquksivelc4kanrnlgeoof.gx.internal.cloudapp.net@EXAMPLE.COM for krbtgt/EXAMPLE.COM@EXAMPLE.COM
2023-09-14 12:54:24,782 [Time-limited test] INFO  security.UserGroupInformation (UserGroupInformation.java:loginUserFromKeytab(1132)) - Login successful for user om/fv-az187-373.4biwkquksivelc4kanrnlgeoof.gx.internal.cloudapp.net@EXAMPLE.COM using keytab file om.keytab. Keytab auto renewal enabled : false
2023-09-14 12:54:24,782 [Time-limited test] INFO  om.OzoneManager (OzoneManager.java:loginOMUser(1164)) - Ozone Manager login successful.
2023-09-14 12:54:24,782 [Time-limited test] WARN  server.ServerUtils (ServerUtils.java:getDBPath(311)) - ozone.om.db.dirs is not configured. We recommend adding this setting. Falling back to ozone.metadata.dirs instead.
2023-09-14 12:54:24,783 [Time-limited test] INFO  proxy.SCMBlockLocationFailoverProxyProvider (SCMBlockLocationFailoverProxyProvider.java:<init>(114)) - Created block location fail-over proxy with 1 nodes: [nodeId=scmNodeId,nodeAddress=/0.0.0.0:9863]
2023-09-14 12:54:24,783 [Time-limited test] INFO  om.OzoneManager (OzoneManager.java:getOmDetailsProto(4573)) - OzoneManager ports added:[name: "RPC"
value: 1202
]
2023-09-14 12:54:24,785 [Time-limited test] INFO  security.OMCertificateClient (DefaultCertificateClient.java:updateCertSerialId(1244)) - Certificate serial ID set to 9879877970576
2023-09-14 12:54:24,785 [Time-limited test] WARN  security.OMCertificateClient (DefaultCertificateClient.java:loadAllCertificates(173)) - Certificates could not be loaded.
java.nio.file.NoSuchFileException: /tmp/junit6270961480314850718/junit7057925411459445732/scm-meta/om/certs
	at sun.nio.fs.UnixException.translateToIOException(UnixException.java:86)
	at sun.nio.fs.UnixException.rethrowAsIOException(UnixException.java:102)
	at sun.nio.fs.UnixException.rethrowAsIOException(UnixException.java:107)
	at sun.nio.fs.UnixFileSystemProvider.newDirectoryStream(UnixFileSystemProvider.java:427)
	at java.nio.file.Files.newDirectoryStream(Files.java:457)
	at java.nio.file.Files.list(Files.java:3451)
	at org.apache.hadoop.hdds.security.x509.certificate.client.DefaultCertificateClient.loadAllCertificates(DefaultCertificateClient.java:168)
	at org.apache.hadoop.hdds.security.x509.certificate.client.DefaultCertificateClient.updateCertSerialId(DefaultCertificateClient.java:1245)
	at org.apache.hadoop.hdds.security.x509.certificate.client.DefaultCertificateClient.<init>(DefaultCertificateClient.java:157)
	at org.apache.hadoop.hdds.security.x509.certificate.client.CommonCertificateClient.<init>(CommonCertificateClient.java:49)
	at org.apache.hadoop.ozone.security.OMCertificateClient.<init>(OMCertificateClient.java:68)
	at org.apache.hadoop.ozone.om.OzoneManager.<init>(OzoneManager.java:643)
	at org.apache.hadoop.ozone.om.OzoneManager.createOm(OzoneManager.java:757)
	at org.apache.hadoop.ozone.TestSecureOzoneCluster.setupOm(TestSecureOzoneCluster.java:701)
	at org.apache.hadoop.ozone.TestSecureOzoneCluster.testSecureOmInitializationSuccess(TestSecureOzoneCluster.java:544)
	at sun.reflect.NativeMethodAccessorImpl.invoke0(Native Method)
	at sun.reflect.NativeMethodAccessorImpl.invoke(NativeMethodAccessorImpl.java:62)
	at sun.reflect.DelegatingMethodAccessorImpl.invoke(DelegatingMethodAccessorImpl.java:43)
	at java.lang.reflect.Method.invoke(Method.java:498)
	at org.junit.runners.model.FrameworkMethod$1.runReflectiveCall(FrameworkMethod.java:59)
	at org.junit.internal.runners.model.ReflectiveCallable.run(ReflectiveCallable.java:12)
	at org.junit.runners.model.FrameworkMethod.invokeExplosively(FrameworkMethod.java:56)
	at org.junit.internal.runners.statements.InvokeMethod.evaluate(InvokeMethod.java:17)
	at org.junit.internal.runners.statements.RunBefores.evaluate(RunBefores.java:26)
	at org.junit.internal.runners.statements.RunAfters.evaluate(RunAfters.java:27)
	at org.junit.rules.ExternalResource$1.evaluate(ExternalResource.java:54)
	at org.junit.internal.runners.statements.FailOnTimeout$CallableStatement.call(FailOnTimeout.java:288)
	at org.junit.internal.runners.statements.FailOnTimeout$CallableStatement.call(FailOnTimeout.java:282)
	at java.util.concurrent.FutureTask.run(FutureTask.java:266)
	at java.lang.Thread.run(Thread.java:750)
2023-09-14 12:54:24,790 [Time-limited test] INFO  om.OzoneManager (OzoneManager.java:<init>(665)) - OM start with adminUsers: [om/fv-az187-373.4biwkquksivelc4kanrnlgeoof.gx.internal.cloudapp.net@EXAMPLE.COM, om]
2023-09-14 12:54:24,790 [Time-limited test] WARN  server.ServerUtils (ServerUtils.java:getDBPath(311)) - ozone.om.db.dirs is not configured. We recommend adding this setting. Falling back to ozone.metadata.dirs instead.
2023-09-14 12:54:24,791 [Time-limited test] INFO  helpers.OmKeyInfo (OmKeyInfo.java:getCodec(71)) - OmKeyInfo.getCodec ignorePipeline = true
2023-09-14 12:54:24,960 [Time-limited test] INFO  om.OzoneManager (OzoneManager.java:instantiateServices(794)) - S3 Multi-Tenancy is disabled
2023-09-14 12:54:24,960 [Time-limited test] INFO  security.OzoneSecretStore (OzoneSecretStore.java:loadState(69)) - Loaded 0 tokens
2023-09-14 12:54:24,960 [Time-limited test] INFO  security.OzoneDelegationTokenSecretManager (OzoneDelegationTokenSecretManager.java:loadTokenSecretState(530)) - Loading token state into token manager.
2023-09-14 12:54:24,960 [Time-limited test] INFO  om.OmSnapshotManager (OmSnapshotManager.java:<init>(174)) - Ozone filesystem snapshot feature is enabled.
2023-09-14 12:54:24,960 [Time-limited test] WARN  server.ServerUtils (ServerUtils.java:getDBPath(311)) - ozone.om.snapshot.diff.db.dir is not configured. We recommend adding this setting. Falling back to ozone.metadata.dirs instead.
2023-09-14 12:54:24,978 [Time-limited test] INFO  snapshot.SnapshotDiffManager (SnapshotDiffManager.java:closeExecutorService(1706)) - Shutting down executorService: 'SstDumpToolExecutor'
2023-09-14 12:54:24,980 [Time-limited test] INFO  om.OzoneManager (OzoneManager.java:addS3GVolumeToDB(4305)) - Created Volume s3v With Owner om required for S3Gateway operations.
2023-09-14 12:54:24,980 [Time-limited test] WARN  server.ServerUtils (ServerUtils.java:getDefaultRatisDirectory(323)) - Storage directory for Ratis is not configured. It is a good idea to map this to an SSD disk. Falling back to ozone.metadata.dirs
2023-09-14 12:54:24,980 [Time-limited test] WARN  utils.OzoneManagerRatisUtils (OzoneManagerRatisUtils.java:getOMRatisSnapshotDirectory(464)) - ozone.om.ratis.snapshot.dir is not configured. Falling back to ozone.metadata.dirs config
2023-09-14 12:54:24,981 [Time-limited test] WARN  server.ServerUtils (ServerUtils.java:getDefaultRatisDirectory(323)) - Storage directory for Ratis is not configured. It is a good idea to map this to an SSD disk. Falling back to ozone.metadata.dirs
2023-09-14 12:54:24,982 [Time-limited test] INFO  ratis.OzoneManagerRatisServer (OzoneManagerRatisServer.java:<init>(163)) - Instantiating OM Ratis server with groupID: omServiceIdDefault and peers: fv-az187-373.4biwkquksivelc4kanrnlgeoof.gx.internal.cloudapp.net:9872
2023-09-14 12:54:24,982 [Time-limited test] INFO  ratis.OzoneManagerStateMachine (OzoneManagerStateMachine.java:loadSnapshotInfoFromDB(687)) - LastAppliedIndex is set from TransactionInfo from OM DB as (t:0, i:~)
2023-09-14 12:54:24,983 [Time-limited test] INFO  server.RaftServer (ConfUtils.java:logGet(46)) - raft.rpc.type = GRPC (default)
2023-09-14 12:54:24,983 [Time-limited test] INFO  grpc.GrpcConfigKeys (ConfUtils.java:logFallback(53)) - raft.grpc.admin.host = null (fallback to raft.grpc.server.host)
2023-09-14 12:54:24,983 [Time-limited test] INFO  grpc.GrpcConfigKeys (ConfUtils.java:logFallback(53)) - raft.grpc.admin.port = 9872 (fallback to raft.grpc.server.port)
2023-09-14 12:54:24,983 [Time-limited test] INFO  grpc.GrpcConfigKeys (ConfUtils.java:logFallback(53)) - raft.grpc.client.host = null (fallback to raft.grpc.server.host)
2023-09-14 12:54:24,983 [Time-limited test] INFO  grpc.GrpcConfigKeys (ConfUtils.java:logFallback(53)) - raft.grpc.client.port = 9872 (fallback to raft.grpc.server.port)
2023-09-14 12:54:24,983 [Time-limited test] INFO  grpc.GrpcConfigKeys (ConfUtils.java:logGet(46)) - raft.grpc.server.host = null (default)
2023-09-14 12:54:24,983 [Time-limited test] INFO  grpc.GrpcConfigKeys (ConfUtils.java:logGet(46)) - raft.grpc.server.port = 9872 (custom)
2023-09-14 12:54:24,983 [Time-limited test] INFO  server.GrpcService (ConfUtils.java:logGet(46)) - raft.grpc.message.size.max = 33554432 (custom)
2023-09-14 12:54:24,983 [Time-limited test] INFO  server.RaftServerConfigKeys (ConfUtils.java:logGet(46)) - raft.server.log.appender.buffer.byte-limit = 33554432 (custom)
2023-09-14 12:54:24,983 [Time-limited test] INFO  server.GrpcService (ConfUtils.java:logGet(46)) - raft.grpc.flow.control.window = 1MB (=1048576) (default)
2023-09-14 12:54:24,983 [Time-limited test] INFO  server.RaftServerConfigKeys (ConfUtils.java:logGet(46)) - raft.server.rpc.request.timeout = 3000ms (default)
2023-09-14 12:54:24,984 [Time-limited test] INFO  grpc.GrpcConfigKeys (ConfUtils.java:logGet(46)) - raft.grpc.server.heartbeat.channel = true (default)
2023-09-14 12:54:24,984 [Time-limited test] INFO  grpc.GrpcConfigKeys (ConfUtils.java:logGet(46)) - raft.grpc.server.async.request.thread.pool.cached = true (default)
2023-09-14 12:54:24,984 [Time-limited test] INFO  grpc.GrpcConfigKeys (ConfUtils.java:logGet(46)) - raft.grpc.server.async.request.thread.pool.size = 32 (default)
2023-09-14 12:54:24,985 [Time-limited test] INFO  impl.DataStreamServerImpl (ConfUtils.java:logGet(46)) - raft.datastream.type = DISABLED (default)
2023-09-14 12:54:24,985 [Time-limited test] INFO  server.RaftServerConfigKeys (ConfUtils.java:logGet(46)) - raft.server.threadpool.proxy.cached = true (default)
2023-09-14 12:54:24,985 [Time-limited test] INFO  server.RaftServerConfigKeys (ConfUtils.java:logGet(46)) - raft.server.threadpool.proxy.size = 0 (default)
2023-09-14 12:54:24,985 [Time-limited test] INFO  server.RaftServerConfigKeys (ConfUtils.java:logGet(46)) - raft.server.rpc.slowness.timeout = 120s (custom)
2023-09-14 12:54:24,985 [Time-limited test] INFO  server.RaftServerConfigKeys (ConfUtils.java:logGet(46)) - raft.server.leaderelection.leader.step-down.wait-time = 10s (default)
2023-09-14 12:54:24,986 [Time-limited test] INFO  server.RaftServerConfigKeys (ConfUtils.java:logGet(46)) - raft.server.storage.dir = [/tmp/junit6270961480314850718/junit7057925411459445732/scm-meta/ratis] (custom)
2023-09-14 12:54:24,986 [Time-limited test] INFO  server.RaftServer (RaftServerProxy.java:addNew(98)) - om1: addNew group-C5BA1605619E:[om1|rpc:fv-az187-373.4biwkquksivelc4kanrnlgeoof.gx.internal.cloudapp.net:9872|priority:0|startupRole:FOLLOWER] returns group-C5BA1605619E:java.util.concurrent.CompletableFuture@6f5371bb[Not completed]
2023-09-14 12:54:24,986 [Time-limited test] INFO  om.OzoneManager (OzoneManager.java:initializeRatisServer(2148)) - OzoneManager Ratis server initialized at port 9872
RaftServerImpl.java:<init>(198)) - om1: new RaftServerImpl for group-C5BA1605619E:[om1|rpc:fv-az187-373.4biwkquksivelc4kanrnlgeoof.gx.internal.cloudapp.net:9872|priority:0|startupRole:FOLLOWER] with OzoneManagerStateMachine:uninitialized
2023-09-14 12:54:24,986 [Time-limited test] INFO  om.OzoneManager (OzoneManager.java:initializeRatisServer(2148)) - OzoneManager Ratis server initialized at port 9872
2023-09-14 12:54:24,986 [Time-limited test] INFO  om.OzoneManager (OzoneManager.java:getRpcServer(1196)) - Creating RPC Server
2023-09-14 12:54:24,986 [om1-groupManagement] INFO  server.RaftServerConfigKeys (ConfUtils.java:logGet(46)) - raft.server.rpc.timeout.min = 5s (custom)
2023-09-14 12:54:24,988 [om1-groupManagement] INFO  server.RaftServerConfigKeys (ConfUtils.java:logGet(46)) - raft.server.rpc.timeout.max = 5200ms (custom)
2023-09-14 12:54:24,989 [om1-groupManagement] INFO  server.RaftServerConfigKeys (ConfUtils.java:logGet(46)) - raft.server.rpc.sleep.time = 25ms (default)
2023-09-14 12:54:24,989 [om1-groupManagement] INFO  server.RaftServerConfigKeys (ConfUtils.java:logGet(46)) - raft.server.rpc.slowness.timeout = 120s (custom)
2023-09-14 12:54:24,989 [om1-groupManagement] INFO  server.RaftServerConfigKeys (ConfUtils.java:logGet(46)) - raft.server.leaderelection.leader.step-down.wait-time = 10s (default)
2023-09-14 12:54:24,989 [om1-groupManagement] INFO  server.RaftServerConfigKeys (ConfUtils.java:logGet(46)) - raft.server.sleep.deviation.threshold = 300ms (default)
2023-09-14 12:54:24,989 [om1-groupManagement] INFO  server.RaftServer$Division (ServerState.java:<init>(120)) - om1@group-C5BA1605619E: ConfigurationManager, init=-1: peers:[om1|rpc:fv-az187-373.4biwkquksivelc4kanrnlgeoof.gx.internal.cloudapp.net:9872|priority:0|startupRole:FOLLOWER]|listeners:[], old=null, confs=<EMPTY_MAP>
2023-09-14 12:54:24,989 [om1-groupManagement] INFO  server.RaftServerConfigKeys (ConfUtils.java:logGet(46)) - raft.server.storage.dir = [/tmp/junit6270961480314850718/junit7057925411459445732/scm-meta/ratis] (custom)
2023-09-14 12:54:24,990 [om1-groupManagement] INFO  server.RaftServerConfigKeys (ConfUtils.java:logGet(46)) - raft.server.log.corruption.policy = EXCEPTION (default)
2023-09-14 12:54:24,990 [om1-groupManagement] INFO  server.RaftServerConfigKeys (ConfUtils.java:logGet(46)) - raft.server.storage.free-space.min = 0MB (=0) (default)
2023-09-14 12:54:24,990 [om1-groupManagement] INFO  server.RaftServerConfigKeys (ConfUtils.java:logGet(46)) - raft.server.notification.no-leader.timeout = 120s (custom)
2023-09-14 12:54:24,990 [om1-groupManagement] INFO  server.RaftServerConfigKeys (ConfUtils.java:logGet(46)) - raft.server.read.timeout = 10s (default)
2023-09-14 12:54:24,990 [om1-groupManagement] INFO  server.RaftServerConfigKeys (ConfUtils.java:logGet(46)) - raft.server.retrycache.expirytime = 300s (custom)
2023-09-14 12:54:24,990 [om1-groupManagement] INFO  server.RaftServerConfigKeys (ConfUtils.java:logGet(46)) - raft.server.retrycache.statistics.expirytime = 100μs (default)
2023-09-14 12:54:24,990 [om1-groupManagement] INFO  server.RaftServerConfigKeys (ConfUtils.java:logGet(46)) - raft.server.read.option = DEFAULT (default)
2023-09-14 12:54:24,991 [om1-groupManagement] INFO  server.RaftServerConfigKeys (ConfUtils.java:logGet(46)) - raft.server.rpc.request.timeout = 3000ms (default)
2023-09-14 12:54:24,991 [om1-groupManagement] INFO  server.RaftServerConfigKeys (ConfUtils.java:logGet(46)) - raft.server.log.appender.install.snapshot.enabled = false (custom)
2023-09-14 12:54:24,991 [om1-groupManagement] INFO  server.RaftServerConfigKeys (ConfUtils.java:logGet(46)) - raft.server.threadpool.server.cached = true (default)
2023-09-14 12:54:24,991 [om1-groupManagement] INFO  server.RaftServerConfigKeys (ConfUtils.java:logGet(46)) - raft.server.threadpool.server.size = 0 (default)
2023-09-14 12:54:24,991 [om1-groupManagement] INFO  server.RaftServerConfigKeys (ConfUtils.java:logGet(46)) - raft.server.threadpool.client.cached = true (default)
2023-09-14 12:54:24,991 [om1-groupManagement] INFO  server.RaftServerConfigKeys (ConfUtils.java:logGet(46)) - raft.server.threadpool.client.size = 0 (default)
2023-09-14 12:54:25,445 [Time-limited test] INFO  reflections.Reflections (Reflections.java:scan(232)) - Reflections took 457 ms to scan 20 urls, producing 70 keys and 6001 values [using 2 cores]
2023-09-14 12:54:25,446 [Time-limited test] INFO  ipc.CallQueueManager (CallQueueManager.java:<init>(90)) - Using callQueue: class java.util.concurrent.LinkedBlockingQueue, queueCapacity: 10000, scheduler: class org.apache.hadoop.ipc.DefaultRpcScheduler, ipcBackoff: false.
2023-09-14 12:54:25,447 [Time-limited test] INFO  ipc.Server (Server.java:<init>(1287)) - Listener at fv-az187-373.4biwkquksivelc4kanrnlgeoof.gx.internal.cloudapp.net:1202
2023-09-14 12:54:25,447 [Socket Reader #1 for port 1202] INFO  ipc.Server (Server.java:run(1323)) - Starting Socket Reader #1 for port 1202
2023-09-14 12:54:25,465 [Time-limited test] WARN  impl.MetricsConfig (MetricsConfig.java:loadFirst(136)) - Cannot locate configuration: tried hadoop-metrics2-ozonemanager.properties,hadoop-metrics2.properties
2023-09-14 12:54:25,466 [Time-limited test] INFO  impl.MetricsSystemImpl (MetricsSystemImpl.java:startTimer(378)) - Scheduled Metric snapshot period at 10 second(s).
2023-09-14 12:54:25,466 [Time-limited test] INFO  impl.MetricsSystemImpl (MetricsSystemImpl.java:start(191)) - OzoneManager metrics system started
2023-09-14 12:54:25,478 [Time-limited test] INFO  impl.MetricsSinkAdapter (MetricsSinkAdapter.java:start(204)) - Sink prometheus started
2023-09-14 12:54:25,479 [Time-limited test] INFO  impl.MetricsSystemImpl (MetricsSystemImpl.java:registerSink(305)) - Registered sink prometheus
2023-09-14 12:54:25,489 [Time-limited test] INFO  om.OzoneManager (OzoneManager.java:start(1633)) - OzoneManager RPC server is listening at fv-az187-373.4biwkquksivelc4kanrnlgeoof.gx.internal.cloudapp.net/10.1.0.236:1202
2023-09-14 12:54:25,490 [Time-limited test] INFO  ratis.OzoneManagerRatisServer (OzoneManagerRatisServer.java:start(558)) - Starting OzoneManagerRatisServer om1 at port 9872
2023-09-14 12:54:25,490 [om1-impl-thread1] INFO  storage.RaftStorageDirectory (RaftStorageDirectoryImpl.java:analyzeStorage(137)) - The storage directory /tmp/junit6270961480314850718/junit7057925411459445732/scm-meta/ratis/bf265839-605b-3f16-9796-c5ba1605619e does not exist. Creating ...
2023-09-14 12:54:25,491 [om1-impl-thread1] INFO  storage.RaftStorageDirectory (RaftStorageDirectoryImpl.java:tryLock(231)) - Lock on /tmp/junit6270961480314850718/junit7057925411459445732/scm-meta/ratis/bf265839-605b-3f16-9796-c5ba1605619e/in_use.lock acquired by nodename 22730@fv-az187-373
2023-09-14 12:54:25,493 [om1-impl-thread1] INFO  storage.RaftStorage (RaftStorageImpl.java:format(96)) - Storage directory /tmp/junit6270961480314850718/junit7057925411459445732/scm-meta/ratis/bf265839-605b-3f16-9796-c5ba1605619e has been successfully formatted.
2023-09-14 12:54:25,493 [om1-impl-thread1] INFO  server.RaftServerConfigKeys (ConfUtils.java:logGet(46)) - raft.server.log.use.memory = false (default)
2023-09-14 12:54:25,493 [om1-impl-thread1] INFO  server.RaftServerConfigKeys (ConfUtils.java:logGet(46)) - raft.server.log.purge.gap = 1000000 (custom)
2023-09-14 12:54:25,493 [om1-impl-thread1] INFO  server.RaftServerConfigKeys (ConfUtils.java:logGet(46)) - raft.server.log.appender.buffer.byte-limit = 33554432 (custom)
2023-09-14 12:54:25,493 [om1-impl-thread1] INFO  server.RaftServerConfigKeys (ConfUtils.java:logGet(46)) - raft.server.log.statemachine.data.read.timeout = 1000ms (default)
2023-09-14 12:54:25,493 [om1-impl-thread1] INFO  server.RaftServerConfigKeys (ConfUtils.java:logGet(46)) - raft.server.log.purge.preservation.log.num = 0 (default)
2023-09-14 12:54:25,493 [om1-impl-thread1] INFO  server.RaftServerConfigKeys (ConfUtils.java:logGet(46)) - raft.server.log.segment.size.max = 4194304 (custom)
2023-09-14 12:54:25,494 [om1-impl-thread1] INFO  server.RaftServerConfigKeys (ConfUtils.java:logGet(46)) - raft.server.log.segment.cache.num.max = 2 (custom)
2023-09-14 12:54:25,494 [om1-impl-thread1] INFO  server.RaftServerConfigKeys (ConfUtils.java:logGet(46)) - raft.server.log.segment.cache.size.max = 200MB (=209715200) (default)
2023-09-14 12:54:25,494 [om1-impl-thread1] INFO  server.RaftServerConfigKeys (ConfUtils.java:logGet(46)) - raft.server.log.appender.buffer.byte-limit = 33554432 (custom)
2023-09-14 12:54:25,494 [om1-impl-thread1] INFO  segmented.SegmentedRaftLogWorker (SegmentedRaftLogWorker.java:<init>(188)) - new om1@group-C5BA1605619E-SegmentedRaftLogWorker for RaftStorageImpl:Storage Directory /tmp/junit6270961480314850718/junit7057925411459445732/scm-meta/ratis/bf265839-605b-3f16-9796-c5ba1605619e
2023-09-14 12:54:25,494 [om1-impl-thread1] INFO  server.RaftServerConfigKeys (ConfUtils.java:logGet(46)) - raft.server.log.queue.byte-limit = 64MB (=67108864) (default)
2023-09-14 12:54:25,494 [om1-impl-thread1] INFO  server.RaftServerConfigKeys (ConfUtils.java:logGet(46)) - raft.server.log.queue.element-limit = 4096 (default)
2023-09-14 12:54:25,494 [om1-impl-thread1] INFO  server.RaftServerConfigKeys (ConfUtils.java:logGet(46)) - raft.server.log.segment.size.max = 4194304 (custom)
2023-09-14 12:54:25,494 [om1-impl-thread1] INFO  server.RaftServerConfigKeys (ConfUtils.java:logGet(46)) - raft.server.log.preallocated.size = 4194304 (custom)
2023-09-14 12:54:25,494 [om1-impl-thread1] INFO  server.RaftServerConfigKeys (ConfUtils.java:logGet(46)) - raft.server.log.force.sync.num = 128 (default)
2023-09-14 12:54:25,494 [om1-impl-thread1] INFO  server.RaftServerConfigKeys (ConfUtils.java:logGet(46)) - raft.server.log.statemachine.data.sync = true (default)
2023-09-14 12:54:25,494 [om1-impl-thread1] INFO  server.RaftServerConfigKeys (ConfUtils.java:logGet(46)) - raft.server.log.statemachine.data.sync.timeout = 10s (default)
2023-09-14 12:54:25,494 [om1-impl-thread1] INFO  server.RaftServerConfigKeys (ConfUtils.java:logGet(46)) - raft.server.log.statemachine.data.sync.timeout.retry = -1 (default)
2023-09-14 12:54:25,495 [om1-impl-thread1] INFO  server.RaftServerConfigKeys (ConfUtils.java:logGet(46)) - raft.server.log.write.buffer.size = 64KB (=65536) (default)
2023-09-14 12:54:25,495 [om1-impl-thread1] INFO  server.RaftServerConfigKeys (ConfUtils.java:logGet(46)) - raft.server.log.appender.buffer.byte-limit = 33554432 (custom)
2023-09-14 12:54:25,500 [om1-impl-thread1] INFO  server.RaftServerConfigKeys (ConfUtils.java:logGet(46)) - raft.server.log.unsafe-flush.enabled = false (default)
2023-09-14 12:54:25,500 [om1-impl-thread1] INFO  server.RaftServerConfigKeys (ConfUtils.java:logGet(46)) - raft.server.log.async-flush.enabled = false (default)
2023-09-14 12:54:25,500 [om1-impl-thread1] INFO  server.RaftServerConfigKeys (ConfUtils.java:logGet(46)) - raft.server.log.statemachine.data.caching.enabled = false (default)
2023-09-14 12:54:25,500 [om1-impl-thread1] INFO  segmented.SegmentedRaftLogWorker (SegmentedRaftLogWorker.java:lambda$new$0(135)) - om1@group-C5BA1605619E-SegmentedRaftLogWorker: flushIndex: setUnconditionally 0 -> -1
2023-09-14 12:54:25,500 [om1-impl-thread1] INFO  segmented.SegmentedRaftLogWorker (SegmentedRaftLogWorker.java:lambda$new$0(135)) - om1@group-C5BA1605619E-SegmentedRaftLogWorker: safeCacheEvictIndex: setUnconditionally 0 -> -1
2023-09-14 12:54:25,500 [om1-impl-thread1] INFO  server.RaftServer$Division (RaftServerImpl.java:start(342)) - om1@group-C5BA1605619E: start as a follower, conf=-1: peers:[om1|rpc:fv-az187-373.4biwkquksivelc4kanrnlgeoof.gx.internal.cloudapp.net:9872|priority:0|startupRole:FOLLOWER]|listeners:[], old=null
2023-09-14 12:54:25,500 [om1-impl-thread1] INFO  server.RaftServer$Division (RaftServerImpl.java:setRole(329)) - om1@group-C5BA1605619E: changes role from      null to FOLLOWER at term 0 for startAsFollower
2023-09-14 12:54:25,501 [om1-impl-thread1] INFO  impl.RoleInfo (RoleInfo.java:updateAndGet(139)) - om1: start om1@group-C5BA1605619E-FollowerState
2023-09-14 12:54:25,502 [om1-impl-thread1] INFO  util.JmxRegister (JmxRegister.java:tryRegister(44)) - Successfully registered JMX Bean with object name Ratis:service=RaftServer,group=group-C5BA1605619E,id=om1
2023-09-14 12:54:25,502 [om1-impl-thread1] INFO  server.RaftServerConfigKeys (ConfUtils.java:logGet(46)) - raft.server.snapshot.auto.trigger.enabled = true (custom)
2023-09-14 12:54:25,502 [om1-impl-thread1] INFO  server.RaftServerConfigKeys (ConfUtils.java:logGet(46)) - raft.server.snapshot.auto.trigger.threshold = 400000 (default)
2023-09-14 12:54:25,502 [om1-impl-thread1] INFO  server.RaftServerConfigKeys (ConfUtils.java:logGet(46)) - raft.server.snapshot.retention.file.num = -1 (default)
2023-09-14 12:54:25,502 [om1-impl-thread1] INFO  server.RaftServerConfigKeys (ConfUtils.java:logGet(46)) - raft.server.log.purge.upto.snapshot.index = true (custom)
2023-09-14 12:54:25,503 [om1@group-C5BA1605619E-FollowerState] INFO  server.RaftServerConfigKeys (ConfUtils.java:logFallback(53)) - raft.server.rpc.first-election.timeout.min = 5s (fallback to raft.server.rpc.timeout.min)
2023-09-14 12:54:25,503 [om1@group-C5BA1605619E-FollowerState] INFO  server.RaftServerConfigKeys (ConfUtils.java:logFallback(53)) - raft.server.rpc.first-election.timeout.max = 5200ms (fallback to raft.server.rpc.timeout.max)
2023-09-14 12:54:25,503 [Time-limited test] INFO  server.RaftServer (RaftServerProxy.java:startImpl(400)) - om1: start RPC server
2023-09-14 12:54:25,508 [Time-limited test] INFO  server.GrpcService (GrpcService.java:startImpl(302)) - om1: GrpcService started, listening on 9872
2023-09-14 12:54:25,509 [JvmPauseMonitor4] INFO  util.JvmPauseMonitor (JvmPauseMonitor.java:run(103)) - JvmPauseMonitor-om1: Started
2023-09-14 12:54:25,516 [Time-limited test] ERROR om.OzoneManager (OzoneManager.java:startSecretManager(1090)) - Unable to read key pair for OM.
org.apache.hadoop.hdds.security.exception.OzoneSecurityException: Error reading keypair & certificate
	at org.apache.hadoop.hdds.security.x509.certificate.client.CertificateClient.assertValidKeysAndCertificate(CertificateClient.java:215)
	at org.apache.hadoop.ozone.om.OzoneManager.startSecretManager(OzoneManager.java:1088)
	at org.apache.hadoop.ozone.om.OzoneManager.startSecretManagerIfNecessary(OzoneManager.java:2299)
	at org.apache.hadoop.ozone.om.OzoneManager.start(OzoneManager.java:1643)
	at org.apache.hadoop.ozone.TestSecureOzoneCluster.testSecureOmInitializationSuccess(TestSecureOzoneCluster.java:546)
	at sun.reflect.NativeMethodAccessorImpl.invoke0(Native Method)
	at sun.reflect.NativeMethodAccessorImpl.invoke(NativeMethodAccessorImpl.java:62)
	at sun.reflect.DelegatingMethodAccessorImpl.invoke(DelegatingMethodAccessorImpl.java:43)
	at java.lang.reflect.Method.invoke(Method.java:498)
	at org.junit.runners.model.FrameworkMethod$1.runReflectiveCall(FrameworkMethod.java:59)
	at org.junit.internal.runners.model.ReflectiveCallable.run(ReflectiveCallable.java:12)
	at org.junit.runners.model.FrameworkMethod.invokeExplosively(FrameworkMethod.java:56)
	at org.junit.internal.runners.statements.InvokeMethod.evaluate(InvokeMethod.java:17)
	at org.junit.internal.runners.statements.RunBefores.evaluate(RunBefores.java:26)
	at org.junit.internal.runners.statements.RunAfters.evaluate(RunAfters.java:27)
	at org.junit.rules.ExternalResource$1.evaluate(ExternalResource.java:54)
	at org.junit.internal.runners.statements.FailOnTimeout$CallableStatement.call(FailOnTimeout.java:288)
	at org.junit.internal.runners.statements.FailOnTimeout$CallableStatement.call(FailOnTimeout.java:282)
	at java.util.concurrent.FutureTask.run(FutureTask.java:266)
	at java.lang.Thread.run(Thread.java:750)
Caused by: java.lang.NullPointerException
	at java.util.Objects.requireNonNull(Objects.java:203)
	at org.apache.hadoop.hdds.security.x509.certificate.client.CertificateClient.assertValidKeysAndCertificate(CertificateClient.java:211)
	... 19 more
2023-09-14 12:54:25,517 [Time-limited test] INFO  impl.DefaultInternalKdcServerImpl (DefaultInternalKdcServerImpl.java:doStop(102)) - Default Internal kdc server stopped.
2023-09-14 12:54:26,517 [Time-limited test] INFO  minikdc.MiniKdc (MiniKdc.java:stop(359)) - MiniKdc stopped.
2023-09-14 12:54:26,517 [Time-limited test] INFO  server.StorageContainerManager (StorageContainerManager.java:stop(1591)) - Container Balancer is not running.
2023-09-14 12:54:26,517 [Time-limited test] INFO  server.StorageContainerManager (StorageContainerManager.java:stopReplicationManager(1724)) - Stopping Replication Manager Service.
2023-09-14 12:54:26,517 [Time-limited test] INFO  replication.ReplicationManager (ReplicationManager.java:stop(323)) - Stopping Replication Monitor Thread.
2023-09-14 12:54:26,517 [Under Replicated Processor] WARN  replication.UnhealthyReplicationProcessor (UnhealthyReplicationProcessor.java:run(180)) - Under Replicated Processor interrupted. Exiting...
2023-09-14 12:54:26,518 [Time-limited test] INFO  server.StorageContainerManager (StorageContainerManager.java:stop(1600)) - Stopping the Datanode Admin Monitor.
2023-09-14 12:54:26,518 [Time-limited test] INFO  server.StorageContainerManager (StorageContainerManager.java:stop(1607)) - Stopping datanode service RPC server
2023-09-14 12:54:26,518 [Over Replicated Processor] WARN  replication.UnhealthyReplicationProcessor (UnhealthyReplicationProcessor.java:run(180)) - Over Replicated Processor interrupted. Exiting...
2023-09-14 12:54:26,518 [ReplicationMonitor] INFO  replication.ReplicationManager (ReplicationManager.java:run(921)) - Replication Monitor Thread is stopped
2023-09-14 12:54:26,518 [Time-limited test] INFO  server.SCMDatanodeProtocolServer (SCMDatanodeProtocolServer.java:stop(424)) - Stopping the RPC server for DataNodes
2023-09-14 12:54:26,518 [Time-limited test] INFO  ipc.Server (Server.java:stop(3523)) - Stopping server on 9861
2023-09-14 12:54:27,661 [SCM Heartbeat Processing Thread - 0] WARN  node.NodeStateManager (NodeStateManager.java:scheduleNextHealthCheck(874)) - Current Thread is interrupted, shutting down HB processing thread for Node Manager.
2023-09-14 12:54:27,661 [Time-limited test] INFO  server.StorageContainerManager (StorageContainerManager.java:stop(1615)) - Stopping block service RPC server
2023-09-14 12:54:27,661 [Time-limited test] INFO  server.SCMBlockProtocolServer (SCMBlockProtocolServer.java:stop(163)) - Stopping the RPC server for Block Protocol
2023-09-14 12:54:27,661 [Time-limited test] INFO  ipc.Server (Server.java:stop(3523)) - Stopping server on 9863
2023-09-14 12:54:27,662 [Time-limited test] INFO  server.StorageContainerManager (StorageContainerManager.java:stop(1622)) - Stopping the StorageContainerLocationProtocol RPC server
2023-09-14 12:54:27,662 [Time-limited test] INFO  server.SCMClientProtocolServer (SCMClientProtocolServer.java:stop(210)) - Stopping the RPC server for Client Protocol
2023-09-14 12:54:27,662 [Time-limited test] INFO  ipc.Server (Server.java:stop(3523)) - Stopping server on 9860
2023-09-14 12:54:27,664 [Time-limited test] INFO  server.StorageContainerManager (StorageContainerManager.java:stop(1629)) - Stopping Storage Container Manager HTTP server.
2023-09-14 12:54:27,664 [Time-limited test] INFO  server.StorageContainerManager (StorageContainerManager.java:stop(1637)) - Stopping SCM LayoutVersionManager Service.
2023-09-14 12:54:27,664 [Time-limited test] INFO  server.SCMSecurityProtocolServer (SCMSecurityProtocolServer.java:stop(550)) - Stopping the SCMSecurityProtocolServer.
2023-09-14 12:54:27,664 [Time-limited test] INFO  ipc.Server (Server.java:stop(3523)) - Stopping server on 9961
2023-09-14 12:54:27,665 [Time-limited test] INFO  server.SCMUpdateServiceGrpcServer (SCMUpdateServiceGrpcServer.java:stop(73)) - SCMUpdateService stopping
2023-09-14 12:54:27,665 [Time-limited test] INFO  server.StorageContainerManager (StorageContainerManager.java:stop(1649)) - Stopping Block Manager Service.
2023-09-14 12:54:27,665 [Time-limited test] INFO  utils.BackgroundService (BackgroundService.java:shutdown(141)) - Shutting down service SCMBlockDeletingService
2023-09-14 12:54:27,665 [Time-limited test] INFO  utils.BackgroundService (BackgroundService.java:shutdown(141)) - Shutting down service SCMBlockDeletingService
2023-09-14 12:54:27,665 [Time-limited test] INFO  server.StorageContainerManager (StorageContainerManager.java:stop(1669)) - Stopping SCM Event Queue.
2023-09-14 12:54:27,665 [Time-limited test] INFO  server.StorageContainerManager (StorageContainerManager.java:stop(1680)) - Stopping SCM HA services.
2023-09-14 12:54:27,665 [Time-limited test] INFO  pipeline.BackgroundPipelineCreator (BackgroundPipelineCreator.java:stop(149)) - Stopping RatisPipelineUtilsThread.
2023-09-14 12:54:27,665 [RatisPipelineUtilsThread - 0] WARN  pipeline.BackgroundPipelineCreator (BackgroundPipelineCreator.java:run(180)) - RatisPipelineUtilsThread is interrupted.
2023-09-14 12:54:27,665 [BackgroundPipelineScrubberThread] WARN  BackgroundPipelineScrubber (BackgroundSCMService.java:run(115)) - BackgroundPipelineScrubber is interrupted, exit
2023-09-14 12:54:27,665 [Time-limited test] INFO  BackgroundPipelineScrubber (BackgroundSCMService.java:stop(131)) - Stopping BackgroundPipelineScrubber Service.
2023-09-14 12:54:27,666 [Time-limited test] WARN  pipeline.BackgroundPipelineCreator (BackgroundPipelineCreator.java:stop(145)) - RatisPipelineUtilsThread is not running, just ignore.
2023-09-14 12:54:27,666 [Time-limited test] INFO  BackgroundPipelineScrubber (BackgroundSCMService.java:stop(126)) - BackgroundPipelineScrubber Service is not running, skip stop.
2023-09-14 12:54:27,666 [ExpiredContainerReplicaOpScrubberThread] WARN  ExpiredContainerReplicaOpScrubber (BackgroundSCMService.java:run(115)) - ExpiredContainerReplicaOpScrubber is interrupted, exit
2023-09-14 12:54:27,666 [Time-limited test] INFO  ExpiredContainerReplicaOpScrubber (BackgroundSCMService.java:stop(131)) - Stopping ExpiredContainerReplicaOpScrubber Service.
2023-09-14 12:54:27,666 [Time-limited test] INFO  utils.BackgroundService (BackgroundService.java:shutdown(141)) - Shutting down service SCMBlockDeletingService
2023-09-14 12:54:27,666 [Time-limited test] INFO  replication.ReplicationManager (ReplicationManager.java:stop(333)) - Replication Monitor Thread is not running.
2023-09-14 12:54:27,670 [Time-limited test] WARN  balancer.ContainerBalancer (ContainerBalancer.java:stop(326)) - Cannot stop Container Balancer because it's not running or stopping
2023-09-14 12:54:27,671 [Time-limited test] INFO  server.StorageContainerManager (StorageContainerManager.java:stop(1715)) - Stopping SCM MetadataStore.
2023-09-14 12:54:27,673 [Time-limited test] INFO  server.SCMSecurityProtocolServer (SCMSecurityProtocolServer.java:join(560)) - Join RPC server for SCMSecurityProtocolServer.
2023-09-14 12:54:27,673 [Time-limited test] INFO  server.SCMSecurityProtocolServer (SCMSecurityProtocolServer.java:join(562)) - Join gRPC server for SCMSecurityProtocolServer.
2023-09-14 12:54:27,673 [Time-limited test] INFO  om.OzoneManager (OzoneManager.java:stop(2207)) - om1[fv-az187-373.4biwkquksivelc4kanrnlgeoof.gx.internal.cloudapp.net:1202]: Stopping Ozone Manager
2023-09-14 12:54:27,673 [Time-limited test] INFO  ipc.Server (Server.java:stop(3523)) - Stopping server on 1202
2023-09-14 12:54:27,674 [Time-limited test] INFO  server.RaftServer (RaftServerProxy.java:lambda$close$6(416)) - om1: close
2023-09-14 12:54:27,675 [om1-impl-thread1] INFO  server.RaftServer$Division (RaftServerImpl.java:lambda$close$4(466)) - om1@group-C5BA1605619E: shutdown
2023-09-14 12:54:27,675 [om1-impl-thread1] INFO  util.JmxRegister (JmxRegister.java:unregister(73)) - Successfully un-registered JMX Bean with object name Ratis:service=RaftServer,group=group-C5BA1605619E,id=om1
2023-09-14 12:54:27,675 [om1-impl-thread1] INFO  impl.RoleInfo (RoleInfo.java:shutdownFollowerState(110)) - om1: shutdown om1@group-C5BA1605619E-FollowerState
2023-09-14 12:54:27,675 [om1-impl-thread1] INFO  impl.StateMachineUpdater (StateMachineUpdater.java:stopAndJoin(155)) - om1@group-C5BA1605619E-StateMachineUpdater: set stopIndex = -1
2023-09-14 12:54:27,675 [om1@group-C5BA1605619E-FollowerState] INFO  impl.FollowerState (FollowerState.java:run(152)) - om1@group-C5BA1605619E-FollowerState was interrupted
2023-09-14 12:54:27,675 [om1@group-C5BA1605619E-StateMachineUpdater] INFO  ratis.OzoneManagerStateMachine (OzoneManagerStateMachine.java:close(534)) - StateMachine has shutdown. Shutdown OzoneManager if not already shutdown.
2023-09-14 12:54:27,675 [om1@group-C5BA1605619E-StateMachineUpdater] INFO  ratis.OzoneManagerDoubleBuffer (OzoneManagerDoubleBuffer.java:stopDaemon(551)) - Stopping OMDoubleBuffer flush thread
2023-09-14 12:54:27,675 [OMDoubleBufferFlushThread] INFO  ratis.OzoneManagerDoubleBuffer (OzoneManagerDoubleBuffer.java:canFlush(638)) - OMDoubleBuffer flush thread OMDoubleBufferFlushThread is interrupted and will exit.
2023-09-14 12:54:27,675 [Time-limited test] INFO  server.GrpcService (GrpcService.java:closeImpl(311)) - om1: shutdown server GrpcServerProtocolService now
2023-09-14 12:54:27,675 [om1-impl-thread1] INFO  server.RaftServer$Division (ServerState.java:close(472)) - om1@group-C5BA1605619E: closes. applyIndex: -1
2023-09-14 12:54:27,676 [Time-limited test] INFO  server.GrpcService (GrpcService.java:closeImpl(320)) - om1: shutdown server GrpcServerProtocolService successfully
2023-09-14 12:54:28,502 [om1-impl-thread1] INFO  segmented.SegmentedRaftLogWorker (SegmentedRaftLogWorker.java:close(252)) - om1@group-C5BA1605619E-SegmentedRaftLogWorker close()
2023-09-14 12:54:28,502 [JvmPauseMonitor4] INFO  util.JvmPauseMonitor (JvmPauseMonitor.java:run(109)) - JvmPauseMonitor-om1: Stopped
2023-09-14 12:54:28,503 [Time-limited test] INFO  ratis.OzoneManagerStateMachine (OzoneManagerStateMachine.java:close(534)) - StateMachine has shutdown. Shutdown OzoneManager if not already shutdown.
2023-09-14 12:54:28,503 [Time-limited test] INFO  ratis.OzoneManagerDoubleBuffer (OzoneManagerDoubleBuffer.java:stopDaemon(560)) - OMDoubleBuffer flush thread is not running.
2023-09-14 12:54:28,503 [Time-limited test] INFO  om.OzoneManager (OzoneManager.java:stopSecretManager(1066)) - Stopping secret key client.
2023-09-14 12:54:28,503 [Time-limited test] INFO  om.OzoneManager (OzoneManager.java:stopSecretManager(1071)) - Stopping OM delegation token secret manager.
2023-09-14 12:54:28,503 [Time-limited test] INFO  rocksdiff.RocksDBCheckpointDiffer (RocksDBCheckpointDiffer.java:close(343)) - Shutting down CompactionDagPruningService.
2023-09-14 12:54:28,505 [Time-limited test] INFO  snapshot.SnapshotDiffManager (SnapshotDiffManager.java:closeExecutorService(1706)) - Shutting down executorService: 'SnapDiffExecutor'
2023-09-14 12:54:28,505 [Time-limited test] INFO  snapshot.SnapshotDiffManager (SnapshotDiffManager.java:closeExecutorService(1706)) - Shutting down executorService: 'SstDumpToolExecutor'
2023-09-14 12:54:28,505 [Time-limited test] INFO  utils.BackgroundService (BackgroundService.java:shutdown(141)) - Shutting down service SnapshotDiffCleanupService
]]></system-out>
  </testcase>
  <testcase name="testAccessControlExceptionOnClient" classname="org.apache.hadoop.ozone.TestSecureOzoneCluster" time="10.067">
    <system-out><![CDATA[2023-09-14 12:54:28,528 [Time-limited test] INFO  net.ServerSocketUtil (ServerSocketUtil.java:getPort(55)) - Using port 9860
2023-09-14 12:54:28,529 [Time-limited test] INFO  net.ServerSocketUtil (ServerSocketUtil.java:getPort(55)) - Using port 9861
2023-09-14 12:54:28,529 [Time-limited test] INFO  net.ServerSocketUtil (ServerSocketUtil.java:getPort(55)) - Using port 9863
2023-09-14 12:54:28,529 [Time-limited test] INFO  net.ServerSocketUtil (ServerSocketUtil.java:getPort(55)) - Using port 9961
2023-09-14 12:54:28,529 [Time-limited test] INFO  net.ServerSocketUtil (ServerSocketUtil.java:getPort(55)) - Using port 1200
2023-09-14 12:54:28,529 [Time-limited test] INFO  net.ServerSocketUtil (ServerSocketUtil.java:getPort(55)) - Using port 1201
2023-09-14 12:54:28,530 [Time-limited test] INFO  minikdc.MiniKdc (MiniKdc.java:<init>(225)) - Configuration:
2023-09-14 12:54:28,530 [Time-limited test] INFO  minikdc.MiniKdc (MiniKdc.java:<init>(226)) - ---------------------------------------------------------------
2023-09-14 12:54:28,530 [Time-limited test] INFO  minikdc.MiniKdc (MiniKdc.java:<init>(228)) -   debug: false
2023-09-14 12:54:28,530 [Time-limited test] INFO  minikdc.MiniKdc (MiniKdc.java:<init>(228)) -   transport: TCP
2023-09-14 12:54:28,530 [Time-limited test] INFO  minikdc.MiniKdc (MiniKdc.java:<init>(228)) -   max.ticket.lifetime: 86400000
2023-09-14 12:54:28,530 [Time-limited test] INFO  minikdc.MiniKdc (MiniKdc.java:<init>(228)) -   org.name: EXAMPLE
2023-09-14 12:54:28,530 [Time-limited test] INFO  minikdc.MiniKdc (MiniKdc.java:<init>(228)) -   kdc.port: 0
2023-09-14 12:54:28,531 [Time-limited test] INFO  minikdc.MiniKdc (MiniKdc.java:<init>(228)) -   org.domain: COM
2023-09-14 12:54:28,531 [Time-limited test] INFO  minikdc.MiniKdc (MiniKdc.java:<init>(228)) -   max.renewable.lifetime: 604800000
2023-09-14 12:54:28,531 [Time-limited test] INFO  minikdc.MiniKdc (MiniKdc.java:<init>(228)) -   instance: DefaultKrbServer
2023-09-14 12:54:28,531 [Time-limited test] INFO  minikdc.MiniKdc (MiniKdc.java:<init>(228)) -   kdc.bind.address: localhost
2023-09-14 12:54:28,531 [Time-limited test] INFO  minikdc.MiniKdc (MiniKdc.java:<init>(230)) - ---------------------------------------------------------------
2023-09-14 12:54:28,533 [Time-limited test] INFO  minikdc.MiniKdc (MiniKdc.java:start(285)) - MiniKdc started.
2023-09-14 12:54:28,648 [Time-limited test] INFO  om.OzoneManager (OzoneManager.java:getOmDetailsProto(4573)) - OzoneManager ports added:[name: "RPC"
value: 1202
]
2023-09-14 12:54:28,649 [Time-limited test] WARN  server.ServerUtils (ServerUtils.java:getScmDbDir(155)) - ozone.scm.db.dirs is not configured. We recommend adding this setting. Falling back to ozone.metadata.dirs instead.
2023-09-14 12:54:28,649 [Time-limited test] INFO  ha.HASecurityUtils (HASecurityUtils.java:initializeSecurity(98)) - Initializing secure StorageContainerManager.
2023-09-14 12:54:28,657 [Time-limited test] INFO  client.SCMCertificateClient (DefaultCertificateClient.java:updateCertSerialId(1244)) - Certificate serial ID set to null
2023-09-14 12:54:28,657 [Time-limited test] ERROR client.SCMCertificateClient (DefaultCertificateClient.java:getCertPath(362)) - Default certificate serial id is not set. Can't locate the default certificate for this client.
2023-09-14 12:54:28,657 [Time-limited test] INFO  client.SCMCertificateClient (DefaultCertificateClient.java:init(715)) - Certificate client init case: 0
2023-09-14 12:54:28,657 [Time-limited test] INFO  client.SCMCertificateClient (SCMCertificateClient.java:handleCase(103)) - Creating keypair for client as keypair and certificate not found.
2023-09-14 12:54:28,872 [Time-limited test] INFO  ha.HASecurityUtils (HASecurityUtils.java:initializeSecurity(108)) - Init response: GETCERT
2023-09-14 12:54:29,036 [Time-limited test] INFO  ozone.OzoneSecurityUtil (OzoneSecurityUtil.java:getValidInetsForCurrentHost(119)) - ip:fe80:0:0:0:20d:3aff:fea7:6146%eth0 not returned.
2023-09-14 12:54:29,037 [Time-limited test] INFO  ozone.OzoneSecurityUtil (OzoneSecurityUtil.java:getValidInetsForCurrentHost(116)) - Adding ip:10.1.0.236,host:fv-az187-373.4biwkquksivelc4kanrnlgeoof.gx.internal.cloudapp.net
2023-09-14 12:54:29,037 [Time-limited test] INFO  ozone.OzoneSecurityUtil (OzoneSecurityUtil.java:getValidInetsForCurrentHost(119)) - ip:0:0:0:0:0:0:0:1%lo not returned.
2023-09-14 12:54:29,037 [Time-limited test] INFO  ozone.OzoneSecurityUtil (OzoneSecurityUtil.java:getValidInetsForCurrentHost(119)) - ip:127.0.0.1 not returned.
2023-09-14 12:54:29,040 [Time-limited test] INFO  utils.SelfSignedCertificate (SelfSignedCertificate.java:generateCertificate(157)) - Certificate 1 is issued by CN=scm-1@fv-az187-373,OU=caf07001-3ba5-4eb7-92fc-568b26f601af,O=6fcc4134-fa66-48a7-b741-c845700ae7e9 to CN=scm-1@fv-az187-373,OU=caf07001-3ba5-4eb7-92fc-568b26f601af,O=6fcc4134-fa66-48a7-b741-c845700ae7e9, valid from Thu Sep 14 12:54:29 UTC 2023 to Sun Oct 22 12:54:29 UTC 2028
2023-09-14 12:54:29,041 [Time-limited test] INFO  utils.CertificateCodec (CertificateCodec.java:writeCertificate(299)) - Save certificate to /tmp/junit2658203502177728143/junit9089567988524181408/scm-meta/scm/ca/certs/certificate.crt
2023-09-14 12:54:29,041 [Time-limited test] INFO  utils.CertificateCodec (CertificateCodec.java:writeCertificate(300)) - Certificate -----BEGIN CERTIFICATE-----
MIID5zCCAs+gAwIBAgIBATANBgkqhkiG9w0BAQsFADB7MRswGQYDVQQDDBJzY20t
MUBmdi1hejE4Ny0zNzMxLTArBgNVBAsMJGNhZjA3MDAxLTNiYTUtNGViNy05MmZj
LTU2OGIyNmY2MDFhZjEtMCsGA1UECgwkNmZjYzQxMzQtZmE2Ni00OGE3LWI3NDEt
Yzg0NTcwMGFlN2U5MB4XDTIzMDkxNDEyNTQyOVoXDTI4MTAyMjEyNTQyOVowezEb
MBkGA1UEAwwSc2NtLTFAZnYtYXoxODctMzczMS0wKwYDVQQLDCRjYWYwNzAwMS0z
YmE1LTRlYjctOTJmYy01NjhiMjZmNjAxYWYxLTArBgNVBAoMJDZmY2M0MTM0LWZh
NjYtNDhhNy1iNzQxLWM4NDU3MDBhZTdlOTCCASIwDQYJKoZIhvcNAQEBBQADggEP
ADCCAQoCggEBAOVmLOwiDTPdG3cH/nXDNQwoIM15c3VOND5v3RyQEU5d7qx+1PE4
6xfqi96Bvv1/TArBlmbEyizYPafBNd4uquGzal2o4XMTGdazB3vQSph2oDj8Wou9
cogtK9sV/KlcjF5GBfQZs11e/kpA9aCzoWXCX8elOl04eK4Oy5Nfcps8093ygzQC
6V2+tWs/cxnUjKc2mMni1mY+nSy9FdB4/qCd54gbPgf5OJ5lF5AWr2d7F1sET6I9
iMXRqgQDCO3p2VLQ7/vC+evps7vI+fOqdViIaHhH2dvu1ycOjeB8RnlNHCl0wB/v
7GoV1LnmNYJU5+0TeZzCqRwH5Oy6WS5GntECAwEAAaN2MHQwDwYDVR0TAQH/BAUw
AwEB/zAOBgNVHQ8BAf8EBAMCAQYwUQYDVR0RBEowSIcECgEA7IJAZnYtYXoxODct
MzczLjRiaXdrcXVrc2l2ZWxjNGthbnJubGdlb29mLmd4LmludGVybmFsLmNsb3Vk
YXBwLm5ldDANBgkqhkiG9w0BAQsFAAOCAQEAuFg1yMWUtfPTZ4lxzKabc8kkaoIj
xu4DyT2DFaV8nq3OmQF2YOlA6QYehhOqgZiUaECEeBA/x6uj8BnCqBd3VmLZc9Co
hyMUw3P5zZug0p3b9OLyiBXZumUFMs/G4em4N+x0mF7YPc3ET2k1OsVb6WEPx+ae
wjmEmmVUwq0HrVz7WsCSALKd0Evp2a9KrnEWJ5KFy6k7RTNqHlZSHcPwVCBjvihy
dVOfHwpFV+DdoDYITpgbbrJxfV+b12FYqM2wentztfj7IqnlQ308o7X4T/2hS4vg
3368CLgxcZ3x+SHe0sxuod2dCSQ76oI9ThFAePVDfemdRnsWXfgEJePCBQ==
-----END CERTIFICATE-----

2023-09-14 12:54:29,041 [Time-limited test] INFO  client.SCMCertificateClient (SCMCertificateClient.java:getCSRBuilder(165)) - Creating csr for SCM->hostName:fv-az187-373,scmId:caf07001-3ba5-4eb7-92fc-568b26f601af,clusterId:6fcc4134-fa66-48a7-b741-c845700ae7e9,subject:scm-sub-2665288862023@fv-az187-373
2023-09-14 12:54:29,041 [Time-limited test] INFO  ozone.OzoneSecurityUtil (OzoneSecurityUtil.java:getValidInetsForCurrentHost(119)) - ip:fe80:0:0:0:20d:3aff:fea7:6146%eth0 not returned.
2023-09-14 12:54:29,042 [Time-limited test] INFO  ozone.OzoneSecurityUtil (OzoneSecurityUtil.java:getValidInetsForCurrentHost(116)) - Adding ip:10.1.0.236,host:fv-az187-373.4biwkquksivelc4kanrnlgeoof.gx.internal.cloudapp.net
2023-09-14 12:54:29,042 [Time-limited test] INFO  ozone.OzoneSecurityUtil (OzoneSecurityUtil.java:getValidInetsForCurrentHost(119)) - ip:0:0:0:0:0:0:0:1%lo not returned.
2023-09-14 12:54:29,042 [Time-limited test] INFO  ozone.OzoneSecurityUtil (OzoneSecurityUtil.java:getValidInetsForCurrentHost(119)) - ip:127.0.0.1 not returned.
2023-09-14 12:54:29,042 [Time-limited test] INFO  ha.HASecurityUtils (HASecurityUtils.java:generateCSR(308)) - Creating csr for SCM->hostName:fv-az187-373,scmId:caf07001-3ba5-4eb7-92fc-568b26f601af,clusterId:6fcc4134-fa66-48a7-b741-c845700ae7e9,subject:scm-sub-2665289441035@fv-az187-373
2023-09-14 12:54:29,045 [Time-limited test] INFO  authority.DefaultApprover (DefaultApprover.java:sign(154)) - Extensions in CSR: 2.5.29.19, 2.5.29.15, 2.5.29.17
2023-09-14 12:54:29,045 [Time-limited test] INFO  authority.DefaultApprover (DefaultApprover.java:sign(158)) - Extensions to add to the certificate if they present in CSR: 2.5.29.17, 2.5.29.19, 1.3.6.1.5.5.7.1.12, 2.5.29.35, 2.5.29.37, 2.5.29.15
2023-09-14 12:54:29,049 [Time-limited test] INFO  utils.CertificateCodec (CertificateCodec.java:writeCertificate(299)) - Save certificate to /tmp/junit2658203502177728143/junit9089567988524181408/scm-meta/scm/sub-ca/certs/CA-1.crt
2023-09-14 12:54:29,049 [Time-limited test] INFO  utils.CertificateCodec (CertificateCodec.java:writeCertificate(300)) - Certificate -----BEGIN CERTIFICATE-----
MIID5zCCAs+gAwIBAgIBATANBgkqhkiG9w0BAQsFADB7MRswGQYDVQQDDBJzY20t
MUBmdi1hejE4Ny0zNzMxLTArBgNVBAsMJGNhZjA3MDAxLTNiYTUtNGViNy05MmZj
LTU2OGIyNmY2MDFhZjEtMCsGA1UECgwkNmZjYzQxMzQtZmE2Ni00OGE3LWI3NDEt
Yzg0NTcwMGFlN2U5MB4XDTIzMDkxNDEyNTQyOVoXDTI4MTAyMjEyNTQyOVowezEb
MBkGA1UEAwwSc2NtLTFAZnYtYXoxODctMzczMS0wKwYDVQQLDCRjYWYwNzAwMS0z
YmE1LTRlYjctOTJmYy01NjhiMjZmNjAxYWYxLTArBgNVBAoMJDZmY2M0MTM0LWZh
NjYtNDhhNy1iNzQxLWM4NDU3MDBhZTdlOTCCASIwDQYJKoZIhvcNAQEBBQADggEP
ADCCAQoCggEBAOVmLOwiDTPdG3cH/nXDNQwoIM15c3VOND5v3RyQEU5d7qx+1PE4
6xfqi96Bvv1/TArBlmbEyizYPafBNd4uquGzal2o4XMTGdazB3vQSph2oDj8Wou9
cogtK9sV/KlcjF5GBfQZs11e/kpA9aCzoWXCX8elOl04eK4Oy5Nfcps8093ygzQC
6V2+tWs/cxnUjKc2mMni1mY+nSy9FdB4/qCd54gbPgf5OJ5lF5AWr2d7F1sET6I9
iMXRqgQDCO3p2VLQ7/vC+evps7vI+fOqdViIaHhH2dvu1ycOjeB8RnlNHCl0wB/v
7GoV1LnmNYJU5+0TeZzCqRwH5Oy6WS5GntECAwEAAaN2MHQwDwYDVR0TAQH/BAUw
AwEB/zAOBgNVHQ8BAf8EBAMCAQYwUQYDVR0RBEowSIcECgEA7IJAZnYtYXoxODct
MzczLjRiaXdrcXVrc2l2ZWxjNGthbnJubGdlb29mLmd4LmludGVybmFsLmNsb3Vk
YXBwLm5ldDANBgkqhkiG9w0BAQsFAAOCAQEAuFg1yMWUtfPTZ4lxzKabc8kkaoIj
xu4DyT2DFaV8nq3OmQF2YOlA6QYehhOqgZiUaECEeBA/x6uj8BnCqBd3VmLZc9Co
hyMUw3P5zZug0p3b9OLyiBXZumUFMs/G4em4N+x0mF7YPc3ET2k1OsVb6WEPx+ae
wjmEmmVUwq0HrVz7WsCSALKd0Evp2a9KrnEWJ5KFy6k7RTNqHlZSHcPwVCBjvihy
dVOfHwpFV+DdoDYITpgbbrJxfV+b12FYqM2wentztfj7IqnlQ308o7X4T/2hS4vg
3368CLgxcZ3x+SHe0sxuod2dCSQ76oI9ThFAePVDfemdRnsWXfgEJePCBQ==
-----END CERTIFICATE-----

2023-09-14 12:54:29,049 [Time-limited test] INFO  utils.CertificateCodec (CertificateCodec.java:writeCertificate(299)) - Save certificate to /tmp/junit2658203502177728143/junit9089567988524181408/scm-meta/scm/sub-ca/certs/2665292790707.crt
2023-09-14 12:54:29,049 [Time-limited test] INFO  utils.CertificateCodec (CertificateCodec.java:writeCertificate(300)) - Certificate -----BEGIN CERTIFICATE-----
MIID/TCCAuWgAwIBAgIGAmyP1HuzMA0GCSqGSIb3DQEBCwUAMHsxGzAZBgNVBAMM
EnNjbS0xQGZ2LWF6MTg3LTM3MzEtMCsGA1UECwwkY2FmMDcwMDEtM2JhNS00ZWI3
LTkyZmMtNTY4YjI2ZjYwMWFmMS0wKwYDVQQKDCQ2ZmNjNDEzNC1mYTY2LTQ4YTct
Yjc0MS1jODQ1NzAwYWU3ZTkwHhcNMjMwOTE0MTI1NDI5WhcNMjgxMDIyMTI1NDI5
WjCBizErMCkGA1UEAwwic2NtLXN1Yi0yNjY1Mjg5NDQxMDM1QGZ2LWF6MTg3LTM3
MzEtMCsGA1UECwwkY2FmMDcwMDEtM2JhNS00ZWI3LTkyZmMtNTY4YjI2ZjYwMWFm
MS0wKwYDVQQKDCQ2ZmNjNDEzNC1mYTY2LTQ4YTctYjc0MS1jODQ1NzAwYWU3ZTkw
ggEiMA0GCSqGSIb3DQEBAQUAA4IBDwAwggEKAoIBAQDLRzCzxZm7/KUX66UjTHLr
/UtWyb3xAZZZ6T7GBTeEJwCkNQcwkvZtYJ6Kq/rCilUUhlBBgenCSP1oH6FZ2Vtx
HRPOL9EBWV06Z/dz8H2Q6QJUxfHCPJiFn1FZjTfo2P+LZb8gjOHrnSRJu3zrNGnb
pIhM8STZlv8hZ5VMhh5UV/k9qbZcqeRbF3ls75nXMtdZ5JYYlhMsyV04/zlvo+JM
U2AMucmUkI89FzV0uIgmvXznyxbCteMK1VGt3Nfgj4Exc7ps+dQLNFZkKfiDsW+v
VlIj+wT5Da6uItzmqaBwy7YZlXilEF9Ip+0EQodHNUv7AAUbzDVi3FRqhAASsV5N
AgMBAAGjdjB0MFEGA1UdEQRKMEiHBAoBAOyCQGZ2LWF6MTg3LTM3My40Yml3a3F1
a3NpdmVsYzRrYW5ybmxnZW9vZi5neC5pbnRlcm5hbC5jbG91ZGFwcC5uZXQwDwYD
VR0TAQH/BAUwAwEB/zAOBgNVHQ8BAf8EBAMCAb4wDQYJKoZIhvcNAQELBQADggEB
AN3q/cMiVwBozWOU9lleMaXF9jWr1JygjIsW3u/0StUoFoDqVQZvzuzuXJq6eO/h
wRH5Rqr5caPEjpdBXyo7Z4Kr4q1+Z/gpn9kgOMVxch3mlJaJWFdPcMI1GcljjMoe
qwpBbZePUVjmCnUOkIyXqoQaiXB6UhxXIKF2nna89Odx6jFHrbPjj7OsInMwGvnh
z21oKZrDMrn7Pew9jnxMsgDATk6Ik+Ci7u18bzl9xOuoR4CKR/0cHZQ0xifddcTG
/rd2GKR7lJe+DUbmuSwzRQnl8Ej3504kpgYgFKMu7vyfa/xOw7qbryue6jQ9u32K
a9P23eaeOFksiX5Hnfav+mk=
-----END CERTIFICATE-----

-----BEGIN CERTIFICATE-----
MIID5zCCAs+gAwIBAgIBATANBgkqhkiG9w0BAQsFADB7MRswGQYDVQQDDBJzY20t
MUBmdi1hejE4Ny0zNzMxLTArBgNVBAsMJGNhZjA3MDAxLTNiYTUtNGViNy05MmZj
LTU2OGIyNmY2MDFhZjEtMCsGA1UECgwkNmZjYzQxMzQtZmE2Ni00OGE3LWI3NDEt
Yzg0NTcwMGFlN2U5MB4XDTIzMDkxNDEyNTQyOVoXDTI4MTAyMjEyNTQyOVowezEb
MBkGA1UEAwwSc2NtLTFAZnYtYXoxODctMzczMS0wKwYDVQQLDCRjYWYwNzAwMS0z
YmE1LTRlYjctOTJmYy01NjhiMjZmNjAxYWYxLTArBgNVBAoMJDZmY2M0MTM0LWZh
NjYtNDhhNy1iNzQxLWM4NDU3MDBhZTdlOTCCASIwDQYJKoZIhvcNAQEBBQADggEP
ADCCAQoCggEBAOVmLOwiDTPdG3cH/nXDNQwoIM15c3VOND5v3RyQEU5d7qx+1PE4
6xfqi96Bvv1/TArBlmbEyizYPafBNd4uquGzal2o4XMTGdazB3vQSph2oDj8Wou9
cogtK9sV/KlcjF5GBfQZs11e/kpA9aCzoWXCX8elOl04eK4Oy5Nfcps8093ygzQC
6V2+tWs/cxnUjKc2mMni1mY+nSy9FdB4/qCd54gbPgf5OJ5lF5AWr2d7F1sET6I9
iMXRqgQDCO3p2VLQ7/vC+evps7vI+fOqdViIaHhH2dvu1ycOjeB8RnlNHCl0wB/v
7GoV1LnmNYJU5+0TeZzCqRwH5Oy6WS5GntECAwEAAaN2MHQwDwYDVR0TAQH/BAUw
AwEB/zAOBgNVHQ8BAf8EBAMCAQYwUQYDVR0RBEowSIcECgEA7IJAZnYtYXoxODct
MzczLjRiaXdrcXVrc2l2ZWxjNGthbnJubGdlb29mLmd4LmludGVybmFsLmNsb3Vk
YXBwLm5ldDANBgkqhkiG9w0BAQsFAAOCAQEAuFg1yMWUtfPTZ4lxzKabc8kkaoIj
xu4DyT2DFaV8nq3OmQF2YOlA6QYehhOqgZiUaECEeBA/x6uj8BnCqBd3VmLZc9Co
hyMUw3P5zZug0p3b9OLyiBXZumUFMs/G4em4N+x0mF7YPc3ET2k1OsVb6WEPx+ae
wjmEmmVUwq0HrVz7WsCSALKd0Evp2a9KrnEWJ5KFy6k7RTNqHlZSHcPwVCBjvihy
dVOfHwpFV+DdoDYITpgbbrJxfV+b12FYqM2wentztfj7IqnlQ308o7X4T/2hS4vg
3368CLgxcZ3x+SHe0sxuod2dCSQ76oI9ThFAePVDfemdRnsWXfgEJePCBQ==
-----END CERTIFICATE-----

2023-09-14 12:54:29,050 [Time-limited test] INFO  utils.CertificateCodec (CertificateCodec.java:writeCertificate(299)) - Save certificate to /tmp/junit2658203502177728143/junit9089567988524181408/scm-meta/scm/sub-ca/certs/certificate.crt
2023-09-14 12:54:29,050 [Time-limited test] INFO  utils.CertificateCodec (CertificateCodec.java:writeCertificate(300)) - Certificate -----BEGIN CERTIFICATE-----
MIID/TCCAuWgAwIBAgIGAmyP1HuzMA0GCSqGSIb3DQEBCwUAMHsxGzAZBgNVBAMM
EnNjbS0xQGZ2LWF6MTg3LTM3MzEtMCsGA1UECwwkY2FmMDcwMDEtM2JhNS00ZWI3
LTkyZmMtNTY4YjI2ZjYwMWFmMS0wKwYDVQQKDCQ2ZmNjNDEzNC1mYTY2LTQ4YTct
Yjc0MS1jODQ1NzAwYWU3ZTkwHhcNMjMwOTE0MTI1NDI5WhcNMjgxMDIyMTI1NDI5
WjCBizErMCkGA1UEAwwic2NtLXN1Yi0yNjY1Mjg5NDQxMDM1QGZ2LWF6MTg3LTM3
MzEtMCsGA1UECwwkY2FmMDcwMDEtM2JhNS00ZWI3LTkyZmMtNTY4YjI2ZjYwMWFm
MS0wKwYDVQQKDCQ2ZmNjNDEzNC1mYTY2LTQ4YTctYjc0MS1jODQ1NzAwYWU3ZTkw
ggEiMA0GCSqGSIb3DQEBAQUAA4IBDwAwggEKAoIBAQDLRzCzxZm7/KUX66UjTHLr
/UtWyb3xAZZZ6T7GBTeEJwCkNQcwkvZtYJ6Kq/rCilUUhlBBgenCSP1oH6FZ2Vtx
HRPOL9EBWV06Z/dz8H2Q6QJUxfHCPJiFn1FZjTfo2P+LZb8gjOHrnSRJu3zrNGnb
pIhM8STZlv8hZ5VMhh5UV/k9qbZcqeRbF3ls75nXMtdZ5JYYlhMsyV04/zlvo+JM
U2AMucmUkI89FzV0uIgmvXznyxbCteMK1VGt3Nfgj4Exc7ps+dQLNFZkKfiDsW+v
VlIj+wT5Da6uItzmqaBwy7YZlXilEF9Ip+0EQodHNUv7AAUbzDVi3FRqhAASsV5N
AgMBAAGjdjB0MFEGA1UdEQRKMEiHBAoBAOyCQGZ2LWF6MTg3LTM3My40Yml3a3F1
a3NpdmVsYzRrYW5ybmxnZW9vZi5neC5pbnRlcm5hbC5jbG91ZGFwcC5uZXQwDwYD
VR0TAQH/BAUwAwEB/zAOBgNVHQ8BAf8EBAMCAb4wDQYJKoZIhvcNAQELBQADggEB
AN3q/cMiVwBozWOU9lleMaXF9jWr1JygjIsW3u/0StUoFoDqVQZvzuzuXJq6eO/h
wRH5Rqr5caPEjpdBXyo7Z4Kr4q1+Z/gpn9kgOMVxch3mlJaJWFdPcMI1GcljjMoe
qwpBbZePUVjmCnUOkIyXqoQaiXB6UhxXIKF2nna89Odx6jFHrbPjj7OsInMwGvnh
z21oKZrDMrn7Pew9jnxMsgDATk6Ik+Ci7u18bzl9xOuoR4CKR/0cHZQ0xifddcTG
/rd2GKR7lJe+DUbmuSwzRQnl8Ej3504kpgYgFKMu7vyfa/xOw7qbryue6jQ9u32K
a9P23eaeOFksiX5Hnfav+mk=
-----END CERTIFICATE-----

-----BEGIN CERTIFICATE-----
MIID5zCCAs+gAwIBAgIBATANBgkqhkiG9w0BAQsFADB7MRswGQYDVQQDDBJzY20t
MUBmdi1hejE4Ny0zNzMxLTArBgNVBAsMJGNhZjA3MDAxLTNiYTUtNGViNy05MmZj
LTU2OGIyNmY2MDFhZjEtMCsGA1UECgwkNmZjYzQxMzQtZmE2Ni00OGE3LWI3NDEt
Yzg0NTcwMGFlN2U5MB4XDTIzMDkxNDEyNTQyOVoXDTI4MTAyMjEyNTQyOVowezEb
MBkGA1UEAwwSc2NtLTFAZnYtYXoxODctMzczMS0wKwYDVQQLDCRjYWYwNzAwMS0z
YmE1LTRlYjctOTJmYy01NjhiMjZmNjAxYWYxLTArBgNVBAoMJDZmY2M0MTM0LWZh
NjYtNDhhNy1iNzQxLWM4NDU3MDBhZTdlOTCCASIwDQYJKoZIhvcNAQEBBQADggEP
ADCCAQoCggEBAOVmLOwiDTPdG3cH/nXDNQwoIM15c3VOND5v3RyQEU5d7qx+1PE4
6xfqi96Bvv1/TArBlmbEyizYPafBNd4uquGzal2o4XMTGdazB3vQSph2oDj8Wou9
cogtK9sV/KlcjF5GBfQZs11e/kpA9aCzoWXCX8elOl04eK4Oy5Nfcps8093ygzQC
6V2+tWs/cxnUjKc2mMni1mY+nSy9FdB4/qCd54gbPgf5OJ5lF5AWr2d7F1sET6I9
iMXRqgQDCO3p2VLQ7/vC+evps7vI+fOqdViIaHhH2dvu1ycOjeB8RnlNHCl0wB/v
7GoV1LnmNYJU5+0TeZzCqRwH5Oy6WS5GntECAwEAAaN2MHQwDwYDVR0TAQH/BAUw
AwEB/zAOBgNVHQ8BAf8EBAMCAQYwUQYDVR0RBEowSIcECgEA7IJAZnYtYXoxODct
MzczLjRiaXdrcXVrc2l2ZWxjNGthbnJubGdlb29mLmd4LmludGVybmFsLmNsb3Vk
YXBwLm5ldDANBgkqhkiG9w0BAQsFAAOCAQEAuFg1yMWUtfPTZ4lxzKabc8kkaoIj
xu4DyT2DFaV8nq3OmQF2YOlA6QYehhOqgZiUaECEeBA/x6uj8BnCqBd3VmLZc9Co
hyMUw3P5zZug0p3b9OLyiBXZumUFMs/G4em4N+x0mF7YPc3ET2k1OsVb6WEPx+ae
wjmEmmVUwq0HrVz7WsCSALKd0Evp2a9KrnEWJ5KFy6k7RTNqHlZSHcPwVCBjvihy
dVOfHwpFV+DdoDYITpgbbrJxfV+b12FYqM2wentztfj7IqnlQ308o7X4T/2hS4vg
3368CLgxcZ3x+SHe0sxuod2dCSQ76oI9ThFAePVDfemdRnsWXfgEJePCBQ==
-----END CERTIFICATE-----

2023-09-14 12:54:29,050 [Time-limited test] INFO  ha.HASecurityUtils (HASecurityUtils.java:initializeSecurity(121)) - Successfully stored SCM signed certificate.
2023-09-14 12:54:29,051 [Time-limited test] WARN  server.ServerUtils (ServerUtils.java:getScmDbDir(155)) - ozone.scm.db.dirs is not configured. We recommend adding this setting. Falling back to ozone.metadata.dirs instead.
2023-09-14 12:54:29,052 [Time-limited test] INFO  ha.SCMHANodeDetails (SCMHANodeDetails.java:loadSCMHAConfig(210)) - ServiceID for StorageContainerManager is null
2023-09-14 12:54:29,052 [Time-limited test] INFO  ha.SCMHANodeDetails (SCMHANodeDetails.java:loadSCMHAConfig(215)) - ozone.scm.default.service.id is not defined, falling back to ozone.scm.service.ids to find serviceID for StorageContainerManager if it is HA enabled cluster
2023-09-14 12:54:29,058 [pool-328-thread-1] INFO  request.KdcRequest (KdcRequest.java:preauth(651)) - The preauth data is empty.
2023-09-14 12:54:29,058 [pool-328-thread-1] INFO  server.KdcHandler (KdcHandler.java:handleRecoverableException(177)) - KRB error occurred while processing request:Additional pre-authentication required
2023-09-14 12:54:29,061 [pool-328-thread-2] INFO  request.AsRequest (AsRequest.java:issueTicket(112)) - AS_REQ ISSUE: authtime 1694696069061,scm/fv-az187-373.4biwkquksivelc4kanrnlgeoof.gx.internal.cloudapp.net@EXAMPLE.COM for krbtgt/EXAMPLE.COM@EXAMPLE.COM
2023-09-14 12:54:29,063 [Time-limited test] INFO  security.UserGroupInformation (UserGroupInformation.java:loginUserFromKeytab(1132)) - Login successful for user scm/fv-az187-373.4biwkquksivelc4kanrnlgeoof.gx.internal.cloudapp.net@EXAMPLE.COM using keytab file scm.keytab. Keytab auto renewal enabled : false
2023-09-14 12:54:29,063 [Time-limited test] INFO  server.StorageContainerManager (StorageContainerManager.java:loginAsSCMUserIfSecurityEnabled(1042)) - SCM login successful.
2023-09-14 12:54:29,064 [Time-limited test] INFO  client.SCMCertificateClient (DefaultCertificateClient.java:updateCertSerialId(1244)) - Certificate serial ID set to 2665292790707
2023-09-14 12:54:29,066 [Time-limited test] INFO  client.SCMCertificateClient (DefaultCertificateClient.java:readCertificateFile(237)) - Added certificate   [0]         Version: 3
         SerialNumber: 2665292790707
             IssuerDN: CN=scm-1@fv-az187-373,OU=caf07001-3ba5-4eb7-92fc-568b26f601af,O=6fcc4134-fa66-48a7-b741-c845700ae7e9
           Start Date: Thu Sep 14 12:54:29 UTC 2023
           Final Date: Sun Oct 22 12:54:29 UTC 2028
            SubjectDN: CN=scm-sub-2665289441035@fv-az187-373,OU=caf07001-3ba5-4eb7-92fc-568b26f601af,O=6fcc4134-fa66-48a7-b741-c845700ae7e9
           Public Key: RSA Public Key [f3:4f:0e:0d:32:75:20:06:a8:a7:aa:2b:da:0e:f6:bb:ce:4f:d1:48],[56:66:d1:a4]
        modulus: cb4730b3c599bbfca517eba5234c72ebfd4b56c9bdf1019659e93ec60537842700a435073092f66d609e8aabfac28a551486504181e9c248fd681fa159d95b711d13ce2fd101595d3a67f773f07d90e90254c5f1c23c98859f51598d37e8d8ff8b65bf208ce1eb9d2449bb7ceb3469dba4884cf124d996ff2167954c861e5457f93da9b65ca9e45b17796cef99d732d759e4961896132cc95d38ff396fa3e24c53600cb9c994908f3d173574b88826bd7ce7cb16c2b5e30ad551addcd7e08f813173ba6cf9d40b34566429f883b16faf565223fb04f90daeae22dce6a9a070cbb6199578a5105f48a7ed04428747354bfb00051bcc3562dc546a840012b15e4d
public exponent: 10001

  Signature Algorithm: SHA256WITHRSA
            Signature: ddeafdc322570068cd6394f6595e31a5c5f635ab
                       d49ca08c8b16deeff44ad5281680ea55066fceec
                       ee5c9aba78efe1c111f946aaf971a3c48e97415f
                       2a3b6782abe2ad7e67f8299fd92038c571721de6
                       94968958574f70c23519c9638cca1eab0a416d97
                       8f5158e60a750e908c97aa841a89707a521c5720
                       a1769e76bcf4e771ea3147adb3e38fb3ac227330
                       1af9e1cf6d68299ac332b9fb3dec3d8e7c4cb200
                       c04e4e8893e0a2eeed7c6f397dc4eba847808a47
                       fd1c1d9434c627dd75c4c6feb77618a47b9497be
                       0d46e6b92c334509e5f048f7e74e24a6062014a3
                       2eeefc9f6bfc4ec3ba9baf2b9eea343dbb7d8a6b
                       d3f6dde69e38592c897e479df6affa69
       Extensions: 
                       critical(false) 2.5.29.17 value = Sequence
    Tagged [7] IMPLICIT 
        DER Octet String[4] 
    Tagged [2] IMPLICIT 
        DER Octet String[64] 

                       critical(true) BasicConstraints: isCa(true)
                       critical(true) KeyUsage: 0xbe
 from file: /tmp/junit2658203502177728143/junit9089567988524181408/scm-meta/scm/sub-ca/certs/2665292790707.crt.
2023-09-14 12:54:29,067 [Time-limited test] INFO  client.SCMCertificateClient (DefaultCertificateClient.java:readCertificateFile(237)) - Added certificate   [0]         Version: 3
         SerialNumber: 2665292790707
             IssuerDN: CN=scm-1@fv-az187-373,OU=caf07001-3ba5-4eb7-92fc-568b26f601af,O=6fcc4134-fa66-48a7-b741-c845700ae7e9
           Start Date: Thu Sep 14 12:54:29 UTC 2023
           Final Date: Sun Oct 22 12:54:29 UTC 2028
            SubjectDN: CN=scm-sub-2665289441035@fv-az187-373,OU=caf07001-3ba5-4eb7-92fc-568b26f601af,O=6fcc4134-fa66-48a7-b741-c845700ae7e9
           Public Key: RSA Public Key [f3:4f:0e:0d:32:75:20:06:a8:a7:aa:2b:da:0e:f6:bb:ce:4f:d1:48],[56:66:d1:a4]
        modulus: cb4730b3c599bbfca517eba5234c72ebfd4b56c9bdf1019659e93ec60537842700a435073092f66d609e8aabfac28a551486504181e9c248fd681fa159d95b711d13ce2fd101595d3a67f773f07d90e90254c5f1c23c98859f51598d37e8d8ff8b65bf208ce1eb9d2449bb7ceb3469dba4884cf124d996ff2167954c861e5457f93da9b65ca9e45b17796cef99d732d759e4961896132cc95d38ff396fa3e24c53600cb9c994908f3d173574b88826bd7ce7cb16c2b5e30ad551addcd7e08f813173ba6cf9d40b34566429f883b16faf565223fb04f90daeae22dce6a9a070cbb6199578a5105f48a7ed04428747354bfb00051bcc3562dc546a840012b15e4d
public exponent: 10001

  Signature Algorithm: SHA256WITHRSA
            Signature: ddeafdc322570068cd6394f6595e31a5c5f635ab
                       d49ca08c8b16deeff44ad5281680ea55066fceec
                       ee5c9aba78efe1c111f946aaf971a3c48e97415f
                       2a3b6782abe2ad7e67f8299fd92038c571721de6
                       94968958574f70c23519c9638cca1eab0a416d97
                       8f5158e60a750e908c97aa841a89707a521c5720
                       a1769e76bcf4e771ea3147adb3e38fb3ac227330
                       1af9e1cf6d68299ac332b9fb3dec3d8e7c4cb200
                       c04e4e8893e0a2eeed7c6f397dc4eba847808a47
                       fd1c1d9434c627dd75c4c6feb77618a47b9497be
                       0d46e6b92c334509e5f048f7e74e24a6062014a3
                       2eeefc9f6bfc4ec3ba9baf2b9eea343dbb7d8a6b
                       d3f6dde69e38592c897e479df6affa69
       Extensions: 
                       critical(false) 2.5.29.17 value = Sequence
    Tagged [7] IMPLICIT 
        DER Octet String[4] 
    Tagged [2] IMPLICIT 
        DER Octet String[64] 

                       critical(true) BasicConstraints: isCa(true)
                       critical(true) KeyUsage: 0xbe
 from file: /tmp/junit2658203502177728143/junit9089567988524181408/scm-meta/scm/sub-ca/certs/certificate.crt.
2023-09-14 12:54:29,069 [Time-limited test] INFO  client.SCMCertificateClient (DefaultCertificateClient.java:readCertificateFile(237)) - Added certificate   [0]         Version: 3
         SerialNumber: 1
             IssuerDN: CN=scm-1@fv-az187-373,OU=caf07001-3ba5-4eb7-92fc-568b26f601af,O=6fcc4134-fa66-48a7-b741-c845700ae7e9
           Start Date: Thu Sep 14 12:54:29 UTC 2023
           Final Date: Sun Oct 22 12:54:29 UTC 2028
            SubjectDN: CN=scm-1@fv-az187-373,OU=caf07001-3ba5-4eb7-92fc-568b26f601af,O=6fcc4134-fa66-48a7-b741-c845700ae7e9
           Public Key: RSA Public Key [fb:40:39:37:f3:55:b9:65:67:c0:89:d5:63:e0:9e:ad:92:e9:59:63],[56:66:d1:a4]
        modulus: e5662cec220d33dd1b7707fe75c3350c2820cd7973754e343e6fdd1c90114e5deeac7ed4f138eb17ea8bde81befd7f4c0ac19666c4ca2cd83da7c135de2eaae1b36a5da8e1731319d6b3077bd04a9876a038fc5a8bbd72882d2bdb15fca95c8c5e4605f419b35d5efe4a40f5a0b3a165c25fc7a53a5d3878ae0ecb935f729b3cd3ddf2833402e95dbeb56b3f7319d48ca73698c9e2d6663e9d2cbd15d078fea09de7881b3e07f9389e65179016af677b175b044fa23d88c5d1aa040308ede9d952d0effbc2f9ebe9b3bbc8f9f3aa755888687847d9dbeed7270e8de07c46794d1c2974c01fefec6a15d4b9e6358254e7ed13799cc2a91c07e4ecba592e469ed1
public exponent: 10001

  Signature Algorithm: SHA256WITHRSA
            Signature: b85835c8c594b5f3d3678971cca69b73c9246a82
                       23c6ee03c93d8315a57c9eadce99017660e940e9
                       061e8613aa81989468408478103fc7aba3f019c2
                       a817775662d973d0a8872314c373f9cd9ba0d29d
                       dbf4e2f28815d9ba650532cfc6e1e9b837ec7498
                       5ed83dcdc44f69353ac55be9610fc7e69ec23984
                       9a6554c2ad07ad5cfb5ac09200b29dd04be9d9af
                       4aae7116279285cba93b45336a1e56521dc3f054
                       2063be287275539f1f0a4557e0dda036084e981b
                       6eb2717d5f9bd76158a8cdb07a7b73b5f8fb22a9
                       e5437d3ca3b5f84ffda14b8be0df7ebc08b83171
                       9df1f921ded2cc6ea1dd9d09243bea823d4e1140
                       78f5437de99d467b165df80425e3c205
       Extensions: 
                       critical(true) BasicConstraints: isCa(true)
                       critical(true) KeyUsage: 0x6
                       critical(false) 2.5.29.17 value = Sequence
    Tagged [7] IMPLICIT 
        DER Octet String[4] 
    Tagged [2] IMPLICIT 
        DER Octet String[64] 

 from file: /tmp/junit2658203502177728143/junit9089567988524181408/scm-meta/scm/sub-ca/certs/CA-1.crt.
2023-09-14 12:54:29,069 [Time-limited test] INFO  client.SCMCertificateClient (DefaultCertificateClient.java:loadAllCertificates(191)) - CertificateRenewerService and root ca rotation polling is disabled for scm/sub-ca
2023-09-14 12:54:29,069 [Time-limited test] WARN  utils.HAUtils (HAUtils.java:getMetaDir(339)) - ozone.scm.db.dirs is not configured. We recommend adding this setting. Falling back to ozone.metadata.dirs instead.
2023-09-14 12:54:29,070 [Time-limited test] WARN  db.DBStoreBuilder (DBStoreBuilder.java:applyDBDefinition(166)) - ozone.scm.db.dirs is not configured. We recommend adding this setting. Falling back to ozone.metadata.dirs instead.
2023-09-14 12:54:29,172 [Time-limited test] INFO  net.NodeSchemaLoader (NodeSchemaLoader.java:loadSchemaFromFile(129)) - Loading schema from [jar:file:/home/runner/.m2/repository/org/apache/ozone/hdds-common/1.4.0-SNAPSHOT/hdds-common-1.4.0-SNAPSHOT.jar!/network-topology-default.xml]
2023-09-14 12:54:29,173 [Time-limited test] INFO  net.NodeSchemaLoader (NodeSchemaLoader.java:loadSchema(176)) - Loading network topology layer schema file
2023-09-14 12:54:29,175 [Time-limited test] INFO  upgrade.AbstractLayoutVersionManager (AbstractLayoutVersionManager.java:init(83)) - Initializing Layout version manager with metadata layout = HADOOP_PRC_PORTS_IN_DATANODEDETAILS (version = 7), software layout = HADOOP_PRC_PORTS_IN_DATANODEDETAILS (version = 7)
2023-09-14 12:54:29,177 [Time-limited test] INFO  ha.SequenceIdGenerator (SequenceIdGenerator.java:upgradeToSequenceId(365)) - upgrade localId to 111677748019200000
2023-09-14 12:54:29,178 [Time-limited test] INFO  ha.SequenceIdGenerator (SequenceIdGenerator.java:upgradeToSequenceId(375)) - upgrade delTxnId to 0
2023-09-14 12:54:29,178 [Time-limited test] INFO  ha.SequenceIdGenerator (SequenceIdGenerator.java:upgradeToSequenceId(392)) - upgrade containerId to 0
2023-09-14 12:54:29,179 [Time-limited test] INFO  ha.SequenceIdGenerator (SequenceIdGenerator.java:upgradeToSequenceId(428)) - upgrade rootCertificateId to 1
2023-09-14 12:54:29,179 [Time-limited test] INFO  ha.SequenceIdGenerator (SequenceIdGenerator.java:<init>(236)) - Init the HA SequenceIdGenerator.
2023-09-14 12:54:29,180 [Time-limited test] INFO  node.SCMNodeManager (SCMNodeManager.java:<init>(157)) - Entering startup safe mode.
2023-09-14 12:54:29,181 [Time-limited test] INFO  algorithms.ContainerPlacementPolicyFactory (ContainerPlacementPolicyFactory.java:getPolicyInternal(86)) - Create container placement policy of type org.apache.hadoop.hdds.scm.container.placement.algorithms.SCMContainerPlacementRackAware
2023-09-14 12:54:29,183 [Time-limited test] INFO  algorithms.ContainerPlacementPolicyFactory (ContainerPlacementPolicyFactory.java:getPolicyInternal(86)) - Create container placement policy of type org.apache.hadoop.hdds.scm.container.placement.algorithms.SCMContainerPlacementRackScatter
2023-09-14 12:54:29,183 [Time-limited test] INFO  pipeline.PipelineStateManagerImpl (PipelineStateManagerImpl.java:initialize(78)) - No pipeline exists in current db
2023-09-14 12:54:29,183 [Time-limited test] INFO  algorithms.LeaderChoosePolicyFactory (LeaderChoosePolicyFactory.java:getPolicy(57)) - Create leader choose policy of type org.apache.hadoop.hdds.scm.pipeline.leader.choose.algorithms.MinLeaderCountChoosePolicy
2023-09-14 12:54:29,184 [Time-limited test] INFO  algorithms.ContainerPlacementPolicyFactory (ContainerPlacementPolicyFactory.java:getPolicyInternal(86)) - Create container placement policy of type org.apache.hadoop.hdds.scm.container.placement.algorithms.SCMContainerPlacementRackScatter
2023-09-14 12:54:29,184 [Time-limited test] INFO  ha.SCMServiceManager (SCMServiceManager.java:register(42)) - Registering service BackgroundPipelineCreator.
2023-09-14 12:54:29,185 [Time-limited test] INFO  pipeline.BackgroundPipelineCreator (BackgroundPipelineCreator.java:start(124)) - Starting RatisPipelineUtilsThread.
2023-09-14 12:54:29,185 [Time-limited test] INFO  BackgroundPipelineScrubber (BackgroundSCMService.java:start(68)) - Starting BackgroundPipelineScrubber Service.
2023-09-14 12:54:29,185 [Time-limited test] INFO  ha.SCMServiceManager (SCMServiceManager.java:register(42)) - Registering service BackgroundPipelineScrubber.
2023-09-14 12:54:29,185 [Time-limited test] INFO  ExpiredContainerReplicaOpScrubber (BackgroundSCMService.java:start(68)) - Starting ExpiredContainerReplicaOpScrubber Service.
2023-09-14 12:54:29,185 [Time-limited test] INFO  ha.SCMServiceManager (SCMServiceManager.java:register(42)) - Registering service ExpiredContainerReplicaOpScrubber.
2023-09-14 12:54:29,186 [Time-limited test] INFO  algorithms.PipelineChoosePolicyFactory (PipelineChoosePolicyFactory.java:createPipelineChoosePolicyFromClass(78)) - Create pipeline choose policy of type org.apache.hadoop.hdds.scm.pipeline.choose.algorithms.RandomPipelineChoosePolicy
2023-09-14 12:54:29,186 [Time-limited test] INFO  algorithms.PipelineChoosePolicyFactory (PipelineChoosePolicyFactory.java:createPipelineChoosePolicyFromClass(78)) - Create pipeline choose policy of type org.apache.hadoop.hdds.scm.pipeline.choose.algorithms.RandomPipelineChoosePolicy
2023-09-14 12:54:29,187 [Time-limited test] INFO  ha.SCMServiceManager (SCMServiceManager.java:register(42)) - Registering service SCMBlockDeletingService.
2023-09-14 12:54:29,188 [Time-limited test] INFO  replication.ReplicationManager (ReplicationManager.java:start(291)) - Starting Replication Monitor Thread.
2023-09-14 12:54:29,189 [Time-limited test] INFO  ha.SCMServiceManager (SCMServiceManager.java:register(42)) - Registering service ReplicationManager.
2023-09-14 12:54:29,189 [ReplicationMonitor] INFO  replication.ReplicationManager (ReplicationManager.java:processAll(365)) - Replication Manager is not ready to run until 300000ms after safemode exit
2023-09-14 12:54:29,189 [Time-limited test] INFO  safemode.ContainerSafeModeRule (ContainerSafeModeRule.java:<init>(90)) - containers with one replica threshold count 0
2023-09-14 12:54:29,190 [Time-limited test] INFO  safemode.HealthyPipelineSafeModeRule (HealthyPipelineSafeModeRule.java:initializeRule(169)) - Total pipeline count is 0, healthy pipeline threshold count is 0
2023-09-14 12:54:29,190 [Time-limited test] INFO  safemode.OneReplicaPipelineSafeModeRule (OneReplicaPipelineSafeModeRule.java:initializeRule(180)) - Total pipeline count is 0, pipeline's with at least one datanode reported threshold count is 0
2023-09-14 12:54:29,191 [Time-limited test] INFO  authority.DefaultCAServer (DefaultCAServer.java:lambda$processVerificationStatus$0(472)) - CertificateServer validation is successful
2023-09-14 12:54:29,192 [Time-limited test] INFO  authority.DefaultCAServer (DefaultCAServer.java:lambda$processVerificationStatus$0(472)) - CertificateServer validation is successful
2023-09-14 12:54:29,192 [Time-limited test] INFO  server.StorageContainerManager (StorageContainerManager.java:persistPrimarySCMCerts(932)) - Storing sub-ca certificate serialId 2665292790707 on primary SCM
2023-09-14 12:54:29,194 [Time-limited test] INFO  server.SCMCertStore (SCMCertStore.java:storeValidScmCertificate(122)) - Scm certificate 2665292790707 for CN=scm-sub-2665289441035@fv-az187-373,OU=caf07001-3ba5-4eb7-92fc-568b26f601af,O=6fcc4134-fa66-48a7-b741-c845700ae7e9 is stored
2023-09-14 12:54:29,201 [Time-limited test] INFO  server.StorageContainerManager (StorageContainerManager.java:persistPrimarySCMCerts(940)) - Storing root certificate serialId 1
2023-09-14 12:54:29,201 [Time-limited test] INFO  server.SCMCertStore (SCMCertStore.java:storeValidScmCertificate(122)) - Scm certificate 1 for CN=scm-1@fv-az187-373,OU=caf07001-3ba5-4eb7-92fc-568b26f601af,O=6fcc4134-fa66-48a7-b741-c845700ae7e9 is stored
2023-09-14 12:54:29,202 [Time-limited test] INFO  ipc.CallQueueManager (CallQueueManager.java:<init>(90)) - Using callQueue: class java.util.concurrent.LinkedBlockingQueue, queueCapacity: 200, scheduler: class org.apache.hadoop.ipc.DefaultRpcScheduler, ipcBackoff: false.
2023-09-14 12:54:29,202 [Time-limited test] INFO  ipc.Server (Server.java:<init>(1287)) - Listener at 0.0.0.0:9961
2023-09-14 12:54:29,202 [Socket Reader #1 for port 9961] INFO  ipc.Server (Server.java:run(1323)) - Starting Socket Reader #1 for port 9961
2023-09-14 12:54:29,206 [Time-limited test] INFO  server.StorageContainerManager (StorageContainerManager.java:<init>(425)) - SCM start with adminUsers: [om/fv-az187-373.4biwkquksivelc4kanrnlgeoof.gx.internal.cloudapp.net@EXAMPLE.COM, scm]
2023-09-14 12:54:29,206 [Time-limited test] INFO  ipc.CallQueueManager (CallQueueManager.java:<init>(90)) - Using callQueue: class java.util.concurrent.LinkedBlockingQueue, queueCapacity: 10000, scheduler: class org.apache.hadoop.ipc.DefaultRpcScheduler, ipcBackoff: false.
2023-09-14 12:54:29,206 [Time-limited test] INFO  ipc.Server (Server.java:<init>(1287)) - Listener at 0.0.0.0:9861
2023-09-14 12:54:29,207 [Socket Reader #1 for port 9861] INFO  ipc.Server (Server.java:run(1323)) - Starting Socket Reader #1 for port 9861
2023-09-14 12:54:29,208 [Time-limited test] INFO  ipc.CallQueueManager (CallQueueManager.java:<init>(90)) - Using callQueue: class java.util.concurrent.LinkedBlockingQueue, queueCapacity: 10000, scheduler: class org.apache.hadoop.ipc.DefaultRpcScheduler, ipcBackoff: false.
2023-09-14 12:54:29,208 [Time-limited test] INFO  ipc.Server (Server.java:<init>(1287)) - Listener at 0.0.0.0:9863
2023-09-14 12:54:29,215 [Socket Reader #1 for port 9863] INFO  ipc.Server (Server.java:run(1323)) - Starting Socket Reader #1 for port 9863
2023-09-14 12:54:29,219 [Time-limited test] INFO  ipc.CallQueueManager (CallQueueManager.java:<init>(90)) - Using callQueue: class java.util.concurrent.LinkedBlockingQueue, queueCapacity: 10000, scheduler: class org.apache.hadoop.ipc.DefaultRpcScheduler, ipcBackoff: false.
2023-09-14 12:54:29,219 [Time-limited test] INFO  ipc.Server (Server.java:<init>(1287)) - Listener at 0.0.0.0:9860
2023-09-14 12:54:29,220 [Socket Reader #1 for port 9860] INFO  ipc.Server (Server.java:run(1323)) - Starting Socket Reader #1 for port 9860
2023-09-14 12:54:29,237 [Time-limited test] INFO  ha.SCMServiceManager (SCMServiceManager.java:register(42)) - Registering service ContainerBalancer.
2023-09-14 12:54:29,237 [Time-limited test] INFO  server.StorageContainerManager (StorageContainerManager.java:<init>(438)) - 
Container Balancer status:
Key                            Value
Running                        false
Container Balancer Configuration values:
Key                                                Value
Threshold                                          10
Max Datanodes to Involve per Iteration(percent)    20
Max Size to Move per Iteration                     500GB
Max Size Entering Target per Iteration             26GB
Max Size Leaving Source per Iteration              26GB
Number of Iterations                               10
Time Limit for Single Container's Movement         65min
Time Limit for Single Container's Replication      50min
Interval between each Iteration                    70min
Whether to Enable Network Topology                 false
Whether to Trigger Refresh Datanode Usage Info     false
Container IDs to Exclude from Balancing            None
Datanodes Specified to be Balanced                 None
Datanodes Excluded from Balancing                  None

2023-09-14 12:54:29,237 [Time-limited test] INFO  ha.SCMContext (SCMContext.java:updateSafeModeStatus(228)) - Update SafeModeStatus from SafeModeStatus{safeModeStatus=true, preCheckPassed=false} to SafeModeStatus{safeModeStatus=true, preCheckPassed=false}.
2023-09-14 12:54:29,241 [Time-limited test] WARN  server.ServerUtils (ServerUtils.java:getDBPath(311)) - ozone.om.db.dirs is not configured. We recommend adding this setting. Falling back to ozone.metadata.dirs instead.
2023-09-14 12:54:29,242 [Time-limited test] INFO  ha.OMHANodeDetails (OMHANodeDetails.java:loadOMHAConfig(115)) - ozone.om.internal.service.id is not defined, falling back to ozone.om.service.ids to find serviceID for OzoneManager if it is HA enabled cluster
2023-09-14 12:54:29,242 [Time-limited test] INFO  ha.OMHANodeDetails (OMHANodeDetails.java:loadOMHAConfig(226)) - Configuration does not have ozone.om.address set. Falling back to the default OM address fv-az187-373.4biwkquksivelc4kanrnlgeoof.gx.internal.cloudapp.net/10.1.0.236:1202
2023-09-14 12:54:29,243 [Time-limited test] INFO  ha.OMHANodeDetails (OMHANodeDetails.java:getOMNodeDetailsForNonHA(254)) - OM Service ID is not set. Setting it to the default ID: omServiceIdDefault
2023-09-14 12:54:29,243 [Time-limited test] INFO  ha.OMHANodeDetails (OMHANodeDetails.java:getOMNodeDetailsForNonHA(261)) - OM Node ID is not set. Setting it to the default ID: om1
2023-09-14 12:54:29,243 [Time-limited test] WARN  server.ServerUtils (ServerUtils.java:getDBPath(311)) - ozone.om.db.dirs is not configured. We recommend adding this setting. Falling back to ozone.metadata.dirs instead.
2023-09-14 12:54:29,244 [Time-limited test] INFO  upgrade.AbstractLayoutVersionManager (AbstractLayoutVersionManager.java:init(83)) - Initializing Layout version manager with metadata layout = QUOTA (version = 6), software layout = QUOTA (version = 6)
2023-09-14 12:54:29,314 [Time-limited test] INFO  reflections.Reflections (Reflections.java:scan(232)) - Reflections took 69 ms to scan 2 urls, producing 187 keys and 515 values [using 2 cores]
2023-09-14 12:54:29,314 [Time-limited test] INFO  upgrade.OMLayoutVersionManager (OMLayoutVersionManager.java:lambda$0(115)) - Skipping Upgrade Action QuotaRepairUpgradeAction since it has been finalized.
2023-09-14 12:54:29,314 [Time-limited test] INFO  upgrade.OMLayoutVersionManager (OMLayoutVersionManager.java:lambda$0(115)) - Skipping Upgrade Action MockOmUpgradeAction since it has been finalized.
2023-09-14 12:54:29,317 [pool-328-thread-2] INFO  request.KdcRequest (KdcRequest.java:preauth(651)) - The preauth data is empty.
2023-09-14 12:54:29,318 [pool-328-thread-2] INFO  server.KdcHandler (KdcHandler.java:handleRecoverableException(177)) - KRB error occurred while processing request:Additional pre-authentication required
2023-09-14 12:54:29,322 [pool-328-thread-2] INFO  request.AsRequest (AsRequest.java:issueTicket(112)) - AS_REQ ISSUE: authtime 1694696069321,om/fv-az187-373.4biwkquksivelc4kanrnlgeoof.gx.internal.cloudapp.net@EXAMPLE.COM for krbtgt/EXAMPLE.COM@EXAMPLE.COM
2023-09-14 12:54:29,327 [Time-limited test] INFO  security.UserGroupInformation (UserGroupInformation.java:loginUserFromKeytab(1132)) - Login successful for user om/fv-az187-373.4biwkquksivelc4kanrnlgeoof.gx.internal.cloudapp.net@EXAMPLE.COM using keytab file om.keytab. Keytab auto renewal enabled : false
2023-09-14 12:54:29,327 [Time-limited test] INFO  om.OzoneManager (OzoneManager.java:loginOMUser(1164)) - Ozone Manager login successful.
2023-09-14 12:54:29,327 [Time-limited test] WARN  server.ServerUtils (ServerUtils.java:getDBPath(311)) - ozone.om.db.dirs is not configured. We recommend adding this setting. Falling back to ozone.metadata.dirs instead.
2023-09-14 12:54:29,328 [Time-limited test] INFO  proxy.SCMBlockLocationFailoverProxyProvider (SCMBlockLocationFailoverProxyProvider.java:<init>(114)) - Created block location fail-over proxy with 1 nodes: [nodeId=scmNodeId,nodeAddress=/0.0.0.0:9863]
2023-09-14 12:54:29,329 [Time-limited test] INFO  om.OzoneManager (OzoneManager.java:getOmDetailsProto(4573)) - OzoneManager ports added:[name: "RPC"
value: 1202
]
2023-09-14 12:54:29,330 [Time-limited test] INFO  security.OMCertificateClient (DefaultCertificateClient.java:updateCertSerialId(1244)) - Certificate serial ID set to 9879877970576
2023-09-14 12:54:29,330 [Time-limited test] WARN  security.OMCertificateClient (DefaultCertificateClient.java:loadAllCertificates(173)) - Certificates could not be loaded.
java.nio.file.NoSuchFileException: /tmp/junit2658203502177728143/junit9089567988524181408/scm-meta/om/certs
	at sun.nio.fs.UnixException.translateToIOException(UnixException.java:86)
	at sun.nio.fs.UnixException.rethrowAsIOException(UnixException.java:102)
	at sun.nio.fs.UnixException.rethrowAsIOException(UnixException.java:107)
	at sun.nio.fs.UnixFileSystemProvider.newDirectoryStream(UnixFileSystemProvider.java:427)
	at java.nio.file.Files.newDirectoryStream(Files.java:457)
	at java.nio.file.Files.list(Files.java:3451)
	at org.apache.hadoop.hdds.security.x509.certificate.client.DefaultCertificateClient.loadAllCertificates(DefaultCertificateClient.java:168)
	at org.apache.hadoop.hdds.security.x509.certificate.client.DefaultCertificateClient.updateCertSerialId(DefaultCertificateClient.java:1245)
	at org.apache.hadoop.hdds.security.x509.certificate.client.DefaultCertificateClient.<init>(DefaultCertificateClient.java:157)
	at org.apache.hadoop.hdds.security.x509.certificate.client.CommonCertificateClient.<init>(CommonCertificateClient.java:49)
	at org.apache.hadoop.ozone.security.OMCertificateClient.<init>(OMCertificateClient.java:68)
	at org.apache.hadoop.ozone.om.OzoneManager.<init>(OzoneManager.java:643)
	at org.apache.hadoop.ozone.om.OzoneManager.createOm(OzoneManager.java:757)
	at org.apache.hadoop.ozone.TestSecureOzoneCluster.setupOm(TestSecureOzoneCluster.java:701)
	at org.apache.hadoop.ozone.TestSecureOzoneCluster.testAccessControlExceptionOnClient(TestSecureOzoneCluster.java:561)
	at sun.reflect.NativeMethodAccessorImpl.invoke0(Native Method)
	at sun.reflect.NativeMethodAccessorImpl.invoke(NativeMethodAccessorImpl.java:62)
	at sun.reflect.DelegatingMethodAccessorImpl.invoke(DelegatingMethodAccessorImpl.java:43)
	at java.lang.reflect.Method.invoke(Method.java:498)
	at org.junit.runners.model.FrameworkMethod$1.runReflectiveCall(FrameworkMethod.java:59)
	at org.junit.internal.runners.model.ReflectiveCallable.run(ReflectiveCallable.java:12)
	at org.junit.runners.model.FrameworkMethod.invokeExplosively(FrameworkMethod.java:56)
	at org.junit.internal.runners.statements.InvokeMethod.evaluate(InvokeMethod.java:17)
	at org.junit.internal.runners.statements.RunBefores.evaluate(RunBefores.java:26)
	at org.junit.internal.runners.statements.RunAfters.evaluate(RunAfters.java:27)
	at org.junit.rules.ExternalResource$1.evaluate(ExternalResource.java:54)
	at org.junit.internal.runners.statements.FailOnTimeout$CallableStatement.call(FailOnTimeout.java:288)
	at org.junit.internal.runners.statements.FailOnTimeout$CallableStatement.call(FailOnTimeout.java:282)
	at java.util.concurrent.FutureTask.run(FutureTask.java:266)
	at java.lang.Thread.run(Thread.java:750)
2023-09-14 12:54:29,332 [Time-limited test] INFO  om.OzoneManager (OzoneManager.java:<init>(665)) - OM start with adminUsers: [om/fv-az187-373.4biwkquksivelc4kanrnlgeoof.gx.internal.cloudapp.net@EXAMPLE.COM, om]
2023-09-14 12:54:29,333 [Time-limited test] WARN  server.ServerUtils (ServerUtils.java:getDBPath(311)) - ozone.om.db.dirs is not configured. We recommend adding this setting. Falling back to ozone.metadata.dirs instead.
2023-09-14 12:54:29,333 [Time-limited test] INFO  helpers.OmKeyInfo (OmKeyInfo.java:getCodec(71)) - OmKeyInfo.getCodec ignorePipeline = true
2023-09-14 12:54:29,527 [Time-limited test] INFO  om.OzoneManager (OzoneManager.java:instantiateServices(794)) - S3 Multi-Tenancy is disabled
2023-09-14 12:54:29,527 [Time-limited test] INFO  security.OzoneSecretStore (OzoneSecretStore.java:loadState(69)) - Loaded 0 tokens
2023-09-14 12:54:29,527 [Time-limited test] INFO  security.OzoneDelegationTokenSecretManager (OzoneDelegationTokenSecretManager.java:loadTokenSecretState(530)) - Loading token state into token manager.
2023-09-14 12:54:29,528 [Time-limited test] INFO  om.OmSnapshotManager (OmSnapshotManager.java:<init>(174)) - Ozone filesystem snapshot feature is enabled.
2023-09-14 12:54:29,528 [Time-limited test] WARN  server.ServerUtils (ServerUtils.java:getDBPath(311)) - ozone.om.snapshot.diff.db.dir is not configured. We recommend adding this setting. Falling back to ozone.metadata.dirs instead.
2023-09-14 12:54:29,548 [Time-limited test] INFO  snapshot.SnapshotDiffManager (SnapshotDiffManager.java:closeExecutorService(1706)) - Shutting down executorService: 'SstDumpToolExecutor'
2023-09-14 12:54:29,550 [Time-limited test] INFO  om.OzoneManager (OzoneManager.java:addS3GVolumeToDB(4305)) - Created Volume s3v With Owner om required for S3Gateway operations.
2023-09-14 12:54:29,550 [Time-limited test] WARN  server.ServerUtils (ServerUtils.java:getDefaultRatisDirectory(323)) - Storage directory for Ratis is not configured. It is a good idea to map this to an SSD disk. Falling back to ozone.metadata.dirs
2023-09-14 12:54:29,550 [Time-limited test] WARN  utils.OzoneManagerRatisUtils (OzoneManagerRatisUtils.java:getOMRatisSnapshotDirectory(464)) - ozone.om.ratis.snapshot.dir is not configured. Falling back to ozone.metadata.dirs config
2023-09-14 12:54:29,551 [Time-limited test] WARN  server.ServerUtils (ServerUtils.java:getDefaultRatisDirectory(323)) - Storage directory for Ratis is not configured. It is a good idea to map this to an SSD disk. Falling back to ozone.metadata.dirs
2023-09-14 12:54:29,552 [Time-limited test] INFO  ratis.OzoneManagerRatisServer (OzoneManagerRatisServer.java:<init>(163)) - Instantiating OM Ratis server with groupID: omServiceIdDefault and peers: fv-az187-373.4biwkquksivelc4kanrnlgeoof.gx.internal.cloudapp.net:9872
2023-09-14 12:54:29,553 [Time-limited test] INFO  ratis.OzoneManagerStateMachine (OzoneManagerStateMachine.java:loadSnapshotInfoFromDB(687)) - LastAppliedIndex is set from TransactionInfo from OM DB as (t:0, i:~)
2023-09-14 12:54:29,553 [Time-limited test] INFO  server.RaftServer (ConfUtils.java:logGet(46)) - raft.rpc.type = GRPC (default)
2023-09-14 12:54:29,554 [Time-limited test] INFO  grpc.GrpcConfigKeys (ConfUtils.java:logFallback(53)) - raft.grpc.admin.host = null (fallback to raft.grpc.server.host)
2023-09-14 12:54:29,554 [Time-limited test] INFO  grpc.GrpcConfigKeys (ConfUtils.java:logFallback(53)) - raft.grpc.admin.port = 9872 (fallback to raft.grpc.server.port)
2023-09-14 12:54:29,554 [Time-limited test] INFO  grpc.GrpcConfigKeys (ConfUtils.java:logFallback(53)) - raft.grpc.client.host = null (fallback to raft.grpc.server.host)
2023-09-14 12:54:29,554 [Time-limited test] INFO  grpc.GrpcConfigKeys (ConfUtils.java:logFallback(53)) - raft.grpc.client.port = 9872 (fallback to raft.grpc.server.port)
2023-09-14 12:54:29,554 [Time-limited test] INFO  grpc.GrpcConfigKeys (ConfUtils.java:logGet(46)) - raft.grpc.server.host = null (default)
2023-09-14 12:54:29,554 [Time-limited test] INFO  grpc.GrpcConfigKeys (ConfUtils.java:logGet(46)) - raft.grpc.server.port = 9872 (custom)
2023-09-14 12:54:29,554 [Time-limited test] INFO  server.GrpcService (ConfUtils.java:logGet(46)) - raft.grpc.message.size.max = 33554432 (custom)
2023-09-14 12:54:29,554 [Time-limited test] INFO  server.RaftServerConfigKeys (ConfUtils.java:logGet(46)) - raft.server.log.appender.buffer.byte-limit = 33554432 (custom)
2023-09-14 12:54:29,554 [Time-limited test] INFO  server.GrpcService (ConfUtils.java:logGet(46)) - raft.grpc.flow.control.window = 1MB (=1048576) (default)
2023-09-14 12:54:29,554 [Time-limited test] INFO  server.RaftServerConfigKeys (ConfUtils.java:logGet(46)) - raft.server.rpc.request.timeout = 3000ms (default)
2023-09-14 12:54:29,554 [Time-limited test] INFO  grpc.GrpcConfigKeys (ConfUtils.java:logGet(46)) - raft.grpc.server.heartbeat.channel = true (default)
2023-09-14 12:54:29,554 [Time-limited test] INFO  grpc.GrpcConfigKeys (ConfUtils.java:logGet(46)) - raft.grpc.server.async.request.thread.pool.cached = true (default)
2023-09-14 12:54:29,554 [Time-limited test] INFO  grpc.GrpcConfigKeys (ConfUtils.java:logGet(46)) - raft.grpc.server.async.request.thread.pool.size = 32 (default)
2023-09-14 12:54:29,556 [Time-limited test] INFO  impl.DataStreamServerImpl (ConfUtils.java:logGet(46)) - raft.datastream.type = DISABLED (default)
2023-09-14 12:54:29,556 [Time-limited test] INFO  server.RaftServerConfigKeys (ConfUtils.java:logGet(46)) - raft.server.threadpool.proxy.cached = true (default)
2023-09-14 12:54:29,556 [Time-limited test] INFO  server.RaftServerConfigKeys (ConfUtils.java:logGet(46)) - raft.server.threadpool.proxy.size = 0 (default)
2023-09-14 12:54:29,556 [Time-limited test] INFO  server.RaftServerConfigKeys (ConfUtils.java:logGet(46)) - raft.server.rpc.slowness.timeout = 120s (custom)
2023-09-14 12:54:29,556 [Time-limited test] INFO  server.RaftServerConfigKeys (ConfUtils.java:logGet(46)) - raft.server.leaderelection.leader.step-down.wait-time = 10s (default)
2023-09-14 12:54:29,556 [Time-limited test] INFO  server.RaftServerConfigKeys (ConfUtils.java:logGet(46)) - raft.server.storage.dir = [/tmp/junit2658203502177728143/junit9089567988524181408/scm-meta/ratis] (custom)
2023-09-14 12:54:29,557 [Time-limited test] INFO  server.RaftServer (RaftServerProxy.java:addNew(98)) - om1: addNew group-C5BA1605619E:[om1|rpc:fv-az187-373.4biwkquksivelc4kanrnlgeoof.gx.internal.cloudapp.net:9872|priority:0|startupRole:FOLLOWER] returns group-C5BA1605619E:java.util.concurrent.CompletableFuture@546a4b92[Not completed]
2023-09-14 12:54:29,557 [Time-limited test] INFO  om.OzoneManager (OzoneManager.java:initializeRatisServer(2148)) - OzoneManager Ratis server initialized at port 9872
RaftServerImpl.java:<init>(198)) - om1: new RaftServerImpl for group-C5BA1605619E:[om1|rpc:fv-az187-373.4biwkquksivelc4kanrnlgeoof.gx.internal.cloudapp.net:9872|priority:0|startupRole:FOLLOWER] with OzoneManagerStateMachine:uninitialized
2023-09-14 12:54:29,557 [Time-limited test] INFO  om.OzoneManager (OzoneManager.java:initializeRatisServer(2148)) - OzoneManager Ratis server initialized at port 9872
raft.server.rpc.timeout.min = 5s (custom)2023-09-14 12:54:29,557 [Time-limited test] INFO  om.OzoneManager
2023-09-14 12:54:29,557 [Time-limited test] INFO  om.OzoneManager (OzoneManager.java:getRpcServer(1196)) - Creating RPC Server
2023-09-14 12:54:29,557 [om1-groupManagement] INFO  server.RaftServerConfigKeys (ConfUtils.java:logGet(46)) - raft.server.rpc.timeout.max = 5200ms (custom)
2023-09-14 12:54:29,557 [om1-groupManagement] INFO  server.RaftServerConfigKeys (ConfUtils.java:logGet(46)) - raft.server.rpc.sleep.time = 25ms (default)
2023-09-14 12:54:29,557 [om1-groupManagement] INFO  server.RaftServerConfigKeys (ConfUtils.java:logGet(46)) - raft.server.rpc.slowness.timeout = 120s (custom)
2023-09-14 12:54:29,557 [om1-groupManagement] INFO  server.RaftServerConfigKeys (ConfUtils.java:logGet(46)) - raft.server.leaderelection.leader.step-down.wait-time = 10s (default)
2023-09-14 12:54:29,557 [om1-groupManagement] INFO  server.RaftServerConfigKeys (ConfUtils.java:logGet(46)) - raft.server.sleep.deviation.threshold = 300ms (default)
2023-09-14 12:54:29,557 [om1-groupManagement] INFO  server.RaftServer$Division (ServerState.java:<init>(120)) - om1@group-C5BA1605619E: ConfigurationManager, init=-1: peers:[om1|rpc:fv-az187-373.4biwkquksivelc4kanrnlgeoof.gx.internal.cloudapp.net:9872|priority:0|startupRole:FOLLOWER]|listeners:[], old=null, confs=<EMPTY_MAP>
2023-09-14 12:54:29,557 [om1-groupManagement] INFO  server.RaftServerConfigKeys (ConfUtils.java:logGet(46)) - raft.server.storage.dir = [/tmp/junit2658203502177728143/junit9089567988524181408/scm-meta/ratis] (custom)
2023-09-14 12:54:29,557 [om1-groupManagement] INFO  server.RaftServerConfigKeys (ConfUtils.java:logGet(46)) - raft.server.log.corruption.policy = EXCEPTION (default)
2023-09-14 12:54:29,558 [om1-groupManagement] INFO  server.RaftServerConfigKeys (ConfUtils.java:logGet(46)) - raft.server.storage.free-space.min = 0MB (=0) (default)
2023-09-14 12:54:29,558 [om1-groupManagement] INFO  server.RaftServerConfigKeys (ConfUtils.java:logGet(46)) - raft.server.notification.no-leader.timeout = 120s (custom)
2023-09-14 12:54:29,558 [om1-groupManagement] INFO  server.RaftServerConfigKeys (ConfUtils.java:logGet(46)) - raft.server.read.timeout = 10s (default)
2023-09-14 12:54:29,558 [om1-groupManagement] INFO  server.RaftServerConfigKeys (ConfUtils.java:logGet(46)) - raft.server.retrycache.expirytime = 300s (custom)
2023-09-14 12:54:29,558 [om1-groupManagement] INFO  server.RaftServerConfigKeys (ConfUtils.java:logGet(46)) - raft.server.retrycache.statistics.expirytime = 100μs (default)
2023-09-14 12:54:29,558 [om1-groupManagement] INFO  server.RaftServerConfigKeys (ConfUtils.java:logGet(46)) - raft.server.read.option = DEFAULT (default)
2023-09-14 12:54:29,559 [om1-groupManagement] INFO  server.RaftServerConfigKeys (ConfUtils.java:logGet(46)) - raft.server.rpc.request.timeout = 3000ms (default)
2023-09-14 12:54:29,559 [om1-groupManagement] INFO  server.RaftServerConfigKeys (ConfUtils.java:logGet(46)) - raft.server.log.appender.install.snapshot.enabled = false (custom)
2023-09-14 12:54:29,559 [om1-groupManagement] INFO  server.RaftServerConfigKeys (ConfUtils.java:logGet(46)) - raft.server.threadpool.server.cached = true (default)
2023-09-14 12:54:29,559 [om1-groupManagement] INFO  server.RaftServerConfigKeys (ConfUtils.java:logGet(46)) - raft.server.threadpool.server.size = 0 (default)
2023-09-14 12:54:29,559 [om1-groupManagement] INFO  server.RaftServerConfigKeys (ConfUtils.java:logGet(46)) - raft.server.threadpool.client.cached = true (default)
2023-09-14 12:54:29,559 [om1-groupManagement] INFO  server.RaftServerConfigKeys (ConfUtils.java:logGet(46)) - raft.server.threadpool.client.size = 0 (default)
2023-09-14 12:54:29,985 [Time-limited test] INFO  reflections.Reflections (Reflections.java:scan(232)) - Reflections took 424 ms to scan 20 urls, producing 70 keys and 6001 values [using 2 cores]
2023-09-14 12:54:29,986 [Time-limited test] INFO  ipc.CallQueueManager (CallQueueManager.java:<init>(90)) - Using callQueue: class java.util.concurrent.LinkedBlockingQueue, queueCapacity: 10000, scheduler: class org.apache.hadoop.ipc.DefaultRpcScheduler, ipcBackoff: false.
2023-09-14 12:54:29,987 [Time-limited test] INFO  ipc.Server (Server.java:<init>(1287)) - Listener at fv-az187-373.4biwkquksivelc4kanrnlgeoof.gx.internal.cloudapp.net:1202
2023-09-14 12:54:29,989 [Socket Reader #1 for port 1202] INFO  ipc.Server (Server.java:run(1323)) - Starting Socket Reader #1 for port 1202
2023-09-14 12:54:30,394 [Time-limited test] INFO  utils.SelfSignedCertificate (SelfSignedCertificate.java:generateCertificate(157)) - Certificate 1 is issued by CN=rootCA@localhost,OU=scm1,O=cluster1 to CN=rootCA@localhost,OU=scm1,O=cluster1, valid from Thu Sep 14 12:54:30 UTC 2023 to Sun Oct 22 12:54:30 UTC 2028
2023-09-14 12:54:30,397 [Time-limited test] INFO  authority.DefaultApprover (DefaultApprover.java:sign(154)) - Extensions in CSR: 2.5.29.15
2023-09-14 12:54:30,397 [Time-limited test] INFO  authority.DefaultApprover (DefaultApprover.java:sign(158)) - Extensions to add to the certificate if they present in CSR: 2.5.29.17, 2.5.29.19, 1.3.6.1.5.5.7.1.12, 2.5.29.35, 2.5.29.37, 2.5.29.15
2023-09-14 12:54:30,399 [Time-limited test] INFO  ssl.ReloadingX509KeyManager (ReloadingX509KeyManager.java:loadKeyManager(222)) - Key manager is loaded with certificate chain
2023-09-14 12:54:30,402 [Time-limited test] INFO  ssl.ReloadingX509KeyManager (ReloadingX509KeyManager.java:loadKeyManager(224)) - [
[
  Version: V3
  Subject: O=cluster1, OU=scm1, CN=localhost
  Signature Algorithm: SHA256withRSA, OID = 1.2.840.113549.1.1.11

  Key:  Sun RSA public key, 2048 bits
  params: null
  modulus: 22923261347689486888645835861856480940397719555802318648835133444009140080360646130323673693879009162754709964982676364067620773841495019641508254618722975937081232087048317604572607675130970770487883573033229007241473432156627251537995337639431381771016036483386926532491665410020362237329728038724951933691897513440765163858300409986317050305245380789456899677324268585699252984499147031411907478001965598914247057957859979249770938448032195471408312495117400676074090701565415422237324340116489833815517306484639729510877022445315228538669607687738611268771516317718625854609961453511572626646405178407163473175557
  public exponent: 65537
  Validity: [From: Thu Sep 14 12:54:30 UTC 2023,
               To: Fri Sep 13 12:54:30 UTC 2024]
  Issuer: O=cluster1, OU=scm1, CN=rootCA@localhost
  SerialNumber: [    026ce063 ec8c]

Certificate Extensions: 1
[1]: ObjectId: 2.5.29.15 Criticality=true
KeyUsage [
  DigitalSignature
  Key_Encipherment
  Data_Encipherment
  Key_Agreement
]

]
  Algorithm: [SHA256withRSA]
  Signature:
0000: 2A DD 64 9F 0E 8E 08 6A   B7 2E C6 B4 74 38 23 1F  *.d....j....t8#.
0010: C0 E3 4D 13 CA E0 72 00   E7 9B 3A 33 EF A7 E8 13  ..M...r...:3....
0020: F3 7C 58 1F 50 A5 5F 57   1F 2C D9 5C A0 76 44 C3  ..X.P._W.,.\.vD.
0030: 6A 45 1E E0 B2 94 3D 0B   D3 7A 07 E9 9D 20 F3 2F  jE....=..z... ./
0040: 3A 58 58 7A 09 BB 26 19   EF F6 0C 0B AC C8 F0 95  :XXz..&.........
0050: C1 54 D5 EA 99 A3 89 C1   C6 D0 0C 98 C9 14 3E EF  .T............>.
0060: 7F C3 64 63 87 B3 8A C6   C2 DC C8 09 A7 B9 D7 E4  ..dc............
0070: C2 AB 51 24 DF C8 74 05   89 78 1F 43 A0 99 12 2D  ..Q$..t..x.C...-
0080: 00 D7 47 6D 8C 01 30 0F   F5 BA D7 2B EF 95 D4 6C  ..Gm..0....+...l
0090: 78 76 00 64 B1 D1 73 65   67 FD 8F 25 40 7B BA 20  xv.d..seg..%@.. 
00A0: E6 BD FC 04 A5 BC BE 12   85 50 E1 E2 76 32 3B DB  .........P..v2;.
00B0: C6 71 98 56 A0 E9 59 33   53 A3 A1 4C 35 E8 FB E5  .q.V..Y3S..L5...
00C0: A4 92 2B D3 C2 87 84 36   9B 67 C3 FA 11 1A 3F 6B  ..+....6.g....?k
00D0: 2F 25 94 C7 B7 0D 4E D0   9B 7C 9C 3A 6D 20 AE A2  /%....N....:m ..
00E0: BB D7 FB 52 7C C7 F1 88   ED BC E4 1D 1F 9F A9 07  ...R............
00F0: 50 59 75 73 A8 D4 84 A0   80 37 88 82 7E 56 E1 BD  PYus.....7...V..

]
2023-09-14 12:54:30,403 [Time-limited test] INFO  ssl.ReloadingX509KeyManager (ReloadingX509KeyManager.java:loadKeyManager(224)) - [
[
  Version: V3
  Subject: O=cluster1, OU=scm1, CN=rootCA@localhost
  Signature Algorithm: SHA256withRSA, OID = 1.2.840.113549.1.1.11

  Key:  Sun RSA public key, 2048 bits
  params: null
  modulus: 20009085239101991492869094585844454212457509594414514635750691107160287416239741040283686511223788545634698789257826181793377570372654442933462638092213376155251827794103591062826410908155985471301344811000550958872742550799082222721312631400169136403992651472352287317985445043771080322357590671001237624456720868712330339128171189808312353065929482851354184626359070671221232619718480359554146365806221874884362504727863074320002002665202383228510763099296647086687152030023535880221464775276125795787868025713497757940636798746672199832770709874915359208995239627660470697884638796784299592085975500865902542036823
  public exponent: 65537
  Validity: [From: Thu Sep 14 12:54:30 UTC 2023,
               To: Sun Oct 22 12:54:30 UTC 2028]
  Issuer: O=cluster1, OU=scm1, CN=rootCA@localhost
  SerialNumber: [    01]

Certificate Extensions: 2
[1]: ObjectId: 2.5.29.19 Criticality=true
BasicConstraints:[
  CA:true
  PathLen:2147483647
]

[2]: ObjectId: 2.5.29.15 Criticality=true
KeyUsage [
  Key_CertSign
  Crl_Sign
]

]
  Algorithm: [SHA256withRSA]
  Signature:
0000: 4F 1F DA 78 C0 0C AF 59   FE FC 13 BE B5 DE 85 6B  O..x...Y.......k
0010: E9 8D 1B DA 8F F3 91 31   1B 17 5C 6D C8 BB B4 17  .......1..\m....
0020: 21 CB 77 20 04 97 C1 E8   8C 02 AD CA AF EC E7 A7  !.w ............
0030: EC 8C 65 9A 74 B7 57 27   46 C7 63 FF 62 1F BF 71  ..e.t.W'F.c.b..q
0040: FF B7 1E C7 96 F1 C8 B0   3E A2 8F B3 B5 92 30 EF  ........>.....0.
0050: DB DE 15 4B 4B 47 47 83   6E BD DB 2A AA F2 CD 4F  ...KKGG.n..*...O
0060: F1 AA 8B DA 91 88 28 12   08 0F AF 7A DE 85 3A 08  ......(....z..:.
0070: A8 3D B5 25 FF B0 CD 93   4C 92 F6 00 81 C5 CA F3  .=.%....L.......
0080: 13 18 4A B1 21 13 91 DB   47 A6 F0 5C AE 08 8A 62  ..J.!...G..\...b
0090: 5B 3B 38 2B CE 44 6B 28   57 4D B0 AF 63 24 C4 95  [;8+.Dk(WM..c$..
00A0: 8E 6C 2D 71 00 68 0A 67   AA 59 F4 78 0E 7D 89 FE  .l-q.h.g.Y.x....
00B0: 8A F4 E2 88 18 BB AD 60   6F 9F DA 80 0F C4 CF 6A  .......`o......j
00C0: B0 47 44 2C B3 5A 0F 40   34 E2 9E C3 84 32 9B 97  .GD,.Z.@4....2..
00D0: 3E 59 38 F8 E3 88 6D 77   F6 DB A9 00 E6 72 99 02  >Y8...mw.....r..
00E0: D6 3C 58 EA F6 D6 D9 35   78 4D 15 25 47 8B BC B9  .<X....5xM.%G...
00F0: 1F 63 FB 1D 28 EE F9 63   15 50 AF 79 55 DB 84 76  .c..(..c.P.yU..v

]
2023-09-14 12:54:30,403 [Time-limited test] INFO  ssl.ReloadingX509TrustManager (ReloadingX509TrustManager.java:insertCertsToKeystore(188)) - Trust manager is loaded with certificates
2023-09-14 12:54:30,404 [Time-limited test] INFO  ssl.ReloadingX509TrustManager (ReloadingX509TrustManager.java:insertCertsToKeystore(192)) - [
[
  Version: V3
  Subject: O=cluster1, OU=scm1, CN=rootCA@localhost
  Signature Algorithm: SHA256withRSA, OID = 1.2.840.113549.1.1.11

  Key:  Sun RSA public key, 2048 bits
  params: null
  modulus: 20009085239101991492869094585844454212457509594414514635750691107160287416239741040283686511223788545634698789257826181793377570372654442933462638092213376155251827794103591062826410908155985471301344811000550958872742550799082222721312631400169136403992651472352287317985445043771080322357590671001237624456720868712330339128171189808312353065929482851354184626359070671221232619718480359554146365806221874884362504727863074320002002665202383228510763099296647086687152030023535880221464775276125795787868025713497757940636798746672199832770709874915359208995239627660470697884638796784299592085975500865902542036823
  public exponent: 65537
  Validity: [From: Thu Sep 14 12:54:30 UTC 2023,
               To: Sun Oct 22 12:54:30 UTC 2028]
  Issuer: O=cluster1, OU=scm1, CN=rootCA@localhost
  SerialNumber: [    01]

Certificate Extensions: 2
[1]: ObjectId: 2.5.29.19 Criticality=true
BasicConstraints:[
  CA:true
  PathLen:2147483647
]

[2]: ObjectId: 2.5.29.15 Criticality=true
KeyUsage [
  Key_CertSign
  Crl_Sign
]

]
  Algorithm: [SHA256withRSA]
  Signature:
0000: 4F 1F DA 78 C0 0C AF 59   FE FC 13 BE B5 DE 85 6B  O..x...Y.......k
0010: E9 8D 1B DA 8F F3 91 31   1B 17 5C 6D C8 BB B4 17  .......1..\m....
0020: 21 CB 77 20 04 97 C1 E8   8C 02 AD CA AF EC E7 A7  !.w ............
0030: EC 8C 65 9A 74 B7 57 27   46 C7 63 FF 62 1F BF 71  ..e.t.W'F.c.b..q
0040: FF B7 1E C7 96 F1 C8 B0   3E A2 8F B3 B5 92 30 EF  ........>.....0.
0050: DB DE 15 4B 4B 47 47 83   6E BD DB 2A AA F2 CD 4F  ...KKGG.n..*...O
0060: F1 AA 8B DA 91 88 28 12   08 0F AF 7A DE 85 3A 08  ......(....z..:.
0070: A8 3D B5 25 FF B0 CD 93   4C 92 F6 00 81 C5 CA F3  .=.%....L.......
0080: 13 18 4A B1 21 13 91 DB   47 A6 F0 5C AE 08 8A 62  ..J.!...G..\...b
0090: 5B 3B 38 2B CE 44 6B 28   57 4D B0 AF 63 24 C4 95  [;8+.Dk(WM..c$..
00A0: 8E 6C 2D 71 00 68 0A 67   AA 59 F4 78 0E 7D 89 FE  .l-q.h.g.Y.x....
00B0: 8A F4 E2 88 18 BB AD 60   6F 9F DA 80 0F C4 CF 6A  .......`o......j
00C0: B0 47 44 2C B3 5A 0F 40   34 E2 9E C3 84 32 9B 97  .GD,.Z.@4....2..
00D0: 3E 59 38 F8 E3 88 6D 77   F6 DB A9 00 E6 72 99 02  >Y8...mw.....r..
00E0: D6 3C 58 EA F6 D6 D9 35   78 4D 15 25 47 8B BC B9  .<X....5xM.%G...
00F0: 1F 63 FB 1D 28 EE F9 63   15 50 AF 79 55 DB 84 76  .c..(..c.P.yU..v

]
2023-09-14 12:54:30,404 [Time-limited test] INFO  ssl.ReloadingX509KeyManager (ReloadingX509KeyManager.java:loadKeyManager(222)) - Key manager is loaded with certificate chain
2023-09-14 12:54:30,405 [Time-limited test] INFO  ssl.ReloadingX509KeyManager (ReloadingX509KeyManager.java:loadKeyManager(224)) - [
[
  Version: V3
  Subject: O=cluster1, OU=scm1, CN=localhost
  Signature Algorithm: SHA256withRSA, OID = 1.2.840.113549.1.1.11

  Key:  Sun RSA public key, 2048 bits
  params: null
  modulus: 22923261347689486888645835861856480940397719555802318648835133444009140080360646130323673693879009162754709964982676364067620773841495019641508254618722975937081232087048317604572607675130970770487883573033229007241473432156627251537995337639431381771016036483386926532491665410020362237329728038724951933691897513440765163858300409986317050305245380789456899677324268585699252984499147031411907478001965598914247057957859979249770938448032195471408312495117400676074090701565415422237324340116489833815517306484639729510877022445315228538669607687738611268771516317718625854609961453511572626646405178407163473175557
  public exponent: 65537
  Validity: [From: Thu Sep 14 12:54:30 UTC 2023,
               To: Fri Sep 13 12:54:30 UTC 2024]
  Issuer: O=cluster1, OU=scm1, CN=rootCA@localhost
  SerialNumber: [    026ce063 ec8c]

Certificate Extensions: 1
[1]: ObjectId: 2.5.29.15 Criticality=true
KeyUsage [
  DigitalSignature
  Key_Encipherment
  Data_Encipherment
  Key_Agreement
]

]
  Algorithm: [SHA256withRSA]
  Signature:
0000: 2A DD 64 9F 0E 8E 08 6A   B7 2E C6 B4 74 38 23 1F  *.d....j....t8#.
0010: C0 E3 4D 13 CA E0 72 00   E7 9B 3A 33 EF A7 E8 13  ..M...r...:3....
0020: F3 7C 58 1F 50 A5 5F 57   1F 2C D9 5C A0 76 44 C3  ..X.P._W.,.\.vD.
0030: 6A 45 1E E0 B2 94 3D 0B   D3 7A 07 E9 9D 20 F3 2F  jE....=..z... ./
0040: 3A 58 58 7A 09 BB 26 19   EF F6 0C 0B AC C8 F0 95  :XXz..&.........
0050: C1 54 D5 EA 99 A3 89 C1   C6 D0 0C 98 C9 14 3E EF  .T............>.
0060: 7F C3 64 63 87 B3 8A C6   C2 DC C8 09 A7 B9 D7 E4  ..dc............
0070: C2 AB 51 24 DF C8 74 05   89 78 1F 43 A0 99 12 2D  ..Q$..t..x.C...-
0080: 00 D7 47 6D 8C 01 30 0F   F5 BA D7 2B EF 95 D4 6C  ..Gm..0....+...l
0090: 78 76 00 64 B1 D1 73 65   67 FD 8F 25 40 7B BA 20  xv.d..seg..%@.. 
00A0: E6 BD FC 04 A5 BC BE 12   85 50 E1 E2 76 32 3B DB  .........P..v2;.
00B0: C6 71 98 56 A0 E9 59 33   53 A3 A1 4C 35 E8 FB E5  .q.V..Y3S..L5...
00C0: A4 92 2B D3 C2 87 84 36   9B 67 C3 FA 11 1A 3F 6B  ..+....6.g....?k
00D0: 2F 25 94 C7 B7 0D 4E D0   9B 7C 9C 3A 6D 20 AE A2  /%....N....:m ..
00E0: BB D7 FB 52 7C C7 F1 88   ED BC E4 1D 1F 9F A9 07  ...R............
00F0: 50 59 75 73 A8 D4 84 A0   80 37 88 82 7E 56 E1 BD  PYus.....7...V..

]
2023-09-14 12:54:30,405 [Time-limited test] INFO  ssl.ReloadingX509KeyManager (ReloadingX509KeyManager.java:loadKeyManager(224)) - [
[
  Version: V3
  Subject: O=cluster1, OU=scm1, CN=rootCA@localhost
  Signature Algorithm: SHA256withRSA, OID = 1.2.840.113549.1.1.11

  Key:  Sun RSA public key, 2048 bits
  params: null
  modulus: 20009085239101991492869094585844454212457509594414514635750691107160287416239741040283686511223788545634698789257826181793377570372654442933462638092213376155251827794103591062826410908155985471301344811000550958872742550799082222721312631400169136403992651472352287317985445043771080322357590671001237624456720868712330339128171189808312353065929482851354184626359070671221232619718480359554146365806221874884362504727863074320002002665202383228510763099296647086687152030023535880221464775276125795787868025713497757940636798746672199832770709874915359208995239627660470697884638796784299592085975500865902542036823
  public exponent: 65537
  Validity: [From: Thu Sep 14 12:54:30 UTC 2023,
               To: Sun Oct 22 12:54:30 UTC 2028]
  Issuer: O=cluster1, OU=scm1, CN=rootCA@localhost
  SerialNumber: [    01]

Certificate Extensions: 2
[1]: ObjectId: 2.5.29.19 Criticality=true
BasicConstraints:[
  CA:true
  PathLen:2147483647
]

[2]: ObjectId: 2.5.29.15 Criticality=true
KeyUsage [
  Key_CertSign
  Crl_Sign
]

]
  Algorithm: [SHA256withRSA]
  Signature:
0000: 4F 1F DA 78 C0 0C AF 59   FE FC 13 BE B5 DE 85 6B  O..x...Y.......k
0010: E9 8D 1B DA 8F F3 91 31   1B 17 5C 6D C8 BB B4 17  .......1..\m....
0020: 21 CB 77 20 04 97 C1 E8   8C 02 AD CA AF EC E7 A7  !.w ............
0030: EC 8C 65 9A 74 B7 57 27   46 C7 63 FF 62 1F BF 71  ..e.t.W'F.c.b..q
0040: FF B7 1E C7 96 F1 C8 B0   3E A2 8F B3 B5 92 30 EF  ........>.....0.
0050: DB DE 15 4B 4B 47 47 83   6E BD DB 2A AA F2 CD 4F  ...KKGG.n..*...O
0060: F1 AA 8B DA 91 88 28 12   08 0F AF 7A DE 85 3A 08  ......(....z..:.
0070: A8 3D B5 25 FF B0 CD 93   4C 92 F6 00 81 C5 CA F3  .=.%....L.......
0080: 13 18 4A B1 21 13 91 DB   47 A6 F0 5C AE 08 8A 62  ..J.!...G..\...b
0090: 5B 3B 38 2B CE 44 6B 28   57 4D B0 AF 63 24 C4 95  [;8+.Dk(WM..c$..
00A0: 8E 6C 2D 71 00 68 0A 67   AA 59 F4 78 0E 7D 89 FE  .l-q.h.g.Y.x....
00B0: 8A F4 E2 88 18 BB AD 60   6F 9F DA 80 0F C4 CF 6A  .......`o......j
00C0: B0 47 44 2C B3 5A 0F 40   34 E2 9E C3 84 32 9B 97  .GD,.Z.@4....2..
00D0: 3E 59 38 F8 E3 88 6D 77   F6 DB A9 00 E6 72 99 02  >Y8...mw.....r..
00E0: D6 3C 58 EA F6 D6 D9 35   78 4D 15 25 47 8B BC B9  .<X....5xM.%G...
00F0: 1F 63 FB 1D 28 EE F9 63   15 50 AF 79 55 DB 84 76  .c..(..c.P.yU..v

]
2023-09-14 12:54:30,405 [Time-limited test] INFO  ssl.ReloadingX509TrustManager (ReloadingX509TrustManager.java:insertCertsToKeystore(188)) - Trust manager is loaded with certificates
2023-09-14 12:54:30,406 [Time-limited test] INFO  ssl.ReloadingX509TrustManager (ReloadingX509TrustManager.java:insertCertsToKeystore(192)) - [
[
  Version: V3
  Subject: O=cluster1, OU=scm1, CN=rootCA@localhost
  Signature Algorithm: SHA256withRSA, OID = 1.2.840.113549.1.1.11

  Key:  Sun RSA public key, 2048 bits
  params: null
  modulus: 20009085239101991492869094585844454212457509594414514635750691107160287416239741040283686511223788545634698789257826181793377570372654442933462638092213376155251827794103591062826410908155985471301344811000550958872742550799082222721312631400169136403992651472352287317985445043771080322357590671001237624456720868712330339128171189808312353065929482851354184626359070671221232619718480359554146365806221874884362504727863074320002002665202383228510763099296647086687152030023535880221464775276125795787868025713497757940636798746672199832770709874915359208995239627660470697884638796784299592085975500865902542036823
  public exponent: 65537
  Validity: [From: Thu Sep 14 12:54:30 UTC 2023,
               To: Sun Oct 22 12:54:30 UTC 2028]
  Issuer: O=cluster1, OU=scm1, CN=rootCA@localhost
  SerialNumber: [    01]

Certificate Extensions: 2
[1]: ObjectId: 2.5.29.19 Criticality=true
BasicConstraints:[
  CA:true
  PathLen:2147483647
]

[2]: ObjectId: 2.5.29.15 Criticality=true
KeyUsage [
  Key_CertSign
  Crl_Sign
]

]
  Algorithm: [SHA256withRSA]
  Signature:
0000: 4F 1F DA 78 C0 0C AF 59   FE FC 13 BE B5 DE 85 6B  O..x...Y.......k
0010: E9 8D 1B DA 8F F3 91 31   1B 17 5C 6D C8 BB B4 17  .......1..\m....
0020: 21 CB 77 20 04 97 C1 E8   8C 02 AD CA AF EC E7 A7  !.w ............
0030: EC 8C 65 9A 74 B7 57 27   46 C7 63 FF 62 1F BF 71  ..e.t.W'F.c.b..q
0040: FF B7 1E C7 96 F1 C8 B0   3E A2 8F B3 B5 92 30 EF  ........>.....0.
0050: DB DE 15 4B 4B 47 47 83   6E BD DB 2A AA F2 CD 4F  ...KKGG.n..*...O
0060: F1 AA 8B DA 91 88 28 12   08 0F AF 7A DE 85 3A 08  ......(....z..:.
0070: A8 3D B5 25 FF B0 CD 93   4C 92 F6 00 81 C5 CA F3  .=.%....L.......
0080: 13 18 4A B1 21 13 91 DB   47 A6 F0 5C AE 08 8A 62  ..J.!...G..\...b
0090: 5B 3B 38 2B CE 44 6B 28   57 4D B0 AF 63 24 C4 95  [;8+.Dk(WM..c$..
00A0: 8E 6C 2D 71 00 68 0A 67   AA 59 F4 78 0E 7D 89 FE  .l-q.h.g.Y.x....
00B0: 8A F4 E2 88 18 BB AD 60   6F 9F DA 80 0F C4 CF 6A  .......`o......j
00C0: B0 47 44 2C B3 5A 0F 40   34 E2 9E C3 84 32 9B 97  .GD,.Z.@4....2..
00D0: 3E 59 38 F8 E3 88 6D 77   F6 DB A9 00 E6 72 99 02  >Y8...mw.....r..
00E0: D6 3C 58 EA F6 D6 D9 35   78 4D 15 25 47 8B BC B9  .<X....5xM.%G...
00F0: 1F 63 FB 1D 28 EE F9 63   15 50 AF 79 55 DB 84 76  .c..(..c.P.yU..v

]
2023-09-14 12:54:30,407 [Time-limited test] INFO  impl.MetricsSystemImpl (MetricsSystemImpl.java:init(158)) - OzoneManager metrics system started (again)
2023-09-14 12:54:30,418 [Time-limited test] INFO  om.OzoneManager (OzoneManager.java:start(1633)) - OzoneManager RPC server is listening at fv-az187-373.4biwkquksivelc4kanrnlgeoof.gx.internal.cloudapp.net/10.1.0.236:1202
2023-09-14 12:54:30,418 [Time-limited test] INFO  ratis.OzoneManagerRatisServer (OzoneManagerRatisServer.java:start(558)) - Starting OzoneManagerRatisServer om1 at port 9872
2023-09-14 12:54:30,419 [om1-impl-thread1] INFO  storage.RaftStorageDirectory (RaftStorageDirectoryImpl.java:analyzeStorage(137)) - The storage directory /tmp/junit2658203502177728143/junit9089567988524181408/scm-meta/ratis/bf265839-605b-3f16-9796-c5ba1605619e does not exist. Creating ...
2023-09-14 12:54:30,420 [om1-impl-thread1] INFO  storage.RaftStorageDirectory (RaftStorageDirectoryImpl.java:tryLock(231)) - Lock on /tmp/junit2658203502177728143/junit9089567988524181408/scm-meta/ratis/bf265839-605b-3f16-9796-c5ba1605619e/in_use.lock acquired by nodename 22730@fv-az187-373
2023-09-14 12:54:30,422 [om1-impl-thread1] INFO  storage.RaftStorage (RaftStorageImpl.java:format(96)) - Storage directory /tmp/junit2658203502177728143/junit9089567988524181408/scm-meta/ratis/bf265839-605b-3f16-9796-c5ba1605619e has been successfully formatted.
2023-09-14 12:54:30,422 [om1-impl-thread1] INFO  server.RaftServerConfigKeys (ConfUtils.java:logGet(46)) - raft.server.log.use.memory = false (default)
2023-09-14 12:54:30,422 [om1-impl-thread1] INFO  server.RaftServerConfigKeys (ConfUtils.java:logGet(46)) - raft.server.log.purge.gap = 1000000 (custom)
2023-09-14 12:54:30,422 [om1-impl-thread1] INFO  server.RaftServerConfigKeys (ConfUtils.java:logGet(46)) - raft.server.log.appender.buffer.byte-limit = 33554432 (custom)
2023-09-14 12:54:30,422 [om1-impl-thread1] INFO  server.RaftServerConfigKeys (ConfUtils.java:logGet(46)) - raft.server.log.statemachine.data.read.timeout = 1000ms (default)
2023-09-14 12:54:30,422 [om1-impl-thread1] INFO  server.RaftServerConfigKeys (ConfUtils.java:logGet(46)) - raft.server.log.purge.preservation.log.num = 0 (default)
2023-09-14 12:54:30,423 [om1-impl-thread1] INFO  server.RaftServerConfigKeys (ConfUtils.java:logGet(46)) - raft.server.log.segment.size.max = 4194304 (custom)
2023-09-14 12:54:30,423 [om1-impl-thread1] INFO  server.RaftServerConfigKeys (ConfUtils.java:logGet(46)) - raft.server.log.segment.cache.num.max = 2 (custom)
2023-09-14 12:54:30,423 [om1-impl-thread1] INFO  server.RaftServerConfigKeys (ConfUtils.java:logGet(46)) - raft.server.log.segment.cache.size.max = 200MB (=209715200) (default)
2023-09-14 12:54:30,423 [om1-impl-thread1] INFO  server.RaftServerConfigKeys (ConfUtils.java:logGet(46)) - raft.server.log.appender.buffer.byte-limit = 33554432 (custom)
2023-09-14 12:54:30,423 [om1-impl-thread1] INFO  segmented.SegmentedRaftLogWorker (SegmentedRaftLogWorker.java:<init>(188)) - new om1@group-C5BA1605619E-SegmentedRaftLogWorker for RaftStorageImpl:Storage Directory /tmp/junit2658203502177728143/junit9089567988524181408/scm-meta/ratis/bf265839-605b-3f16-9796-c5ba1605619e
2023-09-14 12:54:30,423 [om1-impl-thread1] INFO  server.RaftServerConfigKeys (ConfUtils.java:logGet(46)) - raft.server.log.queue.byte-limit = 64MB (=67108864) (default)
2023-09-14 12:54:30,423 [om1-impl-thread1] INFO  server.RaftServerConfigKeys (ConfUtils.java:logGet(46)) - raft.server.log.queue.element-limit = 4096 (default)
2023-09-14 12:54:30,423 [om1-impl-thread1] INFO  server.RaftServerConfigKeys (ConfUtils.java:logGet(46)) - raft.server.log.segment.size.max = 4194304 (custom)
2023-09-14 12:54:30,423 [om1-impl-thread1] INFO  server.RaftServerConfigKeys (ConfUtils.java:logGet(46)) - raft.server.log.preallocated.size = 4194304 (custom)
2023-09-14 12:54:30,423 [om1-impl-thread1] INFO  server.RaftServerConfigKeys (ConfUtils.java:logGet(46)) - raft.server.log.force.sync.num = 128 (default)
2023-09-14 12:54:30,423 [om1-impl-thread1] INFO  server.RaftServerConfigKeys (ConfUtils.java:logGet(46)) - raft.server.log.statemachine.data.sync = true (default)
2023-09-14 12:54:30,424 [om1-impl-thread1] INFO  server.RaftServerConfigKeys (ConfUtils.java:logGet(46)) - raft.server.log.statemachine.data.sync.timeout = 10s (default)
2023-09-14 12:54:30,424 [om1-impl-thread1] INFO  server.RaftServerConfigKeys (ConfUtils.java:logGet(46)) - raft.server.log.statemachine.data.sync.timeout.retry = -1 (default)
2023-09-14 12:54:30,424 [om1-impl-thread1] INFO  server.RaftServerConfigKeys (ConfUtils.java:logGet(46)) - raft.server.log.write.buffer.size = 64KB (=65536) (default)
2023-09-14 12:54:30,424 [om1-impl-thread1] INFO  server.RaftServerConfigKeys (ConfUtils.java:logGet(46)) - raft.server.log.appender.buffer.byte-limit = 33554432 (custom)
2023-09-14 12:54:30,430 [om1-impl-thread1] INFO  server.RaftServerConfigKeys (ConfUtils.java:logGet(46)) - raft.server.log.unsafe-flush.enabled = false (default)
2023-09-14 12:54:30,430 [om1-impl-thread1] INFO  server.RaftServerConfigKeys (ConfUtils.java:logGet(46)) - raft.server.log.async-flush.enabled = false (default)
2023-09-14 12:54:30,430 [om1-impl-thread1] INFO  server.RaftServerConfigKeys (ConfUtils.java:logGet(46)) - raft.server.log.statemachine.data.caching.enabled = false (default)
2023-09-14 12:54:30,431 [om1-impl-thread1] INFO  segmented.SegmentedRaftLogWorker (SegmentedRaftLogWorker.java:lambda$new$0(135)) - om1@group-C5BA1605619E-SegmentedRaftLogWorker: flushIndex: setUnconditionally 0 -> -1
2023-09-14 12:54:30,431 [om1-impl-thread1] INFO  segmented.SegmentedRaftLogWorker (SegmentedRaftLogWorker.java:lambda$new$0(135)) - om1@group-C5BA1605619E-SegmentedRaftLogWorker: safeCacheEvictIndex: setUnconditionally 0 -> -1
2023-09-14 12:54:30,431 [om1-impl-thread1] INFO  server.RaftServer$Division (RaftServerImpl.java:start(342)) - om1@group-C5BA1605619E: start as a follower, conf=-1: peers:[om1|rpc:fv-az187-373.4biwkquksivelc4kanrnlgeoof.gx.internal.cloudapp.net:9872|priority:0|startupRole:FOLLOWER]|listeners:[], old=null
2023-09-14 12:54:30,431 [om1-impl-thread1] INFO  server.RaftServer$Division (RaftServerImpl.java:setRole(329)) - om1@group-C5BA1605619E: changes role from      null to FOLLOWER at term 0 for startAsFollower
2023-09-14 12:54:30,431 [om1-impl-thread1] INFO  impl.RoleInfo (RoleInfo.java:updateAndGet(139)) - om1: start om1@group-C5BA1605619E-FollowerState
2023-09-14 12:54:30,432 [om1@group-C5BA1605619E-FollowerState] INFO  server.RaftServerConfigKeys (ConfUtils.java:logFallback(53)) - raft.server.rpc.first-election.timeout.min = 5s (fallback to raft.server.rpc.timeout.min)
2023-09-14 12:54:30,432 [om1@group-C5BA1605619E-FollowerState] INFO  server.RaftServerConfigKeys (ConfUtils.java:logFallback(53)) - raft.server.rpc.first-election.timeout.max = 5200ms (fallback to raft.server.rpc.timeout.max)
2023-09-14 12:54:30,433 [om1-impl-thread1] INFO  util.JmxRegister (JmxRegister.java:tryRegister(44)) - Successfully registered JMX Bean with object name Ratis:service=RaftServer,group=group-C5BA1605619E,id=om1
2023-09-14 12:54:30,435 [om1-impl-thread1] INFO  server.RaftServerConfigKeys (ConfUtils.java:logGet(46)) - raft.server.snapshot.auto.trigger.enabled = true (custom)
2023-09-14 12:54:30,435 [om1-impl-thread1] INFO  server.RaftServerConfigKeys (ConfUtils.java:logGet(46)) - raft.server.snapshot.auto.trigger.threshold = 400000 (default)
2023-09-14 12:54:30,435 [om1-impl-thread1] INFO  server.RaftServerConfigKeys (ConfUtils.java:logGet(46)) - raft.server.snapshot.retention.file.num = -1 (default)
2023-09-14 12:54:30,435 [om1-impl-thread1] INFO  server.RaftServerConfigKeys (ConfUtils.java:logGet(46)) - raft.server.log.purge.upto.snapshot.index = true (custom)
2023-09-14 12:54:30,435 [Time-limited test] INFO  server.RaftServer (RaftServerProxy.java:startImpl(400)) - om1: start RPC server
2023-09-14 12:54:30,437 [Time-limited test] INFO  server.GrpcService (GrpcService.java:startImpl(302)) - om1: GrpcService started, listening on 9872
2023-09-14 12:54:30,437 [Time-limited test] INFO  om.OzoneManager (OzoneManager.java:startSecretManager(1106)) - Starting OM delegation token secret manager
2023-09-14 12:54:30,437 [Time-limited test] INFO  security.OzoneDelegationTokenSecretManager (OzoneSecretManager.java:updateCurrentKey(175)) - Updating current master key for generating tokens. Cert id 2666644368524
2023-09-14 12:54:30,437 [JvmPauseMonitor5] INFO  util.JvmPauseMonitor (JvmPauseMonitor.java:run(103)) - JvmPauseMonitor-om1: Started
2023-09-14 12:54:30,441 [Time-limited test] INFO  om.OzoneManager (OzoneManager.java:start(1649)) - Version File has different layout version (6) than OM DB (null). That is expected if this OM has never been finalized to a newer layout version.
OzoneDelegationTokenSecretManager.java:run(636)) - Starting expired delegation token remover thread, tokenRemoverScanInterval=60 min(s)
2023-09-14 12:54:30,441 [Time-limited test] INFO  om.OzoneManager (OzoneManager.java:start(1649)) - Version File has different layout version (6) than OM DB (null). That is expected if this OM has never been finalized to a newer layout version.
2023-09-14 12:54:30,447 [Time-limited test] INFO  http.BaseHttpServer (BaseHttpServer.java:newHttpServer2BuilderForOzone(223)) - Starting Web-server for ozoneManager at: http://0.0.0.0:9874
2023-09-14 12:54:30,447 [Time-limited test] INFO  http.BaseHttpServer (BaseHttpServer.java:<init>(110)) - Hadoop Security Enabled: true Ozone Security Enabled: true Ozone HTTP Security Enabled: false 
2023-09-14 12:54:30,448 [Time-limited test] WARN  server.AuthenticationFilter (AuthenticationFilter.java:constructSecretProvider(240)) - Unable to initialize FileSignerSecretProvider, falling back to use random secrets. Reason: Could not read signature secret file: /home/runner/hadoop-http-auth-signature-secret
2023-09-14 12:54:30,449 [Time-limited test] INFO  http.HttpRequestLog (HttpRequestLog.java:getRequestLog(86)) - Http request log for http.requests.ozoneManager is not defined
2023-09-14 12:54:30,450 [Time-limited test] INFO  http.HttpServer2 (HttpServer2.java:addGlobalFilter(1031)) - Added global filter 'safety' (class=org.apache.hadoop.hdds.server.http.HttpServer2$QuotingInputFilter)
2023-09-14 12:54:30,451 [Time-limited test] INFO  http.HttpServer2 (HttpServer2.java:addFilter(1007)) - Added filter static_user_filter (class=org.apache.hadoop.http.lib.StaticUserWebFilter$StaticUserFilter) to context ozoneManager
2023-09-14 12:54:30,451 [Time-limited test] INFO  http.HttpServer2 (HttpServer2.java:addFilter(1015)) - Added filter static_user_filter (class=org.apache.hadoop.http.lib.StaticUserWebFilter$StaticUserFilter) to context logs
2023-09-14 12:54:30,451 [Time-limited test] INFO  http.HttpServer2 (HttpServer2.java:addFilter(1015)) - Added filter static_user_filter (class=org.apache.hadoop.http.lib.StaticUserWebFilter$StaticUserFilter) to context static
2023-09-14 12:54:30,452 [Time-limited test] INFO  http.BaseHttpServer (BaseHttpServer.java:<init>(189)) - HTTP server of ozoneManager uses base directory /tmp/junit2658203502177728143/junit9089567988524181408/scm-meta/webserver
2023-09-14 12:54:30,452 [Time-limited test] INFO  http.HttpServer2 (HttpServer2.java:bindListener(1231)) - Jetty bound to port 9874
2023-09-14 12:54:30,452 [Time-limited test] INFO  server.Server (Server.java:doStart(375)) - jetty-9.4.51.v20230217; built: 2023-02-17T08:19:37.309Z; git: b45c405e4544384de066f814ed42ae3dceacdd49; jvm 1.8.0_382-b05
2023-09-14 12:54:30,453 [Time-limited test] INFO  server.session (DefaultSessionIdManager.java:doStart(334)) - DefaultSessionIdManager workerName=node0
2023-09-14 12:54:30,454 [Time-limited test] INFO  server.session (DefaultSessionIdManager.java:doStart(339)) - No SessionScavenger set, using defaults
2023-09-14 12:54:30,454 [Time-limited test] INFO  server.session (HouseKeeper.java:startScavenging(132)) - node0 Scavenging every 660000ms
2023-09-14 12:54:30,461 [Time-limited test] INFO  handler.ContextHandler (ContextHandler.java:doStart(921)) - Started o.e.j.s.ServletContextHandler@746e873d{logs,/logs,file:///home/runner/work/ozone/ozone/hadoop-ozone/integration-test/target/log,AVAILABLE}
2023-09-14 12:54:30,461 [Time-limited test] INFO  handler.ContextHandler (ContextHandler.java:doStart(921)) - Started o.e.j.s.ServletContextHandler@6eaa6554{static,/static,file:///home/runner/work/ozone/ozone/hadoop-ozone/integration-test/target/test-classes/webapps/static,AVAILABLE}
2023-09-14 12:54:30,464 [Time-limited test] INFO  handler.ContextHandler (ContextHandler.java:doStart(921)) - Started o.e.j.w.WebAppContext@58219385{ozoneManager,/,file:///home/runner/work/ozone/ozone/hadoop-ozone/integration-test/target/test-classes/webapps/ozoneManager/,AVAILABLE}{file:/home/runner/work/ozone/ozone/hadoop-ozone/integration-test/target/test-classes/webapps/ozoneManager}
2023-09-14 12:54:30,474 [Time-limited test] INFO  server.AbstractConnector (AbstractConnector.java:doStart(333)) - Started ServerConnector@6f4fe149{HTTP/1.1, (http/1.1)}{0.0.0.0:9874}
2023-09-14 12:54:30,474 [Time-limited test] INFO  server.Server (Server.java:doStart(415)) - Started @65449ms
2023-09-14 12:54:30,474 [Time-limited test] WARN  impl.MetricsSystemImpl (MetricsSystemImpl.java:register(279)) - Sink prometheus already exists!
2023-09-14 12:54:30,475 [Time-limited test] INFO  http.BaseHttpServer (BaseHttpServer.java:updateConnectorAddress(354)) - HTTP server of ozoneManager listening at http://0.0.0.0:9874
2023-09-14 12:54:30,475 [IPC Server Responder] INFO  ipc.Server (Server.java:run(1562)) - IPC Server Responder: starting
2023-09-14 12:54:30,475 [IPC Server listener on 1202] INFO  ipc.Server (Server.java:run(1402)) - IPC Server listener on 1202: starting
2023-09-14 12:54:30,484 [Time-limited test] INFO  om.OzoneManager (OzoneManager.java:startTrashEmptier(2101)) - Trash Interval set to 0. Files deleted won't move to trash
2023-09-14 12:54:30,489 [pool-328-thread-2] INFO  request.KdcRequest (KdcRequest.java:preauth(651)) - The preauth data is empty.
2023-09-14 12:54:30,489 [pool-328-thread-2] INFO  server.KdcHandler (KdcHandler.java:handleRecoverableException(177)) - KRB error occurred while processing request:Additional pre-authentication required
2023-09-14 12:54:30,498 [pool-328-thread-2] INFO  request.AsRequest (AsRequest.java:issueTicket(112)) - AS_REQ ISSUE: authtime 1694696070497,test@EXAMPLE.COM for krbtgt/EXAMPLE.COM@EXAMPLE.COM
2023-09-14 12:54:30,518 [pool-328-thread-2] INFO  request.TgsRequest (TgsRequest.java:issueTicket(115)) - TGS_REQ ISSUE: authtime 1694696070518,test for om/fv-az187-373.4biwkquksivelc4kanrnlgeoof.gx.internal.cloudapp.net@EXAMPLE.COM
2023-09-14 12:54:30,525 [Socket Reader #1 for port 1202] INFO  ipc.Server (Server.java:saslProcess(2139)) - Auth successful for test@EXAMPLE.COM (auth:KERBEROS) from fv-az187-373.4biwkquksivelc4kanrnlgeoof.gx.internal.cloudapp.net:43404 / 10.1.0.236:43404
2023-09-14 12:54:32,550 [Time-limited test] INFO  retry.RetryInvocationHandler (RetryInvocationHandler.java:log(422)) - com.google.protobuf.ServiceException: org.apache.hadoop.ipc.RemoteException(org.apache.hadoop.ozone.om.exceptions.OMNotLeaderException): OM:om1 is not the leader. Could not determine the leader node.
	at org.apache.hadoop.ozone.om.OzoneManager.checkLeaderStatus(OzoneManager.java:4016)
	at org.apache.hadoop.ozone.om.ratis.utils.OzoneManagerRatisUtils.checkLeaderStatus(OzoneManagerRatisUtils.java:476)
	at org.apache.hadoop.ozone.protocolPB.OzoneManagerProtocolServerSideTranslatorPB.processRequest(OzoneManagerProtocolServerSideTranslatorPB.java:185)
	at org.apache.hadoop.hdds.server.OzoneProtocolMessageDispatcher.processRequest(OzoneProtocolMessageDispatcher.java:87)
	at org.apache.hadoop.ozone.protocolPB.OzoneManagerProtocolServerSideTranslatorPB.submitRequest(OzoneManagerProtocolServerSideTranslatorPB.java:148)
	at org.apache.hadoop.ozone.protocol.proto.OzoneManagerProtocolProtos$OzoneManagerService$2.callBlockingMethod(OzoneManagerProtocolProtos.java)
	at org.apache.hadoop.ipc.ProtobufRpcEngine$Server.processCall(ProtobufRpcEngine.java:484)
	at org.apache.hadoop.ipc.ProtobufRpcEngine2$Server$ProtoBufRpcInvoker.call(ProtobufRpcEngine2.java:595)
	at org.apache.hadoop.ipc.ProtobufRpcEngine2$Server$ProtoBufRpcInvoker.call(ProtobufRpcEngine2.java:573)
	at org.apache.hadoop.ipc.RPC$Server.call(RPC.java:1227)
	at org.apache.hadoop.ipc.Server$RpcCall.run(Server.java:1094)
	at org.apache.hadoop.ipc.Server$RpcCall.run(Server.java:1017)
	at java.security.AccessController.doPrivileged(Native Method)
	at javax.security.auth.Subject.doAs(Subject.java:422)
	at org.apache.hadoop.security.UserGroupInformation.doAs(UserGroupInformation.java:1899)
	at org.apache.hadoop.ipc.Server$Handler.run(Server.java:3048)
, while invoking $Proxy53.submitRequest over nodeId=null,nodeAddress=fv-az187-373.4biwkquksivelc4kanrnlgeoof.gx.internal.cloudapp.net:1202 after 1 failover attempts. Trying to failover after sleeping for 4000ms. Current retry count: 1.
2023-09-14 12:54:35,606 [om1@group-C5BA1605619E-FollowerState] INFO  impl.FollowerState (FollowerState.java:run(143)) - om1@group-C5BA1605619E-FollowerState: change to CANDIDATE, lastRpcElapsedTime:5174517239ns, electionTimeout:5174ms
2023-09-14 12:54:35,606 [om1@group-C5BA1605619E-FollowerState] INFO  impl.RoleInfo (RoleInfo.java:shutdownFollowerState(110)) - om1: shutdown om1@group-C5BA1605619E-FollowerState
2023-09-14 12:54:35,606 [om1@group-C5BA1605619E-FollowerState] INFO  server.RaftServer$Division (RaftServerImpl.java:setRole(329)) - om1@group-C5BA1605619E: changes role from  FOLLOWER to CANDIDATE at term 0 for changeToCandidate
2023-09-14 12:54:35,607 [om1@group-C5BA1605619E-FollowerState] INFO  server.RaftServerConfigKeys (ConfUtils.java:logGet(46)) - raft.server.leaderelection.pre-vote = true (default)
2023-09-14 12:54:35,607 [om1@group-C5BA1605619E-FollowerState] INFO  impl.RoleInfo (RoleInfo.java:updateAndGet(139)) - om1: start om1@group-C5BA1605619E-LeaderElection2
2023-09-14 12:54:35,608 [om1@group-C5BA1605619E-LeaderElection2] INFO  impl.LeaderElection (LeaderElection.java:askForVotes(321)) - om1@group-C5BA1605619E-LeaderElection2 PRE_VOTE round 0: submit vote requests at term 0 for -1: peers:[om1|rpc:fv-az187-373.4biwkquksivelc4kanrnlgeoof.gx.internal.cloudapp.net:9872|priority:0|startupRole:FOLLOWER]|listeners:[], old=null
2023-09-14 12:54:35,608 [om1@group-C5BA1605619E-LeaderElection2] INFO  impl.LeaderElection (LeaderElection.java:askForVotes(323)) - om1@group-C5BA1605619E-LeaderElection2 PRE_VOTE round 0: result PASSED (term=0)
2023-09-14 12:54:35,609 [om1@group-C5BA1605619E-LeaderElection2] INFO  impl.LeaderElection (LeaderElection.java:askForVotes(321)) - om1@group-C5BA1605619E-LeaderElection2 ELECTION round 0: submit vote requests at term 1 for -1: peers:[om1|rpc:fv-az187-373.4biwkquksivelc4kanrnlgeoof.gx.internal.cloudapp.net:9872|priority:0|startupRole:FOLLOWER]|listeners:[], old=null
2023-09-14 12:54:35,610 [om1@group-C5BA1605619E-LeaderElection2] INFO  impl.LeaderElection (LeaderElection.java:askForVotes(323)) - om1@group-C5BA1605619E-LeaderElection2 ELECTION round 0: result PASSED (term=1)
2023-09-14 12:54:35,610 [om1@group-C5BA1605619E-LeaderElection2] INFO  impl.RoleInfo (RoleInfo.java:shutdownLeaderElection(130)) - om1: shutdown om1@group-C5BA1605619E-LeaderElection2
2023-09-14 12:54:35,610 [om1@group-C5BA1605619E-LeaderElection2] INFO  server.RaftServer$Division (RaftServerImpl.java:setRole(329)) - om1@group-C5BA1605619E: changes role from CANDIDATE to LEADER at term 1 for changeToLeader
2023-09-14 12:54:35,610 [om1@group-C5BA1605619E-LeaderElection2] INFO  server.RaftServer$Division (ServerState.java:setLeader(317)) - om1@group-C5BA1605619E: change Leader from null to om1 at term 1 for becomeLeader, leader elected after 6052ms
2023-09-14 12:54:35,610 [om1@group-C5BA1605619E-LeaderElection2] INFO  server.RaftServerConfigKeys (ConfUtils.java:logGet(46)) - raft.server.staging.catchup.gap = 1000 (default)
2023-09-14 12:54:35,611 [om1@group-C5BA1605619E-LeaderElection2] INFO  server.RaftServerConfigKeys (ConfUtils.java:logGet(46)) - raft.server.write.element-limit = 4096 (default)
2023-09-14 12:54:35,611 [om1@group-C5BA1605619E-LeaderElection2] INFO  server.RaftServerConfigKeys (ConfUtils.java:logGet(46)) - raft.server.write.byte-limit = 64MB (=67108864) (default)
2023-09-14 12:54:35,611 [om1@group-C5BA1605619E-LeaderElection2] INFO  server.RaftServerConfigKeys (ConfUtils.java:logGet(46)) - raft.server.watch.timeout = 10s (default)
2023-09-14 12:54:35,611 [om1@group-C5BA1605619E-LeaderElection2] INFO  server.RaftServerConfigKeys (ConfUtils.java:logGet(46)) - raft.server.watch.timeout.denomination = 1s (default)
2023-09-14 12:54:35,611 [om1@group-C5BA1605619E-LeaderElection2] INFO  server.RaftServerConfigKeys (ConfUtils.java:logGet(46)) - raft.server.watch.element-limit = 65536 (default)
2023-09-14 12:54:35,611 [om1@group-C5BA1605619E-LeaderElection2] INFO  server.RaftServerConfigKeys (ConfUtils.java:logGet(46)) - raft.server.write.element-limit = 4096 (default)
2023-09-14 12:54:35,611 [om1@group-C5BA1605619E-LeaderElection2] INFO  server.RaftServerConfigKeys (ConfUtils.java:logGet(46)) - raft.server.write.follower.gap.ratio.max = -1.0 (default)
2023-09-14 12:54:35,611 [om1@group-C5BA1605619E-LeaderElection2] INFO  impl.RoleInfo (RoleInfo.java:updateAndGet(139)) - om1: start om1@group-C5BA1605619E-LeaderStateImpl
2023-09-14 12:54:35,612 [om1@group-C5BA1605619E-LeaderElection2] INFO  segmented.SegmentedRaftLogWorker (SegmentedRaftLogWorker.java:startLogSegment(447)) - om1@group-C5BA1605619E-SegmentedRaftLogWorker: Starting segment from index:0
2023-09-14 12:54:35,613 [om1@group-C5BA1605619E-LeaderElection2] INFO  server.RaftServer$Division (ServerState.java:setRaftConf(434)) - om1@group-C5BA1605619E: set configuration 0: peers:[om1|rpc:fv-az187-373.4biwkquksivelc4kanrnlgeoof.gx.internal.cloudapp.net:9872|admin:|client:|dataStream:|priority:0|startupRole:FOLLOWER]|listeners:[], old=null
2023-09-14 12:54:35,621 [om1@group-C5BA1605619E-SegmentedRaftLogWorker] INFO  segmented.SegmentedRaftLogWorker (SegmentedRaftLogWorker.java:execute(651)) - om1@group-C5BA1605619E-SegmentedRaftLogWorker: created new log segment /tmp/junit2658203502177728143/junit9089567988524181408/scm-meta/ratis/bf265839-605b-3f16-9796-c5ba1605619e/current/log_inprogress_0
2023-09-14 12:54:35,624 [om1@group-C5BA1605619E-StateMachineUpdater] INFO  ratis.OzoneManagerStateMachine (OzoneManagerStateMachine.java:notifyConfigurationChanged(202)) - Received Configuration change notification from Ratis. New Peer list:
[id: "om1"
address: "fv-az187-373.4biwkquksivelc4kanrnlgeoof.gx.internal.cloudapp.net:9872"
startupRole: FOLLOWER
]
2023-09-14 12:54:36,574 [OM StateMachine ApplyTransaction Thread - 0] INFO  volume.OMVolumeCreateRequest (OMVolumeCreateRequest.java:validateAndUpdateCache(196)) - created volume:vol1 for user:owner1
2023-09-14 12:54:36,604 [Time-limited test] WARN  ipc.Client (Client.java:run(733)) - Exception encountered while connecting to the server fv-az187-373.4biwkquksivelc4kanrnlgeoof.gx.internal.cloudapp.net/10.1.0.236:1202
org.apache.hadoop.security.AccessControlException: Client cannot authenticate via:[TOKEN, KERBEROS]
	at org.apache.hadoop.security.SaslRpcClient.selectSaslClient(SaslRpcClient.java:179)
	at org.apache.hadoop.security.SaslRpcClient.saslConnect(SaslRpcClient.java:392)
	at org.apache.hadoop.ipc.Client$Connection.setupSaslConnection(Client.java:561)
	at org.apache.hadoop.ipc.Client$Connection.access$2100(Client.java:347)
	at org.apache.hadoop.ipc.Client$Connection$2.run(Client.java:783)
	at org.apache.hadoop.ipc.Client$Connection$2.run(Client.java:779)
	at java.security.AccessController.doPrivileged(Native Method)
	at javax.security.auth.Subject.doAs(Subject.java:422)
	at org.apache.hadoop.security.UserGroupInformation.doAs(UserGroupInformation.java:1899)
	at org.apache.hadoop.ipc.Client$Connection.setupIOstreams(Client.java:779)
	at org.apache.hadoop.ipc.Client$Connection.access$3800(Client.java:347)
	at org.apache.hadoop.ipc.Client.getConnection(Client.java:1632)
	at org.apache.hadoop.ipc.Client.call(Client.java:1457)
	at org.apache.hadoop.ipc.Client.call(Client.java:1410)
	at org.apache.hadoop.ipc.ProtobufRpcEngine$Invoker.invoke(ProtobufRpcEngine.java:250)
	at org.apache.hadoop.ipc.ProtobufRpcEngine$Invoker.invoke(ProtobufRpcEngine.java:132)
	at com.sun.proxy.$Proxy53.submitRequest(Unknown Source)
	at sun.reflect.GeneratedMethodAccessor24.invoke(Unknown Source)
	at sun.reflect.DelegatingMethodAccessorImpl.invoke(DelegatingMethodAccessorImpl.java:43)
	at java.lang.reflect.Method.invoke(Method.java:498)
	at org.apache.hadoop.io.retry.RetryInvocationHandler.invokeMethod(RetryInvocationHandler.java:433)
	at org.apache.hadoop.io.retry.RetryInvocationHandler$Call.invokeMethod(RetryInvocationHandler.java:166)
	at org.apache.hadoop.io.retry.RetryInvocationHandler$Call.invoke(RetryInvocationHandler.java:158)
	at org.apache.hadoop.io.retry.RetryInvocationHandler$Call.invokeOnce(RetryInvocationHandler.java:96)
	at org.apache.hadoop.io.retry.RetryInvocationHandler.invoke(RetryInvocationHandler.java:362)
	at com.sun.proxy.$Proxy53.submitRequest(Unknown Source)
	at org.apache.hadoop.ozone.om.protocolPB.Hadoop3OmTransport.submitRequest(Hadoop3OmTransport.java:80)
	at org.apache.hadoop.ozone.om.protocolPB.OzoneManagerProtocolClientSideTranslatorPB.submitRequest(OzoneManagerProtocolClientSideTranslatorPB.java:322)
	at org.apache.hadoop.ozone.om.protocolPB.OzoneManagerProtocolClientSideTranslatorPB.listVolume(OzoneManagerProtocolClientSideTranslatorPB.java:528)
	at org.apache.hadoop.ozone.om.protocolPB.OzoneManagerProtocolClientSideTranslatorPB.listAllVolumes(OzoneManagerProtocolClientSideTranslatorPB.java:517)
	at org.apache.hadoop.ozone.TestSecureOzoneCluster.lambda$testAccessControlExceptionOnClient$5(TestSecureOzoneCluster.java:599)
	at org.junit.Assert.assertThrows(Assert.java:1001)
	at org.junit.Assert.assertThrows(Assert.java:981)
	at org.apache.hadoop.ozone.TestSecureOzoneCluster.testAccessControlExceptionOnClient(TestSecureOzoneCluster.java:598)
	at sun.reflect.NativeMethodAccessorImpl.invoke0(Native Method)
	at sun.reflect.NativeMethodAccessorImpl.invoke(NativeMethodAccessorImpl.java:62)
	at sun.reflect.DelegatingMethodAccessorImpl.invoke(DelegatingMethodAccessorImpl.java:43)
	at java.lang.reflect.Method.invoke(Method.java:498)
	at org.junit.runners.model.FrameworkMethod$1.runReflectiveCall(FrameworkMethod.java:59)
	at org.junit.internal.runners.model.ReflectiveCallable.run(ReflectiveCallable.java:12)
	at org.junit.runners.model.FrameworkMethod.invokeExplosively(FrameworkMethod.java:56)
	at org.junit.internal.runners.statements.InvokeMethod.evaluate(InvokeMethod.java:17)
	at org.junit.internal.runners.statements.RunBefores.evaluate(RunBefores.java:26)
	at org.junit.internal.runners.statements.RunAfters.evaluate(RunAfters.java:27)
	at org.junit.rules.ExternalResource$1.evaluate(ExternalResource.java:54)
	at org.junit.internal.runners.statements.FailOnTimeout$CallableStatement.call(FailOnTimeout.java:288)
	at org.junit.internal.runners.statements.FailOnTimeout$CallableStatement.call(FailOnTimeout.java:282)
	at java.util.concurrent.FutureTask.run(FutureTask.java:266)
	at java.lang.Thread.run(Thread.java:750)
2023-09-14 12:54:36,607 [Time-limited test] INFO  impl.DefaultInternalKdcServerImpl (DefaultInternalKdcServerImpl.java:doStop(102)) - Default Internal kdc server stopped.
2023-09-14 12:54:37,607 [Time-limited test] INFO  minikdc.MiniKdc (MiniKdc.java:stop(359)) - MiniKdc stopped.
2023-09-14 12:54:37,607 [Time-limited test] INFO  server.StorageContainerManager (StorageContainerManager.java:stop(1591)) - Container Balancer is not running.
2023-09-14 12:54:37,608 [Time-limited test] INFO  server.StorageContainerManager (StorageContainerManager.java:stopReplicationManager(1724)) - Stopping Replication Manager Service.
2023-09-14 12:54:37,608 [Time-limited test] INFO  replication.ReplicationManager (ReplicationManager.java:stop(323)) - Stopping Replication Monitor Thread.
2023-09-14 12:54:37,608 [Under Replicated Processor] WARN  replication.UnhealthyReplicationProcessor (UnhealthyReplicationProcessor.java:run(180)) - Under Replicated Processor interrupted. Exiting...
2023-09-14 12:54:37,608 [Over Replicated Processor] WARN  replication.UnhealthyReplicationProcessor (UnhealthyReplicationProcessor.java:run(180)) - Over Replicated Processor interrupted. Exiting...
2023-09-14 12:54:37,608 [ReplicationMonitor] INFO  replication.ReplicationManager (ReplicationManager.java:run(921)) - Replication Monitor Thread is stopped
2023-09-14 12:54:37,608 [Time-limited test] INFO  server.StorageContainerManager (StorageContainerManager.java:stop(1600)) - Stopping the Datanode Admin Monitor.
2023-09-14 12:54:37,609 [Time-limited test] INFO  server.StorageContainerManager (StorageContainerManager.java:stop(1607)) - Stopping datanode service RPC server
2023-09-14 12:54:37,609 [Time-limited test] INFO  server.SCMDatanodeProtocolServer (SCMDatanodeProtocolServer.java:stop(424)) - Stopping the RPC server for DataNodes
2023-09-14 12:54:37,609 [Time-limited test] INFO  ipc.Server (Server.java:stop(3523)) - Stopping server on 9861
2023-09-14 12:54:38,180 [SCM Heartbeat Processing Thread - 0] WARN  node.NodeStateManager (NodeStateManager.java:scheduleNextHealthCheck(874)) - Current Thread is interrupted, shutting down HB processing thread for Node Manager.
2023-09-14 12:54:38,180 [Time-limited test] INFO  server.StorageContainerManager (StorageContainerManager.java:stop(1615)) - Stopping block service RPC server
2023-09-14 12:54:38,181 [Time-limited test] INFO  server.SCMBlockProtocolServer (SCMBlockProtocolServer.java:stop(163)) - Stopping the RPC server for Block Protocol
2023-09-14 12:54:38,181 [Time-limited test] INFO  ipc.Server (Server.java:stop(3523)) - Stopping server on 9863
2023-09-14 12:54:38,183 [Time-limited test] INFO  server.StorageContainerManager (StorageContainerManager.java:stop(1622)) - Stopping the StorageContainerLocationProtocol RPC server
2023-09-14 12:54:38,183 [Time-limited test] INFO  server.SCMClientProtocolServer (SCMClientProtocolServer.java:stop(210)) - Stopping the RPC server for Client Protocol
2023-09-14 12:54:38,183 [Time-limited test] INFO  ipc.Server (Server.java:stop(3523)) - Stopping server on 9860
2023-09-14 12:54:38,184 [Time-limited test] INFO  server.StorageContainerManager (StorageContainerManager.java:stop(1629)) - Stopping Storage Container Manager HTTP server.
2023-09-14 12:54:38,184 [Time-limited test] INFO  server.StorageContainerManager (StorageContainerManager.java:stop(1637)) - Stopping SCM LayoutVersionManager Service.
2023-09-14 12:54:38,184 [Time-limited test] INFO  server.SCMSecurityProtocolServer (SCMSecurityProtocolServer.java:stop(550)) - Stopping the SCMSecurityProtocolServer.
2023-09-14 12:54:38,184 [Time-limited test] INFO  ipc.Server (Server.java:stop(3523)) - Stopping server on 9961
2023-09-14 12:54:38,185 [Time-limited test] INFO  server.SCMUpdateServiceGrpcServer (SCMUpdateServiceGrpcServer.java:stop(73)) - SCMUpdateService stopping
2023-09-14 12:54:38,185 [Time-limited test] INFO  server.StorageContainerManager (StorageContainerManager.java:stop(1649)) - Stopping Block Manager Service.
2023-09-14 12:54:38,185 [Time-limited test] INFO  utils.BackgroundService (BackgroundService.java:shutdown(141)) - Shutting down service SCMBlockDeletingService
2023-09-14 12:54:38,185 [Time-limited test] INFO  utils.BackgroundService (BackgroundService.java:shutdown(141)) - Shutting down service SCMBlockDeletingService
2023-09-14 12:54:38,185 [Time-limited test] INFO  server.StorageContainerManager (StorageContainerManager.java:stop(1669)) - Stopping SCM Event Queue.
2023-09-14 12:54:38,185 [Time-limited test] INFO  server.StorageContainerManager (StorageContainerManager.java:stop(1680)) - Stopping SCM HA services.
2023-09-14 12:54:38,185 [Time-limited test] INFO  pipeline.BackgroundPipelineCreator (BackgroundPipelineCreator.java:stop(149)) - Stopping RatisPipelineUtilsThread.
2023-09-14 12:54:38,187 [RatisPipelineUtilsThread - 0] WARN  pipeline.BackgroundPipelineCreator (BackgroundPipelineCreator.java:run(180)) - RatisPipelineUtilsThread is interrupted.
2023-09-14 12:54:38,187 [Time-limited test] INFO  BackgroundPipelineScrubber (BackgroundSCMService.java:stop(131)) - Stopping BackgroundPipelineScrubber Service.
2023-09-14 12:54:38,187 [BackgroundPipelineScrubberThread] WARN  BackgroundPipelineScrubber (BackgroundSCMService.java:run(115)) - BackgroundPipelineScrubber is interrupted, exit
2023-09-14 12:54:38,188 [Time-limited test] WARN  pipeline.BackgroundPipelineCreator (BackgroundPipelineCreator.java:stop(145)) - RatisPipelineUtilsThread is not running, just ignore.
2023-09-14 12:54:38,188 [Time-limited test] INFO  BackgroundPipelineScrubber (BackgroundSCMService.java:stop(126)) - BackgroundPipelineScrubber Service is not running, skip stop.
2023-09-14 12:54:38,188 [ExpiredContainerReplicaOpScrubberThread] WARN  ExpiredContainerReplicaOpScrubber (BackgroundSCMService.java:run(115)) - ExpiredContainerReplicaOpScrubber is interrupted, exit
2023-09-14 12:54:38,188 [Time-limited test] INFO  ExpiredContainerReplicaOpScrubber (BackgroundSCMService.java:stop(131)) - Stopping ExpiredContainerReplicaOpScrubber Service.
2023-09-14 12:54:38,188 [Time-limited test] INFO  utils.BackgroundService (BackgroundService.java:shutdown(141)) - Shutting down service SCMBlockDeletingService
2023-09-14 12:54:38,188 [Time-limited test] INFO  replication.ReplicationManager (ReplicationManager.java:stop(333)) - Replication Monitor Thread is not running.
2023-09-14 12:54:38,188 [Time-limited test] WARN  balancer.ContainerBalancer (ContainerBalancer.java:stop(326)) - Cannot stop Container Balancer because it's not running or stopping
2023-09-14 12:54:38,188 [Time-limited test] INFO  server.StorageContainerManager (StorageContainerManager.java:stop(1715)) - Stopping SCM MetadataStore.
2023-09-14 12:54:38,190 [Time-limited test] INFO  server.SCMSecurityProtocolServer (SCMSecurityProtocolServer.java:join(560)) - Join RPC server for SCMSecurityProtocolServer.
2023-09-14 12:54:38,190 [Time-limited test] INFO  server.SCMSecurityProtocolServer (SCMSecurityProtocolServer.java:join(562)) - Join gRPC server for SCMSecurityProtocolServer.
2023-09-14 12:54:38,190 [Time-limited test] INFO  om.OzoneManager (OzoneManager.java:stop(2207)) - om1[fv-az187-373.4biwkquksivelc4kanrnlgeoof.gx.internal.cloudapp.net:1202]: Stopping Ozone Manager
2023-09-14 12:54:38,190 [Time-limited test] INFO  ipc.Server (Server.java:stop(3523)) - Stopping server on 1202
2023-09-14 12:54:38,192 [IPC Server listener on 1202] INFO  ipc.Server (Server.java:run(1434)) - Stopping IPC Server listener on 1202
2023-09-14 12:54:38,194 [IPC Server Responder] INFO  ipc.Server (Server.java:run(1567)) - Stopping IPC Server Responder
2023-09-14 12:54:38,195 [Time-limited test] INFO  server.RaftServer (RaftServerProxy.java:lambda$close$6(416)) - om1: close
2023-09-14 12:54:38,195 [om1-impl-thread1] INFO  server.RaftServer$Division (RaftServerImpl.java:lambda$close$4(466)) - om1@group-C5BA1605619E: shutdown
2023-09-14 12:54:38,195 [om1-impl-thread1] INFO  util.JmxRegister (JmxRegister.java:unregister(73)) - Successfully un-registered JMX Bean with object name Ratis:service=RaftServer,group=group-C5BA1605619E,id=om1
2023-09-14 12:54:38,195 [om1-impl-thread1] INFO  impl.RoleInfo (RoleInfo.java:shutdownLeaderState(93)) - om1: shutdown om1@group-C5BA1605619E-LeaderStateImpl
2023-09-14 12:54:38,195 [om1-impl-thread1] INFO  impl.PendingRequests (PendingRequests.java:sendNotLeaderResponses(289)) - om1@group-C5BA1605619E-PendingRequests: sendNotLeaderResponses
2023-09-14 12:54:38,197 [Time-limited test] INFO  server.GrpcService (GrpcService.java:closeImpl(311)) - om1: shutdown server GrpcServerProtocolService now
2023-09-14 12:54:38,197 [om1-impl-thread1] INFO  impl.StateMachineUpdater (StateMachineUpdater.java:stopAndJoin(155)) - om1@group-C5BA1605619E-StateMachineUpdater: set stopIndex = 2
2023-09-14 12:54:38,198 [om1@group-C5BA1605619E-StateMachineUpdater] INFO  ratis.OzoneManagerStateMachine (OzoneManagerStateMachine.java:takeSnapshot(480)) - Current Snapshot Index (t:1, i:2)
2023-09-14 12:54:38,201 [Time-limited test] INFO  server.GrpcService (GrpcService.java:closeImpl(320)) - om1: shutdown server GrpcServerProtocolService successfully
2023-09-14 12:54:38,207 [om1@group-C5BA1605619E-StateMachineUpdater] INFO  impl.StateMachineUpdater (StateMachineUpdater.java:takeSnapshot(291)) - om1@group-C5BA1605619E-StateMachineUpdater: Took a snapshot at index 2
2023-09-14 12:54:38,207 [om1@group-C5BA1605619E-StateMachineUpdater] INFO  impl.StateMachineUpdater (StateMachineUpdater.java:lambda$new$0(97)) - om1@group-C5BA1605619E-StateMachineUpdater: snapshotIndex: updateIncreasingly -1 -> 2
2023-09-14 12:54:38,207 [om1@group-C5BA1605619E-StateMachineUpdater] INFO  ratis.OzoneManagerStateMachine (OzoneManagerStateMachine.java:close(534)) - StateMachine has shutdown. Shutdown OzoneManager if not already shutdown.
2023-09-14 12:54:38,207 [om1@group-C5BA1605619E-StateMachineUpdater] INFO  ratis.OzoneManagerDoubleBuffer (OzoneManagerDoubleBuffer.java:stopDaemon(551)) - Stopping OMDoubleBuffer flush thread
2023-09-14 12:54:38,207 [OMDoubleBufferFlushThread] INFO  ratis.OzoneManagerDoubleBuffer (OzoneManagerDoubleBuffer.java:canFlush(638)) - OMDoubleBuffer flush thread OMDoubleBufferFlushThread is interrupted and will exit.
2023-09-14 12:54:38,207 [om1-impl-thread1] INFO  server.RaftServer$Division (ServerState.java:close(472)) - om1@group-C5BA1605619E: closes. applyIndex: 2
2023-09-14 12:54:38,564 [om1-impl-thread1] INFO  segmented.SegmentedRaftLogWorker (SegmentedRaftLogWorker.java:close(252)) - om1@group-C5BA1605619E-SegmentedRaftLogWorker close()
2023-09-14 12:54:38,564 [JvmPauseMonitor5] INFO  util.JvmPauseMonitor (JvmPauseMonitor.java:run(109)) - JvmPauseMonitor-om1: Stopped
2023-09-14 12:54:38,564 [Time-limited test] INFO  ratis.OzoneManagerStateMachine (OzoneManagerStateMachine.java:close(534)) - StateMachine has shutdown. Shutdown OzoneManager if not already shutdown.
2023-09-14 12:54:38,565 [Time-limited test] INFO  ratis.OzoneManagerDoubleBuffer (OzoneManagerDoubleBuffer.java:stopDaemon(560)) - OMDoubleBuffer flush thread is not running.
2023-09-14 12:54:38,565 [Time-limited test] INFO  utils.BackgroundService (BackgroundService.java:shutdown(141)) - Shutting down service KeyDeletingService
2023-09-14 12:54:38,565 [Time-limited test] INFO  utils.BackgroundService (BackgroundService.java:shutdown(141)) - Shutting down service KeyDeletingService
2023-09-14 12:54:38,565 [Time-limited test] INFO  utils.BackgroundService (BackgroundService.java:shutdown(141)) - Shutting down service OpenKeyCleanupService
2023-09-14 12:54:38,566 [Time-limited test] INFO  utils.BackgroundService (BackgroundService.java:shutdown(141)) - Shutting down service SstFilteringService
2023-09-14 12:54:38,566 [Time-limited test] INFO  utils.BackgroundService (BackgroundService.java:shutdown(141)) - Shutting down service SnapshotDeletingService
2023-09-14 12:54:38,566 [Time-limited test] INFO  om.OzoneManager (OzoneManager.java:stopSecretManager(1066)) - Stopping secret key client.
2023-09-14 12:54:38,566 [Time-limited test] INFO  om.OzoneManager (OzoneManager.java:stopSecretManager(1071)) - Stopping OM delegation token secret manager.
2023-09-14 12:54:38,566 [Thread[Thread-1295,5,FailOnTimeoutGroup]] INFO  security.OzoneDelegationTokenSecretManager (OzoneDelegationTokenSecretManager.java:run(653)) - ExpiredTokenRemover was interrupted.
java.lang.InterruptedException: sleep interrupted
	at java.lang.Thread.sleep(Native Method)
	at org.apache.hadoop.ozone.security.OzoneDelegationTokenSecretManager$ExpiredTokenRemover.run(OzoneDelegationTokenSecretManager.java:649)
	at java.lang.Thread.run(Thread.java:750)
2023-09-14 12:54:38,569 [Time-limited test] INFO  handler.ContextHandler (ContextHandler.java:doStop(1159)) - Stopped o.e.j.w.WebAppContext@58219385{ozoneManager,/,null,STOPPED}{file:/home/runner/work/ozone/ozone/hadoop-ozone/integration-test/target/test-classes/webapps/ozoneManager}
2023-09-14 12:54:38,569 [Time-limited test] INFO  server.AbstractConnector (AbstractConnector.java:doStop(383)) - Stopped ServerConnector@6f4fe149{HTTP/1.1, (http/1.1)}{0.0.0.0:9874}
2023-09-14 12:54:38,569 [Time-limited test] INFO  server.session (HouseKeeper.java:stopScavenging(149)) - node0 Stopped scavenging
2023-09-14 12:54:38,570 [Time-limited test] INFO  handler.ContextHandler (ContextHandler.java:doStop(1159)) - Stopped o.e.j.s.ServletContextHandler@6eaa6554{static,/static,file:///home/runner/work/ozone/ozone/hadoop-ozone/integration-test/target/test-classes/webapps/static,STOPPED}
2023-09-14 12:54:38,570 [Time-limited test] INFO  handler.ContextHandler (ContextHandler.java:doStop(1159)) - Stopped o.e.j.s.ServletContextHandler@746e873d{logs,/logs,file:///home/runner/work/ozone/ozone/hadoop-ozone/integration-test/target/log,STOPPED}
2023-09-14 12:54:38,571 [Time-limited test] INFO  rocksdiff.RocksDBCheckpointDiffer (RocksDBCheckpointDiffer.java:close(343)) - Shutting down CompactionDagPruningService.
2023-09-14 12:54:38,572 [Time-limited test] INFO  snapshot.SnapshotDiffManager (SnapshotDiffManager.java:closeExecutorService(1706)) - Shutting down executorService: 'SnapDiffExecutor'
2023-09-14 12:54:38,572 [Time-limited test] INFO  snapshot.SnapshotDiffManager (SnapshotDiffManager.java:closeExecutorService(1706)) - Shutting down executorService: 'SstDumpToolExecutor'
2023-09-14 12:54:38,572 [Time-limited test] INFO  utils.BackgroundService (BackgroundService.java:shutdown(141)) - Shutting down service SnapshotDiffCleanupService
]]></system-out>
  </testcase>
  <testcase name="testDelegationTokenRenewCrossCertificateRenew" classname="org.apache.hadoop.ozone.TestSecureOzoneCluster" time="18.209">
    <failure type="org.junit.ComparisonFailure"><![CDATA[org.junit.ComparisonFailure: expected:<26[91002508697]> but was:<26[76143522159]>
	at org.junit.Assert.assertEquals(Assert.java:117)
	at org.junit.Assert.assertEquals(Assert.java:146)
	at org.apache.hadoop.ozone.TestSecureOzoneCluster.testDelegationTokenRenewCrossCertificateRenew(TestSecureOzoneCluster.java:1218)
	at sun.reflect.NativeMethodAccessorImpl.invoke0(Native Method)
	at sun.reflect.NativeMethodAccessorImpl.invoke(NativeMethodAccessorImpl.java:62)
	at sun.reflect.DelegatingMethodAccessorImpl.invoke(DelegatingMethodAccessorImpl.java:43)
	at java.lang.reflect.Method.invoke(Method.java:498)
	at org.junit.runners.model.FrameworkMethod$1.runReflectiveCall(FrameworkMethod.java:59)
	at org.junit.internal.runners.model.ReflectiveCallable.run(ReflectiveCallable.java:12)
	at org.junit.runners.model.FrameworkMethod.invokeExplosively(FrameworkMethod.java:56)
	at org.junit.internal.runners.statements.InvokeMethod.evaluate(InvokeMethod.java:17)
	at org.junit.internal.runners.statements.RunBefores.evaluate(RunBefores.java:26)
	at org.junit.internal.runners.statements.RunAfters.evaluate(RunAfters.java:27)
	at org.junit.rules.ExternalResource$1.evaluate(ExternalResource.java:54)
	at org.junit.internal.runners.statements.FailOnTimeout$CallableStatement.call(FailOnTimeout.java:288)
	at org.junit.internal.runners.statements.FailOnTimeout$CallableStatement.call(FailOnTimeout.java:282)
	at java.util.concurrent.FutureTask.run(FutureTask.java:266)
	at java.lang.Thread.run(Thread.java:750)
]]></failure>
    <system-out><![CDATA[2023-09-14 12:54:38,593 [Time-limited test] INFO  net.ServerSocketUtil (ServerSocketUtil.java:getPort(55)) - Using port 9860
2023-09-14 12:54:38,594 [Time-limited test] INFO  net.ServerSocketUtil (ServerSocketUtil.java:getPort(55)) - Using port 9861
2023-09-14 12:54:38,594 [Time-limited test] INFO  net.ServerSocketUtil (ServerSocketUtil.java:getPort(55)) - Using port 9863
2023-09-14 12:54:38,594 [Time-limited test] INFO  net.ServerSocketUtil (ServerSocketUtil.java:getPort(55)) - Using port 9961
2023-09-14 12:54:38,594 [Time-limited test] INFO  net.ServerSocketUtil (ServerSocketUtil.java:getPort(55)) - Using port 1200
2023-09-14 12:54:38,594 [Time-limited test] INFO  net.ServerSocketUtil (ServerSocketUtil.java:getPort(55)) - Using port 1201
2023-09-14 12:54:38,594 [Time-limited test] INFO  minikdc.MiniKdc (MiniKdc.java:<init>(225)) - Configuration:
2023-09-14 12:54:38,594 [Time-limited test] INFO  minikdc.MiniKdc (MiniKdc.java:<init>(226)) - ---------------------------------------------------------------
2023-09-14 12:54:38,594 [Time-limited test] INFO  minikdc.MiniKdc (MiniKdc.java:<init>(228)) -   debug: false
2023-09-14 12:54:38,594 [Time-limited test] INFO  minikdc.MiniKdc (MiniKdc.java:<init>(228)) -   transport: TCP
2023-09-14 12:54:38,594 [Time-limited test] INFO  minikdc.MiniKdc (MiniKdc.java:<init>(228)) -   max.ticket.lifetime: 86400000
2023-09-14 12:54:38,594 [Time-limited test] INFO  minikdc.MiniKdc (MiniKdc.java:<init>(228)) -   org.name: EXAMPLE
2023-09-14 12:54:38,594 [Time-limited test] INFO  minikdc.MiniKdc (MiniKdc.java:<init>(228)) -   kdc.port: 0
2023-09-14 12:54:38,594 [Time-limited test] INFO  minikdc.MiniKdc (MiniKdc.java:<init>(228)) -   org.domain: COM
2023-09-14 12:54:38,594 [Time-limited test] INFO  minikdc.MiniKdc (MiniKdc.java:<init>(228)) -   max.renewable.lifetime: 604800000
2023-09-14 12:54:38,594 [Time-limited test] INFO  minikdc.MiniKdc (MiniKdc.java:<init>(228)) -   instance: DefaultKrbServer
2023-09-14 12:54:38,594 [Time-limited test] INFO  minikdc.MiniKdc (MiniKdc.java:<init>(228)) -   kdc.bind.address: localhost
2023-09-14 12:54:38,595 [Time-limited test] INFO  minikdc.MiniKdc (MiniKdc.java:<init>(230)) - ---------------------------------------------------------------
2023-09-14 12:54:38,596 [Time-limited test] INFO  minikdc.MiniKdc (MiniKdc.java:start(285)) - MiniKdc started.
2023-09-14 12:54:38,945 [Time-limited test] INFO  om.OzoneManager (OzoneManager.java:getOmDetailsProto(4573)) - OzoneManager ports added:[name: "RPC"
value: 1202
]
2023-09-14 12:54:38,946 [Time-limited test] WARN  server.ServerUtils (ServerUtils.java:getDBPath(311)) - ozone.om.db.dirs is not configured. We recommend adding this setting. Falling back to ozone.metadata.dirs instead.
2023-09-14 12:54:38,948 [Time-limited test] INFO  ha.OMHANodeDetails (OMHANodeDetails.java:loadOMHAConfig(115)) - ozone.om.internal.service.id is not defined, falling back to ozone.om.service.ids to find serviceID for OzoneManager if it is HA enabled cluster
2023-09-14 12:54:38,948 [Time-limited test] INFO  ha.OMHANodeDetails (OMHANodeDetails.java:loadOMHAConfig(226)) - Configuration does not have ozone.om.address set. Falling back to the default OM address fv-az187-373.4biwkquksivelc4kanrnlgeoof.gx.internal.cloudapp.net/10.1.0.236:1202
2023-09-14 12:54:38,948 [Time-limited test] INFO  ha.OMHANodeDetails (OMHANodeDetails.java:getOMNodeDetailsForNonHA(254)) - OM Service ID is not set. Setting it to the default ID: omServiceIdDefault
2023-09-14 12:54:38,948 [Time-limited test] INFO  ha.OMHANodeDetails (OMHANodeDetails.java:getOMNodeDetailsForNonHA(261)) - OM Node ID is not set. Setting it to the default ID: om1
2023-09-14 12:54:38,948 [Time-limited test] WARN  server.ServerUtils (ServerUtils.java:getDBPath(311)) - ozone.om.db.dirs is not configured. We recommend adding this setting. Falling back to ozone.metadata.dirs instead.
2023-09-14 12:54:38,949 [Time-limited test] INFO  upgrade.AbstractLayoutVersionManager (AbstractLayoutVersionManager.java:init(83)) - Initializing Layout version manager with metadata layout = QUOTA (version = 6), software layout = QUOTA (version = 6)
2023-09-14 12:54:39,011 [Time-limited test] INFO  reflections.Reflections (Reflections.java:scan(232)) - Reflections took 61 ms to scan 2 urls, producing 187 keys and 515 values [using 2 cores]
2023-09-14 12:54:39,011 [Time-limited test] INFO  upgrade.OMLayoutVersionManager (OMLayoutVersionManager.java:lambda$0(115)) - Skipping Upgrade Action QuotaRepairUpgradeAction since it has been finalized.
2023-09-14 12:54:39,011 [Time-limited test] INFO  upgrade.OMLayoutVersionManager (OMLayoutVersionManager.java:lambda$0(115)) - Skipping Upgrade Action MockOmUpgradeAction since it has been finalized.
2023-09-14 12:54:39,018 [pool-390-thread-1] INFO  request.KdcRequest (KdcRequest.java:preauth(651)) - The preauth data is empty.
2023-09-14 12:54:39,018 [pool-390-thread-1] INFO  server.KdcHandler (KdcHandler.java:handleRecoverableException(177)) - KRB error occurred while processing request:Additional pre-authentication required
2023-09-14 12:54:39,022 [pool-390-thread-2] INFO  request.AsRequest (AsRequest.java:issueTicket(112)) - AS_REQ ISSUE: authtime 1694696079021,om/fv-az187-373.4biwkquksivelc4kanrnlgeoof.gx.internal.cloudapp.net@EXAMPLE.COM for krbtgt/EXAMPLE.COM@EXAMPLE.COM
2023-09-14 12:54:39,023 [Time-limited test] INFO  security.UserGroupInformation (UserGroupInformation.java:loginUserFromKeytab(1132)) - Login successful for user om/fv-az187-373.4biwkquksivelc4kanrnlgeoof.gx.internal.cloudapp.net@EXAMPLE.COM using keytab file om.keytab. Keytab auto renewal enabled : false
2023-09-14 12:54:39,023 [Time-limited test] INFO  om.OzoneManager (OzoneManager.java:loginOMUser(1164)) - Ozone Manager login successful.
2023-09-14 12:54:39,023 [Time-limited test] WARN  server.ServerUtils (ServerUtils.java:getDBPath(311)) - ozone.om.db.dirs is not configured. We recommend adding this setting. Falling back to ozone.metadata.dirs instead.
2023-09-14 12:54:39,024 [Time-limited test] INFO  proxy.SCMBlockLocationFailoverProxyProvider (SCMBlockLocationFailoverProxyProvider.java:<init>(114)) - Created block location fail-over proxy with 1 nodes: [nodeId=scmNodeId,nodeAddress=localhost/127.0.0.1:9863]
2023-09-14 12:54:39,025 [Time-limited test] INFO  om.OzoneManager (OzoneManager.java:getOmDetailsProto(4573)) - OzoneManager ports added:[name: "RPC"
value: 1202
]
2023-09-14 12:54:39,026 [Time-limited test] INFO  security.OMCertificateClient (DefaultCertificateClient.java:updateCertSerialId(1244)) - Certificate serial ID set to 9879877970576
2023-09-14 12:54:39,026 [Time-limited test] WARN  security.OMCertificateClient (DefaultCertificateClient.java:loadAllCertificates(173)) - Certificates could not be loaded.
java.nio.file.NoSuchFileException: /tmp/junit6564048251094714608/junit4490768989666193927/om-meta/om/certs
	at sun.nio.fs.UnixException.translateToIOException(UnixException.java:86)
	at sun.nio.fs.UnixException.rethrowAsIOException(UnixException.java:102)
	at sun.nio.fs.UnixException.rethrowAsIOException(UnixException.java:107)
	at sun.nio.fs.UnixFileSystemProvider.newDirectoryStream(UnixFileSystemProvider.java:427)
	at java.nio.file.Files.newDirectoryStream(Files.java:457)
	at java.nio.file.Files.list(Files.java:3451)
	at org.apache.hadoop.hdds.security.x509.certificate.client.DefaultCertificateClient.loadAllCertificates(DefaultCertificateClient.java:168)
	at org.apache.hadoop.hdds.security.x509.certificate.client.DefaultCertificateClient.updateCertSerialId(DefaultCertificateClient.java:1245)
	at org.apache.hadoop.hdds.security.x509.certificate.client.DefaultCertificateClient.<init>(DefaultCertificateClient.java:157)
	at org.apache.hadoop.hdds.security.x509.certificate.client.CommonCertificateClient.<init>(CommonCertificateClient.java:49)
	at org.apache.hadoop.ozone.security.OMCertificateClient.<init>(OMCertificateClient.java:68)
	at org.apache.hadoop.ozone.om.OzoneManager.<init>(OzoneManager.java:643)
	at org.apache.hadoop.ozone.om.OzoneManager.createOm(OzoneManager.java:757)
	at org.apache.hadoop.ozone.TestSecureOzoneCluster.setupOm(TestSecureOzoneCluster.java:701)
	at org.apache.hadoop.ozone.TestSecureOzoneCluster.testDelegationTokenRenewCrossCertificateRenew(TestSecureOzoneCluster.java:1166)
	at sun.reflect.NativeMethodAccessorImpl.invoke0(Native Method)
	at sun.reflect.NativeMethodAccessorImpl.invoke(NativeMethodAccessorImpl.java:62)
	at sun.reflect.DelegatingMethodAccessorImpl.invoke(DelegatingMethodAccessorImpl.java:43)
	at java.lang.reflect.Method.invoke(Method.java:498)
	at org.junit.runners.model.FrameworkMethod$1.runReflectiveCall(FrameworkMethod.java:59)
	at org.junit.internal.runners.model.ReflectiveCallable.run(ReflectiveCallable.java:12)
	at org.junit.runners.model.FrameworkMethod.invokeExplosively(FrameworkMethod.java:56)
	at org.junit.internal.runners.statements.InvokeMethod.evaluate(InvokeMethod.java:17)
	at org.junit.internal.runners.statements.RunBefores.evaluate(RunBefores.java:26)
	at org.junit.internal.runners.statements.RunAfters.evaluate(RunAfters.java:27)
	at org.junit.rules.ExternalResource$1.evaluate(ExternalResource.java:54)
	at org.junit.internal.runners.statements.FailOnTimeout$CallableStatement.call(FailOnTimeout.java:288)
	at org.junit.internal.runners.statements.FailOnTimeout$CallableStatement.call(FailOnTimeout.java:282)
	at java.util.concurrent.FutureTask.run(FutureTask.java:266)
	at java.lang.Thread.run(Thread.java:750)
2023-09-14 12:54:39,027 [Time-limited test] INFO  om.OzoneManager (OzoneManager.java:<init>(665)) - OM start with adminUsers: [om/fv-az187-373.4biwkquksivelc4kanrnlgeoof.gx.internal.cloudapp.net@EXAMPLE.COM, om]
2023-09-14 12:54:39,028 [Time-limited test] WARN  server.ServerUtils (ServerUtils.java:getDBPath(311)) - ozone.om.db.dirs is not configured. We recommend adding this setting. Falling back to ozone.metadata.dirs instead.
2023-09-14 12:54:39,028 [Time-limited test] INFO  helpers.OmKeyInfo (OmKeyInfo.java:getCodec(71)) - OmKeyInfo.getCodec ignorePipeline = true
2023-09-14 12:54:39,199 [Time-limited test] INFO  om.OzoneManager (OzoneManager.java:instantiateServices(794)) - S3 Multi-Tenancy is disabled
2023-09-14 12:54:39,200 [Time-limited test] INFO  security.OzoneSecretStore (OzoneSecretStore.java:loadState(69)) - Loaded 0 tokens
2023-09-14 12:54:39,200 [Time-limited test] INFO  security.OzoneDelegationTokenSecretManager (OzoneDelegationTokenSecretManager.java:loadTokenSecretState(530)) - Loading token state into token manager.
2023-09-14 12:54:39,200 [Time-limited test] INFO  om.OmSnapshotManager (OmSnapshotManager.java:<init>(174)) - Ozone filesystem snapshot feature is enabled.
2023-09-14 12:54:39,201 [Time-limited test] WARN  server.ServerUtils (ServerUtils.java:getDBPath(311)) - ozone.om.snapshot.diff.db.dir is not configured. We recommend adding this setting. Falling back to ozone.metadata.dirs instead.
2023-09-14 12:54:39,223 [Time-limited test] INFO  snapshot.SnapshotDiffManager (SnapshotDiffManager.java:closeExecutorService(1706)) - Shutting down executorService: 'SstDumpToolExecutor'
2023-09-14 12:54:39,226 [Time-limited test] INFO  om.OzoneManager (OzoneManager.java:addS3GVolumeToDB(4305)) - Created Volume s3v With Owner om required for S3Gateway operations.
2023-09-14 12:54:39,226 [Time-limited test] WARN  server.ServerUtils (ServerUtils.java:getDefaultRatisDirectory(323)) - Storage directory for Ratis is not configured. It is a good idea to map this to an SSD disk. Falling back to ozone.metadata.dirs
2023-09-14 12:54:39,226 [Time-limited test] WARN  utils.OzoneManagerRatisUtils (OzoneManagerRatisUtils.java:getOMRatisSnapshotDirectory(464)) - ozone.om.ratis.snapshot.dir is not configured. Falling back to ozone.metadata.dirs config
2023-09-14 12:54:39,226 [Time-limited test] WARN  server.ServerUtils (ServerUtils.java:getDefaultRatisDirectory(323)) - Storage directory for Ratis is not configured. It is a good idea to map this to an SSD disk. Falling back to ozone.metadata.dirs
2023-09-14 12:54:39,227 [Time-limited test] INFO  ratis.OzoneManagerRatisServer (OzoneManagerRatisServer.java:<init>(163)) - Instantiating OM Ratis server with groupID: omServiceIdDefault and peers: fv-az187-373.4biwkquksivelc4kanrnlgeoof.gx.internal.cloudapp.net:9872
2023-09-14 12:54:39,228 [Time-limited test] INFO  ratis.OzoneManagerStateMachine (OzoneManagerStateMachine.java:loadSnapshotInfoFromDB(687)) - LastAppliedIndex is set from TransactionInfo from OM DB as (t:0, i:~)
2023-09-14 12:54:39,228 [Time-limited test] INFO  server.RaftServer (ConfUtils.java:logGet(46)) - raft.rpc.type = GRPC (default)
2023-09-14 12:54:39,228 [Time-limited test] INFO  grpc.GrpcConfigKeys (ConfUtils.java:logFallback(53)) - raft.grpc.admin.host = null (fallback to raft.grpc.server.host)
2023-09-14 12:54:39,228 [Time-limited test] INFO  grpc.GrpcConfigKeys (ConfUtils.java:logFallback(53)) - raft.grpc.admin.port = 9872 (fallback to raft.grpc.server.port)
2023-09-14 12:54:39,228 [Time-limited test] INFO  grpc.GrpcConfigKeys (ConfUtils.java:logFallback(53)) - raft.grpc.client.host = null (fallback to raft.grpc.server.host)
2023-09-14 12:54:39,229 [Time-limited test] INFO  grpc.GrpcConfigKeys (ConfUtils.java:logFallback(53)) - raft.grpc.client.port = 9872 (fallback to raft.grpc.server.port)
2023-09-14 12:54:39,229 [Time-limited test] INFO  grpc.GrpcConfigKeys (ConfUtils.java:logGet(46)) - raft.grpc.server.host = null (default)
2023-09-14 12:54:39,229 [Time-limited test] INFO  grpc.GrpcConfigKeys (ConfUtils.java:logGet(46)) - raft.grpc.server.port = 9872 (custom)
2023-09-14 12:54:39,229 [Time-limited test] INFO  server.GrpcService (ConfUtils.java:logGet(46)) - raft.grpc.message.size.max = 33554432 (custom)
2023-09-14 12:54:39,229 [Time-limited test] INFO  server.RaftServerConfigKeys (ConfUtils.java:logGet(46)) - raft.server.log.appender.buffer.byte-limit = 33554432 (custom)
2023-09-14 12:54:39,229 [Time-limited test] INFO  server.GrpcService (ConfUtils.java:logGet(46)) - raft.grpc.flow.control.window = 1MB (=1048576) (default)
2023-09-14 12:54:39,229 [Time-limited test] INFO  server.RaftServerConfigKeys (ConfUtils.java:logGet(46)) - raft.server.rpc.request.timeout = 3000ms (default)
2023-09-14 12:54:39,229 [Time-limited test] INFO  grpc.GrpcConfigKeys (ConfUtils.java:logGet(46)) - raft.grpc.server.heartbeat.channel = true (default)
2023-09-14 12:54:39,229 [Time-limited test] INFO  grpc.GrpcConfigKeys (ConfUtils.java:logGet(46)) - raft.grpc.server.async.request.thread.pool.cached = true (default)
2023-09-14 12:54:39,230 [Time-limited test] INFO  grpc.GrpcConfigKeys (ConfUtils.java:logGet(46)) - raft.grpc.server.async.request.thread.pool.size = 32 (default)
2023-09-14 12:54:39,231 [Time-limited test] INFO  impl.DataStreamServerImpl (ConfUtils.java:logGet(46)) - raft.datastream.type = DISABLED (default)
2023-09-14 12:54:39,231 [Time-limited test] INFO  server.RaftServerConfigKeys (ConfUtils.java:logGet(46)) - raft.server.threadpool.proxy.cached = true (default)
2023-09-14 12:54:39,231 [Time-limited test] INFO  server.RaftServerConfigKeys (ConfUtils.java:logGet(46)) - raft.server.threadpool.proxy.size = 0 (default)
2023-09-14 12:54:39,231 [Time-limited test] INFO  server.RaftServerConfigKeys (ConfUtils.java:logGet(46)) - raft.server.rpc.slowness.timeout = 120s (custom)
2023-09-14 12:54:39,231 [Time-limited test] INFO  server.RaftServerConfigKeys (ConfUtils.java:logGet(46)) - raft.server.leaderelection.leader.step-down.wait-time = 10s (default)
2023-09-14 12:54:39,231 [Time-limited test] INFO  server.RaftServerConfigKeys (ConfUtils.java:logGet(46)) - raft.server.storage.dir = [/tmp/junit6564048251094714608/junit4490768989666193927/om-meta/ratis] (custom)
2023-09-14 12:54:39,232 [Time-limited test] INFO  server.RaftServer (RaftServerProxy.java:addNew(98)) - om1: addNew group-C5BA1605619E:[om1|rpc:fv-az187-373.4biwkquksivelc4kanrnlgeoof.gx.internal.cloudapp.net:9872|priority:0|startupRole:FOLLOWER] returns group-C5BA1605619E:java.util.concurrent.CompletableFuture@34f928bc[Not completed]
2023-09-14 12:54:39,232 [Time-limited test] INFO  om.OzoneManager (OzoneManager.java:initializeRatisServer(2148)) - OzoneManager Ratis server initialized at port 9872
RaftServerImpl.java:<init>(198)) - om1: new RaftServerImpl for group-C5BA1605619E:[om1|rpc:fv-az187-373.4biwkquksivelc4kanrnlgeoof.gx.internal.cloudapp.net:9872|priority:0|startupRole:FOLLOWER] with OzoneManagerStateMachine:uninitialized
2023-09-14 12:54:39,232 [Time-limited test] INFO  om.OzoneManager (OzoneManager.java:initializeRatisServer(2148)) - OzoneManager Ratis server initialized at port 9872
2023-09-14 12:54:39,232 [Time-limited test] INFO  om.OzoneManager (ConfUtils.java:logGet(46)) - raft.server.rpc.timeout.min = 5s (custom)
2023-09-14 12:54:39,232 [Time-limited test] INFO  om.OzoneManager (OzoneManager.java:getRpcServer(1196)) - Creating RPC Server
2023-09-14 12:54:39,232 [om1-groupManagement] INFO  server.RaftServerConfigKeys (ConfUtils.java:logGet(46)) - raft.server.rpc.timeout.max = 5200ms (custom)
2023-09-14 12:54:39,232 [om1-groupManagement] INFO  server.RaftServerConfigKeys (ConfUtils.java:logGet(46)) - raft.server.rpc.sleep.time = 25ms (default)
2023-09-14 12:54:39,232 [om1-groupManagement] INFO  server.RaftServerConfigKeys (ConfUtils.java:logGet(46)) - raft.server.rpc.slowness.timeout = 120s (custom)
2023-09-14 12:54:39,233 [om1-groupManagement] INFO  server.RaftServerConfigKeys (ConfUtils.java:logGet(46)) - raft.server.leaderelection.leader.step-down.wait-time = 10s (default)
2023-09-14 12:54:39,233 [om1-groupManagement] INFO  server.RaftServerConfigKeys (ConfUtils.java:logGet(46)) - raft.server.sleep.deviation.threshold = 300ms (default)
2023-09-14 12:54:39,233 [om1-groupManagement] INFO  server.RaftServer$Division (ServerState.java:<init>(120)) - om1@group-C5BA1605619E: ConfigurationManager, init=-1: peers:[om1|rpc:fv-az187-373.4biwkquksivelc4kanrnlgeoof.gx.internal.cloudapp.net:9872|priority:0|startupRole:FOLLOWER]|listeners:[], old=null, confs=<EMPTY_MAP>
2023-09-14 12:54:39,233 [om1-groupManagement] INFO  server.RaftServerConfigKeys (ConfUtils.java:logGet(46)) - raft.server.storage.dir = [/tmp/junit6564048251094714608/junit4490768989666193927/om-meta/ratis] (custom)
2023-09-14 12:54:39,233 [om1-groupManagement] INFO  server.RaftServerConfigKeys (ConfUtils.java:logGet(46)) - raft.server.log.corruption.policy = EXCEPTION (default)
2023-09-14 12:54:39,233 [om1-groupManagement] INFO  server.RaftServerConfigKeys (ConfUtils.java:logGet(46)) - raft.server.storage.free-space.min = 0MB (=0) (default)
2023-09-14 12:54:39,233 [om1-groupManagement] INFO  server.RaftServerConfigKeys (ConfUtils.java:logGet(46)) - raft.server.notification.no-leader.timeout = 120s (custom)
2023-09-14 12:54:39,233 [om1-groupManagement] INFO  server.RaftServerConfigKeys (ConfUtils.java:logGet(46)) - raft.server.read.timeout = 10s (default)
2023-09-14 12:54:39,233 [om1-groupManagement] INFO  server.RaftServerConfigKeys (ConfUtils.java:logGet(46)) - raft.server.retrycache.expirytime = 300s (custom)
2023-09-14 12:54:39,233 [om1-groupManagement] INFO  server.RaftServerConfigKeys (ConfUtils.java:logGet(46)) - raft.server.retrycache.statistics.expirytime = 100μs (default)
2023-09-14 12:54:39,233 [om1-groupManagement] INFO  server.RaftServerConfigKeys (ConfUtils.java:logGet(46)) - raft.server.read.option = DEFAULT (default)
2023-09-14 12:54:39,235 [om1-groupManagement] INFO  server.RaftServerConfigKeys (ConfUtils.java:logGet(46)) - raft.server.rpc.request.timeout = 3000ms (default)
2023-09-14 12:54:39,235 [om1-groupManagement] INFO  server.RaftServerConfigKeys (ConfUtils.java:logGet(46)) - raft.server.log.appender.install.snapshot.enabled = false (custom)
2023-09-14 12:54:39,235 [om1-groupManagement] INFO  server.RaftServerConfigKeys (ConfUtils.java:logGet(46)) - raft.server.threadpool.server.cached = true (default)
2023-09-14 12:54:39,235 [om1-groupManagement] INFO  server.RaftServerConfigKeys (ConfUtils.java:logGet(46)) - raft.server.threadpool.server.size = 0 (default)
2023-09-14 12:54:39,236 [om1-groupManagement] INFO  server.RaftServerConfigKeys (ConfUtils.java:logGet(46)) - raft.server.threadpool.client.cached = true (default)
2023-09-14 12:54:39,236 [om1-groupManagement] INFO  server.RaftServerConfigKeys (ConfUtils.java:logGet(46)) - raft.server.threadpool.client.size = 0 (default)
2023-09-14 12:54:39,518 [Time-limited test] INFO  reflections.Reflections (Reflections.java:scan(232)) - Reflections took 285 ms to scan 20 urls, producing 70 keys and 6001 values [using 2 cores]
2023-09-14 12:54:39,519 [Time-limited test] INFO  ipc.CallQueueManager (CallQueueManager.java:<init>(90)) - Using callQueue: class java.util.concurrent.LinkedBlockingQueue, queueCapacity: 10000, scheduler: class org.apache.hadoop.ipc.DefaultRpcScheduler, ipcBackoff: false.
2023-09-14 12:54:39,520 [Time-limited test] INFO  ipc.Server (Server.java:<init>(1287)) - Listener at fv-az187-373.4biwkquksivelc4kanrnlgeoof.gx.internal.cloudapp.net:1202
2023-09-14 12:54:39,520 [Socket Reader #1 for port 1202] INFO  ipc.Server (Server.java:run(1323)) - Starting Socket Reader #1 for port 1202
2023-09-14 12:54:39,893 [Time-limited test] INFO  utils.SelfSignedCertificate (SelfSignedCertificate.java:generateCertificate(157)) - Certificate 1 is issued by CN=rootCA@localhost,OU=scm1,O=cluster1 to CN=rootCA@localhost,OU=scm1,O=cluster1, valid from Thu Sep 14 12:54:39 UTC 2023 to Sun Oct 22 12:54:39 UTC 2028
2023-09-14 12:54:39,896 [Time-limited test] INFO  authority.DefaultApprover (DefaultApprover.java:sign(154)) - Extensions in CSR: 2.5.29.15
2023-09-14 12:54:39,896 [Time-limited test] INFO  authority.DefaultApprover (DefaultApprover.java:sign(158)) - Extensions to add to the certificate if they present in CSR: 2.5.29.17, 2.5.29.19, 1.3.6.1.5.5.7.1.12, 2.5.29.35, 2.5.29.37, 2.5.29.15
2023-09-14 12:54:39,898 [Time-limited test] INFO  ssl.ReloadingX509KeyManager (ReloadingX509KeyManager.java:loadKeyManager(222)) - Key manager is loaded with certificate chain
2023-09-14 12:54:39,899 [Time-limited test] INFO  ssl.ReloadingX509KeyManager (ReloadingX509KeyManager.java:loadKeyManager(224)) - [
[
  Version: V3
  Subject: O=cluster1, OU=scm1, CN=localhost
  Signature Algorithm: SHA256withRSA, OID = 1.2.840.113549.1.1.11

  Key:  Sun RSA public key, 2048 bits
  params: null
  modulus: 19829908895973937343146022479867046576245339995600064120660517062535795524880665543418594960864767483842585853464604741152960595543497774907416168491816533015615934237492793837877062234381007626431046527155915508302386598709550103966759807662488032306997048679000256834545314861093307895447926277366942154026825825745101755166349756742108318351785929396309194565848161978340836342041903109471703880388577905812149017530767012566972268925263315903300442139297814472385274005500536436725655033846086838335197906944860781176313203846387778199537696758594417880663258047723302933850102588986886231239402983638489006960351
  public exponent: 65537
  Validity: [From: Thu Sep 14 12:54:39 UTC 2023,
               To: Thu Sep 14 12:55:19 UTC 2023]
  Issuer: O=cluster1, OU=scm1, CN=rootCA@localhost
  SerialNumber: [    026f1695 816f]

Certificate Extensions: 1
[1]: ObjectId: 2.5.29.15 Criticality=true
KeyUsage [
  DigitalSignature
  Key_Encipherment
  Data_Encipherment
  Key_Agreement
]

]
  Algorithm: [SHA256withRSA]
  Signature:
0000: C8 F8 44 04 8A C2 06 1D   5C DE B6 BC DD 10 95 24  ..D.....\......$
0010: 7F A5 38 33 23 BD 08 44   59 B3 19 E7 03 81 95 B4  ..83#..DY.......
0020: 93 A9 62 74 4F 4E 56 DE   84 B8 C3 22 52 6F 19 2C  ..btONV...."Ro.,
0030: 83 FA 4C A6 7B 06 95 43   B2 3C 64 A9 82 53 A5 71  ..L....C.<d..S.q
0040: 60 3C 0E F3 96 87 73 90   4B CB 3B 34 89 9C DE 78  `<....s.K.;4...x
0050: 06 98 22 C6 68 AA 3E 4A   20 02 8C 1D 96 C6 3C 0B  ..".h.>J .....<.
0060: DE 1F 3E 42 F4 79 63 42   3B 4D A7 40 54 01 E6 26  ..>B.ycB;M.@T..&
0070: B1 B4 82 1E 33 7D BD 3C   29 99 25 05 8F 90 E4 FC  ....3..<).%.....
0080: 28 7F 35 A9 F2 08 CC 0F   84 02 6E 55 E1 C2 15 BE  (.5.......nU....
0090: A4 C4 2F 89 24 70 EE 48   15 BC AB 4D 67 C7 3B D1  ../.$p.H...Mg.;.
00A0: 5D 44 AE 90 FA 78 D8 B8   B6 20 4A 1A E7 5A F3 C9  ]D...x... J..Z..
00B0: EE D1 7F 7A FC 07 BD 89   F6 4A 65 42 EA 60 9D 5B  ...z.....JeB.`.[
00C0: BF 45 17 8D 38 50 47 4A   22 4D F7 C6 64 46 A7 38  .E..8PGJ"M..dF.8
00D0: D6 CE FB 04 FD 23 04 9B   A8 3E E9 3F 50 25 C6 DC  .....#...>.?P%..
00E0: 90 E9 B5 7C B4 34 C6 FB   96 3E 66 57 2C 82 E4 F2  .....4...>fW,...
00F0: F6 92 00 11 1B B9 4B CB   EB 6E E1 4A 3C 99 55 CA  ......K..n.J<.U.

]
2023-09-14 12:54:39,899 [Time-limited test] INFO  ssl.ReloadingX509KeyManager (ReloadingX509KeyManager.java:loadKeyManager(224)) - [
[
  Version: V3
  Subject: O=cluster1, OU=scm1, CN=rootCA@localhost
  Signature Algorithm: SHA256withRSA, OID = 1.2.840.113549.1.1.11

  Key:  Sun RSA public key, 2048 bits
  params: null
  modulus: 26912759359561219244490357449870282602655782096960198511447583150124389522230162307663389002144129766353028038976768652535495917858354672613986683783935849819918525557209982911477115259035968184121980549786200513524604048749344791964395638515195210309927025398883877843941013723942478408209106753882271957266470829675283716543574736184468500192632864374684048382187702577759389862283708348363499319908690950615454382184427847725785732669020073770044357705223931750259356969266144264435630926238687509153798554925927017645976830386272666512075034797182366029849218336555006213443834997388152225286311411354360636658647
  public exponent: 65537
  Validity: [From: Thu Sep 14 12:54:39 UTC 2023,
               To: Sun Oct 22 12:54:39 UTC 2028]
  Issuer: O=cluster1, OU=scm1, CN=rootCA@localhost
  SerialNumber: [    01]

Certificate Extensions: 2
[1]: ObjectId: 2.5.29.19 Criticality=true
BasicConstraints:[
  CA:true
  PathLen:2147483647
]

[2]: ObjectId: 2.5.29.15 Criticality=true
KeyUsage [
  Key_CertSign
  Crl_Sign
]

]
  Algorithm: [SHA256withRSA]
  Signature:
0000: 16 F4 59 CE 44 AF 59 6B   9A 5B 8A DD C5 83 6E B2  ..Y.D.Yk.[....n.
0010: 09 F1 94 84 16 06 AF 4C   18 CA 64 28 1E 7A 36 8B  .......L..d(.z6.
0020: C7 4A 6B D4 4E BB F8 94   4B 5C A4 5E AE 4A D1 42  .Jk.N...K\.^.J.B
0030: 69 4D 56 C1 89 2C 28 78   AE D3 AE 8F 7F A9 32 09  iMV..,(x......2.
0040: E8 D2 23 B5 CA E2 44 87   80 B5 02 84 E5 9E 59 AF  ..#...D.......Y.
0050: 2A A8 A4 46 0B 04 01 EA   44 F3 3E 94 87 8A 1F D0  *..F....D.>.....
0060: 6C 0F F6 EE E5 88 BC 4C   CE 35 E2 31 08 24 26 34  l......L.5.1.$&4
0070: 9B F5 13 82 95 14 86 98   5A E1 B6 B5 22 7D F2 A8  ........Z..."...
0080: 17 60 09 5C 11 1B 89 53   DC 46 64 69 9B 96 DF AF  .`.\...S.Fdi....
0090: 29 18 8D 14 0E 82 73 65   45 08 EF EC A8 56 AA 49  ).....seE....V.I
00A0: 2C 86 5C 67 9A C3 0D 4D   BD 5C 5A 3B 32 47 C5 25  ,.\g...M.\Z;2G.%
00B0: 14 30 D7 DB 24 E9 53 47   F7 4F 85 64 B9 90 02 7D  .0..$.SG.O.d....
00C0: A1 68 C6 CA 5C A2 23 36   11 CD E0 29 F6 1A F7 9A  .h..\.#6...)....
00D0: DA 99 B5 EA EF 1C A9 65   3D 1B 16 35 E3 3F 43 41  .......e=..5.?CA
00E0: CF BA 8D 90 95 70 B6 F2   4F 5F C2 2B 49 1B 8F B3  .....p..O_.+I...
00F0: 4F 66 35 B7 53 15 E8 28   68 46 0B 4E 8B C8 71 D8  Of5.S..(hF.N..q.

]
2023-09-14 12:54:39,900 [Time-limited test] INFO  ssl.ReloadingX509TrustManager (ReloadingX509TrustManager.java:insertCertsToKeystore(188)) - Trust manager is loaded with certificates
2023-09-14 12:54:39,900 [Time-limited test] INFO  ssl.ReloadingX509TrustManager (ReloadingX509TrustManager.java:insertCertsToKeystore(192)) - [
[
  Version: V3
  Subject: O=cluster1, OU=scm1, CN=rootCA@localhost
  Signature Algorithm: SHA256withRSA, OID = 1.2.840.113549.1.1.11

  Key:  Sun RSA public key, 2048 bits
  params: null
  modulus: 26912759359561219244490357449870282602655782096960198511447583150124389522230162307663389002144129766353028038976768652535495917858354672613986683783935849819918525557209982911477115259035968184121980549786200513524604048749344791964395638515195210309927025398883877843941013723942478408209106753882271957266470829675283716543574736184468500192632864374684048382187702577759389862283708348363499319908690950615454382184427847725785732669020073770044357705223931750259356969266144264435630926238687509153798554925927017645976830386272666512075034797182366029849218336555006213443834997388152225286311411354360636658647
  public exponent: 65537
  Validity: [From: Thu Sep 14 12:54:39 UTC 2023,
               To: Sun Oct 22 12:54:39 UTC 2028]
  Issuer: O=cluster1, OU=scm1, CN=rootCA@localhost
  SerialNumber: [    01]

Certificate Extensions: 2
[1]: ObjectId: 2.5.29.19 Criticality=true
BasicConstraints:[
  CA:true
  PathLen:2147483647
]

[2]: ObjectId: 2.5.29.15 Criticality=true
KeyUsage [
  Key_CertSign
  Crl_Sign
]

]
  Algorithm: [SHA256withRSA]
  Signature:
0000: 16 F4 59 CE 44 AF 59 6B   9A 5B 8A DD C5 83 6E B2  ..Y.D.Yk.[....n.
0010: 09 F1 94 84 16 06 AF 4C   18 CA 64 28 1E 7A 36 8B  .......L..d(.z6.
0020: C7 4A 6B D4 4E BB F8 94   4B 5C A4 5E AE 4A D1 42  .Jk.N...K\.^.J.B
0030: 69 4D 56 C1 89 2C 28 78   AE D3 AE 8F 7F A9 32 09  iMV..,(x......2.
0040: E8 D2 23 B5 CA E2 44 87   80 B5 02 84 E5 9E 59 AF  ..#...D.......Y.
0050: 2A A8 A4 46 0B 04 01 EA   44 F3 3E 94 87 8A 1F D0  *..F....D.>.....
0060: 6C 0F F6 EE E5 88 BC 4C   CE 35 E2 31 08 24 26 34  l......L.5.1.$&4
0070: 9B F5 13 82 95 14 86 98   5A E1 B6 B5 22 7D F2 A8  ........Z..."...
0080: 17 60 09 5C 11 1B 89 53   DC 46 64 69 9B 96 DF AF  .`.\...S.Fdi....
0090: 29 18 8D 14 0E 82 73 65   45 08 EF EC A8 56 AA 49  ).....seE....V.I
00A0: 2C 86 5C 67 9A C3 0D 4D   BD 5C 5A 3B 32 47 C5 25  ,.\g...M.\Z;2G.%
00B0: 14 30 D7 DB 24 E9 53 47   F7 4F 85 64 B9 90 02 7D  .0..$.SG.O.d....
00C0: A1 68 C6 CA 5C A2 23 36   11 CD E0 29 F6 1A F7 9A  .h..\.#6...)....
00D0: DA 99 B5 EA EF 1C A9 65   3D 1B 16 35 E3 3F 43 41  .......e=..5.?CA
00E0: CF BA 8D 90 95 70 B6 F2   4F 5F C2 2B 49 1B 8F B3  .....p..O_.+I...
00F0: 4F 66 35 B7 53 15 E8 28   68 46 0B 4E 8B C8 71 D8  Of5.S..(hF.N..q.

]
2023-09-14 12:54:39,900 [Time-limited test] INFO  ssl.ReloadingX509KeyManager (ReloadingX509KeyManager.java:loadKeyManager(222)) - Key manager is loaded with certificate chain
2023-09-14 12:54:39,901 [Time-limited test] INFO  ssl.ReloadingX509KeyManager (ReloadingX509KeyManager.java:loadKeyManager(224)) - [
[
  Version: V3
  Subject: O=cluster1, OU=scm1, CN=localhost
  Signature Algorithm: SHA256withRSA, OID = 1.2.840.113549.1.1.11

  Key:  Sun RSA public key, 2048 bits
  params: null
  modulus: 19829908895973937343146022479867046576245339995600064120660517062535795524880665543418594960864767483842585853464604741152960595543497774907416168491816533015615934237492793837877062234381007626431046527155915508302386598709550103966759807662488032306997048679000256834545314861093307895447926277366942154026825825745101755166349756742108318351785929396309194565848161978340836342041903109471703880388577905812149017530767012566972268925263315903300442139297814472385274005500536436725655033846086838335197906944860781176313203846387778199537696758594417880663258047723302933850102588986886231239402983638489006960351
  public exponent: 65537
  Validity: [From: Thu Sep 14 12:54:39 UTC 2023,
               To: Thu Sep 14 12:55:19 UTC 2023]
  Issuer: O=cluster1, OU=scm1, CN=rootCA@localhost
  SerialNumber: [    026f1695 816f]

Certificate Extensions: 1
[1]: ObjectId: 2.5.29.15 Criticality=true
KeyUsage [
  DigitalSignature
  Key_Encipherment
  Data_Encipherment
  Key_Agreement
]

]
  Algorithm: [SHA256withRSA]
  Signature:
0000: C8 F8 44 04 8A C2 06 1D   5C DE B6 BC DD 10 95 24  ..D.....\......$
0010: 7F A5 38 33 23 BD 08 44   59 B3 19 E7 03 81 95 B4  ..83#..DY.......
0020: 93 A9 62 74 4F 4E 56 DE   84 B8 C3 22 52 6F 19 2C  ..btONV...."Ro.,
0030: 83 FA 4C A6 7B 06 95 43   B2 3C 64 A9 82 53 A5 71  ..L....C.<d..S.q
0040: 60 3C 0E F3 96 87 73 90   4B CB 3B 34 89 9C DE 78  `<....s.K.;4...x
0050: 06 98 22 C6 68 AA 3E 4A   20 02 8C 1D 96 C6 3C 0B  ..".h.>J .....<.
0060: DE 1F 3E 42 F4 79 63 42   3B 4D A7 40 54 01 E6 26  ..>B.ycB;M.@T..&
0070: B1 B4 82 1E 33 7D BD 3C   29 99 25 05 8F 90 E4 FC  ....3..<).%.....
0080: 28 7F 35 A9 F2 08 CC 0F   84 02 6E 55 E1 C2 15 BE  (.5.......nU....
0090: A4 C4 2F 89 24 70 EE 48   15 BC AB 4D 67 C7 3B D1  ../.$p.H...Mg.;.
00A0: 5D 44 AE 90 FA 78 D8 B8   B6 20 4A 1A E7 5A F3 C9  ]D...x... J..Z..
00B0: EE D1 7F 7A FC 07 BD 89   F6 4A 65 42 EA 60 9D 5B  ...z.....JeB.`.[
00C0: BF 45 17 8D 38 50 47 4A   22 4D F7 C6 64 46 A7 38  .E..8PGJ"M..dF.8
00D0: D6 CE FB 04 FD 23 04 9B   A8 3E E9 3F 50 25 C6 DC  .....#...>.?P%..
00E0: 90 E9 B5 7C B4 34 C6 FB   96 3E 66 57 2C 82 E4 F2  .....4...>fW,...
00F0: F6 92 00 11 1B B9 4B CB   EB 6E E1 4A 3C 99 55 CA  ......K..n.J<.U.

]
2023-09-14 12:54:39,901 [Time-limited test] INFO  ssl.ReloadingX509KeyManager (ReloadingX509KeyManager.java:loadKeyManager(224)) - [
[
  Version: V3
  Subject: O=cluster1, OU=scm1, CN=rootCA@localhost
  Signature Algorithm: SHA256withRSA, OID = 1.2.840.113549.1.1.11

  Key:  Sun RSA public key, 2048 bits
  params: null
  modulus: 26912759359561219244490357449870282602655782096960198511447583150124389522230162307663389002144129766353028038976768652535495917858354672613986683783935849819918525557209982911477115259035968184121980549786200513524604048749344791964395638515195210309927025398883877843941013723942478408209106753882271957266470829675283716543574736184468500192632864374684048382187702577759389862283708348363499319908690950615454382184427847725785732669020073770044357705223931750259356969266144264435630926238687509153798554925927017645976830386272666512075034797182366029849218336555006213443834997388152225286311411354360636658647
  public exponent: 65537
  Validity: [From: Thu Sep 14 12:54:39 UTC 2023,
               To: Sun Oct 22 12:54:39 UTC 2028]
  Issuer: O=cluster1, OU=scm1, CN=rootCA@localhost
  SerialNumber: [    01]

Certificate Extensions: 2
[1]: ObjectId: 2.5.29.19 Criticality=true
BasicConstraints:[
  CA:true
  PathLen:2147483647
]

[2]: ObjectId: 2.5.29.15 Criticality=true
KeyUsage [
  Key_CertSign
  Crl_Sign
]

]
  Algorithm: [SHA256withRSA]
  Signature:
0000: 16 F4 59 CE 44 AF 59 6B   9A 5B 8A DD C5 83 6E B2  ..Y.D.Yk.[....n.
0010: 09 F1 94 84 16 06 AF 4C   18 CA 64 28 1E 7A 36 8B  .......L..d(.z6.
0020: C7 4A 6B D4 4E BB F8 94   4B 5C A4 5E AE 4A D1 42  .Jk.N...K\.^.J.B
0030: 69 4D 56 C1 89 2C 28 78   AE D3 AE 8F 7F A9 32 09  iMV..,(x......2.
0040: E8 D2 23 B5 CA E2 44 87   80 B5 02 84 E5 9E 59 AF  ..#...D.......Y.
0050: 2A A8 A4 46 0B 04 01 EA   44 F3 3E 94 87 8A 1F D0  *..F....D.>.....
0060: 6C 0F F6 EE E5 88 BC 4C   CE 35 E2 31 08 24 26 34  l......L.5.1.$&4
0070: 9B F5 13 82 95 14 86 98   5A E1 B6 B5 22 7D F2 A8  ........Z..."...
0080: 17 60 09 5C 11 1B 89 53   DC 46 64 69 9B 96 DF AF  .`.\...S.Fdi....
0090: 29 18 8D 14 0E 82 73 65   45 08 EF EC A8 56 AA 49  ).....seE....V.I
00A0: 2C 86 5C 67 9A C3 0D 4D   BD 5C 5A 3B 32 47 C5 25  ,.\g...M.\Z;2G.%
00B0: 14 30 D7 DB 24 E9 53 47   F7 4F 85 64 B9 90 02 7D  .0..$.SG.O.d....
00C0: A1 68 C6 CA 5C A2 23 36   11 CD E0 29 F6 1A F7 9A  .h..\.#6...)....
00D0: DA 99 B5 EA EF 1C A9 65   3D 1B 16 35 E3 3F 43 41  .......e=..5.?CA
00E0: CF BA 8D 90 95 70 B6 F2   4F 5F C2 2B 49 1B 8F B3  .....p..O_.+I...
00F0: 4F 66 35 B7 53 15 E8 28   68 46 0B 4E 8B C8 71 D8  Of5.S..(hF.N..q.

]
2023-09-14 12:54:39,902 [Time-limited test] INFO  ssl.ReloadingX509TrustManager (ReloadingX509TrustManager.java:insertCertsToKeystore(188)) - Trust manager is loaded with certificates
2023-09-14 12:54:39,902 [Time-limited test] INFO  ssl.ReloadingX509TrustManager (ReloadingX509TrustManager.java:insertCertsToKeystore(192)) - [
[
  Version: V3
  Subject: O=cluster1, OU=scm1, CN=rootCA@localhost
  Signature Algorithm: SHA256withRSA, OID = 1.2.840.113549.1.1.11

  Key:  Sun RSA public key, 2048 bits
  params: null
  modulus: 26912759359561219244490357449870282602655782096960198511447583150124389522230162307663389002144129766353028038976768652535495917858354672613986683783935849819918525557209982911477115259035968184121980549786200513524604048749344791964395638515195210309927025398883877843941013723942478408209106753882271957266470829675283716543574736184468500192632864374684048382187702577759389862283708348363499319908690950615454382184427847725785732669020073770044357705223931750259356969266144264435630926238687509153798554925927017645976830386272666512075034797182366029849218336555006213443834997388152225286311411354360636658647
  public exponent: 65537
  Validity: [From: Thu Sep 14 12:54:39 UTC 2023,
               To: Sun Oct 22 12:54:39 UTC 2028]
  Issuer: O=cluster1, OU=scm1, CN=rootCA@localhost
  SerialNumber: [    01]

Certificate Extensions: 2
[1]: ObjectId: 2.5.29.19 Criticality=true
BasicConstraints:[
  CA:true
  PathLen:2147483647
]

[2]: ObjectId: 2.5.29.15 Criticality=true
KeyUsage [
  Key_CertSign
  Crl_Sign
]

]
  Algorithm: [SHA256withRSA]
  Signature:
0000: 16 F4 59 CE 44 AF 59 6B   9A 5B 8A DD C5 83 6E B2  ..Y.D.Yk.[....n.
0010: 09 F1 94 84 16 06 AF 4C   18 CA 64 28 1E 7A 36 8B  .......L..d(.z6.
0020: C7 4A 6B D4 4E BB F8 94   4B 5C A4 5E AE 4A D1 42  .Jk.N...K\.^.J.B
0030: 69 4D 56 C1 89 2C 28 78   AE D3 AE 8F 7F A9 32 09  iMV..,(x......2.
0040: E8 D2 23 B5 CA E2 44 87   80 B5 02 84 E5 9E 59 AF  ..#...D.......Y.
0050: 2A A8 A4 46 0B 04 01 EA   44 F3 3E 94 87 8A 1F D0  *..F....D.>.....
0060: 6C 0F F6 EE E5 88 BC 4C   CE 35 E2 31 08 24 26 34  l......L.5.1.$&4
0070: 9B F5 13 82 95 14 86 98   5A E1 B6 B5 22 7D F2 A8  ........Z..."...
0080: 17 60 09 5C 11 1B 89 53   DC 46 64 69 9B 96 DF AF  .`.\...S.Fdi....
0090: 29 18 8D 14 0E 82 73 65   45 08 EF EC A8 56 AA 49  ).....seE....V.I
00A0: 2C 86 5C 67 9A C3 0D 4D   BD 5C 5A 3B 32 47 C5 25  ,.\g...M.\Z;2G.%
00B0: 14 30 D7 DB 24 E9 53 47   F7 4F 85 64 B9 90 02 7D  .0..$.SG.O.d....
00C0: A1 68 C6 CA 5C A2 23 36   11 CD E0 29 F6 1A F7 9A  .h..\.#6...)....
00D0: DA 99 B5 EA EF 1C A9 65   3D 1B 16 35 E3 3F 43 41  .......e=..5.?CA
00E0: CF BA 8D 90 95 70 B6 F2   4F 5F C2 2B 49 1B 8F B3  .....p..O_.+I...
00F0: 4F 66 35 B7 53 15 E8 28   68 46 0B 4E 8B C8 71 D8  Of5.S..(hF.N..q.

]
2023-09-14 12:54:39,913 [Time-limited test] INFO  impl.MetricsSystemImpl (MetricsSystemImpl.java:init(158)) - OzoneManager metrics system started (again)
2023-09-14 12:54:39,925 [Time-limited test] INFO  om.OzoneManager (OzoneManager.java:start(1633)) - OzoneManager RPC server is listening at fv-az187-373.4biwkquksivelc4kanrnlgeoof.gx.internal.cloudapp.net/10.1.0.236:1202
2023-09-14 12:54:39,925 [Time-limited test] INFO  ratis.OzoneManagerRatisServer (OzoneManagerRatisServer.java:start(558)) - Starting OzoneManagerRatisServer om1 at port 9872
2023-09-14 12:54:39,925 [om1-impl-thread1] INFO  storage.RaftStorageDirectory (RaftStorageDirectoryImpl.java:analyzeStorage(137)) - The storage directory /tmp/junit6564048251094714608/junit4490768989666193927/om-meta/ratis/bf265839-605b-3f16-9796-c5ba1605619e does not exist. Creating ...
2023-09-14 12:54:39,927 [om1-impl-thread1] INFO  storage.RaftStorageDirectory (RaftStorageDirectoryImpl.java:tryLock(231)) - Lock on /tmp/junit6564048251094714608/junit4490768989666193927/om-meta/ratis/bf265839-605b-3f16-9796-c5ba1605619e/in_use.lock acquired by nodename 22730@fv-az187-373
2023-09-14 12:54:39,928 [om1-impl-thread1] INFO  storage.RaftStorage (RaftStorageImpl.java:format(96)) - Storage directory /tmp/junit6564048251094714608/junit4490768989666193927/om-meta/ratis/bf265839-605b-3f16-9796-c5ba1605619e has been successfully formatted.
2023-09-14 12:54:39,929 [om1-impl-thread1] INFO  server.RaftServerConfigKeys (ConfUtils.java:logGet(46)) - raft.server.log.use.memory = false (default)
2023-09-14 12:54:39,929 [om1-impl-thread1] INFO  server.RaftServerConfigKeys (ConfUtils.java:logGet(46)) - raft.server.log.purge.gap = 1000000 (custom)
2023-09-14 12:54:39,929 [om1-impl-thread1] INFO  server.RaftServerConfigKeys (ConfUtils.java:logGet(46)) - raft.server.log.appender.buffer.byte-limit = 33554432 (custom)
2023-09-14 12:54:39,929 [om1-impl-thread1] INFO  server.RaftServerConfigKeys (ConfUtils.java:logGet(46)) - raft.server.log.statemachine.data.read.timeout = 1000ms (default)
2023-09-14 12:54:39,929 [om1-impl-thread1] INFO  server.RaftServerConfigKeys (ConfUtils.java:logGet(46)) - raft.server.log.purge.preservation.log.num = 0 (default)
2023-09-14 12:54:39,929 [om1-impl-thread1] INFO  server.RaftServerConfigKeys (ConfUtils.java:logGet(46)) - raft.server.log.segment.size.max = 4194304 (custom)
2023-09-14 12:54:39,929 [om1-impl-thread1] INFO  server.RaftServerConfigKeys (ConfUtils.java:logGet(46)) - raft.server.log.segment.cache.num.max = 2 (custom)
2023-09-14 12:54:39,929 [om1-impl-thread1] INFO  server.RaftServerConfigKeys (ConfUtils.java:logGet(46)) - raft.server.log.segment.cache.size.max = 200MB (=209715200) (default)
2023-09-14 12:54:39,929 [om1-impl-thread1] INFO  server.RaftServerConfigKeys (ConfUtils.java:logGet(46)) - raft.server.log.appender.buffer.byte-limit = 33554432 (custom)
2023-09-14 12:54:39,929 [om1-impl-thread1] INFO  segmented.SegmentedRaftLogWorker (SegmentedRaftLogWorker.java:<init>(188)) - new om1@group-C5BA1605619E-SegmentedRaftLogWorker for RaftStorageImpl:Storage Directory /tmp/junit6564048251094714608/junit4490768989666193927/om-meta/ratis/bf265839-605b-3f16-9796-c5ba1605619e
2023-09-14 12:54:39,929 [om1-impl-thread1] INFO  server.RaftServerConfigKeys (ConfUtils.java:logGet(46)) - raft.server.log.queue.byte-limit = 64MB (=67108864) (default)
2023-09-14 12:54:39,929 [om1-impl-thread1] INFO  server.RaftServerConfigKeys (ConfUtils.java:logGet(46)) - raft.server.log.queue.element-limit = 4096 (default)
2023-09-14 12:54:39,929 [om1-impl-thread1] INFO  server.RaftServerConfigKeys (ConfUtils.java:logGet(46)) - raft.server.log.segment.size.max = 4194304 (custom)
2023-09-14 12:54:39,929 [om1-impl-thread1] INFO  server.RaftServerConfigKeys (ConfUtils.java:logGet(46)) - raft.server.log.preallocated.size = 4194304 (custom)
2023-09-14 12:54:39,930 [om1-impl-thread1] INFO  server.RaftServerConfigKeys (ConfUtils.java:logGet(46)) - raft.server.log.force.sync.num = 128 (default)
2023-09-14 12:54:39,930 [om1-impl-thread1] INFO  server.RaftServerConfigKeys (ConfUtils.java:logGet(46)) - raft.server.log.statemachine.data.sync = true (default)
2023-09-14 12:54:39,930 [om1-impl-thread1] INFO  server.RaftServerConfigKeys (ConfUtils.java:logGet(46)) - raft.server.log.statemachine.data.sync.timeout = 10s (default)
2023-09-14 12:54:39,930 [om1-impl-thread1] INFO  server.RaftServerConfigKeys (ConfUtils.java:logGet(46)) - raft.server.log.statemachine.data.sync.timeout.retry = -1 (default)
2023-09-14 12:54:39,930 [om1-impl-thread1] INFO  server.RaftServerConfigKeys (ConfUtils.java:logGet(46)) - raft.server.log.write.buffer.size = 64KB (=65536) (default)
2023-09-14 12:54:39,930 [om1-impl-thread1] INFO  server.RaftServerConfigKeys (ConfUtils.java:logGet(46)) - raft.server.log.appender.buffer.byte-limit = 33554432 (custom)
2023-09-14 12:54:39,935 [om1-impl-thread1] INFO  server.RaftServerConfigKeys (ConfUtils.java:logGet(46)) - raft.server.log.unsafe-flush.enabled = false (default)
2023-09-14 12:54:39,935 [om1-impl-thread1] INFO  server.RaftServerConfigKeys (ConfUtils.java:logGet(46)) - raft.server.log.async-flush.enabled = false (default)
2023-09-14 12:54:39,935 [om1-impl-thread1] INFO  server.RaftServerConfigKeys (ConfUtils.java:logGet(46)) - raft.server.log.statemachine.data.caching.enabled = false (default)
2023-09-14 12:54:39,935 [om1-impl-thread1] INFO  segmented.SegmentedRaftLogWorker (SegmentedRaftLogWorker.java:lambda$new$0(135)) - om1@group-C5BA1605619E-SegmentedRaftLogWorker: flushIndex: setUnconditionally 0 -> -1
2023-09-14 12:54:39,935 [om1-impl-thread1] INFO  segmented.SegmentedRaftLogWorker (SegmentedRaftLogWorker.java:lambda$new$0(135)) - om1@group-C5BA1605619E-SegmentedRaftLogWorker: safeCacheEvictIndex: setUnconditionally 0 -> -1
2023-09-14 12:54:39,936 [om1-impl-thread1] INFO  server.RaftServer$Division (RaftServerImpl.java:start(342)) - om1@group-C5BA1605619E: start as a follower, conf=-1: peers:[om1|rpc:fv-az187-373.4biwkquksivelc4kanrnlgeoof.gx.internal.cloudapp.net:9872|priority:0|startupRole:FOLLOWER]|listeners:[], old=null
2023-09-14 12:54:39,936 [om1-impl-thread1] INFO  server.RaftServer$Division (RaftServerImpl.java:setRole(329)) - om1@group-C5BA1605619E: changes role from      null to FOLLOWER at term 0 for startAsFollower
2023-09-14 12:54:39,941 [om1-impl-thread1] INFO  impl.RoleInfo (RoleInfo.java:updateAndGet(139)) - om1: start om1@group-C5BA1605619E-FollowerState
2023-09-14 12:54:39,942 [om1-impl-thread1] INFO  util.JmxRegister (JmxRegister.java:tryRegister(44)) - Successfully registered JMX Bean with object name Ratis:service=RaftServer,group=group-C5BA1605619E,id=om1
2023-09-14 12:54:39,942 [om1@group-C5BA1605619E-FollowerState] INFO  server.RaftServerConfigKeys (ConfUtils.java:logFallback(53)) - raft.server.rpc.first-election.timeout.min = 5s (fallback to raft.server.rpc.timeout.min)
2023-09-14 12:54:39,942 [om1-impl-thread1] INFO  server.RaftServerConfigKeys (ConfUtils.java:logGet(46)) - raft.server.snapshot.auto.trigger.enabled = true (custom)
2023-09-14 12:54:39,942 [om1@group-C5BA1605619E-FollowerState] INFO  server.RaftServerConfigKeys (ConfUtils.java:logFallback(53)) - raft.server.rpc.first-election.timeout.max = 5200ms (fallback to raft.server.rpc.timeout.max)
2023-09-14 12:54:39,942 [om1-impl-thread1] INFO  server.RaftServerConfigKeys (ConfUtils.java:logGet(46)) - raft.server.snapshot.auto.trigger.threshold = 400000 (default)
2023-09-14 12:54:39,942 [om1-impl-thread1] INFO  server.RaftServerConfigKeys (ConfUtils.java:logGet(46)) - raft.server.snapshot.retention.file.num = -1 (default)
2023-09-14 12:54:39,942 [om1-impl-thread1] INFO  server.RaftServerConfigKeys (ConfUtils.java:logGet(46)) - raft.server.log.purge.upto.snapshot.index = true (custom)
2023-09-14 12:54:39,943 [Time-limited test] INFO  server.RaftServer (RaftServerProxy.java:startImpl(400)) - om1: start RPC server
2023-09-14 12:54:39,945 [Time-limited test] INFO  server.GrpcService (GrpcService.java:startImpl(302)) - om1: GrpcService started, listening on 9872
2023-09-14 12:54:39,948 [Time-limited test] INFO  om.OzoneManager (OzoneManager.java:startSecretManager(1106)) - Starting OM delegation token secret manager
2023-09-14 12:54:39,949 [Time-limited test] INFO  security.OzoneDelegationTokenSecretManager (OzoneSecretManager.java:updateCurrentKey(175)) - Updating current master key for generating tokens. Cert id 2676143522159
2023-09-14 12:54:39,949 [JvmPauseMonitor6] INFO  util.JvmPauseMonitor (JvmPauseMonitor.java:run(103)) - JvmPauseMonitor-om1: Started
2023-09-14 12:54:39,949 [Time-limited test] INFO  om.OzoneManager (OzoneManager.java:start(1649)) - Version File has different layout version (6) than OM DB (null). That is expected if this OM has never been finalized to a newer layout version.
2023-09-14 12:54:39,951 [Thread[Thread-1466,5,FailOnTimeoutGroup]] INFO  security.OzoneDelegationTokenSecretManager (OzoneDelegationTokenSecretManager.java:run(636)) - Starting expired delegation token remover thread, tokenRemoverScanInterval=60 min(s)
2023-09-14 12:54:39,961 [Time-limited test] INFO  http.BaseHttpServer (BaseHttpServer.java:newHttpServer2BuilderForOzone(223)) - Starting Web-server for ozoneManager at: http://0.0.0.0:9874
2023-09-14 12:54:39,961 [Time-limited test] INFO  http.BaseHttpServer (BaseHttpServer.java:<init>(110)) - Hadoop Security Enabled: true Ozone Security Enabled: true Ozone HTTP Security Enabled: false 
2023-09-14 12:54:39,962 [Time-limited test] WARN  server.AuthenticationFilter (AuthenticationFilter.java:constructSecretProvider(240)) - Unable to initialize FileSignerSecretProvider, falling back to use random secrets. Reason: Could not read signature secret file: /home/runner/hadoop-http-auth-signature-secret
2023-09-14 12:54:39,963 [Time-limited test] INFO  http.HttpRequestLog (HttpRequestLog.java:getRequestLog(86)) - Http request log for http.requests.ozoneManager is not defined
2023-09-14 12:54:39,965 [Time-limited test] INFO  http.HttpServer2 (HttpServer2.java:addGlobalFilter(1031)) - Added global filter 'safety' (class=org.apache.hadoop.hdds.server.http.HttpServer2$QuotingInputFilter)
2023-09-14 12:54:39,966 [Time-limited test] INFO  http.HttpServer2 (HttpServer2.java:addFilter(1007)) - Added filter static_user_filter (class=org.apache.hadoop.http.lib.StaticUserWebFilter$StaticUserFilter) to context ozoneManager
2023-09-14 12:54:39,966 [Time-limited test] INFO  http.HttpServer2 (HttpServer2.java:addFilter(1015)) - Added filter static_user_filter (class=org.apache.hadoop.http.lib.StaticUserWebFilter$StaticUserFilter) to context static
2023-09-14 12:54:39,966 [Time-limited test] INFO  http.HttpServer2 (HttpServer2.java:addFilter(1015)) - Added filter static_user_filter (class=org.apache.hadoop.http.lib.StaticUserWebFilter$StaticUserFilter) to context logs
2023-09-14 12:54:39,967 [Time-limited test] INFO  http.BaseHttpServer (BaseHttpServer.java:<init>(189)) - HTTP server of ozoneManager uses base directory /tmp/junit6564048251094714608/junit4490768989666193927/om-meta/webserver
2023-09-14 12:54:39,967 [Time-limited test] INFO  http.HttpServer2 (HttpServer2.java:bindListener(1231)) - Jetty bound to port 9874
2023-09-14 12:54:39,967 [Time-limited test] INFO  server.Server (Server.java:doStart(375)) - jetty-9.4.51.v20230217; built: 2023-02-17T08:19:37.309Z; git: b45c405e4544384de066f814ed42ae3dceacdd49; jvm 1.8.0_382-b05
2023-09-14 12:54:39,968 [Time-limited test] INFO  server.session (DefaultSessionIdManager.java:doStart(334)) - DefaultSessionIdManager workerName=node0
2023-09-14 12:54:39,968 [Time-limited test] INFO  server.session (DefaultSessionIdManager.java:doStart(339)) - No SessionScavenger set, using defaults
2023-09-14 12:54:39,969 [Time-limited test] INFO  server.session (HouseKeeper.java:startScavenging(132)) - node0 Scavenging every 600000ms
2023-09-14 12:54:39,970 [Time-limited test] INFO  handler.ContextHandler (ContextHandler.java:doStart(921)) - Started o.e.j.s.ServletContextHandler@53de5cb1{logs,/logs,file:///home/runner/work/ozone/ozone/hadoop-ozone/integration-test/target/log,AVAILABLE}
2023-09-14 12:54:39,971 [Time-limited test] INFO  handler.ContextHandler (ContextHandler.java:doStart(921)) - Started o.e.j.s.ServletContextHandler@27d53945{static,/static,file:///home/runner/work/ozone/ozone/hadoop-ozone/integration-test/target/test-classes/webapps/static,AVAILABLE}
2023-09-14 12:54:39,974 [Time-limited test] INFO  handler.ContextHandler (ContextHandler.java:doStart(921)) - Started o.e.j.w.WebAppContext@78364957{ozoneManager,/,file:///home/runner/work/ozone/ozone/hadoop-ozone/integration-test/target/test-classes/webapps/ozoneManager/,AVAILABLE}{file:/home/runner/work/ozone/ozone/hadoop-ozone/integration-test/target/test-classes/webapps/ozoneManager}
2023-09-14 12:54:39,977 [Time-limited test] INFO  server.AbstractConnector (AbstractConnector.java:doStart(333)) - Started ServerConnector@6bf67469{HTTP/1.1, (http/1.1)}{0.0.0.0:9874}
2023-09-14 12:54:39,977 [Time-limited test] INFO  server.Server (Server.java:doStart(415)) - Started @74952ms
2023-09-14 12:54:39,977 [Time-limited test] WARN  impl.MetricsSystemImpl (MetricsSystemImpl.java:register(279)) - Sink prometheus already exists!
2023-09-14 12:54:39,978 [Time-limited test] INFO  http.BaseHttpServer (BaseHttpServer.java:updateConnectorAddress(354)) - HTTP server of ozoneManager listening at http://0.0.0.0:9874
2023-09-14 12:54:39,980 [IPC Server Responder] INFO  ipc.Server (Server.java:run(1562)) - IPC Server Responder: starting
2023-09-14 12:54:39,981 [IPC Server listener on 1202] INFO  ipc.Server (Server.java:run(1402)) - IPC Server listener on 1202: starting
2023-09-14 12:54:39,987 [Time-limited test] INFO  om.OzoneManager (OzoneManager.java:startTrashEmptier(2101)) - Trash Interval set to 0. Files deleted won't move to trash
2023-09-14 12:54:45,025 [om1@group-C5BA1605619E-FollowerState] INFO  impl.FollowerState (FollowerState.java:run(143)) - om1@group-C5BA1605619E-FollowerState: change to CANDIDATE, lastRpcElapsedTime:5084141764ns, electionTimeout:5083ms
2023-09-14 12:54:45,025 [om1@group-C5BA1605619E-FollowerState] INFO  impl.RoleInfo (RoleInfo.java:shutdownFollowerState(110)) - om1: shutdown om1@group-C5BA1605619E-FollowerState
2023-09-14 12:54:45,025 [om1@group-C5BA1605619E-FollowerState] INFO  server.RaftServer$Division (RaftServerImpl.java:setRole(329)) - om1@group-C5BA1605619E: changes role from  FOLLOWER to CANDIDATE at term 0 for changeToCandidate
2023-09-14 12:54:45,026 [om1@group-C5BA1605619E-FollowerState] INFO  server.RaftServerConfigKeys (ConfUtils.java:logGet(46)) - raft.server.leaderelection.pre-vote = true (default)
2023-09-14 12:54:45,026 [om1@group-C5BA1605619E-FollowerState] INFO  impl.RoleInfo (RoleInfo.java:updateAndGet(139)) - om1: start om1@group-C5BA1605619E-LeaderElection3
2023-09-14 12:54:45,028 [om1@group-C5BA1605619E-LeaderElection3] INFO  impl.LeaderElection (LeaderElection.java:askForVotes(321)) - om1@group-C5BA1605619E-LeaderElection3 PRE_VOTE round 0: submit vote requests at term 0 for -1: peers:[om1|rpc:fv-az187-373.4biwkquksivelc4kanrnlgeoof.gx.internal.cloudapp.net:9872|priority:0|startupRole:FOLLOWER]|listeners:[], old=null
2023-09-14 12:54:45,028 [om1@group-C5BA1605619E-LeaderElection3] INFO  impl.LeaderElection (LeaderElection.java:askForVotes(323)) - om1@group-C5BA1605619E-LeaderElection3 PRE_VOTE round 0: result PASSED (term=0)
2023-09-14 12:54:45,030 [om1@group-C5BA1605619E-LeaderElection3] INFO  impl.LeaderElection (LeaderElection.java:askForVotes(321)) - om1@group-C5BA1605619E-LeaderElection3 ELECTION round 0: submit vote requests at term 1 for -1: peers:[om1|rpc:fv-az187-373.4biwkquksivelc4kanrnlgeoof.gx.internal.cloudapp.net:9872|priority:0|startupRole:FOLLOWER]|listeners:[], old=null
2023-09-14 12:54:45,030 [om1@group-C5BA1605619E-LeaderElection3] INFO  impl.LeaderElection (LeaderElection.java:askForVotes(323)) - om1@group-C5BA1605619E-LeaderElection3 ELECTION round 0: result PASSED (term=1)
2023-09-14 12:54:45,030 [om1@group-C5BA1605619E-LeaderElection3] INFO  impl.RoleInfo (RoleInfo.java:shutdownLeaderElection(130)) - om1: shutdown om1@group-C5BA1605619E-LeaderElection3
2023-09-14 12:54:45,030 [om1@group-C5BA1605619E-LeaderElection3] INFO  server.RaftServer$Division (RaftServerImpl.java:setRole(329)) - om1@group-C5BA1605619E: changes role from CANDIDATE to LEADER at term 1 for changeToLeader
2023-09-14 12:54:45,030 [om1@group-C5BA1605619E-LeaderElection3] INFO  server.RaftServer$Division (ServerState.java:setLeader(317)) - om1@group-C5BA1605619E: change Leader from null to om1 at term 1 for becomeLeader, leader elected after 5796ms
2023-09-14 12:54:45,030 [om1@group-C5BA1605619E-LeaderElection3] INFO  server.RaftServerConfigKeys (ConfUtils.java:logGet(46)) - raft.server.staging.catchup.gap = 1000 (default)
2023-09-14 12:54:45,030 [om1@group-C5BA1605619E-LeaderElection3] INFO  server.RaftServerConfigKeys (ConfUtils.java:logGet(46)) - raft.server.write.element-limit = 4096 (default)
2023-09-14 12:54:45,030 [om1@group-C5BA1605619E-LeaderElection3] INFO  server.RaftServerConfigKeys (ConfUtils.java:logGet(46)) - raft.server.write.byte-limit = 64MB (=67108864) (default)
2023-09-14 12:54:45,031 [om1@group-C5BA1605619E-LeaderElection3] INFO  server.RaftServerConfigKeys (ConfUtils.java:logGet(46)) - raft.server.watch.timeout = 10s (default)
2023-09-14 12:54:45,031 [om1@group-C5BA1605619E-LeaderElection3] INFO  server.RaftServerConfigKeys (ConfUtils.java:logGet(46)) - raft.server.watch.timeout.denomination = 1s (default)
2023-09-14 12:54:45,031 [om1@group-C5BA1605619E-LeaderElection3] INFO  server.RaftServerConfigKeys (ConfUtils.java:logGet(46)) - raft.server.watch.element-limit = 65536 (default)
2023-09-14 12:54:45,031 [om1@group-C5BA1605619E-LeaderElection3] INFO  server.RaftServerConfigKeys (ConfUtils.java:logGet(46)) - raft.server.write.element-limit = 4096 (default)
2023-09-14 12:54:45,031 [om1@group-C5BA1605619E-LeaderElection3] INFO  server.RaftServerConfigKeys (ConfUtils.java:logGet(46)) - raft.server.write.follower.gap.ratio.max = -1.0 (default)
2023-09-14 12:54:45,031 [om1@group-C5BA1605619E-LeaderElection3] INFO  impl.RoleInfo (RoleInfo.java:updateAndGet(139)) - om1: start om1@group-C5BA1605619E-LeaderStateImpl
2023-09-14 12:54:45,031 [om1@group-C5BA1605619E-LeaderElection3] INFO  segmented.SegmentedRaftLogWorker (SegmentedRaftLogWorker.java:startLogSegment(447)) - om1@group-C5BA1605619E-SegmentedRaftLogWorker: Starting segment from index:0
2023-09-14 12:54:45,036 [om1@group-C5BA1605619E-LeaderElection3] INFO  server.RaftServer$Division (ServerState.java:setRaftConf(434)) - om1@group-C5BA1605619E: set configuration 0: peers:[om1|rpc:fv-az187-373.4biwkquksivelc4kanrnlgeoof.gx.internal.cloudapp.net:9872|admin:|client:|dataStream:|priority:0|startupRole:FOLLOWER]|listeners:[], old=null
2023-09-14 12:54:45,041 [om1@group-C5BA1605619E-SegmentedRaftLogWorker] INFO  segmented.SegmentedRaftLogWorker (SegmentedRaftLogWorker.java:execute(651)) - om1@group-C5BA1605619E-SegmentedRaftLogWorker: created new log segment /tmp/junit6564048251094714608/junit4490768989666193927/om-meta/ratis/bf265839-605b-3f16-9796-c5ba1605619e/current/log_inprogress_0
2023-09-14 12:54:45,042 [om1@group-C5BA1605619E-StateMachineUpdater] INFO  ratis.OzoneManagerStateMachine (OzoneManagerStateMachine.java:notifyConfigurationChanged(202)) - Received Configuration change notification from Ratis. New Peer list:
[id: "om1"
address: "fv-az187-373.4biwkquksivelc4kanrnlgeoof.gx.internal.cloudapp.net:9872"
startupRole: FOLLOWER
]
2023-09-14 12:54:45,109 [pool-390-thread-2] INFO  request.TgsRequest (TgsRequest.java:issueTicket(115)) - TGS_REQ ISSUE: authtime 1694696085108,om/fv-az187-373.4biwkquksivelc4kanrnlgeoof.gx.internal.cloudapp.net for om/fv-az187-373.4biwkquksivelc4kanrnlgeoof.gx.internal.cloudapp.net@EXAMPLE.COM
2023-09-14 12:54:45,117 [Socket Reader #1 for port 1202] INFO  ipc.Server (Server.java:saslProcess(2139)) - Auth successful for om/fv-az187-373.4biwkquksivelc4kanrnlgeoof.gx.internal.cloudapp.net@EXAMPLE.COM (auth:KERBEROS) from fv-az187-373.4biwkquksivelc4kanrnlgeoof.gx.internal.cloudapp.net:39775 / 10.1.0.236:39775
2023-09-14 12:54:54,486 [CertificateRenewerService] INFO  utils.SelfSignedCertificate (SelfSignedCertificate.java:generateCertificate(157)) - Certificate 2 is issued by CN=rootCA-new@localhost,OU=scm1,O=cluster1 to CN=rootCA-new@localhost,OU=scm1,O=cluster1, valid from Thu Sep 14 12:54:54 UTC 2023 to Sun Oct 22 12:54:54 UTC 2028
2023-09-14 12:54:54,755 [CertificateRenewerService] INFO  authority.DefaultApprover (DefaultApprover.java:sign(154)) - Extensions in CSR: 2.5.29.15
2023-09-14 12:54:54,755 [CertificateRenewerService] INFO  authority.DefaultApprover (DefaultApprover.java:sign(158)) - Extensions to add to the certificate if they present in CSR: 2.5.29.17, 2.5.29.19, 1.3.6.1.5.5.7.1.12, 2.5.29.35, 2.5.29.37, 2.5.29.15
Thu Sep 14 12:54:54 UTC 2023 certificated is renewed
2023-09-14 12:54:54,758 [CertificateRenewerService] INFO  ssl.PemFileBasedKeyStoresFactory (PemFileBasedKeyStoresFactory.java:notifyCertificateRenewed(157)) - CertificateClientTestImpl notify certificate renewed
2023-09-14 12:54:54,759 [CertificateRenewerService] INFO  ssl.ReloadingX509KeyManager (ReloadingX509KeyManager.java:loadKeyManager(222)) - Key manager is loaded with certificate chain
2023-09-14 12:54:54,759 [CertificateRenewerService] INFO  ssl.ReloadingX509KeyManager (ReloadingX509KeyManager.java:loadKeyManager(224)) - [
[
  Version: V3
  Subject: O=cluster1, OU=scm1, CN=localhost
  Signature Algorithm: SHA256withRSA, OID = 1.2.840.113549.1.1.11

  Key:  Sun RSA public key, 2048 bits
  params: null
  modulus: 29135708547992914624752988419272425490545748924463713971607796205318449404326250281335954074323155704145448010683323648470704816396307115994385415547677448404808232724739759208255779376957914769369069000446789024199355702420153735921611494559920674390569775835326243269650362049552108977349638704305923484360997426921082846196508233643250176889236299050462264188419157789679758096733166285300070856526455862645519516583300023109288154492292748374360541880570265983959732244903566272499521613725144976149242360503174948239102343434709706738454199246753226380833216616401712741781605411688764998462061685086507423695643
  public exponent: 65537
  Validity: [From: Thu Sep 14 12:54:54 UTC 2023,
               To: Thu Sep 14 12:55:34 UTC 2023]
  Issuer: O=cluster1, OU=scm1, CN=rootCA-new@localhost
  SerialNumber: [    02728c3f a599]

Certificate Extensions: 1
[1]: ObjectId: 2.5.29.15 Criticality=true
KeyUsage [
  DigitalSignature
  Key_Agreement
]

]
  Algorithm: [SHA256withRSA]
  Signature:
0000: 53 8B C8 8C C7 BC 5A F3   5A D5 68 93 8C 6F 43 62  S.....Z.Z.h..oCb
0010: 0F DD 19 86 E9 F8 B5 CC   63 21 F1 55 90 F6 9D FE  ........c!.U....
0020: 1C 4D 1B 85 54 5E 0C 64   CA 44 5D 07 09 16 87 A4  .M..T^.d.D].....
0030: 08 84 36 E2 AA 86 D5 27   F7 80 0E 08 FD 3D 62 15  ..6....'.....=b.
0040: 30 1B 5E 98 42 0D 35 D6   6A 07 26 81 DB 1F 0A 37  0.^.B.5.j.&....7
0050: F9 FB 7E 40 7A AE A7 76   6A 83 16 58 44 AD 92 ED  ...@z..vj..XD...
0060: F4 96 FF 2E 2C 87 88 4D   4C E5 41 C8 95 88 E0 6D  ....,..ML.A....m
0070: D2 27 3D 5A 88 56 97 D1   A4 88 AE C1 C3 C3 F3 DC  .'=Z.V..........
0080: A1 94 65 66 ED 1F D1 0A   11 DE 71 D6 FB 68 6B BD  ..ef......q..hk.
0090: F6 2F 7E BD 5C 0D 33 5E   6D 02 24 B2 C2 75 3A B5  ./..\.3^m.$..u:.
00A0: F8 FA 35 30 7D 39 73 F6   77 76 F7 12 5C 8F EE 18  ..50.9s.wv..\...
00B0: 91 53 C5 0D 1B 19 67 5D   51 C5 33 0D 21 63 60 AB  .S....g]Q.3.!c`.
00C0: D6 07 8F CD 82 96 89 BE   55 58 44 BA 5E 86 C2 75  ........UXD.^..u
00D0: 1D 43 81 F3 D8 5B 93 F9   CA EE 96 40 08 D3 5E A5  .C...[.....@..^.
00E0: B8 95 71 CD 42 76 52 31   18 F7 22 BD FA F9 E4 19  ..q.BvR1..".....
00F0: B0 B0 6F 3C 6B B1 EA 8B   03 3C 92 AC B5 B9 65 30  ..o<k....<....e0

]
2023-09-14 12:54:54,768 [Time-limited test] INFO  om.OzoneManager (OzoneManager.java:stop(2207)) - om1[fv-az187-373.4biwkquksivelc4kanrnlgeoof.gx.internal.cloudapp.net:1202]: Stopping Ozone Manager
2023-09-14 12:54:54,768 [Time-limited test] INFO  ipc.Server (Server.java:stop(3523)) - Stopping server on 1202
2023-09-14 12:54:54,769 [CertificateRenewerService] INFO  ssl.ReloadingX509KeyManager (ReloadingX509KeyManager.java:loadKeyManager(224)) - [
[
  Version: V3
  Subject: O=cluster1, OU=scm1, CN=rootCA-new@localhost
  Signature Algorithm: SHA256withRSA, OID = 1.2.840.113549.1.1.11

  Key:  Sun RSA public key, 2048 bits
  params: null
  modulus: 20444863850683892953647913054266149695053028101187467554588877687710841968570338341332115620425312671875592521184777307269557361091764695004309516073100221031906502946956518680664340057262069470988454232117096885278588415108486208030892105048442447823002533629437306171702281386860281243532493882685079159047888942829574421486205879931865184627613550975220613725320746199004699495073852890171553099722913253842127975601909984441027993355295198139495480433680992794824680111332475309520074900890880910957819074937440068165827545212305883282713664326602708045704187807921267163232490445244979458834509536984317734204043
  public exponent: 65537
  Validity: [From: Thu Sep 14 12:54:54 UTC 2023,
               To: Sun Oct 22 12:54:54 UTC 2028]
  Issuer: O=cluster1, OU=scm1, CN=rootCA-new@localhost
  SerialNumber: [    02]

Certificate Extensions: 2
[1]: ObjectId: 2.5.29.19 Criticality=true
BasicConstraints:[
  CA:true
  PathLen:2147483647
]

[2]: ObjectId: 2.5.29.15 Criticality=true
KeyUsage [
  Key_CertSign
  Crl_Sign
]

]
  Algorithm: [SHA256withRSA]
  Signature:
0000: 56 76 69 0C CC 0D FE 84   72 75 B6 35 24 D3 BD 66  Vvi.....ru.5$..f
0010: 13 F2 2F 3E B8 37 5A 19   89 C1 6F E4 C7 FF FD 73  ../>.7Z...o....s
0020: 60 C4 DC E4 7D EB 33 E9   8B CD EE B9 D9 25 98 5D  `.....3......%.]
0030: 4F 72 F5 AA 0A 16 8B 97   CC AB 8F ED AC 4C 9D D7  Or...........L..
0040: DF 87 86 34 6D 7D 0D A6   1C 39 A3 62 DD A8 62 29  ...4m....9.b..b)
0050: ED 62 CF 76 E1 3E AD CE   C1 F7 9F 2C A4 86 2A EF  .b.v.>.....,..*.
0060: D9 0F C2 4A 82 5C B7 C5   6A 64 ED 72 76 63 C0 0C  ...J.\..jd.rvc..
0070: 22 9F E9 AB 4E 94 77 E3   DB 06 04 4B 98 8F 51 87  "...N.w....K..Q.
0080: 74 E1 50 E6 4C 07 4B CE   EE 90 CB BA AE 3B EF 47  t.P.L.K......;.G
0090: C4 55 AB 03 06 96 38 8E   EF 73 F0 37 CA DE 1F FA  .U....8..s.7....
00A0: CE 8C CE 05 8E 38 96 8C   22 A4 41 92 E8 DD AE 0C  .....8..".A.....
00B0: B0 AD 34 D6 9E AA 2B 88   14 2D 36 07 32 2B 30 9A  ..4...+..-6.2+0.
00C0: 5E EB 4B ED 0C B2 20 09   83 2C 64 C3 1B 28 14 A3  ^.K... ..,d..(..
00D0: EE DD 1E A3 EE 36 CE 40   EA 57 F5 C8 F1 5F 7B 7F  .....6.@.W..._..
00E0: DC 65 8C E7 9D 85 CA DF   0A A3 AF 7A CD 67 0B 69  .e.........z.g.i
00F0: B4 F5 1D C7 DF 1E 4B 4F   A9 C5 B8 B9 E3 18 76 13  ......KO......v.

]
2023-09-14 12:54:54,769 [CertificateRenewerService] INFO  ssl.ReloadingX509KeyManager (ReloadingX509KeyManager.java:loadFrom(192)) - ReloadingX509KeyManager is reloaded
2023-09-14 12:54:54,769 [CertificateRenewerService] INFO  ssl.ReloadingX509TrustManager (ReloadingX509TrustManager.java:insertCertsToKeystore(188)) - Trust manager is loaded with certificates
2023-09-14 12:54:54,776 [IPC Server Responder] INFO  ipc.Server (Server.java:run(1567)) - Stopping IPC Server Responder
2023-09-14 12:54:54,776 [IPC Server listener on 1202] INFO  ipc.Server (Server.java:run(1434)) - Stopping IPC Server listener on 1202
2023-09-14 12:54:54,777 [Time-limited test] INFO  server.RaftServer (RaftServerProxy.java:lambda$close$6(416)) - om1: close
2023-09-14 12:54:54,777 [Time-limited test] INFO  server.GrpcService (GrpcService.java:closeImpl(311)) - om1: shutdown server GrpcServerProtocolService now
2023-09-14 12:54:54,777 [om1-impl-thread1] INFO  server.RaftServer$Division (RaftServerImpl.java:lambda$close$4(466)) - om1@group-C5BA1605619E: shutdown
2023-09-14 12:54:54,777 [om1-impl-thread1] INFO  util.JmxRegister (JmxRegister.java:unregister(73)) - Successfully un-registered JMX Bean with object name Ratis:service=RaftServer,group=group-C5BA1605619E,id=om1
2023-09-14 12:54:54,777 [om1-impl-thread1] INFO  impl.RoleInfo (RoleInfo.java:shutdownLeaderState(93)) - om1: shutdown om1@group-C5BA1605619E-LeaderStateImpl
2023-09-14 12:54:54,777 [om1-impl-thread1] INFO  impl.PendingRequests (PendingRequests.java:sendNotLeaderResponses(289)) - om1@group-C5BA1605619E-PendingRequests: sendNotLeaderResponses
2023-09-14 12:54:54,778 [om1-impl-thread1] INFO  impl.StateMachineUpdater (StateMachineUpdater.java:stopAndJoin(155)) - om1@group-C5BA1605619E-StateMachineUpdater: set stopIndex = 6
2023-09-14 12:54:54,778 [om1@group-C5BA1605619E-StateMachineUpdater] INFO  ratis.OzoneManagerStateMachine (OzoneManagerStateMachine.java:takeSnapshot(480)) - Current Snapshot Index (t:1, i:6)
2023-09-14 12:54:54,781 [CertificateRenewerService] INFO  ssl.ReloadingX509TrustManager (ReloadingX509TrustManager.java:insertCertsToKeystore(192)) - [
[
  Version: V3
  Subject: O=cluster1, OU=scm1, CN=rootCA@localhost
  Signature Algorithm: SHA256withRSA, OID = 1.2.840.113549.1.1.11

  Key:  Sun RSA public key, 2048 bits
  params: null
  modulus: 26912759359561219244490357449870282602655782096960198511447583150124389522230162307663389002144129766353028038976768652535495917858354672613986683783935849819918525557209982911477115259035968184121980549786200513524604048749344791964395638515195210309927025398883877843941013723942478408209106753882271957266470829675283716543574736184468500192632864374684048382187702577759389862283708348363499319908690950615454382184427847725785732669020073770044357705223931750259356969266144264435630926238687509153798554925927017645976830386272666512075034797182366029849218336555006213443834997388152225286311411354360636658647
  public exponent: 65537
  Validity: [From: Thu Sep 14 12:54:39 UTC 2023,
               To: Sun Oct 22 12:54:39 UTC 2028]
  Issuer: O=cluster1, OU=scm1, CN=rootCA@localhost
  SerialNumber: [    01]

Certificate Extensions: 2
[1]: ObjectId: 2.5.29.19 Criticality=true
BasicConstraints:[
  CA:true
  PathLen:2147483647
]

[2]: ObjectId: 2.5.29.15 Criticality=true
KeyUsage [
  Key_CertSign
  Crl_Sign
]

]
  Algorithm: [SHA256withRSA]
  Signature:
0000: 16 F4 59 CE 44 AF 59 6B   9A 5B 8A DD C5 83 6E B2  ..Y.D.Yk.[....n.
0010: 09 F1 94 84 16 06 AF 4C   18 CA 64 28 1E 7A 36 8B  .......L..d(.z6.
0020: C7 4A 6B D4 4E BB F8 94   4B 5C A4 5E AE 4A D1 42  .Jk.N...K\.^.J.B
0030: 69 4D 56 C1 89 2C 28 78   AE D3 AE 8F 7F A9 32 09  iMV..,(x......2.
0040: E8 D2 23 B5 CA E2 44 87   80 B5 02 84 E5 9E 59 AF  ..#...D.......Y.
0050: 2A A8 A4 46 0B 04 01 EA   44 F3 3E 94 87 8A 1F D0  *..F....D.>.....
0060: 6C 0F F6 EE E5 88 BC 4C   CE 35 E2 31 08 24 26 34  l......L.5.1.$&4
0070: 9B F5 13 82 95 14 86 98   5A E1 B6 B5 22 7D F2 A8  ........Z..."...
0080: 17 60 09 5C 11 1B 89 53   DC 46 64 69 9B 96 DF AF  .`.\...S.Fdi....
0090: 29 18 8D 14 0E 82 73 65   45 08 EF EC A8 56 AA 49  ).....seE....V.I
00A0: 2C 86 5C 67 9A C3 0D 4D   BD 5C 5A 3B 32 47 C5 25  ,.\g...M.\Z;2G.%
00B0: 14 30 D7 DB 24 E9 53 47   F7 4F 85 64 B9 90 02 7D  .0..$.SG.O.d....
00C0: A1 68 C6 CA 5C A2 23 36   11 CD E0 29 F6 1A F7 9A  .h..\.#6...)....
00D0: DA 99 B5 EA EF 1C A9 65   3D 1B 16 35 E3 3F 43 41  .......e=..5.?CA
00E0: CF BA 8D 90 95 70 B6 F2   4F 5F C2 2B 49 1B 8F B3  .....p..O_.+I...
00F0: 4F 66 35 B7 53 15 E8 28   68 46 0B 4E 8B C8 71 D8  Of5.S..(hF.N..q.

]
2023-09-14 12:54:54,782 [CertificateRenewerService] INFO  ssl.ReloadingX509TrustManager (ReloadingX509TrustManager.java:insertCertsToKeystore(192)) - [
[
  Version: V3
  Subject: O=cluster1, OU=scm1, CN=rootCA-new@localhost
  Signature Algorithm: SHA256withRSA, OID = 1.2.840.113549.1.1.11

  Key:  Sun RSA public key, 2048 bits
  params: null
  modulus: 20444863850683892953647913054266149695053028101187467554588877687710841968570338341332115620425312671875592521184777307269557361091764695004309516073100221031906502946956518680664340057262069470988454232117096885278588415108486208030892105048442447823002533629437306171702281386860281243532493882685079159047888942829574421486205879931865184627613550975220613725320746199004699495073852890171553099722913253842127975601909984441027993355295198139495480433680992794824680111332475309520074900890880910957819074937440068165827545212305883282713664326602708045704187807921267163232490445244979458834509536984317734204043
  public exponent: 65537
  Validity: [From: Thu Sep 14 12:54:54 UTC 2023,
               To: Sun Oct 22 12:54:54 UTC 2028]
  Issuer: O=cluster1, OU=scm1, CN=rootCA-new@localhost
  SerialNumber: [    02]

Certificate Extensions: 2
[1]: ObjectId: 2.5.29.19 Criticality=true
BasicConstraints:[
  CA:true
  PathLen:2147483647
]

[2]: ObjectId: 2.5.29.15 Criticality=true
KeyUsage [
  Key_CertSign
  Crl_Sign
]

]
  Algorithm: [SHA256withRSA]
  Signature:
0000: 56 76 69 0C CC 0D FE 84   72 75 B6 35 24 D3 BD 66  Vvi.....ru.5$..f
0010: 13 F2 2F 3E B8 37 5A 19   89 C1 6F E4 C7 FF FD 73  ../>.7Z...o....s
0020: 60 C4 DC E4 7D EB 33 E9   8B CD EE B9 D9 25 98 5D  `.....3......%.]
0030: 4F 72 F5 AA 0A 16 8B 97   CC AB 8F ED AC 4C 9D D7  Or...........L..
0040: DF 87 86 34 6D 7D 0D A6   1C 39 A3 62 DD A8 62 29  ...4m....9.b..b)
0050: ED 62 CF 76 E1 3E AD CE   C1 F7 9F 2C A4 86 2A EF  .b.v.>.....,..*.
0060: D9 0F C2 4A 82 5C B7 C5   6A 64 ED 72 76 63 C0 0C  ...J.\..jd.rvc..
0070: 22 9F E9 AB 4E 94 77 E3   DB 06 04 4B 98 8F 51 87  "...N.w....K..Q.
0080: 74 E1 50 E6 4C 07 4B CE   EE 90 CB BA AE 3B EF 47  t.P.L.K......;.G
0090: C4 55 AB 03 06 96 38 8E   EF 73 F0 37 CA DE 1F FA  .U....8..s.7....
00A0: CE 8C CE 05 8E 38 96 8C   22 A4 41 92 E8 DD AE 0C  .....8..".A.....
00B0: B0 AD 34 D6 9E AA 2B 88   14 2D 36 07 32 2B 30 9A  ..4...+..-6.2+0.
00C0: 5E EB 4B ED 0C B2 20 09   83 2C 64 C3 1B 28 14 A3  ^.K... ..,d..(..
00D0: EE DD 1E A3 EE 36 CE 40   EA 57 F5 C8 F1 5F 7B 7F  .....6.@.W..._..
00E0: DC 65 8C E7 9D 85 CA DF   0A A3 AF 7A CD 67 0B 69  .e.........z.g.i
00F0: B4 F5 1D C7 DF 1E 4B 4F   A9 C5 B8 B9 E3 18 76 13  ......KO......v.

]
2023-09-14 12:54:54,782 [CertificateRenewerService] INFO  ssl.ReloadingX509TrustManager (ReloadingX509TrustManager.java:loadFrom(141)) - ReloadingX509TrustManager is reloaded.
2023-09-14 12:54:54,782 [CertificateRenewerService] INFO  ssl.PemFileBasedKeyStoresFactory (PemFileBasedKeyStoresFactory.java:notifyCertificateRenewed(157)) - CertificateClientTestImpl notify certificate renewed
2023-09-14 12:54:54,784 [CertificateRenewerService] INFO  ssl.ReloadingX509KeyManager (ReloadingX509KeyManager.java:loadKeyManager(222)) - Key manager is loaded with certificate chain
2023-09-14 12:54:54,786 [CertificateRenewerService] INFO  ssl.ReloadingX509KeyManager (ReloadingX509KeyManager.java:loadKeyManager(224)) - [
[
  Version: V3
  Subject: O=cluster1, OU=scm1, CN=localhost
  Signature Algorithm: SHA256withRSA, OID = 1.2.840.113549.1.1.11

  Key:  Sun RSA public key, 2048 bits
  params: null
  modulus: 29135708547992914624752988419272425490545748924463713971607796205318449404326250281335954074323155704145448010683323648470704816396307115994385415547677448404808232724739759208255779376957914769369069000446789024199355702420153735921611494559920674390569775835326243269650362049552108977349638704305923484360997426921082846196508233643250176889236299050462264188419157789679758096733166285300070856526455862645519516583300023109288154492292748374360541880570265983959732244903566272499521613725144976149242360503174948239102343434709706738454199246753226380833216616401712741781605411688764998462061685086507423695643
  public exponent: 65537
  Validity: [From: Thu Sep 14 12:54:54 UTC 2023,
               To: Thu Sep 14 12:55:34 UTC 2023]
  Issuer: O=cluster1, OU=scm1, CN=rootCA-new@localhost
  SerialNumber: [    02728c3f a599]

Certificate Extensions: 1
[1]: ObjectId: 2.5.29.15 Criticality=true
KeyUsage [
  DigitalSignature
  Key_Agreement
]

]
  Algorithm: [SHA256withRSA]
  Signature:
0000: 53 8B C8 8C C7 BC 5A F3   5A D5 68 93 8C 6F 43 62  S.....Z.Z.h..oCb
0010: 0F DD 19 86 E9 F8 B5 CC   63 21 F1 55 90 F6 9D FE  ........c!.U....
0020: 1C 4D 1B 85 54 5E 0C 64   CA 44 5D 07 09 16 87 A4  .M..T^.d.D].....
0030: 08 84 36 E2 AA 86 D5 27   F7 80 0E 08 FD 3D 62 15  ..6....'.....=b.
0040: 30 1B 5E 98 42 0D 35 D6   6A 07 26 81 DB 1F 0A 37  0.^.B.5.j.&....7
0050: F9 FB 7E 40 7A AE A7 76   6A 83 16 58 44 AD 92 ED  ...@z..vj..XD...
0060: F4 96 FF 2E 2C 87 88 4D   4C E5 41 C8 95 88 E0 6D  ....,..ML.A....m
0070: D2 27 3D 5A 88 56 97 D1   A4 88 AE C1 C3 C3 F3 DC  .'=Z.V..........
0080: A1 94 65 66 ED 1F D1 0A   11 DE 71 D6 FB 68 6B BD  ..ef......q..hk.
0090: F6 2F 7E BD 5C 0D 33 5E   6D 02 24 B2 C2 75 3A B5  ./..\.3^m.$..u:.
00A0: F8 FA 35 30 7D 39 73 F6   77 76 F7 12 5C 8F EE 18  ..50.9s.wv..\...
00B0: 91 53 C5 0D 1B 19 67 5D   51 C5 33 0D 21 63 60 AB  .S....g]Q.3.!c`.
00C0: D6 07 8F CD 82 96 89 BE   55 58 44 BA 5E 86 C2 75  ........UXD.^..u
00D0: 1D 43 81 F3 D8 5B 93 F9   CA EE 96 40 08 D3 5E A5  .C...[.....@..^.
00E0: B8 95 71 CD 42 76 52 31   18 F7 22 BD FA F9 E4 19  ..q.BvR1..".....
00F0: B0 B0 6F 3C 6B B1 EA 8B   03 3C 92 AC B5 B9 65 30  ..o<k....<....e0

]
2023-09-14 12:54:54,789 [CertificateRenewerService] INFO  ssl.ReloadingX509KeyManager (ReloadingX509KeyManager.java:loadKeyManager(224)) - [
[
  Version: V3
  Subject: O=cluster1, OU=scm1, CN=rootCA-new@localhost
  Signature Algorithm: SHA256withRSA, OID = 1.2.840.113549.1.1.11

  Key:  Sun RSA public key, 2048 bits
  params: null
  modulus: 20444863850683892953647913054266149695053028101187467554588877687710841968570338341332115620425312671875592521184777307269557361091764695004309516073100221031906502946956518680664340057262069470988454232117096885278588415108486208030892105048442447823002533629437306171702281386860281243532493882685079159047888942829574421486205879931865184627613550975220613725320746199004699495073852890171553099722913253842127975601909984441027993355295198139495480433680992794824680111332475309520074900890880910957819074937440068165827545212305883282713664326602708045704187807921267163232490445244979458834509536984317734204043
  public exponent: 65537
  Validity: [From: Thu Sep 14 12:54:54 UTC 2023,
               To: Sun Oct 22 12:54:54 UTC 2028]
  Issuer: O=cluster1, OU=scm1, CN=rootCA-new@localhost
  SerialNumber: [    02]

Certificate Extensions: 2
[1]: ObjectId: 2.5.29.19 Criticality=true
BasicConstraints:[
  CA:true
  PathLen:2147483647
]

[2]: ObjectId: 2.5.29.15 Criticality=true
KeyUsage [
  Key_CertSign
  Crl_Sign
]

]
  Algorithm: [SHA256withRSA]
  Signature:
0000: 56 76 69 0C CC 0D FE 84   72 75 B6 35 24 D3 BD 66  Vvi.....ru.5$..f
0010: 13 F2 2F 3E B8 37 5A 19   89 C1 6F E4 C7 FF FD 73  ../>.7Z...o....s
0020: 60 C4 DC E4 7D EB 33 E9   8B CD EE B9 D9 25 98 5D  `.....3......%.]
0030: 4F 72 F5 AA 0A 16 8B 97   CC AB 8F ED AC 4C 9D D7  Or...........L..
0040: DF 87 86 34 6D 7D 0D A6   1C 39 A3 62 DD A8 62 29  ...4m....9.b..b)
0050: ED 62 CF 76 E1 3E AD CE   C1 F7 9F 2C A4 86 2A EF  .b.v.>.....,..*.
0060: D9 0F C2 4A 82 5C B7 C5   6A 64 ED 72 76 63 C0 0C  ...J.\..jd.rvc..
0070: 22 9F E9 AB 4E 94 77 E3   DB 06 04 4B 98 8F 51 87  "...N.w....K..Q.
0080: 74 E1 50 E6 4C 07 4B CE   EE 90 CB BA AE 3B EF 47  t.P.L.K......;.G
0090: C4 55 AB 03 06 96 38 8E   EF 73 F0 37 CA DE 1F FA  .U....8..s.7....
00A0: CE 8C CE 05 8E 38 96 8C   22 A4 41 92 E8 DD AE 0C  .....8..".A.....
00B0: B0 AD 34 D6 9E AA 2B 88   14 2D 36 07 32 2B 30 9A  ..4...+..-6.2+0.
00C0: 5E EB 4B ED 0C B2 20 09   83 2C 64 C3 1B 28 14 A3  ^.K... ..,d..(..
00D0: EE DD 1E A3 EE 36 CE 40   EA 57 F5 C8 F1 5F 7B 7F  .....6.@.W..._..
00E0: DC 65 8C E7 9D 85 CA DF   0A A3 AF 7A CD 67 0B 69  .e.........z.g.i
00F0: B4 F5 1D C7 DF 1E 4B 4F   A9 C5 B8 B9 E3 18 76 13  ......KO......v.

]
2023-09-14 12:54:54,790 [Time-limited test] INFO  server.GrpcService (GrpcService.java:closeImpl(320)) - om1: shutdown server GrpcServerProtocolService successfully
2023-09-14 12:54:54,790 [om1@group-C5BA1605619E-StateMachineUpdater] INFO  impl.StateMachineUpdater (StateMachineUpdater.java:takeSnapshot(291)) - om1@group-C5BA1605619E-StateMachineUpdater: Took a snapshot at index 6
2023-09-14 12:54:54,790 [om1@group-C5BA1605619E-StateMachineUpdater] INFO  impl.StateMachineUpdater (StateMachineUpdater.java:lambda$new$0(97)) - om1@group-C5BA1605619E-StateMachineUpdater: snapshotIndex: updateIncreasingly -1 -> 6
2023-09-14 12:54:54,790 [om1@group-C5BA1605619E-StateMachineUpdater] INFO  ratis.OzoneManagerStateMachine (OzoneManagerStateMachine.java:close(534)) - StateMachine has shutdown. Shutdown OzoneManager if not already shutdown.
2023-09-14 12:54:54,790 [om1@group-C5BA1605619E-StateMachineUpdater] INFO  ratis.OzoneManagerDoubleBuffer (OzoneManagerDoubleBuffer.java:stopDaemon(551)) - Stopping OMDoubleBuffer flush thread
2023-09-14 12:54:54,790 [OMDoubleBufferFlushThread] INFO  ratis.OzoneManagerDoubleBuffer (OzoneManagerDoubleBuffer.java:canFlush(638)) - OMDoubleBuffer flush thread OMDoubleBufferFlushThread is interrupted and will exit.
2023-09-14 12:54:54,791 [om1-impl-thread1] INFO  server.RaftServer$Division (ServerState.java:close(472)) - om1@group-C5BA1605619E: closes. applyIndex: 6
2023-09-14 12:54:54,792 [CertificateRenewerService] INFO  ssl.ReloadingX509KeyManager (ReloadingX509KeyManager.java:loadFrom(192)) - ReloadingX509KeyManager is reloaded
2023-09-14 12:54:54,792 [CertificateRenewerService] INFO  ssl.ReloadingX509TrustManager (ReloadingX509TrustManager.java:insertCertsToKeystore(188)) - Trust manager is loaded with certificates
2023-09-14 12:54:54,792 [CertificateRenewerService] INFO  ssl.ReloadingX509TrustManager (ReloadingX509TrustManager.java:insertCertsToKeystore(192)) - [
[
  Version: V3
  Subject: O=cluster1, OU=scm1, CN=rootCA@localhost
  Signature Algorithm: SHA256withRSA, OID = 1.2.840.113549.1.1.11

  Key:  Sun RSA public key, 2048 bits
  params: null
  modulus: 26912759359561219244490357449870282602655782096960198511447583150124389522230162307663389002144129766353028038976768652535495917858354672613986683783935849819918525557209982911477115259035968184121980549786200513524604048749344791964395638515195210309927025398883877843941013723942478408209106753882271957266470829675283716543574736184468500192632864374684048382187702577759389862283708348363499319908690950615454382184427847725785732669020073770044357705223931750259356969266144264435630926238687509153798554925927017645976830386272666512075034797182366029849218336555006213443834997388152225286311411354360636658647
  public exponent: 65537
  Validity: [From: Thu Sep 14 12:54:39 UTC 2023,
               To: Sun Oct 22 12:54:39 UTC 2028]
  Issuer: O=cluster1, OU=scm1, CN=rootCA@localhost
  SerialNumber: [    01]

Certificate Extensions: 2
[1]: ObjectId: 2.5.29.19 Criticality=true
BasicConstraints:[
  CA:true
  PathLen:2147483647
]

[2]: ObjectId: 2.5.29.15 Criticality=true
KeyUsage [
  Key_CertSign
  Crl_Sign
]

]
  Algorithm: [SHA256withRSA]
  Signature:
0000: 16 F4 59 CE 44 AF 59 6B   9A 5B 8A DD C5 83 6E B2  ..Y.D.Yk.[....n.
0010: 09 F1 94 84 16 06 AF 4C   18 CA 64 28 1E 7A 36 8B  .......L..d(.z6.
0020: C7 4A 6B D4 4E BB F8 94   4B 5C A4 5E AE 4A D1 42  .Jk.N...K\.^.J.B
0030: 69 4D 56 C1 89 2C 28 78   AE D3 AE 8F 7F A9 32 09  iMV..,(x......2.
0040: E8 D2 23 B5 CA E2 44 87   80 B5 02 84 E5 9E 59 AF  ..#...D.......Y.
0050: 2A A8 A4 46 0B 04 01 EA   44 F3 3E 94 87 8A 1F D0  *..F....D.>.....
0060: 6C 0F F6 EE E5 88 BC 4C   CE 35 E2 31 08 24 26 34  l......L.5.1.$&4
0070: 9B F5 13 82 95 14 86 98   5A E1 B6 B5 22 7D F2 A8  ........Z..."...
0080: 17 60 09 5C 11 1B 89 53   DC 46 64 69 9B 96 DF AF  .`.\...S.Fdi....
0090: 29 18 8D 14 0E 82 73 65   45 08 EF EC A8 56 AA 49  ).....seE....V.I
00A0: 2C 86 5C 67 9A C3 0D 4D   BD 5C 5A 3B 32 47 C5 25  ,.\g...M.\Z;2G.%
00B0: 14 30 D7 DB 24 E9 53 47   F7 4F 85 64 B9 90 02 7D  .0..$.SG.O.d....
00C0: A1 68 C6 CA 5C A2 23 36   11 CD E0 29 F6 1A F7 9A  .h..\.#6...)....
00D0: DA 99 B5 EA EF 1C A9 65   3D 1B 16 35 E3 3F 43 41  .......e=..5.?CA
00E0: CF BA 8D 90 95 70 B6 F2   4F 5F C2 2B 49 1B 8F B3  .....p..O_.+I...
00F0: 4F 66 35 B7 53 15 E8 28   68 46 0B 4E 8B C8 71 D8  Of5.S..(hF.N..q.

]
2023-09-14 12:54:54,793 [CertificateRenewerService] INFO  ssl.ReloadingX509TrustManager (ReloadingX509TrustManager.java:insertCertsToKeystore(192)) - [
[
  Version: V3
  Subject: O=cluster1, OU=scm1, CN=rootCA-new@localhost
  Signature Algorithm: SHA256withRSA, OID = 1.2.840.113549.1.1.11

  Key:  Sun RSA public key, 2048 bits
  params: null
  modulus: 20444863850683892953647913054266149695053028101187467554588877687710841968570338341332115620425312671875592521184777307269557361091764695004309516073100221031906502946956518680664340057262069470988454232117096885278588415108486208030892105048442447823002533629437306171702281386860281243532493882685079159047888942829574421486205879931865184627613550975220613725320746199004699495073852890171553099722913253842127975601909984441027993355295198139495480433680992794824680111332475309520074900890880910957819074937440068165827545212305883282713664326602708045704187807921267163232490445244979458834509536984317734204043
  public exponent: 65537
  Validity: [From: Thu Sep 14 12:54:54 UTC 2023,
               To: Sun Oct 22 12:54:54 UTC 2028]
  Issuer: O=cluster1, OU=scm1, CN=rootCA-new@localhost
  SerialNumber: [    02]

Certificate Extensions: 2
[1]: ObjectId: 2.5.29.19 Criticality=true
BasicConstraints:[
  CA:true
  PathLen:2147483647
]

[2]: ObjectId: 2.5.29.15 Criticality=true
KeyUsage [
  Key_CertSign
  Crl_Sign
]

]
  Algorithm: [SHA256withRSA]
  Signature:
0000: 56 76 69 0C CC 0D FE 84   72 75 B6 35 24 D3 BD 66  Vvi.....ru.5$..f
0010: 13 F2 2F 3E B8 37 5A 19   89 C1 6F E4 C7 FF FD 73  ../>.7Z...o....s
0020: 60 C4 DC E4 7D EB 33 E9   8B CD EE B9 D9 25 98 5D  `.....3......%.]
0030: 4F 72 F5 AA 0A 16 8B 97   CC AB 8F ED AC 4C 9D D7  Or...........L..
0040: DF 87 86 34 6D 7D 0D A6   1C 39 A3 62 DD A8 62 29  ...4m....9.b..b)
0050: ED 62 CF 76 E1 3E AD CE   C1 F7 9F 2C A4 86 2A EF  .b.v.>.....,..*.
0060: D9 0F C2 4A 82 5C B7 C5   6A 64 ED 72 76 63 C0 0C  ...J.\..jd.rvc..
0070: 22 9F E9 AB 4E 94 77 E3   DB 06 04 4B 98 8F 51 87  "...N.w....K..Q.
0080: 74 E1 50 E6 4C 07 4B CE   EE 90 CB BA AE 3B EF 47  t.P.L.K......;.G
0090: C4 55 AB 03 06 96 38 8E   EF 73 F0 37 CA DE 1F FA  .U....8..s.7....
00A0: CE 8C CE 05 8E 38 96 8C   22 A4 41 92 E8 DD AE 0C  .....8..".A.....
00B0: B0 AD 34 D6 9E AA 2B 88   14 2D 36 07 32 2B 30 9A  ..4...+..-6.2+0.
00C0: 5E EB 4B ED 0C B2 20 09   83 2C 64 C3 1B 28 14 A3  ^.K... ..,d..(..
00D0: EE DD 1E A3 EE 36 CE 40   EA 57 F5 C8 F1 5F 7B 7F  .....6.@.W..._..
00E0: DC 65 8C E7 9D 85 CA DF   0A A3 AF 7A CD 67 0B 69  .e.........z.g.i
00F0: B4 F5 1D C7 DF 1E 4B 4F   A9 C5 B8 B9 E3 18 76 13  ......KO......v.

]
2023-09-14 12:54:54,793 [CertificateRenewerService] INFO  ssl.ReloadingX509TrustManager (ReloadingX509TrustManager.java:loadFrom(141)) - ReloadingX509TrustManager is reloaded.
2023-09-14 12:54:54,793 [CertificateRenewerService] INFO  security.OzoneDelegationTokenSecretManager (OzoneSecretManager.java:notifyCertificateRenewed(198)) - Certificate is changed from 2676143522159 to 2691002508697
2023-09-14 12:54:54,793 [CertificateRenewerService] INFO  security.OzoneDelegationTokenSecretManager (OzoneSecretManager.java:updateCurrentKey(175)) - Updating current master key for generating tokens. Cert id 2691002508697
2023-09-14 12:54:55,768 [om1-impl-thread1] INFO  segmented.SegmentedRaftLogWorker (SegmentedRaftLogWorker.java:close(252)) - om1@group-C5BA1605619E-SegmentedRaftLogWorker close()
2023-09-14 12:54:55,768 [JvmPauseMonitor6] INFO  util.JvmPauseMonitor (JvmPauseMonitor.java:run(109)) - JvmPauseMonitor-om1: Stopped
2023-09-14 12:54:55,768 [Time-limited test] INFO  ratis.OzoneManagerStateMachine (OzoneManagerStateMachine.java:close(534)) - StateMachine has shutdown. Shutdown OzoneManager if not already shutdown.
2023-09-14 12:54:55,769 [Time-limited test] INFO  ratis.OzoneManagerDoubleBuffer (OzoneManagerDoubleBuffer.java:stopDaemon(560)) - OMDoubleBuffer flush thread is not running.
2023-09-14 12:54:55,769 [Time-limited test] INFO  utils.BackgroundService (BackgroundService.java:shutdown(141)) - Shutting down service KeyDeletingService
2023-09-14 12:54:55,769 [Time-limited test] INFO  utils.BackgroundService (BackgroundService.java:shutdown(141)) - Shutting down service KeyDeletingService
2023-09-14 12:54:55,769 [Time-limited test] INFO  utils.BackgroundService (BackgroundService.java:shutdown(141)) - Shutting down service OpenKeyCleanupService
2023-09-14 12:54:55,770 [Time-limited test] INFO  utils.BackgroundService (BackgroundService.java:shutdown(141)) - Shutting down service SstFilteringService
2023-09-14 12:54:55,770 [Time-limited test] INFO  utils.BackgroundService (BackgroundService.java:shutdown(141)) - Shutting down service SnapshotDeletingService
2023-09-14 12:54:55,770 [Time-limited test] INFO  om.OzoneManager (OzoneManager.java:stopSecretManager(1066)) - Stopping secret key client.
2023-09-14 12:54:55,770 [Time-limited test] INFO  om.OzoneManager (OzoneManager.java:stopSecretManager(1071)) - Stopping OM delegation token secret manager.
2023-09-14 12:54:55,771 [Thread[Thread-1466,5,FailOnTimeoutGroup]] INFO  security.OzoneDelegationTokenSecretManager (OzoneDelegationTokenSecretManager.java:run(653)) - ExpiredTokenRemover was interrupted.
java.lang.InterruptedException: sleep interrupted
	at java.lang.Thread.sleep(Native Method)
	at org.apache.hadoop.ozone.security.OzoneDelegationTokenSecretManager$ExpiredTokenRemover.run(OzoneDelegationTokenSecretManager.java:649)
	at java.lang.Thread.run(Thread.java:750)
2023-09-14 12:54:55,771 [Time-limited test] INFO  handler.ContextHandler (ContextHandler.java:doStop(1159)) - Stopped o.e.j.w.WebAppContext@78364957{ozoneManager,/,null,STOPPED}{file:/home/runner/work/ozone/ozone/hadoop-ozone/integration-test/target/test-classes/webapps/ozoneManager}
2023-09-14 12:54:55,773 [Time-limited test] INFO  server.AbstractConnector (AbstractConnector.java:doStop(383)) - Stopped ServerConnector@6bf67469{HTTP/1.1, (http/1.1)}{0.0.0.0:9874}
2023-09-14 12:54:55,773 [Time-limited test] INFO  server.session (HouseKeeper.java:stopScavenging(149)) - node0 Stopped scavenging
2023-09-14 12:54:55,774 [Time-limited test] INFO  handler.ContextHandler (ContextHandler.java:doStop(1159)) - Stopped o.e.j.s.ServletContextHandler@27d53945{static,/static,file:///home/runner/work/ozone/ozone/hadoop-ozone/integration-test/target/test-classes/webapps/static,STOPPED}
2023-09-14 12:54:55,774 [Time-limited test] INFO  handler.ContextHandler (ContextHandler.java:doStop(1159)) - Stopped o.e.j.s.ServletContextHandler@53de5cb1{logs,/logs,file:///home/runner/work/ozone/ozone/hadoop-ozone/integration-test/target/log,STOPPED}
2023-09-14 12:54:55,775 [Time-limited test] INFO  rocksdiff.RocksDBCheckpointDiffer (RocksDBCheckpointDiffer.java:close(343)) - Shutting down CompactionDagPruningService.
2023-09-14 12:54:55,776 [Time-limited test] INFO  snapshot.SnapshotDiffManager (SnapshotDiffManager.java:closeExecutorService(1706)) - Shutting down executorService: 'SnapDiffExecutor'
2023-09-14 12:54:55,776 [Time-limited test] INFO  snapshot.SnapshotDiffManager (SnapshotDiffManager.java:closeExecutorService(1706)) - Shutting down executorService: 'SstDumpToolExecutor'
2023-09-14 12:54:55,776 [Time-limited test] INFO  utils.BackgroundService (BackgroundService.java:shutdown(141)) - Shutting down service SnapshotDiffCleanupService
2023-09-14 12:54:55,779 [Time-limited test] INFO  impl.DefaultInternalKdcServerImpl (DefaultInternalKdcServerImpl.java:doStop(102)) - Default Internal kdc server stopped.
2023-09-14 12:54:56,779 [Time-limited test] INFO  minikdc.MiniKdc (MiniKdc.java:stop(359)) - MiniKdc stopped.
2023-09-14 12:54:56,779 [Time-limited test] INFO  om.OzoneManager (OzoneManager.java:stop(2207)) - om1[fv-az187-373.4biwkquksivelc4kanrnlgeoof.gx.internal.cloudapp.net:1202]: Stopping Ozone Manager
]]></system-out>
  </testcase>
  <testcase name="testSecureScmStartupSuccess" classname="org.apache.hadoop.ozone.TestSecureOzoneCluster" time="3.656">
    <system-out><![CDATA[2023-09-14 12:54:56,808 [Time-limited test] INFO  net.ServerSocketUtil (ServerSocketUtil.java:getPort(55)) - Using port 9860
2023-09-14 12:54:56,808 [Time-limited test] INFO  net.ServerSocketUtil (ServerSocketUtil.java:getPort(55)) - Using port 9861
2023-09-14 12:54:56,809 [Time-limited test] INFO  net.ServerSocketUtil (ServerSocketUtil.java:getPort(55)) - Using port 9863
2023-09-14 12:54:56,809 [Time-limited test] INFO  net.ServerSocketUtil (ServerSocketUtil.java:getPort(55)) - Using port 9961
2023-09-14 12:54:56,809 [Time-limited test] INFO  net.ServerSocketUtil (ServerSocketUtil.java:getPort(55)) - Using port 1200
2023-09-14 12:54:56,809 [Time-limited test] INFO  net.ServerSocketUtil (ServerSocketUtil.java:getPort(55)) - Using port 1201
2023-09-14 12:54:56,809 [Time-limited test] INFO  minikdc.MiniKdc (MiniKdc.java:<init>(225)) - Configuration:
2023-09-14 12:54:56,809 [Time-limited test] INFO  minikdc.MiniKdc (MiniKdc.java:<init>(226)) - ---------------------------------------------------------------
2023-09-14 12:54:56,809 [Time-limited test] INFO  minikdc.MiniKdc (MiniKdc.java:<init>(228)) -   debug: false
2023-09-14 12:54:56,809 [Time-limited test] INFO  minikdc.MiniKdc (MiniKdc.java:<init>(228)) -   transport: TCP
2023-09-14 12:54:56,809 [Time-limited test] INFO  minikdc.MiniKdc (MiniKdc.java:<init>(228)) -   max.ticket.lifetime: 86400000
2023-09-14 12:54:56,809 [Time-limited test] INFO  minikdc.MiniKdc (MiniKdc.java:<init>(228)) -   org.name: EXAMPLE
2023-09-14 12:54:56,809 [Time-limited test] INFO  minikdc.MiniKdc (MiniKdc.java:<init>(228)) -   kdc.port: 0
2023-09-14 12:54:56,809 [Time-limited test] INFO  minikdc.MiniKdc (MiniKdc.java:<init>(228)) -   org.domain: COM
2023-09-14 12:54:56,809 [Time-limited test] INFO  minikdc.MiniKdc (MiniKdc.java:<init>(228)) -   max.renewable.lifetime: 604800000
2023-09-14 12:54:56,809 [Time-limited test] INFO  minikdc.MiniKdc (MiniKdc.java:<init>(228)) -   instance: DefaultKrbServer
2023-09-14 12:54:56,809 [Time-limited test] INFO  minikdc.MiniKdc (MiniKdc.java:<init>(228)) -   kdc.bind.address: localhost
2023-09-14 12:54:56,810 [Time-limited test] INFO  minikdc.MiniKdc (MiniKdc.java:<init>(230)) - ---------------------------------------------------------------
2023-09-14 12:54:56,811 [Time-limited test] INFO  minikdc.MiniKdc (MiniKdc.java:start(285)) - MiniKdc started.
2023-09-14 12:54:56,938 [Time-limited test] INFO  om.OzoneManager (OzoneManager.java:getOmDetailsProto(4573)) - OzoneManager ports added:[name: "RPC"
value: 1202
]
2023-09-14 12:54:56,939 [Time-limited test] WARN  server.ServerUtils (ServerUtils.java:getScmDbDir(155)) - ozone.scm.db.dirs is not configured. We recommend adding this setting. Falling back to ozone.metadata.dirs instead.
2023-09-14 12:54:56,939 [Time-limited test] INFO  ha.HASecurityUtils (HASecurityUtils.java:initializeSecurity(98)) - Initializing secure StorageContainerManager.
2023-09-14 12:54:56,940 [Time-limited test] INFO  client.SCMCertificateClient (DefaultCertificateClient.java:updateCertSerialId(1244)) - Certificate serial ID set to null
2023-09-14 12:54:56,940 [Time-limited test] ERROR client.SCMCertificateClient (DefaultCertificateClient.java:getCertPath(362)) - Default certificate serial id is not set. Can't locate the default certificate for this client.
2023-09-14 12:54:56,940 [Time-limited test] INFO  client.SCMCertificateClient (DefaultCertificateClient.java:init(715)) - Certificate client init case: 0
2023-09-14 12:54:56,940 [Time-limited test] INFO  client.SCMCertificateClient (SCMCertificateClient.java:handleCase(103)) - Creating keypair for client as keypair and certificate not found.
2023-09-14 12:54:56,987 [Time-limited test] INFO  ha.HASecurityUtils (HASecurityUtils.java:initializeSecurity(108)) - Init response: GETCERT
2023-09-14 12:54:57,308 [Time-limited test] INFO  ozone.OzoneSecurityUtil (OzoneSecurityUtil.java:getValidInetsForCurrentHost(119)) - ip:fe80:0:0:0:20d:3aff:fea7:6146%eth0 not returned.
2023-09-14 12:54:57,309 [Time-limited test] INFO  ozone.OzoneSecurityUtil (OzoneSecurityUtil.java:getValidInetsForCurrentHost(116)) - Adding ip:10.1.0.236,host:fv-az187-373.4biwkquksivelc4kanrnlgeoof.gx.internal.cloudapp.net
2023-09-14 12:54:57,309 [Time-limited test] INFO  ozone.OzoneSecurityUtil (OzoneSecurityUtil.java:getValidInetsForCurrentHost(119)) - ip:0:0:0:0:0:0:0:1%lo not returned.
2023-09-14 12:54:57,309 [Time-limited test] INFO  ozone.OzoneSecurityUtil (OzoneSecurityUtil.java:getValidInetsForCurrentHost(119)) - ip:127.0.0.1 not returned.
2023-09-14 12:54:57,311 [Time-limited test] INFO  utils.SelfSignedCertificate (SelfSignedCertificate.java:generateCertificate(157)) - Certificate 1 is issued by CN=scm-1@fv-az187-373,OU=65c3fcd5-493f-435c-b0a2-c4af5900bf11,O=12b88da9-714e-4f6e-b8b3-2e3badcb1fbc to CN=scm-1@fv-az187-373,OU=65c3fcd5-493f-435c-b0a2-c4af5900bf11,O=12b88da9-714e-4f6e-b8b3-2e3badcb1fbc, valid from Thu Sep 14 12:54:57 UTC 2023 to Sun Oct 22 12:54:57 UTC 2028
2023-09-14 12:54:57,312 [Time-limited test] INFO  utils.CertificateCodec (CertificateCodec.java:writeCertificate(299)) - Save certificate to /tmp/junit8012267982469671228/junit2186886799419049939/scm-meta/scm/ca/certs/certificate.crt
2023-09-14 12:54:57,312 [Time-limited test] INFO  utils.CertificateCodec (CertificateCodec.java:writeCertificate(300)) - Certificate -----BEGIN CERTIFICATE-----
MIID5zCCAs+gAwIBAgIBATANBgkqhkiG9w0BAQsFADB7MRswGQYDVQQDDBJzY20t
MUBmdi1hejE4Ny0zNzMxLTArBgNVBAsMJDY1YzNmY2Q1LTQ5M2YtNDM1Yy1iMGEy
LWM0YWY1OTAwYmYxMTEtMCsGA1UECgwkMTJiODhkYTktNzE0ZS00ZjZlLWI4YjMt
MmUzYmFkY2IxZmJjMB4XDTIzMDkxNDEyNTQ1N1oXDTI4MTAyMjEyNTQ1N1owezEb
MBkGA1UEAwwSc2NtLTFAZnYtYXoxODctMzczMS0wKwYDVQQLDCQ2NWMzZmNkNS00
OTNmLTQzNWMtYjBhMi1jNGFmNTkwMGJmMTExLTArBgNVBAoMJDEyYjg4ZGE5LTcx
NGUtNGY2ZS1iOGIzLTJlM2JhZGNiMWZiYzCCASIwDQYJKoZIhvcNAQEBBQADggEP
ADCCAQoCggEBALxoIJlEgYKiD9iO6XavEt8nVaZ6F0dHbKwM/IOe0tRc95fDPtVY
zZ5TFThEwFSL8W9AQAIf/Jrye4PwY1t65JpLpAU6PXR0XH4PtOHAtPl80td0W+A2
O5ZfnhGCupNz+2L/+y4u4Y7mXOl6xXgA4zn7ZE1+heYmrfd2gPPIzXaV5oOzblB4
iS61t2ekEvWlXp11ycPnHC+D1ioaUq8Pl2nrIDAERTW1ywAP81wJLox/NlR4upUD
59Z5G8UzYXHPbOEn9n5rivh5/6EQTrCiNdP1hFZ1KnfTJHipd7z7+9Q65DwYVngu
2/LohWFGc9CohQaUoJ+TTQC2zEls+2GkKnECAwEAAaN2MHQwDwYDVR0TAQH/BAUw
AwEB/zAOBgNVHQ8BAf8EBAMCAQYwUQYDVR0RBEowSIcECgEA7IJAZnYtYXoxODct
MzczLjRiaXdrcXVrc2l2ZWxjNGthbnJubGdlb29mLmd4LmludGVybmFsLmNsb3Vk
YXBwLm5ldDANBgkqhkiG9w0BAQsFAAOCAQEAmuNc9gSn6BN4vtMjyDriplpk+HPB
wllec2d2SB3hvoJT8ppMgC6wLTvnXY5sVTz8pva/m9SJGVfs9Y4neFJJI1BUhLIk
g0lOkXQ1vqz/CTHdbwksfe+AFNFh4fj3PAY3CbUIwokXPrRCNi1x3hr3s8/KFEf9
+5194fWdgzpTp7UEE4G1S7I9E0fxBbeNX6Q4xOc65w5Bi0oeJKqUm4XU0yKqPRUL
Ms6ns9bbNL1XCX5i9EAD3milOfaaThIZR5p4btnJ4QeneqPXh3+ii9Je10oZveFv
i8R9TeJ3WWFzLhqFFYFKdBwZVWy5jCoDxmpe5NL4fIsTdDPJbcApawm5ZQ==
-----END CERTIFICATE-----

2023-09-14 12:54:57,313 [Time-limited test] INFO  client.SCMCertificateClient (SCMCertificateClient.java:getCSRBuilder(165)) - Creating csr for SCM->hostName:fv-az187-373,scmId:65c3fcd5-493f-435c-b0a2-c4af5900bf11,clusterId:12b88da9-714e-4f6e-b8b3-2e3badcb1fbc,subject:scm-sub-2693560408567@fv-az187-373
2023-09-14 12:54:57,313 [Time-limited test] INFO  ozone.OzoneSecurityUtil (OzoneSecurityUtil.java:getValidInetsForCurrentHost(119)) - ip:fe80:0:0:0:20d:3aff:fea7:6146%eth0 not returned.
2023-09-14 12:54:57,313 [Time-limited test] INFO  ozone.OzoneSecurityUtil (OzoneSecurityUtil.java:getValidInetsForCurrentHost(116)) - Adding ip:10.1.0.236,host:fv-az187-373.4biwkquksivelc4kanrnlgeoof.gx.internal.cloudapp.net
2023-09-14 12:54:57,313 [Time-limited test] INFO  ozone.OzoneSecurityUtil (OzoneSecurityUtil.java:getValidInetsForCurrentHost(119)) - ip:0:0:0:0:0:0:0:1%lo not returned.
2023-09-14 12:54:57,313 [Time-limited test] INFO  ozone.OzoneSecurityUtil (OzoneSecurityUtil.java:getValidInetsForCurrentHost(119)) - ip:127.0.0.1 not returned.
2023-09-14 12:54:57,313 [Time-limited test] INFO  ha.HASecurityUtils (HASecurityUtils.java:generateCSR(308)) - Creating csr for SCM->hostName:fv-az187-373,scmId:65c3fcd5-493f-435c-b0a2-c4af5900bf11,clusterId:12b88da9-714e-4f6e-b8b3-2e3badcb1fbc,subject:scm-sub-2693560994779@fv-az187-373
2023-09-14 12:54:57,317 [Time-limited test] INFO  authority.DefaultApprover (DefaultApprover.java:sign(154)) - Extensions in CSR: 2.5.29.19, 2.5.29.15, 2.5.29.17
2023-09-14 12:54:57,317 [Time-limited test] INFO  authority.DefaultApprover (DefaultApprover.java:sign(158)) - Extensions to add to the certificate if they present in CSR: 2.5.29.17, 2.5.29.19, 1.3.6.1.5.5.7.1.12, 2.5.29.35, 2.5.29.37, 2.5.29.15
2023-09-14 12:54:57,320 [Time-limited test] INFO  utils.CertificateCodec (CertificateCodec.java:writeCertificate(299)) - Save certificate to /tmp/junit8012267982469671228/junit2186886799419049939/scm-meta/scm/sub-ca/certs/CA-1.crt
2023-09-14 12:54:57,320 [Time-limited test] INFO  utils.CertificateCodec (CertificateCodec.java:writeCertificate(300)) - Certificate -----BEGIN CERTIFICATE-----
MIID5zCCAs+gAwIBAgIBATANBgkqhkiG9w0BAQsFADB7MRswGQYDVQQDDBJzY20t
MUBmdi1hejE4Ny0zNzMxLTArBgNVBAsMJDY1YzNmY2Q1LTQ5M2YtNDM1Yy1iMGEy
LWM0YWY1OTAwYmYxMTEtMCsGA1UECgwkMTJiODhkYTktNzE0ZS00ZjZlLWI4YjMt
MmUzYmFkY2IxZmJjMB4XDTIzMDkxNDEyNTQ1N1oXDTI4MTAyMjEyNTQ1N1owezEb
MBkGA1UEAwwSc2NtLTFAZnYtYXoxODctMzczMS0wKwYDVQQLDCQ2NWMzZmNkNS00
OTNmLTQzNWMtYjBhMi1jNGFmNTkwMGJmMTExLTArBgNVBAoMJDEyYjg4ZGE5LTcx
NGUtNGY2ZS1iOGIzLTJlM2JhZGNiMWZiYzCCASIwDQYJKoZIhvcNAQEBBQADggEP
ADCCAQoCggEBALxoIJlEgYKiD9iO6XavEt8nVaZ6F0dHbKwM/IOe0tRc95fDPtVY
zZ5TFThEwFSL8W9AQAIf/Jrye4PwY1t65JpLpAU6PXR0XH4PtOHAtPl80td0W+A2
O5ZfnhGCupNz+2L/+y4u4Y7mXOl6xXgA4zn7ZE1+heYmrfd2gPPIzXaV5oOzblB4
iS61t2ekEvWlXp11ycPnHC+D1ioaUq8Pl2nrIDAERTW1ywAP81wJLox/NlR4upUD
59Z5G8UzYXHPbOEn9n5rivh5/6EQTrCiNdP1hFZ1KnfTJHipd7z7+9Q65DwYVngu
2/LohWFGc9CohQaUoJ+TTQC2zEls+2GkKnECAwEAAaN2MHQwDwYDVR0TAQH/BAUw
AwEB/zAOBgNVHQ8BAf8EBAMCAQYwUQYDVR0RBEowSIcECgEA7IJAZnYtYXoxODct
MzczLjRiaXdrcXVrc2l2ZWxjNGthbnJubGdlb29mLmd4LmludGVybmFsLmNsb3Vk
YXBwLm5ldDANBgkqhkiG9w0BAQsFAAOCAQEAmuNc9gSn6BN4vtMjyDriplpk+HPB
wllec2d2SB3hvoJT8ppMgC6wLTvnXY5sVTz8pva/m9SJGVfs9Y4neFJJI1BUhLIk
g0lOkXQ1vqz/CTHdbwksfe+AFNFh4fj3PAY3CbUIwokXPrRCNi1x3hr3s8/KFEf9
+5194fWdgzpTp7UEE4G1S7I9E0fxBbeNX6Q4xOc65w5Bi0oeJKqUm4XU0yKqPRUL
Ms6ns9bbNL1XCX5i9EAD3milOfaaThIZR5p4btnJ4QeneqPXh3+ii9Je10oZveFv
i8R9TeJ3WWFzLhqFFYFKdBwZVWy5jCoDxmpe5NL4fIsTdDPJbcApawm5ZQ==
-----END CERTIFICATE-----

2023-09-14 12:54:57,320 [Time-limited test] INFO  utils.CertificateCodec (CertificateCodec.java:writeCertificate(299)) - Save certificate to /tmp/junit8012267982469671228/junit2186886799419049939/scm-meta/scm/sub-ca/certs/2693564198646.crt
2023-09-14 12:54:57,321 [Time-limited test] INFO  utils.CertificateCodec (CertificateCodec.java:writeCertificate(300)) - Certificate -----BEGIN CERTIFICATE-----
MIID/TCCAuWgAwIBAgIGAnMk7+72MA0GCSqGSIb3DQEBCwUAMHsxGzAZBgNVBAMM
EnNjbS0xQGZ2LWF6MTg3LTM3MzEtMCsGA1UECwwkNjVjM2ZjZDUtNDkzZi00MzVj
LWIwYTItYzRhZjU5MDBiZjExMS0wKwYDVQQKDCQxMmI4OGRhOS03MTRlLTRmNmUt
YjhiMy0yZTNiYWRjYjFmYmMwHhcNMjMwOTE0MTI1NDU3WhcNMjgxMDIyMTI1NDU3
WjCBizErMCkGA1UEAwwic2NtLXN1Yi0yNjkzNTYwOTk0Nzc5QGZ2LWF6MTg3LTM3
MzEtMCsGA1UECwwkNjVjM2ZjZDUtNDkzZi00MzVjLWIwYTItYzRhZjU5MDBiZjEx
MS0wKwYDVQQKDCQxMmI4OGRhOS03MTRlLTRmNmUtYjhiMy0yZTNiYWRjYjFmYmMw
ggEiMA0GCSqGSIb3DQEBAQUAA4IBDwAwggEKAoIBAQC7D63HwJrhMAVhlDUdCeW/
Td/SIDyu1AEYKjKVQa3W+2glkv4mjGQ8pKHPyV9ZuiXyzaSgk27jz0ubHDTp8zP3
tIcFMobJSPQtq5pkY5blhGYaKiC1B65P27ls4BR4tVgyDY/mYDx7jfrNtbbsYKWm
/8i6/akbCI+zOAKolCto8iyOPdt2OObgpg8rzHYLNu/JNIRPkuCgjasQH30Z9cUJ
1nd2SNzsnjvrBH+xzF552ETNB+Bxoi1wAHduBxJLDrrG2M37goePeIPtxkCrqwwI
k0dt1vu38YJjKSEITOPmJ4Eo2ILahYzeCvmHhUGGXzZRaBgX611P+JY0w0ZZ0GPr
AgMBAAGjdjB0MFEGA1UdEQRKMEiHBAoBAOyCQGZ2LWF6MTg3LTM3My40Yml3a3F1
a3NpdmVsYzRrYW5ybmxnZW9vZi5neC5pbnRlcm5hbC5jbG91ZGFwcC5uZXQwDwYD
VR0TAQH/BAUwAwEB/zAOBgNVHQ8BAf8EBAMCAb4wDQYJKoZIhvcNAQELBQADggEB
AJlvcwGU9UtSLVnK75Zf+uAx9sqDsYpL2dn+wGf4348fW8KwQxTJt0wJAEoqEcsh
RMcV5mElVNGxC5T/fuaYkZNqY18Se0gqkXwRbPmgwGcfrJRyIzUtht8LQBzVFUn3
Bm+JH4BN2LrAtvIJWEAwDp8JoEbNbVaKrlKADg/H8ktZ9Lf4h44ZmJHQdhlpbmp0
fKQmU7O5OgyukFM2Q6YXRZZULI22Ikx9cjgcavhlTT+CyBslCQhJjLSYpT2ZrdJw
M4EcOHEUpE543Pi/Yec7E4THOLZZygnaZpQ4EbXRF8ycAO4Cf0mLJ4rE2YLIor+q
MkAx+gu6CNrflPmeR/SoXRY=
-----END CERTIFICATE-----

-----BEGIN CERTIFICATE-----
MIID5zCCAs+gAwIBAgIBATANBgkqhkiG9w0BAQsFADB7MRswGQYDVQQDDBJzY20t
MUBmdi1hejE4Ny0zNzMxLTArBgNVBAsMJDY1YzNmY2Q1LTQ5M2YtNDM1Yy1iMGEy
LWM0YWY1OTAwYmYxMTEtMCsGA1UECgwkMTJiODhkYTktNzE0ZS00ZjZlLWI4YjMt
MmUzYmFkY2IxZmJjMB4XDTIzMDkxNDEyNTQ1N1oXDTI4MTAyMjEyNTQ1N1owezEb
MBkGA1UEAwwSc2NtLTFAZnYtYXoxODctMzczMS0wKwYDVQQLDCQ2NWMzZmNkNS00
OTNmLTQzNWMtYjBhMi1jNGFmNTkwMGJmMTExLTArBgNVBAoMJDEyYjg4ZGE5LTcx
NGUtNGY2ZS1iOGIzLTJlM2JhZGNiMWZiYzCCASIwDQYJKoZIhvcNAQEBBQADggEP
ADCCAQoCggEBALxoIJlEgYKiD9iO6XavEt8nVaZ6F0dHbKwM/IOe0tRc95fDPtVY
zZ5TFThEwFSL8W9AQAIf/Jrye4PwY1t65JpLpAU6PXR0XH4PtOHAtPl80td0W+A2
O5ZfnhGCupNz+2L/+y4u4Y7mXOl6xXgA4zn7ZE1+heYmrfd2gPPIzXaV5oOzblB4
iS61t2ekEvWlXp11ycPnHC+D1ioaUq8Pl2nrIDAERTW1ywAP81wJLox/NlR4upUD
59Z5G8UzYXHPbOEn9n5rivh5/6EQTrCiNdP1hFZ1KnfTJHipd7z7+9Q65DwYVngu
2/LohWFGc9CohQaUoJ+TTQC2zEls+2GkKnECAwEAAaN2MHQwDwYDVR0TAQH/BAUw
AwEB/zAOBgNVHQ8BAf8EBAMCAQYwUQYDVR0RBEowSIcECgEA7IJAZnYtYXoxODct
MzczLjRiaXdrcXVrc2l2ZWxjNGthbnJubGdlb29mLmd4LmludGVybmFsLmNsb3Vk
YXBwLm5ldDANBgkqhkiG9w0BAQsFAAOCAQEAmuNc9gSn6BN4vtMjyDriplpk+HPB
wllec2d2SB3hvoJT8ppMgC6wLTvnXY5sVTz8pva/m9SJGVfs9Y4neFJJI1BUhLIk
g0lOkXQ1vqz/CTHdbwksfe+AFNFh4fj3PAY3CbUIwokXPrRCNi1x3hr3s8/KFEf9
+5194fWdgzpTp7UEE4G1S7I9E0fxBbeNX6Q4xOc65w5Bi0oeJKqUm4XU0yKqPRUL
Ms6ns9bbNL1XCX5i9EAD3milOfaaThIZR5p4btnJ4QeneqPXh3+ii9Je10oZveFv
i8R9TeJ3WWFzLhqFFYFKdBwZVWy5jCoDxmpe5NL4fIsTdDPJbcApawm5ZQ==
-----END CERTIFICATE-----

2023-09-14 12:54:57,321 [Time-limited test] INFO  utils.CertificateCodec (CertificateCodec.java:writeCertificate(299)) - Save certificate to /tmp/junit8012267982469671228/junit2186886799419049939/scm-meta/scm/sub-ca/certs/certificate.crt
2023-09-14 12:54:57,321 [Time-limited test] INFO  utils.CertificateCodec (CertificateCodec.java:writeCertificate(300)) - Certificate -----BEGIN CERTIFICATE-----
MIID/TCCAuWgAwIBAgIGAnMk7+72MA0GCSqGSIb3DQEBCwUAMHsxGzAZBgNVBAMM
EnNjbS0xQGZ2LWF6MTg3LTM3MzEtMCsGA1UECwwkNjVjM2ZjZDUtNDkzZi00MzVj
LWIwYTItYzRhZjU5MDBiZjExMS0wKwYDVQQKDCQxMmI4OGRhOS03MTRlLTRmNmUt
YjhiMy0yZTNiYWRjYjFmYmMwHhcNMjMwOTE0MTI1NDU3WhcNMjgxMDIyMTI1NDU3
WjCBizErMCkGA1UEAwwic2NtLXN1Yi0yNjkzNTYwOTk0Nzc5QGZ2LWF6MTg3LTM3
MzEtMCsGA1UECwwkNjVjM2ZjZDUtNDkzZi00MzVjLWIwYTItYzRhZjU5MDBiZjEx
MS0wKwYDVQQKDCQxMmI4OGRhOS03MTRlLTRmNmUtYjhiMy0yZTNiYWRjYjFmYmMw
ggEiMA0GCSqGSIb3DQEBAQUAA4IBDwAwggEKAoIBAQC7D63HwJrhMAVhlDUdCeW/
Td/SIDyu1AEYKjKVQa3W+2glkv4mjGQ8pKHPyV9ZuiXyzaSgk27jz0ubHDTp8zP3
tIcFMobJSPQtq5pkY5blhGYaKiC1B65P27ls4BR4tVgyDY/mYDx7jfrNtbbsYKWm
/8i6/akbCI+zOAKolCto8iyOPdt2OObgpg8rzHYLNu/JNIRPkuCgjasQH30Z9cUJ
1nd2SNzsnjvrBH+xzF552ETNB+Bxoi1wAHduBxJLDrrG2M37goePeIPtxkCrqwwI
k0dt1vu38YJjKSEITOPmJ4Eo2ILahYzeCvmHhUGGXzZRaBgX611P+JY0w0ZZ0GPr
AgMBAAGjdjB0MFEGA1UdEQRKMEiHBAoBAOyCQGZ2LWF6MTg3LTM3My40Yml3a3F1
a3NpdmVsYzRrYW5ybmxnZW9vZi5neC5pbnRlcm5hbC5jbG91ZGFwcC5uZXQwDwYD
VR0TAQH/BAUwAwEB/zAOBgNVHQ8BAf8EBAMCAb4wDQYJKoZIhvcNAQELBQADggEB
AJlvcwGU9UtSLVnK75Zf+uAx9sqDsYpL2dn+wGf4348fW8KwQxTJt0wJAEoqEcsh
RMcV5mElVNGxC5T/fuaYkZNqY18Se0gqkXwRbPmgwGcfrJRyIzUtht8LQBzVFUn3
Bm+JH4BN2LrAtvIJWEAwDp8JoEbNbVaKrlKADg/H8ktZ9Lf4h44ZmJHQdhlpbmp0
fKQmU7O5OgyukFM2Q6YXRZZULI22Ikx9cjgcavhlTT+CyBslCQhJjLSYpT2ZrdJw
M4EcOHEUpE543Pi/Yec7E4THOLZZygnaZpQ4EbXRF8ycAO4Cf0mLJ4rE2YLIor+q
MkAx+gu6CNrflPmeR/SoXRY=
-----END CERTIFICATE-----

-----BEGIN CERTIFICATE-----
MIID5zCCAs+gAwIBAgIBATANBgkqhkiG9w0BAQsFADB7MRswGQYDVQQDDBJzY20t
MUBmdi1hejE4Ny0zNzMxLTArBgNVBAsMJDY1YzNmY2Q1LTQ5M2YtNDM1Yy1iMGEy
LWM0YWY1OTAwYmYxMTEtMCsGA1UECgwkMTJiODhkYTktNzE0ZS00ZjZlLWI4YjMt
MmUzYmFkY2IxZmJjMB4XDTIzMDkxNDEyNTQ1N1oXDTI4MTAyMjEyNTQ1N1owezEb
MBkGA1UEAwwSc2NtLTFAZnYtYXoxODctMzczMS0wKwYDVQQLDCQ2NWMzZmNkNS00
OTNmLTQzNWMtYjBhMi1jNGFmNTkwMGJmMTExLTArBgNVBAoMJDEyYjg4ZGE5LTcx
NGUtNGY2ZS1iOGIzLTJlM2JhZGNiMWZiYzCCASIwDQYJKoZIhvcNAQEBBQADggEP
ADCCAQoCggEBALxoIJlEgYKiD9iO6XavEt8nVaZ6F0dHbKwM/IOe0tRc95fDPtVY
zZ5TFThEwFSL8W9AQAIf/Jrye4PwY1t65JpLpAU6PXR0XH4PtOHAtPl80td0W+A2
O5ZfnhGCupNz+2L/+y4u4Y7mXOl6xXgA4zn7ZE1+heYmrfd2gPPIzXaV5oOzblB4
iS61t2ekEvWlXp11ycPnHC+D1ioaUq8Pl2nrIDAERTW1ywAP81wJLox/NlR4upUD
59Z5G8UzYXHPbOEn9n5rivh5/6EQTrCiNdP1hFZ1KnfTJHipd7z7+9Q65DwYVngu
2/LohWFGc9CohQaUoJ+TTQC2zEls+2GkKnECAwEAAaN2MHQwDwYDVR0TAQH/BAUw
AwEB/zAOBgNVHQ8BAf8EBAMCAQYwUQYDVR0RBEowSIcECgEA7IJAZnYtYXoxODct
MzczLjRiaXdrcXVrc2l2ZWxjNGthbnJubGdlb29mLmd4LmludGVybmFsLmNsb3Vk
YXBwLm5ldDANBgkqhkiG9w0BAQsFAAOCAQEAmuNc9gSn6BN4vtMjyDriplpk+HPB
wllec2d2SB3hvoJT8ppMgC6wLTvnXY5sVTz8pva/m9SJGVfs9Y4neFJJI1BUhLIk
g0lOkXQ1vqz/CTHdbwksfe+AFNFh4fj3PAY3CbUIwokXPrRCNi1x3hr3s8/KFEf9
+5194fWdgzpTp7UEE4G1S7I9E0fxBbeNX6Q4xOc65w5Bi0oeJKqUm4XU0yKqPRUL
Ms6ns9bbNL1XCX5i9EAD3milOfaaThIZR5p4btnJ4QeneqPXh3+ii9Je10oZveFv
i8R9TeJ3WWFzLhqFFYFKdBwZVWy5jCoDxmpe5NL4fIsTdDPJbcApawm5ZQ==
-----END CERTIFICATE-----

2023-09-14 12:54:57,321 [Time-limited test] INFO  ha.HASecurityUtils (HASecurityUtils.java:initializeSecurity(121)) - Successfully stored SCM signed certificate.
2023-09-14 12:54:57,322 [Time-limited test] WARN  server.ServerUtils (ServerUtils.java:getScmDbDir(155)) - ozone.scm.db.dirs is not configured. We recommend adding this setting. Falling back to ozone.metadata.dirs instead.
2023-09-14 12:54:57,323 [Time-limited test] INFO  ha.SCMHANodeDetails (SCMHANodeDetails.java:loadSCMHAConfig(210)) - ServiceID for StorageContainerManager is null
2023-09-14 12:54:57,323 [Time-limited test] INFO  ha.SCMHANodeDetails (SCMHANodeDetails.java:loadSCMHAConfig(215)) - ozone.scm.default.service.id is not defined, falling back to ozone.scm.service.ids to find serviceID for StorageContainerManager if it is HA enabled cluster
2023-09-14 12:54:57,327 [pool-422-thread-1] INFO  request.KdcRequest (KdcRequest.java:preauth(651)) - The preauth data is empty.
2023-09-14 12:54:57,327 [pool-422-thread-1] INFO  server.KdcHandler (KdcHandler.java:handleRecoverableException(177)) - KRB error occurred while processing request:Additional pre-authentication required
2023-09-14 12:54:57,331 [pool-422-thread-1] INFO  request.AsRequest (AsRequest.java:issueTicket(112)) - AS_REQ ISSUE: authtime 1694696097330,scm/fv-az187-373.4biwkquksivelc4kanrnlgeoof.gx.internal.cloudapp.net@EXAMPLE.COM for krbtgt/EXAMPLE.COM@EXAMPLE.COM
2023-09-14 12:54:57,332 [Time-limited test] INFO  security.UserGroupInformation (UserGroupInformation.java:loginUserFromKeytab(1132)) - Login successful for user scm/fv-az187-373.4biwkquksivelc4kanrnlgeoof.gx.internal.cloudapp.net@EXAMPLE.COM using keytab file scm.keytab. Keytab auto renewal enabled : false
2023-09-14 12:54:57,332 [Time-limited test] INFO  server.StorageContainerManager (StorageContainerManager.java:loginAsSCMUserIfSecurityEnabled(1042)) - SCM login successful.
2023-09-14 12:54:57,333 [Time-limited test] INFO  client.SCMCertificateClient (DefaultCertificateClient.java:updateCertSerialId(1244)) - Certificate serial ID set to 2693564198646
2023-09-14 12:54:57,334 [Time-limited test] INFO  client.SCMCertificateClient (DefaultCertificateClient.java:readCertificateFile(237)) - Added certificate   [0]         Version: 3
         SerialNumber: 2693564198646
             IssuerDN: CN=scm-1@fv-az187-373,OU=65c3fcd5-493f-435c-b0a2-c4af5900bf11,O=12b88da9-714e-4f6e-b8b3-2e3badcb1fbc
           Start Date: Thu Sep 14 12:54:57 UTC 2023
           Final Date: Sun Oct 22 12:54:57 UTC 2028
            SubjectDN: CN=scm-sub-2693560994779@fv-az187-373,OU=65c3fcd5-493f-435c-b0a2-c4af5900bf11,O=12b88da9-714e-4f6e-b8b3-2e3badcb1fbc
           Public Key: RSA Public Key [74:af:c2:e3:a7:d5:a4:30:c8:d1:ba:90:35:26:c4:19:9a:84:cb:f3],[56:66:d1:a4]
        modulus: bb0fadc7c09ae130056194351d09e5bf4ddfd2203caed401182a329541add6fb682592fe268c643ca4a1cfc95f59ba25f2cda4a0936ee3cf4b9b1c34e9f333f7b487053286c948f42dab9a646396e584661a2a20b507ae4fdbb96ce01478b558320d8fe6603c7b8dfacdb5b6ec60a5a6ffc8bafda91b088fb33802a8942b68f22c8e3ddb7638e6e0a60f2bcc760b36efc934844f92e0a08dab101f7d19f5c509d6777648dcec9e3beb047fb1cc5e79d844cd07e071a22d7000776e07124b0ebac6d8cdfb82878f7883edc640abab0c0893476dd6fbb7f182632921084ce3e6278128d882da858cde0af9878541865f3651681817eb5d4ff89634c34659d063eb
public exponent: 10001

  Signature Algorithm: SHA256WITHRSA
            Signature: 996f730194f54b522d59caef965ffae031f6ca83
                       b18a4bd9d9fec067f8df8f1f5bc2b04314c9b74c
                       09004a2a11cb2144c715e6612554d1b10b94ff7e
                       e69891936a635f127b482a917c116cf9a0c0671f
                       ac947223352d86df0b401cd51549f7066f891f80
                       4dd8bac0b6f2095840300e9f09a046cd6d568aae
                       52800e0fc7f24b59f4b7f8878e199891d0761969
                       6e6a747ca42653b3b93a0cae90533643a6174596
                       542c8db6224c7d72381c6af8654d3f82c81b2509
                       08498cb498a53d99add27033811c387114a44e78
                       dcf8bf61e73b1384c738b659ca09da66943811b5
                       d117cc9c00ee027f498b278ac4d982c8a2bfaa32
                       4031fa0bba08dadf94f99e47f4a85d16
       Extensions: 
                       critical(false) 2.5.29.17 value = Sequence
    Tagged [7] IMPLICIT 
        DER Octet String[4] 
    Tagged [2] IMPLICIT 
        DER Octet String[64] 

                       critical(true) BasicConstraints: isCa(true)
                       critical(true) KeyUsage: 0xbe
 from file: /tmp/junit8012267982469671228/junit2186886799419049939/scm-meta/scm/sub-ca/certs/certificate.crt.
2023-09-14 12:54:57,335 [Time-limited test] INFO  client.SCMCertificateClient (DefaultCertificateClient.java:readCertificateFile(237)) - Added certificate   [0]         Version: 3
         SerialNumber: 2693564198646
             IssuerDN: CN=scm-1@fv-az187-373,OU=65c3fcd5-493f-435c-b0a2-c4af5900bf11,O=12b88da9-714e-4f6e-b8b3-2e3badcb1fbc
           Start Date: Thu Sep 14 12:54:57 UTC 2023
           Final Date: Sun Oct 22 12:54:57 UTC 2028
            SubjectDN: CN=scm-sub-2693560994779@fv-az187-373,OU=65c3fcd5-493f-435c-b0a2-c4af5900bf11,O=12b88da9-714e-4f6e-b8b3-2e3badcb1fbc
           Public Key: RSA Public Key [74:af:c2:e3:a7:d5:a4:30:c8:d1:ba:90:35:26:c4:19:9a:84:cb:f3],[56:66:d1:a4]
        modulus: bb0fadc7c09ae130056194351d09e5bf4ddfd2203caed401182a329541add6fb682592fe268c643ca4a1cfc95f59ba25f2cda4a0936ee3cf4b9b1c34e9f333f7b487053286c948f42dab9a646396e584661a2a20b507ae4fdbb96ce01478b558320d8fe6603c7b8dfacdb5b6ec60a5a6ffc8bafda91b088fb33802a8942b68f22c8e3ddb7638e6e0a60f2bcc760b36efc934844f92e0a08dab101f7d19f5c509d6777648dcec9e3beb047fb1cc5e79d844cd07e071a22d7000776e07124b0ebac6d8cdfb82878f7883edc640abab0c0893476dd6fbb7f182632921084ce3e6278128d882da858cde0af9878541865f3651681817eb5d4ff89634c34659d063eb
public exponent: 10001

  Signature Algorithm: SHA256WITHRSA
            Signature: 996f730194f54b522d59caef965ffae031f6ca83
                       b18a4bd9d9fec067f8df8f1f5bc2b04314c9b74c
                       09004a2a11cb2144c715e6612554d1b10b94ff7e
                       e69891936a635f127b482a917c116cf9a0c0671f
                       ac947223352d86df0b401cd51549f7066f891f80
                       4dd8bac0b6f2095840300e9f09a046cd6d568aae
                       52800e0fc7f24b59f4b7f8878e199891d0761969
                       6e6a747ca42653b3b93a0cae90533643a6174596
                       542c8db6224c7d72381c6af8654d3f82c81b2509
                       08498cb498a53d99add27033811c387114a44e78
                       dcf8bf61e73b1384c738b659ca09da66943811b5
                       d117cc9c00ee027f498b278ac4d982c8a2bfaa32
                       4031fa0bba08dadf94f99e47f4a85d16
       Extensions: 
                       critical(false) 2.5.29.17 value = Sequence
    Tagged [7] IMPLICIT 
        DER Octet String[4] 
    Tagged [2] IMPLICIT 
        DER Octet String[64] 

                       critical(true) BasicConstraints: isCa(true)
                       critical(true) KeyUsage: 0xbe
 from file: /tmp/junit8012267982469671228/junit2186886799419049939/scm-meta/scm/sub-ca/certs/2693564198646.crt.
2023-09-14 12:54:57,336 [Time-limited test] INFO  client.SCMCertificateClient (DefaultCertificateClient.java:readCertificateFile(237)) - Added certificate   [0]         Version: 3
         SerialNumber: 1
             IssuerDN: CN=scm-1@fv-az187-373,OU=65c3fcd5-493f-435c-b0a2-c4af5900bf11,O=12b88da9-714e-4f6e-b8b3-2e3badcb1fbc
           Start Date: Thu Sep 14 12:54:57 UTC 2023
           Final Date: Sun Oct 22 12:54:57 UTC 2028
            SubjectDN: CN=scm-1@fv-az187-373,OU=65c3fcd5-493f-435c-b0a2-c4af5900bf11,O=12b88da9-714e-4f6e-b8b3-2e3badcb1fbc
           Public Key: RSA Public Key [d5:fc:69:ba:f1:3b:ca:08:da:49:99:3d:eb:e5:8d:f7:20:f9:1a:39],[56:66:d1:a4]
        modulus: bc682099448182a20fd88ee976af12df2755a67a1747476cac0cfc839ed2d45cf797c33ed558cd9e53153844c0548bf16f4040021ffc9af27b83f0635b7ae49a4ba4053a3d74745c7e0fb4e1c0b4f97cd2d7745be0363b965f9e1182ba9373fb62fffb2e2ee18ee65ce97ac57800e339fb644d7e85e626adf77680f3c8cd7695e683b36e5078892eb5b767a412f5a55e9d75c9c3e71c2f83d62a1a52af0f9769eb2030044535b5cb000ff35c092e8c7f365478ba9503e7d6791bc5336171cf6ce127f67e6b8af879ffa1104eb0a235d3f58456752a77d32478a977bcfbfbd43ae43c1856782edbf2e885614673d0a8850694a09f934d00b6cc496cfb61a42a71
public exponent: 10001

  Signature Algorithm: SHA256WITHRSA
            Signature: 9ae35cf604a7e81378bed323c83ae2a65a64f873
                       c1c2595e736776481de1be8253f29a4c802eb02d
                       3be75d8e6c553cfca6f6bf9bd4891957ecf58e27
                       78524923505484b22483494e917435beacff0931
                       dd6f092c7def8014d161e1f8f73c063709b508c2
                       89173eb442362d71de1af7b3cfca1447fdfb9d7d
                       e1f59d833a53a7b5041381b54bb23d1347f105b7
                       8d5fa438c4e73ae70e418b4a1e24aa949b85d4d3
                       22aa3d150b32cea7b3d6db34bd57097e62f44003
                       de68a539f69a4e1219479a786ed9c9e107a77aa3
                       d7877fa28bd25ed74a19bde16f8bc47d4de27759
                       61732e1a8515814a741c19556cb98c2a03c66a5e
                       e4d2f87c8b137433c96dc0296b09b965
       Extensions: 
                       critical(true) BasicConstraints: isCa(true)
                       critical(true) KeyUsage: 0x6
                       critical(false) 2.5.29.17 value = Sequence
    Tagged [7] IMPLICIT 
        DER Octet String[4] 
    Tagged [2] IMPLICIT 
        DER Octet String[64] 

 from file: /tmp/junit8012267982469671228/junit2186886799419049939/scm-meta/scm/sub-ca/certs/CA-1.crt.
2023-09-14 12:54:57,336 [Time-limited test] INFO  client.SCMCertificateClient (DefaultCertificateClient.java:loadAllCertificates(191)) - CertificateRenewerService and root ca rotation polling is disabled for scm/sub-ca
2023-09-14 12:54:57,336 [Time-limited test] WARN  utils.HAUtils (HAUtils.java:getMetaDir(339)) - ozone.scm.db.dirs is not configured. We recommend adding this setting. Falling back to ozone.metadata.dirs instead.
2023-09-14 12:54:57,336 [Time-limited test] WARN  db.DBStoreBuilder (DBStoreBuilder.java:applyDBDefinition(166)) - ozone.scm.db.dirs is not configured. We recommend adding this setting. Falling back to ozone.metadata.dirs instead.
2023-09-14 12:54:57,431 [Time-limited test] INFO  net.NodeSchemaLoader (NodeSchemaLoader.java:loadSchemaFromFile(129)) - Loading schema from [jar:file:/home/runner/.m2/repository/org/apache/ozone/hdds-common/1.4.0-SNAPSHOT/hdds-common-1.4.0-SNAPSHOT.jar!/network-topology-default.xml]
2023-09-14 12:54:57,431 [Time-limited test] INFO  net.NodeSchemaLoader (NodeSchemaLoader.java:loadSchema(176)) - Loading network topology layer schema file
2023-09-14 12:54:57,434 [Time-limited test] INFO  upgrade.AbstractLayoutVersionManager (AbstractLayoutVersionManager.java:init(83)) - Initializing Layout version manager with metadata layout = HADOOP_PRC_PORTS_IN_DATANODEDETAILS (version = 7), software layout = HADOOP_PRC_PORTS_IN_DATANODEDETAILS (version = 7)
2023-09-14 12:54:57,435 [Time-limited test] INFO  ha.SequenceIdGenerator (SequenceIdGenerator.java:upgradeToSequenceId(365)) - upgrade localId to 111677748019200000
2023-09-14 12:54:57,436 [Time-limited test] INFO  ha.SequenceIdGenerator (SequenceIdGenerator.java:upgradeToSequenceId(375)) - upgrade delTxnId to 0
2023-09-14 12:54:57,436 [Time-limited test] INFO  ha.SequenceIdGenerator (SequenceIdGenerator.java:upgradeToSequenceId(392)) - upgrade containerId to 0
2023-09-14 12:54:57,437 [Time-limited test] INFO  ha.SequenceIdGenerator (SequenceIdGenerator.java:upgradeToSequenceId(428)) - upgrade rootCertificateId to 1
2023-09-14 12:54:57,437 [Time-limited test] INFO  ha.SequenceIdGenerator (SequenceIdGenerator.java:<init>(236)) - Init the HA SequenceIdGenerator.
2023-09-14 12:54:57,437 [Time-limited test] INFO  node.SCMNodeManager (SCMNodeManager.java:<init>(157)) - Entering startup safe mode.
2023-09-14 12:54:57,438 [Time-limited test] INFO  algorithms.ContainerPlacementPolicyFactory (ContainerPlacementPolicyFactory.java:getPolicyInternal(86)) - Create container placement policy of type org.apache.hadoop.hdds.scm.container.placement.algorithms.SCMContainerPlacementRackAware
2023-09-14 12:54:57,438 [Time-limited test] INFO  algorithms.ContainerPlacementPolicyFactory (ContainerPlacementPolicyFactory.java:getPolicyInternal(86)) - Create container placement policy of type org.apache.hadoop.hdds.scm.container.placement.algorithms.SCMContainerPlacementRackScatter
2023-09-14 12:54:57,438 [Time-limited test] INFO  pipeline.PipelineStateManagerImpl (PipelineStateManagerImpl.java:initialize(78)) - No pipeline exists in current db
2023-09-14 12:54:57,438 [Time-limited test] INFO  algorithms.LeaderChoosePolicyFactory (LeaderChoosePolicyFactory.java:getPolicy(57)) - Create leader choose policy of type org.apache.hadoop.hdds.scm.pipeline.leader.choose.algorithms.MinLeaderCountChoosePolicy
2023-09-14 12:54:57,438 [Time-limited test] INFO  algorithms.ContainerPlacementPolicyFactory (ContainerPlacementPolicyFactory.java:getPolicyInternal(86)) - Create container placement policy of type org.apache.hadoop.hdds.scm.container.placement.algorithms.SCMContainerPlacementRackScatter
2023-09-14 12:54:57,439 [Time-limited test] INFO  ha.SCMServiceManager (SCMServiceManager.java:register(42)) - Registering service BackgroundPipelineCreator.
2023-09-14 12:54:57,439 [Time-limited test] INFO  pipeline.BackgroundPipelineCreator (BackgroundPipelineCreator.java:start(124)) - Starting RatisPipelineUtilsThread.
2023-09-14 12:54:57,440 [Time-limited test] INFO  BackgroundPipelineScrubber (BackgroundSCMService.java:start(68)) - Starting BackgroundPipelineScrubber Service.
2023-09-14 12:54:57,441 [Time-limited test] INFO  ha.SCMServiceManager (SCMServiceManager.java:register(42)) - Registering service BackgroundPipelineScrubber.
2023-09-14 12:54:57,441 [Time-limited test] INFO  ExpiredContainerReplicaOpScrubber (BackgroundSCMService.java:start(68)) - Starting ExpiredContainerReplicaOpScrubber Service.
2023-09-14 12:54:57,442 [Time-limited test] INFO  ha.SCMServiceManager (SCMServiceManager.java:register(42)) - Registering service ExpiredContainerReplicaOpScrubber.
2023-09-14 12:54:57,443 [Time-limited test] INFO  algorithms.PipelineChoosePolicyFactory (PipelineChoosePolicyFactory.java:createPipelineChoosePolicyFromClass(78)) - Create pipeline choose policy of type org.apache.hadoop.hdds.scm.pipeline.choose.algorithms.RandomPipelineChoosePolicy
2023-09-14 12:54:57,443 [Time-limited test] INFO  algorithms.PipelineChoosePolicyFactory (PipelineChoosePolicyFactory.java:createPipelineChoosePolicyFromClass(78)) - Create pipeline choose policy of type org.apache.hadoop.hdds.scm.pipeline.choose.algorithms.RandomPipelineChoosePolicy
2023-09-14 12:54:57,444 [Time-limited test] INFO  ha.SCMServiceManager (SCMServiceManager.java:register(42)) - Registering service SCMBlockDeletingService.
2023-09-14 12:54:57,445 [Time-limited test] INFO  replication.ReplicationManager (ReplicationManager.java:start(291)) - Starting Replication Monitor Thread.
2023-09-14 12:54:57,445 [Time-limited test] INFO  ha.SCMServiceManager (SCMServiceManager.java:register(42)) - Registering service ReplicationManager.
2023-09-14 12:54:57,445 [Time-limited test] INFO  safemode.ContainerSafeModeRule (ContainerSafeModeRule.java:<init>(90)) - containers with one replica threshold count 0
2023-09-14 12:54:57,446 [Time-limited test] INFO  safemode.HealthyPipelineSafeModeRule (HealthyPipelineSafeModeRule.java:initializeRule(169)) - Total pipeline count is 0, healthy pipeline threshold count is 0
2023-09-14 12:54:57,446 [Time-limited test] INFO  safemode.OneReplicaPipelineSafeModeRule (OneReplicaPipelineSafeModeRule.java:initializeRule(180)) - Total pipeline count is 0, pipeline's with at least one datanode reported threshold count is 0
2023-09-14 12:54:57,447 [Time-limited test] INFO  authority.DefaultCAServer (DefaultCAServer.java:lambda$processVerificationStatus$0(472)) - CertificateServer validation is successful
2023-09-14 12:54:57,447 [Time-limited test] INFO  authority.DefaultCAServer (DefaultCAServer.java:lambda$processVerificationStatus$0(472)) - CertificateServer validation is successful
2023-09-14 12:54:57,448 [Time-limited test] INFO  server.StorageContainerManager (StorageContainerManager.java:persistPrimarySCMCerts(932)) - Storing sub-ca certificate serialId 2693564198646 on primary SCM
2023-09-14 12:54:57,454 [ReplicationMonitor] INFO  replication.ReplicationManager (ReplicationManager.java:processAll(365)) - Replication Manager is not ready to run until 300000ms after safemode exit
2023-09-14 12:54:57,454 [Time-limited test] INFO  server.SCMCertStore (SCMCertStore.java:storeValidScmCertificate(122)) - Scm certificate 2693564198646 for CN=scm-sub-2693560994779@fv-az187-373,OU=65c3fcd5-493f-435c-b0a2-c4af5900bf11,O=12b88da9-714e-4f6e-b8b3-2e3badcb1fbc is stored
2023-09-14 12:54:57,454 [Time-limited test] INFO  server.StorageContainerManager (StorageContainerManager.java:persistPrimarySCMCerts(940)) - Storing root certificate serialId 1
2023-09-14 12:54:57,455 [Time-limited test] INFO  server.SCMCertStore (SCMCertStore.java:storeValidScmCertificate(122)) - Scm certificate 1 for CN=scm-1@fv-az187-373,OU=65c3fcd5-493f-435c-b0a2-c4af5900bf11,O=12b88da9-714e-4f6e-b8b3-2e3badcb1fbc is stored
2023-09-14 12:54:57,455 [Time-limited test] INFO  ipc.CallQueueManager (CallQueueManager.java:<init>(90)) - Using callQueue: class java.util.concurrent.LinkedBlockingQueue, queueCapacity: 200, scheduler: class org.apache.hadoop.ipc.DefaultRpcScheduler, ipcBackoff: false.
2023-09-14 12:54:57,455 [Time-limited test] INFO  ipc.Server (Server.java:<init>(1287)) - Listener at 0.0.0.0:9961
2023-09-14 12:54:57,456 [Socket Reader #1 for port 9961] INFO  ipc.Server (Server.java:run(1323)) - Starting Socket Reader #1 for port 9961
2023-09-14 12:54:57,461 [Time-limited test] INFO  server.StorageContainerManager (StorageContainerManager.java:<init>(425)) - SCM start with adminUsers: [om/fv-az187-373.4biwkquksivelc4kanrnlgeoof.gx.internal.cloudapp.net@EXAMPLE.COM, scm]
2023-09-14 12:54:57,462 [Time-limited test] INFO  ipc.CallQueueManager (CallQueueManager.java:<init>(90)) - Using callQueue: class java.util.concurrent.LinkedBlockingQueue, queueCapacity: 10000, scheduler: class org.apache.hadoop.ipc.DefaultRpcScheduler, ipcBackoff: false.
2023-09-14 12:54:57,462 [Time-limited test] INFO  ipc.Server (Server.java:<init>(1287)) - Listener at 0.0.0.0:9861
2023-09-14 12:54:57,462 [Socket Reader #1 for port 9861] INFO  ipc.Server (Server.java:run(1323)) - Starting Socket Reader #1 for port 9861
2023-09-14 12:54:57,465 [Time-limited test] INFO  ipc.CallQueueManager (CallQueueManager.java:<init>(90)) - Using callQueue: class java.util.concurrent.LinkedBlockingQueue, queueCapacity: 10000, scheduler: class org.apache.hadoop.ipc.DefaultRpcScheduler, ipcBackoff: false.
2023-09-14 12:54:57,466 [Time-limited test] INFO  ipc.Server (Server.java:<init>(1287)) - Listener at 0.0.0.0:9863
2023-09-14 12:54:57,466 [Socket Reader #1 for port 9863] INFO  ipc.Server (Server.java:run(1323)) - Starting Socket Reader #1 for port 9863
2023-09-14 12:54:57,467 [Time-limited test] INFO  ipc.CallQueueManager (CallQueueManager.java:<init>(90)) - Using callQueue: class java.util.concurrent.LinkedBlockingQueue, queueCapacity: 10000, scheduler: class org.apache.hadoop.ipc.DefaultRpcScheduler, ipcBackoff: false.
2023-09-14 12:54:57,468 [Time-limited test] INFO  ipc.Server (Server.java:<init>(1287)) - Listener at 0.0.0.0:9860
2023-09-14 12:54:57,468 [Socket Reader #1 for port 9860] INFO  ipc.Server (Server.java:run(1323)) - Starting Socket Reader #1 for port 9860
2023-09-14 12:54:57,473 [Time-limited test] INFO  ha.SCMServiceManager (SCMServiceManager.java:register(42)) - Registering service ContainerBalancer.
2023-09-14 12:54:57,473 [Time-limited test] INFO  server.StorageContainerManager (StorageContainerManager.java:<init>(438)) - 
Container Balancer status:
Key                            Value
Running                        false
Container Balancer Configuration values:
Key                                                Value
Threshold                                          10
Max Datanodes to Involve per Iteration(percent)    20
Max Size to Move per Iteration                     500GB
Max Size Entering Target per Iteration             26GB
Max Size Leaving Source per Iteration              26GB
Number of Iterations                               10
Time Limit for Single Container's Movement         65min
Time Limit for Single Container's Replication      50min
Interval between each Iteration                    70min
Whether to Enable Network Topology                 false
Whether to Trigger Refresh Datanode Usage Info     false
Container IDs to Exclude from Balancing            None
Datanodes Specified to be Balanced                 None
Datanodes Excluded from Balancing                  None

2023-09-14 12:54:57,473 [Time-limited test] INFO  ha.SCMContext (SCMContext.java:updateSafeModeStatus(228)) - Update SafeModeStatus from SafeModeStatus{safeModeStatus=true, preCheckPassed=false} to SafeModeStatus{safeModeStatus=true, preCheckPassed=false}.
2023-09-14 12:54:57,474 [Time-limited test] INFO  impl.DefaultInternalKdcServerImpl (DefaultInternalKdcServerImpl.java:doStop(102)) - Default Internal kdc server stopped.
2023-09-14 12:54:58,474 [Time-limited test] INFO  minikdc.MiniKdc (MiniKdc.java:stop(359)) - MiniKdc stopped.
2023-09-14 12:54:58,474 [Time-limited test] INFO  server.StorageContainerManager (StorageContainerManager.java:stop(1591)) - Container Balancer is not running.
2023-09-14 12:54:58,474 [Time-limited test] INFO  server.StorageContainerManager (StorageContainerManager.java:stopReplicationManager(1724)) - Stopping Replication Manager Service.
2023-09-14 12:54:58,474 [Time-limited test] INFO  replication.ReplicationManager (ReplicationManager.java:stop(323)) - Stopping Replication Monitor Thread.
2023-09-14 12:54:58,475 [Time-limited test] INFO  server.StorageContainerManager (StorageContainerManager.java:stop(1600)) - Stopping the Datanode Admin Monitor.
2023-09-14 12:54:58,475 [Time-limited test] INFO  server.StorageContainerManager (StorageContainerManager.java:stop(1607)) - Stopping datanode service RPC server
2023-09-14 12:54:58,475 [Time-limited test] INFO  server.SCMDatanodeProtocolServer (SCMDatanodeProtocolServer.java:stop(424)) - Stopping the RPC server for DataNodes
2023-09-14 12:54:58,475 [Time-limited test] INFO  ipc.Server (Server.java:stop(3523)) - Stopping server on 9861
2023-09-14 12:54:58,475 [Under Replicated Processor] WARN  replication.UnhealthyReplicationProcessor (UnhealthyReplicationProcessor.java:run(180)) - Under Replicated Processor interrupted. Exiting...
2023-09-14 12:54:58,475 [Over Replicated Processor] WARN  replication.UnhealthyReplicationProcessor (UnhealthyReplicationProcessor.java:run(180)) - Over Replicated Processor interrupted. Exiting...
2023-09-14 12:54:58,475 [ReplicationMonitor] INFO  replication.ReplicationManager (ReplicationManager.java:run(921)) - Replication Monitor Thread is stopped
2023-09-14 12:55:00,437 [SCM Heartbeat Processing Thread - 0] WARN  node.NodeStateManager (NodeStateManager.java:scheduleNextHealthCheck(874)) - Current Thread is interrupted, shutting down HB processing thread for Node Manager.
2023-09-14 12:55:00,438 [Time-limited test] INFO  server.StorageContainerManager (StorageContainerManager.java:stop(1615)) - Stopping block service RPC server
2023-09-14 12:55:00,438 [Time-limited test] INFO  server.SCMBlockProtocolServer (SCMBlockProtocolServer.java:stop(163)) - Stopping the RPC server for Block Protocol
2023-09-14 12:55:00,438 [Time-limited test] INFO  ipc.Server (Server.java:stop(3523)) - Stopping server on 9863
2023-09-14 12:55:00,438 [Time-limited test] INFO  server.StorageContainerManager (StorageContainerManager.java:stop(1622)) - Stopping the StorageContainerLocationProtocol RPC server
2023-09-14 12:55:00,438 [Time-limited test] INFO  server.SCMClientProtocolServer (SCMClientProtocolServer.java:stop(210)) - Stopping the RPC server for Client Protocol
2023-09-14 12:55:00,438 [Time-limited test] INFO  ipc.Server (Server.java:stop(3523)) - Stopping server on 9860
2023-09-14 12:55:00,439 [Time-limited test] INFO  server.StorageContainerManager (StorageContainerManager.java:stop(1629)) - Stopping Storage Container Manager HTTP server.
2023-09-14 12:55:00,439 [Time-limited test] INFO  server.StorageContainerManager (StorageContainerManager.java:stop(1637)) - Stopping SCM LayoutVersionManager Service.
2023-09-14 12:55:00,439 [Time-limited test] INFO  server.SCMSecurityProtocolServer (SCMSecurityProtocolServer.java:stop(550)) - Stopping the SCMSecurityProtocolServer.
2023-09-14 12:55:00,439 [Time-limited test] INFO  ipc.Server (Server.java:stop(3523)) - Stopping server on 9961
2023-09-14 12:55:00,439 [Time-limited test] INFO  server.SCMUpdateServiceGrpcServer (SCMUpdateServiceGrpcServer.java:stop(73)) - SCMUpdateService stopping
2023-09-14 12:55:00,439 [Time-limited test] INFO  server.StorageContainerManager (StorageContainerManager.java:stop(1649)) - Stopping Block Manager Service.
2023-09-14 12:55:00,439 [Time-limited test] INFO  utils.BackgroundService (BackgroundService.java:shutdown(141)) - Shutting down service SCMBlockDeletingService
2023-09-14 12:55:00,440 [Time-limited test] INFO  utils.BackgroundService (BackgroundService.java:shutdown(141)) - Shutting down service SCMBlockDeletingService
2023-09-14 12:55:00,440 [Time-limited test] INFO  server.StorageContainerManager (StorageContainerManager.java:stop(1669)) - Stopping SCM Event Queue.
2023-09-14 12:55:00,440 [Time-limited test] INFO  server.StorageContainerManager (StorageContainerManager.java:stop(1680)) - Stopping SCM HA services.
2023-09-14 12:55:00,440 [Time-limited test] INFO  pipeline.BackgroundPipelineCreator (BackgroundPipelineCreator.java:stop(149)) - Stopping RatisPipelineUtilsThread.
2023-09-14 12:55:00,440 [RatisPipelineUtilsThread - 0] WARN  pipeline.BackgroundPipelineCreator (BackgroundPipelineCreator.java:run(180)) - RatisPipelineUtilsThread is interrupted.
2023-09-14 12:55:00,446 [BackgroundPipelineScrubberThread] WARN  BackgroundPipelineScrubber (BackgroundSCMService.java:run(115)) - BackgroundPipelineScrubber is interrupted, exit
2023-09-14 12:55:00,446 [Time-limited test] INFO  BackgroundPipelineScrubber (BackgroundSCMService.java:stop(131)) - Stopping BackgroundPipelineScrubber Service.
2023-09-14 12:55:00,446 [Time-limited test] WARN  pipeline.BackgroundPipelineCreator (BackgroundPipelineCreator.java:stop(145)) - RatisPipelineUtilsThread is not running, just ignore.
2023-09-14 12:55:00,446 [Time-limited test] INFO  BackgroundPipelineScrubber (BackgroundSCMService.java:stop(126)) - BackgroundPipelineScrubber Service is not running, skip stop.
2023-09-14 12:55:00,446 [Time-limited test] INFO  ExpiredContainerReplicaOpScrubber (BackgroundSCMService.java:stop(131)) - Stopping ExpiredContainerReplicaOpScrubber Service.
2023-09-14 12:55:00,446 [Time-limited test] INFO  utils.BackgroundService (BackgroundService.java:shutdown(141)) - Shutting down service SCMBlockDeletingService
2023-09-14 12:55:00,446 [ExpiredContainerReplicaOpScrubberThread] WARN  ExpiredContainerReplicaOpScrubber (BackgroundSCMService.java:run(115)) - ExpiredContainerReplicaOpScrubber is interrupted, exit
2023-09-14 12:55:00,446 [Time-limited test] INFO  replication.ReplicationManager (ReplicationManager.java:stop(333)) - Replication Monitor Thread is not running.
2023-09-14 12:55:00,447 [Time-limited test] WARN  balancer.ContainerBalancer (ContainerBalancer.java:stop(326)) - Cannot stop Container Balancer because it's not running or stopping
2023-09-14 12:55:00,447 [Time-limited test] INFO  server.StorageContainerManager (StorageContainerManager.java:stop(1715)) - Stopping SCM MetadataStore.
2023-09-14 12:55:00,448 [Time-limited test] INFO  server.SCMSecurityProtocolServer (SCMSecurityProtocolServer.java:join(560)) - Join RPC server for SCMSecurityProtocolServer.
2023-09-14 12:55:00,448 [Time-limited test] INFO  server.SCMSecurityProtocolServer (SCMSecurityProtocolServer.java:join(562)) - Join gRPC server for SCMSecurityProtocolServer.
]]></system-out>
  </testcase>
  <testcase name="testCertificateRotationRecoverableFailure" classname="org.apache.hadoop.ozone.TestSecureOzoneCluster" time="25.139">
    <system-out><![CDATA[2023-09-14 12:55:00,468 [Time-limited test] INFO  net.ServerSocketUtil (ServerSocketUtil.java:getPort(55)) - Using port 9860
2023-09-14 12:55:00,468 [Time-limited test] INFO  net.ServerSocketUtil (ServerSocketUtil.java:getPort(55)) - Using port 9861
2023-09-14 12:55:00,468 [Time-limited test] INFO  net.ServerSocketUtil (ServerSocketUtil.java:getPort(55)) - Using port 9863
2023-09-14 12:55:00,468 [Time-limited test] INFO  net.ServerSocketUtil (ServerSocketUtil.java:getPort(55)) - Using port 9961
2023-09-14 12:55:00,468 [Time-limited test] INFO  net.ServerSocketUtil (ServerSocketUtil.java:getPort(55)) - Using port 1200
2023-09-14 12:55:00,468 [Time-limited test] INFO  net.ServerSocketUtil (ServerSocketUtil.java:getPort(55)) - Using port 1201
2023-09-14 12:55:00,469 [Time-limited test] INFO  minikdc.MiniKdc (MiniKdc.java:<init>(225)) - Configuration:
2023-09-14 12:55:00,469 [Time-limited test] INFO  minikdc.MiniKdc (MiniKdc.java:<init>(226)) - ---------------------------------------------------------------
2023-09-14 12:55:00,469 [Time-limited test] INFO  minikdc.MiniKdc (MiniKdc.java:<init>(228)) -   debug: false
2023-09-14 12:55:00,469 [Time-limited test] INFO  minikdc.MiniKdc (MiniKdc.java:<init>(228)) -   transport: TCP
2023-09-14 12:55:00,469 [Time-limited test] INFO  minikdc.MiniKdc (MiniKdc.java:<init>(228)) -   max.ticket.lifetime: 86400000
2023-09-14 12:55:00,469 [Time-limited test] INFO  minikdc.MiniKdc (MiniKdc.java:<init>(228)) -   org.name: EXAMPLE
2023-09-14 12:55:00,469 [Time-limited test] INFO  minikdc.MiniKdc (MiniKdc.java:<init>(228)) -   kdc.port: 0
2023-09-14 12:55:00,469 [Time-limited test] INFO  minikdc.MiniKdc (MiniKdc.java:<init>(228)) -   org.domain: COM
2023-09-14 12:55:00,469 [Time-limited test] INFO  minikdc.MiniKdc (MiniKdc.java:<init>(228)) -   max.renewable.lifetime: 604800000
2023-09-14 12:55:00,469 [Time-limited test] INFO  minikdc.MiniKdc (MiniKdc.java:<init>(228)) -   instance: DefaultKrbServer
2023-09-14 12:55:00,469 [Time-limited test] INFO  minikdc.MiniKdc (MiniKdc.java:<init>(228)) -   kdc.bind.address: localhost
2023-09-14 12:55:00,469 [Time-limited test] INFO  minikdc.MiniKdc (MiniKdc.java:<init>(230)) - ---------------------------------------------------------------
2023-09-14 12:55:00,471 [Time-limited test] INFO  minikdc.MiniKdc (MiniKdc.java:start(285)) - MiniKdc started.
2023-09-14 12:55:00,522 [Time-limited test] INFO  om.OzoneManager (OzoneManager.java:getOmDetailsProto(4573)) - OzoneManager ports added:[name: "RPC"
value: 1202
]
2023-09-14 12:55:00,522 [Time-limited test] WARN  server.ServerUtils (ServerUtils.java:getDBPath(311)) - ozone.om.db.dirs is not configured. We recommend adding this setting. Falling back to ozone.metadata.dirs instead.
2023-09-14 12:55:00,525 [Time-limited test] INFO  utils.SelfSignedCertificate (SelfSignedCertificate.java:generateCertificate(157)) - Certificate 2696770 is issued by CN=localhost,OU=test,O=cluster to CN=localhost,OU=test,O=cluster, valid from Thu Sep 14 12:55:00 UTC 2023 to Thu Sep 14 12:55:20 UTC 2023
2023-09-14 12:55:00,526 [Time-limited test] INFO  utils.CertificateCodec (CertificateCodec.java:writeCertificate(299)) - Save certificate to /tmp/junit3517457561862700736/junit8899427907712888455/om-meta/om/certs/certificate.crt
2023-09-14 12:55:00,526 [Time-limited test] INFO  utils.CertificateCodec (CertificateCodec.java:writeCertificate(300)) - Certificate -----BEGIN CERTIFICATE-----
MIIC5TCCAc2gAwIBAgIDKSZCMA0GCSqGSIb3DQEBCwUAMDUxEjAQBgNVBAMMCWxv
Y2FsaG9zdDENMAsGA1UECwwEdGVzdDEQMA4GA1UECgwHY2x1c3RlcjAeFw0yMzA5
MTQxMjU1MDBaFw0yMzA5MTQxMjU1MjBaMDUxEjAQBgNVBAMMCWxvY2FsaG9zdDEN
MAsGA1UECwwEdGVzdDEQMA4GA1UECgwHY2x1c3RlcjCCASIwDQYJKoZIhvcNAQEB
BQADggEPADCCAQoCggEBAMsLUHKu0iVTjTbakwZALd9R8UfCydey2MBWYrrAEDXx
NrIK/vXZweJrgmqTQ9pVPDxBXRoW71EGEFWZ+lsQQgAPhY4kR5V2Y2y6DoLnVgCe
az+HL3H8cu8Ydz7P1AIZJkAeelwZGk70+oJpeqFUJvOP5LZeBhI6IpCv1dJwYle/
p3Bv9zNHclTWfN6KdfruCMqCXuojMUNOY90COm7W/z81VfvPeYVudJPr1ckXY2qq
MOUak1I3uEqOab0OcM1GENeR8zEvr9nEUDVAM0rhj5TvOeaOo+5+xjg/Zm/3VGUj
cxnwB7AOC7zhbPvSCDwFV0LdPRFasc3h2kXKXwgxDGcCAwEAATANBgkqhkiG9w0B
AQsFAAOCAQEAOjYL3Iew2V6YNtfgcKOYevdVngUOTCTccRB43oDUWRoEDCP39Yef
6oe38pDud9bnvhOJBz2E1+9FoVCdOYeUeG6Da0qbb9om7ieESkJBU200CepHPyX3
T70QmIzbzmDhJAtMSYF+d3Zlt+hCetyr7scZaMmtj7XauX8qy0DMYquhhdRAUo4O
pbMIwBjJrIJtohwNd3htGAYzkAeBqDfkYYB4RHK761b4B/1y5kv8XEF0RCcH89Lp
i+uuK1WN+dCPYAL52mCKbBYd5c3hrtVnB2kBjPqyHCSgOnLx8hwXYSN0kPoIiZsD
H2mOmi7l0KBySHthCFgCOJ1MHfYAoibtwQ==
-----END CERTIFICATE-----

2023-09-14 12:55:00,558 [Time-limited test] INFO  utils.SelfSignedCertificate (SelfSignedCertificate.java:generateCertificate(157)) - Certificate 2696805 is issued by CN=localhost,OU=test,O=cluster to CN=localhost,OU=test,O=cluster, valid from Thu Sep 14 12:55:10 UTC 2023 to Thu Sep 14 12:55:30 UTC 2023
2023-09-14 12:55:00,559 [Time-limited test] INFO  security.OMCertificateClient (DefaultCertificateClient.java:updateCertSerialId(1244)) - Certificate serial ID set to 2696770
2023-09-14 12:55:00,560 [Time-limited test] INFO  security.OMCertificateClient (DefaultCertificateClient.java:readCertificateFile(237)) - Added certificate   [0]         Version: 3
         SerialNumber: 2696770
             IssuerDN: CN=localhost,OU=test,O=cluster
           Start Date: Thu Sep 14 12:55:00 UTC 2023
           Final Date: Thu Sep 14 12:55:20 UTC 2023
            SubjectDN: CN=localhost,OU=test,O=cluster
           Public Key: RSA Public Key [2e:94:aa:0a:ba:52:d2:b1:0b:5a:cc:bf:89:37:9f:bd:be:15:8f:2a],[56:66:d1:a4]
        modulus: cb0b5072aed225538d36da9306402ddf51f147c2c9d7b2d8c05662bac01035f136b20afef5d9c1e26b826a9343da553c3c415d1a16ef5106105599fa5b1042000f858e24479576636cba0e82e756009e6b3f872f71fc72ef18773ecfd4021926401e7a5c191a4ef4fa82697aa15426f38fe4b65e06123a2290afd5d2706257bfa7706ff733477254d67cde8a75faee08ca825eea2331434e63dd023a6ed6ff3f3555fbcf79856e7493ebd5c917636aaa30e51a935237b84a8e69bd0e70cd4610d791f3312fafd9c4503540334ae18f94ef39e68ea3ee7ec6383f666ff75465237319f007b00e0bbce16cfbd2083c055742dd3d115ab1cde1da45ca5f08310c67
public exponent: 10001

  Signature Algorithm: SHA256WITHRSA
            Signature: 3a360bdc87b0d95e9836d7e070a3987af7559e05
                       0e4c24dc711078de80d4591a040c23f7f5879fea
                       87b7f290ee77d6e7be1389073d84d7ef45a1509d
                       398794786e836b4a9b6fda26ee27844a4241536d
                       3409ea473f25f74fbd10988cdbce60e1240b4c49
                       817e777665b7e8427adcabeec71968c9ad8fb5da
                       b97f2acb40cc62aba185d440528e0ea5b308c018
                       c9ac826da21c0d77786d180633900781a837e461
                       80784472bbeb56f807fd72e64bfc5c4174442707
                       f3d2e98bebae2b558df9d08f6002f9da608a6c16
                       1de5cde1aed5670769018cfab21c24a03a72f1f2
                       1c1761237490fa08899b031f698e9a2ee5d0a072
                       487b61085802389d4c1df600a226edc1
 from file: /tmp/junit3517457561862700736/junit8899427907712888455/om-meta/om/certs/certificate.crt.
2023-09-14 12:55:00,561 [Time-limited test] INFO  security.OMCertificateClient (DefaultCertificateClient.java:startCertificateRenewerService(1349)) - CertificateRenewerService for om is started with first delay 9440 ms and interval 3333 ms.
2023-09-14 12:55:00,561 [Time-limited test] INFO  security.OMCertificateClient (DefaultCertificateClient.java:init(715)) - Certificate client init case: 7
2023-09-14 12:55:00,561 [Time-limited test] INFO  security.OMCertificateClient (CommonCertificateClient.java:handleCase(110)) - Found certificate file along with KeyPair.
2023-09-14 12:55:00,567 [Time-limited test] INFO  security.OMCertificateClient (DefaultCertificateClient.java:validateKeyPairAndCertificate(794)) - Keypair validated.
2023-09-14 12:55:00,571 [Time-limited test] INFO  security.OMCertificateClient (DefaultCertificateClient.java:validateKeyPairAndCertificate(797)) - Keypair validated with certificate.
2023-09-14 12:55:10,002 [om-CertificateRenewerService] INFO  security.OMCertificateClient (DefaultCertificateClient.java:run(1388)) - Current certificate 2696770 needs to be renewed remaining grace period PT0S. Forced renewal due to root ca rotation: false.
2023-09-14 12:55:10,209 [om-CertificateRenewerService] INFO  ozone.OzoneSecurityUtil (OzoneSecurityUtil.java:getValidInetsForCurrentHost(119)) - ip:fe80:0:0:0:20d:3aff:fea7:6146%eth0 not returned.
2023-09-14 12:55:10,209 [om-CertificateRenewerService] INFO  ozone.OzoneSecurityUtil (OzoneSecurityUtil.java:getValidInetsForCurrentHost(116)) - Adding ip:10.1.0.236,host:fv-az187-373.4biwkquksivelc4kanrnlgeoof.gx.internal.cloudapp.net
2023-09-14 12:55:10,209 [om-CertificateRenewerService] INFO  ozone.OzoneSecurityUtil (OzoneSecurityUtil.java:getValidInetsForCurrentHost(119)) - ip:0:0:0:0:0:0:0:1%lo not returned.
2023-09-14 12:55:10,209 [om-CertificateRenewerService] INFO  ozone.OzoneSecurityUtil (OzoneSecurityUtil.java:getValidInetsForCurrentHost(119)) - ip:127.0.0.1 not returned.
2023-09-14 12:55:10,209 [om-CertificateRenewerService] INFO  security.OMCertificateClient (OMCertificateClient.java:getCSRBuilder(114)) - Creating csr for OM->dns:fv-az187-373.4biwkquksivelc4kanrnlgeoof.gx.internal.cloudapp.net,ip:10.1.0.236,scmId:8cecc87c-e20f-441d-8063-8cf915e426a7,clusterId:5b067a6b-926a-415d-9e6b-ffe890daead5,subject:scm@fv-az187-373.4biwkquksivelc4kanrnlgeoof.gx.internal.cloudapp.net
2023-09-14 12:55:10,213 [om-CertificateRenewerService] ERROR security.OMCertificateClient (DefaultCertificateClient.java:signAndStoreCertificate(1284)) - Error while signing and storing SCM signed certificate.
org.apache.hadoop.hdds.security.x509.exception.CertificateException: Unable to retrieve certificate chain.
	at org.apache.hadoop.hdds.security.x509.certificate.client.DefaultCertificateClient.signAndStoreCertificate(DefaultCertificateClient.java:1280)
	at org.apache.hadoop.hdds.security.x509.certificate.client.DefaultCertificateClient.renewAndStoreKeyAndCertificate(DefaultCertificateClient.java:1083)
	at org.apache.hadoop.hdds.security.x509.certificate.client.DefaultCertificateClient$CertificateRenewerService.run(DefaultCertificateClient.java:1393)
	at java.util.concurrent.Executors$RunnableAdapter.call(Executors.java:511)
	at java.util.concurrent.FutureTask.runAndReset(FutureTask.java:308)
	at java.util.concurrent.ScheduledThreadPoolExecutor$ScheduledFutureTask.access$301(ScheduledThreadPoolExecutor.java:180)
	at java.util.concurrent.ScheduledThreadPoolExecutor$ScheduledFutureTask.run(ScheduledThreadPoolExecutor.java:294)
	at java.util.concurrent.ThreadPoolExecutor.runWorker(ThreadPoolExecutor.java:1149)
	at java.util.concurrent.ThreadPoolExecutor$Worker.run(ThreadPoolExecutor.java:624)
	at java.lang.Thread.run(Thread.java:750)
2023-09-14 12:55:10,214 [om-CertificateRenewerService] ERROR security.OMCertificateClient (DefaultCertificateClient.java:run(1404)) - Failed to renew and store key and cert. Keep using existing certificates.
org.apache.hadoop.hdds.security.x509.exception.CertificateException: Error while signing and storing new certificates.
	at org.apache.hadoop.hdds.security.x509.certificate.client.DefaultCertificateClient.renewAndStoreKeyAndCertificate(DefaultCertificateClient.java:1086)
	at org.apache.hadoop.hdds.security.x509.certificate.client.DefaultCertificateClient$CertificateRenewerService.run(DefaultCertificateClient.java:1393)
	at java.util.concurrent.Executors$RunnableAdapter.call(Executors.java:511)
	at java.util.concurrent.FutureTask.runAndReset(FutureTask.java:308)
	at java.util.concurrent.ScheduledThreadPoolExecutor$ScheduledFutureTask.access$301(ScheduledThreadPoolExecutor.java:180)
	at java.util.concurrent.ScheduledThreadPoolExecutor$ScheduledFutureTask.run(ScheduledThreadPoolExecutor.java:294)
	at java.util.concurrent.ThreadPoolExecutor.runWorker(ThreadPoolExecutor.java:1149)
	at java.util.concurrent.ThreadPoolExecutor$Worker.run(ThreadPoolExecutor.java:624)
	at java.lang.Thread.run(Thread.java:750)
Caused by: org.apache.hadoop.hdds.security.x509.exception.CertificateException: Error while signing and storing SCM signed certificate.
	at org.apache.hadoop.hdds.security.x509.certificate.client.DefaultCertificateClient.signAndStoreCertificate(DefaultCertificateClient.java:1286)
	at org.apache.hadoop.hdds.security.x509.certificate.client.DefaultCertificateClient.renewAndStoreKeyAndCertificate(DefaultCertificateClient.java:1083)
	... 8 more
Caused by: org.apache.hadoop.hdds.security.x509.exception.CertificateException: Unable to retrieve certificate chain.
	at org.apache.hadoop.hdds.security.x509.certificate.client.DefaultCertificateClient.signAndStoreCertificate(DefaultCertificateClient.java:1280)
	... 9 more
2023-09-14 12:55:13,335 [om-CertificateRenewerService] INFO  security.OMCertificateClient (DefaultCertificateClient.java:run(1388)) - Current certificate 2696770 needs to be renewed remaining grace period PT0S. Forced renewal due to root ca rotation: false.
2023-09-14 12:55:13,607 [om-CertificateRenewerService] INFO  ozone.OzoneSecurityUtil (OzoneSecurityUtil.java:getValidInetsForCurrentHost(119)) - ip:fe80:0:0:0:20d:3aff:fea7:6146%eth0 not returned.
2023-09-14 12:55:13,607 [om-CertificateRenewerService] INFO  ozone.OzoneSecurityUtil (OzoneSecurityUtil.java:getValidInetsForCurrentHost(116)) - Adding ip:10.1.0.236,host:fv-az187-373.4biwkquksivelc4kanrnlgeoof.gx.internal.cloudapp.net
2023-09-14 12:55:13,607 [om-CertificateRenewerService] INFO  ozone.OzoneSecurityUtil (OzoneSecurityUtil.java:getValidInetsForCurrentHost(119)) - ip:0:0:0:0:0:0:0:1%lo not returned.
2023-09-14 12:55:13,607 [om-CertificateRenewerService] INFO  ozone.OzoneSecurityUtil (OzoneSecurityUtil.java:getValidInetsForCurrentHost(119)) - ip:127.0.0.1 not returned.
2023-09-14 12:55:13,607 [om-CertificateRenewerService] INFO  security.OMCertificateClient (OMCertificateClient.java:getCSRBuilder(114)) - Creating csr for OM->dns:fv-az187-373.4biwkquksivelc4kanrnlgeoof.gx.internal.cloudapp.net,ip:10.1.0.236,scmId:8cecc87c-e20f-441d-8063-8cf915e426a7,clusterId:5b067a6b-926a-415d-9e6b-ffe890daead5,subject:scm@fv-az187-373.4biwkquksivelc4kanrnlgeoof.gx.internal.cloudapp.net
2023-09-14 12:55:13,610 [om-CertificateRenewerService] ERROR security.OMCertificateClient (DefaultCertificateClient.java:signAndStoreCertificate(1284)) - Error while signing and storing SCM signed certificate.
org.apache.hadoop.hdds.security.x509.exception.CertificateException: Unable to retrieve certificate chain.
	at org.apache.hadoop.hdds.security.x509.certificate.client.DefaultCertificateClient.signAndStoreCertificate(DefaultCertificateClient.java:1280)
	at org.apache.hadoop.hdds.security.x509.certificate.client.DefaultCertificateClient.renewAndStoreKeyAndCertificate(DefaultCertificateClient.java:1083)
	at org.apache.hadoop.hdds.security.x509.certificate.client.DefaultCertificateClient$CertificateRenewerService.run(DefaultCertificateClient.java:1393)
	at java.util.concurrent.Executors$RunnableAdapter.call(Executors.java:511)
	at java.util.concurrent.FutureTask.runAndReset(FutureTask.java:308)
	at java.util.concurrent.ScheduledThreadPoolExecutor$ScheduledFutureTask.access$301(ScheduledThreadPoolExecutor.java:180)
	at java.util.concurrent.ScheduledThreadPoolExecutor$ScheduledFutureTask.run(ScheduledThreadPoolExecutor.java:294)
	at java.util.concurrent.ThreadPoolExecutor.runWorker(ThreadPoolExecutor.java:1149)
	at java.util.concurrent.ThreadPoolExecutor$Worker.run(ThreadPoolExecutor.java:624)
	at java.lang.Thread.run(Thread.java:750)
2023-09-14 12:55:13,610 [om-CertificateRenewerService] ERROR security.OMCertificateClient (DefaultCertificateClient.java:run(1404)) - Failed to renew and store key and cert. Keep using existing certificates.
org.apache.hadoop.hdds.security.x509.exception.CertificateException: Error while signing and storing new certificates.
	at org.apache.hadoop.hdds.security.x509.certificate.client.DefaultCertificateClient.renewAndStoreKeyAndCertificate(DefaultCertificateClient.java:1086)
	at org.apache.hadoop.hdds.security.x509.certificate.client.DefaultCertificateClient$CertificateRenewerService.run(DefaultCertificateClient.java:1393)
	at java.util.concurrent.Executors$RunnableAdapter.call(Executors.java:511)
	at java.util.concurrent.FutureTask.runAndReset(FutureTask.java:308)
	at java.util.concurrent.ScheduledThreadPoolExecutor$ScheduledFutureTask.access$301(ScheduledThreadPoolExecutor.java:180)
	at java.util.concurrent.ScheduledThreadPoolExecutor$ScheduledFutureTask.run(ScheduledThreadPoolExecutor.java:294)
	at java.util.concurrent.ThreadPoolExecutor.runWorker(ThreadPoolExecutor.java:1149)
	at java.util.concurrent.ThreadPoolExecutor$Worker.run(ThreadPoolExecutor.java:624)
	at java.lang.Thread.run(Thread.java:750)
Caused by: org.apache.hadoop.hdds.security.x509.exception.CertificateException: Error while signing and storing SCM signed certificate.
	at org.apache.hadoop.hdds.security.x509.certificate.client.DefaultCertificateClient.signAndStoreCertificate(DefaultCertificateClient.java:1286)
	at org.apache.hadoop.hdds.security.x509.certificate.client.DefaultCertificateClient.renewAndStoreKeyAndCertificate(DefaultCertificateClient.java:1083)
	... 8 more
Caused by: org.apache.hadoop.hdds.security.x509.exception.CertificateException: Unable to retrieve certificate chain.
	at org.apache.hadoop.hdds.security.x509.certificate.client.DefaultCertificateClient.signAndStoreCertificate(DefaultCertificateClient.java:1280)
	... 9 more
2023-09-14 12:55:16,668 [om-CertificateRenewerService] INFO  security.OMCertificateClient (DefaultCertificateClient.java:run(1388)) - Current certificate 2696770 needs to be renewed remaining grace period PT0S. Forced renewal due to root ca rotation: false.
2023-09-14 12:55:17,151 [om-CertificateRenewerService] INFO  ozone.OzoneSecurityUtil (OzoneSecurityUtil.java:getValidInetsForCurrentHost(119)) - ip:fe80:0:0:0:20d:3aff:fea7:6146%eth0 not returned.
2023-09-14 12:55:17,151 [om-CertificateRenewerService] INFO  ozone.OzoneSecurityUtil (OzoneSecurityUtil.java:getValidInetsForCurrentHost(116)) - Adding ip:10.1.0.236,host:fv-az187-373.4biwkquksivelc4kanrnlgeoof.gx.internal.cloudapp.net
2023-09-14 12:55:17,151 [om-CertificateRenewerService] INFO  ozone.OzoneSecurityUtil (OzoneSecurityUtil.java:getValidInetsForCurrentHost(119)) - ip:0:0:0:0:0:0:0:1%lo not returned.
2023-09-14 12:55:17,151 [om-CertificateRenewerService] INFO  ozone.OzoneSecurityUtil (OzoneSecurityUtil.java:getValidInetsForCurrentHost(119)) - ip:127.0.0.1 not returned.
2023-09-14 12:55:17,151 [om-CertificateRenewerService] INFO  security.OMCertificateClient (OMCertificateClient.java:getCSRBuilder(114)) - Creating csr for OM->dns:fv-az187-373.4biwkquksivelc4kanrnlgeoof.gx.internal.cloudapp.net,ip:10.1.0.236,scmId:8cecc87c-e20f-441d-8063-8cf915e426a7,clusterId:5b067a6b-926a-415d-9e6b-ffe890daead5,subject:scm@fv-az187-373.4biwkquksivelc4kanrnlgeoof.gx.internal.cloudapp.net
2023-09-14 12:55:17,153 [om-CertificateRenewerService] ERROR security.OMCertificateClient (DefaultCertificateClient.java:signAndStoreCertificate(1284)) - Error while signing and storing SCM signed certificate.
org.apache.hadoop.hdds.security.x509.exception.CertificateException: Unable to retrieve certificate chain.
	at org.apache.hadoop.hdds.security.x509.certificate.client.DefaultCertificateClient.signAndStoreCertificate(DefaultCertificateClient.java:1280)
	at org.apache.hadoop.hdds.security.x509.certificate.client.DefaultCertificateClient.renewAndStoreKeyAndCertificate(DefaultCertificateClient.java:1083)
	at org.apache.hadoop.hdds.security.x509.certificate.client.DefaultCertificateClient$CertificateRenewerService.run(DefaultCertificateClient.java:1393)
	at java.util.concurrent.Executors$RunnableAdapter.call(Executors.java:511)
	at java.util.concurrent.FutureTask.runAndReset(FutureTask.java:308)
	at java.util.concurrent.ScheduledThreadPoolExecutor$ScheduledFutureTask.access$301(ScheduledThreadPoolExecutor.java:180)
	at java.util.concurrent.ScheduledThreadPoolExecutor$ScheduledFutureTask.run(ScheduledThreadPoolExecutor.java:294)
	at java.util.concurrent.ThreadPoolExecutor.runWorker(ThreadPoolExecutor.java:1149)
	at java.util.concurrent.ThreadPoolExecutor$Worker.run(ThreadPoolExecutor.java:624)
	at java.lang.Thread.run(Thread.java:750)
2023-09-14 12:55:17,154 [om-CertificateRenewerService] ERROR security.OMCertificateClient (DefaultCertificateClient.java:run(1404)) - Failed to renew and store key and cert. Keep using existing certificates.
org.apache.hadoop.hdds.security.x509.exception.CertificateException: Error while signing and storing new certificates.
	at org.apache.hadoop.hdds.security.x509.certificate.client.DefaultCertificateClient.renewAndStoreKeyAndCertificate(DefaultCertificateClient.java:1086)
	at org.apache.hadoop.hdds.security.x509.certificate.client.DefaultCertificateClient$CertificateRenewerService.run(DefaultCertificateClient.java:1393)
	at java.util.concurrent.Executors$RunnableAdapter.call(Executors.java:511)
	at java.util.concurrent.FutureTask.runAndReset(FutureTask.java:308)
	at java.util.concurrent.ScheduledThreadPoolExecutor$ScheduledFutureTask.access$301(ScheduledThreadPoolExecutor.java:180)
	at java.util.concurrent.ScheduledThreadPoolExecutor$ScheduledFutureTask.run(ScheduledThreadPoolExecutor.java:294)
	at java.util.concurrent.ThreadPoolExecutor.runWorker(ThreadPoolExecutor.java:1149)
	at java.util.concurrent.ThreadPoolExecutor$Worker.run(ThreadPoolExecutor.java:624)
	at java.lang.Thread.run(Thread.java:750)
Caused by: org.apache.hadoop.hdds.security.x509.exception.CertificateException: Error while signing and storing SCM signed certificate.
	at org.apache.hadoop.hdds.security.x509.certificate.client.DefaultCertificateClient.signAndStoreCertificate(DefaultCertificateClient.java:1286)
	at org.apache.hadoop.hdds.security.x509.certificate.client.DefaultCertificateClient.renewAndStoreKeyAndCertificate(DefaultCertificateClient.java:1083)
	... 8 more
Caused by: org.apache.hadoop.hdds.security.x509.exception.CertificateException: Unable to retrieve certificate chain.
	at org.apache.hadoop.hdds.security.x509.certificate.client.DefaultCertificateClient.signAndStoreCertificate(DefaultCertificateClient.java:1280)
	... 9 more
2023-09-14 12:55:20,001 [om-CertificateRenewerService] INFO  security.OMCertificateClient (DefaultCertificateClient.java:run(1388)) - Current certificate 2696770 needs to be renewed remaining grace period PT0S. Forced renewal due to root ca rotation: false.
2023-09-14 12:55:20,091 [om-CertificateRenewerService] INFO  ozone.OzoneSecurityUtil (OzoneSecurityUtil.java:getValidInetsForCurrentHost(119)) - ip:fe80:0:0:0:20d:3aff:fea7:6146%eth0 not returned.
2023-09-14 12:55:20,092 [om-CertificateRenewerService] INFO  ozone.OzoneSecurityUtil (OzoneSecurityUtil.java:getValidInetsForCurrentHost(116)) - Adding ip:10.1.0.236,host:fv-az187-373.4biwkquksivelc4kanrnlgeoof.gx.internal.cloudapp.net
2023-09-14 12:55:20,092 [om-CertificateRenewerService] INFO  ozone.OzoneSecurityUtil (OzoneSecurityUtil.java:getValidInetsForCurrentHost(119)) - ip:0:0:0:0:0:0:0:1%lo not returned.
2023-09-14 12:55:20,092 [om-CertificateRenewerService] INFO  ozone.OzoneSecurityUtil (OzoneSecurityUtil.java:getValidInetsForCurrentHost(119)) - ip:127.0.0.1 not returned.
2023-09-14 12:55:20,092 [om-CertificateRenewerService] INFO  security.OMCertificateClient (OMCertificateClient.java:getCSRBuilder(114)) - Creating csr for OM->dns:fv-az187-373.4biwkquksivelc4kanrnlgeoof.gx.internal.cloudapp.net,ip:10.1.0.236,scmId:8cecc87c-e20f-441d-8063-8cf915e426a7,clusterId:5b067a6b-926a-415d-9e6b-ffe890daead5,subject:scm@fv-az187-373.4biwkquksivelc4kanrnlgeoof.gx.internal.cloudapp.net
2023-09-14 12:55:20,094 [om-CertificateRenewerService] ERROR security.OMCertificateClient (DefaultCertificateClient.java:signAndStoreCertificate(1284)) - Error while signing and storing SCM signed certificate.
org.apache.hadoop.hdds.security.x509.exception.CertificateException: Unable to retrieve certificate chain.
	at org.apache.hadoop.hdds.security.x509.certificate.client.DefaultCertificateClient.signAndStoreCertificate(DefaultCertificateClient.java:1280)
	at org.apache.hadoop.hdds.security.x509.certificate.client.DefaultCertificateClient.renewAndStoreKeyAndCertificate(DefaultCertificateClient.java:1083)
	at org.apache.hadoop.hdds.security.x509.certificate.client.DefaultCertificateClient$CertificateRenewerService.run(DefaultCertificateClient.java:1393)
	at java.util.concurrent.Executors$RunnableAdapter.call(Executors.java:511)
	at java.util.concurrent.FutureTask.runAndReset(FutureTask.java:308)
	at java.util.concurrent.ScheduledThreadPoolExecutor$ScheduledFutureTask.access$301(ScheduledThreadPoolExecutor.java:180)
	at java.util.concurrent.ScheduledThreadPoolExecutor$ScheduledFutureTask.run(ScheduledThreadPoolExecutor.java:294)
	at java.util.concurrent.ThreadPoolExecutor.runWorker(ThreadPoolExecutor.java:1149)
	at java.util.concurrent.ThreadPoolExecutor$Worker.run(ThreadPoolExecutor.java:624)
	at java.lang.Thread.run(Thread.java:750)
2023-09-14 12:55:20,094 [om-CertificateRenewerService] ERROR security.OMCertificateClient (DefaultCertificateClient.java:run(1404)) - Failed to renew and store key and cert. Keep using existing certificates.
org.apache.hadoop.hdds.security.x509.exception.CertificateException: Error while signing and storing new certificates.
	at org.apache.hadoop.hdds.security.x509.certificate.client.DefaultCertificateClient.renewAndStoreKeyAndCertificate(DefaultCertificateClient.java:1086)
	at org.apache.hadoop.hdds.security.x509.certificate.client.DefaultCertificateClient$CertificateRenewerService.run(DefaultCertificateClient.java:1393)
	at java.util.concurrent.Executors$RunnableAdapter.call(Executors.java:511)
	at java.util.concurrent.FutureTask.runAndReset(FutureTask.java:308)
	at java.util.concurrent.ScheduledThreadPoolExecutor$ScheduledFutureTask.access$301(ScheduledThreadPoolExecutor.java:180)
	at java.util.concurrent.ScheduledThreadPoolExecutor$ScheduledFutureTask.run(ScheduledThreadPoolExecutor.java:294)
	at java.util.concurrent.ThreadPoolExecutor.runWorker(ThreadPoolExecutor.java:1149)
	at java.util.concurrent.ThreadPoolExecutor$Worker.run(ThreadPoolExecutor.java:624)
	at java.lang.Thread.run(Thread.java:750)
Caused by: org.apache.hadoop.hdds.security.x509.exception.CertificateException: Error while signing and storing SCM signed certificate.
	at org.apache.hadoop.hdds.security.x509.certificate.client.DefaultCertificateClient.signAndStoreCertificate(DefaultCertificateClient.java:1286)
	at org.apache.hadoop.hdds.security.x509.certificate.client.DefaultCertificateClient.renewAndStoreKeyAndCertificate(DefaultCertificateClient.java:1083)
	... 8 more
Caused by: org.apache.hadoop.hdds.security.x509.exception.CertificateException: Unable to retrieve certificate chain.
	at org.apache.hadoop.hdds.security.x509.certificate.client.DefaultCertificateClient.signAndStoreCertificate(DefaultCertificateClient.java:1280)
	... 9 more
2023-09-14 12:55:20,585 [Time-limited test] INFO  utils.SelfSignedCertificate (SelfSignedCertificate.java:generateCertificate(157)) - Certificate 2716831 is issued by CN=localhost,OU=test,O=cluster to CN=localhost,OU=test,O=cluster, valid from Thu Sep 14 12:55:20 UTC 2023 to Thu Sep 14 12:55:40 UTC 2023
2023-09-14 12:55:23,334 [om-CertificateRenewerService] INFO  security.OMCertificateClient (DefaultCertificateClient.java:run(1388)) - Current certificate 2696770 needs to be renewed remaining grace period PT0S. Forced renewal due to root ca rotation: false.
2023-09-14 12:55:23,595 [om-CertificateRenewerService] INFO  ozone.OzoneSecurityUtil (OzoneSecurityUtil.java:getValidInetsForCurrentHost(119)) - ip:fe80:0:0:0:20d:3aff:fea7:6146%eth0 not returned.
2023-09-14 12:55:23,595 [om-CertificateRenewerService] INFO  ozone.OzoneSecurityUtil (OzoneSecurityUtil.java:getValidInetsForCurrentHost(116)) - Adding ip:10.1.0.236,host:fv-az187-373.4biwkquksivelc4kanrnlgeoof.gx.internal.cloudapp.net
2023-09-14 12:55:23,595 [om-CertificateRenewerService] INFO  ozone.OzoneSecurityUtil (OzoneSecurityUtil.java:getValidInetsForCurrentHost(119)) - ip:0:0:0:0:0:0:0:1%lo not returned.
2023-09-14 12:55:23,595 [om-CertificateRenewerService] INFO  ozone.OzoneSecurityUtil (OzoneSecurityUtil.java:getValidInetsForCurrentHost(119)) - ip:127.0.0.1 not returned.
2023-09-14 12:55:23,595 [om-CertificateRenewerService] INFO  security.OMCertificateClient (OMCertificateClient.java:getCSRBuilder(114)) - Creating csr for OM->dns:fv-az187-373.4biwkquksivelc4kanrnlgeoof.gx.internal.cloudapp.net,ip:10.1.0.236,scmId:8cecc87c-e20f-441d-8063-8cf915e426a7,clusterId:5b067a6b-926a-415d-9e6b-ffe890daead5,subject:scm@fv-az187-373.4biwkquksivelc4kanrnlgeoof.gx.internal.cloudapp.net
2023-09-14 12:55:23,598 [om-CertificateRenewerService] INFO  utils.CertificateCodec (CertificateCodec.java:writeCertificate(299)) - Save certificate to /tmp/junit3517457561862700736/junit8899427907712888455/om-meta/om/certs-next/2716831.crt
2023-09-14 12:55:23,598 [om-CertificateRenewerService] INFO  utils.CertificateCodec (CertificateCodec.java:writeCertificate(300)) - Certificate -----BEGIN CERTIFICATE-----
MIIB4DCCAUmgAwIBAgIDKXSfMA0GCSqGSIb3DQEBCwUAMDUxEjAQBgNVBAMMCWxv
Y2FsaG9zdDENMAsGA1UECwwEdGVzdDEQMA4GA1UECgwHY2x1c3RlcjAeFw0yMzA5
MTQxMjU1MjBaFw0yMzA5MTQxMjU1NDBaMDUxEjAQBgNVBAMMCWxvY2FsaG9zdDEN
MAsGA1UECwwEdGVzdDEQMA4GA1UECgwHY2x1c3RlcjCBnzANBgkqhkiG9w0BAQEF
AAOBjQAwgYkCgYEAlUoVcwy9lfNq2OtaBvWDJ2QmaMRZcLRn0LpJaeYeCnBRFlsR
y1RMTpvMIPsWwfs2fVXHCQQ+rpIY9EMbjQRPb8YFxMGrYFHFeiDvJrQYMzwDTJpa
JFArhbJz04CSZVl9gkzpcVgt575DhJG38I3y3+2pXCmxLkF1lEIuaw9SfRECAwEA
ATANBgkqhkiG9w0BAQsFAAOBgQBYqTVPhIlBfK5bNUw+UtiPtuMZfu7VtfZP4Kkn
bo8gmWY23cPsNMbQ78t5duhMLBV6mgtLzJXcSCIF11asH0dw8wYSX0x0gANMag0q
vzsk+3wBJwU6/28U/WHBBST08pgqdThUU2pS34QEDP77aA3Lgk1ho4xcnfKbtJOi
j2r1zg==
-----END CERTIFICATE-----

2023-09-14 12:55:23,598 [om-CertificateRenewerService] INFO  utils.CertificateCodec (CertificateCodec.java:writeCertificate(299)) - Save certificate to /tmp/junit3517457561862700736/junit8899427907712888455/om-meta/om/certs-next/CA-2716831.crt
2023-09-14 12:55:23,598 [om-CertificateRenewerService] INFO  utils.CertificateCodec (CertificateCodec.java:writeCertificate(300)) - Certificate -----BEGIN CERTIFICATE-----
MIIB4DCCAUmgAwIBAgIDKXSfMA0GCSqGSIb3DQEBCwUAMDUxEjAQBgNVBAMMCWxv
Y2FsaG9zdDENMAsGA1UECwwEdGVzdDEQMA4GA1UECgwHY2x1c3RlcjAeFw0yMzA5
MTQxMjU1MjBaFw0yMzA5MTQxMjU1NDBaMDUxEjAQBgNVBAMMCWxvY2FsaG9zdDEN
MAsGA1UECwwEdGVzdDEQMA4GA1UECgwHY2x1c3RlcjCBnzANBgkqhkiG9w0BAQEF
AAOBjQAwgYkCgYEAlUoVcwy9lfNq2OtaBvWDJ2QmaMRZcLRn0LpJaeYeCnBRFlsR
y1RMTpvMIPsWwfs2fVXHCQQ+rpIY9EMbjQRPb8YFxMGrYFHFeiDvJrQYMzwDTJpa
JFArhbJz04CSZVl9gkzpcVgt575DhJG38I3y3+2pXCmxLkF1lEIuaw9SfRECAwEA
ATANBgkqhkiG9w0BAQsFAAOBgQBYqTVPhIlBfK5bNUw+UtiPtuMZfu7VtfZP4Kkn
bo8gmWY23cPsNMbQ78t5duhMLBV6mgtLzJXcSCIF11asH0dw8wYSX0x0gANMag0q
vzsk+3wBJwU6/28U/WHBBST08pgqdThUU2pS34QEDP77aA3Lgk1ho4xcnfKbtJOi
j2r1zg==
-----END CERTIFICATE-----

2023-09-14 12:55:23,598 [om-CertificateRenewerService] INFO  security.OMCertificateClient (DefaultCertificateClient.java:updateCertSerialId(1244)) - Certificate serial ID set to 2716831
2023-09-14 12:55:23,599 [om-CertificateRenewerService] INFO  security.OMCertificateClient (DefaultCertificateClient.java:readCertificateFile(237)) - Added certificate   [0]         Version: 3
         SerialNumber: 2696770
             IssuerDN: CN=localhost,OU=test,O=cluster
           Start Date: Thu Sep 14 12:55:00 UTC 2023
           Final Date: Thu Sep 14 12:55:20 UTC 2023
            SubjectDN: CN=localhost,OU=test,O=cluster
           Public Key: RSA Public Key [2e:94:aa:0a:ba:52:d2:b1:0b:5a:cc:bf:89:37:9f:bd:be:15:8f:2a],[56:66:d1:a4]
        modulus: cb0b5072aed225538d36da9306402ddf51f147c2c9d7b2d8c05662bac01035f136b20afef5d9c1e26b826a9343da553c3c415d1a16ef5106105599fa5b1042000f858e24479576636cba0e82e756009e6b3f872f71fc72ef18773ecfd4021926401e7a5c191a4ef4fa82697aa15426f38fe4b65e06123a2290afd5d2706257bfa7706ff733477254d67cde8a75faee08ca825eea2331434e63dd023a6ed6ff3f3555fbcf79856e7493ebd5c917636aaa30e51a935237b84a8e69bd0e70cd4610d791f3312fafd9c4503540334ae18f94ef39e68ea3ee7ec6383f666ff75465237319f007b00e0bbce16cfbd2083c055742dd3d115ab1cde1da45ca5f08310c67
public exponent: 10001

  Signature Algorithm: SHA256WITHRSA
            Signature: 3a360bdc87b0d95e9836d7e070a3987af7559e05
                       0e4c24dc711078de80d4591a040c23f7f5879fea
                       87b7f290ee77d6e7be1389073d84d7ef45a1509d
                       398794786e836b4a9b6fda26ee27844a4241536d
                       3409ea473f25f74fbd10988cdbce60e1240b4c49
                       817e777665b7e8427adcabeec71968c9ad8fb5da
                       b97f2acb40cc62aba185d440528e0ea5b308c018
                       c9ac826da21c0d77786d180633900781a837e461
                       80784472bbeb56f807fd72e64bfc5c4174442707
                       f3d2e98bebae2b558df9d08f6002f9da608a6c16
                       1de5cde1aed5670769018cfab21c24a03a72f1f2
                       1c1761237490fa08899b031f698e9a2ee5d0a072
                       487b61085802389d4c1df600a226edc1
 from file: /tmp/junit3517457561862700736/junit8899427907712888455/om-meta/om/certs/certificate.crt.
2023-09-14 12:55:23,599 [om-CertificateRenewerService] INFO  security.OMCertificateClient (DefaultCertificateClient.java:renewAndStoreKeyAndCertificate(1162)) - Successful renew key and certificate. New certificate 2716831.
2023-09-14 12:55:23,599 [om-CertificateRenewerService] INFO  security.OMCertificateClient (DefaultCertificateClient.java:updateCertSerialId(1244)) - Certificate serial ID set to 2716831
2023-09-14 12:55:23,600 [om-CertificateRenewerService] INFO  security.OMCertificateClient (DefaultCertificateClient.java:readCertificateFile(237)) - Added certificate   [0]         Version: 3
         SerialNumber: 2716831
             IssuerDN: CN=localhost,OU=test,O=cluster
           Start Date: Thu Sep 14 12:55:20 UTC 2023
           Final Date: Thu Sep 14 12:55:40 UTC 2023
            SubjectDN: CN=localhost,OU=test,O=cluster
           Public Key: RSA Public Key [71:c5:5e:14:4b:fd:8c:fe:51:47:ed:b7:a4:80:da:ea:af:ac:b9:53],[56:66:d1:a4]
        modulus: 954a15730cbd95f36ad8eb5a06f58327642668c45970b467d0ba4969e61e0a7051165b11cb544c4e9bcc20fb16c1fb367d55c709043eae9218f4431b8d044f6fc605c4c1ab6051c57a20ef26b418333c034c9a5a24502b85b273d3809265597d824ce971582de7be438491b7f08df2dfeda95c29b12e417594422e6b0f527d11
public exponent: 10001

  Signature Algorithm: SHA256WITHRSA
            Signature: 58a9354f8489417cae5b354c3e52d88fb6e3197e
                       eed5b5f64fe0a9276e8f20996636ddc3ec34c6d0
                       efcb7976e84c2c157a9a0b4bcc95dc482205d756
                       ac1f4770f306125f4c7480034c6a0d2abf3b24fb
                       7c0127053aff6f14fd61c10524f4f2982a753854
                       536a52df84040cfefb680dcb824d61a38c5c9df2
                       9bb493a28f6af5ce
 from file: /tmp/junit3517457561862700736/junit8899427907712888455/om-meta/om/certs/CA-2716831.crt.
2023-09-14 12:55:23,601 [om-CertificateRenewerService] INFO  security.OMCertificateClient (DefaultCertificateClient.java:readCertificateFile(237)) - Added certificate   [0]         Version: 3
         SerialNumber: 2716831
             IssuerDN: CN=localhost,OU=test,O=cluster
           Start Date: Thu Sep 14 12:55:20 UTC 2023
           Final Date: Thu Sep 14 12:55:40 UTC 2023
            SubjectDN: CN=localhost,OU=test,O=cluster
           Public Key: RSA Public Key [71:c5:5e:14:4b:fd:8c:fe:51:47:ed:b7:a4:80:da:ea:af:ac:b9:53],[56:66:d1:a4]
        modulus: 954a15730cbd95f36ad8eb5a06f58327642668c45970b467d0ba4969e61e0a7051165b11cb544c4e9bcc20fb16c1fb367d55c709043eae9218f4431b8d044f6fc605c4c1ab6051c57a20ef26b418333c034c9a5a24502b85b273d3809265597d824ce971582de7be438491b7f08df2dfeda95c29b12e417594422e6b0f527d11
public exponent: 10001

  Signature Algorithm: SHA256WITHRSA
            Signature: 58a9354f8489417cae5b354c3e52d88fb6e3197e
                       eed5b5f64fe0a9276e8f20996636ddc3ec34c6d0
                       efcb7976e84c2c157a9a0b4bcc95dc482205d756
                       ac1f4770f306125f4c7480034c6a0d2abf3b24fb
                       7c0127053aff6f14fd61c10524f4f2982a753854
                       536a52df84040cfefb680dcb824d61a38c5c9df2
                       9bb493a28f6af5ce
 from file: /tmp/junit3517457561862700736/junit8899427907712888455/om-meta/om/certs/2716831.crt.
2023-09-14 12:55:23,601 [om-CertificateRenewerService] INFO  security.OMCertificateClient (DefaultCertificateClient.java:reloadKeyAndCertificate(1232)) - Reset and reloaded key and all certificates for new certificate 2716831.
2023-09-14 12:55:24,588 [Time-limited test] INFO  impl.DefaultInternalKdcServerImpl (DefaultInternalKdcServerImpl.java:doStop(102)) - Default Internal kdc server stopped.
2023-09-14 12:55:25,588 [Time-limited test] INFO  minikdc.MiniKdc (MiniKdc.java:stop(359)) - MiniKdc stopped.
]]></system-out>
  </testcase>
  <testcase name="testSecureOMInitializationFailure" classname="org.apache.hadoop.ozone.TestSecureOzoneCluster" time="4.291">
    <system-out><![CDATA[2023-09-14 12:55:25,606 [Time-limited test] INFO  net.ServerSocketUtil (ServerSocketUtil.java:getPort(55)) - Using port 9860
2023-09-14 12:55:25,606 [Time-limited test] INFO  net.ServerSocketUtil (ServerSocketUtil.java:getPort(55)) - Using port 9861
2023-09-14 12:55:25,606 [Time-limited test] INFO  net.ServerSocketUtil (ServerSocketUtil.java:getPort(55)) - Using port 9863
2023-09-14 12:55:25,606 [Time-limited test] INFO  net.ServerSocketUtil (ServerSocketUtil.java:getPort(55)) - Using port 9961
2023-09-14 12:55:25,606 [Time-limited test] INFO  net.ServerSocketUtil (ServerSocketUtil.java:getPort(55)) - Using port 1200
2023-09-14 12:55:25,606 [Time-limited test] INFO  net.ServerSocketUtil (ServerSocketUtil.java:getPort(55)) - Using port 1201
2023-09-14 12:55:25,607 [Time-limited test] INFO  minikdc.MiniKdc (MiniKdc.java:<init>(225)) - Configuration:
2023-09-14 12:55:25,607 [Time-limited test] INFO  minikdc.MiniKdc (MiniKdc.java:<init>(226)) - ---------------------------------------------------------------
2023-09-14 12:55:25,607 [Time-limited test] INFO  minikdc.MiniKdc (MiniKdc.java:<init>(228)) -   debug: false
2023-09-14 12:55:25,607 [Time-limited test] INFO  minikdc.MiniKdc (MiniKdc.java:<init>(228)) -   transport: TCP
2023-09-14 12:55:25,607 [Time-limited test] INFO  minikdc.MiniKdc (MiniKdc.java:<init>(228)) -   max.ticket.lifetime: 86400000
2023-09-14 12:55:25,607 [Time-limited test] INFO  minikdc.MiniKdc (MiniKdc.java:<init>(228)) -   org.name: EXAMPLE
2023-09-14 12:55:25,607 [Time-limited test] INFO  minikdc.MiniKdc (MiniKdc.java:<init>(228)) -   kdc.port: 0
2023-09-14 12:55:25,607 [Time-limited test] INFO  minikdc.MiniKdc (MiniKdc.java:<init>(228)) -   org.domain: COM
2023-09-14 12:55:25,607 [Time-limited test] INFO  minikdc.MiniKdc (MiniKdc.java:<init>(228)) -   max.renewable.lifetime: 604800000
2023-09-14 12:55:25,607 [Time-limited test] INFO  minikdc.MiniKdc (MiniKdc.java:<init>(228)) -   instance: DefaultKrbServer
2023-09-14 12:55:25,607 [Time-limited test] INFO  minikdc.MiniKdc (MiniKdc.java:<init>(228)) -   kdc.bind.address: localhost
2023-09-14 12:55:25,607 [Time-limited test] INFO  minikdc.MiniKdc (MiniKdc.java:<init>(230)) - ---------------------------------------------------------------
2023-09-14 12:55:25,609 [Time-limited test] INFO  minikdc.MiniKdc (MiniKdc.java:start(285)) - MiniKdc started.
2023-09-14 12:55:26,020 [Time-limited test] INFO  om.OzoneManager (OzoneManager.java:getOmDetailsProto(4573)) - OzoneManager ports added:[name: "RPC"
value: 1202
]
2023-09-14 12:55:26,020 [Time-limited test] WARN  server.ServerUtils (ServerUtils.java:getScmDbDir(155)) - ozone.scm.db.dirs is not configured. We recommend adding this setting. Falling back to ozone.metadata.dirs instead.
2023-09-14 12:55:26,021 [Time-limited test] INFO  ha.HASecurityUtils (HASecurityUtils.java:initializeSecurity(98)) - Initializing secure StorageContainerManager.
2023-09-14 12:55:26,022 [Time-limited test] INFO  client.SCMCertificateClient (DefaultCertificateClient.java:updateCertSerialId(1244)) - Certificate serial ID set to null
2023-09-14 12:55:26,022 [Time-limited test] ERROR client.SCMCertificateClient (DefaultCertificateClient.java:getCertPath(362)) - Default certificate serial id is not set. Can't locate the default certificate for this client.
2023-09-14 12:55:26,022 [Time-limited test] INFO  client.SCMCertificateClient (DefaultCertificateClient.java:init(715)) - Certificate client init case: 0
2023-09-14 12:55:26,022 [Time-limited test] INFO  client.SCMCertificateClient (SCMCertificateClient.java:handleCase(103)) - Creating keypair for client as keypair and certificate not found.
2023-09-14 12:55:26,515 [Time-limited test] INFO  ha.HASecurityUtils (HASecurityUtils.java:initializeSecurity(108)) - Init response: GETCERT
2023-09-14 12:55:26,726 [Time-limited test] INFO  ozone.OzoneSecurityUtil (OzoneSecurityUtil.java:getValidInetsForCurrentHost(119)) - ip:fe80:0:0:0:20d:3aff:fea7:6146%eth0 not returned.
2023-09-14 12:55:26,726 [Time-limited test] INFO  ozone.OzoneSecurityUtil (OzoneSecurityUtil.java:getValidInetsForCurrentHost(116)) - Adding ip:10.1.0.236,host:fv-az187-373.4biwkquksivelc4kanrnlgeoof.gx.internal.cloudapp.net
2023-09-14 12:55:26,726 [Time-limited test] INFO  ozone.OzoneSecurityUtil (OzoneSecurityUtil.java:getValidInetsForCurrentHost(119)) - ip:0:0:0:0:0:0:0:1%lo not returned.
2023-09-14 12:55:26,726 [Time-limited test] INFO  ozone.OzoneSecurityUtil (OzoneSecurityUtil.java:getValidInetsForCurrentHost(119)) - ip:127.0.0.1 not returned.
2023-09-14 12:55:26,728 [Time-limited test] INFO  utils.SelfSignedCertificate (SelfSignedCertificate.java:generateCertificate(157)) - Certificate 1 is issued by CN=scm-1@fv-az187-373,OU=9929baa8-c67c-4248-816a-f44184a63ea3,O=392a2f82-94b7-41a3-8373-97e48dadd989 to CN=scm-1@fv-az187-373,OU=9929baa8-c67c-4248-816a-f44184a63ea3,O=392a2f82-94b7-41a3-8373-97e48dadd989, valid from Thu Sep 14 12:55:26 UTC 2023 to Sun Oct 22 12:55:26 UTC 2028
2023-09-14 12:55:26,730 [Time-limited test] INFO  utils.CertificateCodec (CertificateCodec.java:writeCertificate(299)) - Save certificate to /tmp/junit9038326670277744169/junit6863897098489901664/scm-meta/scm/ca/certs/certificate.crt
2023-09-14 12:55:26,730 [Time-limited test] INFO  utils.CertificateCodec (CertificateCodec.java:writeCertificate(300)) - Certificate -----BEGIN CERTIFICATE-----
MIID5zCCAs+gAwIBAgIBATANBgkqhkiG9w0BAQsFADB7MRswGQYDVQQDDBJzY20t
MUBmdi1hejE4Ny0zNzMxLTArBgNVBAsMJDk5MjliYWE4LWM2N2MtNDI0OC04MTZh
LWY0NDE4NGE2M2VhMzEtMCsGA1UECgwkMzkyYTJmODItOTRiNy00MWEzLTgzNzMt
OTdlNDhkYWRkOTg5MB4XDTIzMDkxNDEyNTUyNloXDTI4MTAyMjEyNTUyNlowezEb
MBkGA1UEAwwSc2NtLTFAZnYtYXoxODctMzczMS0wKwYDVQQLDCQ5OTI5YmFhOC1j
NjdjLTQyNDgtODE2YS1mNDQxODRhNjNlYTMxLTArBgNVBAoMJDM5MmEyZjgyLTk0
YjctNDFhMy04MzczLTk3ZTQ4ZGFkZDk4OTCCASIwDQYJKoZIhvcNAQEBBQADggEP
ADCCAQoCggEBALy5mp0D3+r4bS58HOrd1L5HHAq+ScuNS13Z86FkiczQ0Es2C3US
+R4Rc1lA8ZguN5SxrkvHQePeQDwjC/hpmWjoF7y1JKnCyCD+6lywnfhp6aBwBpkF
YYnOY5oRJXTAt9CG/m9tzBBhGepg5CCdPWYaM4HqGwXLRilYIwVTewwpx2264uqa
3h24sF/BxwwJFHWJnmksUjSmACst8khBxgG0L3ZvLAznlsYo3tOmC/RqbrA0vKhg
NLT4BZXkNLK2H+wS0A9ylDCUsJYHJiUnN0n8QzA5Rjdn9et1LRd57uXLnhhbZMK/
mIda9aQmMOQx+liAzYb+spLMMeWAXk+cCHUCAwEAAaN2MHQwDwYDVR0TAQH/BAUw
AwEB/zAOBgNVHQ8BAf8EBAMCAQYwUQYDVR0RBEowSIcECgEA7IJAZnYtYXoxODct
MzczLjRiaXdrcXVrc2l2ZWxjNGthbnJubGdlb29mLmd4LmludGVybmFsLmNsb3Vk
YXBwLm5ldDANBgkqhkiG9w0BAQsFAAOCAQEADubb6+AqXll7C8W99idi2knylyDu
xibdmkqq78AE+IMd7HCBsv6XQpEYLap/hThqSU70p+0Z//6YOE880whnD0X+wopR
U9TtmlSiAuZw9Q81UAm0X/IcXYjNfAI8h7Af1t0TgDlhFZM6WU7wfg7KjPYhKcUQ
9hF0oDsbX77k5vzul51fgL3Z+Y9N3ufLGHXEjxMy3+kTTtsoYbG0W4bKjZ7cOowU
3oJYuHUCUm9poFs4qk30ub4lCcNvH505R0y8P8Xrzy4o8byPDllYqbLZImJKwmvZ
4OMGzhkpW/QU2RJnnoCtWPrWbO7tXXGuKtjo3HJaPwzyJeRPYdtxjoeZeA==
-----END CERTIFICATE-----

2023-09-14 12:55:26,730 [Time-limited test] INFO  client.SCMCertificateClient (SCMCertificateClient.java:getCSRBuilder(165)) - Creating csr for SCM->hostName:fv-az187-373,scmId:9929baa8-c67c-4248-816a-f44184a63ea3,clusterId:392a2f82-94b7-41a3-8373-97e48dadd989,subject:scm-sub-2722977843706@fv-az187-373
2023-09-14 12:55:26,730 [Time-limited test] INFO  ozone.OzoneSecurityUtil (OzoneSecurityUtil.java:getValidInetsForCurrentHost(119)) - ip:fe80:0:0:0:20d:3aff:fea7:6146%eth0 not returned.
2023-09-14 12:55:26,731 [Time-limited test] INFO  ozone.OzoneSecurityUtil (OzoneSecurityUtil.java:getValidInetsForCurrentHost(116)) - Adding ip:10.1.0.236,host:fv-az187-373.4biwkquksivelc4kanrnlgeoof.gx.internal.cloudapp.net
2023-09-14 12:55:26,731 [Time-limited test] INFO  ozone.OzoneSecurityUtil (OzoneSecurityUtil.java:getValidInetsForCurrentHost(119)) - ip:0:0:0:0:0:0:0:1%lo not returned.
2023-09-14 12:55:26,731 [Time-limited test] INFO  ozone.OzoneSecurityUtil (OzoneSecurityUtil.java:getValidInetsForCurrentHost(119)) - ip:127.0.0.1 not returned.
2023-09-14 12:55:26,731 [Time-limited test] INFO  ha.HASecurityUtils (HASecurityUtils.java:generateCSR(308)) - Creating csr for SCM->hostName:fv-az187-373,scmId:9929baa8-c67c-4248-816a-f44184a63ea3,clusterId:392a2f82-94b7-41a3-8373-97e48dadd989,subject:scm-sub-2722978424818@fv-az187-373
2023-09-14 12:55:26,734 [Time-limited test] INFO  authority.DefaultApprover (DefaultApprover.java:sign(154)) - Extensions in CSR: 2.5.29.19, 2.5.29.15, 2.5.29.17
2023-09-14 12:55:26,734 [Time-limited test] INFO  authority.DefaultApprover (DefaultApprover.java:sign(158)) - Extensions to add to the certificate if they present in CSR: 2.5.29.17, 2.5.29.19, 1.3.6.1.5.5.7.1.12, 2.5.29.35, 2.5.29.37, 2.5.29.15
2023-09-14 12:55:26,737 [Time-limited test] INFO  utils.CertificateCodec (CertificateCodec.java:writeCertificate(299)) - Save certificate to /tmp/junit9038326670277744169/junit6863897098489901664/scm-meta/scm/sub-ca/certs/CA-1.crt
2023-09-14 12:55:26,737 [Time-limited test] INFO  utils.CertificateCodec (CertificateCodec.java:writeCertificate(300)) - Certificate -----BEGIN CERTIFICATE-----
MIID5zCCAs+gAwIBAgIBATANBgkqhkiG9w0BAQsFADB7MRswGQYDVQQDDBJzY20t
MUBmdi1hejE4Ny0zNzMxLTArBgNVBAsMJDk5MjliYWE4LWM2N2MtNDI0OC04MTZh
LWY0NDE4NGE2M2VhMzEtMCsGA1UECgwkMzkyYTJmODItOTRiNy00MWEzLTgzNzMt
OTdlNDhkYWRkOTg5MB4XDTIzMDkxNDEyNTUyNloXDTI4MTAyMjEyNTUyNlowezEb
MBkGA1UEAwwSc2NtLTFAZnYtYXoxODctMzczMS0wKwYDVQQLDCQ5OTI5YmFhOC1j
NjdjLTQyNDgtODE2YS1mNDQxODRhNjNlYTMxLTArBgNVBAoMJDM5MmEyZjgyLTk0
YjctNDFhMy04MzczLTk3ZTQ4ZGFkZDk4OTCCASIwDQYJKoZIhvcNAQEBBQADggEP
ADCCAQoCggEBALy5mp0D3+r4bS58HOrd1L5HHAq+ScuNS13Z86FkiczQ0Es2C3US
+R4Rc1lA8ZguN5SxrkvHQePeQDwjC/hpmWjoF7y1JKnCyCD+6lywnfhp6aBwBpkF
YYnOY5oRJXTAt9CG/m9tzBBhGepg5CCdPWYaM4HqGwXLRilYIwVTewwpx2264uqa
3h24sF/BxwwJFHWJnmksUjSmACst8khBxgG0L3ZvLAznlsYo3tOmC/RqbrA0vKhg
NLT4BZXkNLK2H+wS0A9ylDCUsJYHJiUnN0n8QzA5Rjdn9et1LRd57uXLnhhbZMK/
mIda9aQmMOQx+liAzYb+spLMMeWAXk+cCHUCAwEAAaN2MHQwDwYDVR0TAQH/BAUw
AwEB/zAOBgNVHQ8BAf8EBAMCAQYwUQYDVR0RBEowSIcECgEA7IJAZnYtYXoxODct
MzczLjRiaXdrcXVrc2l2ZWxjNGthbnJubGdlb29mLmd4LmludGVybmFsLmNsb3Vk
YXBwLm5ldDANBgkqhkiG9w0BAQsFAAOCAQEADubb6+AqXll7C8W99idi2knylyDu
xibdmkqq78AE+IMd7HCBsv6XQpEYLap/hThqSU70p+0Z//6YOE880whnD0X+wopR
U9TtmlSiAuZw9Q81UAm0X/IcXYjNfAI8h7Af1t0TgDlhFZM6WU7wfg7KjPYhKcUQ
9hF0oDsbX77k5vzul51fgL3Z+Y9N3ufLGHXEjxMy3+kTTtsoYbG0W4bKjZ7cOowU
3oJYuHUCUm9poFs4qk30ub4lCcNvH505R0y8P8Xrzy4o8byPDllYqbLZImJKwmvZ
4OMGzhkpW/QU2RJnnoCtWPrWbO7tXXGuKtjo3HJaPwzyJeRPYdtxjoeZeA==
-----END CERTIFICATE-----

2023-09-14 12:55:26,738 [Time-limited test] INFO  utils.CertificateCodec (CertificateCodec.java:writeCertificate(299)) - Save certificate to /tmp/junit9038326670277744169/junit6863897098489901664/scm-meta/scm/sub-ca/certs/2722981539383.crt
2023-09-14 12:55:26,738 [Time-limited test] INFO  utils.CertificateCodec (CertificateCodec.java:writeCertificate(300)) - Certificate -----BEGIN CERTIFICATE-----
MIID/TCCAuWgAwIBAgIGAnn+WO43MA0GCSqGSIb3DQEBCwUAMHsxGzAZBgNVBAMM
EnNjbS0xQGZ2LWF6MTg3LTM3MzEtMCsGA1UECwwkOTkyOWJhYTgtYzY3Yy00MjQ4
LTgxNmEtZjQ0MTg0YTYzZWEzMS0wKwYDVQQKDCQzOTJhMmY4Mi05NGI3LTQxYTMt
ODM3My05N2U0OGRhZGQ5ODkwHhcNMjMwOTE0MTI1NTI2WhcNMjgxMDIyMTI1NTI2
WjCBizErMCkGA1UEAwwic2NtLXN1Yi0yNzIyOTc4NDI0ODE4QGZ2LWF6MTg3LTM3
MzEtMCsGA1UECwwkOTkyOWJhYTgtYzY3Yy00MjQ4LTgxNmEtZjQ0MTg0YTYzZWEz
MS0wKwYDVQQKDCQzOTJhMmY4Mi05NGI3LTQxYTMtODM3My05N2U0OGRhZGQ5ODkw
ggEiMA0GCSqGSIb3DQEBAQUAA4IBDwAwggEKAoIBAQDYYw8g6Smbcw9fqPM4eF2J
COUR4W+oEvim0LK97m2pLhT22UaAM8jwWBukPQoBRaIAFHJUeUXTDpncF/iW8zjC
gZuhLcgU6RMYlPIZJUC9tUQVqslbSURh8q6XYS5cd/fxBTTS60MavJi5xkuWTmeE
S51CPMq3XOQwyphtiG+EuJfLkh1sdcA9zbLYFMDfVShEhwCzByzkNVAE+xteASHs
C5nBeYtuW68CNEhknbbQdxZJINkLUPT/wbjR6VnuCLvc3dmuMoKph2RnC4cLcte7
BlzeVSIXTIUVKvPDLb0o2B+8yl6acH/nUAgnkrIJCCzzqjWhlRLEmgIW1jjGf7fl
AgMBAAGjdjB0MFEGA1UdEQRKMEiHBAoBAOyCQGZ2LWF6MTg3LTM3My40Yml3a3F1
a3NpdmVsYzRrYW5ybmxnZW9vZi5neC5pbnRlcm5hbC5jbG91ZGFwcC5uZXQwDwYD
VR0TAQH/BAUwAwEB/zAOBgNVHQ8BAf8EBAMCAb4wDQYJKoZIhvcNAQELBQADggEB
ABYNQsX5gsm5wBgLiPdf+BHmRDInlyLC4TxBeHHZTAQksJvWQHU1WCVefCoEmWWv
4hS3FSFSlluMSWzmJ7QBkbQeyUIuKF3pGwB2k30zbW8I96r9LdSXx+U7X0z+jf+e
GC9FYR9Gd/IJCa8QDcYx1aMnJFxfXtVl5GrB0kOH0MwjW77hC9AsAoadmqVw4qfO
vFMnzEP/9y3DCpGKWDe6mC50gQ5xSEDaPqiaq7wZI4ilpxB+KH09BcqmbfGHIeC3
gx6S3abnb3s1MtrZ2WhAzkoG942PZx9BBg5bvTDKrlXfiJW3U0Ba0gFn6dESAn7H
o3Dxsop7E6fBIUZjv888DhI=
-----END CERTIFICATE-----

-----BEGIN CERTIFICATE-----
MIID5zCCAs+gAwIBAgIBATANBgkqhkiG9w0BAQsFADB7MRswGQYDVQQDDBJzY20t
MUBmdi1hejE4Ny0zNzMxLTArBgNVBAsMJDk5MjliYWE4LWM2N2MtNDI0OC04MTZh
LWY0NDE4NGE2M2VhMzEtMCsGA1UECgwkMzkyYTJmODItOTRiNy00MWEzLTgzNzMt
OTdlNDhkYWRkOTg5MB4XDTIzMDkxNDEyNTUyNloXDTI4MTAyMjEyNTUyNlowezEb
MBkGA1UEAwwSc2NtLTFAZnYtYXoxODctMzczMS0wKwYDVQQLDCQ5OTI5YmFhOC1j
NjdjLTQyNDgtODE2YS1mNDQxODRhNjNlYTMxLTArBgNVBAoMJDM5MmEyZjgyLTk0
YjctNDFhMy04MzczLTk3ZTQ4ZGFkZDk4OTCCASIwDQYJKoZIhvcNAQEBBQADggEP
ADCCAQoCggEBALy5mp0D3+r4bS58HOrd1L5HHAq+ScuNS13Z86FkiczQ0Es2C3US
+R4Rc1lA8ZguN5SxrkvHQePeQDwjC/hpmWjoF7y1JKnCyCD+6lywnfhp6aBwBpkF
YYnOY5oRJXTAt9CG/m9tzBBhGepg5CCdPWYaM4HqGwXLRilYIwVTewwpx2264uqa
3h24sF/BxwwJFHWJnmksUjSmACst8khBxgG0L3ZvLAznlsYo3tOmC/RqbrA0vKhg
NLT4BZXkNLK2H+wS0A9ylDCUsJYHJiUnN0n8QzA5Rjdn9et1LRd57uXLnhhbZMK/
mIda9aQmMOQx+liAzYb+spLMMeWAXk+cCHUCAwEAAaN2MHQwDwYDVR0TAQH/BAUw
AwEB/zAOBgNVHQ8BAf8EBAMCAQYwUQYDVR0RBEowSIcECgEA7IJAZnYtYXoxODct
MzczLjRiaXdrcXVrc2l2ZWxjNGthbnJubGdlb29mLmd4LmludGVybmFsLmNsb3Vk
YXBwLm5ldDANBgkqhkiG9w0BAQsFAAOCAQEADubb6+AqXll7C8W99idi2knylyDu
xibdmkqq78AE+IMd7HCBsv6XQpEYLap/hThqSU70p+0Z//6YOE880whnD0X+wopR
U9TtmlSiAuZw9Q81UAm0X/IcXYjNfAI8h7Af1t0TgDlhFZM6WU7wfg7KjPYhKcUQ
9hF0oDsbX77k5vzul51fgL3Z+Y9N3ufLGHXEjxMy3+kTTtsoYbG0W4bKjZ7cOowU
3oJYuHUCUm9poFs4qk30ub4lCcNvH505R0y8P8Xrzy4o8byPDllYqbLZImJKwmvZ
4OMGzhkpW/QU2RJnnoCtWPrWbO7tXXGuKtjo3HJaPwzyJeRPYdtxjoeZeA==
-----END CERTIFICATE-----

2023-09-14 12:55:26,738 [Time-limited test] INFO  utils.CertificateCodec (CertificateCodec.java:writeCertificate(299)) - Save certificate to /tmp/junit9038326670277744169/junit6863897098489901664/scm-meta/scm/sub-ca/certs/certificate.crt
2023-09-14 12:55:26,738 [Time-limited test] INFO  utils.CertificateCodec (CertificateCodec.java:writeCertificate(300)) - Certificate -----BEGIN CERTIFICATE-----
MIID/TCCAuWgAwIBAgIGAnn+WO43MA0GCSqGSIb3DQEBCwUAMHsxGzAZBgNVBAMM
EnNjbS0xQGZ2LWF6MTg3LTM3MzEtMCsGA1UECwwkOTkyOWJhYTgtYzY3Yy00MjQ4
LTgxNmEtZjQ0MTg0YTYzZWEzMS0wKwYDVQQKDCQzOTJhMmY4Mi05NGI3LTQxYTMt
ODM3My05N2U0OGRhZGQ5ODkwHhcNMjMwOTE0MTI1NTI2WhcNMjgxMDIyMTI1NTI2
WjCBizErMCkGA1UEAwwic2NtLXN1Yi0yNzIyOTc4NDI0ODE4QGZ2LWF6MTg3LTM3
MzEtMCsGA1UECwwkOTkyOWJhYTgtYzY3Yy00MjQ4LTgxNmEtZjQ0MTg0YTYzZWEz
MS0wKwYDVQQKDCQzOTJhMmY4Mi05NGI3LTQxYTMtODM3My05N2U0OGRhZGQ5ODkw
ggEiMA0GCSqGSIb3DQEBAQUAA4IBDwAwggEKAoIBAQDYYw8g6Smbcw9fqPM4eF2J
COUR4W+oEvim0LK97m2pLhT22UaAM8jwWBukPQoBRaIAFHJUeUXTDpncF/iW8zjC
gZuhLcgU6RMYlPIZJUC9tUQVqslbSURh8q6XYS5cd/fxBTTS60MavJi5xkuWTmeE
S51CPMq3XOQwyphtiG+EuJfLkh1sdcA9zbLYFMDfVShEhwCzByzkNVAE+xteASHs
C5nBeYtuW68CNEhknbbQdxZJINkLUPT/wbjR6VnuCLvc3dmuMoKph2RnC4cLcte7
BlzeVSIXTIUVKvPDLb0o2B+8yl6acH/nUAgnkrIJCCzzqjWhlRLEmgIW1jjGf7fl
AgMBAAGjdjB0MFEGA1UdEQRKMEiHBAoBAOyCQGZ2LWF6MTg3LTM3My40Yml3a3F1
a3NpdmVsYzRrYW5ybmxnZW9vZi5neC5pbnRlcm5hbC5jbG91ZGFwcC5uZXQwDwYD
VR0TAQH/BAUwAwEB/zAOBgNVHQ8BAf8EBAMCAb4wDQYJKoZIhvcNAQELBQADggEB
ABYNQsX5gsm5wBgLiPdf+BHmRDInlyLC4TxBeHHZTAQksJvWQHU1WCVefCoEmWWv
4hS3FSFSlluMSWzmJ7QBkbQeyUIuKF3pGwB2k30zbW8I96r9LdSXx+U7X0z+jf+e
GC9FYR9Gd/IJCa8QDcYx1aMnJFxfXtVl5GrB0kOH0MwjW77hC9AsAoadmqVw4qfO
vFMnzEP/9y3DCpGKWDe6mC50gQ5xSEDaPqiaq7wZI4ilpxB+KH09BcqmbfGHIeC3
gx6S3abnb3s1MtrZ2WhAzkoG942PZx9BBg5bvTDKrlXfiJW3U0Ba0gFn6dESAn7H
o3Dxsop7E6fBIUZjv888DhI=
-----END CERTIFICATE-----

-----BEGIN CERTIFICATE-----
MIID5zCCAs+gAwIBAgIBATANBgkqhkiG9w0BAQsFADB7MRswGQYDVQQDDBJzY20t
MUBmdi1hejE4Ny0zNzMxLTArBgNVBAsMJDk5MjliYWE4LWM2N2MtNDI0OC04MTZh
LWY0NDE4NGE2M2VhMzEtMCsGA1UECgwkMzkyYTJmODItOTRiNy00MWEzLTgzNzMt
OTdlNDhkYWRkOTg5MB4XDTIzMDkxNDEyNTUyNloXDTI4MTAyMjEyNTUyNlowezEb
MBkGA1UEAwwSc2NtLTFAZnYtYXoxODctMzczMS0wKwYDVQQLDCQ5OTI5YmFhOC1j
NjdjLTQyNDgtODE2YS1mNDQxODRhNjNlYTMxLTArBgNVBAoMJDM5MmEyZjgyLTk0
YjctNDFhMy04MzczLTk3ZTQ4ZGFkZDk4OTCCASIwDQYJKoZIhvcNAQEBBQADggEP
ADCCAQoCggEBALy5mp0D3+r4bS58HOrd1L5HHAq+ScuNS13Z86FkiczQ0Es2C3US
+R4Rc1lA8ZguN5SxrkvHQePeQDwjC/hpmWjoF7y1JKnCyCD+6lywnfhp6aBwBpkF
YYnOY5oRJXTAt9CG/m9tzBBhGepg5CCdPWYaM4HqGwXLRilYIwVTewwpx2264uqa
3h24sF/BxwwJFHWJnmksUjSmACst8khBxgG0L3ZvLAznlsYo3tOmC/RqbrA0vKhg
NLT4BZXkNLK2H+wS0A9ylDCUsJYHJiUnN0n8QzA5Rjdn9et1LRd57uXLnhhbZMK/
mIda9aQmMOQx+liAzYb+spLMMeWAXk+cCHUCAwEAAaN2MHQwDwYDVR0TAQH/BAUw
AwEB/zAOBgNVHQ8BAf8EBAMCAQYwUQYDVR0RBEowSIcECgEA7IJAZnYtYXoxODct
MzczLjRiaXdrcXVrc2l2ZWxjNGthbnJubGdlb29mLmd4LmludGVybmFsLmNsb3Vk
YXBwLm5ldDANBgkqhkiG9w0BAQsFAAOCAQEADubb6+AqXll7C8W99idi2knylyDu
xibdmkqq78AE+IMd7HCBsv6XQpEYLap/hThqSU70p+0Z//6YOE880whnD0X+wopR
U9TtmlSiAuZw9Q81UAm0X/IcXYjNfAI8h7Af1t0TgDlhFZM6WU7wfg7KjPYhKcUQ
9hF0oDsbX77k5vzul51fgL3Z+Y9N3ufLGHXEjxMy3+kTTtsoYbG0W4bKjZ7cOowU
3oJYuHUCUm9poFs4qk30ub4lCcNvH505R0y8P8Xrzy4o8byPDllYqbLZImJKwmvZ
4OMGzhkpW/QU2RJnnoCtWPrWbO7tXXGuKtjo3HJaPwzyJeRPYdtxjoeZeA==
-----END CERTIFICATE-----

2023-09-14 12:55:26,738 [Time-limited test] INFO  ha.HASecurityUtils (HASecurityUtils.java:initializeSecurity(121)) - Successfully stored SCM signed certificate.
2023-09-14 12:55:26,740 [Time-limited test] WARN  server.ServerUtils (ServerUtils.java:getScmDbDir(155)) - ozone.scm.db.dirs is not configured. We recommend adding this setting. Falling back to ozone.metadata.dirs instead.
2023-09-14 12:55:26,740 [Time-limited test] INFO  ha.SCMHANodeDetails (SCMHANodeDetails.java:loadSCMHAConfig(210)) - ServiceID for StorageContainerManager is null
2023-09-14 12:55:26,740 [Time-limited test] INFO  ha.SCMHANodeDetails (SCMHANodeDetails.java:loadSCMHAConfig(215)) - ozone.scm.default.service.id is not defined, falling back to ozone.scm.service.ids to find serviceID for StorageContainerManager if it is HA enabled cluster
2023-09-14 12:55:26,744 [pool-456-thread-1] INFO  request.KdcRequest (KdcRequest.java:preauth(651)) - The preauth data is empty.
2023-09-14 12:55:26,744 [pool-456-thread-1] INFO  server.KdcHandler (KdcHandler.java:handleRecoverableException(177)) - KRB error occurred while processing request:Additional pre-authentication required
2023-09-14 12:55:26,748 [pool-456-thread-1] INFO  request.AsRequest (AsRequest.java:issueTicket(112)) - AS_REQ ISSUE: authtime 1694696126747,scm/fv-az187-373.4biwkquksivelc4kanrnlgeoof.gx.internal.cloudapp.net@EXAMPLE.COM for krbtgt/EXAMPLE.COM@EXAMPLE.COM
2023-09-14 12:55:26,749 [Time-limited test] INFO  security.UserGroupInformation (UserGroupInformation.java:loginUserFromKeytab(1132)) - Login successful for user scm/fv-az187-373.4biwkquksivelc4kanrnlgeoof.gx.internal.cloudapp.net@EXAMPLE.COM using keytab file scm.keytab. Keytab auto renewal enabled : false
2023-09-14 12:55:26,749 [Time-limited test] INFO  server.StorageContainerManager (StorageContainerManager.java:loginAsSCMUserIfSecurityEnabled(1042)) - SCM login successful.
2023-09-14 12:55:26,750 [Time-limited test] INFO  client.SCMCertificateClient (DefaultCertificateClient.java:updateCertSerialId(1244)) - Certificate serial ID set to 2722981539383
2023-09-14 12:55:26,751 [Time-limited test] INFO  client.SCMCertificateClient (DefaultCertificateClient.java:readCertificateFile(237)) - Added certificate   [0]         Version: 3
         SerialNumber: 2722981539383
             IssuerDN: CN=scm-1@fv-az187-373,OU=9929baa8-c67c-4248-816a-f44184a63ea3,O=392a2f82-94b7-41a3-8373-97e48dadd989
           Start Date: Thu Sep 14 12:55:26 UTC 2023
           Final Date: Sun Oct 22 12:55:26 UTC 2028
            SubjectDN: CN=scm-sub-2722978424818@fv-az187-373,OU=9929baa8-c67c-4248-816a-f44184a63ea3,O=392a2f82-94b7-41a3-8373-97e48dadd989
           Public Key: RSA Public Key [fd:d1:5f:a3:95:54:d5:76:f0:23:41:59:f1:4c:0e:a2:23:07:b5:ab],[56:66:d1:a4]
        modulus: d8630f20e9299b730f5fa8f338785d8908e511e16fa812f8a6d0b2bdee6da92e14f6d9468033c8f0581ba43d0a0145a2001472547945d30e99dc17f896f338c2819ba12dc814e9131894f2192540bdb54415aac95b494461f2ae97612e5c77f7f10534d2eb431abc98b9c64b964e67844b9d423ccab75ce430ca986d886f84b897cb921d6c75c03dcdb2d814c0df5528448700b3072ce4355004fb1b5e0121ec0b99c1798b6e5baf023448649db6d077164920d90b50f4ffc1b8d1e959ee08bbdcddd9ae3282a98764670b870b72d7bb065cde5522174c85152af3c32dbd28d81fbcca5e9a707fe750082792b209082cf3aa35a19512c49a0216d638c67fb7e5
public exponent: 10001

  Signature Algorithm: SHA256WITHRSA
            Signature: 160d42c5f982c9b9c0180b88f75ff811e6443227
                       9722c2e13c417871d94c0424b09bd64075355825
                       5e7c2a049965afe214b7152152965b8c496ce627
                       b40191b41ec9422e285de91b0076937d336d6f08
                       f7aafd2dd497c7e53b5f4cfe8dff9e182f45611f
                       4677f20909af100dc631d5a327245c5f5ed565e4
                       6ac1d24387d0cc235bbee10bd02c02869d9aa570
                       e2a7cebc5327cc43fff72dc30a918a5837ba982e
                       74810e714840da3ea89aabbc192388a5a7107e28
                       7d3d05caa66df18721e0b7831e92dda6e76f7b35
                       32dad9d96840ce4a06f78d8f671f41060e5bbd30
                       caae55df8895b753405ad20167e9d112027ec7a3
                       70f1b28a7b13a7c1214663bfcf3c0e12
       Extensions: 
                       critical(false) 2.5.29.17 value = Sequence
    Tagged [7] IMPLICIT 
        DER Octet String[4] 
    Tagged [2] IMPLICIT 
        DER Octet String[64] 

                       critical(true) BasicConstraints: isCa(true)
                       critical(true) KeyUsage: 0xbe
 from file: /tmp/junit9038326670277744169/junit6863897098489901664/scm-meta/scm/sub-ca/certs/certificate.crt.
2023-09-14 12:55:26,752 [Time-limited test] INFO  client.SCMCertificateClient (DefaultCertificateClient.java:readCertificateFile(237)) - Added certificate   [0]         Version: 3
         SerialNumber: 2722981539383
             IssuerDN: CN=scm-1@fv-az187-373,OU=9929baa8-c67c-4248-816a-f44184a63ea3,O=392a2f82-94b7-41a3-8373-97e48dadd989
           Start Date: Thu Sep 14 12:55:26 UTC 2023
           Final Date: Sun Oct 22 12:55:26 UTC 2028
            SubjectDN: CN=scm-sub-2722978424818@fv-az187-373,OU=9929baa8-c67c-4248-816a-f44184a63ea3,O=392a2f82-94b7-41a3-8373-97e48dadd989
           Public Key: RSA Public Key [fd:d1:5f:a3:95:54:d5:76:f0:23:41:59:f1:4c:0e:a2:23:07:b5:ab],[56:66:d1:a4]
        modulus: d8630f20e9299b730f5fa8f338785d8908e511e16fa812f8a6d0b2bdee6da92e14f6d9468033c8f0581ba43d0a0145a2001472547945d30e99dc17f896f338c2819ba12dc814e9131894f2192540bdb54415aac95b494461f2ae97612e5c77f7f10534d2eb431abc98b9c64b964e67844b9d423ccab75ce430ca986d886f84b897cb921d6c75c03dcdb2d814c0df5528448700b3072ce4355004fb1b5e0121ec0b99c1798b6e5baf023448649db6d077164920d90b50f4ffc1b8d1e959ee08bbdcddd9ae3282a98764670b870b72d7bb065cde5522174c85152af3c32dbd28d81fbcca5e9a707fe750082792b209082cf3aa35a19512c49a0216d638c67fb7e5
public exponent: 10001

  Signature Algorithm: SHA256WITHRSA
            Signature: 160d42c5f982c9b9c0180b88f75ff811e6443227
                       9722c2e13c417871d94c0424b09bd64075355825
                       5e7c2a049965afe214b7152152965b8c496ce627
                       b40191b41ec9422e285de91b0076937d336d6f08
                       f7aafd2dd497c7e53b5f4cfe8dff9e182f45611f
                       4677f20909af100dc631d5a327245c5f5ed565e4
                       6ac1d24387d0cc235bbee10bd02c02869d9aa570
                       e2a7cebc5327cc43fff72dc30a918a5837ba982e
                       74810e714840da3ea89aabbc192388a5a7107e28
                       7d3d05caa66df18721e0b7831e92dda6e76f7b35
                       32dad9d96840ce4a06f78d8f671f41060e5bbd30
                       caae55df8895b753405ad20167e9d112027ec7a3
                       70f1b28a7b13a7c1214663bfcf3c0e12
       Extensions: 
                       critical(false) 2.5.29.17 value = Sequence
    Tagged [7] IMPLICIT 
        DER Octet String[4] 
    Tagged [2] IMPLICIT 
        DER Octet String[64] 

                       critical(true) BasicConstraints: isCa(true)
                       critical(true) KeyUsage: 0xbe
 from file: /tmp/junit9038326670277744169/junit6863897098489901664/scm-meta/scm/sub-ca/certs/2722981539383.crt.
2023-09-14 12:55:26,753 [Time-limited test] INFO  client.SCMCertificateClient (DefaultCertificateClient.java:readCertificateFile(237)) - Added certificate   [0]         Version: 3
         SerialNumber: 1
             IssuerDN: CN=scm-1@fv-az187-373,OU=9929baa8-c67c-4248-816a-f44184a63ea3,O=392a2f82-94b7-41a3-8373-97e48dadd989
           Start Date: Thu Sep 14 12:55:26 UTC 2023
           Final Date: Sun Oct 22 12:55:26 UTC 2028
            SubjectDN: CN=scm-1@fv-az187-373,OU=9929baa8-c67c-4248-816a-f44184a63ea3,O=392a2f82-94b7-41a3-8373-97e48dadd989
           Public Key: RSA Public Key [da:f2:32:b3:bd:b1:86:7e:6a:ca:b6:5a:3c:d5:a2:5a:99:8a:4a:63],[56:66:d1:a4]
        modulus: bcb99a9d03dfeaf86d2e7c1ceaddd4be471c0abe49cb8d4b5dd9f3a16489ccd0d04b360b7512f91e11735940f1982e3794b1ae4bc741e3de403c230bf8699968e817bcb524a9c2c820feea5cb09df869e9a0700699056189ce639a112574c0b7d086fe6f6dcc106119ea60e4209d3d661a3381ea1b05cb4629582305537b0c29c76dbae2ea9ade1db8b05fc1c70c091475899e692c5234a6002b2df24841c601b42f766f2c0ce796c628ded3a60bf46a6eb034bca86034b4f80595e434b2b61fec12d00f72943094b096072625273749fc433039463767f5eb752d1779eee5cb9e185b64c2bf98875af5a42630e431fa5880cd86feb292cc31e5805e4f9c0875
public exponent: 10001

  Signature Algorithm: SHA256WITHRSA
            Signature: 0ee6dbebe02a5e597b0bc5bdf62762da49f29720
                       eec626dd9a4aaaefc004f8831dec7081b2fe9742
                       91182daa7f85386a494ef4a7ed19fffe98384f3c
                       d308670f45fec28a5153d4ed9a54a202e670f50f
                       355009b45ff21c5d88cd7c023c87b01fd6dd1380
                       396115933a594ef07e0eca8cf62129c510f61174
                       a03b1b5fbee4e6fcee979d5f80bdd9f98f4ddee7
                       cb1875c48f1332dfe9134edb2861b1b45b86ca8d
                       9edc3a8c14de8258b87502526f69a05b38aa4df4
                       b9be2509c36f1f9d39474cbc3fc5ebcf2e28f1bc
                       8f0e5958a9b2d922624ac26bd9e0e306ce19295b
                       f414d912679e80ad58fad66ceeed5d71ae2ad8e8
                       dc725a3f0cf225e44f61db718e879978
       Extensions: 
                       critical(true) BasicConstraints: isCa(true)
                       critical(true) KeyUsage: 0x6
                       critical(false) 2.5.29.17 value = Sequence
    Tagged [7] IMPLICIT 
        DER Octet String[4] 
    Tagged [2] IMPLICIT 
        DER Octet String[64] 

 from file: /tmp/junit9038326670277744169/junit6863897098489901664/scm-meta/scm/sub-ca/certs/CA-1.crt.
2023-09-14 12:55:26,753 [Time-limited test] INFO  client.SCMCertificateClient (DefaultCertificateClient.java:loadAllCertificates(191)) - CertificateRenewerService and root ca rotation polling is disabled for scm/sub-ca
2023-09-14 12:55:26,753 [Time-limited test] WARN  utils.HAUtils (HAUtils.java:getMetaDir(339)) - ozone.scm.db.dirs is not configured. We recommend adding this setting. Falling back to ozone.metadata.dirs instead.
2023-09-14 12:55:26,753 [Time-limited test] WARN  db.DBStoreBuilder (DBStoreBuilder.java:applyDBDefinition(166)) - ozone.scm.db.dirs is not configured. We recommend adding this setting. Falling back to ozone.metadata.dirs instead.
2023-09-14 12:55:26,866 [Time-limited test] INFO  net.NodeSchemaLoader (NodeSchemaLoader.java:loadSchemaFromFile(129)) - Loading schema from [jar:file:/home/runner/.m2/repository/org/apache/ozone/hdds-common/1.4.0-SNAPSHOT/hdds-common-1.4.0-SNAPSHOT.jar!/network-topology-default.xml]
2023-09-14 12:55:26,866 [Time-limited test] INFO  net.NodeSchemaLoader (NodeSchemaLoader.java:loadSchema(176)) - Loading network topology layer schema file
2023-09-14 12:55:26,868 [Time-limited test] INFO  upgrade.AbstractLayoutVersionManager (AbstractLayoutVersionManager.java:init(83)) - Initializing Layout version manager with metadata layout = HADOOP_PRC_PORTS_IN_DATANODEDETAILS (version = 7), software layout = HADOOP_PRC_PORTS_IN_DATANODEDETAILS (version = 7)
2023-09-14 12:55:26,869 [Time-limited test] INFO  ha.SequenceIdGenerator (SequenceIdGenerator.java:upgradeToSequenceId(365)) - upgrade localId to 111677748019200000
2023-09-14 12:55:26,870 [Time-limited test] INFO  ha.SequenceIdGenerator (SequenceIdGenerator.java:upgradeToSequenceId(375)) - upgrade delTxnId to 0
2023-09-14 12:55:26,870 [Time-limited test] INFO  ha.SequenceIdGenerator (SequenceIdGenerator.java:upgradeToSequenceId(392)) - upgrade containerId to 0
2023-09-14 12:55:26,871 [Time-limited test] INFO  ha.SequenceIdGenerator (SequenceIdGenerator.java:upgradeToSequenceId(428)) - upgrade rootCertificateId to 1
2023-09-14 12:55:26,871 [Time-limited test] INFO  ha.SequenceIdGenerator (SequenceIdGenerator.java:<init>(236)) - Init the HA SequenceIdGenerator.
2023-09-14 12:55:26,871 [Time-limited test] INFO  node.SCMNodeManager (SCMNodeManager.java:<init>(157)) - Entering startup safe mode.
2023-09-14 12:55:26,872 [Time-limited test] INFO  algorithms.ContainerPlacementPolicyFactory (ContainerPlacementPolicyFactory.java:getPolicyInternal(86)) - Create container placement policy of type org.apache.hadoop.hdds.scm.container.placement.algorithms.SCMContainerPlacementRackAware
2023-09-14 12:55:26,872 [Time-limited test] INFO  algorithms.ContainerPlacementPolicyFactory (ContainerPlacementPolicyFactory.java:getPolicyInternal(86)) - Create container placement policy of type org.apache.hadoop.hdds.scm.container.placement.algorithms.SCMContainerPlacementRackScatter
2023-09-14 12:55:26,872 [Time-limited test] INFO  pipeline.PipelineStateManagerImpl (PipelineStateManagerImpl.java:initialize(78)) - No pipeline exists in current db
2023-09-14 12:55:26,873 [Time-limited test] INFO  algorithms.LeaderChoosePolicyFactory (LeaderChoosePolicyFactory.java:getPolicy(57)) - Create leader choose policy of type org.apache.hadoop.hdds.scm.pipeline.leader.choose.algorithms.MinLeaderCountChoosePolicy
2023-09-14 12:55:26,873 [Time-limited test] INFO  algorithms.ContainerPlacementPolicyFactory (ContainerPlacementPolicyFactory.java:getPolicyInternal(86)) - Create container placement policy of type org.apache.hadoop.hdds.scm.container.placement.algorithms.SCMContainerPlacementRackScatter
2023-09-14 12:55:26,873 [Time-limited test] INFO  ha.SCMServiceManager (SCMServiceManager.java:register(42)) - Registering service BackgroundPipelineCreator.
2023-09-14 12:55:26,873 [Time-limited test] INFO  pipeline.BackgroundPipelineCreator (BackgroundPipelineCreator.java:start(124)) - Starting RatisPipelineUtilsThread.
2023-09-14 12:55:26,875 [Time-limited test] INFO  BackgroundPipelineScrubber (BackgroundSCMService.java:start(68)) - Starting BackgroundPipelineScrubber Service.
2023-09-14 12:55:26,875 [Time-limited test] INFO  ha.SCMServiceManager (SCMServiceManager.java:register(42)) - Registering service BackgroundPipelineScrubber.
2023-09-14 12:55:26,875 [Time-limited test] INFO  ExpiredContainerReplicaOpScrubber (BackgroundSCMService.java:start(68)) - Starting ExpiredContainerReplicaOpScrubber Service.
2023-09-14 12:55:26,876 [Time-limited test] INFO  ha.SCMServiceManager (SCMServiceManager.java:register(42)) - Registering service ExpiredContainerReplicaOpScrubber.
2023-09-14 12:55:26,877 [Time-limited test] INFO  algorithms.PipelineChoosePolicyFactory (PipelineChoosePolicyFactory.java:createPipelineChoosePolicyFromClass(78)) - Create pipeline choose policy of type org.apache.hadoop.hdds.scm.pipeline.choose.algorithms.RandomPipelineChoosePolicy
2023-09-14 12:55:26,877 [Time-limited test] INFO  algorithms.PipelineChoosePolicyFactory (PipelineChoosePolicyFactory.java:createPipelineChoosePolicyFromClass(78)) - Create pipeline choose policy of type org.apache.hadoop.hdds.scm.pipeline.choose.algorithms.RandomPipelineChoosePolicy
2023-09-14 12:55:26,877 [Time-limited test] INFO  ha.SCMServiceManager (SCMServiceManager.java:register(42)) - Registering service SCMBlockDeletingService.
2023-09-14 12:55:26,878 [Time-limited test] INFO  replication.ReplicationManager (ReplicationManager.java:start(291)) - Starting Replication Monitor Thread.
2023-09-14 12:55:26,880 [Time-limited test] INFO  ha.SCMServiceManager (SCMServiceManager.java:register(42)) - Registering service ReplicationManager.
2023-09-14 12:55:26,880 [Time-limited test] INFO  safemode.ContainerSafeModeRule (ContainerSafeModeRule.java:<init>(90)) - containers with one replica threshold count 0
2023-09-14 12:55:26,881 [Time-limited test] INFO  safemode.HealthyPipelineSafeModeRule (HealthyPipelineSafeModeRule.java:initializeRule(169)) - Total pipeline count is 0, healthy pipeline threshold count is 0
2023-09-14 12:55:26,881 [Time-limited test] INFO  safemode.OneReplicaPipelineSafeModeRule (OneReplicaPipelineSafeModeRule.java:initializeRule(180)) - Total pipeline count is 0, pipeline's with at least one datanode reported threshold count is 0
2023-09-14 12:55:26,882 [Time-limited test] INFO  authority.DefaultCAServer (DefaultCAServer.java:lambda$processVerificationStatus$0(472)) - CertificateServer validation is successful
2023-09-14 12:55:26,882 [Time-limited test] INFO  authority.DefaultCAServer (DefaultCAServer.java:lambda$processVerificationStatus$0(472)) - CertificateServer validation is successful
2023-09-14 12:55:26,883 [Time-limited test] INFO  server.StorageContainerManager (StorageContainerManager.java:persistPrimarySCMCerts(932)) - Storing sub-ca certificate serialId 2722981539383 on primary SCM
2023-09-14 12:55:26,885 [ReplicationMonitor] INFO  replication.ReplicationManager (ReplicationManager.java:processAll(365)) - Replication Manager is not ready to run until 300000ms after safemode exit
2023-09-14 12:55:26,885 [Time-limited test] INFO  server.SCMCertStore (SCMCertStore.java:storeValidScmCertificate(122)) - Scm certificate 2722981539383 for CN=scm-sub-2722978424818@fv-az187-373,OU=9929baa8-c67c-4248-816a-f44184a63ea3,O=392a2f82-94b7-41a3-8373-97e48dadd989 is stored
2023-09-14 12:55:26,886 [Time-limited test] INFO  server.StorageContainerManager (StorageContainerManager.java:persistPrimarySCMCerts(940)) - Storing root certificate serialId 1
2023-09-14 12:55:26,886 [Time-limited test] INFO  server.SCMCertStore (SCMCertStore.java:storeValidScmCertificate(122)) - Scm certificate 1 for CN=scm-1@fv-az187-373,OU=9929baa8-c67c-4248-816a-f44184a63ea3,O=392a2f82-94b7-41a3-8373-97e48dadd989 is stored
2023-09-14 12:55:26,886 [Time-limited test] INFO  ipc.CallQueueManager (CallQueueManager.java:<init>(90)) - Using callQueue: class java.util.concurrent.LinkedBlockingQueue, queueCapacity: 200, scheduler: class org.apache.hadoop.ipc.DefaultRpcScheduler, ipcBackoff: false.
2023-09-14 12:55:26,887 [Time-limited test] INFO  ipc.Server (Server.java:<init>(1287)) - Listener at 0.0.0.0:9961
2023-09-14 12:55:26,889 [Socket Reader #1 for port 9961] INFO  ipc.Server (Server.java:run(1323)) - Starting Socket Reader #1 for port 9961
2023-09-14 12:55:26,895 [Time-limited test] INFO  server.StorageContainerManager (StorageContainerManager.java:<init>(425)) - SCM start with adminUsers: [scm/fv-az187-373.4biwkquksivelc4kanrnlgeoof.gx.internal.cloudapp.net@EXAMPLE.COM, scm]
2023-09-14 12:55:26,895 [Time-limited test] INFO  ipc.CallQueueManager (CallQueueManager.java:<init>(90)) - Using callQueue: class java.util.concurrent.LinkedBlockingQueue, queueCapacity: 10000, scheduler: class org.apache.hadoop.ipc.DefaultRpcScheduler, ipcBackoff: false.
2023-09-14 12:55:26,895 [Time-limited test] INFO  ipc.Server (Server.java:<init>(1287)) - Listener at 0.0.0.0:9861
2023-09-14 12:55:26,896 [Socket Reader #1 for port 9861] INFO  ipc.Server (Server.java:run(1323)) - Starting Socket Reader #1 for port 9861
2023-09-14 12:55:26,898 [Time-limited test] INFO  ipc.CallQueueManager (CallQueueManager.java:<init>(90)) - Using callQueue: class java.util.concurrent.LinkedBlockingQueue, queueCapacity: 10000, scheduler: class org.apache.hadoop.ipc.DefaultRpcScheduler, ipcBackoff: false.
2023-09-14 12:55:26,898 [Time-limited test] INFO  ipc.Server (Server.java:<init>(1287)) - Listener at 0.0.0.0:9863
2023-09-14 12:55:26,902 [Time-limited test] INFO  ipc.CallQueueManager (CallQueueManager.java:<init>(90)) - Using callQueue: class java.util.concurrent.LinkedBlockingQueue, queueCapacity: 10000, scheduler: class org.apache.hadoop.ipc.DefaultRpcScheduler, ipcBackoff: false.
2023-09-14 12:55:26,902 [Time-limited test] INFO  ipc.Server (Server.java:<init>(1287)) - Listener at 0.0.0.0:9860
2023-09-14 12:55:26,903 [Socket Reader #1 for port 9863] INFO  ipc.Server (Server.java:run(1323)) - Starting Socket Reader #1 for port 9863
2023-09-14 12:55:26,903 [Socket Reader #1 for port 9860] INFO  ipc.Server (Server.java:run(1323)) - Starting Socket Reader #1 for port 9860
2023-09-14 12:55:26,910 [Time-limited test] INFO  ha.SCMServiceManager (SCMServiceManager.java:register(42)) - Registering service ContainerBalancer.
2023-09-14 12:55:26,910 [Time-limited test] INFO  server.StorageContainerManager (StorageContainerManager.java:<init>(438)) - 
Container Balancer status:
Key                            Value
Running                        false
Container Balancer Configuration values:
Key                                                Value
Threshold                                          10
Max Datanodes to Involve per Iteration(percent)    20
Max Size to Move per Iteration                     500GB
Max Size Entering Target per Iteration             26GB
Max Size Leaving Source per Iteration              26GB
Number of Iterations                               10
Time Limit for Single Container's Movement         65min
Time Limit for Single Container's Replication      50min
Interval between each Iteration                    70min
Whether to Enable Network Topology                 false
Whether to Trigger Refresh Datanode Usage Info     false
Container IDs to Exclude from Balancing            None
Datanodes Specified to be Balanced                 None
Datanodes Excluded from Balancing                  None

2023-09-14 12:55:26,910 [Time-limited test] INFO  ha.SCMContext (SCMContext.java:updateSafeModeStatus(228)) - Update SafeModeStatus from SafeModeStatus{safeModeStatus=true, preCheckPassed=false} to SafeModeStatus{safeModeStatus=true, preCheckPassed=false}.
2023-09-14 12:55:26,910 [Time-limited test] WARN  server.ServerUtils (ServerUtils.java:getDBPath(311)) - ozone.om.db.dirs is not configured. We recommend adding this setting. Falling back to ozone.metadata.dirs instead.
2023-09-14 12:55:26,919 [Time-limited test] INFO  ha.OMHANodeDetails (OMHANodeDetails.java:loadOMHAConfig(115)) - ozone.om.internal.service.id is not defined, falling back to ozone.om.service.ids to find serviceID for OzoneManager if it is HA enabled cluster
2023-09-14 12:55:26,919 [Time-limited test] INFO  ha.OMHANodeDetails (OMHANodeDetails.java:loadOMHAConfig(226)) - Configuration does not have ozone.om.address set. Falling back to the default OM address fv-az187-373.4biwkquksivelc4kanrnlgeoof.gx.internal.cloudapp.net/10.1.0.236:1202
2023-09-14 12:55:26,919 [Time-limited test] INFO  ha.OMHANodeDetails (OMHANodeDetails.java:getOMNodeDetailsForNonHA(254)) - OM Service ID is not set. Setting it to the default ID: omServiceIdDefault
2023-09-14 12:55:26,919 [Time-limited test] INFO  ha.OMHANodeDetails (OMHANodeDetails.java:getOMNodeDetailsForNonHA(261)) - OM Node ID is not set. Setting it to the default ID: om1
2023-09-14 12:55:26,919 [Time-limited test] WARN  server.ServerUtils (ServerUtils.java:getDBPath(311)) - ozone.om.db.dirs is not configured. We recommend adding this setting. Falling back to ozone.metadata.dirs instead.
2023-09-14 12:55:26,920 [Time-limited test] INFO  upgrade.AbstractLayoutVersionManager (AbstractLayoutVersionManager.java:init(83)) - Initializing Layout version manager with metadata layout = QUOTA (version = 6), software layout = QUOTA (version = 6)
2023-09-14 12:55:27,007 [Time-limited test] INFO  reflections.Reflections (Reflections.java:scan(232)) - Reflections took 86 ms to scan 2 urls, producing 187 keys and 515 values [using 2 cores]
2023-09-14 12:55:27,007 [Time-limited test] INFO  upgrade.OMLayoutVersionManager (OMLayoutVersionManager.java:lambda$0(115)) - Skipping Upgrade Action QuotaRepairUpgradeAction since it has been finalized.
2023-09-14 12:55:27,007 [Time-limited test] INFO  upgrade.OMLayoutVersionManager (OMLayoutVersionManager.java:lambda$0(115)) - Skipping Upgrade Action MockOmUpgradeAction since it has been finalized.
2023-09-14 12:55:27,011 [pool-456-thread-1] INFO  request.KdcRequest (KdcRequest.java:preauth(651)) - The preauth data is empty.
2023-09-14 12:55:27,011 [pool-456-thread-1] INFO  server.KdcHandler (KdcHandler.java:handleRecoverableException(177)) - KRB error occurred while processing request:Additional pre-authentication required
2023-09-14 12:55:27,014 [pool-456-thread-1] INFO  request.AsRequest (AsRequest.java:issueTicket(112)) - AS_REQ ISSUE: authtime 1694696127014,om/fv-az187-373.4biwkquksivelc4kanrnlgeoof.gx.internal.cloudapp.net@EXAMPLE.COM for krbtgt/EXAMPLE.COM@EXAMPLE.COM
2023-09-14 12:55:27,015 [Time-limited test] INFO  security.UserGroupInformation (UserGroupInformation.java:loginUserFromKeytab(1132)) - Login successful for user om/fv-az187-373.4biwkquksivelc4kanrnlgeoof.gx.internal.cloudapp.net@EXAMPLE.COM using keytab file om.keytab. Keytab auto renewal enabled : false
2023-09-14 12:55:27,015 [Time-limited test] INFO  om.OzoneManager (OzoneManager.java:loginOMUser(1164)) - Ozone Manager login successful.
2023-09-14 12:55:27,016 [Time-limited test] WARN  server.ServerUtils (ServerUtils.java:getDBPath(311)) - ozone.om.db.dirs is not configured. We recommend adding this setting. Falling back to ozone.metadata.dirs instead.
2023-09-14 12:55:27,017 [Time-limited test] INFO  proxy.SCMBlockLocationFailoverProxyProvider (SCMBlockLocationFailoverProxyProvider.java:<init>(114)) - Created block location fail-over proxy with 1 nodes: [nodeId=scmNodeId,nodeAddress=/0.0.0.0:9863]
2023-09-14 12:55:27,019 [Time-limited test] INFO  om.OzoneManager (OzoneManager.java:getOmDetailsProto(4573)) - OzoneManager ports added:[name: "RPC"
value: 1202
]
2023-09-14 12:55:27,021 [Time-limited test] INFO  security.OMCertificateClient (DefaultCertificateClient.java:updateCertSerialId(1244)) - Certificate serial ID set to 9879877970576
2023-09-14 12:55:27,022 [Time-limited test] WARN  security.OMCertificateClient (DefaultCertificateClient.java:loadAllCertificates(173)) - Certificates could not be loaded.
java.nio.file.NoSuchFileException: /tmp/junit9038326670277744169/junit6863897098489901664/scm-meta/om/certs
	at sun.nio.fs.UnixException.translateToIOException(UnixException.java:86)
	at sun.nio.fs.UnixException.rethrowAsIOException(UnixException.java:102)
	at sun.nio.fs.UnixException.rethrowAsIOException(UnixException.java:107)
	at sun.nio.fs.UnixFileSystemProvider.newDirectoryStream(UnixFileSystemProvider.java:427)
	at java.nio.file.Files.newDirectoryStream(Files.java:457)
	at java.nio.file.Files.list(Files.java:3451)
	at org.apache.hadoop.hdds.security.x509.certificate.client.DefaultCertificateClient.loadAllCertificates(DefaultCertificateClient.java:168)
	at org.apache.hadoop.hdds.security.x509.certificate.client.DefaultCertificateClient.updateCertSerialId(DefaultCertificateClient.java:1245)
	at org.apache.hadoop.hdds.security.x509.certificate.client.DefaultCertificateClient.<init>(DefaultCertificateClient.java:157)
	at org.apache.hadoop.hdds.security.x509.certificate.client.CommonCertificateClient.<init>(CommonCertificateClient.java:49)
	at org.apache.hadoop.ozone.security.OMCertificateClient.<init>(OMCertificateClient.java:68)
	at org.apache.hadoop.ozone.om.OzoneManager.<init>(OzoneManager.java:643)
	at org.apache.hadoop.ozone.om.OzoneManager.createOm(OzoneManager.java:757)
	at org.apache.hadoop.ozone.TestSecureOzoneCluster.setupOm(TestSecureOzoneCluster.java:701)
	at org.apache.hadoop.ozone.TestSecureOzoneCluster.testSecureOMInitializationFailure(TestSecureOzoneCluster.java:527)
	at sun.reflect.NativeMethodAccessorImpl.invoke0(Native Method)
	at sun.reflect.NativeMethodAccessorImpl.invoke(NativeMethodAccessorImpl.java:62)
	at sun.reflect.DelegatingMethodAccessorImpl.invoke(DelegatingMethodAccessorImpl.java:43)
	at java.lang.reflect.Method.invoke(Method.java:498)
	at org.junit.runners.model.FrameworkMethod$1.runReflectiveCall(FrameworkMethod.java:59)
	at org.junit.internal.runners.model.ReflectiveCallable.run(ReflectiveCallable.java:12)
	at org.junit.runners.model.FrameworkMethod.invokeExplosively(FrameworkMethod.java:56)
	at org.junit.internal.runners.statements.InvokeMethod.evaluate(InvokeMethod.java:17)
	at org.junit.internal.runners.statements.RunBefores.evaluate(RunBefores.java:26)
	at org.junit.internal.runners.statements.RunAfters.evaluate(RunAfters.java:27)
	at org.junit.rules.ExternalResource$1.evaluate(ExternalResource.java:54)
	at org.junit.internal.runners.statements.FailOnTimeout$CallableStatement.call(FailOnTimeout.java:288)
	at org.junit.internal.runners.statements.FailOnTimeout$CallableStatement.call(FailOnTimeout.java:282)
	at java.util.concurrent.FutureTask.run(FutureTask.java:266)
	at java.lang.Thread.run(Thread.java:750)
2023-09-14 12:55:27,027 [Time-limited test] INFO  om.OzoneManager (OzoneManager.java:<init>(665)) - OM start with adminUsers: [scm/fv-az187-373.4biwkquksivelc4kanrnlgeoof.gx.internal.cloudapp.net@EXAMPLE.COM, om]
2023-09-14 12:55:27,027 [Time-limited test] WARN  server.ServerUtils (ServerUtils.java:getDBPath(311)) - ozone.om.db.dirs is not configured. We recommend adding this setting. Falling back to ozone.metadata.dirs instead.
2023-09-14 12:55:27,029 [Time-limited test] INFO  helpers.OmKeyInfo (OmKeyInfo.java:getCodec(71)) - OmKeyInfo.getCodec ignorePipeline = true
2023-09-14 12:55:27,191 [Time-limited test] INFO  om.OzoneManager (OzoneManager.java:instantiateServices(794)) - S3 Multi-Tenancy is disabled
2023-09-14 12:55:27,192 [Time-limited test] INFO  security.OzoneSecretStore (OzoneSecretStore.java:loadState(69)) - Loaded 0 tokens
2023-09-14 12:55:27,192 [Time-limited test] INFO  security.OzoneDelegationTokenSecretManager (OzoneDelegationTokenSecretManager.java:loadTokenSecretState(530)) - Loading token state into token manager.
2023-09-14 12:55:27,192 [Time-limited test] INFO  om.OmSnapshotManager (OmSnapshotManager.java:<init>(174)) - Ozone filesystem snapshot feature is enabled.
2023-09-14 12:55:27,192 [Time-limited test] WARN  server.ServerUtils (ServerUtils.java:getDBPath(311)) - ozone.om.snapshot.diff.db.dir is not configured. We recommend adding this setting. Falling back to ozone.metadata.dirs instead.
2023-09-14 12:55:27,209 [Time-limited test] INFO  snapshot.SnapshotDiffManager (SnapshotDiffManager.java:closeExecutorService(1706)) - Shutting down executorService: 'SstDumpToolExecutor'
2023-09-14 12:55:27,219 [Time-limited test] INFO  om.OzoneManager (OzoneManager.java:addS3GVolumeToDB(4305)) - Created Volume s3v With Owner om required for S3Gateway operations.
2023-09-14 12:55:27,220 [Time-limited test] WARN  server.ServerUtils (ServerUtils.java:getDefaultRatisDirectory(323)) - Storage directory for Ratis is not configured. It is a good idea to map this to an SSD disk. Falling back to ozone.metadata.dirs
2023-09-14 12:55:27,220 [Time-limited test] WARN  utils.OzoneManagerRatisUtils (OzoneManagerRatisUtils.java:getOMRatisSnapshotDirectory(464)) - ozone.om.ratis.snapshot.dir is not configured. Falling back to ozone.metadata.dirs config
2023-09-14 12:55:27,220 [Time-limited test] WARN  server.ServerUtils (ServerUtils.java:getDefaultRatisDirectory(323)) - Storage directory for Ratis is not configured. It is a good idea to map this to an SSD disk. Falling back to ozone.metadata.dirs
2023-09-14 12:55:27,222 [Time-limited test] INFO  ratis.OzoneManagerRatisServer (OzoneManagerRatisServer.java:<init>(163)) - Instantiating OM Ratis server with groupID: omServiceIdDefault and peers: fv-az187-373.4biwkquksivelc4kanrnlgeoof.gx.internal.cloudapp.net:9872
2023-09-14 12:55:27,222 [Time-limited test] INFO  ratis.OzoneManagerStateMachine (OzoneManagerStateMachine.java:loadSnapshotInfoFromDB(687)) - LastAppliedIndex is set from TransactionInfo from OM DB as (t:0, i:~)
2023-09-14 12:55:27,223 [Time-limited test] INFO  server.RaftServer (ConfUtils.java:logGet(46)) - raft.rpc.type = GRPC (default)
2023-09-14 12:55:27,223 [Time-limited test] INFO  grpc.GrpcConfigKeys (ConfUtils.java:logFallback(53)) - raft.grpc.admin.host = null (fallback to raft.grpc.server.host)
2023-09-14 12:55:27,223 [Time-limited test] INFO  grpc.GrpcConfigKeys (ConfUtils.java:logFallback(53)) - raft.grpc.admin.port = 9872 (fallback to raft.grpc.server.port)
2023-09-14 12:55:27,223 [Time-limited test] INFO  grpc.GrpcConfigKeys (ConfUtils.java:logFallback(53)) - raft.grpc.client.host = null (fallback to raft.grpc.server.host)
2023-09-14 12:55:27,223 [Time-limited test] INFO  grpc.GrpcConfigKeys (ConfUtils.java:logFallback(53)) - raft.grpc.client.port = 9872 (fallback to raft.grpc.server.port)
2023-09-14 12:55:27,223 [Time-limited test] INFO  grpc.GrpcConfigKeys (ConfUtils.java:logGet(46)) - raft.grpc.server.host = null (default)
2023-09-14 12:55:27,224 [Time-limited test] INFO  grpc.GrpcConfigKeys (ConfUtils.java:logGet(46)) - raft.grpc.server.port = 9872 (custom)
2023-09-14 12:55:27,224 [Time-limited test] INFO  server.GrpcService (ConfUtils.java:logGet(46)) - raft.grpc.message.size.max = 33554432 (custom)
2023-09-14 12:55:27,224 [Time-limited test] INFO  server.RaftServerConfigKeys (ConfUtils.java:logGet(46)) - raft.server.log.appender.buffer.byte-limit = 33554432 (custom)
2023-09-14 12:55:27,224 [Time-limited test] INFO  server.GrpcService (ConfUtils.java:logGet(46)) - raft.grpc.flow.control.window = 1MB (=1048576) (default)
2023-09-14 12:55:27,224 [Time-limited test] INFO  server.RaftServerConfigKeys (ConfUtils.java:logGet(46)) - raft.server.rpc.request.timeout = 3000ms (default)
2023-09-14 12:55:27,224 [Time-limited test] INFO  grpc.GrpcConfigKeys (ConfUtils.java:logGet(46)) - raft.grpc.server.heartbeat.channel = true (default)
2023-09-14 12:55:27,224 [Time-limited test] INFO  grpc.GrpcConfigKeys (ConfUtils.java:logGet(46)) - raft.grpc.server.async.request.thread.pool.cached = true (default)
2023-09-14 12:55:27,224 [Time-limited test] INFO  grpc.GrpcConfigKeys (ConfUtils.java:logGet(46)) - raft.grpc.server.async.request.thread.pool.size = 32 (default)
2023-09-14 12:55:27,226 [Time-limited test] INFO  impl.DataStreamServerImpl (ConfUtils.java:logGet(46)) - raft.datastream.type = DISABLED (default)
2023-09-14 12:55:27,226 [Time-limited test] INFO  server.RaftServerConfigKeys (ConfUtils.java:logGet(46)) - raft.server.threadpool.proxy.cached = true (default)
2023-09-14 12:55:27,226 [Time-limited test] INFO  server.RaftServerConfigKeys (ConfUtils.java:logGet(46)) - raft.server.threadpool.proxy.size = 0 (default)
2023-09-14 12:55:27,226 [Time-limited test] INFO  server.RaftServerConfigKeys (ConfUtils.java:logGet(46)) - raft.server.rpc.slowness.timeout = 120s (custom)
2023-09-14 12:55:27,226 [Time-limited test] INFO  server.RaftServerConfigKeys (ConfUtils.java:logGet(46)) - raft.server.leaderelection.leader.step-down.wait-time = 10s (default)
2023-09-14 12:55:27,227 [Time-limited test] INFO  server.RaftServerConfigKeys (ConfUtils.java:logGet(46)) - raft.server.storage.dir = [/tmp/junit9038326670277744169/junit6863897098489901664/scm-meta/ratis] (custom)
2023-09-14 12:55:27,227 [Time-limited test] INFO  server.RaftServer (RaftServerProxy.java:addNew(98)) - om1: addNew group-C5BA1605619E:[om1|rpc:fv-az187-373.4biwkquksivelc4kanrnlgeoof.gx.internal.cloudapp.net:9872|priority:0|startupRole:FOLLOWER] returns group-C5BA1605619E:java.util.concurrent.CompletableFuture@4ee5121d[Not completed]
2023-09-14 12:55:27,227 [Time-limited test] INFO  om.OzoneManager (OzoneManager.java:initializeRatisServer(2148)) - OzoneManager Ratis server initialized at port 9872
RaftServerImpl.java:<init>(198)) - om1: new RaftServerImpl for group-C5BA1605619E:[om1|rpc:fv-az187-373.4biwkquksivelc4kanrnlgeoof.gx.internal.cloudapp.net:9872|priority:0|startupRole:FOLLOWER] with OzoneManagerStateMachine:uninitialized
2023-09-14 12:55:27,227 [Time-limited test] INFO  om.OzoneManager (OzoneManager.java:initializeRatisServer(2148)) - OzoneManager Ratis server initialized at port 9872
2023-09-14 12:55:27,227 [Time-limited test] INFO  om.OzoneManager (OzoneManager.java:getRpcServer(1196)) - Creating RPC Server
ConfUtils.java:logGet(46)) - raft.server.rpc.timeout.min = 5s (custom)
2023-09-14 12:55:27,227 [Time-limited test] INFO  om.OzoneManager (OzoneManager.java:getRpcServer(1196)) - Creating RPC Server
2023-09-14 12:55:27,227 [om1-groupManagement] INFO  server.RaftServerConfigKeys (ConfUtils.java:logGet(46)) - raft.server.rpc.timeout.max = 5200ms (custom)
2023-09-14 12:55:27,227 [om1-groupManagement] INFO  server.RaftServerConfigKeys (ConfUtils.java:logGet(46)) - raft.server.rpc.sleep.time = 25ms (default)
2023-09-14 12:55:27,227 [om1-groupManagement] INFO  server.RaftServerConfigKeys (ConfUtils.java:logGet(46)) - raft.server.rpc.slowness.timeout = 120s (custom)
2023-09-14 12:55:27,227 [om1-groupManagement] INFO  server.RaftServerConfigKeys (ConfUtils.java:logGet(46)) - raft.server.leaderelection.leader.step-down.wait-time = 10s (default)
2023-09-14 12:55:27,228 [om1-groupManagement] INFO  server.RaftServerConfigKeys (ConfUtils.java:logGet(46)) - raft.server.sleep.deviation.threshold = 300ms (default)
2023-09-14 12:55:27,228 [om1-groupManagement] INFO  server.RaftServer$Division (ServerState.java:<init>(120)) - om1@group-C5BA1605619E: ConfigurationManager, init=-1: peers:[om1|rpc:fv-az187-373.4biwkquksivelc4kanrnlgeoof.gx.internal.cloudapp.net:9872|priority:0|startupRole:FOLLOWER]|listeners:[], old=null, confs=<EMPTY_MAP>
2023-09-14 12:55:27,228 [om1-groupManagement] INFO  server.RaftServerConfigKeys (ConfUtils.java:logGet(46)) - raft.server.storage.dir = [/tmp/junit9038326670277744169/junit6863897098489901664/scm-meta/ratis] (custom)
2023-09-14 12:55:27,228 [om1-groupManagement] INFO  server.RaftServerConfigKeys (ConfUtils.java:logGet(46)) - raft.server.log.corruption.policy = EXCEPTION (default)
2023-09-14 12:55:27,228 [om1-groupManagement] INFO  server.RaftServerConfigKeys (ConfUtils.java:logGet(46)) - raft.server.storage.free-space.min = 0MB (=0) (default)
2023-09-14 12:55:27,228 [om1-groupManagement] INFO  server.RaftServerConfigKeys (ConfUtils.java:logGet(46)) - raft.server.notification.no-leader.timeout = 120s (custom)
2023-09-14 12:55:27,228 [om1-groupManagement] INFO  server.RaftServerConfigKeys (ConfUtils.java:logGet(46)) - raft.server.read.timeout = 10s (default)
2023-09-14 12:55:27,228 [om1-groupManagement] INFO  server.RaftServerConfigKeys (ConfUtils.java:logGet(46)) - raft.server.retrycache.expirytime = 300s (custom)
2023-09-14 12:55:27,228 [om1-groupManagement] INFO  server.RaftServerConfigKeys (ConfUtils.java:logGet(46)) - raft.server.retrycache.statistics.expirytime = 100μs (default)
2023-09-14 12:55:27,228 [om1-groupManagement] INFO  server.RaftServerConfigKeys (ConfUtils.java:logGet(46)) - raft.server.read.option = DEFAULT (default)
2023-09-14 12:55:27,229 [om1-groupManagement] INFO  server.RaftServerConfigKeys (ConfUtils.java:logGet(46)) - raft.server.rpc.request.timeout = 3000ms (default)
2023-09-14 12:55:27,229 [om1-groupManagement] INFO  server.RaftServerConfigKeys (ConfUtils.java:logGet(46)) - raft.server.log.appender.install.snapshot.enabled = false (custom)
2023-09-14 12:55:27,229 [om1-groupManagement] INFO  server.RaftServerConfigKeys (ConfUtils.java:logGet(46)) - raft.server.threadpool.server.cached = true (default)
2023-09-14 12:55:27,229 [om1-groupManagement] INFO  server.RaftServerConfigKeys (ConfUtils.java:logGet(46)) - raft.server.threadpool.server.size = 0 (default)
2023-09-14 12:55:27,229 [om1-groupManagement] INFO  server.RaftServerConfigKeys (ConfUtils.java:logGet(46)) - raft.server.threadpool.client.cached = true (default)
2023-09-14 12:55:27,229 [om1-groupManagement] INFO  server.RaftServerConfigKeys (ConfUtils.java:logGet(46)) - raft.server.threadpool.client.size = 0 (default)
2023-09-14 12:55:27,584 [Time-limited test] INFO  reflections.Reflections (Reflections.java:scan(232)) - Reflections took 350 ms to scan 20 urls, producing 70 keys and 6001 values [using 2 cores]
2023-09-14 12:55:27,585 [Time-limited test] INFO  ipc.CallQueueManager (CallQueueManager.java:<init>(90)) - Using callQueue: class java.util.concurrent.LinkedBlockingQueue, queueCapacity: 10000, scheduler: class org.apache.hadoop.ipc.DefaultRpcScheduler, ipcBackoff: false.
2023-09-14 12:55:27,585 [Time-limited test] INFO  ipc.Server (Server.java:<init>(1287)) - Listener at fv-az187-373.4biwkquksivelc4kanrnlgeoof.gx.internal.cloudapp.net:1202
2023-09-14 12:55:27,586 [Socket Reader #1 for port 1202] INFO  ipc.Server (Server.java:run(1323)) - Starting Socket Reader #1 for port 1202
2023-09-14 12:55:27,608 [Time-limited test] INFO  ha.OMHANodeDetails (OMHANodeDetails.java:loadOMHAConfig(115)) - ozone.om.internal.service.id is not defined, falling back to ozone.om.service.ids to find serviceID for OzoneManager if it is HA enabled cluster
2023-09-14 12:55:27,610 [Time-limited test] INFO  ha.OMHANodeDetails (OMHANodeDetails.java:loadOMHAConfig(226)) - Configuration does not have ozone.om.address set. Falling back to the default OM address fv-az187-373.4biwkquksivelc4kanrnlgeoof.gx.internal.cloudapp.net/10.1.0.236:1202
2023-09-14 12:55:27,610 [Time-limited test] INFO  ha.OMHANodeDetails (OMHANodeDetails.java:getOMNodeDetailsForNonHA(254)) - OM Service ID is not set. Setting it to the default ID: omServiceIdDefault
2023-09-14 12:55:27,610 [Time-limited test] INFO  ha.OMHANodeDetails (OMHANodeDetails.java:getOMNodeDetailsForNonHA(261)) - OM Node ID is not set. Setting it to the default ID: om1
2023-09-14 12:55:27,610 [Time-limited test] WARN  server.ServerUtils (ServerUtils.java:getDBPath(311)) - ozone.om.db.dirs is not configured. We recommend adding this setting. Falling back to ozone.metadata.dirs instead.
2023-09-14 12:55:27,612 [Time-limited test] INFO  upgrade.AbstractLayoutVersionManager (AbstractLayoutVersionManager.java:init(83)) - Initializing Layout version manager with metadata layout = QUOTA (version = 6), software layout = QUOTA (version = 6)
2023-09-14 12:55:27,683 [Time-limited test] INFO  reflections.Reflections (Reflections.java:scan(232)) - Reflections took 71 ms to scan 2 urls, producing 187 keys and 515 values [using 2 cores]
2023-09-14 12:55:27,683 [Time-limited test] INFO  upgrade.OMLayoutVersionManager (OMLayoutVersionManager.java:lambda$0(115)) - Skipping Upgrade Action QuotaRepairUpgradeAction since it has been finalized.
2023-09-14 12:55:27,683 [Time-limited test] INFO  upgrade.OMLayoutVersionManager (OMLayoutVersionManager.java:lambda$0(115)) - Skipping Upgrade Action MockOmUpgradeAction since it has been finalized.
2023-09-14 12:55:27,685 [Time-limited test] INFO  ha.OMHANodeDetails (OMHANodeDetails.java:loadOMHAConfig(115)) - ozone.om.internal.service.id is not defined, falling back to ozone.om.service.ids to find serviceID for OzoneManager if it is HA enabled cluster
2023-09-14 12:55:27,685 [Time-limited test] INFO  ha.OMHANodeDetails (OMHANodeDetails.java:loadOMHAConfig(226)) - Configuration does not have ozone.om.address set. Falling back to the default OM address fv-az187-373.4biwkquksivelc4kanrnlgeoof.gx.internal.cloudapp.net/10.1.0.236:1202
2023-09-14 12:55:27,685 [Time-limited test] INFO  ha.OMHANodeDetails (OMHANodeDetails.java:getOMNodeDetailsForNonHA(254)) - OM Service ID is not set. Setting it to the default ID: omServiceIdDefault
2023-09-14 12:55:27,685 [Time-limited test] INFO  ha.OMHANodeDetails (OMHANodeDetails.java:getOMNodeDetailsForNonHA(261)) - OM Node ID is not set. Setting it to the default ID: om1
2023-09-14 12:55:27,686 [Time-limited test] WARN  server.ServerUtils (ServerUtils.java:getDBPath(311)) - ozone.om.db.dirs is not configured. We recommend adding this setting. Falling back to ozone.metadata.dirs instead.
2023-09-14 12:55:27,688 [Time-limited test] INFO  upgrade.AbstractLayoutVersionManager (AbstractLayoutVersionManager.java:init(83)) - Initializing Layout version manager with metadata layout = QUOTA (version = 6), software layout = QUOTA (version = 6)
2023-09-14 12:55:27,755 [Time-limited test] INFO  reflections.Reflections (Reflections.java:scan(232)) - Reflections took 66 ms to scan 2 urls, producing 187 keys and 515 values [using 2 cores]
2023-09-14 12:55:27,755 [Time-limited test] INFO  upgrade.OMLayoutVersionManager (OMLayoutVersionManager.java:lambda$0(115)) - Skipping Upgrade Action QuotaRepairUpgradeAction since it has been finalized.
2023-09-14 12:55:27,755 [Time-limited test] INFO  upgrade.OMLayoutVersionManager (OMLayoutVersionManager.java:lambda$0(115)) - Skipping Upgrade Action MockOmUpgradeAction since it has been finalized.
2023-09-14 12:55:27,756 [Time-limited test] INFO  ha.OMHANodeDetails (OMHANodeDetails.java:loadOMHAConfig(115)) - ozone.om.internal.service.id is not defined, falling back to ozone.om.service.ids to find serviceID for OzoneManager if it is HA enabled cluster
2023-09-14 12:55:27,758 [Time-limited test] INFO  ha.OMHANodeDetails (OMHANodeDetails.java:loadOMHAConfig(226)) - Configuration does not have ozone.om.address set. Falling back to the default OM address fv-az187-373.4biwkquksivelc4kanrnlgeoof.gx.internal.cloudapp.net/10.1.0.236:1202
2023-09-14 12:55:27,758 [Time-limited test] INFO  ha.OMHANodeDetails (OMHANodeDetails.java:getOMNodeDetailsForNonHA(254)) - OM Service ID is not set. Setting it to the default ID: omServiceIdDefault
2023-09-14 12:55:27,758 [Time-limited test] INFO  ha.OMHANodeDetails (OMHANodeDetails.java:getOMNodeDetailsForNonHA(261)) - OM Node ID is not set. Setting it to the default ID: om1
2023-09-14 12:55:27,758 [Time-limited test] WARN  server.ServerUtils (ServerUtils.java:getDBPath(311)) - ozone.om.db.dirs is not configured. We recommend adding this setting. Falling back to ozone.metadata.dirs instead.
2023-09-14 12:55:27,759 [Time-limited test] INFO  upgrade.AbstractLayoutVersionManager (AbstractLayoutVersionManager.java:init(83)) - Initializing Layout version manager with metadata layout = QUOTA (version = 6), software layout = QUOTA (version = 6)
2023-09-14 12:55:27,823 [Time-limited test] INFO  reflections.Reflections (Reflections.java:scan(232)) - Reflections took 63 ms to scan 2 urls, producing 187 keys and 515 values [using 2 cores]
2023-09-14 12:55:27,823 [Time-limited test] INFO  upgrade.OMLayoutVersionManager (OMLayoutVersionManager.java:lambda$0(115)) - Skipping Upgrade Action QuotaRepairUpgradeAction since it has been finalized.
2023-09-14 12:55:27,824 [Time-limited test] INFO  upgrade.OMLayoutVersionManager (OMLayoutVersionManager.java:lambda$0(115)) - Skipping Upgrade Action MockOmUpgradeAction since it has been finalized.
2023-09-14 12:55:27,828 [Time-limited test] INFO  impl.DefaultInternalKdcServerImpl (DefaultInternalKdcServerImpl.java:doStop(102)) - Default Internal kdc server stopped.
2023-09-14 12:55:28,828 [Time-limited test] INFO  minikdc.MiniKdc (MiniKdc.java:stop(359)) - MiniKdc stopped.
2023-09-14 12:55:28,829 [Time-limited test] INFO  server.StorageContainerManager (StorageContainerManager.java:stop(1591)) - Container Balancer is not running.
2023-09-14 12:55:28,829 [Time-limited test] INFO  server.StorageContainerManager (StorageContainerManager.java:stopReplicationManager(1724)) - Stopping Replication Manager Service.
2023-09-14 12:55:28,829 [Time-limited test] INFO  replication.ReplicationManager (ReplicationManager.java:stop(323)) - Stopping Replication Monitor Thread.
2023-09-14 12:55:28,829 [Time-limited test] INFO  server.StorageContainerManager (StorageContainerManager.java:stop(1600)) - Stopping the Datanode Admin Monitor.
2023-09-14 12:55:28,829 [Under Replicated Processor] WARN  replication.UnhealthyReplicationProcessor (UnhealthyReplicationProcessor.java:run(180)) - Under Replicated Processor interrupted. Exiting...
2023-09-14 12:55:28,829 [ReplicationMonitor] INFO  replication.ReplicationManager (ReplicationManager.java:run(921)) - Replication Monitor Thread is stopped
2023-09-14 12:55:28,829 [Over Replicated Processor] WARN  replication.UnhealthyReplicationProcessor (UnhealthyReplicationProcessor.java:run(180)) - Over Replicated Processor interrupted. Exiting...
2023-09-14 12:55:28,829 [Time-limited test] INFO  server.StorageContainerManager (StorageContainerManager.java:stop(1607)) - Stopping datanode service RPC server
2023-09-14 12:55:28,830 [Time-limited test] INFO  server.SCMDatanodeProtocolServer (SCMDatanodeProtocolServer.java:stop(424)) - Stopping the RPC server for DataNodes
2023-09-14 12:55:28,830 [Time-limited test] INFO  ipc.Server (Server.java:stop(3523)) - Stopping server on 9861
2023-09-14 12:55:29,871 [SCM Heartbeat Processing Thread - 0] WARN  node.NodeStateManager (NodeStateManager.java:scheduleNextHealthCheck(874)) - Current Thread is interrupted, shutting down HB processing thread for Node Manager.
2023-09-14 12:55:29,872 [Time-limited test] INFO  server.StorageContainerManager (StorageContainerManager.java:stop(1615)) - Stopping block service RPC server
2023-09-14 12:55:29,872 [Time-limited test] INFO  server.SCMBlockProtocolServer (SCMBlockProtocolServer.java:stop(163)) - Stopping the RPC server for Block Protocol
2023-09-14 12:55:29,872 [Time-limited test] INFO  ipc.Server (Server.java:stop(3523)) - Stopping server on 9863
2023-09-14 12:55:29,873 [Time-limited test] INFO  server.StorageContainerManager (StorageContainerManager.java:stop(1622)) - Stopping the StorageContainerLocationProtocol RPC server
2023-09-14 12:55:29,873 [Time-limited test] INFO  server.SCMClientProtocolServer (SCMClientProtocolServer.java:stop(210)) - Stopping the RPC server for Client Protocol
2023-09-14 12:55:29,873 [Time-limited test] INFO  ipc.Server (Server.java:stop(3523)) - Stopping server on 9860
2023-09-14 12:55:29,873 [Time-limited test] INFO  server.StorageContainerManager (StorageContainerManager.java:stop(1629)) - Stopping Storage Container Manager HTTP server.
2023-09-14 12:55:29,873 [Time-limited test] INFO  server.StorageContainerManager (StorageContainerManager.java:stop(1637)) - Stopping SCM LayoutVersionManager Service.
2023-09-14 12:55:29,873 [Time-limited test] INFO  server.SCMSecurityProtocolServer (SCMSecurityProtocolServer.java:stop(550)) - Stopping the SCMSecurityProtocolServer.
2023-09-14 12:55:29,873 [Time-limited test] INFO  ipc.Server (Server.java:stop(3523)) - Stopping server on 9961
2023-09-14 12:55:29,874 [Time-limited test] INFO  server.SCMUpdateServiceGrpcServer (SCMUpdateServiceGrpcServer.java:stop(73)) - SCMUpdateService stopping
2023-09-14 12:55:29,874 [Time-limited test] INFO  server.StorageContainerManager (StorageContainerManager.java:stop(1649)) - Stopping Block Manager Service.
2023-09-14 12:55:29,874 [Time-limited test] INFO  utils.BackgroundService (BackgroundService.java:shutdown(141)) - Shutting down service SCMBlockDeletingService
2023-09-14 12:55:29,874 [Time-limited test] INFO  utils.BackgroundService (BackgroundService.java:shutdown(141)) - Shutting down service SCMBlockDeletingService
2023-09-14 12:55:29,874 [Time-limited test] INFO  server.StorageContainerManager (StorageContainerManager.java:stop(1669)) - Stopping SCM Event Queue.
2023-09-14 12:55:29,874 [Time-limited test] INFO  server.StorageContainerManager (StorageContainerManager.java:stop(1680)) - Stopping SCM HA services.
2023-09-14 12:55:29,874 [Time-limited test] INFO  pipeline.BackgroundPipelineCreator (BackgroundPipelineCreator.java:stop(149)) - Stopping RatisPipelineUtilsThread.
2023-09-14 12:55:29,874 [RatisPipelineUtilsThread - 0] WARN  pipeline.BackgroundPipelineCreator (BackgroundPipelineCreator.java:run(180)) - RatisPipelineUtilsThread is interrupted.
2023-09-14 12:55:29,874 [Time-limited test] INFO  BackgroundPipelineScrubber (BackgroundSCMService.java:stop(131)) - Stopping BackgroundPipelineScrubber Service.
2023-09-14 12:55:29,875 [BackgroundPipelineScrubberThread] WARN  BackgroundPipelineScrubber (BackgroundSCMService.java:run(115)) - BackgroundPipelineScrubber is interrupted, exit
2023-09-14 12:55:29,875 [Time-limited test] WARN  pipeline.BackgroundPipelineCreator (BackgroundPipelineCreator.java:stop(145)) - RatisPipelineUtilsThread is not running, just ignore.
2023-09-14 12:55:29,875 [Time-limited test] INFO  BackgroundPipelineScrubber (BackgroundSCMService.java:stop(126)) - BackgroundPipelineScrubber Service is not running, skip stop.
2023-09-14 12:55:29,875 [Time-limited test] INFO  ExpiredContainerReplicaOpScrubber (BackgroundSCMService.java:stop(131)) - Stopping ExpiredContainerReplicaOpScrubber Service.
2023-09-14 12:55:29,875 [ExpiredContainerReplicaOpScrubberThread] WARN  ExpiredContainerReplicaOpScrubber (BackgroundSCMService.java:run(115)) - ExpiredContainerReplicaOpScrubber is interrupted, exit
2023-09-14 12:55:29,875 [Time-limited test] INFO  utils.BackgroundService (BackgroundService.java:shutdown(141)) - Shutting down service SCMBlockDeletingService
2023-09-14 12:55:29,875 [Time-limited test] INFO  replication.ReplicationManager (ReplicationManager.java:stop(333)) - Replication Monitor Thread is not running.
2023-09-14 12:55:29,875 [Time-limited test] WARN  balancer.ContainerBalancer (ContainerBalancer.java:stop(326)) - Cannot stop Container Balancer because it's not running or stopping
2023-09-14 12:55:29,875 [Time-limited test] INFO  server.StorageContainerManager (StorageContainerManager.java:stop(1715)) - Stopping SCM MetadataStore.
2023-09-14 12:55:29,876 [Time-limited test] INFO  server.SCMSecurityProtocolServer (SCMSecurityProtocolServer.java:join(560)) - Join RPC server for SCMSecurityProtocolServer.
2023-09-14 12:55:29,876 [Time-limited test] INFO  server.SCMSecurityProtocolServer (SCMSecurityProtocolServer.java:join(562)) - Join gRPC server for SCMSecurityProtocolServer.
2023-09-14 12:55:29,876 [Time-limited test] INFO  om.OzoneManager (OzoneManager.java:stop(2207)) - om1[fv-az187-373.4biwkquksivelc4kanrnlgeoof.gx.internal.cloudapp.net:1202]: Stopping Ozone Manager
2023-09-14 12:55:29,876 [Time-limited test] INFO  ipc.Server (Server.java:stop(3523)) - Stopping server on 1202
2023-09-14 12:55:29,877 [Time-limited test] INFO  ratis.OzoneManagerStateMachine (OzoneManagerStateMachine.java:close(534)) - StateMachine has shutdown. Shutdown OzoneManager if not already shutdown.
2023-09-14 12:55:29,877 [Time-limited test] INFO  ratis.OzoneManagerDoubleBuffer (OzoneManagerDoubleBuffer.java:stopDaemon(551)) - Stopping OMDoubleBuffer flush thread
2023-09-14 12:55:29,877 [OMDoubleBufferFlushThread] INFO  ratis.OzoneManagerDoubleBuffer (OzoneManagerDoubleBuffer.java:canFlush(638)) - OMDoubleBuffer flush thread OMDoubleBufferFlushThread is interrupted and will exit.
2023-09-14 12:55:29,877 [Time-limited test] INFO  om.OzoneManager (OzoneManager.java:stopSecretManager(1066)) - Stopping secret key client.
2023-09-14 12:55:29,877 [Time-limited test] INFO  om.OzoneManager (OzoneManager.java:stopSecretManager(1071)) - Stopping OM delegation token secret manager.
2023-09-14 12:55:29,877 [Time-limited test] INFO  rocksdiff.RocksDBCheckpointDiffer (RocksDBCheckpointDiffer.java:close(343)) - Shutting down CompactionDagPruningService.
2023-09-14 12:55:29,878 [Time-limited test] INFO  snapshot.SnapshotDiffManager (SnapshotDiffManager.java:closeExecutorService(1706)) - Shutting down executorService: 'SnapDiffExecutor'
2023-09-14 12:55:29,878 [Time-limited test] INFO  snapshot.SnapshotDiffManager (SnapshotDiffManager.java:closeExecutorService(1706)) - Shutting down executorService: 'SstDumpToolExecutor'
2023-09-14 12:55:29,879 [Time-limited test] INFO  utils.BackgroundService (BackgroundService.java:shutdown(141)) - Shutting down service SnapshotDiffCleanupService
]]></system-out>
  </testcase>
  <testcase name="testDelegationTokenRenewal" classname="org.apache.hadoop.ozone.TestSecureOzoneCluster" time="10.587">
    <system-out><![CDATA[2023-09-14 12:55:29,898 [Time-limited test] INFO  net.ServerSocketUtil (ServerSocketUtil.java:getPort(55)) - Using port 9860
2023-09-14 12:55:29,898 [Time-limited test] INFO  net.ServerSocketUtil (ServerSocketUtil.java:getPort(55)) - Using port 9861
2023-09-14 12:55:29,898 [Time-limited test] INFO  net.ServerSocketUtil (ServerSocketUtil.java:getPort(55)) - Using port 9863
2023-09-14 12:55:29,898 [Time-limited test] INFO  net.ServerSocketUtil (ServerSocketUtil.java:getPort(55)) - Using port 9961
2023-09-14 12:55:29,898 [Time-limited test] INFO  net.ServerSocketUtil (ServerSocketUtil.java:getPort(55)) - Using port 1200
2023-09-14 12:55:29,898 [Time-limited test] INFO  net.ServerSocketUtil (ServerSocketUtil.java:getPort(55)) - Using port 1201
2023-09-14 12:55:29,899 [Time-limited test] INFO  minikdc.MiniKdc (MiniKdc.java:<init>(225)) - Configuration:
2023-09-14 12:55:29,899 [Time-limited test] INFO  minikdc.MiniKdc (MiniKdc.java:<init>(226)) - ---------------------------------------------------------------
2023-09-14 12:55:29,899 [Time-limited test] INFO  minikdc.MiniKdc (MiniKdc.java:<init>(228)) -   debug: false
2023-09-14 12:55:29,899 [Time-limited test] INFO  minikdc.MiniKdc (MiniKdc.java:<init>(228)) -   transport: TCP
2023-09-14 12:55:29,899 [Time-limited test] INFO  minikdc.MiniKdc (MiniKdc.java:<init>(228)) -   max.ticket.lifetime: 86400000
2023-09-14 12:55:29,899 [Time-limited test] INFO  minikdc.MiniKdc (MiniKdc.java:<init>(228)) -   org.name: EXAMPLE
2023-09-14 12:55:29,899 [Time-limited test] INFO  minikdc.MiniKdc (MiniKdc.java:<init>(228)) -   kdc.port: 0
2023-09-14 12:55:29,899 [Time-limited test] INFO  minikdc.MiniKdc (MiniKdc.java:<init>(228)) -   org.domain: COM
2023-09-14 12:55:29,899 [Time-limited test] INFO  minikdc.MiniKdc (MiniKdc.java:<init>(228)) -   max.renewable.lifetime: 604800000
2023-09-14 12:55:29,899 [Time-limited test] INFO  minikdc.MiniKdc (MiniKdc.java:<init>(228)) -   instance: DefaultKrbServer
2023-09-14 12:55:29,899 [Time-limited test] INFO  minikdc.MiniKdc (MiniKdc.java:<init>(228)) -   kdc.bind.address: localhost
2023-09-14 12:55:29,899 [Time-limited test] INFO  minikdc.MiniKdc (MiniKdc.java:<init>(230)) - ---------------------------------------------------------------
2023-09-14 12:55:29,900 [Time-limited test] INFO  minikdc.MiniKdc (MiniKdc.java:start(285)) - MiniKdc started.
2023-09-14 12:55:30,239 [Time-limited test] INFO  om.OzoneManager (OzoneManager.java:getOmDetailsProto(4573)) - OzoneManager ports added:[name: "RPC"
value: 1202
]
2023-09-14 12:55:30,240 [Time-limited test] WARN  server.ServerUtils (ServerUtils.java:getDBPath(311)) - ozone.om.db.dirs is not configured. We recommend adding this setting. Falling back to ozone.metadata.dirs instead.
2023-09-14 12:55:30,242 [Time-limited test] INFO  ha.OMHANodeDetails (OMHANodeDetails.java:loadOMHAConfig(115)) - ozone.om.internal.service.id is not defined, falling back to ozone.om.service.ids to find serviceID for OzoneManager if it is HA enabled cluster
2023-09-14 12:55:30,242 [Time-limited test] INFO  ha.OMHANodeDetails (OMHANodeDetails.java:loadOMHAConfig(226)) - Configuration does not have ozone.om.address set. Falling back to the default OM address fv-az187-373.4biwkquksivelc4kanrnlgeoof.gx.internal.cloudapp.net/10.1.0.236:1202
2023-09-14 12:55:30,242 [Time-limited test] INFO  ha.OMHANodeDetails (OMHANodeDetails.java:getOMNodeDetailsForNonHA(254)) - OM Service ID is not set. Setting it to the default ID: omServiceIdDefault
2023-09-14 12:55:30,242 [Time-limited test] INFO  ha.OMHANodeDetails (OMHANodeDetails.java:getOMNodeDetailsForNonHA(261)) - OM Node ID is not set. Setting it to the default ID: om1
2023-09-14 12:55:30,242 [Time-limited test] WARN  server.ServerUtils (ServerUtils.java:getDBPath(311)) - ozone.om.db.dirs is not configured. We recommend adding this setting. Falling back to ozone.metadata.dirs instead.
2023-09-14 12:55:30,243 [Time-limited test] INFO  upgrade.AbstractLayoutVersionManager (AbstractLayoutVersionManager.java:init(83)) - Initializing Layout version manager with metadata layout = QUOTA (version = 6), software layout = QUOTA (version = 6)
2023-09-14 12:55:30,306 [Time-limited test] INFO  reflections.Reflections (Reflections.java:scan(232)) - Reflections took 61 ms to scan 2 urls, producing 187 keys and 515 values [using 2 cores]
2023-09-14 12:55:30,306 [Time-limited test] INFO  upgrade.OMLayoutVersionManager (OMLayoutVersionManager.java:lambda$0(115)) - Skipping Upgrade Action QuotaRepairUpgradeAction since it has been finalized.
2023-09-14 12:55:30,306 [Time-limited test] INFO  upgrade.OMLayoutVersionManager (OMLayoutVersionManager.java:lambda$0(115)) - Skipping Upgrade Action MockOmUpgradeAction since it has been finalized.
2023-09-14 12:55:30,309 [pool-519-thread-1] INFO  request.KdcRequest (KdcRequest.java:preauth(651)) - The preauth data is empty.
2023-09-14 12:55:30,309 [pool-519-thread-1] INFO  server.KdcHandler (KdcHandler.java:handleRecoverableException(177)) - KRB error occurred while processing request:Additional pre-authentication required
2023-09-14 12:55:30,317 [pool-519-thread-2] INFO  request.AsRequest (AsRequest.java:issueTicket(112)) - AS_REQ ISSUE: authtime 1694696130317,om/fv-az187-373.4biwkquksivelc4kanrnlgeoof.gx.internal.cloudapp.net@EXAMPLE.COM for krbtgt/EXAMPLE.COM@EXAMPLE.COM
2023-09-14 12:55:30,318 [Time-limited test] INFO  security.UserGroupInformation (UserGroupInformation.java:loginUserFromKeytab(1132)) - Login successful for user om/fv-az187-373.4biwkquksivelc4kanrnlgeoof.gx.internal.cloudapp.net@EXAMPLE.COM using keytab file om.keytab. Keytab auto renewal enabled : false
2023-09-14 12:55:30,318 [Time-limited test] INFO  om.OzoneManager (OzoneManager.java:loginOMUser(1164)) - Ozone Manager login successful.
2023-09-14 12:55:30,319 [Time-limited test] WARN  server.ServerUtils (ServerUtils.java:getDBPath(311)) - ozone.om.db.dirs is not configured. We recommend adding this setting. Falling back to ozone.metadata.dirs instead.
2023-09-14 12:55:30,319 [Time-limited test] INFO  proxy.SCMBlockLocationFailoverProxyProvider (SCMBlockLocationFailoverProxyProvider.java:<init>(114)) - Created block location fail-over proxy with 1 nodes: [nodeId=scmNodeId,nodeAddress=localhost/127.0.0.1:9863]
2023-09-14 12:55:30,320 [Time-limited test] INFO  om.OzoneManager (OzoneManager.java:getOmDetailsProto(4573)) - OzoneManager ports added:[name: "RPC"
value: 1202
]
2023-09-14 12:55:30,322 [Time-limited test] INFO  security.OMCertificateClient (DefaultCertificateClient.java:updateCertSerialId(1244)) - Certificate serial ID set to 9879877970576
2023-09-14 12:55:30,322 [Time-limited test] WARN  security.OMCertificateClient (DefaultCertificateClient.java:loadAllCertificates(173)) - Certificates could not be loaded.
java.nio.file.NoSuchFileException: /tmp/junit2541811262145596653/junit3523537630807424519/om-meta/om/certs
	at sun.nio.fs.UnixException.translateToIOException(UnixException.java:86)
	at sun.nio.fs.UnixException.rethrowAsIOException(UnixException.java:102)
	at sun.nio.fs.UnixException.rethrowAsIOException(UnixException.java:107)
	at sun.nio.fs.UnixFileSystemProvider.newDirectoryStream(UnixFileSystemProvider.java:427)
	at java.nio.file.Files.newDirectoryStream(Files.java:457)
	at java.nio.file.Files.list(Files.java:3451)
	at org.apache.hadoop.hdds.security.x509.certificate.client.DefaultCertificateClient.loadAllCertificates(DefaultCertificateClient.java:168)
	at org.apache.hadoop.hdds.security.x509.certificate.client.DefaultCertificateClient.updateCertSerialId(DefaultCertificateClient.java:1245)
	at org.apache.hadoop.hdds.security.x509.certificate.client.DefaultCertificateClient.<init>(DefaultCertificateClient.java:157)
	at org.apache.hadoop.hdds.security.x509.certificate.client.CommonCertificateClient.<init>(CommonCertificateClient.java:49)
	at org.apache.hadoop.ozone.security.OMCertificateClient.<init>(OMCertificateClient.java:68)
	at org.apache.hadoop.ozone.om.OzoneManager.<init>(OzoneManager.java:643)
	at org.apache.hadoop.ozone.om.OzoneManager.createOm(OzoneManager.java:757)
	at org.apache.hadoop.ozone.TestSecureOzoneCluster.setupOm(TestSecureOzoneCluster.java:701)
	at org.apache.hadoop.ozone.TestSecureOzoneCluster.testDelegationTokenRenewal(TestSecureOzoneCluster.java:626)
	at sun.reflect.NativeMethodAccessorImpl.invoke0(Native Method)
	at sun.reflect.NativeMethodAccessorImpl.invoke(NativeMethodAccessorImpl.java:62)
	at sun.reflect.DelegatingMethodAccessorImpl.invoke(DelegatingMethodAccessorImpl.java:43)
	at java.lang.reflect.Method.invoke(Method.java:498)
	at org.junit.runners.model.FrameworkMethod$1.runReflectiveCall(FrameworkMethod.java:59)
	at org.junit.internal.runners.model.ReflectiveCallable.run(ReflectiveCallable.java:12)
	at org.junit.runners.model.FrameworkMethod.invokeExplosively(FrameworkMethod.java:56)
	at org.junit.internal.runners.statements.InvokeMethod.evaluate(InvokeMethod.java:17)
	at org.junit.internal.runners.statements.RunBefores.evaluate(RunBefores.java:26)
	at org.junit.internal.runners.statements.RunAfters.evaluate(RunAfters.java:27)
	at org.junit.rules.ExternalResource$1.evaluate(ExternalResource.java:54)
	at org.junit.internal.runners.statements.FailOnTimeout$CallableStatement.call(FailOnTimeout.java:288)
	at org.junit.internal.runners.statements.FailOnTimeout$CallableStatement.call(FailOnTimeout.java:282)
	at java.util.concurrent.FutureTask.run(FutureTask.java:266)
	at java.lang.Thread.run(Thread.java:750)
2023-09-14 12:55:30,324 [Time-limited test] INFO  om.OzoneManager (OzoneManager.java:<init>(665)) - OM start with adminUsers: [om/fv-az187-373.4biwkquksivelc4kanrnlgeoof.gx.internal.cloudapp.net@EXAMPLE.COM, om]
2023-09-14 12:55:30,324 [Time-limited test] WARN  server.ServerUtils (ServerUtils.java:getDBPath(311)) - ozone.om.db.dirs is not configured. We recommend adding this setting. Falling back to ozone.metadata.dirs instead.
2023-09-14 12:55:30,326 [Time-limited test] INFO  helpers.OmKeyInfo (OmKeyInfo.java:getCodec(71)) - OmKeyInfo.getCodec ignorePipeline = true
2023-09-14 12:55:30,498 [Time-limited test] INFO  om.OzoneManager (OzoneManager.java:instantiateServices(794)) - S3 Multi-Tenancy is disabled
2023-09-14 12:55:30,498 [Time-limited test] INFO  security.OzoneSecretStore (OzoneSecretStore.java:loadState(69)) - Loaded 0 tokens
2023-09-14 12:55:30,498 [Time-limited test] INFO  security.OzoneDelegationTokenSecretManager (OzoneDelegationTokenSecretManager.java:loadTokenSecretState(530)) - Loading token state into token manager.
2023-09-14 12:55:30,498 [Time-limited test] INFO  om.OmSnapshotManager (OmSnapshotManager.java:<init>(174)) - Ozone filesystem snapshot feature is enabled.
2023-09-14 12:55:30,498 [Time-limited test] WARN  server.ServerUtils (ServerUtils.java:getDBPath(311)) - ozone.om.snapshot.diff.db.dir is not configured. We recommend adding this setting. Falling back to ozone.metadata.dirs instead.
2023-09-14 12:55:30,529 [Time-limited test] INFO  snapshot.SnapshotDiffManager (SnapshotDiffManager.java:closeExecutorService(1706)) - Shutting down executorService: 'SstDumpToolExecutor'
2023-09-14 12:55:30,531 [Time-limited test] INFO  om.OzoneManager (OzoneManager.java:addS3GVolumeToDB(4305)) - Created Volume s3v With Owner om required for S3Gateway operations.
2023-09-14 12:55:30,531 [Time-limited test] WARN  server.ServerUtils (ServerUtils.java:getDefaultRatisDirectory(323)) - Storage directory for Ratis is not configured. It is a good idea to map this to an SSD disk. Falling back to ozone.metadata.dirs
2023-09-14 12:55:30,531 [Time-limited test] WARN  utils.OzoneManagerRatisUtils (OzoneManagerRatisUtils.java:getOMRatisSnapshotDirectory(464)) - ozone.om.ratis.snapshot.dir is not configured. Falling back to ozone.metadata.dirs config
2023-09-14 12:55:30,532 [Time-limited test] WARN  server.ServerUtils (ServerUtils.java:getDefaultRatisDirectory(323)) - Storage directory for Ratis is not configured. It is a good idea to map this to an SSD disk. Falling back to ozone.metadata.dirs
2023-09-14 12:55:30,533 [Time-limited test] INFO  ratis.OzoneManagerRatisServer (OzoneManagerRatisServer.java:<init>(163)) - Instantiating OM Ratis server with groupID: omServiceIdDefault and peers: fv-az187-373.4biwkquksivelc4kanrnlgeoof.gx.internal.cloudapp.net:9872
2023-09-14 12:55:30,533 [Time-limited test] INFO  ratis.OzoneManagerStateMachine (OzoneManagerStateMachine.java:loadSnapshotInfoFromDB(687)) - LastAppliedIndex is set from TransactionInfo from OM DB as (t:0, i:~)
2023-09-14 12:55:30,533 [Time-limited test] INFO  server.RaftServer (ConfUtils.java:logGet(46)) - raft.rpc.type = GRPC (default)
2023-09-14 12:55:30,533 [Time-limited test] INFO  grpc.GrpcConfigKeys (ConfUtils.java:logFallback(53)) - raft.grpc.admin.host = null (fallback to raft.grpc.server.host)
2023-09-14 12:55:30,534 [Time-limited test] INFO  grpc.GrpcConfigKeys (ConfUtils.java:logFallback(53)) - raft.grpc.admin.port = 9872 (fallback to raft.grpc.server.port)
2023-09-14 12:55:30,534 [Time-limited test] INFO  grpc.GrpcConfigKeys (ConfUtils.java:logFallback(53)) - raft.grpc.client.host = null (fallback to raft.grpc.server.host)
2023-09-14 12:55:30,534 [Time-limited test] INFO  grpc.GrpcConfigKeys (ConfUtils.java:logFallback(53)) - raft.grpc.client.port = 9872 (fallback to raft.grpc.server.port)
2023-09-14 12:55:30,534 [Time-limited test] INFO  grpc.GrpcConfigKeys (ConfUtils.java:logGet(46)) - raft.grpc.server.host = null (default)
2023-09-14 12:55:30,534 [Time-limited test] INFO  grpc.GrpcConfigKeys (ConfUtils.java:logGet(46)) - raft.grpc.server.port = 9872 (custom)
2023-09-14 12:55:30,534 [Time-limited test] INFO  server.GrpcService (ConfUtils.java:logGet(46)) - raft.grpc.message.size.max = 33554432 (custom)
2023-09-14 12:55:30,534 [Time-limited test] INFO  server.RaftServerConfigKeys (ConfUtils.java:logGet(46)) - raft.server.log.appender.buffer.byte-limit = 33554432 (custom)
2023-09-14 12:55:30,534 [Time-limited test] INFO  server.GrpcService (ConfUtils.java:logGet(46)) - raft.grpc.flow.control.window = 1MB (=1048576) (default)
2023-09-14 12:55:30,534 [Time-limited test] INFO  server.RaftServerConfigKeys (ConfUtils.java:logGet(46)) - raft.server.rpc.request.timeout = 3000ms (default)
2023-09-14 12:55:30,534 [Time-limited test] INFO  grpc.GrpcConfigKeys (ConfUtils.java:logGet(46)) - raft.grpc.server.heartbeat.channel = true (default)
2023-09-14 12:55:30,534 [Time-limited test] INFO  grpc.GrpcConfigKeys (ConfUtils.java:logGet(46)) - raft.grpc.server.async.request.thread.pool.cached = true (default)
2023-09-14 12:55:30,534 [Time-limited test] INFO  grpc.GrpcConfigKeys (ConfUtils.java:logGet(46)) - raft.grpc.server.async.request.thread.pool.size = 32 (default)
2023-09-14 12:55:30,535 [Time-limited test] INFO  impl.DataStreamServerImpl (ConfUtils.java:logGet(46)) - raft.datastream.type = DISABLED (default)
2023-09-14 12:55:30,536 [Time-limited test] INFO  server.RaftServerConfigKeys (ConfUtils.java:logGet(46)) - raft.server.threadpool.proxy.cached = true (default)
2023-09-14 12:55:30,536 [Time-limited test] INFO  server.RaftServerConfigKeys (ConfUtils.java:logGet(46)) - raft.server.threadpool.proxy.size = 0 (default)
2023-09-14 12:55:30,536 [Time-limited test] INFO  server.RaftServerConfigKeys (ConfUtils.java:logGet(46)) - raft.server.rpc.slowness.timeout = 120s (custom)
2023-09-14 12:55:30,536 [Time-limited test] INFO  server.RaftServerConfigKeys (ConfUtils.java:logGet(46)) - raft.server.leaderelection.leader.step-down.wait-time = 10s (default)
2023-09-14 12:55:30,536 [Time-limited test] INFO  server.RaftServerConfigKeys (ConfUtils.java:logGet(46)) - raft.server.storage.dir = [/tmp/junit2541811262145596653/junit3523537630807424519/om-meta/ratis] (custom)
2023-09-14 12:55:30,536 [Time-limited test] INFO  server.RaftServer (RaftServerProxy.java:addNew(98)) - om1: addNew group-C5BA1605619E:[om1|rpc:fv-az187-373.4biwkquksivelc4kanrnlgeoof.gx.internal.cloudapp.net:9872|priority:0|startupRole:FOLLOWER] returns group-C5BA1605619E:java.util.concurrent.CompletableFuture@d95aab2[Not completed]
2023-09-14 12:55:30,537 [Time-limited test] INFO  om.OzoneManager (OzoneManager.java:initializeRatisServer(2148)) - OzoneManager Ratis server initialized at port 9872
RaftServerImpl.java:<init>(198)) - om1: new RaftServerImpl for group-C5BA1605619E:[om1|rpc:fv-az187-373.4biwkquksivelc4kanrnlgeoof.gx.internal.cloudapp.net:9872|priority:0|startupRole:FOLLOWER] with OzoneManagerStateMachine:uninitialized
2023-09-14 12:55:30,537 [Time-limited test] INFO  om.OzoneManager (OzoneManager.java:initializeRatisServer(2148)) - OzoneManager Ratis server initialized at port 9872
2023-09-14 12:55:30,537 [Time-limited test] INFO  om.OzoneManager (ConfUtils.java:logGet(46)) - raft.server.rpc.timeout.min = 5s (custom)
2023-09-14 12:55:30,537 [Time-limited test] INFO  om.OzoneManager (OzoneManager.java:getRpcServer(1196)) - Creating RPC Server
2023-09-14 12:55:30,537 [om1-groupManagement] INFO  server.RaftServerConfigKeys (ConfUtils.java:logGet(46)) - raft.server.rpc.timeout.max = 5200ms (custom)
2023-09-14 12:55:30,537 [om1-groupManagement] INFO  server.RaftServerConfigKeys (ConfUtils.java:logGet(46)) - raft.server.rpc.sleep.time = 25ms (default)
2023-09-14 12:55:30,537 [om1-groupManagement] INFO  server.RaftServerConfigKeys (ConfUtils.java:logGet(46)) - raft.server.rpc.slowness.timeout = 120s (custom)
2023-09-14 12:55:30,537 [om1-groupManagement] INFO  server.RaftServerConfigKeys (ConfUtils.java:logGet(46)) - raft.server.leaderelection.leader.step-down.wait-time = 10s (default)
2023-09-14 12:55:30,537 [om1-groupManagement] INFO  server.RaftServerConfigKeys (ConfUtils.java:logGet(46)) - raft.server.sleep.deviation.threshold = 300ms (default)
2023-09-14 12:55:30,538 [om1-groupManagement] INFO  server.RaftServer$Division (ServerState.java:<init>(120)) - om1@group-C5BA1605619E: ConfigurationManager, init=-1: peers:[om1|rpc:fv-az187-373.4biwkquksivelc4kanrnlgeoof.gx.internal.cloudapp.net:9872|priority:0|startupRole:FOLLOWER]|listeners:[], old=null, confs=<EMPTY_MAP>
2023-09-14 12:55:30,539 [om1-groupManagement] INFO  server.RaftServerConfigKeys (ConfUtils.java:logGet(46)) - raft.server.storage.dir = [/tmp/junit2541811262145596653/junit3523537630807424519/om-meta/ratis] (custom)
2023-09-14 12:55:30,539 [om1-groupManagement] INFO  server.RaftServerConfigKeys (ConfUtils.java:logGet(46)) - raft.server.log.corruption.policy = EXCEPTION (default)
2023-09-14 12:55:30,539 [om1-groupManagement] INFO  server.RaftServerConfigKeys (ConfUtils.java:logGet(46)) - raft.server.storage.free-space.min = 0MB (=0) (default)
2023-09-14 12:55:30,539 [om1-groupManagement] INFO  server.RaftServerConfigKeys (ConfUtils.java:logGet(46)) - raft.server.notification.no-leader.timeout = 120s (custom)
2023-09-14 12:55:30,539 [om1-groupManagement] INFO  server.RaftServerConfigKeys (ConfUtils.java:logGet(46)) - raft.server.read.timeout = 10s (default)
2023-09-14 12:55:30,539 [om1-groupManagement] INFO  server.RaftServerConfigKeys (ConfUtils.java:logGet(46)) - raft.server.retrycache.expirytime = 300s (custom)
2023-09-14 12:55:30,539 [om1-groupManagement] INFO  server.RaftServerConfigKeys (ConfUtils.java:logGet(46)) - raft.server.retrycache.statistics.expirytime = 100μs (default)
2023-09-14 12:55:30,539 [om1-groupManagement] INFO  server.RaftServerConfigKeys (ConfUtils.java:logGet(46)) - raft.server.read.option = DEFAULT (default)
2023-09-14 12:55:30,540 [om1-groupManagement] INFO  server.RaftServerConfigKeys (ConfUtils.java:logGet(46)) - raft.server.rpc.request.timeout = 3000ms (default)
2023-09-14 12:55:30,540 [om1-groupManagement] INFO  server.RaftServerConfigKeys (ConfUtils.java:logGet(46)) - raft.server.log.appender.install.snapshot.enabled = false (custom)
2023-09-14 12:55:30,540 [om1-groupManagement] INFO  server.RaftServerConfigKeys (ConfUtils.java:logGet(46)) - raft.server.threadpool.server.cached = true (default)
2023-09-14 12:55:30,540 [om1-groupManagement] INFO  server.RaftServerConfigKeys (ConfUtils.java:logGet(46)) - raft.server.threadpool.server.size = 0 (default)
2023-09-14 12:55:30,540 [om1-groupManagement] INFO  server.RaftServerConfigKeys (ConfUtils.java:logGet(46)) - raft.server.threadpool.client.cached = true (default)
2023-09-14 12:55:30,540 [om1-groupManagement] INFO  server.RaftServerConfigKeys (ConfUtils.java:logGet(46)) - raft.server.threadpool.client.size = 0 (default)
2023-09-14 12:55:30,817 [Time-limited test] INFO  reflections.Reflections (Reflections.java:scan(232)) - Reflections took 279 ms to scan 20 urls, producing 70 keys and 6001 values [using 2 cores]
2023-09-14 12:55:30,818 [Time-limited test] INFO  ipc.CallQueueManager (CallQueueManager.java:<init>(90)) - Using callQueue: class java.util.concurrent.LinkedBlockingQueue, queueCapacity: 10000, scheduler: class org.apache.hadoop.ipc.DefaultRpcScheduler, ipcBackoff: false.
2023-09-14 12:55:30,819 [Time-limited test] INFO  ipc.Server (Server.java:<init>(1287)) - Listener at fv-az187-373.4biwkquksivelc4kanrnlgeoof.gx.internal.cloudapp.net:1202
2023-09-14 12:55:30,825 [Socket Reader #1 for port 1202] INFO  ipc.Server (Server.java:run(1323)) - Starting Socket Reader #1 for port 1202
2023-09-14 12:55:31,304 [Time-limited test] INFO  utils.SelfSignedCertificate (SelfSignedCertificate.java:generateCertificate(157)) - Certificate 1 is issued by CN=rootCA@localhost,OU=scm1,O=cluster1 to CN=rootCA@localhost,OU=scm1,O=cluster1, valid from Thu Sep 14 12:55:31 UTC 2023 to Sun Oct 22 12:55:31 UTC 2028
2023-09-14 12:55:31,307 [Time-limited test] INFO  authority.DefaultApprover (DefaultApprover.java:sign(154)) - Extensions in CSR: 2.5.29.15
2023-09-14 12:55:31,307 [Time-limited test] INFO  authority.DefaultApprover (DefaultApprover.java:sign(158)) - Extensions to add to the certificate if they present in CSR: 2.5.29.17, 2.5.29.19, 1.3.6.1.5.5.7.1.12, 2.5.29.35, 2.5.29.37, 2.5.29.15
2023-09-14 12:55:31,309 [Time-limited test] INFO  ssl.ReloadingX509KeyManager (ReloadingX509KeyManager.java:loadKeyManager(222)) - Key manager is loaded with certificate chain
2023-09-14 12:55:31,310 [Time-limited test] INFO  ssl.ReloadingX509KeyManager (ReloadingX509KeyManager.java:loadKeyManager(224)) - [
[
  Version: V3
  Subject: O=cluster1, OU=scm1, CN=localhost
  Signature Algorithm: SHA256withRSA, OID = 1.2.840.113549.1.1.11

  Key:  Sun RSA public key, 2048 bits
  params: null
  modulus: 20140530518137896374745712970740693437182883797895515712704172003489014752661011699532885442229773253831804385537200680527141972353290443968983128383943554034777330054026817966734098382038726314735271339707102521769836426902040215618318703831278342598140201877343349738427662712782211011234865513033536990240733343975135952827671567426874865431756052434052539476547607889574436510695897927281565667211225640630534123401458563433554104395473913522736939952652937060968114025937753390356539025914257170378053753038658814945959204955448980324482946596239598516456869642208928224820567399676541285523247278563741736992179
  public exponent: 65537
  Validity: [From: Thu Sep 14 12:55:31 UTC 2023,
               To: Fri Sep 13 12:55:31 UTC 2024]
  Issuer: O=cluster1, OU=scm1, CN=rootCA@localhost
  SerialNumber: [    027b0eec f8aa]

Certificate Extensions: 1
[1]: ObjectId: 2.5.29.15 Criticality=true
KeyUsage [
  DigitalSignature
  Key_Encipherment
  Data_Encipherment
  Key_Agreement
]

]
  Algorithm: [SHA256withRSA]
  Signature:
0000: 00 5B 3E FF A5 D1 FD CF   AD 24 2E A0 57 23 01 42  .[>......$..W#.B
0010: 89 7E 67 96 F0 C5 9E 14   96 9B 89 BD 74 28 01 11  ..g.........t(..
0020: BF 71 38 B8 8A A2 EA 87   6F 82 6F 94 7C 89 C9 4A  .q8.....o.o....J
0030: 01 FA 05 04 9A 57 30 2A   D7 93 B8 7D 5B 14 C0 19  .....W0*....[...
0040: 15 39 71 34 46 24 0E B0   29 70 46 EE 42 01 52 B5  .9q4F$..)pF.B.R.
0050: A9 25 2E 99 63 6F 7C A0   F0 67 43 98 F0 55 E1 0C  .%..co...gC..U..
0060: 5B AE FA 16 58 B0 C5 31   F9 2D F9 ED CD B0 A4 46  [...X..1.-.....F
0070: 65 71 1B F9 7C F4 C3 2C   0C 77 3F 05 6D E2 C4 EF  eq.....,.w?.m...
0080: 6C 48 65 3B 3F 3F DF 23   2A CC 68 EA 3B 6C 37 7E  lHe;??.#*.h.;l7.
0090: FD C9 B8 4A AB 58 CD D9   5B FB 40 00 D3 5D F9 E6  ...J.X..[.@..]..
00A0: B0 E0 0F 30 FE 55 66 48   3F D5 49 09 8A A0 CE 8F  ...0.UfH?.I.....
00B0: CF 8F 88 8C 94 33 C7 73   71 B1 BA 06 8E E9 54 0E  .....3.sq.....T.
00C0: B2 85 AF 94 E9 A3 4A AA   E7 16 DC D5 8E 8D 79 55  ......J.......yU
00D0: A0 D6 58 79 B2 DA E8 80   3A 18 C8 67 92 09 66 4C  ..Xy....:..g..fL
00E0: 4B 05 97 A2 B4 60 5C 51   72 59 49 CD 48 41 C3 1A  K....`\QrYI.HA..
00F0: 5A 30 07 C2 97 78 D0 15   89 BC C0 8C C2 E4 DD 9B  Z0...x..........

]
2023-09-14 12:55:31,310 [Time-limited test] INFO  ssl.ReloadingX509KeyManager (ReloadingX509KeyManager.java:loadKeyManager(224)) - [
[
  Version: V3
  Subject: O=cluster1, OU=scm1, CN=rootCA@localhost
  Signature Algorithm: SHA256withRSA, OID = 1.2.840.113549.1.1.11

  Key:  Sun RSA public key, 2048 bits
  params: null
  modulus: 25120229712520914996095278415599410115297521047376794115222404220168266649074143167263288309296625898544770066894957628817297491884229568030948117117118005183434086023573612415164939268227497885177424214811590051871432949797344872473521000216509189418998157033276736323991850617170607028785255200707115891814825976340801633858211403429005192813292407468928821946080571526821713673191869393187220223371304757666567264892832197129685208134182278590624378667387514806157826231807142445702424681740172266125917330968021070191559142332785311830526299174691469083065758399863477209767949740966542423754758096230950791704311
  public exponent: 65537
  Validity: [From: Thu Sep 14 12:55:31 UTC 2023,
               To: Sun Oct 22 12:55:31 UTC 2028]
  Issuer: O=cluster1, OU=scm1, CN=rootCA@localhost
  SerialNumber: [    01]

Certificate Extensions: 2
[1]: ObjectId: 2.5.29.19 Criticality=true
BasicConstraints:[
  CA:true
  PathLen:2147483647
]

[2]: ObjectId: 2.5.29.15 Criticality=true
KeyUsage [
  Key_CertSign
  Crl_Sign
]

]
  Algorithm: [SHA256withRSA]
  Signature:
0000: 9E 08 4E F4 C4 36 03 D6   7E 28 15 2E D6 65 ED 3A  ..N..6...(...e.:
0010: F0 B0 0A 91 E6 74 E4 41   9B 18 49 AB 89 7C AD 5E  .....t.A..I....^
0020: D7 5B F6 0C BD 96 F3 E8   41 C2 56 78 D1 90 23 2C  .[......A.Vx..#,
0030: 37 69 62 B8 BA 57 01 F4   20 14 98 FF EF EA F2 99  7ib..W.. .......
0040: C3 21 AA F7 79 A0 D1 15   30 2C 06 9E 78 E4 1E B1  .!..y...0,..x...
0050: E9 C3 73 19 3A 8D FE A8   21 47 01 86 50 3B 16 35  ..s.:...!G..P;.5
0060: 88 BE 2D 66 3B C2 0E 63   B1 41 FD FE 9B B3 35 6A  ..-f;..c.A....5j
0070: 6B 6E F9 C9 04 D6 5B 3D   33 0A E8 C3 2B A4 CE 2D  kn....[=3...+..-
0080: E8 86 68 DB BA C4 2E 4F   1B A3 2A 24 4E 59 18 E2  ..h....O..*$NY..
0090: 24 A9 13 49 6D E1 7E E9   03 60 AD B9 51 42 58 4C  $..Im....`..QBXL
00A0: 63 3B A2 CE FA DC 6A BD   1F DC BD 4F F9 DE C5 07  c;....j....O....
00B0: 5B B1 22 3C 75 6D B2 FC   B3 19 13 D3 2E 6B F2 0E  [."<um.......k..
00C0: 72 58 46 D7 D0 62 35 7B   53 F9 9B BA 34 B9 97 D8  rXF..b5.S...4...
00D0: 5D 91 88 30 F9 E8 D6 F5   A7 2C 45 AD 05 EA 37 9D  ]..0.....,E...7.
00E0: 0E E8 C6 E6 F0 AA A7 29   E0 1A 60 14 06 11 91 9C  .......)..`.....
00F0: 60 A2 93 BE 38 B1 5F 81   39 A0 CF B7 78 98 F1 6A  `...8._.9...x..j

]
2023-09-14 12:55:31,310 [Time-limited test] INFO  ssl.ReloadingX509TrustManager (ReloadingX509TrustManager.java:insertCertsToKeystore(188)) - Trust manager is loaded with certificates
2023-09-14 12:55:31,311 [Time-limited test] INFO  ssl.ReloadingX509TrustManager (ReloadingX509TrustManager.java:insertCertsToKeystore(192)) - [
[
  Version: V3
  Subject: O=cluster1, OU=scm1, CN=rootCA@localhost
  Signature Algorithm: SHA256withRSA, OID = 1.2.840.113549.1.1.11

  Key:  Sun RSA public key, 2048 bits
  params: null
  modulus: 25120229712520914996095278415599410115297521047376794115222404220168266649074143167263288309296625898544770066894957628817297491884229568030948117117118005183434086023573612415164939268227497885177424214811590051871432949797344872473521000216509189418998157033276736323991850617170607028785255200707115891814825976340801633858211403429005192813292407468928821946080571526821713673191869393187220223371304757666567264892832197129685208134182278590624378667387514806157826231807142445702424681740172266125917330968021070191559142332785311830526299174691469083065758399863477209767949740966542423754758096230950791704311
  public exponent: 65537
  Validity: [From: Thu Sep 14 12:55:31 UTC 2023,
               To: Sun Oct 22 12:55:31 UTC 2028]
  Issuer: O=cluster1, OU=scm1, CN=rootCA@localhost
  SerialNumber: [    01]

Certificate Extensions: 2
[1]: ObjectId: 2.5.29.19 Criticality=true
BasicConstraints:[
  CA:true
  PathLen:2147483647
]

[2]: ObjectId: 2.5.29.15 Criticality=true
KeyUsage [
  Key_CertSign
  Crl_Sign
]

]
  Algorithm: [SHA256withRSA]
  Signature:
0000: 9E 08 4E F4 C4 36 03 D6   7E 28 15 2E D6 65 ED 3A  ..N..6...(...e.:
0010: F0 B0 0A 91 E6 74 E4 41   9B 18 49 AB 89 7C AD 5E  .....t.A..I....^
0020: D7 5B F6 0C BD 96 F3 E8   41 C2 56 78 D1 90 23 2C  .[......A.Vx..#,
0030: 37 69 62 B8 BA 57 01 F4   20 14 98 FF EF EA F2 99  7ib..W.. .......
0040: C3 21 AA F7 79 A0 D1 15   30 2C 06 9E 78 E4 1E B1  .!..y...0,..x...
0050: E9 C3 73 19 3A 8D FE A8   21 47 01 86 50 3B 16 35  ..s.:...!G..P;.5
0060: 88 BE 2D 66 3B C2 0E 63   B1 41 FD FE 9B B3 35 6A  ..-f;..c.A....5j
0070: 6B 6E F9 C9 04 D6 5B 3D   33 0A E8 C3 2B A4 CE 2D  kn....[=3...+..-
0080: E8 86 68 DB BA C4 2E 4F   1B A3 2A 24 4E 59 18 E2  ..h....O..*$NY..
0090: 24 A9 13 49 6D E1 7E E9   03 60 AD B9 51 42 58 4C  $..Im....`..QBXL
00A0: 63 3B A2 CE FA DC 6A BD   1F DC BD 4F F9 DE C5 07  c;....j....O....
00B0: 5B B1 22 3C 75 6D B2 FC   B3 19 13 D3 2E 6B F2 0E  [."<um.......k..
00C0: 72 58 46 D7 D0 62 35 7B   53 F9 9B BA 34 B9 97 D8  rXF..b5.S...4...
00D0: 5D 91 88 30 F9 E8 D6 F5   A7 2C 45 AD 05 EA 37 9D  ]..0.....,E...7.
00E0: 0E E8 C6 E6 F0 AA A7 29   E0 1A 60 14 06 11 91 9C  .......)..`.....
00F0: 60 A2 93 BE 38 B1 5F 81   39 A0 CF B7 78 98 F1 6A  `...8._.9...x..j

]
2023-09-14 12:55:31,311 [Time-limited test] INFO  ssl.ReloadingX509KeyManager (ReloadingX509KeyManager.java:loadKeyManager(222)) - Key manager is loaded with certificate chain
2023-09-14 12:55:31,311 [Time-limited test] INFO  ssl.ReloadingX509KeyManager (ReloadingX509KeyManager.java:loadKeyManager(224)) - [
[
  Version: V3
  Subject: O=cluster1, OU=scm1, CN=localhost
  Signature Algorithm: SHA256withRSA, OID = 1.2.840.113549.1.1.11

  Key:  Sun RSA public key, 2048 bits
  params: null
  modulus: 20140530518137896374745712970740693437182883797895515712704172003489014752661011699532885442229773253831804385537200680527141972353290443968983128383943554034777330054026817966734098382038726314735271339707102521769836426902040215618318703831278342598140201877343349738427662712782211011234865513033536990240733343975135952827671567426874865431756052434052539476547607889574436510695897927281565667211225640630534123401458563433554104395473913522736939952652937060968114025937753390356539025914257170378053753038658814945959204955448980324482946596239598516456869642208928224820567399676541285523247278563741736992179
  public exponent: 65537
  Validity: [From: Thu Sep 14 12:55:31 UTC 2023,
               To: Fri Sep 13 12:55:31 UTC 2024]
  Issuer: O=cluster1, OU=scm1, CN=rootCA@localhost
  SerialNumber: [    027b0eec f8aa]

Certificate Extensions: 1
[1]: ObjectId: 2.5.29.15 Criticality=true
KeyUsage [
  DigitalSignature
  Key_Encipherment
  Data_Encipherment
  Key_Agreement
]

]
  Algorithm: [SHA256withRSA]
  Signature:
0000: 00 5B 3E FF A5 D1 FD CF   AD 24 2E A0 57 23 01 42  .[>......$..W#.B
0010: 89 7E 67 96 F0 C5 9E 14   96 9B 89 BD 74 28 01 11  ..g.........t(..
0020: BF 71 38 B8 8A A2 EA 87   6F 82 6F 94 7C 89 C9 4A  .q8.....o.o....J
0030: 01 FA 05 04 9A 57 30 2A   D7 93 B8 7D 5B 14 C0 19  .....W0*....[...
0040: 15 39 71 34 46 24 0E B0   29 70 46 EE 42 01 52 B5  .9q4F$..)pF.B.R.
0050: A9 25 2E 99 63 6F 7C A0   F0 67 43 98 F0 55 E1 0C  .%..co...gC..U..
0060: 5B AE FA 16 58 B0 C5 31   F9 2D F9 ED CD B0 A4 46  [...X..1.-.....F
0070: 65 71 1B F9 7C F4 C3 2C   0C 77 3F 05 6D E2 C4 EF  eq.....,.w?.m...
0080: 6C 48 65 3B 3F 3F DF 23   2A CC 68 EA 3B 6C 37 7E  lHe;??.#*.h.;l7.
0090: FD C9 B8 4A AB 58 CD D9   5B FB 40 00 D3 5D F9 E6  ...J.X..[.@..]..
00A0: B0 E0 0F 30 FE 55 66 48   3F D5 49 09 8A A0 CE 8F  ...0.UfH?.I.....
00B0: CF 8F 88 8C 94 33 C7 73   71 B1 BA 06 8E E9 54 0E  .....3.sq.....T.
00C0: B2 85 AF 94 E9 A3 4A AA   E7 16 DC D5 8E 8D 79 55  ......J.......yU
00D0: A0 D6 58 79 B2 DA E8 80   3A 18 C8 67 92 09 66 4C  ..Xy....:..g..fL
00E0: 4B 05 97 A2 B4 60 5C 51   72 59 49 CD 48 41 C3 1A  K....`\QrYI.HA..
00F0: 5A 30 07 C2 97 78 D0 15   89 BC C0 8C C2 E4 DD 9B  Z0...x..........

]
2023-09-14 12:55:31,311 [Time-limited test] INFO  ssl.ReloadingX509KeyManager (ReloadingX509KeyManager.java:loadKeyManager(224)) - [
[
  Version: V3
  Subject: O=cluster1, OU=scm1, CN=rootCA@localhost
  Signature Algorithm: SHA256withRSA, OID = 1.2.840.113549.1.1.11

  Key:  Sun RSA public key, 2048 bits
  params: null
  modulus: 25120229712520914996095278415599410115297521047376794115222404220168266649074143167263288309296625898544770066894957628817297491884229568030948117117118005183434086023573612415164939268227497885177424214811590051871432949797344872473521000216509189418998157033276736323991850617170607028785255200707115891814825976340801633858211403429005192813292407468928821946080571526821713673191869393187220223371304757666567264892832197129685208134182278590624378667387514806157826231807142445702424681740172266125917330968021070191559142332785311830526299174691469083065758399863477209767949740966542423754758096230950791704311
  public exponent: 65537
  Validity: [From: Thu Sep 14 12:55:31 UTC 2023,
               To: Sun Oct 22 12:55:31 UTC 2028]
  Issuer: O=cluster1, OU=scm1, CN=rootCA@localhost
  SerialNumber: [    01]

Certificate Extensions: 2
[1]: ObjectId: 2.5.29.19 Criticality=true
BasicConstraints:[
  CA:true
  PathLen:2147483647
]

[2]: ObjectId: 2.5.29.15 Criticality=true
KeyUsage [
  Key_CertSign
  Crl_Sign
]

]
  Algorithm: [SHA256withRSA]
  Signature:
0000: 9E 08 4E F4 C4 36 03 D6   7E 28 15 2E D6 65 ED 3A  ..N..6...(...e.:
0010: F0 B0 0A 91 E6 74 E4 41   9B 18 49 AB 89 7C AD 5E  .....t.A..I....^
0020: D7 5B F6 0C BD 96 F3 E8   41 C2 56 78 D1 90 23 2C  .[......A.Vx..#,
0030: 37 69 62 B8 BA 57 01 F4   20 14 98 FF EF EA F2 99  7ib..W.. .......
0040: C3 21 AA F7 79 A0 D1 15   30 2C 06 9E 78 E4 1E B1  .!..y...0,..x...
0050: E9 C3 73 19 3A 8D FE A8   21 47 01 86 50 3B 16 35  ..s.:...!G..P;.5
0060: 88 BE 2D 66 3B C2 0E 63   B1 41 FD FE 9B B3 35 6A  ..-f;..c.A....5j
0070: 6B 6E F9 C9 04 D6 5B 3D   33 0A E8 C3 2B A4 CE 2D  kn....[=3...+..-
0080: E8 86 68 DB BA C4 2E 4F   1B A3 2A 24 4E 59 18 E2  ..h....O..*$NY..
0090: 24 A9 13 49 6D E1 7E E9   03 60 AD B9 51 42 58 4C  $..Im....`..QBXL
00A0: 63 3B A2 CE FA DC 6A BD   1F DC BD 4F F9 DE C5 07  c;....j....O....
00B0: 5B B1 22 3C 75 6D B2 FC   B3 19 13 D3 2E 6B F2 0E  [."<um.......k..
00C0: 72 58 46 D7 D0 62 35 7B   53 F9 9B BA 34 B9 97 D8  rXF..b5.S...4...
00D0: 5D 91 88 30 F9 E8 D6 F5   A7 2C 45 AD 05 EA 37 9D  ]..0.....,E...7.
00E0: 0E E8 C6 E6 F0 AA A7 29   E0 1A 60 14 06 11 91 9C  .......)..`.....
00F0: 60 A2 93 BE 38 B1 5F 81   39 A0 CF B7 78 98 F1 6A  `...8._.9...x..j

]
2023-09-14 12:55:31,312 [Time-limited test] INFO  ssl.ReloadingX509TrustManager (ReloadingX509TrustManager.java:insertCertsToKeystore(188)) - Trust manager is loaded with certificates
2023-09-14 12:55:31,312 [Time-limited test] INFO  ssl.ReloadingX509TrustManager (ReloadingX509TrustManager.java:insertCertsToKeystore(192)) - [
[
  Version: V3
  Subject: O=cluster1, OU=scm1, CN=rootCA@localhost
  Signature Algorithm: SHA256withRSA, OID = 1.2.840.113549.1.1.11

  Key:  Sun RSA public key, 2048 bits
  params: null
  modulus: 25120229712520914996095278415599410115297521047376794115222404220168266649074143167263288309296625898544770066894957628817297491884229568030948117117118005183434086023573612415164939268227497885177424214811590051871432949797344872473521000216509189418998157033276736323991850617170607028785255200707115891814825976340801633858211403429005192813292407468928821946080571526821713673191869393187220223371304757666567264892832197129685208134182278590624378667387514806157826231807142445702424681740172266125917330968021070191559142332785311830526299174691469083065758399863477209767949740966542423754758096230950791704311
  public exponent: 65537
  Validity: [From: Thu Sep 14 12:55:31 UTC 2023,
               To: Sun Oct 22 12:55:31 UTC 2028]
  Issuer: O=cluster1, OU=scm1, CN=rootCA@localhost
  SerialNumber: [    01]

Certificate Extensions: 2
[1]: ObjectId: 2.5.29.19 Criticality=true
BasicConstraints:[
  CA:true
  PathLen:2147483647
]

[2]: ObjectId: 2.5.29.15 Criticality=true
KeyUsage [
  Key_CertSign
  Crl_Sign
]

]
  Algorithm: [SHA256withRSA]
  Signature:
0000: 9E 08 4E F4 C4 36 03 D6   7E 28 15 2E D6 65 ED 3A  ..N..6...(...e.:
0010: F0 B0 0A 91 E6 74 E4 41   9B 18 49 AB 89 7C AD 5E  .....t.A..I....^
0020: D7 5B F6 0C BD 96 F3 E8   41 C2 56 78 D1 90 23 2C  .[......A.Vx..#,
0030: 37 69 62 B8 BA 57 01 F4   20 14 98 FF EF EA F2 99  7ib..W.. .......
0040: C3 21 AA F7 79 A0 D1 15   30 2C 06 9E 78 E4 1E B1  .!..y...0,..x...
0050: E9 C3 73 19 3A 8D FE A8   21 47 01 86 50 3B 16 35  ..s.:...!G..P;.5
0060: 88 BE 2D 66 3B C2 0E 63   B1 41 FD FE 9B B3 35 6A  ..-f;..c.A....5j
0070: 6B 6E F9 C9 04 D6 5B 3D   33 0A E8 C3 2B A4 CE 2D  kn....[=3...+..-
0080: E8 86 68 DB BA C4 2E 4F   1B A3 2A 24 4E 59 18 E2  ..h....O..*$NY..
0090: 24 A9 13 49 6D E1 7E E9   03 60 AD B9 51 42 58 4C  $..Im....`..QBXL
00A0: 63 3B A2 CE FA DC 6A BD   1F DC BD 4F F9 DE C5 07  c;....j....O....
00B0: 5B B1 22 3C 75 6D B2 FC   B3 19 13 D3 2E 6B F2 0E  [."<um.......k..
00C0: 72 58 46 D7 D0 62 35 7B   53 F9 9B BA 34 B9 97 D8  rXF..b5.S...4...
00D0: 5D 91 88 30 F9 E8 D6 F5   A7 2C 45 AD 05 EA 37 9D  ]..0.....,E...7.
00E0: 0E E8 C6 E6 F0 AA A7 29   E0 1A 60 14 06 11 91 9C  .......)..`.....
00F0: 60 A2 93 BE 38 B1 5F 81   39 A0 CF B7 78 98 F1 6A  `...8._.9...x..j

]
2023-09-14 12:55:31,313 [Time-limited test] INFO  impl.MetricsSystemImpl (MetricsSystemImpl.java:init(158)) - OzoneManager metrics system started (again)
2023-09-14 12:55:31,324 [Time-limited test] INFO  om.OzoneManager (OzoneManager.java:start(1633)) - OzoneManager RPC server is listening at fv-az187-373.4biwkquksivelc4kanrnlgeoof.gx.internal.cloudapp.net/10.1.0.236:1202
2023-09-14 12:55:31,324 [Time-limited test] INFO  ratis.OzoneManagerRatisServer (OzoneManagerRatisServer.java:start(558)) - Starting OzoneManagerRatisServer om1 at port 9872
2023-09-14 12:55:31,324 [om1-impl-thread1] INFO  storage.RaftStorageDirectory (RaftStorageDirectoryImpl.java:analyzeStorage(137)) - The storage directory /tmp/junit2541811262145596653/junit3523537630807424519/om-meta/ratis/bf265839-605b-3f16-9796-c5ba1605619e does not exist. Creating ...
2023-09-14 12:55:31,325 [om1-impl-thread1] INFO  storage.RaftStorageDirectory (RaftStorageDirectoryImpl.java:tryLock(231)) - Lock on /tmp/junit2541811262145596653/junit3523537630807424519/om-meta/ratis/bf265839-605b-3f16-9796-c5ba1605619e/in_use.lock acquired by nodename 22730@fv-az187-373
2023-09-14 12:55:31,326 [om1-impl-thread1] INFO  storage.RaftStorage (RaftStorageImpl.java:format(96)) - Storage directory /tmp/junit2541811262145596653/junit3523537630807424519/om-meta/ratis/bf265839-605b-3f16-9796-c5ba1605619e has been successfully formatted.
2023-09-14 12:55:31,327 [om1-impl-thread1] INFO  server.RaftServerConfigKeys (ConfUtils.java:logGet(46)) - raft.server.log.use.memory = false (default)
2023-09-14 12:55:31,327 [om1-impl-thread1] INFO  server.RaftServerConfigKeys (ConfUtils.java:logGet(46)) - raft.server.log.purge.gap = 1000000 (custom)
2023-09-14 12:55:31,327 [om1-impl-thread1] INFO  server.RaftServerConfigKeys (ConfUtils.java:logGet(46)) - raft.server.log.appender.buffer.byte-limit = 33554432 (custom)
2023-09-14 12:55:31,327 [om1-impl-thread1] INFO  server.RaftServerConfigKeys (ConfUtils.java:logGet(46)) - raft.server.log.statemachine.data.read.timeout = 1000ms (default)
2023-09-14 12:55:31,327 [om1-impl-thread1] INFO  server.RaftServerConfigKeys (ConfUtils.java:logGet(46)) - raft.server.log.purge.preservation.log.num = 0 (default)
2023-09-14 12:55:31,327 [om1-impl-thread1] INFO  server.RaftServerConfigKeys (ConfUtils.java:logGet(46)) - raft.server.log.segment.size.max = 4194304 (custom)
2023-09-14 12:55:31,327 [om1-impl-thread1] INFO  server.RaftServerConfigKeys (ConfUtils.java:logGet(46)) - raft.server.log.segment.cache.num.max = 2 (custom)
2023-09-14 12:55:31,327 [om1-impl-thread1] INFO  server.RaftServerConfigKeys (ConfUtils.java:logGet(46)) - raft.server.log.segment.cache.size.max = 200MB (=209715200) (default)
2023-09-14 12:55:31,327 [om1-impl-thread1] INFO  server.RaftServerConfigKeys (ConfUtils.java:logGet(46)) - raft.server.log.appender.buffer.byte-limit = 33554432 (custom)
2023-09-14 12:55:31,327 [om1-impl-thread1] INFO  segmented.SegmentedRaftLogWorker (SegmentedRaftLogWorker.java:<init>(188)) - new om1@group-C5BA1605619E-SegmentedRaftLogWorker for RaftStorageImpl:Storage Directory /tmp/junit2541811262145596653/junit3523537630807424519/om-meta/ratis/bf265839-605b-3f16-9796-c5ba1605619e
2023-09-14 12:55:31,327 [om1-impl-thread1] INFO  server.RaftServerConfigKeys (ConfUtils.java:logGet(46)) - raft.server.log.queue.byte-limit = 64MB (=67108864) (default)
2023-09-14 12:55:31,327 [om1-impl-thread1] INFO  server.RaftServerConfigKeys (ConfUtils.java:logGet(46)) - raft.server.log.queue.element-limit = 4096 (default)
2023-09-14 12:55:31,328 [om1-impl-thread1] INFO  server.RaftServerConfigKeys (ConfUtils.java:logGet(46)) - raft.server.log.segment.size.max = 4194304 (custom)
2023-09-14 12:55:31,328 [om1-impl-thread1] INFO  server.RaftServerConfigKeys (ConfUtils.java:logGet(46)) - raft.server.log.preallocated.size = 4194304 (custom)
2023-09-14 12:55:31,328 [om1-impl-thread1] INFO  server.RaftServerConfigKeys (ConfUtils.java:logGet(46)) - raft.server.log.force.sync.num = 128 (default)
2023-09-14 12:55:31,328 [om1-impl-thread1] INFO  server.RaftServerConfigKeys (ConfUtils.java:logGet(46)) - raft.server.log.statemachine.data.sync = true (default)
2023-09-14 12:55:31,328 [om1-impl-thread1] INFO  server.RaftServerConfigKeys (ConfUtils.java:logGet(46)) - raft.server.log.statemachine.data.sync.timeout = 10s (default)
2023-09-14 12:55:31,328 [om1-impl-thread1] INFO  server.RaftServerConfigKeys (ConfUtils.java:logGet(46)) - raft.server.log.statemachine.data.sync.timeout.retry = -1 (default)
2023-09-14 12:55:31,328 [om1-impl-thread1] INFO  server.RaftServerConfigKeys (ConfUtils.java:logGet(46)) - raft.server.log.write.buffer.size = 64KB (=65536) (default)
2023-09-14 12:55:31,328 [om1-impl-thread1] INFO  server.RaftServerConfigKeys (ConfUtils.java:logGet(46)) - raft.server.log.appender.buffer.byte-limit = 33554432 (custom)
2023-09-14 12:55:31,333 [om1-impl-thread1] INFO  server.RaftServerConfigKeys (ConfUtils.java:logGet(46)) - raft.server.log.unsafe-flush.enabled = false (default)
2023-09-14 12:55:31,335 [om1-impl-thread1] INFO  server.RaftServerConfigKeys (ConfUtils.java:logGet(46)) - raft.server.log.async-flush.enabled = false (default)
2023-09-14 12:55:31,335 [om1-impl-thread1] INFO  server.RaftServerConfigKeys (ConfUtils.java:logGet(46)) - raft.server.log.statemachine.data.caching.enabled = false (default)
2023-09-14 12:55:31,335 [om1-impl-thread1] INFO  segmented.SegmentedRaftLogWorker (SegmentedRaftLogWorker.java:lambda$new$0(135)) - om1@group-C5BA1605619E-SegmentedRaftLogWorker: flushIndex: setUnconditionally 0 -> -1
2023-09-14 12:55:31,335 [om1-impl-thread1] INFO  segmented.SegmentedRaftLogWorker (SegmentedRaftLogWorker.java:lambda$new$0(135)) - om1@group-C5BA1605619E-SegmentedRaftLogWorker: safeCacheEvictIndex: setUnconditionally 0 -> -1
2023-09-14 12:55:31,336 [om1-impl-thread1] INFO  server.RaftServer$Division (RaftServerImpl.java:start(342)) - om1@group-C5BA1605619E: start as a follower, conf=-1: peers:[om1|rpc:fv-az187-373.4biwkquksivelc4kanrnlgeoof.gx.internal.cloudapp.net:9872|priority:0|startupRole:FOLLOWER]|listeners:[], old=null
2023-09-14 12:55:31,337 [om1-impl-thread1] INFO  server.RaftServer$Division (RaftServerImpl.java:setRole(329)) - om1@group-C5BA1605619E: changes role from      null to FOLLOWER at term 0 for startAsFollower
2023-09-14 12:55:31,337 [om1-impl-thread1] INFO  impl.RoleInfo (RoleInfo.java:updateAndGet(139)) - om1: start om1@group-C5BA1605619E-FollowerState
2023-09-14 12:55:31,340 [om1@group-C5BA1605619E-FollowerState] INFO  server.RaftServerConfigKeys (ConfUtils.java:logFallback(53)) - raft.server.rpc.first-election.timeout.min = 5s (fallback to raft.server.rpc.timeout.min)
2023-09-14 12:55:31,340 [om1@group-C5BA1605619E-FollowerState] INFO  server.RaftServerConfigKeys (ConfUtils.java:logFallback(53)) - raft.server.rpc.first-election.timeout.max = 5200ms (fallback to raft.server.rpc.timeout.max)
2023-09-14 12:55:31,340 [om1-impl-thread1] INFO  util.JmxRegister (JmxRegister.java:tryRegister(44)) - Successfully registered JMX Bean with object name Ratis:service=RaftServer,group=group-C5BA1605619E,id=om1
2023-09-14 12:55:31,340 [om1-impl-thread1] INFO  server.RaftServerConfigKeys (ConfUtils.java:logGet(46)) - raft.server.snapshot.auto.trigger.enabled = true (custom)
2023-09-14 12:55:31,340 [om1-impl-thread1] INFO  server.RaftServerConfigKeys (ConfUtils.java:logGet(46)) - raft.server.snapshot.auto.trigger.threshold = 400000 (default)
2023-09-14 12:55:31,340 [om1-impl-thread1] INFO  server.RaftServerConfigKeys (ConfUtils.java:logGet(46)) - raft.server.snapshot.retention.file.num = -1 (default)
2023-09-14 12:55:31,341 [om1-impl-thread1] INFO  server.RaftServerConfigKeys (ConfUtils.java:logGet(46)) - raft.server.log.purge.upto.snapshot.index = true (custom)
2023-09-14 12:55:31,341 [Time-limited test] INFO  server.RaftServer (RaftServerProxy.java:startImpl(400)) - om1: start RPC server
2023-09-14 12:55:31,342 [Time-limited test] INFO  server.GrpcService (GrpcService.java:startImpl(302)) - om1: GrpcService started, listening on 9872
2023-09-14 12:55:31,343 [Time-limited test] INFO  om.OzoneManager (OzoneManager.java:startSecretManager(1106)) - Starting OM delegation token secret manager
2023-09-14 12:55:31,343 [JvmPauseMonitor7] INFO  util.JvmPauseMonitor (JvmPauseMonitor.java:run(103)) - JvmPauseMonitor-om1: Started
2023-09-14 12:55:31,343 [Time-limited test] INFO  security.OzoneDelegationTokenSecretManager (OzoneSecretManager.java:updateCurrentKey(175)) - Updating current master key for generating tokens. Cert id 2727554644138
2023-09-14 12:55:31,344 [Thread[Thread-1694,5,FailOnTimeoutGroup]] INFO  security.OzoneDelegationTokenSecretManager (OzoneDelegationTokenSecretManager.java:run(636)) - Starting expired delegation token remover thread, tokenRemoverScanInterval=60 min(s)
2023-09-14 12:55:31,344 [Time-limited test] INFO  om.OzoneManager (OzoneManager.java:start(1649)) - Version File has different layout version (6) than OM DB (null). That is expected if this OM has never been finalized to a newer layout version.
2023-09-14 12:55:31,347 [Time-limited test] INFO  http.BaseHttpServer (BaseHttpServer.java:newHttpServer2BuilderForOzone(223)) - Starting Web-server for ozoneManager at: http://0.0.0.0:9874
2023-09-14 12:55:31,348 [Time-limited test] INFO  http.BaseHttpServer (BaseHttpServer.java:<init>(110)) - Hadoop Security Enabled: true Ozone Security Enabled: true Ozone HTTP Security Enabled: false 
2023-09-14 12:55:31,349 [Time-limited test] WARN  server.AuthenticationFilter (AuthenticationFilter.java:constructSecretProvider(240)) - Unable to initialize FileSignerSecretProvider, falling back to use random secrets. Reason: Could not read signature secret file: /home/runner/hadoop-http-auth-signature-secret
2023-09-14 12:55:31,350 [Time-limited test] INFO  http.HttpRequestLog (HttpRequestLog.java:getRequestLog(86)) - Http request log for http.requests.ozoneManager is not defined
2023-09-14 12:55:31,351 [Time-limited test] INFO  http.HttpServer2 (HttpServer2.java:addGlobalFilter(1031)) - Added global filter 'safety' (class=org.apache.hadoop.hdds.server.http.HttpServer2$QuotingInputFilter)
2023-09-14 12:55:31,352 [Time-limited test] INFO  http.HttpServer2 (HttpServer2.java:addFilter(1007)) - Added filter static_user_filter (class=org.apache.hadoop.http.lib.StaticUserWebFilter$StaticUserFilter) to context ozoneManager
2023-09-14 12:55:31,353 [Time-limited test] INFO  http.HttpServer2 (HttpServer2.java:addFilter(1015)) - Added filter static_user_filter (class=org.apache.hadoop.http.lib.StaticUserWebFilter$StaticUserFilter) to context static
2023-09-14 12:55:31,353 [Time-limited test] INFO  http.HttpServer2 (HttpServer2.java:addFilter(1015)) - Added filter static_user_filter (class=org.apache.hadoop.http.lib.StaticUserWebFilter$StaticUserFilter) to context logs
2023-09-14 12:55:31,353 [Time-limited test] INFO  http.BaseHttpServer (BaseHttpServer.java:<init>(189)) - HTTP server of ozoneManager uses base directory /tmp/junit2541811262145596653/junit3523537630807424519/om-meta/webserver
2023-09-14 12:55:31,353 [Time-limited test] INFO  http.HttpServer2 (HttpServer2.java:bindListener(1231)) - Jetty bound to port 9874
2023-09-14 12:55:31,354 [Time-limited test] INFO  server.Server (Server.java:doStart(375)) - jetty-9.4.51.v20230217; built: 2023-02-17T08:19:37.309Z; git: b45c405e4544384de066f814ed42ae3dceacdd49; jvm 1.8.0_382-b05
2023-09-14 12:55:31,362 [Time-limited test] INFO  server.session (DefaultSessionIdManager.java:doStart(334)) - DefaultSessionIdManager workerName=node0
2023-09-14 12:55:31,363 [Time-limited test] INFO  server.session (DefaultSessionIdManager.java:doStart(339)) - No SessionScavenger set, using defaults
2023-09-14 12:55:31,363 [Time-limited test] INFO  server.session (HouseKeeper.java:startScavenging(132)) - node0 Scavenging every 600000ms
2023-09-14 12:55:31,363 [Time-limited test] INFO  handler.ContextHandler (ContextHandler.java:doStart(921)) - Started o.e.j.s.ServletContextHandler@3b107b47{logs,/logs,file:///home/runner/work/ozone/ozone/hadoop-ozone/integration-test/target/log,AVAILABLE}
2023-09-14 12:55:31,364 [Time-limited test] INFO  handler.ContextHandler (ContextHandler.java:doStart(921)) - Started o.e.j.s.ServletContextHandler@17de49c{static,/static,file:///home/runner/work/ozone/ozone/hadoop-ozone/integration-test/target/test-classes/webapps/static,AVAILABLE}
2023-09-14 12:55:31,367 [Time-limited test] INFO  handler.ContextHandler (ContextHandler.java:doStart(921)) - Started o.e.j.w.WebAppContext@697f3fff{ozoneManager,/,file:///home/runner/work/ozone/ozone/hadoop-ozone/integration-test/target/test-classes/webapps/ozoneManager/,AVAILABLE}{file:/home/runner/work/ozone/ozone/hadoop-ozone/integration-test/target/test-classes/webapps/ozoneManager}
2023-09-14 12:55:31,369 [Time-limited test] INFO  server.AbstractConnector (AbstractConnector.java:doStart(333)) - Started ServerConnector@62a57c4a{HTTP/1.1, (http/1.1)}{0.0.0.0:9874}
2023-09-14 12:55:31,369 [Time-limited test] INFO  server.Server (Server.java:doStart(415)) - Started @126344ms
2023-09-14 12:55:31,369 [Time-limited test] WARN  impl.MetricsSystemImpl (MetricsSystemImpl.java:register(279)) - Sink prometheus already exists!
2023-09-14 12:55:31,369 [Time-limited test] INFO  http.BaseHttpServer (BaseHttpServer.java:updateConnectorAddress(354)) - HTTP server of ozoneManager listening at http://0.0.0.0:9874
2023-09-14 12:55:31,370 [IPC Server Responder] INFO  ipc.Server (Server.java:run(1562)) - IPC Server Responder: starting
2023-09-14 12:55:31,370 [IPC Server listener on 1202] INFO  ipc.Server (Server.java:run(1402)) - IPC Server listener on 1202: starting
2023-09-14 12:55:31,382 [Time-limited test] INFO  om.OzoneManager (OzoneManager.java:startTrashEmptier(2101)) - Trash Interval set to 0. Files deleted won't move to trash
2023-09-14 12:55:31,388 [pool-519-thread-2] INFO  request.TgsRequest (TgsRequest.java:issueTicket(115)) - TGS_REQ ISSUE: authtime 1694696131388,om/fv-az187-373.4biwkquksivelc4kanrnlgeoof.gx.internal.cloudapp.net for om/fv-az187-373.4biwkquksivelc4kanrnlgeoof.gx.internal.cloudapp.net@EXAMPLE.COM
2023-09-14 12:55:31,404 [Socket Reader #1 for port 1202] INFO  ipc.Server (Server.java:saslProcess(2139)) - Auth successful for om/fv-az187-373.4biwkquksivelc4kanrnlgeoof.gx.internal.cloudapp.net@EXAMPLE.COM (auth:KERBEROS) from fv-az187-373.4biwkquksivelc4kanrnlgeoof.gx.internal.cloudapp.net:46881 / 10.1.0.236:46881
2023-09-14 12:55:33,419 [Time-limited test] INFO  retry.RetryInvocationHandler (RetryInvocationHandler.java:log(422)) - com.google.protobuf.ServiceException: org.apache.hadoop.ipc.RemoteException(org.apache.hadoop.ozone.om.exceptions.OMNotLeaderException): OM:om1 is not the leader. Could not determine the leader node.
	at org.apache.hadoop.ozone.om.OzoneManager.checkLeaderStatus(OzoneManager.java:4016)
	at org.apache.hadoop.ozone.om.ratis.utils.OzoneManagerRatisUtils.checkLeaderStatus(OzoneManagerRatisUtils.java:476)
	at org.apache.hadoop.ozone.protocolPB.OzoneManagerProtocolServerSideTranslatorPB.processRequest(OzoneManagerProtocolServerSideTranslatorPB.java:185)
	at org.apache.hadoop.hdds.server.OzoneProtocolMessageDispatcher.processRequest(OzoneProtocolMessageDispatcher.java:87)
	at org.apache.hadoop.ozone.protocolPB.OzoneManagerProtocolServerSideTranslatorPB.submitRequest(OzoneManagerProtocolServerSideTranslatorPB.java:148)
	at org.apache.hadoop.ozone.protocol.proto.OzoneManagerProtocolProtos$OzoneManagerService$2.callBlockingMethod(OzoneManagerProtocolProtos.java)
	at org.apache.hadoop.ipc.ProtobufRpcEngine$Server.processCall(ProtobufRpcEngine.java:484)
	at org.apache.hadoop.ipc.ProtobufRpcEngine2$Server$ProtoBufRpcInvoker.call(ProtobufRpcEngine2.java:595)
	at org.apache.hadoop.ipc.ProtobufRpcEngine2$Server$ProtoBufRpcInvoker.call(ProtobufRpcEngine2.java:573)
	at org.apache.hadoop.ipc.RPC$Server.call(RPC.java:1227)
	at org.apache.hadoop.ipc.Server$RpcCall.run(Server.java:1094)
	at org.apache.hadoop.ipc.Server$RpcCall.run(Server.java:1017)
	at java.security.AccessController.doPrivileged(Native Method)
	at javax.security.auth.Subject.doAs(Subject.java:422)
	at org.apache.hadoop.security.UserGroupInformation.doAs(UserGroupInformation.java:1899)
	at org.apache.hadoop.ipc.Server$Handler.run(Server.java:3048)
, while invoking $Proxy53.submitRequest over nodeId=null,nodeAddress=fv-az187-373.4biwkquksivelc4kanrnlgeoof.gx.internal.cloudapp.net:1202 after 1 failover attempts. Trying to failover after sleeping for 4000ms. Current retry count: 1.
2023-09-14 12:55:36,496 [om1@group-C5BA1605619E-FollowerState] INFO  impl.FollowerState (FollowerState.java:run(143)) - om1@group-C5BA1605619E-FollowerState: change to CANDIDATE, lastRpcElapsedTime:5159412953ns, electionTimeout:5156ms
2023-09-14 12:55:36,497 [om1@group-C5BA1605619E-FollowerState] INFO  impl.RoleInfo (RoleInfo.java:shutdownFollowerState(110)) - om1: shutdown om1@group-C5BA1605619E-FollowerState
2023-09-14 12:55:36,497 [om1@group-C5BA1605619E-FollowerState] INFO  server.RaftServer$Division (RaftServerImpl.java:setRole(329)) - om1@group-C5BA1605619E: changes role from  FOLLOWER to CANDIDATE at term 0 for changeToCandidate
2023-09-14 12:55:36,497 [om1@group-C5BA1605619E-FollowerState] INFO  server.RaftServerConfigKeys (ConfUtils.java:logGet(46)) - raft.server.leaderelection.pre-vote = true (default)
2023-09-14 12:55:36,497 [om1@group-C5BA1605619E-FollowerState] INFO  impl.RoleInfo (RoleInfo.java:updateAndGet(139)) - om1: start om1@group-C5BA1605619E-LeaderElection4
2023-09-14 12:55:36,498 [om1@group-C5BA1605619E-LeaderElection4] INFO  impl.LeaderElection (LeaderElection.java:askForVotes(321)) - om1@group-C5BA1605619E-LeaderElection4 PRE_VOTE round 0: submit vote requests at term 0 for -1: peers:[om1|rpc:fv-az187-373.4biwkquksivelc4kanrnlgeoof.gx.internal.cloudapp.net:9872|priority:0|startupRole:FOLLOWER]|listeners:[], old=null
2023-09-14 12:55:36,498 [om1@group-C5BA1605619E-LeaderElection4] INFO  impl.LeaderElection (LeaderElection.java:askForVotes(323)) - om1@group-C5BA1605619E-LeaderElection4 PRE_VOTE round 0: result PASSED (term=0)
2023-09-14 12:55:36,503 [om1@group-C5BA1605619E-LeaderElection4] INFO  impl.LeaderElection (LeaderElection.java:askForVotes(321)) - om1@group-C5BA1605619E-LeaderElection4 ELECTION round 0: submit vote requests at term 1 for -1: peers:[om1|rpc:fv-az187-373.4biwkquksivelc4kanrnlgeoof.gx.internal.cloudapp.net:9872|priority:0|startupRole:FOLLOWER]|listeners:[], old=null
2023-09-14 12:55:36,503 [om1@group-C5BA1605619E-LeaderElection4] INFO  impl.LeaderElection (LeaderElection.java:askForVotes(323)) - om1@group-C5BA1605619E-LeaderElection4 ELECTION round 0: result PASSED (term=1)
2023-09-14 12:55:36,503 [om1@group-C5BA1605619E-LeaderElection4] INFO  impl.RoleInfo (RoleInfo.java:shutdownLeaderElection(130)) - om1: shutdown om1@group-C5BA1605619E-LeaderElection4
2023-09-14 12:55:36,503 [om1@group-C5BA1605619E-LeaderElection4] INFO  server.RaftServer$Division (RaftServerImpl.java:setRole(329)) - om1@group-C5BA1605619E: changes role from CANDIDATE to LEADER at term 1 for changeToLeader
2023-09-14 12:55:36,504 [om1@group-C5BA1605619E-LeaderElection4] INFO  server.RaftServer$Division (ServerState.java:setLeader(317)) - om1@group-C5BA1605619E: change Leader from null to om1 at term 1 for becomeLeader, leader elected after 5963ms
2023-09-14 12:55:36,504 [om1@group-C5BA1605619E-LeaderElection4] INFO  server.RaftServerConfigKeys (ConfUtils.java:logGet(46)) - raft.server.staging.catchup.gap = 1000 (default)
2023-09-14 12:55:36,504 [om1@group-C5BA1605619E-LeaderElection4] INFO  server.RaftServerConfigKeys (ConfUtils.java:logGet(46)) - raft.server.write.element-limit = 4096 (default)
2023-09-14 12:55:36,504 [om1@group-C5BA1605619E-LeaderElection4] INFO  server.RaftServerConfigKeys (ConfUtils.java:logGet(46)) - raft.server.write.byte-limit = 64MB (=67108864) (default)
2023-09-14 12:55:36,506 [om1@group-C5BA1605619E-LeaderElection4] INFO  server.RaftServerConfigKeys (ConfUtils.java:logGet(46)) - raft.server.watch.timeout = 10s (default)
2023-09-14 12:55:36,506 [om1@group-C5BA1605619E-LeaderElection4] INFO  server.RaftServerConfigKeys (ConfUtils.java:logGet(46)) - raft.server.watch.timeout.denomination = 1s (default)
2023-09-14 12:55:36,506 [om1@group-C5BA1605619E-LeaderElection4] INFO  server.RaftServerConfigKeys (ConfUtils.java:logGet(46)) - raft.server.watch.element-limit = 65536 (default)
2023-09-14 12:55:36,506 [om1@group-C5BA1605619E-LeaderElection4] INFO  server.RaftServerConfigKeys (ConfUtils.java:logGet(46)) - raft.server.write.element-limit = 4096 (default)
2023-09-14 12:55:36,506 [om1@group-C5BA1605619E-LeaderElection4] INFO  server.RaftServerConfigKeys (ConfUtils.java:logGet(46)) - raft.server.write.follower.gap.ratio.max = -1.0 (default)
2023-09-14 12:55:36,506 [om1@group-C5BA1605619E-LeaderElection4] INFO  impl.RoleInfo (RoleInfo.java:updateAndGet(139)) - om1: start om1@group-C5BA1605619E-LeaderStateImpl
2023-09-14 12:55:36,506 [om1@group-C5BA1605619E-LeaderElection4] INFO  segmented.SegmentedRaftLogWorker (SegmentedRaftLogWorker.java:startLogSegment(447)) - om1@group-C5BA1605619E-SegmentedRaftLogWorker: Starting segment from index:0
2023-09-14 12:55:36,508 [om1@group-C5BA1605619E-LeaderElection4] INFO  server.RaftServer$Division (ServerState.java:setRaftConf(434)) - om1@group-C5BA1605619E: set configuration 0: peers:[om1|rpc:fv-az187-373.4biwkquksivelc4kanrnlgeoof.gx.internal.cloudapp.net:9872|admin:|client:|dataStream:|priority:0|startupRole:FOLLOWER]|listeners:[], old=null
2023-09-14 12:55:36,518 [om1@group-C5BA1605619E-SegmentedRaftLogWorker] INFO  segmented.SegmentedRaftLogWorker (SegmentedRaftLogWorker.java:execute(651)) - om1@group-C5BA1605619E-SegmentedRaftLogWorker: created new log segment /tmp/junit2541811262145596653/junit3523537630807424519/om-meta/ratis/bf265839-605b-3f16-9796-c5ba1605619e/current/log_inprogress_0
2023-09-14 12:55:36,522 [om1@group-C5BA1605619E-StateMachineUpdater] INFO  ratis.OzoneManagerStateMachine (OzoneManagerStateMachine.java:notifyConfigurationChanged(202)) - Received Configuration change notification from Ratis. New Peer list:
[id: "om1"
address: "fv-az187-373.4biwkquksivelc4kanrnlgeoof.gx.internal.cloudapp.net:9872"
startupRole: FOLLOWER
]
12:55:38.446 [IPC Server handler 4 on default port 1202] ERROR OMAudit - user=om/fv-az187-373.4biwkquksivelc4kanrnlgeoof.gx.internal.cloudapp.net@EXAMPLE.COM | ip=10.1.0.236 | op=RENEW_DELEGATION_TOKEN {kind=OzoneToken, service=fv-az187-373.4biwkquksivelc4kanrnlgeoof.gx.internal.cloudapp.net:1202, renewer=om} | ret=FAILURE
org.apache.hadoop.ozone.om.exceptions.OMException: om tried to renew an expired token (OzoneToken owner=om/fv-az187-373.4biwkquksivelc4kanrnlgeoof.gx.internal.cloudapp.net@EXAMPLE.COM, renewer=om, realUser=, issueDate=2023-09-14T12:55:37.422Z, maxDate=2023-09-14T12:55:38.422Z, sequenceNumber=1, masterKeyId=1, strToSign=null, signature=null, awsAccessKeyId=null, omServiceId=omServiceIdDefault, omCertSerialId=2727554644138) max expiration date: 2023-09-14 12:55:38,422+0000 currentTime: 2023-09-14 12:55:38,444+0000
	at org.apache.hadoop.ozone.security.OzoneDelegationTokenSecretManager.renewToken(OzoneDelegationTokenSecretManager.java:296) ~[ozone-manager-1.4.0-SNAPSHOT.jar:?]
	at org.apache.hadoop.ozone.om.OzoneManager.renewDelegationToken(OzoneManager.java:2387) ~[ozone-manager-1.4.0-SNAPSHOT.jar:?]
	at org.apache.hadoop.ozone.om.request.security.OMRenewDelegationTokenRequest.preExecute(OMRenewDelegationTokenRequest.java:85) ~[ozone-manager-1.4.0-SNAPSHOT.jar:?]
	at org.apache.hadoop.ozone.protocolPB.OzoneManagerProtocolServerSideTranslatorPB.processRequest(OzoneManagerProtocolServerSideTranslatorPB.java:193) ~[ozone-manager-1.4.0-SNAPSHOT.jar:?]
	at org.apache.hadoop.hdds.server.OzoneProtocolMessageDispatcher.processRequest(OzoneProtocolMessageDispatcher.java:87) [hdds-server-framework-1.4.0-SNAPSHOT.jar:?]
	at org.apache.hadoop.ozone.protocolPB.OzoneManagerProtocolServerSideTranslatorPB.submitRequest(OzoneManagerProtocolServerSideTranslatorPB.java:148) [ozone-manager-1.4.0-SNAPSHOT.jar:?]
	at org.apache.hadoop.ozone.protocol.proto.OzoneManagerProtocolProtos$OzoneManagerService$2.callBlockingMethod(OzoneManagerProtocolProtos.java) [ozone-interface-client-1.4.0-SNAPSHOT.jar:?]
	at org.apache.hadoop.ipc.ProtobufRpcEngine$Server.processCall(ProtobufRpcEngine.java:484) [hadoop-common-3.3.6.jar:?]
	at org.apache.hadoop.ipc.ProtobufRpcEngine2$Server$ProtoBufRpcInvoker.call(ProtobufRpcEngine2.java:595) [hadoop-common-3.3.6.jar:?]
	at org.apache.hadoop.ipc.ProtobufRpcEngine2$Server$ProtoBufRpcInvoker.call(ProtobufRpcEngine2.java:573) [hadoop-common-3.3.6.jar:?]
	at org.apache.hadoop.ipc.RPC$Server.call(RPC.java:1227) [hadoop-common-3.3.6.jar:?]
	at org.apache.hadoop.ipc.Server$RpcCall.run(Server.java:1094) [hadoop-common-3.3.6.jar:?]
	at org.apache.hadoop.ipc.Server$RpcCall.run(Server.java:1017) [hadoop-common-3.3.6.jar:?]
	at java.security.AccessController.doPrivileged(Native Method) ~[?:1.8.0_382]
	at javax.security.auth.Subject.doAs(Subject.java:422) [?:1.8.0_382]
	at org.apache.hadoop.security.UserGroupInformation.doAs(UserGroupInformation.java:1899) [hadoop-common-3.3.6.jar:?]
	at org.apache.hadoop.ipc.Server$Handler.run(Server.java:3048) [hadoop-common-3.3.6.jar:?]
2023-09-14 12:55:38,456 [IPC Server handler 8 on default port 1202] ERROR om.OzoneManager (OzoneManager.java:renewDelegationToken(2397)) - Delegation token renewal failed for dt id: OzoneToken owner=om/fv-az187-373.4biwkquksivelc4kanrnlgeoof.gx.internal.cloudapp.net@EXAMPLE.COM, renewer=randomService, realUser=, issueDate=2023-09-14T12:55:38.449Z, maxDate=2023-09-14T12:55:39.449Z, sequenceNumber=2, masterKeyId=1, strToSign=null, signature=null, awsAccessKeyId=null, omServiceId=omServiceIdDefault, omCertSerialId=2727554644138, cause: om tries to renew a token (OzoneToken owner=om/fv-az187-373.4biwkquksivelc4kanrnlgeoof.gx.internal.cloudapp.net@EXAMPLE.COM, renewer=randomService, realUser=, issueDate=2023-09-14T12:55:38.449Z, maxDate=2023-09-14T12:55:39.449Z, sequenceNumber=2, masterKeyId=1, strToSign=null, signature=null, awsAccessKeyId=null, omServiceId=omServiceIdDefault, omCertSerialId=2727554644138) with non-matching renewer randomService
12:55:38.495 [IPC Server handler 8 on default port 1202] ERROR OMAudit - user=om/fv-az187-373.4biwkquksivelc4kanrnlgeoof.gx.internal.cloudapp.net@EXAMPLE.COM | ip=10.1.0.236 | op=RENEW_DELEGATION_TOKEN {kind=OzoneToken, service=fv-az187-373.4biwkquksivelc4kanrnlgeoof.gx.internal.cloudapp.net:1202, renewer=randomService} | ret=FAILURE
org.apache.hadoop.ozone.om.exceptions.OMException: Delegation token renewal failed for dt: Kind: OzoneToken, Service: fv-az187-373.4biwkquksivelc4kanrnlgeoof.gx.internal.cloudapp.net:1202, Ident: (OzoneToken owner=om/fv-az187-373.4biwkquksivelc4kanrnlgeoof.gx.internal.cloudapp.net@EXAMPLE.COM, renewer=randomService, realUser=, issueDate=2023-09-14T12:55:38.449Z, maxDate=2023-09-14T12:55:39.449Z, sequenceNumber=2, masterKeyId=1, strToSign=null, signature=null, awsAccessKeyId=null, omServiceId=omServiceIdDefault, omCertSerialId=2727554644138)
	at org.apache.hadoop.ozone.om.OzoneManager.renewDelegationToken(OzoneManager.java:2399) ~[ozone-manager-1.4.0-SNAPSHOT.jar:?]
	at org.apache.hadoop.ozone.om.request.security.OMRenewDelegationTokenRequest.preExecute(OMRenewDelegationTokenRequest.java:85) ~[ozone-manager-1.4.0-SNAPSHOT.jar:?]
	at org.apache.hadoop.ozone.protocolPB.OzoneManagerProtocolServerSideTranslatorPB.processRequest(OzoneManagerProtocolServerSideTranslatorPB.java:193) ~[ozone-manager-1.4.0-SNAPSHOT.jar:?]
	at org.apache.hadoop.hdds.server.OzoneProtocolMessageDispatcher.processRequest(OzoneProtocolMessageDispatcher.java:87) [hdds-server-framework-1.4.0-SNAPSHOT.jar:?]
	at org.apache.hadoop.ozone.protocolPB.OzoneManagerProtocolServerSideTranslatorPB.submitRequest(OzoneManagerProtocolServerSideTranslatorPB.java:148) [ozone-manager-1.4.0-SNAPSHOT.jar:?]
	at org.apache.hadoop.ozone.protocol.proto.OzoneManagerProtocolProtos$OzoneManagerService$2.callBlockingMethod(OzoneManagerProtocolProtos.java) [ozone-interface-client-1.4.0-SNAPSHOT.jar:?]
	at org.apache.hadoop.ipc.ProtobufRpcEngine$Server.processCall(ProtobufRpcEngine.java:484) [hadoop-common-3.3.6.jar:?]
	at org.apache.hadoop.ipc.ProtobufRpcEngine2$Server$ProtoBufRpcInvoker.call(ProtobufRpcEngine2.java:595) [hadoop-common-3.3.6.jar:?]
	at org.apache.hadoop.ipc.ProtobufRpcEngine2$Server$ProtoBufRpcInvoker.call(ProtobufRpcEngine2.java:573) [hadoop-common-3.3.6.jar:?]
	at org.apache.hadoop.ipc.RPC$Server.call(RPC.java:1227) [hadoop-common-3.3.6.jar:?]
	at org.apache.hadoop.ipc.Server$RpcCall.run(Server.java:1094) [hadoop-common-3.3.6.jar:?]
	at org.apache.hadoop.ipc.Server$RpcCall.run(Server.java:1017) [hadoop-common-3.3.6.jar:?]
	at java.security.AccessController.doPrivileged(Native Method) ~[?:1.8.0_382]
	at javax.security.auth.Subject.doAs(Subject.java:422) [?:1.8.0_382]
	at org.apache.hadoop.security.UserGroupInformation.doAs(UserGroupInformation.java:1899) [hadoop-common-3.3.6.jar:?]
	at org.apache.hadoop.ipc.Server$Handler.run(Server.java:3048) [hadoop-common-3.3.6.jar:?]
Caused by: org.apache.hadoop.security.AccessControlException: om tries to renew a token (OzoneToken owner=om/fv-az187-373.4biwkquksivelc4kanrnlgeoof.gx.internal.cloudapp.net@EXAMPLE.COM, renewer=randomService, realUser=, issueDate=2023-09-14T12:55:38.449Z, maxDate=2023-09-14T12:55:39.449Z, sequenceNumber=2, masterKeyId=1, strToSign=null, signature=null, awsAccessKeyId=null, omServiceId=omServiceIdDefault, omCertSerialId=2727554644138) with non-matching renewer randomService
	at org.apache.hadoop.ozone.security.OzoneDelegationTokenSecretManager.renewToken(OzoneDelegationTokenSecretManager.java:308) ~[ozone-manager-1.4.0-SNAPSHOT.jar:?]
	at org.apache.hadoop.ozone.om.OzoneManager.renewDelegationToken(OzoneManager.java:2387) ~[ozone-manager-1.4.0-SNAPSHOT.jar:?]
	... 15 more
2023-09-14 12:55:38,499 [IPC Server handler 11 on default port 1202] ERROR om.OzoneManager (OzoneManager.java:renewDelegationToken(2397)) - Delegation token renewal failed for dt id: OzoneToken owner=om/fv-az187-373.4biwkquksivelc4kanrnlgeoof.gx.internal.cloudapp.net@EXAMPLE.COM, renewer=om, realUser=, issueDate=2023-09-14T12:55:37.422Z, maxDate=2077-05-28T01:51:16.992Z, sequenceNumber=1, masterKeyId=1, strToSign=null, signature=null, awsAccessKeyId=null, omServiceId=omServiceIdDefault, omCertSerialId=2727554644138, cause: token (OzoneToken owner=om/fv-az187-373.4biwkquksivelc4kanrnlgeoof.gx.internal.cloudapp.net@EXAMPLE.COM, renewer=om, realUser=, issueDate=2023-09-14T12:55:37.422Z, maxDate=2077-05-28T01:51:16.992Z, sequenceNumber=1, masterKeyId=1, strToSign=null, signature=null, awsAccessKeyId=null, omServiceId=omServiceIdDefault, omCertSerialId=2727554644138) can't be found in cache
12:55:38.500 [IPC Server handler 11 on default port 1202] ERROR OMAudit - user=om/fv-az187-373.4biwkquksivelc4kanrnlgeoof.gx.internal.cloudapp.net@EXAMPLE.COM | ip=10.1.0.236 | op=RENEW_DELEGATION_TOKEN {kind=OzoneToken, service=fv-az187-373.4biwkquksivelc4kanrnlgeoof.gx.internal.cloudapp.net:1202, renewer=om} | ret=FAILURE
org.apache.hadoop.ozone.om.exceptions.OMException: Delegation token renewal failed for dt: Kind: OzoneToken, Service: fv-az187-373.4biwkquksivelc4kanrnlgeoof.gx.internal.cloudapp.net:1202, Ident: (OzoneToken owner=om/fv-az187-373.4biwkquksivelc4kanrnlgeoof.gx.internal.cloudapp.net@EXAMPLE.COM, renewer=om, realUser=, issueDate=2023-09-14T12:55:37.422Z, maxDate=2077-05-28T01:51:16.992Z, sequenceNumber=1, masterKeyId=1, strToSign=null, signature=null, awsAccessKeyId=null, omServiceId=omServiceIdDefault, omCertSerialId=2727554644138)
	at org.apache.hadoop.ozone.om.OzoneManager.renewDelegationToken(OzoneManager.java:2399) ~[ozone-manager-1.4.0-SNAPSHOT.jar:?]
	at org.apache.hadoop.ozone.om.request.security.OMRenewDelegationTokenRequest.preExecute(OMRenewDelegationTokenRequest.java:85) ~[ozone-manager-1.4.0-SNAPSHOT.jar:?]
	at org.apache.hadoop.ozone.protocolPB.OzoneManagerProtocolServerSideTranslatorPB.processRequest(OzoneManagerProtocolServerSideTranslatorPB.java:193) ~[ozone-manager-1.4.0-SNAPSHOT.jar:?]
	at org.apache.hadoop.hdds.server.OzoneProtocolMessageDispatcher.processRequest(OzoneProtocolMessageDispatcher.java:87) [hdds-server-framework-1.4.0-SNAPSHOT.jar:?]
	at org.apache.hadoop.ozone.protocolPB.OzoneManagerProtocolServerSideTranslatorPB.submitRequest(OzoneManagerProtocolServerSideTranslatorPB.java:148) [ozone-manager-1.4.0-SNAPSHOT.jar:?]
	at org.apache.hadoop.ozone.protocol.proto.OzoneManagerProtocolProtos$OzoneManagerService$2.callBlockingMethod(OzoneManagerProtocolProtos.java) [ozone-interface-client-1.4.0-SNAPSHOT.jar:?]
	at org.apache.hadoop.ipc.ProtobufRpcEngine$Server.processCall(ProtobufRpcEngine.java:484) [hadoop-common-3.3.6.jar:?]
	at org.apache.hadoop.ipc.ProtobufRpcEngine2$Server$ProtoBufRpcInvoker.call(ProtobufRpcEngine2.java:595) [hadoop-common-3.3.6.jar:?]
	at org.apache.hadoop.ipc.ProtobufRpcEngine2$Server$ProtoBufRpcInvoker.call(ProtobufRpcEngine2.java:573) [hadoop-common-3.3.6.jar:?]
	at org.apache.hadoop.ipc.RPC$Server.call(RPC.java:1227) [hadoop-common-3.3.6.jar:?]
	at org.apache.hadoop.ipc.Server$RpcCall.run(Server.java:1094) [hadoop-common-3.3.6.jar:?]
	at org.apache.hadoop.ipc.Server$RpcCall.run(Server.java:1017) [hadoop-common-3.3.6.jar:?]
	at java.security.AccessController.doPrivileged(Native Method) ~[?:1.8.0_382]
	at javax.security.auth.Subject.doAs(Subject.java:422) [?:1.8.0_382]
	at org.apache.hadoop.security.UserGroupInformation.doAs(UserGroupInformation.java:1899) [hadoop-common-3.3.6.jar:?]
	at org.apache.hadoop.ipc.Server$Handler.run(Server.java:3048) [hadoop-common-3.3.6.jar:?]
Caused by: org.apache.hadoop.security.token.SecretManager$InvalidToken: token (OzoneToken owner=om/fv-az187-373.4biwkquksivelc4kanrnlgeoof.gx.internal.cloudapp.net@EXAMPLE.COM, renewer=om, realUser=, issueDate=2023-09-14T12:55:37.422Z, maxDate=2077-05-28T01:51:16.992Z, sequenceNumber=1, masterKeyId=1, strToSign=null, signature=null, awsAccessKeyId=null, omServiceId=omServiceIdDefault, omCertSerialId=2727554644138) can't be found in cache
	at org.apache.hadoop.ozone.security.OzoneDelegationTokenSecretManager.validateToken(OzoneDelegationTokenSecretManager.java:432) ~[ozone-manager-1.4.0-SNAPSHOT.jar:?]
	at org.apache.hadoop.ozone.security.OzoneDelegationTokenSecretManager.renewToken(OzoneDelegationTokenSecretManager.java:301) ~[ozone-manager-1.4.0-SNAPSHOT.jar:?]
	at org.apache.hadoop.ozone.om.OzoneManager.renewDelegationToken(OzoneManager.java:2387) ~[ozone-manager-1.4.0-SNAPSHOT.jar:?]
	... 15 more
2023-09-14 12:55:38,500 [Time-limited test] INFO  om.OzoneManager (OzoneManager.java:stop(2207)) - om1[fv-az187-373.4biwkquksivelc4kanrnlgeoof.gx.internal.cloudapp.net:1202]: Stopping Ozone Manager
2023-09-14 12:55:38,501 [Time-limited test] INFO  ipc.Server (Server.java:stop(3523)) - Stopping server on 1202
2023-09-14 12:55:38,503 [IPC Server listener on 1202] INFO  ipc.Server (Server.java:run(1434)) - Stopping IPC Server listener on 1202
2023-09-14 12:55:38,503 [IPC Server Responder] INFO  ipc.Server (Server.java:run(1567)) - Stopping IPC Server Responder
2023-09-14 12:55:38,507 [Time-limited test] INFO  server.RaftServer (RaftServerProxy.java:lambda$close$6(416)) - om1: close
2023-09-14 12:55:38,507 [om1-impl-thread1] INFO  server.RaftServer$Division (RaftServerImpl.java:lambda$close$4(466)) - om1@group-C5BA1605619E: shutdown
2023-09-14 12:55:38,507 [om1-impl-thread1] INFO  util.JmxRegister (JmxRegister.java:unregister(73)) - Successfully un-registered JMX Bean with object name Ratis:service=RaftServer,group=group-C5BA1605619E,id=om1
2023-09-14 12:55:38,508 [om1-impl-thread1] INFO  impl.RoleInfo (RoleInfo.java:shutdownLeaderState(93)) - om1: shutdown om1@group-C5BA1605619E-LeaderStateImpl
2023-09-14 12:55:38,508 [om1-impl-thread1] INFO  impl.PendingRequests (PendingRequests.java:sendNotLeaderResponses(289)) - om1@group-C5BA1605619E-PendingRequests: sendNotLeaderResponses
2023-09-14 12:55:38,508 [Time-limited test] INFO  server.GrpcService (GrpcService.java:closeImpl(311)) - om1: shutdown server GrpcServerProtocolService now
2023-09-14 12:55:38,513 [om1-impl-thread1] INFO  impl.StateMachineUpdater (StateMachineUpdater.java:stopAndJoin(155)) - om1@group-C5BA1605619E-StateMachineUpdater: set stopIndex = 6
2023-09-14 12:55:38,513 [om1@group-C5BA1605619E-StateMachineUpdater] INFO  ratis.OzoneManagerStateMachine (OzoneManagerStateMachine.java:takeSnapshot(480)) - Current Snapshot Index (t:1, i:6)
2023-09-14 12:55:38,516 [Time-limited test] INFO  server.GrpcService (GrpcService.java:closeImpl(320)) - om1: shutdown server GrpcServerProtocolService successfully
2023-09-14 12:55:38,530 [om1@group-C5BA1605619E-StateMachineUpdater] INFO  impl.StateMachineUpdater (StateMachineUpdater.java:takeSnapshot(291)) - om1@group-C5BA1605619E-StateMachineUpdater: Took a snapshot at index 6
2023-09-14 12:55:38,530 [om1@group-C5BA1605619E-StateMachineUpdater] INFO  impl.StateMachineUpdater (StateMachineUpdater.java:lambda$new$0(97)) - om1@group-C5BA1605619E-StateMachineUpdater: snapshotIndex: updateIncreasingly -1 -> 6
2023-09-14 12:55:38,530 [om1@group-C5BA1605619E-StateMachineUpdater] INFO  ratis.OzoneManagerStateMachine (OzoneManagerStateMachine.java:close(534)) - StateMachine has shutdown. Shutdown OzoneManager if not already shutdown.
2023-09-14 12:55:38,530 [om1@group-C5BA1605619E-StateMachineUpdater] INFO  ratis.OzoneManagerDoubleBuffer (OzoneManagerDoubleBuffer.java:stopDaemon(551)) - Stopping OMDoubleBuffer flush thread
2023-09-14 12:55:38,530 [OMDoubleBufferFlushThread] INFO  ratis.OzoneManagerDoubleBuffer (OzoneManagerDoubleBuffer.java:canFlush(638)) - OMDoubleBuffer flush thread OMDoubleBufferFlushThread is interrupted and will exit.
2023-09-14 12:55:38,531 [om1-impl-thread1] INFO  server.RaftServer$Division (ServerState.java:close(472)) - om1@group-C5BA1605619E: closes. applyIndex: 6
2023-09-14 12:55:39,455 [om1-impl-thread1] INFO  segmented.SegmentedRaftLogWorker (SegmentedRaftLogWorker.java:close(252)) - om1@group-C5BA1605619E-SegmentedRaftLogWorker close()
2023-09-14 12:55:39,456 [JvmPauseMonitor7] INFO  util.JvmPauseMonitor (JvmPauseMonitor.java:run(109)) - JvmPauseMonitor-om1: Stopped
2023-09-14 12:55:39,456 [Time-limited test] INFO  ratis.OzoneManagerStateMachine (OzoneManagerStateMachine.java:close(534)) - StateMachine has shutdown. Shutdown OzoneManager if not already shutdown.
2023-09-14 12:55:39,456 [Time-limited test] INFO  ratis.OzoneManagerDoubleBuffer (OzoneManagerDoubleBuffer.java:stopDaemon(560)) - OMDoubleBuffer flush thread is not running.
2023-09-14 12:55:39,456 [Time-limited test] INFO  utils.BackgroundService (BackgroundService.java:shutdown(141)) - Shutting down service KeyDeletingService
2023-09-14 12:55:39,459 [Time-limited test] INFO  utils.BackgroundService (BackgroundService.java:shutdown(141)) - Shutting down service KeyDeletingService
2023-09-14 12:55:39,460 [Time-limited test] INFO  utils.BackgroundService (BackgroundService.java:shutdown(141)) - Shutting down service OpenKeyCleanupService
2023-09-14 12:55:39,460 [Time-limited test] INFO  utils.BackgroundService (BackgroundService.java:shutdown(141)) - Shutting down service SstFilteringService
2023-09-14 12:55:39,460 [Time-limited test] INFO  utils.BackgroundService (BackgroundService.java:shutdown(141)) - Shutting down service SnapshotDeletingService
2023-09-14 12:55:39,460 [Time-limited test] INFO  om.OzoneManager (OzoneManager.java:stopSecretManager(1066)) - Stopping secret key client.
2023-09-14 12:55:39,460 [Time-limited test] INFO  om.OzoneManager (OzoneManager.java:stopSecretManager(1071)) - Stopping OM delegation token secret manager.
2023-09-14 12:55:39,461 [Thread[Thread-1694,5,FailOnTimeoutGroup]] INFO  security.OzoneDelegationTokenSecretManager (OzoneDelegationTokenSecretManager.java:run(653)) - ExpiredTokenRemover was interrupted.
java.lang.InterruptedException: sleep interrupted
	at java.lang.Thread.sleep(Native Method)
	at org.apache.hadoop.ozone.security.OzoneDelegationTokenSecretManager$ExpiredTokenRemover.run(OzoneDelegationTokenSecretManager.java:649)
	at java.lang.Thread.run(Thread.java:750)
2023-09-14 12:55:39,461 [Time-limited test] INFO  handler.ContextHandler (ContextHandler.java:doStop(1159)) - Stopped o.e.j.w.WebAppContext@697f3fff{ozoneManager,/,null,STOPPED}{file:/home/runner/work/ozone/ozone/hadoop-ozone/integration-test/target/test-classes/webapps/ozoneManager}
2023-09-14 12:55:39,462 [Time-limited test] INFO  server.AbstractConnector (AbstractConnector.java:doStop(383)) - Stopped ServerConnector@62a57c4a{HTTP/1.1, (http/1.1)}{0.0.0.0:9874}
2023-09-14 12:55:39,462 [Time-limited test] INFO  server.session (HouseKeeper.java:stopScavenging(149)) - node0 Stopped scavenging
2023-09-14 12:55:39,462 [Time-limited test] INFO  handler.ContextHandler (ContextHandler.java:doStop(1159)) - Stopped o.e.j.s.ServletContextHandler@17de49c{static,/static,file:///home/runner/work/ozone/ozone/hadoop-ozone/integration-test/target/test-classes/webapps/static,STOPPED}
2023-09-14 12:55:39,462 [Time-limited test] INFO  handler.ContextHandler (ContextHandler.java:doStop(1159)) - Stopped o.e.j.s.ServletContextHandler@3b107b47{logs,/logs,file:///home/runner/work/ozone/ozone/hadoop-ozone/integration-test/target/log,STOPPED}
2023-09-14 12:55:39,463 [Time-limited test] INFO  rocksdiff.RocksDBCheckpointDiffer (RocksDBCheckpointDiffer.java:close(343)) - Shutting down CompactionDagPruningService.
2023-09-14 12:55:39,465 [Time-limited test] INFO  snapshot.SnapshotDiffManager (SnapshotDiffManager.java:closeExecutorService(1706)) - Shutting down executorService: 'SnapDiffExecutor'
2023-09-14 12:55:39,465 [Time-limited test] INFO  snapshot.SnapshotDiffManager (SnapshotDiffManager.java:closeExecutorService(1706)) - Shutting down executorService: 'SstDumpToolExecutor'
2023-09-14 12:55:39,465 [Time-limited test] INFO  utils.BackgroundService (BackgroundService.java:shutdown(141)) - Shutting down service SnapshotDiffCleanupService
2023-09-14 12:55:39,466 [Time-limited test] INFO  impl.DefaultInternalKdcServerImpl (DefaultInternalKdcServerImpl.java:doStop(102)) - Default Internal kdc server stopped.
2023-09-14 12:55:40,467 [Time-limited test] INFO  minikdc.MiniKdc (MiniKdc.java:stop(359)) - MiniKdc stopped.
2023-09-14 12:55:40,467 [Time-limited test] INFO  om.OzoneManager (OzoneManager.java:stop(2207)) - om1[fv-az187-373.4biwkquksivelc4kanrnlgeoof.gx.internal.cloudapp.net:1202]: Stopping Ozone Manager
]]></system-out>
  </testcase>
  <testcase name="testSecureScmStartupFailure" classname="org.apache.hadoop.ozone.TestSecureOzoneCluster" time="2.074">
    <system-out><![CDATA[2023-09-14 12:55:40,487 [Time-limited test] INFO  net.ServerSocketUtil (ServerSocketUtil.java:getPort(55)) - Using port 9860
2023-09-14 12:55:40,487 [Time-limited test] INFO  net.ServerSocketUtil (ServerSocketUtil.java:getPort(55)) - Using port 9861
2023-09-14 12:55:40,487 [Time-limited test] INFO  net.ServerSocketUtil (ServerSocketUtil.java:getPort(55)) - Using port 9863
2023-09-14 12:55:40,487 [Time-limited test] INFO  net.ServerSocketUtil (ServerSocketUtil.java:getPort(55)) - Using port 9961
2023-09-14 12:55:40,487 [Time-limited test] INFO  net.ServerSocketUtil (ServerSocketUtil.java:getPort(55)) - Using port 1200
2023-09-14 12:55:40,487 [Time-limited test] INFO  net.ServerSocketUtil (ServerSocketUtil.java:getPort(55)) - Using port 1201
2023-09-14 12:55:40,488 [Time-limited test] INFO  minikdc.MiniKdc (MiniKdc.java:<init>(225)) - Configuration:
2023-09-14 12:55:40,488 [Time-limited test] INFO  minikdc.MiniKdc (MiniKdc.java:<init>(226)) - ---------------------------------------------------------------
2023-09-14 12:55:40,488 [Time-limited test] INFO  minikdc.MiniKdc (MiniKdc.java:<init>(228)) -   debug: false
2023-09-14 12:55:40,488 [Time-limited test] INFO  minikdc.MiniKdc (MiniKdc.java:<init>(228)) -   transport: TCP
2023-09-14 12:55:40,488 [Time-limited test] INFO  minikdc.MiniKdc (MiniKdc.java:<init>(228)) -   max.ticket.lifetime: 86400000
2023-09-14 12:55:40,488 [Time-limited test] INFO  minikdc.MiniKdc (MiniKdc.java:<init>(228)) -   org.name: EXAMPLE
2023-09-14 12:55:40,488 [Time-limited test] INFO  minikdc.MiniKdc (MiniKdc.java:<init>(228)) -   kdc.port: 0
2023-09-14 12:55:40,488 [Time-limited test] INFO  minikdc.MiniKdc (MiniKdc.java:<init>(228)) -   org.domain: COM
2023-09-14 12:55:40,488 [Time-limited test] INFO  minikdc.MiniKdc (MiniKdc.java:<init>(228)) -   max.renewable.lifetime: 604800000
2023-09-14 12:55:40,488 [Time-limited test] INFO  minikdc.MiniKdc (MiniKdc.java:<init>(228)) -   instance: DefaultKrbServer
2023-09-14 12:55:40,488 [Time-limited test] INFO  minikdc.MiniKdc (MiniKdc.java:<init>(228)) -   kdc.bind.address: localhost
2023-09-14 12:55:40,488 [Time-limited test] INFO  minikdc.MiniKdc (MiniKdc.java:<init>(230)) - ---------------------------------------------------------------
2023-09-14 12:55:40,490 [Time-limited test] INFO  minikdc.MiniKdc (MiniKdc.java:start(285)) - MiniKdc started.
2023-09-14 12:55:40,643 [Time-limited test] INFO  om.OzoneManager (OzoneManager.java:getOmDetailsProto(4573)) - OzoneManager ports added:[name: "RPC"
value: 1202
]
2023-09-14 12:55:40,643 [Time-limited test] WARN  server.ServerUtils (ServerUtils.java:getScmDbDir(155)) - ozone.scm.db.dirs is not configured. We recommend adding this setting. Falling back to ozone.metadata.dirs instead.
2023-09-14 12:55:40,643 [Time-limited test] INFO  ha.HASecurityUtils (HASecurityUtils.java:initializeSecurity(98)) - Initializing secure StorageContainerManager.
2023-09-14 12:55:40,644 [Time-limited test] INFO  client.SCMCertificateClient (DefaultCertificateClient.java:updateCertSerialId(1244)) - Certificate serial ID set to null
2023-09-14 12:55:40,644 [Time-limited test] ERROR client.SCMCertificateClient (DefaultCertificateClient.java:getCertPath(362)) - Default certificate serial id is not set. Can't locate the default certificate for this client.
2023-09-14 12:55:40,645 [Time-limited test] INFO  client.SCMCertificateClient (DefaultCertificateClient.java:init(715)) - Certificate client init case: 0
2023-09-14 12:55:40,645 [Time-limited test] INFO  client.SCMCertificateClient (SCMCertificateClient.java:handleCase(103)) - Creating keypair for client as keypair and certificate not found.
2023-09-14 12:55:41,350 [Time-limited test] INFO  ha.HASecurityUtils (HASecurityUtils.java:initializeSecurity(108)) - Init response: GETCERT
2023-09-14 12:55:41,516 [Time-limited test] INFO  ozone.OzoneSecurityUtil (OzoneSecurityUtil.java:getValidInetsForCurrentHost(119)) - ip:fe80:0:0:0:20d:3aff:fea7:6146%eth0 not returned.
2023-09-14 12:55:41,517 [Time-limited test] INFO  ozone.OzoneSecurityUtil (OzoneSecurityUtil.java:getValidInetsForCurrentHost(116)) - Adding ip:10.1.0.236,host:fv-az187-373.4biwkquksivelc4kanrnlgeoof.gx.internal.cloudapp.net
2023-09-14 12:55:41,517 [Time-limited test] INFO  ozone.OzoneSecurityUtil (OzoneSecurityUtil.java:getValidInetsForCurrentHost(119)) - ip:0:0:0:0:0:0:0:1%lo not returned.
2023-09-14 12:55:41,517 [Time-limited test] INFO  ozone.OzoneSecurityUtil (OzoneSecurityUtil.java:getValidInetsForCurrentHost(119)) - ip:127.0.0.1 not returned.
2023-09-14 12:55:41,519 [Time-limited test] INFO  utils.SelfSignedCertificate (SelfSignedCertificate.java:generateCertificate(157)) - Certificate 1 is issued by CN=scm-1@fv-az187-373,OU=50fed475-a002-4342-a2a8-03d98e52d6e5,O=811bcb45-5abf-443f-9e94-c7ef782f5572 to CN=scm-1@fv-az187-373,OU=50fed475-a002-4342-a2a8-03d98e52d6e5,O=811bcb45-5abf-443f-9e94-c7ef782f5572, valid from Thu Sep 14 12:55:41 UTC 2023 to Sun Oct 22 12:55:41 UTC 2028
2023-09-14 12:55:41,520 [Time-limited test] INFO  utils.CertificateCodec (CertificateCodec.java:writeCertificate(299)) - Save certificate to /tmp/junit7106931322250517421/junit9214485758541989353/scm-meta/scm/ca/certs/certificate.crt
2023-09-14 12:55:41,520 [Time-limited test] INFO  utils.CertificateCodec (CertificateCodec.java:writeCertificate(300)) - Certificate -----BEGIN CERTIFICATE-----
MIID5zCCAs+gAwIBAgIBATANBgkqhkiG9w0BAQsFADB7MRswGQYDVQQDDBJzY20t
MUBmdi1hejE4Ny0zNzMxLTArBgNVBAsMJDUwZmVkNDc1LWEwMDItNDM0Mi1hMmE4
LTAzZDk4ZTUyZDZlNTEtMCsGA1UECgwkODExYmNiNDUtNWFiZi00NDNmLTllOTQt
YzdlZjc4MmY1NTcyMB4XDTIzMDkxNDEyNTU0MVoXDTI4MTAyMjEyNTU0MVowezEb
MBkGA1UEAwwSc2NtLTFAZnYtYXoxODctMzczMS0wKwYDVQQLDCQ1MGZlZDQ3NS1h
MDAyLTQzNDItYTJhOC0wM2Q5OGU1MmQ2ZTUxLTArBgNVBAoMJDgxMWJjYjQ1LTVh
YmYtNDQzZi05ZTk0LWM3ZWY3ODJmNTU3MjCCASIwDQYJKoZIhvcNAQEBBQADggEP
ADCCAQoCggEBAKkuR2T1whv2NskHWDBWPDeQzSEY5ggnO4y05lNpQyJ3iJrO8HVl
++4H8sYkmIjuvkSGVNVt7QaAgZNV1kJlgaYjiGXyHHszaklZ7uLIxQdF2nv7vd1j
xQcVx2jw6eQdpIGInK3jm9/A8/Qame5amxvweZlnGOrgMEWOLtzl/0SXbNs2dl8a
5s1YepPOcv0ehCEnyD2Zgc5DmBpR/TiJLgWSC4NdjTGR8mFg8WFllXi5cCcg+1l0
tr0cQsEAqeKfIR3bik/TlaWvzYe+MJPkc0fs4N3HeqeOnD+AzExdq+kWNl0eQUZ/
3i8pBVaxN7Y17IAoAzbo0FvkeDOdFGGMFvcCAwEAAaN2MHQwDwYDVR0TAQH/BAUw
AwEB/zAOBgNVHQ8BAf8EBAMCAQYwUQYDVR0RBEowSIcECgEA7IJAZnYtYXoxODct
MzczLjRiaXdrcXVrc2l2ZWxjNGthbnJubGdlb29mLmd4LmludGVybmFsLmNsb3Vk
YXBwLm5ldDANBgkqhkiG9w0BAQsFAAOCAQEAWFzGTct4M5lFvlfGmPmh+uxfCJoc
V/5+PwIKsJfAWQNWVAPNQE4oq7nHCsgfkLkzhwwpKsaFLMyPoBff5qyBcSweJCBc
JZMspyaQtIIxoXcTMINfvtGIceZaFsxwvm0qRYZMuvwyv8mp3P1kDKBc5qcJKH6g
HyA7t0eQmC1UgM05rpQBJ1coNjTxJ6BGs19VK83LMKV2ju97xb+W0N1qz1i+/I3N
OSghbpMNuRj2zmScjBTkeVGwqCB8du8UD2AfUtTpM9QNjpgca32JzXWPLwAYm/LR
pvwX87oPnbVGrhTuL5tVuR6uBhek0VgLyEX2w4J9CtCzTTgpGo42Gq2dYQ==
-----END CERTIFICATE-----

2023-09-14 12:55:41,520 [Time-limited test] INFO  client.SCMCertificateClient (SCMCertificateClient.java:getCSRBuilder(165)) - Creating csr for SCM->hostName:fv-az187-373,scmId:50fed475-a002-4342-a2a8-03d98e52d6e5,clusterId:811bcb45-5abf-443f-9e94-c7ef782f5572,subject:scm-sub-2737768111888@fv-az187-373
2023-09-14 12:55:41,521 [Time-limited test] INFO  ozone.OzoneSecurityUtil (OzoneSecurityUtil.java:getValidInetsForCurrentHost(119)) - ip:fe80:0:0:0:20d:3aff:fea7:6146%eth0 not returned.
2023-09-14 12:55:41,521 [Time-limited test] INFO  ozone.OzoneSecurityUtil (OzoneSecurityUtil.java:getValidInetsForCurrentHost(116)) - Adding ip:10.1.0.236,host:fv-az187-373.4biwkquksivelc4kanrnlgeoof.gx.internal.cloudapp.net
2023-09-14 12:55:41,521 [Time-limited test] INFO  ozone.OzoneSecurityUtil (OzoneSecurityUtil.java:getValidInetsForCurrentHost(119)) - ip:0:0:0:0:0:0:0:1%lo not returned.
2023-09-14 12:55:41,521 [Time-limited test] INFO  ozone.OzoneSecurityUtil (OzoneSecurityUtil.java:getValidInetsForCurrentHost(119)) - ip:127.0.0.1 not returned.
2023-09-14 12:55:41,521 [Time-limited test] INFO  ha.HASecurityUtils (HASecurityUtils.java:generateCSR(308)) - Creating csr for SCM->hostName:fv-az187-373,scmId:50fed475-a002-4342-a2a8-03d98e52d6e5,clusterId:811bcb45-5abf-443f-9e94-c7ef782f5572,subject:scm-sub-2737768712100@fv-az187-373
2023-09-14 12:55:41,524 [Time-limited test] INFO  authority.DefaultApprover (DefaultApprover.java:sign(154)) - Extensions in CSR: 2.5.29.19, 2.5.29.15, 2.5.29.17
2023-09-14 12:55:41,524 [Time-limited test] INFO  authority.DefaultApprover (DefaultApprover.java:sign(158)) - Extensions to add to the certificate if they present in CSR: 2.5.29.17, 2.5.29.19, 1.3.6.1.5.5.7.1.12, 2.5.29.35, 2.5.29.37, 2.5.29.15
2023-09-14 12:55:41,528 [Time-limited test] INFO  utils.CertificateCodec (CertificateCodec.java:writeCertificate(299)) - Save certificate to /tmp/junit7106931322250517421/junit9214485758541989353/scm-meta/scm/sub-ca/certs/CA-1.crt
2023-09-14 12:55:41,528 [Time-limited test] INFO  utils.CertificateCodec (CertificateCodec.java:writeCertificate(300)) - Certificate -----BEGIN CERTIFICATE-----
MIID5zCCAs+gAwIBAgIBATANBgkqhkiG9w0BAQsFADB7MRswGQYDVQQDDBJzY20t
MUBmdi1hejE4Ny0zNzMxLTArBgNVBAsMJDUwZmVkNDc1LWEwMDItNDM0Mi1hMmE4
LTAzZDk4ZTUyZDZlNTEtMCsGA1UECgwkODExYmNiNDUtNWFiZi00NDNmLTllOTQt
YzdlZjc4MmY1NTcyMB4XDTIzMDkxNDEyNTU0MVoXDTI4MTAyMjEyNTU0MVowezEb
MBkGA1UEAwwSc2NtLTFAZnYtYXoxODctMzczMS0wKwYDVQQLDCQ1MGZlZDQ3NS1h
MDAyLTQzNDItYTJhOC0wM2Q5OGU1MmQ2ZTUxLTArBgNVBAoMJDgxMWJjYjQ1LTVh
YmYtNDQzZi05ZTk0LWM3ZWY3ODJmNTU3MjCCASIwDQYJKoZIhvcNAQEBBQADggEP
ADCCAQoCggEBAKkuR2T1whv2NskHWDBWPDeQzSEY5ggnO4y05lNpQyJ3iJrO8HVl
++4H8sYkmIjuvkSGVNVt7QaAgZNV1kJlgaYjiGXyHHszaklZ7uLIxQdF2nv7vd1j
xQcVx2jw6eQdpIGInK3jm9/A8/Qame5amxvweZlnGOrgMEWOLtzl/0SXbNs2dl8a
5s1YepPOcv0ehCEnyD2Zgc5DmBpR/TiJLgWSC4NdjTGR8mFg8WFllXi5cCcg+1l0
tr0cQsEAqeKfIR3bik/TlaWvzYe+MJPkc0fs4N3HeqeOnD+AzExdq+kWNl0eQUZ/
3i8pBVaxN7Y17IAoAzbo0FvkeDOdFGGMFvcCAwEAAaN2MHQwDwYDVR0TAQH/BAUw
AwEB/zAOBgNVHQ8BAf8EBAMCAQYwUQYDVR0RBEowSIcECgEA7IJAZnYtYXoxODct
MzczLjRiaXdrcXVrc2l2ZWxjNGthbnJubGdlb29mLmd4LmludGVybmFsLmNsb3Vk
YXBwLm5ldDANBgkqhkiG9w0BAQsFAAOCAQEAWFzGTct4M5lFvlfGmPmh+uxfCJoc
V/5+PwIKsJfAWQNWVAPNQE4oq7nHCsgfkLkzhwwpKsaFLMyPoBff5qyBcSweJCBc
JZMspyaQtIIxoXcTMINfvtGIceZaFsxwvm0qRYZMuvwyv8mp3P1kDKBc5qcJKH6g
HyA7t0eQmC1UgM05rpQBJ1coNjTxJ6BGs19VK83LMKV2ju97xb+W0N1qz1i+/I3N
OSghbpMNuRj2zmScjBTkeVGwqCB8du8UD2AfUtTpM9QNjpgca32JzXWPLwAYm/LR
pvwX87oPnbVGrhTuL5tVuR6uBhek0VgLyEX2w4J9CtCzTTgpGo42Gq2dYQ==
-----END CERTIFICATE-----

2023-09-14 12:55:41,528 [Time-limited test] INFO  utils.CertificateCodec (CertificateCodec.java:writeCertificate(299)) - Save certificate to /tmp/junit7106931322250517421/junit9214485758541989353/scm-meta/scm/sub-ca/certs/2737771872966.crt
2023-09-14 12:55:41,528 [Time-limited test] INFO  utils.CertificateCodec (CertificateCodec.java:writeCertificate(300)) - Certificate -----BEGIN CERTIFICATE-----
MIID/TCCAuWgAwIBAgIGAn1v64LGMA0GCSqGSIb3DQEBCwUAMHsxGzAZBgNVBAMM
EnNjbS0xQGZ2LWF6MTg3LTM3MzEtMCsGA1UECwwkNTBmZWQ0NzUtYTAwMi00MzQy
LWEyYTgtMDNkOThlNTJkNmU1MS0wKwYDVQQKDCQ4MTFiY2I0NS01YWJmLTQ0M2Yt
OWU5NC1jN2VmNzgyZjU1NzIwHhcNMjMwOTE0MTI1NTQxWhcNMjgxMDIyMTI1NTQx
WjCBizErMCkGA1UEAwwic2NtLXN1Yi0yNzM3NzY4NzEyMTAwQGZ2LWF6MTg3LTM3
MzEtMCsGA1UECwwkNTBmZWQ0NzUtYTAwMi00MzQyLWEyYTgtMDNkOThlNTJkNmU1
MS0wKwYDVQQKDCQ4MTFiY2I0NS01YWJmLTQ0M2YtOWU5NC1jN2VmNzgyZjU1NzIw
ggEiMA0GCSqGSIb3DQEBAQUAA4IBDwAwggEKAoIBAQC1E/MitqQQi7NRxfsBUiiV
hyV4EEcQ1OCCiFVJj2UU1ypp680X5z+57qmTw2bRX/ODmxSW848OOuKXlD8LSDJQ
NiRctVVI9On+IA6XIlFoi9+nIFgcfguJ8+WM/Pvh0PFpyA/F/pAj+tlahypu8uu3
GEQ70o/qf2IVvvzjU1lmCPjGYPPjBdQdLcRqLK4Qoe39E5M65dRk2lpqub2bwfgP
3n7Jvl1CiugPoaNJrz6bQ51NdtrcmBu6xyb+eZ/HKP/062QDMrCZtjgP9IHtuiaj
VLMYHXfIf8yIrfehGc6qUwHbndMnqMCy8mHYE8H9lWkS0S8yjVG+/ZPvkP1B2rFH
AgMBAAGjdjB0MFEGA1UdEQRKMEiHBAoBAOyCQGZ2LWF6MTg3LTM3My40Yml3a3F1
a3NpdmVsYzRrYW5ybmxnZW9vZi5neC5pbnRlcm5hbC5jbG91ZGFwcC5uZXQwDwYD
VR0TAQH/BAUwAwEB/zAOBgNVHQ8BAf8EBAMCAb4wDQYJKoZIhvcNAQELBQADggEB
AJ9jR9IOT5s/LtAS80nOR6Xt9bIAkBffPqBnP8b2IU0qazQAWg9fRDncF9YPapoM
Icg9lVWK9AQA3V+//7nsFRKC+GmA7l4ZjGq0TaTMDT+T0Kb+VcQ5ITiTz67W51eA
HPW9z8qi0O87U+psh07m+cjroikxnD4M2fipaoeBQfT+l8ba+EC6Lp2W/zqQtOoM
+4agEWFTPAKbk6m510OY5R0P0Fi1qeDdP+o+O7MwP6ez8DhKNdavSCysKaQ2uhu5
xjUQkdVe+KTPAL5ejQiOaQ8ufjUU84NFajUlheXY8PXvrTxz4Hj5T8rNVTzHS1tF
gl/tKyk+IREhql8dyEmqxas=
-----END CERTIFICATE-----

-----BEGIN CERTIFICATE-----
MIID5zCCAs+gAwIBAgIBATANBgkqhkiG9w0BAQsFADB7MRswGQYDVQQDDBJzY20t
MUBmdi1hejE4Ny0zNzMxLTArBgNVBAsMJDUwZmVkNDc1LWEwMDItNDM0Mi1hMmE4
LTAzZDk4ZTUyZDZlNTEtMCsGA1UECgwkODExYmNiNDUtNWFiZi00NDNmLTllOTQt
YzdlZjc4MmY1NTcyMB4XDTIzMDkxNDEyNTU0MVoXDTI4MTAyMjEyNTU0MVowezEb
MBkGA1UEAwwSc2NtLTFAZnYtYXoxODctMzczMS0wKwYDVQQLDCQ1MGZlZDQ3NS1h
MDAyLTQzNDItYTJhOC0wM2Q5OGU1MmQ2ZTUxLTArBgNVBAoMJDgxMWJjYjQ1LTVh
YmYtNDQzZi05ZTk0LWM3ZWY3ODJmNTU3MjCCASIwDQYJKoZIhvcNAQEBBQADggEP
ADCCAQoCggEBAKkuR2T1whv2NskHWDBWPDeQzSEY5ggnO4y05lNpQyJ3iJrO8HVl
++4H8sYkmIjuvkSGVNVt7QaAgZNV1kJlgaYjiGXyHHszaklZ7uLIxQdF2nv7vd1j
xQcVx2jw6eQdpIGInK3jm9/A8/Qame5amxvweZlnGOrgMEWOLtzl/0SXbNs2dl8a
5s1YepPOcv0ehCEnyD2Zgc5DmBpR/TiJLgWSC4NdjTGR8mFg8WFllXi5cCcg+1l0
tr0cQsEAqeKfIR3bik/TlaWvzYe+MJPkc0fs4N3HeqeOnD+AzExdq+kWNl0eQUZ/
3i8pBVaxN7Y17IAoAzbo0FvkeDOdFGGMFvcCAwEAAaN2MHQwDwYDVR0TAQH/BAUw
AwEB/zAOBgNVHQ8BAf8EBAMCAQYwUQYDVR0RBEowSIcECgEA7IJAZnYtYXoxODct
MzczLjRiaXdrcXVrc2l2ZWxjNGthbnJubGdlb29mLmd4LmludGVybmFsLmNsb3Vk
YXBwLm5ldDANBgkqhkiG9w0BAQsFAAOCAQEAWFzGTct4M5lFvlfGmPmh+uxfCJoc
V/5+PwIKsJfAWQNWVAPNQE4oq7nHCsgfkLkzhwwpKsaFLMyPoBff5qyBcSweJCBc
JZMspyaQtIIxoXcTMINfvtGIceZaFsxwvm0qRYZMuvwyv8mp3P1kDKBc5qcJKH6g
HyA7t0eQmC1UgM05rpQBJ1coNjTxJ6BGs19VK83LMKV2ju97xb+W0N1qz1i+/I3N
OSghbpMNuRj2zmScjBTkeVGwqCB8du8UD2AfUtTpM9QNjpgca32JzXWPLwAYm/LR
pvwX87oPnbVGrhTuL5tVuR6uBhek0VgLyEX2w4J9CtCzTTgpGo42Gq2dYQ==
-----END CERTIFICATE-----

2023-09-14 12:55:41,529 [Time-limited test] INFO  utils.CertificateCodec (CertificateCodec.java:writeCertificate(299)) - Save certificate to /tmp/junit7106931322250517421/junit9214485758541989353/scm-meta/scm/sub-ca/certs/certificate.crt
2023-09-14 12:55:41,529 [Time-limited test] INFO  utils.CertificateCodec (CertificateCodec.java:writeCertificate(300)) - Certificate -----BEGIN CERTIFICATE-----
MIID/TCCAuWgAwIBAgIGAn1v64LGMA0GCSqGSIb3DQEBCwUAMHsxGzAZBgNVBAMM
EnNjbS0xQGZ2LWF6MTg3LTM3MzEtMCsGA1UECwwkNTBmZWQ0NzUtYTAwMi00MzQy
LWEyYTgtMDNkOThlNTJkNmU1MS0wKwYDVQQKDCQ4MTFiY2I0NS01YWJmLTQ0M2Yt
OWU5NC1jN2VmNzgyZjU1NzIwHhcNMjMwOTE0MTI1NTQxWhcNMjgxMDIyMTI1NTQx
WjCBizErMCkGA1UEAwwic2NtLXN1Yi0yNzM3NzY4NzEyMTAwQGZ2LWF6MTg3LTM3
MzEtMCsGA1UECwwkNTBmZWQ0NzUtYTAwMi00MzQyLWEyYTgtMDNkOThlNTJkNmU1
MS0wKwYDVQQKDCQ4MTFiY2I0NS01YWJmLTQ0M2YtOWU5NC1jN2VmNzgyZjU1NzIw
ggEiMA0GCSqGSIb3DQEBAQUAA4IBDwAwggEKAoIBAQC1E/MitqQQi7NRxfsBUiiV
hyV4EEcQ1OCCiFVJj2UU1ypp680X5z+57qmTw2bRX/ODmxSW848OOuKXlD8LSDJQ
NiRctVVI9On+IA6XIlFoi9+nIFgcfguJ8+WM/Pvh0PFpyA/F/pAj+tlahypu8uu3
GEQ70o/qf2IVvvzjU1lmCPjGYPPjBdQdLcRqLK4Qoe39E5M65dRk2lpqub2bwfgP
3n7Jvl1CiugPoaNJrz6bQ51NdtrcmBu6xyb+eZ/HKP/062QDMrCZtjgP9IHtuiaj
VLMYHXfIf8yIrfehGc6qUwHbndMnqMCy8mHYE8H9lWkS0S8yjVG+/ZPvkP1B2rFH
AgMBAAGjdjB0MFEGA1UdEQRKMEiHBAoBAOyCQGZ2LWF6MTg3LTM3My40Yml3a3F1
a3NpdmVsYzRrYW5ybmxnZW9vZi5neC5pbnRlcm5hbC5jbG91ZGFwcC5uZXQwDwYD
VR0TAQH/BAUwAwEB/zAOBgNVHQ8BAf8EBAMCAb4wDQYJKoZIhvcNAQELBQADggEB
AJ9jR9IOT5s/LtAS80nOR6Xt9bIAkBffPqBnP8b2IU0qazQAWg9fRDncF9YPapoM
Icg9lVWK9AQA3V+//7nsFRKC+GmA7l4ZjGq0TaTMDT+T0Kb+VcQ5ITiTz67W51eA
HPW9z8qi0O87U+psh07m+cjroikxnD4M2fipaoeBQfT+l8ba+EC6Lp2W/zqQtOoM
+4agEWFTPAKbk6m510OY5R0P0Fi1qeDdP+o+O7MwP6ez8DhKNdavSCysKaQ2uhu5
xjUQkdVe+KTPAL5ejQiOaQ8ufjUU84NFajUlheXY8PXvrTxz4Hj5T8rNVTzHS1tF
gl/tKyk+IREhql8dyEmqxas=
-----END CERTIFICATE-----

-----BEGIN CERTIFICATE-----
MIID5zCCAs+gAwIBAgIBATANBgkqhkiG9w0BAQsFADB7MRswGQYDVQQDDBJzY20t
MUBmdi1hejE4Ny0zNzMxLTArBgNVBAsMJDUwZmVkNDc1LWEwMDItNDM0Mi1hMmE4
LTAzZDk4ZTUyZDZlNTEtMCsGA1UECgwkODExYmNiNDUtNWFiZi00NDNmLTllOTQt
YzdlZjc4MmY1NTcyMB4XDTIzMDkxNDEyNTU0MVoXDTI4MTAyMjEyNTU0MVowezEb
MBkGA1UEAwwSc2NtLTFAZnYtYXoxODctMzczMS0wKwYDVQQLDCQ1MGZlZDQ3NS1h
MDAyLTQzNDItYTJhOC0wM2Q5OGU1MmQ2ZTUxLTArBgNVBAoMJDgxMWJjYjQ1LTVh
YmYtNDQzZi05ZTk0LWM3ZWY3ODJmNTU3MjCCASIwDQYJKoZIhvcNAQEBBQADggEP
ADCCAQoCggEBAKkuR2T1whv2NskHWDBWPDeQzSEY5ggnO4y05lNpQyJ3iJrO8HVl
++4H8sYkmIjuvkSGVNVt7QaAgZNV1kJlgaYjiGXyHHszaklZ7uLIxQdF2nv7vd1j
xQcVx2jw6eQdpIGInK3jm9/A8/Qame5amxvweZlnGOrgMEWOLtzl/0SXbNs2dl8a
5s1YepPOcv0ehCEnyD2Zgc5DmBpR/TiJLgWSC4NdjTGR8mFg8WFllXi5cCcg+1l0
tr0cQsEAqeKfIR3bik/TlaWvzYe+MJPkc0fs4N3HeqeOnD+AzExdq+kWNl0eQUZ/
3i8pBVaxN7Y17IAoAzbo0FvkeDOdFGGMFvcCAwEAAaN2MHQwDwYDVR0TAQH/BAUw
AwEB/zAOBgNVHQ8BAf8EBAMCAQYwUQYDVR0RBEowSIcECgEA7IJAZnYtYXoxODct
MzczLjRiaXdrcXVrc2l2ZWxjNGthbnJubGdlb29mLmd4LmludGVybmFsLmNsb3Vk
YXBwLm5ldDANBgkqhkiG9w0BAQsFAAOCAQEAWFzGTct4M5lFvlfGmPmh+uxfCJoc
V/5+PwIKsJfAWQNWVAPNQE4oq7nHCsgfkLkzhwwpKsaFLMyPoBff5qyBcSweJCBc
JZMspyaQtIIxoXcTMINfvtGIceZaFsxwvm0qRYZMuvwyv8mp3P1kDKBc5qcJKH6g
HyA7t0eQmC1UgM05rpQBJ1coNjTxJ6BGs19VK83LMKV2ju97xb+W0N1qz1i+/I3N
OSghbpMNuRj2zmScjBTkeVGwqCB8du8UD2AfUtTpM9QNjpgca32JzXWPLwAYm/LR
pvwX87oPnbVGrhTuL5tVuR6uBhek0VgLyEX2w4J9CtCzTTgpGo42Gq2dYQ==
-----END CERTIFICATE-----

2023-09-14 12:55:41,529 [Time-limited test] INFO  ha.HASecurityUtils (HASecurityUtils.java:initializeSecurity(121)) - Successfully stored SCM signed certificate.
2023-09-14 12:55:41,534 [Time-limited test] WARN  server.ServerUtils (ServerUtils.java:getScmDbDir(155)) - ozone.scm.db.dirs is not configured. We recommend adding this setting. Falling back to ozone.metadata.dirs instead.
2023-09-14 12:55:41,535 [Time-limited test] INFO  ha.SCMHANodeDetails (SCMHANodeDetails.java:loadSCMHAConfig(210)) - ServiceID for StorageContainerManager is null
2023-09-14 12:55:41,535 [Time-limited test] INFO  ha.SCMHANodeDetails (SCMHANodeDetails.java:loadSCMHAConfig(215)) - ozone.scm.default.service.id is not defined, falling back to ozone.scm.service.ids to find serviceID for StorageContainerManager if it is HA enabled cluster
2023-09-14 12:55:41,536 [Time-limited test] WARN  server.ServerUtils (ServerUtils.java:getScmDbDir(155)) - ozone.scm.db.dirs is not configured. We recommend adding this setting. Falling back to ozone.metadata.dirs instead.
2023-09-14 12:55:41,536 [Time-limited test] INFO  ha.SCMHANodeDetails (SCMHANodeDetails.java:loadSCMHAConfig(210)) - ServiceID for StorageContainerManager is null
2023-09-14 12:55:41,536 [Time-limited test] INFO  ha.SCMHANodeDetails (SCMHANodeDetails.java:loadSCMHAConfig(215)) - ozone.scm.default.service.id is not defined, falling back to ozone.scm.service.ids to find serviceID for StorageContainerManager if it is HA enabled cluster
2023-09-14 12:55:41,537 [Time-limited test] WARN  server.ServerUtils (ServerUtils.java:getScmDbDir(155)) - ozone.scm.db.dirs is not configured. We recommend adding this setting. Falling back to ozone.metadata.dirs instead.
2023-09-14 12:55:41,537 [Time-limited test] INFO  ha.SCMHANodeDetails (SCMHANodeDetails.java:loadSCMHAConfig(210)) - ServiceID for StorageContainerManager is null
2023-09-14 12:55:41,537 [Time-limited test] INFO  ha.SCMHANodeDetails (SCMHANodeDetails.java:loadSCMHAConfig(215)) - ozone.scm.default.service.id is not defined, falling back to ozone.scm.service.ids to find serviceID for StorageContainerManager if it is HA enabled cluster
2023-09-14 12:55:41,538 [Time-limited test] WARN  server.ServerUtils (ServerUtils.java:getScmDbDir(155)) - ozone.scm.db.dirs is not configured. We recommend adding this setting. Falling back to ozone.metadata.dirs instead.
2023-09-14 12:55:41,538 [Time-limited test] INFO  ha.SCMHANodeDetails (SCMHANodeDetails.java:loadSCMHAConfig(210)) - ServiceID for StorageContainerManager is null
2023-09-14 12:55:41,538 [Time-limited test] INFO  ha.SCMHANodeDetails (SCMHANodeDetails.java:loadSCMHAConfig(215)) - ozone.scm.default.service.id is not defined, falling back to ozone.scm.service.ids to find serviceID for StorageContainerManager if it is HA enabled cluster
2023-09-14 12:55:41,538 [Time-limited test] INFO  impl.DefaultInternalKdcServerImpl (DefaultInternalKdcServerImpl.java:doStop(102)) - Default Internal kdc server stopped.
2023-09-14 12:55:42,543 [Time-limited test] INFO  minikdc.MiniKdc (MiniKdc.java:stop(359)) - MiniKdc stopped.
]]></system-out>
  </testcase>
  <testcase name="testAdminAccessControlException" classname="org.apache.hadoop.ozone.TestSecureOzoneCluster" time="5.408">
    <system-out><![CDATA[2023-09-14 12:55:42,561 [Time-limited test] INFO  net.ServerSocketUtil (ServerSocketUtil.java:getPort(55)) - Using port 9860
2023-09-14 12:55:42,562 [Time-limited test] INFO  net.ServerSocketUtil (ServerSocketUtil.java:getPort(55)) - Using port 9861
2023-09-14 12:55:42,562 [Time-limited test] INFO  net.ServerSocketUtil (ServerSocketUtil.java:getPort(55)) - Using port 9863
2023-09-14 12:55:42,562 [Time-limited test] INFO  net.ServerSocketUtil (ServerSocketUtil.java:getPort(55)) - Using port 9961
2023-09-14 12:55:42,562 [Time-limited test] INFO  net.ServerSocketUtil (ServerSocketUtil.java:getPort(55)) - Using port 1200
2023-09-14 12:55:42,562 [Time-limited test] INFO  net.ServerSocketUtil (ServerSocketUtil.java:getPort(55)) - Using port 1201
2023-09-14 12:55:42,563 [Time-limited test] INFO  minikdc.MiniKdc (MiniKdc.java:<init>(225)) - Configuration:
2023-09-14 12:55:42,563 [Time-limited test] INFO  minikdc.MiniKdc (MiniKdc.java:<init>(226)) - ---------------------------------------------------------------
2023-09-14 12:55:42,563 [Time-limited test] INFO  minikdc.MiniKdc (MiniKdc.java:<init>(228)) -   debug: false
2023-09-14 12:55:42,563 [Time-limited test] INFO  minikdc.MiniKdc (MiniKdc.java:<init>(228)) -   transport: TCP
2023-09-14 12:55:42,563 [Time-limited test] INFO  minikdc.MiniKdc (MiniKdc.java:<init>(228)) -   max.ticket.lifetime: 86400000
2023-09-14 12:55:42,563 [Time-limited test] INFO  minikdc.MiniKdc (MiniKdc.java:<init>(228)) -   org.name: EXAMPLE
2023-09-14 12:55:42,563 [Time-limited test] INFO  minikdc.MiniKdc (MiniKdc.java:<init>(228)) -   kdc.port: 0
2023-09-14 12:55:42,563 [Time-limited test] INFO  minikdc.MiniKdc (MiniKdc.java:<init>(228)) -   org.domain: COM
2023-09-14 12:55:42,563 [Time-limited test] INFO  minikdc.MiniKdc (MiniKdc.java:<init>(228)) -   max.renewable.lifetime: 604800000
2023-09-14 12:55:42,563 [Time-limited test] INFO  minikdc.MiniKdc (MiniKdc.java:<init>(228)) -   instance: DefaultKrbServer
2023-09-14 12:55:42,563 [Time-limited test] INFO  minikdc.MiniKdc (MiniKdc.java:<init>(228)) -   kdc.bind.address: localhost
2023-09-14 12:55:42,563 [Time-limited test] INFO  minikdc.MiniKdc (MiniKdc.java:<init>(230)) - ---------------------------------------------------------------
2023-09-14 12:55:42,564 [Time-limited test] INFO  minikdc.MiniKdc (MiniKdc.java:start(285)) - MiniKdc started.
2023-09-14 12:55:42,911 [Time-limited test] INFO  om.OzoneManager (OzoneManager.java:getOmDetailsProto(4573)) - OzoneManager ports added:[name: "RPC"
value: 1202
]
2023-09-14 12:55:42,912 [Time-limited test] WARN  server.ServerUtils (ServerUtils.java:getScmDbDir(155)) - ozone.scm.db.dirs is not configured. We recommend adding this setting. Falling back to ozone.metadata.dirs instead.
2023-09-14 12:55:42,912 [Time-limited test] INFO  ha.HASecurityUtils (HASecurityUtils.java:initializeSecurity(98)) - Initializing secure StorageContainerManager.
2023-09-14 12:55:42,913 [Time-limited test] INFO  client.SCMCertificateClient (DefaultCertificateClient.java:updateCertSerialId(1244)) - Certificate serial ID set to null
2023-09-14 12:55:42,914 [Time-limited test] ERROR client.SCMCertificateClient (DefaultCertificateClient.java:getCertPath(362)) - Default certificate serial id is not set. Can't locate the default certificate for this client.
2023-09-14 12:55:42,914 [Time-limited test] INFO  client.SCMCertificateClient (DefaultCertificateClient.java:init(715)) - Certificate client init case: 0
2023-09-14 12:55:42,914 [Time-limited test] INFO  client.SCMCertificateClient (SCMCertificateClient.java:handleCase(103)) - Creating keypair for client as keypair and certificate not found.
2023-09-14 12:55:43,299 [Time-limited test] INFO  ha.HASecurityUtils (HASecurityUtils.java:initializeSecurity(108)) - Init response: GETCERT
2023-09-14 12:55:43,777 [Time-limited test] INFO  ozone.OzoneSecurityUtil (OzoneSecurityUtil.java:getValidInetsForCurrentHost(119)) - ip:fe80:0:0:0:20d:3aff:fea7:6146%eth0 not returned.
2023-09-14 12:55:43,777 [Time-limited test] INFO  ozone.OzoneSecurityUtil (OzoneSecurityUtil.java:getValidInetsForCurrentHost(116)) - Adding ip:10.1.0.236,host:fv-az187-373.4biwkquksivelc4kanrnlgeoof.gx.internal.cloudapp.net
2023-09-14 12:55:43,777 [Time-limited test] INFO  ozone.OzoneSecurityUtil (OzoneSecurityUtil.java:getValidInetsForCurrentHost(119)) - ip:0:0:0:0:0:0:0:1%lo not returned.
2023-09-14 12:55:43,777 [Time-limited test] INFO  ozone.OzoneSecurityUtil (OzoneSecurityUtil.java:getValidInetsForCurrentHost(119)) - ip:127.0.0.1 not returned.
2023-09-14 12:55:43,779 [Time-limited test] INFO  utils.SelfSignedCertificate (SelfSignedCertificate.java:generateCertificate(157)) - Certificate 1 is issued by CN=scm-1@fv-az187-373,OU=cef5e289-7527-4489-9c44-b2cb7fa52880,O=a4c12f42-77de-4fd9-bc5f-7b83a09fbf2c to CN=scm-1@fv-az187-373,OU=cef5e289-7527-4489-9c44-b2cb7fa52880,O=a4c12f42-77de-4fd9-bc5f-7b83a09fbf2c, valid from Thu Sep 14 12:55:43 UTC 2023 to Sun Oct 22 12:55:43 UTC 2028
2023-09-14 12:55:43,780 [Time-limited test] INFO  utils.CertificateCodec (CertificateCodec.java:writeCertificate(299)) - Save certificate to /tmp/junit5721322051675036708/junit8938392633130221086/scm-meta/scm/ca/certs/certificate.crt
2023-09-14 12:55:43,780 [Time-limited test] INFO  utils.CertificateCodec (CertificateCodec.java:writeCertificate(300)) - Certificate -----BEGIN CERTIFICATE-----
MIID5zCCAs+gAwIBAgIBATANBgkqhkiG9w0BAQsFADB7MRswGQYDVQQDDBJzY20t
MUBmdi1hejE4Ny0zNzMxLTArBgNVBAsMJGNlZjVlMjg5LTc1MjctNDQ4OS05YzQ0
LWIyY2I3ZmE1Mjg4MDEtMCsGA1UECgwkYTRjMTJmNDItNzdkZS00ZmQ5LWJjNWYt
N2I4M2EwOWZiZjJjMB4XDTIzMDkxNDEyNTU0M1oXDTI4MTAyMjEyNTU0M1owezEb
MBkGA1UEAwwSc2NtLTFAZnYtYXoxODctMzczMS0wKwYDVQQLDCRjZWY1ZTI4OS03
NTI3LTQ0ODktOWM0NC1iMmNiN2ZhNTI4ODAxLTArBgNVBAoMJGE0YzEyZjQyLTc3
ZGUtNGZkOS1iYzVmLTdiODNhMDlmYmYyYzCCASIwDQYJKoZIhvcNAQEBBQADggEP
ADCCAQoCggEBAJeFHJREKKjlhIao8oit44CBDivDM10URaUGfuO0C2bdSD60HLN3
xA17n1TjrYU6I0kYoxzenOpyskJr0qt3Ui32OGJDrdbJzps0HQNuZ8+HYXobYG/g
fYkrB9zFGfiCba5+AZgIab5zbTDXQvUeLnOqSK5cam8AoxUzWjyk2op19OxEPlPg
a9PUIwqDc35SICIK7MtFAMzt4/79QRbCKtWBCMLeHmx6d6O2IexWy3LjEF5lSrge
rHkB3VjPoZPzBtY+Prg8B5mAUxG5xd7XJw3rrzgrwVryT+efFVu+dA0gWPA6Phnl
5l6l40xlikLjhoXaFPCgdsR7QG0Hh2On6K0CAwEAAaN2MHQwDwYDVR0TAQH/BAUw
AwEB/zAOBgNVHQ8BAf8EBAMCAQYwUQYDVR0RBEowSIcECgEA7IJAZnYtYXoxODct
MzczLjRiaXdrcXVrc2l2ZWxjNGthbnJubGdlb29mLmd4LmludGVybmFsLmNsb3Vk
YXBwLm5ldDANBgkqhkiG9w0BAQsFAAOCAQEAH3dMjW1TLZa2DzS+dg4dLNUquGJr
acDZK7o9C4Sl3Q8AOeQZ+hqHRIbpmp+L/gMKbwDJ2I6Qdb6mkx4pgoUocAc5To6V
mPGi9o93AMYAZC/gGHNKny3g2iFzSeIiiBOy8axnFRliHRgigfq9k87hsy1yry16
ZAuE0Wg2ONp9yYtMp5EbqM43T/crinb1fqnWlSVYgyBBEwcTXptxZsCcL6S9WDkt
rO4p9gDDVKLHQq/opIqvpdt/Z1hnu2vw5L4tOn7KXPzvWiMGCk3+UKW1p1EcwLOF
cPyPWS4Cg2MIWvce+/DZnSIKdIvm1b0K/Alvr/9pvJCCgE8h1ZnXMIVGJQ==
-----END CERTIFICATE-----

2023-09-14 12:55:43,781 [Time-limited test] INFO  client.SCMCertificateClient (SCMCertificateClient.java:getCSRBuilder(165)) - Creating csr for SCM->hostName:fv-az187-373,scmId:cef5e289-7527-4489-9c44-b2cb7fa52880,clusterId:a4c12f42-77de-4fd9-bc5f-7b83a09fbf2c,subject:scm-sub-2740028280503@fv-az187-373
2023-09-14 12:55:43,781 [Time-limited test] INFO  ozone.OzoneSecurityUtil (OzoneSecurityUtil.java:getValidInetsForCurrentHost(119)) - ip:fe80:0:0:0:20d:3aff:fea7:6146%eth0 not returned.
2023-09-14 12:55:43,781 [Time-limited test] INFO  ozone.OzoneSecurityUtil (OzoneSecurityUtil.java:getValidInetsForCurrentHost(116)) - Adding ip:10.1.0.236,host:fv-az187-373.4biwkquksivelc4kanrnlgeoof.gx.internal.cloudapp.net
2023-09-14 12:55:43,781 [Time-limited test] INFO  ozone.OzoneSecurityUtil (OzoneSecurityUtil.java:getValidInetsForCurrentHost(119)) - ip:0:0:0:0:0:0:0:1%lo not returned.
2023-09-14 12:55:43,781 [Time-limited test] INFO  ozone.OzoneSecurityUtil (OzoneSecurityUtil.java:getValidInetsForCurrentHost(119)) - ip:127.0.0.1 not returned.
2023-09-14 12:55:43,781 [Time-limited test] INFO  ha.HASecurityUtils (HASecurityUtils.java:generateCSR(308)) - Creating csr for SCM->hostName:fv-az187-373,scmId:cef5e289-7527-4489-9c44-b2cb7fa52880,clusterId:a4c12f42-77de-4fd9-bc5f-7b83a09fbf2c,subject:scm-sub-2740028877016@fv-az187-373
2023-09-14 12:55:43,784 [Time-limited test] INFO  authority.DefaultApprover (DefaultApprover.java:sign(154)) - Extensions in CSR: 2.5.29.19, 2.5.29.15, 2.5.29.17
2023-09-14 12:55:43,784 [Time-limited test] INFO  authority.DefaultApprover (DefaultApprover.java:sign(158)) - Extensions to add to the certificate if they present in CSR: 2.5.29.17, 2.5.29.19, 1.3.6.1.5.5.7.1.12, 2.5.29.35, 2.5.29.37, 2.5.29.15
2023-09-14 12:55:43,787 [Time-limited test] INFO  utils.CertificateCodec (CertificateCodec.java:writeCertificate(299)) - Save certificate to /tmp/junit5721322051675036708/junit8938392633130221086/scm-meta/scm/sub-ca/certs/CA-1.crt
2023-09-14 12:55:43,788 [Time-limited test] INFO  utils.CertificateCodec (CertificateCodec.java:writeCertificate(300)) - Certificate -----BEGIN CERTIFICATE-----
MIID5zCCAs+gAwIBAgIBATANBgkqhkiG9w0BAQsFADB7MRswGQYDVQQDDBJzY20t
MUBmdi1hejE4Ny0zNzMxLTArBgNVBAsMJGNlZjVlMjg5LTc1MjctNDQ4OS05YzQ0
LWIyY2I3ZmE1Mjg4MDEtMCsGA1UECgwkYTRjMTJmNDItNzdkZS00ZmQ5LWJjNWYt
N2I4M2EwOWZiZjJjMB4XDTIzMDkxNDEyNTU0M1oXDTI4MTAyMjEyNTU0M1owezEb
MBkGA1UEAwwSc2NtLTFAZnYtYXoxODctMzczMS0wKwYDVQQLDCRjZWY1ZTI4OS03
NTI3LTQ0ODktOWM0NC1iMmNiN2ZhNTI4ODAxLTArBgNVBAoMJGE0YzEyZjQyLTc3
ZGUtNGZkOS1iYzVmLTdiODNhMDlmYmYyYzCCASIwDQYJKoZIhvcNAQEBBQADggEP
ADCCAQoCggEBAJeFHJREKKjlhIao8oit44CBDivDM10URaUGfuO0C2bdSD60HLN3
xA17n1TjrYU6I0kYoxzenOpyskJr0qt3Ui32OGJDrdbJzps0HQNuZ8+HYXobYG/g
fYkrB9zFGfiCba5+AZgIab5zbTDXQvUeLnOqSK5cam8AoxUzWjyk2op19OxEPlPg
a9PUIwqDc35SICIK7MtFAMzt4/79QRbCKtWBCMLeHmx6d6O2IexWy3LjEF5lSrge
rHkB3VjPoZPzBtY+Prg8B5mAUxG5xd7XJw3rrzgrwVryT+efFVu+dA0gWPA6Phnl
5l6l40xlikLjhoXaFPCgdsR7QG0Hh2On6K0CAwEAAaN2MHQwDwYDVR0TAQH/BAUw
AwEB/zAOBgNVHQ8BAf8EBAMCAQYwUQYDVR0RBEowSIcECgEA7IJAZnYtYXoxODct
MzczLjRiaXdrcXVrc2l2ZWxjNGthbnJubGdlb29mLmd4LmludGVybmFsLmNsb3Vk
YXBwLm5ldDANBgkqhkiG9w0BAQsFAAOCAQEAH3dMjW1TLZa2DzS+dg4dLNUquGJr
acDZK7o9C4Sl3Q8AOeQZ+hqHRIbpmp+L/gMKbwDJ2I6Qdb6mkx4pgoUocAc5To6V
mPGi9o93AMYAZC/gGHNKny3g2iFzSeIiiBOy8axnFRliHRgigfq9k87hsy1yry16
ZAuE0Wg2ONp9yYtMp5EbqM43T/crinb1fqnWlSVYgyBBEwcTXptxZsCcL6S9WDkt
rO4p9gDDVKLHQq/opIqvpdt/Z1hnu2vw5L4tOn7KXPzvWiMGCk3+UKW1p1EcwLOF
cPyPWS4Cg2MIWvce+/DZnSIKdIvm1b0K/Alvr/9pvJCCgE8h1ZnXMIVGJQ==
-----END CERTIFICATE-----

2023-09-14 12:55:43,788 [Time-limited test] INFO  utils.CertificateCodec (CertificateCodec.java:writeCertificate(299)) - Save certificate to /tmp/junit5721322051675036708/junit8938392633130221086/scm-meta/scm/sub-ca/certs/2740031911379.crt
2023-09-14 12:55:43,788 [Time-limited test] INFO  utils.CertificateCodec (CertificateCodec.java:writeCertificate(300)) - Certificate -----BEGIN CERTIFICATE-----
MIID/TCCAuWgAwIBAgIGAn32oPXTMA0GCSqGSIb3DQEBCwUAMHsxGzAZBgNVBAMM
EnNjbS0xQGZ2LWF6MTg3LTM3MzEtMCsGA1UECwwkY2VmNWUyODktNzUyNy00NDg5
LTljNDQtYjJjYjdmYTUyODgwMS0wKwYDVQQKDCRhNGMxMmY0Mi03N2RlLTRmZDkt
YmM1Zi03YjgzYTA5ZmJmMmMwHhcNMjMwOTE0MTI1NTQzWhcNMjgxMDIyMTI1NTQz
WjCBizErMCkGA1UEAwwic2NtLXN1Yi0yNzQwMDI4ODc3MDE2QGZ2LWF6MTg3LTM3
MzEtMCsGA1UECwwkY2VmNWUyODktNzUyNy00NDg5LTljNDQtYjJjYjdmYTUyODgw
MS0wKwYDVQQKDCRhNGMxMmY0Mi03N2RlLTRmZDktYmM1Zi03YjgzYTA5ZmJmMmMw
ggEiMA0GCSqGSIb3DQEBAQUAA4IBDwAwggEKAoIBAQDCFq5XwGFhdGg+/AJ6feWW
glfsORINjWGEVIqEJawuH5HALiV2KrvvP7Ci609aBimkIUS/XaOVmC0d8L8E99QG
St8+nZn5gHtp9268df2c3O23HjG/FY1YsfNusBbYx07MuvrWZb1sT0ASxvLqjBLR
3zg8j7K2IZ3QUibwaRioZxLqiGed1+JHhUE1hEmAVc5sTH601QzRy6WVi1SMGpRT
0kR2LCfPitNN/2K2RKyGCCTSWsW66QmvGDLPKEmMNOmyffYQMgtqusa6FYlu9lC+
01ciBAqBA120muvtg+vPwQbw6ByciUoZYPQJEHRE2dLEQNe+4gAwM4pRO4/tz+PP
AgMBAAGjdjB0MFEGA1UdEQRKMEiHBAoBAOyCQGZ2LWF6MTg3LTM3My40Yml3a3F1
a3NpdmVsYzRrYW5ybmxnZW9vZi5neC5pbnRlcm5hbC5jbG91ZGFwcC5uZXQwDwYD
VR0TAQH/BAUwAwEB/zAOBgNVHQ8BAf8EBAMCAb4wDQYJKoZIhvcNAQELBQADggEB
ACKHuVcrtI+L4GIGRs8fhuZK96X939R5e8yWPsue8+93dwLR/c/ZRiG1EtUx3GO1
Ihw/D5/vvin7vDlq0vWnyJbCBxvx4fbNhY4sut6pjEd3mHv/1SFAddUaKt5NIERz
PcMroforElCvLhQdS0hL66vlVQBBJhtitMKhbHIEvChm+FmrcGC1eS6cbINAJC0E
u6LCqeuYNqAeMVzc/BRb4wS6bSi6FIQSnEssHAJEnGvjYYZTKGVBz8iYINlt3nDL
fxoI+xKEdtIGMbiQOM3UYP+3PGcAHyQjhq3B+nNFPB+GhZLz4vocOeYmEnAjFYbz
MZbcGMC3Nc/wNXn6RO50UVA=
-----END CERTIFICATE-----

-----BEGIN CERTIFICATE-----
MIID5zCCAs+gAwIBAgIBATANBgkqhkiG9w0BAQsFADB7MRswGQYDVQQDDBJzY20t
MUBmdi1hejE4Ny0zNzMxLTArBgNVBAsMJGNlZjVlMjg5LTc1MjctNDQ4OS05YzQ0
LWIyY2I3ZmE1Mjg4MDEtMCsGA1UECgwkYTRjMTJmNDItNzdkZS00ZmQ5LWJjNWYt
N2I4M2EwOWZiZjJjMB4XDTIzMDkxNDEyNTU0M1oXDTI4MTAyMjEyNTU0M1owezEb
MBkGA1UEAwwSc2NtLTFAZnYtYXoxODctMzczMS0wKwYDVQQLDCRjZWY1ZTI4OS03
NTI3LTQ0ODktOWM0NC1iMmNiN2ZhNTI4ODAxLTArBgNVBAoMJGE0YzEyZjQyLTc3
ZGUtNGZkOS1iYzVmLTdiODNhMDlmYmYyYzCCASIwDQYJKoZIhvcNAQEBBQADggEP
ADCCAQoCggEBAJeFHJREKKjlhIao8oit44CBDivDM10URaUGfuO0C2bdSD60HLN3
xA17n1TjrYU6I0kYoxzenOpyskJr0qt3Ui32OGJDrdbJzps0HQNuZ8+HYXobYG/g
fYkrB9zFGfiCba5+AZgIab5zbTDXQvUeLnOqSK5cam8AoxUzWjyk2op19OxEPlPg
a9PUIwqDc35SICIK7MtFAMzt4/79QRbCKtWBCMLeHmx6d6O2IexWy3LjEF5lSrge
rHkB3VjPoZPzBtY+Prg8B5mAUxG5xd7XJw3rrzgrwVryT+efFVu+dA0gWPA6Phnl
5l6l40xlikLjhoXaFPCgdsR7QG0Hh2On6K0CAwEAAaN2MHQwDwYDVR0TAQH/BAUw
AwEB/zAOBgNVHQ8BAf8EBAMCAQYwUQYDVR0RBEowSIcECgEA7IJAZnYtYXoxODct
MzczLjRiaXdrcXVrc2l2ZWxjNGthbnJubGdlb29mLmd4LmludGVybmFsLmNsb3Vk
YXBwLm5ldDANBgkqhkiG9w0BAQsFAAOCAQEAH3dMjW1TLZa2DzS+dg4dLNUquGJr
acDZK7o9C4Sl3Q8AOeQZ+hqHRIbpmp+L/gMKbwDJ2I6Qdb6mkx4pgoUocAc5To6V
mPGi9o93AMYAZC/gGHNKny3g2iFzSeIiiBOy8axnFRliHRgigfq9k87hsy1yry16
ZAuE0Wg2ONp9yYtMp5EbqM43T/crinb1fqnWlSVYgyBBEwcTXptxZsCcL6S9WDkt
rO4p9gDDVKLHQq/opIqvpdt/Z1hnu2vw5L4tOn7KXPzvWiMGCk3+UKW1p1EcwLOF
cPyPWS4Cg2MIWvce+/DZnSIKdIvm1b0K/Alvr/9pvJCCgE8h1ZnXMIVGJQ==
-----END CERTIFICATE-----

2023-09-14 12:55:43,788 [Time-limited test] INFO  utils.CertificateCodec (CertificateCodec.java:writeCertificate(299)) - Save certificate to /tmp/junit5721322051675036708/junit8938392633130221086/scm-meta/scm/sub-ca/certs/certificate.crt
2023-09-14 12:55:43,788 [Time-limited test] INFO  utils.CertificateCodec (CertificateCodec.java:writeCertificate(300)) - Certificate -----BEGIN CERTIFICATE-----
MIID/TCCAuWgAwIBAgIGAn32oPXTMA0GCSqGSIb3DQEBCwUAMHsxGzAZBgNVBAMM
EnNjbS0xQGZ2LWF6MTg3LTM3MzEtMCsGA1UECwwkY2VmNWUyODktNzUyNy00NDg5
LTljNDQtYjJjYjdmYTUyODgwMS0wKwYDVQQKDCRhNGMxMmY0Mi03N2RlLTRmZDkt
YmM1Zi03YjgzYTA5ZmJmMmMwHhcNMjMwOTE0MTI1NTQzWhcNMjgxMDIyMTI1NTQz
WjCBizErMCkGA1UEAwwic2NtLXN1Yi0yNzQwMDI4ODc3MDE2QGZ2LWF6MTg3LTM3
MzEtMCsGA1UECwwkY2VmNWUyODktNzUyNy00NDg5LTljNDQtYjJjYjdmYTUyODgw
MS0wKwYDVQQKDCRhNGMxMmY0Mi03N2RlLTRmZDktYmM1Zi03YjgzYTA5ZmJmMmMw
ggEiMA0GCSqGSIb3DQEBAQUAA4IBDwAwggEKAoIBAQDCFq5XwGFhdGg+/AJ6feWW
glfsORINjWGEVIqEJawuH5HALiV2KrvvP7Ci609aBimkIUS/XaOVmC0d8L8E99QG
St8+nZn5gHtp9268df2c3O23HjG/FY1YsfNusBbYx07MuvrWZb1sT0ASxvLqjBLR
3zg8j7K2IZ3QUibwaRioZxLqiGed1+JHhUE1hEmAVc5sTH601QzRy6WVi1SMGpRT
0kR2LCfPitNN/2K2RKyGCCTSWsW66QmvGDLPKEmMNOmyffYQMgtqusa6FYlu9lC+
01ciBAqBA120muvtg+vPwQbw6ByciUoZYPQJEHRE2dLEQNe+4gAwM4pRO4/tz+PP
AgMBAAGjdjB0MFEGA1UdEQRKMEiHBAoBAOyCQGZ2LWF6MTg3LTM3My40Yml3a3F1
a3NpdmVsYzRrYW5ybmxnZW9vZi5neC5pbnRlcm5hbC5jbG91ZGFwcC5uZXQwDwYD
VR0TAQH/BAUwAwEB/zAOBgNVHQ8BAf8EBAMCAb4wDQYJKoZIhvcNAQELBQADggEB
ACKHuVcrtI+L4GIGRs8fhuZK96X939R5e8yWPsue8+93dwLR/c/ZRiG1EtUx3GO1
Ihw/D5/vvin7vDlq0vWnyJbCBxvx4fbNhY4sut6pjEd3mHv/1SFAddUaKt5NIERz
PcMroforElCvLhQdS0hL66vlVQBBJhtitMKhbHIEvChm+FmrcGC1eS6cbINAJC0E
u6LCqeuYNqAeMVzc/BRb4wS6bSi6FIQSnEssHAJEnGvjYYZTKGVBz8iYINlt3nDL
fxoI+xKEdtIGMbiQOM3UYP+3PGcAHyQjhq3B+nNFPB+GhZLz4vocOeYmEnAjFYbz
MZbcGMC3Nc/wNXn6RO50UVA=
-----END CERTIFICATE-----

-----BEGIN CERTIFICATE-----
MIID5zCCAs+gAwIBAgIBATANBgkqhkiG9w0BAQsFADB7MRswGQYDVQQDDBJzY20t
MUBmdi1hejE4Ny0zNzMxLTArBgNVBAsMJGNlZjVlMjg5LTc1MjctNDQ4OS05YzQ0
LWIyY2I3ZmE1Mjg4MDEtMCsGA1UECgwkYTRjMTJmNDItNzdkZS00ZmQ5LWJjNWYt
N2I4M2EwOWZiZjJjMB4XDTIzMDkxNDEyNTU0M1oXDTI4MTAyMjEyNTU0M1owezEb
MBkGA1UEAwwSc2NtLTFAZnYtYXoxODctMzczMS0wKwYDVQQLDCRjZWY1ZTI4OS03
NTI3LTQ0ODktOWM0NC1iMmNiN2ZhNTI4ODAxLTArBgNVBAoMJGE0YzEyZjQyLTc3
ZGUtNGZkOS1iYzVmLTdiODNhMDlmYmYyYzCCASIwDQYJKoZIhvcNAQEBBQADggEP
ADCCAQoCggEBAJeFHJREKKjlhIao8oit44CBDivDM10URaUGfuO0C2bdSD60HLN3
xA17n1TjrYU6I0kYoxzenOpyskJr0qt3Ui32OGJDrdbJzps0HQNuZ8+HYXobYG/g
fYkrB9zFGfiCba5+AZgIab5zbTDXQvUeLnOqSK5cam8AoxUzWjyk2op19OxEPlPg
a9PUIwqDc35SICIK7MtFAMzt4/79QRbCKtWBCMLeHmx6d6O2IexWy3LjEF5lSrge
rHkB3VjPoZPzBtY+Prg8B5mAUxG5xd7XJw3rrzgrwVryT+efFVu+dA0gWPA6Phnl
5l6l40xlikLjhoXaFPCgdsR7QG0Hh2On6K0CAwEAAaN2MHQwDwYDVR0TAQH/BAUw
AwEB/zAOBgNVHQ8BAf8EBAMCAQYwUQYDVR0RBEowSIcECgEA7IJAZnYtYXoxODct
MzczLjRiaXdrcXVrc2l2ZWxjNGthbnJubGdlb29mLmd4LmludGVybmFsLmNsb3Vk
YXBwLm5ldDANBgkqhkiG9w0BAQsFAAOCAQEAH3dMjW1TLZa2DzS+dg4dLNUquGJr
acDZK7o9C4Sl3Q8AOeQZ+hqHRIbpmp+L/gMKbwDJ2I6Qdb6mkx4pgoUocAc5To6V
mPGi9o93AMYAZC/gGHNKny3g2iFzSeIiiBOy8axnFRliHRgigfq9k87hsy1yry16
ZAuE0Wg2ONp9yYtMp5EbqM43T/crinb1fqnWlSVYgyBBEwcTXptxZsCcL6S9WDkt
rO4p9gDDVKLHQq/opIqvpdt/Z1hnu2vw5L4tOn7KXPzvWiMGCk3+UKW1p1EcwLOF
cPyPWS4Cg2MIWvce+/DZnSIKdIvm1b0K/Alvr/9pvJCCgE8h1ZnXMIVGJQ==
-----END CERTIFICATE-----

2023-09-14 12:55:43,789 [Time-limited test] INFO  ha.HASecurityUtils (HASecurityUtils.java:initializeSecurity(121)) - Successfully stored SCM signed certificate.
2023-09-14 12:55:43,790 [Time-limited test] WARN  server.ServerUtils (ServerUtils.java:getScmDbDir(155)) - ozone.scm.db.dirs is not configured. We recommend adding this setting. Falling back to ozone.metadata.dirs instead.
2023-09-14 12:55:43,790 [Time-limited test] INFO  ha.SCMHANodeDetails (SCMHANodeDetails.java:loadSCMHAConfig(210)) - ServiceID for StorageContainerManager is null
2023-09-14 12:55:43,790 [Time-limited test] INFO  ha.SCMHANodeDetails (SCMHANodeDetails.java:loadSCMHAConfig(215)) - ozone.scm.default.service.id is not defined, falling back to ozone.scm.service.ids to find serviceID for StorageContainerManager if it is HA enabled cluster
2023-09-14 12:55:43,794 [pool-551-thread-1] INFO  request.KdcRequest (KdcRequest.java:preauth(651)) - The preauth data is empty.
2023-09-14 12:55:43,794 [pool-551-thread-1] INFO  server.KdcHandler (KdcHandler.java:handleRecoverableException(177)) - KRB error occurred while processing request:Additional pre-authentication required
2023-09-14 12:55:43,797 [pool-551-thread-2] INFO  request.AsRequest (AsRequest.java:issueTicket(112)) - AS_REQ ISSUE: authtime 1694696143797,scm/fv-az187-373.4biwkquksivelc4kanrnlgeoof.gx.internal.cloudapp.net@EXAMPLE.COM for krbtgt/EXAMPLE.COM@EXAMPLE.COM
2023-09-14 12:55:43,799 [Time-limited test] INFO  security.UserGroupInformation (UserGroupInformation.java:loginUserFromKeytab(1132)) - Login successful for user scm/fv-az187-373.4biwkquksivelc4kanrnlgeoof.gx.internal.cloudapp.net@EXAMPLE.COM using keytab file scm.keytab. Keytab auto renewal enabled : false
2023-09-14 12:55:43,799 [Time-limited test] INFO  server.StorageContainerManager (StorageContainerManager.java:loginAsSCMUserIfSecurityEnabled(1042)) - SCM login successful.
2023-09-14 12:55:43,800 [Time-limited test] INFO  client.SCMCertificateClient (DefaultCertificateClient.java:updateCertSerialId(1244)) - Certificate serial ID set to 2740031911379
2023-09-14 12:55:43,801 [Time-limited test] INFO  client.SCMCertificateClient (DefaultCertificateClient.java:readCertificateFile(237)) - Added certificate   [0]         Version: 3
         SerialNumber: 2740031911379
             IssuerDN: CN=scm-1@fv-az187-373,OU=cef5e289-7527-4489-9c44-b2cb7fa52880,O=a4c12f42-77de-4fd9-bc5f-7b83a09fbf2c
           Start Date: Thu Sep 14 12:55:43 UTC 2023
           Final Date: Sun Oct 22 12:55:43 UTC 2028
            SubjectDN: CN=scm-sub-2740028877016@fv-az187-373,OU=cef5e289-7527-4489-9c44-b2cb7fa52880,O=a4c12f42-77de-4fd9-bc5f-7b83a09fbf2c
           Public Key: RSA Public Key [84:20:69:62:ae:85:c4:05:83:8b:d6:bc:a4:20:cd:a8:0e:b2:0d:bb],[56:66:d1:a4]
        modulus: c216ae57c0616174683efc027a7de5968257ec39120d8d6184548a8425ac2e1f91c02e25762abbef3fb0a2eb4f5a0629a42144bf5da395982d1df0bf04f7d4064adf3e9d99f9807b69f76ebc75fd9cdcedb71e31bf158d58b1f36eb016d8c74eccbafad665bd6c4f4012c6f2ea8c12d1df383c8fb2b6219dd05226f06918a86712ea88679dd7e24785413584498055ce6c4c7eb4d50cd1cba5958b548c1a9453d244762c27cf8ad34dff62b644ac860824d25ac5bae909af1832cf28498c34e9b27df610320b6abac6ba15896ef650bed35722040a81035db49aebed83ebcfc106f0e81c9c894a1960f409107444d9d2c440d7bee20030338a513b8fedcfe3cf
public exponent: 10001

  Signature Algorithm: SHA256WITHRSA
            Signature: 2287b9572bb48f8be0620646cf1f86e64af7a5fd
                       dfd4797bcc963ecb9ef3ef777702d1fdcfd94621
                       b512d531dc63b5221c3f0f9fefbe29fbbc396ad2
                       f5a7c896c2071bf1e1f6cd858e2cbadea98c4777
                       987bffd5214075d51a2ade4d2044733dc32ba1fa
                       2b1250af2e141d4b484bebabe5550041261b62b4
                       c2a16c7204bc2866f859ab7060b5792e9c6c8340
                       242d04bba2c2a9eb9836a01e315cdcfc145be304
                       ba6d28ba1484129c4b2c1c02449c6be361865328
                       6541cfc89820d96dde70cb7f1a08fb128476d206
                       31b89038cdd460ffb73c67001f242386adc1fa73
                       453c1f868592f3e2fa1c39e6261270231586f331
                       96dc18c0b735cff03579fa44ee745150
       Extensions: 
                       critical(false) 2.5.29.17 value = Sequence
    Tagged [7] IMPLICIT 
        DER Octet String[4] 
    Tagged [2] IMPLICIT 
        DER Octet String[64] 

                       critical(true) BasicConstraints: isCa(true)
                       critical(true) KeyUsage: 0xbe
 from file: /tmp/junit5721322051675036708/junit8938392633130221086/scm-meta/scm/sub-ca/certs/certificate.crt.
2023-09-14 12:55:43,801 [Time-limited test] INFO  client.SCMCertificateClient (DefaultCertificateClient.java:readCertificateFile(237)) - Added certificate   [0]         Version: 3
         SerialNumber: 1
             IssuerDN: CN=scm-1@fv-az187-373,OU=cef5e289-7527-4489-9c44-b2cb7fa52880,O=a4c12f42-77de-4fd9-bc5f-7b83a09fbf2c
           Start Date: Thu Sep 14 12:55:43 UTC 2023
           Final Date: Sun Oct 22 12:55:43 UTC 2028
            SubjectDN: CN=scm-1@fv-az187-373,OU=cef5e289-7527-4489-9c44-b2cb7fa52880,O=a4c12f42-77de-4fd9-bc5f-7b83a09fbf2c
           Public Key: RSA Public Key [21:1e:9b:21:11:8e:f0:04:da:1f:88:42:30:e1:39:30:cb:18:d2:f0],[56:66:d1:a4]
        modulus: 97851c944428a8e58486a8f288ade380810e2bc3335d1445a5067ee3b40b66dd483eb41cb377c40d7b9f54e3ad853a234918a31cde9cea72b2426bd2ab77522df6386243add6c9ce9b341d036e67cf87617a1b606fe07d892b07dcc519f8826dae7e01980869be736d30d742f51e2e73aa48ae5c6a6f00a315335a3ca4da8a75f4ec443e53e06bd3d4230a83737e5220220aeccb4500ccede3fefd4116c22ad58108c2de1e6c7a77a3b621ec56cb72e3105e654ab81eac7901dd58cfa193f306d63e3eb83c0799805311b9c5ded7270debaf382bc15af24fe79f155bbe740d2058f03a3e19e5e65ea5e34c658a42e38685da14f0a076c47b406d078763a7e8ad
public exponent: 10001

  Signature Algorithm: SHA256WITHRSA
            Signature: 1f774c8d6d532d96b60f34be760e1d2cd52ab862
                       6b69c0d92bba3d0b84a5dd0f0039e419fa1a8744
                       86e99a9f8bfe030a6f00c9d88e9075bea6931e29
                       8285287007394e8e9598f1a2f68f7700c600642f
                       e018734a9f2de0da217349e2228813b2f1ac6715
                       19621d182281fabd93cee1b32d72af2d7a640b84
                       d1683638da7dc98b4ca7911ba8ce374ff72b8a76
                       f57ea9d69525588320411307135e9b7166c09c2f
                       a4bd58392dacee29f600c354a2c742afe8a48aaf
                       a5db7f675867bb6bf0e4be2d3a7eca5cfcef5a23
                       060a4dfe50a5b5a7511cc0b38570fc8f592e0283
                       63085af71efbf0d99d220a748be6d5bd0afc096f
                       afff69bc9082804f21d599d730854625
       Extensions: 
                       critical(true) BasicConstraints: isCa(true)
                       critical(true) KeyUsage: 0x6
                       critical(false) 2.5.29.17 value = Sequence
    Tagged [7] IMPLICIT 
        DER Octet String[4] 
    Tagged [2] IMPLICIT 
        DER Octet String[64] 

 from file: /tmp/junit5721322051675036708/junit8938392633130221086/scm-meta/scm/sub-ca/certs/CA-1.crt.
2023-09-14 12:55:43,802 [Time-limited test] INFO  client.SCMCertificateClient (DefaultCertificateClient.java:readCertificateFile(237)) - Added certificate   [0]         Version: 3
         SerialNumber: 2740031911379
             IssuerDN: CN=scm-1@fv-az187-373,OU=cef5e289-7527-4489-9c44-b2cb7fa52880,O=a4c12f42-77de-4fd9-bc5f-7b83a09fbf2c
           Start Date: Thu Sep 14 12:55:43 UTC 2023
           Final Date: Sun Oct 22 12:55:43 UTC 2028
            SubjectDN: CN=scm-sub-2740028877016@fv-az187-373,OU=cef5e289-7527-4489-9c44-b2cb7fa52880,O=a4c12f42-77de-4fd9-bc5f-7b83a09fbf2c
           Public Key: RSA Public Key [84:20:69:62:ae:85:c4:05:83:8b:d6:bc:a4:20:cd:a8:0e:b2:0d:bb],[56:66:d1:a4]
        modulus: c216ae57c0616174683efc027a7de5968257ec39120d8d6184548a8425ac2e1f91c02e25762abbef3fb0a2eb4f5a0629a42144bf5da395982d1df0bf04f7d4064adf3e9d99f9807b69f76ebc75fd9cdcedb71e31bf158d58b1f36eb016d8c74eccbafad665bd6c4f4012c6f2ea8c12d1df383c8fb2b6219dd05226f06918a86712ea88679dd7e24785413584498055ce6c4c7eb4d50cd1cba5958b548c1a9453d244762c27cf8ad34dff62b644ac860824d25ac5bae909af1832cf28498c34e9b27df610320b6abac6ba15896ef650bed35722040a81035db49aebed83ebcfc106f0e81c9c894a1960f409107444d9d2c440d7bee20030338a513b8fedcfe3cf
public exponent: 10001

  Signature Algorithm: SHA256WITHRSA
            Signature: 2287b9572bb48f8be0620646cf1f86e64af7a5fd
                       dfd4797bcc963ecb9ef3ef777702d1fdcfd94621
                       b512d531dc63b5221c3f0f9fefbe29fbbc396ad2
                       f5a7c896c2071bf1e1f6cd858e2cbadea98c4777
                       987bffd5214075d51a2ade4d2044733dc32ba1fa
                       2b1250af2e141d4b484bebabe5550041261b62b4
                       c2a16c7204bc2866f859ab7060b5792e9c6c8340
                       242d04bba2c2a9eb9836a01e315cdcfc145be304
                       ba6d28ba1484129c4b2c1c02449c6be361865328
                       6541cfc89820d96dde70cb7f1a08fb128476d206
                       31b89038cdd460ffb73c67001f242386adc1fa73
                       453c1f868592f3e2fa1c39e6261270231586f331
                       96dc18c0b735cff03579fa44ee745150
       Extensions: 
                       critical(false) 2.5.29.17 value = Sequence
    Tagged [7] IMPLICIT 
        DER Octet String[4] 
    Tagged [2] IMPLICIT 
        DER Octet String[64] 

                       critical(true) BasicConstraints: isCa(true)
                       critical(true) KeyUsage: 0xbe
 from file: /tmp/junit5721322051675036708/junit8938392633130221086/scm-meta/scm/sub-ca/certs/2740031911379.crt.
2023-09-14 12:55:43,802 [Time-limited test] INFO  client.SCMCertificateClient (DefaultCertificateClient.java:loadAllCertificates(191)) - CertificateRenewerService and root ca rotation polling is disabled for scm/sub-ca
2023-09-14 12:55:43,802 [Time-limited test] WARN  utils.HAUtils (HAUtils.java:getMetaDir(339)) - ozone.scm.db.dirs is not configured. We recommend adding this setting. Falling back to ozone.metadata.dirs instead.
2023-09-14 12:55:43,803 [Time-limited test] WARN  db.DBStoreBuilder (DBStoreBuilder.java:applyDBDefinition(166)) - ozone.scm.db.dirs is not configured. We recommend adding this setting. Falling back to ozone.metadata.dirs instead.
2023-09-14 12:55:43,910 [Time-limited test] INFO  net.NodeSchemaLoader (NodeSchemaLoader.java:loadSchemaFromFile(129)) - Loading schema from [jar:file:/home/runner/.m2/repository/org/apache/ozone/hdds-common/1.4.0-SNAPSHOT/hdds-common-1.4.0-SNAPSHOT.jar!/network-topology-default.xml]
2023-09-14 12:55:43,910 [Time-limited test] INFO  net.NodeSchemaLoader (NodeSchemaLoader.java:loadSchema(176)) - Loading network topology layer schema file
2023-09-14 12:55:43,912 [Time-limited test] INFO  upgrade.AbstractLayoutVersionManager (AbstractLayoutVersionManager.java:init(83)) - Initializing Layout version manager with metadata layout = HADOOP_PRC_PORTS_IN_DATANODEDETAILS (version = 7), software layout = HADOOP_PRC_PORTS_IN_DATANODEDETAILS (version = 7)
2023-09-14 12:55:43,913 [Time-limited test] INFO  ha.SequenceIdGenerator (SequenceIdGenerator.java:upgradeToSequenceId(365)) - upgrade localId to 111677748019200000
2023-09-14 12:55:43,914 [Time-limited test] INFO  ha.SequenceIdGenerator (SequenceIdGenerator.java:upgradeToSequenceId(375)) - upgrade delTxnId to 0
2023-09-14 12:55:43,914 [Time-limited test] INFO  ha.SequenceIdGenerator (SequenceIdGenerator.java:upgradeToSequenceId(392)) - upgrade containerId to 0
2023-09-14 12:55:43,915 [Time-limited test] INFO  ha.SequenceIdGenerator (SequenceIdGenerator.java:upgradeToSequenceId(428)) - upgrade rootCertificateId to 1
2023-09-14 12:55:43,915 [Time-limited test] INFO  ha.SequenceIdGenerator (SequenceIdGenerator.java:<init>(236)) - Init the HA SequenceIdGenerator.
2023-09-14 12:55:43,916 [Time-limited test] INFO  node.SCMNodeManager (SCMNodeManager.java:<init>(157)) - Entering startup safe mode.
2023-09-14 12:55:43,917 [Time-limited test] INFO  algorithms.ContainerPlacementPolicyFactory (ContainerPlacementPolicyFactory.java:getPolicyInternal(86)) - Create container placement policy of type org.apache.hadoop.hdds.scm.container.placement.algorithms.SCMContainerPlacementRackAware
2023-09-14 12:55:43,917 [Time-limited test] INFO  algorithms.ContainerPlacementPolicyFactory (ContainerPlacementPolicyFactory.java:getPolicyInternal(86)) - Create container placement policy of type org.apache.hadoop.hdds.scm.container.placement.algorithms.SCMContainerPlacementRackScatter
2023-09-14 12:55:43,917 [Time-limited test] INFO  pipeline.PipelineStateManagerImpl (PipelineStateManagerImpl.java:initialize(78)) - No pipeline exists in current db
2023-09-14 12:55:43,917 [Time-limited test] INFO  algorithms.LeaderChoosePolicyFactory (LeaderChoosePolicyFactory.java:getPolicy(57)) - Create leader choose policy of type org.apache.hadoop.hdds.scm.pipeline.leader.choose.algorithms.MinLeaderCountChoosePolicy
2023-09-14 12:55:43,917 [Time-limited test] INFO  algorithms.ContainerPlacementPolicyFactory (ContainerPlacementPolicyFactory.java:getPolicyInternal(86)) - Create container placement policy of type org.apache.hadoop.hdds.scm.container.placement.algorithms.SCMContainerPlacementRackScatter
2023-09-14 12:55:43,918 [Time-limited test] INFO  ha.SCMServiceManager (SCMServiceManager.java:register(42)) - Registering service BackgroundPipelineCreator.
2023-09-14 12:55:43,918 [Time-limited test] INFO  pipeline.BackgroundPipelineCreator (BackgroundPipelineCreator.java:start(124)) - Starting RatisPipelineUtilsThread.
2023-09-14 12:55:43,918 [Time-limited test] INFO  BackgroundPipelineScrubber (BackgroundSCMService.java:start(68)) - Starting BackgroundPipelineScrubber Service.
2023-09-14 12:55:43,918 [Time-limited test] INFO  ha.SCMServiceManager (SCMServiceManager.java:register(42)) - Registering service BackgroundPipelineScrubber.
2023-09-14 12:55:43,918 [Time-limited test] INFO  ExpiredContainerReplicaOpScrubber (BackgroundSCMService.java:start(68)) - Starting ExpiredContainerReplicaOpScrubber Service.
2023-09-14 12:55:43,919 [Time-limited test] INFO  ha.SCMServiceManager (SCMServiceManager.java:register(42)) - Registering service ExpiredContainerReplicaOpScrubber.
2023-09-14 12:55:43,921 [Time-limited test] INFO  algorithms.PipelineChoosePolicyFactory (PipelineChoosePolicyFactory.java:createPipelineChoosePolicyFromClass(78)) - Create pipeline choose policy of type org.apache.hadoop.hdds.scm.pipeline.choose.algorithms.RandomPipelineChoosePolicy
2023-09-14 12:55:43,921 [Time-limited test] INFO  algorithms.PipelineChoosePolicyFactory (PipelineChoosePolicyFactory.java:createPipelineChoosePolicyFromClass(78)) - Create pipeline choose policy of type org.apache.hadoop.hdds.scm.pipeline.choose.algorithms.RandomPipelineChoosePolicy
2023-09-14 12:55:43,921 [Time-limited test] INFO  ha.SCMServiceManager (SCMServiceManager.java:register(42)) - Registering service SCMBlockDeletingService.
2023-09-14 12:55:43,923 [Time-limited test] INFO  replication.ReplicationManager (ReplicationManager.java:start(291)) - Starting Replication Monitor Thread.
2023-09-14 12:55:43,925 [ReplicationMonitor] INFO  replication.ReplicationManager (ReplicationManager.java:processAll(365)) - Replication Manager is not ready to run until 300000ms after safemode exit
2023-09-14 12:55:43,925 [Time-limited test] INFO  ha.SCMServiceManager (SCMServiceManager.java:register(42)) - Registering service ReplicationManager.
2023-09-14 12:55:43,925 [Time-limited test] INFO  safemode.ContainerSafeModeRule (ContainerSafeModeRule.java:<init>(90)) - containers with one replica threshold count 0
2023-09-14 12:55:43,925 [Time-limited test] INFO  safemode.HealthyPipelineSafeModeRule (HealthyPipelineSafeModeRule.java:initializeRule(169)) - Total pipeline count is 0, healthy pipeline threshold count is 0
2023-09-14 12:55:43,926 [Time-limited test] INFO  safemode.OneReplicaPipelineSafeModeRule (OneReplicaPipelineSafeModeRule.java:initializeRule(180)) - Total pipeline count is 0, pipeline's with at least one datanode reported threshold count is 0
2023-09-14 12:55:43,927 [Time-limited test] INFO  authority.DefaultCAServer (DefaultCAServer.java:lambda$processVerificationStatus$0(472)) - CertificateServer validation is successful
2023-09-14 12:55:43,927 [Time-limited test] INFO  authority.DefaultCAServer (DefaultCAServer.java:lambda$processVerificationStatus$0(472)) - CertificateServer validation is successful
2023-09-14 12:55:43,928 [Time-limited test] INFO  server.StorageContainerManager (StorageContainerManager.java:persistPrimarySCMCerts(932)) - Storing sub-ca certificate serialId 2740031911379 on primary SCM
2023-09-14 12:55:43,929 [Time-limited test] INFO  server.SCMCertStore (SCMCertStore.java:storeValidScmCertificate(122)) - Scm certificate 2740031911379 for CN=scm-sub-2740028877016@fv-az187-373,OU=cef5e289-7527-4489-9c44-b2cb7fa52880,O=a4c12f42-77de-4fd9-bc5f-7b83a09fbf2c is stored
2023-09-14 12:55:43,929 [Time-limited test] INFO  server.StorageContainerManager (StorageContainerManager.java:persistPrimarySCMCerts(940)) - Storing root certificate serialId 1
2023-09-14 12:55:43,930 [Time-limited test] INFO  server.SCMCertStore (SCMCertStore.java:storeValidScmCertificate(122)) - Scm certificate 1 for CN=scm-1@fv-az187-373,OU=cef5e289-7527-4489-9c44-b2cb7fa52880,O=a4c12f42-77de-4fd9-bc5f-7b83a09fbf2c is stored
2023-09-14 12:55:43,930 [Time-limited test] INFO  ipc.CallQueueManager (CallQueueManager.java:<init>(90)) - Using callQueue: class java.util.concurrent.LinkedBlockingQueue, queueCapacity: 200, scheduler: class org.apache.hadoop.ipc.DefaultRpcScheduler, ipcBackoff: false.
2023-09-14 12:55:43,930 [Time-limited test] INFO  ipc.Server (Server.java:<init>(1287)) - Listener at 0.0.0.0:9961
2023-09-14 12:55:43,936 [Socket Reader #1 for port 9961] INFO  ipc.Server (Server.java:run(1323)) - Starting Socket Reader #1 for port 9961
2023-09-14 12:55:43,937 [Time-limited test] INFO  server.StorageContainerManager (StorageContainerManager.java:<init>(425)) - SCM start with adminUsers: [om/fv-az187-373.4biwkquksivelc4kanrnlgeoof.gx.internal.cloudapp.net@EXAMPLE.COM, scm]
2023-09-14 12:55:43,937 [Time-limited test] INFO  ipc.CallQueueManager (CallQueueManager.java:<init>(90)) - Using callQueue: class java.util.concurrent.LinkedBlockingQueue, queueCapacity: 10000, scheduler: class org.apache.hadoop.ipc.DefaultRpcScheduler, ipcBackoff: false.
2023-09-14 12:55:43,938 [Time-limited test] INFO  ipc.Server (Server.java:<init>(1287)) - Listener at 0.0.0.0:9861
2023-09-14 12:55:43,939 [Socket Reader #1 for port 9861] INFO  ipc.Server (Server.java:run(1323)) - Starting Socket Reader #1 for port 9861
2023-09-14 12:55:43,940 [Time-limited test] INFO  ipc.CallQueueManager (CallQueueManager.java:<init>(90)) - Using callQueue: class java.util.concurrent.LinkedBlockingQueue, queueCapacity: 10000, scheduler: class org.apache.hadoop.ipc.DefaultRpcScheduler, ipcBackoff: false.
2023-09-14 12:55:43,940 [Time-limited test] INFO  ipc.Server (Server.java:<init>(1287)) - Listener at 0.0.0.0:9863
2023-09-14 12:55:43,941 [Socket Reader #1 for port 9863] INFO  ipc.Server (Server.java:run(1323)) - Starting Socket Reader #1 for port 9863
2023-09-14 12:55:43,942 [Time-limited test] INFO  ipc.CallQueueManager (CallQueueManager.java:<init>(90)) - Using callQueue: class java.util.concurrent.LinkedBlockingQueue, queueCapacity: 10000, scheduler: class org.apache.hadoop.ipc.DefaultRpcScheduler, ipcBackoff: false.
2023-09-14 12:55:43,942 [Time-limited test] INFO  ipc.Server (Server.java:<init>(1287)) - Listener at 0.0.0.0:9860
2023-09-14 12:55:43,944 [Socket Reader #1 for port 9860] INFO  ipc.Server (Server.java:run(1323)) - Starting Socket Reader #1 for port 9860
2023-09-14 12:55:43,949 [Time-limited test] INFO  ha.SCMServiceManager (SCMServiceManager.java:register(42)) - Registering service ContainerBalancer.
2023-09-14 12:55:43,949 [Time-limited test] INFO  server.StorageContainerManager (StorageContainerManager.java:<init>(438)) - 
Container Balancer status:
Key                            Value
Running                        false
Container Balancer Configuration values:
Key                                                Value
Threshold                                          10
Max Datanodes to Involve per Iteration(percent)    20
Max Size to Move per Iteration                     500GB
Max Size Entering Target per Iteration             26GB
Max Size Leaving Source per Iteration              26GB
Number of Iterations                               10
Time Limit for Single Container's Movement         65min
Time Limit for Single Container's Replication      50min
Interval between each Iteration                    70min
Whether to Enable Network Topology                 false
Whether to Trigger Refresh Datanode Usage Info     false
Container IDs to Exclude from Balancing            None
Datanodes Specified to be Balanced                 None
Datanodes Excluded from Balancing                  None

2023-09-14 12:55:43,949 [Time-limited test] INFO  ha.SCMContext (SCMContext.java:updateSafeModeStatus(228)) - Update SafeModeStatus from SafeModeStatus{safeModeStatus=true, preCheckPassed=false} to SafeModeStatus{safeModeStatus=true, preCheckPassed=false}.
2023-09-14 12:55:43,950 [Time-limited test] INFO  server.StorageContainerManager (StorageContainerManager.java:start(1483)) - StorageContainerLocationProtocol RPC server is listening at /0.0.0.0:9860
2023-09-14 12:55:43,950 [Time-limited test] INFO  impl.MetricsSystemImpl (MetricsSystemImpl.java:init(158)) - StorageContainerManager metrics system started (again)
2023-09-14 12:55:43,961 [Time-limited test] INFO  server.SCMClientProtocolServer (SCMClientProtocolServer.java:start(201)) - RPC server for Client  is listening at /0.0.0.0:9860
2023-09-14 12:55:43,964 [IPC Server Responder] INFO  ipc.Server (Server.java:run(1562)) - IPC Server Responder: starting
2023-09-14 12:55:43,966 [IPC Server listener on 9860] INFO  ipc.Server (Server.java:run(1402)) - IPC Server listener on 9860: starting
2023-09-14 12:55:43,978 [Time-limited test] INFO  server.StorageContainerManager (StorageContainerManager.java:start(1496)) - ScmBlockLocationProtocol RPC server is listening at /0.0.0.0:9863
2023-09-14 12:55:43,979 [Time-limited test] INFO  server.SCMBlockProtocolServer (SCMBlockProtocolServer.java:start(154)) - RPC server for Block Protocol is listening at /0.0.0.0:9863
2023-09-14 12:55:43,979 [IPC Server Responder] INFO  ipc.Server (Server.java:run(1562)) - IPC Server Responder: starting
2023-09-14 12:55:43,979 [IPC Server listener on 9863] INFO  ipc.Server (Server.java:run(1402)) - IPC Server listener on 9863: starting
2023-09-14 12:55:43,986 [Time-limited test] INFO  server.SCMDatanodeProtocolServer (SCMDatanodeProtocolServer.java:start(193)) - ScmDatanodeProtocol RPC server for DataNodes is listening at /0.0.0.0:9861
2023-09-14 12:55:43,986 [IPC Server Responder] INFO  ipc.Server (Server.java:run(1562)) - IPC Server Responder: starting
2023-09-14 12:55:43,987 [IPC Server listener on 9861] INFO  ipc.Server (Server.java:run(1402)) - IPC Server listener on 9861: starting
2023-09-14 12:55:43,994 [Time-limited test] INFO  server.SCMSecurityProtocolServer (SCMSecurityProtocolServer.java:start(542)) - Starting RPC server for SCMSecurityProtocolServer. is listening at /0.0.0.0:9961
2023-09-14 12:55:43,995 [IPC Server Responder] INFO  ipc.Server (Server.java:run(1562)) - IPC Server Responder: starting
2023-09-14 12:55:43,995 [IPC Server listener on 9961] INFO  ipc.Server (Server.java:run(1402)) - IPC Server listener on 9961: starting
2023-09-14 12:55:43,995 [Time-limited test] INFO  server.SCMUpdateServiceGrpcServer (SCMUpdateServiceGrpcServer.java:start(58)) - SCMUpdateService starting
2023-09-14 12:55:44,007 [Time-limited test] INFO  http.BaseHttpServer (BaseHttpServer.java:newHttpServer2BuilderForOzone(223)) - Starting Web-server for scm at: http://0.0.0.0:9876
2023-09-14 12:55:44,007 [Time-limited test] INFO  http.BaseHttpServer (BaseHttpServer.java:<init>(110)) - Hadoop Security Enabled: true Ozone Security Enabled: true Ozone HTTP Security Enabled: false 
2023-09-14 12:55:44,008 [Time-limited test] WARN  server.AuthenticationFilter (AuthenticationFilter.java:constructSecretProvider(240)) - Unable to initialize FileSignerSecretProvider, falling back to use random secrets. Reason: Could not read signature secret file: /home/runner/hadoop-http-auth-signature-secret
2023-09-14 12:55:44,009 [JvmPauseMonitor8] INFO  util.JvmPauseMonitor (JvmPauseMonitor.java:run(103)) - JvmPauseMonitor-cef5e289-7527-4489-9c44-b2cb7fa52880: Started
2023-09-14 12:55:44,009 [Time-limited test] INFO  http.HttpRequestLog (HttpRequestLog.java:getRequestLog(86)) - Http request log for http.requests.scm is not defined
2023-09-14 12:55:44,018 [Time-limited test] INFO  http.HttpServer2 (HttpServer2.java:addGlobalFilter(1031)) - Added global filter 'safety' (class=org.apache.hadoop.hdds.server.http.HttpServer2$QuotingInputFilter)
2023-09-14 12:55:44,019 [Time-limited test] INFO  http.HttpServer2 (HttpServer2.java:addFilter(1007)) - Added filter static_user_filter (class=org.apache.hadoop.http.lib.StaticUserWebFilter$StaticUserFilter) to context scm
2023-09-14 12:55:44,019 [Time-limited test] INFO  http.HttpServer2 (HttpServer2.java:addFilter(1015)) - Added filter static_user_filter (class=org.apache.hadoop.http.lib.StaticUserWebFilter$StaticUserFilter) to context logs
2023-09-14 12:55:44,019 [Time-limited test] INFO  http.HttpServer2 (HttpServer2.java:addFilter(1015)) - Added filter static_user_filter (class=org.apache.hadoop.http.lib.StaticUserWebFilter$StaticUserFilter) to context static
2023-09-14 12:55:44,020 [Time-limited test] INFO  http.BaseHttpServer (BaseHttpServer.java:<init>(189)) - HTTP server of scm uses base directory /tmp/junit5721322051675036708/junit8938392633130221086/scm-meta/webserver
2023-09-14 12:55:44,020 [Time-limited test] INFO  http.HttpServer2 (HttpServer2.java:bindListener(1231)) - Jetty bound to port 9876
2023-09-14 12:55:44,020 [Time-limited test] INFO  server.Server (Server.java:doStart(375)) - jetty-9.4.51.v20230217; built: 2023-02-17T08:19:37.309Z; git: b45c405e4544384de066f814ed42ae3dceacdd49; jvm 1.8.0_382-b05
2023-09-14 12:55:44,022 [Time-limited test] INFO  server.session (DefaultSessionIdManager.java:doStart(334)) - DefaultSessionIdManager workerName=node0
2023-09-14 12:55:44,023 [Time-limited test] INFO  server.session (DefaultSessionIdManager.java:doStart(339)) - No SessionScavenger set, using defaults
2023-09-14 12:55:44,023 [Time-limited test] INFO  server.session (HouseKeeper.java:startScavenging(132)) - node0 Scavenging every 600000ms
2023-09-14 12:55:44,025 [Time-limited test] INFO  handler.ContextHandler (ContextHandler.java:doStart(921)) - Started o.e.j.s.ServletContextHandler@572f5dc5{logs,/logs,file:///home/runner/work/ozone/ozone/hadoop-ozone/integration-test/target/log,AVAILABLE}
2023-09-14 12:55:44,025 [Time-limited test] INFO  handler.ContextHandler (ContextHandler.java:doStart(921)) - Started o.e.j.s.ServletContextHandler@19dfc3d1{static,/static,file:///home/runner/work/ozone/ozone/hadoop-ozone/integration-test/target/test-classes/webapps/static,AVAILABLE}
2023-09-14 12:55:44,028 [Time-limited test] INFO  handler.ContextHandler (ContextHandler.java:doStart(921)) - Started o.e.j.w.WebAppContext@f379575{scm,/,file:///home/runner/work/ozone/ozone/hadoop-ozone/integration-test/target/test-classes/webapps/scm/,AVAILABLE}{file:/home/runner/work/ozone/ozone/hadoop-ozone/integration-test/target/test-classes/webapps/scm}
2023-09-14 12:55:44,040 [Time-limited test] INFO  server.AbstractConnector (AbstractConnector.java:doStart(333)) - Started ServerConnector@3d45b21a{HTTP/1.1, (http/1.1)}{0.0.0.0:9876}
2023-09-14 12:55:44,040 [Time-limited test] INFO  server.Server (Server.java:doStart(415)) - Started @139015ms
2023-09-14 12:55:44,040 [Time-limited test] WARN  impl.MetricsSystemImpl (MetricsSystemImpl.java:register(279)) - Sink prometheus already exists!
2023-09-14 12:55:44,041 [Time-limited test] INFO  http.BaseHttpServer (BaseHttpServer.java:updateConnectorAddress(354)) - HTTP server of scm listening at http://0.0.0.0:9876
2023-09-14 12:55:44,043 [pool-551-thread-2] INFO  request.KdcRequest (KdcRequest.java:preauth(651)) - The preauth data is empty.
2023-09-14 12:55:44,043 [pool-551-thread-2] INFO  server.KdcHandler (KdcHandler.java:handleRecoverableException(177)) - KRB error occurred while processing request:Additional pre-authentication required
2023-09-14 12:55:44,051 [pool-551-thread-1] INFO  request.AsRequest (AsRequest.java:issueTicket(112)) - AS_REQ ISSUE: authtime 1694696144050,test@EXAMPLE.COM for krbtgt/EXAMPLE.COM@EXAMPLE.COM
2023-09-14 12:55:44,073 [pool-551-thread-1] INFO  request.TgsRequest (TgsRequest.java:issueTicket(115)) - TGS_REQ ISSUE: authtime 1694696144072,scm/fv-az187-373.4biwkquksivelc4kanrnlgeoof.gx.internal.cloudapp.net for scm/fv-az187-373.4biwkquksivelc4kanrnlgeoof.gx.internal.cloudapp.net@EXAMPLE.COM
2023-09-14 12:55:44,078 [Socket Reader #1 for port 9961] INFO  ipc.Server (Server.java:saslProcess(2139)) - Auth successful for scm/fv-az187-373.4biwkquksivelc4kanrnlgeoof.gx.internal.cloudapp.net@EXAMPLE.COM (auth:KERBEROS) from fv-az187-373.4biwkquksivelc4kanrnlgeoof.gx.internal.cloudapp.net:33143 / 10.1.0.236:33143
2023-09-14 12:55:44,102 [IPC Server handler 0 on default port 9961] INFO  client.SCMCertificateClient (DefaultCertificateClient.java:getAllRootCaCerts(901)) - scm/sub-ca has 0 Root CA certificates
2023-09-14 12:55:44,103 [IPC Server handler 0 on default port 9961] INFO  client.SCMCertificateClient (DefaultCertificateClient.java:getAllCaCerts(909)) - scm/sub-ca has 1 CA certificates
2023-09-14 12:55:44,109 [scm/sub-ca-refreshCACertificates] INFO  client.SCMCertificateClient (DefaultCertificateClient.java:getAllRootCaCerts(901)) - scm/sub-ca has 0 Root CA certificates
2023-09-14 12:55:44,109 [scm/sub-ca-refreshCACertificates] INFO  client.SCMCertificateClient (DefaultCertificateClient.java:getAllCaCerts(909)) - scm/sub-ca has 1 CA certificates
2023-09-14 12:55:44,109 [scm/sub-ca-refreshCACertificates] INFO  client.SCMCertificateClient (SCMCertificateClient.java:run(277)) - CA certificates are not changed.
2023-09-14 12:55:44,112 [pool-551-thread-1] INFO  request.TgsRequest (TgsRequest.java:issueTicket(115)) - TGS_REQ ISSUE: authtime 1694696144112,test for scm/fv-az187-373.4biwkquksivelc4kanrnlgeoof.gx.internal.cloudapp.net@EXAMPLE.COM
2023-09-14 12:55:44,117 [Socket Reader #1 for port 9860] INFO  ipc.Server (Server.java:saslProcess(2139)) - Auth successful for test@EXAMPLE.COM (auth:KERBEROS) from fv-az187-373.4biwkquksivelc4kanrnlgeoof.gx.internal.cloudapp.net:44112 / 10.1.0.236:44112
2023-09-14 12:55:44,274 [IPC Server handler 0 on default port 9860] INFO  ipc.Server (Server.java:logException(3109)) - IPC Server handler 0 on default port 9860, call Call#36 Retry#0 org.apache.hadoop.hdds.scm.protocol.StorageContainerLocationProtocol.submitRequest from fv-az187-373.4biwkquksivelc4kanrnlgeoof.gx.internal.cloudapp.net:44112 / 10.1.0.236:44112
org.apache.hadoop.security.AccessControlException: Access denied for user test@EXAMPLE.COM. SCM superuser privilege is required.
	at org.apache.hadoop.hdds.scm.server.StorageContainerManager.checkAdminAccess(StorageContainerManager.java:1895)
	at org.apache.hadoop.hdds.scm.server.SCMClientProtocolServer.forceExitSafeMode(SCMClientProtocolServer.java:933)
	at org.apache.hadoop.hdds.scm.protocol.StorageContainerLocationProtocolServerSideTranslatorPB.forceExitSafeMode(StorageContainerLocationProtocolServerSideTranslatorPB.java:1013)
	at org.apache.hadoop.hdds.scm.protocol.StorageContainerLocationProtocolServerSideTranslatorPB.processRequest(StorageContainerLocationProtocolServerSideTranslatorPB.java:533)
	at org.apache.hadoop.hdds.server.OzoneProtocolMessageDispatcher.processRequest(OzoneProtocolMessageDispatcher.java:87)
	at org.apache.hadoop.hdds.scm.protocol.StorageContainerLocationProtocolServerSideTranslatorPB.submitRequest(StorageContainerLocationProtocolServerSideTranslatorPB.java:221)
	at org.apache.hadoop.hdds.protocol.proto.StorageContainerLocationProtocolProtos$StorageContainerLocationProtocolService$2.callBlockingMethod(StorageContainerLocationProtocolProtos.java)
	at org.apache.hadoop.ipc.ProtobufRpcEngine$Server.processCall(ProtobufRpcEngine.java:484)
	at org.apache.hadoop.ipc.ProtobufRpcEngine2$Server$ProtoBufRpcInvoker.call(ProtobufRpcEngine2.java:595)
	at org.apache.hadoop.ipc.ProtobufRpcEngine2$Server$ProtoBufRpcInvoker.call(ProtobufRpcEngine2.java:573)
	at org.apache.hadoop.ipc.RPC$Server.call(RPC.java:1227)
	at org.apache.hadoop.ipc.Server$RpcCall.run(Server.java:1094)
	at org.apache.hadoop.ipc.Server$RpcCall.run(Server.java:1017)
	at java.security.AccessController.doPrivileged(Native Method)
	at javax.security.auth.Subject.doAs(Subject.java:422)
	at org.apache.hadoop.security.UserGroupInformation.doAs(UserGroupInformation.java:1899)
	at org.apache.hadoop.ipc.Server$Handler.run(Server.java:3048)
2023-09-14 12:55:44,278 [Time-limited test] WARN  ipc.Client (Client.java:run(733)) - Exception encountered while connecting to the server 0.0.0.0/0.0.0.0:9860
org.apache.hadoop.security.AccessControlException: Client cannot authenticate via:[KERBEROS]
	at org.apache.hadoop.security.SaslRpcClient.selectSaslClient(SaslRpcClient.java:179)
	at org.apache.hadoop.security.SaslRpcClient.saslConnect(SaslRpcClient.java:392)
	at org.apache.hadoop.ipc.Client$Connection.setupSaslConnection(Client.java:561)
	at org.apache.hadoop.ipc.Client$Connection.access$2100(Client.java:347)
	at org.apache.hadoop.ipc.Client$Connection$2.run(Client.java:783)
	at org.apache.hadoop.ipc.Client$Connection$2.run(Client.java:779)
	at java.security.AccessController.doPrivileged(Native Method)
	at javax.security.auth.Subject.doAs(Subject.java:422)
	at org.apache.hadoop.security.UserGroupInformation.doAs(UserGroupInformation.java:1899)
	at org.apache.hadoop.ipc.Client$Connection.setupIOstreams(Client.java:779)
	at org.apache.hadoop.ipc.Client$Connection.access$3800(Client.java:347)
	at org.apache.hadoop.ipc.Client.getConnection(Client.java:1632)
	at org.apache.hadoop.ipc.Client.call(Client.java:1457)
	at org.apache.hadoop.ipc.Client.call(Client.java:1410)
	at org.apache.hadoop.ipc.ProtobufRpcEngine$Invoker.invoke(ProtobufRpcEngine.java:250)
	at org.apache.hadoop.ipc.ProtobufRpcEngine$Invoker.invoke(ProtobufRpcEngine.java:132)
	at com.sun.proxy.$Proxy48.submitRequest(Unknown Source)
	at org.apache.hadoop.hdds.scm.protocolPB.StorageContainerLocationProtocolClientSideTranslatorPB.submitRpcRequest(StorageContainerLocationProtocolClientSideTranslatorPB.java:191)
	at org.apache.hadoop.hdds.scm.protocolPB.StorageContainerLocationProtocolClientSideTranslatorPB.submitRequest(StorageContainerLocationProtocolClientSideTranslatorPB.java:175)
	at org.apache.hadoop.hdds.scm.protocolPB.StorageContainerLocationProtocolClientSideTranslatorPB.forceExitSafeMode(StorageContainerLocationProtocolClientSideTranslatorPB.java:792)
	at org.junit.Assert.assertThrows(Assert.java:1001)
	at org.junit.Assert.assertThrows(Assert.java:981)
	at org.apache.hadoop.ozone.TestSecureOzoneCluster.testAdminAccessControlException(TestSecureOzoneCluster.java:444)
	at sun.reflect.NativeMethodAccessorImpl.invoke0(Native Method)
	at sun.reflect.NativeMethodAccessorImpl.invoke(NativeMethodAccessorImpl.java:62)
	at sun.reflect.DelegatingMethodAccessorImpl.invoke(DelegatingMethodAccessorImpl.java:43)
	at java.lang.reflect.Method.invoke(Method.java:498)
	at org.junit.runners.model.FrameworkMethod$1.runReflectiveCall(FrameworkMethod.java:59)
	at org.junit.internal.runners.model.ReflectiveCallable.run(ReflectiveCallable.java:12)
	at org.junit.runners.model.FrameworkMethod.invokeExplosively(FrameworkMethod.java:56)
	at org.junit.internal.runners.statements.InvokeMethod.evaluate(InvokeMethod.java:17)
	at org.junit.internal.runners.statements.RunBefores.evaluate(RunBefores.java:26)
	at org.junit.internal.runners.statements.RunAfters.evaluate(RunAfters.java:27)
	at org.junit.rules.ExternalResource$1.evaluate(ExternalResource.java:54)
	at org.junit.internal.runners.statements.FailOnTimeout$CallableStatement.call(FailOnTimeout.java:288)
	at org.junit.internal.runners.statements.FailOnTimeout$CallableStatement.call(FailOnTimeout.java:282)
	at java.util.concurrent.FutureTask.run(FutureTask.java:266)
	at java.lang.Thread.run(Thread.java:750)
2023-09-14 12:55:44,279 [Time-limited test] INFO  server.StorageContainerManager (StorageContainerManager.java:stop(1591)) - Container Balancer is not running.
2023-09-14 12:55:44,279 [Time-limited test] INFO  server.StorageContainerManager (StorageContainerManager.java:stopReplicationManager(1724)) - Stopping Replication Manager Service.
2023-09-14 12:55:44,279 [Time-limited test] INFO  replication.ReplicationManager (ReplicationManager.java:stop(323)) - Stopping Replication Monitor Thread.
2023-09-14 12:55:44,279 [Over Replicated Processor] WARN  replication.UnhealthyReplicationProcessor (UnhealthyReplicationProcessor.java:run(180)) - Over Replicated Processor interrupted. Exiting...
2023-09-14 12:55:44,279 [Under Replicated Processor] WARN  replication.UnhealthyReplicationProcessor (UnhealthyReplicationProcessor.java:run(180)) - Under Replicated Processor interrupted. Exiting...
2023-09-14 12:55:44,279 [Time-limited test] INFO  server.StorageContainerManager (StorageContainerManager.java:stop(1600)) - Stopping the Datanode Admin Monitor.
2023-09-14 12:55:44,279 [ReplicationMonitor] INFO  replication.ReplicationManager (ReplicationManager.java:run(921)) - Replication Monitor Thread is stopped
2023-09-14 12:55:44,279 [Time-limited test] INFO  server.StorageContainerManager (StorageContainerManager.java:stop(1607)) - Stopping datanode service RPC server
2023-09-14 12:55:44,280 [Time-limited test] INFO  server.SCMDatanodeProtocolServer (SCMDatanodeProtocolServer.java:stop(424)) - Stopping the RPC server for DataNodes
2023-09-14 12:55:44,280 [Time-limited test] INFO  ipc.Server (Server.java:stop(3523)) - Stopping server on 9861
2023-09-14 12:55:44,281 [IPC Server listener on 9861] INFO  ipc.Server (Server.java:run(1434)) - Stopping IPC Server listener on 9861
2023-09-14 12:55:44,281 [IPC Server Responder] INFO  ipc.Server (Server.java:run(1567)) - Stopping IPC Server Responder
2023-09-14 12:55:46,915 [SCM Heartbeat Processing Thread - 0] WARN  node.NodeStateManager (NodeStateManager.java:scheduleNextHealthCheck(874)) - Current Thread is interrupted, shutting down HB processing thread for Node Manager.
2023-09-14 12:55:46,916 [Time-limited test] INFO  server.StorageContainerManager (StorageContainerManager.java:stop(1615)) - Stopping block service RPC server
2023-09-14 12:55:46,916 [Time-limited test] INFO  server.SCMBlockProtocolServer (SCMBlockProtocolServer.java:stop(163)) - Stopping the RPC server for Block Protocol
2023-09-14 12:55:46,916 [Time-limited test] INFO  ipc.Server (Server.java:stop(3523)) - Stopping server on 9863
2023-09-14 12:55:46,918 [IPC Server Responder] INFO  ipc.Server (Server.java:run(1567)) - Stopping IPC Server Responder
2023-09-14 12:55:46,918 [IPC Server listener on 9863] INFO  ipc.Server (Server.java:run(1434)) - Stopping IPC Server listener on 9863
2023-09-14 12:55:46,918 [Time-limited test] INFO  server.StorageContainerManager (StorageContainerManager.java:stop(1622)) - Stopping the StorageContainerLocationProtocol RPC server
2023-09-14 12:55:46,919 [Time-limited test] INFO  server.SCMClientProtocolServer (SCMClientProtocolServer.java:stop(210)) - Stopping the RPC server for Client Protocol
2023-09-14 12:55:46,919 [Time-limited test] INFO  ipc.Server (Server.java:stop(3523)) - Stopping server on 9860
2023-09-14 12:55:46,923 [IPC Server listener on 9860] INFO  ipc.Server (Server.java:run(1434)) - Stopping IPC Server listener on 9860
2023-09-14 12:55:46,923 [IPC Server Responder] INFO  ipc.Server (Server.java:run(1567)) - Stopping IPC Server Responder
2023-09-14 12:55:46,924 [Time-limited test] INFO  server.StorageContainerManager (StorageContainerManager.java:stop(1629)) - Stopping Storage Container Manager HTTP server.
2023-09-14 12:55:46,925 [Time-limited test] INFO  handler.ContextHandler (ContextHandler.java:doStop(1159)) - Stopped o.e.j.w.WebAppContext@f379575{scm,/,null,STOPPED}{file:/home/runner/work/ozone/ozone/hadoop-ozone/integration-test/target/test-classes/webapps/scm}
2023-09-14 12:55:46,925 [Time-limited test] INFO  server.AbstractConnector (AbstractConnector.java:doStop(383)) - Stopped ServerConnector@3d45b21a{HTTP/1.1, (http/1.1)}{0.0.0.0:9876}
2023-09-14 12:55:46,926 [Time-limited test] INFO  server.session (HouseKeeper.java:stopScavenging(149)) - node0 Stopped scavenging
2023-09-14 12:55:46,926 [Time-limited test] INFO  handler.ContextHandler (ContextHandler.java:doStop(1159)) - Stopped o.e.j.s.ServletContextHandler@19dfc3d1{static,/static,file:///home/runner/work/ozone/ozone/hadoop-ozone/integration-test/target/test-classes/webapps/static,STOPPED}
2023-09-14 12:55:46,926 [Time-limited test] INFO  handler.ContextHandler (ContextHandler.java:doStop(1159)) - Stopped o.e.j.s.ServletContextHandler@572f5dc5{logs,/logs,file:///home/runner/work/ozone/ozone/hadoop-ozone/integration-test/target/log,STOPPED}
2023-09-14 12:55:46,927 [Time-limited test] INFO  server.StorageContainerManager (StorageContainerManager.java:stop(1637)) - Stopping SCM LayoutVersionManager Service.
2023-09-14 12:55:46,927 [Time-limited test] INFO  server.SCMSecurityProtocolServer (SCMSecurityProtocolServer.java:stop(550)) - Stopping the SCMSecurityProtocolServer.
2023-09-14 12:55:46,927 [Time-limited test] INFO  ipc.Server (Server.java:stop(3523)) - Stopping server on 9961
2023-09-14 12:55:46,927 [IPC Server listener on 9961] INFO  ipc.Server (Server.java:run(1434)) - Stopping IPC Server listener on 9961
2023-09-14 12:55:46,935 [IPC Server Responder] INFO  ipc.Server (Server.java:run(1567)) - Stopping IPC Server Responder
2023-09-14 12:55:46,935 [Time-limited test] INFO  server.SCMUpdateServiceGrpcServer (SCMUpdateServiceGrpcServer.java:stop(73)) - SCMUpdateService stopping
2023-09-14 12:55:46,936 [Time-limited test] INFO  server.SCMUpdateServiceGrpcServer (SCMUpdateServiceGrpcServer.java:stop(85)) - SCMUpdateService stopped!
2023-09-14 12:55:46,936 [Time-limited test] INFO  server.StorageContainerManager (StorageContainerManager.java:stop(1649)) - Stopping Block Manager Service.
2023-09-14 12:55:46,936 [Time-limited test] INFO  utils.BackgroundService (BackgroundService.java:shutdown(141)) - Shutting down service SCMBlockDeletingService
2023-09-14 12:55:46,936 [Time-limited test] INFO  utils.BackgroundService (BackgroundService.java:shutdown(141)) - Shutting down service SCMBlockDeletingService
2023-09-14 12:55:46,937 [Time-limited test] INFO  server.StorageContainerManager (StorageContainerManager.java:stop(1669)) - Stopping SCM Event Queue.
2023-09-14 12:55:46,937 [JvmPauseMonitor8] INFO  util.JvmPauseMonitor (JvmPauseMonitor.java:run(109)) - JvmPauseMonitor-cef5e289-7527-4489-9c44-b2cb7fa52880: Stopped
2023-09-14 12:55:46,937 [Time-limited test] INFO  server.StorageContainerManager (StorageContainerManager.java:stop(1680)) - Stopping SCM HA services.
2023-09-14 12:55:46,937 [Time-limited test] INFO  pipeline.BackgroundPipelineCreator (BackgroundPipelineCreator.java:stop(149)) - Stopping RatisPipelineUtilsThread.
2023-09-14 12:55:46,938 [RatisPipelineUtilsThread - 0] WARN  pipeline.BackgroundPipelineCreator (BackgroundPipelineCreator.java:run(180)) - RatisPipelineUtilsThread is interrupted.
2023-09-14 12:55:46,938 [BackgroundPipelineScrubberThread] WARN  BackgroundPipelineScrubber (BackgroundSCMService.java:run(115)) - BackgroundPipelineScrubber is interrupted, exit
2023-09-14 12:55:46,938 [Time-limited test] INFO  BackgroundPipelineScrubber (BackgroundSCMService.java:stop(131)) - Stopping BackgroundPipelineScrubber Service.
2023-09-14 12:55:46,939 [Time-limited test] INFO  impl.MetricsSystemImpl (MetricsSystemImpl.java:stop(210)) - Stopping StorageContainerManager metrics system...
2023-09-14 12:55:46,945 [prometheus] INFO  impl.MetricsSinkAdapter (MetricsSinkAdapter.java:publishMetricsFromQueue(141)) - prometheus thread interrupted.
2023-09-14 12:55:46,946 [Time-limited test] INFO  impl.MetricsSystemImpl (MetricsSystemImpl.java:stop(216)) - StorageContainerManager metrics system stopped.
2023-09-14 12:55:46,947 [Time-limited test] WARN  pipeline.BackgroundPipelineCreator (BackgroundPipelineCreator.java:stop(145)) - RatisPipelineUtilsThread is not running, just ignore.
2023-09-14 12:55:46,947 [Time-limited test] INFO  BackgroundPipelineScrubber (BackgroundSCMService.java:stop(126)) - BackgroundPipelineScrubber Service is not running, skip stop.
2023-09-14 12:55:46,947 [Time-limited test] INFO  ExpiredContainerReplicaOpScrubber (BackgroundSCMService.java:stop(131)) - Stopping ExpiredContainerReplicaOpScrubber Service.
2023-09-14 12:55:46,947 [Time-limited test] INFO  utils.BackgroundService (BackgroundService.java:shutdown(141)) - Shutting down service SCMBlockDeletingService
2023-09-14 12:55:46,947 [ExpiredContainerReplicaOpScrubberThread] WARN  ExpiredContainerReplicaOpScrubber (BackgroundSCMService.java:run(115)) - ExpiredContainerReplicaOpScrubber is interrupted, exit
2023-09-14 12:55:46,947 [Time-limited test] INFO  replication.ReplicationManager (ReplicationManager.java:stop(333)) - Replication Monitor Thread is not running.
2023-09-14 12:55:46,948 [Time-limited test] WARN  balancer.ContainerBalancer (ContainerBalancer.java:stop(326)) - Cannot stop Container Balancer because it's not running or stopping
2023-09-14 12:55:46,948 [Time-limited test] INFO  server.StorageContainerManager (StorageContainerManager.java:stop(1715)) - Stopping SCM MetadataStore.
2023-09-14 12:55:46,949 [Lease Manager-LeaseManager#LeaseMonitor] WARN  lease.LeaseManager (LeaseManager.java:run(272)) - Lease manager is interrupted. Shutting down...
java.lang.InterruptedException
	at java.util.concurrent.locks.AbstractQueuedSynchronizer.doAcquireSharedNanos(AbstractQueuedSynchronizer.java:1039)
	at java.util.concurrent.locks.AbstractQueuedSynchronizer.tryAcquireSharedNanos(AbstractQueuedSynchronizer.java:1328)
	at java.util.concurrent.Semaphore.tryAcquire(Semaphore.java:409)
	at org.apache.hadoop.ozone.lease.LeaseManager$LeaseMonitor.run(LeaseManager.java:270)
	at java.lang.Thread.run(Thread.java:750)
2023-09-14 12:55:46,950 [Time-limited test] INFO  impl.DefaultInternalKdcServerImpl (DefaultInternalKdcServerImpl.java:doStop(102)) - Default Internal kdc server stopped.
2023-09-14 12:55:47,950 [Time-limited test] INFO  minikdc.MiniKdc (MiniKdc.java:stop(359)) - MiniKdc stopped.
2023-09-14 12:55:47,951 [Time-limited test] INFO  server.StorageContainerManager (StorageContainerManager.java:stop(1580)) - Storage Container Manager is not running.
2023-09-14 12:55:47,951 [Time-limited test] INFO  server.StorageContainerManager (StorageContainerManager.java:stopReplicationManager(1724)) - Stopping Replication Manager Service.
2023-09-14 12:55:47,951 [Time-limited test] INFO  replication.ReplicationManager (ReplicationManager.java:stop(333)) - Replication Monitor Thread is not running.
2023-09-14 12:55:47,951 [Time-limited test] INFO  server.SCMSecurityProtocolServer (SCMSecurityProtocolServer.java:join(560)) - Join RPC server for SCMSecurityProtocolServer.
2023-09-14 12:55:47,951 [Time-limited test] INFO  server.SCMSecurityProtocolServer (SCMSecurityProtocolServer.java:join(562)) - Join gRPC server for SCMSecurityProtocolServer.
]]></system-out>
  </testcase>
</testsuite>