<?xml version="1.0" encoding="UTF-8"?>
<testsuite xmlns:xsi="http://www.w3.org/2001/XMLSchema-instance" xsi:noNamespaceSchemaLocation="https://maven.apache.org/surefire/maven-surefire-plugin/xsd/surefire-test-report.xsd" name="org.apache.hadoop.ozone.client.rpc.TestDeleteWithSlowFollower" time="35.225" tests="1" errors="0" skipped="0" failures="1">
  <properties>
    <property name="awt.toolkit" value="sun.awt.X11.XToolkit"/>
    <property name="file.encoding.pkg" value="sun.io"/>
    <property name="java.specification.version" value="1.8"/>
    <property name="sun.cpu.isalist" value=""/>
    <property name="sun.jnu.encoding" value="ANSI_X3.4-1968"/>
    <property name="java.class.path" value="/github/workspace/mnt/ozone/hadoop-ozone/integration-test/target/test-classes:/github/workspace/mnt/ozone/hadoop-ozone/integration-test/target/classes:/home/user/.m2/repository/org/apache/hadoop/hadoop-ozone-common/0.6.0-SNAPSHOT/hadoop-ozone-common-0.6.0-SNAPSHOT.jar:/home/user/.m2/repository/org/apache/commons/commons-compress/1.4.1/commons-compress-1.4.1.jar:/home/user/.m2/repository/org/tukaani/xz/1.0/xz-1.0.jar:/home/user/.m2/repository/org/apache/hadoop/hadoop-hdds-common/0.6.0-SNAPSHOT/hadoop-hdds-common-0.6.0-SNAPSHOT.jar:/home/user/.m2/repository/org/apache/hadoop/hadoop-hdds-hadoop-dependency-client/0.6.0-SNAPSHOT/hadoop-hdds-hadoop-dependency-client-0.6.0-SNAPSHOT.jar:/home/user/.m2/repository/info/picocli/picocli/3.9.6/picocli-3.9.6.jar:/home/user/.m2/repository/com/fasterxml/jackson/core/jackson-annotations/2.10.3/jackson-annotations-2.10.3.jar:/home/user/.m2/repository/javax/annotation/javax.annotation-api/1.2/javax.annotation-api-1.2.jar:/home/user/.m2/repository/org/apache/ratis/ratis-server/1.0.0/ratis-server-1.0.0.jar:/home/user/.m2/repository/org/apache/ratis/ratis-client/1.0.0/ratis-client-1.0.0.jar:/home/user/.m2/repository/org/apache/ratis/ratis-metrics/1.0.0/ratis-metrics-1.0.0.jar:/home/user/.m2/repository/org/apache/ratis/ratis-netty/1.0.0/ratis-netty-1.0.0.jar:/home/user/.m2/repository/org/apache/ratis/ratis-grpc/1.0.0/ratis-grpc-1.0.0.jar:/home/user/.m2/repository/org/apache/logging/log4j/log4j-api/2.11.0/log4j-api-2.11.0.jar:/home/user/.m2/repository/org/apache/logging/log4j/log4j-core/2.11.0/log4j-core-2.11.0.jar:/home/user/.m2/repository/com/lmax/disruptor/3.4.2/disruptor-3.4.2.jar:/home/user/.m2/repository/org/apache/commons/commons-pool2/2.6.0/commons-pool2-2.6.0.jar:/home/user/.m2/repository/org/bouncycastle/bcpkix-jdk15on/1.60/bcpkix-jdk15on-1.60.jar:/home/user/.m2/repository/commons-validator/commons-validator/1.6/commons-validator-1.6.jar:/home/user/.m2/repository/commons-digester/commons-digester/1.8.1/commons-digester-1.8.1.jar:/home/user/.m2/repository/io/jaegertracing/jaeger-client/1.2.0/jaeger-client-1.2.0.jar:/home/user/.m2/repository/io/jaegertracing/jaeger-thrift/1.2.0/jaeger-thrift-1.2.0.jar:/home/user/.m2/repository/org/apache/thrift/libthrift/0.13.0/libthrift-0.13.0.jar:/home/user/.m2/repository/com/squareup/okhttp3/okhttp/4.2.2/okhttp-4.2.2.jar:/home/user/.m2/repository/com/squareup/okio/okio/2.2.2/okio-2.2.2.jar:/home/user/.m2/repository/org/jetbrains/kotlin/kotlin-stdlib/1.3.50/kotlin-stdlib-1.3.50.jar:/home/user/.m2/repository/org/jetbrains/kotlin/kotlin-stdlib-common/1.3.50/kotlin-stdlib-common-1.3.50.jar:/home/user/.m2/repository/org/jetbrains/annotations/13.0/annotations-13.0.jar:/home/user/.m2/repository/io/jaegertracing/jaeger-core/1.2.0/jaeger-core-1.2.0.jar:/home/user/.m2/repository/io/jaegertracing/jaeger-tracerresolver/1.2.0/jaeger-tracerresolver-1.2.0.jar:/home/user/.m2/repository/io/opentracing/contrib/opentracing-tracerresolver/0.1.8/opentracing-tracerresolver-0.1.8.jar:/home/user/.m2/repository/io/opentracing/opentracing-util/0.33.0/opentracing-util-0.33.0.jar:/home/user/.m2/repository/io/opentracing/opentracing-api/0.33.0/opentracing-api-0.33.0.jar:/home/user/.m2/repository/io/opentracing/opentracing-noop/0.33.0/opentracing-noop-0.33.0.jar:/home/user/.m2/repository/org/apache/hadoop/hadoop-hdds-client/0.6.0-SNAPSHOT/hadoop-hdds-client-0.6.0-SNAPSHOT.jar:/home/user/.m2/repository/org/apache/hadoop/hadoop-ozone-interface-client/0.6.0-SNAPSHOT/hadoop-ozone-interface-client-0.6.0-SNAPSHOT.jar:/home/user/.m2/repository/org/apache/hadoop/hadoop-hdds-test-utils/0.6.0-SNAPSHOT/hadoop-hdds-test-utils-0.6.0-SNAPSHOT.jar:/home/user/.m2/repository/com/google/guava/guava/28.2-jre/guava-28.2-jre.jar:/home/user/.m2/repository/com/google/guava/failureaccess/1.0.1/failureaccess-1.0.1.jar:/home/user/.m2/repository/com/google/guava/listenablefuture/9999.0-empty-to-avoid-conflict-with-guava/listenablefuture-9999.0-empty-to-avoid-conflict-with-guava.jar:/home/user/.m2/repository/com/google/code/findbugs/jsr305/3.0.0/jsr305-3.0.0.jar:/home/user/.m2/repository/org/checkerframework/checker-qual/2.10.0/checker-qual-2.10.0.jar:/home/user/.m2/repository/com/google/errorprone/error_prone_annotations/2.2.0/error_prone_annotations-2.2.0.jar:/home/user/.m2/repository/com/google/j2objc/j2objc-annotations/1.3/j2objc-annotations-1.3.jar:/home/user/.m2/repository/commons-io/commons-io/2.5/commons-io-2.5.jar:/home/user/.m2/repository/commons-logging/commons-logging/1.2/commons-logging-1.2.jar:/home/user/.m2/repository/log4j/log4j/1.2.17/log4j-1.2.17.jar:/home/user/.m2/repository/org/slf4j/slf4j-api/1.7.25/slf4j-api-1.7.25.jar:/home/user/.m2/repository/org/apache/hadoop/hadoop-hdds-server-scm/0.6.0-SNAPSHOT/hadoop-hdds-server-scm-0.6.0-SNAPSHOT.jar:/home/user/.m2/repository/org/apache/hadoop/hadoop-hdds-container-service/0.6.0-SNAPSHOT/hadoop-hdds-container-service-0.6.0-SNAPSHOT.jar:/home/user/.m2/repository/org/apache/hadoop/hadoop-hdds-hadoop-dependency-server/0.6.0-SNAPSHOT/hadoop-hdds-hadoop-dependency-server-0.6.0-SNAPSHOT.jar:/home/user/.m2/repository/org/apache/hadoop/hadoop-hdds-server-framework/0.6.0-SNAPSHOT/hadoop-hdds-server-framework-0.6.0-SNAPSHOT.jar:/home/user/.m2/repository/org/apache/hadoop/hadoop-hdds-interface-server/0.6.0-SNAPSHOT/hadoop-hdds-interface-server-0.6.0-SNAPSHOT.jar:/home/user/.m2/repository/org/apache/hadoop/hadoop-hdds-interface-admin/0.6.0-SNAPSHOT/hadoop-hdds-interface-admin-0.6.0-SNAPSHOT.jar:/home/user/.m2/repository/org/rocksdb/rocksdbjni/6.8.1/rocksdbjni-6.8.1.jar:/home/user/.m2/repository/io/prometheus/simpleclient_dropwizard/0.7.0/simpleclient_dropwizard-0.7.0.jar:/home/user/.m2/repository/io/prometheus/simpleclient/0.7.0/simpleclient-0.7.0.jar:/home/user/.m2/repository/io/prometheus/simpleclient_common/0.7.0/simpleclient_common-0.7.0.jar:/home/user/.m2/repository/com/fasterxml/jackson/datatype/jackson-datatype-jsr310/2.10.3/jackson-datatype-jsr310-2.10.3.jar:/home/user/.m2/repository/org/apache/hadoop/hadoop-hdds-docs/0.6.0-SNAPSHOT/hadoop-hdds-docs-0.6.0-SNAPSHOT.jar:/home/user/.m2/repository/io/dropwizard/metrics/metrics-core/3.2.4/metrics-core-3.2.4.jar:/home/user/.m2/repository/org/apache/hadoop/hadoop-hdfs-client/3.2.1/hadoop-hdfs-client-3.2.1.jar:/home/user/.m2/repository/org/bouncycastle/bcprov-jdk15on/1.60/bcprov-jdk15on-1.60.jar:/home/user/.m2/repository/org/apache/hadoop/hadoop-ozone-ozone-manager/0.6.0-SNAPSHOT/hadoop-ozone-ozone-manager-0.6.0-SNAPSHOT.jar:/home/user/.m2/repository/org/apache/hadoop/hadoop-hdds-interface-client/0.6.0-SNAPSHOT/hadoop-hdds-interface-client-0.6.0-SNAPSHOT.jar:/home/user/.m2/repository/org/apache/ratis/ratis-thirdparty-misc/0.5.0/ratis-thirdparty-misc-0.5.0.jar:/home/user/.m2/repository/org/apache/hadoop/hadoop-minikdc/3.2.1/hadoop-minikdc-3.2.1.jar:/home/user/.m2/repository/org/apache/kerby/kerb-simplekdc/1.0.1/kerb-simplekdc-1.0.1.jar:/home/user/.m2/repository/org/apache/kerby/kerb-client/1.0.1/kerb-client-1.0.1.jar:/home/user/.m2/repository/org/apache/kerby/kerby-config/1.0.1/kerby-config-1.0.1.jar:/home/user/.m2/repository/org/apache/kerby/kerb-core/1.0.1/kerb-core-1.0.1.jar:/home/user/.m2/repository/org/apache/kerby/kerby-pkix/1.0.1/kerby-pkix-1.0.1.jar:/home/user/.m2/repository/org/apache/kerby/kerby-asn1/1.0.1/kerby-asn1-1.0.1.jar:/home/user/.m2/repository/org/apache/kerby/kerby-util/1.0.1/kerby-util-1.0.1.jar:/home/user/.m2/repository/org/apache/kerby/kerb-common/1.0.1/kerb-common-1.0.1.jar:/home/user/.m2/repository/org/apache/kerby/kerb-crypto/1.0.1/kerb-crypto-1.0.1.jar:/home/user/.m2/repository/org/apache/kerby/kerb-util/1.0.1/kerb-util-1.0.1.jar:/home/user/.m2/repository/org/apache/kerby/token-provider/1.0.1/token-provider-1.0.1.jar:/home/user/.m2/repository/org/apache/kerby/kerb-admin/1.0.1/kerb-admin-1.0.1.jar:/home/user/.m2/repository/org/apache/kerby/kerb-server/1.0.1/kerb-server-1.0.1.jar:/home/user/.m2/repository/org/apache/kerby/kerb-identity/1.0.1/kerb-identity-1.0.1.jar:/home/user/.m2/repository/org/apache/kerby/kerby-xdr/1.0.1/kerby-xdr-1.0.1.jar:/home/user/.m2/repository/org/slf4j/slf4j-log4j12/1.7.25/slf4j-log4j12-1.7.25.jar:/home/user/.m2/repository/org/apache/hadoop/hadoop-ozone-s3gateway/0.6.0-SNAPSHOT/hadoop-ozone-s3gateway-0.6.0-SNAPSHOT.jar:/home/user/.m2/repository/org/jboss/weld/servlet/weld-servlet/2.4.7.Final/weld-servlet-2.4.7.Final.jar:/home/user/.m2/repository/org/glassfish/jersey/containers/jersey-container-servlet-core/2.27/jersey-container-servlet-core-2.27.jar:/home/user/.m2/repository/org/glassfish/hk2/external/javax.inject/2.5.0-b42/javax.inject-2.5.0-b42.jar:/home/user/.m2/repository/org/glassfish/jersey/core/jersey-common/2.27/jersey-common-2.27.jar:/home/user/.m2/repository/org/glassfish/hk2/osgi-resource-locator/1.0.1/osgi-resource-locator-1.0.1.jar:/home/user/.m2/repository/javax/ws/rs/javax.ws.rs-api/2.1/javax.ws.rs-api-2.1.jar:/home/user/.m2/repository/org/glassfish/jersey/ext/cdi/jersey-cdi1x/2.27/jersey-cdi1x-2.27.jar:/home/user/.m2/repository/org/glassfish/jersey/inject/jersey-hk2/2.27/jersey-hk2-2.27.jar:/home/user/.m2/repository/org/glassfish/hk2/hk2-locator/2.5.0-b42/hk2-locator-2.5.0-b42.jar:/home/user/.m2/repository/org/javassist/javassist/3.22.0-CR2/javassist-3.22.0-CR2.jar:/home/user/.m2/repository/org/glassfish/hk2/hk2-api/2.5.0/hk2-api-2.5.0.jar:/home/user/.m2/repository/org/glassfish/hk2/external/jakarta.inject/2.5.0/jakarta.inject-2.5.0.jar:/home/user/.m2/repository/org/glassfish/hk2/hk2-utils/2.5.0/hk2-utils-2.5.0.jar:/home/user/.m2/repository/jakarta/annotation/jakarta.annotation-api/1.3.4/jakarta.annotation-api-1.3.4.jar:/home/user/.m2/repository/org/glassfish/hk2/external/aopalliance-repackaged/2.5.0/aopalliance-repackaged-2.5.0.jar:/home/user/.m2/repository/com/fasterxml/jackson/dataformat/jackson-dataformat-xml/2.10.3/jackson-dataformat-xml-2.10.3.jar:/home/user/.m2/repository/com/fasterxml/jackson/core/jackson-core/2.10.3/jackson-core-2.10.3.jar:/home/user/.m2/repository/com/fasterxml/jackson/module/jackson-module-jaxb-annotations/2.10.3/jackson-module-jaxb-annotations-2.10.3.jar:/home/user/.m2/repository/jakarta/xml/bind/jakarta.xml.bind-api/2.3.2/jakarta.xml.bind-api-2.3.2.jar:/home/user/.m2/repository/jakarta/activation/jakarta.activation-api/1.2.1/jakarta.activation-api-1.2.1.jar:/home/user/.m2/repository/org/codehaus/woodstox/stax2-api/3.1.4/stax2-api-3.1.4.jar:/home/user/.m2/repository/com/fasterxml/woodstox/woodstox-core/5.0.3/woodstox-core-5.0.3.jar:/home/user/.m2/repository/javax/enterprise/cdi-api/1.2/cdi-api-1.2.jar:/home/user/.m2/repository/javax/el/javax.el-api/3.0.0/javax.el-api-3.0.0.jar:/home/user/.m2/repository/javax/interceptor/javax.interceptor-api/1.2/javax.interceptor-api-1.2.jar:/home/user/.m2/repository/javax/inject/javax.inject/1/javax.inject-1.jar:/home/user/.m2/repository/com/sun/xml/bind/jaxb-impl/2.3.0.1/jaxb-impl-2.3.0.1.jar:/home/user/.m2/repository/com/sun/xml/bind/jaxb-core/2.3.0.1/jaxb-core-2.3.0.1.jar:/home/user/.m2/repository/javax/xml/bind/jaxb-api/2.3.0/jaxb-api-2.3.0.jar:/home/user/.m2/repository/javax/activation/activation/1.1.1/activation-1.1.1.jar:/home/user/.m2/repository/org/apache/hadoop/hadoop-ozone-csi/0.6.0-SNAPSHOT/hadoop-ozone-csi-0.6.0-SNAPSHOT.jar:/home/user/.m2/repository/com/google/protobuf/protobuf-java-util/3.11.0/protobuf-java-util-3.11.0.jar:/home/user/.m2/repository/com/google/code/gson/gson/2.2.4/gson-2.2.4.jar:/home/user/.m2/repository/org/apache/hadoop/hadoop-hdds-config/0.6.0-SNAPSHOT/hadoop-hdds-config-0.6.0-SNAPSHOT.jar:/home/user/.m2/repository/com/google/protobuf/protobuf-java/2.5.0/protobuf-java-2.5.0.jar:/home/user/.m2/repository/io/grpc/grpc-netty/1.29.0/grpc-netty-1.29.0.jar:/home/user/.m2/repository/io/grpc/grpc-core/1.29.0/grpc-core-1.29.0.jar:/home/user/.m2/repository/com/google/android/annotations/4.1.1.4/annotations-4.1.1.4.jar:/home/user/.m2/repository/io/perfmark/perfmark-api/0.19.0/perfmark-api-0.19.0.jar:/home/user/.m2/repository/io/netty/netty-codec-http2/4.1.48.Final/netty-codec-http2-4.1.48.Final.jar:/home/user/.m2/repository/io/netty/netty-codec/4.1.48.Final/netty-codec-4.1.48.Final.jar:/home/user/.m2/repository/io/netty/netty-handler/4.1.48.Final/netty-handler-4.1.48.Final.jar:/home/user/.m2/repository/io/netty/netty-codec-http/4.1.48.Final/netty-codec-http-4.1.48.Final.jar:/home/user/.m2/repository/io/netty/netty-handler-proxy/4.1.48.Final/netty-handler-proxy-4.1.48.Final.jar:/home/user/.m2/repository/io/netty/netty-codec-socks/4.1.48.Final/netty-codec-socks-4.1.48.Final.jar:/home/user/.m2/repository/io/netty/netty-transport-native-epoll/4.1.48.Final/netty-transport-native-epoll-4.1.48.Final.jar:/home/user/.m2/repository/io/netty/netty-common/4.1.48.Final/netty-common-4.1.48.Final.jar:/home/user/.m2/repository/io/netty/netty-buffer/4.1.48.Final/netty-buffer-4.1.48.Final.jar:/home/user/.m2/repository/io/netty/netty-transport/4.1.48.Final/netty-transport-4.1.48.Final.jar:/home/user/.m2/repository/io/netty/netty-resolver/4.1.48.Final/netty-resolver-4.1.48.Final.jar:/home/user/.m2/repository/io/netty/netty-transport-native-unix-common/4.1.48.Final/netty-transport-native-unix-common-4.1.48.Final.jar:/home/user/.m2/repository/io/grpc/grpc-protobuf/1.29.0/grpc-protobuf-1.29.0.jar:/home/user/.m2/repository/io/grpc/grpc-api/1.29.0/grpc-api-1.29.0.jar:/home/user/.m2/repository/io/grpc/grpc-context/1.29.0/grpc-context-1.29.0.jar:/home/user/.m2/repository/org/codehaus/mojo/animal-sniffer-annotations/1.18/animal-sniffer-annotations-1.18.jar:/home/user/.m2/repository/com/google/api/grpc/proto-google-common-protos/1.17.0/proto-google-common-protos-1.17.0.jar:/home/user/.m2/repository/io/grpc/grpc-protobuf-lite/1.29.0/grpc-protobuf-lite-1.29.0.jar:/home/user/.m2/repository/io/grpc/grpc-stub/1.29.0/grpc-stub-1.29.0.jar:/home/user/.m2/repository/org/apache/hadoop/hadoop-ozone-recon/0.6.0-SNAPSHOT/hadoop-ozone-recon-0.6.0-SNAPSHOT.jar:/home/user/.m2/repository/org/apache/hadoop/hadoop-ozone-reconcodegen/0.6.0-SNAPSHOT/hadoop-ozone-reconcodegen-0.6.0-SNAPSHOT.jar:/home/user/.m2/repository/com/google/inject/extensions/guice-multibindings/4.0/guice-multibindings-4.0.jar:/home/user/.m2/repository/com/google/inject/guice/4.0/guice-4.0.jar:/home/user/.m2/repository/aopalliance/aopalliance/1.0/aopalliance-1.0.jar:/home/user/.m2/repository/com/google/inject/extensions/guice-assistedinject/4.0/guice-assistedinject-4.0.jar:/home/user/.m2/repository/com/google/inject/extensions/guice-servlet/4.0/guice-servlet-4.0.jar:/home/user/.m2/repository/org/glassfish/jersey/containers/jersey-container-servlet/2.27/jersey-container-servlet-2.27.jar:/home/user/.m2/repository/org/glassfish/hk2/guice-bridge/2.5.0/guice-bridge-2.5.0.jar:/home/user/.m2/repository/org/glassfish/jersey/core/jersey-server/2.27/jersey-server-2.27.jar:/home/user/.m2/repository/org/glassfish/jersey/core/jersey-client/2.27/jersey-client-2.27.jar:/home/user/.m2/repository/org/glassfish/jersey/media/jersey-media-jaxb/2.27/jersey-media-jaxb-2.27.jar:/home/user/.m2/repository/javax/validation/validation-api/1.1.0.Final/validation-api-1.1.0.Final.jar:/home/user/.m2/repository/org/glassfish/jersey/media/jersey-media-json-jackson/2.27/jersey-media-json-jackson-2.27.jar:/home/user/.m2/repository/org/glassfish/jersey/ext/jersey-entity-filtering/2.27/jersey-entity-filtering-2.27.jar:/home/user/.m2/repository/org/jooq/jooq/3.11.10/jooq-3.11.10.jar:/home/user/.m2/repository/org/jooq/jooq-meta/3.11.10/jooq-meta-3.11.10.jar:/home/user/.m2/repository/org/jooq/jooq-codegen/3.11.10/jooq-codegen-3.11.10.jar:/home/user/.m2/repository/com/jolbox/bonecp/0.8.0.RELEASE/bonecp-0.8.0.RELEASE.jar:/home/user/.m2/repository/org/apache/derby/derby/10.14.2.0/derby-10.14.2.0.jar:/home/user/.m2/repository/org/xerial/sqlite-jdbc/3.25.2/sqlite-jdbc-3.25.2.jar:/home/user/.m2/repository/org/springframework/spring-jdbc/5.2.5.RELEASE/spring-jdbc-5.2.5.RELEASE.jar:/home/user/.m2/repository/org/springframework/spring-beans/5.2.5.RELEASE/spring-beans-5.2.5.RELEASE.jar:/home/user/.m2/repository/org/springframework/spring-core/5.2.5.RELEASE/spring-core-5.2.5.RELEASE.jar:/home/user/.m2/repository/org/springframework/spring-jcl/5.2.5.RELEASE/spring-jcl-5.2.5.RELEASE.jar:/home/user/.m2/repository/org/springframework/spring-tx/5.2.5.RELEASE/spring-tx-5.2.5.RELEASE.jar:/home/user/.m2/repository/org/apache/hadoop/hadoop-ozone-client/0.6.0-SNAPSHOT/hadoop-ozone-client-0.6.0-SNAPSHOT.jar:/home/user/.m2/repository/org/apache/hadoop/hadoop-ozone-filesystem/0.6.0-SNAPSHOT/hadoop-ozone-filesystem-0.6.0-SNAPSHOT.jar:/home/user/.m2/repository/org/apache/hadoop/hadoop-ozone-filesystem-common/0.6.0-SNAPSHOT/hadoop-ozone-filesystem-common-0.6.0-SNAPSHOT.jar:/home/user/.m2/repository/org/apache/hadoop/hadoop-ozone-tools/0.6.0-SNAPSHOT/hadoop-ozone-tools-0.6.0-SNAPSHOT.jar:/home/user/.m2/repository/org/apache/hadoop/hadoop-hdfs/3.2.1/hadoop-hdfs-3.2.1.jar:/home/user/.m2/repository/org/apache/ratis/ratis-tools/1.0.0/ratis-tools-1.0.0.jar:/home/user/.m2/repository/org/apache/ratis/ratis-proto/1.0.0/ratis-proto-1.0.0.jar:/home/user/.m2/repository/org/apache/ratis/ratis-common/1.0.0/ratis-common-1.0.0.jar:/home/user/.m2/repository/com/amazonaws/aws-java-sdk-core/1.11.615/aws-java-sdk-core-1.11.615.jar:/home/user/.m2/repository/org/apache/httpcomponents/httpclient/4.5.2/httpclient-4.5.2.jar:/home/user/.m2/repository/org/apache/httpcomponents/httpcore/4.4.4/httpcore-4.4.4.jar:/home/user/.m2/repository/software/amazon/ion/ion-java/1.0.2/ion-java-1.0.2.jar:/home/user/.m2/repository/com/fasterxml/jackson/dataformat/jackson-dataformat-cbor/2.10.3/jackson-dataformat-cbor-2.10.3.jar:/home/user/.m2/repository/joda-time/joda-time/2.8.1/joda-time-2.8.1.jar:/home/user/.m2/repository/com/amazonaws/aws-java-sdk-s3/1.11.615/aws-java-sdk-s3-1.11.615.jar:/home/user/.m2/repository/com/amazonaws/aws-java-sdk-kms/1.11.615/aws-java-sdk-kms-1.11.615.jar:/home/user/.m2/repository/com/amazonaws/jmespath-java/1.11.615/jmespath-java-1.11.615.jar:/home/user/.m2/repository/org/apache/hadoop/hadoop-hdds-tools/0.6.0-SNAPSHOT/hadoop-hdds-tools-0.6.0-SNAPSHOT.jar:/home/user/.m2/repository/commons-cli/commons-cli/1.2/commons-cli-1.2.jar:/home/user/.m2/repository/org/apache/commons/commons-lang3/3.7/commons-lang3-3.7.jar:/home/user/.m2/repository/org/apache/hadoop/hadoop-ozone-ozone-manager/0.6.0-SNAPSHOT/hadoop-ozone-ozone-manager-0.6.0-SNAPSHOT-tests.jar:/home/user/.m2/repository/junit/junit/4.11/junit-4.11.jar:/home/user/.m2/repository/org/hamcrest/hamcrest-core/1.3/hamcrest-core-1.3.jar:/home/user/.m2/repository/org/openjdk/jmh/jmh-core/1.19/jmh-core-1.19.jar:/home/user/.m2/repository/net/sf/jopt-simple/jopt-simple/4.6/jopt-simple-4.6.jar:/home/user/.m2/repository/org/apache/commons/commons-math3/3.1.1/commons-math3-3.1.1.jar:/home/user/.m2/repository/org/openjdk/jmh/jmh-generator-annprocess/1.19/jmh-generator-annprocess-1.19.jar:/home/user/.m2/repository/org/mockito/mockito-all/1.8.5/mockito-all-1.8.5.jar:/home/user/.m2/repository/org/apache/hadoop/hadoop-kms/3.2.1/hadoop-kms-3.2.1.jar:/home/user/.m2/repository/org/apache/hadoop/hadoop-auth/3.2.1/hadoop-auth-3.2.1.jar:/home/user/.m2/repository/com/nimbusds/nimbus-jose-jwt/7.9/nimbus-jose-jwt-7.9.jar:/home/user/.m2/repository/com/github/stephenc/jcip/jcip-annotations/1.0-1/jcip-annotations-1.0-1.jar:/home/user/.m2/repository/net/minidev/json-smart/2.3/json-smart-2.3.jar:/home/user/.m2/repository/net/minidev/accessors-smart/1.2/accessors-smart-1.2.jar:/home/user/.m2/repository/org/ow2/asm/asm/5.0.4/asm-5.0.4.jar:/home/user/.m2/repository/org/apache/zookeeper/zookeeper/3.4.13/zookeeper-3.4.13.jar:/home/user/.m2/repository/org/apache/yetus/audience-annotations/0.5.0/audience-annotations-0.5.0.jar:/home/user/.m2/repository/org/apache/curator/curator-framework/2.13.0/curator-framework-2.13.0.jar:/home/user/.m2/repository/com/sun/jersey/jersey-core/1.19/jersey-core-1.19.jar:/home/user/.m2/repository/javax/ws/rs/jsr311-api/1.1.1/jsr311-api-1.1.1.jar:/home/user/.m2/repository/com/sun/jersey/jersey-server/1.19/jersey-server-1.19.jar:/home/user/.m2/repository/javax/servlet/javax.servlet-api/3.1.0/javax.servlet-api-3.1.0.jar:/home/user/.m2/repository/org/eclipse/jetty/jetty-server/9.4.26.v20200117/jetty-server-9.4.26.v20200117.jar:/home/user/.m2/repository/org/eclipse/jetty/jetty-http/9.4.26.v20200117/jetty-http-9.4.26.v20200117.jar:/home/user/.m2/repository/org/eclipse/jetty/jetty-io/9.4.26.v20200117/jetty-io-9.4.26.v20200117.jar:/home/user/.m2/repository/org/eclipse/jetty/jetty-webapp/9.4.26.v20200117/jetty-webapp-9.4.26.v20200117.jar:/home/user/.m2/repository/org/eclipse/jetty/jetty-xml/9.4.26.v20200117/jetty-xml-9.4.26.v20200117.jar:/home/user/.m2/repository/org/eclipse/jetty/jetty-servlet/9.4.26.v20200117/jetty-servlet-9.4.26.v20200117.jar:/home/user/.m2/repository/org/eclipse/jetty/jetty-security/9.4.26.v20200117/jetty-security-9.4.26.v20200117.jar:/home/user/.m2/repository/org/apache/hadoop/hadoop-common/3.2.1/hadoop-common-3.2.1.jar:/home/user/.m2/repository/commons-net/commons-net/3.6/commons-net-3.6.jar:/home/user/.m2/repository/commons-collections/commons-collections/3.2.2/commons-collections-3.2.2.jar:/home/user/.m2/repository/com/sun/jersey/jersey-servlet/1.19/jersey-servlet-1.19.jar:/home/user/.m2/repository/com/sun/jersey/jersey-json/1.19/jersey-json-1.19.jar:/home/user/.m2/repository/org/codehaus/jettison/jettison/1.1/jettison-1.1.jar:/home/user/.m2/repository/org/codehaus/jackson/jackson-jaxrs/1.9.2/jackson-jaxrs-1.9.2.jar:/home/user/.m2/repository/org/codehaus/jackson/jackson-xc/1.9.2/jackson-xc-1.9.2.jar:/home/user/.m2/repository/commons-beanutils/commons-beanutils/1.9.4/commons-beanutils-1.9.4.jar:/home/user/.m2/repository/org/apache/commons/commons-configuration2/2.1.1/commons-configuration2-2.1.1.jar:/home/user/.m2/repository/org/apache/commons/commons-text/1.4/commons-text-1.4.jar:/home/user/.m2/repository/com/google/re2j/re2j/1.1/re2j-1.1.jar:/home/user/.m2/repository/com/jcraft/jsch/0.1.54/jsch-0.1.54.jar:/home/user/.m2/repository/org/apache/curator/curator-client/2.13.0/curator-client-2.13.0.jar:/home/user/.m2/repository/org/apache/curator/curator-recipes/2.13.0/curator-recipes-2.13.0.jar:/home/user/.m2/repository/dnsjava/dnsjava/2.1.7/dnsjava-2.1.7.jar:/home/user/.m2/repository/org/slf4j/jul-to-slf4j/1.7.25/jul-to-slf4j-1.7.25.jar:/home/user/.m2/repository/org/eclipse/jetty/jetty-util/9.4.26.v20200117/jetty-util-9.4.26.v20200117.jar:/home/user/.m2/repository/com/fasterxml/jackson/core/jackson-databind/2.10.3/jackson-databind-2.10.3.jar:/home/user/.m2/repository/org/apache/hadoop/hadoop-kms/3.2.1/hadoop-kms-3.2.1-tests.jar:/home/user/.m2/repository/org/apache/hadoop/hadoop-hdds-server-scm/0.6.0-SNAPSHOT/hadoop-hdds-server-scm-0.6.0-SNAPSHOT-tests.jar:/home/user/.m2/repository/org/apache/hadoop/hadoop-hdds-container-service/0.6.0-SNAPSHOT/hadoop-hdds-container-service-0.6.0-SNAPSHOT-tests.jar:/home/user/.m2/repository/org/apache/hadoop/hadoop-hdds-common/0.6.0-SNAPSHOT/hadoop-hdds-common-0.6.0-SNAPSHOT-tests.jar:/home/user/.m2/repository/org/yaml/snakeyaml/1.16/snakeyaml-1.16.jar:/home/user/.m2/repository/org/apache/hadoop/hadoop-hdds-hadoop-dependency-test/0.6.0-SNAPSHOT/hadoop-hdds-hadoop-dependency-test-0.6.0-SNAPSHOT.jar:/home/user/.m2/repository/org/apache/hadoop/hadoop-common/3.2.1/hadoop-common-3.2.1-tests.jar:/home/user/.m2/repository/javax/servlet/jsp/jsp-api/2.1/jsp-api-2.1.jar:/home/user/.m2/repository/org/apache/hadoop/hadoop-hdfs/3.2.1/hadoop-hdfs-3.2.1-tests.jar:/home/user/.m2/repository/org/eclipse/jetty/jetty-util-ajax/9.4.26.v20200117/jetty-util-ajax-9.4.26.v20200117.jar:/home/user/.m2/repository/commons-codec/commons-codec/1.11/commons-codec-1.11.jar:/home/user/.m2/repository/commons-daemon/commons-daemon/1.0.13/commons-daemon-1.0.13.jar:/home/user/.m2/repository/io/netty/netty/3.10.5.Final/netty-3.10.5.Final.jar:/home/user/.m2/repository/io/netty/netty-all/4.1.48.Final/netty-all-4.1.48.Final.jar:/home/user/.m2/repository/org/apache/htrace/htrace-core4/4.1.0-incubating/htrace-core4-4.1.0-incubating.jar:/home/user/.m2/repository/org/fusesource/leveldbjni/leveldbjni-all/1.8/leveldbjni-all-1.8.jar:/home/user/.m2/repository/org/apache/hadoop/hadoop-distcp/3.2.1/hadoop-distcp-3.2.1.jar:/home/user/.m2/repository/org/apache/hadoop/hadoop-mapreduce-client-jobclient/3.2.1/hadoop-mapreduce-client-jobclient-3.2.1.jar:/home/user/.m2/repository/org/apache/hadoop/hadoop-mapreduce-client-common/3.2.1/hadoop-mapreduce-client-common-3.2.1.jar:/home/user/.m2/repository/org/apache/hadoop/hadoop-yarn-common/3.2.1/hadoop-yarn-common-3.2.1.jar:/home/user/.m2/repository/org/apache/hadoop/hadoop-yarn-api/3.2.1/hadoop-yarn-api-3.2.1.jar:/home/user/.m2/repository/com/sun/jersey/jersey-client/1.19/jersey-client-1.19.jar:/home/user/.m2/repository/com/sun/jersey/contribs/jersey-guice/1.19/jersey-guice-1.19.jar:/home/user/.m2/repository/com/fasterxml/jackson/jaxrs/jackson-jaxrs-json-provider/2.10.3/jackson-jaxrs-json-provider-2.10.3.jar:/home/user/.m2/repository/com/fasterxml/jackson/jaxrs/jackson-jaxrs-base/2.10.3/jackson-jaxrs-base-2.10.3.jar:/home/user/.m2/repository/org/apache/hadoop/hadoop-yarn-client/3.2.1/hadoop-yarn-client-3.2.1.jar:/home/user/.m2/repository/org/apache/hadoop/hadoop-mapreduce-client-core/3.2.1/hadoop-mapreduce-client-core-3.2.1.jar:/home/user/.m2/repository/org/apache/avro/avro/1.7.7/avro-1.7.7.jar:/home/user/.m2/repository/org/codehaus/jackson/jackson-core-asl/1.9.13/jackson-core-asl-1.9.13.jar:/home/user/.m2/repository/org/codehaus/jackson/jackson-mapper-asl/1.9.13/jackson-mapper-asl-1.9.13.jar:/home/user/.m2/repository/com/thoughtworks/paranamer/paranamer/2.3/paranamer-2.3.jar:/home/user/.m2/repository/org/xerial/snappy/snappy-java/1.0.5/snappy-java-1.0.5.jar:/home/user/.m2/repository/org/apache/hadoop/hadoop-annotations/3.2.1/hadoop-annotations-3.2.1.jar:/usr/lib/jvm/java-1.8.0-openjdk-1.8.0.232.b09-0.el7_7.x86_64/jre/../lib/tools.jar:/home/user/.m2/repository/org/apache/hadoop/hadoop-distcp/3.2.1/hadoop-distcp-3.2.1-tests.jar:"/>
    <property name="java.vm.vendor" value="Oracle Corporation"/>
    <property name="sun.arch.data.model" value="64"/>
    <property name="test.build.dir" value="/github/workspace/mnt/ozone/hadoop-ozone/integration-test/target/test-dir"/>
    <property name="test.cache.data" value=""/>
    <property name="java.vendor.url" value="http://java.oracle.com/"/>
    <property name="user.timezone" value=""/>
    <property name="java.vm.specification.version" value="1.8"/>
    <property name="os.name" value="Linux"/>
    <property name="test.build.data" value="/github/workspace/mnt/ozone/hadoop-ozone/integration-test/target/test-dir"/>
    <property name="user.country" value="US"/>
    <property name="sun.java.launcher" value="SUN_STANDARD"/>
    <property name="sun.boot.library.path" value="/usr/lib/jvm/java-1.8.0-openjdk-1.8.0.232.b09-0.el7_7.x86_64/jre/lib/amd64"/>
    <property name="sun.java.command" value="/github/workspace/mnt/ozone/hadoop-ozone/integration-test/target/surefire/surefirebooter3072192859470478152.jar /github/workspace/mnt/ozone/hadoop-ozone/integration-test/target/surefire 2020-08-03T16-33-37_196-jvmRun1 surefire122842148340092188tmp surefire_215551826197672349180tmp"/>
    <property name="surefire.test.class.path" value="/github/workspace/mnt/ozone/hadoop-ozone/integration-test/target/test-classes:/github/workspace/mnt/ozone/hadoop-ozone/integration-test/target/classes:/home/user/.m2/repository/org/apache/hadoop/hadoop-ozone-common/0.6.0-SNAPSHOT/hadoop-ozone-common-0.6.0-SNAPSHOT.jar:/home/user/.m2/repository/org/apache/commons/commons-compress/1.4.1/commons-compress-1.4.1.jar:/home/user/.m2/repository/org/tukaani/xz/1.0/xz-1.0.jar:/home/user/.m2/repository/org/apache/hadoop/hadoop-hdds-common/0.6.0-SNAPSHOT/hadoop-hdds-common-0.6.0-SNAPSHOT.jar:/home/user/.m2/repository/org/apache/hadoop/hadoop-hdds-hadoop-dependency-client/0.6.0-SNAPSHOT/hadoop-hdds-hadoop-dependency-client-0.6.0-SNAPSHOT.jar:/home/user/.m2/repository/info/picocli/picocli/3.9.6/picocli-3.9.6.jar:/home/user/.m2/repository/com/fasterxml/jackson/core/jackson-annotations/2.10.3/jackson-annotations-2.10.3.jar:/home/user/.m2/repository/javax/annotation/javax.annotation-api/1.2/javax.annotation-api-1.2.jar:/home/user/.m2/repository/org/apache/ratis/ratis-server/1.0.0/ratis-server-1.0.0.jar:/home/user/.m2/repository/org/apache/ratis/ratis-client/1.0.0/ratis-client-1.0.0.jar:/home/user/.m2/repository/org/apache/ratis/ratis-metrics/1.0.0/ratis-metrics-1.0.0.jar:/home/user/.m2/repository/org/apache/ratis/ratis-netty/1.0.0/ratis-netty-1.0.0.jar:/home/user/.m2/repository/org/apache/ratis/ratis-grpc/1.0.0/ratis-grpc-1.0.0.jar:/home/user/.m2/repository/org/apache/logging/log4j/log4j-api/2.11.0/log4j-api-2.11.0.jar:/home/user/.m2/repository/org/apache/logging/log4j/log4j-core/2.11.0/log4j-core-2.11.0.jar:/home/user/.m2/repository/com/lmax/disruptor/3.4.2/disruptor-3.4.2.jar:/home/user/.m2/repository/org/apache/commons/commons-pool2/2.6.0/commons-pool2-2.6.0.jar:/home/user/.m2/repository/org/bouncycastle/bcpkix-jdk15on/1.60/bcpkix-jdk15on-1.60.jar:/home/user/.m2/repository/commons-validator/commons-validator/1.6/commons-validator-1.6.jar:/home/user/.m2/repository/commons-digester/commons-digester/1.8.1/commons-digester-1.8.1.jar:/home/user/.m2/repository/io/jaegertracing/jaeger-client/1.2.0/jaeger-client-1.2.0.jar:/home/user/.m2/repository/io/jaegertracing/jaeger-thrift/1.2.0/jaeger-thrift-1.2.0.jar:/home/user/.m2/repository/org/apache/thrift/libthrift/0.13.0/libthrift-0.13.0.jar:/home/user/.m2/repository/com/squareup/okhttp3/okhttp/4.2.2/okhttp-4.2.2.jar:/home/user/.m2/repository/com/squareup/okio/okio/2.2.2/okio-2.2.2.jar:/home/user/.m2/repository/org/jetbrains/kotlin/kotlin-stdlib/1.3.50/kotlin-stdlib-1.3.50.jar:/home/user/.m2/repository/org/jetbrains/kotlin/kotlin-stdlib-common/1.3.50/kotlin-stdlib-common-1.3.50.jar:/home/user/.m2/repository/org/jetbrains/annotations/13.0/annotations-13.0.jar:/home/user/.m2/repository/io/jaegertracing/jaeger-core/1.2.0/jaeger-core-1.2.0.jar:/home/user/.m2/repository/io/jaegertracing/jaeger-tracerresolver/1.2.0/jaeger-tracerresolver-1.2.0.jar:/home/user/.m2/repository/io/opentracing/contrib/opentracing-tracerresolver/0.1.8/opentracing-tracerresolver-0.1.8.jar:/home/user/.m2/repository/io/opentracing/opentracing-util/0.33.0/opentracing-util-0.33.0.jar:/home/user/.m2/repository/io/opentracing/opentracing-api/0.33.0/opentracing-api-0.33.0.jar:/home/user/.m2/repository/io/opentracing/opentracing-noop/0.33.0/opentracing-noop-0.33.0.jar:/home/user/.m2/repository/org/apache/hadoop/hadoop-hdds-client/0.6.0-SNAPSHOT/hadoop-hdds-client-0.6.0-SNAPSHOT.jar:/home/user/.m2/repository/org/apache/hadoop/hadoop-ozone-interface-client/0.6.0-SNAPSHOT/hadoop-ozone-interface-client-0.6.0-SNAPSHOT.jar:/home/user/.m2/repository/org/apache/hadoop/hadoop-hdds-test-utils/0.6.0-SNAPSHOT/hadoop-hdds-test-utils-0.6.0-SNAPSHOT.jar:/home/user/.m2/repository/com/google/guava/guava/28.2-jre/guava-28.2-jre.jar:/home/user/.m2/repository/com/google/guava/failureaccess/1.0.1/failureaccess-1.0.1.jar:/home/user/.m2/repository/com/google/guava/listenablefuture/9999.0-empty-to-avoid-conflict-with-guava/listenablefuture-9999.0-empty-to-avoid-conflict-with-guava.jar:/home/user/.m2/repository/com/google/code/findbugs/jsr305/3.0.0/jsr305-3.0.0.jar:/home/user/.m2/repository/org/checkerframework/checker-qual/2.10.0/checker-qual-2.10.0.jar:/home/user/.m2/repository/com/google/errorprone/error_prone_annotations/2.2.0/error_prone_annotations-2.2.0.jar:/home/user/.m2/repository/com/google/j2objc/j2objc-annotations/1.3/j2objc-annotations-1.3.jar:/home/user/.m2/repository/commons-io/commons-io/2.5/commons-io-2.5.jar:/home/user/.m2/repository/commons-logging/commons-logging/1.2/commons-logging-1.2.jar:/home/user/.m2/repository/log4j/log4j/1.2.17/log4j-1.2.17.jar:/home/user/.m2/repository/org/slf4j/slf4j-api/1.7.25/slf4j-api-1.7.25.jar:/home/user/.m2/repository/org/apache/hadoop/hadoop-hdds-server-scm/0.6.0-SNAPSHOT/hadoop-hdds-server-scm-0.6.0-SNAPSHOT.jar:/home/user/.m2/repository/org/apache/hadoop/hadoop-hdds-container-service/0.6.0-SNAPSHOT/hadoop-hdds-container-service-0.6.0-SNAPSHOT.jar:/home/user/.m2/repository/org/apache/hadoop/hadoop-hdds-hadoop-dependency-server/0.6.0-SNAPSHOT/hadoop-hdds-hadoop-dependency-server-0.6.0-SNAPSHOT.jar:/home/user/.m2/repository/org/apache/hadoop/hadoop-hdds-server-framework/0.6.0-SNAPSHOT/hadoop-hdds-server-framework-0.6.0-SNAPSHOT.jar:/home/user/.m2/repository/org/apache/hadoop/hadoop-hdds-interface-server/0.6.0-SNAPSHOT/hadoop-hdds-interface-server-0.6.0-SNAPSHOT.jar:/home/user/.m2/repository/org/apache/hadoop/hadoop-hdds-interface-admin/0.6.0-SNAPSHOT/hadoop-hdds-interface-admin-0.6.0-SNAPSHOT.jar:/home/user/.m2/repository/org/rocksdb/rocksdbjni/6.8.1/rocksdbjni-6.8.1.jar:/home/user/.m2/repository/io/prometheus/simpleclient_dropwizard/0.7.0/simpleclient_dropwizard-0.7.0.jar:/home/user/.m2/repository/io/prometheus/simpleclient/0.7.0/simpleclient-0.7.0.jar:/home/user/.m2/repository/io/prometheus/simpleclient_common/0.7.0/simpleclient_common-0.7.0.jar:/home/user/.m2/repository/com/fasterxml/jackson/datatype/jackson-datatype-jsr310/2.10.3/jackson-datatype-jsr310-2.10.3.jar:/home/user/.m2/repository/org/apache/hadoop/hadoop-hdds-docs/0.6.0-SNAPSHOT/hadoop-hdds-docs-0.6.0-SNAPSHOT.jar:/home/user/.m2/repository/io/dropwizard/metrics/metrics-core/3.2.4/metrics-core-3.2.4.jar:/home/user/.m2/repository/org/apache/hadoop/hadoop-hdfs-client/3.2.1/hadoop-hdfs-client-3.2.1.jar:/home/user/.m2/repository/org/bouncycastle/bcprov-jdk15on/1.60/bcprov-jdk15on-1.60.jar:/home/user/.m2/repository/org/apache/hadoop/hadoop-ozone-ozone-manager/0.6.0-SNAPSHOT/hadoop-ozone-ozone-manager-0.6.0-SNAPSHOT.jar:/home/user/.m2/repository/org/apache/hadoop/hadoop-hdds-interface-client/0.6.0-SNAPSHOT/hadoop-hdds-interface-client-0.6.0-SNAPSHOT.jar:/home/user/.m2/repository/org/apache/ratis/ratis-thirdparty-misc/0.5.0/ratis-thirdparty-misc-0.5.0.jar:/home/user/.m2/repository/org/apache/hadoop/hadoop-minikdc/3.2.1/hadoop-minikdc-3.2.1.jar:/home/user/.m2/repository/org/apache/kerby/kerb-simplekdc/1.0.1/kerb-simplekdc-1.0.1.jar:/home/user/.m2/repository/org/apache/kerby/kerb-client/1.0.1/kerb-client-1.0.1.jar:/home/user/.m2/repository/org/apache/kerby/kerby-config/1.0.1/kerby-config-1.0.1.jar:/home/user/.m2/repository/org/apache/kerby/kerb-core/1.0.1/kerb-core-1.0.1.jar:/home/user/.m2/repository/org/apache/kerby/kerby-pkix/1.0.1/kerby-pkix-1.0.1.jar:/home/user/.m2/repository/org/apache/kerby/kerby-asn1/1.0.1/kerby-asn1-1.0.1.jar:/home/user/.m2/repository/org/apache/kerby/kerby-util/1.0.1/kerby-util-1.0.1.jar:/home/user/.m2/repository/org/apache/kerby/kerb-common/1.0.1/kerb-common-1.0.1.jar:/home/user/.m2/repository/org/apache/kerby/kerb-crypto/1.0.1/kerb-crypto-1.0.1.jar:/home/user/.m2/repository/org/apache/kerby/kerb-util/1.0.1/kerb-util-1.0.1.jar:/home/user/.m2/repository/org/apache/kerby/token-provider/1.0.1/token-provider-1.0.1.jar:/home/user/.m2/repository/org/apache/kerby/kerb-admin/1.0.1/kerb-admin-1.0.1.jar:/home/user/.m2/repository/org/apache/kerby/kerb-server/1.0.1/kerb-server-1.0.1.jar:/home/user/.m2/repository/org/apache/kerby/kerb-identity/1.0.1/kerb-identity-1.0.1.jar:/home/user/.m2/repository/org/apache/kerby/kerby-xdr/1.0.1/kerby-xdr-1.0.1.jar:/home/user/.m2/repository/org/slf4j/slf4j-log4j12/1.7.25/slf4j-log4j12-1.7.25.jar:/home/user/.m2/repository/org/apache/hadoop/hadoop-ozone-s3gateway/0.6.0-SNAPSHOT/hadoop-ozone-s3gateway-0.6.0-SNAPSHOT.jar:/home/user/.m2/repository/org/jboss/weld/servlet/weld-servlet/2.4.7.Final/weld-servlet-2.4.7.Final.jar:/home/user/.m2/repository/org/glassfish/jersey/containers/jersey-container-servlet-core/2.27/jersey-container-servlet-core-2.27.jar:/home/user/.m2/repository/org/glassfish/hk2/external/javax.inject/2.5.0-b42/javax.inject-2.5.0-b42.jar:/home/user/.m2/repository/org/glassfish/jersey/core/jersey-common/2.27/jersey-common-2.27.jar:/home/user/.m2/repository/org/glassfish/hk2/osgi-resource-locator/1.0.1/osgi-resource-locator-1.0.1.jar:/home/user/.m2/repository/javax/ws/rs/javax.ws.rs-api/2.1/javax.ws.rs-api-2.1.jar:/home/user/.m2/repository/org/glassfish/jersey/ext/cdi/jersey-cdi1x/2.27/jersey-cdi1x-2.27.jar:/home/user/.m2/repository/org/glassfish/jersey/inject/jersey-hk2/2.27/jersey-hk2-2.27.jar:/home/user/.m2/repository/org/glassfish/hk2/hk2-locator/2.5.0-b42/hk2-locator-2.5.0-b42.jar:/home/user/.m2/repository/org/javassist/javassist/3.22.0-CR2/javassist-3.22.0-CR2.jar:/home/user/.m2/repository/org/glassfish/hk2/hk2-api/2.5.0/hk2-api-2.5.0.jar:/home/user/.m2/repository/org/glassfish/hk2/external/jakarta.inject/2.5.0/jakarta.inject-2.5.0.jar:/home/user/.m2/repository/org/glassfish/hk2/hk2-utils/2.5.0/hk2-utils-2.5.0.jar:/home/user/.m2/repository/jakarta/annotation/jakarta.annotation-api/1.3.4/jakarta.annotation-api-1.3.4.jar:/home/user/.m2/repository/org/glassfish/hk2/external/aopalliance-repackaged/2.5.0/aopalliance-repackaged-2.5.0.jar:/home/user/.m2/repository/com/fasterxml/jackson/dataformat/jackson-dataformat-xml/2.10.3/jackson-dataformat-xml-2.10.3.jar:/home/user/.m2/repository/com/fasterxml/jackson/core/jackson-core/2.10.3/jackson-core-2.10.3.jar:/home/user/.m2/repository/com/fasterxml/jackson/module/jackson-module-jaxb-annotations/2.10.3/jackson-module-jaxb-annotations-2.10.3.jar:/home/user/.m2/repository/jakarta/xml/bind/jakarta.xml.bind-api/2.3.2/jakarta.xml.bind-api-2.3.2.jar:/home/user/.m2/repository/jakarta/activation/jakarta.activation-api/1.2.1/jakarta.activation-api-1.2.1.jar:/home/user/.m2/repository/org/codehaus/woodstox/stax2-api/3.1.4/stax2-api-3.1.4.jar:/home/user/.m2/repository/com/fasterxml/woodstox/woodstox-core/5.0.3/woodstox-core-5.0.3.jar:/home/user/.m2/repository/javax/enterprise/cdi-api/1.2/cdi-api-1.2.jar:/home/user/.m2/repository/javax/el/javax.el-api/3.0.0/javax.el-api-3.0.0.jar:/home/user/.m2/repository/javax/interceptor/javax.interceptor-api/1.2/javax.interceptor-api-1.2.jar:/home/user/.m2/repository/javax/inject/javax.inject/1/javax.inject-1.jar:/home/user/.m2/repository/com/sun/xml/bind/jaxb-impl/2.3.0.1/jaxb-impl-2.3.0.1.jar:/home/user/.m2/repository/com/sun/xml/bind/jaxb-core/2.3.0.1/jaxb-core-2.3.0.1.jar:/home/user/.m2/repository/javax/xml/bind/jaxb-api/2.3.0/jaxb-api-2.3.0.jar:/home/user/.m2/repository/javax/activation/activation/1.1.1/activation-1.1.1.jar:/home/user/.m2/repository/org/apache/hadoop/hadoop-ozone-csi/0.6.0-SNAPSHOT/hadoop-ozone-csi-0.6.0-SNAPSHOT.jar:/home/user/.m2/repository/com/google/protobuf/protobuf-java-util/3.11.0/protobuf-java-util-3.11.0.jar:/home/user/.m2/repository/com/google/code/gson/gson/2.2.4/gson-2.2.4.jar:/home/user/.m2/repository/org/apache/hadoop/hadoop-hdds-config/0.6.0-SNAPSHOT/hadoop-hdds-config-0.6.0-SNAPSHOT.jar:/home/user/.m2/repository/com/google/protobuf/protobuf-java/2.5.0/protobuf-java-2.5.0.jar:/home/user/.m2/repository/io/grpc/grpc-netty/1.29.0/grpc-netty-1.29.0.jar:/home/user/.m2/repository/io/grpc/grpc-core/1.29.0/grpc-core-1.29.0.jar:/home/user/.m2/repository/com/google/android/annotations/4.1.1.4/annotations-4.1.1.4.jar:/home/user/.m2/repository/io/perfmark/perfmark-api/0.19.0/perfmark-api-0.19.0.jar:/home/user/.m2/repository/io/netty/netty-codec-http2/4.1.48.Final/netty-codec-http2-4.1.48.Final.jar:/home/user/.m2/repository/io/netty/netty-codec/4.1.48.Final/netty-codec-4.1.48.Final.jar:/home/user/.m2/repository/io/netty/netty-handler/4.1.48.Final/netty-handler-4.1.48.Final.jar:/home/user/.m2/repository/io/netty/netty-codec-http/4.1.48.Final/netty-codec-http-4.1.48.Final.jar:/home/user/.m2/repository/io/netty/netty-handler-proxy/4.1.48.Final/netty-handler-proxy-4.1.48.Final.jar:/home/user/.m2/repository/io/netty/netty-codec-socks/4.1.48.Final/netty-codec-socks-4.1.48.Final.jar:/home/user/.m2/repository/io/netty/netty-transport-native-epoll/4.1.48.Final/netty-transport-native-epoll-4.1.48.Final.jar:/home/user/.m2/repository/io/netty/netty-common/4.1.48.Final/netty-common-4.1.48.Final.jar:/home/user/.m2/repository/io/netty/netty-buffer/4.1.48.Final/netty-buffer-4.1.48.Final.jar:/home/user/.m2/repository/io/netty/netty-transport/4.1.48.Final/netty-transport-4.1.48.Final.jar:/home/user/.m2/repository/io/netty/netty-resolver/4.1.48.Final/netty-resolver-4.1.48.Final.jar:/home/user/.m2/repository/io/netty/netty-transport-native-unix-common/4.1.48.Final/netty-transport-native-unix-common-4.1.48.Final.jar:/home/user/.m2/repository/io/grpc/grpc-protobuf/1.29.0/grpc-protobuf-1.29.0.jar:/home/user/.m2/repository/io/grpc/grpc-api/1.29.0/grpc-api-1.29.0.jar:/home/user/.m2/repository/io/grpc/grpc-context/1.29.0/grpc-context-1.29.0.jar:/home/user/.m2/repository/org/codehaus/mojo/animal-sniffer-annotations/1.18/animal-sniffer-annotations-1.18.jar:/home/user/.m2/repository/com/google/api/grpc/proto-google-common-protos/1.17.0/proto-google-common-protos-1.17.0.jar:/home/user/.m2/repository/io/grpc/grpc-protobuf-lite/1.29.0/grpc-protobuf-lite-1.29.0.jar:/home/user/.m2/repository/io/grpc/grpc-stub/1.29.0/grpc-stub-1.29.0.jar:/home/user/.m2/repository/org/apache/hadoop/hadoop-ozone-recon/0.6.0-SNAPSHOT/hadoop-ozone-recon-0.6.0-SNAPSHOT.jar:/home/user/.m2/repository/org/apache/hadoop/hadoop-ozone-reconcodegen/0.6.0-SNAPSHOT/hadoop-ozone-reconcodegen-0.6.0-SNAPSHOT.jar:/home/user/.m2/repository/com/google/inject/extensions/guice-multibindings/4.0/guice-multibindings-4.0.jar:/home/user/.m2/repository/com/google/inject/guice/4.0/guice-4.0.jar:/home/user/.m2/repository/aopalliance/aopalliance/1.0/aopalliance-1.0.jar:/home/user/.m2/repository/com/google/inject/extensions/guice-assistedinject/4.0/guice-assistedinject-4.0.jar:/home/user/.m2/repository/com/google/inject/extensions/guice-servlet/4.0/guice-servlet-4.0.jar:/home/user/.m2/repository/org/glassfish/jersey/containers/jersey-container-servlet/2.27/jersey-container-servlet-2.27.jar:/home/user/.m2/repository/org/glassfish/hk2/guice-bridge/2.5.0/guice-bridge-2.5.0.jar:/home/user/.m2/repository/org/glassfish/jersey/core/jersey-server/2.27/jersey-server-2.27.jar:/home/user/.m2/repository/org/glassfish/jersey/core/jersey-client/2.27/jersey-client-2.27.jar:/home/user/.m2/repository/org/glassfish/jersey/media/jersey-media-jaxb/2.27/jersey-media-jaxb-2.27.jar:/home/user/.m2/repository/javax/validation/validation-api/1.1.0.Final/validation-api-1.1.0.Final.jar:/home/user/.m2/repository/org/glassfish/jersey/media/jersey-media-json-jackson/2.27/jersey-media-json-jackson-2.27.jar:/home/user/.m2/repository/org/glassfish/jersey/ext/jersey-entity-filtering/2.27/jersey-entity-filtering-2.27.jar:/home/user/.m2/repository/org/jooq/jooq/3.11.10/jooq-3.11.10.jar:/home/user/.m2/repository/org/jooq/jooq-meta/3.11.10/jooq-meta-3.11.10.jar:/home/user/.m2/repository/org/jooq/jooq-codegen/3.11.10/jooq-codegen-3.11.10.jar:/home/user/.m2/repository/com/jolbox/bonecp/0.8.0.RELEASE/bonecp-0.8.0.RELEASE.jar:/home/user/.m2/repository/org/apache/derby/derby/10.14.2.0/derby-10.14.2.0.jar:/home/user/.m2/repository/org/xerial/sqlite-jdbc/3.25.2/sqlite-jdbc-3.25.2.jar:/home/user/.m2/repository/org/springframework/spring-jdbc/5.2.5.RELEASE/spring-jdbc-5.2.5.RELEASE.jar:/home/user/.m2/repository/org/springframework/spring-beans/5.2.5.RELEASE/spring-beans-5.2.5.RELEASE.jar:/home/user/.m2/repository/org/springframework/spring-core/5.2.5.RELEASE/spring-core-5.2.5.RELEASE.jar:/home/user/.m2/repository/org/springframework/spring-jcl/5.2.5.RELEASE/spring-jcl-5.2.5.RELEASE.jar:/home/user/.m2/repository/org/springframework/spring-tx/5.2.5.RELEASE/spring-tx-5.2.5.RELEASE.jar:/home/user/.m2/repository/org/apache/hadoop/hadoop-ozone-client/0.6.0-SNAPSHOT/hadoop-ozone-client-0.6.0-SNAPSHOT.jar:/home/user/.m2/repository/org/apache/hadoop/hadoop-ozone-filesystem/0.6.0-SNAPSHOT/hadoop-ozone-filesystem-0.6.0-SNAPSHOT.jar:/home/user/.m2/repository/org/apache/hadoop/hadoop-ozone-filesystem-common/0.6.0-SNAPSHOT/hadoop-ozone-filesystem-common-0.6.0-SNAPSHOT.jar:/home/user/.m2/repository/org/apache/hadoop/hadoop-ozone-tools/0.6.0-SNAPSHOT/hadoop-ozone-tools-0.6.0-SNAPSHOT.jar:/home/user/.m2/repository/org/apache/hadoop/hadoop-hdfs/3.2.1/hadoop-hdfs-3.2.1.jar:/home/user/.m2/repository/org/apache/ratis/ratis-tools/1.0.0/ratis-tools-1.0.0.jar:/home/user/.m2/repository/org/apache/ratis/ratis-proto/1.0.0/ratis-proto-1.0.0.jar:/home/user/.m2/repository/org/apache/ratis/ratis-common/1.0.0/ratis-common-1.0.0.jar:/home/user/.m2/repository/com/amazonaws/aws-java-sdk-core/1.11.615/aws-java-sdk-core-1.11.615.jar:/home/user/.m2/repository/org/apache/httpcomponents/httpclient/4.5.2/httpclient-4.5.2.jar:/home/user/.m2/repository/org/apache/httpcomponents/httpcore/4.4.4/httpcore-4.4.4.jar:/home/user/.m2/repository/software/amazon/ion/ion-java/1.0.2/ion-java-1.0.2.jar:/home/user/.m2/repository/com/fasterxml/jackson/dataformat/jackson-dataformat-cbor/2.10.3/jackson-dataformat-cbor-2.10.3.jar:/home/user/.m2/repository/joda-time/joda-time/2.8.1/joda-time-2.8.1.jar:/home/user/.m2/repository/com/amazonaws/aws-java-sdk-s3/1.11.615/aws-java-sdk-s3-1.11.615.jar:/home/user/.m2/repository/com/amazonaws/aws-java-sdk-kms/1.11.615/aws-java-sdk-kms-1.11.615.jar:/home/user/.m2/repository/com/amazonaws/jmespath-java/1.11.615/jmespath-java-1.11.615.jar:/home/user/.m2/repository/org/apache/hadoop/hadoop-hdds-tools/0.6.0-SNAPSHOT/hadoop-hdds-tools-0.6.0-SNAPSHOT.jar:/home/user/.m2/repository/commons-cli/commons-cli/1.2/commons-cli-1.2.jar:/home/user/.m2/repository/org/apache/commons/commons-lang3/3.7/commons-lang3-3.7.jar:/home/user/.m2/repository/org/apache/hadoop/hadoop-ozone-ozone-manager/0.6.0-SNAPSHOT/hadoop-ozone-ozone-manager-0.6.0-SNAPSHOT-tests.jar:/home/user/.m2/repository/junit/junit/4.11/junit-4.11.jar:/home/user/.m2/repository/org/hamcrest/hamcrest-core/1.3/hamcrest-core-1.3.jar:/home/user/.m2/repository/org/openjdk/jmh/jmh-core/1.19/jmh-core-1.19.jar:/home/user/.m2/repository/net/sf/jopt-simple/jopt-simple/4.6/jopt-simple-4.6.jar:/home/user/.m2/repository/org/apache/commons/commons-math3/3.1.1/commons-math3-3.1.1.jar:/home/user/.m2/repository/org/openjdk/jmh/jmh-generator-annprocess/1.19/jmh-generator-annprocess-1.19.jar:/home/user/.m2/repository/org/mockito/mockito-all/1.8.5/mockito-all-1.8.5.jar:/home/user/.m2/repository/org/apache/hadoop/hadoop-kms/3.2.1/hadoop-kms-3.2.1.jar:/home/user/.m2/repository/org/apache/hadoop/hadoop-auth/3.2.1/hadoop-auth-3.2.1.jar:/home/user/.m2/repository/com/nimbusds/nimbus-jose-jwt/7.9/nimbus-jose-jwt-7.9.jar:/home/user/.m2/repository/com/github/stephenc/jcip/jcip-annotations/1.0-1/jcip-annotations-1.0-1.jar:/home/user/.m2/repository/net/minidev/json-smart/2.3/json-smart-2.3.jar:/home/user/.m2/repository/net/minidev/accessors-smart/1.2/accessors-smart-1.2.jar:/home/user/.m2/repository/org/ow2/asm/asm/5.0.4/asm-5.0.4.jar:/home/user/.m2/repository/org/apache/zookeeper/zookeeper/3.4.13/zookeeper-3.4.13.jar:/home/user/.m2/repository/org/apache/yetus/audience-annotations/0.5.0/audience-annotations-0.5.0.jar:/home/user/.m2/repository/org/apache/curator/curator-framework/2.13.0/curator-framework-2.13.0.jar:/home/user/.m2/repository/com/sun/jersey/jersey-core/1.19/jersey-core-1.19.jar:/home/user/.m2/repository/javax/ws/rs/jsr311-api/1.1.1/jsr311-api-1.1.1.jar:/home/user/.m2/repository/com/sun/jersey/jersey-server/1.19/jersey-server-1.19.jar:/home/user/.m2/repository/javax/servlet/javax.servlet-api/3.1.0/javax.servlet-api-3.1.0.jar:/home/user/.m2/repository/org/eclipse/jetty/jetty-server/9.4.26.v20200117/jetty-server-9.4.26.v20200117.jar:/home/user/.m2/repository/org/eclipse/jetty/jetty-http/9.4.26.v20200117/jetty-http-9.4.26.v20200117.jar:/home/user/.m2/repository/org/eclipse/jetty/jetty-io/9.4.26.v20200117/jetty-io-9.4.26.v20200117.jar:/home/user/.m2/repository/org/eclipse/jetty/jetty-webapp/9.4.26.v20200117/jetty-webapp-9.4.26.v20200117.jar:/home/user/.m2/repository/org/eclipse/jetty/jetty-xml/9.4.26.v20200117/jetty-xml-9.4.26.v20200117.jar:/home/user/.m2/repository/org/eclipse/jetty/jetty-servlet/9.4.26.v20200117/jetty-servlet-9.4.26.v20200117.jar:/home/user/.m2/repository/org/eclipse/jetty/jetty-security/9.4.26.v20200117/jetty-security-9.4.26.v20200117.jar:/home/user/.m2/repository/org/apache/hadoop/hadoop-common/3.2.1/hadoop-common-3.2.1.jar:/home/user/.m2/repository/commons-net/commons-net/3.6/commons-net-3.6.jar:/home/user/.m2/repository/commons-collections/commons-collections/3.2.2/commons-collections-3.2.2.jar:/home/user/.m2/repository/com/sun/jersey/jersey-servlet/1.19/jersey-servlet-1.19.jar:/home/user/.m2/repository/com/sun/jersey/jersey-json/1.19/jersey-json-1.19.jar:/home/user/.m2/repository/org/codehaus/jettison/jettison/1.1/jettison-1.1.jar:/home/user/.m2/repository/org/codehaus/jackson/jackson-jaxrs/1.9.2/jackson-jaxrs-1.9.2.jar:/home/user/.m2/repository/org/codehaus/jackson/jackson-xc/1.9.2/jackson-xc-1.9.2.jar:/home/user/.m2/repository/commons-beanutils/commons-beanutils/1.9.4/commons-beanutils-1.9.4.jar:/home/user/.m2/repository/org/apache/commons/commons-configuration2/2.1.1/commons-configuration2-2.1.1.jar:/home/user/.m2/repository/org/apache/commons/commons-text/1.4/commons-text-1.4.jar:/home/user/.m2/repository/com/google/re2j/re2j/1.1/re2j-1.1.jar:/home/user/.m2/repository/com/jcraft/jsch/0.1.54/jsch-0.1.54.jar:/home/user/.m2/repository/org/apache/curator/curator-client/2.13.0/curator-client-2.13.0.jar:/home/user/.m2/repository/org/apache/curator/curator-recipes/2.13.0/curator-recipes-2.13.0.jar:/home/user/.m2/repository/dnsjava/dnsjava/2.1.7/dnsjava-2.1.7.jar:/home/user/.m2/repository/org/slf4j/jul-to-slf4j/1.7.25/jul-to-slf4j-1.7.25.jar:/home/user/.m2/repository/org/eclipse/jetty/jetty-util/9.4.26.v20200117/jetty-util-9.4.26.v20200117.jar:/home/user/.m2/repository/com/fasterxml/jackson/core/jackson-databind/2.10.3/jackson-databind-2.10.3.jar:/home/user/.m2/repository/org/apache/hadoop/hadoop-kms/3.2.1/hadoop-kms-3.2.1-tests.jar:/home/user/.m2/repository/org/apache/hadoop/hadoop-hdds-server-scm/0.6.0-SNAPSHOT/hadoop-hdds-server-scm-0.6.0-SNAPSHOT-tests.jar:/home/user/.m2/repository/org/apache/hadoop/hadoop-hdds-container-service/0.6.0-SNAPSHOT/hadoop-hdds-container-service-0.6.0-SNAPSHOT-tests.jar:/home/user/.m2/repository/org/apache/hadoop/hadoop-hdds-common/0.6.0-SNAPSHOT/hadoop-hdds-common-0.6.0-SNAPSHOT-tests.jar:/home/user/.m2/repository/org/yaml/snakeyaml/1.16/snakeyaml-1.16.jar:/home/user/.m2/repository/org/apache/hadoop/hadoop-hdds-hadoop-dependency-test/0.6.0-SNAPSHOT/hadoop-hdds-hadoop-dependency-test-0.6.0-SNAPSHOT.jar:/home/user/.m2/repository/org/apache/hadoop/hadoop-common/3.2.1/hadoop-common-3.2.1-tests.jar:/home/user/.m2/repository/javax/servlet/jsp/jsp-api/2.1/jsp-api-2.1.jar:/home/user/.m2/repository/org/apache/hadoop/hadoop-hdfs/3.2.1/hadoop-hdfs-3.2.1-tests.jar:/home/user/.m2/repository/org/eclipse/jetty/jetty-util-ajax/9.4.26.v20200117/jetty-util-ajax-9.4.26.v20200117.jar:/home/user/.m2/repository/commons-codec/commons-codec/1.11/commons-codec-1.11.jar:/home/user/.m2/repository/commons-daemon/commons-daemon/1.0.13/commons-daemon-1.0.13.jar:/home/user/.m2/repository/io/netty/netty/3.10.5.Final/netty-3.10.5.Final.jar:/home/user/.m2/repository/io/netty/netty-all/4.1.48.Final/netty-all-4.1.48.Final.jar:/home/user/.m2/repository/org/apache/htrace/htrace-core4/4.1.0-incubating/htrace-core4-4.1.0-incubating.jar:/home/user/.m2/repository/org/fusesource/leveldbjni/leveldbjni-all/1.8/leveldbjni-all-1.8.jar:/home/user/.m2/repository/org/apache/hadoop/hadoop-distcp/3.2.1/hadoop-distcp-3.2.1.jar:/home/user/.m2/repository/org/apache/hadoop/hadoop-mapreduce-client-jobclient/3.2.1/hadoop-mapreduce-client-jobclient-3.2.1.jar:/home/user/.m2/repository/org/apache/hadoop/hadoop-mapreduce-client-common/3.2.1/hadoop-mapreduce-client-common-3.2.1.jar:/home/user/.m2/repository/org/apache/hadoop/hadoop-yarn-common/3.2.1/hadoop-yarn-common-3.2.1.jar:/home/user/.m2/repository/org/apache/hadoop/hadoop-yarn-api/3.2.1/hadoop-yarn-api-3.2.1.jar:/home/user/.m2/repository/com/sun/jersey/jersey-client/1.19/jersey-client-1.19.jar:/home/user/.m2/repository/com/sun/jersey/contribs/jersey-guice/1.19/jersey-guice-1.19.jar:/home/user/.m2/repository/com/fasterxml/jackson/jaxrs/jackson-jaxrs-json-provider/2.10.3/jackson-jaxrs-json-provider-2.10.3.jar:/home/user/.m2/repository/com/fasterxml/jackson/jaxrs/jackson-jaxrs-base/2.10.3/jackson-jaxrs-base-2.10.3.jar:/home/user/.m2/repository/org/apache/hadoop/hadoop-yarn-client/3.2.1/hadoop-yarn-client-3.2.1.jar:/home/user/.m2/repository/org/apache/hadoop/hadoop-mapreduce-client-core/3.2.1/hadoop-mapreduce-client-core-3.2.1.jar:/home/user/.m2/repository/org/apache/avro/avro/1.7.7/avro-1.7.7.jar:/home/user/.m2/repository/org/codehaus/jackson/jackson-core-asl/1.9.13/jackson-core-asl-1.9.13.jar:/home/user/.m2/repository/org/codehaus/jackson/jackson-mapper-asl/1.9.13/jackson-mapper-asl-1.9.13.jar:/home/user/.m2/repository/com/thoughtworks/paranamer/paranamer/2.3/paranamer-2.3.jar:/home/user/.m2/repository/org/xerial/snappy/snappy-java/1.0.5/snappy-java-1.0.5.jar:/home/user/.m2/repository/org/apache/hadoop/hadoop-annotations/3.2.1/hadoop-annotations-3.2.1.jar:/usr/lib/jvm/java-1.8.0-openjdk-1.8.0.232.b09-0.el7_7.x86_64/jre/../lib/tools.jar:/home/user/.m2/repository/org/apache/hadoop/hadoop-distcp/3.2.1/hadoop-distcp-3.2.1-tests.jar:"/>
    <property name="sun.cpu.endian" value="little"/>
    <property name="user.home" value="/home/user"/>
    <property name="user.language" value="en"/>
    <property name="java.specification.vendor" value="Oracle Corporation"/>
    <property name="java.home" value="/usr/lib/jvm/java-1.8.0-openjdk-1.8.0.232.b09-0.el7_7.x86_64/jre"/>
    <property name="java.security.krb5.conf" value="/github/workspace/mnt/ozone/hadoop-ozone/integration-test/target/test-classes/krb5.conf"/>
    <property name="basedir" value="/github/workspace/mnt/ozone/hadoop-ozone/integration-test"/>
    <property name="file.separator" value="/"/>
    <property name="line.separator" value="&#10;"/>
    <property name="java.vm.specification.vendor" value="Oracle Corporation"/>
    <property name="java.specification.name" value="Java Platform API Specification"/>
    <property name="java.awt.graphicsenv" value="sun.awt.X11GraphicsEnvironment"/>
    <property name="skip.installnpx" value="true"/>
    <property name="surefire.real.class.path" value="/github/workspace/mnt/ozone/hadoop-ozone/integration-test/target/surefire/surefirebooter3072192859470478152.jar:/home/user/.m2/repository/org/jacoco/org.jacoco.agent/0.8.5/org.jacoco.agent-0.8.5-runtime.jar"/>
    <property name="hadoop.log.dir" value="/github/workspace/mnt/ozone/hadoop-ozone/integration-test/target/log"/>
    <property name="sun.boot.class.path" value="/usr/lib/jvm/java-1.8.0-openjdk-1.8.0.232.b09-0.el7_7.x86_64/jre/lib/resources.jar:/usr/lib/jvm/java-1.8.0-openjdk-1.8.0.232.b09-0.el7_7.x86_64/jre/lib/rt.jar:/usr/lib/jvm/java-1.8.0-openjdk-1.8.0.232.b09-0.el7_7.x86_64/jre/lib/sunrsasign.jar:/usr/lib/jvm/java-1.8.0-openjdk-1.8.0.232.b09-0.el7_7.x86_64/jre/lib/jsse.jar:/usr/lib/jvm/java-1.8.0-openjdk-1.8.0.232.b09-0.el7_7.x86_64/jre/lib/jce.jar:/usr/lib/jvm/java-1.8.0-openjdk-1.8.0.232.b09-0.el7_7.x86_64/jre/lib/charsets.jar:/usr/lib/jvm/java-1.8.0-openjdk-1.8.0.232.b09-0.el7_7.x86_64/jre/lib/jfr.jar:/usr/lib/jvm/java-1.8.0-openjdk-1.8.0.232.b09-0.el7_7.x86_64/jre/classes"/>
    <property name="sun.management.compiler" value="HotSpot 64-Bit Tiered Compilers"/>
    <property name="skip.npx" value="true"/>
    <property name="java.runtime.version" value="1.8.0_232-b09"/>
    <property name="java.net.preferIPv4Stack" value="true"/>
    <property name="user.name" value="jenkins1001"/>
    <property name="path.separator" value=":"/>
    <property name="java.security.egd" value="file:///dev/urandom"/>
    <property name="os.version" value="5.3.0-1032-azure"/>
    <property name="java.endorsed.dirs" value="/usr/lib/jvm/java-1.8.0-openjdk-1.8.0.232.b09-0.el7_7.x86_64/jre/lib/endorsed"/>
    <property name="java.runtime.name" value="OpenJDK Runtime Environment"/>
    <property name="file.encoding" value="ANSI_X3.4-1968"/>
    <property name="java.vm.name" value="OpenJDK 64-Bit Server VM"/>
    <property name="test.build.webapps" value=""/>
    <property name="localRepository" value="/home/user/.m2/repository"/>
    <property name="java.vendor.url.bug" value="http://bugreport.sun.com/bugreport/"/>
    <property name="java.io.tmpdir" value="/tmp"/>
    <property name="require.test.libhadoop" value=""/>
    <property name="java.version" value="1.8.0_232"/>
    <property name="user.dir" value="/github/workspace/mnt/ozone/hadoop-ozone/integration-test"/>
    <property name="os.arch" value="amd64"/>
    <property name="java.vm.specification.name" value="Java Virtual Machine Specification"/>
    <property name="test.build.classes" value="/github/workspace/mnt/ozone/hadoop-ozone/integration-test/target/test-classes"/>
    <property name="java.awt.printerjob" value="sun.print.PSPrinterJob"/>
    <property name="sun.os.patch.level" value="unknown"/>
    <property name="hadoop.tmp.dir" value="/github/workspace/mnt/ozone/hadoop-ozone/integration-test/target/tmp"/>
    <property name="java.library.path" value="/usr/lib:/usr/java/packages/lib/amd64:/usr/lib64:/lib64:/lib:/usr/lib"/>
    <property name="java.vm.info" value="mixed mode"/>
    <property name="java.vendor" value="Oracle Corporation"/>
    <property name="java.vm.version" value="25.232-b09"/>
    <property name="java.ext.dirs" value="/usr/lib/jvm/java-1.8.0-openjdk-1.8.0.232.b09-0.el7_7.x86_64/jre/lib/ext:/usr/java/packages/lib/ext"/>
    <property name="sun.io.unicode.encoding" value="UnicodeLittle"/>
    <property name="java.class.version" value="52.0"/>
  </properties>
  <testcase name="testDeleteKeyWithSlowFollower" classname="org.apache.hadoop.ozone.client.rpc.TestDeleteWithSlowFollower" time="11.825">
    <failure type="java.lang.AssertionError">java.lang.AssertionError
	at org.junit.Assert.fail(Assert.java:86)
	at org.junit.Assert.assertTrue(Assert.java:41)
	at org.junit.Assert.assertTrue(Assert.java:52)
	at org.apache.hadoop.ozone.client.rpc.TestDeleteWithSlowFollower.testDeleteKeyWithSlowFollower(TestDeleteWithSlowFollower.java:272)
	at sun.reflect.NativeMethodAccessorImpl.invoke0(Native Method)
	at sun.reflect.NativeMethodAccessorImpl.invoke(NativeMethodAccessorImpl.java:62)
	at sun.reflect.DelegatingMethodAccessorImpl.invoke(DelegatingMethodAccessorImpl.java:43)
	at java.lang.reflect.Method.invoke(Method.java:498)
	at org.junit.runners.model.FrameworkMethod$1.runReflectiveCall(FrameworkMethod.java:47)
	at org.junit.internal.runners.model.ReflectiveCallable.run(ReflectiveCallable.java:12)
	at org.junit.runners.model.FrameworkMethod.invokeExplosively(FrameworkMethod.java:44)
	at org.junit.internal.runners.statements.InvokeMethod.evaluate(InvokeMethod.java:17)
	at org.junit.runners.ParentRunner.runLeaf(ParentRunner.java:271)
	at org.junit.runners.BlockJUnit4ClassRunner.runChild(BlockJUnit4ClassRunner.java:70)
	at org.junit.runners.BlockJUnit4ClassRunner.runChild(BlockJUnit4ClassRunner.java:50)
	at org.junit.runners.ParentRunner$3.run(ParentRunner.java:238)
	at org.junit.runners.ParentRunner$1.schedule(ParentRunner.java:63)
	at org.junit.runners.ParentRunner.runChildren(ParentRunner.java:236)
	at org.junit.runners.ParentRunner.access$000(ParentRunner.java:53)
	at org.junit.runners.ParentRunner$2.evaluate(ParentRunner.java:229)
	at org.junit.internal.runners.statements.RunBefores.evaluate(RunBefores.java:26)
	at org.junit.internal.runners.statements.RunAfters.evaluate(RunAfters.java:27)
	at org.junit.runners.ParentRunner.run(ParentRunner.java:309)
	at org.apache.maven.surefire.junit4.JUnit4Provider.execute(JUnit4Provider.java:365)
	at org.apache.maven.surefire.junit4.JUnit4Provider.executeWithRerun(JUnit4Provider.java:273)
	at org.apache.maven.surefire.junit4.JUnit4Provider.executeTestSet(JUnit4Provider.java:238)
	at org.apache.maven.surefire.junit4.JUnit4Provider.invoke(JUnit4Provider.java:159)
	at org.apache.maven.surefire.booter.ForkedBooter.invokeProviderInSameClassLoader(ForkedBooter.java:384)
	at org.apache.maven.surefire.booter.ForkedBooter.runSuitesInProcess(ForkedBooter.java:345)
	at org.apache.maven.surefire.booter.ForkedBooter.execute(ForkedBooter.java:126)
	at org.apache.maven.surefire.booter.ForkedBooter.main(ForkedBooter.java:418)
</failure>
    <system-out><![CDATA[2020-08-03 17:15:46,838 [main] WARN  server.ServerUtils (ServerUtils.java:getScmDbDir(148)) - ozone.scm.db.dirs is not configured. We recommend adding this setting. Falling back to ozone.metadata.dirs instead.
2020-08-03 17:15:46,932 [main] WARN  server.ServerUtils (ServerUtils.java:getScmDbDir(148)) - ozone.scm.db.dirs is not configured. We recommend adding this setting. Falling back to ozone.metadata.dirs instead.
2020-08-03 17:15:47,079 [main] WARN  db.DBStoreBuilder (DBStoreBuilder.java:createDBStoreBuilder(277)) - ozone.scm.db.dirs is not configured. We recommend adding this setting. Falling back to ozone.metadata.dirs instead.
2020-08-03 17:15:47,239 [main] INFO  net.NodeSchemaLoader (NodeSchemaLoader.java:loadSchemaFromFile(126)) - Loading file from sun.misc.CompoundEnumeration@361c294e
2020-08-03 17:15:47,240 [main] INFO  net.NodeSchemaLoader (NodeSchemaLoader.java:loadSchema(172)) - Loading network topology layer schema file
2020-08-03 17:15:47,342 [main] WARN  server.ServerUtils (ServerUtils.java:sanitizeUserArgs(73)) - ozone.scm.stale.node.interval value = 1000000 is larger than max = 100000 based on the key value of ozone.scm.heartbeat.thread.interval, reset to the max value 100000.
2020-08-03 17:15:47,342 [main] WARN  server.ServerUtils (ServerUtils.java:sanitizeUserArgs(73)) - ozone.scm.stale.node.interval value = 1000000 is larger than max = 100000 based on the key value of ozone.scm.heartbeat.thread.interval, reset to the max value 100000.
2020-08-03 17:15:47,350 [main] INFO  node.SCMNodeManager (SCMNodeManager.java:<init>(117)) - Entering startup safe mode.
2020-08-03 17:15:47,475 [main] INFO  algorithms.ContainerPlacementPolicyFactory (ContainerPlacementPolicyFactory.java:getPolicy(60)) - Create container placement policy of type org.apache.hadoop.hdds.scm.container.placement.algorithms.SCMContainerPlacementRandom
2020-08-03 17:15:47,498 [main] INFO  pipeline.SCMPipelineManager (SCMPipelineManager.java:initializePipelineState(161)) - No pipeline exists in current db
2020-08-03 17:15:47,588 [main] INFO  safemode.HealthyPipelineSafeModeRule (HealthyPipelineSafeModeRule.java:<init>(89)) - Total pipeline count is 0, healthy pipeline threshold count is 0
2020-08-03 17:15:47,591 [main] INFO  safemode.OneReplicaPipelineSafeModeRule (OneReplicaPipelineSafeModeRule.java:<init>(79)) - Total pipeline count is 0, pipeline's with at least one datanode reported threshold count is 0
2020-08-03 17:15:47,947 [main] INFO  ipc.CallQueueManager (CallQueueManager.java:<init>(84)) - Using callQueue: class java.util.concurrent.LinkedBlockingQueue, queueCapacity: 2000, scheduler: class org.apache.hadoop.ipc.DefaultRpcScheduler, ipcBackoff: false.
2020-08-03 17:15:47,974 [Socket Reader #1 for port 0] INFO  ipc.Server (Server.java:run(1219)) - Starting Socket Reader #1 for port 0
2020-08-03 17:15:48,003 [Listener at 0.0.0.0/40963] INFO  ipc.CallQueueManager (CallQueueManager.java:<init>(84)) - Using callQueue: class java.util.concurrent.LinkedBlockingQueue, queueCapacity: 2000, scheduler: class org.apache.hadoop.ipc.DefaultRpcScheduler, ipcBackoff: false.
2020-08-03 17:15:48,004 [Socket Reader #1 for port 0] INFO  ipc.Server (Server.java:run(1219)) - Starting Socket Reader #1 for port 0
2020-08-03 17:15:48,021 [Listener at 0.0.0.0/35385] INFO  ipc.CallQueueManager (CallQueueManager.java:<init>(84)) - Using callQueue: class java.util.concurrent.LinkedBlockingQueue, queueCapacity: 2000, scheduler: class org.apache.hadoop.ipc.DefaultRpcScheduler, ipcBackoff: false.
2020-08-03 17:15:48,021 [Socket Reader #1 for port 0] INFO  ipc.Server (Server.java:run(1219)) - Starting Socket Reader #1 for port 0
2020-08-03 17:15:48,043 [Listener at 0.0.0.0/33437] INFO  http.BaseHttpServer (BaseHttpServer.java:newHttpServer2BuilderForOzone(207)) - Starting Web-server for scm at: http://0.0.0.0:0
2020-08-03 17:15:48,043 [Listener at 0.0.0.0/33437] INFO  http.BaseHttpServer (BaseHttpServer.java:<init>(106)) - Hadoop Security Enabled: false Ozone Security Enabled: false Ozone HTTP Security Enabled: false 
2020-08-03 17:15:48,069 [Listener at 0.0.0.0/33437] INFO  util.log (Log.java:initialized(169)) - Logging initialized @2292ms to org.eclipse.jetty.util.log.Slf4jLog
2020-08-03 17:15:48,185 [Listener at 0.0.0.0/33437] INFO  server.AuthenticationFilter (AuthenticationFilter.java:constructSecretProvider(240)) - Unable to initialize FileSignerSecretProvider, falling back to use random secrets.
2020-08-03 17:15:48,200 [Listener at 0.0.0.0/33437] WARN  http.HttpRequestLog (HttpRequestLog.java:getRequestLog(103)) - Jetty request log can only be enabled using Log4j
2020-08-03 17:15:48,205 [Listener at 0.0.0.0/33437] INFO  http.HttpServer2 (HttpServer2.java:addGlobalFilter(1019)) - Added global filter 'safety' (class=org.apache.hadoop.hdds.server.http.HttpServer2$QuotingInputFilter)
2020-08-03 17:15:48,208 [Listener at 0.0.0.0/33437] INFO  http.HttpServer2 (HttpServer2.java:addFilter(995)) - Added filter static_user_filter (class=org.apache.hadoop.http.lib.StaticUserWebFilter$StaticUserFilter) to context scm
2020-08-03 17:15:48,208 [Listener at 0.0.0.0/33437] INFO  http.HttpServer2 (HttpServer2.java:addFilter(1003)) - Added filter static_user_filter (class=org.apache.hadoop.http.lib.StaticUserWebFilter$StaticUserFilter) to context static
2020-08-03 17:15:48,208 [Listener at 0.0.0.0/33437] INFO  http.HttpServer2 (HttpServer2.java:addFilter(1003)) - Added filter static_user_filter (class=org.apache.hadoop.http.lib.StaticUserWebFilter$StaticUserFilter) to context logs
2020-08-03 17:15:48,251 [Listener at 0.0.0.0/33437] INFO  server.StorageContainerManager (StorageContainerManager.java:start(785)) - StorageContainerLocationProtocol RPC server is listening at /0.0.0.0:33437
2020-08-03 17:15:48,301 [Listener at 0.0.0.0/33437] WARN  impl.MetricsConfig (MetricsConfig.java:loadFirst(134)) - Cannot locate configuration: tried hadoop-metrics2-storagecontainermanager.properties,hadoop-metrics2.properties
2020-08-03 17:15:48,313 [Listener at 0.0.0.0/33437] INFO  impl.MetricsSystemImpl (MetricsSystemImpl.java:startTimer(374)) - Scheduled Metric snapshot period at 10 second(s).
2020-08-03 17:15:48,314 [Listener at 0.0.0.0/33437] INFO  impl.MetricsSystemImpl (MetricsSystemImpl.java:start(191)) - StorageContainerManager metrics system started
2020-08-03 17:15:48,536 [Listener at 0.0.0.0/33437] INFO  server.SCMClientProtocolServer (SCMClientProtocolServer.java:start(156)) - RPC server for Client  is listening at /0.0.0.0:33437
2020-08-03 17:15:48,538 [IPC Server Responder] INFO  ipc.Server (Server.java:run(1460)) - IPC Server Responder: starting
2020-08-03 17:15:48,539 [IPC Server listener on 0] INFO  ipc.Server (Server.java:run(1298)) - IPC Server listener on 0: starting
2020-08-03 17:15:48,546 [Listener at 0.0.0.0/33437] INFO  server.StorageContainerManager (StorageContainerManager.java:start(797)) - ScmBlockLocationProtocol RPC server is listening at /0.0.0.0:35385
2020-08-03 17:15:48,546 [Listener at 0.0.0.0/33437] INFO  server.SCMBlockProtocolServer (SCMBlockProtocolServer.java:start(149)) - RPC server for Block Protocol is listening at /0.0.0.0:35385
2020-08-03 17:15:48,547 [IPC Server Responder] INFO  ipc.Server (Server.java:run(1460)) - IPC Server Responder: starting
2020-08-03 17:15:48,547 [IPC Server listener on 0] INFO  ipc.Server (Server.java:run(1298)) - IPC Server listener on 0: starting
2020-08-03 17:15:48,554 [Listener at 0.0.0.0/33437] INFO  server.StorageContainerManager (StorageContainerManager.java:start(803)) - ScmDatanodeProtocl RPC server is listening at /0.0.0.0:40963
2020-08-03 17:15:48,554 [Listener at 0.0.0.0/33437] INFO  server.SCMDatanodeProtocolServer (SCMDatanodeProtocolServer.java:start(172)) - RPC server for DataNodes is listening at /0.0.0.0:40963
2020-08-03 17:15:48,555 [IPC Server Responder] INFO  ipc.Server (Server.java:run(1460)) - IPC Server Responder: starting
2020-08-03 17:15:48,555 [IPC Server listener on 0] INFO  ipc.Server (Server.java:run(1298)) - IPC Server listener on 0: starting
2020-08-03 17:15:48,559 [Listener at 0.0.0.0/33437] INFO  http.HttpServer2 (HttpServer2.java:bindListener(1237)) - Jetty bound to port 42337
2020-08-03 17:15:48,561 [Listener at 0.0.0.0/33437] INFO  server.Server (Server.java:doStart(359)) - jetty-9.4.26.v20200117; built: 2020-01-17T12:35:33.676Z; git: 7b38981d25d14afb4a12ff1f2596756144edf695; jvm 1.8.0_232-b09
2020-08-03 17:15:48,598 [Listener at 0.0.0.0/33437] INFO  server.session (DefaultSessionIdManager.java:doStart(333)) - DefaultSessionIdManager workerName=node0
2020-08-03 17:15:48,599 [Listener at 0.0.0.0/33437] INFO  server.session (DefaultSessionIdManager.java:doStart(338)) - No SessionScavenger set, using defaults
2020-08-03 17:15:48,600 [Listener at 0.0.0.0/33437] INFO  server.session (HouseKeeper.java:startScavenging(140)) - node0 Scavenging every 660000ms
2020-08-03 17:15:48,614 [Listener at 0.0.0.0/33437] INFO  handler.ContextHandler (ContextHandler.java:doStart(825)) - Started o.e.j.s.ServletContextHandler@1e225820{logs,/logs,file:///github/workspace/mnt/ozone/hadoop-ozone/integration-test/target/log,AVAILABLE}
2020-08-03 17:15:48,614 [Listener at 0.0.0.0/33437] INFO  handler.ContextHandler (ContextHandler.java:doStart(825)) - Started o.e.j.s.ServletContextHandler@5f366587{static,/static,file:///github/workspace/mnt/ozone/hadoop-ozone/integration-test/target/test-classes/webapps/static,AVAILABLE}
2020-08-03 17:15:48,654 [Listener at 0.0.0.0/33437] INFO  handler.ContextHandler (ContextHandler.java:doStart(825)) - Started o.e.j.w.WebAppContext@58b311ba{scm,/,file:///github/workspace/mnt/ozone/hadoop-ozone/integration-test/target/test-classes/webapps/scm/,AVAILABLE}{file:/github/workspace/mnt/ozone/hadoop-ozone/integration-test/target/test-classes/webapps/scm}
2020-08-03 17:15:48,663 [Listener at 0.0.0.0/33437] INFO  server.AbstractConnector (AbstractConnector.java:doStart(330)) - Started ServerConnector@21ae657b{HTTP/1.1,[http/1.1]}{0.0.0.0:42337}
2020-08-03 17:15:48,663 [Listener at 0.0.0.0/33437] INFO  server.Server (Server.java:doStart(399)) - Started @2886ms
2020-08-03 17:15:48,665 [Listener at 0.0.0.0/33437] INFO  impl.MetricsSinkAdapter (MetricsSinkAdapter.java:start(204)) - Sink prometheus started
2020-08-03 17:15:48,665 [Listener at 0.0.0.0/33437] INFO  impl.MetricsSystemImpl (MetricsSystemImpl.java:registerSink(301)) - Registered sink prometheus
2020-08-03 17:15:48,669 [Listener at 0.0.0.0/33437] INFO  http.BaseHttpServer (BaseHttpServer.java:updateConnectorAddress(327)) - HTTP server of scm listening at http://0.0.0.0:42337
2020-08-03 17:15:48,679 [Listener at 0.0.0.0/33437] WARN  server.ServerUtils (ServerUtils.java:getDBPath(225)) - ozone.om.db.dirs is not configured. We recommend adding this setting. Falling back to ozone.metadata.dirs instead.
2020-08-03 17:15:48,680 [org.apache.hadoop.util.JvmPauseMonitor$Monitor@6424e613] INFO  util.JvmPauseMonitor (JvmPauseMonitor.java:run(188)) - Starting JVM pause monitor
2020-08-03 17:15:48,773 [Listener at 0.0.0.0/33437] INFO  ha.OMHANodeDetails (OMHANodeDetails.java:loadOMHAConfig(104)) - ozone.om.internal.service.id is not defined, falling back to ozone.om.service.ids to find serviceID for OzoneManager if it is HA enabled cluster
2020-08-03 17:15:48,776 [Listener at 0.0.0.0/33437] INFO  ha.OMHANodeDetails (OMHANodeDetails.java:loadOMHAConfig(213)) - Configuration either no ozone.om.address set. Falling back to the default OM address /127.0.0.1:0
2020-08-03 17:15:48,776 [Listener at 0.0.0.0/33437] INFO  ha.OMHANodeDetails (OMHANodeDetails.java:getOMNodeDetails(241)) - OM Service ID is not set. Setting it to the default ID: omServiceIdDefault
2020-08-03 17:15:48,778 [Listener at 0.0.0.0/33437] WARN  server.ServerUtils (ServerUtils.java:getDBPath(225)) - ozone.om.db.dirs is not configured. We recommend adding this setting. Falling back to ozone.metadata.dirs instead.
2020-08-03 17:15:48,778 [Listener at 0.0.0.0/33437] WARN  server.ServerUtils (ServerUtils.java:getDBPath(225)) - ozone.om.db.dirs is not configured. We recommend adding this setting. Falling back to ozone.metadata.dirs instead.
2020-08-03 17:15:49,525 [Listener at 0.0.0.0/33437] WARN  server.ServerUtils (ServerUtils.java:getDBPath(225)) - ozone.om.db.dirs is not configured. We recommend adding this setting. Falling back to ozone.metadata.dirs instead.
2020-08-03 17:15:49,531 [Listener at 0.0.0.0/33437] INFO  codec.OmKeyInfoCodec (OmKeyInfoCodec.java:<init>(41)) - OmKeyInfoCodec ignorePipeline = true
2020-08-03 17:15:49,532 [Listener at 0.0.0.0/33437] INFO  codec.RepeatedOmKeyInfoCodec (RepeatedOmKeyInfoCodec.java:<init>(40)) - RepeatedOmKeyInfoCodec ignorePipeline = true
2020-08-03 17:15:49,694 [Listener at 0.0.0.0/33437] INFO  om.OzoneManager (OzoneManager.java:addS3GVolumeToDB(3576)) - Created Volume s3v With Owner jenkins1001 required for S3Gateway operations.
2020-08-03 17:15:49,730 [Listener at 0.0.0.0/33437] INFO  ipc.CallQueueManager (CallQueueManager.java:<init>(84)) - Using callQueue: class java.util.concurrent.LinkedBlockingQueue, queueCapacity: 2000, scheduler: class org.apache.hadoop.ipc.DefaultRpcScheduler, ipcBackoff: false.
2020-08-03 17:15:49,730 [Socket Reader #1 for port 0] INFO  ipc.Server (Server.java:run(1219)) - Starting Socket Reader #1 for port 0
2020-08-03 17:15:49,765 [Listener at 127.0.0.1/40195] INFO  impl.MetricsSystemImpl (MetricsSystemImpl.java:init(158)) - OzoneManager metrics system started (again)
2020-08-03 17:15:49,768 [Listener at 127.0.0.1/40195] INFO  om.OzoneManager (OzoneManager.java:start(1116)) - OzoneManager RPC server is listening at localhost/127.0.0.1:40195
2020-08-03 17:15:49,801 [Listener at 127.0.0.1/40195] INFO  http.BaseHttpServer (BaseHttpServer.java:newHttpServer2BuilderForOzone(207)) - Starting Web-server for ozoneManager at: http://0.0.0.0:0
2020-08-03 17:15:49,802 [Listener at 127.0.0.1/40195] INFO  http.BaseHttpServer (BaseHttpServer.java:<init>(106)) - Hadoop Security Enabled: false Ozone Security Enabled: false Ozone HTTP Security Enabled: false 
2020-08-03 17:15:49,803 [Listener at 127.0.0.1/40195] INFO  server.AuthenticationFilter (AuthenticationFilter.java:constructSecretProvider(240)) - Unable to initialize FileSignerSecretProvider, falling back to use random secrets.
2020-08-03 17:15:49,803 [Listener at 127.0.0.1/40195] WARN  http.HttpRequestLog (HttpRequestLog.java:getRequestLog(103)) - Jetty request log can only be enabled using Log4j
2020-08-03 17:15:49,805 [Listener at 127.0.0.1/40195] INFO  http.HttpServer2 (HttpServer2.java:addGlobalFilter(1019)) - Added global filter 'safety' (class=org.apache.hadoop.hdds.server.http.HttpServer2$QuotingInputFilter)
2020-08-03 17:15:49,806 [Listener at 127.0.0.1/40195] INFO  http.HttpServer2 (HttpServer2.java:addFilter(995)) - Added filter static_user_filter (class=org.apache.hadoop.http.lib.StaticUserWebFilter$StaticUserFilter) to context ozoneManager
2020-08-03 17:15:49,806 [Listener at 127.0.0.1/40195] INFO  http.HttpServer2 (HttpServer2.java:addFilter(1003)) - Added filter static_user_filter (class=org.apache.hadoop.http.lib.StaticUserWebFilter$StaticUserFilter) to context logs
2020-08-03 17:15:49,807 [Listener at 127.0.0.1/40195] INFO  http.HttpServer2 (HttpServer2.java:addFilter(1003)) - Added filter static_user_filter (class=org.apache.hadoop.http.lib.StaticUserWebFilter$StaticUserFilter) to context static
2020-08-03 17:15:49,809 [Listener at 127.0.0.1/40195] INFO  http.HttpServer2 (HttpServer2.java:bindListener(1237)) - Jetty bound to port 40449
2020-08-03 17:15:49,810 [Listener at 127.0.0.1/40195] INFO  server.Server (Server.java:doStart(359)) - jetty-9.4.26.v20200117; built: 2020-01-17T12:35:33.676Z; git: 7b38981d25d14afb4a12ff1f2596756144edf695; jvm 1.8.0_232-b09
2020-08-03 17:15:49,812 [Listener at 127.0.0.1/40195] INFO  server.session (DefaultSessionIdManager.java:doStart(333)) - DefaultSessionIdManager workerName=node0
2020-08-03 17:15:49,813 [Listener at 127.0.0.1/40195] INFO  server.session (DefaultSessionIdManager.java:doStart(338)) - No SessionScavenger set, using defaults
2020-08-03 17:15:49,813 [Listener at 127.0.0.1/40195] INFO  server.session (HouseKeeper.java:startScavenging(140)) - node0 Scavenging every 600000ms
2020-08-03 17:15:49,814 [Listener at 127.0.0.1/40195] INFO  handler.ContextHandler (ContextHandler.java:doStart(825)) - Started o.e.j.s.ServletContextHandler@862624f{logs,/logs,file:///github/workspace/mnt/ozone/hadoop-ozone/integration-test/target/log,AVAILABLE}
2020-08-03 17:15:49,814 [Listener at 127.0.0.1/40195] INFO  handler.ContextHandler (ContextHandler.java:doStart(825)) - Started o.e.j.s.ServletContextHandler@78e7b83{static,/static,file:///github/workspace/mnt/ozone/hadoop-ozone/integration-test/target/test-classes/webapps/static,AVAILABLE}
2020-08-03 17:15:49,818 [Listener at 127.0.0.1/40195] INFO  handler.ContextHandler (ContextHandler.java:doStart(825)) - Started o.e.j.w.WebAppContext@573f2e67{ozoneManager,/,file:///github/workspace/mnt/ozone/hadoop-ozone/integration-test/target/test-classes/webapps/ozoneManager/,AVAILABLE}{file:/github/workspace/mnt/ozone/hadoop-ozone/integration-test/target/test-classes/webapps/ozoneManager}
2020-08-03 17:15:49,820 [Listener at 127.0.0.1/40195] INFO  server.AbstractConnector (AbstractConnector.java:doStart(330)) - Started ServerConnector@34ff08c6{HTTP/1.1,[http/1.1]}{0.0.0.0:40449}
2020-08-03 17:15:49,820 [Listener at 127.0.0.1/40195] INFO  server.Server (Server.java:doStart(399)) - Started @4043ms
2020-08-03 17:15:49,821 [Listener at 127.0.0.1/40195] WARN  impl.MetricsSystemImpl (MetricsSystemImpl.java:register(276)) - Sink prometheus already exists!
2020-08-03 17:15:49,824 [Listener at 127.0.0.1/40195] INFO  http.BaseHttpServer (BaseHttpServer.java:updateConnectorAddress(327)) - HTTP server of ozoneManager listening at http://0.0.0.0:40449
2020-08-03 17:15:49,824 [IPC Server Responder] INFO  ipc.Server (Server.java:run(1460)) - IPC Server Responder: starting
2020-08-03 17:15:49,824 [IPC Server listener on 0] INFO  ipc.Server (Server.java:run(1298)) - IPC Server listener on 0: starting
2020-08-03 17:15:49,842 [org.apache.hadoop.util.JvmPauseMonitor$Monitor@9715d26] INFO  util.JvmPauseMonitor (JvmPauseMonitor.java:run(188)) - Starting JVM pause monitor
2020-08-03 17:15:49,952 [Listener at 127.0.0.1/40195] INFO  metrics.MetricRegistries (MetricRegistriesLoader.java:load(64)) - Loaded MetricRegistries class org.apache.ratis.metrics.impl.MetricRegistriesImpl
2020-08-03 17:15:49,955 [Listener at 127.0.0.1/40195] INFO  impl.MetricsSystemImpl (MetricsSystemImpl.java:init(158)) - HddsDatanode metrics system started (again)
2020-08-03 17:15:49,960 [Listener at 127.0.0.1/40195] INFO  ozone.HddsDatanodeService (HddsDatanodeService.java:start(217)) - HddsDatanodeService host:a7a0531c52c2 ip:172.17.0.2
2020-08-03 17:15:50,026 [Listener at 127.0.0.1/40195] INFO  volume.HddsVolume (HddsVolume.java:<init>(176)) - Creating Volume: /github/workspace/mnt/ozone/hadoop-ozone/integration-test/target/test-dir/MiniOzoneClusterImpl-2656730b-2a13-4e9d-ab06-d54ee6b103c3/datanode-0/data-0/containers/hdds of storage type : DISK and capacity : 9223372036854775807
2020-08-03 17:15:50,028 [Listener at 127.0.0.1/40195] INFO  volume.MutableVolumeSet (MutableVolumeSet.java:initializeVolumeSet(179)) - Added Volume : /github/workspace/mnt/ozone/hadoop-ozone/integration-test/target/test-dir/MiniOzoneClusterImpl-2656730b-2a13-4e9d-ab06-d54ee6b103c3/datanode-0/data-0/containers/hdds to VolumeSet
2020-08-03 17:15:50,029 [Listener at 127.0.0.1/40195] INFO  volume.ThrottledAsyncChecker (ThrottledAsyncChecker.java:schedule(141)) - Scheduling a check for /github/workspace/mnt/ozone/hadoop-ozone/integration-test/target/test-dir/MiniOzoneClusterImpl-2656730b-2a13-4e9d-ab06-d54ee6b103c3/datanode-0/data-0/containers/hdds
2020-08-03 17:15:50,052 [Listener at 127.0.0.1/40195] INFO  volume.HddsVolumeChecker (HddsVolumeChecker.java:checkAllVolumes(200)) - Scheduled health check for volume /github/workspace/mnt/ozone/hadoop-ozone/integration-test/target/test-dir/MiniOzoneClusterImpl-2656730b-2a13-4e9d-ab06-d54ee6b103c3/datanode-0/data-0/containers/hdds
2020-08-03 17:15:50,078 [Thread-130] INFO  ozoneimpl.ContainerReader (ContainerReader.java:readVolume(123)) - Start to verify containers on volume /github/workspace/mnt/ozone/hadoop-ozone/integration-test/target/test-dir/MiniOzoneClusterImpl-2656730b-2a13-4e9d-ab06-d54ee6b103c3/datanode-0/data-0/containers/hdds
2020-08-03 17:15:50,078 [Thread-130] INFO  ozoneimpl.ContainerReader (ContainerReader.java:readVolume(148)) - Finish verifying containers on volume /github/workspace/mnt/ozone/hadoop-ozone/integration-test/target/test-dir/MiniOzoneClusterImpl-2656730b-2a13-4e9d-ab06-d54ee6b103c3/datanode-0/data-0/containers/hdds
2020-08-03 17:15:50,078 [Listener at 127.0.0.1/40195] INFO  ozoneimpl.OzoneContainer (OzoneContainer.java:buildContainerSet(196)) - Build ContainerSet costs 0s
2020-08-03 17:15:50,210 [Listener at 127.0.0.1/40195] INFO  impl.RaftServerProxy (ConfUtils.java:logGet(44)) - raft.rpc.type = GRPC (default)
2020-08-03 17:15:50,282 [Listener at 127.0.0.1/40195] INFO  grpc.GrpcFactory (GrpcFactory.java:checkPooledByteBufAllocatorUseCacheForAllThreads(45)) - PERFORMANCE WARNING: useCacheForAllThreads is true that may cause Netty to create a lot garbage objects and, as a result, trigger GC.
	It is recommended to disable useCacheForAllThreads by setting -Dorg.apache.ratis.thirdparty.io.netty.allocator.useCacheForAllThreads=false in command line.
2020-08-03 17:15:50,289 [Listener at 127.0.0.1/40195] INFO  grpc.GrpcConfigKeys (ConfUtils.java:logGet(44)) - raft.grpc.server.port = 0 (default)
2020-08-03 17:15:50,290 [Listener at 127.0.0.1/40195] INFO  server.GrpcService (ConfUtils.java:logGet(44)) - raft.grpc.message.size.max = 32MB (=33554432) (custom)
2020-08-03 17:15:50,291 [Listener at 127.0.0.1/40195] INFO  server.RaftServerConfigKeys (ConfUtils.java:logGet(44)) - raft.server.log.appender.buffer.byte-limit = 33554432 (custom)
2020-08-03 17:15:50,292 [Listener at 127.0.0.1/40195] INFO  server.GrpcService (ConfUtils.java:logGet(44)) - raft.grpc.flow.control.window = 5MB (=5242880) (custom)
2020-08-03 17:15:50,293 [Listener at 127.0.0.1/40195] INFO  server.RaftServerConfigKeys (ConfUtils.java:logGet(44)) - raft.server.rpc.request.timeout = 3000ms (default)
2020-08-03 17:15:50,503 [Listener at 127.0.0.1/40195] INFO  server.RaftServerConfigKeys (ConfUtils.java:logGet(44)) - raft.server.storage.dir = [/github/workspace/mnt/ozone/hadoop-ozone/integration-test/target/test-dir/MiniOzoneClusterImpl-2656730b-2a13-4e9d-ab06-d54ee6b103c3/datanode-0/data/ratis] (custom)
2020-08-03 17:15:50,578 [Listener at 127.0.0.1/40195] INFO  http.BaseHttpServer (BaseHttpServer.java:newHttpServer2BuilderForOzone(207)) - Starting Web-server for hddsDatanode at: http://0.0.0.0:0
2020-08-03 17:15:50,578 [Listener at 127.0.0.1/40195] INFO  http.BaseHttpServer (BaseHttpServer.java:<init>(106)) - Hadoop Security Enabled: false Ozone Security Enabled: false Ozone HTTP Security Enabled: false 
2020-08-03 17:15:50,580 [Listener at 127.0.0.1/40195] INFO  server.AuthenticationFilter (AuthenticationFilter.java:constructSecretProvider(240)) - Unable to initialize FileSignerSecretProvider, falling back to use random secrets.
2020-08-03 17:15:50,580 [Listener at 127.0.0.1/40195] WARN  http.HttpRequestLog (HttpRequestLog.java:getRequestLog(103)) - Jetty request log can only be enabled using Log4j
2020-08-03 17:15:50,581 [Listener at 127.0.0.1/40195] INFO  http.HttpServer2 (HttpServer2.java:addGlobalFilter(1019)) - Added global filter 'safety' (class=org.apache.hadoop.hdds.server.http.HttpServer2$QuotingInputFilter)
2020-08-03 17:15:50,582 [Listener at 127.0.0.1/40195] INFO  http.HttpServer2 (HttpServer2.java:addFilter(995)) - Added filter static_user_filter (class=org.apache.hadoop.http.lib.StaticUserWebFilter$StaticUserFilter) to context hddsDatanode
2020-08-03 17:15:50,582 [Listener at 127.0.0.1/40195] INFO  http.HttpServer2 (HttpServer2.java:addFilter(1003)) - Added filter static_user_filter (class=org.apache.hadoop.http.lib.StaticUserWebFilter$StaticUserFilter) to context logs
2020-08-03 17:15:50,583 [Listener at 127.0.0.1/40195] INFO  http.HttpServer2 (HttpServer2.java:addFilter(1003)) - Added filter static_user_filter (class=org.apache.hadoop.http.lib.StaticUserWebFilter$StaticUserFilter) to context static
2020-08-03 17:15:50,583 [Listener at 127.0.0.1/40195] INFO  http.HttpServer2 (HttpServer2.java:bindListener(1237)) - Jetty bound to port 42601
2020-08-03 17:15:50,583 [Listener at 127.0.0.1/40195] INFO  server.Server (Server.java:doStart(359)) - jetty-9.4.26.v20200117; built: 2020-01-17T12:35:33.676Z; git: 7b38981d25d14afb4a12ff1f2596756144edf695; jvm 1.8.0_232-b09
2020-08-03 17:15:50,593 [Listener at 127.0.0.1/40195] INFO  server.session (DefaultSessionIdManager.java:doStart(333)) - DefaultSessionIdManager workerName=node0
2020-08-03 17:15:50,593 [Listener at 127.0.0.1/40195] INFO  server.session (DefaultSessionIdManager.java:doStart(338)) - No SessionScavenger set, using defaults
2020-08-03 17:15:50,593 [Listener at 127.0.0.1/40195] INFO  server.session (HouseKeeper.java:startScavenging(140)) - node0 Scavenging every 600000ms
2020-08-03 17:15:50,594 [Listener at 127.0.0.1/40195] INFO  handler.ContextHandler (ContextHandler.java:doStart(825)) - Started o.e.j.s.ServletContextHandler@238cac6{logs,/logs,file:///github/workspace/mnt/ozone/hadoop-ozone/integration-test/target/log,AVAILABLE}
2020-08-03 17:15:50,594 [Listener at 127.0.0.1/40195] INFO  handler.ContextHandler (ContextHandler.java:doStart(825)) - Started o.e.j.s.ServletContextHandler@45cce4c2{static,/static,jar:file:/home/user/.m2/repository/org/apache/hadoop/hadoop-hdds-container-service/0.6.0-SNAPSHOT/hadoop-hdds-container-service-0.6.0-SNAPSHOT.jar!/webapps/static,AVAILABLE}
2020-08-03 17:15:50,689 [Listener at 127.0.0.1/40195] INFO  handler.ContextHandler (ContextHandler.java:doStart(825)) - Started o.e.j.w.WebAppContext@48682f91{hddsDatanode,/,file:///tmp/jetty-0_0_0_0-42601-hadoop-hdds-container-service-0_6_0-SNAPSHOT_jar-_-any-7807193280821998672.dir/webapp/,AVAILABLE}{jar:file:/home/user/.m2/repository/org/apache/hadoop/hadoop-hdds-container-service/0.6.0-SNAPSHOT/hadoop-hdds-container-service-0.6.0-SNAPSHOT.jar!/webapps/hddsDatanode}
2020-08-03 17:15:50,690 [Listener at 127.0.0.1/40195] INFO  server.AbstractConnector (AbstractConnector.java:doStart(330)) - Started ServerConnector@373c367{HTTP/1.1,[http/1.1]}{0.0.0.0:42601}
2020-08-03 17:15:50,693 [Listener at 127.0.0.1/40195] INFO  server.Server (Server.java:doStart(399)) - Started @4916ms
2020-08-03 17:15:50,694 [Listener at 127.0.0.1/40195] WARN  impl.MetricsSystemImpl (MetricsSystemImpl.java:register(276)) - Sink prometheus already exists!
2020-08-03 17:15:50,697 [Listener at 127.0.0.1/40195] INFO  http.BaseHttpServer (BaseHttpServer.java:updateConnectorAddress(327)) - HTTP server of hddsDatanode listening at http://0.0.0.0:42601
2020-08-03 17:15:50,698 [Listener at 127.0.0.1/40195] INFO  impl.MetricsSystemImpl (MetricsSystemImpl.java:init(158)) - HddsDatanode metrics system started (again)
2020-08-03 17:15:50,699 [Listener at 127.0.0.1/40195] INFO  ozone.HddsDatanodeService (HddsDatanodeService.java:start(217)) - HddsDatanodeService host:a7a0531c52c2 ip:172.17.0.2
2020-08-03 17:15:50,703 [Listener at 127.0.0.1/40195] INFO  volume.HddsVolume (HddsVolume.java:<init>(176)) - Creating Volume: /github/workspace/mnt/ozone/hadoop-ozone/integration-test/target/test-dir/MiniOzoneClusterImpl-2656730b-2a13-4e9d-ab06-d54ee6b103c3/datanode-1/data-0/containers/hdds of storage type : DISK and capacity : 9223372036854775807
2020-08-03 17:15:50,703 [Listener at 127.0.0.1/40195] INFO  volume.MutableVolumeSet (MutableVolumeSet.java:initializeVolumeSet(179)) - Added Volume : /github/workspace/mnt/ozone/hadoop-ozone/integration-test/target/test-dir/MiniOzoneClusterImpl-2656730b-2a13-4e9d-ab06-d54ee6b103c3/datanode-1/data-0/containers/hdds to VolumeSet
2020-08-03 17:15:50,703 [Listener at 127.0.0.1/40195] INFO  volume.ThrottledAsyncChecker (ThrottledAsyncChecker.java:schedule(141)) - Scheduling a check for /github/workspace/mnt/ozone/hadoop-ozone/integration-test/target/test-dir/MiniOzoneClusterImpl-2656730b-2a13-4e9d-ab06-d54ee6b103c3/datanode-1/data-0/containers/hdds
2020-08-03 17:15:50,704 [Listener at 127.0.0.1/40195] INFO  volume.HddsVolumeChecker (HddsVolumeChecker.java:checkAllVolumes(200)) - Scheduled health check for volume /github/workspace/mnt/ozone/hadoop-ozone/integration-test/target/test-dir/MiniOzoneClusterImpl-2656730b-2a13-4e9d-ab06-d54ee6b103c3/datanode-1/data-0/containers/hdds
2020-08-03 17:15:50,732 [org.apache.hadoop.util.JvmPauseMonitor$Monitor@dbf2cd7] INFO  util.JvmPauseMonitor (JvmPauseMonitor.java:run(188)) - Starting JVM pause monitor
2020-08-03 17:15:50,735 [Thread-139] INFO  ozoneimpl.ContainerReader (ContainerReader.java:readVolume(123)) - Start to verify containers on volume /github/workspace/mnt/ozone/hadoop-ozone/integration-test/target/test-dir/MiniOzoneClusterImpl-2656730b-2a13-4e9d-ab06-d54ee6b103c3/datanode-1/data-0/containers/hdds
2020-08-03 17:15:50,735 [Thread-139] INFO  ozoneimpl.ContainerReader (ContainerReader.java:readVolume(148)) - Finish verifying containers on volume /github/workspace/mnt/ozone/hadoop-ozone/integration-test/target/test-dir/MiniOzoneClusterImpl-2656730b-2a13-4e9d-ab06-d54ee6b103c3/datanode-1/data-0/containers/hdds
2020-08-03 17:15:50,735 [Listener at 127.0.0.1/40195] INFO  ozoneimpl.OzoneContainer (OzoneContainer.java:buildContainerSet(196)) - Build ContainerSet costs 0s
2020-08-03 17:15:50,737 [Listener at 127.0.0.1/40195] INFO  impl.RaftServerProxy (ConfUtils.java:logGet(44)) - raft.rpc.type = GRPC (default)
2020-08-03 17:15:50,738 [Listener at 127.0.0.1/40195] INFO  grpc.GrpcFactory (GrpcFactory.java:checkPooledByteBufAllocatorUseCacheForAllThreads(45)) - PERFORMANCE WARNING: useCacheForAllThreads is true that may cause Netty to create a lot garbage objects and, as a result, trigger GC.
	It is recommended to disable useCacheForAllThreads by setting -Dorg.apache.ratis.thirdparty.io.netty.allocator.useCacheForAllThreads=false in command line.
2020-08-03 17:15:50,738 [Listener at 127.0.0.1/40195] INFO  grpc.GrpcConfigKeys (ConfUtils.java:logGet(44)) - raft.grpc.server.port = 0 (default)
2020-08-03 17:15:50,738 [Listener at 127.0.0.1/40195] INFO  server.GrpcService (ConfUtils.java:logGet(44)) - raft.grpc.message.size.max = 32MB (=33554432) (custom)
2020-08-03 17:15:50,738 [Listener at 127.0.0.1/40195] INFO  server.RaftServerConfigKeys (ConfUtils.java:logGet(44)) - raft.server.log.appender.buffer.byte-limit = 33554432 (custom)
2020-08-03 17:15:50,738 [Listener at 127.0.0.1/40195] INFO  server.GrpcService (ConfUtils.java:logGet(44)) - raft.grpc.flow.control.window = 5MB (=5242880) (custom)
2020-08-03 17:15:50,738 [Listener at 127.0.0.1/40195] INFO  server.RaftServerConfigKeys (ConfUtils.java:logGet(44)) - raft.server.rpc.request.timeout = 3000ms (default)
2020-08-03 17:15:50,739 [Listener at 127.0.0.1/40195] INFO  server.RaftServerConfigKeys (ConfUtils.java:logGet(44)) - raft.server.storage.dir = [/github/workspace/mnt/ozone/hadoop-ozone/integration-test/target/test-dir/MiniOzoneClusterImpl-2656730b-2a13-4e9d-ab06-d54ee6b103c3/datanode-1/data/ratis] (custom)
2020-08-03 17:15:50,759 [Listener at 127.0.0.1/40195] INFO  http.BaseHttpServer (BaseHttpServer.java:newHttpServer2BuilderForOzone(207)) - Starting Web-server for hddsDatanode at: http://0.0.0.0:0
2020-08-03 17:15:50,759 [Listener at 127.0.0.1/40195] INFO  http.BaseHttpServer (BaseHttpServer.java:<init>(106)) - Hadoop Security Enabled: false Ozone Security Enabled: false Ozone HTTP Security Enabled: false 
2020-08-03 17:15:50,760 [Listener at 127.0.0.1/40195] INFO  server.AuthenticationFilter (AuthenticationFilter.java:constructSecretProvider(240)) - Unable to initialize FileSignerSecretProvider, falling back to use random secrets.
2020-08-03 17:15:50,768 [Listener at 127.0.0.1/40195] WARN  http.HttpRequestLog (HttpRequestLog.java:getRequestLog(103)) - Jetty request log can only be enabled using Log4j
2020-08-03 17:15:50,769 [Listener at 127.0.0.1/40195] INFO  http.HttpServer2 (HttpServer2.java:addGlobalFilter(1019)) - Added global filter 'safety' (class=org.apache.hadoop.hdds.server.http.HttpServer2$QuotingInputFilter)
2020-08-03 17:15:50,770 [Listener at 127.0.0.1/40195] INFO  http.HttpServer2 (HttpServer2.java:addFilter(995)) - Added filter static_user_filter (class=org.apache.hadoop.http.lib.StaticUserWebFilter$StaticUserFilter) to context hddsDatanode
2020-08-03 17:15:50,770 [Listener at 127.0.0.1/40195] INFO  http.HttpServer2 (HttpServer2.java:addFilter(1003)) - Added filter static_user_filter (class=org.apache.hadoop.http.lib.StaticUserWebFilter$StaticUserFilter) to context logs
2020-08-03 17:15:50,770 [Listener at 127.0.0.1/40195] INFO  http.HttpServer2 (HttpServer2.java:addFilter(1003)) - Added filter static_user_filter (class=org.apache.hadoop.http.lib.StaticUserWebFilter$StaticUserFilter) to context static
2020-08-03 17:15:50,771 [Listener at 127.0.0.1/40195] INFO  http.HttpServer2 (HttpServer2.java:bindListener(1237)) - Jetty bound to port 34495
2020-08-03 17:15:50,771 [Listener at 127.0.0.1/40195] INFO  server.Server (Server.java:doStart(359)) - jetty-9.4.26.v20200117; built: 2020-01-17T12:35:33.676Z; git: 7b38981d25d14afb4a12ff1f2596756144edf695; jvm 1.8.0_232-b09
2020-08-03 17:15:50,800 [Listener at 127.0.0.1/40195] INFO  server.session (DefaultSessionIdManager.java:doStart(333)) - DefaultSessionIdManager workerName=node0
2020-08-03 17:15:50,800 [Listener at 127.0.0.1/40195] INFO  server.session (DefaultSessionIdManager.java:doStart(338)) - No SessionScavenger set, using defaults
2020-08-03 17:15:50,801 [Listener at 127.0.0.1/40195] INFO  server.session (HouseKeeper.java:startScavenging(140)) - node0 Scavenging every 600000ms
2020-08-03 17:15:50,807 [Listener at 127.0.0.1/40195] INFO  handler.ContextHandler (ContextHandler.java:doStart(825)) - Started o.e.j.s.ServletContextHandler@293dd4b3{logs,/logs,file:///github/workspace/mnt/ozone/hadoop-ozone/integration-test/target/log,AVAILABLE}
2020-08-03 17:15:50,807 [Listener at 127.0.0.1/40195] INFO  handler.ContextHandler (ContextHandler.java:doStart(825)) - Started o.e.j.s.ServletContextHandler@51577fc8{static,/static,jar:file:/home/user/.m2/repository/org/apache/hadoop/hadoop-hdds-container-service/0.6.0-SNAPSHOT/hadoop-hdds-container-service-0.6.0-SNAPSHOT.jar!/webapps/static,AVAILABLE}
2020-08-03 17:15:50,874 [Datanode State Machine Task Thread - 0] INFO  datanode.InitDatanodeState (InitDatanodeState.java:persistContainerDatanodeDetails(145)) - DatanodeDetails is persisted to /github/workspace/mnt/ozone/hadoop-ozone/integration-test/target/test-dir/MiniOzoneClusterImpl-2656730b-2a13-4e9d-ab06-d54ee6b103c3/datanode-0/meta/datanode.id
2020-08-03 17:15:50,924 [Listener at 127.0.0.1/40195] INFO  handler.ContextHandler (ContextHandler.java:doStart(825)) - Started o.e.j.w.WebAppContext@221ef0f0{hddsDatanode,/,file:///tmp/jetty-0_0_0_0-34495-hadoop-hdds-container-service-0_6_0-SNAPSHOT_jar-_-any-7859800593112371462.dir/webapp/,AVAILABLE}{jar:file:/home/user/.m2/repository/org/apache/hadoop/hadoop-hdds-container-service/0.6.0-SNAPSHOT/hadoop-hdds-container-service-0.6.0-SNAPSHOT.jar!/webapps/hddsDatanode}
2020-08-03 17:15:50,926 [Listener at 127.0.0.1/40195] INFO  server.AbstractConnector (AbstractConnector.java:doStart(330)) - Started ServerConnector@4203190{HTTP/1.1,[http/1.1]}{0.0.0.0:34495}
2020-08-03 17:15:50,926 [Listener at 127.0.0.1/40195] INFO  server.Server (Server.java:doStart(399)) - Started @5149ms
2020-08-03 17:15:50,926 [Listener at 127.0.0.1/40195] WARN  impl.MetricsSystemImpl (MetricsSystemImpl.java:register(276)) - Sink prometheus already exists!
2020-08-03 17:15:50,934 [Listener at 127.0.0.1/40195] INFO  http.BaseHttpServer (BaseHttpServer.java:updateConnectorAddress(327)) - HTTP server of hddsDatanode listening at http://0.0.0.0:34495
2020-08-03 17:15:50,939 [Listener at 127.0.0.1/40195] INFO  impl.MetricsSystemImpl (MetricsSystemImpl.java:init(158)) - HddsDatanode metrics system started (again)
2020-08-03 17:15:50,941 [Listener at 127.0.0.1/40195] INFO  ozone.HddsDatanodeService (HddsDatanodeService.java:start(217)) - HddsDatanodeService host:a7a0531c52c2 ip:172.17.0.2
2020-08-03 17:15:50,951 [org.apache.hadoop.util.JvmPauseMonitor$Monitor@5221321b] INFO  util.JvmPauseMonitor (JvmPauseMonitor.java:run(188)) - Starting JVM pause monitor
2020-08-03 17:15:50,959 [Listener at 127.0.0.1/40195] INFO  volume.HddsVolume (HddsVolume.java:<init>(176)) - Creating Volume: /github/workspace/mnt/ozone/hadoop-ozone/integration-test/target/test-dir/MiniOzoneClusterImpl-2656730b-2a13-4e9d-ab06-d54ee6b103c3/datanode-2/data-0/containers/hdds of storage type : DISK and capacity : 9223372036854775807
2020-08-03 17:15:50,960 [Listener at 127.0.0.1/40195] INFO  volume.MutableVolumeSet (MutableVolumeSet.java:initializeVolumeSet(179)) - Added Volume : /github/workspace/mnt/ozone/hadoop-ozone/integration-test/target/test-dir/MiniOzoneClusterImpl-2656730b-2a13-4e9d-ab06-d54ee6b103c3/datanode-2/data-0/containers/hdds to VolumeSet
2020-08-03 17:15:50,960 [Listener at 127.0.0.1/40195] INFO  volume.ThrottledAsyncChecker (ThrottledAsyncChecker.java:schedule(141)) - Scheduling a check for /github/workspace/mnt/ozone/hadoop-ozone/integration-test/target/test-dir/MiniOzoneClusterImpl-2656730b-2a13-4e9d-ab06-d54ee6b103c3/datanode-2/data-0/containers/hdds
2020-08-03 17:15:50,960 [Listener at 127.0.0.1/40195] INFO  volume.HddsVolumeChecker (HddsVolumeChecker.java:checkAllVolumes(200)) - Scheduled health check for volume /github/workspace/mnt/ozone/hadoop-ozone/integration-test/target/test-dir/MiniOzoneClusterImpl-2656730b-2a13-4e9d-ab06-d54ee6b103c3/datanode-2/data-0/containers/hdds
2020-08-03 17:15:50,973 [Datanode State Machine Task Thread - 0] INFO  datanode.InitDatanodeState (InitDatanodeState.java:persistContainerDatanodeDetails(145)) - DatanodeDetails is persisted to /github/workspace/mnt/ozone/hadoop-ozone/integration-test/target/test-dir/MiniOzoneClusterImpl-2656730b-2a13-4e9d-ab06-d54ee6b103c3/datanode-1/meta/datanode.id
2020-08-03 17:15:50,985 [Thread-152] INFO  ozoneimpl.ContainerReader (ContainerReader.java:readVolume(123)) - Start to verify containers on volume /github/workspace/mnt/ozone/hadoop-ozone/integration-test/target/test-dir/MiniOzoneClusterImpl-2656730b-2a13-4e9d-ab06-d54ee6b103c3/datanode-2/data-0/containers/hdds
2020-08-03 17:15:50,985 [Thread-152] INFO  ozoneimpl.ContainerReader (ContainerReader.java:readVolume(148)) - Finish verifying containers on volume /github/workspace/mnt/ozone/hadoop-ozone/integration-test/target/test-dir/MiniOzoneClusterImpl-2656730b-2a13-4e9d-ab06-d54ee6b103c3/datanode-2/data-0/containers/hdds
2020-08-03 17:15:50,985 [Listener at 127.0.0.1/40195] INFO  ozoneimpl.OzoneContainer (OzoneContainer.java:buildContainerSet(196)) - Build ContainerSet costs 0s
2020-08-03 17:15:50,988 [Listener at 127.0.0.1/40195] INFO  impl.RaftServerProxy (ConfUtils.java:logGet(44)) - raft.rpc.type = GRPC (default)
2020-08-03 17:15:50,988 [Listener at 127.0.0.1/40195] INFO  grpc.GrpcFactory (GrpcFactory.java:checkPooledByteBufAllocatorUseCacheForAllThreads(45)) - PERFORMANCE WARNING: useCacheForAllThreads is true that may cause Netty to create a lot garbage objects and, as a result, trigger GC.
	It is recommended to disable useCacheForAllThreads by setting -Dorg.apache.ratis.thirdparty.io.netty.allocator.useCacheForAllThreads=false in command line.
2020-08-03 17:15:50,988 [Listener at 127.0.0.1/40195] INFO  grpc.GrpcConfigKeys (ConfUtils.java:logGet(44)) - raft.grpc.server.port = 0 (default)
2020-08-03 17:15:50,988 [Listener at 127.0.0.1/40195] INFO  server.GrpcService (ConfUtils.java:logGet(44)) - raft.grpc.message.size.max = 32MB (=33554432) (custom)
2020-08-03 17:15:50,989 [Listener at 127.0.0.1/40195] INFO  server.RaftServerConfigKeys (ConfUtils.java:logGet(44)) - raft.server.log.appender.buffer.byte-limit = 33554432 (custom)
2020-08-03 17:15:50,989 [Listener at 127.0.0.1/40195] INFO  server.GrpcService (ConfUtils.java:logGet(44)) - raft.grpc.flow.control.window = 5MB (=5242880) (custom)
2020-08-03 17:15:50,989 [Listener at 127.0.0.1/40195] INFO  server.RaftServerConfigKeys (ConfUtils.java:logGet(44)) - raft.server.rpc.request.timeout = 3000ms (default)
2020-08-03 17:15:50,990 [Listener at 127.0.0.1/40195] INFO  server.RaftServerConfigKeys (ConfUtils.java:logGet(44)) - raft.server.storage.dir = [/github/workspace/mnt/ozone/hadoop-ozone/integration-test/target/test-dir/MiniOzoneClusterImpl-2656730b-2a13-4e9d-ab06-d54ee6b103c3/datanode-2/data/ratis] (custom)
2020-08-03 17:15:50,994 [Listener at 127.0.0.1/40195] INFO  http.BaseHttpServer (BaseHttpServer.java:newHttpServer2BuilderForOzone(207)) - Starting Web-server for hddsDatanode at: http://0.0.0.0:0
2020-08-03 17:15:50,994 [Listener at 127.0.0.1/40195] INFO  http.BaseHttpServer (BaseHttpServer.java:<init>(106)) - Hadoop Security Enabled: false Ozone Security Enabled: false Ozone HTTP Security Enabled: false 
2020-08-03 17:15:50,995 [Listener at 127.0.0.1/40195] INFO  server.AuthenticationFilter (AuthenticationFilter.java:constructSecretProvider(240)) - Unable to initialize FileSignerSecretProvider, falling back to use random secrets.
2020-08-03 17:15:50,996 [Listener at 127.0.0.1/40195] WARN  http.HttpRequestLog (HttpRequestLog.java:getRequestLog(103)) - Jetty request log can only be enabled using Log4j
2020-08-03 17:15:50,997 [Listener at 127.0.0.1/40195] INFO  http.HttpServer2 (HttpServer2.java:addGlobalFilter(1019)) - Added global filter 'safety' (class=org.apache.hadoop.hdds.server.http.HttpServer2$QuotingInputFilter)
2020-08-03 17:15:50,997 [Listener at 127.0.0.1/40195] INFO  http.HttpServer2 (HttpServer2.java:addFilter(995)) - Added filter static_user_filter (class=org.apache.hadoop.http.lib.StaticUserWebFilter$StaticUserFilter) to context hddsDatanode
2020-08-03 17:15:50,998 [Listener at 127.0.0.1/40195] INFO  http.HttpServer2 (HttpServer2.java:addFilter(1003)) - Added filter static_user_filter (class=org.apache.hadoop.http.lib.StaticUserWebFilter$StaticUserFilter) to context logs
2020-08-03 17:15:50,998 [Listener at 127.0.0.1/40195] INFO  http.HttpServer2 (HttpServer2.java:addFilter(1003)) - Added filter static_user_filter (class=org.apache.hadoop.http.lib.StaticUserWebFilter$StaticUserFilter) to context static
2020-08-03 17:15:50,998 [Listener at 127.0.0.1/40195] INFO  http.HttpServer2 (HttpServer2.java:bindListener(1237)) - Jetty bound to port 33853
2020-08-03 17:15:50,998 [Listener at 127.0.0.1/40195] INFO  server.Server (Server.java:doStart(359)) - jetty-9.4.26.v20200117; built: 2020-01-17T12:35:33.676Z; git: 7b38981d25d14afb4a12ff1f2596756144edf695; jvm 1.8.0_232-b09
2020-08-03 17:15:51,000 [Listener at 127.0.0.1/40195] INFO  server.session (DefaultSessionIdManager.java:doStart(333)) - DefaultSessionIdManager workerName=node0
2020-08-03 17:15:51,000 [Listener at 127.0.0.1/40195] INFO  server.session (DefaultSessionIdManager.java:doStart(338)) - No SessionScavenger set, using defaults
2020-08-03 17:15:51,001 [Listener at 127.0.0.1/40195] INFO  server.session (HouseKeeper.java:startScavenging(140)) - node0 Scavenging every 660000ms
2020-08-03 17:15:51,001 [Listener at 127.0.0.1/40195] INFO  handler.ContextHandler (ContextHandler.java:doStart(825)) - Started o.e.j.s.ServletContextHandler@1676e501{logs,/logs,file:///github/workspace/mnt/ozone/hadoop-ozone/integration-test/target/log,AVAILABLE}
2020-08-03 17:15:51,002 [Listener at 127.0.0.1/40195] INFO  handler.ContextHandler (ContextHandler.java:doStart(825)) - Started o.e.j.s.ServletContextHandler@7f39bcb5{static,/static,jar:file:/home/user/.m2/repository/org/apache/hadoop/hadoop-hdds-container-service/0.6.0-SNAPSHOT/hadoop-hdds-container-service-0.6.0-SNAPSHOT.jar!/webapps/static,AVAILABLE}
2020-08-03 17:15:51,075 [Listener at 127.0.0.1/40195] INFO  handler.ContextHandler (ContextHandler.java:doStart(825)) - Started o.e.j.w.WebAppContext@5232cec1{hddsDatanode,/,file:///tmp/jetty-0_0_0_0-33853-hadoop-hdds-container-service-0_6_0-SNAPSHOT_jar-_-any-5595246432160647147.dir/webapp/,AVAILABLE}{jar:file:/home/user/.m2/repository/org/apache/hadoop/hadoop-hdds-container-service/0.6.0-SNAPSHOT/hadoop-hdds-container-service-0.6.0-SNAPSHOT.jar!/webapps/hddsDatanode}
2020-08-03 17:15:51,077 [Listener at 127.0.0.1/40195] INFO  server.AbstractConnector (AbstractConnector.java:doStart(330)) - Started ServerConnector@6ea0dfaa{HTTP/1.1,[http/1.1]}{0.0.0.0:33853}
2020-08-03 17:15:51,077 [Listener at 127.0.0.1/40195] INFO  server.Server (Server.java:doStart(399)) - Started @5300ms
2020-08-03 17:15:51,077 [Listener at 127.0.0.1/40195] WARN  impl.MetricsSystemImpl (MetricsSystemImpl.java:register(276)) - Sink prometheus already exists!
2020-08-03 17:15:51,081 [Listener at 127.0.0.1/40195] INFO  http.BaseHttpServer (BaseHttpServer.java:updateConnectorAddress(327)) - HTTP server of hddsDatanode listening at http://0.0.0.0:33853
2020-08-03 17:15:51,082 [Listener at 127.0.0.1/40195] INFO  ozone.MiniOzoneClusterImpl (MiniOzoneClusterImpl.java:lambda$waitForClusterToBeReady$0(177)) - Waiting for nodes to be ready. Got 0 of 3 DN Heartbeats.
2020-08-03 17:15:51,082 [Listener at 127.0.0.1/40195] INFO  ozone.MiniOzoneClusterImpl (MiniOzoneClusterImpl.java:lambda$waitForClusterToBeReady$0(180)) - Waiting for cluster to exit safe mode
2020-08-03 17:15:51,084 [org.apache.hadoop.util.JvmPauseMonitor$Monitor@7a3798fa] INFO  util.JvmPauseMonitor (JvmPauseMonitor.java:run(188)) - Starting JVM pause monitor
2020-08-03 17:15:51,086 [Datanode State Machine Task Thread - 0] INFO  datanode.InitDatanodeState (InitDatanodeState.java:persistContainerDatanodeDetails(145)) - DatanodeDetails is persisted to /github/workspace/mnt/ozone/hadoop-ozone/integration-test/target/test-dir/MiniOzoneClusterImpl-2656730b-2a13-4e9d-ab06-d54ee6b103c3/datanode-2/meta/datanode.id
2020-08-03 17:15:52,082 [Listener at 127.0.0.1/40195] INFO  ozone.MiniOzoneClusterImpl (MiniOzoneClusterImpl.java:lambda$waitForClusterToBeReady$0(177)) - Waiting for nodes to be ready. Got 0 of 3 DN Heartbeats.
2020-08-03 17:15:52,082 [Listener at 127.0.0.1/40195] INFO  ozone.MiniOzoneClusterImpl (MiniOzoneClusterImpl.java:lambda$waitForClusterToBeReady$0(180)) - Waiting for cluster to exit safe mode
2020-08-03 17:15:52,794 [Datanode State Machine Task Thread - 1] INFO  ozoneimpl.OzoneContainer (OzoneContainer.java:start(245)) - Attempting to start container services.
2020-08-03 17:15:52,796 [Datanode State Machine Task Thread - 1] INFO  ozoneimpl.OzoneContainer (OzoneContainer.java:startContainerScrub(209)) - Background container scanner has been disabled.
2020-08-03 17:15:52,796 [Datanode State Machine Task Thread - 1] INFO  ratis.XceiverServerRatis (XceiverServerRatis.java:start(440)) - Starting XceiverServerRatis 28d31e53-94a4-41be-8083-cc25a366c2ee at port 0
2020-08-03 17:15:52,811 [Datanode State Machine Task Thread - 1] INFO  impl.RaftServerProxy (RaftServerProxy.java:lambda$start$3(304)) - 28d31e53-94a4-41be-8083-cc25a366c2ee: start RPC server
2020-08-03 17:15:52,867 [Datanode State Machine Task Thread - 1] INFO  server.GrpcService (GrpcService.java:startImpl(160)) - 28d31e53-94a4-41be-8083-cc25a366c2ee: GrpcService started, listening on 0.0.0.0/0.0.0.0:39251
2020-08-03 17:15:52,867 [Datanode State Machine Task Thread - 1] INFO  ratis.XceiverServerRatis (XceiverServerRatis.java:start(452)) - XceiverServerRatis 28d31e53-94a4-41be-8083-cc25a366c2ee is started using port 39251
2020-08-03 17:15:52,870 [Datanode State Machine Task Thread - 1] INFO  server.XceiverServerGrpc (XceiverServerGrpc.java:start(145)) - XceiverServerGrpc 28d31e53-94a4-41be-8083-cc25a366c2ee is started using port 35371
2020-08-03 17:15:52,955 [Datanode State Machine Task Thread - 1] INFO  ozoneimpl.OzoneContainer (OzoneContainer.java:start(245)) - Attempting to start container services.
2020-08-03 17:15:52,958 [Datanode State Machine Task Thread - 1] INFO  ozoneimpl.OzoneContainer (OzoneContainer.java:startContainerScrub(209)) - Background container scanner has been disabled.
2020-08-03 17:15:52,958 [Datanode State Machine Task Thread - 1] INFO  ratis.XceiverServerRatis (XceiverServerRatis.java:start(440)) - Starting XceiverServerRatis c024227d-78fa-419b-86b4-10e35bdc5a8d at port 0
2020-08-03 17:15:52,959 [Datanode State Machine Task Thread - 1] INFO  impl.RaftServerProxy (RaftServerProxy.java:lambda$start$3(304)) - c024227d-78fa-419b-86b4-10e35bdc5a8d: start RPC server
2020-08-03 17:15:52,962 [Datanode State Machine Task Thread - 1] INFO  server.GrpcService (GrpcService.java:startImpl(160)) - c024227d-78fa-419b-86b4-10e35bdc5a8d: GrpcService started, listening on 0.0.0.0/0.0.0.0:34441
2020-08-03 17:15:52,962 [Datanode State Machine Task Thread - 1] INFO  ratis.XceiverServerRatis (XceiverServerRatis.java:start(452)) - XceiverServerRatis c024227d-78fa-419b-86b4-10e35bdc5a8d is started using port 34441
2020-08-03 17:15:52,964 [Datanode State Machine Task Thread - 1] INFO  server.XceiverServerGrpc (XceiverServerGrpc.java:start(145)) - XceiverServerGrpc c024227d-78fa-419b-86b4-10e35bdc5a8d is started using port 37515
2020-08-03 17:15:53,083 [Listener at 127.0.0.1/40195] INFO  ozone.MiniOzoneClusterImpl (MiniOzoneClusterImpl.java:lambda$waitForClusterToBeReady$0(177)) - Waiting for nodes to be ready. Got 0 of 3 DN Heartbeats.
2020-08-03 17:15:53,083 [Listener at 127.0.0.1/40195] INFO  ozone.MiniOzoneClusterImpl (MiniOzoneClusterImpl.java:lambda$waitForClusterToBeReady$0(180)) - Waiting for cluster to exit safe mode
2020-08-03 17:15:53,092 [Datanode State Machine Task Thread - 1] INFO  ozoneimpl.OzoneContainer (OzoneContainer.java:start(245)) - Attempting to start container services.
2020-08-03 17:15:53,092 [Datanode State Machine Task Thread - 1] INFO  ozoneimpl.OzoneContainer (OzoneContainer.java:startContainerScrub(209)) - Background container scanner has been disabled.
2020-08-03 17:15:53,092 [Datanode State Machine Task Thread - 1] INFO  ratis.XceiverServerRatis (XceiverServerRatis.java:start(440)) - Starting XceiverServerRatis e3f65f98-62cd-4b84-8686-7eecf5344940 at port 0
2020-08-03 17:15:53,094 [Datanode State Machine Task Thread - 1] INFO  impl.RaftServerProxy (RaftServerProxy.java:lambda$start$3(304)) - e3f65f98-62cd-4b84-8686-7eecf5344940: start RPC server
2020-08-03 17:15:53,100 [Datanode State Machine Task Thread - 1] INFO  server.GrpcService (GrpcService.java:startImpl(160)) - e3f65f98-62cd-4b84-8686-7eecf5344940: GrpcService started, listening on 0.0.0.0/0.0.0.0:38305
2020-08-03 17:15:53,100 [Datanode State Machine Task Thread - 1] INFO  ratis.XceiverServerRatis (XceiverServerRatis.java:start(452)) - XceiverServerRatis e3f65f98-62cd-4b84-8686-7eecf5344940 is started using port 38305
2020-08-03 17:15:53,108 [Datanode State Machine Task Thread - 1] INFO  server.XceiverServerGrpc (XceiverServerGrpc.java:start(145)) - XceiverServerGrpc e3f65f98-62cd-4b84-8686-7eecf5344940 is started using port 41541
2020-08-03 17:15:54,084 [Listener at 127.0.0.1/40195] INFO  ozone.MiniOzoneClusterImpl (MiniOzoneClusterImpl.java:lambda$waitForClusterToBeReady$0(177)) - Waiting for nodes to be ready. Got 0 of 3 DN Heartbeats.
2020-08-03 17:15:54,084 [Listener at 127.0.0.1/40195] INFO  ozone.MiniOzoneClusterImpl (MiniOzoneClusterImpl.java:lambda$waitForClusterToBeReady$0(180)) - Waiting for cluster to exit safe mode
2020-08-03 17:15:54,763 [IPC Server handler 0 on default port 40963] INFO  net.NetworkTopology (NetworkTopologyImpl.java:add(111)) - Added a new node: /default-rack/28d31e53-94a4-41be-8083-cc25a366c2ee
2020-08-03 17:15:54,766 [IPC Server handler 0 on default port 40963] INFO  node.SCMNodeManager (SCMNodeManager.java:register(274)) - Registered Data node : 28d31e53-94a4-41be-8083-cc25a366c2ee{ip: 172.17.0.2, host: a7a0531c52c2, networkLocation: /default-rack, certSerialId: null}
2020-08-03 17:15:54,772 [EventQueue-NodeRegistrationContainerReportForContainerSafeModeRule] INFO  safemode.SCMSafeModeManager (SCMSafeModeManager.java:validateSafeModeExitRules(214)) - ContainerSafeModeRule rule is successfully validated
2020-08-03 17:15:54,773 [EventQueue-NodeRegistrationContainerReportForDataNodeSafeModeRule] INFO  safemode.SCMSafeModeManager (DataNodeSafeModeRule.java:process(71)) - SCM in safe mode. 1 DataNodes registered, 1 required.
2020-08-03 17:15:54,773 [EventQueue-NodeRegistrationContainerReportForDataNodeSafeModeRule] INFO  safemode.SCMSafeModeManager (SCMSafeModeManager.java:validateSafeModeExitRules(214)) - DataNodeSafeModeRule rule is successfully validated
2020-08-03 17:15:54,773 [EventQueue-NodeRegistrationContainerReportForDataNodeSafeModeRule] INFO  safemode.SCMSafeModeManager (SCMSafeModeManager.java:completePreCheck(242)) - All SCM safe mode pre check rules have passed
2020-08-03 17:15:54,785 [RatisPipelineUtilsThread] INFO  pipeline.RatisPipelineProvider (RatisPipelineProvider.java:lambda$create$0(138)) - Sending CreatePipelineCommand for pipeline:PipelineID=5e4f58bf-c800-487b-a1e6-0d039929c64f to datanode:28d31e53-94a4-41be-8083-cc25a366c2ee
2020-08-03 17:15:54,800 [RatisPipelineUtilsThread] INFO  pipeline.PipelineStateManager (PipelineStateManager.java:addPipeline(54)) - Created pipeline Pipeline[ Id: 5e4f58bf-c800-487b-a1e6-0d039929c64f, Nodes: 28d31e53-94a4-41be-8083-cc25a366c2ee{ip: 172.17.0.2, host: a7a0531c52c2, networkLocation: /default-rack, certSerialId: null}, Type:RATIS, Factor:ONE, State:ALLOCATED, leaderId:, CreationTimestamp2020-08-03T17:15:54.779Z]
2020-08-03 17:15:54,802 [RatisPipelineUtilsThread] WARN  pipeline.PipelinePlacementPolicy (PipelinePlacementPolicy.java:filterViableNodes(133)) - Pipeline creation failed due to no sufficient healthy datanodes. Required 3. Found 1.
2020-08-03 17:15:54,953 [IPC Server handler 1 on default port 40963] INFO  net.NetworkTopology (NetworkTopologyImpl.java:add(111)) - Added a new node: /default-rack/c024227d-78fa-419b-86b4-10e35bdc5a8d
2020-08-03 17:15:54,953 [IPC Server handler 1 on default port 40963] INFO  node.SCMNodeManager (SCMNodeManager.java:register(274)) - Registered Data node : c024227d-78fa-419b-86b4-10e35bdc5a8d{ip: 172.17.0.2, host: a7a0531c52c2, networkLocation: /default-rack, certSerialId: null}
2020-08-03 17:15:54,954 [EventQueue-NodeRegistrationContainerReportForContainerSafeModeRule] INFO  safemode.SCMSafeModeManager (SCMSafeModeManager.java:validateSafeModeExitRules(214)) - ContainerSafeModeRule rule is successfully validated
2020-08-03 17:15:54,954 [EventQueue-NodeRegistrationContainerReportForDataNodeSafeModeRule] INFO  safemode.SCMSafeModeManager (SCMSafeModeManager.java:validateSafeModeExitRules(214)) - DataNodeSafeModeRule rule is successfully validated
2020-08-03 17:15:54,955 [RatisPipelineUtilsThread] INFO  pipeline.RatisPipelineProvider (RatisPipelineProvider.java:lambda$create$0(138)) - Sending CreatePipelineCommand for pipeline:PipelineID=0b06ff80-17d5-4678-8d11-6eeaa7bfe92e to datanode:c024227d-78fa-419b-86b4-10e35bdc5a8d
2020-08-03 17:15:54,956 [RatisPipelineUtilsThread] INFO  pipeline.PipelineStateManager (PipelineStateManager.java:addPipeline(54)) - Created pipeline Pipeline[ Id: 0b06ff80-17d5-4678-8d11-6eeaa7bfe92e, Nodes: c024227d-78fa-419b-86b4-10e35bdc5a8d{ip: 172.17.0.2, host: a7a0531c52c2, networkLocation: /default-rack, certSerialId: null}, Type:RATIS, Factor:ONE, State:ALLOCATED, leaderId:, CreationTimestamp2020-08-03T17:15:54.955Z]
2020-08-03 17:15:54,956 [RatisPipelineUtilsThread] WARN  pipeline.PipelinePlacementPolicy (PipelinePlacementPolicy.java:filterViableNodes(133)) - Pipeline creation failed due to no sufficient healthy datanodes. Required 3. Found 2.
2020-08-03 17:15:55,084 [Listener at 127.0.0.1/40195] INFO  ozone.MiniOzoneClusterImpl (MiniOzoneClusterImpl.java:lambda$waitForClusterToBeReady$0(177)) - Waiting for nodes to be ready. Got 2 of 3 DN Heartbeats.
2020-08-03 17:15:55,085 [Listener at 127.0.0.1/40195] INFO  ozone.MiniOzoneClusterImpl (MiniOzoneClusterImpl.java:lambda$waitForClusterToBeReady$0(180)) - Waiting for cluster to exit safe mode
2020-08-03 17:15:55,087 [IPC Server handler 2 on default port 40963] INFO  net.NetworkTopology (NetworkTopologyImpl.java:add(111)) - Added a new node: /default-rack/e3f65f98-62cd-4b84-8686-7eecf5344940
2020-08-03 17:15:55,088 [IPC Server handler 2 on default port 40963] INFO  node.SCMNodeManager (SCMNodeManager.java:register(274)) - Registered Data node : e3f65f98-62cd-4b84-8686-7eecf5344940{ip: 172.17.0.2, host: a7a0531c52c2, networkLocation: /default-rack, certSerialId: null}
2020-08-03 17:15:55,089 [EventQueue-NodeRegistrationContainerReportForDataNodeSafeModeRule] INFO  safemode.SCMSafeModeManager (SCMSafeModeManager.java:validateSafeModeExitRules(214)) - DataNodeSafeModeRule rule is successfully validated
2020-08-03 17:15:55,089 [EventQueue-NodeRegistrationContainerReportForContainerSafeModeRule] INFO  safemode.SCMSafeModeManager (SCMSafeModeManager.java:validateSafeModeExitRules(214)) - ContainerSafeModeRule rule is successfully validated
2020-08-03 17:15:55,089 [RatisPipelineUtilsThread] INFO  pipeline.RatisPipelineProvider (RatisPipelineProvider.java:lambda$create$0(138)) - Sending CreatePipelineCommand for pipeline:PipelineID=8bd17c12-d991-44a2-b845-74fb5b2205f6 to datanode:e3f65f98-62cd-4b84-8686-7eecf5344940
2020-08-03 17:15:55,090 [RatisPipelineUtilsThread] INFO  pipeline.PipelineStateManager (PipelineStateManager.java:addPipeline(54)) - Created pipeline Pipeline[ Id: 8bd17c12-d991-44a2-b845-74fb5b2205f6, Nodes: e3f65f98-62cd-4b84-8686-7eecf5344940{ip: 172.17.0.2, host: a7a0531c52c2, networkLocation: /default-rack, certSerialId: null}, Type:RATIS, Factor:ONE, State:ALLOCATED, leaderId:, CreationTimestamp2020-08-03T17:15:55.089Z]
2020-08-03 17:15:55,094 [RatisPipelineUtilsThread] INFO  pipeline.RatisPipelineProvider (RatisPipelineProvider.java:lambda$create$0(138)) - Sending CreatePipelineCommand for pipeline:PipelineID=6896f128-0f51-4a29-a49a-9ff6351e82cf to datanode:28d31e53-94a4-41be-8083-cc25a366c2ee
2020-08-03 17:15:55,094 [RatisPipelineUtilsThread] INFO  pipeline.RatisPipelineProvider (RatisPipelineProvider.java:lambda$create$0(138)) - Sending CreatePipelineCommand for pipeline:PipelineID=6896f128-0f51-4a29-a49a-9ff6351e82cf to datanode:e3f65f98-62cd-4b84-8686-7eecf5344940
2020-08-03 17:15:55,094 [RatisPipelineUtilsThread] INFO  pipeline.RatisPipelineProvider (RatisPipelineProvider.java:lambda$create$0(138)) - Sending CreatePipelineCommand for pipeline:PipelineID=6896f128-0f51-4a29-a49a-9ff6351e82cf to datanode:c024227d-78fa-419b-86b4-10e35bdc5a8d
2020-08-03 17:15:55,095 [RatisPipelineUtilsThread] INFO  pipeline.PipelineStateManager (PipelineStateManager.java:addPipeline(54)) - Created pipeline Pipeline[ Id: 6896f128-0f51-4a29-a49a-9ff6351e82cf, Nodes: 28d31e53-94a4-41be-8083-cc25a366c2ee{ip: 172.17.0.2, host: a7a0531c52c2, networkLocation: /default-rack, certSerialId: null}e3f65f98-62cd-4b84-8686-7eecf5344940{ip: 172.17.0.2, host: a7a0531c52c2, networkLocation: /default-rack, certSerialId: null}c024227d-78fa-419b-86b4-10e35bdc5a8d{ip: 172.17.0.2, host: a7a0531c52c2, networkLocation: /default-rack, certSerialId: null}, Type:RATIS, Factor:THREE, State:ALLOCATED, leaderId:, CreationTimestamp2020-08-03T17:15:55.094Z]
2020-08-03 17:15:56,085 [Listener at 127.0.0.1/40195] INFO  ozone.MiniOzoneClusterImpl (MiniOzoneClusterImpl.java:lambda$waitForClusterToBeReady$0(177)) - Nodes are ready. Got 3 of 3 DN Heartbeats.
2020-08-03 17:15:56,085 [Listener at 127.0.0.1/40195] INFO  ozone.MiniOzoneClusterImpl (MiniOzoneClusterImpl.java:lambda$waitForClusterToBeReady$0(180)) - Waiting for cluster to exit safe mode
2020-08-03 17:15:57,086 [Listener at 127.0.0.1/40195] INFO  ozone.MiniOzoneClusterImpl (MiniOzoneClusterImpl.java:lambda$waitForClusterToBeReady$0(177)) - Nodes are ready. Got 3 of 3 DN Heartbeats.
2020-08-03 17:15:57,086 [Listener at 127.0.0.1/40195] INFO  ozone.MiniOzoneClusterImpl (MiniOzoneClusterImpl.java:lambda$waitForClusterToBeReady$0(180)) - Waiting for cluster to exit safe mode
2020-08-03 17:15:57,756 [Command processor thread] INFO  impl.RaftServerProxy (RaftServerProxy.java:addNew(89)) - 28d31e53-94a4-41be-8083-cc25a366c2ee: addNew group-0D039929C64F:[28d31e53-94a4-41be-8083-cc25a366c2ee:172.17.0.2:39251] returns group-0D039929C64F:java.util.concurrent.CompletableFuture@3409acb8[Not completed]
2020-08-03 17:15:57,771 [pool-33-thread-1] INFO  impl.RaftServerImpl (RaftServerImpl.java:<init>(107)) - 28d31e53-94a4-41be-8083-cc25a366c2ee: new RaftServerImpl for group-0D039929C64F:[28d31e53-94a4-41be-8083-cc25a366c2ee:172.17.0.2:39251] with ContainerStateMachine:uninitialized
2020-08-03 17:15:57,772 [pool-33-thread-1] INFO  server.RaftServerConfigKeys (ConfUtils.java:logGet(44)) - raft.server.rpc.timeout.min = 5s (custom)
2020-08-03 17:15:57,773 [pool-33-thread-1] INFO  server.RaftServerConfigKeys (ConfUtils.java:logGet(44)) - raft.server.rpc.timeout.max = 5200ms (custom)
2020-08-03 17:15:57,773 [pool-33-thread-1] INFO  server.RaftServerConfigKeys (ConfUtils.java:logGet(44)) - raft.server.rpcslowness.timeout = 1000000ms (custom)
2020-08-03 17:15:57,773 [pool-33-thread-1] INFO  server.RaftServerConfigKeys (ConfUtils.java:logGet(44)) - raft.server.sleep.deviation.threshold = 300 (default)
2020-08-03 17:15:57,774 [pool-33-thread-1] INFO  server.RaftServerConfigKeys (ConfUtils.java:logGet(44)) - raft.server.log.appender.install.snapshot.enabled = false (custom)
2020-08-03 17:15:57,781 [pool-33-thread-1] INFO  impl.RaftServerImpl (ServerState.java:<init>(103)) - 28d31e53-94a4-41be-8083-cc25a366c2ee@group-0D039929C64F: ConfigurationManager, init=-1: [28d31e53-94a4-41be-8083-cc25a366c2ee:172.17.0.2:39251], old=null, confs=<EMPTY_MAP>
2020-08-03 17:15:57,781 [pool-33-thread-1] INFO  server.RaftServerConfigKeys (ConfUtils.java:logGet(44)) - raft.server.storage.dir = [/github/workspace/mnt/ozone/hadoop-ozone/integration-test/target/test-dir/MiniOzoneClusterImpl-2656730b-2a13-4e9d-ab06-d54ee6b103c3/datanode-0/data/ratis] (custom)
2020-08-03 17:15:57,785 [pool-33-thread-1] INFO  server.RaftServerConfigKeys (ConfUtils.java:logGet(44)) - raft.server.log.corruption.policy = EXCEPTION (default)
2020-08-03 17:15:57,786 [pool-33-thread-1] INFO  storage.RaftStorageDirectory (RaftStorageDirectory.java:analyzeStorage(261)) - The storage directory /github/workspace/mnt/ozone/hadoop-ozone/integration-test/target/test-dir/MiniOzoneClusterImpl-2656730b-2a13-4e9d-ab06-d54ee6b103c3/datanode-0/data/ratis/5e4f58bf-c800-487b-a1e6-0d039929c64f does not exist. Creating ...
2020-08-03 17:15:57,792 [pool-33-thread-1] INFO  storage.RaftStorageDirectory (RaftStorageDirectory.java:tryLock(343)) - Lock on /github/workspace/mnt/ozone/hadoop-ozone/integration-test/target/test-dir/MiniOzoneClusterImpl-2656730b-2a13-4e9d-ab06-d54ee6b103c3/datanode-0/data/ratis/5e4f58bf-c800-487b-a1e6-0d039929c64f/in_use.lock acquired by nodename 43722@a7a0531c52c2
2020-08-03 17:15:57,795 [pool-33-thread-1] INFO  storage.RaftStorage (RaftStorage.java:format(84)) - Storage directory /github/workspace/mnt/ozone/hadoop-ozone/integration-test/target/test-dir/MiniOzoneClusterImpl-2656730b-2a13-4e9d-ab06-d54ee6b103c3/datanode-0/data/ratis/5e4f58bf-c800-487b-a1e6-0d039929c64f has been successfully formatted.
2020-08-03 17:15:57,799 [Datanode State Machine Thread - 0] WARN  statemachine.DatanodeStateMachine (DatanodeStateMachine.java:start(245)) - Interrupt the execution.
java.lang.InterruptedException: sleep interrupted
	at java.lang.Thread.sleep(Native Method)
	at org.apache.hadoop.ozone.container.common.statemachine.DatanodeStateMachine.start(DatanodeStateMachine.java:243)
	at org.apache.hadoop.ozone.container.common.statemachine.DatanodeStateMachine.lambda$startDaemon$0(DatanodeStateMachine.java:405)
	at java.lang.Thread.run(Thread.java:748)
2020-08-03 17:15:57,801 [pool-33-thread-1] INFO  ratis.ContainerStateMachine (ContainerStateMachine.java:loadSnapshot(225)) - group-0D039929C64F: The snapshot info is null. Setting the last applied indexto:(t:0, i:~)
2020-08-03 17:15:57,802 [EventQueue-PipelineReportForPipelineReportHandler] INFO  pipeline.PipelineStateManager (PipelineStateManager.java:openPipeline(131)) - Pipeline Pipeline[ Id: 5e4f58bf-c800-487b-a1e6-0d039929c64f, Nodes: 28d31e53-94a4-41be-8083-cc25a366c2ee{ip: 172.17.0.2, host: a7a0531c52c2, networkLocation: /default-rack, certSerialId: null}, Type:RATIS, Factor:ONE, State:ALLOCATED, leaderId:28d31e53-94a4-41be-8083-cc25a366c2ee, CreationTimestamp2020-08-03T17:15:54.779Z] moved to OPEN state
2020-08-03 17:15:57,802 [pool-33-thread-1] INFO  server.RaftServerConfigKeys (ConfUtils.java:logGet(44)) - raft.server.notification.no-leader.timeout = 1000000ms (custom)
2020-08-03 17:15:57,804 [EventQueue-OpenPipelineForHealthyPipelineSafeModeRule] INFO  safemode.SCMSafeModeManager (HealthyPipelineSafeModeRule.java:process(129)) - SCM in safe mode. Healthy pipelines reported count is 0, required healthy pipeline reported count is 1
2020-08-03 17:15:57,810 [pool-33-thread-1] INFO  server.RaftServerConfigKeys (ConfUtils.java:logGet(44)) - raft.server.log.use.memory = false (default)
2020-08-03 17:15:57,813 [EventQueue-OpenPipelineForOneReplicaPipelineSafeModeRule] INFO  safemode.SCMSafeModeManager (SCMSafeModeManager.java:validateSafeModeExitRules(214)) - AtleastOneDatanodeReportedRule rule is successfully validated
2020-08-03 17:15:57,814 [pool-33-thread-1] INFO  server.RaftServerConfigKeys (ConfUtils.java:logGet(44)) - raft.server.log.purge.gap = 1000000 (custom)
2020-08-03 17:15:57,843 [pool-33-thread-1] INFO  metrics.RatisMetrics (RatisMetrics.java:lambda$create$0(36)) - Creating Metrics Registry : ratis.log_worker.28d31e53-94a4-41be-8083-cc25a366c2ee@group-0D039929C64F
2020-08-03 17:15:57,861 [pool-33-thread-1] INFO  server.RaftServerConfigKeys (ConfUtils.java:logGet(44)) - raft.server.log.appender.buffer.byte-limit = 33554432 (custom)
2020-08-03 17:15:57,863 [pool-33-thread-1] INFO  server.RaftServerConfigKeys (ConfUtils.java:logGet(44)) - raft.server.log.segment.size.max = 1048576 (custom)
2020-08-03 17:15:57,874 [pool-33-thread-1] INFO  server.RaftServerConfigKeys (ConfUtils.java:logGet(44)) - raft.server.log.segment.cache.num.max = 2 (custom)
2020-08-03 17:15:57,879 [pool-33-thread-1] INFO  segmented.SegmentedRaftLogWorker (SegmentedRaftLogWorker.java:<init>(180)) - new 28d31e53-94a4-41be-8083-cc25a366c2ee@group-0D039929C64F-SegmentedRaftLogWorker for RaftStorage:Storage Directory /github/workspace/mnt/ozone/hadoop-ozone/integration-test/target/test-dir/MiniOzoneClusterImpl-2656730b-2a13-4e9d-ab06-d54ee6b103c3/datanode-0/data/ratis/5e4f58bf-c800-487b-a1e6-0d039929c64f
2020-08-03 17:15:57,880 [pool-33-thread-1] INFO  server.RaftServerConfigKeys (ConfUtils.java:logGet(44)) - raft.server.log.queue.byte-limit = 2147483647 (custom)
2020-08-03 17:15:57,880 [pool-33-thread-1] INFO  server.RaftServerConfigKeys (ConfUtils.java:logGet(44)) - raft.server.log.queue.element-limit = 1024 (custom)
2020-08-03 17:15:57,881 [pool-33-thread-1] INFO  server.RaftServerConfigKeys (ConfUtils.java:logGet(44)) - raft.server.log.segment.size.max = 1048576 (custom)
2020-08-03 17:15:57,882 [pool-33-thread-1] INFO  server.RaftServerConfigKeys (ConfUtils.java:logGet(44)) - raft.server.log.preallocated.size = 16384 (custom)
2020-08-03 17:15:57,883 [pool-33-thread-1] INFO  server.RaftServerConfigKeys (ConfUtils.java:logGet(44)) - raft.server.log.write.buffer.size = 1048576 (custom)
2020-08-03 17:15:57,884 [pool-33-thread-1] INFO  server.RaftServerConfigKeys (ConfUtils.java:logGet(44)) - raft.server.log.force.sync.num = 128 (default)
2020-08-03 17:15:57,885 [pool-33-thread-1] INFO  server.RaftServerConfigKeys (ConfUtils.java:logGet(44)) - raft.server.log.statemachine.data.sync = true (default)
2020-08-03 17:15:57,886 [pool-33-thread-1] INFO  server.RaftServerConfigKeys (ConfUtils.java:logGet(44)) - raft.server.log.statemachine.data.sync.timeout = 10s (default)
2020-08-03 17:15:57,886 [pool-33-thread-1] INFO  server.RaftServerConfigKeys (ConfUtils.java:logGet(44)) - raft.server.log.statemachine.data.sync.timeout.retry = -1 (default)
2020-08-03 17:15:57,902 [pool-33-thread-1] INFO  server.RaftServerConfigKeys (ConfUtils.java:logGet(44)) - raft.server.log.statemachine.data.caching.enabled = true (custom)
2020-08-03 17:15:57,907 [pool-33-thread-1] INFO  segmented.SegmentedRaftLogWorker (SegmentedRaftLogWorker.java:lambda$new$0(129)) - 28d31e53-94a4-41be-8083-cc25a366c2ee@group-0D039929C64F-SegmentedRaftLogWorker: flushIndex: setUnconditionally 0 -> -1
2020-08-03 17:15:57,907 [pool-33-thread-1] INFO  segmented.SegmentedRaftLogWorker (SegmentedRaftLogWorker.java:lambda$new$0(129)) - 28d31e53-94a4-41be-8083-cc25a366c2ee@group-0D039929C64F-SegmentedRaftLogWorker: safeCacheEvictIndex: setUnconditionally 0 -> -1
2020-08-03 17:15:57,912 [pool-33-thread-1] INFO  server.RaftServerConfigKeys (ConfUtils.java:logGet(44)) - raft.server.snapshot.auto.trigger.enabled = true (custom)
2020-08-03 17:15:57,912 [pool-33-thread-1] INFO  server.RaftServerConfigKeys (ConfUtils.java:logGet(44)) - raft.server.snapshot.auto.trigger.threshold = 10000 (custom)
2020-08-03 17:15:57,913 [pool-33-thread-1] INFO  server.RaftServerConfigKeys (ConfUtils.java:logGet(44)) - raft.server.snapshot.retention.file.num = 5 (custom)
2020-08-03 17:15:57,914 [pool-33-thread-1] INFO  server.RaftServerConfigKeys (ConfUtils.java:logGet(44)) - raft.server.log.purge.upto.snapshot.index = false (default)
2020-08-03 17:15:57,914 [pool-33-thread-1] INFO  server.RaftServerConfigKeys (ConfUtils.java:logGet(44)) - raft.server.retrycache.expirytime = 600000ms (custom)
2020-08-03 17:15:57,934 [pool-33-thread-1] INFO  metrics.RatisMetrics (RatisMetrics.java:lambda$create$0(36)) - Creating Metrics Registry : ratis.leader_election.28d31e53-94a4-41be-8083-cc25a366c2ee@group-0D039929C64F
2020-08-03 17:15:57,937 [pool-33-thread-1] INFO  metrics.RatisMetrics (RatisMetrics.java:lambda$create$0(36)) - Creating Metrics Registry : ratis.server.28d31e53-94a4-41be-8083-cc25a366c2ee@group-0D039929C64F
2020-08-03 17:15:57,942 [pool-33-thread-1] INFO  impl.RaftServerImpl (RaftServerImpl.java:start(196)) - 28d31e53-94a4-41be-8083-cc25a366c2ee@group-0D039929C64F: start as a follower, conf=-1: [28d31e53-94a4-41be-8083-cc25a366c2ee:172.17.0.2:39251], old=null
2020-08-03 17:15:57,943 [pool-33-thread-1] INFO  impl.RaftServerImpl (RaftServerImpl.java:setRole(185)) - 28d31e53-94a4-41be-8083-cc25a366c2ee@group-0D039929C64F: changes role from      null to FOLLOWER at term 0 for startAsFollower
2020-08-03 17:15:57,944 [pool-33-thread-1] INFO  impl.RoleInfo (RoleInfo.java:updateAndGet(143)) - 28d31e53-94a4-41be-8083-cc25a366c2ee: start FollowerState
2020-08-03 17:15:57,950 [pool-33-thread-1] INFO  util.JmxRegister (JmxRegister.java:tryRegister(44)) - Successfully registered JMX Bean with object name Ratis:service=RaftServer,group=group-0D039929C64F,id=28d31e53-94a4-41be-8083-cc25a366c2ee
2020-08-03 17:15:57,952 [pool-33-thread-1] INFO  metrics.RatisMetrics (RatisMetrics.java:lambda$create$0(36)) - Creating Metrics Registry : ratis.state_machine.28d31e53-94a4-41be-8083-cc25a366c2ee@group-0D039929C64F
2020-08-03 17:15:57,956 [Command processor thread] INFO  impl.RaftServerProxy (RaftServerProxy.java:addNew(89)) - c024227d-78fa-419b-86b4-10e35bdc5a8d: addNew group-6EEAA7BFE92E:[c024227d-78fa-419b-86b4-10e35bdc5a8d:172.17.0.2:34441] returns group-6EEAA7BFE92E:java.util.concurrent.CompletableFuture@38d3aa21[Not completed]
2020-08-03 17:15:57,988 [Command processor thread] INFO  commandhandler.CreatePipelineCommandHandler (CreatePipelineCommandHandler.java:handle(110)) - Created Pipeline RATIS ONE #id: "5e4f58bf-c800-487b-a1e6-0d039929c64f"
uuid128 {
  mostSigBits: 6795747943442827387
  leastSigBits: -6780717879853988273
}
.
2020-08-03 17:15:57,989 [Command processor thread] INFO  impl.RaftServerProxy (RaftServerProxy.java:addNew(89)) - 28d31e53-94a4-41be-8083-cc25a366c2ee: addNew group-9FF6351E82CF:[e3f65f98-62cd-4b84-8686-7eecf5344940:172.17.0.2:38305, 28d31e53-94a4-41be-8083-cc25a366c2ee:172.17.0.2:39251, c024227d-78fa-419b-86b4-10e35bdc5a8d:172.17.0.2:34441] returns group-9FF6351E82CF:java.util.concurrent.CompletableFuture@37751f0[Not completed]
2020-08-03 17:15:57,995 [pool-48-thread-1] INFO  impl.RaftServerImpl (RaftServerImpl.java:<init>(107)) - c024227d-78fa-419b-86b4-10e35bdc5a8d: new RaftServerImpl for group-6EEAA7BFE92E:[c024227d-78fa-419b-86b4-10e35bdc5a8d:172.17.0.2:34441] with ContainerStateMachine:uninitialized
2020-08-03 17:15:57,996 [pool-48-thread-1] INFO  server.RaftServerConfigKeys (ConfUtils.java:logGet(44)) - raft.server.rpc.timeout.min = 5s (custom)
2020-08-03 17:15:57,996 [pool-48-thread-1] INFO  server.RaftServerConfigKeys (ConfUtils.java:logGet(44)) - raft.server.rpc.timeout.max = 5200ms (custom)
2020-08-03 17:15:57,996 [pool-48-thread-1] INFO  server.RaftServerConfigKeys (ConfUtils.java:logGet(44)) - raft.server.rpcslowness.timeout = 1000000ms (custom)
2020-08-03 17:15:57,996 [pool-48-thread-1] INFO  server.RaftServerConfigKeys (ConfUtils.java:logGet(44)) - raft.server.sleep.deviation.threshold = 300 (default)
2020-08-03 17:15:57,996 [pool-48-thread-1] INFO  server.RaftServerConfigKeys (ConfUtils.java:logGet(44)) - raft.server.log.appender.install.snapshot.enabled = false (custom)
2020-08-03 17:15:57,996 [pool-48-thread-1] INFO  impl.RaftServerImpl (ServerState.java:<init>(103)) - c024227d-78fa-419b-86b4-10e35bdc5a8d@group-6EEAA7BFE92E: ConfigurationManager, init=-1: [c024227d-78fa-419b-86b4-10e35bdc5a8d:172.17.0.2:34441], old=null, confs=<EMPTY_MAP>
2020-08-03 17:15:57,997 [pool-48-thread-1] INFO  server.RaftServerConfigKeys (ConfUtils.java:logGet(44)) - raft.server.storage.dir = [/github/workspace/mnt/ozone/hadoop-ozone/integration-test/target/test-dir/MiniOzoneClusterImpl-2656730b-2a13-4e9d-ab06-d54ee6b103c3/datanode-1/data/ratis] (custom)
2020-08-03 17:15:57,997 [pool-48-thread-1] INFO  server.RaftServerConfigKeys (ConfUtils.java:logGet(44)) - raft.server.log.corruption.policy = EXCEPTION (default)
2020-08-03 17:15:57,997 [pool-48-thread-1] INFO  storage.RaftStorageDirectory (RaftStorageDirectory.java:analyzeStorage(261)) - The storage directory /github/workspace/mnt/ozone/hadoop-ozone/integration-test/target/test-dir/MiniOzoneClusterImpl-2656730b-2a13-4e9d-ab06-d54ee6b103c3/datanode-1/data/ratis/0b06ff80-17d5-4678-8d11-6eeaa7bfe92e does not exist. Creating ...
2020-08-03 17:15:57,998 [pool-48-thread-1] INFO  storage.RaftStorageDirectory (RaftStorageDirectory.java:tryLock(343)) - Lock on /github/workspace/mnt/ozone/hadoop-ozone/integration-test/target/test-dir/MiniOzoneClusterImpl-2656730b-2a13-4e9d-ab06-d54ee6b103c3/datanode-1/data/ratis/0b06ff80-17d5-4678-8d11-6eeaa7bfe92e/in_use.lock acquired by nodename 43722@a7a0531c52c2
2020-08-03 17:15:58,000 [pool-33-thread-1] INFO  impl.RaftServerImpl (RaftServerImpl.java:<init>(107)) - 28d31e53-94a4-41be-8083-cc25a366c2ee: new RaftServerImpl for group-9FF6351E82CF:[e3f65f98-62cd-4b84-8686-7eecf5344940:172.17.0.2:38305, 28d31e53-94a4-41be-8083-cc25a366c2ee:172.17.0.2:39251, c024227d-78fa-419b-86b4-10e35bdc5a8d:172.17.0.2:34441] with ContainerStateMachine:uninitialized
2020-08-03 17:15:58,001 [pool-33-thread-1] INFO  server.RaftServerConfigKeys (ConfUtils.java:logGet(44)) - raft.server.rpc.timeout.min = 5s (custom)
2020-08-03 17:15:58,001 [pool-33-thread-1] INFO  server.RaftServerConfigKeys (ConfUtils.java:logGet(44)) - raft.server.rpc.timeout.max = 5200ms (custom)
2020-08-03 17:15:58,001 [pool-33-thread-1] INFO  server.RaftServerConfigKeys (ConfUtils.java:logGet(44)) - raft.server.rpcslowness.timeout = 1000000ms (custom)
2020-08-03 17:15:58,001 [pool-33-thread-1] INFO  server.RaftServerConfigKeys (ConfUtils.java:logGet(44)) - raft.server.sleep.deviation.threshold = 300 (default)
2020-08-03 17:15:58,001 [pool-33-thread-1] INFO  server.RaftServerConfigKeys (ConfUtils.java:logGet(44)) - raft.server.log.appender.install.snapshot.enabled = false (custom)
2020-08-03 17:15:58,001 [pool-33-thread-1] INFO  impl.RaftServerImpl (ServerState.java:<init>(103)) - 28d31e53-94a4-41be-8083-cc25a366c2ee@group-9FF6351E82CF: ConfigurationManager, init=-1: [e3f65f98-62cd-4b84-8686-7eecf5344940:172.17.0.2:38305, 28d31e53-94a4-41be-8083-cc25a366c2ee:172.17.0.2:39251, c024227d-78fa-419b-86b4-10e35bdc5a8d:172.17.0.2:34441], old=null, confs=<EMPTY_MAP>
2020-08-03 17:15:58,001 [pool-33-thread-1] INFO  server.RaftServerConfigKeys (ConfUtils.java:logGet(44)) - raft.server.storage.dir = [/github/workspace/mnt/ozone/hadoop-ozone/integration-test/target/test-dir/MiniOzoneClusterImpl-2656730b-2a13-4e9d-ab06-d54ee6b103c3/datanode-0/data/ratis] (custom)
2020-08-03 17:15:58,001 [pool-33-thread-1] INFO  server.RaftServerConfigKeys (ConfUtils.java:logGet(44)) - raft.server.log.corruption.policy = EXCEPTION (default)
2020-08-03 17:15:58,001 [pool-33-thread-1] INFO  storage.RaftStorageDirectory (RaftStorageDirectory.java:analyzeStorage(261)) - The storage directory /github/workspace/mnt/ozone/hadoop-ozone/integration-test/target/test-dir/MiniOzoneClusterImpl-2656730b-2a13-4e9d-ab06-d54ee6b103c3/datanode-0/data/ratis/6896f128-0f51-4a29-a49a-9ff6351e82cf does not exist. Creating ...
2020-08-03 17:15:58,002 [pool-48-thread-1] INFO  storage.RaftStorage (RaftStorage.java:format(84)) - Storage directory /github/workspace/mnt/ozone/hadoop-ozone/integration-test/target/test-dir/MiniOzoneClusterImpl-2656730b-2a13-4e9d-ab06-d54ee6b103c3/datanode-1/data/ratis/0b06ff80-17d5-4678-8d11-6eeaa7bfe92e has been successfully formatted.
2020-08-03 17:15:58,003 [Datanode State Machine Thread - 0] WARN  statemachine.DatanodeStateMachine (DatanodeStateMachine.java:start(245)) - Interrupt the execution.
java.lang.InterruptedException: sleep interrupted
	at java.lang.Thread.sleep(Native Method)
	at org.apache.hadoop.ozone.container.common.statemachine.DatanodeStateMachine.start(DatanodeStateMachine.java:243)
	at org.apache.hadoop.ozone.container.common.statemachine.DatanodeStateMachine.lambda$startDaemon$0(DatanodeStateMachine.java:405)
	at java.lang.Thread.run(Thread.java:748)
2020-08-03 17:15:58,003 [pool-33-thread-1] INFO  storage.RaftStorageDirectory (RaftStorageDirectory.java:tryLock(343)) - Lock on /github/workspace/mnt/ozone/hadoop-ozone/integration-test/target/test-dir/MiniOzoneClusterImpl-2656730b-2a13-4e9d-ab06-d54ee6b103c3/datanode-0/data/ratis/6896f128-0f51-4a29-a49a-9ff6351e82cf/in_use.lock acquired by nodename 43722@a7a0531c52c2
2020-08-03 17:15:58,004 [EventQueue-PipelineReportForPipelineReportHandler] INFO  pipeline.PipelineStateManager (PipelineStateManager.java:openPipeline(131)) - Pipeline Pipeline[ Id: 0b06ff80-17d5-4678-8d11-6eeaa7bfe92e, Nodes: c024227d-78fa-419b-86b4-10e35bdc5a8d{ip: 172.17.0.2, host: a7a0531c52c2, networkLocation: /default-rack, certSerialId: null}, Type:RATIS, Factor:ONE, State:ALLOCATED, leaderId:c024227d-78fa-419b-86b4-10e35bdc5a8d, CreationTimestamp2020-08-03T17:15:54.955Z] moved to OPEN state
2020-08-03 17:15:58,005 [EventQueue-OpenPipelineForHealthyPipelineSafeModeRule] INFO  safemode.SCMSafeModeManager (HealthyPipelineSafeModeRule.java:process(129)) - SCM in safe mode. Healthy pipelines reported count is 0, required healthy pipeline reported count is 1
2020-08-03 17:15:58,005 [EventQueue-OpenPipelineForOneReplicaPipelineSafeModeRule] INFO  safemode.SCMSafeModeManager (SCMSafeModeManager.java:validateSafeModeExitRules(214)) - AtleastOneDatanodeReportedRule rule is successfully validated
2020-08-03 17:15:58,004 [pool-48-thread-1] INFO  ratis.ContainerStateMachine (ContainerStateMachine.java:loadSnapshot(225)) - group-6EEAA7BFE92E: The snapshot info is null. Setting the last applied indexto:(t:0, i:~)
2020-08-03 17:15:58,005 [pool-48-thread-1] INFO  server.RaftServerConfigKeys (ConfUtils.java:logGet(44)) - raft.server.notification.no-leader.timeout = 1000000ms (custom)
2020-08-03 17:15:58,005 [pool-48-thread-1] INFO  server.RaftServerConfigKeys (ConfUtils.java:logGet(44)) - raft.server.log.use.memory = false (default)
2020-08-03 17:15:58,005 [pool-48-thread-1] INFO  server.RaftServerConfigKeys (ConfUtils.java:logGet(44)) - raft.server.log.purge.gap = 1000000 (custom)
2020-08-03 17:15:58,006 [pool-33-thread-1] INFO  storage.RaftStorage (RaftStorage.java:format(84)) - Storage directory /github/workspace/mnt/ozone/hadoop-ozone/integration-test/target/test-dir/MiniOzoneClusterImpl-2656730b-2a13-4e9d-ab06-d54ee6b103c3/datanode-0/data/ratis/6896f128-0f51-4a29-a49a-9ff6351e82cf has been successfully formatted.
2020-08-03 17:15:58,006 [pool-33-thread-1] INFO  ratis.ContainerStateMachine (ContainerStateMachine.java:loadSnapshot(225)) - group-9FF6351E82CF: The snapshot info is null. Setting the last applied indexto:(t:0, i:~)
2020-08-03 17:15:58,006 [Datanode State Machine Thread - 0] WARN  statemachine.DatanodeStateMachine (DatanodeStateMachine.java:start(245)) - Interrupt the execution.
java.lang.InterruptedException: sleep interrupted
	at java.lang.Thread.sleep(Native Method)
	at org.apache.hadoop.ozone.container.common.statemachine.DatanodeStateMachine.start(DatanodeStateMachine.java:243)
	at org.apache.hadoop.ozone.container.common.statemachine.DatanodeStateMachine.lambda$startDaemon$0(DatanodeStateMachine.java:405)
	at java.lang.Thread.run(Thread.java:748)
2020-08-03 17:15:58,006 [pool-33-thread-1] INFO  server.RaftServerConfigKeys (ConfUtils.java:logGet(44)) - raft.server.notification.no-leader.timeout = 1000000ms (custom)
2020-08-03 17:15:58,008 [pool-33-thread-1] INFO  server.RaftServerConfigKeys (ConfUtils.java:logGet(44)) - raft.server.log.use.memory = false (default)
2020-08-03 17:15:58,008 [pool-33-thread-1] INFO  server.RaftServerConfigKeys (ConfUtils.java:logGet(44)) - raft.server.log.purge.gap = 1000000 (custom)
2020-08-03 17:15:58,009 [pool-33-thread-1] INFO  metrics.RatisMetrics (RatisMetrics.java:lambda$create$0(36)) - Creating Metrics Registry : ratis.log_worker.28d31e53-94a4-41be-8083-cc25a366c2ee@group-9FF6351E82CF
2020-08-03 17:15:58,009 [pool-33-thread-1] INFO  server.RaftServerConfigKeys (ConfUtils.java:logGet(44)) - raft.server.log.appender.buffer.byte-limit = 33554432 (custom)
2020-08-03 17:15:58,009 [pool-33-thread-1] INFO  server.RaftServerConfigKeys (ConfUtils.java:logGet(44)) - raft.server.log.segment.size.max = 1048576 (custom)
2020-08-03 17:15:58,010 [pool-33-thread-1] INFO  server.RaftServerConfigKeys (ConfUtils.java:logGet(44)) - raft.server.log.segment.cache.num.max = 2 (custom)
2020-08-03 17:15:58,010 [pool-33-thread-1] INFO  segmented.SegmentedRaftLogWorker (SegmentedRaftLogWorker.java:<init>(180)) - new 28d31e53-94a4-41be-8083-cc25a366c2ee@group-9FF6351E82CF-SegmentedRaftLogWorker for RaftStorage:Storage Directory /github/workspace/mnt/ozone/hadoop-ozone/integration-test/target/test-dir/MiniOzoneClusterImpl-2656730b-2a13-4e9d-ab06-d54ee6b103c3/datanode-0/data/ratis/6896f128-0f51-4a29-a49a-9ff6351e82cf
2020-08-03 17:15:58,010 [pool-33-thread-1] INFO  server.RaftServerConfigKeys (ConfUtils.java:logGet(44)) - raft.server.log.queue.byte-limit = 2147483647 (custom)
2020-08-03 17:15:58,010 [pool-33-thread-1] INFO  server.RaftServerConfigKeys (ConfUtils.java:logGet(44)) - raft.server.log.queue.element-limit = 1024 (custom)
2020-08-03 17:15:58,010 [pool-33-thread-1] INFO  server.RaftServerConfigKeys (ConfUtils.java:logGet(44)) - raft.server.log.segment.size.max = 1048576 (custom)
2020-08-03 17:15:58,010 [pool-33-thread-1] INFO  server.RaftServerConfigKeys (ConfUtils.java:logGet(44)) - raft.server.log.preallocated.size = 16384 (custom)
2020-08-03 17:15:58,010 [pool-33-thread-1] INFO  server.RaftServerConfigKeys (ConfUtils.java:logGet(44)) - raft.server.log.write.buffer.size = 1048576 (custom)
2020-08-03 17:15:58,010 [pool-33-thread-1] INFO  server.RaftServerConfigKeys (ConfUtils.java:logGet(44)) - raft.server.log.force.sync.num = 128 (default)
2020-08-03 17:15:58,010 [pool-33-thread-1] INFO  server.RaftServerConfigKeys (ConfUtils.java:logGet(44)) - raft.server.log.statemachine.data.sync = true (default)
2020-08-03 17:15:58,010 [pool-33-thread-1] INFO  server.RaftServerConfigKeys (ConfUtils.java:logGet(44)) - raft.server.log.statemachine.data.sync.timeout = 10s (default)
2020-08-03 17:15:58,010 [pool-33-thread-1] INFO  server.RaftServerConfigKeys (ConfUtils.java:logGet(44)) - raft.server.log.statemachine.data.sync.timeout.retry = -1 (default)
2020-08-03 17:15:58,015 [pool-33-thread-1] INFO  server.RaftServerConfigKeys (ConfUtils.java:logGet(44)) - raft.server.log.statemachine.data.caching.enabled = true (custom)
2020-08-03 17:15:58,015 [pool-33-thread-1] INFO  segmented.SegmentedRaftLogWorker (SegmentedRaftLogWorker.java:lambda$new$0(129)) - 28d31e53-94a4-41be-8083-cc25a366c2ee@group-9FF6351E82CF-SegmentedRaftLogWorker: flushIndex: setUnconditionally 0 -> -1
2020-08-03 17:15:58,016 [pool-33-thread-1] INFO  segmented.SegmentedRaftLogWorker (SegmentedRaftLogWorker.java:lambda$new$0(129)) - 28d31e53-94a4-41be-8083-cc25a366c2ee@group-9FF6351E82CF-SegmentedRaftLogWorker: safeCacheEvictIndex: setUnconditionally 0 -> -1
2020-08-03 17:15:58,005 [pool-48-thread-1] INFO  metrics.RatisMetrics (RatisMetrics.java:lambda$create$0(36)) - Creating Metrics Registry : ratis.log_worker.c024227d-78fa-419b-86b4-10e35bdc5a8d@group-6EEAA7BFE92E
2020-08-03 17:15:58,016 [pool-48-thread-1] INFO  server.RaftServerConfigKeys (ConfUtils.java:logGet(44)) - raft.server.log.appender.buffer.byte-limit = 33554432 (custom)
2020-08-03 17:15:58,016 [pool-48-thread-1] INFO  server.RaftServerConfigKeys (ConfUtils.java:logGet(44)) - raft.server.log.segment.size.max = 1048576 (custom)
2020-08-03 17:15:58,017 [pool-48-thread-1] INFO  server.RaftServerConfigKeys (ConfUtils.java:logGet(44)) - raft.server.log.segment.cache.num.max = 2 (custom)
2020-08-03 17:15:58,018 [pool-33-thread-1] INFO  server.RaftServerConfigKeys (ConfUtils.java:logGet(44)) - raft.server.snapshot.auto.trigger.enabled = true (custom)
2020-08-03 17:15:58,018 [pool-33-thread-1] INFO  server.RaftServerConfigKeys (ConfUtils.java:logGet(44)) - raft.server.snapshot.auto.trigger.threshold = 10000 (custom)
2020-08-03 17:15:58,018 [pool-33-thread-1] INFO  server.RaftServerConfigKeys (ConfUtils.java:logGet(44)) - raft.server.snapshot.retention.file.num = 5 (custom)
2020-08-03 17:15:58,018 [pool-33-thread-1] INFO  server.RaftServerConfigKeys (ConfUtils.java:logGet(44)) - raft.server.log.purge.upto.snapshot.index = false (default)
2020-08-03 17:15:58,018 [pool-33-thread-1] INFO  server.RaftServerConfigKeys (ConfUtils.java:logGet(44)) - raft.server.retrycache.expirytime = 600000ms (custom)
2020-08-03 17:15:58,018 [pool-33-thread-1] INFO  metrics.RatisMetrics (RatisMetrics.java:lambda$create$0(36)) - Creating Metrics Registry : ratis.leader_election.28d31e53-94a4-41be-8083-cc25a366c2ee@group-9FF6351E82CF
2020-08-03 17:15:58,019 [pool-33-thread-1] INFO  metrics.RatisMetrics (RatisMetrics.java:lambda$create$0(36)) - Creating Metrics Registry : ratis.server.28d31e53-94a4-41be-8083-cc25a366c2ee@group-9FF6351E82CF
2020-08-03 17:15:58,019 [pool-33-thread-1] INFO  impl.RaftServerImpl (RaftServerImpl.java:start(196)) - 28d31e53-94a4-41be-8083-cc25a366c2ee@group-9FF6351E82CF: start as a follower, conf=-1: [e3f65f98-62cd-4b84-8686-7eecf5344940:172.17.0.2:38305, 28d31e53-94a4-41be-8083-cc25a366c2ee:172.17.0.2:39251, c024227d-78fa-419b-86b4-10e35bdc5a8d:172.17.0.2:34441], old=null
2020-08-03 17:15:58,020 [pool-33-thread-1] INFO  impl.RaftServerImpl (RaftServerImpl.java:setRole(185)) - 28d31e53-94a4-41be-8083-cc25a366c2ee@group-9FF6351E82CF: changes role from      null to FOLLOWER at term 0 for startAsFollower
2020-08-03 17:15:58,020 [pool-33-thread-1] INFO  impl.RoleInfo (RoleInfo.java:updateAndGet(143)) - 28d31e53-94a4-41be-8083-cc25a366c2ee: start FollowerState
2020-08-03 17:15:58,027 [pool-33-thread-1] INFO  util.JmxRegister (JmxRegister.java:tryRegister(44)) - Successfully registered JMX Bean with object name Ratis:service=RaftServer,group=group-9FF6351E82CF,id=28d31e53-94a4-41be-8083-cc25a366c2ee
2020-08-03 17:15:58,027 [pool-33-thread-1] INFO  metrics.RatisMetrics (RatisMetrics.java:lambda$create$0(36)) - Creating Metrics Registry : ratis.state_machine.28d31e53-94a4-41be-8083-cc25a366c2ee@group-9FF6351E82CF
2020-08-03 17:15:58,017 [pool-48-thread-1] INFO  segmented.SegmentedRaftLogWorker (SegmentedRaftLogWorker.java:<init>(180)) - new c024227d-78fa-419b-86b4-10e35bdc5a8d@group-6EEAA7BFE92E-SegmentedRaftLogWorker for RaftStorage:Storage Directory /github/workspace/mnt/ozone/hadoop-ozone/integration-test/target/test-dir/MiniOzoneClusterImpl-2656730b-2a13-4e9d-ab06-d54ee6b103c3/datanode-1/data/ratis/0b06ff80-17d5-4678-8d11-6eeaa7bfe92e
2020-08-03 17:15:58,027 [pool-48-thread-1] INFO  server.RaftServerConfigKeys (ConfUtils.java:logGet(44)) - raft.server.log.queue.byte-limit = 2147483647 (custom)
2020-08-03 17:15:58,027 [pool-48-thread-1] INFO  server.RaftServerConfigKeys (ConfUtils.java:logGet(44)) - raft.server.log.queue.element-limit = 1024 (custom)
2020-08-03 17:15:58,027 [pool-48-thread-1] INFO  server.RaftServerConfigKeys (ConfUtils.java:logGet(44)) - raft.server.log.segment.size.max = 1048576 (custom)
2020-08-03 17:15:58,028 [pool-48-thread-1] INFO  server.RaftServerConfigKeys (ConfUtils.java:logGet(44)) - raft.server.log.preallocated.size = 16384 (custom)
2020-08-03 17:15:58,028 [pool-48-thread-1] INFO  server.RaftServerConfigKeys (ConfUtils.java:logGet(44)) - raft.server.log.write.buffer.size = 1048576 (custom)
2020-08-03 17:15:58,028 [pool-48-thread-1] INFO  server.RaftServerConfigKeys (ConfUtils.java:logGet(44)) - raft.server.log.force.sync.num = 128 (default)
2020-08-03 17:15:58,028 [pool-48-thread-1] INFO  server.RaftServerConfigKeys (ConfUtils.java:logGet(44)) - raft.server.log.statemachine.data.sync = true (default)
2020-08-03 17:15:58,028 [pool-48-thread-1] INFO  server.RaftServerConfigKeys (ConfUtils.java:logGet(44)) - raft.server.log.statemachine.data.sync.timeout = 10s (default)
2020-08-03 17:15:58,028 [pool-48-thread-1] INFO  server.RaftServerConfigKeys (ConfUtils.java:logGet(44)) - raft.server.log.statemachine.data.sync.timeout.retry = -1 (default)
2020-08-03 17:15:58,029 [pool-48-thread-1] INFO  server.RaftServerConfigKeys (ConfUtils.java:logGet(44)) - raft.server.log.statemachine.data.caching.enabled = true (custom)
2020-08-03 17:15:58,029 [pool-48-thread-1] INFO  segmented.SegmentedRaftLogWorker (SegmentedRaftLogWorker.java:lambda$new$0(129)) - c024227d-78fa-419b-86b4-10e35bdc5a8d@group-6EEAA7BFE92E-SegmentedRaftLogWorker: flushIndex: setUnconditionally 0 -> -1
2020-08-03 17:15:58,029 [pool-48-thread-1] INFO  segmented.SegmentedRaftLogWorker (SegmentedRaftLogWorker.java:lambda$new$0(129)) - c024227d-78fa-419b-86b4-10e35bdc5a8d@group-6EEAA7BFE92E-SegmentedRaftLogWorker: safeCacheEvictIndex: setUnconditionally 0 -> -1
2020-08-03 17:15:58,031 [pool-48-thread-1] INFO  server.RaftServerConfigKeys (ConfUtils.java:logGet(44)) - raft.server.snapshot.auto.trigger.enabled = true (custom)
2020-08-03 17:15:58,031 [pool-48-thread-1] INFO  server.RaftServerConfigKeys (ConfUtils.java:logGet(44)) - raft.server.snapshot.auto.trigger.threshold = 10000 (custom)
2020-08-03 17:15:58,031 [pool-48-thread-1] INFO  server.RaftServerConfigKeys (ConfUtils.java:logGet(44)) - raft.server.snapshot.retention.file.num = 5 (custom)
2020-08-03 17:15:58,032 [pool-48-thread-1] INFO  server.RaftServerConfigKeys (ConfUtils.java:logGet(44)) - raft.server.log.purge.upto.snapshot.index = false (default)
2020-08-03 17:15:58,032 [pool-48-thread-1] INFO  server.RaftServerConfigKeys (ConfUtils.java:logGet(44)) - raft.server.retrycache.expirytime = 600000ms (custom)
2020-08-03 17:15:58,032 [pool-48-thread-1] INFO  metrics.RatisMetrics (RatisMetrics.java:lambda$create$0(36)) - Creating Metrics Registry : ratis.leader_election.c024227d-78fa-419b-86b4-10e35bdc5a8d@group-6EEAA7BFE92E
2020-08-03 17:15:58,032 [pool-48-thread-1] INFO  metrics.RatisMetrics (RatisMetrics.java:lambda$create$0(36)) - Creating Metrics Registry : ratis.server.c024227d-78fa-419b-86b4-10e35bdc5a8d@group-6EEAA7BFE92E
2020-08-03 17:15:58,033 [pool-48-thread-1] INFO  impl.RaftServerImpl (RaftServerImpl.java:start(196)) - c024227d-78fa-419b-86b4-10e35bdc5a8d@group-6EEAA7BFE92E: start as a follower, conf=-1: [c024227d-78fa-419b-86b4-10e35bdc5a8d:172.17.0.2:34441], old=null
2020-08-03 17:15:58,033 [pool-48-thread-1] INFO  impl.RaftServerImpl (RaftServerImpl.java:setRole(185)) - c024227d-78fa-419b-86b4-10e35bdc5a8d@group-6EEAA7BFE92E: changes role from      null to FOLLOWER at term 0 for startAsFollower
2020-08-03 17:15:58,033 [pool-48-thread-1] INFO  impl.RoleInfo (RoleInfo.java:updateAndGet(143)) - c024227d-78fa-419b-86b4-10e35bdc5a8d: start FollowerState
2020-08-03 17:15:58,044 [pool-48-thread-1] INFO  util.JmxRegister (JmxRegister.java:tryRegister(44)) - Successfully registered JMX Bean with object name Ratis:service=RaftServer,group=group-6EEAA7BFE92E,id=c024227d-78fa-419b-86b4-10e35bdc5a8d
2020-08-03 17:15:58,050 [pool-48-thread-1] INFO  metrics.RatisMetrics (RatisMetrics.java:lambda$create$0(36)) - Creating Metrics Registry : ratis.state_machine.c024227d-78fa-419b-86b4-10e35bdc5a8d@group-6EEAA7BFE92E
2020-08-03 17:15:58,051 [Command processor thread] INFO  commandhandler.CreatePipelineCommandHandler (CreatePipelineCommandHandler.java:handle(110)) - Created Pipeline RATIS ONE #id: "0b06ff80-17d5-4678-8d11-6eeaa7bfe92e"
uuid128 {
  mostSigBits: 794603309898221176
  leastSigBits: -8281716285641856722
}
.
2020-08-03 17:15:58,057 [Command processor thread] INFO  impl.RaftServerProxy (RaftServerProxy.java:addNew(89)) - c024227d-78fa-419b-86b4-10e35bdc5a8d: addNew group-9FF6351E82CF:[e3f65f98-62cd-4b84-8686-7eecf5344940:172.17.0.2:38305, 28d31e53-94a4-41be-8083-cc25a366c2ee:172.17.0.2:39251, c024227d-78fa-419b-86b4-10e35bdc5a8d:172.17.0.2:34441] returns group-9FF6351E82CF:java.util.concurrent.CompletableFuture@3cec29e3[Not completed]
2020-08-03 17:15:58,058 [pool-48-thread-1] INFO  impl.RaftServerImpl (RaftServerImpl.java:<init>(107)) - c024227d-78fa-419b-86b4-10e35bdc5a8d: new RaftServerImpl for group-9FF6351E82CF:[e3f65f98-62cd-4b84-8686-7eecf5344940:172.17.0.2:38305, 28d31e53-94a4-41be-8083-cc25a366c2ee:172.17.0.2:39251, c024227d-78fa-419b-86b4-10e35bdc5a8d:172.17.0.2:34441] with ContainerStateMachine:uninitialized
2020-08-03 17:15:58,058 [pool-48-thread-1] INFO  server.RaftServerConfigKeys (ConfUtils.java:logGet(44)) - raft.server.rpc.timeout.min = 5s (custom)
2020-08-03 17:15:58,058 [pool-48-thread-1] INFO  server.RaftServerConfigKeys (ConfUtils.java:logGet(44)) - raft.server.rpc.timeout.max = 5200ms (custom)
2020-08-03 17:15:58,058 [pool-48-thread-1] INFO  server.RaftServerConfigKeys (ConfUtils.java:logGet(44)) - raft.server.rpcslowness.timeout = 1000000ms (custom)
2020-08-03 17:15:58,059 [pool-48-thread-1] INFO  server.RaftServerConfigKeys (ConfUtils.java:logGet(44)) - raft.server.sleep.deviation.threshold = 300 (default)
2020-08-03 17:15:58,059 [pool-48-thread-1] INFO  server.RaftServerConfigKeys (ConfUtils.java:logGet(44)) - raft.server.log.appender.install.snapshot.enabled = false (custom)
2020-08-03 17:15:58,059 [pool-48-thread-1] INFO  impl.RaftServerImpl (ServerState.java:<init>(103)) - c024227d-78fa-419b-86b4-10e35bdc5a8d@group-9FF6351E82CF: ConfigurationManager, init=-1: [e3f65f98-62cd-4b84-8686-7eecf5344940:172.17.0.2:38305, 28d31e53-94a4-41be-8083-cc25a366c2ee:172.17.0.2:39251, c024227d-78fa-419b-86b4-10e35bdc5a8d:172.17.0.2:34441], old=null, confs=<EMPTY_MAP>
2020-08-03 17:15:58,059 [pool-48-thread-1] INFO  server.RaftServerConfigKeys (ConfUtils.java:logGet(44)) - raft.server.storage.dir = [/github/workspace/mnt/ozone/hadoop-ozone/integration-test/target/test-dir/MiniOzoneClusterImpl-2656730b-2a13-4e9d-ab06-d54ee6b103c3/datanode-1/data/ratis] (custom)
2020-08-03 17:15:58,059 [pool-48-thread-1] INFO  server.RaftServerConfigKeys (ConfUtils.java:logGet(44)) - raft.server.log.corruption.policy = EXCEPTION (default)
2020-08-03 17:15:58,059 [pool-48-thread-1] INFO  storage.RaftStorageDirectory (RaftStorageDirectory.java:analyzeStorage(261)) - The storage directory /github/workspace/mnt/ozone/hadoop-ozone/integration-test/target/test-dir/MiniOzoneClusterImpl-2656730b-2a13-4e9d-ab06-d54ee6b103c3/datanode-1/data/ratis/6896f128-0f51-4a29-a49a-9ff6351e82cf does not exist. Creating ...
2020-08-03 17:15:58,062 [pool-48-thread-1] INFO  storage.RaftStorageDirectory (RaftStorageDirectory.java:tryLock(343)) - Lock on /github/workspace/mnt/ozone/hadoop-ozone/integration-test/target/test-dir/MiniOzoneClusterImpl-2656730b-2a13-4e9d-ab06-d54ee6b103c3/datanode-1/data/ratis/6896f128-0f51-4a29-a49a-9ff6351e82cf/in_use.lock acquired by nodename 43722@a7a0531c52c2
2020-08-03 17:15:58,068 [pool-48-thread-1] INFO  storage.RaftStorage (RaftStorage.java:format(84)) - Storage directory /github/workspace/mnt/ozone/hadoop-ozone/integration-test/target/test-dir/MiniOzoneClusterImpl-2656730b-2a13-4e9d-ab06-d54ee6b103c3/datanode-1/data/ratis/6896f128-0f51-4a29-a49a-9ff6351e82cf has been successfully formatted.
2020-08-03 17:15:58,069 [pool-48-thread-1] INFO  ratis.ContainerStateMachine (ContainerStateMachine.java:loadSnapshot(225)) - group-9FF6351E82CF: The snapshot info is null. Setting the last applied indexto:(t:0, i:~)
2020-08-03 17:15:58,069 [Datanode State Machine Thread - 0] WARN  statemachine.DatanodeStateMachine (DatanodeStateMachine.java:start(245)) - Interrupt the execution.
java.lang.InterruptedException: sleep interrupted
	at java.lang.Thread.sleep(Native Method)
	at org.apache.hadoop.ozone.container.common.statemachine.DatanodeStateMachine.start(DatanodeStateMachine.java:243)
	at org.apache.hadoop.ozone.container.common.statemachine.DatanodeStateMachine.lambda$startDaemon$0(DatanodeStateMachine.java:405)
	at java.lang.Thread.run(Thread.java:748)
2020-08-03 17:15:58,069 [pool-48-thread-1] INFO  server.RaftServerConfigKeys (ConfUtils.java:logGet(44)) - raft.server.notification.no-leader.timeout = 1000000ms (custom)
2020-08-03 17:15:58,073 [pool-48-thread-1] INFO  server.RaftServerConfigKeys (ConfUtils.java:logGet(44)) - raft.server.log.use.memory = false (default)
2020-08-03 17:15:58,073 [pool-48-thread-1] INFO  server.RaftServerConfigKeys (ConfUtils.java:logGet(44)) - raft.server.log.purge.gap = 1000000 (custom)
2020-08-03 17:15:58,073 [pool-48-thread-1] INFO  metrics.RatisMetrics (RatisMetrics.java:lambda$create$0(36)) - Creating Metrics Registry : ratis.log_worker.c024227d-78fa-419b-86b4-10e35bdc5a8d@group-9FF6351E82CF
2020-08-03 17:15:58,073 [pool-48-thread-1] INFO  server.RaftServerConfigKeys (ConfUtils.java:logGet(44)) - raft.server.log.appender.buffer.byte-limit = 33554432 (custom)
2020-08-03 17:15:58,073 [pool-48-thread-1] INFO  server.RaftServerConfigKeys (ConfUtils.java:logGet(44)) - raft.server.log.segment.size.max = 1048576 (custom)
2020-08-03 17:15:58,073 [pool-48-thread-1] INFO  server.RaftServerConfigKeys (ConfUtils.java:logGet(44)) - raft.server.log.segment.cache.num.max = 2 (custom)
2020-08-03 17:15:58,073 [pool-48-thread-1] INFO  segmented.SegmentedRaftLogWorker (SegmentedRaftLogWorker.java:<init>(180)) - new c024227d-78fa-419b-86b4-10e35bdc5a8d@group-9FF6351E82CF-SegmentedRaftLogWorker for RaftStorage:Storage Directory /github/workspace/mnt/ozone/hadoop-ozone/integration-test/target/test-dir/MiniOzoneClusterImpl-2656730b-2a13-4e9d-ab06-d54ee6b103c3/datanode-1/data/ratis/6896f128-0f51-4a29-a49a-9ff6351e82cf
2020-08-03 17:15:58,073 [pool-48-thread-1] INFO  server.RaftServerConfigKeys (ConfUtils.java:logGet(44)) - raft.server.log.queue.byte-limit = 2147483647 (custom)
2020-08-03 17:15:58,073 [pool-48-thread-1] INFO  server.RaftServerConfigKeys (ConfUtils.java:logGet(44)) - raft.server.log.queue.element-limit = 1024 (custom)
2020-08-03 17:15:58,074 [pool-48-thread-1] INFO  server.RaftServerConfigKeys (ConfUtils.java:logGet(44)) - raft.server.log.segment.size.max = 1048576 (custom)
2020-08-03 17:15:58,074 [pool-48-thread-1] INFO  server.RaftServerConfigKeys (ConfUtils.java:logGet(44)) - raft.server.log.preallocated.size = 16384 (custom)
2020-08-03 17:15:58,074 [pool-48-thread-1] INFO  server.RaftServerConfigKeys (ConfUtils.java:logGet(44)) - raft.server.log.write.buffer.size = 1048576 (custom)
2020-08-03 17:15:58,074 [pool-48-thread-1] INFO  server.RaftServerConfigKeys (ConfUtils.java:logGet(44)) - raft.server.log.force.sync.num = 128 (default)
2020-08-03 17:15:58,074 [pool-48-thread-1] INFO  server.RaftServerConfigKeys (ConfUtils.java:logGet(44)) - raft.server.log.statemachine.data.sync = true (default)
2020-08-03 17:15:58,074 [pool-48-thread-1] INFO  server.RaftServerConfigKeys (ConfUtils.java:logGet(44)) - raft.server.log.statemachine.data.sync.timeout = 10s (default)
2020-08-03 17:15:58,074 [pool-48-thread-1] INFO  server.RaftServerConfigKeys (ConfUtils.java:logGet(44)) - raft.server.log.statemachine.data.sync.timeout.retry = -1 (default)
2020-08-03 17:15:58,075 [pool-48-thread-1] INFO  server.RaftServerConfigKeys (ConfUtils.java:logGet(44)) - raft.server.log.statemachine.data.caching.enabled = true (custom)
2020-08-03 17:15:58,076 [pool-48-thread-1] INFO  segmented.SegmentedRaftLogWorker (SegmentedRaftLogWorker.java:lambda$new$0(129)) - c024227d-78fa-419b-86b4-10e35bdc5a8d@group-9FF6351E82CF-SegmentedRaftLogWorker: flushIndex: setUnconditionally 0 -> -1
2020-08-03 17:15:58,076 [pool-48-thread-1] INFO  segmented.SegmentedRaftLogWorker (SegmentedRaftLogWorker.java:lambda$new$0(129)) - c024227d-78fa-419b-86b4-10e35bdc5a8d@group-9FF6351E82CF-SegmentedRaftLogWorker: safeCacheEvictIndex: setUnconditionally 0 -> -1
2020-08-03 17:15:58,079 [pool-48-thread-1] INFO  server.RaftServerConfigKeys (ConfUtils.java:logGet(44)) - raft.server.snapshot.auto.trigger.enabled = true (custom)
2020-08-03 17:15:58,079 [pool-48-thread-1] INFO  server.RaftServerConfigKeys (ConfUtils.java:logGet(44)) - raft.server.snapshot.auto.trigger.threshold = 10000 (custom)
2020-08-03 17:15:58,079 [pool-48-thread-1] INFO  server.RaftServerConfigKeys (ConfUtils.java:logGet(44)) - raft.server.snapshot.retention.file.num = 5 (custom)
2020-08-03 17:15:58,079 [pool-48-thread-1] INFO  server.RaftServerConfigKeys (ConfUtils.java:logGet(44)) - raft.server.log.purge.upto.snapshot.index = false (default)
2020-08-03 17:15:58,079 [pool-48-thread-1] INFO  server.RaftServerConfigKeys (ConfUtils.java:logGet(44)) - raft.server.retrycache.expirytime = 600000ms (custom)
2020-08-03 17:15:58,080 [pool-48-thread-1] INFO  metrics.RatisMetrics (RatisMetrics.java:lambda$create$0(36)) - Creating Metrics Registry : ratis.leader_election.c024227d-78fa-419b-86b4-10e35bdc5a8d@group-9FF6351E82CF
2020-08-03 17:15:58,080 [pool-48-thread-1] INFO  metrics.RatisMetrics (RatisMetrics.java:lambda$create$0(36)) - Creating Metrics Registry : ratis.server.c024227d-78fa-419b-86b4-10e35bdc5a8d@group-9FF6351E82CF
2020-08-03 17:15:58,082 [pool-48-thread-1] INFO  impl.RaftServerImpl (RaftServerImpl.java:start(196)) - c024227d-78fa-419b-86b4-10e35bdc5a8d@group-9FF6351E82CF: start as a follower, conf=-1: [e3f65f98-62cd-4b84-8686-7eecf5344940:172.17.0.2:38305, 28d31e53-94a4-41be-8083-cc25a366c2ee:172.17.0.2:39251, c024227d-78fa-419b-86b4-10e35bdc5a8d:172.17.0.2:34441], old=null
2020-08-03 17:15:58,082 [pool-48-thread-1] INFO  impl.RaftServerImpl (RaftServerImpl.java:setRole(185)) - c024227d-78fa-419b-86b4-10e35bdc5a8d@group-9FF6351E82CF: changes role from      null to FOLLOWER at term 0 for startAsFollower
2020-08-03 17:15:58,086 [pool-48-thread-1] INFO  impl.RoleInfo (RoleInfo.java:updateAndGet(143)) - c024227d-78fa-419b-86b4-10e35bdc5a8d: start FollowerState
2020-08-03 17:15:58,087 [Listener at 127.0.0.1/40195] INFO  ozone.MiniOzoneClusterImpl (MiniOzoneClusterImpl.java:lambda$waitForClusterToBeReady$0(177)) - Nodes are ready. Got 3 of 3 DN Heartbeats.
2020-08-03 17:15:58,087 [Listener at 127.0.0.1/40195] INFO  ozone.MiniOzoneClusterImpl (MiniOzoneClusterImpl.java:lambda$waitForClusterToBeReady$0(180)) - Waiting for cluster to exit safe mode
2020-08-03 17:15:58,087 [Command processor thread] INFO  impl.RaftServerProxy (RaftServerProxy.java:addNew(89)) - e3f65f98-62cd-4b84-8686-7eecf5344940: addNew group-74FB5B2205F6:[e3f65f98-62cd-4b84-8686-7eecf5344940:172.17.0.2:38305] returns group-74FB5B2205F6:java.util.concurrent.CompletableFuture@223a887e[Not completed]
2020-08-03 17:15:58,093 [pool-48-thread-1] INFO  util.JmxRegister (JmxRegister.java:tryRegister(44)) - Successfully registered JMX Bean with object name Ratis:service=RaftServer,group=group-9FF6351E82CF,id=c024227d-78fa-419b-86b4-10e35bdc5a8d
2020-08-03 17:15:58,093 [pool-48-thread-1] INFO  metrics.RatisMetrics (RatisMetrics.java:lambda$create$0(36)) - Creating Metrics Registry : ratis.state_machine.c024227d-78fa-419b-86b4-10e35bdc5a8d@group-9FF6351E82CF
2020-08-03 17:15:58,101 [pool-63-thread-1] INFO  impl.RaftServerImpl (RaftServerImpl.java:<init>(107)) - e3f65f98-62cd-4b84-8686-7eecf5344940: new RaftServerImpl for group-74FB5B2205F6:[e3f65f98-62cd-4b84-8686-7eecf5344940:172.17.0.2:38305] with ContainerStateMachine:uninitialized
2020-08-03 17:15:58,118 [pool-63-thread-1] INFO  server.RaftServerConfigKeys (ConfUtils.java:logGet(44)) - raft.server.rpc.timeout.min = 5s (custom)
2020-08-03 17:15:58,118 [pool-63-thread-1] INFO  server.RaftServerConfigKeys (ConfUtils.java:logGet(44)) - raft.server.rpc.timeout.max = 5200ms (custom)
2020-08-03 17:15:58,118 [pool-63-thread-1] INFO  server.RaftServerConfigKeys (ConfUtils.java:logGet(44)) - raft.server.rpcslowness.timeout = 1000000ms (custom)
2020-08-03 17:15:58,118 [pool-63-thread-1] INFO  server.RaftServerConfigKeys (ConfUtils.java:logGet(44)) - raft.server.sleep.deviation.threshold = 300 (default)
2020-08-03 17:15:58,118 [pool-63-thread-1] INFO  server.RaftServerConfigKeys (ConfUtils.java:logGet(44)) - raft.server.log.appender.install.snapshot.enabled = false (custom)
2020-08-03 17:15:58,119 [pool-63-thread-1] INFO  impl.RaftServerImpl (ServerState.java:<init>(103)) - e3f65f98-62cd-4b84-8686-7eecf5344940@group-74FB5B2205F6: ConfigurationManager, init=-1: [e3f65f98-62cd-4b84-8686-7eecf5344940:172.17.0.2:38305], old=null, confs=<EMPTY_MAP>
2020-08-03 17:15:58,119 [pool-63-thread-1] INFO  server.RaftServerConfigKeys (ConfUtils.java:logGet(44)) - raft.server.storage.dir = [/github/workspace/mnt/ozone/hadoop-ozone/integration-test/target/test-dir/MiniOzoneClusterImpl-2656730b-2a13-4e9d-ab06-d54ee6b103c3/datanode-2/data/ratis] (custom)
2020-08-03 17:15:58,119 [pool-63-thread-1] INFO  server.RaftServerConfigKeys (ConfUtils.java:logGet(44)) - raft.server.log.corruption.policy = EXCEPTION (default)
2020-08-03 17:15:58,119 [pool-63-thread-1] INFO  storage.RaftStorageDirectory (RaftStorageDirectory.java:analyzeStorage(261)) - The storage directory /github/workspace/mnt/ozone/hadoop-ozone/integration-test/target/test-dir/MiniOzoneClusterImpl-2656730b-2a13-4e9d-ab06-d54ee6b103c3/datanode-2/data/ratis/8bd17c12-d991-44a2-b845-74fb5b2205f6 does not exist. Creating ...
2020-08-03 17:15:58,122 [pool-63-thread-1] INFO  storage.RaftStorageDirectory (RaftStorageDirectory.java:tryLock(343)) - Lock on /github/workspace/mnt/ozone/hadoop-ozone/integration-test/target/test-dir/MiniOzoneClusterImpl-2656730b-2a13-4e9d-ab06-d54ee6b103c3/datanode-2/data/ratis/8bd17c12-d991-44a2-b845-74fb5b2205f6/in_use.lock acquired by nodename 43722@a7a0531c52c2
2020-08-03 17:15:58,124 [pool-63-thread-1] INFO  storage.RaftStorage (RaftStorage.java:format(84)) - Storage directory /github/workspace/mnt/ozone/hadoop-ozone/integration-test/target/test-dir/MiniOzoneClusterImpl-2656730b-2a13-4e9d-ab06-d54ee6b103c3/datanode-2/data/ratis/8bd17c12-d991-44a2-b845-74fb5b2205f6 has been successfully formatted.
2020-08-03 17:15:58,124 [Datanode State Machine Thread - 0] WARN  statemachine.DatanodeStateMachine (DatanodeStateMachine.java:start(245)) - Interrupt the execution.
java.lang.InterruptedException: sleep interrupted
	at java.lang.Thread.sleep(Native Method)
	at org.apache.hadoop.ozone.container.common.statemachine.DatanodeStateMachine.start(DatanodeStateMachine.java:243)
	at org.apache.hadoop.ozone.container.common.statemachine.DatanodeStateMachine.lambda$startDaemon$0(DatanodeStateMachine.java:405)
	at java.lang.Thread.run(Thread.java:748)
2020-08-03 17:15:58,124 [pool-63-thread-1] INFO  ratis.ContainerStateMachine (ContainerStateMachine.java:loadSnapshot(225)) - group-74FB5B2205F6: The snapshot info is null. Setting the last applied indexto:(t:0, i:~)
2020-08-03 17:15:58,125 [pool-63-thread-1] INFO  server.RaftServerConfigKeys (ConfUtils.java:logGet(44)) - raft.server.notification.no-leader.timeout = 1000000ms (custom)
2020-08-03 17:15:58,125 [pool-63-thread-1] INFO  server.RaftServerConfigKeys (ConfUtils.java:logGet(44)) - raft.server.log.use.memory = false (default)
2020-08-03 17:15:58,125 [pool-63-thread-1] INFO  server.RaftServerConfigKeys (ConfUtils.java:logGet(44)) - raft.server.log.purge.gap = 1000000 (custom)
2020-08-03 17:15:58,125 [pool-63-thread-1] INFO  metrics.RatisMetrics (RatisMetrics.java:lambda$create$0(36)) - Creating Metrics Registry : ratis.log_worker.e3f65f98-62cd-4b84-8686-7eecf5344940@group-74FB5B2205F6
2020-08-03 17:15:58,126 [pool-63-thread-1] INFO  server.RaftServerConfigKeys (ConfUtils.java:logGet(44)) - raft.server.log.appender.buffer.byte-limit = 33554432 (custom)
2020-08-03 17:15:58,126 [pool-63-thread-1] INFO  server.RaftServerConfigKeys (ConfUtils.java:logGet(44)) - raft.server.log.segment.size.max = 1048576 (custom)
2020-08-03 17:15:58,126 [pool-63-thread-1] INFO  server.RaftServerConfigKeys (ConfUtils.java:logGet(44)) - raft.server.log.segment.cache.num.max = 2 (custom)
2020-08-03 17:15:58,126 [pool-63-thread-1] INFO  segmented.SegmentedRaftLogWorker (SegmentedRaftLogWorker.java:<init>(180)) - new e3f65f98-62cd-4b84-8686-7eecf5344940@group-74FB5B2205F6-SegmentedRaftLogWorker for RaftStorage:Storage Directory /github/workspace/mnt/ozone/hadoop-ozone/integration-test/target/test-dir/MiniOzoneClusterImpl-2656730b-2a13-4e9d-ab06-d54ee6b103c3/datanode-2/data/ratis/8bd17c12-d991-44a2-b845-74fb5b2205f6
2020-08-03 17:15:58,126 [pool-63-thread-1] INFO  server.RaftServerConfigKeys (ConfUtils.java:logGet(44)) - raft.server.log.queue.byte-limit = 2147483647 (custom)
2020-08-03 17:15:58,126 [pool-63-thread-1] INFO  server.RaftServerConfigKeys (ConfUtils.java:logGet(44)) - raft.server.log.queue.element-limit = 1024 (custom)
2020-08-03 17:15:58,126 [pool-63-thread-1] INFO  server.RaftServerConfigKeys (ConfUtils.java:logGet(44)) - raft.server.log.segment.size.max = 1048576 (custom)
2020-08-03 17:15:58,126 [pool-63-thread-1] INFO  server.RaftServerConfigKeys (ConfUtils.java:logGet(44)) - raft.server.log.preallocated.size = 16384 (custom)
2020-08-03 17:15:58,126 [pool-63-thread-1] INFO  server.RaftServerConfigKeys (ConfUtils.java:logGet(44)) - raft.server.log.write.buffer.size = 1048576 (custom)
2020-08-03 17:15:58,127 [pool-63-thread-1] INFO  server.RaftServerConfigKeys (ConfUtils.java:logGet(44)) - raft.server.log.force.sync.num = 128 (default)
2020-08-03 17:15:58,127 [pool-63-thread-1] INFO  server.RaftServerConfigKeys (ConfUtils.java:logGet(44)) - raft.server.log.statemachine.data.sync = true (default)
2020-08-03 17:15:58,127 [pool-63-thread-1] INFO  server.RaftServerConfigKeys (ConfUtils.java:logGet(44)) - raft.server.log.statemachine.data.sync.timeout = 10s (default)
2020-08-03 17:15:58,127 [pool-63-thread-1] INFO  server.RaftServerConfigKeys (ConfUtils.java:logGet(44)) - raft.server.log.statemachine.data.sync.timeout.retry = -1 (default)
2020-08-03 17:15:58,129 [EventQueue-PipelineReportForPipelineReportHandler] INFO  pipeline.PipelineStateManager (PipelineStateManager.java:openPipeline(131)) - Pipeline Pipeline[ Id: 8bd17c12-d991-44a2-b845-74fb5b2205f6, Nodes: e3f65f98-62cd-4b84-8686-7eecf5344940{ip: 172.17.0.2, host: a7a0531c52c2, networkLocation: /default-rack, certSerialId: null}, Type:RATIS, Factor:ONE, State:ALLOCATED, leaderId:e3f65f98-62cd-4b84-8686-7eecf5344940, CreationTimestamp2020-08-03T17:15:55.089Z] moved to OPEN state
2020-08-03 17:15:58,129 [EventQueue-OpenPipelineForHealthyPipelineSafeModeRule] INFO  safemode.SCMSafeModeManager (HealthyPipelineSafeModeRule.java:process(129)) - SCM in safe mode. Healthy pipelines reported count is 0, required healthy pipeline reported count is 1
2020-08-03 17:15:58,129 [EventQueue-OpenPipelineForOneReplicaPipelineSafeModeRule] INFO  safemode.SCMSafeModeManager (SCMSafeModeManager.java:validateSafeModeExitRules(214)) - AtleastOneDatanodeReportedRule rule is successfully validated
2020-08-03 17:15:58,132 [pool-63-thread-1] INFO  server.RaftServerConfigKeys (ConfUtils.java:logGet(44)) - raft.server.log.statemachine.data.caching.enabled = true (custom)
2020-08-03 17:15:58,133 [pool-63-thread-1] INFO  segmented.SegmentedRaftLogWorker (SegmentedRaftLogWorker.java:lambda$new$0(129)) - e3f65f98-62cd-4b84-8686-7eecf5344940@group-74FB5B2205F6-SegmentedRaftLogWorker: flushIndex: setUnconditionally 0 -> -1
2020-08-03 17:15:58,133 [pool-63-thread-1] INFO  segmented.SegmentedRaftLogWorker (SegmentedRaftLogWorker.java:lambda$new$0(129)) - e3f65f98-62cd-4b84-8686-7eecf5344940@group-74FB5B2205F6-SegmentedRaftLogWorker: safeCacheEvictIndex: setUnconditionally 0 -> -1
2020-08-03 17:15:58,133 [pool-63-thread-1] INFO  server.RaftServerConfigKeys (ConfUtils.java:logGet(44)) - raft.server.snapshot.auto.trigger.enabled = true (custom)
2020-08-03 17:15:58,133 [pool-63-thread-1] INFO  server.RaftServerConfigKeys (ConfUtils.java:logGet(44)) - raft.server.snapshot.auto.trigger.threshold = 10000 (custom)
2020-08-03 17:15:58,133 [pool-63-thread-1] INFO  server.RaftServerConfigKeys (ConfUtils.java:logGet(44)) - raft.server.snapshot.retention.file.num = 5 (custom)
2020-08-03 17:15:58,133 [pool-63-thread-1] INFO  server.RaftServerConfigKeys (ConfUtils.java:logGet(44)) - raft.server.log.purge.upto.snapshot.index = false (default)
2020-08-03 17:15:58,133 [pool-63-thread-1] INFO  server.RaftServerConfigKeys (ConfUtils.java:logGet(44)) - raft.server.retrycache.expirytime = 600000ms (custom)
2020-08-03 17:15:58,133 [pool-63-thread-1] INFO  metrics.RatisMetrics (RatisMetrics.java:lambda$create$0(36)) - Creating Metrics Registry : ratis.leader_election.e3f65f98-62cd-4b84-8686-7eecf5344940@group-74FB5B2205F6
2020-08-03 17:15:58,149 [pool-63-thread-1] INFO  metrics.RatisMetrics (RatisMetrics.java:lambda$create$0(36)) - Creating Metrics Registry : ratis.server.e3f65f98-62cd-4b84-8686-7eecf5344940@group-74FB5B2205F6
2020-08-03 17:15:58,150 [pool-63-thread-1] INFO  impl.RaftServerImpl (RaftServerImpl.java:start(196)) - e3f65f98-62cd-4b84-8686-7eecf5344940@group-74FB5B2205F6: start as a follower, conf=-1: [e3f65f98-62cd-4b84-8686-7eecf5344940:172.17.0.2:38305], old=null
2020-08-03 17:15:58,150 [pool-63-thread-1] INFO  impl.RaftServerImpl (RaftServerImpl.java:setRole(185)) - e3f65f98-62cd-4b84-8686-7eecf5344940@group-74FB5B2205F6: changes role from      null to FOLLOWER at term 0 for startAsFollower
2020-08-03 17:15:58,150 [pool-63-thread-1] INFO  impl.RoleInfo (RoleInfo.java:updateAndGet(143)) - e3f65f98-62cd-4b84-8686-7eecf5344940: start FollowerState
2020-08-03 17:15:58,158 [pool-63-thread-1] INFO  util.JmxRegister (JmxRegister.java:tryRegister(44)) - Successfully registered JMX Bean with object name Ratis:service=RaftServer,group=group-74FB5B2205F6,id=e3f65f98-62cd-4b84-8686-7eecf5344940
2020-08-03 17:15:58,158 [pool-63-thread-1] INFO  metrics.RatisMetrics (RatisMetrics.java:lambda$create$0(36)) - Creating Metrics Registry : ratis.state_machine.e3f65f98-62cd-4b84-8686-7eecf5344940@group-74FB5B2205F6
2020-08-03 17:15:58,171 [Command processor thread] INFO  commandhandler.CreatePipelineCommandHandler (CreatePipelineCommandHandler.java:handle(110)) - Created Pipeline RATIS ONE #id: "8bd17c12-d991-44a2-b845-74fb5b2205f6"
uuid128 {
  mostSigBits: -8371773811903609694
  leastSigBits: -5168596374423206410
}
.
2020-08-03 17:15:58,171 [Command processor thread] INFO  impl.RaftServerProxy (RaftServerProxy.java:addNew(89)) - e3f65f98-62cd-4b84-8686-7eecf5344940: addNew group-9FF6351E82CF:[e3f65f98-62cd-4b84-8686-7eecf5344940:172.17.0.2:38305, 28d31e53-94a4-41be-8083-cc25a366c2ee:172.17.0.2:39251, c024227d-78fa-419b-86b4-10e35bdc5a8d:172.17.0.2:34441] returns group-9FF6351E82CF:java.util.concurrent.CompletableFuture@260508e1[Not completed]
2020-08-03 17:15:58,173 [pool-63-thread-1] INFO  impl.RaftServerImpl (RaftServerImpl.java:<init>(107)) - e3f65f98-62cd-4b84-8686-7eecf5344940: new RaftServerImpl for group-9FF6351E82CF:[e3f65f98-62cd-4b84-8686-7eecf5344940:172.17.0.2:38305, 28d31e53-94a4-41be-8083-cc25a366c2ee:172.17.0.2:39251, c024227d-78fa-419b-86b4-10e35bdc5a8d:172.17.0.2:34441] with ContainerStateMachine:uninitialized
2020-08-03 17:15:58,173 [pool-63-thread-1] INFO  server.RaftServerConfigKeys (ConfUtils.java:logGet(44)) - raft.server.rpc.timeout.min = 5s (custom)
2020-08-03 17:15:58,173 [pool-63-thread-1] INFO  server.RaftServerConfigKeys (ConfUtils.java:logGet(44)) - raft.server.rpc.timeout.max = 5200ms (custom)
2020-08-03 17:15:58,173 [pool-63-thread-1] INFO  server.RaftServerConfigKeys (ConfUtils.java:logGet(44)) - raft.server.rpcslowness.timeout = 1000000ms (custom)
2020-08-03 17:15:58,173 [pool-63-thread-1] INFO  server.RaftServerConfigKeys (ConfUtils.java:logGet(44)) - raft.server.sleep.deviation.threshold = 300 (default)
2020-08-03 17:15:58,173 [pool-63-thread-1] INFO  server.RaftServerConfigKeys (ConfUtils.java:logGet(44)) - raft.server.log.appender.install.snapshot.enabled = false (custom)
2020-08-03 17:15:58,173 [pool-63-thread-1] INFO  impl.RaftServerImpl (ServerState.java:<init>(103)) - e3f65f98-62cd-4b84-8686-7eecf5344940@group-9FF6351E82CF: ConfigurationManager, init=-1: [e3f65f98-62cd-4b84-8686-7eecf5344940:172.17.0.2:38305, 28d31e53-94a4-41be-8083-cc25a366c2ee:172.17.0.2:39251, c024227d-78fa-419b-86b4-10e35bdc5a8d:172.17.0.2:34441], old=null, confs=<EMPTY_MAP>
2020-08-03 17:15:58,173 [pool-63-thread-1] INFO  server.RaftServerConfigKeys (ConfUtils.java:logGet(44)) - raft.server.storage.dir = [/github/workspace/mnt/ozone/hadoop-ozone/integration-test/target/test-dir/MiniOzoneClusterImpl-2656730b-2a13-4e9d-ab06-d54ee6b103c3/datanode-2/data/ratis] (custom)
2020-08-03 17:15:58,173 [pool-63-thread-1] INFO  server.RaftServerConfigKeys (ConfUtils.java:logGet(44)) - raft.server.log.corruption.policy = EXCEPTION (default)
2020-08-03 17:15:58,174 [pool-63-thread-1] INFO  storage.RaftStorageDirectory (RaftStorageDirectory.java:analyzeStorage(261)) - The storage directory /github/workspace/mnt/ozone/hadoop-ozone/integration-test/target/test-dir/MiniOzoneClusterImpl-2656730b-2a13-4e9d-ab06-d54ee6b103c3/datanode-2/data/ratis/6896f128-0f51-4a29-a49a-9ff6351e82cf does not exist. Creating ...
2020-08-03 17:15:58,176 [pool-63-thread-1] INFO  storage.RaftStorageDirectory (RaftStorageDirectory.java:tryLock(343)) - Lock on /github/workspace/mnt/ozone/hadoop-ozone/integration-test/target/test-dir/MiniOzoneClusterImpl-2656730b-2a13-4e9d-ab06-d54ee6b103c3/datanode-2/data/ratis/6896f128-0f51-4a29-a49a-9ff6351e82cf/in_use.lock acquired by nodename 43722@a7a0531c52c2
2020-08-03 17:15:58,178 [pool-63-thread-1] INFO  storage.RaftStorage (RaftStorage.java:format(84)) - Storage directory /github/workspace/mnt/ozone/hadoop-ozone/integration-test/target/test-dir/MiniOzoneClusterImpl-2656730b-2a13-4e9d-ab06-d54ee6b103c3/datanode-2/data/ratis/6896f128-0f51-4a29-a49a-9ff6351e82cf has been successfully formatted.
2020-08-03 17:15:58,178 [Datanode State Machine Thread - 0] WARN  statemachine.DatanodeStateMachine (DatanodeStateMachine.java:start(245)) - Interrupt the execution.
java.lang.InterruptedException: sleep interrupted
	at java.lang.Thread.sleep(Native Method)
	at org.apache.hadoop.ozone.container.common.statemachine.DatanodeStateMachine.start(DatanodeStateMachine.java:243)
	at org.apache.hadoop.ozone.container.common.statemachine.DatanodeStateMachine.lambda$startDaemon$0(DatanodeStateMachine.java:405)
	at java.lang.Thread.run(Thread.java:748)
2020-08-03 17:15:58,178 [pool-63-thread-1] INFO  ratis.ContainerStateMachine (ContainerStateMachine.java:loadSnapshot(225)) - group-9FF6351E82CF: The snapshot info is null. Setting the last applied indexto:(t:0, i:~)
2020-08-03 17:15:58,178 [pool-63-thread-1] INFO  server.RaftServerConfigKeys (ConfUtils.java:logGet(44)) - raft.server.notification.no-leader.timeout = 1000000ms (custom)
2020-08-03 17:15:58,178 [pool-63-thread-1] INFO  server.RaftServerConfigKeys (ConfUtils.java:logGet(44)) - raft.server.log.use.memory = false (default)
2020-08-03 17:15:58,178 [pool-63-thread-1] INFO  server.RaftServerConfigKeys (ConfUtils.java:logGet(44)) - raft.server.log.purge.gap = 1000000 (custom)
2020-08-03 17:15:58,178 [pool-63-thread-1] INFO  metrics.RatisMetrics (RatisMetrics.java:lambda$create$0(36)) - Creating Metrics Registry : ratis.log_worker.e3f65f98-62cd-4b84-8686-7eecf5344940@group-9FF6351E82CF
2020-08-03 17:15:58,179 [pool-63-thread-1] INFO  server.RaftServerConfigKeys (ConfUtils.java:logGet(44)) - raft.server.log.appender.buffer.byte-limit = 33554432 (custom)
2020-08-03 17:15:58,179 [pool-63-thread-1] INFO  server.RaftServerConfigKeys (ConfUtils.java:logGet(44)) - raft.server.log.segment.size.max = 1048576 (custom)
2020-08-03 17:15:58,179 [pool-63-thread-1] INFO  server.RaftServerConfigKeys (ConfUtils.java:logGet(44)) - raft.server.log.segment.cache.num.max = 2 (custom)
2020-08-03 17:15:58,179 [pool-63-thread-1] INFO  segmented.SegmentedRaftLogWorker (SegmentedRaftLogWorker.java:<init>(180)) - new e3f65f98-62cd-4b84-8686-7eecf5344940@group-9FF6351E82CF-SegmentedRaftLogWorker for RaftStorage:Storage Directory /github/workspace/mnt/ozone/hadoop-ozone/integration-test/target/test-dir/MiniOzoneClusterImpl-2656730b-2a13-4e9d-ab06-d54ee6b103c3/datanode-2/data/ratis/6896f128-0f51-4a29-a49a-9ff6351e82cf
2020-08-03 17:15:58,179 [pool-63-thread-1] INFO  server.RaftServerConfigKeys (ConfUtils.java:logGet(44)) - raft.server.log.queue.byte-limit = 2147483647 (custom)
2020-08-03 17:15:58,179 [pool-63-thread-1] INFO  server.RaftServerConfigKeys (ConfUtils.java:logGet(44)) - raft.server.log.queue.element-limit = 1024 (custom)
2020-08-03 17:15:58,179 [pool-63-thread-1] INFO  server.RaftServerConfigKeys (ConfUtils.java:logGet(44)) - raft.server.log.segment.size.max = 1048576 (custom)
2020-08-03 17:15:58,179 [pool-63-thread-1] INFO  server.RaftServerConfigKeys (ConfUtils.java:logGet(44)) - raft.server.log.preallocated.size = 16384 (custom)
2020-08-03 17:15:58,179 [pool-63-thread-1] INFO  server.RaftServerConfigKeys (ConfUtils.java:logGet(44)) - raft.server.log.write.buffer.size = 1048576 (custom)
2020-08-03 17:15:58,180 [pool-63-thread-1] INFO  server.RaftServerConfigKeys (ConfUtils.java:logGet(44)) - raft.server.log.force.sync.num = 128 (default)
2020-08-03 17:15:58,180 [pool-63-thread-1] INFO  server.RaftServerConfigKeys (ConfUtils.java:logGet(44)) - raft.server.log.statemachine.data.sync = true (default)
2020-08-03 17:15:58,180 [pool-63-thread-1] INFO  server.RaftServerConfigKeys (ConfUtils.java:logGet(44)) - raft.server.log.statemachine.data.sync.timeout = 10s (default)
2020-08-03 17:15:58,180 [pool-63-thread-1] INFO  server.RaftServerConfigKeys (ConfUtils.java:logGet(44)) - raft.server.log.statemachine.data.sync.timeout.retry = -1 (default)
2020-08-03 17:15:58,181 [pool-63-thread-1] INFO  server.RaftServerConfigKeys (ConfUtils.java:logGet(44)) - raft.server.log.statemachine.data.caching.enabled = true (custom)
2020-08-03 17:15:58,181 [pool-63-thread-1] INFO  segmented.SegmentedRaftLogWorker (SegmentedRaftLogWorker.java:lambda$new$0(129)) - e3f65f98-62cd-4b84-8686-7eecf5344940@group-9FF6351E82CF-SegmentedRaftLogWorker: flushIndex: setUnconditionally 0 -> -1
2020-08-03 17:15:58,182 [pool-63-thread-1] INFO  segmented.SegmentedRaftLogWorker (SegmentedRaftLogWorker.java:lambda$new$0(129)) - e3f65f98-62cd-4b84-8686-7eecf5344940@group-9FF6351E82CF-SegmentedRaftLogWorker: safeCacheEvictIndex: setUnconditionally 0 -> -1
2020-08-03 17:15:58,187 [pool-63-thread-1] INFO  server.RaftServerConfigKeys (ConfUtils.java:logGet(44)) - raft.server.snapshot.auto.trigger.enabled = true (custom)
2020-08-03 17:15:58,187 [pool-63-thread-1] INFO  server.RaftServerConfigKeys (ConfUtils.java:logGet(44)) - raft.server.snapshot.auto.trigger.threshold = 10000 (custom)
2020-08-03 17:15:58,187 [pool-63-thread-1] INFO  server.RaftServerConfigKeys (ConfUtils.java:logGet(44)) - raft.server.snapshot.retention.file.num = 5 (custom)
2020-08-03 17:15:58,187 [pool-63-thread-1] INFO  server.RaftServerConfigKeys (ConfUtils.java:logGet(44)) - raft.server.log.purge.upto.snapshot.index = false (default)
2020-08-03 17:15:58,187 [pool-63-thread-1] INFO  server.RaftServerConfigKeys (ConfUtils.java:logGet(44)) - raft.server.retrycache.expirytime = 600000ms (custom)
2020-08-03 17:15:58,187 [pool-63-thread-1] INFO  metrics.RatisMetrics (RatisMetrics.java:lambda$create$0(36)) - Creating Metrics Registry : ratis.leader_election.e3f65f98-62cd-4b84-8686-7eecf5344940@group-9FF6351E82CF
2020-08-03 17:15:58,188 [pool-63-thread-1] INFO  metrics.RatisMetrics (RatisMetrics.java:lambda$create$0(36)) - Creating Metrics Registry : ratis.server.e3f65f98-62cd-4b84-8686-7eecf5344940@group-9FF6351E82CF
2020-08-03 17:15:58,188 [pool-63-thread-1] INFO  impl.RaftServerImpl (RaftServerImpl.java:start(196)) - e3f65f98-62cd-4b84-8686-7eecf5344940@group-9FF6351E82CF: start as a follower, conf=-1: [e3f65f98-62cd-4b84-8686-7eecf5344940:172.17.0.2:38305, 28d31e53-94a4-41be-8083-cc25a366c2ee:172.17.0.2:39251, c024227d-78fa-419b-86b4-10e35bdc5a8d:172.17.0.2:34441], old=null
2020-08-03 17:15:58,188 [pool-63-thread-1] INFO  impl.RaftServerImpl (RaftServerImpl.java:setRole(185)) - e3f65f98-62cd-4b84-8686-7eecf5344940@group-9FF6351E82CF: changes role from      null to FOLLOWER at term 0 for startAsFollower
2020-08-03 17:15:58,188 [pool-63-thread-1] INFO  impl.RoleInfo (RoleInfo.java:updateAndGet(143)) - e3f65f98-62cd-4b84-8686-7eecf5344940: start FollowerState
2020-08-03 17:15:58,197 [pool-63-thread-1] INFO  util.JmxRegister (JmxRegister.java:tryRegister(44)) - Successfully registered JMX Bean with object name Ratis:service=RaftServer,group=group-9FF6351E82CF,id=e3f65f98-62cd-4b84-8686-7eecf5344940
2020-08-03 17:15:58,197 [pool-63-thread-1] INFO  metrics.RatisMetrics (RatisMetrics.java:lambda$create$0(36)) - Creating Metrics Registry : ratis.state_machine.e3f65f98-62cd-4b84-8686-7eecf5344940@group-9FF6351E82CF
2020-08-03 17:15:58,729 [Command processor thread] INFO  commandhandler.CreatePipelineCommandHandler (CreatePipelineCommandHandler.java:handle(110)) - Created Pipeline RATIS THREE #id: "6896f128-0f51-4a29-a49a-9ff6351e82cf"
uuid128 {
  mostSigBits: 7536476180809075241
  leastSigBits: -6585775625273965873
}
.
2020-08-03 17:15:58,758 [Command processor thread] INFO  commandhandler.CreatePipelineCommandHandler (CreatePipelineCommandHandler.java:handle(110)) - Created Pipeline RATIS THREE #id: "6896f128-0f51-4a29-a49a-9ff6351e82cf"
uuid128 {
  mostSigBits: 7536476180809075241
  leastSigBits: -6585775625273965873
}
.
2020-08-03 17:15:58,759 [Command processor thread] INFO  commandhandler.CreatePipelineCommandHandler (CreatePipelineCommandHandler.java:handle(110)) - Created Pipeline RATIS THREE #id: "6896f128-0f51-4a29-a49a-9ff6351e82cf"
uuid128 {
  mostSigBits: 7536476180809075241
  leastSigBits: -6585775625273965873
}
.
2020-08-03 17:15:59,087 [Listener at 127.0.0.1/40195] INFO  ozone.MiniOzoneClusterImpl (MiniOzoneClusterImpl.java:lambda$waitForClusterToBeReady$0(177)) - Nodes are ready. Got 3 of 3 DN Heartbeats.
2020-08-03 17:15:59,087 [Listener at 127.0.0.1/40195] INFO  ozone.MiniOzoneClusterImpl (MiniOzoneClusterImpl.java:lambda$waitForClusterToBeReady$0(180)) - Waiting for cluster to exit safe mode
2020-08-03 17:16:00,088 [Listener at 127.0.0.1/40195] INFO  ozone.MiniOzoneClusterImpl (MiniOzoneClusterImpl.java:lambda$waitForClusterToBeReady$0(177)) - Nodes are ready. Got 3 of 3 DN Heartbeats.
2020-08-03 17:16:00,088 [Listener at 127.0.0.1/40195] INFO  ozone.MiniOzoneClusterImpl (MiniOzoneClusterImpl.java:lambda$waitForClusterToBeReady$0(180)) - Waiting for cluster to exit safe mode
2020-08-03 17:16:01,088 [Listener at 127.0.0.1/40195] INFO  ozone.MiniOzoneClusterImpl (MiniOzoneClusterImpl.java:lambda$waitForClusterToBeReady$0(177)) - Nodes are ready. Got 3 of 3 DN Heartbeats.
2020-08-03 17:16:01,088 [Listener at 127.0.0.1/40195] INFO  ozone.MiniOzoneClusterImpl (MiniOzoneClusterImpl.java:lambda$waitForClusterToBeReady$0(180)) - Waiting for cluster to exit safe mode
2020-08-03 17:16:02,088 [Listener at 127.0.0.1/40195] INFO  ozone.MiniOzoneClusterImpl (MiniOzoneClusterImpl.java:lambda$waitForClusterToBeReady$0(177)) - Nodes are ready. Got 3 of 3 DN Heartbeats.
2020-08-03 17:16:02,088 [Listener at 127.0.0.1/40195] INFO  ozone.MiniOzoneClusterImpl (MiniOzoneClusterImpl.java:lambda$waitForClusterToBeReady$0(180)) - Waiting for cluster to exit safe mode
2020-08-03 17:16:02,981 [Thread-192] INFO  impl.FollowerState (FollowerState.java:run(108)) - 28d31e53-94a4-41be-8083-cc25a366c2ee@group-0D039929C64F-FollowerState: change to CANDIDATE, lastRpcTime:5037ms, electionTimeout:5028ms
2020-08-03 17:16:02,983 [Thread-192] INFO  impl.RoleInfo (RoleInfo.java:shutdownFollowerState(121)) - 28d31e53-94a4-41be-8083-cc25a366c2ee: shutdown FollowerState
2020-08-03 17:16:02,984 [Thread-192] INFO  impl.RaftServerImpl (RaftServerImpl.java:setRole(185)) - 28d31e53-94a4-41be-8083-cc25a366c2ee@group-0D039929C64F: changes role from  FOLLOWER to CANDIDATE at term 0 for changeToCandidate
2020-08-03 17:16:02,986 [Thread-192] INFO  impl.RoleInfo (RoleInfo.java:updateAndGet(143)) - 28d31e53-94a4-41be-8083-cc25a366c2ee: start LeaderElection
2020-08-03 17:16:02,995 [28d31e53-94a4-41be-8083-cc25a366c2ee@group-0D039929C64F-LeaderElection1] INFO  impl.LeaderElection (LeaderElection.java:askForVotes(209)) - 28d31e53-94a4-41be-8083-cc25a366c2ee@group-0D039929C64F-LeaderElection1: begin an election at term 1 for -1: [28d31e53-94a4-41be-8083-cc25a366c2ee:172.17.0.2:39251], old=null
2020-08-03 17:16:02,996 [28d31e53-94a4-41be-8083-cc25a366c2ee@group-0D039929C64F-LeaderElection1] INFO  impl.RoleInfo (RoleInfo.java:shutdownLeaderElection(134)) - 28d31e53-94a4-41be-8083-cc25a366c2ee: shutdown LeaderElection
2020-08-03 17:16:02,997 [28d31e53-94a4-41be-8083-cc25a366c2ee@group-0D039929C64F-LeaderElection1] INFO  impl.RaftServerImpl (RaftServerImpl.java:setRole(185)) - 28d31e53-94a4-41be-8083-cc25a366c2ee@group-0D039929C64F: changes role from CANDIDATE to LEADER at term 1 for changeToLeader
2020-08-03 17:16:02,997 [28d31e53-94a4-41be-8083-cc25a366c2ee@group-0D039929C64F-LeaderElection1] INFO  ratis.XceiverServerRatis (XceiverServerRatis.java:handleLeaderChangedNotification(822)) - Leader change notification received for group: group-0D039929C64F with new leaderId: 28d31e53-94a4-41be-8083-cc25a366c2ee
2020-08-03 17:16:02,997 [28d31e53-94a4-41be-8083-cc25a366c2ee@group-0D039929C64F-LeaderElection1] INFO  impl.RaftServerImpl (ServerState.java:setLeader(255)) - 28d31e53-94a4-41be-8083-cc25a366c2ee@group-0D039929C64F: change Leader from null to 28d31e53-94a4-41be-8083-cc25a366c2ee at term 1 for becomeLeader, leader elected after 5195ms
2020-08-03 17:16:02,997 [Datanode State Machine Thread - 0] WARN  statemachine.DatanodeStateMachine (DatanodeStateMachine.java:start(245)) - Interrupt the execution.
java.lang.InterruptedException: sleep interrupted
	at java.lang.Thread.sleep(Native Method)
	at org.apache.hadoop.ozone.container.common.statemachine.DatanodeStateMachine.start(DatanodeStateMachine.java:243)
	at org.apache.hadoop.ozone.container.common.statemachine.DatanodeStateMachine.lambda$startDaemon$0(DatanodeStateMachine.java:405)
	at java.lang.Thread.run(Thread.java:748)
2020-08-03 17:16:03,008 [28d31e53-94a4-41be-8083-cc25a366c2ee@group-0D039929C64F-LeaderElection1] INFO  server.RaftServerConfigKeys (ConfUtils.java:logGet(44)) - raft.server.staging.catchup.gap = 1000 (default)
2020-08-03 17:16:03,008 [28d31e53-94a4-41be-8083-cc25a366c2ee@group-0D039929C64F-LeaderElection1] INFO  server.RaftServerConfigKeys (ConfUtils.java:logGet(44)) - raft.server.rpc.sleep.time = 25ms (default)
2020-08-03 17:16:03,010 [28d31e53-94a4-41be-8083-cc25a366c2ee@group-0D039929C64F-LeaderElection1] INFO  metrics.RatisMetrics (RatisMetrics.java:lambda$create$0(36)) - Creating Metrics Registry : ratis.log_appender.28d31e53-94a4-41be-8083-cc25a366c2ee@group-0D039929C64F
2020-08-03 17:16:03,011 [28d31e53-94a4-41be-8083-cc25a366c2ee@group-0D039929C64F-LeaderElection1] INFO  server.RaftServerConfigKeys (ConfUtils.java:logGet(44)) - raft.server.write.element-limit = 1024 (custom)
2020-08-03 17:16:03,012 [28d31e53-94a4-41be-8083-cc25a366c2ee@group-0D039929C64F-LeaderElection1] INFO  server.RaftServerConfigKeys (ConfUtils.java:logGet(44)) - raft.server.write.byte-limit = 1073741824 (custom)
2020-08-03 17:16:03,018 [28d31e53-94a4-41be-8083-cc25a366c2ee@group-0D039929C64F-LeaderElection1] INFO  server.RaftServerConfigKeys (ConfUtils.java:logGet(44)) - raft.server.watch.timeout = 3000ms (custom)
2020-08-03 17:16:03,018 [28d31e53-94a4-41be-8083-cc25a366c2ee@group-0D039929C64F-LeaderElection1] INFO  server.RaftServerConfigKeys (ConfUtils.java:logGet(44)) - raft.server.watch.timeout.denomination = 1s (default)
2020-08-03 17:16:03,018 [28d31e53-94a4-41be-8083-cc25a366c2ee@group-0D039929C64F-LeaderElection1] INFO  server.RaftServerConfigKeys (ConfUtils.java:logGet(44)) - raft.server.watch.element-limit = 65536 (default)
2020-08-03 17:16:03,023 [28d31e53-94a4-41be-8083-cc25a366c2ee@group-0D039929C64F-LeaderElection1] INFO  impl.RoleInfo (RoleInfo.java:updateAndGet(143)) - 28d31e53-94a4-41be-8083-cc25a366c2ee: start LeaderState
2020-08-03 17:16:03,039 [28d31e53-94a4-41be-8083-cc25a366c2ee@group-0D039929C64F-LeaderElection1] INFO  segmented.SegmentedRaftLogWorker (SegmentedRaftLogWorker.java:startLogSegment(397)) - 28d31e53-94a4-41be-8083-cc25a366c2ee@group-0D039929C64F-SegmentedRaftLogWorker: Starting segment from index:0
2020-08-03 17:16:03,047 [28d31e53-94a4-41be-8083-cc25a366c2ee@group-0D039929C64F-LeaderElection1] INFO  impl.RaftServerImpl (ServerState.java:setRaftConf(356)) - 28d31e53-94a4-41be-8083-cc25a366c2ee@group-0D039929C64F: set configuration 0: [28d31e53-94a4-41be-8083-cc25a366c2ee:172.17.0.2:39251], old=null at 0
2020-08-03 17:16:03,089 [Listener at 127.0.0.1/40195] INFO  ozone.MiniOzoneClusterImpl (MiniOzoneClusterImpl.java:lambda$waitForClusterToBeReady$0(177)) - Nodes are ready. Got 3 of 3 DN Heartbeats.
2020-08-03 17:16:03,089 [Listener at 127.0.0.1/40195] INFO  ozone.MiniOzoneClusterImpl (MiniOzoneClusterImpl.java:lambda$waitForClusterToBeReady$0(180)) - Waiting for cluster to exit safe mode
2020-08-03 17:16:03,122 [Thread-199] INFO  impl.FollowerState (FollowerState.java:run(108)) - c024227d-78fa-419b-86b4-10e35bdc5a8d@group-9FF6351E82CF-FollowerState: change to CANDIDATE, lastRpcTime:5035ms, electionTimeout:5009ms
2020-08-03 17:16:03,123 [Thread-199] INFO  impl.RoleInfo (RoleInfo.java:shutdownFollowerState(121)) - c024227d-78fa-419b-86b4-10e35bdc5a8d: shutdown FollowerState
2020-08-03 17:16:03,123 [Thread-199] INFO  impl.RaftServerImpl (RaftServerImpl.java:setRole(185)) - c024227d-78fa-419b-86b4-10e35bdc5a8d@group-9FF6351E82CF: changes role from  FOLLOWER to CANDIDATE at term 0 for changeToCandidate
2020-08-03 17:16:03,123 [Thread-199] INFO  impl.RoleInfo (RoleInfo.java:updateAndGet(143)) - c024227d-78fa-419b-86b4-10e35bdc5a8d: start LeaderElection
2020-08-03 17:16:03,130 [c024227d-78fa-419b-86b4-10e35bdc5a8d@group-9FF6351E82CF-LeaderElection2] INFO  impl.LeaderElection (LeaderElection.java:askForVotes(209)) - c024227d-78fa-419b-86b4-10e35bdc5a8d@group-9FF6351E82CF-LeaderElection2: begin an election at term 1 for -1: [e3f65f98-62cd-4b84-8686-7eecf5344940:172.17.0.2:38305, 28d31e53-94a4-41be-8083-cc25a366c2ee:172.17.0.2:39251, c024227d-78fa-419b-86b4-10e35bdc5a8d:172.17.0.2:34441], old=null
2020-08-03 17:16:03,133 [28d31e53-94a4-41be-8083-cc25a366c2ee@group-0D039929C64F-SegmentedRaftLogWorker] INFO  segmented.SegmentedRaftLogWorker (SegmentedRaftLogWorker.java:execute(596)) - 28d31e53-94a4-41be-8083-cc25a366c2ee@group-0D039929C64F-SegmentedRaftLogWorker: created new log segment /github/workspace/mnt/ozone/hadoop-ozone/integration-test/target/test-dir/MiniOzoneClusterImpl-2656730b-2a13-4e9d-ab06-d54ee6b103c3/datanode-0/data/ratis/5e4f58bf-c800-487b-a1e6-0d039929c64f/current/log_inprogress_0
2020-08-03 17:16:03,158 [grpc-default-executor-1] INFO  impl.RaftServerImpl (RaftServerImpl.java:setRole(185)) - e3f65f98-62cd-4b84-8686-7eecf5344940@group-9FF6351E82CF: changes role from  FOLLOWER to FOLLOWER at term 1 for recognizeCandidate:c024227d-78fa-419b-86b4-10e35bdc5a8d
2020-08-03 17:16:03,158 [grpc-default-executor-1] INFO  impl.RoleInfo (RoleInfo.java:shutdownFollowerState(121)) - e3f65f98-62cd-4b84-8686-7eecf5344940: shutdown FollowerState
2020-08-03 17:16:03,158 [grpc-default-executor-1] INFO  impl.RoleInfo (RoleInfo.java:updateAndGet(143)) - e3f65f98-62cd-4b84-8686-7eecf5344940: start FollowerState
2020-08-03 17:16:03,158 [Thread-204] INFO  impl.FollowerState (FollowerState.java:run(117)) - e3f65f98-62cd-4b84-8686-7eecf5344940@group-9FF6351E82CF-FollowerState was interrupted: java.lang.InterruptedException: sleep interrupted
2020-08-03 17:16:03,174 [c024227d-78fa-419b-86b4-10e35bdc5a8d@group-9FF6351E82CF-LeaderElection2] INFO  impl.LeaderElection (LeaderElection.java:logAndReturn(61)) - c024227d-78fa-419b-86b4-10e35bdc5a8d@group-9FF6351E82CF-LeaderElection2: Election PASSED; received 1 response(s) [c024227d-78fa-419b-86b4-10e35bdc5a8d<-e3f65f98-62cd-4b84-8686-7eecf5344940#0:OK-t1] and 0 exception(s); c024227d-78fa-419b-86b4-10e35bdc5a8d@group-9FF6351E82CF:t1, leader=null, voted=c024227d-78fa-419b-86b4-10e35bdc5a8d, raftlog=c024227d-78fa-419b-86b4-10e35bdc5a8d@group-9FF6351E82CF-SegmentedRaftLog:OPENED:c-1,f-1,i0, conf=-1: [e3f65f98-62cd-4b84-8686-7eecf5344940:172.17.0.2:38305, 28d31e53-94a4-41be-8083-cc25a366c2ee:172.17.0.2:39251, c024227d-78fa-419b-86b4-10e35bdc5a8d:172.17.0.2:34441], old=null
2020-08-03 17:16:03,174 [c024227d-78fa-419b-86b4-10e35bdc5a8d@group-9FF6351E82CF-LeaderElection2] INFO  impl.RoleInfo (RoleInfo.java:shutdownLeaderElection(134)) - c024227d-78fa-419b-86b4-10e35bdc5a8d: shutdown LeaderElection
2020-08-03 17:16:03,174 [c024227d-78fa-419b-86b4-10e35bdc5a8d@group-9FF6351E82CF-LeaderElection2] INFO  impl.RaftServerImpl (RaftServerImpl.java:setRole(185)) - c024227d-78fa-419b-86b4-10e35bdc5a8d@group-9FF6351E82CF: changes role from CANDIDATE to LEADER at term 1 for changeToLeader
2020-08-03 17:16:03,174 [c024227d-78fa-419b-86b4-10e35bdc5a8d@group-9FF6351E82CF-LeaderElection2] INFO  ratis.XceiverServerRatis (XceiverServerRatis.java:handleLeaderChangedNotification(822)) - Leader change notification received for group: group-9FF6351E82CF with new leaderId: c024227d-78fa-419b-86b4-10e35bdc5a8d
2020-08-03 17:16:03,174 [c024227d-78fa-419b-86b4-10e35bdc5a8d@group-9FF6351E82CF-LeaderElection2] INFO  impl.RaftServerImpl (ServerState.java:setLeader(255)) - c024227d-78fa-419b-86b4-10e35bdc5a8d@group-9FF6351E82CF: change Leader from null to c024227d-78fa-419b-86b4-10e35bdc5a8d at term 1 for becomeLeader, leader elected after 5105ms
2020-08-03 17:16:03,174 [Datanode State Machine Thread - 0] WARN  statemachine.DatanodeStateMachine (DatanodeStateMachine.java:start(245)) - Interrupt the execution.
java.lang.InterruptedException: sleep interrupted
	at java.lang.Thread.sleep(Native Method)
	at org.apache.hadoop.ozone.container.common.statemachine.DatanodeStateMachine.start(DatanodeStateMachine.java:243)
	at org.apache.hadoop.ozone.container.common.statemachine.DatanodeStateMachine.lambda$startDaemon$0(DatanodeStateMachine.java:405)
	at java.lang.Thread.run(Thread.java:748)
2020-08-03 17:16:03,174 [c024227d-78fa-419b-86b4-10e35bdc5a8d@group-9FF6351E82CF-LeaderElection2] INFO  server.RaftServerConfigKeys (ConfUtils.java:logGet(44)) - raft.server.staging.catchup.gap = 1000 (default)
2020-08-03 17:16:03,177 [c024227d-78fa-419b-86b4-10e35bdc5a8d@group-9FF6351E82CF-LeaderElection2] INFO  server.RaftServerConfigKeys (ConfUtils.java:logGet(44)) - raft.server.rpc.sleep.time = 25ms (default)
2020-08-03 17:16:03,177 [c024227d-78fa-419b-86b4-10e35bdc5a8d@group-9FF6351E82CF-LeaderElection2] INFO  metrics.RatisMetrics (RatisMetrics.java:lambda$create$0(36)) - Creating Metrics Registry : ratis.log_appender.c024227d-78fa-419b-86b4-10e35bdc5a8d@group-9FF6351E82CF
2020-08-03 17:16:03,177 [c024227d-78fa-419b-86b4-10e35bdc5a8d@group-9FF6351E82CF-LeaderElection2] INFO  server.RaftServerConfigKeys (ConfUtils.java:logGet(44)) - raft.server.write.element-limit = 1024 (custom)
2020-08-03 17:16:03,177 [c024227d-78fa-419b-86b4-10e35bdc5a8d@group-9FF6351E82CF-LeaderElection2] INFO  server.RaftServerConfigKeys (ConfUtils.java:logGet(44)) - raft.server.write.byte-limit = 1073741824 (custom)
2020-08-03 17:16:03,177 [c024227d-78fa-419b-86b4-10e35bdc5a8d@group-9FF6351E82CF-LeaderElection2] INFO  server.RaftServerConfigKeys (ConfUtils.java:logGet(44)) - raft.server.watch.timeout = 3000ms (custom)
2020-08-03 17:16:03,177 [c024227d-78fa-419b-86b4-10e35bdc5a8d@group-9FF6351E82CF-LeaderElection2] INFO  server.RaftServerConfigKeys (ConfUtils.java:logGet(44)) - raft.server.watch.timeout.denomination = 1s (default)
2020-08-03 17:16:03,177 [c024227d-78fa-419b-86b4-10e35bdc5a8d@group-9FF6351E82CF-LeaderElection2] INFO  server.RaftServerConfigKeys (ConfUtils.java:logGet(44)) - raft.server.watch.element-limit = 65536 (default)
2020-08-03 17:16:03,178 [EventQueue-PipelineReportForPipelineReportHandler] INFO  pipeline.PipelineStateManager (PipelineStateManager.java:openPipeline(131)) - Pipeline Pipeline[ Id: 6896f128-0f51-4a29-a49a-9ff6351e82cf, Nodes: 28d31e53-94a4-41be-8083-cc25a366c2ee{ip: 172.17.0.2, host: a7a0531c52c2, networkLocation: /default-rack, certSerialId: null}e3f65f98-62cd-4b84-8686-7eecf5344940{ip: 172.17.0.2, host: a7a0531c52c2, networkLocation: /default-rack, certSerialId: null}c024227d-78fa-419b-86b4-10e35bdc5a8d{ip: 172.17.0.2, host: a7a0531c52c2, networkLocation: /default-rack, certSerialId: null}, Type:RATIS, Factor:THREE, State:ALLOCATED, leaderId:c024227d-78fa-419b-86b4-10e35bdc5a8d, CreationTimestamp2020-08-03T17:15:55.094Z] moved to OPEN state
2020-08-03 17:16:03,178 [EventQueue-OpenPipelineForHealthyPipelineSafeModeRule] INFO  safemode.SCMSafeModeManager (HealthyPipelineSafeModeRule.java:process(129)) - SCM in safe mode. Healthy pipelines reported count is 1, required healthy pipeline reported count is 1
2020-08-03 17:16:03,178 [EventQueue-OpenPipelineForHealthyPipelineSafeModeRule] INFO  safemode.SCMSafeModeManager (SCMSafeModeManager.java:validateSafeModeExitRules(214)) - HealthyPipelineSafeModeRule rule is successfully validated
2020-08-03 17:16:03,178 [EventQueue-OpenPipelineForHealthyPipelineSafeModeRule] INFO  safemode.SCMSafeModeManager (SCMSafeModeManager.java:validateSafeModeExitRules(228)) - ScmSafeModeManager, all rules are successfully validated
2020-08-03 17:16:03,178 [EventQueue-OpenPipelineForHealthyPipelineSafeModeRule] INFO  safemode.SCMSafeModeManager (SCMSafeModeManager.java:exitSafeMode(257)) - SCM exiting safe mode.
2020-08-03 17:16:03,185 [c024227d-78fa-419b-86b4-10e35bdc5a8d@group-9FF6351E82CF-LeaderElection2] INFO  server.RaftServerConfigKeys (ConfUtils.java:logGet(44)) - raft.server.log.appender.snapshot.chunk.size.max = 16MB (=16777216) (default)
2020-08-03 17:16:03,185 [c024227d-78fa-419b-86b4-10e35bdc5a8d@group-9FF6351E82CF-LeaderElection2] INFO  server.RaftServerConfigKeys (ConfUtils.java:logGet(44)) - raft.server.log.appender.buffer.byte-limit = 33554432 (custom)
2020-08-03 17:16:03,185 [c024227d-78fa-419b-86b4-10e35bdc5a8d@group-9FF6351E82CF-LeaderElection2] INFO  server.RaftServerConfigKeys (ConfUtils.java:logGet(44)) - raft.server.log.appender.buffer.element-limit = 1 (custom)
2020-08-03 17:16:03,188 [c024227d-78fa-419b-86b4-10e35bdc5a8d@group-9FF6351E82CF-LeaderElection2] INFO  grpc.GrpcConfigKeys (ConfUtils.java:logGet(44)) - raft.grpc.server.leader.outstanding.appends.max = 128 (default)
2020-08-03 17:16:03,189 [c024227d-78fa-419b-86b4-10e35bdc5a8d@group-9FF6351E82CF-LeaderElection2] INFO  server.RaftServerConfigKeys (ConfUtils.java:logGet(44)) - raft.server.rpc.request.timeout = 3000ms (default)
2020-08-03 17:16:03,190 [c024227d-78fa-419b-86b4-10e35bdc5a8d@group-9FF6351E82CF-LeaderElection2] INFO  server.RaftServerConfigKeys (ConfUtils.java:logGet(44)) - raft.server.log.appender.install.snapshot.enabled = false (custom)
2020-08-03 17:16:03,190 [c024227d-78fa-419b-86b4-10e35bdc5a8d@group-9FF6351E82CF-LeaderElection2] INFO  metrics.RatisMetrics (RatisMetrics.java:lambda$create$0(36)) - Creating Metrics Registry : ratis_grpc.log_appender.c024227d-78fa-419b-86b4-10e35bdc5a8d@group-9FF6351E82CF
2020-08-03 17:16:03,192 [grpc-default-executor-1] INFO  impl.RaftServerImpl (RaftServerImpl.java:setRole(185)) - 28d31e53-94a4-41be-8083-cc25a366c2ee@group-9FF6351E82CF: changes role from  FOLLOWER to FOLLOWER at term 1 for recognizeCandidate:c024227d-78fa-419b-86b4-10e35bdc5a8d
2020-08-03 17:16:03,192 [grpc-default-executor-1] INFO  impl.RoleInfo (RoleInfo.java:shutdownFollowerState(121)) - 28d31e53-94a4-41be-8083-cc25a366c2ee: shutdown FollowerState
2020-08-03 17:16:03,192 [grpc-default-executor-1] INFO  impl.RoleInfo (RoleInfo.java:updateAndGet(143)) - 28d31e53-94a4-41be-8083-cc25a366c2ee: start FollowerState
2020-08-03 17:16:03,193 [Thread-195] INFO  impl.FollowerState (FollowerState.java:run(117)) - 28d31e53-94a4-41be-8083-cc25a366c2ee@group-9FF6351E82CF-FollowerState was interrupted: java.lang.InterruptedException: sleep interrupted
2020-08-03 17:16:03,199 [Thread-202] INFO  impl.FollowerState (FollowerState.java:run(108)) - e3f65f98-62cd-4b84-8686-7eecf5344940@group-74FB5B2205F6-FollowerState: change to CANDIDATE, lastRpcTime:5048ms, electionTimeout:5039ms
2020-08-03 17:16:03,200 [Thread-202] INFO  impl.RoleInfo (RoleInfo.java:shutdownFollowerState(121)) - e3f65f98-62cd-4b84-8686-7eecf5344940: shutdown FollowerState
2020-08-03 17:16:03,200 [Thread-202] INFO  impl.RaftServerImpl (RaftServerImpl.java:setRole(185)) - e3f65f98-62cd-4b84-8686-7eecf5344940@group-74FB5B2205F6: changes role from  FOLLOWER to CANDIDATE at term 0 for changeToCandidate
2020-08-03 17:16:03,200 [Thread-202] INFO  impl.RoleInfo (RoleInfo.java:updateAndGet(143)) - e3f65f98-62cd-4b84-8686-7eecf5344940: start LeaderElection
2020-08-03 17:16:03,202 [c024227d-78fa-419b-86b4-10e35bdc5a8d@group-9FF6351E82CF-LeaderElection2] INFO  server.RaftServerConfigKeys (ConfUtils.java:logGet(44)) - raft.server.log.appender.snapshot.chunk.size.max = 16MB (=16777216) (default)
2020-08-03 17:16:03,202 [c024227d-78fa-419b-86b4-10e35bdc5a8d@group-9FF6351E82CF-LeaderElection2] INFO  server.RaftServerConfigKeys (ConfUtils.java:logGet(44)) - raft.server.log.appender.buffer.byte-limit = 33554432 (custom)
2020-08-03 17:16:03,202 [c024227d-78fa-419b-86b4-10e35bdc5a8d@group-9FF6351E82CF-LeaderElection2] INFO  server.RaftServerConfigKeys (ConfUtils.java:logGet(44)) - raft.server.log.appender.buffer.element-limit = 1 (custom)
2020-08-03 17:16:03,202 [c024227d-78fa-419b-86b4-10e35bdc5a8d@group-9FF6351E82CF-LeaderElection2] INFO  grpc.GrpcConfigKeys (ConfUtils.java:logGet(44)) - raft.grpc.server.leader.outstanding.appends.max = 128 (default)
2020-08-03 17:16:03,203 [c024227d-78fa-419b-86b4-10e35bdc5a8d@group-9FF6351E82CF-LeaderElection2] INFO  server.RaftServerConfigKeys (ConfUtils.java:logGet(44)) - raft.server.rpc.request.timeout = 3000ms (default)
2020-08-03 17:16:03,203 [c024227d-78fa-419b-86b4-10e35bdc5a8d@group-9FF6351E82CF-LeaderElection2] INFO  server.RaftServerConfigKeys (ConfUtils.java:logGet(44)) - raft.server.log.appender.install.snapshot.enabled = false (custom)
2020-08-03 17:16:03,204 [c024227d-78fa-419b-86b4-10e35bdc5a8d@group-9FF6351E82CF-LeaderElection2] INFO  impl.RoleInfo (RoleInfo.java:updateAndGet(143)) - c024227d-78fa-419b-86b4-10e35bdc5a8d: start LeaderState
2020-08-03 17:16:03,213 [c024227d-78fa-419b-86b4-10e35bdc5a8d@group-9FF6351E82CF-LeaderElection2] INFO  segmented.SegmentedRaftLogWorker (SegmentedRaftLogWorker.java:startLogSegment(397)) - c024227d-78fa-419b-86b4-10e35bdc5a8d@group-9FF6351E82CF-SegmentedRaftLogWorker: Starting segment from index:0
2020-08-03 17:16:03,213 [e3f65f98-62cd-4b84-8686-7eecf5344940@group-74FB5B2205F6-LeaderElection3] INFO  impl.LeaderElection (LeaderElection.java:askForVotes(209)) - e3f65f98-62cd-4b84-8686-7eecf5344940@group-74FB5B2205F6-LeaderElection3: begin an election at term 1 for -1: [e3f65f98-62cd-4b84-8686-7eecf5344940:172.17.0.2:38305], old=null
2020-08-03 17:16:03,214 [e3f65f98-62cd-4b84-8686-7eecf5344940@group-74FB5B2205F6-LeaderElection3] INFO  impl.RoleInfo (RoleInfo.java:shutdownLeaderElection(134)) - e3f65f98-62cd-4b84-8686-7eecf5344940: shutdown LeaderElection
2020-08-03 17:16:03,214 [e3f65f98-62cd-4b84-8686-7eecf5344940@group-74FB5B2205F6-LeaderElection3] INFO  impl.RaftServerImpl (RaftServerImpl.java:setRole(185)) - e3f65f98-62cd-4b84-8686-7eecf5344940@group-74FB5B2205F6: changes role from CANDIDATE to LEADER at term 1 for changeToLeader
2020-08-03 17:16:03,214 [c024227d-78fa-419b-86b4-10e35bdc5a8d@group-9FF6351E82CF-SegmentedRaftLogWorker] INFO  segmented.SegmentedRaftLogWorker (SegmentedRaftLogWorker.java:execute(596)) - c024227d-78fa-419b-86b4-10e35bdc5a8d@group-9FF6351E82CF-SegmentedRaftLogWorker: created new log segment /github/workspace/mnt/ozone/hadoop-ozone/integration-test/target/test-dir/MiniOzoneClusterImpl-2656730b-2a13-4e9d-ab06-d54ee6b103c3/datanode-1/data/ratis/6896f128-0f51-4a29-a49a-9ff6351e82cf/current/log_inprogress_0
2020-08-03 17:16:03,214 [e3f65f98-62cd-4b84-8686-7eecf5344940@group-74FB5B2205F6-LeaderElection3] INFO  ratis.XceiverServerRatis (XceiverServerRatis.java:handleLeaderChangedNotification(822)) - Leader change notification received for group: group-74FB5B2205F6 with new leaderId: e3f65f98-62cd-4b84-8686-7eecf5344940
2020-08-03 17:16:03,215 [c024227d-78fa-419b-86b4-10e35bdc5a8d@group-9FF6351E82CF-LeaderElection2] INFO  impl.RaftServerImpl (ServerState.java:setRaftConf(356)) - c024227d-78fa-419b-86b4-10e35bdc5a8d@group-9FF6351E82CF: set configuration 0: [e3f65f98-62cd-4b84-8686-7eecf5344940:172.17.0.2:38305, 28d31e53-94a4-41be-8083-cc25a366c2ee:172.17.0.2:39251, c024227d-78fa-419b-86b4-10e35bdc5a8d:172.17.0.2:34441], old=null at 0
2020-08-03 17:16:03,216 [e3f65f98-62cd-4b84-8686-7eecf5344940@group-74FB5B2205F6-LeaderElection3] INFO  impl.RaftServerImpl (ServerState.java:setLeader(255)) - e3f65f98-62cd-4b84-8686-7eecf5344940@group-74FB5B2205F6: change Leader from null to e3f65f98-62cd-4b84-8686-7eecf5344940 at term 1 for becomeLeader, leader elected after 5089ms
2020-08-03 17:16:03,216 [e3f65f98-62cd-4b84-8686-7eecf5344940@group-74FB5B2205F6-LeaderElection3] INFO  server.RaftServerConfigKeys (ConfUtils.java:logGet(44)) - raft.server.staging.catchup.gap = 1000 (default)
2020-08-03 17:16:03,216 [e3f65f98-62cd-4b84-8686-7eecf5344940@group-74FB5B2205F6-LeaderElection3] INFO  server.RaftServerConfigKeys (ConfUtils.java:logGet(44)) - raft.server.rpc.sleep.time = 25ms (default)
2020-08-03 17:16:03,216 [e3f65f98-62cd-4b84-8686-7eecf5344940@group-74FB5B2205F6-LeaderElection3] INFO  metrics.RatisMetrics (RatisMetrics.java:lambda$create$0(36)) - Creating Metrics Registry : ratis.log_appender.e3f65f98-62cd-4b84-8686-7eecf5344940@group-74FB5B2205F6
2020-08-03 17:16:03,217 [e3f65f98-62cd-4b84-8686-7eecf5344940@group-74FB5B2205F6-LeaderElection3] INFO  server.RaftServerConfigKeys (ConfUtils.java:logGet(44)) - raft.server.write.element-limit = 1024 (custom)
2020-08-03 17:16:03,217 [e3f65f98-62cd-4b84-8686-7eecf5344940@group-74FB5B2205F6-LeaderElection3] INFO  server.RaftServerConfigKeys (ConfUtils.java:logGet(44)) - raft.server.write.byte-limit = 1073741824 (custom)
2020-08-03 17:16:03,217 [e3f65f98-62cd-4b84-8686-7eecf5344940@group-74FB5B2205F6-LeaderElection3] INFO  server.RaftServerConfigKeys (ConfUtils.java:logGet(44)) - raft.server.watch.timeout = 3000ms (custom)
2020-08-03 17:16:03,217 [e3f65f98-62cd-4b84-8686-7eecf5344940@group-74FB5B2205F6-LeaderElection3] INFO  server.RaftServerConfigKeys (ConfUtils.java:logGet(44)) - raft.server.watch.timeout.denomination = 1s (default)
2020-08-03 17:16:03,217 [e3f65f98-62cd-4b84-8686-7eecf5344940@group-74FB5B2205F6-LeaderElection3] INFO  server.RaftServerConfigKeys (ConfUtils.java:logGet(44)) - raft.server.watch.element-limit = 65536 (default)
2020-08-03 17:16:03,217 [e3f65f98-62cd-4b84-8686-7eecf5344940@group-74FB5B2205F6-LeaderElection3] INFO  impl.RoleInfo (RoleInfo.java:updateAndGet(143)) - e3f65f98-62cd-4b84-8686-7eecf5344940: start LeaderState
2020-08-03 17:16:03,218 [e3f65f98-62cd-4b84-8686-7eecf5344940@group-74FB5B2205F6-LeaderElection3] INFO  segmented.SegmentedRaftLogWorker (SegmentedRaftLogWorker.java:startLogSegment(397)) - e3f65f98-62cd-4b84-8686-7eecf5344940@group-74FB5B2205F6-SegmentedRaftLogWorker: Starting segment from index:0
2020-08-03 17:16:03,218 [Datanode State Machine Thread - 0] WARN  statemachine.DatanodeStateMachine (DatanodeStateMachine.java:start(245)) - Interrupt the execution.
java.lang.InterruptedException: sleep interrupted
	at java.lang.Thread.sleep(Native Method)
	at org.apache.hadoop.ozone.container.common.statemachine.DatanodeStateMachine.start(DatanodeStateMachine.java:243)
	at org.apache.hadoop.ozone.container.common.statemachine.DatanodeStateMachine.lambda$startDaemon$0(DatanodeStateMachine.java:405)
	at java.lang.Thread.run(Thread.java:748)
2020-08-03 17:16:03,223 [e3f65f98-62cd-4b84-8686-7eecf5344940@group-74FB5B2205F6-SegmentedRaftLogWorker] INFO  segmented.SegmentedRaftLogWorker (SegmentedRaftLogWorker.java:execute(596)) - e3f65f98-62cd-4b84-8686-7eecf5344940@group-74FB5B2205F6-SegmentedRaftLogWorker: created new log segment /github/workspace/mnt/ozone/hadoop-ozone/integration-test/target/test-dir/MiniOzoneClusterImpl-2656730b-2a13-4e9d-ab06-d54ee6b103c3/datanode-2/data/ratis/8bd17c12-d991-44a2-b845-74fb5b2205f6/current/log_inprogress_0
2020-08-03 17:16:03,225 [e3f65f98-62cd-4b84-8686-7eecf5344940@group-74FB5B2205F6-LeaderElection3] INFO  impl.RaftServerImpl (ServerState.java:setRaftConf(356)) - e3f65f98-62cd-4b84-8686-7eecf5344940@group-74FB5B2205F6: set configuration 0: [e3f65f98-62cd-4b84-8686-7eecf5344940:172.17.0.2:38305], old=null at 0
2020-08-03 17:16:03,230 [Thread-197] INFO  impl.FollowerState (FollowerState.java:run(108)) - c024227d-78fa-419b-86b4-10e35bdc5a8d@group-6EEAA7BFE92E-FollowerState: change to CANDIDATE, lastRpcTime:5196ms, electionTimeout:5180ms
2020-08-03 17:16:03,230 [Thread-197] INFO  impl.RoleInfo (RoleInfo.java:shutdownFollowerState(121)) - c024227d-78fa-419b-86b4-10e35bdc5a8d: shutdown FollowerState
2020-08-03 17:16:03,230 [Thread-197] INFO  impl.RaftServerImpl (RaftServerImpl.java:setRole(185)) - c024227d-78fa-419b-86b4-10e35bdc5a8d@group-6EEAA7BFE92E: changes role from  FOLLOWER to CANDIDATE at term 0 for changeToCandidate
2020-08-03 17:16:03,230 [Thread-197] INFO  impl.RoleInfo (RoleInfo.java:updateAndGet(143)) - c024227d-78fa-419b-86b4-10e35bdc5a8d: start LeaderElection
2020-08-03 17:16:03,245 [grpc-default-executor-0] INFO  ratis.XceiverServerRatis (XceiverServerRatis.java:handleLeaderChangedNotification(822)) - Leader change notification received for group: group-9FF6351E82CF with new leaderId: c024227d-78fa-419b-86b4-10e35bdc5a8d
2020-08-03 17:16:03,245 [grpc-default-executor-0] INFO  impl.RaftServerImpl (ServerState.java:setLeader(255)) - e3f65f98-62cd-4b84-8686-7eecf5344940@group-9FF6351E82CF: change Leader from null to c024227d-78fa-419b-86b4-10e35bdc5a8d at term 1 for appendEntries, leader elected after 5066ms
2020-08-03 17:16:03,247 [c024227d-78fa-419b-86b4-10e35bdc5a8d@group-6EEAA7BFE92E-LeaderElection4] INFO  impl.LeaderElection (LeaderElection.java:askForVotes(209)) - c024227d-78fa-419b-86b4-10e35bdc5a8d@group-6EEAA7BFE92E-LeaderElection4: begin an election at term 1 for -1: [c024227d-78fa-419b-86b4-10e35bdc5a8d:172.17.0.2:34441], old=null
2020-08-03 17:16:03,247 [c024227d-78fa-419b-86b4-10e35bdc5a8d@group-6EEAA7BFE92E-LeaderElection4] INFO  impl.RoleInfo (RoleInfo.java:shutdownLeaderElection(134)) - c024227d-78fa-419b-86b4-10e35bdc5a8d: shutdown LeaderElection
2020-08-03 17:16:03,247 [c024227d-78fa-419b-86b4-10e35bdc5a8d@group-6EEAA7BFE92E-LeaderElection4] INFO  impl.RaftServerImpl (RaftServerImpl.java:setRole(185)) - c024227d-78fa-419b-86b4-10e35bdc5a8d@group-6EEAA7BFE92E: changes role from CANDIDATE to LEADER at term 1 for changeToLeader
2020-08-03 17:16:03,247 [c024227d-78fa-419b-86b4-10e35bdc5a8d@group-6EEAA7BFE92E-LeaderElection4] INFO  ratis.XceiverServerRatis (XceiverServerRatis.java:handleLeaderChangedNotification(822)) - Leader change notification received for group: group-6EEAA7BFE92E with new leaderId: c024227d-78fa-419b-86b4-10e35bdc5a8d
2020-08-03 17:16:03,250 [Datanode State Machine Thread - 0] WARN  statemachine.DatanodeStateMachine (DatanodeStateMachine.java:start(245)) - Interrupt the execution.
java.lang.InterruptedException: sleep interrupted
	at java.lang.Thread.sleep(Native Method)
	at org.apache.hadoop.ozone.container.common.statemachine.DatanodeStateMachine.start(DatanodeStateMachine.java:243)
	at org.apache.hadoop.ozone.container.common.statemachine.DatanodeStateMachine.lambda$startDaemon$0(DatanodeStateMachine.java:405)
	at java.lang.Thread.run(Thread.java:748)
2020-08-03 17:16:03,251 [c024227d-78fa-419b-86b4-10e35bdc5a8d@group-6EEAA7BFE92E-LeaderElection4] INFO  impl.RaftServerImpl (ServerState.java:setLeader(255)) - c024227d-78fa-419b-86b4-10e35bdc5a8d@group-6EEAA7BFE92E: change Leader from null to c024227d-78fa-419b-86b4-10e35bdc5a8d at term 1 for becomeLeader, leader elected after 5242ms
2020-08-03 17:16:03,251 [grpc-default-executor-2] INFO  ratis.XceiverServerRatis (XceiverServerRatis.java:handleLeaderChangedNotification(822)) - Leader change notification received for group: group-9FF6351E82CF with new leaderId: c024227d-78fa-419b-86b4-10e35bdc5a8d
2020-08-03 17:16:03,251 [grpc-default-executor-2] INFO  impl.RaftServerImpl (ServerState.java:setLeader(255)) - 28d31e53-94a4-41be-8083-cc25a366c2ee@group-9FF6351E82CF: change Leader from null to c024227d-78fa-419b-86b4-10e35bdc5a8d at term 1 for appendEntries, leader elected after 5245ms
2020-08-03 17:16:03,251 [c024227d-78fa-419b-86b4-10e35bdc5a8d@group-6EEAA7BFE92E-LeaderElection4] INFO  server.RaftServerConfigKeys (ConfUtils.java:logGet(44)) - raft.server.staging.catchup.gap = 1000 (default)
2020-08-03 17:16:03,252 [c024227d-78fa-419b-86b4-10e35bdc5a8d@group-6EEAA7BFE92E-LeaderElection4] INFO  server.RaftServerConfigKeys (ConfUtils.java:logGet(44)) - raft.server.rpc.sleep.time = 25ms (default)
2020-08-03 17:16:03,265 [c024227d-78fa-419b-86b4-10e35bdc5a8d@group-6EEAA7BFE92E-LeaderElection4] INFO  metrics.RatisMetrics (RatisMetrics.java:lambda$create$0(36)) - Creating Metrics Registry : ratis.log_appender.c024227d-78fa-419b-86b4-10e35bdc5a8d@group-6EEAA7BFE92E
2020-08-03 17:16:03,269 [c024227d-78fa-419b-86b4-10e35bdc5a8d@group-6EEAA7BFE92E-LeaderElection4] INFO  server.RaftServerConfigKeys (ConfUtils.java:logGet(44)) - raft.server.write.element-limit = 1024 (custom)
2020-08-03 17:16:03,269 [c024227d-78fa-419b-86b4-10e35bdc5a8d@group-6EEAA7BFE92E-LeaderElection4] INFO  server.RaftServerConfigKeys (ConfUtils.java:logGet(44)) - raft.server.write.byte-limit = 1073741824 (custom)
2020-08-03 17:16:03,270 [c024227d-78fa-419b-86b4-10e35bdc5a8d@group-6EEAA7BFE92E-LeaderElection4] INFO  server.RaftServerConfigKeys (ConfUtils.java:logGet(44)) - raft.server.watch.timeout = 3000ms (custom)
2020-08-03 17:16:03,270 [c024227d-78fa-419b-86b4-10e35bdc5a8d@group-6EEAA7BFE92E-LeaderElection4] INFO  server.RaftServerConfigKeys (ConfUtils.java:logGet(44)) - raft.server.watch.timeout.denomination = 1s (default)
2020-08-03 17:16:03,270 [c024227d-78fa-419b-86b4-10e35bdc5a8d@group-6EEAA7BFE92E-LeaderElection4] INFO  server.RaftServerConfigKeys (ConfUtils.java:logGet(44)) - raft.server.watch.element-limit = 65536 (default)
2020-08-03 17:16:03,270 [c024227d-78fa-419b-86b4-10e35bdc5a8d@group-6EEAA7BFE92E-LeaderElection4] INFO  impl.RoleInfo (RoleInfo.java:updateAndGet(143)) - c024227d-78fa-419b-86b4-10e35bdc5a8d: start LeaderState
2020-08-03 17:16:03,270 [c024227d-78fa-419b-86b4-10e35bdc5a8d@group-6EEAA7BFE92E-LeaderElection4] INFO  segmented.SegmentedRaftLogWorker (SegmentedRaftLogWorker.java:startLogSegment(397)) - c024227d-78fa-419b-86b4-10e35bdc5a8d@group-6EEAA7BFE92E-SegmentedRaftLogWorker: Starting segment from index:0
2020-08-03 17:16:03,272 [grpc-default-executor-0] INFO  impl.RaftServerImpl (ServerState.java:setRaftConf(356)) - e3f65f98-62cd-4b84-8686-7eecf5344940@group-9FF6351E82CF: set configuration 0: [e3f65f98-62cd-4b84-8686-7eecf5344940:172.17.0.2:38305, 28d31e53-94a4-41be-8083-cc25a366c2ee:172.17.0.2:39251, c024227d-78fa-419b-86b4-10e35bdc5a8d:172.17.0.2:34441], old=null at 0
2020-08-03 17:16:03,272 [grpc-default-executor-0] INFO  segmented.SegmentedRaftLogWorker (SegmentedRaftLogWorker.java:startLogSegment(397)) - e3f65f98-62cd-4b84-8686-7eecf5344940@group-9FF6351E82CF-SegmentedRaftLogWorker: Starting segment from index:0
2020-08-03 17:16:03,272 [grpc-default-executor-2] INFO  impl.RaftServerImpl (ServerState.java:setRaftConf(356)) - 28d31e53-94a4-41be-8083-cc25a366c2ee@group-9FF6351E82CF: set configuration 0: [e3f65f98-62cd-4b84-8686-7eecf5344940:172.17.0.2:38305, 28d31e53-94a4-41be-8083-cc25a366c2ee:172.17.0.2:39251, c024227d-78fa-419b-86b4-10e35bdc5a8d:172.17.0.2:34441], old=null at 0
2020-08-03 17:16:03,273 [grpc-default-executor-2] INFO  segmented.SegmentedRaftLogWorker (SegmentedRaftLogWorker.java:startLogSegment(397)) - 28d31e53-94a4-41be-8083-cc25a366c2ee@group-9FF6351E82CF-SegmentedRaftLogWorker: Starting segment from index:0
2020-08-03 17:16:03,273 [c024227d-78fa-419b-86b4-10e35bdc5a8d@group-6EEAA7BFE92E-SegmentedRaftLogWorker] INFO  segmented.SegmentedRaftLogWorker (SegmentedRaftLogWorker.java:execute(596)) - c024227d-78fa-419b-86b4-10e35bdc5a8d@group-6EEAA7BFE92E-SegmentedRaftLogWorker: created new log segment /github/workspace/mnt/ozone/hadoop-ozone/integration-test/target/test-dir/MiniOzoneClusterImpl-2656730b-2a13-4e9d-ab06-d54ee6b103c3/datanode-1/data/ratis/0b06ff80-17d5-4678-8d11-6eeaa7bfe92e/current/log_inprogress_0
2020-08-03 17:16:03,279 [c024227d-78fa-419b-86b4-10e35bdc5a8d@group-6EEAA7BFE92E-LeaderElection4] INFO  impl.RaftServerImpl (ServerState.java:setRaftConf(356)) - c024227d-78fa-419b-86b4-10e35bdc5a8d@group-6EEAA7BFE92E: set configuration 0: [c024227d-78fa-419b-86b4-10e35bdc5a8d:172.17.0.2:34441], old=null at 0
2020-08-03 17:16:03,288 [e3f65f98-62cd-4b84-8686-7eecf5344940@group-9FF6351E82CF-SegmentedRaftLogWorker] INFO  segmented.SegmentedRaftLogWorker (SegmentedRaftLogWorker.java:execute(596)) - e3f65f98-62cd-4b84-8686-7eecf5344940@group-9FF6351E82CF-SegmentedRaftLogWorker: created new log segment /github/workspace/mnt/ozone/hadoop-ozone/integration-test/target/test-dir/MiniOzoneClusterImpl-2656730b-2a13-4e9d-ab06-d54ee6b103c3/datanode-2/data/ratis/6896f128-0f51-4a29-a49a-9ff6351e82cf/current/log_inprogress_0
2020-08-03 17:16:03,289 [28d31e53-94a4-41be-8083-cc25a366c2ee@group-9FF6351E82CF-SegmentedRaftLogWorker] INFO  segmented.SegmentedRaftLogWorker (SegmentedRaftLogWorker.java:execute(596)) - 28d31e53-94a4-41be-8083-cc25a366c2ee@group-9FF6351E82CF-SegmentedRaftLogWorker: created new log segment /github/workspace/mnt/ozone/hadoop-ozone/integration-test/target/test-dir/MiniOzoneClusterImpl-2656730b-2a13-4e9d-ab06-d54ee6b103c3/datanode-0/data/ratis/6896f128-0f51-4a29-a49a-9ff6351e82cf/current/log_inprogress_0
2020-08-03 17:16:04,089 [Listener at 127.0.0.1/40195] INFO  ozone.MiniOzoneClusterImpl (MiniOzoneClusterImpl.java:lambda$waitForClusterToBeReady$0(177)) - Nodes are ready. Got 3 of 3 DN Heartbeats.
2020-08-03 17:16:04,089 [Listener at 127.0.0.1/40195] INFO  ozone.MiniOzoneClusterImpl (MiniOzoneClusterImpl.java:lambda$waitForClusterToBeReady$0(180)) - Cluster exits safe mode
2020-08-03 17:16:04,521 [Listener at 127.0.0.1/40195] INFO  rpc.RpcClient (RpcClient.java:createVolume(314)) - Creating Volume: testcontainerstatemachinefailures, with jenkins1001 as owner.
2020-08-03 17:16:04,588 [IPC Server handler 12 on default port 40195] INFO  volume.OMVolumeCreateRequest (OMVolumeCreateRequest.java:validateAndUpdateCache(195)) - created volume:testcontainerstatemachinefailures for user:jenkins1001
2020-08-03 17:16:04,605 [Listener at 127.0.0.1/40195] INFO  rpc.RpcClient (RpcClient.java:createBucket(459)) - Creating Bucket: testcontainerstatemachinefailures/testcontainerstatemachinefailures, with Versioning false and Storage Type set to DISK and Encryption set to false 
2020-08-03 17:16:04,782 [Listener at 127.0.0.1/40195] INFO  impl.MetricsSystemImpl (MetricsSystemImpl.java:init(158)) - XceiverClientMetrics metrics system started (again)
2020-08-03 17:16:04,839 [Datanode State Machine Thread - 0] INFO  statemachine.DatanodeStateMachine (DatanodeStateMachine.java:lambda$startDaemon$0(406)) - Ozone container server started.
2020-08-03 17:16:06,195 [EventQueue-Delayed safe mode statusForReplicationManager] INFO  container.ReplicationManager (ReplicationManager.java:start(177)) - Starting Replication Monitor Thread.
2020-08-03 17:16:06,200 [ReplicationMonitor] INFO  container.ReplicationManager (ReplicationManager.java:run(241)) - Replication Monitor Thread took 4 milliseconds for processing 1 containers.
2020-08-03 17:16:06,200 [EventQueue-CloseContainerForCloseContainerEventHandler] INFO  container.CloseContainerEventHandler (CloseContainerEventHandler.java:onMessage(61)) - Close container Event triggered for container : #1
2020-08-03 17:16:06,841 [Command processor thread] ERROR commandhandler.CloseContainerCommandHandler (CloseContainerCommandHandler.java:handle(85)) - Container #1 does not exist in datanode. Container close failed.
2020-08-03 17:16:06,841 [Command processor thread] ERROR commandhandler.CloseContainerCommandHandler (CloseContainerCommandHandler.java:handle(85)) - Container #1 does not exist in datanode. Container close failed.
2020-08-03 17:16:09,798 [Listener at 127.0.0.1/40195] INFO  ozoneimpl.OzoneContainer (OzoneContainer.java:stop(259)) - Attempting to stop container services.
2020-08-03 17:16:09,799 [Listener at 127.0.0.1/40195] INFO  impl.RaftServerProxy (RaftServerProxy.java:lambda$close$4(319)) - e3f65f98-62cd-4b84-8686-7eecf5344940: close
2020-08-03 17:16:09,800 [Listener at 127.0.0.1/40195] INFO  impl.RaftServerImpl (RaftServerImpl.java:lambda$shutdown$3(263)) - e3f65f98-62cd-4b84-8686-7eecf5344940@group-74FB5B2205F6: shutdown
2020-08-03 17:16:09,801 [Listener at 127.0.0.1/40195] INFO  util.JmxRegister (JmxRegister.java:unregister(73)) - Successfully un-registered JMX Bean with object name Ratis:service=RaftServer,group=group-74FB5B2205F6,id=e3f65f98-62cd-4b84-8686-7eecf5344940
2020-08-03 17:16:09,801 [Listener at 127.0.0.1/40195] INFO  impl.RoleInfo (RoleInfo.java:shutdownLeaderState(104)) - e3f65f98-62cd-4b84-8686-7eecf5344940: shutdown LeaderState
2020-08-03 17:16:09,802 [Listener at 127.0.0.1/40195] INFO  impl.PendingRequests (PendingRequests.java:sendNotLeaderResponses(249)) - e3f65f98-62cd-4b84-8686-7eecf5344940@group-74FB5B2205F6-PendingRequests: sendNotLeaderResponses
2020-08-03 17:16:09,804 [Listener at 127.0.0.1/40195] INFO  metrics.RatisMetrics (RatisMetrics.java:unregister(43)) - Unregistering Metrics Registry : ratis.log_appender.e3f65f98-62cd-4b84-8686-7eecf5344940@group-74FB5B2205F6
2020-08-03 17:16:09,805 [Listener at 127.0.0.1/40195] INFO  metrics.RatisMetrics (RatisMetrics.java:unregister(43)) - Unregistering Metrics Registry : ratis.server.e3f65f98-62cd-4b84-8686-7eecf5344940@group-74FB5B2205F6
2020-08-03 17:16:09,806 [Listener at 127.0.0.1/40195] INFO  impl.StateMachineUpdater (StateMachineUpdater.java:stopAndJoin(142)) - e3f65f98-62cd-4b84-8686-7eecf5344940@group-74FB5B2205F6-StateMachineUpdater: set stopIndex = 0
2020-08-03 17:16:09,806 [e3f65f98-62cd-4b84-8686-7eecf5344940@group-74FB5B2205F6-StateMachineUpdater] INFO  ratis.ContainerStateMachine (ContainerStateMachine.java:takeSnapshot(293)) - group-74FB5B2205F6: Taking a snapshot at:(t:1, i:0) file /github/workspace/mnt/ozone/hadoop-ozone/integration-test/target/test-dir/MiniOzoneClusterImpl-2656730b-2a13-4e9d-ab06-d54ee6b103c3/datanode-2/data/ratis/8bd17c12-d991-44a2-b845-74fb5b2205f6/sm/snapshot.1_0
2020-08-03 17:16:09,873 [e3f65f98-62cd-4b84-8686-7eecf5344940@group-74FB5B2205F6-StateMachineUpdater] INFO  ratis.ContainerStateMachine (ContainerStateMachine.java:takeSnapshot(304)) - group-74FB5B2205F6: Finished taking a snapshot at:(t:1, i:0) file:/github/workspace/mnt/ozone/hadoop-ozone/integration-test/target/test-dir/MiniOzoneClusterImpl-2656730b-2a13-4e9d-ab06-d54ee6b103c3/datanode-2/data/ratis/8bd17c12-d991-44a2-b845-74fb5b2205f6/sm/snapshot.1_0 time:67
2020-08-03 17:16:09,875 [e3f65f98-62cd-4b84-8686-7eecf5344940@group-74FB5B2205F6-StateMachineUpdater] INFO  impl.StateMachineUpdater (StateMachineUpdater.java:takeSnapshot(277)) - e3f65f98-62cd-4b84-8686-7eecf5344940@group-74FB5B2205F6-StateMachineUpdater: Took a snapshot at index 0
2020-08-03 17:16:09,875 [e3f65f98-62cd-4b84-8686-7eecf5344940@group-74FB5B2205F6-StateMachineUpdater] INFO  impl.StateMachineUpdater (StateMachineUpdater.java:lambda$new$0(87)) - e3f65f98-62cd-4b84-8686-7eecf5344940@group-74FB5B2205F6-StateMachineUpdater: snapshotIndex: updateIncreasingly -1 -> 0
2020-08-03 17:16:09,878 [e3f65f98-62cd-4b84-8686-7eecf5344940@group-74FB5B2205F6-StateMachineUpdater] INFO  metrics.RatisMetrics (RatisMetrics.java:unregister(43)) - Unregistering Metrics Registry : ratis.state_machine.e3f65f98-62cd-4b84-8686-7eecf5344940@group-74FB5B2205F6
2020-08-03 17:16:09,878 [Listener at 127.0.0.1/40195] INFO  impl.RaftServerImpl (ServerState.java:close(387)) - e3f65f98-62cd-4b84-8686-7eecf5344940@group-74FB5B2205F6: closes. applyIndex: 0
2020-08-03 17:16:09,879 [e3f65f98-62cd-4b84-8686-7eecf5344940@group-74FB5B2205F6-SegmentedRaftLogWorker] INFO  segmented.SegmentedRaftLogWorker (SegmentedRaftLogWorker.java:run(327)) - e3f65f98-62cd-4b84-8686-7eecf5344940@group-74FB5B2205F6-SegmentedRaftLogWorker was interrupted, exiting. There are 0 tasks remaining in the queue.
2020-08-03 17:16:09,880 [Listener at 127.0.0.1/40195] INFO  segmented.SegmentedRaftLogWorker (SegmentedRaftLogWorker.java:close(234)) - e3f65f98-62cd-4b84-8686-7eecf5344940@group-74FB5B2205F6-SegmentedRaftLogWorker close()
2020-08-03 17:16:09,881 [Listener at 127.0.0.1/40195] INFO  metrics.RatisMetrics (RatisMetrics.java:unregister(43)) - Unregistering Metrics Registry : ratis.log_worker.e3f65f98-62cd-4b84-8686-7eecf5344940@group-74FB5B2205F6
2020-08-03 17:16:09,881 [Listener at 127.0.0.1/40195] INFO  metrics.RatisMetrics (RatisMetrics.java:unregister(43)) - Unregistering Metrics Registry : ratis.leader_election.e3f65f98-62cd-4b84-8686-7eecf5344940@group-74FB5B2205F6
2020-08-03 17:16:09,881 [Listener at 127.0.0.1/40195] INFO  metrics.RatisMetrics (RatisMetrics.java:unregister(43)) - Unregistering Metrics Registry : ratis.server.e3f65f98-62cd-4b84-8686-7eecf5344940@group-74FB5B2205F6
2020-08-03 17:16:09,882 [Listener at 127.0.0.1/40195] INFO  impl.RaftServerImpl (RaftServerImpl.java:lambda$shutdown$3(263)) - e3f65f98-62cd-4b84-8686-7eecf5344940@group-9FF6351E82CF: shutdown
2020-08-03 17:16:09,882 [Listener at 127.0.0.1/40195] INFO  util.JmxRegister (JmxRegister.java:unregister(73)) - Successfully un-registered JMX Bean with object name Ratis:service=RaftServer,group=group-9FF6351E82CF,id=e3f65f98-62cd-4b84-8686-7eecf5344940
2020-08-03 17:16:09,883 [Listener at 127.0.0.1/40195] INFO  impl.RoleInfo (RoleInfo.java:shutdownFollowerState(121)) - e3f65f98-62cd-4b84-8686-7eecf5344940: shutdown FollowerState
2020-08-03 17:16:09,883 [Thread-225] INFO  impl.FollowerState (FollowerState.java:run(117)) - e3f65f98-62cd-4b84-8686-7eecf5344940@group-9FF6351E82CF-FollowerState was interrupted: java.lang.InterruptedException: sleep interrupted
2020-08-03 17:16:09,883 [e3f65f98-62cd-4b84-8686-7eecf5344940@group-9FF6351E82CF-StateMachineUpdater] INFO  ratis.ContainerStateMachine (ContainerStateMachine.java:takeSnapshot(293)) - group-9FF6351E82CF: Taking a snapshot at:(t:1, i:0) file /github/workspace/mnt/ozone/hadoop-ozone/integration-test/target/test-dir/MiniOzoneClusterImpl-2656730b-2a13-4e9d-ab06-d54ee6b103c3/datanode-2/data/ratis/6896f128-0f51-4a29-a49a-9ff6351e82cf/sm/snapshot.1_0
2020-08-03 17:16:09,884 [Listener at 127.0.0.1/40195] INFO  impl.StateMachineUpdater (StateMachineUpdater.java:stopAndJoin(142)) - e3f65f98-62cd-4b84-8686-7eecf5344940@group-9FF6351E82CF-StateMachineUpdater: set stopIndex = 0
2020-08-03 17:16:09,884 [e3f65f98-62cd-4b84-8686-7eecf5344940@group-9FF6351E82CF-StateMachineUpdater] INFO  ratis.ContainerStateMachine (ContainerStateMachine.java:takeSnapshot(304)) - group-9FF6351E82CF: Finished taking a snapshot at:(t:1, i:0) file:/github/workspace/mnt/ozone/hadoop-ozone/integration-test/target/test-dir/MiniOzoneClusterImpl-2656730b-2a13-4e9d-ab06-d54ee6b103c3/datanode-2/data/ratis/6896f128-0f51-4a29-a49a-9ff6351e82cf/sm/snapshot.1_0 time:1
2020-08-03 17:16:09,884 [e3f65f98-62cd-4b84-8686-7eecf5344940@group-9FF6351E82CF-StateMachineUpdater] INFO  impl.StateMachineUpdater (StateMachineUpdater.java:takeSnapshot(277)) - e3f65f98-62cd-4b84-8686-7eecf5344940@group-9FF6351E82CF-StateMachineUpdater: Took a snapshot at index 0
2020-08-03 17:16:09,885 [e3f65f98-62cd-4b84-8686-7eecf5344940@group-9FF6351E82CF-StateMachineUpdater] INFO  impl.StateMachineUpdater (StateMachineUpdater.java:lambda$new$0(87)) - e3f65f98-62cd-4b84-8686-7eecf5344940@group-9FF6351E82CF-StateMachineUpdater: snapshotIndex: updateIncreasingly -1 -> 0
2020-08-03 17:16:09,885 [e3f65f98-62cd-4b84-8686-7eecf5344940@group-9FF6351E82CF-StateMachineUpdater] INFO  metrics.RatisMetrics (RatisMetrics.java:unregister(43)) - Unregistering Metrics Registry : ratis.state_machine.e3f65f98-62cd-4b84-8686-7eecf5344940@group-9FF6351E82CF
2020-08-03 17:16:09,885 [Listener at 127.0.0.1/40195] INFO  impl.RaftServerImpl (ServerState.java:close(387)) - e3f65f98-62cd-4b84-8686-7eecf5344940@group-9FF6351E82CF: closes. applyIndex: 0
2020-08-03 17:16:09,886 [e3f65f98-62cd-4b84-8686-7eecf5344940@group-9FF6351E82CF-SegmentedRaftLogWorker] INFO  segmented.SegmentedRaftLogWorker (SegmentedRaftLogWorker.java:run(327)) - e3f65f98-62cd-4b84-8686-7eecf5344940@group-9FF6351E82CF-SegmentedRaftLogWorker was interrupted, exiting. There are 0 tasks remaining in the queue.
2020-08-03 17:16:09,886 [Listener at 127.0.0.1/40195] INFO  segmented.SegmentedRaftLogWorker (SegmentedRaftLogWorker.java:close(234)) - e3f65f98-62cd-4b84-8686-7eecf5344940@group-9FF6351E82CF-SegmentedRaftLogWorker close()
2020-08-03 17:16:09,887 [Listener at 127.0.0.1/40195] INFO  metrics.RatisMetrics (RatisMetrics.java:unregister(43)) - Unregistering Metrics Registry : ratis.log_worker.e3f65f98-62cd-4b84-8686-7eecf5344940@group-9FF6351E82CF
2020-08-03 17:16:09,887 [Listener at 127.0.0.1/40195] INFO  metrics.RatisMetrics (RatisMetrics.java:unregister(43)) - Unregistering Metrics Registry : ratis.leader_election.e3f65f98-62cd-4b84-8686-7eecf5344940@group-9FF6351E82CF
2020-08-03 17:16:09,887 [Listener at 127.0.0.1/40195] INFO  metrics.RatisMetrics (RatisMetrics.java:unregister(43)) - Unregistering Metrics Registry : ratis.server.e3f65f98-62cd-4b84-8686-7eecf5344940@group-9FF6351E82CF
2020-08-03 17:16:09,887 [Listener at 127.0.0.1/40195] INFO  server.GrpcService (GrpcService.java:closeImpl(166)) - e3f65f98-62cd-4b84-8686-7eecf5344940: shutdown server with port 38305 now
2020-08-03 17:16:09,899 [grpc-default-executor-0] WARN  server.GrpcServerProtocolService (LogUtils.java:warn(122)) - e3f65f98-62cd-4b84-8686-7eecf5344940: installSnapshot onError, lastRequest: c024227d-78fa-419b-86b4-10e35bdc5a8d->e3f65f98-62cd-4b84-8686-7eecf5344940#1-t1, previous=(t:0, i:0), leaderCommit=0, initializing? false, entries: size=1, first=(t:1, i:0), CONFIGURATIONENTRY: org.apache.ratis.thirdparty.io.grpc.StatusRuntimeException: CANCELLED: cancelled before receiving half close
2020-08-03 17:16:09,900 [grpc-default-executor-1] WARN  server.GrpcLogAppender (LogUtils.java:warn(122)) - c024227d-78fa-419b-86b4-10e35bdc5a8d@group-9FF6351E82CF->e3f65f98-62cd-4b84-8686-7eecf5344940-AppendLogResponseHandler: Failed appendEntries: org.apache.ratis.thirdparty.io.grpc.StatusRuntimeException: CANCELLED: HTTP/2 error code: CANCEL
Received Rst Stream
2020-08-03 17:16:09,903 [grpc-default-executor-1] INFO  impl.FollowerInfo (FollowerInfo.java:lambda$new$0(51)) - c024227d-78fa-419b-86b4-10e35bdc5a8d@group-9FF6351E82CF->e3f65f98-62cd-4b84-8686-7eecf5344940: nextIndex: updateUnconditionally 1 -> 0
2020-08-03 17:16:09,904 [Listener at 127.0.0.1/40195] INFO  server.GrpcService (GrpcService.java:closeImpl(174)) - e3f65f98-62cd-4b84-8686-7eecf5344940: shutdown server with port 38305 successfully
2020-08-03 17:16:09,913 [Listener at 127.0.0.1/40195] INFO  utils.BackgroundService (BackgroundService.java:shutdown(157)) - Shutting down service BlockDeletingService
2020-08-03 17:16:09,915 [Listener at 127.0.0.1/40195] INFO  statemachine.DatanodeStateMachine (DatanodeStateMachine.java:stopDaemon(454)) - Ozone container server stopped.
2020-08-03 17:16:09,924 [Listener at 127.0.0.1/40195] INFO  handler.ContextHandler (ContextHandler.java:doStop(1016)) - Stopped o.e.j.w.WebAppContext@5232cec1{hddsDatanode,/,null,UNAVAILABLE}{jar:file:/home/user/.m2/repository/org/apache/hadoop/hadoop-hdds-container-service/0.6.0-SNAPSHOT/hadoop-hdds-container-service-0.6.0-SNAPSHOT.jar!/webapps/hddsDatanode}
2020-08-03 17:16:09,927 [Listener at 127.0.0.1/40195] INFO  server.AbstractConnector (AbstractConnector.java:doStop(380)) - Stopped ServerConnector@6ea0dfaa{HTTP/1.1,[http/1.1]}{0.0.0.0:0}
2020-08-03 17:16:09,927 [Listener at 127.0.0.1/40195] INFO  server.session (HouseKeeper.java:stopScavenging(158)) - node0 Stopped scavenging
2020-08-03 17:16:09,928 [Listener at 127.0.0.1/40195] INFO  handler.ContextHandler (ContextHandler.java:doStop(1016)) - Stopped o.e.j.s.ServletContextHandler@7f39bcb5{static,/static,jar:file:/home/user/.m2/repository/org/apache/hadoop/hadoop-hdds-container-service/0.6.0-SNAPSHOT/hadoop-hdds-container-service-0.6.0-SNAPSHOT.jar!/webapps/static,UNAVAILABLE}
2020-08-03 17:16:09,928 [Listener at 127.0.0.1/40195] INFO  handler.ContextHandler (ContextHandler.java:doStop(1016)) - Stopped o.e.j.s.ServletContextHandler@1676e501{logs,/logs,file:///github/workspace/mnt/ozone/hadoop-ozone/integration-test/target/log,UNAVAILABLE}
2020-08-03 17:16:10,118 [grpc-default-executor-2] WARN  server.GrpcLogAppender (LogUtils.java:warn(122)) - c024227d-78fa-419b-86b4-10e35bdc5a8d@group-9FF6351E82CF->e3f65f98-62cd-4b84-8686-7eecf5344940-AppendLogResponseHandler: Failed appendEntries: org.apache.ratis.thirdparty.io.grpc.StatusRuntimeException: UNAVAILABLE: io exception
2020-08-03 17:16:10,119 [grpc-default-executor-2] INFO  impl.FollowerInfo (FollowerInfo.java:lambda$new$0(51)) - c024227d-78fa-419b-86b4-10e35bdc5a8d@group-9FF6351E82CF->e3f65f98-62cd-4b84-8686-7eecf5344940: nextIndex: updateUnconditionally 1 -> 0
2020-08-03 17:16:10,136 [grpc-default-executor-1] WARN  server.GrpcLogAppender (LogUtils.java:warn(122)) - c024227d-78fa-419b-86b4-10e35bdc5a8d@group-9FF6351E82CF->e3f65f98-62cd-4b84-8686-7eecf5344940-AppendLogResponseHandler: Failed appendEntries: org.apache.ratis.thirdparty.io.grpc.StatusRuntimeException: UNAVAILABLE: io exception
2020-08-03 17:16:10,138 [grpc-default-executor-1] INFO  impl.FollowerInfo (FollowerInfo.java:lambda$new$0(51)) - c024227d-78fa-419b-86b4-10e35bdc5a8d@group-9FF6351E82CF->e3f65f98-62cd-4b84-8686-7eecf5344940: nextIndex: updateUnconditionally 1 -> 0
2020-08-03 17:16:10,209 [Datanode State Machine Thread - 0] WARN  statemachine.DatanodeStateMachine (DatanodeStateMachine.java:start(245)) - Interrupt the execution.
java.lang.InterruptedException: sleep interrupted
	at java.lang.Thread.sleep(Native Method)
	at org.apache.hadoop.ozone.container.common.statemachine.DatanodeStateMachine.start(DatanodeStateMachine.java:243)
	at org.apache.hadoop.ozone.container.common.statemachine.DatanodeStateMachine.lambda$startDaemon$0(DatanodeStateMachine.java:405)
	at java.lang.Thread.run(Thread.java:748)
2020-08-03 17:16:10,210 [Datanode State Machine Thread - 0] WARN  statemachine.DatanodeStateMachine (DatanodeStateMachine.java:start(245)) - Interrupt the execution.
java.lang.InterruptedException: sleep interrupted
	at java.lang.Thread.sleep(Native Method)
	at org.apache.hadoop.ozone.container.common.statemachine.DatanodeStateMachine.start(DatanodeStateMachine.java:243)
	at org.apache.hadoop.ozone.container.common.statemachine.DatanodeStateMachine.lambda$startDaemon$0(DatanodeStateMachine.java:405)
	at java.lang.Thread.run(Thread.java:748)
2020-08-03 17:16:10,279 [grpc-default-executor-0] WARN  server.GrpcLogAppender (LogUtils.java:warn(122)) - c024227d-78fa-419b-86b4-10e35bdc5a8d@group-9FF6351E82CF->e3f65f98-62cd-4b84-8686-7eecf5344940-AppendLogResponseHandler: Failed appendEntries: org.apache.ratis.thirdparty.io.grpc.StatusRuntimeException: UNAVAILABLE: io exception
2020-08-03 17:16:10,299 [grpc-default-executor-0] INFO  impl.FollowerInfo (FollowerInfo.java:lambda$new$0(51)) - c024227d-78fa-419b-86b4-10e35bdc5a8d@group-9FF6351E82CF->e3f65f98-62cd-4b84-8686-7eecf5344940: nextIndex: updateUnconditionally 1 -> 0
2020-08-03 17:16:10,305 [grpc-default-executor-1] WARN  server.GrpcLogAppender (LogUtils.java:warn(122)) - c024227d-78fa-419b-86b4-10e35bdc5a8d@group-9FF6351E82CF->e3f65f98-62cd-4b84-8686-7eecf5344940-AppendLogResponseHandler: Failed appendEntries: org.apache.ratis.thirdparty.io.grpc.StatusRuntimeException: UNAVAILABLE: io exception
2020-08-03 17:16:10,306 [grpc-default-executor-1] INFO  impl.FollowerInfo (FollowerInfo.java:lambda$new$0(51)) - c024227d-78fa-419b-86b4-10e35bdc5a8d@group-9FF6351E82CF->e3f65f98-62cd-4b84-8686-7eecf5344940: nextIndex: updateUnconditionally 1 -> 0
2020-08-03 17:16:12,807 [grpc-default-executor-1] WARN  server.GrpcLogAppender (LogUtils.java:warn(122)) - c024227d-78fa-419b-86b4-10e35bdc5a8d@group-9FF6351E82CF->e3f65f98-62cd-4b84-8686-7eecf5344940-AppendLogResponseHandler: Failed appendEntries: org.apache.ratis.thirdparty.io.grpc.StatusRuntimeException: UNAVAILABLE: io exception
2020-08-03 17:16:12,808 [grpc-default-executor-1] INFO  impl.FollowerInfo (FollowerInfo.java:lambda$new$0(51)) - c024227d-78fa-419b-86b4-10e35bdc5a8d@group-9FF6351E82CF->e3f65f98-62cd-4b84-8686-7eecf5344940: nextIndex: updateUnconditionally 0 -> 0
2020-08-03 17:16:12,815 [grpc-default-executor-1] WARN  server.GrpcLogAppender (LogUtils.java:warn(122)) - c024227d-78fa-419b-86b4-10e35bdc5a8d@group-9FF6351E82CF->e3f65f98-62cd-4b84-8686-7eecf5344940-AppendLogResponseHandler: Failed appendEntries: org.apache.ratis.thirdparty.io.grpc.StatusRuntimeException: UNAVAILABLE: io exception
2020-08-03 17:16:12,816 [grpc-default-executor-1] INFO  impl.FollowerInfo (FollowerInfo.java:lambda$new$0(51)) - c024227d-78fa-419b-86b4-10e35bdc5a8d@group-9FF6351E82CF->e3f65f98-62cd-4b84-8686-7eecf5344940: nextIndex: updateUnconditionally 1 -> 0
2020-08-03 17:16:12,822 [grpc-default-executor-0] WARN  server.GrpcLogAppender (LogUtils.java:warn(122)) - c024227d-78fa-419b-86b4-10e35bdc5a8d@group-9FF6351E82CF->e3f65f98-62cd-4b84-8686-7eecf5344940-AppendLogResponseHandler: Failed appendEntries: org.apache.ratis.thirdparty.io.grpc.StatusRuntimeException: UNAVAILABLE: io exception
2020-08-03 17:16:12,823 [grpc-default-executor-0] INFO  impl.FollowerInfo (FollowerInfo.java:lambda$new$0(51)) - c024227d-78fa-419b-86b4-10e35bdc5a8d@group-9FF6351E82CF->e3f65f98-62cd-4b84-8686-7eecf5344940: nextIndex: updateUnconditionally 1 -> 0
2020-08-03 17:16:14,247 [Thread-259] INFO  client.GrpcClientProtocolService (GrpcClientProtocolService.java:lambda$processClientRequest$0(283)) - Failed RaftClientRequest:client-AC022FA547B5->c024227d-78fa-419b-86b4-10e35bdc5a8d@group-9FF6351E82CF, cid=9, seq=0, Watch-ALL_COMMITTED(2), Message:<EMPTY>, reply=RaftClientReply:client-AC022FA547B5->c024227d-78fa-419b-86b4-10e35bdc5a8d@group-9FF6351E82CF, cid=9, FAILED org.apache.ratis.protocol.NotReplicatedException: Request with call Id 9 and log index 2 is not yet replicated to ALL_COMMITTED, logIndex=2, commits[c024227d-78fa-419b-86b4-10e35bdc5a8d:c4, e3f65f98-62cd-4b84-8686-7eecf5344940:c0, 28d31e53-94a4-41be-8083-cc25a366c2ee:c4]
2020-08-03 17:16:14,256 [Listener at 127.0.0.1/40195] WARN  scm.XceiverClientRatis (XceiverClientRatis.java:watchForCommit(265)) - 3 way commit failed on pipeline Pipeline[ Id: 6896f128-0f51-4a29-a49a-9ff6351e82cf, Nodes: 28d31e53-94a4-41be-8083-cc25a366c2ee{ip: 172.17.0.2, host: a7a0531c52c2, networkLocation: /default-rack, certSerialId: null}e3f65f98-62cd-4b84-8686-7eecf5344940{ip: 172.17.0.2, host: a7a0531c52c2, networkLocation: /default-rack, certSerialId: null}c024227d-78fa-419b-86b4-10e35bdc5a8d{ip: 172.17.0.2, host: a7a0531c52c2, networkLocation: /default-rack, certSerialId: null}, Type:RATIS, Factor:THREE, State:OPEN, leaderId:c024227d-78fa-419b-86b4-10e35bdc5a8d, CreationTimestamp2020-08-03T17:15:55.094Z]
java.util.concurrent.ExecutionException: org.apache.ratis.protocol.NotReplicatedException: Request with call Id 9 and log index 2 is not yet replicated to ALL_COMMITTED
	at java.util.concurrent.CompletableFuture.reportGet(CompletableFuture.java:357)
	at java.util.concurrent.CompletableFuture.get(CompletableFuture.java:1908)
	at org.apache.hadoop.hdds.scm.XceiverClientRatis.watchForCommit(XceiverClientRatis.java:262)
	at org.apache.hadoop.hdds.scm.storage.CommitWatcher.watchForCommit(CommitWatcher.java:190)
	at org.apache.hadoop.hdds.scm.storage.CommitWatcher.watchOnLastIndex(CommitWatcher.java:157)
	at org.apache.hadoop.hdds.scm.storage.BlockOutputStream.watchForCommit(BlockOutputStream.java:351)
	at org.apache.hadoop.hdds.scm.storage.BlockOutputStream.handleFlush(BlockOutputStream.java:500)
	at org.apache.hadoop.hdds.scm.storage.BlockOutputStream.close(BlockOutputStream.java:514)
	at org.apache.hadoop.ozone.client.io.BlockOutputStreamEntry.close(BlockOutputStreamEntry.java:149)
	at org.apache.hadoop.ozone.client.io.KeyOutputStream.handleStreamAction(KeyOutputStream.java:483)
	at org.apache.hadoop.ozone.client.io.KeyOutputStream.handleFlushOrClose(KeyOutputStream.java:457)
	at org.apache.hadoop.ozone.client.io.KeyOutputStream.close(KeyOutputStream.java:510)
	at org.apache.hadoop.ozone.client.io.OzoneOutputStream.close(OzoneOutputStream.java:60)
	at org.apache.hadoop.ozone.client.rpc.TestDeleteWithSlowFollower.testDeleteKeyWithSlowFollower(TestDeleteWithSlowFollower.java:224)
	at sun.reflect.NativeMethodAccessorImpl.invoke0(Native Method)
	at sun.reflect.NativeMethodAccessorImpl.invoke(NativeMethodAccessorImpl.java:62)
	at sun.reflect.DelegatingMethodAccessorImpl.invoke(DelegatingMethodAccessorImpl.java:43)
	at java.lang.reflect.Method.invoke(Method.java:498)
	at org.junit.runners.model.FrameworkMethod$1.runReflectiveCall(FrameworkMethod.java:47)
	at org.junit.internal.runners.model.ReflectiveCallable.run(ReflectiveCallable.java:12)
	at org.junit.runners.model.FrameworkMethod.invokeExplosively(FrameworkMethod.java:44)
	at org.junit.internal.runners.statements.InvokeMethod.evaluate(InvokeMethod.java:17)
	at org.junit.runners.ParentRunner.runLeaf(ParentRunner.java:271)
	at org.junit.runners.BlockJUnit4ClassRunner.runChild(BlockJUnit4ClassRunner.java:70)
	at org.junit.runners.BlockJUnit4ClassRunner.runChild(BlockJUnit4ClassRunner.java:50)
	at org.junit.runners.ParentRunner$3.run(ParentRunner.java:238)
	at org.junit.runners.ParentRunner$1.schedule(ParentRunner.java:63)
	at org.junit.runners.ParentRunner.runChildren(ParentRunner.java:236)
	at org.junit.runners.ParentRunner.access$000(ParentRunner.java:53)
	at org.junit.runners.ParentRunner$2.evaluate(ParentRunner.java:229)
	at org.junit.internal.runners.statements.RunBefores.evaluate(RunBefores.java:26)
	at org.junit.internal.runners.statements.RunAfters.evaluate(RunAfters.java:27)
	at org.junit.runners.ParentRunner.run(ParentRunner.java:309)
	at org.apache.maven.surefire.junit4.JUnit4Provider.execute(JUnit4Provider.java:365)
	at org.apache.maven.surefire.junit4.JUnit4Provider.executeWithRerun(JUnit4Provider.java:273)
	at org.apache.maven.surefire.junit4.JUnit4Provider.executeTestSet(JUnit4Provider.java:238)
	at org.apache.maven.surefire.junit4.JUnit4Provider.invoke(JUnit4Provider.java:159)
	at org.apache.maven.surefire.booter.ForkedBooter.invokeProviderInSameClassLoader(ForkedBooter.java:384)
	at org.apache.maven.surefire.booter.ForkedBooter.runSuitesInProcess(ForkedBooter.java:345)
	at org.apache.maven.surefire.booter.ForkedBooter.execute(ForkedBooter.java:126)
	at org.apache.maven.surefire.booter.ForkedBooter.main(ForkedBooter.java:418)
Caused by: org.apache.ratis.protocol.NotReplicatedException: Request with call Id 9 and log index 2 is not yet replicated to ALL_COMMITTED
	at org.apache.ratis.client.impl.ClientProtoUtils.toRaftClientReply(ClientProtoUtils.java:274)
	at org.apache.ratis.grpc.client.GrpcClientProtocolClient$AsyncStreamObservers$1.onNext(GrpcClientProtocolClient.java:268)
	at org.apache.ratis.grpc.client.GrpcClientProtocolClient$AsyncStreamObservers$1.onNext(GrpcClientProtocolClient.java:263)
	at org.apache.ratis.thirdparty.io.grpc.stub.ClientCalls$StreamObserverToCallListenerAdapter.onMessage(ClientCalls.java:440)
	at org.apache.ratis.thirdparty.io.grpc.internal.ClientCallImpl$ClientStreamListenerImpl$1MessagesAvailable.runInternal(ClientCallImpl.java:658)
	at org.apache.ratis.thirdparty.io.grpc.internal.ClientCallImpl$ClientStreamListenerImpl$1MessagesAvailable.runInContext(ClientCallImpl.java:643)
	at org.apache.ratis.thirdparty.io.grpc.internal.ContextRunnable.run(ContextRunnable.java:37)
	at org.apache.ratis.thirdparty.io.grpc.internal.SerializingExecutor.run(SerializingExecutor.java:123)
	at java.util.concurrent.ThreadPoolExecutor.runWorker(ThreadPoolExecutor.java:1149)
	at java.util.concurrent.ThreadPoolExecutor$Worker.run(ThreadPoolExecutor.java:624)
	at java.lang.Thread.run(Thread.java:748)
2020-08-03 17:16:14,262 [Listener at 127.0.0.1/40195] INFO  scm.XceiverClientRatis (XceiverClientRatis.java:lambda$watchForCommit$6(283)) - Could not commit index 2 on pipeline Pipeline[ Id: 6896f128-0f51-4a29-a49a-9ff6351e82cf, Nodes: 28d31e53-94a4-41be-8083-cc25a366c2ee{ip: 172.17.0.2, host: a7a0531c52c2, networkLocation: /default-rack, certSerialId: null}e3f65f98-62cd-4b84-8686-7eecf5344940{ip: 172.17.0.2, host: a7a0531c52c2, networkLocation: /default-rack, certSerialId: null}c024227d-78fa-419b-86b4-10e35bdc5a8d{ip: 172.17.0.2, host: a7a0531c52c2, networkLocation: /default-rack, certSerialId: null}, Type:RATIS, Factor:THREE, State:OPEN, leaderId:c024227d-78fa-419b-86b4-10e35bdc5a8d, CreationTimestamp2020-08-03T17:15:55.094Z] to all the nodes. Server e3f65f98-62cd-4b84-8686-7eecf5344940 has failed. Committed by majority.
2020-08-03 17:16:14,263 [Listener at 127.0.0.1/40195] WARN  storage.BlockOutputStream (BlockOutputStream.java:watchForCommit(357)) - Failed to commit BlockId conID: 1 locID: 104626583285858304 bcsId: 2 on Pipeline[ Id: 6896f128-0f51-4a29-a49a-9ff6351e82cf, Nodes: 28d31e53-94a4-41be-8083-cc25a366c2ee{ip: 172.17.0.2, host: a7a0531c52c2, networkLocation: /default-rack, certSerialId: null}e3f65f98-62cd-4b84-8686-7eecf5344940{ip: 172.17.0.2, host: a7a0531c52c2, networkLocation: /default-rack, certSerialId: null}c024227d-78fa-419b-86b4-10e35bdc5a8d{ip: 172.17.0.2, host: a7a0531c52c2, networkLocation: /default-rack, certSerialId: null}, Type:RATIS, Factor:THREE, State:OPEN, leaderId:c024227d-78fa-419b-86b4-10e35bdc5a8d, CreationTimestamp2020-08-03T17:15:55.094Z]. Failed nodes: [e3f65f98-62cd-4b84-8686-7eecf5344940{ip: null, host: null, networkLocation: /default-rack, certSerialId: null}]
2020-08-03 17:16:14,290 [grpc-default-executor-2] WARN  server.GrpcLogAppender (LogUtils.java:warn(122)) - c024227d-78fa-419b-86b4-10e35bdc5a8d@group-9FF6351E82CF->e3f65f98-62cd-4b84-8686-7eecf5344940-AppendLogResponseHandler: Failed appendEntries: org.apache.ratis.thirdparty.io.grpc.StatusRuntimeException: UNAVAILABLE: io exception
2020-08-03 17:16:14,301 [grpc-default-executor-2] INFO  impl.FollowerInfo (FollowerInfo.java:lambda$new$0(51)) - c024227d-78fa-419b-86b4-10e35bdc5a8d@group-9FF6351E82CF->e3f65f98-62cd-4b84-8686-7eecf5344940: nextIndex: updateUnconditionally 1 -> 0
2020-08-03 17:16:14,312 [Datanode State Machine Thread - 0] WARN  statemachine.DatanodeStateMachine (DatanodeStateMachine.java:start(245)) - Interrupt the execution.
java.lang.InterruptedException: sleep interrupted
	at java.lang.Thread.sleep(Native Method)
	at org.apache.hadoop.ozone.container.common.statemachine.DatanodeStateMachine.start(DatanodeStateMachine.java:243)
	at org.apache.hadoop.ozone.container.common.statemachine.DatanodeStateMachine.lambda$startDaemon$0(DatanodeStateMachine.java:405)
	at java.lang.Thread.run(Thread.java:748)
2020-08-03 17:16:14,317 [Datanode State Machine Thread - 0] WARN  statemachine.DatanodeStateMachine (DatanodeStateMachine.java:start(245)) - Interrupt the execution.
java.lang.InterruptedException: sleep interrupted
	at java.lang.Thread.sleep(Native Method)
	at org.apache.hadoop.ozone.container.common.statemachine.DatanodeStateMachine.start(DatanodeStateMachine.java:243)
	at org.apache.hadoop.ozone.container.common.statemachine.DatanodeStateMachine.lambda$startDaemon$0(DatanodeStateMachine.java:405)
	at java.lang.Thread.run(Thread.java:748)
2020-08-03 17:16:14,316 [grpc-default-executor-0] WARN  server.GrpcLogAppender (LogUtils.java:warn(122)) - c024227d-78fa-419b-86b4-10e35bdc5a8d@group-9FF6351E82CF->e3f65f98-62cd-4b84-8686-7eecf5344940-AppendLogResponseHandler: Failed appendEntries: org.apache.ratis.thirdparty.io.grpc.StatusRuntimeException: UNAVAILABLE: io exception
2020-08-03 17:16:14,316 [RatisApplyTransactionExecutor 1] INFO  interfaces.Container (KeyValueContainer.java:flushAndSyncDB(382)) - Container 1 is synced with bcsId 2.
2020-08-03 17:16:14,319 [RatisApplyTransactionExecutor 1] INFO  interfaces.Container (KeyValueContainer.java:flushAndSyncDB(382)) - Container 1 is synced with bcsId 2.
2020-08-03 17:16:14,322 [grpc-default-executor-0] INFO  impl.FollowerInfo (FollowerInfo.java:lambda$new$0(51)) - c024227d-78fa-419b-86b4-10e35bdc5a8d@group-9FF6351E82CF->e3f65f98-62cd-4b84-8686-7eecf5344940: nextIndex: updateUnconditionally 1 -> 0
2020-08-03 17:16:14,321 [RatisApplyTransactionExecutor 1] INFO  interfaces.Container (KeyValueContainer.java:flushAndSyncDB(382)) - Container 1 is synced with bcsId 2.
2020-08-03 17:16:14,322 [RatisApplyTransactionExecutor 1] INFO  interfaces.Container (KeyValueContainer.java:flushAndSyncDB(382)) - Container 1 is synced with bcsId 2.
2020-08-03 17:16:14,325 [RatisApplyTransactionExecutor 1] INFO  interfaces.Container (KeyValueContainer.java:close(320)) - Container 1 is closed with bcsId 2.
2020-08-03 17:16:14,325 [Datanode State Machine Thread - 0] WARN  statemachine.DatanodeStateMachine (DatanodeStateMachine.java:start(245)) - Interrupt the execution.
java.lang.InterruptedException: sleep interrupted
	at java.lang.Thread.sleep(Native Method)
	at org.apache.hadoop.ozone.container.common.statemachine.DatanodeStateMachine.start(DatanodeStateMachine.java:243)
	at org.apache.hadoop.ozone.container.common.statemachine.DatanodeStateMachine.lambda$startDaemon$0(DatanodeStateMachine.java:405)
	at java.lang.Thread.run(Thread.java:748)
2020-08-03 17:16:14,326 [EventQueue-IncrementalContainerReportForIncrementalContainerReportHandler] INFO  container.IncrementalContainerReportHandler (AbstractContainerReportHandler.java:updateContainerState(171)) - Moving container #1 to CLOSED state, datanode 28d31e53-94a4-41be-8083-cc25a366c2ee{ip: 172.17.0.2, host: a7a0531c52c2, networkLocation: /default-rack, certSerialId: null} reported CLOSED replica.
2020-08-03 17:16:14,327 [RatisApplyTransactionExecutor 1] INFO  interfaces.Container (KeyValueContainer.java:close(320)) - Container 1 is closed with bcsId 2.
2020-08-03 17:16:14,328 [Datanode State Machine Thread - 0] WARN  statemachine.DatanodeStateMachine (DatanodeStateMachine.java:start(245)) - Interrupt the execution.
java.lang.InterruptedException: sleep interrupted
	at java.lang.Thread.sleep(Native Method)
	at org.apache.hadoop.ozone.container.common.statemachine.DatanodeStateMachine.start(DatanodeStateMachine.java:243)
	at org.apache.hadoop.ozone.container.common.statemachine.DatanodeStateMachine.lambda$startDaemon$0(DatanodeStateMachine.java:405)
	at java.lang.Thread.run(Thread.java:748)
2020-08-03 17:16:14,331 [grpc-default-executor-2] WARN  server.GrpcLogAppender (LogUtils.java:warn(122)) - c024227d-78fa-419b-86b4-10e35bdc5a8d@group-9FF6351E82CF->e3f65f98-62cd-4b84-8686-7eecf5344940-AppendLogResponseHandler: Failed appendEntries: org.apache.ratis.thirdparty.io.grpc.StatusRuntimeException: UNAVAILABLE: io exception
2020-08-03 17:16:14,332 [grpc-default-executor-2] INFO  impl.FollowerInfo (FollowerInfo.java:lambda$new$0(51)) - c024227d-78fa-419b-86b4-10e35bdc5a8d@group-9FF6351E82CF->e3f65f98-62cd-4b84-8686-7eecf5344940: nextIndex: updateUnconditionally 1 -> 0
2020-08-03 17:16:14,818 [IPC Server handler 3 on default port 35385] INFO  server.SCMBlockProtocolServer (SCMBlockProtocolServer.java:deleteKeyBlocks(220)) - SCM is informed by OM to delete 1 blocks
2020-08-03 17:16:14,819 [IPC Server handler 3 on default port 35385] INFO  block.BlockManagerImpl (BlockManagerImpl.java:deleteBlocks(290)) - Deleting blocks conID: 1 locID: 104626583285858304 bcsId: 0
2020-08-03 17:16:14,895 [BlockDeletingService#2] WARN  background.BlockDeletingService (BlockDeletingService.java:isDeletionAllowed(186)) - Close Container log Index 2 is not replicated across all the servers in the pipeline 6896f128-0f51-4a29-a49a-9ff6351e82cf as the min replicated index is 0. Deletion is not allowed in this container yet.
2020-08-03 17:16:14,981 [BlockDeletingService#2] WARN  background.BlockDeletingService (BlockDeletingService.java:isDeletionAllowed(186)) - Close Container log Index 2 is not replicated across all the servers in the pipeline 6896f128-0f51-4a29-a49a-9ff6351e82cf as the min replicated index is 0. Deletion is not allowed in this container yet.
2020-08-03 17:16:15,701 [SCMBlockDeletingService#1] INFO  block.SCMBlockDeletingService (SCMBlockDeletingService.java:call(181)) - Totally added 2 delete blocks command for 2 datanodes, task elapsed time: 10ms
2020-08-03 17:16:15,702 [CommandWatcher-LeaseManager#LeaseMonitor] ERROR lease.LeaseManager (LeaseManager.java:run(238)) - Execution was interrupted 
java.lang.InterruptedException: sleep interrupted
	at java.lang.Thread.sleep(Native Method)
	at org.apache.hadoop.ozone.lease.LeaseManager$LeaseMonitor.run(LeaseManager.java:234)
	at java.lang.Thread.run(Thread.java:748)
2020-08-03 17:16:15,730 [EventQueue-PendingDeleteStatusForPendingDeleteHandler] INFO  block.SCMBlockDeletingService (SCMBlockDeletingService.java:handlePendingDeletes(112)) - Block deletion txnID mismatch in datanode 28d31e53-94a4-41be-8083-cc25a366c2ee for containerID 1. Datanode delete txnID: 0, SCM txnID: 1
2020-08-03 17:16:15,732 [EventQueue-PendingDeleteStatusForPendingDeleteHandler] INFO  block.SCMBlockDeletingService (SCMBlockDeletingService.java:handlePendingDeletes(112)) - Block deletion txnID mismatch in datanode c024227d-78fa-419b-86b4-10e35bdc5a8d for containerID 1. Datanode delete txnID: 0, SCM txnID: 1
2020-08-03 17:16:15,896 [BlockDeletingService#2] WARN  background.BlockDeletingService (BlockDeletingService.java:isDeletionAllowed(186)) - Close Container log Index 2 is not replicated across all the servers in the pipeline 6896f128-0f51-4a29-a49a-9ff6351e82cf as the min replicated index is 0. Deletion is not allowed in this container yet.
2020-08-03 17:16:15,930 [EventQueue-PendingDeleteStatusForPendingDeleteHandler] INFO  block.SCMBlockDeletingService (SCMBlockDeletingService.java:handlePendingDeletes(112)) - Block deletion txnID mismatch in datanode 28d31e53-94a4-41be-8083-cc25a366c2ee for containerID 1. Datanode delete txnID: 0, SCM txnID: 1
2020-08-03 17:16:15,983 [BlockDeletingService#2] WARN  background.BlockDeletingService (BlockDeletingService.java:isDeletionAllowed(186)) - Close Container log Index 2 is not replicated across all the servers in the pipeline 6896f128-0f51-4a29-a49a-9ff6351e82cf as the min replicated index is 0. Deletion is not allowed in this container yet.
2020-08-03 17:16:16,130 [EventQueue-PendingDeleteStatusForPendingDeleteHandler] INFO  block.SCMBlockDeletingService (SCMBlockDeletingService.java:handlePendingDeletes(112)) - Block deletion txnID mismatch in datanode c024227d-78fa-419b-86b4-10e35bdc5a8d for containerID 1. Datanode delete txnID: 0, SCM txnID: 1
2020-08-03 17:16:16,231 [EventQueue-PendingDeleteStatusForPendingDeleteHandler] INFO  block.SCMBlockDeletingService (SCMBlockDeletingService.java:handlePendingDeletes(112)) - Block deletion txnID mismatch in datanode 28d31e53-94a4-41be-8083-cc25a366c2ee for containerID 1. Datanode delete txnID: 0, SCM txnID: 1
2020-08-03 17:16:16,430 [EventQueue-PendingDeleteStatusForPendingDeleteHandler] INFO  block.SCMBlockDeletingService (SCMBlockDeletingService.java:handlePendingDeletes(112)) - Block deletion txnID mismatch in datanode c024227d-78fa-419b-86b4-10e35bdc5a8d for containerID 1. Datanode delete txnID: 0, SCM txnID: 1
2020-08-03 17:16:16,432 [Command processor thread] INFO  commandhandler.DeleteBlocksCommandHandler (DeleteBlocksCommandHandler.java:handle(108)) - Start to delete container blocks, TXIDs=[1(0)], numOfContainers=1, numOfBlocks=1
2020-08-03 17:16:16,433 [EventQueue-PendingDeleteStatusForPendingDeleteHandler] INFO  block.SCMBlockDeletingService (SCMBlockDeletingService.java:handlePendingDeletes(112)) - Block deletion txnID mismatch in datanode 28d31e53-94a4-41be-8083-cc25a366c2ee for containerID 1. Datanode delete txnID: 0, SCM txnID: 1
2020-08-03 17:16:16,440 [Command processor thread] INFO  commandhandler.DeleteBlocksCommandHandler (DeleteBlocksCommandHandler.java:handle(108)) - Start to delete container blocks, TXIDs=[1(0)], numOfContainers=1, numOfBlocks=1
]]></system-out>
    <system-err><![CDATA[ERROR StatusLogger No Log4j 2 configuration file found. Using default configuration (logging only errors to the console), or user programmatically provided configurations. Set system property 'log4j2.debug' to show Log4j 2 internal initialization logging. See https://logging.apache.org/log4j/2.x/manual/configuration.html for instructions on how to configure Log4j 2
]]></system-err>
  </testcase>
</testsuite>