<?xml version="1.0" encoding="UTF-8"?>
<testsuite xmlns:xsi="http://www.w3.org/2001/XMLSchema-instance" xsi:noNamespaceSchemaLocation="https://maven.apache.org/surefire/maven-surefire-plugin/xsd/surefire-test-report.xsd" name="org.apache.hadoop.ozone.client.rpc.TestOzoneAtRestEncryption" time="52.163" tests="5" errors="0" skipped="0" failures="1">
  <properties>
    <property name="awt.toolkit" value="sun.awt.X11.XToolkit"/>
    <property name="file.encoding.pkg" value="sun.io"/>
    <property name="java.specification.version" value="1.8"/>
    <property name="sun.cpu.isalist" value=""/>
    <property name="sun.jnu.encoding" value="ANSI_X3.4-1968"/>
    <property name="java.class.path" value="/github/workspace/mnt/ozone/hadoop-ozone/integration-test/target/test-classes:/github/workspace/mnt/ozone/hadoop-ozone/integration-test/target/classes:/home/user/.m2/repository/org/apache/hadoop/hadoop-ozone-common/1.1.0-SNAPSHOT/hadoop-ozone-common-1.1.0-SNAPSHOT.jar:/home/user/.m2/repository/org/apache/commons/commons-compress/1.4.1/commons-compress-1.4.1.jar:/home/user/.m2/repository/org/tukaani/xz/1.0/xz-1.0.jar:/home/user/.m2/repository/org/apache/hadoop/hadoop-hdds-common/1.1.0-SNAPSHOT/hadoop-hdds-common-1.1.0-SNAPSHOT.jar:/home/user/.m2/repository/org/apache/hadoop/hadoop-hdds-client/1.1.0-SNAPSHOT/hadoop-hdds-client-1.1.0-SNAPSHOT.jar:/home/user/.m2/repository/org/apache/hadoop/hadoop-ozone-interface-client/1.1.0-SNAPSHOT/hadoop-ozone-interface-client-1.1.0-SNAPSHOT.jar:/home/user/.m2/repository/org/apache/hadoop/hadoop-hdds-test-utils/1.1.0-SNAPSHOT/hadoop-hdds-test-utils-1.1.0-SNAPSHOT.jar:/home/user/.m2/repository/com/google/guava/guava/30.1.1-jre/guava-30.1.1-jre.jar:/home/user/.m2/repository/com/google/guava/failureaccess/1.0.1/failureaccess-1.0.1.jar:/home/user/.m2/repository/com/google/guava/listenablefuture/9999.0-empty-to-avoid-conflict-with-guava/listenablefuture-9999.0-empty-to-avoid-conflict-with-guava.jar:/home/user/.m2/repository/com/google/code/findbugs/jsr305/3.0.0/jsr305-3.0.0.jar:/home/user/.m2/repository/org/checkerframework/checker-qual/3.8.0/checker-qual-3.8.0.jar:/home/user/.m2/repository/com/google/errorprone/error_prone_annotations/2.2.0/error_prone_annotations-2.2.0.jar:/home/user/.m2/repository/com/google/j2objc/j2objc-annotations/1.3/j2objc-annotations-1.3.jar:/home/user/.m2/repository/commons-io/commons-io/2.5/commons-io-2.5.jar:/home/user/.m2/repository/commons-logging/commons-logging/1.2/commons-logging-1.2.jar:/home/user/.m2/repository/log4j/log4j/1.2.17/log4j-1.2.17.jar:/home/user/.m2/repository/org/slf4j/slf4j-api/1.7.30/slf4j-api-1.7.30.jar:/home/user/.m2/repository/org/apache/hadoop/hadoop-hdds-server-scm/1.1.0-SNAPSHOT/hadoop-hdds-server-scm-1.1.0-SNAPSHOT.jar:/home/user/.m2/repository/org/apache/hadoop/hadoop-hdds-container-service/1.1.0-SNAPSHOT/hadoop-hdds-container-service-1.1.0-SNAPSHOT.jar:/home/user/.m2/repository/org/apache/hadoop/hadoop-hdds-hadoop-dependency-server/1.1.0-SNAPSHOT/hadoop-hdds-hadoop-dependency-server-1.1.0-SNAPSHOT.jar:/home/user/.m2/repository/org/apache/hadoop/hadoop-hdfs/3.2.2/hadoop-hdfs-3.2.2.jar:/home/user/.m2/repository/org/apache/hadoop/hadoop-hdds-server-framework/1.1.0-SNAPSHOT/hadoop-hdds-server-framework-1.1.0-SNAPSHOT.jar:/home/user/.m2/repository/org/apache/hadoop/hadoop-hdds-interface-server/1.1.0-SNAPSHOT/hadoop-hdds-interface-server-1.1.0-SNAPSHOT.jar:/home/user/.m2/repository/org/eclipse/jetty/jetty-servlet/9.4.35.v20201120/jetty-servlet-9.4.35.v20201120.jar:/home/user/.m2/repository/org/eclipse/jetty/jetty-security/9.4.35.v20201120/jetty-security-9.4.35.v20201120.jar:/home/user/.m2/repository/org/rocksdb/rocksdbjni/6.8.1/rocksdbjni-6.8.1.jar:/home/user/.m2/repository/io/prometheus/simpleclient_dropwizard/0.7.0/simpleclient_dropwizard-0.7.0.jar:/home/user/.m2/repository/io/prometheus/simpleclient/0.7.0/simpleclient-0.7.0.jar:/home/user/.m2/repository/io/prometheus/simpleclient_common/0.7.0/simpleclient_common-0.7.0.jar:/home/user/.m2/repository/com/fasterxml/jackson/datatype/jackson-datatype-jsr310/2.12.1/jackson-datatype-jsr310-2.12.1.jar:/home/user/.m2/repository/io/dropwizard/metrics/metrics-core/3.2.4/metrics-core-3.2.4.jar:/home/user/.m2/repository/org/apache/hadoop/hadoop-hdfs-client/3.2.2/hadoop-hdfs-client-3.2.2.jar:/home/user/.m2/repository/org/bouncycastle/bcprov-jdk15on/1.67/bcprov-jdk15on-1.67.jar:/home/user/.m2/repository/com/google/protobuf/protobuf-java/2.5.0/protobuf-java-2.5.0.jar:/home/user/.m2/repository/org/apache/hadoop/hadoop-ozone-ozone-manager/1.1.0-SNAPSHOT/hadoop-ozone-ozone-manager-1.1.0-SNAPSHOT.jar:/home/user/.m2/repository/org/apache/hadoop/hadoop-hdds-interface-client/1.1.0-SNAPSHOT/hadoop-hdds-interface-client-1.1.0-SNAPSHOT.jar:/home/user/.m2/repository/org/apache/ratis/ratis-thirdparty-misc/0.6.0/ratis-thirdparty-misc-0.6.0.jar:/home/user/.m2/repository/org/apache/hadoop/hadoop-ozone-interface-storage/1.1.0-SNAPSHOT/hadoop-ozone-interface-storage-1.1.0-SNAPSHOT.jar:/home/user/.m2/repository/org/apache/hadoop/hadoop-minikdc/3.2.2/hadoop-minikdc-3.2.2.jar:/home/user/.m2/repository/org/apache/kerby/kerb-simplekdc/1.0.1/kerb-simplekdc-1.0.1.jar:/home/user/.m2/repository/org/apache/kerby/kerb-client/1.0.1/kerb-client-1.0.1.jar:/home/user/.m2/repository/org/apache/kerby/kerby-config/1.0.1/kerby-config-1.0.1.jar:/home/user/.m2/repository/org/apache/kerby/kerb-core/1.0.1/kerb-core-1.0.1.jar:/home/user/.m2/repository/org/apache/kerby/kerby-pkix/1.0.1/kerby-pkix-1.0.1.jar:/home/user/.m2/repository/org/apache/kerby/kerby-asn1/1.0.1/kerby-asn1-1.0.1.jar:/home/user/.m2/repository/org/apache/kerby/kerby-util/1.0.1/kerby-util-1.0.1.jar:/home/user/.m2/repository/org/apache/kerby/kerb-common/1.0.1/kerb-common-1.0.1.jar:/home/user/.m2/repository/org/apache/kerby/kerb-crypto/1.0.1/kerb-crypto-1.0.1.jar:/home/user/.m2/repository/org/apache/kerby/kerb-util/1.0.1/kerb-util-1.0.1.jar:/home/user/.m2/repository/org/apache/kerby/token-provider/1.0.1/token-provider-1.0.1.jar:/home/user/.m2/repository/org/apache/kerby/kerb-admin/1.0.1/kerb-admin-1.0.1.jar:/home/user/.m2/repository/org/apache/kerby/kerb-server/1.0.1/kerb-server-1.0.1.jar:/home/user/.m2/repository/org/apache/kerby/kerb-identity/1.0.1/kerb-identity-1.0.1.jar:/home/user/.m2/repository/org/apache/kerby/kerby-xdr/1.0.1/kerby-xdr-1.0.1.jar:/home/user/.m2/repository/org/slf4j/slf4j-log4j12/1.7.30/slf4j-log4j12-1.7.30.jar:/home/user/.m2/repository/org/apache/hadoop/hadoop-ozone-s3gateway/1.1.0-SNAPSHOT/hadoop-ozone-s3gateway-1.1.0-SNAPSHOT.jar:/home/user/.m2/repository/org/jboss/weld/servlet/weld-servlet/2.4.7.Final/weld-servlet-2.4.7.Final.jar:/home/user/.m2/repository/org/glassfish/jersey/containers/jersey-container-servlet-core/2.33/jersey-container-servlet-core-2.33.jar:/home/user/.m2/repository/org/glassfish/hk2/external/jakarta.inject/2.6.1/jakarta.inject-2.6.1.jar:/home/user/.m2/repository/org/glassfish/jersey/core/jersey-common/2.33/jersey-common-2.33.jar:/home/user/.m2/repository/jakarta/ws/rs/jakarta.ws.rs-api/2.1.6/jakarta.ws.rs-api-2.1.6.jar:/home/user/.m2/repository/org/glassfish/jersey/ext/cdi/jersey-cdi1x/2.33/jersey-cdi1x-2.33.jar:/home/user/.m2/repository/org/glassfish/jersey/inject/jersey-hk2/2.33/jersey-hk2-2.33.jar:/home/user/.m2/repository/org/glassfish/hk2/hk2-locator/2.6.1/hk2-locator-2.6.1.jar:/home/user/.m2/repository/org/javassist/javassist/3.25.0-GA/javassist-3.25.0-GA.jar:/home/user/.m2/repository/org/glassfish/jersey/media/jersey-media-jaxb/2.33/jersey-media-jaxb-2.33.jar:/home/user/.m2/repository/org/glassfish/hk2/osgi-resource-locator/1.0.3/osgi-resource-locator-1.0.3.jar:/home/user/.m2/repository/org/glassfish/hk2/hk2-api/2.5.0/hk2-api-2.5.0.jar:/home/user/.m2/repository/org/glassfish/hk2/hk2-utils/2.5.0/hk2-utils-2.5.0.jar:/home/user/.m2/repository/org/glassfish/hk2/external/aopalliance-repackaged/2.5.0/aopalliance-repackaged-2.5.0.jar:/home/user/.m2/repository/com/fasterxml/jackson/dataformat/jackson-dataformat-xml/2.12.1/jackson-dataformat-xml-2.12.1.jar:/home/user/.m2/repository/com/fasterxml/jackson/core/jackson-core/2.12.1/jackson-core-2.12.1.jar:/home/user/.m2/repository/com/fasterxml/jackson/module/jackson-module-jaxb-annotations/2.12.1/jackson-module-jaxb-annotations-2.12.1.jar:/home/user/.m2/repository/jakarta/xml/bind/jakarta.xml.bind-api/2.3.2/jakarta.xml.bind-api-2.3.2.jar:/home/user/.m2/repository/jakarta/activation/jakarta.activation-api/1.2.1/jakarta.activation-api-1.2.1.jar:/home/user/.m2/repository/org/codehaus/woodstox/stax2-api/3.1.4/stax2-api-3.1.4.jar:/home/user/.m2/repository/com/fasterxml/woodstox/woodstox-core/5.0.3/woodstox-core-5.0.3.jar:/home/user/.m2/repository/javax/enterprise/cdi-api/1.2/cdi-api-1.2.jar:/home/user/.m2/repository/javax/el/javax.el-api/3.0.0/javax.el-api-3.0.0.jar:/home/user/.m2/repository/javax/interceptor/javax.interceptor-api/1.2/javax.interceptor-api-1.2.jar:/home/user/.m2/repository/javax/inject/javax.inject/1/javax.inject-1.jar:/home/user/.m2/repository/com/sun/xml/bind/jaxb-impl/2.3.0.1/jaxb-impl-2.3.0.1.jar:/home/user/.m2/repository/com/sun/xml/bind/jaxb-core/2.3.0.1/jaxb-core-2.3.0.1.jar:/home/user/.m2/repository/javax/xml/bind/jaxb-api/2.3.0/jaxb-api-2.3.0.jar:/home/user/.m2/repository/javax/activation/activation/1.1.1/activation-1.1.1.jar:/home/user/.m2/repository/org/apache/hadoop/hadoop-ozone-csi/1.1.0-SNAPSHOT/hadoop-ozone-csi-1.1.0-SNAPSHOT.jar:/home/user/.m2/repository/com/google/protobuf/protobuf-java-util/3.12.0/protobuf-java-util-3.12.0.jar:/home/user/.m2/repository/com/google/code/gson/gson/2.2.4/gson-2.2.4.jar:/home/user/.m2/repository/org/apache/hadoop/hadoop-hdds-config/1.1.0-SNAPSHOT/hadoop-hdds-config-1.1.0-SNAPSHOT.jar:/home/user/.m2/repository/io/grpc/grpc-netty/1.33.0/grpc-netty-1.33.0.jar:/home/user/.m2/repository/io/grpc/grpc-core/1.33.0/grpc-core-1.33.0.jar:/home/user/.m2/repository/com/google/android/annotations/4.1.1.4/annotations-4.1.1.4.jar:/home/user/.m2/repository/io/netty/netty-codec-http2/4.1.51.Final/netty-codec-http2-4.1.51.Final.jar:/home/user/.m2/repository/io/netty/netty-codec/4.1.51.Final/netty-codec-4.1.51.Final.jar:/home/user/.m2/repository/io/netty/netty-handler/4.1.51.Final/netty-handler-4.1.51.Final.jar:/home/user/.m2/repository/io/netty/netty-codec-http/4.1.51.Final/netty-codec-http-4.1.51.Final.jar:/home/user/.m2/repository/io/netty/netty-handler-proxy/4.1.51.Final/netty-handler-proxy-4.1.51.Final.jar:/home/user/.m2/repository/io/netty/netty-codec-socks/4.1.51.Final/netty-codec-socks-4.1.51.Final.jar:/home/user/.m2/repository/io/perfmark/perfmark-api/0.19.0/perfmark-api-0.19.0.jar:/home/user/.m2/repository/org/codehaus/mojo/animal-sniffer-annotations/1.18/animal-sniffer-annotations-1.18.jar:/home/user/.m2/repository/io/netty/netty-transport-native-epoll/4.1.51.Final/netty-transport-native-epoll-4.1.51.Final.jar:/home/user/.m2/repository/io/netty/netty-common/4.1.51.Final/netty-common-4.1.51.Final.jar:/home/user/.m2/repository/io/netty/netty-buffer/4.1.51.Final/netty-buffer-4.1.51.Final.jar:/home/user/.m2/repository/io/netty/netty-transport/4.1.51.Final/netty-transport-4.1.51.Final.jar:/home/user/.m2/repository/io/netty/netty-resolver/4.1.51.Final/netty-resolver-4.1.51.Final.jar:/home/user/.m2/repository/io/netty/netty-transport-native-unix-common/4.1.51.Final/netty-transport-native-unix-common-4.1.51.Final.jar:/home/user/.m2/repository/io/grpc/grpc-protobuf/1.33.0/grpc-protobuf-1.33.0.jar:/home/user/.m2/repository/io/grpc/grpc-api/1.33.0/grpc-api-1.33.0.jar:/home/user/.m2/repository/io/grpc/grpc-context/1.33.0/grpc-context-1.33.0.jar:/home/user/.m2/repository/com/google/api/grpc/proto-google-common-protos/1.17.0/proto-google-common-protos-1.17.0.jar:/home/user/.m2/repository/io/grpc/grpc-protobuf-lite/1.33.0/grpc-protobuf-lite-1.33.0.jar:/home/user/.m2/repository/io/grpc/grpc-stub/1.33.0/grpc-stub-1.33.0.jar:/home/user/.m2/repository/org/apache/hadoop/hadoop-ozone-recon/1.1.0-SNAPSHOT/hadoop-ozone-recon-1.1.0-SNAPSHOT.jar:/home/user/.m2/repository/org/apache/hadoop/hadoop-ozone-reconcodegen/1.1.0-SNAPSHOT/hadoop-ozone-reconcodegen-1.1.0-SNAPSHOT.jar:/home/user/.m2/repository/com/google/inject/extensions/guice-multibindings/4.0/guice-multibindings-4.0.jar:/home/user/.m2/repository/com/google/inject/guice/4.0/guice-4.0.jar:/home/user/.m2/repository/aopalliance/aopalliance/1.0/aopalliance-1.0.jar:/home/user/.m2/repository/com/google/inject/extensions/guice-assistedinject/4.0/guice-assistedinject-4.0.jar:/home/user/.m2/repository/com/google/inject/extensions/guice-servlet/4.0/guice-servlet-4.0.jar:/home/user/.m2/repository/org/glassfish/jersey/containers/jersey-container-servlet/2.33/jersey-container-servlet-2.33.jar:/home/user/.m2/repository/org/glassfish/hk2/guice-bridge/2.5.0/guice-bridge-2.5.0.jar:/home/user/.m2/repository/org/glassfish/jersey/core/jersey-server/2.33/jersey-server-2.33.jar:/home/user/.m2/repository/org/glassfish/jersey/core/jersey-client/2.33/jersey-client-2.33.jar:/home/user/.m2/repository/jakarta/annotation/jakarta.annotation-api/1.3.5/jakarta.annotation-api-1.3.5.jar:/home/user/.m2/repository/jakarta/validation/jakarta.validation-api/2.0.2/jakarta.validation-api-2.0.2.jar:/home/user/.m2/repository/org/glassfish/jersey/media/jersey-media-json-jackson/2.33/jersey-media-json-jackson-2.33.jar:/home/user/.m2/repository/org/glassfish/jersey/ext/jersey-entity-filtering/2.33/jersey-entity-filtering-2.33.jar:/home/user/.m2/repository/org/jooq/jooq/3.11.10/jooq-3.11.10.jar:/home/user/.m2/repository/org/jooq/jooq-meta/3.11.10/jooq-meta-3.11.10.jar:/home/user/.m2/repository/org/jooq/jooq-codegen/3.11.10/jooq-codegen-3.11.10.jar:/home/user/.m2/repository/com/jolbox/bonecp/0.8.0.RELEASE/bonecp-0.8.0.RELEASE.jar:/home/user/.m2/repository/org/apache/derby/derby/10.14.2.0/derby-10.14.2.0.jar:/home/user/.m2/repository/org/xerial/sqlite-jdbc/3.25.2/sqlite-jdbc-3.25.2.jar:/home/user/.m2/repository/org/springframework/spring-jdbc/5.2.11.RELEASE/spring-jdbc-5.2.11.RELEASE.jar:/home/user/.m2/repository/org/springframework/spring-beans/5.2.11.RELEASE/spring-beans-5.2.11.RELEASE.jar:/home/user/.m2/repository/org/springframework/spring-core/5.2.11.RELEASE/spring-core-5.2.11.RELEASE.jar:/home/user/.m2/repository/org/springframework/spring-jcl/5.2.11.RELEASE/spring-jcl-5.2.11.RELEASE.jar:/home/user/.m2/repository/org/springframework/spring-tx/5.2.11.RELEASE/spring-tx-5.2.11.RELEASE.jar:/home/user/.m2/repository/org/apache/hadoop/hadoop-ozone-client/1.1.0-SNAPSHOT/hadoop-ozone-client-1.1.0-SNAPSHOT.jar:/home/user/.m2/repository/org/apache/hadoop/hadoop-ozone-filesystem/1.1.0-SNAPSHOT/hadoop-ozone-filesystem-1.1.0-SNAPSHOT.jar:/home/user/.m2/repository/org/apache/hadoop/hadoop-ozone-filesystem-common/1.1.0-SNAPSHOT/hadoop-ozone-filesystem-common-1.1.0-SNAPSHOT.jar:/home/user/.m2/repository/org/apache/hadoop/hadoop-ozone-tools/1.1.0-SNAPSHOT/hadoop-ozone-tools-1.1.0-SNAPSHOT.jar:/home/user/.m2/repository/org/apache/ratis/ratis-tools/2.0.0/ratis-tools-2.0.0.jar:/home/user/.m2/repository/org/apache/ratis/ratis-proto/2.0.0/ratis-proto-2.0.0.jar:/home/user/.m2/repository/org/apache/ratis/ratis-common/2.0.0/ratis-common-2.0.0.jar:/home/user/.m2/repository/com/amazonaws/aws-java-sdk-core/1.11.901/aws-java-sdk-core-1.11.901.jar:/home/user/.m2/repository/org/apache/httpcomponents/httpclient/4.5.13/httpclient-4.5.13.jar:/home/user/.m2/repository/org/apache/httpcomponents/httpcore/4.4.13/httpcore-4.4.13.jar:/home/user/.m2/repository/software/amazon/ion/ion-java/1.0.2/ion-java-1.0.2.jar:/home/user/.m2/repository/com/fasterxml/jackson/dataformat/jackson-dataformat-cbor/2.12.1/jackson-dataformat-cbor-2.12.1.jar:/home/user/.m2/repository/joda-time/joda-time/2.8.1/joda-time-2.8.1.jar:/home/user/.m2/repository/com/amazonaws/aws-java-sdk-s3/1.11.901/aws-java-sdk-s3-1.11.901.jar:/home/user/.m2/repository/com/amazonaws/aws-java-sdk-kms/1.11.901/aws-java-sdk-kms-1.11.901.jar:/home/user/.m2/repository/com/amazonaws/jmespath-java/1.11.901/jmespath-java-1.11.901.jar:/home/user/.m2/repository/org/kohsuke/metainf-services/metainf-services/1.8/metainf-services-1.8.jar:/home/user/.m2/repository/org/apache/hadoop/hadoop-hdds-tools/1.1.0-SNAPSHOT/hadoop-hdds-tools-1.1.0-SNAPSHOT.jar:/home/user/.m2/repository/commons-cli/commons-cli/1.2/commons-cli-1.2.jar:/home/user/.m2/repository/org/apache/commons/commons-lang3/3.7/commons-lang3-3.7.jar:/home/user/.m2/repository/org/apache/hadoop/hadoop-ozone-ozone-manager/1.1.0-SNAPSHOT/hadoop-ozone-ozone-manager-1.1.0-SNAPSHOT-tests.jar:/home/user/.m2/repository/org/apache/hadoop/hadoop-hdds-common/1.1.0-SNAPSHOT/hadoop-hdds-common-1.1.0-SNAPSHOT-tests.jar:/home/user/.m2/repository/org/apache/hadoop/hadoop-hdds-hadoop-dependency-client/1.1.0-SNAPSHOT/hadoop-hdds-hadoop-dependency-client-1.1.0-SNAPSHOT.jar:/home/user/.m2/repository/info/picocli/picocli/4.4.0/picocli-4.4.0.jar:/home/user/.m2/repository/com/fasterxml/jackson/core/jackson-annotations/2.12.1/jackson-annotations-2.12.1.jar:/home/user/.m2/repository/javax/annotation/javax.annotation-api/1.2/javax.annotation-api-1.2.jar:/home/user/.m2/repository/org/fusesource/leveldbjni/leveldbjni-all/1.8/leveldbjni-all-1.8.jar:/home/user/.m2/repository/org/apache/ratis/ratis-server/2.0.0/ratis-server-2.0.0.jar:/home/user/.m2/repository/org/apache/ratis/ratis-client/2.0.0/ratis-client-2.0.0.jar:/home/user/.m2/repository/org/apache/ratis/ratis-server-api/2.0.0/ratis-server-api-2.0.0.jar:/home/user/.m2/repository/org/apache/ratis/ratis-metrics/2.0.0/ratis-metrics-2.0.0.jar:/home/user/.m2/repository/org/apache/ratis/ratis-netty/2.0.0/ratis-netty-2.0.0.jar:/home/user/.m2/repository/org/apache/ratis/ratis-grpc/2.0.0/ratis-grpc-2.0.0.jar:/home/user/.m2/repository/org/apache/logging/log4j/log4j-api/2.13.3/log4j-api-2.13.3.jar:/home/user/.m2/repository/org/apache/logging/log4j/log4j-core/2.13.3/log4j-core-2.13.3.jar:/home/user/.m2/repository/com/lmax/disruptor/3.4.2/disruptor-3.4.2.jar:/home/user/.m2/repository/org/apache/commons/commons-pool2/2.6.0/commons-pool2-2.6.0.jar:/home/user/.m2/repository/org/bouncycastle/bcpkix-jdk15on/1.67/bcpkix-jdk15on-1.67.jar:/home/user/.m2/repository/commons-validator/commons-validator/1.6/commons-validator-1.6.jar:/home/user/.m2/repository/commons-beanutils/commons-beanutils/1.9.4/commons-beanutils-1.9.4.jar:/home/user/.m2/repository/commons-digester/commons-digester/1.8.1/commons-digester-1.8.1.jar:/home/user/.m2/repository/commons-collections/commons-collections/3.2.2/commons-collections-3.2.2.jar:/home/user/.m2/repository/io/jaegertracing/jaeger-client/1.6.0/jaeger-client-1.6.0.jar:/home/user/.m2/repository/io/jaegertracing/jaeger-thrift/1.6.0/jaeger-thrift-1.6.0.jar:/home/user/.m2/repository/org/apache/thrift/libthrift/0.14.1/libthrift-0.14.1.jar:/home/user/.m2/repository/com/squareup/okhttp3/okhttp/4.9.0/okhttp-4.9.0.jar:/home/user/.m2/repository/com/squareup/okio/okio/2.8.0/okio-2.8.0.jar:/home/user/.m2/repository/io/jaegertracing/jaeger-core/1.6.0/jaeger-core-1.6.0.jar:/home/user/.m2/repository/io/jaegertracing/jaeger-tracerresolver/1.6.0/jaeger-tracerresolver-1.6.0.jar:/home/user/.m2/repository/io/opentracing/contrib/opentracing-tracerresolver/0.1.8/opentracing-tracerresolver-0.1.8.jar:/home/user/.m2/repository/org/jetbrains/kotlin/kotlin-stdlib/1.4.31/kotlin-stdlib-1.4.31.jar:/home/user/.m2/repository/org/jetbrains/kotlin/kotlin-stdlib-common/1.4.31/kotlin-stdlib-common-1.4.31.jar:/home/user/.m2/repository/org/jetbrains/annotations/13.0/annotations-13.0.jar:/home/user/.m2/repository/io/opentracing/opentracing-util/0.33.0/opentracing-util-0.33.0.jar:/home/user/.m2/repository/io/opentracing/opentracing-api/0.33.0/opentracing-api-0.33.0.jar:/home/user/.m2/repository/io/opentracing/opentracing-noop/0.33.0/opentracing-noop-0.33.0.jar:/home/user/.m2/repository/org/yaml/snakeyaml/1.26/snakeyaml-1.26.jar:/home/user/.m2/repository/org/apache/hadoop/hadoop-hdds-interface-admin/1.1.0-SNAPSHOT/hadoop-hdds-interface-admin-1.1.0-SNAPSHOT.jar:/home/user/.m2/repository/junit/junit/4.13.1/junit-4.13.1.jar:/home/user/.m2/repository/org/hamcrest/hamcrest-core/1.3/hamcrest-core-1.3.jar:/home/user/.m2/repository/org/junit/jupiter/junit-jupiter-api/5.7.0/junit-jupiter-api-5.7.0.jar:/home/user/.m2/repository/org/apiguardian/apiguardian-api/1.1.0/apiguardian-api-1.1.0.jar:/home/user/.m2/repository/org/opentest4j/opentest4j/1.2.0/opentest4j-1.2.0.jar:/home/user/.m2/repository/org/junit/platform/junit-platform-commons/1.7.0/junit-platform-commons-1.7.0.jar:/home/user/.m2/repository/org/junit/jupiter/junit-jupiter-engine/5.7.0/junit-jupiter-engine-5.7.0.jar:/home/user/.m2/repository/org/junit/platform/junit-platform-engine/1.7.0/junit-platform-engine-1.7.0.jar:/home/user/.m2/repository/org/junit/vintage/junit-vintage-engine/5.7.0/junit-vintage-engine-5.7.0.jar:/home/user/.m2/repository/org/junit/platform/junit-platform-launcher/1.7.0/junit-platform-launcher-1.7.0.jar:/home/user/.m2/repository/org/openjdk/jmh/jmh-core/1.19/jmh-core-1.19.jar:/home/user/.m2/repository/net/sf/jopt-simple/jopt-simple/4.6/jopt-simple-4.6.jar:/home/user/.m2/repository/org/apache/commons/commons-math3/3.1.1/commons-math3-3.1.1.jar:/home/user/.m2/repository/org/openjdk/jmh/jmh-generator-annprocess/1.19/jmh-generator-annprocess-1.19.jar:/home/user/.m2/repository/org/mockito/mockito-all/1.8.5/mockito-all-1.8.5.jar:/home/user/.m2/repository/org/apache/hadoop/hadoop-kms/3.2.2/hadoop-kms-3.2.2.jar:/home/user/.m2/repository/org/apache/hadoop/hadoop-auth/3.2.2/hadoop-auth-3.2.2.jar:/home/user/.m2/repository/com/nimbusds/nimbus-jose-jwt/7.9/nimbus-jose-jwt-7.9.jar:/home/user/.m2/repository/com/github/stephenc/jcip/jcip-annotations/1.0-1/jcip-annotations-1.0-1.jar:/home/user/.m2/repository/net/minidev/json-smart/2.3/json-smart-2.3.jar:/home/user/.m2/repository/net/minidev/accessors-smart/1.2/accessors-smart-1.2.jar:/home/user/.m2/repository/org/ow2/asm/asm/5.0.4/asm-5.0.4.jar:/home/user/.m2/repository/org/apache/zookeeper/zookeeper/3.4.13/zookeeper-3.4.13.jar:/home/user/.m2/repository/org/apache/yetus/audience-annotations/0.5.0/audience-annotations-0.5.0.jar:/home/user/.m2/repository/org/apache/curator/curator-framework/2.13.0/curator-framework-2.13.0.jar:/home/user/.m2/repository/com/sun/jersey/jersey-core/1.19/jersey-core-1.19.jar:/home/user/.m2/repository/javax/ws/rs/jsr311-api/1.1.1/jsr311-api-1.1.1.jar:/home/user/.m2/repository/com/sun/jersey/jersey-server/1.19/jersey-server-1.19.jar:/home/user/.m2/repository/javax/servlet/javax.servlet-api/3.1.0/javax.servlet-api-3.1.0.jar:/home/user/.m2/repository/org/eclipse/jetty/jetty-server/9.4.35.v20201120/jetty-server-9.4.35.v20201120.jar:/home/user/.m2/repository/org/eclipse/jetty/jetty-http/9.4.35.v20201120/jetty-http-9.4.35.v20201120.jar:/home/user/.m2/repository/org/eclipse/jetty/jetty-io/9.4.35.v20201120/jetty-io-9.4.35.v20201120.jar:/home/user/.m2/repository/org/eclipse/jetty/jetty-webapp/9.4.35.v20201120/jetty-webapp-9.4.35.v20201120.jar:/home/user/.m2/repository/org/eclipse/jetty/jetty-xml/9.4.35.v20201120/jetty-xml-9.4.35.v20201120.jar:/home/user/.m2/repository/org/apache/hadoop/hadoop-common/3.2.2/hadoop-common-3.2.2.jar:/home/user/.m2/repository/commons-net/commons-net/3.6/commons-net-3.6.jar:/home/user/.m2/repository/javax/activation/javax.activation-api/1.2.0/javax.activation-api-1.2.0.jar:/home/user/.m2/repository/com/sun/jersey/jersey-servlet/1.19/jersey-servlet-1.19.jar:/home/user/.m2/repository/com/sun/jersey/jersey-json/1.19/jersey-json-1.19.jar:/home/user/.m2/repository/org/codehaus/jettison/jettison/1.1/jettison-1.1.jar:/home/user/.m2/repository/org/codehaus/jackson/jackson-jaxrs/1.9.2/jackson-jaxrs-1.9.2.jar:/home/user/.m2/repository/org/codehaus/jackson/jackson-xc/1.9.2/jackson-xc-1.9.2.jar:/home/user/.m2/repository/org/apache/commons/commons-configuration2/2.1.1/commons-configuration2-2.1.1.jar:/home/user/.m2/repository/org/apache/commons/commons-text/1.4/commons-text-1.4.jar:/home/user/.m2/repository/com/google/re2j/re2j/1.1/re2j-1.1.jar:/home/user/.m2/repository/com/jcraft/jsch/0.1.54/jsch-0.1.54.jar:/home/user/.m2/repository/org/apache/curator/curator-client/2.13.0/curator-client-2.13.0.jar:/home/user/.m2/repository/org/apache/curator/curator-recipes/2.13.0/curator-recipes-2.13.0.jar:/home/user/.m2/repository/dnsjava/dnsjava/2.1.7/dnsjava-2.1.7.jar:/home/user/.m2/repository/org/slf4j/jul-to-slf4j/1.7.30/jul-to-slf4j-1.7.30.jar:/home/user/.m2/repository/org/eclipse/jetty/jetty-util/9.4.35.v20201120/jetty-util-9.4.35.v20201120.jar:/home/user/.m2/repository/com/fasterxml/jackson/core/jackson-databind/2.12.1/jackson-databind-2.12.1.jar:/home/user/.m2/repository/org/apache/hadoop/hadoop-kms/3.2.2/hadoop-kms-3.2.2-tests.jar:/home/user/.m2/repository/org/apache/hadoop/hadoop-hdds-server-scm/1.1.0-SNAPSHOT/hadoop-hdds-server-scm-1.1.0-SNAPSHOT-tests.jar:/home/user/.m2/repository/org/apache/hadoop/hadoop-hdds-container-service/1.1.0-SNAPSHOT/hadoop-hdds-container-service-1.1.0-SNAPSHOT-tests.jar:/home/user/.m2/repository/commons-codec/commons-codec/1.11/commons-codec-1.11.jar:/home/user/.m2/repository/org/apache/hadoop/hadoop-hdds-hadoop-dependency-test/1.1.0-SNAPSHOT/hadoop-hdds-hadoop-dependency-test-1.1.0-SNAPSHOT.jar:/home/user/.m2/repository/org/apache/hadoop/hadoop-common/3.2.2/hadoop-common-3.2.2-tests.jar:/home/user/.m2/repository/org/apache/hadoop/hadoop-hdfs/3.2.2/hadoop-hdfs-3.2.2-tests.jar:/home/user/.m2/repository/org/eclipse/jetty/jetty-util-ajax/9.4.35.v20201120/jetty-util-ajax-9.4.35.v20201120.jar:/home/user/.m2/repository/commons-daemon/commons-daemon/1.0.13/commons-daemon-1.0.13.jar:/home/user/.m2/repository/io/netty/netty/3.10.6.Final/netty-3.10.6.Final.jar:/home/user/.m2/repository/io/netty/netty-all/4.1.51.Final/netty-all-4.1.51.Final.jar:/home/user/.m2/repository/org/apache/htrace/htrace-core4/4.1.0-incubating/htrace-core4-4.1.0-incubating.jar:/home/user/.m2/repository/org/apache/hadoop/hadoop-distcp/3.2.2/hadoop-distcp-3.2.2.jar:/home/user/.m2/repository/org/apache/hadoop/hadoop-mapreduce-client-jobclient/3.2.2/hadoop-mapreduce-client-jobclient-3.2.2.jar:/home/user/.m2/repository/org/apache/hadoop/hadoop-mapreduce-client-common/3.2.2/hadoop-mapreduce-client-common-3.2.2.jar:/home/user/.m2/repository/org/apache/hadoop/hadoop-yarn-common/3.2.2/hadoop-yarn-common-3.2.2.jar:/home/user/.m2/repository/org/apache/hadoop/hadoop-yarn-api/3.2.2/hadoop-yarn-api-3.2.2.jar:/home/user/.m2/repository/com/sun/jersey/jersey-client/1.19/jersey-client-1.19.jar:/home/user/.m2/repository/com/sun/jersey/contribs/jersey-guice/1.19/jersey-guice-1.19.jar:/home/user/.m2/repository/com/fasterxml/jackson/jaxrs/jackson-jaxrs-json-provider/2.12.1/jackson-jaxrs-json-provider-2.12.1.jar:/home/user/.m2/repository/com/fasterxml/jackson/jaxrs/jackson-jaxrs-base/2.12.1/jackson-jaxrs-base-2.12.1.jar:/home/user/.m2/repository/org/apache/hadoop/hadoop-yarn-client/3.2.2/hadoop-yarn-client-3.2.2.jar:/home/user/.m2/repository/org/apache/hadoop/hadoop-mapreduce-client-core/3.2.2/hadoop-mapreduce-client-core-3.2.2.jar:/home/user/.m2/repository/org/apache/avro/avro/1.7.7/avro-1.7.7.jar:/home/user/.m2/repository/org/codehaus/jackson/jackson-core-asl/1.9.13/jackson-core-asl-1.9.13.jar:/home/user/.m2/repository/org/codehaus/jackson/jackson-mapper-asl/1.9.13/jackson-mapper-asl-1.9.13.jar:/home/user/.m2/repository/com/thoughtworks/paranamer/paranamer/2.3/paranamer-2.3.jar:/home/user/.m2/repository/org/xerial/snappy/snappy-java/1.0.5/snappy-java-1.0.5.jar:/home/user/.m2/repository/org/apache/hadoop/hadoop-annotations/3.2.2/hadoop-annotations-3.2.2.jar:/usr/lib/jvm/java-1.8.0-openjdk-1.8.0.232.b09-0.el7_7.x86_64/jre/../lib/tools.jar:/home/user/.m2/repository/org/apache/hadoop/hadoop-distcp/3.2.2/hadoop-distcp-3.2.2-tests.jar:"/>
    <property name="java.vm.vendor" value="Oracle Corporation"/>
    <property name="sun.arch.data.model" value="64"/>
    <property name="test.build.dir" value="/github/workspace/mnt/ozone/hadoop-ozone/integration-test/target/test-dir"/>
    <property name="test.cache.data" value=""/>
    <property name="java.vendor.url" value="http://java.oracle.com/"/>
    <property name="user.timezone" value=""/>
    <property name="java.vm.specification.version" value="1.8"/>
    <property name="os.name" value="Linux"/>
    <property name="test.build.data" value="/github/workspace/mnt/ozone/hadoop-ozone/integration-test/target/test-dir"/>
    <property name="user.country" value="US"/>
    <property name="sun.java.launcher" value="SUN_STANDARD"/>
    <property name="sun.boot.library.path" value="/usr/lib/jvm/java-1.8.0-openjdk-1.8.0.232.b09-0.el7_7.x86_64/jre/lib/amd64"/>
    <property name="sun.java.command" value="/github/workspace/mnt/ozone/hadoop-ozone/integration-test/target/surefire/surefirebooter1333831455977756658.jar /github/workspace/mnt/ozone/hadoop-ozone/integration-test/target/surefire 2021-04-20T00-59-14_678-jvmRun1 surefire1565981661068285094tmp surefire_10788477016388439709tmp"/>
    <property name="surefire.test.class.path" value="/github/workspace/mnt/ozone/hadoop-ozone/integration-test/target/test-classes:/github/workspace/mnt/ozone/hadoop-ozone/integration-test/target/classes:/home/user/.m2/repository/org/apache/hadoop/hadoop-ozone-common/1.1.0-SNAPSHOT/hadoop-ozone-common-1.1.0-SNAPSHOT.jar:/home/user/.m2/repository/org/apache/commons/commons-compress/1.4.1/commons-compress-1.4.1.jar:/home/user/.m2/repository/org/tukaani/xz/1.0/xz-1.0.jar:/home/user/.m2/repository/org/apache/hadoop/hadoop-hdds-common/1.1.0-SNAPSHOT/hadoop-hdds-common-1.1.0-SNAPSHOT.jar:/home/user/.m2/repository/org/apache/hadoop/hadoop-hdds-client/1.1.0-SNAPSHOT/hadoop-hdds-client-1.1.0-SNAPSHOT.jar:/home/user/.m2/repository/org/apache/hadoop/hadoop-ozone-interface-client/1.1.0-SNAPSHOT/hadoop-ozone-interface-client-1.1.0-SNAPSHOT.jar:/home/user/.m2/repository/org/apache/hadoop/hadoop-hdds-test-utils/1.1.0-SNAPSHOT/hadoop-hdds-test-utils-1.1.0-SNAPSHOT.jar:/home/user/.m2/repository/com/google/guava/guava/30.1.1-jre/guava-30.1.1-jre.jar:/home/user/.m2/repository/com/google/guava/failureaccess/1.0.1/failureaccess-1.0.1.jar:/home/user/.m2/repository/com/google/guava/listenablefuture/9999.0-empty-to-avoid-conflict-with-guava/listenablefuture-9999.0-empty-to-avoid-conflict-with-guava.jar:/home/user/.m2/repository/com/google/code/findbugs/jsr305/3.0.0/jsr305-3.0.0.jar:/home/user/.m2/repository/org/checkerframework/checker-qual/3.8.0/checker-qual-3.8.0.jar:/home/user/.m2/repository/com/google/errorprone/error_prone_annotations/2.2.0/error_prone_annotations-2.2.0.jar:/home/user/.m2/repository/com/google/j2objc/j2objc-annotations/1.3/j2objc-annotations-1.3.jar:/home/user/.m2/repository/commons-io/commons-io/2.5/commons-io-2.5.jar:/home/user/.m2/repository/commons-logging/commons-logging/1.2/commons-logging-1.2.jar:/home/user/.m2/repository/log4j/log4j/1.2.17/log4j-1.2.17.jar:/home/user/.m2/repository/org/slf4j/slf4j-api/1.7.30/slf4j-api-1.7.30.jar:/home/user/.m2/repository/org/apache/hadoop/hadoop-hdds-server-scm/1.1.0-SNAPSHOT/hadoop-hdds-server-scm-1.1.0-SNAPSHOT.jar:/home/user/.m2/repository/org/apache/hadoop/hadoop-hdds-container-service/1.1.0-SNAPSHOT/hadoop-hdds-container-service-1.1.0-SNAPSHOT.jar:/home/user/.m2/repository/org/apache/hadoop/hadoop-hdds-hadoop-dependency-server/1.1.0-SNAPSHOT/hadoop-hdds-hadoop-dependency-server-1.1.0-SNAPSHOT.jar:/home/user/.m2/repository/org/apache/hadoop/hadoop-hdfs/3.2.2/hadoop-hdfs-3.2.2.jar:/home/user/.m2/repository/org/apache/hadoop/hadoop-hdds-server-framework/1.1.0-SNAPSHOT/hadoop-hdds-server-framework-1.1.0-SNAPSHOT.jar:/home/user/.m2/repository/org/apache/hadoop/hadoop-hdds-interface-server/1.1.0-SNAPSHOT/hadoop-hdds-interface-server-1.1.0-SNAPSHOT.jar:/home/user/.m2/repository/org/eclipse/jetty/jetty-servlet/9.4.35.v20201120/jetty-servlet-9.4.35.v20201120.jar:/home/user/.m2/repository/org/eclipse/jetty/jetty-security/9.4.35.v20201120/jetty-security-9.4.35.v20201120.jar:/home/user/.m2/repository/org/rocksdb/rocksdbjni/6.8.1/rocksdbjni-6.8.1.jar:/home/user/.m2/repository/io/prometheus/simpleclient_dropwizard/0.7.0/simpleclient_dropwizard-0.7.0.jar:/home/user/.m2/repository/io/prometheus/simpleclient/0.7.0/simpleclient-0.7.0.jar:/home/user/.m2/repository/io/prometheus/simpleclient_common/0.7.0/simpleclient_common-0.7.0.jar:/home/user/.m2/repository/com/fasterxml/jackson/datatype/jackson-datatype-jsr310/2.12.1/jackson-datatype-jsr310-2.12.1.jar:/home/user/.m2/repository/io/dropwizard/metrics/metrics-core/3.2.4/metrics-core-3.2.4.jar:/home/user/.m2/repository/org/apache/hadoop/hadoop-hdfs-client/3.2.2/hadoop-hdfs-client-3.2.2.jar:/home/user/.m2/repository/org/bouncycastle/bcprov-jdk15on/1.67/bcprov-jdk15on-1.67.jar:/home/user/.m2/repository/com/google/protobuf/protobuf-java/2.5.0/protobuf-java-2.5.0.jar:/home/user/.m2/repository/org/apache/hadoop/hadoop-ozone-ozone-manager/1.1.0-SNAPSHOT/hadoop-ozone-ozone-manager-1.1.0-SNAPSHOT.jar:/home/user/.m2/repository/org/apache/hadoop/hadoop-hdds-interface-client/1.1.0-SNAPSHOT/hadoop-hdds-interface-client-1.1.0-SNAPSHOT.jar:/home/user/.m2/repository/org/apache/ratis/ratis-thirdparty-misc/0.6.0/ratis-thirdparty-misc-0.6.0.jar:/home/user/.m2/repository/org/apache/hadoop/hadoop-ozone-interface-storage/1.1.0-SNAPSHOT/hadoop-ozone-interface-storage-1.1.0-SNAPSHOT.jar:/home/user/.m2/repository/org/apache/hadoop/hadoop-minikdc/3.2.2/hadoop-minikdc-3.2.2.jar:/home/user/.m2/repository/org/apache/kerby/kerb-simplekdc/1.0.1/kerb-simplekdc-1.0.1.jar:/home/user/.m2/repository/org/apache/kerby/kerb-client/1.0.1/kerb-client-1.0.1.jar:/home/user/.m2/repository/org/apache/kerby/kerby-config/1.0.1/kerby-config-1.0.1.jar:/home/user/.m2/repository/org/apache/kerby/kerb-core/1.0.1/kerb-core-1.0.1.jar:/home/user/.m2/repository/org/apache/kerby/kerby-pkix/1.0.1/kerby-pkix-1.0.1.jar:/home/user/.m2/repository/org/apache/kerby/kerby-asn1/1.0.1/kerby-asn1-1.0.1.jar:/home/user/.m2/repository/org/apache/kerby/kerby-util/1.0.1/kerby-util-1.0.1.jar:/home/user/.m2/repository/org/apache/kerby/kerb-common/1.0.1/kerb-common-1.0.1.jar:/home/user/.m2/repository/org/apache/kerby/kerb-crypto/1.0.1/kerb-crypto-1.0.1.jar:/home/user/.m2/repository/org/apache/kerby/kerb-util/1.0.1/kerb-util-1.0.1.jar:/home/user/.m2/repository/org/apache/kerby/token-provider/1.0.1/token-provider-1.0.1.jar:/home/user/.m2/repository/org/apache/kerby/kerb-admin/1.0.1/kerb-admin-1.0.1.jar:/home/user/.m2/repository/org/apache/kerby/kerb-server/1.0.1/kerb-server-1.0.1.jar:/home/user/.m2/repository/org/apache/kerby/kerb-identity/1.0.1/kerb-identity-1.0.1.jar:/home/user/.m2/repository/org/apache/kerby/kerby-xdr/1.0.1/kerby-xdr-1.0.1.jar:/home/user/.m2/repository/org/slf4j/slf4j-log4j12/1.7.30/slf4j-log4j12-1.7.30.jar:/home/user/.m2/repository/org/apache/hadoop/hadoop-ozone-s3gateway/1.1.0-SNAPSHOT/hadoop-ozone-s3gateway-1.1.0-SNAPSHOT.jar:/home/user/.m2/repository/org/jboss/weld/servlet/weld-servlet/2.4.7.Final/weld-servlet-2.4.7.Final.jar:/home/user/.m2/repository/org/glassfish/jersey/containers/jersey-container-servlet-core/2.33/jersey-container-servlet-core-2.33.jar:/home/user/.m2/repository/org/glassfish/hk2/external/jakarta.inject/2.6.1/jakarta.inject-2.6.1.jar:/home/user/.m2/repository/org/glassfish/jersey/core/jersey-common/2.33/jersey-common-2.33.jar:/home/user/.m2/repository/jakarta/ws/rs/jakarta.ws.rs-api/2.1.6/jakarta.ws.rs-api-2.1.6.jar:/home/user/.m2/repository/org/glassfish/jersey/ext/cdi/jersey-cdi1x/2.33/jersey-cdi1x-2.33.jar:/home/user/.m2/repository/org/glassfish/jersey/inject/jersey-hk2/2.33/jersey-hk2-2.33.jar:/home/user/.m2/repository/org/glassfish/hk2/hk2-locator/2.6.1/hk2-locator-2.6.1.jar:/home/user/.m2/repository/org/javassist/javassist/3.25.0-GA/javassist-3.25.0-GA.jar:/home/user/.m2/repository/org/glassfish/jersey/media/jersey-media-jaxb/2.33/jersey-media-jaxb-2.33.jar:/home/user/.m2/repository/org/glassfish/hk2/osgi-resource-locator/1.0.3/osgi-resource-locator-1.0.3.jar:/home/user/.m2/repository/org/glassfish/hk2/hk2-api/2.5.0/hk2-api-2.5.0.jar:/home/user/.m2/repository/org/glassfish/hk2/hk2-utils/2.5.0/hk2-utils-2.5.0.jar:/home/user/.m2/repository/org/glassfish/hk2/external/aopalliance-repackaged/2.5.0/aopalliance-repackaged-2.5.0.jar:/home/user/.m2/repository/com/fasterxml/jackson/dataformat/jackson-dataformat-xml/2.12.1/jackson-dataformat-xml-2.12.1.jar:/home/user/.m2/repository/com/fasterxml/jackson/core/jackson-core/2.12.1/jackson-core-2.12.1.jar:/home/user/.m2/repository/com/fasterxml/jackson/module/jackson-module-jaxb-annotations/2.12.1/jackson-module-jaxb-annotations-2.12.1.jar:/home/user/.m2/repository/jakarta/xml/bind/jakarta.xml.bind-api/2.3.2/jakarta.xml.bind-api-2.3.2.jar:/home/user/.m2/repository/jakarta/activation/jakarta.activation-api/1.2.1/jakarta.activation-api-1.2.1.jar:/home/user/.m2/repository/org/codehaus/woodstox/stax2-api/3.1.4/stax2-api-3.1.4.jar:/home/user/.m2/repository/com/fasterxml/woodstox/woodstox-core/5.0.3/woodstox-core-5.0.3.jar:/home/user/.m2/repository/javax/enterprise/cdi-api/1.2/cdi-api-1.2.jar:/home/user/.m2/repository/javax/el/javax.el-api/3.0.0/javax.el-api-3.0.0.jar:/home/user/.m2/repository/javax/interceptor/javax.interceptor-api/1.2/javax.interceptor-api-1.2.jar:/home/user/.m2/repository/javax/inject/javax.inject/1/javax.inject-1.jar:/home/user/.m2/repository/com/sun/xml/bind/jaxb-impl/2.3.0.1/jaxb-impl-2.3.0.1.jar:/home/user/.m2/repository/com/sun/xml/bind/jaxb-core/2.3.0.1/jaxb-core-2.3.0.1.jar:/home/user/.m2/repository/javax/xml/bind/jaxb-api/2.3.0/jaxb-api-2.3.0.jar:/home/user/.m2/repository/javax/activation/activation/1.1.1/activation-1.1.1.jar:/home/user/.m2/repository/org/apache/hadoop/hadoop-ozone-csi/1.1.0-SNAPSHOT/hadoop-ozone-csi-1.1.0-SNAPSHOT.jar:/home/user/.m2/repository/com/google/protobuf/protobuf-java-util/3.12.0/protobuf-java-util-3.12.0.jar:/home/user/.m2/repository/com/google/code/gson/gson/2.2.4/gson-2.2.4.jar:/home/user/.m2/repository/org/apache/hadoop/hadoop-hdds-config/1.1.0-SNAPSHOT/hadoop-hdds-config-1.1.0-SNAPSHOT.jar:/home/user/.m2/repository/io/grpc/grpc-netty/1.33.0/grpc-netty-1.33.0.jar:/home/user/.m2/repository/io/grpc/grpc-core/1.33.0/grpc-core-1.33.0.jar:/home/user/.m2/repository/com/google/android/annotations/4.1.1.4/annotations-4.1.1.4.jar:/home/user/.m2/repository/io/netty/netty-codec-http2/4.1.51.Final/netty-codec-http2-4.1.51.Final.jar:/home/user/.m2/repository/io/netty/netty-codec/4.1.51.Final/netty-codec-4.1.51.Final.jar:/home/user/.m2/repository/io/netty/netty-handler/4.1.51.Final/netty-handler-4.1.51.Final.jar:/home/user/.m2/repository/io/netty/netty-codec-http/4.1.51.Final/netty-codec-http-4.1.51.Final.jar:/home/user/.m2/repository/io/netty/netty-handler-proxy/4.1.51.Final/netty-handler-proxy-4.1.51.Final.jar:/home/user/.m2/repository/io/netty/netty-codec-socks/4.1.51.Final/netty-codec-socks-4.1.51.Final.jar:/home/user/.m2/repository/io/perfmark/perfmark-api/0.19.0/perfmark-api-0.19.0.jar:/home/user/.m2/repository/org/codehaus/mojo/animal-sniffer-annotations/1.18/animal-sniffer-annotations-1.18.jar:/home/user/.m2/repository/io/netty/netty-transport-native-epoll/4.1.51.Final/netty-transport-native-epoll-4.1.51.Final.jar:/home/user/.m2/repository/io/netty/netty-common/4.1.51.Final/netty-common-4.1.51.Final.jar:/home/user/.m2/repository/io/netty/netty-buffer/4.1.51.Final/netty-buffer-4.1.51.Final.jar:/home/user/.m2/repository/io/netty/netty-transport/4.1.51.Final/netty-transport-4.1.51.Final.jar:/home/user/.m2/repository/io/netty/netty-resolver/4.1.51.Final/netty-resolver-4.1.51.Final.jar:/home/user/.m2/repository/io/netty/netty-transport-native-unix-common/4.1.51.Final/netty-transport-native-unix-common-4.1.51.Final.jar:/home/user/.m2/repository/io/grpc/grpc-protobuf/1.33.0/grpc-protobuf-1.33.0.jar:/home/user/.m2/repository/io/grpc/grpc-api/1.33.0/grpc-api-1.33.0.jar:/home/user/.m2/repository/io/grpc/grpc-context/1.33.0/grpc-context-1.33.0.jar:/home/user/.m2/repository/com/google/api/grpc/proto-google-common-protos/1.17.0/proto-google-common-protos-1.17.0.jar:/home/user/.m2/repository/io/grpc/grpc-protobuf-lite/1.33.0/grpc-protobuf-lite-1.33.0.jar:/home/user/.m2/repository/io/grpc/grpc-stub/1.33.0/grpc-stub-1.33.0.jar:/home/user/.m2/repository/org/apache/hadoop/hadoop-ozone-recon/1.1.0-SNAPSHOT/hadoop-ozone-recon-1.1.0-SNAPSHOT.jar:/home/user/.m2/repository/org/apache/hadoop/hadoop-ozone-reconcodegen/1.1.0-SNAPSHOT/hadoop-ozone-reconcodegen-1.1.0-SNAPSHOT.jar:/home/user/.m2/repository/com/google/inject/extensions/guice-multibindings/4.0/guice-multibindings-4.0.jar:/home/user/.m2/repository/com/google/inject/guice/4.0/guice-4.0.jar:/home/user/.m2/repository/aopalliance/aopalliance/1.0/aopalliance-1.0.jar:/home/user/.m2/repository/com/google/inject/extensions/guice-assistedinject/4.0/guice-assistedinject-4.0.jar:/home/user/.m2/repository/com/google/inject/extensions/guice-servlet/4.0/guice-servlet-4.0.jar:/home/user/.m2/repository/org/glassfish/jersey/containers/jersey-container-servlet/2.33/jersey-container-servlet-2.33.jar:/home/user/.m2/repository/org/glassfish/hk2/guice-bridge/2.5.0/guice-bridge-2.5.0.jar:/home/user/.m2/repository/org/glassfish/jersey/core/jersey-server/2.33/jersey-server-2.33.jar:/home/user/.m2/repository/org/glassfish/jersey/core/jersey-client/2.33/jersey-client-2.33.jar:/home/user/.m2/repository/jakarta/annotation/jakarta.annotation-api/1.3.5/jakarta.annotation-api-1.3.5.jar:/home/user/.m2/repository/jakarta/validation/jakarta.validation-api/2.0.2/jakarta.validation-api-2.0.2.jar:/home/user/.m2/repository/org/glassfish/jersey/media/jersey-media-json-jackson/2.33/jersey-media-json-jackson-2.33.jar:/home/user/.m2/repository/org/glassfish/jersey/ext/jersey-entity-filtering/2.33/jersey-entity-filtering-2.33.jar:/home/user/.m2/repository/org/jooq/jooq/3.11.10/jooq-3.11.10.jar:/home/user/.m2/repository/org/jooq/jooq-meta/3.11.10/jooq-meta-3.11.10.jar:/home/user/.m2/repository/org/jooq/jooq-codegen/3.11.10/jooq-codegen-3.11.10.jar:/home/user/.m2/repository/com/jolbox/bonecp/0.8.0.RELEASE/bonecp-0.8.0.RELEASE.jar:/home/user/.m2/repository/org/apache/derby/derby/10.14.2.0/derby-10.14.2.0.jar:/home/user/.m2/repository/org/xerial/sqlite-jdbc/3.25.2/sqlite-jdbc-3.25.2.jar:/home/user/.m2/repository/org/springframework/spring-jdbc/5.2.11.RELEASE/spring-jdbc-5.2.11.RELEASE.jar:/home/user/.m2/repository/org/springframework/spring-beans/5.2.11.RELEASE/spring-beans-5.2.11.RELEASE.jar:/home/user/.m2/repository/org/springframework/spring-core/5.2.11.RELEASE/spring-core-5.2.11.RELEASE.jar:/home/user/.m2/repository/org/springframework/spring-jcl/5.2.11.RELEASE/spring-jcl-5.2.11.RELEASE.jar:/home/user/.m2/repository/org/springframework/spring-tx/5.2.11.RELEASE/spring-tx-5.2.11.RELEASE.jar:/home/user/.m2/repository/org/apache/hadoop/hadoop-ozone-client/1.1.0-SNAPSHOT/hadoop-ozone-client-1.1.0-SNAPSHOT.jar:/home/user/.m2/repository/org/apache/hadoop/hadoop-ozone-filesystem/1.1.0-SNAPSHOT/hadoop-ozone-filesystem-1.1.0-SNAPSHOT.jar:/home/user/.m2/repository/org/apache/hadoop/hadoop-ozone-filesystem-common/1.1.0-SNAPSHOT/hadoop-ozone-filesystem-common-1.1.0-SNAPSHOT.jar:/home/user/.m2/repository/org/apache/hadoop/hadoop-ozone-tools/1.1.0-SNAPSHOT/hadoop-ozone-tools-1.1.0-SNAPSHOT.jar:/home/user/.m2/repository/org/apache/ratis/ratis-tools/2.0.0/ratis-tools-2.0.0.jar:/home/user/.m2/repository/org/apache/ratis/ratis-proto/2.0.0/ratis-proto-2.0.0.jar:/home/user/.m2/repository/org/apache/ratis/ratis-common/2.0.0/ratis-common-2.0.0.jar:/home/user/.m2/repository/com/amazonaws/aws-java-sdk-core/1.11.901/aws-java-sdk-core-1.11.901.jar:/home/user/.m2/repository/org/apache/httpcomponents/httpclient/4.5.13/httpclient-4.5.13.jar:/home/user/.m2/repository/org/apache/httpcomponents/httpcore/4.4.13/httpcore-4.4.13.jar:/home/user/.m2/repository/software/amazon/ion/ion-java/1.0.2/ion-java-1.0.2.jar:/home/user/.m2/repository/com/fasterxml/jackson/dataformat/jackson-dataformat-cbor/2.12.1/jackson-dataformat-cbor-2.12.1.jar:/home/user/.m2/repository/joda-time/joda-time/2.8.1/joda-time-2.8.1.jar:/home/user/.m2/repository/com/amazonaws/aws-java-sdk-s3/1.11.901/aws-java-sdk-s3-1.11.901.jar:/home/user/.m2/repository/com/amazonaws/aws-java-sdk-kms/1.11.901/aws-java-sdk-kms-1.11.901.jar:/home/user/.m2/repository/com/amazonaws/jmespath-java/1.11.901/jmespath-java-1.11.901.jar:/home/user/.m2/repository/org/kohsuke/metainf-services/metainf-services/1.8/metainf-services-1.8.jar:/home/user/.m2/repository/org/apache/hadoop/hadoop-hdds-tools/1.1.0-SNAPSHOT/hadoop-hdds-tools-1.1.0-SNAPSHOT.jar:/home/user/.m2/repository/commons-cli/commons-cli/1.2/commons-cli-1.2.jar:/home/user/.m2/repository/org/apache/commons/commons-lang3/3.7/commons-lang3-3.7.jar:/home/user/.m2/repository/org/apache/hadoop/hadoop-ozone-ozone-manager/1.1.0-SNAPSHOT/hadoop-ozone-ozone-manager-1.1.0-SNAPSHOT-tests.jar:/home/user/.m2/repository/org/apache/hadoop/hadoop-hdds-common/1.1.0-SNAPSHOT/hadoop-hdds-common-1.1.0-SNAPSHOT-tests.jar:/home/user/.m2/repository/org/apache/hadoop/hadoop-hdds-hadoop-dependency-client/1.1.0-SNAPSHOT/hadoop-hdds-hadoop-dependency-client-1.1.0-SNAPSHOT.jar:/home/user/.m2/repository/info/picocli/picocli/4.4.0/picocli-4.4.0.jar:/home/user/.m2/repository/com/fasterxml/jackson/core/jackson-annotations/2.12.1/jackson-annotations-2.12.1.jar:/home/user/.m2/repository/javax/annotation/javax.annotation-api/1.2/javax.annotation-api-1.2.jar:/home/user/.m2/repository/org/fusesource/leveldbjni/leveldbjni-all/1.8/leveldbjni-all-1.8.jar:/home/user/.m2/repository/org/apache/ratis/ratis-server/2.0.0/ratis-server-2.0.0.jar:/home/user/.m2/repository/org/apache/ratis/ratis-client/2.0.0/ratis-client-2.0.0.jar:/home/user/.m2/repository/org/apache/ratis/ratis-server-api/2.0.0/ratis-server-api-2.0.0.jar:/home/user/.m2/repository/org/apache/ratis/ratis-metrics/2.0.0/ratis-metrics-2.0.0.jar:/home/user/.m2/repository/org/apache/ratis/ratis-netty/2.0.0/ratis-netty-2.0.0.jar:/home/user/.m2/repository/org/apache/ratis/ratis-grpc/2.0.0/ratis-grpc-2.0.0.jar:/home/user/.m2/repository/org/apache/logging/log4j/log4j-api/2.13.3/log4j-api-2.13.3.jar:/home/user/.m2/repository/org/apache/logging/log4j/log4j-core/2.13.3/log4j-core-2.13.3.jar:/home/user/.m2/repository/com/lmax/disruptor/3.4.2/disruptor-3.4.2.jar:/home/user/.m2/repository/org/apache/commons/commons-pool2/2.6.0/commons-pool2-2.6.0.jar:/home/user/.m2/repository/org/bouncycastle/bcpkix-jdk15on/1.67/bcpkix-jdk15on-1.67.jar:/home/user/.m2/repository/commons-validator/commons-validator/1.6/commons-validator-1.6.jar:/home/user/.m2/repository/commons-beanutils/commons-beanutils/1.9.4/commons-beanutils-1.9.4.jar:/home/user/.m2/repository/commons-digester/commons-digester/1.8.1/commons-digester-1.8.1.jar:/home/user/.m2/repository/commons-collections/commons-collections/3.2.2/commons-collections-3.2.2.jar:/home/user/.m2/repository/io/jaegertracing/jaeger-client/1.6.0/jaeger-client-1.6.0.jar:/home/user/.m2/repository/io/jaegertracing/jaeger-thrift/1.6.0/jaeger-thrift-1.6.0.jar:/home/user/.m2/repository/org/apache/thrift/libthrift/0.14.1/libthrift-0.14.1.jar:/home/user/.m2/repository/com/squareup/okhttp3/okhttp/4.9.0/okhttp-4.9.0.jar:/home/user/.m2/repository/com/squareup/okio/okio/2.8.0/okio-2.8.0.jar:/home/user/.m2/repository/io/jaegertracing/jaeger-core/1.6.0/jaeger-core-1.6.0.jar:/home/user/.m2/repository/io/jaegertracing/jaeger-tracerresolver/1.6.0/jaeger-tracerresolver-1.6.0.jar:/home/user/.m2/repository/io/opentracing/contrib/opentracing-tracerresolver/0.1.8/opentracing-tracerresolver-0.1.8.jar:/home/user/.m2/repository/org/jetbrains/kotlin/kotlin-stdlib/1.4.31/kotlin-stdlib-1.4.31.jar:/home/user/.m2/repository/org/jetbrains/kotlin/kotlin-stdlib-common/1.4.31/kotlin-stdlib-common-1.4.31.jar:/home/user/.m2/repository/org/jetbrains/annotations/13.0/annotations-13.0.jar:/home/user/.m2/repository/io/opentracing/opentracing-util/0.33.0/opentracing-util-0.33.0.jar:/home/user/.m2/repository/io/opentracing/opentracing-api/0.33.0/opentracing-api-0.33.0.jar:/home/user/.m2/repository/io/opentracing/opentracing-noop/0.33.0/opentracing-noop-0.33.0.jar:/home/user/.m2/repository/org/yaml/snakeyaml/1.26/snakeyaml-1.26.jar:/home/user/.m2/repository/org/apache/hadoop/hadoop-hdds-interface-admin/1.1.0-SNAPSHOT/hadoop-hdds-interface-admin-1.1.0-SNAPSHOT.jar:/home/user/.m2/repository/junit/junit/4.13.1/junit-4.13.1.jar:/home/user/.m2/repository/org/hamcrest/hamcrest-core/1.3/hamcrest-core-1.3.jar:/home/user/.m2/repository/org/junit/jupiter/junit-jupiter-api/5.7.0/junit-jupiter-api-5.7.0.jar:/home/user/.m2/repository/org/apiguardian/apiguardian-api/1.1.0/apiguardian-api-1.1.0.jar:/home/user/.m2/repository/org/opentest4j/opentest4j/1.2.0/opentest4j-1.2.0.jar:/home/user/.m2/repository/org/junit/platform/junit-platform-commons/1.7.0/junit-platform-commons-1.7.0.jar:/home/user/.m2/repository/org/junit/jupiter/junit-jupiter-engine/5.7.0/junit-jupiter-engine-5.7.0.jar:/home/user/.m2/repository/org/junit/platform/junit-platform-engine/1.7.0/junit-platform-engine-1.7.0.jar:/home/user/.m2/repository/org/junit/vintage/junit-vintage-engine/5.7.0/junit-vintage-engine-5.7.0.jar:/home/user/.m2/repository/org/junit/platform/junit-platform-launcher/1.7.0/junit-platform-launcher-1.7.0.jar:/home/user/.m2/repository/org/openjdk/jmh/jmh-core/1.19/jmh-core-1.19.jar:/home/user/.m2/repository/net/sf/jopt-simple/jopt-simple/4.6/jopt-simple-4.6.jar:/home/user/.m2/repository/org/apache/commons/commons-math3/3.1.1/commons-math3-3.1.1.jar:/home/user/.m2/repository/org/openjdk/jmh/jmh-generator-annprocess/1.19/jmh-generator-annprocess-1.19.jar:/home/user/.m2/repository/org/mockito/mockito-all/1.8.5/mockito-all-1.8.5.jar:/home/user/.m2/repository/org/apache/hadoop/hadoop-kms/3.2.2/hadoop-kms-3.2.2.jar:/home/user/.m2/repository/org/apache/hadoop/hadoop-auth/3.2.2/hadoop-auth-3.2.2.jar:/home/user/.m2/repository/com/nimbusds/nimbus-jose-jwt/7.9/nimbus-jose-jwt-7.9.jar:/home/user/.m2/repository/com/github/stephenc/jcip/jcip-annotations/1.0-1/jcip-annotations-1.0-1.jar:/home/user/.m2/repository/net/minidev/json-smart/2.3/json-smart-2.3.jar:/home/user/.m2/repository/net/minidev/accessors-smart/1.2/accessors-smart-1.2.jar:/home/user/.m2/repository/org/ow2/asm/asm/5.0.4/asm-5.0.4.jar:/home/user/.m2/repository/org/apache/zookeeper/zookeeper/3.4.13/zookeeper-3.4.13.jar:/home/user/.m2/repository/org/apache/yetus/audience-annotations/0.5.0/audience-annotations-0.5.0.jar:/home/user/.m2/repository/org/apache/curator/curator-framework/2.13.0/curator-framework-2.13.0.jar:/home/user/.m2/repository/com/sun/jersey/jersey-core/1.19/jersey-core-1.19.jar:/home/user/.m2/repository/javax/ws/rs/jsr311-api/1.1.1/jsr311-api-1.1.1.jar:/home/user/.m2/repository/com/sun/jersey/jersey-server/1.19/jersey-server-1.19.jar:/home/user/.m2/repository/javax/servlet/javax.servlet-api/3.1.0/javax.servlet-api-3.1.0.jar:/home/user/.m2/repository/org/eclipse/jetty/jetty-server/9.4.35.v20201120/jetty-server-9.4.35.v20201120.jar:/home/user/.m2/repository/org/eclipse/jetty/jetty-http/9.4.35.v20201120/jetty-http-9.4.35.v20201120.jar:/home/user/.m2/repository/org/eclipse/jetty/jetty-io/9.4.35.v20201120/jetty-io-9.4.35.v20201120.jar:/home/user/.m2/repository/org/eclipse/jetty/jetty-webapp/9.4.35.v20201120/jetty-webapp-9.4.35.v20201120.jar:/home/user/.m2/repository/org/eclipse/jetty/jetty-xml/9.4.35.v20201120/jetty-xml-9.4.35.v20201120.jar:/home/user/.m2/repository/org/apache/hadoop/hadoop-common/3.2.2/hadoop-common-3.2.2.jar:/home/user/.m2/repository/commons-net/commons-net/3.6/commons-net-3.6.jar:/home/user/.m2/repository/javax/activation/javax.activation-api/1.2.0/javax.activation-api-1.2.0.jar:/home/user/.m2/repository/com/sun/jersey/jersey-servlet/1.19/jersey-servlet-1.19.jar:/home/user/.m2/repository/com/sun/jersey/jersey-json/1.19/jersey-json-1.19.jar:/home/user/.m2/repository/org/codehaus/jettison/jettison/1.1/jettison-1.1.jar:/home/user/.m2/repository/org/codehaus/jackson/jackson-jaxrs/1.9.2/jackson-jaxrs-1.9.2.jar:/home/user/.m2/repository/org/codehaus/jackson/jackson-xc/1.9.2/jackson-xc-1.9.2.jar:/home/user/.m2/repository/org/apache/commons/commons-configuration2/2.1.1/commons-configuration2-2.1.1.jar:/home/user/.m2/repository/org/apache/commons/commons-text/1.4/commons-text-1.4.jar:/home/user/.m2/repository/com/google/re2j/re2j/1.1/re2j-1.1.jar:/home/user/.m2/repository/com/jcraft/jsch/0.1.54/jsch-0.1.54.jar:/home/user/.m2/repository/org/apache/curator/curator-client/2.13.0/curator-client-2.13.0.jar:/home/user/.m2/repository/org/apache/curator/curator-recipes/2.13.0/curator-recipes-2.13.0.jar:/home/user/.m2/repository/dnsjava/dnsjava/2.1.7/dnsjava-2.1.7.jar:/home/user/.m2/repository/org/slf4j/jul-to-slf4j/1.7.30/jul-to-slf4j-1.7.30.jar:/home/user/.m2/repository/org/eclipse/jetty/jetty-util/9.4.35.v20201120/jetty-util-9.4.35.v20201120.jar:/home/user/.m2/repository/com/fasterxml/jackson/core/jackson-databind/2.12.1/jackson-databind-2.12.1.jar:/home/user/.m2/repository/org/apache/hadoop/hadoop-kms/3.2.2/hadoop-kms-3.2.2-tests.jar:/home/user/.m2/repository/org/apache/hadoop/hadoop-hdds-server-scm/1.1.0-SNAPSHOT/hadoop-hdds-server-scm-1.1.0-SNAPSHOT-tests.jar:/home/user/.m2/repository/org/apache/hadoop/hadoop-hdds-container-service/1.1.0-SNAPSHOT/hadoop-hdds-container-service-1.1.0-SNAPSHOT-tests.jar:/home/user/.m2/repository/commons-codec/commons-codec/1.11/commons-codec-1.11.jar:/home/user/.m2/repository/org/apache/hadoop/hadoop-hdds-hadoop-dependency-test/1.1.0-SNAPSHOT/hadoop-hdds-hadoop-dependency-test-1.1.0-SNAPSHOT.jar:/home/user/.m2/repository/org/apache/hadoop/hadoop-common/3.2.2/hadoop-common-3.2.2-tests.jar:/home/user/.m2/repository/org/apache/hadoop/hadoop-hdfs/3.2.2/hadoop-hdfs-3.2.2-tests.jar:/home/user/.m2/repository/org/eclipse/jetty/jetty-util-ajax/9.4.35.v20201120/jetty-util-ajax-9.4.35.v20201120.jar:/home/user/.m2/repository/commons-daemon/commons-daemon/1.0.13/commons-daemon-1.0.13.jar:/home/user/.m2/repository/io/netty/netty/3.10.6.Final/netty-3.10.6.Final.jar:/home/user/.m2/repository/io/netty/netty-all/4.1.51.Final/netty-all-4.1.51.Final.jar:/home/user/.m2/repository/org/apache/htrace/htrace-core4/4.1.0-incubating/htrace-core4-4.1.0-incubating.jar:/home/user/.m2/repository/org/apache/hadoop/hadoop-distcp/3.2.2/hadoop-distcp-3.2.2.jar:/home/user/.m2/repository/org/apache/hadoop/hadoop-mapreduce-client-jobclient/3.2.2/hadoop-mapreduce-client-jobclient-3.2.2.jar:/home/user/.m2/repository/org/apache/hadoop/hadoop-mapreduce-client-common/3.2.2/hadoop-mapreduce-client-common-3.2.2.jar:/home/user/.m2/repository/org/apache/hadoop/hadoop-yarn-common/3.2.2/hadoop-yarn-common-3.2.2.jar:/home/user/.m2/repository/org/apache/hadoop/hadoop-yarn-api/3.2.2/hadoop-yarn-api-3.2.2.jar:/home/user/.m2/repository/com/sun/jersey/jersey-client/1.19/jersey-client-1.19.jar:/home/user/.m2/repository/com/sun/jersey/contribs/jersey-guice/1.19/jersey-guice-1.19.jar:/home/user/.m2/repository/com/fasterxml/jackson/jaxrs/jackson-jaxrs-json-provider/2.12.1/jackson-jaxrs-json-provider-2.12.1.jar:/home/user/.m2/repository/com/fasterxml/jackson/jaxrs/jackson-jaxrs-base/2.12.1/jackson-jaxrs-base-2.12.1.jar:/home/user/.m2/repository/org/apache/hadoop/hadoop-yarn-client/3.2.2/hadoop-yarn-client-3.2.2.jar:/home/user/.m2/repository/org/apache/hadoop/hadoop-mapreduce-client-core/3.2.2/hadoop-mapreduce-client-core-3.2.2.jar:/home/user/.m2/repository/org/apache/avro/avro/1.7.7/avro-1.7.7.jar:/home/user/.m2/repository/org/codehaus/jackson/jackson-core-asl/1.9.13/jackson-core-asl-1.9.13.jar:/home/user/.m2/repository/org/codehaus/jackson/jackson-mapper-asl/1.9.13/jackson-mapper-asl-1.9.13.jar:/home/user/.m2/repository/com/thoughtworks/paranamer/paranamer/2.3/paranamer-2.3.jar:/home/user/.m2/repository/org/xerial/snappy/snappy-java/1.0.5/snappy-java-1.0.5.jar:/home/user/.m2/repository/org/apache/hadoop/hadoop-annotations/3.2.2/hadoop-annotations-3.2.2.jar:/usr/lib/jvm/java-1.8.0-openjdk-1.8.0.232.b09-0.el7_7.x86_64/jre/../lib/tools.jar:/home/user/.m2/repository/org/apache/hadoop/hadoop-distcp/3.2.2/hadoop-distcp-3.2.2-tests.jar:"/>
    <property name="sun.cpu.endian" value="little"/>
    <property name="user.home" value="/home/user"/>
    <property name="user.language" value="en"/>
    <property name="java.specification.vendor" value="Oracle Corporation"/>
    <property name="java.home" value="/usr/lib/jvm/java-1.8.0-openjdk-1.8.0.232.b09-0.el7_7.x86_64/jre"/>
    <property name="java.security.krb5.conf" value="/github/workspace/mnt/ozone/hadoop-ozone/integration-test/target/test-classes/krb5.conf"/>
    <property name="basedir" value="/github/workspace/mnt/ozone/hadoop-ozone/integration-test"/>
    <property name="file.separator" value="/"/>
    <property name="line.separator" value="&#10;"/>
    <property name="java.vm.specification.vendor" value="Oracle Corporation"/>
    <property name="java.specification.name" value="Java Platform API Specification"/>
    <property name="java.awt.graphicsenv" value="sun.awt.X11GraphicsEnvironment"/>
    <property name="skip.installnpx" value="true"/>
    <property name="surefire.real.class.path" value="/github/workspace/mnt/ozone/hadoop-ozone/integration-test/target/surefire/surefirebooter1333831455977756658.jar:/home/user/.m2/repository/org/jacoco/org.jacoco.agent/0.8.5/org.jacoco.agent-0.8.5-runtime.jar"/>
    <property name="hadoop.log.dir" value="/github/workspace/mnt/ozone/hadoop-ozone/integration-test/target/log"/>
    <property name="sun.boot.class.path" value="/usr/lib/jvm/java-1.8.0-openjdk-1.8.0.232.b09-0.el7_7.x86_64/jre/lib/resources.jar:/usr/lib/jvm/java-1.8.0-openjdk-1.8.0.232.b09-0.el7_7.x86_64/jre/lib/rt.jar:/usr/lib/jvm/java-1.8.0-openjdk-1.8.0.232.b09-0.el7_7.x86_64/jre/lib/sunrsasign.jar:/usr/lib/jvm/java-1.8.0-openjdk-1.8.0.232.b09-0.el7_7.x86_64/jre/lib/jsse.jar:/usr/lib/jvm/java-1.8.0-openjdk-1.8.0.232.b09-0.el7_7.x86_64/jre/lib/jce.jar:/usr/lib/jvm/java-1.8.0-openjdk-1.8.0.232.b09-0.el7_7.x86_64/jre/lib/charsets.jar:/usr/lib/jvm/java-1.8.0-openjdk-1.8.0.232.b09-0.el7_7.x86_64/jre/lib/jfr.jar:/usr/lib/jvm/java-1.8.0-openjdk-1.8.0.232.b09-0.el7_7.x86_64/jre/classes"/>
    <property name="sun.management.compiler" value="HotSpot 64-Bit Tiered Compilers"/>
    <property name="skip.npx" value="true"/>
    <property name="java.runtime.version" value="1.8.0_232-b09"/>
    <property name="java.net.preferIPv4Stack" value="true"/>
    <property name="user.name" value="jenkins1001"/>
    <property name="path.separator" value=":"/>
    <property name="java.security.egd" value="file:///dev/urandom"/>
    <property name="os.version" value="5.4.0-1043-azure"/>
    <property name="java.endorsed.dirs" value="/usr/lib/jvm/java-1.8.0-openjdk-1.8.0.232.b09-0.el7_7.x86_64/jre/lib/endorsed"/>
    <property name="java.runtime.name" value="OpenJDK Runtime Environment"/>
    <property name="file.encoding" value="ANSI_X3.4-1968"/>
    <property name="java.vm.name" value="OpenJDK 64-Bit Server VM"/>
    <property name="test.build.webapps" value=""/>
    <property name="localRepository" value="/home/user/.m2/repository"/>
    <property name="java.vendor.url.bug" value="http://bugreport.sun.com/bugreport/"/>
    <property name="java.io.tmpdir" value="/tmp"/>
    <property name="require.test.libhadoop" value=""/>
    <property name="java.version" value="1.8.0_232"/>
    <property name="user.dir" value="/github/workspace/mnt/ozone/hadoop-ozone/integration-test"/>
    <property name="os.arch" value="amd64"/>
    <property name="java.vm.specification.name" value="Java Virtual Machine Specification"/>
    <property name="test.build.classes" value="/github/workspace/mnt/ozone/hadoop-ozone/integration-test/target/test-classes"/>
    <property name="java.awt.printerjob" value="sun.print.PSPrinterJob"/>
    <property name="sun.os.patch.level" value="unknown"/>
    <property name="hadoop.tmp.dir" value="/github/workspace/mnt/ozone/hadoop-ozone/integration-test/target/tmp"/>
    <property name="java.library.path" value="/usr/lib:/usr/java/packages/lib/amd64:/usr/lib64:/lib64:/lib:/usr/lib"/>
    <property name="java.vm.info" value="mixed mode"/>
    <property name="java.vendor" value="Oracle Corporation"/>
    <property name="java.vm.version" value="25.232-b09"/>
    <property name="java.ext.dirs" value="/usr/lib/jvm/java-1.8.0-openjdk-1.8.0.232.b09-0.el7_7.x86_64/jre/lib/ext:/usr/java/packages/lib/ext"/>
    <property name="sun.io.unicode.encoding" value="UnicodeLittle"/>
    <property name="java.class.version" value="52.0"/>
  </properties>
  <testcase name="testPutKeyWithEncryption" classname="org.apache.hadoop.ozone.client.rpc.TestOzoneAtRestEncryption" time="1.502"/>
  <testcase name="testMPUwithOnePart" classname="org.apache.hadoop.ozone.client.rpc.TestOzoneAtRestEncryption" time="1.204"/>
  <testcase name="testMPUwithTwoParts" classname="org.apache.hadoop.ozone.client.rpc.TestOzoneAtRestEncryption" time="0.678">
    <failure type="java.lang.AssertionError">java.lang.AssertionError
	at org.junit.Assert.fail(Assert.java:87)
	at org.junit.Assert.assertTrue(Assert.java:42)
	at org.junit.Assert.assertTrue(Assert.java:53)
	at org.apache.hadoop.ozone.client.rpc.TestOzoneAtRestEncryption.testMultipartUploadWithEncryption(TestOzoneAtRestEncryption.java:425)
	at org.apache.hadoop.ozone.client.rpc.TestOzoneAtRestEncryption.testMPUwithTwoParts(TestOzoneAtRestEncryption.java:360)
	at sun.reflect.NativeMethodAccessorImpl.invoke0(Native Method)
	at sun.reflect.NativeMethodAccessorImpl.invoke(NativeMethodAccessorImpl.java:62)
	at sun.reflect.DelegatingMethodAccessorImpl.invoke(DelegatingMethodAccessorImpl.java:43)
	at java.lang.reflect.Method.invoke(Method.java:498)
	at org.junit.runners.model.FrameworkMethod$1.runReflectiveCall(FrameworkMethod.java:59)
	at org.junit.internal.runners.model.ReflectiveCallable.run(ReflectiveCallable.java:12)
	at org.junit.runners.model.FrameworkMethod.invokeExplosively(FrameworkMethod.java:56)
	at org.junit.internal.runners.statements.InvokeMethod.evaluate(InvokeMethod.java:17)
	at org.junit.runners.ParentRunner$3.evaluate(ParentRunner.java:306)
	at org.junit.runners.BlockJUnit4ClassRunner$1.evaluate(BlockJUnit4ClassRunner.java:100)
	at org.junit.runners.ParentRunner.runLeaf(ParentRunner.java:366)
	at org.junit.runners.BlockJUnit4ClassRunner.runChild(BlockJUnit4ClassRunner.java:103)
	at org.junit.runners.BlockJUnit4ClassRunner.runChild(BlockJUnit4ClassRunner.java:63)
	at org.junit.runners.ParentRunner$4.run(ParentRunner.java:331)
	at org.junit.runners.ParentRunner$1.schedule(ParentRunner.java:79)
	at org.junit.runners.ParentRunner.runChildren(ParentRunner.java:329)
	at org.junit.runners.ParentRunner.access$100(ParentRunner.java:66)
	at org.junit.runners.ParentRunner$2.evaluate(ParentRunner.java:293)
	at org.junit.internal.runners.statements.RunBefores.evaluate(RunBefores.java:26)
	at org.junit.internal.runners.statements.RunAfters.evaluate(RunAfters.java:27)
	at org.junit.runners.ParentRunner$3.evaluate(ParentRunner.java:306)
	at org.junit.runners.ParentRunner.run(ParentRunner.java:413)
	at org.junit.runner.JUnitCore.run(JUnitCore.java:137)
	at org.junit.runner.JUnitCore.run(JUnitCore.java:115)
	at org.junit.vintage.engine.execution.RunnerExecutor.execute(RunnerExecutor.java:43)
	at java.util.stream.ForEachOps$ForEachOp$OfRef.accept(ForEachOps.java:183)
	at java.util.stream.ReferencePipeline$3$1.accept(ReferencePipeline.java:193)
	at java.util.Iterator.forEachRemaining(Iterator.java:116)
	at java.util.Spliterators$IteratorSpliterator.forEachRemaining(Spliterators.java:1801)
	at java.util.stream.AbstractPipeline.copyInto(AbstractPipeline.java:482)
	at java.util.stream.AbstractPipeline.wrapAndCopyInto(AbstractPipeline.java:472)
	at java.util.stream.ForEachOps$ForEachOp.evaluateSequential(ForEachOps.java:150)
	at java.util.stream.ForEachOps$ForEachOp$OfRef.evaluateSequential(ForEachOps.java:173)
	at java.util.stream.AbstractPipeline.evaluate(AbstractPipeline.java:234)
	at java.util.stream.ReferencePipeline.forEach(ReferencePipeline.java:485)
	at org.junit.vintage.engine.VintageTestEngine.executeAllChildren(VintageTestEngine.java:82)
	at org.junit.vintage.engine.VintageTestEngine.execute(VintageTestEngine.java:73)
	at org.junit.platform.launcher.core.EngineExecutionOrchestrator.execute(EngineExecutionOrchestrator.java:108)
	at org.junit.platform.launcher.core.EngineExecutionOrchestrator.execute(EngineExecutionOrchestrator.java:88)
	at org.junit.platform.launcher.core.EngineExecutionOrchestrator.lambda$execute$0(EngineExecutionOrchestrator.java:54)
	at org.junit.platform.launcher.core.EngineExecutionOrchestrator.withInterceptedStreams(EngineExecutionOrchestrator.java:67)
	at org.junit.platform.launcher.core.EngineExecutionOrchestrator.execute(EngineExecutionOrchestrator.java:52)
	at org.junit.platform.launcher.core.DefaultLauncher.execute(DefaultLauncher.java:96)
	at org.junit.platform.launcher.core.DefaultLauncher.execute(DefaultLauncher.java:75)
	at org.apache.maven.surefire.junitplatform.JUnitPlatformProvider.invokeAllTests(JUnitPlatformProvider.java:142)
	at org.apache.maven.surefire.junitplatform.JUnitPlatformProvider.invoke(JUnitPlatformProvider.java:113)
	at org.apache.maven.surefire.booter.ForkedBooter.invokeProviderInSameClassLoader(ForkedBooter.java:384)
	at org.apache.maven.surefire.booter.ForkedBooter.runSuitesInProcess(ForkedBooter.java:345)
	at org.apache.maven.surefire.booter.ForkedBooter.execute(ForkedBooter.java:126)
	at org.apache.maven.surefire.booter.ForkedBooter.main(ForkedBooter.java:418)
</failure>
    <system-out><![CDATA[2021-04-20 01:23:48,309 [Listener at 127.0.0.1/37395] INFO  rpc.RpcClient (RpcClient.java:createVolume(319)) - Creating Volume: 5ecbd11a-e994-4fcd-b784-a477935a32c0, with jenkins1001 as owner and space quota set to -1 bytes, counts quota set to -1
2021-04-20 01:23:48,312 [OM StateMachine ApplyTransaction Thread - 0] INFO  volume.OMVolumeCreateRequest (OMVolumeCreateRequest.java:validateAndUpdateCache(195)) - created volume:5ecbd11a-e994-4fcd-b784-a477935a32c0 for user:jenkins1001
2021-04-20 01:23:48,314 [Listener at 127.0.0.1/37395] INFO  rpc.RpcClient (RpcClient.java:createBucket(478)) - Creating Bucket: 5ecbd11a-e994-4fcd-b784-a477935a32c0/3f945b93-e70d-4bc7-8339-1509b2c4bdee, with Versioning false and Storage Type set to DISK and Encryption set to true 
2021-04-20 01:23:48,317 [qtp358420513-19] INFO  kms-audit (SimpleKMSAuditLogger.java:logAuditSimpleFormat(93)) - OK[op=GET_METADATA, key=key1, user=jenkins1001] 
2021-04-20 01:23:48,322 [grpc-default-executor-3] INFO  server.RaftServer$Division (RaftServerImpl.java:requestVote(1025)) - 40ff4890-eee1-40af-b358-04d4389c25cb@group-ED8B206AE1C5: receive requestVote(ELECTION, 33f6f6f6-a6fc-4638-9512-d510a157a995, group-ED8B206AE1C5, 2, (t:0, i:0))
2021-04-20 01:23:48,337 [grpc-default-executor-3] INFO  impl.VoteContext (VoteContext.java:log(48)) - 40ff4890-eee1-40af-b358-04d4389c25cb@group-ED8B206AE1C5-FOLLOWER: accept ELECTION from 33f6f6f6-a6fc-4638-9512-d510a157a995: our priority 0 <= candidate's priority 1
2021-04-20 01:23:48,337 [grpc-default-executor-3] INFO  server.RaftServer$Division (RaftServerImpl.java:setRole(284)) - 40ff4890-eee1-40af-b358-04d4389c25cb@group-ED8B206AE1C5: changes role from  FOLLOWER to FOLLOWER at term 2 for candidate:33f6f6f6-a6fc-4638-9512-d510a157a995
2021-04-20 01:23:48,337 [grpc-default-executor-3] INFO  impl.RoleInfo (RoleInfo.java:shutdownFollowerState(108)) - 40ff4890-eee1-40af-b358-04d4389c25cb: shutdown 40ff4890-eee1-40af-b358-04d4389c25cb@group-ED8B206AE1C5-FollowerState
2021-04-20 01:23:48,337 [grpc-default-executor-3] INFO  impl.RoleInfo (RoleInfo.java:updateAndGet(130)) - 40ff4890-eee1-40af-b358-04d4389c25cb: start 40ff4890-eee1-40af-b358-04d4389c25cb@group-ED8B206AE1C5-FollowerState
2021-04-20 01:23:48,337 [40ff4890-eee1-40af-b358-04d4389c25cb@group-ED8B206AE1C5-FollowerState] INFO  impl.FollowerState (FollowerState.java:run(143)) - 40ff4890-eee1-40af-b358-04d4389c25cb@group-ED8B206AE1C5-FollowerState was interrupted: {}
java.lang.InterruptedException: sleep interrupted
	at java.lang.Thread.sleep(Native Method)
	at java.lang.Thread.sleep(Thread.java:340)
	at java.util.concurrent.TimeUnit.sleep(TimeUnit.java:386)
	at org.apache.ratis.util.TimeDuration.sleep(TimeDuration.java:324)
	at org.apache.ratis.util.TimeDuration.sleep(TimeDuration.java:309)
	at org.apache.ratis.server.impl.FollowerState.run(FollowerState.java:118)
2021-04-20 01:23:48,340 [grpc-default-executor-3] INFO  server.RaftServer$Division (RaftServerImpl.java:requestVote(1057)) - 40ff4890-eee1-40af-b358-04d4389c25cb@group-ED8B206AE1C5 replies to ELECTION vote request: 33f6f6f6-a6fc-4638-9512-d510a157a995<-40ff4890-eee1-40af-b358-04d4389c25cb#0:OK-t2. Peer's state: 40ff4890-eee1-40af-b358-04d4389c25cb@group-ED8B206AE1C5:t2, leader=null, voted=33f6f6f6-a6fc-4638-9512-d510a157a995, raftlog=40ff4890-eee1-40af-b358-04d4389c25cb@group-ED8B206AE1C5-SegmentedRaftLog:OPENED:c-1,f-1,i0, conf=-1: [40ff4890-eee1-40af-b358-04d4389c25cb|rpc:172.17.0.2:34845|priority:0, b09e32cd-4aa2-414e-a9fc-78aa66990725|rpc:172.17.0.2:42849|priority:0, 33f6f6f6-a6fc-4638-9512-d510a157a995|rpc:172.17.0.2:33531|priority:1], old=null
2021-04-20 01:23:48,340 [grpc-default-executor-1] INFO  server.RaftServer$Division (RaftServerImpl.java:requestVote(1025)) - b09e32cd-4aa2-414e-a9fc-78aa66990725@group-ED8B206AE1C5: receive requestVote(ELECTION, 33f6f6f6-a6fc-4638-9512-d510a157a995, group-ED8B206AE1C5, 2, (t:0, i:0))
2021-04-20 01:23:48,340 [grpc-default-executor-1] INFO  impl.VoteContext (VoteContext.java:log(48)) - b09e32cd-4aa2-414e-a9fc-78aa66990725@group-ED8B206AE1C5-FOLLOWER: accept ELECTION from 33f6f6f6-a6fc-4638-9512-d510a157a995: our priority 0 <= candidate's priority 1
2021-04-20 01:23:48,340 [grpc-default-executor-1] INFO  server.RaftServer$Division (RaftServerImpl.java:setRole(284)) - b09e32cd-4aa2-414e-a9fc-78aa66990725@group-ED8B206AE1C5: changes role from  FOLLOWER to FOLLOWER at term 2 for candidate:33f6f6f6-a6fc-4638-9512-d510a157a995
2021-04-20 01:23:48,340 [grpc-default-executor-1] INFO  impl.RoleInfo (RoleInfo.java:shutdownFollowerState(108)) - b09e32cd-4aa2-414e-a9fc-78aa66990725: shutdown b09e32cd-4aa2-414e-a9fc-78aa66990725@group-ED8B206AE1C5-FollowerState
2021-04-20 01:23:48,340 [grpc-default-executor-1] INFO  impl.RoleInfo (RoleInfo.java:updateAndGet(130)) - b09e32cd-4aa2-414e-a9fc-78aa66990725: start b09e32cd-4aa2-414e-a9fc-78aa66990725@group-ED8B206AE1C5-FollowerState
2021-04-20 01:23:48,341 [b09e32cd-4aa2-414e-a9fc-78aa66990725@group-ED8B206AE1C5-FollowerState] INFO  impl.FollowerState (FollowerState.java:run(143)) - b09e32cd-4aa2-414e-a9fc-78aa66990725@group-ED8B206AE1C5-FollowerState was interrupted: {}
java.lang.InterruptedException: sleep interrupted
	at java.lang.Thread.sleep(Native Method)
	at java.lang.Thread.sleep(Thread.java:340)
	at java.util.concurrent.TimeUnit.sleep(TimeUnit.java:386)
	at org.apache.ratis.util.TimeDuration.sleep(TimeDuration.java:324)
	at org.apache.ratis.util.TimeDuration.sleep(TimeDuration.java:309)
	at org.apache.ratis.server.impl.FollowerState.run(FollowerState.java:118)
2021-04-20 01:23:48,342 [33f6f6f6-a6fc-4638-9512-d510a157a995@group-ED8B206AE1C5-LeaderElection21] INFO  impl.LeaderElection (LeaderElection.java:logAndReturn(89)) - 33f6f6f6-a6fc-4638-9512-d510a157a995@group-ED8B206AE1C5-LeaderElection21: ELECTION PASSED received 1 response(s) and 0 exception(s):
2021-04-20 01:23:48,342 [33f6f6f6-a6fc-4638-9512-d510a157a995@group-ED8B206AE1C5-LeaderElection21] INFO  impl.LeaderElection (LeaderElection.java:logAndReturn(93)) -   Response 0: 33f6f6f6-a6fc-4638-9512-d510a157a995<-40ff4890-eee1-40af-b358-04d4389c25cb#0:OK-t2
2021-04-20 01:23:48,342 [33f6f6f6-a6fc-4638-9512-d510a157a995@group-ED8B206AE1C5-LeaderElection21] INFO  impl.LeaderElection (LeaderElection.java:askForVotes(308)) - 33f6f6f6-a6fc-4638-9512-d510a157a995@group-ED8B206AE1C5-LeaderElection21 ELECTION round 0: result PASSED
2021-04-20 01:23:48,342 [33f6f6f6-a6fc-4638-9512-d510a157a995@group-ED8B206AE1C5-LeaderElection21] INFO  impl.RoleInfo (RoleInfo.java:shutdownLeaderElection(121)) - 33f6f6f6-a6fc-4638-9512-d510a157a995: shutdown 33f6f6f6-a6fc-4638-9512-d510a157a995@group-ED8B206AE1C5-LeaderElection21
2021-04-20 01:23:48,342 [33f6f6f6-a6fc-4638-9512-d510a157a995@group-ED8B206AE1C5-LeaderElection21] INFO  server.RaftServer$Division (RaftServerImpl.java:setRole(284)) - 33f6f6f6-a6fc-4638-9512-d510a157a995@group-ED8B206AE1C5: changes role from CANDIDATE to LEADER at term 2 for changeToLeader
2021-04-20 01:23:48,342 [33f6f6f6-a6fc-4638-9512-d510a157a995@group-ED8B206AE1C5-LeaderElection21] INFO  ratis.XceiverServerRatis (XceiverServerRatis.java:handleLeaderChangedNotification(906)) - Leader change notification received for group: group-ED8B206AE1C5 with new leaderId: 33f6f6f6-a6fc-4638-9512-d510a157a995
2021-04-20 01:23:48,343 [33f6f6f6-a6fc-4638-9512-d510a157a995@group-ED8B206AE1C5-LeaderElection21] INFO  server.RaftServer$Division (ServerState.java:setLeader(271)) - 33f6f6f6-a6fc-4638-9512-d510a157a995@group-ED8B206AE1C5: change Leader from null to 33f6f6f6-a6fc-4638-9512-d510a157a995 at term 2 for becomeLeader, leader elected after 9762ms
2021-04-20 01:23:48,343 [33f6f6f6-a6fc-4638-9512-d510a157a995@group-ED8B206AE1C5-LeaderElection21] INFO  server.RaftServerConfigKeys (ConfUtils.java:logGet(44)) - raft.server.staging.catchup.gap = 1000 (default)
2021-04-20 01:23:48,343 [33f6f6f6-a6fc-4638-9512-d510a157a995@group-ED8B206AE1C5-LeaderElection21] INFO  metrics.RatisMetrics (RatisMetrics.java:lambda$create$0(36)) - Creating Metrics Registry : ratis.log_appender.33f6f6f6-a6fc-4638-9512-d510a157a995@group-ED8B206AE1C5
2021-04-20 01:23:48,343 [33f6f6f6-a6fc-4638-9512-d510a157a995@group-ED8B206AE1C5-LeaderElection21] INFO  server.RaftServerConfigKeys (ConfUtils.java:logGet(44)) - raft.server.write.element-limit = 1024 (custom)
2021-04-20 01:23:48,343 [33f6f6f6-a6fc-4638-9512-d510a157a995@group-ED8B206AE1C5-LeaderElection21] INFO  server.RaftServerConfigKeys (ConfUtils.java:logGet(44)) - raft.server.write.byte-limit = 1073741824 (custom)
2021-04-20 01:23:48,344 [33f6f6f6-a6fc-4638-9512-d510a157a995@group-ED8B206AE1C5-LeaderElection21] INFO  server.RaftServerConfigKeys (ConfUtils.java:logGet(44)) - raft.server.watch.timeout = 180s (custom)
2021-04-20 01:23:48,344 [33f6f6f6-a6fc-4638-9512-d510a157a995@group-ED8B206AE1C5-LeaderElection21] INFO  server.RaftServerConfigKeys (ConfUtils.java:logGet(44)) - raft.server.watch.timeout.denomination = 1s (default)
2021-04-20 01:23:48,344 [33f6f6f6-a6fc-4638-9512-d510a157a995@group-ED8B206AE1C5-LeaderElection21] INFO  server.RaftServerConfigKeys (ConfUtils.java:logGet(44)) - raft.server.watch.element-limit = 65536 (default)
2021-04-20 01:23:48,344 [33f6f6f6-a6fc-4638-9512-d510a157a995@group-ED8B206AE1C5-LeaderElection21] INFO  server.RaftServerConfigKeys (ConfUtils.java:logGet(44)) - raft.server.log.appender.snapshot.chunk.size.max = 16MB (=16777216) (default)
2021-04-20 01:23:48,344 [33f6f6f6-a6fc-4638-9512-d510a157a995@group-ED8B206AE1C5-LeaderElection21] INFO  server.RaftServerConfigKeys (ConfUtils.java:logGet(44)) - raft.server.log.appender.buffer.byte-limit = 33554432 (custom)
2021-04-20 01:23:48,344 [33f6f6f6-a6fc-4638-9512-d510a157a995@group-ED8B206AE1C5-LeaderElection21] INFO  server.RaftServerConfigKeys (ConfUtils.java:logGet(44)) - raft.server.log.appender.buffer.element-limit = 1 (custom)
2021-04-20 01:23:48,352 [EventQueue-PipelineReportForPipelineReportHandler] INFO  pipeline.PipelineManagerV2Impl (PipelineManagerV2Impl.java:openPipeline(263)) - Pipeline Pipeline[ Id: d1c86301-85a1-404a-836d-ed8b206ae1c5, Nodes: 33f6f6f6-a6fc-4638-9512-d510a157a995{ip: 172.17.0.2, host: 2410c87943dc, ports: [REPLICATION=41911, RATIS=33531, RATIS_ADMIN=33531, RATIS_SERVER=33531, STANDALONE=36609], networkLocation: /default-rack, certSerialId: null, persistedOpState: IN_SERVICE, persistedOpStateExpiryEpochSec: 0}b09e32cd-4aa2-414e-a9fc-78aa66990725{ip: 172.17.0.2, host: 2410c87943dc, ports: [REPLICATION=34039, RATIS=42849, RATIS_ADMIN=42849, RATIS_SERVER=42849, STANDALONE=38817], networkLocation: /default-rack, certSerialId: null, persistedOpState: IN_SERVICE, persistedOpStateExpiryEpochSec: 0}40ff4890-eee1-40af-b358-04d4389c25cb{ip: 172.17.0.2, host: 2410c87943dc, ports: [REPLICATION=44373, RATIS=34845, RATIS_ADMIN=34845, RATIS_SERVER=34845, STANDALONE=45823], networkLocation: /default-rack, certSerialId: null, persistedOpState: IN_SERVICE, persistedOpStateExpiryEpochSec: 0}, Type:RATIS, Factor:THREE, State:ALLOCATED, leaderId:33f6f6f6-a6fc-4638-9512-d510a157a995, CreationTimestamp2021-04-20T01:23:35.501Z] moved to OPEN state
2021-04-20 01:23:48,352 [grpc-default-executor-1] INFO  server.RaftServer$Division (RaftServerImpl.java:requestVote(1057)) - b09e32cd-4aa2-414e-a9fc-78aa66990725@group-ED8B206AE1C5 replies to ELECTION vote request: 33f6f6f6-a6fc-4638-9512-d510a157a995<-b09e32cd-4aa2-414e-a9fc-78aa66990725#0:OK-t2. Peer's state: b09e32cd-4aa2-414e-a9fc-78aa66990725@group-ED8B206AE1C5:t2, leader=null, voted=33f6f6f6-a6fc-4638-9512-d510a157a995, raftlog=b09e32cd-4aa2-414e-a9fc-78aa66990725@group-ED8B206AE1C5-SegmentedRaftLog:OPENED:c-1,f-1,i0, conf=-1: [40ff4890-eee1-40af-b358-04d4389c25cb|rpc:172.17.0.2:34845|priority:0, b09e32cd-4aa2-414e-a9fc-78aa66990725|rpc:172.17.0.2:42849|priority:0, 33f6f6f6-a6fc-4638-9512-d510a157a995|rpc:172.17.0.2:33531|priority:1], old=null
2021-04-20 01:23:48,353 [33f6f6f6-a6fc-4638-9512-d510a157a995@group-ED8B206AE1C5-LeaderElection21] INFO  grpc.GrpcConfigKeys (ConfUtils.java:logGet(44)) - raft.grpc.server.leader.outstanding.appends.max = 128 (default)
2021-04-20 01:23:48,373 [33f6f6f6-a6fc-4638-9512-d510a157a995@group-ED8B206AE1C5-LeaderElection21] INFO  server.RaftServerConfigKeys (ConfUtils.java:logGet(44)) - raft.server.rpc.request.timeout = 60s (custom)
2021-04-20 01:23:48,373 [33f6f6f6-a6fc-4638-9512-d510a157a995@group-ED8B206AE1C5-LeaderElection21] INFO  server.RaftServerConfigKeys (ConfUtils.java:logGet(44)) - raft.server.log.appender.install.snapshot.enabled = false (custom)
2021-04-20 01:23:48,373 [33f6f6f6-a6fc-4638-9512-d510a157a995@group-ED8B206AE1C5-LeaderElection21] INFO  metrics.RatisMetrics (RatisMetrics.java:lambda$create$0(36)) - Creating Metrics Registry : ratis_grpc.log_appender.33f6f6f6-a6fc-4638-9512-d510a157a995@group-ED8B206AE1C5
2021-04-20 01:23:48,374 [33f6f6f6-a6fc-4638-9512-d510a157a995@group-ED8B206AE1C5-LeaderElection21] INFO  server.RaftServerConfigKeys (ConfUtils.java:logGet(44)) - raft.server.log.appender.snapshot.chunk.size.max = 16MB (=16777216) (default)
2021-04-20 01:23:48,374 [33f6f6f6-a6fc-4638-9512-d510a157a995@group-ED8B206AE1C5-LeaderElection21] INFO  server.RaftServerConfigKeys (ConfUtils.java:logGet(44)) - raft.server.log.appender.buffer.byte-limit = 33554432 (custom)
2021-04-20 01:23:48,374 [33f6f6f6-a6fc-4638-9512-d510a157a995@group-ED8B206AE1C5-LeaderElection21] INFO  server.RaftServerConfigKeys (ConfUtils.java:logGet(44)) - raft.server.log.appender.buffer.element-limit = 1 (custom)
2021-04-20 01:23:48,375 [33f6f6f6-a6fc-4638-9512-d510a157a995@group-ED8B206AE1C5-LeaderElection21] INFO  grpc.GrpcConfigKeys (ConfUtils.java:logGet(44)) - raft.grpc.server.leader.outstanding.appends.max = 128 (default)
2021-04-20 01:23:48,375 [33f6f6f6-a6fc-4638-9512-d510a157a995@group-ED8B206AE1C5-LeaderElection21] INFO  server.RaftServerConfigKeys (ConfUtils.java:logGet(44)) - raft.server.rpc.request.timeout = 60s (custom)
2021-04-20 01:23:48,375 [33f6f6f6-a6fc-4638-9512-d510a157a995@group-ED8B206AE1C5-LeaderElection21] INFO  server.RaftServerConfigKeys (ConfUtils.java:logGet(44)) - raft.server.log.appender.install.snapshot.enabled = false (custom)
2021-04-20 01:23:48,375 [33f6f6f6-a6fc-4638-9512-d510a157a995@group-ED8B206AE1C5-LeaderElection21] INFO  impl.RoleInfo (RoleInfo.java:updateAndGet(130)) - 33f6f6f6-a6fc-4638-9512-d510a157a995: start 33f6f6f6-a6fc-4638-9512-d510a157a995@group-ED8B206AE1C5-LeaderStateImpl
2021-04-20 01:23:48,376 [33f6f6f6-a6fc-4638-9512-d510a157a995@group-ED8B206AE1C5-LeaderElection21] INFO  segmented.SegmentedRaftLogWorker (SegmentedRaftLogWorker.java:startLogSegment(394)) - 33f6f6f6-a6fc-4638-9512-d510a157a995@group-ED8B206AE1C5-SegmentedRaftLogWorker: Starting segment from index:0
2021-04-20 01:23:48,377 [33f6f6f6-a6fc-4638-9512-d510a157a995@group-ED8B206AE1C5-SegmentedRaftLogWorker] INFO  segmented.SegmentedRaftLogWorker (SegmentedRaftLogWorker.java:execute(601)) - 33f6f6f6-a6fc-4638-9512-d510a157a995@group-ED8B206AE1C5-SegmentedRaftLogWorker: created new log segment /github/workspace/mnt/ozone/hadoop-ozone/integration-test/target/test-dir/MiniOzoneClusterImpl-b3f5ae4a-c9d7-450a-adb1-011294be3115/datanode-2/data/ratis/d1c86301-85a1-404a-836d-ed8b206ae1c5/current/log_inprogress_0
2021-04-20 01:23:48,385 [33f6f6f6-a6fc-4638-9512-d510a157a995@group-ED8B206AE1C5-LeaderElection21] INFO  server.RaftServer$Division (ServerState.java:setRaftConf(373)) - 33f6f6f6-a6fc-4638-9512-d510a157a995@group-ED8B206AE1C5: set configuration 0: [40ff4890-eee1-40af-b358-04d4389c25cb|rpc:172.17.0.2:34845|dataStream:|priority:0, b09e32cd-4aa2-414e-a9fc-78aa66990725|rpc:172.17.0.2:42849|dataStream:|priority:0, 33f6f6f6-a6fc-4638-9512-d510a157a995|rpc:172.17.0.2:33531|dataStream:|priority:1], old=null
2021-04-20 01:23:48,390 [grpc-default-executor-1] INFO  ratis.XceiverServerRatis (XceiverServerRatis.java:handleLeaderChangedNotification(906)) - Leader change notification received for group: group-ED8B206AE1C5 with new leaderId: 33f6f6f6-a6fc-4638-9512-d510a157a995
2021-04-20 01:23:48,390 [grpc-default-executor-1] INFO  server.RaftServer$Division (ServerState.java:setLeader(271)) - 40ff4890-eee1-40af-b358-04d4389c25cb@group-ED8B206AE1C5: change Leader from null to 33f6f6f6-a6fc-4638-9512-d510a157a995 at term 2 for appendEntries, leader elected after 10034ms
2021-04-20 01:23:48,395 [grpc-default-executor-0] INFO  ratis.XceiverServerRatis (XceiverServerRatis.java:handleLeaderChangedNotification(906)) - Leader change notification received for group: group-ED8B206AE1C5 with new leaderId: 33f6f6f6-a6fc-4638-9512-d510a157a995
2021-04-20 01:23:48,395 [grpc-default-executor-0] INFO  server.RaftServer$Division (ServerState.java:setLeader(271)) - b09e32cd-4aa2-414e-a9fc-78aa66990725@group-ED8B206AE1C5: change Leader from null to 33f6f6f6-a6fc-4638-9512-d510a157a995 at term 2 for appendEntries, leader elected after 10373ms
2021-04-20 01:23:48,403 [grpc-default-executor-1] INFO  server.RaftServer$Division (ServerState.java:setRaftConf(373)) - 40ff4890-eee1-40af-b358-04d4389c25cb@group-ED8B206AE1C5: set configuration 0: [40ff4890-eee1-40af-b358-04d4389c25cb|rpc:172.17.0.2:34845|dataStream:|priority:0, b09e32cd-4aa2-414e-a9fc-78aa66990725|rpc:172.17.0.2:42849|dataStream:|priority:0, 33f6f6f6-a6fc-4638-9512-d510a157a995|rpc:172.17.0.2:33531|dataStream:|priority:1], old=null
2021-04-20 01:23:48,403 [grpc-default-executor-1] INFO  segmented.SegmentedRaftLogWorker (SegmentedRaftLogWorker.java:startLogSegment(394)) - 40ff4890-eee1-40af-b358-04d4389c25cb@group-ED8B206AE1C5-SegmentedRaftLogWorker: Starting segment from index:0
2021-04-20 01:23:48,405 [grpc-default-executor-3] INFO  server.RaftServer$Division (ServerState.java:setRaftConf(373)) - b09e32cd-4aa2-414e-a9fc-78aa66990725@group-ED8B206AE1C5: set configuration 0: [40ff4890-eee1-40af-b358-04d4389c25cb|rpc:172.17.0.2:34845|dataStream:|priority:0, b09e32cd-4aa2-414e-a9fc-78aa66990725|rpc:172.17.0.2:42849|dataStream:|priority:0, 33f6f6f6-a6fc-4638-9512-d510a157a995|rpc:172.17.0.2:33531|dataStream:|priority:1], old=null
2021-04-20 01:23:48,405 [grpc-default-executor-3] INFO  segmented.SegmentedRaftLogWorker (SegmentedRaftLogWorker.java:startLogSegment(394)) - b09e32cd-4aa2-414e-a9fc-78aa66990725@group-ED8B206AE1C5-SegmentedRaftLogWorker: Starting segment from index:0
2021-04-20 01:23:48,407 [40ff4890-eee1-40af-b358-04d4389c25cb@group-ED8B206AE1C5-SegmentedRaftLogWorker] INFO  segmented.SegmentedRaftLogWorker (SegmentedRaftLogWorker.java:execute(601)) - 40ff4890-eee1-40af-b358-04d4389c25cb@group-ED8B206AE1C5-SegmentedRaftLogWorker: created new log segment /github/workspace/mnt/ozone/hadoop-ozone/integration-test/target/test-dir/MiniOzoneClusterImpl-b3f5ae4a-c9d7-450a-adb1-011294be3115/datanode-1/data/ratis/d1c86301-85a1-404a-836d-ed8b206ae1c5/current/log_inprogress_0
2021-04-20 01:23:48,408 [b09e32cd-4aa2-414e-a9fc-78aa66990725@group-ED8B206AE1C5-SegmentedRaftLogWorker] INFO  segmented.SegmentedRaftLogWorker (SegmentedRaftLogWorker.java:execute(601)) - b09e32cd-4aa2-414e-a9fc-78aa66990725@group-ED8B206AE1C5-SegmentedRaftLogWorker: created new log segment /github/workspace/mnt/ozone/hadoop-ozone/integration-test/target/test-dir/MiniOzoneClusterImpl-b3f5ae4a-c9d7-450a-adb1-011294be3115/datanode-0/data/ratis/d1c86301-85a1-404a-836d-ed8b206ae1c5/current/log_inprogress_0
2021-04-20 01:23:48,769 [33f6f6f6-a6fc-4638-9512-d510a157a995@group-00709B2DD988-FollowerState] INFO  impl.FollowerState (FollowerState.java:run(134)) - 33f6f6f6-a6fc-4638-9512-d510a157a995@group-00709B2DD988-FollowerState: change to CANDIDATE, lastRpcElapsedTime:5017747019ns, electionTimeout:5016ms
2021-04-20 01:23:48,770 [33f6f6f6-a6fc-4638-9512-d510a157a995@group-00709B2DD988-FollowerState] INFO  impl.RoleInfo (RoleInfo.java:shutdownFollowerState(108)) - 33f6f6f6-a6fc-4638-9512-d510a157a995: shutdown 33f6f6f6-a6fc-4638-9512-d510a157a995@group-00709B2DD988-FollowerState
2021-04-20 01:23:48,770 [33f6f6f6-a6fc-4638-9512-d510a157a995@group-00709B2DD988-FollowerState] INFO  server.RaftServer$Division (RaftServerImpl.java:setRole(284)) - 33f6f6f6-a6fc-4638-9512-d510a157a995@group-00709B2DD988: changes role from  FOLLOWER to CANDIDATE at term 1 for changeToCandidate
2021-04-20 01:23:48,770 [33f6f6f6-a6fc-4638-9512-d510a157a995@group-00709B2DD988-FollowerState] INFO  server.RaftServerConfigKeys (ConfUtils.java:logGet(44)) - raft.server.leaderelection.pre-vote = false (custom)
2021-04-20 01:23:48,770 [33f6f6f6-a6fc-4638-9512-d510a157a995@group-00709B2DD988-FollowerState] INFO  impl.RoleInfo (RoleInfo.java:updateAndGet(130)) - 33f6f6f6-a6fc-4638-9512-d510a157a995: start 33f6f6f6-a6fc-4638-9512-d510a157a995@group-00709B2DD988-LeaderElection22
2021-04-20 01:23:48,786 [33f6f6f6-a6fc-4638-9512-d510a157a995@group-00709B2DD988-LeaderElection22] INFO  impl.LeaderElection (LeaderElection.java:askForVotes(306)) - 33f6f6f6-a6fc-4638-9512-d510a157a995@group-00709B2DD988-LeaderElection22 ELECTION round 0: submit vote requests at term 2 for -1: [40ff4890-eee1-40af-b358-04d4389c25cb|rpc:172.17.0.2:34845|priority:0, b09e32cd-4aa2-414e-a9fc-78aa66990725|rpc:172.17.0.2:42849|priority:1, 33f6f6f6-a6fc-4638-9512-d510a157a995|rpc:172.17.0.2:33531|priority:0], old=null
2021-04-20 01:23:48,790 [grpc-default-executor-1] INFO  server.RaftServer$Division (RaftServerImpl.java:requestVote(1025)) - 40ff4890-eee1-40af-b358-04d4389c25cb@group-00709B2DD988: receive requestVote(ELECTION, 33f6f6f6-a6fc-4638-9512-d510a157a995, group-00709B2DD988, 2, (t:0, i:0))
2021-04-20 01:23:48,796 [grpc-default-executor-1] INFO  impl.VoteContext (VoteContext.java:log(48)) - 40ff4890-eee1-40af-b358-04d4389c25cb@group-00709B2DD988-FOLLOWER: accept ELECTION from 33f6f6f6-a6fc-4638-9512-d510a157a995: our priority 0 <= candidate's priority 0
2021-04-20 01:23:48,797 [grpc-default-executor-1] INFO  server.RaftServer$Division (RaftServerImpl.java:setRole(284)) - 40ff4890-eee1-40af-b358-04d4389c25cb@group-00709B2DD988: changes role from  FOLLOWER to FOLLOWER at term 2 for candidate:33f6f6f6-a6fc-4638-9512-d510a157a995
2021-04-20 01:23:48,797 [grpc-default-executor-1] INFO  impl.RoleInfo (RoleInfo.java:shutdownFollowerState(108)) - 40ff4890-eee1-40af-b358-04d4389c25cb: shutdown 40ff4890-eee1-40af-b358-04d4389c25cb@group-00709B2DD988-FollowerState
2021-04-20 01:23:48,797 [grpc-default-executor-1] INFO  impl.RoleInfo (RoleInfo.java:updateAndGet(130)) - 40ff4890-eee1-40af-b358-04d4389c25cb: start 40ff4890-eee1-40af-b358-04d4389c25cb@group-00709B2DD988-FollowerState
2021-04-20 01:23:48,797 [40ff4890-eee1-40af-b358-04d4389c25cb@group-00709B2DD988-FollowerState] INFO  impl.FollowerState (FollowerState.java:run(143)) - 40ff4890-eee1-40af-b358-04d4389c25cb@group-00709B2DD988-FollowerState was interrupted: {}
java.lang.InterruptedException: sleep interrupted
	at java.lang.Thread.sleep(Native Method)
	at java.lang.Thread.sleep(Thread.java:340)
	at java.util.concurrent.TimeUnit.sleep(TimeUnit.java:386)
	at org.apache.ratis.util.TimeDuration.sleep(TimeDuration.java:324)
	at org.apache.ratis.util.TimeDuration.sleep(TimeDuration.java:309)
	at org.apache.ratis.server.impl.FollowerState.run(FollowerState.java:118)
2021-04-20 01:23:48,797 [grpc-default-executor-0] INFO  server.RaftServer$Division (RaftServerImpl.java:requestVote(1025)) - b09e32cd-4aa2-414e-a9fc-78aa66990725@group-00709B2DD988: receive requestVote(ELECTION, 33f6f6f6-a6fc-4638-9512-d510a157a995, group-00709B2DD988, 2, (t:0, i:0))
2021-04-20 01:23:48,797 [grpc-default-executor-0] INFO  impl.VoteContext (VoteContext.java:log(48)) - b09e32cd-4aa2-414e-a9fc-78aa66990725@group-00709B2DD988-FOLLOWER: reject ELECTION from 33f6f6f6-a6fc-4638-9512-d510a157a995: our priority 1 > candidate's priority 0
2021-04-20 01:23:48,797 [grpc-default-executor-0] INFO  server.RaftServer$Division (RaftServerImpl.java:setRole(284)) - b09e32cd-4aa2-414e-a9fc-78aa66990725@group-00709B2DD988: changes role from  FOLLOWER to FOLLOWER at term 2 for candidate:33f6f6f6-a6fc-4638-9512-d510a157a995
2021-04-20 01:23:48,798 [grpc-default-executor-0] INFO  impl.RoleInfo (RoleInfo.java:shutdownFollowerState(108)) - b09e32cd-4aa2-414e-a9fc-78aa66990725: shutdown b09e32cd-4aa2-414e-a9fc-78aa66990725@group-00709B2DD988-FollowerState
2021-04-20 01:23:48,799 [grpc-default-executor-0] INFO  impl.RoleInfo (RoleInfo.java:updateAndGet(130)) - b09e32cd-4aa2-414e-a9fc-78aa66990725: start b09e32cd-4aa2-414e-a9fc-78aa66990725@group-00709B2DD988-FollowerState
2021-04-20 01:23:48,799 [b09e32cd-4aa2-414e-a9fc-78aa66990725@group-00709B2DD988-FollowerState] INFO  impl.FollowerState (FollowerState.java:run(143)) - b09e32cd-4aa2-414e-a9fc-78aa66990725@group-00709B2DD988-FollowerState was interrupted: {}
java.lang.InterruptedException: sleep interrupted
	at java.lang.Thread.sleep(Native Method)
	at java.lang.Thread.sleep(Thread.java:340)
	at java.util.concurrent.TimeUnit.sleep(TimeUnit.java:386)
	at org.apache.ratis.util.TimeDuration.sleep(TimeDuration.java:324)
	at org.apache.ratis.util.TimeDuration.sleep(TimeDuration.java:309)
	at org.apache.ratis.server.impl.FollowerState.run(FollowerState.java:118)
2021-04-20 01:23:48,800 [grpc-default-executor-1] INFO  server.RaftServer$Division (RaftServerImpl.java:requestVote(1057)) - 40ff4890-eee1-40af-b358-04d4389c25cb@group-00709B2DD988 replies to ELECTION vote request: 33f6f6f6-a6fc-4638-9512-d510a157a995<-40ff4890-eee1-40af-b358-04d4389c25cb#0:OK-t2. Peer's state: 40ff4890-eee1-40af-b358-04d4389c25cb@group-00709B2DD988:t2, leader=null, voted=33f6f6f6-a6fc-4638-9512-d510a157a995, raftlog=40ff4890-eee1-40af-b358-04d4389c25cb@group-00709B2DD988-SegmentedRaftLog:OPENED:c-1,f-1,i0, conf=-1: [40ff4890-eee1-40af-b358-04d4389c25cb|rpc:172.17.0.2:34845|priority:0, b09e32cd-4aa2-414e-a9fc-78aa66990725|rpc:172.17.0.2:42849|priority:1, 33f6f6f6-a6fc-4638-9512-d510a157a995|rpc:172.17.0.2:33531|priority:0], old=null
2021-04-20 01:23:48,808 [grpc-default-executor-0] INFO  server.RaftServer$Division (RaftServerImpl.java:requestVote(1057)) - b09e32cd-4aa2-414e-a9fc-78aa66990725@group-00709B2DD988 replies to ELECTION vote request: 33f6f6f6-a6fc-4638-9512-d510a157a995<-b09e32cd-4aa2-414e-a9fc-78aa66990725#0:FAIL-t2. Peer's state: b09e32cd-4aa2-414e-a9fc-78aa66990725@group-00709B2DD988:t2, leader=null, voted=null, raftlog=b09e32cd-4aa2-414e-a9fc-78aa66990725@group-00709B2DD988-SegmentedRaftLog:OPENED:c-1,f-1,i0, conf=-1: [40ff4890-eee1-40af-b358-04d4389c25cb|rpc:172.17.0.2:34845|dataStream:|priority:0, b09e32cd-4aa2-414e-a9fc-78aa66990725|rpc:172.17.0.2:42849|dataStream:|priority:1, 33f6f6f6-a6fc-4638-9512-d510a157a995|rpc:172.17.0.2:33531|dataStream:|priority:0], old=null
2021-04-20 01:23:48,809 [33f6f6f6-a6fc-4638-9512-d510a157a995@group-00709B2DD988-LeaderElection22] INFO  impl.LeaderElection (LeaderElection.java:logAndReturn(89)) - 33f6f6f6-a6fc-4638-9512-d510a157a995@group-00709B2DD988-LeaderElection22: ELECTION REJECTED received 2 response(s) and 0 exception(s):
2021-04-20 01:23:48,809 [33f6f6f6-a6fc-4638-9512-d510a157a995@group-00709B2DD988-LeaderElection22] INFO  impl.LeaderElection (LeaderElection.java:logAndReturn(93)) -   Response 0: 33f6f6f6-a6fc-4638-9512-d510a157a995<-40ff4890-eee1-40af-b358-04d4389c25cb#0:OK-t2
2021-04-20 01:23:48,809 [33f6f6f6-a6fc-4638-9512-d510a157a995@group-00709B2DD988-LeaderElection22] INFO  impl.LeaderElection (LeaderElection.java:logAndReturn(93)) -   Response 1: 33f6f6f6-a6fc-4638-9512-d510a157a995<-b09e32cd-4aa2-414e-a9fc-78aa66990725#0:FAIL-t2
2021-04-20 01:23:48,809 [33f6f6f6-a6fc-4638-9512-d510a157a995@group-00709B2DD988-LeaderElection22] INFO  impl.LeaderElection (LeaderElection.java:askForVotes(308)) - 33f6f6f6-a6fc-4638-9512-d510a157a995@group-00709B2DD988-LeaderElection22 ELECTION round 0: result REJECTED
2021-04-20 01:23:48,809 [33f6f6f6-a6fc-4638-9512-d510a157a995@group-00709B2DD988-LeaderElection22] INFO  server.RaftServer$Division (RaftServerImpl.java:setRole(284)) - 33f6f6f6-a6fc-4638-9512-d510a157a995@group-00709B2DD988: changes role from CANDIDATE to FOLLOWER at term 2 for REJECTED
2021-04-20 01:23:48,809 [33f6f6f6-a6fc-4638-9512-d510a157a995@group-00709B2DD988-LeaderElection22] INFO  impl.RoleInfo (RoleInfo.java:shutdownLeaderElection(121)) - 33f6f6f6-a6fc-4638-9512-d510a157a995: shutdown 33f6f6f6-a6fc-4638-9512-d510a157a995@group-00709B2DD988-LeaderElection22
2021-04-20 01:23:48,809 [33f6f6f6-a6fc-4638-9512-d510a157a995@group-00709B2DD988-LeaderElection22] INFO  impl.RoleInfo (RoleInfo.java:updateAndGet(130)) - 33f6f6f6-a6fc-4638-9512-d510a157a995: start 33f6f6f6-a6fc-4638-9512-d510a157a995@group-00709B2DD988-FollowerState
]]></system-out>
  </testcase>
  <testcase name="testGetKeyProvider" classname="org.apache.hadoop.ozone.client.rpc.TestOzoneAtRestEncryption" time="0.19"/>
  <testcase name="testKeyWithEncryptionAndGdpr" classname="org.apache.hadoop.ozone.client.rpc.TestOzoneAtRestEncryption" time="0.607"/>
</testsuite>