<?xml version="1.0" encoding="UTF-8"?>
<testsuite xmlns:xsi="http://www.w3.org/2001/XMLSchema-instance" xsi:noNamespaceSchemaLocation="https://maven.apache.org/surefire/maven-surefire-plugin/xsd/surefire-test-report.xsd" name="org.apache.hadoop.ozone.client.rpc.TestOzoneClientRetriesOnException" time="92.106" tests="2" errors="0" skipped="0" failures="1">
  <properties>
    <property name="awt.toolkit" value="sun.awt.X11.XToolkit"/>
    <property name="file.encoding.pkg" value="sun.io"/>
    <property name="java.specification.version" value="1.8"/>
    <property name="sun.cpu.isalist" value=""/>
    <property name="sun.jnu.encoding" value="ANSI_X3.4-1968"/>
    <property name="java.class.path" value="/github/workspace/mnt/ozone/hadoop-ozone/integration-test/target/test-classes:/github/workspace/mnt/ozone/hadoop-ozone/integration-test/target/classes:/home/user/.m2/repository/org/apache/hadoop/hadoop-ozone-common/1.1.0-SNAPSHOT/hadoop-ozone-common-1.1.0-SNAPSHOT.jar:/home/user/.m2/repository/org/apache/commons/commons-compress/1.4.1/commons-compress-1.4.1.jar:/home/user/.m2/repository/org/tukaani/xz/1.0/xz-1.0.jar:/home/user/.m2/repository/org/apache/hadoop/hadoop-hdds-common/1.1.0-SNAPSHOT/hadoop-hdds-common-1.1.0-SNAPSHOT.jar:/home/user/.m2/repository/org/apache/hadoop/hadoop-hdds-hadoop-dependency-client/1.1.0-SNAPSHOT/hadoop-hdds-hadoop-dependency-client-1.1.0-SNAPSHOT.jar:/home/user/.m2/repository/info/picocli/picocli/4.4.0/picocli-4.4.0.jar:/home/user/.m2/repository/com/fasterxml/jackson/core/jackson-annotations/2.10.3/jackson-annotations-2.10.3.jar:/home/user/.m2/repository/javax/annotation/javax.annotation-api/1.2/javax.annotation-api-1.2.jar:/home/user/.m2/repository/org/apache/ratis/ratis-server/1.1.0-11689cd-SNAPSHOT/ratis-server-1.1.0-11689cd-SNAPSHOT.jar:/home/user/.m2/repository/org/apache/ratis/ratis-client/1.1.0-11689cd-SNAPSHOT/ratis-client-1.1.0-11689cd-SNAPSHOT.jar:/home/user/.m2/repository/org/apache/ratis/ratis-metrics/1.1.0-11689cd-SNAPSHOT/ratis-metrics-1.1.0-11689cd-SNAPSHOT.jar:/home/user/.m2/repository/org/apache/ratis/ratis-netty/1.1.0-11689cd-SNAPSHOT/ratis-netty-1.1.0-11689cd-SNAPSHOT.jar:/home/user/.m2/repository/org/apache/ratis/ratis-grpc/1.1.0-11689cd-SNAPSHOT/ratis-grpc-1.1.0-11689cd-SNAPSHOT.jar:/home/user/.m2/repository/org/apache/logging/log4j/log4j-api/2.13.3/log4j-api-2.13.3.jar:/home/user/.m2/repository/org/apache/logging/log4j/log4j-core/2.13.3/log4j-core-2.13.3.jar:/home/user/.m2/repository/com/lmax/disruptor/3.4.2/disruptor-3.4.2.jar:/home/user/.m2/repository/org/apache/commons/commons-pool2/2.6.0/commons-pool2-2.6.0.jar:/home/user/.m2/repository/org/bouncycastle/bcpkix-jdk15on/1.60/bcpkix-jdk15on-1.60.jar:/home/user/.m2/repository/commons-validator/commons-validator/1.6/commons-validator-1.6.jar:/home/user/.m2/repository/commons-digester/commons-digester/1.8.1/commons-digester-1.8.1.jar:/home/user/.m2/repository/io/jaegertracing/jaeger-client/1.2.0/jaeger-client-1.2.0.jar:/home/user/.m2/repository/io/jaegertracing/jaeger-thrift/1.2.0/jaeger-thrift-1.2.0.jar:/home/user/.m2/repository/org/apache/thrift/libthrift/0.13.0/libthrift-0.13.0.jar:/home/user/.m2/repository/com/squareup/okhttp3/okhttp/4.2.2/okhttp-4.2.2.jar:/home/user/.m2/repository/com/squareup/okio/okio/2.2.2/okio-2.2.2.jar:/home/user/.m2/repository/org/jetbrains/kotlin/kotlin-stdlib/1.3.50/kotlin-stdlib-1.3.50.jar:/home/user/.m2/repository/org/jetbrains/kotlin/kotlin-stdlib-common/1.3.50/kotlin-stdlib-common-1.3.50.jar:/home/user/.m2/repository/org/jetbrains/annotations/13.0/annotations-13.0.jar:/home/user/.m2/repository/io/jaegertracing/jaeger-core/1.2.0/jaeger-core-1.2.0.jar:/home/user/.m2/repository/io/jaegertracing/jaeger-tracerresolver/1.2.0/jaeger-tracerresolver-1.2.0.jar:/home/user/.m2/repository/io/opentracing/contrib/opentracing-tracerresolver/0.1.8/opentracing-tracerresolver-0.1.8.jar:/home/user/.m2/repository/io/opentracing/opentracing-util/0.33.0/opentracing-util-0.33.0.jar:/home/user/.m2/repository/io/opentracing/opentracing-api/0.33.0/opentracing-api-0.33.0.jar:/home/user/.m2/repository/io/opentracing/opentracing-noop/0.33.0/opentracing-noop-0.33.0.jar:/home/user/.m2/repository/org/apache/hadoop/hadoop-hdds-client/1.1.0-SNAPSHOT/hadoop-hdds-client-1.1.0-SNAPSHOT.jar:/home/user/.m2/repository/org/apache/hadoop/hadoop-ozone-interface-client/1.1.0-SNAPSHOT/hadoop-ozone-interface-client-1.1.0-SNAPSHOT.jar:/home/user/.m2/repository/org/apache/hadoop/hadoop-hdds-test-utils/1.1.0-SNAPSHOT/hadoop-hdds-test-utils-1.1.0-SNAPSHOT.jar:/home/user/.m2/repository/com/google/guava/guava/28.2-jre/guava-28.2-jre.jar:/home/user/.m2/repository/com/google/guava/failureaccess/1.0.1/failureaccess-1.0.1.jar:/home/user/.m2/repository/com/google/guava/listenablefuture/9999.0-empty-to-avoid-conflict-with-guava/listenablefuture-9999.0-empty-to-avoid-conflict-with-guava.jar:/home/user/.m2/repository/com/google/code/findbugs/jsr305/3.0.0/jsr305-3.0.0.jar:/home/user/.m2/repository/org/checkerframework/checker-qual/2.10.0/checker-qual-2.10.0.jar:/home/user/.m2/repository/com/google/errorprone/error_prone_annotations/2.2.0/error_prone_annotations-2.2.0.jar:/home/user/.m2/repository/com/google/j2objc/j2objc-annotations/1.3/j2objc-annotations-1.3.jar:/home/user/.m2/repository/commons-io/commons-io/2.5/commons-io-2.5.jar:/home/user/.m2/repository/commons-logging/commons-logging/1.2/commons-logging-1.2.jar:/home/user/.m2/repository/log4j/log4j/1.2.17/log4j-1.2.17.jar:/home/user/.m2/repository/org/slf4j/slf4j-api/1.7.25/slf4j-api-1.7.25.jar:/home/user/.m2/repository/org/apache/hadoop/hadoop-hdds-server-scm/1.1.0-SNAPSHOT/hadoop-hdds-server-scm-1.1.0-SNAPSHOT.jar:/home/user/.m2/repository/org/apache/hadoop/hadoop-hdds-container-service/1.1.0-SNAPSHOT/hadoop-hdds-container-service-1.1.0-SNAPSHOT.jar:/home/user/.m2/repository/org/apache/hadoop/hadoop-hdds-hadoop-dependency-server/1.1.0-SNAPSHOT/hadoop-hdds-hadoop-dependency-server-1.1.0-SNAPSHOT.jar:/home/user/.m2/repository/org/apache/hadoop/hadoop-hdds-server-framework/1.1.0-SNAPSHOT/hadoop-hdds-server-framework-1.1.0-SNAPSHOT.jar:/home/user/.m2/repository/org/apache/hadoop/hadoop-hdds-interface-server/1.1.0-SNAPSHOT/hadoop-hdds-interface-server-1.1.0-SNAPSHOT.jar:/home/user/.m2/repository/org/apache/hadoop/hadoop-hdds-interface-admin/1.1.0-SNAPSHOT/hadoop-hdds-interface-admin-1.1.0-SNAPSHOT.jar:/home/user/.m2/repository/org/rocksdb/rocksdbjni/6.8.1/rocksdbjni-6.8.1.jar:/home/user/.m2/repository/io/prometheus/simpleclient_dropwizard/0.7.0/simpleclient_dropwizard-0.7.0.jar:/home/user/.m2/repository/io/prometheus/simpleclient/0.7.0/simpleclient-0.7.0.jar:/home/user/.m2/repository/io/prometheus/simpleclient_common/0.7.0/simpleclient_common-0.7.0.jar:/home/user/.m2/repository/com/fasterxml/jackson/datatype/jackson-datatype-jsr310/2.10.3/jackson-datatype-jsr310-2.10.3.jar:/home/user/.m2/repository/io/dropwizard/metrics/metrics-core/3.2.4/metrics-core-3.2.4.jar:/home/user/.m2/repository/org/apache/hadoop/hadoop-hdfs-client/3.2.1/hadoop-hdfs-client-3.2.1.jar:/home/user/.m2/repository/org/bouncycastle/bcprov-jdk15on/1.60/bcprov-jdk15on-1.60.jar:/home/user/.m2/repository/org/apache/hadoop/hadoop-ozone-ozone-manager/1.1.0-SNAPSHOT/hadoop-ozone-ozone-manager-1.1.0-SNAPSHOT.jar:/home/user/.m2/repository/org/apache/hadoop/hadoop-hdds-interface-client/1.1.0-SNAPSHOT/hadoop-hdds-interface-client-1.1.0-SNAPSHOT.jar:/home/user/.m2/repository/org/apache/ratis/ratis-thirdparty-misc/0.6.0-SNAPSHOT/ratis-thirdparty-misc-0.6.0-SNAPSHOT.jar:/home/user/.m2/repository/org/apache/hadoop/hadoop-ozone-interface-storage/1.1.0-SNAPSHOT/hadoop-ozone-interface-storage-1.1.0-SNAPSHOT.jar:/home/user/.m2/repository/org/apache/hadoop/hadoop-minikdc/3.2.1/hadoop-minikdc-3.2.1.jar:/home/user/.m2/repository/org/apache/kerby/kerb-simplekdc/1.0.1/kerb-simplekdc-1.0.1.jar:/home/user/.m2/repository/org/apache/kerby/kerb-client/1.0.1/kerb-client-1.0.1.jar:/home/user/.m2/repository/org/apache/kerby/kerby-config/1.0.1/kerby-config-1.0.1.jar:/home/user/.m2/repository/org/apache/kerby/kerb-core/1.0.1/kerb-core-1.0.1.jar:/home/user/.m2/repository/org/apache/kerby/kerby-pkix/1.0.1/kerby-pkix-1.0.1.jar:/home/user/.m2/repository/org/apache/kerby/kerby-asn1/1.0.1/kerby-asn1-1.0.1.jar:/home/user/.m2/repository/org/apache/kerby/kerby-util/1.0.1/kerby-util-1.0.1.jar:/home/user/.m2/repository/org/apache/kerby/kerb-common/1.0.1/kerb-common-1.0.1.jar:/home/user/.m2/repository/org/apache/kerby/kerb-crypto/1.0.1/kerb-crypto-1.0.1.jar:/home/user/.m2/repository/org/apache/kerby/kerb-util/1.0.1/kerb-util-1.0.1.jar:/home/user/.m2/repository/org/apache/kerby/token-provider/1.0.1/token-provider-1.0.1.jar:/home/user/.m2/repository/org/apache/kerby/kerb-admin/1.0.1/kerb-admin-1.0.1.jar:/home/user/.m2/repository/org/apache/kerby/kerb-server/1.0.1/kerb-server-1.0.1.jar:/home/user/.m2/repository/org/apache/kerby/kerb-identity/1.0.1/kerb-identity-1.0.1.jar:/home/user/.m2/repository/org/apache/kerby/kerby-xdr/1.0.1/kerby-xdr-1.0.1.jar:/home/user/.m2/repository/org/slf4j/slf4j-log4j12/1.7.25/slf4j-log4j12-1.7.25.jar:/home/user/.m2/repository/org/apache/hadoop/hadoop-ozone-s3gateway/1.1.0-SNAPSHOT/hadoop-ozone-s3gateway-1.1.0-SNAPSHOT.jar:/home/user/.m2/repository/org/jboss/weld/servlet/weld-servlet/2.4.7.Final/weld-servlet-2.4.7.Final.jar:/home/user/.m2/repository/org/glassfish/jersey/containers/jersey-container-servlet-core/2.27/jersey-container-servlet-core-2.27.jar:/home/user/.m2/repository/org/glassfish/hk2/external/javax.inject/2.5.0-b42/javax.inject-2.5.0-b42.jar:/home/user/.m2/repository/org/glassfish/jersey/core/jersey-common/2.27/jersey-common-2.27.jar:/home/user/.m2/repository/org/glassfish/hk2/osgi-resource-locator/1.0.1/osgi-resource-locator-1.0.1.jar:/home/user/.m2/repository/javax/ws/rs/javax.ws.rs-api/2.1/javax.ws.rs-api-2.1.jar:/home/user/.m2/repository/org/glassfish/jersey/ext/cdi/jersey-cdi1x/2.27/jersey-cdi1x-2.27.jar:/home/user/.m2/repository/org/glassfish/jersey/inject/jersey-hk2/2.27/jersey-hk2-2.27.jar:/home/user/.m2/repository/org/glassfish/hk2/hk2-locator/2.5.0-b42/hk2-locator-2.5.0-b42.jar:/home/user/.m2/repository/org/javassist/javassist/3.22.0-CR2/javassist-3.22.0-CR2.jar:/home/user/.m2/repository/org/glassfish/hk2/hk2-api/2.5.0/hk2-api-2.5.0.jar:/home/user/.m2/repository/org/glassfish/hk2/external/jakarta.inject/2.5.0/jakarta.inject-2.5.0.jar:/home/user/.m2/repository/org/glassfish/hk2/hk2-utils/2.5.0/hk2-utils-2.5.0.jar:/home/user/.m2/repository/jakarta/annotation/jakarta.annotation-api/1.3.4/jakarta.annotation-api-1.3.4.jar:/home/user/.m2/repository/org/glassfish/hk2/external/aopalliance-repackaged/2.5.0/aopalliance-repackaged-2.5.0.jar:/home/user/.m2/repository/com/fasterxml/jackson/dataformat/jackson-dataformat-xml/2.10.3/jackson-dataformat-xml-2.10.3.jar:/home/user/.m2/repository/com/fasterxml/jackson/core/jackson-core/2.10.3/jackson-core-2.10.3.jar:/home/user/.m2/repository/com/fasterxml/jackson/module/jackson-module-jaxb-annotations/2.10.3/jackson-module-jaxb-annotations-2.10.3.jar:/home/user/.m2/repository/jakarta/xml/bind/jakarta.xml.bind-api/2.3.2/jakarta.xml.bind-api-2.3.2.jar:/home/user/.m2/repository/jakarta/activation/jakarta.activation-api/1.2.1/jakarta.activation-api-1.2.1.jar:/home/user/.m2/repository/org/codehaus/woodstox/stax2-api/3.1.4/stax2-api-3.1.4.jar:/home/user/.m2/repository/com/fasterxml/woodstox/woodstox-core/5.0.3/woodstox-core-5.0.3.jar:/home/user/.m2/repository/javax/enterprise/cdi-api/1.2/cdi-api-1.2.jar:/home/user/.m2/repository/javax/el/javax.el-api/3.0.0/javax.el-api-3.0.0.jar:/home/user/.m2/repository/javax/interceptor/javax.interceptor-api/1.2/javax.interceptor-api-1.2.jar:/home/user/.m2/repository/javax/inject/javax.inject/1/javax.inject-1.jar:/home/user/.m2/repository/com/sun/xml/bind/jaxb-impl/2.3.0.1/jaxb-impl-2.3.0.1.jar:/home/user/.m2/repository/com/sun/xml/bind/jaxb-core/2.3.0.1/jaxb-core-2.3.0.1.jar:/home/user/.m2/repository/javax/xml/bind/jaxb-api/2.3.0/jaxb-api-2.3.0.jar:/home/user/.m2/repository/javax/activation/activation/1.1.1/activation-1.1.1.jar:/home/user/.m2/repository/org/apache/hadoop/hadoop-ozone-csi/1.1.0-SNAPSHOT/hadoop-ozone-csi-1.1.0-SNAPSHOT.jar:/home/user/.m2/repository/com/google/protobuf/protobuf-java-util/3.11.0/protobuf-java-util-3.11.0.jar:/home/user/.m2/repository/com/google/code/gson/gson/2.2.4/gson-2.2.4.jar:/home/user/.m2/repository/org/apache/hadoop/hadoop-hdds-config/1.1.0-SNAPSHOT/hadoop-hdds-config-1.1.0-SNAPSHOT.jar:/home/user/.m2/repository/com/google/protobuf/protobuf-java/2.5.0/protobuf-java-2.5.0.jar:/home/user/.m2/repository/io/grpc/grpc-netty/1.29.0/grpc-netty-1.29.0.jar:/home/user/.m2/repository/io/grpc/grpc-core/1.29.0/grpc-core-1.29.0.jar:/home/user/.m2/repository/com/google/android/annotations/4.1.1.4/annotations-4.1.1.4.jar:/home/user/.m2/repository/io/perfmark/perfmark-api/0.19.0/perfmark-api-0.19.0.jar:/home/user/.m2/repository/io/netty/netty-codec-http2/4.1.48.Final/netty-codec-http2-4.1.48.Final.jar:/home/user/.m2/repository/io/netty/netty-codec/4.1.48.Final/netty-codec-4.1.48.Final.jar:/home/user/.m2/repository/io/netty/netty-handler/4.1.48.Final/netty-handler-4.1.48.Final.jar:/home/user/.m2/repository/io/netty/netty-codec-http/4.1.48.Final/netty-codec-http-4.1.48.Final.jar:/home/user/.m2/repository/io/netty/netty-handler-proxy/4.1.48.Final/netty-handler-proxy-4.1.48.Final.jar:/home/user/.m2/repository/io/netty/netty-codec-socks/4.1.48.Final/netty-codec-socks-4.1.48.Final.jar:/home/user/.m2/repository/io/netty/netty-transport-native-epoll/4.1.48.Final/netty-transport-native-epoll-4.1.48.Final.jar:/home/user/.m2/repository/io/netty/netty-common/4.1.48.Final/netty-common-4.1.48.Final.jar:/home/user/.m2/repository/io/netty/netty-buffer/4.1.48.Final/netty-buffer-4.1.48.Final.jar:/home/user/.m2/repository/io/netty/netty-transport/4.1.48.Final/netty-transport-4.1.48.Final.jar:/home/user/.m2/repository/io/netty/netty-resolver/4.1.48.Final/netty-resolver-4.1.48.Final.jar:/home/user/.m2/repository/io/netty/netty-transport-native-unix-common/4.1.48.Final/netty-transport-native-unix-common-4.1.48.Final.jar:/home/user/.m2/repository/io/grpc/grpc-protobuf/1.29.0/grpc-protobuf-1.29.0.jar:/home/user/.m2/repository/io/grpc/grpc-api/1.29.0/grpc-api-1.29.0.jar:/home/user/.m2/repository/io/grpc/grpc-context/1.29.0/grpc-context-1.29.0.jar:/home/user/.m2/repository/org/codehaus/mojo/animal-sniffer-annotations/1.18/animal-sniffer-annotations-1.18.jar:/home/user/.m2/repository/com/google/api/grpc/proto-google-common-protos/1.17.0/proto-google-common-protos-1.17.0.jar:/home/user/.m2/repository/io/grpc/grpc-protobuf-lite/1.29.0/grpc-protobuf-lite-1.29.0.jar:/home/user/.m2/repository/io/grpc/grpc-stub/1.29.0/grpc-stub-1.29.0.jar:/home/user/.m2/repository/org/apache/hadoop/hadoop-ozone-recon/1.1.0-SNAPSHOT/hadoop-ozone-recon-1.1.0-SNAPSHOT.jar:/home/user/.m2/repository/org/apache/hadoop/hadoop-ozone-reconcodegen/1.1.0-SNAPSHOT/hadoop-ozone-reconcodegen-1.1.0-SNAPSHOT.jar:/home/user/.m2/repository/com/google/inject/extensions/guice-multibindings/4.0/guice-multibindings-4.0.jar:/home/user/.m2/repository/com/google/inject/guice/4.0/guice-4.0.jar:/home/user/.m2/repository/aopalliance/aopalliance/1.0/aopalliance-1.0.jar:/home/user/.m2/repository/com/google/inject/extensions/guice-assistedinject/4.0/guice-assistedinject-4.0.jar:/home/user/.m2/repository/com/google/inject/extensions/guice-servlet/4.0/guice-servlet-4.0.jar:/home/user/.m2/repository/org/glassfish/jersey/containers/jersey-container-servlet/2.27/jersey-container-servlet-2.27.jar:/home/user/.m2/repository/org/glassfish/hk2/guice-bridge/2.5.0/guice-bridge-2.5.0.jar:/home/user/.m2/repository/org/glassfish/jersey/core/jersey-server/2.27/jersey-server-2.27.jar:/home/user/.m2/repository/org/glassfish/jersey/core/jersey-client/2.27/jersey-client-2.27.jar:/home/user/.m2/repository/org/glassfish/jersey/media/jersey-media-jaxb/2.27/jersey-media-jaxb-2.27.jar:/home/user/.m2/repository/javax/validation/validation-api/1.1.0.Final/validation-api-1.1.0.Final.jar:/home/user/.m2/repository/org/glassfish/jersey/media/jersey-media-json-jackson/2.27/jersey-media-json-jackson-2.27.jar:/home/user/.m2/repository/org/glassfish/jersey/ext/jersey-entity-filtering/2.27/jersey-entity-filtering-2.27.jar:/home/user/.m2/repository/org/jooq/jooq/3.11.10/jooq-3.11.10.jar:/home/user/.m2/repository/org/jooq/jooq-meta/3.11.10/jooq-meta-3.11.10.jar:/home/user/.m2/repository/org/jooq/jooq-codegen/3.11.10/jooq-codegen-3.11.10.jar:/home/user/.m2/repository/com/jolbox/bonecp/0.8.0.RELEASE/bonecp-0.8.0.RELEASE.jar:/home/user/.m2/repository/org/apache/derby/derby/10.14.2.0/derby-10.14.2.0.jar:/home/user/.m2/repository/org/xerial/sqlite-jdbc/3.25.2/sqlite-jdbc-3.25.2.jar:/home/user/.m2/repository/org/springframework/spring-jdbc/5.2.5.RELEASE/spring-jdbc-5.2.5.RELEASE.jar:/home/user/.m2/repository/org/springframework/spring-beans/5.2.5.RELEASE/spring-beans-5.2.5.RELEASE.jar:/home/user/.m2/repository/org/springframework/spring-core/5.2.5.RELEASE/spring-core-5.2.5.RELEASE.jar:/home/user/.m2/repository/org/springframework/spring-jcl/5.2.5.RELEASE/spring-jcl-5.2.5.RELEASE.jar:/home/user/.m2/repository/org/springframework/spring-tx/5.2.5.RELEASE/spring-tx-5.2.5.RELEASE.jar:/home/user/.m2/repository/org/apache/hadoop/hadoop-ozone-client/1.1.0-SNAPSHOT/hadoop-ozone-client-1.1.0-SNAPSHOT.jar:/home/user/.m2/repository/org/apache/hadoop/hadoop-ozone-filesystem/1.1.0-SNAPSHOT/hadoop-ozone-filesystem-1.1.0-SNAPSHOT.jar:/home/user/.m2/repository/org/apache/hadoop/hadoop-ozone-filesystem-common/1.1.0-SNAPSHOT/hadoop-ozone-filesystem-common-1.1.0-SNAPSHOT.jar:/home/user/.m2/repository/org/apache/hadoop/hadoop-ozone-tools/1.1.0-SNAPSHOT/hadoop-ozone-tools-1.1.0-SNAPSHOT.jar:/home/user/.m2/repository/org/apache/hadoop/hadoop-hdfs/3.2.1/hadoop-hdfs-3.2.1.jar:/home/user/.m2/repository/org/apache/ratis/ratis-tools/1.1.0-11689cd-SNAPSHOT/ratis-tools-1.1.0-11689cd-SNAPSHOT.jar:/home/user/.m2/repository/org/apache/ratis/ratis-proto/1.1.0-11689cd-SNAPSHOT/ratis-proto-1.1.0-11689cd-SNAPSHOT.jar:/home/user/.m2/repository/org/apache/ratis/ratis-common/1.1.0-11689cd-SNAPSHOT/ratis-common-1.1.0-11689cd-SNAPSHOT.jar:/home/user/.m2/repository/com/amazonaws/aws-java-sdk-core/1.11.615/aws-java-sdk-core-1.11.615.jar:/home/user/.m2/repository/org/apache/httpcomponents/httpclient/4.5.2/httpclient-4.5.2.jar:/home/user/.m2/repository/org/apache/httpcomponents/httpcore/4.4.4/httpcore-4.4.4.jar:/home/user/.m2/repository/software/amazon/ion/ion-java/1.0.2/ion-java-1.0.2.jar:/home/user/.m2/repository/com/fasterxml/jackson/dataformat/jackson-dataformat-cbor/2.10.3/jackson-dataformat-cbor-2.10.3.jar:/home/user/.m2/repository/joda-time/joda-time/2.8.1/joda-time-2.8.1.jar:/home/user/.m2/repository/com/amazonaws/aws-java-sdk-s3/1.11.615/aws-java-sdk-s3-1.11.615.jar:/home/user/.m2/repository/com/amazonaws/aws-java-sdk-kms/1.11.615/aws-java-sdk-kms-1.11.615.jar:/home/user/.m2/repository/com/amazonaws/jmespath-java/1.11.615/jmespath-java-1.11.615.jar:/home/user/.m2/repository/org/kohsuke/metainf-services/metainf-services/1.8/metainf-services-1.8.jar:/home/user/.m2/repository/org/apache/hadoop/hadoop-hdds-tools/1.1.0-SNAPSHOT/hadoop-hdds-tools-1.1.0-SNAPSHOT.jar:/home/user/.m2/repository/commons-cli/commons-cli/1.2/commons-cli-1.2.jar:/home/user/.m2/repository/org/apache/commons/commons-lang3/3.7/commons-lang3-3.7.jar:/home/user/.m2/repository/org/apache/hadoop/hadoop-ozone-ozone-manager/1.1.0-SNAPSHOT/hadoop-ozone-ozone-manager-1.1.0-SNAPSHOT-tests.jar:/home/user/.m2/repository/junit/junit/4.11/junit-4.11.jar:/home/user/.m2/repository/org/hamcrest/hamcrest-core/1.3/hamcrest-core-1.3.jar:/home/user/.m2/repository/org/openjdk/jmh/jmh-core/1.19/jmh-core-1.19.jar:/home/user/.m2/repository/net/sf/jopt-simple/jopt-simple/4.6/jopt-simple-4.6.jar:/home/user/.m2/repository/org/apache/commons/commons-math3/3.1.1/commons-math3-3.1.1.jar:/home/user/.m2/repository/org/openjdk/jmh/jmh-generator-annprocess/1.19/jmh-generator-annprocess-1.19.jar:/home/user/.m2/repository/org/mockito/mockito-all/1.8.5/mockito-all-1.8.5.jar:/home/user/.m2/repository/org/apache/hadoop/hadoop-kms/3.2.1/hadoop-kms-3.2.1.jar:/home/user/.m2/repository/org/apache/hadoop/hadoop-auth/3.2.1/hadoop-auth-3.2.1.jar:/home/user/.m2/repository/com/nimbusds/nimbus-jose-jwt/7.9/nimbus-jose-jwt-7.9.jar:/home/user/.m2/repository/com/github/stephenc/jcip/jcip-annotations/1.0-1/jcip-annotations-1.0-1.jar:/home/user/.m2/repository/net/minidev/json-smart/2.3/json-smart-2.3.jar:/home/user/.m2/repository/net/minidev/accessors-smart/1.2/accessors-smart-1.2.jar:/home/user/.m2/repository/org/ow2/asm/asm/5.0.4/asm-5.0.4.jar:/home/user/.m2/repository/org/apache/zookeeper/zookeeper/3.4.13/zookeeper-3.4.13.jar:/home/user/.m2/repository/org/apache/yetus/audience-annotations/0.5.0/audience-annotations-0.5.0.jar:/home/user/.m2/repository/org/apache/curator/curator-framework/2.13.0/curator-framework-2.13.0.jar:/home/user/.m2/repository/com/sun/jersey/jersey-core/1.19/jersey-core-1.19.jar:/home/user/.m2/repository/javax/ws/rs/jsr311-api/1.1.1/jsr311-api-1.1.1.jar:/home/user/.m2/repository/com/sun/jersey/jersey-server/1.19/jersey-server-1.19.jar:/home/user/.m2/repository/javax/servlet/javax.servlet-api/3.1.0/javax.servlet-api-3.1.0.jar:/home/user/.m2/repository/org/eclipse/jetty/jetty-server/9.4.26.v20200117/jetty-server-9.4.26.v20200117.jar:/home/user/.m2/repository/org/eclipse/jetty/jetty-http/9.4.26.v20200117/jetty-http-9.4.26.v20200117.jar:/home/user/.m2/repository/org/eclipse/jetty/jetty-io/9.4.26.v20200117/jetty-io-9.4.26.v20200117.jar:/home/user/.m2/repository/org/eclipse/jetty/jetty-webapp/9.4.26.v20200117/jetty-webapp-9.4.26.v20200117.jar:/home/user/.m2/repository/org/eclipse/jetty/jetty-xml/9.4.26.v20200117/jetty-xml-9.4.26.v20200117.jar:/home/user/.m2/repository/org/eclipse/jetty/jetty-servlet/9.4.26.v20200117/jetty-servlet-9.4.26.v20200117.jar:/home/user/.m2/repository/org/eclipse/jetty/jetty-security/9.4.26.v20200117/jetty-security-9.4.26.v20200117.jar:/home/user/.m2/repository/org/apache/hadoop/hadoop-common/3.2.1/hadoop-common-3.2.1.jar:/home/user/.m2/repository/commons-net/commons-net/3.6/commons-net-3.6.jar:/home/user/.m2/repository/commons-collections/commons-collections/3.2.2/commons-collections-3.2.2.jar:/home/user/.m2/repository/com/sun/jersey/jersey-servlet/1.19/jersey-servlet-1.19.jar:/home/user/.m2/repository/com/sun/jersey/jersey-json/1.19/jersey-json-1.19.jar:/home/user/.m2/repository/org/codehaus/jettison/jettison/1.1/jettison-1.1.jar:/home/user/.m2/repository/org/codehaus/jackson/jackson-jaxrs/1.9.2/jackson-jaxrs-1.9.2.jar:/home/user/.m2/repository/org/codehaus/jackson/jackson-xc/1.9.2/jackson-xc-1.9.2.jar:/home/user/.m2/repository/commons-beanutils/commons-beanutils/1.9.4/commons-beanutils-1.9.4.jar:/home/user/.m2/repository/org/apache/commons/commons-configuration2/2.1.1/commons-configuration2-2.1.1.jar:/home/user/.m2/repository/org/apache/commons/commons-text/1.4/commons-text-1.4.jar:/home/user/.m2/repository/com/google/re2j/re2j/1.1/re2j-1.1.jar:/home/user/.m2/repository/com/jcraft/jsch/0.1.54/jsch-0.1.54.jar:/home/user/.m2/repository/org/apache/curator/curator-client/2.13.0/curator-client-2.13.0.jar:/home/user/.m2/repository/org/apache/curator/curator-recipes/2.13.0/curator-recipes-2.13.0.jar:/home/user/.m2/repository/dnsjava/dnsjava/2.1.7/dnsjava-2.1.7.jar:/home/user/.m2/repository/org/slf4j/jul-to-slf4j/1.7.25/jul-to-slf4j-1.7.25.jar:/home/user/.m2/repository/org/eclipse/jetty/jetty-util/9.4.26.v20200117/jetty-util-9.4.26.v20200117.jar:/home/user/.m2/repository/com/fasterxml/jackson/core/jackson-databind/2.10.3/jackson-databind-2.10.3.jar:/home/user/.m2/repository/org/apache/hadoop/hadoop-kms/3.2.1/hadoop-kms-3.2.1-tests.jar:/home/user/.m2/repository/org/apache/hadoop/hadoop-hdds-server-scm/1.1.0-SNAPSHOT/hadoop-hdds-server-scm-1.1.0-SNAPSHOT-tests.jar:/home/user/.m2/repository/org/apache/hadoop/hadoop-hdds-container-service/1.1.0-SNAPSHOT/hadoop-hdds-container-service-1.1.0-SNAPSHOT-tests.jar:/home/user/.m2/repository/org/apache/hadoop/hadoop-hdds-common/1.1.0-SNAPSHOT/hadoop-hdds-common-1.1.0-SNAPSHOT-tests.jar:/home/user/.m2/repository/org/yaml/snakeyaml/1.16/snakeyaml-1.16.jar:/home/user/.m2/repository/org/apache/hadoop/hadoop-hdds-hadoop-dependency-test/1.1.0-SNAPSHOT/hadoop-hdds-hadoop-dependency-test-1.1.0-SNAPSHOT.jar:/home/user/.m2/repository/org/apache/hadoop/hadoop-common/3.2.1/hadoop-common-3.2.1-tests.jar:/home/user/.m2/repository/javax/servlet/jsp/jsp-api/2.1/jsp-api-2.1.jar:/home/user/.m2/repository/org/apache/hadoop/hadoop-hdfs/3.2.1/hadoop-hdfs-3.2.1-tests.jar:/home/user/.m2/repository/org/eclipse/jetty/jetty-util-ajax/9.4.26.v20200117/jetty-util-ajax-9.4.26.v20200117.jar:/home/user/.m2/repository/commons-codec/commons-codec/1.11/commons-codec-1.11.jar:/home/user/.m2/repository/commons-daemon/commons-daemon/1.0.13/commons-daemon-1.0.13.jar:/home/user/.m2/repository/io/netty/netty/3.10.5.Final/netty-3.10.5.Final.jar:/home/user/.m2/repository/io/netty/netty-all/4.1.48.Final/netty-all-4.1.48.Final.jar:/home/user/.m2/repository/org/apache/htrace/htrace-core4/4.1.0-incubating/htrace-core4-4.1.0-incubating.jar:/home/user/.m2/repository/org/fusesource/leveldbjni/leveldbjni-all/1.8/leveldbjni-all-1.8.jar:/home/user/.m2/repository/org/apache/hadoop/hadoop-distcp/3.2.1/hadoop-distcp-3.2.1.jar:/home/user/.m2/repository/org/apache/hadoop/hadoop-mapreduce-client-jobclient/3.2.1/hadoop-mapreduce-client-jobclient-3.2.1.jar:/home/user/.m2/repository/org/apache/hadoop/hadoop-mapreduce-client-common/3.2.1/hadoop-mapreduce-client-common-3.2.1.jar:/home/user/.m2/repository/org/apache/hadoop/hadoop-yarn-common/3.2.1/hadoop-yarn-common-3.2.1.jar:/home/user/.m2/repository/org/apache/hadoop/hadoop-yarn-api/3.2.1/hadoop-yarn-api-3.2.1.jar:/home/user/.m2/repository/com/sun/jersey/jersey-client/1.19/jersey-client-1.19.jar:/home/user/.m2/repository/com/sun/jersey/contribs/jersey-guice/1.19/jersey-guice-1.19.jar:/home/user/.m2/repository/com/fasterxml/jackson/jaxrs/jackson-jaxrs-json-provider/2.10.3/jackson-jaxrs-json-provider-2.10.3.jar:/home/user/.m2/repository/com/fasterxml/jackson/jaxrs/jackson-jaxrs-base/2.10.3/jackson-jaxrs-base-2.10.3.jar:/home/user/.m2/repository/org/apache/hadoop/hadoop-yarn-client/3.2.1/hadoop-yarn-client-3.2.1.jar:/home/user/.m2/repository/org/apache/hadoop/hadoop-mapreduce-client-core/3.2.1/hadoop-mapreduce-client-core-3.2.1.jar:/home/user/.m2/repository/org/apache/avro/avro/1.7.7/avro-1.7.7.jar:/home/user/.m2/repository/org/codehaus/jackson/jackson-core-asl/1.9.13/jackson-core-asl-1.9.13.jar:/home/user/.m2/repository/org/codehaus/jackson/jackson-mapper-asl/1.9.13/jackson-mapper-asl-1.9.13.jar:/home/user/.m2/repository/com/thoughtworks/paranamer/paranamer/2.3/paranamer-2.3.jar:/home/user/.m2/repository/org/xerial/snappy/snappy-java/1.0.5/snappy-java-1.0.5.jar:/home/user/.m2/repository/org/apache/hadoop/hadoop-annotations/3.2.1/hadoop-annotations-3.2.1.jar:/usr/lib/jvm/java-1.8.0-openjdk-1.8.0.232.b09-0.el7_7.x86_64/jre/../lib/tools.jar:/home/user/.m2/repository/org/apache/hadoop/hadoop-distcp/3.2.1/hadoop-distcp-3.2.1-tests.jar:"/>
    <property name="java.vm.vendor" value="Oracle Corporation"/>
    <property name="sun.arch.data.model" value="64"/>
    <property name="test.build.dir" value="/github/workspace/mnt/ozone/hadoop-ozone/integration-test/target/test-dir"/>
    <property name="test.cache.data" value=""/>
    <property name="java.vendor.url" value="http://java.oracle.com/"/>
    <property name="user.timezone" value=""/>
    <property name="java.vm.specification.version" value="1.8"/>
    <property name="os.name" value="Linux"/>
    <property name="test.build.data" value="/github/workspace/mnt/ozone/hadoop-ozone/integration-test/target/test-dir"/>
    <property name="user.country" value="US"/>
    <property name="sun.java.launcher" value="SUN_STANDARD"/>
    <property name="sun.boot.library.path" value="/usr/lib/jvm/java-1.8.0-openjdk-1.8.0.232.b09-0.el7_7.x86_64/jre/lib/amd64"/>
    <property name="sun.java.command" value="/github/workspace/mnt/ozone/hadoop-ozone/integration-test/target/surefire/surefirebooter6974883260293524380.jar /github/workspace/mnt/ozone/hadoop-ozone/integration-test/target/surefire 2020-10-14T20-26-18_238-jvmRun1 surefire5097251733853682341tmp surefire_279105706421007371003tmp"/>
    <property name="surefire.test.class.path" value="/github/workspace/mnt/ozone/hadoop-ozone/integration-test/target/test-classes:/github/workspace/mnt/ozone/hadoop-ozone/integration-test/target/classes:/home/user/.m2/repository/org/apache/hadoop/hadoop-ozone-common/1.1.0-SNAPSHOT/hadoop-ozone-common-1.1.0-SNAPSHOT.jar:/home/user/.m2/repository/org/apache/commons/commons-compress/1.4.1/commons-compress-1.4.1.jar:/home/user/.m2/repository/org/tukaani/xz/1.0/xz-1.0.jar:/home/user/.m2/repository/org/apache/hadoop/hadoop-hdds-common/1.1.0-SNAPSHOT/hadoop-hdds-common-1.1.0-SNAPSHOT.jar:/home/user/.m2/repository/org/apache/hadoop/hadoop-hdds-hadoop-dependency-client/1.1.0-SNAPSHOT/hadoop-hdds-hadoop-dependency-client-1.1.0-SNAPSHOT.jar:/home/user/.m2/repository/info/picocli/picocli/4.4.0/picocli-4.4.0.jar:/home/user/.m2/repository/com/fasterxml/jackson/core/jackson-annotations/2.10.3/jackson-annotations-2.10.3.jar:/home/user/.m2/repository/javax/annotation/javax.annotation-api/1.2/javax.annotation-api-1.2.jar:/home/user/.m2/repository/org/apache/ratis/ratis-server/1.1.0-11689cd-SNAPSHOT/ratis-server-1.1.0-11689cd-SNAPSHOT.jar:/home/user/.m2/repository/org/apache/ratis/ratis-client/1.1.0-11689cd-SNAPSHOT/ratis-client-1.1.0-11689cd-SNAPSHOT.jar:/home/user/.m2/repository/org/apache/ratis/ratis-metrics/1.1.0-11689cd-SNAPSHOT/ratis-metrics-1.1.0-11689cd-SNAPSHOT.jar:/home/user/.m2/repository/org/apache/ratis/ratis-netty/1.1.0-11689cd-SNAPSHOT/ratis-netty-1.1.0-11689cd-SNAPSHOT.jar:/home/user/.m2/repository/org/apache/ratis/ratis-grpc/1.1.0-11689cd-SNAPSHOT/ratis-grpc-1.1.0-11689cd-SNAPSHOT.jar:/home/user/.m2/repository/org/apache/logging/log4j/log4j-api/2.13.3/log4j-api-2.13.3.jar:/home/user/.m2/repository/org/apache/logging/log4j/log4j-core/2.13.3/log4j-core-2.13.3.jar:/home/user/.m2/repository/com/lmax/disruptor/3.4.2/disruptor-3.4.2.jar:/home/user/.m2/repository/org/apache/commons/commons-pool2/2.6.0/commons-pool2-2.6.0.jar:/home/user/.m2/repository/org/bouncycastle/bcpkix-jdk15on/1.60/bcpkix-jdk15on-1.60.jar:/home/user/.m2/repository/commons-validator/commons-validator/1.6/commons-validator-1.6.jar:/home/user/.m2/repository/commons-digester/commons-digester/1.8.1/commons-digester-1.8.1.jar:/home/user/.m2/repository/io/jaegertracing/jaeger-client/1.2.0/jaeger-client-1.2.0.jar:/home/user/.m2/repository/io/jaegertracing/jaeger-thrift/1.2.0/jaeger-thrift-1.2.0.jar:/home/user/.m2/repository/org/apache/thrift/libthrift/0.13.0/libthrift-0.13.0.jar:/home/user/.m2/repository/com/squareup/okhttp3/okhttp/4.2.2/okhttp-4.2.2.jar:/home/user/.m2/repository/com/squareup/okio/okio/2.2.2/okio-2.2.2.jar:/home/user/.m2/repository/org/jetbrains/kotlin/kotlin-stdlib/1.3.50/kotlin-stdlib-1.3.50.jar:/home/user/.m2/repository/org/jetbrains/kotlin/kotlin-stdlib-common/1.3.50/kotlin-stdlib-common-1.3.50.jar:/home/user/.m2/repository/org/jetbrains/annotations/13.0/annotations-13.0.jar:/home/user/.m2/repository/io/jaegertracing/jaeger-core/1.2.0/jaeger-core-1.2.0.jar:/home/user/.m2/repository/io/jaegertracing/jaeger-tracerresolver/1.2.0/jaeger-tracerresolver-1.2.0.jar:/home/user/.m2/repository/io/opentracing/contrib/opentracing-tracerresolver/0.1.8/opentracing-tracerresolver-0.1.8.jar:/home/user/.m2/repository/io/opentracing/opentracing-util/0.33.0/opentracing-util-0.33.0.jar:/home/user/.m2/repository/io/opentracing/opentracing-api/0.33.0/opentracing-api-0.33.0.jar:/home/user/.m2/repository/io/opentracing/opentracing-noop/0.33.0/opentracing-noop-0.33.0.jar:/home/user/.m2/repository/org/apache/hadoop/hadoop-hdds-client/1.1.0-SNAPSHOT/hadoop-hdds-client-1.1.0-SNAPSHOT.jar:/home/user/.m2/repository/org/apache/hadoop/hadoop-ozone-interface-client/1.1.0-SNAPSHOT/hadoop-ozone-interface-client-1.1.0-SNAPSHOT.jar:/home/user/.m2/repository/org/apache/hadoop/hadoop-hdds-test-utils/1.1.0-SNAPSHOT/hadoop-hdds-test-utils-1.1.0-SNAPSHOT.jar:/home/user/.m2/repository/com/google/guava/guava/28.2-jre/guava-28.2-jre.jar:/home/user/.m2/repository/com/google/guava/failureaccess/1.0.1/failureaccess-1.0.1.jar:/home/user/.m2/repository/com/google/guava/listenablefuture/9999.0-empty-to-avoid-conflict-with-guava/listenablefuture-9999.0-empty-to-avoid-conflict-with-guava.jar:/home/user/.m2/repository/com/google/code/findbugs/jsr305/3.0.0/jsr305-3.0.0.jar:/home/user/.m2/repository/org/checkerframework/checker-qual/2.10.0/checker-qual-2.10.0.jar:/home/user/.m2/repository/com/google/errorprone/error_prone_annotations/2.2.0/error_prone_annotations-2.2.0.jar:/home/user/.m2/repository/com/google/j2objc/j2objc-annotations/1.3/j2objc-annotations-1.3.jar:/home/user/.m2/repository/commons-io/commons-io/2.5/commons-io-2.5.jar:/home/user/.m2/repository/commons-logging/commons-logging/1.2/commons-logging-1.2.jar:/home/user/.m2/repository/log4j/log4j/1.2.17/log4j-1.2.17.jar:/home/user/.m2/repository/org/slf4j/slf4j-api/1.7.25/slf4j-api-1.7.25.jar:/home/user/.m2/repository/org/apache/hadoop/hadoop-hdds-server-scm/1.1.0-SNAPSHOT/hadoop-hdds-server-scm-1.1.0-SNAPSHOT.jar:/home/user/.m2/repository/org/apache/hadoop/hadoop-hdds-container-service/1.1.0-SNAPSHOT/hadoop-hdds-container-service-1.1.0-SNAPSHOT.jar:/home/user/.m2/repository/org/apache/hadoop/hadoop-hdds-hadoop-dependency-server/1.1.0-SNAPSHOT/hadoop-hdds-hadoop-dependency-server-1.1.0-SNAPSHOT.jar:/home/user/.m2/repository/org/apache/hadoop/hadoop-hdds-server-framework/1.1.0-SNAPSHOT/hadoop-hdds-server-framework-1.1.0-SNAPSHOT.jar:/home/user/.m2/repository/org/apache/hadoop/hadoop-hdds-interface-server/1.1.0-SNAPSHOT/hadoop-hdds-interface-server-1.1.0-SNAPSHOT.jar:/home/user/.m2/repository/org/apache/hadoop/hadoop-hdds-interface-admin/1.1.0-SNAPSHOT/hadoop-hdds-interface-admin-1.1.0-SNAPSHOT.jar:/home/user/.m2/repository/org/rocksdb/rocksdbjni/6.8.1/rocksdbjni-6.8.1.jar:/home/user/.m2/repository/io/prometheus/simpleclient_dropwizard/0.7.0/simpleclient_dropwizard-0.7.0.jar:/home/user/.m2/repository/io/prometheus/simpleclient/0.7.0/simpleclient-0.7.0.jar:/home/user/.m2/repository/io/prometheus/simpleclient_common/0.7.0/simpleclient_common-0.7.0.jar:/home/user/.m2/repository/com/fasterxml/jackson/datatype/jackson-datatype-jsr310/2.10.3/jackson-datatype-jsr310-2.10.3.jar:/home/user/.m2/repository/io/dropwizard/metrics/metrics-core/3.2.4/metrics-core-3.2.4.jar:/home/user/.m2/repository/org/apache/hadoop/hadoop-hdfs-client/3.2.1/hadoop-hdfs-client-3.2.1.jar:/home/user/.m2/repository/org/bouncycastle/bcprov-jdk15on/1.60/bcprov-jdk15on-1.60.jar:/home/user/.m2/repository/org/apache/hadoop/hadoop-ozone-ozone-manager/1.1.0-SNAPSHOT/hadoop-ozone-ozone-manager-1.1.0-SNAPSHOT.jar:/home/user/.m2/repository/org/apache/hadoop/hadoop-hdds-interface-client/1.1.0-SNAPSHOT/hadoop-hdds-interface-client-1.1.0-SNAPSHOT.jar:/home/user/.m2/repository/org/apache/ratis/ratis-thirdparty-misc/0.6.0-SNAPSHOT/ratis-thirdparty-misc-0.6.0-SNAPSHOT.jar:/home/user/.m2/repository/org/apache/hadoop/hadoop-ozone-interface-storage/1.1.0-SNAPSHOT/hadoop-ozone-interface-storage-1.1.0-SNAPSHOT.jar:/home/user/.m2/repository/org/apache/hadoop/hadoop-minikdc/3.2.1/hadoop-minikdc-3.2.1.jar:/home/user/.m2/repository/org/apache/kerby/kerb-simplekdc/1.0.1/kerb-simplekdc-1.0.1.jar:/home/user/.m2/repository/org/apache/kerby/kerb-client/1.0.1/kerb-client-1.0.1.jar:/home/user/.m2/repository/org/apache/kerby/kerby-config/1.0.1/kerby-config-1.0.1.jar:/home/user/.m2/repository/org/apache/kerby/kerb-core/1.0.1/kerb-core-1.0.1.jar:/home/user/.m2/repository/org/apache/kerby/kerby-pkix/1.0.1/kerby-pkix-1.0.1.jar:/home/user/.m2/repository/org/apache/kerby/kerby-asn1/1.0.1/kerby-asn1-1.0.1.jar:/home/user/.m2/repository/org/apache/kerby/kerby-util/1.0.1/kerby-util-1.0.1.jar:/home/user/.m2/repository/org/apache/kerby/kerb-common/1.0.1/kerb-common-1.0.1.jar:/home/user/.m2/repository/org/apache/kerby/kerb-crypto/1.0.1/kerb-crypto-1.0.1.jar:/home/user/.m2/repository/org/apache/kerby/kerb-util/1.0.1/kerb-util-1.0.1.jar:/home/user/.m2/repository/org/apache/kerby/token-provider/1.0.1/token-provider-1.0.1.jar:/home/user/.m2/repository/org/apache/kerby/kerb-admin/1.0.1/kerb-admin-1.0.1.jar:/home/user/.m2/repository/org/apache/kerby/kerb-server/1.0.1/kerb-server-1.0.1.jar:/home/user/.m2/repository/org/apache/kerby/kerb-identity/1.0.1/kerb-identity-1.0.1.jar:/home/user/.m2/repository/org/apache/kerby/kerby-xdr/1.0.1/kerby-xdr-1.0.1.jar:/home/user/.m2/repository/org/slf4j/slf4j-log4j12/1.7.25/slf4j-log4j12-1.7.25.jar:/home/user/.m2/repository/org/apache/hadoop/hadoop-ozone-s3gateway/1.1.0-SNAPSHOT/hadoop-ozone-s3gateway-1.1.0-SNAPSHOT.jar:/home/user/.m2/repository/org/jboss/weld/servlet/weld-servlet/2.4.7.Final/weld-servlet-2.4.7.Final.jar:/home/user/.m2/repository/org/glassfish/jersey/containers/jersey-container-servlet-core/2.27/jersey-container-servlet-core-2.27.jar:/home/user/.m2/repository/org/glassfish/hk2/external/javax.inject/2.5.0-b42/javax.inject-2.5.0-b42.jar:/home/user/.m2/repository/org/glassfish/jersey/core/jersey-common/2.27/jersey-common-2.27.jar:/home/user/.m2/repository/org/glassfish/hk2/osgi-resource-locator/1.0.1/osgi-resource-locator-1.0.1.jar:/home/user/.m2/repository/javax/ws/rs/javax.ws.rs-api/2.1/javax.ws.rs-api-2.1.jar:/home/user/.m2/repository/org/glassfish/jersey/ext/cdi/jersey-cdi1x/2.27/jersey-cdi1x-2.27.jar:/home/user/.m2/repository/org/glassfish/jersey/inject/jersey-hk2/2.27/jersey-hk2-2.27.jar:/home/user/.m2/repository/org/glassfish/hk2/hk2-locator/2.5.0-b42/hk2-locator-2.5.0-b42.jar:/home/user/.m2/repository/org/javassist/javassist/3.22.0-CR2/javassist-3.22.0-CR2.jar:/home/user/.m2/repository/org/glassfish/hk2/hk2-api/2.5.0/hk2-api-2.5.0.jar:/home/user/.m2/repository/org/glassfish/hk2/external/jakarta.inject/2.5.0/jakarta.inject-2.5.0.jar:/home/user/.m2/repository/org/glassfish/hk2/hk2-utils/2.5.0/hk2-utils-2.5.0.jar:/home/user/.m2/repository/jakarta/annotation/jakarta.annotation-api/1.3.4/jakarta.annotation-api-1.3.4.jar:/home/user/.m2/repository/org/glassfish/hk2/external/aopalliance-repackaged/2.5.0/aopalliance-repackaged-2.5.0.jar:/home/user/.m2/repository/com/fasterxml/jackson/dataformat/jackson-dataformat-xml/2.10.3/jackson-dataformat-xml-2.10.3.jar:/home/user/.m2/repository/com/fasterxml/jackson/core/jackson-core/2.10.3/jackson-core-2.10.3.jar:/home/user/.m2/repository/com/fasterxml/jackson/module/jackson-module-jaxb-annotations/2.10.3/jackson-module-jaxb-annotations-2.10.3.jar:/home/user/.m2/repository/jakarta/xml/bind/jakarta.xml.bind-api/2.3.2/jakarta.xml.bind-api-2.3.2.jar:/home/user/.m2/repository/jakarta/activation/jakarta.activation-api/1.2.1/jakarta.activation-api-1.2.1.jar:/home/user/.m2/repository/org/codehaus/woodstox/stax2-api/3.1.4/stax2-api-3.1.4.jar:/home/user/.m2/repository/com/fasterxml/woodstox/woodstox-core/5.0.3/woodstox-core-5.0.3.jar:/home/user/.m2/repository/javax/enterprise/cdi-api/1.2/cdi-api-1.2.jar:/home/user/.m2/repository/javax/el/javax.el-api/3.0.0/javax.el-api-3.0.0.jar:/home/user/.m2/repository/javax/interceptor/javax.interceptor-api/1.2/javax.interceptor-api-1.2.jar:/home/user/.m2/repository/javax/inject/javax.inject/1/javax.inject-1.jar:/home/user/.m2/repository/com/sun/xml/bind/jaxb-impl/2.3.0.1/jaxb-impl-2.3.0.1.jar:/home/user/.m2/repository/com/sun/xml/bind/jaxb-core/2.3.0.1/jaxb-core-2.3.0.1.jar:/home/user/.m2/repository/javax/xml/bind/jaxb-api/2.3.0/jaxb-api-2.3.0.jar:/home/user/.m2/repository/javax/activation/activation/1.1.1/activation-1.1.1.jar:/home/user/.m2/repository/org/apache/hadoop/hadoop-ozone-csi/1.1.0-SNAPSHOT/hadoop-ozone-csi-1.1.0-SNAPSHOT.jar:/home/user/.m2/repository/com/google/protobuf/protobuf-java-util/3.11.0/protobuf-java-util-3.11.0.jar:/home/user/.m2/repository/com/google/code/gson/gson/2.2.4/gson-2.2.4.jar:/home/user/.m2/repository/org/apache/hadoop/hadoop-hdds-config/1.1.0-SNAPSHOT/hadoop-hdds-config-1.1.0-SNAPSHOT.jar:/home/user/.m2/repository/com/google/protobuf/protobuf-java/2.5.0/protobuf-java-2.5.0.jar:/home/user/.m2/repository/io/grpc/grpc-netty/1.29.0/grpc-netty-1.29.0.jar:/home/user/.m2/repository/io/grpc/grpc-core/1.29.0/grpc-core-1.29.0.jar:/home/user/.m2/repository/com/google/android/annotations/4.1.1.4/annotations-4.1.1.4.jar:/home/user/.m2/repository/io/perfmark/perfmark-api/0.19.0/perfmark-api-0.19.0.jar:/home/user/.m2/repository/io/netty/netty-codec-http2/4.1.48.Final/netty-codec-http2-4.1.48.Final.jar:/home/user/.m2/repository/io/netty/netty-codec/4.1.48.Final/netty-codec-4.1.48.Final.jar:/home/user/.m2/repository/io/netty/netty-handler/4.1.48.Final/netty-handler-4.1.48.Final.jar:/home/user/.m2/repository/io/netty/netty-codec-http/4.1.48.Final/netty-codec-http-4.1.48.Final.jar:/home/user/.m2/repository/io/netty/netty-handler-proxy/4.1.48.Final/netty-handler-proxy-4.1.48.Final.jar:/home/user/.m2/repository/io/netty/netty-codec-socks/4.1.48.Final/netty-codec-socks-4.1.48.Final.jar:/home/user/.m2/repository/io/netty/netty-transport-native-epoll/4.1.48.Final/netty-transport-native-epoll-4.1.48.Final.jar:/home/user/.m2/repository/io/netty/netty-common/4.1.48.Final/netty-common-4.1.48.Final.jar:/home/user/.m2/repository/io/netty/netty-buffer/4.1.48.Final/netty-buffer-4.1.48.Final.jar:/home/user/.m2/repository/io/netty/netty-transport/4.1.48.Final/netty-transport-4.1.48.Final.jar:/home/user/.m2/repository/io/netty/netty-resolver/4.1.48.Final/netty-resolver-4.1.48.Final.jar:/home/user/.m2/repository/io/netty/netty-transport-native-unix-common/4.1.48.Final/netty-transport-native-unix-common-4.1.48.Final.jar:/home/user/.m2/repository/io/grpc/grpc-protobuf/1.29.0/grpc-protobuf-1.29.0.jar:/home/user/.m2/repository/io/grpc/grpc-api/1.29.0/grpc-api-1.29.0.jar:/home/user/.m2/repository/io/grpc/grpc-context/1.29.0/grpc-context-1.29.0.jar:/home/user/.m2/repository/org/codehaus/mojo/animal-sniffer-annotations/1.18/animal-sniffer-annotations-1.18.jar:/home/user/.m2/repository/com/google/api/grpc/proto-google-common-protos/1.17.0/proto-google-common-protos-1.17.0.jar:/home/user/.m2/repository/io/grpc/grpc-protobuf-lite/1.29.0/grpc-protobuf-lite-1.29.0.jar:/home/user/.m2/repository/io/grpc/grpc-stub/1.29.0/grpc-stub-1.29.0.jar:/home/user/.m2/repository/org/apache/hadoop/hadoop-ozone-recon/1.1.0-SNAPSHOT/hadoop-ozone-recon-1.1.0-SNAPSHOT.jar:/home/user/.m2/repository/org/apache/hadoop/hadoop-ozone-reconcodegen/1.1.0-SNAPSHOT/hadoop-ozone-reconcodegen-1.1.0-SNAPSHOT.jar:/home/user/.m2/repository/com/google/inject/extensions/guice-multibindings/4.0/guice-multibindings-4.0.jar:/home/user/.m2/repository/com/google/inject/guice/4.0/guice-4.0.jar:/home/user/.m2/repository/aopalliance/aopalliance/1.0/aopalliance-1.0.jar:/home/user/.m2/repository/com/google/inject/extensions/guice-assistedinject/4.0/guice-assistedinject-4.0.jar:/home/user/.m2/repository/com/google/inject/extensions/guice-servlet/4.0/guice-servlet-4.0.jar:/home/user/.m2/repository/org/glassfish/jersey/containers/jersey-container-servlet/2.27/jersey-container-servlet-2.27.jar:/home/user/.m2/repository/org/glassfish/hk2/guice-bridge/2.5.0/guice-bridge-2.5.0.jar:/home/user/.m2/repository/org/glassfish/jersey/core/jersey-server/2.27/jersey-server-2.27.jar:/home/user/.m2/repository/org/glassfish/jersey/core/jersey-client/2.27/jersey-client-2.27.jar:/home/user/.m2/repository/org/glassfish/jersey/media/jersey-media-jaxb/2.27/jersey-media-jaxb-2.27.jar:/home/user/.m2/repository/javax/validation/validation-api/1.1.0.Final/validation-api-1.1.0.Final.jar:/home/user/.m2/repository/org/glassfish/jersey/media/jersey-media-json-jackson/2.27/jersey-media-json-jackson-2.27.jar:/home/user/.m2/repository/org/glassfish/jersey/ext/jersey-entity-filtering/2.27/jersey-entity-filtering-2.27.jar:/home/user/.m2/repository/org/jooq/jooq/3.11.10/jooq-3.11.10.jar:/home/user/.m2/repository/org/jooq/jooq-meta/3.11.10/jooq-meta-3.11.10.jar:/home/user/.m2/repository/org/jooq/jooq-codegen/3.11.10/jooq-codegen-3.11.10.jar:/home/user/.m2/repository/com/jolbox/bonecp/0.8.0.RELEASE/bonecp-0.8.0.RELEASE.jar:/home/user/.m2/repository/org/apache/derby/derby/10.14.2.0/derby-10.14.2.0.jar:/home/user/.m2/repository/org/xerial/sqlite-jdbc/3.25.2/sqlite-jdbc-3.25.2.jar:/home/user/.m2/repository/org/springframework/spring-jdbc/5.2.5.RELEASE/spring-jdbc-5.2.5.RELEASE.jar:/home/user/.m2/repository/org/springframework/spring-beans/5.2.5.RELEASE/spring-beans-5.2.5.RELEASE.jar:/home/user/.m2/repository/org/springframework/spring-core/5.2.5.RELEASE/spring-core-5.2.5.RELEASE.jar:/home/user/.m2/repository/org/springframework/spring-jcl/5.2.5.RELEASE/spring-jcl-5.2.5.RELEASE.jar:/home/user/.m2/repository/org/springframework/spring-tx/5.2.5.RELEASE/spring-tx-5.2.5.RELEASE.jar:/home/user/.m2/repository/org/apache/hadoop/hadoop-ozone-client/1.1.0-SNAPSHOT/hadoop-ozone-client-1.1.0-SNAPSHOT.jar:/home/user/.m2/repository/org/apache/hadoop/hadoop-ozone-filesystem/1.1.0-SNAPSHOT/hadoop-ozone-filesystem-1.1.0-SNAPSHOT.jar:/home/user/.m2/repository/org/apache/hadoop/hadoop-ozone-filesystem-common/1.1.0-SNAPSHOT/hadoop-ozone-filesystem-common-1.1.0-SNAPSHOT.jar:/home/user/.m2/repository/org/apache/hadoop/hadoop-ozone-tools/1.1.0-SNAPSHOT/hadoop-ozone-tools-1.1.0-SNAPSHOT.jar:/home/user/.m2/repository/org/apache/hadoop/hadoop-hdfs/3.2.1/hadoop-hdfs-3.2.1.jar:/home/user/.m2/repository/org/apache/ratis/ratis-tools/1.1.0-11689cd-SNAPSHOT/ratis-tools-1.1.0-11689cd-SNAPSHOT.jar:/home/user/.m2/repository/org/apache/ratis/ratis-proto/1.1.0-11689cd-SNAPSHOT/ratis-proto-1.1.0-11689cd-SNAPSHOT.jar:/home/user/.m2/repository/org/apache/ratis/ratis-common/1.1.0-11689cd-SNAPSHOT/ratis-common-1.1.0-11689cd-SNAPSHOT.jar:/home/user/.m2/repository/com/amazonaws/aws-java-sdk-core/1.11.615/aws-java-sdk-core-1.11.615.jar:/home/user/.m2/repository/org/apache/httpcomponents/httpclient/4.5.2/httpclient-4.5.2.jar:/home/user/.m2/repository/org/apache/httpcomponents/httpcore/4.4.4/httpcore-4.4.4.jar:/home/user/.m2/repository/software/amazon/ion/ion-java/1.0.2/ion-java-1.0.2.jar:/home/user/.m2/repository/com/fasterxml/jackson/dataformat/jackson-dataformat-cbor/2.10.3/jackson-dataformat-cbor-2.10.3.jar:/home/user/.m2/repository/joda-time/joda-time/2.8.1/joda-time-2.8.1.jar:/home/user/.m2/repository/com/amazonaws/aws-java-sdk-s3/1.11.615/aws-java-sdk-s3-1.11.615.jar:/home/user/.m2/repository/com/amazonaws/aws-java-sdk-kms/1.11.615/aws-java-sdk-kms-1.11.615.jar:/home/user/.m2/repository/com/amazonaws/jmespath-java/1.11.615/jmespath-java-1.11.615.jar:/home/user/.m2/repository/org/kohsuke/metainf-services/metainf-services/1.8/metainf-services-1.8.jar:/home/user/.m2/repository/org/apache/hadoop/hadoop-hdds-tools/1.1.0-SNAPSHOT/hadoop-hdds-tools-1.1.0-SNAPSHOT.jar:/home/user/.m2/repository/commons-cli/commons-cli/1.2/commons-cli-1.2.jar:/home/user/.m2/repository/org/apache/commons/commons-lang3/3.7/commons-lang3-3.7.jar:/home/user/.m2/repository/org/apache/hadoop/hadoop-ozone-ozone-manager/1.1.0-SNAPSHOT/hadoop-ozone-ozone-manager-1.1.0-SNAPSHOT-tests.jar:/home/user/.m2/repository/junit/junit/4.11/junit-4.11.jar:/home/user/.m2/repository/org/hamcrest/hamcrest-core/1.3/hamcrest-core-1.3.jar:/home/user/.m2/repository/org/openjdk/jmh/jmh-core/1.19/jmh-core-1.19.jar:/home/user/.m2/repository/net/sf/jopt-simple/jopt-simple/4.6/jopt-simple-4.6.jar:/home/user/.m2/repository/org/apache/commons/commons-math3/3.1.1/commons-math3-3.1.1.jar:/home/user/.m2/repository/org/openjdk/jmh/jmh-generator-annprocess/1.19/jmh-generator-annprocess-1.19.jar:/home/user/.m2/repository/org/mockito/mockito-all/1.8.5/mockito-all-1.8.5.jar:/home/user/.m2/repository/org/apache/hadoop/hadoop-kms/3.2.1/hadoop-kms-3.2.1.jar:/home/user/.m2/repository/org/apache/hadoop/hadoop-auth/3.2.1/hadoop-auth-3.2.1.jar:/home/user/.m2/repository/com/nimbusds/nimbus-jose-jwt/7.9/nimbus-jose-jwt-7.9.jar:/home/user/.m2/repository/com/github/stephenc/jcip/jcip-annotations/1.0-1/jcip-annotations-1.0-1.jar:/home/user/.m2/repository/net/minidev/json-smart/2.3/json-smart-2.3.jar:/home/user/.m2/repository/net/minidev/accessors-smart/1.2/accessors-smart-1.2.jar:/home/user/.m2/repository/org/ow2/asm/asm/5.0.4/asm-5.0.4.jar:/home/user/.m2/repository/org/apache/zookeeper/zookeeper/3.4.13/zookeeper-3.4.13.jar:/home/user/.m2/repository/org/apache/yetus/audience-annotations/0.5.0/audience-annotations-0.5.0.jar:/home/user/.m2/repository/org/apache/curator/curator-framework/2.13.0/curator-framework-2.13.0.jar:/home/user/.m2/repository/com/sun/jersey/jersey-core/1.19/jersey-core-1.19.jar:/home/user/.m2/repository/javax/ws/rs/jsr311-api/1.1.1/jsr311-api-1.1.1.jar:/home/user/.m2/repository/com/sun/jersey/jersey-server/1.19/jersey-server-1.19.jar:/home/user/.m2/repository/javax/servlet/javax.servlet-api/3.1.0/javax.servlet-api-3.1.0.jar:/home/user/.m2/repository/org/eclipse/jetty/jetty-server/9.4.26.v20200117/jetty-server-9.4.26.v20200117.jar:/home/user/.m2/repository/org/eclipse/jetty/jetty-http/9.4.26.v20200117/jetty-http-9.4.26.v20200117.jar:/home/user/.m2/repository/org/eclipse/jetty/jetty-io/9.4.26.v20200117/jetty-io-9.4.26.v20200117.jar:/home/user/.m2/repository/org/eclipse/jetty/jetty-webapp/9.4.26.v20200117/jetty-webapp-9.4.26.v20200117.jar:/home/user/.m2/repository/org/eclipse/jetty/jetty-xml/9.4.26.v20200117/jetty-xml-9.4.26.v20200117.jar:/home/user/.m2/repository/org/eclipse/jetty/jetty-servlet/9.4.26.v20200117/jetty-servlet-9.4.26.v20200117.jar:/home/user/.m2/repository/org/eclipse/jetty/jetty-security/9.4.26.v20200117/jetty-security-9.4.26.v20200117.jar:/home/user/.m2/repository/org/apache/hadoop/hadoop-common/3.2.1/hadoop-common-3.2.1.jar:/home/user/.m2/repository/commons-net/commons-net/3.6/commons-net-3.6.jar:/home/user/.m2/repository/commons-collections/commons-collections/3.2.2/commons-collections-3.2.2.jar:/home/user/.m2/repository/com/sun/jersey/jersey-servlet/1.19/jersey-servlet-1.19.jar:/home/user/.m2/repository/com/sun/jersey/jersey-json/1.19/jersey-json-1.19.jar:/home/user/.m2/repository/org/codehaus/jettison/jettison/1.1/jettison-1.1.jar:/home/user/.m2/repository/org/codehaus/jackson/jackson-jaxrs/1.9.2/jackson-jaxrs-1.9.2.jar:/home/user/.m2/repository/org/codehaus/jackson/jackson-xc/1.9.2/jackson-xc-1.9.2.jar:/home/user/.m2/repository/commons-beanutils/commons-beanutils/1.9.4/commons-beanutils-1.9.4.jar:/home/user/.m2/repository/org/apache/commons/commons-configuration2/2.1.1/commons-configuration2-2.1.1.jar:/home/user/.m2/repository/org/apache/commons/commons-text/1.4/commons-text-1.4.jar:/home/user/.m2/repository/com/google/re2j/re2j/1.1/re2j-1.1.jar:/home/user/.m2/repository/com/jcraft/jsch/0.1.54/jsch-0.1.54.jar:/home/user/.m2/repository/org/apache/curator/curator-client/2.13.0/curator-client-2.13.0.jar:/home/user/.m2/repository/org/apache/curator/curator-recipes/2.13.0/curator-recipes-2.13.0.jar:/home/user/.m2/repository/dnsjava/dnsjava/2.1.7/dnsjava-2.1.7.jar:/home/user/.m2/repository/org/slf4j/jul-to-slf4j/1.7.25/jul-to-slf4j-1.7.25.jar:/home/user/.m2/repository/org/eclipse/jetty/jetty-util/9.4.26.v20200117/jetty-util-9.4.26.v20200117.jar:/home/user/.m2/repository/com/fasterxml/jackson/core/jackson-databind/2.10.3/jackson-databind-2.10.3.jar:/home/user/.m2/repository/org/apache/hadoop/hadoop-kms/3.2.1/hadoop-kms-3.2.1-tests.jar:/home/user/.m2/repository/org/apache/hadoop/hadoop-hdds-server-scm/1.1.0-SNAPSHOT/hadoop-hdds-server-scm-1.1.0-SNAPSHOT-tests.jar:/home/user/.m2/repository/org/apache/hadoop/hadoop-hdds-container-service/1.1.0-SNAPSHOT/hadoop-hdds-container-service-1.1.0-SNAPSHOT-tests.jar:/home/user/.m2/repository/org/apache/hadoop/hadoop-hdds-common/1.1.0-SNAPSHOT/hadoop-hdds-common-1.1.0-SNAPSHOT-tests.jar:/home/user/.m2/repository/org/yaml/snakeyaml/1.16/snakeyaml-1.16.jar:/home/user/.m2/repository/org/apache/hadoop/hadoop-hdds-hadoop-dependency-test/1.1.0-SNAPSHOT/hadoop-hdds-hadoop-dependency-test-1.1.0-SNAPSHOT.jar:/home/user/.m2/repository/org/apache/hadoop/hadoop-common/3.2.1/hadoop-common-3.2.1-tests.jar:/home/user/.m2/repository/javax/servlet/jsp/jsp-api/2.1/jsp-api-2.1.jar:/home/user/.m2/repository/org/apache/hadoop/hadoop-hdfs/3.2.1/hadoop-hdfs-3.2.1-tests.jar:/home/user/.m2/repository/org/eclipse/jetty/jetty-util-ajax/9.4.26.v20200117/jetty-util-ajax-9.4.26.v20200117.jar:/home/user/.m2/repository/commons-codec/commons-codec/1.11/commons-codec-1.11.jar:/home/user/.m2/repository/commons-daemon/commons-daemon/1.0.13/commons-daemon-1.0.13.jar:/home/user/.m2/repository/io/netty/netty/3.10.5.Final/netty-3.10.5.Final.jar:/home/user/.m2/repository/io/netty/netty-all/4.1.48.Final/netty-all-4.1.48.Final.jar:/home/user/.m2/repository/org/apache/htrace/htrace-core4/4.1.0-incubating/htrace-core4-4.1.0-incubating.jar:/home/user/.m2/repository/org/fusesource/leveldbjni/leveldbjni-all/1.8/leveldbjni-all-1.8.jar:/home/user/.m2/repository/org/apache/hadoop/hadoop-distcp/3.2.1/hadoop-distcp-3.2.1.jar:/home/user/.m2/repository/org/apache/hadoop/hadoop-mapreduce-client-jobclient/3.2.1/hadoop-mapreduce-client-jobclient-3.2.1.jar:/home/user/.m2/repository/org/apache/hadoop/hadoop-mapreduce-client-common/3.2.1/hadoop-mapreduce-client-common-3.2.1.jar:/home/user/.m2/repository/org/apache/hadoop/hadoop-yarn-common/3.2.1/hadoop-yarn-common-3.2.1.jar:/home/user/.m2/repository/org/apache/hadoop/hadoop-yarn-api/3.2.1/hadoop-yarn-api-3.2.1.jar:/home/user/.m2/repository/com/sun/jersey/jersey-client/1.19/jersey-client-1.19.jar:/home/user/.m2/repository/com/sun/jersey/contribs/jersey-guice/1.19/jersey-guice-1.19.jar:/home/user/.m2/repository/com/fasterxml/jackson/jaxrs/jackson-jaxrs-json-provider/2.10.3/jackson-jaxrs-json-provider-2.10.3.jar:/home/user/.m2/repository/com/fasterxml/jackson/jaxrs/jackson-jaxrs-base/2.10.3/jackson-jaxrs-base-2.10.3.jar:/home/user/.m2/repository/org/apache/hadoop/hadoop-yarn-client/3.2.1/hadoop-yarn-client-3.2.1.jar:/home/user/.m2/repository/org/apache/hadoop/hadoop-mapreduce-client-core/3.2.1/hadoop-mapreduce-client-core-3.2.1.jar:/home/user/.m2/repository/org/apache/avro/avro/1.7.7/avro-1.7.7.jar:/home/user/.m2/repository/org/codehaus/jackson/jackson-core-asl/1.9.13/jackson-core-asl-1.9.13.jar:/home/user/.m2/repository/org/codehaus/jackson/jackson-mapper-asl/1.9.13/jackson-mapper-asl-1.9.13.jar:/home/user/.m2/repository/com/thoughtworks/paranamer/paranamer/2.3/paranamer-2.3.jar:/home/user/.m2/repository/org/xerial/snappy/snappy-java/1.0.5/snappy-java-1.0.5.jar:/home/user/.m2/repository/org/apache/hadoop/hadoop-annotations/3.2.1/hadoop-annotations-3.2.1.jar:/usr/lib/jvm/java-1.8.0-openjdk-1.8.0.232.b09-0.el7_7.x86_64/jre/../lib/tools.jar:/home/user/.m2/repository/org/apache/hadoop/hadoop-distcp/3.2.1/hadoop-distcp-3.2.1-tests.jar:"/>
    <property name="sun.cpu.endian" value="little"/>
    <property name="user.home" value="/home/user"/>
    <property name="user.language" value="en"/>
    <property name="java.specification.vendor" value="Oracle Corporation"/>
    <property name="java.home" value="/usr/lib/jvm/java-1.8.0-openjdk-1.8.0.232.b09-0.el7_7.x86_64/jre"/>
    <property name="java.security.krb5.conf" value="/github/workspace/mnt/ozone/hadoop-ozone/integration-test/target/test-classes/krb5.conf"/>
    <property name="basedir" value="/github/workspace/mnt/ozone/hadoop-ozone/integration-test"/>
    <property name="file.separator" value="/"/>
    <property name="line.separator" value="&#10;"/>
    <property name="java.vm.specification.vendor" value="Oracle Corporation"/>
    <property name="java.specification.name" value="Java Platform API Specification"/>
    <property name="java.awt.graphicsenv" value="sun.awt.X11GraphicsEnvironment"/>
    <property name="skip.installnpx" value="true"/>
    <property name="surefire.real.class.path" value="/github/workspace/mnt/ozone/hadoop-ozone/integration-test/target/surefire/surefirebooter6974883260293524380.jar:/home/user/.m2/repository/org/jacoco/org.jacoco.agent/0.8.5/org.jacoco.agent-0.8.5-runtime.jar"/>
    <property name="hadoop.log.dir" value="/github/workspace/mnt/ozone/hadoop-ozone/integration-test/target/log"/>
    <property name="sun.boot.class.path" value="/usr/lib/jvm/java-1.8.0-openjdk-1.8.0.232.b09-0.el7_7.x86_64/jre/lib/resources.jar:/usr/lib/jvm/java-1.8.0-openjdk-1.8.0.232.b09-0.el7_7.x86_64/jre/lib/rt.jar:/usr/lib/jvm/java-1.8.0-openjdk-1.8.0.232.b09-0.el7_7.x86_64/jre/lib/sunrsasign.jar:/usr/lib/jvm/java-1.8.0-openjdk-1.8.0.232.b09-0.el7_7.x86_64/jre/lib/jsse.jar:/usr/lib/jvm/java-1.8.0-openjdk-1.8.0.232.b09-0.el7_7.x86_64/jre/lib/jce.jar:/usr/lib/jvm/java-1.8.0-openjdk-1.8.0.232.b09-0.el7_7.x86_64/jre/lib/charsets.jar:/usr/lib/jvm/java-1.8.0-openjdk-1.8.0.232.b09-0.el7_7.x86_64/jre/lib/jfr.jar:/usr/lib/jvm/java-1.8.0-openjdk-1.8.0.232.b09-0.el7_7.x86_64/jre/classes"/>
    <property name="sun.management.compiler" value="HotSpot 64-Bit Tiered Compilers"/>
    <property name="skip.npx" value="true"/>
    <property name="java.runtime.version" value="1.8.0_232-b09"/>
    <property name="java.net.preferIPv4Stack" value="true"/>
    <property name="user.name" value="jenkins1001"/>
    <property name="path.separator" value=":"/>
    <property name="java.security.egd" value="file:///dev/urandom"/>
    <property name="os.version" value="5.4.0-1026-azure"/>
    <property name="java.endorsed.dirs" value="/usr/lib/jvm/java-1.8.0-openjdk-1.8.0.232.b09-0.el7_7.x86_64/jre/lib/endorsed"/>
    <property name="java.runtime.name" value="OpenJDK Runtime Environment"/>
    <property name="file.encoding" value="ANSI_X3.4-1968"/>
    <property name="java.vm.name" value="OpenJDK 64-Bit Server VM"/>
    <property name="test.build.webapps" value=""/>
    <property name="localRepository" value="/home/user/.m2/repository"/>
    <property name="java.vendor.url.bug" value="http://bugreport.sun.com/bugreport/"/>
    <property name="java.io.tmpdir" value="/tmp"/>
    <property name="require.test.libhadoop" value=""/>
    <property name="java.version" value="1.8.0_232"/>
    <property name="user.dir" value="/github/workspace/mnt/ozone/hadoop-ozone/integration-test"/>
    <property name="os.arch" value="amd64"/>
    <property name="java.vm.specification.name" value="Java Virtual Machine Specification"/>
    <property name="test.build.classes" value="/github/workspace/mnt/ozone/hadoop-ozone/integration-test/target/test-classes"/>
    <property name="java.awt.printerjob" value="sun.print.PSPrinterJob"/>
    <property name="sun.os.patch.level" value="unknown"/>
    <property name="hadoop.tmp.dir" value="/github/workspace/mnt/ozone/hadoop-ozone/integration-test/target/tmp"/>
    <property name="java.library.path" value="/usr/lib:/usr/java/packages/lib/amd64:/usr/lib64:/lib64:/lib:/usr/lib"/>
    <property name="java.vm.info" value="mixed mode"/>
    <property name="java.vendor" value="Oracle Corporation"/>
    <property name="java.vm.version" value="25.232-b09"/>
    <property name="java.ext.dirs" value="/usr/lib/jvm/java-1.8.0-openjdk-1.8.0.232.b09-0.el7_7.x86_64/jre/lib/ext:/usr/java/packages/lib/ext"/>
    <property name="sun.io.unicode.encoding" value="UnicodeLittle"/>
    <property name="java.class.version" value="52.0"/>
  </properties>
  <testcase name="testGroupMismatchExceptionHandling" classname="org.apache.hadoop.ozone.client.rpc.TestOzoneClientRetriesOnException" time="43.16"/>
  <testcase name="testMaxRetriesByOzoneClient" classname="org.apache.hadoop.ozone.client.rpc.TestOzoneClientRetriesOnException" time="48.711">
    <failure message="Expected exception not thrown" type="java.lang.AssertionError">java.lang.AssertionError: Expected exception not thrown
	at org.junit.Assert.fail(Assert.java:88)
	at org.apache.hadoop.ozone.client.rpc.TestOzoneClientRetriesOnException.testMaxRetriesByOzoneClient(TestOzoneClientRetriesOnException.java:231)
	at sun.reflect.NativeMethodAccessorImpl.invoke0(Native Method)
	at sun.reflect.NativeMethodAccessorImpl.invoke(NativeMethodAccessorImpl.java:62)
	at sun.reflect.DelegatingMethodAccessorImpl.invoke(DelegatingMethodAccessorImpl.java:43)
	at java.lang.reflect.Method.invoke(Method.java:498)
	at org.junit.runners.model.FrameworkMethod$1.runReflectiveCall(FrameworkMethod.java:47)
	at org.junit.internal.runners.model.ReflectiveCallable.run(ReflectiveCallable.java:12)
	at org.junit.runners.model.FrameworkMethod.invokeExplosively(FrameworkMethod.java:44)
	at org.junit.internal.runners.statements.InvokeMethod.evaluate(InvokeMethod.java:17)
	at org.junit.internal.runners.statements.RunBefores.evaluate(RunBefores.java:26)
	at org.junit.internal.runners.statements.RunAfters.evaluate(RunAfters.java:27)
	at org.junit.internal.runners.statements.FailOnTimeout$StatementThread.run(FailOnTimeout.java:74)
</failure>
    <system-out><![CDATA[2020-10-14 21:15:38,640 [Thread-363] WARN  server.ServerUtils (ServerUtils.java:getScmDbDir(148)) - ozone.scm.db.dirs is not configured. We recommend adding this setting. Falling back to ozone.metadata.dirs instead.
2020-10-14 21:15:38,643 [Thread-363] WARN  server.ServerUtils (ServerUtils.java:getScmDbDir(148)) - ozone.scm.db.dirs is not configured. We recommend adding this setting. Falling back to ozone.metadata.dirs instead.
2020-10-14 21:15:38,644 [Thread-363] WARN  db.DBStoreBuilder (DBStoreBuilder.java:createDBStoreBuilder(283)) - ozone.scm.db.dirs is not configured. We recommend adding this setting. Falling back to ozone.metadata.dirs instead.
2020-10-14 21:15:38,678 [Thread-363] INFO  net.NodeSchemaLoader (NodeSchemaLoader.java:loadSchemaFromFile(126)) - Loading file from sun.misc.CompoundEnumeration@396381a5
2020-10-14 21:15:38,678 [Thread-363] INFO  net.NodeSchemaLoader (NodeSchemaLoader.java:loadSchema(172)) - Loading network topology layer schema file
2020-10-14 21:15:38,683 [Thread-363] WARN  server.ServerUtils (ServerUtils.java:sanitizeUserArgs(73)) - ozone.scm.stale.node.interval value = 300000 is larger than max = 100000 based on the key value of ozone.scm.heartbeat.thread.interval, reset to the max value 100000.
2020-10-14 21:15:38,683 [Thread-363] WARN  server.ServerUtils (ServerUtils.java:sanitizeUserArgs(73)) - ozone.scm.stale.node.interval value = 300000 is larger than max = 100000 based on the key value of ozone.scm.heartbeat.thread.interval, reset to the max value 100000.
2020-10-14 21:15:38,685 [Thread-363] INFO  node.SCMNodeManager (SCMNodeManager.java:<init>(120)) - Entering startup safe mode.
2020-10-14 21:15:38,686 [Thread-363] INFO  algorithms.ContainerPlacementPolicyFactory (ContainerPlacementPolicyFactory.java:getPolicy(60)) - Create container placement policy of type org.apache.hadoop.hdds.scm.container.placement.algorithms.SCMContainerPlacementRandom
2020-10-14 21:15:38,686 [Thread-363] INFO  pipeline.SCMPipelineManager (SCMPipelineManager.java:initializePipelineState(161)) - No pipeline exists in current db
2020-10-14 21:15:38,687 [Thread-363] INFO  algorithms.PipelineChoosePolicyFactory (PipelineChoosePolicyFactory.java:createPipelineChoosePolicyFromClass(75)) - Create pipeline choose policy of type org.apache.hadoop.hdds.scm.pipeline.choose.algorithms.RandomPipelineChoosePolicy
2020-10-14 21:15:38,689 [Thread-363] INFO  safemode.HealthyPipelineSafeModeRule (HealthyPipelineSafeModeRule.java:<init>(89)) - Total pipeline count is 0, healthy pipeline threshold count is 0
2020-10-14 21:15:38,689 [Thread-363] INFO  safemode.OneReplicaPipelineSafeModeRule (OneReplicaPipelineSafeModeRule.java:<init>(79)) - Total pipeline count is 0, pipeline's with at least one datanode reported threshold count is 0
2020-10-14 21:15:38,690 [Thread-363] INFO  ipc.CallQueueManager (CallQueueManager.java:<init>(84)) - Using callQueue: class java.util.concurrent.LinkedBlockingQueue, queueCapacity: 2000, scheduler: class org.apache.hadoop.ipc.DefaultRpcScheduler, ipcBackoff: false.
2020-10-14 21:15:38,695 [Socket Reader #1 for port 0] INFO  ipc.Server (Server.java:run(1219)) - Starting Socket Reader #1 for port 0
2020-10-14 21:15:38,696 [Listener at 0.0.0.0/38265] INFO  ipc.CallQueueManager (CallQueueManager.java:<init>(84)) - Using callQueue: class java.util.concurrent.LinkedBlockingQueue, queueCapacity: 2000, scheduler: class org.apache.hadoop.ipc.DefaultRpcScheduler, ipcBackoff: false.
2020-10-14 21:15:38,696 [Socket Reader #1 for port 0] INFO  ipc.Server (Server.java:run(1219)) - Starting Socket Reader #1 for port 0
2020-10-14 21:15:38,697 [Listener at 0.0.0.0/38539] INFO  ipc.CallQueueManager (CallQueueManager.java:<init>(84)) - Using callQueue: class java.util.concurrent.LinkedBlockingQueue, queueCapacity: 2000, scheduler: class org.apache.hadoop.ipc.DefaultRpcScheduler, ipcBackoff: false.
2020-10-14 21:15:38,698 [Socket Reader #1 for port 0] INFO  ipc.Server (Server.java:run(1219)) - Starting Socket Reader #1 for port 0
2020-10-14 21:15:38,703 [Listener at 0.0.0.0/37875] INFO  http.BaseHttpServer (BaseHttpServer.java:newHttpServer2BuilderForOzone(207)) - Starting Web-server for scm at: http://0.0.0.0:0
2020-10-14 21:15:38,703 [Listener at 0.0.0.0/37875] INFO  http.BaseHttpServer (BaseHttpServer.java:<init>(106)) - Hadoop Security Enabled: false Ozone Security Enabled: false Ozone HTTP Security Enabled: false 
2020-10-14 21:15:38,705 [Listener at 0.0.0.0/37875] INFO  server.AuthenticationFilter (AuthenticationFilter.java:constructSecretProvider(240)) - Unable to initialize FileSignerSecretProvider, falling back to use random secrets.
2020-10-14 21:15:38,705 [Listener at 0.0.0.0/37875] WARN  http.HttpRequestLog (HttpRequestLog.java:getRequestLog(103)) - Jetty request log can only be enabled using Log4j
2020-10-14 21:15:38,707 [Listener at 0.0.0.0/37875] INFO  http.HttpServer2 (HttpServer2.java:addGlobalFilter(1019)) - Added global filter 'safety' (class=org.apache.hadoop.hdds.server.http.HttpServer2$QuotingInputFilter)
2020-10-14 21:15:38,708 [Listener at 0.0.0.0/37875] INFO  http.HttpServer2 (HttpServer2.java:addFilter(995)) - Added filter static_user_filter (class=org.apache.hadoop.http.lib.StaticUserWebFilter$StaticUserFilter) to context scm
2020-10-14 21:15:38,708 [Listener at 0.0.0.0/37875] INFO  http.HttpServer2 (HttpServer2.java:addFilter(1003)) - Added filter static_user_filter (class=org.apache.hadoop.http.lib.StaticUserWebFilter$StaticUserFilter) to context logs
2020-10-14 21:15:38,709 [Listener at 0.0.0.0/37875] INFO  http.HttpServer2 (HttpServer2.java:addFilter(1003)) - Added filter static_user_filter (class=org.apache.hadoop.http.lib.StaticUserWebFilter$StaticUserFilter) to context static
2020-10-14 21:15:38,712 [Listener at 0.0.0.0/37875] INFO  server.StorageContainerManager (StorageContainerManager.java:start(789)) - StorageContainerLocationProtocol RPC server is listening at /0.0.0.0:37875
2020-10-14 21:15:38,713 [Listener at 0.0.0.0/37875] WARN  impl.MetricsConfig (MetricsConfig.java:loadFirst(134)) - Cannot locate configuration: tried hadoop-metrics2-storagecontainermanager.properties,hadoop-metrics2.properties
2020-10-14 21:15:38,715 [Listener at 0.0.0.0/37875] INFO  impl.MetricsSystemImpl (MetricsSystemImpl.java:startTimer(374)) - Scheduled Metric snapshot period at 10 second(s).
2020-10-14 21:15:38,715 [Listener at 0.0.0.0/37875] INFO  impl.MetricsSystemImpl (MetricsSystemImpl.java:start(191)) - StorageContainerManager metrics system started
2020-10-14 21:15:38,721 [Listener at 0.0.0.0/37875] WARN  impl.MetricsSystemImpl (MetricsSystemImpl.java:register(276)) - Sink prometheus already exists!
2020-10-14 21:15:38,728 [Listener at 0.0.0.0/37875] INFO  server.SCMClientProtocolServer (SCMClientProtocolServer.java:start(156)) - RPC server for Client  is listening at /0.0.0.0:37875
2020-10-14 21:15:38,729 [IPC Server Responder] INFO  ipc.Server (Server.java:run(1460)) - IPC Server Responder: starting
2020-10-14 21:15:38,729 [IPC Server listener on 0] INFO  ipc.Server (Server.java:run(1298)) - IPC Server listener on 0: starting
2020-10-14 21:15:38,740 [Listener at 0.0.0.0/37875] INFO  server.StorageContainerManager (StorageContainerManager.java:start(801)) - ScmBlockLocationProtocol RPC server is listening at /0.0.0.0:38539
2020-10-14 21:15:38,741 [Listener at 0.0.0.0/37875] INFO  server.SCMBlockProtocolServer (SCMBlockProtocolServer.java:start(149)) - RPC server for Block Protocol is listening at /0.0.0.0:38539
2020-10-14 21:15:38,741 [IPC Server Responder] INFO  ipc.Server (Server.java:run(1460)) - IPC Server Responder: starting
2020-10-14 21:15:38,742 [IPC Server listener on 0] INFO  ipc.Server (Server.java:run(1298)) - IPC Server listener on 0: starting
2020-10-14 21:15:38,749 [Listener at 0.0.0.0/37875] INFO  server.StorageContainerManager (StorageContainerManager.java:start(807)) - ScmDatanodeProtocl RPC server is listening at /0.0.0.0:38265
2020-10-14 21:15:38,749 [Listener at 0.0.0.0/37875] INFO  server.SCMDatanodeProtocolServer (SCMDatanodeProtocolServer.java:start(172)) - RPC server for DataNodes is listening at /0.0.0.0:38265
2020-10-14 21:15:38,749 [IPC Server Responder] INFO  ipc.Server (Server.java:run(1460)) - IPC Server Responder: starting
2020-10-14 21:15:38,751 [IPC Server listener on 0] INFO  ipc.Server (Server.java:run(1298)) - IPC Server listener on 0: starting
2020-10-14 21:15:38,757 [Listener at 0.0.0.0/37875] INFO  http.HttpServer2 (HttpServer2.java:bindListener(1237)) - Jetty bound to port 46509
2020-10-14 21:15:38,757 [Listener at 0.0.0.0/37875] INFO  server.Server (Server.java:doStart(359)) - jetty-9.4.26.v20200117; built: 2020-01-17T12:35:33.676Z; git: 7b38981d25d14afb4a12ff1f2596756144edf695; jvm 1.8.0_232-b09
2020-10-14 21:15:38,758 [Listener at 0.0.0.0/37875] INFO  server.session (DefaultSessionIdManager.java:doStart(333)) - DefaultSessionIdManager workerName=node0
2020-10-14 21:15:38,758 [Listener at 0.0.0.0/37875] INFO  server.session (DefaultSessionIdManager.java:doStart(338)) - No SessionScavenger set, using defaults
2020-10-14 21:15:38,759 [Listener at 0.0.0.0/37875] INFO  server.session (HouseKeeper.java:startScavenging(140)) - node0 Scavenging every 660000ms
2020-10-14 21:15:38,760 [Listener at 0.0.0.0/37875] INFO  handler.ContextHandler (ContextHandler.java:doStart(825)) - Started o.e.j.s.ServletContextHandler@d16694c{logs,/logs,file:///github/workspace/mnt/ozone/hadoop-ozone/integration-test/target/log,AVAILABLE}
2020-10-14 21:15:38,760 [Listener at 0.0.0.0/37875] INFO  handler.ContextHandler (ContextHandler.java:doStart(825)) - Started o.e.j.s.ServletContextHandler@36ebd6b1{static,/static,file:///github/workspace/mnt/ozone/hadoop-ozone/integration-test/target/test-classes/webapps/static,AVAILABLE}
2020-10-14 21:15:38,764 [Listener at 0.0.0.0/37875] INFO  handler.ContextHandler (ContextHandler.java:doStart(825)) - Started o.e.j.w.WebAppContext@e2ea894{scm,/,file:///github/workspace/mnt/ozone/hadoop-ozone/integration-test/target/test-classes/webapps/scm/,AVAILABLE}{file:/github/workspace/mnt/ozone/hadoop-ozone/integration-test/target/test-classes/webapps/scm}
2020-10-14 21:15:38,768 [Listener at 0.0.0.0/37875] INFO  server.AbstractConnector (AbstractConnector.java:doStart(330)) - Started ServerConnector@5f70cb1f{HTTP/1.1,[http/1.1]}{0.0.0.0:46509}
2020-10-14 21:15:38,768 [Listener at 0.0.0.0/37875] INFO  server.Server (Server.java:doStart(399)) - Started @44160ms
2020-10-14 21:15:38,768 [Listener at 0.0.0.0/37875] WARN  impl.MetricsSystemImpl (MetricsSystemImpl.java:register(276)) - Sink prometheus already exists!
2020-10-14 21:15:38,772 [Listener at 0.0.0.0/37875] INFO  http.BaseHttpServer (BaseHttpServer.java:updateConnectorAddress(327)) - HTTP server of scm listening at http://0.0.0.0:46509
2020-10-14 21:15:38,775 [Listener at 0.0.0.0/37875] WARN  server.ServerUtils (ServerUtils.java:getDBPath(225)) - ozone.om.db.dirs is not configured. We recommend adding this setting. Falling back to ozone.metadata.dirs instead.
2020-10-14 21:15:38,775 [org.apache.hadoop.util.JvmPauseMonitor$Monitor@44d6ba7d] INFO  util.JvmPauseMonitor (JvmPauseMonitor.java:run(188)) - Starting JVM pause monitor
2020-10-14 21:15:38,776 [Listener at 0.0.0.0/37875] INFO  ha.OMHANodeDetails (OMHANodeDetails.java:loadOMHAConfig(104)) - ozone.om.internal.service.id is not defined, falling back to ozone.om.service.ids to find serviceID for OzoneManager if it is HA enabled cluster
2020-10-14 21:15:38,776 [Listener at 0.0.0.0/37875] INFO  ha.OMHANodeDetails (OMHANodeDetails.java:loadOMHAConfig(213)) - Configuration either no ozone.om.address set. Falling back to the default OM address /127.0.0.1:0
2020-10-14 21:15:38,776 [Listener at 0.0.0.0/37875] INFO  ha.OMHANodeDetails (OMHANodeDetails.java:getOMNodeDetails(241)) - OM Service ID is not set. Setting it to the default ID: omServiceIdDefault
2020-10-14 21:15:38,777 [Listener at 0.0.0.0/37875] WARN  server.ServerUtils (ServerUtils.java:getDBPath(225)) - ozone.om.db.dirs is not configured. We recommend adding this setting. Falling back to ozone.metadata.dirs instead.
2020-10-14 21:15:38,777 [Listener at 0.0.0.0/37875] WARN  server.ServerUtils (ServerUtils.java:getDBPath(225)) - ozone.om.db.dirs is not configured. We recommend adding this setting. Falling back to ozone.metadata.dirs instead.
2020-10-14 21:15:38,781 [Listener at 0.0.0.0/37875] WARN  server.ServerUtils (ServerUtils.java:getDBPath(225)) - ozone.om.db.dirs is not configured. We recommend adding this setting. Falling back to ozone.metadata.dirs instead.
2020-10-14 21:15:38,782 [Listener at 0.0.0.0/37875] INFO  codec.OmKeyInfoCodec (OmKeyInfoCodec.java:<init>(41)) - OmKeyInfoCodec ignorePipeline = true
2020-10-14 21:15:38,782 [Listener at 0.0.0.0/37875] INFO  codec.RepeatedOmKeyInfoCodec (RepeatedOmKeyInfoCodec.java:<init>(40)) - RepeatedOmKeyInfoCodec ignorePipeline = true
2020-10-14 21:15:38,841 [Listener at 0.0.0.0/37875] INFO  om.OzoneManager (OzoneManager.java:addS3GVolumeToDB(3621)) - Created Volume s3v With Owner jenkins1001 required for S3Gateway operations.
2020-10-14 21:15:38,842 [Listener at 0.0.0.0/37875] INFO  ipc.CallQueueManager (CallQueueManager.java:<init>(84)) - Using callQueue: class java.util.concurrent.LinkedBlockingQueue, queueCapacity: 2000, scheduler: class org.apache.hadoop.ipc.DefaultRpcScheduler, ipcBackoff: false.
2020-10-14 21:15:38,843 [Socket Reader #1 for port 0] INFO  ipc.Server (Server.java:run(1219)) - Starting Socket Reader #1 for port 0
2020-10-14 21:15:38,864 [Listener at 127.0.0.1/35811] INFO  impl.MetricsSystemImpl (MetricsSystemImpl.java:init(158)) - OzoneManager metrics system started (again)
2020-10-14 21:15:38,864 [Listener at 127.0.0.1/35811] INFO  om.OzoneManager (OzoneManager.java:start(1133)) - OzoneManager RPC server is listening at localhost/127.0.0.1:35811
2020-10-14 21:15:38,870 [Listener at 127.0.0.1/35811] INFO  http.BaseHttpServer (BaseHttpServer.java:newHttpServer2BuilderForOzone(207)) - Starting Web-server for ozoneManager at: http://0.0.0.0:0
2020-10-14 21:15:38,870 [Listener at 127.0.0.1/35811] INFO  http.BaseHttpServer (BaseHttpServer.java:<init>(106)) - Hadoop Security Enabled: false Ozone Security Enabled: false Ozone HTTP Security Enabled: false 
2020-10-14 21:15:38,872 [Listener at 127.0.0.1/35811] INFO  server.AuthenticationFilter (AuthenticationFilter.java:constructSecretProvider(240)) - Unable to initialize FileSignerSecretProvider, falling back to use random secrets.
2020-10-14 21:15:38,872 [Listener at 127.0.0.1/35811] WARN  http.HttpRequestLog (HttpRequestLog.java:getRequestLog(103)) - Jetty request log can only be enabled using Log4j
2020-10-14 21:15:38,873 [Listener at 127.0.0.1/35811] INFO  http.HttpServer2 (HttpServer2.java:addGlobalFilter(1019)) - Added global filter 'safety' (class=org.apache.hadoop.hdds.server.http.HttpServer2$QuotingInputFilter)
2020-10-14 21:15:38,874 [Listener at 127.0.0.1/35811] INFO  http.HttpServer2 (HttpServer2.java:addFilter(995)) - Added filter static_user_filter (class=org.apache.hadoop.http.lib.StaticUserWebFilter$StaticUserFilter) to context ozoneManager
2020-10-14 21:15:38,874 [Listener at 127.0.0.1/35811] INFO  http.HttpServer2 (HttpServer2.java:addFilter(1003)) - Added filter static_user_filter (class=org.apache.hadoop.http.lib.StaticUserWebFilter$StaticUserFilter) to context static
2020-10-14 21:15:38,874 [Listener at 127.0.0.1/35811] INFO  http.HttpServer2 (HttpServer2.java:addFilter(1003)) - Added filter static_user_filter (class=org.apache.hadoop.http.lib.StaticUserWebFilter$StaticUserFilter) to context logs
2020-10-14 21:15:38,874 [Listener at 127.0.0.1/35811] INFO  http.HttpServer2 (HttpServer2.java:bindListener(1237)) - Jetty bound to port 33053
2020-10-14 21:15:38,874 [Listener at 127.0.0.1/35811] INFO  server.Server (Server.java:doStart(359)) - jetty-9.4.26.v20200117; built: 2020-01-17T12:35:33.676Z; git: 7b38981d25d14afb4a12ff1f2596756144edf695; jvm 1.8.0_232-b09
2020-10-14 21:15:38,878 [Listener at 127.0.0.1/35811] INFO  server.session (DefaultSessionIdManager.java:doStart(333)) - DefaultSessionIdManager workerName=node0
2020-10-14 21:15:38,878 [Listener at 127.0.0.1/35811] INFO  server.session (DefaultSessionIdManager.java:doStart(338)) - No SessionScavenger set, using defaults
2020-10-14 21:15:38,879 [Listener at 127.0.0.1/35811] INFO  server.session (HouseKeeper.java:startScavenging(140)) - node0 Scavenging every 600000ms
2020-10-14 21:15:38,879 [Listener at 127.0.0.1/35811] INFO  handler.ContextHandler (ContextHandler.java:doStart(825)) - Started o.e.j.s.ServletContextHandler@4908c233{logs,/logs,file:///github/workspace/mnt/ozone/hadoop-ozone/integration-test/target/log,AVAILABLE}
2020-10-14 21:15:38,879 [Listener at 127.0.0.1/35811] INFO  handler.ContextHandler (ContextHandler.java:doStart(825)) - Started o.e.j.s.ServletContextHandler@711fa45d{static,/static,file:///github/workspace/mnt/ozone/hadoop-ozone/integration-test/target/test-classes/webapps/static,AVAILABLE}
2020-10-14 21:15:38,883 [Listener at 127.0.0.1/35811] INFO  handler.ContextHandler (ContextHandler.java:doStart(825)) - Started o.e.j.w.WebAppContext@6abd4566{ozoneManager,/,file:///github/workspace/mnt/ozone/hadoop-ozone/integration-test/target/test-classes/webapps/ozoneManager/,AVAILABLE}{file:/github/workspace/mnt/ozone/hadoop-ozone/integration-test/target/test-classes/webapps/ozoneManager}
2020-10-14 21:15:38,885 [Listener at 127.0.0.1/35811] INFO  server.AbstractConnector (AbstractConnector.java:doStart(330)) - Started ServerConnector@77aadebc{HTTP/1.1,[http/1.1]}{0.0.0.0:33053}
2020-10-14 21:15:38,885 [Listener at 127.0.0.1/35811] INFO  server.Server (Server.java:doStart(399)) - Started @44277ms
2020-10-14 21:15:38,885 [Listener at 127.0.0.1/35811] WARN  impl.MetricsSystemImpl (MetricsSystemImpl.java:register(276)) - Sink prometheus already exists!
2020-10-14 21:15:38,891 [Listener at 127.0.0.1/35811] INFO  http.BaseHttpServer (BaseHttpServer.java:updateConnectorAddress(327)) - HTTP server of ozoneManager listening at http://0.0.0.0:33053
2020-10-14 21:15:38,891 [IPC Server Responder] INFO  ipc.Server (Server.java:run(1460)) - IPC Server Responder: starting
2020-10-14 21:15:38,894 [IPC Server listener on 0] INFO  ipc.Server (Server.java:run(1298)) - IPC Server listener on 0: starting
2020-10-14 21:15:38,902 [org.apache.hadoop.util.JvmPauseMonitor$Monitor@615be916] INFO  util.JvmPauseMonitor (JvmPauseMonitor.java:run(188)) - Starting JVM pause monitor
2020-10-14 21:15:38,919 [Listener at 127.0.0.1/35811] INFO  impl.MetricsSystemImpl (MetricsSystemImpl.java:init(158)) - HddsDatanode metrics system started (again)
2020-10-14 21:15:38,920 [Listener at 127.0.0.1/35811] INFO  ozone.HddsDatanodeService (HddsDatanodeService.java:start(217)) - HddsDatanodeService host:c0b050688864 ip:172.17.0.2
2020-10-14 21:15:38,921 [Listener at 127.0.0.1/35811] INFO  volume.HddsVolume (HddsVolume.java:<init>(176)) - Creating Volume: /github/workspace/mnt/ozone/hadoop-ozone/integration-test/target/test-dir/MiniOzoneClusterImpl-2e4050b2-a17a-4fa5-be17-26c3c845a162/datanode-0/data-0/containers/hdds of storage type : DISK and capacity : 9223372036854775807
2020-10-14 21:15:38,921 [Listener at 127.0.0.1/35811] INFO  volume.MutableVolumeSet (MutableVolumeSet.java:initializeVolumeSet(179)) - Added Volume : /github/workspace/mnt/ozone/hadoop-ozone/integration-test/target/test-dir/MiniOzoneClusterImpl-2e4050b2-a17a-4fa5-be17-26c3c845a162/datanode-0/data-0/containers/hdds to VolumeSet
2020-10-14 21:15:38,921 [Listener at 127.0.0.1/35811] INFO  volume.ThrottledAsyncChecker (ThrottledAsyncChecker.java:schedule(141)) - Scheduling a check for /github/workspace/mnt/ozone/hadoop-ozone/integration-test/target/test-dir/MiniOzoneClusterImpl-2e4050b2-a17a-4fa5-be17-26c3c845a162/datanode-0/data-0/containers/hdds
2020-10-14 21:15:38,922 [Listener at 127.0.0.1/35811] INFO  volume.HddsVolumeChecker (HddsVolumeChecker.java:checkAllVolumes(200)) - Scheduled health check for volume /github/workspace/mnt/ozone/hadoop-ozone/integration-test/target/test-dir/MiniOzoneClusterImpl-2e4050b2-a17a-4fa5-be17-26c3c845a162/datanode-0/data-0/containers/hdds
2020-10-14 21:15:38,935 [Thread-487] INFO  ozoneimpl.ContainerReader (ContainerReader.java:readVolume(123)) - Start to verify containers on volume /github/workspace/mnt/ozone/hadoop-ozone/integration-test/target/test-dir/MiniOzoneClusterImpl-2e4050b2-a17a-4fa5-be17-26c3c845a162/datanode-0/data-0/containers/hdds
2020-10-14 21:15:38,936 [Thread-487] INFO  ozoneimpl.ContainerReader (ContainerReader.java:readVolume(148)) - Finish verifying containers on volume /github/workspace/mnt/ozone/hadoop-ozone/integration-test/target/test-dir/MiniOzoneClusterImpl-2e4050b2-a17a-4fa5-be17-26c3c845a162/datanode-0/data-0/containers/hdds
2020-10-14 21:15:38,936 [Listener at 127.0.0.1/35811] INFO  ozoneimpl.OzoneContainer (OzoneContainer.java:buildContainerSet(196)) - Build ContainerSet costs 0s
2020-10-14 21:15:38,938 [Listener at 127.0.0.1/35811] INFO  impl.RaftServerProxy (ConfUtils.java:logGet(44)) - raft.rpc.type = GRPC (default)
2020-10-14 21:15:38,938 [Listener at 127.0.0.1/35811] INFO  grpc.GrpcFactory (GrpcFactory.java:checkPooledByteBufAllocatorUseCacheForAllThreads(45)) - PERFORMANCE WARNING: useCacheForAllThreads is true that may cause Netty to create a lot garbage objects and, as a result, trigger GC.
	It is recommended to disable useCacheForAllThreads by setting -Dorg.apache.ratis.thirdparty.io.netty.allocator.useCacheForAllThreads=false in command line.
2020-10-14 21:15:38,938 [Listener at 127.0.0.1/35811] INFO  grpc.GrpcConfigKeys (ConfUtils.java:logGet(44)) - raft.grpc.server.port = 0 (default)
2020-10-14 21:15:38,938 [Listener at 127.0.0.1/35811] INFO  server.GrpcService (ConfUtils.java:logGet(44)) - raft.grpc.message.size.max = 32MB (=33554432) (custom)
2020-10-14 21:15:38,938 [Listener at 127.0.0.1/35811] INFO  server.RaftServerConfigKeys (ConfUtils.java:logGet(44)) - raft.server.log.appender.buffer.byte-limit = 33554432 (custom)
2020-10-14 21:15:38,938 [Listener at 127.0.0.1/35811] INFO  server.GrpcService (ConfUtils.java:logGet(44)) - raft.grpc.flow.control.window = 5MB (=5242880) (custom)
2020-10-14 21:15:38,938 [Listener at 127.0.0.1/35811] INFO  server.RaftServerConfigKeys (ConfUtils.java:logGet(44)) - raft.server.rpc.request.timeout = 60s (custom)
2020-10-14 21:15:38,939 [Listener at 127.0.0.1/35811] INFO  server.RaftServerConfigKeys (ConfUtils.java:logGet(44)) - raft.server.storage.dir = [/github/workspace/mnt/ozone/hadoop-ozone/integration-test/target/test-dir/MiniOzoneClusterImpl-2e4050b2-a17a-4fa5-be17-26c3c845a162/datanode-0/data/ratis] (custom)
2020-10-14 21:15:38,944 [Listener at 127.0.0.1/35811] INFO  http.BaseHttpServer (BaseHttpServer.java:newHttpServer2BuilderForOzone(207)) - Starting Web-server for hddsDatanode at: http://0.0.0.0:0
2020-10-14 21:15:38,944 [Listener at 127.0.0.1/35811] INFO  http.BaseHttpServer (BaseHttpServer.java:<init>(106)) - Hadoop Security Enabled: false Ozone Security Enabled: false Ozone HTTP Security Enabled: false 
2020-10-14 21:15:38,945 [Listener at 127.0.0.1/35811] INFO  server.AuthenticationFilter (AuthenticationFilter.java:constructSecretProvider(240)) - Unable to initialize FileSignerSecretProvider, falling back to use random secrets.
2020-10-14 21:15:38,946 [Listener at 127.0.0.1/35811] WARN  http.HttpRequestLog (HttpRequestLog.java:getRequestLog(103)) - Jetty request log can only be enabled using Log4j
2020-10-14 21:15:38,946 [Listener at 127.0.0.1/35811] INFO  http.HttpServer2 (HttpServer2.java:addGlobalFilter(1019)) - Added global filter 'safety' (class=org.apache.hadoop.hdds.server.http.HttpServer2$QuotingInputFilter)
2020-10-14 21:15:38,947 [Listener at 127.0.0.1/35811] INFO  http.HttpServer2 (HttpServer2.java:addFilter(995)) - Added filter static_user_filter (class=org.apache.hadoop.http.lib.StaticUserWebFilter$StaticUserFilter) to context hddsDatanode
2020-10-14 21:15:38,947 [Listener at 127.0.0.1/35811] INFO  http.HttpServer2 (HttpServer2.java:addFilter(1003)) - Added filter static_user_filter (class=org.apache.hadoop.http.lib.StaticUserWebFilter$StaticUserFilter) to context static
2020-10-14 21:15:38,947 [Listener at 127.0.0.1/35811] INFO  http.HttpServer2 (HttpServer2.java:addFilter(1003)) - Added filter static_user_filter (class=org.apache.hadoop.http.lib.StaticUserWebFilter$StaticUserFilter) to context logs
2020-10-14 21:15:38,948 [Listener at 127.0.0.1/35811] INFO  http.HttpServer2 (HttpServer2.java:bindListener(1237)) - Jetty bound to port 33561
2020-10-14 21:15:38,948 [Listener at 127.0.0.1/35811] INFO  server.Server (Server.java:doStart(359)) - jetty-9.4.26.v20200117; built: 2020-01-17T12:35:33.676Z; git: 7b38981d25d14afb4a12ff1f2596756144edf695; jvm 1.8.0_232-b09
2020-10-14 21:15:38,949 [Listener at 127.0.0.1/35811] INFO  server.session (DefaultSessionIdManager.java:doStart(333)) - DefaultSessionIdManager workerName=node0
2020-10-14 21:15:38,949 [Listener at 127.0.0.1/35811] INFO  server.session (DefaultSessionIdManager.java:doStart(338)) - No SessionScavenger set, using defaults
2020-10-14 21:15:38,950 [Listener at 127.0.0.1/35811] INFO  server.session (HouseKeeper.java:startScavenging(140)) - node0 Scavenging every 660000ms
2020-10-14 21:15:38,950 [Listener at 127.0.0.1/35811] INFO  handler.ContextHandler (ContextHandler.java:doStart(825)) - Started o.e.j.s.ServletContextHandler@6063e5e9{logs,/logs,file:///github/workspace/mnt/ozone/hadoop-ozone/integration-test/target/log,AVAILABLE}
2020-10-14 21:15:38,950 [Listener at 127.0.0.1/35811] INFO  handler.ContextHandler (ContextHandler.java:doStart(825)) - Started o.e.j.s.ServletContextHandler@25bd6cae{static,/static,jar:file:/home/user/.m2/repository/org/apache/hadoop/hadoop-hdds-container-service/1.1.0-SNAPSHOT/hadoop-hdds-container-service-1.1.0-SNAPSHOT.jar!/webapps/static,AVAILABLE}
2020-10-14 21:15:39,097 [Listener at 127.0.0.1/35811] INFO  handler.ContextHandler (ContextHandler.java:doStart(825)) - Started o.e.j.w.WebAppContext@3dd8cb5f{hddsDatanode,/,file:///tmp/jetty-0_0_0_0-33561-hadoop-hdds-container-service-1_1_0-SNAPSHOT_jar-_-any-5383486925336145501.dir/webapp/,AVAILABLE}{jar:file:/home/user/.m2/repository/org/apache/hadoop/hadoop-hdds-container-service/1.1.0-SNAPSHOT/hadoop-hdds-container-service-1.1.0-SNAPSHOT.jar!/webapps/hddsDatanode}
2020-10-14 21:15:39,098 [Listener at 127.0.0.1/35811] INFO  server.AbstractConnector (AbstractConnector.java:doStart(330)) - Started ServerConnector@70ae47b2{HTTP/1.1,[http/1.1]}{0.0.0.0:33561}
2020-10-14 21:15:39,099 [Listener at 127.0.0.1/35811] INFO  server.Server (Server.java:doStart(399)) - Started @44491ms
2020-10-14 21:15:39,099 [Listener at 127.0.0.1/35811] WARN  impl.MetricsSystemImpl (MetricsSystemImpl.java:register(276)) - Sink prometheus already exists!
2020-10-14 21:15:39,102 [Listener at 127.0.0.1/35811] INFO  http.BaseHttpServer (BaseHttpServer.java:updateConnectorAddress(327)) - HTTP server of hddsDatanode listening at http://0.0.0.0:33561
2020-10-14 21:15:39,103 [Listener at 127.0.0.1/35811] INFO  impl.MetricsSystemImpl (MetricsSystemImpl.java:init(158)) - HddsDatanode metrics system started (again)
2020-10-14 21:15:39,104 [Listener at 127.0.0.1/35811] INFO  ozone.HddsDatanodeService (HddsDatanodeService.java:start(217)) - HddsDatanodeService host:c0b050688864 ip:172.17.0.2
2020-10-14 21:15:39,108 [Listener at 127.0.0.1/35811] INFO  volume.HddsVolume (HddsVolume.java:<init>(176)) - Creating Volume: /github/workspace/mnt/ozone/hadoop-ozone/integration-test/target/test-dir/MiniOzoneClusterImpl-2e4050b2-a17a-4fa5-be17-26c3c845a162/datanode-1/data-0/containers/hdds of storage type : DISK and capacity : 9223372036854775807
2020-10-14 21:15:39,108 [Listener at 127.0.0.1/35811] INFO  volume.MutableVolumeSet (MutableVolumeSet.java:initializeVolumeSet(179)) - Added Volume : /github/workspace/mnt/ozone/hadoop-ozone/integration-test/target/test-dir/MiniOzoneClusterImpl-2e4050b2-a17a-4fa5-be17-26c3c845a162/datanode-1/data-0/containers/hdds to VolumeSet
2020-10-14 21:15:39,108 [Listener at 127.0.0.1/35811] INFO  volume.ThrottledAsyncChecker (ThrottledAsyncChecker.java:schedule(141)) - Scheduling a check for /github/workspace/mnt/ozone/hadoop-ozone/integration-test/target/test-dir/MiniOzoneClusterImpl-2e4050b2-a17a-4fa5-be17-26c3c845a162/datanode-1/data-0/containers/hdds
2020-10-14 21:15:39,109 [org.apache.hadoop.util.JvmPauseMonitor$Monitor@752ee8bc] INFO  util.JvmPauseMonitor (JvmPauseMonitor.java:run(188)) - Starting JVM pause monitor
2020-10-14 21:15:39,109 [Listener at 127.0.0.1/35811] INFO  volume.HddsVolumeChecker (HddsVolumeChecker.java:checkAllVolumes(200)) - Scheduled health check for volume /github/workspace/mnt/ozone/hadoop-ozone/integration-test/target/test-dir/MiniOzoneClusterImpl-2e4050b2-a17a-4fa5-be17-26c3c845a162/datanode-1/data-0/containers/hdds
2020-10-14 21:15:39,111 [Datanode State Machine Task Thread - 0] INFO  datanode.InitDatanodeState (InitDatanodeState.java:persistContainerDatanodeDetails(145)) - DatanodeDetails is persisted to /github/workspace/mnt/ozone/hadoop-ozone/integration-test/target/test-dir/MiniOzoneClusterImpl-2e4050b2-a17a-4fa5-be17-26c3c845a162/datanode-0/meta/datanode.id
2020-10-14 21:15:39,123 [Thread-498] INFO  ozoneimpl.ContainerReader (ContainerReader.java:readVolume(123)) - Start to verify containers on volume /github/workspace/mnt/ozone/hadoop-ozone/integration-test/target/test-dir/MiniOzoneClusterImpl-2e4050b2-a17a-4fa5-be17-26c3c845a162/datanode-1/data-0/containers/hdds
2020-10-14 21:15:39,124 [Thread-498] INFO  ozoneimpl.ContainerReader (ContainerReader.java:readVolume(148)) - Finish verifying containers on volume /github/workspace/mnt/ozone/hadoop-ozone/integration-test/target/test-dir/MiniOzoneClusterImpl-2e4050b2-a17a-4fa5-be17-26c3c845a162/datanode-1/data-0/containers/hdds
2020-10-14 21:15:39,124 [Listener at 127.0.0.1/35811] INFO  ozoneimpl.OzoneContainer (OzoneContainer.java:buildContainerSet(196)) - Build ContainerSet costs 0s
2020-10-14 21:15:39,126 [Listener at 127.0.0.1/35811] INFO  impl.RaftServerProxy (ConfUtils.java:logGet(44)) - raft.rpc.type = GRPC (default)
2020-10-14 21:15:39,126 [Listener at 127.0.0.1/35811] INFO  grpc.GrpcFactory (GrpcFactory.java:checkPooledByteBufAllocatorUseCacheForAllThreads(45)) - PERFORMANCE WARNING: useCacheForAllThreads is true that may cause Netty to create a lot garbage objects and, as a result, trigger GC.
	It is recommended to disable useCacheForAllThreads by setting -Dorg.apache.ratis.thirdparty.io.netty.allocator.useCacheForAllThreads=false in command line.
2020-10-14 21:15:39,126 [Listener at 127.0.0.1/35811] INFO  grpc.GrpcConfigKeys (ConfUtils.java:logGet(44)) - raft.grpc.server.port = 0 (default)
2020-10-14 21:15:39,126 [Listener at 127.0.0.1/35811] INFO  server.GrpcService (ConfUtils.java:logGet(44)) - raft.grpc.message.size.max = 32MB (=33554432) (custom)
2020-10-14 21:15:39,126 [Listener at 127.0.0.1/35811] INFO  server.RaftServerConfigKeys (ConfUtils.java:logGet(44)) - raft.server.log.appender.buffer.byte-limit = 33554432 (custom)
2020-10-14 21:15:39,126 [Listener at 127.0.0.1/35811] INFO  server.GrpcService (ConfUtils.java:logGet(44)) - raft.grpc.flow.control.window = 5MB (=5242880) (custom)
2020-10-14 21:15:39,126 [Listener at 127.0.0.1/35811] INFO  server.RaftServerConfigKeys (ConfUtils.java:logGet(44)) - raft.server.rpc.request.timeout = 60s (custom)
2020-10-14 21:15:39,127 [Listener at 127.0.0.1/35811] INFO  server.RaftServerConfigKeys (ConfUtils.java:logGet(44)) - raft.server.storage.dir = [/github/workspace/mnt/ozone/hadoop-ozone/integration-test/target/test-dir/MiniOzoneClusterImpl-2e4050b2-a17a-4fa5-be17-26c3c845a162/datanode-1/data/ratis] (custom)
2020-10-14 21:15:39,132 [Listener at 127.0.0.1/35811] INFO  http.BaseHttpServer (BaseHttpServer.java:newHttpServer2BuilderForOzone(207)) - Starting Web-server for hddsDatanode at: http://0.0.0.0:0
2020-10-14 21:15:39,132 [Listener at 127.0.0.1/35811] INFO  http.BaseHttpServer (BaseHttpServer.java:<init>(106)) - Hadoop Security Enabled: false Ozone Security Enabled: false Ozone HTTP Security Enabled: false 
2020-10-14 21:15:39,133 [Listener at 127.0.0.1/35811] INFO  server.AuthenticationFilter (AuthenticationFilter.java:constructSecretProvider(240)) - Unable to initialize FileSignerSecretProvider, falling back to use random secrets.
2020-10-14 21:15:39,133 [Listener at 127.0.0.1/35811] WARN  http.HttpRequestLog (HttpRequestLog.java:getRequestLog(103)) - Jetty request log can only be enabled using Log4j
2020-10-14 21:15:39,134 [Listener at 127.0.0.1/35811] INFO  http.HttpServer2 (HttpServer2.java:addGlobalFilter(1019)) - Added global filter 'safety' (class=org.apache.hadoop.hdds.server.http.HttpServer2$QuotingInputFilter)
2020-10-14 21:15:39,135 [Listener at 127.0.0.1/35811] INFO  http.HttpServer2 (HttpServer2.java:addFilter(995)) - Added filter static_user_filter (class=org.apache.hadoop.http.lib.StaticUserWebFilter$StaticUserFilter) to context hddsDatanode
2020-10-14 21:15:39,135 [Listener at 127.0.0.1/35811] INFO  http.HttpServer2 (HttpServer2.java:addFilter(1003)) - Added filter static_user_filter (class=org.apache.hadoop.http.lib.StaticUserWebFilter$StaticUserFilter) to context static
2020-10-14 21:15:39,135 [Listener at 127.0.0.1/35811] INFO  http.HttpServer2 (HttpServer2.java:addFilter(1003)) - Added filter static_user_filter (class=org.apache.hadoop.http.lib.StaticUserWebFilter$StaticUserFilter) to context logs
2020-10-14 21:15:39,136 [Listener at 127.0.0.1/35811] INFO  http.HttpServer2 (HttpServer2.java:bindListener(1237)) - Jetty bound to port 42343
2020-10-14 21:15:39,136 [Listener at 127.0.0.1/35811] INFO  server.Server (Server.java:doStart(359)) - jetty-9.4.26.v20200117; built: 2020-01-17T12:35:33.676Z; git: 7b38981d25d14afb4a12ff1f2596756144edf695; jvm 1.8.0_232-b09
2020-10-14 21:15:39,137 [Listener at 127.0.0.1/35811] INFO  server.session (DefaultSessionIdManager.java:doStart(333)) - DefaultSessionIdManager workerName=node0
2020-10-14 21:15:39,138 [Listener at 127.0.0.1/35811] INFO  server.session (DefaultSessionIdManager.java:doStart(338)) - No SessionScavenger set, using defaults
2020-10-14 21:15:39,138 [Listener at 127.0.0.1/35811] INFO  server.session (HouseKeeper.java:startScavenging(140)) - node0 Scavenging every 660000ms
2020-10-14 21:15:39,138 [Listener at 127.0.0.1/35811] INFO  handler.ContextHandler (ContextHandler.java:doStart(825)) - Started o.e.j.s.ServletContextHandler@686101b{logs,/logs,file:///github/workspace/mnt/ozone/hadoop-ozone/integration-test/target/log,AVAILABLE}
2020-10-14 21:15:39,139 [Listener at 127.0.0.1/35811] INFO  handler.ContextHandler (ContextHandler.java:doStart(825)) - Started o.e.j.s.ServletContextHandler@5e6cb516{static,/static,jar:file:/home/user/.m2/repository/org/apache/hadoop/hadoop-hdds-container-service/1.1.0-SNAPSHOT/hadoop-hdds-container-service-1.1.0-SNAPSHOT.jar!/webapps/static,AVAILABLE}
2020-10-14 21:15:39,271 [Listener at 127.0.0.1/35811] INFO  handler.ContextHandler (ContextHandler.java:doStart(825)) - Started o.e.j.w.WebAppContext@3df80ec8{hddsDatanode,/,file:///tmp/jetty-0_0_0_0-42343-hadoop-hdds-container-service-1_1_0-SNAPSHOT_jar-_-any-6812635614494906418.dir/webapp/,AVAILABLE}{jar:file:/home/user/.m2/repository/org/apache/hadoop/hadoop-hdds-container-service/1.1.0-SNAPSHOT/hadoop-hdds-container-service-1.1.0-SNAPSHOT.jar!/webapps/hddsDatanode}
2020-10-14 21:15:39,273 [Listener at 127.0.0.1/35811] INFO  server.AbstractConnector (AbstractConnector.java:doStart(330)) - Started ServerConnector@eedbce1{HTTP/1.1,[http/1.1]}{0.0.0.0:42343}
2020-10-14 21:15:39,273 [Listener at 127.0.0.1/35811] INFO  server.Server (Server.java:doStart(399)) - Started @44665ms
2020-10-14 21:15:39,273 [Listener at 127.0.0.1/35811] WARN  impl.MetricsSystemImpl (MetricsSystemImpl.java:register(276)) - Sink prometheus already exists!
2020-10-14 21:15:39,277 [Listener at 127.0.0.1/35811] INFO  http.BaseHttpServer (BaseHttpServer.java:updateConnectorAddress(327)) - HTTP server of hddsDatanode listening at http://0.0.0.0:42343
2020-10-14 21:15:39,281 [Listener at 127.0.0.1/35811] INFO  impl.MetricsSystemImpl (MetricsSystemImpl.java:init(158)) - HddsDatanode metrics system started (again)
2020-10-14 21:15:39,283 [Listener at 127.0.0.1/35811] INFO  ozone.HddsDatanodeService (HddsDatanodeService.java:start(217)) - HddsDatanodeService host:c0b050688864 ip:172.17.0.2
2020-10-14 21:15:39,287 [org.apache.hadoop.util.JvmPauseMonitor$Monitor@51559c58] INFO  util.JvmPauseMonitor (JvmPauseMonitor.java:run(188)) - Starting JVM pause monitor
2020-10-14 21:15:39,288 [Listener at 127.0.0.1/35811] INFO  volume.HddsVolume (HddsVolume.java:<init>(176)) - Creating Volume: /github/workspace/mnt/ozone/hadoop-ozone/integration-test/target/test-dir/MiniOzoneClusterImpl-2e4050b2-a17a-4fa5-be17-26c3c845a162/datanode-2/data-0/containers/hdds of storage type : DISK and capacity : 9223372036854775807
2020-10-14 21:15:39,288 [Listener at 127.0.0.1/35811] INFO  volume.MutableVolumeSet (MutableVolumeSet.java:initializeVolumeSet(179)) - Added Volume : /github/workspace/mnt/ozone/hadoop-ozone/integration-test/target/test-dir/MiniOzoneClusterImpl-2e4050b2-a17a-4fa5-be17-26c3c845a162/datanode-2/data-0/containers/hdds to VolumeSet
2020-10-14 21:15:39,288 [Listener at 127.0.0.1/35811] INFO  volume.ThrottledAsyncChecker (ThrottledAsyncChecker.java:schedule(141)) - Scheduling a check for /github/workspace/mnt/ozone/hadoop-ozone/integration-test/target/test-dir/MiniOzoneClusterImpl-2e4050b2-a17a-4fa5-be17-26c3c845a162/datanode-2/data-0/containers/hdds
2020-10-14 21:15:39,290 [Datanode State Machine Task Thread - 0] INFO  datanode.InitDatanodeState (InitDatanodeState.java:persistContainerDatanodeDetails(145)) - DatanodeDetails is persisted to /github/workspace/mnt/ozone/hadoop-ozone/integration-test/target/test-dir/MiniOzoneClusterImpl-2e4050b2-a17a-4fa5-be17-26c3c845a162/datanode-1/meta/datanode.id
2020-10-14 21:15:39,291 [Listener at 127.0.0.1/35811] INFO  volume.HddsVolumeChecker (HddsVolumeChecker.java:checkAllVolumes(200)) - Scheduled health check for volume /github/workspace/mnt/ozone/hadoop-ozone/integration-test/target/test-dir/MiniOzoneClusterImpl-2e4050b2-a17a-4fa5-be17-26c3c845a162/datanode-2/data-0/containers/hdds
2020-10-14 21:15:39,303 [Thread-509] INFO  ozoneimpl.ContainerReader (ContainerReader.java:readVolume(123)) - Start to verify containers on volume /github/workspace/mnt/ozone/hadoop-ozone/integration-test/target/test-dir/MiniOzoneClusterImpl-2e4050b2-a17a-4fa5-be17-26c3c845a162/datanode-2/data-0/containers/hdds
2020-10-14 21:15:39,304 [Thread-509] INFO  ozoneimpl.ContainerReader (ContainerReader.java:readVolume(148)) - Finish verifying containers on volume /github/workspace/mnt/ozone/hadoop-ozone/integration-test/target/test-dir/MiniOzoneClusterImpl-2e4050b2-a17a-4fa5-be17-26c3c845a162/datanode-2/data-0/containers/hdds
2020-10-14 21:15:39,304 [Listener at 127.0.0.1/35811] INFO  ozoneimpl.OzoneContainer (OzoneContainer.java:buildContainerSet(196)) - Build ContainerSet costs 0s
2020-10-14 21:15:39,305 [Listener at 127.0.0.1/35811] INFO  impl.RaftServerProxy (ConfUtils.java:logGet(44)) - raft.rpc.type = GRPC (default)
2020-10-14 21:15:39,306 [Listener at 127.0.0.1/35811] INFO  grpc.GrpcFactory (GrpcFactory.java:checkPooledByteBufAllocatorUseCacheForAllThreads(45)) - PERFORMANCE WARNING: useCacheForAllThreads is true that may cause Netty to create a lot garbage objects and, as a result, trigger GC.
	It is recommended to disable useCacheForAllThreads by setting -Dorg.apache.ratis.thirdparty.io.netty.allocator.useCacheForAllThreads=false in command line.
2020-10-14 21:15:39,306 [Listener at 127.0.0.1/35811] INFO  grpc.GrpcConfigKeys (ConfUtils.java:logGet(44)) - raft.grpc.server.port = 0 (default)
2020-10-14 21:15:39,306 [Listener at 127.0.0.1/35811] INFO  server.GrpcService (ConfUtils.java:logGet(44)) - raft.grpc.message.size.max = 32MB (=33554432) (custom)
2020-10-14 21:15:39,306 [Listener at 127.0.0.1/35811] INFO  server.RaftServerConfigKeys (ConfUtils.java:logGet(44)) - raft.server.log.appender.buffer.byte-limit = 33554432 (custom)
2020-10-14 21:15:39,306 [Listener at 127.0.0.1/35811] INFO  server.GrpcService (ConfUtils.java:logGet(44)) - raft.grpc.flow.control.window = 5MB (=5242880) (custom)
2020-10-14 21:15:39,306 [Listener at 127.0.0.1/35811] INFO  server.RaftServerConfigKeys (ConfUtils.java:logGet(44)) - raft.server.rpc.request.timeout = 60s (custom)
2020-10-14 21:15:39,307 [Listener at 127.0.0.1/35811] INFO  server.RaftServerConfigKeys (ConfUtils.java:logGet(44)) - raft.server.storage.dir = [/github/workspace/mnt/ozone/hadoop-ozone/integration-test/target/test-dir/MiniOzoneClusterImpl-2e4050b2-a17a-4fa5-be17-26c3c845a162/datanode-2/data/ratis] (custom)
2020-10-14 21:15:39,312 [Listener at 127.0.0.1/35811] INFO  http.BaseHttpServer (BaseHttpServer.java:newHttpServer2BuilderForOzone(207)) - Starting Web-server for hddsDatanode at: http://0.0.0.0:0
2020-10-14 21:15:39,312 [Listener at 127.0.0.1/35811] INFO  http.BaseHttpServer (BaseHttpServer.java:<init>(106)) - Hadoop Security Enabled: false Ozone Security Enabled: false Ozone HTTP Security Enabled: false 
2020-10-14 21:15:39,313 [Listener at 127.0.0.1/35811] INFO  server.AuthenticationFilter (AuthenticationFilter.java:constructSecretProvider(240)) - Unable to initialize FileSignerSecretProvider, falling back to use random secrets.
2020-10-14 21:15:39,313 [Listener at 127.0.0.1/35811] WARN  http.HttpRequestLog (HttpRequestLog.java:getRequestLog(103)) - Jetty request log can only be enabled using Log4j
2020-10-14 21:15:39,314 [Listener at 127.0.0.1/35811] INFO  http.HttpServer2 (HttpServer2.java:addGlobalFilter(1019)) - Added global filter 'safety' (class=org.apache.hadoop.hdds.server.http.HttpServer2$QuotingInputFilter)
2020-10-14 21:15:39,314 [Listener at 127.0.0.1/35811] INFO  http.HttpServer2 (HttpServer2.java:addFilter(995)) - Added filter static_user_filter (class=org.apache.hadoop.http.lib.StaticUserWebFilter$StaticUserFilter) to context hddsDatanode
2020-10-14 21:15:39,314 [Listener at 127.0.0.1/35811] INFO  http.HttpServer2 (HttpServer2.java:addFilter(1003)) - Added filter static_user_filter (class=org.apache.hadoop.http.lib.StaticUserWebFilter$StaticUserFilter) to context logs
2020-10-14 21:15:39,314 [Listener at 127.0.0.1/35811] INFO  http.HttpServer2 (HttpServer2.java:addFilter(1003)) - Added filter static_user_filter (class=org.apache.hadoop.http.lib.StaticUserWebFilter$StaticUserFilter) to context static
2020-10-14 21:15:39,315 [Listener at 127.0.0.1/35811] INFO  http.HttpServer2 (HttpServer2.java:bindListener(1237)) - Jetty bound to port 35427
2020-10-14 21:15:39,315 [Listener at 127.0.0.1/35811] INFO  server.Server (Server.java:doStart(359)) - jetty-9.4.26.v20200117; built: 2020-01-17T12:35:33.676Z; git: 7b38981d25d14afb4a12ff1f2596756144edf695; jvm 1.8.0_232-b09
2020-10-14 21:15:39,316 [Listener at 127.0.0.1/35811] INFO  server.session (DefaultSessionIdManager.java:doStart(333)) - DefaultSessionIdManager workerName=node0
2020-10-14 21:15:39,316 [Listener at 127.0.0.1/35811] INFO  server.session (DefaultSessionIdManager.java:doStart(338)) - No SessionScavenger set, using defaults
2020-10-14 21:15:39,316 [Listener at 127.0.0.1/35811] INFO  server.session (HouseKeeper.java:startScavenging(140)) - node0 Scavenging every 660000ms
2020-10-14 21:15:39,317 [Listener at 127.0.0.1/35811] INFO  handler.ContextHandler (ContextHandler.java:doStart(825)) - Started o.e.j.s.ServletContextHandler@6c5f2bab{logs,/logs,file:///github/workspace/mnt/ozone/hadoop-ozone/integration-test/target/log,AVAILABLE}
2020-10-14 21:15:39,318 [Listener at 127.0.0.1/35811] INFO  handler.ContextHandler (ContextHandler.java:doStart(825)) - Started o.e.j.s.ServletContextHandler@800a3fd{static,/static,jar:file:/home/user/.m2/repository/org/apache/hadoop/hadoop-hdds-container-service/1.1.0-SNAPSHOT/hadoop-hdds-container-service-1.1.0-SNAPSHOT.jar!/webapps/static,AVAILABLE}
2020-10-14 21:15:39,453 [Listener at 127.0.0.1/35811] INFO  handler.ContextHandler (ContextHandler.java:doStart(825)) - Started o.e.j.w.WebAppContext@32d27673{hddsDatanode,/,file:///tmp/jetty-0_0_0_0-35427-hadoop-hdds-container-service-1_1_0-SNAPSHOT_jar-_-any-4938345266652489323.dir/webapp/,AVAILABLE}{jar:file:/home/user/.m2/repository/org/apache/hadoop/hadoop-hdds-container-service/1.1.0-SNAPSHOT/hadoop-hdds-container-service-1.1.0-SNAPSHOT.jar!/webapps/hddsDatanode}
2020-10-14 21:15:39,455 [Listener at 127.0.0.1/35811] INFO  server.AbstractConnector (AbstractConnector.java:doStart(330)) - Started ServerConnector@3e68c88f{HTTP/1.1,[http/1.1]}{0.0.0.0:35427}
2020-10-14 21:15:39,455 [Listener at 127.0.0.1/35811] INFO  server.Server (Server.java:doStart(399)) - Started @44847ms
2020-10-14 21:15:39,455 [Listener at 127.0.0.1/35811] WARN  impl.MetricsSystemImpl (MetricsSystemImpl.java:register(276)) - Sink prometheus already exists!
2020-10-14 21:15:39,459 [Listener at 127.0.0.1/35811] INFO  http.BaseHttpServer (BaseHttpServer.java:updateConnectorAddress(327)) - HTTP server of hddsDatanode listening at http://0.0.0.0:35427
2020-10-14 21:15:39,463 [Listener at 127.0.0.1/35811] INFO  impl.MetricsSystemImpl (MetricsSystemImpl.java:init(158)) - HddsDatanode metrics system started (again)
2020-10-14 21:15:39,464 [Listener at 127.0.0.1/35811] INFO  ozone.HddsDatanodeService (HddsDatanodeService.java:start(217)) - HddsDatanodeService host:c0b050688864 ip:172.17.0.2
2020-10-14 21:15:39,466 [Listener at 127.0.0.1/35811] INFO  volume.HddsVolume (HddsVolume.java:<init>(176)) - Creating Volume: /github/workspace/mnt/ozone/hadoop-ozone/integration-test/target/test-dir/MiniOzoneClusterImpl-2e4050b2-a17a-4fa5-be17-26c3c845a162/datanode-3/data-0/containers/hdds of storage type : DISK and capacity : 9223372036854775807
2020-10-14 21:15:39,466 [Listener at 127.0.0.1/35811] INFO  volume.MutableVolumeSet (MutableVolumeSet.java:initializeVolumeSet(179)) - Added Volume : /github/workspace/mnt/ozone/hadoop-ozone/integration-test/target/test-dir/MiniOzoneClusterImpl-2e4050b2-a17a-4fa5-be17-26c3c845a162/datanode-3/data-0/containers/hdds to VolumeSet
2020-10-14 21:15:39,466 [Listener at 127.0.0.1/35811] INFO  volume.ThrottledAsyncChecker (ThrottledAsyncChecker.java:schedule(141)) - Scheduling a check for /github/workspace/mnt/ozone/hadoop-ozone/integration-test/target/test-dir/MiniOzoneClusterImpl-2e4050b2-a17a-4fa5-be17-26c3c845a162/datanode-3/data-0/containers/hdds
2020-10-14 21:15:39,468 [Listener at 127.0.0.1/35811] INFO  volume.HddsVolumeChecker (HddsVolumeChecker.java:checkAllVolumes(200)) - Scheduled health check for volume /github/workspace/mnt/ozone/hadoop-ozone/integration-test/target/test-dir/MiniOzoneClusterImpl-2e4050b2-a17a-4fa5-be17-26c3c845a162/datanode-3/data-0/containers/hdds
2020-10-14 21:15:39,485 [Thread-518] INFO  ozoneimpl.ContainerReader (ContainerReader.java:readVolume(123)) - Start to verify containers on volume /github/workspace/mnt/ozone/hadoop-ozone/integration-test/target/test-dir/MiniOzoneClusterImpl-2e4050b2-a17a-4fa5-be17-26c3c845a162/datanode-3/data-0/containers/hdds
2020-10-14 21:15:39,485 [Thread-518] INFO  ozoneimpl.ContainerReader (ContainerReader.java:readVolume(148)) - Finish verifying containers on volume /github/workspace/mnt/ozone/hadoop-ozone/integration-test/target/test-dir/MiniOzoneClusterImpl-2e4050b2-a17a-4fa5-be17-26c3c845a162/datanode-3/data-0/containers/hdds
2020-10-14 21:15:39,485 [Listener at 127.0.0.1/35811] INFO  ozoneimpl.OzoneContainer (OzoneContainer.java:buildContainerSet(196)) - Build ContainerSet costs 0s
2020-10-14 21:15:39,487 [Listener at 127.0.0.1/35811] INFO  impl.RaftServerProxy (ConfUtils.java:logGet(44)) - raft.rpc.type = GRPC (default)
2020-10-14 21:15:39,487 [Listener at 127.0.0.1/35811] INFO  grpc.GrpcFactory (GrpcFactory.java:checkPooledByteBufAllocatorUseCacheForAllThreads(45)) - PERFORMANCE WARNING: useCacheForAllThreads is true that may cause Netty to create a lot garbage objects and, as a result, trigger GC.
	It is recommended to disable useCacheForAllThreads by setting -Dorg.apache.ratis.thirdparty.io.netty.allocator.useCacheForAllThreads=false in command line.
2020-10-14 21:15:39,487 [Listener at 127.0.0.1/35811] INFO  grpc.GrpcConfigKeys (ConfUtils.java:logGet(44)) - raft.grpc.server.port = 0 (default)
2020-10-14 21:15:39,487 [Listener at 127.0.0.1/35811] INFO  server.GrpcService (ConfUtils.java:logGet(44)) - raft.grpc.message.size.max = 32MB (=33554432) (custom)
2020-10-14 21:15:39,487 [Listener at 127.0.0.1/35811] INFO  server.RaftServerConfigKeys (ConfUtils.java:logGet(44)) - raft.server.log.appender.buffer.byte-limit = 33554432 (custom)
2020-10-14 21:15:39,487 [Listener at 127.0.0.1/35811] INFO  server.GrpcService (ConfUtils.java:logGet(44)) - raft.grpc.flow.control.window = 5MB (=5242880) (custom)
2020-10-14 21:15:39,487 [Listener at 127.0.0.1/35811] INFO  server.RaftServerConfigKeys (ConfUtils.java:logGet(44)) - raft.server.rpc.request.timeout = 60s (custom)
2020-10-14 21:15:39,488 [Listener at 127.0.0.1/35811] INFO  server.RaftServerConfigKeys (ConfUtils.java:logGet(44)) - raft.server.storage.dir = [/github/workspace/mnt/ozone/hadoop-ozone/integration-test/target/test-dir/MiniOzoneClusterImpl-2e4050b2-a17a-4fa5-be17-26c3c845a162/datanode-3/data/ratis] (custom)
2020-10-14 21:15:39,493 [Listener at 127.0.0.1/35811] INFO  http.BaseHttpServer (BaseHttpServer.java:newHttpServer2BuilderForOzone(207)) - Starting Web-server for hddsDatanode at: http://0.0.0.0:0
2020-10-14 21:15:39,493 [Listener at 127.0.0.1/35811] INFO  http.BaseHttpServer (BaseHttpServer.java:<init>(106)) - Hadoop Security Enabled: false Ozone Security Enabled: false Ozone HTTP Security Enabled: false 
2020-10-14 21:15:39,494 [Listener at 127.0.0.1/35811] INFO  server.AuthenticationFilter (AuthenticationFilter.java:constructSecretProvider(240)) - Unable to initialize FileSignerSecretProvider, falling back to use random secrets.
2020-10-14 21:15:39,495 [Datanode State Machine Task Thread - 0] INFO  datanode.InitDatanodeState (InitDatanodeState.java:persistContainerDatanodeDetails(145)) - DatanodeDetails is persisted to /github/workspace/mnt/ozone/hadoop-ozone/integration-test/target/test-dir/MiniOzoneClusterImpl-2e4050b2-a17a-4fa5-be17-26c3c845a162/datanode-2/meta/datanode.id
2020-10-14 21:15:39,495 [org.apache.hadoop.util.JvmPauseMonitor$Monitor@2730b925] INFO  util.JvmPauseMonitor (JvmPauseMonitor.java:run(188)) - Starting JVM pause monitor
2020-10-14 21:15:39,495 [Listener at 127.0.0.1/35811] WARN  http.HttpRequestLog (HttpRequestLog.java:getRequestLog(103)) - Jetty request log can only be enabled using Log4j
2020-10-14 21:15:39,496 [Listener at 127.0.0.1/35811] INFO  http.HttpServer2 (HttpServer2.java:addGlobalFilter(1019)) - Added global filter 'safety' (class=org.apache.hadoop.hdds.server.http.HttpServer2$QuotingInputFilter)
2020-10-14 21:15:39,497 [Listener at 127.0.0.1/35811] INFO  http.HttpServer2 (HttpServer2.java:addFilter(995)) - Added filter static_user_filter (class=org.apache.hadoop.http.lib.StaticUserWebFilter$StaticUserFilter) to context hddsDatanode
2020-10-14 21:15:39,497 [Listener at 127.0.0.1/35811] INFO  http.HttpServer2 (HttpServer2.java:addFilter(1003)) - Added filter static_user_filter (class=org.apache.hadoop.http.lib.StaticUserWebFilter$StaticUserFilter) to context static
2020-10-14 21:15:39,497 [Listener at 127.0.0.1/35811] INFO  http.HttpServer2 (HttpServer2.java:addFilter(1003)) - Added filter static_user_filter (class=org.apache.hadoop.http.lib.StaticUserWebFilter$StaticUserFilter) to context logs
2020-10-14 21:15:39,497 [Listener at 127.0.0.1/35811] INFO  http.HttpServer2 (HttpServer2.java:bindListener(1237)) - Jetty bound to port 37627
2020-10-14 21:15:39,497 [Listener at 127.0.0.1/35811] INFO  server.Server (Server.java:doStart(359)) - jetty-9.4.26.v20200117; built: 2020-01-17T12:35:33.676Z; git: 7b38981d25d14afb4a12ff1f2596756144edf695; jvm 1.8.0_232-b09
2020-10-14 21:15:39,499 [Listener at 127.0.0.1/35811] INFO  server.session (DefaultSessionIdManager.java:doStart(333)) - DefaultSessionIdManager workerName=node0
2020-10-14 21:15:39,499 [Listener at 127.0.0.1/35811] INFO  server.session (DefaultSessionIdManager.java:doStart(338)) - No SessionScavenger set, using defaults
2020-10-14 21:15:39,499 [Listener at 127.0.0.1/35811] INFO  server.session (HouseKeeper.java:startScavenging(140)) - node0 Scavenging every 600000ms
2020-10-14 21:15:39,500 [Listener at 127.0.0.1/35811] INFO  handler.ContextHandler (ContextHandler.java:doStart(825)) - Started o.e.j.s.ServletContextHandler@44f3d3ce{logs,/logs,file:///github/workspace/mnt/ozone/hadoop-ozone/integration-test/target/log,AVAILABLE}
2020-10-14 21:15:39,500 [Listener at 127.0.0.1/35811] INFO  handler.ContextHandler (ContextHandler.java:doStart(825)) - Started o.e.j.s.ServletContextHandler@6c6a9e4a{static,/static,jar:file:/home/user/.m2/repository/org/apache/hadoop/hadoop-hdds-container-service/1.1.0-SNAPSHOT/hadoop-hdds-container-service-1.1.0-SNAPSHOT.jar!/webapps/static,AVAILABLE}
2020-10-14 21:15:39,635 [Listener at 127.0.0.1/35811] INFO  handler.ContextHandler (ContextHandler.java:doStart(825)) - Started o.e.j.w.WebAppContext@10516ec9{hddsDatanode,/,file:///tmp/jetty-0_0_0_0-37627-hadoop-hdds-container-service-1_1_0-SNAPSHOT_jar-_-any-6092943719215769553.dir/webapp/,AVAILABLE}{jar:file:/home/user/.m2/repository/org/apache/hadoop/hadoop-hdds-container-service/1.1.0-SNAPSHOT/hadoop-hdds-container-service-1.1.0-SNAPSHOT.jar!/webapps/hddsDatanode}
2020-10-14 21:15:39,638 [Listener at 127.0.0.1/35811] INFO  server.AbstractConnector (AbstractConnector.java:doStart(330)) - Started ServerConnector@29ad3ad8{HTTP/1.1,[http/1.1]}{0.0.0.0:37627}
2020-10-14 21:15:39,639 [Listener at 127.0.0.1/35811] INFO  server.Server (Server.java:doStart(399)) - Started @45031ms
2020-10-14 21:15:39,639 [Listener at 127.0.0.1/35811] WARN  impl.MetricsSystemImpl (MetricsSystemImpl.java:register(276)) - Sink prometheus already exists!
2020-10-14 21:15:39,642 [Listener at 127.0.0.1/35811] INFO  http.BaseHttpServer (BaseHttpServer.java:updateConnectorAddress(327)) - HTTP server of hddsDatanode listening at http://0.0.0.0:37627
2020-10-14 21:15:39,643 [Listener at 127.0.0.1/35811] INFO  impl.MetricsSystemImpl (MetricsSystemImpl.java:init(158)) - HddsDatanode metrics system started (again)
2020-10-14 21:15:39,644 [Listener at 127.0.0.1/35811] INFO  ozone.HddsDatanodeService (HddsDatanodeService.java:start(217)) - HddsDatanodeService host:c0b050688864 ip:172.17.0.2
2020-10-14 21:15:39,645 [Listener at 127.0.0.1/35811] INFO  volume.HddsVolume (HddsVolume.java:<init>(176)) - Creating Volume: /github/workspace/mnt/ozone/hadoop-ozone/integration-test/target/test-dir/MiniOzoneClusterImpl-2e4050b2-a17a-4fa5-be17-26c3c845a162/datanode-4/data-0/containers/hdds of storage type : DISK and capacity : 9223372036854775807
2020-10-14 21:15:39,646 [Listener at 127.0.0.1/35811] INFO  volume.MutableVolumeSet (MutableVolumeSet.java:initializeVolumeSet(179)) - Added Volume : /github/workspace/mnt/ozone/hadoop-ozone/integration-test/target/test-dir/MiniOzoneClusterImpl-2e4050b2-a17a-4fa5-be17-26c3c845a162/datanode-4/data-0/containers/hdds to VolumeSet
2020-10-14 21:15:39,646 [Listener at 127.0.0.1/35811] INFO  volume.ThrottledAsyncChecker (ThrottledAsyncChecker.java:schedule(141)) - Scheduling a check for /github/workspace/mnt/ozone/hadoop-ozone/integration-test/target/test-dir/MiniOzoneClusterImpl-2e4050b2-a17a-4fa5-be17-26c3c845a162/datanode-4/data-0/containers/hdds
2020-10-14 21:15:39,646 [Listener at 127.0.0.1/35811] INFO  volume.HddsVolumeChecker (HddsVolumeChecker.java:checkAllVolumes(200)) - Scheduled health check for volume /github/workspace/mnt/ozone/hadoop-ozone/integration-test/target/test-dir/MiniOzoneClusterImpl-2e4050b2-a17a-4fa5-be17-26c3c845a162/datanode-4/data-0/containers/hdds
2020-10-14 21:15:39,663 [org.apache.hadoop.util.JvmPauseMonitor$Monitor@28f26e39] INFO  util.JvmPauseMonitor (JvmPauseMonitor.java:run(188)) - Starting JVM pause monitor
2020-10-14 21:15:39,666 [Datanode State Machine Task Thread - 0] INFO  datanode.InitDatanodeState (InitDatanodeState.java:persistContainerDatanodeDetails(145)) - DatanodeDetails is persisted to /github/workspace/mnt/ozone/hadoop-ozone/integration-test/target/test-dir/MiniOzoneClusterImpl-2e4050b2-a17a-4fa5-be17-26c3c845a162/datanode-3/meta/datanode.id
2020-10-14 21:15:39,670 [Thread-531] INFO  ozoneimpl.ContainerReader (ContainerReader.java:readVolume(123)) - Start to verify containers on volume /github/workspace/mnt/ozone/hadoop-ozone/integration-test/target/test-dir/MiniOzoneClusterImpl-2e4050b2-a17a-4fa5-be17-26c3c845a162/datanode-4/data-0/containers/hdds
2020-10-14 21:15:39,670 [Thread-531] INFO  ozoneimpl.ContainerReader (ContainerReader.java:readVolume(148)) - Finish verifying containers on volume /github/workspace/mnt/ozone/hadoop-ozone/integration-test/target/test-dir/MiniOzoneClusterImpl-2e4050b2-a17a-4fa5-be17-26c3c845a162/datanode-4/data-0/containers/hdds
2020-10-14 21:15:39,670 [Listener at 127.0.0.1/35811] INFO  ozoneimpl.OzoneContainer (OzoneContainer.java:buildContainerSet(196)) - Build ContainerSet costs 0s
2020-10-14 21:15:39,672 [Listener at 127.0.0.1/35811] INFO  impl.RaftServerProxy (ConfUtils.java:logGet(44)) - raft.rpc.type = GRPC (default)
2020-10-14 21:15:39,672 [Listener at 127.0.0.1/35811] INFO  grpc.GrpcFactory (GrpcFactory.java:checkPooledByteBufAllocatorUseCacheForAllThreads(45)) - PERFORMANCE WARNING: useCacheForAllThreads is true that may cause Netty to create a lot garbage objects and, as a result, trigger GC.
	It is recommended to disable useCacheForAllThreads by setting -Dorg.apache.ratis.thirdparty.io.netty.allocator.useCacheForAllThreads=false in command line.
2020-10-14 21:15:39,673 [Listener at 127.0.0.1/35811] INFO  grpc.GrpcConfigKeys (ConfUtils.java:logGet(44)) - raft.grpc.server.port = 0 (default)
2020-10-14 21:15:39,673 [Listener at 127.0.0.1/35811] INFO  server.GrpcService (ConfUtils.java:logGet(44)) - raft.grpc.message.size.max = 32MB (=33554432) (custom)
2020-10-14 21:15:39,673 [Listener at 127.0.0.1/35811] INFO  server.RaftServerConfigKeys (ConfUtils.java:logGet(44)) - raft.server.log.appender.buffer.byte-limit = 33554432 (custom)
2020-10-14 21:15:39,673 [Listener at 127.0.0.1/35811] INFO  server.GrpcService (ConfUtils.java:logGet(44)) - raft.grpc.flow.control.window = 5MB (=5242880) (custom)
2020-10-14 21:15:39,673 [Listener at 127.0.0.1/35811] INFO  server.RaftServerConfigKeys (ConfUtils.java:logGet(44)) - raft.server.rpc.request.timeout = 60s (custom)
2020-10-14 21:15:39,674 [Listener at 127.0.0.1/35811] INFO  server.RaftServerConfigKeys (ConfUtils.java:logGet(44)) - raft.server.storage.dir = [/github/workspace/mnt/ozone/hadoop-ozone/integration-test/target/test-dir/MiniOzoneClusterImpl-2e4050b2-a17a-4fa5-be17-26c3c845a162/datanode-4/data/ratis] (custom)
2020-10-14 21:15:39,679 [Listener at 127.0.0.1/35811] INFO  http.BaseHttpServer (BaseHttpServer.java:newHttpServer2BuilderForOzone(207)) - Starting Web-server for hddsDatanode at: http://0.0.0.0:0
2020-10-14 21:15:39,679 [Listener at 127.0.0.1/35811] INFO  http.BaseHttpServer (BaseHttpServer.java:<init>(106)) - Hadoop Security Enabled: false Ozone Security Enabled: false Ozone HTTP Security Enabled: false 
2020-10-14 21:15:39,681 [Listener at 127.0.0.1/35811] INFO  server.AuthenticationFilter (AuthenticationFilter.java:constructSecretProvider(240)) - Unable to initialize FileSignerSecretProvider, falling back to use random secrets.
2020-10-14 21:15:39,681 [Listener at 127.0.0.1/35811] WARN  http.HttpRequestLog (HttpRequestLog.java:getRequestLog(103)) - Jetty request log can only be enabled using Log4j
2020-10-14 21:15:39,682 [Listener at 127.0.0.1/35811] INFO  http.HttpServer2 (HttpServer2.java:addGlobalFilter(1019)) - Added global filter 'safety' (class=org.apache.hadoop.hdds.server.http.HttpServer2$QuotingInputFilter)
2020-10-14 21:15:39,683 [Listener at 127.0.0.1/35811] INFO  http.HttpServer2 (HttpServer2.java:addFilter(995)) - Added filter static_user_filter (class=org.apache.hadoop.http.lib.StaticUserWebFilter$StaticUserFilter) to context hddsDatanode
2020-10-14 21:15:39,683 [Listener at 127.0.0.1/35811] INFO  http.HttpServer2 (HttpServer2.java:addFilter(1003)) - Added filter static_user_filter (class=org.apache.hadoop.http.lib.StaticUserWebFilter$StaticUserFilter) to context logs
2020-10-14 21:15:39,683 [Listener at 127.0.0.1/35811] INFO  http.HttpServer2 (HttpServer2.java:addFilter(1003)) - Added filter static_user_filter (class=org.apache.hadoop.http.lib.StaticUserWebFilter$StaticUserFilter) to context static
2020-10-14 21:15:39,685 [Listener at 127.0.0.1/35811] INFO  http.HttpServer2 (HttpServer2.java:bindListener(1237)) - Jetty bound to port 38999
2020-10-14 21:15:39,685 [Listener at 127.0.0.1/35811] INFO  server.Server (Server.java:doStart(359)) - jetty-9.4.26.v20200117; built: 2020-01-17T12:35:33.676Z; git: 7b38981d25d14afb4a12ff1f2596756144edf695; jvm 1.8.0_232-b09
2020-10-14 21:15:39,687 [Listener at 127.0.0.1/35811] INFO  server.session (DefaultSessionIdManager.java:doStart(333)) - DefaultSessionIdManager workerName=node0
2020-10-14 21:15:39,687 [Listener at 127.0.0.1/35811] INFO  server.session (DefaultSessionIdManager.java:doStart(338)) - No SessionScavenger set, using defaults
2020-10-14 21:15:39,687 [Listener at 127.0.0.1/35811] INFO  server.session (HouseKeeper.java:startScavenging(140)) - node0 Scavenging every 600000ms
2020-10-14 21:15:39,689 [Listener at 127.0.0.1/35811] INFO  handler.ContextHandler (ContextHandler.java:doStart(825)) - Started o.e.j.s.ServletContextHandler@444bf9f6{logs,/logs,file:///github/workspace/mnt/ozone/hadoop-ozone/integration-test/target/log,AVAILABLE}
2020-10-14 21:15:39,689 [Listener at 127.0.0.1/35811] INFO  handler.ContextHandler (ContextHandler.java:doStart(825)) - Started o.e.j.s.ServletContextHandler@3e485125{static,/static,jar:file:/home/user/.m2/repository/org/apache/hadoop/hadoop-hdds-container-service/1.1.0-SNAPSHOT/hadoop-hdds-container-service-1.1.0-SNAPSHOT.jar!/webapps/static,AVAILABLE}
2020-10-14 21:15:39,826 [Listener at 127.0.0.1/35811] INFO  handler.ContextHandler (ContextHandler.java:doStart(825)) - Started o.e.j.w.WebAppContext@1486b07f{hddsDatanode,/,file:///tmp/jetty-0_0_0_0-38999-hadoop-hdds-container-service-1_1_0-SNAPSHOT_jar-_-any-5968063362730455165.dir/webapp/,AVAILABLE}{jar:file:/home/user/.m2/repository/org/apache/hadoop/hadoop-hdds-container-service/1.1.0-SNAPSHOT/hadoop-hdds-container-service-1.1.0-SNAPSHOT.jar!/webapps/hddsDatanode}
2020-10-14 21:15:39,827 [Listener at 127.0.0.1/35811] INFO  server.AbstractConnector (AbstractConnector.java:doStart(330)) - Started ServerConnector@2d989b44{HTTP/1.1,[http/1.1]}{0.0.0.0:38999}
2020-10-14 21:15:39,827 [Listener at 127.0.0.1/35811] INFO  server.Server (Server.java:doStart(399)) - Started @45219ms
2020-10-14 21:15:39,828 [Listener at 127.0.0.1/35811] WARN  impl.MetricsSystemImpl (MetricsSystemImpl.java:register(276)) - Sink prometheus already exists!
2020-10-14 21:15:39,832 [Listener at 127.0.0.1/35811] INFO  http.BaseHttpServer (BaseHttpServer.java:updateConnectorAddress(327)) - HTTP server of hddsDatanode listening at http://0.0.0.0:38999
2020-10-14 21:15:39,835 [Listener at 127.0.0.1/35811] INFO  impl.MetricsSystemImpl (MetricsSystemImpl.java:init(158)) - HddsDatanode metrics system started (again)
2020-10-14 21:15:39,838 [org.apache.hadoop.util.JvmPauseMonitor$Monitor@70e20aef] INFO  util.JvmPauseMonitor (JvmPauseMonitor.java:run(188)) - Starting JVM pause monitor
2020-10-14 21:15:39,840 [Listener at 127.0.0.1/35811] INFO  ozone.HddsDatanodeService (HddsDatanodeService.java:start(217)) - HddsDatanodeService host:c0b050688864 ip:172.17.0.2
2020-10-14 21:15:39,846 [Datanode State Machine Task Thread - 0] INFO  datanode.InitDatanodeState (InitDatanodeState.java:persistContainerDatanodeDetails(145)) - DatanodeDetails is persisted to /github/workspace/mnt/ozone/hadoop-ozone/integration-test/target/test-dir/MiniOzoneClusterImpl-2e4050b2-a17a-4fa5-be17-26c3c845a162/datanode-4/meta/datanode.id
2020-10-14 21:15:39,846 [Listener at 127.0.0.1/35811] INFO  volume.HddsVolume (HddsVolume.java:<init>(176)) - Creating Volume: /github/workspace/mnt/ozone/hadoop-ozone/integration-test/target/test-dir/MiniOzoneClusterImpl-2e4050b2-a17a-4fa5-be17-26c3c845a162/datanode-5/data-0/containers/hdds of storage type : DISK and capacity : 9223372036854775807
2020-10-14 21:15:39,846 [Listener at 127.0.0.1/35811] INFO  volume.MutableVolumeSet (MutableVolumeSet.java:initializeVolumeSet(179)) - Added Volume : /github/workspace/mnt/ozone/hadoop-ozone/integration-test/target/test-dir/MiniOzoneClusterImpl-2e4050b2-a17a-4fa5-be17-26c3c845a162/datanode-5/data-0/containers/hdds to VolumeSet
2020-10-14 21:15:39,847 [Listener at 127.0.0.1/35811] INFO  volume.ThrottledAsyncChecker (ThrottledAsyncChecker.java:schedule(141)) - Scheduling a check for /github/workspace/mnt/ozone/hadoop-ozone/integration-test/target/test-dir/MiniOzoneClusterImpl-2e4050b2-a17a-4fa5-be17-26c3c845a162/datanode-5/data-0/containers/hdds
2020-10-14 21:15:39,847 [Listener at 127.0.0.1/35811] INFO  volume.HddsVolumeChecker (HddsVolumeChecker.java:checkAllVolumes(200)) - Scheduled health check for volume /github/workspace/mnt/ozone/hadoop-ozone/integration-test/target/test-dir/MiniOzoneClusterImpl-2e4050b2-a17a-4fa5-be17-26c3c845a162/datanode-5/data-0/containers/hdds
2020-10-14 21:15:39,861 [Thread-542] INFO  ozoneimpl.ContainerReader (ContainerReader.java:readVolume(123)) - Start to verify containers on volume /github/workspace/mnt/ozone/hadoop-ozone/integration-test/target/test-dir/MiniOzoneClusterImpl-2e4050b2-a17a-4fa5-be17-26c3c845a162/datanode-5/data-0/containers/hdds
2020-10-14 21:15:39,861 [Thread-542] INFO  ozoneimpl.ContainerReader (ContainerReader.java:readVolume(148)) - Finish verifying containers on volume /github/workspace/mnt/ozone/hadoop-ozone/integration-test/target/test-dir/MiniOzoneClusterImpl-2e4050b2-a17a-4fa5-be17-26c3c845a162/datanode-5/data-0/containers/hdds
2020-10-14 21:15:39,861 [Listener at 127.0.0.1/35811] INFO  ozoneimpl.OzoneContainer (OzoneContainer.java:buildContainerSet(196)) - Build ContainerSet costs 0s
2020-10-14 21:15:39,863 [Listener at 127.0.0.1/35811] INFO  impl.RaftServerProxy (ConfUtils.java:logGet(44)) - raft.rpc.type = GRPC (default)
2020-10-14 21:15:39,863 [Listener at 127.0.0.1/35811] INFO  grpc.GrpcFactory (GrpcFactory.java:checkPooledByteBufAllocatorUseCacheForAllThreads(45)) - PERFORMANCE WARNING: useCacheForAllThreads is true that may cause Netty to create a lot garbage objects and, as a result, trigger GC.
	It is recommended to disable useCacheForAllThreads by setting -Dorg.apache.ratis.thirdparty.io.netty.allocator.useCacheForAllThreads=false in command line.
2020-10-14 21:15:39,864 [Listener at 127.0.0.1/35811] INFO  grpc.GrpcConfigKeys (ConfUtils.java:logGet(44)) - raft.grpc.server.port = 0 (default)
2020-10-14 21:15:39,864 [Listener at 127.0.0.1/35811] INFO  server.GrpcService (ConfUtils.java:logGet(44)) - raft.grpc.message.size.max = 32MB (=33554432) (custom)
2020-10-14 21:15:39,864 [Listener at 127.0.0.1/35811] INFO  server.RaftServerConfigKeys (ConfUtils.java:logGet(44)) - raft.server.log.appender.buffer.byte-limit = 33554432 (custom)
2020-10-14 21:15:39,864 [Listener at 127.0.0.1/35811] INFO  server.GrpcService (ConfUtils.java:logGet(44)) - raft.grpc.flow.control.window = 5MB (=5242880) (custom)
2020-10-14 21:15:39,864 [Listener at 127.0.0.1/35811] INFO  server.RaftServerConfigKeys (ConfUtils.java:logGet(44)) - raft.server.rpc.request.timeout = 60s (custom)
2020-10-14 21:15:39,865 [Listener at 127.0.0.1/35811] INFO  server.RaftServerConfigKeys (ConfUtils.java:logGet(44)) - raft.server.storage.dir = [/github/workspace/mnt/ozone/hadoop-ozone/integration-test/target/test-dir/MiniOzoneClusterImpl-2e4050b2-a17a-4fa5-be17-26c3c845a162/datanode-5/data/ratis] (custom)
2020-10-14 21:15:39,870 [Listener at 127.0.0.1/35811] INFO  http.BaseHttpServer (BaseHttpServer.java:newHttpServer2BuilderForOzone(207)) - Starting Web-server for hddsDatanode at: http://0.0.0.0:0
2020-10-14 21:15:39,870 [Listener at 127.0.0.1/35811] INFO  http.BaseHttpServer (BaseHttpServer.java:<init>(106)) - Hadoop Security Enabled: false Ozone Security Enabled: false Ozone HTTP Security Enabled: false 
2020-10-14 21:15:39,871 [Listener at 127.0.0.1/35811] INFO  server.AuthenticationFilter (AuthenticationFilter.java:constructSecretProvider(240)) - Unable to initialize FileSignerSecretProvider, falling back to use random secrets.
2020-10-14 21:15:39,872 [Listener at 127.0.0.1/35811] WARN  http.HttpRequestLog (HttpRequestLog.java:getRequestLog(103)) - Jetty request log can only be enabled using Log4j
2020-10-14 21:15:39,872 [Listener at 127.0.0.1/35811] INFO  http.HttpServer2 (HttpServer2.java:addGlobalFilter(1019)) - Added global filter 'safety' (class=org.apache.hadoop.hdds.server.http.HttpServer2$QuotingInputFilter)
2020-10-14 21:15:39,873 [Listener at 127.0.0.1/35811] INFO  http.HttpServer2 (HttpServer2.java:addFilter(995)) - Added filter static_user_filter (class=org.apache.hadoop.http.lib.StaticUserWebFilter$StaticUserFilter) to context hddsDatanode
2020-10-14 21:15:39,873 [Listener at 127.0.0.1/35811] INFO  http.HttpServer2 (HttpServer2.java:addFilter(1003)) - Added filter static_user_filter (class=org.apache.hadoop.http.lib.StaticUserWebFilter$StaticUserFilter) to context logs
2020-10-14 21:15:39,873 [Listener at 127.0.0.1/35811] INFO  http.HttpServer2 (HttpServer2.java:addFilter(1003)) - Added filter static_user_filter (class=org.apache.hadoop.http.lib.StaticUserWebFilter$StaticUserFilter) to context static
2020-10-14 21:15:39,873 [Listener at 127.0.0.1/35811] INFO  http.HttpServer2 (HttpServer2.java:bindListener(1237)) - Jetty bound to port 33197
2020-10-14 21:15:39,874 [Listener at 127.0.0.1/35811] INFO  server.Server (Server.java:doStart(359)) - jetty-9.4.26.v20200117; built: 2020-01-17T12:35:33.676Z; git: 7b38981d25d14afb4a12ff1f2596756144edf695; jvm 1.8.0_232-b09
2020-10-14 21:15:39,875 [Listener at 127.0.0.1/35811] INFO  server.session (DefaultSessionIdManager.java:doStart(333)) - DefaultSessionIdManager workerName=node0
2020-10-14 21:15:39,875 [Listener at 127.0.0.1/35811] INFO  server.session (DefaultSessionIdManager.java:doStart(338)) - No SessionScavenger set, using defaults
2020-10-14 21:15:39,875 [Listener at 127.0.0.1/35811] INFO  server.session (HouseKeeper.java:startScavenging(140)) - node0 Scavenging every 600000ms
2020-10-14 21:15:39,876 [Listener at 127.0.0.1/35811] INFO  handler.ContextHandler (ContextHandler.java:doStart(825)) - Started o.e.j.s.ServletContextHandler@f689429{logs,/logs,file:///github/workspace/mnt/ozone/hadoop-ozone/integration-test/target/log,AVAILABLE}
2020-10-14 21:15:39,876 [Listener at 127.0.0.1/35811] INFO  handler.ContextHandler (ContextHandler.java:doStart(825)) - Started o.e.j.s.ServletContextHandler@5e5d69a9{static,/static,jar:file:/home/user/.m2/repository/org/apache/hadoop/hadoop-hdds-container-service/1.1.0-SNAPSHOT/hadoop-hdds-container-service-1.1.0-SNAPSHOT.jar!/webapps/static,AVAILABLE}
2020-10-14 21:15:40,041 [Listener at 127.0.0.1/35811] INFO  handler.ContextHandler (ContextHandler.java:doStart(825)) - Started o.e.j.w.WebAppContext@780712d8{hddsDatanode,/,file:///tmp/jetty-0_0_0_0-33197-hadoop-hdds-container-service-1_1_0-SNAPSHOT_jar-_-any-2295985367261294017.dir/webapp/,AVAILABLE}{jar:file:/home/user/.m2/repository/org/apache/hadoop/hadoop-hdds-container-service/1.1.0-SNAPSHOT/hadoop-hdds-container-service-1.1.0-SNAPSHOT.jar!/webapps/hddsDatanode}
2020-10-14 21:15:40,043 [Listener at 127.0.0.1/35811] INFO  server.AbstractConnector (AbstractConnector.java:doStart(330)) - Started ServerConnector@501f04a{HTTP/1.1,[http/1.1]}{0.0.0.0:33197}
2020-10-14 21:15:40,043 [Listener at 127.0.0.1/35811] INFO  server.Server (Server.java:doStart(399)) - Started @45435ms
2020-10-14 21:15:40,043 [Listener at 127.0.0.1/35811] WARN  impl.MetricsSystemImpl (MetricsSystemImpl.java:register(276)) - Sink prometheus already exists!
2020-10-14 21:15:40,047 [Listener at 127.0.0.1/35811] INFO  http.BaseHttpServer (BaseHttpServer.java:updateConnectorAddress(327)) - HTTP server of hddsDatanode listening at http://0.0.0.0:33197
2020-10-14 21:15:40,047 [Listener at 127.0.0.1/35811] INFO  impl.MetricsSystemImpl (MetricsSystemImpl.java:init(158)) - HddsDatanode metrics system started (again)
2020-10-14 21:15:40,049 [Listener at 127.0.0.1/35811] INFO  ozone.HddsDatanodeService (HddsDatanodeService.java:start(217)) - HddsDatanodeService host:c0b050688864 ip:172.17.0.2
2020-10-14 21:15:40,051 [Listener at 127.0.0.1/35811] INFO  volume.HddsVolume (HddsVolume.java:<init>(176)) - Creating Volume: /github/workspace/mnt/ozone/hadoop-ozone/integration-test/target/test-dir/MiniOzoneClusterImpl-2e4050b2-a17a-4fa5-be17-26c3c845a162/datanode-6/data-0/containers/hdds of storage type : DISK and capacity : 9223372036854775807
2020-10-14 21:15:40,051 [Listener at 127.0.0.1/35811] INFO  volume.MutableVolumeSet (MutableVolumeSet.java:initializeVolumeSet(179)) - Added Volume : /github/workspace/mnt/ozone/hadoop-ozone/integration-test/target/test-dir/MiniOzoneClusterImpl-2e4050b2-a17a-4fa5-be17-26c3c845a162/datanode-6/data-0/containers/hdds to VolumeSet
2020-10-14 21:15:40,051 [Listener at 127.0.0.1/35811] INFO  volume.ThrottledAsyncChecker (ThrottledAsyncChecker.java:schedule(141)) - Scheduling a check for /github/workspace/mnt/ozone/hadoop-ozone/integration-test/target/test-dir/MiniOzoneClusterImpl-2e4050b2-a17a-4fa5-be17-26c3c845a162/datanode-6/data-0/containers/hdds
2020-10-14 21:15:40,066 [org.apache.hadoop.util.JvmPauseMonitor$Monitor@18b789b0] INFO  util.JvmPauseMonitor (JvmPauseMonitor.java:run(188)) - Starting JVM pause monitor
2020-10-14 21:15:40,068 [Datanode State Machine Task Thread - 0] INFO  datanode.InitDatanodeState (InitDatanodeState.java:persistContainerDatanodeDetails(145)) - DatanodeDetails is persisted to /github/workspace/mnt/ozone/hadoop-ozone/integration-test/target/test-dir/MiniOzoneClusterImpl-2e4050b2-a17a-4fa5-be17-26c3c845a162/datanode-5/meta/datanode.id
2020-10-14 21:15:40,069 [Listener at 127.0.0.1/35811] INFO  volume.HddsVolumeChecker (HddsVolumeChecker.java:checkAllVolumes(200)) - Scheduled health check for volume /github/workspace/mnt/ozone/hadoop-ozone/integration-test/target/test-dir/MiniOzoneClusterImpl-2e4050b2-a17a-4fa5-be17-26c3c845a162/datanode-6/data-0/containers/hdds
2020-10-14 21:15:40,082 [Thread-553] INFO  ozoneimpl.ContainerReader (ContainerReader.java:readVolume(123)) - Start to verify containers on volume /github/workspace/mnt/ozone/hadoop-ozone/integration-test/target/test-dir/MiniOzoneClusterImpl-2e4050b2-a17a-4fa5-be17-26c3c845a162/datanode-6/data-0/containers/hdds
2020-10-14 21:15:40,082 [Thread-553] INFO  ozoneimpl.ContainerReader (ContainerReader.java:readVolume(148)) - Finish verifying containers on volume /github/workspace/mnt/ozone/hadoop-ozone/integration-test/target/test-dir/MiniOzoneClusterImpl-2e4050b2-a17a-4fa5-be17-26c3c845a162/datanode-6/data-0/containers/hdds
2020-10-14 21:15:40,082 [Listener at 127.0.0.1/35811] INFO  ozoneimpl.OzoneContainer (OzoneContainer.java:buildContainerSet(196)) - Build ContainerSet costs 0s
2020-10-14 21:15:40,084 [Listener at 127.0.0.1/35811] INFO  impl.RaftServerProxy (ConfUtils.java:logGet(44)) - raft.rpc.type = GRPC (default)
2020-10-14 21:15:40,084 [Listener at 127.0.0.1/35811] INFO  grpc.GrpcFactory (GrpcFactory.java:checkPooledByteBufAllocatorUseCacheForAllThreads(45)) - PERFORMANCE WARNING: useCacheForAllThreads is true that may cause Netty to create a lot garbage objects and, as a result, trigger GC.
	It is recommended to disable useCacheForAllThreads by setting -Dorg.apache.ratis.thirdparty.io.netty.allocator.useCacheForAllThreads=false in command line.
2020-10-14 21:15:40,084 [Listener at 127.0.0.1/35811] INFO  grpc.GrpcConfigKeys (ConfUtils.java:logGet(44)) - raft.grpc.server.port = 0 (default)
2020-10-14 21:15:40,084 [Listener at 127.0.0.1/35811] INFO  server.GrpcService (ConfUtils.java:logGet(44)) - raft.grpc.message.size.max = 32MB (=33554432) (custom)
2020-10-14 21:15:40,084 [Listener at 127.0.0.1/35811] INFO  server.RaftServerConfigKeys (ConfUtils.java:logGet(44)) - raft.server.log.appender.buffer.byte-limit = 33554432 (custom)
2020-10-14 21:15:40,084 [Listener at 127.0.0.1/35811] INFO  server.GrpcService (ConfUtils.java:logGet(44)) - raft.grpc.flow.control.window = 5MB (=5242880) (custom)
2020-10-14 21:15:40,084 [Listener at 127.0.0.1/35811] INFO  server.RaftServerConfigKeys (ConfUtils.java:logGet(44)) - raft.server.rpc.request.timeout = 60s (custom)
2020-10-14 21:15:40,085 [Listener at 127.0.0.1/35811] INFO  server.RaftServerConfigKeys (ConfUtils.java:logGet(44)) - raft.server.storage.dir = [/github/workspace/mnt/ozone/hadoop-ozone/integration-test/target/test-dir/MiniOzoneClusterImpl-2e4050b2-a17a-4fa5-be17-26c3c845a162/datanode-6/data/ratis] (custom)
2020-10-14 21:15:40,090 [Listener at 127.0.0.1/35811] INFO  http.BaseHttpServer (BaseHttpServer.java:newHttpServer2BuilderForOzone(207)) - Starting Web-server for hddsDatanode at: http://0.0.0.0:0
2020-10-14 21:15:40,090 [Listener at 127.0.0.1/35811] INFO  http.BaseHttpServer (BaseHttpServer.java:<init>(106)) - Hadoop Security Enabled: false Ozone Security Enabled: false Ozone HTTP Security Enabled: false 
2020-10-14 21:15:40,091 [Listener at 127.0.0.1/35811] INFO  server.AuthenticationFilter (AuthenticationFilter.java:constructSecretProvider(240)) - Unable to initialize FileSignerSecretProvider, falling back to use random secrets.
2020-10-14 21:15:40,092 [Listener at 127.0.0.1/35811] WARN  http.HttpRequestLog (HttpRequestLog.java:getRequestLog(103)) - Jetty request log can only be enabled using Log4j
2020-10-14 21:15:40,093 [Listener at 127.0.0.1/35811] INFO  http.HttpServer2 (HttpServer2.java:addGlobalFilter(1019)) - Added global filter 'safety' (class=org.apache.hadoop.hdds.server.http.HttpServer2$QuotingInputFilter)
2020-10-14 21:15:40,094 [Listener at 127.0.0.1/35811] INFO  http.HttpServer2 (HttpServer2.java:addFilter(995)) - Added filter static_user_filter (class=org.apache.hadoop.http.lib.StaticUserWebFilter$StaticUserFilter) to context hddsDatanode
2020-10-14 21:15:40,094 [Listener at 127.0.0.1/35811] INFO  http.HttpServer2 (HttpServer2.java:addFilter(1003)) - Added filter static_user_filter (class=org.apache.hadoop.http.lib.StaticUserWebFilter$StaticUserFilter) to context logs
2020-10-14 21:15:40,094 [Listener at 127.0.0.1/35811] INFO  http.HttpServer2 (HttpServer2.java:addFilter(1003)) - Added filter static_user_filter (class=org.apache.hadoop.http.lib.StaticUserWebFilter$StaticUserFilter) to context static
2020-10-14 21:15:40,094 [Listener at 127.0.0.1/35811] INFO  http.HttpServer2 (HttpServer2.java:bindListener(1237)) - Jetty bound to port 37497
2020-10-14 21:15:40,094 [Listener at 127.0.0.1/35811] INFO  server.Server (Server.java:doStart(359)) - jetty-9.4.26.v20200117; built: 2020-01-17T12:35:33.676Z; git: 7b38981d25d14afb4a12ff1f2596756144edf695; jvm 1.8.0_232-b09
2020-10-14 21:15:40,096 [Listener at 127.0.0.1/35811] INFO  server.session (DefaultSessionIdManager.java:doStart(333)) - DefaultSessionIdManager workerName=node0
2020-10-14 21:15:40,096 [Listener at 127.0.0.1/35811] INFO  server.session (DefaultSessionIdManager.java:doStart(338)) - No SessionScavenger set, using defaults
2020-10-14 21:15:40,097 [Listener at 127.0.0.1/35811] INFO  server.session (HouseKeeper.java:startScavenging(140)) - node0 Scavenging every 600000ms
2020-10-14 21:15:40,097 [Listener at 127.0.0.1/35811] INFO  handler.ContextHandler (ContextHandler.java:doStart(825)) - Started o.e.j.s.ServletContextHandler@4f9d6b2b{logs,/logs,file:///github/workspace/mnt/ozone/hadoop-ozone/integration-test/target/log,AVAILABLE}
2020-10-14 21:15:40,097 [Listener at 127.0.0.1/35811] INFO  handler.ContextHandler (ContextHandler.java:doStart(825)) - Started o.e.j.s.ServletContextHandler@7a77f651{static,/static,jar:file:/home/user/.m2/repository/org/apache/hadoop/hadoop-hdds-container-service/1.1.0-SNAPSHOT/hadoop-hdds-container-service-1.1.0-SNAPSHOT.jar!/webapps/static,AVAILABLE}
2020-10-14 21:15:40,226 [Listener at 127.0.0.1/35811] INFO  handler.ContextHandler (ContextHandler.java:doStart(825)) - Started o.e.j.w.WebAppContext@7183fb0d{hddsDatanode,/,file:///tmp/jetty-0_0_0_0-37497-hadoop-hdds-container-service-1_1_0-SNAPSHOT_jar-_-any-3293714079347079917.dir/webapp/,AVAILABLE}{jar:file:/home/user/.m2/repository/org/apache/hadoop/hadoop-hdds-container-service/1.1.0-SNAPSHOT/hadoop-hdds-container-service-1.1.0-SNAPSHOT.jar!/webapps/hddsDatanode}
2020-10-14 21:15:40,228 [Listener at 127.0.0.1/35811] INFO  server.AbstractConnector (AbstractConnector.java:doStart(330)) - Started ServerConnector@f961da{HTTP/1.1,[http/1.1]}{0.0.0.0:37497}
2020-10-14 21:15:40,228 [Listener at 127.0.0.1/35811] INFO  server.Server (Server.java:doStart(399)) - Started @45620ms
2020-10-14 21:15:40,228 [Listener at 127.0.0.1/35811] WARN  impl.MetricsSystemImpl (MetricsSystemImpl.java:register(276)) - Sink prometheus already exists!
2020-10-14 21:15:40,232 [Listener at 127.0.0.1/35811] INFO  http.BaseHttpServer (BaseHttpServer.java:updateConnectorAddress(327)) - HTTP server of hddsDatanode listening at http://0.0.0.0:37497
2020-10-14 21:15:40,236 [Listener at 127.0.0.1/35811] INFO  ozone.MiniOzoneClusterImpl (MiniOzoneClusterImpl.java:lambda$waitForClusterToBeReady$0(177)) - Waiting for nodes to be ready. Got 0 of 7 DN Heartbeats.
2020-10-14 21:15:40,236 [Listener at 127.0.0.1/35811] INFO  ozone.MiniOzoneClusterImpl (MiniOzoneClusterImpl.java:lambda$waitForClusterToBeReady$0(180)) - Waiting for cluster to exit safe mode
2020-10-14 21:15:40,247 [org.apache.hadoop.util.JvmPauseMonitor$Monitor@577dab1f] INFO  util.JvmPauseMonitor (JvmPauseMonitor.java:run(188)) - Starting JVM pause monitor
2020-10-14 21:15:40,248 [Datanode State Machine Task Thread - 0] INFO  datanode.InitDatanodeState (InitDatanodeState.java:persistContainerDatanodeDetails(145)) - DatanodeDetails is persisted to /github/workspace/mnt/ozone/hadoop-ozone/integration-test/target/test-dir/MiniOzoneClusterImpl-2e4050b2-a17a-4fa5-be17-26c3c845a162/datanode-6/meta/datanode.id
2020-10-14 21:15:41,115 [Datanode State Machine Task Thread - 1] INFO  ozoneimpl.OzoneContainer (OzoneContainer.java:start(245)) - Attempting to start container services.
2020-10-14 21:15:41,115 [Datanode State Machine Task Thread - 1] INFO  ozoneimpl.OzoneContainer (OzoneContainer.java:startContainerScrub(209)) - Background container scanner has been disabled.
2020-10-14 21:15:41,115 [Datanode State Machine Task Thread - 1] INFO  ratis.XceiverServerRatis (XceiverServerRatis.java:start(440)) - Starting XceiverServerRatis c9269502-d4ee-4905-9113-8d8748841615 at port 0
2020-10-14 21:15:41,116 [Datanode State Machine Task Thread - 1] INFO  impl.RaftServerProxy (RaftServerProxy.java:lambda$start$3(307)) - c9269502-d4ee-4905-9113-8d8748841615: start RPC server
2020-10-14 21:15:41,117 [Datanode State Machine Task Thread - 1] INFO  server.GrpcService (GrpcService.java:startImpl(177)) - c9269502-d4ee-4905-9113-8d8748841615: GrpcService started, listening on 0.0.0.0/0.0.0.0:34709
2020-10-14 21:15:41,117 [Datanode State Machine Task Thread - 1] INFO  ratis.XceiverServerRatis (XceiverServerRatis.java:start(452)) - XceiverServerRatis c9269502-d4ee-4905-9113-8d8748841615 is started using port 34709
2020-10-14 21:15:41,117 [Datanode State Machine Task Thread - 1] INFO  server.XceiverServerGrpc (XceiverServerGrpc.java:start(145)) - XceiverServerGrpc c9269502-d4ee-4905-9113-8d8748841615 is started using port 37787
2020-10-14 21:15:41,236 [Listener at 127.0.0.1/35811] INFO  ozone.MiniOzoneClusterImpl (MiniOzoneClusterImpl.java:lambda$waitForClusterToBeReady$0(177)) - Waiting for nodes to be ready. Got 0 of 7 DN Heartbeats.
2020-10-14 21:15:41,236 [Listener at 127.0.0.1/35811] INFO  ozone.MiniOzoneClusterImpl (MiniOzoneClusterImpl.java:lambda$waitForClusterToBeReady$0(180)) - Waiting for cluster to exit safe mode
2020-10-14 21:15:41,292 [Datanode State Machine Task Thread - 1] INFO  ozoneimpl.OzoneContainer (OzoneContainer.java:start(245)) - Attempting to start container services.
2020-10-14 21:15:41,293 [Datanode State Machine Task Thread - 1] INFO  ozoneimpl.OzoneContainer (OzoneContainer.java:startContainerScrub(209)) - Background container scanner has been disabled.
2020-10-14 21:15:41,293 [Datanode State Machine Task Thread - 1] INFO  ratis.XceiverServerRatis (XceiverServerRatis.java:start(440)) - Starting XceiverServerRatis f76b2cce-c2f6-431b-b1be-2c52678ad1ab at port 0
2020-10-14 21:15:41,294 [Datanode State Machine Task Thread - 1] INFO  impl.RaftServerProxy (RaftServerProxy.java:lambda$start$3(307)) - f76b2cce-c2f6-431b-b1be-2c52678ad1ab: start RPC server
2020-10-14 21:15:41,295 [Datanode State Machine Task Thread - 1] INFO  server.GrpcService (GrpcService.java:startImpl(177)) - f76b2cce-c2f6-431b-b1be-2c52678ad1ab: GrpcService started, listening on 0.0.0.0/0.0.0.0:35837
2020-10-14 21:15:41,295 [Datanode State Machine Task Thread - 1] INFO  ratis.XceiverServerRatis (XceiverServerRatis.java:start(452)) - XceiverServerRatis f76b2cce-c2f6-431b-b1be-2c52678ad1ab is started using port 35837
2020-10-14 21:15:41,296 [Datanode State Machine Task Thread - 1] INFO  server.XceiverServerGrpc (XceiverServerGrpc.java:start(145)) - XceiverServerGrpc f76b2cce-c2f6-431b-b1be-2c52678ad1ab is started using port 34783
2020-10-14 21:15:41,498 [Datanode State Machine Task Thread - 1] INFO  ozoneimpl.OzoneContainer (OzoneContainer.java:start(245)) - Attempting to start container services.
2020-10-14 21:15:41,499 [Datanode State Machine Task Thread - 1] INFO  ozoneimpl.OzoneContainer (OzoneContainer.java:startContainerScrub(209)) - Background container scanner has been disabled.
2020-10-14 21:15:41,499 [Datanode State Machine Task Thread - 1] INFO  ratis.XceiverServerRatis (XceiverServerRatis.java:start(440)) - Starting XceiverServerRatis 76ae9a49-516f-47a3-983c-b12a499d08c9 at port 0
2020-10-14 21:15:41,500 [Datanode State Machine Task Thread - 1] INFO  impl.RaftServerProxy (RaftServerProxy.java:lambda$start$3(307)) - 76ae9a49-516f-47a3-983c-b12a499d08c9: start RPC server
2020-10-14 21:15:41,500 [Datanode State Machine Task Thread - 1] INFO  server.GrpcService (GrpcService.java:startImpl(177)) - 76ae9a49-516f-47a3-983c-b12a499d08c9: GrpcService started, listening on 0.0.0.0/0.0.0.0:37219
2020-10-14 21:15:41,500 [Datanode State Machine Task Thread - 1] INFO  ratis.XceiverServerRatis (XceiverServerRatis.java:start(452)) - XceiverServerRatis 76ae9a49-516f-47a3-983c-b12a499d08c9 is started using port 37219
2020-10-14 21:15:41,503 [Datanode State Machine Task Thread - 1] INFO  server.XceiverServerGrpc (XceiverServerGrpc.java:start(145)) - XceiverServerGrpc 76ae9a49-516f-47a3-983c-b12a499d08c9 is started using port 46805
2020-10-14 21:15:41,665 [Datanode State Machine Task Thread - 1] INFO  ozoneimpl.OzoneContainer (OzoneContainer.java:start(245)) - Attempting to start container services.
2020-10-14 21:15:41,666 [Datanode State Machine Task Thread - 1] INFO  ozoneimpl.OzoneContainer (OzoneContainer.java:startContainerScrub(209)) - Background container scanner has been disabled.
2020-10-14 21:15:41,666 [Datanode State Machine Task Thread - 1] INFO  ratis.XceiverServerRatis (XceiverServerRatis.java:start(440)) - Starting XceiverServerRatis 2cb5168d-05f1-4d8c-acfa-fa1a7bda46f6 at port 0
2020-10-14 21:15:41,667 [Datanode State Machine Task Thread - 1] INFO  impl.RaftServerProxy (RaftServerProxy.java:lambda$start$3(307)) - 2cb5168d-05f1-4d8c-acfa-fa1a7bda46f6: start RPC server
2020-10-14 21:15:41,668 [Datanode State Machine Task Thread - 1] INFO  server.GrpcService (GrpcService.java:startImpl(177)) - 2cb5168d-05f1-4d8c-acfa-fa1a7bda46f6: GrpcService started, listening on 0.0.0.0/0.0.0.0:36377
2020-10-14 21:15:41,668 [Datanode State Machine Task Thread - 1] INFO  ratis.XceiverServerRatis (XceiverServerRatis.java:start(452)) - XceiverServerRatis 2cb5168d-05f1-4d8c-acfa-fa1a7bda46f6 is started using port 36377
2020-10-14 21:15:41,668 [Datanode State Machine Task Thread - 1] INFO  server.XceiverServerGrpc (XceiverServerGrpc.java:start(145)) - XceiverServerGrpc 2cb5168d-05f1-4d8c-acfa-fa1a7bda46f6 is started using port 38987
2020-10-14 21:15:41,841 [Datanode State Machine Task Thread - 1] INFO  ozoneimpl.OzoneContainer (OzoneContainer.java:start(245)) - Attempting to start container services.
2020-10-14 21:15:41,842 [Datanode State Machine Task Thread - 1] INFO  ozoneimpl.OzoneContainer (OzoneContainer.java:startContainerScrub(209)) - Background container scanner has been disabled.
2020-10-14 21:15:41,842 [Datanode State Machine Task Thread - 1] INFO  ratis.XceiverServerRatis (XceiverServerRatis.java:start(440)) - Starting XceiverServerRatis 823e1d17-9ec2-4324-ad19-cd013f58686a at port 0
2020-10-14 21:15:41,842 [Datanode State Machine Task Thread - 1] INFO  impl.RaftServerProxy (RaftServerProxy.java:lambda$start$3(307)) - 823e1d17-9ec2-4324-ad19-cd013f58686a: start RPC server
2020-10-14 21:15:41,843 [Datanode State Machine Task Thread - 1] INFO  server.GrpcService (GrpcService.java:startImpl(177)) - 823e1d17-9ec2-4324-ad19-cd013f58686a: GrpcService started, listening on 0.0.0.0/0.0.0.0:45645
2020-10-14 21:15:41,843 [Datanode State Machine Task Thread - 1] INFO  ratis.XceiverServerRatis (XceiverServerRatis.java:start(452)) - XceiverServerRatis 823e1d17-9ec2-4324-ad19-cd013f58686a is started using port 45645
2020-10-14 21:15:41,844 [Datanode State Machine Task Thread - 1] INFO  server.XceiverServerGrpc (XceiverServerGrpc.java:start(145)) - XceiverServerGrpc 823e1d17-9ec2-4324-ad19-cd013f58686a is started using port 38063
2020-10-14 21:15:42,070 [Datanode State Machine Task Thread - 1] INFO  ozoneimpl.OzoneContainer (OzoneContainer.java:start(245)) - Attempting to start container services.
2020-10-14 21:15:42,071 [Datanode State Machine Task Thread - 1] INFO  ozoneimpl.OzoneContainer (OzoneContainer.java:startContainerScrub(209)) - Background container scanner has been disabled.
2020-10-14 21:15:42,071 [Datanode State Machine Task Thread - 1] INFO  ratis.XceiverServerRatis (XceiverServerRatis.java:start(440)) - Starting XceiverServerRatis 497cee6a-8cec-48d3-a21d-ba28642b4d07 at port 0
2020-10-14 21:15:42,075 [Datanode State Machine Task Thread - 1] INFO  impl.RaftServerProxy (RaftServerProxy.java:lambda$start$3(307)) - 497cee6a-8cec-48d3-a21d-ba28642b4d07: start RPC server
2020-10-14 21:15:42,075 [Datanode State Machine Task Thread - 1] INFO  server.GrpcService (GrpcService.java:startImpl(177)) - 497cee6a-8cec-48d3-a21d-ba28642b4d07: GrpcService started, listening on 0.0.0.0/0.0.0.0:45037
2020-10-14 21:15:42,076 [Datanode State Machine Task Thread - 1] INFO  ratis.XceiverServerRatis (XceiverServerRatis.java:start(452)) - XceiverServerRatis 497cee6a-8cec-48d3-a21d-ba28642b4d07 is started using port 45037
2020-10-14 21:15:42,078 [Datanode State Machine Task Thread - 1] INFO  server.XceiverServerGrpc (XceiverServerGrpc.java:start(145)) - XceiverServerGrpc 497cee6a-8cec-48d3-a21d-ba28642b4d07 is started using port 43445
2020-10-14 21:15:42,237 [Listener at 127.0.0.1/35811] INFO  ozone.MiniOzoneClusterImpl (MiniOzoneClusterImpl.java:lambda$waitForClusterToBeReady$0(177)) - Waiting for nodes to be ready. Got 0 of 7 DN Heartbeats.
2020-10-14 21:15:42,237 [Listener at 127.0.0.1/35811] INFO  ozone.MiniOzoneClusterImpl (MiniOzoneClusterImpl.java:lambda$waitForClusterToBeReady$0(180)) - Waiting for cluster to exit safe mode
2020-10-14 21:15:42,249 [Datanode State Machine Task Thread - 1] INFO  ozoneimpl.OzoneContainer (OzoneContainer.java:start(245)) - Attempting to start container services.
2020-10-14 21:15:42,250 [Datanode State Machine Task Thread - 1] INFO  ozoneimpl.OzoneContainer (OzoneContainer.java:startContainerScrub(209)) - Background container scanner has been disabled.
2020-10-14 21:15:42,250 [Datanode State Machine Task Thread - 1] INFO  ratis.XceiverServerRatis (XceiverServerRatis.java:start(440)) - Starting XceiverServerRatis a2749394-0239-4d59-b5c5-6ec7975208db at port 0
2020-10-14 21:15:42,252 [Datanode State Machine Task Thread - 1] INFO  impl.RaftServerProxy (RaftServerProxy.java:lambda$start$3(307)) - a2749394-0239-4d59-b5c5-6ec7975208db: start RPC server
2020-10-14 21:15:42,253 [Datanode State Machine Task Thread - 1] INFO  server.GrpcService (GrpcService.java:startImpl(177)) - a2749394-0239-4d59-b5c5-6ec7975208db: GrpcService started, listening on 0.0.0.0/0.0.0.0:41507
2020-10-14 21:15:42,253 [Datanode State Machine Task Thread - 1] INFO  ratis.XceiverServerRatis (XceiverServerRatis.java:start(452)) - XceiverServerRatis a2749394-0239-4d59-b5c5-6ec7975208db is started using port 41507
2020-10-14 21:15:42,254 [Datanode State Machine Task Thread - 1] INFO  server.XceiverServerGrpc (XceiverServerGrpc.java:start(145)) - XceiverServerGrpc a2749394-0239-4d59-b5c5-6ec7975208db is started using port 39165
2020-10-14 21:15:43,112 [IPC Server handler 2 on default port 38265] INFO  net.NetworkTopologyImpl (NetworkTopologyImpl.java:add(111)) - Added a new node: /default-rack/c9269502-d4ee-4905-9113-8d8748841615
2020-10-14 21:15:43,114 [IPC Server handler 2 on default port 38265] INFO  node.SCMNodeManager (SCMNodeManager.java:register(282)) - Registered Data node : c9269502-d4ee-4905-9113-8d8748841615{ip: 172.17.0.2, host: c0b050688864, networkLocation: /default-rack, certSerialId: null}
2020-10-14 21:15:43,115 [EventQueue-NodeRegistrationContainerReportForDataNodeSafeModeRule] INFO  safemode.SCMSafeModeManager (DataNodeSafeModeRule.java:process(71)) - SCM in safe mode. 1 DataNodes registered, 1 required.
2020-10-14 21:15:43,115 [EventQueue-NodeRegistrationContainerReportForDataNodeSafeModeRule] INFO  safemode.SCMSafeModeManager (SCMSafeModeManager.java:validateSafeModeExitRules(214)) - DataNodeSafeModeRule rule is successfully validated
2020-10-14 21:15:43,115 [EventQueue-NodeRegistrationContainerReportForDataNodeSafeModeRule] INFO  safemode.SCMSafeModeManager (SCMSafeModeManager.java:completePreCheck(242)) - All SCM safe mode pre check rules have passed
2020-10-14 21:15:43,115 [RatisPipelineUtilsThread] INFO  pipeline.RatisPipelineProvider (RatisPipelineProvider.java:lambda$create$0(138)) - Sending CreatePipelineCommand for pipeline:PipelineID=60876db6-56a5-434a-b82c-1081760dc0bf to datanode:c9269502-d4ee-4905-9113-8d8748841615
2020-10-14 21:15:43,117 [RatisPipelineUtilsThread] INFO  pipeline.PipelineStateManager (PipelineStateManager.java:addPipeline(54)) - Created pipeline Pipeline[ Id: 60876db6-56a5-434a-b82c-1081760dc0bf, Nodes: c9269502-d4ee-4905-9113-8d8748841615{ip: 172.17.0.2, host: c0b050688864, networkLocation: /default-rack, certSerialId: null}, Type:RATIS, Factor:ONE, State:ALLOCATED, leaderId:, CreationTimestamp2020-10-14T21:15:43.115Z]
2020-10-14 21:15:43,123 [EventQueue-NodeRegistrationContainerReportForContainerSafeModeRule] INFO  safemode.SCMSafeModeManager (SCMSafeModeManager.java:validateSafeModeExitRules(214)) - ContainerSafeModeRule rule is successfully validated
2020-10-14 21:15:43,123 [RatisPipelineUtilsThread] WARN  pipeline.PipelinePlacementPolicy (PipelinePlacementPolicy.java:filterViableNodes(138)) - Pipeline creation failed due to no sufficient healthy datanodes. Required 3. Found 1.
2020-10-14 21:15:43,237 [Listener at 127.0.0.1/35811] INFO  ozone.MiniOzoneClusterImpl (MiniOzoneClusterImpl.java:lambda$waitForClusterToBeReady$0(177)) - Waiting for nodes to be ready. Got 1 of 7 DN Heartbeats.
2020-10-14 21:15:43,237 [Listener at 127.0.0.1/35811] INFO  ozone.MiniOzoneClusterImpl (MiniOzoneClusterImpl.java:lambda$waitForClusterToBeReady$0(180)) - Waiting for cluster to exit safe mode
2020-10-14 21:15:43,289 [IPC Server handler 3 on default port 38265] INFO  net.NetworkTopologyImpl (NetworkTopologyImpl.java:add(111)) - Added a new node: /default-rack/f76b2cce-c2f6-431b-b1be-2c52678ad1ab
2020-10-14 21:15:43,290 [IPC Server handler 3 on default port 38265] INFO  node.SCMNodeManager (SCMNodeManager.java:register(282)) - Registered Data node : f76b2cce-c2f6-431b-b1be-2c52678ad1ab{ip: 172.17.0.2, host: c0b050688864, networkLocation: /default-rack, certSerialId: null}
2020-10-14 21:15:43,290 [EventQueue-NodeRegistrationContainerReportForDataNodeSafeModeRule] INFO  safemode.SCMSafeModeManager (SCMSafeModeManager.java:validateSafeModeExitRules(214)) - DataNodeSafeModeRule rule is successfully validated
2020-10-14 21:15:43,291 [EventQueue-NodeRegistrationContainerReportForContainerSafeModeRule] INFO  safemode.SCMSafeModeManager (SCMSafeModeManager.java:validateSafeModeExitRules(214)) - ContainerSafeModeRule rule is successfully validated
2020-10-14 21:15:43,291 [RatisPipelineUtilsThread] INFO  pipeline.RatisPipelineProvider (RatisPipelineProvider.java:lambda$create$0(138)) - Sending CreatePipelineCommand for pipeline:PipelineID=cc1fb8ae-7b36-4e83-86d9-f8dfef0fb6f2 to datanode:f76b2cce-c2f6-431b-b1be-2c52678ad1ab
2020-10-14 21:15:43,292 [RatisPipelineUtilsThread] INFO  pipeline.PipelineStateManager (PipelineStateManager.java:addPipeline(54)) - Created pipeline Pipeline[ Id: cc1fb8ae-7b36-4e83-86d9-f8dfef0fb6f2, Nodes: f76b2cce-c2f6-431b-b1be-2c52678ad1ab{ip: 172.17.0.2, host: c0b050688864, networkLocation: /default-rack, certSerialId: null}, Type:RATIS, Factor:ONE, State:ALLOCATED, leaderId:, CreationTimestamp2020-10-14T21:15:43.291Z]
2020-10-14 21:15:43,292 [RatisPipelineUtilsThread] WARN  pipeline.PipelinePlacementPolicy (PipelinePlacementPolicy.java:filterViableNodes(138)) - Pipeline creation failed due to no sufficient healthy datanodes. Required 3. Found 2.
2020-10-14 21:15:43,499 [IPC Server handler 4 on default port 38265] INFO  net.NetworkTopologyImpl (NetworkTopologyImpl.java:add(111)) - Added a new node: /default-rack/76ae9a49-516f-47a3-983c-b12a499d08c9
2020-10-14 21:15:43,499 [IPC Server handler 4 on default port 38265] INFO  node.SCMNodeManager (SCMNodeManager.java:register(282)) - Registered Data node : 76ae9a49-516f-47a3-983c-b12a499d08c9{ip: 172.17.0.2, host: c0b050688864, networkLocation: /default-rack, certSerialId: null}
2020-10-14 21:15:43,500 [RatisPipelineUtilsThread] INFO  pipeline.RatisPipelineProvider (RatisPipelineProvider.java:lambda$create$0(138)) - Sending CreatePipelineCommand for pipeline:PipelineID=a51af638-694c-49b8-87be-8f956437cc23 to datanode:76ae9a49-516f-47a3-983c-b12a499d08c9
2020-10-14 21:15:43,501 [RatisPipelineUtilsThread] INFO  pipeline.PipelineStateManager (PipelineStateManager.java:addPipeline(54)) - Created pipeline Pipeline[ Id: a51af638-694c-49b8-87be-8f956437cc23, Nodes: 76ae9a49-516f-47a3-983c-b12a499d08c9{ip: 172.17.0.2, host: c0b050688864, networkLocation: /default-rack, certSerialId: null}, Type:RATIS, Factor:ONE, State:ALLOCATED, leaderId:, CreationTimestamp2020-10-14T21:15:43.500Z]
2020-10-14 21:15:43,501 [RatisPipelineUtilsThread] INFO  pipeline.RatisPipelineProvider (RatisPipelineProvider.java:lambda$create$0(138)) - Sending CreatePipelineCommand for pipeline:PipelineID=fdfcd7ae-b040-4762-be1a-912dd3af3d6e to datanode:f76b2cce-c2f6-431b-b1be-2c52678ad1ab
2020-10-14 21:15:43,502 [RatisPipelineUtilsThread] INFO  pipeline.RatisPipelineProvider (RatisPipelineProvider.java:lambda$create$0(138)) - Sending CreatePipelineCommand for pipeline:PipelineID=fdfcd7ae-b040-4762-be1a-912dd3af3d6e to datanode:76ae9a49-516f-47a3-983c-b12a499d08c9
2020-10-14 21:15:43,502 [RatisPipelineUtilsThread] INFO  pipeline.RatisPipelineProvider (RatisPipelineProvider.java:lambda$create$0(138)) - Sending CreatePipelineCommand for pipeline:PipelineID=fdfcd7ae-b040-4762-be1a-912dd3af3d6e to datanode:c9269502-d4ee-4905-9113-8d8748841615
2020-10-14 21:15:43,502 [RatisPipelineUtilsThread] INFO  pipeline.PipelineStateManager (PipelineStateManager.java:addPipeline(54)) - Created pipeline Pipeline[ Id: fdfcd7ae-b040-4762-be1a-912dd3af3d6e, Nodes: f76b2cce-c2f6-431b-b1be-2c52678ad1ab{ip: 172.17.0.2, host: c0b050688864, networkLocation: /default-rack, certSerialId: null}76ae9a49-516f-47a3-983c-b12a499d08c9{ip: 172.17.0.2, host: c0b050688864, networkLocation: /default-rack, certSerialId: null}c9269502-d4ee-4905-9113-8d8748841615{ip: 172.17.0.2, host: c0b050688864, networkLocation: /default-rack, certSerialId: null}, Type:RATIS, Factor:THREE, State:ALLOCATED, leaderId:, CreationTimestamp2020-10-14T21:15:43.501Z]
2020-10-14 21:15:43,503 [EventQueue-NodeRegistrationContainerReportForDataNodeSafeModeRule] INFO  safemode.SCMSafeModeManager (SCMSafeModeManager.java:validateSafeModeExitRules(214)) - DataNodeSafeModeRule rule is successfully validated
2020-10-14 21:15:43,503 [EventQueue-NodeRegistrationContainerReportForContainerSafeModeRule] INFO  safemode.SCMSafeModeManager (SCMSafeModeManager.java:validateSafeModeExitRules(214)) - ContainerSafeModeRule rule is successfully validated
2020-10-14 21:15:43,666 [IPC Server handler 5 on default port 38265] INFO  net.NetworkTopologyImpl (NetworkTopologyImpl.java:add(111)) - Added a new node: /default-rack/2cb5168d-05f1-4d8c-acfa-fa1a7bda46f6
2020-10-14 21:15:43,666 [IPC Server handler 5 on default port 38265] INFO  node.SCMNodeManager (SCMNodeManager.java:register(282)) - Registered Data node : 2cb5168d-05f1-4d8c-acfa-fa1a7bda46f6{ip: 172.17.0.2, host: c0b050688864, networkLocation: /default-rack, certSerialId: null}
2020-10-14 21:15:43,666 [EventQueue-NodeRegistrationContainerReportForDataNodeSafeModeRule] INFO  safemode.SCMSafeModeManager (SCMSafeModeManager.java:validateSafeModeExitRules(214)) - DataNodeSafeModeRule rule is successfully validated
2020-10-14 21:15:43,666 [EventQueue-NodeRegistrationContainerReportForContainerSafeModeRule] INFO  safemode.SCMSafeModeManager (SCMSafeModeManager.java:validateSafeModeExitRules(214)) - ContainerSafeModeRule rule is successfully validated
2020-10-14 21:15:43,667 [RatisPipelineUtilsThread] INFO  pipeline.RatisPipelineProvider (RatisPipelineProvider.java:lambda$create$0(138)) - Sending CreatePipelineCommand for pipeline:PipelineID=1460dfe0-4508-4a14-8ab4-7e5ae591b88c to datanode:2cb5168d-05f1-4d8c-acfa-fa1a7bda46f6
2020-10-14 21:15:43,667 [RatisPipelineUtilsThread] INFO  pipeline.PipelineStateManager (PipelineStateManager.java:addPipeline(54)) - Created pipeline Pipeline[ Id: 1460dfe0-4508-4a14-8ab4-7e5ae591b88c, Nodes: 2cb5168d-05f1-4d8c-acfa-fa1a7bda46f6{ip: 172.17.0.2, host: c0b050688864, networkLocation: /default-rack, certSerialId: null}, Type:RATIS, Factor:ONE, State:ALLOCATED, leaderId:, CreationTimestamp2020-10-14T21:15:43.667Z]
2020-10-14 21:15:43,840 [IPC Server handler 1 on default port 38265] INFO  net.NetworkTopologyImpl (NetworkTopologyImpl.java:add(111)) - Added a new node: /default-rack/823e1d17-9ec2-4324-ad19-cd013f58686a
2020-10-14 21:15:43,841 [IPC Server handler 1 on default port 38265] INFO  node.SCMNodeManager (SCMNodeManager.java:register(282)) - Registered Data node : 823e1d17-9ec2-4324-ad19-cd013f58686a{ip: 172.17.0.2, host: c0b050688864, networkLocation: /default-rack, certSerialId: null}
2020-10-14 21:15:43,841 [RatisPipelineUtilsThread] INFO  pipeline.RatisPipelineProvider (RatisPipelineProvider.java:lambda$create$0(138)) - Sending CreatePipelineCommand for pipeline:PipelineID=b8c1d22c-0a0d-4b40-875a-99bd7ee4f36c to datanode:823e1d17-9ec2-4324-ad19-cd013f58686a
2020-10-14 21:15:43,841 [EventQueue-NodeRegistrationContainerReportForDataNodeSafeModeRule] INFO  safemode.SCMSafeModeManager (SCMSafeModeManager.java:validateSafeModeExitRules(214)) - DataNodeSafeModeRule rule is successfully validated
2020-10-14 21:15:43,841 [EventQueue-NodeRegistrationContainerReportForContainerSafeModeRule] INFO  safemode.SCMSafeModeManager (SCMSafeModeManager.java:validateSafeModeExitRules(214)) - ContainerSafeModeRule rule is successfully validated
2020-10-14 21:15:43,842 [RatisPipelineUtilsThread] INFO  pipeline.PipelineStateManager (PipelineStateManager.java:addPipeline(54)) - Created pipeline Pipeline[ Id: b8c1d22c-0a0d-4b40-875a-99bd7ee4f36c, Nodes: 823e1d17-9ec2-4324-ad19-cd013f58686a{ip: 172.17.0.2, host: c0b050688864, networkLocation: /default-rack, certSerialId: null}, Type:RATIS, Factor:ONE, State:ALLOCATED, leaderId:, CreationTimestamp2020-10-14T21:15:43.841Z]
2020-10-14 21:15:44,069 [IPC Server handler 2 on default port 38265] INFO  net.NetworkTopologyImpl (NetworkTopologyImpl.java:add(111)) - Added a new node: /default-rack/497cee6a-8cec-48d3-a21d-ba28642b4d07
2020-10-14 21:15:44,069 [IPC Server handler 2 on default port 38265] INFO  node.SCMNodeManager (SCMNodeManager.java:register(282)) - Registered Data node : 497cee6a-8cec-48d3-a21d-ba28642b4d07{ip: 172.17.0.2, host: c0b050688864, networkLocation: /default-rack, certSerialId: null}
2020-10-14 21:15:44,070 [EventQueue-NodeRegistrationContainerReportForDataNodeSafeModeRule] INFO  safemode.SCMSafeModeManager (SCMSafeModeManager.java:validateSafeModeExitRules(214)) - DataNodeSafeModeRule rule is successfully validated
2020-10-14 21:15:44,070 [EventQueue-NodeRegistrationContainerReportForContainerSafeModeRule] INFO  safemode.SCMSafeModeManager (SCMSafeModeManager.java:validateSafeModeExitRules(214)) - ContainerSafeModeRule rule is successfully validated
2020-10-14 21:15:44,071 [RatisPipelineUtilsThread] INFO  pipeline.RatisPipelineProvider (RatisPipelineProvider.java:lambda$create$0(138)) - Sending CreatePipelineCommand for pipeline:PipelineID=ee2f0a48-fc84-4f8d-ae15-60e435c7c11b to datanode:497cee6a-8cec-48d3-a21d-ba28642b4d07
2020-10-14 21:15:44,071 [RatisPipelineUtilsThread] INFO  pipeline.PipelineStateManager (PipelineStateManager.java:addPipeline(54)) - Created pipeline Pipeline[ Id: ee2f0a48-fc84-4f8d-ae15-60e435c7c11b, Nodes: 497cee6a-8cec-48d3-a21d-ba28642b4d07{ip: 172.17.0.2, host: c0b050688864, networkLocation: /default-rack, certSerialId: null}, Type:RATIS, Factor:ONE, State:ALLOCATED, leaderId:, CreationTimestamp2020-10-14T21:15:44.071Z]
2020-10-14 21:15:44,071 [RatisPipelineUtilsThread] INFO  pipeline.RatisPipelineProvider (RatisPipelineProvider.java:lambda$create$0(138)) - Sending CreatePipelineCommand for pipeline:PipelineID=d7b52df2-ea79-40c3-985a-212b8072eefb to datanode:497cee6a-8cec-48d3-a21d-ba28642b4d07
2020-10-14 21:15:44,071 [RatisPipelineUtilsThread] INFO  pipeline.RatisPipelineProvider (RatisPipelineProvider.java:lambda$create$0(138)) - Sending CreatePipelineCommand for pipeline:PipelineID=d7b52df2-ea79-40c3-985a-212b8072eefb to datanode:823e1d17-9ec2-4324-ad19-cd013f58686a
2020-10-14 21:15:44,071 [RatisPipelineUtilsThread] INFO  pipeline.RatisPipelineProvider (RatisPipelineProvider.java:lambda$create$0(138)) - Sending CreatePipelineCommand for pipeline:PipelineID=d7b52df2-ea79-40c3-985a-212b8072eefb to datanode:2cb5168d-05f1-4d8c-acfa-fa1a7bda46f6
2020-10-14 21:15:44,072 [RatisPipelineUtilsThread] INFO  pipeline.PipelineStateManager (PipelineStateManager.java:addPipeline(54)) - Created pipeline Pipeline[ Id: d7b52df2-ea79-40c3-985a-212b8072eefb, Nodes: 497cee6a-8cec-48d3-a21d-ba28642b4d07{ip: 172.17.0.2, host: c0b050688864, networkLocation: /default-rack, certSerialId: null}823e1d17-9ec2-4324-ad19-cd013f58686a{ip: 172.17.0.2, host: c0b050688864, networkLocation: /default-rack, certSerialId: null}2cb5168d-05f1-4d8c-acfa-fa1a7bda46f6{ip: 172.17.0.2, host: c0b050688864, networkLocation: /default-rack, certSerialId: null}, Type:RATIS, Factor:THREE, State:ALLOCATED, leaderId:, CreationTimestamp2020-10-14T21:15:44.071Z]
2020-10-14 21:15:44,238 [Listener at 127.0.0.1/35811] INFO  ozone.MiniOzoneClusterImpl (MiniOzoneClusterImpl.java:lambda$waitForClusterToBeReady$0(177)) - Waiting for nodes to be ready. Got 6 of 7 DN Heartbeats.
2020-10-14 21:15:44,238 [Listener at 127.0.0.1/35811] INFO  ozone.MiniOzoneClusterImpl (MiniOzoneClusterImpl.java:lambda$waitForClusterToBeReady$0(180)) - Waiting for cluster to exit safe mode
2020-10-14 21:15:44,248 [IPC Server handler 3 on default port 38265] INFO  net.NetworkTopologyImpl (NetworkTopologyImpl.java:add(111)) - Added a new node: /default-rack/a2749394-0239-4d59-b5c5-6ec7975208db
2020-10-14 21:15:44,249 [IPC Server handler 3 on default port 38265] INFO  node.SCMNodeManager (SCMNodeManager.java:register(282)) - Registered Data node : a2749394-0239-4d59-b5c5-6ec7975208db{ip: 172.17.0.2, host: c0b050688864, networkLocation: /default-rack, certSerialId: null}
2020-10-14 21:15:44,250 [RatisPipelineUtilsThread] INFO  pipeline.RatisPipelineProvider (RatisPipelineProvider.java:lambda$create$0(138)) - Sending CreatePipelineCommand for pipeline:PipelineID=4c69807f-ca3a-4c6f-8183-51769f462877 to datanode:a2749394-0239-4d59-b5c5-6ec7975208db
2020-10-14 21:15:44,250 [EventQueue-NodeRegistrationContainerReportForContainerSafeModeRule] INFO  safemode.SCMSafeModeManager (SCMSafeModeManager.java:validateSafeModeExitRules(214)) - ContainerSafeModeRule rule is successfully validated
2020-10-14 21:15:44,250 [EventQueue-NodeRegistrationContainerReportForDataNodeSafeModeRule] INFO  safemode.SCMSafeModeManager (SCMSafeModeManager.java:validateSafeModeExitRules(214)) - DataNodeSafeModeRule rule is successfully validated
2020-10-14 21:15:44,251 [RatisPipelineUtilsThread] INFO  pipeline.PipelineStateManager (PipelineStateManager.java:addPipeline(54)) - Created pipeline Pipeline[ Id: 4c69807f-ca3a-4c6f-8183-51769f462877, Nodes: a2749394-0239-4d59-b5c5-6ec7975208db{ip: 172.17.0.2, host: c0b050688864, networkLocation: /default-rack, certSerialId: null}, Type:RATIS, Factor:ONE, State:ALLOCATED, leaderId:, CreationTimestamp2020-10-14T21:15:44.250Z]
2020-10-14 21:15:45,238 [Listener at 127.0.0.1/35811] INFO  ozone.MiniOzoneClusterImpl (MiniOzoneClusterImpl.java:lambda$waitForClusterToBeReady$0(177)) - Nodes are ready. Got 7 of 7 DN Heartbeats.
2020-10-14 21:15:45,238 [Listener at 127.0.0.1/35811] INFO  ozone.MiniOzoneClusterImpl (MiniOzoneClusterImpl.java:lambda$waitForClusterToBeReady$0(180)) - Waiting for cluster to exit safe mode
2020-10-14 21:15:46,110 [Command processor thread] INFO  impl.RaftServerProxy (RaftServerProxy.java:addNew(92)) - c9269502-d4ee-4905-9113-8d8748841615: addNew group-1081760DC0BF:[c9269502-d4ee-4905-9113-8d8748841615:172.17.0.2:34709:0] returns group-1081760DC0BF:java.util.concurrent.CompletableFuture@71e5556c[Not completed]
2020-10-14 21:15:46,115 [pool-168-thread-1] INFO  impl.RaftServerImpl (RaftServerImpl.java:<init>(120)) - c9269502-d4ee-4905-9113-8d8748841615: new RaftServerImpl for group-1081760DC0BF:[c9269502-d4ee-4905-9113-8d8748841615:172.17.0.2:34709:0] with ContainerStateMachine:uninitialized
2020-10-14 21:15:46,115 [pool-168-thread-1] INFO  server.RaftServerConfigKeys (ConfUtils.java:logGet(44)) - raft.server.rpc.timeout.min = 5s (custom)
2020-10-14 21:15:46,115 [pool-168-thread-1] INFO  server.RaftServerConfigKeys (ConfUtils.java:logGet(44)) - raft.server.rpc.timeout.max = 5200ms (custom)
2020-10-14 21:15:46,116 [pool-168-thread-1] INFO  server.RaftServerConfigKeys (ConfUtils.java:logGet(44)) - raft.server.rpcslowness.timeout = 300s (custom)
2020-10-14 21:15:46,116 [pool-168-thread-1] INFO  server.RaftServerConfigKeys (ConfUtils.java:logGet(44)) - raft.server.sleep.deviation.threshold = 300 (default)
2020-10-14 21:15:46,116 [pool-168-thread-1] INFO  server.RaftServerConfigKeys (ConfUtils.java:logGet(44)) - raft.server.log.appender.install.snapshot.enabled = false (custom)
2020-10-14 21:15:46,116 [pool-168-thread-1] INFO  impl.RaftServerImpl (ServerState.java:<init>(104)) - c9269502-d4ee-4905-9113-8d8748841615@group-1081760DC0BF: ConfigurationManager, init=-1: [c9269502-d4ee-4905-9113-8d8748841615:172.17.0.2:34709:0], old=null, confs=<EMPTY_MAP>
2020-10-14 21:15:46,116 [pool-168-thread-1] INFO  server.RaftServerConfigKeys (ConfUtils.java:logGet(44)) - raft.server.storage.dir = [/github/workspace/mnt/ozone/hadoop-ozone/integration-test/target/test-dir/MiniOzoneClusterImpl-2e4050b2-a17a-4fa5-be17-26c3c845a162/datanode-0/data/ratis] (custom)
2020-10-14 21:15:46,117 [pool-168-thread-1] INFO  server.RaftServerConfigKeys (ConfUtils.java:logGet(44)) - raft.server.log.corruption.policy = EXCEPTION (default)
2020-10-14 21:15:46,117 [pool-168-thread-1] INFO  storage.RaftStorageDirectory (RaftStorageDirectory.java:analyzeStorage(261)) - The storage directory /github/workspace/mnt/ozone/hadoop-ozone/integration-test/target/test-dir/MiniOzoneClusterImpl-2e4050b2-a17a-4fa5-be17-26c3c845a162/datanode-0/data/ratis/60876db6-56a5-434a-b82c-1081760dc0bf does not exist. Creating ...
2020-10-14 21:15:46,119 [pool-168-thread-1] INFO  storage.RaftStorageDirectory (RaftStorageDirectory.java:tryLock(343)) - Lock on /github/workspace/mnt/ozone/hadoop-ozone/integration-test/target/test-dir/MiniOzoneClusterImpl-2e4050b2-a17a-4fa5-be17-26c3c845a162/datanode-0/data/ratis/60876db6-56a5-434a-b82c-1081760dc0bf/in_use.lock acquired by nodename 17135@c0b050688864
2020-10-14 21:15:46,120 [pool-168-thread-1] INFO  storage.RaftStorage (RaftStorage.java:format(84)) - Storage directory /github/workspace/mnt/ozone/hadoop-ozone/integration-test/target/test-dir/MiniOzoneClusterImpl-2e4050b2-a17a-4fa5-be17-26c3c845a162/datanode-0/data/ratis/60876db6-56a5-434a-b82c-1081760dc0bf has been successfully formatted.
2020-10-14 21:15:46,120 [pool-168-thread-1] INFO  ratis.ContainerStateMachine (ContainerStateMachine.java:loadSnapshot(225)) - group-1081760DC0BF: The snapshot info is null. Setting the last applied indexto:(t:0, i:~)
2020-10-14 21:15:46,120 [pool-168-thread-1] INFO  server.RaftServerConfigKeys (ConfUtils.java:logGet(44)) - raft.server.notification.no-leader.timeout = 300s (custom)
2020-10-14 21:15:46,121 [pool-168-thread-1] INFO  server.RaftServerConfigKeys (ConfUtils.java:logGet(44)) - raft.server.log.use.memory = false (default)
2020-10-14 21:15:46,121 [pool-168-thread-1] INFO  server.RaftServerConfigKeys (ConfUtils.java:logGet(44)) - raft.server.log.purge.gap = 1000000 (custom)
2020-10-14 21:15:46,121 [pool-168-thread-1] INFO  metrics.RatisMetrics (RatisMetrics.java:lambda$create$0(36)) - Creating Metrics Registry : ratis.log_worker.c9269502-d4ee-4905-9113-8d8748841615@group-1081760DC0BF
2020-10-14 21:15:46,122 [pool-168-thread-1] INFO  server.RaftServerConfigKeys (ConfUtils.java:logGet(44)) - raft.server.log.appender.buffer.byte-limit = 33554432 (custom)
2020-10-14 21:15:46,122 [pool-168-thread-1] INFO  server.RaftServerConfigKeys (ConfUtils.java:logGet(44)) - raft.server.log.segment.size.max = 1048576 (custom)
2020-10-14 21:15:46,122 [EventQueue-PipelineReportForPipelineReportHandler] INFO  pipeline.PipelineStateManager (PipelineStateManager.java:openPipeline(131)) - Pipeline Pipeline[ Id: 60876db6-56a5-434a-b82c-1081760dc0bf, Nodes: c9269502-d4ee-4905-9113-8d8748841615{ip: 172.17.0.2, host: c0b050688864, networkLocation: /default-rack, certSerialId: null}, Type:RATIS, Factor:ONE, State:ALLOCATED, leaderId:c9269502-d4ee-4905-9113-8d8748841615, CreationTimestamp2020-10-14T21:15:43.115Z] moved to OPEN state
2020-10-14 21:15:46,122 [pool-168-thread-1] INFO  server.RaftServerConfigKeys (ConfUtils.java:logGet(44)) - raft.server.log.segment.cache.num.max = 2 (custom)
2020-10-14 21:15:46,123 [pool-168-thread-1] INFO  segmented.SegmentedRaftLogWorker (SegmentedRaftLogWorker.java:<init>(180)) - new c9269502-d4ee-4905-9113-8d8748841615@group-1081760DC0BF-SegmentedRaftLogWorker for RaftStorage:Storage Directory /github/workspace/mnt/ozone/hadoop-ozone/integration-test/target/test-dir/MiniOzoneClusterImpl-2e4050b2-a17a-4fa5-be17-26c3c845a162/datanode-0/data/ratis/60876db6-56a5-434a-b82c-1081760dc0bf
2020-10-14 21:15:46,123 [pool-168-thread-1] INFO  server.RaftServerConfigKeys (ConfUtils.java:logGet(44)) - raft.server.log.queue.byte-limit = 2147483647 (custom)
2020-10-14 21:15:46,123 [EventQueue-OpenPipelineForHealthyPipelineSafeModeRule] INFO  safemode.SCMSafeModeManager (HealthyPipelineSafeModeRule.java:process(129)) - SCM in safe mode. Healthy pipelines reported count is 0, required healthy pipeline reported count is 1
2020-10-14 21:15:46,124 [pool-168-thread-1] INFO  server.RaftServerConfigKeys (ConfUtils.java:logGet(44)) - raft.server.log.queue.element-limit = 1024 (custom)
2020-10-14 21:15:46,124 [pool-168-thread-1] INFO  server.RaftServerConfigKeys (ConfUtils.java:logGet(44)) - raft.server.log.segment.size.max = 1048576 (custom)
2020-10-14 21:15:46,124 [pool-168-thread-1] INFO  server.RaftServerConfigKeys (ConfUtils.java:logGet(44)) - raft.server.log.preallocated.size = 16384 (custom)
2020-10-14 21:15:46,124 [pool-168-thread-1] INFO  server.RaftServerConfigKeys (ConfUtils.java:logGet(44)) - raft.server.log.write.buffer.size = 1048576 (custom)
2020-10-14 21:15:46,124 [pool-168-thread-1] INFO  server.RaftServerConfigKeys (ConfUtils.java:logGet(44)) - raft.server.log.force.sync.num = 128 (default)
2020-10-14 21:15:46,124 [pool-168-thread-1] INFO  server.RaftServerConfigKeys (ConfUtils.java:logGet(44)) - raft.server.log.statemachine.data.sync = true (default)
2020-10-14 21:15:46,124 [pool-168-thread-1] INFO  server.RaftServerConfigKeys (ConfUtils.java:logGet(44)) - raft.server.log.statemachine.data.sync.timeout = 10s (default)
2020-10-14 21:15:46,124 [pool-168-thread-1] INFO  server.RaftServerConfigKeys (ConfUtils.java:logGet(44)) - raft.server.log.statemachine.data.sync.timeout.retry = -1 (default)
2020-10-14 21:15:46,126 [pool-168-thread-1] INFO  server.RaftServerConfigKeys (ConfUtils.java:logGet(44)) - raft.server.log.statemachine.data.caching.enabled = true (custom)
2020-10-14 21:15:46,126 [pool-168-thread-1] INFO  segmented.SegmentedRaftLogWorker (SegmentedRaftLogWorker.java:lambda$new$0(129)) - c9269502-d4ee-4905-9113-8d8748841615@group-1081760DC0BF-SegmentedRaftLogWorker: flushIndex: setUnconditionally 0 -> -1
2020-10-14 21:15:46,126 [pool-168-thread-1] INFO  segmented.SegmentedRaftLogWorker (SegmentedRaftLogWorker.java:lambda$new$0(129)) - c9269502-d4ee-4905-9113-8d8748841615@group-1081760DC0BF-SegmentedRaftLogWorker: safeCacheEvictIndex: setUnconditionally 0 -> -1
2020-10-14 21:15:46,127 [EventQueue-OpenPipelineForOneReplicaPipelineSafeModeRule] INFO  safemode.SCMSafeModeManager (SCMSafeModeManager.java:validateSafeModeExitRules(214)) - AtleastOneDatanodeReportedRule rule is successfully validated
2020-10-14 21:15:46,127 [pool-168-thread-1] INFO  server.RaftServerConfigKeys (ConfUtils.java:logGet(44)) - raft.server.snapshot.auto.trigger.enabled = true (custom)
2020-10-14 21:15:46,127 [pool-168-thread-1] INFO  server.RaftServerConfigKeys (ConfUtils.java:logGet(44)) - raft.server.snapshot.auto.trigger.threshold = 10000 (custom)
2020-10-14 21:15:46,127 [pool-168-thread-1] INFO  server.RaftServerConfigKeys (ConfUtils.java:logGet(44)) - raft.server.snapshot.retention.file.num = 5 (custom)
2020-10-14 21:15:46,127 [pool-168-thread-1] INFO  server.RaftServerConfigKeys (ConfUtils.java:logGet(44)) - raft.server.log.purge.upto.snapshot.index = false (default)
2020-10-14 21:15:46,127 [pool-168-thread-1] INFO  server.RaftServerConfigKeys (ConfUtils.java:logGet(44)) - raft.server.retrycache.expirytime = 600000ms (custom)
2020-10-14 21:15:46,127 [pool-168-thread-1] INFO  metrics.RatisMetrics (RatisMetrics.java:lambda$create$0(36)) - Creating Metrics Registry : ratis.leader_election.c9269502-d4ee-4905-9113-8d8748841615@group-1081760DC0BF
2020-10-14 21:15:46,128 [pool-168-thread-1] INFO  metrics.RatisMetrics (RatisMetrics.java:lambda$create$0(36)) - Creating Metrics Registry : ratis.server.c9269502-d4ee-4905-9113-8d8748841615@group-1081760DC0BF
2020-10-14 21:15:46,129 [pool-168-thread-1] INFO  impl.RaftServerImpl (RaftServerImpl.java:start(209)) - c9269502-d4ee-4905-9113-8d8748841615@group-1081760DC0BF: start as a follower, conf=-1: [c9269502-d4ee-4905-9113-8d8748841615:172.17.0.2:34709:0], old=null
2020-10-14 21:15:46,129 [pool-168-thread-1] INFO  impl.RaftServerImpl (RaftServerImpl.java:setRole(198)) - c9269502-d4ee-4905-9113-8d8748841615@group-1081760DC0BF: changes role from      null to FOLLOWER at term 0 for startAsFollower
2020-10-14 21:15:46,129 [pool-168-thread-1] INFO  impl.RoleInfo (RoleInfo.java:updateAndGet(143)) - c9269502-d4ee-4905-9113-8d8748841615: start FollowerState
2020-10-14 21:15:46,135 [pool-168-thread-1] INFO  util.JmxRegister (JmxRegister.java:tryRegister(44)) - Successfully registered JMX Bean with object name Ratis:service=RaftServer,group=group-1081760DC0BF,id=c9269502-d4ee-4905-9113-8d8748841615
2020-10-14 21:15:46,135 [pool-168-thread-1] INFO  metrics.RatisMetrics (RatisMetrics.java:lambda$create$0(36)) - Creating Metrics Registry : ratis.state_machine.c9269502-d4ee-4905-9113-8d8748841615@group-1081760DC0BF
2020-10-14 21:15:46,136 [Command processor thread] INFO  commandhandler.CreatePipelineCommandHandler (CreatePipelineCommandHandler.java:handle(110)) - Created Pipeline RATIS ONE #id: "60876db6-56a5-434a-b82c-1081760dc0bf"
uuid128 {
  mostSigBits: 6955648779402167114
  leastSigBits: -5175743723538104129
}
.
2020-10-14 21:15:46,136 [Command processor thread] INFO  impl.RaftServerProxy (RaftServerProxy.java:addNew(92)) - c9269502-d4ee-4905-9113-8d8748841615: addNew group-912DD3AF3D6E:[f76b2cce-c2f6-431b-b1be-2c52678ad1ab:172.17.0.2:35837:0, 76ae9a49-516f-47a3-983c-b12a499d08c9:172.17.0.2:37219:0, c9269502-d4ee-4905-9113-8d8748841615:172.17.0.2:34709:0] returns group-912DD3AF3D6E:java.util.concurrent.CompletableFuture@75dacf88[Not completed]
2020-10-14 21:15:46,137 [pool-168-thread-1] INFO  impl.RaftServerImpl (RaftServerImpl.java:<init>(120)) - c9269502-d4ee-4905-9113-8d8748841615: new RaftServerImpl for group-912DD3AF3D6E:[f76b2cce-c2f6-431b-b1be-2c52678ad1ab:172.17.0.2:35837:0, 76ae9a49-516f-47a3-983c-b12a499d08c9:172.17.0.2:37219:0, c9269502-d4ee-4905-9113-8d8748841615:172.17.0.2:34709:0] with ContainerStateMachine:uninitialized
2020-10-14 21:15:46,137 [pool-168-thread-1] INFO  server.RaftServerConfigKeys (ConfUtils.java:logGet(44)) - raft.server.rpc.timeout.min = 5s (custom)
2020-10-14 21:15:46,137 [pool-168-thread-1] INFO  server.RaftServerConfigKeys (ConfUtils.java:logGet(44)) - raft.server.rpc.timeout.max = 5200ms (custom)
2020-10-14 21:15:46,137 [pool-168-thread-1] INFO  server.RaftServerConfigKeys (ConfUtils.java:logGet(44)) - raft.server.rpcslowness.timeout = 300s (custom)
2020-10-14 21:15:46,137 [pool-168-thread-1] INFO  server.RaftServerConfigKeys (ConfUtils.java:logGet(44)) - raft.server.sleep.deviation.threshold = 300 (default)
2020-10-14 21:15:46,137 [pool-168-thread-1] INFO  server.RaftServerConfigKeys (ConfUtils.java:logGet(44)) - raft.server.log.appender.install.snapshot.enabled = false (custom)
2020-10-14 21:15:46,137 [pool-168-thread-1] INFO  impl.RaftServerImpl (ServerState.java:<init>(104)) - c9269502-d4ee-4905-9113-8d8748841615@group-912DD3AF3D6E: ConfigurationManager, init=-1: [f76b2cce-c2f6-431b-b1be-2c52678ad1ab:172.17.0.2:35837:0, 76ae9a49-516f-47a3-983c-b12a499d08c9:172.17.0.2:37219:0, c9269502-d4ee-4905-9113-8d8748841615:172.17.0.2:34709:0], old=null, confs=<EMPTY_MAP>
2020-10-14 21:15:46,137 [pool-168-thread-1] INFO  server.RaftServerConfigKeys (ConfUtils.java:logGet(44)) - raft.server.storage.dir = [/github/workspace/mnt/ozone/hadoop-ozone/integration-test/target/test-dir/MiniOzoneClusterImpl-2e4050b2-a17a-4fa5-be17-26c3c845a162/datanode-0/data/ratis] (custom)
2020-10-14 21:15:46,137 [pool-168-thread-1] INFO  server.RaftServerConfigKeys (ConfUtils.java:logGet(44)) - raft.server.log.corruption.policy = EXCEPTION (default)
2020-10-14 21:15:46,138 [pool-168-thread-1] INFO  storage.RaftStorageDirectory (RaftStorageDirectory.java:analyzeStorage(261)) - The storage directory /github/workspace/mnt/ozone/hadoop-ozone/integration-test/target/test-dir/MiniOzoneClusterImpl-2e4050b2-a17a-4fa5-be17-26c3c845a162/datanode-0/data/ratis/fdfcd7ae-b040-4762-be1a-912dd3af3d6e does not exist. Creating ...
2020-10-14 21:15:46,139 [pool-168-thread-1] INFO  storage.RaftStorageDirectory (RaftStorageDirectory.java:tryLock(343)) - Lock on /github/workspace/mnt/ozone/hadoop-ozone/integration-test/target/test-dir/MiniOzoneClusterImpl-2e4050b2-a17a-4fa5-be17-26c3c845a162/datanode-0/data/ratis/fdfcd7ae-b040-4762-be1a-912dd3af3d6e/in_use.lock acquired by nodename 17135@c0b050688864
2020-10-14 21:15:46,141 [pool-168-thread-1] INFO  storage.RaftStorage (RaftStorage.java:format(84)) - Storage directory /github/workspace/mnt/ozone/hadoop-ozone/integration-test/target/test-dir/MiniOzoneClusterImpl-2e4050b2-a17a-4fa5-be17-26c3c845a162/datanode-0/data/ratis/fdfcd7ae-b040-4762-be1a-912dd3af3d6e has been successfully formatted.
2020-10-14 21:15:46,141 [pool-168-thread-1] INFO  ratis.ContainerStateMachine (ContainerStateMachine.java:loadSnapshot(225)) - group-912DD3AF3D6E: The snapshot info is null. Setting the last applied indexto:(t:0, i:~)
2020-10-14 21:15:46,141 [pool-168-thread-1] INFO  server.RaftServerConfigKeys (ConfUtils.java:logGet(44)) - raft.server.notification.no-leader.timeout = 300s (custom)
2020-10-14 21:15:46,141 [pool-168-thread-1] INFO  server.RaftServerConfigKeys (ConfUtils.java:logGet(44)) - raft.server.log.use.memory = false (default)
2020-10-14 21:15:46,141 [pool-168-thread-1] INFO  server.RaftServerConfigKeys (ConfUtils.java:logGet(44)) - raft.server.log.purge.gap = 1000000 (custom)
2020-10-14 21:15:46,141 [pool-168-thread-1] INFO  metrics.RatisMetrics (RatisMetrics.java:lambda$create$0(36)) - Creating Metrics Registry : ratis.log_worker.c9269502-d4ee-4905-9113-8d8748841615@group-912DD3AF3D6E
2020-10-14 21:15:46,142 [pool-168-thread-1] INFO  server.RaftServerConfigKeys (ConfUtils.java:logGet(44)) - raft.server.log.appender.buffer.byte-limit = 33554432 (custom)
2020-10-14 21:15:46,142 [pool-168-thread-1] INFO  server.RaftServerConfigKeys (ConfUtils.java:logGet(44)) - raft.server.log.segment.size.max = 1048576 (custom)
2020-10-14 21:15:46,143 [pool-168-thread-1] INFO  server.RaftServerConfigKeys (ConfUtils.java:logGet(44)) - raft.server.log.segment.cache.num.max = 2 (custom)
2020-10-14 21:15:46,143 [pool-168-thread-1] INFO  segmented.SegmentedRaftLogWorker (SegmentedRaftLogWorker.java:<init>(180)) - new c9269502-d4ee-4905-9113-8d8748841615@group-912DD3AF3D6E-SegmentedRaftLogWorker for RaftStorage:Storage Directory /github/workspace/mnt/ozone/hadoop-ozone/integration-test/target/test-dir/MiniOzoneClusterImpl-2e4050b2-a17a-4fa5-be17-26c3c845a162/datanode-0/data/ratis/fdfcd7ae-b040-4762-be1a-912dd3af3d6e
2020-10-14 21:15:46,143 [pool-168-thread-1] INFO  server.RaftServerConfigKeys (ConfUtils.java:logGet(44)) - raft.server.log.queue.byte-limit = 2147483647 (custom)
2020-10-14 21:15:46,143 [pool-168-thread-1] INFO  server.RaftServerConfigKeys (ConfUtils.java:logGet(44)) - raft.server.log.queue.element-limit = 1024 (custom)
2020-10-14 21:15:46,143 [pool-168-thread-1] INFO  server.RaftServerConfigKeys (ConfUtils.java:logGet(44)) - raft.server.log.segment.size.max = 1048576 (custom)
2020-10-14 21:15:46,143 [pool-168-thread-1] INFO  server.RaftServerConfigKeys (ConfUtils.java:logGet(44)) - raft.server.log.preallocated.size = 16384 (custom)
2020-10-14 21:15:46,143 [pool-168-thread-1] INFO  server.RaftServerConfigKeys (ConfUtils.java:logGet(44)) - raft.server.log.write.buffer.size = 1048576 (custom)
2020-10-14 21:15:46,143 [pool-168-thread-1] INFO  server.RaftServerConfigKeys (ConfUtils.java:logGet(44)) - raft.server.log.force.sync.num = 128 (default)
2020-10-14 21:15:46,143 [pool-168-thread-1] INFO  server.RaftServerConfigKeys (ConfUtils.java:logGet(44)) - raft.server.log.statemachine.data.sync = true (default)
2020-10-14 21:15:46,143 [pool-168-thread-1] INFO  server.RaftServerConfigKeys (ConfUtils.java:logGet(44)) - raft.server.log.statemachine.data.sync.timeout = 10s (default)
2020-10-14 21:15:46,143 [pool-168-thread-1] INFO  server.RaftServerConfigKeys (ConfUtils.java:logGet(44)) - raft.server.log.statemachine.data.sync.timeout.retry = -1 (default)
2020-10-14 21:15:46,145 [pool-168-thread-1] INFO  server.RaftServerConfigKeys (ConfUtils.java:logGet(44)) - raft.server.log.statemachine.data.caching.enabled = true (custom)
2020-10-14 21:15:46,145 [pool-168-thread-1] INFO  segmented.SegmentedRaftLogWorker (SegmentedRaftLogWorker.java:lambda$new$0(129)) - c9269502-d4ee-4905-9113-8d8748841615@group-912DD3AF3D6E-SegmentedRaftLogWorker: flushIndex: setUnconditionally 0 -> -1
2020-10-14 21:15:46,145 [pool-168-thread-1] INFO  segmented.SegmentedRaftLogWorker (SegmentedRaftLogWorker.java:lambda$new$0(129)) - c9269502-d4ee-4905-9113-8d8748841615@group-912DD3AF3D6E-SegmentedRaftLogWorker: safeCacheEvictIndex: setUnconditionally 0 -> -1
2020-10-14 21:15:46,146 [pool-168-thread-1] INFO  server.RaftServerConfigKeys (ConfUtils.java:logGet(44)) - raft.server.snapshot.auto.trigger.enabled = true (custom)
2020-10-14 21:15:46,146 [pool-168-thread-1] INFO  server.RaftServerConfigKeys (ConfUtils.java:logGet(44)) - raft.server.snapshot.auto.trigger.threshold = 10000 (custom)
2020-10-14 21:15:46,146 [pool-168-thread-1] INFO  server.RaftServerConfigKeys (ConfUtils.java:logGet(44)) - raft.server.snapshot.retention.file.num = 5 (custom)
2020-10-14 21:15:46,146 [pool-168-thread-1] INFO  server.RaftServerConfigKeys (ConfUtils.java:logGet(44)) - raft.server.log.purge.upto.snapshot.index = false (default)
2020-10-14 21:15:46,146 [pool-168-thread-1] INFO  server.RaftServerConfigKeys (ConfUtils.java:logGet(44)) - raft.server.retrycache.expirytime = 600000ms (custom)
2020-10-14 21:15:46,146 [pool-168-thread-1] INFO  metrics.RatisMetrics (RatisMetrics.java:lambda$create$0(36)) - Creating Metrics Registry : ratis.leader_election.c9269502-d4ee-4905-9113-8d8748841615@group-912DD3AF3D6E
2020-10-14 21:15:46,147 [pool-168-thread-1] INFO  metrics.RatisMetrics (RatisMetrics.java:lambda$create$0(36)) - Creating Metrics Registry : ratis.server.c9269502-d4ee-4905-9113-8d8748841615@group-912DD3AF3D6E
2020-10-14 21:15:46,148 [pool-168-thread-1] INFO  impl.RaftServerImpl (RaftServerImpl.java:start(209)) - c9269502-d4ee-4905-9113-8d8748841615@group-912DD3AF3D6E: start as a follower, conf=-1: [f76b2cce-c2f6-431b-b1be-2c52678ad1ab:172.17.0.2:35837:0, 76ae9a49-516f-47a3-983c-b12a499d08c9:172.17.0.2:37219:0, c9269502-d4ee-4905-9113-8d8748841615:172.17.0.2:34709:0], old=null
2020-10-14 21:15:46,148 [pool-168-thread-1] INFO  impl.RaftServerImpl (RaftServerImpl.java:setRole(198)) - c9269502-d4ee-4905-9113-8d8748841615@group-912DD3AF3D6E: changes role from      null to FOLLOWER at term 0 for startAsFollower
2020-10-14 21:15:46,148 [pool-168-thread-1] INFO  impl.RoleInfo (RoleInfo.java:updateAndGet(143)) - c9269502-d4ee-4905-9113-8d8748841615: start FollowerState
2020-10-14 21:15:46,148 [pool-168-thread-1] INFO  util.JmxRegister (JmxRegister.java:tryRegister(44)) - Successfully registered JMX Bean with object name Ratis:service=RaftServer,group=group-912DD3AF3D6E,id=c9269502-d4ee-4905-9113-8d8748841615
2020-10-14 21:15:46,148 [pool-168-thread-1] INFO  metrics.RatisMetrics (RatisMetrics.java:lambda$create$0(36)) - Creating Metrics Registry : ratis.state_machine.c9269502-d4ee-4905-9113-8d8748841615@group-912DD3AF3D6E
2020-10-14 21:15:46,150 [Command processor thread] INFO  metrics.RatisMetrics (RatisMetrics.java:lambda$create$0(36)) - Creating Metrics Registry : ratis.client_message_metrics.client-5DD1D7AD94B7->f76b2cce-c2f6-431b-b1be-2c52678ad1ab
2020-10-14 21:15:46,156 [grpc-default-executor-1] INFO  metrics.RatisMetrics (RatisMetrics.java:lambda$create$0(36)) - Creating Metrics Registry : ratis.server_message_metrics.f76b2cce-c2f6-431b-b1be-2c52678ad1ab
2020-10-14 21:15:46,158 [grpc-default-executor-1] INFO  impl.RaftServerProxy (RaftServerProxy.java:addNew(92)) - f76b2cce-c2f6-431b-b1be-2c52678ad1ab: addNew group-912DD3AF3D6E:[f76b2cce-c2f6-431b-b1be-2c52678ad1ab:172.17.0.2:35837:0, 76ae9a49-516f-47a3-983c-b12a499d08c9:172.17.0.2:37219:0, c9269502-d4ee-4905-9113-8d8748841615:172.17.0.2:34709:0] returns group-912DD3AF3D6E:java.util.concurrent.CompletableFuture@3831fc18[Not completed]
2020-10-14 21:15:46,159 [pool-183-thread-1] INFO  impl.RaftServerImpl (RaftServerImpl.java:<init>(120)) - f76b2cce-c2f6-431b-b1be-2c52678ad1ab: new RaftServerImpl for group-912DD3AF3D6E:[f76b2cce-c2f6-431b-b1be-2c52678ad1ab:172.17.0.2:35837:0, 76ae9a49-516f-47a3-983c-b12a499d08c9:172.17.0.2:37219:0, c9269502-d4ee-4905-9113-8d8748841615:172.17.0.2:34709:0] with ContainerStateMachine:uninitialized
2020-10-14 21:15:46,159 [pool-183-thread-1] INFO  server.RaftServerConfigKeys (ConfUtils.java:logGet(44)) - raft.server.rpc.timeout.min = 5s (custom)
2020-10-14 21:15:46,159 [pool-183-thread-1] INFO  server.RaftServerConfigKeys (ConfUtils.java:logGet(44)) - raft.server.rpc.timeout.max = 5200ms (custom)
2020-10-14 21:15:46,159 [pool-183-thread-1] INFO  server.RaftServerConfigKeys (ConfUtils.java:logGet(44)) - raft.server.rpcslowness.timeout = 300s (custom)
2020-10-14 21:15:46,159 [pool-183-thread-1] INFO  server.RaftServerConfigKeys (ConfUtils.java:logGet(44)) - raft.server.sleep.deviation.threshold = 300 (default)
2020-10-14 21:15:46,159 [pool-183-thread-1] INFO  server.RaftServerConfigKeys (ConfUtils.java:logGet(44)) - raft.server.log.appender.install.snapshot.enabled = false (custom)
2020-10-14 21:15:46,159 [pool-183-thread-1] INFO  impl.RaftServerImpl (ServerState.java:<init>(104)) - f76b2cce-c2f6-431b-b1be-2c52678ad1ab@group-912DD3AF3D6E: ConfigurationManager, init=-1: [f76b2cce-c2f6-431b-b1be-2c52678ad1ab:172.17.0.2:35837:0, 76ae9a49-516f-47a3-983c-b12a499d08c9:172.17.0.2:37219:0, c9269502-d4ee-4905-9113-8d8748841615:172.17.0.2:34709:0], old=null, confs=<EMPTY_MAP>
2020-10-14 21:15:46,159 [pool-183-thread-1] INFO  server.RaftServerConfigKeys (ConfUtils.java:logGet(44)) - raft.server.storage.dir = [/github/workspace/mnt/ozone/hadoop-ozone/integration-test/target/test-dir/MiniOzoneClusterImpl-2e4050b2-a17a-4fa5-be17-26c3c845a162/datanode-1/data/ratis] (custom)
2020-10-14 21:15:46,160 [pool-183-thread-1] INFO  server.RaftServerConfigKeys (ConfUtils.java:logGet(44)) - raft.server.log.corruption.policy = EXCEPTION (default)
2020-10-14 21:15:46,160 [pool-183-thread-1] INFO  storage.RaftStorageDirectory (RaftStorageDirectory.java:analyzeStorage(261)) - The storage directory /github/workspace/mnt/ozone/hadoop-ozone/integration-test/target/test-dir/MiniOzoneClusterImpl-2e4050b2-a17a-4fa5-be17-26c3c845a162/datanode-1/data/ratis/fdfcd7ae-b040-4762-be1a-912dd3af3d6e does not exist. Creating ...
2020-10-14 21:15:46,162 [pool-183-thread-1] INFO  storage.RaftStorageDirectory (RaftStorageDirectory.java:tryLock(343)) - Lock on /github/workspace/mnt/ozone/hadoop-ozone/integration-test/target/test-dir/MiniOzoneClusterImpl-2e4050b2-a17a-4fa5-be17-26c3c845a162/datanode-1/data/ratis/fdfcd7ae-b040-4762-be1a-912dd3af3d6e/in_use.lock acquired by nodename 17135@c0b050688864
2020-10-14 21:15:46,163 [pool-183-thread-1] INFO  storage.RaftStorage (RaftStorage.java:format(84)) - Storage directory /github/workspace/mnt/ozone/hadoop-ozone/integration-test/target/test-dir/MiniOzoneClusterImpl-2e4050b2-a17a-4fa5-be17-26c3c845a162/datanode-1/data/ratis/fdfcd7ae-b040-4762-be1a-912dd3af3d6e has been successfully formatted.
2020-10-14 21:15:46,164 [pool-183-thread-1] INFO  ratis.ContainerStateMachine (ContainerStateMachine.java:loadSnapshot(225)) - group-912DD3AF3D6E: The snapshot info is null. Setting the last applied indexto:(t:0, i:~)
2020-10-14 21:15:46,170 [pool-183-thread-1] INFO  server.RaftServerConfigKeys (ConfUtils.java:logGet(44)) - raft.server.notification.no-leader.timeout = 300s (custom)
2020-10-14 21:15:46,170 [pool-183-thread-1] INFO  server.RaftServerConfigKeys (ConfUtils.java:logGet(44)) - raft.server.log.use.memory = false (default)
2020-10-14 21:15:46,170 [pool-183-thread-1] INFO  server.RaftServerConfigKeys (ConfUtils.java:logGet(44)) - raft.server.log.purge.gap = 1000000 (custom)
2020-10-14 21:15:46,170 [pool-183-thread-1] INFO  metrics.RatisMetrics (RatisMetrics.java:lambda$create$0(36)) - Creating Metrics Registry : ratis.log_worker.f76b2cce-c2f6-431b-b1be-2c52678ad1ab@group-912DD3AF3D6E
2020-10-14 21:15:46,170 [pool-183-thread-1] INFO  server.RaftServerConfigKeys (ConfUtils.java:logGet(44)) - raft.server.log.appender.buffer.byte-limit = 33554432 (custom)
2020-10-14 21:15:46,170 [pool-183-thread-1] INFO  server.RaftServerConfigKeys (ConfUtils.java:logGet(44)) - raft.server.log.segment.size.max = 1048576 (custom)
2020-10-14 21:15:46,171 [pool-183-thread-1] INFO  server.RaftServerConfigKeys (ConfUtils.java:logGet(44)) - raft.server.log.segment.cache.num.max = 2 (custom)
2020-10-14 21:15:46,171 [pool-183-thread-1] INFO  segmented.SegmentedRaftLogWorker (SegmentedRaftLogWorker.java:<init>(180)) - new f76b2cce-c2f6-431b-b1be-2c52678ad1ab@group-912DD3AF3D6E-SegmentedRaftLogWorker for RaftStorage:Storage Directory /github/workspace/mnt/ozone/hadoop-ozone/integration-test/target/test-dir/MiniOzoneClusterImpl-2e4050b2-a17a-4fa5-be17-26c3c845a162/datanode-1/data/ratis/fdfcd7ae-b040-4762-be1a-912dd3af3d6e
2020-10-14 21:15:46,171 [pool-183-thread-1] INFO  server.RaftServerConfigKeys (ConfUtils.java:logGet(44)) - raft.server.log.queue.byte-limit = 2147483647 (custom)
2020-10-14 21:15:46,171 [pool-183-thread-1] INFO  server.RaftServerConfigKeys (ConfUtils.java:logGet(44)) - raft.server.log.queue.element-limit = 1024 (custom)
2020-10-14 21:15:46,171 [pool-183-thread-1] INFO  server.RaftServerConfigKeys (ConfUtils.java:logGet(44)) - raft.server.log.segment.size.max = 1048576 (custom)
2020-10-14 21:15:46,172 [pool-183-thread-1] INFO  server.RaftServerConfigKeys (ConfUtils.java:logGet(44)) - raft.server.log.preallocated.size = 16384 (custom)
2020-10-14 21:15:46,172 [pool-183-thread-1] INFO  server.RaftServerConfigKeys (ConfUtils.java:logGet(44)) - raft.server.log.write.buffer.size = 1048576 (custom)
2020-10-14 21:15:46,172 [pool-183-thread-1] INFO  server.RaftServerConfigKeys (ConfUtils.java:logGet(44)) - raft.server.log.force.sync.num = 128 (default)
2020-10-14 21:15:46,172 [pool-183-thread-1] INFO  server.RaftServerConfigKeys (ConfUtils.java:logGet(44)) - raft.server.log.statemachine.data.sync = true (default)
2020-10-14 21:15:46,172 [pool-183-thread-1] INFO  server.RaftServerConfigKeys (ConfUtils.java:logGet(44)) - raft.server.log.statemachine.data.sync.timeout = 10s (default)
2020-10-14 21:15:46,172 [pool-183-thread-1] INFO  server.RaftServerConfigKeys (ConfUtils.java:logGet(44)) - raft.server.log.statemachine.data.sync.timeout.retry = -1 (default)
2020-10-14 21:15:46,173 [pool-183-thread-1] INFO  server.RaftServerConfigKeys (ConfUtils.java:logGet(44)) - raft.server.log.statemachine.data.caching.enabled = true (custom)
2020-10-14 21:15:46,174 [pool-183-thread-1] INFO  segmented.SegmentedRaftLogWorker (SegmentedRaftLogWorker.java:lambda$new$0(129)) - f76b2cce-c2f6-431b-b1be-2c52678ad1ab@group-912DD3AF3D6E-SegmentedRaftLogWorker: flushIndex: setUnconditionally 0 -> -1
2020-10-14 21:15:46,174 [pool-183-thread-1] INFO  segmented.SegmentedRaftLogWorker (SegmentedRaftLogWorker.java:lambda$new$0(129)) - f76b2cce-c2f6-431b-b1be-2c52678ad1ab@group-912DD3AF3D6E-SegmentedRaftLogWorker: safeCacheEvictIndex: setUnconditionally 0 -> -1
2020-10-14 21:15:46,174 [pool-183-thread-1] INFO  server.RaftServerConfigKeys (ConfUtils.java:logGet(44)) - raft.server.snapshot.auto.trigger.enabled = true (custom)
2020-10-14 21:15:46,174 [pool-183-thread-1] INFO  server.RaftServerConfigKeys (ConfUtils.java:logGet(44)) - raft.server.snapshot.auto.trigger.threshold = 10000 (custom)
2020-10-14 21:15:46,174 [pool-183-thread-1] INFO  server.RaftServerConfigKeys (ConfUtils.java:logGet(44)) - raft.server.snapshot.retention.file.num = 5 (custom)
2020-10-14 21:15:46,174 [pool-183-thread-1] INFO  server.RaftServerConfigKeys (ConfUtils.java:logGet(44)) - raft.server.log.purge.upto.snapshot.index = false (default)
2020-10-14 21:15:46,174 [pool-183-thread-1] INFO  server.RaftServerConfigKeys (ConfUtils.java:logGet(44)) - raft.server.retrycache.expirytime = 600000ms (custom)
2020-10-14 21:15:46,175 [pool-183-thread-1] INFO  metrics.RatisMetrics (RatisMetrics.java:lambda$create$0(36)) - Creating Metrics Registry : ratis.leader_election.f76b2cce-c2f6-431b-b1be-2c52678ad1ab@group-912DD3AF3D6E
2020-10-14 21:15:46,175 [pool-183-thread-1] INFO  metrics.RatisMetrics (RatisMetrics.java:lambda$create$0(36)) - Creating Metrics Registry : ratis.server.f76b2cce-c2f6-431b-b1be-2c52678ad1ab@group-912DD3AF3D6E
2020-10-14 21:15:46,176 [pool-183-thread-1] INFO  impl.RaftServerImpl (RaftServerImpl.java:start(209)) - f76b2cce-c2f6-431b-b1be-2c52678ad1ab@group-912DD3AF3D6E: start as a follower, conf=-1: [f76b2cce-c2f6-431b-b1be-2c52678ad1ab:172.17.0.2:35837:0, 76ae9a49-516f-47a3-983c-b12a499d08c9:172.17.0.2:37219:0, c9269502-d4ee-4905-9113-8d8748841615:172.17.0.2:34709:0], old=null
2020-10-14 21:15:46,176 [pool-183-thread-1] INFO  impl.RaftServerImpl (RaftServerImpl.java:setRole(198)) - f76b2cce-c2f6-431b-b1be-2c52678ad1ab@group-912DD3AF3D6E: changes role from      null to FOLLOWER at term 0 for startAsFollower
2020-10-14 21:15:46,176 [pool-183-thread-1] INFO  impl.RoleInfo (RoleInfo.java:updateAndGet(143)) - f76b2cce-c2f6-431b-b1be-2c52678ad1ab: start FollowerState
2020-10-14 21:15:46,176 [pool-183-thread-1] INFO  util.JmxRegister (JmxRegister.java:tryRegister(44)) - Successfully registered JMX Bean with object name Ratis:service=RaftServer,group=group-912DD3AF3D6E,id=f76b2cce-c2f6-431b-b1be-2c52678ad1ab
2020-10-14 21:15:46,176 [pool-183-thread-1] INFO  metrics.RatisMetrics (RatisMetrics.java:lambda$create$0(36)) - Creating Metrics Registry : ratis.state_machine.f76b2cce-c2f6-431b-b1be-2c52678ad1ab@group-912DD3AF3D6E
2020-10-14 21:15:46,182 [Command processor thread] INFO  metrics.RatisMetrics (RatisMetrics.java:lambda$create$0(36)) - Creating Metrics Registry : ratis.client_message_metrics.client-AE30CC6387DE->76ae9a49-516f-47a3-983c-b12a499d08c9
2020-10-14 21:15:46,188 [grpc-default-executor-1] INFO  metrics.RatisMetrics (RatisMetrics.java:lambda$create$0(36)) - Creating Metrics Registry : ratis.server_message_metrics.76ae9a49-516f-47a3-983c-b12a499d08c9
2020-10-14 21:15:46,198 [grpc-default-executor-1] INFO  impl.RaftServerProxy (RaftServerProxy.java:addNew(92)) - 76ae9a49-516f-47a3-983c-b12a499d08c9: addNew group-912DD3AF3D6E:[f76b2cce-c2f6-431b-b1be-2c52678ad1ab:172.17.0.2:35837:0, 76ae9a49-516f-47a3-983c-b12a499d08c9:172.17.0.2:37219:0, c9269502-d4ee-4905-9113-8d8748841615:172.17.0.2:34709:0] returns group-912DD3AF3D6E:java.util.concurrent.CompletableFuture@45944f3e[Not completed]
2020-10-14 21:15:46,200 [pool-198-thread-1] INFO  impl.RaftServerImpl (RaftServerImpl.java:<init>(120)) - 76ae9a49-516f-47a3-983c-b12a499d08c9: new RaftServerImpl for group-912DD3AF3D6E:[f76b2cce-c2f6-431b-b1be-2c52678ad1ab:172.17.0.2:35837:0, 76ae9a49-516f-47a3-983c-b12a499d08c9:172.17.0.2:37219:0, c9269502-d4ee-4905-9113-8d8748841615:172.17.0.2:34709:0] with ContainerStateMachine:uninitialized
2020-10-14 21:15:46,200 [pool-198-thread-1] INFO  server.RaftServerConfigKeys (ConfUtils.java:logGet(44)) - raft.server.rpc.timeout.min = 5s (custom)
2020-10-14 21:15:46,201 [pool-198-thread-1] INFO  server.RaftServerConfigKeys (ConfUtils.java:logGet(44)) - raft.server.rpc.timeout.max = 5200ms (custom)
2020-10-14 21:15:46,201 [pool-198-thread-1] INFO  server.RaftServerConfigKeys (ConfUtils.java:logGet(44)) - raft.server.rpcslowness.timeout = 300s (custom)
2020-10-14 21:15:46,201 [pool-198-thread-1] INFO  server.RaftServerConfigKeys (ConfUtils.java:logGet(44)) - raft.server.sleep.deviation.threshold = 300 (default)
2020-10-14 21:15:46,201 [pool-198-thread-1] INFO  server.RaftServerConfigKeys (ConfUtils.java:logGet(44)) - raft.server.log.appender.install.snapshot.enabled = false (custom)
2020-10-14 21:15:46,201 [pool-198-thread-1] INFO  impl.RaftServerImpl (ServerState.java:<init>(104)) - 76ae9a49-516f-47a3-983c-b12a499d08c9@group-912DD3AF3D6E: ConfigurationManager, init=-1: [f76b2cce-c2f6-431b-b1be-2c52678ad1ab:172.17.0.2:35837:0, 76ae9a49-516f-47a3-983c-b12a499d08c9:172.17.0.2:37219:0, c9269502-d4ee-4905-9113-8d8748841615:172.17.0.2:34709:0], old=null, confs=<EMPTY_MAP>
2020-10-14 21:15:46,201 [pool-198-thread-1] INFO  server.RaftServerConfigKeys (ConfUtils.java:logGet(44)) - raft.server.storage.dir = [/github/workspace/mnt/ozone/hadoop-ozone/integration-test/target/test-dir/MiniOzoneClusterImpl-2e4050b2-a17a-4fa5-be17-26c3c845a162/datanode-2/data/ratis] (custom)
2020-10-14 21:15:46,201 [pool-198-thread-1] INFO  server.RaftServerConfigKeys (ConfUtils.java:logGet(44)) - raft.server.log.corruption.policy = EXCEPTION (default)
2020-10-14 21:15:46,201 [pool-198-thread-1] INFO  storage.RaftStorageDirectory (RaftStorageDirectory.java:analyzeStorage(261)) - The storage directory /github/workspace/mnt/ozone/hadoop-ozone/integration-test/target/test-dir/MiniOzoneClusterImpl-2e4050b2-a17a-4fa5-be17-26c3c845a162/datanode-2/data/ratis/fdfcd7ae-b040-4762-be1a-912dd3af3d6e does not exist. Creating ...
2020-10-14 21:15:46,203 [pool-198-thread-1] INFO  storage.RaftStorageDirectory (RaftStorageDirectory.java:tryLock(343)) - Lock on /github/workspace/mnt/ozone/hadoop-ozone/integration-test/target/test-dir/MiniOzoneClusterImpl-2e4050b2-a17a-4fa5-be17-26c3c845a162/datanode-2/data/ratis/fdfcd7ae-b040-4762-be1a-912dd3af3d6e/in_use.lock acquired by nodename 17135@c0b050688864
2020-10-14 21:15:46,205 [pool-198-thread-1] INFO  storage.RaftStorage (RaftStorage.java:format(84)) - Storage directory /github/workspace/mnt/ozone/hadoop-ozone/integration-test/target/test-dir/MiniOzoneClusterImpl-2e4050b2-a17a-4fa5-be17-26c3c845a162/datanode-2/data/ratis/fdfcd7ae-b040-4762-be1a-912dd3af3d6e has been successfully formatted.
2020-10-14 21:15:46,205 [pool-198-thread-1] INFO  ratis.ContainerStateMachine (ContainerStateMachine.java:loadSnapshot(225)) - group-912DD3AF3D6E: The snapshot info is null. Setting the last applied indexto:(t:0, i:~)
2020-10-14 21:15:46,205 [pool-198-thread-1] INFO  server.RaftServerConfigKeys (ConfUtils.java:logGet(44)) - raft.server.notification.no-leader.timeout = 300s (custom)
2020-10-14 21:15:46,206 [pool-198-thread-1] INFO  server.RaftServerConfigKeys (ConfUtils.java:logGet(44)) - raft.server.log.use.memory = false (default)
2020-10-14 21:15:46,207 [pool-198-thread-1] INFO  server.RaftServerConfigKeys (ConfUtils.java:logGet(44)) - raft.server.log.purge.gap = 1000000 (custom)
2020-10-14 21:15:46,207 [pool-198-thread-1] INFO  metrics.RatisMetrics (RatisMetrics.java:lambda$create$0(36)) - Creating Metrics Registry : ratis.log_worker.76ae9a49-516f-47a3-983c-b12a499d08c9@group-912DD3AF3D6E
2020-10-14 21:15:46,207 [pool-198-thread-1] INFO  server.RaftServerConfigKeys (ConfUtils.java:logGet(44)) - raft.server.log.appender.buffer.byte-limit = 33554432 (custom)
2020-10-14 21:15:46,207 [pool-198-thread-1] INFO  server.RaftServerConfigKeys (ConfUtils.java:logGet(44)) - raft.server.log.segment.size.max = 1048576 (custom)
2020-10-14 21:15:46,207 [pool-198-thread-1] INFO  server.RaftServerConfigKeys (ConfUtils.java:logGet(44)) - raft.server.log.segment.cache.num.max = 2 (custom)
2020-10-14 21:15:46,208 [pool-198-thread-1] INFO  segmented.SegmentedRaftLogWorker (SegmentedRaftLogWorker.java:<init>(180)) - new 76ae9a49-516f-47a3-983c-b12a499d08c9@group-912DD3AF3D6E-SegmentedRaftLogWorker for RaftStorage:Storage Directory /github/workspace/mnt/ozone/hadoop-ozone/integration-test/target/test-dir/MiniOzoneClusterImpl-2e4050b2-a17a-4fa5-be17-26c3c845a162/datanode-2/data/ratis/fdfcd7ae-b040-4762-be1a-912dd3af3d6e
2020-10-14 21:15:46,208 [pool-198-thread-1] INFO  server.RaftServerConfigKeys (ConfUtils.java:logGet(44)) - raft.server.log.queue.byte-limit = 2147483647 (custom)
2020-10-14 21:15:46,208 [pool-198-thread-1] INFO  server.RaftServerConfigKeys (ConfUtils.java:logGet(44)) - raft.server.log.queue.element-limit = 1024 (custom)
2020-10-14 21:15:46,208 [pool-198-thread-1] INFO  server.RaftServerConfigKeys (ConfUtils.java:logGet(44)) - raft.server.log.segment.size.max = 1048576 (custom)
2020-10-14 21:15:46,208 [pool-198-thread-1] INFO  server.RaftServerConfigKeys (ConfUtils.java:logGet(44)) - raft.server.log.preallocated.size = 16384 (custom)
2020-10-14 21:15:46,208 [pool-198-thread-1] INFO  server.RaftServerConfigKeys (ConfUtils.java:logGet(44)) - raft.server.log.write.buffer.size = 1048576 (custom)
2020-10-14 21:15:46,208 [pool-198-thread-1] INFO  server.RaftServerConfigKeys (ConfUtils.java:logGet(44)) - raft.server.log.force.sync.num = 128 (default)
2020-10-14 21:15:46,208 [pool-198-thread-1] INFO  server.RaftServerConfigKeys (ConfUtils.java:logGet(44)) - raft.server.log.statemachine.data.sync = true (default)
2020-10-14 21:15:46,208 [pool-198-thread-1] INFO  server.RaftServerConfigKeys (ConfUtils.java:logGet(44)) - raft.server.log.statemachine.data.sync.timeout = 10s (default)
2020-10-14 21:15:46,208 [pool-198-thread-1] INFO  server.RaftServerConfigKeys (ConfUtils.java:logGet(44)) - raft.server.log.statemachine.data.sync.timeout.retry = -1 (default)
2020-10-14 21:15:46,210 [pool-198-thread-1] INFO  server.RaftServerConfigKeys (ConfUtils.java:logGet(44)) - raft.server.log.statemachine.data.caching.enabled = true (custom)
2020-10-14 21:15:46,210 [pool-198-thread-1] INFO  segmented.SegmentedRaftLogWorker (SegmentedRaftLogWorker.java:lambda$new$0(129)) - 76ae9a49-516f-47a3-983c-b12a499d08c9@group-912DD3AF3D6E-SegmentedRaftLogWorker: flushIndex: setUnconditionally 0 -> -1
2020-10-14 21:15:46,210 [pool-198-thread-1] INFO  segmented.SegmentedRaftLogWorker (SegmentedRaftLogWorker.java:lambda$new$0(129)) - 76ae9a49-516f-47a3-983c-b12a499d08c9@group-912DD3AF3D6E-SegmentedRaftLogWorker: safeCacheEvictIndex: setUnconditionally 0 -> -1
2020-10-14 21:15:46,210 [pool-198-thread-1] INFO  server.RaftServerConfigKeys (ConfUtils.java:logGet(44)) - raft.server.snapshot.auto.trigger.enabled = true (custom)
2020-10-14 21:15:46,210 [pool-198-thread-1] INFO  server.RaftServerConfigKeys (ConfUtils.java:logGet(44)) - raft.server.snapshot.auto.trigger.threshold = 10000 (custom)
2020-10-14 21:15:46,210 [pool-198-thread-1] INFO  server.RaftServerConfigKeys (ConfUtils.java:logGet(44)) - raft.server.snapshot.retention.file.num = 5 (custom)
2020-10-14 21:15:46,210 [pool-198-thread-1] INFO  server.RaftServerConfigKeys (ConfUtils.java:logGet(44)) - raft.server.log.purge.upto.snapshot.index = false (default)
2020-10-14 21:15:46,210 [pool-198-thread-1] INFO  server.RaftServerConfigKeys (ConfUtils.java:logGet(44)) - raft.server.retrycache.expirytime = 600000ms (custom)
2020-10-14 21:15:46,211 [pool-198-thread-1] INFO  metrics.RatisMetrics (RatisMetrics.java:lambda$create$0(36)) - Creating Metrics Registry : ratis.leader_election.76ae9a49-516f-47a3-983c-b12a499d08c9@group-912DD3AF3D6E
2020-10-14 21:15:46,211 [pool-198-thread-1] INFO  metrics.RatisMetrics (RatisMetrics.java:lambda$create$0(36)) - Creating Metrics Registry : ratis.server.76ae9a49-516f-47a3-983c-b12a499d08c9@group-912DD3AF3D6E
2020-10-14 21:15:46,212 [pool-198-thread-1] INFO  impl.RaftServerImpl (RaftServerImpl.java:start(209)) - 76ae9a49-516f-47a3-983c-b12a499d08c9@group-912DD3AF3D6E: start as a follower, conf=-1: [f76b2cce-c2f6-431b-b1be-2c52678ad1ab:172.17.0.2:35837:0, 76ae9a49-516f-47a3-983c-b12a499d08c9:172.17.0.2:37219:0, c9269502-d4ee-4905-9113-8d8748841615:172.17.0.2:34709:0], old=null
2020-10-14 21:15:46,212 [pool-198-thread-1] INFO  impl.RaftServerImpl (RaftServerImpl.java:setRole(198)) - 76ae9a49-516f-47a3-983c-b12a499d08c9@group-912DD3AF3D6E: changes role from      null to FOLLOWER at term 0 for startAsFollower
2020-10-14 21:15:46,212 [pool-198-thread-1] INFO  impl.RoleInfo (RoleInfo.java:updateAndGet(143)) - 76ae9a49-516f-47a3-983c-b12a499d08c9: start FollowerState
2020-10-14 21:15:46,218 [pool-198-thread-1] INFO  util.JmxRegister (JmxRegister.java:tryRegister(44)) - Successfully registered JMX Bean with object name Ratis:service=RaftServer,group=group-912DD3AF3D6E,id=76ae9a49-516f-47a3-983c-b12a499d08c9
2020-10-14 21:15:46,219 [pool-198-thread-1] INFO  metrics.RatisMetrics (RatisMetrics.java:lambda$create$0(36)) - Creating Metrics Registry : ratis.state_machine.76ae9a49-516f-47a3-983c-b12a499d08c9@group-912DD3AF3D6E
2020-10-14 21:15:46,227 [Command processor thread] INFO  commandhandler.CreatePipelineCommandHandler (CreatePipelineCommandHandler.java:handle(110)) - Created Pipeline RATIS THREE #id: "fdfcd7ae-b040-4762-be1a-912dd3af3d6e"
uuid128 {
  mostSigBits: -145003942701414558
  leastSigBits: -4748323231097733778
}
.
2020-10-14 21:15:46,238 [Listener at 127.0.0.1/35811] INFO  ozone.MiniOzoneClusterImpl (MiniOzoneClusterImpl.java:lambda$waitForClusterToBeReady$0(177)) - Nodes are ready. Got 7 of 7 DN Heartbeats.
2020-10-14 21:15:46,239 [Listener at 127.0.0.1/35811] INFO  ozone.MiniOzoneClusterImpl (MiniOzoneClusterImpl.java:lambda$waitForClusterToBeReady$0(180)) - Waiting for cluster to exit safe mode
2020-10-14 21:15:46,288 [Command processor thread] INFO  impl.RaftServerProxy (RaftServerProxy.java:addNew(92)) - f76b2cce-c2f6-431b-b1be-2c52678ad1ab: addNew group-F8DFEF0FB6F2:[f76b2cce-c2f6-431b-b1be-2c52678ad1ab:172.17.0.2:35837:0] returns group-F8DFEF0FB6F2:java.util.concurrent.CompletableFuture@5ade805b[Not completed]
2020-10-14 21:15:46,289 [pool-183-thread-1] INFO  impl.RaftServerImpl (RaftServerImpl.java:<init>(120)) - f76b2cce-c2f6-431b-b1be-2c52678ad1ab: new RaftServerImpl for group-F8DFEF0FB6F2:[f76b2cce-c2f6-431b-b1be-2c52678ad1ab:172.17.0.2:35837:0] with ContainerStateMachine:uninitialized
2020-10-14 21:15:46,289 [pool-183-thread-1] INFO  server.RaftServerConfigKeys (ConfUtils.java:logGet(44)) - raft.server.rpc.timeout.min = 5s (custom)
2020-10-14 21:15:46,289 [pool-183-thread-1] INFO  server.RaftServerConfigKeys (ConfUtils.java:logGet(44)) - raft.server.rpc.timeout.max = 5200ms (custom)
2020-10-14 21:15:46,289 [pool-183-thread-1] INFO  server.RaftServerConfigKeys (ConfUtils.java:logGet(44)) - raft.server.rpcslowness.timeout = 300s (custom)
2020-10-14 21:15:46,290 [pool-183-thread-1] INFO  server.RaftServerConfigKeys (ConfUtils.java:logGet(44)) - raft.server.sleep.deviation.threshold = 300 (default)
2020-10-14 21:15:46,290 [pool-183-thread-1] INFO  server.RaftServerConfigKeys (ConfUtils.java:logGet(44)) - raft.server.log.appender.install.snapshot.enabled = false (custom)
2020-10-14 21:15:46,290 [pool-183-thread-1] INFO  impl.RaftServerImpl (ServerState.java:<init>(104)) - f76b2cce-c2f6-431b-b1be-2c52678ad1ab@group-F8DFEF0FB6F2: ConfigurationManager, init=-1: [f76b2cce-c2f6-431b-b1be-2c52678ad1ab:172.17.0.2:35837:0], old=null, confs=<EMPTY_MAP>
2020-10-14 21:15:46,290 [pool-183-thread-1] INFO  server.RaftServerConfigKeys (ConfUtils.java:logGet(44)) - raft.server.storage.dir = [/github/workspace/mnt/ozone/hadoop-ozone/integration-test/target/test-dir/MiniOzoneClusterImpl-2e4050b2-a17a-4fa5-be17-26c3c845a162/datanode-1/data/ratis] (custom)
2020-10-14 21:15:46,290 [pool-183-thread-1] INFO  server.RaftServerConfigKeys (ConfUtils.java:logGet(44)) - raft.server.log.corruption.policy = EXCEPTION (default)
2020-10-14 21:15:46,290 [pool-183-thread-1] INFO  storage.RaftStorageDirectory (RaftStorageDirectory.java:analyzeStorage(261)) - The storage directory /github/workspace/mnt/ozone/hadoop-ozone/integration-test/target/test-dir/MiniOzoneClusterImpl-2e4050b2-a17a-4fa5-be17-26c3c845a162/datanode-1/data/ratis/cc1fb8ae-7b36-4e83-86d9-f8dfef0fb6f2 does not exist. Creating ...
2020-10-14 21:15:46,292 [pool-183-thread-1] INFO  storage.RaftStorageDirectory (RaftStorageDirectory.java:tryLock(343)) - Lock on /github/workspace/mnt/ozone/hadoop-ozone/integration-test/target/test-dir/MiniOzoneClusterImpl-2e4050b2-a17a-4fa5-be17-26c3c845a162/datanode-1/data/ratis/cc1fb8ae-7b36-4e83-86d9-f8dfef0fb6f2/in_use.lock acquired by nodename 17135@c0b050688864
2020-10-14 21:15:46,294 [pool-183-thread-1] INFO  storage.RaftStorage (RaftStorage.java:format(84)) - Storage directory /github/workspace/mnt/ozone/hadoop-ozone/integration-test/target/test-dir/MiniOzoneClusterImpl-2e4050b2-a17a-4fa5-be17-26c3c845a162/datanode-1/data/ratis/cc1fb8ae-7b36-4e83-86d9-f8dfef0fb6f2 has been successfully formatted.
2020-10-14 21:15:46,294 [pool-183-thread-1] INFO  ratis.ContainerStateMachine (ContainerStateMachine.java:loadSnapshot(225)) - group-F8DFEF0FB6F2: The snapshot info is null. Setting the last applied indexto:(t:0, i:~)
2020-10-14 21:15:46,294 [pool-183-thread-1] INFO  server.RaftServerConfigKeys (ConfUtils.java:logGet(44)) - raft.server.notification.no-leader.timeout = 300s (custom)
2020-10-14 21:15:46,295 [pool-183-thread-1] INFO  server.RaftServerConfigKeys (ConfUtils.java:logGet(44)) - raft.server.log.use.memory = false (default)
2020-10-14 21:15:46,295 [pool-183-thread-1] INFO  server.RaftServerConfigKeys (ConfUtils.java:logGet(44)) - raft.server.log.purge.gap = 1000000 (custom)
2020-10-14 21:15:46,296 [EventQueue-PipelineReportForPipelineReportHandler] INFO  pipeline.PipelineStateManager (PipelineStateManager.java:openPipeline(131)) - Pipeline Pipeline[ Id: cc1fb8ae-7b36-4e83-86d9-f8dfef0fb6f2, Nodes: f76b2cce-c2f6-431b-b1be-2c52678ad1ab{ip: 172.17.0.2, host: c0b050688864, networkLocation: /default-rack, certSerialId: null}, Type:RATIS, Factor:ONE, State:ALLOCATED, leaderId:f76b2cce-c2f6-431b-b1be-2c52678ad1ab, CreationTimestamp2020-10-14T21:15:43.291Z] moved to OPEN state
2020-10-14 21:15:46,296 [EventQueue-OpenPipelineForHealthyPipelineSafeModeRule] INFO  safemode.SCMSafeModeManager (HealthyPipelineSafeModeRule.java:process(129)) - SCM in safe mode. Healthy pipelines reported count is 0, required healthy pipeline reported count is 1
2020-10-14 21:15:46,296 [pool-183-thread-1] INFO  metrics.RatisMetrics (RatisMetrics.java:lambda$create$0(36)) - Creating Metrics Registry : ratis.log_worker.f76b2cce-c2f6-431b-b1be-2c52678ad1ab@group-F8DFEF0FB6F2
2020-10-14 21:15:46,296 [EventQueue-OpenPipelineForOneReplicaPipelineSafeModeRule] INFO  safemode.SCMSafeModeManager (SCMSafeModeManager.java:validateSafeModeExitRules(214)) - AtleastOneDatanodeReportedRule rule is successfully validated
2020-10-14 21:15:46,296 [pool-183-thread-1] INFO  server.RaftServerConfigKeys (ConfUtils.java:logGet(44)) - raft.server.log.appender.buffer.byte-limit = 33554432 (custom)
2020-10-14 21:15:46,297 [pool-183-thread-1] INFO  server.RaftServerConfigKeys (ConfUtils.java:logGet(44)) - raft.server.log.segment.size.max = 1048576 (custom)
2020-10-14 21:15:46,297 [pool-183-thread-1] INFO  server.RaftServerConfigKeys (ConfUtils.java:logGet(44)) - raft.server.log.segment.cache.num.max = 2 (custom)
2020-10-14 21:15:46,297 [pool-183-thread-1] INFO  segmented.SegmentedRaftLogWorker (SegmentedRaftLogWorker.java:<init>(180)) - new f76b2cce-c2f6-431b-b1be-2c52678ad1ab@group-F8DFEF0FB6F2-SegmentedRaftLogWorker for RaftStorage:Storage Directory /github/workspace/mnt/ozone/hadoop-ozone/integration-test/target/test-dir/MiniOzoneClusterImpl-2e4050b2-a17a-4fa5-be17-26c3c845a162/datanode-1/data/ratis/cc1fb8ae-7b36-4e83-86d9-f8dfef0fb6f2
2020-10-14 21:15:46,297 [pool-183-thread-1] INFO  server.RaftServerConfigKeys (ConfUtils.java:logGet(44)) - raft.server.log.queue.byte-limit = 2147483647 (custom)
2020-10-14 21:15:46,297 [pool-183-thread-1] INFO  server.RaftServerConfigKeys (ConfUtils.java:logGet(44)) - raft.server.log.queue.element-limit = 1024 (custom)
2020-10-14 21:15:46,297 [pool-183-thread-1] INFO  server.RaftServerConfigKeys (ConfUtils.java:logGet(44)) - raft.server.log.segment.size.max = 1048576 (custom)
2020-10-14 21:15:46,297 [pool-183-thread-1] INFO  server.RaftServerConfigKeys (ConfUtils.java:logGet(44)) - raft.server.log.preallocated.size = 16384 (custom)
2020-10-14 21:15:46,297 [pool-183-thread-1] INFO  server.RaftServerConfigKeys (ConfUtils.java:logGet(44)) - raft.server.log.write.buffer.size = 1048576 (custom)
2020-10-14 21:15:46,297 [pool-183-thread-1] INFO  server.RaftServerConfigKeys (ConfUtils.java:logGet(44)) - raft.server.log.force.sync.num = 128 (default)
2020-10-14 21:15:46,298 [pool-183-thread-1] INFO  server.RaftServerConfigKeys (ConfUtils.java:logGet(44)) - raft.server.log.statemachine.data.sync = true (default)
2020-10-14 21:15:46,298 [pool-183-thread-1] INFO  server.RaftServerConfigKeys (ConfUtils.java:logGet(44)) - raft.server.log.statemachine.data.sync.timeout = 10s (default)
2020-10-14 21:15:46,298 [pool-183-thread-1] INFO  server.RaftServerConfigKeys (ConfUtils.java:logGet(44)) - raft.server.log.statemachine.data.sync.timeout.retry = -1 (default)
2020-10-14 21:15:46,299 [pool-183-thread-1] INFO  server.RaftServerConfigKeys (ConfUtils.java:logGet(44)) - raft.server.log.statemachine.data.caching.enabled = true (custom)
2020-10-14 21:15:46,300 [pool-183-thread-1] INFO  segmented.SegmentedRaftLogWorker (SegmentedRaftLogWorker.java:lambda$new$0(129)) - f76b2cce-c2f6-431b-b1be-2c52678ad1ab@group-F8DFEF0FB6F2-SegmentedRaftLogWorker: flushIndex: setUnconditionally 0 -> -1
2020-10-14 21:15:46,300 [pool-183-thread-1] INFO  segmented.SegmentedRaftLogWorker (SegmentedRaftLogWorker.java:lambda$new$0(129)) - f76b2cce-c2f6-431b-b1be-2c52678ad1ab@group-F8DFEF0FB6F2-SegmentedRaftLogWorker: safeCacheEvictIndex: setUnconditionally 0 -> -1
2020-10-14 21:15:46,300 [pool-183-thread-1] INFO  server.RaftServerConfigKeys (ConfUtils.java:logGet(44)) - raft.server.snapshot.auto.trigger.enabled = true (custom)
2020-10-14 21:15:46,300 [pool-183-thread-1] INFO  server.RaftServerConfigKeys (ConfUtils.java:logGet(44)) - raft.server.snapshot.auto.trigger.threshold = 10000 (custom)
2020-10-14 21:15:46,300 [pool-183-thread-1] INFO  server.RaftServerConfigKeys (ConfUtils.java:logGet(44)) - raft.server.snapshot.retention.file.num = 5 (custom)
2020-10-14 21:15:46,300 [pool-183-thread-1] INFO  server.RaftServerConfigKeys (ConfUtils.java:logGet(44)) - raft.server.log.purge.upto.snapshot.index = false (default)
2020-10-14 21:15:46,300 [pool-183-thread-1] INFO  server.RaftServerConfigKeys (ConfUtils.java:logGet(44)) - raft.server.retrycache.expirytime = 600000ms (custom)
2020-10-14 21:15:46,300 [pool-183-thread-1] INFO  metrics.RatisMetrics (RatisMetrics.java:lambda$create$0(36)) - Creating Metrics Registry : ratis.leader_election.f76b2cce-c2f6-431b-b1be-2c52678ad1ab@group-F8DFEF0FB6F2
2020-10-14 21:15:46,301 [pool-183-thread-1] INFO  metrics.RatisMetrics (RatisMetrics.java:lambda$create$0(36)) - Creating Metrics Registry : ratis.server.f76b2cce-c2f6-431b-b1be-2c52678ad1ab@group-F8DFEF0FB6F2
2020-10-14 21:15:46,302 [pool-183-thread-1] INFO  impl.RaftServerImpl (RaftServerImpl.java:start(209)) - f76b2cce-c2f6-431b-b1be-2c52678ad1ab@group-F8DFEF0FB6F2: start as a follower, conf=-1: [f76b2cce-c2f6-431b-b1be-2c52678ad1ab:172.17.0.2:35837:0], old=null
2020-10-14 21:15:46,302 [pool-183-thread-1] INFO  impl.RaftServerImpl (RaftServerImpl.java:setRole(198)) - f76b2cce-c2f6-431b-b1be-2c52678ad1ab@group-F8DFEF0FB6F2: changes role from      null to FOLLOWER at term 0 for startAsFollower
2020-10-14 21:15:46,302 [pool-183-thread-1] INFO  impl.RoleInfo (RoleInfo.java:updateAndGet(143)) - f76b2cce-c2f6-431b-b1be-2c52678ad1ab: start FollowerState
2020-10-14 21:15:46,302 [pool-183-thread-1] INFO  util.JmxRegister (JmxRegister.java:tryRegister(44)) - Successfully registered JMX Bean with object name Ratis:service=RaftServer,group=group-F8DFEF0FB6F2,id=f76b2cce-c2f6-431b-b1be-2c52678ad1ab
2020-10-14 21:15:46,302 [pool-183-thread-1] INFO  metrics.RatisMetrics (RatisMetrics.java:lambda$create$0(36)) - Creating Metrics Registry : ratis.state_machine.f76b2cce-c2f6-431b-b1be-2c52678ad1ab@group-F8DFEF0FB6F2
2020-10-14 21:15:46,303 [Command processor thread] INFO  commandhandler.CreatePipelineCommandHandler (CreatePipelineCommandHandler.java:handle(110)) - Created Pipeline RATIS ONE #id: "cc1fb8ae-7b36-4e83-86d9-f8dfef0fb6f2"
uuid128 {
  mostSigBits: -3738066106163245437
  leastSigBits: -8729672762008815886
}
.
2020-10-14 21:15:46,496 [Command processor thread] INFO  impl.RaftServerProxy (RaftServerProxy.java:addNew(92)) - 76ae9a49-516f-47a3-983c-b12a499d08c9: addNew group-8F956437CC23:[76ae9a49-516f-47a3-983c-b12a499d08c9:172.17.0.2:37219:0] returns group-8F956437CC23:java.util.concurrent.CompletableFuture@d2a5f5c[Not completed]
2020-10-14 21:15:46,497 [pool-198-thread-1] INFO  impl.RaftServerImpl (RaftServerImpl.java:<init>(120)) - 76ae9a49-516f-47a3-983c-b12a499d08c9: new RaftServerImpl for group-8F956437CC23:[76ae9a49-516f-47a3-983c-b12a499d08c9:172.17.0.2:37219:0] with ContainerStateMachine:uninitialized
2020-10-14 21:15:46,497 [pool-198-thread-1] INFO  server.RaftServerConfigKeys (ConfUtils.java:logGet(44)) - raft.server.rpc.timeout.min = 5s (custom)
2020-10-14 21:15:46,497 [pool-198-thread-1] INFO  server.RaftServerConfigKeys (ConfUtils.java:logGet(44)) - raft.server.rpc.timeout.max = 5200ms (custom)
2020-10-14 21:15:46,497 [pool-198-thread-1] INFO  server.RaftServerConfigKeys (ConfUtils.java:logGet(44)) - raft.server.rpcslowness.timeout = 300s (custom)
2020-10-14 21:15:46,497 [pool-198-thread-1] INFO  server.RaftServerConfigKeys (ConfUtils.java:logGet(44)) - raft.server.sleep.deviation.threshold = 300 (default)
2020-10-14 21:15:46,498 [pool-198-thread-1] INFO  server.RaftServerConfigKeys (ConfUtils.java:logGet(44)) - raft.server.log.appender.install.snapshot.enabled = false (custom)
2020-10-14 21:15:46,498 [pool-198-thread-1] INFO  impl.RaftServerImpl (ServerState.java:<init>(104)) - 76ae9a49-516f-47a3-983c-b12a499d08c9@group-8F956437CC23: ConfigurationManager, init=-1: [76ae9a49-516f-47a3-983c-b12a499d08c9:172.17.0.2:37219:0], old=null, confs=<EMPTY_MAP>
2020-10-14 21:15:46,498 [pool-198-thread-1] INFO  server.RaftServerConfigKeys (ConfUtils.java:logGet(44)) - raft.server.storage.dir = [/github/workspace/mnt/ozone/hadoop-ozone/integration-test/target/test-dir/MiniOzoneClusterImpl-2e4050b2-a17a-4fa5-be17-26c3c845a162/datanode-2/data/ratis] (custom)
2020-10-14 21:15:46,498 [pool-198-thread-1] INFO  server.RaftServerConfigKeys (ConfUtils.java:logGet(44)) - raft.server.log.corruption.policy = EXCEPTION (default)
2020-10-14 21:15:46,498 [pool-198-thread-1] INFO  storage.RaftStorageDirectory (RaftStorageDirectory.java:analyzeStorage(261)) - The storage directory /github/workspace/mnt/ozone/hadoop-ozone/integration-test/target/test-dir/MiniOzoneClusterImpl-2e4050b2-a17a-4fa5-be17-26c3c845a162/datanode-2/data/ratis/a51af638-694c-49b8-87be-8f956437cc23 does not exist. Creating ...
2020-10-14 21:15:46,500 [pool-198-thread-1] INFO  storage.RaftStorageDirectory (RaftStorageDirectory.java:tryLock(343)) - Lock on /github/workspace/mnt/ozone/hadoop-ozone/integration-test/target/test-dir/MiniOzoneClusterImpl-2e4050b2-a17a-4fa5-be17-26c3c845a162/datanode-2/data/ratis/a51af638-694c-49b8-87be-8f956437cc23/in_use.lock acquired by nodename 17135@c0b050688864
2020-10-14 21:15:46,502 [pool-198-thread-1] INFO  storage.RaftStorage (RaftStorage.java:format(84)) - Storage directory /github/workspace/mnt/ozone/hadoop-ozone/integration-test/target/test-dir/MiniOzoneClusterImpl-2e4050b2-a17a-4fa5-be17-26c3c845a162/datanode-2/data/ratis/a51af638-694c-49b8-87be-8f956437cc23 has been successfully formatted.
2020-10-14 21:15:46,502 [pool-198-thread-1] INFO  ratis.ContainerStateMachine (ContainerStateMachine.java:loadSnapshot(225)) - group-8F956437CC23: The snapshot info is null. Setting the last applied indexto:(t:0, i:~)
2020-10-14 21:15:46,504 [pool-198-thread-1] INFO  server.RaftServerConfigKeys (ConfUtils.java:logGet(44)) - raft.server.notification.no-leader.timeout = 300s (custom)
2020-10-14 21:15:46,504 [pool-198-thread-1] INFO  server.RaftServerConfigKeys (ConfUtils.java:logGet(44)) - raft.server.log.use.memory = false (default)
2020-10-14 21:15:46,505 [EventQueue-PipelineReportForPipelineReportHandler] INFO  pipeline.PipelineStateManager (PipelineStateManager.java:openPipeline(131)) - Pipeline Pipeline[ Id: a51af638-694c-49b8-87be-8f956437cc23, Nodes: 76ae9a49-516f-47a3-983c-b12a499d08c9{ip: 172.17.0.2, host: c0b050688864, networkLocation: /default-rack, certSerialId: null}, Type:RATIS, Factor:ONE, State:ALLOCATED, leaderId:76ae9a49-516f-47a3-983c-b12a499d08c9, CreationTimestamp2020-10-14T21:15:43.500Z] moved to OPEN state
2020-10-14 21:15:46,505 [EventQueue-OpenPipelineForOneReplicaPipelineSafeModeRule] INFO  safemode.SCMSafeModeManager (SCMSafeModeManager.java:validateSafeModeExitRules(214)) - AtleastOneDatanodeReportedRule rule is successfully validated
2020-10-14 21:15:46,507 [EventQueue-OpenPipelineForHealthyPipelineSafeModeRule] INFO  safemode.SCMSafeModeManager (HealthyPipelineSafeModeRule.java:process(129)) - SCM in safe mode. Healthy pipelines reported count is 0, required healthy pipeline reported count is 1
2020-10-14 21:15:46,507 [pool-198-thread-1] INFO  server.RaftServerConfigKeys (ConfUtils.java:logGet(44)) - raft.server.log.purge.gap = 1000000 (custom)
2020-10-14 21:15:46,507 [pool-198-thread-1] INFO  metrics.RatisMetrics (RatisMetrics.java:lambda$create$0(36)) - Creating Metrics Registry : ratis.log_worker.76ae9a49-516f-47a3-983c-b12a499d08c9@group-8F956437CC23
2020-10-14 21:15:46,507 [pool-198-thread-1] INFO  server.RaftServerConfigKeys (ConfUtils.java:logGet(44)) - raft.server.log.appender.buffer.byte-limit = 33554432 (custom)
2020-10-14 21:15:46,507 [pool-198-thread-1] INFO  server.RaftServerConfigKeys (ConfUtils.java:logGet(44)) - raft.server.log.segment.size.max = 1048576 (custom)
2020-10-14 21:15:46,508 [pool-198-thread-1] INFO  server.RaftServerConfigKeys (ConfUtils.java:logGet(44)) - raft.server.log.segment.cache.num.max = 2 (custom)
2020-10-14 21:15:46,508 [pool-198-thread-1] INFO  segmented.SegmentedRaftLogWorker (SegmentedRaftLogWorker.java:<init>(180)) - new 76ae9a49-516f-47a3-983c-b12a499d08c9@group-8F956437CC23-SegmentedRaftLogWorker for RaftStorage:Storage Directory /github/workspace/mnt/ozone/hadoop-ozone/integration-test/target/test-dir/MiniOzoneClusterImpl-2e4050b2-a17a-4fa5-be17-26c3c845a162/datanode-2/data/ratis/a51af638-694c-49b8-87be-8f956437cc23
2020-10-14 21:15:46,508 [pool-198-thread-1] INFO  server.RaftServerConfigKeys (ConfUtils.java:logGet(44)) - raft.server.log.queue.byte-limit = 2147483647 (custom)
2020-10-14 21:15:46,508 [pool-198-thread-1] INFO  server.RaftServerConfigKeys (ConfUtils.java:logGet(44)) - raft.server.log.queue.element-limit = 1024 (custom)
2020-10-14 21:15:46,508 [pool-198-thread-1] INFO  server.RaftServerConfigKeys (ConfUtils.java:logGet(44)) - raft.server.log.segment.size.max = 1048576 (custom)
2020-10-14 21:15:46,508 [pool-198-thread-1] INFO  server.RaftServerConfigKeys (ConfUtils.java:logGet(44)) - raft.server.log.preallocated.size = 16384 (custom)
2020-10-14 21:15:46,508 [pool-198-thread-1] INFO  server.RaftServerConfigKeys (ConfUtils.java:logGet(44)) - raft.server.log.write.buffer.size = 1048576 (custom)
2020-10-14 21:15:46,509 [pool-198-thread-1] INFO  server.RaftServerConfigKeys (ConfUtils.java:logGet(44)) - raft.server.log.force.sync.num = 128 (default)
2020-10-14 21:15:46,509 [pool-198-thread-1] INFO  server.RaftServerConfigKeys (ConfUtils.java:logGet(44)) - raft.server.log.statemachine.data.sync = true (default)
2020-10-14 21:15:46,509 [pool-198-thread-1] INFO  server.RaftServerConfigKeys (ConfUtils.java:logGet(44)) - raft.server.log.statemachine.data.sync.timeout = 10s (default)
2020-10-14 21:15:46,509 [pool-198-thread-1] INFO  server.RaftServerConfigKeys (ConfUtils.java:logGet(44)) - raft.server.log.statemachine.data.sync.timeout.retry = -1 (default)
2020-10-14 21:15:46,510 [pool-198-thread-1] INFO  server.RaftServerConfigKeys (ConfUtils.java:logGet(44)) - raft.server.log.statemachine.data.caching.enabled = true (custom)
2020-10-14 21:15:46,510 [pool-198-thread-1] INFO  segmented.SegmentedRaftLogWorker (SegmentedRaftLogWorker.java:lambda$new$0(129)) - 76ae9a49-516f-47a3-983c-b12a499d08c9@group-8F956437CC23-SegmentedRaftLogWorker: flushIndex: setUnconditionally 0 -> -1
2020-10-14 21:15:46,510 [pool-198-thread-1] INFO  segmented.SegmentedRaftLogWorker (SegmentedRaftLogWorker.java:lambda$new$0(129)) - 76ae9a49-516f-47a3-983c-b12a499d08c9@group-8F956437CC23-SegmentedRaftLogWorker: safeCacheEvictIndex: setUnconditionally 0 -> -1
2020-10-14 21:15:46,511 [pool-198-thread-1] INFO  server.RaftServerConfigKeys (ConfUtils.java:logGet(44)) - raft.server.snapshot.auto.trigger.enabled = true (custom)
2020-10-14 21:15:46,511 [pool-198-thread-1] INFO  server.RaftServerConfigKeys (ConfUtils.java:logGet(44)) - raft.server.snapshot.auto.trigger.threshold = 10000 (custom)
2020-10-14 21:15:46,511 [pool-198-thread-1] INFO  server.RaftServerConfigKeys (ConfUtils.java:logGet(44)) - raft.server.snapshot.retention.file.num = 5 (custom)
2020-10-14 21:15:46,511 [pool-198-thread-1] INFO  server.RaftServerConfigKeys (ConfUtils.java:logGet(44)) - raft.server.log.purge.upto.snapshot.index = false (default)
2020-10-14 21:15:46,511 [pool-198-thread-1] INFO  server.RaftServerConfigKeys (ConfUtils.java:logGet(44)) - raft.server.retrycache.expirytime = 600000ms (custom)
2020-10-14 21:15:46,511 [pool-198-thread-1] INFO  metrics.RatisMetrics (RatisMetrics.java:lambda$create$0(36)) - Creating Metrics Registry : ratis.leader_election.76ae9a49-516f-47a3-983c-b12a499d08c9@group-8F956437CC23
2020-10-14 21:15:46,512 [pool-198-thread-1] INFO  metrics.RatisMetrics (RatisMetrics.java:lambda$create$0(36)) - Creating Metrics Registry : ratis.server.76ae9a49-516f-47a3-983c-b12a499d08c9@group-8F956437CC23
2020-10-14 21:15:46,513 [pool-198-thread-1] INFO  impl.RaftServerImpl (RaftServerImpl.java:start(209)) - 76ae9a49-516f-47a3-983c-b12a499d08c9@group-8F956437CC23: start as a follower, conf=-1: [76ae9a49-516f-47a3-983c-b12a499d08c9:172.17.0.2:37219:0], old=null
2020-10-14 21:15:46,513 [pool-198-thread-1] INFO  impl.RaftServerImpl (RaftServerImpl.java:setRole(198)) - 76ae9a49-516f-47a3-983c-b12a499d08c9@group-8F956437CC23: changes role from      null to FOLLOWER at term 0 for startAsFollower
2020-10-14 21:15:46,513 [pool-198-thread-1] INFO  impl.RoleInfo (RoleInfo.java:updateAndGet(143)) - 76ae9a49-516f-47a3-983c-b12a499d08c9: start FollowerState
2020-10-14 21:15:46,524 [pool-198-thread-1] INFO  util.JmxRegister (JmxRegister.java:tryRegister(44)) - Successfully registered JMX Bean with object name Ratis:service=RaftServer,group=group-8F956437CC23,id=76ae9a49-516f-47a3-983c-b12a499d08c9
2020-10-14 21:15:46,524 [pool-198-thread-1] INFO  metrics.RatisMetrics (RatisMetrics.java:lambda$create$0(36)) - Creating Metrics Registry : ratis.state_machine.76ae9a49-516f-47a3-983c-b12a499d08c9@group-8F956437CC23
2020-10-14 21:15:46,531 [Command processor thread] INFO  commandhandler.CreatePipelineCommandHandler (CreatePipelineCommandHandler.java:handle(110)) - Created Pipeline RATIS ONE #id: "a51af638-694c-49b8-87be-8f956437cc23"
uuid128 {
  mostSigBits: -6549651985911756360
  leastSigBits: -8665330761219978205
}
.
2020-10-14 21:15:46,663 [Command processor thread] INFO  impl.RaftServerProxy (RaftServerProxy.java:addNew(92)) - 2cb5168d-05f1-4d8c-acfa-fa1a7bda46f6: addNew group-7E5AE591B88C:[2cb5168d-05f1-4d8c-acfa-fa1a7bda46f6:172.17.0.2:36377:0] returns group-7E5AE591B88C:java.util.concurrent.CompletableFuture@6d6c45d3[Not completed]
2020-10-14 21:15:46,664 [pool-213-thread-1] INFO  impl.RaftServerImpl (RaftServerImpl.java:<init>(120)) - 2cb5168d-05f1-4d8c-acfa-fa1a7bda46f6: new RaftServerImpl for group-7E5AE591B88C:[2cb5168d-05f1-4d8c-acfa-fa1a7bda46f6:172.17.0.2:36377:0] with ContainerStateMachine:uninitialized
2020-10-14 21:15:46,665 [pool-213-thread-1] INFO  server.RaftServerConfigKeys (ConfUtils.java:logGet(44)) - raft.server.rpc.timeout.min = 5s (custom)
2020-10-14 21:15:46,665 [pool-213-thread-1] INFO  server.RaftServerConfigKeys (ConfUtils.java:logGet(44)) - raft.server.rpc.timeout.max = 5200ms (custom)
2020-10-14 21:15:46,665 [pool-213-thread-1] INFO  server.RaftServerConfigKeys (ConfUtils.java:logGet(44)) - raft.server.rpcslowness.timeout = 300s (custom)
2020-10-14 21:15:46,665 [pool-213-thread-1] INFO  server.RaftServerConfigKeys (ConfUtils.java:logGet(44)) - raft.server.sleep.deviation.threshold = 300 (default)
2020-10-14 21:15:46,665 [pool-213-thread-1] INFO  server.RaftServerConfigKeys (ConfUtils.java:logGet(44)) - raft.server.log.appender.install.snapshot.enabled = false (custom)
2020-10-14 21:15:46,665 [pool-213-thread-1] INFO  impl.RaftServerImpl (ServerState.java:<init>(104)) - 2cb5168d-05f1-4d8c-acfa-fa1a7bda46f6@group-7E5AE591B88C: ConfigurationManager, init=-1: [2cb5168d-05f1-4d8c-acfa-fa1a7bda46f6:172.17.0.2:36377:0], old=null, confs=<EMPTY_MAP>
2020-10-14 21:15:46,665 [pool-213-thread-1] INFO  server.RaftServerConfigKeys (ConfUtils.java:logGet(44)) - raft.server.storage.dir = [/github/workspace/mnt/ozone/hadoop-ozone/integration-test/target/test-dir/MiniOzoneClusterImpl-2e4050b2-a17a-4fa5-be17-26c3c845a162/datanode-3/data/ratis] (custom)
2020-10-14 21:15:46,665 [pool-213-thread-1] INFO  server.RaftServerConfigKeys (ConfUtils.java:logGet(44)) - raft.server.log.corruption.policy = EXCEPTION (default)
2020-10-14 21:15:46,665 [pool-213-thread-1] INFO  storage.RaftStorageDirectory (RaftStorageDirectory.java:analyzeStorage(261)) - The storage directory /github/workspace/mnt/ozone/hadoop-ozone/integration-test/target/test-dir/MiniOzoneClusterImpl-2e4050b2-a17a-4fa5-be17-26c3c845a162/datanode-3/data/ratis/1460dfe0-4508-4a14-8ab4-7e5ae591b88c does not exist. Creating ...
2020-10-14 21:15:46,667 [pool-213-thread-1] INFO  storage.RaftStorageDirectory (RaftStorageDirectory.java:tryLock(343)) - Lock on /github/workspace/mnt/ozone/hadoop-ozone/integration-test/target/test-dir/MiniOzoneClusterImpl-2e4050b2-a17a-4fa5-be17-26c3c845a162/datanode-3/data/ratis/1460dfe0-4508-4a14-8ab4-7e5ae591b88c/in_use.lock acquired by nodename 17135@c0b050688864
2020-10-14 21:15:46,669 [pool-213-thread-1] INFO  storage.RaftStorage (RaftStorage.java:format(84)) - Storage directory /github/workspace/mnt/ozone/hadoop-ozone/integration-test/target/test-dir/MiniOzoneClusterImpl-2e4050b2-a17a-4fa5-be17-26c3c845a162/datanode-3/data/ratis/1460dfe0-4508-4a14-8ab4-7e5ae591b88c has been successfully formatted.
2020-10-14 21:15:46,670 [pool-213-thread-1] INFO  ratis.ContainerStateMachine (ContainerStateMachine.java:loadSnapshot(225)) - group-7E5AE591B88C: The snapshot info is null. Setting the last applied indexto:(t:0, i:~)
2020-10-14 21:15:46,670 [pool-213-thread-1] INFO  server.RaftServerConfigKeys (ConfUtils.java:logGet(44)) - raft.server.notification.no-leader.timeout = 300s (custom)
2020-10-14 21:15:46,671 [pool-213-thread-1] INFO  server.RaftServerConfigKeys (ConfUtils.java:logGet(44)) - raft.server.log.use.memory = false (default)
2020-10-14 21:15:46,672 [EventQueue-PipelineReportForPipelineReportHandler] INFO  pipeline.PipelineStateManager (PipelineStateManager.java:openPipeline(131)) - Pipeline Pipeline[ Id: 1460dfe0-4508-4a14-8ab4-7e5ae591b88c, Nodes: 2cb5168d-05f1-4d8c-acfa-fa1a7bda46f6{ip: 172.17.0.2, host: c0b050688864, networkLocation: /default-rack, certSerialId: null}, Type:RATIS, Factor:ONE, State:ALLOCATED, leaderId:2cb5168d-05f1-4d8c-acfa-fa1a7bda46f6, CreationTimestamp2020-10-14T21:15:43.667Z] moved to OPEN state
2020-10-14 21:15:46,672 [pool-213-thread-1] INFO  server.RaftServerConfigKeys (ConfUtils.java:logGet(44)) - raft.server.log.purge.gap = 1000000 (custom)
2020-10-14 21:15:46,673 [EventQueue-OpenPipelineForOneReplicaPipelineSafeModeRule] INFO  safemode.SCMSafeModeManager (SCMSafeModeManager.java:validateSafeModeExitRules(214)) - AtleastOneDatanodeReportedRule rule is successfully validated
2020-10-14 21:15:46,672 [EventQueue-OpenPipelineForHealthyPipelineSafeModeRule] INFO  safemode.SCMSafeModeManager (HealthyPipelineSafeModeRule.java:process(129)) - SCM in safe mode. Healthy pipelines reported count is 0, required healthy pipeline reported count is 1
2020-10-14 21:15:46,673 [pool-213-thread-1] INFO  metrics.RatisMetrics (RatisMetrics.java:lambda$create$0(36)) - Creating Metrics Registry : ratis.log_worker.2cb5168d-05f1-4d8c-acfa-fa1a7bda46f6@group-7E5AE591B88C
2020-10-14 21:15:46,673 [pool-213-thread-1] INFO  server.RaftServerConfigKeys (ConfUtils.java:logGet(44)) - raft.server.log.appender.buffer.byte-limit = 33554432 (custom)
2020-10-14 21:15:46,673 [pool-213-thread-1] INFO  server.RaftServerConfigKeys (ConfUtils.java:logGet(44)) - raft.server.log.segment.size.max = 1048576 (custom)
2020-10-14 21:15:46,674 [pool-213-thread-1] INFO  server.RaftServerConfigKeys (ConfUtils.java:logGet(44)) - raft.server.log.segment.cache.num.max = 2 (custom)
2020-10-14 21:15:46,674 [pool-213-thread-1] INFO  segmented.SegmentedRaftLogWorker (SegmentedRaftLogWorker.java:<init>(180)) - new 2cb5168d-05f1-4d8c-acfa-fa1a7bda46f6@group-7E5AE591B88C-SegmentedRaftLogWorker for RaftStorage:Storage Directory /github/workspace/mnt/ozone/hadoop-ozone/integration-test/target/test-dir/MiniOzoneClusterImpl-2e4050b2-a17a-4fa5-be17-26c3c845a162/datanode-3/data/ratis/1460dfe0-4508-4a14-8ab4-7e5ae591b88c
2020-10-14 21:15:46,674 [pool-213-thread-1] INFO  server.RaftServerConfigKeys (ConfUtils.java:logGet(44)) - raft.server.log.queue.byte-limit = 2147483647 (custom)
2020-10-14 21:15:46,674 [pool-213-thread-1] INFO  server.RaftServerConfigKeys (ConfUtils.java:logGet(44)) - raft.server.log.queue.element-limit = 1024 (custom)
2020-10-14 21:15:46,674 [pool-213-thread-1] INFO  server.RaftServerConfigKeys (ConfUtils.java:logGet(44)) - raft.server.log.segment.size.max = 1048576 (custom)
2020-10-14 21:15:46,674 [pool-213-thread-1] INFO  server.RaftServerConfigKeys (ConfUtils.java:logGet(44)) - raft.server.log.preallocated.size = 16384 (custom)
2020-10-14 21:15:46,674 [pool-213-thread-1] INFO  server.RaftServerConfigKeys (ConfUtils.java:logGet(44)) - raft.server.log.write.buffer.size = 1048576 (custom)
2020-10-14 21:15:46,674 [pool-213-thread-1] INFO  server.RaftServerConfigKeys (ConfUtils.java:logGet(44)) - raft.server.log.force.sync.num = 128 (default)
2020-10-14 21:15:46,674 [pool-213-thread-1] INFO  server.RaftServerConfigKeys (ConfUtils.java:logGet(44)) - raft.server.log.statemachine.data.sync = true (default)
2020-10-14 21:15:46,674 [pool-213-thread-1] INFO  server.RaftServerConfigKeys (ConfUtils.java:logGet(44)) - raft.server.log.statemachine.data.sync.timeout = 10s (default)
2020-10-14 21:15:46,674 [pool-213-thread-1] INFO  server.RaftServerConfigKeys (ConfUtils.java:logGet(44)) - raft.server.log.statemachine.data.sync.timeout.retry = -1 (default)
2020-10-14 21:15:46,676 [pool-213-thread-1] INFO  server.RaftServerConfigKeys (ConfUtils.java:logGet(44)) - raft.server.log.statemachine.data.caching.enabled = true (custom)
2020-10-14 21:15:46,676 [pool-213-thread-1] INFO  segmented.SegmentedRaftLogWorker (SegmentedRaftLogWorker.java:lambda$new$0(129)) - 2cb5168d-05f1-4d8c-acfa-fa1a7bda46f6@group-7E5AE591B88C-SegmentedRaftLogWorker: flushIndex: setUnconditionally 0 -> -1
2020-10-14 21:15:46,677 [pool-213-thread-1] INFO  segmented.SegmentedRaftLogWorker (SegmentedRaftLogWorker.java:lambda$new$0(129)) - 2cb5168d-05f1-4d8c-acfa-fa1a7bda46f6@group-7E5AE591B88C-SegmentedRaftLogWorker: safeCacheEvictIndex: setUnconditionally 0 -> -1
2020-10-14 21:15:46,677 [pool-213-thread-1] INFO  server.RaftServerConfigKeys (ConfUtils.java:logGet(44)) - raft.server.snapshot.auto.trigger.enabled = true (custom)
2020-10-14 21:15:46,678 [pool-213-thread-1] INFO  server.RaftServerConfigKeys (ConfUtils.java:logGet(44)) - raft.server.snapshot.auto.trigger.threshold = 10000 (custom)
2020-10-14 21:15:46,678 [pool-213-thread-1] INFO  server.RaftServerConfigKeys (ConfUtils.java:logGet(44)) - raft.server.snapshot.retention.file.num = 5 (custom)
2020-10-14 21:15:46,678 [pool-213-thread-1] INFO  server.RaftServerConfigKeys (ConfUtils.java:logGet(44)) - raft.server.log.purge.upto.snapshot.index = false (default)
2020-10-14 21:15:46,678 [pool-213-thread-1] INFO  server.RaftServerConfigKeys (ConfUtils.java:logGet(44)) - raft.server.retrycache.expirytime = 600000ms (custom)
2020-10-14 21:15:46,678 [pool-213-thread-1] INFO  metrics.RatisMetrics (RatisMetrics.java:lambda$create$0(36)) - Creating Metrics Registry : ratis.leader_election.2cb5168d-05f1-4d8c-acfa-fa1a7bda46f6@group-7E5AE591B88C
2020-10-14 21:15:46,678 [pool-213-thread-1] INFO  metrics.RatisMetrics (RatisMetrics.java:lambda$create$0(36)) - Creating Metrics Registry : ratis.server.2cb5168d-05f1-4d8c-acfa-fa1a7bda46f6@group-7E5AE591B88C
2020-10-14 21:15:46,680 [pool-213-thread-1] INFO  impl.RaftServerImpl (RaftServerImpl.java:start(209)) - 2cb5168d-05f1-4d8c-acfa-fa1a7bda46f6@group-7E5AE591B88C: start as a follower, conf=-1: [2cb5168d-05f1-4d8c-acfa-fa1a7bda46f6:172.17.0.2:36377:0], old=null
2020-10-14 21:15:46,680 [pool-213-thread-1] INFO  impl.RaftServerImpl (RaftServerImpl.java:setRole(198)) - 2cb5168d-05f1-4d8c-acfa-fa1a7bda46f6@group-7E5AE591B88C: changes role from      null to FOLLOWER at term 0 for startAsFollower
2020-10-14 21:15:46,680 [pool-213-thread-1] INFO  impl.RoleInfo (RoleInfo.java:updateAndGet(143)) - 2cb5168d-05f1-4d8c-acfa-fa1a7bda46f6: start FollowerState
2020-10-14 21:15:46,680 [pool-213-thread-1] INFO  util.JmxRegister (JmxRegister.java:tryRegister(44)) - Successfully registered JMX Bean with object name Ratis:service=RaftServer,group=group-7E5AE591B88C,id=2cb5168d-05f1-4d8c-acfa-fa1a7bda46f6
2020-10-14 21:15:46,680 [pool-213-thread-1] INFO  metrics.RatisMetrics (RatisMetrics.java:lambda$create$0(36)) - Creating Metrics Registry : ratis.state_machine.2cb5168d-05f1-4d8c-acfa-fa1a7bda46f6@group-7E5AE591B88C
2020-10-14 21:15:46,681 [Command processor thread] INFO  commandhandler.CreatePipelineCommandHandler (CreatePipelineCommandHandler.java:handle(110)) - Created Pipeline RATIS ONE #id: "1460dfe0-4508-4a14-8ab4-7e5ae591b88c"
uuid128 {
  mostSigBits: 1468419632846621204
  leastSigBits: -8451991671803889524
}
.
2020-10-14 21:15:46,681 [Command processor thread] INFO  impl.RaftServerProxy (RaftServerProxy.java:addNew(92)) - 2cb5168d-05f1-4d8c-acfa-fa1a7bda46f6: addNew group-212B8072EEFB:[823e1d17-9ec2-4324-ad19-cd013f58686a:172.17.0.2:45645:0, 2cb5168d-05f1-4d8c-acfa-fa1a7bda46f6:172.17.0.2:36377:0, 497cee6a-8cec-48d3-a21d-ba28642b4d07:172.17.0.2:45037:0] returns group-212B8072EEFB:java.util.concurrent.CompletableFuture@6953dca6[Not completed]
2020-10-14 21:15:46,683 [pool-213-thread-1] INFO  impl.RaftServerImpl (RaftServerImpl.java:<init>(120)) - 2cb5168d-05f1-4d8c-acfa-fa1a7bda46f6: new RaftServerImpl for group-212B8072EEFB:[823e1d17-9ec2-4324-ad19-cd013f58686a:172.17.0.2:45645:0, 2cb5168d-05f1-4d8c-acfa-fa1a7bda46f6:172.17.0.2:36377:0, 497cee6a-8cec-48d3-a21d-ba28642b4d07:172.17.0.2:45037:0] with ContainerStateMachine:uninitialized
2020-10-14 21:15:46,683 [pool-213-thread-1] INFO  server.RaftServerConfigKeys (ConfUtils.java:logGet(44)) - raft.server.rpc.timeout.min = 5s (custom)
2020-10-14 21:15:46,683 [pool-213-thread-1] INFO  server.RaftServerConfigKeys (ConfUtils.java:logGet(44)) - raft.server.rpc.timeout.max = 5200ms (custom)
2020-10-14 21:15:46,683 [pool-213-thread-1] INFO  server.RaftServerConfigKeys (ConfUtils.java:logGet(44)) - raft.server.rpcslowness.timeout = 300s (custom)
2020-10-14 21:15:46,684 [pool-213-thread-1] INFO  server.RaftServerConfigKeys (ConfUtils.java:logGet(44)) - raft.server.sleep.deviation.threshold = 300 (default)
2020-10-14 21:15:46,684 [pool-213-thread-1] INFO  server.RaftServerConfigKeys (ConfUtils.java:logGet(44)) - raft.server.log.appender.install.snapshot.enabled = false (custom)
2020-10-14 21:15:46,684 [pool-213-thread-1] INFO  impl.RaftServerImpl (ServerState.java:<init>(104)) - 2cb5168d-05f1-4d8c-acfa-fa1a7bda46f6@group-212B8072EEFB: ConfigurationManager, init=-1: [823e1d17-9ec2-4324-ad19-cd013f58686a:172.17.0.2:45645:0, 2cb5168d-05f1-4d8c-acfa-fa1a7bda46f6:172.17.0.2:36377:0, 497cee6a-8cec-48d3-a21d-ba28642b4d07:172.17.0.2:45037:0], old=null, confs=<EMPTY_MAP>
2020-10-14 21:15:46,684 [pool-213-thread-1] INFO  server.RaftServerConfigKeys (ConfUtils.java:logGet(44)) - raft.server.storage.dir = [/github/workspace/mnt/ozone/hadoop-ozone/integration-test/target/test-dir/MiniOzoneClusterImpl-2e4050b2-a17a-4fa5-be17-26c3c845a162/datanode-3/data/ratis] (custom)
2020-10-14 21:15:46,684 [pool-213-thread-1] INFO  server.RaftServerConfigKeys (ConfUtils.java:logGet(44)) - raft.server.log.corruption.policy = EXCEPTION (default)
2020-10-14 21:15:46,684 [pool-213-thread-1] INFO  storage.RaftStorageDirectory (RaftStorageDirectory.java:analyzeStorage(261)) - The storage directory /github/workspace/mnt/ozone/hadoop-ozone/integration-test/target/test-dir/MiniOzoneClusterImpl-2e4050b2-a17a-4fa5-be17-26c3c845a162/datanode-3/data/ratis/d7b52df2-ea79-40c3-985a-212b8072eefb does not exist. Creating ...
2020-10-14 21:15:46,686 [pool-213-thread-1] INFO  storage.RaftStorageDirectory (RaftStorageDirectory.java:tryLock(343)) - Lock on /github/workspace/mnt/ozone/hadoop-ozone/integration-test/target/test-dir/MiniOzoneClusterImpl-2e4050b2-a17a-4fa5-be17-26c3c845a162/datanode-3/data/ratis/d7b52df2-ea79-40c3-985a-212b8072eefb/in_use.lock acquired by nodename 17135@c0b050688864
2020-10-14 21:15:46,687 [pool-213-thread-1] INFO  storage.RaftStorage (RaftStorage.java:format(84)) - Storage directory /github/workspace/mnt/ozone/hadoop-ozone/integration-test/target/test-dir/MiniOzoneClusterImpl-2e4050b2-a17a-4fa5-be17-26c3c845a162/datanode-3/data/ratis/d7b52df2-ea79-40c3-985a-212b8072eefb has been successfully formatted.
2020-10-14 21:15:46,688 [pool-213-thread-1] INFO  ratis.ContainerStateMachine (ContainerStateMachine.java:loadSnapshot(225)) - group-212B8072EEFB: The snapshot info is null. Setting the last applied indexto:(t:0, i:~)
2020-10-14 21:15:46,689 [pool-213-thread-1] INFO  server.RaftServerConfigKeys (ConfUtils.java:logGet(44)) - raft.server.notification.no-leader.timeout = 300s (custom)
2020-10-14 21:15:46,689 [pool-213-thread-1] INFO  server.RaftServerConfigKeys (ConfUtils.java:logGet(44)) - raft.server.log.use.memory = false (default)
2020-10-14 21:15:46,689 [pool-213-thread-1] INFO  server.RaftServerConfigKeys (ConfUtils.java:logGet(44)) - raft.server.log.purge.gap = 1000000 (custom)
2020-10-14 21:15:46,689 [pool-213-thread-1] INFO  metrics.RatisMetrics (RatisMetrics.java:lambda$create$0(36)) - Creating Metrics Registry : ratis.log_worker.2cb5168d-05f1-4d8c-acfa-fa1a7bda46f6@group-212B8072EEFB
2020-10-14 21:15:46,689 [pool-213-thread-1] INFO  server.RaftServerConfigKeys (ConfUtils.java:logGet(44)) - raft.server.log.appender.buffer.byte-limit = 33554432 (custom)
2020-10-14 21:15:46,689 [pool-213-thread-1] INFO  server.RaftServerConfigKeys (ConfUtils.java:logGet(44)) - raft.server.log.segment.size.max = 1048576 (custom)
2020-10-14 21:15:46,691 [pool-213-thread-1] INFO  server.RaftServerConfigKeys (ConfUtils.java:logGet(44)) - raft.server.log.segment.cache.num.max = 2 (custom)
2020-10-14 21:15:46,691 [pool-213-thread-1] INFO  segmented.SegmentedRaftLogWorker (SegmentedRaftLogWorker.java:<init>(180)) - new 2cb5168d-05f1-4d8c-acfa-fa1a7bda46f6@group-212B8072EEFB-SegmentedRaftLogWorker for RaftStorage:Storage Directory /github/workspace/mnt/ozone/hadoop-ozone/integration-test/target/test-dir/MiniOzoneClusterImpl-2e4050b2-a17a-4fa5-be17-26c3c845a162/datanode-3/data/ratis/d7b52df2-ea79-40c3-985a-212b8072eefb
2020-10-14 21:15:46,691 [pool-213-thread-1] INFO  server.RaftServerConfigKeys (ConfUtils.java:logGet(44)) - raft.server.log.queue.byte-limit = 2147483647 (custom)
2020-10-14 21:15:46,691 [pool-213-thread-1] INFO  server.RaftServerConfigKeys (ConfUtils.java:logGet(44)) - raft.server.log.queue.element-limit = 1024 (custom)
2020-10-14 21:15:46,691 [pool-213-thread-1] INFO  server.RaftServerConfigKeys (ConfUtils.java:logGet(44)) - raft.server.log.segment.size.max = 1048576 (custom)
2020-10-14 21:15:46,692 [pool-213-thread-1] INFO  server.RaftServerConfigKeys (ConfUtils.java:logGet(44)) - raft.server.log.preallocated.size = 16384 (custom)
2020-10-14 21:15:46,692 [pool-213-thread-1] INFO  server.RaftServerConfigKeys (ConfUtils.java:logGet(44)) - raft.server.log.write.buffer.size = 1048576 (custom)
2020-10-14 21:15:46,692 [pool-213-thread-1] INFO  server.RaftServerConfigKeys (ConfUtils.java:logGet(44)) - raft.server.log.force.sync.num = 128 (default)
2020-10-14 21:15:46,692 [pool-213-thread-1] INFO  server.RaftServerConfigKeys (ConfUtils.java:logGet(44)) - raft.server.log.statemachine.data.sync = true (default)
2020-10-14 21:15:46,692 [pool-213-thread-1] INFO  server.RaftServerConfigKeys (ConfUtils.java:logGet(44)) - raft.server.log.statemachine.data.sync.timeout = 10s (default)
2020-10-14 21:15:46,692 [pool-213-thread-1] INFO  server.RaftServerConfigKeys (ConfUtils.java:logGet(44)) - raft.server.log.statemachine.data.sync.timeout.retry = -1 (default)
2020-10-14 21:15:46,694 [pool-213-thread-1] INFO  server.RaftServerConfigKeys (ConfUtils.java:logGet(44)) - raft.server.log.statemachine.data.caching.enabled = true (custom)
2020-10-14 21:15:46,694 [pool-213-thread-1] INFO  segmented.SegmentedRaftLogWorker (SegmentedRaftLogWorker.java:lambda$new$0(129)) - 2cb5168d-05f1-4d8c-acfa-fa1a7bda46f6@group-212B8072EEFB-SegmentedRaftLogWorker: flushIndex: setUnconditionally 0 -> -1
2020-10-14 21:15:46,694 [pool-213-thread-1] INFO  segmented.SegmentedRaftLogWorker (SegmentedRaftLogWorker.java:lambda$new$0(129)) - 2cb5168d-05f1-4d8c-acfa-fa1a7bda46f6@group-212B8072EEFB-SegmentedRaftLogWorker: safeCacheEvictIndex: setUnconditionally 0 -> -1
2020-10-14 21:15:46,698 [pool-213-thread-1] INFO  server.RaftServerConfigKeys (ConfUtils.java:logGet(44)) - raft.server.snapshot.auto.trigger.enabled = true (custom)
2020-10-14 21:15:46,698 [pool-213-thread-1] INFO  server.RaftServerConfigKeys (ConfUtils.java:logGet(44)) - raft.server.snapshot.auto.trigger.threshold = 10000 (custom)
2020-10-14 21:15:46,698 [pool-213-thread-1] INFO  server.RaftServerConfigKeys (ConfUtils.java:logGet(44)) - raft.server.snapshot.retention.file.num = 5 (custom)
2020-10-14 21:15:46,698 [pool-213-thread-1] INFO  server.RaftServerConfigKeys (ConfUtils.java:logGet(44)) - raft.server.log.purge.upto.snapshot.index = false (default)
2020-10-14 21:15:46,698 [pool-213-thread-1] INFO  server.RaftServerConfigKeys (ConfUtils.java:logGet(44)) - raft.server.retrycache.expirytime = 600000ms (custom)
2020-10-14 21:15:46,698 [pool-213-thread-1] INFO  metrics.RatisMetrics (RatisMetrics.java:lambda$create$0(36)) - Creating Metrics Registry : ratis.leader_election.2cb5168d-05f1-4d8c-acfa-fa1a7bda46f6@group-212B8072EEFB
2020-10-14 21:15:46,699 [pool-213-thread-1] INFO  metrics.RatisMetrics (RatisMetrics.java:lambda$create$0(36)) - Creating Metrics Registry : ratis.server.2cb5168d-05f1-4d8c-acfa-fa1a7bda46f6@group-212B8072EEFB
2020-10-14 21:15:46,700 [pool-213-thread-1] INFO  impl.RaftServerImpl (RaftServerImpl.java:start(209)) - 2cb5168d-05f1-4d8c-acfa-fa1a7bda46f6@group-212B8072EEFB: start as a follower, conf=-1: [823e1d17-9ec2-4324-ad19-cd013f58686a:172.17.0.2:45645:0, 2cb5168d-05f1-4d8c-acfa-fa1a7bda46f6:172.17.0.2:36377:0, 497cee6a-8cec-48d3-a21d-ba28642b4d07:172.17.0.2:45037:0], old=null
2020-10-14 21:15:46,700 [pool-213-thread-1] INFO  impl.RaftServerImpl (RaftServerImpl.java:setRole(198)) - 2cb5168d-05f1-4d8c-acfa-fa1a7bda46f6@group-212B8072EEFB: changes role from      null to FOLLOWER at term 0 for startAsFollower
2020-10-14 21:15:46,700 [pool-213-thread-1] INFO  impl.RoleInfo (RoleInfo.java:updateAndGet(143)) - 2cb5168d-05f1-4d8c-acfa-fa1a7bda46f6: start FollowerState
2020-10-14 21:15:46,700 [pool-213-thread-1] INFO  util.JmxRegister (JmxRegister.java:tryRegister(44)) - Successfully registered JMX Bean with object name Ratis:service=RaftServer,group=group-212B8072EEFB,id=2cb5168d-05f1-4d8c-acfa-fa1a7bda46f6
2020-10-14 21:15:46,700 [pool-213-thread-1] INFO  metrics.RatisMetrics (RatisMetrics.java:lambda$create$0(36)) - Creating Metrics Registry : ratis.state_machine.2cb5168d-05f1-4d8c-acfa-fa1a7bda46f6@group-212B8072EEFB
2020-10-14 21:15:46,702 [Command processor thread] INFO  metrics.RatisMetrics (RatisMetrics.java:lambda$create$0(36)) - Creating Metrics Registry : ratis.client_message_metrics.client-53F48F067ECB->497cee6a-8cec-48d3-a21d-ba28642b4d07
2020-10-14 21:15:46,708 [grpc-default-executor-1] INFO  metrics.RatisMetrics (RatisMetrics.java:lambda$create$0(36)) - Creating Metrics Registry : ratis.server_message_metrics.497cee6a-8cec-48d3-a21d-ba28642b4d07
2020-10-14 21:15:46,710 [grpc-default-executor-1] INFO  impl.RaftServerProxy (RaftServerProxy.java:addNew(92)) - 497cee6a-8cec-48d3-a21d-ba28642b4d07: addNew group-212B8072EEFB:[823e1d17-9ec2-4324-ad19-cd013f58686a:172.17.0.2:45645:0, 2cb5168d-05f1-4d8c-acfa-fa1a7bda46f6:172.17.0.2:36377:0, 497cee6a-8cec-48d3-a21d-ba28642b4d07:172.17.0.2:45037:0] returns group-212B8072EEFB:java.util.concurrent.CompletableFuture@649de82[Not completed]
2020-10-14 21:15:46,727 [pool-243-thread-1] INFO  impl.RaftServerImpl (RaftServerImpl.java:<init>(120)) - 497cee6a-8cec-48d3-a21d-ba28642b4d07: new RaftServerImpl for group-212B8072EEFB:[823e1d17-9ec2-4324-ad19-cd013f58686a:172.17.0.2:45645:0, 2cb5168d-05f1-4d8c-acfa-fa1a7bda46f6:172.17.0.2:36377:0, 497cee6a-8cec-48d3-a21d-ba28642b4d07:172.17.0.2:45037:0] with ContainerStateMachine:uninitialized
2020-10-14 21:15:46,728 [pool-243-thread-1] INFO  server.RaftServerConfigKeys (ConfUtils.java:logGet(44)) - raft.server.rpc.timeout.min = 5s (custom)
2020-10-14 21:15:46,728 [pool-243-thread-1] INFO  server.RaftServerConfigKeys (ConfUtils.java:logGet(44)) - raft.server.rpc.timeout.max = 5200ms (custom)
2020-10-14 21:15:46,728 [pool-243-thread-1] INFO  server.RaftServerConfigKeys (ConfUtils.java:logGet(44)) - raft.server.rpcslowness.timeout = 300s (custom)
2020-10-14 21:15:46,728 [pool-243-thread-1] INFO  server.RaftServerConfigKeys (ConfUtils.java:logGet(44)) - raft.server.sleep.deviation.threshold = 300 (default)
2020-10-14 21:15:46,728 [pool-243-thread-1] INFO  server.RaftServerConfigKeys (ConfUtils.java:logGet(44)) - raft.server.log.appender.install.snapshot.enabled = false (custom)
2020-10-14 21:15:46,728 [pool-243-thread-1] INFO  impl.RaftServerImpl (ServerState.java:<init>(104)) - 497cee6a-8cec-48d3-a21d-ba28642b4d07@group-212B8072EEFB: ConfigurationManager, init=-1: [823e1d17-9ec2-4324-ad19-cd013f58686a:172.17.0.2:45645:0, 2cb5168d-05f1-4d8c-acfa-fa1a7bda46f6:172.17.0.2:36377:0, 497cee6a-8cec-48d3-a21d-ba28642b4d07:172.17.0.2:45037:0], old=null, confs=<EMPTY_MAP>
2020-10-14 21:15:46,728 [pool-243-thread-1] INFO  server.RaftServerConfigKeys (ConfUtils.java:logGet(44)) - raft.server.storage.dir = [/github/workspace/mnt/ozone/hadoop-ozone/integration-test/target/test-dir/MiniOzoneClusterImpl-2e4050b2-a17a-4fa5-be17-26c3c845a162/datanode-5/data/ratis] (custom)
2020-10-14 21:15:46,728 [pool-243-thread-1] INFO  server.RaftServerConfigKeys (ConfUtils.java:logGet(44)) - raft.server.log.corruption.policy = EXCEPTION (default)
2020-10-14 21:15:46,728 [pool-243-thread-1] INFO  storage.RaftStorageDirectory (RaftStorageDirectory.java:analyzeStorage(261)) - The storage directory /github/workspace/mnt/ozone/hadoop-ozone/integration-test/target/test-dir/MiniOzoneClusterImpl-2e4050b2-a17a-4fa5-be17-26c3c845a162/datanode-5/data/ratis/d7b52df2-ea79-40c3-985a-212b8072eefb does not exist. Creating ...
2020-10-14 21:15:46,730 [pool-243-thread-1] INFO  storage.RaftStorageDirectory (RaftStorageDirectory.java:tryLock(343)) - Lock on /github/workspace/mnt/ozone/hadoop-ozone/integration-test/target/test-dir/MiniOzoneClusterImpl-2e4050b2-a17a-4fa5-be17-26c3c845a162/datanode-5/data/ratis/d7b52df2-ea79-40c3-985a-212b8072eefb/in_use.lock acquired by nodename 17135@c0b050688864
2020-10-14 21:15:46,732 [pool-243-thread-1] INFO  storage.RaftStorage (RaftStorage.java:format(84)) - Storage directory /github/workspace/mnt/ozone/hadoop-ozone/integration-test/target/test-dir/MiniOzoneClusterImpl-2e4050b2-a17a-4fa5-be17-26c3c845a162/datanode-5/data/ratis/d7b52df2-ea79-40c3-985a-212b8072eefb has been successfully formatted.
2020-10-14 21:15:46,732 [pool-243-thread-1] INFO  ratis.ContainerStateMachine (ContainerStateMachine.java:loadSnapshot(225)) - group-212B8072EEFB: The snapshot info is null. Setting the last applied indexto:(t:0, i:~)
2020-10-14 21:15:46,733 [pool-243-thread-1] INFO  server.RaftServerConfigKeys (ConfUtils.java:logGet(44)) - raft.server.notification.no-leader.timeout = 300s (custom)
2020-10-14 21:15:46,733 [pool-243-thread-1] INFO  server.RaftServerConfigKeys (ConfUtils.java:logGet(44)) - raft.server.log.use.memory = false (default)
2020-10-14 21:15:46,733 [pool-243-thread-1] INFO  server.RaftServerConfigKeys (ConfUtils.java:logGet(44)) - raft.server.log.purge.gap = 1000000 (custom)
2020-10-14 21:15:46,733 [pool-243-thread-1] INFO  metrics.RatisMetrics (RatisMetrics.java:lambda$create$0(36)) - Creating Metrics Registry : ratis.log_worker.497cee6a-8cec-48d3-a21d-ba28642b4d07@group-212B8072EEFB
2020-10-14 21:15:46,733 [pool-243-thread-1] INFO  server.RaftServerConfigKeys (ConfUtils.java:logGet(44)) - raft.server.log.appender.buffer.byte-limit = 33554432 (custom)
2020-10-14 21:15:46,733 [pool-243-thread-1] INFO  server.RaftServerConfigKeys (ConfUtils.java:logGet(44)) - raft.server.log.segment.size.max = 1048576 (custom)
2020-10-14 21:15:46,734 [pool-243-thread-1] INFO  server.RaftServerConfigKeys (ConfUtils.java:logGet(44)) - raft.server.log.segment.cache.num.max = 2 (custom)
2020-10-14 21:15:46,734 [pool-243-thread-1] INFO  segmented.SegmentedRaftLogWorker (SegmentedRaftLogWorker.java:<init>(180)) - new 497cee6a-8cec-48d3-a21d-ba28642b4d07@group-212B8072EEFB-SegmentedRaftLogWorker for RaftStorage:Storage Directory /github/workspace/mnt/ozone/hadoop-ozone/integration-test/target/test-dir/MiniOzoneClusterImpl-2e4050b2-a17a-4fa5-be17-26c3c845a162/datanode-5/data/ratis/d7b52df2-ea79-40c3-985a-212b8072eefb
2020-10-14 21:15:46,735 [pool-243-thread-1] INFO  server.RaftServerConfigKeys (ConfUtils.java:logGet(44)) - raft.server.log.queue.byte-limit = 2147483647 (custom)
2020-10-14 21:15:46,735 [pool-243-thread-1] INFO  server.RaftServerConfigKeys (ConfUtils.java:logGet(44)) - raft.server.log.queue.element-limit = 1024 (custom)
2020-10-14 21:15:46,735 [pool-243-thread-1] INFO  server.RaftServerConfigKeys (ConfUtils.java:logGet(44)) - raft.server.log.segment.size.max = 1048576 (custom)
2020-10-14 21:15:46,735 [pool-243-thread-1] INFO  server.RaftServerConfigKeys (ConfUtils.java:logGet(44)) - raft.server.log.preallocated.size = 16384 (custom)
2020-10-14 21:15:46,735 [pool-243-thread-1] INFO  server.RaftServerConfigKeys (ConfUtils.java:logGet(44)) - raft.server.log.write.buffer.size = 1048576 (custom)
2020-10-14 21:15:46,735 [pool-243-thread-1] INFO  server.RaftServerConfigKeys (ConfUtils.java:logGet(44)) - raft.server.log.force.sync.num = 128 (default)
2020-10-14 21:15:46,735 [pool-243-thread-1] INFO  server.RaftServerConfigKeys (ConfUtils.java:logGet(44)) - raft.server.log.statemachine.data.sync = true (default)
2020-10-14 21:15:46,736 [pool-243-thread-1] INFO  server.RaftServerConfigKeys (ConfUtils.java:logGet(44)) - raft.server.log.statemachine.data.sync.timeout = 10s (default)
2020-10-14 21:15:46,736 [pool-243-thread-1] INFO  server.RaftServerConfigKeys (ConfUtils.java:logGet(44)) - raft.server.log.statemachine.data.sync.timeout.retry = -1 (default)
2020-10-14 21:15:46,737 [pool-243-thread-1] INFO  server.RaftServerConfigKeys (ConfUtils.java:logGet(44)) - raft.server.log.statemachine.data.caching.enabled = true (custom)
2020-10-14 21:15:46,738 [pool-243-thread-1] INFO  segmented.SegmentedRaftLogWorker (SegmentedRaftLogWorker.java:lambda$new$0(129)) - 497cee6a-8cec-48d3-a21d-ba28642b4d07@group-212B8072EEFB-SegmentedRaftLogWorker: flushIndex: setUnconditionally 0 -> -1
2020-10-14 21:15:46,738 [pool-243-thread-1] INFO  segmented.SegmentedRaftLogWorker (SegmentedRaftLogWorker.java:lambda$new$0(129)) - 497cee6a-8cec-48d3-a21d-ba28642b4d07@group-212B8072EEFB-SegmentedRaftLogWorker: safeCacheEvictIndex: setUnconditionally 0 -> -1
2020-10-14 21:15:46,739 [pool-243-thread-1] INFO  server.RaftServerConfigKeys (ConfUtils.java:logGet(44)) - raft.server.snapshot.auto.trigger.enabled = true (custom)
2020-10-14 21:15:46,739 [pool-243-thread-1] INFO  server.RaftServerConfigKeys (ConfUtils.java:logGet(44)) - raft.server.snapshot.auto.trigger.threshold = 10000 (custom)
2020-10-14 21:15:46,739 [pool-243-thread-1] INFO  server.RaftServerConfigKeys (ConfUtils.java:logGet(44)) - raft.server.snapshot.retention.file.num = 5 (custom)
2020-10-14 21:15:46,739 [pool-243-thread-1] INFO  server.RaftServerConfigKeys (ConfUtils.java:logGet(44)) - raft.server.log.purge.upto.snapshot.index = false (default)
2020-10-14 21:15:46,739 [pool-243-thread-1] INFO  server.RaftServerConfigKeys (ConfUtils.java:logGet(44)) - raft.server.retrycache.expirytime = 600000ms (custom)
2020-10-14 21:15:46,739 [pool-243-thread-1] INFO  metrics.RatisMetrics (RatisMetrics.java:lambda$create$0(36)) - Creating Metrics Registry : ratis.leader_election.497cee6a-8cec-48d3-a21d-ba28642b4d07@group-212B8072EEFB
2020-10-14 21:15:46,740 [pool-243-thread-1] INFO  metrics.RatisMetrics (RatisMetrics.java:lambda$create$0(36)) - Creating Metrics Registry : ratis.server.497cee6a-8cec-48d3-a21d-ba28642b4d07@group-212B8072EEFB
2020-10-14 21:15:46,743 [pool-243-thread-1] INFO  impl.RaftServerImpl (RaftServerImpl.java:start(209)) - 497cee6a-8cec-48d3-a21d-ba28642b4d07@group-212B8072EEFB: start as a follower, conf=-1: [823e1d17-9ec2-4324-ad19-cd013f58686a:172.17.0.2:45645:0, 2cb5168d-05f1-4d8c-acfa-fa1a7bda46f6:172.17.0.2:36377:0, 497cee6a-8cec-48d3-a21d-ba28642b4d07:172.17.0.2:45037:0], old=null
2020-10-14 21:15:46,743 [pool-243-thread-1] INFO  impl.RaftServerImpl (RaftServerImpl.java:setRole(198)) - 497cee6a-8cec-48d3-a21d-ba28642b4d07@group-212B8072EEFB: changes role from      null to FOLLOWER at term 0 for startAsFollower
2020-10-14 21:15:46,743 [pool-243-thread-1] INFO  impl.RoleInfo (RoleInfo.java:updateAndGet(143)) - 497cee6a-8cec-48d3-a21d-ba28642b4d07: start FollowerState
2020-10-14 21:15:46,743 [pool-243-thread-1] INFO  util.JmxRegister (JmxRegister.java:tryRegister(44)) - Successfully registered JMX Bean with object name Ratis:service=RaftServer,group=group-212B8072EEFB,id=497cee6a-8cec-48d3-a21d-ba28642b4d07
2020-10-14 21:15:46,743 [pool-243-thread-1] INFO  metrics.RatisMetrics (RatisMetrics.java:lambda$create$0(36)) - Creating Metrics Registry : ratis.state_machine.497cee6a-8cec-48d3-a21d-ba28642b4d07@group-212B8072EEFB
2020-10-14 21:15:46,765 [Command processor thread] INFO  metrics.RatisMetrics (RatisMetrics.java:lambda$create$0(36)) - Creating Metrics Registry : ratis.client_message_metrics.client-6103C73DAC38->823e1d17-9ec2-4324-ad19-cd013f58686a
2020-10-14 21:15:46,770 [grpc-default-executor-1] INFO  metrics.RatisMetrics (RatisMetrics.java:lambda$create$0(36)) - Creating Metrics Registry : ratis.server_message_metrics.823e1d17-9ec2-4324-ad19-cd013f58686a
2020-10-14 21:15:46,772 [grpc-default-executor-1] INFO  impl.RaftServerProxy (RaftServerProxy.java:addNew(92)) - 823e1d17-9ec2-4324-ad19-cd013f58686a: addNew group-212B8072EEFB:[823e1d17-9ec2-4324-ad19-cd013f58686a:172.17.0.2:45645:0, 2cb5168d-05f1-4d8c-acfa-fa1a7bda46f6:172.17.0.2:36377:0, 497cee6a-8cec-48d3-a21d-ba28642b4d07:172.17.0.2:45037:0] returns group-212B8072EEFB:java.util.concurrent.CompletableFuture@1ca54e3a[Not completed]
2020-10-14 21:15:46,773 [pool-228-thread-1] INFO  impl.RaftServerImpl (RaftServerImpl.java:<init>(120)) - 823e1d17-9ec2-4324-ad19-cd013f58686a: new RaftServerImpl for group-212B8072EEFB:[823e1d17-9ec2-4324-ad19-cd013f58686a:172.17.0.2:45645:0, 2cb5168d-05f1-4d8c-acfa-fa1a7bda46f6:172.17.0.2:36377:0, 497cee6a-8cec-48d3-a21d-ba28642b4d07:172.17.0.2:45037:0] with ContainerStateMachine:uninitialized
2020-10-14 21:15:46,773 [pool-228-thread-1] INFO  server.RaftServerConfigKeys (ConfUtils.java:logGet(44)) - raft.server.rpc.timeout.min = 5s (custom)
2020-10-14 21:15:46,773 [pool-228-thread-1] INFO  server.RaftServerConfigKeys (ConfUtils.java:logGet(44)) - raft.server.rpc.timeout.max = 5200ms (custom)
2020-10-14 21:15:46,773 [pool-228-thread-1] INFO  server.RaftServerConfigKeys (ConfUtils.java:logGet(44)) - raft.server.rpcslowness.timeout = 300s (custom)
2020-10-14 21:15:46,773 [pool-228-thread-1] INFO  server.RaftServerConfigKeys (ConfUtils.java:logGet(44)) - raft.server.sleep.deviation.threshold = 300 (default)
2020-10-14 21:15:46,773 [pool-228-thread-1] INFO  server.RaftServerConfigKeys (ConfUtils.java:logGet(44)) - raft.server.log.appender.install.snapshot.enabled = false (custom)
2020-10-14 21:15:46,773 [pool-228-thread-1] INFO  impl.RaftServerImpl (ServerState.java:<init>(104)) - 823e1d17-9ec2-4324-ad19-cd013f58686a@group-212B8072EEFB: ConfigurationManager, init=-1: [823e1d17-9ec2-4324-ad19-cd013f58686a:172.17.0.2:45645:0, 2cb5168d-05f1-4d8c-acfa-fa1a7bda46f6:172.17.0.2:36377:0, 497cee6a-8cec-48d3-a21d-ba28642b4d07:172.17.0.2:45037:0], old=null, confs=<EMPTY_MAP>
2020-10-14 21:15:46,773 [pool-228-thread-1] INFO  server.RaftServerConfigKeys (ConfUtils.java:logGet(44)) - raft.server.storage.dir = [/github/workspace/mnt/ozone/hadoop-ozone/integration-test/target/test-dir/MiniOzoneClusterImpl-2e4050b2-a17a-4fa5-be17-26c3c845a162/datanode-4/data/ratis] (custom)
2020-10-14 21:15:46,773 [pool-228-thread-1] INFO  server.RaftServerConfigKeys (ConfUtils.java:logGet(44)) - raft.server.log.corruption.policy = EXCEPTION (default)
2020-10-14 21:15:46,774 [pool-228-thread-1] INFO  storage.RaftStorageDirectory (RaftStorageDirectory.java:analyzeStorage(261)) - The storage directory /github/workspace/mnt/ozone/hadoop-ozone/integration-test/target/test-dir/MiniOzoneClusterImpl-2e4050b2-a17a-4fa5-be17-26c3c845a162/datanode-4/data/ratis/d7b52df2-ea79-40c3-985a-212b8072eefb does not exist. Creating ...
2020-10-14 21:15:46,776 [pool-228-thread-1] INFO  storage.RaftStorageDirectory (RaftStorageDirectory.java:tryLock(343)) - Lock on /github/workspace/mnt/ozone/hadoop-ozone/integration-test/target/test-dir/MiniOzoneClusterImpl-2e4050b2-a17a-4fa5-be17-26c3c845a162/datanode-4/data/ratis/d7b52df2-ea79-40c3-985a-212b8072eefb/in_use.lock acquired by nodename 17135@c0b050688864
2020-10-14 21:15:46,777 [pool-228-thread-1] INFO  storage.RaftStorage (RaftStorage.java:format(84)) - Storage directory /github/workspace/mnt/ozone/hadoop-ozone/integration-test/target/test-dir/MiniOzoneClusterImpl-2e4050b2-a17a-4fa5-be17-26c3c845a162/datanode-4/data/ratis/d7b52df2-ea79-40c3-985a-212b8072eefb has been successfully formatted.
2020-10-14 21:15:46,778 [pool-228-thread-1] INFO  ratis.ContainerStateMachine (ContainerStateMachine.java:loadSnapshot(225)) - group-212B8072EEFB: The snapshot info is null. Setting the last applied indexto:(t:0, i:~)
2020-10-14 21:15:46,779 [pool-228-thread-1] INFO  server.RaftServerConfigKeys (ConfUtils.java:logGet(44)) - raft.server.notification.no-leader.timeout = 300s (custom)
2020-10-14 21:15:46,779 [pool-228-thread-1] INFO  server.RaftServerConfigKeys (ConfUtils.java:logGet(44)) - raft.server.log.use.memory = false (default)
2020-10-14 21:15:46,780 [pool-228-thread-1] INFO  server.RaftServerConfigKeys (ConfUtils.java:logGet(44)) - raft.server.log.purge.gap = 1000000 (custom)
2020-10-14 21:15:46,782 [pool-228-thread-1] INFO  metrics.RatisMetrics (RatisMetrics.java:lambda$create$0(36)) - Creating Metrics Registry : ratis.log_worker.823e1d17-9ec2-4324-ad19-cd013f58686a@group-212B8072EEFB
2020-10-14 21:15:46,783 [pool-228-thread-1] INFO  server.RaftServerConfigKeys (ConfUtils.java:logGet(44)) - raft.server.log.appender.buffer.byte-limit = 33554432 (custom)
2020-10-14 21:15:46,783 [pool-228-thread-1] INFO  server.RaftServerConfigKeys (ConfUtils.java:logGet(44)) - raft.server.log.segment.size.max = 1048576 (custom)
2020-10-14 21:15:46,783 [pool-228-thread-1] INFO  server.RaftServerConfigKeys (ConfUtils.java:logGet(44)) - raft.server.log.segment.cache.num.max = 2 (custom)
2020-10-14 21:15:46,783 [pool-228-thread-1] INFO  segmented.SegmentedRaftLogWorker (SegmentedRaftLogWorker.java:<init>(180)) - new 823e1d17-9ec2-4324-ad19-cd013f58686a@group-212B8072EEFB-SegmentedRaftLogWorker for RaftStorage:Storage Directory /github/workspace/mnt/ozone/hadoop-ozone/integration-test/target/test-dir/MiniOzoneClusterImpl-2e4050b2-a17a-4fa5-be17-26c3c845a162/datanode-4/data/ratis/d7b52df2-ea79-40c3-985a-212b8072eefb
2020-10-14 21:15:46,783 [pool-228-thread-1] INFO  server.RaftServerConfigKeys (ConfUtils.java:logGet(44)) - raft.server.log.queue.byte-limit = 2147483647 (custom)
2020-10-14 21:15:46,784 [pool-228-thread-1] INFO  server.RaftServerConfigKeys (ConfUtils.java:logGet(44)) - raft.server.log.queue.element-limit = 1024 (custom)
2020-10-14 21:15:46,784 [pool-228-thread-1] INFO  server.RaftServerConfigKeys (ConfUtils.java:logGet(44)) - raft.server.log.segment.size.max = 1048576 (custom)
2020-10-14 21:15:46,785 [pool-228-thread-1] INFO  server.RaftServerConfigKeys (ConfUtils.java:logGet(44)) - raft.server.log.preallocated.size = 16384 (custom)
2020-10-14 21:15:46,785 [pool-228-thread-1] INFO  server.RaftServerConfigKeys (ConfUtils.java:logGet(44)) - raft.server.log.write.buffer.size = 1048576 (custom)
2020-10-14 21:15:46,785 [pool-228-thread-1] INFO  server.RaftServerConfigKeys (ConfUtils.java:logGet(44)) - raft.server.log.force.sync.num = 128 (default)
2020-10-14 21:15:46,785 [pool-228-thread-1] INFO  server.RaftServerConfigKeys (ConfUtils.java:logGet(44)) - raft.server.log.statemachine.data.sync = true (default)
2020-10-14 21:15:46,785 [pool-228-thread-1] INFO  server.RaftServerConfigKeys (ConfUtils.java:logGet(44)) - raft.server.log.statemachine.data.sync.timeout = 10s (default)
2020-10-14 21:15:46,785 [pool-228-thread-1] INFO  server.RaftServerConfigKeys (ConfUtils.java:logGet(44)) - raft.server.log.statemachine.data.sync.timeout.retry = -1 (default)
2020-10-14 21:15:46,787 [pool-228-thread-1] INFO  server.RaftServerConfigKeys (ConfUtils.java:logGet(44)) - raft.server.log.statemachine.data.caching.enabled = true (custom)
2020-10-14 21:15:46,787 [pool-228-thread-1] INFO  segmented.SegmentedRaftLogWorker (SegmentedRaftLogWorker.java:lambda$new$0(129)) - 823e1d17-9ec2-4324-ad19-cd013f58686a@group-212B8072EEFB-SegmentedRaftLogWorker: flushIndex: setUnconditionally 0 -> -1
2020-10-14 21:15:46,787 [pool-228-thread-1] INFO  segmented.SegmentedRaftLogWorker (SegmentedRaftLogWorker.java:lambda$new$0(129)) - 823e1d17-9ec2-4324-ad19-cd013f58686a@group-212B8072EEFB-SegmentedRaftLogWorker: safeCacheEvictIndex: setUnconditionally 0 -> -1
2020-10-14 21:15:46,787 [pool-228-thread-1] INFO  server.RaftServerConfigKeys (ConfUtils.java:logGet(44)) - raft.server.snapshot.auto.trigger.enabled = true (custom)
2020-10-14 21:15:46,787 [pool-228-thread-1] INFO  server.RaftServerConfigKeys (ConfUtils.java:logGet(44)) - raft.server.snapshot.auto.trigger.threshold = 10000 (custom)
2020-10-14 21:15:46,787 [pool-228-thread-1] INFO  server.RaftServerConfigKeys (ConfUtils.java:logGet(44)) - raft.server.snapshot.retention.file.num = 5 (custom)
2020-10-14 21:15:46,787 [pool-228-thread-1] INFO  server.RaftServerConfigKeys (ConfUtils.java:logGet(44)) - raft.server.log.purge.upto.snapshot.index = false (default)
2020-10-14 21:15:46,788 [pool-228-thread-1] INFO  server.RaftServerConfigKeys (ConfUtils.java:logGet(44)) - raft.server.retrycache.expirytime = 600000ms (custom)
2020-10-14 21:15:46,788 [pool-228-thread-1] INFO  metrics.RatisMetrics (RatisMetrics.java:lambda$create$0(36)) - Creating Metrics Registry : ratis.leader_election.823e1d17-9ec2-4324-ad19-cd013f58686a@group-212B8072EEFB
2020-10-14 21:15:46,788 [pool-228-thread-1] INFO  metrics.RatisMetrics (RatisMetrics.java:lambda$create$0(36)) - Creating Metrics Registry : ratis.server.823e1d17-9ec2-4324-ad19-cd013f58686a@group-212B8072EEFB
2020-10-14 21:15:46,789 [pool-228-thread-1] INFO  impl.RaftServerImpl (RaftServerImpl.java:start(209)) - 823e1d17-9ec2-4324-ad19-cd013f58686a@group-212B8072EEFB: start as a follower, conf=-1: [823e1d17-9ec2-4324-ad19-cd013f58686a:172.17.0.2:45645:0, 2cb5168d-05f1-4d8c-acfa-fa1a7bda46f6:172.17.0.2:36377:0, 497cee6a-8cec-48d3-a21d-ba28642b4d07:172.17.0.2:45037:0], old=null
2020-10-14 21:15:46,789 [pool-228-thread-1] INFO  impl.RaftServerImpl (RaftServerImpl.java:setRole(198)) - 823e1d17-9ec2-4324-ad19-cd013f58686a@group-212B8072EEFB: changes role from      null to FOLLOWER at term 0 for startAsFollower
2020-10-14 21:15:46,789 [pool-228-thread-1] INFO  impl.RoleInfo (RoleInfo.java:updateAndGet(143)) - 823e1d17-9ec2-4324-ad19-cd013f58686a: start FollowerState
2020-10-14 21:15:46,789 [pool-228-thread-1] INFO  util.JmxRegister (JmxRegister.java:tryRegister(44)) - Successfully registered JMX Bean with object name Ratis:service=RaftServer,group=group-212B8072EEFB,id=823e1d17-9ec2-4324-ad19-cd013f58686a
2020-10-14 21:15:46,789 [pool-228-thread-1] INFO  metrics.RatisMetrics (RatisMetrics.java:lambda$create$0(36)) - Creating Metrics Registry : ratis.state_machine.823e1d17-9ec2-4324-ad19-cd013f58686a@group-212B8072EEFB
2020-10-14 21:15:46,797 [Command processor thread] INFO  commandhandler.CreatePipelineCommandHandler (CreatePipelineCommandHandler.java:handle(110)) - Created Pipeline RATIS THREE #id: "d7b52df2-ea79-40c3-985a-212b8072eefb"
uuid128 {
  mostSigBits: -2903363863431266109
  leastSigBits: -7468620561318220037
}
.
2020-10-14 21:15:46,839 [Command processor thread] INFO  impl.RaftServerProxy (RaftServerProxy.java:addNew(92)) - 823e1d17-9ec2-4324-ad19-cd013f58686a: addNew group-99BD7EE4F36C:[823e1d17-9ec2-4324-ad19-cd013f58686a:172.17.0.2:45645:0] returns group-99BD7EE4F36C:java.util.concurrent.CompletableFuture@64478164[Not completed]
2020-10-14 21:15:46,840 [pool-228-thread-1] INFO  impl.RaftServerImpl (RaftServerImpl.java:<init>(120)) - 823e1d17-9ec2-4324-ad19-cd013f58686a: new RaftServerImpl for group-99BD7EE4F36C:[823e1d17-9ec2-4324-ad19-cd013f58686a:172.17.0.2:45645:0] with ContainerStateMachine:uninitialized
2020-10-14 21:15:46,841 [pool-228-thread-1] INFO  server.RaftServerConfigKeys (ConfUtils.java:logGet(44)) - raft.server.rpc.timeout.min = 5s (custom)
2020-10-14 21:15:46,841 [pool-228-thread-1] INFO  server.RaftServerConfigKeys (ConfUtils.java:logGet(44)) - raft.server.rpc.timeout.max = 5200ms (custom)
2020-10-14 21:15:46,841 [pool-228-thread-1] INFO  server.RaftServerConfigKeys (ConfUtils.java:logGet(44)) - raft.server.rpcslowness.timeout = 300s (custom)
2020-10-14 21:15:46,841 [pool-228-thread-1] INFO  server.RaftServerConfigKeys (ConfUtils.java:logGet(44)) - raft.server.sleep.deviation.threshold = 300 (default)
2020-10-14 21:15:46,841 [pool-228-thread-1] INFO  server.RaftServerConfigKeys (ConfUtils.java:logGet(44)) - raft.server.log.appender.install.snapshot.enabled = false (custom)
2020-10-14 21:15:46,841 [pool-228-thread-1] INFO  impl.RaftServerImpl (ServerState.java:<init>(104)) - 823e1d17-9ec2-4324-ad19-cd013f58686a@group-99BD7EE4F36C: ConfigurationManager, init=-1: [823e1d17-9ec2-4324-ad19-cd013f58686a:172.17.0.2:45645:0], old=null, confs=<EMPTY_MAP>
2020-10-14 21:15:46,841 [pool-228-thread-1] INFO  server.RaftServerConfigKeys (ConfUtils.java:logGet(44)) - raft.server.storage.dir = [/github/workspace/mnt/ozone/hadoop-ozone/integration-test/target/test-dir/MiniOzoneClusterImpl-2e4050b2-a17a-4fa5-be17-26c3c845a162/datanode-4/data/ratis] (custom)
2020-10-14 21:15:46,843 [pool-228-thread-1] INFO  server.RaftServerConfigKeys (ConfUtils.java:logGet(44)) - raft.server.log.corruption.policy = EXCEPTION (default)
2020-10-14 21:15:46,844 [pool-228-thread-1] INFO  storage.RaftStorageDirectory (RaftStorageDirectory.java:analyzeStorage(261)) - The storage directory /github/workspace/mnt/ozone/hadoop-ozone/integration-test/target/test-dir/MiniOzoneClusterImpl-2e4050b2-a17a-4fa5-be17-26c3c845a162/datanode-4/data/ratis/b8c1d22c-0a0d-4b40-875a-99bd7ee4f36c does not exist. Creating ...
2020-10-14 21:15:46,845 [pool-228-thread-1] INFO  storage.RaftStorageDirectory (RaftStorageDirectory.java:tryLock(343)) - Lock on /github/workspace/mnt/ozone/hadoop-ozone/integration-test/target/test-dir/MiniOzoneClusterImpl-2e4050b2-a17a-4fa5-be17-26c3c845a162/datanode-4/data/ratis/b8c1d22c-0a0d-4b40-875a-99bd7ee4f36c/in_use.lock acquired by nodename 17135@c0b050688864
2020-10-14 21:15:46,847 [pool-228-thread-1] INFO  storage.RaftStorage (RaftStorage.java:format(84)) - Storage directory /github/workspace/mnt/ozone/hadoop-ozone/integration-test/target/test-dir/MiniOzoneClusterImpl-2e4050b2-a17a-4fa5-be17-26c3c845a162/datanode-4/data/ratis/b8c1d22c-0a0d-4b40-875a-99bd7ee4f36c has been successfully formatted.
2020-10-14 21:15:46,850 [pool-228-thread-1] INFO  ratis.ContainerStateMachine (ContainerStateMachine.java:loadSnapshot(225)) - group-99BD7EE4F36C: The snapshot info is null. Setting the last applied indexto:(t:0, i:~)
2020-10-14 21:15:46,850 [pool-228-thread-1] INFO  server.RaftServerConfigKeys (ConfUtils.java:logGet(44)) - raft.server.notification.no-leader.timeout = 300s (custom)
2020-10-14 21:15:46,850 [pool-228-thread-1] INFO  server.RaftServerConfigKeys (ConfUtils.java:logGet(44)) - raft.server.log.use.memory = false (default)
2020-10-14 21:15:46,850 [pool-228-thread-1] INFO  server.RaftServerConfigKeys (ConfUtils.java:logGet(44)) - raft.server.log.purge.gap = 1000000 (custom)
2020-10-14 21:15:46,850 [EventQueue-PipelineReportForPipelineReportHandler] INFO  pipeline.PipelineStateManager (PipelineStateManager.java:openPipeline(131)) - Pipeline Pipeline[ Id: b8c1d22c-0a0d-4b40-875a-99bd7ee4f36c, Nodes: 823e1d17-9ec2-4324-ad19-cd013f58686a{ip: 172.17.0.2, host: c0b050688864, networkLocation: /default-rack, certSerialId: null}, Type:RATIS, Factor:ONE, State:ALLOCATED, leaderId:823e1d17-9ec2-4324-ad19-cd013f58686a, CreationTimestamp2020-10-14T21:15:43.841Z] moved to OPEN state
2020-10-14 21:15:46,851 [EventQueue-OpenPipelineForHealthyPipelineSafeModeRule] INFO  safemode.SCMSafeModeManager (HealthyPipelineSafeModeRule.java:process(129)) - SCM in safe mode. Healthy pipelines reported count is 0, required healthy pipeline reported count is 1
2020-10-14 21:15:46,851 [EventQueue-OpenPipelineForOneReplicaPipelineSafeModeRule] INFO  safemode.SCMSafeModeManager (SCMSafeModeManager.java:validateSafeModeExitRules(214)) - AtleastOneDatanodeReportedRule rule is successfully validated
2020-10-14 21:15:46,851 [pool-228-thread-1] INFO  metrics.RatisMetrics (RatisMetrics.java:lambda$create$0(36)) - Creating Metrics Registry : ratis.log_worker.823e1d17-9ec2-4324-ad19-cd013f58686a@group-99BD7EE4F36C
2020-10-14 21:15:46,851 [pool-228-thread-1] INFO  server.RaftServerConfigKeys (ConfUtils.java:logGet(44)) - raft.server.log.appender.buffer.byte-limit = 33554432 (custom)
2020-10-14 21:15:46,851 [pool-228-thread-1] INFO  server.RaftServerConfigKeys (ConfUtils.java:logGet(44)) - raft.server.log.segment.size.max = 1048576 (custom)
2020-10-14 21:15:46,852 [pool-228-thread-1] INFO  server.RaftServerConfigKeys (ConfUtils.java:logGet(44)) - raft.server.log.segment.cache.num.max = 2 (custom)
2020-10-14 21:15:46,852 [pool-228-thread-1] INFO  segmented.SegmentedRaftLogWorker (SegmentedRaftLogWorker.java:<init>(180)) - new 823e1d17-9ec2-4324-ad19-cd013f58686a@group-99BD7EE4F36C-SegmentedRaftLogWorker for RaftStorage:Storage Directory /github/workspace/mnt/ozone/hadoop-ozone/integration-test/target/test-dir/MiniOzoneClusterImpl-2e4050b2-a17a-4fa5-be17-26c3c845a162/datanode-4/data/ratis/b8c1d22c-0a0d-4b40-875a-99bd7ee4f36c
2020-10-14 21:15:46,852 [pool-228-thread-1] INFO  server.RaftServerConfigKeys (ConfUtils.java:logGet(44)) - raft.server.log.queue.byte-limit = 2147483647 (custom)
2020-10-14 21:15:46,852 [pool-228-thread-1] INFO  server.RaftServerConfigKeys (ConfUtils.java:logGet(44)) - raft.server.log.queue.element-limit = 1024 (custom)
2020-10-14 21:15:46,852 [pool-228-thread-1] INFO  server.RaftServerConfigKeys (ConfUtils.java:logGet(44)) - raft.server.log.segment.size.max = 1048576 (custom)
2020-10-14 21:15:46,853 [pool-228-thread-1] INFO  server.RaftServerConfigKeys (ConfUtils.java:logGet(44)) - raft.server.log.preallocated.size = 16384 (custom)
2020-10-14 21:15:46,853 [pool-228-thread-1] INFO  server.RaftServerConfigKeys (ConfUtils.java:logGet(44)) - raft.server.log.write.buffer.size = 1048576 (custom)
2020-10-14 21:15:46,853 [pool-228-thread-1] INFO  server.RaftServerConfigKeys (ConfUtils.java:logGet(44)) - raft.server.log.force.sync.num = 128 (default)
2020-10-14 21:15:46,854 [pool-228-thread-1] INFO  server.RaftServerConfigKeys (ConfUtils.java:logGet(44)) - raft.server.log.statemachine.data.sync = true (default)
2020-10-14 21:15:46,854 [pool-228-thread-1] INFO  server.RaftServerConfigKeys (ConfUtils.java:logGet(44)) - raft.server.log.statemachine.data.sync.timeout = 10s (default)
2020-10-14 21:15:46,854 [pool-228-thread-1] INFO  server.RaftServerConfigKeys (ConfUtils.java:logGet(44)) - raft.server.log.statemachine.data.sync.timeout.retry = -1 (default)
2020-10-14 21:15:46,856 [pool-228-thread-1] INFO  server.RaftServerConfigKeys (ConfUtils.java:logGet(44)) - raft.server.log.statemachine.data.caching.enabled = true (custom)
2020-10-14 21:15:46,856 [pool-228-thread-1] INFO  segmented.SegmentedRaftLogWorker (SegmentedRaftLogWorker.java:lambda$new$0(129)) - 823e1d17-9ec2-4324-ad19-cd013f58686a@group-99BD7EE4F36C-SegmentedRaftLogWorker: flushIndex: setUnconditionally 0 -> -1
2020-10-14 21:15:46,856 [pool-228-thread-1] INFO  segmented.SegmentedRaftLogWorker (SegmentedRaftLogWorker.java:lambda$new$0(129)) - 823e1d17-9ec2-4324-ad19-cd013f58686a@group-99BD7EE4F36C-SegmentedRaftLogWorker: safeCacheEvictIndex: setUnconditionally 0 -> -1
2020-10-14 21:15:46,856 [pool-228-thread-1] INFO  server.RaftServerConfigKeys (ConfUtils.java:logGet(44)) - raft.server.snapshot.auto.trigger.enabled = true (custom)
2020-10-14 21:15:46,856 [pool-228-thread-1] INFO  server.RaftServerConfigKeys (ConfUtils.java:logGet(44)) - raft.server.snapshot.auto.trigger.threshold = 10000 (custom)
2020-10-14 21:15:46,856 [pool-228-thread-1] INFO  server.RaftServerConfigKeys (ConfUtils.java:logGet(44)) - raft.server.snapshot.retention.file.num = 5 (custom)
2020-10-14 21:15:46,856 [pool-228-thread-1] INFO  server.RaftServerConfigKeys (ConfUtils.java:logGet(44)) - raft.server.log.purge.upto.snapshot.index = false (default)
2020-10-14 21:15:46,856 [pool-228-thread-1] INFO  server.RaftServerConfigKeys (ConfUtils.java:logGet(44)) - raft.server.retrycache.expirytime = 600000ms (custom)
2020-10-14 21:15:46,856 [pool-228-thread-1] INFO  metrics.RatisMetrics (RatisMetrics.java:lambda$create$0(36)) - Creating Metrics Registry : ratis.leader_election.823e1d17-9ec2-4324-ad19-cd013f58686a@group-99BD7EE4F36C
2020-10-14 21:15:46,857 [pool-228-thread-1] INFO  metrics.RatisMetrics (RatisMetrics.java:lambda$create$0(36)) - Creating Metrics Registry : ratis.server.823e1d17-9ec2-4324-ad19-cd013f58686a@group-99BD7EE4F36C
2020-10-14 21:15:46,858 [pool-228-thread-1] INFO  impl.RaftServerImpl (RaftServerImpl.java:start(209)) - 823e1d17-9ec2-4324-ad19-cd013f58686a@group-99BD7EE4F36C: start as a follower, conf=-1: [823e1d17-9ec2-4324-ad19-cd013f58686a:172.17.0.2:45645:0], old=null
2020-10-14 21:15:46,858 [pool-228-thread-1] INFO  impl.RaftServerImpl (RaftServerImpl.java:setRole(198)) - 823e1d17-9ec2-4324-ad19-cd013f58686a@group-99BD7EE4F36C: changes role from      null to FOLLOWER at term 0 for startAsFollower
2020-10-14 21:15:46,858 [pool-228-thread-1] INFO  impl.RoleInfo (RoleInfo.java:updateAndGet(143)) - 823e1d17-9ec2-4324-ad19-cd013f58686a: start FollowerState
2020-10-14 21:15:46,858 [pool-228-thread-1] INFO  util.JmxRegister (JmxRegister.java:tryRegister(44)) - Successfully registered JMX Bean with object name Ratis:service=RaftServer,group=group-99BD7EE4F36C,id=823e1d17-9ec2-4324-ad19-cd013f58686a
2020-10-14 21:15:46,858 [pool-228-thread-1] INFO  metrics.RatisMetrics (RatisMetrics.java:lambda$create$0(36)) - Creating Metrics Registry : ratis.state_machine.823e1d17-9ec2-4324-ad19-cd013f58686a@group-99BD7EE4F36C
2020-10-14 21:15:46,860 [Command processor thread] INFO  commandhandler.CreatePipelineCommandHandler (CreatePipelineCommandHandler.java:handle(110)) - Created Pipeline RATIS ONE #id: "b8c1d22c-0a0d-4b40-875a-99bd7ee4f36c"
uuid128 {
  mostSigBits: -5133591013636617408
  leastSigBits: -8693467091528518804
}
.
2020-10-14 21:15:47,066 [Command processor thread] INFO  impl.RaftServerProxy (RaftServerProxy.java:addNew(92)) - 497cee6a-8cec-48d3-a21d-ba28642b4d07: addNew group-60E435C7C11B:[497cee6a-8cec-48d3-a21d-ba28642b4d07:172.17.0.2:45037:0] returns group-60E435C7C11B:java.util.concurrent.CompletableFuture@651a649d[Not completed]
2020-10-14 21:15:47,068 [pool-243-thread-1] INFO  impl.RaftServerImpl (RaftServerImpl.java:<init>(120)) - 497cee6a-8cec-48d3-a21d-ba28642b4d07: new RaftServerImpl for group-60E435C7C11B:[497cee6a-8cec-48d3-a21d-ba28642b4d07:172.17.0.2:45037:0] with ContainerStateMachine:uninitialized
2020-10-14 21:15:47,068 [pool-243-thread-1] INFO  server.RaftServerConfigKeys (ConfUtils.java:logGet(44)) - raft.server.rpc.timeout.min = 5s (custom)
2020-10-14 21:15:47,068 [pool-243-thread-1] INFO  server.RaftServerConfigKeys (ConfUtils.java:logGet(44)) - raft.server.rpc.timeout.max = 5200ms (custom)
2020-10-14 21:15:47,068 [pool-243-thread-1] INFO  server.RaftServerConfigKeys (ConfUtils.java:logGet(44)) - raft.server.rpcslowness.timeout = 300s (custom)
2020-10-14 21:15:47,068 [pool-243-thread-1] INFO  server.RaftServerConfigKeys (ConfUtils.java:logGet(44)) - raft.server.sleep.deviation.threshold = 300 (default)
2020-10-14 21:15:47,068 [pool-243-thread-1] INFO  server.RaftServerConfigKeys (ConfUtils.java:logGet(44)) - raft.server.log.appender.install.snapshot.enabled = false (custom)
2020-10-14 21:15:47,068 [pool-243-thread-1] INFO  impl.RaftServerImpl (ServerState.java:<init>(104)) - 497cee6a-8cec-48d3-a21d-ba28642b4d07@group-60E435C7C11B: ConfigurationManager, init=-1: [497cee6a-8cec-48d3-a21d-ba28642b4d07:172.17.0.2:45037:0], old=null, confs=<EMPTY_MAP>
2020-10-14 21:15:47,068 [pool-243-thread-1] INFO  server.RaftServerConfigKeys (ConfUtils.java:logGet(44)) - raft.server.storage.dir = [/github/workspace/mnt/ozone/hadoop-ozone/integration-test/target/test-dir/MiniOzoneClusterImpl-2e4050b2-a17a-4fa5-be17-26c3c845a162/datanode-5/data/ratis] (custom)
2020-10-14 21:15:47,069 [pool-243-thread-1] INFO  server.RaftServerConfigKeys (ConfUtils.java:logGet(44)) - raft.server.log.corruption.policy = EXCEPTION (default)
2020-10-14 21:15:47,069 [pool-243-thread-1] INFO  storage.RaftStorageDirectory (RaftStorageDirectory.java:analyzeStorage(261)) - The storage directory /github/workspace/mnt/ozone/hadoop-ozone/integration-test/target/test-dir/MiniOzoneClusterImpl-2e4050b2-a17a-4fa5-be17-26c3c845a162/datanode-5/data/ratis/ee2f0a48-fc84-4f8d-ae15-60e435c7c11b does not exist. Creating ...
2020-10-14 21:15:47,071 [pool-243-thread-1] INFO  storage.RaftStorageDirectory (RaftStorageDirectory.java:tryLock(343)) - Lock on /github/workspace/mnt/ozone/hadoop-ozone/integration-test/target/test-dir/MiniOzoneClusterImpl-2e4050b2-a17a-4fa5-be17-26c3c845a162/datanode-5/data/ratis/ee2f0a48-fc84-4f8d-ae15-60e435c7c11b/in_use.lock acquired by nodename 17135@c0b050688864
2020-10-14 21:15:47,072 [pool-243-thread-1] INFO  storage.RaftStorage (RaftStorage.java:format(84)) - Storage directory /github/workspace/mnt/ozone/hadoop-ozone/integration-test/target/test-dir/MiniOzoneClusterImpl-2e4050b2-a17a-4fa5-be17-26c3c845a162/datanode-5/data/ratis/ee2f0a48-fc84-4f8d-ae15-60e435c7c11b has been successfully formatted.
2020-10-14 21:15:47,072 [pool-243-thread-1] INFO  ratis.ContainerStateMachine (ContainerStateMachine.java:loadSnapshot(225)) - group-60E435C7C11B: The snapshot info is null. Setting the last applied indexto:(t:0, i:~)
2020-10-14 21:15:47,072 [pool-243-thread-1] INFO  server.RaftServerConfigKeys (ConfUtils.java:logGet(44)) - raft.server.notification.no-leader.timeout = 300s (custom)
2020-10-14 21:15:47,074 [pool-243-thread-1] INFO  server.RaftServerConfigKeys (ConfUtils.java:logGet(44)) - raft.server.log.use.memory = false (default)
2020-10-14 21:15:47,074 [pool-243-thread-1] INFO  server.RaftServerConfigKeys (ConfUtils.java:logGet(44)) - raft.server.log.purge.gap = 1000000 (custom)
2020-10-14 21:15:47,074 [pool-243-thread-1] INFO  metrics.RatisMetrics (RatisMetrics.java:lambda$create$0(36)) - Creating Metrics Registry : ratis.log_worker.497cee6a-8cec-48d3-a21d-ba28642b4d07@group-60E435C7C11B
2020-10-14 21:15:47,075 [pool-243-thread-1] INFO  server.RaftServerConfigKeys (ConfUtils.java:logGet(44)) - raft.server.log.appender.buffer.byte-limit = 33554432 (custom)
2020-10-14 21:15:47,075 [EventQueue-PipelineReportForPipelineReportHandler] INFO  pipeline.PipelineStateManager (PipelineStateManager.java:openPipeline(131)) - Pipeline Pipeline[ Id: ee2f0a48-fc84-4f8d-ae15-60e435c7c11b, Nodes: 497cee6a-8cec-48d3-a21d-ba28642b4d07{ip: 172.17.0.2, host: c0b050688864, networkLocation: /default-rack, certSerialId: null}, Type:RATIS, Factor:ONE, State:ALLOCATED, leaderId:497cee6a-8cec-48d3-a21d-ba28642b4d07, CreationTimestamp2020-10-14T21:15:44.071Z] moved to OPEN state
2020-10-14 21:15:47,075 [EventQueue-OpenPipelineForHealthyPipelineSafeModeRule] INFO  safemode.SCMSafeModeManager (HealthyPipelineSafeModeRule.java:process(129)) - SCM in safe mode. Healthy pipelines reported count is 0, required healthy pipeline reported count is 1
2020-10-14 21:15:47,075 [EventQueue-OpenPipelineForOneReplicaPipelineSafeModeRule] INFO  safemode.SCMSafeModeManager (SCMSafeModeManager.java:validateSafeModeExitRules(214)) - AtleastOneDatanodeReportedRule rule is successfully validated
2020-10-14 21:15:47,075 [pool-243-thread-1] INFO  server.RaftServerConfigKeys (ConfUtils.java:logGet(44)) - raft.server.log.segment.size.max = 1048576 (custom)
2020-10-14 21:15:47,076 [pool-243-thread-1] INFO  server.RaftServerConfigKeys (ConfUtils.java:logGet(44)) - raft.server.log.segment.cache.num.max = 2 (custom)
2020-10-14 21:15:47,076 [pool-243-thread-1] INFO  segmented.SegmentedRaftLogWorker (SegmentedRaftLogWorker.java:<init>(180)) - new 497cee6a-8cec-48d3-a21d-ba28642b4d07@group-60E435C7C11B-SegmentedRaftLogWorker for RaftStorage:Storage Directory /github/workspace/mnt/ozone/hadoop-ozone/integration-test/target/test-dir/MiniOzoneClusterImpl-2e4050b2-a17a-4fa5-be17-26c3c845a162/datanode-5/data/ratis/ee2f0a48-fc84-4f8d-ae15-60e435c7c11b
2020-10-14 21:15:47,076 [pool-243-thread-1] INFO  server.RaftServerConfigKeys (ConfUtils.java:logGet(44)) - raft.server.log.queue.byte-limit = 2147483647 (custom)
2020-10-14 21:15:47,076 [pool-243-thread-1] INFO  server.RaftServerConfigKeys (ConfUtils.java:logGet(44)) - raft.server.log.queue.element-limit = 1024 (custom)
2020-10-14 21:15:47,077 [pool-243-thread-1] INFO  server.RaftServerConfigKeys (ConfUtils.java:logGet(44)) - raft.server.log.segment.size.max = 1048576 (custom)
2020-10-14 21:15:47,077 [pool-243-thread-1] INFO  server.RaftServerConfigKeys (ConfUtils.java:logGet(44)) - raft.server.log.preallocated.size = 16384 (custom)
2020-10-14 21:15:47,077 [pool-243-thread-1] INFO  server.RaftServerConfigKeys (ConfUtils.java:logGet(44)) - raft.server.log.write.buffer.size = 1048576 (custom)
2020-10-14 21:15:47,077 [pool-243-thread-1] INFO  server.RaftServerConfigKeys (ConfUtils.java:logGet(44)) - raft.server.log.force.sync.num = 128 (default)
2020-10-14 21:15:47,077 [pool-243-thread-1] INFO  server.RaftServerConfigKeys (ConfUtils.java:logGet(44)) - raft.server.log.statemachine.data.sync = true (default)
2020-10-14 21:15:47,077 [pool-243-thread-1] INFO  server.RaftServerConfigKeys (ConfUtils.java:logGet(44)) - raft.server.log.statemachine.data.sync.timeout = 10s (default)
2020-10-14 21:15:47,077 [pool-243-thread-1] INFO  server.RaftServerConfigKeys (ConfUtils.java:logGet(44)) - raft.server.log.statemachine.data.sync.timeout.retry = -1 (default)
2020-10-14 21:15:47,079 [pool-243-thread-1] INFO  server.RaftServerConfigKeys (ConfUtils.java:logGet(44)) - raft.server.log.statemachine.data.caching.enabled = true (custom)
2020-10-14 21:15:47,079 [pool-243-thread-1] INFO  segmented.SegmentedRaftLogWorker (SegmentedRaftLogWorker.java:lambda$new$0(129)) - 497cee6a-8cec-48d3-a21d-ba28642b4d07@group-60E435C7C11B-SegmentedRaftLogWorker: flushIndex: setUnconditionally 0 -> -1
2020-10-14 21:15:47,079 [pool-243-thread-1] INFO  segmented.SegmentedRaftLogWorker (SegmentedRaftLogWorker.java:lambda$new$0(129)) - 497cee6a-8cec-48d3-a21d-ba28642b4d07@group-60E435C7C11B-SegmentedRaftLogWorker: safeCacheEvictIndex: setUnconditionally 0 -> -1
2020-10-14 21:15:47,079 [pool-243-thread-1] INFO  server.RaftServerConfigKeys (ConfUtils.java:logGet(44)) - raft.server.snapshot.auto.trigger.enabled = true (custom)
2020-10-14 21:15:47,079 [pool-243-thread-1] INFO  server.RaftServerConfigKeys (ConfUtils.java:logGet(44)) - raft.server.snapshot.auto.trigger.threshold = 10000 (custom)
2020-10-14 21:15:47,079 [pool-243-thread-1] INFO  server.RaftServerConfigKeys (ConfUtils.java:logGet(44)) - raft.server.snapshot.retention.file.num = 5 (custom)
2020-10-14 21:15:47,079 [pool-243-thread-1] INFO  server.RaftServerConfigKeys (ConfUtils.java:logGet(44)) - raft.server.log.purge.upto.snapshot.index = false (default)
2020-10-14 21:15:47,079 [pool-243-thread-1] INFO  server.RaftServerConfigKeys (ConfUtils.java:logGet(44)) - raft.server.retrycache.expirytime = 600000ms (custom)
2020-10-14 21:15:47,079 [pool-243-thread-1] INFO  metrics.RatisMetrics (RatisMetrics.java:lambda$create$0(36)) - Creating Metrics Registry : ratis.leader_election.497cee6a-8cec-48d3-a21d-ba28642b4d07@group-60E435C7C11B
2020-10-14 21:15:47,080 [pool-243-thread-1] INFO  metrics.RatisMetrics (RatisMetrics.java:lambda$create$0(36)) - Creating Metrics Registry : ratis.server.497cee6a-8cec-48d3-a21d-ba28642b4d07@group-60E435C7C11B
2020-10-14 21:15:47,081 [pool-243-thread-1] INFO  impl.RaftServerImpl (RaftServerImpl.java:start(209)) - 497cee6a-8cec-48d3-a21d-ba28642b4d07@group-60E435C7C11B: start as a follower, conf=-1: [497cee6a-8cec-48d3-a21d-ba28642b4d07:172.17.0.2:45037:0], old=null
2020-10-14 21:15:47,081 [pool-243-thread-1] INFO  impl.RaftServerImpl (RaftServerImpl.java:setRole(198)) - 497cee6a-8cec-48d3-a21d-ba28642b4d07@group-60E435C7C11B: changes role from      null to FOLLOWER at term 0 for startAsFollower
2020-10-14 21:15:47,081 [pool-243-thread-1] INFO  impl.RoleInfo (RoleInfo.java:updateAndGet(143)) - 497cee6a-8cec-48d3-a21d-ba28642b4d07: start FollowerState
2020-10-14 21:15:47,081 [pool-243-thread-1] INFO  util.JmxRegister (JmxRegister.java:tryRegister(44)) - Successfully registered JMX Bean with object name Ratis:service=RaftServer,group=group-60E435C7C11B,id=497cee6a-8cec-48d3-a21d-ba28642b4d07
2020-10-14 21:15:47,081 [pool-243-thread-1] INFO  metrics.RatisMetrics (RatisMetrics.java:lambda$create$0(36)) - Creating Metrics Registry : ratis.state_machine.497cee6a-8cec-48d3-a21d-ba28642b4d07@group-60E435C7C11B
2020-10-14 21:15:47,082 [Command processor thread] INFO  commandhandler.CreatePipelineCommandHandler (CreatePipelineCommandHandler.java:handle(110)) - Created Pipeline RATIS ONE #id: "ee2f0a48-fc84-4f8d-ae15-60e435c7c11b"
uuid128 {
  mostSigBits: -1283796060186849395
  leastSigBits: -5902705203328073445
}
.
2020-10-14 21:15:47,239 [Listener at 127.0.0.1/35811] INFO  ozone.MiniOzoneClusterImpl (MiniOzoneClusterImpl.java:lambda$waitForClusterToBeReady$0(177)) - Nodes are ready. Got 7 of 7 DN Heartbeats.
2020-10-14 21:15:47,239 [Listener at 127.0.0.1/35811] INFO  ozone.MiniOzoneClusterImpl (MiniOzoneClusterImpl.java:lambda$waitForClusterToBeReady$0(180)) - Waiting for cluster to exit safe mode
2020-10-14 21:15:47,246 [Command processor thread] INFO  impl.RaftServerProxy (RaftServerProxy.java:addNew(92)) - a2749394-0239-4d59-b5c5-6ec7975208db: addNew group-51769F462877:[a2749394-0239-4d59-b5c5-6ec7975208db:172.17.0.2:41507:0] returns group-51769F462877:java.util.concurrent.CompletableFuture@5535d5a0[Not completed]
2020-10-14 21:15:47,254 [pool-258-thread-1] INFO  impl.RaftServerImpl (RaftServerImpl.java:<init>(120)) - a2749394-0239-4d59-b5c5-6ec7975208db: new RaftServerImpl for group-51769F462877:[a2749394-0239-4d59-b5c5-6ec7975208db:172.17.0.2:41507:0] with ContainerStateMachine:uninitialized
2020-10-14 21:15:47,254 [pool-258-thread-1] INFO  server.RaftServerConfigKeys (ConfUtils.java:logGet(44)) - raft.server.rpc.timeout.min = 5s (custom)
2020-10-14 21:15:47,255 [pool-258-thread-1] INFO  server.RaftServerConfigKeys (ConfUtils.java:logGet(44)) - raft.server.rpc.timeout.max = 5200ms (custom)
2020-10-14 21:15:47,255 [pool-258-thread-1] INFO  server.RaftServerConfigKeys (ConfUtils.java:logGet(44)) - raft.server.rpcslowness.timeout = 300s (custom)
2020-10-14 21:15:47,255 [pool-258-thread-1] INFO  server.RaftServerConfigKeys (ConfUtils.java:logGet(44)) - raft.server.sleep.deviation.threshold = 300 (default)
2020-10-14 21:15:47,255 [pool-258-thread-1] INFO  server.RaftServerConfigKeys (ConfUtils.java:logGet(44)) - raft.server.log.appender.install.snapshot.enabled = false (custom)
2020-10-14 21:15:47,255 [pool-258-thread-1] INFO  impl.RaftServerImpl (ServerState.java:<init>(104)) - a2749394-0239-4d59-b5c5-6ec7975208db@group-51769F462877: ConfigurationManager, init=-1: [a2749394-0239-4d59-b5c5-6ec7975208db:172.17.0.2:41507:0], old=null, confs=<EMPTY_MAP>
2020-10-14 21:15:47,255 [pool-258-thread-1] INFO  server.RaftServerConfigKeys (ConfUtils.java:logGet(44)) - raft.server.storage.dir = [/github/workspace/mnt/ozone/hadoop-ozone/integration-test/target/test-dir/MiniOzoneClusterImpl-2e4050b2-a17a-4fa5-be17-26c3c845a162/datanode-6/data/ratis] (custom)
2020-10-14 21:15:47,255 [pool-258-thread-1] INFO  server.RaftServerConfigKeys (ConfUtils.java:logGet(44)) - raft.server.log.corruption.policy = EXCEPTION (default)
2020-10-14 21:15:47,255 [pool-258-thread-1] INFO  storage.RaftStorageDirectory (RaftStorageDirectory.java:analyzeStorage(261)) - The storage directory /github/workspace/mnt/ozone/hadoop-ozone/integration-test/target/test-dir/MiniOzoneClusterImpl-2e4050b2-a17a-4fa5-be17-26c3c845a162/datanode-6/data/ratis/4c69807f-ca3a-4c6f-8183-51769f462877 does not exist. Creating ...
2020-10-14 21:15:47,257 [pool-258-thread-1] INFO  storage.RaftStorageDirectory (RaftStorageDirectory.java:tryLock(343)) - Lock on /github/workspace/mnt/ozone/hadoop-ozone/integration-test/target/test-dir/MiniOzoneClusterImpl-2e4050b2-a17a-4fa5-be17-26c3c845a162/datanode-6/data/ratis/4c69807f-ca3a-4c6f-8183-51769f462877/in_use.lock acquired by nodename 17135@c0b050688864
2020-10-14 21:15:47,258 [pool-258-thread-1] INFO  storage.RaftStorage (RaftStorage.java:format(84)) - Storage directory /github/workspace/mnt/ozone/hadoop-ozone/integration-test/target/test-dir/MiniOzoneClusterImpl-2e4050b2-a17a-4fa5-be17-26c3c845a162/datanode-6/data/ratis/4c69807f-ca3a-4c6f-8183-51769f462877 has been successfully formatted.
2020-10-14 21:15:47,259 [pool-258-thread-1] INFO  ratis.ContainerStateMachine (ContainerStateMachine.java:loadSnapshot(225)) - group-51769F462877: The snapshot info is null. Setting the last applied indexto:(t:0, i:~)
2020-10-14 21:15:47,259 [pool-258-thread-1] INFO  server.RaftServerConfigKeys (ConfUtils.java:logGet(44)) - raft.server.notification.no-leader.timeout = 300s (custom)
2020-10-14 21:15:47,259 [pool-258-thread-1] INFO  server.RaftServerConfigKeys (ConfUtils.java:logGet(44)) - raft.server.log.use.memory = false (default)
2020-10-14 21:15:47,259 [pool-258-thread-1] INFO  server.RaftServerConfigKeys (ConfUtils.java:logGet(44)) - raft.server.log.purge.gap = 1000000 (custom)
2020-10-14 21:15:47,259 [pool-258-thread-1] INFO  metrics.RatisMetrics (RatisMetrics.java:lambda$create$0(36)) - Creating Metrics Registry : ratis.log_worker.a2749394-0239-4d59-b5c5-6ec7975208db@group-51769F462877
2020-10-14 21:15:47,259 [pool-258-thread-1] INFO  server.RaftServerConfigKeys (ConfUtils.java:logGet(44)) - raft.server.log.appender.buffer.byte-limit = 33554432 (custom)
2020-10-14 21:15:47,259 [pool-258-thread-1] INFO  server.RaftServerConfigKeys (ConfUtils.java:logGet(44)) - raft.server.log.segment.size.max = 1048576 (custom)
2020-10-14 21:15:47,260 [pool-258-thread-1] INFO  server.RaftServerConfigKeys (ConfUtils.java:logGet(44)) - raft.server.log.segment.cache.num.max = 2 (custom)
2020-10-14 21:15:47,260 [pool-258-thread-1] INFO  segmented.SegmentedRaftLogWorker (SegmentedRaftLogWorker.java:<init>(180)) - new a2749394-0239-4d59-b5c5-6ec7975208db@group-51769F462877-SegmentedRaftLogWorker for RaftStorage:Storage Directory /github/workspace/mnt/ozone/hadoop-ozone/integration-test/target/test-dir/MiniOzoneClusterImpl-2e4050b2-a17a-4fa5-be17-26c3c845a162/datanode-6/data/ratis/4c69807f-ca3a-4c6f-8183-51769f462877
2020-10-14 21:15:47,260 [EventQueue-PipelineReportForPipelineReportHandler] INFO  pipeline.PipelineStateManager (PipelineStateManager.java:openPipeline(131)) - Pipeline Pipeline[ Id: 4c69807f-ca3a-4c6f-8183-51769f462877, Nodes: a2749394-0239-4d59-b5c5-6ec7975208db{ip: 172.17.0.2, host: c0b050688864, networkLocation: /default-rack, certSerialId: null}, Type:RATIS, Factor:ONE, State:ALLOCATED, leaderId:a2749394-0239-4d59-b5c5-6ec7975208db, CreationTimestamp2020-10-14T21:15:44.250Z] moved to OPEN state
2020-10-14 21:15:47,260 [EventQueue-OpenPipelineForHealthyPipelineSafeModeRule] INFO  safemode.SCMSafeModeManager (HealthyPipelineSafeModeRule.java:process(129)) - SCM in safe mode. Healthy pipelines reported count is 0, required healthy pipeline reported count is 1
2020-10-14 21:15:47,260 [EventQueue-OpenPipelineForOneReplicaPipelineSafeModeRule] INFO  safemode.SCMSafeModeManager (SCMSafeModeManager.java:validateSafeModeExitRules(214)) - AtleastOneDatanodeReportedRule rule is successfully validated
2020-10-14 21:15:47,260 [pool-258-thread-1] INFO  server.RaftServerConfigKeys (ConfUtils.java:logGet(44)) - raft.server.log.queue.byte-limit = 2147483647 (custom)
2020-10-14 21:15:47,260 [pool-258-thread-1] INFO  server.RaftServerConfigKeys (ConfUtils.java:logGet(44)) - raft.server.log.queue.element-limit = 1024 (custom)
2020-10-14 21:15:47,260 [pool-258-thread-1] INFO  server.RaftServerConfigKeys (ConfUtils.java:logGet(44)) - raft.server.log.segment.size.max = 1048576 (custom)
2020-10-14 21:15:47,261 [pool-258-thread-1] INFO  server.RaftServerConfigKeys (ConfUtils.java:logGet(44)) - raft.server.log.preallocated.size = 16384 (custom)
2020-10-14 21:15:47,261 [pool-258-thread-1] INFO  server.RaftServerConfigKeys (ConfUtils.java:logGet(44)) - raft.server.log.write.buffer.size = 1048576 (custom)
2020-10-14 21:15:47,261 [pool-258-thread-1] INFO  server.RaftServerConfigKeys (ConfUtils.java:logGet(44)) - raft.server.log.force.sync.num = 128 (default)
2020-10-14 21:15:47,261 [pool-258-thread-1] INFO  server.RaftServerConfigKeys (ConfUtils.java:logGet(44)) - raft.server.log.statemachine.data.sync = true (default)
2020-10-14 21:15:47,261 [pool-258-thread-1] INFO  server.RaftServerConfigKeys (ConfUtils.java:logGet(44)) - raft.server.log.statemachine.data.sync.timeout = 10s (default)
2020-10-14 21:15:47,261 [pool-258-thread-1] INFO  server.RaftServerConfigKeys (ConfUtils.java:logGet(44)) - raft.server.log.statemachine.data.sync.timeout.retry = -1 (default)
2020-10-14 21:15:47,263 [pool-258-thread-1] INFO  server.RaftServerConfigKeys (ConfUtils.java:logGet(44)) - raft.server.log.statemachine.data.caching.enabled = true (custom)
2020-10-14 21:15:47,263 [pool-258-thread-1] INFO  segmented.SegmentedRaftLogWorker (SegmentedRaftLogWorker.java:lambda$new$0(129)) - a2749394-0239-4d59-b5c5-6ec7975208db@group-51769F462877-SegmentedRaftLogWorker: flushIndex: setUnconditionally 0 -> -1
2020-10-14 21:15:47,263 [pool-258-thread-1] INFO  segmented.SegmentedRaftLogWorker (SegmentedRaftLogWorker.java:lambda$new$0(129)) - a2749394-0239-4d59-b5c5-6ec7975208db@group-51769F462877-SegmentedRaftLogWorker: safeCacheEvictIndex: setUnconditionally 0 -> -1
2020-10-14 21:15:47,263 [pool-258-thread-1] INFO  server.RaftServerConfigKeys (ConfUtils.java:logGet(44)) - raft.server.snapshot.auto.trigger.enabled = true (custom)
2020-10-14 21:15:47,263 [pool-258-thread-1] INFO  server.RaftServerConfigKeys (ConfUtils.java:logGet(44)) - raft.server.snapshot.auto.trigger.threshold = 10000 (custom)
2020-10-14 21:15:47,263 [pool-258-thread-1] INFO  server.RaftServerConfigKeys (ConfUtils.java:logGet(44)) - raft.server.snapshot.retention.file.num = 5 (custom)
2020-10-14 21:15:47,263 [pool-258-thread-1] INFO  server.RaftServerConfigKeys (ConfUtils.java:logGet(44)) - raft.server.log.purge.upto.snapshot.index = false (default)
2020-10-14 21:15:47,263 [pool-258-thread-1] INFO  server.RaftServerConfigKeys (ConfUtils.java:logGet(44)) - raft.server.retrycache.expirytime = 600000ms (custom)
2020-10-14 21:15:47,263 [pool-258-thread-1] INFO  metrics.RatisMetrics (RatisMetrics.java:lambda$create$0(36)) - Creating Metrics Registry : ratis.leader_election.a2749394-0239-4d59-b5c5-6ec7975208db@group-51769F462877
2020-10-14 21:15:47,264 [pool-258-thread-1] INFO  metrics.RatisMetrics (RatisMetrics.java:lambda$create$0(36)) - Creating Metrics Registry : ratis.server.a2749394-0239-4d59-b5c5-6ec7975208db@group-51769F462877
2020-10-14 21:15:47,265 [pool-258-thread-1] INFO  impl.RaftServerImpl (RaftServerImpl.java:start(209)) - a2749394-0239-4d59-b5c5-6ec7975208db@group-51769F462877: start as a follower, conf=-1: [a2749394-0239-4d59-b5c5-6ec7975208db:172.17.0.2:41507:0], old=null
2020-10-14 21:15:47,265 [pool-258-thread-1] INFO  impl.RaftServerImpl (RaftServerImpl.java:setRole(198)) - a2749394-0239-4d59-b5c5-6ec7975208db@group-51769F462877: changes role from      null to FOLLOWER at term 0 for startAsFollower
2020-10-14 21:15:47,265 [pool-258-thread-1] INFO  impl.RoleInfo (RoleInfo.java:updateAndGet(143)) - a2749394-0239-4d59-b5c5-6ec7975208db: start FollowerState
2020-10-14 21:15:47,265 [pool-258-thread-1] INFO  util.JmxRegister (JmxRegister.java:tryRegister(44)) - Successfully registered JMX Bean with object name Ratis:service=RaftServer,group=group-51769F462877,id=a2749394-0239-4d59-b5c5-6ec7975208db
2020-10-14 21:15:47,265 [pool-258-thread-1] INFO  metrics.RatisMetrics (RatisMetrics.java:lambda$create$0(36)) - Creating Metrics Registry : ratis.state_machine.a2749394-0239-4d59-b5c5-6ec7975208db@group-51769F462877
2020-10-14 21:15:47,267 [Command processor thread] INFO  commandhandler.CreatePipelineCommandHandler (CreatePipelineCommandHandler.java:handle(110)) - Created Pipeline RATIS ONE #id: "4c69807f-ca3a-4c6f-8183-51769f462877"
uuid128 {
  mostSigBits: 5506073305779162223
  leastSigBits: -9114351650947585929
}
.
2020-10-14 21:15:48,239 [Listener at 127.0.0.1/35811] INFO  ozone.MiniOzoneClusterImpl (MiniOzoneClusterImpl.java:lambda$waitForClusterToBeReady$0(177)) - Nodes are ready. Got 7 of 7 DN Heartbeats.
2020-10-14 21:15:48,240 [Listener at 127.0.0.1/35811] INFO  ozone.MiniOzoneClusterImpl (MiniOzoneClusterImpl.java:lambda$waitForClusterToBeReady$0(180)) - Waiting for cluster to exit safe mode
2020-10-14 21:15:49,240 [Listener at 127.0.0.1/35811] INFO  ozone.MiniOzoneClusterImpl (MiniOzoneClusterImpl.java:lambda$waitForClusterToBeReady$0(177)) - Nodes are ready. Got 7 of 7 DN Heartbeats.
2020-10-14 21:15:49,240 [Listener at 127.0.0.1/35811] INFO  ozone.MiniOzoneClusterImpl (MiniOzoneClusterImpl.java:lambda$waitForClusterToBeReady$0(180)) - Waiting for cluster to exit safe mode
2020-10-14 21:15:50,240 [Listener at 127.0.0.1/35811] INFO  ozone.MiniOzoneClusterImpl (MiniOzoneClusterImpl.java:lambda$waitForClusterToBeReady$0(177)) - Nodes are ready. Got 7 of 7 DN Heartbeats.
2020-10-14 21:15:50,241 [Listener at 127.0.0.1/35811] INFO  ozone.MiniOzoneClusterImpl (MiniOzoneClusterImpl.java:lambda$waitForClusterToBeReady$0(180)) - Waiting for cluster to exit safe mode
2020-10-14 21:15:51,241 [Listener at 127.0.0.1/35811] INFO  ozone.MiniOzoneClusterImpl (MiniOzoneClusterImpl.java:lambda$waitForClusterToBeReady$0(177)) - Nodes are ready. Got 7 of 7 DN Heartbeats.
2020-10-14 21:15:51,241 [Listener at 127.0.0.1/35811] INFO  ozone.MiniOzoneClusterImpl (MiniOzoneClusterImpl.java:lambda$waitForClusterToBeReady$0(180)) - Waiting for cluster to exit safe mode
2020-10-14 21:15:51,257 [Thread-592] INFO  impl.FollowerState (FollowerState.java:run(108)) - f76b2cce-c2f6-431b-b1be-2c52678ad1ab@group-912DD3AF3D6E-FollowerState: change to CANDIDATE, lastRpcTime:5081ms, electionTimeout:5080ms
2020-10-14 21:15:51,258 [Thread-592] INFO  impl.RoleInfo (RoleInfo.java:shutdownFollowerState(121)) - f76b2cce-c2f6-431b-b1be-2c52678ad1ab: shutdown FollowerState
2020-10-14 21:15:51,258 [Thread-592] INFO  impl.RaftServerImpl (RaftServerImpl.java:setRole(198)) - f76b2cce-c2f6-431b-b1be-2c52678ad1ab@group-912DD3AF3D6E: changes role from  FOLLOWER to CANDIDATE at term 0 for changeToCandidate
2020-10-14 21:15:51,258 [Thread-592] INFO  impl.RoleInfo (RoleInfo.java:updateAndGet(143)) - f76b2cce-c2f6-431b-b1be-2c52678ad1ab: start LeaderElection
2020-10-14 21:15:51,269 [f76b2cce-c2f6-431b-b1be-2c52678ad1ab@group-912DD3AF3D6E-LeaderElection14] INFO  impl.LeaderElection (LeaderElection.java:askForVotes(210)) - f76b2cce-c2f6-431b-b1be-2c52678ad1ab@group-912DD3AF3D6E-LeaderElection14: begin an election at term 1 for -1: [f76b2cce-c2f6-431b-b1be-2c52678ad1ab:172.17.0.2:35837:0, 76ae9a49-516f-47a3-983c-b12a499d08c9:172.17.0.2:37219:0, c9269502-d4ee-4905-9113-8d8748841615:172.17.0.2:34709:0], old=null
2020-10-14 21:15:51,277 [grpc-default-executor-1] INFO  metrics.RatisMetrics (RatisMetrics.java:lambda$create$0(36)) - Creating Metrics Registry : ratis.server_message_metrics.c9269502-d4ee-4905-9113-8d8748841615
2020-10-14 21:15:51,278 [Thread-590] INFO  impl.FollowerState (FollowerState.java:run(108)) - c9269502-d4ee-4905-9113-8d8748841615@group-912DD3AF3D6E-FollowerState: change to CANDIDATE, lastRpcTime:5130ms, electionTimeout:5130ms
2020-10-14 21:15:51,279 [Thread-590] INFO  impl.RoleInfo (RoleInfo.java:shutdownFollowerState(121)) - c9269502-d4ee-4905-9113-8d8748841615: shutdown FollowerState
2020-10-14 21:15:51,279 [Thread-590] INFO  impl.RaftServerImpl (RaftServerImpl.java:setRole(198)) - c9269502-d4ee-4905-9113-8d8748841615@group-912DD3AF3D6E: changes role from  FOLLOWER to CANDIDATE at term 0 for changeToCandidate
2020-10-14 21:15:51,279 [Thread-590] INFO  impl.RoleInfo (RoleInfo.java:updateAndGet(143)) - c9269502-d4ee-4905-9113-8d8748841615: start LeaderElection
2020-10-14 21:15:51,288 [grpc-default-executor-1] INFO  impl.RaftServerImpl (RaftServerImpl.java:setRole(198)) - c9269502-d4ee-4905-9113-8d8748841615@group-912DD3AF3D6E: changes role from CANDIDATE to FOLLOWER at term 1 for recognizeCandidate:f76b2cce-c2f6-431b-b1be-2c52678ad1ab
2020-10-14 21:15:51,289 [grpc-default-executor-1] INFO  impl.RoleInfo (RoleInfo.java:shutdownLeaderElection(134)) - c9269502-d4ee-4905-9113-8d8748841615: shutdown LeaderElection
2020-10-14 21:15:51,289 [grpc-default-executor-1] INFO  impl.RoleInfo (RoleInfo.java:updateAndGet(143)) - c9269502-d4ee-4905-9113-8d8748841615: start FollowerState
2020-10-14 21:15:51,291 [c9269502-d4ee-4905-9113-8d8748841615@group-912DD3AF3D6E-LeaderElection15] INFO  impl.LeaderElection (LeaderElection.java:run(156)) - c9269502-d4ee-4905-9113-8d8748841615@group-912DD3AF3D6E-LeaderElection15: skip running since this is already CLOSING
2020-10-14 21:15:51,296 [grpc-default-executor-3] INFO  impl.RaftServerImpl (RaftServerImpl.java:setRole(198)) - 76ae9a49-516f-47a3-983c-b12a499d08c9@group-912DD3AF3D6E: changes role from  FOLLOWER to FOLLOWER at term 1 for recognizeCandidate:f76b2cce-c2f6-431b-b1be-2c52678ad1ab
2020-10-14 21:15:51,297 [grpc-default-executor-3] INFO  impl.RoleInfo (RoleInfo.java:shutdownFollowerState(121)) - 76ae9a49-516f-47a3-983c-b12a499d08c9: shutdown FollowerState
2020-10-14 21:15:51,297 [grpc-default-executor-3] INFO  impl.RoleInfo (RoleInfo.java:updateAndGet(143)) - 76ae9a49-516f-47a3-983c-b12a499d08c9: start FollowerState
2020-10-14 21:15:51,297 [Thread-595] INFO  impl.FollowerState (FollowerState.java:run(117)) - 76ae9a49-516f-47a3-983c-b12a499d08c9@group-912DD3AF3D6E-FollowerState was interrupted: java.lang.InterruptedException: sleep interrupted
2020-10-14 21:15:51,300 [grpc-default-executor-3] INFO  impl.RaftServerImpl (RaftServerImpl.java:requestVote(923)) -  FOLLOWER 76ae9a49-516f-47a3-983c-b12a499d08c9@group-912DD3AF3D6E:t1, leader=null, voted=null, raftlog=76ae9a49-516f-47a3-983c-b12a499d08c9@group-912DD3AF3D6E-SegmentedRaftLog:OPENED:c-1,f-1,i0, conf=-1: [f76b2cce-c2f6-431b-b1be-2c52678ad1ab:172.17.0.2:35837:0, 76ae9a49-516f-47a3-983c-b12a499d08c9:172.17.0.2:37219:0, c9269502-d4ee-4905-9113-8d8748841615:172.17.0.2:34709:0], old=null RUNNING priority:0 candidate:f76b2cce-c2f6-431b-b1be-2c52678ad1ab:172.17.0.2:35837:0 candidatePriority:0 compare:0
2020-10-14 21:15:51,303 [f76b2cce-c2f6-431b-b1be-2c52678ad1ab@group-912DD3AF3D6E-LeaderElection14] INFO  impl.LeaderElection (LeaderElection.java:logAndReturn(62)) - f76b2cce-c2f6-431b-b1be-2c52678ad1ab@group-912DD3AF3D6E-LeaderElection14: Election PASSED; received 2 response(s) [f76b2cce-c2f6-431b-b1be-2c52678ad1ab<-c9269502-d4ee-4905-9113-8d8748841615#0:FAIL-t1, f76b2cce-c2f6-431b-b1be-2c52678ad1ab<-76ae9a49-516f-47a3-983c-b12a499d08c9#0:OK-t1] and 0 exception(s); f76b2cce-c2f6-431b-b1be-2c52678ad1ab@group-912DD3AF3D6E:t1, leader=null, voted=f76b2cce-c2f6-431b-b1be-2c52678ad1ab, raftlog=f76b2cce-c2f6-431b-b1be-2c52678ad1ab@group-912DD3AF3D6E-SegmentedRaftLog:OPENED:c-1,f-1,i0, conf=-1: [f76b2cce-c2f6-431b-b1be-2c52678ad1ab:172.17.0.2:35837:0, 76ae9a49-516f-47a3-983c-b12a499d08c9:172.17.0.2:37219:0, c9269502-d4ee-4905-9113-8d8748841615:172.17.0.2:34709:0], old=null
2020-10-14 21:15:51,303 [f76b2cce-c2f6-431b-b1be-2c52678ad1ab@group-912DD3AF3D6E-LeaderElection14] INFO  impl.RoleInfo (RoleInfo.java:shutdownLeaderElection(134)) - f76b2cce-c2f6-431b-b1be-2c52678ad1ab: shutdown LeaderElection
2020-10-14 21:15:51,303 [f76b2cce-c2f6-431b-b1be-2c52678ad1ab@group-912DD3AF3D6E-LeaderElection14] INFO  impl.RaftServerImpl (RaftServerImpl.java:setRole(198)) - f76b2cce-c2f6-431b-b1be-2c52678ad1ab@group-912DD3AF3D6E: changes role from CANDIDATE to LEADER at term 1 for changeToLeader
2020-10-14 21:15:51,303 [f76b2cce-c2f6-431b-b1be-2c52678ad1ab@group-912DD3AF3D6E-LeaderElection14] INFO  ratis.XceiverServerRatis (XceiverServerRatis.java:handleLeaderChangedNotification(822)) - Leader change notification received for group: group-912DD3AF3D6E with new leaderId: f76b2cce-c2f6-431b-b1be-2c52678ad1ab
2020-10-14 21:15:51,303 [f76b2cce-c2f6-431b-b1be-2c52678ad1ab@group-912DD3AF3D6E-LeaderElection14] INFO  impl.RaftServerImpl (ServerState.java:setLeader(256)) - f76b2cce-c2f6-431b-b1be-2c52678ad1ab@group-912DD3AF3D6E: change Leader from null to f76b2cce-c2f6-431b-b1be-2c52678ad1ab at term 1 for becomeLeader, leader elected after 5133ms
2020-10-14 21:15:51,304 [f76b2cce-c2f6-431b-b1be-2c52678ad1ab@group-912DD3AF3D6E-LeaderElection14] INFO  server.RaftServerConfigKeys (ConfUtils.java:logGet(44)) - raft.server.staging.catchup.gap = 1000 (default)
2020-10-14 21:15:51,304 [f76b2cce-c2f6-431b-b1be-2c52678ad1ab@group-912DD3AF3D6E-LeaderElection14] INFO  server.RaftServerConfigKeys (ConfUtils.java:logGet(44)) - raft.server.rpc.sleep.time = 25ms (default)
2020-10-14 21:15:51,304 [f76b2cce-c2f6-431b-b1be-2c52678ad1ab@group-912DD3AF3D6E-LeaderElection14] INFO  metrics.RatisMetrics (RatisMetrics.java:lambda$create$0(36)) - Creating Metrics Registry : ratis.log_appender.f76b2cce-c2f6-431b-b1be-2c52678ad1ab@group-912DD3AF3D6E
2020-10-14 21:15:51,304 [f76b2cce-c2f6-431b-b1be-2c52678ad1ab@group-912DD3AF3D6E-LeaderElection14] INFO  server.RaftServerConfigKeys (ConfUtils.java:logGet(44)) - raft.server.write.element-limit = 1024 (custom)
2020-10-14 21:15:51,304 [f76b2cce-c2f6-431b-b1be-2c52678ad1ab@group-912DD3AF3D6E-LeaderElection14] INFO  server.RaftServerConfigKeys (ConfUtils.java:logGet(44)) - raft.server.write.byte-limit = 1073741824 (custom)
2020-10-14 21:15:51,305 [f76b2cce-c2f6-431b-b1be-2c52678ad1ab@group-912DD3AF3D6E-LeaderElection14] INFO  server.RaftServerConfigKeys (ConfUtils.java:logGet(44)) - raft.server.watch.timeout = 180s (custom)
2020-10-14 21:15:51,305 [f76b2cce-c2f6-431b-b1be-2c52678ad1ab@group-912DD3AF3D6E-LeaderElection14] INFO  server.RaftServerConfigKeys (ConfUtils.java:logGet(44)) - raft.server.watch.timeout.denomination = 1s (default)
2020-10-14 21:15:51,305 [f76b2cce-c2f6-431b-b1be-2c52678ad1ab@group-912DD3AF3D6E-LeaderElection14] INFO  server.RaftServerConfigKeys (ConfUtils.java:logGet(44)) - raft.server.watch.element-limit = 65536 (default)
2020-10-14 21:15:51,305 [f76b2cce-c2f6-431b-b1be-2c52678ad1ab@group-912DD3AF3D6E-LeaderElection14] INFO  server.RaftServerConfigKeys (ConfUtils.java:logGet(44)) - raft.server.log.appender.snapshot.chunk.size.max = 16MB (=16777216) (default)
2020-10-14 21:15:51,305 [f76b2cce-c2f6-431b-b1be-2c52678ad1ab@group-912DD3AF3D6E-LeaderElection14] INFO  server.RaftServerConfigKeys (ConfUtils.java:logGet(44)) - raft.server.log.appender.buffer.byte-limit = 33554432 (custom)
2020-10-14 21:15:51,305 [f76b2cce-c2f6-431b-b1be-2c52678ad1ab@group-912DD3AF3D6E-LeaderElection14] INFO  server.RaftServerConfigKeys (ConfUtils.java:logGet(44)) - raft.server.log.appender.buffer.element-limit = 1 (custom)
2020-10-14 21:15:51,305 [f76b2cce-c2f6-431b-b1be-2c52678ad1ab@group-912DD3AF3D6E-LeaderElection14] INFO  grpc.GrpcConfigKeys (ConfUtils.java:logGet(44)) - raft.grpc.server.leader.outstanding.appends.max = 128 (default)
2020-10-14 21:15:51,305 [Thread-598] INFO  impl.FollowerState (FollowerState.java:run(108)) - f76b2cce-c2f6-431b-b1be-2c52678ad1ab@group-F8DFEF0FB6F2-FollowerState: change to CANDIDATE, lastRpcTime:5003ms, electionTimeout:5003ms
2020-10-14 21:15:51,306 [Thread-598] INFO  impl.RoleInfo (RoleInfo.java:shutdownFollowerState(121)) - f76b2cce-c2f6-431b-b1be-2c52678ad1ab: shutdown FollowerState
2020-10-14 21:15:51,306 [Thread-598] INFO  impl.RaftServerImpl (RaftServerImpl.java:setRole(198)) - f76b2cce-c2f6-431b-b1be-2c52678ad1ab@group-F8DFEF0FB6F2: changes role from  FOLLOWER to CANDIDATE at term 0 for changeToCandidate
2020-10-14 21:15:51,306 [Thread-598] INFO  impl.RoleInfo (RoleInfo.java:updateAndGet(143)) - f76b2cce-c2f6-431b-b1be-2c52678ad1ab: start LeaderElection
2020-10-14 21:15:51,307 [f76b2cce-c2f6-431b-b1be-2c52678ad1ab@group-912DD3AF3D6E-LeaderElection14] INFO  server.RaftServerConfigKeys (ConfUtils.java:logGet(44)) - raft.server.rpc.request.timeout = 60s (custom)
2020-10-14 21:15:51,307 [EventQueue-PipelineReportForPipelineReportHandler] INFO  pipeline.PipelineStateManager (PipelineStateManager.java:openPipeline(131)) - Pipeline Pipeline[ Id: fdfcd7ae-b040-4762-be1a-912dd3af3d6e, Nodes: f76b2cce-c2f6-431b-b1be-2c52678ad1ab{ip: 172.17.0.2, host: c0b050688864, networkLocation: /default-rack, certSerialId: null}76ae9a49-516f-47a3-983c-b12a499d08c9{ip: 172.17.0.2, host: c0b050688864, networkLocation: /default-rack, certSerialId: null}c9269502-d4ee-4905-9113-8d8748841615{ip: 172.17.0.2, host: c0b050688864, networkLocation: /default-rack, certSerialId: null}, Type:RATIS, Factor:THREE, State:ALLOCATED, leaderId:f76b2cce-c2f6-431b-b1be-2c52678ad1ab, CreationTimestamp2020-10-14T21:15:43.501Z] moved to OPEN state
2020-10-14 21:15:51,308 [EventQueue-OpenPipelineForHealthyPipelineSafeModeRule] INFO  safemode.SCMSafeModeManager (HealthyPipelineSafeModeRule.java:process(129)) - SCM in safe mode. Healthy pipelines reported count is 1, required healthy pipeline reported count is 1
2020-10-14 21:15:51,308 [EventQueue-OpenPipelineForHealthyPipelineSafeModeRule] INFO  safemode.SCMSafeModeManager (SCMSafeModeManager.java:validateSafeModeExitRules(214)) - HealthyPipelineSafeModeRule rule is successfully validated
2020-10-14 21:15:51,308 [EventQueue-OpenPipelineForHealthyPipelineSafeModeRule] INFO  safemode.SCMSafeModeManager (SCMSafeModeManager.java:validateSafeModeExitRules(228)) - ScmSafeModeManager, all rules are successfully validated
2020-10-14 21:15:51,308 [EventQueue-OpenPipelineForHealthyPipelineSafeModeRule] INFO  safemode.SCMSafeModeManager (SCMSafeModeManager.java:exitSafeMode(257)) - SCM exiting safe mode.
2020-10-14 21:15:51,307 [f76b2cce-c2f6-431b-b1be-2c52678ad1ab@group-912DD3AF3D6E-LeaderElection14] INFO  server.RaftServerConfigKeys (ConfUtils.java:logGet(44)) - raft.server.log.appender.install.snapshot.enabled = false (custom)
2020-10-14 21:15:51,309 [f76b2cce-c2f6-431b-b1be-2c52678ad1ab@group-912DD3AF3D6E-LeaderElection14] INFO  metrics.RatisMetrics (RatisMetrics.java:lambda$create$0(36)) - Creating Metrics Registry : ratis_grpc.log_appender.f76b2cce-c2f6-431b-b1be-2c52678ad1ab@group-912DD3AF3D6E
2020-10-14 21:15:51,310 [f76b2cce-c2f6-431b-b1be-2c52678ad1ab@group-912DD3AF3D6E-LeaderElection14] INFO  server.RaftServerConfigKeys (ConfUtils.java:logGet(44)) - raft.server.log.appender.snapshot.chunk.size.max = 16MB (=16777216) (default)
2020-10-14 21:15:51,310 [f76b2cce-c2f6-431b-b1be-2c52678ad1ab@group-912DD3AF3D6E-LeaderElection14] INFO  server.RaftServerConfigKeys (ConfUtils.java:logGet(44)) - raft.server.log.appender.buffer.byte-limit = 33554432 (custom)
2020-10-14 21:15:51,310 [f76b2cce-c2f6-431b-b1be-2c52678ad1ab@group-912DD3AF3D6E-LeaderElection14] INFO  server.RaftServerConfigKeys (ConfUtils.java:logGet(44)) - raft.server.log.appender.buffer.element-limit = 1 (custom)
2020-10-14 21:15:51,311 [f76b2cce-c2f6-431b-b1be-2c52678ad1ab@group-912DD3AF3D6E-LeaderElection14] INFO  grpc.GrpcConfigKeys (ConfUtils.java:logGet(44)) - raft.grpc.server.leader.outstanding.appends.max = 128 (default)
2020-10-14 21:15:51,311 [f76b2cce-c2f6-431b-b1be-2c52678ad1ab@group-912DD3AF3D6E-LeaderElection14] INFO  server.RaftServerConfigKeys (ConfUtils.java:logGet(44)) - raft.server.rpc.request.timeout = 60s (custom)
2020-10-14 21:15:51,311 [f76b2cce-c2f6-431b-b1be-2c52678ad1ab@group-912DD3AF3D6E-LeaderElection14] INFO  server.RaftServerConfigKeys (ConfUtils.java:logGet(44)) - raft.server.log.appender.install.snapshot.enabled = false (custom)
2020-10-14 21:15:51,312 [f76b2cce-c2f6-431b-b1be-2c52678ad1ab@group-912DD3AF3D6E-LeaderElection14] INFO  impl.RoleInfo (RoleInfo.java:updateAndGet(143)) - f76b2cce-c2f6-431b-b1be-2c52678ad1ab: start LeaderState
2020-10-14 21:15:51,312 [f76b2cce-c2f6-431b-b1be-2c52678ad1ab@group-912DD3AF3D6E-LeaderElection14] INFO  segmented.SegmentedRaftLogWorker (SegmentedRaftLogWorker.java:startLogSegment(397)) - f76b2cce-c2f6-431b-b1be-2c52678ad1ab@group-912DD3AF3D6E-SegmentedRaftLogWorker: Starting segment from index:0
2020-10-14 21:15:51,314 [f76b2cce-c2f6-431b-b1be-2c52678ad1ab@group-912DD3AF3D6E-SegmentedRaftLogWorker] INFO  segmented.SegmentedRaftLogWorker (SegmentedRaftLogWorker.java:execute(596)) - f76b2cce-c2f6-431b-b1be-2c52678ad1ab@group-912DD3AF3D6E-SegmentedRaftLogWorker: created new log segment /github/workspace/mnt/ozone/hadoop-ozone/integration-test/target/test-dir/MiniOzoneClusterImpl-2e4050b2-a17a-4fa5-be17-26c3c845a162/datanode-1/data/ratis/fdfcd7ae-b040-4762-be1a-912dd3af3d6e/current/log_inprogress_0
2020-10-14 21:15:51,315 [f76b2cce-c2f6-431b-b1be-2c52678ad1ab@group-912DD3AF3D6E-LeaderElection14] INFO  impl.RaftServerImpl (ServerState.java:setRaftConf(374)) - f76b2cce-c2f6-431b-b1be-2c52678ad1ab@group-912DD3AF3D6E: set configuration 0: [f76b2cce-c2f6-431b-b1be-2c52678ad1ab:172.17.0.2:35837:0, 76ae9a49-516f-47a3-983c-b12a499d08c9:172.17.0.2:37219:0, c9269502-d4ee-4905-9113-8d8748841615:172.17.0.2:34709:0], old=null at 0
2020-10-14 21:15:51,321 [f76b2cce-c2f6-431b-b1be-2c52678ad1ab@group-F8DFEF0FB6F2-LeaderElection16] INFO  impl.LeaderElection (LeaderElection.java:askForVotes(210)) - f76b2cce-c2f6-431b-b1be-2c52678ad1ab@group-F8DFEF0FB6F2-LeaderElection16: begin an election at term 1 for -1: [f76b2cce-c2f6-431b-b1be-2c52678ad1ab:172.17.0.2:35837:0], old=null
2020-10-14 21:15:51,321 [f76b2cce-c2f6-431b-b1be-2c52678ad1ab@group-F8DFEF0FB6F2-LeaderElection16] INFO  impl.RoleInfo (RoleInfo.java:shutdownLeaderElection(134)) - f76b2cce-c2f6-431b-b1be-2c52678ad1ab: shutdown LeaderElection
2020-10-14 21:15:51,321 [f76b2cce-c2f6-431b-b1be-2c52678ad1ab@group-F8DFEF0FB6F2-LeaderElection16] INFO  impl.RaftServerImpl (RaftServerImpl.java:setRole(198)) - f76b2cce-c2f6-431b-b1be-2c52678ad1ab@group-F8DFEF0FB6F2: changes role from CANDIDATE to LEADER at term 1 for changeToLeader
2020-10-14 21:15:51,321 [f76b2cce-c2f6-431b-b1be-2c52678ad1ab@group-F8DFEF0FB6F2-LeaderElection16] INFO  ratis.XceiverServerRatis (XceiverServerRatis.java:handleLeaderChangedNotification(822)) - Leader change notification received for group: group-F8DFEF0FB6F2 with new leaderId: f76b2cce-c2f6-431b-b1be-2c52678ad1ab
2020-10-14 21:15:51,322 [f76b2cce-c2f6-431b-b1be-2c52678ad1ab@group-F8DFEF0FB6F2-LeaderElection16] INFO  impl.RaftServerImpl (ServerState.java:setLeader(256)) - f76b2cce-c2f6-431b-b1be-2c52678ad1ab@group-F8DFEF0FB6F2: change Leader from null to f76b2cce-c2f6-431b-b1be-2c52678ad1ab at term 1 for becomeLeader, leader elected after 5027ms
2020-10-14 21:15:51,322 [f76b2cce-c2f6-431b-b1be-2c52678ad1ab@group-F8DFEF0FB6F2-LeaderElection16] INFO  server.RaftServerConfigKeys (ConfUtils.java:logGet(44)) - raft.server.staging.catchup.gap = 1000 (default)
2020-10-14 21:15:51,322 [f76b2cce-c2f6-431b-b1be-2c52678ad1ab@group-F8DFEF0FB6F2-LeaderElection16] INFO  server.RaftServerConfigKeys (ConfUtils.java:logGet(44)) - raft.server.rpc.sleep.time = 25ms (default)
2020-10-14 21:15:51,322 [f76b2cce-c2f6-431b-b1be-2c52678ad1ab@group-F8DFEF0FB6F2-LeaderElection16] INFO  metrics.RatisMetrics (RatisMetrics.java:lambda$create$0(36)) - Creating Metrics Registry : ratis.log_appender.f76b2cce-c2f6-431b-b1be-2c52678ad1ab@group-F8DFEF0FB6F2
2020-10-14 21:15:51,322 [f76b2cce-c2f6-431b-b1be-2c52678ad1ab@group-F8DFEF0FB6F2-LeaderElection16] INFO  server.RaftServerConfigKeys (ConfUtils.java:logGet(44)) - raft.server.write.element-limit = 1024 (custom)
2020-10-14 21:15:51,322 [f76b2cce-c2f6-431b-b1be-2c52678ad1ab@group-F8DFEF0FB6F2-LeaderElection16] INFO  server.RaftServerConfigKeys (ConfUtils.java:logGet(44)) - raft.server.write.byte-limit = 1073741824 (custom)
2020-10-14 21:15:51,323 [Thread-588] INFO  impl.FollowerState (FollowerState.java:run(108)) - c9269502-d4ee-4905-9113-8d8748841615@group-1081760DC0BF-FollowerState: change to CANDIDATE, lastRpcTime:5194ms, electionTimeout:5188ms
2020-10-14 21:15:51,326 [Thread-588] INFO  impl.RoleInfo (RoleInfo.java:shutdownFollowerState(121)) - c9269502-d4ee-4905-9113-8d8748841615: shutdown FollowerState
2020-10-14 21:15:51,326 [Thread-588] INFO  impl.RaftServerImpl (RaftServerImpl.java:setRole(198)) - c9269502-d4ee-4905-9113-8d8748841615@group-1081760DC0BF: changes role from  FOLLOWER to CANDIDATE at term 0 for changeToCandidate
2020-10-14 21:15:51,326 [Thread-588] INFO  impl.RoleInfo (RoleInfo.java:updateAndGet(143)) - c9269502-d4ee-4905-9113-8d8748841615: start LeaderElection
2020-10-14 21:15:51,328 [grpc-default-executor-3] INFO  ratis.XceiverServerRatis (XceiverServerRatis.java:handleLeaderChangedNotification(822)) - Leader change notification received for group: group-912DD3AF3D6E with new leaderId: f76b2cce-c2f6-431b-b1be-2c52678ad1ab
2020-10-14 21:15:51,328 [grpc-default-executor-3] INFO  impl.RaftServerImpl (ServerState.java:setLeader(256)) - 76ae9a49-516f-47a3-983c-b12a499d08c9@group-912DD3AF3D6E: change Leader from null to f76b2cce-c2f6-431b-b1be-2c52678ad1ab at term 1 for appendEntries, leader elected after 5123ms
2020-10-14 21:15:51,329 [f76b2cce-c2f6-431b-b1be-2c52678ad1ab@group-F8DFEF0FB6F2-LeaderElection16] INFO  server.RaftServerConfigKeys (ConfUtils.java:logGet(44)) - raft.server.watch.timeout = 180s (custom)
2020-10-14 21:15:51,329 [f76b2cce-c2f6-431b-b1be-2c52678ad1ab@group-F8DFEF0FB6F2-LeaderElection16] INFO  server.RaftServerConfigKeys (ConfUtils.java:logGet(44)) - raft.server.watch.timeout.denomination = 1s (default)
2020-10-14 21:15:51,329 [f76b2cce-c2f6-431b-b1be-2c52678ad1ab@group-F8DFEF0FB6F2-LeaderElection16] INFO  server.RaftServerConfigKeys (ConfUtils.java:logGet(44)) - raft.server.watch.element-limit = 65536 (default)
2020-10-14 21:15:51,329 [f76b2cce-c2f6-431b-b1be-2c52678ad1ab@group-F8DFEF0FB6F2-LeaderElection16] INFO  impl.RoleInfo (RoleInfo.java:updateAndGet(143)) - f76b2cce-c2f6-431b-b1be-2c52678ad1ab: start LeaderState
2020-10-14 21:15:51,329 [f76b2cce-c2f6-431b-b1be-2c52678ad1ab@group-F8DFEF0FB6F2-LeaderElection16] INFO  segmented.SegmentedRaftLogWorker (SegmentedRaftLogWorker.java:startLogSegment(397)) - f76b2cce-c2f6-431b-b1be-2c52678ad1ab@group-F8DFEF0FB6F2-SegmentedRaftLogWorker: Starting segment from index:0
2020-10-14 21:15:51,331 [grpc-default-executor-1] INFO  ratis.XceiverServerRatis (XceiverServerRatis.java:handleLeaderChangedNotification(822)) - Leader change notification received for group: group-912DD3AF3D6E with new leaderId: f76b2cce-c2f6-431b-b1be-2c52678ad1ab
2020-10-14 21:15:51,332 [grpc-default-executor-1] INFO  impl.RaftServerImpl (ServerState.java:setLeader(256)) - c9269502-d4ee-4905-9113-8d8748841615@group-912DD3AF3D6E: change Leader from null to f76b2cce-c2f6-431b-b1be-2c52678ad1ab at term 1 for appendEntries, leader elected after 5190ms
2020-10-14 21:15:51,336 [f76b2cce-c2f6-431b-b1be-2c52678ad1ab@group-F8DFEF0FB6F2-LeaderElection16] INFO  impl.RaftServerImpl (ServerState.java:setRaftConf(374)) - f76b2cce-c2f6-431b-b1be-2c52678ad1ab@group-F8DFEF0FB6F2: set configuration 0: [f76b2cce-c2f6-431b-b1be-2c52678ad1ab:172.17.0.2:35837:0], old=null at 0
2020-10-14 21:15:51,343 [f76b2cce-c2f6-431b-b1be-2c52678ad1ab@group-F8DFEF0FB6F2-SegmentedRaftLogWorker] INFO  segmented.SegmentedRaftLogWorker (SegmentedRaftLogWorker.java:execute(596)) - f76b2cce-c2f6-431b-b1be-2c52678ad1ab@group-F8DFEF0FB6F2-SegmentedRaftLogWorker: created new log segment /github/workspace/mnt/ozone/hadoop-ozone/integration-test/target/test-dir/MiniOzoneClusterImpl-2e4050b2-a17a-4fa5-be17-26c3c845a162/datanode-1/data/ratis/cc1fb8ae-7b36-4e83-86d9-f8dfef0fb6f2/current/log_inprogress_0
2020-10-14 21:15:51,346 [c9269502-d4ee-4905-9113-8d8748841615@group-1081760DC0BF-LeaderElection17] INFO  impl.LeaderElection (LeaderElection.java:askForVotes(210)) - c9269502-d4ee-4905-9113-8d8748841615@group-1081760DC0BF-LeaderElection17: begin an election at term 1 for -1: [c9269502-d4ee-4905-9113-8d8748841615:172.17.0.2:34709:0], old=null
2020-10-14 21:15:51,346 [c9269502-d4ee-4905-9113-8d8748841615@group-1081760DC0BF-LeaderElection17] INFO  impl.RoleInfo (RoleInfo.java:shutdownLeaderElection(134)) - c9269502-d4ee-4905-9113-8d8748841615: shutdown LeaderElection
2020-10-14 21:15:51,346 [c9269502-d4ee-4905-9113-8d8748841615@group-1081760DC0BF-LeaderElection17] INFO  impl.RaftServerImpl (RaftServerImpl.java:setRole(198)) - c9269502-d4ee-4905-9113-8d8748841615@group-1081760DC0BF: changes role from CANDIDATE to LEADER at term 1 for changeToLeader
2020-10-14 21:15:51,346 [c9269502-d4ee-4905-9113-8d8748841615@group-1081760DC0BF-LeaderElection17] INFO  ratis.XceiverServerRatis (XceiverServerRatis.java:handleLeaderChangedNotification(822)) - Leader change notification received for group: group-1081760DC0BF with new leaderId: c9269502-d4ee-4905-9113-8d8748841615
2020-10-14 21:15:51,348 [c9269502-d4ee-4905-9113-8d8748841615@group-1081760DC0BF-LeaderElection17] INFO  impl.RaftServerImpl (ServerState.java:setLeader(256)) - c9269502-d4ee-4905-9113-8d8748841615@group-1081760DC0BF: change Leader from null to c9269502-d4ee-4905-9113-8d8748841615 at term 1 for becomeLeader, leader elected after 5225ms
2020-10-14 21:15:51,348 [grpc-default-executor-0] INFO  impl.RaftServerImpl (ServerState.java:setRaftConf(374)) - c9269502-d4ee-4905-9113-8d8748841615@group-912DD3AF3D6E: set configuration 0: [f76b2cce-c2f6-431b-b1be-2c52678ad1ab:172.17.0.2:35837:0, 76ae9a49-516f-47a3-983c-b12a499d08c9:172.17.0.2:37219:0, c9269502-d4ee-4905-9113-8d8748841615:172.17.0.2:34709:0], old=null at 0
2020-10-14 21:15:51,349 [grpc-default-executor-1] INFO  impl.RaftServerImpl (ServerState.java:setRaftConf(374)) - 76ae9a49-516f-47a3-983c-b12a499d08c9@group-912DD3AF3D6E: set configuration 0: [f76b2cce-c2f6-431b-b1be-2c52678ad1ab:172.17.0.2:35837:0, 76ae9a49-516f-47a3-983c-b12a499d08c9:172.17.0.2:37219:0, c9269502-d4ee-4905-9113-8d8748841615:172.17.0.2:34709:0], old=null at 0
2020-10-14 21:15:51,352 [c9269502-d4ee-4905-9113-8d8748841615@group-1081760DC0BF-LeaderElection17] INFO  server.RaftServerConfigKeys (ConfUtils.java:logGet(44)) - raft.server.staging.catchup.gap = 1000 (default)
2020-10-14 21:15:51,353 [c9269502-d4ee-4905-9113-8d8748841615@group-1081760DC0BF-LeaderElection17] INFO  server.RaftServerConfigKeys (ConfUtils.java:logGet(44)) - raft.server.rpc.sleep.time = 25ms (default)
2020-10-14 21:15:51,353 [c9269502-d4ee-4905-9113-8d8748841615@group-1081760DC0BF-LeaderElection17] INFO  metrics.RatisMetrics (RatisMetrics.java:lambda$create$0(36)) - Creating Metrics Registry : ratis.log_appender.c9269502-d4ee-4905-9113-8d8748841615@group-1081760DC0BF
2020-10-14 21:15:51,353 [c9269502-d4ee-4905-9113-8d8748841615@group-1081760DC0BF-LeaderElection17] INFO  server.RaftServerConfigKeys (ConfUtils.java:logGet(44)) - raft.server.write.element-limit = 1024 (custom)
2020-10-14 21:15:51,353 [c9269502-d4ee-4905-9113-8d8748841615@group-1081760DC0BF-LeaderElection17] INFO  server.RaftServerConfigKeys (ConfUtils.java:logGet(44)) - raft.server.write.byte-limit = 1073741824 (custom)
2020-10-14 21:15:51,359 [grpc-default-executor-0] INFO  segmented.SegmentedRaftLogWorker (SegmentedRaftLogWorker.java:startLogSegment(397)) - c9269502-d4ee-4905-9113-8d8748841615@group-912DD3AF3D6E-SegmentedRaftLogWorker: Starting segment from index:0
2020-10-14 21:15:51,360 [grpc-default-executor-1] INFO  segmented.SegmentedRaftLogWorker (SegmentedRaftLogWorker.java:startLogSegment(397)) - 76ae9a49-516f-47a3-983c-b12a499d08c9@group-912DD3AF3D6E-SegmentedRaftLogWorker: Starting segment from index:0
2020-10-14 21:15:51,362 [c9269502-d4ee-4905-9113-8d8748841615@group-1081760DC0BF-LeaderElection17] INFO  server.RaftServerConfigKeys (ConfUtils.java:logGet(44)) - raft.server.watch.timeout = 180s (custom)
2020-10-14 21:15:51,362 [c9269502-d4ee-4905-9113-8d8748841615@group-1081760DC0BF-LeaderElection17] INFO  server.RaftServerConfigKeys (ConfUtils.java:logGet(44)) - raft.server.watch.timeout.denomination = 1s (default)
2020-10-14 21:15:51,362 [c9269502-d4ee-4905-9113-8d8748841615@group-1081760DC0BF-LeaderElection17] INFO  server.RaftServerConfigKeys (ConfUtils.java:logGet(44)) - raft.server.watch.element-limit = 65536 (default)
2020-10-14 21:15:51,362 [c9269502-d4ee-4905-9113-8d8748841615@group-1081760DC0BF-LeaderElection17] INFO  impl.RoleInfo (RoleInfo.java:updateAndGet(143)) - c9269502-d4ee-4905-9113-8d8748841615: start LeaderState
2020-10-14 21:15:51,362 [c9269502-d4ee-4905-9113-8d8748841615@group-912DD3AF3D6E-SegmentedRaftLogWorker] INFO  segmented.SegmentedRaftLogWorker (SegmentedRaftLogWorker.java:execute(596)) - c9269502-d4ee-4905-9113-8d8748841615@group-912DD3AF3D6E-SegmentedRaftLogWorker: created new log segment /github/workspace/mnt/ozone/hadoop-ozone/integration-test/target/test-dir/MiniOzoneClusterImpl-2e4050b2-a17a-4fa5-be17-26c3c845a162/datanode-0/data/ratis/fdfcd7ae-b040-4762-be1a-912dd3af3d6e/current/log_inprogress_0
2020-10-14 21:15:51,362 [76ae9a49-516f-47a3-983c-b12a499d08c9@group-912DD3AF3D6E-SegmentedRaftLogWorker] INFO  segmented.SegmentedRaftLogWorker (SegmentedRaftLogWorker.java:execute(596)) - 76ae9a49-516f-47a3-983c-b12a499d08c9@group-912DD3AF3D6E-SegmentedRaftLogWorker: created new log segment /github/workspace/mnt/ozone/hadoop-ozone/integration-test/target/test-dir/MiniOzoneClusterImpl-2e4050b2-a17a-4fa5-be17-26c3c845a162/datanode-2/data/ratis/fdfcd7ae-b040-4762-be1a-912dd3af3d6e/current/log_inprogress_0
2020-10-14 21:15:51,363 [c9269502-d4ee-4905-9113-8d8748841615@group-1081760DC0BF-LeaderElection17] INFO  segmented.SegmentedRaftLogWorker (SegmentedRaftLogWorker.java:startLogSegment(397)) - c9269502-d4ee-4905-9113-8d8748841615@group-1081760DC0BF-SegmentedRaftLogWorker: Starting segment from index:0
2020-10-14 21:15:51,364 [c9269502-d4ee-4905-9113-8d8748841615@group-1081760DC0BF-LeaderElection17] INFO  impl.RaftServerImpl (ServerState.java:setRaftConf(374)) - c9269502-d4ee-4905-9113-8d8748841615@group-1081760DC0BF: set configuration 0: [c9269502-d4ee-4905-9113-8d8748841615:172.17.0.2:34709:0], old=null at 0
2020-10-14 21:15:51,365 [c9269502-d4ee-4905-9113-8d8748841615@group-1081760DC0BF-SegmentedRaftLogWorker] INFO  segmented.SegmentedRaftLogWorker (SegmentedRaftLogWorker.java:execute(596)) - c9269502-d4ee-4905-9113-8d8748841615@group-1081760DC0BF-SegmentedRaftLogWorker: created new log segment /github/workspace/mnt/ozone/hadoop-ozone/integration-test/target/test-dir/MiniOzoneClusterImpl-2e4050b2-a17a-4fa5-be17-26c3c845a162/datanode-0/data/ratis/60876db6-56a5-434a-b82c-1081760dc0bf/current/log_inprogress_0
2020-10-14 21:15:51,730 [Thread-600] INFO  impl.FollowerState (FollowerState.java:run(108)) - 76ae9a49-516f-47a3-983c-b12a499d08c9@group-8F956437CC23-FollowerState: change to CANDIDATE, lastRpcTime:5216ms, electionTimeout:5199ms
2020-10-14 21:15:51,730 [Thread-600] INFO  impl.RoleInfo (RoleInfo.java:shutdownFollowerState(121)) - 76ae9a49-516f-47a3-983c-b12a499d08c9: shutdown FollowerState
2020-10-14 21:15:51,730 [Thread-600] INFO  impl.RaftServerImpl (RaftServerImpl.java:setRole(198)) - 76ae9a49-516f-47a3-983c-b12a499d08c9@group-8F956437CC23: changes role from  FOLLOWER to CANDIDATE at term 0 for changeToCandidate
2020-10-14 21:15:51,731 [Thread-600] INFO  impl.RoleInfo (RoleInfo.java:updateAndGet(143)) - 76ae9a49-516f-47a3-983c-b12a499d08c9: start LeaderElection
2020-10-14 21:15:51,736 [Thread-604] INFO  impl.FollowerState (FollowerState.java:run(108)) - 2cb5168d-05f1-4d8c-acfa-fa1a7bda46f6@group-212B8072EEFB-FollowerState: change to CANDIDATE, lastRpcTime:5035ms, electionTimeout:5034ms
2020-10-14 21:15:51,736 [Thread-604] INFO  impl.RoleInfo (RoleInfo.java:shutdownFollowerState(121)) - 2cb5168d-05f1-4d8c-acfa-fa1a7bda46f6: shutdown FollowerState
2020-10-14 21:15:51,736 [Thread-604] INFO  impl.RaftServerImpl (RaftServerImpl.java:setRole(198)) - 2cb5168d-05f1-4d8c-acfa-fa1a7bda46f6@group-212B8072EEFB: changes role from  FOLLOWER to CANDIDATE at term 0 for changeToCandidate
2020-10-14 21:15:51,736 [Thread-604] INFO  impl.RoleInfo (RoleInfo.java:updateAndGet(143)) - 2cb5168d-05f1-4d8c-acfa-fa1a7bda46f6: start LeaderElection
2020-10-14 21:15:51,740 [76ae9a49-516f-47a3-983c-b12a499d08c9@group-8F956437CC23-LeaderElection18] INFO  impl.LeaderElection (LeaderElection.java:askForVotes(210)) - 76ae9a49-516f-47a3-983c-b12a499d08c9@group-8F956437CC23-LeaderElection18: begin an election at term 1 for -1: [76ae9a49-516f-47a3-983c-b12a499d08c9:172.17.0.2:37219:0], old=null
2020-10-14 21:15:51,741 [76ae9a49-516f-47a3-983c-b12a499d08c9@group-8F956437CC23-LeaderElection18] INFO  impl.RoleInfo (RoleInfo.java:shutdownLeaderElection(134)) - 76ae9a49-516f-47a3-983c-b12a499d08c9: shutdown LeaderElection
2020-10-14 21:15:51,741 [76ae9a49-516f-47a3-983c-b12a499d08c9@group-8F956437CC23-LeaderElection18] INFO  impl.RaftServerImpl (RaftServerImpl.java:setRole(198)) - 76ae9a49-516f-47a3-983c-b12a499d08c9@group-8F956437CC23: changes role from CANDIDATE to LEADER at term 1 for changeToLeader
2020-10-14 21:15:51,741 [76ae9a49-516f-47a3-983c-b12a499d08c9@group-8F956437CC23-LeaderElection18] INFO  ratis.XceiverServerRatis (XceiverServerRatis.java:handleLeaderChangedNotification(822)) - Leader change notification received for group: group-8F956437CC23 with new leaderId: 76ae9a49-516f-47a3-983c-b12a499d08c9
2020-10-14 21:15:51,741 [76ae9a49-516f-47a3-983c-b12a499d08c9@group-8F956437CC23-LeaderElection18] INFO  impl.RaftServerImpl (ServerState.java:setLeader(256)) - 76ae9a49-516f-47a3-983c-b12a499d08c9@group-8F956437CC23: change Leader from null to 76ae9a49-516f-47a3-983c-b12a499d08c9 at term 1 for becomeLeader, leader elected after 5238ms
2020-10-14 21:15:51,742 [2cb5168d-05f1-4d8c-acfa-fa1a7bda46f6@group-212B8072EEFB-LeaderElection19] INFO  impl.LeaderElection (LeaderElection.java:askForVotes(210)) - 2cb5168d-05f1-4d8c-acfa-fa1a7bda46f6@group-212B8072EEFB-LeaderElection19: begin an election at term 1 for -1: [823e1d17-9ec2-4324-ad19-cd013f58686a:172.17.0.2:45645:0, 2cb5168d-05f1-4d8c-acfa-fa1a7bda46f6:172.17.0.2:36377:0, 497cee6a-8cec-48d3-a21d-ba28642b4d07:172.17.0.2:45037:0], old=null
2020-10-14 21:15:51,742 [76ae9a49-516f-47a3-983c-b12a499d08c9@group-8F956437CC23-LeaderElection18] INFO  server.RaftServerConfigKeys (ConfUtils.java:logGet(44)) - raft.server.staging.catchup.gap = 1000 (default)
2020-10-14 21:15:51,749 [76ae9a49-516f-47a3-983c-b12a499d08c9@group-8F956437CC23-LeaderElection18] INFO  server.RaftServerConfigKeys (ConfUtils.java:logGet(44)) - raft.server.rpc.sleep.time = 25ms (default)
2020-10-14 21:15:51,749 [76ae9a49-516f-47a3-983c-b12a499d08c9@group-8F956437CC23-LeaderElection18] INFO  metrics.RatisMetrics (RatisMetrics.java:lambda$create$0(36)) - Creating Metrics Registry : ratis.log_appender.76ae9a49-516f-47a3-983c-b12a499d08c9@group-8F956437CC23
2020-10-14 21:15:51,749 [76ae9a49-516f-47a3-983c-b12a499d08c9@group-8F956437CC23-LeaderElection18] INFO  server.RaftServerConfigKeys (ConfUtils.java:logGet(44)) - raft.server.write.element-limit = 1024 (custom)
2020-10-14 21:15:51,749 [76ae9a49-516f-47a3-983c-b12a499d08c9@group-8F956437CC23-LeaderElection18] INFO  server.RaftServerConfigKeys (ConfUtils.java:logGet(44)) - raft.server.write.byte-limit = 1073741824 (custom)
2020-10-14 21:15:51,750 [76ae9a49-516f-47a3-983c-b12a499d08c9@group-8F956437CC23-LeaderElection18] INFO  server.RaftServerConfigKeys (ConfUtils.java:logGet(44)) - raft.server.watch.timeout = 180s (custom)
2020-10-14 21:15:51,750 [76ae9a49-516f-47a3-983c-b12a499d08c9@group-8F956437CC23-LeaderElection18] INFO  server.RaftServerConfigKeys (ConfUtils.java:logGet(44)) - raft.server.watch.timeout.denomination = 1s (default)
2020-10-14 21:15:51,750 [76ae9a49-516f-47a3-983c-b12a499d08c9@group-8F956437CC23-LeaderElection18] INFO  server.RaftServerConfigKeys (ConfUtils.java:logGet(44)) - raft.server.watch.element-limit = 65536 (default)
2020-10-14 21:15:51,750 [76ae9a49-516f-47a3-983c-b12a499d08c9@group-8F956437CC23-LeaderElection18] INFO  impl.RoleInfo (RoleInfo.java:updateAndGet(143)) - 76ae9a49-516f-47a3-983c-b12a499d08c9: start LeaderState
2020-10-14 21:15:51,750 [76ae9a49-516f-47a3-983c-b12a499d08c9@group-8F956437CC23-LeaderElection18] INFO  segmented.SegmentedRaftLogWorker (SegmentedRaftLogWorker.java:startLogSegment(397)) - 76ae9a49-516f-47a3-983c-b12a499d08c9@group-8F956437CC23-SegmentedRaftLogWorker: Starting segment from index:0
2020-10-14 21:15:51,752 [76ae9a49-516f-47a3-983c-b12a499d08c9@group-8F956437CC23-SegmentedRaftLogWorker] INFO  segmented.SegmentedRaftLogWorker (SegmentedRaftLogWorker.java:execute(596)) - 76ae9a49-516f-47a3-983c-b12a499d08c9@group-8F956437CC23-SegmentedRaftLogWorker: created new log segment /github/workspace/mnt/ozone/hadoop-ozone/integration-test/target/test-dir/MiniOzoneClusterImpl-2e4050b2-a17a-4fa5-be17-26c3c845a162/datanode-2/data/ratis/a51af638-694c-49b8-87be-8f956437cc23/current/log_inprogress_0
2020-10-14 21:15:51,756 [76ae9a49-516f-47a3-983c-b12a499d08c9@group-8F956437CC23-LeaderElection18] INFO  impl.RaftServerImpl (ServerState.java:setRaftConf(374)) - 76ae9a49-516f-47a3-983c-b12a499d08c9@group-8F956437CC23: set configuration 0: [76ae9a49-516f-47a3-983c-b12a499d08c9:172.17.0.2:37219:0], old=null at 0
2020-10-14 21:15:51,761 [Thread-606] INFO  impl.FollowerState (FollowerState.java:run(108)) - 497cee6a-8cec-48d3-a21d-ba28642b4d07@group-212B8072EEFB-FollowerState: change to CANDIDATE, lastRpcTime:5017ms, electionTimeout:5014ms
2020-10-14 21:15:51,761 [Thread-606] INFO  impl.RoleInfo (RoleInfo.java:shutdownFollowerState(121)) - 497cee6a-8cec-48d3-a21d-ba28642b4d07: shutdown FollowerState
2020-10-14 21:15:51,761 [Thread-606] INFO  impl.RaftServerImpl (RaftServerImpl.java:setRole(198)) - 497cee6a-8cec-48d3-a21d-ba28642b4d07@group-212B8072EEFB: changes role from  FOLLOWER to CANDIDATE at term 0 for changeToCandidate
2020-10-14 21:15:51,761 [Thread-606] INFO  impl.RoleInfo (RoleInfo.java:updateAndGet(143)) - 497cee6a-8cec-48d3-a21d-ba28642b4d07: start LeaderElection
2020-10-14 21:15:51,780 [grpc-default-executor-1] INFO  impl.RaftServerImpl (RaftServerImpl.java:setRole(198)) - 823e1d17-9ec2-4324-ad19-cd013f58686a@group-212B8072EEFB: changes role from  FOLLOWER to FOLLOWER at term 1 for recognizeCandidate:2cb5168d-05f1-4d8c-acfa-fa1a7bda46f6
2020-10-14 21:15:51,781 [grpc-default-executor-1] INFO  impl.RoleInfo (RoleInfo.java:shutdownFollowerState(121)) - 823e1d17-9ec2-4324-ad19-cd013f58686a: shutdown FollowerState
2020-10-14 21:15:51,781 [grpc-default-executor-1] INFO  impl.RoleInfo (RoleInfo.java:updateAndGet(143)) - 823e1d17-9ec2-4324-ad19-cd013f58686a: start FollowerState
2020-10-14 21:15:51,781 [Thread-609] INFO  impl.FollowerState (FollowerState.java:run(117)) - 823e1d17-9ec2-4324-ad19-cd013f58686a@group-212B8072EEFB-FollowerState was interrupted: java.lang.InterruptedException: sleep interrupted
2020-10-14 21:15:51,783 [grpc-default-executor-1] INFO  impl.RaftServerImpl (RaftServerImpl.java:requestVote(923)) -  FOLLOWER 823e1d17-9ec2-4324-ad19-cd013f58686a@group-212B8072EEFB:t1, leader=null, voted=null, raftlog=823e1d17-9ec2-4324-ad19-cd013f58686a@group-212B8072EEFB-SegmentedRaftLog:OPENED:c-1,f-1,i0, conf=-1: [823e1d17-9ec2-4324-ad19-cd013f58686a:172.17.0.2:45645:0, 2cb5168d-05f1-4d8c-acfa-fa1a7bda46f6:172.17.0.2:36377:0, 497cee6a-8cec-48d3-a21d-ba28642b4d07:172.17.0.2:45037:0], old=null RUNNING priority:0 candidate:2cb5168d-05f1-4d8c-acfa-fa1a7bda46f6:172.17.0.2:36377:0 candidatePriority:0 compare:0
2020-10-14 21:15:51,784 [grpc-default-executor-0] INFO  impl.RaftServerImpl (RaftServerImpl.java:setRole(198)) - 497cee6a-8cec-48d3-a21d-ba28642b4d07@group-212B8072EEFB: changes role from CANDIDATE to FOLLOWER at term 1 for recognizeCandidate:2cb5168d-05f1-4d8c-acfa-fa1a7bda46f6
2020-10-14 21:15:51,785 [grpc-default-executor-0] INFO  impl.RoleInfo (RoleInfo.java:shutdownLeaderElection(134)) - 497cee6a-8cec-48d3-a21d-ba28642b4d07: shutdown LeaderElection
2020-10-14 21:15:51,785 [grpc-default-executor-0] INFO  impl.RoleInfo (RoleInfo.java:updateAndGet(143)) - 497cee6a-8cec-48d3-a21d-ba28642b4d07: start FollowerState
2020-10-14 21:15:51,791 [2cb5168d-05f1-4d8c-acfa-fa1a7bda46f6@group-212B8072EEFB-LeaderElection19] INFO  impl.LeaderElection (LeaderElection.java:logAndReturn(62)) - 2cb5168d-05f1-4d8c-acfa-fa1a7bda46f6@group-212B8072EEFB-LeaderElection19: Election PASSED; received 1 response(s) [2cb5168d-05f1-4d8c-acfa-fa1a7bda46f6<-823e1d17-9ec2-4324-ad19-cd013f58686a#0:OK-t1] and 0 exception(s); 2cb5168d-05f1-4d8c-acfa-fa1a7bda46f6@group-212B8072EEFB:t1, leader=null, voted=2cb5168d-05f1-4d8c-acfa-fa1a7bda46f6, raftlog=2cb5168d-05f1-4d8c-acfa-fa1a7bda46f6@group-212B8072EEFB-SegmentedRaftLog:OPENED:c-1,f-1,i0, conf=-1: [823e1d17-9ec2-4324-ad19-cd013f58686a:172.17.0.2:45645:0, 2cb5168d-05f1-4d8c-acfa-fa1a7bda46f6:172.17.0.2:36377:0, 497cee6a-8cec-48d3-a21d-ba28642b4d07:172.17.0.2:45037:0], old=null
2020-10-14 21:15:51,792 [2cb5168d-05f1-4d8c-acfa-fa1a7bda46f6@group-212B8072EEFB-LeaderElection19] INFO  impl.RoleInfo (RoleInfo.java:shutdownLeaderElection(134)) - 2cb5168d-05f1-4d8c-acfa-fa1a7bda46f6: shutdown LeaderElection
2020-10-14 21:15:51,792 [2cb5168d-05f1-4d8c-acfa-fa1a7bda46f6@group-212B8072EEFB-LeaderElection19] INFO  impl.RaftServerImpl (RaftServerImpl.java:setRole(198)) - 2cb5168d-05f1-4d8c-acfa-fa1a7bda46f6@group-212B8072EEFB: changes role from CANDIDATE to LEADER at term 1 for changeToLeader
2020-10-14 21:15:51,792 [2cb5168d-05f1-4d8c-acfa-fa1a7bda46f6@group-212B8072EEFB-LeaderElection19] INFO  ratis.XceiverServerRatis (XceiverServerRatis.java:handleLeaderChangedNotification(822)) - Leader change notification received for group: group-212B8072EEFB with new leaderId: 2cb5168d-05f1-4d8c-acfa-fa1a7bda46f6
2020-10-14 21:15:51,792 [2cb5168d-05f1-4d8c-acfa-fa1a7bda46f6@group-212B8072EEFB-LeaderElection19] INFO  impl.RaftServerImpl (ServerState.java:setLeader(256)) - 2cb5168d-05f1-4d8c-acfa-fa1a7bda46f6@group-212B8072EEFB: change Leader from null to 2cb5168d-05f1-4d8c-acfa-fa1a7bda46f6 at term 1 for becomeLeader, leader elected after 5103ms
2020-10-14 21:15:51,794 [2cb5168d-05f1-4d8c-acfa-fa1a7bda46f6@group-212B8072EEFB-LeaderElection19] INFO  server.RaftServerConfigKeys (ConfUtils.java:logGet(44)) - raft.server.staging.catchup.gap = 1000 (default)
2020-10-14 21:15:51,794 [2cb5168d-05f1-4d8c-acfa-fa1a7bda46f6@group-212B8072EEFB-LeaderElection19] INFO  server.RaftServerConfigKeys (ConfUtils.java:logGet(44)) - raft.server.rpc.sleep.time = 25ms (default)
2020-10-14 21:15:51,794 [2cb5168d-05f1-4d8c-acfa-fa1a7bda46f6@group-212B8072EEFB-LeaderElection19] INFO  metrics.RatisMetrics (RatisMetrics.java:lambda$create$0(36)) - Creating Metrics Registry : ratis.log_appender.2cb5168d-05f1-4d8c-acfa-fa1a7bda46f6@group-212B8072EEFB
2020-10-14 21:15:51,794 [2cb5168d-05f1-4d8c-acfa-fa1a7bda46f6@group-212B8072EEFB-LeaderElection19] INFO  server.RaftServerConfigKeys (ConfUtils.java:logGet(44)) - raft.server.write.element-limit = 1024 (custom)
2020-10-14 21:15:51,794 [2cb5168d-05f1-4d8c-acfa-fa1a7bda46f6@group-212B8072EEFB-LeaderElection19] INFO  server.RaftServerConfigKeys (ConfUtils.java:logGet(44)) - raft.server.write.byte-limit = 1073741824 (custom)
2020-10-14 21:15:51,794 [2cb5168d-05f1-4d8c-acfa-fa1a7bda46f6@group-212B8072EEFB-LeaderElection19] INFO  server.RaftServerConfigKeys (ConfUtils.java:logGet(44)) - raft.server.watch.timeout = 180s (custom)
2020-10-14 21:15:51,795 [2cb5168d-05f1-4d8c-acfa-fa1a7bda46f6@group-212B8072EEFB-LeaderElection19] INFO  server.RaftServerConfigKeys (ConfUtils.java:logGet(44)) - raft.server.watch.timeout.denomination = 1s (default)
2020-10-14 21:15:51,795 [2cb5168d-05f1-4d8c-acfa-fa1a7bda46f6@group-212B8072EEFB-LeaderElection19] INFO  server.RaftServerConfigKeys (ConfUtils.java:logGet(44)) - raft.server.watch.element-limit = 65536 (default)
2020-10-14 21:15:51,795 [EventQueue-PipelineReportForPipelineReportHandler] INFO  pipeline.PipelineStateManager (PipelineStateManager.java:openPipeline(131)) - Pipeline Pipeline[ Id: d7b52df2-ea79-40c3-985a-212b8072eefb, Nodes: 497cee6a-8cec-48d3-a21d-ba28642b4d07{ip: 172.17.0.2, host: c0b050688864, networkLocation: /default-rack, certSerialId: null}823e1d17-9ec2-4324-ad19-cd013f58686a{ip: 172.17.0.2, host: c0b050688864, networkLocation: /default-rack, certSerialId: null}2cb5168d-05f1-4d8c-acfa-fa1a7bda46f6{ip: 172.17.0.2, host: c0b050688864, networkLocation: /default-rack, certSerialId: null}, Type:RATIS, Factor:THREE, State:ALLOCATED, leaderId:2cb5168d-05f1-4d8c-acfa-fa1a7bda46f6, CreationTimestamp2020-10-14T21:15:44.071Z] moved to OPEN state
2020-10-14 21:15:51,796 [2cb5168d-05f1-4d8c-acfa-fa1a7bda46f6@group-212B8072EEFB-LeaderElection19] INFO  server.RaftServerConfigKeys (ConfUtils.java:logGet(44)) - raft.server.log.appender.snapshot.chunk.size.max = 16MB (=16777216) (default)
2020-10-14 21:15:51,796 [2cb5168d-05f1-4d8c-acfa-fa1a7bda46f6@group-212B8072EEFB-LeaderElection19] INFO  server.RaftServerConfigKeys (ConfUtils.java:logGet(44)) - raft.server.log.appender.buffer.byte-limit = 33554432 (custom)
2020-10-14 21:15:51,796 [2cb5168d-05f1-4d8c-acfa-fa1a7bda46f6@group-212B8072EEFB-LeaderElection19] INFO  server.RaftServerConfigKeys (ConfUtils.java:logGet(44)) - raft.server.log.appender.buffer.element-limit = 1 (custom)
2020-10-14 21:15:51,796 [2cb5168d-05f1-4d8c-acfa-fa1a7bda46f6@group-212B8072EEFB-LeaderElection19] INFO  grpc.GrpcConfigKeys (ConfUtils.java:logGet(44)) - raft.grpc.server.leader.outstanding.appends.max = 128 (default)
2020-10-14 21:15:51,796 [2cb5168d-05f1-4d8c-acfa-fa1a7bda46f6@group-212B8072EEFB-LeaderElection19] INFO  server.RaftServerConfigKeys (ConfUtils.java:logGet(44)) - raft.server.rpc.request.timeout = 60s (custom)
2020-10-14 21:15:51,796 [2cb5168d-05f1-4d8c-acfa-fa1a7bda46f6@group-212B8072EEFB-LeaderElection19] INFO  server.RaftServerConfigKeys (ConfUtils.java:logGet(44)) - raft.server.log.appender.install.snapshot.enabled = false (custom)
2020-10-14 21:15:51,796 [2cb5168d-05f1-4d8c-acfa-fa1a7bda46f6@group-212B8072EEFB-LeaderElection19] INFO  metrics.RatisMetrics (RatisMetrics.java:lambda$create$0(36)) - Creating Metrics Registry : ratis_grpc.log_appender.2cb5168d-05f1-4d8c-acfa-fa1a7bda46f6@group-212B8072EEFB
2020-10-14 21:15:51,797 [2cb5168d-05f1-4d8c-acfa-fa1a7bda46f6@group-212B8072EEFB-LeaderElection19] INFO  server.RaftServerConfigKeys (ConfUtils.java:logGet(44)) - raft.server.log.appender.snapshot.chunk.size.max = 16MB (=16777216) (default)
2020-10-14 21:15:51,797 [2cb5168d-05f1-4d8c-acfa-fa1a7bda46f6@group-212B8072EEFB-LeaderElection19] INFO  server.RaftServerConfigKeys (ConfUtils.java:logGet(44)) - raft.server.log.appender.buffer.byte-limit = 33554432 (custom)
2020-10-14 21:15:51,798 [2cb5168d-05f1-4d8c-acfa-fa1a7bda46f6@group-212B8072EEFB-LeaderElection19] INFO  server.RaftServerConfigKeys (ConfUtils.java:logGet(44)) - raft.server.log.appender.buffer.element-limit = 1 (custom)
2020-10-14 21:15:51,798 [2cb5168d-05f1-4d8c-acfa-fa1a7bda46f6@group-212B8072EEFB-LeaderElection19] INFO  grpc.GrpcConfigKeys (ConfUtils.java:logGet(44)) - raft.grpc.server.leader.outstanding.appends.max = 128 (default)
2020-10-14 21:15:51,798 [2cb5168d-05f1-4d8c-acfa-fa1a7bda46f6@group-212B8072EEFB-LeaderElection19] INFO  server.RaftServerConfigKeys (ConfUtils.java:logGet(44)) - raft.server.rpc.request.timeout = 60s (custom)
2020-10-14 21:15:51,798 [2cb5168d-05f1-4d8c-acfa-fa1a7bda46f6@group-212B8072EEFB-LeaderElection19] INFO  server.RaftServerConfigKeys (ConfUtils.java:logGet(44)) - raft.server.log.appender.install.snapshot.enabled = false (custom)
2020-10-14 21:15:51,799 [2cb5168d-05f1-4d8c-acfa-fa1a7bda46f6@group-212B8072EEFB-LeaderElection19] INFO  impl.RoleInfo (RoleInfo.java:updateAndGet(143)) - 2cb5168d-05f1-4d8c-acfa-fa1a7bda46f6: start LeaderState
2020-10-14 21:15:51,799 [2cb5168d-05f1-4d8c-acfa-fa1a7bda46f6@group-212B8072EEFB-LeaderElection19] INFO  segmented.SegmentedRaftLogWorker (SegmentedRaftLogWorker.java:startLogSegment(397)) - 2cb5168d-05f1-4d8c-acfa-fa1a7bda46f6@group-212B8072EEFB-SegmentedRaftLogWorker: Starting segment from index:0
2020-10-14 21:15:51,800 [2cb5168d-05f1-4d8c-acfa-fa1a7bda46f6@group-212B8072EEFB-SegmentedRaftLogWorker] INFO  segmented.SegmentedRaftLogWorker (SegmentedRaftLogWorker.java:execute(596)) - 2cb5168d-05f1-4d8c-acfa-fa1a7bda46f6@group-212B8072EEFB-SegmentedRaftLogWorker: created new log segment /github/workspace/mnt/ozone/hadoop-ozone/integration-test/target/test-dir/MiniOzoneClusterImpl-2e4050b2-a17a-4fa5-be17-26c3c845a162/datanode-3/data/ratis/d7b52df2-ea79-40c3-985a-212b8072eefb/current/log_inprogress_0
2020-10-14 21:15:51,807 [2cb5168d-05f1-4d8c-acfa-fa1a7bda46f6@group-212B8072EEFB-LeaderElection19] INFO  impl.RaftServerImpl (ServerState.java:setRaftConf(374)) - 2cb5168d-05f1-4d8c-acfa-fa1a7bda46f6@group-212B8072EEFB: set configuration 0: [823e1d17-9ec2-4324-ad19-cd013f58686a:172.17.0.2:45645:0, 2cb5168d-05f1-4d8c-acfa-fa1a7bda46f6:172.17.0.2:36377:0, 497cee6a-8cec-48d3-a21d-ba28642b4d07:172.17.0.2:45037:0], old=null at 0
2020-10-14 21:15:51,813 [grpc-default-executor-0] INFO  ratis.XceiverServerRatis (XceiverServerRatis.java:handleLeaderChangedNotification(822)) - Leader change notification received for group: group-212B8072EEFB with new leaderId: 2cb5168d-05f1-4d8c-acfa-fa1a7bda46f6
2020-10-14 21:15:51,813 [grpc-default-executor-0] INFO  impl.RaftServerImpl (ServerState.java:setLeader(256)) - 823e1d17-9ec2-4324-ad19-cd013f58686a@group-212B8072EEFB: change Leader from null to 2cb5168d-05f1-4d8c-acfa-fa1a7bda46f6 at term 1 for appendEntries, leader elected after 5033ms
2020-10-14 21:15:51,816 [grpc-default-executor-1] INFO  ratis.XceiverServerRatis (XceiverServerRatis.java:handleLeaderChangedNotification(822)) - Leader change notification received for group: group-212B8072EEFB with new leaderId: 2cb5168d-05f1-4d8c-acfa-fa1a7bda46f6
2020-10-14 21:15:51,816 [grpc-default-executor-1] INFO  impl.RaftServerImpl (ServerState.java:setLeader(256)) - 497cee6a-8cec-48d3-a21d-ba28642b4d07@group-212B8072EEFB: change Leader from null to 2cb5168d-05f1-4d8c-acfa-fa1a7bda46f6 at term 1 for appendEntries, leader elected after 5083ms
2020-10-14 21:15:51,826 [grpc-default-executor-0] INFO  impl.RaftServerImpl (ServerState.java:setRaftConf(374)) - 823e1d17-9ec2-4324-ad19-cd013f58686a@group-212B8072EEFB: set configuration 0: [823e1d17-9ec2-4324-ad19-cd013f58686a:172.17.0.2:45645:0, 2cb5168d-05f1-4d8c-acfa-fa1a7bda46f6:172.17.0.2:36377:0, 497cee6a-8cec-48d3-a21d-ba28642b4d07:172.17.0.2:45037:0], old=null at 0
2020-10-14 21:15:51,826 [grpc-default-executor-1] INFO  impl.RaftServerImpl (ServerState.java:setRaftConf(374)) - 497cee6a-8cec-48d3-a21d-ba28642b4d07@group-212B8072EEFB: set configuration 0: [823e1d17-9ec2-4324-ad19-cd013f58686a:172.17.0.2:45645:0, 2cb5168d-05f1-4d8c-acfa-fa1a7bda46f6:172.17.0.2:36377:0, 497cee6a-8cec-48d3-a21d-ba28642b4d07:172.17.0.2:45037:0], old=null at 0
2020-10-14 21:15:51,826 [grpc-default-executor-0] INFO  segmented.SegmentedRaftLogWorker (SegmentedRaftLogWorker.java:startLogSegment(397)) - 823e1d17-9ec2-4324-ad19-cd013f58686a@group-212B8072EEFB-SegmentedRaftLogWorker: Starting segment from index:0
2020-10-14 21:15:51,827 [grpc-default-executor-1] INFO  segmented.SegmentedRaftLogWorker (SegmentedRaftLogWorker.java:startLogSegment(397)) - 497cee6a-8cec-48d3-a21d-ba28642b4d07@group-212B8072EEFB-SegmentedRaftLogWorker: Starting segment from index:0
2020-10-14 21:15:51,829 [823e1d17-9ec2-4324-ad19-cd013f58686a@group-212B8072EEFB-SegmentedRaftLogWorker] INFO  segmented.SegmentedRaftLogWorker (SegmentedRaftLogWorker.java:execute(596)) - 823e1d17-9ec2-4324-ad19-cd013f58686a@group-212B8072EEFB-SegmentedRaftLogWorker: created new log segment /github/workspace/mnt/ozone/hadoop-ozone/integration-test/target/test-dir/MiniOzoneClusterImpl-2e4050b2-a17a-4fa5-be17-26c3c845a162/datanode-4/data/ratis/d7b52df2-ea79-40c3-985a-212b8072eefb/current/log_inprogress_0
2020-10-14 21:15:51,831 [497cee6a-8cec-48d3-a21d-ba28642b4d07@group-212B8072EEFB-SegmentedRaftLogWorker] INFO  segmented.SegmentedRaftLogWorker (SegmentedRaftLogWorker.java:execute(596)) - 497cee6a-8cec-48d3-a21d-ba28642b4d07@group-212B8072EEFB-SegmentedRaftLogWorker: created new log segment /github/workspace/mnt/ozone/hadoop-ozone/integration-test/target/test-dir/MiniOzoneClusterImpl-2e4050b2-a17a-4fa5-be17-26c3c845a162/datanode-5/data/ratis/d7b52df2-ea79-40c3-985a-212b8072eefb/current/log_inprogress_0
2020-10-14 21:15:51,843 [Thread-602] INFO  impl.FollowerState (FollowerState.java:run(108)) - 2cb5168d-05f1-4d8c-acfa-fa1a7bda46f6@group-7E5AE591B88C-FollowerState: change to CANDIDATE, lastRpcTime:5163ms, electionTimeout:5163ms
2020-10-14 21:15:51,844 [Thread-602] INFO  impl.RoleInfo (RoleInfo.java:shutdownFollowerState(121)) - 2cb5168d-05f1-4d8c-acfa-fa1a7bda46f6: shutdown FollowerState
2020-10-14 21:15:51,844 [Thread-602] INFO  impl.RaftServerImpl (RaftServerImpl.java:setRole(198)) - 2cb5168d-05f1-4d8c-acfa-fa1a7bda46f6@group-7E5AE591B88C: changes role from  FOLLOWER to CANDIDATE at term 0 for changeToCandidate
2020-10-14 21:15:51,846 [Thread-602] INFO  impl.RoleInfo (RoleInfo.java:updateAndGet(143)) - 2cb5168d-05f1-4d8c-acfa-fa1a7bda46f6: start LeaderElection
2020-10-14 21:15:51,859 [2cb5168d-05f1-4d8c-acfa-fa1a7bda46f6@group-7E5AE591B88C-LeaderElection21] INFO  impl.LeaderElection (LeaderElection.java:askForVotes(210)) - 2cb5168d-05f1-4d8c-acfa-fa1a7bda46f6@group-7E5AE591B88C-LeaderElection21: begin an election at term 1 for -1: [2cb5168d-05f1-4d8c-acfa-fa1a7bda46f6:172.17.0.2:36377:0], old=null
2020-10-14 21:15:51,859 [2cb5168d-05f1-4d8c-acfa-fa1a7bda46f6@group-7E5AE591B88C-LeaderElection21] INFO  impl.RoleInfo (RoleInfo.java:shutdownLeaderElection(134)) - 2cb5168d-05f1-4d8c-acfa-fa1a7bda46f6: shutdown LeaderElection
2020-10-14 21:15:51,859 [2cb5168d-05f1-4d8c-acfa-fa1a7bda46f6@group-7E5AE591B88C-LeaderElection21] INFO  impl.RaftServerImpl (RaftServerImpl.java:setRole(198)) - 2cb5168d-05f1-4d8c-acfa-fa1a7bda46f6@group-7E5AE591B88C: changes role from CANDIDATE to LEADER at term 1 for changeToLeader
2020-10-14 21:15:51,859 [2cb5168d-05f1-4d8c-acfa-fa1a7bda46f6@group-7E5AE591B88C-LeaderElection21] INFO  ratis.XceiverServerRatis (XceiverServerRatis.java:handleLeaderChangedNotification(822)) - Leader change notification received for group: group-7E5AE591B88C with new leaderId: 2cb5168d-05f1-4d8c-acfa-fa1a7bda46f6
2020-10-14 21:15:51,860 [Thread-612] INFO  impl.FollowerState (FollowerState.java:run(108)) - 823e1d17-9ec2-4324-ad19-cd013f58686a@group-99BD7EE4F36C-FollowerState: change to CANDIDATE, lastRpcTime:5001ms, electionTimeout:5000ms
2020-10-14 21:15:51,860 [Thread-612] INFO  impl.RoleInfo (RoleInfo.java:shutdownFollowerState(121)) - 823e1d17-9ec2-4324-ad19-cd013f58686a: shutdown FollowerState
2020-10-14 21:15:51,860 [Thread-612] INFO  impl.RaftServerImpl (RaftServerImpl.java:setRole(198)) - 823e1d17-9ec2-4324-ad19-cd013f58686a@group-99BD7EE4F36C: changes role from  FOLLOWER to CANDIDATE at term 0 for changeToCandidate
2020-10-14 21:15:51,860 [Thread-612] INFO  impl.RoleInfo (RoleInfo.java:updateAndGet(143)) - 823e1d17-9ec2-4324-ad19-cd013f58686a: start LeaderElection
2020-10-14 21:15:51,860 [2cb5168d-05f1-4d8c-acfa-fa1a7bda46f6@group-7E5AE591B88C-LeaderElection21] INFO  impl.RaftServerImpl (ServerState.java:setLeader(256)) - 2cb5168d-05f1-4d8c-acfa-fa1a7bda46f6@group-7E5AE591B88C: change Leader from null to 2cb5168d-05f1-4d8c-acfa-fa1a7bda46f6 at term 1 for becomeLeader, leader elected after 5188ms
2020-10-14 21:15:51,860 [2cb5168d-05f1-4d8c-acfa-fa1a7bda46f6@group-7E5AE591B88C-LeaderElection21] INFO  server.RaftServerConfigKeys (ConfUtils.java:logGet(44)) - raft.server.staging.catchup.gap = 1000 (default)
2020-10-14 21:15:51,861 [2cb5168d-05f1-4d8c-acfa-fa1a7bda46f6@group-7E5AE591B88C-LeaderElection21] INFO  server.RaftServerConfigKeys (ConfUtils.java:logGet(44)) - raft.server.rpc.sleep.time = 25ms (default)
2020-10-14 21:15:51,867 [2cb5168d-05f1-4d8c-acfa-fa1a7bda46f6@group-7E5AE591B88C-LeaderElection21] INFO  metrics.RatisMetrics (RatisMetrics.java:lambda$create$0(36)) - Creating Metrics Registry : ratis.log_appender.2cb5168d-05f1-4d8c-acfa-fa1a7bda46f6@group-7E5AE591B88C
2020-10-14 21:15:51,868 [2cb5168d-05f1-4d8c-acfa-fa1a7bda46f6@group-7E5AE591B88C-LeaderElection21] INFO  server.RaftServerConfigKeys (ConfUtils.java:logGet(44)) - raft.server.write.element-limit = 1024 (custom)
2020-10-14 21:15:51,868 [2cb5168d-05f1-4d8c-acfa-fa1a7bda46f6@group-7E5AE591B88C-LeaderElection21] INFO  server.RaftServerConfigKeys (ConfUtils.java:logGet(44)) - raft.server.write.byte-limit = 1073741824 (custom)
2020-10-14 21:15:51,869 [2cb5168d-05f1-4d8c-acfa-fa1a7bda46f6@group-7E5AE591B88C-LeaderElection21] INFO  server.RaftServerConfigKeys (ConfUtils.java:logGet(44)) - raft.server.watch.timeout = 180s (custom)
2020-10-14 21:15:51,869 [2cb5168d-05f1-4d8c-acfa-fa1a7bda46f6@group-7E5AE591B88C-LeaderElection21] INFO  server.RaftServerConfigKeys (ConfUtils.java:logGet(44)) - raft.server.watch.timeout.denomination = 1s (default)
2020-10-14 21:15:51,869 [2cb5168d-05f1-4d8c-acfa-fa1a7bda46f6@group-7E5AE591B88C-LeaderElection21] INFO  server.RaftServerConfigKeys (ConfUtils.java:logGet(44)) - raft.server.watch.element-limit = 65536 (default)
2020-10-14 21:15:51,869 [2cb5168d-05f1-4d8c-acfa-fa1a7bda46f6@group-7E5AE591B88C-LeaderElection21] INFO  impl.RoleInfo (RoleInfo.java:updateAndGet(143)) - 2cb5168d-05f1-4d8c-acfa-fa1a7bda46f6: start LeaderState
2020-10-14 21:15:51,869 [2cb5168d-05f1-4d8c-acfa-fa1a7bda46f6@group-7E5AE591B88C-LeaderElection21] INFO  segmented.SegmentedRaftLogWorker (SegmentedRaftLogWorker.java:startLogSegment(397)) - 2cb5168d-05f1-4d8c-acfa-fa1a7bda46f6@group-7E5AE591B88C-SegmentedRaftLogWorker: Starting segment from index:0
2020-10-14 21:15:51,870 [2cb5168d-05f1-4d8c-acfa-fa1a7bda46f6@group-7E5AE591B88C-LeaderElection21] INFO  impl.RaftServerImpl (ServerState.java:setRaftConf(374)) - 2cb5168d-05f1-4d8c-acfa-fa1a7bda46f6@group-7E5AE591B88C: set configuration 0: [2cb5168d-05f1-4d8c-acfa-fa1a7bda46f6:172.17.0.2:36377:0], old=null at 0
2020-10-14 21:15:51,879 [823e1d17-9ec2-4324-ad19-cd013f58686a@group-99BD7EE4F36C-LeaderElection22] INFO  impl.LeaderElection (LeaderElection.java:askForVotes(210)) - 823e1d17-9ec2-4324-ad19-cd013f58686a@group-99BD7EE4F36C-LeaderElection22: begin an election at term 1 for -1: [823e1d17-9ec2-4324-ad19-cd013f58686a:172.17.0.2:45645:0], old=null
2020-10-14 21:15:51,879 [2cb5168d-05f1-4d8c-acfa-fa1a7bda46f6@group-7E5AE591B88C-SegmentedRaftLogWorker] INFO  segmented.SegmentedRaftLogWorker (SegmentedRaftLogWorker.java:execute(596)) - 2cb5168d-05f1-4d8c-acfa-fa1a7bda46f6@group-7E5AE591B88C-SegmentedRaftLogWorker: created new log segment /github/workspace/mnt/ozone/hadoop-ozone/integration-test/target/test-dir/MiniOzoneClusterImpl-2e4050b2-a17a-4fa5-be17-26c3c845a162/datanode-3/data/ratis/1460dfe0-4508-4a14-8ab4-7e5ae591b88c/current/log_inprogress_0
2020-10-14 21:15:51,879 [823e1d17-9ec2-4324-ad19-cd013f58686a@group-99BD7EE4F36C-LeaderElection22] INFO  impl.RoleInfo (RoleInfo.java:shutdownLeaderElection(134)) - 823e1d17-9ec2-4324-ad19-cd013f58686a: shutdown LeaderElection
2020-10-14 21:15:51,879 [823e1d17-9ec2-4324-ad19-cd013f58686a@group-99BD7EE4F36C-LeaderElection22] INFO  impl.RaftServerImpl (RaftServerImpl.java:setRole(198)) - 823e1d17-9ec2-4324-ad19-cd013f58686a@group-99BD7EE4F36C: changes role from CANDIDATE to LEADER at term 1 for changeToLeader
2020-10-14 21:15:51,879 [823e1d17-9ec2-4324-ad19-cd013f58686a@group-99BD7EE4F36C-LeaderElection22] INFO  ratis.XceiverServerRatis (XceiverServerRatis.java:handleLeaderChangedNotification(822)) - Leader change notification received for group: group-99BD7EE4F36C with new leaderId: 823e1d17-9ec2-4324-ad19-cd013f58686a
2020-10-14 21:15:51,879 [823e1d17-9ec2-4324-ad19-cd013f58686a@group-99BD7EE4F36C-LeaderElection22] INFO  impl.RaftServerImpl (ServerState.java:setLeader(256)) - 823e1d17-9ec2-4324-ad19-cd013f58686a@group-99BD7EE4F36C: change Leader from null to 823e1d17-9ec2-4324-ad19-cd013f58686a at term 1 for becomeLeader, leader elected after 5029ms
2020-10-14 21:15:51,880 [823e1d17-9ec2-4324-ad19-cd013f58686a@group-99BD7EE4F36C-LeaderElection22] INFO  server.RaftServerConfigKeys (ConfUtils.java:logGet(44)) - raft.server.staging.catchup.gap = 1000 (default)
2020-10-14 21:15:51,880 [823e1d17-9ec2-4324-ad19-cd013f58686a@group-99BD7EE4F36C-LeaderElection22] INFO  server.RaftServerConfigKeys (ConfUtils.java:logGet(44)) - raft.server.rpc.sleep.time = 25ms (default)
2020-10-14 21:15:51,880 [823e1d17-9ec2-4324-ad19-cd013f58686a@group-99BD7EE4F36C-LeaderElection22] INFO  metrics.RatisMetrics (RatisMetrics.java:lambda$create$0(36)) - Creating Metrics Registry : ratis.log_appender.823e1d17-9ec2-4324-ad19-cd013f58686a@group-99BD7EE4F36C
2020-10-14 21:15:51,880 [823e1d17-9ec2-4324-ad19-cd013f58686a@group-99BD7EE4F36C-LeaderElection22] INFO  server.RaftServerConfigKeys (ConfUtils.java:logGet(44)) - raft.server.write.element-limit = 1024 (custom)
2020-10-14 21:15:51,880 [823e1d17-9ec2-4324-ad19-cd013f58686a@group-99BD7EE4F36C-LeaderElection22] INFO  server.RaftServerConfigKeys (ConfUtils.java:logGet(44)) - raft.server.write.byte-limit = 1073741824 (custom)
2020-10-14 21:15:51,881 [823e1d17-9ec2-4324-ad19-cd013f58686a@group-99BD7EE4F36C-LeaderElection22] INFO  server.RaftServerConfigKeys (ConfUtils.java:logGet(44)) - raft.server.watch.timeout = 180s (custom)
2020-10-14 21:15:51,881 [823e1d17-9ec2-4324-ad19-cd013f58686a@group-99BD7EE4F36C-LeaderElection22] INFO  server.RaftServerConfigKeys (ConfUtils.java:logGet(44)) - raft.server.watch.timeout.denomination = 1s (default)
2020-10-14 21:15:51,881 [823e1d17-9ec2-4324-ad19-cd013f58686a@group-99BD7EE4F36C-LeaderElection22] INFO  server.RaftServerConfigKeys (ConfUtils.java:logGet(44)) - raft.server.watch.element-limit = 65536 (default)
2020-10-14 21:15:51,881 [823e1d17-9ec2-4324-ad19-cd013f58686a@group-99BD7EE4F36C-LeaderElection22] INFO  impl.RoleInfo (RoleInfo.java:updateAndGet(143)) - 823e1d17-9ec2-4324-ad19-cd013f58686a: start LeaderState
2020-10-14 21:15:51,881 [823e1d17-9ec2-4324-ad19-cd013f58686a@group-99BD7EE4F36C-LeaderElection22] INFO  segmented.SegmentedRaftLogWorker (SegmentedRaftLogWorker.java:startLogSegment(397)) - 823e1d17-9ec2-4324-ad19-cd013f58686a@group-99BD7EE4F36C-SegmentedRaftLogWorker: Starting segment from index:0
2020-10-14 21:15:51,883 [823e1d17-9ec2-4324-ad19-cd013f58686a@group-99BD7EE4F36C-LeaderElection22] INFO  impl.RaftServerImpl (ServerState.java:setRaftConf(374)) - 823e1d17-9ec2-4324-ad19-cd013f58686a@group-99BD7EE4F36C: set configuration 0: [823e1d17-9ec2-4324-ad19-cd013f58686a:172.17.0.2:45645:0], old=null at 0
2020-10-14 21:15:51,890 [823e1d17-9ec2-4324-ad19-cd013f58686a@group-99BD7EE4F36C-SegmentedRaftLogWorker] INFO  segmented.SegmentedRaftLogWorker (SegmentedRaftLogWorker.java:execute(596)) - 823e1d17-9ec2-4324-ad19-cd013f58686a@group-99BD7EE4F36C-SegmentedRaftLogWorker: created new log segment /github/workspace/mnt/ozone/hadoop-ozone/integration-test/target/test-dir/MiniOzoneClusterImpl-2e4050b2-a17a-4fa5-be17-26c3c845a162/datanode-4/data/ratis/b8c1d22c-0a0d-4b40-875a-99bd7ee4f36c/current/log_inprogress_0
2020-10-14 21:15:52,202 [Thread-614] INFO  impl.FollowerState (FollowerState.java:run(108)) - 497cee6a-8cec-48d3-a21d-ba28642b4d07@group-60E435C7C11B-FollowerState: change to CANDIDATE, lastRpcTime:5121ms, electionTimeout:5120ms
2020-10-14 21:15:52,203 [Thread-614] INFO  impl.RoleInfo (RoleInfo.java:shutdownFollowerState(121)) - 497cee6a-8cec-48d3-a21d-ba28642b4d07: shutdown FollowerState
2020-10-14 21:15:52,203 [Thread-614] INFO  impl.RaftServerImpl (RaftServerImpl.java:setRole(198)) - 497cee6a-8cec-48d3-a21d-ba28642b4d07@group-60E435C7C11B: changes role from  FOLLOWER to CANDIDATE at term 0 for changeToCandidate
2020-10-14 21:15:52,203 [Thread-614] INFO  impl.RoleInfo (RoleInfo.java:updateAndGet(143)) - 497cee6a-8cec-48d3-a21d-ba28642b4d07: start LeaderElection
2020-10-14 21:15:52,206 [497cee6a-8cec-48d3-a21d-ba28642b4d07@group-60E435C7C11B-LeaderElection23] INFO  impl.LeaderElection (LeaderElection.java:askForVotes(210)) - 497cee6a-8cec-48d3-a21d-ba28642b4d07@group-60E435C7C11B-LeaderElection23: begin an election at term 1 for -1: [497cee6a-8cec-48d3-a21d-ba28642b4d07:172.17.0.2:45037:0], old=null
2020-10-14 21:15:52,206 [497cee6a-8cec-48d3-a21d-ba28642b4d07@group-60E435C7C11B-LeaderElection23] INFO  impl.RoleInfo (RoleInfo.java:shutdownLeaderElection(134)) - 497cee6a-8cec-48d3-a21d-ba28642b4d07: shutdown LeaderElection
2020-10-14 21:15:52,206 [497cee6a-8cec-48d3-a21d-ba28642b4d07@group-60E435C7C11B-LeaderElection23] INFO  impl.RaftServerImpl (RaftServerImpl.java:setRole(198)) - 497cee6a-8cec-48d3-a21d-ba28642b4d07@group-60E435C7C11B: changes role from CANDIDATE to LEADER at term 1 for changeToLeader
2020-10-14 21:15:52,206 [497cee6a-8cec-48d3-a21d-ba28642b4d07@group-60E435C7C11B-LeaderElection23] INFO  ratis.XceiverServerRatis (XceiverServerRatis.java:handleLeaderChangedNotification(822)) - Leader change notification received for group: group-60E435C7C11B with new leaderId: 497cee6a-8cec-48d3-a21d-ba28642b4d07
2020-10-14 21:15:52,207 [497cee6a-8cec-48d3-a21d-ba28642b4d07@group-60E435C7C11B-LeaderElection23] INFO  impl.RaftServerImpl (ServerState.java:setLeader(256)) - 497cee6a-8cec-48d3-a21d-ba28642b4d07@group-60E435C7C11B: change Leader from null to 497cee6a-8cec-48d3-a21d-ba28642b4d07 at term 1 for becomeLeader, leader elected after 5133ms
2020-10-14 21:15:52,207 [497cee6a-8cec-48d3-a21d-ba28642b4d07@group-60E435C7C11B-LeaderElection23] INFO  server.RaftServerConfigKeys (ConfUtils.java:logGet(44)) - raft.server.staging.catchup.gap = 1000 (default)
2020-10-14 21:15:52,207 [497cee6a-8cec-48d3-a21d-ba28642b4d07@group-60E435C7C11B-LeaderElection23] INFO  server.RaftServerConfigKeys (ConfUtils.java:logGet(44)) - raft.server.rpc.sleep.time = 25ms (default)
2020-10-14 21:15:52,207 [497cee6a-8cec-48d3-a21d-ba28642b4d07@group-60E435C7C11B-LeaderElection23] INFO  metrics.RatisMetrics (RatisMetrics.java:lambda$create$0(36)) - Creating Metrics Registry : ratis.log_appender.497cee6a-8cec-48d3-a21d-ba28642b4d07@group-60E435C7C11B
2020-10-14 21:15:52,208 [497cee6a-8cec-48d3-a21d-ba28642b4d07@group-60E435C7C11B-LeaderElection23] INFO  server.RaftServerConfigKeys (ConfUtils.java:logGet(44)) - raft.server.write.element-limit = 1024 (custom)
2020-10-14 21:15:52,208 [497cee6a-8cec-48d3-a21d-ba28642b4d07@group-60E435C7C11B-LeaderElection23] INFO  server.RaftServerConfigKeys (ConfUtils.java:logGet(44)) - raft.server.write.byte-limit = 1073741824 (custom)
2020-10-14 21:15:52,208 [497cee6a-8cec-48d3-a21d-ba28642b4d07@group-60E435C7C11B-LeaderElection23] INFO  server.RaftServerConfigKeys (ConfUtils.java:logGet(44)) - raft.server.watch.timeout = 180s (custom)
2020-10-14 21:15:52,208 [497cee6a-8cec-48d3-a21d-ba28642b4d07@group-60E435C7C11B-LeaderElection23] INFO  server.RaftServerConfigKeys (ConfUtils.java:logGet(44)) - raft.server.watch.timeout.denomination = 1s (default)
2020-10-14 21:15:52,208 [497cee6a-8cec-48d3-a21d-ba28642b4d07@group-60E435C7C11B-LeaderElection23] INFO  server.RaftServerConfigKeys (ConfUtils.java:logGet(44)) - raft.server.watch.element-limit = 65536 (default)
2020-10-14 21:15:52,209 [497cee6a-8cec-48d3-a21d-ba28642b4d07@group-60E435C7C11B-LeaderElection23] INFO  impl.RoleInfo (RoleInfo.java:updateAndGet(143)) - 497cee6a-8cec-48d3-a21d-ba28642b4d07: start LeaderState
2020-10-14 21:15:52,209 [497cee6a-8cec-48d3-a21d-ba28642b4d07@group-60E435C7C11B-LeaderElection23] INFO  segmented.SegmentedRaftLogWorker (SegmentedRaftLogWorker.java:startLogSegment(397)) - 497cee6a-8cec-48d3-a21d-ba28642b4d07@group-60E435C7C11B-SegmentedRaftLogWorker: Starting segment from index:0
2020-10-14 21:15:52,209 [497cee6a-8cec-48d3-a21d-ba28642b4d07@group-60E435C7C11B-LeaderElection23] INFO  impl.RaftServerImpl (ServerState.java:setRaftConf(374)) - 497cee6a-8cec-48d3-a21d-ba28642b4d07@group-60E435C7C11B: set configuration 0: [497cee6a-8cec-48d3-a21d-ba28642b4d07:172.17.0.2:45037:0], old=null at 0
2020-10-14 21:15:52,210 [497cee6a-8cec-48d3-a21d-ba28642b4d07@group-60E435C7C11B-SegmentedRaftLogWorker] INFO  segmented.SegmentedRaftLogWorker (SegmentedRaftLogWorker.java:execute(596)) - 497cee6a-8cec-48d3-a21d-ba28642b4d07@group-60E435C7C11B-SegmentedRaftLogWorker: created new log segment /github/workspace/mnt/ozone/hadoop-ozone/integration-test/target/test-dir/MiniOzoneClusterImpl-2e4050b2-a17a-4fa5-be17-26c3c845a162/datanode-5/data/ratis/ee2f0a48-fc84-4f8d-ae15-60e435c7c11b/current/log_inprogress_0
2020-10-14 21:15:52,241 [Listener at 127.0.0.1/35811] INFO  ozone.MiniOzoneClusterImpl (MiniOzoneClusterImpl.java:lambda$waitForClusterToBeReady$0(177)) - Nodes are ready. Got 7 of 7 DN Heartbeats.
2020-10-14 21:15:52,242 [Listener at 127.0.0.1/35811] INFO  ozone.MiniOzoneClusterImpl (MiniOzoneClusterImpl.java:lambda$waitForClusterToBeReady$0(180)) - Cluster exits safe mode
2020-10-14 21:15:52,251 [Listener at 127.0.0.1/35811] INFO  rpc.RpcClient (RpcClient.java:createVolume(321)) - Creating Volume: testblockoutputstreamwithretries, with jenkins1001 as owner.
2020-10-14 21:15:52,253 [IPC Server handler 2 on default port 35811] INFO  volume.OMVolumeCreateRequest (OMVolumeCreateRequest.java:validateAndUpdateCache(196)) - created volume:testblockoutputstreamwithretries for user:jenkins1001
2020-10-14 21:15:52,257 [Listener at 127.0.0.1/35811] INFO  rpc.RpcClient (RpcClient.java:createBucket(476)) - Creating Bucket: testblockoutputstreamwithretries/testblockoutputstreamwithretries, with Versioning false and Storage Type set to DISK and Encryption set to false 
2020-10-14 21:15:52,276 [Listener at 127.0.0.1/35811] INFO  metrics.RatisMetrics (RatisMetrics.java:lambda$create$0(36)) - Creating Metrics Registry : ratis.client_message_metrics.client-6569358F1170->a2749394-0239-4d59-b5c5-6ec7975208db
2020-10-14 21:15:52,281 [grpc-default-executor-0] INFO  metrics.RatisMetrics (RatisMetrics.java:lambda$create$0(36)) - Creating Metrics Registry : ratis.server_message_metrics.a2749394-0239-4d59-b5c5-6ec7975208db
2020-10-14 21:15:52,439 [Thread-616] INFO  impl.FollowerState (FollowerState.java:run(108)) - a2749394-0239-4d59-b5c5-6ec7975208db@group-51769F462877-FollowerState: change to CANDIDATE, lastRpcTime:5174ms, electionTimeout:5173ms
2020-10-14 21:15:52,439 [Thread-616] INFO  impl.RoleInfo (RoleInfo.java:shutdownFollowerState(121)) - a2749394-0239-4d59-b5c5-6ec7975208db: shutdown FollowerState
2020-10-14 21:15:52,439 [Thread-616] INFO  impl.RaftServerImpl (RaftServerImpl.java:setRole(198)) - a2749394-0239-4d59-b5c5-6ec7975208db@group-51769F462877: changes role from  FOLLOWER to CANDIDATE at term 0 for changeToCandidate
2020-10-14 21:15:52,440 [Thread-616] INFO  impl.RoleInfo (RoleInfo.java:updateAndGet(143)) - a2749394-0239-4d59-b5c5-6ec7975208db: start LeaderElection
2020-10-14 21:15:52,447 [a2749394-0239-4d59-b5c5-6ec7975208db@group-51769F462877-LeaderElection24] INFO  impl.LeaderElection (LeaderElection.java:askForVotes(210)) - a2749394-0239-4d59-b5c5-6ec7975208db@group-51769F462877-LeaderElection24: begin an election at term 1 for -1: [a2749394-0239-4d59-b5c5-6ec7975208db:172.17.0.2:41507:0], old=null
2020-10-14 21:15:52,447 [a2749394-0239-4d59-b5c5-6ec7975208db@group-51769F462877-LeaderElection24] INFO  impl.RoleInfo (RoleInfo.java:shutdownLeaderElection(134)) - a2749394-0239-4d59-b5c5-6ec7975208db: shutdown LeaderElection
2020-10-14 21:15:52,448 [a2749394-0239-4d59-b5c5-6ec7975208db@group-51769F462877-LeaderElection24] INFO  impl.RaftServerImpl (RaftServerImpl.java:setRole(198)) - a2749394-0239-4d59-b5c5-6ec7975208db@group-51769F462877: changes role from CANDIDATE to LEADER at term 1 for changeToLeader
2020-10-14 21:15:52,448 [a2749394-0239-4d59-b5c5-6ec7975208db@group-51769F462877-LeaderElection24] INFO  ratis.XceiverServerRatis (XceiverServerRatis.java:handleLeaderChangedNotification(822)) - Leader change notification received for group: group-51769F462877 with new leaderId: a2749394-0239-4d59-b5c5-6ec7975208db
2020-10-14 21:15:52,448 [a2749394-0239-4d59-b5c5-6ec7975208db@group-51769F462877-LeaderElection24] INFO  impl.RaftServerImpl (ServerState.java:setLeader(256)) - a2749394-0239-4d59-b5c5-6ec7975208db@group-51769F462877: change Leader from null to a2749394-0239-4d59-b5c5-6ec7975208db at term 1 for becomeLeader, leader elected after 5188ms
2020-10-14 21:15:52,448 [a2749394-0239-4d59-b5c5-6ec7975208db@group-51769F462877-LeaderElection24] INFO  server.RaftServerConfigKeys (ConfUtils.java:logGet(44)) - raft.server.staging.catchup.gap = 1000 (default)
2020-10-14 21:15:52,449 [a2749394-0239-4d59-b5c5-6ec7975208db@group-51769F462877-LeaderElection24] INFO  server.RaftServerConfigKeys (ConfUtils.java:logGet(44)) - raft.server.rpc.sleep.time = 25ms (default)
2020-10-14 21:15:52,449 [a2749394-0239-4d59-b5c5-6ec7975208db@group-51769F462877-LeaderElection24] INFO  metrics.RatisMetrics (RatisMetrics.java:lambda$create$0(36)) - Creating Metrics Registry : ratis.log_appender.a2749394-0239-4d59-b5c5-6ec7975208db@group-51769F462877
2020-10-14 21:15:52,449 [a2749394-0239-4d59-b5c5-6ec7975208db@group-51769F462877-LeaderElection24] INFO  server.RaftServerConfigKeys (ConfUtils.java:logGet(44)) - raft.server.write.element-limit = 1024 (custom)
2020-10-14 21:15:52,449 [a2749394-0239-4d59-b5c5-6ec7975208db@group-51769F462877-LeaderElection24] INFO  server.RaftServerConfigKeys (ConfUtils.java:logGet(44)) - raft.server.write.byte-limit = 1073741824 (custom)
2020-10-14 21:15:52,450 [a2749394-0239-4d59-b5c5-6ec7975208db@group-51769F462877-LeaderElection24] INFO  server.RaftServerConfigKeys (ConfUtils.java:logGet(44)) - raft.server.watch.timeout = 180s (custom)
2020-10-14 21:15:52,450 [a2749394-0239-4d59-b5c5-6ec7975208db@group-51769F462877-LeaderElection24] INFO  server.RaftServerConfigKeys (ConfUtils.java:logGet(44)) - raft.server.watch.timeout.denomination = 1s (default)
2020-10-14 21:15:52,450 [a2749394-0239-4d59-b5c5-6ec7975208db@group-51769F462877-LeaderElection24] INFO  server.RaftServerConfigKeys (ConfUtils.java:logGet(44)) - raft.server.watch.element-limit = 65536 (default)
2020-10-14 21:15:52,450 [a2749394-0239-4d59-b5c5-6ec7975208db@group-51769F462877-LeaderElection24] INFO  impl.RoleInfo (RoleInfo.java:updateAndGet(143)) - a2749394-0239-4d59-b5c5-6ec7975208db: start LeaderState
2020-10-14 21:15:52,452 [a2749394-0239-4d59-b5c5-6ec7975208db@group-51769F462877-LeaderElection24] INFO  segmented.SegmentedRaftLogWorker (SegmentedRaftLogWorker.java:startLogSegment(397)) - a2749394-0239-4d59-b5c5-6ec7975208db@group-51769F462877-SegmentedRaftLogWorker: Starting segment from index:0
2020-10-14 21:15:52,453 [a2749394-0239-4d59-b5c5-6ec7975208db@group-51769F462877-SegmentedRaftLogWorker] INFO  segmented.SegmentedRaftLogWorker (SegmentedRaftLogWorker.java:execute(596)) - a2749394-0239-4d59-b5c5-6ec7975208db@group-51769F462877-SegmentedRaftLogWorker: created new log segment /github/workspace/mnt/ozone/hadoop-ozone/integration-test/target/test-dir/MiniOzoneClusterImpl-2e4050b2-a17a-4fa5-be17-26c3c845a162/datanode-6/data/ratis/4c69807f-ca3a-4c6f-8183-51769f462877/current/log_inprogress_0
2020-10-14 21:15:52,456 [a2749394-0239-4d59-b5c5-6ec7975208db@group-51769F462877-LeaderElection24] INFO  impl.RaftServerImpl (ServerState.java:setRaftConf(374)) - a2749394-0239-4d59-b5c5-6ec7975208db@group-51769F462877: set configuration 0: [a2749394-0239-4d59-b5c5-6ec7975208db:172.17.0.2:41507:0], old=null at 0
2020-10-14 21:15:54,327 [EventQueue-Delayed safe mode statusForReplicationManager] INFO  container.ReplicationManager (ReplicationManager.java:start(178)) - Starting Replication Monitor Thread.
2020-10-14 21:15:54,332 [ReplicationMonitor] INFO  container.ReplicationManager (ReplicationManager.java:run(242)) - Replication Monitor Thread took 1 milliseconds for processing 3 containers.
2020-10-14 21:16:04,595 [Listener at 127.0.0.1/35811] INFO  metrics.RatisMetrics (RatisMetrics.java:lambda$create$0(36)) - Creating Metrics Registry : ratis.client_message_metrics.client-E2FAFAF703C2->a2749394-0239-4d59-b5c5-6ec7975208db
2020-10-14 21:16:04,652 [Listener at 127.0.0.1/35811] INFO  metrics.RatisMetrics (RatisMetrics.java:lambda$create$0(36)) - Creating Metrics Registry : ratis.client_message_metrics.client-3A043C57E651->823e1d17-9ec2-4324-ad19-cd013f58686a
2020-10-14 21:16:04,698 [Listener at 127.0.0.1/35811] INFO  metrics.RatisMetrics (RatisMetrics.java:lambda$create$0(36)) - Creating Metrics Registry : ratis.client_message_metrics.client-561E5D0623F9->a2749394-0239-4d59-b5c5-6ec7975208db
2020-10-14 21:16:04,737 [EventQueue-CloseContainerForCloseContainerEventHandler] INFO  container.CloseContainerEventHandler (CloseContainerEventHandler.java:onMessage(61)) - Close container Event triggered for container : #1
2020-10-14 21:16:04,738 [EventQueue-CloseContainerForCloseContainerEventHandler] INFO  container.CloseContainerEventHandler (CloseContainerEventHandler.java:onMessage(61)) - Close container Event triggered for container : #2
2020-10-14 21:16:04,739 [EventQueue-CloseContainerForCloseContainerEventHandler] INFO  container.CloseContainerEventHandler (CloseContainerEventHandler.java:onMessage(61)) - Close container Event triggered for container : #3
2020-10-14 21:16:05,891 [RatisApplyTransactionExecutor 3] INFO  keyvalue.KeyValueContainer (KeyValueContainer.java:flushAndSyncDB(388)) - Container 3 is synced with bcsId 0.
2020-10-14 21:16:05,891 [RatisApplyTransactionExecutor 3] INFO  keyvalue.KeyValueContainer (KeyValueContainer.java:flushAndSyncDB(388)) - Container 3 is synced with bcsId 0.
2020-10-14 21:16:05,894 [RatisApplyTransactionExecutor 3] INFO  keyvalue.KeyValueContainer (KeyValueContainer.java:close(326)) - Container 3 is closed with bcsId 0.
2020-10-14 21:16:05,895 [EventQueue-IncrementalContainerReportForIncrementalContainerReportHandler] INFO  container.IncrementalContainerReportHandler (AbstractContainerReportHandler.java:updateContainerState(215)) - Moving container #3 to CLOSED state, datanode 823e1d17-9ec2-4324-ad19-cd013f58686a{ip: 172.17.0.2, host: c0b050688864, networkLocation: /default-rack, certSerialId: null} reported CLOSED replica.
2020-10-14 21:16:06,656 [RatisApplyTransactionExecutor 1] INFO  keyvalue.KeyValueContainer (KeyValueContainer.java:flushAndSyncDB(388)) - Container 1 is synced with bcsId 13.
2020-10-14 21:16:06,656 [RatisApplyTransactionExecutor 1] INFO  keyvalue.KeyValueContainer (KeyValueContainer.java:flushAndSyncDB(388)) - Container 1 is synced with bcsId 13.
2020-10-14 21:16:06,659 [RatisApplyTransactionExecutor 1] INFO  keyvalue.KeyValueContainer (KeyValueContainer.java:close(326)) - Container 1 is closed with bcsId 13.
2020-10-14 21:16:06,660 [EventQueue-IncrementalContainerReportForIncrementalContainerReportHandler] INFO  container.IncrementalContainerReportHandler (AbstractContainerReportHandler.java:updateContainerState(215)) - Moving container #1 to CLOSED state, datanode a2749394-0239-4d59-b5c5-6ec7975208db{ip: 172.17.0.2, host: c0b050688864, networkLocation: /default-rack, certSerialId: null} reported CLOSED replica.
2020-10-14 21:16:06,665 [RatisApplyTransactionExecutor 2] INFO  keyvalue.KeyValueContainer (KeyValueContainer.java:flushAndSyncDB(388)) - Container 2 is synced with bcsId 0.
2020-10-14 21:16:06,665 [RatisApplyTransactionExecutor 2] INFO  keyvalue.KeyValueContainer (KeyValueContainer.java:flushAndSyncDB(388)) - Container 2 is synced with bcsId 0.
2020-10-14 21:16:06,667 [RatisApplyTransactionExecutor 2] INFO  keyvalue.KeyValueContainer (KeyValueContainer.java:close(326)) - Container 2 is closed with bcsId 0.
2020-10-14 21:16:06,671 [EventQueue-IncrementalContainerReportForIncrementalContainerReportHandler] INFO  container.IncrementalContainerReportHandler (AbstractContainerReportHandler.java:updateContainerState(215)) - Moving container #2 to CLOSED state, datanode a2749394-0239-4d59-b5c5-6ec7975208db{ip: 172.17.0.2, host: c0b050688864, networkLocation: /default-rack, certSerialId: null} reported CLOSED replica.
21:16:06.742 [grpc-default-executor-0] ERROR DNAudit - user=null | ip=null | op=WRITE_CHUNK {blockData=conID: 1 locID: 105035212539035651 bcsId: 13} | ret=FAILURE
org.apache.hadoop.hdds.scm.container.common.helpers.ContainerNotOpenException: Container 1 in CLOSED state
	at org.apache.hadoop.ozone.container.common.impl.HddsDispatcher.validateContainerCommand(HddsDispatcher.java:484) ~[hadoop-hdds-container-service-1.1.0-SNAPSHOT.jar:?]
	at org.apache.hadoop.ozone.container.common.transport.server.ratis.ContainerStateMachine.startTransaction(ContainerStateMachine.java:319) ~[hadoop-hdds-container-service-1.1.0-SNAPSHOT.jar:?]
	at org.apache.ratis.server.impl.RaftServerImpl.submitClientRequestAsync(RaftServerImpl.java:684) ~[ratis-server-1.1.0-11689cd-SNAPSHOT.jar:1.1.0-11689cd-SNAPSHOT]
	at org.apache.ratis.server.impl.RaftServerProxy.lambda$submitClientRequestAsync$7(RaftServerProxy.java:341) ~[ratis-server-1.1.0-11689cd-SNAPSHOT.jar:1.1.0-11689cd-SNAPSHOT]
	at org.apache.ratis.server.impl.RaftServerProxy.lambda$null$5(RaftServerProxy.java:336) ~[ratis-server-1.1.0-11689cd-SNAPSHOT.jar:1.1.0-11689cd-SNAPSHOT]
	at org.apache.ratis.util.JavaUtils.callAsUnchecked(JavaUtils.java:109) ~[ratis-common-1.1.0-11689cd-SNAPSHOT.jar:1.1.0-11689cd-SNAPSHOT]
	at org.apache.ratis.server.impl.RaftServerProxy.lambda$submitRequest$6(RaftServerProxy.java:336) ~[ratis-server-1.1.0-11689cd-SNAPSHOT.jar:1.1.0-11689cd-SNAPSHOT]
	at java.util.concurrent.CompletableFuture.uniComposeStage(CompletableFuture.java:995) ~[?:1.8.0_232]
	at java.util.concurrent.CompletableFuture.thenCompose(CompletableFuture.java:2137) ~[?:1.8.0_232]
	at org.apache.ratis.server.impl.RaftServerProxy.submitRequest(RaftServerProxy.java:335) ~[ratis-server-1.1.0-11689cd-SNAPSHOT.jar:1.1.0-11689cd-SNAPSHOT]
	at org.apache.ratis.server.impl.RaftServerProxy.submitClientRequestAsync(RaftServerProxy.java:341) ~[ratis-server-1.1.0-11689cd-SNAPSHOT.jar:1.1.0-11689cd-SNAPSHOT]
	at org.apache.ratis.grpc.client.GrpcClientProtocolService$RequestStreamObserver.processClientRequest(GrpcClientProtocolService.java:228) ~[ratis-grpc-1.1.0-11689cd-SNAPSHOT.jar:1.1.0-11689cd-SNAPSHOT]
	at org.apache.ratis.grpc.client.GrpcClientProtocolService$OrderedRequestStreamObserver.processClientRequest(GrpcClientProtocolService.java:334) ~[ratis-grpc-1.1.0-11689cd-SNAPSHOT.jar:1.1.0-11689cd-SNAPSHOT]
	at org.apache.ratis.util.SlidingWindow$Server.processRequestsFromHead(SlidingWindow.java:429) [ratis-common-1.1.0-11689cd-SNAPSHOT.jar:1.1.0-11689cd-SNAPSHOT]
	at org.apache.ratis.util.SlidingWindow$Server.receivedRequest(SlidingWindow.java:421) [ratis-common-1.1.0-11689cd-SNAPSHOT.jar:1.1.0-11689cd-SNAPSHOT]
	at org.apache.ratis.grpc.client.GrpcClientProtocolService$OrderedRequestStreamObserver.processClientRequest(GrpcClientProtocolService.java:358) [ratis-grpc-1.1.0-11689cd-SNAPSHOT.jar:1.1.0-11689cd-SNAPSHOT]
	at org.apache.ratis.grpc.client.GrpcClientProtocolService$RequestStreamObserver.onNext(GrpcClientProtocolService.java:248) [ratis-grpc-1.1.0-11689cd-SNAPSHOT.jar:1.1.0-11689cd-SNAPSHOT]
	at org.apache.ratis.grpc.client.GrpcClientProtocolService$RequestStreamObserver.onNext(GrpcClientProtocolService.java:171) [ratis-grpc-1.1.0-11689cd-SNAPSHOT.jar:1.1.0-11689cd-SNAPSHOT]
	at org.apache.ratis.thirdparty.io.grpc.stub.ServerCalls$StreamingServerCallHandler$StreamingServerCallListener.onMessage(ServerCalls.java:251) [ratis-thirdparty-misc-0.6.0-SNAPSHOT.jar:0.6.0-SNAPSHOT]
	at org.apache.ratis.thirdparty.io.grpc.ForwardingServerCallListener.onMessage(ForwardingServerCallListener.java:33) [ratis-thirdparty-misc-0.6.0-SNAPSHOT.jar:0.6.0-SNAPSHOT]
	at org.apache.ratis.thirdparty.io.grpc.internal.ServerCallImpl$ServerStreamListenerImpl.messagesAvailableInternal(ServerCallImpl.java:309) [ratis-thirdparty-misc-0.6.0-SNAPSHOT.jar:0.6.0-SNAPSHOT]
	at org.apache.ratis.thirdparty.io.grpc.internal.ServerCallImpl$ServerStreamListenerImpl.messagesAvailable(ServerCallImpl.java:292) [ratis-thirdparty-misc-0.6.0-SNAPSHOT.jar:0.6.0-SNAPSHOT]
	at org.apache.ratis.thirdparty.io.grpc.internal.ServerImpl$JumpToApplicationThreadServerStreamListener$1MessagesAvailable.runInContext(ServerImpl.java:783) [ratis-thirdparty-misc-0.6.0-SNAPSHOT.jar:0.6.0-SNAPSHOT]
	at org.apache.ratis.thirdparty.io.grpc.internal.ContextRunnable.run(ContextRunnable.java:37) [ratis-thirdparty-misc-0.6.0-SNAPSHOT.jar:0.6.0-SNAPSHOT]
	at org.apache.ratis.thirdparty.io.grpc.internal.SerializingExecutor.run(SerializingExecutor.java:123) [ratis-thirdparty-misc-0.6.0-SNAPSHOT.jar:0.6.0-SNAPSHOT]
	at java.util.concurrent.ThreadPoolExecutor.runWorker(ThreadPoolExecutor.java:1149) [?:1.8.0_232]
	at java.util.concurrent.ThreadPoolExecutor$Worker.run(ThreadPoolExecutor.java:624) [?:1.8.0_232]
	at java.lang.Thread.run(Thread.java:748) [?:1.8.0_232]
21:16:06.756 [grpc-default-executor-0] ERROR DNAudit - user=null | ip=null | op=WRITE_CHUNK {blockData=conID: 1 locID: 105035212539035651 bcsId: 13} | ret=FAILURE
org.apache.hadoop.hdds.scm.container.common.helpers.ContainerNotOpenException: Container 1 in CLOSED state
	at org.apache.hadoop.ozone.container.common.impl.HddsDispatcher.validateContainerCommand(HddsDispatcher.java:484) ~[hadoop-hdds-container-service-1.1.0-SNAPSHOT.jar:?]
	at org.apache.hadoop.ozone.container.common.transport.server.ratis.ContainerStateMachine.startTransaction(ContainerStateMachine.java:319) ~[hadoop-hdds-container-service-1.1.0-SNAPSHOT.jar:?]
	at org.apache.ratis.server.impl.RaftServerImpl.submitClientRequestAsync(RaftServerImpl.java:684) ~[ratis-server-1.1.0-11689cd-SNAPSHOT.jar:1.1.0-11689cd-SNAPSHOT]
	at org.apache.ratis.server.impl.RaftServerProxy.lambda$submitClientRequestAsync$7(RaftServerProxy.java:341) ~[ratis-server-1.1.0-11689cd-SNAPSHOT.jar:1.1.0-11689cd-SNAPSHOT]
	at org.apache.ratis.server.impl.RaftServerProxy.lambda$null$5(RaftServerProxy.java:336) ~[ratis-server-1.1.0-11689cd-SNAPSHOT.jar:1.1.0-11689cd-SNAPSHOT]
	at org.apache.ratis.util.JavaUtils.callAsUnchecked(JavaUtils.java:109) ~[ratis-common-1.1.0-11689cd-SNAPSHOT.jar:1.1.0-11689cd-SNAPSHOT]
	at org.apache.ratis.server.impl.RaftServerProxy.lambda$submitRequest$6(RaftServerProxy.java:336) ~[ratis-server-1.1.0-11689cd-SNAPSHOT.jar:1.1.0-11689cd-SNAPSHOT]
	at java.util.concurrent.CompletableFuture.uniComposeStage(CompletableFuture.java:995) ~[?:1.8.0_232]
	at java.util.concurrent.CompletableFuture.thenCompose(CompletableFuture.java:2137) ~[?:1.8.0_232]
	at org.apache.ratis.server.impl.RaftServerProxy.submitRequest(RaftServerProxy.java:335) ~[ratis-server-1.1.0-11689cd-SNAPSHOT.jar:1.1.0-11689cd-SNAPSHOT]
	at org.apache.ratis.server.impl.RaftServerProxy.submitClientRequestAsync(RaftServerProxy.java:341) ~[ratis-server-1.1.0-11689cd-SNAPSHOT.jar:1.1.0-11689cd-SNAPSHOT]
	at org.apache.ratis.grpc.client.GrpcClientProtocolService$RequestStreamObserver.processClientRequest(GrpcClientProtocolService.java:228) ~[ratis-grpc-1.1.0-11689cd-SNAPSHOT.jar:1.1.0-11689cd-SNAPSHOT]
	at org.apache.ratis.grpc.client.GrpcClientProtocolService$OrderedRequestStreamObserver.processClientRequest(GrpcClientProtocolService.java:334) ~[ratis-grpc-1.1.0-11689cd-SNAPSHOT.jar:1.1.0-11689cd-SNAPSHOT]
	at org.apache.ratis.util.SlidingWindow$Server.processRequestsFromHead(SlidingWindow.java:429) [ratis-common-1.1.0-11689cd-SNAPSHOT.jar:1.1.0-11689cd-SNAPSHOT]
	at org.apache.ratis.util.SlidingWindow$Server.receivedRequest(SlidingWindow.java:421) [ratis-common-1.1.0-11689cd-SNAPSHOT.jar:1.1.0-11689cd-SNAPSHOT]
	at org.apache.ratis.grpc.client.GrpcClientProtocolService$OrderedRequestStreamObserver.processClientRequest(GrpcClientProtocolService.java:358) [ratis-grpc-1.1.0-11689cd-SNAPSHOT.jar:1.1.0-11689cd-SNAPSHOT]
	at org.apache.ratis.grpc.client.GrpcClientProtocolService$RequestStreamObserver.onNext(GrpcClientProtocolService.java:248) [ratis-grpc-1.1.0-11689cd-SNAPSHOT.jar:1.1.0-11689cd-SNAPSHOT]
	at org.apache.ratis.grpc.client.GrpcClientProtocolService$RequestStreamObserver.onNext(GrpcClientProtocolService.java:171) [ratis-grpc-1.1.0-11689cd-SNAPSHOT.jar:1.1.0-11689cd-SNAPSHOT]
	at org.apache.ratis.thirdparty.io.grpc.stub.ServerCalls$StreamingServerCallHandler$StreamingServerCallListener.onMessage(ServerCalls.java:251) [ratis-thirdparty-misc-0.6.0-SNAPSHOT.jar:0.6.0-SNAPSHOT]
	at org.apache.ratis.thirdparty.io.grpc.ForwardingServerCallListener.onMessage(ForwardingServerCallListener.java:33) [ratis-thirdparty-misc-0.6.0-SNAPSHOT.jar:0.6.0-SNAPSHOT]
	at org.apache.ratis.thirdparty.io.grpc.internal.ServerCallImpl$ServerStreamListenerImpl.messagesAvailableInternal(ServerCallImpl.java:309) [ratis-thirdparty-misc-0.6.0-SNAPSHOT.jar:0.6.0-SNAPSHOT]
	at org.apache.ratis.thirdparty.io.grpc.internal.ServerCallImpl$ServerStreamListenerImpl.messagesAvailable(ServerCallImpl.java:292) [ratis-thirdparty-misc-0.6.0-SNAPSHOT.jar:0.6.0-SNAPSHOT]
	at org.apache.ratis.thirdparty.io.grpc.internal.ServerImpl$JumpToApplicationThreadServerStreamListener$1MessagesAvailable.runInContext(ServerImpl.java:783) [ratis-thirdparty-misc-0.6.0-SNAPSHOT.jar:0.6.0-SNAPSHOT]
	at org.apache.ratis.thirdparty.io.grpc.internal.ContextRunnable.run(ContextRunnable.java:37) [ratis-thirdparty-misc-0.6.0-SNAPSHOT.jar:0.6.0-SNAPSHOT]
	at org.apache.ratis.thirdparty.io.grpc.internal.SerializingExecutor.run(SerializingExecutor.java:123) [ratis-thirdparty-misc-0.6.0-SNAPSHOT.jar:0.6.0-SNAPSHOT]
	at java.util.concurrent.ThreadPoolExecutor.runWorker(ThreadPoolExecutor.java:1149) [?:1.8.0_232]
	at java.util.concurrent.ThreadPoolExecutor$Worker.run(ThreadPoolExecutor.java:624) [?:1.8.0_232]
	at java.lang.Thread.run(Thread.java:748) [?:1.8.0_232]
2020-10-14 21:16:06,764 [grpc-default-executor-1] ERROR storage.BlockOutputStream (BlockOutputStream.java:lambda$writeChunkToContainer$3(685)) - writing chunk failed 105035212539035651_chunk_5 blockID conID: 1 locID: 105035212539035651 bcsId: 13 with exception org.apache.ratis.protocol.exceptions.StateMachineException: org.apache.hadoop.hdds.scm.container.common.helpers.ContainerNotOpenException from Server a2749394-0239-4d59-b5c5-6ec7975208db@group-51769F462877: Container 1 in CLOSED state
2020-10-14 21:16:06,768 [grpc-default-executor-1] ERROR storage.BlockOutputStream (BlockOutputStream.java:lambda$writeChunkToContainer$3(685)) - writing chunk failed 105035212539035651_chunk_6 blockID conID: 1 locID: 105035212539035651 bcsId: 13 with exception org.apache.ratis.protocol.exceptions.StateMachineException: org.apache.hadoop.hdds.scm.container.common.helpers.ContainerNotOpenException from Server a2749394-0239-4d59-b5c5-6ec7975208db@group-51769F462877: Container 1 in CLOSED state
21:16:06.769 [grpc-default-executor-0] ERROR DNAudit - user=null | ip=null | op=PUT_BLOCK {blockData=[blockId=conID: 1 locID: 105035212539035651 bcsId: 0,size=600]} | ret=FAILURE
org.apache.hadoop.hdds.scm.container.common.helpers.ContainerNotOpenException: Container 1 in CLOSED state
	at org.apache.hadoop.ozone.container.common.impl.HddsDispatcher.validateContainerCommand(HddsDispatcher.java:484) ~[hadoop-hdds-container-service-1.1.0-SNAPSHOT.jar:?]
	at org.apache.hadoop.ozone.container.common.transport.server.ratis.ContainerStateMachine.startTransaction(ContainerStateMachine.java:319) ~[hadoop-hdds-container-service-1.1.0-SNAPSHOT.jar:?]
	at org.apache.ratis.server.impl.RaftServerImpl.submitClientRequestAsync(RaftServerImpl.java:684) ~[ratis-server-1.1.0-11689cd-SNAPSHOT.jar:1.1.0-11689cd-SNAPSHOT]
	at org.apache.ratis.server.impl.RaftServerProxy.lambda$submitClientRequestAsync$7(RaftServerProxy.java:341) ~[ratis-server-1.1.0-11689cd-SNAPSHOT.jar:1.1.0-11689cd-SNAPSHOT]
	at org.apache.ratis.server.impl.RaftServerProxy.lambda$null$5(RaftServerProxy.java:336) ~[ratis-server-1.1.0-11689cd-SNAPSHOT.jar:1.1.0-11689cd-SNAPSHOT]
	at org.apache.ratis.util.JavaUtils.callAsUnchecked(JavaUtils.java:109) ~[ratis-common-1.1.0-11689cd-SNAPSHOT.jar:1.1.0-11689cd-SNAPSHOT]
	at org.apache.ratis.server.impl.RaftServerProxy.lambda$submitRequest$6(RaftServerProxy.java:336) ~[ratis-server-1.1.0-11689cd-SNAPSHOT.jar:1.1.0-11689cd-SNAPSHOT]
	at java.util.concurrent.CompletableFuture.uniComposeStage(CompletableFuture.java:995) ~[?:1.8.0_232]
	at java.util.concurrent.CompletableFuture.thenCompose(CompletableFuture.java:2137) ~[?:1.8.0_232]
	at org.apache.ratis.server.impl.RaftServerProxy.submitRequest(RaftServerProxy.java:335) ~[ratis-server-1.1.0-11689cd-SNAPSHOT.jar:1.1.0-11689cd-SNAPSHOT]
	at org.apache.ratis.server.impl.RaftServerProxy.submitClientRequestAsync(RaftServerProxy.java:341) ~[ratis-server-1.1.0-11689cd-SNAPSHOT.jar:1.1.0-11689cd-SNAPSHOT]
	at org.apache.ratis.grpc.client.GrpcClientProtocolService$RequestStreamObserver.processClientRequest(GrpcClientProtocolService.java:228) ~[ratis-grpc-1.1.0-11689cd-SNAPSHOT.jar:1.1.0-11689cd-SNAPSHOT]
	at org.apache.ratis.grpc.client.GrpcClientProtocolService$OrderedRequestStreamObserver.processClientRequest(GrpcClientProtocolService.java:334) ~[ratis-grpc-1.1.0-11689cd-SNAPSHOT.jar:1.1.0-11689cd-SNAPSHOT]
	at org.apache.ratis.util.SlidingWindow$Server.processRequestsFromHead(SlidingWindow.java:429) [ratis-common-1.1.0-11689cd-SNAPSHOT.jar:1.1.0-11689cd-SNAPSHOT]
	at org.apache.ratis.util.SlidingWindow$Server.receivedRequest(SlidingWindow.java:421) [ratis-common-1.1.0-11689cd-SNAPSHOT.jar:1.1.0-11689cd-SNAPSHOT]
	at org.apache.ratis.grpc.client.GrpcClientProtocolService$OrderedRequestStreamObserver.processClientRequest(GrpcClientProtocolService.java:358) [ratis-grpc-1.1.0-11689cd-SNAPSHOT.jar:1.1.0-11689cd-SNAPSHOT]
	at org.apache.ratis.grpc.client.GrpcClientProtocolService$RequestStreamObserver.onNext(GrpcClientProtocolService.java:248) [ratis-grpc-1.1.0-11689cd-SNAPSHOT.jar:1.1.0-11689cd-SNAPSHOT]
	at org.apache.ratis.grpc.client.GrpcClientProtocolService$RequestStreamObserver.onNext(GrpcClientProtocolService.java:171) [ratis-grpc-1.1.0-11689cd-SNAPSHOT.jar:1.1.0-11689cd-SNAPSHOT]
	at org.apache.ratis.thirdparty.io.grpc.stub.ServerCalls$StreamingServerCallHandler$StreamingServerCallListener.onMessage(ServerCalls.java:251) [ratis-thirdparty-misc-0.6.0-SNAPSHOT.jar:0.6.0-SNAPSHOT]
	at org.apache.ratis.thirdparty.io.grpc.ForwardingServerCallListener.onMessage(ForwardingServerCallListener.java:33) [ratis-thirdparty-misc-0.6.0-SNAPSHOT.jar:0.6.0-SNAPSHOT]
	at org.apache.ratis.thirdparty.io.grpc.internal.ServerCallImpl$ServerStreamListenerImpl.messagesAvailableInternal(ServerCallImpl.java:309) [ratis-thirdparty-misc-0.6.0-SNAPSHOT.jar:0.6.0-SNAPSHOT]
	at org.apache.ratis.thirdparty.io.grpc.internal.ServerCallImpl$ServerStreamListenerImpl.messagesAvailable(ServerCallImpl.java:292) [ratis-thirdparty-misc-0.6.0-SNAPSHOT.jar:0.6.0-SNAPSHOT]
	at org.apache.ratis.thirdparty.io.grpc.internal.ServerImpl$JumpToApplicationThreadServerStreamListener$1MessagesAvailable.runInContext(ServerImpl.java:783) [ratis-thirdparty-misc-0.6.0-SNAPSHOT.jar:0.6.0-SNAPSHOT]
	at org.apache.ratis.thirdparty.io.grpc.internal.ContextRunnable.run(ContextRunnable.java:37) [ratis-thirdparty-misc-0.6.0-SNAPSHOT.jar:0.6.0-SNAPSHOT]
	at org.apache.ratis.thirdparty.io.grpc.internal.SerializingExecutor.run(SerializingExecutor.java:123) [ratis-thirdparty-misc-0.6.0-SNAPSHOT.jar:0.6.0-SNAPSHOT]
	at java.util.concurrent.ThreadPoolExecutor.runWorker(ThreadPoolExecutor.java:1149) [?:1.8.0_232]
	at java.util.concurrent.ThreadPoolExecutor$Worker.run(ThreadPoolExecutor.java:624) [?:1.8.0_232]
	at java.lang.Thread.run(Thread.java:748) [?:1.8.0_232]
21:16:06.770 [grpc-default-executor-0] ERROR DNAudit - user=null | ip=null | op=WRITE_CHUNK {blockData=conID: 1 locID: 105035212539035651 bcsId: 13} | ret=FAILURE
org.apache.hadoop.hdds.scm.container.common.helpers.ContainerNotOpenException: Container 1 in CLOSED state
	at org.apache.hadoop.ozone.container.common.impl.HddsDispatcher.validateContainerCommand(HddsDispatcher.java:484) ~[hadoop-hdds-container-service-1.1.0-SNAPSHOT.jar:?]
	at org.apache.hadoop.ozone.container.common.transport.server.ratis.ContainerStateMachine.startTransaction(ContainerStateMachine.java:319) ~[hadoop-hdds-container-service-1.1.0-SNAPSHOT.jar:?]
	at org.apache.ratis.server.impl.RaftServerImpl.submitClientRequestAsync(RaftServerImpl.java:684) ~[ratis-server-1.1.0-11689cd-SNAPSHOT.jar:1.1.0-11689cd-SNAPSHOT]
	at org.apache.ratis.server.impl.RaftServerProxy.lambda$submitClientRequestAsync$7(RaftServerProxy.java:341) ~[ratis-server-1.1.0-11689cd-SNAPSHOT.jar:1.1.0-11689cd-SNAPSHOT]
	at org.apache.ratis.server.impl.RaftServerProxy.lambda$null$5(RaftServerProxy.java:336) ~[ratis-server-1.1.0-11689cd-SNAPSHOT.jar:1.1.0-11689cd-SNAPSHOT]
	at org.apache.ratis.util.JavaUtils.callAsUnchecked(JavaUtils.java:109) ~[ratis-common-1.1.0-11689cd-SNAPSHOT.jar:1.1.0-11689cd-SNAPSHOT]
	at org.apache.ratis.server.impl.RaftServerProxy.lambda$submitRequest$6(RaftServerProxy.java:336) ~[ratis-server-1.1.0-11689cd-SNAPSHOT.jar:1.1.0-11689cd-SNAPSHOT]
	at java.util.concurrent.CompletableFuture.uniComposeStage(CompletableFuture.java:995) ~[?:1.8.0_232]
	at java.util.concurrent.CompletableFuture.thenCompose(CompletableFuture.java:2137) ~[?:1.8.0_232]
	at org.apache.ratis.server.impl.RaftServerProxy.submitRequest(RaftServerProxy.java:335) ~[ratis-server-1.1.0-11689cd-SNAPSHOT.jar:1.1.0-11689cd-SNAPSHOT]
	at org.apache.ratis.server.impl.RaftServerProxy.submitClientRequestAsync(RaftServerProxy.java:341) ~[ratis-server-1.1.0-11689cd-SNAPSHOT.jar:1.1.0-11689cd-SNAPSHOT]
	at org.apache.ratis.grpc.client.GrpcClientProtocolService$RequestStreamObserver.processClientRequest(GrpcClientProtocolService.java:228) ~[ratis-grpc-1.1.0-11689cd-SNAPSHOT.jar:1.1.0-11689cd-SNAPSHOT]
	at org.apache.ratis.grpc.client.GrpcClientProtocolService$OrderedRequestStreamObserver.processClientRequest(GrpcClientProtocolService.java:334) ~[ratis-grpc-1.1.0-11689cd-SNAPSHOT.jar:1.1.0-11689cd-SNAPSHOT]
	at org.apache.ratis.util.SlidingWindow$Server.processRequestsFromHead(SlidingWindow.java:429) [ratis-common-1.1.0-11689cd-SNAPSHOT.jar:1.1.0-11689cd-SNAPSHOT]
	at org.apache.ratis.util.SlidingWindow$Server.receivedRequest(SlidingWindow.java:421) [ratis-common-1.1.0-11689cd-SNAPSHOT.jar:1.1.0-11689cd-SNAPSHOT]
	at org.apache.ratis.grpc.client.GrpcClientProtocolService$OrderedRequestStreamObserver.processClientRequest(GrpcClientProtocolService.java:358) [ratis-grpc-1.1.0-11689cd-SNAPSHOT.jar:1.1.0-11689cd-SNAPSHOT]
	at org.apache.ratis.grpc.client.GrpcClientProtocolService$RequestStreamObserver.onNext(GrpcClientProtocolService.java:248) [ratis-grpc-1.1.0-11689cd-SNAPSHOT.jar:1.1.0-11689cd-SNAPSHOT]
	at org.apache.ratis.grpc.client.GrpcClientProtocolService$RequestStreamObserver.onNext(GrpcClientProtocolService.java:171) [ratis-grpc-1.1.0-11689cd-SNAPSHOT.jar:1.1.0-11689cd-SNAPSHOT]
	at org.apache.ratis.thirdparty.io.grpc.stub.ServerCalls$StreamingServerCallHandler$StreamingServerCallListener.onMessage(ServerCalls.java:251) [ratis-thirdparty-misc-0.6.0-SNAPSHOT.jar:0.6.0-SNAPSHOT]
	at org.apache.ratis.thirdparty.io.grpc.ForwardingServerCallListener.onMessage(ForwardingServerCallListener.java:33) [ratis-thirdparty-misc-0.6.0-SNAPSHOT.jar:0.6.0-SNAPSHOT]
	at org.apache.ratis.thirdparty.io.grpc.internal.ServerCallImpl$ServerStreamListenerImpl.messagesAvailableInternal(ServerCallImpl.java:309) [ratis-thirdparty-misc-0.6.0-SNAPSHOT.jar:0.6.0-SNAPSHOT]
	at org.apache.ratis.thirdparty.io.grpc.internal.ServerCallImpl$ServerStreamListenerImpl.messagesAvailable(ServerCallImpl.java:292) [ratis-thirdparty-misc-0.6.0-SNAPSHOT.jar:0.6.0-SNAPSHOT]
	at org.apache.ratis.thirdparty.io.grpc.internal.ServerImpl$JumpToApplicationThreadServerStreamListener$1MessagesAvailable.runInContext(ServerImpl.java:783) [ratis-thirdparty-misc-0.6.0-SNAPSHOT.jar:0.6.0-SNAPSHOT]
	at org.apache.ratis.thirdparty.io.grpc.internal.ContextRunnable.run(ContextRunnable.java:37) [ratis-thirdparty-misc-0.6.0-SNAPSHOT.jar:0.6.0-SNAPSHOT]
	at org.apache.ratis.thirdparty.io.grpc.internal.SerializingExecutor.run(SerializingExecutor.java:123) [ratis-thirdparty-misc-0.6.0-SNAPSHOT.jar:0.6.0-SNAPSHOT]
	at java.util.concurrent.ThreadPoolExecutor.runWorker(ThreadPoolExecutor.java:1149) [?:1.8.0_232]
	at java.util.concurrent.ThreadPoolExecutor$Worker.run(ThreadPoolExecutor.java:624) [?:1.8.0_232]
	at java.lang.Thread.run(Thread.java:748) [?:1.8.0_232]
21:16:06.773 [grpc-default-executor-0] ERROR DNAudit - user=null | ip=null | op=WRITE_CHUNK {blockData=conID: 1 locID: 105035212539035651 bcsId: 13} | ret=FAILURE
org.apache.hadoop.hdds.scm.container.common.helpers.ContainerNotOpenException: Container 1 in CLOSED state
	at org.apache.hadoop.ozone.container.common.impl.HddsDispatcher.validateContainerCommand(HddsDispatcher.java:484) ~[hadoop-hdds-container-service-1.1.0-SNAPSHOT.jar:?]
	at org.apache.hadoop.ozone.container.common.transport.server.ratis.ContainerStateMachine.startTransaction(ContainerStateMachine.java:319) ~[hadoop-hdds-container-service-1.1.0-SNAPSHOT.jar:?]
	at org.apache.ratis.server.impl.RaftServerImpl.submitClientRequestAsync(RaftServerImpl.java:684) ~[ratis-server-1.1.0-11689cd-SNAPSHOT.jar:1.1.0-11689cd-SNAPSHOT]
	at org.apache.ratis.server.impl.RaftServerProxy.lambda$submitClientRequestAsync$7(RaftServerProxy.java:341) ~[ratis-server-1.1.0-11689cd-SNAPSHOT.jar:1.1.0-11689cd-SNAPSHOT]
	at org.apache.ratis.server.impl.RaftServerProxy.lambda$null$5(RaftServerProxy.java:336) ~[ratis-server-1.1.0-11689cd-SNAPSHOT.jar:1.1.0-11689cd-SNAPSHOT]
	at org.apache.ratis.util.JavaUtils.callAsUnchecked(JavaUtils.java:109) ~[ratis-common-1.1.0-11689cd-SNAPSHOT.jar:1.1.0-11689cd-SNAPSHOT]
	at org.apache.ratis.server.impl.RaftServerProxy.lambda$submitRequest$6(RaftServerProxy.java:336) ~[ratis-server-1.1.0-11689cd-SNAPSHOT.jar:1.1.0-11689cd-SNAPSHOT]
	at java.util.concurrent.CompletableFuture.uniComposeStage(CompletableFuture.java:995) ~[?:1.8.0_232]
	at java.util.concurrent.CompletableFuture.thenCompose(CompletableFuture.java:2137) ~[?:1.8.0_232]
	at org.apache.ratis.server.impl.RaftServerProxy.submitRequest(RaftServerProxy.java:335) ~[ratis-server-1.1.0-11689cd-SNAPSHOT.jar:1.1.0-11689cd-SNAPSHOT]
	at org.apache.ratis.server.impl.RaftServerProxy.submitClientRequestAsync(RaftServerProxy.java:341) ~[ratis-server-1.1.0-11689cd-SNAPSHOT.jar:1.1.0-11689cd-SNAPSHOT]
	at org.apache.ratis.grpc.client.GrpcClientProtocolService$RequestStreamObserver.processClientRequest(GrpcClientProtocolService.java:228) ~[ratis-grpc-1.1.0-11689cd-SNAPSHOT.jar:1.1.0-11689cd-SNAPSHOT]
	at org.apache.ratis.grpc.client.GrpcClientProtocolService$OrderedRequestStreamObserver.processClientRequest(GrpcClientProtocolService.java:334) ~[ratis-grpc-1.1.0-11689cd-SNAPSHOT.jar:1.1.0-11689cd-SNAPSHOT]
	at org.apache.ratis.util.SlidingWindow$Server.processRequestsFromHead(SlidingWindow.java:429) [ratis-common-1.1.0-11689cd-SNAPSHOT.jar:1.1.0-11689cd-SNAPSHOT]
	at org.apache.ratis.util.SlidingWindow$Server.receivedRequest(SlidingWindow.java:421) [ratis-common-1.1.0-11689cd-SNAPSHOT.jar:1.1.0-11689cd-SNAPSHOT]
	at org.apache.ratis.grpc.client.GrpcClientProtocolService$OrderedRequestStreamObserver.processClientRequest(GrpcClientProtocolService.java:358) [ratis-grpc-1.1.0-11689cd-SNAPSHOT.jar:1.1.0-11689cd-SNAPSHOT]
	at org.apache.ratis.grpc.client.GrpcClientProtocolService$RequestStreamObserver.onNext(GrpcClientProtocolService.java:248) [ratis-grpc-1.1.0-11689cd-SNAPSHOT.jar:1.1.0-11689cd-SNAPSHOT]
	at org.apache.ratis.grpc.client.GrpcClientProtocolService$RequestStreamObserver.onNext(GrpcClientProtocolService.java:171) [ratis-grpc-1.1.0-11689cd-SNAPSHOT.jar:1.1.0-11689cd-SNAPSHOT]
	at org.apache.ratis.thirdparty.io.grpc.stub.ServerCalls$StreamingServerCallHandler$StreamingServerCallListener.onMessage(ServerCalls.java:251) [ratis-thirdparty-misc-0.6.0-SNAPSHOT.jar:0.6.0-SNAPSHOT]
	at org.apache.ratis.thirdparty.io.grpc.ForwardingServerCallListener.onMessage(ForwardingServerCallListener.java:33) [ratis-thirdparty-misc-0.6.0-SNAPSHOT.jar:0.6.0-SNAPSHOT]
	at org.apache.ratis.thirdparty.io.grpc.internal.ServerCallImpl$ServerStreamListenerImpl.messagesAvailableInternal(ServerCallImpl.java:309) [ratis-thirdparty-misc-0.6.0-SNAPSHOT.jar:0.6.0-SNAPSHOT]
	at org.apache.ratis.thirdparty.io.grpc.internal.ServerCallImpl$ServerStreamListenerImpl.messagesAvailable(ServerCallImpl.java:292) [ratis-thirdparty-misc-0.6.0-SNAPSHOT.jar:0.6.0-SNAPSHOT]
	at org.apache.ratis.thirdparty.io.grpc.internal.ServerImpl$JumpToApplicationThreadServerStreamListener$1MessagesAvailable.runInContext(ServerImpl.java:783) [ratis-thirdparty-misc-0.6.0-SNAPSHOT.jar:0.6.0-SNAPSHOT]
	at org.apache.ratis.thirdparty.io.grpc.internal.ContextRunnable.run(ContextRunnable.java:37) [ratis-thirdparty-misc-0.6.0-SNAPSHOT.jar:0.6.0-SNAPSHOT]
	at org.apache.ratis.thirdparty.io.grpc.internal.SerializingExecutor.run(SerializingExecutor.java:123) [ratis-thirdparty-misc-0.6.0-SNAPSHOT.jar:0.6.0-SNAPSHOT]
	at java.util.concurrent.ThreadPoolExecutor.runWorker(ThreadPoolExecutor.java:1149) [?:1.8.0_232]
	at java.util.concurrent.ThreadPoolExecutor$Worker.run(ThreadPoolExecutor.java:624) [?:1.8.0_232]
	at java.lang.Thread.run(Thread.java:748) [?:1.8.0_232]
2020-10-14 21:16:06,782 [grpc-default-executor-1] ERROR storage.BlockOutputStream (BlockOutputStream.java:lambda$writeChunkToContainer$3(685)) - writing chunk failed 105035212539035651_chunk_7 blockID conID: 1 locID: 105035212539035651 bcsId: 13 with exception org.apache.ratis.protocol.exceptions.StateMachineException: org.apache.hadoop.hdds.scm.container.common.helpers.ContainerNotOpenException from Server a2749394-0239-4d59-b5c5-6ec7975208db@group-51769F462877: Container 1 in CLOSED state
2020-10-14 21:16:06,790 [grpc-default-executor-1] ERROR storage.BlockOutputStream (BlockOutputStream.java:lambda$writeChunkToContainer$3(685)) - writing chunk failed 105035212539035651_chunk_8 blockID conID: 1 locID: 105035212539035651 bcsId: 13 with exception org.apache.ratis.protocol.exceptions.StateMachineException: org.apache.hadoop.hdds.scm.container.common.helpers.ContainerNotOpenException from Server a2749394-0239-4d59-b5c5-6ec7975208db@group-51769F462877: Container 1 in CLOSED state
21:16:06.790 [grpc-default-executor-0] ERROR DNAudit - user=null | ip=null | op=PUT_BLOCK {blockData=[blockId=conID: 1 locID: 105035212539035651 bcsId: 0,size=800]} | ret=FAILURE
org.apache.hadoop.hdds.scm.container.common.helpers.ContainerNotOpenException: Container 1 in CLOSED state
	at org.apache.hadoop.ozone.container.common.impl.HddsDispatcher.validateContainerCommand(HddsDispatcher.java:484) ~[hadoop-hdds-container-service-1.1.0-SNAPSHOT.jar:?]
	at org.apache.hadoop.ozone.container.common.transport.server.ratis.ContainerStateMachine.startTransaction(ContainerStateMachine.java:319) ~[hadoop-hdds-container-service-1.1.0-SNAPSHOT.jar:?]
	at org.apache.ratis.server.impl.RaftServerImpl.submitClientRequestAsync(RaftServerImpl.java:684) ~[ratis-server-1.1.0-11689cd-SNAPSHOT.jar:1.1.0-11689cd-SNAPSHOT]
	at org.apache.ratis.server.impl.RaftServerProxy.lambda$submitClientRequestAsync$7(RaftServerProxy.java:341) ~[ratis-server-1.1.0-11689cd-SNAPSHOT.jar:1.1.0-11689cd-SNAPSHOT]
	at org.apache.ratis.server.impl.RaftServerProxy.lambda$null$5(RaftServerProxy.java:336) ~[ratis-server-1.1.0-11689cd-SNAPSHOT.jar:1.1.0-11689cd-SNAPSHOT]
	at org.apache.ratis.util.JavaUtils.callAsUnchecked(JavaUtils.java:109) ~[ratis-common-1.1.0-11689cd-SNAPSHOT.jar:1.1.0-11689cd-SNAPSHOT]
	at org.apache.ratis.server.impl.RaftServerProxy.lambda$submitRequest$6(RaftServerProxy.java:336) ~[ratis-server-1.1.0-11689cd-SNAPSHOT.jar:1.1.0-11689cd-SNAPSHOT]
	at java.util.concurrent.CompletableFuture.uniComposeStage(CompletableFuture.java:995) ~[?:1.8.0_232]
	at java.util.concurrent.CompletableFuture.thenCompose(CompletableFuture.java:2137) ~[?:1.8.0_232]
	at org.apache.ratis.server.impl.RaftServerProxy.submitRequest(RaftServerProxy.java:335) ~[ratis-server-1.1.0-11689cd-SNAPSHOT.jar:1.1.0-11689cd-SNAPSHOT]
	at org.apache.ratis.server.impl.RaftServerProxy.submitClientRequestAsync(RaftServerProxy.java:341) ~[ratis-server-1.1.0-11689cd-SNAPSHOT.jar:1.1.0-11689cd-SNAPSHOT]
	at org.apache.ratis.grpc.client.GrpcClientProtocolService$RequestStreamObserver.processClientRequest(GrpcClientProtocolService.java:228) ~[ratis-grpc-1.1.0-11689cd-SNAPSHOT.jar:1.1.0-11689cd-SNAPSHOT]
	at org.apache.ratis.grpc.client.GrpcClientProtocolService$OrderedRequestStreamObserver.processClientRequest(GrpcClientProtocolService.java:334) ~[ratis-grpc-1.1.0-11689cd-SNAPSHOT.jar:1.1.0-11689cd-SNAPSHOT]
	at org.apache.ratis.util.SlidingWindow$Server.processRequestsFromHead(SlidingWindow.java:429) [ratis-common-1.1.0-11689cd-SNAPSHOT.jar:1.1.0-11689cd-SNAPSHOT]
	at org.apache.ratis.util.SlidingWindow$Server.receivedRequest(SlidingWindow.java:421) [ratis-common-1.1.0-11689cd-SNAPSHOT.jar:1.1.0-11689cd-SNAPSHOT]
	at org.apache.ratis.grpc.client.GrpcClientProtocolService$OrderedRequestStreamObserver.processClientRequest(GrpcClientProtocolService.java:358) [ratis-grpc-1.1.0-11689cd-SNAPSHOT.jar:1.1.0-11689cd-SNAPSHOT]
	at org.apache.ratis.grpc.client.GrpcClientProtocolService$RequestStreamObserver.onNext(GrpcClientProtocolService.java:248) [ratis-grpc-1.1.0-11689cd-SNAPSHOT.jar:1.1.0-11689cd-SNAPSHOT]
	at org.apache.ratis.grpc.client.GrpcClientProtocolService$RequestStreamObserver.onNext(GrpcClientProtocolService.java:171) [ratis-grpc-1.1.0-11689cd-SNAPSHOT.jar:1.1.0-11689cd-SNAPSHOT]
	at org.apache.ratis.thirdparty.io.grpc.stub.ServerCalls$StreamingServerCallHandler$StreamingServerCallListener.onMessage(ServerCalls.java:251) [ratis-thirdparty-misc-0.6.0-SNAPSHOT.jar:0.6.0-SNAPSHOT]
	at org.apache.ratis.thirdparty.io.grpc.ForwardingServerCallListener.onMessage(ForwardingServerCallListener.java:33) [ratis-thirdparty-misc-0.6.0-SNAPSHOT.jar:0.6.0-SNAPSHOT]
	at org.apache.ratis.thirdparty.io.grpc.internal.ServerCallImpl$ServerStreamListenerImpl.messagesAvailableInternal(ServerCallImpl.java:309) [ratis-thirdparty-misc-0.6.0-SNAPSHOT.jar:0.6.0-SNAPSHOT]
	at org.apache.ratis.thirdparty.io.grpc.internal.ServerCallImpl$ServerStreamListenerImpl.messagesAvailable(ServerCallImpl.java:292) [ratis-thirdparty-misc-0.6.0-SNAPSHOT.jar:0.6.0-SNAPSHOT]
	at org.apache.ratis.thirdparty.io.grpc.internal.ServerImpl$JumpToApplicationThreadServerStreamListener$1MessagesAvailable.runInContext(ServerImpl.java:783) [ratis-thirdparty-misc-0.6.0-SNAPSHOT.jar:0.6.0-SNAPSHOT]
	at org.apache.ratis.thirdparty.io.grpc.internal.ContextRunnable.run(ContextRunnable.java:37) [ratis-thirdparty-misc-0.6.0-SNAPSHOT.jar:0.6.0-SNAPSHOT]
	at org.apache.ratis.thirdparty.io.grpc.internal.SerializingExecutor.run(SerializingExecutor.java:123) [ratis-thirdparty-misc-0.6.0-SNAPSHOT.jar:0.6.0-SNAPSHOT]
	at java.util.concurrent.ThreadPoolExecutor.runWorker(ThreadPoolExecutor.java:1149) [?:1.8.0_232]
	at java.util.concurrent.ThreadPoolExecutor$Worker.run(ThreadPoolExecutor.java:624) [?:1.8.0_232]
	at java.lang.Thread.run(Thread.java:748) [?:1.8.0_232]
21:16:06.803 [grpc-default-executor-0] ERROR DNAudit - user=null | ip=null | op=WRITE_CHUNK {blockData=conID: 2 locID: 105035212539035652 bcsId: 0} | ret=FAILURE
org.apache.hadoop.hdds.scm.container.common.helpers.ContainerNotOpenException: Container 2 in CLOSED state
	at org.apache.hadoop.ozone.container.common.impl.HddsDispatcher.validateContainerCommand(HddsDispatcher.java:484) ~[hadoop-hdds-container-service-1.1.0-SNAPSHOT.jar:?]
	at org.apache.hadoop.ozone.container.common.transport.server.ratis.ContainerStateMachine.startTransaction(ContainerStateMachine.java:319) ~[hadoop-hdds-container-service-1.1.0-SNAPSHOT.jar:?]
	at org.apache.ratis.server.impl.RaftServerImpl.submitClientRequestAsync(RaftServerImpl.java:684) ~[ratis-server-1.1.0-11689cd-SNAPSHOT.jar:1.1.0-11689cd-SNAPSHOT]
	at org.apache.ratis.server.impl.RaftServerProxy.lambda$submitClientRequestAsync$7(RaftServerProxy.java:341) ~[ratis-server-1.1.0-11689cd-SNAPSHOT.jar:1.1.0-11689cd-SNAPSHOT]
	at org.apache.ratis.server.impl.RaftServerProxy.lambda$null$5(RaftServerProxy.java:336) ~[ratis-server-1.1.0-11689cd-SNAPSHOT.jar:1.1.0-11689cd-SNAPSHOT]
	at org.apache.ratis.util.JavaUtils.callAsUnchecked(JavaUtils.java:109) ~[ratis-common-1.1.0-11689cd-SNAPSHOT.jar:1.1.0-11689cd-SNAPSHOT]
	at org.apache.ratis.server.impl.RaftServerProxy.lambda$submitRequest$6(RaftServerProxy.java:336) ~[ratis-server-1.1.0-11689cd-SNAPSHOT.jar:1.1.0-11689cd-SNAPSHOT]
	at java.util.concurrent.CompletableFuture.uniComposeStage(CompletableFuture.java:995) ~[?:1.8.0_232]
	at java.util.concurrent.CompletableFuture.thenCompose(CompletableFuture.java:2137) ~[?:1.8.0_232]
	at org.apache.ratis.server.impl.RaftServerProxy.submitRequest(RaftServerProxy.java:335) ~[ratis-server-1.1.0-11689cd-SNAPSHOT.jar:1.1.0-11689cd-SNAPSHOT]
	at org.apache.ratis.server.impl.RaftServerProxy.submitClientRequestAsync(RaftServerProxy.java:341) ~[ratis-server-1.1.0-11689cd-SNAPSHOT.jar:1.1.0-11689cd-SNAPSHOT]
	at org.apache.ratis.grpc.client.GrpcClientProtocolService$RequestStreamObserver.processClientRequest(GrpcClientProtocolService.java:228) ~[ratis-grpc-1.1.0-11689cd-SNAPSHOT.jar:1.1.0-11689cd-SNAPSHOT]
	at org.apache.ratis.grpc.client.GrpcClientProtocolService$OrderedRequestStreamObserver.processClientRequest(GrpcClientProtocolService.java:334) ~[ratis-grpc-1.1.0-11689cd-SNAPSHOT.jar:1.1.0-11689cd-SNAPSHOT]
	at org.apache.ratis.util.SlidingWindow$Server.processRequestsFromHead(SlidingWindow.java:429) [ratis-common-1.1.0-11689cd-SNAPSHOT.jar:1.1.0-11689cd-SNAPSHOT]
	at org.apache.ratis.util.SlidingWindow$Server.receivedRequest(SlidingWindow.java:421) [ratis-common-1.1.0-11689cd-SNAPSHOT.jar:1.1.0-11689cd-SNAPSHOT]
	at org.apache.ratis.grpc.client.GrpcClientProtocolService$OrderedRequestStreamObserver.processClientRequest(GrpcClientProtocolService.java:358) [ratis-grpc-1.1.0-11689cd-SNAPSHOT.jar:1.1.0-11689cd-SNAPSHOT]
	at org.apache.ratis.grpc.client.GrpcClientProtocolService$RequestStreamObserver.onNext(GrpcClientProtocolService.java:248) [ratis-grpc-1.1.0-11689cd-SNAPSHOT.jar:1.1.0-11689cd-SNAPSHOT]
	at org.apache.ratis.grpc.client.GrpcClientProtocolService$RequestStreamObserver.onNext(GrpcClientProtocolService.java:171) [ratis-grpc-1.1.0-11689cd-SNAPSHOT.jar:1.1.0-11689cd-SNAPSHOT]
	at org.apache.ratis.thirdparty.io.grpc.stub.ServerCalls$StreamingServerCallHandler$StreamingServerCallListener.onMessage(ServerCalls.java:251) [ratis-thirdparty-misc-0.6.0-SNAPSHOT.jar:0.6.0-SNAPSHOT]
	at org.apache.ratis.thirdparty.io.grpc.ForwardingServerCallListener.onMessage(ForwardingServerCallListener.java:33) [ratis-thirdparty-misc-0.6.0-SNAPSHOT.jar:0.6.0-SNAPSHOT]
	at org.apache.ratis.thirdparty.io.grpc.internal.ServerCallImpl$ServerStreamListenerImpl.messagesAvailableInternal(ServerCallImpl.java:309) [ratis-thirdparty-misc-0.6.0-SNAPSHOT.jar:0.6.0-SNAPSHOT]
	at org.apache.ratis.thirdparty.io.grpc.internal.ServerCallImpl$ServerStreamListenerImpl.messagesAvailable(ServerCallImpl.java:292) [ratis-thirdparty-misc-0.6.0-SNAPSHOT.jar:0.6.0-SNAPSHOT]
	at org.apache.ratis.thirdparty.io.grpc.internal.ServerImpl$JumpToApplicationThreadServerStreamListener$1MessagesAvailable.runInContext(ServerImpl.java:783) [ratis-thirdparty-misc-0.6.0-SNAPSHOT.jar:0.6.0-SNAPSHOT]
	at org.apache.ratis.thirdparty.io.grpc.internal.ContextRunnable.run(ContextRunnable.java:37) [ratis-thirdparty-misc-0.6.0-SNAPSHOT.jar:0.6.0-SNAPSHOT]
	at org.apache.ratis.thirdparty.io.grpc.internal.SerializingExecutor.run(SerializingExecutor.java:123) [ratis-thirdparty-misc-0.6.0-SNAPSHOT.jar:0.6.0-SNAPSHOT]
	at java.util.concurrent.ThreadPoolExecutor.runWorker(ThreadPoolExecutor.java:1149) [?:1.8.0_232]
	at java.util.concurrent.ThreadPoolExecutor$Worker.run(ThreadPoolExecutor.java:624) [?:1.8.0_232]
	at java.lang.Thread.run(Thread.java:748) [?:1.8.0_232]
21:16:06.807 [grpc-default-executor-0] ERROR DNAudit - user=null | ip=null | op=WRITE_CHUNK {blockData=conID: 2 locID: 105035212539035652 bcsId: 0} | ret=FAILURE
org.apache.hadoop.hdds.scm.container.common.helpers.ContainerNotOpenException: Container 2 in CLOSED state
	at org.apache.hadoop.ozone.container.common.impl.HddsDispatcher.validateContainerCommand(HddsDispatcher.java:484) ~[hadoop-hdds-container-service-1.1.0-SNAPSHOT.jar:?]
	at org.apache.hadoop.ozone.container.common.transport.server.ratis.ContainerStateMachine.startTransaction(ContainerStateMachine.java:319) ~[hadoop-hdds-container-service-1.1.0-SNAPSHOT.jar:?]
	at org.apache.ratis.server.impl.RaftServerImpl.submitClientRequestAsync(RaftServerImpl.java:684) ~[ratis-server-1.1.0-11689cd-SNAPSHOT.jar:1.1.0-11689cd-SNAPSHOT]
	at org.apache.ratis.server.impl.RaftServerProxy.lambda$submitClientRequestAsync$7(RaftServerProxy.java:341) ~[ratis-server-1.1.0-11689cd-SNAPSHOT.jar:1.1.0-11689cd-SNAPSHOT]
	at org.apache.ratis.server.impl.RaftServerProxy.lambda$null$5(RaftServerProxy.java:336) ~[ratis-server-1.1.0-11689cd-SNAPSHOT.jar:1.1.0-11689cd-SNAPSHOT]
	at org.apache.ratis.util.JavaUtils.callAsUnchecked(JavaUtils.java:109) ~[ratis-common-1.1.0-11689cd-SNAPSHOT.jar:1.1.0-11689cd-SNAPSHOT]
	at org.apache.ratis.server.impl.RaftServerProxy.lambda$submitRequest$6(RaftServerProxy.java:336) ~[ratis-server-1.1.0-11689cd-SNAPSHOT.jar:1.1.0-11689cd-SNAPSHOT]
	at java.util.concurrent.CompletableFuture.uniComposeStage(CompletableFuture.java:995) ~[?:1.8.0_232]
	at java.util.concurrent.CompletableFuture.thenCompose(CompletableFuture.java:2137) ~[?:1.8.0_232]
	at org.apache.ratis.server.impl.RaftServerProxy.submitRequest(RaftServerProxy.java:335) ~[ratis-server-1.1.0-11689cd-SNAPSHOT.jar:1.1.0-11689cd-SNAPSHOT]
	at org.apache.ratis.server.impl.RaftServerProxy.submitClientRequestAsync(RaftServerProxy.java:341) ~[ratis-server-1.1.0-11689cd-SNAPSHOT.jar:1.1.0-11689cd-SNAPSHOT]
	at org.apache.ratis.grpc.client.GrpcClientProtocolService$RequestStreamObserver.processClientRequest(GrpcClientProtocolService.java:228) ~[ratis-grpc-1.1.0-11689cd-SNAPSHOT.jar:1.1.0-11689cd-SNAPSHOT]
	at org.apache.ratis.grpc.client.GrpcClientProtocolService$OrderedRequestStreamObserver.processClientRequest(GrpcClientProtocolService.java:334) ~[ratis-grpc-1.1.0-11689cd-SNAPSHOT.jar:1.1.0-11689cd-SNAPSHOT]
	at org.apache.ratis.util.SlidingWindow$Server.processRequestsFromHead(SlidingWindow.java:429) [ratis-common-1.1.0-11689cd-SNAPSHOT.jar:1.1.0-11689cd-SNAPSHOT]
	at org.apache.ratis.util.SlidingWindow$Server.receivedRequest(SlidingWindow.java:421) [ratis-common-1.1.0-11689cd-SNAPSHOT.jar:1.1.0-11689cd-SNAPSHOT]
	at org.apache.ratis.grpc.client.GrpcClientProtocolService$OrderedRequestStreamObserver.processClientRequest(GrpcClientProtocolService.java:358) [ratis-grpc-1.1.0-11689cd-SNAPSHOT.jar:1.1.0-11689cd-SNAPSHOT]
	at org.apache.ratis.grpc.client.GrpcClientProtocolService$RequestStreamObserver.onNext(GrpcClientProtocolService.java:248) [ratis-grpc-1.1.0-11689cd-SNAPSHOT.jar:1.1.0-11689cd-SNAPSHOT]
	at org.apache.ratis.grpc.client.GrpcClientProtocolService$RequestStreamObserver.onNext(GrpcClientProtocolService.java:171) [ratis-grpc-1.1.0-11689cd-SNAPSHOT.jar:1.1.0-11689cd-SNAPSHOT]
	at org.apache.ratis.thirdparty.io.grpc.stub.ServerCalls$StreamingServerCallHandler$StreamingServerCallListener.onMessage(ServerCalls.java:251) [ratis-thirdparty-misc-0.6.0-SNAPSHOT.jar:0.6.0-SNAPSHOT]
	at org.apache.ratis.thirdparty.io.grpc.ForwardingServerCallListener.onMessage(ForwardingServerCallListener.java:33) [ratis-thirdparty-misc-0.6.0-SNAPSHOT.jar:0.6.0-SNAPSHOT]
	at org.apache.ratis.thirdparty.io.grpc.internal.ServerCallImpl$ServerStreamListenerImpl.messagesAvailableInternal(ServerCallImpl.java:309) [ratis-thirdparty-misc-0.6.0-SNAPSHOT.jar:0.6.0-SNAPSHOT]
	at org.apache.ratis.thirdparty.io.grpc.internal.ServerCallImpl$ServerStreamListenerImpl.messagesAvailable(ServerCallImpl.java:292) [ratis-thirdparty-misc-0.6.0-SNAPSHOT.jar:0.6.0-SNAPSHOT]
	at org.apache.ratis.thirdparty.io.grpc.internal.ServerImpl$JumpToApplicationThreadServerStreamListener$1MessagesAvailable.runInContext(ServerImpl.java:783) [ratis-thirdparty-misc-0.6.0-SNAPSHOT.jar:0.6.0-SNAPSHOT]
	at org.apache.ratis.thirdparty.io.grpc.internal.ContextRunnable.run(ContextRunnable.java:37) [ratis-thirdparty-misc-0.6.0-SNAPSHOT.jar:0.6.0-SNAPSHOT]
	at org.apache.ratis.thirdparty.io.grpc.internal.SerializingExecutor.run(SerializingExecutor.java:123) [ratis-thirdparty-misc-0.6.0-SNAPSHOT.jar:0.6.0-SNAPSHOT]
	at java.util.concurrent.ThreadPoolExecutor.runWorker(ThreadPoolExecutor.java:1149) [?:1.8.0_232]
	at java.util.concurrent.ThreadPoolExecutor$Worker.run(ThreadPoolExecutor.java:624) [?:1.8.0_232]
	at java.lang.Thread.run(Thread.java:748) [?:1.8.0_232]
2020-10-14 21:16:06,808 [grpc-default-executor-1] ERROR storage.BlockOutputStream (BlockOutputStream.java:lambda$writeChunkToContainer$3(685)) - writing chunk failed 105035212539035652_chunk_1 blockID conID: 2 locID: 105035212539035652 bcsId: 0 with exception org.apache.ratis.protocol.exceptions.StateMachineException: org.apache.hadoop.hdds.scm.container.common.helpers.ContainerNotOpenException from Server a2749394-0239-4d59-b5c5-6ec7975208db@group-51769F462877: Container 2 in CLOSED state
21:16:06.815 [grpc-default-executor-0] ERROR DNAudit - user=null | ip=null | op=PUT_BLOCK {blockData=[blockId=conID: 2 locID: 105035212539035652 bcsId: 0,size=200]} | ret=FAILURE
org.apache.hadoop.hdds.scm.container.common.helpers.ContainerNotOpenException: Container 2 in CLOSED state
	at org.apache.hadoop.ozone.container.common.impl.HddsDispatcher.validateContainerCommand(HddsDispatcher.java:484) ~[hadoop-hdds-container-service-1.1.0-SNAPSHOT.jar:?]
	at org.apache.hadoop.ozone.container.common.transport.server.ratis.ContainerStateMachine.startTransaction(ContainerStateMachine.java:319) ~[hadoop-hdds-container-service-1.1.0-SNAPSHOT.jar:?]
	at org.apache.ratis.server.impl.RaftServerImpl.submitClientRequestAsync(RaftServerImpl.java:684) ~[ratis-server-1.1.0-11689cd-SNAPSHOT.jar:1.1.0-11689cd-SNAPSHOT]
	at org.apache.ratis.server.impl.RaftServerProxy.lambda$submitClientRequestAsync$7(RaftServerProxy.java:341) ~[ratis-server-1.1.0-11689cd-SNAPSHOT.jar:1.1.0-11689cd-SNAPSHOT]
	at org.apache.ratis.server.impl.RaftServerProxy.lambda$null$5(RaftServerProxy.java:336) ~[ratis-server-1.1.0-11689cd-SNAPSHOT.jar:1.1.0-11689cd-SNAPSHOT]
	at org.apache.ratis.util.JavaUtils.callAsUnchecked(JavaUtils.java:109) ~[ratis-common-1.1.0-11689cd-SNAPSHOT.jar:1.1.0-11689cd-SNAPSHOT]
	at org.apache.ratis.server.impl.RaftServerProxy.lambda$submitRequest$6(RaftServerProxy.java:336) ~[ratis-server-1.1.0-11689cd-SNAPSHOT.jar:1.1.0-11689cd-SNAPSHOT]
	at java.util.concurrent.CompletableFuture.uniComposeStage(CompletableFuture.java:995) ~[?:1.8.0_232]
	at java.util.concurrent.CompletableFuture.thenCompose(CompletableFuture.java:2137) ~[?:1.8.0_232]
	at org.apache.ratis.server.impl.RaftServerProxy.submitRequest(RaftServerProxy.java:335) ~[ratis-server-1.1.0-11689cd-SNAPSHOT.jar:1.1.0-11689cd-SNAPSHOT]
	at org.apache.ratis.server.impl.RaftServerProxy.submitClientRequestAsync(RaftServerProxy.java:341) ~[ratis-server-1.1.0-11689cd-SNAPSHOT.jar:1.1.0-11689cd-SNAPSHOT]
	at org.apache.ratis.grpc.client.GrpcClientProtocolService$RequestStreamObserver.processClientRequest(GrpcClientProtocolService.java:228) ~[ratis-grpc-1.1.0-11689cd-SNAPSHOT.jar:1.1.0-11689cd-SNAPSHOT]
	at org.apache.ratis.grpc.client.GrpcClientProtocolService$OrderedRequestStreamObserver.processClientRequest(GrpcClientProtocolService.java:334) ~[ratis-grpc-1.1.0-11689cd-SNAPSHOT.jar:1.1.0-11689cd-SNAPSHOT]
	at org.apache.ratis.util.SlidingWindow$Server.processRequestsFromHead(SlidingWindow.java:429) [ratis-common-1.1.0-11689cd-SNAPSHOT.jar:1.1.0-11689cd-SNAPSHOT]
	at org.apache.ratis.util.SlidingWindow$Server.receivedRequest(SlidingWindow.java:421) [ratis-common-1.1.0-11689cd-SNAPSHOT.jar:1.1.0-11689cd-SNAPSHOT]
	at org.apache.ratis.grpc.client.GrpcClientProtocolService$OrderedRequestStreamObserver.processClientRequest(GrpcClientProtocolService.java:358) [ratis-grpc-1.1.0-11689cd-SNAPSHOT.jar:1.1.0-11689cd-SNAPSHOT]
	at org.apache.ratis.grpc.client.GrpcClientProtocolService$RequestStreamObserver.onNext(GrpcClientProtocolService.java:248) [ratis-grpc-1.1.0-11689cd-SNAPSHOT.jar:1.1.0-11689cd-SNAPSHOT]
	at org.apache.ratis.grpc.client.GrpcClientProtocolService$RequestStreamObserver.onNext(GrpcClientProtocolService.java:171) [ratis-grpc-1.1.0-11689cd-SNAPSHOT.jar:1.1.0-11689cd-SNAPSHOT]
	at org.apache.ratis.thirdparty.io.grpc.stub.ServerCalls$StreamingServerCallHandler$StreamingServerCallListener.onMessage(ServerCalls.java:251) [ratis-thirdparty-misc-0.6.0-SNAPSHOT.jar:0.6.0-SNAPSHOT]
	at org.apache.ratis.thirdparty.io.grpc.ForwardingServerCallListener.onMessage(ForwardingServerCallListener.java:33) [ratis-thirdparty-misc-0.6.0-SNAPSHOT.jar:0.6.0-SNAPSHOT]
	at org.apache.ratis.thirdparty.io.grpc.internal.ServerCallImpl$ServerStreamListenerImpl.messagesAvailableInternal(ServerCallImpl.java:309) [ratis-thirdparty-misc-0.6.0-SNAPSHOT.jar:0.6.0-SNAPSHOT]
	at org.apache.ratis.thirdparty.io.grpc.internal.ServerCallImpl$ServerStreamListenerImpl.messagesAvailable(ServerCallImpl.java:292) [ratis-thirdparty-misc-0.6.0-SNAPSHOT.jar:0.6.0-SNAPSHOT]
	at org.apache.ratis.thirdparty.io.grpc.internal.ServerImpl$JumpToApplicationThreadServerStreamListener$1MessagesAvailable.runInContext(ServerImpl.java:783) [ratis-thirdparty-misc-0.6.0-SNAPSHOT.jar:0.6.0-SNAPSHOT]
	at org.apache.ratis.thirdparty.io.grpc.internal.ContextRunnable.run(ContextRunnable.java:37) [ratis-thirdparty-misc-0.6.0-SNAPSHOT.jar:0.6.0-SNAPSHOT]
	at org.apache.ratis.thirdparty.io.grpc.internal.SerializingExecutor.run(SerializingExecutor.java:123) [ratis-thirdparty-misc-0.6.0-SNAPSHOT.jar:0.6.0-SNAPSHOT]
	at java.util.concurrent.ThreadPoolExecutor.runWorker(ThreadPoolExecutor.java:1149) [?:1.8.0_232]
	at java.util.concurrent.ThreadPoolExecutor$Worker.run(ThreadPoolExecutor.java:624) [?:1.8.0_232]
	at java.lang.Thread.run(Thread.java:748) [?:1.8.0_232]
21:16:06.819 [grpc-default-executor-0] ERROR DNAudit - user=null | ip=null | op=WRITE_CHUNK {blockData=conID: 2 locID: 105035212539035652 bcsId: 0} | ret=FAILURE
org.apache.hadoop.hdds.scm.container.common.helpers.ContainerNotOpenException: Container 2 in CLOSED state
	at org.apache.hadoop.ozone.container.common.impl.HddsDispatcher.validateContainerCommand(HddsDispatcher.java:484) ~[hadoop-hdds-container-service-1.1.0-SNAPSHOT.jar:?]
	at org.apache.hadoop.ozone.container.common.transport.server.ratis.ContainerStateMachine.startTransaction(ContainerStateMachine.java:319) ~[hadoop-hdds-container-service-1.1.0-SNAPSHOT.jar:?]
	at org.apache.ratis.server.impl.RaftServerImpl.submitClientRequestAsync(RaftServerImpl.java:684) ~[ratis-server-1.1.0-11689cd-SNAPSHOT.jar:1.1.0-11689cd-SNAPSHOT]
	at org.apache.ratis.server.impl.RaftServerProxy.lambda$submitClientRequestAsync$7(RaftServerProxy.java:341) ~[ratis-server-1.1.0-11689cd-SNAPSHOT.jar:1.1.0-11689cd-SNAPSHOT]
	at org.apache.ratis.server.impl.RaftServerProxy.lambda$null$5(RaftServerProxy.java:336) ~[ratis-server-1.1.0-11689cd-SNAPSHOT.jar:1.1.0-11689cd-SNAPSHOT]
	at org.apache.ratis.util.JavaUtils.callAsUnchecked(JavaUtils.java:109) ~[ratis-common-1.1.0-11689cd-SNAPSHOT.jar:1.1.0-11689cd-SNAPSHOT]
	at org.apache.ratis.server.impl.RaftServerProxy.lambda$submitRequest$6(RaftServerProxy.java:336) ~[ratis-server-1.1.0-11689cd-SNAPSHOT.jar:1.1.0-11689cd-SNAPSHOT]
	at java.util.concurrent.CompletableFuture.uniComposeStage(CompletableFuture.java:995) ~[?:1.8.0_232]
	at java.util.concurrent.CompletableFuture.thenCompose(CompletableFuture.java:2137) ~[?:1.8.0_232]
	at org.apache.ratis.server.impl.RaftServerProxy.submitRequest(RaftServerProxy.java:335) ~[ratis-server-1.1.0-11689cd-SNAPSHOT.jar:1.1.0-11689cd-SNAPSHOT]
	at org.apache.ratis.server.impl.RaftServerProxy.submitClientRequestAsync(RaftServerProxy.java:341) ~[ratis-server-1.1.0-11689cd-SNAPSHOT.jar:1.1.0-11689cd-SNAPSHOT]
	at org.apache.ratis.grpc.client.GrpcClientProtocolService$RequestStreamObserver.processClientRequest(GrpcClientProtocolService.java:228) ~[ratis-grpc-1.1.0-11689cd-SNAPSHOT.jar:1.1.0-11689cd-SNAPSHOT]
	at org.apache.ratis.grpc.client.GrpcClientProtocolService$OrderedRequestStreamObserver.processClientRequest(GrpcClientProtocolService.java:334) ~[ratis-grpc-1.1.0-11689cd-SNAPSHOT.jar:1.1.0-11689cd-SNAPSHOT]
	at org.apache.ratis.util.SlidingWindow$Server.processRequestsFromHead(SlidingWindow.java:429) [ratis-common-1.1.0-11689cd-SNAPSHOT.jar:1.1.0-11689cd-SNAPSHOT]
	at org.apache.ratis.util.SlidingWindow$Server.receivedRequest(SlidingWindow.java:421) [ratis-common-1.1.0-11689cd-SNAPSHOT.jar:1.1.0-11689cd-SNAPSHOT]
	at org.apache.ratis.grpc.client.GrpcClientProtocolService$OrderedRequestStreamObserver.processClientRequest(GrpcClientProtocolService.java:358) [ratis-grpc-1.1.0-11689cd-SNAPSHOT.jar:1.1.0-11689cd-SNAPSHOT]
	at org.apache.ratis.grpc.client.GrpcClientProtocolService$RequestStreamObserver.onNext(GrpcClientProtocolService.java:248) [ratis-grpc-1.1.0-11689cd-SNAPSHOT.jar:1.1.0-11689cd-SNAPSHOT]
	at org.apache.ratis.grpc.client.GrpcClientProtocolService$RequestStreamObserver.onNext(GrpcClientProtocolService.java:171) [ratis-grpc-1.1.0-11689cd-SNAPSHOT.jar:1.1.0-11689cd-SNAPSHOT]
	at org.apache.ratis.thirdparty.io.grpc.stub.ServerCalls$StreamingServerCallHandler$StreamingServerCallListener.onMessage(ServerCalls.java:251) [ratis-thirdparty-misc-0.6.0-SNAPSHOT.jar:0.6.0-SNAPSHOT]
	at org.apache.ratis.thirdparty.io.grpc.ForwardingServerCallListener.onMessage(ForwardingServerCallListener.java:33) [ratis-thirdparty-misc-0.6.0-SNAPSHOT.jar:0.6.0-SNAPSHOT]
	at org.apache.ratis.thirdparty.io.grpc.internal.ServerCallImpl$ServerStreamListenerImpl.messagesAvailableInternal(ServerCallImpl.java:309) [ratis-thirdparty-misc-0.6.0-SNAPSHOT.jar:0.6.0-SNAPSHOT]
	at org.apache.ratis.thirdparty.io.grpc.internal.ServerCallImpl$ServerStreamListenerImpl.messagesAvailable(ServerCallImpl.java:292) [ratis-thirdparty-misc-0.6.0-SNAPSHOT.jar:0.6.0-SNAPSHOT]
	at org.apache.ratis.thirdparty.io.grpc.internal.ServerImpl$JumpToApplicationThreadServerStreamListener$1MessagesAvailable.runInContext(ServerImpl.java:783) [ratis-thirdparty-misc-0.6.0-SNAPSHOT.jar:0.6.0-SNAPSHOT]
	at org.apache.ratis.thirdparty.io.grpc.internal.ContextRunnable.run(ContextRunnable.java:37) [ratis-thirdparty-misc-0.6.0-SNAPSHOT.jar:0.6.0-SNAPSHOT]
	at org.apache.ratis.thirdparty.io.grpc.internal.SerializingExecutor.run(SerializingExecutor.java:123) [ratis-thirdparty-misc-0.6.0-SNAPSHOT.jar:0.6.0-SNAPSHOT]
	at java.util.concurrent.ThreadPoolExecutor.runWorker(ThreadPoolExecutor.java:1149) [?:1.8.0_232]
	at java.util.concurrent.ThreadPoolExecutor$Worker.run(ThreadPoolExecutor.java:624) [?:1.8.0_232]
	at java.lang.Thread.run(Thread.java:748) [?:1.8.0_232]
21:16:06.820 [grpc-default-executor-0] ERROR DNAudit - user=null | ip=null | op=WRITE_CHUNK {blockData=conID: 2 locID: 105035212539035652 bcsId: 0} | ret=FAILURE
org.apache.hadoop.hdds.scm.container.common.helpers.ContainerNotOpenException: Container 2 in CLOSED state
	at org.apache.hadoop.ozone.container.common.impl.HddsDispatcher.validateContainerCommand(HddsDispatcher.java:484) ~[hadoop-hdds-container-service-1.1.0-SNAPSHOT.jar:?]
	at org.apache.hadoop.ozone.container.common.transport.server.ratis.ContainerStateMachine.startTransaction(ContainerStateMachine.java:319) ~[hadoop-hdds-container-service-1.1.0-SNAPSHOT.jar:?]
	at org.apache.ratis.server.impl.RaftServerImpl.submitClientRequestAsync(RaftServerImpl.java:684) ~[ratis-server-1.1.0-11689cd-SNAPSHOT.jar:1.1.0-11689cd-SNAPSHOT]
	at org.apache.ratis.server.impl.RaftServerProxy.lambda$submitClientRequestAsync$7(RaftServerProxy.java:341) ~[ratis-server-1.1.0-11689cd-SNAPSHOT.jar:1.1.0-11689cd-SNAPSHOT]
	at org.apache.ratis.server.impl.RaftServerProxy.lambda$null$5(RaftServerProxy.java:336) ~[ratis-server-1.1.0-11689cd-SNAPSHOT.jar:1.1.0-11689cd-SNAPSHOT]
	at org.apache.ratis.util.JavaUtils.callAsUnchecked(JavaUtils.java:109) ~[ratis-common-1.1.0-11689cd-SNAPSHOT.jar:1.1.0-11689cd-SNAPSHOT]
	at org.apache.ratis.server.impl.RaftServerProxy.lambda$submitRequest$6(RaftServerProxy.java:336) ~[ratis-server-1.1.0-11689cd-SNAPSHOT.jar:1.1.0-11689cd-SNAPSHOT]
	at java.util.concurrent.CompletableFuture.uniComposeStage(CompletableFuture.java:995) ~[?:1.8.0_232]
	at java.util.concurrent.CompletableFuture.thenCompose(CompletableFuture.java:2137) ~[?:1.8.0_232]
	at org.apache.ratis.server.impl.RaftServerProxy.submitRequest(RaftServerProxy.java:335) ~[ratis-server-1.1.0-11689cd-SNAPSHOT.jar:1.1.0-11689cd-SNAPSHOT]
	at org.apache.ratis.server.impl.RaftServerProxy.submitClientRequestAsync(RaftServerProxy.java:341) ~[ratis-server-1.1.0-11689cd-SNAPSHOT.jar:1.1.0-11689cd-SNAPSHOT]
	at org.apache.ratis.grpc.client.GrpcClientProtocolService$RequestStreamObserver.processClientRequest(GrpcClientProtocolService.java:228) ~[ratis-grpc-1.1.0-11689cd-SNAPSHOT.jar:1.1.0-11689cd-SNAPSHOT]
	at org.apache.ratis.grpc.client.GrpcClientProtocolService$OrderedRequestStreamObserver.processClientRequest(GrpcClientProtocolService.java:334) ~[ratis-grpc-1.1.0-11689cd-SNAPSHOT.jar:1.1.0-11689cd-SNAPSHOT]
	at org.apache.ratis.util.SlidingWindow$Server.processRequestsFromHead(SlidingWindow.java:429) [ratis-common-1.1.0-11689cd-SNAPSHOT.jar:1.1.0-11689cd-SNAPSHOT]
	at org.apache.ratis.util.SlidingWindow$Server.receivedRequest(SlidingWindow.java:421) [ratis-common-1.1.0-11689cd-SNAPSHOT.jar:1.1.0-11689cd-SNAPSHOT]
	at org.apache.ratis.grpc.client.GrpcClientProtocolService$OrderedRequestStreamObserver.processClientRequest(GrpcClientProtocolService.java:358) [ratis-grpc-1.1.0-11689cd-SNAPSHOT.jar:1.1.0-11689cd-SNAPSHOT]
	at org.apache.ratis.grpc.client.GrpcClientProtocolService$RequestStreamObserver.onNext(GrpcClientProtocolService.java:248) [ratis-grpc-1.1.0-11689cd-SNAPSHOT.jar:1.1.0-11689cd-SNAPSHOT]
	at org.apache.ratis.grpc.client.GrpcClientProtocolService$RequestStreamObserver.onNext(GrpcClientProtocolService.java:171) [ratis-grpc-1.1.0-11689cd-SNAPSHOT.jar:1.1.0-11689cd-SNAPSHOT]
	at org.apache.ratis.thirdparty.io.grpc.stub.ServerCalls$StreamingServerCallHandler$StreamingServerCallListener.onMessage(ServerCalls.java:251) [ratis-thirdparty-misc-0.6.0-SNAPSHOT.jar:0.6.0-SNAPSHOT]
	at org.apache.ratis.thirdparty.io.grpc.ForwardingServerCallListener.onMessage(ForwardingServerCallListener.java:33) [ratis-thirdparty-misc-0.6.0-SNAPSHOT.jar:0.6.0-SNAPSHOT]
	at org.apache.ratis.thirdparty.io.grpc.internal.ServerCallImpl$ServerStreamListenerImpl.messagesAvailableInternal(ServerCallImpl.java:309) [ratis-thirdparty-misc-0.6.0-SNAPSHOT.jar:0.6.0-SNAPSHOT]
	at org.apache.ratis.thirdparty.io.grpc.internal.ServerCallImpl$ServerStreamListenerImpl.messagesAvailable(ServerCallImpl.java:292) [ratis-thirdparty-misc-0.6.0-SNAPSHOT.jar:0.6.0-SNAPSHOT]
	at org.apache.ratis.thirdparty.io.grpc.internal.ServerImpl$JumpToApplicationThreadServerStreamListener$1MessagesAvailable.runInContext(ServerImpl.java:783) [ratis-thirdparty-misc-0.6.0-SNAPSHOT.jar:0.6.0-SNAPSHOT]
	at org.apache.ratis.thirdparty.io.grpc.internal.ContextRunnable.run(ContextRunnable.java:37) [ratis-thirdparty-misc-0.6.0-SNAPSHOT.jar:0.6.0-SNAPSHOT]
	at org.apache.ratis.thirdparty.io.grpc.internal.SerializingExecutor.run(SerializingExecutor.java:123) [ratis-thirdparty-misc-0.6.0-SNAPSHOT.jar:0.6.0-SNAPSHOT]
	at java.util.concurrent.ThreadPoolExecutor.runWorker(ThreadPoolExecutor.java:1149) [?:1.8.0_232]
	at java.util.concurrent.ThreadPoolExecutor$Worker.run(ThreadPoolExecutor.java:624) [?:1.8.0_232]
	at java.lang.Thread.run(Thread.java:748) [?:1.8.0_232]
21:16:06.821 [grpc-default-executor-0] ERROR DNAudit - user=null | ip=null | op=PUT_BLOCK {blockData=[blockId=conID: 2 locID: 105035212539035652 bcsId: 0,size=400]} | ret=FAILURE
org.apache.hadoop.hdds.scm.container.common.helpers.ContainerNotOpenException: Container 2 in CLOSED state
	at org.apache.hadoop.ozone.container.common.impl.HddsDispatcher.validateContainerCommand(HddsDispatcher.java:484) ~[hadoop-hdds-container-service-1.1.0-SNAPSHOT.jar:?]
	at org.apache.hadoop.ozone.container.common.transport.server.ratis.ContainerStateMachine.startTransaction(ContainerStateMachine.java:319) ~[hadoop-hdds-container-service-1.1.0-SNAPSHOT.jar:?]
	at org.apache.ratis.server.impl.RaftServerImpl.submitClientRequestAsync(RaftServerImpl.java:684) ~[ratis-server-1.1.0-11689cd-SNAPSHOT.jar:1.1.0-11689cd-SNAPSHOT]
	at org.apache.ratis.server.impl.RaftServerProxy.lambda$submitClientRequestAsync$7(RaftServerProxy.java:341) ~[ratis-server-1.1.0-11689cd-SNAPSHOT.jar:1.1.0-11689cd-SNAPSHOT]
	at org.apache.ratis.server.impl.RaftServerProxy.lambda$null$5(RaftServerProxy.java:336) ~[ratis-server-1.1.0-11689cd-SNAPSHOT.jar:1.1.0-11689cd-SNAPSHOT]
	at org.apache.ratis.util.JavaUtils.callAsUnchecked(JavaUtils.java:109) ~[ratis-common-1.1.0-11689cd-SNAPSHOT.jar:1.1.0-11689cd-SNAPSHOT]
	at org.apache.ratis.server.impl.RaftServerProxy.lambda$submitRequest$6(RaftServerProxy.java:336) ~[ratis-server-1.1.0-11689cd-SNAPSHOT.jar:1.1.0-11689cd-SNAPSHOT]
	at java.util.concurrent.CompletableFuture.uniComposeStage(CompletableFuture.java:995) ~[?:1.8.0_232]
	at java.util.concurrent.CompletableFuture.thenCompose(CompletableFuture.java:2137) ~[?:1.8.0_232]
	at org.apache.ratis.server.impl.RaftServerProxy.submitRequest(RaftServerProxy.java:335) ~[ratis-server-1.1.0-11689cd-SNAPSHOT.jar:1.1.0-11689cd-SNAPSHOT]
	at org.apache.ratis.server.impl.RaftServerProxy.submitClientRequestAsync(RaftServerProxy.java:341) ~[ratis-server-1.1.0-11689cd-SNAPSHOT.jar:1.1.0-11689cd-SNAPSHOT]
	at org.apache.ratis.grpc.client.GrpcClientProtocolService$RequestStreamObserver.processClientRequest(GrpcClientProtocolService.java:228) ~[ratis-grpc-1.1.0-11689cd-SNAPSHOT.jar:1.1.0-11689cd-SNAPSHOT]
	at org.apache.ratis.grpc.client.GrpcClientProtocolService$OrderedRequestStreamObserver.processClientRequest(GrpcClientProtocolService.java:334) ~[ratis-grpc-1.1.0-11689cd-SNAPSHOT.jar:1.1.0-11689cd-SNAPSHOT]
	at org.apache.ratis.util.SlidingWindow$Server.processRequestsFromHead(SlidingWindow.java:429) [ratis-common-1.1.0-11689cd-SNAPSHOT.jar:1.1.0-11689cd-SNAPSHOT]
	at org.apache.ratis.util.SlidingWindow$Server.receivedRequest(SlidingWindow.java:421) [ratis-common-1.1.0-11689cd-SNAPSHOT.jar:1.1.0-11689cd-SNAPSHOT]
	at org.apache.ratis.grpc.client.GrpcClientProtocolService$OrderedRequestStreamObserver.processClientRequest(GrpcClientProtocolService.java:358) [ratis-grpc-1.1.0-11689cd-SNAPSHOT.jar:1.1.0-11689cd-SNAPSHOT]
	at org.apache.ratis.grpc.client.GrpcClientProtocolService$RequestStreamObserver.onNext(GrpcClientProtocolService.java:248) [ratis-grpc-1.1.0-11689cd-SNAPSHOT.jar:1.1.0-11689cd-SNAPSHOT]
	at org.apache.ratis.grpc.client.GrpcClientProtocolService$RequestStreamObserver.onNext(GrpcClientProtocolService.java:171) [ratis-grpc-1.1.0-11689cd-SNAPSHOT.jar:1.1.0-11689cd-SNAPSHOT]
	at org.apache.ratis.thirdparty.io.grpc.stub.ServerCalls$StreamingServerCallHandler$StreamingServerCallListener.onMessage(ServerCalls.java:251) [ratis-thirdparty-misc-0.6.0-SNAPSHOT.jar:0.6.0-SNAPSHOT]
	at org.apache.ratis.thirdparty.io.grpc.ForwardingServerCallListener.onMessage(ForwardingServerCallListener.java:33) [ratis-thirdparty-misc-0.6.0-SNAPSHOT.jar:0.6.0-SNAPSHOT]
	at org.apache.ratis.thirdparty.io.grpc.internal.ServerCallImpl$ServerStreamListenerImpl.messagesAvailableInternal(ServerCallImpl.java:309) [ratis-thirdparty-misc-0.6.0-SNAPSHOT.jar:0.6.0-SNAPSHOT]
	at org.apache.ratis.thirdparty.io.grpc.internal.ServerCallImpl$ServerStreamListenerImpl.messagesAvailable(ServerCallImpl.java:292) [ratis-thirdparty-misc-0.6.0-SNAPSHOT.jar:0.6.0-SNAPSHOT]
	at org.apache.ratis.thirdparty.io.grpc.internal.ServerImpl$JumpToApplicationThreadServerStreamListener$1MessagesAvailable.runInContext(ServerImpl.java:783) [ratis-thirdparty-misc-0.6.0-SNAPSHOT.jar:0.6.0-SNAPSHOT]
	at org.apache.ratis.thirdparty.io.grpc.internal.ContextRunnable.run(ContextRunnable.java:37) [ratis-thirdparty-misc-0.6.0-SNAPSHOT.jar:0.6.0-SNAPSHOT]
	at org.apache.ratis.thirdparty.io.grpc.internal.SerializingExecutor.run(SerializingExecutor.java:123) [ratis-thirdparty-misc-0.6.0-SNAPSHOT.jar:0.6.0-SNAPSHOT]
	at java.util.concurrent.ThreadPoolExecutor.runWorker(ThreadPoolExecutor.java:1149) [?:1.8.0_232]
	at java.util.concurrent.ThreadPoolExecutor$Worker.run(ThreadPoolExecutor.java:624) [?:1.8.0_232]
	at java.lang.Thread.run(Thread.java:748) [?:1.8.0_232]
2020-10-14 21:16:06,829 [grpc-default-executor-0] ERROR storage.BlockOutputStream (BlockOutputStream.java:lambda$writeChunkToContainer$3(685)) - writing chunk failed 105035212539035652_chunk_2 blockID conID: 2 locID: 105035212539035652 bcsId: 0 with exception org.apache.ratis.protocol.exceptions.StateMachineException: org.apache.hadoop.hdds.scm.container.common.helpers.ContainerNotOpenException from Server a2749394-0239-4d59-b5c5-6ec7975208db@group-51769F462877: Container 2 in CLOSED state
2020-10-14 21:16:06,832 [grpc-default-executor-0] ERROR storage.BlockOutputStream (BlockOutputStream.java:lambda$writeChunkToContainer$3(685)) - writing chunk failed 105035212539035652_chunk_3 blockID conID: 2 locID: 105035212539035652 bcsId: 0 with exception org.apache.ratis.protocol.exceptions.StateMachineException: org.apache.hadoop.hdds.scm.container.common.helpers.ContainerNotOpenException from Server a2749394-0239-4d59-b5c5-6ec7975208db@group-51769F462877: Container 2 in CLOSED state
2020-10-14 21:16:06,833 [grpc-default-executor-0] ERROR storage.BlockOutputStream (BlockOutputStream.java:lambda$writeChunkToContainer$3(685)) - writing chunk failed 105035212539035652_chunk_4 blockID conID: 2 locID: 105035212539035652 bcsId: 0 with exception org.apache.ratis.protocol.exceptions.StateMachineException: org.apache.hadoop.hdds.scm.container.common.helpers.ContainerNotOpenException from Server a2749394-0239-4d59-b5c5-6ec7975208db@group-51769F462877: Container 2 in CLOSED state
2020-10-14 21:16:06,839 [Listener at 127.0.0.1/35811] INFO  metrics.RatisMetrics (RatisMetrics.java:lambda$create$0(36)) - Creating Metrics Registry : ratis.client_message_metrics.client-94B5173E6747->823e1d17-9ec2-4324-ad19-cd013f58686a
21:16:06.858 [grpc-default-executor-1] ERROR DNAudit - user=null | ip=null | op=WRITE_CHUNK {blockData=conID: 3 locID: 105035212539035653 bcsId: 0} | ret=FAILURE
org.apache.hadoop.hdds.scm.container.common.helpers.ContainerNotOpenException: Container 3 in CLOSED state
	at org.apache.hadoop.ozone.container.common.impl.HddsDispatcher.validateContainerCommand(HddsDispatcher.java:484) ~[hadoop-hdds-container-service-1.1.0-SNAPSHOT.jar:?]
	at org.apache.hadoop.ozone.container.common.transport.server.ratis.ContainerStateMachine.startTransaction(ContainerStateMachine.java:319) ~[hadoop-hdds-container-service-1.1.0-SNAPSHOT.jar:?]
	at org.apache.ratis.server.impl.RaftServerImpl.submitClientRequestAsync(RaftServerImpl.java:684) ~[ratis-server-1.1.0-11689cd-SNAPSHOT.jar:1.1.0-11689cd-SNAPSHOT]
	at org.apache.ratis.server.impl.RaftServerProxy.lambda$submitClientRequestAsync$7(RaftServerProxy.java:341) ~[ratis-server-1.1.0-11689cd-SNAPSHOT.jar:1.1.0-11689cd-SNAPSHOT]
	at org.apache.ratis.server.impl.RaftServerProxy.lambda$null$5(RaftServerProxy.java:336) ~[ratis-server-1.1.0-11689cd-SNAPSHOT.jar:1.1.0-11689cd-SNAPSHOT]
	at org.apache.ratis.util.JavaUtils.callAsUnchecked(JavaUtils.java:109) ~[ratis-common-1.1.0-11689cd-SNAPSHOT.jar:1.1.0-11689cd-SNAPSHOT]
	at org.apache.ratis.server.impl.RaftServerProxy.lambda$submitRequest$6(RaftServerProxy.java:336) ~[ratis-server-1.1.0-11689cd-SNAPSHOT.jar:1.1.0-11689cd-SNAPSHOT]
	at java.util.concurrent.CompletableFuture.uniComposeStage(CompletableFuture.java:995) ~[?:1.8.0_232]
	at java.util.concurrent.CompletableFuture.thenCompose(CompletableFuture.java:2137) ~[?:1.8.0_232]
	at org.apache.ratis.server.impl.RaftServerProxy.submitRequest(RaftServerProxy.java:335) ~[ratis-server-1.1.0-11689cd-SNAPSHOT.jar:1.1.0-11689cd-SNAPSHOT]
	at org.apache.ratis.server.impl.RaftServerProxy.submitClientRequestAsync(RaftServerProxy.java:341) ~[ratis-server-1.1.0-11689cd-SNAPSHOT.jar:1.1.0-11689cd-SNAPSHOT]
	at org.apache.ratis.grpc.client.GrpcClientProtocolService$RequestStreamObserver.processClientRequest(GrpcClientProtocolService.java:228) ~[ratis-grpc-1.1.0-11689cd-SNAPSHOT.jar:1.1.0-11689cd-SNAPSHOT]
	at org.apache.ratis.grpc.client.GrpcClientProtocolService$OrderedRequestStreamObserver.processClientRequest(GrpcClientProtocolService.java:334) ~[ratis-grpc-1.1.0-11689cd-SNAPSHOT.jar:1.1.0-11689cd-SNAPSHOT]
	at org.apache.ratis.util.SlidingWindow$Server.processRequestsFromHead(SlidingWindow.java:429) [ratis-common-1.1.0-11689cd-SNAPSHOT.jar:1.1.0-11689cd-SNAPSHOT]
	at org.apache.ratis.util.SlidingWindow$Server.receivedRequest(SlidingWindow.java:421) [ratis-common-1.1.0-11689cd-SNAPSHOT.jar:1.1.0-11689cd-SNAPSHOT]
	at org.apache.ratis.grpc.client.GrpcClientProtocolService$OrderedRequestStreamObserver.processClientRequest(GrpcClientProtocolService.java:358) [ratis-grpc-1.1.0-11689cd-SNAPSHOT.jar:1.1.0-11689cd-SNAPSHOT]
	at org.apache.ratis.grpc.client.GrpcClientProtocolService$RequestStreamObserver.onNext(GrpcClientProtocolService.java:248) [ratis-grpc-1.1.0-11689cd-SNAPSHOT.jar:1.1.0-11689cd-SNAPSHOT]
	at org.apache.ratis.grpc.client.GrpcClientProtocolService$RequestStreamObserver.onNext(GrpcClientProtocolService.java:171) [ratis-grpc-1.1.0-11689cd-SNAPSHOT.jar:1.1.0-11689cd-SNAPSHOT]
	at org.apache.ratis.thirdparty.io.grpc.stub.ServerCalls$StreamingServerCallHandler$StreamingServerCallListener.onMessage(ServerCalls.java:251) [ratis-thirdparty-misc-0.6.0-SNAPSHOT.jar:0.6.0-SNAPSHOT]
	at org.apache.ratis.thirdparty.io.grpc.ForwardingServerCallListener.onMessage(ForwardingServerCallListener.java:33) [ratis-thirdparty-misc-0.6.0-SNAPSHOT.jar:0.6.0-SNAPSHOT]
	at org.apache.ratis.thirdparty.io.grpc.internal.ServerCallImpl$ServerStreamListenerImpl.messagesAvailableInternal(ServerCallImpl.java:309) [ratis-thirdparty-misc-0.6.0-SNAPSHOT.jar:0.6.0-SNAPSHOT]
	at org.apache.ratis.thirdparty.io.grpc.internal.ServerCallImpl$ServerStreamListenerImpl.messagesAvailable(ServerCallImpl.java:292) [ratis-thirdparty-misc-0.6.0-SNAPSHOT.jar:0.6.0-SNAPSHOT]
	at org.apache.ratis.thirdparty.io.grpc.internal.ServerImpl$JumpToApplicationThreadServerStreamListener$1MessagesAvailable.runInContext(ServerImpl.java:783) [ratis-thirdparty-misc-0.6.0-SNAPSHOT.jar:0.6.0-SNAPSHOT]
	at org.apache.ratis.thirdparty.io.grpc.internal.ContextRunnable.run(ContextRunnable.java:37) [ratis-thirdparty-misc-0.6.0-SNAPSHOT.jar:0.6.0-SNAPSHOT]
	at org.apache.ratis.thirdparty.io.grpc.internal.SerializingExecutor.run(SerializingExecutor.java:123) [ratis-thirdparty-misc-0.6.0-SNAPSHOT.jar:0.6.0-SNAPSHOT]
	at java.util.concurrent.ThreadPoolExecutor.runWorker(ThreadPoolExecutor.java:1149) [?:1.8.0_232]
	at java.util.concurrent.ThreadPoolExecutor$Worker.run(ThreadPoolExecutor.java:624) [?:1.8.0_232]
	at java.lang.Thread.run(Thread.java:748) [?:1.8.0_232]
2020-10-14 21:16:06,866 [grpc-default-executor-0] ERROR storage.BlockOutputStream (BlockOutputStream.java:lambda$writeChunkToContainer$3(685)) - writing chunk failed 105035212539035653_chunk_1 blockID conID: 3 locID: 105035212539035653 bcsId: 0 with exception org.apache.ratis.protocol.exceptions.StateMachineException: org.apache.hadoop.hdds.scm.container.common.helpers.ContainerNotOpenException from Server 823e1d17-9ec2-4324-ad19-cd013f58686a@group-99BD7EE4F36C: Container 3 in CLOSED state
21:16:06.867 [grpc-default-executor-1] ERROR DNAudit - user=null | ip=null | op=WRITE_CHUNK {blockData=conID: 3 locID: 105035212539035653 bcsId: 0} | ret=FAILURE
org.apache.hadoop.hdds.scm.container.common.helpers.ContainerNotOpenException: Container 3 in CLOSED state
	at org.apache.hadoop.ozone.container.common.impl.HddsDispatcher.validateContainerCommand(HddsDispatcher.java:484) ~[hadoop-hdds-container-service-1.1.0-SNAPSHOT.jar:?]
	at org.apache.hadoop.ozone.container.common.transport.server.ratis.ContainerStateMachine.startTransaction(ContainerStateMachine.java:319) ~[hadoop-hdds-container-service-1.1.0-SNAPSHOT.jar:?]
	at org.apache.ratis.server.impl.RaftServerImpl.submitClientRequestAsync(RaftServerImpl.java:684) ~[ratis-server-1.1.0-11689cd-SNAPSHOT.jar:1.1.0-11689cd-SNAPSHOT]
	at org.apache.ratis.server.impl.RaftServerProxy.lambda$submitClientRequestAsync$7(RaftServerProxy.java:341) ~[ratis-server-1.1.0-11689cd-SNAPSHOT.jar:1.1.0-11689cd-SNAPSHOT]
	at org.apache.ratis.server.impl.RaftServerProxy.lambda$null$5(RaftServerProxy.java:336) ~[ratis-server-1.1.0-11689cd-SNAPSHOT.jar:1.1.0-11689cd-SNAPSHOT]
	at org.apache.ratis.util.JavaUtils.callAsUnchecked(JavaUtils.java:109) ~[ratis-common-1.1.0-11689cd-SNAPSHOT.jar:1.1.0-11689cd-SNAPSHOT]
	at org.apache.ratis.server.impl.RaftServerProxy.lambda$submitRequest$6(RaftServerProxy.java:336) ~[ratis-server-1.1.0-11689cd-SNAPSHOT.jar:1.1.0-11689cd-SNAPSHOT]
	at java.util.concurrent.CompletableFuture.uniComposeStage(CompletableFuture.java:995) ~[?:1.8.0_232]
	at java.util.concurrent.CompletableFuture.thenCompose(CompletableFuture.java:2137) ~[?:1.8.0_232]
	at org.apache.ratis.server.impl.RaftServerProxy.submitRequest(RaftServerProxy.java:335) ~[ratis-server-1.1.0-11689cd-SNAPSHOT.jar:1.1.0-11689cd-SNAPSHOT]
	at org.apache.ratis.server.impl.RaftServerProxy.submitClientRequestAsync(RaftServerProxy.java:341) ~[ratis-server-1.1.0-11689cd-SNAPSHOT.jar:1.1.0-11689cd-SNAPSHOT]
	at org.apache.ratis.grpc.client.GrpcClientProtocolService$RequestStreamObserver.processClientRequest(GrpcClientProtocolService.java:228) ~[ratis-grpc-1.1.0-11689cd-SNAPSHOT.jar:1.1.0-11689cd-SNAPSHOT]
	at org.apache.ratis.grpc.client.GrpcClientProtocolService$OrderedRequestStreamObserver.processClientRequest(GrpcClientProtocolService.java:334) ~[ratis-grpc-1.1.0-11689cd-SNAPSHOT.jar:1.1.0-11689cd-SNAPSHOT]
	at org.apache.ratis.util.SlidingWindow$Server.processRequestsFromHead(SlidingWindow.java:429) [ratis-common-1.1.0-11689cd-SNAPSHOT.jar:1.1.0-11689cd-SNAPSHOT]
	at org.apache.ratis.util.SlidingWindow$Server.receivedRequest(SlidingWindow.java:421) [ratis-common-1.1.0-11689cd-SNAPSHOT.jar:1.1.0-11689cd-SNAPSHOT]
	at org.apache.ratis.grpc.client.GrpcClientProtocolService$OrderedRequestStreamObserver.processClientRequest(GrpcClientProtocolService.java:358) [ratis-grpc-1.1.0-11689cd-SNAPSHOT.jar:1.1.0-11689cd-SNAPSHOT]
	at org.apache.ratis.grpc.client.GrpcClientProtocolService$RequestStreamObserver.onNext(GrpcClientProtocolService.java:248) [ratis-grpc-1.1.0-11689cd-SNAPSHOT.jar:1.1.0-11689cd-SNAPSHOT]
	at org.apache.ratis.grpc.client.GrpcClientProtocolService$RequestStreamObserver.onNext(GrpcClientProtocolService.java:171) [ratis-grpc-1.1.0-11689cd-SNAPSHOT.jar:1.1.0-11689cd-SNAPSHOT]
	at org.apache.ratis.thirdparty.io.grpc.stub.ServerCalls$StreamingServerCallHandler$StreamingServerCallListener.onMessage(ServerCalls.java:251) [ratis-thirdparty-misc-0.6.0-SNAPSHOT.jar:0.6.0-SNAPSHOT]
	at org.apache.ratis.thirdparty.io.grpc.ForwardingServerCallListener.onMessage(ForwardingServerCallListener.java:33) [ratis-thirdparty-misc-0.6.0-SNAPSHOT.jar:0.6.0-SNAPSHOT]
	at org.apache.ratis.thirdparty.io.grpc.internal.ServerCallImpl$ServerStreamListenerImpl.messagesAvailableInternal(ServerCallImpl.java:309) [ratis-thirdparty-misc-0.6.0-SNAPSHOT.jar:0.6.0-SNAPSHOT]
	at org.apache.ratis.thirdparty.io.grpc.internal.ServerCallImpl$ServerStreamListenerImpl.messagesAvailable(ServerCallImpl.java:292) [ratis-thirdparty-misc-0.6.0-SNAPSHOT.jar:0.6.0-SNAPSHOT]
	at org.apache.ratis.thirdparty.io.grpc.internal.ServerImpl$JumpToApplicationThreadServerStreamListener$1MessagesAvailable.runInContext(ServerImpl.java:783) [ratis-thirdparty-misc-0.6.0-SNAPSHOT.jar:0.6.0-SNAPSHOT]
	at org.apache.ratis.thirdparty.io.grpc.internal.ContextRunnable.run(ContextRunnable.java:37) [ratis-thirdparty-misc-0.6.0-SNAPSHOT.jar:0.6.0-SNAPSHOT]
	at org.apache.ratis.thirdparty.io.grpc.internal.SerializingExecutor.run(SerializingExecutor.java:123) [ratis-thirdparty-misc-0.6.0-SNAPSHOT.jar:0.6.0-SNAPSHOT]
	at java.util.concurrent.ThreadPoolExecutor.runWorker(ThreadPoolExecutor.java:1149) [?:1.8.0_232]
	at java.util.concurrent.ThreadPoolExecutor$Worker.run(ThreadPoolExecutor.java:624) [?:1.8.0_232]
	at java.lang.Thread.run(Thread.java:748) [?:1.8.0_232]
21:16:06.878 [grpc-default-executor-1] ERROR DNAudit - user=null | ip=null | op=PUT_BLOCK {blockData=[blockId=conID: 3 locID: 105035212539035653 bcsId: 0,size=200]} | ret=FAILURE
org.apache.hadoop.hdds.scm.container.common.helpers.ContainerNotOpenException: Container 3 in CLOSED state
	at org.apache.hadoop.ozone.container.common.impl.HddsDispatcher.validateContainerCommand(HddsDispatcher.java:484) ~[hadoop-hdds-container-service-1.1.0-SNAPSHOT.jar:?]
	at org.apache.hadoop.ozone.container.common.transport.server.ratis.ContainerStateMachine.startTransaction(ContainerStateMachine.java:319) ~[hadoop-hdds-container-service-1.1.0-SNAPSHOT.jar:?]
	at org.apache.ratis.server.impl.RaftServerImpl.submitClientRequestAsync(RaftServerImpl.java:684) ~[ratis-server-1.1.0-11689cd-SNAPSHOT.jar:1.1.0-11689cd-SNAPSHOT]
	at org.apache.ratis.server.impl.RaftServerProxy.lambda$submitClientRequestAsync$7(RaftServerProxy.java:341) ~[ratis-server-1.1.0-11689cd-SNAPSHOT.jar:1.1.0-11689cd-SNAPSHOT]
	at org.apache.ratis.server.impl.RaftServerProxy.lambda$null$5(RaftServerProxy.java:336) ~[ratis-server-1.1.0-11689cd-SNAPSHOT.jar:1.1.0-11689cd-SNAPSHOT]
	at org.apache.ratis.util.JavaUtils.callAsUnchecked(JavaUtils.java:109) ~[ratis-common-1.1.0-11689cd-SNAPSHOT.jar:1.1.0-11689cd-SNAPSHOT]
	at org.apache.ratis.server.impl.RaftServerProxy.lambda$submitRequest$6(RaftServerProxy.java:336) ~[ratis-server-1.1.0-11689cd-SNAPSHOT.jar:1.1.0-11689cd-SNAPSHOT]
	at java.util.concurrent.CompletableFuture.uniComposeStage(CompletableFuture.java:995) ~[?:1.8.0_232]
	at java.util.concurrent.CompletableFuture.thenCompose(CompletableFuture.java:2137) ~[?:1.8.0_232]
	at org.apache.ratis.server.impl.RaftServerProxy.submitRequest(RaftServerProxy.java:335) ~[ratis-server-1.1.0-11689cd-SNAPSHOT.jar:1.1.0-11689cd-SNAPSHOT]
	at org.apache.ratis.server.impl.RaftServerProxy.submitClientRequestAsync(RaftServerProxy.java:341) ~[ratis-server-1.1.0-11689cd-SNAPSHOT.jar:1.1.0-11689cd-SNAPSHOT]
	at org.apache.ratis.grpc.client.GrpcClientProtocolService$RequestStreamObserver.processClientRequest(GrpcClientProtocolService.java:228) ~[ratis-grpc-1.1.0-11689cd-SNAPSHOT.jar:1.1.0-11689cd-SNAPSHOT]
	at org.apache.ratis.grpc.client.GrpcClientProtocolService$OrderedRequestStreamObserver.processClientRequest(GrpcClientProtocolService.java:334) ~[ratis-grpc-1.1.0-11689cd-SNAPSHOT.jar:1.1.0-11689cd-SNAPSHOT]
	at org.apache.ratis.util.SlidingWindow$Server.processRequestsFromHead(SlidingWindow.java:429) [ratis-common-1.1.0-11689cd-SNAPSHOT.jar:1.1.0-11689cd-SNAPSHOT]
	at org.apache.ratis.util.SlidingWindow$Server.receivedRequest(SlidingWindow.java:421) [ratis-common-1.1.0-11689cd-SNAPSHOT.jar:1.1.0-11689cd-SNAPSHOT]
	at org.apache.ratis.grpc.client.GrpcClientProtocolService$OrderedRequestStreamObserver.processClientRequest(GrpcClientProtocolService.java:358) [ratis-grpc-1.1.0-11689cd-SNAPSHOT.jar:1.1.0-11689cd-SNAPSHOT]
	at org.apache.ratis.grpc.client.GrpcClientProtocolService$RequestStreamObserver.onNext(GrpcClientProtocolService.java:248) [ratis-grpc-1.1.0-11689cd-SNAPSHOT.jar:1.1.0-11689cd-SNAPSHOT]
	at org.apache.ratis.grpc.client.GrpcClientProtocolService$RequestStreamObserver.onNext(GrpcClientProtocolService.java:171) [ratis-grpc-1.1.0-11689cd-SNAPSHOT.jar:1.1.0-11689cd-SNAPSHOT]
	at org.apache.ratis.thirdparty.io.grpc.stub.ServerCalls$StreamingServerCallHandler$StreamingServerCallListener.onMessage(ServerCalls.java:251) [ratis-thirdparty-misc-0.6.0-SNAPSHOT.jar:0.6.0-SNAPSHOT]
	at org.apache.ratis.thirdparty.io.grpc.ForwardingServerCallListener.onMessage(ForwardingServerCallListener.java:33) [ratis-thirdparty-misc-0.6.0-SNAPSHOT.jar:0.6.0-SNAPSHOT]
	at org.apache.ratis.thirdparty.io.grpc.internal.ServerCallImpl$ServerStreamListenerImpl.messagesAvailableInternal(ServerCallImpl.java:309) [ratis-thirdparty-misc-0.6.0-SNAPSHOT.jar:0.6.0-SNAPSHOT]
	at org.apache.ratis.thirdparty.io.grpc.internal.ServerCallImpl$ServerStreamListenerImpl.messagesAvailable(ServerCallImpl.java:292) [ratis-thirdparty-misc-0.6.0-SNAPSHOT.jar:0.6.0-SNAPSHOT]
	at org.apache.ratis.thirdparty.io.grpc.internal.ServerImpl$JumpToApplicationThreadServerStreamListener$1MessagesAvailable.runInContext(ServerImpl.java:783) [ratis-thirdparty-misc-0.6.0-SNAPSHOT.jar:0.6.0-SNAPSHOT]
	at org.apache.ratis.thirdparty.io.grpc.internal.ContextRunnable.run(ContextRunnable.java:37) [ratis-thirdparty-misc-0.6.0-SNAPSHOT.jar:0.6.0-SNAPSHOT]
	at org.apache.ratis.thirdparty.io.grpc.internal.SerializingExecutor.run(SerializingExecutor.java:123) [ratis-thirdparty-misc-0.6.0-SNAPSHOT.jar:0.6.0-SNAPSHOT]
	at java.util.concurrent.ThreadPoolExecutor.runWorker(ThreadPoolExecutor.java:1149) [?:1.8.0_232]
	at java.util.concurrent.ThreadPoolExecutor$Worker.run(ThreadPoolExecutor.java:624) [?:1.8.0_232]
	at java.lang.Thread.run(Thread.java:748) [?:1.8.0_232]
21:16:06.881 [grpc-default-executor-1] ERROR DNAudit - user=null | ip=null | op=WRITE_CHUNK {blockData=conID: 3 locID: 105035212539035653 bcsId: 0} | ret=FAILURE
org.apache.hadoop.hdds.scm.container.common.helpers.ContainerNotOpenException: Container 3 in CLOSED state
	at org.apache.hadoop.ozone.container.common.impl.HddsDispatcher.validateContainerCommand(HddsDispatcher.java:484) ~[hadoop-hdds-container-service-1.1.0-SNAPSHOT.jar:?]
	at org.apache.hadoop.ozone.container.common.transport.server.ratis.ContainerStateMachine.startTransaction(ContainerStateMachine.java:319) ~[hadoop-hdds-container-service-1.1.0-SNAPSHOT.jar:?]
	at org.apache.ratis.server.impl.RaftServerImpl.submitClientRequestAsync(RaftServerImpl.java:684) ~[ratis-server-1.1.0-11689cd-SNAPSHOT.jar:1.1.0-11689cd-SNAPSHOT]
	at org.apache.ratis.server.impl.RaftServerProxy.lambda$submitClientRequestAsync$7(RaftServerProxy.java:341) ~[ratis-server-1.1.0-11689cd-SNAPSHOT.jar:1.1.0-11689cd-SNAPSHOT]
	at org.apache.ratis.server.impl.RaftServerProxy.lambda$null$5(RaftServerProxy.java:336) ~[ratis-server-1.1.0-11689cd-SNAPSHOT.jar:1.1.0-11689cd-SNAPSHOT]
	at org.apache.ratis.util.JavaUtils.callAsUnchecked(JavaUtils.java:109) ~[ratis-common-1.1.0-11689cd-SNAPSHOT.jar:1.1.0-11689cd-SNAPSHOT]
	at org.apache.ratis.server.impl.RaftServerProxy.lambda$submitRequest$6(RaftServerProxy.java:336) ~[ratis-server-1.1.0-11689cd-SNAPSHOT.jar:1.1.0-11689cd-SNAPSHOT]
	at java.util.concurrent.CompletableFuture.uniComposeStage(CompletableFuture.java:995) ~[?:1.8.0_232]
	at java.util.concurrent.CompletableFuture.thenCompose(CompletableFuture.java:2137) ~[?:1.8.0_232]
	at org.apache.ratis.server.impl.RaftServerProxy.submitRequest(RaftServerProxy.java:335) ~[ratis-server-1.1.0-11689cd-SNAPSHOT.jar:1.1.0-11689cd-SNAPSHOT]
	at org.apache.ratis.server.impl.RaftServerProxy.submitClientRequestAsync(RaftServerProxy.java:341) ~[ratis-server-1.1.0-11689cd-SNAPSHOT.jar:1.1.0-11689cd-SNAPSHOT]
	at org.apache.ratis.grpc.client.GrpcClientProtocolService$RequestStreamObserver.processClientRequest(GrpcClientProtocolService.java:228) ~[ratis-grpc-1.1.0-11689cd-SNAPSHOT.jar:1.1.0-11689cd-SNAPSHOT]
	at org.apache.ratis.grpc.client.GrpcClientProtocolService$OrderedRequestStreamObserver.processClientRequest(GrpcClientProtocolService.java:334) ~[ratis-grpc-1.1.0-11689cd-SNAPSHOT.jar:1.1.0-11689cd-SNAPSHOT]
	at org.apache.ratis.util.SlidingWindow$Server.processRequestsFromHead(SlidingWindow.java:429) [ratis-common-1.1.0-11689cd-SNAPSHOT.jar:1.1.0-11689cd-SNAPSHOT]
	at org.apache.ratis.util.SlidingWindow$Server.receivedRequest(SlidingWindow.java:421) [ratis-common-1.1.0-11689cd-SNAPSHOT.jar:1.1.0-11689cd-SNAPSHOT]
	at org.apache.ratis.grpc.client.GrpcClientProtocolService$OrderedRequestStreamObserver.processClientRequest(GrpcClientProtocolService.java:358) [ratis-grpc-1.1.0-11689cd-SNAPSHOT.jar:1.1.0-11689cd-SNAPSHOT]
	at org.apache.ratis.grpc.client.GrpcClientProtocolService$RequestStreamObserver.onNext(GrpcClientProtocolService.java:248) [ratis-grpc-1.1.0-11689cd-SNAPSHOT.jar:1.1.0-11689cd-SNAPSHOT]
	at org.apache.ratis.grpc.client.GrpcClientProtocolService$RequestStreamObserver.onNext(GrpcClientProtocolService.java:171) [ratis-grpc-1.1.0-11689cd-SNAPSHOT.jar:1.1.0-11689cd-SNAPSHOT]
	at org.apache.ratis.thirdparty.io.grpc.stub.ServerCalls$StreamingServerCallHandler$StreamingServerCallListener.onMessage(ServerCalls.java:251) [ratis-thirdparty-misc-0.6.0-SNAPSHOT.jar:0.6.0-SNAPSHOT]
	at org.apache.ratis.thirdparty.io.grpc.ForwardingServerCallListener.onMessage(ForwardingServerCallListener.java:33) [ratis-thirdparty-misc-0.6.0-SNAPSHOT.jar:0.6.0-SNAPSHOT]
	at org.apache.ratis.thirdparty.io.grpc.internal.ServerCallImpl$ServerStreamListenerImpl.messagesAvailableInternal(ServerCallImpl.java:309) [ratis-thirdparty-misc-0.6.0-SNAPSHOT.jar:0.6.0-SNAPSHOT]
	at org.apache.ratis.thirdparty.io.grpc.internal.ServerCallImpl$ServerStreamListenerImpl.messagesAvailable(ServerCallImpl.java:292) [ratis-thirdparty-misc-0.6.0-SNAPSHOT.jar:0.6.0-SNAPSHOT]
	at org.apache.ratis.thirdparty.io.grpc.internal.ServerImpl$JumpToApplicationThreadServerStreamListener$1MessagesAvailable.runInContext(ServerImpl.java:783) [ratis-thirdparty-misc-0.6.0-SNAPSHOT.jar:0.6.0-SNAPSHOT]
	at org.apache.ratis.thirdparty.io.grpc.internal.ContextRunnable.run(ContextRunnable.java:37) [ratis-thirdparty-misc-0.6.0-SNAPSHOT.jar:0.6.0-SNAPSHOT]
	at org.apache.ratis.thirdparty.io.grpc.internal.SerializingExecutor.run(SerializingExecutor.java:123) [ratis-thirdparty-misc-0.6.0-SNAPSHOT.jar:0.6.0-SNAPSHOT]
	at java.util.concurrent.ThreadPoolExecutor.runWorker(ThreadPoolExecutor.java:1149) [?:1.8.0_232]
	at java.util.concurrent.ThreadPoolExecutor$Worker.run(ThreadPoolExecutor.java:624) [?:1.8.0_232]
	at java.lang.Thread.run(Thread.java:748) [?:1.8.0_232]
2020-10-14 21:16:06,881 [grpc-default-executor-0] ERROR storage.BlockOutputStream (BlockOutputStream.java:lambda$writeChunkToContainer$3(685)) - writing chunk failed 105035212539035653_chunk_2 blockID conID: 3 locID: 105035212539035653 bcsId: 0 with exception org.apache.ratis.protocol.exceptions.StateMachineException: org.apache.hadoop.hdds.scm.container.common.helpers.ContainerNotOpenException from Server 823e1d17-9ec2-4324-ad19-cd013f58686a@group-99BD7EE4F36C: Container 3 in CLOSED state
21:16:06.888 [grpc-default-executor-1] ERROR DNAudit - user=null | ip=null | op=WRITE_CHUNK {blockData=conID: 3 locID: 105035212539035653 bcsId: 0} | ret=FAILURE
org.apache.hadoop.hdds.scm.container.common.helpers.ContainerNotOpenException: Container 3 in CLOSED state
	at org.apache.hadoop.ozone.container.common.impl.HddsDispatcher.validateContainerCommand(HddsDispatcher.java:484) ~[hadoop-hdds-container-service-1.1.0-SNAPSHOT.jar:?]
	at org.apache.hadoop.ozone.container.common.transport.server.ratis.ContainerStateMachine.startTransaction(ContainerStateMachine.java:319) ~[hadoop-hdds-container-service-1.1.0-SNAPSHOT.jar:?]
	at org.apache.ratis.server.impl.RaftServerImpl.submitClientRequestAsync(RaftServerImpl.java:684) ~[ratis-server-1.1.0-11689cd-SNAPSHOT.jar:1.1.0-11689cd-SNAPSHOT]
	at org.apache.ratis.server.impl.RaftServerProxy.lambda$submitClientRequestAsync$7(RaftServerProxy.java:341) ~[ratis-server-1.1.0-11689cd-SNAPSHOT.jar:1.1.0-11689cd-SNAPSHOT]
	at org.apache.ratis.server.impl.RaftServerProxy.lambda$null$5(RaftServerProxy.java:336) ~[ratis-server-1.1.0-11689cd-SNAPSHOT.jar:1.1.0-11689cd-SNAPSHOT]
	at org.apache.ratis.util.JavaUtils.callAsUnchecked(JavaUtils.java:109) ~[ratis-common-1.1.0-11689cd-SNAPSHOT.jar:1.1.0-11689cd-SNAPSHOT]
	at org.apache.ratis.server.impl.RaftServerProxy.lambda$submitRequest$6(RaftServerProxy.java:336) ~[ratis-server-1.1.0-11689cd-SNAPSHOT.jar:1.1.0-11689cd-SNAPSHOT]
	at java.util.concurrent.CompletableFuture.uniComposeStage(CompletableFuture.java:995) ~[?:1.8.0_232]
	at java.util.concurrent.CompletableFuture.thenCompose(CompletableFuture.java:2137) ~[?:1.8.0_232]
	at org.apache.ratis.server.impl.RaftServerProxy.submitRequest(RaftServerProxy.java:335) ~[ratis-server-1.1.0-11689cd-SNAPSHOT.jar:1.1.0-11689cd-SNAPSHOT]
	at org.apache.ratis.server.impl.RaftServerProxy.submitClientRequestAsync(RaftServerProxy.java:341) ~[ratis-server-1.1.0-11689cd-SNAPSHOT.jar:1.1.0-11689cd-SNAPSHOT]
	at org.apache.ratis.grpc.client.GrpcClientProtocolService$RequestStreamObserver.processClientRequest(GrpcClientProtocolService.java:228) ~[ratis-grpc-1.1.0-11689cd-SNAPSHOT.jar:1.1.0-11689cd-SNAPSHOT]
	at org.apache.ratis.grpc.client.GrpcClientProtocolService$OrderedRequestStreamObserver.processClientRequest(GrpcClientProtocolService.java:334) ~[ratis-grpc-1.1.0-11689cd-SNAPSHOT.jar:1.1.0-11689cd-SNAPSHOT]
	at org.apache.ratis.util.SlidingWindow$Server.processRequestsFromHead(SlidingWindow.java:429) [ratis-common-1.1.0-11689cd-SNAPSHOT.jar:1.1.0-11689cd-SNAPSHOT]
	at org.apache.ratis.util.SlidingWindow$Server.receivedRequest(SlidingWindow.java:421) [ratis-common-1.1.0-11689cd-SNAPSHOT.jar:1.1.0-11689cd-SNAPSHOT]
	at org.apache.ratis.grpc.client.GrpcClientProtocolService$OrderedRequestStreamObserver.processClientRequest(GrpcClientProtocolService.java:358) [ratis-grpc-1.1.0-11689cd-SNAPSHOT.jar:1.1.0-11689cd-SNAPSHOT]
	at org.apache.ratis.grpc.client.GrpcClientProtocolService$RequestStreamObserver.onNext(GrpcClientProtocolService.java:248) [ratis-grpc-1.1.0-11689cd-SNAPSHOT.jar:1.1.0-11689cd-SNAPSHOT]
	at org.apache.ratis.grpc.client.GrpcClientProtocolService$RequestStreamObserver.onNext(GrpcClientProtocolService.java:171) [ratis-grpc-1.1.0-11689cd-SNAPSHOT.jar:1.1.0-11689cd-SNAPSHOT]
	at org.apache.ratis.thirdparty.io.grpc.stub.ServerCalls$StreamingServerCallHandler$StreamingServerCallListener.onMessage(ServerCalls.java:251) [ratis-thirdparty-misc-0.6.0-SNAPSHOT.jar:0.6.0-SNAPSHOT]
	at org.apache.ratis.thirdparty.io.grpc.ForwardingServerCallListener.onMessage(ForwardingServerCallListener.java:33) [ratis-thirdparty-misc-0.6.0-SNAPSHOT.jar:0.6.0-SNAPSHOT]
	at org.apache.ratis.thirdparty.io.grpc.internal.ServerCallImpl$ServerStreamListenerImpl.messagesAvailableInternal(ServerCallImpl.java:309) [ratis-thirdparty-misc-0.6.0-SNAPSHOT.jar:0.6.0-SNAPSHOT]
	at org.apache.ratis.thirdparty.io.grpc.internal.ServerCallImpl$ServerStreamListenerImpl.messagesAvailable(ServerCallImpl.java:292) [ratis-thirdparty-misc-0.6.0-SNAPSHOT.jar:0.6.0-SNAPSHOT]
	at org.apache.ratis.thirdparty.io.grpc.internal.ServerImpl$JumpToApplicationThreadServerStreamListener$1MessagesAvailable.runInContext(ServerImpl.java:783) [ratis-thirdparty-misc-0.6.0-SNAPSHOT.jar:0.6.0-SNAPSHOT]
	at org.apache.ratis.thirdparty.io.grpc.internal.ContextRunnable.run(ContextRunnable.java:37) [ratis-thirdparty-misc-0.6.0-SNAPSHOT.jar:0.6.0-SNAPSHOT]
	at org.apache.ratis.thirdparty.io.grpc.internal.SerializingExecutor.run(SerializingExecutor.java:123) [ratis-thirdparty-misc-0.6.0-SNAPSHOT.jar:0.6.0-SNAPSHOT]
	at java.util.concurrent.ThreadPoolExecutor.runWorker(ThreadPoolExecutor.java:1149) [?:1.8.0_232]
	at java.util.concurrent.ThreadPoolExecutor$Worker.run(ThreadPoolExecutor.java:624) [?:1.8.0_232]
	at java.lang.Thread.run(Thread.java:748) [?:1.8.0_232]
21:16:06.891 [grpc-default-executor-1] ERROR DNAudit - user=null | ip=null | op=PUT_BLOCK {blockData=[blockId=conID: 3 locID: 105035212539035653 bcsId: 0,size=400]} | ret=FAILURE
org.apache.hadoop.hdds.scm.container.common.helpers.ContainerNotOpenException: Container 3 in CLOSED state
	at org.apache.hadoop.ozone.container.common.impl.HddsDispatcher.validateContainerCommand(HddsDispatcher.java:484) ~[hadoop-hdds-container-service-1.1.0-SNAPSHOT.jar:?]
	at org.apache.hadoop.ozone.container.common.transport.server.ratis.ContainerStateMachine.startTransaction(ContainerStateMachine.java:319) ~[hadoop-hdds-container-service-1.1.0-SNAPSHOT.jar:?]
	at org.apache.ratis.server.impl.RaftServerImpl.submitClientRequestAsync(RaftServerImpl.java:684) ~[ratis-server-1.1.0-11689cd-SNAPSHOT.jar:1.1.0-11689cd-SNAPSHOT]
	at org.apache.ratis.server.impl.RaftServerProxy.lambda$submitClientRequestAsync$7(RaftServerProxy.java:341) ~[ratis-server-1.1.0-11689cd-SNAPSHOT.jar:1.1.0-11689cd-SNAPSHOT]
	at org.apache.ratis.server.impl.RaftServerProxy.lambda$null$5(RaftServerProxy.java:336) ~[ratis-server-1.1.0-11689cd-SNAPSHOT.jar:1.1.0-11689cd-SNAPSHOT]
	at org.apache.ratis.util.JavaUtils.callAsUnchecked(JavaUtils.java:109) ~[ratis-common-1.1.0-11689cd-SNAPSHOT.jar:1.1.0-11689cd-SNAPSHOT]
	at org.apache.ratis.server.impl.RaftServerProxy.lambda$submitRequest$6(RaftServerProxy.java:336) ~[ratis-server-1.1.0-11689cd-SNAPSHOT.jar:1.1.0-11689cd-SNAPSHOT]
	at java.util.concurrent.CompletableFuture.uniComposeStage(CompletableFuture.java:995) ~[?:1.8.0_232]
	at java.util.concurrent.CompletableFuture.thenCompose(CompletableFuture.java:2137) ~[?:1.8.0_232]
	at org.apache.ratis.server.impl.RaftServerProxy.submitRequest(RaftServerProxy.java:335) ~[ratis-server-1.1.0-11689cd-SNAPSHOT.jar:1.1.0-11689cd-SNAPSHOT]
	at org.apache.ratis.server.impl.RaftServerProxy.submitClientRequestAsync(RaftServerProxy.java:341) ~[ratis-server-1.1.0-11689cd-SNAPSHOT.jar:1.1.0-11689cd-SNAPSHOT]
	at org.apache.ratis.grpc.client.GrpcClientProtocolService$RequestStreamObserver.processClientRequest(GrpcClientProtocolService.java:228) ~[ratis-grpc-1.1.0-11689cd-SNAPSHOT.jar:1.1.0-11689cd-SNAPSHOT]
	at org.apache.ratis.grpc.client.GrpcClientProtocolService$OrderedRequestStreamObserver.processClientRequest(GrpcClientProtocolService.java:334) ~[ratis-grpc-1.1.0-11689cd-SNAPSHOT.jar:1.1.0-11689cd-SNAPSHOT]
	at org.apache.ratis.util.SlidingWindow$Server.processRequestsFromHead(SlidingWindow.java:429) [ratis-common-1.1.0-11689cd-SNAPSHOT.jar:1.1.0-11689cd-SNAPSHOT]
	at org.apache.ratis.util.SlidingWindow$Server.receivedRequest(SlidingWindow.java:421) [ratis-common-1.1.0-11689cd-SNAPSHOT.jar:1.1.0-11689cd-SNAPSHOT]
	at org.apache.ratis.grpc.client.GrpcClientProtocolService$OrderedRequestStreamObserver.processClientRequest(GrpcClientProtocolService.java:358) [ratis-grpc-1.1.0-11689cd-SNAPSHOT.jar:1.1.0-11689cd-SNAPSHOT]
	at org.apache.ratis.grpc.client.GrpcClientProtocolService$RequestStreamObserver.onNext(GrpcClientProtocolService.java:248) [ratis-grpc-1.1.0-11689cd-SNAPSHOT.jar:1.1.0-11689cd-SNAPSHOT]
	at org.apache.ratis.grpc.client.GrpcClientProtocolService$RequestStreamObserver.onNext(GrpcClientProtocolService.java:171) [ratis-grpc-1.1.0-11689cd-SNAPSHOT.jar:1.1.0-11689cd-SNAPSHOT]
	at org.apache.ratis.thirdparty.io.grpc.stub.ServerCalls$StreamingServerCallHandler$StreamingServerCallListener.onMessage(ServerCalls.java:251) [ratis-thirdparty-misc-0.6.0-SNAPSHOT.jar:0.6.0-SNAPSHOT]
	at org.apache.ratis.thirdparty.io.grpc.ForwardingServerCallListener.onMessage(ForwardingServerCallListener.java:33) [ratis-thirdparty-misc-0.6.0-SNAPSHOT.jar:0.6.0-SNAPSHOT]
	at org.apache.ratis.thirdparty.io.grpc.internal.ServerCallImpl$ServerStreamListenerImpl.messagesAvailableInternal(ServerCallImpl.java:309) [ratis-thirdparty-misc-0.6.0-SNAPSHOT.jar:0.6.0-SNAPSHOT]
	at org.apache.ratis.thirdparty.io.grpc.internal.ServerCallImpl$ServerStreamListenerImpl.messagesAvailable(ServerCallImpl.java:292) [ratis-thirdparty-misc-0.6.0-SNAPSHOT.jar:0.6.0-SNAPSHOT]
	at org.apache.ratis.thirdparty.io.grpc.internal.ServerImpl$JumpToApplicationThreadServerStreamListener$1MessagesAvailable.runInContext(ServerImpl.java:783) [ratis-thirdparty-misc-0.6.0-SNAPSHOT.jar:0.6.0-SNAPSHOT]
	at org.apache.ratis.thirdparty.io.grpc.internal.ContextRunnable.run(ContextRunnable.java:37) [ratis-thirdparty-misc-0.6.0-SNAPSHOT.jar:0.6.0-SNAPSHOT]
	at org.apache.ratis.thirdparty.io.grpc.internal.SerializingExecutor.run(SerializingExecutor.java:123) [ratis-thirdparty-misc-0.6.0-SNAPSHOT.jar:0.6.0-SNAPSHOT]
	at java.util.concurrent.ThreadPoolExecutor.runWorker(ThreadPoolExecutor.java:1149) [?:1.8.0_232]
	at java.util.concurrent.ThreadPoolExecutor$Worker.run(ThreadPoolExecutor.java:624) [?:1.8.0_232]
	at java.lang.Thread.run(Thread.java:748) [?:1.8.0_232]
2020-10-14 21:16:06,905 [grpc-default-executor-1] ERROR storage.BlockOutputStream (BlockOutputStream.java:lambda$writeChunkToContainer$3(685)) - writing chunk failed 105035212539035653_chunk_3 blockID conID: 3 locID: 105035212539035653 bcsId: 0 with exception org.apache.ratis.protocol.exceptions.StateMachineException: org.apache.hadoop.hdds.scm.container.common.helpers.ContainerNotOpenException from Server 823e1d17-9ec2-4324-ad19-cd013f58686a@group-99BD7EE4F36C: Container 3 in CLOSED state
2020-10-14 21:16:06,916 [grpc-default-executor-1] ERROR storage.BlockOutputStream (BlockOutputStream.java:lambda$writeChunkToContainer$3(685)) - writing chunk failed 105035212539035653_chunk_4 blockID conID: 3 locID: 105035212539035653 bcsId: 0 with exception org.apache.ratis.protocol.exceptions.StateMachineException: org.apache.hadoop.hdds.scm.container.common.helpers.ContainerNotOpenException from Server 823e1d17-9ec2-4324-ad19-cd013f58686a@group-99BD7EE4F36C: Container 3 in CLOSED state
2020-10-14 21:16:06,923 [Listener at 127.0.0.1/35811] INFO  io.BlockOutputStreamEntryPool (BlockOutputStreamEntryPool.java:allocateNewBlock(284)) - Allocating block with ExcludeList {datanodes = [], containerIds = [#1, #2, #3], pipelineIds = []}
2020-10-14 21:16:06,939 [Listener at 127.0.0.1/35811] INFO  metrics.RatisMetrics (RatisMetrics.java:lambda$create$0(36)) - Creating Metrics Registry : ratis.client_message_metrics.client-87A40BF6E669->497cee6a-8cec-48d3-a21d-ba28642b4d07
2020-10-14 21:16:07,010 [Listener at 127.0.0.1/35811] INFO  ozone.MiniOzoneClusterImpl (MiniOzoneClusterImpl.java:shutdown(387)) - Shutting down the Mini Ozone Cluster
2020-10-14 21:16:07,010 [Listener at 127.0.0.1/35811] INFO  ozone.MiniOzoneClusterImpl (MiniOzoneClusterImpl.java:stop(402)) - Stopping the Mini Ozone Cluster
2020-10-14 21:16:07,010 [Listener at 127.0.0.1/35811] INFO  ozone.MiniOzoneClusterImpl (MiniOzoneClusterImpl.java:stopOM(484)) - Stopping the OzoneManager
2020-10-14 21:16:07,011 [Listener at 127.0.0.1/35811] INFO  ipc.Server (Server.java:stop(3359)) - Stopping server on 35811
2020-10-14 21:16:07,015 [IPC Server listener on 0] INFO  ipc.Server (Server.java:run(1330)) - Stopping IPC Server listener on 0
2020-10-14 21:16:07,017 [Listener at 127.0.0.1/35811] INFO  ratis.OzoneManagerDoubleBuffer (OzoneManagerDoubleBuffer.java:stop(458)) - Stopping OMDoubleBuffer flush thread
2020-10-14 21:16:07,017 [IPC Server Responder] INFO  ipc.Server (Server.java:run(1465)) - Stopping IPC Server Responder
2020-10-14 21:16:07,017 [OMDoubleBufferFlushThread] INFO  ratis.OzoneManagerDoubleBuffer (OzoneManagerDoubleBuffer.java:flushTransactions(357)) - OMDoubleBuffer flush thread OMDoubleBufferFlushThread is interrupted and will exit. OMDoubleBufferFlushThread
2020-10-14 21:16:07,018 [Listener at 127.0.0.1/35811] INFO  utils.BackgroundService (BackgroundService.java:shutdown(132)) - Shutting down service KeyDeletingService
2020-10-14 21:16:07,018 [Listener at 127.0.0.1/35811] INFO  handler.ContextHandler (ContextHandler.java:doStop(1016)) - Stopped o.e.j.w.WebAppContext@6abd4566{ozoneManager,/,null,UNAVAILABLE}{file:/github/workspace/mnt/ozone/hadoop-ozone/integration-test/target/test-classes/webapps/ozoneManager}
2020-10-14 21:16:07,019 [Listener at 127.0.0.1/35811] INFO  server.AbstractConnector (AbstractConnector.java:doStop(380)) - Stopped ServerConnector@77aadebc{HTTP/1.1,[http/1.1]}{0.0.0.0:0}
2020-10-14 21:16:07,019 [Listener at 127.0.0.1/35811] INFO  server.session (HouseKeeper.java:stopScavenging(158)) - node0 Stopped scavenging
2020-10-14 21:16:07,019 [Listener at 127.0.0.1/35811] INFO  handler.ContextHandler (ContextHandler.java:doStop(1016)) - Stopped o.e.j.s.ServletContextHandler@711fa45d{static,/static,file:///github/workspace/mnt/ozone/hadoop-ozone/integration-test/target/test-classes/webapps/static,UNAVAILABLE}
2020-10-14 21:16:07,020 [Listener at 127.0.0.1/35811] INFO  handler.ContextHandler (ContextHandler.java:doStop(1016)) - Stopped o.e.j.s.ServletContextHandler@4908c233{logs,/logs,file:///github/workspace/mnt/ozone/hadoop-ozone/integration-test/target/log,UNAVAILABLE}
2020-10-14 21:16:07,028 [Listener at 127.0.0.1/35811] INFO  ozone.MiniOzoneClusterImpl (MiniOzoneClusterImpl.java:stopDatanodes(461)) - Stopping the HddsDatanodes
2020-10-14 21:16:07,323 [Datanode State Machine Thread - 0] INFO  statemachine.DatanodeStateMachine (DatanodeStateMachine.java:lambda$startDaemon$0(405)) - Ozone container server started.
2020-10-14 21:16:07,895 [Datanode State Machine Thread - 0] INFO  statemachine.DatanodeStateMachine (DatanodeStateMachine.java:lambda$startDaemon$0(405)) - Ozone container server started.
2020-10-14 21:16:12,029 [ForkJoinPool.commonPool-worker-0] INFO  ozoneimpl.OzoneContainer (OzoneContainer.java:stop(259)) - Attempting to stop container services.
2020-10-14 21:16:12,029 [Listener at 127.0.0.1/35811] INFO  ozoneimpl.OzoneContainer (OzoneContainer.java:stop(259)) - Attempting to stop container services.
2020-10-14 21:16:12,030 [Listener at 127.0.0.1/35811] INFO  impl.RaftServerProxy (RaftServerProxy.java:lambda$close$4(322)) - 823e1d17-9ec2-4324-ad19-cd013f58686a: close
2020-10-14 21:16:12,030 [Listener at 127.0.0.1/35811] INFO  impl.RaftServerImpl (RaftServerImpl.java:lambda$shutdown$3(321)) - 823e1d17-9ec2-4324-ad19-cd013f58686a@group-212B8072EEFB: shutdown
2020-10-14 21:16:12,031 [Listener at 127.0.0.1/35811] INFO  util.JmxRegister (JmxRegister.java:unregister(73)) - Successfully un-registered JMX Bean with object name Ratis:service=RaftServer,group=group-212B8072EEFB,id=823e1d17-9ec2-4324-ad19-cd013f58686a
2020-10-14 21:16:12,031 [Listener at 127.0.0.1/35811] INFO  impl.RoleInfo (RoleInfo.java:shutdownFollowerState(121)) - 823e1d17-9ec2-4324-ad19-cd013f58686a: shutdown FollowerState
2020-10-14 21:16:12,031 [Listener at 127.0.0.1/35811] INFO  impl.StateMachineUpdater (StateMachineUpdater.java:stopAndJoin(142)) - 823e1d17-9ec2-4324-ad19-cd013f58686a@group-212B8072EEFB-StateMachineUpdater: set stopIndex = 0
2020-10-14 21:16:12,032 [823e1d17-9ec2-4324-ad19-cd013f58686a@group-212B8072EEFB-StateMachineUpdater] INFO  ratis.ContainerStateMachine (ContainerStateMachine.java:takeSnapshot(293)) - group-212B8072EEFB: Taking a snapshot at:(t:1, i:0) file /github/workspace/mnt/ozone/hadoop-ozone/integration-test/target/test-dir/MiniOzoneClusterImpl-2e4050b2-a17a-4fa5-be17-26c3c845a162/datanode-4/data/ratis/d7b52df2-ea79-40c3-985a-212b8072eefb/sm/snapshot.1_0
2020-10-14 21:16:12,033 [Thread-642] INFO  impl.FollowerState (FollowerState.java:run(117)) - 823e1d17-9ec2-4324-ad19-cd013f58686a@group-212B8072EEFB-FollowerState was interrupted: java.lang.InterruptedException: sleep interrupted
2020-10-14 21:16:12,030 [ForkJoinPool.commonPool-worker-0] INFO  impl.RaftServerProxy (RaftServerProxy.java:lambda$close$4(322)) - f76b2cce-c2f6-431b-b1be-2c52678ad1ab: close
2020-10-14 21:16:12,033 [ForkJoinPool.commonPool-worker-0] INFO  impl.RaftServerImpl (RaftServerImpl.java:lambda$shutdown$3(321)) - f76b2cce-c2f6-431b-b1be-2c52678ad1ab@group-912DD3AF3D6E: shutdown
2020-10-14 21:16:12,033 [ForkJoinPool.commonPool-worker-0] INFO  util.JmxRegister (JmxRegister.java:unregister(73)) - Successfully un-registered JMX Bean with object name Ratis:service=RaftServer,group=group-912DD3AF3D6E,id=f76b2cce-c2f6-431b-b1be-2c52678ad1ab
2020-10-14 21:16:12,034 [823e1d17-9ec2-4324-ad19-cd013f58686a@group-212B8072EEFB-StateMachineUpdater] INFO  ratis.ContainerStateMachine (ContainerStateMachine.java:takeSnapshot(304)) - group-212B8072EEFB: Finished taking a snapshot at:(t:1, i:0) file:/github/workspace/mnt/ozone/hadoop-ozone/integration-test/target/test-dir/MiniOzoneClusterImpl-2e4050b2-a17a-4fa5-be17-26c3c845a162/datanode-4/data/ratis/d7b52df2-ea79-40c3-985a-212b8072eefb/sm/snapshot.1_0 time:2
2020-10-14 21:16:12,034 [823e1d17-9ec2-4324-ad19-cd013f58686a@group-212B8072EEFB-StateMachineUpdater] INFO  impl.StateMachineUpdater (StateMachineUpdater.java:takeSnapshot(277)) - 823e1d17-9ec2-4324-ad19-cd013f58686a@group-212B8072EEFB-StateMachineUpdater: Took a snapshot at index 0
2020-10-14 21:16:12,034 [823e1d17-9ec2-4324-ad19-cd013f58686a@group-212B8072EEFB-StateMachineUpdater] INFO  impl.StateMachineUpdater (StateMachineUpdater.java:lambda$new$0(87)) - 823e1d17-9ec2-4324-ad19-cd013f58686a@group-212B8072EEFB-StateMachineUpdater: snapshotIndex: updateIncreasingly -1 -> 0
2020-10-14 21:16:12,035 [823e1d17-9ec2-4324-ad19-cd013f58686a@group-212B8072EEFB-StateMachineUpdater] INFO  metrics.RatisMetrics (RatisMetrics.java:unregister(43)) - Unregistering Metrics Registry : ratis.state_machine.823e1d17-9ec2-4324-ad19-cd013f58686a@group-212B8072EEFB
2020-10-14 21:16:12,035 [Listener at 127.0.0.1/35811] INFO  impl.RaftServerImpl (ServerState.java:close(405)) - 823e1d17-9ec2-4324-ad19-cd013f58686a@group-212B8072EEFB: closes. applyIndex: 0
2020-10-14 21:16:12,035 [823e1d17-9ec2-4324-ad19-cd013f58686a@group-212B8072EEFB-SegmentedRaftLogWorker] INFO  segmented.SegmentedRaftLogWorker (SegmentedRaftLogWorker.java:run(327)) - 823e1d17-9ec2-4324-ad19-cd013f58686a@group-212B8072EEFB-SegmentedRaftLogWorker was interrupted, exiting. There are 0 tasks remaining in the queue.
2020-10-14 21:16:12,035 [ForkJoinPool.commonPool-worker-0] INFO  impl.RoleInfo (RoleInfo.java:shutdownLeaderState(104)) - f76b2cce-c2f6-431b-b1be-2c52678ad1ab: shutdown LeaderState
2020-10-14 21:16:12,036 [ForkJoinPool.commonPool-worker-0] INFO  metrics.RatisMetrics (RatisMetrics.java:unregister(43)) - Unregistering Metrics Registry : ratis_grpc.log_appender.f76b2cce-c2f6-431b-b1be-2c52678ad1ab@group-912DD3AF3D6E
2020-10-14 21:16:12,036 [ForkJoinPool.commonPool-worker-0] INFO  metrics.RatisMetrics (RatisMetrics.java:unregister(43)) - Unregistering Metrics Registry : ratis_grpc.log_appender.f76b2cce-c2f6-431b-b1be-2c52678ad1ab@group-912DD3AF3D6E
2020-10-14 21:16:12,036 [org.apache.ratis.server.impl.LogAppender$AppenderDaemon$$Lambda$461/1800320643@ba9cc18] WARN  server.GrpcLogAppender (GrpcLogAppender.java:mayWait(168)) - f76b2cce-c2f6-431b-b1be-2c52678ad1ab@group-912DD3AF3D6E->c9269502-d4ee-4905-9113-8d8748841615-GrpcLogAppender: Wait interrupted by java.lang.InterruptedException
2020-10-14 21:16:12,036 [Listener at 127.0.0.1/35811] INFO  segmented.SegmentedRaftLogWorker (SegmentedRaftLogWorker.java:close(234)) - 823e1d17-9ec2-4324-ad19-cd013f58686a@group-212B8072EEFB-SegmentedRaftLogWorker close()
2020-10-14 21:16:12,036 [ForkJoinPool.commonPool-worker-0] INFO  impl.PendingRequests (PendingRequests.java:sendNotLeaderResponses(249)) - f76b2cce-c2f6-431b-b1be-2c52678ad1ab@group-912DD3AF3D6E-PendingRequests: sendNotLeaderResponses
2020-10-14 21:16:12,037 [ForkJoinPool.commonPool-worker-0] INFO  metrics.RatisMetrics (RatisMetrics.java:unregister(43)) - Unregistering Metrics Registry : ratis.log_appender.f76b2cce-c2f6-431b-b1be-2c52678ad1ab@group-912DD3AF3D6E
2020-10-14 21:16:12,036 [org.apache.ratis.server.impl.LogAppender$AppenderDaemon$$Lambda$461/1800320643@5e98adfc] WARN  server.GrpcLogAppender (GrpcLogAppender.java:mayWait(168)) - f76b2cce-c2f6-431b-b1be-2c52678ad1ab@group-912DD3AF3D6E->76ae9a49-516f-47a3-983c-b12a499d08c9-GrpcLogAppender: Wait interrupted by java.lang.InterruptedException
2020-10-14 21:16:12,037 [ForkJoinPool.commonPool-worker-0] INFO  metrics.RatisMetrics (RatisMetrics.java:unregister(43)) - Unregistering Metrics Registry : ratis.server.f76b2cce-c2f6-431b-b1be-2c52678ad1ab@group-912DD3AF3D6E
2020-10-14 21:16:12,037 [grpc-default-executor-0] INFO  server.GrpcServerProtocolService (GrpcServerProtocolService.java:onCompleted(138)) - 76ae9a49-516f-47a3-983c-b12a499d08c9: Completed APPEND_ENTRIES, lastRequest: f76b2cce-c2f6-431b-b1be-2c52678ad1ab->76ae9a49-516f-47a3-983c-b12a499d08c9#1-t1, previous=(t:0, i:0), leaderCommit=0, initializing? false, entries: size=1, first=(t:1, i:0), CONFIGURATIONENTRY
2020-10-14 21:16:12,038 [grpc-default-executor-1] INFO  server.GrpcServerProtocolService (GrpcServerProtocolService.java:onCompleted(138)) - c9269502-d4ee-4905-9113-8d8748841615: Completed APPEND_ENTRIES, lastRequest: f76b2cce-c2f6-431b-b1be-2c52678ad1ab->c9269502-d4ee-4905-9113-8d8748841615#1-t1, previous=(t:0, i:0), leaderCommit=0, initializing? false, entries: size=1, first=(t:1, i:0), CONFIGURATIONENTRY
2020-10-14 21:16:12,040 [Listener at 127.0.0.1/35811] INFO  metrics.RatisMetrics (RatisMetrics.java:unregister(43)) - Unregistering Metrics Registry : ratis.log_worker.823e1d17-9ec2-4324-ad19-cd013f58686a@group-212B8072EEFB
2020-10-14 21:16:12,041 [Listener at 127.0.0.1/35811] INFO  metrics.RatisMetrics (RatisMetrics.java:unregister(43)) - Unregistering Metrics Registry : ratis.leader_election.823e1d17-9ec2-4324-ad19-cd013f58686a@group-212B8072EEFB
2020-10-14 21:16:12,041 [Listener at 127.0.0.1/35811] INFO  metrics.RatisMetrics (RatisMetrics.java:unregister(43)) - Unregistering Metrics Registry : ratis.server.823e1d17-9ec2-4324-ad19-cd013f58686a@group-212B8072EEFB
2020-10-14 21:16:12,041 [Listener at 127.0.0.1/35811] INFO  impl.RaftServerImpl (RaftServerImpl.java:lambda$shutdown$3(321)) - 823e1d17-9ec2-4324-ad19-cd013f58686a@group-99BD7EE4F36C: shutdown
2020-10-14 21:16:12,041 [Listener at 127.0.0.1/35811] INFO  util.JmxRegister (JmxRegister.java:unregister(73)) - Successfully un-registered JMX Bean with object name Ratis:service=RaftServer,group=group-99BD7EE4F36C,id=823e1d17-9ec2-4324-ad19-cd013f58686a
2020-10-14 21:16:12,041 [grpc-default-executor-1] INFO  server.GrpcLogAppender (GrpcLogAppender.java:onCompleted(336)) - f76b2cce-c2f6-431b-b1be-2c52678ad1ab@group-912DD3AF3D6E->c9269502-d4ee-4905-9113-8d8748841615-AppendLogResponseHandler: follower responses appendEntries COMPLETED
2020-10-14 21:16:12,042 [grpc-default-executor-1] INFO  impl.FollowerInfo (FollowerInfo.java:lambda$new$0(51)) - f76b2cce-c2f6-431b-b1be-2c52678ad1ab@group-912DD3AF3D6E->c9269502-d4ee-4905-9113-8d8748841615: nextIndex: updateUnconditionally 1 -> 0
2020-10-14 21:16:12,042 [grpc-default-executor-3] INFO  server.GrpcLogAppender (GrpcLogAppender.java:onCompleted(336)) - f76b2cce-c2f6-431b-b1be-2c52678ad1ab@group-912DD3AF3D6E->76ae9a49-516f-47a3-983c-b12a499d08c9-AppendLogResponseHandler: follower responses appendEntries COMPLETED
2020-10-14 21:16:12,042 [ForkJoinPool.commonPool-worker-0] INFO  impl.StateMachineUpdater (StateMachineUpdater.java:stopAndJoin(142)) - f76b2cce-c2f6-431b-b1be-2c52678ad1ab@group-912DD3AF3D6E-StateMachineUpdater: set stopIndex = 0
2020-10-14 21:16:12,042 [Listener at 127.0.0.1/35811] INFO  impl.RoleInfo (RoleInfo.java:shutdownLeaderState(104)) - 823e1d17-9ec2-4324-ad19-cd013f58686a: shutdown LeaderState
2020-10-14 21:16:12,042 [grpc-default-executor-3] INFO  impl.FollowerInfo (FollowerInfo.java:lambda$new$0(51)) - f76b2cce-c2f6-431b-b1be-2c52678ad1ab@group-912DD3AF3D6E->76ae9a49-516f-47a3-983c-b12a499d08c9: nextIndex: updateUnconditionally 1 -> 0
2020-10-14 21:16:12,043 [f76b2cce-c2f6-431b-b1be-2c52678ad1ab@group-912DD3AF3D6E-StateMachineUpdater] INFO  ratis.ContainerStateMachine (ContainerStateMachine.java:takeSnapshot(293)) - group-912DD3AF3D6E: Taking a snapshot at:(t:1, i:0) file /github/workspace/mnt/ozone/hadoop-ozone/integration-test/target/test-dir/MiniOzoneClusterImpl-2e4050b2-a17a-4fa5-be17-26c3c845a162/datanode-1/data/ratis/fdfcd7ae-b040-4762-be1a-912dd3af3d6e/sm/snapshot.1_0
2020-10-14 21:16:12,043 [f76b2cce-c2f6-431b-b1be-2c52678ad1ab@group-912DD3AF3D6E-StateMachineUpdater] INFO  ratis.ContainerStateMachine (ContainerStateMachine.java:takeSnapshot(304)) - group-912DD3AF3D6E: Finished taking a snapshot at:(t:1, i:0) file:/github/workspace/mnt/ozone/hadoop-ozone/integration-test/target/test-dir/MiniOzoneClusterImpl-2e4050b2-a17a-4fa5-be17-26c3c845a162/datanode-1/data/ratis/fdfcd7ae-b040-4762-be1a-912dd3af3d6e/sm/snapshot.1_0 time:0
2020-10-14 21:16:12,044 [f76b2cce-c2f6-431b-b1be-2c52678ad1ab@group-912DD3AF3D6E-StateMachineUpdater] INFO  impl.StateMachineUpdater (StateMachineUpdater.java:takeSnapshot(277)) - f76b2cce-c2f6-431b-b1be-2c52678ad1ab@group-912DD3AF3D6E-StateMachineUpdater: Took a snapshot at index 0
2020-10-14 21:16:12,044 [f76b2cce-c2f6-431b-b1be-2c52678ad1ab@group-912DD3AF3D6E-StateMachineUpdater] INFO  impl.StateMachineUpdater (StateMachineUpdater.java:lambda$new$0(87)) - f76b2cce-c2f6-431b-b1be-2c52678ad1ab@group-912DD3AF3D6E-StateMachineUpdater: snapshotIndex: updateIncreasingly -1 -> 0
2020-10-14 21:16:12,044 [f76b2cce-c2f6-431b-b1be-2c52678ad1ab@group-912DD3AF3D6E-StateMachineUpdater] INFO  metrics.RatisMetrics (RatisMetrics.java:unregister(43)) - Unregistering Metrics Registry : ratis.state_machine.f76b2cce-c2f6-431b-b1be-2c52678ad1ab@group-912DD3AF3D6E
2020-10-14 21:16:12,044 [ForkJoinPool.commonPool-worker-0] INFO  impl.RaftServerImpl (ServerState.java:close(405)) - f76b2cce-c2f6-431b-b1be-2c52678ad1ab@group-912DD3AF3D6E: closes. applyIndex: 0
2020-10-14 21:16:12,044 [f76b2cce-c2f6-431b-b1be-2c52678ad1ab@group-912DD3AF3D6E-SegmentedRaftLogWorker] INFO  segmented.SegmentedRaftLogWorker (SegmentedRaftLogWorker.java:run(327)) - f76b2cce-c2f6-431b-b1be-2c52678ad1ab@group-912DD3AF3D6E-SegmentedRaftLogWorker was interrupted, exiting. There are 0 tasks remaining in the queue.
2020-10-14 21:16:12,043 [Listener at 127.0.0.1/35811] INFO  impl.PendingRequests (PendingRequests.java:sendNotLeaderResponses(249)) - 823e1d17-9ec2-4324-ad19-cd013f58686a@group-99BD7EE4F36C-PendingRequests: sendNotLeaderResponses
2020-10-14 21:16:12,045 [ForkJoinPool.commonPool-worker-0] INFO  segmented.SegmentedRaftLogWorker (SegmentedRaftLogWorker.java:close(234)) - f76b2cce-c2f6-431b-b1be-2c52678ad1ab@group-912DD3AF3D6E-SegmentedRaftLogWorker close()
2020-10-14 21:16:12,046 [ForkJoinPool.commonPool-worker-0] INFO  metrics.RatisMetrics (RatisMetrics.java:unregister(43)) - Unregistering Metrics Registry : ratis.log_worker.f76b2cce-c2f6-431b-b1be-2c52678ad1ab@group-912DD3AF3D6E
2020-10-14 21:16:12,047 [ForkJoinPool.commonPool-worker-0] INFO  metrics.RatisMetrics (RatisMetrics.java:unregister(43)) - Unregistering Metrics Registry : ratis.leader_election.f76b2cce-c2f6-431b-b1be-2c52678ad1ab@group-912DD3AF3D6E
2020-10-14 21:16:12,048 [ForkJoinPool.commonPool-worker-0] INFO  metrics.RatisMetrics (RatisMetrics.java:unregister(43)) - Unregistering Metrics Registry : ratis.server.f76b2cce-c2f6-431b-b1be-2c52678ad1ab@group-912DD3AF3D6E
2020-10-14 21:16:12,048 [ForkJoinPool.commonPool-worker-0] INFO  impl.RaftServerImpl (RaftServerImpl.java:lambda$shutdown$3(321)) - f76b2cce-c2f6-431b-b1be-2c52678ad1ab@group-F8DFEF0FB6F2: shutdown
2020-10-14 21:16:12,047 [Listener at 127.0.0.1/35811] INFO  metrics.RatisMetrics (RatisMetrics.java:unregister(43)) - Unregistering Metrics Registry : ratis.log_appender.823e1d17-9ec2-4324-ad19-cd013f58686a@group-99BD7EE4F36C
2020-10-14 21:16:12,048 [Listener at 127.0.0.1/35811] INFO  metrics.RatisMetrics (RatisMetrics.java:unregister(43)) - Unregistering Metrics Registry : ratis.server.823e1d17-9ec2-4324-ad19-cd013f58686a@group-99BD7EE4F36C
2020-10-14 21:16:12,049 [ForkJoinPool.commonPool-worker-0] INFO  util.JmxRegister (JmxRegister.java:unregister(73)) - Successfully un-registered JMX Bean with object name Ratis:service=RaftServer,group=group-F8DFEF0FB6F2,id=f76b2cce-c2f6-431b-b1be-2c52678ad1ab
2020-10-14 21:16:12,049 [ForkJoinPool.commonPool-worker-0] INFO  impl.RoleInfo (RoleInfo.java:shutdownLeaderState(104)) - f76b2cce-c2f6-431b-b1be-2c52678ad1ab: shutdown LeaderState
2020-10-14 21:16:12,049 [ForkJoinPool.commonPool-worker-0] INFO  impl.PendingRequests (PendingRequests.java:sendNotLeaderResponses(249)) - f76b2cce-c2f6-431b-b1be-2c52678ad1ab@group-F8DFEF0FB6F2-PendingRequests: sendNotLeaderResponses
2020-10-14 21:16:12,049 [ForkJoinPool.commonPool-worker-0] INFO  metrics.RatisMetrics (RatisMetrics.java:unregister(43)) - Unregistering Metrics Registry : ratis.log_appender.f76b2cce-c2f6-431b-b1be-2c52678ad1ab@group-F8DFEF0FB6F2
2020-10-14 21:16:12,049 [823e1d17-9ec2-4324-ad19-cd013f58686a@group-99BD7EE4F36C-StateMachineUpdater] INFO  ratis.ContainerStateMachine (ContainerStateMachine.java:takeSnapshot(293)) - group-99BD7EE4F36C: Taking a snapshot at:(t:1, i:4) file /github/workspace/mnt/ozone/hadoop-ozone/integration-test/target/test-dir/MiniOzoneClusterImpl-2e4050b2-a17a-4fa5-be17-26c3c845a162/datanode-4/data/ratis/b8c1d22c-0a0d-4b40-875a-99bd7ee4f36c/sm/snapshot.1_4
2020-10-14 21:16:12,049 [Listener at 127.0.0.1/35811] INFO  impl.StateMachineUpdater (StateMachineUpdater.java:stopAndJoin(142)) - 823e1d17-9ec2-4324-ad19-cd013f58686a@group-99BD7EE4F36C-StateMachineUpdater: set stopIndex = 4
2020-10-14 21:16:12,051 [ForkJoinPool.commonPool-worker-0] INFO  metrics.RatisMetrics (RatisMetrics.java:unregister(43)) - Unregistering Metrics Registry : ratis.server.f76b2cce-c2f6-431b-b1be-2c52678ad1ab@group-F8DFEF0FB6F2
2020-10-14 21:16:12,052 [ForkJoinPool.commonPool-worker-0] INFO  impl.StateMachineUpdater (StateMachineUpdater.java:stopAndJoin(142)) - f76b2cce-c2f6-431b-b1be-2c52678ad1ab@group-F8DFEF0FB6F2-StateMachineUpdater: set stopIndex = 0
2020-10-14 21:16:12,052 [f76b2cce-c2f6-431b-b1be-2c52678ad1ab@group-F8DFEF0FB6F2-StateMachineUpdater] INFO  ratis.ContainerStateMachine (ContainerStateMachine.java:takeSnapshot(293)) - group-F8DFEF0FB6F2: Taking a snapshot at:(t:1, i:0) file /github/workspace/mnt/ozone/hadoop-ozone/integration-test/target/test-dir/MiniOzoneClusterImpl-2e4050b2-a17a-4fa5-be17-26c3c845a162/datanode-1/data/ratis/cc1fb8ae-7b36-4e83-86d9-f8dfef0fb6f2/sm/snapshot.1_0
2020-10-14 21:16:12,054 [823e1d17-9ec2-4324-ad19-cd013f58686a@group-99BD7EE4F36C-StateMachineUpdater] INFO  ratis.ContainerStateMachine (ContainerStateMachine.java:takeSnapshot(304)) - group-99BD7EE4F36C: Finished taking a snapshot at:(t:1, i:4) file:/github/workspace/mnt/ozone/hadoop-ozone/integration-test/target/test-dir/MiniOzoneClusterImpl-2e4050b2-a17a-4fa5-be17-26c3c845a162/datanode-4/data/ratis/b8c1d22c-0a0d-4b40-875a-99bd7ee4f36c/sm/snapshot.1_4 time:5
2020-10-14 21:16:12,054 [823e1d17-9ec2-4324-ad19-cd013f58686a@group-99BD7EE4F36C-StateMachineUpdater] INFO  impl.StateMachineUpdater (StateMachineUpdater.java:takeSnapshot(277)) - 823e1d17-9ec2-4324-ad19-cd013f58686a@group-99BD7EE4F36C-StateMachineUpdater: Took a snapshot at index 4
2020-10-14 21:16:12,055 [823e1d17-9ec2-4324-ad19-cd013f58686a@group-99BD7EE4F36C-StateMachineUpdater] INFO  impl.StateMachineUpdater (StateMachineUpdater.java:lambda$new$0(87)) - 823e1d17-9ec2-4324-ad19-cd013f58686a@group-99BD7EE4F36C-StateMachineUpdater: snapshotIndex: updateIncreasingly -1 -> 4
2020-10-14 21:16:12,055 [f76b2cce-c2f6-431b-b1be-2c52678ad1ab@group-F8DFEF0FB6F2-StateMachineUpdater] INFO  ratis.ContainerStateMachine (ContainerStateMachine.java:takeSnapshot(304)) - group-F8DFEF0FB6F2: Finished taking a snapshot at:(t:1, i:0) file:/github/workspace/mnt/ozone/hadoop-ozone/integration-test/target/test-dir/MiniOzoneClusterImpl-2e4050b2-a17a-4fa5-be17-26c3c845a162/datanode-1/data/ratis/cc1fb8ae-7b36-4e83-86d9-f8dfef0fb6f2/sm/snapshot.1_0 time:3
2020-10-14 21:16:12,055 [823e1d17-9ec2-4324-ad19-cd013f58686a@group-99BD7EE4F36C-StateMachineUpdater] INFO  metrics.RatisMetrics (RatisMetrics.java:unregister(43)) - Unregistering Metrics Registry : ratis.state_machine.823e1d17-9ec2-4324-ad19-cd013f58686a@group-99BD7EE4F36C
2020-10-14 21:16:12,055 [f76b2cce-c2f6-431b-b1be-2c52678ad1ab@group-F8DFEF0FB6F2-StateMachineUpdater] INFO  impl.StateMachineUpdater (StateMachineUpdater.java:takeSnapshot(277)) - f76b2cce-c2f6-431b-b1be-2c52678ad1ab@group-F8DFEF0FB6F2-StateMachineUpdater: Took a snapshot at index 0
2020-10-14 21:16:12,055 [f76b2cce-c2f6-431b-b1be-2c52678ad1ab@group-F8DFEF0FB6F2-StateMachineUpdater] INFO  impl.StateMachineUpdater (StateMachineUpdater.java:lambda$new$0(87)) - f76b2cce-c2f6-431b-b1be-2c52678ad1ab@group-F8DFEF0FB6F2-StateMachineUpdater: snapshotIndex: updateIncreasingly -1 -> 0
2020-10-14 21:16:12,055 [Listener at 127.0.0.1/35811] INFO  impl.RaftServerImpl (ServerState.java:close(405)) - 823e1d17-9ec2-4324-ad19-cd013f58686a@group-99BD7EE4F36C: closes. applyIndex: 4
2020-10-14 21:16:12,055 [f76b2cce-c2f6-431b-b1be-2c52678ad1ab@group-F8DFEF0FB6F2-StateMachineUpdater] INFO  metrics.RatisMetrics (RatisMetrics.java:unregister(43)) - Unregistering Metrics Registry : ratis.state_machine.f76b2cce-c2f6-431b-b1be-2c52678ad1ab@group-F8DFEF0FB6F2
2020-10-14 21:16:12,055 [ForkJoinPool.commonPool-worker-0] INFO  impl.RaftServerImpl (ServerState.java:close(405)) - f76b2cce-c2f6-431b-b1be-2c52678ad1ab@group-F8DFEF0FB6F2: closes. applyIndex: 0
2020-10-14 21:16:12,055 [823e1d17-9ec2-4324-ad19-cd013f58686a@group-99BD7EE4F36C-SegmentedRaftLogWorker] INFO  segmented.SegmentedRaftLogWorker (SegmentedRaftLogWorker.java:run(327)) - 823e1d17-9ec2-4324-ad19-cd013f58686a@group-99BD7EE4F36C-SegmentedRaftLogWorker was interrupted, exiting. There are 0 tasks remaining in the queue.
2020-10-14 21:16:12,056 [f76b2cce-c2f6-431b-b1be-2c52678ad1ab@group-F8DFEF0FB6F2-SegmentedRaftLogWorker] INFO  segmented.SegmentedRaftLogWorker (SegmentedRaftLogWorker.java:run(327)) - f76b2cce-c2f6-431b-b1be-2c52678ad1ab@group-F8DFEF0FB6F2-SegmentedRaftLogWorker was interrupted, exiting. There are 0 tasks remaining in the queue.
2020-10-14 21:16:12,058 [ForkJoinPool.commonPool-worker-0] INFO  segmented.SegmentedRaftLogWorker (SegmentedRaftLogWorker.java:close(234)) - f76b2cce-c2f6-431b-b1be-2c52678ad1ab@group-F8DFEF0FB6F2-SegmentedRaftLogWorker close()
2020-10-14 21:16:12,058 [Listener at 127.0.0.1/35811] INFO  segmented.SegmentedRaftLogWorker (SegmentedRaftLogWorker.java:close(234)) - 823e1d17-9ec2-4324-ad19-cd013f58686a@group-99BD7EE4F36C-SegmentedRaftLogWorker close()
2020-10-14 21:16:12,060 [ForkJoinPool.commonPool-worker-0] INFO  metrics.RatisMetrics (RatisMetrics.java:unregister(43)) - Unregistering Metrics Registry : ratis.log_worker.f76b2cce-c2f6-431b-b1be-2c52678ad1ab@group-F8DFEF0FB6F2
2020-10-14 21:16:12,060 [Listener at 127.0.0.1/35811] INFO  metrics.RatisMetrics (RatisMetrics.java:unregister(43)) - Unregistering Metrics Registry : ratis.log_worker.823e1d17-9ec2-4324-ad19-cd013f58686a@group-99BD7EE4F36C
2020-10-14 21:16:12,060 [ForkJoinPool.commonPool-worker-0] INFO  metrics.RatisMetrics (RatisMetrics.java:unregister(43)) - Unregistering Metrics Registry : ratis.leader_election.f76b2cce-c2f6-431b-b1be-2c52678ad1ab@group-F8DFEF0FB6F2
2020-10-14 21:16:12,060 [Listener at 127.0.0.1/35811] INFO  metrics.RatisMetrics (RatisMetrics.java:unregister(43)) - Unregistering Metrics Registry : ratis.leader_election.823e1d17-9ec2-4324-ad19-cd013f58686a@group-99BD7EE4F36C
2020-10-14 21:16:12,060 [ForkJoinPool.commonPool-worker-0] INFO  metrics.RatisMetrics (RatisMetrics.java:unregister(43)) - Unregistering Metrics Registry : ratis.server.f76b2cce-c2f6-431b-b1be-2c52678ad1ab@group-F8DFEF0FB6F2
2020-10-14 21:16:12,060 [Listener at 127.0.0.1/35811] INFO  metrics.RatisMetrics (RatisMetrics.java:unregister(43)) - Unregistering Metrics Registry : ratis.server.823e1d17-9ec2-4324-ad19-cd013f58686a@group-99BD7EE4F36C
2020-10-14 21:16:12,060 [ForkJoinPool.commonPool-worker-0] INFO  server.GrpcService (GrpcService.java:closeImpl(183)) - f76b2cce-c2f6-431b-b1be-2c52678ad1ab: shutdown server with port 35837 now
2020-10-14 21:16:12,061 [Listener at 127.0.0.1/35811] INFO  server.GrpcService (GrpcService.java:closeImpl(183)) - 823e1d17-9ec2-4324-ad19-cd013f58686a: shutdown server with port 45645 now
2020-10-14 21:16:12,062 [grpc-default-executor-0] WARN  server.GrpcLogAppender (LogUtils.java:warn(122)) - 2cb5168d-05f1-4d8c-acfa-fa1a7bda46f6@group-212B8072EEFB->823e1d17-9ec2-4324-ad19-cd013f58686a-AppendLogResponseHandler: Failed appendEntries: org.apache.ratis.thirdparty.io.grpc.StatusRuntimeException: CANCELLED: HTTP/2 error code: CANCEL
Received Rst Stream
2020-10-14 21:16:12,063 [grpc-default-executor-0] WARN  server.GrpcLogAppender (GrpcLogAppender.java:resetClient(107)) - 2cb5168d-05f1-4d8c-acfa-fa1a7bda46f6@group-212B8072EEFB->823e1d17-9ec2-4324-ad19-cd013f58686a-GrpcLogAppender: Leader has not got in touch with Follower 2cb5168d-05f1-4d8c-acfa-fa1a7bda46f6@group-212B8072EEFB->823e1d17-9ec2-4324-ad19-cd013f58686a(c0,m0,n1, attendVote=true, lastRpcSendTime=183, lastRpcResponseTime=181) yet, just keep nextIndex unchanged and retry.
2020-10-14 21:16:12,064 [grpc-default-executor-3] WARN  server.GrpcServerProtocolService (LogUtils.java:warn(122)) - 823e1d17-9ec2-4324-ad19-cd013f58686a: installSnapshot onError, lastRequest: 2cb5168d-05f1-4d8c-acfa-fa1a7bda46f6->823e1d17-9ec2-4324-ad19-cd013f58686a#1-t1, previous=(t:0, i:0), leaderCommit=-1, initializing? false, entries: size=1, first=(t:1, i:0), CONFIGURATIONENTRY: org.apache.ratis.thirdparty.io.grpc.StatusRuntimeException: CANCELLED: cancelled before receiving half close
2020-10-14 21:16:12,064 [Listener at 127.0.0.1/35811] INFO  server.GrpcService (GrpcService.java:closeImpl(191)) - 823e1d17-9ec2-4324-ad19-cd013f58686a: shutdown server with port 45645 successfully
2020-10-14 21:16:12,066 [ForkJoinPool.commonPool-worker-0] INFO  server.GrpcService (GrpcService.java:closeImpl(191)) - f76b2cce-c2f6-431b-b1be-2c52678ad1ab: shutdown server with port 35837 successfully
2020-10-14 21:16:12,067 [Listener at 127.0.0.1/35811] INFO  utils.BackgroundService (BackgroundService.java:shutdown(132)) - Shutting down service BlockDeletingService
2020-10-14 21:16:12,068 [ForkJoinPool.commonPool-worker-0] INFO  utils.BackgroundService (BackgroundService.java:shutdown(132)) - Shutting down service BlockDeletingService
2020-10-14 21:16:12,071 [Listener at 127.0.0.1/35811] INFO  statemachine.DatanodeStateMachine (DatanodeStateMachine.java:stopDaemon(453)) - Ozone container server stopped.
2020-10-14 21:16:12,072 [ForkJoinPool.commonPool-worker-0] INFO  statemachine.DatanodeStateMachine (DatanodeStateMachine.java:stopDaemon(453)) - Ozone container server stopped.
2020-10-14 21:16:12,083 [Listener at 127.0.0.1/35811] INFO  handler.ContextHandler (ContextHandler.java:doStop(1016)) - Stopped o.e.j.w.WebAppContext@1486b07f{hddsDatanode,/,null,UNAVAILABLE}{jar:file:/home/user/.m2/repository/org/apache/hadoop/hadoop-hdds-container-service/1.1.0-SNAPSHOT/hadoop-hdds-container-service-1.1.0-SNAPSHOT.jar!/webapps/hddsDatanode}
2020-10-14 21:16:12,084 [Listener at 127.0.0.1/35811] INFO  server.AbstractConnector (AbstractConnector.java:doStop(380)) - Stopped ServerConnector@2d989b44{HTTP/1.1,[http/1.1]}{0.0.0.0:0}
2020-10-14 21:16:12,084 [Listener at 127.0.0.1/35811] INFO  server.session (HouseKeeper.java:stopScavenging(158)) - node0 Stopped scavenging
2020-10-14 21:16:12,085 [Listener at 127.0.0.1/35811] INFO  handler.ContextHandler (ContextHandler.java:doStop(1016)) - Stopped o.e.j.s.ServletContextHandler@3e485125{static,/static,jar:file:/home/user/.m2/repository/org/apache/hadoop/hadoop-hdds-container-service/1.1.0-SNAPSHOT/hadoop-hdds-container-service-1.1.0-SNAPSHOT.jar!/webapps/static,UNAVAILABLE}
2020-10-14 21:16:12,085 [Listener at 127.0.0.1/35811] INFO  handler.ContextHandler (ContextHandler.java:doStop(1016)) - Stopped o.e.j.s.ServletContextHandler@444bf9f6{logs,/logs,file:///github/workspace/mnt/ozone/hadoop-ozone/integration-test/target/log,UNAVAILABLE}
2020-10-14 21:16:12,087 [ForkJoinPool.commonPool-worker-0] INFO  handler.ContextHandler (ContextHandler.java:doStop(1016)) - Stopped o.e.j.w.WebAppContext@3df80ec8{hddsDatanode,/,null,UNAVAILABLE}{jar:file:/home/user/.m2/repository/org/apache/hadoop/hadoop-hdds-container-service/1.1.0-SNAPSHOT/hadoop-hdds-container-service-1.1.0-SNAPSHOT.jar!/webapps/hddsDatanode}
2020-10-14 21:16:12,088 [ForkJoinPool.commonPool-worker-0] INFO  server.AbstractConnector (AbstractConnector.java:doStop(380)) - Stopped ServerConnector@eedbce1{HTTP/1.1,[http/1.1]}{0.0.0.0:0}
2020-10-14 21:16:12,088 [ForkJoinPool.commonPool-worker-0] INFO  server.session (HouseKeeper.java:stopScavenging(158)) - node0 Stopped scavenging
2020-10-14 21:16:12,089 [ForkJoinPool.commonPool-worker-0] INFO  handler.ContextHandler (ContextHandler.java:doStop(1016)) - Stopped o.e.j.s.ServletContextHandler@5e6cb516{static,/static,jar:file:/home/user/.m2/repository/org/apache/hadoop/hadoop-hdds-container-service/1.1.0-SNAPSHOT/hadoop-hdds-container-service-1.1.0-SNAPSHOT.jar!/webapps/static,UNAVAILABLE}
2020-10-14 21:16:12,090 [ForkJoinPool.commonPool-worker-0] INFO  handler.ContextHandler (ContextHandler.java:doStop(1016)) - Stopped o.e.j.s.ServletContextHandler@686101b{logs,/logs,file:///github/workspace/mnt/ozone/hadoop-ozone/integration-test/target/log,UNAVAILABLE}
2020-10-14 21:16:12,743 [Datanode State Machine Thread - 0] INFO  statemachine.DatanodeStateMachine (DatanodeStateMachine.java:lambda$startDaemon$0(405)) - Ozone container server started.
2020-10-14 21:16:12,860 [Datanode State Machine Thread - 0] INFO  statemachine.DatanodeStateMachine (DatanodeStateMachine.java:lambda$startDaemon$0(405)) - Ozone container server started.
2020-10-14 21:16:14,384 [grpc-default-executor-0] WARN  server.GrpcLogAppender (LogUtils.java:warn(122)) - 2cb5168d-05f1-4d8c-acfa-fa1a7bda46f6@group-212B8072EEFB->823e1d17-9ec2-4324-ad19-cd013f58686a-AppendLogResponseHandler: Failed appendEntries: org.apache.ratis.thirdparty.io.grpc.StatusRuntimeException: UNAVAILABLE: io exception
2020-10-14 21:16:14,385 [grpc-default-executor-0] WARN  server.GrpcLogAppender (GrpcLogAppender.java:resetClient(107)) - 2cb5168d-05f1-4d8c-acfa-fa1a7bda46f6@group-212B8072EEFB->823e1d17-9ec2-4324-ad19-cd013f58686a-GrpcLogAppender: Leader has not got in touch with Follower 2cb5168d-05f1-4d8c-acfa-fa1a7bda46f6@group-212B8072EEFB->823e1d17-9ec2-4324-ad19-cd013f58686a(c0,m0,n1, attendVote=true, lastRpcSendTime=1, lastRpcResponseTime=2503) yet, just keep nextIndex unchanged and retry.
2020-10-14 21:16:16,884 [grpc-default-executor-0] WARN  server.GrpcLogAppender (LogUtils.java:warn(122)) - 2cb5168d-05f1-4d8c-acfa-fa1a7bda46f6@group-212B8072EEFB->823e1d17-9ec2-4324-ad19-cd013f58686a-AppendLogResponseHandler: Failed appendEntries: org.apache.ratis.thirdparty.io.grpc.StatusRuntimeException: UNAVAILABLE: io exception
2020-10-14 21:16:16,885 [grpc-default-executor-0] WARN  server.GrpcLogAppender (GrpcLogAppender.java:resetClient(107)) - 2cb5168d-05f1-4d8c-acfa-fa1a7bda46f6@group-212B8072EEFB->823e1d17-9ec2-4324-ad19-cd013f58686a-GrpcLogAppender: Leader has not got in touch with Follower 2cb5168d-05f1-4d8c-acfa-fa1a7bda46f6@group-212B8072EEFB->823e1d17-9ec2-4324-ad19-cd013f58686a(c0,m0,n1, attendVote=true, lastRpcSendTime=1, lastRpcResponseTime=5003) yet, just keep nextIndex unchanged and retry.
2020-10-14 21:16:16,899 [Thread-622] INFO  impl.FollowerState (FollowerState.java:run(108)) - 76ae9a49-516f-47a3-983c-b12a499d08c9@group-912DD3AF3D6E-FollowerState: change to CANDIDATE, lastRpcTime:5489ms, electionTimeout:5123ms
2020-10-14 21:16:16,899 [Thread-622] INFO  impl.RoleInfo (RoleInfo.java:shutdownFollowerState(121)) - 76ae9a49-516f-47a3-983c-b12a499d08c9: shutdown FollowerState
2020-10-14 21:16:16,899 [Thread-622] INFO  impl.RaftServerImpl (RaftServerImpl.java:setRole(198)) - 76ae9a49-516f-47a3-983c-b12a499d08c9@group-912DD3AF3D6E: changes role from  FOLLOWER to CANDIDATE at term 1 for changeToCandidate
2020-10-14 21:16:16,899 [Thread-622] INFO  impl.RoleInfo (RoleInfo.java:updateAndGet(143)) - 76ae9a49-516f-47a3-983c-b12a499d08c9: start LeaderElection
2020-10-14 21:16:16,899 [76ae9a49-516f-47a3-983c-b12a499d08c9@group-912DD3AF3D6E-LeaderElection25] INFO  impl.RaftServerImpl (ServerState.java:setLeader(256)) - 76ae9a49-516f-47a3-983c-b12a499d08c9@group-912DD3AF3D6E: change Leader from f76b2cce-c2f6-431b-b1be-2c52678ad1ab to null at term 1 for initElection
2020-10-14 21:16:16,902 [76ae9a49-516f-47a3-983c-b12a499d08c9@group-912DD3AF3D6E-LeaderElection25] INFO  impl.LeaderElection (LeaderElection.java:askForVotes(210)) - 76ae9a49-516f-47a3-983c-b12a499d08c9@group-912DD3AF3D6E-LeaderElection25: begin an election at term 2 for 0: [f76b2cce-c2f6-431b-b1be-2c52678ad1ab:172.17.0.2:35837:0, 76ae9a49-516f-47a3-983c-b12a499d08c9:172.17.0.2:37219:0, c9269502-d4ee-4905-9113-8d8748841615:172.17.0.2:34709:0], old=null
2020-10-14 21:16:16,910 [grpc-default-executor-0] INFO  impl.RaftServerImpl (ServerState.java:setLeader(256)) - c9269502-d4ee-4905-9113-8d8748841615@group-912DD3AF3D6E: change Leader from f76b2cce-c2f6-431b-b1be-2c52678ad1ab to null at term 2 for updateCurrentTerm
2020-10-14 21:16:16,910 [grpc-default-executor-0] INFO  impl.RaftServerImpl (RaftServerImpl.java:setRole(198)) - c9269502-d4ee-4905-9113-8d8748841615@group-912DD3AF3D6E: changes role from  FOLLOWER to FOLLOWER at term 2 for recognizeCandidate:76ae9a49-516f-47a3-983c-b12a499d08c9
2020-10-14 21:16:16,910 [grpc-default-executor-0] INFO  impl.RoleInfo (RoleInfo.java:shutdownFollowerState(121)) - c9269502-d4ee-4905-9113-8d8748841615: shutdown FollowerState
2020-10-14 21:16:16,910 [grpc-default-executor-0] INFO  impl.RoleInfo (RoleInfo.java:updateAndGet(143)) - c9269502-d4ee-4905-9113-8d8748841615: start FollowerState
2020-10-14 21:16:16,911 [Thread-621] INFO  impl.FollowerState (FollowerState.java:run(117)) - c9269502-d4ee-4905-9113-8d8748841615@group-912DD3AF3D6E-FollowerState was interrupted: java.lang.InterruptedException: sleep interrupted
2020-10-14 21:16:16,911 [grpc-default-executor-0] INFO  impl.RaftServerImpl (RaftServerImpl.java:requestVote(923)) -  FOLLOWER c9269502-d4ee-4905-9113-8d8748841615@group-912DD3AF3D6E:t2, leader=null, voted=null, raftlog=c9269502-d4ee-4905-9113-8d8748841615@group-912DD3AF3D6E-SegmentedRaftLog:OPENED:c0,f0,i0, conf=0: [f76b2cce-c2f6-431b-b1be-2c52678ad1ab:172.17.0.2:35837:0, 76ae9a49-516f-47a3-983c-b12a499d08c9:172.17.0.2:37219:0, c9269502-d4ee-4905-9113-8d8748841615:172.17.0.2:34709:0], old=null RUNNING priority:0 candidate:76ae9a49-516f-47a3-983c-b12a499d08c9:172.17.0.2:37219:0 candidatePriority:0 compare:0
2020-10-14 21:16:16,917 [76ae9a49-516f-47a3-983c-b12a499d08c9@group-912DD3AF3D6E-LeaderElection25] INFO  impl.LeaderElection (LeaderElection.java:logAndReturn(62)) - 76ae9a49-516f-47a3-983c-b12a499d08c9@group-912DD3AF3D6E-LeaderElection25: Election PASSED; received 1 response(s) [76ae9a49-516f-47a3-983c-b12a499d08c9<-c9269502-d4ee-4905-9113-8d8748841615#0:OK-t2] and 0 exception(s); 76ae9a49-516f-47a3-983c-b12a499d08c9@group-912DD3AF3D6E:t2, leader=null, voted=76ae9a49-516f-47a3-983c-b12a499d08c9, raftlog=76ae9a49-516f-47a3-983c-b12a499d08c9@group-912DD3AF3D6E-SegmentedRaftLog:OPENED:c0,f0,i0, conf=0: [f76b2cce-c2f6-431b-b1be-2c52678ad1ab:172.17.0.2:35837:0, 76ae9a49-516f-47a3-983c-b12a499d08c9:172.17.0.2:37219:0, c9269502-d4ee-4905-9113-8d8748841615:172.17.0.2:34709:0], old=null
2020-10-14 21:16:16,917 [76ae9a49-516f-47a3-983c-b12a499d08c9@group-912DD3AF3D6E-LeaderElection25] INFO  impl.RoleInfo (RoleInfo.java:shutdownLeaderElection(134)) - 76ae9a49-516f-47a3-983c-b12a499d08c9: shutdown LeaderElection
2020-10-14 21:16:16,918 [76ae9a49-516f-47a3-983c-b12a499d08c9@group-912DD3AF3D6E-LeaderElection25] INFO  impl.RaftServerImpl (RaftServerImpl.java:setRole(198)) - 76ae9a49-516f-47a3-983c-b12a499d08c9@group-912DD3AF3D6E: changes role from CANDIDATE to LEADER at term 2 for changeToLeader
2020-10-14 21:16:16,918 [76ae9a49-516f-47a3-983c-b12a499d08c9@group-912DD3AF3D6E-LeaderElection25] INFO  ratis.XceiverServerRatis (XceiverServerRatis.java:handleLeaderChangedNotification(822)) - Leader change notification received for group: group-912DD3AF3D6E with new leaderId: 76ae9a49-516f-47a3-983c-b12a499d08c9
2020-10-14 21:16:16,918 [76ae9a49-516f-47a3-983c-b12a499d08c9@group-912DD3AF3D6E-LeaderElection25] INFO  impl.RaftServerImpl (ServerState.java:setLeader(256)) - 76ae9a49-516f-47a3-983c-b12a499d08c9@group-912DD3AF3D6E: change Leader from null to 76ae9a49-516f-47a3-983c-b12a499d08c9 at term 2 for becomeLeader, leader elected after 18ms
2020-10-14 21:16:16,918 [76ae9a49-516f-47a3-983c-b12a499d08c9@group-912DD3AF3D6E-LeaderElection25] INFO  server.RaftServerConfigKeys (ConfUtils.java:logGet(44)) - raft.server.staging.catchup.gap = 1000 (default)
2020-10-14 21:16:16,918 [76ae9a49-516f-47a3-983c-b12a499d08c9@group-912DD3AF3D6E-LeaderElection25] INFO  server.RaftServerConfigKeys (ConfUtils.java:logGet(44)) - raft.server.rpc.sleep.time = 25ms (default)
2020-10-14 21:16:16,918 [76ae9a49-516f-47a3-983c-b12a499d08c9@group-912DD3AF3D6E-LeaderElection25] INFO  metrics.RatisMetrics (RatisMetrics.java:lambda$create$0(36)) - Creating Metrics Registry : ratis.log_appender.76ae9a49-516f-47a3-983c-b12a499d08c9@group-912DD3AF3D6E
2020-10-14 21:16:16,918 [76ae9a49-516f-47a3-983c-b12a499d08c9@group-912DD3AF3D6E-LeaderElection25] INFO  server.RaftServerConfigKeys (ConfUtils.java:logGet(44)) - raft.server.write.element-limit = 1024 (custom)
2020-10-14 21:16:16,919 [76ae9a49-516f-47a3-983c-b12a499d08c9@group-912DD3AF3D6E-LeaderElection25] INFO  server.RaftServerConfigKeys (ConfUtils.java:logGet(44)) - raft.server.write.byte-limit = 1073741824 (custom)
2020-10-14 21:16:16,919 [76ae9a49-516f-47a3-983c-b12a499d08c9@group-912DD3AF3D6E-LeaderElection25] INFO  server.RaftServerConfigKeys (ConfUtils.java:logGet(44)) - raft.server.watch.timeout = 180s (custom)
2020-10-14 21:16:16,919 [76ae9a49-516f-47a3-983c-b12a499d08c9@group-912DD3AF3D6E-LeaderElection25] INFO  server.RaftServerConfigKeys (ConfUtils.java:logGet(44)) - raft.server.watch.timeout.denomination = 1s (default)
2020-10-14 21:16:16,919 [76ae9a49-516f-47a3-983c-b12a499d08c9@group-912DD3AF3D6E-LeaderElection25] INFO  server.RaftServerConfigKeys (ConfUtils.java:logGet(44)) - raft.server.watch.element-limit = 65536 (default)
2020-10-14 21:16:16,919 [76ae9a49-516f-47a3-983c-b12a499d08c9@group-912DD3AF3D6E-LeaderElection25] INFO  server.RaftServerConfigKeys (ConfUtils.java:logGet(44)) - raft.server.log.appender.snapshot.chunk.size.max = 16MB (=16777216) (default)
2020-10-14 21:16:16,919 [76ae9a49-516f-47a3-983c-b12a499d08c9@group-912DD3AF3D6E-LeaderElection25] INFO  server.RaftServerConfigKeys (ConfUtils.java:logGet(44)) - raft.server.log.appender.buffer.byte-limit = 33554432 (custom)
2020-10-14 21:16:16,919 [76ae9a49-516f-47a3-983c-b12a499d08c9@group-912DD3AF3D6E-LeaderElection25] INFO  server.RaftServerConfigKeys (ConfUtils.java:logGet(44)) - raft.server.log.appender.buffer.element-limit = 1 (custom)
2020-10-14 21:16:16,919 [76ae9a49-516f-47a3-983c-b12a499d08c9@group-912DD3AF3D6E-LeaderElection25] INFO  grpc.GrpcConfigKeys (ConfUtils.java:logGet(44)) - raft.grpc.server.leader.outstanding.appends.max = 128 (default)
2020-10-14 21:16:16,919 [76ae9a49-516f-47a3-983c-b12a499d08c9@group-912DD3AF3D6E-LeaderElection25] INFO  server.RaftServerConfigKeys (ConfUtils.java:logGet(44)) - raft.server.rpc.request.timeout = 60s (custom)
2020-10-14 21:16:16,919 [76ae9a49-516f-47a3-983c-b12a499d08c9@group-912DD3AF3D6E-LeaderElection25] INFO  server.RaftServerConfigKeys (ConfUtils.java:logGet(44)) - raft.server.log.appender.install.snapshot.enabled = false (custom)
2020-10-14 21:16:16,920 [76ae9a49-516f-47a3-983c-b12a499d08c9@group-912DD3AF3D6E-LeaderElection25] INFO  metrics.RatisMetrics (RatisMetrics.java:lambda$create$0(36)) - Creating Metrics Registry : ratis_grpc.log_appender.76ae9a49-516f-47a3-983c-b12a499d08c9@group-912DD3AF3D6E
2020-10-14 21:16:16,920 [76ae9a49-516f-47a3-983c-b12a499d08c9@group-912DD3AF3D6E-LeaderElection25] INFO  server.RaftServerConfigKeys (ConfUtils.java:logGet(44)) - raft.server.log.appender.snapshot.chunk.size.max = 16MB (=16777216) (default)
2020-10-14 21:16:16,920 [76ae9a49-516f-47a3-983c-b12a499d08c9@group-912DD3AF3D6E-LeaderElection25] INFO  server.RaftServerConfigKeys (ConfUtils.java:logGet(44)) - raft.server.log.appender.buffer.byte-limit = 33554432 (custom)
2020-10-14 21:16:16,921 [76ae9a49-516f-47a3-983c-b12a499d08c9@group-912DD3AF3D6E-LeaderElection25] INFO  server.RaftServerConfigKeys (ConfUtils.java:logGet(44)) - raft.server.log.appender.buffer.element-limit = 1 (custom)
2020-10-14 21:16:16,921 [76ae9a49-516f-47a3-983c-b12a499d08c9@group-912DD3AF3D6E-LeaderElection25] INFO  grpc.GrpcConfigKeys (ConfUtils.java:logGet(44)) - raft.grpc.server.leader.outstanding.appends.max = 128 (default)
2020-10-14 21:16:16,921 [76ae9a49-516f-47a3-983c-b12a499d08c9@group-912DD3AF3D6E-LeaderElection25] INFO  server.RaftServerConfigKeys (ConfUtils.java:logGet(44)) - raft.server.rpc.request.timeout = 60s (custom)
2020-10-14 21:16:16,921 [76ae9a49-516f-47a3-983c-b12a499d08c9@group-912DD3AF3D6E-LeaderElection25] INFO  server.RaftServerConfigKeys (ConfUtils.java:logGet(44)) - raft.server.log.appender.install.snapshot.enabled = false (custom)
2020-10-14 21:16:16,922 [76ae9a49-516f-47a3-983c-b12a499d08c9@group-912DD3AF3D6E-LeaderElection25] INFO  impl.RoleInfo (RoleInfo.java:updateAndGet(143)) - 76ae9a49-516f-47a3-983c-b12a499d08c9: start LeaderState
2020-10-14 21:16:16,922 [76ae9a49-516f-47a3-983c-b12a499d08c9@group-912DD3AF3D6E-LeaderElection25] INFO  segmented.SegmentedRaftLogWorker (SegmentedRaftLogWorker.java:rollLogSegment(402)) - 76ae9a49-516f-47a3-983c-b12a499d08c9@group-912DD3AF3D6E-SegmentedRaftLogWorker: Rolling segment log-0_0 to index:0
2020-10-14 21:16:16,927 [76ae9a49-516f-47a3-983c-b12a499d08c9@group-912DD3AF3D6E-SegmentedRaftLogWorker] INFO  segmented.SegmentedRaftLogWorker (SegmentedRaftLogWorker.java:execute(553)) - 76ae9a49-516f-47a3-983c-b12a499d08c9@group-912DD3AF3D6E-SegmentedRaftLogWorker: Rolled log segment from /github/workspace/mnt/ozone/hadoop-ozone/integration-test/target/test-dir/MiniOzoneClusterImpl-2e4050b2-a17a-4fa5-be17-26c3c845a162/datanode-2/data/ratis/fdfcd7ae-b040-4762-be1a-912dd3af3d6e/current/log_inprogress_0 to /github/workspace/mnt/ozone/hadoop-ozone/integration-test/target/test-dir/MiniOzoneClusterImpl-2e4050b2-a17a-4fa5-be17-26c3c845a162/datanode-2/data/ratis/fdfcd7ae-b040-4762-be1a-912dd3af3d6e/current/log_0-0
2020-10-14 21:16:16,930 [76ae9a49-516f-47a3-983c-b12a499d08c9@group-912DD3AF3D6E-LeaderElection25] INFO  impl.RaftServerImpl (ServerState.java:setRaftConf(374)) - 76ae9a49-516f-47a3-983c-b12a499d08c9@group-912DD3AF3D6E: set configuration 1: [f76b2cce-c2f6-431b-b1be-2c52678ad1ab:172.17.0.2:35837:0, 76ae9a49-516f-47a3-983c-b12a499d08c9:172.17.0.2:37219:0, c9269502-d4ee-4905-9113-8d8748841615:172.17.0.2:34709:0], old=null at 1
2020-10-14 21:16:16,933 [76ae9a49-516f-47a3-983c-b12a499d08c9@group-912DD3AF3D6E-SegmentedRaftLogWorker] INFO  segmented.SegmentedRaftLogWorker (SegmentedRaftLogWorker.java:execute(596)) - 76ae9a49-516f-47a3-983c-b12a499d08c9@group-912DD3AF3D6E-SegmentedRaftLogWorker: created new log segment /github/workspace/mnt/ozone/hadoop-ozone/integration-test/target/test-dir/MiniOzoneClusterImpl-2e4050b2-a17a-4fa5-be17-26c3c845a162/datanode-2/data/ratis/fdfcd7ae-b040-4762-be1a-912dd3af3d6e/current/log_inprogress_1
2020-10-14 21:16:16,935 [grpc-default-executor-0] WARN  server.GrpcLogAppender (LogUtils.java:warn(122)) - 76ae9a49-516f-47a3-983c-b12a499d08c9@group-912DD3AF3D6E->f76b2cce-c2f6-431b-b1be-2c52678ad1ab-AppendLogResponseHandler: Failed appendEntries: org.apache.ratis.thirdparty.io.grpc.StatusRuntimeException: UNAVAILABLE: io exception
2020-10-14 21:16:16,939 [grpc-default-executor-0] WARN  server.GrpcLogAppender (GrpcLogAppender.java:resetClient(107)) - 76ae9a49-516f-47a3-983c-b12a499d08c9@group-912DD3AF3D6E->f76b2cce-c2f6-431b-b1be-2c52678ad1ab-GrpcLogAppender: Leader has not got in touch with Follower 76ae9a49-516f-47a3-983c-b12a499d08c9@group-912DD3AF3D6E->f76b2cce-c2f6-431b-b1be-2c52678ad1ab(c-1,m0,n2, attendVote=true, lastRpcSendTime=3, lastRpcResponseTime=5220) yet, just keep nextIndex unchanged and retry.
2020-10-14 21:16:16,941 [grpc-default-executor-0] INFO  ratis.XceiverServerRatis (XceiverServerRatis.java:handleLeaderChangedNotification(822)) - Leader change notification received for group: group-912DD3AF3D6E with new leaderId: 76ae9a49-516f-47a3-983c-b12a499d08c9
2020-10-14 21:16:16,941 [grpc-default-executor-0] INFO  impl.RaftServerImpl (ServerState.java:setLeader(256)) - c9269502-d4ee-4905-9113-8d8748841615@group-912DD3AF3D6E: change Leader from null to 76ae9a49-516f-47a3-983c-b12a499d08c9 at term 2 for appendEntries, leader elected after 31ms
2020-10-14 21:16:16,944 [grpc-default-executor-0] INFO  impl.RaftServerImpl (ServerState.java:setRaftConf(374)) - c9269502-d4ee-4905-9113-8d8748841615@group-912DD3AF3D6E: set configuration 1: [f76b2cce-c2f6-431b-b1be-2c52678ad1ab:172.17.0.2:35837:0, 76ae9a49-516f-47a3-983c-b12a499d08c9:172.17.0.2:37219:0, c9269502-d4ee-4905-9113-8d8748841615:172.17.0.2:34709:0], old=null at 1
2020-10-14 21:16:16,944 [grpc-default-executor-0] INFO  segmented.SegmentedRaftLogWorker (SegmentedRaftLogWorker.java:rollLogSegment(402)) - c9269502-d4ee-4905-9113-8d8748841615@group-912DD3AF3D6E-SegmentedRaftLogWorker: Rolling segment log-0_0 to index:0
2020-10-14 21:16:16,945 [c9269502-d4ee-4905-9113-8d8748841615@group-912DD3AF3D6E-SegmentedRaftLogWorker] INFO  segmented.SegmentedRaftLogWorker (SegmentedRaftLogWorker.java:execute(553)) - c9269502-d4ee-4905-9113-8d8748841615@group-912DD3AF3D6E-SegmentedRaftLogWorker: Rolled log segment from /github/workspace/mnt/ozone/hadoop-ozone/integration-test/target/test-dir/MiniOzoneClusterImpl-2e4050b2-a17a-4fa5-be17-26c3c845a162/datanode-0/data/ratis/fdfcd7ae-b040-4762-be1a-912dd3af3d6e/current/log_inprogress_0 to /github/workspace/mnt/ozone/hadoop-ozone/integration-test/target/test-dir/MiniOzoneClusterImpl-2e4050b2-a17a-4fa5-be17-26c3c845a162/datanode-0/data/ratis/fdfcd7ae-b040-4762-be1a-912dd3af3d6e/current/log_0-0
2020-10-14 21:16:16,947 [c9269502-d4ee-4905-9113-8d8748841615@group-912DD3AF3D6E-SegmentedRaftLogWorker] INFO  segmented.SegmentedRaftLogWorker (SegmentedRaftLogWorker.java:execute(596)) - c9269502-d4ee-4905-9113-8d8748841615@group-912DD3AF3D6E-SegmentedRaftLogWorker: created new log segment /github/workspace/mnt/ozone/hadoop-ozone/integration-test/target/test-dir/MiniOzoneClusterImpl-2e4050b2-a17a-4fa5-be17-26c3c845a162/datanode-0/data/ratis/fdfcd7ae-b040-4762-be1a-912dd3af3d6e/current/log_inprogress_1
2020-10-14 21:16:16,953 [grpc-default-executor-0] WARN  server.GrpcLogAppender (LogUtils.java:warn(122)) - 76ae9a49-516f-47a3-983c-b12a499d08c9@group-912DD3AF3D6E->f76b2cce-c2f6-431b-b1be-2c52678ad1ab-AppendLogResponseHandler: Failed appendEntries: org.apache.ratis.thirdparty.io.grpc.StatusRuntimeException: UNAVAILABLE: io exception
2020-10-14 21:16:16,954 [grpc-default-executor-0] WARN  server.GrpcLogAppender (GrpcLogAppender.java:resetClient(107)) - 76ae9a49-516f-47a3-983c-b12a499d08c9@group-912DD3AF3D6E->f76b2cce-c2f6-431b-b1be-2c52678ad1ab-GrpcLogAppender: Leader has not got in touch with Follower 76ae9a49-516f-47a3-983c-b12a499d08c9@group-912DD3AF3D6E->f76b2cce-c2f6-431b-b1be-2c52678ad1ab(c-1,m0,n3, attendVote=true, lastRpcSendTime=1, lastRpcResponseTime=5234) yet, just keep nextIndex unchanged and retry.
2020-10-14 21:16:17,086 [Listener at 127.0.0.1/35811] INFO  ozoneimpl.OzoneContainer (OzoneContainer.java:stop(259)) - Attempting to stop container services.
2020-10-14 21:16:17,087 [Listener at 127.0.0.1/35811] INFO  impl.RaftServerProxy (RaftServerProxy.java:lambda$close$4(322)) - 2cb5168d-05f1-4d8c-acfa-fa1a7bda46f6: close
2020-10-14 21:16:17,087 [Listener at 127.0.0.1/35811] INFO  impl.RaftServerImpl (RaftServerImpl.java:lambda$shutdown$3(321)) - 2cb5168d-05f1-4d8c-acfa-fa1a7bda46f6@group-212B8072EEFB: shutdown
2020-10-14 21:16:17,088 [Listener at 127.0.0.1/35811] INFO  util.JmxRegister (JmxRegister.java:unregister(73)) - Successfully un-registered JMX Bean with object name Ratis:service=RaftServer,group=group-212B8072EEFB,id=2cb5168d-05f1-4d8c-acfa-fa1a7bda46f6
2020-10-14 21:16:17,088 [Listener at 127.0.0.1/35811] INFO  impl.RoleInfo (RoleInfo.java:shutdownLeaderState(104)) - 2cb5168d-05f1-4d8c-acfa-fa1a7bda46f6: shutdown LeaderState
2020-10-14 21:16:17,088 [Listener at 127.0.0.1/35811] INFO  metrics.RatisMetrics (RatisMetrics.java:unregister(43)) - Unregistering Metrics Registry : ratis_grpc.log_appender.2cb5168d-05f1-4d8c-acfa-fa1a7bda46f6@group-212B8072EEFB
2020-10-14 21:16:17,088 [Listener at 127.0.0.1/35811] INFO  metrics.RatisMetrics (RatisMetrics.java:unregister(43)) - Unregistering Metrics Registry : ratis_grpc.log_appender.2cb5168d-05f1-4d8c-acfa-fa1a7bda46f6@group-212B8072EEFB
2020-10-14 21:16:17,089 [Listener at 127.0.0.1/35811] INFO  impl.PendingRequests (PendingRequests.java:sendNotLeaderResponses(249)) - 2cb5168d-05f1-4d8c-acfa-fa1a7bda46f6@group-212B8072EEFB-PendingRequests: sendNotLeaderResponses
2020-10-14 21:16:17,088 [org.apache.ratis.server.impl.LogAppender$AppenderDaemon$$Lambda$461/1800320643@37e4d4f2] WARN  server.GrpcLogAppender (GrpcLogAppender.java:mayWait(168)) - 2cb5168d-05f1-4d8c-acfa-fa1a7bda46f6@group-212B8072EEFB->823e1d17-9ec2-4324-ad19-cd013f58686a-GrpcLogAppender: Wait interrupted by java.lang.InterruptedException
2020-10-14 21:16:17,089 [Listener at 127.0.0.1/35811] INFO  metrics.RatisMetrics (RatisMetrics.java:unregister(43)) - Unregistering Metrics Registry : ratis.log_appender.2cb5168d-05f1-4d8c-acfa-fa1a7bda46f6@group-212B8072EEFB
2020-10-14 21:16:17,089 [org.apache.ratis.server.impl.LogAppender$AppenderDaemon$$Lambda$461/1800320643@60de3224] WARN  server.GrpcLogAppender (GrpcLogAppender.java:mayWait(168)) - 2cb5168d-05f1-4d8c-acfa-fa1a7bda46f6@group-212B8072EEFB->497cee6a-8cec-48d3-a21d-ba28642b4d07-GrpcLogAppender: Wait interrupted by java.lang.InterruptedException
2020-10-14 21:16:17,089 [Listener at 127.0.0.1/35811] INFO  metrics.RatisMetrics (RatisMetrics.java:unregister(43)) - Unregistering Metrics Registry : ratis.server.2cb5168d-05f1-4d8c-acfa-fa1a7bda46f6@group-212B8072EEFB
2020-10-14 21:16:17,090 [grpc-default-executor-0] INFO  server.GrpcServerProtocolService (GrpcServerProtocolService.java:onCompleted(138)) - 497cee6a-8cec-48d3-a21d-ba28642b4d07: Completed APPEND_ENTRIES, lastRequest: 2cb5168d-05f1-4d8c-acfa-fa1a7bda46f6->497cee6a-8cec-48d3-a21d-ba28642b4d07#1-t1, previous=(t:0, i:0), leaderCommit=-1, initializing? false, entries: size=1, first=(t:1, i:0), CONFIGURATIONENTRY
2020-10-14 21:16:17,091 [grpc-default-executor-3] INFO  server.GrpcLogAppender (GrpcLogAppender.java:onCompleted(336)) - 2cb5168d-05f1-4d8c-acfa-fa1a7bda46f6@group-212B8072EEFB->497cee6a-8cec-48d3-a21d-ba28642b4d07-AppendLogResponseHandler: follower responses appendEntries COMPLETED
2020-10-14 21:16:17,091 [grpc-default-executor-3] INFO  impl.FollowerInfo (FollowerInfo.java:lambda$new$0(51)) - 2cb5168d-05f1-4d8c-acfa-fa1a7bda46f6@group-212B8072EEFB->497cee6a-8cec-48d3-a21d-ba28642b4d07: nextIndex: updateUnconditionally 1 -> 0
2020-10-14 21:16:17,092 [ForkJoinPool.commonPool-worker-0] INFO  ozoneimpl.OzoneContainer (OzoneContainer.java:stop(259)) - Attempting to stop container services.
2020-10-14 21:16:17,093 [ForkJoinPool.commonPool-worker-0] INFO  impl.RaftServerProxy (RaftServerProxy.java:lambda$close$4(322)) - 76ae9a49-516f-47a3-983c-b12a499d08c9: close
2020-10-14 21:16:17,093 [ForkJoinPool.commonPool-worker-0] INFO  impl.RaftServerImpl (RaftServerImpl.java:lambda$shutdown$3(321)) - 76ae9a49-516f-47a3-983c-b12a499d08c9@group-912DD3AF3D6E: shutdown
2020-10-14 21:16:17,093 [ForkJoinPool.commonPool-worker-0] INFO  util.JmxRegister (JmxRegister.java:unregister(73)) - Successfully un-registered JMX Bean with object name Ratis:service=RaftServer,group=group-912DD3AF3D6E,id=76ae9a49-516f-47a3-983c-b12a499d08c9
2020-10-14 21:16:17,094 [ForkJoinPool.commonPool-worker-0] INFO  impl.RoleInfo (RoleInfo.java:shutdownLeaderState(104)) - 76ae9a49-516f-47a3-983c-b12a499d08c9: shutdown LeaderState
2020-10-14 21:16:17,094 [ForkJoinPool.commonPool-worker-0] INFO  metrics.RatisMetrics (RatisMetrics.java:unregister(43)) - Unregistering Metrics Registry : ratis_grpc.log_appender.76ae9a49-516f-47a3-983c-b12a499d08c9@group-912DD3AF3D6E
2020-10-14 21:16:17,094 [ForkJoinPool.commonPool-worker-0] INFO  metrics.RatisMetrics (RatisMetrics.java:unregister(43)) - Unregistering Metrics Registry : ratis_grpc.log_appender.76ae9a49-516f-47a3-983c-b12a499d08c9@group-912DD3AF3D6E
2020-10-14 21:16:17,094 [org.apache.ratis.server.impl.LogAppender$AppenderDaemon$$Lambda$461/1800320643@75b960e2] WARN  server.GrpcLogAppender (GrpcLogAppender.java:mayWait(168)) - 76ae9a49-516f-47a3-983c-b12a499d08c9@group-912DD3AF3D6E->f76b2cce-c2f6-431b-b1be-2c52678ad1ab-GrpcLogAppender: Wait interrupted by java.lang.InterruptedException
2020-10-14 21:16:17,094 [org.apache.ratis.server.impl.LogAppender$AppenderDaemon$$Lambda$461/1800320643@7d839e47] WARN  server.GrpcLogAppender (GrpcLogAppender.java:mayWait(168)) - 76ae9a49-516f-47a3-983c-b12a499d08c9@group-912DD3AF3D6E->c9269502-d4ee-4905-9113-8d8748841615-GrpcLogAppender: Wait interrupted by java.lang.InterruptedException
2020-10-14 21:16:17,094 [ForkJoinPool.commonPool-worker-0] INFO  impl.PendingRequests (PendingRequests.java:sendNotLeaderResponses(249)) - 76ae9a49-516f-47a3-983c-b12a499d08c9@group-912DD3AF3D6E-PendingRequests: sendNotLeaderResponses
2020-10-14 21:16:17,095 [grpc-default-executor-0] INFO  server.GrpcServerProtocolService (GrpcServerProtocolService.java:onCompleted(138)) - c9269502-d4ee-4905-9113-8d8748841615: Completed APPEND_ENTRIES, lastRequest: 76ae9a49-516f-47a3-983c-b12a499d08c9->c9269502-d4ee-4905-9113-8d8748841615#2-t2, previous=(t:2, i:1), leaderCommit=1, initializing? false, entries: size=1, first=(t:2, i:2), METADATAENTRY(c:1)
2020-10-14 21:16:17,096 [grpc-default-executor-3] INFO  server.GrpcLogAppender (GrpcLogAppender.java:onCompleted(336)) - 76ae9a49-516f-47a3-983c-b12a499d08c9@group-912DD3AF3D6E->c9269502-d4ee-4905-9113-8d8748841615-AppendLogResponseHandler: follower responses appendEntries COMPLETED
2020-10-14 21:16:17,096 [grpc-default-executor-3] INFO  impl.FollowerInfo (FollowerInfo.java:lambda$new$0(51)) - 76ae9a49-516f-47a3-983c-b12a499d08c9@group-912DD3AF3D6E->c9269502-d4ee-4905-9113-8d8748841615: nextIndex: updateUnconditionally 3 -> 2
2020-10-14 21:16:17,097 [ForkJoinPool.commonPool-worker-0] INFO  metrics.RatisMetrics (RatisMetrics.java:unregister(43)) - Unregistering Metrics Registry : ratis.log_appender.76ae9a49-516f-47a3-983c-b12a499d08c9@group-912DD3AF3D6E
2020-10-14 21:16:17,097 [ForkJoinPool.commonPool-worker-0] INFO  metrics.RatisMetrics (RatisMetrics.java:unregister(43)) - Unregistering Metrics Registry : ratis.server.76ae9a49-516f-47a3-983c-b12a499d08c9@group-912DD3AF3D6E
2020-10-14 21:16:17,098 [ForkJoinPool.commonPool-worker-0] INFO  impl.StateMachineUpdater (StateMachineUpdater.java:stopAndJoin(142)) - 76ae9a49-516f-47a3-983c-b12a499d08c9@group-912DD3AF3D6E-StateMachineUpdater: set stopIndex = 2
2020-10-14 21:16:17,098 [76ae9a49-516f-47a3-983c-b12a499d08c9@group-912DD3AF3D6E-StateMachineUpdater] INFO  ratis.ContainerStateMachine (ContainerStateMachine.java:takeSnapshot(293)) - group-912DD3AF3D6E: Taking a snapshot at:(t:2, i:2) file /github/workspace/mnt/ozone/hadoop-ozone/integration-test/target/test-dir/MiniOzoneClusterImpl-2e4050b2-a17a-4fa5-be17-26c3c845a162/datanode-2/data/ratis/fdfcd7ae-b040-4762-be1a-912dd3af3d6e/sm/snapshot.2_2
2020-10-14 21:16:17,099 [2cb5168d-05f1-4d8c-acfa-fa1a7bda46f6@group-212B8072EEFB-StateMachineUpdater] INFO  ratis.ContainerStateMachine (ContainerStateMachine.java:takeSnapshot(293)) - group-212B8072EEFB: Taking a snapshot at:(t:1, i:0) file /github/workspace/mnt/ozone/hadoop-ozone/integration-test/target/test-dir/MiniOzoneClusterImpl-2e4050b2-a17a-4fa5-be17-26c3c845a162/datanode-3/data/ratis/d7b52df2-ea79-40c3-985a-212b8072eefb/sm/snapshot.1_0
2020-10-14 21:16:17,099 [76ae9a49-516f-47a3-983c-b12a499d08c9@group-912DD3AF3D6E-StateMachineUpdater] INFO  ratis.ContainerStateMachine (ContainerStateMachine.java:takeSnapshot(304)) - group-912DD3AF3D6E: Finished taking a snapshot at:(t:2, i:2) file:/github/workspace/mnt/ozone/hadoop-ozone/integration-test/target/test-dir/MiniOzoneClusterImpl-2e4050b2-a17a-4fa5-be17-26c3c845a162/datanode-2/data/ratis/fdfcd7ae-b040-4762-be1a-912dd3af3d6e/sm/snapshot.2_2 time:1
2020-10-14 21:16:17,099 [76ae9a49-516f-47a3-983c-b12a499d08c9@group-912DD3AF3D6E-StateMachineUpdater] INFO  impl.StateMachineUpdater (StateMachineUpdater.java:takeSnapshot(277)) - 76ae9a49-516f-47a3-983c-b12a499d08c9@group-912DD3AF3D6E-StateMachineUpdater: Took a snapshot at index 2
2020-10-14 21:16:17,099 [76ae9a49-516f-47a3-983c-b12a499d08c9@group-912DD3AF3D6E-StateMachineUpdater] INFO  impl.StateMachineUpdater (StateMachineUpdater.java:lambda$new$0(87)) - 76ae9a49-516f-47a3-983c-b12a499d08c9@group-912DD3AF3D6E-StateMachineUpdater: snapshotIndex: updateIncreasingly -1 -> 2
2020-10-14 21:16:17,099 [2cb5168d-05f1-4d8c-acfa-fa1a7bda46f6@group-212B8072EEFB-StateMachineUpdater] INFO  ratis.ContainerStateMachine (ContainerStateMachine.java:takeSnapshot(304)) - group-212B8072EEFB: Finished taking a snapshot at:(t:1, i:0) file:/github/workspace/mnt/ozone/hadoop-ozone/integration-test/target/test-dir/MiniOzoneClusterImpl-2e4050b2-a17a-4fa5-be17-26c3c845a162/datanode-3/data/ratis/d7b52df2-ea79-40c3-985a-212b8072eefb/sm/snapshot.1_0 time:0
2020-10-14 21:16:17,099 [2cb5168d-05f1-4d8c-acfa-fa1a7bda46f6@group-212B8072EEFB-StateMachineUpdater] INFO  impl.StateMachineUpdater (StateMachineUpdater.java:takeSnapshot(277)) - 2cb5168d-05f1-4d8c-acfa-fa1a7bda46f6@group-212B8072EEFB-StateMachineUpdater: Took a snapshot at index 0
2020-10-14 21:16:17,100 [2cb5168d-05f1-4d8c-acfa-fa1a7bda46f6@group-212B8072EEFB-StateMachineUpdater] INFO  impl.StateMachineUpdater (StateMachineUpdater.java:lambda$new$0(87)) - 2cb5168d-05f1-4d8c-acfa-fa1a7bda46f6@group-212B8072EEFB-StateMachineUpdater: snapshotIndex: updateIncreasingly -1 -> 0
2020-10-14 21:16:17,100 [2cb5168d-05f1-4d8c-acfa-fa1a7bda46f6@group-212B8072EEFB-StateMachineUpdater] INFO  metrics.RatisMetrics (RatisMetrics.java:unregister(43)) - Unregistering Metrics Registry : ratis.state_machine.2cb5168d-05f1-4d8c-acfa-fa1a7bda46f6@group-212B8072EEFB
2020-10-14 21:16:17,100 [76ae9a49-516f-47a3-983c-b12a499d08c9@group-912DD3AF3D6E-StateMachineUpdater] INFO  metrics.RatisMetrics (RatisMetrics.java:unregister(43)) - Unregistering Metrics Registry : ratis.state_machine.76ae9a49-516f-47a3-983c-b12a499d08c9@group-912DD3AF3D6E
2020-10-14 21:16:17,100 [ForkJoinPool.commonPool-worker-0] INFO  impl.RaftServerImpl (ServerState.java:close(405)) - 76ae9a49-516f-47a3-983c-b12a499d08c9@group-912DD3AF3D6E: closes. applyIndex: 2
2020-10-14 21:16:17,100 [76ae9a49-516f-47a3-983c-b12a499d08c9@group-912DD3AF3D6E-SegmentedRaftLogWorker] INFO  segmented.SegmentedRaftLogWorker (SegmentedRaftLogWorker.java:run(327)) - 76ae9a49-516f-47a3-983c-b12a499d08c9@group-912DD3AF3D6E-SegmentedRaftLogWorker was interrupted, exiting. There are 0 tasks remaining in the queue.
2020-10-14 21:16:17,101 [ForkJoinPool.commonPool-worker-0] INFO  segmented.SegmentedRaftLogWorker (SegmentedRaftLogWorker.java:close(234)) - 76ae9a49-516f-47a3-983c-b12a499d08c9@group-912DD3AF3D6E-SegmentedRaftLogWorker close()
2020-10-14 21:16:17,101 [Listener at 127.0.0.1/35811] INFO  impl.StateMachineUpdater (StateMachineUpdater.java:stopAndJoin(142)) - 2cb5168d-05f1-4d8c-acfa-fa1a7bda46f6@group-212B8072EEFB-StateMachineUpdater: set stopIndex = 0
2020-10-14 21:16:17,102 [Listener at 127.0.0.1/35811] INFO  impl.RaftServerImpl (ServerState.java:close(405)) - 2cb5168d-05f1-4d8c-acfa-fa1a7bda46f6@group-212B8072EEFB: closes. applyIndex: 0
2020-10-14 21:16:17,102 [ForkJoinPool.commonPool-worker-0] INFO  metrics.RatisMetrics (RatisMetrics.java:unregister(43)) - Unregistering Metrics Registry : ratis.log_worker.76ae9a49-516f-47a3-983c-b12a499d08c9@group-912DD3AF3D6E
2020-10-14 21:16:17,102 [2cb5168d-05f1-4d8c-acfa-fa1a7bda46f6@group-212B8072EEFB-SegmentedRaftLogWorker] INFO  segmented.SegmentedRaftLogWorker (SegmentedRaftLogWorker.java:run(327)) - 2cb5168d-05f1-4d8c-acfa-fa1a7bda46f6@group-212B8072EEFB-SegmentedRaftLogWorker was interrupted, exiting. There are 0 tasks remaining in the queue.
2020-10-14 21:16:17,102 [ForkJoinPool.commonPool-worker-0] INFO  metrics.RatisMetrics (RatisMetrics.java:unregister(43)) - Unregistering Metrics Registry : ratis.leader_election.76ae9a49-516f-47a3-983c-b12a499d08c9@group-912DD3AF3D6E
2020-10-14 21:16:17,103 [ForkJoinPool.commonPool-worker-0] INFO  metrics.RatisMetrics (RatisMetrics.java:unregister(43)) - Unregistering Metrics Registry : ratis.server.76ae9a49-516f-47a3-983c-b12a499d08c9@group-912DD3AF3D6E
2020-10-14 21:16:17,103 [ForkJoinPool.commonPool-worker-0] INFO  impl.RaftServerImpl (RaftServerImpl.java:lambda$shutdown$3(321)) - 76ae9a49-516f-47a3-983c-b12a499d08c9@group-8F956437CC23: shutdown
2020-10-14 21:16:17,103 [ForkJoinPool.commonPool-worker-0] INFO  util.JmxRegister (JmxRegister.java:unregister(73)) - Successfully un-registered JMX Bean with object name Ratis:service=RaftServer,group=group-8F956437CC23,id=76ae9a49-516f-47a3-983c-b12a499d08c9
2020-10-14 21:16:17,103 [ForkJoinPool.commonPool-worker-0] INFO  impl.RoleInfo (RoleInfo.java:shutdownLeaderState(104)) - 76ae9a49-516f-47a3-983c-b12a499d08c9: shutdown LeaderState
2020-10-14 21:16:17,103 [ForkJoinPool.commonPool-worker-0] INFO  impl.PendingRequests (PendingRequests.java:sendNotLeaderResponses(249)) - 76ae9a49-516f-47a3-983c-b12a499d08c9@group-8F956437CC23-PendingRequests: sendNotLeaderResponses
2020-10-14 21:16:17,103 [ForkJoinPool.commonPool-worker-0] INFO  metrics.RatisMetrics (RatisMetrics.java:unregister(43)) - Unregistering Metrics Registry : ratis.log_appender.76ae9a49-516f-47a3-983c-b12a499d08c9@group-8F956437CC23
2020-10-14 21:16:17,103 [ForkJoinPool.commonPool-worker-0] INFO  metrics.RatisMetrics (RatisMetrics.java:unregister(43)) - Unregistering Metrics Registry : ratis.server.76ae9a49-516f-47a3-983c-b12a499d08c9@group-8F956437CC23
2020-10-14 21:16:17,104 [Listener at 127.0.0.1/35811] INFO  segmented.SegmentedRaftLogWorker (SegmentedRaftLogWorker.java:close(234)) - 2cb5168d-05f1-4d8c-acfa-fa1a7bda46f6@group-212B8072EEFB-SegmentedRaftLogWorker close()
2020-10-14 21:16:17,107 [ForkJoinPool.commonPool-worker-0] INFO  impl.StateMachineUpdater (StateMachineUpdater.java:stopAndJoin(142)) - 76ae9a49-516f-47a3-983c-b12a499d08c9@group-8F956437CC23-StateMachineUpdater: set stopIndex = 0
2020-10-14 21:16:17,107 [76ae9a49-516f-47a3-983c-b12a499d08c9@group-8F956437CC23-StateMachineUpdater] INFO  ratis.ContainerStateMachine (ContainerStateMachine.java:takeSnapshot(293)) - group-8F956437CC23: Taking a snapshot at:(t:1, i:0) file /github/workspace/mnt/ozone/hadoop-ozone/integration-test/target/test-dir/MiniOzoneClusterImpl-2e4050b2-a17a-4fa5-be17-26c3c845a162/datanode-2/data/ratis/a51af638-694c-49b8-87be-8f956437cc23/sm/snapshot.1_0
2020-10-14 21:16:17,107 [Listener at 127.0.0.1/35811] INFO  metrics.RatisMetrics (RatisMetrics.java:unregister(43)) - Unregistering Metrics Registry : ratis.log_worker.2cb5168d-05f1-4d8c-acfa-fa1a7bda46f6@group-212B8072EEFB
2020-10-14 21:16:17,107 [Listener at 127.0.0.1/35811] INFO  metrics.RatisMetrics (RatisMetrics.java:unregister(43)) - Unregistering Metrics Registry : ratis.leader_election.2cb5168d-05f1-4d8c-acfa-fa1a7bda46f6@group-212B8072EEFB
2020-10-14 21:16:17,108 [Listener at 127.0.0.1/35811] INFO  metrics.RatisMetrics (RatisMetrics.java:unregister(43)) - Unregistering Metrics Registry : ratis.server.2cb5168d-05f1-4d8c-acfa-fa1a7bda46f6@group-212B8072EEFB
2020-10-14 21:16:17,108 [Listener at 127.0.0.1/35811] INFO  impl.RaftServerImpl (RaftServerImpl.java:lambda$shutdown$3(321)) - 2cb5168d-05f1-4d8c-acfa-fa1a7bda46f6@group-7E5AE591B88C: shutdown
2020-10-14 21:16:17,108 [76ae9a49-516f-47a3-983c-b12a499d08c9@group-8F956437CC23-StateMachineUpdater] INFO  ratis.ContainerStateMachine (ContainerStateMachine.java:takeSnapshot(304)) - group-8F956437CC23: Finished taking a snapshot at:(t:1, i:0) file:/github/workspace/mnt/ozone/hadoop-ozone/integration-test/target/test-dir/MiniOzoneClusterImpl-2e4050b2-a17a-4fa5-be17-26c3c845a162/datanode-2/data/ratis/a51af638-694c-49b8-87be-8f956437cc23/sm/snapshot.1_0 time:1
2020-10-14 21:16:17,108 [Listener at 127.0.0.1/35811] INFO  util.JmxRegister (JmxRegister.java:unregister(73)) - Successfully un-registered JMX Bean with object name Ratis:service=RaftServer,group=group-7E5AE591B88C,id=2cb5168d-05f1-4d8c-acfa-fa1a7bda46f6
2020-10-14 21:16:17,108 [76ae9a49-516f-47a3-983c-b12a499d08c9@group-8F956437CC23-StateMachineUpdater] INFO  impl.StateMachineUpdater (StateMachineUpdater.java:takeSnapshot(277)) - 76ae9a49-516f-47a3-983c-b12a499d08c9@group-8F956437CC23-StateMachineUpdater: Took a snapshot at index 0
2020-10-14 21:16:17,108 [76ae9a49-516f-47a3-983c-b12a499d08c9@group-8F956437CC23-StateMachineUpdater] INFO  impl.StateMachineUpdater (StateMachineUpdater.java:lambda$new$0(87)) - 76ae9a49-516f-47a3-983c-b12a499d08c9@group-8F956437CC23-StateMachineUpdater: snapshotIndex: updateIncreasingly -1 -> 0
2020-10-14 21:16:17,108 [Listener at 127.0.0.1/35811] INFO  impl.RoleInfo (RoleInfo.java:shutdownLeaderState(104)) - 2cb5168d-05f1-4d8c-acfa-fa1a7bda46f6: shutdown LeaderState
2020-10-14 21:16:17,108 [76ae9a49-516f-47a3-983c-b12a499d08c9@group-8F956437CC23-StateMachineUpdater] INFO  metrics.RatisMetrics (RatisMetrics.java:unregister(43)) - Unregistering Metrics Registry : ratis.state_machine.76ae9a49-516f-47a3-983c-b12a499d08c9@group-8F956437CC23
2020-10-14 21:16:17,108 [Listener at 127.0.0.1/35811] INFO  impl.PendingRequests (PendingRequests.java:sendNotLeaderResponses(249)) - 2cb5168d-05f1-4d8c-acfa-fa1a7bda46f6@group-7E5AE591B88C-PendingRequests: sendNotLeaderResponses
2020-10-14 21:16:17,109 [Listener at 127.0.0.1/35811] INFO  metrics.RatisMetrics (RatisMetrics.java:unregister(43)) - Unregistering Metrics Registry : ratis.log_appender.2cb5168d-05f1-4d8c-acfa-fa1a7bda46f6@group-7E5AE591B88C
2020-10-14 21:16:17,109 [Listener at 127.0.0.1/35811] INFO  metrics.RatisMetrics (RatisMetrics.java:unregister(43)) - Unregistering Metrics Registry : ratis.server.2cb5168d-05f1-4d8c-acfa-fa1a7bda46f6@group-7E5AE591B88C
2020-10-14 21:16:17,109 [Listener at 127.0.0.1/35811] INFO  impl.StateMachineUpdater (StateMachineUpdater.java:stopAndJoin(142)) - 2cb5168d-05f1-4d8c-acfa-fa1a7bda46f6@group-7E5AE591B88C-StateMachineUpdater: set stopIndex = 0
2020-10-14 21:16:17,110 [2cb5168d-05f1-4d8c-acfa-fa1a7bda46f6@group-7E5AE591B88C-StateMachineUpdater] INFO  ratis.ContainerStateMachine (ContainerStateMachine.java:takeSnapshot(293)) - group-7E5AE591B88C: Taking a snapshot at:(t:1, i:0) file /github/workspace/mnt/ozone/hadoop-ozone/integration-test/target/test-dir/MiniOzoneClusterImpl-2e4050b2-a17a-4fa5-be17-26c3c845a162/datanode-3/data/ratis/1460dfe0-4508-4a14-8ab4-7e5ae591b88c/sm/snapshot.1_0
2020-10-14 21:16:17,109 [ForkJoinPool.commonPool-worker-0] INFO  impl.RaftServerImpl (ServerState.java:close(405)) - 76ae9a49-516f-47a3-983c-b12a499d08c9@group-8F956437CC23: closes. applyIndex: 0
2020-10-14 21:16:17,110 [76ae9a49-516f-47a3-983c-b12a499d08c9@group-8F956437CC23-SegmentedRaftLogWorker] INFO  segmented.SegmentedRaftLogWorker (SegmentedRaftLogWorker.java:run(327)) - 76ae9a49-516f-47a3-983c-b12a499d08c9@group-8F956437CC23-SegmentedRaftLogWorker was interrupted, exiting. There are 0 tasks remaining in the queue.
2020-10-14 21:16:17,110 [ForkJoinPool.commonPool-worker-0] INFO  segmented.SegmentedRaftLogWorker (SegmentedRaftLogWorker.java:close(234)) - 76ae9a49-516f-47a3-983c-b12a499d08c9@group-8F956437CC23-SegmentedRaftLogWorker close()
2020-10-14 21:16:17,111 [ForkJoinPool.commonPool-worker-0] INFO  metrics.RatisMetrics (RatisMetrics.java:unregister(43)) - Unregistering Metrics Registry : ratis.log_worker.76ae9a49-516f-47a3-983c-b12a499d08c9@group-8F956437CC23
2020-10-14 21:16:17,111 [ForkJoinPool.commonPool-worker-0] INFO  metrics.RatisMetrics (RatisMetrics.java:unregister(43)) - Unregistering Metrics Registry : ratis.leader_election.76ae9a49-516f-47a3-983c-b12a499d08c9@group-8F956437CC23
2020-10-14 21:16:17,111 [2cb5168d-05f1-4d8c-acfa-fa1a7bda46f6@group-7E5AE591B88C-StateMachineUpdater] INFO  ratis.ContainerStateMachine (ContainerStateMachine.java:takeSnapshot(304)) - group-7E5AE591B88C: Finished taking a snapshot at:(t:1, i:0) file:/github/workspace/mnt/ozone/hadoop-ozone/integration-test/target/test-dir/MiniOzoneClusterImpl-2e4050b2-a17a-4fa5-be17-26c3c845a162/datanode-3/data/ratis/1460dfe0-4508-4a14-8ab4-7e5ae591b88c/sm/snapshot.1_0 time:1
2020-10-14 21:16:17,111 [2cb5168d-05f1-4d8c-acfa-fa1a7bda46f6@group-7E5AE591B88C-StateMachineUpdater] INFO  impl.StateMachineUpdater (StateMachineUpdater.java:takeSnapshot(277)) - 2cb5168d-05f1-4d8c-acfa-fa1a7bda46f6@group-7E5AE591B88C-StateMachineUpdater: Took a snapshot at index 0
2020-10-14 21:16:17,112 [2cb5168d-05f1-4d8c-acfa-fa1a7bda46f6@group-7E5AE591B88C-StateMachineUpdater] INFO  impl.StateMachineUpdater (StateMachineUpdater.java:lambda$new$0(87)) - 2cb5168d-05f1-4d8c-acfa-fa1a7bda46f6@group-7E5AE591B88C-StateMachineUpdater: snapshotIndex: updateIncreasingly -1 -> 0
2020-10-14 21:16:17,112 [2cb5168d-05f1-4d8c-acfa-fa1a7bda46f6@group-7E5AE591B88C-StateMachineUpdater] INFO  metrics.RatisMetrics (RatisMetrics.java:unregister(43)) - Unregistering Metrics Registry : ratis.state_machine.2cb5168d-05f1-4d8c-acfa-fa1a7bda46f6@group-7E5AE591B88C
2020-10-14 21:16:17,111 [ForkJoinPool.commonPool-worker-0] INFO  metrics.RatisMetrics (RatisMetrics.java:unregister(43)) - Unregistering Metrics Registry : ratis.server.76ae9a49-516f-47a3-983c-b12a499d08c9@group-8F956437CC23
2020-10-14 21:16:17,112 [ForkJoinPool.commonPool-worker-0] INFO  server.GrpcService (GrpcService.java:closeImpl(183)) - 76ae9a49-516f-47a3-983c-b12a499d08c9: shutdown server with port 37219 now
2020-10-14 21:16:17,112 [Listener at 127.0.0.1/35811] INFO  impl.RaftServerImpl (ServerState.java:close(405)) - 2cb5168d-05f1-4d8c-acfa-fa1a7bda46f6@group-7E5AE591B88C: closes. applyIndex: 0
2020-10-14 21:16:17,113 [2cb5168d-05f1-4d8c-acfa-fa1a7bda46f6@group-7E5AE591B88C-SegmentedRaftLogWorker] INFO  segmented.SegmentedRaftLogWorker (SegmentedRaftLogWorker.java:run(327)) - 2cb5168d-05f1-4d8c-acfa-fa1a7bda46f6@group-7E5AE591B88C-SegmentedRaftLogWorker was interrupted, exiting. There are 0 tasks remaining in the queue.
2020-10-14 21:16:17,115 [ForkJoinPool.commonPool-worker-0] INFO  server.GrpcService (GrpcService.java:closeImpl(191)) - 76ae9a49-516f-47a3-983c-b12a499d08c9: shutdown server with port 37219 successfully
2020-10-14 21:16:17,116 [Listener at 127.0.0.1/35811] INFO  segmented.SegmentedRaftLogWorker (SegmentedRaftLogWorker.java:close(234)) - 2cb5168d-05f1-4d8c-acfa-fa1a7bda46f6@group-7E5AE591B88C-SegmentedRaftLogWorker close()
2020-10-14 21:16:17,117 [ForkJoinPool.commonPool-worker-0] INFO  utils.BackgroundService (BackgroundService.java:shutdown(132)) - Shutting down service BlockDeletingService
2020-10-14 21:16:17,117 [Listener at 127.0.0.1/35811] INFO  metrics.RatisMetrics (RatisMetrics.java:unregister(43)) - Unregistering Metrics Registry : ratis.log_worker.2cb5168d-05f1-4d8c-acfa-fa1a7bda46f6@group-7E5AE591B88C
2020-10-14 21:16:17,118 [Listener at 127.0.0.1/35811] INFO  metrics.RatisMetrics (RatisMetrics.java:unregister(43)) - Unregistering Metrics Registry : ratis.leader_election.2cb5168d-05f1-4d8c-acfa-fa1a7bda46f6@group-7E5AE591B88C
2020-10-14 21:16:17,118 [Listener at 127.0.0.1/35811] INFO  metrics.RatisMetrics (RatisMetrics.java:unregister(43)) - Unregistering Metrics Registry : ratis.server.2cb5168d-05f1-4d8c-acfa-fa1a7bda46f6@group-7E5AE591B88C
2020-10-14 21:16:17,118 [Listener at 127.0.0.1/35811] INFO  server.GrpcService (GrpcService.java:closeImpl(183)) - 2cb5168d-05f1-4d8c-acfa-fa1a7bda46f6: shutdown server with port 36377 now
2020-10-14 21:16:17,119 [ForkJoinPool.commonPool-worker-0] INFO  statemachine.DatanodeStateMachine (DatanodeStateMachine.java:stopDaemon(453)) - Ozone container server stopped.
2020-10-14 21:16:17,122 [Listener at 127.0.0.1/35811] INFO  server.GrpcService (GrpcService.java:closeImpl(191)) - 2cb5168d-05f1-4d8c-acfa-fa1a7bda46f6: shutdown server with port 36377 successfully
2020-10-14 21:16:17,125 [Listener at 127.0.0.1/35811] INFO  utils.BackgroundService (BackgroundService.java:shutdown(132)) - Shutting down service BlockDeletingService
2020-10-14 21:16:17,135 [Listener at 127.0.0.1/35811] INFO  statemachine.DatanodeStateMachine (DatanodeStateMachine.java:stopDaemon(453)) - Ozone container server stopped.
2020-10-14 21:16:17,135 [ForkJoinPool.commonPool-worker-0] INFO  handler.ContextHandler (ContextHandler.java:doStop(1016)) - Stopped o.e.j.w.WebAppContext@32d27673{hddsDatanode,/,null,UNAVAILABLE}{jar:file:/home/user/.m2/repository/org/apache/hadoop/hadoop-hdds-container-service/1.1.0-SNAPSHOT/hadoop-hdds-container-service-1.1.0-SNAPSHOT.jar!/webapps/hddsDatanode}
2020-10-14 21:16:17,136 [ForkJoinPool.commonPool-worker-0] INFO  server.AbstractConnector (AbstractConnector.java:doStop(380)) - Stopped ServerConnector@3e68c88f{HTTP/1.1,[http/1.1]}{0.0.0.0:0}
2020-10-14 21:16:17,139 [ForkJoinPool.commonPool-worker-0] INFO  server.session (HouseKeeper.java:stopScavenging(158)) - node0 Stopped scavenging
2020-10-14 21:16:17,140 [ForkJoinPool.commonPool-worker-0] INFO  handler.ContextHandler (ContextHandler.java:doStop(1016)) - Stopped o.e.j.s.ServletContextHandler@800a3fd{static,/static,jar:file:/home/user/.m2/repository/org/apache/hadoop/hadoop-hdds-container-service/1.1.0-SNAPSHOT/hadoop-hdds-container-service-1.1.0-SNAPSHOT.jar!/webapps/static,UNAVAILABLE}
2020-10-14 21:16:17,143 [ForkJoinPool.commonPool-worker-0] INFO  handler.ContextHandler (ContextHandler.java:doStop(1016)) - Stopped o.e.j.s.ServletContextHandler@6c5f2bab{logs,/logs,file:///github/workspace/mnt/ozone/hadoop-ozone/integration-test/target/log,UNAVAILABLE}
2020-10-14 21:16:17,146 [Listener at 127.0.0.1/35811] INFO  handler.ContextHandler (ContextHandler.java:doStop(1016)) - Stopped o.e.j.w.WebAppContext@10516ec9{hddsDatanode,/,null,UNAVAILABLE}{jar:file:/home/user/.m2/repository/org/apache/hadoop/hadoop-hdds-container-service/1.1.0-SNAPSHOT/hadoop-hdds-container-service-1.1.0-SNAPSHOT.jar!/webapps/hddsDatanode}
2020-10-14 21:16:17,147 [Listener at 127.0.0.1/35811] INFO  server.AbstractConnector (AbstractConnector.java:doStop(380)) - Stopped ServerConnector@29ad3ad8{HTTP/1.1,[http/1.1]}{0.0.0.0:0}
2020-10-14 21:16:17,147 [Listener at 127.0.0.1/35811] INFO  server.session (HouseKeeper.java:stopScavenging(158)) - node0 Stopped scavenging
2020-10-14 21:16:17,147 [Listener at 127.0.0.1/35811] INFO  handler.ContextHandler (ContextHandler.java:doStop(1016)) - Stopped o.e.j.s.ServletContextHandler@6c6a9e4a{static,/static,jar:file:/home/user/.m2/repository/org/apache/hadoop/hadoop-hdds-container-service/1.1.0-SNAPSHOT/hadoop-hdds-container-service-1.1.0-SNAPSHOT.jar!/webapps/static,UNAVAILABLE}
2020-10-14 21:16:17,147 [Listener at 127.0.0.1/35811] INFO  handler.ContextHandler (ContextHandler.java:doStop(1016)) - Stopped o.e.j.s.ServletContextHandler@44f3d3ce{logs,/logs,file:///github/workspace/mnt/ozone/hadoop-ozone/integration-test/target/log,UNAVAILABLE}
2020-10-14 21:16:17,352 [Datanode State Machine Thread - 0] INFO  statemachine.DatanodeStateMachine (DatanodeStateMachine.java:lambda$startDaemon$0(405)) - Ozone container server started.
2020-10-14 21:16:17,671 [Datanode State Machine Thread - 0] INFO  statemachine.DatanodeStateMachine (DatanodeStateMachine.java:lambda$startDaemon$0(405)) - Ozone container server started.
2020-10-14 21:16:22,145 [ForkJoinPool.commonPool-worker-0] INFO  ozoneimpl.OzoneContainer (OzoneContainer.java:stop(259)) - Attempting to stop container services.
2020-10-14 21:16:22,145 [ForkJoinPool.commonPool-worker-0] INFO  impl.RaftServerProxy (RaftServerProxy.java:lambda$close$4(322)) - c9269502-d4ee-4905-9113-8d8748841615: close
2020-10-14 21:16:22,145 [ForkJoinPool.commonPool-worker-0] INFO  impl.RaftServerImpl (RaftServerImpl.java:lambda$shutdown$3(321)) - c9269502-d4ee-4905-9113-8d8748841615@group-1081760DC0BF: shutdown
2020-10-14 21:16:22,146 [ForkJoinPool.commonPool-worker-0] INFO  util.JmxRegister (JmxRegister.java:unregister(73)) - Successfully un-registered JMX Bean with object name Ratis:service=RaftServer,group=group-1081760DC0BF,id=c9269502-d4ee-4905-9113-8d8748841615
2020-10-14 21:16:22,146 [ForkJoinPool.commonPool-worker-0] INFO  impl.RoleInfo (RoleInfo.java:shutdownLeaderState(104)) - c9269502-d4ee-4905-9113-8d8748841615: shutdown LeaderState
2020-10-14 21:16:22,146 [ForkJoinPool.commonPool-worker-0] INFO  impl.PendingRequests (PendingRequests.java:sendNotLeaderResponses(249)) - c9269502-d4ee-4905-9113-8d8748841615@group-1081760DC0BF-PendingRequests: sendNotLeaderResponses
2020-10-14 21:16:22,146 [ForkJoinPool.commonPool-worker-0] INFO  metrics.RatisMetrics (RatisMetrics.java:unregister(43)) - Unregistering Metrics Registry : ratis.log_appender.c9269502-d4ee-4905-9113-8d8748841615@group-1081760DC0BF
2020-10-14 21:16:22,147 [ForkJoinPool.commonPool-worker-0] INFO  metrics.RatisMetrics (RatisMetrics.java:unregister(43)) - Unregistering Metrics Registry : ratis.server.c9269502-d4ee-4905-9113-8d8748841615@group-1081760DC0BF
2020-10-14 21:16:22,147 [ForkJoinPool.commonPool-worker-0] INFO  impl.StateMachineUpdater (StateMachineUpdater.java:stopAndJoin(142)) - c9269502-d4ee-4905-9113-8d8748841615@group-1081760DC0BF-StateMachineUpdater: set stopIndex = 0
2020-10-14 21:16:22,148 [c9269502-d4ee-4905-9113-8d8748841615@group-1081760DC0BF-StateMachineUpdater] INFO  ratis.ContainerStateMachine (ContainerStateMachine.java:takeSnapshot(293)) - group-1081760DC0BF: Taking a snapshot at:(t:1, i:0) file /github/workspace/mnt/ozone/hadoop-ozone/integration-test/target/test-dir/MiniOzoneClusterImpl-2e4050b2-a17a-4fa5-be17-26c3c845a162/datanode-0/data/ratis/60876db6-56a5-434a-b82c-1081760dc0bf/sm/snapshot.1_0
2020-10-14 21:16:22,149 [Listener at 127.0.0.1/35811] INFO  ozoneimpl.OzoneContainer (OzoneContainer.java:stop(259)) - Attempting to stop container services.
2020-10-14 21:16:22,149 [Listener at 127.0.0.1/35811] INFO  impl.RaftServerProxy (RaftServerProxy.java:lambda$close$4(322)) - a2749394-0239-4d59-b5c5-6ec7975208db: close
2020-10-14 21:16:22,149 [Listener at 127.0.0.1/35811] INFO  impl.RaftServerImpl (RaftServerImpl.java:lambda$shutdown$3(321)) - a2749394-0239-4d59-b5c5-6ec7975208db@group-51769F462877: shutdown
2020-10-14 21:16:22,150 [Listener at 127.0.0.1/35811] INFO  util.JmxRegister (JmxRegister.java:unregister(73)) - Successfully un-registered JMX Bean with object name Ratis:service=RaftServer,group=group-51769F462877,id=a2749394-0239-4d59-b5c5-6ec7975208db
2020-10-14 21:16:22,150 [Listener at 127.0.0.1/35811] INFO  impl.RoleInfo (RoleInfo.java:shutdownLeaderState(104)) - a2749394-0239-4d59-b5c5-6ec7975208db: shutdown LeaderState
2020-10-14 21:16:22,150 [Listener at 127.0.0.1/35811] INFO  impl.PendingRequests (PendingRequests.java:sendNotLeaderResponses(249)) - a2749394-0239-4d59-b5c5-6ec7975208db@group-51769F462877-PendingRequests: sendNotLeaderResponses
2020-10-14 21:16:22,152 [c9269502-d4ee-4905-9113-8d8748841615@group-1081760DC0BF-StateMachineUpdater] INFO  ratis.ContainerStateMachine (ContainerStateMachine.java:takeSnapshot(304)) - group-1081760DC0BF: Finished taking a snapshot at:(t:1, i:0) file:/github/workspace/mnt/ozone/hadoop-ozone/integration-test/target/test-dir/MiniOzoneClusterImpl-2e4050b2-a17a-4fa5-be17-26c3c845a162/datanode-0/data/ratis/60876db6-56a5-434a-b82c-1081760dc0bf/sm/snapshot.1_0 time:2
2020-10-14 21:16:22,152 [c9269502-d4ee-4905-9113-8d8748841615@group-1081760DC0BF-StateMachineUpdater] INFO  impl.StateMachineUpdater (StateMachineUpdater.java:takeSnapshot(277)) - c9269502-d4ee-4905-9113-8d8748841615@group-1081760DC0BF-StateMachineUpdater: Took a snapshot at index 0
2020-10-14 21:16:22,152 [c9269502-d4ee-4905-9113-8d8748841615@group-1081760DC0BF-StateMachineUpdater] INFO  impl.StateMachineUpdater (StateMachineUpdater.java:lambda$new$0(87)) - c9269502-d4ee-4905-9113-8d8748841615@group-1081760DC0BF-StateMachineUpdater: snapshotIndex: updateIncreasingly -1 -> 0
2020-10-14 21:16:22,152 [c9269502-d4ee-4905-9113-8d8748841615@group-1081760DC0BF-StateMachineUpdater] INFO  metrics.RatisMetrics (RatisMetrics.java:unregister(43)) - Unregistering Metrics Registry : ratis.state_machine.c9269502-d4ee-4905-9113-8d8748841615@group-1081760DC0BF
2020-10-14 21:16:22,152 [ForkJoinPool.commonPool-worker-0] INFO  impl.RaftServerImpl (ServerState.java:close(405)) - c9269502-d4ee-4905-9113-8d8748841615@group-1081760DC0BF: closes. applyIndex: 0
2020-10-14 21:16:22,153 [c9269502-d4ee-4905-9113-8d8748841615@group-1081760DC0BF-SegmentedRaftLogWorker] INFO  segmented.SegmentedRaftLogWorker (SegmentedRaftLogWorker.java:run(327)) - c9269502-d4ee-4905-9113-8d8748841615@group-1081760DC0BF-SegmentedRaftLogWorker was interrupted, exiting. There are 0 tasks remaining in the queue.
2020-10-14 21:16:22,153 [Listener at 127.0.0.1/35811] INFO  metrics.RatisMetrics (RatisMetrics.java:unregister(43)) - Unregistering Metrics Registry : ratis.log_appender.a2749394-0239-4d59-b5c5-6ec7975208db@group-51769F462877
2020-10-14 21:16:22,154 [Listener at 127.0.0.1/35811] INFO  metrics.RatisMetrics (RatisMetrics.java:unregister(43)) - Unregistering Metrics Registry : ratis.server.a2749394-0239-4d59-b5c5-6ec7975208db@group-51769F462877
2020-10-14 21:16:22,154 [a2749394-0239-4d59-b5c5-6ec7975208db@group-51769F462877-StateMachineUpdater] INFO  ratis.ContainerStateMachine (ContainerStateMachine.java:takeSnapshot(293)) - group-51769F462877: Taking a snapshot at:(t:1, i:18) file /github/workspace/mnt/ozone/hadoop-ozone/integration-test/target/test-dir/MiniOzoneClusterImpl-2e4050b2-a17a-4fa5-be17-26c3c845a162/datanode-6/data/ratis/4c69807f-ca3a-4c6f-8183-51769f462877/sm/snapshot.1_18
2020-10-14 21:16:22,155 [Listener at 127.0.0.1/35811] INFO  impl.StateMachineUpdater (StateMachineUpdater.java:stopAndJoin(142)) - a2749394-0239-4d59-b5c5-6ec7975208db@group-51769F462877-StateMachineUpdater: set stopIndex = 18
2020-10-14 21:16:22,157 [a2749394-0239-4d59-b5c5-6ec7975208db@group-51769F462877-StateMachineUpdater] INFO  ratis.ContainerStateMachine (ContainerStateMachine.java:takeSnapshot(304)) - group-51769F462877: Finished taking a snapshot at:(t:1, i:18) file:/github/workspace/mnt/ozone/hadoop-ozone/integration-test/target/test-dir/MiniOzoneClusterImpl-2e4050b2-a17a-4fa5-be17-26c3c845a162/datanode-6/data/ratis/4c69807f-ca3a-4c6f-8183-51769f462877/sm/snapshot.1_18 time:3
2020-10-14 21:16:22,157 [a2749394-0239-4d59-b5c5-6ec7975208db@group-51769F462877-StateMachineUpdater] INFO  impl.StateMachineUpdater (StateMachineUpdater.java:takeSnapshot(277)) - a2749394-0239-4d59-b5c5-6ec7975208db@group-51769F462877-StateMachineUpdater: Took a snapshot at index 18
2020-10-14 21:16:22,157 [a2749394-0239-4d59-b5c5-6ec7975208db@group-51769F462877-StateMachineUpdater] INFO  impl.StateMachineUpdater (StateMachineUpdater.java:lambda$new$0(87)) - a2749394-0239-4d59-b5c5-6ec7975208db@group-51769F462877-StateMachineUpdater: snapshotIndex: updateIncreasingly -1 -> 18
2020-10-14 21:16:22,157 [a2749394-0239-4d59-b5c5-6ec7975208db@group-51769F462877-StateMachineUpdater] INFO  metrics.RatisMetrics (RatisMetrics.java:unregister(43)) - Unregistering Metrics Registry : ratis.state_machine.a2749394-0239-4d59-b5c5-6ec7975208db@group-51769F462877
2020-10-14 21:16:22,157 [Listener at 127.0.0.1/35811] INFO  impl.RaftServerImpl (ServerState.java:close(405)) - a2749394-0239-4d59-b5c5-6ec7975208db@group-51769F462877: closes. applyIndex: 18
2020-10-14 21:16:22,158 [a2749394-0239-4d59-b5c5-6ec7975208db@group-51769F462877-SegmentedRaftLogWorker] INFO  segmented.SegmentedRaftLogWorker (SegmentedRaftLogWorker.java:run(327)) - a2749394-0239-4d59-b5c5-6ec7975208db@group-51769F462877-SegmentedRaftLogWorker was interrupted, exiting. There are 0 tasks remaining in the queue.
2020-10-14 21:16:22,158 [ForkJoinPool.commonPool-worker-0] INFO  segmented.SegmentedRaftLogWorker (SegmentedRaftLogWorker.java:close(234)) - c9269502-d4ee-4905-9113-8d8748841615@group-1081760DC0BF-SegmentedRaftLogWorker close()
2020-10-14 21:16:22,158 [Listener at 127.0.0.1/35811] INFO  segmented.SegmentedRaftLogWorker (SegmentedRaftLogWorker.java:close(234)) - a2749394-0239-4d59-b5c5-6ec7975208db@group-51769F462877-SegmentedRaftLogWorker close()
2020-10-14 21:16:22,160 [Listener at 127.0.0.1/35811] INFO  metrics.RatisMetrics (RatisMetrics.java:unregister(43)) - Unregistering Metrics Registry : ratis.log_worker.a2749394-0239-4d59-b5c5-6ec7975208db@group-51769F462877
2020-10-14 21:16:22,160 [Listener at 127.0.0.1/35811] INFO  metrics.RatisMetrics (RatisMetrics.java:unregister(43)) - Unregistering Metrics Registry : ratis.leader_election.a2749394-0239-4d59-b5c5-6ec7975208db@group-51769F462877
2020-10-14 21:16:22,160 [Listener at 127.0.0.1/35811] INFO  metrics.RatisMetrics (RatisMetrics.java:unregister(43)) - Unregistering Metrics Registry : ratis.server.a2749394-0239-4d59-b5c5-6ec7975208db@group-51769F462877
2020-10-14 21:16:22,160 [Listener at 127.0.0.1/35811] INFO  server.GrpcService (GrpcService.java:closeImpl(183)) - a2749394-0239-4d59-b5c5-6ec7975208db: shutdown server with port 41507 now
2020-10-14 21:16:22,160 [ForkJoinPool.commonPool-worker-0] INFO  metrics.RatisMetrics (RatisMetrics.java:unregister(43)) - Unregistering Metrics Registry : ratis.log_worker.c9269502-d4ee-4905-9113-8d8748841615@group-1081760DC0BF
2020-10-14 21:16:22,161 [ForkJoinPool.commonPool-worker-0] INFO  metrics.RatisMetrics (RatisMetrics.java:unregister(43)) - Unregistering Metrics Registry : ratis.leader_election.c9269502-d4ee-4905-9113-8d8748841615@group-1081760DC0BF
2020-10-14 21:16:22,161 [ForkJoinPool.commonPool-worker-0] INFO  metrics.RatisMetrics (RatisMetrics.java:unregister(43)) - Unregistering Metrics Registry : ratis.server.c9269502-d4ee-4905-9113-8d8748841615@group-1081760DC0BF
2020-10-14 21:16:22,161 [ForkJoinPool.commonPool-worker-0] INFO  impl.RaftServerImpl (RaftServerImpl.java:lambda$shutdown$3(321)) - c9269502-d4ee-4905-9113-8d8748841615@group-912DD3AF3D6E: shutdown
2020-10-14 21:16:22,161 [ForkJoinPool.commonPool-worker-0] INFO  util.JmxRegister (JmxRegister.java:unregister(73)) - Successfully un-registered JMX Bean with object name Ratis:service=RaftServer,group=group-912DD3AF3D6E,id=c9269502-d4ee-4905-9113-8d8748841615
2020-10-14 21:16:22,161 [ForkJoinPool.commonPool-worker-0] INFO  impl.RoleInfo (RoleInfo.java:shutdownFollowerState(121)) - c9269502-d4ee-4905-9113-8d8748841615: shutdown FollowerState
2020-10-14 21:16:22,161 [Thread-753] INFO  impl.FollowerState (FollowerState.java:run(117)) - c9269502-d4ee-4905-9113-8d8748841615@group-912DD3AF3D6E-FollowerState was interrupted: java.lang.InterruptedException: sleep interrupted
2020-10-14 21:16:22,161 [ForkJoinPool.commonPool-worker-0] INFO  impl.StateMachineUpdater (StateMachineUpdater.java:stopAndJoin(142)) - c9269502-d4ee-4905-9113-8d8748841615@group-912DD3AF3D6E-StateMachineUpdater: set stopIndex = 1
2020-10-14 21:16:22,162 [Listener at 127.0.0.1/35811] INFO  server.GrpcService (GrpcService.java:closeImpl(191)) - a2749394-0239-4d59-b5c5-6ec7975208db: shutdown server with port 41507 successfully
2020-10-14 21:16:22,162 [c9269502-d4ee-4905-9113-8d8748841615@group-912DD3AF3D6E-StateMachineUpdater] INFO  ratis.ContainerStateMachine (ContainerStateMachine.java:takeSnapshot(293)) - group-912DD3AF3D6E: Taking a snapshot at:(t:2, i:1) file /github/workspace/mnt/ozone/hadoop-ozone/integration-test/target/test-dir/MiniOzoneClusterImpl-2e4050b2-a17a-4fa5-be17-26c3c845a162/datanode-0/data/ratis/fdfcd7ae-b040-4762-be1a-912dd3af3d6e/sm/snapshot.2_1
2020-10-14 21:16:22,163 [Listener at 127.0.0.1/35811] INFO  utils.BackgroundService (BackgroundService.java:shutdown(132)) - Shutting down service BlockDeletingService
2020-10-14 21:16:22,163 [c9269502-d4ee-4905-9113-8d8748841615@group-912DD3AF3D6E-StateMachineUpdater] INFO  ratis.ContainerStateMachine (ContainerStateMachine.java:takeSnapshot(304)) - group-912DD3AF3D6E: Finished taking a snapshot at:(t:2, i:1) file:/github/workspace/mnt/ozone/hadoop-ozone/integration-test/target/test-dir/MiniOzoneClusterImpl-2e4050b2-a17a-4fa5-be17-26c3c845a162/datanode-0/data/ratis/fdfcd7ae-b040-4762-be1a-912dd3af3d6e/sm/snapshot.2_1 time:1
2020-10-14 21:16:22,164 [c9269502-d4ee-4905-9113-8d8748841615@group-912DD3AF3D6E-StateMachineUpdater] INFO  impl.StateMachineUpdater (StateMachineUpdater.java:takeSnapshot(277)) - c9269502-d4ee-4905-9113-8d8748841615@group-912DD3AF3D6E-StateMachineUpdater: Took a snapshot at index 1
2020-10-14 21:16:22,164 [c9269502-d4ee-4905-9113-8d8748841615@group-912DD3AF3D6E-StateMachineUpdater] INFO  impl.StateMachineUpdater (StateMachineUpdater.java:lambda$new$0(87)) - c9269502-d4ee-4905-9113-8d8748841615@group-912DD3AF3D6E-StateMachineUpdater: snapshotIndex: updateIncreasingly -1 -> 1
2020-10-14 21:16:22,164 [c9269502-d4ee-4905-9113-8d8748841615@group-912DD3AF3D6E-StateMachineUpdater] INFO  metrics.RatisMetrics (RatisMetrics.java:unregister(43)) - Unregistering Metrics Registry : ratis.state_machine.c9269502-d4ee-4905-9113-8d8748841615@group-912DD3AF3D6E
2020-10-14 21:16:22,164 [ForkJoinPool.commonPool-worker-0] INFO  impl.RaftServerImpl (ServerState.java:close(405)) - c9269502-d4ee-4905-9113-8d8748841615@group-912DD3AF3D6E: closes. applyIndex: 1
2020-10-14 21:16:22,164 [c9269502-d4ee-4905-9113-8d8748841615@group-912DD3AF3D6E-SegmentedRaftLogWorker] INFO  segmented.SegmentedRaftLogWorker (SegmentedRaftLogWorker.java:run(327)) - c9269502-d4ee-4905-9113-8d8748841615@group-912DD3AF3D6E-SegmentedRaftLogWorker was interrupted, exiting. There are 0 tasks remaining in the queue.
2020-10-14 21:16:22,164 [ForkJoinPool.commonPool-worker-0] INFO  segmented.SegmentedRaftLogWorker (SegmentedRaftLogWorker.java:close(234)) - c9269502-d4ee-4905-9113-8d8748841615@group-912DD3AF3D6E-SegmentedRaftLogWorker close()
2020-10-14 21:16:22,165 [ForkJoinPool.commonPool-worker-0] INFO  metrics.RatisMetrics (RatisMetrics.java:unregister(43)) - Unregistering Metrics Registry : ratis.log_worker.c9269502-d4ee-4905-9113-8d8748841615@group-912DD3AF3D6E
2020-10-14 21:16:22,165 [ForkJoinPool.commonPool-worker-0] INFO  metrics.RatisMetrics (RatisMetrics.java:unregister(43)) - Unregistering Metrics Registry : ratis.leader_election.c9269502-d4ee-4905-9113-8d8748841615@group-912DD3AF3D6E
2020-10-14 21:16:22,165 [ForkJoinPool.commonPool-worker-0] INFO  metrics.RatisMetrics (RatisMetrics.java:unregister(43)) - Unregistering Metrics Registry : ratis.server.c9269502-d4ee-4905-9113-8d8748841615@group-912DD3AF3D6E
2020-10-14 21:16:22,165 [ForkJoinPool.commonPool-worker-0] INFO  server.GrpcService (GrpcService.java:closeImpl(183)) - c9269502-d4ee-4905-9113-8d8748841615: shutdown server with port 34709 now
2020-10-14 21:16:22,169 [Listener at 127.0.0.1/35811] INFO  statemachine.DatanodeStateMachine (DatanodeStateMachine.java:stopDaemon(453)) - Ozone container server stopped.
2020-10-14 21:16:22,176 [Listener at 127.0.0.1/35811] INFO  handler.ContextHandler (ContextHandler.java:doStop(1016)) - Stopped o.e.j.w.WebAppContext@7183fb0d{hddsDatanode,/,null,UNAVAILABLE}{jar:file:/home/user/.m2/repository/org/apache/hadoop/hadoop-hdds-container-service/1.1.0-SNAPSHOT/hadoop-hdds-container-service-1.1.0-SNAPSHOT.jar!/webapps/hddsDatanode}
2020-10-14 21:16:22,177 [ForkJoinPool.commonPool-worker-0] INFO  server.GrpcService (GrpcService.java:closeImpl(191)) - c9269502-d4ee-4905-9113-8d8748841615: shutdown server with port 34709 successfully
2020-10-14 21:16:22,178 [ForkJoinPool.commonPool-worker-0] INFO  utils.BackgroundService (BackgroundService.java:shutdown(132)) - Shutting down service BlockDeletingService
2020-10-14 21:16:22,179 [Listener at 127.0.0.1/35811] INFO  server.AbstractConnector (AbstractConnector.java:doStop(380)) - Stopped ServerConnector@f961da{HTTP/1.1,[http/1.1]}{0.0.0.0:0}
2020-10-14 21:16:22,179 [ForkJoinPool.commonPool-worker-0] INFO  statemachine.DatanodeStateMachine (DatanodeStateMachine.java:stopDaemon(453)) - Ozone container server stopped.
2020-10-14 21:16:22,179 [Listener at 127.0.0.1/35811] INFO  server.session (HouseKeeper.java:stopScavenging(158)) - node0 Stopped scavenging
2020-10-14 21:16:22,180 [Listener at 127.0.0.1/35811] INFO  handler.ContextHandler (ContextHandler.java:doStop(1016)) - Stopped o.e.j.s.ServletContextHandler@7a77f651{static,/static,jar:file:/home/user/.m2/repository/org/apache/hadoop/hadoop-hdds-container-service/1.1.0-SNAPSHOT/hadoop-hdds-container-service-1.1.0-SNAPSHOT.jar!/webapps/static,UNAVAILABLE}
2020-10-14 21:16:22,184 [Listener at 127.0.0.1/35811] INFO  handler.ContextHandler (ContextHandler.java:doStop(1016)) - Stopped o.e.j.s.ServletContextHandler@4f9d6b2b{logs,/logs,file:///github/workspace/mnt/ozone/hadoop-ozone/integration-test/target/log,UNAVAILABLE}
2020-10-14 21:16:22,188 [ForkJoinPool.commonPool-worker-0] INFO  handler.ContextHandler (ContextHandler.java:doStop(1016)) - Stopped o.e.j.w.WebAppContext@3dd8cb5f{hddsDatanode,/,null,UNAVAILABLE}{jar:file:/home/user/.m2/repository/org/apache/hadoop/hadoop-hdds-container-service/1.1.0-SNAPSHOT/hadoop-hdds-container-service-1.1.0-SNAPSHOT.jar!/webapps/hddsDatanode}
2020-10-14 21:16:22,189 [ForkJoinPool.commonPool-worker-0] INFO  server.AbstractConnector (AbstractConnector.java:doStop(380)) - Stopped ServerConnector@70ae47b2{HTTP/1.1,[http/1.1]}{0.0.0.0:0}
2020-10-14 21:16:22,189 [ForkJoinPool.commonPool-worker-0] INFO  server.session (HouseKeeper.java:stopScavenging(158)) - node0 Stopped scavenging
2020-10-14 21:16:22,190 [ForkJoinPool.commonPool-worker-0] INFO  handler.ContextHandler (ContextHandler.java:doStop(1016)) - Stopped o.e.j.s.ServletContextHandler@25bd6cae{static,/static,jar:file:/home/user/.m2/repository/org/apache/hadoop/hadoop-hdds-container-service/1.1.0-SNAPSHOT/hadoop-hdds-container-service-1.1.0-SNAPSHOT.jar!/webapps/static,UNAVAILABLE}
2020-10-14 21:16:22,191 [ForkJoinPool.commonPool-worker-0] INFO  handler.ContextHandler (ContextHandler.java:doStop(1016)) - Stopped o.e.j.s.ServletContextHandler@6063e5e9{logs,/logs,file:///github/workspace/mnt/ozone/hadoop-ozone/integration-test/target/log,UNAVAILABLE}
2020-10-14 21:16:22,470 [Thread-643] INFO  impl.FollowerState (FollowerState.java:run(108)) - 497cee6a-8cec-48d3-a21d-ba28642b4d07@group-212B8072EEFB-FollowerState: change to CANDIDATE, lastRpcTime:5588ms, electionTimeout:5184ms
2020-10-14 21:16:22,470 [Thread-643] INFO  impl.RoleInfo (RoleInfo.java:shutdownFollowerState(121)) - 497cee6a-8cec-48d3-a21d-ba28642b4d07: shutdown FollowerState
2020-10-14 21:16:22,471 [Thread-643] INFO  impl.RaftServerImpl (RaftServerImpl.java:setRole(198)) - 497cee6a-8cec-48d3-a21d-ba28642b4d07@group-212B8072EEFB: changes role from  FOLLOWER to CANDIDATE at term 1 for changeToCandidate
2020-10-14 21:16:22,471 [Thread-643] INFO  impl.RoleInfo (RoleInfo.java:updateAndGet(143)) - 497cee6a-8cec-48d3-a21d-ba28642b4d07: start LeaderElection
2020-10-14 21:16:22,477 [497cee6a-8cec-48d3-a21d-ba28642b4d07@group-212B8072EEFB-LeaderElection26] INFO  impl.RaftServerImpl (ServerState.java:setLeader(256)) - 497cee6a-8cec-48d3-a21d-ba28642b4d07@group-212B8072EEFB: change Leader from 2cb5168d-05f1-4d8c-acfa-fa1a7bda46f6 to null at term 1 for initElection
2020-10-14 21:16:22,478 [497cee6a-8cec-48d3-a21d-ba28642b4d07@group-212B8072EEFB-LeaderElection26] INFO  impl.LeaderElection (LeaderElection.java:askForVotes(210)) - 497cee6a-8cec-48d3-a21d-ba28642b4d07@group-212B8072EEFB-LeaderElection26: begin an election at term 2 for 0: [823e1d17-9ec2-4324-ad19-cd013f58686a:172.17.0.2:45645:0, 2cb5168d-05f1-4d8c-acfa-fa1a7bda46f6:172.17.0.2:36377:0, 497cee6a-8cec-48d3-a21d-ba28642b4d07:172.17.0.2:45037:0], old=null
2020-10-14 21:16:22,487 [497cee6a-8cec-48d3-a21d-ba28642b4d07@group-212B8072EEFB-LeaderElection26] INFO  impl.LeaderElection (LogUtils.java:infoOrTrace(137)) - 497cee6a-8cec-48d3-a21d-ba28642b4d07@group-212B8072EEFB-LeaderElection26 got exception when requesting votes: java.util.concurrent.ExecutionException: org.apache.ratis.thirdparty.io.grpc.StatusRuntimeException: UNAVAILABLE: io exception
2020-10-14 21:16:22,487 [497cee6a-8cec-48d3-a21d-ba28642b4d07@group-212B8072EEFB-LeaderElection26] INFO  impl.LeaderElection (LogUtils.java:infoOrTrace(137)) - 497cee6a-8cec-48d3-a21d-ba28642b4d07@group-212B8072EEFB-LeaderElection26 got exception when requesting votes: java.util.concurrent.ExecutionException: org.apache.ratis.thirdparty.io.grpc.StatusRuntimeException: UNAVAILABLE: io exception
2020-10-14 21:16:22,487 [497cee6a-8cec-48d3-a21d-ba28642b4d07@group-212B8072EEFB-LeaderElection26] INFO  impl.LeaderElection (LeaderElection.java:logAndReturn(62)) - 497cee6a-8cec-48d3-a21d-ba28642b4d07@group-212B8072EEFB-LeaderElection26: Election REJECTED; received 0 response(s) [] and 2 exception(s); 497cee6a-8cec-48d3-a21d-ba28642b4d07@group-212B8072EEFB:t2, leader=null, voted=497cee6a-8cec-48d3-a21d-ba28642b4d07, raftlog=497cee6a-8cec-48d3-a21d-ba28642b4d07@group-212B8072EEFB-SegmentedRaftLog:OPENED:c0,f0,i0, conf=0: [823e1d17-9ec2-4324-ad19-cd013f58686a:172.17.0.2:45645:0, 2cb5168d-05f1-4d8c-acfa-fa1a7bda46f6:172.17.0.2:36377:0, 497cee6a-8cec-48d3-a21d-ba28642b4d07:172.17.0.2:45037:0], old=null
2020-10-14 21:16:22,487 [497cee6a-8cec-48d3-a21d-ba28642b4d07@group-212B8072EEFB-LeaderElection26] INFO  impl.LeaderElection (LogUtils.java:infoOrTrace(137)) -   Exception 0: java.util.concurrent.ExecutionException: org.apache.ratis.thirdparty.io.grpc.StatusRuntimeException: UNAVAILABLE: io exception
2020-10-14 21:16:22,487 [497cee6a-8cec-48d3-a21d-ba28642b4d07@group-212B8072EEFB-LeaderElection26] INFO  impl.LeaderElection (LogUtils.java:infoOrTrace(137)) -   Exception 1: java.util.concurrent.ExecutionException: org.apache.ratis.thirdparty.io.grpc.StatusRuntimeException: UNAVAILABLE: io exception
2020-10-14 21:16:22,487 [497cee6a-8cec-48d3-a21d-ba28642b4d07@group-212B8072EEFB-LeaderElection26] INFO  impl.RaftServerImpl (RaftServerImpl.java:setRole(198)) - 497cee6a-8cec-48d3-a21d-ba28642b4d07@group-212B8072EEFB: changes role from CANDIDATE to FOLLOWER at term 2 for DISCOVERED_A_NEW_TERM
2020-10-14 21:16:22,487 [497cee6a-8cec-48d3-a21d-ba28642b4d07@group-212B8072EEFB-LeaderElection26] INFO  impl.RoleInfo (RoleInfo.java:shutdownLeaderElection(134)) - 497cee6a-8cec-48d3-a21d-ba28642b4d07: shutdown LeaderElection
2020-10-14 21:16:22,487 [497cee6a-8cec-48d3-a21d-ba28642b4d07@group-212B8072EEFB-LeaderElection26] INFO  impl.RoleInfo (RoleInfo.java:updateAndGet(143)) - 497cee6a-8cec-48d3-a21d-ba28642b4d07: start FollowerState
2020-10-14 21:16:22,986 [Datanode State Machine Thread - 0] INFO  statemachine.DatanodeStateMachine (DatanodeStateMachine.java:lambda$startDaemon$0(405)) - Ozone container server started.
2020-10-14 21:16:27,192 [Listener at 127.0.0.1/35811] INFO  ozoneimpl.OzoneContainer (OzoneContainer.java:stop(259)) - Attempting to stop container services.
2020-10-14 21:16:27,193 [Listener at 127.0.0.1/35811] INFO  impl.RaftServerProxy (RaftServerProxy.java:lambda$close$4(322)) - 497cee6a-8cec-48d3-a21d-ba28642b4d07: close
2020-10-14 21:16:27,194 [Listener at 127.0.0.1/35811] INFO  impl.RaftServerImpl (RaftServerImpl.java:lambda$shutdown$3(321)) - 497cee6a-8cec-48d3-a21d-ba28642b4d07@group-60E435C7C11B: shutdown
2020-10-14 21:16:27,194 [Listener at 127.0.0.1/35811] INFO  util.JmxRegister (JmxRegister.java:unregister(73)) - Successfully un-registered JMX Bean with object name Ratis:service=RaftServer,group=group-60E435C7C11B,id=497cee6a-8cec-48d3-a21d-ba28642b4d07
2020-10-14 21:16:27,194 [Listener at 127.0.0.1/35811] INFO  impl.RoleInfo (RoleInfo.java:shutdownLeaderState(104)) - 497cee6a-8cec-48d3-a21d-ba28642b4d07: shutdown LeaderState
2020-10-14 21:16:27,194 [Listener at 127.0.0.1/35811] INFO  impl.PendingRequests (PendingRequests.java:sendNotLeaderResponses(249)) - 497cee6a-8cec-48d3-a21d-ba28642b4d07@group-60E435C7C11B-PendingRequests: sendNotLeaderResponses
2020-10-14 21:16:27,196 [Listener at 127.0.0.1/35811] INFO  metrics.RatisMetrics (RatisMetrics.java:unregister(43)) - Unregistering Metrics Registry : ratis.log_appender.497cee6a-8cec-48d3-a21d-ba28642b4d07@group-60E435C7C11B
2020-10-14 21:16:27,196 [Listener at 127.0.0.1/35811] INFO  metrics.RatisMetrics (RatisMetrics.java:unregister(43)) - Unregistering Metrics Registry : ratis.server.497cee6a-8cec-48d3-a21d-ba28642b4d07@group-60E435C7C11B
2020-10-14 21:16:27,197 [Listener at 127.0.0.1/35811] INFO  impl.StateMachineUpdater (StateMachineUpdater.java:stopAndJoin(142)) - 497cee6a-8cec-48d3-a21d-ba28642b4d07@group-60E435C7C11B-StateMachineUpdater: set stopIndex = 11
2020-10-14 21:16:27,197 [497cee6a-8cec-48d3-a21d-ba28642b4d07@group-60E435C7C11B-StateMachineUpdater] INFO  ratis.ContainerStateMachine (ContainerStateMachine.java:takeSnapshot(293)) - group-60E435C7C11B: Taking a snapshot at:(t:1, i:11) file /github/workspace/mnt/ozone/hadoop-ozone/integration-test/target/test-dir/MiniOzoneClusterImpl-2e4050b2-a17a-4fa5-be17-26c3c845a162/datanode-5/data/ratis/ee2f0a48-fc84-4f8d-ae15-60e435c7c11b/sm/snapshot.1_11
2020-10-14 21:16:27,199 [497cee6a-8cec-48d3-a21d-ba28642b4d07@group-60E435C7C11B-StateMachineUpdater] INFO  ratis.ContainerStateMachine (ContainerStateMachine.java:takeSnapshot(304)) - group-60E435C7C11B: Finished taking a snapshot at:(t:1, i:11) file:/github/workspace/mnt/ozone/hadoop-ozone/integration-test/target/test-dir/MiniOzoneClusterImpl-2e4050b2-a17a-4fa5-be17-26c3c845a162/datanode-5/data/ratis/ee2f0a48-fc84-4f8d-ae15-60e435c7c11b/sm/snapshot.1_11 time:2
2020-10-14 21:16:27,199 [497cee6a-8cec-48d3-a21d-ba28642b4d07@group-60E435C7C11B-StateMachineUpdater] INFO  impl.StateMachineUpdater (StateMachineUpdater.java:takeSnapshot(277)) - 497cee6a-8cec-48d3-a21d-ba28642b4d07@group-60E435C7C11B-StateMachineUpdater: Took a snapshot at index 11
2020-10-14 21:16:27,199 [497cee6a-8cec-48d3-a21d-ba28642b4d07@group-60E435C7C11B-StateMachineUpdater] INFO  impl.StateMachineUpdater (StateMachineUpdater.java:lambda$new$0(87)) - 497cee6a-8cec-48d3-a21d-ba28642b4d07@group-60E435C7C11B-StateMachineUpdater: snapshotIndex: updateIncreasingly -1 -> 11
2020-10-14 21:16:27,199 [497cee6a-8cec-48d3-a21d-ba28642b4d07@group-60E435C7C11B-StateMachineUpdater] INFO  metrics.RatisMetrics (RatisMetrics.java:unregister(43)) - Unregistering Metrics Registry : ratis.state_machine.497cee6a-8cec-48d3-a21d-ba28642b4d07@group-60E435C7C11B
2020-10-14 21:16:27,199 [Listener at 127.0.0.1/35811] INFO  impl.RaftServerImpl (ServerState.java:close(405)) - 497cee6a-8cec-48d3-a21d-ba28642b4d07@group-60E435C7C11B: closes. applyIndex: 11
2020-10-14 21:16:27,199 [497cee6a-8cec-48d3-a21d-ba28642b4d07@group-60E435C7C11B-SegmentedRaftLogWorker] INFO  segmented.SegmentedRaftLogWorker (SegmentedRaftLogWorker.java:run(327)) - 497cee6a-8cec-48d3-a21d-ba28642b4d07@group-60E435C7C11B-SegmentedRaftLogWorker was interrupted, exiting. There are 0 tasks remaining in the queue.
2020-10-14 21:16:27,200 [Listener at 127.0.0.1/35811] INFO  segmented.SegmentedRaftLogWorker (SegmentedRaftLogWorker.java:close(234)) - 497cee6a-8cec-48d3-a21d-ba28642b4d07@group-60E435C7C11B-SegmentedRaftLogWorker close()
2020-10-14 21:16:27,200 [Listener at 127.0.0.1/35811] INFO  metrics.RatisMetrics (RatisMetrics.java:unregister(43)) - Unregistering Metrics Registry : ratis.log_worker.497cee6a-8cec-48d3-a21d-ba28642b4d07@group-60E435C7C11B
2020-10-14 21:16:27,200 [Listener at 127.0.0.1/35811] INFO  metrics.RatisMetrics (RatisMetrics.java:unregister(43)) - Unregistering Metrics Registry : ratis.leader_election.497cee6a-8cec-48d3-a21d-ba28642b4d07@group-60E435C7C11B
2020-10-14 21:16:27,200 [Listener at 127.0.0.1/35811] INFO  metrics.RatisMetrics (RatisMetrics.java:unregister(43)) - Unregistering Metrics Registry : ratis.server.497cee6a-8cec-48d3-a21d-ba28642b4d07@group-60E435C7C11B
2020-10-14 21:16:27,200 [Listener at 127.0.0.1/35811] INFO  impl.RaftServerImpl (RaftServerImpl.java:lambda$shutdown$3(321)) - 497cee6a-8cec-48d3-a21d-ba28642b4d07@group-212B8072EEFB: shutdown
2020-10-14 21:16:27,200 [Listener at 127.0.0.1/35811] INFO  util.JmxRegister (JmxRegister.java:unregister(73)) - Successfully un-registered JMX Bean with object name Ratis:service=RaftServer,group=group-212B8072EEFB,id=497cee6a-8cec-48d3-a21d-ba28642b4d07
2020-10-14 21:16:27,200 [Listener at 127.0.0.1/35811] INFO  impl.RoleInfo (RoleInfo.java:shutdownFollowerState(121)) - 497cee6a-8cec-48d3-a21d-ba28642b4d07: shutdown FollowerState
2020-10-14 21:16:27,201 [Thread-763] INFO  impl.FollowerState (FollowerState.java:run(117)) - 497cee6a-8cec-48d3-a21d-ba28642b4d07@group-212B8072EEFB-FollowerState was interrupted: java.lang.InterruptedException: sleep interrupted
2020-10-14 21:16:27,201 [497cee6a-8cec-48d3-a21d-ba28642b4d07@group-212B8072EEFB-StateMachineUpdater] INFO  ratis.ContainerStateMachine (ContainerStateMachine.java:takeSnapshot(293)) - group-212B8072EEFB: Taking a snapshot at:(t:1, i:0) file /github/workspace/mnt/ozone/hadoop-ozone/integration-test/target/test-dir/MiniOzoneClusterImpl-2e4050b2-a17a-4fa5-be17-26c3c845a162/datanode-5/data/ratis/d7b52df2-ea79-40c3-985a-212b8072eefb/sm/snapshot.1_0
2020-10-14 21:16:27,201 [Listener at 127.0.0.1/35811] INFO  impl.StateMachineUpdater (StateMachineUpdater.java:stopAndJoin(142)) - 497cee6a-8cec-48d3-a21d-ba28642b4d07@group-212B8072EEFB-StateMachineUpdater: set stopIndex = 0
2020-10-14 21:16:27,202 [497cee6a-8cec-48d3-a21d-ba28642b4d07@group-212B8072EEFB-StateMachineUpdater] INFO  ratis.ContainerStateMachine (ContainerStateMachine.java:takeSnapshot(304)) - group-212B8072EEFB: Finished taking a snapshot at:(t:1, i:0) file:/github/workspace/mnt/ozone/hadoop-ozone/integration-test/target/test-dir/MiniOzoneClusterImpl-2e4050b2-a17a-4fa5-be17-26c3c845a162/datanode-5/data/ratis/d7b52df2-ea79-40c3-985a-212b8072eefb/sm/snapshot.1_0 time:1
2020-10-14 21:16:27,202 [497cee6a-8cec-48d3-a21d-ba28642b4d07@group-212B8072EEFB-StateMachineUpdater] INFO  impl.StateMachineUpdater (StateMachineUpdater.java:takeSnapshot(277)) - 497cee6a-8cec-48d3-a21d-ba28642b4d07@group-212B8072EEFB-StateMachineUpdater: Took a snapshot at index 0
2020-10-14 21:16:27,202 [497cee6a-8cec-48d3-a21d-ba28642b4d07@group-212B8072EEFB-StateMachineUpdater] INFO  impl.StateMachineUpdater (StateMachineUpdater.java:lambda$new$0(87)) - 497cee6a-8cec-48d3-a21d-ba28642b4d07@group-212B8072EEFB-StateMachineUpdater: snapshotIndex: updateIncreasingly -1 -> 0
2020-10-14 21:16:27,202 [497cee6a-8cec-48d3-a21d-ba28642b4d07@group-212B8072EEFB-StateMachineUpdater] INFO  metrics.RatisMetrics (RatisMetrics.java:unregister(43)) - Unregistering Metrics Registry : ratis.state_machine.497cee6a-8cec-48d3-a21d-ba28642b4d07@group-212B8072EEFB
2020-10-14 21:16:27,202 [Listener at 127.0.0.1/35811] INFO  impl.RaftServerImpl (ServerState.java:close(405)) - 497cee6a-8cec-48d3-a21d-ba28642b4d07@group-212B8072EEFB: closes. applyIndex: 0
2020-10-14 21:16:27,203 [497cee6a-8cec-48d3-a21d-ba28642b4d07@group-212B8072EEFB-SegmentedRaftLogWorker] INFO  segmented.SegmentedRaftLogWorker (SegmentedRaftLogWorker.java:run(327)) - 497cee6a-8cec-48d3-a21d-ba28642b4d07@group-212B8072EEFB-SegmentedRaftLogWorker was interrupted, exiting. There are 0 tasks remaining in the queue.
2020-10-14 21:16:27,203 [Listener at 127.0.0.1/35811] INFO  segmented.SegmentedRaftLogWorker (SegmentedRaftLogWorker.java:close(234)) - 497cee6a-8cec-48d3-a21d-ba28642b4d07@group-212B8072EEFB-SegmentedRaftLogWorker close()
2020-10-14 21:16:27,203 [Listener at 127.0.0.1/35811] INFO  metrics.RatisMetrics (RatisMetrics.java:unregister(43)) - Unregistering Metrics Registry : ratis.log_worker.497cee6a-8cec-48d3-a21d-ba28642b4d07@group-212B8072EEFB
2020-10-14 21:16:27,203 [Listener at 127.0.0.1/35811] INFO  metrics.RatisMetrics (RatisMetrics.java:unregister(43)) - Unregistering Metrics Registry : ratis.leader_election.497cee6a-8cec-48d3-a21d-ba28642b4d07@group-212B8072EEFB
2020-10-14 21:16:27,203 [Listener at 127.0.0.1/35811] INFO  metrics.RatisMetrics (RatisMetrics.java:unregister(43)) - Unregistering Metrics Registry : ratis.server.497cee6a-8cec-48d3-a21d-ba28642b4d07@group-212B8072EEFB
2020-10-14 21:16:27,204 [Listener at 127.0.0.1/35811] INFO  server.GrpcService (GrpcService.java:closeImpl(183)) - 497cee6a-8cec-48d3-a21d-ba28642b4d07: shutdown server with port 45037 now
2020-10-14 21:16:27,207 [Listener at 127.0.0.1/35811] INFO  server.GrpcService (GrpcService.java:closeImpl(191)) - 497cee6a-8cec-48d3-a21d-ba28642b4d07: shutdown server with port 45037 successfully
2020-10-14 21:16:27,208 [Listener at 127.0.0.1/35811] INFO  utils.BackgroundService (BackgroundService.java:shutdown(132)) - Shutting down service BlockDeletingService
2020-10-14 21:16:27,215 [Listener at 127.0.0.1/35811] INFO  statemachine.DatanodeStateMachine (DatanodeStateMachine.java:stopDaemon(453)) - Ozone container server stopped.
2020-10-14 21:16:27,223 [Listener at 127.0.0.1/35811] INFO  handler.ContextHandler (ContextHandler.java:doStop(1016)) - Stopped o.e.j.w.WebAppContext@780712d8{hddsDatanode,/,null,UNAVAILABLE}{jar:file:/home/user/.m2/repository/org/apache/hadoop/hadoop-hdds-container-service/1.1.0-SNAPSHOT/hadoop-hdds-container-service-1.1.0-SNAPSHOT.jar!/webapps/hddsDatanode}
2020-10-14 21:16:27,223 [Listener at 127.0.0.1/35811] INFO  server.AbstractConnector (AbstractConnector.java:doStop(380)) - Stopped ServerConnector@501f04a{HTTP/1.1,[http/1.1]}{0.0.0.0:0}
2020-10-14 21:16:27,223 [Listener at 127.0.0.1/35811] INFO  server.session (HouseKeeper.java:stopScavenging(158)) - node0 Stopped scavenging
2020-10-14 21:16:27,223 [Listener at 127.0.0.1/35811] INFO  handler.ContextHandler (ContextHandler.java:doStop(1016)) - Stopped o.e.j.s.ServletContextHandler@5e5d69a9{static,/static,jar:file:/home/user/.m2/repository/org/apache/hadoop/hadoop-hdds-container-service/1.1.0-SNAPSHOT/hadoop-hdds-container-service-1.1.0-SNAPSHOT.jar!/webapps/static,UNAVAILABLE}
2020-10-14 21:16:27,224 [Listener at 127.0.0.1/35811] INFO  handler.ContextHandler (ContextHandler.java:doStop(1016)) - Stopped o.e.j.s.ServletContextHandler@f689429{logs,/logs,file:///github/workspace/mnt/ozone/hadoop-ozone/integration-test/target/log,UNAVAILABLE}
2020-10-14 21:16:27,224 [Listener at 127.0.0.1/35811] INFO  ozone.MiniOzoneClusterImpl (MiniOzoneClusterImpl.java:stopSCM(476)) - Stopping the StorageContainerManager
2020-10-14 21:16:27,224 [Listener at 127.0.0.1/35811] INFO  server.StorageContainerManager (StorageContainerManager.java:stop(832)) - Stopping Replication Manager Service.
2020-10-14 21:16:27,224 [Listener at 127.0.0.1/35811] INFO  container.ReplicationManager (ReplicationManager.java:stop(219)) - Stopping Replication Monitor Thread.
2020-10-14 21:16:27,225 [Listener at 127.0.0.1/35811] INFO  server.StorageContainerManager (StorageContainerManager.java:stop(839)) - Stopping Lease Manager of the command watchers
2020-10-14 21:16:27,225 [Listener at 127.0.0.1/35811] INFO  server.StorageContainerManager (StorageContainerManager.java:stop(846)) - Stopping datanode service RPC server
2020-10-14 21:16:27,225 [CommandWatcher-LeaseManager#LeaseMonitor] ERROR lease.LeaseManager (LeaseManager.java:run(238)) - Execution was interrupted 
java.lang.InterruptedException: sleep interrupted
	at java.lang.Thread.sleep(Native Method)
	at org.apache.hadoop.ozone.lease.LeaseManager$LeaseMonitor.run(LeaseManager.java:234)
	at java.lang.Thread.run(Thread.java:748)
2020-10-14 21:16:27,225 [Listener at 127.0.0.1/35811] INFO  server.SCMDatanodeProtocolServer (SCMDatanodeProtocolServer.java:stop(361)) - Stopping the RPC server for DataNodes
2020-10-14 21:16:27,225 [Listener at 127.0.0.1/35811] INFO  ipc.Server (Server.java:stop(3359)) - Stopping server on 38265
2020-10-14 21:16:27,227 [IPC Server listener on 0] INFO  ipc.Server (Server.java:run(1330)) - Stopping IPC Server listener on 0
2020-10-14 21:16:27,227 [IPC Server Responder] INFO  ipc.Server (Server.java:run(1465)) - Stopping IPC Server Responder
2020-10-14 21:16:27,281 [SCM Heartbeat Processing Thread - 0] WARN  node.NodeStateManager (NodeStateManager.java:scheduleNextHealthCheck(661)) - Current Thread is interrupted, shutting down HB processing thread for Node Manager.
2020-10-14 21:16:27,281 [Listener at 127.0.0.1/35811] INFO  server.StorageContainerManager (StorageContainerManager.java:stop(854)) - Stopping block service RPC server
2020-10-14 21:16:27,281 [Listener at 127.0.0.1/35811] INFO  server.SCMBlockProtocolServer (SCMBlockProtocolServer.java:stop(158)) - Stopping the RPC server for Block Protocol
2020-10-14 21:16:27,282 [Listener at 127.0.0.1/35811] INFO  ipc.Server (Server.java:stop(3359)) - Stopping server on 38539
2020-10-14 21:16:27,283 [IPC Server listener on 0] INFO  ipc.Server (Server.java:run(1330)) - Stopping IPC Server listener on 0
2020-10-14 21:16:27,285 [IPC Server Responder] INFO  ipc.Server (Server.java:run(1465)) - Stopping IPC Server Responder
2020-10-14 21:16:27,285 [Listener at 127.0.0.1/35811] INFO  server.StorageContainerManager (StorageContainerManager.java:stop(861)) - Stopping the StorageContainerLocationProtocol RPC server
2020-10-14 21:16:27,285 [Listener at 127.0.0.1/35811] INFO  server.SCMClientProtocolServer (SCMClientProtocolServer.java:stop(165)) - Stopping the RPC server for Client Protocol
2020-10-14 21:16:27,285 [Listener at 127.0.0.1/35811] INFO  ipc.Server (Server.java:stop(3359)) - Stopping server on 37875
2020-10-14 21:16:27,287 [IPC Server listener on 0] INFO  ipc.Server (Server.java:run(1330)) - Stopping IPC Server listener on 0
2020-10-14 21:16:27,288 [Listener at 127.0.0.1/35811] INFO  server.StorageContainerManager (StorageContainerManager.java:stop(868)) - Stopping Storage Container Manager HTTP server.
2020-10-14 21:16:27,288 [IPC Server Responder] INFO  ipc.Server (Server.java:run(1465)) - Stopping IPC Server Responder
2020-10-14 21:16:27,288 [Listener at 127.0.0.1/35811] INFO  handler.ContextHandler (ContextHandler.java:doStop(1016)) - Stopped o.e.j.w.WebAppContext@e2ea894{scm,/,null,UNAVAILABLE}{file:/github/workspace/mnt/ozone/hadoop-ozone/integration-test/target/test-classes/webapps/scm}
2020-10-14 21:16:27,289 [Listener at 127.0.0.1/35811] INFO  server.AbstractConnector (AbstractConnector.java:doStop(380)) - Stopped ServerConnector@5f70cb1f{HTTP/1.1,[http/1.1]}{0.0.0.0:0}
2020-10-14 21:16:27,289 [Listener at 127.0.0.1/35811] INFO  server.session (HouseKeeper.java:stopScavenging(158)) - node0 Stopped scavenging
2020-10-14 21:16:27,289 [Listener at 127.0.0.1/35811] INFO  handler.ContextHandler (ContextHandler.java:doStop(1016)) - Stopped o.e.j.s.ServletContextHandler@36ebd6b1{static,/static,file:///github/workspace/mnt/ozone/hadoop-ozone/integration-test/target/test-classes/webapps/static,UNAVAILABLE}
2020-10-14 21:16:27,289 [Listener at 127.0.0.1/35811] INFO  handler.ContextHandler (ContextHandler.java:doStop(1016)) - Stopped o.e.j.s.ServletContextHandler@d16694c{logs,/logs,file:///github/workspace/mnt/ozone/hadoop-ozone/integration-test/target/log,UNAVAILABLE}
2020-10-14 21:16:27,290 [Listener at 127.0.0.1/35811] INFO  server.StorageContainerManager (StorageContainerManager.java:stop(879)) - Stopping Block Manager Service.
2020-10-14 21:16:27,290 [Listener at 127.0.0.1/35811] INFO  utils.BackgroundService (BackgroundService.java:shutdown(132)) - Shutting down service SCMBlockDeletingService
2020-10-14 21:16:27,290 [Listener at 127.0.0.1/35811] INFO  utils.BackgroundService (BackgroundService.java:shutdown(132)) - Shutting down service SCMBlockDeletingService
2020-10-14 21:16:27,290 [Listener at 127.0.0.1/35811] INFO  server.StorageContainerManager (StorageContainerManager.java:stop(904)) - Stopping SCM Event Queue.
2020-10-14 21:16:27,293 [Listener at 127.0.0.1/35811] INFO  impl.MetricsSystemImpl (MetricsSystemImpl.java:stop(210)) - Stopping HddsDatanode metrics system...
2020-10-14 21:16:27,305 [Listener at 127.0.0.1/35811] INFO  impl.MetricsSystemImpl (MetricsSystemImpl.java:stop(216)) - HddsDatanode metrics system stopped.
]]></system-out>
  </testcase>
</testsuite>