<?xml version="1.0" encoding="UTF-8"?>
<testsuite xmlns:xsi="http://www.w3.org/2001/XMLSchema-instance" xsi:noNamespaceSchemaLocation="https://maven.apache.org/surefire/maven-surefire-plugin/xsd/surefire-test-report.xsd" name="org.apache.hadoop.ozone.om.parser.TestOMRatisLogParser" time="45.869" tests="1" errors="1" skipped="0" failures="0">
  <properties>
    <property name="awt.toolkit" value="sun.awt.X11.XToolkit"/>
    <property name="file.encoding.pkg" value="sun.io"/>
    <property name="java.specification.version" value="1.8"/>
    <property name="sun.cpu.isalist" value=""/>
    <property name="sun.jnu.encoding" value="ANSI_X3.4-1968"/>
    <property name="java.class.path" value="/github/workspace/mnt/ozone/hadoop-ozone/integration-test/target/test-classes:/github/workspace/mnt/ozone/hadoop-ozone/integration-test/target/classes:/home/user/.m2/repository/org/apache/hadoop/hadoop-ozone-common/0.6.0-SNAPSHOT/hadoop-ozone-common-0.6.0-SNAPSHOT.jar:/home/user/.m2/repository/org/apache/commons/commons-compress/1.4.1/commons-compress-1.4.1.jar:/home/user/.m2/repository/org/tukaani/xz/1.0/xz-1.0.jar:/home/user/.m2/repository/org/apache/hadoop/hadoop-hdds-common/0.6.0-SNAPSHOT/hadoop-hdds-common-0.6.0-SNAPSHOT.jar:/home/user/.m2/repository/info/picocli/picocli/3.9.6/picocli-3.9.6.jar:/home/user/.m2/repository/com/fasterxml/jackson/core/jackson-annotations/2.10.3/jackson-annotations-2.10.3.jar:/home/user/.m2/repository/javax/annotation/javax.annotation-api/1.2/javax.annotation-api-1.2.jar:/home/user/.m2/repository/org/apache/ratis/ratis-server/0.6.0-490b689-SNAPSHOT/ratis-server-0.6.0-490b689-SNAPSHOT.jar:/home/user/.m2/repository/org/apache/ratis/ratis-thirdparty-misc/0.3.0/ratis-thirdparty-misc-0.3.0.jar:/home/user/.m2/repository/org/apache/ratis/ratis-client/0.6.0-490b689-SNAPSHOT/ratis-client-0.6.0-490b689-SNAPSHOT.jar:/home/user/.m2/repository/org/apache/ratis/ratis-metrics/0.6.0-490b689-SNAPSHOT/ratis-metrics-0.6.0-490b689-SNAPSHOT.jar:/home/user/.m2/repository/org/apache/ratis/ratis-netty/0.6.0-490b689-SNAPSHOT/ratis-netty-0.6.0-490b689-SNAPSHOT.jar:/home/user/.m2/repository/org/apache/ratis/ratis-grpc/0.6.0-490b689-SNAPSHOT/ratis-grpc-0.6.0-490b689-SNAPSHOT.jar:/home/user/.m2/repository/org/apache/logging/log4j/log4j-api/2.11.0/log4j-api-2.11.0.jar:/home/user/.m2/repository/org/apache/logging/log4j/log4j-core/2.11.0/log4j-core-2.11.0.jar:/home/user/.m2/repository/com/lmax/disruptor/3.4.2/disruptor-3.4.2.jar:/home/user/.m2/repository/org/apache/commons/commons-pool2/2.6.0/commons-pool2-2.6.0.jar:/home/user/.m2/repository/org/bouncycastle/bcpkix-jdk15on/1.60/bcpkix-jdk15on-1.60.jar:/home/user/.m2/repository/commons-validator/commons-validator/1.6/commons-validator-1.6.jar:/home/user/.m2/repository/commons-digester/commons-digester/1.8.1/commons-digester-1.8.1.jar:/home/user/.m2/repository/io/jaegertracing/jaeger-client/1.2.0/jaeger-client-1.2.0.jar:/home/user/.m2/repository/io/jaegertracing/jaeger-thrift/1.2.0/jaeger-thrift-1.2.0.jar:/home/user/.m2/repository/org/apache/thrift/libthrift/0.13.0/libthrift-0.13.0.jar:/home/user/.m2/repository/com/squareup/okhttp3/okhttp/4.2.2/okhttp-4.2.2.jar:/home/user/.m2/repository/com/squareup/okio/okio/2.2.2/okio-2.2.2.jar:/home/user/.m2/repository/org/jetbrains/kotlin/kotlin-stdlib/1.3.50/kotlin-stdlib-1.3.50.jar:/home/user/.m2/repository/org/jetbrains/kotlin/kotlin-stdlib-common/1.3.50/kotlin-stdlib-common-1.3.50.jar:/home/user/.m2/repository/org/jetbrains/annotations/13.0/annotations-13.0.jar:/home/user/.m2/repository/io/jaegertracing/jaeger-core/1.2.0/jaeger-core-1.2.0.jar:/home/user/.m2/repository/io/jaegertracing/jaeger-tracerresolver/1.2.0/jaeger-tracerresolver-1.2.0.jar:/home/user/.m2/repository/io/opentracing/contrib/opentracing-tracerresolver/0.1.8/opentracing-tracerresolver-0.1.8.jar:/home/user/.m2/repository/io/opentracing/opentracing-util/0.33.0/opentracing-util-0.33.0.jar:/home/user/.m2/repository/io/opentracing/opentracing-api/0.33.0/opentracing-api-0.33.0.jar:/home/user/.m2/repository/io/opentracing/opentracing-noop/0.33.0/opentracing-noop-0.33.0.jar:/home/user/.m2/repository/org/apache/hadoop/hadoop-hdds-client/0.6.0-SNAPSHOT/hadoop-hdds-client-0.6.0-SNAPSHOT.jar:/home/user/.m2/repository/org/apache/hadoop/hadoop-hdds-test-utils/0.6.0-SNAPSHOT/hadoop-hdds-test-utils-0.6.0-SNAPSHOT.jar:/home/user/.m2/repository/com/google/guava/guava/28.2-jre/guava-28.2-jre.jar:/home/user/.m2/repository/com/google/guava/failureaccess/1.0.1/failureaccess-1.0.1.jar:/home/user/.m2/repository/com/google/guava/listenablefuture/9999.0-empty-to-avoid-conflict-with-guava/listenablefuture-9999.0-empty-to-avoid-conflict-with-guava.jar:/home/user/.m2/repository/com/google/code/findbugs/jsr305/3.0.0/jsr305-3.0.0.jar:/home/user/.m2/repository/org/checkerframework/checker-qual/2.10.0/checker-qual-2.10.0.jar:/home/user/.m2/repository/com/google/errorprone/error_prone_annotations/2.3.4/error_prone_annotations-2.3.4.jar:/home/user/.m2/repository/com/google/j2objc/j2objc-annotations/1.3/j2objc-annotations-1.3.jar:/home/user/.m2/repository/commons-io/commons-io/2.5/commons-io-2.5.jar:/home/user/.m2/repository/commons-logging/commons-logging/1.1.3/commons-logging-1.1.3.jar:/home/user/.m2/repository/log4j/log4j/1.2.17/log4j-1.2.17.jar:/home/user/.m2/repository/org/apache/commons/commons-lang3/3.7/commons-lang3-3.7.jar:/home/user/.m2/repository/org/slf4j/slf4j-api/1.7.25/slf4j-api-1.7.25.jar:/home/user/.m2/repository/org/apache/hadoop/hadoop-hdds-server-scm/0.6.0-SNAPSHOT/hadoop-hdds-server-scm-0.6.0-SNAPSHOT.jar:/home/user/.m2/repository/org/apache/hadoop/hadoop-hdds-container-service/0.6.0-SNAPSHOT/hadoop-hdds-container-service-0.6.0-SNAPSHOT.jar:/home/user/.m2/repository/org/apache/hadoop/hadoop-hdds-hadoop-dependency-server/0.6.0-SNAPSHOT/hadoop-hdds-hadoop-dependency-server-0.6.0-SNAPSHOT.jar:/home/user/.m2/repository/org/apache/hadoop/hadoop-hdds-server-framework/0.6.0-SNAPSHOT/hadoop-hdds-server-framework-0.6.0-SNAPSHOT.jar:/home/user/.m2/repository/org/rocksdb/rocksdbjni/6.6.4/rocksdbjni-6.6.4.jar:/home/user/.m2/repository/io/prometheus/simpleclient_dropwizard/0.7.0/simpleclient_dropwizard-0.7.0.jar:/home/user/.m2/repository/io/prometheus/simpleclient/0.7.0/simpleclient-0.7.0.jar:/home/user/.m2/repository/io/prometheus/simpleclient_common/0.7.0/simpleclient_common-0.7.0.jar:/home/user/.m2/repository/com/fasterxml/jackson/datatype/jackson-datatype-jsr310/2.10.3/jackson-datatype-jsr310-2.10.3.jar:/home/user/.m2/repository/org/apache/hadoop/hadoop-hdds-docs/0.6.0-SNAPSHOT/hadoop-hdds-docs-0.6.0-SNAPSHOT.jar:/home/user/.m2/repository/io/dropwizard/metrics/metrics-core/3.2.4/metrics-core-3.2.4.jar:/home/user/.m2/repository/org/apache/hadoop/hadoop-hdfs-client/3.2.0/hadoop-hdfs-client-3.2.0.jar:/home/user/.m2/repository/org/bouncycastle/bcprov-jdk15on/1.60/bcprov-jdk15on-1.60.jar:/home/user/.m2/repository/org/apache/hadoop/hadoop-ozone-ozone-manager/0.6.0-SNAPSHOT/hadoop-ozone-ozone-manager-0.6.0-SNAPSHOT.jar:/home/user/.m2/repository/org/apache/hadoop/hadoop-minikdc/3.2.0/hadoop-minikdc-3.2.0.jar:/home/user/.m2/repository/org/apache/kerby/kerb-simplekdc/1.0.1/kerb-simplekdc-1.0.1.jar:/home/user/.m2/repository/org/apache/kerby/kerb-client/1.0.1/kerb-client-1.0.1.jar:/home/user/.m2/repository/org/apache/kerby/kerby-config/1.0.1/kerby-config-1.0.1.jar:/home/user/.m2/repository/org/apache/kerby/kerb-core/1.0.1/kerb-core-1.0.1.jar:/home/user/.m2/repository/org/apache/kerby/kerby-pkix/1.0.1/kerby-pkix-1.0.1.jar:/home/user/.m2/repository/org/apache/kerby/kerby-asn1/1.0.1/kerby-asn1-1.0.1.jar:/home/user/.m2/repository/org/apache/kerby/kerby-util/1.0.1/kerby-util-1.0.1.jar:/home/user/.m2/repository/org/apache/kerby/kerb-common/1.0.1/kerb-common-1.0.1.jar:/home/user/.m2/repository/org/apache/kerby/kerb-crypto/1.0.1/kerb-crypto-1.0.1.jar:/home/user/.m2/repository/org/apache/kerby/kerb-util/1.0.1/kerb-util-1.0.1.jar:/home/user/.m2/repository/org/apache/kerby/token-provider/1.0.1/token-provider-1.0.1.jar:/home/user/.m2/repository/org/apache/kerby/kerb-admin/1.0.1/kerb-admin-1.0.1.jar:/home/user/.m2/repository/org/apache/kerby/kerb-server/1.0.1/kerb-server-1.0.1.jar:/home/user/.m2/repository/org/apache/kerby/kerb-identity/1.0.1/kerb-identity-1.0.1.jar:/home/user/.m2/repository/org/apache/kerby/kerby-xdr/1.0.1/kerby-xdr-1.0.1.jar:/home/user/.m2/repository/org/slf4j/slf4j-log4j12/1.7.25/slf4j-log4j12-1.7.25.jar:/home/user/.m2/repository/org/apache/hadoop/hadoop-ozone-s3gateway/0.6.0-SNAPSHOT/hadoop-ozone-s3gateway-0.6.0-SNAPSHOT.jar:/home/user/.m2/repository/org/jboss/weld/servlet/weld-servlet/2.4.7.Final/weld-servlet-2.4.7.Final.jar:/home/user/.m2/repository/org/glassfish/jersey/containers/jersey-container-servlet-core/2.27/jersey-container-servlet-core-2.27.jar:/home/user/.m2/repository/org/glassfish/hk2/external/javax.inject/2.5.0-b42/javax.inject-2.5.0-b42.jar:/home/user/.m2/repository/org/glassfish/jersey/core/jersey-common/2.27/jersey-common-2.27.jar:/home/user/.m2/repository/org/glassfish/hk2/osgi-resource-locator/1.0.1/osgi-resource-locator-1.0.1.jar:/home/user/.m2/repository/javax/ws/rs/javax.ws.rs-api/2.1/javax.ws.rs-api-2.1.jar:/home/user/.m2/repository/org/glassfish/jersey/ext/cdi/jersey-cdi1x/2.27/jersey-cdi1x-2.27.jar:/home/user/.m2/repository/org/glassfish/jersey/inject/jersey-hk2/2.27/jersey-hk2-2.27.jar:/home/user/.m2/repository/org/glassfish/hk2/hk2-locator/2.5.0-b42/hk2-locator-2.5.0-b42.jar:/home/user/.m2/repository/org/javassist/javassist/3.22.0-CR2/javassist-3.22.0-CR2.jar:/home/user/.m2/repository/org/glassfish/hk2/hk2-api/2.5.0/hk2-api-2.5.0.jar:/home/user/.m2/repository/org/glassfish/hk2/external/jakarta.inject/2.5.0/jakarta.inject-2.5.0.jar:/home/user/.m2/repository/org/glassfish/hk2/hk2-utils/2.5.0/hk2-utils-2.5.0.jar:/home/user/.m2/repository/jakarta/annotation/jakarta.annotation-api/1.3.4/jakarta.annotation-api-1.3.4.jar:/home/user/.m2/repository/org/glassfish/hk2/external/aopalliance-repackaged/2.5.0/aopalliance-repackaged-2.5.0.jar:/home/user/.m2/repository/com/fasterxml/jackson/dataformat/jackson-dataformat-xml/2.9.0/jackson-dataformat-xml-2.9.0.jar:/home/user/.m2/repository/com/fasterxml/jackson/core/jackson-core/2.10.3/jackson-core-2.10.3.jar:/home/user/.m2/repository/com/fasterxml/jackson/module/jackson-module-jaxb-annotations/2.10.3/jackson-module-jaxb-annotations-2.10.3.jar:/home/user/.m2/repository/jakarta/xml/bind/jakarta.xml.bind-api/2.3.2/jakarta.xml.bind-api-2.3.2.jar:/home/user/.m2/repository/jakarta/activation/jakarta.activation-api/1.2.1/jakarta.activation-api-1.2.1.jar:/home/user/.m2/repository/org/codehaus/woodstox/stax2-api/3.1.4/stax2-api-3.1.4.jar:/home/user/.m2/repository/com/fasterxml/woodstox/woodstox-core/5.0.3/woodstox-core-5.0.3.jar:/home/user/.m2/repository/javax/enterprise/cdi-api/1.2/cdi-api-1.2.jar:/home/user/.m2/repository/javax/el/javax.el-api/3.0.0/javax.el-api-3.0.0.jar:/home/user/.m2/repository/javax/interceptor/javax.interceptor-api/1.2/javax.interceptor-api-1.2.jar:/home/user/.m2/repository/javax/inject/javax.inject/1/javax.inject-1.jar:/home/user/.m2/repository/com/sun/xml/bind/jaxb-impl/2.3.0.1/jaxb-impl-2.3.0.1.jar:/home/user/.m2/repository/com/sun/xml/bind/jaxb-core/2.3.0.1/jaxb-core-2.3.0.1.jar:/home/user/.m2/repository/javax/xml/bind/jaxb-api/2.3.0/jaxb-api-2.3.0.jar:/home/user/.m2/repository/javax/activation/activation/1.1.1/activation-1.1.1.jar:/home/user/.m2/repository/org/apache/hadoop/hadoop-ozone-csi/0.6.0-SNAPSHOT/hadoop-ozone-csi-0.6.0-SNAPSHOT.jar:/home/user/.m2/repository/com/google/protobuf/protobuf-java-util/3.5.1/protobuf-java-util-3.5.1.jar:/home/user/.m2/repository/com/google/code/gson/gson/2.2.4/gson-2.2.4.jar:/home/user/.m2/repository/org/apache/hadoop/hadoop-hdds-config/0.6.0-SNAPSHOT/hadoop-hdds-config-0.6.0-SNAPSHOT.jar:/home/user/.m2/repository/com/google/protobuf/protobuf-java/2.5.0/protobuf-java-2.5.0.jar:/home/user/.m2/repository/io/grpc/grpc-netty/1.17.1/grpc-netty-1.17.1.jar:/home/user/.m2/repository/io/grpc/grpc-core/1.17.1/grpc-core-1.17.1.jar:/home/user/.m2/repository/io/grpc/grpc-context/1.17.1/grpc-context-1.17.1.jar:/home/user/.m2/repository/org/codehaus/mojo/animal-sniffer-annotations/1.17/animal-sniffer-annotations-1.17.jar:/home/user/.m2/repository/io/opencensus/opencensus-api/0.17.0/opencensus-api-0.17.0.jar:/home/user/.m2/repository/io/opencensus/opencensus-contrib-grpc-metrics/0.17.0/opencensus-contrib-grpc-metrics-0.17.0.jar:/home/user/.m2/repository/io/netty/netty-codec-http2/4.1.30.Final/netty-codec-http2-4.1.30.Final.jar:/home/user/.m2/repository/io/netty/netty-codec-http/4.1.30.Final/netty-codec-http-4.1.30.Final.jar:/home/user/.m2/repository/io/netty/netty-codec/4.1.30.Final/netty-codec-4.1.30.Final.jar:/home/user/.m2/repository/io/netty/netty-handler/4.1.30.Final/netty-handler-4.1.30.Final.jar:/home/user/.m2/repository/io/netty/netty-handler-proxy/4.1.30.Final/netty-handler-proxy-4.1.30.Final.jar:/home/user/.m2/repository/io/netty/netty-codec-socks/4.1.30.Final/netty-codec-socks-4.1.30.Final.jar:/home/user/.m2/repository/io/netty/netty-transport-native-epoll/4.1.38.Final/netty-transport-native-epoll-4.1.38.Final.jar:/home/user/.m2/repository/io/netty/netty-common/4.1.38.Final/netty-common-4.1.38.Final.jar:/home/user/.m2/repository/io/netty/netty-buffer/4.1.38.Final/netty-buffer-4.1.38.Final.jar:/home/user/.m2/repository/io/netty/netty-transport/4.1.38.Final/netty-transport-4.1.38.Final.jar:/home/user/.m2/repository/io/netty/netty-resolver/4.1.38.Final/netty-resolver-4.1.38.Final.jar:/home/user/.m2/repository/io/netty/netty-transport-native-unix-common/4.1.38.Final/netty-transport-native-unix-common-4.1.38.Final.jar:/home/user/.m2/repository/io/grpc/grpc-protobuf/1.17.1/grpc-protobuf-1.17.1.jar:/home/user/.m2/repository/com/google/api/grpc/proto-google-common-protos/1.0.0/proto-google-common-protos-1.0.0.jar:/home/user/.m2/repository/io/grpc/grpc-protobuf-lite/1.17.1/grpc-protobuf-lite-1.17.1.jar:/home/user/.m2/repository/io/grpc/grpc-stub/1.17.1/grpc-stub-1.17.1.jar:/home/user/.m2/repository/org/apache/hadoop/hadoop-ozone-recon/0.6.0-SNAPSHOT/hadoop-ozone-recon-0.6.0-SNAPSHOT.jar:/home/user/.m2/repository/org/apache/hadoop/hadoop-ozone-reconcodegen/0.6.0-SNAPSHOT/hadoop-ozone-reconcodegen-0.6.0-SNAPSHOT.jar:/home/user/.m2/repository/com/google/inject/extensions/guice-multibindings/4.0/guice-multibindings-4.0.jar:/home/user/.m2/repository/com/google/inject/guice/4.0/guice-4.0.jar:/home/user/.m2/repository/aopalliance/aopalliance/1.0/aopalliance-1.0.jar:/home/user/.m2/repository/com/google/inject/extensions/guice-servlet/4.0/guice-servlet-4.0.jar:/home/user/.m2/repository/org/glassfish/jersey/containers/jersey-container-servlet/2.27/jersey-container-servlet-2.27.jar:/home/user/.m2/repository/org/glassfish/hk2/guice-bridge/2.5.0/guice-bridge-2.5.0.jar:/home/user/.m2/repository/org/glassfish/jersey/core/jersey-server/2.27/jersey-server-2.27.jar:/home/user/.m2/repository/org/glassfish/jersey/core/jersey-client/2.27/jersey-client-2.27.jar:/home/user/.m2/repository/org/glassfish/jersey/media/jersey-media-jaxb/2.27/jersey-media-jaxb-2.27.jar:/home/user/.m2/repository/javax/validation/validation-api/1.1.0.Final/validation-api-1.1.0.Final.jar:/home/user/.m2/repository/org/glassfish/jersey/media/jersey-media-json-jackson/2.27/jersey-media-json-jackson-2.27.jar:/home/user/.m2/repository/org/glassfish/jersey/ext/jersey-entity-filtering/2.27/jersey-entity-filtering-2.27.jar:/home/user/.m2/repository/com/google/inject/extensions/guice-assistedinject/4.0/guice-assistedinject-4.0.jar:/home/user/.m2/repository/org/jooq/jooq/3.11.10/jooq-3.11.10.jar:/home/user/.m2/repository/org/jooq/jooq-meta/3.11.10/jooq-meta-3.11.10.jar:/home/user/.m2/repository/org/jooq/jooq-codegen/3.11.10/jooq-codegen-3.11.10.jar:/home/user/.m2/repository/com/jolbox/bonecp/0.8.0.RELEASE/bonecp-0.8.0.RELEASE.jar:/home/user/.m2/repository/org/xerial/sqlite-jdbc/3.25.2/sqlite-jdbc-3.25.2.jar:/home/user/.m2/repository/org/springframework/spring-jdbc/5.2.5.RELEASE/spring-jdbc-5.2.5.RELEASE.jar:/home/user/.m2/repository/org/springframework/spring-beans/5.2.5.RELEASE/spring-beans-5.2.5.RELEASE.jar:/home/user/.m2/repository/org/springframework/spring-core/5.2.5.RELEASE/spring-core-5.2.5.RELEASE.jar:/home/user/.m2/repository/org/springframework/spring-jcl/5.2.5.RELEASE/spring-jcl-5.2.5.RELEASE.jar:/home/user/.m2/repository/org/springframework/spring-tx/5.2.5.RELEASE/spring-tx-5.2.5.RELEASE.jar:/home/user/.m2/repository/org/apache/hadoop/hadoop-ozone-client/0.6.0-SNAPSHOT/hadoop-ozone-client-0.6.0-SNAPSHOT.jar:/home/user/.m2/repository/org/apache/hadoop/hadoop-ozone-filesystem/0.6.0-SNAPSHOT/hadoop-ozone-filesystem-0.6.0-SNAPSHOT.jar:/home/user/.m2/repository/org/apache/hadoop/hadoop-hdds-hadoop-dependency-client/0.6.0-SNAPSHOT/hadoop-hdds-hadoop-dependency-client-0.6.0-SNAPSHOT.jar:/home/user/.m2/repository/org/apache/hadoop/hadoop-ozone-tools/0.6.0-SNAPSHOT/hadoop-ozone-tools-0.6.0-SNAPSHOT.jar:/home/user/.m2/repository/org/apache/hadoop/hadoop-hdfs/3.2.0/hadoop-hdfs-3.2.0.jar:/home/user/.m2/repository/org/apache/ratis/ratis-tools/0.6.0-490b689-SNAPSHOT/ratis-tools-0.6.0-490b689-SNAPSHOT.jar:/home/user/.m2/repository/org/apache/ratis/ratis-proto/0.6.0-490b689-SNAPSHOT/ratis-proto-0.6.0-490b689-SNAPSHOT.jar:/home/user/.m2/repository/org/apache/ratis/ratis-common/0.6.0-490b689-SNAPSHOT/ratis-common-0.6.0-490b689-SNAPSHOT.jar:/home/user/.m2/repository/com/amazonaws/aws-java-sdk-core/1.11.615/aws-java-sdk-core-1.11.615.jar:/home/user/.m2/repository/org/apache/httpcomponents/httpclient/4.5.2/httpclient-4.5.2.jar:/home/user/.m2/repository/org/apache/httpcomponents/httpcore/4.4.4/httpcore-4.4.4.jar:/home/user/.m2/repository/software/amazon/ion/ion-java/1.0.2/ion-java-1.0.2.jar:/home/user/.m2/repository/com/fasterxml/jackson/dataformat/jackson-dataformat-cbor/2.10.3/jackson-dataformat-cbor-2.10.3.jar:/home/user/.m2/repository/joda-time/joda-time/2.9.9/joda-time-2.9.9.jar:/home/user/.m2/repository/com/amazonaws/aws-java-sdk-s3/1.11.615/aws-java-sdk-s3-1.11.615.jar:/home/user/.m2/repository/com/amazonaws/aws-java-sdk-kms/1.11.615/aws-java-sdk-kms-1.11.615.jar:/home/user/.m2/repository/com/amazonaws/jmespath-java/1.11.615/jmespath-java-1.11.615.jar:/home/user/.m2/repository/org/apache/hadoop/hadoop-hdds-tools/0.6.0-SNAPSHOT/hadoop-hdds-tools-0.6.0-SNAPSHOT.jar:/home/user/.m2/repository/commons-cli/commons-cli/1.2/commons-cli-1.2.jar:/home/user/.m2/repository/commons-lang/commons-lang/2.6/commons-lang-2.6.jar:/home/user/.m2/repository/org/apache/hadoop/hadoop-ozone-ozone-manager/0.6.0-SNAPSHOT/hadoop-ozone-ozone-manager-0.6.0-SNAPSHOT-tests.jar:/home/user/.m2/repository/junit/junit/4.11/junit-4.11.jar:/home/user/.m2/repository/org/hamcrest/hamcrest-core/1.3/hamcrest-core-1.3.jar:/home/user/.m2/repository/org/openjdk/jmh/jmh-core/1.19/jmh-core-1.19.jar:/home/user/.m2/repository/net/sf/jopt-simple/jopt-simple/4.6/jopt-simple-4.6.jar:/home/user/.m2/repository/org/apache/commons/commons-math3/3.1.1/commons-math3-3.1.1.jar:/home/user/.m2/repository/org/openjdk/jmh/jmh-generator-annprocess/1.19/jmh-generator-annprocess-1.19.jar:/home/user/.m2/repository/org/mockito/mockito-all/1.8.5/mockito-all-1.8.5.jar:/home/user/.m2/repository/org/apache/hadoop/hadoop-kms/3.2.0/hadoop-kms-3.2.0.jar:/home/user/.m2/repository/org/apache/hadoop/hadoop-auth/3.2.0/hadoop-auth-3.2.0.jar:/home/user/.m2/repository/com/nimbusds/nimbus-jose-jwt/7.9/nimbus-jose-jwt-7.9.jar:/home/user/.m2/repository/com/github/stephenc/jcip/jcip-annotations/1.0-1/jcip-annotations-1.0-1.jar:/home/user/.m2/repository/net/minidev/json-smart/2.3/json-smart-2.3.jar:/home/user/.m2/repository/net/minidev/accessors-smart/1.2/accessors-smart-1.2.jar:/home/user/.m2/repository/org/ow2/asm/asm/5.0.4/asm-5.0.4.jar:/home/user/.m2/repository/org/apache/zookeeper/zookeeper/3.4.13/zookeeper-3.4.13.jar:/home/user/.m2/repository/org/apache/yetus/audience-annotations/0.5.0/audience-annotations-0.5.0.jar:/home/user/.m2/repository/org/apache/curator/curator-framework/2.12.0/curator-framework-2.12.0.jar:/home/user/.m2/repository/com/sun/jersey/jersey-core/1.19/jersey-core-1.19.jar:/home/user/.m2/repository/javax/ws/rs/jsr311-api/1.1.1/jsr311-api-1.1.1.jar:/home/user/.m2/repository/com/sun/jersey/jersey-server/1.19/jersey-server-1.19.jar:/home/user/.m2/repository/javax/servlet/javax.servlet-api/3.1.0/javax.servlet-api-3.1.0.jar:/home/user/.m2/repository/org/eclipse/jetty/jetty-server/9.4.26.v20200117/jetty-server-9.4.26.v20200117.jar:/home/user/.m2/repository/org/eclipse/jetty/jetty-http/9.4.26.v20200117/jetty-http-9.4.26.v20200117.jar:/home/user/.m2/repository/org/eclipse/jetty/jetty-io/9.4.26.v20200117/jetty-io-9.4.26.v20200117.jar:/home/user/.m2/repository/org/eclipse/jetty/jetty-webapp/9.4.26.v20200117/jetty-webapp-9.4.26.v20200117.jar:/home/user/.m2/repository/org/eclipse/jetty/jetty-xml/9.4.26.v20200117/jetty-xml-9.4.26.v20200117.jar:/home/user/.m2/repository/org/eclipse/jetty/jetty-servlet/9.4.26.v20200117/jetty-servlet-9.4.26.v20200117.jar:/home/user/.m2/repository/org/eclipse/jetty/jetty-security/9.4.26.v20200117/jetty-security-9.4.26.v20200117.jar:/home/user/.m2/repository/org/apache/hadoop/hadoop-common/3.2.0/hadoop-common-3.2.0.jar:/home/user/.m2/repository/commons-net/commons-net/3.6/commons-net-3.6.jar:/home/user/.m2/repository/commons-collections/commons-collections/3.2.2/commons-collections-3.2.2.jar:/home/user/.m2/repository/com/sun/jersey/jersey-servlet/1.19/jersey-servlet-1.19.jar:/home/user/.m2/repository/com/sun/jersey/jersey-json/1.19/jersey-json-1.19.jar:/home/user/.m2/repository/org/codehaus/jettison/jettison/1.1/jettison-1.1.jar:/home/user/.m2/repository/org/codehaus/jackson/jackson-jaxrs/1.9.13/jackson-jaxrs-1.9.13.jar:/home/user/.m2/repository/org/codehaus/jackson/jackson-xc/1.9.13/jackson-xc-1.9.13.jar:/home/user/.m2/repository/commons-beanutils/commons-beanutils/1.9.4/commons-beanutils-1.9.4.jar:/home/user/.m2/repository/org/apache/commons/commons-configuration2/2.1.1/commons-configuration2-2.1.1.jar:/home/user/.m2/repository/org/apache/commons/commons-text/1.4/commons-text-1.4.jar:/home/user/.m2/repository/com/google/re2j/re2j/1.1/re2j-1.1.jar:/home/user/.m2/repository/com/jcraft/jsch/0.1.54/jsch-0.1.54.jar:/home/user/.m2/repository/org/apache/curator/curator-client/2.12.0/curator-client-2.12.0.jar:/home/user/.m2/repository/org/apache/curator/curator-recipes/2.12.0/curator-recipes-2.12.0.jar:/home/user/.m2/repository/dnsjava/dnsjava/2.1.7/dnsjava-2.1.7.jar:/home/user/.m2/repository/org/slf4j/jul-to-slf4j/1.7.25/jul-to-slf4j-1.7.25.jar:/home/user/.m2/repository/org/eclipse/jetty/jetty-util/9.4.26.v20200117/jetty-util-9.4.26.v20200117.jar:/home/user/.m2/repository/com/fasterxml/jackson/core/jackson-databind/2.10.3/jackson-databind-2.10.3.jar:/home/user/.m2/repository/org/apache/hadoop/hadoop-kms/3.2.0/hadoop-kms-3.2.0-tests.jar:/home/user/.m2/repository/org/apache/hadoop/hadoop-hdds-server-scm/0.6.0-SNAPSHOT/hadoop-hdds-server-scm-0.6.0-SNAPSHOT-tests.jar:/home/user/.m2/repository/org/apache/hadoop/hadoop-hdds-container-service/0.6.0-SNAPSHOT/hadoop-hdds-container-service-0.6.0-SNAPSHOT-tests.jar:/home/user/.m2/repository/org/apache/hadoop/hadoop-hdds-common/0.6.0-SNAPSHOT/hadoop-hdds-common-0.6.0-SNAPSHOT-tests.jar:/home/user/.m2/repository/org/yaml/snakeyaml/1.16/snakeyaml-1.16.jar:/home/user/.m2/repository/org/apache/hadoop/hadoop-hdds-hadoop-dependency-test/0.6.0-SNAPSHOT/hadoop-hdds-hadoop-dependency-test-0.6.0-SNAPSHOT.jar:/home/user/.m2/repository/org/apache/hadoop/hadoop-common/3.2.0/hadoop-common-3.2.0-tests.jar:/home/user/.m2/repository/javax/servlet/jsp/jsp-api/2.1/jsp-api-2.1.jar:/home/user/.m2/repository/org/apache/hadoop/hadoop-hdfs/3.2.0/hadoop-hdfs-3.2.0-tests.jar:/home/user/.m2/repository/org/eclipse/jetty/jetty-util-ajax/9.4.26.v20200117/jetty-util-ajax-9.4.26.v20200117.jar:/home/user/.m2/repository/commons-codec/commons-codec/1.11/commons-codec-1.11.jar:/home/user/.m2/repository/commons-daemon/commons-daemon/1.0.13/commons-daemon-1.0.13.jar:/home/user/.m2/repository/io/netty/netty/3.10.5.Final/netty-3.10.5.Final.jar:/home/user/.m2/repository/io/netty/netty-all/4.1.47.Final/netty-all-4.1.47.Final.jar:/home/user/.m2/repository/org/apache/htrace/htrace-core4/4.1.0-incubating/htrace-core4-4.1.0-incubating.jar:/home/user/.m2/repository/org/fusesource/leveldbjni/leveldbjni-all/1.8/leveldbjni-all-1.8.jar:/home/user/.m2/repository/org/apache/hadoop/hadoop-distcp/3.2.0/hadoop-distcp-3.2.0.jar:/home/user/.m2/repository/org/apache/hadoop/hadoop-mapreduce-client-jobclient/3.2.0/hadoop-mapreduce-client-jobclient-3.2.0.jar:/home/user/.m2/repository/org/apache/hadoop/hadoop-mapreduce-client-common/3.2.0/hadoop-mapreduce-client-common-3.2.0.jar:/home/user/.m2/repository/org/apache/hadoop/hadoop-yarn-common/3.2.0/hadoop-yarn-common-3.2.0.jar:/home/user/.m2/repository/org/apache/hadoop/hadoop-yarn-api/3.2.0/hadoop-yarn-api-3.2.0.jar:/home/user/.m2/repository/com/sun/jersey/jersey-client/1.19/jersey-client-1.19.jar:/home/user/.m2/repository/com/sun/jersey/contribs/jersey-guice/1.19/jersey-guice-1.19.jar:/home/user/.m2/repository/com/fasterxml/jackson/jaxrs/jackson-jaxrs-json-provider/2.10.3/jackson-jaxrs-json-provider-2.10.3.jar:/home/user/.m2/repository/com/fasterxml/jackson/jaxrs/jackson-jaxrs-base/2.10.3/jackson-jaxrs-base-2.10.3.jar:/home/user/.m2/repository/org/apache/hadoop/hadoop-yarn-client/3.2.0/hadoop-yarn-client-3.2.0.jar:/home/user/.m2/repository/org/apache/hadoop/hadoop-mapreduce-client-core/3.2.0/hadoop-mapreduce-client-core-3.2.0.jar:/home/user/.m2/repository/org/apache/avro/avro/1.7.7/avro-1.7.7.jar:/home/user/.m2/repository/org/codehaus/jackson/jackson-core-asl/1.9.13/jackson-core-asl-1.9.13.jar:/home/user/.m2/repository/org/codehaus/jackson/jackson-mapper-asl/1.9.13/jackson-mapper-asl-1.9.13.jar:/home/user/.m2/repository/com/thoughtworks/paranamer/paranamer/2.3/paranamer-2.3.jar:/home/user/.m2/repository/org/xerial/snappy/snappy-java/1.0.5/snappy-java-1.0.5.jar:/home/user/.m2/repository/org/apache/hadoop/hadoop-annotations/3.2.0/hadoop-annotations-3.2.0.jar:/usr/lib/jvm/java-1.8.0-openjdk-1.8.0.232.b09-0.el7_7.x86_64/jre/../lib/tools.jar:/home/user/.m2/repository/org/apache/hadoop/hadoop-distcp/3.2.0/hadoop-distcp-3.2.0-tests.jar:"/>
    <property name="java.vm.vendor" value="Oracle Corporation"/>
    <property name="sun.arch.data.model" value="64"/>
    <property name="test.build.dir" value="/github/workspace/mnt/ozone/hadoop-ozone/integration-test/target/test-dir"/>
    <property name="test.cache.data" value=""/>
    <property name="java.vendor.url" value="http://java.oracle.com/"/>
    <property name="user.timezone" value=""/>
    <property name="java.vm.specification.version" value="1.8"/>
    <property name="os.name" value="Linux"/>
    <property name="test.build.data" value="/github/workspace/mnt/ozone/hadoop-ozone/integration-test/target/test-dir"/>
    <property name="user.country" value="US"/>
    <property name="sun.java.launcher" value="SUN_STANDARD"/>
    <property name="sun.boot.library.path" value="/usr/lib/jvm/java-1.8.0-openjdk-1.8.0.232.b09-0.el7_7.x86_64/jre/lib/amd64"/>
    <property name="sun.java.command" value="/github/workspace/mnt/ozone/hadoop-ozone/integration-test/target/surefire/surefirebooter7990069472322547145.jar /github/workspace/mnt/ozone/hadoop-ozone/integration-test/target/surefire 2020-04-24T09-08-18_919-jvmRun1 surefire3909366879077474410tmp surefire_15075485881883392357tmp"/>
    <property name="surefire.test.class.path" value="/github/workspace/mnt/ozone/hadoop-ozone/integration-test/target/test-classes:/github/workspace/mnt/ozone/hadoop-ozone/integration-test/target/classes:/home/user/.m2/repository/org/apache/hadoop/hadoop-ozone-common/0.6.0-SNAPSHOT/hadoop-ozone-common-0.6.0-SNAPSHOT.jar:/home/user/.m2/repository/org/apache/commons/commons-compress/1.4.1/commons-compress-1.4.1.jar:/home/user/.m2/repository/org/tukaani/xz/1.0/xz-1.0.jar:/home/user/.m2/repository/org/apache/hadoop/hadoop-hdds-common/0.6.0-SNAPSHOT/hadoop-hdds-common-0.6.0-SNAPSHOT.jar:/home/user/.m2/repository/info/picocli/picocli/3.9.6/picocli-3.9.6.jar:/home/user/.m2/repository/com/fasterxml/jackson/core/jackson-annotations/2.10.3/jackson-annotations-2.10.3.jar:/home/user/.m2/repository/javax/annotation/javax.annotation-api/1.2/javax.annotation-api-1.2.jar:/home/user/.m2/repository/org/apache/ratis/ratis-server/0.6.0-490b689-SNAPSHOT/ratis-server-0.6.0-490b689-SNAPSHOT.jar:/home/user/.m2/repository/org/apache/ratis/ratis-thirdparty-misc/0.3.0/ratis-thirdparty-misc-0.3.0.jar:/home/user/.m2/repository/org/apache/ratis/ratis-client/0.6.0-490b689-SNAPSHOT/ratis-client-0.6.0-490b689-SNAPSHOT.jar:/home/user/.m2/repository/org/apache/ratis/ratis-metrics/0.6.0-490b689-SNAPSHOT/ratis-metrics-0.6.0-490b689-SNAPSHOT.jar:/home/user/.m2/repository/org/apache/ratis/ratis-netty/0.6.0-490b689-SNAPSHOT/ratis-netty-0.6.0-490b689-SNAPSHOT.jar:/home/user/.m2/repository/org/apache/ratis/ratis-grpc/0.6.0-490b689-SNAPSHOT/ratis-grpc-0.6.0-490b689-SNAPSHOT.jar:/home/user/.m2/repository/org/apache/logging/log4j/log4j-api/2.11.0/log4j-api-2.11.0.jar:/home/user/.m2/repository/org/apache/logging/log4j/log4j-core/2.11.0/log4j-core-2.11.0.jar:/home/user/.m2/repository/com/lmax/disruptor/3.4.2/disruptor-3.4.2.jar:/home/user/.m2/repository/org/apache/commons/commons-pool2/2.6.0/commons-pool2-2.6.0.jar:/home/user/.m2/repository/org/bouncycastle/bcpkix-jdk15on/1.60/bcpkix-jdk15on-1.60.jar:/home/user/.m2/repository/commons-validator/commons-validator/1.6/commons-validator-1.6.jar:/home/user/.m2/repository/commons-digester/commons-digester/1.8.1/commons-digester-1.8.1.jar:/home/user/.m2/repository/io/jaegertracing/jaeger-client/1.2.0/jaeger-client-1.2.0.jar:/home/user/.m2/repository/io/jaegertracing/jaeger-thrift/1.2.0/jaeger-thrift-1.2.0.jar:/home/user/.m2/repository/org/apache/thrift/libthrift/0.13.0/libthrift-0.13.0.jar:/home/user/.m2/repository/com/squareup/okhttp3/okhttp/4.2.2/okhttp-4.2.2.jar:/home/user/.m2/repository/com/squareup/okio/okio/2.2.2/okio-2.2.2.jar:/home/user/.m2/repository/org/jetbrains/kotlin/kotlin-stdlib/1.3.50/kotlin-stdlib-1.3.50.jar:/home/user/.m2/repository/org/jetbrains/kotlin/kotlin-stdlib-common/1.3.50/kotlin-stdlib-common-1.3.50.jar:/home/user/.m2/repository/org/jetbrains/annotations/13.0/annotations-13.0.jar:/home/user/.m2/repository/io/jaegertracing/jaeger-core/1.2.0/jaeger-core-1.2.0.jar:/home/user/.m2/repository/io/jaegertracing/jaeger-tracerresolver/1.2.0/jaeger-tracerresolver-1.2.0.jar:/home/user/.m2/repository/io/opentracing/contrib/opentracing-tracerresolver/0.1.8/opentracing-tracerresolver-0.1.8.jar:/home/user/.m2/repository/io/opentracing/opentracing-util/0.33.0/opentracing-util-0.33.0.jar:/home/user/.m2/repository/io/opentracing/opentracing-api/0.33.0/opentracing-api-0.33.0.jar:/home/user/.m2/repository/io/opentracing/opentracing-noop/0.33.0/opentracing-noop-0.33.0.jar:/home/user/.m2/repository/org/apache/hadoop/hadoop-hdds-client/0.6.0-SNAPSHOT/hadoop-hdds-client-0.6.0-SNAPSHOT.jar:/home/user/.m2/repository/org/apache/hadoop/hadoop-hdds-test-utils/0.6.0-SNAPSHOT/hadoop-hdds-test-utils-0.6.0-SNAPSHOT.jar:/home/user/.m2/repository/com/google/guava/guava/28.2-jre/guava-28.2-jre.jar:/home/user/.m2/repository/com/google/guava/failureaccess/1.0.1/failureaccess-1.0.1.jar:/home/user/.m2/repository/com/google/guava/listenablefuture/9999.0-empty-to-avoid-conflict-with-guava/listenablefuture-9999.0-empty-to-avoid-conflict-with-guava.jar:/home/user/.m2/repository/com/google/code/findbugs/jsr305/3.0.0/jsr305-3.0.0.jar:/home/user/.m2/repository/org/checkerframework/checker-qual/2.10.0/checker-qual-2.10.0.jar:/home/user/.m2/repository/com/google/errorprone/error_prone_annotations/2.3.4/error_prone_annotations-2.3.4.jar:/home/user/.m2/repository/com/google/j2objc/j2objc-annotations/1.3/j2objc-annotations-1.3.jar:/home/user/.m2/repository/commons-io/commons-io/2.5/commons-io-2.5.jar:/home/user/.m2/repository/commons-logging/commons-logging/1.1.3/commons-logging-1.1.3.jar:/home/user/.m2/repository/log4j/log4j/1.2.17/log4j-1.2.17.jar:/home/user/.m2/repository/org/apache/commons/commons-lang3/3.7/commons-lang3-3.7.jar:/home/user/.m2/repository/org/slf4j/slf4j-api/1.7.25/slf4j-api-1.7.25.jar:/home/user/.m2/repository/org/apache/hadoop/hadoop-hdds-server-scm/0.6.0-SNAPSHOT/hadoop-hdds-server-scm-0.6.0-SNAPSHOT.jar:/home/user/.m2/repository/org/apache/hadoop/hadoop-hdds-container-service/0.6.0-SNAPSHOT/hadoop-hdds-container-service-0.6.0-SNAPSHOT.jar:/home/user/.m2/repository/org/apache/hadoop/hadoop-hdds-hadoop-dependency-server/0.6.0-SNAPSHOT/hadoop-hdds-hadoop-dependency-server-0.6.0-SNAPSHOT.jar:/home/user/.m2/repository/org/apache/hadoop/hadoop-hdds-server-framework/0.6.0-SNAPSHOT/hadoop-hdds-server-framework-0.6.0-SNAPSHOT.jar:/home/user/.m2/repository/org/rocksdb/rocksdbjni/6.6.4/rocksdbjni-6.6.4.jar:/home/user/.m2/repository/io/prometheus/simpleclient_dropwizard/0.7.0/simpleclient_dropwizard-0.7.0.jar:/home/user/.m2/repository/io/prometheus/simpleclient/0.7.0/simpleclient-0.7.0.jar:/home/user/.m2/repository/io/prometheus/simpleclient_common/0.7.0/simpleclient_common-0.7.0.jar:/home/user/.m2/repository/com/fasterxml/jackson/datatype/jackson-datatype-jsr310/2.10.3/jackson-datatype-jsr310-2.10.3.jar:/home/user/.m2/repository/org/apache/hadoop/hadoop-hdds-docs/0.6.0-SNAPSHOT/hadoop-hdds-docs-0.6.0-SNAPSHOT.jar:/home/user/.m2/repository/io/dropwizard/metrics/metrics-core/3.2.4/metrics-core-3.2.4.jar:/home/user/.m2/repository/org/apache/hadoop/hadoop-hdfs-client/3.2.0/hadoop-hdfs-client-3.2.0.jar:/home/user/.m2/repository/org/bouncycastle/bcprov-jdk15on/1.60/bcprov-jdk15on-1.60.jar:/home/user/.m2/repository/org/apache/hadoop/hadoop-ozone-ozone-manager/0.6.0-SNAPSHOT/hadoop-ozone-ozone-manager-0.6.0-SNAPSHOT.jar:/home/user/.m2/repository/org/apache/hadoop/hadoop-minikdc/3.2.0/hadoop-minikdc-3.2.0.jar:/home/user/.m2/repository/org/apache/kerby/kerb-simplekdc/1.0.1/kerb-simplekdc-1.0.1.jar:/home/user/.m2/repository/org/apache/kerby/kerb-client/1.0.1/kerb-client-1.0.1.jar:/home/user/.m2/repository/org/apache/kerby/kerby-config/1.0.1/kerby-config-1.0.1.jar:/home/user/.m2/repository/org/apache/kerby/kerb-core/1.0.1/kerb-core-1.0.1.jar:/home/user/.m2/repository/org/apache/kerby/kerby-pkix/1.0.1/kerby-pkix-1.0.1.jar:/home/user/.m2/repository/org/apache/kerby/kerby-asn1/1.0.1/kerby-asn1-1.0.1.jar:/home/user/.m2/repository/org/apache/kerby/kerby-util/1.0.1/kerby-util-1.0.1.jar:/home/user/.m2/repository/org/apache/kerby/kerb-common/1.0.1/kerb-common-1.0.1.jar:/home/user/.m2/repository/org/apache/kerby/kerb-crypto/1.0.1/kerb-crypto-1.0.1.jar:/home/user/.m2/repository/org/apache/kerby/kerb-util/1.0.1/kerb-util-1.0.1.jar:/home/user/.m2/repository/org/apache/kerby/token-provider/1.0.1/token-provider-1.0.1.jar:/home/user/.m2/repository/org/apache/kerby/kerb-admin/1.0.1/kerb-admin-1.0.1.jar:/home/user/.m2/repository/org/apache/kerby/kerb-server/1.0.1/kerb-server-1.0.1.jar:/home/user/.m2/repository/org/apache/kerby/kerb-identity/1.0.1/kerb-identity-1.0.1.jar:/home/user/.m2/repository/org/apache/kerby/kerby-xdr/1.0.1/kerby-xdr-1.0.1.jar:/home/user/.m2/repository/org/slf4j/slf4j-log4j12/1.7.25/slf4j-log4j12-1.7.25.jar:/home/user/.m2/repository/org/apache/hadoop/hadoop-ozone-s3gateway/0.6.0-SNAPSHOT/hadoop-ozone-s3gateway-0.6.0-SNAPSHOT.jar:/home/user/.m2/repository/org/jboss/weld/servlet/weld-servlet/2.4.7.Final/weld-servlet-2.4.7.Final.jar:/home/user/.m2/repository/org/glassfish/jersey/containers/jersey-container-servlet-core/2.27/jersey-container-servlet-core-2.27.jar:/home/user/.m2/repository/org/glassfish/hk2/external/javax.inject/2.5.0-b42/javax.inject-2.5.0-b42.jar:/home/user/.m2/repository/org/glassfish/jersey/core/jersey-common/2.27/jersey-common-2.27.jar:/home/user/.m2/repository/org/glassfish/hk2/osgi-resource-locator/1.0.1/osgi-resource-locator-1.0.1.jar:/home/user/.m2/repository/javax/ws/rs/javax.ws.rs-api/2.1/javax.ws.rs-api-2.1.jar:/home/user/.m2/repository/org/glassfish/jersey/ext/cdi/jersey-cdi1x/2.27/jersey-cdi1x-2.27.jar:/home/user/.m2/repository/org/glassfish/jersey/inject/jersey-hk2/2.27/jersey-hk2-2.27.jar:/home/user/.m2/repository/org/glassfish/hk2/hk2-locator/2.5.0-b42/hk2-locator-2.5.0-b42.jar:/home/user/.m2/repository/org/javassist/javassist/3.22.0-CR2/javassist-3.22.0-CR2.jar:/home/user/.m2/repository/org/glassfish/hk2/hk2-api/2.5.0/hk2-api-2.5.0.jar:/home/user/.m2/repository/org/glassfish/hk2/external/jakarta.inject/2.5.0/jakarta.inject-2.5.0.jar:/home/user/.m2/repository/org/glassfish/hk2/hk2-utils/2.5.0/hk2-utils-2.5.0.jar:/home/user/.m2/repository/jakarta/annotation/jakarta.annotation-api/1.3.4/jakarta.annotation-api-1.3.4.jar:/home/user/.m2/repository/org/glassfish/hk2/external/aopalliance-repackaged/2.5.0/aopalliance-repackaged-2.5.0.jar:/home/user/.m2/repository/com/fasterxml/jackson/dataformat/jackson-dataformat-xml/2.9.0/jackson-dataformat-xml-2.9.0.jar:/home/user/.m2/repository/com/fasterxml/jackson/core/jackson-core/2.10.3/jackson-core-2.10.3.jar:/home/user/.m2/repository/com/fasterxml/jackson/module/jackson-module-jaxb-annotations/2.10.3/jackson-module-jaxb-annotations-2.10.3.jar:/home/user/.m2/repository/jakarta/xml/bind/jakarta.xml.bind-api/2.3.2/jakarta.xml.bind-api-2.3.2.jar:/home/user/.m2/repository/jakarta/activation/jakarta.activation-api/1.2.1/jakarta.activation-api-1.2.1.jar:/home/user/.m2/repository/org/codehaus/woodstox/stax2-api/3.1.4/stax2-api-3.1.4.jar:/home/user/.m2/repository/com/fasterxml/woodstox/woodstox-core/5.0.3/woodstox-core-5.0.3.jar:/home/user/.m2/repository/javax/enterprise/cdi-api/1.2/cdi-api-1.2.jar:/home/user/.m2/repository/javax/el/javax.el-api/3.0.0/javax.el-api-3.0.0.jar:/home/user/.m2/repository/javax/interceptor/javax.interceptor-api/1.2/javax.interceptor-api-1.2.jar:/home/user/.m2/repository/javax/inject/javax.inject/1/javax.inject-1.jar:/home/user/.m2/repository/com/sun/xml/bind/jaxb-impl/2.3.0.1/jaxb-impl-2.3.0.1.jar:/home/user/.m2/repository/com/sun/xml/bind/jaxb-core/2.3.0.1/jaxb-core-2.3.0.1.jar:/home/user/.m2/repository/javax/xml/bind/jaxb-api/2.3.0/jaxb-api-2.3.0.jar:/home/user/.m2/repository/javax/activation/activation/1.1.1/activation-1.1.1.jar:/home/user/.m2/repository/org/apache/hadoop/hadoop-ozone-csi/0.6.0-SNAPSHOT/hadoop-ozone-csi-0.6.0-SNAPSHOT.jar:/home/user/.m2/repository/com/google/protobuf/protobuf-java-util/3.5.1/protobuf-java-util-3.5.1.jar:/home/user/.m2/repository/com/google/code/gson/gson/2.2.4/gson-2.2.4.jar:/home/user/.m2/repository/org/apache/hadoop/hadoop-hdds-config/0.6.0-SNAPSHOT/hadoop-hdds-config-0.6.0-SNAPSHOT.jar:/home/user/.m2/repository/com/google/protobuf/protobuf-java/2.5.0/protobuf-java-2.5.0.jar:/home/user/.m2/repository/io/grpc/grpc-netty/1.17.1/grpc-netty-1.17.1.jar:/home/user/.m2/repository/io/grpc/grpc-core/1.17.1/grpc-core-1.17.1.jar:/home/user/.m2/repository/io/grpc/grpc-context/1.17.1/grpc-context-1.17.1.jar:/home/user/.m2/repository/org/codehaus/mojo/animal-sniffer-annotations/1.17/animal-sniffer-annotations-1.17.jar:/home/user/.m2/repository/io/opencensus/opencensus-api/0.17.0/opencensus-api-0.17.0.jar:/home/user/.m2/repository/io/opencensus/opencensus-contrib-grpc-metrics/0.17.0/opencensus-contrib-grpc-metrics-0.17.0.jar:/home/user/.m2/repository/io/netty/netty-codec-http2/4.1.30.Final/netty-codec-http2-4.1.30.Final.jar:/home/user/.m2/repository/io/netty/netty-codec-http/4.1.30.Final/netty-codec-http-4.1.30.Final.jar:/home/user/.m2/repository/io/netty/netty-codec/4.1.30.Final/netty-codec-4.1.30.Final.jar:/home/user/.m2/repository/io/netty/netty-handler/4.1.30.Final/netty-handler-4.1.30.Final.jar:/home/user/.m2/repository/io/netty/netty-handler-proxy/4.1.30.Final/netty-handler-proxy-4.1.30.Final.jar:/home/user/.m2/repository/io/netty/netty-codec-socks/4.1.30.Final/netty-codec-socks-4.1.30.Final.jar:/home/user/.m2/repository/io/netty/netty-transport-native-epoll/4.1.38.Final/netty-transport-native-epoll-4.1.38.Final.jar:/home/user/.m2/repository/io/netty/netty-common/4.1.38.Final/netty-common-4.1.38.Final.jar:/home/user/.m2/repository/io/netty/netty-buffer/4.1.38.Final/netty-buffer-4.1.38.Final.jar:/home/user/.m2/repository/io/netty/netty-transport/4.1.38.Final/netty-transport-4.1.38.Final.jar:/home/user/.m2/repository/io/netty/netty-resolver/4.1.38.Final/netty-resolver-4.1.38.Final.jar:/home/user/.m2/repository/io/netty/netty-transport-native-unix-common/4.1.38.Final/netty-transport-native-unix-common-4.1.38.Final.jar:/home/user/.m2/repository/io/grpc/grpc-protobuf/1.17.1/grpc-protobuf-1.17.1.jar:/home/user/.m2/repository/com/google/api/grpc/proto-google-common-protos/1.0.0/proto-google-common-protos-1.0.0.jar:/home/user/.m2/repository/io/grpc/grpc-protobuf-lite/1.17.1/grpc-protobuf-lite-1.17.1.jar:/home/user/.m2/repository/io/grpc/grpc-stub/1.17.1/grpc-stub-1.17.1.jar:/home/user/.m2/repository/org/apache/hadoop/hadoop-ozone-recon/0.6.0-SNAPSHOT/hadoop-ozone-recon-0.6.0-SNAPSHOT.jar:/home/user/.m2/repository/org/apache/hadoop/hadoop-ozone-reconcodegen/0.6.0-SNAPSHOT/hadoop-ozone-reconcodegen-0.6.0-SNAPSHOT.jar:/home/user/.m2/repository/com/google/inject/extensions/guice-multibindings/4.0/guice-multibindings-4.0.jar:/home/user/.m2/repository/com/google/inject/guice/4.0/guice-4.0.jar:/home/user/.m2/repository/aopalliance/aopalliance/1.0/aopalliance-1.0.jar:/home/user/.m2/repository/com/google/inject/extensions/guice-servlet/4.0/guice-servlet-4.0.jar:/home/user/.m2/repository/org/glassfish/jersey/containers/jersey-container-servlet/2.27/jersey-container-servlet-2.27.jar:/home/user/.m2/repository/org/glassfish/hk2/guice-bridge/2.5.0/guice-bridge-2.5.0.jar:/home/user/.m2/repository/org/glassfish/jersey/core/jersey-server/2.27/jersey-server-2.27.jar:/home/user/.m2/repository/org/glassfish/jersey/core/jersey-client/2.27/jersey-client-2.27.jar:/home/user/.m2/repository/org/glassfish/jersey/media/jersey-media-jaxb/2.27/jersey-media-jaxb-2.27.jar:/home/user/.m2/repository/javax/validation/validation-api/1.1.0.Final/validation-api-1.1.0.Final.jar:/home/user/.m2/repository/org/glassfish/jersey/media/jersey-media-json-jackson/2.27/jersey-media-json-jackson-2.27.jar:/home/user/.m2/repository/org/glassfish/jersey/ext/jersey-entity-filtering/2.27/jersey-entity-filtering-2.27.jar:/home/user/.m2/repository/com/google/inject/extensions/guice-assistedinject/4.0/guice-assistedinject-4.0.jar:/home/user/.m2/repository/org/jooq/jooq/3.11.10/jooq-3.11.10.jar:/home/user/.m2/repository/org/jooq/jooq-meta/3.11.10/jooq-meta-3.11.10.jar:/home/user/.m2/repository/org/jooq/jooq-codegen/3.11.10/jooq-codegen-3.11.10.jar:/home/user/.m2/repository/com/jolbox/bonecp/0.8.0.RELEASE/bonecp-0.8.0.RELEASE.jar:/home/user/.m2/repository/org/xerial/sqlite-jdbc/3.25.2/sqlite-jdbc-3.25.2.jar:/home/user/.m2/repository/org/springframework/spring-jdbc/5.2.5.RELEASE/spring-jdbc-5.2.5.RELEASE.jar:/home/user/.m2/repository/org/springframework/spring-beans/5.2.5.RELEASE/spring-beans-5.2.5.RELEASE.jar:/home/user/.m2/repository/org/springframework/spring-core/5.2.5.RELEASE/spring-core-5.2.5.RELEASE.jar:/home/user/.m2/repository/org/springframework/spring-jcl/5.2.5.RELEASE/spring-jcl-5.2.5.RELEASE.jar:/home/user/.m2/repository/org/springframework/spring-tx/5.2.5.RELEASE/spring-tx-5.2.5.RELEASE.jar:/home/user/.m2/repository/org/apache/hadoop/hadoop-ozone-client/0.6.0-SNAPSHOT/hadoop-ozone-client-0.6.0-SNAPSHOT.jar:/home/user/.m2/repository/org/apache/hadoop/hadoop-ozone-filesystem/0.6.0-SNAPSHOT/hadoop-ozone-filesystem-0.6.0-SNAPSHOT.jar:/home/user/.m2/repository/org/apache/hadoop/hadoop-hdds-hadoop-dependency-client/0.6.0-SNAPSHOT/hadoop-hdds-hadoop-dependency-client-0.6.0-SNAPSHOT.jar:/home/user/.m2/repository/org/apache/hadoop/hadoop-ozone-tools/0.6.0-SNAPSHOT/hadoop-ozone-tools-0.6.0-SNAPSHOT.jar:/home/user/.m2/repository/org/apache/hadoop/hadoop-hdfs/3.2.0/hadoop-hdfs-3.2.0.jar:/home/user/.m2/repository/org/apache/ratis/ratis-tools/0.6.0-490b689-SNAPSHOT/ratis-tools-0.6.0-490b689-SNAPSHOT.jar:/home/user/.m2/repository/org/apache/ratis/ratis-proto/0.6.0-490b689-SNAPSHOT/ratis-proto-0.6.0-490b689-SNAPSHOT.jar:/home/user/.m2/repository/org/apache/ratis/ratis-common/0.6.0-490b689-SNAPSHOT/ratis-common-0.6.0-490b689-SNAPSHOT.jar:/home/user/.m2/repository/com/amazonaws/aws-java-sdk-core/1.11.615/aws-java-sdk-core-1.11.615.jar:/home/user/.m2/repository/org/apache/httpcomponents/httpclient/4.5.2/httpclient-4.5.2.jar:/home/user/.m2/repository/org/apache/httpcomponents/httpcore/4.4.4/httpcore-4.4.4.jar:/home/user/.m2/repository/software/amazon/ion/ion-java/1.0.2/ion-java-1.0.2.jar:/home/user/.m2/repository/com/fasterxml/jackson/dataformat/jackson-dataformat-cbor/2.10.3/jackson-dataformat-cbor-2.10.3.jar:/home/user/.m2/repository/joda-time/joda-time/2.9.9/joda-time-2.9.9.jar:/home/user/.m2/repository/com/amazonaws/aws-java-sdk-s3/1.11.615/aws-java-sdk-s3-1.11.615.jar:/home/user/.m2/repository/com/amazonaws/aws-java-sdk-kms/1.11.615/aws-java-sdk-kms-1.11.615.jar:/home/user/.m2/repository/com/amazonaws/jmespath-java/1.11.615/jmespath-java-1.11.615.jar:/home/user/.m2/repository/org/apache/hadoop/hadoop-hdds-tools/0.6.0-SNAPSHOT/hadoop-hdds-tools-0.6.0-SNAPSHOT.jar:/home/user/.m2/repository/commons-cli/commons-cli/1.2/commons-cli-1.2.jar:/home/user/.m2/repository/commons-lang/commons-lang/2.6/commons-lang-2.6.jar:/home/user/.m2/repository/org/apache/hadoop/hadoop-ozone-ozone-manager/0.6.0-SNAPSHOT/hadoop-ozone-ozone-manager-0.6.0-SNAPSHOT-tests.jar:/home/user/.m2/repository/junit/junit/4.11/junit-4.11.jar:/home/user/.m2/repository/org/hamcrest/hamcrest-core/1.3/hamcrest-core-1.3.jar:/home/user/.m2/repository/org/openjdk/jmh/jmh-core/1.19/jmh-core-1.19.jar:/home/user/.m2/repository/net/sf/jopt-simple/jopt-simple/4.6/jopt-simple-4.6.jar:/home/user/.m2/repository/org/apache/commons/commons-math3/3.1.1/commons-math3-3.1.1.jar:/home/user/.m2/repository/org/openjdk/jmh/jmh-generator-annprocess/1.19/jmh-generator-annprocess-1.19.jar:/home/user/.m2/repository/org/mockito/mockito-all/1.8.5/mockito-all-1.8.5.jar:/home/user/.m2/repository/org/apache/hadoop/hadoop-kms/3.2.0/hadoop-kms-3.2.0.jar:/home/user/.m2/repository/org/apache/hadoop/hadoop-auth/3.2.0/hadoop-auth-3.2.0.jar:/home/user/.m2/repository/com/nimbusds/nimbus-jose-jwt/7.9/nimbus-jose-jwt-7.9.jar:/home/user/.m2/repository/com/github/stephenc/jcip/jcip-annotations/1.0-1/jcip-annotations-1.0-1.jar:/home/user/.m2/repository/net/minidev/json-smart/2.3/json-smart-2.3.jar:/home/user/.m2/repository/net/minidev/accessors-smart/1.2/accessors-smart-1.2.jar:/home/user/.m2/repository/org/ow2/asm/asm/5.0.4/asm-5.0.4.jar:/home/user/.m2/repository/org/apache/zookeeper/zookeeper/3.4.13/zookeeper-3.4.13.jar:/home/user/.m2/repository/org/apache/yetus/audience-annotations/0.5.0/audience-annotations-0.5.0.jar:/home/user/.m2/repository/org/apache/curator/curator-framework/2.12.0/curator-framework-2.12.0.jar:/home/user/.m2/repository/com/sun/jersey/jersey-core/1.19/jersey-core-1.19.jar:/home/user/.m2/repository/javax/ws/rs/jsr311-api/1.1.1/jsr311-api-1.1.1.jar:/home/user/.m2/repository/com/sun/jersey/jersey-server/1.19/jersey-server-1.19.jar:/home/user/.m2/repository/javax/servlet/javax.servlet-api/3.1.0/javax.servlet-api-3.1.0.jar:/home/user/.m2/repository/org/eclipse/jetty/jetty-server/9.4.26.v20200117/jetty-server-9.4.26.v20200117.jar:/home/user/.m2/repository/org/eclipse/jetty/jetty-http/9.4.26.v20200117/jetty-http-9.4.26.v20200117.jar:/home/user/.m2/repository/org/eclipse/jetty/jetty-io/9.4.26.v20200117/jetty-io-9.4.26.v20200117.jar:/home/user/.m2/repository/org/eclipse/jetty/jetty-webapp/9.4.26.v20200117/jetty-webapp-9.4.26.v20200117.jar:/home/user/.m2/repository/org/eclipse/jetty/jetty-xml/9.4.26.v20200117/jetty-xml-9.4.26.v20200117.jar:/home/user/.m2/repository/org/eclipse/jetty/jetty-servlet/9.4.26.v20200117/jetty-servlet-9.4.26.v20200117.jar:/home/user/.m2/repository/org/eclipse/jetty/jetty-security/9.4.26.v20200117/jetty-security-9.4.26.v20200117.jar:/home/user/.m2/repository/org/apache/hadoop/hadoop-common/3.2.0/hadoop-common-3.2.0.jar:/home/user/.m2/repository/commons-net/commons-net/3.6/commons-net-3.6.jar:/home/user/.m2/repository/commons-collections/commons-collections/3.2.2/commons-collections-3.2.2.jar:/home/user/.m2/repository/com/sun/jersey/jersey-servlet/1.19/jersey-servlet-1.19.jar:/home/user/.m2/repository/com/sun/jersey/jersey-json/1.19/jersey-json-1.19.jar:/home/user/.m2/repository/org/codehaus/jettison/jettison/1.1/jettison-1.1.jar:/home/user/.m2/repository/org/codehaus/jackson/jackson-jaxrs/1.9.13/jackson-jaxrs-1.9.13.jar:/home/user/.m2/repository/org/codehaus/jackson/jackson-xc/1.9.13/jackson-xc-1.9.13.jar:/home/user/.m2/repository/commons-beanutils/commons-beanutils/1.9.4/commons-beanutils-1.9.4.jar:/home/user/.m2/repository/org/apache/commons/commons-configuration2/2.1.1/commons-configuration2-2.1.1.jar:/home/user/.m2/repository/org/apache/commons/commons-text/1.4/commons-text-1.4.jar:/home/user/.m2/repository/com/google/re2j/re2j/1.1/re2j-1.1.jar:/home/user/.m2/repository/com/jcraft/jsch/0.1.54/jsch-0.1.54.jar:/home/user/.m2/repository/org/apache/curator/curator-client/2.12.0/curator-client-2.12.0.jar:/home/user/.m2/repository/org/apache/curator/curator-recipes/2.12.0/curator-recipes-2.12.0.jar:/home/user/.m2/repository/dnsjava/dnsjava/2.1.7/dnsjava-2.1.7.jar:/home/user/.m2/repository/org/slf4j/jul-to-slf4j/1.7.25/jul-to-slf4j-1.7.25.jar:/home/user/.m2/repository/org/eclipse/jetty/jetty-util/9.4.26.v20200117/jetty-util-9.4.26.v20200117.jar:/home/user/.m2/repository/com/fasterxml/jackson/core/jackson-databind/2.10.3/jackson-databind-2.10.3.jar:/home/user/.m2/repository/org/apache/hadoop/hadoop-kms/3.2.0/hadoop-kms-3.2.0-tests.jar:/home/user/.m2/repository/org/apache/hadoop/hadoop-hdds-server-scm/0.6.0-SNAPSHOT/hadoop-hdds-server-scm-0.6.0-SNAPSHOT-tests.jar:/home/user/.m2/repository/org/apache/hadoop/hadoop-hdds-container-service/0.6.0-SNAPSHOT/hadoop-hdds-container-service-0.6.0-SNAPSHOT-tests.jar:/home/user/.m2/repository/org/apache/hadoop/hadoop-hdds-common/0.6.0-SNAPSHOT/hadoop-hdds-common-0.6.0-SNAPSHOT-tests.jar:/home/user/.m2/repository/org/yaml/snakeyaml/1.16/snakeyaml-1.16.jar:/home/user/.m2/repository/org/apache/hadoop/hadoop-hdds-hadoop-dependency-test/0.6.0-SNAPSHOT/hadoop-hdds-hadoop-dependency-test-0.6.0-SNAPSHOT.jar:/home/user/.m2/repository/org/apache/hadoop/hadoop-common/3.2.0/hadoop-common-3.2.0-tests.jar:/home/user/.m2/repository/javax/servlet/jsp/jsp-api/2.1/jsp-api-2.1.jar:/home/user/.m2/repository/org/apache/hadoop/hadoop-hdfs/3.2.0/hadoop-hdfs-3.2.0-tests.jar:/home/user/.m2/repository/org/eclipse/jetty/jetty-util-ajax/9.4.26.v20200117/jetty-util-ajax-9.4.26.v20200117.jar:/home/user/.m2/repository/commons-codec/commons-codec/1.11/commons-codec-1.11.jar:/home/user/.m2/repository/commons-daemon/commons-daemon/1.0.13/commons-daemon-1.0.13.jar:/home/user/.m2/repository/io/netty/netty/3.10.5.Final/netty-3.10.5.Final.jar:/home/user/.m2/repository/io/netty/netty-all/4.1.47.Final/netty-all-4.1.47.Final.jar:/home/user/.m2/repository/org/apache/htrace/htrace-core4/4.1.0-incubating/htrace-core4-4.1.0-incubating.jar:/home/user/.m2/repository/org/fusesource/leveldbjni/leveldbjni-all/1.8/leveldbjni-all-1.8.jar:/home/user/.m2/repository/org/apache/hadoop/hadoop-distcp/3.2.0/hadoop-distcp-3.2.0.jar:/home/user/.m2/repository/org/apache/hadoop/hadoop-mapreduce-client-jobclient/3.2.0/hadoop-mapreduce-client-jobclient-3.2.0.jar:/home/user/.m2/repository/org/apache/hadoop/hadoop-mapreduce-client-common/3.2.0/hadoop-mapreduce-client-common-3.2.0.jar:/home/user/.m2/repository/org/apache/hadoop/hadoop-yarn-common/3.2.0/hadoop-yarn-common-3.2.0.jar:/home/user/.m2/repository/org/apache/hadoop/hadoop-yarn-api/3.2.0/hadoop-yarn-api-3.2.0.jar:/home/user/.m2/repository/com/sun/jersey/jersey-client/1.19/jersey-client-1.19.jar:/home/user/.m2/repository/com/sun/jersey/contribs/jersey-guice/1.19/jersey-guice-1.19.jar:/home/user/.m2/repository/com/fasterxml/jackson/jaxrs/jackson-jaxrs-json-provider/2.10.3/jackson-jaxrs-json-provider-2.10.3.jar:/home/user/.m2/repository/com/fasterxml/jackson/jaxrs/jackson-jaxrs-base/2.10.3/jackson-jaxrs-base-2.10.3.jar:/home/user/.m2/repository/org/apache/hadoop/hadoop-yarn-client/3.2.0/hadoop-yarn-client-3.2.0.jar:/home/user/.m2/repository/org/apache/hadoop/hadoop-mapreduce-client-core/3.2.0/hadoop-mapreduce-client-core-3.2.0.jar:/home/user/.m2/repository/org/apache/avro/avro/1.7.7/avro-1.7.7.jar:/home/user/.m2/repository/org/codehaus/jackson/jackson-core-asl/1.9.13/jackson-core-asl-1.9.13.jar:/home/user/.m2/repository/org/codehaus/jackson/jackson-mapper-asl/1.9.13/jackson-mapper-asl-1.9.13.jar:/home/user/.m2/repository/com/thoughtworks/paranamer/paranamer/2.3/paranamer-2.3.jar:/home/user/.m2/repository/org/xerial/snappy/snappy-java/1.0.5/snappy-java-1.0.5.jar:/home/user/.m2/repository/org/apache/hadoop/hadoop-annotations/3.2.0/hadoop-annotations-3.2.0.jar:/usr/lib/jvm/java-1.8.0-openjdk-1.8.0.232.b09-0.el7_7.x86_64/jre/../lib/tools.jar:/home/user/.m2/repository/org/apache/hadoop/hadoop-distcp/3.2.0/hadoop-distcp-3.2.0-tests.jar:"/>
    <property name="sun.cpu.endian" value="little"/>
    <property name="user.home" value="/home/user"/>
    <property name="user.language" value="en"/>
    <property name="java.specification.vendor" value="Oracle Corporation"/>
    <property name="java.home" value="/usr/lib/jvm/java-1.8.0-openjdk-1.8.0.232.b09-0.el7_7.x86_64/jre"/>
    <property name="java.security.krb5.conf" value="/github/workspace/mnt/ozone/hadoop-ozone/integration-test/target/test-classes/krb5.conf"/>
    <property name="basedir" value="/github/workspace/mnt/ozone/hadoop-ozone/integration-test"/>
    <property name="file.separator" value="/"/>
    <property name="line.separator" value="&#10;"/>
    <property name="java.vm.specification.vendor" value="Oracle Corporation"/>
    <property name="java.specification.name" value="Java Platform API Specification"/>
    <property name="java.awt.graphicsenv" value="sun.awt.X11GraphicsEnvironment"/>
    <property name="surefire.real.class.path" value="/github/workspace/mnt/ozone/hadoop-ozone/integration-test/target/surefire/surefirebooter7990069472322547145.jar:/home/user/.m2/repository/org/jacoco/org.jacoco.agent/0.8.3/org.jacoco.agent-0.8.3-runtime.jar"/>
    <property name="hadoop.log.dir" value="/github/workspace/mnt/ozone/hadoop-ozone/integration-test/target/log"/>
    <property name="sun.boot.class.path" value="/usr/lib/jvm/java-1.8.0-openjdk-1.8.0.232.b09-0.el7_7.x86_64/jre/lib/resources.jar:/usr/lib/jvm/java-1.8.0-openjdk-1.8.0.232.b09-0.el7_7.x86_64/jre/lib/rt.jar:/usr/lib/jvm/java-1.8.0-openjdk-1.8.0.232.b09-0.el7_7.x86_64/jre/lib/sunrsasign.jar:/usr/lib/jvm/java-1.8.0-openjdk-1.8.0.232.b09-0.el7_7.x86_64/jre/lib/jsse.jar:/usr/lib/jvm/java-1.8.0-openjdk-1.8.0.232.b09-0.el7_7.x86_64/jre/lib/jce.jar:/usr/lib/jvm/java-1.8.0-openjdk-1.8.0.232.b09-0.el7_7.x86_64/jre/lib/charsets.jar:/usr/lib/jvm/java-1.8.0-openjdk-1.8.0.232.b09-0.el7_7.x86_64/jre/lib/jfr.jar:/usr/lib/jvm/java-1.8.0-openjdk-1.8.0.232.b09-0.el7_7.x86_64/jre/classes"/>
    <property name="sun.management.compiler" value="HotSpot 64-Bit Tiered Compilers"/>
    <property name="java.runtime.version" value="1.8.0_232-b09"/>
    <property name="java.net.preferIPv4Stack" value="true"/>
    <property name="user.name" value="jenkins1001"/>
    <property name="path.separator" value=":"/>
    <property name="java.security.egd" value="file:///dev/urandom"/>
    <property name="os.version" value="5.0.0-1035-azure"/>
    <property name="java.endorsed.dirs" value="/usr/lib/jvm/java-1.8.0-openjdk-1.8.0.232.b09-0.el7_7.x86_64/jre/lib/endorsed"/>
    <property name="java.runtime.name" value="OpenJDK Runtime Environment"/>
    <property name="file.encoding" value="ANSI_X3.4-1968"/>
    <property name="java.vm.name" value="OpenJDK 64-Bit Server VM"/>
    <property name="test.build.webapps" value=""/>
    <property name="localRepository" value="/home/user/.m2/repository"/>
    <property name="java.vendor.url.bug" value="http://bugreport.sun.com/bugreport/"/>
    <property name="java.io.tmpdir" value="/tmp"/>
    <property name="require.test.libhadoop" value=""/>
    <property name="java.version" value="1.8.0_232"/>
    <property name="user.dir" value="/github/workspace/mnt/ozone/hadoop-ozone/integration-test"/>
    <property name="os.arch" value="amd64"/>
    <property name="java.vm.specification.name" value="Java Virtual Machine Specification"/>
    <property name="test.build.classes" value="/github/workspace/mnt/ozone/hadoop-ozone/integration-test/target/test-classes"/>
    <property name="java.awt.printerjob" value="sun.print.PSPrinterJob"/>
    <property name="sun.os.patch.level" value="unknown"/>
    <property name="hadoop.tmp.dir" value="/github/workspace/mnt/ozone/hadoop-ozone/integration-test/target/tmp"/>
    <property name="java.library.path" value="/usr/lib:/usr/java/packages/lib/amd64:/usr/lib64:/lib64:/lib:/usr/lib"/>
    <property name="java.vm.info" value="mixed mode"/>
    <property name="java.vendor" value="Oracle Corporation"/>
    <property name="java.vm.version" value="25.232-b09"/>
    <property name="java.ext.dirs" value="/usr/lib/jvm/java-1.8.0-openjdk-1.8.0.232.b09-0.el7_7.x86_64/jre/lib/ext:/usr/java/packages/lib/ext"/>
    <property name="sun.io.unicode.encoding" value="UnicodeLittle"/>
    <property name="java.class.version" value="52.0"/>
  </properties>
  <testcase name="testRatisLogParsing" classname="org.apache.hadoop.ozone.om.parser.TestOMRatisLogParser" time="45.743">
    <error message="Timed out waiting for condition. Thread diagnostics:&#10;Timestamp: 2020-04-24 09:10:05,969&#10;&#10;&quot;PartialTableCache Cleanup Thread - 0&quot; daemon prio=5 tid=488 in Object.wait()&#10;java.lang.Thread.State: WAITING (on object monitor)&#10;        at sun.misc.Unsafe.park(Native Method)&#10;        at java.util.concurrent.locks.LockSupport.park(LockSupport.java:175)&#10;        at java.util.concurrent.locks.AbstractQueuedSynchronizer$ConditionObject.await(AbstractQueuedSynchronizer.java:2039)&#10;        at java.util.concurrent.LinkedBlockingQueue.take(LinkedBlockingQueue.java:442)&#10;        at java.util.concurrent.ThreadPoolExecutor.getTask(ThreadPoolExecutor.java:1074)&#10;        at java.util.concurrent.ThreadPoolExecutor.runWorker(ThreadPoolExecutor.java:1134)&#10;        at java.util.concurrent.ThreadPoolExecutor$Worker.run(ThreadPoolExecutor.java:624)&#10;        at java.lang.Thread.run(Thread.java:748)&#10;&quot;PartialTableCache Cleanup Thread - 0&quot; daemon prio=5 tid=492 in Object.wait()&#10;java.lang.Thread.State: WAITING (on object monitor)&#10;        at sun.misc.Unsafe.park(Native Method)&#10;        at java.util.concurrent.locks.LockSupport.park(LockSupport.java:175)&#10;        at java.util.concurrent.locks.AbstractQueuedSynchronizer$ConditionObject.await(AbstractQueuedSynchronizer.java:2039)&#10;        at java.util.concurrent.LinkedBlockingQueue.take(LinkedBlockingQueue.java:442)&#10;        at java.util.concurrent.ThreadPoolExecutor.getTask(ThreadPoolExecutor.java:1074)&#10;        at java.util.concurrent.ThreadPoolExecutor.runWorker(ThreadPoolExecutor.java:1134)&#10;        at java.util.concurrent.ThreadPoolExecutor$Worker.run(ThreadPoolExecutor.java:624)&#10;        at java.lang.Thread.run(Thread.java:748)&#10;&quot;OMDoubleBufferFlushThread&quot; daemon prio=5 tid=157 timed_waiting&#10;java.lang.Thread.State: TIMED_WAITING&#10;        at java.lang.Object.wait(Native Method)&#10;        at org.apache.hadoop.ozone.om.ratis.OzoneManagerDoubleBuffer.canFlush(OzoneManagerDoubleBuffer.java:344)&#10;        at org.apache.hadoop.ozone.om.ratis.OzoneManagerDoubleBuffer.flushTransactions(OzoneManagerDoubleBuffer.java:133)&#10;        at org.apache.hadoop.ozone.om.ratis.OzoneManagerDoubleBuffer$$Lambda$115/447614849.run(Unknown Source)&#10;        at java.lang.Thread.run(Thread.java:748)&#10;&quot;PartialTableCache Cleanup Thread - 0&quot; daemon prio=5 tid=505 in Object.wait()&#10;java.lang.Thread.State: WAITING (on object monitor)&#10;        at sun.misc.Unsafe.park(Native Method)&#10;        at java.util.concurrent.locks.LockSupport.park(LockSupport.java:175)&#10;        at java.util.concurrent.locks.AbstractQueuedSynchronizer$ConditionObject.await(AbstractQueuedSynchronizer.java:2039)&#10;        at java.util.concurrent.LinkedBlockingQueue.take(LinkedBlockingQueue.java:442)&#10;        at java.util.concurrent.ThreadPoolExecutor.getTask(ThreadPoolExecutor.java:1074)&#10;        at java.util.concurrent.ThreadPoolExecutor.runWorker(ThreadPoolExecutor.java:1134)&#10;        at java.util.concurrent.ThreadPoolExecutor$Worker.run(ThreadPoolExecutor.java:624)&#10;        at java.lang.Thread.run(Thread.java:748)&#10;&quot;Datanode ReportManager Thread - 1&quot; daemon prio=5 tid=330 in Object.wait()&#10;java.lang.Thread.State: WAITING (on object monitor)&#10;        at sun.misc.Unsafe.park(Native Method)&#10;        at java.util.concurrent.locks.LockSupport.park(LockSupport.java:175)&#10;        at java.util.concurrent.locks.AbstractQueuedSynchronizer$ConditionObject.await(AbstractQueuedSynchronizer.java:2039)&#10;        at java.util.concurrent.ScheduledThreadPoolExecutor$DelayedWorkQueue.take(ScheduledThreadPoolExecutor.java:1088)&#10;        at java.util.concurrent.ScheduledThreadPoolExecutor$DelayedWorkQueue.take(ScheduledThreadPoolExecutor.java:809)&#10;        at java.util.concurrent.ThreadPoolExecutor.getTask(ThreadPoolExecutor.java:1074)&#10;        at java.util.concurrent.ThreadPoolExecutor.runWorker(ThreadPoolExecutor.java:1134)&#10;        at java.util.concurrent.ThreadPoolExecutor$Worker.run(ThreadPoolExecutor.java:624)&#10;        at java.lang.Thread.run(Thread.java:748)&#10;&quot;PartialTableCache Cleanup Thread - 0&quot; daemon prio=5 tid=510 in Object.wait()&#10;java.lang.Thread.State: WAITING (on object monitor)&#10;        at sun.misc.Unsafe.park(Native Method)&#10;        at java.util.concurrent.locks.LockSupport.park(LockSupport.java:175)&#10;        at java.util.concurrent.locks.AbstractQueuedSynchronizer$ConditionObject.await(AbstractQueuedSynchronizer.java:2039)&#10;        at java.util.concurrent.LinkedBlockingQueue.take(LinkedBlockingQueue.java:442)&#10;        at java.util.concurrent.ThreadPoolExecutor.getTask(ThreadPoolExecutor.java:1074)&#10;        at java.util.concurrent.ThreadPoolExecutor.runWorker(ThreadPoolExecutor.java:1134)&#10;        at java.util.concurrent.ThreadPoolExecutor$Worker.run(ThreadPoolExecutor.java:624)&#10;        at java.lang.Thread.run(Thread.java:748)&#10;&quot;PartialTableCache Cleanup Thread - 0&quot; daemon prio=5 tid=497 in Object.wait()&#10;java.lang.Thread.State: WAITING (on object monitor)&#10;        at sun.misc.Unsafe.park(Native Method)&#10;        at java.util.concurrent.locks.LockSupport.park(LockSupport.java:175)&#10;        at java.util.concurrent.locks.AbstractQueuedSynchronizer$ConditionObject.await(AbstractQueuedSynchronizer.java:2039)&#10;        at java.util.concurrent.LinkedBlockingQueue.take(LinkedBlockingQueue.java:442)&#10;        at java.util.concurrent.ThreadPoolExecutor.getTask(ThreadPoolExecutor.java:1074)&#10;        at java.util.concurrent.ThreadPoolExecutor.runWorker(ThreadPoolExecutor.java:1134)&#10;        at java.util.concurrent.ThreadPoolExecutor$Worker.run(ThreadPoolExecutor.java:624)&#10;        at java.lang.Thread.run(Thread.java:748)&#10;&quot;PartialTableCache Cleanup Thread - 0&quot; daemon prio=5 tid=499 in Object.wait()&#10;java.lang.Thread.State: WAITING (on object monitor)&#10;        at sun.misc.Unsafe.park(Native Method)&#10;        at java.util.concurrent.locks.LockSupport.park(LockSupport.java:175)&#10;        at java.util.concurrent.locks.AbstractQueuedSynchronizer$ConditionObject.await(AbstractQueuedSynchronizer.java:2039)&#10;        at java.util.concurrent.LinkedBlockingQueue.take(LinkedBlockingQueue.java:442)&#10;        at java.util.concurrent.ThreadPoolExecutor.getTask(ThreadPoolExecutor.java:1074)&#10;        at java.util.concurrent.ThreadPoolExecutor.runWorker(ThreadPoolExecutor.java:1134)&#10;        at java.util.concurrent.ThreadPoolExecutor$Worker.run(ThreadPoolExecutor.java:624)&#10;        at java.lang.Thread.run(Thread.java:748)&#10;&quot;Datanode ReportManager Thread - 0&quot; daemon prio=5 tid=265 in Object.wait()&#10;java.lang.Thread.State: WAITING (on object monitor)&#10;        at sun.misc.Unsafe.park(Native Method)&#10;        at java.util.concurrent.locks.LockSupport.park(LockSupport.java:175)&#10;        at java.util.concurrent.locks.AbstractQueuedSynchronizer$ConditionObject.await(AbstractQueuedSynchronizer.java:2039)&#10;        at java.util.concurrent.ScheduledThreadPoolExecutor$DelayedWorkQueue.take(ScheduledThreadPoolExecutor.java:1088)&#10;        at java.util.concurrent.ScheduledThreadPoolExecutor$DelayedWorkQueue.take(ScheduledThreadPoolExecutor.java:809)&#10;        at java.util.concurrent.ThreadPoolExecutor.getTask(ThreadPoolExecutor.java:1074)&#10;        at java.util.concurrent.ThreadPoolExecutor.runWorker(ThreadPoolExecutor.java:1134)&#10;        at java.util.concurrent.ThreadPoolExecutor$Worker.run(ThreadPoolExecutor.java:624)&#10;        at java.lang.Thread.run(Thread.java:748)&#10;&quot;pool-43-thread-1&quot;  prio=5 tid=156 timed_waiting&#10;java.lang.Thread.State: TIMED_WAITING&#10;        at sun.misc.Unsafe.park(Native Method)&#10;        at java.util.concurrent.locks.LockSupport.parkNanos(LockSupport.java:215)&#10;        at java.util.concurrent.locks.AbstractQueuedSynchronizer$ConditionObject.awaitNanos(AbstractQueuedSynchronizer.java:2078)&#10;        at java.util.concurrent.ScheduledThreadPoolExecutor$DelayedWorkQueue.take(ScheduledThreadPoolExecutor.java:1093)&#10;        at java.util.concurrent.ScheduledThreadPoolExecutor$DelayedWorkQueue.take(ScheduledThreadPoolExecutor.java:809)&#10;        at java.util.concurrent.ThreadPoolExecutor.getTask(ThreadPoolExecutor.java:1074)&#10;        at java.util.concurrent.ThreadPoolExecutor.runWorker(ThreadPoolExecutor.java:1134)&#10;        at java.util.concurrent.ThreadPoolExecutor$Worker.run(ThreadPoolExecutor.java:624)&#10;        at java.lang.Thread.run(Thread.java:748)&#10;&quot;Datanode ReportManager Thread - 3&quot; daemon prio=5 tid=310 timed_waiting&#10;java.lang.Thread.State: TIMED_WAITING&#10;        at sun.misc.Unsafe.park(Native Method)&#10;        at java.util.concurrent.locks.LockSupport.parkNanos(LockSupport.java:215)&#10;        at java.util.concurrent.locks.AbstractQueuedSynchronizer$ConditionObject.awaitNanos(AbstractQueuedSynchronizer.java:2078)&#10;        at java.util.concurrent.ScheduledThreadPoolExecutor$DelayedWorkQueue.take(ScheduledThreadPoolExecutor.java:1093)&#10;        at java.util.concurrent.ScheduledThreadPoolExecutor$DelayedWorkQueue.take(ScheduledThreadPoolExecutor.java:809)&#10;        at java.util.concurrent.ThreadPoolExecutor.getTask(ThreadPoolExecutor.java:1074)&#10;        at java.util.concurrent.ThreadPoolExecutor.runWorker(ThreadPoolExecutor.java:1134)&#10;        at java.util.concurrent.ThreadPoolExecutor$Worker.run(ThreadPoolExecutor.java:624)&#10;        at java.lang.Thread.run(Thread.java:748)&#10;&quot;Datanode ReportManager Thread - 1&quot; daemon prio=5 tid=270 in Object.wait()&#10;java.lang.Thread.State: WAITING (on object monitor)&#10;        at sun.misc.Unsafe.park(Native Method)&#10;        at java.util.concurrent.locks.LockSupport.park(LockSupport.java:175)&#10;        at java.util.concurrent.locks.AbstractQueuedSynchronizer$ConditionObject.await(AbstractQueuedSynchronizer.java:2039)&#10;        at java.util.concurrent.ScheduledThreadPoolExecutor$DelayedWorkQueue.take(ScheduledThreadPoolExecutor.java:1088)&#10;        at java.util.concurrent.ScheduledThreadPoolExecutor$DelayedWorkQueue.take(ScheduledThreadPoolExecutor.java:809)&#10;        at java.util.concurrent.ThreadPoolExecutor.getTask(ThreadPoolExecutor.java:1074)&#10;        at java.util.concurrent.ThreadPoolExecutor.runWorker(ThreadPoolExecutor.java:1134)&#10;        at java.util.concurrent.ThreadPoolExecutor$Worker.run(ThreadPoolExecutor.java:624)&#10;        at java.lang.Thread.run(Thread.java:748)&#10;&quot;PartialTableCache Cleanup Thread - 0&quot; daemon prio=5 tid=513 in Object.wait()&#10;java.lang.Thread.State: WAITING (on object monitor)&#10;        at sun.misc.Unsafe.park(Native Method)&#10;        at java.util.concurrent.locks.LockSupport.park(LockSupport.java:175)&#10;        at java.util.concurrent.locks.AbstractQueuedSynchronizer$ConditionObject.await(AbstractQueuedSynchronizer.java:2039)&#10;        at java.util.concurrent.LinkedBlockingQueue.take(LinkedBlockingQueue.java:442)&#10;        at java.util.concurrent.ThreadPoolExecutor.getTask(ThreadPoolExecutor.java:1074)&#10;        at java.util.concurrent.ThreadPoolExecutor.runWorker(ThreadPoolExecutor.java:1134)&#10;        at java.util.concurrent.ThreadPoolExecutor$Worker.run(ThreadPoolExecutor.java:624)&#10;        at java.lang.Thread.run(Thread.java:748)&#10;&quot;PartialTableCache Cleanup Thread - 0&quot; daemon prio=5 tid=500 in Object.wait()&#10;java.lang.Thread.State: WAITING (on object monitor)&#10;        at sun.misc.Unsafe.park(Native Method)&#10;        at java.util.concurrent.locks.LockSupport.park(LockSupport.java:175)&#10;        at java.util.concurrent.locks.AbstractQueuedSynchronizer$ConditionObject.await(AbstractQueuedSynchronizer.java:2039)&#10;        at java.util.concurrent.LinkedBlockingQueue.take(LinkedBlockingQueue.java:442)&#10;        at java.util.concurrent.ThreadPoolExecutor.getTask(ThreadPoolExecutor.java:1074)&#10;        at java.util.concurrent.ThreadPoolExecutor.runWorker(ThreadPoolExecutor.java:1134)&#10;        at java.util.concurrent.ThreadPoolExecutor$Worker.run(ThreadPoolExecutor.java:624)&#10;        at java.lang.Thread.run(Thread.java:748)&#10;&quot;Reference Handler&quot; daemon prio=10 tid=2 in Object.wait()&#10;java.lang.Thread.State: WAITING (on object monitor)&#10;        at java.lang.Object.wait(Native Method)&#10;        at java.lang.Object.wait(Object.java:502)&#10;        at java.lang.ref.Reference.tryHandlePending(Reference.java:191)&#10;        at java.lang.ref.Reference$ReferenceHandler.run(Reference.java:153)&#10;&quot;PartialTableCache Cleanup Thread - 0&quot; daemon prio=5 tid=498 in Object.wait()&#10;java.lang.Thread.State: WAITING (on object monitor)&#10;        at sun.misc.Unsafe.park(Native Method)&#10;        at java.util.concurrent.locks.LockSupport.park(LockSupport.java:175)&#10;        at java.util.concurrent.locks.AbstractQueuedSynchronizer$ConditionObject.await(AbstractQueuedSynchronizer.java:2039)&#10;        at java.util.concurrent.LinkedBlockingQueue.take(LinkedBlockingQueue.java:442)&#10;        at java.util.concurrent.ThreadPoolExecutor.getTask(ThreadPoolExecutor.java:1074)&#10;        at java.util.concurrent.ThreadPoolExecutor.runWorker(ThreadPoolExecutor.java:1134)&#10;        at java.util.concurrent.ThreadPoolExecutor$Worker.run(ThreadPoolExecutor.java:624)&#10;        at java.lang.Thread.run(Thread.java:748)&#10;&quot;Datanode ReportManager Thread - 2&quot; daemon prio=5 tid=309 in Object.wait()&#10;java.lang.Thread.State: WAITING (on object monitor)&#10;        at sun.misc.Unsafe.park(Native Method)&#10;        at java.util.concurrent.locks.LockSupport.park(LockSupport.java:175)&#10;        at java.util.concurrent.locks.AbstractQueuedSynchronizer$ConditionObject.await(AbstractQueuedSynchronizer.java:2039)&#10;        at java.util.concurrent.ScheduledThreadPoolExecutor$DelayedWorkQueue.take(ScheduledThreadPoolExecutor.java:1088)&#10;        at java.util.concurrent.ScheduledThreadPoolExecutor$DelayedWorkQueue.take(ScheduledThreadPoolExecutor.java:809)&#10;        at java.util.concurrent.ThreadPoolExecutor.getTask(ThreadPoolExecutor.java:1074)&#10;        at java.util.concurrent.ThreadPoolExecutor.runWorker(ThreadPoolExecutor.java:1134)&#10;        at java.util.concurrent.ThreadPoolExecutor$Worker.run(ThreadPoolExecutor.java:624)&#10;        at java.lang.Thread.run(Thread.java:748)&#10;&quot;PartialTableCache Cleanup Thread - 0&quot; daemon prio=5 tid=484 in Object.wait()&#10;java.lang.Thread.State: WAITING (on object monitor)&#10;        at sun.misc.Unsafe.park(Native Method)&#10;        at java.util.concurrent.locks.LockSupport.park(LockSupport.java:175)&#10;        at java.util.concurrent.locks.AbstractQueuedSynchronizer$ConditionObject.await(AbstractQueuedSynchronizer.java:2039)&#10;        at java.util.concurrent.LinkedBlockingQueue.take(LinkedBlockingQueue.java:442)&#10;        at java.util.concurrent.ThreadPoolExecutor.getTask(ThreadPoolExecutor.java:1074)&#10;        at java.util.concurrent.ThreadPoolExecutor.runWorker(ThreadPoolExecutor.java:1134)&#10;        at java.util.concurrent.ThreadPoolExecutor$Worker.run(ThreadPoolExecutor.java:624)&#10;        at java.lang.Thread.run(Thread.java:748)&#10;&quot;PartialTableCache Cleanup Thread - 0&quot; daemon prio=5 tid=494 in Object.wait()&#10;java.lang.Thread.State: WAITING (on object monitor)&#10;        at sun.misc.Unsafe.park(Native Method)&#10;        at java.util.concurrent.locks.LockSupport.park(LockSupport.java:175)&#10;        at java.util.concurrent.locks.AbstractQueuedSynchronizer$ConditionObject.await(AbstractQueuedSynchronizer.java:2039)&#10;        at java.util.concurrent.LinkedBlockingQueue.take(LinkedBlockingQueue.java:442)&#10;        at java.util.concurrent.ThreadPoolExecutor.getTask(ThreadPoolExecutor.java:1074)&#10;        at java.util.concurrent.ThreadPoolExecutor.runWorker(ThreadPoolExecutor.java:1134)&#10;        at java.util.concurrent.ThreadPoolExecutor$Worker.run(ThreadPoolExecutor.java:624)&#10;        at java.lang.Thread.run(Thread.java:748)&#10;&quot;PartialTableCache Cleanup Thread - 0&quot; daemon prio=5 tid=512 in Object.wait()&#10;java.lang.Thread.State: WAITING (on object monitor)&#10;        at sun.misc.Unsafe.park(Native Method)&#10;        at java.util.concurrent.locks.LockSupport.park(LockSupport.java:175)&#10;        at java.util.concurrent.locks.AbstractQueuedSynchronizer$ConditionObject.await(AbstractQueuedSynchronizer.java:2039)&#10;        at java.util.concurrent.LinkedBlockingQueue.take(LinkedBlockingQueue.java:442)&#10;        at java.util.concurrent.ThreadPoolExecutor.getTask(ThreadPoolExecutor.java:1074)&#10;        at java.util.concurrent.ThreadPoolExecutor.runWorker(ThreadPoolExecutor.java:1134)&#10;        at java.util.concurrent.ThreadPoolExecutor$Worker.run(ThreadPoolExecutor.java:624)&#10;        at java.lang.Thread.run(Thread.java:748)&#10;&quot;IPC Parameter Sending Thread #0&quot; daemon prio=5 tid=106 timed_waiting&#10;java.lang.Thread.State: TIMED_WAITING&#10;        at sun.misc.Unsafe.park(Native Method)&#10;        at java.util.concurrent.locks.LockSupport.parkNanos(LockSupport.java:215)&#10;        at java.util.concurrent.SynchronousQueue$TransferStack.awaitFulfill(SynchronousQueue.java:460)&#10;        at java.util.concurrent.SynchronousQueue$TransferStack.transfer(SynchronousQueue.java:362)&#10;        at java.util.concurrent.SynchronousQueue.poll(SynchronousQueue.java:941)&#10;        at java.util.concurrent.ThreadPoolExecutor.getTask(ThreadPoolExecutor.java:1073)&#10;        at java.util.concurrent.ThreadPoolExecutor.runWorker(ThreadPoolExecutor.java:1134)&#10;        at java.util.concurrent.ThreadPoolExecutor$Worker.run(ThreadPoolExecutor.java:624)&#10;        at java.lang.Thread.run(Thread.java:748)&#10;&quot;PartialTableCache Cleanup Thread - 0&quot; daemon prio=5 tid=511 in Object.wait()&#10;java.lang.Thread.State: WAITING (on object monitor)&#10;        at sun.misc.Unsafe.park(Native Method)&#10;        at java.util.concurrent.locks.LockSupport.park(LockSupport.java:175)&#10;        at java.util.concurrent.locks.AbstractQueuedSynchronizer$ConditionObject.await(AbstractQueuedSynchronizer.java:2039)&#10;        at java.util.concurrent.LinkedBlockingQueue.take(LinkedBlockingQueue.java:442)&#10;        at java.util.concurrent.ThreadPoolExecutor.getTask(ThreadPoolExecutor.java:1074)&#10;        at java.util.concurrent.ThreadPoolExecutor.runWorker(ThreadPoolExecutor.java:1134)&#10;        at java.util.concurrent.ThreadPoolExecutor$Worker.run(ThreadPoolExecutor.java:624)&#10;        at java.lang.Thread.run(Thread.java:748)&#10;&quot;Datanode ReportManager Thread - 3&quot; daemon prio=5 tid=272 in Object.wait()&#10;java.lang.Thread.State: WAITING (on object monitor)&#10;        at sun.misc.Unsafe.park(Native Method)&#10;        at java.util.concurrent.locks.LockSupport.park(LockSupport.java:175)&#10;        at java.util.concurrent.locks.AbstractQueuedSynchronizer$ConditionObject.await(AbstractQueuedSynchronizer.java:2039)&#10;        at java.util.concurrent.ScheduledThreadPoolExecutor$DelayedWorkQueue.take(ScheduledThreadPoolExecutor.java:1088)&#10;        at java.util.concurrent.ScheduledThreadPoolExecutor$DelayedWorkQueue.take(ScheduledThreadPoolExecutor.java:809)&#10;        at java.util.concurrent.ThreadPoolExecutor.getTask(ThreadPoolExecutor.java:1074)&#10;        at java.util.concurrent.ThreadPoolExecutor.runWorker(ThreadPoolExecutor.java:1134)&#10;        at java.util.concurrent.ThreadPoolExecutor$Worker.run(ThreadPoolExecutor.java:624)&#10;        at java.lang.Thread.run(Thread.java:748)&#10;&quot;PartialTableCache Cleanup Thread - 0&quot; daemon prio=5 tid=515 in Object.wait()&#10;java.lang.Thread.State: WAITING (on object monitor)&#10;        at sun.misc.Unsafe.park(Native Method)&#10;        at java.util.concurrent.locks.LockSupport.park(LockSupport.java:175)&#10;        at java.util.concurrent.locks.AbstractQueuedSynchronizer$ConditionObject.await(AbstractQueuedSynchronizer.java:2039)&#10;        at java.util.concurrent.LinkedBlockingQueue.take(LinkedBlockingQueue.java:442)&#10;        at java.util.concurrent.ThreadPoolExecutor.getTask(ThreadPoolExecutor.java:1074)&#10;        at java.util.concurrent.ThreadPoolExecutor.runWorker(ThreadPoolExecutor.java:1134)&#10;        at java.util.concurrent.ThreadPoolExecutor$Worker.run(ThreadPoolExecutor.java:624)&#10;        at java.lang.Thread.run(Thread.java:748)&#10;&quot;Datanode ReportManager Thread - 3&quot; daemon prio=5 tid=332 in Object.wait()&#10;java.lang.Thread.State: WAITING (on object monitor)&#10;        at sun.misc.Unsafe.park(Native Method)&#10;        at java.util.concurrent.locks.LockSupport.park(LockSupport.java:175)&#10;        at java.util.concurrent.locks.AbstractQueuedSynchronizer$ConditionObject.await(AbstractQueuedSynchronizer.java:2039)&#10;        at java.util.concurrent.ScheduledThreadPoolExecutor$DelayedWorkQueue.take(ScheduledThreadPoolExecutor.java:1088)&#10;        at java.util.concurrent.ScheduledThreadPoolExecutor$DelayedWorkQueue.take(ScheduledThreadPoolExecutor.java:809)&#10;        at java.util.concurrent.ThreadPoolExecutor.getTask(ThreadPoolExecutor.java:1074)&#10;        at java.util.concurrent.ThreadPoolExecutor.runWorker(ThreadPoolExecutor.java:1134)&#10;        at java.util.concurrent.ThreadPoolExecutor$Worker.run(ThreadPoolExecutor.java:624)&#10;        at java.lang.Thread.run(Thread.java:748)&#10;&quot;Datanode ReportManager Thread - 2&quot; daemon prio=5 tid=331 in Object.wait()&#10;java.lang.Thread.State: WAITING (on object monitor)&#10;        at sun.misc.Unsafe.park(Native Method)&#10;        at java.util.concurrent.locks.LockSupport.park(LockSupport.java:175)&#10;        at java.util.concurrent.locks.AbstractQueuedSynchronizer$ConditionObject.await(AbstractQueuedSynchronizer.java:2039)&#10;        at java.util.concurrent.ScheduledThreadPoolExecutor$DelayedWorkQueue.take(ScheduledThreadPoolExecutor.java:1088)&#10;        at java.util.concurrent.ScheduledThreadPoolExecutor$DelayedWorkQueue.take(ScheduledThreadPoolExecutor.java:809)&#10;        at java.util.concurrent.ThreadPoolExecutor.getTask(ThreadPoolExecutor.java:1074)&#10;        at java.util.concurrent.ThreadPoolExecutor.runWorker(ThreadPoolExecutor.java:1134)&#10;        at java.util.concurrent.ThreadPoolExecutor$Worker.run(ThreadPoolExecutor.java:624)&#10;        at java.lang.Thread.run(Thread.java:748)&#10;&quot;pool-59-thread-1&quot;  prio=5 tid=201 timed_waiting&#10;java.lang.Thread.State: TIMED_WAITING&#10;        at sun.misc.Unsafe.park(Native Method)&#10;        at java.util.concurrent.locks.LockSupport.parkNanos(LockSupport.java:215)&#10;        at java.util.concurrent.locks.AbstractQueuedSynchronizer$ConditionObject.awaitNanos(AbstractQueuedSynchronizer.java:2078)&#10;        at java.util.concurrent.ScheduledThreadPoolExecutor$DelayedWorkQueue.take(ScheduledThreadPoolExecutor.java:1093)&#10;        at java.util.concurrent.ScheduledThreadPoolExecutor$DelayedWorkQueue.take(ScheduledThreadPoolExecutor.java:809)&#10;        at java.util.concurrent.ThreadPoolExecutor.getTask(ThreadPoolExecutor.java:1074)&#10;        at java.util.concurrent.ThreadPoolExecutor.runWorker(ThreadPoolExecutor.java:1134)&#10;        at java.util.concurrent.ThreadPoolExecutor$Worker.run(ThreadPoolExecutor.java:624)&#10;        at java.lang.Thread.run(Thread.java:748)&#10;&quot;PartialTableCache Cleanup Thread - 0&quot; daemon prio=5 tid=487 in Object.wait()&#10;java.lang.Thread.State: WAITING (on object monitor)&#10;        at sun.misc.Unsafe.park(Native Method)&#10;        at java.util.concurrent.locks.LockSupport.park(LockSupport.java:175)&#10;        at java.util.concurrent.locks.AbstractQueuedSynchronizer$ConditionObject.await(AbstractQueuedSynchronizer.java:2039)&#10;        at java.util.concurrent.LinkedBlockingQueue.take(LinkedBlockingQueue.java:442)&#10;        at java.util.concurrent.ThreadPoolExecutor.getTask(ThreadPoolExecutor.java:1074)&#10;        at java.util.concurrent.ThreadPoolExecutor.runWorker(ThreadPoolExecutor.java:1134)&#10;        at java.util.concurrent.ThreadPoolExecutor$Worker.run(ThreadPoolExecutor.java:624)&#10;        at java.lang.Thread.run(Thread.java:748)&#10;&quot;PartialTableCache Cleanup Thread - 0&quot; daemon prio=5 tid=485 in Object.wait()&#10;java.lang.Thread.State: WAITING (on object monitor)&#10;        at sun.misc.Unsafe.park(Native Method)&#10;        at java.util.concurrent.locks.LockSupport.park(LockSupport.java:175)&#10;        at java.util.concurrent.locks.AbstractQueuedSynchronizer$ConditionObject.await(AbstractQueuedSynchronizer.java:2039)&#10;        at java.util.concurrent.LinkedBlockingQueue.take(LinkedBlockingQueue.java:442)&#10;        at java.util.concurrent.ThreadPoolExecutor.getTask(ThreadPoolExecutor.java:1074)&#10;        at java.util.concurrent.ThreadPoolExecutor.runWorker(ThreadPoolExecutor.java:1134)&#10;        at java.util.concurrent.ThreadPoolExecutor$Worker.run(ThreadPoolExecutor.java:624)&#10;        at java.lang.Thread.run(Thread.java:748)&#10;&quot;PartialTableCache Cleanup Thread - 0&quot; daemon prio=5 tid=509 in Object.wait()&#10;java.lang.Thread.State: WAITING (on object monitor)&#10;        at sun.misc.Unsafe.park(Native Method)&#10;        at java.util.concurrent.locks.LockSupport.park(LockSupport.java:175)&#10;        at java.util.concurrent.locks.AbstractQueuedSynchronizer$ConditionObject.await(AbstractQueuedSynchronizer.java:2039)&#10;        at java.util.concurrent.LinkedBlockingQueue.take(LinkedBlockingQueue.java:442)&#10;        at java.util.concurrent.ThreadPoolExecutor.getTask(ThreadPoolExecutor.java:1074)&#10;        at java.util.concurrent.ThreadPoolExecutor.runWorker(ThreadPoolExecutor.java:1134)&#10;        at java.util.concurrent.ThreadPoolExecutor$Worker.run(ThreadPoolExecutor.java:624)&#10;        at java.lang.Thread.run(Thread.java:748)&#10;&quot;Datanode ReportManager Thread - 2&quot; daemon prio=5 tid=271 timed_waiting&#10;java.lang.Thread.State: TIMED_WAITING&#10;        at sun.misc.Unsafe.park(Native Method)&#10;        at java.util.concurrent.locks.LockSupport.parkNanos(LockSupport.java:215)&#10;        at java.util.concurrent.locks.AbstractQueuedSynchronizer$ConditionObject.awaitNanos(AbstractQueuedSynchronizer.java:2078)&#10;        at java.util.concurrent.ScheduledThreadPoolExecutor$DelayedWorkQueue.take(ScheduledThreadPoolExecutor.java:1093)&#10;        at java.util.concurrent.ScheduledThreadPoolExecutor$DelayedWorkQueue.take(ScheduledThreadPoolExecutor.java:809)&#10;        at java.util.concurrent.ThreadPoolExecutor.getTask(ThreadPoolExecutor.java:1074)&#10;        at java.util.concurrent.ThreadPoolExecutor.runWorker(ThreadPoolExecutor.java:1134)&#10;        at java.util.concurrent.ThreadPoolExecutor$Worker.run(ThreadPoolExecutor.java:624)&#10;        at java.lang.Thread.run(Thread.java:748)&#10;&quot;surefire-forkedjvm-ping-30s&quot; daemon prio=5 tid=10 timed_waiting&#10;java.lang.Thread.State: TIMED_WAITING&#10;        at sun.misc.Unsafe.park(Native Method)&#10;        at java.util.concurrent.locks.LockSupport.parkNanos(LockSupport.java:215)&#10;        at java.util.concurrent.locks.AbstractQueuedSynchronizer$ConditionObject.awaitNanos(AbstractQueuedSynchronizer.java:2078)&#10;        at java.util.concurrent.ScheduledThreadPoolExecutor$DelayedWorkQueue.take(ScheduledThreadPoolExecutor.java:1093)&#10;        at java.util.concurrent.ScheduledThreadPoolExecutor$DelayedWorkQueue.take(ScheduledThreadPoolExecutor.java:809)&#10;        at java.util.concurrent.ThreadPoolExecutor.getTask(ThreadPoolExecutor.java:1074)&#10;        at java.util.concurrent.ThreadPoolExecutor.runWorker(ThreadPoolExecutor.java:1134)&#10;        at java.util.concurrent.ThreadPoolExecutor$Worker.run(ThreadPoolExecutor.java:624)&#10;        at java.lang.Thread.run(Thread.java:748)&#10;&quot;PartialTableCache Cleanup Thread - 0&quot; daemon prio=5 tid=506 in Object.wait()&#10;java.lang.Thread.State: WAITING (on object monitor)&#10;        at sun.misc.Unsafe.park(Native Method)&#10;        at java.util.concurrent.locks.LockSupport.park(LockSupport.java:175)&#10;        at java.util.concurrent.locks.AbstractQueuedSynchronizer$ConditionObject.await(AbstractQueuedSynchronizer.java:2039)&#10;        at java.util.concurrent.LinkedBlockingQueue.take(LinkedBlockingQueue.java:442)&#10;        at java.util.concurrent.ThreadPoolExecutor.getTask(ThreadPoolExecutor.java:1074)&#10;        at java.util.concurrent.ThreadPoolExecutor.runWorker(ThreadPoolExecutor.java:1134)&#10;        at java.util.concurrent.ThreadPoolExecutor$Worker.run(ThreadPoolExecutor.java:624)&#10;        at java.lang.Thread.run(Thread.java:748)&#10;&quot;PartialTableCache Cleanup Thread - 0&quot; daemon prio=5 tid=502 in Object.wait()&#10;java.lang.Thread.State: WAITING (on object monitor)&#10;        at sun.misc.Unsafe.park(Native Method)&#10;        at java.util.concurrent.locks.LockSupport.park(LockSupport.java:175)&#10;        at java.util.concurrent.locks.AbstractQueuedSynchronizer$ConditionObject.await(AbstractQueuedSynchronizer.java:2039)&#10;        at java.util.concurrent.LinkedBlockingQueue.take(LinkedBlockingQueue.java:442)&#10;        at java.util.concurrent.ThreadPoolExecutor.getTask(ThreadPoolExecutor.java:1074)&#10;        at java.util.concurrent.ThreadPoolExecutor.runWorker(ThreadPoolExecutor.java:1134)&#10;        at java.util.concurrent.ThreadPoolExecutor$Worker.run(ThreadPoolExecutor.java:624)&#10;        at java.lang.Thread.run(Thread.java:748)&#10;&quot;PartialTableCache Cleanup Thread - 0&quot; daemon prio=5 tid=493 in Object.wait()&#10;java.lang.Thread.State: WAITING (on object monitor)&#10;        at sun.misc.Unsafe.park(Native Method)&#10;        at java.util.concurrent.locks.LockSupport.park(LockSupport.java:175)&#10;        at java.util.concurrent.locks.AbstractQueuedSynchronizer$ConditionObject.await(AbstractQueuedSynchronizer.java:2039)&#10;        at java.util.concurrent.LinkedBlockingQueue.take(LinkedBlockingQueue.java:442)&#10;        at java.util.concurrent.ThreadPoolExecutor.getTask(ThreadPoolExecutor.java:1074)&#10;        at java.util.concurrent.ThreadPoolExecutor.runWorker(ThreadPoolExecutor.java:1134)&#10;        at java.util.concurrent.ThreadPoolExecutor$Worker.run(ThreadPoolExecutor.java:624)&#10;        at java.lang.Thread.run(Thread.java:748)&#10;&quot;PartialTableCache Cleanup Thread - 0&quot; daemon prio=5 tid=495 in Object.wait()&#10;java.lang.Thread.State: WAITING (on object monitor)&#10;        at sun.misc.Unsafe.park(Native Method)&#10;        at java.util.concurrent.locks.LockSupport.park(LockSupport.java:175)&#10;        at java.util.concurrent.locks.AbstractQueuedSynchronizer$ConditionObject.await(AbstractQueuedSynchronizer.java:2039)&#10;        at java.util.concurrent.LinkedBlockingQueue.take(LinkedBlockingQueue.java:442)&#10;        at java.util.concurrent.ThreadPoolExecutor.getTask(ThreadPoolExecutor.java:1074)&#10;        at java.util.concurrent.ThreadPoolExecutor.runWorker(ThreadPoolExecutor.java:1134)&#10;        at java.util.concurrent.ThreadPoolExecutor$Worker.run(ThreadPoolExecutor.java:624)&#10;        at java.lang.Thread.run(Thread.java:748)&#10;&quot;OMDoubleBufferFlushThread&quot; daemon prio=5 tid=110 timed_waiting&#10;java.lang.Thread.State: TIMED_WAITING&#10;        at java.lang.Object.wait(Native Method)&#10;        at org.apache.hadoop.ozone.om.ratis.OzoneManagerDoubleBuffer.canFlush(OzoneManagerDoubleBuffer.java:344)&#10;        at org.apache.hadoop.ozone.om.ratis.OzoneManagerDoubleBuffer.flushTransactions(OzoneManagerDoubleBuffer.java:133)&#10;        at org.apache.hadoop.ozone.om.ratis.OzoneManagerDoubleBuffer$$Lambda$115/447614849.run(Unknown Source)&#10;        at java.lang.Thread.run(Thread.java:748)&#10;&quot;PartialTableCache Cleanup Thread - 0&quot; daemon prio=5 tid=507 in Object.wait()&#10;java.lang.Thread.State: WAITING (on object monitor)&#10;        at sun.misc.Unsafe.park(Native Method)&#10;        at java.util.concurrent.locks.LockSupport.park(LockSupport.java:175)&#10;        at java.util.concurrent.locks.AbstractQueuedSynchronizer$ConditionObject.await(AbstractQueuedSynchronizer.java:2039)&#10;        at java.util.concurrent.LinkedBlockingQueue.take(LinkedBlockingQueue.java:442)&#10;        at java.util.concurrent.ThreadPoolExecutor.getTask(ThreadPoolExecutor.java:1074)&#10;        at java.util.concurrent.ThreadPoolExecutor.runWorker(ThreadPoolExecutor.java:1134)&#10;        at java.util.concurrent.ThreadPoolExecutor$Worker.run(ThreadPoolExecutor.java:624)&#10;        at java.lang.Thread.run(Thread.java:748)&#10;&quot;PartialTableCache Cleanup Thread - 0&quot; daemon prio=5 tid=486 in Object.wait()&#10;java.lang.Thread.State: WAITING (on object monitor)&#10;        at sun.misc.Unsafe.park(Native Method)&#10;        at java.util.concurrent.locks.LockSupport.park(LockSupport.java:175)&#10;        at java.util.concurrent.locks.AbstractQueuedSynchronizer$ConditionObject.await(AbstractQueuedSynchronizer.java:2039)&#10;        at java.util.concurrent.LinkedBlockingQueue.take(LinkedBlockingQueue.java:442)&#10;        at java.util.concurrent.ThreadPoolExecutor.getTask(ThreadPoolExecutor.java:1074)&#10;        at java.util.concurrent.ThreadPoolExecutor.runWorker(ThreadPoolExecutor.java:1134)&#10;        at java.util.concurrent.ThreadPoolExecutor$Worker.run(ThreadPoolExecutor.java:624)&#10;        at java.lang.Thread.run(Thread.java:748)&#10;&quot;OMDoubleBufferFlushThread&quot; daemon prio=5 tid=202 timed_waiting&#10;java.lang.Thread.State: TIMED_WAITING&#10;        at java.lang.Object.wait(Native Method)&#10;        at org.apache.hadoop.ozone.om.ratis.OzoneManagerDoubleBuffer.canFlush(OzoneManagerDoubleBuffer.java:344)&#10;        at org.apache.hadoop.ozone.om.ratis.OzoneManagerDoubleBuffer.flushTransactions(OzoneManagerDoubleBuffer.java:133)&#10;        at org.apache.hadoop.ozone.om.ratis.OzoneManagerDoubleBuffer$$Lambda$115/447614849.run(Unknown Source)&#10;        at java.lang.Thread.run(Thread.java:748)&#10;&quot;PartialTableCache Cleanup Thread - 0&quot; daemon prio=5 tid=514 in Object.wait()&#10;java.lang.Thread.State: WAITING (on object monitor)&#10;        at sun.misc.Unsafe.park(Native Method)&#10;        at java.util.concurrent.locks.LockSupport.park(LockSupport.java:175)&#10;        at java.util.concurrent.locks.AbstractQueuedSynchronizer$ConditionObject.await(AbstractQueuedSynchronizer.java:2039)&#10;        at java.util.concurrent.LinkedBlockingQueue.take(LinkedBlockingQueue.java:442)&#10;        at java.util.concurrent.ThreadPoolExecutor.getTask(ThreadPoolExecutor.java:1074)&#10;        at java.util.concurrent.ThreadPoolExecutor.runWorker(ThreadPoolExecutor.java:1134)&#10;        at java.util.concurrent.ThreadPoolExecutor$Worker.run(ThreadPoolExecutor.java:624)&#10;        at java.lang.Thread.run(Thread.java:748)&#10;&quot;PartialTableCache Cleanup Thread - 0&quot; daemon prio=5 tid=508 in Object.wait()&#10;java.lang.Thread.State: WAITING (on object monitor)&#10;        at sun.misc.Unsafe.park(Native Method)&#10;        at java.util.concurrent.locks.LockSupport.park(LockSupport.java:175)&#10;        at java.util.concurrent.locks.AbstractQueuedSynchronizer$ConditionObject.await(AbstractQueuedSynchronizer.java:2039)&#10;        at java.util.concurrent.LinkedBlockingQueue.take(LinkedBlockingQueue.java:442)&#10;        at java.util.concurrent.ThreadPoolExecutor.getTask(ThreadPoolExecutor.java:1074)&#10;        at java.util.concurrent.ThreadPoolExecutor.runWorker(ThreadPoolExecutor.java:1134)&#10;        at java.util.concurrent.ThreadPoolExecutor$Worker.run(ThreadPoolExecutor.java:624)&#10;        at java.lang.Thread.run(Thread.java:748)&#10;&quot;surefire-forkedjvm-command-thread&quot; daemon prio=5 tid=9 runnable&#10;java.lang.Thread.State: RUNNABLE&#10;        at java.io.FileInputStream.readBytes(Native Method)&#10;        at java.io.FileInputStream.read(FileInputStream.java:255)&#10;        at java.io.BufferedInputStream.fill(BufferedInputStream.java:246)&#10;        at java.io.BufferedInputStream.read(BufferedInputStream.java:265)&#10;        at java.io.DataInputStream.readInt(DataInputStream.java:387)&#10;        at org.apache.maven.surefire.booter.MasterProcessCommand.decode(MasterProcessCommand.java:115)&#10;        at org.apache.maven.surefire.booter.CommandReader$CommandRunnable.run(CommandReader.java:390)&#10;        at java.lang.Thread.run(Thread.java:748)&#10;&quot;java.util.concurrent.ThreadPoolExecutor$Worker@6aea1d3e[State = -1, empty queue]&quot; daemon prio=5 tid=421 timed_waiting&#10;java.lang.Thread.State: TIMED_WAITING&#10;        at sun.misc.Unsafe.park(Native Method)&#10;        at java.util.concurrent.locks.LockSupport.parkNanos(LockSupport.java:215)&#10;        at java.util.concurrent.locks.AbstractQueuedSynchronizer$ConditionObject.awaitNanos(AbstractQueuedSynchronizer.java:2078)&#10;        at java.util.concurrent.ScheduledThreadPoolExecutor$DelayedWorkQueue.take(ScheduledThreadPoolExecutor.java:1093)&#10;        at java.util.concurrent.ScheduledThreadPoolExecutor$DelayedWorkQueue.take(ScheduledThreadPoolExecutor.java:809)&#10;        at java.util.concurrent.ThreadPoolExecutor.getTask(ThreadPoolExecutor.java:1074)&#10;        at java.util.concurrent.ThreadPoolExecutor.runWorker(ThreadPoolExecutor.java:1134)&#10;        at java.util.concurrent.ThreadPoolExecutor$Worker.run(ThreadPoolExecutor.java:624)&#10;        at java.lang.Thread.run(Thread.java:748)&#10;&quot;PartialTableCache Cleanup Thread - 0&quot; daemon prio=5 tid=501 in Object.wait()&#10;java.lang.Thread.State: WAITING (on object monitor)&#10;        at sun.misc.Unsafe.park(Native Method)&#10;        at java.util.concurrent.locks.LockSupport.park(LockSupport.java:175)&#10;        at java.util.concurrent.locks.AbstractQueuedSynchronizer$ConditionObject.await(AbstractQueuedSynchronizer.java:2039)&#10;        at java.util.concurrent.LinkedBlockingQueue.take(LinkedBlockingQueue.java:442)&#10;        at java.util.concurrent.ThreadPoolExecutor.getTask(ThreadPoolExecutor.java:1074)&#10;        at java.util.concurrent.ThreadPoolExecutor.runWorker(ThreadPoolExecutor.java:1134)&#10;        at java.util.concurrent.ThreadPoolExecutor$Worker.run(ThreadPoolExecutor.java:624)&#10;        at java.lang.Thread.run(Thread.java:748)&#10;&quot;pool-25-thread-1&quot;  prio=5 tid=109 timed_waiting&#10;java.lang.Thread.State: TIMED_WAITING&#10;        at sun.misc.Unsafe.park(Native Method)&#10;        at java.util.concurrent.locks.LockSupport.parkNanos(LockSupport.java:215)&#10;        at java.util.concurrent.locks.AbstractQueuedSynchronizer$ConditionObject.awaitNanos(AbstractQueuedSynchronizer.java:2078)&#10;        at java.util.concurrent.ScheduledThreadPoolExecutor$DelayedWorkQueue.take(ScheduledThreadPoolExecutor.java:1093)&#10;        at java.util.concurrent.ScheduledThreadPoolExecutor$DelayedWorkQueue.take(ScheduledThreadPoolExecutor.java:809)&#10;        at java.util.concurrent.ThreadPoolExecutor.getTask(ThreadPoolExecutor.java:1074)&#10;        at java.util.concurrent.ThreadPoolExecutor.runWorker(ThreadPoolExecutor.java:1134)&#10;        at java.util.concurrent.ThreadPoolExecutor$Worker.run(ThreadPoolExecutor.java:624)&#10;        at java.lang.Thread.run(Thread.java:748)&#10;&quot;process reaper&quot; daemon prio=10 tid=11 timed_waiting&#10;java.lang.Thread.State: TIMED_WAITING&#10;        at sun.misc.Unsafe.park(Native Method)&#10;        at java.util.concurrent.locks.LockSupport.parkNanos(LockSupport.java:215)&#10;        at java.util.concurrent.SynchronousQueue$TransferStack.awaitFulfill(SynchronousQueue.java:460)&#10;        at java.util.concurrent.SynchronousQueue$TransferStack.transfer(SynchronousQueue.java:362)&#10;        at java.util.concurrent.SynchronousQueue.poll(SynchronousQueue.java:941)&#10;        at java.util.concurrent.ThreadPoolExecutor.getTask(ThreadPoolExecutor.java:1073)&#10;        at java.util.concurrent.ThreadPoolExecutor.runWorker(ThreadPoolExecutor.java:1134)&#10;        at java.util.concurrent.ThreadPoolExecutor$Worker.run(ThreadPoolExecutor.java:624)&#10;        at java.lang.Thread.run(Thread.java:748)&#10;&quot;PartialTableCache Cleanup Thread - 0&quot; daemon prio=5 tid=490 in Object.wait()&#10;java.lang.Thread.State: WAITING (on object monitor)&#10;        at sun.misc.Unsafe.park(Native Method)&#10;        at java.util.concurrent.locks.LockSupport.park(LockSupport.java:175)&#10;        at java.util.concurrent.locks.AbstractQueuedSynchronizer$ConditionObject.await(AbstractQueuedSynchronizer.java:2039)&#10;        at java.util.concurrent.LinkedBlockingQueue.take(LinkedBlockingQueue.java:442)&#10;        at java.util.concurrent.ThreadPoolExecutor.getTask(ThreadPoolExecutor.java:1074)&#10;        at java.util.concurrent.ThreadPoolExecutor.runWorker(ThreadPoolExecutor.java:1134)&#10;        at java.util.concurrent.ThreadPoolExecutor$Worker.run(ThreadPoolExecutor.java:624)&#10;        at java.lang.Thread.run(Thread.java:748)&#10;&quot;Timer-3&quot; daemon prio=5 tid=246 timed_waiting&#10;java.lang.Thread.State: TIMED_WAITING&#10;        at java.lang.Object.wait(Native Method)&#10;        at java.util.TimerThread.mainLoop(Timer.java:552)&#10;        at java.util.TimerThread.run(Timer.java:505)&#10;&quot;PartialTableCache Cleanup Thread - 0&quot; daemon prio=5 tid=503 in Object.wait()&#10;java.lang.Thread.State: WAITING (on object monitor)&#10;        at sun.misc.Unsafe.park(Native Method)&#10;        at java.util.concurrent.locks.LockSupport.park(LockSupport.java:175)&#10;        at java.util.concurrent.locks.AbstractQueuedSynchronizer$ConditionObject.await(AbstractQueuedSynchronizer.java:2039)&#10;        at java.util.concurrent.LinkedBlockingQueue.take(LinkedBlockingQueue.java:442)&#10;        at java.util.concurrent.ThreadPoolExecutor.getTask(ThreadPoolExecutor.java:1074)&#10;        at java.util.concurrent.ThreadPoolExecutor.runWorker(ThreadPoolExecutor.java:1134)&#10;        at java.util.concurrent.ThreadPoolExecutor$Worker.run(ThreadPoolExecutor.java:624)&#10;        at java.lang.Thread.run(Thread.java:748)&#10;&quot;PartialTableCache Cleanup Thread - 0&quot; daemon prio=5 tid=504 in Object.wait()&#10;java.lang.Thread.State: WAITING (on object monitor)&#10;        at sun.misc.Unsafe.park(Native Method)&#10;        at java.util.concurrent.locks.LockSupport.park(LockSupport.java:175)&#10;        at java.util.concurrent.locks.AbstractQueuedSynchronizer$ConditionObject.await(AbstractQueuedSynchronizer.java:2039)&#10;        at java.util.concurrent.LinkedBlockingQueue.take(LinkedBlockingQueue.java:442)&#10;        at java.util.concurrent.ThreadPoolExecutor.getTask(ThreadPoolExecutor.java:1074)&#10;        at java.util.concurrent.ThreadPoolExecutor.runWorker(ThreadPoolExecutor.java:1134)&#10;        at java.util.concurrent.ThreadPoolExecutor$Worker.run(ThreadPoolExecutor.java:624)&#10;        at java.lang.Thread.run(Thread.java:748)&#10;&quot;Datanode ReportManager Thread - 0&quot; daemon prio=5 tid=329 timed_waiting&#10;java.lang.Thread.State: TIMED_WAITING&#10;        at sun.misc.Unsafe.park(Native Method)&#10;        at java.util.concurrent.locks.LockSupport.parkNanos(LockSupport.java:215)&#10;        at java.util.concurrent.locks.AbstractQueuedSynchronizer$ConditionObject.awaitNanos(AbstractQueuedSynchronizer.java:2078)&#10;        at java.util.concurrent.ScheduledThreadPoolExecutor$DelayedWorkQueue.take(ScheduledThreadPoolExecutor.java:1093)&#10;        at java.util.concurrent.ScheduledThreadPoolExecutor$DelayedWorkQueue.take(ScheduledThreadPoolExecutor.java:809)&#10;        at java.util.concurrent.ThreadPoolExecutor.getTask(ThreadPoolExecutor.java:1074)&#10;        at java.util.concurrent.ThreadPoolExecutor.runWorker(ThreadPoolExecutor.java:1134)&#10;        at java.util.concurrent.ThreadPoolExecutor$Worker.run(ThreadPoolExecutor.java:624)&#10;        at java.lang.Thread.run(Thread.java:748)&#10;&quot;jaeger.RemoteReporter-QueueProcessor&quot; daemon prio=5 tid=244 in Object.wait()&#10;java.lang.Thread.State: WAITING (on object monitor)&#10;        at sun.misc.Unsafe.park(Native Method)&#10;        at java.util.concurrent.locks.LockSupport.park(LockSupport.java:175)&#10;        at java.util.concurrent.locks.AbstractQueuedSynchronizer$ConditionObject.await(AbstractQueuedSynchronizer.java:2039)&#10;        at java.util.concurrent.ArrayBlockingQueue.take(ArrayBlockingQueue.java:403)&#10;        at io.jaegertracing.internal.reporters.RemoteReporter$QueueProcessor.run(RemoteReporter.java:174)&#10;        at java.lang.Thread.run(Thread.java:748)&#10;&quot;Finalizer&quot; daemon prio=8 tid=3 in Object.wait()&#10;java.lang.Thread.State: WAITING (on object monitor)&#10;        at java.lang.Object.wait(Native Method)&#10;        at java.lang.ref.ReferenceQueue.remove(ReferenceQueue.java:144)&#10;        at java.lang.ref.ReferenceQueue.remove(ReferenceQueue.java:165)&#10;        at java.lang.ref.Finalizer$FinalizerThread.run(Finalizer.java:216)&#10;&quot;main&quot;  prio=5 tid=1 runnable&#10;java.lang.Thread.State: RUNNABLE&#10;        at java.lang.Thread.dumpThreads(Native Method)&#10;        at java.lang.Thread.getAllStackTraces(Thread.java:1610)&#10;        at org.apache.hadoop.test.TimedOutTestsListener.buildThreadDump(TimedOutTestsListener.java:93)&#10;        at org.apache.hadoop.test.TimedOutTestsListener.buildThreadDiagnosticString(TimedOutTestsListener.java:79)&#10;        at org.apache.hadoop.test.GenericTestUtils.waitFor(GenericTestUtils.java:225)&#10;        at org.apache.hadoop.ozone.om.parser.TestOMRatisLogParser.testRatisLogParsing(TestOMRatisLogParser.java:113)&#10;        at sun.reflect.NativeMethodAccessorImpl.invoke0(Native Method)&#10;        at sun.reflect.NativeMethodAccessorImpl.invoke(NativeMethodAccessorImpl.java:62)&#10;        at sun.reflect.DelegatingMethodAccessorImpl.invoke(DelegatingMethodAccessorImpl.java:43)&#10;        at java.lang.reflect.Method.invoke(Method.java:498)&#10;        at org.junit.runners.model.FrameworkMethod$1.runReflectiveCall(FrameworkMethod.java:47)&#10;        at org.junit.internal.runners.model.ReflectiveCallable.run(ReflectiveCallable.java:12)&#10;        at org.junit.runners.model.FrameworkMethod.invokeExplosively(FrameworkMethod.java:44)&#10;        at org.junit.internal.runners.statements.InvokeMethod.evaluate(InvokeMethod.java:17)&#10;        at org.junit.internal.runners.statements.RunBefores.evaluate(RunBefores.java:26)&#10;        at org.junit.internal.runners.statements.RunAfters.evaluate(RunAfters.java:27)&#10;        at org.junit.runners.ParentRunner.runLeaf(ParentRunner.java:271)&#10;        at org.junit.runners.BlockJUnit4ClassRunner.runChild(BlockJUnit4ClassRunner.java:70)&#10;        at org.junit.runners.BlockJUnit4ClassRunner.runChild(BlockJUnit4ClassRunner.java:50)&#10;        at org.junit.runners.ParentRunner$3.run(ParentRunner.java:238)&#10;        at org.junit.runners.ParentRunner$1.schedule(ParentRunner.java:63)&#10;        at org.junit.runners.ParentRunner.runChildren(ParentRunner.java:236)&#10;        at org.junit.runners.ParentRunner.access$000(ParentRunner.java:53)&#10;        at org.junit.runners.ParentRunner$2.evaluate(ParentRunner.java:229)&#10;        at org.junit.runners.ParentRunner.run(ParentRunner.java:309)&#10;        at org.apache.maven.surefire.junit4.JUnit4Provider.execute(JUnit4Provider.java:365)&#10;        at org.apache.maven.surefire.junit4.JUnit4Provider.executeWithRerun(JUnit4Provider.java:273)&#10;        at org.apache.maven.surefire.junit4.JUnit4Provider.executeTestSet(JUnit4Provider.java:238)&#10;        at org.apache.maven.surefire.junit4.JUnit4Provider.invoke(JUnit4Provider.java:159)&#10;        at org.apache.maven.surefire.booter.ForkedBooter.invokeProviderInSameClassLoader(ForkedBooter.java:384)&#10;        at org.apache.maven.surefire.booter.ForkedBooter.runSuitesInProcess(ForkedBooter.java:345)&#10;        at org.apache.maven.surefire.booter.ForkedBooter.execute(ForkedBooter.java:126)&#10;        at org.apache.maven.surefire.booter.ForkedBooter.main(ForkedBooter.java:418)&#10;&quot;Datanode ReportManager Thread - 0&quot; daemon prio=5 tid=301 in Object.wait()&#10;java.lang.Thread.State: WAITING (on object monitor)&#10;        at sun.misc.Unsafe.park(Native Method)&#10;        at java.util.concurrent.locks.LockSupport.park(LockSupport.java:175)&#10;        at java.util.concurrent.locks.AbstractQueuedSynchronizer$ConditionObject.await(AbstractQueuedSynchronizer.java:2039)&#10;        at java.util.concurrent.ScheduledThreadPoolExecutor$DelayedWorkQueue.take(ScheduledThreadPoolExecutor.java:1088)&#10;        at java.util.concurrent.ScheduledThreadPoolExecutor$DelayedWorkQueue.take(ScheduledThreadPoolExecutor.java:809)&#10;        at java.util.concurrent.ThreadPoolExecutor.getTask(ThreadPoolExecutor.java:1074)&#10;        at java.util.concurrent.ThreadPoolExecutor.runWorker(ThreadPoolExecutor.java:1134)&#10;        at java.util.concurrent.ThreadPoolExecutor$Worker.run(ThreadPoolExecutor.java:624)&#10;        at java.lang.Thread.run(Thread.java:748)&#10;&quot;Datanode ReportManager Thread - 1&quot; daemon prio=5 tid=306 in Object.wait()&#10;java.lang.Thread.State: WAITING (on object monitor)&#10;        at sun.misc.Unsafe.park(Native Method)&#10;        at java.util.concurrent.locks.LockSupport.park(LockSupport.java:175)&#10;        at java.util.concurrent.locks.AbstractQueuedSynchronizer$ConditionObject.await(AbstractQueuedSynchronizer.java:2039)&#10;        at java.util.concurrent.ScheduledThreadPoolExecutor$DelayedWorkQueue.take(ScheduledThreadPoolExecutor.java:1088)&#10;        at java.util.concurrent.ScheduledThreadPoolExecutor$DelayedWorkQueue.take(ScheduledThreadPoolExecutor.java:809)&#10;        at java.util.concurrent.ThreadPoolExecutor.getTask(ThreadPoolExecutor.java:1074)&#10;        at java.util.concurrent.ThreadPoolExecutor.runWorker(ThreadPoolExecutor.java:1134)&#10;        at java.util.concurrent.ThreadPoolExecutor$Worker.run(ThreadPoolExecutor.java:624)&#10;        at java.lang.Thread.run(Thread.java:748)&#10;&quot;PartialTableCache Cleanup Thread - 0&quot; daemon prio=5 tid=491 in Object.wait()&#10;java.lang.Thread.State: WAITING (on object monitor)&#10;        at sun.misc.Unsafe.park(Native Method)&#10;        at java.util.concurrent.locks.LockSupport.park(LockSupport.java:175)&#10;        at java.util.concurrent.locks.AbstractQueuedSynchronizer$ConditionObject.await(AbstractQueuedSynchronizer.java:2039)&#10;        at java.util.concurrent.LinkedBlockingQueue.take(LinkedBlockingQueue.java:442)&#10;        at java.util.concurrent.ThreadPoolExecutor.getTask(ThreadPoolExecutor.java:1074)&#10;        at java.util.concurrent.ThreadPoolExecutor.runWorker(ThreadPoolExecutor.java:1134)&#10;        at java.util.concurrent.ThreadPoolExecutor$Worker.run(ThreadPoolExecutor.java:624)&#10;        at java.lang.Thread.run(Thread.java:748)&#10;&quot;Signal Dispatcher&quot; daemon prio=9 tid=4 runnable&#10;java.lang.Thread.State: RUNNABLE&#10;&quot;PartialTableCache Cleanup Thread - 0&quot; daemon prio=5 tid=496 in Object.wait()&#10;java.lang.Thread.State: WAITING (on object monitor)&#10;        at sun.misc.Unsafe.park(Native Method)&#10;        at java.util.concurrent.locks.LockSupport.park(LockSupport.java:175)&#10;        at java.util.concurrent.locks.AbstractQueuedSynchronizer$ConditionObject.await(AbstractQueuedSynchronizer.java:2039)&#10;        at java.util.concurrent.LinkedBlockingQueue.take(LinkedBlockingQueue.java:442)&#10;        at java.util.concurrent.ThreadPoolExecutor.getTask(ThreadPoolExecutor.java:1074)&#10;        at java.util.concurrent.ThreadPoolExecutor.runWorker(ThreadPoolExecutor.java:1134)&#10;        at java.util.concurrent.ThreadPoolExecutor$Worker.run(ThreadPoolExecutor.java:624)&#10;        at java.lang.Thread.run(Thread.java:748)&#10;&quot;PartialTableCache Cleanup Thread - 0&quot; daemon prio=5 tid=483 in Object.wait()&#10;java.lang.Thread.State: WAITING (on object monitor)&#10;        at sun.misc.Unsafe.park(Native Method)&#10;        at java.util.concurrent.locks.LockSupport.park(LockSupport.java:175)&#10;        at java.util.concurrent.locks.AbstractQueuedSynchronizer$ConditionObject.await(AbstractQueuedSynchronizer.java:2039)&#10;        at java.util.concurrent.LinkedBlockingQueue.take(LinkedBlockingQueue.java:442)&#10;        at java.util.concurrent.ThreadPoolExecutor.getTask(ThreadPoolExecutor.java:1074)&#10;        at java.util.concurrent.ThreadPoolExecutor.runWorker(ThreadPoolExecutor.java:1134)&#10;        at java.util.concurrent.ThreadPoolExecutor$Worker.run(ThreadPoolExecutor.java:624)&#10;        at java.lang.Thread.run(Thread.java:748)&#10;&quot;PartialTableCache Cleanup Thread - 0&quot; daemon prio=5 tid=489 in Object.wait()&#10;java.lang.Thread.State: WAITING (on object monitor)&#10;        at sun.misc.Unsafe.park(Native Method)&#10;        at java.util.concurrent.locks.LockSupport.park(LockSupport.java:175)&#10;        at java.util.concurrent.locks.AbstractQueuedSynchronizer$ConditionObject.await(AbstractQueuedSynchronizer.java:2039)&#10;        at java.util.concurrent.LinkedBlockingQueue.take(LinkedBlockingQueue.java:442)&#10;        at java.util.concurrent.ThreadPoolExecutor.getTask(ThreadPoolExecutor.java:1074)&#10;        at java.util.concurrent.ThreadPoolExecutor.runWorker(ThreadPoolExecutor.java:1134)&#10;        at java.util.concurrent.ThreadPoolExecutor$Worker.run(ThreadPoolExecutor.java:624)&#10;        at java.lang.Thread.run(Thread.java:748)&#10;&quot;jaeger.RemoteReporter-FlushTimer&quot; daemon prio=5 tid=245 timed_waiting&#10;java.lang.Thread.State: TIMED_WAITING&#10;        at java.lang.Object.wait(Native Method)&#10;        at java.util.TimerThread.mainLoop(Timer.java:552)&#10;        at java.util.TimerThread.run(Timer.java:505)&#10;&#10;" type="java.util.concurrent.TimeoutException">java.util.concurrent.TimeoutException: 
Timed out waiting for condition. Thread diagnostics:
Timestamp: 2020-04-24 09:10:05,969

"PartialTableCache Cleanup Thread - 0" daemon prio=5 tid=488 in Object.wait()
java.lang.Thread.State: WAITING (on object monitor)
        at sun.misc.Unsafe.park(Native Method)
        at java.util.concurrent.locks.LockSupport.park(LockSupport.java:175)
        at java.util.concurrent.locks.AbstractQueuedSynchronizer$ConditionObject.await(AbstractQueuedSynchronizer.java:2039)
        at java.util.concurrent.LinkedBlockingQueue.take(LinkedBlockingQueue.java:442)
        at java.util.concurrent.ThreadPoolExecutor.getTask(ThreadPoolExecutor.java:1074)
        at java.util.concurrent.ThreadPoolExecutor.runWorker(ThreadPoolExecutor.java:1134)
        at java.util.concurrent.ThreadPoolExecutor$Worker.run(ThreadPoolExecutor.java:624)
        at java.lang.Thread.run(Thread.java:748)
"PartialTableCache Cleanup Thread - 0" daemon prio=5 tid=492 in Object.wait()
java.lang.Thread.State: WAITING (on object monitor)
        at sun.misc.Unsafe.park(Native Method)
        at java.util.concurrent.locks.LockSupport.park(LockSupport.java:175)
        at java.util.concurrent.locks.AbstractQueuedSynchronizer$ConditionObject.await(AbstractQueuedSynchronizer.java:2039)
        at java.util.concurrent.LinkedBlockingQueue.take(LinkedBlockingQueue.java:442)
        at java.util.concurrent.ThreadPoolExecutor.getTask(ThreadPoolExecutor.java:1074)
        at java.util.concurrent.ThreadPoolExecutor.runWorker(ThreadPoolExecutor.java:1134)
        at java.util.concurrent.ThreadPoolExecutor$Worker.run(ThreadPoolExecutor.java:624)
        at java.lang.Thread.run(Thread.java:748)
"OMDoubleBufferFlushThread" daemon prio=5 tid=157 timed_waiting
java.lang.Thread.State: TIMED_WAITING
        at java.lang.Object.wait(Native Method)
        at org.apache.hadoop.ozone.om.ratis.OzoneManagerDoubleBuffer.canFlush(OzoneManagerDoubleBuffer.java:344)
        at org.apache.hadoop.ozone.om.ratis.OzoneManagerDoubleBuffer.flushTransactions(OzoneManagerDoubleBuffer.java:133)
        at org.apache.hadoop.ozone.om.ratis.OzoneManagerDoubleBuffer$$Lambda$115/447614849.run(Unknown Source)
        at java.lang.Thread.run(Thread.java:748)
"PartialTableCache Cleanup Thread - 0" daemon prio=5 tid=505 in Object.wait()
java.lang.Thread.State: WAITING (on object monitor)
        at sun.misc.Unsafe.park(Native Method)
        at java.util.concurrent.locks.LockSupport.park(LockSupport.java:175)
        at java.util.concurrent.locks.AbstractQueuedSynchronizer$ConditionObject.await(AbstractQueuedSynchronizer.java:2039)
        at java.util.concurrent.LinkedBlockingQueue.take(LinkedBlockingQueue.java:442)
        at java.util.concurrent.ThreadPoolExecutor.getTask(ThreadPoolExecutor.java:1074)
        at java.util.concurrent.ThreadPoolExecutor.runWorker(ThreadPoolExecutor.java:1134)
        at java.util.concurrent.ThreadPoolExecutor$Worker.run(ThreadPoolExecutor.java:624)
        at java.lang.Thread.run(Thread.java:748)
"Datanode ReportManager Thread - 1" daemon prio=5 tid=330 in Object.wait()
java.lang.Thread.State: WAITING (on object monitor)
        at sun.misc.Unsafe.park(Native Method)
        at java.util.concurrent.locks.LockSupport.park(LockSupport.java:175)
        at java.util.concurrent.locks.AbstractQueuedSynchronizer$ConditionObject.await(AbstractQueuedSynchronizer.java:2039)
        at java.util.concurrent.ScheduledThreadPoolExecutor$DelayedWorkQueue.take(ScheduledThreadPoolExecutor.java:1088)
        at java.util.concurrent.ScheduledThreadPoolExecutor$DelayedWorkQueue.take(ScheduledThreadPoolExecutor.java:809)
        at java.util.concurrent.ThreadPoolExecutor.getTask(ThreadPoolExecutor.java:1074)
        at java.util.concurrent.ThreadPoolExecutor.runWorker(ThreadPoolExecutor.java:1134)
        at java.util.concurrent.ThreadPoolExecutor$Worker.run(ThreadPoolExecutor.java:624)
        at java.lang.Thread.run(Thread.java:748)
"PartialTableCache Cleanup Thread - 0" daemon prio=5 tid=510 in Object.wait()
java.lang.Thread.State: WAITING (on object monitor)
        at sun.misc.Unsafe.park(Native Method)
        at java.util.concurrent.locks.LockSupport.park(LockSupport.java:175)
        at java.util.concurrent.locks.AbstractQueuedSynchronizer$ConditionObject.await(AbstractQueuedSynchronizer.java:2039)
        at java.util.concurrent.LinkedBlockingQueue.take(LinkedBlockingQueue.java:442)
        at java.util.concurrent.ThreadPoolExecutor.getTask(ThreadPoolExecutor.java:1074)
        at java.util.concurrent.ThreadPoolExecutor.runWorker(ThreadPoolExecutor.java:1134)
        at java.util.concurrent.ThreadPoolExecutor$Worker.run(ThreadPoolExecutor.java:624)
        at java.lang.Thread.run(Thread.java:748)
"PartialTableCache Cleanup Thread - 0" daemon prio=5 tid=497 in Object.wait()
java.lang.Thread.State: WAITING (on object monitor)
        at sun.misc.Unsafe.park(Native Method)
        at java.util.concurrent.locks.LockSupport.park(LockSupport.java:175)
        at java.util.concurrent.locks.AbstractQueuedSynchronizer$ConditionObject.await(AbstractQueuedSynchronizer.java:2039)
        at java.util.concurrent.LinkedBlockingQueue.take(LinkedBlockingQueue.java:442)
        at java.util.concurrent.ThreadPoolExecutor.getTask(ThreadPoolExecutor.java:1074)
        at java.util.concurrent.ThreadPoolExecutor.runWorker(ThreadPoolExecutor.java:1134)
        at java.util.concurrent.ThreadPoolExecutor$Worker.run(ThreadPoolExecutor.java:624)
        at java.lang.Thread.run(Thread.java:748)
"PartialTableCache Cleanup Thread - 0" daemon prio=5 tid=499 in Object.wait()
java.lang.Thread.State: WAITING (on object monitor)
        at sun.misc.Unsafe.park(Native Method)
        at java.util.concurrent.locks.LockSupport.park(LockSupport.java:175)
        at java.util.concurrent.locks.AbstractQueuedSynchronizer$ConditionObject.await(AbstractQueuedSynchronizer.java:2039)
        at java.util.concurrent.LinkedBlockingQueue.take(LinkedBlockingQueue.java:442)
        at java.util.concurrent.ThreadPoolExecutor.getTask(ThreadPoolExecutor.java:1074)
        at java.util.concurrent.ThreadPoolExecutor.runWorker(ThreadPoolExecutor.java:1134)
        at java.util.concurrent.ThreadPoolExecutor$Worker.run(ThreadPoolExecutor.java:624)
        at java.lang.Thread.run(Thread.java:748)
"Datanode ReportManager Thread - 0" daemon prio=5 tid=265 in Object.wait()
java.lang.Thread.State: WAITING (on object monitor)
        at sun.misc.Unsafe.park(Native Method)
        at java.util.concurrent.locks.LockSupport.park(LockSupport.java:175)
        at java.util.concurrent.locks.AbstractQueuedSynchronizer$ConditionObject.await(AbstractQueuedSynchronizer.java:2039)
        at java.util.concurrent.ScheduledThreadPoolExecutor$DelayedWorkQueue.take(ScheduledThreadPoolExecutor.java:1088)
        at java.util.concurrent.ScheduledThreadPoolExecutor$DelayedWorkQueue.take(ScheduledThreadPoolExecutor.java:809)
        at java.util.concurrent.ThreadPoolExecutor.getTask(ThreadPoolExecutor.java:1074)
        at java.util.concurrent.ThreadPoolExecutor.runWorker(ThreadPoolExecutor.java:1134)
        at java.util.concurrent.ThreadPoolExecutor$Worker.run(ThreadPoolExecutor.java:624)
        at java.lang.Thread.run(Thread.java:748)
"pool-43-thread-1"  prio=5 tid=156 timed_waiting
java.lang.Thread.State: TIMED_WAITING
        at sun.misc.Unsafe.park(Native Method)
        at java.util.concurrent.locks.LockSupport.parkNanos(LockSupport.java:215)
        at java.util.concurrent.locks.AbstractQueuedSynchronizer$ConditionObject.awaitNanos(AbstractQueuedSynchronizer.java:2078)
        at java.util.concurrent.ScheduledThreadPoolExecutor$DelayedWorkQueue.take(ScheduledThreadPoolExecutor.java:1093)
        at java.util.concurrent.ScheduledThreadPoolExecutor$DelayedWorkQueue.take(ScheduledThreadPoolExecutor.java:809)
        at java.util.concurrent.ThreadPoolExecutor.getTask(ThreadPoolExecutor.java:1074)
        at java.util.concurrent.ThreadPoolExecutor.runWorker(ThreadPoolExecutor.java:1134)
        at java.util.concurrent.ThreadPoolExecutor$Worker.run(ThreadPoolExecutor.java:624)
        at java.lang.Thread.run(Thread.java:748)
"Datanode ReportManager Thread - 3" daemon prio=5 tid=310 timed_waiting
java.lang.Thread.State: TIMED_WAITING
        at sun.misc.Unsafe.park(Native Method)
        at java.util.concurrent.locks.LockSupport.parkNanos(LockSupport.java:215)
        at java.util.concurrent.locks.AbstractQueuedSynchronizer$ConditionObject.awaitNanos(AbstractQueuedSynchronizer.java:2078)
        at java.util.concurrent.ScheduledThreadPoolExecutor$DelayedWorkQueue.take(ScheduledThreadPoolExecutor.java:1093)
        at java.util.concurrent.ScheduledThreadPoolExecutor$DelayedWorkQueue.take(ScheduledThreadPoolExecutor.java:809)
        at java.util.concurrent.ThreadPoolExecutor.getTask(ThreadPoolExecutor.java:1074)
        at java.util.concurrent.ThreadPoolExecutor.runWorker(ThreadPoolExecutor.java:1134)
        at java.util.concurrent.ThreadPoolExecutor$Worker.run(ThreadPoolExecutor.java:624)
        at java.lang.Thread.run(Thread.java:748)
"Datanode ReportManager Thread - 1" daemon prio=5 tid=270 in Object.wait()
java.lang.Thread.State: WAITING (on object monitor)
        at sun.misc.Unsafe.park(Native Method)
        at java.util.concurrent.locks.LockSupport.park(LockSupport.java:175)
        at java.util.concurrent.locks.AbstractQueuedSynchronizer$ConditionObject.await(AbstractQueuedSynchronizer.java:2039)
        at java.util.concurrent.ScheduledThreadPoolExecutor$DelayedWorkQueue.take(ScheduledThreadPoolExecutor.java:1088)
        at java.util.concurrent.ScheduledThreadPoolExecutor$DelayedWorkQueue.take(ScheduledThreadPoolExecutor.java:809)
        at java.util.concurrent.ThreadPoolExecutor.getTask(ThreadPoolExecutor.java:1074)
        at java.util.concurrent.ThreadPoolExecutor.runWorker(ThreadPoolExecutor.java:1134)
        at java.util.concurrent.ThreadPoolExecutor$Worker.run(ThreadPoolExecutor.java:624)
        at java.lang.Thread.run(Thread.java:748)
"PartialTableCache Cleanup Thread - 0" daemon prio=5 tid=513 in Object.wait()
java.lang.Thread.State: WAITING (on object monitor)
        at sun.misc.Unsafe.park(Native Method)
        at java.util.concurrent.locks.LockSupport.park(LockSupport.java:175)
        at java.util.concurrent.locks.AbstractQueuedSynchronizer$ConditionObject.await(AbstractQueuedSynchronizer.java:2039)
        at java.util.concurrent.LinkedBlockingQueue.take(LinkedBlockingQueue.java:442)
        at java.util.concurrent.ThreadPoolExecutor.getTask(ThreadPoolExecutor.java:1074)
        at java.util.concurrent.ThreadPoolExecutor.runWorker(ThreadPoolExecutor.java:1134)
        at java.util.concurrent.ThreadPoolExecutor$Worker.run(ThreadPoolExecutor.java:624)
        at java.lang.Thread.run(Thread.java:748)
"PartialTableCache Cleanup Thread - 0" daemon prio=5 tid=500 in Object.wait()
java.lang.Thread.State: WAITING (on object monitor)
        at sun.misc.Unsafe.park(Native Method)
        at java.util.concurrent.locks.LockSupport.park(LockSupport.java:175)
        at java.util.concurrent.locks.AbstractQueuedSynchronizer$ConditionObject.await(AbstractQueuedSynchronizer.java:2039)
        at java.util.concurrent.LinkedBlockingQueue.take(LinkedBlockingQueue.java:442)
        at java.util.concurrent.ThreadPoolExecutor.getTask(ThreadPoolExecutor.java:1074)
        at java.util.concurrent.ThreadPoolExecutor.runWorker(ThreadPoolExecutor.java:1134)
        at java.util.concurrent.ThreadPoolExecutor$Worker.run(ThreadPoolExecutor.java:624)
        at java.lang.Thread.run(Thread.java:748)
"Reference Handler" daemon prio=10 tid=2 in Object.wait()
java.lang.Thread.State: WAITING (on object monitor)
        at java.lang.Object.wait(Native Method)
        at java.lang.Object.wait(Object.java:502)
        at java.lang.ref.Reference.tryHandlePending(Reference.java:191)
        at java.lang.ref.Reference$ReferenceHandler.run(Reference.java:153)
"PartialTableCache Cleanup Thread - 0" daemon prio=5 tid=498 in Object.wait()
java.lang.Thread.State: WAITING (on object monitor)
        at sun.misc.Unsafe.park(Native Method)
        at java.util.concurrent.locks.LockSupport.park(LockSupport.java:175)
        at java.util.concurrent.locks.AbstractQueuedSynchronizer$ConditionObject.await(AbstractQueuedSynchronizer.java:2039)
        at java.util.concurrent.LinkedBlockingQueue.take(LinkedBlockingQueue.java:442)
        at java.util.concurrent.ThreadPoolExecutor.getTask(ThreadPoolExecutor.java:1074)
        at java.util.concurrent.ThreadPoolExecutor.runWorker(ThreadPoolExecutor.java:1134)
        at java.util.concurrent.ThreadPoolExecutor$Worker.run(ThreadPoolExecutor.java:624)
        at java.lang.Thread.run(Thread.java:748)
"Datanode ReportManager Thread - 2" daemon prio=5 tid=309 in Object.wait()
java.lang.Thread.State: WAITING (on object monitor)
        at sun.misc.Unsafe.park(Native Method)
        at java.util.concurrent.locks.LockSupport.park(LockSupport.java:175)
        at java.util.concurrent.locks.AbstractQueuedSynchronizer$ConditionObject.await(AbstractQueuedSynchronizer.java:2039)
        at java.util.concurrent.ScheduledThreadPoolExecutor$DelayedWorkQueue.take(ScheduledThreadPoolExecutor.java:1088)
        at java.util.concurrent.ScheduledThreadPoolExecutor$DelayedWorkQueue.take(ScheduledThreadPoolExecutor.java:809)
        at java.util.concurrent.ThreadPoolExecutor.getTask(ThreadPoolExecutor.java:1074)
        at java.util.concurrent.ThreadPoolExecutor.runWorker(ThreadPoolExecutor.java:1134)
        at java.util.concurrent.ThreadPoolExecutor$Worker.run(ThreadPoolExecutor.java:624)
        at java.lang.Thread.run(Thread.java:748)
"PartialTableCache Cleanup Thread - 0" daemon prio=5 tid=484 in Object.wait()
java.lang.Thread.State: WAITING (on object monitor)
        at sun.misc.Unsafe.park(Native Method)
        at java.util.concurrent.locks.LockSupport.park(LockSupport.java:175)
        at java.util.concurrent.locks.AbstractQueuedSynchronizer$ConditionObject.await(AbstractQueuedSynchronizer.java:2039)
        at java.util.concurrent.LinkedBlockingQueue.take(LinkedBlockingQueue.java:442)
        at java.util.concurrent.ThreadPoolExecutor.getTask(ThreadPoolExecutor.java:1074)
        at java.util.concurrent.ThreadPoolExecutor.runWorker(ThreadPoolExecutor.java:1134)
        at java.util.concurrent.ThreadPoolExecutor$Worker.run(ThreadPoolExecutor.java:624)
        at java.lang.Thread.run(Thread.java:748)
"PartialTableCache Cleanup Thread - 0" daemon prio=5 tid=494 in Object.wait()
java.lang.Thread.State: WAITING (on object monitor)
        at sun.misc.Unsafe.park(Native Method)
        at java.util.concurrent.locks.LockSupport.park(LockSupport.java:175)
        at java.util.concurrent.locks.AbstractQueuedSynchronizer$ConditionObject.await(AbstractQueuedSynchronizer.java:2039)
        at java.util.concurrent.LinkedBlockingQueue.take(LinkedBlockingQueue.java:442)
        at java.util.concurrent.ThreadPoolExecutor.getTask(ThreadPoolExecutor.java:1074)
        at java.util.concurrent.ThreadPoolExecutor.runWorker(ThreadPoolExecutor.java:1134)
        at java.util.concurrent.ThreadPoolExecutor$Worker.run(ThreadPoolExecutor.java:624)
        at java.lang.Thread.run(Thread.java:748)
"PartialTableCache Cleanup Thread - 0" daemon prio=5 tid=512 in Object.wait()
java.lang.Thread.State: WAITING (on object monitor)
        at sun.misc.Unsafe.park(Native Method)
        at java.util.concurrent.locks.LockSupport.park(LockSupport.java:175)
        at java.util.concurrent.locks.AbstractQueuedSynchronizer$ConditionObject.await(AbstractQueuedSynchronizer.java:2039)
        at java.util.concurrent.LinkedBlockingQueue.take(LinkedBlockingQueue.java:442)
        at java.util.concurrent.ThreadPoolExecutor.getTask(ThreadPoolExecutor.java:1074)
        at java.util.concurrent.ThreadPoolExecutor.runWorker(ThreadPoolExecutor.java:1134)
        at java.util.concurrent.ThreadPoolExecutor$Worker.run(ThreadPoolExecutor.java:624)
        at java.lang.Thread.run(Thread.java:748)
"IPC Parameter Sending Thread #0" daemon prio=5 tid=106 timed_waiting
java.lang.Thread.State: TIMED_WAITING
        at sun.misc.Unsafe.park(Native Method)
        at java.util.concurrent.locks.LockSupport.parkNanos(LockSupport.java:215)
        at java.util.concurrent.SynchronousQueue$TransferStack.awaitFulfill(SynchronousQueue.java:460)
        at java.util.concurrent.SynchronousQueue$TransferStack.transfer(SynchronousQueue.java:362)
        at java.util.concurrent.SynchronousQueue.poll(SynchronousQueue.java:941)
        at java.util.concurrent.ThreadPoolExecutor.getTask(ThreadPoolExecutor.java:1073)
        at java.util.concurrent.ThreadPoolExecutor.runWorker(ThreadPoolExecutor.java:1134)
        at java.util.concurrent.ThreadPoolExecutor$Worker.run(ThreadPoolExecutor.java:624)
        at java.lang.Thread.run(Thread.java:748)
"PartialTableCache Cleanup Thread - 0" daemon prio=5 tid=511 in Object.wait()
java.lang.Thread.State: WAITING (on object monitor)
        at sun.misc.Unsafe.park(Native Method)
        at java.util.concurrent.locks.LockSupport.park(LockSupport.java:175)
        at java.util.concurrent.locks.AbstractQueuedSynchronizer$ConditionObject.await(AbstractQueuedSynchronizer.java:2039)
        at java.util.concurrent.LinkedBlockingQueue.take(LinkedBlockingQueue.java:442)
        at java.util.concurrent.ThreadPoolExecutor.getTask(ThreadPoolExecutor.java:1074)
        at java.util.concurrent.ThreadPoolExecutor.runWorker(ThreadPoolExecutor.java:1134)
        at java.util.concurrent.ThreadPoolExecutor$Worker.run(ThreadPoolExecutor.java:624)
        at java.lang.Thread.run(Thread.java:748)
"Datanode ReportManager Thread - 3" daemon prio=5 tid=272 in Object.wait()
java.lang.Thread.State: WAITING (on object monitor)
        at sun.misc.Unsafe.park(Native Method)
        at java.util.concurrent.locks.LockSupport.park(LockSupport.java:175)
        at java.util.concurrent.locks.AbstractQueuedSynchronizer$ConditionObject.await(AbstractQueuedSynchronizer.java:2039)
        at java.util.concurrent.ScheduledThreadPoolExecutor$DelayedWorkQueue.take(ScheduledThreadPoolExecutor.java:1088)
        at java.util.concurrent.ScheduledThreadPoolExecutor$DelayedWorkQueue.take(ScheduledThreadPoolExecutor.java:809)
        at java.util.concurrent.ThreadPoolExecutor.getTask(ThreadPoolExecutor.java:1074)
        at java.util.concurrent.ThreadPoolExecutor.runWorker(ThreadPoolExecutor.java:1134)
        at java.util.concurrent.ThreadPoolExecutor$Worker.run(ThreadPoolExecutor.java:624)
        at java.lang.Thread.run(Thread.java:748)
"PartialTableCache Cleanup Thread - 0" daemon prio=5 tid=515 in Object.wait()
java.lang.Thread.State: WAITING (on object monitor)
        at sun.misc.Unsafe.park(Native Method)
        at java.util.concurrent.locks.LockSupport.park(LockSupport.java:175)
        at java.util.concurrent.locks.AbstractQueuedSynchronizer$ConditionObject.await(AbstractQueuedSynchronizer.java:2039)
        at java.util.concurrent.LinkedBlockingQueue.take(LinkedBlockingQueue.java:442)
        at java.util.concurrent.ThreadPoolExecutor.getTask(ThreadPoolExecutor.java:1074)
        at java.util.concurrent.ThreadPoolExecutor.runWorker(ThreadPoolExecutor.java:1134)
        at java.util.concurrent.ThreadPoolExecutor$Worker.run(ThreadPoolExecutor.java:624)
        at java.lang.Thread.run(Thread.java:748)
"Datanode ReportManager Thread - 3" daemon prio=5 tid=332 in Object.wait()
java.lang.Thread.State: WAITING (on object monitor)
        at sun.misc.Unsafe.park(Native Method)
        at java.util.concurrent.locks.LockSupport.park(LockSupport.java:175)
        at java.util.concurrent.locks.AbstractQueuedSynchronizer$ConditionObject.await(AbstractQueuedSynchronizer.java:2039)
        at java.util.concurrent.ScheduledThreadPoolExecutor$DelayedWorkQueue.take(ScheduledThreadPoolExecutor.java:1088)
        at java.util.concurrent.ScheduledThreadPoolExecutor$DelayedWorkQueue.take(ScheduledThreadPoolExecutor.java:809)
        at java.util.concurrent.ThreadPoolExecutor.getTask(ThreadPoolExecutor.java:1074)
        at java.util.concurrent.ThreadPoolExecutor.runWorker(ThreadPoolExecutor.java:1134)
        at java.util.concurrent.ThreadPoolExecutor$Worker.run(ThreadPoolExecutor.java:624)
        at java.lang.Thread.run(Thread.java:748)
"Datanode ReportManager Thread - 2" daemon prio=5 tid=331 in Object.wait()
java.lang.Thread.State: WAITING (on object monitor)
        at sun.misc.Unsafe.park(Native Method)
        at java.util.concurrent.locks.LockSupport.park(LockSupport.java:175)
        at java.util.concurrent.locks.AbstractQueuedSynchronizer$ConditionObject.await(AbstractQueuedSynchronizer.java:2039)
        at java.util.concurrent.ScheduledThreadPoolExecutor$DelayedWorkQueue.take(ScheduledThreadPoolExecutor.java:1088)
        at java.util.concurrent.ScheduledThreadPoolExecutor$DelayedWorkQueue.take(ScheduledThreadPoolExecutor.java:809)
        at java.util.concurrent.ThreadPoolExecutor.getTask(ThreadPoolExecutor.java:1074)
        at java.util.concurrent.ThreadPoolExecutor.runWorker(ThreadPoolExecutor.java:1134)
        at java.util.concurrent.ThreadPoolExecutor$Worker.run(ThreadPoolExecutor.java:624)
        at java.lang.Thread.run(Thread.java:748)
"pool-59-thread-1"  prio=5 tid=201 timed_waiting
java.lang.Thread.State: TIMED_WAITING
        at sun.misc.Unsafe.park(Native Method)
        at java.util.concurrent.locks.LockSupport.parkNanos(LockSupport.java:215)
        at java.util.concurrent.locks.AbstractQueuedSynchronizer$ConditionObject.awaitNanos(AbstractQueuedSynchronizer.java:2078)
        at java.util.concurrent.ScheduledThreadPoolExecutor$DelayedWorkQueue.take(ScheduledThreadPoolExecutor.java:1093)
        at java.util.concurrent.ScheduledThreadPoolExecutor$DelayedWorkQueue.take(ScheduledThreadPoolExecutor.java:809)
        at java.util.concurrent.ThreadPoolExecutor.getTask(ThreadPoolExecutor.java:1074)
        at java.util.concurrent.ThreadPoolExecutor.runWorker(ThreadPoolExecutor.java:1134)
        at java.util.concurrent.ThreadPoolExecutor$Worker.run(ThreadPoolExecutor.java:624)
        at java.lang.Thread.run(Thread.java:748)
"PartialTableCache Cleanup Thread - 0" daemon prio=5 tid=487 in Object.wait()
java.lang.Thread.State: WAITING (on object monitor)
        at sun.misc.Unsafe.park(Native Method)
        at java.util.concurrent.locks.LockSupport.park(LockSupport.java:175)
        at java.util.concurrent.locks.AbstractQueuedSynchronizer$ConditionObject.await(AbstractQueuedSynchronizer.java:2039)
        at java.util.concurrent.LinkedBlockingQueue.take(LinkedBlockingQueue.java:442)
        at java.util.concurrent.ThreadPoolExecutor.getTask(ThreadPoolExecutor.java:1074)
        at java.util.concurrent.ThreadPoolExecutor.runWorker(ThreadPoolExecutor.java:1134)
        at java.util.concurrent.ThreadPoolExecutor$Worker.run(ThreadPoolExecutor.java:624)
        at java.lang.Thread.run(Thread.java:748)
"PartialTableCache Cleanup Thread - 0" daemon prio=5 tid=485 in Object.wait()
java.lang.Thread.State: WAITING (on object monitor)
        at sun.misc.Unsafe.park(Native Method)
        at java.util.concurrent.locks.LockSupport.park(LockSupport.java:175)
        at java.util.concurrent.locks.AbstractQueuedSynchronizer$ConditionObject.await(AbstractQueuedSynchronizer.java:2039)
        at java.util.concurrent.LinkedBlockingQueue.take(LinkedBlockingQueue.java:442)
        at java.util.concurrent.ThreadPoolExecutor.getTask(ThreadPoolExecutor.java:1074)
        at java.util.concurrent.ThreadPoolExecutor.runWorker(ThreadPoolExecutor.java:1134)
        at java.util.concurrent.ThreadPoolExecutor$Worker.run(ThreadPoolExecutor.java:624)
        at java.lang.Thread.run(Thread.java:748)
"PartialTableCache Cleanup Thread - 0" daemon prio=5 tid=509 in Object.wait()
java.lang.Thread.State: WAITING (on object monitor)
        at sun.misc.Unsafe.park(Native Method)
        at java.util.concurrent.locks.LockSupport.park(LockSupport.java:175)
        at java.util.concurrent.locks.AbstractQueuedSynchronizer$ConditionObject.await(AbstractQueuedSynchronizer.java:2039)
        at java.util.concurrent.LinkedBlockingQueue.take(LinkedBlockingQueue.java:442)
        at java.util.concurrent.ThreadPoolExecutor.getTask(ThreadPoolExecutor.java:1074)
        at java.util.concurrent.ThreadPoolExecutor.runWorker(ThreadPoolExecutor.java:1134)
        at java.util.concurrent.ThreadPoolExecutor$Worker.run(ThreadPoolExecutor.java:624)
        at java.lang.Thread.run(Thread.java:748)
"Datanode ReportManager Thread - 2" daemon prio=5 tid=271 timed_waiting
java.lang.Thread.State: TIMED_WAITING
        at sun.misc.Unsafe.park(Native Method)
        at java.util.concurrent.locks.LockSupport.parkNanos(LockSupport.java:215)
        at java.util.concurrent.locks.AbstractQueuedSynchronizer$ConditionObject.awaitNanos(AbstractQueuedSynchronizer.java:2078)
        at java.util.concurrent.ScheduledThreadPoolExecutor$DelayedWorkQueue.take(ScheduledThreadPoolExecutor.java:1093)
        at java.util.concurrent.ScheduledThreadPoolExecutor$DelayedWorkQueue.take(ScheduledThreadPoolExecutor.java:809)
        at java.util.concurrent.ThreadPoolExecutor.getTask(ThreadPoolExecutor.java:1074)
        at java.util.concurrent.ThreadPoolExecutor.runWorker(ThreadPoolExecutor.java:1134)
        at java.util.concurrent.ThreadPoolExecutor$Worker.run(ThreadPoolExecutor.java:624)
        at java.lang.Thread.run(Thread.java:748)
"surefire-forkedjvm-ping-30s" daemon prio=5 tid=10 timed_waiting
java.lang.Thread.State: TIMED_WAITING
        at sun.misc.Unsafe.park(Native Method)
        at java.util.concurrent.locks.LockSupport.parkNanos(LockSupport.java:215)
        at java.util.concurrent.locks.AbstractQueuedSynchronizer$ConditionObject.awaitNanos(AbstractQueuedSynchronizer.java:2078)
        at java.util.concurrent.ScheduledThreadPoolExecutor$DelayedWorkQueue.take(ScheduledThreadPoolExecutor.java:1093)
        at java.util.concurrent.ScheduledThreadPoolExecutor$DelayedWorkQueue.take(ScheduledThreadPoolExecutor.java:809)
        at java.util.concurrent.ThreadPoolExecutor.getTask(ThreadPoolExecutor.java:1074)
        at java.util.concurrent.ThreadPoolExecutor.runWorker(ThreadPoolExecutor.java:1134)
        at java.util.concurrent.ThreadPoolExecutor$Worker.run(ThreadPoolExecutor.java:624)
        at java.lang.Thread.run(Thread.java:748)
"PartialTableCache Cleanup Thread - 0" daemon prio=5 tid=506 in Object.wait()
java.lang.Thread.State: WAITING (on object monitor)
        at sun.misc.Unsafe.park(Native Method)
        at java.util.concurrent.locks.LockSupport.park(LockSupport.java:175)
        at java.util.concurrent.locks.AbstractQueuedSynchronizer$ConditionObject.await(AbstractQueuedSynchronizer.java:2039)
        at java.util.concurrent.LinkedBlockingQueue.take(LinkedBlockingQueue.java:442)
        at java.util.concurrent.ThreadPoolExecutor.getTask(ThreadPoolExecutor.java:1074)
        at java.util.concurrent.ThreadPoolExecutor.runWorker(ThreadPoolExecutor.java:1134)
        at java.util.concurrent.ThreadPoolExecutor$Worker.run(ThreadPoolExecutor.java:624)
        at java.lang.Thread.run(Thread.java:748)
"PartialTableCache Cleanup Thread - 0" daemon prio=5 tid=502 in Object.wait()
java.lang.Thread.State: WAITING (on object monitor)
        at sun.misc.Unsafe.park(Native Method)
        at java.util.concurrent.locks.LockSupport.park(LockSupport.java:175)
        at java.util.concurrent.locks.AbstractQueuedSynchronizer$ConditionObject.await(AbstractQueuedSynchronizer.java:2039)
        at java.util.concurrent.LinkedBlockingQueue.take(LinkedBlockingQueue.java:442)
        at java.util.concurrent.ThreadPoolExecutor.getTask(ThreadPoolExecutor.java:1074)
        at java.util.concurrent.ThreadPoolExecutor.runWorker(ThreadPoolExecutor.java:1134)
        at java.util.concurrent.ThreadPoolExecutor$Worker.run(ThreadPoolExecutor.java:624)
        at java.lang.Thread.run(Thread.java:748)
"PartialTableCache Cleanup Thread - 0" daemon prio=5 tid=493 in Object.wait()
java.lang.Thread.State: WAITING (on object monitor)
        at sun.misc.Unsafe.park(Native Method)
        at java.util.concurrent.locks.LockSupport.park(LockSupport.java:175)
        at java.util.concurrent.locks.AbstractQueuedSynchronizer$ConditionObject.await(AbstractQueuedSynchronizer.java:2039)
        at java.util.concurrent.LinkedBlockingQueue.take(LinkedBlockingQueue.java:442)
        at java.util.concurrent.ThreadPoolExecutor.getTask(ThreadPoolExecutor.java:1074)
        at java.util.concurrent.ThreadPoolExecutor.runWorker(ThreadPoolExecutor.java:1134)
        at java.util.concurrent.ThreadPoolExecutor$Worker.run(ThreadPoolExecutor.java:624)
        at java.lang.Thread.run(Thread.java:748)
"PartialTableCache Cleanup Thread - 0" daemon prio=5 tid=495 in Object.wait()
java.lang.Thread.State: WAITING (on object monitor)
        at sun.misc.Unsafe.park(Native Method)
        at java.util.concurrent.locks.LockSupport.park(LockSupport.java:175)
        at java.util.concurrent.locks.AbstractQueuedSynchronizer$ConditionObject.await(AbstractQueuedSynchronizer.java:2039)
        at java.util.concurrent.LinkedBlockingQueue.take(LinkedBlockingQueue.java:442)
        at java.util.concurrent.ThreadPoolExecutor.getTask(ThreadPoolExecutor.java:1074)
        at java.util.concurrent.ThreadPoolExecutor.runWorker(ThreadPoolExecutor.java:1134)
        at java.util.concurrent.ThreadPoolExecutor$Worker.run(ThreadPoolExecutor.java:624)
        at java.lang.Thread.run(Thread.java:748)
"OMDoubleBufferFlushThread" daemon prio=5 tid=110 timed_waiting
java.lang.Thread.State: TIMED_WAITING
        at java.lang.Object.wait(Native Method)
        at org.apache.hadoop.ozone.om.ratis.OzoneManagerDoubleBuffer.canFlush(OzoneManagerDoubleBuffer.java:344)
        at org.apache.hadoop.ozone.om.ratis.OzoneManagerDoubleBuffer.flushTransactions(OzoneManagerDoubleBuffer.java:133)
        at org.apache.hadoop.ozone.om.ratis.OzoneManagerDoubleBuffer$$Lambda$115/447614849.run(Unknown Source)
        at java.lang.Thread.run(Thread.java:748)
"PartialTableCache Cleanup Thread - 0" daemon prio=5 tid=507 in Object.wait()
java.lang.Thread.State: WAITING (on object monitor)
        at sun.misc.Unsafe.park(Native Method)
        at java.util.concurrent.locks.LockSupport.park(LockSupport.java:175)
        at java.util.concurrent.locks.AbstractQueuedSynchronizer$ConditionObject.await(AbstractQueuedSynchronizer.java:2039)
        at java.util.concurrent.LinkedBlockingQueue.take(LinkedBlockingQueue.java:442)
        at java.util.concurrent.ThreadPoolExecutor.getTask(ThreadPoolExecutor.java:1074)
        at java.util.concurrent.ThreadPoolExecutor.runWorker(ThreadPoolExecutor.java:1134)
        at java.util.concurrent.ThreadPoolExecutor$Worker.run(ThreadPoolExecutor.java:624)
        at java.lang.Thread.run(Thread.java:748)
"PartialTableCache Cleanup Thread - 0" daemon prio=5 tid=486 in Object.wait()
java.lang.Thread.State: WAITING (on object monitor)
        at sun.misc.Unsafe.park(Native Method)
        at java.util.concurrent.locks.LockSupport.park(LockSupport.java:175)
        at java.util.concurrent.locks.AbstractQueuedSynchronizer$ConditionObject.await(AbstractQueuedSynchronizer.java:2039)
        at java.util.concurrent.LinkedBlockingQueue.take(LinkedBlockingQueue.java:442)
        at java.util.concurrent.ThreadPoolExecutor.getTask(ThreadPoolExecutor.java:1074)
        at java.util.concurrent.ThreadPoolExecutor.runWorker(ThreadPoolExecutor.java:1134)
        at java.util.concurrent.ThreadPoolExecutor$Worker.run(ThreadPoolExecutor.java:624)
        at java.lang.Thread.run(Thread.java:748)
"OMDoubleBufferFlushThread" daemon prio=5 tid=202 timed_waiting
java.lang.Thread.State: TIMED_WAITING
        at java.lang.Object.wait(Native Method)
        at org.apache.hadoop.ozone.om.ratis.OzoneManagerDoubleBuffer.canFlush(OzoneManagerDoubleBuffer.java:344)
        at org.apache.hadoop.ozone.om.ratis.OzoneManagerDoubleBuffer.flushTransactions(OzoneManagerDoubleBuffer.java:133)
        at org.apache.hadoop.ozone.om.ratis.OzoneManagerDoubleBuffer$$Lambda$115/447614849.run(Unknown Source)
        at java.lang.Thread.run(Thread.java:748)
"PartialTableCache Cleanup Thread - 0" daemon prio=5 tid=514 in Object.wait()
java.lang.Thread.State: WAITING (on object monitor)
        at sun.misc.Unsafe.park(Native Method)
        at java.util.concurrent.locks.LockSupport.park(LockSupport.java:175)
        at java.util.concurrent.locks.AbstractQueuedSynchronizer$ConditionObject.await(AbstractQueuedSynchronizer.java:2039)
        at java.util.concurrent.LinkedBlockingQueue.take(LinkedBlockingQueue.java:442)
        at java.util.concurrent.ThreadPoolExecutor.getTask(ThreadPoolExecutor.java:1074)
        at java.util.concurrent.ThreadPoolExecutor.runWorker(ThreadPoolExecutor.java:1134)
        at java.util.concurrent.ThreadPoolExecutor$Worker.run(ThreadPoolExecutor.java:624)
        at java.lang.Thread.run(Thread.java:748)
"PartialTableCache Cleanup Thread - 0" daemon prio=5 tid=508 in Object.wait()
java.lang.Thread.State: WAITING (on object monitor)
        at sun.misc.Unsafe.park(Native Method)
        at java.util.concurrent.locks.LockSupport.park(LockSupport.java:175)
        at java.util.concurrent.locks.AbstractQueuedSynchronizer$ConditionObject.await(AbstractQueuedSynchronizer.java:2039)
        at java.util.concurrent.LinkedBlockingQueue.take(LinkedBlockingQueue.java:442)
        at java.util.concurrent.ThreadPoolExecutor.getTask(ThreadPoolExecutor.java:1074)
        at java.util.concurrent.ThreadPoolExecutor.runWorker(ThreadPoolExecutor.java:1134)
        at java.util.concurrent.ThreadPoolExecutor$Worker.run(ThreadPoolExecutor.java:624)
        at java.lang.Thread.run(Thread.java:748)
"surefire-forkedjvm-command-thread" daemon prio=5 tid=9 runnable
java.lang.Thread.State: RUNNABLE
        at java.io.FileInputStream.readBytes(Native Method)
        at java.io.FileInputStream.read(FileInputStream.java:255)
        at java.io.BufferedInputStream.fill(BufferedInputStream.java:246)
        at java.io.BufferedInputStream.read(BufferedInputStream.java:265)
        at java.io.DataInputStream.readInt(DataInputStream.java:387)
        at org.apache.maven.surefire.booter.MasterProcessCommand.decode(MasterProcessCommand.java:115)
        at org.apache.maven.surefire.booter.CommandReader$CommandRunnable.run(CommandReader.java:390)
        at java.lang.Thread.run(Thread.java:748)
"java.util.concurrent.ThreadPoolExecutor$Worker@6aea1d3e[State = -1, empty queue]" daemon prio=5 tid=421 timed_waiting
java.lang.Thread.State: TIMED_WAITING
        at sun.misc.Unsafe.park(Native Method)
        at java.util.concurrent.locks.LockSupport.parkNanos(LockSupport.java:215)
        at java.util.concurrent.locks.AbstractQueuedSynchronizer$ConditionObject.awaitNanos(AbstractQueuedSynchronizer.java:2078)
        at java.util.concurrent.ScheduledThreadPoolExecutor$DelayedWorkQueue.take(ScheduledThreadPoolExecutor.java:1093)
        at java.util.concurrent.ScheduledThreadPoolExecutor$DelayedWorkQueue.take(ScheduledThreadPoolExecutor.java:809)
        at java.util.concurrent.ThreadPoolExecutor.getTask(ThreadPoolExecutor.java:1074)
        at java.util.concurrent.ThreadPoolExecutor.runWorker(ThreadPoolExecutor.java:1134)
        at java.util.concurrent.ThreadPoolExecutor$Worker.run(ThreadPoolExecutor.java:624)
        at java.lang.Thread.run(Thread.java:748)
"PartialTableCache Cleanup Thread - 0" daemon prio=5 tid=501 in Object.wait()
java.lang.Thread.State: WAITING (on object monitor)
        at sun.misc.Unsafe.park(Native Method)
        at java.util.concurrent.locks.LockSupport.park(LockSupport.java:175)
        at java.util.concurrent.locks.AbstractQueuedSynchronizer$ConditionObject.await(AbstractQueuedSynchronizer.java:2039)
        at java.util.concurrent.LinkedBlockingQueue.take(LinkedBlockingQueue.java:442)
        at java.util.concurrent.ThreadPoolExecutor.getTask(ThreadPoolExecutor.java:1074)
        at java.util.concurrent.ThreadPoolExecutor.runWorker(ThreadPoolExecutor.java:1134)
        at java.util.concurrent.ThreadPoolExecutor$Worker.run(ThreadPoolExecutor.java:624)
        at java.lang.Thread.run(Thread.java:748)
"pool-25-thread-1"  prio=5 tid=109 timed_waiting
java.lang.Thread.State: TIMED_WAITING
        at sun.misc.Unsafe.park(Native Method)
        at java.util.concurrent.locks.LockSupport.parkNanos(LockSupport.java:215)
        at java.util.concurrent.locks.AbstractQueuedSynchronizer$ConditionObject.awaitNanos(AbstractQueuedSynchronizer.java:2078)
        at java.util.concurrent.ScheduledThreadPoolExecutor$DelayedWorkQueue.take(ScheduledThreadPoolExecutor.java:1093)
        at java.util.concurrent.ScheduledThreadPoolExecutor$DelayedWorkQueue.take(ScheduledThreadPoolExecutor.java:809)
        at java.util.concurrent.ThreadPoolExecutor.getTask(ThreadPoolExecutor.java:1074)
        at java.util.concurrent.ThreadPoolExecutor.runWorker(ThreadPoolExecutor.java:1134)
        at java.util.concurrent.ThreadPoolExecutor$Worker.run(ThreadPoolExecutor.java:624)
        at java.lang.Thread.run(Thread.java:748)
"process reaper" daemon prio=10 tid=11 timed_waiting
java.lang.Thread.State: TIMED_WAITING
        at sun.misc.Unsafe.park(Native Method)
        at java.util.concurrent.locks.LockSupport.parkNanos(LockSupport.java:215)
        at java.util.concurrent.SynchronousQueue$TransferStack.awaitFulfill(SynchronousQueue.java:460)
        at java.util.concurrent.SynchronousQueue$TransferStack.transfer(SynchronousQueue.java:362)
        at java.util.concurrent.SynchronousQueue.poll(SynchronousQueue.java:941)
        at java.util.concurrent.ThreadPoolExecutor.getTask(ThreadPoolExecutor.java:1073)
        at java.util.concurrent.ThreadPoolExecutor.runWorker(ThreadPoolExecutor.java:1134)
        at java.util.concurrent.ThreadPoolExecutor$Worker.run(ThreadPoolExecutor.java:624)
        at java.lang.Thread.run(Thread.java:748)
"PartialTableCache Cleanup Thread - 0" daemon prio=5 tid=490 in Object.wait()
java.lang.Thread.State: WAITING (on object monitor)
        at sun.misc.Unsafe.park(Native Method)
        at java.util.concurrent.locks.LockSupport.park(LockSupport.java:175)
        at java.util.concurrent.locks.AbstractQueuedSynchronizer$ConditionObject.await(AbstractQueuedSynchronizer.java:2039)
        at java.util.concurrent.LinkedBlockingQueue.take(LinkedBlockingQueue.java:442)
        at java.util.concurrent.ThreadPoolExecutor.getTask(ThreadPoolExecutor.java:1074)
        at java.util.concurrent.ThreadPoolExecutor.runWorker(ThreadPoolExecutor.java:1134)
        at java.util.concurrent.ThreadPoolExecutor$Worker.run(ThreadPoolExecutor.java:624)
        at java.lang.Thread.run(Thread.java:748)
"Timer-3" daemon prio=5 tid=246 timed_waiting
java.lang.Thread.State: TIMED_WAITING
        at java.lang.Object.wait(Native Method)
        at java.util.TimerThread.mainLoop(Timer.java:552)
        at java.util.TimerThread.run(Timer.java:505)
"PartialTableCache Cleanup Thread - 0" daemon prio=5 tid=503 in Object.wait()
java.lang.Thread.State: WAITING (on object monitor)
        at sun.misc.Unsafe.park(Native Method)
        at java.util.concurrent.locks.LockSupport.park(LockSupport.java:175)
        at java.util.concurrent.locks.AbstractQueuedSynchronizer$ConditionObject.await(AbstractQueuedSynchronizer.java:2039)
        at java.util.concurrent.LinkedBlockingQueue.take(LinkedBlockingQueue.java:442)
        at java.util.concurrent.ThreadPoolExecutor.getTask(ThreadPoolExecutor.java:1074)
        at java.util.concurrent.ThreadPoolExecutor.runWorker(ThreadPoolExecutor.java:1134)
        at java.util.concurrent.ThreadPoolExecutor$Worker.run(ThreadPoolExecutor.java:624)
        at java.lang.Thread.run(Thread.java:748)
"PartialTableCache Cleanup Thread - 0" daemon prio=5 tid=504 in Object.wait()
java.lang.Thread.State: WAITING (on object monitor)
        at sun.misc.Unsafe.park(Native Method)
        at java.util.concurrent.locks.LockSupport.park(LockSupport.java:175)
        at java.util.concurrent.locks.AbstractQueuedSynchronizer$ConditionObject.await(AbstractQueuedSynchronizer.java:2039)
        at java.util.concurrent.LinkedBlockingQueue.take(LinkedBlockingQueue.java:442)
        at java.util.concurrent.ThreadPoolExecutor.getTask(ThreadPoolExecutor.java:1074)
        at java.util.concurrent.ThreadPoolExecutor.runWorker(ThreadPoolExecutor.java:1134)
        at java.util.concurrent.ThreadPoolExecutor$Worker.run(ThreadPoolExecutor.java:624)
        at java.lang.Thread.run(Thread.java:748)
"Datanode ReportManager Thread - 0" daemon prio=5 tid=329 timed_waiting
java.lang.Thread.State: TIMED_WAITING
        at sun.misc.Unsafe.park(Native Method)
        at java.util.concurrent.locks.LockSupport.parkNanos(LockSupport.java:215)
        at java.util.concurrent.locks.AbstractQueuedSynchronizer$ConditionObject.awaitNanos(AbstractQueuedSynchronizer.java:2078)
        at java.util.concurrent.ScheduledThreadPoolExecutor$DelayedWorkQueue.take(ScheduledThreadPoolExecutor.java:1093)
        at java.util.concurrent.ScheduledThreadPoolExecutor$DelayedWorkQueue.take(ScheduledThreadPoolExecutor.java:809)
        at java.util.concurrent.ThreadPoolExecutor.getTask(ThreadPoolExecutor.java:1074)
        at java.util.concurrent.ThreadPoolExecutor.runWorker(ThreadPoolExecutor.java:1134)
        at java.util.concurrent.ThreadPoolExecutor$Worker.run(ThreadPoolExecutor.java:624)
        at java.lang.Thread.run(Thread.java:748)
"jaeger.RemoteReporter-QueueProcessor" daemon prio=5 tid=244 in Object.wait()
java.lang.Thread.State: WAITING (on object monitor)
        at sun.misc.Unsafe.park(Native Method)
        at java.util.concurrent.locks.LockSupport.park(LockSupport.java:175)
        at java.util.concurrent.locks.AbstractQueuedSynchronizer$ConditionObject.await(AbstractQueuedSynchronizer.java:2039)
        at java.util.concurrent.ArrayBlockingQueue.take(ArrayBlockingQueue.java:403)
        at io.jaegertracing.internal.reporters.RemoteReporter$QueueProcessor.run(RemoteReporter.java:174)
        at java.lang.Thread.run(Thread.java:748)
"Finalizer" daemon prio=8 tid=3 in Object.wait()
java.lang.Thread.State: WAITING (on object monitor)
        at java.lang.Object.wait(Native Method)
        at java.lang.ref.ReferenceQueue.remove(ReferenceQueue.java:144)
        at java.lang.ref.ReferenceQueue.remove(ReferenceQueue.java:165)
        at java.lang.ref.Finalizer$FinalizerThread.run(Finalizer.java:216)
"main"  prio=5 tid=1 runnable
java.lang.Thread.State: RUNNABLE
        at java.lang.Thread.dumpThreads(Native Method)
        at java.lang.Thread.getAllStackTraces(Thread.java:1610)
        at org.apache.hadoop.test.TimedOutTestsListener.buildThreadDump(TimedOutTestsListener.java:93)
        at org.apache.hadoop.test.TimedOutTestsListener.buildThreadDiagnosticString(TimedOutTestsListener.java:79)
        at org.apache.hadoop.test.GenericTestUtils.waitFor(GenericTestUtils.java:225)
        at org.apache.hadoop.ozone.om.parser.TestOMRatisLogParser.testRatisLogParsing(TestOMRatisLogParser.java:113)
        at sun.reflect.NativeMethodAccessorImpl.invoke0(Native Method)
        at sun.reflect.NativeMethodAccessorImpl.invoke(NativeMethodAccessorImpl.java:62)
        at sun.reflect.DelegatingMethodAccessorImpl.invoke(DelegatingMethodAccessorImpl.java:43)
        at java.lang.reflect.Method.invoke(Method.java:498)
        at org.junit.runners.model.FrameworkMethod$1.runReflectiveCall(FrameworkMethod.java:47)
        at org.junit.internal.runners.model.ReflectiveCallable.run(ReflectiveCallable.java:12)
        at org.junit.runners.model.FrameworkMethod.invokeExplosively(FrameworkMethod.java:44)
        at org.junit.internal.runners.statements.InvokeMethod.evaluate(InvokeMethod.java:17)
        at org.junit.internal.runners.statements.RunBefores.evaluate(RunBefores.java:26)
        at org.junit.internal.runners.statements.RunAfters.evaluate(RunAfters.java:27)
        at org.junit.runners.ParentRunner.runLeaf(ParentRunner.java:271)
        at org.junit.runners.BlockJUnit4ClassRunner.runChild(BlockJUnit4ClassRunner.java:70)
        at org.junit.runners.BlockJUnit4ClassRunner.runChild(BlockJUnit4ClassRunner.java:50)
        at org.junit.runners.ParentRunner$3.run(ParentRunner.java:238)
        at org.junit.runners.ParentRunner$1.schedule(ParentRunner.java:63)
        at org.junit.runners.ParentRunner.runChildren(ParentRunner.java:236)
        at org.junit.runners.ParentRunner.access$000(ParentRunner.java:53)
        at org.junit.runners.ParentRunner$2.evaluate(ParentRunner.java:229)
        at org.junit.runners.ParentRunner.run(ParentRunner.java:309)
        at org.apache.maven.surefire.junit4.JUnit4Provider.execute(JUnit4Provider.java:365)
        at org.apache.maven.surefire.junit4.JUnit4Provider.executeWithRerun(JUnit4Provider.java:273)
        at org.apache.maven.surefire.junit4.JUnit4Provider.executeTestSet(JUnit4Provider.java:238)
        at org.apache.maven.surefire.junit4.JUnit4Provider.invoke(JUnit4Provider.java:159)
        at org.apache.maven.surefire.booter.ForkedBooter.invokeProviderInSameClassLoader(ForkedBooter.java:384)
        at org.apache.maven.surefire.booter.ForkedBooter.runSuitesInProcess(ForkedBooter.java:345)
        at org.apache.maven.surefire.booter.ForkedBooter.execute(ForkedBooter.java:126)
        at org.apache.maven.surefire.booter.ForkedBooter.main(ForkedBooter.java:418)
"Datanode ReportManager Thread - 0" daemon prio=5 tid=301 in Object.wait()
java.lang.Thread.State: WAITING (on object monitor)
        at sun.misc.Unsafe.park(Native Method)
        at java.util.concurrent.locks.LockSupport.park(LockSupport.java:175)
        at java.util.concurrent.locks.AbstractQueuedSynchronizer$ConditionObject.await(AbstractQueuedSynchronizer.java:2039)
        at java.util.concurrent.ScheduledThreadPoolExecutor$DelayedWorkQueue.take(ScheduledThreadPoolExecutor.java:1088)
        at java.util.concurrent.ScheduledThreadPoolExecutor$DelayedWorkQueue.take(ScheduledThreadPoolExecutor.java:809)
        at java.util.concurrent.ThreadPoolExecutor.getTask(ThreadPoolExecutor.java:1074)
        at java.util.concurrent.ThreadPoolExecutor.runWorker(ThreadPoolExecutor.java:1134)
        at java.util.concurrent.ThreadPoolExecutor$Worker.run(ThreadPoolExecutor.java:624)
        at java.lang.Thread.run(Thread.java:748)
"Datanode ReportManager Thread - 1" daemon prio=5 tid=306 in Object.wait()
java.lang.Thread.State: WAITING (on object monitor)
        at sun.misc.Unsafe.park(Native Method)
        at java.util.concurrent.locks.LockSupport.park(LockSupport.java:175)
        at java.util.concurrent.locks.AbstractQueuedSynchronizer$ConditionObject.await(AbstractQueuedSynchronizer.java:2039)
        at java.util.concurrent.ScheduledThreadPoolExecutor$DelayedWorkQueue.take(ScheduledThreadPoolExecutor.java:1088)
        at java.util.concurrent.ScheduledThreadPoolExecutor$DelayedWorkQueue.take(ScheduledThreadPoolExecutor.java:809)
        at java.util.concurrent.ThreadPoolExecutor.getTask(ThreadPoolExecutor.java:1074)
        at java.util.concurrent.ThreadPoolExecutor.runWorker(ThreadPoolExecutor.java:1134)
        at java.util.concurrent.ThreadPoolExecutor$Worker.run(ThreadPoolExecutor.java:624)
        at java.lang.Thread.run(Thread.java:748)
"PartialTableCache Cleanup Thread - 0" daemon prio=5 tid=491 in Object.wait()
java.lang.Thread.State: WAITING (on object monitor)
        at sun.misc.Unsafe.park(Native Method)
        at java.util.concurrent.locks.LockSupport.park(LockSupport.java:175)
        at java.util.concurrent.locks.AbstractQueuedSynchronizer$ConditionObject.await(AbstractQueuedSynchronizer.java:2039)
        at java.util.concurrent.LinkedBlockingQueue.take(LinkedBlockingQueue.java:442)
        at java.util.concurrent.ThreadPoolExecutor.getTask(ThreadPoolExecutor.java:1074)
        at java.util.concurrent.ThreadPoolExecutor.runWorker(ThreadPoolExecutor.java:1134)
        at java.util.concurrent.ThreadPoolExecutor$Worker.run(ThreadPoolExecutor.java:624)
        at java.lang.Thread.run(Thread.java:748)
"Signal Dispatcher" daemon prio=9 tid=4 runnable
java.lang.Thread.State: RUNNABLE
"PartialTableCache Cleanup Thread - 0" daemon prio=5 tid=496 in Object.wait()
java.lang.Thread.State: WAITING (on object monitor)
        at sun.misc.Unsafe.park(Native Method)
        at java.util.concurrent.locks.LockSupport.park(LockSupport.java:175)
        at java.util.concurrent.locks.AbstractQueuedSynchronizer$ConditionObject.await(AbstractQueuedSynchronizer.java:2039)
        at java.util.concurrent.LinkedBlockingQueue.take(LinkedBlockingQueue.java:442)
        at java.util.concurrent.ThreadPoolExecutor.getTask(ThreadPoolExecutor.java:1074)
        at java.util.concurrent.ThreadPoolExecutor.runWorker(ThreadPoolExecutor.java:1134)
        at java.util.concurrent.ThreadPoolExecutor$Worker.run(ThreadPoolExecutor.java:624)
        at java.lang.Thread.run(Thread.java:748)
"PartialTableCache Cleanup Thread - 0" daemon prio=5 tid=483 in Object.wait()
java.lang.Thread.State: WAITING (on object monitor)
        at sun.misc.Unsafe.park(Native Method)
        at java.util.concurrent.locks.LockSupport.park(LockSupport.java:175)
        at java.util.concurrent.locks.AbstractQueuedSynchronizer$ConditionObject.await(AbstractQueuedSynchronizer.java:2039)
        at java.util.concurrent.LinkedBlockingQueue.take(LinkedBlockingQueue.java:442)
        at java.util.concurrent.ThreadPoolExecutor.getTask(ThreadPoolExecutor.java:1074)
        at java.util.concurrent.ThreadPoolExecutor.runWorker(ThreadPoolExecutor.java:1134)
        at java.util.concurrent.ThreadPoolExecutor$Worker.run(ThreadPoolExecutor.java:624)
        at java.lang.Thread.run(Thread.java:748)
"PartialTableCache Cleanup Thread - 0" daemon prio=5 tid=489 in Object.wait()
java.lang.Thread.State: WAITING (on object monitor)
        at sun.misc.Unsafe.park(Native Method)
        at java.util.concurrent.locks.LockSupport.park(LockSupport.java:175)
        at java.util.concurrent.locks.AbstractQueuedSynchronizer$ConditionObject.await(AbstractQueuedSynchronizer.java:2039)
        at java.util.concurrent.LinkedBlockingQueue.take(LinkedBlockingQueue.java:442)
        at java.util.concurrent.ThreadPoolExecutor.getTask(ThreadPoolExecutor.java:1074)
        at java.util.concurrent.ThreadPoolExecutor.runWorker(ThreadPoolExecutor.java:1134)
        at java.util.concurrent.ThreadPoolExecutor$Worker.run(ThreadPoolExecutor.java:624)
        at java.lang.Thread.run(Thread.java:748)
"jaeger.RemoteReporter-FlushTimer" daemon prio=5 tid=245 timed_waiting
java.lang.Thread.State: TIMED_WAITING
        at java.lang.Object.wait(Native Method)
        at java.util.TimerThread.mainLoop(Timer.java:552)
        at java.util.TimerThread.run(Timer.java:505)


	at org.apache.hadoop.test.GenericTestUtils.waitFor(GenericTestUtils.java:225)
	at org.apache.hadoop.ozone.om.parser.TestOMRatisLogParser.testRatisLogParsing(TestOMRatisLogParser.java:113)
	at sun.reflect.NativeMethodAccessorImpl.invoke0(Native Method)
	at sun.reflect.NativeMethodAccessorImpl.invoke(NativeMethodAccessorImpl.java:62)
	at sun.reflect.DelegatingMethodAccessorImpl.invoke(DelegatingMethodAccessorImpl.java:43)
	at java.lang.reflect.Method.invoke(Method.java:498)
	at org.junit.runners.model.FrameworkMethod$1.runReflectiveCall(FrameworkMethod.java:47)
	at org.junit.internal.runners.model.ReflectiveCallable.run(ReflectiveCallable.java:12)
	at org.junit.runners.model.FrameworkMethod.invokeExplosively(FrameworkMethod.java:44)
	at org.junit.internal.runners.statements.InvokeMethod.evaluate(InvokeMethod.java:17)
	at org.junit.internal.runners.statements.RunBefores.evaluate(RunBefores.java:26)
	at org.junit.internal.runners.statements.RunAfters.evaluate(RunAfters.java:27)
	at org.junit.runners.ParentRunner.runLeaf(ParentRunner.java:271)
	at org.junit.runners.BlockJUnit4ClassRunner.runChild(BlockJUnit4ClassRunner.java:70)
	at org.junit.runners.BlockJUnit4ClassRunner.runChild(BlockJUnit4ClassRunner.java:50)
	at org.junit.runners.ParentRunner$3.run(ParentRunner.java:238)
	at org.junit.runners.ParentRunner$1.schedule(ParentRunner.java:63)
	at org.junit.runners.ParentRunner.runChildren(ParentRunner.java:236)
	at org.junit.runners.ParentRunner.access$000(ParentRunner.java:53)
	at org.junit.runners.ParentRunner$2.evaluate(ParentRunner.java:229)
	at org.junit.runners.ParentRunner.run(ParentRunner.java:309)
	at org.apache.maven.surefire.junit4.JUnit4Provider.execute(JUnit4Provider.java:365)
	at org.apache.maven.surefire.junit4.JUnit4Provider.executeWithRerun(JUnit4Provider.java:273)
	at org.apache.maven.surefire.junit4.JUnit4Provider.executeTestSet(JUnit4Provider.java:238)
	at org.apache.maven.surefire.junit4.JUnit4Provider.invoke(JUnit4Provider.java:159)
	at org.apache.maven.surefire.booter.ForkedBooter.invokeProviderInSameClassLoader(ForkedBooter.java:384)
	at org.apache.maven.surefire.booter.ForkedBooter.runSuitesInProcess(ForkedBooter.java:345)
	at org.apache.maven.surefire.booter.ForkedBooter.execute(ForkedBooter.java:126)
	at org.apache.maven.surefire.booter.ForkedBooter.main(ForkedBooter.java:418)
</error>
    <system-out><![CDATA[2020-04-24 09:09:20,907 [main] WARN  server.ServerUtils (ServerUtils.java:getScmDbDir(148)) - ozone.scm.db.dirs is not configured. We recommend adding this setting. Falling back to ozone.metadata.dirs instead.
2020-04-24 09:09:21,010 [main] WARN  server.ServerUtils (ServerUtils.java:getScmDbDir(148)) - ozone.scm.db.dirs is not configured. We recommend adding this setting. Falling back to ozone.metadata.dirs instead.
2020-04-24 09:09:21,155 [main] WARN  db.DBStoreBuilder (DBStoreBuilder.java:createDBStoreBuilder(277)) - ozone.scm.db.dirs is not configured. We recommend adding this setting. Falling back to ozone.metadata.dirs instead.
2020-04-24 09:09:21,359 [main] INFO  net.NodeSchemaLoader (NodeSchemaLoader.java:loadSchemaFromFile(126)) - Loading file from sun.misc.CompoundEnumeration@53a09566
2020-04-24 09:09:21,363 [main] INFO  net.NodeSchemaLoader (NodeSchemaLoader.java:loadSchema(172)) - Loading network topology layer schema file
2020-04-24 09:09:21,465 [main] WARN  server.ServerUtils (ServerUtils.java:sanitizeUserArgs(73)) - ozone.scm.stale.node.interval value = 300000 is larger than max = 100000 based on the key value of ozone.scm.heartbeat.thread.interval, reset to the max value 100000.
2020-04-24 09:09:21,466 [main] WARN  server.ServerUtils (ServerUtils.java:sanitizeUserArgs(73)) - ozone.scm.stale.node.interval value = 300000 is larger than max = 100000 based on the key value of ozone.scm.heartbeat.thread.interval, reset to the max value 100000.
2020-04-24 09:09:21,473 [main] INFO  node.SCMNodeManager (SCMNodeManager.java:<init>(116)) - Entering startup safe mode.
2020-04-24 09:09:21,672 [main] INFO  algorithms.ContainerPlacementPolicyFactory (ContainerPlacementPolicyFactory.java:getPolicy(60)) - Create container placement policy of type org.apache.hadoop.hdds.scm.container.placement.algorithms.SCMContainerPlacementRandom
2020-04-24 09:09:21,705 [main] INFO  pipeline.SCMPipelineManager (SCMPipelineManager.java:initializePipelineState(158)) - No pipeline exists in current db
2020-04-24 09:09:21,804 [main] INFO  safemode.HealthyPipelineSafeModeRule (HealthyPipelineSafeModeRule.java:<init>(89)) - Total pipeline count is 0, healthy pipeline threshold count is 0
2020-04-24 09:09:21,811 [main] INFO  safemode.OneReplicaPipelineSafeModeRule (OneReplicaPipelineSafeModeRule.java:<init>(79)) - Total pipeline count is 0, pipeline's with at least one datanode reported threshold count is 0
2020-04-24 09:09:21,856 [RatisPipelineUtilsThread] ERROR pipeline.SCMPipelineManager (SCMPipelineManager.java:createPipeline(222)) - Failed to create pipeline of type RATIS and factor ONE. Exception: Cannot create pipeline of factor 1 using 0 nodes. Used 0 nodes. Healthy nodes 0
2020-04-24 09:09:22,480 [main] INFO  ipc.CallQueueManager (CallQueueManager.java:<init>(84)) - Using callQueue: class java.util.concurrent.LinkedBlockingQueue, queueCapacity: 2000, scheduler: class org.apache.hadoop.ipc.DefaultRpcScheduler, ipcBackoff: false.
2020-04-24 09:09:22,521 [Socket Reader #1 for port 39585] INFO  ipc.Server (Server.java:run(1074)) - Starting Socket Reader #1 for port 39585
2020-04-24 09:09:22,579 [main] INFO  ipc.CallQueueManager (CallQueueManager.java:<init>(84)) - Using callQueue: class java.util.concurrent.LinkedBlockingQueue, queueCapacity: 2000, scheduler: class org.apache.hadoop.ipc.DefaultRpcScheduler, ipcBackoff: false.
2020-04-24 09:09:22,582 [Socket Reader #1 for port 34523] INFO  ipc.Server (Server.java:run(1074)) - Starting Socket Reader #1 for port 34523
2020-04-24 09:09:22,595 [main] INFO  ipc.CallQueueManager (CallQueueManager.java:<init>(84)) - Using callQueue: class java.util.concurrent.LinkedBlockingQueue, queueCapacity: 2000, scheduler: class org.apache.hadoop.ipc.DefaultRpcScheduler, ipcBackoff: false.
2020-04-24 09:09:22,596 [Socket Reader #1 for port 44695] INFO  ipc.Server (Server.java:run(1074)) - Starting Socket Reader #1 for port 44695
2020-04-24 09:09:22,625 [main] INFO  http.BaseHttpServer (BaseHttpServer.java:newHttpServer2BuilderForOzone(174)) - Starting Web-server for scm at: http://0.0.0.0:0
2020-04-24 09:09:22,680 [main] INFO  util.log (Log.java:initialized(169)) - Logging initialized @3426ms to org.eclipse.jetty.util.log.Slf4jLog
2020-04-24 09:09:22,927 [main] INFO  server.AuthenticationFilter (AuthenticationFilter.java:constructSecretProvider(240)) - Unable to initialize FileSignerSecretProvider, falling back to use random secrets.
2020-04-24 09:09:22,952 [main] WARN  http.HttpRequestLog (HttpRequestLog.java:getRequestLog(103)) - Jetty request log can only be enabled using Log4j
2020-04-24 09:09:22,960 [main] INFO  http.HttpServer2 (HttpServer2.java:addGlobalFilter(979)) - Added global filter 'safety' (class=org.apache.hadoop.hdds.server.http.HttpServer2$QuotingInputFilter)
2020-04-24 09:09:22,962 [main] INFO  http.HttpServer2 (HttpServer2.java:addFilter(955)) - Added filter static_user_filter (class=org.apache.hadoop.hdds.server.http.StaticUserWebFilter$StaticUserFilter) to context scm
2020-04-24 09:09:22,963 [main] INFO  http.HttpServer2 (HttpServer2.java:addFilter(963)) - Added filter static_user_filter (class=org.apache.hadoop.hdds.server.http.StaticUserWebFilter$StaticUserFilter) to context static
2020-04-24 09:09:22,963 [main] INFO  http.HttpServer2 (HttpServer2.java:addFilter(963)) - Added filter static_user_filter (class=org.apache.hadoop.hdds.server.http.StaticUserWebFilter$StaticUserFilter) to context logs
2020-04-24 09:09:23,055 [main] INFO  server.StorageContainerManager (StorageContainerManager.java:start(781)) - StorageContainerLocationProtocol RPC server is listening at /0.0.0.0:44695
2020-04-24 09:09:23,145 [main] WARN  impl.MetricsConfig (MetricsConfig.java:loadFirst(134)) - Cannot locate configuration: tried hadoop-metrics2-storagecontainermanager.properties,hadoop-metrics2.properties
2020-04-24 09:09:23,165 [main] INFO  impl.MetricsSystemImpl (MetricsSystemImpl.java:startTimer(374)) - Scheduled Metric snapshot period at 10 second(s).
2020-04-24 09:09:23,165 [main] INFO  impl.MetricsSystemImpl (MetricsSystemImpl.java:start(191)) - StorageContainerManager metrics system started
2020-04-24 09:09:23,622 [main] INFO  server.SCMClientProtocolServer (SCMClientProtocolServer.java:start(155)) - RPC server for Client  is listening at /0.0.0.0:44695
2020-04-24 09:09:23,624 [IPC Server Responder] INFO  ipc.Server (Server.java:run(1314)) - IPC Server Responder: starting
2020-04-24 09:09:23,629 [IPC Server listener on 44695] INFO  ipc.Server (Server.java:run(1153)) - IPC Server listener on 44695: starting
2020-04-24 09:09:23,638 [main] INFO  server.StorageContainerManager (StorageContainerManager.java:start(793)) - ScmBlockLocationProtocol RPC server is listening at /0.0.0.0:34523
2020-04-24 09:09:23,639 [main] INFO  server.SCMBlockProtocolServer (SCMBlockProtocolServer.java:start(149)) - RPC server for Block Protocol is listening at /0.0.0.0:34523
2020-04-24 09:09:23,640 [IPC Server Responder] INFO  ipc.Server (Server.java:run(1314)) - IPC Server Responder: starting
2020-04-24 09:09:23,641 [IPC Server listener on 34523] INFO  ipc.Server (Server.java:run(1153)) - IPC Server listener on 34523: starting
2020-04-24 09:09:23,645 [main] INFO  server.StorageContainerManager (StorageContainerManager.java:start(799)) - ScmDatanodeProtocl RPC server is listening at /0.0.0.0:39585
2020-04-24 09:09:23,645 [main] INFO  server.SCMDatanodeProtocolServer (SCMDatanodeProtocolServer.java:start(172)) - RPC server for DataNodes is listening at /0.0.0.0:39585
2020-04-24 09:09:23,648 [IPC Server Responder] INFO  ipc.Server (Server.java:run(1314)) - IPC Server Responder: starting
2020-04-24 09:09:23,649 [IPC Server listener on 39585] INFO  ipc.Server (Server.java:run(1153)) - IPC Server listener on 39585: starting
2020-04-24 09:09:23,655 [main] INFO  http.HttpServer2 (HttpServer2.java:bindListener(1197)) - Jetty bound to port 41299
2020-04-24 09:09:23,658 [main] INFO  server.Server (Server.java:doStart(359)) - jetty-9.4.26.v20200117; built: 2020-01-17T12:35:33.676Z; git: 7b38981d25d14afb4a12ff1f2596756144edf695; jvm 1.8.0_232-b09
2020-04-24 09:09:23,717 [main] INFO  server.session (DefaultSessionIdManager.java:doStart(333)) - DefaultSessionIdManager workerName=node0
2020-04-24 09:09:23,717 [main] INFO  server.session (DefaultSessionIdManager.java:doStart(338)) - No SessionScavenger set, using defaults
2020-04-24 09:09:23,721 [main] INFO  server.session (HouseKeeper.java:startScavenging(140)) - node0 Scavenging every 600000ms
2020-04-24 09:09:23,742 [main] INFO  handler.ContextHandler (ContextHandler.java:doStart(825)) - Started o.e.j.s.ServletContextHandler@3324270d{logs,/logs,file:///github/workspace/mnt/ozone/hadoop-ozone/integration-test/target/log,AVAILABLE}
2020-04-24 09:09:23,746 [main] INFO  handler.ContextHandler (ContextHandler.java:doStart(825)) - Started o.e.j.s.ServletContextHandler@427bbaac{static,/static,file:///github/workspace/mnt/ozone/hadoop-ozone/integration-test/target/test-classes/webapps/static,AVAILABLE}
2020-04-24 09:09:23,827 [main] INFO  handler.ContextHandler (ContextHandler.java:doStart(825)) - Started o.e.j.w.WebAppContext@4a320414{scm,/,file:///github/workspace/mnt/ozone/hadoop-ozone/integration-test/target/test-classes/webapps/scm/,AVAILABLE}{file:/github/workspace/mnt/ozone/hadoop-ozone/integration-test/target/test-classes/webapps/scm}
2020-04-24 09:09:23,845 [main] INFO  server.AbstractConnector (AbstractConnector.java:doStart(330)) - Started ServerConnector@476efc81{HTTP/1.1,[http/1.1]}{0.0.0.0:41299}
2020-04-24 09:09:23,846 [main] INFO  server.Server (Server.java:doStart(399)) - Started @4592ms
2020-04-24 09:09:23,852 [main] INFO  impl.MetricsSinkAdapter (MetricsSinkAdapter.java:start(204)) - Sink prometheus started
2020-04-24 09:09:23,852 [main] INFO  impl.MetricsSystemImpl (MetricsSystemImpl.java:registerSink(301)) - Registered sink prometheus
2020-04-24 09:09:23,861 [main] INFO  http.BaseHttpServer (BaseHttpServer.java:updateConnectorAddress(288)) - HTTP server of scm listening at http://0.0.0.0:41299
2020-04-24 09:09:23,880 [main] WARN  server.ServerUtils (ServerUtils.java:getDBPath(225)) - ozone.om.db.dirs is not configured. We recommend adding this setting. Falling back to ozone.metadata.dirs instead.
2020-04-24 09:09:23,886 [org.apache.hadoop.util.JvmPauseMonitor$Monitor@81a48a8] INFO  util.JvmPauseMonitor (JvmPauseMonitor.java:run(188)) - Starting JVM pause monitor
2020-04-24 09:09:24,057 [main] INFO  ha.OMHANodeDetails (OMHANodeDetails.java:loadOMHAConfig(110)) - ServiceID for OzoneManager is omServiceId1
2020-04-24 09:09:24,060 [main] INFO  ha.OMHANodeDetails (OMHANodeDetails.java:loadOMHAConfig(182)) - Found matching OM address with OMServiceId: omServiceId1, OMNodeId: omNode-1, RPC Address: localhost:12776 and Ratis port: 12780
2020-04-24 09:09:24,060 [main] INFO  ha.OMHANodeDetails (OMHANodeDetails.java:setOMNodeSpecificConfigs(315)) - Setting configuration key ozone.om.http-address with value of key ozone.om.http-address.omNode-1: 127.0.0.1:12778
2020-04-24 09:09:24,060 [main] INFO  ha.OMHANodeDetails (OMHANodeDetails.java:setOMNodeSpecificConfigs(315)) - Setting configuration key ozone.om.https-address with value of key ozone.om.https-address.omNode-1: 127.0.0.1:12779
2020-04-24 09:09:24,061 [main] INFO  ha.OMHANodeDetails (OMHANodeDetails.java:setOMNodeSpecificConfigs(315)) - Setting configuration key ozone.om.address with value of key ozone.om.address.omNode-1: 127.0.0.1:12776
2020-04-24 09:09:24,061 [main] WARN  server.ServerUtils (ServerUtils.java:getDBPath(225)) - ozone.om.db.dirs is not configured. We recommend adding this setting. Falling back to ozone.metadata.dirs instead.
2020-04-24 09:09:24,061 [main] WARN  server.ServerUtils (ServerUtils.java:getDBPath(225)) - ozone.om.db.dirs is not configured. We recommend adding this setting. Falling back to ozone.metadata.dirs instead.
2020-04-24 09:09:24,861 [main] WARN  server.ServerUtils (ServerUtils.java:getDBPath(225)) - ozone.om.db.dirs is not configured. We recommend adding this setting. Falling back to ozone.metadata.dirs instead.
2020-04-24 09:09:24,980 [main] INFO  metrics.MetricRegistries (MetricRegistriesLoader.java:load(64)) - Loaded MetricRegistries class org.apache.ratis.metrics.impl.MetricRegistriesImpl
2020-04-24 09:09:25,033 [main] WARN  server.ServerUtils (ServerUtils.java:getDefaultRatisDirectory(237)) - Storage directory for Ratis is not configured. It is a good idea to map this to an SSD disk. Falling back to ozone.metadata.dirs
2020-04-24 09:09:25,060 [main] INFO  ratis.OzoneManagerRatisServer (OzoneManagerRatisServer.java:<init>(266)) - Instantiating OM Ratis server with GroupID: omServiceId1 and Raft Peers: localhost:12780, localhost:12786, localhost:12792
2020-04-24 09:09:25,072 [main] INFO  ratis.OzoneManagerStateMachine (OzoneManagerStateMachine.java:updateLastAppliedIndexWithSnaphsotIndex(513)) - LastAppliedIndex set from SnapShotInfo (t:0, i:~)
2020-04-24 09:09:25,095 [main] INFO  impl.RaftServerProxy (ConfUtils.java:logGet(44)) - raft.rpc.type = GRPC (default)
2020-04-24 09:09:25,206 [main] INFO  grpc.GrpcFactory (GrpcFactory.java:checkPooledByteBufAllocatorUseCacheForAllThreads(45)) - PERFORMANCE WARNING: useCacheForAllThreads is true that may cause Netty to create a lot garbage objects and, as a result, trigger GC.
	It is recommended to disable useCacheForAllThreads by setting -Dorg.apache.ratis.thirdparty.io.netty.allocator.useCacheForAllThreads=false in command line.
2020-04-24 09:09:25,212 [main] INFO  grpc.GrpcConfigKeys (ConfUtils.java:logGet(44)) - raft.grpc.server.port = 12780 (custom)
2020-04-24 09:09:25,213 [main] INFO  server.GrpcService (ConfUtils.java:logGet(44)) - raft.grpc.message.size.max = 33554432 (custom)
2020-04-24 09:09:25,215 [main] INFO  server.RaftServerConfigKeys (ConfUtils.java:logGet(44)) - raft.server.log.appender.buffer.byte-limit = 33554432 (custom)
2020-04-24 09:09:25,215 [main] INFO  server.GrpcService (ConfUtils.java:logGet(44)) - raft.grpc.flow.control.window = 1MB (=1048576) (default)
2020-04-24 09:09:25,216 [main] INFO  server.RaftServerConfigKeys (ConfUtils.java:logGet(44)) - raft.server.rpc.request.timeout = 3000ms (default)
2020-04-24 09:09:25,545 [main] INFO  server.RaftServerConfigKeys (ConfUtils.java:logGet(44)) - raft.server.storage.dir = [/github/workspace/mnt/ozone/hadoop-ozone/integration-test/target/test-dir/MiniOzoneClusterImpl-28ce97df-7db2-4fc1-9c49-0cb63a1a27a8/omNode-1/ratis] (custom)
2020-04-24 09:09:25,554 [main] INFO  impl.RaftServerProxy (RaftServerProxy.java:addNew(89)) - omNode-1: addNew group-6C22E66A003A:[omNode-3:localhost:12792, omNode-1:localhost:12780, omNode-2:localhost:12786] returns group-6C22E66A003A:java.util.concurrent.CompletableFuture@9f5c03[Not completed]
2020-04-24 09:09:25,555 [main] INFO  om.OzoneManager (OzoneManager.java:initializeRatisServer(1254)) - OzoneManager Ratis server initialized at port 12780
2020-04-24 09:09:25,556 [main] WARN  server.ServerUtils (ServerUtils.java:getDefaultRatisDirectory(237)) - Storage directory for Ratis is not configured. It is a good idea to map this to an SSD disk. Falling back to ozone.metadata.dirs
2020-04-24 09:09:25,556 [main] WARN  server.ServerUtils (ServerUtils.java:getDefaultRatisDirectory(237)) - Storage directory for Ratis is not configured. It is a good idea to map this to an SSD disk. Falling back to ozone.metadata.dirs
2020-04-24 09:09:25,560 [main] INFO  snapshot.OzoneManagerSnapshotProvider (OzoneManagerSnapshotProvider.java:<init>(81)) - Initializing OM Snapshot Provider
2020-04-24 09:09:25,581 [pool-24-thread-1] INFO  impl.RaftServerImpl (RaftServerImpl.java:<init>(97)) - omNode-1: new RaftServerImpl for group-6C22E66A003A:[omNode-3:localhost:12792, omNode-1:localhost:12780, omNode-2:localhost:12786] with OzoneManagerStateMachine:uninitialized
2020-04-24 09:09:25,585 [pool-24-thread-1] INFO  server.RaftServerConfigKeys (ConfUtils.java:logGet(44)) - raft.server.rpc.timeout.min = 1s (custom)
2020-04-24 09:09:25,595 [pool-24-thread-1] INFO  server.RaftServerConfigKeys (ConfUtils.java:logGet(44)) - raft.server.rpc.timeout.max = 1200ms (custom)
2020-04-24 09:09:25,595 [pool-24-thread-1] INFO  server.RaftServerConfigKeys (ConfUtils.java:logGet(44)) - raft.server.rpcslowness.timeout = 2s (custom)
2020-04-24 09:09:25,598 [pool-24-thread-1] INFO  server.RaftServerConfigKeys (ConfUtils.java:logGet(44)) - raft.server.sleep.deviation.threshold = 300 (default)
2020-04-24 09:09:25,598 [pool-24-thread-1] INFO  server.RaftServerConfigKeys (ConfUtils.java:logGet(44)) - raft.server.log.appender.install.snapshot.enabled = false (custom)
2020-04-24 09:09:25,597 [main] INFO  ipc.CallQueueManager (CallQueueManager.java:<init>(84)) - Using callQueue: class java.util.concurrent.LinkedBlockingQueue, queueCapacity: 2000, scheduler: class org.apache.hadoop.ipc.DefaultRpcScheduler, ipcBackoff: false.
2020-04-24 09:09:25,611 [pool-24-thread-1] INFO  impl.RaftServerImpl (ServerState.java:<init>(103)) - omNode-1@group-6C22E66A003A: ConfigurationManager, init=-1: [omNode-3:localhost:12792, omNode-1:localhost:12780, omNode-2:localhost:12786], old=null, confs=<EMPTY_MAP>
2020-04-24 09:09:25,611 [Socket Reader #1 for port 12776] INFO  ipc.Server (Server.java:run(1074)) - Starting Socket Reader #1 for port 12776
2020-04-24 09:09:25,612 [pool-24-thread-1] INFO  server.RaftServerConfigKeys (ConfUtils.java:logGet(44)) - raft.server.storage.dir = [/github/workspace/mnt/ozone/hadoop-ozone/integration-test/target/test-dir/MiniOzoneClusterImpl-28ce97df-7db2-4fc1-9c49-0cb63a1a27a8/omNode-1/ratis] (custom)
2020-04-24 09:09:25,632 [pool-24-thread-1] INFO  server.RaftServerConfigKeys (ConfUtils.java:logGet(44)) - raft.server.log.corruption.policy = EXCEPTION (default)
2020-04-24 09:09:25,635 [pool-24-thread-1] INFO  storage.RaftStorageDirectory (RaftStorageDirectory.java:analyzeStorage(253)) - The storage directory /github/workspace/mnt/ozone/hadoop-ozone/integration-test/target/test-dir/MiniOzoneClusterImpl-28ce97df-7db2-4fc1-9c49-0cb63a1a27a8/omNode-1/ratis/9c9825ce-8ba7-3ee6-a7c3-6c22e66a003a does not exist. Creating ...
2020-04-24 09:09:25,653 [pool-24-thread-1] INFO  storage.RaftStorageDirectory (RaftStorageDirectory.java:tryLock(335)) - Lock on /github/workspace/mnt/ozone/hadoop-ozone/integration-test/target/test-dir/MiniOzoneClusterImpl-28ce97df-7db2-4fc1-9c49-0cb63a1a27a8/omNode-1/ratis/9c9825ce-8ba7-3ee6-a7c3-6c22e66a003a/in_use.lock acquired by nodename 1546@36dc976b824e
2020-04-24 09:09:25,662 [pool-24-thread-1] INFO  storage.RaftStorage (RaftStorage.java:format(84)) - Storage directory /github/workspace/mnt/ozone/hadoop-ozone/integration-test/target/test-dir/MiniOzoneClusterImpl-28ce97df-7db2-4fc1-9c49-0cb63a1a27a8/omNode-1/ratis/9c9825ce-8ba7-3ee6-a7c3-6c22e66a003a has been successfully formatted.
2020-04-24 09:09:25,664 [pool-24-thread-1] INFO  server.RaftServerConfigKeys (ConfUtils.java:logGet(44)) - raft.server.notification.no-leader.timeout = 2s (custom)
2020-04-24 09:09:25,667 [pool-24-thread-1] INFO  server.RaftServerConfigKeys (ConfUtils.java:logGet(44)) - raft.server.log.use.memory = false (default)
2020-04-24 09:09:25,680 [pool-24-thread-1] INFO  server.RaftServerConfigKeys (ConfUtils.java:logGet(44)) - raft.server.log.purge.gap = 1000000 (custom)
2020-04-24 09:09:25,684 [pool-24-thread-1] INFO  server.RaftServerConfigKeys (ConfUtils.java:logGet(44)) - raft.server.log.appender.buffer.byte-limit = 33554432 (custom)
2020-04-24 09:09:25,687 [pool-24-thread-1] INFO  server.RaftServerConfigKeys (ConfUtils.java:logGet(44)) - raft.server.log.segment.size.max = 16384 (custom)
2020-04-24 09:09:25,691 [main] INFO  impl.MetricsSystemImpl (MetricsSystemImpl.java:init(158)) - OzoneManager metrics system started (again)
2020-04-24 09:09:25,694 [main] INFO  om.OzoneManager (OzoneManager.java:start(1113)) - OzoneManager RPC server is listening at localhost/127.0.0.1:12776
2020-04-24 09:09:25,695 [main] INFO  ratis.OzoneManagerRatisServer (OzoneManagerRatisServer.java:start(356)) - Starting OzoneManagerRatisServer omNode-1 at port 12780
2020-04-24 09:09:25,697 [pool-24-thread-1] INFO  metrics.RatisMetrics (RatisMetrics.java:lambda$create$0(39)) - Creating Metrics Registry : ratis.log_worker.omNode-1
2020-04-24 09:09:25,722 [pool-24-thread-1] INFO  server.RaftServerConfigKeys (ConfUtils.java:logGet(44)) - raft.server.log.segment.cache.num.max = 2 (custom)
2020-04-24 09:09:25,730 [pool-24-thread-1] INFO  segmented.SegmentedRaftLogWorker (SegmentedRaftLogWorker.java:<init>(176)) - new omNode-1@group-6C22E66A003A-SegmentedRaftLogWorker for RaftStorage:Storage Directory /github/workspace/mnt/ozone/hadoop-ozone/integration-test/target/test-dir/MiniOzoneClusterImpl-28ce97df-7db2-4fc1-9c49-0cb63a1a27a8/omNode-1/ratis/9c9825ce-8ba7-3ee6-a7c3-6c22e66a003a
2020-04-24 09:09:25,731 [pool-24-thread-1] INFO  server.RaftServerConfigKeys (ConfUtils.java:logGet(44)) - raft.server.log.queue.byte-limit = 64MB (=67108864) (default)
2020-04-24 09:09:25,731 [pool-24-thread-1] INFO  server.RaftServerConfigKeys (ConfUtils.java:logGet(44)) - raft.server.log.queue.element-limit = 4096 (default)
2020-04-24 09:09:25,732 [pool-24-thread-1] INFO  server.RaftServerConfigKeys (ConfUtils.java:logGet(44)) - raft.server.log.segment.size.max = 16384 (custom)
2020-04-24 09:09:25,733 [pool-24-thread-1] INFO  server.RaftServerConfigKeys (ConfUtils.java:logGet(44)) - raft.server.log.preallocated.size = 16384 (custom)
2020-04-24 09:09:25,734 [pool-24-thread-1] INFO  server.RaftServerConfigKeys (ConfUtils.java:logGet(44)) - raft.server.log.write.buffer.size = 64KB (=65536) (default)
2020-04-24 09:09:25,734 [pool-24-thread-1] INFO  server.RaftServerConfigKeys (ConfUtils.java:logGet(44)) - raft.server.log.force.sync.num = 128 (default)
2020-04-24 09:09:25,736 [pool-24-thread-1] INFO  server.RaftServerConfigKeys (ConfUtils.java:logGet(44)) - raft.server.log.statemachine.data.sync = true (default)
2020-04-24 09:09:25,736 [pool-24-thread-1] INFO  server.RaftServerConfigKeys (ConfUtils.java:logGet(44)) - raft.server.log.statemachine.data.sync.timeout = 10s (default)
2020-04-24 09:09:25,737 [pool-24-thread-1] INFO  server.RaftServerConfigKeys (ConfUtils.java:logGet(44)) - raft.server.log.statemachine.data.sync.timeout.retry = -1 (default)
2020-04-24 09:09:25,752 [pool-24-thread-1] INFO  server.RaftServerConfigKeys (ConfUtils.java:logGet(44)) - raft.server.log.statemachine.data.caching.enabled = false (default)
2020-04-24 09:09:25,756 [pool-24-thread-1] INFO  segmented.SegmentedRaftLogWorker (SegmentedRaftLogWorker.java:lambda$new$0(129)) - omNode-1@group-6C22E66A003A-SegmentedRaftLogWorker: flushIndex: setUnconditionally 0 -> -1
2020-04-24 09:09:25,761 [pool-24-thread-1] INFO  server.RaftServerConfigKeys (ConfUtils.java:logGet(44)) - raft.server.snapshot.auto.trigger.enabled = true (custom)
2020-04-24 09:09:25,762 [pool-24-thread-1] INFO  server.RaftServerConfigKeys (ConfUtils.java:logGet(44)) - raft.server.snapshot.auto.trigger.threshold = 400000 (default)
2020-04-24 09:09:25,762 [pool-24-thread-1] INFO  server.RaftServerConfigKeys (ConfUtils.java:logGet(44)) - raft.server.snapshot.retention.file.num = -1 (default)
2020-04-24 09:09:25,763 [pool-24-thread-1] INFO  server.RaftServerConfigKeys (ConfUtils.java:logGet(44)) - raft.server.retrycache.expirytime = 600000ms (custom)
2020-04-24 09:09:25,793 [pool-24-thread-1] INFO  metrics.RatisMetrics (RatisMetrics.java:lambda$create$0(39)) - Creating Metrics Registry : ratis.leader_election.omNode-1@group-6C22E66A003A
2020-04-24 09:09:25,796 [pool-24-thread-1] INFO  metrics.RatisMetrics (RatisMetrics.java:lambda$create$0(39)) - Creating Metrics Registry : ratis.server.omNode-1@group-6C22E66A003A
2020-04-24 09:09:25,801 [main] INFO  impl.RaftServerImpl (RaftServerImpl.java:start(183)) - omNode-1@group-6C22E66A003A: start as a follower, conf=-1: [omNode-3:localhost:12792, omNode-1:localhost:12780, omNode-2:localhost:12786], old=null
2020-04-24 09:09:25,803 [main] INFO  impl.RaftServerImpl (RaftServerImpl.java:setRole(172)) - omNode-1@group-6C22E66A003A: changes role from      null to FOLLOWER at term 0 for startAsFollower
2020-04-24 09:09:25,805 [main] INFO  impl.RoleInfo (RoleInfo.java:updateAndGet(143)) - omNode-1: start FollowerState
2020-04-24 09:09:25,806 [main] INFO  util.JmxRegister (JmxRegister.java:tryRegister(44)) - Successfully registered JMX Bean with object name Ratis:service=RaftServer,group=group-6C22E66A003A,id=omNode-1
2020-04-24 09:09:25,808 [main] INFO  metrics.RatisMetrics (RatisMetrics.java:lambda$create$0(39)) - Creating Metrics Registry : ratis.state_machine.omNode-1@group-6C22E66A003A
2020-04-24 09:09:25,814 [main] INFO  impl.RaftServerProxy (RaftServerProxy.java:lambda$start$3(299)) - omNode-1: start RPC server
2020-04-24 09:09:25,895 [main] INFO  server.GrpcService (GrpcService.java:startImpl(159)) - omNode-1: GrpcService started, listening on 0.0.0.0/0.0.0.0:12780
2020-04-24 09:09:25,900 [IPC Server Responder] INFO  ipc.Server (Server.java:run(1314)) - IPC Server Responder: starting
2020-04-24 09:09:25,903 [IPC Server listener on 12776] INFO  ipc.Server (Server.java:run(1153)) - IPC Server listener on 12776: starting
2020-04-24 09:09:25,950 [main] INFO  http.BaseHttpServer (BaseHttpServer.java:newHttpServer2BuilderForOzone(174)) - Starting Web-server for ozoneManager at: http://0.0.0.0:12778
2020-04-24 09:09:25,956 [main] INFO  server.AuthenticationFilter (AuthenticationFilter.java:constructSecretProvider(240)) - Unable to initialize FileSignerSecretProvider, falling back to use random secrets.
2020-04-24 09:09:25,958 [main] WARN  http.HttpRequestLog (HttpRequestLog.java:getRequestLog(103)) - Jetty request log can only be enabled using Log4j
2020-04-24 09:09:25,959 [main] INFO  http.HttpServer2 (HttpServer2.java:addGlobalFilter(979)) - Added global filter 'safety' (class=org.apache.hadoop.hdds.server.http.HttpServer2$QuotingInputFilter)
2020-04-24 09:09:25,959 [main] INFO  http.HttpServer2 (HttpServer2.java:addFilter(955)) - Added filter static_user_filter (class=org.apache.hadoop.hdds.server.http.StaticUserWebFilter$StaticUserFilter) to context ozoneManager
2020-04-24 09:09:25,959 [main] INFO  http.HttpServer2 (HttpServer2.java:addFilter(963)) - Added filter static_user_filter (class=org.apache.hadoop.hdds.server.http.StaticUserWebFilter$StaticUserFilter) to context logs
2020-04-24 09:09:25,960 [main] INFO  http.HttpServer2 (HttpServer2.java:addFilter(963)) - Added filter static_user_filter (class=org.apache.hadoop.hdds.server.http.StaticUserWebFilter$StaticUserFilter) to context static
2020-04-24 09:09:25,962 [main] INFO  http.HttpServer2 (HttpServer2.java:bindListener(1197)) - Jetty bound to port 12778
2020-04-24 09:09:25,962 [main] INFO  server.Server (Server.java:doStart(359)) - jetty-9.4.26.v20200117; built: 2020-01-17T12:35:33.676Z; git: 7b38981d25d14afb4a12ff1f2596756144edf695; jvm 1.8.0_232-b09
2020-04-24 09:09:26,001 [main] INFO  server.session (DefaultSessionIdManager.java:doStart(333)) - DefaultSessionIdManager workerName=node0
2020-04-24 09:09:26,001 [main] INFO  server.session (DefaultSessionIdManager.java:doStart(338)) - No SessionScavenger set, using defaults
2020-04-24 09:09:26,001 [main] INFO  server.session (HouseKeeper.java:startScavenging(140)) - node0 Scavenging every 600000ms
2020-04-24 09:09:26,002 [main] INFO  handler.ContextHandler (ContextHandler.java:doStart(825)) - Started o.e.j.s.ServletContextHandler@7b058440{logs,/logs,file:///github/workspace/mnt/ozone/hadoop-ozone/integration-test/target/log,AVAILABLE}
2020-04-24 09:09:26,003 [main] INFO  handler.ContextHandler (ContextHandler.java:doStart(825)) - Started o.e.j.s.ServletContextHandler@787edbf6{static,/static,file:///github/workspace/mnt/ozone/hadoop-ozone/integration-test/target/test-classes/webapps/static,AVAILABLE}
2020-04-24 09:09:26,016 [main] INFO  handler.ContextHandler (ContextHandler.java:doStart(825)) - Started o.e.j.w.WebAppContext@7964a054{ozoneManager,/,file:///github/workspace/mnt/ozone/hadoop-ozone/integration-test/target/test-classes/webapps/ozoneManager/,AVAILABLE}{file:/github/workspace/mnt/ozone/hadoop-ozone/integration-test/target/test-classes/webapps/ozoneManager}
2020-04-24 09:09:26,022 [main] INFO  server.AbstractConnector (AbstractConnector.java:doStart(330)) - Started ServerConnector@11cf6217{HTTP/1.1,[http/1.1]}{0.0.0.0:12778}
2020-04-24 09:09:26,024 [main] INFO  server.Server (Server.java:doStart(399)) - Started @6770ms
2020-04-24 09:09:26,025 [main] WARN  impl.MetricsSystemImpl (MetricsSystemImpl.java:register(276)) - Sink prometheus already exists!
2020-04-24 09:09:26,028 [main] INFO  http.BaseHttpServer (BaseHttpServer.java:updateConnectorAddress(288)) - HTTP server of ozoneManager listening at http://0.0.0.0:12778
2020-04-24 09:09:26,029 [main] INFO  ozone.MiniOzoneHAClusterImpl (MiniOzoneHAClusterImpl.java:createOMService(386)) - Started OzoneManager RPC server at localhost/127.0.0.1:12776
2020-04-24 09:09:26,031 [main] WARN  server.ServerUtils (ServerUtils.java:getDBPath(225)) - ozone.om.db.dirs is not configured. We recommend adding this setting. Falling back to ozone.metadata.dirs instead.
2020-04-24 09:09:26,033 [main] INFO  ha.OMHANodeDetails (OMHANodeDetails.java:loadOMHAConfig(110)) - ServiceID for OzoneManager is omServiceId1
2020-04-24 09:09:26,034 [main] INFO  ha.OMHANodeDetails (OMHANodeDetails.java:loadOMHAConfig(182)) - Found matching OM address with OMServiceId: omServiceId1, OMNodeId: omNode-2, RPC Address: localhost:12782 and Ratis port: 12786
2020-04-24 09:09:26,034 [main] INFO  ha.OMHANodeDetails (OMHANodeDetails.java:setOMNodeSpecificConfigs(315)) - Setting configuration key ozone.om.http-address with value of key ozone.om.http-address.omNode-2: 127.0.0.1:12784
2020-04-24 09:09:26,034 [main] INFO  ha.OMHANodeDetails (OMHANodeDetails.java:setOMNodeSpecificConfigs(315)) - Setting configuration key ozone.om.https-address with value of key ozone.om.https-address.omNode-2: 127.0.0.1:12785
2020-04-24 09:09:26,034 [main] INFO  ha.OMHANodeDetails (OMHANodeDetails.java:setOMNodeSpecificConfigs(315)) - Setting configuration key ozone.om.address with value of key ozone.om.address.omNode-2: 127.0.0.1:12782
2020-04-24 09:09:26,035 [main] WARN  server.ServerUtils (ServerUtils.java:getDBPath(225)) - ozone.om.db.dirs is not configured. We recommend adding this setting. Falling back to ozone.metadata.dirs instead.
2020-04-24 09:09:26,035 [main] WARN  server.ServerUtils (ServerUtils.java:getDBPath(225)) - ozone.om.db.dirs is not configured. We recommend adding this setting. Falling back to ozone.metadata.dirs instead.
2020-04-24 09:09:26,039 [main] WARN  server.ServerUtils (ServerUtils.java:getDBPath(225)) - ozone.om.db.dirs is not configured. We recommend adding this setting. Falling back to ozone.metadata.dirs instead.
2020-04-24 09:09:26,105 [main] WARN  server.ServerUtils (ServerUtils.java:getDefaultRatisDirectory(237)) - Storage directory for Ratis is not configured. It is a good idea to map this to an SSD disk. Falling back to ozone.metadata.dirs
2020-04-24 09:09:26,106 [main] INFO  ratis.OzoneManagerRatisServer (OzoneManagerRatisServer.java:<init>(266)) - Instantiating OM Ratis server with GroupID: omServiceId1 and Raft Peers: localhost:12786, localhost:12780, localhost:12792
2020-04-24 09:09:26,106 [main] INFO  ratis.OzoneManagerStateMachine (OzoneManagerStateMachine.java:updateLastAppliedIndexWithSnaphsotIndex(513)) - LastAppliedIndex set from SnapShotInfo (t:0, i:~)
2020-04-24 09:09:26,107 [main] INFO  impl.RaftServerProxy (ConfUtils.java:logGet(44)) - raft.rpc.type = GRPC (default)
2020-04-24 09:09:26,107 [main] INFO  grpc.GrpcFactory (GrpcFactory.java:checkPooledByteBufAllocatorUseCacheForAllThreads(45)) - PERFORMANCE WARNING: useCacheForAllThreads is true that may cause Netty to create a lot garbage objects and, as a result, trigger GC.
	It is recommended to disable useCacheForAllThreads by setting -Dorg.apache.ratis.thirdparty.io.netty.allocator.useCacheForAllThreads=false in command line.
2020-04-24 09:09:26,107 [main] INFO  grpc.GrpcConfigKeys (ConfUtils.java:logGet(44)) - raft.grpc.server.port = 12786 (custom)
2020-04-24 09:09:26,107 [main] INFO  server.GrpcService (ConfUtils.java:logGet(44)) - raft.grpc.message.size.max = 33554432 (custom)
2020-04-24 09:09:26,108 [main] INFO  server.RaftServerConfigKeys (ConfUtils.java:logGet(44)) - raft.server.log.appender.buffer.byte-limit = 33554432 (custom)
2020-04-24 09:09:26,108 [main] INFO  server.GrpcService (ConfUtils.java:logGet(44)) - raft.grpc.flow.control.window = 1MB (=1048576) (default)
2020-04-24 09:09:26,108 [main] INFO  server.RaftServerConfigKeys (ConfUtils.java:logGet(44)) - raft.server.rpc.request.timeout = 3000ms (default)
2020-04-24 09:09:26,109 [main] INFO  server.RaftServerConfigKeys (ConfUtils.java:logGet(44)) - raft.server.storage.dir = [/github/workspace/mnt/ozone/hadoop-ozone/integration-test/target/test-dir/MiniOzoneClusterImpl-28ce97df-7db2-4fc1-9c49-0cb63a1a27a8/omNode-2/ratis] (custom)
2020-04-24 09:09:26,110 [main] INFO  impl.RaftServerProxy (RaftServerProxy.java:addNew(89)) - omNode-2: addNew group-6C22E66A003A:[omNode-3:localhost:12792, omNode-1:localhost:12780, omNode-2:localhost:12786] returns group-6C22E66A003A:java.util.concurrent.CompletableFuture@f55020e[Not completed]
2020-04-24 09:09:26,111 [main] INFO  om.OzoneManager (OzoneManager.java:initializeRatisServer(1254)) - OzoneManager Ratis server initialized at port 12786
2020-04-24 09:09:26,111 [main] WARN  server.ServerUtils (ServerUtils.java:getDefaultRatisDirectory(237)) - Storage directory for Ratis is not configured. It is a good idea to map this to an SSD disk. Falling back to ozone.metadata.dirs
2020-04-24 09:09:26,111 [main] WARN  server.ServerUtils (ServerUtils.java:getDefaultRatisDirectory(237)) - Storage directory for Ratis is not configured. It is a good idea to map this to an SSD disk. Falling back to ozone.metadata.dirs
2020-04-24 09:09:26,111 [main] INFO  snapshot.OzoneManagerSnapshotProvider (OzoneManagerSnapshotProvider.java:<init>(81)) - Initializing OM Snapshot Provider
2020-04-24 09:09:26,111 [pool-42-thread-1] INFO  impl.RaftServerImpl (RaftServerImpl.java:<init>(97)) - omNode-2: new RaftServerImpl for group-6C22E66A003A:[omNode-3:localhost:12792, omNode-1:localhost:12780, omNode-2:localhost:12786] with OzoneManagerStateMachine:uninitialized
2020-04-24 09:09:26,118 [main] INFO  ipc.CallQueueManager (CallQueueManager.java:<init>(84)) - Using callQueue: class java.util.concurrent.LinkedBlockingQueue, queueCapacity: 2000, scheduler: class org.apache.hadoop.ipc.DefaultRpcScheduler, ipcBackoff: false.
2020-04-24 09:09:26,121 [pool-42-thread-1] INFO  server.RaftServerConfigKeys (ConfUtils.java:logGet(44)) - raft.server.rpc.timeout.min = 1s (custom)
2020-04-24 09:09:26,121 [pool-42-thread-1] INFO  server.RaftServerConfigKeys (ConfUtils.java:logGet(44)) - raft.server.rpc.timeout.max = 1200ms (custom)
2020-04-24 09:09:26,123 [pool-42-thread-1] INFO  server.RaftServerConfigKeys (ConfUtils.java:logGet(44)) - raft.server.rpcslowness.timeout = 2s (custom)
2020-04-24 09:09:26,123 [pool-42-thread-1] INFO  server.RaftServerConfigKeys (ConfUtils.java:logGet(44)) - raft.server.sleep.deviation.threshold = 300 (default)
2020-04-24 09:09:26,124 [pool-42-thread-1] INFO  server.RaftServerConfigKeys (ConfUtils.java:logGet(44)) - raft.server.log.appender.install.snapshot.enabled = false (custom)
2020-04-24 09:09:26,124 [pool-42-thread-1] INFO  impl.RaftServerImpl (ServerState.java:<init>(103)) - omNode-2@group-6C22E66A003A: ConfigurationManager, init=-1: [omNode-3:localhost:12792, omNode-1:localhost:12780, omNode-2:localhost:12786], old=null, confs=<EMPTY_MAP>
2020-04-24 09:09:26,124 [pool-42-thread-1] INFO  server.RaftServerConfigKeys (ConfUtils.java:logGet(44)) - raft.server.storage.dir = [/github/workspace/mnt/ozone/hadoop-ozone/integration-test/target/test-dir/MiniOzoneClusterImpl-28ce97df-7db2-4fc1-9c49-0cb63a1a27a8/omNode-2/ratis] (custom)
2020-04-24 09:09:26,124 [pool-42-thread-1] INFO  server.RaftServerConfigKeys (ConfUtils.java:logGet(44)) - raft.server.log.corruption.policy = EXCEPTION (default)
2020-04-24 09:09:26,121 [Socket Reader #1 for port 12782] INFO  ipc.Server (Server.java:run(1074)) - Starting Socket Reader #1 for port 12782
2020-04-24 09:09:26,125 [pool-42-thread-1] INFO  storage.RaftStorageDirectory (RaftStorageDirectory.java:analyzeStorage(253)) - The storage directory /github/workspace/mnt/ozone/hadoop-ozone/integration-test/target/test-dir/MiniOzoneClusterImpl-28ce97df-7db2-4fc1-9c49-0cb63a1a27a8/omNode-2/ratis/9c9825ce-8ba7-3ee6-a7c3-6c22e66a003a does not exist. Creating ...
2020-04-24 09:09:26,142 [pool-42-thread-1] INFO  storage.RaftStorageDirectory (RaftStorageDirectory.java:tryLock(335)) - Lock on /github/workspace/mnt/ozone/hadoop-ozone/integration-test/target/test-dir/MiniOzoneClusterImpl-28ce97df-7db2-4fc1-9c49-0cb63a1a27a8/omNode-2/ratis/9c9825ce-8ba7-3ee6-a7c3-6c22e66a003a/in_use.lock acquired by nodename 1546@36dc976b824e
2020-04-24 09:09:26,143 [pool-42-thread-1] INFO  storage.RaftStorage (RaftStorage.java:format(84)) - Storage directory /github/workspace/mnt/ozone/hadoop-ozone/integration-test/target/test-dir/MiniOzoneClusterImpl-28ce97df-7db2-4fc1-9c49-0cb63a1a27a8/omNode-2/ratis/9c9825ce-8ba7-3ee6-a7c3-6c22e66a003a has been successfully formatted.
2020-04-24 09:09:26,146 [pool-42-thread-1] INFO  server.RaftServerConfigKeys (ConfUtils.java:logGet(44)) - raft.server.notification.no-leader.timeout = 2s (custom)
2020-04-24 09:09:26,146 [pool-42-thread-1] INFO  server.RaftServerConfigKeys (ConfUtils.java:logGet(44)) - raft.server.log.use.memory = false (default)
2020-04-24 09:09:26,146 [pool-42-thread-1] INFO  server.RaftServerConfigKeys (ConfUtils.java:logGet(44)) - raft.server.log.purge.gap = 1000000 (custom)
2020-04-24 09:09:26,147 [pool-42-thread-1] INFO  server.RaftServerConfigKeys (ConfUtils.java:logGet(44)) - raft.server.log.appender.buffer.byte-limit = 33554432 (custom)
2020-04-24 09:09:26,147 [pool-42-thread-1] INFO  server.RaftServerConfigKeys (ConfUtils.java:logGet(44)) - raft.server.log.segment.size.max = 16384 (custom)
2020-04-24 09:09:26,147 [pool-42-thread-1] INFO  metrics.RatisMetrics (RatisMetrics.java:lambda$create$0(39)) - Creating Metrics Registry : ratis.log_worker.omNode-2
2020-04-24 09:09:26,147 [pool-42-thread-1] INFO  server.RaftServerConfigKeys (ConfUtils.java:logGet(44)) - raft.server.log.segment.cache.num.max = 2 (custom)
2020-04-24 09:09:26,147 [pool-42-thread-1] INFO  segmented.SegmentedRaftLogWorker (SegmentedRaftLogWorker.java:<init>(176)) - new omNode-2@group-6C22E66A003A-SegmentedRaftLogWorker for RaftStorage:Storage Directory /github/workspace/mnt/ozone/hadoop-ozone/integration-test/target/test-dir/MiniOzoneClusterImpl-28ce97df-7db2-4fc1-9c49-0cb63a1a27a8/omNode-2/ratis/9c9825ce-8ba7-3ee6-a7c3-6c22e66a003a
2020-04-24 09:09:26,148 [pool-42-thread-1] INFO  server.RaftServerConfigKeys (ConfUtils.java:logGet(44)) - raft.server.log.queue.byte-limit = 64MB (=67108864) (default)
2020-04-24 09:09:26,148 [pool-42-thread-1] INFO  server.RaftServerConfigKeys (ConfUtils.java:logGet(44)) - raft.server.log.queue.element-limit = 4096 (default)
2020-04-24 09:09:26,148 [pool-42-thread-1] INFO  server.RaftServerConfigKeys (ConfUtils.java:logGet(44)) - raft.server.log.segment.size.max = 16384 (custom)
2020-04-24 09:09:26,148 [pool-42-thread-1] INFO  server.RaftServerConfigKeys (ConfUtils.java:logGet(44)) - raft.server.log.preallocated.size = 16384 (custom)
2020-04-24 09:09:26,148 [pool-42-thread-1] INFO  server.RaftServerConfigKeys (ConfUtils.java:logGet(44)) - raft.server.log.write.buffer.size = 64KB (=65536) (default)
2020-04-24 09:09:26,148 [pool-42-thread-1] INFO  server.RaftServerConfigKeys (ConfUtils.java:logGet(44)) - raft.server.log.force.sync.num = 128 (default)
2020-04-24 09:09:26,148 [pool-42-thread-1] INFO  server.RaftServerConfigKeys (ConfUtils.java:logGet(44)) - raft.server.log.statemachine.data.sync = true (default)
2020-04-24 09:09:26,149 [pool-42-thread-1] INFO  server.RaftServerConfigKeys (ConfUtils.java:logGet(44)) - raft.server.log.statemachine.data.sync.timeout = 10s (default)
2020-04-24 09:09:26,149 [pool-42-thread-1] INFO  server.RaftServerConfigKeys (ConfUtils.java:logGet(44)) - raft.server.log.statemachine.data.sync.timeout.retry = -1 (default)
2020-04-24 09:09:26,150 [pool-42-thread-1] INFO  server.RaftServerConfigKeys (ConfUtils.java:logGet(44)) - raft.server.log.statemachine.data.caching.enabled = false (default)
2020-04-24 09:09:26,150 [pool-42-thread-1] INFO  segmented.SegmentedRaftLogWorker (SegmentedRaftLogWorker.java:lambda$new$0(129)) - omNode-2@group-6C22E66A003A-SegmentedRaftLogWorker: flushIndex: setUnconditionally 0 -> -1
2020-04-24 09:09:26,150 [pool-42-thread-1] INFO  server.RaftServerConfigKeys (ConfUtils.java:logGet(44)) - raft.server.snapshot.auto.trigger.enabled = true (custom)
2020-04-24 09:09:26,151 [pool-42-thread-1] INFO  server.RaftServerConfigKeys (ConfUtils.java:logGet(44)) - raft.server.snapshot.auto.trigger.threshold = 400000 (default)
2020-04-24 09:09:26,151 [pool-42-thread-1] INFO  server.RaftServerConfigKeys (ConfUtils.java:logGet(44)) - raft.server.snapshot.retention.file.num = -1 (default)
2020-04-24 09:09:26,151 [pool-42-thread-1] INFO  server.RaftServerConfigKeys (ConfUtils.java:logGet(44)) - raft.server.retrycache.expirytime = 600000ms (custom)
2020-04-24 09:09:26,151 [pool-42-thread-1] INFO  metrics.RatisMetrics (RatisMetrics.java:lambda$create$0(39)) - Creating Metrics Registry : ratis.leader_election.omNode-2@group-6C22E66A003A
2020-04-24 09:09:26,152 [pool-42-thread-1] INFO  metrics.RatisMetrics (RatisMetrics.java:lambda$create$0(39)) - Creating Metrics Registry : ratis.server.omNode-2@group-6C22E66A003A
2020-04-24 09:09:26,176 [main] INFO  impl.MetricsSystemImpl (MetricsSystemImpl.java:init(158)) - OzoneManager metrics system started (again)
2020-04-24 09:09:26,178 [main] INFO  om.OzoneManager (OzoneManager.java:start(1113)) - OzoneManager RPC server is listening at localhost/127.0.0.1:12782
2020-04-24 09:09:26,180 [main] INFO  ratis.OzoneManagerRatisServer (OzoneManagerRatisServer.java:start(356)) - Starting OzoneManagerRatisServer omNode-2 at port 12786
2020-04-24 09:09:26,180 [main] INFO  impl.RaftServerImpl (RaftServerImpl.java:start(183)) - omNode-2@group-6C22E66A003A: start as a follower, conf=-1: [omNode-3:localhost:12792, omNode-1:localhost:12780, omNode-2:localhost:12786], old=null
2020-04-24 09:09:26,181 [main] INFO  impl.RaftServerImpl (RaftServerImpl.java:setRole(172)) - omNode-2@group-6C22E66A003A: changes role from      null to FOLLOWER at term 0 for startAsFollower
2020-04-24 09:09:26,181 [main] INFO  impl.RoleInfo (RoleInfo.java:updateAndGet(143)) - omNode-2: start FollowerState
2020-04-24 09:09:26,181 [main] INFO  util.JmxRegister (JmxRegister.java:tryRegister(44)) - Successfully registered JMX Bean with object name Ratis:service=RaftServer,group=group-6C22E66A003A,id=omNode-2
2020-04-24 09:09:26,182 [main] INFO  metrics.RatisMetrics (RatisMetrics.java:lambda$create$0(39)) - Creating Metrics Registry : ratis.state_machine.omNode-2@group-6C22E66A003A
2020-04-24 09:09:26,184 [main] INFO  impl.RaftServerProxy (RaftServerProxy.java:lambda$start$3(299)) - omNode-2: start RPC server
2020-04-24 09:09:26,193 [main] INFO  server.GrpcService (GrpcService.java:startImpl(159)) - omNode-2: GrpcService started, listening on 0.0.0.0/0.0.0.0:12786
2020-04-24 09:09:26,202 [IPC Server Responder] INFO  ipc.Server (Server.java:run(1314)) - IPC Server Responder: starting
2020-04-24 09:09:26,202 [IPC Server listener on 12782] INFO  ipc.Server (Server.java:run(1153)) - IPC Server listener on 12782: starting
2020-04-24 09:09:26,218 [main] INFO  http.BaseHttpServer (BaseHttpServer.java:newHttpServer2BuilderForOzone(174)) - Starting Web-server for ozoneManager at: http://0.0.0.0:12784
2020-04-24 09:09:26,221 [main] INFO  server.AuthenticationFilter (AuthenticationFilter.java:constructSecretProvider(240)) - Unable to initialize FileSignerSecretProvider, falling back to use random secrets.
2020-04-24 09:09:26,222 [main] WARN  http.HttpRequestLog (HttpRequestLog.java:getRequestLog(103)) - Jetty request log can only be enabled using Log4j
2020-04-24 09:09:26,223 [main] INFO  http.HttpServer2 (HttpServer2.java:addGlobalFilter(979)) - Added global filter 'safety' (class=org.apache.hadoop.hdds.server.http.HttpServer2$QuotingInputFilter)
2020-04-24 09:09:26,223 [main] INFO  http.HttpServer2 (HttpServer2.java:addFilter(955)) - Added filter static_user_filter (class=org.apache.hadoop.hdds.server.http.StaticUserWebFilter$StaticUserFilter) to context ozoneManager
2020-04-24 09:09:26,223 [main] INFO  http.HttpServer2 (HttpServer2.java:addFilter(963)) - Added filter static_user_filter (class=org.apache.hadoop.hdds.server.http.StaticUserWebFilter$StaticUserFilter) to context static
2020-04-24 09:09:26,223 [main] INFO  http.HttpServer2 (HttpServer2.java:addFilter(963)) - Added filter static_user_filter (class=org.apache.hadoop.hdds.server.http.StaticUserWebFilter$StaticUserFilter) to context logs
2020-04-24 09:09:26,224 [main] INFO  http.HttpServer2 (HttpServer2.java:bindListener(1197)) - Jetty bound to port 12784
2020-04-24 09:09:26,224 [main] INFO  server.Server (Server.java:doStart(359)) - jetty-9.4.26.v20200117; built: 2020-01-17T12:35:33.676Z; git: 7b38981d25d14afb4a12ff1f2596756144edf695; jvm 1.8.0_232-b09
2020-04-24 09:09:26,233 [main] INFO  server.session (DefaultSessionIdManager.java:doStart(333)) - DefaultSessionIdManager workerName=node0
2020-04-24 09:09:26,233 [main] INFO  server.session (DefaultSessionIdManager.java:doStart(338)) - No SessionScavenger set, using defaults
2020-04-24 09:09:26,234 [main] INFO  server.session (HouseKeeper.java:startScavenging(140)) - node0 Scavenging every 660000ms
2020-04-24 09:09:26,235 [main] INFO  handler.ContextHandler (ContextHandler.java:doStart(825)) - Started o.e.j.s.ServletContextHandler@6c950810{logs,/logs,file:///github/workspace/mnt/ozone/hadoop-ozone/integration-test/target/log,AVAILABLE}
2020-04-24 09:09:26,235 [main] INFO  handler.ContextHandler (ContextHandler.java:doStart(825)) - Started o.e.j.s.ServletContextHandler@5d4608a4{static,/static,file:///github/workspace/mnt/ozone/hadoop-ozone/integration-test/target/test-classes/webapps/static,AVAILABLE}
2020-04-24 09:09:26,240 [main] INFO  handler.ContextHandler (ContextHandler.java:doStart(825)) - Started o.e.j.w.WebAppContext@1a6dca5e{ozoneManager,/,file:///github/workspace/mnt/ozone/hadoop-ozone/integration-test/target/test-classes/webapps/ozoneManager/,AVAILABLE}{file:/github/workspace/mnt/ozone/hadoop-ozone/integration-test/target/test-classes/webapps/ozoneManager}
2020-04-24 09:09:26,242 [main] INFO  server.AbstractConnector (AbstractConnector.java:doStart(330)) - Started ServerConnector@36fe7b03{HTTP/1.1,[http/1.1]}{0.0.0.0:12784}
2020-04-24 09:09:26,242 [main] INFO  server.Server (Server.java:doStart(399)) - Started @6988ms
2020-04-24 09:09:26,243 [main] WARN  impl.MetricsSystemImpl (MetricsSystemImpl.java:register(276)) - Sink prometheus already exists!
2020-04-24 09:09:26,246 [main] INFO  http.BaseHttpServer (BaseHttpServer.java:updateConnectorAddress(288)) - HTTP server of ozoneManager listening at http://0.0.0.0:12784
2020-04-24 09:09:26,246 [main] INFO  ozone.MiniOzoneHAClusterImpl (MiniOzoneHAClusterImpl.java:createOMService(386)) - Started OzoneManager RPC server at localhost/127.0.0.1:12782
2020-04-24 09:09:26,247 [main] WARN  server.ServerUtils (ServerUtils.java:getDBPath(225)) - ozone.om.db.dirs is not configured. We recommend adding this setting. Falling back to ozone.metadata.dirs instead.
2020-04-24 09:09:26,255 [main] INFO  ha.OMHANodeDetails (OMHANodeDetails.java:loadOMHAConfig(110)) - ServiceID for OzoneManager is omServiceId1
2020-04-24 09:09:26,257 [main] INFO  ha.OMHANodeDetails (OMHANodeDetails.java:loadOMHAConfig(182)) - Found matching OM address with OMServiceId: omServiceId1, OMNodeId: omNode-3, RPC Address: localhost:12788 and Ratis port: 12792
2020-04-24 09:09:26,257 [main] INFO  ha.OMHANodeDetails (OMHANodeDetails.java:setOMNodeSpecificConfigs(315)) - Setting configuration key ozone.om.http-address with value of key ozone.om.http-address.omNode-3: 127.0.0.1:12790
2020-04-24 09:09:26,257 [main] INFO  ha.OMHANodeDetails (OMHANodeDetails.java:setOMNodeSpecificConfigs(315)) - Setting configuration key ozone.om.https-address with value of key ozone.om.https-address.omNode-3: 127.0.0.1:12791
2020-04-24 09:09:26,258 [main] INFO  ha.OMHANodeDetails (OMHANodeDetails.java:setOMNodeSpecificConfigs(315)) - Setting configuration key ozone.om.address with value of key ozone.om.address.omNode-3: 127.0.0.1:12788
2020-04-24 09:09:26,258 [main] WARN  server.ServerUtils (ServerUtils.java:getDBPath(225)) - ozone.om.db.dirs is not configured. We recommend adding this setting. Falling back to ozone.metadata.dirs instead.
2020-04-24 09:09:26,259 [main] WARN  server.ServerUtils (ServerUtils.java:getDBPath(225)) - ozone.om.db.dirs is not configured. We recommend adding this setting. Falling back to ozone.metadata.dirs instead.
2020-04-24 09:09:26,264 [main] WARN  server.ServerUtils (ServerUtils.java:getDBPath(225)) - ozone.om.db.dirs is not configured. We recommend adding this setting. Falling back to ozone.metadata.dirs instead.
2020-04-24 09:09:26,331 [main] WARN  server.ServerUtils (ServerUtils.java:getDefaultRatisDirectory(237)) - Storage directory for Ratis is not configured. It is a good idea to map this to an SSD disk. Falling back to ozone.metadata.dirs
2020-04-24 09:09:26,332 [main] INFO  ratis.OzoneManagerRatisServer (OzoneManagerRatisServer.java:<init>(266)) - Instantiating OM Ratis server with GroupID: omServiceId1 and Raft Peers: localhost:12792, localhost:12780, localhost:12786
2020-04-24 09:09:26,333 [main] INFO  ratis.OzoneManagerStateMachine (OzoneManagerStateMachine.java:updateLastAppliedIndexWithSnaphsotIndex(513)) - LastAppliedIndex set from SnapShotInfo (t:0, i:~)
2020-04-24 09:09:26,333 [main] INFO  impl.RaftServerProxy (ConfUtils.java:logGet(44)) - raft.rpc.type = GRPC (default)
2020-04-24 09:09:26,333 [main] INFO  grpc.GrpcFactory (GrpcFactory.java:checkPooledByteBufAllocatorUseCacheForAllThreads(45)) - PERFORMANCE WARNING: useCacheForAllThreads is true that may cause Netty to create a lot garbage objects and, as a result, trigger GC.
	It is recommended to disable useCacheForAllThreads by setting -Dorg.apache.ratis.thirdparty.io.netty.allocator.useCacheForAllThreads=false in command line.
2020-04-24 09:09:26,333 [main] INFO  grpc.GrpcConfigKeys (ConfUtils.java:logGet(44)) - raft.grpc.server.port = 12792 (custom)
2020-04-24 09:09:26,334 [main] INFO  server.GrpcService (ConfUtils.java:logGet(44)) - raft.grpc.message.size.max = 33554432 (custom)
2020-04-24 09:09:26,334 [main] INFO  server.RaftServerConfigKeys (ConfUtils.java:logGet(44)) - raft.server.log.appender.buffer.byte-limit = 33554432 (custom)
2020-04-24 09:09:26,334 [main] INFO  server.GrpcService (ConfUtils.java:logGet(44)) - raft.grpc.flow.control.window = 1MB (=1048576) (default)
2020-04-24 09:09:26,334 [main] INFO  server.RaftServerConfigKeys (ConfUtils.java:logGet(44)) - raft.server.rpc.request.timeout = 3000ms (default)
2020-04-24 09:09:26,335 [main] INFO  server.RaftServerConfigKeys (ConfUtils.java:logGet(44)) - raft.server.storage.dir = [/github/workspace/mnt/ozone/hadoop-ozone/integration-test/target/test-dir/MiniOzoneClusterImpl-28ce97df-7db2-4fc1-9c49-0cb63a1a27a8/omNode-3/ratis] (custom)
2020-04-24 09:09:26,339 [main] INFO  impl.RaftServerProxy (RaftServerProxy.java:addNew(89)) - omNode-3: addNew group-6C22E66A003A:[omNode-3:localhost:12792, omNode-1:localhost:12780, omNode-2:localhost:12786] returns group-6C22E66A003A:java.util.concurrent.CompletableFuture@18c0d062[Not completed]
2020-04-24 09:09:26,339 [pool-58-thread-1] INFO  impl.RaftServerImpl (RaftServerImpl.java:<init>(97)) - omNode-3: new RaftServerImpl for group-6C22E66A003A:[omNode-3:localhost:12792, omNode-1:localhost:12780, omNode-2:localhost:12786] with OzoneManagerStateMachine:uninitialized
2020-04-24 09:09:26,342 [main] INFO  om.OzoneManager (OzoneManager.java:initializeRatisServer(1254)) - OzoneManager Ratis server initialized at port 12792
2020-04-24 09:09:26,343 [main] WARN  server.ServerUtils (ServerUtils.java:getDefaultRatisDirectory(237)) - Storage directory for Ratis is not configured. It is a good idea to map this to an SSD disk. Falling back to ozone.metadata.dirs
2020-04-24 09:09:26,343 [main] WARN  server.ServerUtils (ServerUtils.java:getDefaultRatisDirectory(237)) - Storage directory for Ratis is not configured. It is a good idea to map this to an SSD disk. Falling back to ozone.metadata.dirs
2020-04-24 09:09:26,343 [main] INFO  snapshot.OzoneManagerSnapshotProvider (OzoneManagerSnapshotProvider.java:<init>(81)) - Initializing OM Snapshot Provider
2020-04-24 09:09:26,345 [main] INFO  ipc.CallQueueManager (CallQueueManager.java:<init>(84)) - Using callQueue: class java.util.concurrent.LinkedBlockingQueue, queueCapacity: 2000, scheduler: class org.apache.hadoop.ipc.DefaultRpcScheduler, ipcBackoff: false.
2020-04-24 09:09:26,348 [pool-58-thread-1] INFO  server.RaftServerConfigKeys (ConfUtils.java:logGet(44)) - raft.server.rpc.timeout.min = 1s (custom)
2020-04-24 09:09:26,348 [pool-58-thread-1] INFO  server.RaftServerConfigKeys (ConfUtils.java:logGet(44)) - raft.server.rpc.timeout.max = 1200ms (custom)
2020-04-24 09:09:26,348 [pool-58-thread-1] INFO  server.RaftServerConfigKeys (ConfUtils.java:logGet(44)) - raft.server.rpcslowness.timeout = 2s (custom)
2020-04-24 09:09:26,348 [pool-58-thread-1] INFO  server.RaftServerConfigKeys (ConfUtils.java:logGet(44)) - raft.server.sleep.deviation.threshold = 300 (default)
2020-04-24 09:09:26,349 [pool-58-thread-1] INFO  server.RaftServerConfigKeys (ConfUtils.java:logGet(44)) - raft.server.log.appender.install.snapshot.enabled = false (custom)
2020-04-24 09:09:26,349 [Socket Reader #1 for port 12788] INFO  ipc.Server (Server.java:run(1074)) - Starting Socket Reader #1 for port 12788
2020-04-24 09:09:26,349 [pool-58-thread-1] INFO  impl.RaftServerImpl (ServerState.java:<init>(103)) - omNode-3@group-6C22E66A003A: ConfigurationManager, init=-1: [omNode-3:localhost:12792, omNode-1:localhost:12780, omNode-2:localhost:12786], old=null, confs=<EMPTY_MAP>
2020-04-24 09:09:26,349 [pool-58-thread-1] INFO  server.RaftServerConfigKeys (ConfUtils.java:logGet(44)) - raft.server.storage.dir = [/github/workspace/mnt/ozone/hadoop-ozone/integration-test/target/test-dir/MiniOzoneClusterImpl-28ce97df-7db2-4fc1-9c49-0cb63a1a27a8/omNode-3/ratis] (custom)
2020-04-24 09:09:26,350 [pool-58-thread-1] INFO  server.RaftServerConfigKeys (ConfUtils.java:logGet(44)) - raft.server.log.corruption.policy = EXCEPTION (default)
2020-04-24 09:09:26,350 [pool-58-thread-1] INFO  storage.RaftStorageDirectory (RaftStorageDirectory.java:analyzeStorage(253)) - The storage directory /github/workspace/mnt/ozone/hadoop-ozone/integration-test/target/test-dir/MiniOzoneClusterImpl-28ce97df-7db2-4fc1-9c49-0cb63a1a27a8/omNode-3/ratis/9c9825ce-8ba7-3ee6-a7c3-6c22e66a003a does not exist. Creating ...
2020-04-24 09:09:26,353 [pool-58-thread-1] INFO  storage.RaftStorageDirectory (RaftStorageDirectory.java:tryLock(335)) - Lock on /github/workspace/mnt/ozone/hadoop-ozone/integration-test/target/test-dir/MiniOzoneClusterImpl-28ce97df-7db2-4fc1-9c49-0cb63a1a27a8/omNode-3/ratis/9c9825ce-8ba7-3ee6-a7c3-6c22e66a003a/in_use.lock acquired by nodename 1546@36dc976b824e
2020-04-24 09:09:26,368 [pool-58-thread-1] INFO  storage.RaftStorage (RaftStorage.java:format(84)) - Storage directory /github/workspace/mnt/ozone/hadoop-ozone/integration-test/target/test-dir/MiniOzoneClusterImpl-28ce97df-7db2-4fc1-9c49-0cb63a1a27a8/omNode-3/ratis/9c9825ce-8ba7-3ee6-a7c3-6c22e66a003a has been successfully formatted.
2020-04-24 09:09:26,369 [pool-58-thread-1] INFO  server.RaftServerConfigKeys (ConfUtils.java:logGet(44)) - raft.server.notification.no-leader.timeout = 2s (custom)
2020-04-24 09:09:26,369 [pool-58-thread-1] INFO  server.RaftServerConfigKeys (ConfUtils.java:logGet(44)) - raft.server.log.use.memory = false (default)
2020-04-24 09:09:26,369 [pool-58-thread-1] INFO  server.RaftServerConfigKeys (ConfUtils.java:logGet(44)) - raft.server.log.purge.gap = 1000000 (custom)
2020-04-24 09:09:26,369 [pool-58-thread-1] INFO  server.RaftServerConfigKeys (ConfUtils.java:logGet(44)) - raft.server.log.appender.buffer.byte-limit = 33554432 (custom)
2020-04-24 09:09:26,369 [pool-58-thread-1] INFO  server.RaftServerConfigKeys (ConfUtils.java:logGet(44)) - raft.server.log.segment.size.max = 16384 (custom)
2020-04-24 09:09:26,370 [pool-58-thread-1] INFO  metrics.RatisMetrics (RatisMetrics.java:lambda$create$0(39)) - Creating Metrics Registry : ratis.log_worker.omNode-3
2020-04-24 09:09:26,370 [pool-58-thread-1] INFO  server.RaftServerConfigKeys (ConfUtils.java:logGet(44)) - raft.server.log.segment.cache.num.max = 2 (custom)
2020-04-24 09:09:26,370 [pool-58-thread-1] INFO  segmented.SegmentedRaftLogWorker (SegmentedRaftLogWorker.java:<init>(176)) - new omNode-3@group-6C22E66A003A-SegmentedRaftLogWorker for RaftStorage:Storage Directory /github/workspace/mnt/ozone/hadoop-ozone/integration-test/target/test-dir/MiniOzoneClusterImpl-28ce97df-7db2-4fc1-9c49-0cb63a1a27a8/omNode-3/ratis/9c9825ce-8ba7-3ee6-a7c3-6c22e66a003a
2020-04-24 09:09:26,370 [pool-58-thread-1] INFO  server.RaftServerConfigKeys (ConfUtils.java:logGet(44)) - raft.server.log.queue.byte-limit = 64MB (=67108864) (default)
2020-04-24 09:09:26,370 [pool-58-thread-1] INFO  server.RaftServerConfigKeys (ConfUtils.java:logGet(44)) - raft.server.log.queue.element-limit = 4096 (default)
2020-04-24 09:09:26,370 [pool-58-thread-1] INFO  server.RaftServerConfigKeys (ConfUtils.java:logGet(44)) - raft.server.log.segment.size.max = 16384 (custom)
2020-04-24 09:09:26,371 [pool-58-thread-1] INFO  server.RaftServerConfigKeys (ConfUtils.java:logGet(44)) - raft.server.log.preallocated.size = 16384 (custom)
2020-04-24 09:09:26,371 [pool-58-thread-1] INFO  server.RaftServerConfigKeys (ConfUtils.java:logGet(44)) - raft.server.log.write.buffer.size = 64KB (=65536) (default)
2020-04-24 09:09:26,371 [pool-58-thread-1] INFO  server.RaftServerConfigKeys (ConfUtils.java:logGet(44)) - raft.server.log.force.sync.num = 128 (default)
2020-04-24 09:09:26,371 [pool-58-thread-1] INFO  server.RaftServerConfigKeys (ConfUtils.java:logGet(44)) - raft.server.log.statemachine.data.sync = true (default)
2020-04-24 09:09:26,371 [pool-58-thread-1] INFO  server.RaftServerConfigKeys (ConfUtils.java:logGet(44)) - raft.server.log.statemachine.data.sync.timeout = 10s (default)
2020-04-24 09:09:26,371 [pool-58-thread-1] INFO  server.RaftServerConfigKeys (ConfUtils.java:logGet(44)) - raft.server.log.statemachine.data.sync.timeout.retry = -1 (default)
2020-04-24 09:09:26,373 [pool-58-thread-1] INFO  server.RaftServerConfigKeys (ConfUtils.java:logGet(44)) - raft.server.log.statemachine.data.caching.enabled = false (default)
2020-04-24 09:09:26,373 [pool-58-thread-1] INFO  segmented.SegmentedRaftLogWorker (SegmentedRaftLogWorker.java:lambda$new$0(129)) - omNode-3@group-6C22E66A003A-SegmentedRaftLogWorker: flushIndex: setUnconditionally 0 -> -1
2020-04-24 09:09:26,383 [pool-58-thread-1] INFO  server.RaftServerConfigKeys (ConfUtils.java:logGet(44)) - raft.server.snapshot.auto.trigger.enabled = true (custom)
2020-04-24 09:09:26,383 [pool-58-thread-1] INFO  server.RaftServerConfigKeys (ConfUtils.java:logGet(44)) - raft.server.snapshot.auto.trigger.threshold = 400000 (default)
2020-04-24 09:09:26,383 [pool-58-thread-1] INFO  server.RaftServerConfigKeys (ConfUtils.java:logGet(44)) - raft.server.snapshot.retention.file.num = -1 (default)
2020-04-24 09:09:26,383 [pool-58-thread-1] INFO  server.RaftServerConfigKeys (ConfUtils.java:logGet(44)) - raft.server.retrycache.expirytime = 600000ms (custom)
2020-04-24 09:09:26,384 [pool-58-thread-1] INFO  metrics.RatisMetrics (RatisMetrics.java:lambda$create$0(39)) - Creating Metrics Registry : ratis.leader_election.omNode-3@group-6C22E66A003A
2020-04-24 09:09:26,385 [pool-58-thread-1] INFO  metrics.RatisMetrics (RatisMetrics.java:lambda$create$0(39)) - Creating Metrics Registry : ratis.server.omNode-3@group-6C22E66A003A
2020-04-24 09:09:26,401 [main] INFO  impl.MetricsSystemImpl (MetricsSystemImpl.java:init(158)) - OzoneManager metrics system started (again)
2020-04-24 09:09:26,404 [main] INFO  om.OzoneManager (OzoneManager.java:start(1113)) - OzoneManager RPC server is listening at localhost/127.0.0.1:12788
2020-04-24 09:09:26,405 [main] INFO  ratis.OzoneManagerRatisServer (OzoneManagerRatisServer.java:start(356)) - Starting OzoneManagerRatisServer omNode-3 at port 12792
2020-04-24 09:09:26,406 [main] INFO  impl.RaftServerImpl (RaftServerImpl.java:start(183)) - omNode-3@group-6C22E66A003A: start as a follower, conf=-1: [omNode-3:localhost:12792, omNode-1:localhost:12780, omNode-2:localhost:12786], old=null
2020-04-24 09:09:26,406 [main] INFO  impl.RaftServerImpl (RaftServerImpl.java:setRole(172)) - omNode-3@group-6C22E66A003A: changes role from      null to FOLLOWER at term 0 for startAsFollower
2020-04-24 09:09:26,406 [main] INFO  impl.RoleInfo (RoleInfo.java:updateAndGet(143)) - omNode-3: start FollowerState
2020-04-24 09:09:26,407 [main] INFO  util.JmxRegister (JmxRegister.java:tryRegister(44)) - Successfully registered JMX Bean with object name Ratis:service=RaftServer,group=group-6C22E66A003A,id=omNode-3
2020-04-24 09:09:26,407 [main] INFO  metrics.RatisMetrics (RatisMetrics.java:lambda$create$0(39)) - Creating Metrics Registry : ratis.state_machine.omNode-3@group-6C22E66A003A
2020-04-24 09:09:26,415 [main] INFO  impl.RaftServerProxy (RaftServerProxy.java:lambda$start$3(299)) - omNode-3: start RPC server
2020-04-24 09:09:26,417 [main] INFO  server.GrpcService (GrpcService.java:startImpl(159)) - omNode-3: GrpcService started, listening on 0.0.0.0/0.0.0.0:12792
2020-04-24 09:09:26,425 [IPC Server Responder] INFO  ipc.Server (Server.java:run(1314)) - IPC Server Responder: starting
2020-04-24 09:09:26,425 [IPC Server listener on 12788] INFO  ipc.Server (Server.java:run(1153)) - IPC Server listener on 12788: starting
2020-04-24 09:09:26,448 [main] INFO  http.BaseHttpServer (BaseHttpServer.java:newHttpServer2BuilderForOzone(174)) - Starting Web-server for ozoneManager at: http://0.0.0.0:12790
2020-04-24 09:09:26,453 [main] INFO  server.AuthenticationFilter (AuthenticationFilter.java:constructSecretProvider(240)) - Unable to initialize FileSignerSecretProvider, falling back to use random secrets.
2020-04-24 09:09:26,455 [main] WARN  http.HttpRequestLog (HttpRequestLog.java:getRequestLog(103)) - Jetty request log can only be enabled using Log4j
2020-04-24 09:09:26,456 [main] INFO  http.HttpServer2 (HttpServer2.java:addGlobalFilter(979)) - Added global filter 'safety' (class=org.apache.hadoop.hdds.server.http.HttpServer2$QuotingInputFilter)
2020-04-24 09:09:26,456 [main] INFO  http.HttpServer2 (HttpServer2.java:addFilter(955)) - Added filter static_user_filter (class=org.apache.hadoop.hdds.server.http.StaticUserWebFilter$StaticUserFilter) to context ozoneManager
2020-04-24 09:09:26,456 [main] INFO  http.HttpServer2 (HttpServer2.java:addFilter(963)) - Added filter static_user_filter (class=org.apache.hadoop.hdds.server.http.StaticUserWebFilter$StaticUserFilter) to context static
2020-04-24 09:09:26,457 [main] INFO  http.HttpServer2 (HttpServer2.java:addFilter(963)) - Added filter static_user_filter (class=org.apache.hadoop.hdds.server.http.StaticUserWebFilter$StaticUserFilter) to context logs
2020-04-24 09:09:26,457 [main] INFO  http.HttpServer2 (HttpServer2.java:bindListener(1197)) - Jetty bound to port 12790
2020-04-24 09:09:26,457 [main] INFO  server.Server (Server.java:doStart(359)) - jetty-9.4.26.v20200117; built: 2020-01-17T12:35:33.676Z; git: 7b38981d25d14afb4a12ff1f2596756144edf695; jvm 1.8.0_232-b09
2020-04-24 09:09:26,474 [main] INFO  server.session (DefaultSessionIdManager.java:doStart(333)) - DefaultSessionIdManager workerName=node0
2020-04-24 09:09:26,475 [main] INFO  server.session (DefaultSessionIdManager.java:doStart(338)) - No SessionScavenger set, using defaults
2020-04-24 09:09:26,475 [main] INFO  server.session (HouseKeeper.java:startScavenging(140)) - node0 Scavenging every 600000ms
2020-04-24 09:09:26,476 [main] INFO  handler.ContextHandler (ContextHandler.java:doStart(825)) - Started o.e.j.s.ServletContextHandler@dd98967{logs,/logs,file:///github/workspace/mnt/ozone/hadoop-ozone/integration-test/target/log,AVAILABLE}
2020-04-24 09:09:26,476 [main] INFO  handler.ContextHandler (ContextHandler.java:doStart(825)) - Started o.e.j.s.ServletContextHandler@65e4e3c0{static,/static,file:///github/workspace/mnt/ozone/hadoop-ozone/integration-test/target/test-classes/webapps/static,AVAILABLE}
2020-04-24 09:09:26,482 [main] INFO  handler.ContextHandler (ContextHandler.java:doStart(825)) - Started o.e.j.w.WebAppContext@20054016{ozoneManager,/,file:///github/workspace/mnt/ozone/hadoop-ozone/integration-test/target/test-classes/webapps/ozoneManager/,AVAILABLE}{file:/github/workspace/mnt/ozone/hadoop-ozone/integration-test/target/test-classes/webapps/ozoneManager}
2020-04-24 09:09:26,484 [main] INFO  server.AbstractConnector (AbstractConnector.java:doStart(330)) - Started ServerConnector@4c96d71f{HTTP/1.1,[http/1.1]}{0.0.0.0:12790}
2020-04-24 09:09:26,484 [main] INFO  server.Server (Server.java:doStart(399)) - Started @7230ms
2020-04-24 09:09:26,484 [main] WARN  impl.MetricsSystemImpl (MetricsSystemImpl.java:register(276)) - Sink prometheus already exists!
2020-04-24 09:09:26,488 [main] INFO  http.BaseHttpServer (BaseHttpServer.java:updateConnectorAddress(288)) - HTTP server of ozoneManager listening at http://0.0.0.0:12790
2020-04-24 09:09:26,488 [main] INFO  ozone.MiniOzoneHAClusterImpl (MiniOzoneHAClusterImpl.java:createOMService(386)) - Started OzoneManager RPC server at localhost/127.0.0.1:12788
2020-04-24 09:09:26,611 [main] INFO  impl.MetricsSystemImpl (MetricsSystemImpl.java:init(158)) - HddsDatanode metrics system started (again)
2020-04-24 09:09:26,676 [main] INFO  ozone.HddsDatanodeService (HddsDatanodeService.java:start(204)) - HddsDatanodeService host:36dc976b824e ip:172.17.0.2
2020-04-24 09:09:26,738 [main] INFO  volume.HddsVolume (HddsVolume.java:<init>(176)) - Creating Volume: /github/workspace/mnt/ozone/hadoop-ozone/integration-test/target/test-dir/MiniOzoneClusterImpl-28ce97df-7db2-4fc1-9c49-0cb63a1a27a8/datanode-0/data-0/containers/hdds of storage type : DISK and capacity : 9223372036854775807
2020-04-24 09:09:26,742 [main] INFO  volume.MutableVolumeSet (MutableVolumeSet.java:initializeVolumeSet(189)) - Added Volume : /github/workspace/mnt/ozone/hadoop-ozone/integration-test/target/test-dir/MiniOzoneClusterImpl-28ce97df-7db2-4fc1-9c49-0cb63a1a27a8/datanode-0/data-0/containers/hdds to VolumeSet
2020-04-24 09:09:26,743 [main] INFO  volume.ThrottledAsyncChecker (ThrottledAsyncChecker.java:schedule(141)) - Scheduling a check for /github/workspace/mnt/ozone/hadoop-ozone/integration-test/target/test-dir/MiniOzoneClusterImpl-28ce97df-7db2-4fc1-9c49-0cb63a1a27a8/datanode-0/data-0/containers/hdds
2020-04-24 09:09:26,765 [main] INFO  volume.HddsVolumeChecker (HddsVolumeChecker.java:checkAllVolumes(200)) - Scheduled health check for volume /github/workspace/mnt/ozone/hadoop-ozone/integration-test/target/test-dir/MiniOzoneClusterImpl-28ce97df-7db2-4fc1-9c49-0cb63a1a27a8/datanode-0/data-0/containers/hdds
2020-04-24 09:09:26,863 [main] INFO  impl.RaftServerProxy (ConfUtils.java:logGet(44)) - raft.rpc.type = GRPC (default)
2020-04-24 09:09:26,864 [main] INFO  grpc.GrpcFactory (GrpcFactory.java:checkPooledByteBufAllocatorUseCacheForAllThreads(45)) - PERFORMANCE WARNING: useCacheForAllThreads is true that may cause Netty to create a lot garbage objects and, as a result, trigger GC.
	It is recommended to disable useCacheForAllThreads by setting -Dorg.apache.ratis.thirdparty.io.netty.allocator.useCacheForAllThreads=false in command line.
2020-04-24 09:09:26,864 [main] INFO  grpc.GrpcConfigKeys (ConfUtils.java:logGet(44)) - raft.grpc.server.port = 0 (default)
2020-04-24 09:09:26,864 [main] INFO  server.GrpcService (ConfUtils.java:logGet(44)) - raft.grpc.message.size.max = 32MB (=33554432) (custom)
2020-04-24 09:09:26,864 [main] INFO  server.RaftServerConfigKeys (ConfUtils.java:logGet(44)) - raft.server.log.appender.buffer.byte-limit = 33554432 (custom)
2020-04-24 09:09:26,864 [main] INFO  server.GrpcService (ConfUtils.java:logGet(44)) - raft.grpc.flow.control.window = 5MB (=5242880) (custom)
2020-04-24 09:09:26,864 [main] INFO  server.RaftServerConfigKeys (ConfUtils.java:logGet(44)) - raft.server.rpc.request.timeout = 60s (custom)
2020-04-24 09:09:26,865 [main] INFO  server.RaftServerConfigKeys (ConfUtils.java:logGet(44)) - raft.server.storage.dir = [/github/workspace/mnt/ozone/hadoop-ozone/integration-test/target/test-dir/MiniOzoneClusterImpl-28ce97df-7db2-4fc1-9c49-0cb63a1a27a8/datanode-0/data/ratis] (custom)
2020-04-24 09:09:26,976 [main] INFO  http.BaseHttpServer (BaseHttpServer.java:newHttpServer2BuilderForOzone(174)) - Starting Web-server for hddsDatanode at: http://0.0.0.0:0
2020-04-24 09:09:26,978 [main] INFO  server.AuthenticationFilter (AuthenticationFilter.java:constructSecretProvider(240)) - Unable to initialize FileSignerSecretProvider, falling back to use random secrets.
2020-04-24 09:09:26,978 [main] WARN  http.HttpRequestLog (HttpRequestLog.java:getRequestLog(103)) - Jetty request log can only be enabled using Log4j
2020-04-24 09:09:26,980 [main] INFO  http.HttpServer2 (HttpServer2.java:addGlobalFilter(979)) - Added global filter 'safety' (class=org.apache.hadoop.hdds.server.http.HttpServer2$QuotingInputFilter)
2020-04-24 09:09:26,980 [main] INFO  http.HttpServer2 (HttpServer2.java:addFilter(955)) - Added filter static_user_filter (class=org.apache.hadoop.hdds.server.http.StaticUserWebFilter$StaticUserFilter) to context hddsDatanode
2020-04-24 09:09:26,980 [main] INFO  http.HttpServer2 (HttpServer2.java:addFilter(963)) - Added filter static_user_filter (class=org.apache.hadoop.hdds.server.http.StaticUserWebFilter$StaticUserFilter) to context logs
2020-04-24 09:09:26,980 [main] INFO  http.HttpServer2 (HttpServer2.java:addFilter(963)) - Added filter static_user_filter (class=org.apache.hadoop.hdds.server.http.StaticUserWebFilter$StaticUserFilter) to context static
2020-04-24 09:09:26,981 [main] INFO  http.HttpServer2 (HttpServer2.java:bindListener(1197)) - Jetty bound to port 38043
2020-04-24 09:09:26,981 [main] INFO  server.Server (Server.java:doStart(359)) - jetty-9.4.26.v20200117; built: 2020-01-17T12:35:33.676Z; git: 7b38981d25d14afb4a12ff1f2596756144edf695; jvm 1.8.0_232-b09
2020-04-24 09:09:26,988 [main] INFO  server.session (DefaultSessionIdManager.java:doStart(333)) - DefaultSessionIdManager workerName=node0
2020-04-24 09:09:26,988 [main] INFO  server.session (DefaultSessionIdManager.java:doStart(338)) - No SessionScavenger set, using defaults
2020-04-24 09:09:26,989 [main] INFO  server.session (HouseKeeper.java:startScavenging(140)) - node0 Scavenging every 600000ms
2020-04-24 09:09:26,989 [main] INFO  handler.ContextHandler (ContextHandler.java:doStart(825)) - Started o.e.j.s.ServletContextHandler@7e39ff0c{logs,/logs,file:///github/workspace/mnt/ozone/hadoop-ozone/integration-test/target/log,AVAILABLE}
2020-04-24 09:09:26,990 [main] INFO  handler.ContextHandler (ContextHandler.java:doStart(825)) - Started o.e.j.s.ServletContextHandler@aad8361{static,/static,jar:file:/home/user/.m2/repository/org/apache/hadoop/hadoop-hdds-container-service/0.6.0-SNAPSHOT/hadoop-hdds-container-service-0.6.0-SNAPSHOT.jar!/webapps/static,AVAILABLE}
2020-04-24 09:09:27,000 [Thread-96] INFO  impl.FollowerState (FollowerState.java:run(108)) - omNode-1@group-6C22E66A003A-FollowerState: change to CANDIDATE, lastRpcTime:1195ms, electionTimeout:1186ms
2020-04-24 09:09:27,002 [Thread-96] INFO  impl.RoleInfo (RoleInfo.java:shutdownFollowerState(121)) - omNode-1: shutdown FollowerState
2020-04-24 09:09:27,003 [Thread-96] INFO  impl.RaftServerImpl (RaftServerImpl.java:setRole(172)) - omNode-1@group-6C22E66A003A: changes role from  FOLLOWER to CANDIDATE at term 0 for changeToCandidate
2020-04-24 09:09:27,006 [Thread-96] INFO  impl.RoleInfo (RoleInfo.java:updateAndGet(143)) - omNode-1: start LeaderElection
2020-04-24 09:09:27,026 [omNode-1@group-6C22E66A003A-LeaderElection1] INFO  impl.LeaderElection (LeaderElection.java:askForVotes(206)) - omNode-1@group-6C22E66A003A-LeaderElection1: begin an election at term 1 for -1: [omNode-3:localhost:12792, omNode-1:localhost:12780, omNode-2:localhost:12786], old=null
2020-04-24 09:09:27,048 [main] INFO  handler.ContextHandler (ContextHandler.java:doStart(825)) - Started o.e.j.w.WebAppContext@727aa892{hddsDatanode,/,file:///tmp/jetty-0_0_0_0-38043-hadoop-hdds-container-service-0_6_0-SNAPSHOT_jar-_-any-2411440578719542576.dir/webapp/,AVAILABLE}{jar:file:/home/user/.m2/repository/org/apache/hadoop/hadoop-hdds-container-service/0.6.0-SNAPSHOT/hadoop-hdds-container-service-0.6.0-SNAPSHOT.jar!/webapps/hddsDatanode}
2020-04-24 09:09:27,053 [main] INFO  server.AbstractConnector (AbstractConnector.java:doStart(330)) - Started ServerConnector@54a8eceb{HTTP/1.1,[http/1.1]}{0.0.0.0:38043}
2020-04-24 09:09:27,053 [main] INFO  server.Server (Server.java:doStart(399)) - Started @7799ms
2020-04-24 09:09:27,053 [main] WARN  impl.MetricsSystemImpl (MetricsSystemImpl.java:register(276)) - Sink prometheus already exists!
2020-04-24 09:09:27,058 [main] INFO  http.BaseHttpServer (BaseHttpServer.java:updateConnectorAddress(288)) - HTTP server of hddsDatanode listening at http://0.0.0.0:38043
2020-04-24 09:09:27,067 [main] INFO  impl.MetricsSystemImpl (MetricsSystemImpl.java:init(158)) - HddsDatanode metrics system started (again)
2020-04-24 09:09:27,069 [main] INFO  ozone.HddsDatanodeService (HddsDatanodeService.java:start(204)) - HddsDatanodeService host:36dc976b824e ip:172.17.0.2
2020-04-24 09:09:27,075 [main] INFO  volume.HddsVolume (HddsVolume.java:<init>(176)) - Creating Volume: /github/workspace/mnt/ozone/hadoop-ozone/integration-test/target/test-dir/MiniOzoneClusterImpl-28ce97df-7db2-4fc1-9c49-0cb63a1a27a8/datanode-1/data-0/containers/hdds of storage type : DISK and capacity : 9223372036854775807
2020-04-24 09:09:27,076 [main] INFO  volume.MutableVolumeSet (MutableVolumeSet.java:initializeVolumeSet(189)) - Added Volume : /github/workspace/mnt/ozone/hadoop-ozone/integration-test/target/test-dir/MiniOzoneClusterImpl-28ce97df-7db2-4fc1-9c49-0cb63a1a27a8/datanode-1/data-0/containers/hdds to VolumeSet
2020-04-24 09:09:27,076 [main] INFO  volume.ThrottledAsyncChecker (ThrottledAsyncChecker.java:schedule(141)) - Scheduling a check for /github/workspace/mnt/ozone/hadoop-ozone/integration-test/target/test-dir/MiniOzoneClusterImpl-28ce97df-7db2-4fc1-9c49-0cb63a1a27a8/datanode-1/data-0/containers/hdds
2020-04-24 09:09:27,089 [main] INFO  volume.HddsVolumeChecker (HddsVolumeChecker.java:checkAllVolumes(200)) - Scheduled health check for volume /github/workspace/mnt/ozone/hadoop-ozone/integration-test/target/test-dir/MiniOzoneClusterImpl-28ce97df-7db2-4fc1-9c49-0cb63a1a27a8/datanode-1/data-0/containers/hdds
2020-04-24 09:09:27,101 [org.apache.hadoop.util.JvmPauseMonitor$Monitor@1a892c32] INFO  util.JvmPauseMonitor (JvmPauseMonitor.java:run(188)) - Starting JVM pause monitor
2020-04-24 09:09:27,163 [main] INFO  impl.RaftServerProxy (ConfUtils.java:logGet(44)) - raft.rpc.type = GRPC (default)
2020-04-24 09:09:27,163 [main] INFO  grpc.GrpcFactory (GrpcFactory.java:checkPooledByteBufAllocatorUseCacheForAllThreads(45)) - PERFORMANCE WARNING: useCacheForAllThreads is true that may cause Netty to create a lot garbage objects and, as a result, trigger GC.
	It is recommended to disable useCacheForAllThreads by setting -Dorg.apache.ratis.thirdparty.io.netty.allocator.useCacheForAllThreads=false in command line.
2020-04-24 09:09:27,164 [main] INFO  grpc.GrpcConfigKeys (ConfUtils.java:logGet(44)) - raft.grpc.server.port = 0 (default)
2020-04-24 09:09:27,164 [main] INFO  server.GrpcService (ConfUtils.java:logGet(44)) - raft.grpc.message.size.max = 32MB (=33554432) (custom)
2020-04-24 09:09:27,164 [main] INFO  server.RaftServerConfigKeys (ConfUtils.java:logGet(44)) - raft.server.log.appender.buffer.byte-limit = 33554432 (custom)
2020-04-24 09:09:27,164 [main] INFO  server.GrpcService (ConfUtils.java:logGet(44)) - raft.grpc.flow.control.window = 5MB (=5242880) (custom)
2020-04-24 09:09:27,165 [main] INFO  server.RaftServerConfigKeys (ConfUtils.java:logGet(44)) - raft.server.rpc.request.timeout = 60s (custom)
2020-04-24 09:09:27,166 [main] INFO  server.RaftServerConfigKeys (ConfUtils.java:logGet(44)) - raft.server.storage.dir = [/github/workspace/mnt/ozone/hadoop-ozone/integration-test/target/test-dir/MiniOzoneClusterImpl-28ce97df-7db2-4fc1-9c49-0cb63a1a27a8/datanode-1/data/ratis] (custom)
2020-04-24 09:09:27,190 [main] INFO  http.BaseHttpServer (BaseHttpServer.java:newHttpServer2BuilderForOzone(174)) - Starting Web-server for hddsDatanode at: http://0.0.0.0:0
2020-04-24 09:09:27,192 [main] INFO  server.AuthenticationFilter (AuthenticationFilter.java:constructSecretProvider(240)) - Unable to initialize FileSignerSecretProvider, falling back to use random secrets.
2020-04-24 09:09:27,196 [main] WARN  http.HttpRequestLog (HttpRequestLog.java:getRequestLog(103)) - Jetty request log can only be enabled using Log4j
2020-04-24 09:09:27,198 [main] INFO  http.HttpServer2 (HttpServer2.java:addGlobalFilter(979)) - Added global filter 'safety' (class=org.apache.hadoop.hdds.server.http.HttpServer2$QuotingInputFilter)
2020-04-24 09:09:27,198 [main] INFO  http.HttpServer2 (HttpServer2.java:addFilter(955)) - Added filter static_user_filter (class=org.apache.hadoop.hdds.server.http.StaticUserWebFilter$StaticUserFilter) to context hddsDatanode
2020-04-24 09:09:27,198 [main] INFO  http.HttpServer2 (HttpServer2.java:addFilter(963)) - Added filter static_user_filter (class=org.apache.hadoop.hdds.server.http.StaticUserWebFilter$StaticUserFilter) to context static
2020-04-24 09:09:27,198 [main] INFO  http.HttpServer2 (HttpServer2.java:addFilter(963)) - Added filter static_user_filter (class=org.apache.hadoop.hdds.server.http.StaticUserWebFilter$StaticUserFilter) to context logs
2020-04-24 09:09:27,199 [main] INFO  http.HttpServer2 (HttpServer2.java:bindListener(1197)) - Jetty bound to port 45849
2020-04-24 09:09:27,199 [main] INFO  server.Server (Server.java:doStart(359)) - jetty-9.4.26.v20200117; built: 2020-01-17T12:35:33.676Z; git: 7b38981d25d14afb4a12ff1f2596756144edf695; jvm 1.8.0_232-b09
2020-04-24 09:09:27,283 [Datanode State Machine Thread - 0] INFO  datanode.InitDatanodeState (InitDatanodeState.java:persistContainerDatanodeDetails(145)) - DatanodeDetails is persisted to /github/workspace/mnt/ozone/hadoop-ozone/integration-test/target/test-dir/MiniOzoneClusterImpl-28ce97df-7db2-4fc1-9c49-0cb63a1a27a8/datanode-0/meta/datanode.id
2020-04-24 09:09:27,290 [main] INFO  server.session (DefaultSessionIdManager.java:doStart(333)) - DefaultSessionIdManager workerName=node0
2020-04-24 09:09:27,290 [main] INFO  server.session (DefaultSessionIdManager.java:doStart(338)) - No SessionScavenger set, using defaults
2020-04-24 09:09:27,291 [main] INFO  server.session (HouseKeeper.java:startScavenging(140)) - node0 Scavenging every 600000ms
2020-04-24 09:09:27,300 [main] INFO  handler.ContextHandler (ContextHandler.java:doStart(825)) - Started o.e.j.s.ServletContextHandler@7178438b{logs,/logs,file:///github/workspace/mnt/ozone/hadoop-ozone/integration-test/target/log,AVAILABLE}
2020-04-24 09:09:27,301 [main] INFO  handler.ContextHandler (ContextHandler.java:doStart(825)) - Started o.e.j.s.ServletContextHandler@6d5c28bc{static,/static,jar:file:/home/user/.m2/repository/org/apache/hadoop/hadoop-hdds-container-service/0.6.0-SNAPSHOT/hadoop-hdds-container-service-0.6.0-SNAPSHOT.jar!/webapps/static,AVAILABLE}
2020-04-24 09:09:27,348 [main] INFO  handler.ContextHandler (ContextHandler.java:doStart(825)) - Started o.e.j.w.WebAppContext@8a82c0{hddsDatanode,/,file:///tmp/jetty-0_0_0_0-45849-hadoop-hdds-container-service-0_6_0-SNAPSHOT_jar-_-any-7695033729224746407.dir/webapp/,AVAILABLE}{jar:file:/home/user/.m2/repository/org/apache/hadoop/hadoop-hdds-container-service/0.6.0-SNAPSHOT/hadoop-hdds-container-service-0.6.0-SNAPSHOT.jar!/webapps/hddsDatanode}
2020-04-24 09:09:27,354 [Thread-135] INFO  impl.FollowerState (FollowerState.java:run(108)) - omNode-2@group-6C22E66A003A-FollowerState: change to CANDIDATE, lastRpcTime:1173ms, electionTimeout:1162ms
2020-04-24 09:09:27,361 [Thread-135] INFO  impl.RoleInfo (RoleInfo.java:shutdownFollowerState(121)) - omNode-2: shutdown FollowerState
2020-04-24 09:09:27,361 [Thread-135] INFO  impl.RaftServerImpl (RaftServerImpl.java:setRole(172)) - omNode-2@group-6C22E66A003A: changes role from  FOLLOWER to CANDIDATE at term 0 for changeToCandidate
2020-04-24 09:09:27,361 [Thread-135] INFO  impl.RoleInfo (RoleInfo.java:updateAndGet(143)) - omNode-2: start LeaderElection
2020-04-24 09:09:27,362 [main] INFO  server.AbstractConnector (AbstractConnector.java:doStart(330)) - Started ServerConnector@49c0155{HTTP/1.1,[http/1.1]}{0.0.0.0:45849}
2020-04-24 09:09:27,362 [main] INFO  server.Server (Server.java:doStart(399)) - Started @8108ms
2020-04-24 09:09:27,362 [main] WARN  impl.MetricsSystemImpl (MetricsSystemImpl.java:register(276)) - Sink prometheus already exists!
2020-04-24 09:09:27,368 [main] INFO  http.BaseHttpServer (BaseHttpServer.java:updateConnectorAddress(288)) - HTTP server of hddsDatanode listening at http://0.0.0.0:45849
2020-04-24 09:09:27,369 [main] INFO  impl.MetricsSystemImpl (MetricsSystemImpl.java:init(158)) - HddsDatanode metrics system started (again)
2020-04-24 09:09:27,384 [main] INFO  ozone.HddsDatanodeService (HddsDatanodeService.java:start(204)) - HddsDatanodeService host:36dc976b824e ip:172.17.0.2
2020-04-24 09:09:27,388 [main] INFO  volume.HddsVolume (HddsVolume.java:<init>(176)) - Creating Volume: /github/workspace/mnt/ozone/hadoop-ozone/integration-test/target/test-dir/MiniOzoneClusterImpl-28ce97df-7db2-4fc1-9c49-0cb63a1a27a8/datanode-2/data-0/containers/hdds of storage type : DISK and capacity : 9223372036854775807
2020-04-24 09:09:27,388 [main] INFO  volume.MutableVolumeSet (MutableVolumeSet.java:initializeVolumeSet(189)) - Added Volume : /github/workspace/mnt/ozone/hadoop-ozone/integration-test/target/test-dir/MiniOzoneClusterImpl-28ce97df-7db2-4fc1-9c49-0cb63a1a27a8/datanode-2/data-0/containers/hdds to VolumeSet
2020-04-24 09:09:27,370 [omNode-2@group-6C22E66A003A-LeaderElection2] INFO  impl.LeaderElection (LeaderElection.java:askForVotes(206)) - omNode-2@group-6C22E66A003A-LeaderElection2: begin an election at term 1 for -1: [omNode-3:localhost:12792, omNode-1:localhost:12780, omNode-2:localhost:12786], old=null
2020-04-24 09:09:27,389 [main] INFO  volume.ThrottledAsyncChecker (ThrottledAsyncChecker.java:schedule(141)) - Scheduling a check for /github/workspace/mnt/ozone/hadoop-ozone/integration-test/target/test-dir/MiniOzoneClusterImpl-28ce97df-7db2-4fc1-9c49-0cb63a1a27a8/datanode-2/data-0/containers/hdds
2020-04-24 09:09:27,401 [main] INFO  volume.HddsVolumeChecker (HddsVolumeChecker.java:checkAllVolumes(200)) - Scheduled health check for volume /github/workspace/mnt/ozone/hadoop-ozone/integration-test/target/test-dir/MiniOzoneClusterImpl-28ce97df-7db2-4fc1-9c49-0cb63a1a27a8/datanode-2/data-0/containers/hdds
2020-04-24 09:09:27,433 [Thread-174] INFO  impl.FollowerState (FollowerState.java:run(108)) - omNode-3@group-6C22E66A003A-FollowerState: change to CANDIDATE, lastRpcTime:1027ms, electionTimeout:1017ms
2020-04-24 09:09:27,434 [Thread-174] INFO  impl.RoleInfo (RoleInfo.java:shutdownFollowerState(121)) - omNode-3: shutdown FollowerState
2020-04-24 09:09:27,434 [Thread-174] INFO  impl.RaftServerImpl (RaftServerImpl.java:setRole(172)) - omNode-3@group-6C22E66A003A: changes role from  FOLLOWER to CANDIDATE at term 0 for changeToCandidate
2020-04-24 09:09:27,452 [Thread-174] INFO  impl.RoleInfo (RoleInfo.java:updateAndGet(143)) - omNode-3: start LeaderElection
2020-04-24 09:09:27,455 [main] INFO  impl.RaftServerProxy (ConfUtils.java:logGet(44)) - raft.rpc.type = GRPC (default)
2020-04-24 09:09:27,458 [main] INFO  grpc.GrpcFactory (GrpcFactory.java:checkPooledByteBufAllocatorUseCacheForAllThreads(45)) - PERFORMANCE WARNING: useCacheForAllThreads is true that may cause Netty to create a lot garbage objects and, as a result, trigger GC.
	It is recommended to disable useCacheForAllThreads by setting -Dorg.apache.ratis.thirdparty.io.netty.allocator.useCacheForAllThreads=false in command line.
2020-04-24 09:09:27,459 [main] INFO  grpc.GrpcConfigKeys (ConfUtils.java:logGet(44)) - raft.grpc.server.port = 0 (default)
2020-04-24 09:09:27,459 [main] INFO  server.GrpcService (ConfUtils.java:logGet(44)) - raft.grpc.message.size.max = 32MB (=33554432) (custom)
2020-04-24 09:09:27,459 [main] INFO  server.RaftServerConfigKeys (ConfUtils.java:logGet(44)) - raft.server.log.appender.buffer.byte-limit = 33554432 (custom)
2020-04-24 09:09:27,459 [main] INFO  server.GrpcService (ConfUtils.java:logGet(44)) - raft.grpc.flow.control.window = 5MB (=5242880) (custom)
2020-04-24 09:09:27,460 [main] INFO  server.RaftServerConfigKeys (ConfUtils.java:logGet(44)) - raft.server.rpc.request.timeout = 60s (custom)
2020-04-24 09:09:27,461 [main] INFO  server.RaftServerConfigKeys (ConfUtils.java:logGet(44)) - raft.server.storage.dir = [/github/workspace/mnt/ozone/hadoop-ozone/integration-test/target/test-dir/MiniOzoneClusterImpl-28ce97df-7db2-4fc1-9c49-0cb63a1a27a8/datanode-2/data/ratis] (custom)
2020-04-24 09:09:27,481 [main] INFO  http.BaseHttpServer (BaseHttpServer.java:newHttpServer2BuilderForOzone(174)) - Starting Web-server for hddsDatanode at: http://0.0.0.0:0
2020-04-24 09:09:27,489 [main] INFO  server.AuthenticationFilter (AuthenticationFilter.java:constructSecretProvider(240)) - Unable to initialize FileSignerSecretProvider, falling back to use random secrets.
2020-04-24 09:09:27,490 [org.apache.hadoop.util.JvmPauseMonitor$Monitor@25990f7d] INFO  util.JvmPauseMonitor (JvmPauseMonitor.java:run(188)) - Starting JVM pause monitor
2020-04-24 09:09:27,502 [omNode-3@group-6C22E66A003A-LeaderElection3] INFO  impl.LeaderElection (LeaderElection.java:askForVotes(206)) - omNode-3@group-6C22E66A003A-LeaderElection3: begin an election at term 1 for -1: [omNode-3:localhost:12792, omNode-1:localhost:12780, omNode-2:localhost:12786], old=null
2020-04-24 09:09:27,503 [main] WARN  http.HttpRequestLog (HttpRequestLog.java:getRequestLog(103)) - Jetty request log can only be enabled using Log4j
2020-04-24 09:09:27,504 [main] INFO  http.HttpServer2 (HttpServer2.java:addGlobalFilter(979)) - Added global filter 'safety' (class=org.apache.hadoop.hdds.server.http.HttpServer2$QuotingInputFilter)
2020-04-24 09:09:27,505 [main] INFO  http.HttpServer2 (HttpServer2.java:addFilter(955)) - Added filter static_user_filter (class=org.apache.hadoop.hdds.server.http.StaticUserWebFilter$StaticUserFilter) to context hddsDatanode
2020-04-24 09:09:27,505 [main] INFO  http.HttpServer2 (HttpServer2.java:addFilter(963)) - Added filter static_user_filter (class=org.apache.hadoop.hdds.server.http.StaticUserWebFilter$StaticUserFilter) to context logs
2020-04-24 09:09:27,505 [main] INFO  http.HttpServer2 (HttpServer2.java:addFilter(963)) - Added filter static_user_filter (class=org.apache.hadoop.hdds.server.http.StaticUserWebFilter$StaticUserFilter) to context static
2020-04-24 09:09:27,511 [main] INFO  http.HttpServer2 (HttpServer2.java:bindListener(1197)) - Jetty bound to port 39837
2020-04-24 09:09:27,511 [main] INFO  server.Server (Server.java:doStart(359)) - jetty-9.4.26.v20200117; built: 2020-01-17T12:35:33.676Z; git: 7b38981d25d14afb4a12ff1f2596756144edf695; jvm 1.8.0_232-b09
2020-04-24 09:09:27,542 [Datanode State Machine Thread - 0] INFO  datanode.InitDatanodeState (InitDatanodeState.java:persistContainerDatanodeDetails(145)) - DatanodeDetails is persisted to /github/workspace/mnt/ozone/hadoop-ozone/integration-test/target/test-dir/MiniOzoneClusterImpl-28ce97df-7db2-4fc1-9c49-0cb63a1a27a8/datanode-1/meta/datanode.id
2020-04-24 09:09:27,549 [main] INFO  server.session (DefaultSessionIdManager.java:doStart(333)) - DefaultSessionIdManager workerName=node0
2020-04-24 09:09:27,549 [main] INFO  server.session (DefaultSessionIdManager.java:doStart(338)) - No SessionScavenger set, using defaults
2020-04-24 09:09:27,550 [main] INFO  server.session (HouseKeeper.java:startScavenging(140)) - node0 Scavenging every 660000ms
2020-04-24 09:09:27,551 [main] INFO  handler.ContextHandler (ContextHandler.java:doStart(825)) - Started o.e.j.s.ServletContextHandler@2600e937{logs,/logs,file:///github/workspace/mnt/ozone/hadoop-ozone/integration-test/target/log,AVAILABLE}
2020-04-24 09:09:27,552 [main] INFO  handler.ContextHandler (ContextHandler.java:doStart(825)) - Started o.e.j.s.ServletContextHandler@5f352d1b{static,/static,jar:file:/home/user/.m2/repository/org/apache/hadoop/hadoop-hdds-container-service/0.6.0-SNAPSHOT/hadoop-hdds-container-service-0.6.0-SNAPSHOT.jar!/webapps/static,AVAILABLE}
2020-04-24 09:09:27,592 [main] INFO  handler.ContextHandler (ContextHandler.java:doStart(825)) - Started o.e.j.w.WebAppContext@73f90886{hddsDatanode,/,file:///tmp/jetty-0_0_0_0-39837-hadoop-hdds-container-service-0_6_0-SNAPSHOT_jar-_-any-1218672280422343751.dir/webapp/,AVAILABLE}{jar:file:/home/user/.m2/repository/org/apache/hadoop/hadoop-hdds-container-service/0.6.0-SNAPSHOT/hadoop-hdds-container-service-0.6.0-SNAPSHOT.jar!/webapps/hddsDatanode}
2020-04-24 09:09:27,597 [main] INFO  server.AbstractConnector (AbstractConnector.java:doStart(330)) - Started ServerConnector@773a74fa{HTTP/1.1,[http/1.1]}{0.0.0.0:39837}
2020-04-24 09:09:27,598 [main] INFO  server.Server (Server.java:doStart(399)) - Started @8344ms
2020-04-24 09:09:27,599 [main] WARN  impl.MetricsSystemImpl (MetricsSystemImpl.java:register(276)) - Sink prometheus already exists!
2020-04-24 09:09:27,603 [main] INFO  http.BaseHttpServer (BaseHttpServer.java:updateConnectorAddress(288)) - HTTP server of hddsDatanode listening at http://0.0.0.0:39837
2020-04-24 09:09:27,615 [main] INFO  ozone.MiniOzoneClusterImpl (MiniOzoneClusterImpl.java:lambda$waitForClusterToBeReady$0(177)) - Waiting for nodes to be ready. Got 0 of 3 DN Heartbeats.
2020-04-24 09:09:27,615 [main] INFO  ozone.MiniOzoneClusterImpl (MiniOzoneClusterImpl.java:lambda$waitForClusterToBeReady$0(180)) - Waiting for cluster to exit safe mode
2020-04-24 09:09:27,645 [org.apache.hadoop.util.JvmPauseMonitor$Monitor@111c0302] INFO  util.JvmPauseMonitor (JvmPauseMonitor.java:run(188)) - Starting JVM pause monitor
2020-04-24 09:09:27,662 [Datanode State Machine Thread - 0] INFO  datanode.InitDatanodeState (InitDatanodeState.java:persistContainerDatanodeDetails(145)) - DatanodeDetails is persisted to /github/workspace/mnt/ozone/hadoop-ozone/integration-test/target/test-dir/MiniOzoneClusterImpl-28ce97df-7db2-4fc1-9c49-0cb63a1a27a8/datanode-2/meta/datanode.id
2020-04-24 09:09:28,101 [omNode-1@group-6C22E66A003A-LeaderElection1] INFO  impl.LeaderElection (LeaderElection.java:logAndReturn(61)) - omNode-1@group-6C22E66A003A-LeaderElection1: Election TIMEOUT; received 0 response(s) [] and 0 exception(s); omNode-1@group-6C22E66A003A:t1, leader=null, voted=omNode-1, raftlog=omNode-1@group-6C22E66A003A-SegmentedRaftLog:OPENED:c-1,f-1,i0, conf=-1: [omNode-3:localhost:12792, omNode-1:localhost:12780, omNode-2:localhost:12786], old=null
2020-04-24 09:09:28,140 [omNode-1@group-6C22E66A003A-LeaderElection1] INFO  impl.LeaderElection (LeaderElection.java:askForVotes(206)) - omNode-1@group-6C22E66A003A-LeaderElection1: begin an election at term 2 for -1: [omNode-3:localhost:12792, omNode-1:localhost:12780, omNode-2:localhost:12786], old=null
2020-04-24 09:09:28,168 [grpc-default-executor-1] INFO  impl.RaftServerImpl (RaftServerImpl.java:setRole(172)) - omNode-2@group-6C22E66A003A: changes role from CANDIDATE to FOLLOWER at term 2 for recognizeCandidate:omNode-1
2020-04-24 09:09:28,168 [grpc-default-executor-1] INFO  impl.RoleInfo (RoleInfo.java:shutdownLeaderElection(134)) - omNode-2: shutdown LeaderElection
2020-04-24 09:09:28,169 [grpc-default-executor-1] INFO  impl.RoleInfo (RoleInfo.java:updateAndGet(143)) - omNode-2: start FollowerState
2020-04-24 09:09:28,169 [grpc-default-executor-3] INFO  impl.RaftServerImpl (RaftServerImpl.java:setRole(172)) - omNode-3@group-6C22E66A003A: changes role from CANDIDATE to FOLLOWER at term 2 for recognizeCandidate:omNode-1
2020-04-24 09:09:28,170 [grpc-default-executor-3] INFO  impl.RoleInfo (RoleInfo.java:shutdownLeaderElection(134)) - omNode-3: shutdown LeaderElection
2020-04-24 09:09:28,176 [grpc-default-executor-3] INFO  impl.RoleInfo (RoleInfo.java:updateAndGet(143)) - omNode-3: start FollowerState
2020-04-24 09:09:28,178 [omNode-3@group-6C22E66A003A-LeaderElection3] INFO  impl.LeaderElection (LeaderElection.java:logAndReturn(61)) - omNode-3@group-6C22E66A003A-LeaderElection3: Election REJECTED; received 2 response(s) [omNode-3<-omNode-1#0:FAIL-t1, omNode-3<-omNode-2#0:FAIL-t1] and 0 exception(s); omNode-3@group-6C22E66A003A:t2, leader=null, voted=null, raftlog=omNode-3@group-6C22E66A003A-SegmentedRaftLog:OPENED:c-1,f-1,i0, conf=-1: [omNode-3:localhost:12792, omNode-1:localhost:12780, omNode-2:localhost:12786], old=null
2020-04-24 09:09:28,185 [omNode-2@group-6C22E66A003A-LeaderElection2] INFO  impl.LeaderElection (LeaderElection.java:logAndReturn(61)) - omNode-2@group-6C22E66A003A-LeaderElection2: Election REJECTED; received 2 response(s) [omNode-2<-omNode-3#0:FAIL-t1, omNode-2<-omNode-1#0:FAIL-t1] and 0 exception(s); omNode-2@group-6C22E66A003A:t2, leader=null, voted=null, raftlog=omNode-2@group-6C22E66A003A-SegmentedRaftLog:OPENED:c-1,f-1,i0, conf=-1: [omNode-3:localhost:12792, omNode-1:localhost:12780, omNode-2:localhost:12786], old=null
2020-04-24 09:09:28,188 [omNode-1@group-6C22E66A003A-LeaderElection1] INFO  impl.LeaderElection (LeaderElection.java:logAndReturn(61)) - omNode-1@group-6C22E66A003A-LeaderElection1: Election REJECTED; received 2 response(s) [omNode-1<-omNode-3#0:FAIL-t2, omNode-1<-omNode-2#0:FAIL-t2] and 0 exception(s); omNode-1@group-6C22E66A003A:t2, leader=null, voted=omNode-1, raftlog=omNode-1@group-6C22E66A003A-SegmentedRaftLog:OPENED:c-1,f-1,i0, conf=-1: [omNode-3:localhost:12792, omNode-1:localhost:12780, omNode-2:localhost:12786], old=null
2020-04-24 09:09:28,189 [omNode-1@group-6C22E66A003A-LeaderElection1] INFO  impl.RaftServerImpl (RaftServerImpl.java:setRole(172)) - omNode-1@group-6C22E66A003A: changes role from CANDIDATE to FOLLOWER at term 2 for DISCOVERED_A_NEW_TERM
2020-04-24 09:09:28,189 [omNode-1@group-6C22E66A003A-LeaderElection1] INFO  impl.RoleInfo (RoleInfo.java:shutdownLeaderElection(134)) - omNode-1: shutdown LeaderElection
2020-04-24 09:09:28,189 [omNode-1@group-6C22E66A003A-LeaderElection1] INFO  impl.RoleInfo (RoleInfo.java:updateAndGet(143)) - omNode-1: start FollowerState
2020-04-24 09:09:28,615 [main] INFO  ozone.MiniOzoneClusterImpl (MiniOzoneClusterImpl.java:lambda$waitForClusterToBeReady$0(177)) - Waiting for nodes to be ready. Got 0 of 3 DN Heartbeats.
2020-04-24 09:09:28,616 [main] INFO  ozone.MiniOzoneClusterImpl (MiniOzoneClusterImpl.java:lambda$waitForClusterToBeReady$0(180)) - Waiting for cluster to exit safe mode
2020-04-24 09:09:29,149 [Datanode State Machine Thread - 0] INFO  ozoneimpl.OzoneContainer (OzoneContainer.java:start(232)) - Attempting to start container services.
2020-04-24 09:09:29,151 [Datanode State Machine Thread - 0] INFO  ozoneimpl.OzoneContainer (OzoneContainer.java:startContainerScrub(196)) - Background container scanner has been disabled.
2020-04-24 09:09:29,151 [Datanode State Machine Thread - 0] INFO  ratis.XceiverServerRatis (XceiverServerRatis.java:start(424)) - Starting XceiverServerRatis 59cd1272-d47d-4ade-aa11-418e6c4da764 at port 0
2020-04-24 09:09:29,152 [Datanode State Machine Thread - 0] INFO  impl.RaftServerProxy (RaftServerProxy.java:lambda$start$3(299)) - 59cd1272-d47d-4ade-aa11-418e6c4da764: start RPC server
2020-04-24 09:09:29,161 [Datanode State Machine Thread - 0] INFO  server.GrpcService (GrpcService.java:startImpl(159)) - 59cd1272-d47d-4ade-aa11-418e6c4da764: GrpcService started, listening on 0.0.0.0/0.0.0.0:33839
2020-04-24 09:09:29,161 [Datanode State Machine Thread - 0] INFO  ratis.XceiverServerRatis (XceiverServerRatis.java:start(436)) - XceiverServerRatis 59cd1272-d47d-4ade-aa11-418e6c4da764 is started using port 33839
2020-04-24 09:09:29,164 [Datanode State Machine Thread - 0] INFO  server.XceiverServerGrpc (XceiverServerGrpc.java:start(145)) - XceiverServerGrpc 59cd1272-d47d-4ade-aa11-418e6c4da764 is started using port 42545
2020-04-24 09:09:29,202 [Thread-255] INFO  impl.FollowerState (FollowerState.java:run(108)) - omNode-3@group-6C22E66A003A-FollowerState: change to CANDIDATE, lastRpcTime:1025ms, electionTimeout:1017ms
2020-04-24 09:09:29,202 [Thread-255] INFO  impl.RoleInfo (RoleInfo.java:shutdownFollowerState(121)) - omNode-3: shutdown FollowerState
2020-04-24 09:09:29,202 [Thread-255] INFO  impl.RaftServerImpl (RaftServerImpl.java:setRole(172)) - omNode-3@group-6C22E66A003A: changes role from  FOLLOWER to CANDIDATE at term 2 for changeToCandidate
2020-04-24 09:09:29,206 [Thread-255] INFO  impl.RoleInfo (RoleInfo.java:updateAndGet(143)) - omNode-3: start LeaderElection
2020-04-24 09:09:29,210 [omNode-3@group-6C22E66A003A-LeaderElection4] INFO  impl.LeaderElection (LeaderElection.java:askForVotes(206)) - omNode-3@group-6C22E66A003A-LeaderElection4: begin an election at term 3 for -1: [omNode-3:localhost:12792, omNode-1:localhost:12780, omNode-2:localhost:12786], old=null
2020-04-24 09:09:29,222 [grpc-default-executor-1] INFO  impl.RaftServerImpl (RaftServerImpl.java:setRole(172)) - omNode-1@group-6C22E66A003A: changes role from  FOLLOWER to FOLLOWER at term 3 for recognizeCandidate:omNode-3
2020-04-24 09:09:29,222 [grpc-default-executor-1] INFO  impl.RoleInfo (RoleInfo.java:shutdownFollowerState(121)) - omNode-1: shutdown FollowerState
2020-04-24 09:09:29,222 [grpc-default-executor-1] INFO  impl.RoleInfo (RoleInfo.java:updateAndGet(143)) - omNode-1: start FollowerState
2020-04-24 09:09:29,222 [Thread-256] INFO  impl.FollowerState (FollowerState.java:run(117)) - omNode-1@group-6C22E66A003A-FollowerState was interrupted: java.lang.InterruptedException: sleep interrupted
2020-04-24 09:09:29,226 [grpc-default-executor-3] INFO  impl.RaftServerImpl (RaftServerImpl.java:setRole(172)) - omNode-2@group-6C22E66A003A: changes role from  FOLLOWER to FOLLOWER at term 3 for recognizeCandidate:omNode-3
2020-04-24 09:09:29,226 [grpc-default-executor-3] INFO  impl.RoleInfo (RoleInfo.java:shutdownFollowerState(121)) - omNode-2: shutdown FollowerState
2020-04-24 09:09:29,227 [Thread-254] INFO  impl.FollowerState (FollowerState.java:run(117)) - omNode-2@group-6C22E66A003A-FollowerState was interrupted: java.lang.InterruptedException: sleep interrupted
2020-04-24 09:09:29,227 [grpc-default-executor-3] INFO  impl.RoleInfo (RoleInfo.java:updateAndGet(143)) - omNode-2: start FollowerState
2020-04-24 09:09:29,236 [omNode-3@group-6C22E66A003A-LeaderElection4] INFO  impl.LeaderElection (LeaderElection.java:logAndReturn(61)) - omNode-3@group-6C22E66A003A-LeaderElection4: Election PASSED; received 1 response(s) [omNode-3<-omNode-2#0:OK-t3] and 0 exception(s); omNode-3@group-6C22E66A003A:t3, leader=null, voted=omNode-3, raftlog=omNode-3@group-6C22E66A003A-SegmentedRaftLog:OPENED:c-1,f-1,i0, conf=-1: [omNode-3:localhost:12792, omNode-1:localhost:12780, omNode-2:localhost:12786], old=null
2020-04-24 09:09:29,236 [omNode-3@group-6C22E66A003A-LeaderElection4] INFO  impl.RoleInfo (RoleInfo.java:shutdownLeaderElection(134)) - omNode-3: shutdown LeaderElection
2020-04-24 09:09:29,236 [omNode-3@group-6C22E66A003A-LeaderElection4] INFO  impl.RaftServerImpl (RaftServerImpl.java:setRole(172)) - omNode-3@group-6C22E66A003A: changes role from CANDIDATE to LEADER at term 3 for changeToLeader
2020-04-24 09:09:29,236 [omNode-3@group-6C22E66A003A-LeaderElection4] INFO  impl.RaftServerImpl (ServerState.java:setLeader(255)) - omNode-3@group-6C22E66A003A: change Leader from null to omNode-3 at term 3 for becomeLeader, leader elected after 2867ms
2020-04-24 09:09:29,246 [omNode-3@group-6C22E66A003A-LeaderElection4] INFO  server.RaftServerConfigKeys (ConfUtils.java:logGet(44)) - raft.server.staging.catchup.gap = 1000 (default)
2020-04-24 09:09:29,247 [omNode-3@group-6C22E66A003A-LeaderElection4] INFO  server.RaftServerConfigKeys (ConfUtils.java:logGet(44)) - raft.server.rpc.sleep.time = 25ms (default)
2020-04-24 09:09:29,250 [omNode-3@group-6C22E66A003A-LeaderElection4] INFO  metrics.RatisMetrics (RatisMetrics.java:lambda$create$0(39)) - Creating Metrics Registry : ratis.log_appender.omNode-3@group-6C22E66A003A
2020-04-24 09:09:29,252 [omNode-3@group-6C22E66A003A-LeaderElection4] INFO  server.RaftServerConfigKeys (ConfUtils.java:logGet(44)) - raft.server.write.element-limit = 4096 (default)
2020-04-24 09:09:29,253 [omNode-3@group-6C22E66A003A-LeaderElection4] INFO  server.RaftServerConfigKeys (ConfUtils.java:logGet(44)) - raft.server.write.byte-limit = 64MB (=67108864) (default)
2020-04-24 09:09:29,264 [omNode-3@group-6C22E66A003A-LeaderElection4] INFO  server.RaftServerConfigKeys (ConfUtils.java:logGet(44)) - raft.server.watch.timeout = 10s (default)
2020-04-24 09:09:29,264 [omNode-3@group-6C22E66A003A-LeaderElection4] INFO  server.RaftServerConfigKeys (ConfUtils.java:logGet(44)) - raft.server.watch.timeout.denomination = 1s (default)
2020-04-24 09:09:29,265 [omNode-3@group-6C22E66A003A-LeaderElection4] INFO  server.RaftServerConfigKeys (ConfUtils.java:logGet(44)) - raft.server.watch.element-limit = 65536 (default)
2020-04-24 09:09:29,275 [omNode-3@group-6C22E66A003A-LeaderElection4] INFO  server.RaftServerConfigKeys (ConfUtils.java:logGet(44)) - raft.server.log.appender.snapshot.chunk.size.max = 16MB (=16777216) (default)
2020-04-24 09:09:29,275 [omNode-3@group-6C22E66A003A-LeaderElection4] INFO  server.RaftServerConfigKeys (ConfUtils.java:logGet(44)) - raft.server.log.appender.buffer.byte-limit = 33554432 (custom)
2020-04-24 09:09:29,276 [omNode-3@group-6C22E66A003A-LeaderElection4] INFO  server.RaftServerConfigKeys (ConfUtils.java:logGet(44)) - raft.server.log.appender.buffer.element-limit = 1024 (custom)
2020-04-24 09:09:29,279 [omNode-3@group-6C22E66A003A-LeaderElection4] INFO  grpc.GrpcConfigKeys (ConfUtils.java:logGet(44)) - raft.grpc.server.leader.outstanding.appends.max = 128 (default)
2020-04-24 09:09:29,280 [omNode-3@group-6C22E66A003A-LeaderElection4] INFO  server.RaftServerConfigKeys (ConfUtils.java:logGet(44)) - raft.server.rpc.request.timeout = 3000ms (default)
2020-04-24 09:09:29,280 [omNode-3@group-6C22E66A003A-LeaderElection4] INFO  server.RaftServerConfigKeys (ConfUtils.java:logGet(44)) - raft.server.log.appender.install.snapshot.enabled = false (custom)
2020-04-24 09:09:29,286 [omNode-3@group-6C22E66A003A-LeaderElection4] INFO  server.RaftServerConfigKeys (ConfUtils.java:logGet(44)) - raft.server.log.appender.snapshot.chunk.size.max = 16MB (=16777216) (default)
2020-04-24 09:09:29,286 [omNode-3@group-6C22E66A003A-LeaderElection4] INFO  server.RaftServerConfigKeys (ConfUtils.java:logGet(44)) - raft.server.log.appender.buffer.byte-limit = 33554432 (custom)
2020-04-24 09:09:29,286 [omNode-3@group-6C22E66A003A-LeaderElection4] INFO  server.RaftServerConfigKeys (ConfUtils.java:logGet(44)) - raft.server.log.appender.buffer.element-limit = 1024 (custom)
2020-04-24 09:09:29,286 [omNode-3@group-6C22E66A003A-LeaderElection4] INFO  grpc.GrpcConfigKeys (ConfUtils.java:logGet(44)) - raft.grpc.server.leader.outstanding.appends.max = 128 (default)
2020-04-24 09:09:29,287 [omNode-3@group-6C22E66A003A-LeaderElection4] INFO  server.RaftServerConfigKeys (ConfUtils.java:logGet(44)) - raft.server.rpc.request.timeout = 3000ms (default)
2020-04-24 09:09:29,287 [omNode-3@group-6C22E66A003A-LeaderElection4] INFO  server.RaftServerConfigKeys (ConfUtils.java:logGet(44)) - raft.server.log.appender.install.snapshot.enabled = false (custom)
2020-04-24 09:09:29,292 [omNode-3@group-6C22E66A003A-LeaderElection4] INFO  impl.RoleInfo (RoleInfo.java:updateAndGet(143)) - omNode-3: start LeaderState
2020-04-24 09:09:29,314 [omNode-3@group-6C22E66A003A-LeaderElection4] INFO  segmented.SegmentedRaftLogWorker (SegmentedRaftLogWorker.java:startLogSegment(391)) - omNode-3@group-6C22E66A003A-SegmentedRaftLogWorker: Starting segment from index:0
2020-04-24 09:09:29,345 [omNode-3@group-6C22E66A003A-LeaderElection4] INFO  impl.RaftServerImpl (ServerState.java:setRaftConf(356)) - omNode-3@group-6C22E66A003A: set configuration 0: [omNode-3:localhost:12792, omNode-1:localhost:12780, omNode-2:localhost:12786], old=null at 0
2020-04-24 09:09:29,381 [grpc-default-executor-1] INFO  impl.RaftServerImpl (ServerState.java:setLeader(255)) - omNode-2@group-6C22E66A003A: change Leader from null to omNode-3 at term 3 for appendEntries, leader elected after 3235ms
2020-04-24 09:09:29,382 [grpc-default-executor-3] INFO  impl.RaftServerImpl (ServerState.java:setLeader(255)) - omNode-1@group-6C22E66A003A: change Leader from null to omNode-3 at term 3 for appendEntries, leader elected after 3718ms
2020-04-24 09:09:29,430 [grpc-default-executor-3] INFO  impl.RaftServerImpl (ServerState.java:setRaftConf(356)) - omNode-2@group-6C22E66A003A: set configuration 0: [omNode-3:localhost:12792, omNode-1:localhost:12780, omNode-2:localhost:12786], old=null at 0
2020-04-24 09:09:29,431 [grpc-default-executor-3] INFO  segmented.SegmentedRaftLogWorker (SegmentedRaftLogWorker.java:startLogSegment(391)) - omNode-2@group-6C22E66A003A-SegmentedRaftLogWorker: Starting segment from index:0
2020-04-24 09:09:29,433 [grpc-default-executor-1] INFO  impl.RaftServerImpl (ServerState.java:setRaftConf(356)) - omNode-1@group-6C22E66A003A: set configuration 0: [omNode-3:localhost:12792, omNode-1:localhost:12780, omNode-2:localhost:12786], old=null at 0
2020-04-24 09:09:29,433 [grpc-default-executor-1] INFO  segmented.SegmentedRaftLogWorker (SegmentedRaftLogWorker.java:startLogSegment(391)) - omNode-1@group-6C22E66A003A-SegmentedRaftLogWorker: Starting segment from index:0
2020-04-24 09:09:29,490 [omNode-2@group-6C22E66A003A-SegmentedRaftLogWorker] INFO  segmented.SegmentedRaftLogWorker (SegmentedRaftLogWorker.java:execute(583)) - omNode-2@group-6C22E66A003A-SegmentedRaftLogWorker: created new log segment /github/workspace/mnt/ozone/hadoop-ozone/integration-test/target/test-dir/MiniOzoneClusterImpl-28ce97df-7db2-4fc1-9c49-0cb63a1a27a8/omNode-2/ratis/9c9825ce-8ba7-3ee6-a7c3-6c22e66a003a/current/log_inprogress_0
2020-04-24 09:09:29,491 [Datanode State Machine Thread - 0] INFO  ozoneimpl.OzoneContainer (OzoneContainer.java:start(232)) - Attempting to start container services.
2020-04-24 09:09:29,491 [omNode-1@group-6C22E66A003A-SegmentedRaftLogWorker] INFO  segmented.SegmentedRaftLogWorker (SegmentedRaftLogWorker.java:execute(583)) - omNode-1@group-6C22E66A003A-SegmentedRaftLogWorker: created new log segment /github/workspace/mnt/ozone/hadoop-ozone/integration-test/target/test-dir/MiniOzoneClusterImpl-28ce97df-7db2-4fc1-9c49-0cb63a1a27a8/omNode-1/ratis/9c9825ce-8ba7-3ee6-a7c3-6c22e66a003a/current/log_inprogress_0
2020-04-24 09:09:29,493 [Datanode State Machine Thread - 0] INFO  ozoneimpl.OzoneContainer (OzoneContainer.java:startContainerScrub(196)) - Background container scanner has been disabled.
2020-04-24 09:09:29,496 [omNode-3@group-6C22E66A003A-SegmentedRaftLogWorker] INFO  segmented.SegmentedRaftLogWorker (SegmentedRaftLogWorker.java:execute(583)) - omNode-3@group-6C22E66A003A-SegmentedRaftLogWorker: created new log segment /github/workspace/mnt/ozone/hadoop-ozone/integration-test/target/test-dir/MiniOzoneClusterImpl-28ce97df-7db2-4fc1-9c49-0cb63a1a27a8/omNode-3/ratis/9c9825ce-8ba7-3ee6-a7c3-6c22e66a003a/current/log_inprogress_0
2020-04-24 09:09:29,495 [Datanode State Machine Thread - 0] INFO  ratis.XceiverServerRatis (XceiverServerRatis.java:start(424)) - Starting XceiverServerRatis a79ca38e-dc5f-4a68-b291-7d46d54031f2 at port 0
2020-04-24 09:09:29,521 [Datanode State Machine Thread - 0] INFO  impl.RaftServerProxy (RaftServerProxy.java:lambda$start$3(299)) - a79ca38e-dc5f-4a68-b291-7d46d54031f2: start RPC server
2020-04-24 09:09:29,524 [Datanode State Machine Thread - 0] INFO  server.GrpcService (GrpcService.java:startImpl(159)) - a79ca38e-dc5f-4a68-b291-7d46d54031f2: GrpcService started, listening on 0.0.0.0/0.0.0.0:44063
2020-04-24 09:09:29,524 [Datanode State Machine Thread - 0] INFO  ratis.XceiverServerRatis (XceiverServerRatis.java:start(436)) - XceiverServerRatis a79ca38e-dc5f-4a68-b291-7d46d54031f2 is started using port 44063
2020-04-24 09:09:29,525 [Datanode State Machine Thread - 0] INFO  server.XceiverServerGrpc (XceiverServerGrpc.java:start(145)) - XceiverServerGrpc a79ca38e-dc5f-4a68-b291-7d46d54031f2 is started using port 40293
2020-04-24 09:09:29,617 [main] INFO  ozone.MiniOzoneClusterImpl (MiniOzoneClusterImpl.java:lambda$waitForClusterToBeReady$0(177)) - Waiting for nodes to be ready. Got 0 of 3 DN Heartbeats.
2020-04-24 09:09:29,617 [main] INFO  ozone.MiniOzoneClusterImpl (MiniOzoneClusterImpl.java:lambda$waitForClusterToBeReady$0(180)) - Waiting for cluster to exit safe mode
2020-04-24 09:09:29,649 [Datanode State Machine Thread - 0] INFO  ozoneimpl.OzoneContainer (OzoneContainer.java:start(232)) - Attempting to start container services.
2020-04-24 09:09:29,649 [Datanode State Machine Thread - 0] INFO  ozoneimpl.OzoneContainer (OzoneContainer.java:startContainerScrub(196)) - Background container scanner has been disabled.
2020-04-24 09:09:29,649 [Datanode State Machine Thread - 0] INFO  ratis.XceiverServerRatis (XceiverServerRatis.java:start(424)) - Starting XceiverServerRatis 23210909-aab5-418a-84f3-57294aa846dd at port 0
2020-04-24 09:09:29,651 [Datanode State Machine Thread - 0] INFO  impl.RaftServerProxy (RaftServerProxy.java:lambda$start$3(299)) - 23210909-aab5-418a-84f3-57294aa846dd: start RPC server
2020-04-24 09:09:29,655 [Datanode State Machine Thread - 0] INFO  server.GrpcService (GrpcService.java:startImpl(159)) - 23210909-aab5-418a-84f3-57294aa846dd: GrpcService started, listening on 0.0.0.0/0.0.0.0:36669
2020-04-24 09:09:29,655 [Datanode State Machine Thread - 0] INFO  ratis.XceiverServerRatis (XceiverServerRatis.java:start(436)) - XceiverServerRatis 23210909-aab5-418a-84f3-57294aa846dd is started using port 36669
2020-04-24 09:09:29,658 [Datanode State Machine Thread - 0] INFO  server.XceiverServerGrpc (XceiverServerGrpc.java:start(145)) - XceiverServerGrpc 23210909-aab5-418a-84f3-57294aa846dd is started using port 40711
2020-04-24 09:09:30,617 [main] INFO  ozone.MiniOzoneClusterImpl (MiniOzoneClusterImpl.java:lambda$waitForClusterToBeReady$0(177)) - Waiting for nodes to be ready. Got 0 of 3 DN Heartbeats.
2020-04-24 09:09:30,618 [main] INFO  ozone.MiniOzoneClusterImpl (MiniOzoneClusterImpl.java:lambda$waitForClusterToBeReady$0(180)) - Waiting for cluster to exit safe mode
2020-04-24 09:09:31,111 [IPC Server handler 0 on 39585] INFO  net.NetworkTopology (NetworkTopologyImpl.java:add(111)) - Added a new node: /default-rack/59cd1272-d47d-4ade-aa11-418e6c4da764
2020-04-24 09:09:31,111 [IPC Server handler 0 on 39585] INFO  node.SCMNodeManager (SCMNodeManager.java:register(268)) - Registered Data node : 59cd1272-d47d-4ade-aa11-418e6c4da764{ip: 172.17.0.2, host: 36dc976b824e, networkLocation: /default-rack, certSerialId: null}
2020-04-24 09:09:31,116 [EventQueue-NodeRegistrationContainerReportForContainerSafeModeRule] INFO  safemode.SCMSafeModeManager (SCMSafeModeManager.java:validateSafeModeExitRules(183)) - ContainerSafeModeRule rule is successfully validated
2020-04-24 09:09:31,117 [EventQueue-NodeRegistrationContainerReportForDataNodeSafeModeRule] INFO  safemode.SCMSafeModeManager (DataNodeSafeModeRule.java:process(71)) - SCM in safe mode. 1 DataNodes registered, 1 required.
2020-04-24 09:09:31,117 [EventQueue-NodeRegistrationContainerReportForDataNodeSafeModeRule] INFO  safemode.SCMSafeModeManager (SCMSafeModeManager.java:validateSafeModeExitRules(183)) - DataNodeSafeModeRule rule is successfully validated
2020-04-24 09:09:31,117 [EventQueue-NodeRegistrationContainerReportForDataNodeSafeModeRule] INFO  safemode.SCMSafeModeManager (SCMSafeModeManager.java:completePreCheck(211)) - All SCM safe mode pre check rules have passed
2020-04-24 09:09:31,118 [RatisPipelineUtilsThread] INFO  pipeline.RatisPipelineProvider (RatisPipelineProvider.java:lambda$create$0(138)) - Sending CreatePipelineCommand for pipeline:PipelineID=0110dd94-fcc6-4256-8226-6357229f3354 to datanode:59cd1272-d47d-4ade-aa11-418e6c4da764
2020-04-24 09:09:31,131 [RatisPipelineUtilsThread] INFO  pipeline.PipelineStateManager (PipelineStateManager.java:addPipeline(54)) - Created pipeline Pipeline[ Id: 0110dd94-fcc6-4256-8226-6357229f3354, Nodes: 59cd1272-d47d-4ade-aa11-418e6c4da764{ip: 172.17.0.2, host: 36dc976b824e, networkLocation: /default-rack, certSerialId: null}, Type:RATIS, Factor:ONE, State:ALLOCATED, leaderId:null, CreationTimestamp2020-04-24T09:09:31.114Z]
2020-04-24 09:09:31,134 [RatisPipelineUtilsThread] ERROR pipeline.SCMPipelineManager (SCMPipelineManager.java:createPipeline(222)) - Failed to create pipeline of type RATIS and factor ONE. Exception: Cannot create pipeline of factor 1 using 0 nodes. Used 1 nodes. Healthy nodes 1
2020-04-24 09:09:31,134 [RatisPipelineUtilsThread] WARN  pipeline.PipelinePlacementPolicy (PipelinePlacementPolicy.java:filterViableNodes(132)) - Pipeline creation failed due to no sufficient healthy datanodes. Required 3. Found 1.
2020-04-24 09:09:31,135 [RatisPipelineUtilsThread] ERROR pipeline.SCMPipelineManager (SCMPipelineManager.java:createPipeline(222)) - Failed to create pipeline of type RATIS and factor THREE. Exception: Pipeline creation failed due to no sufficient healthy datanodes. Required 3. Found 1.
2020-04-24 09:09:31,487 [IPC Server handler 1 on 39585] INFO  net.NetworkTopology (NetworkTopologyImpl.java:add(111)) - Added a new node: /default-rack/a79ca38e-dc5f-4a68-b291-7d46d54031f2
2020-04-24 09:09:31,487 [IPC Server handler 1 on 39585] INFO  node.SCMNodeManager (SCMNodeManager.java:register(268)) - Registered Data node : a79ca38e-dc5f-4a68-b291-7d46d54031f2{ip: 172.17.0.2, host: 36dc976b824e, networkLocation: /default-rack, certSerialId: null}
2020-04-24 09:09:31,489 [EventQueue-NodeRegistrationContainerReportForContainerSafeModeRule] INFO  safemode.SCMSafeModeManager (SCMSafeModeManager.java:validateSafeModeExitRules(183)) - ContainerSafeModeRule rule is successfully validated
2020-04-24 09:09:31,489 [EventQueue-NodeRegistrationContainerReportForDataNodeSafeModeRule] INFO  safemode.SCMSafeModeManager (SCMSafeModeManager.java:validateSafeModeExitRules(183)) - DataNodeSafeModeRule rule is successfully validated
2020-04-24 09:09:31,490 [RatisPipelineUtilsThread] INFO  pipeline.RatisPipelineProvider (RatisPipelineProvider.java:lambda$create$0(138)) - Sending CreatePipelineCommand for pipeline:PipelineID=1c32087b-de66-4216-9824-177b4684b395 to datanode:a79ca38e-dc5f-4a68-b291-7d46d54031f2
2020-04-24 09:09:31,491 [RatisPipelineUtilsThread] INFO  pipeline.PipelineStateManager (PipelineStateManager.java:addPipeline(54)) - Created pipeline Pipeline[ Id: 1c32087b-de66-4216-9824-177b4684b395, Nodes: a79ca38e-dc5f-4a68-b291-7d46d54031f2{ip: 172.17.0.2, host: 36dc976b824e, networkLocation: /default-rack, certSerialId: null}, Type:RATIS, Factor:ONE, State:ALLOCATED, leaderId:null, CreationTimestamp2020-04-24T09:09:31.490Z]
2020-04-24 09:09:31,491 [RatisPipelineUtilsThread] ERROR pipeline.SCMPipelineManager (SCMPipelineManager.java:createPipeline(222)) - Failed to create pipeline of type RATIS and factor ONE. Exception: Cannot create pipeline of factor 1 using 0 nodes. Used 2 nodes. Healthy nodes 2
2020-04-24 09:09:31,492 [RatisPipelineUtilsThread] WARN  pipeline.PipelinePlacementPolicy (PipelinePlacementPolicy.java:filterViableNodes(132)) - Pipeline creation failed due to no sufficient healthy datanodes. Required 3. Found 2.
2020-04-24 09:09:31,492 [RatisPipelineUtilsThread] ERROR pipeline.SCMPipelineManager (SCMPipelineManager.java:createPipeline(222)) - Failed to create pipeline of type RATIS and factor THREE. Exception: Pipeline creation failed due to no sufficient healthy datanodes. Required 3. Found 2.
2020-04-24 09:09:31,618 [main] INFO  ozone.MiniOzoneClusterImpl (MiniOzoneClusterImpl.java:lambda$waitForClusterToBeReady$0(177)) - Waiting for nodes to be ready. Got 2 of 3 DN Heartbeats.
2020-04-24 09:09:31,619 [main] INFO  ozone.MiniOzoneClusterImpl (MiniOzoneClusterImpl.java:lambda$waitForClusterToBeReady$0(180)) - Waiting for cluster to exit safe mode
2020-04-24 09:09:31,647 [IPC Server handler 2 on 39585] INFO  net.NetworkTopology (NetworkTopologyImpl.java:add(111)) - Added a new node: /default-rack/23210909-aab5-418a-84f3-57294aa846dd
2020-04-24 09:09:31,647 [IPC Server handler 2 on 39585] INFO  node.SCMNodeManager (SCMNodeManager.java:register(268)) - Registered Data node : 23210909-aab5-418a-84f3-57294aa846dd{ip: 172.17.0.2, host: 36dc976b824e, networkLocation: /default-rack, certSerialId: null}
2020-04-24 09:09:31,648 [EventQueue-NodeRegistrationContainerReportForContainerSafeModeRule] INFO  safemode.SCMSafeModeManager (SCMSafeModeManager.java:validateSafeModeExitRules(183)) - ContainerSafeModeRule rule is successfully validated
2020-04-24 09:09:31,648 [EventQueue-NodeRegistrationContainerReportForDataNodeSafeModeRule] INFO  safemode.SCMSafeModeManager (SCMSafeModeManager.java:validateSafeModeExitRules(183)) - DataNodeSafeModeRule rule is successfully validated
2020-04-24 09:09:31,649 [RatisPipelineUtilsThread] INFO  pipeline.RatisPipelineProvider (RatisPipelineProvider.java:lambda$create$0(138)) - Sending CreatePipelineCommand for pipeline:PipelineID=7e5657cd-6a2e-4b5f-974b-fa68b82545fb to datanode:23210909-aab5-418a-84f3-57294aa846dd
2020-04-24 09:09:31,649 [RatisPipelineUtilsThread] INFO  pipeline.PipelineStateManager (PipelineStateManager.java:addPipeline(54)) - Created pipeline Pipeline[ Id: 7e5657cd-6a2e-4b5f-974b-fa68b82545fb, Nodes: 23210909-aab5-418a-84f3-57294aa846dd{ip: 172.17.0.2, host: 36dc976b824e, networkLocation: /default-rack, certSerialId: null}, Type:RATIS, Factor:ONE, State:ALLOCATED, leaderId:null, CreationTimestamp2020-04-24T09:09:31.649Z]
2020-04-24 09:09:31,650 [RatisPipelineUtilsThread] ERROR pipeline.SCMPipelineManager (SCMPipelineManager.java:createPipeline(222)) - Failed to create pipeline of type RATIS and factor ONE. Exception: Cannot create pipeline of factor 1 using 0 nodes. Used 3 nodes. Healthy nodes 3
2020-04-24 09:09:31,653 [RatisPipelineUtilsThread] INFO  pipeline.RatisPipelineProvider (RatisPipelineProvider.java:lambda$create$0(138)) - Sending CreatePipelineCommand for pipeline:PipelineID=c7a8e82f-041c-47cc-b543-455fd326da39 to datanode:a79ca38e-dc5f-4a68-b291-7d46d54031f2
2020-04-24 09:09:31,654 [RatisPipelineUtilsThread] INFO  pipeline.RatisPipelineProvider (RatisPipelineProvider.java:lambda$create$0(138)) - Sending CreatePipelineCommand for pipeline:PipelineID=c7a8e82f-041c-47cc-b543-455fd326da39 to datanode:23210909-aab5-418a-84f3-57294aa846dd
2020-04-24 09:09:31,654 [RatisPipelineUtilsThread] INFO  pipeline.RatisPipelineProvider (RatisPipelineProvider.java:lambda$create$0(138)) - Sending CreatePipelineCommand for pipeline:PipelineID=c7a8e82f-041c-47cc-b543-455fd326da39 to datanode:59cd1272-d47d-4ade-aa11-418e6c4da764
2020-04-24 09:09:31,654 [RatisPipelineUtilsThread] INFO  pipeline.PipelineStateManager (PipelineStateManager.java:addPipeline(54)) - Created pipeline Pipeline[ Id: c7a8e82f-041c-47cc-b543-455fd326da39, Nodes: a79ca38e-dc5f-4a68-b291-7d46d54031f2{ip: 172.17.0.2, host: 36dc976b824e, networkLocation: /default-rack, certSerialId: null}23210909-aab5-418a-84f3-57294aa846dd{ip: 172.17.0.2, host: 36dc976b824e, networkLocation: /default-rack, certSerialId: null}59cd1272-d47d-4ade-aa11-418e6c4da764{ip: 172.17.0.2, host: 36dc976b824e, networkLocation: /default-rack, certSerialId: null}, Type:RATIS, Factor:THREE, State:ALLOCATED, leaderId:null, CreationTimestamp2020-04-24T09:09:31.653Z]
2020-04-24 09:09:31,655 [RatisPipelineUtilsThread] ERROR pipeline.SCMPipelineManager (SCMPipelineManager.java:createPipeline(222)) - Failed to create pipeline of type RATIS and factor THREE. Exception: Pipeline creation failed because nodes are engaged in other pipelines and every node can only be engaged in max 2 pipelines. Required 3. Found 0
2020-04-24 09:09:32,619 [main] INFO  ozone.MiniOzoneClusterImpl (MiniOzoneClusterImpl.java:lambda$waitForClusterToBeReady$0(177)) - Nodes are ready. Got 3 of 3 DN Heartbeats.
2020-04-24 09:09:32,620 [main] INFO  ozone.MiniOzoneClusterImpl (MiniOzoneClusterImpl.java:lambda$waitForClusterToBeReady$0(180)) - Waiting for cluster to exit safe mode
2020-04-24 09:09:33,620 [main] INFO  ozone.MiniOzoneClusterImpl (MiniOzoneClusterImpl.java:lambda$waitForClusterToBeReady$0(177)) - Nodes are ready. Got 3 of 3 DN Heartbeats.
2020-04-24 09:09:33,621 [main] INFO  ozone.MiniOzoneClusterImpl (MiniOzoneClusterImpl.java:lambda$waitForClusterToBeReady$0(180)) - Waiting for cluster to exit safe mode
2020-04-24 09:09:34,089 [Command processor thread] INFO  impl.RaftServerProxy (RaftServerProxy.java:addNew(89)) - 59cd1272-d47d-4ade-aa11-418e6c4da764: addNew group-6357229F3354:[59cd1272-d47d-4ade-aa11-418e6c4da764:172.17.0.2:33839] returns group-6357229F3354:java.util.concurrent.CompletableFuture@772f33a1[Not completed]
2020-04-24 09:09:34,104 [pool-70-thread-1] INFO  impl.RaftServerImpl (RaftServerImpl.java:<init>(97)) - 59cd1272-d47d-4ade-aa11-418e6c4da764: new RaftServerImpl for group-6357229F3354:[59cd1272-d47d-4ade-aa11-418e6c4da764:172.17.0.2:33839] with ContainerStateMachine:uninitialized
2020-04-24 09:09:34,104 [pool-70-thread-1] INFO  server.RaftServerConfigKeys (ConfUtils.java:logGet(44)) - raft.server.rpc.timeout.min = 5s (custom)
2020-04-24 09:09:34,105 [pool-70-thread-1] INFO  server.RaftServerConfigKeys (ConfUtils.java:logGet(44)) - raft.server.rpc.timeout.max = 5200ms (custom)
2020-04-24 09:09:34,105 [pool-70-thread-1] INFO  server.RaftServerConfigKeys (ConfUtils.java:logGet(44)) - raft.server.rpcslowness.timeout = 300s (custom)
2020-04-24 09:09:34,105 [pool-70-thread-1] INFO  server.RaftServerConfigKeys (ConfUtils.java:logGet(44)) - raft.server.sleep.deviation.threshold = 300 (default)
2020-04-24 09:09:34,105 [pool-70-thread-1] INFO  server.RaftServerConfigKeys (ConfUtils.java:logGet(44)) - raft.server.log.appender.install.snapshot.enabled = false (custom)
2020-04-24 09:09:34,105 [pool-70-thread-1] INFO  impl.RaftServerImpl (ServerState.java:<init>(103)) - 59cd1272-d47d-4ade-aa11-418e6c4da764@group-6357229F3354: ConfigurationManager, init=-1: [59cd1272-d47d-4ade-aa11-418e6c4da764:172.17.0.2:33839], old=null, confs=<EMPTY_MAP>
2020-04-24 09:09:34,105 [pool-70-thread-1] INFO  server.RaftServerConfigKeys (ConfUtils.java:logGet(44)) - raft.server.storage.dir = [/github/workspace/mnt/ozone/hadoop-ozone/integration-test/target/test-dir/MiniOzoneClusterImpl-28ce97df-7db2-4fc1-9c49-0cb63a1a27a8/datanode-0/data/ratis] (custom)
2020-04-24 09:09:34,106 [pool-70-thread-1] INFO  server.RaftServerConfigKeys (ConfUtils.java:logGet(44)) - raft.server.log.corruption.policy = EXCEPTION (default)
2020-04-24 09:09:34,106 [pool-70-thread-1] INFO  storage.RaftStorageDirectory (RaftStorageDirectory.java:analyzeStorage(253)) - The storage directory /github/workspace/mnt/ozone/hadoop-ozone/integration-test/target/test-dir/MiniOzoneClusterImpl-28ce97df-7db2-4fc1-9c49-0cb63a1a27a8/datanode-0/data/ratis/0110dd94-fcc6-4256-8226-6357229f3354 does not exist. Creating ...
2020-04-24 09:09:34,108 [pool-70-thread-1] INFO  storage.RaftStorageDirectory (RaftStorageDirectory.java:tryLock(335)) - Lock on /github/workspace/mnt/ozone/hadoop-ozone/integration-test/target/test-dir/MiniOzoneClusterImpl-28ce97df-7db2-4fc1-9c49-0cb63a1a27a8/datanode-0/data/ratis/0110dd94-fcc6-4256-8226-6357229f3354/in_use.lock acquired by nodename 1546@36dc976b824e
2020-04-24 09:09:34,109 [pool-70-thread-1] INFO  storage.RaftStorage (RaftStorage.java:format(84)) - Storage directory /github/workspace/mnt/ozone/hadoop-ozone/integration-test/target/test-dir/MiniOzoneClusterImpl-28ce97df-7db2-4fc1-9c49-0cb63a1a27a8/datanode-0/data/ratis/0110dd94-fcc6-4256-8226-6357229f3354 has been successfully formatted.
2020-04-24 09:09:34,113 [pool-70-thread-1] INFO  ratis.ContainerStateMachine (ContainerStateMachine.java:loadSnapshot(226)) - group-6357229F3354: The snapshot info is null. Setting the last applied indexto:(t:0, i:~)
2020-04-24 09:09:34,113 [pool-70-thread-1] INFO  server.RaftServerConfigKeys (ConfUtils.java:logGet(44)) - raft.server.notification.no-leader.timeout = 60s (default)
2020-04-24 09:09:34,113 [pool-70-thread-1] INFO  server.RaftServerConfigKeys (ConfUtils.java:logGet(44)) - raft.server.log.use.memory = false (default)
2020-04-24 09:09:34,114 [pool-70-thread-1] INFO  server.RaftServerConfigKeys (ConfUtils.java:logGet(44)) - raft.server.log.purge.gap = 1000000 (custom)
2020-04-24 09:09:34,114 [pool-70-thread-1] INFO  server.RaftServerConfigKeys (ConfUtils.java:logGet(44)) - raft.server.log.appender.buffer.byte-limit = 33554432 (custom)
2020-04-24 09:09:34,114 [pool-70-thread-1] INFO  server.RaftServerConfigKeys (ConfUtils.java:logGet(44)) - raft.server.log.segment.size.max = 1048576 (custom)
2020-04-24 09:09:34,114 [pool-70-thread-1] INFO  metrics.RatisMetrics (RatisMetrics.java:lambda$create$0(39)) - Creating Metrics Registry : ratis.log_worker.59cd1272-d47d-4ade-aa11-418e6c4da764
2020-04-24 09:09:34,122 [pool-70-thread-1] INFO  server.RaftServerConfigKeys (ConfUtils.java:logGet(44)) - raft.server.log.segment.cache.num.max = 2 (custom)
2020-04-24 09:09:34,122 [pool-70-thread-1] INFO  segmented.SegmentedRaftLogWorker (SegmentedRaftLogWorker.java:<init>(176)) - new 59cd1272-d47d-4ade-aa11-418e6c4da764@group-6357229F3354-SegmentedRaftLogWorker for RaftStorage:Storage Directory /github/workspace/mnt/ozone/hadoop-ozone/integration-test/target/test-dir/MiniOzoneClusterImpl-28ce97df-7db2-4fc1-9c49-0cb63a1a27a8/datanode-0/data/ratis/0110dd94-fcc6-4256-8226-6357229f3354
2020-04-24 09:09:34,122 [pool-70-thread-1] INFO  server.RaftServerConfigKeys (ConfUtils.java:logGet(44)) - raft.server.log.queue.byte-limit = 2147483647 (custom)
2020-04-24 09:09:34,122 [pool-70-thread-1] INFO  server.RaftServerConfigKeys (ConfUtils.java:logGet(44)) - raft.server.log.queue.element-limit = 1024 (custom)
2020-04-24 09:09:34,122 [pool-70-thread-1] INFO  server.RaftServerConfigKeys (ConfUtils.java:logGet(44)) - raft.server.log.segment.size.max = 1048576 (custom)
2020-04-24 09:09:34,122 [pool-70-thread-1] INFO  server.RaftServerConfigKeys (ConfUtils.java:logGet(44)) - raft.server.log.preallocated.size = 16384 (custom)
2020-04-24 09:09:34,122 [pool-70-thread-1] INFO  server.RaftServerConfigKeys (ConfUtils.java:logGet(44)) - raft.server.log.write.buffer.size = 1048576 (custom)
2020-04-24 09:09:34,123 [pool-70-thread-1] INFO  server.RaftServerConfigKeys (ConfUtils.java:logGet(44)) - raft.server.log.force.sync.num = 128 (default)
2020-04-24 09:09:34,127 [pool-70-thread-1] INFO  server.RaftServerConfigKeys (ConfUtils.java:logGet(44)) - raft.server.log.statemachine.data.sync = true (default)
2020-04-24 09:09:34,127 [pool-70-thread-1] INFO  server.RaftServerConfigKeys (ConfUtils.java:logGet(44)) - raft.server.log.statemachine.data.sync.timeout = 10s (default)
2020-04-24 09:09:34,127 [pool-70-thread-1] INFO  server.RaftServerConfigKeys (ConfUtils.java:logGet(44)) - raft.server.log.statemachine.data.sync.timeout.retry = -1 (default)
2020-04-24 09:09:34,129 [EventQueue-PipelineReportForPipelineReportHandler] INFO  pipeline.PipelineStateManager (PipelineStateManager.java:openPipeline(131)) - Pipeline Pipeline[ Id: 0110dd94-fcc6-4256-8226-6357229f3354, Nodes: 59cd1272-d47d-4ade-aa11-418e6c4da764{ip: 172.17.0.2, host: 36dc976b824e, networkLocation: /default-rack, certSerialId: null}, Type:RATIS, Factor:ONE, State:ALLOCATED, leaderId:59cd1272-d47d-4ade-aa11-418e6c4da764, CreationTimestamp2020-04-24T09:09:31.114Z] moved to OPEN state
2020-04-24 09:09:34,132 [EventQueue-OpenPipelineForOneReplicaPipelineSafeModeRule] INFO  safemode.SCMSafeModeManager (SCMSafeModeManager.java:validateSafeModeExitRules(183)) - AtleastOneDatanodeReportedRule rule is successfully validated
2020-04-24 09:09:34,132 [EventQueue-OpenPipelineForHealthyPipelineSafeModeRule] INFO  safemode.SCMSafeModeManager (HealthyPipelineSafeModeRule.java:process(132)) - SCM in safe mode. Healthy pipelines reported count is 0, required healthy pipeline reported count is 1
2020-04-24 09:09:34,134 [pool-70-thread-1] INFO  server.RaftServerConfigKeys (ConfUtils.java:logGet(44)) - raft.server.log.statemachine.data.caching.enabled = true (custom)
2020-04-24 09:09:34,134 [pool-70-thread-1] INFO  segmented.SegmentedRaftLogWorker (SegmentedRaftLogWorker.java:lambda$new$0(129)) - 59cd1272-d47d-4ade-aa11-418e6c4da764@group-6357229F3354-SegmentedRaftLogWorker: flushIndex: setUnconditionally 0 -> -1
2020-04-24 09:09:34,135 [pool-70-thread-1] INFO  server.RaftServerConfigKeys (ConfUtils.java:logGet(44)) - raft.server.snapshot.auto.trigger.enabled = true (custom)
2020-04-24 09:09:34,135 [pool-70-thread-1] INFO  server.RaftServerConfigKeys (ConfUtils.java:logGet(44)) - raft.server.snapshot.auto.trigger.threshold = 10000 (custom)
2020-04-24 09:09:34,135 [pool-70-thread-1] INFO  server.RaftServerConfigKeys (ConfUtils.java:logGet(44)) - raft.server.snapshot.retention.file.num = 5 (custom)
2020-04-24 09:09:34,135 [pool-70-thread-1] INFO  server.RaftServerConfigKeys (ConfUtils.java:logGet(44)) - raft.server.retrycache.expirytime = 600000ms (custom)
2020-04-24 09:09:34,135 [pool-70-thread-1] INFO  metrics.RatisMetrics (RatisMetrics.java:lambda$create$0(39)) - Creating Metrics Registry : ratis.leader_election.59cd1272-d47d-4ade-aa11-418e6c4da764@group-6357229F3354
2020-04-24 09:09:34,136 [pool-70-thread-1] INFO  metrics.RatisMetrics (RatisMetrics.java:lambda$create$0(39)) - Creating Metrics Registry : ratis.server.59cd1272-d47d-4ade-aa11-418e6c4da764@group-6357229F3354
2020-04-24 09:09:34,138 [pool-70-thread-1] INFO  impl.RaftServerImpl (RaftServerImpl.java:start(183)) - 59cd1272-d47d-4ade-aa11-418e6c4da764@group-6357229F3354: start as a follower, conf=-1: [59cd1272-d47d-4ade-aa11-418e6c4da764:172.17.0.2:33839], old=null
2020-04-24 09:09:34,140 [pool-70-thread-1] INFO  impl.RaftServerImpl (RaftServerImpl.java:setRole(172)) - 59cd1272-d47d-4ade-aa11-418e6c4da764@group-6357229F3354: changes role from      null to FOLLOWER at term 0 for startAsFollower
2020-04-24 09:09:34,140 [pool-70-thread-1] INFO  impl.RoleInfo (RoleInfo.java:updateAndGet(143)) - 59cd1272-d47d-4ade-aa11-418e6c4da764: start FollowerState
2020-04-24 09:09:34,148 [pool-70-thread-1] INFO  util.JmxRegister (JmxRegister.java:tryRegister(44)) - Successfully registered JMX Bean with object name Ratis:service=RaftServer,group=group-6357229F3354,id=59cd1272-d47d-4ade-aa11-418e6c4da764
2020-04-24 09:09:34,149 [pool-70-thread-1] INFO  metrics.RatisMetrics (RatisMetrics.java:lambda$create$0(39)) - Creating Metrics Registry : ratis.state_machine.59cd1272-d47d-4ade-aa11-418e6c4da764@group-6357229F3354
2020-04-24 09:09:34,152 [Command processor thread] INFO  commandhandler.CreatePipelineCommandHandler (CreatePipelineCommandHandler.java:handle(109)) - Created Pipeline RATIS ONE #id: "0110dd94-fcc6-4256-8226-6357229f3354"
.
2020-04-24 09:09:34,153 [Command processor thread] INFO  impl.RaftServerProxy (RaftServerProxy.java:addNew(89)) - 59cd1272-d47d-4ade-aa11-418e6c4da764: addNew group-455FD326DA39:[23210909-aab5-418a-84f3-57294aa846dd:172.17.0.2:36669, a79ca38e-dc5f-4a68-b291-7d46d54031f2:172.17.0.2:44063, 59cd1272-d47d-4ade-aa11-418e6c4da764:172.17.0.2:33839] returns group-455FD326DA39:java.util.concurrent.CompletableFuture@229f9edc[Not completed]
2020-04-24 09:09:34,154 [pool-70-thread-1] INFO  impl.RaftServerImpl (RaftServerImpl.java:<init>(97)) - 59cd1272-d47d-4ade-aa11-418e6c4da764: new RaftServerImpl for group-455FD326DA39:[23210909-aab5-418a-84f3-57294aa846dd:172.17.0.2:36669, a79ca38e-dc5f-4a68-b291-7d46d54031f2:172.17.0.2:44063, 59cd1272-d47d-4ade-aa11-418e6c4da764:172.17.0.2:33839] with ContainerStateMachine:uninitialized
2020-04-24 09:09:34,154 [pool-70-thread-1] INFO  server.RaftServerConfigKeys (ConfUtils.java:logGet(44)) - raft.server.rpc.timeout.min = 5s (custom)
2020-04-24 09:09:34,154 [pool-70-thread-1] INFO  server.RaftServerConfigKeys (ConfUtils.java:logGet(44)) - raft.server.rpc.timeout.max = 5200ms (custom)
2020-04-24 09:09:34,154 [pool-70-thread-1] INFO  server.RaftServerConfigKeys (ConfUtils.java:logGet(44)) - raft.server.rpcslowness.timeout = 300s (custom)
2020-04-24 09:09:34,154 [pool-70-thread-1] INFO  server.RaftServerConfigKeys (ConfUtils.java:logGet(44)) - raft.server.sleep.deviation.threshold = 300 (default)
2020-04-24 09:09:34,154 [pool-70-thread-1] INFO  server.RaftServerConfigKeys (ConfUtils.java:logGet(44)) - raft.server.log.appender.install.snapshot.enabled = false (custom)
2020-04-24 09:09:34,155 [pool-70-thread-1] INFO  impl.RaftServerImpl (ServerState.java:<init>(103)) - 59cd1272-d47d-4ade-aa11-418e6c4da764@group-455FD326DA39: ConfigurationManager, init=-1: [23210909-aab5-418a-84f3-57294aa846dd:172.17.0.2:36669, a79ca38e-dc5f-4a68-b291-7d46d54031f2:172.17.0.2:44063, 59cd1272-d47d-4ade-aa11-418e6c4da764:172.17.0.2:33839], old=null, confs=<EMPTY_MAP>
2020-04-24 09:09:34,155 [pool-70-thread-1] INFO  server.RaftServerConfigKeys (ConfUtils.java:logGet(44)) - raft.server.storage.dir = [/github/workspace/mnt/ozone/hadoop-ozone/integration-test/target/test-dir/MiniOzoneClusterImpl-28ce97df-7db2-4fc1-9c49-0cb63a1a27a8/datanode-0/data/ratis] (custom)
2020-04-24 09:09:34,155 [pool-70-thread-1] INFO  server.RaftServerConfigKeys (ConfUtils.java:logGet(44)) - raft.server.log.corruption.policy = EXCEPTION (default)
2020-04-24 09:09:34,155 [pool-70-thread-1] INFO  storage.RaftStorageDirectory (RaftStorageDirectory.java:analyzeStorage(253)) - The storage directory /github/workspace/mnt/ozone/hadoop-ozone/integration-test/target/test-dir/MiniOzoneClusterImpl-28ce97df-7db2-4fc1-9c49-0cb63a1a27a8/datanode-0/data/ratis/c7a8e82f-041c-47cc-b543-455fd326da39 does not exist. Creating ...
2020-04-24 09:09:34,156 [pool-70-thread-1] INFO  storage.RaftStorageDirectory (RaftStorageDirectory.java:tryLock(335)) - Lock on /github/workspace/mnt/ozone/hadoop-ozone/integration-test/target/test-dir/MiniOzoneClusterImpl-28ce97df-7db2-4fc1-9c49-0cb63a1a27a8/datanode-0/data/ratis/c7a8e82f-041c-47cc-b543-455fd326da39/in_use.lock acquired by nodename 1546@36dc976b824e
2020-04-24 09:09:34,158 [pool-70-thread-1] INFO  storage.RaftStorage (RaftStorage.java:format(84)) - Storage directory /github/workspace/mnt/ozone/hadoop-ozone/integration-test/target/test-dir/MiniOzoneClusterImpl-28ce97df-7db2-4fc1-9c49-0cb63a1a27a8/datanode-0/data/ratis/c7a8e82f-041c-47cc-b543-455fd326da39 has been successfully formatted.
2020-04-24 09:09:34,158 [pool-70-thread-1] INFO  ratis.ContainerStateMachine (ContainerStateMachine.java:loadSnapshot(226)) - group-455FD326DA39: The snapshot info is null. Setting the last applied indexto:(t:0, i:~)
2020-04-24 09:09:34,158 [pool-70-thread-1] INFO  server.RaftServerConfigKeys (ConfUtils.java:logGet(44)) - raft.server.notification.no-leader.timeout = 60s (default)
2020-04-24 09:09:34,158 [pool-70-thread-1] INFO  server.RaftServerConfigKeys (ConfUtils.java:logGet(44)) - raft.server.log.use.memory = false (default)
2020-04-24 09:09:34,161 [pool-70-thread-1] INFO  server.RaftServerConfigKeys (ConfUtils.java:logGet(44)) - raft.server.log.purge.gap = 1000000 (custom)
2020-04-24 09:09:34,161 [pool-70-thread-1] INFO  server.RaftServerConfigKeys (ConfUtils.java:logGet(44)) - raft.server.log.appender.buffer.byte-limit = 33554432 (custom)
2020-04-24 09:09:34,161 [pool-70-thread-1] INFO  server.RaftServerConfigKeys (ConfUtils.java:logGet(44)) - raft.server.log.segment.size.max = 1048576 (custom)
2020-04-24 09:09:34,162 [pool-70-thread-1] INFO  server.RaftServerConfigKeys (ConfUtils.java:logGet(44)) - raft.server.log.segment.cache.num.max = 2 (custom)
2020-04-24 09:09:34,162 [pool-70-thread-1] INFO  segmented.SegmentedRaftLogWorker (SegmentedRaftLogWorker.java:<init>(176)) - new 59cd1272-d47d-4ade-aa11-418e6c4da764@group-455FD326DA39-SegmentedRaftLogWorker for RaftStorage:Storage Directory /github/workspace/mnt/ozone/hadoop-ozone/integration-test/target/test-dir/MiniOzoneClusterImpl-28ce97df-7db2-4fc1-9c49-0cb63a1a27a8/datanode-0/data/ratis/c7a8e82f-041c-47cc-b543-455fd326da39
2020-04-24 09:09:34,162 [pool-70-thread-1] INFO  server.RaftServerConfigKeys (ConfUtils.java:logGet(44)) - raft.server.log.queue.byte-limit = 2147483647 (custom)
2020-04-24 09:09:34,162 [pool-70-thread-1] INFO  server.RaftServerConfigKeys (ConfUtils.java:logGet(44)) - raft.server.log.queue.element-limit = 1024 (custom)
2020-04-24 09:09:34,162 [pool-70-thread-1] INFO  server.RaftServerConfigKeys (ConfUtils.java:logGet(44)) - raft.server.log.segment.size.max = 1048576 (custom)
2020-04-24 09:09:34,162 [pool-70-thread-1] INFO  server.RaftServerConfigKeys (ConfUtils.java:logGet(44)) - raft.server.log.preallocated.size = 16384 (custom)
2020-04-24 09:09:34,163 [pool-70-thread-1] INFO  server.RaftServerConfigKeys (ConfUtils.java:logGet(44)) - raft.server.log.write.buffer.size = 1048576 (custom)
2020-04-24 09:09:34,163 [pool-70-thread-1] INFO  server.RaftServerConfigKeys (ConfUtils.java:logGet(44)) - raft.server.log.force.sync.num = 128 (default)
2020-04-24 09:09:34,163 [pool-70-thread-1] INFO  server.RaftServerConfigKeys (ConfUtils.java:logGet(44)) - raft.server.log.statemachine.data.sync = true (default)
2020-04-24 09:09:34,164 [pool-70-thread-1] INFO  server.RaftServerConfigKeys (ConfUtils.java:logGet(44)) - raft.server.log.statemachine.data.sync.timeout = 10s (default)
2020-04-24 09:09:34,164 [pool-70-thread-1] INFO  server.RaftServerConfigKeys (ConfUtils.java:logGet(44)) - raft.server.log.statemachine.data.sync.timeout.retry = -1 (default)
2020-04-24 09:09:34,165 [pool-70-thread-1] INFO  server.RaftServerConfigKeys (ConfUtils.java:logGet(44)) - raft.server.log.statemachine.data.caching.enabled = true (custom)
2020-04-24 09:09:34,168 [pool-70-thread-1] INFO  segmented.SegmentedRaftLogWorker (SegmentedRaftLogWorker.java:lambda$new$0(129)) - 59cd1272-d47d-4ade-aa11-418e6c4da764@group-455FD326DA39-SegmentedRaftLogWorker: flushIndex: setUnconditionally 0 -> -1
2020-04-24 09:09:34,175 [pool-70-thread-1] INFO  server.RaftServerConfigKeys (ConfUtils.java:logGet(44)) - raft.server.snapshot.auto.trigger.enabled = true (custom)
2020-04-24 09:09:34,175 [pool-70-thread-1] INFO  server.RaftServerConfigKeys (ConfUtils.java:logGet(44)) - raft.server.snapshot.auto.trigger.threshold = 10000 (custom)
2020-04-24 09:09:34,175 [pool-70-thread-1] INFO  server.RaftServerConfigKeys (ConfUtils.java:logGet(44)) - raft.server.snapshot.retention.file.num = 5 (custom)
2020-04-24 09:09:34,176 [pool-70-thread-1] INFO  server.RaftServerConfigKeys (ConfUtils.java:logGet(44)) - raft.server.retrycache.expirytime = 600000ms (custom)
2020-04-24 09:09:34,176 [pool-70-thread-1] INFO  metrics.RatisMetrics (RatisMetrics.java:lambda$create$0(39)) - Creating Metrics Registry : ratis.leader_election.59cd1272-d47d-4ade-aa11-418e6c4da764@group-455FD326DA39
2020-04-24 09:09:34,177 [pool-70-thread-1] INFO  metrics.RatisMetrics (RatisMetrics.java:lambda$create$0(39)) - Creating Metrics Registry : ratis.server.59cd1272-d47d-4ade-aa11-418e6c4da764@group-455FD326DA39
2020-04-24 09:09:34,179 [pool-70-thread-1] INFO  impl.RaftServerImpl (RaftServerImpl.java:start(183)) - 59cd1272-d47d-4ade-aa11-418e6c4da764@group-455FD326DA39: start as a follower, conf=-1: [23210909-aab5-418a-84f3-57294aa846dd:172.17.0.2:36669, a79ca38e-dc5f-4a68-b291-7d46d54031f2:172.17.0.2:44063, 59cd1272-d47d-4ade-aa11-418e6c4da764:172.17.0.2:33839], old=null
2020-04-24 09:09:34,179 [pool-70-thread-1] INFO  impl.RaftServerImpl (RaftServerImpl.java:setRole(172)) - 59cd1272-d47d-4ade-aa11-418e6c4da764@group-455FD326DA39: changes role from      null to FOLLOWER at term 0 for startAsFollower
2020-04-24 09:09:34,179 [pool-70-thread-1] INFO  impl.RoleInfo (RoleInfo.java:updateAndGet(143)) - 59cd1272-d47d-4ade-aa11-418e6c4da764: start FollowerState
2020-04-24 09:09:34,180 [pool-70-thread-1] INFO  util.JmxRegister (JmxRegister.java:tryRegister(44)) - Successfully registered JMX Bean with object name Ratis:service=RaftServer,group=group-455FD326DA39,id=59cd1272-d47d-4ade-aa11-418e6c4da764
2020-04-24 09:09:34,180 [pool-70-thread-1] INFO  metrics.RatisMetrics (RatisMetrics.java:lambda$create$0(39)) - Creating Metrics Registry : ratis.state_machine.59cd1272-d47d-4ade-aa11-418e6c4da764@group-455FD326DA39
2020-04-24 09:09:34,232 [grpc-default-executor-0] INFO  impl.RaftServerProxy (RaftServerProxy.java:addNew(89)) - a79ca38e-dc5f-4a68-b291-7d46d54031f2: addNew group-455FD326DA39:[23210909-aab5-418a-84f3-57294aa846dd:172.17.0.2:36669, a79ca38e-dc5f-4a68-b291-7d46d54031f2:172.17.0.2:44063, 59cd1272-d47d-4ade-aa11-418e6c4da764:172.17.0.2:33839] returns group-455FD326DA39:java.util.concurrent.CompletableFuture@5f2970d5[Not completed]
2020-04-24 09:09:34,236 [pool-85-thread-1] INFO  impl.RaftServerImpl (RaftServerImpl.java:<init>(97)) - a79ca38e-dc5f-4a68-b291-7d46d54031f2: new RaftServerImpl for group-455FD326DA39:[23210909-aab5-418a-84f3-57294aa846dd:172.17.0.2:36669, a79ca38e-dc5f-4a68-b291-7d46d54031f2:172.17.0.2:44063, 59cd1272-d47d-4ade-aa11-418e6c4da764:172.17.0.2:33839] with ContainerStateMachine:uninitialized
2020-04-24 09:09:34,237 [pool-85-thread-1] INFO  server.RaftServerConfigKeys (ConfUtils.java:logGet(44)) - raft.server.rpc.timeout.min = 5s (custom)
2020-04-24 09:09:34,237 [pool-85-thread-1] INFO  server.RaftServerConfigKeys (ConfUtils.java:logGet(44)) - raft.server.rpc.timeout.max = 5200ms (custom)
2020-04-24 09:09:34,237 [pool-85-thread-1] INFO  server.RaftServerConfigKeys (ConfUtils.java:logGet(44)) - raft.server.rpcslowness.timeout = 300s (custom)
2020-04-24 09:09:34,237 [pool-85-thread-1] INFO  server.RaftServerConfigKeys (ConfUtils.java:logGet(44)) - raft.server.sleep.deviation.threshold = 300 (default)
2020-04-24 09:09:34,237 [pool-85-thread-1] INFO  server.RaftServerConfigKeys (ConfUtils.java:logGet(44)) - raft.server.log.appender.install.snapshot.enabled = false (custom)
2020-04-24 09:09:34,238 [pool-85-thread-1] INFO  impl.RaftServerImpl (ServerState.java:<init>(103)) - a79ca38e-dc5f-4a68-b291-7d46d54031f2@group-455FD326DA39: ConfigurationManager, init=-1: [23210909-aab5-418a-84f3-57294aa846dd:172.17.0.2:36669, a79ca38e-dc5f-4a68-b291-7d46d54031f2:172.17.0.2:44063, 59cd1272-d47d-4ade-aa11-418e6c4da764:172.17.0.2:33839], old=null, confs=<EMPTY_MAP>
2020-04-24 09:09:34,238 [pool-85-thread-1] INFO  server.RaftServerConfigKeys (ConfUtils.java:logGet(44)) - raft.server.storage.dir = [/github/workspace/mnt/ozone/hadoop-ozone/integration-test/target/test-dir/MiniOzoneClusterImpl-28ce97df-7db2-4fc1-9c49-0cb63a1a27a8/datanode-1/data/ratis] (custom)
2020-04-24 09:09:34,238 [pool-85-thread-1] INFO  server.RaftServerConfigKeys (ConfUtils.java:logGet(44)) - raft.server.log.corruption.policy = EXCEPTION (default)
2020-04-24 09:09:34,238 [pool-85-thread-1] INFO  storage.RaftStorageDirectory (RaftStorageDirectory.java:analyzeStorage(253)) - The storage directory /github/workspace/mnt/ozone/hadoop-ozone/integration-test/target/test-dir/MiniOzoneClusterImpl-28ce97df-7db2-4fc1-9c49-0cb63a1a27a8/datanode-1/data/ratis/c7a8e82f-041c-47cc-b543-455fd326da39 does not exist. Creating ...
2020-04-24 09:09:34,240 [pool-85-thread-1] INFO  storage.RaftStorageDirectory (RaftStorageDirectory.java:tryLock(335)) - Lock on /github/workspace/mnt/ozone/hadoop-ozone/integration-test/target/test-dir/MiniOzoneClusterImpl-28ce97df-7db2-4fc1-9c49-0cb63a1a27a8/datanode-1/data/ratis/c7a8e82f-041c-47cc-b543-455fd326da39/in_use.lock acquired by nodename 1546@36dc976b824e
2020-04-24 09:09:34,242 [pool-85-thread-1] INFO  storage.RaftStorage (RaftStorage.java:format(84)) - Storage directory /github/workspace/mnt/ozone/hadoop-ozone/integration-test/target/test-dir/MiniOzoneClusterImpl-28ce97df-7db2-4fc1-9c49-0cb63a1a27a8/datanode-1/data/ratis/c7a8e82f-041c-47cc-b543-455fd326da39 has been successfully formatted.
2020-04-24 09:09:34,243 [pool-85-thread-1] INFO  ratis.ContainerStateMachine (ContainerStateMachine.java:loadSnapshot(226)) - group-455FD326DA39: The snapshot info is null. Setting the last applied indexto:(t:0, i:~)
2020-04-24 09:09:34,244 [pool-85-thread-1] INFO  server.RaftServerConfigKeys (ConfUtils.java:logGet(44)) - raft.server.notification.no-leader.timeout = 60s (default)
2020-04-24 09:09:34,245 [pool-85-thread-1] INFO  server.RaftServerConfigKeys (ConfUtils.java:logGet(44)) - raft.server.log.use.memory = false (default)
2020-04-24 09:09:34,245 [pool-85-thread-1] INFO  server.RaftServerConfigKeys (ConfUtils.java:logGet(44)) - raft.server.log.purge.gap = 1000000 (custom)
2020-04-24 09:09:34,245 [pool-85-thread-1] INFO  server.RaftServerConfigKeys (ConfUtils.java:logGet(44)) - raft.server.log.appender.buffer.byte-limit = 33554432 (custom)
2020-04-24 09:09:34,247 [pool-85-thread-1] INFO  server.RaftServerConfigKeys (ConfUtils.java:logGet(44)) - raft.server.log.segment.size.max = 1048576 (custom)
2020-04-24 09:09:34,247 [pool-85-thread-1] INFO  metrics.RatisMetrics (RatisMetrics.java:lambda$create$0(39)) - Creating Metrics Registry : ratis.log_worker.a79ca38e-dc5f-4a68-b291-7d46d54031f2
2020-04-24 09:09:34,247 [pool-85-thread-1] INFO  server.RaftServerConfigKeys (ConfUtils.java:logGet(44)) - raft.server.log.segment.cache.num.max = 2 (custom)
2020-04-24 09:09:34,247 [pool-85-thread-1] INFO  segmented.SegmentedRaftLogWorker (SegmentedRaftLogWorker.java:<init>(176)) - new a79ca38e-dc5f-4a68-b291-7d46d54031f2@group-455FD326DA39-SegmentedRaftLogWorker for RaftStorage:Storage Directory /github/workspace/mnt/ozone/hadoop-ozone/integration-test/target/test-dir/MiniOzoneClusterImpl-28ce97df-7db2-4fc1-9c49-0cb63a1a27a8/datanode-1/data/ratis/c7a8e82f-041c-47cc-b543-455fd326da39
2020-04-24 09:09:34,248 [pool-85-thread-1] INFO  server.RaftServerConfigKeys (ConfUtils.java:logGet(44)) - raft.server.log.queue.byte-limit = 2147483647 (custom)
2020-04-24 09:09:34,248 [pool-85-thread-1] INFO  server.RaftServerConfigKeys (ConfUtils.java:logGet(44)) - raft.server.log.queue.element-limit = 1024 (custom)
2020-04-24 09:09:34,248 [pool-85-thread-1] INFO  server.RaftServerConfigKeys (ConfUtils.java:logGet(44)) - raft.server.log.segment.size.max = 1048576 (custom)
2020-04-24 09:09:34,248 [pool-85-thread-1] INFO  server.RaftServerConfigKeys (ConfUtils.java:logGet(44)) - raft.server.log.preallocated.size = 16384 (custom)
2020-04-24 09:09:34,248 [pool-85-thread-1] INFO  server.RaftServerConfigKeys (ConfUtils.java:logGet(44)) - raft.server.log.write.buffer.size = 1048576 (custom)
2020-04-24 09:09:34,248 [pool-85-thread-1] INFO  server.RaftServerConfigKeys (ConfUtils.java:logGet(44)) - raft.server.log.force.sync.num = 128 (default)
2020-04-24 09:09:34,248 [pool-85-thread-1] INFO  server.RaftServerConfigKeys (ConfUtils.java:logGet(44)) - raft.server.log.statemachine.data.sync = true (default)
2020-04-24 09:09:34,249 [pool-85-thread-1] INFO  server.RaftServerConfigKeys (ConfUtils.java:logGet(44)) - raft.server.log.statemachine.data.sync.timeout = 10s (default)
2020-04-24 09:09:34,249 [pool-85-thread-1] INFO  server.RaftServerConfigKeys (ConfUtils.java:logGet(44)) - raft.server.log.statemachine.data.sync.timeout.retry = -1 (default)
2020-04-24 09:09:34,251 [pool-85-thread-1] INFO  server.RaftServerConfigKeys (ConfUtils.java:logGet(44)) - raft.server.log.statemachine.data.caching.enabled = true (custom)
2020-04-24 09:09:34,252 [pool-85-thread-1] INFO  segmented.SegmentedRaftLogWorker (SegmentedRaftLogWorker.java:lambda$new$0(129)) - a79ca38e-dc5f-4a68-b291-7d46d54031f2@group-455FD326DA39-SegmentedRaftLogWorker: flushIndex: setUnconditionally 0 -> -1
2020-04-24 09:09:34,256 [pool-85-thread-1] INFO  server.RaftServerConfigKeys (ConfUtils.java:logGet(44)) - raft.server.snapshot.auto.trigger.enabled = true (custom)
2020-04-24 09:09:34,256 [pool-85-thread-1] INFO  server.RaftServerConfigKeys (ConfUtils.java:logGet(44)) - raft.server.snapshot.auto.trigger.threshold = 10000 (custom)
2020-04-24 09:09:34,257 [pool-85-thread-1] INFO  server.RaftServerConfigKeys (ConfUtils.java:logGet(44)) - raft.server.snapshot.retention.file.num = 5 (custom)
2020-04-24 09:09:34,257 [pool-85-thread-1] INFO  server.RaftServerConfigKeys (ConfUtils.java:logGet(44)) - raft.server.retrycache.expirytime = 600000ms (custom)
2020-04-24 09:09:34,257 [pool-85-thread-1] INFO  metrics.RatisMetrics (RatisMetrics.java:lambda$create$0(39)) - Creating Metrics Registry : ratis.leader_election.a79ca38e-dc5f-4a68-b291-7d46d54031f2@group-455FD326DA39
2020-04-24 09:09:34,258 [pool-85-thread-1] INFO  metrics.RatisMetrics (RatisMetrics.java:lambda$create$0(39)) - Creating Metrics Registry : ratis.server.a79ca38e-dc5f-4a68-b291-7d46d54031f2@group-455FD326DA39
2020-04-24 09:09:34,260 [pool-85-thread-1] INFO  impl.RaftServerImpl (RaftServerImpl.java:start(183)) - a79ca38e-dc5f-4a68-b291-7d46d54031f2@group-455FD326DA39: start as a follower, conf=-1: [23210909-aab5-418a-84f3-57294aa846dd:172.17.0.2:36669, a79ca38e-dc5f-4a68-b291-7d46d54031f2:172.17.0.2:44063, 59cd1272-d47d-4ade-aa11-418e6c4da764:172.17.0.2:33839], old=null
2020-04-24 09:09:34,260 [pool-85-thread-1] INFO  impl.RaftServerImpl (RaftServerImpl.java:setRole(172)) - a79ca38e-dc5f-4a68-b291-7d46d54031f2@group-455FD326DA39: changes role from      null to FOLLOWER at term 0 for startAsFollower
2020-04-24 09:09:34,260 [pool-85-thread-1] INFO  impl.RoleInfo (RoleInfo.java:updateAndGet(143)) - a79ca38e-dc5f-4a68-b291-7d46d54031f2: start FollowerState
2020-04-24 09:09:34,261 [pool-85-thread-1] INFO  util.JmxRegister (JmxRegister.java:tryRegister(44)) - Successfully registered JMX Bean with object name Ratis:service=RaftServer,group=group-455FD326DA39,id=a79ca38e-dc5f-4a68-b291-7d46d54031f2
2020-04-24 09:09:34,261 [pool-85-thread-1] INFO  metrics.RatisMetrics (RatisMetrics.java:lambda$create$0(39)) - Creating Metrics Registry : ratis.state_machine.a79ca38e-dc5f-4a68-b291-7d46d54031f2@group-455FD326DA39
2020-04-24 09:09:34,312 [grpc-default-executor-0] INFO  impl.RaftServerProxy (RaftServerProxy.java:addNew(89)) - 23210909-aab5-418a-84f3-57294aa846dd: addNew group-455FD326DA39:[23210909-aab5-418a-84f3-57294aa846dd:172.17.0.2:36669, a79ca38e-dc5f-4a68-b291-7d46d54031f2:172.17.0.2:44063, 59cd1272-d47d-4ade-aa11-418e6c4da764:172.17.0.2:33839] returns group-455FD326DA39:java.util.concurrent.CompletableFuture@78ef7708[Not completed]
2020-04-24 09:09:34,322 [pool-100-thread-1] INFO  impl.RaftServerImpl (RaftServerImpl.java:<init>(97)) - 23210909-aab5-418a-84f3-57294aa846dd: new RaftServerImpl for group-455FD326DA39:[23210909-aab5-418a-84f3-57294aa846dd:172.17.0.2:36669, a79ca38e-dc5f-4a68-b291-7d46d54031f2:172.17.0.2:44063, 59cd1272-d47d-4ade-aa11-418e6c4da764:172.17.0.2:33839] with ContainerStateMachine:uninitialized
2020-04-24 09:09:34,323 [pool-100-thread-1] INFO  server.RaftServerConfigKeys (ConfUtils.java:logGet(44)) - raft.server.rpc.timeout.min = 5s (custom)
2020-04-24 09:09:34,323 [pool-100-thread-1] INFO  server.RaftServerConfigKeys (ConfUtils.java:logGet(44)) - raft.server.rpc.timeout.max = 5200ms (custom)
2020-04-24 09:09:34,323 [pool-100-thread-1] INFO  server.RaftServerConfigKeys (ConfUtils.java:logGet(44)) - raft.server.rpcslowness.timeout = 300s (custom)
2020-04-24 09:09:34,323 [pool-100-thread-1] INFO  server.RaftServerConfigKeys (ConfUtils.java:logGet(44)) - raft.server.sleep.deviation.threshold = 300 (default)
2020-04-24 09:09:34,323 [pool-100-thread-1] INFO  server.RaftServerConfigKeys (ConfUtils.java:logGet(44)) - raft.server.log.appender.install.snapshot.enabled = false (custom)
2020-04-24 09:09:34,323 [pool-100-thread-1] INFO  impl.RaftServerImpl (ServerState.java:<init>(103)) - 23210909-aab5-418a-84f3-57294aa846dd@group-455FD326DA39: ConfigurationManager, init=-1: [23210909-aab5-418a-84f3-57294aa846dd:172.17.0.2:36669, a79ca38e-dc5f-4a68-b291-7d46d54031f2:172.17.0.2:44063, 59cd1272-d47d-4ade-aa11-418e6c4da764:172.17.0.2:33839], old=null, confs=<EMPTY_MAP>
2020-04-24 09:09:34,323 [pool-100-thread-1] INFO  server.RaftServerConfigKeys (ConfUtils.java:logGet(44)) - raft.server.storage.dir = [/github/workspace/mnt/ozone/hadoop-ozone/integration-test/target/test-dir/MiniOzoneClusterImpl-28ce97df-7db2-4fc1-9c49-0cb63a1a27a8/datanode-2/data/ratis] (custom)
2020-04-24 09:09:34,324 [pool-100-thread-1] INFO  server.RaftServerConfigKeys (ConfUtils.java:logGet(44)) - raft.server.log.corruption.policy = EXCEPTION (default)
2020-04-24 09:09:34,324 [pool-100-thread-1] INFO  storage.RaftStorageDirectory (RaftStorageDirectory.java:analyzeStorage(253)) - The storage directory /github/workspace/mnt/ozone/hadoop-ozone/integration-test/target/test-dir/MiniOzoneClusterImpl-28ce97df-7db2-4fc1-9c49-0cb63a1a27a8/datanode-2/data/ratis/c7a8e82f-041c-47cc-b543-455fd326da39 does not exist. Creating ...
2020-04-24 09:09:34,325 [pool-100-thread-1] INFO  storage.RaftStorageDirectory (RaftStorageDirectory.java:tryLock(335)) - Lock on /github/workspace/mnt/ozone/hadoop-ozone/integration-test/target/test-dir/MiniOzoneClusterImpl-28ce97df-7db2-4fc1-9c49-0cb63a1a27a8/datanode-2/data/ratis/c7a8e82f-041c-47cc-b543-455fd326da39/in_use.lock acquired by nodename 1546@36dc976b824e
2020-04-24 09:09:34,327 [pool-100-thread-1] INFO  storage.RaftStorage (RaftStorage.java:format(84)) - Storage directory /github/workspace/mnt/ozone/hadoop-ozone/integration-test/target/test-dir/MiniOzoneClusterImpl-28ce97df-7db2-4fc1-9c49-0cb63a1a27a8/datanode-2/data/ratis/c7a8e82f-041c-47cc-b543-455fd326da39 has been successfully formatted.
2020-04-24 09:09:34,328 [pool-100-thread-1] INFO  ratis.ContainerStateMachine (ContainerStateMachine.java:loadSnapshot(226)) - group-455FD326DA39: The snapshot info is null. Setting the last applied indexto:(t:0, i:~)
2020-04-24 09:09:34,328 [pool-100-thread-1] INFO  server.RaftServerConfigKeys (ConfUtils.java:logGet(44)) - raft.server.notification.no-leader.timeout = 60s (default)
2020-04-24 09:09:34,328 [pool-100-thread-1] INFO  server.RaftServerConfigKeys (ConfUtils.java:logGet(44)) - raft.server.log.use.memory = false (default)
2020-04-24 09:09:34,334 [pool-100-thread-1] INFO  server.RaftServerConfigKeys (ConfUtils.java:logGet(44)) - raft.server.log.purge.gap = 1000000 (custom)
2020-04-24 09:09:34,334 [pool-100-thread-1] INFO  server.RaftServerConfigKeys (ConfUtils.java:logGet(44)) - raft.server.log.appender.buffer.byte-limit = 33554432 (custom)
2020-04-24 09:09:34,334 [pool-100-thread-1] INFO  server.RaftServerConfigKeys (ConfUtils.java:logGet(44)) - raft.server.log.segment.size.max = 1048576 (custom)
2020-04-24 09:09:34,334 [pool-100-thread-1] INFO  metrics.RatisMetrics (RatisMetrics.java:lambda$create$0(39)) - Creating Metrics Registry : ratis.log_worker.23210909-aab5-418a-84f3-57294aa846dd
2020-04-24 09:09:34,335 [pool-100-thread-1] INFO  server.RaftServerConfigKeys (ConfUtils.java:logGet(44)) - raft.server.log.segment.cache.num.max = 2 (custom)
2020-04-24 09:09:34,335 [pool-100-thread-1] INFO  segmented.SegmentedRaftLogWorker (SegmentedRaftLogWorker.java:<init>(176)) - new 23210909-aab5-418a-84f3-57294aa846dd@group-455FD326DA39-SegmentedRaftLogWorker for RaftStorage:Storage Directory /github/workspace/mnt/ozone/hadoop-ozone/integration-test/target/test-dir/MiniOzoneClusterImpl-28ce97df-7db2-4fc1-9c49-0cb63a1a27a8/datanode-2/data/ratis/c7a8e82f-041c-47cc-b543-455fd326da39
2020-04-24 09:09:34,335 [pool-100-thread-1] INFO  server.RaftServerConfigKeys (ConfUtils.java:logGet(44)) - raft.server.log.queue.byte-limit = 2147483647 (custom)
2020-04-24 09:09:34,335 [pool-100-thread-1] INFO  server.RaftServerConfigKeys (ConfUtils.java:logGet(44)) - raft.server.log.queue.element-limit = 1024 (custom)
2020-04-24 09:09:34,335 [pool-100-thread-1] INFO  server.RaftServerConfigKeys (ConfUtils.java:logGet(44)) - raft.server.log.segment.size.max = 1048576 (custom)
2020-04-24 09:09:34,335 [pool-100-thread-1] INFO  server.RaftServerConfigKeys (ConfUtils.java:logGet(44)) - raft.server.log.preallocated.size = 16384 (custom)
2020-04-24 09:09:34,336 [pool-100-thread-1] INFO  server.RaftServerConfigKeys (ConfUtils.java:logGet(44)) - raft.server.log.write.buffer.size = 1048576 (custom)
2020-04-24 09:09:34,336 [pool-100-thread-1] INFO  server.RaftServerConfigKeys (ConfUtils.java:logGet(44)) - raft.server.log.force.sync.num = 128 (default)
2020-04-24 09:09:34,336 [pool-100-thread-1] INFO  server.RaftServerConfigKeys (ConfUtils.java:logGet(44)) - raft.server.log.statemachine.data.sync = true (default)
2020-04-24 09:09:34,336 [pool-100-thread-1] INFO  server.RaftServerConfigKeys (ConfUtils.java:logGet(44)) - raft.server.log.statemachine.data.sync.timeout = 10s (default)
2020-04-24 09:09:34,336 [pool-100-thread-1] INFO  server.RaftServerConfigKeys (ConfUtils.java:logGet(44)) - raft.server.log.statemachine.data.sync.timeout.retry = -1 (default)
2020-04-24 09:09:34,339 [pool-100-thread-1] INFO  server.RaftServerConfigKeys (ConfUtils.java:logGet(44)) - raft.server.log.statemachine.data.caching.enabled = true (custom)
2020-04-24 09:09:34,339 [pool-100-thread-1] INFO  segmented.SegmentedRaftLogWorker (SegmentedRaftLogWorker.java:lambda$new$0(129)) - 23210909-aab5-418a-84f3-57294aa846dd@group-455FD326DA39-SegmentedRaftLogWorker: flushIndex: setUnconditionally 0 -> -1
2020-04-24 09:09:34,339 [pool-100-thread-1] INFO  server.RaftServerConfigKeys (ConfUtils.java:logGet(44)) - raft.server.snapshot.auto.trigger.enabled = true (custom)
2020-04-24 09:09:34,339 [pool-100-thread-1] INFO  server.RaftServerConfigKeys (ConfUtils.java:logGet(44)) - raft.server.snapshot.auto.trigger.threshold = 10000 (custom)
2020-04-24 09:09:34,339 [pool-100-thread-1] INFO  server.RaftServerConfigKeys (ConfUtils.java:logGet(44)) - raft.server.snapshot.retention.file.num = 5 (custom)
2020-04-24 09:09:34,340 [pool-100-thread-1] INFO  server.RaftServerConfigKeys (ConfUtils.java:logGet(44)) - raft.server.retrycache.expirytime = 600000ms (custom)
2020-04-24 09:09:34,340 [pool-100-thread-1] INFO  metrics.RatisMetrics (RatisMetrics.java:lambda$create$0(39)) - Creating Metrics Registry : ratis.leader_election.23210909-aab5-418a-84f3-57294aa846dd@group-455FD326DA39
2020-04-24 09:09:34,341 [pool-100-thread-1] INFO  metrics.RatisMetrics (RatisMetrics.java:lambda$create$0(39)) - Creating Metrics Registry : ratis.server.23210909-aab5-418a-84f3-57294aa846dd@group-455FD326DA39
2020-04-24 09:09:34,344 [pool-100-thread-1] INFO  impl.RaftServerImpl (RaftServerImpl.java:start(183)) - 23210909-aab5-418a-84f3-57294aa846dd@group-455FD326DA39: start as a follower, conf=-1: [23210909-aab5-418a-84f3-57294aa846dd:172.17.0.2:36669, a79ca38e-dc5f-4a68-b291-7d46d54031f2:172.17.0.2:44063, 59cd1272-d47d-4ade-aa11-418e6c4da764:172.17.0.2:33839], old=null
2020-04-24 09:09:34,345 [pool-100-thread-1] INFO  impl.RaftServerImpl (RaftServerImpl.java:setRole(172)) - 23210909-aab5-418a-84f3-57294aa846dd@group-455FD326DA39: changes role from      null to FOLLOWER at term 0 for startAsFollower
2020-04-24 09:09:34,345 [pool-100-thread-1] INFO  impl.RoleInfo (RoleInfo.java:updateAndGet(143)) - 23210909-aab5-418a-84f3-57294aa846dd: start FollowerState
2020-04-24 09:09:34,345 [pool-100-thread-1] INFO  util.JmxRegister (JmxRegister.java:tryRegister(44)) - Successfully registered JMX Bean with object name Ratis:service=RaftServer,group=group-455FD326DA39,id=23210909-aab5-418a-84f3-57294aa846dd
2020-04-24 09:09:34,345 [pool-100-thread-1] INFO  metrics.RatisMetrics (RatisMetrics.java:lambda$create$0(39)) - Creating Metrics Registry : ratis.state_machine.23210909-aab5-418a-84f3-57294aa846dd@group-455FD326DA39
2020-04-24 09:09:34,354 [Command processor thread] INFO  commandhandler.CreatePipelineCommandHandler (CreatePipelineCommandHandler.java:handle(109)) - Created Pipeline RATIS THREE #id: "c7a8e82f-041c-47cc-b543-455fd326da39"
.
2020-04-24 09:09:34,486 [Command processor thread] INFO  impl.RaftServerProxy (RaftServerProxy.java:addNew(89)) - a79ca38e-dc5f-4a68-b291-7d46d54031f2: addNew group-177B4684B395:[a79ca38e-dc5f-4a68-b291-7d46d54031f2:172.17.0.2:44063] returns group-177B4684B395:java.util.concurrent.CompletableFuture@350a612f[Not completed]
2020-04-24 09:09:34,488 [pool-85-thread-1] INFO  impl.RaftServerImpl (RaftServerImpl.java:<init>(97)) - a79ca38e-dc5f-4a68-b291-7d46d54031f2: new RaftServerImpl for group-177B4684B395:[a79ca38e-dc5f-4a68-b291-7d46d54031f2:172.17.0.2:44063] with ContainerStateMachine:uninitialized
2020-04-24 09:09:34,488 [pool-85-thread-1] INFO  server.RaftServerConfigKeys (ConfUtils.java:logGet(44)) - raft.server.rpc.timeout.min = 5s (custom)
2020-04-24 09:09:34,488 [pool-85-thread-1] INFO  server.RaftServerConfigKeys (ConfUtils.java:logGet(44)) - raft.server.rpc.timeout.max = 5200ms (custom)
2020-04-24 09:09:34,488 [pool-85-thread-1] INFO  server.RaftServerConfigKeys (ConfUtils.java:logGet(44)) - raft.server.rpcslowness.timeout = 300s (custom)
2020-04-24 09:09:34,488 [pool-85-thread-1] INFO  server.RaftServerConfigKeys (ConfUtils.java:logGet(44)) - raft.server.sleep.deviation.threshold = 300 (default)
2020-04-24 09:09:34,489 [pool-85-thread-1] INFO  server.RaftServerConfigKeys (ConfUtils.java:logGet(44)) - raft.server.log.appender.install.snapshot.enabled = false (custom)
2020-04-24 09:09:34,489 [pool-85-thread-1] INFO  impl.RaftServerImpl (ServerState.java:<init>(103)) - a79ca38e-dc5f-4a68-b291-7d46d54031f2@group-177B4684B395: ConfigurationManager, init=-1: [a79ca38e-dc5f-4a68-b291-7d46d54031f2:172.17.0.2:44063], old=null, confs=<EMPTY_MAP>
2020-04-24 09:09:34,489 [pool-85-thread-1] INFO  server.RaftServerConfigKeys (ConfUtils.java:logGet(44)) - raft.server.storage.dir = [/github/workspace/mnt/ozone/hadoop-ozone/integration-test/target/test-dir/MiniOzoneClusterImpl-28ce97df-7db2-4fc1-9c49-0cb63a1a27a8/datanode-1/data/ratis] (custom)
2020-04-24 09:09:34,489 [pool-85-thread-1] INFO  server.RaftServerConfigKeys (ConfUtils.java:logGet(44)) - raft.server.log.corruption.policy = EXCEPTION (default)
2020-04-24 09:09:34,489 [pool-85-thread-1] INFO  storage.RaftStorageDirectory (RaftStorageDirectory.java:analyzeStorage(253)) - The storage directory /github/workspace/mnt/ozone/hadoop-ozone/integration-test/target/test-dir/MiniOzoneClusterImpl-28ce97df-7db2-4fc1-9c49-0cb63a1a27a8/datanode-1/data/ratis/1c32087b-de66-4216-9824-177b4684b395 does not exist. Creating ...
2020-04-24 09:09:34,491 [pool-85-thread-1] INFO  storage.RaftStorageDirectory (RaftStorageDirectory.java:tryLock(335)) - Lock on /github/workspace/mnt/ozone/hadoop-ozone/integration-test/target/test-dir/MiniOzoneClusterImpl-28ce97df-7db2-4fc1-9c49-0cb63a1a27a8/datanode-1/data/ratis/1c32087b-de66-4216-9824-177b4684b395/in_use.lock acquired by nodename 1546@36dc976b824e
2020-04-24 09:09:34,492 [pool-85-thread-1] INFO  storage.RaftStorage (RaftStorage.java:format(84)) - Storage directory /github/workspace/mnt/ozone/hadoop-ozone/integration-test/target/test-dir/MiniOzoneClusterImpl-28ce97df-7db2-4fc1-9c49-0cb63a1a27a8/datanode-1/data/ratis/1c32087b-de66-4216-9824-177b4684b395 has been successfully formatted.
2020-04-24 09:09:34,494 [pool-85-thread-1] INFO  ratis.ContainerStateMachine (ContainerStateMachine.java:loadSnapshot(226)) - group-177B4684B395: The snapshot info is null. Setting the last applied indexto:(t:0, i:~)
2020-04-24 09:09:34,494 [pool-85-thread-1] INFO  server.RaftServerConfigKeys (ConfUtils.java:logGet(44)) - raft.server.notification.no-leader.timeout = 60s (default)
2020-04-24 09:09:34,494 [pool-85-thread-1] INFO  server.RaftServerConfigKeys (ConfUtils.java:logGet(44)) - raft.server.log.use.memory = false (default)
2020-04-24 09:09:34,494 [pool-85-thread-1] INFO  server.RaftServerConfigKeys (ConfUtils.java:logGet(44)) - raft.server.log.purge.gap = 1000000 (custom)
2020-04-24 09:09:34,495 [pool-85-thread-1] INFO  server.RaftServerConfigKeys (ConfUtils.java:logGet(44)) - raft.server.log.appender.buffer.byte-limit = 33554432 (custom)
2020-04-24 09:09:34,495 [pool-85-thread-1] INFO  server.RaftServerConfigKeys (ConfUtils.java:logGet(44)) - raft.server.log.segment.size.max = 1048576 (custom)
2020-04-24 09:09:34,495 [pool-85-thread-1] INFO  server.RaftServerConfigKeys (ConfUtils.java:logGet(44)) - raft.server.log.segment.cache.num.max = 2 (custom)
2020-04-24 09:09:34,495 [EventQueue-PipelineReportForPipelineReportHandler] INFO  pipeline.PipelineStateManager (PipelineStateManager.java:openPipeline(131)) - Pipeline Pipeline[ Id: 1c32087b-de66-4216-9824-177b4684b395, Nodes: a79ca38e-dc5f-4a68-b291-7d46d54031f2{ip: 172.17.0.2, host: 36dc976b824e, networkLocation: /default-rack, certSerialId: null}, Type:RATIS, Factor:ONE, State:ALLOCATED, leaderId:a79ca38e-dc5f-4a68-b291-7d46d54031f2, CreationTimestamp2020-04-24T09:09:31.490Z] moved to OPEN state
2020-04-24 09:09:34,495 [EventQueue-OpenPipelineForOneReplicaPipelineSafeModeRule] INFO  safemode.SCMSafeModeManager (SCMSafeModeManager.java:validateSafeModeExitRules(183)) - AtleastOneDatanodeReportedRule rule is successfully validated
2020-04-24 09:09:34,495 [EventQueue-OpenPipelineForHealthyPipelineSafeModeRule] INFO  safemode.SCMSafeModeManager (HealthyPipelineSafeModeRule.java:process(132)) - SCM in safe mode. Healthy pipelines reported count is 0, required healthy pipeline reported count is 1
2020-04-24 09:09:34,495 [pool-85-thread-1] INFO  segmented.SegmentedRaftLogWorker (SegmentedRaftLogWorker.java:<init>(176)) - new a79ca38e-dc5f-4a68-b291-7d46d54031f2@group-177B4684B395-SegmentedRaftLogWorker for RaftStorage:Storage Directory /github/workspace/mnt/ozone/hadoop-ozone/integration-test/target/test-dir/MiniOzoneClusterImpl-28ce97df-7db2-4fc1-9c49-0cb63a1a27a8/datanode-1/data/ratis/1c32087b-de66-4216-9824-177b4684b395
2020-04-24 09:09:34,496 [pool-85-thread-1] INFO  server.RaftServerConfigKeys (ConfUtils.java:logGet(44)) - raft.server.log.queue.byte-limit = 2147483647 (custom)
2020-04-24 09:09:34,496 [pool-85-thread-1] INFO  server.RaftServerConfigKeys (ConfUtils.java:logGet(44)) - raft.server.log.queue.element-limit = 1024 (custom)
2020-04-24 09:09:34,497 [pool-85-thread-1] INFO  server.RaftServerConfigKeys (ConfUtils.java:logGet(44)) - raft.server.log.segment.size.max = 1048576 (custom)
2020-04-24 09:09:34,497 [pool-85-thread-1] INFO  server.RaftServerConfigKeys (ConfUtils.java:logGet(44)) - raft.server.log.preallocated.size = 16384 (custom)
2020-04-24 09:09:34,497 [pool-85-thread-1] INFO  server.RaftServerConfigKeys (ConfUtils.java:logGet(44)) - raft.server.log.write.buffer.size = 1048576 (custom)
2020-04-24 09:09:34,497 [pool-85-thread-1] INFO  server.RaftServerConfigKeys (ConfUtils.java:logGet(44)) - raft.server.log.force.sync.num = 128 (default)
2020-04-24 09:09:34,497 [pool-85-thread-1] INFO  server.RaftServerConfigKeys (ConfUtils.java:logGet(44)) - raft.server.log.statemachine.data.sync = true (default)
2020-04-24 09:09:34,497 [pool-85-thread-1] INFO  server.RaftServerConfigKeys (ConfUtils.java:logGet(44)) - raft.server.log.statemachine.data.sync.timeout = 10s (default)
2020-04-24 09:09:34,497 [pool-85-thread-1] INFO  server.RaftServerConfigKeys (ConfUtils.java:logGet(44)) - raft.server.log.statemachine.data.sync.timeout.retry = -1 (default)
2020-04-24 09:09:34,498 [pool-85-thread-1] INFO  server.RaftServerConfigKeys (ConfUtils.java:logGet(44)) - raft.server.log.statemachine.data.caching.enabled = true (custom)
2020-04-24 09:09:34,498 [pool-85-thread-1] INFO  segmented.SegmentedRaftLogWorker (SegmentedRaftLogWorker.java:lambda$new$0(129)) - a79ca38e-dc5f-4a68-b291-7d46d54031f2@group-177B4684B395-SegmentedRaftLogWorker: flushIndex: setUnconditionally 0 -> -1
2020-04-24 09:09:34,499 [pool-85-thread-1] INFO  server.RaftServerConfigKeys (ConfUtils.java:logGet(44)) - raft.server.snapshot.auto.trigger.enabled = true (custom)
2020-04-24 09:09:34,499 [pool-85-thread-1] INFO  server.RaftServerConfigKeys (ConfUtils.java:logGet(44)) - raft.server.snapshot.auto.trigger.threshold = 10000 (custom)
2020-04-24 09:09:34,499 [pool-85-thread-1] INFO  server.RaftServerConfigKeys (ConfUtils.java:logGet(44)) - raft.server.snapshot.retention.file.num = 5 (custom)
2020-04-24 09:09:34,500 [pool-85-thread-1] INFO  server.RaftServerConfigKeys (ConfUtils.java:logGet(44)) - raft.server.retrycache.expirytime = 600000ms (custom)
2020-04-24 09:09:34,500 [pool-85-thread-1] INFO  metrics.RatisMetrics (RatisMetrics.java:lambda$create$0(39)) - Creating Metrics Registry : ratis.leader_election.a79ca38e-dc5f-4a68-b291-7d46d54031f2@group-177B4684B395
2020-04-24 09:09:34,500 [pool-85-thread-1] INFO  metrics.RatisMetrics (RatisMetrics.java:lambda$create$0(39)) - Creating Metrics Registry : ratis.server.a79ca38e-dc5f-4a68-b291-7d46d54031f2@group-177B4684B395
2020-04-24 09:09:34,502 [pool-85-thread-1] INFO  impl.RaftServerImpl (RaftServerImpl.java:start(183)) - a79ca38e-dc5f-4a68-b291-7d46d54031f2@group-177B4684B395: start as a follower, conf=-1: [a79ca38e-dc5f-4a68-b291-7d46d54031f2:172.17.0.2:44063], old=null
2020-04-24 09:09:34,502 [pool-85-thread-1] INFO  impl.RaftServerImpl (RaftServerImpl.java:setRole(172)) - a79ca38e-dc5f-4a68-b291-7d46d54031f2@group-177B4684B395: changes role from      null to FOLLOWER at term 0 for startAsFollower
2020-04-24 09:09:34,502 [pool-85-thread-1] INFO  impl.RoleInfo (RoleInfo.java:updateAndGet(143)) - a79ca38e-dc5f-4a68-b291-7d46d54031f2: start FollowerState
2020-04-24 09:09:34,503 [pool-85-thread-1] INFO  util.JmxRegister (JmxRegister.java:tryRegister(44)) - Successfully registered JMX Bean with object name Ratis:service=RaftServer,group=group-177B4684B395,id=a79ca38e-dc5f-4a68-b291-7d46d54031f2
2020-04-24 09:09:34,504 [pool-85-thread-1] INFO  metrics.RatisMetrics (RatisMetrics.java:lambda$create$0(39)) - Creating Metrics Registry : ratis.state_machine.a79ca38e-dc5f-4a68-b291-7d46d54031f2@group-177B4684B395
2020-04-24 09:09:34,505 [Command processor thread] INFO  commandhandler.CreatePipelineCommandHandler (CreatePipelineCommandHandler.java:handle(109)) - Created Pipeline RATIS ONE #id: "1c32087b-de66-4216-9824-177b4684b395"
.
2020-04-24 09:09:34,621 [main] INFO  ozone.MiniOzoneClusterImpl (MiniOzoneClusterImpl.java:lambda$waitForClusterToBeReady$0(177)) - Nodes are ready. Got 3 of 3 DN Heartbeats.
2020-04-24 09:09:34,622 [main] INFO  ozone.MiniOzoneClusterImpl (MiniOzoneClusterImpl.java:lambda$waitForClusterToBeReady$0(180)) - Waiting for cluster to exit safe mode
2020-04-24 09:09:34,645 [Command processor thread] INFO  impl.RaftServerProxy (RaftServerProxy.java:addNew(89)) - 23210909-aab5-418a-84f3-57294aa846dd: addNew group-FA68B82545FB:[23210909-aab5-418a-84f3-57294aa846dd:172.17.0.2:36669] returns group-FA68B82545FB:java.util.concurrent.CompletableFuture@257213d2[Not completed]
2020-04-24 09:09:34,646 [pool-100-thread-1] INFO  impl.RaftServerImpl (RaftServerImpl.java:<init>(97)) - 23210909-aab5-418a-84f3-57294aa846dd: new RaftServerImpl for group-FA68B82545FB:[23210909-aab5-418a-84f3-57294aa846dd:172.17.0.2:36669] with ContainerStateMachine:uninitialized
2020-04-24 09:09:34,646 [pool-100-thread-1] INFO  server.RaftServerConfigKeys (ConfUtils.java:logGet(44)) - raft.server.rpc.timeout.min = 5s (custom)
2020-04-24 09:09:34,647 [pool-100-thread-1] INFO  server.RaftServerConfigKeys (ConfUtils.java:logGet(44)) - raft.server.rpc.timeout.max = 5200ms (custom)
2020-04-24 09:09:34,647 [pool-100-thread-1] INFO  server.RaftServerConfigKeys (ConfUtils.java:logGet(44)) - raft.server.rpcslowness.timeout = 300s (custom)
2020-04-24 09:09:34,647 [pool-100-thread-1] INFO  server.RaftServerConfigKeys (ConfUtils.java:logGet(44)) - raft.server.sleep.deviation.threshold = 300 (default)
2020-04-24 09:09:34,647 [pool-100-thread-1] INFO  server.RaftServerConfigKeys (ConfUtils.java:logGet(44)) - raft.server.log.appender.install.snapshot.enabled = false (custom)
2020-04-24 09:09:34,647 [pool-100-thread-1] INFO  impl.RaftServerImpl (ServerState.java:<init>(103)) - 23210909-aab5-418a-84f3-57294aa846dd@group-FA68B82545FB: ConfigurationManager, init=-1: [23210909-aab5-418a-84f3-57294aa846dd:172.17.0.2:36669], old=null, confs=<EMPTY_MAP>
2020-04-24 09:09:34,647 [pool-100-thread-1] INFO  server.RaftServerConfigKeys (ConfUtils.java:logGet(44)) - raft.server.storage.dir = [/github/workspace/mnt/ozone/hadoop-ozone/integration-test/target/test-dir/MiniOzoneClusterImpl-28ce97df-7db2-4fc1-9c49-0cb63a1a27a8/datanode-2/data/ratis] (custom)
2020-04-24 09:09:34,647 [pool-100-thread-1] INFO  server.RaftServerConfigKeys (ConfUtils.java:logGet(44)) - raft.server.log.corruption.policy = EXCEPTION (default)
2020-04-24 09:09:34,648 [pool-100-thread-1] INFO  storage.RaftStorageDirectory (RaftStorageDirectory.java:analyzeStorage(253)) - The storage directory /github/workspace/mnt/ozone/hadoop-ozone/integration-test/target/test-dir/MiniOzoneClusterImpl-28ce97df-7db2-4fc1-9c49-0cb63a1a27a8/datanode-2/data/ratis/7e5657cd-6a2e-4b5f-974b-fa68b82545fb does not exist. Creating ...
2020-04-24 09:09:34,651 [pool-100-thread-1] INFO  storage.RaftStorageDirectory (RaftStorageDirectory.java:tryLock(335)) - Lock on /github/workspace/mnt/ozone/hadoop-ozone/integration-test/target/test-dir/MiniOzoneClusterImpl-28ce97df-7db2-4fc1-9c49-0cb63a1a27a8/datanode-2/data/ratis/7e5657cd-6a2e-4b5f-974b-fa68b82545fb/in_use.lock acquired by nodename 1546@36dc976b824e
2020-04-24 09:09:34,652 [pool-100-thread-1] INFO  storage.RaftStorage (RaftStorage.java:format(84)) - Storage directory /github/workspace/mnt/ozone/hadoop-ozone/integration-test/target/test-dir/MiniOzoneClusterImpl-28ce97df-7db2-4fc1-9c49-0cb63a1a27a8/datanode-2/data/ratis/7e5657cd-6a2e-4b5f-974b-fa68b82545fb has been successfully formatted.
2020-04-24 09:09:34,653 [pool-100-thread-1] INFO  ratis.ContainerStateMachine (ContainerStateMachine.java:loadSnapshot(226)) - group-FA68B82545FB: The snapshot info is null. Setting the last applied indexto:(t:0, i:~)
2020-04-24 09:09:34,653 [pool-100-thread-1] INFO  server.RaftServerConfigKeys (ConfUtils.java:logGet(44)) - raft.server.notification.no-leader.timeout = 60s (default)
2020-04-24 09:09:34,653 [pool-100-thread-1] INFO  server.RaftServerConfigKeys (ConfUtils.java:logGet(44)) - raft.server.log.use.memory = false (default)
2020-04-24 09:09:34,653 [pool-100-thread-1] INFO  server.RaftServerConfigKeys (ConfUtils.java:logGet(44)) - raft.server.log.purge.gap = 1000000 (custom)
2020-04-24 09:09:34,656 [EventQueue-PipelineReportForPipelineReportHandler] INFO  pipeline.PipelineStateManager (PipelineStateManager.java:openPipeline(131)) - Pipeline Pipeline[ Id: 7e5657cd-6a2e-4b5f-974b-fa68b82545fb, Nodes: 23210909-aab5-418a-84f3-57294aa846dd{ip: 172.17.0.2, host: 36dc976b824e, networkLocation: /default-rack, certSerialId: null}, Type:RATIS, Factor:ONE, State:ALLOCATED, leaderId:23210909-aab5-418a-84f3-57294aa846dd, CreationTimestamp2020-04-24T09:09:31.649Z] moved to OPEN state
2020-04-24 09:09:34,658 [EventQueue-OpenPipelineForOneReplicaPipelineSafeModeRule] INFO  safemode.SCMSafeModeManager (SCMSafeModeManager.java:validateSafeModeExitRules(183)) - AtleastOneDatanodeReportedRule rule is successfully validated
2020-04-24 09:09:34,658 [EventQueue-OpenPipelineForHealthyPipelineSafeModeRule] INFO  safemode.SCMSafeModeManager (HealthyPipelineSafeModeRule.java:process(132)) - SCM in safe mode. Healthy pipelines reported count is 0, required healthy pipeline reported count is 1
2020-04-24 09:09:34,658 [pool-100-thread-1] INFO  server.RaftServerConfigKeys (ConfUtils.java:logGet(44)) - raft.server.log.appender.buffer.byte-limit = 33554432 (custom)
2020-04-24 09:09:34,658 [pool-100-thread-1] INFO  server.RaftServerConfigKeys (ConfUtils.java:logGet(44)) - raft.server.log.segment.size.max = 1048576 (custom)
2020-04-24 09:09:34,658 [pool-100-thread-1] INFO  server.RaftServerConfigKeys (ConfUtils.java:logGet(44)) - raft.server.log.segment.cache.num.max = 2 (custom)
2020-04-24 09:09:34,659 [pool-100-thread-1] INFO  segmented.SegmentedRaftLogWorker (SegmentedRaftLogWorker.java:<init>(176)) - new 23210909-aab5-418a-84f3-57294aa846dd@group-FA68B82545FB-SegmentedRaftLogWorker for RaftStorage:Storage Directory /github/workspace/mnt/ozone/hadoop-ozone/integration-test/target/test-dir/MiniOzoneClusterImpl-28ce97df-7db2-4fc1-9c49-0cb63a1a27a8/datanode-2/data/ratis/7e5657cd-6a2e-4b5f-974b-fa68b82545fb
2020-04-24 09:09:34,659 [pool-100-thread-1] INFO  server.RaftServerConfigKeys (ConfUtils.java:logGet(44)) - raft.server.log.queue.byte-limit = 2147483647 (custom)
2020-04-24 09:09:34,659 [pool-100-thread-1] INFO  server.RaftServerConfigKeys (ConfUtils.java:logGet(44)) - raft.server.log.queue.element-limit = 1024 (custom)
2020-04-24 09:09:34,659 [pool-100-thread-1] INFO  server.RaftServerConfigKeys (ConfUtils.java:logGet(44)) - raft.server.log.segment.size.max = 1048576 (custom)
2020-04-24 09:09:34,659 [pool-100-thread-1] INFO  server.RaftServerConfigKeys (ConfUtils.java:logGet(44)) - raft.server.log.preallocated.size = 16384 (custom)
2020-04-24 09:09:34,659 [pool-100-thread-1] INFO  server.RaftServerConfigKeys (ConfUtils.java:logGet(44)) - raft.server.log.write.buffer.size = 1048576 (custom)
2020-04-24 09:09:34,659 [pool-100-thread-1] INFO  server.RaftServerConfigKeys (ConfUtils.java:logGet(44)) - raft.server.log.force.sync.num = 128 (default)
2020-04-24 09:09:34,660 [pool-100-thread-1] INFO  server.RaftServerConfigKeys (ConfUtils.java:logGet(44)) - raft.server.log.statemachine.data.sync = true (default)
2020-04-24 09:09:34,660 [pool-100-thread-1] INFO  server.RaftServerConfigKeys (ConfUtils.java:logGet(44)) - raft.server.log.statemachine.data.sync.timeout = 10s (default)
2020-04-24 09:09:34,660 [pool-100-thread-1] INFO  server.RaftServerConfigKeys (ConfUtils.java:logGet(44)) - raft.server.log.statemachine.data.sync.timeout.retry = -1 (default)
2020-04-24 09:09:34,661 [pool-100-thread-1] INFO  server.RaftServerConfigKeys (ConfUtils.java:logGet(44)) - raft.server.log.statemachine.data.caching.enabled = true (custom)
2020-04-24 09:09:34,661 [pool-100-thread-1] INFO  segmented.SegmentedRaftLogWorker (SegmentedRaftLogWorker.java:lambda$new$0(129)) - 23210909-aab5-418a-84f3-57294aa846dd@group-FA68B82545FB-SegmentedRaftLogWorker: flushIndex: setUnconditionally 0 -> -1
2020-04-24 09:09:34,662 [pool-100-thread-1] INFO  server.RaftServerConfigKeys (ConfUtils.java:logGet(44)) - raft.server.snapshot.auto.trigger.enabled = true (custom)
2020-04-24 09:09:34,662 [pool-100-thread-1] INFO  server.RaftServerConfigKeys (ConfUtils.java:logGet(44)) - raft.server.snapshot.auto.trigger.threshold = 10000 (custom)
2020-04-24 09:09:34,662 [pool-100-thread-1] INFO  server.RaftServerConfigKeys (ConfUtils.java:logGet(44)) - raft.server.snapshot.retention.file.num = 5 (custom)
2020-04-24 09:09:34,663 [pool-100-thread-1] INFO  server.RaftServerConfigKeys (ConfUtils.java:logGet(44)) - raft.server.retrycache.expirytime = 600000ms (custom)
2020-04-24 09:09:34,663 [pool-100-thread-1] INFO  metrics.RatisMetrics (RatisMetrics.java:lambda$create$0(39)) - Creating Metrics Registry : ratis.leader_election.23210909-aab5-418a-84f3-57294aa846dd@group-FA68B82545FB
2020-04-24 09:09:34,663 [pool-100-thread-1] INFO  metrics.RatisMetrics (RatisMetrics.java:lambda$create$0(39)) - Creating Metrics Registry : ratis.server.23210909-aab5-418a-84f3-57294aa846dd@group-FA68B82545FB
2020-04-24 09:09:34,665 [pool-100-thread-1] INFO  impl.RaftServerImpl (RaftServerImpl.java:start(183)) - 23210909-aab5-418a-84f3-57294aa846dd@group-FA68B82545FB: start as a follower, conf=-1: [23210909-aab5-418a-84f3-57294aa846dd:172.17.0.2:36669], old=null
2020-04-24 09:09:34,665 [pool-100-thread-1] INFO  impl.RaftServerImpl (RaftServerImpl.java:setRole(172)) - 23210909-aab5-418a-84f3-57294aa846dd@group-FA68B82545FB: changes role from      null to FOLLOWER at term 0 for startAsFollower
2020-04-24 09:09:34,665 [pool-100-thread-1] INFO  impl.RoleInfo (RoleInfo.java:updateAndGet(143)) - 23210909-aab5-418a-84f3-57294aa846dd: start FollowerState
2020-04-24 09:09:34,665 [pool-100-thread-1] INFO  util.JmxRegister (JmxRegister.java:tryRegister(44)) - Successfully registered JMX Bean with object name Ratis:service=RaftServer,group=group-FA68B82545FB,id=23210909-aab5-418a-84f3-57294aa846dd
2020-04-24 09:09:34,665 [pool-100-thread-1] INFO  metrics.RatisMetrics (RatisMetrics.java:lambda$create$0(39)) - Creating Metrics Registry : ratis.state_machine.23210909-aab5-418a-84f3-57294aa846dd@group-FA68B82545FB
2020-04-24 09:09:34,667 [Command processor thread] INFO  commandhandler.CreatePipelineCommandHandler (CreatePipelineCommandHandler.java:handle(109)) - Created Pipeline RATIS ONE #id: "7e5657cd-6a2e-4b5f-974b-fa68b82545fb"
.
2020-04-24 09:09:35,622 [main] INFO  ozone.MiniOzoneClusterImpl (MiniOzoneClusterImpl.java:lambda$waitForClusterToBeReady$0(177)) - Nodes are ready. Got 3 of 3 DN Heartbeats.
2020-04-24 09:09:35,622 [main] INFO  ozone.MiniOzoneClusterImpl (MiniOzoneClusterImpl.java:lambda$waitForClusterToBeReady$0(180)) - Waiting for cluster to exit safe mode
2020-04-24 09:09:36,623 [main] INFO  ozone.MiniOzoneClusterImpl (MiniOzoneClusterImpl.java:lambda$waitForClusterToBeReady$0(177)) - Nodes are ready. Got 3 of 3 DN Heartbeats.
2020-04-24 09:09:36,623 [main] INFO  ozone.MiniOzoneClusterImpl (MiniOzoneClusterImpl.java:lambda$waitForClusterToBeReady$0(180)) - Waiting for cluster to exit safe mode
2020-04-24 09:09:37,623 [main] INFO  ozone.MiniOzoneClusterImpl (MiniOzoneClusterImpl.java:lambda$waitForClusterToBeReady$0(177)) - Nodes are ready. Got 3 of 3 DN Heartbeats.
2020-04-24 09:09:37,623 [main] INFO  ozone.MiniOzoneClusterImpl (MiniOzoneClusterImpl.java:lambda$waitForClusterToBeReady$0(180)) - Waiting for cluster to exit safe mode
2020-04-24 09:09:38,624 [main] INFO  ozone.MiniOzoneClusterImpl (MiniOzoneClusterImpl.java:lambda$waitForClusterToBeReady$0(177)) - Nodes are ready. Got 3 of 3 DN Heartbeats.
2020-04-24 09:09:38,624 [main] INFO  ozone.MiniOzoneClusterImpl (MiniOzoneClusterImpl.java:lambda$waitForClusterToBeReady$0(180)) - Waiting for cluster to exit safe mode
2020-04-24 09:09:39,233 [Thread-306] INFO  impl.FollowerState (FollowerState.java:run(108)) - 59cd1272-d47d-4ade-aa11-418e6c4da764@group-455FD326DA39-FollowerState: change to CANDIDATE, lastRpcTime:5053ms, electionTimeout:5051ms
2020-04-24 09:09:39,233 [Thread-306] INFO  impl.RoleInfo (RoleInfo.java:shutdownFollowerState(121)) - 59cd1272-d47d-4ade-aa11-418e6c4da764: shutdown FollowerState
2020-04-24 09:09:39,233 [Thread-306] INFO  impl.RaftServerImpl (RaftServerImpl.java:setRole(172)) - 59cd1272-d47d-4ade-aa11-418e6c4da764@group-455FD326DA39: changes role from  FOLLOWER to CANDIDATE at term 0 for changeToCandidate
2020-04-24 09:09:39,233 [Thread-306] INFO  impl.RoleInfo (RoleInfo.java:updateAndGet(143)) - 59cd1272-d47d-4ade-aa11-418e6c4da764: start LeaderElection
2020-04-24 09:09:39,237 [59cd1272-d47d-4ade-aa11-418e6c4da764@group-455FD326DA39-LeaderElection5] INFO  impl.LeaderElection (LeaderElection.java:askForVotes(206)) - 59cd1272-d47d-4ade-aa11-418e6c4da764@group-455FD326DA39-LeaderElection5: begin an election at term 1 for -1: [23210909-aab5-418a-84f3-57294aa846dd:172.17.0.2:36669, a79ca38e-dc5f-4a68-b291-7d46d54031f2:172.17.0.2:44063, 59cd1272-d47d-4ade-aa11-418e6c4da764:172.17.0.2:33839], old=null
2020-04-24 09:09:39,250 [grpc-default-executor-5] INFO  impl.RaftServerImpl (RaftServerImpl.java:setRole(172)) - 23210909-aab5-418a-84f3-57294aa846dd@group-455FD326DA39: changes role from  FOLLOWER to FOLLOWER at term 1 for recognizeCandidate:59cd1272-d47d-4ade-aa11-418e6c4da764
2020-04-24 09:09:39,250 [grpc-default-executor-5] INFO  impl.RoleInfo (RoleInfo.java:shutdownFollowerState(121)) - 23210909-aab5-418a-84f3-57294aa846dd: shutdown FollowerState
2020-04-24 09:09:39,250 [grpc-default-executor-5] INFO  impl.RoleInfo (RoleInfo.java:updateAndGet(143)) - 23210909-aab5-418a-84f3-57294aa846dd: start FollowerState
2020-04-24 09:09:39,250 [Thread-311] INFO  impl.FollowerState (FollowerState.java:run(117)) - 23210909-aab5-418a-84f3-57294aa846dd@group-455FD326DA39-FollowerState was interrupted: java.lang.InterruptedException: sleep interrupted
2020-04-24 09:09:39,266 [59cd1272-d47d-4ade-aa11-418e6c4da764@group-455FD326DA39-LeaderElection5] INFO  impl.LeaderElection (LeaderElection.java:logAndReturn(61)) - 59cd1272-d47d-4ade-aa11-418e6c4da764@group-455FD326DA39-LeaderElection5: Election PASSED; received 1 response(s) [59cd1272-d47d-4ade-aa11-418e6c4da764<-23210909-aab5-418a-84f3-57294aa846dd#0:OK-t1] and 0 exception(s); 59cd1272-d47d-4ade-aa11-418e6c4da764@group-455FD326DA39:t1, leader=null, voted=59cd1272-d47d-4ade-aa11-418e6c4da764, raftlog=59cd1272-d47d-4ade-aa11-418e6c4da764@group-455FD326DA39-SegmentedRaftLog:OPENED:c-1,f-1,i0, conf=-1: [23210909-aab5-418a-84f3-57294aa846dd:172.17.0.2:36669, a79ca38e-dc5f-4a68-b291-7d46d54031f2:172.17.0.2:44063, 59cd1272-d47d-4ade-aa11-418e6c4da764:172.17.0.2:33839], old=null
2020-04-24 09:09:39,266 [59cd1272-d47d-4ade-aa11-418e6c4da764@group-455FD326DA39-LeaderElection5] INFO  impl.RoleInfo (RoleInfo.java:shutdownLeaderElection(134)) - 59cd1272-d47d-4ade-aa11-418e6c4da764: shutdown LeaderElection
2020-04-24 09:09:39,266 [59cd1272-d47d-4ade-aa11-418e6c4da764@group-455FD326DA39-LeaderElection5] INFO  impl.RaftServerImpl (RaftServerImpl.java:setRole(172)) - 59cd1272-d47d-4ade-aa11-418e6c4da764@group-455FD326DA39: changes role from CANDIDATE to LEADER at term 1 for changeToLeader
2020-04-24 09:09:39,266 [59cd1272-d47d-4ade-aa11-418e6c4da764@group-455FD326DA39-LeaderElection5] INFO  ratis.XceiverServerRatis (XceiverServerRatis.java:handleLeaderChangedNotification(761)) - Leader change notification received for group: group-455FD326DA39 with new leaderId: 59cd1272-d47d-4ade-aa11-418e6c4da764
2020-04-24 09:09:39,266 [59cd1272-d47d-4ade-aa11-418e6c4da764@group-455FD326DA39-LeaderElection5] INFO  impl.RaftServerImpl (ServerState.java:setLeader(255)) - 59cd1272-d47d-4ade-aa11-418e6c4da764@group-455FD326DA39: change Leader from null to 59cd1272-d47d-4ade-aa11-418e6c4da764 at term 1 for becomeLeader, leader elected after 5107ms
2020-04-24 09:09:39,266 [59cd1272-d47d-4ade-aa11-418e6c4da764@group-455FD326DA39-LeaderElection5] INFO  server.RaftServerConfigKeys (ConfUtils.java:logGet(44)) - raft.server.staging.catchup.gap = 1000 (default)
2020-04-24 09:09:39,266 [59cd1272-d47d-4ade-aa11-418e6c4da764@group-455FD326DA39-LeaderElection5] INFO  server.RaftServerConfigKeys (ConfUtils.java:logGet(44)) - raft.server.rpc.sleep.time = 25ms (default)
2020-04-24 09:09:39,267 [59cd1272-d47d-4ade-aa11-418e6c4da764@group-455FD326DA39-LeaderElection5] INFO  metrics.RatisMetrics (RatisMetrics.java:lambda$create$0(39)) - Creating Metrics Registry : ratis.log_appender.59cd1272-d47d-4ade-aa11-418e6c4da764@group-455FD326DA39
2020-04-24 09:09:39,267 [59cd1272-d47d-4ade-aa11-418e6c4da764@group-455FD326DA39-LeaderElection5] INFO  server.RaftServerConfigKeys (ConfUtils.java:logGet(44)) - raft.server.write.element-limit = 1024 (custom)
2020-04-24 09:09:39,267 [59cd1272-d47d-4ade-aa11-418e6c4da764@group-455FD326DA39-LeaderElection5] INFO  server.RaftServerConfigKeys (ConfUtils.java:logGet(44)) - raft.server.write.byte-limit = 1073741824 (custom)
2020-04-24 09:09:39,267 [59cd1272-d47d-4ade-aa11-418e6c4da764@group-455FD326DA39-LeaderElection5] INFO  server.RaftServerConfigKeys (ConfUtils.java:logGet(44)) - raft.server.watch.timeout = 180s (custom)
2020-04-24 09:09:39,267 [59cd1272-d47d-4ade-aa11-418e6c4da764@group-455FD326DA39-LeaderElection5] INFO  server.RaftServerConfigKeys (ConfUtils.java:logGet(44)) - raft.server.watch.timeout.denomination = 1s (default)
2020-04-24 09:09:39,267 [59cd1272-d47d-4ade-aa11-418e6c4da764@group-455FD326DA39-LeaderElection5] INFO  server.RaftServerConfigKeys (ConfUtils.java:logGet(44)) - raft.server.watch.element-limit = 65536 (default)
2020-04-24 09:09:39,272 [59cd1272-d47d-4ade-aa11-418e6c4da764@group-455FD326DA39-LeaderElection5] INFO  server.RaftServerConfigKeys (ConfUtils.java:logGet(44)) - raft.server.log.appender.snapshot.chunk.size.max = 16MB (=16777216) (default)
2020-04-24 09:09:39,273 [59cd1272-d47d-4ade-aa11-418e6c4da764@group-455FD326DA39-LeaderElection5] INFO  server.RaftServerConfigKeys (ConfUtils.java:logGet(44)) - raft.server.log.appender.buffer.byte-limit = 33554432 (custom)
2020-04-24 09:09:39,273 [59cd1272-d47d-4ade-aa11-418e6c4da764@group-455FD326DA39-LeaderElection5] INFO  server.RaftServerConfigKeys (ConfUtils.java:logGet(44)) - raft.server.log.appender.buffer.element-limit = 1 (custom)
2020-04-24 09:09:39,273 [59cd1272-d47d-4ade-aa11-418e6c4da764@group-455FD326DA39-LeaderElection5] INFO  grpc.GrpcConfigKeys (ConfUtils.java:logGet(44)) - raft.grpc.server.leader.outstanding.appends.max = 128 (default)
2020-04-24 09:09:39,273 [59cd1272-d47d-4ade-aa11-418e6c4da764@group-455FD326DA39-LeaderElection5] INFO  server.RaftServerConfigKeys (ConfUtils.java:logGet(44)) - raft.server.rpc.request.timeout = 60s (custom)
2020-04-24 09:09:39,274 [59cd1272-d47d-4ade-aa11-418e6c4da764@group-455FD326DA39-LeaderElection5] INFO  server.RaftServerConfigKeys (ConfUtils.java:logGet(44)) - raft.server.log.appender.install.snapshot.enabled = false (custom)
2020-04-24 09:09:39,275 [59cd1272-d47d-4ade-aa11-418e6c4da764@group-455FD326DA39-LeaderElection5] INFO  server.RaftServerConfigKeys (ConfUtils.java:logGet(44)) - raft.server.log.appender.snapshot.chunk.size.max = 16MB (=16777216) (default)
2020-04-24 09:09:39,276 [59cd1272-d47d-4ade-aa11-418e6c4da764@group-455FD326DA39-LeaderElection5] INFO  server.RaftServerConfigKeys (ConfUtils.java:logGet(44)) - raft.server.log.appender.buffer.byte-limit = 33554432 (custom)
2020-04-24 09:09:39,276 [59cd1272-d47d-4ade-aa11-418e6c4da764@group-455FD326DA39-LeaderElection5] INFO  server.RaftServerConfigKeys (ConfUtils.java:logGet(44)) - raft.server.log.appender.buffer.element-limit = 1 (custom)
2020-04-24 09:09:39,276 [59cd1272-d47d-4ade-aa11-418e6c4da764@group-455FD326DA39-LeaderElection5] INFO  grpc.GrpcConfigKeys (ConfUtils.java:logGet(44)) - raft.grpc.server.leader.outstanding.appends.max = 128 (default)
2020-04-24 09:09:39,279 [grpc-default-executor-5] INFO  impl.RaftServerImpl (RaftServerImpl.java:setRole(172)) - a79ca38e-dc5f-4a68-b291-7d46d54031f2@group-455FD326DA39: changes role from  FOLLOWER to FOLLOWER at term 1 for recognizeCandidate:59cd1272-d47d-4ade-aa11-418e6c4da764
2020-04-24 09:09:39,280 [grpc-default-executor-5] INFO  impl.RoleInfo (RoleInfo.java:shutdownFollowerState(121)) - a79ca38e-dc5f-4a68-b291-7d46d54031f2: shutdown FollowerState
2020-04-24 09:09:39,280 [grpc-default-executor-5] INFO  impl.RoleInfo (RoleInfo.java:updateAndGet(143)) - a79ca38e-dc5f-4a68-b291-7d46d54031f2: start FollowerState
2020-04-24 09:09:39,280 [Thread-308] INFO  impl.FollowerState (FollowerState.java:run(117)) - a79ca38e-dc5f-4a68-b291-7d46d54031f2@group-455FD326DA39-FollowerState was interrupted: java.lang.InterruptedException: sleep interrupted
2020-04-24 09:09:39,279 [59cd1272-d47d-4ade-aa11-418e6c4da764@group-455FD326DA39-LeaderElection5] INFO  server.RaftServerConfigKeys (ConfUtils.java:logGet(44)) - raft.server.rpc.request.timeout = 60s (custom)
2020-04-24 09:09:39,280 [59cd1272-d47d-4ade-aa11-418e6c4da764@group-455FD326DA39-LeaderElection5] INFO  server.RaftServerConfigKeys (ConfUtils.java:logGet(44)) - raft.server.log.appender.install.snapshot.enabled = false (custom)
2020-04-24 09:09:39,283 [59cd1272-d47d-4ade-aa11-418e6c4da764@group-455FD326DA39-LeaderElection5] INFO  impl.RoleInfo (RoleInfo.java:updateAndGet(143)) - 59cd1272-d47d-4ade-aa11-418e6c4da764: start LeaderState
2020-04-24 09:09:39,283 [59cd1272-d47d-4ade-aa11-418e6c4da764@group-455FD326DA39-LeaderElection5] INFO  segmented.SegmentedRaftLogWorker (SegmentedRaftLogWorker.java:startLogSegment(391)) - 59cd1272-d47d-4ade-aa11-418e6c4da764@group-455FD326DA39-SegmentedRaftLogWorker: Starting segment from index:0
2020-04-24 09:09:39,284 [EventQueue-PipelineReportForPipelineReportHandler] INFO  pipeline.PipelineStateManager (PipelineStateManager.java:openPipeline(131)) - Pipeline Pipeline[ Id: c7a8e82f-041c-47cc-b543-455fd326da39, Nodes: a79ca38e-dc5f-4a68-b291-7d46d54031f2{ip: 172.17.0.2, host: 36dc976b824e, networkLocation: /default-rack, certSerialId: null}23210909-aab5-418a-84f3-57294aa846dd{ip: 172.17.0.2, host: 36dc976b824e, networkLocation: /default-rack, certSerialId: null}59cd1272-d47d-4ade-aa11-418e6c4da764{ip: 172.17.0.2, host: 36dc976b824e, networkLocation: /default-rack, certSerialId: null}, Type:RATIS, Factor:THREE, State:ALLOCATED, leaderId:59cd1272-d47d-4ade-aa11-418e6c4da764, CreationTimestamp2020-04-24T09:09:31.653Z] moved to OPEN state
2020-04-24 09:09:39,285 [EventQueue-OpenPipelineForOneReplicaPipelineSafeModeRule] INFO  safemode.SCMSafeModeManager (SCMSafeModeManager.java:validateSafeModeExitRules(183)) - AtleastOneDatanodeReportedRule rule is successfully validated
2020-04-24 09:09:39,285 [EventQueue-OpenPipelineForHealthyPipelineSafeModeRule] INFO  safemode.SCMSafeModeManager (HealthyPipelineSafeModeRule.java:process(132)) - SCM in safe mode. Healthy pipelines reported count is 1, required healthy pipeline reported count is 1
2020-04-24 09:09:39,302 [EventQueue-OpenPipelineForHealthyPipelineSafeModeRule] INFO  safemode.SCMSafeModeManager (SCMSafeModeManager.java:validateSafeModeExitRules(183)) - HealthyPipelineSafeModeRule rule is successfully validated
2020-04-24 09:09:39,303 [EventQueue-OpenPipelineForHealthyPipelineSafeModeRule] INFO  safemode.SCMSafeModeManager (SCMSafeModeManager.java:validateSafeModeExitRules(197)) - ScmSafeModeManager, all rules are successfully validated
2020-04-24 09:09:39,303 [EventQueue-OpenPipelineForHealthyPipelineSafeModeRule] INFO  safemode.SCMSafeModeManager (SCMSafeModeManager.java:exitSafeMode(226)) - SCM exiting safe mode.
2020-04-24 09:09:39,299 [59cd1272-d47d-4ade-aa11-418e6c4da764@group-455FD326DA39-LeaderElection5] INFO  impl.RaftServerImpl (ServerState.java:setRaftConf(356)) - 59cd1272-d47d-4ade-aa11-418e6c4da764@group-455FD326DA39: set configuration 0: [23210909-aab5-418a-84f3-57294aa846dd:172.17.0.2:36669, a79ca38e-dc5f-4a68-b291-7d46d54031f2:172.17.0.2:44063, 59cd1272-d47d-4ade-aa11-418e6c4da764:172.17.0.2:33839], old=null at 0
2020-04-24 09:09:39,287 [59cd1272-d47d-4ade-aa11-418e6c4da764@group-455FD326DA39-SegmentedRaftLogWorker] INFO  segmented.SegmentedRaftLogWorker (SegmentedRaftLogWorker.java:execute(583)) - 59cd1272-d47d-4ade-aa11-418e6c4da764@group-455FD326DA39-SegmentedRaftLogWorker: created new log segment /github/workspace/mnt/ozone/hadoop-ozone/integration-test/target/test-dir/MiniOzoneClusterImpl-28ce97df-7db2-4fc1-9c49-0cb63a1a27a8/datanode-0/data/ratis/c7a8e82f-041c-47cc-b543-455fd326da39/current/log_inprogress_0
2020-04-24 09:09:39,310 [Thread-304] INFO  impl.FollowerState (FollowerState.java:run(108)) - 59cd1272-d47d-4ade-aa11-418e6c4da764@group-6357229F3354-FollowerState: change to CANDIDATE, lastRpcTime:5169ms, electionTimeout:5161ms
2020-04-24 09:09:39,310 [Thread-304] INFO  impl.RoleInfo (RoleInfo.java:shutdownFollowerState(121)) - 59cd1272-d47d-4ade-aa11-418e6c4da764: shutdown FollowerState
2020-04-24 09:09:39,310 [Thread-304] INFO  impl.RaftServerImpl (RaftServerImpl.java:setRole(172)) - 59cd1272-d47d-4ade-aa11-418e6c4da764@group-6357229F3354: changes role from  FOLLOWER to CANDIDATE at term 0 for changeToCandidate
2020-04-24 09:09:39,311 [Thread-304] INFO  impl.RoleInfo (RoleInfo.java:updateAndGet(143)) - 59cd1272-d47d-4ade-aa11-418e6c4da764: start LeaderElection
2020-04-24 09:09:39,325 [59cd1272-d47d-4ade-aa11-418e6c4da764@group-6357229F3354-LeaderElection6] INFO  impl.LeaderElection (LeaderElection.java:askForVotes(206)) - 59cd1272-d47d-4ade-aa11-418e6c4da764@group-6357229F3354-LeaderElection6: begin an election at term 1 for -1: [59cd1272-d47d-4ade-aa11-418e6c4da764:172.17.0.2:33839], old=null
2020-04-24 09:09:39,325 [59cd1272-d47d-4ade-aa11-418e6c4da764@group-6357229F3354-LeaderElection6] INFO  impl.RoleInfo (RoleInfo.java:shutdownLeaderElection(134)) - 59cd1272-d47d-4ade-aa11-418e6c4da764: shutdown LeaderElection
2020-04-24 09:09:39,325 [59cd1272-d47d-4ade-aa11-418e6c4da764@group-6357229F3354-LeaderElection6] INFO  impl.RaftServerImpl (RaftServerImpl.java:setRole(172)) - 59cd1272-d47d-4ade-aa11-418e6c4da764@group-6357229F3354: changes role from CANDIDATE to LEADER at term 1 for changeToLeader
2020-04-24 09:09:39,325 [59cd1272-d47d-4ade-aa11-418e6c4da764@group-6357229F3354-LeaderElection6] INFO  ratis.XceiverServerRatis (XceiverServerRatis.java:handleLeaderChangedNotification(761)) - Leader change notification received for group: group-6357229F3354 with new leaderId: 59cd1272-d47d-4ade-aa11-418e6c4da764
2020-04-24 09:09:39,326 [59cd1272-d47d-4ade-aa11-418e6c4da764@group-6357229F3354-LeaderElection6] INFO  impl.RaftServerImpl (ServerState.java:setLeader(255)) - 59cd1272-d47d-4ade-aa11-418e6c4da764@group-6357229F3354: change Leader from null to 59cd1272-d47d-4ade-aa11-418e6c4da764 at term 1 for becomeLeader, leader elected after 5212ms
2020-04-24 09:09:39,326 [59cd1272-d47d-4ade-aa11-418e6c4da764@group-6357229F3354-LeaderElection6] INFO  server.RaftServerConfigKeys (ConfUtils.java:logGet(44)) - raft.server.staging.catchup.gap = 1000 (default)
2020-04-24 09:09:39,326 [59cd1272-d47d-4ade-aa11-418e6c4da764@group-6357229F3354-LeaderElection6] INFO  server.RaftServerConfigKeys (ConfUtils.java:logGet(44)) - raft.server.rpc.sleep.time = 25ms (default)
2020-04-24 09:09:39,326 [59cd1272-d47d-4ade-aa11-418e6c4da764@group-6357229F3354-LeaderElection6] INFO  metrics.RatisMetrics (RatisMetrics.java:lambda$create$0(39)) - Creating Metrics Registry : ratis.log_appender.59cd1272-d47d-4ade-aa11-418e6c4da764@group-6357229F3354
2020-04-24 09:09:39,326 [59cd1272-d47d-4ade-aa11-418e6c4da764@group-6357229F3354-LeaderElection6] INFO  server.RaftServerConfigKeys (ConfUtils.java:logGet(44)) - raft.server.write.element-limit = 1024 (custom)
2020-04-24 09:09:39,327 [59cd1272-d47d-4ade-aa11-418e6c4da764@group-6357229F3354-LeaderElection6] INFO  server.RaftServerConfigKeys (ConfUtils.java:logGet(44)) - raft.server.write.byte-limit = 1073741824 (custom)
2020-04-24 09:09:39,329 [59cd1272-d47d-4ade-aa11-418e6c4da764@group-6357229F3354-LeaderElection6] INFO  server.RaftServerConfigKeys (ConfUtils.java:logGet(44)) - raft.server.watch.timeout = 180s (custom)
2020-04-24 09:09:39,330 [grpc-default-executor-5] INFO  ratis.XceiverServerRatis (XceiverServerRatis.java:handleLeaderChangedNotification(761)) - Leader change notification received for group: group-455FD326DA39 with new leaderId: 59cd1272-d47d-4ade-aa11-418e6c4da764
2020-04-24 09:09:39,333 [grpc-default-executor-5] INFO  impl.RaftServerImpl (ServerState.java:setLeader(255)) - 23210909-aab5-418a-84f3-57294aa846dd@group-455FD326DA39: change Leader from null to 59cd1272-d47d-4ade-aa11-418e6c4da764 at term 1 for appendEntries, leader elected after 5002ms
2020-04-24 09:09:39,333 [grpc-default-executor-1] INFO  ratis.XceiverServerRatis (XceiverServerRatis.java:handleLeaderChangedNotification(761)) - Leader change notification received for group: group-455FD326DA39 with new leaderId: 59cd1272-d47d-4ade-aa11-418e6c4da764
2020-04-24 09:09:39,334 [grpc-default-executor-1] INFO  impl.RaftServerImpl (ServerState.java:setLeader(255)) - a79ca38e-dc5f-4a68-b291-7d46d54031f2@group-455FD326DA39: change Leader from null to 59cd1272-d47d-4ade-aa11-418e6c4da764 at term 1 for appendEntries, leader elected after 5088ms
2020-04-24 09:09:39,333 [59cd1272-d47d-4ade-aa11-418e6c4da764@group-6357229F3354-LeaderElection6] INFO  server.RaftServerConfigKeys (ConfUtils.java:logGet(44)) - raft.server.watch.timeout.denomination = 1s (default)
2020-04-24 09:09:39,335 [59cd1272-d47d-4ade-aa11-418e6c4da764@group-6357229F3354-LeaderElection6] INFO  server.RaftServerConfigKeys (ConfUtils.java:logGet(44)) - raft.server.watch.element-limit = 65536 (default)
2020-04-24 09:09:39,335 [59cd1272-d47d-4ade-aa11-418e6c4da764@group-6357229F3354-LeaderElection6] INFO  impl.RoleInfo (RoleInfo.java:updateAndGet(143)) - 59cd1272-d47d-4ade-aa11-418e6c4da764: start LeaderState
2020-04-24 09:09:39,335 [59cd1272-d47d-4ade-aa11-418e6c4da764@group-6357229F3354-LeaderElection6] INFO  segmented.SegmentedRaftLogWorker (SegmentedRaftLogWorker.java:startLogSegment(391)) - 59cd1272-d47d-4ade-aa11-418e6c4da764@group-6357229F3354-SegmentedRaftLogWorker: Starting segment from index:0
2020-04-24 09:09:39,336 [grpc-default-executor-5] INFO  impl.RaftServerImpl (ServerState.java:setRaftConf(356)) - 23210909-aab5-418a-84f3-57294aa846dd@group-455FD326DA39: set configuration 0: [23210909-aab5-418a-84f3-57294aa846dd:172.17.0.2:36669, a79ca38e-dc5f-4a68-b291-7d46d54031f2:172.17.0.2:44063, 59cd1272-d47d-4ade-aa11-418e6c4da764:172.17.0.2:33839], old=null at 0
2020-04-24 09:09:39,336 [grpc-default-executor-5] INFO  segmented.SegmentedRaftLogWorker (SegmentedRaftLogWorker.java:startLogSegment(391)) - 23210909-aab5-418a-84f3-57294aa846dd@group-455FD326DA39-SegmentedRaftLogWorker: Starting segment from index:0
2020-04-24 09:09:39,338 [23210909-aab5-418a-84f3-57294aa846dd@group-455FD326DA39-SegmentedRaftLogWorker] INFO  segmented.SegmentedRaftLogWorker (SegmentedRaftLogWorker.java:execute(583)) - 23210909-aab5-418a-84f3-57294aa846dd@group-455FD326DA39-SegmentedRaftLogWorker: created new log segment /github/workspace/mnt/ozone/hadoop-ozone/integration-test/target/test-dir/MiniOzoneClusterImpl-28ce97df-7db2-4fc1-9c49-0cb63a1a27a8/datanode-2/data/ratis/c7a8e82f-041c-47cc-b543-455fd326da39/current/log_inprogress_0
2020-04-24 09:09:39,341 [59cd1272-d47d-4ade-aa11-418e6c4da764@group-6357229F3354-SegmentedRaftLogWorker] INFO  segmented.SegmentedRaftLogWorker (SegmentedRaftLogWorker.java:execute(583)) - 59cd1272-d47d-4ade-aa11-418e6c4da764@group-6357229F3354-SegmentedRaftLogWorker: created new log segment /github/workspace/mnt/ozone/hadoop-ozone/integration-test/target/test-dir/MiniOzoneClusterImpl-28ce97df-7db2-4fc1-9c49-0cb63a1a27a8/datanode-0/data/ratis/0110dd94-fcc6-4256-8226-6357229f3354/current/log_inprogress_0
2020-04-24 09:09:39,346 [59cd1272-d47d-4ade-aa11-418e6c4da764@group-6357229F3354-LeaderElection6] INFO  impl.RaftServerImpl (ServerState.java:setRaftConf(356)) - 59cd1272-d47d-4ade-aa11-418e6c4da764@group-6357229F3354: set configuration 0: [59cd1272-d47d-4ade-aa11-418e6c4da764:172.17.0.2:33839], old=null at 0
2020-04-24 09:09:39,355 [grpc-default-executor-5] INFO  impl.RaftServerImpl (ServerState.java:setRaftConf(356)) - a79ca38e-dc5f-4a68-b291-7d46d54031f2@group-455FD326DA39: set configuration 0: [23210909-aab5-418a-84f3-57294aa846dd:172.17.0.2:36669, a79ca38e-dc5f-4a68-b291-7d46d54031f2:172.17.0.2:44063, 59cd1272-d47d-4ade-aa11-418e6c4da764:172.17.0.2:33839], old=null at 0
2020-04-24 09:09:39,355 [grpc-default-executor-5] INFO  segmented.SegmentedRaftLogWorker (SegmentedRaftLogWorker.java:startLogSegment(391)) - a79ca38e-dc5f-4a68-b291-7d46d54031f2@group-455FD326DA39-SegmentedRaftLogWorker: Starting segment from index:0
2020-04-24 09:09:39,357 [a79ca38e-dc5f-4a68-b291-7d46d54031f2@group-455FD326DA39-SegmentedRaftLogWorker] INFO  segmented.SegmentedRaftLogWorker (SegmentedRaftLogWorker.java:execute(583)) - a79ca38e-dc5f-4a68-b291-7d46d54031f2@group-455FD326DA39-SegmentedRaftLogWorker: created new log segment /github/workspace/mnt/ozone/hadoop-ozone/integration-test/target/test-dir/MiniOzoneClusterImpl-28ce97df-7db2-4fc1-9c49-0cb63a1a27a8/datanode-1/data/ratis/c7a8e82f-041c-47cc-b543-455fd326da39/current/log_inprogress_0
2020-04-24 09:09:39,624 [main] INFO  ozone.MiniOzoneClusterImpl (MiniOzoneClusterImpl.java:lambda$waitForClusterToBeReady$0(177)) - Nodes are ready. Got 3 of 3 DN Heartbeats.
2020-04-24 09:09:39,624 [main] INFO  ozone.MiniOzoneClusterImpl (MiniOzoneClusterImpl.java:lambda$waitForClusterToBeReady$0(180)) - Cluster exits safe mode
2020-04-24 09:09:39,659 [Thread-314] INFO  impl.FollowerState (FollowerState.java:run(108)) - a79ca38e-dc5f-4a68-b291-7d46d54031f2@group-177B4684B395-FollowerState: change to CANDIDATE, lastRpcTime:5157ms, electionTimeout:5155ms
2020-04-24 09:09:39,659 [Thread-314] INFO  impl.RoleInfo (RoleInfo.java:shutdownFollowerState(121)) - a79ca38e-dc5f-4a68-b291-7d46d54031f2: shutdown FollowerState
2020-04-24 09:09:39,659 [Thread-314] INFO  impl.RaftServerImpl (RaftServerImpl.java:setRole(172)) - a79ca38e-dc5f-4a68-b291-7d46d54031f2@group-177B4684B395: changes role from  FOLLOWER to CANDIDATE at term 0 for changeToCandidate
2020-04-24 09:09:39,659 [Thread-314] INFO  impl.RoleInfo (RoleInfo.java:updateAndGet(143)) - a79ca38e-dc5f-4a68-b291-7d46d54031f2: start LeaderElection
2020-04-24 09:09:39,665 [a79ca38e-dc5f-4a68-b291-7d46d54031f2@group-177B4684B395-LeaderElection7] INFO  impl.LeaderElection (LeaderElection.java:askForVotes(206)) - a79ca38e-dc5f-4a68-b291-7d46d54031f2@group-177B4684B395-LeaderElection7: begin an election at term 1 for -1: [a79ca38e-dc5f-4a68-b291-7d46d54031f2:172.17.0.2:44063], old=null
2020-04-24 09:09:39,665 [a79ca38e-dc5f-4a68-b291-7d46d54031f2@group-177B4684B395-LeaderElection7] INFO  impl.RoleInfo (RoleInfo.java:shutdownLeaderElection(134)) - a79ca38e-dc5f-4a68-b291-7d46d54031f2: shutdown LeaderElection
2020-04-24 09:09:39,666 [a79ca38e-dc5f-4a68-b291-7d46d54031f2@group-177B4684B395-LeaderElection7] INFO  impl.RaftServerImpl (RaftServerImpl.java:setRole(172)) - a79ca38e-dc5f-4a68-b291-7d46d54031f2@group-177B4684B395: changes role from CANDIDATE to LEADER at term 1 for changeToLeader
2020-04-24 09:09:39,666 [a79ca38e-dc5f-4a68-b291-7d46d54031f2@group-177B4684B395-LeaderElection7] INFO  ratis.XceiverServerRatis (XceiverServerRatis.java:handleLeaderChangedNotification(761)) - Leader change notification received for group: group-177B4684B395 with new leaderId: a79ca38e-dc5f-4a68-b291-7d46d54031f2
2020-04-24 09:09:39,667 [a79ca38e-dc5f-4a68-b291-7d46d54031f2@group-177B4684B395-LeaderElection7] INFO  impl.RaftServerImpl (ServerState.java:setLeader(255)) - a79ca38e-dc5f-4a68-b291-7d46d54031f2@group-177B4684B395: change Leader from null to a79ca38e-dc5f-4a68-b291-7d46d54031f2 at term 1 for becomeLeader, leader elected after 5172ms
2020-04-24 09:09:39,667 [a79ca38e-dc5f-4a68-b291-7d46d54031f2@group-177B4684B395-LeaderElection7] INFO  server.RaftServerConfigKeys (ConfUtils.java:logGet(44)) - raft.server.staging.catchup.gap = 1000 (default)
2020-04-24 09:09:39,667 [a79ca38e-dc5f-4a68-b291-7d46d54031f2@group-177B4684B395-LeaderElection7] INFO  server.RaftServerConfigKeys (ConfUtils.java:logGet(44)) - raft.server.rpc.sleep.time = 25ms (default)
2020-04-24 09:09:39,668 [a79ca38e-dc5f-4a68-b291-7d46d54031f2@group-177B4684B395-LeaderElection7] INFO  metrics.RatisMetrics (RatisMetrics.java:lambda$create$0(39)) - Creating Metrics Registry : ratis.log_appender.a79ca38e-dc5f-4a68-b291-7d46d54031f2@group-177B4684B395
2020-04-24 09:09:39,671 [a79ca38e-dc5f-4a68-b291-7d46d54031f2@group-177B4684B395-LeaderElection7] INFO  server.RaftServerConfigKeys (ConfUtils.java:logGet(44)) - raft.server.write.element-limit = 1024 (custom)
2020-04-24 09:09:39,671 [a79ca38e-dc5f-4a68-b291-7d46d54031f2@group-177B4684B395-LeaderElection7] INFO  server.RaftServerConfigKeys (ConfUtils.java:logGet(44)) - raft.server.write.byte-limit = 1073741824 (custom)
2020-04-24 09:09:39,684 [a79ca38e-dc5f-4a68-b291-7d46d54031f2@group-177B4684B395-LeaderElection7] INFO  server.RaftServerConfigKeys (ConfUtils.java:logGet(44)) - raft.server.watch.timeout = 180s (custom)
2020-04-24 09:09:39,685 [a79ca38e-dc5f-4a68-b291-7d46d54031f2@group-177B4684B395-LeaderElection7] INFO  server.RaftServerConfigKeys (ConfUtils.java:logGet(44)) - raft.server.watch.timeout.denomination = 1s (default)
2020-04-24 09:09:39,685 [a79ca38e-dc5f-4a68-b291-7d46d54031f2@group-177B4684B395-LeaderElection7] INFO  server.RaftServerConfigKeys (ConfUtils.java:logGet(44)) - raft.server.watch.element-limit = 65536 (default)
2020-04-24 09:09:39,685 [a79ca38e-dc5f-4a68-b291-7d46d54031f2@group-177B4684B395-LeaderElection7] INFO  impl.RoleInfo (RoleInfo.java:updateAndGet(143)) - a79ca38e-dc5f-4a68-b291-7d46d54031f2: start LeaderState
2020-04-24 09:09:39,685 [a79ca38e-dc5f-4a68-b291-7d46d54031f2@group-177B4684B395-LeaderElection7] INFO  segmented.SegmentedRaftLogWorker (SegmentedRaftLogWorker.java:startLogSegment(391)) - a79ca38e-dc5f-4a68-b291-7d46d54031f2@group-177B4684B395-SegmentedRaftLogWorker: Starting segment from index:0
2020-04-24 09:09:39,688 [a79ca38e-dc5f-4a68-b291-7d46d54031f2@group-177B4684B395-SegmentedRaftLogWorker] INFO  segmented.SegmentedRaftLogWorker (SegmentedRaftLogWorker.java:execute(583)) - a79ca38e-dc5f-4a68-b291-7d46d54031f2@group-177B4684B395-SegmentedRaftLogWorker: created new log segment /github/workspace/mnt/ozone/hadoop-ozone/integration-test/target/test-dir/MiniOzoneClusterImpl-28ce97df-7db2-4fc1-9c49-0cb63a1a27a8/datanode-1/data/ratis/1c32087b-de66-4216-9824-177b4684b395/current/log_inprogress_0
2020-04-24 09:09:39,690 [a79ca38e-dc5f-4a68-b291-7d46d54031f2@group-177B4684B395-LeaderElection7] INFO  impl.RaftServerImpl (ServerState.java:setRaftConf(356)) - a79ca38e-dc5f-4a68-b291-7d46d54031f2@group-177B4684B395: set configuration 0: [a79ca38e-dc5f-4a68-b291-7d46d54031f2:172.17.0.2:44063], old=null at 0
2020-04-24 09:09:39,777 [Thread-319] INFO  impl.FollowerState (FollowerState.java:run(108)) - 23210909-aab5-418a-84f3-57294aa846dd@group-FA68B82545FB-FollowerState: change to CANDIDATE, lastRpcTime:5112ms, electionTimeout:5111ms
2020-04-24 09:09:39,778 [Thread-319] INFO  impl.RoleInfo (RoleInfo.java:shutdownFollowerState(121)) - 23210909-aab5-418a-84f3-57294aa846dd: shutdown FollowerState
2020-04-24 09:09:39,778 [Thread-319] INFO  impl.RaftServerImpl (RaftServerImpl.java:setRole(172)) - 23210909-aab5-418a-84f3-57294aa846dd@group-FA68B82545FB: changes role from  FOLLOWER to CANDIDATE at term 0 for changeToCandidate
2020-04-24 09:09:39,778 [Thread-319] INFO  impl.RoleInfo (RoleInfo.java:updateAndGet(143)) - 23210909-aab5-418a-84f3-57294aa846dd: start LeaderElection
2020-04-24 09:09:39,786 [23210909-aab5-418a-84f3-57294aa846dd@group-FA68B82545FB-LeaderElection8] INFO  impl.LeaderElection (LeaderElection.java:askForVotes(206)) - 23210909-aab5-418a-84f3-57294aa846dd@group-FA68B82545FB-LeaderElection8: begin an election at term 1 for -1: [23210909-aab5-418a-84f3-57294aa846dd:172.17.0.2:36669], old=null
2020-04-24 09:09:39,786 [23210909-aab5-418a-84f3-57294aa846dd@group-FA68B82545FB-LeaderElection8] INFO  impl.RoleInfo (RoleInfo.java:shutdownLeaderElection(134)) - 23210909-aab5-418a-84f3-57294aa846dd: shutdown LeaderElection
2020-04-24 09:09:39,786 [23210909-aab5-418a-84f3-57294aa846dd@group-FA68B82545FB-LeaderElection8] INFO  impl.RaftServerImpl (RaftServerImpl.java:setRole(172)) - 23210909-aab5-418a-84f3-57294aa846dd@group-FA68B82545FB: changes role from CANDIDATE to LEADER at term 1 for changeToLeader
2020-04-24 09:09:39,787 [23210909-aab5-418a-84f3-57294aa846dd@group-FA68B82545FB-LeaderElection8] INFO  ratis.XceiverServerRatis (XceiverServerRatis.java:handleLeaderChangedNotification(761)) - Leader change notification received for group: group-FA68B82545FB with new leaderId: 23210909-aab5-418a-84f3-57294aa846dd
2020-04-24 09:09:39,791 [23210909-aab5-418a-84f3-57294aa846dd@group-FA68B82545FB-LeaderElection8] INFO  impl.RaftServerImpl (ServerState.java:setLeader(255)) - 23210909-aab5-418a-84f3-57294aa846dd@group-FA68B82545FB: change Leader from null to 23210909-aab5-418a-84f3-57294aa846dd at term 1 for becomeLeader, leader elected after 5133ms
2020-04-24 09:09:39,791 [23210909-aab5-418a-84f3-57294aa846dd@group-FA68B82545FB-LeaderElection8] INFO  server.RaftServerConfigKeys (ConfUtils.java:logGet(44)) - raft.server.staging.catchup.gap = 1000 (default)
2020-04-24 09:09:39,791 [23210909-aab5-418a-84f3-57294aa846dd@group-FA68B82545FB-LeaderElection8] INFO  server.RaftServerConfigKeys (ConfUtils.java:logGet(44)) - raft.server.rpc.sleep.time = 25ms (default)
2020-04-24 09:09:39,791 [23210909-aab5-418a-84f3-57294aa846dd@group-FA68B82545FB-LeaderElection8] INFO  metrics.RatisMetrics (RatisMetrics.java:lambda$create$0(39)) - Creating Metrics Registry : ratis.log_appender.23210909-aab5-418a-84f3-57294aa846dd@group-FA68B82545FB
2020-04-24 09:09:39,792 [23210909-aab5-418a-84f3-57294aa846dd@group-FA68B82545FB-LeaderElection8] INFO  server.RaftServerConfigKeys (ConfUtils.java:logGet(44)) - raft.server.write.element-limit = 1024 (custom)
2020-04-24 09:09:39,792 [23210909-aab5-418a-84f3-57294aa846dd@group-FA68B82545FB-LeaderElection8] INFO  server.RaftServerConfigKeys (ConfUtils.java:logGet(44)) - raft.server.write.byte-limit = 1073741824 (custom)
2020-04-24 09:09:39,792 [23210909-aab5-418a-84f3-57294aa846dd@group-FA68B82545FB-LeaderElection8] INFO  server.RaftServerConfigKeys (ConfUtils.java:logGet(44)) - raft.server.watch.timeout = 180s (custom)
2020-04-24 09:09:39,792 [23210909-aab5-418a-84f3-57294aa846dd@group-FA68B82545FB-LeaderElection8] INFO  server.RaftServerConfigKeys (ConfUtils.java:logGet(44)) - raft.server.watch.timeout.denomination = 1s (default)
2020-04-24 09:09:39,792 [23210909-aab5-418a-84f3-57294aa846dd@group-FA68B82545FB-LeaderElection8] INFO  server.RaftServerConfigKeys (ConfUtils.java:logGet(44)) - raft.server.watch.element-limit = 65536 (default)
2020-04-24 09:09:39,793 [23210909-aab5-418a-84f3-57294aa846dd@group-FA68B82545FB-LeaderElection8] INFO  impl.RoleInfo (RoleInfo.java:updateAndGet(143)) - 23210909-aab5-418a-84f3-57294aa846dd: start LeaderState
2020-04-24 09:09:39,793 [23210909-aab5-418a-84f3-57294aa846dd@group-FA68B82545FB-LeaderElection8] INFO  segmented.SegmentedRaftLogWorker (SegmentedRaftLogWorker.java:startLogSegment(391)) - 23210909-aab5-418a-84f3-57294aa846dd@group-FA68B82545FB-SegmentedRaftLogWorker: Starting segment from index:0
2020-04-24 09:09:39,797 [23210909-aab5-418a-84f3-57294aa846dd@group-FA68B82545FB-LeaderElection8] INFO  impl.RaftServerImpl (ServerState.java:setRaftConf(356)) - 23210909-aab5-418a-84f3-57294aa846dd@group-FA68B82545FB: set configuration 0: [23210909-aab5-418a-84f3-57294aa846dd:172.17.0.2:36669], old=null at 0
2020-04-24 09:09:39,798 [23210909-aab5-418a-84f3-57294aa846dd@group-FA68B82545FB-SegmentedRaftLogWorker] INFO  segmented.SegmentedRaftLogWorker (SegmentedRaftLogWorker.java:execute(583)) - 23210909-aab5-418a-84f3-57294aa846dd@group-FA68B82545FB-SegmentedRaftLogWorker: created new log segment /github/workspace/mnt/ozone/hadoop-ozone/integration-test/target/test-dir/MiniOzoneClusterImpl-28ce97df-7db2-4fc1-9c49-0cb63a1a27a8/datanode-2/data/ratis/7e5657cd-6a2e-4b5f-974b-fa68b82545fb/current/log_inprogress_0
2020-04-24 09:09:39,969 [IPC Server handler 19 on 12776] INFO  ipc.Server (Server.java:logException(2726)) - IPC Server handler 19 on 12776, call Call#38 Retry#0 org.apache.hadoop.ozone.om.protocol.OzoneManagerProtocol.submitRequest from 127.0.0.1:35668
org.apache.hadoop.ozone.om.exceptions.OMNotLeaderException: OM:omNode-1 is not the leader. Suggested leader is OM:omNode-3.
	at org.apache.hadoop.ozone.protocolPB.OzoneManagerProtocolServerSideTranslatorPB.createNotLeaderException(OzoneManagerProtocolServerSideTranslatorPB.java:185)
	at org.apache.hadoop.ozone.protocolPB.OzoneManagerProtocolServerSideTranslatorPB.submitReadRequestToOM(OzoneManagerProtocolServerSideTranslatorPB.java:173)
	at org.apache.hadoop.ozone.protocolPB.OzoneManagerProtocolServerSideTranslatorPB.processRequest(OzoneManagerProtocolServerSideTranslatorPB.java:109)
	at org.apache.hadoop.hdds.server.OzoneProtocolMessageDispatcher.processRequest(OzoneProtocolMessageDispatcher.java:74)
	at org.apache.hadoop.ozone.protocolPB.OzoneManagerProtocolServerSideTranslatorPB.submitRequest(OzoneManagerProtocolServerSideTranslatorPB.java:99)
	at org.apache.hadoop.ozone.protocol.proto.OzoneManagerProtocolProtos$OzoneManagerService$2.callBlockingMethod(OzoneManagerProtocolProtos.java)
	at org.apache.hadoop.ipc.ProtobufRpcEngine$Server$ProtoBufRpcInvoker.call(ProtobufRpcEngine.java:524)
	at org.apache.hadoop.ipc.RPC$Server.call(RPC.java:1025)
	at org.apache.hadoop.ipc.Server$RpcCall.run(Server.java:876)
	at org.apache.hadoop.ipc.Server$RpcCall.run(Server.java:822)
	at java.security.AccessController.doPrivileged(Native Method)
	at javax.security.auth.Subject.doAs(Subject.java:422)
	at org.apache.hadoop.security.UserGroupInformation.doAs(UserGroupInformation.java:1730)
	at org.apache.hadoop.ipc.Server$Handler.run(Server.java:2682)
2020-04-24 09:09:39,975 [main] INFO  ha.OMFailoverProxyProvider (OzoneManagerProtocolClientSideTranslatorPB.java:shouldRetry(244)) - RetryProxy: OM:omNode-1 is not the leader. Suggested leader is OM:omNode-3.
	at org.apache.hadoop.ozone.protocolPB.OzoneManagerProtocolServerSideTranslatorPB.createNotLeaderException(OzoneManagerProtocolServerSideTranslatorPB.java:185)
	at org.apache.hadoop.ozone.protocolPB.OzoneManagerProtocolServerSideTranslatorPB.submitReadRequestToOM(OzoneManagerProtocolServerSideTranslatorPB.java:173)
	at org.apache.hadoop.ozone.protocolPB.OzoneManagerProtocolServerSideTranslatorPB.processRequest(OzoneManagerProtocolServerSideTranslatorPB.java:109)
	at org.apache.hadoop.hdds.server.OzoneProtocolMessageDispatcher.processRequest(OzoneProtocolMessageDispatcher.java:74)
	at org.apache.hadoop.ozone.protocolPB.OzoneManagerProtocolServerSideTranslatorPB.submitRequest(OzoneManagerProtocolServerSideTranslatorPB.java:99)
	at org.apache.hadoop.ozone.protocol.proto.OzoneManagerProtocolProtos$OzoneManagerService$2.callBlockingMethod(OzoneManagerProtocolProtos.java)
	at org.apache.hadoop.ipc.ProtobufRpcEngine$Server$ProtoBufRpcInvoker.call(ProtobufRpcEngine.java:524)
	at org.apache.hadoop.ipc.RPC$Server.call(RPC.java:1025)
	at org.apache.hadoop.ipc.Server$RpcCall.run(Server.java:876)
	at org.apache.hadoop.ipc.Server$RpcCall.run(Server.java:822)
	at java.security.AccessController.doPrivileged(Native Method)
	at javax.security.auth.Subject.doAs(Subject.java:422)
	at org.apache.hadoop.security.UserGroupInformation.doAs(UserGroupInformation.java:1730)
	at org.apache.hadoop.ipc.Server$Handler.run(Server.java:2682)

2020-04-24 09:09:39,989 [IPC Server handler 0 on 12782] INFO  ipc.Server (Server.java:logException(2726)) - IPC Server handler 0 on 12782, call Call#38 Retry#1 org.apache.hadoop.ozone.om.protocol.OzoneManagerProtocol.submitRequest from 127.0.0.1:38784
org.apache.hadoop.ozone.om.exceptions.OMNotLeaderException: OM:omNode-2 is not the leader. Suggested leader is OM:omNode-3.
	at org.apache.hadoop.ozone.protocolPB.OzoneManagerProtocolServerSideTranslatorPB.createNotLeaderException(OzoneManagerProtocolServerSideTranslatorPB.java:185)
	at org.apache.hadoop.ozone.protocolPB.OzoneManagerProtocolServerSideTranslatorPB.submitReadRequestToOM(OzoneManagerProtocolServerSideTranslatorPB.java:173)
	at org.apache.hadoop.ozone.protocolPB.OzoneManagerProtocolServerSideTranslatorPB.processRequest(OzoneManagerProtocolServerSideTranslatorPB.java:109)
	at org.apache.hadoop.hdds.server.OzoneProtocolMessageDispatcher.processRequest(OzoneProtocolMessageDispatcher.java:74)
	at org.apache.hadoop.ozone.protocolPB.OzoneManagerProtocolServerSideTranslatorPB.submitRequest(OzoneManagerProtocolServerSideTranslatorPB.java:99)
	at org.apache.hadoop.ozone.protocol.proto.OzoneManagerProtocolProtos$OzoneManagerService$2.callBlockingMethod(OzoneManagerProtocolProtos.java)
	at org.apache.hadoop.ipc.ProtobufRpcEngine$Server$ProtoBufRpcInvoker.call(ProtobufRpcEngine.java:524)
	at org.apache.hadoop.ipc.RPC$Server.call(RPC.java:1025)
	at org.apache.hadoop.ipc.Server$RpcCall.run(Server.java:876)
	at org.apache.hadoop.ipc.Server$RpcCall.run(Server.java:822)
	at java.security.AccessController.doPrivileged(Native Method)
	at javax.security.auth.Subject.doAs(Subject.java:422)
	at org.apache.hadoop.security.UserGroupInformation.doAs(UserGroupInformation.java:1730)
	at org.apache.hadoop.ipc.Server$Handler.run(Server.java:2682)
2020-04-24 09:09:39,992 [main] INFO  ha.OMFailoverProxyProvider (OzoneManagerProtocolClientSideTranslatorPB.java:shouldRetry(244)) - RetryProxy: OM:omNode-2 is not the leader. Suggested leader is OM:omNode-3.
	at org.apache.hadoop.ozone.protocolPB.OzoneManagerProtocolServerSideTranslatorPB.createNotLeaderException(OzoneManagerProtocolServerSideTranslatorPB.java:185)
	at org.apache.hadoop.ozone.protocolPB.OzoneManagerProtocolServerSideTranslatorPB.submitReadRequestToOM(OzoneManagerProtocolServerSideTranslatorPB.java:173)
	at org.apache.hadoop.ozone.protocolPB.OzoneManagerProtocolServerSideTranslatorPB.processRequest(OzoneManagerProtocolServerSideTranslatorPB.java:109)
	at org.apache.hadoop.hdds.server.OzoneProtocolMessageDispatcher.processRequest(OzoneProtocolMessageDispatcher.java:74)
	at org.apache.hadoop.ozone.protocolPB.OzoneManagerProtocolServerSideTranslatorPB.submitRequest(OzoneManagerProtocolServerSideTranslatorPB.java:99)
	at org.apache.hadoop.ozone.protocol.proto.OzoneManagerProtocolProtos$OzoneManagerService$2.callBlockingMethod(OzoneManagerProtocolProtos.java)
	at org.apache.hadoop.ipc.ProtobufRpcEngine$Server$ProtoBufRpcInvoker.call(ProtobufRpcEngine.java:524)
	at org.apache.hadoop.ipc.RPC$Server.call(RPC.java:1025)
	at org.apache.hadoop.ipc.Server$RpcCall.run(Server.java:876)
	at org.apache.hadoop.ipc.Server$RpcCall.run(Server.java:822)
	at java.security.AccessController.doPrivileged(Native Method)
	at javax.security.auth.Subject.doAs(Subject.java:422)
	at org.apache.hadoop.security.UserGroupInformation.doAs(UserGroupInformation.java:1730)
	at org.apache.hadoop.ipc.Server$Handler.run(Server.java:2682)

2020-04-24 09:09:39,992 [main] INFO  retry.RetryInvocationHandler (RetryInvocationHandler.java:log(411)) - com.google.protobuf.ServiceException: org.apache.hadoop.ipc.RemoteException(org.apache.hadoop.ozone.om.exceptions.OMNotLeaderException): OM:omNode-2 is not the leader. Suggested leader is OM:omNode-3.
	at org.apache.hadoop.ozone.protocolPB.OzoneManagerProtocolServerSideTranslatorPB.createNotLeaderException(OzoneManagerProtocolServerSideTranslatorPB.java:185)
	at org.apache.hadoop.ozone.protocolPB.OzoneManagerProtocolServerSideTranslatorPB.submitReadRequestToOM(OzoneManagerProtocolServerSideTranslatorPB.java:173)
	at org.apache.hadoop.ozone.protocolPB.OzoneManagerProtocolServerSideTranslatorPB.processRequest(OzoneManagerProtocolServerSideTranslatorPB.java:109)
	at org.apache.hadoop.hdds.server.OzoneProtocolMessageDispatcher.processRequest(OzoneProtocolMessageDispatcher.java:74)
	at org.apache.hadoop.ozone.protocolPB.OzoneManagerProtocolServerSideTranslatorPB.submitRequest(OzoneManagerProtocolServerSideTranslatorPB.java:99)
	at org.apache.hadoop.ozone.protocol.proto.OzoneManagerProtocolProtos$OzoneManagerService$2.callBlockingMethod(OzoneManagerProtocolProtos.java)
	at org.apache.hadoop.ipc.ProtobufRpcEngine$Server$ProtoBufRpcInvoker.call(ProtobufRpcEngine.java:524)
	at org.apache.hadoop.ipc.RPC$Server.call(RPC.java:1025)
	at org.apache.hadoop.ipc.Server$RpcCall.run(Server.java:876)
	at org.apache.hadoop.ipc.Server$RpcCall.run(Server.java:822)
	at java.security.AccessController.doPrivileged(Native Method)
	at javax.security.auth.Subject.doAs(Subject.java:422)
	at org.apache.hadoop.security.UserGroupInformation.doAs(UserGroupInformation.java:1730)
	at org.apache.hadoop.ipc.Server$Handler.run(Server.java:2682)
, while invoking $Proxy41.submitRequest over nodeId=omNode-2,nodeAddress=127.0.0.1:12782 after 1 failover attempts. Trying to failover immediately.
2020-04-24 09:09:40,294 [main] INFO  rpc.RpcClient (RpcClient.java:createVolume(308)) - Creating Volume: fef4a920-a01a-49a0-95f3-1c6d7e1a84ce, with jenkins1001 as owner.
2020-04-24 09:09:40,409 [OM StateMachine ApplyTransaction Thread - 0] INFO  volume.OMVolumeCreateRequest (OMVolumeCreateRequest.java:validateAndUpdateCache(209)) - created volume:fef4a920-a01a-49a0-95f3-1c6d7e1a84ce for user:jenkins1001
2020-04-24 09:09:40,417 [OM StateMachine ApplyTransaction Thread - 0] INFO  volume.OMVolumeCreateRequest (OMVolumeCreateRequest.java:validateAndUpdateCache(209)) - created volume:fef4a920-a01a-49a0-95f3-1c6d7e1a84ce for user:jenkins1001
2020-04-24 09:09:40,419 [OM StateMachine ApplyTransaction Thread - 0] INFO  volume.OMVolumeCreateRequest (OMVolumeCreateRequest.java:validateAndUpdateCache(209)) - created volume:fef4a920-a01a-49a0-95f3-1c6d7e1a84ce for user:jenkins1001
2020-04-24 09:09:40,445 [main] INFO  rpc.RpcClient (RpcClient.java:createBucket(447)) - Creating Bucket: fef4a920-a01a-49a0-95f3-1c6d7e1a84ce/d42e31db-2fb4-4f0d-b84b-b97213880749, with Versioning false and Storage Type set to DISK and Encryption set to false 
2020-04-24 09:09:40,484 [main] INFO  ozone.MiniOzoneHAClusterImpl (MiniOzoneHAClusterImpl.java:stop(237)) - Stopping the OzoneManager omNode-3
2020-04-24 09:09:40,485 [main] INFO  ipc.Server (Server.java:stop(3082)) - Stopping server on 12788
2020-04-24 09:09:40,493 [IPC Server listener on 12788] INFO  ipc.Server (Server.java:run(1185)) - Stopping IPC Server listener on 12788
2020-04-24 09:09:40,493 [IPC Server Responder] INFO  ipc.Server (Server.java:run(1319)) - Stopping IPC Server Responder
2020-04-24 09:09:40,493 [main] INFO  impl.RaftServerProxy (RaftServerProxy.java:lambda$close$4(314)) - omNode-3: close
2020-04-24 09:09:40,495 [main] INFO  impl.RaftServerImpl (RaftServerImpl.java:lambda$shutdown$3(249)) - omNode-3@group-6C22E66A003A: shutdown
2020-04-24 09:09:40,495 [main] INFO  util.JmxRegister (JmxRegister.java:unregister(73)) - Successfully un-registered JMX Bean with object name Ratis:service=RaftServer,group=group-6C22E66A003A,id=omNode-3
2020-04-24 09:09:40,495 [main] INFO  impl.RoleInfo (RoleInfo.java:shutdownLeaderState(104)) - omNode-3: shutdown LeaderState
2020-04-24 09:09:40,502 [org.apache.ratis.server.impl.LogAppender$AppenderDaemon$$Lambda$348/133187219@58f0dc40] WARN  server.GrpcLogAppender (GrpcLogAppender.java:mayWait(153)) - omNode-3@group-6C22E66A003A->omNode-1-GrpcLogAppender: Wait interrupted by java.lang.InterruptedException
2020-04-24 09:09:40,504 [main] INFO  impl.PendingRequests (PendingRequests.java:sendNotLeaderResponses(240)) - omNode-3@group-6C22E66A003A-PendingRequests: sendNotLeaderResponses
2020-04-24 09:09:40,505 [grpc-default-executor-5] INFO  server.GrpcServerProtocolService (GrpcServerProtocolService.java:onCompleted(137)) - omNode-1: Completed APPEND_ENTRIES, lastRequest: omNode-3->omNode-1#26-t3, previous=(t:3, i:3), leaderCommit=3, initializing? false, entries: size=1, first=(t:3, i:4), METADATAENTRY(c:3)
2020-04-24 09:09:40,505 [org.apache.ratis.server.impl.LogAppender$AppenderDaemon$$Lambda$348/133187219@2436f1ae] WARN  server.GrpcLogAppender (GrpcLogAppender.java:mayWait(153)) - omNode-3@group-6C22E66A003A->omNode-2-GrpcLogAppender: Wait interrupted by java.lang.InterruptedException
2020-04-24 09:09:40,506 [grpc-default-executor-1] INFO  server.GrpcLogAppender (GrpcLogAppender.java:onCompleted(309)) - omNode-3@group-6C22E66A003A->omNode-1-AppendLogResponseHandler: follower responses appendEntries COMPLETED
2020-04-24 09:09:40,517 [grpc-default-executor-1] INFO  impl.FollowerInfo (FollowerInfo.java:lambda$new$0(50)) - omNode-3@group-6C22E66A003A->omNode-1: nextIndex: updateUnconditionally 5 -> 4
2020-04-24 09:09:40,517 [grpc-default-executor-5] INFO  server.GrpcServerProtocolService (GrpcServerProtocolService.java:onCompleted(137)) - omNode-2: Completed APPEND_ENTRIES, lastRequest: omNode-3->omNode-2#26-t3, previous=(t:3, i:3), leaderCommit=3, initializing? false, entries: size=1, first=(t:3, i:4), METADATAENTRY(c:3)
2020-04-24 09:09:40,524 [grpc-default-executor-5] INFO  server.GrpcLogAppender (GrpcLogAppender.java:onCompleted(309)) - omNode-3@group-6C22E66A003A->omNode-2-AppendLogResponseHandler: follower responses appendEntries COMPLETED
2020-04-24 09:09:40,526 [main] INFO  metrics.RatisMetrics (RatisMetrics.java:unregister(46)) - Unregistering Metrics Registry : ratis.log_appender.omNode-3@group-6C22E66A003A
2020-04-24 09:09:40,526 [main] INFO  impl.StateMachineUpdater (StateMachineUpdater.java:stopAndJoin(139)) - omNode-3@group-6C22E66A003A-StateMachineUpdater: set stopIndex = 4
2020-04-24 09:09:40,527 [omNode-3@group-6C22E66A003A-StateMachineUpdater] INFO  ratis.OzoneManagerStateMachine (OzoneManagerStateMachine.java:takeSnapshot(339)) - Saving Ratis snapshot on the OM.
2020-04-24 09:09:40,531 [omNode-3@group-6C22E66A003A-StateMachineUpdater] INFO  ratis.OMRatisSnapshotInfo (OMRatisSnapshotInfo.java:saveRatisSnapshotToDisk(105)) - Saved Ratis Snapshot on the OM with snapshotIndex (t:3, i:4)
2020-04-24 09:09:40,531 [omNode-3@group-6C22E66A003A-StateMachineUpdater] INFO  impl.StateMachineUpdater (StateMachineUpdater.java:takeSnapshot(274)) - omNode-3@group-6C22E66A003A-StateMachineUpdater: Took a snapshot at index 4
2020-04-24 09:09:40,532 [omNode-3@group-6C22E66A003A-StateMachineUpdater] INFO  impl.StateMachineUpdater (StateMachineUpdater.java:lambda$new$0(86)) - omNode-3@group-6C22E66A003A-StateMachineUpdater: snapshotIndex: updateIncreasingly -1 -> 4
2020-04-24 09:09:40,536 [grpc-default-executor-5] INFO  impl.FollowerInfo (FollowerInfo.java:lambda$new$0(50)) - omNode-3@group-6C22E66A003A->omNode-2: nextIndex: updateUnconditionally 5 -> 4
2020-04-24 09:09:40,537 [omNode-3@group-6C22E66A003A-StateMachineUpdater] INFO  metrics.RatisMetrics (RatisMetrics.java:unregister(46)) - Unregistering Metrics Registry : ratis.state_machine.omNode-3@group-6C22E66A003A
2020-04-24 09:09:40,537 [main] INFO  impl.RaftServerImpl (ServerState.java:close(387)) - omNode-3@group-6C22E66A003A: closes. applyIndex: 4
2020-04-24 09:09:40,538 [omNode-3@group-6C22E66A003A-SegmentedRaftLogWorker] INFO  segmented.SegmentedRaftLogWorker (SegmentedRaftLogWorker.java:run(321)) - omNode-3@group-6C22E66A003A-SegmentedRaftLogWorker was interrupted, exiting. There are 0 tasks remaining in the queue.
2020-04-24 09:09:40,539 [main] INFO  segmented.SegmentedRaftLogWorker (SegmentedRaftLogWorker.java:close(229)) - omNode-3@group-6C22E66A003A-SegmentedRaftLogWorker close()
2020-04-24 09:09:40,540 [main] INFO  metrics.RatisMetrics (RatisMetrics.java:unregister(46)) - Unregistering Metrics Registry : ratis.log_worker.omNode-3
2020-04-24 09:09:40,540 [main] INFO  metrics.RatisMetrics (RatisMetrics.java:unregister(46)) - Unregistering Metrics Registry : ratis.leader_election.omNode-3@group-6C22E66A003A
2020-04-24 09:09:40,540 [main] INFO  metrics.RatisMetrics (RatisMetrics.java:unregister(46)) - Unregistering Metrics Registry : ratis.server.omNode-3@group-6C22E66A003A
2020-04-24 09:09:40,541 [main] INFO  server.GrpcService (GrpcService.java:closeImpl(165)) - omNode-3: shutdown server with port 12792 now
2020-04-24 09:09:40,545 [main] INFO  server.GrpcService (GrpcService.java:closeImpl(173)) - omNode-3: shutdown server with port 12792 successfully
2020-04-24 09:09:40,545 [main] INFO  ratis.OzoneManagerDoubleBuffer (OzoneManagerDoubleBuffer.java:stop(272)) - Stopping OMDoubleBuffer flush thread
2020-04-24 09:09:40,547 [OMDoubleBufferFlushThread] INFO  ratis.OzoneManagerDoubleBuffer (OzoneManagerDoubleBuffer.java:flushTransactions(206)) - OMDoubleBuffer flush thread OMDoubleBufferFlushThread is interrupted and will exit. OMDoubleBufferFlushThread
2020-04-24 09:09:40,548 [main] INFO  utils.BackgroundService (BackgroundService.java:shutdown(157)) - Shutting down service KeyDeletingService
2020-04-24 09:09:40,551 [main] INFO  handler.ContextHandler (ContextHandler.java:doStop(1016)) - Stopped o.e.j.w.WebAppContext@20054016{ozoneManager,/,null,UNAVAILABLE}{file:/github/workspace/mnt/ozone/hadoop-ozone/integration-test/target/test-classes/webapps/ozoneManager}
2020-04-24 09:09:40,557 [main] INFO  server.AbstractConnector (AbstractConnector.java:doStop(380)) - Stopped ServerConnector@4c96d71f{HTTP/1.1,[http/1.1]}{0.0.0.0:12790}
2020-04-24 09:09:40,558 [main] INFO  server.session (HouseKeeper.java:stopScavenging(158)) - node0 Stopped scavenging
2020-04-24 09:09:40,558 [main] INFO  handler.ContextHandler (ContextHandler.java:doStop(1016)) - Stopped o.e.j.s.ServletContextHandler@65e4e3c0{static,/static,file:///github/workspace/mnt/ozone/hadoop-ozone/integration-test/target/test-classes/webapps/static,UNAVAILABLE}
2020-04-24 09:09:40,558 [main] INFO  handler.ContextHandler (ContextHandler.java:doStop(1016)) - Stopped o.e.j.s.ServletContextHandler@dd98967{logs,/logs,file:///github/workspace/mnt/ozone/hadoop-ozone/integration-test/target/log,UNAVAILABLE}
2020-04-24 09:09:40,561 [main] INFO  ozone.MiniOzoneHAClusterImpl (MiniOzoneHAClusterImpl.java:stop(237)) - Stopping the OzoneManager omNode-1
2020-04-24 09:09:40,561 [main] INFO  ipc.Server (Server.java:stop(3082)) - Stopping server on 12776
2020-04-24 09:09:40,564 [IPC Server listener on 12776] INFO  ipc.Server (Server.java:run(1185)) - Stopping IPC Server listener on 12776
2020-04-24 09:09:40,565 [IPC Server Responder] INFO  ipc.Server (Server.java:run(1319)) - Stopping IPC Server Responder
2020-04-24 09:09:40,565 [main] INFO  impl.RaftServerProxy (RaftServerProxy.java:lambda$close$4(314)) - omNode-1: close
2020-04-24 09:09:40,565 [main] INFO  impl.RaftServerImpl (RaftServerImpl.java:lambda$shutdown$3(249)) - omNode-1@group-6C22E66A003A: shutdown
2020-04-24 09:09:40,566 [main] INFO  util.JmxRegister (JmxRegister.java:unregister(73)) - Successfully un-registered JMX Bean with object name Ratis:service=RaftServer,group=group-6C22E66A003A,id=omNode-1
2020-04-24 09:09:40,566 [main] INFO  impl.RoleInfo (RoleInfo.java:shutdownFollowerState(121)) - omNode-1: shutdown FollowerState
2020-04-24 09:09:40,566 [Thread-263] INFO  impl.FollowerState (FollowerState.java:run(117)) - omNode-1@group-6C22E66A003A-FollowerState was interrupted: java.lang.InterruptedException: sleep interrupted
2020-04-24 09:09:40,566 [main] INFO  impl.StateMachineUpdater (StateMachineUpdater.java:stopAndJoin(139)) - omNode-1@group-6C22E66A003A-StateMachineUpdater: set stopIndex = 3
2020-04-24 09:09:40,566 [omNode-1@group-6C22E66A003A-StateMachineUpdater] INFO  ratis.OzoneManagerStateMachine (OzoneManagerStateMachine.java:takeSnapshot(339)) - Saving Ratis snapshot on the OM.
2020-04-24 09:09:40,568 [omNode-1@group-6C22E66A003A-StateMachineUpdater] INFO  ratis.OMRatisSnapshotInfo (OMRatisSnapshotInfo.java:saveRatisSnapshotToDisk(105)) - Saved Ratis Snapshot on the OM with snapshotIndex (t:3, i:3)
2020-04-24 09:09:40,572 [omNode-1@group-6C22E66A003A-StateMachineUpdater] INFO  impl.StateMachineUpdater (StateMachineUpdater.java:takeSnapshot(274)) - omNode-1@group-6C22E66A003A-StateMachineUpdater: Took a snapshot at index 3
2020-04-24 09:09:40,572 [omNode-1@group-6C22E66A003A-StateMachineUpdater] INFO  impl.StateMachineUpdater (StateMachineUpdater.java:lambda$new$0(86)) - omNode-1@group-6C22E66A003A-StateMachineUpdater: snapshotIndex: updateIncreasingly -1 -> 3
2020-04-24 09:09:40,572 [omNode-1@group-6C22E66A003A-StateMachineUpdater] INFO  metrics.RatisMetrics (RatisMetrics.java:unregister(46)) - Unregistering Metrics Registry : ratis.state_machine.omNode-1@group-6C22E66A003A
2020-04-24 09:09:40,572 [main] INFO  impl.RaftServerImpl (ServerState.java:close(387)) - omNode-1@group-6C22E66A003A: closes. applyIndex: 3
2020-04-24 09:09:40,573 [omNode-1@group-6C22E66A003A-SegmentedRaftLogWorker] INFO  segmented.SegmentedRaftLogWorker (SegmentedRaftLogWorker.java:run(321)) - omNode-1@group-6C22E66A003A-SegmentedRaftLogWorker was interrupted, exiting. There are 0 tasks remaining in the queue.
2020-04-24 09:09:40,573 [main] INFO  segmented.SegmentedRaftLogWorker (SegmentedRaftLogWorker.java:close(229)) - omNode-1@group-6C22E66A003A-SegmentedRaftLogWorker close()
2020-04-24 09:09:40,574 [main] INFO  metrics.RatisMetrics (RatisMetrics.java:unregister(46)) - Unregistering Metrics Registry : ratis.log_worker.omNode-1
2020-04-24 09:09:40,574 [main] INFO  metrics.RatisMetrics (RatisMetrics.java:unregister(46)) - Unregistering Metrics Registry : ratis.leader_election.omNode-1@group-6C22E66A003A
2020-04-24 09:09:40,575 [main] INFO  metrics.RatisMetrics (RatisMetrics.java:unregister(46)) - Unregistering Metrics Registry : ratis.server.omNode-1@group-6C22E66A003A
2020-04-24 09:09:40,575 [main] INFO  server.GrpcService (GrpcService.java:closeImpl(165)) - omNode-1: shutdown server with port 12780 now
2020-04-24 09:09:40,579 [main] INFO  server.GrpcService (GrpcService.java:closeImpl(173)) - omNode-1: shutdown server with port 12780 successfully
2020-04-24 09:09:40,579 [main] INFO  ratis.OzoneManagerDoubleBuffer (OzoneManagerDoubleBuffer.java:stop(272)) - Stopping OMDoubleBuffer flush thread
2020-04-24 09:09:40,579 [OMDoubleBufferFlushThread] INFO  ratis.OzoneManagerDoubleBuffer (OzoneManagerDoubleBuffer.java:flushTransactions(206)) - OMDoubleBuffer flush thread OMDoubleBufferFlushThread is interrupted and will exit. OMDoubleBufferFlushThread
2020-04-24 09:09:40,593 [main] INFO  utils.BackgroundService (BackgroundService.java:shutdown(157)) - Shutting down service KeyDeletingService
2020-04-24 09:09:40,595 [main] INFO  handler.ContextHandler (ContextHandler.java:doStop(1016)) - Stopped o.e.j.w.WebAppContext@7964a054{ozoneManager,/,null,UNAVAILABLE}{file:/github/workspace/mnt/ozone/hadoop-ozone/integration-test/target/test-classes/webapps/ozoneManager}
2020-04-24 09:09:40,596 [main] INFO  server.AbstractConnector (AbstractConnector.java:doStop(380)) - Stopped ServerConnector@11cf6217{HTTP/1.1,[http/1.1]}{0.0.0.0:12778}
2020-04-24 09:09:40,596 [main] INFO  server.session (HouseKeeper.java:stopScavenging(158)) - node0 Stopped scavenging
2020-04-24 09:09:40,596 [main] INFO  handler.ContextHandler (ContextHandler.java:doStop(1016)) - Stopped o.e.j.s.ServletContextHandler@787edbf6{static,/static,file:///github/workspace/mnt/ozone/hadoop-ozone/integration-test/target/test-classes/webapps/static,UNAVAILABLE}
2020-04-24 09:09:40,596 [main] INFO  handler.ContextHandler (ContextHandler.java:doStop(1016)) - Stopped o.e.j.s.ServletContextHandler@7b058440{logs,/logs,file:///github/workspace/mnt/ozone/hadoop-ozone/integration-test/target/log,UNAVAILABLE}
2020-04-24 09:09:40,600 [main] INFO  ozone.MiniOzoneHAClusterImpl (MiniOzoneHAClusterImpl.java:stop(237)) - Stopping the OzoneManager omNode-2
2020-04-24 09:09:40,601 [main] INFO  ipc.Server (Server.java:stop(3082)) - Stopping server on 12782
2020-04-24 09:09:40,603 [IPC Server listener on 12782] INFO  ipc.Server (Server.java:run(1185)) - Stopping IPC Server listener on 12782
2020-04-24 09:09:40,604 [IPC Server Responder] INFO  ipc.Server (Server.java:run(1319)) - Stopping IPC Server Responder
2020-04-24 09:09:40,605 [main] INFO  impl.RaftServerProxy (RaftServerProxy.java:lambda$close$4(314)) - omNode-2: close
2020-04-24 09:09:40,605 [main] INFO  impl.RaftServerImpl (RaftServerImpl.java:lambda$shutdown$3(249)) - omNode-2@group-6C22E66A003A: shutdown
2020-04-24 09:09:40,606 [main] INFO  util.JmxRegister (JmxRegister.java:unregister(73)) - Successfully un-registered JMX Bean with object name Ratis:service=RaftServer,group=group-6C22E66A003A,id=omNode-2
2020-04-24 09:09:40,606 [main] INFO  impl.RoleInfo (RoleInfo.java:shutdownFollowerState(121)) - omNode-2: shutdown FollowerState
2020-04-24 09:09:40,607 [Thread-264] INFO  impl.FollowerState (FollowerState.java:run(117)) - omNode-2@group-6C22E66A003A-FollowerState was interrupted: java.lang.InterruptedException: sleep interrupted
2020-04-24 09:09:40,607 [omNode-2@group-6C22E66A003A-StateMachineUpdater] INFO  ratis.OzoneManagerStateMachine (OzoneManagerStateMachine.java:takeSnapshot(339)) - Saving Ratis snapshot on the OM.
2020-04-24 09:09:40,607 [main] INFO  impl.StateMachineUpdater (StateMachineUpdater.java:stopAndJoin(139)) - omNode-2@group-6C22E66A003A-StateMachineUpdater: set stopIndex = 3
2020-04-24 09:09:40,608 [omNode-2@group-6C22E66A003A-StateMachineUpdater] INFO  ratis.OMRatisSnapshotInfo (OMRatisSnapshotInfo.java:saveRatisSnapshotToDisk(105)) - Saved Ratis Snapshot on the OM with snapshotIndex (t:3, i:3)
2020-04-24 09:09:40,608 [omNode-2@group-6C22E66A003A-StateMachineUpdater] INFO  impl.StateMachineUpdater (StateMachineUpdater.java:takeSnapshot(274)) - omNode-2@group-6C22E66A003A-StateMachineUpdater: Took a snapshot at index 3
2020-04-24 09:09:40,608 [omNode-2@group-6C22E66A003A-StateMachineUpdater] INFO  impl.StateMachineUpdater (StateMachineUpdater.java:lambda$new$0(86)) - omNode-2@group-6C22E66A003A-StateMachineUpdater: snapshotIndex: updateIncreasingly -1 -> 3
2020-04-24 09:09:40,609 [omNode-2@group-6C22E66A003A-StateMachineUpdater] INFO  metrics.RatisMetrics (RatisMetrics.java:unregister(46)) - Unregistering Metrics Registry : ratis.state_machine.omNode-2@group-6C22E66A003A
2020-04-24 09:09:40,610 [main] INFO  impl.RaftServerImpl (ServerState.java:close(387)) - omNode-2@group-6C22E66A003A: closes. applyIndex: 3
2020-04-24 09:09:40,610 [omNode-2@group-6C22E66A003A-SegmentedRaftLogWorker] INFO  segmented.SegmentedRaftLogWorker (SegmentedRaftLogWorker.java:run(321)) - omNode-2@group-6C22E66A003A-SegmentedRaftLogWorker was interrupted, exiting. There are 0 tasks remaining in the queue.
2020-04-24 09:09:40,611 [main] INFO  segmented.SegmentedRaftLogWorker (SegmentedRaftLogWorker.java:close(229)) - omNode-2@group-6C22E66A003A-SegmentedRaftLogWorker close()
2020-04-24 09:09:40,611 [main] INFO  metrics.RatisMetrics (RatisMetrics.java:unregister(46)) - Unregistering Metrics Registry : ratis.log_worker.omNode-2
2020-04-24 09:09:40,612 [main] INFO  metrics.RatisMetrics (RatisMetrics.java:unregister(46)) - Unregistering Metrics Registry : ratis.leader_election.omNode-2@group-6C22E66A003A
2020-04-24 09:09:40,612 [main] INFO  metrics.RatisMetrics (RatisMetrics.java:unregister(46)) - Unregistering Metrics Registry : ratis.server.omNode-2@group-6C22E66A003A
2020-04-24 09:09:40,612 [main] INFO  server.GrpcService (GrpcService.java:closeImpl(165)) - omNode-2: shutdown server with port 12786 now
2020-04-24 09:09:40,614 [main] INFO  server.GrpcService (GrpcService.java:closeImpl(173)) - omNode-2: shutdown server with port 12786 successfully
2020-04-24 09:09:40,614 [main] INFO  ratis.OzoneManagerDoubleBuffer (OzoneManagerDoubleBuffer.java:stop(272)) - Stopping OMDoubleBuffer flush thread
2020-04-24 09:09:40,614 [OMDoubleBufferFlushThread] INFO  ratis.OzoneManagerDoubleBuffer (OzoneManagerDoubleBuffer.java:flushTransactions(206)) - OMDoubleBuffer flush thread OMDoubleBufferFlushThread is interrupted and will exit. OMDoubleBufferFlushThread
2020-04-24 09:09:40,615 [main] INFO  utils.BackgroundService (BackgroundService.java:shutdown(157)) - Shutting down service KeyDeletingService
2020-04-24 09:09:40,616 [main] INFO  handler.ContextHandler (ContextHandler.java:doStop(1016)) - Stopped o.e.j.w.WebAppContext@1a6dca5e{ozoneManager,/,null,UNAVAILABLE}{file:/github/workspace/mnt/ozone/hadoop-ozone/integration-test/target/test-classes/webapps/ozoneManager}
2020-04-24 09:09:40,617 [main] INFO  server.AbstractConnector (AbstractConnector.java:doStop(380)) - Stopped ServerConnector@36fe7b03{HTTP/1.1,[http/1.1]}{0.0.0.0:12784}
2020-04-24 09:09:40,617 [main] INFO  server.session (HouseKeeper.java:stopScavenging(158)) - node0 Stopped scavenging
2020-04-24 09:09:40,618 [main] INFO  handler.ContextHandler (ContextHandler.java:doStop(1016)) - Stopped o.e.j.s.ServletContextHandler@5d4608a4{static,/static,file:///github/workspace/mnt/ozone/hadoop-ozone/integration-test/target/test-classes/webapps/static,UNAVAILABLE}
2020-04-24 09:09:40,618 [main] INFO  handler.ContextHandler (ContextHandler.java:doStop(1016)) - Stopped o.e.j.s.ServletContextHandler@6c950810{logs,/logs,file:///github/workspace/mnt/ozone/hadoop-ozone/integration-test/target/log,UNAVAILABLE}
2020-04-24 09:09:40,622 [main] INFO  ozone.MiniOzoneClusterImpl (MiniOzoneClusterImpl.java:stop(402)) - Stopping the Mini Ozone Cluster
2020-04-24 09:09:40,622 [main] INFO  ozone.MiniOzoneClusterImpl (MiniOzoneClusterImpl.java:stopDatanodes(461)) - Stopping the HddsDatanodes
2020-04-24 09:09:40,667 [Datanode State Machine Thread - 0] INFO  statemachine.DatanodeStateMachine (DatanodeStateMachine.java:lambda$startDaemon$0(376)) - Ozone container server started.
2020-04-24 09:09:41,326 [Datanode State Machine Thread - 0] INFO  statemachine.DatanodeStateMachine (DatanodeStateMachine.java:lambda$startDaemon$0(376)) - Ozone container server started.
2020-04-24 09:09:42,310 [Thread-346] INFO  container.ReplicationManager (ReplicationManager.java:start(165)) - Starting Replication Monitor Thread.
2020-04-24 09:09:42,311 [ReplicationMonitor] INFO  container.ReplicationManager (ReplicationManager.java:run(228)) - Replication Monitor Thread took 1 milliseconds for processing 0 containers.
2020-04-24 09:09:45,624 [main] INFO  ozoneimpl.OzoneContainer (OzoneContainer.java:stop(246)) - Attempting to stop container services.
2020-04-24 09:09:45,625 [ForkJoinPool.commonPool-worker-1] INFO  ozoneimpl.OzoneContainer (OzoneContainer.java:stop(246)) - Attempting to stop container services.
2020-04-24 09:09:45,625 [ForkJoinPool.commonPool-worker-1] INFO  impl.RaftServerProxy (RaftServerProxy.java:lambda$close$4(314)) - 59cd1272-d47d-4ade-aa11-418e6c4da764: close
2020-04-24 09:09:45,625 [ForkJoinPool.commonPool-worker-1] INFO  impl.RaftServerImpl (RaftServerImpl.java:lambda$shutdown$3(249)) - 59cd1272-d47d-4ade-aa11-418e6c4da764@group-455FD326DA39: shutdown
2020-04-24 09:09:45,625 [ForkJoinPool.commonPool-worker-1] INFO  util.JmxRegister (JmxRegister.java:unregister(73)) - Successfully un-registered JMX Bean with object name Ratis:service=RaftServer,group=group-455FD326DA39,id=59cd1272-d47d-4ade-aa11-418e6c4da764
2020-04-24 09:09:45,625 [ForkJoinPool.commonPool-worker-1] INFO  impl.RoleInfo (RoleInfo.java:shutdownLeaderState(104)) - 59cd1272-d47d-4ade-aa11-418e6c4da764: shutdown LeaderState
2020-04-24 09:09:45,628 [main] INFO  impl.RaftServerProxy (RaftServerProxy.java:lambda$close$4(314)) - a79ca38e-dc5f-4a68-b291-7d46d54031f2: close
2020-04-24 09:09:45,628 [main] INFO  impl.RaftServerImpl (RaftServerImpl.java:lambda$shutdown$3(249)) - a79ca38e-dc5f-4a68-b291-7d46d54031f2@group-455FD326DA39: shutdown
2020-04-24 09:09:45,628 [main] INFO  util.JmxRegister (JmxRegister.java:unregister(73)) - Successfully un-registered JMX Bean with object name Ratis:service=RaftServer,group=group-455FD326DA39,id=a79ca38e-dc5f-4a68-b291-7d46d54031f2
2020-04-24 09:09:45,628 [main] INFO  impl.RoleInfo (RoleInfo.java:shutdownFollowerState(121)) - a79ca38e-dc5f-4a68-b291-7d46d54031f2: shutdown FollowerState
2020-04-24 09:09:45,628 [main] INFO  impl.StateMachineUpdater (StateMachineUpdater.java:stopAndJoin(139)) - a79ca38e-dc5f-4a68-b291-7d46d54031f2@group-455FD326DA39-StateMachineUpdater: set stopIndex = 0
2020-04-24 09:09:45,628 [Thread-345] INFO  impl.FollowerState (FollowerState.java:run(117)) - a79ca38e-dc5f-4a68-b291-7d46d54031f2@group-455FD326DA39-FollowerState was interrupted: java.lang.InterruptedException: sleep interrupted
2020-04-24 09:09:45,629 [a79ca38e-dc5f-4a68-b291-7d46d54031f2@group-455FD326DA39-StateMachineUpdater] INFO  ratis.ContainerStateMachine (ContainerStateMachine.java:takeSnapshot(288)) - group-455FD326DA39: Taking a snapshot at:(t:1, i:0) file /github/workspace/mnt/ozone/hadoop-ozone/integration-test/target/test-dir/MiniOzoneClusterImpl-28ce97df-7db2-4fc1-9c49-0cb63a1a27a8/datanode-1/data/ratis/c7a8e82f-041c-47cc-b543-455fd326da39/sm/snapshot.1_0
2020-04-24 09:09:45,631 [org.apache.ratis.server.impl.LogAppender$AppenderDaemon$$Lambda$348/133187219@3b0061f] WARN  server.GrpcLogAppender (GrpcLogAppender.java:mayWait(153)) - 59cd1272-d47d-4ade-aa11-418e6c4da764@group-455FD326DA39->23210909-aab5-418a-84f3-57294aa846dd-GrpcLogAppender: Wait interrupted by java.lang.InterruptedException
2020-04-24 09:09:45,633 [grpc-default-executor-5] INFO  server.GrpcServerProtocolService (GrpcServerProtocolService.java:onCompleted(137)) - 23210909-aab5-418a-84f3-57294aa846dd: Completed APPEND_ENTRIES, lastRequest: 59cd1272-d47d-4ade-aa11-418e6c4da764->23210909-aab5-418a-84f3-57294aa846dd#1-t1, previous=(t:0, i:0), leaderCommit=-1, initializing? false, entries: size=1, first=(t:1, i:0), CONFIGURATIONENTRY
2020-04-24 09:09:45,634 [grpc-default-executor-1] INFO  server.GrpcLogAppender (GrpcLogAppender.java:onCompleted(309)) - 59cd1272-d47d-4ade-aa11-418e6c4da764@group-455FD326DA39->23210909-aab5-418a-84f3-57294aa846dd-AppendLogResponseHandler: follower responses appendEntries COMPLETED
2020-04-24 09:09:45,632 [ForkJoinPool.commonPool-worker-1] INFO  impl.PendingRequests (PendingRequests.java:sendNotLeaderResponses(240)) - 59cd1272-d47d-4ade-aa11-418e6c4da764@group-455FD326DA39-PendingRequests: sendNotLeaderResponses
2020-04-24 09:09:45,635 [org.apache.ratis.server.impl.LogAppender$AppenderDaemon$$Lambda$348/133187219@39e1e376] WARN  server.GrpcLogAppender (GrpcLogAppender.java:mayWait(153)) - 59cd1272-d47d-4ade-aa11-418e6c4da764@group-455FD326DA39->a79ca38e-dc5f-4a68-b291-7d46d54031f2-GrpcLogAppender: Wait interrupted by java.lang.InterruptedException
2020-04-24 09:09:45,635 [ForkJoinPool.commonPool-worker-1] INFO  metrics.RatisMetrics (RatisMetrics.java:unregister(46)) - Unregistering Metrics Registry : ratis.log_appender.59cd1272-d47d-4ade-aa11-418e6c4da764@group-455FD326DA39
2020-04-24 09:09:45,635 [ForkJoinPool.commonPool-worker-1] INFO  impl.StateMachineUpdater (StateMachineUpdater.java:stopAndJoin(139)) - 59cd1272-d47d-4ade-aa11-418e6c4da764@group-455FD326DA39-StateMachineUpdater: set stopIndex = 0
2020-04-24 09:09:45,639 [59cd1272-d47d-4ade-aa11-418e6c4da764@group-455FD326DA39-StateMachineUpdater] INFO  ratis.ContainerStateMachine (ContainerStateMachine.java:takeSnapshot(288)) - group-455FD326DA39: Taking a snapshot at:(t:1, i:0) file /github/workspace/mnt/ozone/hadoop-ozone/integration-test/target/test-dir/MiniOzoneClusterImpl-28ce97df-7db2-4fc1-9c49-0cb63a1a27a8/datanode-0/data/ratis/c7a8e82f-041c-47cc-b543-455fd326da39/sm/snapshot.1_0
2020-04-24 09:09:45,641 [grpc-default-executor-1] INFO  impl.FollowerInfo (FollowerInfo.java:lambda$new$0(50)) - 59cd1272-d47d-4ade-aa11-418e6c4da764@group-455FD326DA39->23210909-aab5-418a-84f3-57294aa846dd: nextIndex: updateUnconditionally 1 -> 0
2020-04-24 09:09:45,641 [grpc-default-executor-1] INFO  server.GrpcServerProtocolService (GrpcServerProtocolService.java:onCompleted(137)) - a79ca38e-dc5f-4a68-b291-7d46d54031f2: Completed APPEND_ENTRIES, lastRequest: 59cd1272-d47d-4ade-aa11-418e6c4da764->a79ca38e-dc5f-4a68-b291-7d46d54031f2#1-t1, previous=(t:0, i:0), leaderCommit=0, initializing? false, entries: size=1, first=(t:1, i:0), CONFIGURATIONENTRY
2020-04-24 09:09:45,643 [grpc-default-executor-1] INFO  server.GrpcLogAppender (GrpcLogAppender.java:onCompleted(309)) - 59cd1272-d47d-4ade-aa11-418e6c4da764@group-455FD326DA39->a79ca38e-dc5f-4a68-b291-7d46d54031f2-AppendLogResponseHandler: follower responses appendEntries COMPLETED
2020-04-24 09:09:45,644 [grpc-default-executor-1] INFO  impl.FollowerInfo (FollowerInfo.java:lambda$new$0(50)) - 59cd1272-d47d-4ade-aa11-418e6c4da764@group-455FD326DA39->a79ca38e-dc5f-4a68-b291-7d46d54031f2: nextIndex: updateUnconditionally 1 -> 0
2020-04-24 09:09:45,737 [a79ca38e-dc5f-4a68-b291-7d46d54031f2@group-455FD326DA39-StateMachineUpdater] INFO  ratis.ContainerStateMachine (ContainerStateMachine.java:takeSnapshot(299)) - group-455FD326DA39: Finished taking a snapshot at:(t:1, i:0) file:/github/workspace/mnt/ozone/hadoop-ozone/integration-test/target/test-dir/MiniOzoneClusterImpl-28ce97df-7db2-4fc1-9c49-0cb63a1a27a8/datanode-1/data/ratis/c7a8e82f-041c-47cc-b543-455fd326da39/sm/snapshot.1_0 time:107
2020-04-24 09:09:45,737 [59cd1272-d47d-4ade-aa11-418e6c4da764@group-455FD326DA39-StateMachineUpdater] INFO  ratis.ContainerStateMachine (ContainerStateMachine.java:takeSnapshot(299)) - group-455FD326DA39: Finished taking a snapshot at:(t:1, i:0) file:/github/workspace/mnt/ozone/hadoop-ozone/integration-test/target/test-dir/MiniOzoneClusterImpl-28ce97df-7db2-4fc1-9c49-0cb63a1a27a8/datanode-0/data/ratis/c7a8e82f-041c-47cc-b543-455fd326da39/sm/snapshot.1_0 time:97
2020-04-24 09:09:45,739 [a79ca38e-dc5f-4a68-b291-7d46d54031f2@group-455FD326DA39-StateMachineUpdater] INFO  impl.StateMachineUpdater (StateMachineUpdater.java:takeSnapshot(274)) - a79ca38e-dc5f-4a68-b291-7d46d54031f2@group-455FD326DA39-StateMachineUpdater: Took a snapshot at index 0
2020-04-24 09:09:45,739 [a79ca38e-dc5f-4a68-b291-7d46d54031f2@group-455FD326DA39-StateMachineUpdater] INFO  impl.StateMachineUpdater (StateMachineUpdater.java:lambda$new$0(86)) - a79ca38e-dc5f-4a68-b291-7d46d54031f2@group-455FD326DA39-StateMachineUpdater: snapshotIndex: updateIncreasingly -1 -> 0
2020-04-24 09:09:45,739 [59cd1272-d47d-4ade-aa11-418e6c4da764@group-455FD326DA39-StateMachineUpdater] INFO  impl.StateMachineUpdater (StateMachineUpdater.java:takeSnapshot(274)) - 59cd1272-d47d-4ade-aa11-418e6c4da764@group-455FD326DA39-StateMachineUpdater: Took a snapshot at index 0
2020-04-24 09:09:45,739 [59cd1272-d47d-4ade-aa11-418e6c4da764@group-455FD326DA39-StateMachineUpdater] INFO  impl.StateMachineUpdater (StateMachineUpdater.java:lambda$new$0(86)) - 59cd1272-d47d-4ade-aa11-418e6c4da764@group-455FD326DA39-StateMachineUpdater: snapshotIndex: updateIncreasingly -1 -> 0
2020-04-24 09:09:45,739 [a79ca38e-dc5f-4a68-b291-7d46d54031f2@group-455FD326DA39-StateMachineUpdater] INFO  metrics.RatisMetrics (RatisMetrics.java:unregister(46)) - Unregistering Metrics Registry : ratis.state_machine.a79ca38e-dc5f-4a68-b291-7d46d54031f2@group-455FD326DA39
2020-04-24 09:09:45,739 [59cd1272-d47d-4ade-aa11-418e6c4da764@group-455FD326DA39-StateMachineUpdater] INFO  metrics.RatisMetrics (RatisMetrics.java:unregister(46)) - Unregistering Metrics Registry : ratis.state_machine.59cd1272-d47d-4ade-aa11-418e6c4da764@group-455FD326DA39
2020-04-24 09:09:45,739 [main] INFO  impl.RaftServerImpl (ServerState.java:close(387)) - a79ca38e-dc5f-4a68-b291-7d46d54031f2@group-455FD326DA39: closes. applyIndex: 0
2020-04-24 09:09:45,740 [a79ca38e-dc5f-4a68-b291-7d46d54031f2@group-455FD326DA39-SegmentedRaftLogWorker] INFO  segmented.SegmentedRaftLogWorker (SegmentedRaftLogWorker.java:run(321)) - a79ca38e-dc5f-4a68-b291-7d46d54031f2@group-455FD326DA39-SegmentedRaftLogWorker was interrupted, exiting. There are 0 tasks remaining in the queue.
2020-04-24 09:09:45,740 [ForkJoinPool.commonPool-worker-1] INFO  impl.RaftServerImpl (ServerState.java:close(387)) - 59cd1272-d47d-4ade-aa11-418e6c4da764@group-455FD326DA39: closes. applyIndex: 0
2020-04-24 09:09:45,740 [59cd1272-d47d-4ade-aa11-418e6c4da764@group-455FD326DA39-SegmentedRaftLogWorker] INFO  segmented.SegmentedRaftLogWorker (SegmentedRaftLogWorker.java:run(321)) - 59cd1272-d47d-4ade-aa11-418e6c4da764@group-455FD326DA39-SegmentedRaftLogWorker was interrupted, exiting. There are 0 tasks remaining in the queue.
2020-04-24 09:09:45,743 [ForkJoinPool.commonPool-worker-1] INFO  segmented.SegmentedRaftLogWorker (SegmentedRaftLogWorker.java:close(229)) - 59cd1272-d47d-4ade-aa11-418e6c4da764@group-455FD326DA39-SegmentedRaftLogWorker close()
2020-04-24 09:09:45,743 [main] INFO  segmented.SegmentedRaftLogWorker (SegmentedRaftLogWorker.java:close(229)) - a79ca38e-dc5f-4a68-b291-7d46d54031f2@group-455FD326DA39-SegmentedRaftLogWorker close()
2020-04-24 09:09:45,744 [ForkJoinPool.commonPool-worker-1] INFO  metrics.RatisMetrics (RatisMetrics.java:unregister(46)) - Unregistering Metrics Registry : ratis.log_worker.59cd1272-d47d-4ade-aa11-418e6c4da764
2020-04-24 09:09:45,744 [ForkJoinPool.commonPool-worker-1] INFO  metrics.RatisMetrics (RatisMetrics.java:unregister(46)) - Unregistering Metrics Registry : ratis.leader_election.59cd1272-d47d-4ade-aa11-418e6c4da764@group-455FD326DA39
2020-04-24 09:09:45,745 [ForkJoinPool.commonPool-worker-1] INFO  metrics.RatisMetrics (RatisMetrics.java:unregister(46)) - Unregistering Metrics Registry : ratis.server.59cd1272-d47d-4ade-aa11-418e6c4da764@group-455FD326DA39
2020-04-24 09:09:45,745 [ForkJoinPool.commonPool-worker-1] INFO  impl.RaftServerImpl (RaftServerImpl.java:lambda$shutdown$3(249)) - 59cd1272-d47d-4ade-aa11-418e6c4da764@group-6357229F3354: shutdown
2020-04-24 09:09:45,745 [ForkJoinPool.commonPool-worker-1] INFO  util.JmxRegister (JmxRegister.java:unregister(73)) - Successfully un-registered JMX Bean with object name Ratis:service=RaftServer,group=group-6357229F3354,id=59cd1272-d47d-4ade-aa11-418e6c4da764
2020-04-24 09:09:45,745 [ForkJoinPool.commonPool-worker-1] INFO  impl.RoleInfo (RoleInfo.java:shutdownLeaderState(104)) - 59cd1272-d47d-4ade-aa11-418e6c4da764: shutdown LeaderState
2020-04-24 09:09:45,745 [ForkJoinPool.commonPool-worker-1] INFO  impl.PendingRequests (PendingRequests.java:sendNotLeaderResponses(240)) - 59cd1272-d47d-4ade-aa11-418e6c4da764@group-6357229F3354-PendingRequests: sendNotLeaderResponses
2020-04-24 09:09:45,745 [ForkJoinPool.commonPool-worker-1] INFO  metrics.RatisMetrics (RatisMetrics.java:unregister(46)) - Unregistering Metrics Registry : ratis.log_appender.59cd1272-d47d-4ade-aa11-418e6c4da764@group-6357229F3354
2020-04-24 09:09:45,746 [ForkJoinPool.commonPool-worker-1] INFO  impl.StateMachineUpdater (StateMachineUpdater.java:stopAndJoin(139)) - 59cd1272-d47d-4ade-aa11-418e6c4da764@group-6357229F3354-StateMachineUpdater: set stopIndex = 0
2020-04-24 09:09:45,746 [59cd1272-d47d-4ade-aa11-418e6c4da764@group-6357229F3354-StateMachineUpdater] INFO  ratis.ContainerStateMachine (ContainerStateMachine.java:takeSnapshot(288)) - group-6357229F3354: Taking a snapshot at:(t:1, i:0) file /github/workspace/mnt/ozone/hadoop-ozone/integration-test/target/test-dir/MiniOzoneClusterImpl-28ce97df-7db2-4fc1-9c49-0cb63a1a27a8/datanode-0/data/ratis/0110dd94-fcc6-4256-8226-6357229f3354/sm/snapshot.1_0
2020-04-24 09:09:45,747 [main] INFO  metrics.RatisMetrics (RatisMetrics.java:unregister(46)) - Unregistering Metrics Registry : ratis.log_worker.a79ca38e-dc5f-4a68-b291-7d46d54031f2
2020-04-24 09:09:45,747 [main] INFO  metrics.RatisMetrics (RatisMetrics.java:unregister(46)) - Unregistering Metrics Registry : ratis.leader_election.a79ca38e-dc5f-4a68-b291-7d46d54031f2@group-455FD326DA39
2020-04-24 09:09:45,747 [main] INFO  metrics.RatisMetrics (RatisMetrics.java:unregister(46)) - Unregistering Metrics Registry : ratis.server.a79ca38e-dc5f-4a68-b291-7d46d54031f2@group-455FD326DA39
2020-04-24 09:09:45,748 [main] INFO  impl.RaftServerImpl (RaftServerImpl.java:lambda$shutdown$3(249)) - a79ca38e-dc5f-4a68-b291-7d46d54031f2@group-177B4684B395: shutdown
2020-04-24 09:09:45,748 [main] INFO  util.JmxRegister (JmxRegister.java:unregister(73)) - Successfully un-registered JMX Bean with object name Ratis:service=RaftServer,group=group-177B4684B395,id=a79ca38e-dc5f-4a68-b291-7d46d54031f2
2020-04-24 09:09:45,748 [main] INFO  impl.RoleInfo (RoleInfo.java:shutdownLeaderState(104)) - a79ca38e-dc5f-4a68-b291-7d46d54031f2: shutdown LeaderState
2020-04-24 09:09:45,748 [main] INFO  impl.PendingRequests (PendingRequests.java:sendNotLeaderResponses(240)) - a79ca38e-dc5f-4a68-b291-7d46d54031f2@group-177B4684B395-PendingRequests: sendNotLeaderResponses
2020-04-24 09:09:45,748 [59cd1272-d47d-4ade-aa11-418e6c4da764@group-6357229F3354-StateMachineUpdater] INFO  ratis.ContainerStateMachine (ContainerStateMachine.java:takeSnapshot(299)) - group-6357229F3354: Finished taking a snapshot at:(t:1, i:0) file:/github/workspace/mnt/ozone/hadoop-ozone/integration-test/target/test-dir/MiniOzoneClusterImpl-28ce97df-7db2-4fc1-9c49-0cb63a1a27a8/datanode-0/data/ratis/0110dd94-fcc6-4256-8226-6357229f3354/sm/snapshot.1_0 time:2
2020-04-24 09:09:45,749 [59cd1272-d47d-4ade-aa11-418e6c4da764@group-6357229F3354-StateMachineUpdater] INFO  impl.StateMachineUpdater (StateMachineUpdater.java:takeSnapshot(274)) - 59cd1272-d47d-4ade-aa11-418e6c4da764@group-6357229F3354-StateMachineUpdater: Took a snapshot at index 0
2020-04-24 09:09:45,749 [59cd1272-d47d-4ade-aa11-418e6c4da764@group-6357229F3354-StateMachineUpdater] INFO  impl.StateMachineUpdater (StateMachineUpdater.java:lambda$new$0(86)) - 59cd1272-d47d-4ade-aa11-418e6c4da764@group-6357229F3354-StateMachineUpdater: snapshotIndex: updateIncreasingly -1 -> 0
2020-04-24 09:09:45,749 [59cd1272-d47d-4ade-aa11-418e6c4da764@group-6357229F3354-StateMachineUpdater] INFO  metrics.RatisMetrics (RatisMetrics.java:unregister(46)) - Unregistering Metrics Registry : ratis.state_machine.59cd1272-d47d-4ade-aa11-418e6c4da764@group-6357229F3354
2020-04-24 09:09:45,749 [ForkJoinPool.commonPool-worker-1] INFO  impl.RaftServerImpl (ServerState.java:close(387)) - 59cd1272-d47d-4ade-aa11-418e6c4da764@group-6357229F3354: closes. applyIndex: 0
2020-04-24 09:09:45,750 [main] INFO  metrics.RatisMetrics (RatisMetrics.java:unregister(46)) - Unregistering Metrics Registry : ratis.log_appender.a79ca38e-dc5f-4a68-b291-7d46d54031f2@group-177B4684B395
2020-04-24 09:09:45,750 [main] INFO  impl.StateMachineUpdater (StateMachineUpdater.java:stopAndJoin(139)) - a79ca38e-dc5f-4a68-b291-7d46d54031f2@group-177B4684B395-StateMachineUpdater: set stopIndex = 0
2020-04-24 09:09:45,750 [a79ca38e-dc5f-4a68-b291-7d46d54031f2@group-177B4684B395-StateMachineUpdater] INFO  ratis.ContainerStateMachine (ContainerStateMachine.java:takeSnapshot(288)) - group-177B4684B395: Taking a snapshot at:(t:1, i:0) file /github/workspace/mnt/ozone/hadoop-ozone/integration-test/target/test-dir/MiniOzoneClusterImpl-28ce97df-7db2-4fc1-9c49-0cb63a1a27a8/datanode-1/data/ratis/1c32087b-de66-4216-9824-177b4684b395/sm/snapshot.1_0
2020-04-24 09:09:45,750 [59cd1272-d47d-4ade-aa11-418e6c4da764@group-6357229F3354-SegmentedRaftLogWorker] INFO  segmented.SegmentedRaftLogWorker (SegmentedRaftLogWorker.java:run(321)) - 59cd1272-d47d-4ade-aa11-418e6c4da764@group-6357229F3354-SegmentedRaftLogWorker was interrupted, exiting. There are 0 tasks remaining in the queue.
2020-04-24 09:09:45,751 [a79ca38e-dc5f-4a68-b291-7d46d54031f2@group-177B4684B395-StateMachineUpdater] INFO  ratis.ContainerStateMachine (ContainerStateMachine.java:takeSnapshot(299)) - group-177B4684B395: Finished taking a snapshot at:(t:1, i:0) file:/github/workspace/mnt/ozone/hadoop-ozone/integration-test/target/test-dir/MiniOzoneClusterImpl-28ce97df-7db2-4fc1-9c49-0cb63a1a27a8/datanode-1/data/ratis/1c32087b-de66-4216-9824-177b4684b395/sm/snapshot.1_0 time:1
2020-04-24 09:09:45,751 [ForkJoinPool.commonPool-worker-1] INFO  segmented.SegmentedRaftLogWorker (SegmentedRaftLogWorker.java:close(229)) - 59cd1272-d47d-4ade-aa11-418e6c4da764@group-6357229F3354-SegmentedRaftLogWorker close()
2020-04-24 09:09:45,751 [a79ca38e-dc5f-4a68-b291-7d46d54031f2@group-177B4684B395-StateMachineUpdater] INFO  impl.StateMachineUpdater (StateMachineUpdater.java:takeSnapshot(274)) - a79ca38e-dc5f-4a68-b291-7d46d54031f2@group-177B4684B395-StateMachineUpdater: Took a snapshot at index 0
2020-04-24 09:09:45,751 [a79ca38e-dc5f-4a68-b291-7d46d54031f2@group-177B4684B395-StateMachineUpdater] INFO  impl.StateMachineUpdater (StateMachineUpdater.java:lambda$new$0(86)) - a79ca38e-dc5f-4a68-b291-7d46d54031f2@group-177B4684B395-StateMachineUpdater: snapshotIndex: updateIncreasingly -1 -> 0
2020-04-24 09:09:45,751 [a79ca38e-dc5f-4a68-b291-7d46d54031f2@group-177B4684B395-StateMachineUpdater] INFO  metrics.RatisMetrics (RatisMetrics.java:unregister(46)) - Unregistering Metrics Registry : ratis.state_machine.a79ca38e-dc5f-4a68-b291-7d46d54031f2@group-177B4684B395
2020-04-24 09:09:45,752 [main] INFO  impl.RaftServerImpl (ServerState.java:close(387)) - a79ca38e-dc5f-4a68-b291-7d46d54031f2@group-177B4684B395: closes. applyIndex: 0
2020-04-24 09:09:45,753 [ForkJoinPool.commonPool-worker-1] INFO  metrics.RatisMetrics (RatisMetrics.java:unregister(46)) - Unregistering Metrics Registry : ratis.log_worker.59cd1272-d47d-4ade-aa11-418e6c4da764
2020-04-24 09:09:45,753 [ForkJoinPool.commonPool-worker-1] INFO  metrics.RatisMetrics (RatisMetrics.java:unregister(46)) - Unregistering Metrics Registry : ratis.leader_election.59cd1272-d47d-4ade-aa11-418e6c4da764@group-6357229F3354
2020-04-24 09:09:45,753 [a79ca38e-dc5f-4a68-b291-7d46d54031f2@group-177B4684B395-SegmentedRaftLogWorker] INFO  segmented.SegmentedRaftLogWorker (SegmentedRaftLogWorker.java:run(321)) - a79ca38e-dc5f-4a68-b291-7d46d54031f2@group-177B4684B395-SegmentedRaftLogWorker was interrupted, exiting. There are 0 tasks remaining in the queue.
2020-04-24 09:09:45,753 [ForkJoinPool.commonPool-worker-1] INFO  metrics.RatisMetrics (RatisMetrics.java:unregister(46)) - Unregistering Metrics Registry : ratis.server.59cd1272-d47d-4ade-aa11-418e6c4da764@group-6357229F3354
2020-04-24 09:09:45,754 [main] INFO  segmented.SegmentedRaftLogWorker (SegmentedRaftLogWorker.java:close(229)) - a79ca38e-dc5f-4a68-b291-7d46d54031f2@group-177B4684B395-SegmentedRaftLogWorker close()
2020-04-24 09:09:45,755 [main] INFO  metrics.RatisMetrics (RatisMetrics.java:unregister(46)) - Unregistering Metrics Registry : ratis.log_worker.a79ca38e-dc5f-4a68-b291-7d46d54031f2
2020-04-24 09:09:45,755 [main] INFO  metrics.RatisMetrics (RatisMetrics.java:unregister(46)) - Unregistering Metrics Registry : ratis.leader_election.a79ca38e-dc5f-4a68-b291-7d46d54031f2@group-177B4684B395
2020-04-24 09:09:45,755 [main] INFO  metrics.RatisMetrics (RatisMetrics.java:unregister(46)) - Unregistering Metrics Registry : ratis.server.a79ca38e-dc5f-4a68-b291-7d46d54031f2@group-177B4684B395
2020-04-24 09:09:45,755 [ForkJoinPool.commonPool-worker-1] INFO  server.GrpcService (GrpcService.java:closeImpl(165)) - 59cd1272-d47d-4ade-aa11-418e6c4da764: shutdown server with port 33839 now
2020-04-24 09:09:45,756 [main] INFO  server.GrpcService (GrpcService.java:closeImpl(165)) - a79ca38e-dc5f-4a68-b291-7d46d54031f2: shutdown server with port 44063 now
2020-04-24 09:09:45,756 [ForkJoinPool.commonPool-worker-1] INFO  server.GrpcService (GrpcService.java:closeImpl(173)) - 59cd1272-d47d-4ade-aa11-418e6c4da764: shutdown server with port 33839 successfully
2020-04-24 09:09:45,757 [main] INFO  server.GrpcService (GrpcService.java:closeImpl(173)) - a79ca38e-dc5f-4a68-b291-7d46d54031f2: shutdown server with port 44063 successfully
2020-04-24 09:09:45,807 [main] INFO  utils.BackgroundService (BackgroundService.java:shutdown(157)) - Shutting down service BlockDeletingService
2020-04-24 09:09:45,819 [ForkJoinPool.commonPool-worker-1] INFO  utils.BackgroundService (BackgroundService.java:shutdown(157)) - Shutting down service BlockDeletingService
2020-04-24 09:09:45,819 [main] INFO  statemachine.DatanodeStateMachine (DatanodeStateMachine.java:stopDaemon(424)) - Ozone container server stopped.
2020-04-24 09:09:45,821 [main] INFO  handler.ContextHandler (ContextHandler.java:doStop(1016)) - Stopped o.e.j.w.WebAppContext@8a82c0{hddsDatanode,/,null,UNAVAILABLE}{jar:file:/home/user/.m2/repository/org/apache/hadoop/hadoop-hdds-container-service/0.6.0-SNAPSHOT/hadoop-hdds-container-service-0.6.0-SNAPSHOT.jar!/webapps/hddsDatanode}
2020-04-24 09:09:45,822 [main] INFO  server.AbstractConnector (AbstractConnector.java:doStop(380)) - Stopped ServerConnector@49c0155{HTTP/1.1,[http/1.1]}{0.0.0.0:0}
2020-04-24 09:09:45,822 [main] INFO  server.session (HouseKeeper.java:stopScavenging(158)) - node0 Stopped scavenging
2020-04-24 09:09:45,822 [main] INFO  handler.ContextHandler (ContextHandler.java:doStop(1016)) - Stopped o.e.j.s.ServletContextHandler@6d5c28bc{static,/static,jar:file:/home/user/.m2/repository/org/apache/hadoop/hadoop-hdds-container-service/0.6.0-SNAPSHOT/hadoop-hdds-container-service-0.6.0-SNAPSHOT.jar!/webapps/static,UNAVAILABLE}
2020-04-24 09:09:45,822 [main] INFO  handler.ContextHandler (ContextHandler.java:doStop(1016)) - Stopped o.e.j.s.ServletContextHandler@7178438b{logs,/logs,file:///github/workspace/mnt/ozone/hadoop-ozone/integration-test/target/log,UNAVAILABLE}
2020-04-24 09:09:45,824 [ForkJoinPool.commonPool-worker-1] INFO  statemachine.DatanodeStateMachine (DatanodeStateMachine.java:stopDaemon(424)) - Ozone container server stopped.
2020-04-24 09:09:45,826 [ForkJoinPool.commonPool-worker-1] INFO  handler.ContextHandler (ContextHandler.java:doStop(1016)) - Stopped o.e.j.w.WebAppContext@727aa892{hddsDatanode,/,null,UNAVAILABLE}{jar:file:/home/user/.m2/repository/org/apache/hadoop/hadoop-hdds-container-service/0.6.0-SNAPSHOT/hadoop-hdds-container-service-0.6.0-SNAPSHOT.jar!/webapps/hddsDatanode}
2020-04-24 09:09:45,827 [ForkJoinPool.commonPool-worker-1] INFO  server.AbstractConnector (AbstractConnector.java:doStop(380)) - Stopped ServerConnector@54a8eceb{HTTP/1.1,[http/1.1]}{0.0.0.0:0}
2020-04-24 09:09:45,827 [ForkJoinPool.commonPool-worker-1] INFO  server.session (HouseKeeper.java:stopScavenging(158)) - node0 Stopped scavenging
2020-04-24 09:09:45,828 [ForkJoinPool.commonPool-worker-1] INFO  handler.ContextHandler (ContextHandler.java:doStop(1016)) - Stopped o.e.j.s.ServletContextHandler@aad8361{static,/static,jar:file:/home/user/.m2/repository/org/apache/hadoop/hadoop-hdds-container-service/0.6.0-SNAPSHOT/hadoop-hdds-container-service-0.6.0-SNAPSHOT.jar!/webapps/static,UNAVAILABLE}
2020-04-24 09:09:45,829 [ForkJoinPool.commonPool-worker-1] INFO  handler.ContextHandler (ContextHandler.java:doStop(1016)) - Stopped o.e.j.s.ServletContextHandler@7e39ff0c{logs,/logs,file:///github/workspace/mnt/ozone/hadoop-ozone/integration-test/target/log,UNAVAILABLE}
2020-04-24 09:09:46,798 [Datanode State Machine Thread - 0] INFO  statemachine.DatanodeStateMachine (DatanodeStateMachine.java:lambda$startDaemon$0(376)) - Ozone container server started.
2020-04-24 09:09:50,825 [main] INFO  ozoneimpl.OzoneContainer (OzoneContainer.java:stop(246)) - Attempting to stop container services.
2020-04-24 09:09:50,826 [main] INFO  impl.RaftServerProxy (RaftServerProxy.java:lambda$close$4(314)) - 23210909-aab5-418a-84f3-57294aa846dd: close
2020-04-24 09:09:50,826 [main] INFO  impl.RaftServerImpl (RaftServerImpl.java:lambda$shutdown$3(249)) - 23210909-aab5-418a-84f3-57294aa846dd@group-455FD326DA39: shutdown
2020-04-24 09:09:50,827 [main] INFO  util.JmxRegister (JmxRegister.java:unregister(73)) - Successfully un-registered JMX Bean with object name Ratis:service=RaftServer,group=group-455FD326DA39,id=23210909-aab5-418a-84f3-57294aa846dd
2020-04-24 09:09:50,827 [main] INFO  impl.RoleInfo (RoleInfo.java:shutdownFollowerState(121)) - 23210909-aab5-418a-84f3-57294aa846dd: shutdown FollowerState
2020-04-24 09:09:50,827 [main] INFO  impl.StateMachineUpdater (StateMachineUpdater.java:stopAndJoin(139)) - 23210909-aab5-418a-84f3-57294aa846dd@group-455FD326DA39-StateMachineUpdater: set stopIndex = 0
2020-04-24 09:09:50,827 [Thread-341] INFO  impl.FollowerState (FollowerState.java:run(117)) - 23210909-aab5-418a-84f3-57294aa846dd@group-455FD326DA39-FollowerState was interrupted: java.lang.InterruptedException: sleep interrupted
2020-04-24 09:09:50,827 [23210909-aab5-418a-84f3-57294aa846dd@group-455FD326DA39-StateMachineUpdater] INFO  ratis.ContainerStateMachine (ContainerStateMachine.java:takeSnapshot(288)) - group-455FD326DA39: Taking a snapshot at:(t:1, i:0) file /github/workspace/mnt/ozone/hadoop-ozone/integration-test/target/test-dir/MiniOzoneClusterImpl-28ce97df-7db2-4fc1-9c49-0cb63a1a27a8/datanode-2/data/ratis/c7a8e82f-041c-47cc-b543-455fd326da39/sm/snapshot.1_0
2020-04-24 09:09:50,829 [23210909-aab5-418a-84f3-57294aa846dd@group-455FD326DA39-StateMachineUpdater] INFO  ratis.ContainerStateMachine (ContainerStateMachine.java:takeSnapshot(299)) - group-455FD326DA39: Finished taking a snapshot at:(t:1, i:0) file:/github/workspace/mnt/ozone/hadoop-ozone/integration-test/target/test-dir/MiniOzoneClusterImpl-28ce97df-7db2-4fc1-9c49-0cb63a1a27a8/datanode-2/data/ratis/c7a8e82f-041c-47cc-b543-455fd326da39/sm/snapshot.1_0 time:2
2020-04-24 09:09:50,830 [23210909-aab5-418a-84f3-57294aa846dd@group-455FD326DA39-StateMachineUpdater] INFO  impl.StateMachineUpdater (StateMachineUpdater.java:takeSnapshot(274)) - 23210909-aab5-418a-84f3-57294aa846dd@group-455FD326DA39-StateMachineUpdater: Took a snapshot at index 0
2020-04-24 09:09:50,830 [23210909-aab5-418a-84f3-57294aa846dd@group-455FD326DA39-StateMachineUpdater] INFO  impl.StateMachineUpdater (StateMachineUpdater.java:lambda$new$0(86)) - 23210909-aab5-418a-84f3-57294aa846dd@group-455FD326DA39-StateMachineUpdater: snapshotIndex: updateIncreasingly -1 -> 0
2020-04-24 09:09:50,830 [23210909-aab5-418a-84f3-57294aa846dd@group-455FD326DA39-StateMachineUpdater] INFO  metrics.RatisMetrics (RatisMetrics.java:unregister(46)) - Unregistering Metrics Registry : ratis.state_machine.23210909-aab5-418a-84f3-57294aa846dd@group-455FD326DA39
2020-04-24 09:09:50,830 [main] INFO  impl.RaftServerImpl (ServerState.java:close(387)) - 23210909-aab5-418a-84f3-57294aa846dd@group-455FD326DA39: closes. applyIndex: 0
2020-04-24 09:09:50,830 [23210909-aab5-418a-84f3-57294aa846dd@group-455FD326DA39-SegmentedRaftLogWorker] INFO  segmented.SegmentedRaftLogWorker (SegmentedRaftLogWorker.java:run(321)) - 23210909-aab5-418a-84f3-57294aa846dd@group-455FD326DA39-SegmentedRaftLogWorker was interrupted, exiting. There are 0 tasks remaining in the queue.
2020-04-24 09:09:50,831 [main] INFO  segmented.SegmentedRaftLogWorker (SegmentedRaftLogWorker.java:close(229)) - 23210909-aab5-418a-84f3-57294aa846dd@group-455FD326DA39-SegmentedRaftLogWorker close()
2020-04-24 09:09:50,832 [main] INFO  metrics.RatisMetrics (RatisMetrics.java:unregister(46)) - Unregistering Metrics Registry : ratis.log_worker.23210909-aab5-418a-84f3-57294aa846dd
2020-04-24 09:09:50,832 [main] INFO  metrics.RatisMetrics (RatisMetrics.java:unregister(46)) - Unregistering Metrics Registry : ratis.leader_election.23210909-aab5-418a-84f3-57294aa846dd@group-455FD326DA39
2020-04-24 09:09:50,832 [main] INFO  metrics.RatisMetrics (RatisMetrics.java:unregister(46)) - Unregistering Metrics Registry : ratis.server.23210909-aab5-418a-84f3-57294aa846dd@group-455FD326DA39
2020-04-24 09:09:50,832 [main] INFO  impl.RaftServerImpl (RaftServerImpl.java:lambda$shutdown$3(249)) - 23210909-aab5-418a-84f3-57294aa846dd@group-FA68B82545FB: shutdown
2020-04-24 09:09:50,832 [main] INFO  util.JmxRegister (JmxRegister.java:unregister(73)) - Successfully un-registered JMX Bean with object name Ratis:service=RaftServer,group=group-FA68B82545FB,id=23210909-aab5-418a-84f3-57294aa846dd
2020-04-24 09:09:50,832 [main] INFO  impl.RoleInfo (RoleInfo.java:shutdownLeaderState(104)) - 23210909-aab5-418a-84f3-57294aa846dd: shutdown LeaderState
2020-04-24 09:09:50,833 [main] INFO  impl.PendingRequests (PendingRequests.java:sendNotLeaderResponses(240)) - 23210909-aab5-418a-84f3-57294aa846dd@group-FA68B82545FB-PendingRequests: sendNotLeaderResponses
2020-04-24 09:09:50,833 [main] INFO  metrics.RatisMetrics (RatisMetrics.java:unregister(46)) - Unregistering Metrics Registry : ratis.log_appender.23210909-aab5-418a-84f3-57294aa846dd@group-FA68B82545FB
2020-04-24 09:09:50,833 [23210909-aab5-418a-84f3-57294aa846dd@group-FA68B82545FB-StateMachineUpdater] INFO  ratis.ContainerStateMachine (ContainerStateMachine.java:takeSnapshot(288)) - group-FA68B82545FB: Taking a snapshot at:(t:1, i:0) file /github/workspace/mnt/ozone/hadoop-ozone/integration-test/target/test-dir/MiniOzoneClusterImpl-28ce97df-7db2-4fc1-9c49-0cb63a1a27a8/datanode-2/data/ratis/7e5657cd-6a2e-4b5f-974b-fa68b82545fb/sm/snapshot.1_0
2020-04-24 09:09:50,834 [main] INFO  impl.StateMachineUpdater (StateMachineUpdater.java:stopAndJoin(139)) - 23210909-aab5-418a-84f3-57294aa846dd@group-FA68B82545FB-StateMachineUpdater: set stopIndex = 0
2020-04-24 09:09:50,834 [23210909-aab5-418a-84f3-57294aa846dd@group-FA68B82545FB-StateMachineUpdater] INFO  ratis.ContainerStateMachine (ContainerStateMachine.java:takeSnapshot(299)) - group-FA68B82545FB: Finished taking a snapshot at:(t:1, i:0) file:/github/workspace/mnt/ozone/hadoop-ozone/integration-test/target/test-dir/MiniOzoneClusterImpl-28ce97df-7db2-4fc1-9c49-0cb63a1a27a8/datanode-2/data/ratis/7e5657cd-6a2e-4b5f-974b-fa68b82545fb/sm/snapshot.1_0 time:1
2020-04-24 09:09:50,834 [23210909-aab5-418a-84f3-57294aa846dd@group-FA68B82545FB-StateMachineUpdater] INFO  impl.StateMachineUpdater (StateMachineUpdater.java:takeSnapshot(274)) - 23210909-aab5-418a-84f3-57294aa846dd@group-FA68B82545FB-StateMachineUpdater: Took a snapshot at index 0
2020-04-24 09:09:50,834 [23210909-aab5-418a-84f3-57294aa846dd@group-FA68B82545FB-StateMachineUpdater] INFO  impl.StateMachineUpdater (StateMachineUpdater.java:lambda$new$0(86)) - 23210909-aab5-418a-84f3-57294aa846dd@group-FA68B82545FB-StateMachineUpdater: snapshotIndex: updateIncreasingly -1 -> 0
2020-04-24 09:09:50,835 [23210909-aab5-418a-84f3-57294aa846dd@group-FA68B82545FB-StateMachineUpdater] INFO  metrics.RatisMetrics (RatisMetrics.java:unregister(46)) - Unregistering Metrics Registry : ratis.state_machine.23210909-aab5-418a-84f3-57294aa846dd@group-FA68B82545FB
2020-04-24 09:09:50,835 [main] INFO  impl.RaftServerImpl (ServerState.java:close(387)) - 23210909-aab5-418a-84f3-57294aa846dd@group-FA68B82545FB: closes. applyIndex: 0
2020-04-24 09:09:50,835 [23210909-aab5-418a-84f3-57294aa846dd@group-FA68B82545FB-SegmentedRaftLogWorker] INFO  segmented.SegmentedRaftLogWorker (SegmentedRaftLogWorker.java:run(321)) - 23210909-aab5-418a-84f3-57294aa846dd@group-FA68B82545FB-SegmentedRaftLogWorker was interrupted, exiting. There are 0 tasks remaining in the queue.
2020-04-24 09:09:50,836 [main] INFO  segmented.SegmentedRaftLogWorker (SegmentedRaftLogWorker.java:close(229)) - 23210909-aab5-418a-84f3-57294aa846dd@group-FA68B82545FB-SegmentedRaftLogWorker close()
2020-04-24 09:09:50,836 [main] INFO  metrics.RatisMetrics (RatisMetrics.java:unregister(46)) - Unregistering Metrics Registry : ratis.log_worker.23210909-aab5-418a-84f3-57294aa846dd
2020-04-24 09:09:50,837 [main] INFO  metrics.RatisMetrics (RatisMetrics.java:unregister(46)) - Unregistering Metrics Registry : ratis.leader_election.23210909-aab5-418a-84f3-57294aa846dd@group-FA68B82545FB
2020-04-24 09:09:50,837 [main] INFO  metrics.RatisMetrics (RatisMetrics.java:unregister(46)) - Unregistering Metrics Registry : ratis.server.23210909-aab5-418a-84f3-57294aa846dd@group-FA68B82545FB
2020-04-24 09:09:50,837 [main] INFO  server.GrpcService (GrpcService.java:closeImpl(165)) - 23210909-aab5-418a-84f3-57294aa846dd: shutdown server with port 36669 now
2020-04-24 09:09:50,838 [main] INFO  server.GrpcService (GrpcService.java:closeImpl(173)) - 23210909-aab5-418a-84f3-57294aa846dd: shutdown server with port 36669 successfully
2020-04-24 09:09:50,855 [main] INFO  utils.BackgroundService (BackgroundService.java:shutdown(157)) - Shutting down service BlockDeletingService
2020-04-24 09:09:50,857 [main] INFO  statemachine.DatanodeStateMachine (DatanodeStateMachine.java:stopDaemon(424)) - Ozone container server stopped.
2020-04-24 09:09:50,858 [main] INFO  handler.ContextHandler (ContextHandler.java:doStop(1016)) - Stopped o.e.j.w.WebAppContext@73f90886{hddsDatanode,/,null,UNAVAILABLE}{jar:file:/home/user/.m2/repository/org/apache/hadoop/hadoop-hdds-container-service/0.6.0-SNAPSHOT/hadoop-hdds-container-service-0.6.0-SNAPSHOT.jar!/webapps/hddsDatanode}
2020-04-24 09:09:50,858 [main] INFO  server.AbstractConnector (AbstractConnector.java:doStop(380)) - Stopped ServerConnector@773a74fa{HTTP/1.1,[http/1.1]}{0.0.0.0:0}
2020-04-24 09:09:50,859 [main] INFO  server.session (HouseKeeper.java:stopScavenging(158)) - node0 Stopped scavenging
2020-04-24 09:09:50,859 [main] INFO  handler.ContextHandler (ContextHandler.java:doStop(1016)) - Stopped o.e.j.s.ServletContextHandler@5f352d1b{static,/static,jar:file:/home/user/.m2/repository/org/apache/hadoop/hadoop-hdds-container-service/0.6.0-SNAPSHOT/hadoop-hdds-container-service-0.6.0-SNAPSHOT.jar!/webapps/static,UNAVAILABLE}
2020-04-24 09:09:50,859 [main] INFO  handler.ContextHandler (ContextHandler.java:doStop(1016)) - Stopped o.e.j.s.ServletContextHandler@2600e937{logs,/logs,file:///github/workspace/mnt/ozone/hadoop-ozone/integration-test/target/log,UNAVAILABLE}
2020-04-24 09:09:50,860 [main] INFO  ozone.MiniOzoneClusterImpl (MiniOzoneClusterImpl.java:stopSCM(476)) - Stopping the StorageContainerManager
2020-04-24 09:09:50,861 [main] INFO  server.StorageContainerManager (StorageContainerManager.java:stop(824)) - Stopping Replication Manager Service.
2020-04-24 09:09:50,861 [main] INFO  container.ReplicationManager (ReplicationManager.java:stop(206)) - Stopping Replication Monitor Thread.
2020-04-24 09:09:50,861 [main] INFO  server.StorageContainerManager (StorageContainerManager.java:stop(831)) - Stopping Lease Manager of the command watchers
2020-04-24 09:09:50,861 [main] INFO  server.StorageContainerManager (StorageContainerManager.java:stop(838)) - Stopping datanode service RPC server
2020-04-24 09:09:50,861 [CommandWatcher-LeaseManager#LeaseMonitor] ERROR lease.LeaseManager (LeaseManager.java:run(238)) - Execution was interrupted 
java.lang.InterruptedException: sleep interrupted
	at java.lang.Thread.sleep(Native Method)
	at org.apache.hadoop.ozone.lease.LeaseManager$LeaseMonitor.run(LeaseManager.java:234)
	at java.lang.Thread.run(Thread.java:748)
2020-04-24 09:09:50,861 [main] INFO  server.SCMDatanodeProtocolServer (SCMDatanodeProtocolServer.java:stop(361)) - Stopping the RPC server for DataNodes
2020-04-24 09:09:50,862 [main] INFO  ipc.Server (Server.java:stop(3082)) - Stopping server on 39585
2020-04-24 09:09:50,863 [IPC Server Responder] INFO  ipc.Server (Server.java:run(1319)) - Stopping IPC Server Responder
2020-04-24 09:09:50,864 [IPC Server listener on 39585] INFO  ipc.Server (Server.java:run(1185)) - Stopping IPC Server listener on 39585
2020-04-24 09:09:50,914 [SCM Heartbeat Processing Thread - 0] WARN  node.NodeStateManager (NodeStateManager.java:scheduleNextHealthCheck(661)) - Current Thread is interrupted, shutting down HB processing thread for Node Manager.
2020-04-24 09:09:50,914 [main] INFO  server.StorageContainerManager (StorageContainerManager.java:stop(846)) - Stopping block service RPC server
2020-04-24 09:09:50,915 [main] INFO  server.SCMBlockProtocolServer (SCMBlockProtocolServer.java:stop(158)) - Stopping the RPC server for Block Protocol
2020-04-24 09:09:50,915 [main] INFO  ipc.Server (Server.java:stop(3082)) - Stopping server on 34523
2020-04-24 09:09:50,916 [IPC Server listener on 34523] INFO  ipc.Server (Server.java:run(1185)) - Stopping IPC Server listener on 34523
2020-04-24 09:09:50,917 [main] INFO  server.StorageContainerManager (StorageContainerManager.java:stop(853)) - Stopping the StorageContainerLocationProtocol RPC server
2020-04-24 09:09:50,917 [IPC Server Responder] INFO  ipc.Server (Server.java:run(1319)) - Stopping IPC Server Responder
2020-04-24 09:09:50,918 [main] INFO  server.SCMClientProtocolServer (SCMClientProtocolServer.java:stop(164)) - Stopping the RPC server for Client Protocol
2020-04-24 09:09:50,918 [main] INFO  ipc.Server (Server.java:stop(3082)) - Stopping server on 44695
2020-04-24 09:09:50,919 [IPC Server listener on 44695] INFO  ipc.Server (Server.java:run(1185)) - Stopping IPC Server listener on 44695
2020-04-24 09:09:50,920 [main] INFO  server.StorageContainerManager (StorageContainerManager.java:stop(860)) - Stopping Storage Container Manager HTTP server.
2020-04-24 09:09:50,920 [IPC Server Responder] INFO  ipc.Server (Server.java:run(1319)) - Stopping IPC Server Responder
2020-04-24 09:09:50,921 [main] INFO  handler.ContextHandler (ContextHandler.java:doStop(1016)) - Stopped o.e.j.w.WebAppContext@4a320414{scm,/,null,UNAVAILABLE}{file:/github/workspace/mnt/ozone/hadoop-ozone/integration-test/target/test-classes/webapps/scm}
2020-04-24 09:09:50,922 [main] INFO  server.AbstractConnector (AbstractConnector.java:doStop(380)) - Stopped ServerConnector@476efc81{HTTP/1.1,[http/1.1]}{0.0.0.0:0}
2020-04-24 09:09:50,922 [main] INFO  server.session (HouseKeeper.java:stopScavenging(158)) - node0 Stopped scavenging
2020-04-24 09:09:50,922 [main] INFO  handler.ContextHandler (ContextHandler.java:doStop(1016)) - Stopped o.e.j.s.ServletContextHandler@427bbaac{static,/static,file:///github/workspace/mnt/ozone/hadoop-ozone/integration-test/target/test-classes/webapps/static,UNAVAILABLE}
2020-04-24 09:09:50,923 [main] INFO  handler.ContextHandler (ContextHandler.java:doStop(1016)) - Stopped o.e.j.s.ServletContextHandler@3324270d{logs,/logs,file:///github/workspace/mnt/ozone/hadoop-ozone/integration-test/target/log,UNAVAILABLE}
2020-04-24 09:09:50,924 [main] INFO  server.StorageContainerManager (StorageContainerManager.java:stop(871)) - Stopping Block Manager Service.
2020-04-24 09:09:50,924 [main] INFO  utils.BackgroundService (BackgroundService.java:shutdown(157)) - Shutting down service SCMBlockDeletingService
2020-04-24 09:09:50,927 [main] INFO  utils.BackgroundService (BackgroundService.java:shutdown(157)) - Shutting down service SCMBlockDeletingService
2020-04-24 09:09:50,927 [main] INFO  server.StorageContainerManager (StorageContainerManager.java:stop(896)) - Stopping SCM Event Queue.
2020-04-24 09:09:50,932 [main] INFO  impl.MetricsSystemImpl (MetricsSystemImpl.java:stop(210)) - Stopping HddsDatanode metrics system...
2020-04-24 09:09:50,937 [prometheus] INFO  impl.MetricsSinkAdapter (MetricsSinkAdapter.java:publishMetricsFromQueue(141)) - prometheus thread interrupted.
2020-04-24 09:09:50,937 [main] INFO  impl.MetricsSystemImpl (MetricsSystemImpl.java:stop(216)) - HddsDatanode metrics system stopped.
2020-04-24 09:10:05,976 [main] INFO  ozone.MiniOzoneClusterImpl (MiniOzoneClusterImpl.java:shutdown(387)) - Shutting down the Mini Ozone Cluster
2020-04-24 09:10:05,977 [main] INFO  ozone.MiniOzoneHAClusterImpl (MiniOzoneHAClusterImpl.java:stop(237)) - Stopping the OzoneManager omNode-3
2020-04-24 09:10:05,977 [main] INFO  ipc.Server (Server.java:stop(3082)) - Stopping server on 12788
2020-04-24 09:10:05,977 [main] INFO  ozone.MiniOzoneHAClusterImpl (MiniOzoneHAClusterImpl.java:stop(237)) - Stopping the OzoneManager omNode-1
2020-04-24 09:10:05,977 [main] INFO  ipc.Server (Server.java:stop(3082)) - Stopping server on 12776
2020-04-24 09:10:05,977 [main] INFO  ozone.MiniOzoneHAClusterImpl (MiniOzoneHAClusterImpl.java:stop(237)) - Stopping the OzoneManager omNode-2
2020-04-24 09:10:05,977 [main] INFO  ipc.Server (Server.java:stop(3082)) - Stopping server on 12782
2020-04-24 09:10:05,977 [main] INFO  ozone.MiniOzoneClusterImpl (MiniOzoneClusterImpl.java:stop(402)) - Stopping the Mini Ozone Cluster
2020-04-24 09:10:05,978 [main] INFO  ozone.MiniOzoneClusterImpl (MiniOzoneClusterImpl.java:stopDatanodes(461)) - Stopping the HddsDatanodes
2020-04-24 09:10:05,978 [main] INFO  ozone.MiniOzoneClusterImpl (MiniOzoneClusterImpl.java:stopSCM(476)) - Stopping the StorageContainerManager
2020-04-24 09:10:05,978 [main] INFO  server.StorageContainerManager (StorageContainerManager.java:stop(824)) - Stopping Replication Manager Service.
2020-04-24 09:10:05,978 [main] INFO  container.ReplicationManager (ReplicationManager.java:stop(212)) - Replication Monitor Thread is not running.
2020-04-24 09:10:05,978 [main] INFO  server.StorageContainerManager (StorageContainerManager.java:stop(831)) - Stopping Lease Manager of the command watchers
2020-04-24 09:10:05,978 [main] ERROR server.StorageContainerManager (StorageContainerManager.java:stop(834)) - Lease Manager of the command watchers stop failed
2020-04-24 09:10:05,978 [main] INFO  server.StorageContainerManager (StorageContainerManager.java:stop(838)) - Stopping datanode service RPC server
2020-04-24 09:10:05,979 [main] INFO  server.SCMDatanodeProtocolServer (SCMDatanodeProtocolServer.java:stop(361)) - Stopping the RPC server for DataNodes
2020-04-24 09:10:05,979 [main] INFO  ipc.Server (Server.java:stop(3082)) - Stopping server on 39585
2020-04-24 09:10:05,979 [main] INFO  server.StorageContainerManager (StorageContainerManager.java:stop(846)) - Stopping block service RPC server
2020-04-24 09:10:05,979 [main] INFO  server.SCMBlockProtocolServer (SCMBlockProtocolServer.java:stop(158)) - Stopping the RPC server for Block Protocol
2020-04-24 09:10:05,979 [main] INFO  ipc.Server (Server.java:stop(3082)) - Stopping server on 34523
2020-04-24 09:10:05,979 [main] INFO  server.StorageContainerManager (StorageContainerManager.java:stop(853)) - Stopping the StorageContainerLocationProtocol RPC server
2020-04-24 09:10:05,979 [main] INFO  server.SCMClientProtocolServer (SCMClientProtocolServer.java:stop(164)) - Stopping the RPC server for Client Protocol
2020-04-24 09:10:05,979 [main] INFO  ipc.Server (Server.java:stop(3082)) - Stopping server on 44695
2020-04-24 09:10:05,979 [main] INFO  server.StorageContainerManager (StorageContainerManager.java:stop(860)) - Stopping Storage Container Manager HTTP server.
2020-04-24 09:10:05,979 [main] INFO  server.StorageContainerManager (StorageContainerManager.java:stop(871)) - Stopping Block Manager Service.
2020-04-24 09:10:05,979 [main] INFO  utils.BackgroundService (BackgroundService.java:shutdown(157)) - Shutting down service SCMBlockDeletingService
2020-04-24 09:10:05,979 [main] INFO  utils.BackgroundService (BackgroundService.java:shutdown(157)) - Shutting down service SCMBlockDeletingService
2020-04-24 09:10:05,980 [main] INFO  server.StorageContainerManager (StorageContainerManager.java:stop(896)) - Stopping SCM Event Queue.
2020-04-24 09:10:05,980 [main] INFO  impl.MetricsSystemImpl (MetricsSystemImpl.java:stop(205)) - HddsDatanode metrics system stopped (again)
]]></system-out>
    <system-err><![CDATA[ERROR StatusLogger No Log4j 2 configuration file found. Using default configuration (logging only errors to the console), or user programmatically provided configurations. Set system property 'log4j2.debug' to show Log4j 2 internal initialization logging. See https://logging.apache.org/log4j/2.x/manual/configuration.html for instructions on how to configure Log4j 2
]]></system-err>
  </testcase>
</testsuite>