<?xml version="1.0" encoding="UTF-8"?>
<testsuite xmlns:xsi="http://www.w3.org/2001/XMLSchema-instance" xsi:noNamespaceSchemaLocation="https://maven.apache.org/surefire/maven-surefire-plugin/xsd/surefire-test-report.xsd" name="org.apache.hadoop.ozone.client.rpc.TestOzoneClientRetriesOnException" time="80.366" tests="2" errors="0" skipped="0" failures="1">
  <properties>
    <property name="awt.toolkit" value="sun.awt.X11.XToolkit"/>
    <property name="file.encoding.pkg" value="sun.io"/>
    <property name="java.specification.version" value="1.8"/>
    <property name="sun.cpu.isalist" value=""/>
    <property name="sun.jnu.encoding" value="ANSI_X3.4-1968"/>
    <property name="java.class.path" value="/github/workspace/mnt/ozone/hadoop-ozone/integration-test/target/test-classes:/github/workspace/mnt/ozone/hadoop-ozone/integration-test/target/classes:/home/user/.m2/repository/org/apache/hadoop/hadoop-ozone-common/1.1.0-SNAPSHOT/hadoop-ozone-common-1.1.0-SNAPSHOT.jar:/home/user/.m2/repository/org/apache/commons/commons-compress/1.4.1/commons-compress-1.4.1.jar:/home/user/.m2/repository/org/tukaani/xz/1.0/xz-1.0.jar:/home/user/.m2/repository/org/apache/hadoop/hadoop-hdds-common/1.1.0-SNAPSHOT/hadoop-hdds-common-1.1.0-SNAPSHOT.jar:/home/user/.m2/repository/org/apache/hadoop/hadoop-hdds-hadoop-dependency-client/1.1.0-SNAPSHOT/hadoop-hdds-hadoop-dependency-client-1.1.0-SNAPSHOT.jar:/home/user/.m2/repository/info/picocli/picocli/4.4.0/picocli-4.4.0.jar:/home/user/.m2/repository/com/fasterxml/jackson/core/jackson-annotations/2.10.3/jackson-annotations-2.10.3.jar:/home/user/.m2/repository/javax/annotation/javax.annotation-api/1.2/javax.annotation-api-1.2.jar:/home/user/.m2/repository/org/apache/ratis/ratis-server/1.1.0-11689cd-SNAPSHOT/ratis-server-1.1.0-11689cd-SNAPSHOT.jar:/home/user/.m2/repository/org/apache/ratis/ratis-client/1.1.0-11689cd-SNAPSHOT/ratis-client-1.1.0-11689cd-SNAPSHOT.jar:/home/user/.m2/repository/org/apache/ratis/ratis-metrics/1.1.0-11689cd-SNAPSHOT/ratis-metrics-1.1.0-11689cd-SNAPSHOT.jar:/home/user/.m2/repository/org/apache/ratis/ratis-netty/1.1.0-11689cd-SNAPSHOT/ratis-netty-1.1.0-11689cd-SNAPSHOT.jar:/home/user/.m2/repository/org/apache/ratis/ratis-grpc/1.1.0-11689cd-SNAPSHOT/ratis-grpc-1.1.0-11689cd-SNAPSHOT.jar:/home/user/.m2/repository/org/apache/logging/log4j/log4j-api/2.13.3/log4j-api-2.13.3.jar:/home/user/.m2/repository/org/apache/logging/log4j/log4j-core/2.13.3/log4j-core-2.13.3.jar:/home/user/.m2/repository/com/lmax/disruptor/3.4.2/disruptor-3.4.2.jar:/home/user/.m2/repository/org/apache/commons/commons-pool2/2.6.0/commons-pool2-2.6.0.jar:/home/user/.m2/repository/org/bouncycastle/bcpkix-jdk15on/1.60/bcpkix-jdk15on-1.60.jar:/home/user/.m2/repository/commons-validator/commons-validator/1.6/commons-validator-1.6.jar:/home/user/.m2/repository/commons-digester/commons-digester/1.8.1/commons-digester-1.8.1.jar:/home/user/.m2/repository/io/jaegertracing/jaeger-client/1.2.0/jaeger-client-1.2.0.jar:/home/user/.m2/repository/io/jaegertracing/jaeger-thrift/1.2.0/jaeger-thrift-1.2.0.jar:/home/user/.m2/repository/org/apache/thrift/libthrift/0.13.0/libthrift-0.13.0.jar:/home/user/.m2/repository/com/squareup/okhttp3/okhttp/4.2.2/okhttp-4.2.2.jar:/home/user/.m2/repository/com/squareup/okio/okio/2.2.2/okio-2.2.2.jar:/home/user/.m2/repository/org/jetbrains/kotlin/kotlin-stdlib/1.3.50/kotlin-stdlib-1.3.50.jar:/home/user/.m2/repository/org/jetbrains/kotlin/kotlin-stdlib-common/1.3.50/kotlin-stdlib-common-1.3.50.jar:/home/user/.m2/repository/org/jetbrains/annotations/13.0/annotations-13.0.jar:/home/user/.m2/repository/io/jaegertracing/jaeger-core/1.2.0/jaeger-core-1.2.0.jar:/home/user/.m2/repository/io/jaegertracing/jaeger-tracerresolver/1.2.0/jaeger-tracerresolver-1.2.0.jar:/home/user/.m2/repository/io/opentracing/contrib/opentracing-tracerresolver/0.1.8/opentracing-tracerresolver-0.1.8.jar:/home/user/.m2/repository/io/opentracing/opentracing-util/0.33.0/opentracing-util-0.33.0.jar:/home/user/.m2/repository/io/opentracing/opentracing-api/0.33.0/opentracing-api-0.33.0.jar:/home/user/.m2/repository/io/opentracing/opentracing-noop/0.33.0/opentracing-noop-0.33.0.jar:/home/user/.m2/repository/org/apache/hadoop/hadoop-hdds-client/1.1.0-SNAPSHOT/hadoop-hdds-client-1.1.0-SNAPSHOT.jar:/home/user/.m2/repository/org/apache/hadoop/hadoop-ozone-interface-client/1.1.0-SNAPSHOT/hadoop-ozone-interface-client-1.1.0-SNAPSHOT.jar:/home/user/.m2/repository/org/apache/hadoop/hadoop-hdds-test-utils/1.1.0-SNAPSHOT/hadoop-hdds-test-utils-1.1.0-SNAPSHOT.jar:/home/user/.m2/repository/com/google/guava/guava/28.2-jre/guava-28.2-jre.jar:/home/user/.m2/repository/com/google/guava/failureaccess/1.0.1/failureaccess-1.0.1.jar:/home/user/.m2/repository/com/google/guava/listenablefuture/9999.0-empty-to-avoid-conflict-with-guava/listenablefuture-9999.0-empty-to-avoid-conflict-with-guava.jar:/home/user/.m2/repository/com/google/code/findbugs/jsr305/3.0.0/jsr305-3.0.0.jar:/home/user/.m2/repository/org/checkerframework/checker-qual/2.10.0/checker-qual-2.10.0.jar:/home/user/.m2/repository/com/google/errorprone/error_prone_annotations/2.2.0/error_prone_annotations-2.2.0.jar:/home/user/.m2/repository/com/google/j2objc/j2objc-annotations/1.3/j2objc-annotations-1.3.jar:/home/user/.m2/repository/commons-io/commons-io/2.5/commons-io-2.5.jar:/home/user/.m2/repository/commons-logging/commons-logging/1.2/commons-logging-1.2.jar:/home/user/.m2/repository/log4j/log4j/1.2.17/log4j-1.2.17.jar:/home/user/.m2/repository/org/slf4j/slf4j-api/1.7.25/slf4j-api-1.7.25.jar:/home/user/.m2/repository/org/apache/hadoop/hadoop-hdds-server-scm/1.1.0-SNAPSHOT/hadoop-hdds-server-scm-1.1.0-SNAPSHOT.jar:/home/user/.m2/repository/org/apache/hadoop/hadoop-hdds-container-service/1.1.0-SNAPSHOT/hadoop-hdds-container-service-1.1.0-SNAPSHOT.jar:/home/user/.m2/repository/org/apache/hadoop/hadoop-hdds-hadoop-dependency-server/1.1.0-SNAPSHOT/hadoop-hdds-hadoop-dependency-server-1.1.0-SNAPSHOT.jar:/home/user/.m2/repository/org/apache/hadoop/hadoop-hdds-server-framework/1.1.0-SNAPSHOT/hadoop-hdds-server-framework-1.1.0-SNAPSHOT.jar:/home/user/.m2/repository/org/apache/hadoop/hadoop-hdds-interface-server/1.1.0-SNAPSHOT/hadoop-hdds-interface-server-1.1.0-SNAPSHOT.jar:/home/user/.m2/repository/org/apache/hadoop/hadoop-hdds-interface-admin/1.1.0-SNAPSHOT/hadoop-hdds-interface-admin-1.1.0-SNAPSHOT.jar:/home/user/.m2/repository/org/rocksdb/rocksdbjni/6.8.1/rocksdbjni-6.8.1.jar:/home/user/.m2/repository/io/prometheus/simpleclient_dropwizard/0.7.0/simpleclient_dropwizard-0.7.0.jar:/home/user/.m2/repository/io/prometheus/simpleclient/0.7.0/simpleclient-0.7.0.jar:/home/user/.m2/repository/io/prometheus/simpleclient_common/0.7.0/simpleclient_common-0.7.0.jar:/home/user/.m2/repository/com/fasterxml/jackson/datatype/jackson-datatype-jsr310/2.10.3/jackson-datatype-jsr310-2.10.3.jar:/home/user/.m2/repository/io/dropwizard/metrics/metrics-core/3.2.4/metrics-core-3.2.4.jar:/home/user/.m2/repository/org/apache/hadoop/hadoop-hdfs-client/3.2.1/hadoop-hdfs-client-3.2.1.jar:/home/user/.m2/repository/org/bouncycastle/bcprov-jdk15on/1.60/bcprov-jdk15on-1.60.jar:/home/user/.m2/repository/org/apache/hadoop/hadoop-ozone-ozone-manager/1.1.0-SNAPSHOT/hadoop-ozone-ozone-manager-1.1.0-SNAPSHOT.jar:/home/user/.m2/repository/org/apache/hadoop/hadoop-hdds-interface-client/1.1.0-SNAPSHOT/hadoop-hdds-interface-client-1.1.0-SNAPSHOT.jar:/home/user/.m2/repository/org/apache/ratis/ratis-thirdparty-misc/0.6.0-SNAPSHOT/ratis-thirdparty-misc-0.6.0-SNAPSHOT.jar:/home/user/.m2/repository/org/apache/hadoop/hadoop-ozone-interface-storage/1.1.0-SNAPSHOT/hadoop-ozone-interface-storage-1.1.0-SNAPSHOT.jar:/home/user/.m2/repository/org/apache/hadoop/hadoop-minikdc/3.2.1/hadoop-minikdc-3.2.1.jar:/home/user/.m2/repository/org/apache/kerby/kerb-simplekdc/1.0.1/kerb-simplekdc-1.0.1.jar:/home/user/.m2/repository/org/apache/kerby/kerb-client/1.0.1/kerb-client-1.0.1.jar:/home/user/.m2/repository/org/apache/kerby/kerby-config/1.0.1/kerby-config-1.0.1.jar:/home/user/.m2/repository/org/apache/kerby/kerb-core/1.0.1/kerb-core-1.0.1.jar:/home/user/.m2/repository/org/apache/kerby/kerby-pkix/1.0.1/kerby-pkix-1.0.1.jar:/home/user/.m2/repository/org/apache/kerby/kerby-asn1/1.0.1/kerby-asn1-1.0.1.jar:/home/user/.m2/repository/org/apache/kerby/kerby-util/1.0.1/kerby-util-1.0.1.jar:/home/user/.m2/repository/org/apache/kerby/kerb-common/1.0.1/kerb-common-1.0.1.jar:/home/user/.m2/repository/org/apache/kerby/kerb-crypto/1.0.1/kerb-crypto-1.0.1.jar:/home/user/.m2/repository/org/apache/kerby/kerb-util/1.0.1/kerb-util-1.0.1.jar:/home/user/.m2/repository/org/apache/kerby/token-provider/1.0.1/token-provider-1.0.1.jar:/home/user/.m2/repository/org/apache/kerby/kerb-admin/1.0.1/kerb-admin-1.0.1.jar:/home/user/.m2/repository/org/apache/kerby/kerb-server/1.0.1/kerb-server-1.0.1.jar:/home/user/.m2/repository/org/apache/kerby/kerb-identity/1.0.1/kerb-identity-1.0.1.jar:/home/user/.m2/repository/org/apache/kerby/kerby-xdr/1.0.1/kerby-xdr-1.0.1.jar:/home/user/.m2/repository/org/slf4j/slf4j-log4j12/1.7.25/slf4j-log4j12-1.7.25.jar:/home/user/.m2/repository/org/apache/hadoop/hadoop-ozone-s3gateway/1.1.0-SNAPSHOT/hadoop-ozone-s3gateway-1.1.0-SNAPSHOT.jar:/home/user/.m2/repository/org/jboss/weld/servlet/weld-servlet/2.4.7.Final/weld-servlet-2.4.7.Final.jar:/home/user/.m2/repository/org/glassfish/jersey/containers/jersey-container-servlet-core/2.27/jersey-container-servlet-core-2.27.jar:/home/user/.m2/repository/org/glassfish/hk2/external/javax.inject/2.5.0-b42/javax.inject-2.5.0-b42.jar:/home/user/.m2/repository/org/glassfish/jersey/core/jersey-common/2.27/jersey-common-2.27.jar:/home/user/.m2/repository/org/glassfish/hk2/osgi-resource-locator/1.0.1/osgi-resource-locator-1.0.1.jar:/home/user/.m2/repository/javax/ws/rs/javax.ws.rs-api/2.1/javax.ws.rs-api-2.1.jar:/home/user/.m2/repository/org/glassfish/jersey/ext/cdi/jersey-cdi1x/2.27/jersey-cdi1x-2.27.jar:/home/user/.m2/repository/org/glassfish/jersey/inject/jersey-hk2/2.27/jersey-hk2-2.27.jar:/home/user/.m2/repository/org/glassfish/hk2/hk2-locator/2.5.0-b42/hk2-locator-2.5.0-b42.jar:/home/user/.m2/repository/org/javassist/javassist/3.22.0-CR2/javassist-3.22.0-CR2.jar:/home/user/.m2/repository/org/glassfish/hk2/hk2-api/2.5.0/hk2-api-2.5.0.jar:/home/user/.m2/repository/org/glassfish/hk2/external/jakarta.inject/2.5.0/jakarta.inject-2.5.0.jar:/home/user/.m2/repository/org/glassfish/hk2/hk2-utils/2.5.0/hk2-utils-2.5.0.jar:/home/user/.m2/repository/jakarta/annotation/jakarta.annotation-api/1.3.4/jakarta.annotation-api-1.3.4.jar:/home/user/.m2/repository/org/glassfish/hk2/external/aopalliance-repackaged/2.5.0/aopalliance-repackaged-2.5.0.jar:/home/user/.m2/repository/com/fasterxml/jackson/dataformat/jackson-dataformat-xml/2.10.3/jackson-dataformat-xml-2.10.3.jar:/home/user/.m2/repository/com/fasterxml/jackson/core/jackson-core/2.10.3/jackson-core-2.10.3.jar:/home/user/.m2/repository/com/fasterxml/jackson/module/jackson-module-jaxb-annotations/2.10.3/jackson-module-jaxb-annotations-2.10.3.jar:/home/user/.m2/repository/jakarta/xml/bind/jakarta.xml.bind-api/2.3.2/jakarta.xml.bind-api-2.3.2.jar:/home/user/.m2/repository/jakarta/activation/jakarta.activation-api/1.2.1/jakarta.activation-api-1.2.1.jar:/home/user/.m2/repository/org/codehaus/woodstox/stax2-api/3.1.4/stax2-api-3.1.4.jar:/home/user/.m2/repository/com/fasterxml/woodstox/woodstox-core/5.0.3/woodstox-core-5.0.3.jar:/home/user/.m2/repository/javax/enterprise/cdi-api/1.2/cdi-api-1.2.jar:/home/user/.m2/repository/javax/el/javax.el-api/3.0.0/javax.el-api-3.0.0.jar:/home/user/.m2/repository/javax/interceptor/javax.interceptor-api/1.2/javax.interceptor-api-1.2.jar:/home/user/.m2/repository/javax/inject/javax.inject/1/javax.inject-1.jar:/home/user/.m2/repository/com/sun/xml/bind/jaxb-impl/2.3.0.1/jaxb-impl-2.3.0.1.jar:/home/user/.m2/repository/com/sun/xml/bind/jaxb-core/2.3.0.1/jaxb-core-2.3.0.1.jar:/home/user/.m2/repository/javax/xml/bind/jaxb-api/2.3.0/jaxb-api-2.3.0.jar:/home/user/.m2/repository/javax/activation/activation/1.1.1/activation-1.1.1.jar:/home/user/.m2/repository/org/apache/hadoop/hadoop-ozone-csi/1.1.0-SNAPSHOT/hadoop-ozone-csi-1.1.0-SNAPSHOT.jar:/home/user/.m2/repository/com/google/protobuf/protobuf-java-util/3.11.0/protobuf-java-util-3.11.0.jar:/home/user/.m2/repository/com/google/code/gson/gson/2.2.4/gson-2.2.4.jar:/home/user/.m2/repository/org/apache/hadoop/hadoop-hdds-config/1.1.0-SNAPSHOT/hadoop-hdds-config-1.1.0-SNAPSHOT.jar:/home/user/.m2/repository/com/google/protobuf/protobuf-java/2.5.0/protobuf-java-2.5.0.jar:/home/user/.m2/repository/io/grpc/grpc-netty/1.29.0/grpc-netty-1.29.0.jar:/home/user/.m2/repository/io/grpc/grpc-core/1.29.0/grpc-core-1.29.0.jar:/home/user/.m2/repository/com/google/android/annotations/4.1.1.4/annotations-4.1.1.4.jar:/home/user/.m2/repository/io/perfmark/perfmark-api/0.19.0/perfmark-api-0.19.0.jar:/home/user/.m2/repository/io/netty/netty-codec-http2/4.1.48.Final/netty-codec-http2-4.1.48.Final.jar:/home/user/.m2/repository/io/netty/netty-codec/4.1.48.Final/netty-codec-4.1.48.Final.jar:/home/user/.m2/repository/io/netty/netty-handler/4.1.48.Final/netty-handler-4.1.48.Final.jar:/home/user/.m2/repository/io/netty/netty-codec-http/4.1.48.Final/netty-codec-http-4.1.48.Final.jar:/home/user/.m2/repository/io/netty/netty-handler-proxy/4.1.48.Final/netty-handler-proxy-4.1.48.Final.jar:/home/user/.m2/repository/io/netty/netty-codec-socks/4.1.48.Final/netty-codec-socks-4.1.48.Final.jar:/home/user/.m2/repository/io/netty/netty-transport-native-epoll/4.1.48.Final/netty-transport-native-epoll-4.1.48.Final.jar:/home/user/.m2/repository/io/netty/netty-common/4.1.48.Final/netty-common-4.1.48.Final.jar:/home/user/.m2/repository/io/netty/netty-buffer/4.1.48.Final/netty-buffer-4.1.48.Final.jar:/home/user/.m2/repository/io/netty/netty-transport/4.1.48.Final/netty-transport-4.1.48.Final.jar:/home/user/.m2/repository/io/netty/netty-resolver/4.1.48.Final/netty-resolver-4.1.48.Final.jar:/home/user/.m2/repository/io/netty/netty-transport-native-unix-common/4.1.48.Final/netty-transport-native-unix-common-4.1.48.Final.jar:/home/user/.m2/repository/io/grpc/grpc-protobuf/1.29.0/grpc-protobuf-1.29.0.jar:/home/user/.m2/repository/io/grpc/grpc-api/1.29.0/grpc-api-1.29.0.jar:/home/user/.m2/repository/io/grpc/grpc-context/1.29.0/grpc-context-1.29.0.jar:/home/user/.m2/repository/org/codehaus/mojo/animal-sniffer-annotations/1.18/animal-sniffer-annotations-1.18.jar:/home/user/.m2/repository/com/google/api/grpc/proto-google-common-protos/1.17.0/proto-google-common-protos-1.17.0.jar:/home/user/.m2/repository/io/grpc/grpc-protobuf-lite/1.29.0/grpc-protobuf-lite-1.29.0.jar:/home/user/.m2/repository/io/grpc/grpc-stub/1.29.0/grpc-stub-1.29.0.jar:/home/user/.m2/repository/org/apache/hadoop/hadoop-ozone-recon/1.1.0-SNAPSHOT/hadoop-ozone-recon-1.1.0-SNAPSHOT.jar:/home/user/.m2/repository/org/apache/hadoop/hadoop-ozone-reconcodegen/1.1.0-SNAPSHOT/hadoop-ozone-reconcodegen-1.1.0-SNAPSHOT.jar:/home/user/.m2/repository/com/google/inject/extensions/guice-multibindings/4.0/guice-multibindings-4.0.jar:/home/user/.m2/repository/com/google/inject/guice/4.0/guice-4.0.jar:/home/user/.m2/repository/aopalliance/aopalliance/1.0/aopalliance-1.0.jar:/home/user/.m2/repository/com/google/inject/extensions/guice-assistedinject/4.0/guice-assistedinject-4.0.jar:/home/user/.m2/repository/com/google/inject/extensions/guice-servlet/4.0/guice-servlet-4.0.jar:/home/user/.m2/repository/org/glassfish/jersey/containers/jersey-container-servlet/2.27/jersey-container-servlet-2.27.jar:/home/user/.m2/repository/org/glassfish/hk2/guice-bridge/2.5.0/guice-bridge-2.5.0.jar:/home/user/.m2/repository/org/glassfish/jersey/core/jersey-server/2.27/jersey-server-2.27.jar:/home/user/.m2/repository/org/glassfish/jersey/core/jersey-client/2.27/jersey-client-2.27.jar:/home/user/.m2/repository/org/glassfish/jersey/media/jersey-media-jaxb/2.27/jersey-media-jaxb-2.27.jar:/home/user/.m2/repository/javax/validation/validation-api/1.1.0.Final/validation-api-1.1.0.Final.jar:/home/user/.m2/repository/org/glassfish/jersey/media/jersey-media-json-jackson/2.27/jersey-media-json-jackson-2.27.jar:/home/user/.m2/repository/org/glassfish/jersey/ext/jersey-entity-filtering/2.27/jersey-entity-filtering-2.27.jar:/home/user/.m2/repository/org/jooq/jooq/3.11.10/jooq-3.11.10.jar:/home/user/.m2/repository/org/jooq/jooq-meta/3.11.10/jooq-meta-3.11.10.jar:/home/user/.m2/repository/org/jooq/jooq-codegen/3.11.10/jooq-codegen-3.11.10.jar:/home/user/.m2/repository/com/jolbox/bonecp/0.8.0.RELEASE/bonecp-0.8.0.RELEASE.jar:/home/user/.m2/repository/org/apache/derby/derby/10.14.2.0/derby-10.14.2.0.jar:/home/user/.m2/repository/org/xerial/sqlite-jdbc/3.25.2/sqlite-jdbc-3.25.2.jar:/home/user/.m2/repository/org/springframework/spring-jdbc/5.2.5.RELEASE/spring-jdbc-5.2.5.RELEASE.jar:/home/user/.m2/repository/org/springframework/spring-beans/5.2.5.RELEASE/spring-beans-5.2.5.RELEASE.jar:/home/user/.m2/repository/org/springframework/spring-core/5.2.5.RELEASE/spring-core-5.2.5.RELEASE.jar:/home/user/.m2/repository/org/springframework/spring-jcl/5.2.5.RELEASE/spring-jcl-5.2.5.RELEASE.jar:/home/user/.m2/repository/org/springframework/spring-tx/5.2.5.RELEASE/spring-tx-5.2.5.RELEASE.jar:/home/user/.m2/repository/org/apache/hadoop/hadoop-ozone-client/1.1.0-SNAPSHOT/hadoop-ozone-client-1.1.0-SNAPSHOT.jar:/home/user/.m2/repository/org/apache/hadoop/hadoop-ozone-filesystem/1.1.0-SNAPSHOT/hadoop-ozone-filesystem-1.1.0-SNAPSHOT.jar:/home/user/.m2/repository/org/apache/hadoop/hadoop-ozone-filesystem-common/1.1.0-SNAPSHOT/hadoop-ozone-filesystem-common-1.1.0-SNAPSHOT.jar:/home/user/.m2/repository/org/apache/hadoop/hadoop-ozone-tools/1.1.0-SNAPSHOT/hadoop-ozone-tools-1.1.0-SNAPSHOT.jar:/home/user/.m2/repository/org/apache/hadoop/hadoop-hdfs/3.2.1/hadoop-hdfs-3.2.1.jar:/home/user/.m2/repository/org/apache/ratis/ratis-tools/1.1.0-11689cd-SNAPSHOT/ratis-tools-1.1.0-11689cd-SNAPSHOT.jar:/home/user/.m2/repository/org/apache/ratis/ratis-proto/1.1.0-11689cd-SNAPSHOT/ratis-proto-1.1.0-11689cd-SNAPSHOT.jar:/home/user/.m2/repository/org/apache/ratis/ratis-common/1.1.0-11689cd-SNAPSHOT/ratis-common-1.1.0-11689cd-SNAPSHOT.jar:/home/user/.m2/repository/com/amazonaws/aws-java-sdk-core/1.11.615/aws-java-sdk-core-1.11.615.jar:/home/user/.m2/repository/org/apache/httpcomponents/httpclient/4.5.2/httpclient-4.5.2.jar:/home/user/.m2/repository/org/apache/httpcomponents/httpcore/4.4.4/httpcore-4.4.4.jar:/home/user/.m2/repository/software/amazon/ion/ion-java/1.0.2/ion-java-1.0.2.jar:/home/user/.m2/repository/com/fasterxml/jackson/dataformat/jackson-dataformat-cbor/2.10.3/jackson-dataformat-cbor-2.10.3.jar:/home/user/.m2/repository/joda-time/joda-time/2.8.1/joda-time-2.8.1.jar:/home/user/.m2/repository/com/amazonaws/aws-java-sdk-s3/1.11.615/aws-java-sdk-s3-1.11.615.jar:/home/user/.m2/repository/com/amazonaws/aws-java-sdk-kms/1.11.615/aws-java-sdk-kms-1.11.615.jar:/home/user/.m2/repository/com/amazonaws/jmespath-java/1.11.615/jmespath-java-1.11.615.jar:/home/user/.m2/repository/org/kohsuke/metainf-services/metainf-services/1.8/metainf-services-1.8.jar:/home/user/.m2/repository/org/apache/hadoop/hadoop-hdds-tools/1.1.0-SNAPSHOT/hadoop-hdds-tools-1.1.0-SNAPSHOT.jar:/home/user/.m2/repository/commons-cli/commons-cli/1.2/commons-cli-1.2.jar:/home/user/.m2/repository/org/apache/commons/commons-lang3/3.7/commons-lang3-3.7.jar:/home/user/.m2/repository/org/apache/hadoop/hadoop-ozone-ozone-manager/1.1.0-SNAPSHOT/hadoop-ozone-ozone-manager-1.1.0-SNAPSHOT-tests.jar:/home/user/.m2/repository/junit/junit/4.11/junit-4.11.jar:/home/user/.m2/repository/org/hamcrest/hamcrest-core/1.3/hamcrest-core-1.3.jar:/home/user/.m2/repository/org/openjdk/jmh/jmh-core/1.19/jmh-core-1.19.jar:/home/user/.m2/repository/net/sf/jopt-simple/jopt-simple/4.6/jopt-simple-4.6.jar:/home/user/.m2/repository/org/apache/commons/commons-math3/3.1.1/commons-math3-3.1.1.jar:/home/user/.m2/repository/org/openjdk/jmh/jmh-generator-annprocess/1.19/jmh-generator-annprocess-1.19.jar:/home/user/.m2/repository/org/mockito/mockito-all/1.8.5/mockito-all-1.8.5.jar:/home/user/.m2/repository/org/apache/hadoop/hadoop-kms/3.2.1/hadoop-kms-3.2.1.jar:/home/user/.m2/repository/org/apache/hadoop/hadoop-auth/3.2.1/hadoop-auth-3.2.1.jar:/home/user/.m2/repository/com/nimbusds/nimbus-jose-jwt/7.9/nimbus-jose-jwt-7.9.jar:/home/user/.m2/repository/com/github/stephenc/jcip/jcip-annotations/1.0-1/jcip-annotations-1.0-1.jar:/home/user/.m2/repository/net/minidev/json-smart/2.3/json-smart-2.3.jar:/home/user/.m2/repository/net/minidev/accessors-smart/1.2/accessors-smart-1.2.jar:/home/user/.m2/repository/org/ow2/asm/asm/5.0.4/asm-5.0.4.jar:/home/user/.m2/repository/org/apache/zookeeper/zookeeper/3.4.13/zookeeper-3.4.13.jar:/home/user/.m2/repository/org/apache/yetus/audience-annotations/0.5.0/audience-annotations-0.5.0.jar:/home/user/.m2/repository/org/apache/curator/curator-framework/2.13.0/curator-framework-2.13.0.jar:/home/user/.m2/repository/com/sun/jersey/jersey-core/1.19/jersey-core-1.19.jar:/home/user/.m2/repository/javax/ws/rs/jsr311-api/1.1.1/jsr311-api-1.1.1.jar:/home/user/.m2/repository/com/sun/jersey/jersey-server/1.19/jersey-server-1.19.jar:/home/user/.m2/repository/javax/servlet/javax.servlet-api/3.1.0/javax.servlet-api-3.1.0.jar:/home/user/.m2/repository/org/eclipse/jetty/jetty-server/9.4.26.v20200117/jetty-server-9.4.26.v20200117.jar:/home/user/.m2/repository/org/eclipse/jetty/jetty-http/9.4.26.v20200117/jetty-http-9.4.26.v20200117.jar:/home/user/.m2/repository/org/eclipse/jetty/jetty-io/9.4.26.v20200117/jetty-io-9.4.26.v20200117.jar:/home/user/.m2/repository/org/eclipse/jetty/jetty-webapp/9.4.26.v20200117/jetty-webapp-9.4.26.v20200117.jar:/home/user/.m2/repository/org/eclipse/jetty/jetty-xml/9.4.26.v20200117/jetty-xml-9.4.26.v20200117.jar:/home/user/.m2/repository/org/eclipse/jetty/jetty-servlet/9.4.26.v20200117/jetty-servlet-9.4.26.v20200117.jar:/home/user/.m2/repository/org/eclipse/jetty/jetty-security/9.4.26.v20200117/jetty-security-9.4.26.v20200117.jar:/home/user/.m2/repository/org/apache/hadoop/hadoop-common/3.2.1/hadoop-common-3.2.1.jar:/home/user/.m2/repository/commons-net/commons-net/3.6/commons-net-3.6.jar:/home/user/.m2/repository/commons-collections/commons-collections/3.2.2/commons-collections-3.2.2.jar:/home/user/.m2/repository/com/sun/jersey/jersey-servlet/1.19/jersey-servlet-1.19.jar:/home/user/.m2/repository/com/sun/jersey/jersey-json/1.19/jersey-json-1.19.jar:/home/user/.m2/repository/org/codehaus/jettison/jettison/1.1/jettison-1.1.jar:/home/user/.m2/repository/org/codehaus/jackson/jackson-jaxrs/1.9.2/jackson-jaxrs-1.9.2.jar:/home/user/.m2/repository/org/codehaus/jackson/jackson-xc/1.9.2/jackson-xc-1.9.2.jar:/home/user/.m2/repository/commons-beanutils/commons-beanutils/1.9.4/commons-beanutils-1.9.4.jar:/home/user/.m2/repository/org/apache/commons/commons-configuration2/2.1.1/commons-configuration2-2.1.1.jar:/home/user/.m2/repository/org/apache/commons/commons-text/1.4/commons-text-1.4.jar:/home/user/.m2/repository/com/google/re2j/re2j/1.1/re2j-1.1.jar:/home/user/.m2/repository/com/jcraft/jsch/0.1.54/jsch-0.1.54.jar:/home/user/.m2/repository/org/apache/curator/curator-client/2.13.0/curator-client-2.13.0.jar:/home/user/.m2/repository/org/apache/curator/curator-recipes/2.13.0/curator-recipes-2.13.0.jar:/home/user/.m2/repository/dnsjava/dnsjava/2.1.7/dnsjava-2.1.7.jar:/home/user/.m2/repository/org/slf4j/jul-to-slf4j/1.7.25/jul-to-slf4j-1.7.25.jar:/home/user/.m2/repository/org/eclipse/jetty/jetty-util/9.4.26.v20200117/jetty-util-9.4.26.v20200117.jar:/home/user/.m2/repository/com/fasterxml/jackson/core/jackson-databind/2.10.3/jackson-databind-2.10.3.jar:/home/user/.m2/repository/org/apache/hadoop/hadoop-kms/3.2.1/hadoop-kms-3.2.1-tests.jar:/home/user/.m2/repository/org/apache/hadoop/hadoop-hdds-server-scm/1.1.0-SNAPSHOT/hadoop-hdds-server-scm-1.1.0-SNAPSHOT-tests.jar:/home/user/.m2/repository/org/apache/hadoop/hadoop-hdds-container-service/1.1.0-SNAPSHOT/hadoop-hdds-container-service-1.1.0-SNAPSHOT-tests.jar:/home/user/.m2/repository/org/apache/hadoop/hadoop-hdds-common/1.1.0-SNAPSHOT/hadoop-hdds-common-1.1.0-SNAPSHOT-tests.jar:/home/user/.m2/repository/org/yaml/snakeyaml/1.16/snakeyaml-1.16.jar:/home/user/.m2/repository/org/apache/hadoop/hadoop-hdds-hadoop-dependency-test/1.1.0-SNAPSHOT/hadoop-hdds-hadoop-dependency-test-1.1.0-SNAPSHOT.jar:/home/user/.m2/repository/org/apache/hadoop/hadoop-common/3.2.1/hadoop-common-3.2.1-tests.jar:/home/user/.m2/repository/javax/servlet/jsp/jsp-api/2.1/jsp-api-2.1.jar:/home/user/.m2/repository/org/apache/hadoop/hadoop-hdfs/3.2.1/hadoop-hdfs-3.2.1-tests.jar:/home/user/.m2/repository/org/eclipse/jetty/jetty-util-ajax/9.4.26.v20200117/jetty-util-ajax-9.4.26.v20200117.jar:/home/user/.m2/repository/commons-codec/commons-codec/1.11/commons-codec-1.11.jar:/home/user/.m2/repository/commons-daemon/commons-daemon/1.0.13/commons-daemon-1.0.13.jar:/home/user/.m2/repository/io/netty/netty/3.10.5.Final/netty-3.10.5.Final.jar:/home/user/.m2/repository/io/netty/netty-all/4.1.48.Final/netty-all-4.1.48.Final.jar:/home/user/.m2/repository/org/apache/htrace/htrace-core4/4.1.0-incubating/htrace-core4-4.1.0-incubating.jar:/home/user/.m2/repository/org/fusesource/leveldbjni/leveldbjni-all/1.8/leveldbjni-all-1.8.jar:/home/user/.m2/repository/org/apache/hadoop/hadoop-distcp/3.2.1/hadoop-distcp-3.2.1.jar:/home/user/.m2/repository/org/apache/hadoop/hadoop-mapreduce-client-jobclient/3.2.1/hadoop-mapreduce-client-jobclient-3.2.1.jar:/home/user/.m2/repository/org/apache/hadoop/hadoop-mapreduce-client-common/3.2.1/hadoop-mapreduce-client-common-3.2.1.jar:/home/user/.m2/repository/org/apache/hadoop/hadoop-yarn-common/3.2.1/hadoop-yarn-common-3.2.1.jar:/home/user/.m2/repository/org/apache/hadoop/hadoop-yarn-api/3.2.1/hadoop-yarn-api-3.2.1.jar:/home/user/.m2/repository/com/sun/jersey/jersey-client/1.19/jersey-client-1.19.jar:/home/user/.m2/repository/com/sun/jersey/contribs/jersey-guice/1.19/jersey-guice-1.19.jar:/home/user/.m2/repository/com/fasterxml/jackson/jaxrs/jackson-jaxrs-json-provider/2.10.3/jackson-jaxrs-json-provider-2.10.3.jar:/home/user/.m2/repository/com/fasterxml/jackson/jaxrs/jackson-jaxrs-base/2.10.3/jackson-jaxrs-base-2.10.3.jar:/home/user/.m2/repository/org/apache/hadoop/hadoop-yarn-client/3.2.1/hadoop-yarn-client-3.2.1.jar:/home/user/.m2/repository/org/apache/hadoop/hadoop-mapreduce-client-core/3.2.1/hadoop-mapreduce-client-core-3.2.1.jar:/home/user/.m2/repository/org/apache/avro/avro/1.7.7/avro-1.7.7.jar:/home/user/.m2/repository/org/codehaus/jackson/jackson-core-asl/1.9.13/jackson-core-asl-1.9.13.jar:/home/user/.m2/repository/org/codehaus/jackson/jackson-mapper-asl/1.9.13/jackson-mapper-asl-1.9.13.jar:/home/user/.m2/repository/com/thoughtworks/paranamer/paranamer/2.3/paranamer-2.3.jar:/home/user/.m2/repository/org/xerial/snappy/snappy-java/1.0.5/snappy-java-1.0.5.jar:/home/user/.m2/repository/org/apache/hadoop/hadoop-annotations/3.2.1/hadoop-annotations-3.2.1.jar:/usr/lib/jvm/java-1.8.0-openjdk-1.8.0.232.b09-0.el7_7.x86_64/jre/../lib/tools.jar:/home/user/.m2/repository/org/apache/hadoop/hadoop-distcp/3.2.1/hadoop-distcp-3.2.1-tests.jar:"/>
    <property name="java.vm.vendor" value="Oracle Corporation"/>
    <property name="sun.arch.data.model" value="64"/>
    <property name="test.build.dir" value="/github/workspace/mnt/ozone/hadoop-ozone/integration-test/target/test-dir"/>
    <property name="test.cache.data" value=""/>
    <property name="java.vendor.url" value="http://java.oracle.com/"/>
    <property name="user.timezone" value=""/>
    <property name="java.vm.specification.version" value="1.8"/>
    <property name="os.name" value="Linux"/>
    <property name="test.build.data" value="/github/workspace/mnt/ozone/hadoop-ozone/integration-test/target/test-dir"/>
    <property name="user.country" value="US"/>
    <property name="sun.java.launcher" value="SUN_STANDARD"/>
    <property name="sun.boot.library.path" value="/usr/lib/jvm/java-1.8.0-openjdk-1.8.0.232.b09-0.el7_7.x86_64/jre/lib/amd64"/>
    <property name="sun.java.command" value="/github/workspace/mnt/ozone/hadoop-ozone/integration-test/target/surefire/surefirebooter8893360523449309851.jar /github/workspace/mnt/ozone/hadoop-ozone/integration-test/target/surefire 2020-11-02T01-00-33_211-jvmRun1 surefire5586318588624613648tmp surefire_251445710242579022004tmp"/>
    <property name="surefire.test.class.path" value="/github/workspace/mnt/ozone/hadoop-ozone/integration-test/target/test-classes:/github/workspace/mnt/ozone/hadoop-ozone/integration-test/target/classes:/home/user/.m2/repository/org/apache/hadoop/hadoop-ozone-common/1.1.0-SNAPSHOT/hadoop-ozone-common-1.1.0-SNAPSHOT.jar:/home/user/.m2/repository/org/apache/commons/commons-compress/1.4.1/commons-compress-1.4.1.jar:/home/user/.m2/repository/org/tukaani/xz/1.0/xz-1.0.jar:/home/user/.m2/repository/org/apache/hadoop/hadoop-hdds-common/1.1.0-SNAPSHOT/hadoop-hdds-common-1.1.0-SNAPSHOT.jar:/home/user/.m2/repository/org/apache/hadoop/hadoop-hdds-hadoop-dependency-client/1.1.0-SNAPSHOT/hadoop-hdds-hadoop-dependency-client-1.1.0-SNAPSHOT.jar:/home/user/.m2/repository/info/picocli/picocli/4.4.0/picocli-4.4.0.jar:/home/user/.m2/repository/com/fasterxml/jackson/core/jackson-annotations/2.10.3/jackson-annotations-2.10.3.jar:/home/user/.m2/repository/javax/annotation/javax.annotation-api/1.2/javax.annotation-api-1.2.jar:/home/user/.m2/repository/org/apache/ratis/ratis-server/1.1.0-11689cd-SNAPSHOT/ratis-server-1.1.0-11689cd-SNAPSHOT.jar:/home/user/.m2/repository/org/apache/ratis/ratis-client/1.1.0-11689cd-SNAPSHOT/ratis-client-1.1.0-11689cd-SNAPSHOT.jar:/home/user/.m2/repository/org/apache/ratis/ratis-metrics/1.1.0-11689cd-SNAPSHOT/ratis-metrics-1.1.0-11689cd-SNAPSHOT.jar:/home/user/.m2/repository/org/apache/ratis/ratis-netty/1.1.0-11689cd-SNAPSHOT/ratis-netty-1.1.0-11689cd-SNAPSHOT.jar:/home/user/.m2/repository/org/apache/ratis/ratis-grpc/1.1.0-11689cd-SNAPSHOT/ratis-grpc-1.1.0-11689cd-SNAPSHOT.jar:/home/user/.m2/repository/org/apache/logging/log4j/log4j-api/2.13.3/log4j-api-2.13.3.jar:/home/user/.m2/repository/org/apache/logging/log4j/log4j-core/2.13.3/log4j-core-2.13.3.jar:/home/user/.m2/repository/com/lmax/disruptor/3.4.2/disruptor-3.4.2.jar:/home/user/.m2/repository/org/apache/commons/commons-pool2/2.6.0/commons-pool2-2.6.0.jar:/home/user/.m2/repository/org/bouncycastle/bcpkix-jdk15on/1.60/bcpkix-jdk15on-1.60.jar:/home/user/.m2/repository/commons-validator/commons-validator/1.6/commons-validator-1.6.jar:/home/user/.m2/repository/commons-digester/commons-digester/1.8.1/commons-digester-1.8.1.jar:/home/user/.m2/repository/io/jaegertracing/jaeger-client/1.2.0/jaeger-client-1.2.0.jar:/home/user/.m2/repository/io/jaegertracing/jaeger-thrift/1.2.0/jaeger-thrift-1.2.0.jar:/home/user/.m2/repository/org/apache/thrift/libthrift/0.13.0/libthrift-0.13.0.jar:/home/user/.m2/repository/com/squareup/okhttp3/okhttp/4.2.2/okhttp-4.2.2.jar:/home/user/.m2/repository/com/squareup/okio/okio/2.2.2/okio-2.2.2.jar:/home/user/.m2/repository/org/jetbrains/kotlin/kotlin-stdlib/1.3.50/kotlin-stdlib-1.3.50.jar:/home/user/.m2/repository/org/jetbrains/kotlin/kotlin-stdlib-common/1.3.50/kotlin-stdlib-common-1.3.50.jar:/home/user/.m2/repository/org/jetbrains/annotations/13.0/annotations-13.0.jar:/home/user/.m2/repository/io/jaegertracing/jaeger-core/1.2.0/jaeger-core-1.2.0.jar:/home/user/.m2/repository/io/jaegertracing/jaeger-tracerresolver/1.2.0/jaeger-tracerresolver-1.2.0.jar:/home/user/.m2/repository/io/opentracing/contrib/opentracing-tracerresolver/0.1.8/opentracing-tracerresolver-0.1.8.jar:/home/user/.m2/repository/io/opentracing/opentracing-util/0.33.0/opentracing-util-0.33.0.jar:/home/user/.m2/repository/io/opentracing/opentracing-api/0.33.0/opentracing-api-0.33.0.jar:/home/user/.m2/repository/io/opentracing/opentracing-noop/0.33.0/opentracing-noop-0.33.0.jar:/home/user/.m2/repository/org/apache/hadoop/hadoop-hdds-client/1.1.0-SNAPSHOT/hadoop-hdds-client-1.1.0-SNAPSHOT.jar:/home/user/.m2/repository/org/apache/hadoop/hadoop-ozone-interface-client/1.1.0-SNAPSHOT/hadoop-ozone-interface-client-1.1.0-SNAPSHOT.jar:/home/user/.m2/repository/org/apache/hadoop/hadoop-hdds-test-utils/1.1.0-SNAPSHOT/hadoop-hdds-test-utils-1.1.0-SNAPSHOT.jar:/home/user/.m2/repository/com/google/guava/guava/28.2-jre/guava-28.2-jre.jar:/home/user/.m2/repository/com/google/guava/failureaccess/1.0.1/failureaccess-1.0.1.jar:/home/user/.m2/repository/com/google/guava/listenablefuture/9999.0-empty-to-avoid-conflict-with-guava/listenablefuture-9999.0-empty-to-avoid-conflict-with-guava.jar:/home/user/.m2/repository/com/google/code/findbugs/jsr305/3.0.0/jsr305-3.0.0.jar:/home/user/.m2/repository/org/checkerframework/checker-qual/2.10.0/checker-qual-2.10.0.jar:/home/user/.m2/repository/com/google/errorprone/error_prone_annotations/2.2.0/error_prone_annotations-2.2.0.jar:/home/user/.m2/repository/com/google/j2objc/j2objc-annotations/1.3/j2objc-annotations-1.3.jar:/home/user/.m2/repository/commons-io/commons-io/2.5/commons-io-2.5.jar:/home/user/.m2/repository/commons-logging/commons-logging/1.2/commons-logging-1.2.jar:/home/user/.m2/repository/log4j/log4j/1.2.17/log4j-1.2.17.jar:/home/user/.m2/repository/org/slf4j/slf4j-api/1.7.25/slf4j-api-1.7.25.jar:/home/user/.m2/repository/org/apache/hadoop/hadoop-hdds-server-scm/1.1.0-SNAPSHOT/hadoop-hdds-server-scm-1.1.0-SNAPSHOT.jar:/home/user/.m2/repository/org/apache/hadoop/hadoop-hdds-container-service/1.1.0-SNAPSHOT/hadoop-hdds-container-service-1.1.0-SNAPSHOT.jar:/home/user/.m2/repository/org/apache/hadoop/hadoop-hdds-hadoop-dependency-server/1.1.0-SNAPSHOT/hadoop-hdds-hadoop-dependency-server-1.1.0-SNAPSHOT.jar:/home/user/.m2/repository/org/apache/hadoop/hadoop-hdds-server-framework/1.1.0-SNAPSHOT/hadoop-hdds-server-framework-1.1.0-SNAPSHOT.jar:/home/user/.m2/repository/org/apache/hadoop/hadoop-hdds-interface-server/1.1.0-SNAPSHOT/hadoop-hdds-interface-server-1.1.0-SNAPSHOT.jar:/home/user/.m2/repository/org/apache/hadoop/hadoop-hdds-interface-admin/1.1.0-SNAPSHOT/hadoop-hdds-interface-admin-1.1.0-SNAPSHOT.jar:/home/user/.m2/repository/org/rocksdb/rocksdbjni/6.8.1/rocksdbjni-6.8.1.jar:/home/user/.m2/repository/io/prometheus/simpleclient_dropwizard/0.7.0/simpleclient_dropwizard-0.7.0.jar:/home/user/.m2/repository/io/prometheus/simpleclient/0.7.0/simpleclient-0.7.0.jar:/home/user/.m2/repository/io/prometheus/simpleclient_common/0.7.0/simpleclient_common-0.7.0.jar:/home/user/.m2/repository/com/fasterxml/jackson/datatype/jackson-datatype-jsr310/2.10.3/jackson-datatype-jsr310-2.10.3.jar:/home/user/.m2/repository/io/dropwizard/metrics/metrics-core/3.2.4/metrics-core-3.2.4.jar:/home/user/.m2/repository/org/apache/hadoop/hadoop-hdfs-client/3.2.1/hadoop-hdfs-client-3.2.1.jar:/home/user/.m2/repository/org/bouncycastle/bcprov-jdk15on/1.60/bcprov-jdk15on-1.60.jar:/home/user/.m2/repository/org/apache/hadoop/hadoop-ozone-ozone-manager/1.1.0-SNAPSHOT/hadoop-ozone-ozone-manager-1.1.0-SNAPSHOT.jar:/home/user/.m2/repository/org/apache/hadoop/hadoop-hdds-interface-client/1.1.0-SNAPSHOT/hadoop-hdds-interface-client-1.1.0-SNAPSHOT.jar:/home/user/.m2/repository/org/apache/ratis/ratis-thirdparty-misc/0.6.0-SNAPSHOT/ratis-thirdparty-misc-0.6.0-SNAPSHOT.jar:/home/user/.m2/repository/org/apache/hadoop/hadoop-ozone-interface-storage/1.1.0-SNAPSHOT/hadoop-ozone-interface-storage-1.1.0-SNAPSHOT.jar:/home/user/.m2/repository/org/apache/hadoop/hadoop-minikdc/3.2.1/hadoop-minikdc-3.2.1.jar:/home/user/.m2/repository/org/apache/kerby/kerb-simplekdc/1.0.1/kerb-simplekdc-1.0.1.jar:/home/user/.m2/repository/org/apache/kerby/kerb-client/1.0.1/kerb-client-1.0.1.jar:/home/user/.m2/repository/org/apache/kerby/kerby-config/1.0.1/kerby-config-1.0.1.jar:/home/user/.m2/repository/org/apache/kerby/kerb-core/1.0.1/kerb-core-1.0.1.jar:/home/user/.m2/repository/org/apache/kerby/kerby-pkix/1.0.1/kerby-pkix-1.0.1.jar:/home/user/.m2/repository/org/apache/kerby/kerby-asn1/1.0.1/kerby-asn1-1.0.1.jar:/home/user/.m2/repository/org/apache/kerby/kerby-util/1.0.1/kerby-util-1.0.1.jar:/home/user/.m2/repository/org/apache/kerby/kerb-common/1.0.1/kerb-common-1.0.1.jar:/home/user/.m2/repository/org/apache/kerby/kerb-crypto/1.0.1/kerb-crypto-1.0.1.jar:/home/user/.m2/repository/org/apache/kerby/kerb-util/1.0.1/kerb-util-1.0.1.jar:/home/user/.m2/repository/org/apache/kerby/token-provider/1.0.1/token-provider-1.0.1.jar:/home/user/.m2/repository/org/apache/kerby/kerb-admin/1.0.1/kerb-admin-1.0.1.jar:/home/user/.m2/repository/org/apache/kerby/kerb-server/1.0.1/kerb-server-1.0.1.jar:/home/user/.m2/repository/org/apache/kerby/kerb-identity/1.0.1/kerb-identity-1.0.1.jar:/home/user/.m2/repository/org/apache/kerby/kerby-xdr/1.0.1/kerby-xdr-1.0.1.jar:/home/user/.m2/repository/org/slf4j/slf4j-log4j12/1.7.25/slf4j-log4j12-1.7.25.jar:/home/user/.m2/repository/org/apache/hadoop/hadoop-ozone-s3gateway/1.1.0-SNAPSHOT/hadoop-ozone-s3gateway-1.1.0-SNAPSHOT.jar:/home/user/.m2/repository/org/jboss/weld/servlet/weld-servlet/2.4.7.Final/weld-servlet-2.4.7.Final.jar:/home/user/.m2/repository/org/glassfish/jersey/containers/jersey-container-servlet-core/2.27/jersey-container-servlet-core-2.27.jar:/home/user/.m2/repository/org/glassfish/hk2/external/javax.inject/2.5.0-b42/javax.inject-2.5.0-b42.jar:/home/user/.m2/repository/org/glassfish/jersey/core/jersey-common/2.27/jersey-common-2.27.jar:/home/user/.m2/repository/org/glassfish/hk2/osgi-resource-locator/1.0.1/osgi-resource-locator-1.0.1.jar:/home/user/.m2/repository/javax/ws/rs/javax.ws.rs-api/2.1/javax.ws.rs-api-2.1.jar:/home/user/.m2/repository/org/glassfish/jersey/ext/cdi/jersey-cdi1x/2.27/jersey-cdi1x-2.27.jar:/home/user/.m2/repository/org/glassfish/jersey/inject/jersey-hk2/2.27/jersey-hk2-2.27.jar:/home/user/.m2/repository/org/glassfish/hk2/hk2-locator/2.5.0-b42/hk2-locator-2.5.0-b42.jar:/home/user/.m2/repository/org/javassist/javassist/3.22.0-CR2/javassist-3.22.0-CR2.jar:/home/user/.m2/repository/org/glassfish/hk2/hk2-api/2.5.0/hk2-api-2.5.0.jar:/home/user/.m2/repository/org/glassfish/hk2/external/jakarta.inject/2.5.0/jakarta.inject-2.5.0.jar:/home/user/.m2/repository/org/glassfish/hk2/hk2-utils/2.5.0/hk2-utils-2.5.0.jar:/home/user/.m2/repository/jakarta/annotation/jakarta.annotation-api/1.3.4/jakarta.annotation-api-1.3.4.jar:/home/user/.m2/repository/org/glassfish/hk2/external/aopalliance-repackaged/2.5.0/aopalliance-repackaged-2.5.0.jar:/home/user/.m2/repository/com/fasterxml/jackson/dataformat/jackson-dataformat-xml/2.10.3/jackson-dataformat-xml-2.10.3.jar:/home/user/.m2/repository/com/fasterxml/jackson/core/jackson-core/2.10.3/jackson-core-2.10.3.jar:/home/user/.m2/repository/com/fasterxml/jackson/module/jackson-module-jaxb-annotations/2.10.3/jackson-module-jaxb-annotations-2.10.3.jar:/home/user/.m2/repository/jakarta/xml/bind/jakarta.xml.bind-api/2.3.2/jakarta.xml.bind-api-2.3.2.jar:/home/user/.m2/repository/jakarta/activation/jakarta.activation-api/1.2.1/jakarta.activation-api-1.2.1.jar:/home/user/.m2/repository/org/codehaus/woodstox/stax2-api/3.1.4/stax2-api-3.1.4.jar:/home/user/.m2/repository/com/fasterxml/woodstox/woodstox-core/5.0.3/woodstox-core-5.0.3.jar:/home/user/.m2/repository/javax/enterprise/cdi-api/1.2/cdi-api-1.2.jar:/home/user/.m2/repository/javax/el/javax.el-api/3.0.0/javax.el-api-3.0.0.jar:/home/user/.m2/repository/javax/interceptor/javax.interceptor-api/1.2/javax.interceptor-api-1.2.jar:/home/user/.m2/repository/javax/inject/javax.inject/1/javax.inject-1.jar:/home/user/.m2/repository/com/sun/xml/bind/jaxb-impl/2.3.0.1/jaxb-impl-2.3.0.1.jar:/home/user/.m2/repository/com/sun/xml/bind/jaxb-core/2.3.0.1/jaxb-core-2.3.0.1.jar:/home/user/.m2/repository/javax/xml/bind/jaxb-api/2.3.0/jaxb-api-2.3.0.jar:/home/user/.m2/repository/javax/activation/activation/1.1.1/activation-1.1.1.jar:/home/user/.m2/repository/org/apache/hadoop/hadoop-ozone-csi/1.1.0-SNAPSHOT/hadoop-ozone-csi-1.1.0-SNAPSHOT.jar:/home/user/.m2/repository/com/google/protobuf/protobuf-java-util/3.11.0/protobuf-java-util-3.11.0.jar:/home/user/.m2/repository/com/google/code/gson/gson/2.2.4/gson-2.2.4.jar:/home/user/.m2/repository/org/apache/hadoop/hadoop-hdds-config/1.1.0-SNAPSHOT/hadoop-hdds-config-1.1.0-SNAPSHOT.jar:/home/user/.m2/repository/com/google/protobuf/protobuf-java/2.5.0/protobuf-java-2.5.0.jar:/home/user/.m2/repository/io/grpc/grpc-netty/1.29.0/grpc-netty-1.29.0.jar:/home/user/.m2/repository/io/grpc/grpc-core/1.29.0/grpc-core-1.29.0.jar:/home/user/.m2/repository/com/google/android/annotations/4.1.1.4/annotations-4.1.1.4.jar:/home/user/.m2/repository/io/perfmark/perfmark-api/0.19.0/perfmark-api-0.19.0.jar:/home/user/.m2/repository/io/netty/netty-codec-http2/4.1.48.Final/netty-codec-http2-4.1.48.Final.jar:/home/user/.m2/repository/io/netty/netty-codec/4.1.48.Final/netty-codec-4.1.48.Final.jar:/home/user/.m2/repository/io/netty/netty-handler/4.1.48.Final/netty-handler-4.1.48.Final.jar:/home/user/.m2/repository/io/netty/netty-codec-http/4.1.48.Final/netty-codec-http-4.1.48.Final.jar:/home/user/.m2/repository/io/netty/netty-handler-proxy/4.1.48.Final/netty-handler-proxy-4.1.48.Final.jar:/home/user/.m2/repository/io/netty/netty-codec-socks/4.1.48.Final/netty-codec-socks-4.1.48.Final.jar:/home/user/.m2/repository/io/netty/netty-transport-native-epoll/4.1.48.Final/netty-transport-native-epoll-4.1.48.Final.jar:/home/user/.m2/repository/io/netty/netty-common/4.1.48.Final/netty-common-4.1.48.Final.jar:/home/user/.m2/repository/io/netty/netty-buffer/4.1.48.Final/netty-buffer-4.1.48.Final.jar:/home/user/.m2/repository/io/netty/netty-transport/4.1.48.Final/netty-transport-4.1.48.Final.jar:/home/user/.m2/repository/io/netty/netty-resolver/4.1.48.Final/netty-resolver-4.1.48.Final.jar:/home/user/.m2/repository/io/netty/netty-transport-native-unix-common/4.1.48.Final/netty-transport-native-unix-common-4.1.48.Final.jar:/home/user/.m2/repository/io/grpc/grpc-protobuf/1.29.0/grpc-protobuf-1.29.0.jar:/home/user/.m2/repository/io/grpc/grpc-api/1.29.0/grpc-api-1.29.0.jar:/home/user/.m2/repository/io/grpc/grpc-context/1.29.0/grpc-context-1.29.0.jar:/home/user/.m2/repository/org/codehaus/mojo/animal-sniffer-annotations/1.18/animal-sniffer-annotations-1.18.jar:/home/user/.m2/repository/com/google/api/grpc/proto-google-common-protos/1.17.0/proto-google-common-protos-1.17.0.jar:/home/user/.m2/repository/io/grpc/grpc-protobuf-lite/1.29.0/grpc-protobuf-lite-1.29.0.jar:/home/user/.m2/repository/io/grpc/grpc-stub/1.29.0/grpc-stub-1.29.0.jar:/home/user/.m2/repository/org/apache/hadoop/hadoop-ozone-recon/1.1.0-SNAPSHOT/hadoop-ozone-recon-1.1.0-SNAPSHOT.jar:/home/user/.m2/repository/org/apache/hadoop/hadoop-ozone-reconcodegen/1.1.0-SNAPSHOT/hadoop-ozone-reconcodegen-1.1.0-SNAPSHOT.jar:/home/user/.m2/repository/com/google/inject/extensions/guice-multibindings/4.0/guice-multibindings-4.0.jar:/home/user/.m2/repository/com/google/inject/guice/4.0/guice-4.0.jar:/home/user/.m2/repository/aopalliance/aopalliance/1.0/aopalliance-1.0.jar:/home/user/.m2/repository/com/google/inject/extensions/guice-assistedinject/4.0/guice-assistedinject-4.0.jar:/home/user/.m2/repository/com/google/inject/extensions/guice-servlet/4.0/guice-servlet-4.0.jar:/home/user/.m2/repository/org/glassfish/jersey/containers/jersey-container-servlet/2.27/jersey-container-servlet-2.27.jar:/home/user/.m2/repository/org/glassfish/hk2/guice-bridge/2.5.0/guice-bridge-2.5.0.jar:/home/user/.m2/repository/org/glassfish/jersey/core/jersey-server/2.27/jersey-server-2.27.jar:/home/user/.m2/repository/org/glassfish/jersey/core/jersey-client/2.27/jersey-client-2.27.jar:/home/user/.m2/repository/org/glassfish/jersey/media/jersey-media-jaxb/2.27/jersey-media-jaxb-2.27.jar:/home/user/.m2/repository/javax/validation/validation-api/1.1.0.Final/validation-api-1.1.0.Final.jar:/home/user/.m2/repository/org/glassfish/jersey/media/jersey-media-json-jackson/2.27/jersey-media-json-jackson-2.27.jar:/home/user/.m2/repository/org/glassfish/jersey/ext/jersey-entity-filtering/2.27/jersey-entity-filtering-2.27.jar:/home/user/.m2/repository/org/jooq/jooq/3.11.10/jooq-3.11.10.jar:/home/user/.m2/repository/org/jooq/jooq-meta/3.11.10/jooq-meta-3.11.10.jar:/home/user/.m2/repository/org/jooq/jooq-codegen/3.11.10/jooq-codegen-3.11.10.jar:/home/user/.m2/repository/com/jolbox/bonecp/0.8.0.RELEASE/bonecp-0.8.0.RELEASE.jar:/home/user/.m2/repository/org/apache/derby/derby/10.14.2.0/derby-10.14.2.0.jar:/home/user/.m2/repository/org/xerial/sqlite-jdbc/3.25.2/sqlite-jdbc-3.25.2.jar:/home/user/.m2/repository/org/springframework/spring-jdbc/5.2.5.RELEASE/spring-jdbc-5.2.5.RELEASE.jar:/home/user/.m2/repository/org/springframework/spring-beans/5.2.5.RELEASE/spring-beans-5.2.5.RELEASE.jar:/home/user/.m2/repository/org/springframework/spring-core/5.2.5.RELEASE/spring-core-5.2.5.RELEASE.jar:/home/user/.m2/repository/org/springframework/spring-jcl/5.2.5.RELEASE/spring-jcl-5.2.5.RELEASE.jar:/home/user/.m2/repository/org/springframework/spring-tx/5.2.5.RELEASE/spring-tx-5.2.5.RELEASE.jar:/home/user/.m2/repository/org/apache/hadoop/hadoop-ozone-client/1.1.0-SNAPSHOT/hadoop-ozone-client-1.1.0-SNAPSHOT.jar:/home/user/.m2/repository/org/apache/hadoop/hadoop-ozone-filesystem/1.1.0-SNAPSHOT/hadoop-ozone-filesystem-1.1.0-SNAPSHOT.jar:/home/user/.m2/repository/org/apache/hadoop/hadoop-ozone-filesystem-common/1.1.0-SNAPSHOT/hadoop-ozone-filesystem-common-1.1.0-SNAPSHOT.jar:/home/user/.m2/repository/org/apache/hadoop/hadoop-ozone-tools/1.1.0-SNAPSHOT/hadoop-ozone-tools-1.1.0-SNAPSHOT.jar:/home/user/.m2/repository/org/apache/hadoop/hadoop-hdfs/3.2.1/hadoop-hdfs-3.2.1.jar:/home/user/.m2/repository/org/apache/ratis/ratis-tools/1.1.0-11689cd-SNAPSHOT/ratis-tools-1.1.0-11689cd-SNAPSHOT.jar:/home/user/.m2/repository/org/apache/ratis/ratis-proto/1.1.0-11689cd-SNAPSHOT/ratis-proto-1.1.0-11689cd-SNAPSHOT.jar:/home/user/.m2/repository/org/apache/ratis/ratis-common/1.1.0-11689cd-SNAPSHOT/ratis-common-1.1.0-11689cd-SNAPSHOT.jar:/home/user/.m2/repository/com/amazonaws/aws-java-sdk-core/1.11.615/aws-java-sdk-core-1.11.615.jar:/home/user/.m2/repository/org/apache/httpcomponents/httpclient/4.5.2/httpclient-4.5.2.jar:/home/user/.m2/repository/org/apache/httpcomponents/httpcore/4.4.4/httpcore-4.4.4.jar:/home/user/.m2/repository/software/amazon/ion/ion-java/1.0.2/ion-java-1.0.2.jar:/home/user/.m2/repository/com/fasterxml/jackson/dataformat/jackson-dataformat-cbor/2.10.3/jackson-dataformat-cbor-2.10.3.jar:/home/user/.m2/repository/joda-time/joda-time/2.8.1/joda-time-2.8.1.jar:/home/user/.m2/repository/com/amazonaws/aws-java-sdk-s3/1.11.615/aws-java-sdk-s3-1.11.615.jar:/home/user/.m2/repository/com/amazonaws/aws-java-sdk-kms/1.11.615/aws-java-sdk-kms-1.11.615.jar:/home/user/.m2/repository/com/amazonaws/jmespath-java/1.11.615/jmespath-java-1.11.615.jar:/home/user/.m2/repository/org/kohsuke/metainf-services/metainf-services/1.8/metainf-services-1.8.jar:/home/user/.m2/repository/org/apache/hadoop/hadoop-hdds-tools/1.1.0-SNAPSHOT/hadoop-hdds-tools-1.1.0-SNAPSHOT.jar:/home/user/.m2/repository/commons-cli/commons-cli/1.2/commons-cli-1.2.jar:/home/user/.m2/repository/org/apache/commons/commons-lang3/3.7/commons-lang3-3.7.jar:/home/user/.m2/repository/org/apache/hadoop/hadoop-ozone-ozone-manager/1.1.0-SNAPSHOT/hadoop-ozone-ozone-manager-1.1.0-SNAPSHOT-tests.jar:/home/user/.m2/repository/junit/junit/4.11/junit-4.11.jar:/home/user/.m2/repository/org/hamcrest/hamcrest-core/1.3/hamcrest-core-1.3.jar:/home/user/.m2/repository/org/openjdk/jmh/jmh-core/1.19/jmh-core-1.19.jar:/home/user/.m2/repository/net/sf/jopt-simple/jopt-simple/4.6/jopt-simple-4.6.jar:/home/user/.m2/repository/org/apache/commons/commons-math3/3.1.1/commons-math3-3.1.1.jar:/home/user/.m2/repository/org/openjdk/jmh/jmh-generator-annprocess/1.19/jmh-generator-annprocess-1.19.jar:/home/user/.m2/repository/org/mockito/mockito-all/1.8.5/mockito-all-1.8.5.jar:/home/user/.m2/repository/org/apache/hadoop/hadoop-kms/3.2.1/hadoop-kms-3.2.1.jar:/home/user/.m2/repository/org/apache/hadoop/hadoop-auth/3.2.1/hadoop-auth-3.2.1.jar:/home/user/.m2/repository/com/nimbusds/nimbus-jose-jwt/7.9/nimbus-jose-jwt-7.9.jar:/home/user/.m2/repository/com/github/stephenc/jcip/jcip-annotations/1.0-1/jcip-annotations-1.0-1.jar:/home/user/.m2/repository/net/minidev/json-smart/2.3/json-smart-2.3.jar:/home/user/.m2/repository/net/minidev/accessors-smart/1.2/accessors-smart-1.2.jar:/home/user/.m2/repository/org/ow2/asm/asm/5.0.4/asm-5.0.4.jar:/home/user/.m2/repository/org/apache/zookeeper/zookeeper/3.4.13/zookeeper-3.4.13.jar:/home/user/.m2/repository/org/apache/yetus/audience-annotations/0.5.0/audience-annotations-0.5.0.jar:/home/user/.m2/repository/org/apache/curator/curator-framework/2.13.0/curator-framework-2.13.0.jar:/home/user/.m2/repository/com/sun/jersey/jersey-core/1.19/jersey-core-1.19.jar:/home/user/.m2/repository/javax/ws/rs/jsr311-api/1.1.1/jsr311-api-1.1.1.jar:/home/user/.m2/repository/com/sun/jersey/jersey-server/1.19/jersey-server-1.19.jar:/home/user/.m2/repository/javax/servlet/javax.servlet-api/3.1.0/javax.servlet-api-3.1.0.jar:/home/user/.m2/repository/org/eclipse/jetty/jetty-server/9.4.26.v20200117/jetty-server-9.4.26.v20200117.jar:/home/user/.m2/repository/org/eclipse/jetty/jetty-http/9.4.26.v20200117/jetty-http-9.4.26.v20200117.jar:/home/user/.m2/repository/org/eclipse/jetty/jetty-io/9.4.26.v20200117/jetty-io-9.4.26.v20200117.jar:/home/user/.m2/repository/org/eclipse/jetty/jetty-webapp/9.4.26.v20200117/jetty-webapp-9.4.26.v20200117.jar:/home/user/.m2/repository/org/eclipse/jetty/jetty-xml/9.4.26.v20200117/jetty-xml-9.4.26.v20200117.jar:/home/user/.m2/repository/org/eclipse/jetty/jetty-servlet/9.4.26.v20200117/jetty-servlet-9.4.26.v20200117.jar:/home/user/.m2/repository/org/eclipse/jetty/jetty-security/9.4.26.v20200117/jetty-security-9.4.26.v20200117.jar:/home/user/.m2/repository/org/apache/hadoop/hadoop-common/3.2.1/hadoop-common-3.2.1.jar:/home/user/.m2/repository/commons-net/commons-net/3.6/commons-net-3.6.jar:/home/user/.m2/repository/commons-collections/commons-collections/3.2.2/commons-collections-3.2.2.jar:/home/user/.m2/repository/com/sun/jersey/jersey-servlet/1.19/jersey-servlet-1.19.jar:/home/user/.m2/repository/com/sun/jersey/jersey-json/1.19/jersey-json-1.19.jar:/home/user/.m2/repository/org/codehaus/jettison/jettison/1.1/jettison-1.1.jar:/home/user/.m2/repository/org/codehaus/jackson/jackson-jaxrs/1.9.2/jackson-jaxrs-1.9.2.jar:/home/user/.m2/repository/org/codehaus/jackson/jackson-xc/1.9.2/jackson-xc-1.9.2.jar:/home/user/.m2/repository/commons-beanutils/commons-beanutils/1.9.4/commons-beanutils-1.9.4.jar:/home/user/.m2/repository/org/apache/commons/commons-configuration2/2.1.1/commons-configuration2-2.1.1.jar:/home/user/.m2/repository/org/apache/commons/commons-text/1.4/commons-text-1.4.jar:/home/user/.m2/repository/com/google/re2j/re2j/1.1/re2j-1.1.jar:/home/user/.m2/repository/com/jcraft/jsch/0.1.54/jsch-0.1.54.jar:/home/user/.m2/repository/org/apache/curator/curator-client/2.13.0/curator-client-2.13.0.jar:/home/user/.m2/repository/org/apache/curator/curator-recipes/2.13.0/curator-recipes-2.13.0.jar:/home/user/.m2/repository/dnsjava/dnsjava/2.1.7/dnsjava-2.1.7.jar:/home/user/.m2/repository/org/slf4j/jul-to-slf4j/1.7.25/jul-to-slf4j-1.7.25.jar:/home/user/.m2/repository/org/eclipse/jetty/jetty-util/9.4.26.v20200117/jetty-util-9.4.26.v20200117.jar:/home/user/.m2/repository/com/fasterxml/jackson/core/jackson-databind/2.10.3/jackson-databind-2.10.3.jar:/home/user/.m2/repository/org/apache/hadoop/hadoop-kms/3.2.1/hadoop-kms-3.2.1-tests.jar:/home/user/.m2/repository/org/apache/hadoop/hadoop-hdds-server-scm/1.1.0-SNAPSHOT/hadoop-hdds-server-scm-1.1.0-SNAPSHOT-tests.jar:/home/user/.m2/repository/org/apache/hadoop/hadoop-hdds-container-service/1.1.0-SNAPSHOT/hadoop-hdds-container-service-1.1.0-SNAPSHOT-tests.jar:/home/user/.m2/repository/org/apache/hadoop/hadoop-hdds-common/1.1.0-SNAPSHOT/hadoop-hdds-common-1.1.0-SNAPSHOT-tests.jar:/home/user/.m2/repository/org/yaml/snakeyaml/1.16/snakeyaml-1.16.jar:/home/user/.m2/repository/org/apache/hadoop/hadoop-hdds-hadoop-dependency-test/1.1.0-SNAPSHOT/hadoop-hdds-hadoop-dependency-test-1.1.0-SNAPSHOT.jar:/home/user/.m2/repository/org/apache/hadoop/hadoop-common/3.2.1/hadoop-common-3.2.1-tests.jar:/home/user/.m2/repository/javax/servlet/jsp/jsp-api/2.1/jsp-api-2.1.jar:/home/user/.m2/repository/org/apache/hadoop/hadoop-hdfs/3.2.1/hadoop-hdfs-3.2.1-tests.jar:/home/user/.m2/repository/org/eclipse/jetty/jetty-util-ajax/9.4.26.v20200117/jetty-util-ajax-9.4.26.v20200117.jar:/home/user/.m2/repository/commons-codec/commons-codec/1.11/commons-codec-1.11.jar:/home/user/.m2/repository/commons-daemon/commons-daemon/1.0.13/commons-daemon-1.0.13.jar:/home/user/.m2/repository/io/netty/netty/3.10.5.Final/netty-3.10.5.Final.jar:/home/user/.m2/repository/io/netty/netty-all/4.1.48.Final/netty-all-4.1.48.Final.jar:/home/user/.m2/repository/org/apache/htrace/htrace-core4/4.1.0-incubating/htrace-core4-4.1.0-incubating.jar:/home/user/.m2/repository/org/fusesource/leveldbjni/leveldbjni-all/1.8/leveldbjni-all-1.8.jar:/home/user/.m2/repository/org/apache/hadoop/hadoop-distcp/3.2.1/hadoop-distcp-3.2.1.jar:/home/user/.m2/repository/org/apache/hadoop/hadoop-mapreduce-client-jobclient/3.2.1/hadoop-mapreduce-client-jobclient-3.2.1.jar:/home/user/.m2/repository/org/apache/hadoop/hadoop-mapreduce-client-common/3.2.1/hadoop-mapreduce-client-common-3.2.1.jar:/home/user/.m2/repository/org/apache/hadoop/hadoop-yarn-common/3.2.1/hadoop-yarn-common-3.2.1.jar:/home/user/.m2/repository/org/apache/hadoop/hadoop-yarn-api/3.2.1/hadoop-yarn-api-3.2.1.jar:/home/user/.m2/repository/com/sun/jersey/jersey-client/1.19/jersey-client-1.19.jar:/home/user/.m2/repository/com/sun/jersey/contribs/jersey-guice/1.19/jersey-guice-1.19.jar:/home/user/.m2/repository/com/fasterxml/jackson/jaxrs/jackson-jaxrs-json-provider/2.10.3/jackson-jaxrs-json-provider-2.10.3.jar:/home/user/.m2/repository/com/fasterxml/jackson/jaxrs/jackson-jaxrs-base/2.10.3/jackson-jaxrs-base-2.10.3.jar:/home/user/.m2/repository/org/apache/hadoop/hadoop-yarn-client/3.2.1/hadoop-yarn-client-3.2.1.jar:/home/user/.m2/repository/org/apache/hadoop/hadoop-mapreduce-client-core/3.2.1/hadoop-mapreduce-client-core-3.2.1.jar:/home/user/.m2/repository/org/apache/avro/avro/1.7.7/avro-1.7.7.jar:/home/user/.m2/repository/org/codehaus/jackson/jackson-core-asl/1.9.13/jackson-core-asl-1.9.13.jar:/home/user/.m2/repository/org/codehaus/jackson/jackson-mapper-asl/1.9.13/jackson-mapper-asl-1.9.13.jar:/home/user/.m2/repository/com/thoughtworks/paranamer/paranamer/2.3/paranamer-2.3.jar:/home/user/.m2/repository/org/xerial/snappy/snappy-java/1.0.5/snappy-java-1.0.5.jar:/home/user/.m2/repository/org/apache/hadoop/hadoop-annotations/3.2.1/hadoop-annotations-3.2.1.jar:/usr/lib/jvm/java-1.8.0-openjdk-1.8.0.232.b09-0.el7_7.x86_64/jre/../lib/tools.jar:/home/user/.m2/repository/org/apache/hadoop/hadoop-distcp/3.2.1/hadoop-distcp-3.2.1-tests.jar:"/>
    <property name="sun.cpu.endian" value="little"/>
    <property name="user.home" value="/home/user"/>
    <property name="user.language" value="en"/>
    <property name="java.specification.vendor" value="Oracle Corporation"/>
    <property name="java.home" value="/usr/lib/jvm/java-1.8.0-openjdk-1.8.0.232.b09-0.el7_7.x86_64/jre"/>
    <property name="java.security.krb5.conf" value="/github/workspace/mnt/ozone/hadoop-ozone/integration-test/target/test-classes/krb5.conf"/>
    <property name="basedir" value="/github/workspace/mnt/ozone/hadoop-ozone/integration-test"/>
    <property name="file.separator" value="/"/>
    <property name="line.separator" value="&#10;"/>
    <property name="java.vm.specification.vendor" value="Oracle Corporation"/>
    <property name="java.specification.name" value="Java Platform API Specification"/>
    <property name="java.awt.graphicsenv" value="sun.awt.X11GraphicsEnvironment"/>
    <property name="skip.installnpx" value="true"/>
    <property name="surefire.real.class.path" value="/github/workspace/mnt/ozone/hadoop-ozone/integration-test/target/surefire/surefirebooter8893360523449309851.jar:/home/user/.m2/repository/org/jacoco/org.jacoco.agent/0.8.5/org.jacoco.agent-0.8.5-runtime.jar"/>
    <property name="hadoop.log.dir" value="/github/workspace/mnt/ozone/hadoop-ozone/integration-test/target/log"/>
    <property name="sun.boot.class.path" value="/usr/lib/jvm/java-1.8.0-openjdk-1.8.0.232.b09-0.el7_7.x86_64/jre/lib/resources.jar:/usr/lib/jvm/java-1.8.0-openjdk-1.8.0.232.b09-0.el7_7.x86_64/jre/lib/rt.jar:/usr/lib/jvm/java-1.8.0-openjdk-1.8.0.232.b09-0.el7_7.x86_64/jre/lib/sunrsasign.jar:/usr/lib/jvm/java-1.8.0-openjdk-1.8.0.232.b09-0.el7_7.x86_64/jre/lib/jsse.jar:/usr/lib/jvm/java-1.8.0-openjdk-1.8.0.232.b09-0.el7_7.x86_64/jre/lib/jce.jar:/usr/lib/jvm/java-1.8.0-openjdk-1.8.0.232.b09-0.el7_7.x86_64/jre/lib/charsets.jar:/usr/lib/jvm/java-1.8.0-openjdk-1.8.0.232.b09-0.el7_7.x86_64/jre/lib/jfr.jar:/usr/lib/jvm/java-1.8.0-openjdk-1.8.0.232.b09-0.el7_7.x86_64/jre/classes"/>
    <property name="sun.management.compiler" value="HotSpot 64-Bit Tiered Compilers"/>
    <property name="skip.npx" value="true"/>
    <property name="java.runtime.version" value="1.8.0_232-b09"/>
    <property name="java.net.preferIPv4Stack" value="true"/>
    <property name="user.name" value="jenkins1001"/>
    <property name="path.separator" value=":"/>
    <property name="java.security.egd" value="file:///dev/urandom"/>
    <property name="os.version" value="5.4.0-1031-azure"/>
    <property name="java.endorsed.dirs" value="/usr/lib/jvm/java-1.8.0-openjdk-1.8.0.232.b09-0.el7_7.x86_64/jre/lib/endorsed"/>
    <property name="java.runtime.name" value="OpenJDK Runtime Environment"/>
    <property name="file.encoding" value="ANSI_X3.4-1968"/>
    <property name="java.vm.name" value="OpenJDK 64-Bit Server VM"/>
    <property name="test.build.webapps" value=""/>
    <property name="localRepository" value="/home/user/.m2/repository"/>
    <property name="java.vendor.url.bug" value="http://bugreport.sun.com/bugreport/"/>
    <property name="java.io.tmpdir" value="/tmp"/>
    <property name="require.test.libhadoop" value=""/>
    <property name="java.version" value="1.8.0_232"/>
    <property name="user.dir" value="/github/workspace/mnt/ozone/hadoop-ozone/integration-test"/>
    <property name="os.arch" value="amd64"/>
    <property name="java.vm.specification.name" value="Java Virtual Machine Specification"/>
    <property name="test.build.classes" value="/github/workspace/mnt/ozone/hadoop-ozone/integration-test/target/test-classes"/>
    <property name="java.awt.printerjob" value="sun.print.PSPrinterJob"/>
    <property name="sun.os.patch.level" value="unknown"/>
    <property name="hadoop.tmp.dir" value="/github/workspace/mnt/ozone/hadoop-ozone/integration-test/target/tmp"/>
    <property name="java.library.path" value="/usr/lib:/usr/java/packages/lib/amd64:/usr/lib64:/lib64:/lib:/usr/lib"/>
    <property name="java.vm.info" value="mixed mode"/>
    <property name="java.vendor" value="Oracle Corporation"/>
    <property name="java.vm.version" value="25.232-b09"/>
    <property name="java.ext.dirs" value="/usr/lib/jvm/java-1.8.0-openjdk-1.8.0.232.b09-0.el7_7.x86_64/jre/lib/ext:/usr/java/packages/lib/ext"/>
    <property name="sun.io.unicode.encoding" value="UnicodeLittle"/>
    <property name="java.class.version" value="52.0"/>
  </properties>
  <testcase name="testGroupMismatchExceptionHandling" classname="org.apache.hadoop.ozone.client.rpc.TestOzoneClientRetriesOnException" time="43.848"/>
  <testcase name="testMaxRetriesByOzoneClient" classname="org.apache.hadoop.ozone.client.rpc.TestOzoneClientRetriesOnException" time="36.271">
    <failure message="Expected exception not thrown" type="java.lang.AssertionError">java.lang.AssertionError: Expected exception not thrown
	at org.junit.Assert.fail(Assert.java:88)
	at org.apache.hadoop.ozone.client.rpc.TestOzoneClientRetriesOnException.testMaxRetriesByOzoneClient(TestOzoneClientRetriesOnException.java:231)
	at sun.reflect.NativeMethodAccessorImpl.invoke0(Native Method)
	at sun.reflect.NativeMethodAccessorImpl.invoke(NativeMethodAccessorImpl.java:62)
	at sun.reflect.DelegatingMethodAccessorImpl.invoke(DelegatingMethodAccessorImpl.java:43)
	at java.lang.reflect.Method.invoke(Method.java:498)
	at org.junit.runners.model.FrameworkMethod$1.runReflectiveCall(FrameworkMethod.java:47)
	at org.junit.internal.runners.model.ReflectiveCallable.run(ReflectiveCallable.java:12)
	at org.junit.runners.model.FrameworkMethod.invokeExplosively(FrameworkMethod.java:44)
	at org.junit.internal.runners.statements.InvokeMethod.evaluate(InvokeMethod.java:17)
	at org.junit.internal.runners.statements.RunBefores.evaluate(RunBefores.java:26)
	at org.junit.internal.runners.statements.RunAfters.evaluate(RunAfters.java:27)
	at org.junit.internal.runners.statements.FailOnTimeout$StatementThread.run(FailOnTimeout.java:74)
</failure>
    <system-out><![CDATA[2020-11-02 01:46:52,109 [Thread-362] WARN  server.ServerUtils (ServerUtils.java:getScmDbDir(148)) - ozone.scm.db.dirs is not configured. We recommend adding this setting. Falling back to ozone.metadata.dirs instead.
2020-11-02 01:46:52,111 [Thread-362] WARN  server.ServerUtils (ServerUtils.java:getScmDbDir(148)) - ozone.scm.db.dirs is not configured. We recommend adding this setting. Falling back to ozone.metadata.dirs instead.
2020-11-02 01:46:52,112 [Thread-362] WARN  db.DBStoreBuilder (DBStoreBuilder.java:createDBStoreBuilder(283)) - ozone.scm.db.dirs is not configured. We recommend adding this setting. Falling back to ozone.metadata.dirs instead.
2020-11-02 01:46:52,139 [Thread-362] INFO  net.NodeSchemaLoader (NodeSchemaLoader.java:loadSchemaFromFile(126)) - Loading file from sun.misc.CompoundEnumeration@11fecd26
2020-11-02 01:46:52,139 [Thread-362] INFO  net.NodeSchemaLoader (NodeSchemaLoader.java:loadSchema(172)) - Loading network topology layer schema file
2020-11-02 01:46:52,142 [Thread-362] WARN  server.ServerUtils (ServerUtils.java:sanitizeUserArgs(73)) - ozone.scm.stale.node.interval value = 300000 is larger than max = 100000 based on the key value of ozone.scm.heartbeat.thread.interval, reset to the max value 100000.
2020-11-02 01:46:52,142 [Thread-362] WARN  server.ServerUtils (ServerUtils.java:sanitizeUserArgs(73)) - ozone.scm.stale.node.interval value = 300000 is larger than max = 100000 based on the key value of ozone.scm.heartbeat.thread.interval, reset to the max value 100000.
2020-11-02 01:46:52,142 [Thread-362] INFO  node.SCMNodeManager (SCMNodeManager.java:<init>(120)) - Entering startup safe mode.
2020-11-02 01:46:52,142 [Thread-362] INFO  algorithms.ContainerPlacementPolicyFactory (ContainerPlacementPolicyFactory.java:getPolicy(60)) - Create container placement policy of type org.apache.hadoop.hdds.scm.container.placement.algorithms.SCMContainerPlacementRandom
2020-11-02 01:46:52,143 [Thread-362] INFO  algorithms.LeaderChoosePolicyFactory (LeaderChoosePolicyFactory.java:getPolicy(57)) - Create leader choose policy of type org.apache.hadoop.hdds.scm.pipeline.leader.choose.algorithms.DefaultLeaderChoosePolicy
2020-11-02 01:46:52,143 [Thread-362] INFO  pipeline.SCMPipelineManager (SCMPipelineManager.java:initializePipelineState(161)) - No pipeline exists in current db
2020-11-02 01:46:52,143 [Thread-362] INFO  algorithms.PipelineChoosePolicyFactory (PipelineChoosePolicyFactory.java:createPipelineChoosePolicyFromClass(75)) - Create pipeline choose policy of type org.apache.hadoop.hdds.scm.pipeline.choose.algorithms.RandomPipelineChoosePolicy
2020-11-02 01:46:52,144 [Thread-362] INFO  safemode.HealthyPipelineSafeModeRule (HealthyPipelineSafeModeRule.java:<init>(89)) - Total pipeline count is 0, healthy pipeline threshold count is 0
2020-11-02 01:46:52,144 [Thread-362] INFO  safemode.OneReplicaPipelineSafeModeRule (OneReplicaPipelineSafeModeRule.java:<init>(79)) - Total pipeline count is 0, pipeline's with at least one datanode reported threshold count is 0
2020-11-02 01:46:52,147 [Thread-362] INFO  ipc.CallQueueManager (CallQueueManager.java:<init>(84)) - Using callQueue: class java.util.concurrent.LinkedBlockingQueue, queueCapacity: 2000, scheduler: class org.apache.hadoop.ipc.DefaultRpcScheduler, ipcBackoff: false.
2020-11-02 01:46:52,148 [Listener at 0.0.0.0/39435] INFO  ipc.CallQueueManager (CallQueueManager.java:<init>(84)) - Using callQueue: class java.util.concurrent.LinkedBlockingQueue, queueCapacity: 2000, scheduler: class org.apache.hadoop.ipc.DefaultRpcScheduler, ipcBackoff: false.
2020-11-02 01:46:52,149 [Socket Reader #1 for port 0] INFO  ipc.Server (Server.java:run(1219)) - Starting Socket Reader #1 for port 0
2020-11-02 01:46:52,149 [Socket Reader #1 for port 0] INFO  ipc.Server (Server.java:run(1219)) - Starting Socket Reader #1 for port 0
2020-11-02 01:46:52,153 [Listener at 0.0.0.0/41831] INFO  ipc.CallQueueManager (CallQueueManager.java:<init>(84)) - Using callQueue: class java.util.concurrent.LinkedBlockingQueue, queueCapacity: 2000, scheduler: class org.apache.hadoop.ipc.DefaultRpcScheduler, ipcBackoff: false.
2020-11-02 01:46:52,154 [Socket Reader #1 for port 0] INFO  ipc.Server (Server.java:run(1219)) - Starting Socket Reader #1 for port 0
2020-11-02 01:46:52,158 [Listener at 0.0.0.0/41963] INFO  http.BaseHttpServer (BaseHttpServer.java:newHttpServer2BuilderForOzone(207)) - Starting Web-server for scm at: http://0.0.0.0:0
2020-11-02 01:46:52,158 [Listener at 0.0.0.0/41963] INFO  http.BaseHttpServer (BaseHttpServer.java:<init>(106)) - Hadoop Security Enabled: false Ozone Security Enabled: false Ozone HTTP Security Enabled: false 
2020-11-02 01:46:52,159 [Listener at 0.0.0.0/41963] INFO  server.AuthenticationFilter (AuthenticationFilter.java:constructSecretProvider(240)) - Unable to initialize FileSignerSecretProvider, falling back to use random secrets.
2020-11-02 01:46:52,159 [Listener at 0.0.0.0/41963] WARN  http.HttpRequestLog (HttpRequestLog.java:getRequestLog(103)) - Jetty request log can only be enabled using Log4j
2020-11-02 01:46:52,160 [Listener at 0.0.0.0/41963] INFO  http.HttpServer2 (HttpServer2.java:addGlobalFilter(1019)) - Added global filter 'safety' (class=org.apache.hadoop.hdds.server.http.HttpServer2$QuotingInputFilter)
2020-11-02 01:46:52,161 [Listener at 0.0.0.0/41963] INFO  http.HttpServer2 (HttpServer2.java:addFilter(995)) - Added filter static_user_filter (class=org.apache.hadoop.http.lib.StaticUserWebFilter$StaticUserFilter) to context scm
2020-11-02 01:46:52,161 [Listener at 0.0.0.0/41963] INFO  http.HttpServer2 (HttpServer2.java:addFilter(1003)) - Added filter static_user_filter (class=org.apache.hadoop.http.lib.StaticUserWebFilter$StaticUserFilter) to context logs
2020-11-02 01:46:52,161 [Listener at 0.0.0.0/41963] INFO  http.HttpServer2 (HttpServer2.java:addFilter(1003)) - Added filter static_user_filter (class=org.apache.hadoop.http.lib.StaticUserWebFilter$StaticUserFilter) to context static
2020-11-02 01:46:52,163 [Listener at 0.0.0.0/41963] INFO  server.StorageContainerManager (StorageContainerManager.java:start(789)) - StorageContainerLocationProtocol RPC server is listening at /0.0.0.0:41963
2020-11-02 01:46:52,164 [Listener at 0.0.0.0/41963] WARN  impl.MetricsConfig (MetricsConfig.java:loadFirst(134)) - Cannot locate configuration: tried hadoop-metrics2-storagecontainermanager.properties,hadoop-metrics2.properties
2020-11-02 01:46:52,165 [Listener at 0.0.0.0/41963] INFO  impl.MetricsSystemImpl (MetricsSystemImpl.java:startTimer(374)) - Scheduled Metric snapshot period at 10 second(s).
2020-11-02 01:46:52,165 [Listener at 0.0.0.0/41963] INFO  impl.MetricsSystemImpl (MetricsSystemImpl.java:start(191)) - StorageContainerManager metrics system started
2020-11-02 01:46:52,190 [Listener at 0.0.0.0/41963] WARN  impl.MetricsSystemImpl (MetricsSystemImpl.java:register(276)) - Sink prometheus already exists!
2020-11-02 01:46:52,198 [Listener at 0.0.0.0/41963] INFO  server.SCMClientProtocolServer (SCMClientProtocolServer.java:start(156)) - RPC server for Client  is listening at /0.0.0.0:41963
2020-11-02 01:46:52,202 [IPC Server Responder] INFO  ipc.Server (Server.java:run(1460)) - IPC Server Responder: starting
2020-11-02 01:46:52,202 [IPC Server listener on 0] INFO  ipc.Server (Server.java:run(1298)) - IPC Server listener on 0: starting
2020-11-02 01:46:52,211 [Listener at 0.0.0.0/41963] INFO  server.StorageContainerManager (StorageContainerManager.java:start(801)) - ScmBlockLocationProtocol RPC server is listening at /0.0.0.0:41831
2020-11-02 01:46:52,211 [Listener at 0.0.0.0/41963] INFO  server.SCMBlockProtocolServer (SCMBlockProtocolServer.java:start(149)) - RPC server for Block Protocol is listening at /0.0.0.0:41831
2020-11-02 01:46:52,211 [IPC Server Responder] INFO  ipc.Server (Server.java:run(1460)) - IPC Server Responder: starting
2020-11-02 01:46:52,214 [IPC Server listener on 0] INFO  ipc.Server (Server.java:run(1298)) - IPC Server listener on 0: starting
2020-11-02 01:46:52,223 [Listener at 0.0.0.0/41963] INFO  server.StorageContainerManager (StorageContainerManager.java:start(807)) - ScmDatanodeProtocl RPC server is listening at /0.0.0.0:39435
2020-11-02 01:46:52,223 [Listener at 0.0.0.0/41963] INFO  server.SCMDatanodeProtocolServer (SCMDatanodeProtocolServer.java:start(172)) - RPC server for DataNodes is listening at /0.0.0.0:39435
2020-11-02 01:46:52,224 [IPC Server Responder] INFO  ipc.Server (Server.java:run(1460)) - IPC Server Responder: starting
2020-11-02 01:46:52,226 [IPC Server listener on 0] INFO  ipc.Server (Server.java:run(1298)) - IPC Server listener on 0: starting
2020-11-02 01:46:52,233 [Listener at 0.0.0.0/41963] INFO  http.HttpServer2 (HttpServer2.java:bindListener(1237)) - Jetty bound to port 36363
2020-11-02 01:46:52,233 [Listener at 0.0.0.0/41963] INFO  server.Server (Server.java:doStart(359)) - jetty-9.4.26.v20200117; built: 2020-01-17T12:35:33.676Z; git: 7b38981d25d14afb4a12ff1f2596756144edf695; jvm 1.8.0_232-b09
2020-11-02 01:46:52,235 [Listener at 0.0.0.0/41963] INFO  server.session (DefaultSessionIdManager.java:doStart(333)) - DefaultSessionIdManager workerName=node0
2020-11-02 01:46:52,235 [Listener at 0.0.0.0/41963] INFO  server.session (DefaultSessionIdManager.java:doStart(338)) - No SessionScavenger set, using defaults
2020-11-02 01:46:52,236 [Listener at 0.0.0.0/41963] INFO  server.session (HouseKeeper.java:startScavenging(140)) - node0 Scavenging every 660000ms
2020-11-02 01:46:52,236 [Listener at 0.0.0.0/41963] INFO  handler.ContextHandler (ContextHandler.java:doStart(825)) - Started o.e.j.s.ServletContextHandler@7d62033b{logs,/logs,file:///github/workspace/mnt/ozone/hadoop-ozone/integration-test/target/log,AVAILABLE}
2020-11-02 01:46:52,237 [Listener at 0.0.0.0/41963] INFO  handler.ContextHandler (ContextHandler.java:doStart(825)) - Started o.e.j.s.ServletContextHandler@6044eacf{static,/static,file:///github/workspace/mnt/ozone/hadoop-ozone/integration-test/target/test-classes/webapps/static,AVAILABLE}
2020-11-02 01:46:52,244 [Listener at 0.0.0.0/41963] INFO  handler.ContextHandler (ContextHandler.java:doStart(825)) - Started o.e.j.w.WebAppContext@263f164c{scm,/,file:///github/workspace/mnt/ozone/hadoop-ozone/integration-test/target/test-classes/webapps/scm/,AVAILABLE}{file:/github/workspace/mnt/ozone/hadoop-ozone/integration-test/target/test-classes/webapps/scm}
2020-11-02 01:46:52,249 [Listener at 0.0.0.0/41963] INFO  server.AbstractConnector (AbstractConnector.java:doStart(330)) - Started ServerConnector@402ea8d7{HTTP/1.1,[http/1.1]}{0.0.0.0:36363}
2020-11-02 01:46:52,249 [Listener at 0.0.0.0/41963] INFO  server.Server (Server.java:doStart(399)) - Started @44858ms
2020-11-02 01:46:52,249 [Listener at 0.0.0.0/41963] WARN  impl.MetricsSystemImpl (MetricsSystemImpl.java:register(276)) - Sink prometheus already exists!
2020-11-02 01:46:52,252 [Listener at 0.0.0.0/41963] INFO  http.BaseHttpServer (BaseHttpServer.java:updateConnectorAddress(327)) - HTTP server of scm listening at http://0.0.0.0:36363
2020-11-02 01:46:52,253 [Listener at 0.0.0.0/41963] WARN  server.ServerUtils (ServerUtils.java:getDBPath(225)) - ozone.om.db.dirs is not configured. We recommend adding this setting. Falling back to ozone.metadata.dirs instead.
2020-11-02 01:46:52,253 [org.apache.hadoop.util.JvmPauseMonitor$Monitor@7a77f5ae] INFO  util.JvmPauseMonitor (JvmPauseMonitor.java:run(188)) - Starting JVM pause monitor
2020-11-02 01:46:52,255 [Listener at 0.0.0.0/41963] INFO  ha.OMHANodeDetails (OMHANodeDetails.java:loadOMHAConfig(104)) - ozone.om.internal.service.id is not defined, falling back to ozone.om.service.ids to find serviceID for OzoneManager if it is HA enabled cluster
2020-11-02 01:46:52,256 [Listener at 0.0.0.0/41963] INFO  ha.OMHANodeDetails (OMHANodeDetails.java:loadOMHAConfig(213)) - Configuration either no ozone.om.address set. Falling back to the default OM address /127.0.0.1:0
2020-11-02 01:46:52,256 [Listener at 0.0.0.0/41963] INFO  ha.OMHANodeDetails (OMHANodeDetails.java:getOMNodeDetails(241)) - OM Service ID is not set. Setting it to the default ID: omServiceIdDefault
2020-11-02 01:46:52,257 [Listener at 0.0.0.0/41963] WARN  server.ServerUtils (ServerUtils.java:getDBPath(225)) - ozone.om.db.dirs is not configured. We recommend adding this setting. Falling back to ozone.metadata.dirs instead.
2020-11-02 01:46:52,257 [Listener at 0.0.0.0/41963] WARN  server.ServerUtils (ServerUtils.java:getDBPath(225)) - ozone.om.db.dirs is not configured. We recommend adding this setting. Falling back to ozone.metadata.dirs instead.
2020-11-02 01:46:52,261 [Listener at 0.0.0.0/41963] WARN  server.ServerUtils (ServerUtils.java:getDBPath(225)) - ozone.om.db.dirs is not configured. We recommend adding this setting. Falling back to ozone.metadata.dirs instead.
2020-11-02 01:46:52,261 [Listener at 0.0.0.0/41963] INFO  codec.OmKeyInfoCodec (OmKeyInfoCodec.java:<init>(41)) - OmKeyInfoCodec ignorePipeline = true
2020-11-02 01:46:52,261 [Listener at 0.0.0.0/41963] INFO  codec.RepeatedOmKeyInfoCodec (RepeatedOmKeyInfoCodec.java:<init>(40)) - RepeatedOmKeyInfoCodec ignorePipeline = true
2020-11-02 01:46:52,306 [Listener at 0.0.0.0/41963] INFO  om.OzoneManager (OzoneManager.java:addS3GVolumeToDB(3650)) - Created Volume s3v With Owner jenkins1001 required for S3Gateway operations.
2020-11-02 01:46:52,307 [Listener at 0.0.0.0/41963] INFO  ipc.CallQueueManager (CallQueueManager.java:<init>(84)) - Using callQueue: class java.util.concurrent.LinkedBlockingQueue, queueCapacity: 2000, scheduler: class org.apache.hadoop.ipc.DefaultRpcScheduler, ipcBackoff: false.
2020-11-02 01:46:52,310 [Socket Reader #1 for port 0] INFO  ipc.Server (Server.java:run(1219)) - Starting Socket Reader #1 for port 0
2020-11-02 01:46:52,331 [Listener at 127.0.0.1/34381] INFO  impl.MetricsSystemImpl (MetricsSystemImpl.java:init(158)) - OzoneManager metrics system started (again)
2020-11-02 01:46:52,332 [Listener at 127.0.0.1/34381] INFO  om.OzoneManager (OzoneManager.java:start(1135)) - OzoneManager RPC server is listening at localhost/127.0.0.1:34381
2020-11-02 01:46:52,337 [Listener at 127.0.0.1/34381] INFO  http.BaseHttpServer (BaseHttpServer.java:newHttpServer2BuilderForOzone(207)) - Starting Web-server for ozoneManager at: http://0.0.0.0:0
2020-11-02 01:46:52,337 [Listener at 127.0.0.1/34381] INFO  http.BaseHttpServer (BaseHttpServer.java:<init>(106)) - Hadoop Security Enabled: false Ozone Security Enabled: false Ozone HTTP Security Enabled: false 
2020-11-02 01:46:52,338 [Listener at 127.0.0.1/34381] INFO  server.AuthenticationFilter (AuthenticationFilter.java:constructSecretProvider(240)) - Unable to initialize FileSignerSecretProvider, falling back to use random secrets.
2020-11-02 01:46:52,339 [Listener at 127.0.0.1/34381] WARN  http.HttpRequestLog (HttpRequestLog.java:getRequestLog(103)) - Jetty request log can only be enabled using Log4j
2020-11-02 01:46:52,340 [Listener at 127.0.0.1/34381] INFO  http.HttpServer2 (HttpServer2.java:addGlobalFilter(1019)) - Added global filter 'safety' (class=org.apache.hadoop.hdds.server.http.HttpServer2$QuotingInputFilter)
2020-11-02 01:46:52,340 [Listener at 127.0.0.1/34381] INFO  http.HttpServer2 (HttpServer2.java:addFilter(995)) - Added filter static_user_filter (class=org.apache.hadoop.http.lib.StaticUserWebFilter$StaticUserFilter) to context ozoneManager
2020-11-02 01:46:52,340 [Listener at 127.0.0.1/34381] INFO  http.HttpServer2 (HttpServer2.java:addFilter(1003)) - Added filter static_user_filter (class=org.apache.hadoop.http.lib.StaticUserWebFilter$StaticUserFilter) to context logs
2020-11-02 01:46:52,340 [Listener at 127.0.0.1/34381] INFO  http.HttpServer2 (HttpServer2.java:addFilter(1003)) - Added filter static_user_filter (class=org.apache.hadoop.http.lib.StaticUserWebFilter$StaticUserFilter) to context static
2020-11-02 01:46:52,341 [Listener at 127.0.0.1/34381] INFO  http.HttpServer2 (HttpServer2.java:bindListener(1237)) - Jetty bound to port 35567
2020-11-02 01:46:52,341 [Listener at 127.0.0.1/34381] INFO  server.Server (Server.java:doStart(359)) - jetty-9.4.26.v20200117; built: 2020-01-17T12:35:33.676Z; git: 7b38981d25d14afb4a12ff1f2596756144edf695; jvm 1.8.0_232-b09
2020-11-02 01:46:52,343 [Listener at 127.0.0.1/34381] INFO  server.session (DefaultSessionIdManager.java:doStart(333)) - DefaultSessionIdManager workerName=node0
2020-11-02 01:46:52,343 [Listener at 127.0.0.1/34381] INFO  server.session (DefaultSessionIdManager.java:doStart(338)) - No SessionScavenger set, using defaults
2020-11-02 01:46:52,343 [Listener at 127.0.0.1/34381] INFO  server.session (HouseKeeper.java:startScavenging(140)) - node0 Scavenging every 600000ms
2020-11-02 01:46:52,343 [Listener at 127.0.0.1/34381] INFO  handler.ContextHandler (ContextHandler.java:doStart(825)) - Started o.e.j.s.ServletContextHandler@5a01a951{logs,/logs,file:///github/workspace/mnt/ozone/hadoop-ozone/integration-test/target/log,AVAILABLE}
2020-11-02 01:46:52,344 [Listener at 127.0.0.1/34381] INFO  handler.ContextHandler (ContextHandler.java:doStart(825)) - Started o.e.j.s.ServletContextHandler@3326efe{static,/static,file:///github/workspace/mnt/ozone/hadoop-ozone/integration-test/target/test-classes/webapps/static,AVAILABLE}
2020-11-02 01:46:52,347 [Listener at 127.0.0.1/34381] INFO  handler.ContextHandler (ContextHandler.java:doStart(825)) - Started o.e.j.w.WebAppContext@793b40bd{ozoneManager,/,file:///github/workspace/mnt/ozone/hadoop-ozone/integration-test/target/test-classes/webapps/ozoneManager/,AVAILABLE}{file:/github/workspace/mnt/ozone/hadoop-ozone/integration-test/target/test-classes/webapps/ozoneManager}
2020-11-02 01:46:52,348 [Listener at 127.0.0.1/34381] INFO  server.AbstractConnector (AbstractConnector.java:doStart(330)) - Started ServerConnector@56386a84{HTTP/1.1,[http/1.1]}{0.0.0.0:35567}
2020-11-02 01:46:52,348 [Listener at 127.0.0.1/34381] INFO  server.Server (Server.java:doStart(399)) - Started @44957ms
2020-11-02 01:46:52,348 [Listener at 127.0.0.1/34381] WARN  impl.MetricsSystemImpl (MetricsSystemImpl.java:register(276)) - Sink prometheus already exists!
2020-11-02 01:46:52,351 [Listener at 127.0.0.1/34381] INFO  http.BaseHttpServer (BaseHttpServer.java:updateConnectorAddress(327)) - HTTP server of ozoneManager listening at http://0.0.0.0:35567
2020-11-02 01:46:52,354 [IPC Server Responder] INFO  ipc.Server (Server.java:run(1460)) - IPC Server Responder: starting
2020-11-02 01:46:52,362 [IPC Server listener on 0] INFO  ipc.Server (Server.java:run(1298)) - IPC Server listener on 0: starting
2020-11-02 01:46:52,368 [org.apache.hadoop.util.JvmPauseMonitor$Monitor@6ac1da29] INFO  util.JvmPauseMonitor (JvmPauseMonitor.java:run(188)) - Starting JVM pause monitor
2020-11-02 01:46:52,384 [Listener at 127.0.0.1/34381] INFO  impl.MetricsSystemImpl (MetricsSystemImpl.java:init(158)) - HddsDatanode metrics system started (again)
2020-11-02 01:46:52,386 [Listener at 127.0.0.1/34381] INFO  ozone.HddsDatanodeService (HddsDatanodeService.java:start(217)) - HddsDatanodeService host:d0a72d05df0f ip:172.17.0.2
2020-11-02 01:46:52,390 [Listener at 127.0.0.1/34381] INFO  volume.HddsVolume (HddsVolume.java:<init>(176)) - Creating Volume: /github/workspace/mnt/ozone/hadoop-ozone/integration-test/target/test-dir/MiniOzoneClusterImpl-3e692a3b-ddb2-4690-9144-d4d1ad0fcef2/datanode-0/data-0/containers/hdds of storage type : DISK and capacity : 9223372036854775807
2020-11-02 01:46:52,390 [Listener at 127.0.0.1/34381] INFO  volume.MutableVolumeSet (MutableVolumeSet.java:initializeVolumeSet(179)) - Added Volume : /github/workspace/mnt/ozone/hadoop-ozone/integration-test/target/test-dir/MiniOzoneClusterImpl-3e692a3b-ddb2-4690-9144-d4d1ad0fcef2/datanode-0/data-0/containers/hdds to VolumeSet
2020-11-02 01:46:52,390 [Listener at 127.0.0.1/34381] INFO  volume.ThrottledAsyncChecker (ThrottledAsyncChecker.java:schedule(141)) - Scheduling a check for /github/workspace/mnt/ozone/hadoop-ozone/integration-test/target/test-dir/MiniOzoneClusterImpl-3e692a3b-ddb2-4690-9144-d4d1ad0fcef2/datanode-0/data-0/containers/hdds
2020-11-02 01:46:52,396 [Listener at 127.0.0.1/34381] INFO  volume.HddsVolumeChecker (HddsVolumeChecker.java:checkAllVolumes(200)) - Scheduled health check for volume /github/workspace/mnt/ozone/hadoop-ozone/integration-test/target/test-dir/MiniOzoneClusterImpl-3e692a3b-ddb2-4690-9144-d4d1ad0fcef2/datanode-0/data-0/containers/hdds
2020-11-02 01:46:52,407 [Thread-485] INFO  ozoneimpl.ContainerReader (ContainerReader.java:readVolume(123)) - Start to verify containers on volume /github/workspace/mnt/ozone/hadoop-ozone/integration-test/target/test-dir/MiniOzoneClusterImpl-3e692a3b-ddb2-4690-9144-d4d1ad0fcef2/datanode-0/data-0/containers/hdds
2020-11-02 01:46:52,407 [Thread-485] INFO  ozoneimpl.ContainerReader (ContainerReader.java:readVolume(148)) - Finish verifying containers on volume /github/workspace/mnt/ozone/hadoop-ozone/integration-test/target/test-dir/MiniOzoneClusterImpl-3e692a3b-ddb2-4690-9144-d4d1ad0fcef2/datanode-0/data-0/containers/hdds
2020-11-02 01:46:52,407 [Listener at 127.0.0.1/34381] INFO  ozoneimpl.OzoneContainer (OzoneContainer.java:buildContainerSet(196)) - Build ContainerSet costs 0s
2020-11-02 01:46:52,410 [Listener at 127.0.0.1/34381] INFO  impl.RaftServerProxy (ConfUtils.java:logGet(44)) - raft.rpc.type = GRPC (default)
2020-11-02 01:46:52,410 [Listener at 127.0.0.1/34381] INFO  grpc.GrpcFactory (GrpcFactory.java:checkPooledByteBufAllocatorUseCacheForAllThreads(45)) - PERFORMANCE WARNING: useCacheForAllThreads is true that may cause Netty to create a lot garbage objects and, as a result, trigger GC.
	It is recommended to disable useCacheForAllThreads by setting -Dorg.apache.ratis.thirdparty.io.netty.allocator.useCacheForAllThreads=false in command line.
2020-11-02 01:46:52,410 [Listener at 127.0.0.1/34381] INFO  grpc.GrpcConfigKeys (ConfUtils.java:logGet(44)) - raft.grpc.server.port = 0 (default)
2020-11-02 01:46:52,410 [Listener at 127.0.0.1/34381] INFO  server.GrpcService (ConfUtils.java:logGet(44)) - raft.grpc.message.size.max = 32MB (=33554432) (custom)
2020-11-02 01:46:52,410 [Listener at 127.0.0.1/34381] INFO  server.RaftServerConfigKeys (ConfUtils.java:logGet(44)) - raft.server.log.appender.buffer.byte-limit = 33554432 (custom)
2020-11-02 01:46:52,411 [Listener at 127.0.0.1/34381] INFO  server.GrpcService (ConfUtils.java:logGet(44)) - raft.grpc.flow.control.window = 5MB (=5242880) (custom)
2020-11-02 01:46:52,411 [Listener at 127.0.0.1/34381] INFO  server.RaftServerConfigKeys (ConfUtils.java:logGet(44)) - raft.server.rpc.request.timeout = 60s (custom)
2020-11-02 01:46:52,411 [Listener at 127.0.0.1/34381] INFO  server.RaftServerConfigKeys (ConfUtils.java:logGet(44)) - raft.server.storage.dir = [/github/workspace/mnt/ozone/hadoop-ozone/integration-test/target/test-dir/MiniOzoneClusterImpl-3e692a3b-ddb2-4690-9144-d4d1ad0fcef2/datanode-0/data/ratis] (custom)
2020-11-02 01:46:52,415 [Listener at 127.0.0.1/34381] INFO  http.BaseHttpServer (BaseHttpServer.java:newHttpServer2BuilderForOzone(207)) - Starting Web-server for hddsDatanode at: http://0.0.0.0:0
2020-11-02 01:46:52,415 [Listener at 127.0.0.1/34381] INFO  http.BaseHttpServer (BaseHttpServer.java:<init>(106)) - Hadoop Security Enabled: false Ozone Security Enabled: false Ozone HTTP Security Enabled: false 
2020-11-02 01:46:52,416 [Listener at 127.0.0.1/34381] INFO  server.AuthenticationFilter (AuthenticationFilter.java:constructSecretProvider(240)) - Unable to initialize FileSignerSecretProvider, falling back to use random secrets.
2020-11-02 01:46:52,417 [Listener at 127.0.0.1/34381] WARN  http.HttpRequestLog (HttpRequestLog.java:getRequestLog(103)) - Jetty request log can only be enabled using Log4j
2020-11-02 01:46:52,418 [Listener at 127.0.0.1/34381] INFO  http.HttpServer2 (HttpServer2.java:addGlobalFilter(1019)) - Added global filter 'safety' (class=org.apache.hadoop.hdds.server.http.HttpServer2$QuotingInputFilter)
2020-11-02 01:46:52,418 [Listener at 127.0.0.1/34381] INFO  http.HttpServer2 (HttpServer2.java:addFilter(995)) - Added filter static_user_filter (class=org.apache.hadoop.http.lib.StaticUserWebFilter$StaticUserFilter) to context hddsDatanode
2020-11-02 01:46:52,418 [Listener at 127.0.0.1/34381] INFO  http.HttpServer2 (HttpServer2.java:addFilter(1003)) - Added filter static_user_filter (class=org.apache.hadoop.http.lib.StaticUserWebFilter$StaticUserFilter) to context logs
2020-11-02 01:46:52,418 [Listener at 127.0.0.1/34381] INFO  http.HttpServer2 (HttpServer2.java:addFilter(1003)) - Added filter static_user_filter (class=org.apache.hadoop.http.lib.StaticUserWebFilter$StaticUserFilter) to context static
2020-11-02 01:46:52,419 [Listener at 127.0.0.1/34381] INFO  http.HttpServer2 (HttpServer2.java:bindListener(1237)) - Jetty bound to port 42689
2020-11-02 01:46:52,419 [Listener at 127.0.0.1/34381] INFO  server.Server (Server.java:doStart(359)) - jetty-9.4.26.v20200117; built: 2020-01-17T12:35:33.676Z; git: 7b38981d25d14afb4a12ff1f2596756144edf695; jvm 1.8.0_232-b09
2020-11-02 01:46:52,423 [Listener at 127.0.0.1/34381] INFO  server.session (DefaultSessionIdManager.java:doStart(333)) - DefaultSessionIdManager workerName=node0
2020-11-02 01:46:52,423 [Listener at 127.0.0.1/34381] INFO  server.session (DefaultSessionIdManager.java:doStart(338)) - No SessionScavenger set, using defaults
2020-11-02 01:46:52,423 [Listener at 127.0.0.1/34381] INFO  server.session (HouseKeeper.java:startScavenging(140)) - node0 Scavenging every 600000ms
2020-11-02 01:46:52,424 [Listener at 127.0.0.1/34381] INFO  handler.ContextHandler (ContextHandler.java:doStart(825)) - Started o.e.j.s.ServletContextHandler@5d233033{logs,/logs,file:///github/workspace/mnt/ozone/hadoop-ozone/integration-test/target/log,AVAILABLE}
2020-11-02 01:46:52,424 [Listener at 127.0.0.1/34381] INFO  handler.ContextHandler (ContextHandler.java:doStart(825)) - Started o.e.j.s.ServletContextHandler@1d2ae4d9{static,/static,jar:file:/home/user/.m2/repository/org/apache/hadoop/hadoop-hdds-container-service/1.1.0-SNAPSHOT/hadoop-hdds-container-service-1.1.0-SNAPSHOT.jar!/webapps/static,AVAILABLE}
2020-11-02 01:46:52,542 [Listener at 127.0.0.1/34381] INFO  handler.ContextHandler (ContextHandler.java:doStart(825)) - Started o.e.j.w.WebAppContext@540674a7{hddsDatanode,/,file:///tmp/jetty-0_0_0_0-42689-hadoop-hdds-container-service-1_1_0-SNAPSHOT_jar-_-any-5710250553060075749.dir/webapp/,AVAILABLE}{jar:file:/home/user/.m2/repository/org/apache/hadoop/hadoop-hdds-container-service/1.1.0-SNAPSHOT/hadoop-hdds-container-service-1.1.0-SNAPSHOT.jar!/webapps/hddsDatanode}
2020-11-02 01:46:52,546 [Listener at 127.0.0.1/34381] INFO  server.AbstractConnector (AbstractConnector.java:doStart(330)) - Started ServerConnector@3a262c74{HTTP/1.1,[http/1.1]}{0.0.0.0:42689}
2020-11-02 01:46:52,546 [Listener at 127.0.0.1/34381] INFO  server.Server (Server.java:doStart(399)) - Started @45155ms
2020-11-02 01:46:52,546 [Listener at 127.0.0.1/34381] WARN  impl.MetricsSystemImpl (MetricsSystemImpl.java:register(276)) - Sink prometheus already exists!
2020-11-02 01:46:52,551 [Listener at 127.0.0.1/34381] INFO  http.BaseHttpServer (BaseHttpServer.java:updateConnectorAddress(327)) - HTTP server of hddsDatanode listening at http://0.0.0.0:42689
2020-11-02 01:46:52,555 [Listener at 127.0.0.1/34381] INFO  impl.MetricsSystemImpl (MetricsSystemImpl.java:init(158)) - HddsDatanode metrics system started (again)
2020-11-02 01:46:52,557 [Listener at 127.0.0.1/34381] INFO  ozone.HddsDatanodeService (HddsDatanodeService.java:start(217)) - HddsDatanodeService host:d0a72d05df0f ip:172.17.0.2
2020-11-02 01:46:52,558 [Listener at 127.0.0.1/34381] INFO  volume.HddsVolume (HddsVolume.java:<init>(176)) - Creating Volume: /github/workspace/mnt/ozone/hadoop-ozone/integration-test/target/test-dir/MiniOzoneClusterImpl-3e692a3b-ddb2-4690-9144-d4d1ad0fcef2/datanode-1/data-0/containers/hdds of storage type : DISK and capacity : 9223372036854775807
2020-11-02 01:46:52,559 [Listener at 127.0.0.1/34381] INFO  volume.MutableVolumeSet (MutableVolumeSet.java:initializeVolumeSet(179)) - Added Volume : /github/workspace/mnt/ozone/hadoop-ozone/integration-test/target/test-dir/MiniOzoneClusterImpl-3e692a3b-ddb2-4690-9144-d4d1ad0fcef2/datanode-1/data-0/containers/hdds to VolumeSet
2020-11-02 01:46:52,559 [Listener at 127.0.0.1/34381] INFO  volume.ThrottledAsyncChecker (ThrottledAsyncChecker.java:schedule(141)) - Scheduling a check for /github/workspace/mnt/ozone/hadoop-ozone/integration-test/target/test-dir/MiniOzoneClusterImpl-3e692a3b-ddb2-4690-9144-d4d1ad0fcef2/datanode-1/data-0/containers/hdds
2020-11-02 01:46:52,559 [org.apache.hadoop.util.JvmPauseMonitor$Monitor@28e7e51] INFO  util.JvmPauseMonitor (JvmPauseMonitor.java:run(188)) - Starting JVM pause monitor
2020-11-02 01:46:52,560 [Datanode State Machine Task Thread - 0] INFO  datanode.InitDatanodeState (InitDatanodeState.java:persistContainerDatanodeDetails(145)) - DatanodeDetails is persisted to /github/workspace/mnt/ozone/hadoop-ozone/integration-test/target/test-dir/MiniOzoneClusterImpl-3e692a3b-ddb2-4690-9144-d4d1ad0fcef2/datanode-0/meta/datanode.id
2020-11-02 01:46:52,562 [Listener at 127.0.0.1/34381] INFO  volume.HddsVolumeChecker (HddsVolumeChecker.java:checkAllVolumes(200)) - Scheduled health check for volume /github/workspace/mnt/ozone/hadoop-ozone/integration-test/target/test-dir/MiniOzoneClusterImpl-3e692a3b-ddb2-4690-9144-d4d1ad0fcef2/datanode-1/data-0/containers/hdds
2020-11-02 01:46:52,572 [Thread-496] INFO  ozoneimpl.ContainerReader (ContainerReader.java:readVolume(123)) - Start to verify containers on volume /github/workspace/mnt/ozone/hadoop-ozone/integration-test/target/test-dir/MiniOzoneClusterImpl-3e692a3b-ddb2-4690-9144-d4d1ad0fcef2/datanode-1/data-0/containers/hdds
2020-11-02 01:46:52,572 [Thread-496] INFO  ozoneimpl.ContainerReader (ContainerReader.java:readVolume(148)) - Finish verifying containers on volume /github/workspace/mnt/ozone/hadoop-ozone/integration-test/target/test-dir/MiniOzoneClusterImpl-3e692a3b-ddb2-4690-9144-d4d1ad0fcef2/datanode-1/data-0/containers/hdds
2020-11-02 01:46:52,572 [Listener at 127.0.0.1/34381] INFO  ozoneimpl.OzoneContainer (OzoneContainer.java:buildContainerSet(196)) - Build ContainerSet costs 0s
2020-11-02 01:46:52,574 [Listener at 127.0.0.1/34381] INFO  impl.RaftServerProxy (ConfUtils.java:logGet(44)) - raft.rpc.type = GRPC (default)
2020-11-02 01:46:52,574 [Listener at 127.0.0.1/34381] INFO  grpc.GrpcFactory (GrpcFactory.java:checkPooledByteBufAllocatorUseCacheForAllThreads(45)) - PERFORMANCE WARNING: useCacheForAllThreads is true that may cause Netty to create a lot garbage objects and, as a result, trigger GC.
	It is recommended to disable useCacheForAllThreads by setting -Dorg.apache.ratis.thirdparty.io.netty.allocator.useCacheForAllThreads=false in command line.
2020-11-02 01:46:52,574 [Listener at 127.0.0.1/34381] INFO  grpc.GrpcConfigKeys (ConfUtils.java:logGet(44)) - raft.grpc.server.port = 0 (default)
2020-11-02 01:46:52,574 [Listener at 127.0.0.1/34381] INFO  server.GrpcService (ConfUtils.java:logGet(44)) - raft.grpc.message.size.max = 32MB (=33554432) (custom)
2020-11-02 01:46:52,574 [Listener at 127.0.0.1/34381] INFO  server.RaftServerConfigKeys (ConfUtils.java:logGet(44)) - raft.server.log.appender.buffer.byte-limit = 33554432 (custom)
2020-11-02 01:46:52,574 [Listener at 127.0.0.1/34381] INFO  server.GrpcService (ConfUtils.java:logGet(44)) - raft.grpc.flow.control.window = 5MB (=5242880) (custom)
2020-11-02 01:46:52,575 [Listener at 127.0.0.1/34381] INFO  server.RaftServerConfigKeys (ConfUtils.java:logGet(44)) - raft.server.rpc.request.timeout = 60s (custom)
2020-11-02 01:46:52,575 [Listener at 127.0.0.1/34381] INFO  server.RaftServerConfigKeys (ConfUtils.java:logGet(44)) - raft.server.storage.dir = [/github/workspace/mnt/ozone/hadoop-ozone/integration-test/target/test-dir/MiniOzoneClusterImpl-3e692a3b-ddb2-4690-9144-d4d1ad0fcef2/datanode-1/data/ratis] (custom)
2020-11-02 01:46:52,580 [Listener at 127.0.0.1/34381] INFO  http.BaseHttpServer (BaseHttpServer.java:newHttpServer2BuilderForOzone(207)) - Starting Web-server for hddsDatanode at: http://0.0.0.0:0
2020-11-02 01:46:52,580 [Listener at 127.0.0.1/34381] INFO  http.BaseHttpServer (BaseHttpServer.java:<init>(106)) - Hadoop Security Enabled: false Ozone Security Enabled: false Ozone HTTP Security Enabled: false 
2020-11-02 01:46:52,581 [Listener at 127.0.0.1/34381] INFO  server.AuthenticationFilter (AuthenticationFilter.java:constructSecretProvider(240)) - Unable to initialize FileSignerSecretProvider, falling back to use random secrets.
2020-11-02 01:46:52,581 [Listener at 127.0.0.1/34381] WARN  http.HttpRequestLog (HttpRequestLog.java:getRequestLog(103)) - Jetty request log can only be enabled using Log4j
2020-11-02 01:46:52,582 [Listener at 127.0.0.1/34381] INFO  http.HttpServer2 (HttpServer2.java:addGlobalFilter(1019)) - Added global filter 'safety' (class=org.apache.hadoop.hdds.server.http.HttpServer2$QuotingInputFilter)
2020-11-02 01:46:52,583 [Listener at 127.0.0.1/34381] INFO  http.HttpServer2 (HttpServer2.java:addFilter(995)) - Added filter static_user_filter (class=org.apache.hadoop.http.lib.StaticUserWebFilter$StaticUserFilter) to context hddsDatanode
2020-11-02 01:46:52,583 [Listener at 127.0.0.1/34381] INFO  http.HttpServer2 (HttpServer2.java:addFilter(1003)) - Added filter static_user_filter (class=org.apache.hadoop.http.lib.StaticUserWebFilter$StaticUserFilter) to context static
2020-11-02 01:46:52,583 [Listener at 127.0.0.1/34381] INFO  http.HttpServer2 (HttpServer2.java:addFilter(1003)) - Added filter static_user_filter (class=org.apache.hadoop.http.lib.StaticUserWebFilter$StaticUserFilter) to context logs
2020-11-02 01:46:52,583 [Listener at 127.0.0.1/34381] INFO  http.HttpServer2 (HttpServer2.java:bindListener(1237)) - Jetty bound to port 45143
2020-11-02 01:46:52,583 [Listener at 127.0.0.1/34381] INFO  server.Server (Server.java:doStart(359)) - jetty-9.4.26.v20200117; built: 2020-01-17T12:35:33.676Z; git: 7b38981d25d14afb4a12ff1f2596756144edf695; jvm 1.8.0_232-b09
2020-11-02 01:46:52,585 [Listener at 127.0.0.1/34381] INFO  server.session (DefaultSessionIdManager.java:doStart(333)) - DefaultSessionIdManager workerName=node0
2020-11-02 01:46:52,585 [Listener at 127.0.0.1/34381] INFO  server.session (DefaultSessionIdManager.java:doStart(338)) - No SessionScavenger set, using defaults
2020-11-02 01:46:52,585 [Listener at 127.0.0.1/34381] INFO  server.session (HouseKeeper.java:startScavenging(140)) - node0 Scavenging every 600000ms
2020-11-02 01:46:52,586 [Listener at 127.0.0.1/34381] INFO  handler.ContextHandler (ContextHandler.java:doStart(825)) - Started o.e.j.s.ServletContextHandler@5c9543ca{logs,/logs,file:///github/workspace/mnt/ozone/hadoop-ozone/integration-test/target/log,AVAILABLE}
2020-11-02 01:46:52,586 [Listener at 127.0.0.1/34381] INFO  handler.ContextHandler (ContextHandler.java:doStart(825)) - Started o.e.j.s.ServletContextHandler@34b11f50{static,/static,jar:file:/home/user/.m2/repository/org/apache/hadoop/hadoop-hdds-container-service/1.1.0-SNAPSHOT/hadoop-hdds-container-service-1.1.0-SNAPSHOT.jar!/webapps/static,AVAILABLE}
2020-11-02 01:46:52,697 [Listener at 127.0.0.1/34381] INFO  handler.ContextHandler (ContextHandler.java:doStart(825)) - Started o.e.j.w.WebAppContext@4cceabaa{hddsDatanode,/,file:///tmp/jetty-0_0_0_0-45143-hadoop-hdds-container-service-1_1_0-SNAPSHOT_jar-_-any-974124659900671425.dir/webapp/,AVAILABLE}{jar:file:/home/user/.m2/repository/org/apache/hadoop/hadoop-hdds-container-service/1.1.0-SNAPSHOT/hadoop-hdds-container-service-1.1.0-SNAPSHOT.jar!/webapps/hddsDatanode}
2020-11-02 01:46:52,698 [Listener at 127.0.0.1/34381] INFO  server.AbstractConnector (AbstractConnector.java:doStart(330)) - Started ServerConnector@5b9bbb51{HTTP/1.1,[http/1.1]}{0.0.0.0:45143}
2020-11-02 01:46:52,698 [Listener at 127.0.0.1/34381] INFO  server.Server (Server.java:doStart(399)) - Started @45307ms
2020-11-02 01:46:52,698 [Listener at 127.0.0.1/34381] WARN  impl.MetricsSystemImpl (MetricsSystemImpl.java:register(276)) - Sink prometheus already exists!
2020-11-02 01:46:52,701 [Listener at 127.0.0.1/34381] INFO  http.BaseHttpServer (BaseHttpServer.java:updateConnectorAddress(327)) - HTTP server of hddsDatanode listening at http://0.0.0.0:45143
2020-11-02 01:46:52,711 [Listener at 127.0.0.1/34381] INFO  impl.MetricsSystemImpl (MetricsSystemImpl.java:init(158)) - HddsDatanode metrics system started (again)
2020-11-02 01:46:52,714 [Listener at 127.0.0.1/34381] INFO  ozone.HddsDatanodeService (HddsDatanodeService.java:start(217)) - HddsDatanodeService host:d0a72d05df0f ip:172.17.0.2
2020-11-02 01:46:52,715 [org.apache.hadoop.util.JvmPauseMonitor$Monitor@3f690250] INFO  util.JvmPauseMonitor (JvmPauseMonitor.java:run(188)) - Starting JVM pause monitor
2020-11-02 01:46:52,716 [Datanode State Machine Task Thread - 0] INFO  datanode.InitDatanodeState (InitDatanodeState.java:persistContainerDatanodeDetails(145)) - DatanodeDetails is persisted to /github/workspace/mnt/ozone/hadoop-ozone/integration-test/target/test-dir/MiniOzoneClusterImpl-3e692a3b-ddb2-4690-9144-d4d1ad0fcef2/datanode-1/meta/datanode.id
2020-11-02 01:46:52,717 [Listener at 127.0.0.1/34381] INFO  volume.HddsVolume (HddsVolume.java:<init>(176)) - Creating Volume: /github/workspace/mnt/ozone/hadoop-ozone/integration-test/target/test-dir/MiniOzoneClusterImpl-3e692a3b-ddb2-4690-9144-d4d1ad0fcef2/datanode-2/data-0/containers/hdds of storage type : DISK and capacity : 9223372036854775807
2020-11-02 01:46:52,717 [Listener at 127.0.0.1/34381] INFO  volume.MutableVolumeSet (MutableVolumeSet.java:initializeVolumeSet(179)) - Added Volume : /github/workspace/mnt/ozone/hadoop-ozone/integration-test/target/test-dir/MiniOzoneClusterImpl-3e692a3b-ddb2-4690-9144-d4d1ad0fcef2/datanode-2/data-0/containers/hdds to VolumeSet
2020-11-02 01:46:52,717 [Listener at 127.0.0.1/34381] INFO  volume.ThrottledAsyncChecker (ThrottledAsyncChecker.java:schedule(141)) - Scheduling a check for /github/workspace/mnt/ozone/hadoop-ozone/integration-test/target/test-dir/MiniOzoneClusterImpl-3e692a3b-ddb2-4690-9144-d4d1ad0fcef2/datanode-2/data-0/containers/hdds
2020-11-02 01:46:52,718 [Listener at 127.0.0.1/34381] INFO  volume.HddsVolumeChecker (HddsVolumeChecker.java:checkAllVolumes(200)) - Scheduled health check for volume /github/workspace/mnt/ozone/hadoop-ozone/integration-test/target/test-dir/MiniOzoneClusterImpl-3e692a3b-ddb2-4690-9144-d4d1ad0fcef2/datanode-2/data-0/containers/hdds
2020-11-02 01:46:52,728 [Thread-507] INFO  ozoneimpl.ContainerReader (ContainerReader.java:readVolume(123)) - Start to verify containers on volume /github/workspace/mnt/ozone/hadoop-ozone/integration-test/target/test-dir/MiniOzoneClusterImpl-3e692a3b-ddb2-4690-9144-d4d1ad0fcef2/datanode-2/data-0/containers/hdds
2020-11-02 01:46:52,728 [Thread-507] INFO  ozoneimpl.ContainerReader (ContainerReader.java:readVolume(148)) - Finish verifying containers on volume /github/workspace/mnt/ozone/hadoop-ozone/integration-test/target/test-dir/MiniOzoneClusterImpl-3e692a3b-ddb2-4690-9144-d4d1ad0fcef2/datanode-2/data-0/containers/hdds
2020-11-02 01:46:52,728 [Listener at 127.0.0.1/34381] INFO  ozoneimpl.OzoneContainer (OzoneContainer.java:buildContainerSet(196)) - Build ContainerSet costs 0s
2020-11-02 01:46:52,730 [Listener at 127.0.0.1/34381] INFO  impl.RaftServerProxy (ConfUtils.java:logGet(44)) - raft.rpc.type = GRPC (default)
2020-11-02 01:46:52,730 [Listener at 127.0.0.1/34381] INFO  grpc.GrpcFactory (GrpcFactory.java:checkPooledByteBufAllocatorUseCacheForAllThreads(45)) - PERFORMANCE WARNING: useCacheForAllThreads is true that may cause Netty to create a lot garbage objects and, as a result, trigger GC.
	It is recommended to disable useCacheForAllThreads by setting -Dorg.apache.ratis.thirdparty.io.netty.allocator.useCacheForAllThreads=false in command line.
2020-11-02 01:46:52,731 [Listener at 127.0.0.1/34381] INFO  grpc.GrpcConfigKeys (ConfUtils.java:logGet(44)) - raft.grpc.server.port = 0 (default)
2020-11-02 01:46:52,731 [Listener at 127.0.0.1/34381] INFO  server.GrpcService (ConfUtils.java:logGet(44)) - raft.grpc.message.size.max = 32MB (=33554432) (custom)
2020-11-02 01:46:52,731 [Listener at 127.0.0.1/34381] INFO  server.RaftServerConfigKeys (ConfUtils.java:logGet(44)) - raft.server.log.appender.buffer.byte-limit = 33554432 (custom)
2020-11-02 01:46:52,731 [Listener at 127.0.0.1/34381] INFO  server.GrpcService (ConfUtils.java:logGet(44)) - raft.grpc.flow.control.window = 5MB (=5242880) (custom)
2020-11-02 01:46:52,731 [Listener at 127.0.0.1/34381] INFO  server.RaftServerConfigKeys (ConfUtils.java:logGet(44)) - raft.server.rpc.request.timeout = 60s (custom)
2020-11-02 01:46:52,732 [Listener at 127.0.0.1/34381] INFO  server.RaftServerConfigKeys (ConfUtils.java:logGet(44)) - raft.server.storage.dir = [/github/workspace/mnt/ozone/hadoop-ozone/integration-test/target/test-dir/MiniOzoneClusterImpl-3e692a3b-ddb2-4690-9144-d4d1ad0fcef2/datanode-2/data/ratis] (custom)
2020-11-02 01:46:52,735 [Listener at 127.0.0.1/34381] INFO  http.BaseHttpServer (BaseHttpServer.java:newHttpServer2BuilderForOzone(207)) - Starting Web-server for hddsDatanode at: http://0.0.0.0:0
2020-11-02 01:46:52,736 [Listener at 127.0.0.1/34381] INFO  http.BaseHttpServer (BaseHttpServer.java:<init>(106)) - Hadoop Security Enabled: false Ozone Security Enabled: false Ozone HTTP Security Enabled: false 
2020-11-02 01:46:52,736 [Listener at 127.0.0.1/34381] INFO  server.AuthenticationFilter (AuthenticationFilter.java:constructSecretProvider(240)) - Unable to initialize FileSignerSecretProvider, falling back to use random secrets.
2020-11-02 01:46:52,737 [Listener at 127.0.0.1/34381] WARN  http.HttpRequestLog (HttpRequestLog.java:getRequestLog(103)) - Jetty request log can only be enabled using Log4j
2020-11-02 01:46:52,737 [Listener at 127.0.0.1/34381] INFO  http.HttpServer2 (HttpServer2.java:addGlobalFilter(1019)) - Added global filter 'safety' (class=org.apache.hadoop.hdds.server.http.HttpServer2$QuotingInputFilter)
2020-11-02 01:46:52,738 [Listener at 127.0.0.1/34381] INFO  http.HttpServer2 (HttpServer2.java:addFilter(995)) - Added filter static_user_filter (class=org.apache.hadoop.http.lib.StaticUserWebFilter$StaticUserFilter) to context hddsDatanode
2020-11-02 01:46:52,738 [Listener at 127.0.0.1/34381] INFO  http.HttpServer2 (HttpServer2.java:addFilter(1003)) - Added filter static_user_filter (class=org.apache.hadoop.http.lib.StaticUserWebFilter$StaticUserFilter) to context logs
2020-11-02 01:46:52,738 [Listener at 127.0.0.1/34381] INFO  http.HttpServer2 (HttpServer2.java:addFilter(1003)) - Added filter static_user_filter (class=org.apache.hadoop.http.lib.StaticUserWebFilter$StaticUserFilter) to context static
2020-11-02 01:46:52,738 [Listener at 127.0.0.1/34381] INFO  http.HttpServer2 (HttpServer2.java:bindListener(1237)) - Jetty bound to port 44989
2020-11-02 01:46:52,739 [Listener at 127.0.0.1/34381] INFO  server.Server (Server.java:doStart(359)) - jetty-9.4.26.v20200117; built: 2020-01-17T12:35:33.676Z; git: 7b38981d25d14afb4a12ff1f2596756144edf695; jvm 1.8.0_232-b09
2020-11-02 01:46:52,740 [Listener at 127.0.0.1/34381] INFO  server.session (DefaultSessionIdManager.java:doStart(333)) - DefaultSessionIdManager workerName=node0
2020-11-02 01:46:52,740 [Listener at 127.0.0.1/34381] INFO  server.session (DefaultSessionIdManager.java:doStart(338)) - No SessionScavenger set, using defaults
2020-11-02 01:46:52,740 [Listener at 127.0.0.1/34381] INFO  server.session (HouseKeeper.java:startScavenging(140)) - node0 Scavenging every 660000ms
2020-11-02 01:46:52,742 [Listener at 127.0.0.1/34381] INFO  handler.ContextHandler (ContextHandler.java:doStart(825)) - Started o.e.j.s.ServletContextHandler@4b0e3d30{logs,/logs,file:///github/workspace/mnt/ozone/hadoop-ozone/integration-test/target/log,AVAILABLE}
2020-11-02 01:46:52,742 [Listener at 127.0.0.1/34381] INFO  handler.ContextHandler (ContextHandler.java:doStart(825)) - Started o.e.j.s.ServletContextHandler@16e78c29{static,/static,jar:file:/home/user/.m2/repository/org/apache/hadoop/hadoop-hdds-container-service/1.1.0-SNAPSHOT/hadoop-hdds-container-service-1.1.0-SNAPSHOT.jar!/webapps/static,AVAILABLE}
2020-11-02 01:46:52,856 [Listener at 127.0.0.1/34381] INFO  handler.ContextHandler (ContextHandler.java:doStart(825)) - Started o.e.j.w.WebAppContext@58586c6b{hddsDatanode,/,file:///tmp/jetty-0_0_0_0-44989-hadoop-hdds-container-service-1_1_0-SNAPSHOT_jar-_-any-5850231891098094951.dir/webapp/,AVAILABLE}{jar:file:/home/user/.m2/repository/org/apache/hadoop/hadoop-hdds-container-service/1.1.0-SNAPSHOT/hadoop-hdds-container-service-1.1.0-SNAPSHOT.jar!/webapps/hddsDatanode}
2020-11-02 01:46:52,857 [Listener at 127.0.0.1/34381] INFO  server.AbstractConnector (AbstractConnector.java:doStart(330)) - Started ServerConnector@1dfd9d26{HTTP/1.1,[http/1.1]}{0.0.0.0:44989}
2020-11-02 01:46:52,857 [Listener at 127.0.0.1/34381] INFO  server.Server (Server.java:doStart(399)) - Started @45466ms
2020-11-02 01:46:52,857 [Listener at 127.0.0.1/34381] WARN  impl.MetricsSystemImpl (MetricsSystemImpl.java:register(276)) - Sink prometheus already exists!
2020-11-02 01:46:52,860 [Listener at 127.0.0.1/34381] INFO  http.BaseHttpServer (BaseHttpServer.java:updateConnectorAddress(327)) - HTTP server of hddsDatanode listening at http://0.0.0.0:44989
2020-11-02 01:46:52,863 [Listener at 127.0.0.1/34381] INFO  impl.MetricsSystemImpl (MetricsSystemImpl.java:init(158)) - HddsDatanode metrics system started (again)
2020-11-02 01:46:52,865 [Listener at 127.0.0.1/34381] INFO  ozone.HddsDatanodeService (HddsDatanodeService.java:start(217)) - HddsDatanodeService host:d0a72d05df0f ip:172.17.0.2
2020-11-02 01:46:52,866 [Listener at 127.0.0.1/34381] INFO  volume.HddsVolume (HddsVolume.java:<init>(176)) - Creating Volume: /github/workspace/mnt/ozone/hadoop-ozone/integration-test/target/test-dir/MiniOzoneClusterImpl-3e692a3b-ddb2-4690-9144-d4d1ad0fcef2/datanode-3/data-0/containers/hdds of storage type : DISK and capacity : 9223372036854775807
2020-11-02 01:46:52,866 [Listener at 127.0.0.1/34381] INFO  volume.MutableVolumeSet (MutableVolumeSet.java:initializeVolumeSet(179)) - Added Volume : /github/workspace/mnt/ozone/hadoop-ozone/integration-test/target/test-dir/MiniOzoneClusterImpl-3e692a3b-ddb2-4690-9144-d4d1ad0fcef2/datanode-3/data-0/containers/hdds to VolumeSet
2020-11-02 01:46:52,866 [Listener at 127.0.0.1/34381] INFO  volume.ThrottledAsyncChecker (ThrottledAsyncChecker.java:schedule(141)) - Scheduling a check for /github/workspace/mnt/ozone/hadoop-ozone/integration-test/target/test-dir/MiniOzoneClusterImpl-3e692a3b-ddb2-4690-9144-d4d1ad0fcef2/datanode-3/data-0/containers/hdds
2020-11-02 01:46:52,874 [org.apache.hadoop.util.JvmPauseMonitor$Monitor@7b475de] INFO  util.JvmPauseMonitor (JvmPauseMonitor.java:run(188)) - Starting JVM pause monitor
2020-11-02 01:46:52,874 [Listener at 127.0.0.1/34381] INFO  volume.HddsVolumeChecker (HddsVolumeChecker.java:checkAllVolumes(200)) - Scheduled health check for volume /github/workspace/mnt/ozone/hadoop-ozone/integration-test/target/test-dir/MiniOzoneClusterImpl-3e692a3b-ddb2-4690-9144-d4d1ad0fcef2/datanode-3/data-0/containers/hdds
2020-11-02 01:46:52,878 [Datanode State Machine Task Thread - 0] INFO  datanode.InitDatanodeState (InitDatanodeState.java:persistContainerDatanodeDetails(145)) - DatanodeDetails is persisted to /github/workspace/mnt/ozone/hadoop-ozone/integration-test/target/test-dir/MiniOzoneClusterImpl-3e692a3b-ddb2-4690-9144-d4d1ad0fcef2/datanode-2/meta/datanode.id
2020-11-02 01:46:52,886 [Thread-518] INFO  ozoneimpl.ContainerReader (ContainerReader.java:readVolume(123)) - Start to verify containers on volume /github/workspace/mnt/ozone/hadoop-ozone/integration-test/target/test-dir/MiniOzoneClusterImpl-3e692a3b-ddb2-4690-9144-d4d1ad0fcef2/datanode-3/data-0/containers/hdds
2020-11-02 01:46:52,886 [Thread-518] INFO  ozoneimpl.ContainerReader (ContainerReader.java:readVolume(148)) - Finish verifying containers on volume /github/workspace/mnt/ozone/hadoop-ozone/integration-test/target/test-dir/MiniOzoneClusterImpl-3e692a3b-ddb2-4690-9144-d4d1ad0fcef2/datanode-3/data-0/containers/hdds
2020-11-02 01:46:52,886 [Listener at 127.0.0.1/34381] INFO  ozoneimpl.OzoneContainer (OzoneContainer.java:buildContainerSet(196)) - Build ContainerSet costs 0s
2020-11-02 01:46:52,888 [Listener at 127.0.0.1/34381] INFO  impl.RaftServerProxy (ConfUtils.java:logGet(44)) - raft.rpc.type = GRPC (default)
2020-11-02 01:46:52,888 [Listener at 127.0.0.1/34381] INFO  grpc.GrpcFactory (GrpcFactory.java:checkPooledByteBufAllocatorUseCacheForAllThreads(45)) - PERFORMANCE WARNING: useCacheForAllThreads is true that may cause Netty to create a lot garbage objects and, as a result, trigger GC.
	It is recommended to disable useCacheForAllThreads by setting -Dorg.apache.ratis.thirdparty.io.netty.allocator.useCacheForAllThreads=false in command line.
2020-11-02 01:46:52,888 [Listener at 127.0.0.1/34381] INFO  grpc.GrpcConfigKeys (ConfUtils.java:logGet(44)) - raft.grpc.server.port = 0 (default)
2020-11-02 01:46:52,888 [Listener at 127.0.0.1/34381] INFO  server.GrpcService (ConfUtils.java:logGet(44)) - raft.grpc.message.size.max = 32MB (=33554432) (custom)
2020-11-02 01:46:52,888 [Listener at 127.0.0.1/34381] INFO  server.RaftServerConfigKeys (ConfUtils.java:logGet(44)) - raft.server.log.appender.buffer.byte-limit = 33554432 (custom)
2020-11-02 01:46:52,888 [Listener at 127.0.0.1/34381] INFO  server.GrpcService (ConfUtils.java:logGet(44)) - raft.grpc.flow.control.window = 5MB (=5242880) (custom)
2020-11-02 01:46:52,889 [Listener at 127.0.0.1/34381] INFO  server.RaftServerConfigKeys (ConfUtils.java:logGet(44)) - raft.server.rpc.request.timeout = 60s (custom)
2020-11-02 01:46:52,889 [Listener at 127.0.0.1/34381] INFO  server.RaftServerConfigKeys (ConfUtils.java:logGet(44)) - raft.server.storage.dir = [/github/workspace/mnt/ozone/hadoop-ozone/integration-test/target/test-dir/MiniOzoneClusterImpl-3e692a3b-ddb2-4690-9144-d4d1ad0fcef2/datanode-3/data/ratis] (custom)
2020-11-02 01:46:52,893 [Listener at 127.0.0.1/34381] INFO  http.BaseHttpServer (BaseHttpServer.java:newHttpServer2BuilderForOzone(207)) - Starting Web-server for hddsDatanode at: http://0.0.0.0:0
2020-11-02 01:46:52,893 [Listener at 127.0.0.1/34381] INFO  http.BaseHttpServer (BaseHttpServer.java:<init>(106)) - Hadoop Security Enabled: false Ozone Security Enabled: false Ozone HTTP Security Enabled: false 
2020-11-02 01:46:52,893 [Listener at 127.0.0.1/34381] INFO  server.AuthenticationFilter (AuthenticationFilter.java:constructSecretProvider(240)) - Unable to initialize FileSignerSecretProvider, falling back to use random secrets.
2020-11-02 01:46:52,894 [Listener at 127.0.0.1/34381] WARN  http.HttpRequestLog (HttpRequestLog.java:getRequestLog(103)) - Jetty request log can only be enabled using Log4j
2020-11-02 01:46:52,894 [Listener at 127.0.0.1/34381] INFO  http.HttpServer2 (HttpServer2.java:addGlobalFilter(1019)) - Added global filter 'safety' (class=org.apache.hadoop.hdds.server.http.HttpServer2$QuotingInputFilter)
2020-11-02 01:46:52,895 [Listener at 127.0.0.1/34381] INFO  http.HttpServer2 (HttpServer2.java:addFilter(995)) - Added filter static_user_filter (class=org.apache.hadoop.http.lib.StaticUserWebFilter$StaticUserFilter) to context hddsDatanode
2020-11-02 01:46:52,895 [Listener at 127.0.0.1/34381] INFO  http.HttpServer2 (HttpServer2.java:addFilter(1003)) - Added filter static_user_filter (class=org.apache.hadoop.http.lib.StaticUserWebFilter$StaticUserFilter) to context static
2020-11-02 01:46:52,895 [Listener at 127.0.0.1/34381] INFO  http.HttpServer2 (HttpServer2.java:addFilter(1003)) - Added filter static_user_filter (class=org.apache.hadoop.http.lib.StaticUserWebFilter$StaticUserFilter) to context logs
2020-11-02 01:46:52,895 [Listener at 127.0.0.1/34381] INFO  http.HttpServer2 (HttpServer2.java:bindListener(1237)) - Jetty bound to port 39217
2020-11-02 01:46:52,895 [Listener at 127.0.0.1/34381] INFO  server.Server (Server.java:doStart(359)) - jetty-9.4.26.v20200117; built: 2020-01-17T12:35:33.676Z; git: 7b38981d25d14afb4a12ff1f2596756144edf695; jvm 1.8.0_232-b09
2020-11-02 01:46:52,901 [Listener at 127.0.0.1/34381] INFO  server.session (DefaultSessionIdManager.java:doStart(333)) - DefaultSessionIdManager workerName=node0
2020-11-02 01:46:52,901 [Listener at 127.0.0.1/34381] INFO  server.session (DefaultSessionIdManager.java:doStart(338)) - No SessionScavenger set, using defaults
2020-11-02 01:46:52,901 [Listener at 127.0.0.1/34381] INFO  server.session (HouseKeeper.java:startScavenging(140)) - node0 Scavenging every 600000ms
2020-11-02 01:46:52,902 [Listener at 127.0.0.1/34381] INFO  handler.ContextHandler (ContextHandler.java:doStart(825)) - Started o.e.j.s.ServletContextHandler@9bd372b{logs,/logs,file:///github/workspace/mnt/ozone/hadoop-ozone/integration-test/target/log,AVAILABLE}
2020-11-02 01:46:52,903 [Listener at 127.0.0.1/34381] INFO  handler.ContextHandler (ContextHandler.java:doStart(825)) - Started o.e.j.s.ServletContextHandler@2531c7f3{static,/static,jar:file:/home/user/.m2/repository/org/apache/hadoop/hadoop-hdds-container-service/1.1.0-SNAPSHOT/hadoop-hdds-container-service-1.1.0-SNAPSHOT.jar!/webapps/static,AVAILABLE}
2020-11-02 01:46:53,017 [Listener at 127.0.0.1/34381] INFO  handler.ContextHandler (ContextHandler.java:doStart(825)) - Started o.e.j.w.WebAppContext@2534f6b4{hddsDatanode,/,file:///tmp/jetty-0_0_0_0-39217-hadoop-hdds-container-service-1_1_0-SNAPSHOT_jar-_-any-5740050577725157568.dir/webapp/,AVAILABLE}{jar:file:/home/user/.m2/repository/org/apache/hadoop/hadoop-hdds-container-service/1.1.0-SNAPSHOT/hadoop-hdds-container-service-1.1.0-SNAPSHOT.jar!/webapps/hddsDatanode}
2020-11-02 01:46:53,018 [Listener at 127.0.0.1/34381] INFO  server.AbstractConnector (AbstractConnector.java:doStart(330)) - Started ServerConnector@6358d2a9{HTTP/1.1,[http/1.1]}{0.0.0.0:39217}
2020-11-02 01:46:53,019 [Listener at 127.0.0.1/34381] INFO  server.Server (Server.java:doStart(399)) - Started @45627ms
2020-11-02 01:46:53,019 [Listener at 127.0.0.1/34381] WARN  impl.MetricsSystemImpl (MetricsSystemImpl.java:register(276)) - Sink prometheus already exists!
2020-11-02 01:46:53,022 [Listener at 127.0.0.1/34381] INFO  http.BaseHttpServer (BaseHttpServer.java:updateConnectorAddress(327)) - HTTP server of hddsDatanode listening at http://0.0.0.0:39217
2020-11-02 01:46:53,024 [Listener at 127.0.0.1/34381] INFO  impl.MetricsSystemImpl (MetricsSystemImpl.java:init(158)) - HddsDatanode metrics system started (again)
2020-11-02 01:46:53,025 [Listener at 127.0.0.1/34381] INFO  ozone.HddsDatanodeService (HddsDatanodeService.java:start(217)) - HddsDatanodeService host:d0a72d05df0f ip:172.17.0.2
2020-11-02 01:46:53,030 [org.apache.hadoop.util.JvmPauseMonitor$Monitor@2d3daf1c] INFO  util.JvmPauseMonitor (JvmPauseMonitor.java:run(188)) - Starting JVM pause monitor
2020-11-02 01:46:53,031 [Listener at 127.0.0.1/34381] INFO  volume.HddsVolume (HddsVolume.java:<init>(176)) - Creating Volume: /github/workspace/mnt/ozone/hadoop-ozone/integration-test/target/test-dir/MiniOzoneClusterImpl-3e692a3b-ddb2-4690-9144-d4d1ad0fcef2/datanode-4/data-0/containers/hdds of storage type : DISK and capacity : 9223372036854775807
2020-11-02 01:46:53,031 [Listener at 127.0.0.1/34381] INFO  volume.MutableVolumeSet (MutableVolumeSet.java:initializeVolumeSet(179)) - Added Volume : /github/workspace/mnt/ozone/hadoop-ozone/integration-test/target/test-dir/MiniOzoneClusterImpl-3e692a3b-ddb2-4690-9144-d4d1ad0fcef2/datanode-4/data-0/containers/hdds to VolumeSet
2020-11-02 01:46:53,031 [Listener at 127.0.0.1/34381] INFO  volume.ThrottledAsyncChecker (ThrottledAsyncChecker.java:schedule(141)) - Scheduling a check for /github/workspace/mnt/ozone/hadoop-ozone/integration-test/target/test-dir/MiniOzoneClusterImpl-3e692a3b-ddb2-4690-9144-d4d1ad0fcef2/datanode-4/data-0/containers/hdds
2020-11-02 01:46:53,031 [Datanode State Machine Task Thread - 0] INFO  datanode.InitDatanodeState (InitDatanodeState.java:persistContainerDatanodeDetails(145)) - DatanodeDetails is persisted to /github/workspace/mnt/ozone/hadoop-ozone/integration-test/target/test-dir/MiniOzoneClusterImpl-3e692a3b-ddb2-4690-9144-d4d1ad0fcef2/datanode-3/meta/datanode.id
2020-11-02 01:46:53,035 [Listener at 127.0.0.1/34381] INFO  volume.HddsVolumeChecker (HddsVolumeChecker.java:checkAllVolumes(200)) - Scheduled health check for volume /github/workspace/mnt/ozone/hadoop-ozone/integration-test/target/test-dir/MiniOzoneClusterImpl-3e692a3b-ddb2-4690-9144-d4d1ad0fcef2/datanode-4/data-0/containers/hdds
2020-11-02 01:46:53,045 [Thread-529] INFO  ozoneimpl.ContainerReader (ContainerReader.java:readVolume(123)) - Start to verify containers on volume /github/workspace/mnt/ozone/hadoop-ozone/integration-test/target/test-dir/MiniOzoneClusterImpl-3e692a3b-ddb2-4690-9144-d4d1ad0fcef2/datanode-4/data-0/containers/hdds
2020-11-02 01:46:53,045 [Thread-529] INFO  ozoneimpl.ContainerReader (ContainerReader.java:readVolume(148)) - Finish verifying containers on volume /github/workspace/mnt/ozone/hadoop-ozone/integration-test/target/test-dir/MiniOzoneClusterImpl-3e692a3b-ddb2-4690-9144-d4d1ad0fcef2/datanode-4/data-0/containers/hdds
2020-11-02 01:46:53,045 [Listener at 127.0.0.1/34381] INFO  ozoneimpl.OzoneContainer (OzoneContainer.java:buildContainerSet(196)) - Build ContainerSet costs 0s
2020-11-02 01:46:53,046 [Listener at 127.0.0.1/34381] INFO  impl.RaftServerProxy (ConfUtils.java:logGet(44)) - raft.rpc.type = GRPC (default)
2020-11-02 01:46:53,047 [Listener at 127.0.0.1/34381] INFO  grpc.GrpcFactory (GrpcFactory.java:checkPooledByteBufAllocatorUseCacheForAllThreads(45)) - PERFORMANCE WARNING: useCacheForAllThreads is true that may cause Netty to create a lot garbage objects and, as a result, trigger GC.
	It is recommended to disable useCacheForAllThreads by setting -Dorg.apache.ratis.thirdparty.io.netty.allocator.useCacheForAllThreads=false in command line.
2020-11-02 01:46:53,047 [Listener at 127.0.0.1/34381] INFO  grpc.GrpcConfigKeys (ConfUtils.java:logGet(44)) - raft.grpc.server.port = 0 (default)
2020-11-02 01:46:53,047 [Listener at 127.0.0.1/34381] INFO  server.GrpcService (ConfUtils.java:logGet(44)) - raft.grpc.message.size.max = 32MB (=33554432) (custom)
2020-11-02 01:46:53,047 [Listener at 127.0.0.1/34381] INFO  server.RaftServerConfigKeys (ConfUtils.java:logGet(44)) - raft.server.log.appender.buffer.byte-limit = 33554432 (custom)
2020-11-02 01:46:53,047 [Listener at 127.0.0.1/34381] INFO  server.GrpcService (ConfUtils.java:logGet(44)) - raft.grpc.flow.control.window = 5MB (=5242880) (custom)
2020-11-02 01:46:53,047 [Listener at 127.0.0.1/34381] INFO  server.RaftServerConfigKeys (ConfUtils.java:logGet(44)) - raft.server.rpc.request.timeout = 60s (custom)
2020-11-02 01:46:53,048 [Listener at 127.0.0.1/34381] INFO  server.RaftServerConfigKeys (ConfUtils.java:logGet(44)) - raft.server.storage.dir = [/github/workspace/mnt/ozone/hadoop-ozone/integration-test/target/test-dir/MiniOzoneClusterImpl-3e692a3b-ddb2-4690-9144-d4d1ad0fcef2/datanode-4/data/ratis] (custom)
2020-11-02 01:46:53,052 [Listener at 127.0.0.1/34381] INFO  http.BaseHttpServer (BaseHttpServer.java:newHttpServer2BuilderForOzone(207)) - Starting Web-server for hddsDatanode at: http://0.0.0.0:0
2020-11-02 01:46:53,052 [Listener at 127.0.0.1/34381] INFO  http.BaseHttpServer (BaseHttpServer.java:<init>(106)) - Hadoop Security Enabled: false Ozone Security Enabled: false Ozone HTTP Security Enabled: false 
2020-11-02 01:46:53,053 [Listener at 127.0.0.1/34381] INFO  server.AuthenticationFilter (AuthenticationFilter.java:constructSecretProvider(240)) - Unable to initialize FileSignerSecretProvider, falling back to use random secrets.
2020-11-02 01:46:53,053 [Listener at 127.0.0.1/34381] WARN  http.HttpRequestLog (HttpRequestLog.java:getRequestLog(103)) - Jetty request log can only be enabled using Log4j
2020-11-02 01:46:53,054 [Listener at 127.0.0.1/34381] INFO  http.HttpServer2 (HttpServer2.java:addGlobalFilter(1019)) - Added global filter 'safety' (class=org.apache.hadoop.hdds.server.http.HttpServer2$QuotingInputFilter)
2020-11-02 01:46:53,055 [Listener at 127.0.0.1/34381] INFO  http.HttpServer2 (HttpServer2.java:addFilter(995)) - Added filter static_user_filter (class=org.apache.hadoop.http.lib.StaticUserWebFilter$StaticUserFilter) to context hddsDatanode
2020-11-02 01:46:53,055 [Listener at 127.0.0.1/34381] INFO  http.HttpServer2 (HttpServer2.java:addFilter(1003)) - Added filter static_user_filter (class=org.apache.hadoop.http.lib.StaticUserWebFilter$StaticUserFilter) to context logs
2020-11-02 01:46:53,055 [Listener at 127.0.0.1/34381] INFO  http.HttpServer2 (HttpServer2.java:addFilter(1003)) - Added filter static_user_filter (class=org.apache.hadoop.http.lib.StaticUserWebFilter$StaticUserFilter) to context static
2020-11-02 01:46:53,056 [Listener at 127.0.0.1/34381] INFO  http.HttpServer2 (HttpServer2.java:bindListener(1237)) - Jetty bound to port 40859
2020-11-02 01:46:53,056 [Listener at 127.0.0.1/34381] INFO  server.Server (Server.java:doStart(359)) - jetty-9.4.26.v20200117; built: 2020-01-17T12:35:33.676Z; git: 7b38981d25d14afb4a12ff1f2596756144edf695; jvm 1.8.0_232-b09
2020-11-02 01:46:53,062 [Listener at 127.0.0.1/34381] INFO  server.session (DefaultSessionIdManager.java:doStart(333)) - DefaultSessionIdManager workerName=node0
2020-11-02 01:46:53,062 [Listener at 127.0.0.1/34381] INFO  server.session (DefaultSessionIdManager.java:doStart(338)) - No SessionScavenger set, using defaults
2020-11-02 01:46:53,062 [Listener at 127.0.0.1/34381] INFO  server.session (HouseKeeper.java:startScavenging(140)) - node0 Scavenging every 660000ms
2020-11-02 01:46:53,063 [Listener at 127.0.0.1/34381] INFO  handler.ContextHandler (ContextHandler.java:doStart(825)) - Started o.e.j.s.ServletContextHandler@78b3cf02{logs,/logs,file:///github/workspace/mnt/ozone/hadoop-ozone/integration-test/target/log,AVAILABLE}
2020-11-02 01:46:53,063 [Listener at 127.0.0.1/34381] INFO  handler.ContextHandler (ContextHandler.java:doStart(825)) - Started o.e.j.s.ServletContextHandler@6771d152{static,/static,jar:file:/home/user/.m2/repository/org/apache/hadoop/hadoop-hdds-container-service/1.1.0-SNAPSHOT/hadoop-hdds-container-service-1.1.0-SNAPSHOT.jar!/webapps/static,AVAILABLE}
2020-11-02 01:46:53,174 [Listener at 127.0.0.1/34381] INFO  handler.ContextHandler (ContextHandler.java:doStart(825)) - Started o.e.j.w.WebAppContext@c0fa4b1{hddsDatanode,/,file:///tmp/jetty-0_0_0_0-40859-hadoop-hdds-container-service-1_1_0-SNAPSHOT_jar-_-any-83188830683317667.dir/webapp/,AVAILABLE}{jar:file:/home/user/.m2/repository/org/apache/hadoop/hadoop-hdds-container-service/1.1.0-SNAPSHOT/hadoop-hdds-container-service-1.1.0-SNAPSHOT.jar!/webapps/hddsDatanode}
2020-11-02 01:46:53,177 [Listener at 127.0.0.1/34381] INFO  server.AbstractConnector (AbstractConnector.java:doStart(330)) - Started ServerConnector@15cc2383{HTTP/1.1,[http/1.1]}{0.0.0.0:40859}
2020-11-02 01:46:53,177 [Listener at 127.0.0.1/34381] INFO  server.Server (Server.java:doStart(399)) - Started @45786ms
2020-11-02 01:46:53,177 [Listener at 127.0.0.1/34381] WARN  impl.MetricsSystemImpl (MetricsSystemImpl.java:register(276)) - Sink prometheus already exists!
2020-11-02 01:46:53,181 [Listener at 127.0.0.1/34381] INFO  http.BaseHttpServer (BaseHttpServer.java:updateConnectorAddress(327)) - HTTP server of hddsDatanode listening at http://0.0.0.0:40859
2020-11-02 01:46:53,182 [Listener at 127.0.0.1/34381] INFO  impl.MetricsSystemImpl (MetricsSystemImpl.java:init(158)) - HddsDatanode metrics system started (again)
2020-11-02 01:46:53,184 [Listener at 127.0.0.1/34381] INFO  ozone.HddsDatanodeService (HddsDatanodeService.java:start(217)) - HddsDatanodeService host:d0a72d05df0f ip:172.17.0.2
2020-11-02 01:46:53,185 [Listener at 127.0.0.1/34381] INFO  volume.HddsVolume (HddsVolume.java:<init>(176)) - Creating Volume: /github/workspace/mnt/ozone/hadoop-ozone/integration-test/target/test-dir/MiniOzoneClusterImpl-3e692a3b-ddb2-4690-9144-d4d1ad0fcef2/datanode-5/data-0/containers/hdds of storage type : DISK and capacity : 9223372036854775807
2020-11-02 01:46:53,185 [Listener at 127.0.0.1/34381] INFO  volume.MutableVolumeSet (MutableVolumeSet.java:initializeVolumeSet(179)) - Added Volume : /github/workspace/mnt/ozone/hadoop-ozone/integration-test/target/test-dir/MiniOzoneClusterImpl-3e692a3b-ddb2-4690-9144-d4d1ad0fcef2/datanode-5/data-0/containers/hdds to VolumeSet
2020-11-02 01:46:53,185 [Listener at 127.0.0.1/34381] INFO  volume.ThrottledAsyncChecker (ThrottledAsyncChecker.java:schedule(141)) - Scheduling a check for /github/workspace/mnt/ozone/hadoop-ozone/integration-test/target/test-dir/MiniOzoneClusterImpl-3e692a3b-ddb2-4690-9144-d4d1ad0fcef2/datanode-5/data-0/containers/hdds
2020-11-02 01:46:53,186 [Listener at 127.0.0.1/34381] INFO  volume.HddsVolumeChecker (HddsVolumeChecker.java:checkAllVolumes(200)) - Scheduled health check for volume /github/workspace/mnt/ozone/hadoop-ozone/integration-test/target/test-dir/MiniOzoneClusterImpl-3e692a3b-ddb2-4690-9144-d4d1ad0fcef2/datanode-5/data-0/containers/hdds
2020-11-02 01:46:53,228 [Thread-540] INFO  ozoneimpl.ContainerReader (ContainerReader.java:readVolume(123)) - Start to verify containers on volume /github/workspace/mnt/ozone/hadoop-ozone/integration-test/target/test-dir/MiniOzoneClusterImpl-3e692a3b-ddb2-4690-9144-d4d1ad0fcef2/datanode-5/data-0/containers/hdds
2020-11-02 01:46:53,229 [Thread-540] INFO  ozoneimpl.ContainerReader (ContainerReader.java:readVolume(148)) - Finish verifying containers on volume /github/workspace/mnt/ozone/hadoop-ozone/integration-test/target/test-dir/MiniOzoneClusterImpl-3e692a3b-ddb2-4690-9144-d4d1ad0fcef2/datanode-5/data-0/containers/hdds
2020-11-02 01:46:53,229 [org.apache.hadoop.util.JvmPauseMonitor$Monitor@5e9a3ba7] INFO  util.JvmPauseMonitor (JvmPauseMonitor.java:run(188)) - Starting JVM pause monitor
2020-11-02 01:46:53,229 [Listener at 127.0.0.1/34381] INFO  ozoneimpl.OzoneContainer (OzoneContainer.java:buildContainerSet(196)) - Build ContainerSet costs 0s
2020-11-02 01:46:53,231 [Listener at 127.0.0.1/34381] INFO  impl.RaftServerProxy (ConfUtils.java:logGet(44)) - raft.rpc.type = GRPC (default)
2020-11-02 01:46:53,231 [Listener at 127.0.0.1/34381] INFO  grpc.GrpcFactory (GrpcFactory.java:checkPooledByteBufAllocatorUseCacheForAllThreads(45)) - PERFORMANCE WARNING: useCacheForAllThreads is true that may cause Netty to create a lot garbage objects and, as a result, trigger GC.
	It is recommended to disable useCacheForAllThreads by setting -Dorg.apache.ratis.thirdparty.io.netty.allocator.useCacheForAllThreads=false in command line.
2020-11-02 01:46:53,231 [Listener at 127.0.0.1/34381] INFO  grpc.GrpcConfigKeys (ConfUtils.java:logGet(44)) - raft.grpc.server.port = 0 (default)
2020-11-02 01:46:53,231 [Listener at 127.0.0.1/34381] INFO  server.GrpcService (ConfUtils.java:logGet(44)) - raft.grpc.message.size.max = 32MB (=33554432) (custom)
2020-11-02 01:46:53,232 [Listener at 127.0.0.1/34381] INFO  server.RaftServerConfigKeys (ConfUtils.java:logGet(44)) - raft.server.log.appender.buffer.byte-limit = 33554432 (custom)
2020-11-02 01:46:53,232 [Listener at 127.0.0.1/34381] INFO  server.GrpcService (ConfUtils.java:logGet(44)) - raft.grpc.flow.control.window = 5MB (=5242880) (custom)
2020-11-02 01:46:53,232 [Listener at 127.0.0.1/34381] INFO  server.RaftServerConfigKeys (ConfUtils.java:logGet(44)) - raft.server.rpc.request.timeout = 60s (custom)
2020-11-02 01:46:53,233 [Listener at 127.0.0.1/34381] INFO  server.RaftServerConfigKeys (ConfUtils.java:logGet(44)) - raft.server.storage.dir = [/github/workspace/mnt/ozone/hadoop-ozone/integration-test/target/test-dir/MiniOzoneClusterImpl-3e692a3b-ddb2-4690-9144-d4d1ad0fcef2/datanode-5/data/ratis] (custom)
2020-11-02 01:46:53,234 [Datanode State Machine Task Thread - 0] INFO  datanode.InitDatanodeState (InitDatanodeState.java:persistContainerDatanodeDetails(145)) - DatanodeDetails is persisted to /github/workspace/mnt/ozone/hadoop-ozone/integration-test/target/test-dir/MiniOzoneClusterImpl-3e692a3b-ddb2-4690-9144-d4d1ad0fcef2/datanode-4/meta/datanode.id
2020-11-02 01:46:53,238 [Listener at 127.0.0.1/34381] INFO  http.BaseHttpServer (BaseHttpServer.java:newHttpServer2BuilderForOzone(207)) - Starting Web-server for hddsDatanode at: http://0.0.0.0:0
2020-11-02 01:46:53,238 [Listener at 127.0.0.1/34381] INFO  http.BaseHttpServer (BaseHttpServer.java:<init>(106)) - Hadoop Security Enabled: false Ozone Security Enabled: false Ozone HTTP Security Enabled: false 
2020-11-02 01:46:53,239 [Listener at 127.0.0.1/34381] INFO  server.AuthenticationFilter (AuthenticationFilter.java:constructSecretProvider(240)) - Unable to initialize FileSignerSecretProvider, falling back to use random secrets.
2020-11-02 01:46:53,239 [Listener at 127.0.0.1/34381] WARN  http.HttpRequestLog (HttpRequestLog.java:getRequestLog(103)) - Jetty request log can only be enabled using Log4j
2020-11-02 01:46:53,240 [Listener at 127.0.0.1/34381] INFO  http.HttpServer2 (HttpServer2.java:addGlobalFilter(1019)) - Added global filter 'safety' (class=org.apache.hadoop.hdds.server.http.HttpServer2$QuotingInputFilter)
2020-11-02 01:46:53,241 [Listener at 127.0.0.1/34381] INFO  http.HttpServer2 (HttpServer2.java:addFilter(995)) - Added filter static_user_filter (class=org.apache.hadoop.http.lib.StaticUserWebFilter$StaticUserFilter) to context hddsDatanode
2020-11-02 01:46:53,246 [Listener at 127.0.0.1/34381] INFO  http.HttpServer2 (HttpServer2.java:addFilter(1003)) - Added filter static_user_filter (class=org.apache.hadoop.http.lib.StaticUserWebFilter$StaticUserFilter) to context logs
2020-11-02 01:46:53,246 [Listener at 127.0.0.1/34381] INFO  http.HttpServer2 (HttpServer2.java:addFilter(1003)) - Added filter static_user_filter (class=org.apache.hadoop.http.lib.StaticUserWebFilter$StaticUserFilter) to context static
2020-11-02 01:46:53,246 [Listener at 127.0.0.1/34381] INFO  http.HttpServer2 (HttpServer2.java:bindListener(1237)) - Jetty bound to port 46043
2020-11-02 01:46:53,246 [Listener at 127.0.0.1/34381] INFO  server.Server (Server.java:doStart(359)) - jetty-9.4.26.v20200117; built: 2020-01-17T12:35:33.676Z; git: 7b38981d25d14afb4a12ff1f2596756144edf695; jvm 1.8.0_232-b09
2020-11-02 01:46:53,248 [Listener at 127.0.0.1/34381] INFO  server.session (DefaultSessionIdManager.java:doStart(333)) - DefaultSessionIdManager workerName=node0
2020-11-02 01:46:53,248 [Listener at 127.0.0.1/34381] INFO  server.session (DefaultSessionIdManager.java:doStart(338)) - No SessionScavenger set, using defaults
2020-11-02 01:46:53,248 [Listener at 127.0.0.1/34381] INFO  server.session (HouseKeeper.java:startScavenging(140)) - node0 Scavenging every 660000ms
2020-11-02 01:46:53,248 [Listener at 127.0.0.1/34381] INFO  handler.ContextHandler (ContextHandler.java:doStart(825)) - Started o.e.j.s.ServletContextHandler@3cf4189d{logs,/logs,file:///github/workspace/mnt/ozone/hadoop-ozone/integration-test/target/log,AVAILABLE}
2020-11-02 01:46:53,249 [Listener at 127.0.0.1/34381] INFO  handler.ContextHandler (ContextHandler.java:doStart(825)) - Started o.e.j.s.ServletContextHandler@1d3b2741{static,/static,jar:file:/home/user/.m2/repository/org/apache/hadoop/hadoop-hdds-container-service/1.1.0-SNAPSHOT/hadoop-hdds-container-service-1.1.0-SNAPSHOT.jar!/webapps/static,AVAILABLE}
2020-11-02 01:46:53,388 [Listener at 127.0.0.1/34381] INFO  handler.ContextHandler (ContextHandler.java:doStart(825)) - Started o.e.j.w.WebAppContext@2024c872{hddsDatanode,/,file:///tmp/jetty-0_0_0_0-46043-hadoop-hdds-container-service-1_1_0-SNAPSHOT_jar-_-any-6314637770312779105.dir/webapp/,AVAILABLE}{jar:file:/home/user/.m2/repository/org/apache/hadoop/hadoop-hdds-container-service/1.1.0-SNAPSHOT/hadoop-hdds-container-service-1.1.0-SNAPSHOT.jar!/webapps/hddsDatanode}
2020-11-02 01:46:53,389 [Listener at 127.0.0.1/34381] INFO  server.AbstractConnector (AbstractConnector.java:doStart(330)) - Started ServerConnector@25a58f74{HTTP/1.1,[http/1.1]}{0.0.0.0:46043}
2020-11-02 01:46:53,389 [Listener at 127.0.0.1/34381] INFO  server.Server (Server.java:doStart(399)) - Started @45998ms
2020-11-02 01:46:53,389 [Listener at 127.0.0.1/34381] WARN  impl.MetricsSystemImpl (MetricsSystemImpl.java:register(276)) - Sink prometheus already exists!
2020-11-02 01:46:53,392 [Listener at 127.0.0.1/34381] INFO  http.BaseHttpServer (BaseHttpServer.java:updateConnectorAddress(327)) - HTTP server of hddsDatanode listening at http://0.0.0.0:46043
2020-11-02 01:46:53,395 [Listener at 127.0.0.1/34381] INFO  impl.MetricsSystemImpl (MetricsSystemImpl.java:init(158)) - HddsDatanode metrics system started (again)
2020-11-02 01:46:53,396 [Listener at 127.0.0.1/34381] INFO  ozone.HddsDatanodeService (HddsDatanodeService.java:start(217)) - HddsDatanodeService host:d0a72d05df0f ip:172.17.0.2
2020-11-02 01:46:53,406 [org.apache.hadoop.util.JvmPauseMonitor$Monitor@721b4a0d] INFO  util.JvmPauseMonitor (JvmPauseMonitor.java:run(188)) - Starting JVM pause monitor
2020-11-02 01:46:53,409 [Listener at 127.0.0.1/34381] INFO  volume.HddsVolume (HddsVolume.java:<init>(176)) - Creating Volume: /github/workspace/mnt/ozone/hadoop-ozone/integration-test/target/test-dir/MiniOzoneClusterImpl-3e692a3b-ddb2-4690-9144-d4d1ad0fcef2/datanode-6/data-0/containers/hdds of storage type : DISK and capacity : 9223372036854775807
2020-11-02 01:46:53,409 [Listener at 127.0.0.1/34381] INFO  volume.MutableVolumeSet (MutableVolumeSet.java:initializeVolumeSet(179)) - Added Volume : /github/workspace/mnt/ozone/hadoop-ozone/integration-test/target/test-dir/MiniOzoneClusterImpl-3e692a3b-ddb2-4690-9144-d4d1ad0fcef2/datanode-6/data-0/containers/hdds to VolumeSet
2020-11-02 01:46:53,409 [Listener at 127.0.0.1/34381] INFO  volume.ThrottledAsyncChecker (ThrottledAsyncChecker.java:schedule(141)) - Scheduling a check for /github/workspace/mnt/ozone/hadoop-ozone/integration-test/target/test-dir/MiniOzoneClusterImpl-3e692a3b-ddb2-4690-9144-d4d1ad0fcef2/datanode-6/data-0/containers/hdds
2020-11-02 01:46:53,410 [Listener at 127.0.0.1/34381] INFO  volume.HddsVolumeChecker (HddsVolumeChecker.java:checkAllVolumes(200)) - Scheduled health check for volume /github/workspace/mnt/ozone/hadoop-ozone/integration-test/target/test-dir/MiniOzoneClusterImpl-3e692a3b-ddb2-4690-9144-d4d1ad0fcef2/datanode-6/data-0/containers/hdds
2020-11-02 01:46:53,414 [Datanode State Machine Task Thread - 0] INFO  datanode.InitDatanodeState (InitDatanodeState.java:persistContainerDatanodeDetails(145)) - DatanodeDetails is persisted to /github/workspace/mnt/ozone/hadoop-ozone/integration-test/target/test-dir/MiniOzoneClusterImpl-3e692a3b-ddb2-4690-9144-d4d1ad0fcef2/datanode-5/meta/datanode.id
2020-11-02 01:46:53,421 [Thread-551] INFO  ozoneimpl.ContainerReader (ContainerReader.java:readVolume(123)) - Start to verify containers on volume /github/workspace/mnt/ozone/hadoop-ozone/integration-test/target/test-dir/MiniOzoneClusterImpl-3e692a3b-ddb2-4690-9144-d4d1ad0fcef2/datanode-6/data-0/containers/hdds
2020-11-02 01:46:53,421 [Thread-551] INFO  ozoneimpl.ContainerReader (ContainerReader.java:readVolume(148)) - Finish verifying containers on volume /github/workspace/mnt/ozone/hadoop-ozone/integration-test/target/test-dir/MiniOzoneClusterImpl-3e692a3b-ddb2-4690-9144-d4d1ad0fcef2/datanode-6/data-0/containers/hdds
2020-11-02 01:46:53,421 [Listener at 127.0.0.1/34381] INFO  ozoneimpl.OzoneContainer (OzoneContainer.java:buildContainerSet(196)) - Build ContainerSet costs 0s
2020-11-02 01:46:53,422 [Listener at 127.0.0.1/34381] INFO  impl.RaftServerProxy (ConfUtils.java:logGet(44)) - raft.rpc.type = GRPC (default)
2020-11-02 01:46:53,422 [Listener at 127.0.0.1/34381] INFO  grpc.GrpcFactory (GrpcFactory.java:checkPooledByteBufAllocatorUseCacheForAllThreads(45)) - PERFORMANCE WARNING: useCacheForAllThreads is true that may cause Netty to create a lot garbage objects and, as a result, trigger GC.
	It is recommended to disable useCacheForAllThreads by setting -Dorg.apache.ratis.thirdparty.io.netty.allocator.useCacheForAllThreads=false in command line.
2020-11-02 01:46:53,423 [Listener at 127.0.0.1/34381] INFO  grpc.GrpcConfigKeys (ConfUtils.java:logGet(44)) - raft.grpc.server.port = 0 (default)
2020-11-02 01:46:53,423 [Listener at 127.0.0.1/34381] INFO  server.GrpcService (ConfUtils.java:logGet(44)) - raft.grpc.message.size.max = 32MB (=33554432) (custom)
2020-11-02 01:46:53,423 [Listener at 127.0.0.1/34381] INFO  server.RaftServerConfigKeys (ConfUtils.java:logGet(44)) - raft.server.log.appender.buffer.byte-limit = 33554432 (custom)
2020-11-02 01:46:53,423 [Listener at 127.0.0.1/34381] INFO  server.GrpcService (ConfUtils.java:logGet(44)) - raft.grpc.flow.control.window = 5MB (=5242880) (custom)
2020-11-02 01:46:53,423 [Listener at 127.0.0.1/34381] INFO  server.RaftServerConfigKeys (ConfUtils.java:logGet(44)) - raft.server.rpc.request.timeout = 60s (custom)
2020-11-02 01:46:53,424 [Listener at 127.0.0.1/34381] INFO  server.RaftServerConfigKeys (ConfUtils.java:logGet(44)) - raft.server.storage.dir = [/github/workspace/mnt/ozone/hadoop-ozone/integration-test/target/test-dir/MiniOzoneClusterImpl-3e692a3b-ddb2-4690-9144-d4d1ad0fcef2/datanode-6/data/ratis] (custom)
2020-11-02 01:46:53,429 [Listener at 127.0.0.1/34381] INFO  http.BaseHttpServer (BaseHttpServer.java:newHttpServer2BuilderForOzone(207)) - Starting Web-server for hddsDatanode at: http://0.0.0.0:0
2020-11-02 01:46:53,429 [Listener at 127.0.0.1/34381] INFO  http.BaseHttpServer (BaseHttpServer.java:<init>(106)) - Hadoop Security Enabled: false Ozone Security Enabled: false Ozone HTTP Security Enabled: false 
2020-11-02 01:46:53,430 [Listener at 127.0.0.1/34381] INFO  server.AuthenticationFilter (AuthenticationFilter.java:constructSecretProvider(240)) - Unable to initialize FileSignerSecretProvider, falling back to use random secrets.
2020-11-02 01:46:53,430 [Listener at 127.0.0.1/34381] WARN  http.HttpRequestLog (HttpRequestLog.java:getRequestLog(103)) - Jetty request log can only be enabled using Log4j
2020-11-02 01:46:53,431 [Listener at 127.0.0.1/34381] INFO  http.HttpServer2 (HttpServer2.java:addGlobalFilter(1019)) - Added global filter 'safety' (class=org.apache.hadoop.hdds.server.http.HttpServer2$QuotingInputFilter)
2020-11-02 01:46:53,431 [Listener at 127.0.0.1/34381] INFO  http.HttpServer2 (HttpServer2.java:addFilter(995)) - Added filter static_user_filter (class=org.apache.hadoop.http.lib.StaticUserWebFilter$StaticUserFilter) to context hddsDatanode
2020-11-02 01:46:53,432 [Listener at 127.0.0.1/34381] INFO  http.HttpServer2 (HttpServer2.java:addFilter(1003)) - Added filter static_user_filter (class=org.apache.hadoop.http.lib.StaticUserWebFilter$StaticUserFilter) to context logs
2020-11-02 01:46:53,432 [Listener at 127.0.0.1/34381] INFO  http.HttpServer2 (HttpServer2.java:addFilter(1003)) - Added filter static_user_filter (class=org.apache.hadoop.http.lib.StaticUserWebFilter$StaticUserFilter) to context static
2020-11-02 01:46:53,432 [Listener at 127.0.0.1/34381] INFO  http.HttpServer2 (HttpServer2.java:bindListener(1237)) - Jetty bound to port 37091
2020-11-02 01:46:53,432 [Listener at 127.0.0.1/34381] INFO  server.Server (Server.java:doStart(359)) - jetty-9.4.26.v20200117; built: 2020-01-17T12:35:33.676Z; git: 7b38981d25d14afb4a12ff1f2596756144edf695; jvm 1.8.0_232-b09
2020-11-02 01:46:53,438 [Listener at 127.0.0.1/34381] INFO  server.session (DefaultSessionIdManager.java:doStart(333)) - DefaultSessionIdManager workerName=node0
2020-11-02 01:46:53,438 [Listener at 127.0.0.1/34381] INFO  server.session (DefaultSessionIdManager.java:doStart(338)) - No SessionScavenger set, using defaults
2020-11-02 01:46:53,438 [Listener at 127.0.0.1/34381] INFO  server.session (HouseKeeper.java:startScavenging(140)) - node0 Scavenging every 660000ms
2020-11-02 01:46:53,438 [Listener at 127.0.0.1/34381] INFO  handler.ContextHandler (ContextHandler.java:doStart(825)) - Started o.e.j.s.ServletContextHandler@85a19cc{logs,/logs,file:///github/workspace/mnt/ozone/hadoop-ozone/integration-test/target/log,AVAILABLE}
2020-11-02 01:46:53,439 [Listener at 127.0.0.1/34381] INFO  handler.ContextHandler (ContextHandler.java:doStart(825)) - Started o.e.j.s.ServletContextHandler@2c867d28{static,/static,jar:file:/home/user/.m2/repository/org/apache/hadoop/hadoop-hdds-container-service/1.1.0-SNAPSHOT/hadoop-hdds-container-service-1.1.0-SNAPSHOT.jar!/webapps/static,AVAILABLE}
2020-11-02 01:46:53,560 [Listener at 127.0.0.1/34381] INFO  handler.ContextHandler (ContextHandler.java:doStart(825)) - Started o.e.j.w.WebAppContext@65e3999a{hddsDatanode,/,file:///tmp/jetty-0_0_0_0-37091-hadoop-hdds-container-service-1_1_0-SNAPSHOT_jar-_-any-2358251603292941881.dir/webapp/,AVAILABLE}{jar:file:/home/user/.m2/repository/org/apache/hadoop/hadoop-hdds-container-service/1.1.0-SNAPSHOT/hadoop-hdds-container-service-1.1.0-SNAPSHOT.jar!/webapps/hddsDatanode}
2020-11-02 01:46:53,562 [Listener at 127.0.0.1/34381] INFO  server.AbstractConnector (AbstractConnector.java:doStart(330)) - Started ServerConnector@15967e55{HTTP/1.1,[http/1.1]}{0.0.0.0:37091}
2020-11-02 01:46:53,562 [Listener at 127.0.0.1/34381] INFO  server.Server (Server.java:doStart(399)) - Started @46170ms
2020-11-02 01:46:53,562 [Listener at 127.0.0.1/34381] WARN  impl.MetricsSystemImpl (MetricsSystemImpl.java:register(276)) - Sink prometheus already exists!
2020-11-02 01:46:53,565 [Listener at 127.0.0.1/34381] INFO  http.BaseHttpServer (BaseHttpServer.java:updateConnectorAddress(327)) - HTTP server of hddsDatanode listening at http://0.0.0.0:37091
2020-11-02 01:46:53,566 [Listener at 127.0.0.1/34381] INFO  ozone.MiniOzoneClusterImpl (MiniOzoneClusterImpl.java:lambda$waitForClusterToBeReady$0(177)) - Waiting for nodes to be ready. Got 0 of 7 DN Heartbeats.
2020-11-02 01:46:53,566 [Listener at 127.0.0.1/34381] INFO  ozone.MiniOzoneClusterImpl (MiniOzoneClusterImpl.java:lambda$waitForClusterToBeReady$0(180)) - Waiting for cluster to exit safe mode
2020-11-02 01:46:53,574 [org.apache.hadoop.util.JvmPauseMonitor$Monitor@59dab615] INFO  util.JvmPauseMonitor (JvmPauseMonitor.java:run(188)) - Starting JVM pause monitor
2020-11-02 01:46:53,579 [Datanode State Machine Task Thread - 0] INFO  datanode.InitDatanodeState (InitDatanodeState.java:persistContainerDatanodeDetails(145)) - DatanodeDetails is persisted to /github/workspace/mnt/ozone/hadoop-ozone/integration-test/target/test-dir/MiniOzoneClusterImpl-3e692a3b-ddb2-4690-9144-d4d1ad0fcef2/datanode-6/meta/datanode.id
2020-11-02 01:46:54,564 [EndpointStateMachine task thread for /0.0.0.0:39435 - 0 ] INFO  ozoneimpl.OzoneContainer (OzoneContainer.java:start(245)) - Attempting to start container services.
2020-11-02 01:46:54,565 [EndpointStateMachine task thread for /0.0.0.0:39435 - 0 ] INFO  ozoneimpl.OzoneContainer (OzoneContainer.java:startContainerScrub(209)) - Background container scanner has been disabled.
2020-11-02 01:46:54,565 [EndpointStateMachine task thread for /0.0.0.0:39435 - 0 ] INFO  ratis.XceiverServerRatis (XceiverServerRatis.java:start(456)) - Starting XceiverServerRatis a229fafa-639a-4c6f-8207-366329f46569 at port 0
2020-11-02 01:46:54,566 [EndpointStateMachine task thread for /0.0.0.0:39435 - 0 ] INFO  impl.RaftServerProxy (RaftServerProxy.java:lambda$start$3(307)) - a229fafa-639a-4c6f-8207-366329f46569: start RPC server
2020-11-02 01:46:54,566 [Listener at 127.0.0.1/34381] INFO  ozone.MiniOzoneClusterImpl (MiniOzoneClusterImpl.java:lambda$waitForClusterToBeReady$0(177)) - Waiting for nodes to be ready. Got 0 of 7 DN Heartbeats.
2020-11-02 01:46:54,566 [Listener at 127.0.0.1/34381] INFO  ozone.MiniOzoneClusterImpl (MiniOzoneClusterImpl.java:lambda$waitForClusterToBeReady$0(180)) - Waiting for cluster to exit safe mode
2020-11-02 01:46:54,567 [EndpointStateMachine task thread for /0.0.0.0:39435 - 0 ] INFO  server.GrpcService (GrpcService.java:startImpl(177)) - a229fafa-639a-4c6f-8207-366329f46569: GrpcService started, listening on 0.0.0.0/0.0.0.0:41847
2020-11-02 01:46:54,567 [EndpointStateMachine task thread for /0.0.0.0:39435 - 0 ] INFO  ratis.XceiverServerRatis (XceiverServerRatis.java:start(468)) - XceiverServerRatis a229fafa-639a-4c6f-8207-366329f46569 is started using port 41847
2020-11-02 01:46:54,567 [EndpointStateMachine task thread for /0.0.0.0:39435 - 0 ] INFO  server.XceiverServerGrpc (XceiverServerGrpc.java:start(145)) - XceiverServerGrpc a229fafa-639a-4c6f-8207-366329f46569 is started using port 46155
2020-11-02 01:46:54,722 [EndpointStateMachine task thread for /0.0.0.0:39435 - 0 ] INFO  ozoneimpl.OzoneContainer (OzoneContainer.java:start(245)) - Attempting to start container services.
2020-11-02 01:46:54,722 [EndpointStateMachine task thread for /0.0.0.0:39435 - 0 ] INFO  ozoneimpl.OzoneContainer (OzoneContainer.java:startContainerScrub(209)) - Background container scanner has been disabled.
2020-11-02 01:46:54,722 [EndpointStateMachine task thread for /0.0.0.0:39435 - 0 ] INFO  ratis.XceiverServerRatis (XceiverServerRatis.java:start(456)) - Starting XceiverServerRatis deba329c-6360-4670-9ec9-a05e031d7f0d at port 0
2020-11-02 01:46:54,723 [EndpointStateMachine task thread for /0.0.0.0:39435 - 0 ] INFO  impl.RaftServerProxy (RaftServerProxy.java:lambda$start$3(307)) - deba329c-6360-4670-9ec9-a05e031d7f0d: start RPC server
2020-11-02 01:46:54,724 [EndpointStateMachine task thread for /0.0.0.0:39435 - 0 ] INFO  server.GrpcService (GrpcService.java:startImpl(177)) - deba329c-6360-4670-9ec9-a05e031d7f0d: GrpcService started, listening on 0.0.0.0/0.0.0.0:38233
2020-11-02 01:46:54,724 [EndpointStateMachine task thread for /0.0.0.0:39435 - 0 ] INFO  ratis.XceiverServerRatis (XceiverServerRatis.java:start(468)) - XceiverServerRatis deba329c-6360-4670-9ec9-a05e031d7f0d is started using port 38233
2020-11-02 01:46:54,724 [EndpointStateMachine task thread for /0.0.0.0:39435 - 0 ] INFO  server.XceiverServerGrpc (XceiverServerGrpc.java:start(145)) - XceiverServerGrpc deba329c-6360-4670-9ec9-a05e031d7f0d is started using port 40843
2020-11-02 01:46:54,876 [EndpointStateMachine task thread for /0.0.0.0:39435 - 0 ] INFO  ozoneimpl.OzoneContainer (OzoneContainer.java:start(245)) - Attempting to start container services.
2020-11-02 01:46:54,876 [EndpointStateMachine task thread for /0.0.0.0:39435 - 0 ] INFO  ozoneimpl.OzoneContainer (OzoneContainer.java:startContainerScrub(209)) - Background container scanner has been disabled.
2020-11-02 01:46:54,876 [EndpointStateMachine task thread for /0.0.0.0:39435 - 0 ] INFO  ratis.XceiverServerRatis (XceiverServerRatis.java:start(456)) - Starting XceiverServerRatis f4704367-9fd7-4d83-8836-3ce9ecc30269 at port 0
2020-11-02 01:46:54,877 [EndpointStateMachine task thread for /0.0.0.0:39435 - 0 ] INFO  impl.RaftServerProxy (RaftServerProxy.java:lambda$start$3(307)) - f4704367-9fd7-4d83-8836-3ce9ecc30269: start RPC server
2020-11-02 01:46:54,878 [EndpointStateMachine task thread for /0.0.0.0:39435 - 0 ] INFO  server.GrpcService (GrpcService.java:startImpl(177)) - f4704367-9fd7-4d83-8836-3ce9ecc30269: GrpcService started, listening on 0.0.0.0/0.0.0.0:33199
2020-11-02 01:46:54,878 [EndpointStateMachine task thread for /0.0.0.0:39435 - 0 ] INFO  ratis.XceiverServerRatis (XceiverServerRatis.java:start(468)) - XceiverServerRatis f4704367-9fd7-4d83-8836-3ce9ecc30269 is started using port 33199
2020-11-02 01:46:54,880 [EndpointStateMachine task thread for /0.0.0.0:39435 - 0 ] INFO  server.XceiverServerGrpc (XceiverServerGrpc.java:start(145)) - XceiverServerGrpc f4704367-9fd7-4d83-8836-3ce9ecc30269 is started using port 44591
2020-11-02 01:46:55,032 [EndpointStateMachine task thread for /0.0.0.0:39435 - 0 ] INFO  ozoneimpl.OzoneContainer (OzoneContainer.java:start(245)) - Attempting to start container services.
2020-11-02 01:46:55,032 [EndpointStateMachine task thread for /0.0.0.0:39435 - 0 ] INFO  ozoneimpl.OzoneContainer (OzoneContainer.java:startContainerScrub(209)) - Background container scanner has been disabled.
2020-11-02 01:46:55,032 [EndpointStateMachine task thread for /0.0.0.0:39435 - 0 ] INFO  ratis.XceiverServerRatis (XceiverServerRatis.java:start(456)) - Starting XceiverServerRatis bb7e8155-091d-463f-8cd0-e09b5982d598 at port 0
2020-11-02 01:46:55,033 [EndpointStateMachine task thread for /0.0.0.0:39435 - 0 ] INFO  impl.RaftServerProxy (RaftServerProxy.java:lambda$start$3(307)) - bb7e8155-091d-463f-8cd0-e09b5982d598: start RPC server
2020-11-02 01:46:55,033 [EndpointStateMachine task thread for /0.0.0.0:39435 - 0 ] INFO  server.GrpcService (GrpcService.java:startImpl(177)) - bb7e8155-091d-463f-8cd0-e09b5982d598: GrpcService started, listening on 0.0.0.0/0.0.0.0:33293
2020-11-02 01:46:55,033 [EndpointStateMachine task thread for /0.0.0.0:39435 - 0 ] INFO  ratis.XceiverServerRatis (XceiverServerRatis.java:start(468)) - XceiverServerRatis bb7e8155-091d-463f-8cd0-e09b5982d598 is started using port 33293
2020-11-02 01:46:55,034 [EndpointStateMachine task thread for /0.0.0.0:39435 - 0 ] INFO  server.XceiverServerGrpc (XceiverServerGrpc.java:start(145)) - XceiverServerGrpc bb7e8155-091d-463f-8cd0-e09b5982d598 is started using port 46675
2020-11-02 01:46:55,199 [EndpointStateMachine task thread for /0.0.0.0:39435 - 0 ] INFO  ozoneimpl.OzoneContainer (OzoneContainer.java:start(245)) - Attempting to start container services.
2020-11-02 01:46:55,200 [EndpointStateMachine task thread for /0.0.0.0:39435 - 0 ] INFO  ozoneimpl.OzoneContainer (OzoneContainer.java:startContainerScrub(209)) - Background container scanner has been disabled.
2020-11-02 01:46:55,200 [EndpointStateMachine task thread for /0.0.0.0:39435 - 0 ] INFO  ratis.XceiverServerRatis (XceiverServerRatis.java:start(456)) - Starting XceiverServerRatis 7ab98594-cde6-4de5-8649-fca514c5537e at port 0
2020-11-02 01:46:55,200 [EndpointStateMachine task thread for /0.0.0.0:39435 - 0 ] INFO  impl.RaftServerProxy (RaftServerProxy.java:lambda$start$3(307)) - 7ab98594-cde6-4de5-8649-fca514c5537e: start RPC server
2020-11-02 01:46:55,201 [EndpointStateMachine task thread for /0.0.0.0:39435 - 0 ] INFO  server.GrpcService (GrpcService.java:startImpl(177)) - 7ab98594-cde6-4de5-8649-fca514c5537e: GrpcService started, listening on 0.0.0.0/0.0.0.0:40279
2020-11-02 01:46:55,201 [EndpointStateMachine task thread for /0.0.0.0:39435 - 0 ] INFO  ratis.XceiverServerRatis (XceiverServerRatis.java:start(468)) - XceiverServerRatis 7ab98594-cde6-4de5-8649-fca514c5537e is started using port 40279
2020-11-02 01:46:55,204 [EndpointStateMachine task thread for /0.0.0.0:39435 - 0 ] INFO  server.XceiverServerGrpc (XceiverServerGrpc.java:start(145)) - XceiverServerGrpc 7ab98594-cde6-4de5-8649-fca514c5537e is started using port 45635
2020-11-02 01:46:55,408 [EndpointStateMachine task thread for /0.0.0.0:39435 - 0 ] INFO  ozoneimpl.OzoneContainer (OzoneContainer.java:start(245)) - Attempting to start container services.
2020-11-02 01:46:55,408 [EndpointStateMachine task thread for /0.0.0.0:39435 - 0 ] INFO  ozoneimpl.OzoneContainer (OzoneContainer.java:startContainerScrub(209)) - Background container scanner has been disabled.
2020-11-02 01:46:55,408 [EndpointStateMachine task thread for /0.0.0.0:39435 - 0 ] INFO  ratis.XceiverServerRatis (XceiverServerRatis.java:start(456)) - Starting XceiverServerRatis 3273682d-ecc6-428d-bb6c-acac935ad76d at port 0
2020-11-02 01:46:55,408 [EndpointStateMachine task thread for /0.0.0.0:39435 - 0 ] INFO  impl.RaftServerProxy (RaftServerProxy.java:lambda$start$3(307)) - 3273682d-ecc6-428d-bb6c-acac935ad76d: start RPC server
2020-11-02 01:46:55,409 [EndpointStateMachine task thread for /0.0.0.0:39435 - 0 ] INFO  server.GrpcService (GrpcService.java:startImpl(177)) - 3273682d-ecc6-428d-bb6c-acac935ad76d: GrpcService started, listening on 0.0.0.0/0.0.0.0:38465
2020-11-02 01:46:55,409 [EndpointStateMachine task thread for /0.0.0.0:39435 - 0 ] INFO  ratis.XceiverServerRatis (XceiverServerRatis.java:start(468)) - XceiverServerRatis 3273682d-ecc6-428d-bb6c-acac935ad76d is started using port 38465
2020-11-02 01:46:55,409 [EndpointStateMachine task thread for /0.0.0.0:39435 - 0 ] INFO  server.XceiverServerGrpc (XceiverServerGrpc.java:start(145)) - XceiverServerGrpc 3273682d-ecc6-428d-bb6c-acac935ad76d is started using port 37199
2020-11-02 01:46:55,566 [Listener at 127.0.0.1/34381] INFO  ozone.MiniOzoneClusterImpl (MiniOzoneClusterImpl.java:lambda$waitForClusterToBeReady$0(177)) - Waiting for nodes to be ready. Got 0 of 7 DN Heartbeats.
2020-11-02 01:46:55,567 [Listener at 127.0.0.1/34381] INFO  ozone.MiniOzoneClusterImpl (MiniOzoneClusterImpl.java:lambda$waitForClusterToBeReady$0(180)) - Waiting for cluster to exit safe mode
2020-11-02 01:46:55,577 [EndpointStateMachine task thread for /0.0.0.0:39435 - 0 ] INFO  ozoneimpl.OzoneContainer (OzoneContainer.java:start(245)) - Attempting to start container services.
2020-11-02 01:46:55,577 [EndpointStateMachine task thread for /0.0.0.0:39435 - 0 ] INFO  ozoneimpl.OzoneContainer (OzoneContainer.java:startContainerScrub(209)) - Background container scanner has been disabled.
2020-11-02 01:46:55,577 [EndpointStateMachine task thread for /0.0.0.0:39435 - 0 ] INFO  ratis.XceiverServerRatis (XceiverServerRatis.java:start(456)) - Starting XceiverServerRatis bfea4c38-3863-469c-a612-67521276e931 at port 0
2020-11-02 01:46:55,578 [EndpointStateMachine task thread for /0.0.0.0:39435 - 0 ] INFO  impl.RaftServerProxy (RaftServerProxy.java:lambda$start$3(307)) - bfea4c38-3863-469c-a612-67521276e931: start RPC server
2020-11-02 01:46:55,578 [EndpointStateMachine task thread for /0.0.0.0:39435 - 0 ] INFO  server.GrpcService (GrpcService.java:startImpl(177)) - bfea4c38-3863-469c-a612-67521276e931: GrpcService started, listening on 0.0.0.0/0.0.0.0:38881
2020-11-02 01:46:55,578 [EndpointStateMachine task thread for /0.0.0.0:39435 - 0 ] INFO  ratis.XceiverServerRatis (XceiverServerRatis.java:start(468)) - XceiverServerRatis bfea4c38-3863-469c-a612-67521276e931 is started using port 38881
2020-11-02 01:46:55,579 [EndpointStateMachine task thread for /0.0.0.0:39435 - 0 ] INFO  server.XceiverServerGrpc (XceiverServerGrpc.java:start(145)) - XceiverServerGrpc bfea4c38-3863-469c-a612-67521276e931 is started using port 39241
2020-11-02 01:46:56,559 [IPC Server handler 1 on default port 39435] INFO  net.NetworkTopologyImpl (NetworkTopologyImpl.java:add(111)) - Added a new node: /default-rack/a229fafa-639a-4c6f-8207-366329f46569
2020-11-02 01:46:56,561 [IPC Server handler 1 on default port 39435] INFO  node.SCMNodeManager (SCMNodeManager.java:register(282)) - Registered Data node : a229fafa-639a-4c6f-8207-366329f46569{ip: 172.17.0.2, host: d0a72d05df0f, networkLocation: /default-rack, certSerialId: null}
2020-11-02 01:46:56,562 [RatisPipelineUtilsThread] INFO  pipeline.RatisPipelineProvider (RatisPipelineProvider.java:lambda$create$0(161)) - Sending CreatePipelineCommand for pipeline:PipelineID=f7f354b5-5257-40ca-9ade-21b8055bac19 to datanode:a229fafa-639a-4c6f-8207-366329f46569
2020-11-02 01:46:56,562 [EventQueue-NodeRegistrationContainerReportForDataNodeSafeModeRule] INFO  safemode.SCMSafeModeManager (DataNodeSafeModeRule.java:process(71)) - SCM in safe mode. 1 DataNodes registered, 1 required.
2020-11-02 01:46:56,562 [EventQueue-NodeRegistrationContainerReportForDataNodeSafeModeRule] INFO  safemode.SCMSafeModeManager (SCMSafeModeManager.java:validateSafeModeExitRules(214)) - DataNodeSafeModeRule rule is successfully validated
2020-11-02 01:46:56,562 [EventQueue-NodeRegistrationContainerReportForDataNodeSafeModeRule] INFO  safemode.SCMSafeModeManager (SCMSafeModeManager.java:completePreCheck(242)) - All SCM safe mode pre check rules have passed
2020-11-02 01:46:56,564 [RatisPipelineUtilsThread] INFO  pipeline.PipelineStateManager (PipelineStateManager.java:addPipeline(54)) - Created pipeline Pipeline[ Id: f7f354b5-5257-40ca-9ade-21b8055bac19, Nodes: a229fafa-639a-4c6f-8207-366329f46569{ip: 172.17.0.2, host: d0a72d05df0f, networkLocation: /default-rack, certSerialId: null}, Type:RATIS, Factor:ONE, State:ALLOCATED, leaderId:, CreationTimestamp2020-11-02T01:46:56.561Z]
2020-11-02 01:46:56,565 [RatisPipelineUtilsThread] WARN  pipeline.PipelinePlacementPolicy (PipelinePlacementPolicy.java:filterViableNodes(138)) - Pipeline creation failed due to no sufficient healthy datanodes. Required 3. Found 1.
2020-11-02 01:46:56,567 [Listener at 127.0.0.1/34381] INFO  ozone.MiniOzoneClusterImpl (MiniOzoneClusterImpl.java:lambda$waitForClusterToBeReady$0(177)) - Waiting for nodes to be ready. Got 1 of 7 DN Heartbeats.
2020-11-02 01:46:56,567 [Listener at 127.0.0.1/34381] INFO  ozone.MiniOzoneClusterImpl (MiniOzoneClusterImpl.java:lambda$waitForClusterToBeReady$0(180)) - Waiting for cluster to exit safe mode
2020-11-02 01:46:56,568 [EventQueue-NodeRegistrationContainerReportForContainerSafeModeRule] INFO  safemode.SCMSafeModeManager (SCMSafeModeManager.java:validateSafeModeExitRules(214)) - ContainerSafeModeRule rule is successfully validated
2020-11-02 01:46:56,715 [IPC Server handler 7 on default port 39435] INFO  net.NetworkTopologyImpl (NetworkTopologyImpl.java:add(111)) - Added a new node: /default-rack/deba329c-6360-4670-9ec9-a05e031d7f0d
2020-11-02 01:46:56,715 [IPC Server handler 7 on default port 39435] INFO  node.SCMNodeManager (SCMNodeManager.java:register(282)) - Registered Data node : deba329c-6360-4670-9ec9-a05e031d7f0d{ip: 172.17.0.2, host: d0a72d05df0f, networkLocation: /default-rack, certSerialId: null}
2020-11-02 01:46:56,716 [EventQueue-NodeRegistrationContainerReportForDataNodeSafeModeRule] INFO  safemode.SCMSafeModeManager (SCMSafeModeManager.java:validateSafeModeExitRules(214)) - DataNodeSafeModeRule rule is successfully validated
2020-11-02 01:46:56,716 [EventQueue-NodeRegistrationContainerReportForContainerSafeModeRule] INFO  safemode.SCMSafeModeManager (SCMSafeModeManager.java:validateSafeModeExitRules(214)) - ContainerSafeModeRule rule is successfully validated
2020-11-02 01:46:56,716 [RatisPipelineUtilsThread] INFO  pipeline.RatisPipelineProvider (RatisPipelineProvider.java:lambda$create$0(161)) - Sending CreatePipelineCommand for pipeline:PipelineID=eb0b9b02-f44b-499e-8dea-8f399fd064eb to datanode:deba329c-6360-4670-9ec9-a05e031d7f0d
2020-11-02 01:46:56,717 [RatisPipelineUtilsThread] INFO  pipeline.PipelineStateManager (PipelineStateManager.java:addPipeline(54)) - Created pipeline Pipeline[ Id: eb0b9b02-f44b-499e-8dea-8f399fd064eb, Nodes: deba329c-6360-4670-9ec9-a05e031d7f0d{ip: 172.17.0.2, host: d0a72d05df0f, networkLocation: /default-rack, certSerialId: null}, Type:RATIS, Factor:ONE, State:ALLOCATED, leaderId:, CreationTimestamp2020-11-02T01:46:56.716Z]
2020-11-02 01:46:56,717 [RatisPipelineUtilsThread] WARN  pipeline.PipelinePlacementPolicy (PipelinePlacementPolicy.java:filterViableNodes(138)) - Pipeline creation failed due to no sufficient healthy datanodes. Required 3. Found 2.
2020-11-02 01:46:56,875 [IPC Server handler 2 on default port 39435] INFO  net.NetworkTopologyImpl (NetworkTopologyImpl.java:add(111)) - Added a new node: /default-rack/f4704367-9fd7-4d83-8836-3ce9ecc30269
2020-11-02 01:46:56,876 [IPC Server handler 2 on default port 39435] INFO  node.SCMNodeManager (SCMNodeManager.java:register(282)) - Registered Data node : f4704367-9fd7-4d83-8836-3ce9ecc30269{ip: 172.17.0.2, host: d0a72d05df0f, networkLocation: /default-rack, certSerialId: null}
2020-11-02 01:46:56,876 [RatisPipelineUtilsThread] INFO  pipeline.RatisPipelineProvider (RatisPipelineProvider.java:lambda$create$0(161)) - Sending CreatePipelineCommand for pipeline:PipelineID=34f557c2-05bd-4252-ba53-290fe5556ba5 to datanode:f4704367-9fd7-4d83-8836-3ce9ecc30269
2020-11-02 01:46:56,876 [EventQueue-NodeRegistrationContainerReportForDataNodeSafeModeRule] INFO  safemode.SCMSafeModeManager (SCMSafeModeManager.java:validateSafeModeExitRules(214)) - DataNodeSafeModeRule rule is successfully validated
2020-11-02 01:46:56,876 [RatisPipelineUtilsThread] INFO  pipeline.PipelineStateManager (PipelineStateManager.java:addPipeline(54)) - Created pipeline Pipeline[ Id: 34f557c2-05bd-4252-ba53-290fe5556ba5, Nodes: f4704367-9fd7-4d83-8836-3ce9ecc30269{ip: 172.17.0.2, host: d0a72d05df0f, networkLocation: /default-rack, certSerialId: null}, Type:RATIS, Factor:ONE, State:ALLOCATED, leaderId:, CreationTimestamp2020-11-02T01:46:56.876Z]
2020-11-02 01:46:56,877 [EventQueue-NodeRegistrationContainerReportForContainerSafeModeRule] INFO  safemode.SCMSafeModeManager (SCMSafeModeManager.java:validateSafeModeExitRules(214)) - ContainerSafeModeRule rule is successfully validated
2020-11-02 01:46:56,877 [RatisPipelineUtilsThread] INFO  pipeline.RatisPipelineProvider (RatisPipelineProvider.java:lambda$create$0(161)) - Sending CreatePipelineCommand for pipeline:PipelineID=73159340-9494-496f-a1b4-8fd204d29001 to datanode:deba329c-6360-4670-9ec9-a05e031d7f0d
2020-11-02 01:46:56,877 [RatisPipelineUtilsThread] INFO  pipeline.RatisPipelineProvider (RatisPipelineProvider.java:lambda$create$0(161)) - Sending CreatePipelineCommand for pipeline:PipelineID=73159340-9494-496f-a1b4-8fd204d29001 to datanode:f4704367-9fd7-4d83-8836-3ce9ecc30269
2020-11-02 01:46:56,877 [RatisPipelineUtilsThread] INFO  pipeline.RatisPipelineProvider (RatisPipelineProvider.java:lambda$create$0(161)) - Sending CreatePipelineCommand for pipeline:PipelineID=73159340-9494-496f-a1b4-8fd204d29001 to datanode:a229fafa-639a-4c6f-8207-366329f46569
2020-11-02 01:46:56,877 [RatisPipelineUtilsThread] INFO  pipeline.PipelineStateManager (PipelineStateManager.java:addPipeline(54)) - Created pipeline Pipeline[ Id: 73159340-9494-496f-a1b4-8fd204d29001, Nodes: deba329c-6360-4670-9ec9-a05e031d7f0d{ip: 172.17.0.2, host: d0a72d05df0f, networkLocation: /default-rack, certSerialId: null}f4704367-9fd7-4d83-8836-3ce9ecc30269{ip: 172.17.0.2, host: d0a72d05df0f, networkLocation: /default-rack, certSerialId: null}a229fafa-639a-4c6f-8207-366329f46569{ip: 172.17.0.2, host: d0a72d05df0f, networkLocation: /default-rack, certSerialId: null}, Type:RATIS, Factor:THREE, State:ALLOCATED, leaderId:, CreationTimestamp2020-11-02T01:46:56.877Z]
2020-11-02 01:46:57,031 [IPC Server handler 3 on default port 39435] INFO  net.NetworkTopologyImpl (NetworkTopologyImpl.java:add(111)) - Added a new node: /default-rack/bb7e8155-091d-463f-8cd0-e09b5982d598
2020-11-02 01:46:57,031 [IPC Server handler 3 on default port 39435] INFO  node.SCMNodeManager (SCMNodeManager.java:register(282)) - Registered Data node : bb7e8155-091d-463f-8cd0-e09b5982d598{ip: 172.17.0.2, host: d0a72d05df0f, networkLocation: /default-rack, certSerialId: null}
2020-11-02 01:46:57,032 [RatisPipelineUtilsThread] INFO  pipeline.RatisPipelineProvider (RatisPipelineProvider.java:lambda$create$0(161)) - Sending CreatePipelineCommand for pipeline:PipelineID=7290ff1d-5881-4170-8e6a-57803156defc to datanode:bb7e8155-091d-463f-8cd0-e09b5982d598
2020-11-02 01:46:57,033 [RatisPipelineUtilsThread] INFO  pipeline.PipelineStateManager (PipelineStateManager.java:addPipeline(54)) - Created pipeline Pipeline[ Id: 7290ff1d-5881-4170-8e6a-57803156defc, Nodes: bb7e8155-091d-463f-8cd0-e09b5982d598{ip: 172.17.0.2, host: d0a72d05df0f, networkLocation: /default-rack, certSerialId: null}, Type:RATIS, Factor:ONE, State:ALLOCATED, leaderId:, CreationTimestamp2020-11-02T01:46:57.032Z]
2020-11-02 01:46:57,032 [EventQueue-NodeRegistrationContainerReportForDataNodeSafeModeRule] INFO  safemode.SCMSafeModeManager (SCMSafeModeManager.java:validateSafeModeExitRules(214)) - DataNodeSafeModeRule rule is successfully validated
2020-11-02 01:46:57,033 [EventQueue-NodeRegistrationContainerReportForContainerSafeModeRule] INFO  safemode.SCMSafeModeManager (SCMSafeModeManager.java:validateSafeModeExitRules(214)) - ContainerSafeModeRule rule is successfully validated
2020-11-02 01:46:57,199 [IPC Server handler 6 on default port 39435] INFO  net.NetworkTopologyImpl (NetworkTopologyImpl.java:add(111)) - Added a new node: /default-rack/7ab98594-cde6-4de5-8649-fca514c5537e
2020-11-02 01:46:57,199 [IPC Server handler 6 on default port 39435] INFO  node.SCMNodeManager (SCMNodeManager.java:register(282)) - Registered Data node : 7ab98594-cde6-4de5-8649-fca514c5537e{ip: 172.17.0.2, host: d0a72d05df0f, networkLocation: /default-rack, certSerialId: null}
2020-11-02 01:46:57,199 [EventQueue-NodeRegistrationContainerReportForDataNodeSafeModeRule] INFO  safemode.SCMSafeModeManager (SCMSafeModeManager.java:validateSafeModeExitRules(214)) - DataNodeSafeModeRule rule is successfully validated
2020-11-02 01:46:57,200 [RatisPipelineUtilsThread] INFO  pipeline.RatisPipelineProvider (RatisPipelineProvider.java:lambda$create$0(161)) - Sending CreatePipelineCommand for pipeline:PipelineID=7b40e318-d3f2-48b5-9686-0e1a91baf846 to datanode:7ab98594-cde6-4de5-8649-fca514c5537e
2020-11-02 01:46:57,200 [RatisPipelineUtilsThread] INFO  pipeline.PipelineStateManager (PipelineStateManager.java:addPipeline(54)) - Created pipeline Pipeline[ Id: 7b40e318-d3f2-48b5-9686-0e1a91baf846, Nodes: 7ab98594-cde6-4de5-8649-fca514c5537e{ip: 172.17.0.2, host: d0a72d05df0f, networkLocation: /default-rack, certSerialId: null}, Type:RATIS, Factor:ONE, State:ALLOCATED, leaderId:, CreationTimestamp2020-11-02T01:46:57.200Z]
2020-11-02 01:46:57,200 [EventQueue-NodeRegistrationContainerReportForContainerSafeModeRule] INFO  safemode.SCMSafeModeManager (SCMSafeModeManager.java:validateSafeModeExitRules(214)) - ContainerSafeModeRule rule is successfully validated
2020-11-02 01:46:57,406 [IPC Server handler 0 on default port 39435] INFO  net.NetworkTopologyImpl (NetworkTopologyImpl.java:add(111)) - Added a new node: /default-rack/3273682d-ecc6-428d-bb6c-acac935ad76d
2020-11-02 01:46:57,407 [IPC Server handler 0 on default port 39435] INFO  node.SCMNodeManager (SCMNodeManager.java:register(282)) - Registered Data node : 3273682d-ecc6-428d-bb6c-acac935ad76d{ip: 172.17.0.2, host: d0a72d05df0f, networkLocation: /default-rack, certSerialId: null}
2020-11-02 01:46:57,407 [EventQueue-NodeRegistrationContainerReportForContainerSafeModeRule] INFO  safemode.SCMSafeModeManager (SCMSafeModeManager.java:validateSafeModeExitRules(214)) - ContainerSafeModeRule rule is successfully validated
2020-11-02 01:46:57,407 [EventQueue-NodeRegistrationContainerReportForDataNodeSafeModeRule] INFO  safemode.SCMSafeModeManager (SCMSafeModeManager.java:validateSafeModeExitRules(214)) - DataNodeSafeModeRule rule is successfully validated
2020-11-02 01:46:57,408 [RatisPipelineUtilsThread] INFO  pipeline.RatisPipelineProvider (RatisPipelineProvider.java:lambda$create$0(161)) - Sending CreatePipelineCommand for pipeline:PipelineID=7a368b50-d7c2-4398-8ffd-2a1571e435ff to datanode:3273682d-ecc6-428d-bb6c-acac935ad76d
2020-11-02 01:46:57,408 [RatisPipelineUtilsThread] INFO  pipeline.PipelineStateManager (PipelineStateManager.java:addPipeline(54)) - Created pipeline Pipeline[ Id: 7a368b50-d7c2-4398-8ffd-2a1571e435ff, Nodes: 3273682d-ecc6-428d-bb6c-acac935ad76d{ip: 172.17.0.2, host: d0a72d05df0f, networkLocation: /default-rack, certSerialId: null}, Type:RATIS, Factor:ONE, State:ALLOCATED, leaderId:, CreationTimestamp2020-11-02T01:46:57.407Z]
2020-11-02 01:46:57,408 [RatisPipelineUtilsThread] INFO  pipeline.RatisPipelineProvider (RatisPipelineProvider.java:lambda$create$0(161)) - Sending CreatePipelineCommand for pipeline:PipelineID=e76d23ac-d349-40a2-a30a-00d99f375ed9 to datanode:3273682d-ecc6-428d-bb6c-acac935ad76d
2020-11-02 01:46:57,408 [RatisPipelineUtilsThread] INFO  pipeline.RatisPipelineProvider (RatisPipelineProvider.java:lambda$create$0(161)) - Sending CreatePipelineCommand for pipeline:PipelineID=e76d23ac-d349-40a2-a30a-00d99f375ed9 to datanode:bb7e8155-091d-463f-8cd0-e09b5982d598
2020-11-02 01:46:57,408 [RatisPipelineUtilsThread] INFO  pipeline.RatisPipelineProvider (RatisPipelineProvider.java:lambda$create$0(161)) - Sending CreatePipelineCommand for pipeline:PipelineID=e76d23ac-d349-40a2-a30a-00d99f375ed9 to datanode:7ab98594-cde6-4de5-8649-fca514c5537e
2020-11-02 01:46:57,409 [RatisPipelineUtilsThread] INFO  pipeline.PipelineStateManager (PipelineStateManager.java:addPipeline(54)) - Created pipeline Pipeline[ Id: e76d23ac-d349-40a2-a30a-00d99f375ed9, Nodes: 3273682d-ecc6-428d-bb6c-acac935ad76d{ip: 172.17.0.2, host: d0a72d05df0f, networkLocation: /default-rack, certSerialId: null}bb7e8155-091d-463f-8cd0-e09b5982d598{ip: 172.17.0.2, host: d0a72d05df0f, networkLocation: /default-rack, certSerialId: null}7ab98594-cde6-4de5-8649-fca514c5537e{ip: 172.17.0.2, host: d0a72d05df0f, networkLocation: /default-rack, certSerialId: null}, Type:RATIS, Factor:THREE, State:ALLOCATED, leaderId:, CreationTimestamp2020-11-02T01:46:57.408Z]
2020-11-02 01:46:57,567 [Listener at 127.0.0.1/34381] INFO  ozone.MiniOzoneClusterImpl (MiniOzoneClusterImpl.java:lambda$waitForClusterToBeReady$0(177)) - Waiting for nodes to be ready. Got 6 of 7 DN Heartbeats.
2020-11-02 01:46:57,567 [Listener at 127.0.0.1/34381] INFO  ozone.MiniOzoneClusterImpl (MiniOzoneClusterImpl.java:lambda$waitForClusterToBeReady$0(180)) - Waiting for cluster to exit safe mode
2020-11-02 01:46:57,574 [IPC Server handler 7 on default port 39435] INFO  net.NetworkTopologyImpl (NetworkTopologyImpl.java:add(111)) - Added a new node: /default-rack/bfea4c38-3863-469c-a612-67521276e931
2020-11-02 01:46:57,575 [IPC Server handler 7 on default port 39435] INFO  node.SCMNodeManager (SCMNodeManager.java:register(282)) - Registered Data node : bfea4c38-3863-469c-a612-67521276e931{ip: 172.17.0.2, host: d0a72d05df0f, networkLocation: /default-rack, certSerialId: null}
2020-11-02 01:46:57,576 [EventQueue-NodeRegistrationContainerReportForDataNodeSafeModeRule] INFO  safemode.SCMSafeModeManager (SCMSafeModeManager.java:validateSafeModeExitRules(214)) - DataNodeSafeModeRule rule is successfully validated
2020-11-02 01:46:57,576 [EventQueue-NodeRegistrationContainerReportForContainerSafeModeRule] INFO  safemode.SCMSafeModeManager (SCMSafeModeManager.java:validateSafeModeExitRules(214)) - ContainerSafeModeRule rule is successfully validated
2020-11-02 01:46:57,576 [RatisPipelineUtilsThread] INFO  pipeline.RatisPipelineProvider (RatisPipelineProvider.java:lambda$create$0(161)) - Sending CreatePipelineCommand for pipeline:PipelineID=defff4ad-0259-4a79-9296-8a6e232a5e78 to datanode:bfea4c38-3863-469c-a612-67521276e931
2020-11-02 01:46:57,577 [RatisPipelineUtilsThread] INFO  pipeline.PipelineStateManager (PipelineStateManager.java:addPipeline(54)) - Created pipeline Pipeline[ Id: defff4ad-0259-4a79-9296-8a6e232a5e78, Nodes: bfea4c38-3863-469c-a612-67521276e931{ip: 172.17.0.2, host: d0a72d05df0f, networkLocation: /default-rack, certSerialId: null}, Type:RATIS, Factor:ONE, State:ALLOCATED, leaderId:, CreationTimestamp2020-11-02T01:46:57.576Z]
2020-11-02 01:46:58,567 [Listener at 127.0.0.1/34381] INFO  ozone.MiniOzoneClusterImpl (MiniOzoneClusterImpl.java:lambda$waitForClusterToBeReady$0(177)) - Nodes are ready. Got 7 of 7 DN Heartbeats.
2020-11-02 01:46:58,568 [Listener at 127.0.0.1/34381] INFO  ozone.MiniOzoneClusterImpl (MiniOzoneClusterImpl.java:lambda$waitForClusterToBeReady$0(180)) - Waiting for cluster to exit safe mode
2020-11-02 01:46:59,558 [Command processor thread] INFO  impl.RaftServerProxy (RaftServerProxy.java:addNew(92)) - a229fafa-639a-4c6f-8207-366329f46569: addNew group-21B8055BAC19:[a229fafa-639a-4c6f-8207-366329f46569:172.17.0.2:41847:0] returns group-21B8055BAC19:java.util.concurrent.CompletableFuture@5333783b[Not completed]
2020-11-02 01:46:59,560 [pool-175-thread-1] INFO  impl.RaftServerImpl (RaftServerImpl.java:<init>(120)) - a229fafa-639a-4c6f-8207-366329f46569: new RaftServerImpl for group-21B8055BAC19:[a229fafa-639a-4c6f-8207-366329f46569:172.17.0.2:41847:0] with ContainerStateMachine:uninitialized
2020-11-02 01:46:59,560 [pool-175-thread-1] INFO  server.RaftServerConfigKeys (ConfUtils.java:logGet(44)) - raft.server.rpc.timeout.min = 5s (custom)
2020-11-02 01:46:59,560 [pool-175-thread-1] INFO  server.RaftServerConfigKeys (ConfUtils.java:logGet(44)) - raft.server.rpc.timeout.max = 5200ms (custom)
2020-11-02 01:46:59,560 [pool-175-thread-1] INFO  server.RaftServerConfigKeys (ConfUtils.java:logGet(44)) - raft.server.rpcslowness.timeout = 300s (custom)
2020-11-02 01:46:59,560 [pool-175-thread-1] INFO  server.RaftServerConfigKeys (ConfUtils.java:logGet(44)) - raft.server.sleep.deviation.threshold = 300 (default)
2020-11-02 01:46:59,560 [pool-175-thread-1] INFO  server.RaftServerConfigKeys (ConfUtils.java:logGet(44)) - raft.server.log.appender.install.snapshot.enabled = false (custom)
2020-11-02 01:46:59,560 [pool-175-thread-1] INFO  impl.RaftServerImpl (ServerState.java:<init>(104)) - a229fafa-639a-4c6f-8207-366329f46569@group-21B8055BAC19: ConfigurationManager, init=-1: [a229fafa-639a-4c6f-8207-366329f46569:172.17.0.2:41847:0], old=null, confs=<EMPTY_MAP>
2020-11-02 01:46:59,561 [pool-175-thread-1] INFO  server.RaftServerConfigKeys (ConfUtils.java:logGet(44)) - raft.server.storage.dir = [/github/workspace/mnt/ozone/hadoop-ozone/integration-test/target/test-dir/MiniOzoneClusterImpl-3e692a3b-ddb2-4690-9144-d4d1ad0fcef2/datanode-0/data/ratis] (custom)
2020-11-02 01:46:59,561 [pool-175-thread-1] INFO  server.RaftServerConfigKeys (ConfUtils.java:logGet(44)) - raft.server.log.corruption.policy = EXCEPTION (default)
2020-11-02 01:46:59,561 [pool-175-thread-1] INFO  storage.RaftStorageDirectory (RaftStorageDirectory.java:analyzeStorage(261)) - The storage directory /github/workspace/mnt/ozone/hadoop-ozone/integration-test/target/test-dir/MiniOzoneClusterImpl-3e692a3b-ddb2-4690-9144-d4d1ad0fcef2/datanode-0/data/ratis/f7f354b5-5257-40ca-9ade-21b8055bac19 does not exist. Creating ...
2020-11-02 01:46:59,562 [pool-175-thread-1] INFO  storage.RaftStorageDirectory (RaftStorageDirectory.java:tryLock(343)) - Lock on /github/workspace/mnt/ozone/hadoop-ozone/integration-test/target/test-dir/MiniOzoneClusterImpl-3e692a3b-ddb2-4690-9144-d4d1ad0fcef2/datanode-0/data/ratis/f7f354b5-5257-40ca-9ade-21b8055bac19/in_use.lock acquired by nodename 15553@d0a72d05df0f
2020-11-02 01:46:59,563 [pool-175-thread-1] INFO  storage.RaftStorage (RaftStorage.java:format(84)) - Storage directory /github/workspace/mnt/ozone/hadoop-ozone/integration-test/target/test-dir/MiniOzoneClusterImpl-3e692a3b-ddb2-4690-9144-d4d1ad0fcef2/datanode-0/data/ratis/f7f354b5-5257-40ca-9ade-21b8055bac19 has been successfully formatted.
2020-11-02 01:46:59,564 [pool-175-thread-1] INFO  ratis.ContainerStateMachine (ContainerStateMachine.java:loadSnapshot(225)) - group-21B8055BAC19: The snapshot info is null. Setting the last applied indexto:(t:0, i:~)
2020-11-02 01:46:59,564 [pool-175-thread-1] INFO  server.RaftServerConfigKeys (ConfUtils.java:logGet(44)) - raft.server.notification.no-leader.timeout = 300s (custom)
2020-11-02 01:46:59,565 [pool-175-thread-1] INFO  server.RaftServerConfigKeys (ConfUtils.java:logGet(44)) - raft.server.log.use.memory = false (default)
2020-11-02 01:46:59,565 [pool-175-thread-1] INFO  server.RaftServerConfigKeys (ConfUtils.java:logGet(44)) - raft.server.log.purge.gap = 1000000 (custom)
2020-11-02 01:46:59,565 [pool-175-thread-1] INFO  metrics.RatisMetrics (RatisMetrics.java:lambda$create$0(36)) - Creating Metrics Registry : ratis.log_worker.a229fafa-639a-4c6f-8207-366329f46569@group-21B8055BAC19
2020-11-02 01:46:59,565 [pool-175-thread-1] INFO  server.RaftServerConfigKeys (ConfUtils.java:logGet(44)) - raft.server.log.appender.buffer.byte-limit = 33554432 (custom)
2020-11-02 01:46:59,565 [pool-175-thread-1] INFO  server.RaftServerConfigKeys (ConfUtils.java:logGet(44)) - raft.server.log.segment.size.max = 1048576 (custom)
2020-11-02 01:46:59,566 [pool-175-thread-1] INFO  server.RaftServerConfigKeys (ConfUtils.java:logGet(44)) - raft.server.log.segment.cache.num.max = 2 (custom)
2020-11-02 01:46:59,566 [pool-175-thread-1] INFO  segmented.SegmentedRaftLogWorker (SegmentedRaftLogWorker.java:<init>(180)) - new a229fafa-639a-4c6f-8207-366329f46569@group-21B8055BAC19-SegmentedRaftLogWorker for RaftStorage:Storage Directory /github/workspace/mnt/ozone/hadoop-ozone/integration-test/target/test-dir/MiniOzoneClusterImpl-3e692a3b-ddb2-4690-9144-d4d1ad0fcef2/datanode-0/data/ratis/f7f354b5-5257-40ca-9ade-21b8055bac19
2020-11-02 01:46:59,566 [pool-175-thread-1] INFO  server.RaftServerConfigKeys (ConfUtils.java:logGet(44)) - raft.server.log.queue.byte-limit = 2147483647 (custom)
2020-11-02 01:46:59,566 [pool-175-thread-1] INFO  server.RaftServerConfigKeys (ConfUtils.java:logGet(44)) - raft.server.log.queue.element-limit = 1024 (custom)
2020-11-02 01:46:59,566 [pool-175-thread-1] INFO  server.RaftServerConfigKeys (ConfUtils.java:logGet(44)) - raft.server.log.segment.size.max = 1048576 (custom)
2020-11-02 01:46:59,566 [pool-175-thread-1] INFO  server.RaftServerConfigKeys (ConfUtils.java:logGet(44)) - raft.server.log.preallocated.size = 16384 (custom)
2020-11-02 01:46:59,566 [pool-175-thread-1] INFO  server.RaftServerConfigKeys (ConfUtils.java:logGet(44)) - raft.server.log.write.buffer.size = 1048576 (custom)
2020-11-02 01:46:59,566 [pool-175-thread-1] INFO  server.RaftServerConfigKeys (ConfUtils.java:logGet(44)) - raft.server.log.force.sync.num = 128 (default)
2020-11-02 01:46:59,566 [pool-175-thread-1] INFO  server.RaftServerConfigKeys (ConfUtils.java:logGet(44)) - raft.server.log.statemachine.data.sync = true (default)
2020-11-02 01:46:59,567 [pool-175-thread-1] INFO  server.RaftServerConfigKeys (ConfUtils.java:logGet(44)) - raft.server.log.statemachine.data.sync.timeout = 10s (default)
2020-11-02 01:46:59,567 [pool-175-thread-1] INFO  server.RaftServerConfigKeys (ConfUtils.java:logGet(44)) - raft.server.log.statemachine.data.sync.timeout.retry = -1 (default)
2020-11-02 01:46:59,567 [EventQueue-PipelineReportForPipelineReportHandler] INFO  pipeline.PipelineStateManager (PipelineStateManager.java:openPipeline(132)) - Pipeline Pipeline[ Id: f7f354b5-5257-40ca-9ade-21b8055bac19, Nodes: a229fafa-639a-4c6f-8207-366329f46569{ip: 172.17.0.2, host: d0a72d05df0f, networkLocation: /default-rack, certSerialId: null}, Type:RATIS, Factor:ONE, State:ALLOCATED, leaderId:a229fafa-639a-4c6f-8207-366329f46569, CreationTimestamp2020-11-02T01:46:56.561Z] moved to OPEN state
2020-11-02 01:46:59,570 [Listener at 127.0.0.1/34381] INFO  ozone.MiniOzoneClusterImpl (MiniOzoneClusterImpl.java:lambda$waitForClusterToBeReady$0(177)) - Nodes are ready. Got 7 of 7 DN Heartbeats.
2020-11-02 01:46:59,570 [Listener at 127.0.0.1/34381] INFO  ozone.MiniOzoneClusterImpl (MiniOzoneClusterImpl.java:lambda$waitForClusterToBeReady$0(180)) - Waiting for cluster to exit safe mode
2020-11-02 01:46:59,572 [pool-175-thread-1] INFO  server.RaftServerConfigKeys (ConfUtils.java:logGet(44)) - raft.server.log.statemachine.data.caching.enabled = true (custom)
2020-11-02 01:46:59,572 [pool-175-thread-1] INFO  segmented.SegmentedRaftLogWorker (SegmentedRaftLogWorker.java:lambda$new$0(129)) - a229fafa-639a-4c6f-8207-366329f46569@group-21B8055BAC19-SegmentedRaftLogWorker: flushIndex: setUnconditionally 0 -> -1
2020-11-02 01:46:59,572 [pool-175-thread-1] INFO  segmented.SegmentedRaftLogWorker (SegmentedRaftLogWorker.java:lambda$new$0(129)) - a229fafa-639a-4c6f-8207-366329f46569@group-21B8055BAC19-SegmentedRaftLogWorker: safeCacheEvictIndex: setUnconditionally 0 -> -1
2020-11-02 01:46:59,570 [EventQueue-OpenPipelineForHealthyPipelineSafeModeRule] INFO  safemode.SCMSafeModeManager (HealthyPipelineSafeModeRule.java:process(129)) - SCM in safe mode. Healthy pipelines reported count is 0, required healthy pipeline reported count is 1
2020-11-02 01:46:59,572 [pool-175-thread-1] INFO  server.RaftServerConfigKeys (ConfUtils.java:logGet(44)) - raft.server.snapshot.auto.trigger.enabled = true (custom)
2020-11-02 01:46:59,572 [pool-175-thread-1] INFO  server.RaftServerConfigKeys (ConfUtils.java:logGet(44)) - raft.server.snapshot.auto.trigger.threshold = 10000 (custom)
2020-11-02 01:46:59,572 [pool-175-thread-1] INFO  server.RaftServerConfigKeys (ConfUtils.java:logGet(44)) - raft.server.snapshot.retention.file.num = 5 (custom)
2020-11-02 01:46:59,572 [pool-175-thread-1] INFO  server.RaftServerConfigKeys (ConfUtils.java:logGet(44)) - raft.server.log.purge.upto.snapshot.index = false (default)
2020-11-02 01:46:59,572 [pool-175-thread-1] INFO  server.RaftServerConfigKeys (ConfUtils.java:logGet(44)) - raft.server.retrycache.expirytime = 600000ms (custom)
2020-11-02 01:46:59,572 [pool-175-thread-1] INFO  metrics.RatisMetrics (RatisMetrics.java:lambda$create$0(36)) - Creating Metrics Registry : ratis.leader_election.a229fafa-639a-4c6f-8207-366329f46569@group-21B8055BAC19
2020-11-02 01:46:59,575 [pool-175-thread-1] INFO  metrics.RatisMetrics (RatisMetrics.java:lambda$create$0(36)) - Creating Metrics Registry : ratis.server.a229fafa-639a-4c6f-8207-366329f46569@group-21B8055BAC19
2020-11-02 01:46:59,576 [pool-175-thread-1] INFO  impl.RaftServerImpl (RaftServerImpl.java:start(209)) - a229fafa-639a-4c6f-8207-366329f46569@group-21B8055BAC19: start as a follower, conf=-1: [a229fafa-639a-4c6f-8207-366329f46569:172.17.0.2:41847:0], old=null
2020-11-02 01:46:59,577 [pool-175-thread-1] INFO  impl.RaftServerImpl (RaftServerImpl.java:setRole(198)) - a229fafa-639a-4c6f-8207-366329f46569@group-21B8055BAC19: changes role from      null to FOLLOWER at term 0 for startAsFollower
2020-11-02 01:46:59,577 [pool-175-thread-1] INFO  impl.RoleInfo (RoleInfo.java:updateAndGet(143)) - a229fafa-639a-4c6f-8207-366329f46569: start FollowerState
2020-11-02 01:46:59,582 [EventQueue-OpenPipelineForOneReplicaPipelineSafeModeRule] INFO  safemode.SCMSafeModeManager (SCMSafeModeManager.java:validateSafeModeExitRules(214)) - AtleastOneDatanodeReportedRule rule is successfully validated
2020-11-02 01:46:59,586 [pool-175-thread-1] INFO  util.JmxRegister (JmxRegister.java:tryRegister(44)) - Successfully registered JMX Bean with object name Ratis:service=RaftServer,group=group-21B8055BAC19,id=a229fafa-639a-4c6f-8207-366329f46569
2020-11-02 01:46:59,586 [pool-175-thread-1] INFO  metrics.RatisMetrics (RatisMetrics.java:lambda$create$0(36)) - Creating Metrics Registry : ratis.state_machine.a229fafa-639a-4c6f-8207-366329f46569@group-21B8055BAC19
2020-11-02 01:46:59,587 [Command processor thread] INFO  commandhandler.CreatePipelineCommandHandler (CreatePipelineCommandHandler.java:handle(106)) - Created Pipeline RATIS ONE PipelineID=f7f354b5-5257-40ca-9ade-21b8055bac19.
2020-11-02 01:46:59,587 [Command processor thread] INFO  impl.RaftServerProxy (RaftServerProxy.java:addNew(92)) - a229fafa-639a-4c6f-8207-366329f46569: addNew group-8FD204D29001:[deba329c-6360-4670-9ec9-a05e031d7f0d:172.17.0.2:38233:0, f4704367-9fd7-4d83-8836-3ce9ecc30269:172.17.0.2:33199:0, a229fafa-639a-4c6f-8207-366329f46569:172.17.0.2:41847:0] returns group-8FD204D29001:java.util.concurrent.CompletableFuture@570cf685[Not completed]
2020-11-02 01:46:59,588 [pool-175-thread-1] INFO  impl.RaftServerImpl (RaftServerImpl.java:<init>(120)) - a229fafa-639a-4c6f-8207-366329f46569: new RaftServerImpl for group-8FD204D29001:[deba329c-6360-4670-9ec9-a05e031d7f0d:172.17.0.2:38233:0, f4704367-9fd7-4d83-8836-3ce9ecc30269:172.17.0.2:33199:0, a229fafa-639a-4c6f-8207-366329f46569:172.17.0.2:41847:0] with ContainerStateMachine:uninitialized
2020-11-02 01:46:59,588 [pool-175-thread-1] INFO  server.RaftServerConfigKeys (ConfUtils.java:logGet(44)) - raft.server.rpc.timeout.min = 5s (custom)
2020-11-02 01:46:59,588 [pool-175-thread-1] INFO  server.RaftServerConfigKeys (ConfUtils.java:logGet(44)) - raft.server.rpc.timeout.max = 5200ms (custom)
2020-11-02 01:46:59,588 [pool-175-thread-1] INFO  server.RaftServerConfigKeys (ConfUtils.java:logGet(44)) - raft.server.rpcslowness.timeout = 300s (custom)
2020-11-02 01:46:59,588 [pool-175-thread-1] INFO  server.RaftServerConfigKeys (ConfUtils.java:logGet(44)) - raft.server.sleep.deviation.threshold = 300 (default)
2020-11-02 01:46:59,588 [pool-175-thread-1] INFO  server.RaftServerConfigKeys (ConfUtils.java:logGet(44)) - raft.server.log.appender.install.snapshot.enabled = false (custom)
2020-11-02 01:46:59,588 [pool-175-thread-1] INFO  impl.RaftServerImpl (ServerState.java:<init>(104)) - a229fafa-639a-4c6f-8207-366329f46569@group-8FD204D29001: ConfigurationManager, init=-1: [deba329c-6360-4670-9ec9-a05e031d7f0d:172.17.0.2:38233:0, f4704367-9fd7-4d83-8836-3ce9ecc30269:172.17.0.2:33199:0, a229fafa-639a-4c6f-8207-366329f46569:172.17.0.2:41847:0], old=null, confs=<EMPTY_MAP>
2020-11-02 01:46:59,588 [pool-175-thread-1] INFO  server.RaftServerConfigKeys (ConfUtils.java:logGet(44)) - raft.server.storage.dir = [/github/workspace/mnt/ozone/hadoop-ozone/integration-test/target/test-dir/MiniOzoneClusterImpl-3e692a3b-ddb2-4690-9144-d4d1ad0fcef2/datanode-0/data/ratis] (custom)
2020-11-02 01:46:59,589 [pool-175-thread-1] INFO  server.RaftServerConfigKeys (ConfUtils.java:logGet(44)) - raft.server.log.corruption.policy = EXCEPTION (default)
2020-11-02 01:46:59,589 [pool-175-thread-1] INFO  storage.RaftStorageDirectory (RaftStorageDirectory.java:analyzeStorage(261)) - The storage directory /github/workspace/mnt/ozone/hadoop-ozone/integration-test/target/test-dir/MiniOzoneClusterImpl-3e692a3b-ddb2-4690-9144-d4d1ad0fcef2/datanode-0/data/ratis/73159340-9494-496f-a1b4-8fd204d29001 does not exist. Creating ...
2020-11-02 01:46:59,595 [pool-175-thread-1] INFO  storage.RaftStorageDirectory (RaftStorageDirectory.java:tryLock(343)) - Lock on /github/workspace/mnt/ozone/hadoop-ozone/integration-test/target/test-dir/MiniOzoneClusterImpl-3e692a3b-ddb2-4690-9144-d4d1ad0fcef2/datanode-0/data/ratis/73159340-9494-496f-a1b4-8fd204d29001/in_use.lock acquired by nodename 15553@d0a72d05df0f
2020-11-02 01:46:59,597 [pool-175-thread-1] INFO  storage.RaftStorage (RaftStorage.java:format(84)) - Storage directory /github/workspace/mnt/ozone/hadoop-ozone/integration-test/target/test-dir/MiniOzoneClusterImpl-3e692a3b-ddb2-4690-9144-d4d1ad0fcef2/datanode-0/data/ratis/73159340-9494-496f-a1b4-8fd204d29001 has been successfully formatted.
2020-11-02 01:46:59,597 [pool-175-thread-1] INFO  ratis.ContainerStateMachine (ContainerStateMachine.java:loadSnapshot(225)) - group-8FD204D29001: The snapshot info is null. Setting the last applied indexto:(t:0, i:~)
2020-11-02 01:46:59,598 [pool-175-thread-1] INFO  server.RaftServerConfigKeys (ConfUtils.java:logGet(44)) - raft.server.notification.no-leader.timeout = 300s (custom)
2020-11-02 01:46:59,598 [pool-175-thread-1] INFO  server.RaftServerConfigKeys (ConfUtils.java:logGet(44)) - raft.server.log.use.memory = false (default)
2020-11-02 01:46:59,598 [pool-175-thread-1] INFO  server.RaftServerConfigKeys (ConfUtils.java:logGet(44)) - raft.server.log.purge.gap = 1000000 (custom)
2020-11-02 01:46:59,598 [pool-175-thread-1] INFO  metrics.RatisMetrics (RatisMetrics.java:lambda$create$0(36)) - Creating Metrics Registry : ratis.log_worker.a229fafa-639a-4c6f-8207-366329f46569@group-8FD204D29001
2020-11-02 01:46:59,598 [pool-175-thread-1] INFO  server.RaftServerConfigKeys (ConfUtils.java:logGet(44)) - raft.server.log.appender.buffer.byte-limit = 33554432 (custom)
2020-11-02 01:46:59,598 [pool-175-thread-1] INFO  server.RaftServerConfigKeys (ConfUtils.java:logGet(44)) - raft.server.log.segment.size.max = 1048576 (custom)
2020-11-02 01:46:59,599 [pool-175-thread-1] INFO  server.RaftServerConfigKeys (ConfUtils.java:logGet(44)) - raft.server.log.segment.cache.num.max = 2 (custom)
2020-11-02 01:46:59,599 [pool-175-thread-1] INFO  segmented.SegmentedRaftLogWorker (SegmentedRaftLogWorker.java:<init>(180)) - new a229fafa-639a-4c6f-8207-366329f46569@group-8FD204D29001-SegmentedRaftLogWorker for RaftStorage:Storage Directory /github/workspace/mnt/ozone/hadoop-ozone/integration-test/target/test-dir/MiniOzoneClusterImpl-3e692a3b-ddb2-4690-9144-d4d1ad0fcef2/datanode-0/data/ratis/73159340-9494-496f-a1b4-8fd204d29001
2020-11-02 01:46:59,599 [pool-175-thread-1] INFO  server.RaftServerConfigKeys (ConfUtils.java:logGet(44)) - raft.server.log.queue.byte-limit = 2147483647 (custom)
2020-11-02 01:46:59,599 [pool-175-thread-1] INFO  server.RaftServerConfigKeys (ConfUtils.java:logGet(44)) - raft.server.log.queue.element-limit = 1024 (custom)
2020-11-02 01:46:59,599 [pool-175-thread-1] INFO  server.RaftServerConfigKeys (ConfUtils.java:logGet(44)) - raft.server.log.segment.size.max = 1048576 (custom)
2020-11-02 01:46:59,599 [pool-175-thread-1] INFO  server.RaftServerConfigKeys (ConfUtils.java:logGet(44)) - raft.server.log.preallocated.size = 16384 (custom)
2020-11-02 01:46:59,599 [pool-175-thread-1] INFO  server.RaftServerConfigKeys (ConfUtils.java:logGet(44)) - raft.server.log.write.buffer.size = 1048576 (custom)
2020-11-02 01:46:59,599 [pool-175-thread-1] INFO  server.RaftServerConfigKeys (ConfUtils.java:logGet(44)) - raft.server.log.force.sync.num = 128 (default)
2020-11-02 01:46:59,599 [pool-175-thread-1] INFO  server.RaftServerConfigKeys (ConfUtils.java:logGet(44)) - raft.server.log.statemachine.data.sync = true (default)
2020-11-02 01:46:59,599 [pool-175-thread-1] INFO  server.RaftServerConfigKeys (ConfUtils.java:logGet(44)) - raft.server.log.statemachine.data.sync.timeout = 10s (default)
2020-11-02 01:46:59,599 [pool-175-thread-1] INFO  server.RaftServerConfigKeys (ConfUtils.java:logGet(44)) - raft.server.log.statemachine.data.sync.timeout.retry = -1 (default)
2020-11-02 01:46:59,601 [pool-175-thread-1] INFO  server.RaftServerConfigKeys (ConfUtils.java:logGet(44)) - raft.server.log.statemachine.data.caching.enabled = true (custom)
2020-11-02 01:46:59,602 [pool-175-thread-1] INFO  segmented.SegmentedRaftLogWorker (SegmentedRaftLogWorker.java:lambda$new$0(129)) - a229fafa-639a-4c6f-8207-366329f46569@group-8FD204D29001-SegmentedRaftLogWorker: flushIndex: setUnconditionally 0 -> -1
2020-11-02 01:46:59,602 [pool-175-thread-1] INFO  segmented.SegmentedRaftLogWorker (SegmentedRaftLogWorker.java:lambda$new$0(129)) - a229fafa-639a-4c6f-8207-366329f46569@group-8FD204D29001-SegmentedRaftLogWorker: safeCacheEvictIndex: setUnconditionally 0 -> -1
2020-11-02 01:46:59,602 [pool-175-thread-1] INFO  server.RaftServerConfigKeys (ConfUtils.java:logGet(44)) - raft.server.snapshot.auto.trigger.enabled = true (custom)
2020-11-02 01:46:59,602 [pool-175-thread-1] INFO  server.RaftServerConfigKeys (ConfUtils.java:logGet(44)) - raft.server.snapshot.auto.trigger.threshold = 10000 (custom)
2020-11-02 01:46:59,602 [pool-175-thread-1] INFO  server.RaftServerConfigKeys (ConfUtils.java:logGet(44)) - raft.server.snapshot.retention.file.num = 5 (custom)
2020-11-02 01:46:59,603 [pool-175-thread-1] INFO  server.RaftServerConfigKeys (ConfUtils.java:logGet(44)) - raft.server.log.purge.upto.snapshot.index = false (default)
2020-11-02 01:46:59,603 [pool-175-thread-1] INFO  server.RaftServerConfigKeys (ConfUtils.java:logGet(44)) - raft.server.retrycache.expirytime = 600000ms (custom)
2020-11-02 01:46:59,603 [pool-175-thread-1] INFO  metrics.RatisMetrics (RatisMetrics.java:lambda$create$0(36)) - Creating Metrics Registry : ratis.leader_election.a229fafa-639a-4c6f-8207-366329f46569@group-8FD204D29001
2020-11-02 01:46:59,603 [pool-175-thread-1] INFO  metrics.RatisMetrics (RatisMetrics.java:lambda$create$0(36)) - Creating Metrics Registry : ratis.server.a229fafa-639a-4c6f-8207-366329f46569@group-8FD204D29001
2020-11-02 01:46:59,604 [pool-175-thread-1] INFO  impl.RaftServerImpl (RaftServerImpl.java:start(209)) - a229fafa-639a-4c6f-8207-366329f46569@group-8FD204D29001: start as a follower, conf=-1: [deba329c-6360-4670-9ec9-a05e031d7f0d:172.17.0.2:38233:0, f4704367-9fd7-4d83-8836-3ce9ecc30269:172.17.0.2:33199:0, a229fafa-639a-4c6f-8207-366329f46569:172.17.0.2:41847:0], old=null
2020-11-02 01:46:59,604 [pool-175-thread-1] INFO  impl.RaftServerImpl (RaftServerImpl.java:setRole(198)) - a229fafa-639a-4c6f-8207-366329f46569@group-8FD204D29001: changes role from      null to FOLLOWER at term 0 for startAsFollower
2020-11-02 01:46:59,605 [pool-175-thread-1] INFO  impl.RoleInfo (RoleInfo.java:updateAndGet(143)) - a229fafa-639a-4c6f-8207-366329f46569: start FollowerState
2020-11-02 01:46:59,610 [pool-175-thread-1] INFO  util.JmxRegister (JmxRegister.java:tryRegister(44)) - Successfully registered JMX Bean with object name Ratis:service=RaftServer,group=group-8FD204D29001,id=a229fafa-639a-4c6f-8207-366329f46569
2020-11-02 01:46:59,610 [pool-175-thread-1] INFO  metrics.RatisMetrics (RatisMetrics.java:lambda$create$0(36)) - Creating Metrics Registry : ratis.state_machine.a229fafa-639a-4c6f-8207-366329f46569@group-8FD204D29001
2020-11-02 01:46:59,612 [Command processor thread] INFO  metrics.RatisMetrics (RatisMetrics.java:lambda$create$0(36)) - Creating Metrics Registry : ratis.client_message_metrics.client-B0615E98A6BA->deba329c-6360-4670-9ec9-a05e031d7f0d
2020-11-02 01:46:59,619 [grpc-default-executor-1] INFO  metrics.RatisMetrics (RatisMetrics.java:lambda$create$0(36)) - Creating Metrics Registry : ratis.server_message_metrics.deba329c-6360-4670-9ec9-a05e031d7f0d
2020-11-02 01:46:59,623 [grpc-default-executor-1] INFO  impl.RaftServerProxy (RaftServerProxy.java:addNew(92)) - deba329c-6360-4670-9ec9-a05e031d7f0d: addNew group-8FD204D29001:[deba329c-6360-4670-9ec9-a05e031d7f0d:172.17.0.2:38233:0, f4704367-9fd7-4d83-8836-3ce9ecc30269:172.17.0.2:33199:0, a229fafa-639a-4c6f-8207-366329f46569:172.17.0.2:41847:0] returns group-8FD204D29001:java.util.concurrent.CompletableFuture@5ee3b34f[Not completed]
2020-11-02 01:46:59,623 [pool-191-thread-1] INFO  impl.RaftServerImpl (RaftServerImpl.java:<init>(120)) - deba329c-6360-4670-9ec9-a05e031d7f0d: new RaftServerImpl for group-8FD204D29001:[deba329c-6360-4670-9ec9-a05e031d7f0d:172.17.0.2:38233:0, f4704367-9fd7-4d83-8836-3ce9ecc30269:172.17.0.2:33199:0, a229fafa-639a-4c6f-8207-366329f46569:172.17.0.2:41847:0] with ContainerStateMachine:uninitialized
2020-11-02 01:46:59,624 [pool-191-thread-1] INFO  server.RaftServerConfigKeys (ConfUtils.java:logGet(44)) - raft.server.rpc.timeout.min = 5s (custom)
2020-11-02 01:46:59,624 [pool-191-thread-1] INFO  server.RaftServerConfigKeys (ConfUtils.java:logGet(44)) - raft.server.rpc.timeout.max = 5200ms (custom)
2020-11-02 01:46:59,624 [pool-191-thread-1] INFO  server.RaftServerConfigKeys (ConfUtils.java:logGet(44)) - raft.server.rpcslowness.timeout = 300s (custom)
2020-11-02 01:46:59,624 [pool-191-thread-1] INFO  server.RaftServerConfigKeys (ConfUtils.java:logGet(44)) - raft.server.sleep.deviation.threshold = 300 (default)
2020-11-02 01:46:59,624 [pool-191-thread-1] INFO  server.RaftServerConfigKeys (ConfUtils.java:logGet(44)) - raft.server.log.appender.install.snapshot.enabled = false (custom)
2020-11-02 01:46:59,624 [pool-191-thread-1] INFO  impl.RaftServerImpl (ServerState.java:<init>(104)) - deba329c-6360-4670-9ec9-a05e031d7f0d@group-8FD204D29001: ConfigurationManager, init=-1: [deba329c-6360-4670-9ec9-a05e031d7f0d:172.17.0.2:38233:0, f4704367-9fd7-4d83-8836-3ce9ecc30269:172.17.0.2:33199:0, a229fafa-639a-4c6f-8207-366329f46569:172.17.0.2:41847:0], old=null, confs=<EMPTY_MAP>
2020-11-02 01:46:59,624 [pool-191-thread-1] INFO  server.RaftServerConfigKeys (ConfUtils.java:logGet(44)) - raft.server.storage.dir = [/github/workspace/mnt/ozone/hadoop-ozone/integration-test/target/test-dir/MiniOzoneClusterImpl-3e692a3b-ddb2-4690-9144-d4d1ad0fcef2/datanode-1/data/ratis] (custom)
2020-11-02 01:46:59,624 [pool-191-thread-1] INFO  server.RaftServerConfigKeys (ConfUtils.java:logGet(44)) - raft.server.log.corruption.policy = EXCEPTION (default)
2020-11-02 01:46:59,624 [pool-191-thread-1] INFO  storage.RaftStorageDirectory (RaftStorageDirectory.java:analyzeStorage(261)) - The storage directory /github/workspace/mnt/ozone/hadoop-ozone/integration-test/target/test-dir/MiniOzoneClusterImpl-3e692a3b-ddb2-4690-9144-d4d1ad0fcef2/datanode-1/data/ratis/73159340-9494-496f-a1b4-8fd204d29001 does not exist. Creating ...
2020-11-02 01:46:59,626 [pool-191-thread-1] INFO  storage.RaftStorageDirectory (RaftStorageDirectory.java:tryLock(343)) - Lock on /github/workspace/mnt/ozone/hadoop-ozone/integration-test/target/test-dir/MiniOzoneClusterImpl-3e692a3b-ddb2-4690-9144-d4d1ad0fcef2/datanode-1/data/ratis/73159340-9494-496f-a1b4-8fd204d29001/in_use.lock acquired by nodename 15553@d0a72d05df0f
2020-11-02 01:46:59,626 [pool-191-thread-1] INFO  storage.RaftStorage (RaftStorage.java:format(84)) - Storage directory /github/workspace/mnt/ozone/hadoop-ozone/integration-test/target/test-dir/MiniOzoneClusterImpl-3e692a3b-ddb2-4690-9144-d4d1ad0fcef2/datanode-1/data/ratis/73159340-9494-496f-a1b4-8fd204d29001 has been successfully formatted.
2020-11-02 01:46:59,628 [pool-191-thread-1] INFO  ratis.ContainerStateMachine (ContainerStateMachine.java:loadSnapshot(225)) - group-8FD204D29001: The snapshot info is null. Setting the last applied indexto:(t:0, i:~)
2020-11-02 01:46:59,628 [pool-191-thread-1] INFO  server.RaftServerConfigKeys (ConfUtils.java:logGet(44)) - raft.server.notification.no-leader.timeout = 300s (custom)
2020-11-02 01:46:59,628 [pool-191-thread-1] INFO  server.RaftServerConfigKeys (ConfUtils.java:logGet(44)) - raft.server.log.use.memory = false (default)
2020-11-02 01:46:59,628 [pool-191-thread-1] INFO  server.RaftServerConfigKeys (ConfUtils.java:logGet(44)) - raft.server.log.purge.gap = 1000000 (custom)
2020-11-02 01:46:59,628 [pool-191-thread-1] INFO  metrics.RatisMetrics (RatisMetrics.java:lambda$create$0(36)) - Creating Metrics Registry : ratis.log_worker.deba329c-6360-4670-9ec9-a05e031d7f0d@group-8FD204D29001
2020-11-02 01:46:59,628 [pool-191-thread-1] INFO  server.RaftServerConfigKeys (ConfUtils.java:logGet(44)) - raft.server.log.appender.buffer.byte-limit = 33554432 (custom)
2020-11-02 01:46:59,629 [pool-191-thread-1] INFO  server.RaftServerConfigKeys (ConfUtils.java:logGet(44)) - raft.server.log.segment.size.max = 1048576 (custom)
2020-11-02 01:46:59,629 [pool-191-thread-1] INFO  server.RaftServerConfigKeys (ConfUtils.java:logGet(44)) - raft.server.log.segment.cache.num.max = 2 (custom)
2020-11-02 01:46:59,629 [pool-191-thread-1] INFO  segmented.SegmentedRaftLogWorker (SegmentedRaftLogWorker.java:<init>(180)) - new deba329c-6360-4670-9ec9-a05e031d7f0d@group-8FD204D29001-SegmentedRaftLogWorker for RaftStorage:Storage Directory /github/workspace/mnt/ozone/hadoop-ozone/integration-test/target/test-dir/MiniOzoneClusterImpl-3e692a3b-ddb2-4690-9144-d4d1ad0fcef2/datanode-1/data/ratis/73159340-9494-496f-a1b4-8fd204d29001
2020-11-02 01:46:59,629 [pool-191-thread-1] INFO  server.RaftServerConfigKeys (ConfUtils.java:logGet(44)) - raft.server.log.queue.byte-limit = 2147483647 (custom)
2020-11-02 01:46:59,629 [pool-191-thread-1] INFO  server.RaftServerConfigKeys (ConfUtils.java:logGet(44)) - raft.server.log.queue.element-limit = 1024 (custom)
2020-11-02 01:46:59,630 [pool-191-thread-1] INFO  server.RaftServerConfigKeys (ConfUtils.java:logGet(44)) - raft.server.log.segment.size.max = 1048576 (custom)
2020-11-02 01:46:59,630 [pool-191-thread-1] INFO  server.RaftServerConfigKeys (ConfUtils.java:logGet(44)) - raft.server.log.preallocated.size = 16384 (custom)
2020-11-02 01:46:59,630 [pool-191-thread-1] INFO  server.RaftServerConfigKeys (ConfUtils.java:logGet(44)) - raft.server.log.write.buffer.size = 1048576 (custom)
2020-11-02 01:46:59,630 [pool-191-thread-1] INFO  server.RaftServerConfigKeys (ConfUtils.java:logGet(44)) - raft.server.log.force.sync.num = 128 (default)
2020-11-02 01:46:59,630 [pool-191-thread-1] INFO  server.RaftServerConfigKeys (ConfUtils.java:logGet(44)) - raft.server.log.statemachine.data.sync = true (default)
2020-11-02 01:46:59,631 [pool-191-thread-1] INFO  server.RaftServerConfigKeys (ConfUtils.java:logGet(44)) - raft.server.log.statemachine.data.sync.timeout = 10s (default)
2020-11-02 01:46:59,631 [pool-191-thread-1] INFO  server.RaftServerConfigKeys (ConfUtils.java:logGet(44)) - raft.server.log.statemachine.data.sync.timeout.retry = -1 (default)
2020-11-02 01:46:59,632 [pool-191-thread-1] INFO  server.RaftServerConfigKeys (ConfUtils.java:logGet(44)) - raft.server.log.statemachine.data.caching.enabled = true (custom)
2020-11-02 01:46:59,633 [pool-191-thread-1] INFO  segmented.SegmentedRaftLogWorker (SegmentedRaftLogWorker.java:lambda$new$0(129)) - deba329c-6360-4670-9ec9-a05e031d7f0d@group-8FD204D29001-SegmentedRaftLogWorker: flushIndex: setUnconditionally 0 -> -1
2020-11-02 01:46:59,633 [pool-191-thread-1] INFO  segmented.SegmentedRaftLogWorker (SegmentedRaftLogWorker.java:lambda$new$0(129)) - deba329c-6360-4670-9ec9-a05e031d7f0d@group-8FD204D29001-SegmentedRaftLogWorker: safeCacheEvictIndex: setUnconditionally 0 -> -1
2020-11-02 01:46:59,633 [pool-191-thread-1] INFO  server.RaftServerConfigKeys (ConfUtils.java:logGet(44)) - raft.server.snapshot.auto.trigger.enabled = true (custom)
2020-11-02 01:46:59,633 [pool-191-thread-1] INFO  server.RaftServerConfigKeys (ConfUtils.java:logGet(44)) - raft.server.snapshot.auto.trigger.threshold = 10000 (custom)
2020-11-02 01:46:59,634 [pool-191-thread-1] INFO  server.RaftServerConfigKeys (ConfUtils.java:logGet(44)) - raft.server.snapshot.retention.file.num = 5 (custom)
2020-11-02 01:46:59,634 [pool-191-thread-1] INFO  server.RaftServerConfigKeys (ConfUtils.java:logGet(44)) - raft.server.log.purge.upto.snapshot.index = false (default)
2020-11-02 01:46:59,634 [pool-191-thread-1] INFO  server.RaftServerConfigKeys (ConfUtils.java:logGet(44)) - raft.server.retrycache.expirytime = 600000ms (custom)
2020-11-02 01:46:59,634 [pool-191-thread-1] INFO  metrics.RatisMetrics (RatisMetrics.java:lambda$create$0(36)) - Creating Metrics Registry : ratis.leader_election.deba329c-6360-4670-9ec9-a05e031d7f0d@group-8FD204D29001
2020-11-02 01:46:59,634 [pool-191-thread-1] INFO  metrics.RatisMetrics (RatisMetrics.java:lambda$create$0(36)) - Creating Metrics Registry : ratis.server.deba329c-6360-4670-9ec9-a05e031d7f0d@group-8FD204D29001
2020-11-02 01:46:59,636 [pool-191-thread-1] INFO  impl.RaftServerImpl (RaftServerImpl.java:start(209)) - deba329c-6360-4670-9ec9-a05e031d7f0d@group-8FD204D29001: start as a follower, conf=-1: [deba329c-6360-4670-9ec9-a05e031d7f0d:172.17.0.2:38233:0, f4704367-9fd7-4d83-8836-3ce9ecc30269:172.17.0.2:33199:0, a229fafa-639a-4c6f-8207-366329f46569:172.17.0.2:41847:0], old=null
2020-11-02 01:46:59,636 [pool-191-thread-1] INFO  impl.RaftServerImpl (RaftServerImpl.java:setRole(198)) - deba329c-6360-4670-9ec9-a05e031d7f0d@group-8FD204D29001: changes role from      null to FOLLOWER at term 0 for startAsFollower
2020-11-02 01:46:59,636 [pool-191-thread-1] INFO  impl.RoleInfo (RoleInfo.java:updateAndGet(143)) - deba329c-6360-4670-9ec9-a05e031d7f0d: start FollowerState
2020-11-02 01:46:59,641 [pool-191-thread-1] INFO  util.JmxRegister (JmxRegister.java:tryRegister(44)) - Successfully registered JMX Bean with object name Ratis:service=RaftServer,group=group-8FD204D29001,id=deba329c-6360-4670-9ec9-a05e031d7f0d
2020-11-02 01:46:59,641 [pool-191-thread-1] INFO  metrics.RatisMetrics (RatisMetrics.java:lambda$create$0(36)) - Creating Metrics Registry : ratis.state_machine.deba329c-6360-4670-9ec9-a05e031d7f0d@group-8FD204D29001
2020-11-02 01:46:59,652 [Command processor thread] INFO  metrics.RatisMetrics (RatisMetrics.java:lambda$create$0(36)) - Creating Metrics Registry : ratis.client_message_metrics.client-00909DA72726->f4704367-9fd7-4d83-8836-3ce9ecc30269
2020-11-02 01:46:59,659 [grpc-default-executor-1] INFO  metrics.RatisMetrics (RatisMetrics.java:lambda$create$0(36)) - Creating Metrics Registry : ratis.server_message_metrics.f4704367-9fd7-4d83-8836-3ce9ecc30269
2020-11-02 01:46:59,671 [grpc-default-executor-1] INFO  impl.RaftServerProxy (RaftServerProxy.java:addNew(92)) - f4704367-9fd7-4d83-8836-3ce9ecc30269: addNew group-8FD204D29001:[deba329c-6360-4670-9ec9-a05e031d7f0d:172.17.0.2:38233:0, f4704367-9fd7-4d83-8836-3ce9ecc30269:172.17.0.2:33199:0, a229fafa-639a-4c6f-8207-366329f46569:172.17.0.2:41847:0] returns group-8FD204D29001:java.util.concurrent.CompletableFuture@7eeb6652[Not completed]
2020-11-02 01:46:59,672 [pool-207-thread-1] INFO  impl.RaftServerImpl (RaftServerImpl.java:<init>(120)) - f4704367-9fd7-4d83-8836-3ce9ecc30269: new RaftServerImpl for group-8FD204D29001:[deba329c-6360-4670-9ec9-a05e031d7f0d:172.17.0.2:38233:0, f4704367-9fd7-4d83-8836-3ce9ecc30269:172.17.0.2:33199:0, a229fafa-639a-4c6f-8207-366329f46569:172.17.0.2:41847:0] with ContainerStateMachine:uninitialized
2020-11-02 01:46:59,672 [pool-207-thread-1] INFO  server.RaftServerConfigKeys (ConfUtils.java:logGet(44)) - raft.server.rpc.timeout.min = 5s (custom)
2020-11-02 01:46:59,672 [pool-207-thread-1] INFO  server.RaftServerConfigKeys (ConfUtils.java:logGet(44)) - raft.server.rpc.timeout.max = 5200ms (custom)
2020-11-02 01:46:59,672 [pool-207-thread-1] INFO  server.RaftServerConfigKeys (ConfUtils.java:logGet(44)) - raft.server.rpcslowness.timeout = 300s (custom)
2020-11-02 01:46:59,672 [pool-207-thread-1] INFO  server.RaftServerConfigKeys (ConfUtils.java:logGet(44)) - raft.server.sleep.deviation.threshold = 300 (default)
2020-11-02 01:46:59,672 [pool-207-thread-1] INFO  server.RaftServerConfigKeys (ConfUtils.java:logGet(44)) - raft.server.log.appender.install.snapshot.enabled = false (custom)
2020-11-02 01:46:59,672 [pool-207-thread-1] INFO  impl.RaftServerImpl (ServerState.java:<init>(104)) - f4704367-9fd7-4d83-8836-3ce9ecc30269@group-8FD204D29001: ConfigurationManager, init=-1: [deba329c-6360-4670-9ec9-a05e031d7f0d:172.17.0.2:38233:0, f4704367-9fd7-4d83-8836-3ce9ecc30269:172.17.0.2:33199:0, a229fafa-639a-4c6f-8207-366329f46569:172.17.0.2:41847:0], old=null, confs=<EMPTY_MAP>
2020-11-02 01:46:59,672 [pool-207-thread-1] INFO  server.RaftServerConfigKeys (ConfUtils.java:logGet(44)) - raft.server.storage.dir = [/github/workspace/mnt/ozone/hadoop-ozone/integration-test/target/test-dir/MiniOzoneClusterImpl-3e692a3b-ddb2-4690-9144-d4d1ad0fcef2/datanode-2/data/ratis] (custom)
2020-11-02 01:46:59,672 [pool-207-thread-1] INFO  server.RaftServerConfigKeys (ConfUtils.java:logGet(44)) - raft.server.log.corruption.policy = EXCEPTION (default)
2020-11-02 01:46:59,673 [pool-207-thread-1] INFO  storage.RaftStorageDirectory (RaftStorageDirectory.java:analyzeStorage(261)) - The storage directory /github/workspace/mnt/ozone/hadoop-ozone/integration-test/target/test-dir/MiniOzoneClusterImpl-3e692a3b-ddb2-4690-9144-d4d1ad0fcef2/datanode-2/data/ratis/73159340-9494-496f-a1b4-8fd204d29001 does not exist. Creating ...
2020-11-02 01:46:59,675 [pool-207-thread-1] INFO  storage.RaftStorageDirectory (RaftStorageDirectory.java:tryLock(343)) - Lock on /github/workspace/mnt/ozone/hadoop-ozone/integration-test/target/test-dir/MiniOzoneClusterImpl-3e692a3b-ddb2-4690-9144-d4d1ad0fcef2/datanode-2/data/ratis/73159340-9494-496f-a1b4-8fd204d29001/in_use.lock acquired by nodename 15553@d0a72d05df0f
2020-11-02 01:46:59,677 [pool-207-thread-1] INFO  storage.RaftStorage (RaftStorage.java:format(84)) - Storage directory /github/workspace/mnt/ozone/hadoop-ozone/integration-test/target/test-dir/MiniOzoneClusterImpl-3e692a3b-ddb2-4690-9144-d4d1ad0fcef2/datanode-2/data/ratis/73159340-9494-496f-a1b4-8fd204d29001 has been successfully formatted.
2020-11-02 01:46:59,677 [pool-207-thread-1] INFO  ratis.ContainerStateMachine (ContainerStateMachine.java:loadSnapshot(225)) - group-8FD204D29001: The snapshot info is null. Setting the last applied indexto:(t:0, i:~)
2020-11-02 01:46:59,678 [pool-207-thread-1] INFO  server.RaftServerConfigKeys (ConfUtils.java:logGet(44)) - raft.server.notification.no-leader.timeout = 300s (custom)
2020-11-02 01:46:59,678 [pool-207-thread-1] INFO  server.RaftServerConfigKeys (ConfUtils.java:logGet(44)) - raft.server.log.use.memory = false (default)
2020-11-02 01:46:59,678 [pool-207-thread-1] INFO  server.RaftServerConfigKeys (ConfUtils.java:logGet(44)) - raft.server.log.purge.gap = 1000000 (custom)
2020-11-02 01:46:59,678 [pool-207-thread-1] INFO  metrics.RatisMetrics (RatisMetrics.java:lambda$create$0(36)) - Creating Metrics Registry : ratis.log_worker.f4704367-9fd7-4d83-8836-3ce9ecc30269@group-8FD204D29001
2020-11-02 01:46:59,678 [pool-207-thread-1] INFO  server.RaftServerConfigKeys (ConfUtils.java:logGet(44)) - raft.server.log.appender.buffer.byte-limit = 33554432 (custom)
2020-11-02 01:46:59,678 [pool-207-thread-1] INFO  server.RaftServerConfigKeys (ConfUtils.java:logGet(44)) - raft.server.log.segment.size.max = 1048576 (custom)
2020-11-02 01:46:59,679 [pool-207-thread-1] INFO  server.RaftServerConfigKeys (ConfUtils.java:logGet(44)) - raft.server.log.segment.cache.num.max = 2 (custom)
2020-11-02 01:46:59,679 [pool-207-thread-1] INFO  segmented.SegmentedRaftLogWorker (SegmentedRaftLogWorker.java:<init>(180)) - new f4704367-9fd7-4d83-8836-3ce9ecc30269@group-8FD204D29001-SegmentedRaftLogWorker for RaftStorage:Storage Directory /github/workspace/mnt/ozone/hadoop-ozone/integration-test/target/test-dir/MiniOzoneClusterImpl-3e692a3b-ddb2-4690-9144-d4d1ad0fcef2/datanode-2/data/ratis/73159340-9494-496f-a1b4-8fd204d29001
2020-11-02 01:46:59,679 [pool-207-thread-1] INFO  server.RaftServerConfigKeys (ConfUtils.java:logGet(44)) - raft.server.log.queue.byte-limit = 2147483647 (custom)
2020-11-02 01:46:59,679 [pool-207-thread-1] INFO  server.RaftServerConfigKeys (ConfUtils.java:logGet(44)) - raft.server.log.queue.element-limit = 1024 (custom)
2020-11-02 01:46:59,679 [pool-207-thread-1] INFO  server.RaftServerConfigKeys (ConfUtils.java:logGet(44)) - raft.server.log.segment.size.max = 1048576 (custom)
2020-11-02 01:46:59,679 [pool-207-thread-1] INFO  server.RaftServerConfigKeys (ConfUtils.java:logGet(44)) - raft.server.log.preallocated.size = 16384 (custom)
2020-11-02 01:46:59,680 [pool-207-thread-1] INFO  server.RaftServerConfigKeys (ConfUtils.java:logGet(44)) - raft.server.log.write.buffer.size = 1048576 (custom)
2020-11-02 01:46:59,680 [pool-207-thread-1] INFO  server.RaftServerConfigKeys (ConfUtils.java:logGet(44)) - raft.server.log.force.sync.num = 128 (default)
2020-11-02 01:46:59,680 [pool-207-thread-1] INFO  server.RaftServerConfigKeys (ConfUtils.java:logGet(44)) - raft.server.log.statemachine.data.sync = true (default)
2020-11-02 01:46:59,680 [pool-207-thread-1] INFO  server.RaftServerConfigKeys (ConfUtils.java:logGet(44)) - raft.server.log.statemachine.data.sync.timeout = 10s (default)
2020-11-02 01:46:59,680 [pool-207-thread-1] INFO  server.RaftServerConfigKeys (ConfUtils.java:logGet(44)) - raft.server.log.statemachine.data.sync.timeout.retry = -1 (default)
2020-11-02 01:46:59,681 [pool-207-thread-1] INFO  server.RaftServerConfigKeys (ConfUtils.java:logGet(44)) - raft.server.log.statemachine.data.caching.enabled = true (custom)
2020-11-02 01:46:59,682 [pool-207-thread-1] INFO  segmented.SegmentedRaftLogWorker (SegmentedRaftLogWorker.java:lambda$new$0(129)) - f4704367-9fd7-4d83-8836-3ce9ecc30269@group-8FD204D29001-SegmentedRaftLogWorker: flushIndex: setUnconditionally 0 -> -1
2020-11-02 01:46:59,686 [pool-207-thread-1] INFO  segmented.SegmentedRaftLogWorker (SegmentedRaftLogWorker.java:lambda$new$0(129)) - f4704367-9fd7-4d83-8836-3ce9ecc30269@group-8FD204D29001-SegmentedRaftLogWorker: safeCacheEvictIndex: setUnconditionally 0 -> -1
2020-11-02 01:46:59,690 [pool-207-thread-1] INFO  server.RaftServerConfigKeys (ConfUtils.java:logGet(44)) - raft.server.snapshot.auto.trigger.enabled = true (custom)
2020-11-02 01:46:59,690 [pool-207-thread-1] INFO  server.RaftServerConfigKeys (ConfUtils.java:logGet(44)) - raft.server.snapshot.auto.trigger.threshold = 10000 (custom)
2020-11-02 01:46:59,690 [pool-207-thread-1] INFO  server.RaftServerConfigKeys (ConfUtils.java:logGet(44)) - raft.server.snapshot.retention.file.num = 5 (custom)
2020-11-02 01:46:59,690 [pool-207-thread-1] INFO  server.RaftServerConfigKeys (ConfUtils.java:logGet(44)) - raft.server.log.purge.upto.snapshot.index = false (default)
2020-11-02 01:46:59,690 [pool-207-thread-1] INFO  server.RaftServerConfigKeys (ConfUtils.java:logGet(44)) - raft.server.retrycache.expirytime = 600000ms (custom)
2020-11-02 01:46:59,690 [pool-207-thread-1] INFO  metrics.RatisMetrics (RatisMetrics.java:lambda$create$0(36)) - Creating Metrics Registry : ratis.leader_election.f4704367-9fd7-4d83-8836-3ce9ecc30269@group-8FD204D29001
2020-11-02 01:46:59,690 [pool-207-thread-1] INFO  metrics.RatisMetrics (RatisMetrics.java:lambda$create$0(36)) - Creating Metrics Registry : ratis.server.f4704367-9fd7-4d83-8836-3ce9ecc30269@group-8FD204D29001
2020-11-02 01:46:59,691 [pool-207-thread-1] INFO  impl.RaftServerImpl (RaftServerImpl.java:start(209)) - f4704367-9fd7-4d83-8836-3ce9ecc30269@group-8FD204D29001: start as a follower, conf=-1: [deba329c-6360-4670-9ec9-a05e031d7f0d:172.17.0.2:38233:0, f4704367-9fd7-4d83-8836-3ce9ecc30269:172.17.0.2:33199:0, a229fafa-639a-4c6f-8207-366329f46569:172.17.0.2:41847:0], old=null
2020-11-02 01:46:59,692 [pool-207-thread-1] INFO  impl.RaftServerImpl (RaftServerImpl.java:setRole(198)) - f4704367-9fd7-4d83-8836-3ce9ecc30269@group-8FD204D29001: changes role from      null to FOLLOWER at term 0 for startAsFollower
2020-11-02 01:46:59,692 [pool-207-thread-1] INFO  impl.RoleInfo (RoleInfo.java:updateAndGet(143)) - f4704367-9fd7-4d83-8836-3ce9ecc30269: start FollowerState
2020-11-02 01:46:59,696 [pool-207-thread-1] INFO  util.JmxRegister (JmxRegister.java:tryRegister(44)) - Successfully registered JMX Bean with object name Ratis:service=RaftServer,group=group-8FD204D29001,id=f4704367-9fd7-4d83-8836-3ce9ecc30269
2020-11-02 01:46:59,696 [pool-207-thread-1] INFO  metrics.RatisMetrics (RatisMetrics.java:lambda$create$0(36)) - Creating Metrics Registry : ratis.state_machine.f4704367-9fd7-4d83-8836-3ce9ecc30269@group-8FD204D29001
2020-11-02 01:46:59,709 [Command processor thread] INFO  commandhandler.CreatePipelineCommandHandler (CreatePipelineCommandHandler.java:handle(106)) - Created Pipeline RATIS THREE PipelineID=73159340-9494-496f-a1b4-8fd204d29001.
2020-11-02 01:46:59,714 [Command processor thread] INFO  impl.RaftServerProxy (RaftServerProxy.java:addNew(92)) - deba329c-6360-4670-9ec9-a05e031d7f0d: addNew group-8F399FD064EB:[deba329c-6360-4670-9ec9-a05e031d7f0d:172.17.0.2:38233:0] returns group-8F399FD064EB:java.util.concurrent.CompletableFuture@6872f825[Not completed]
2020-11-02 01:46:59,715 [pool-191-thread-1] INFO  impl.RaftServerImpl (RaftServerImpl.java:<init>(120)) - deba329c-6360-4670-9ec9-a05e031d7f0d: new RaftServerImpl for group-8F399FD064EB:[deba329c-6360-4670-9ec9-a05e031d7f0d:172.17.0.2:38233:0] with ContainerStateMachine:uninitialized
2020-11-02 01:46:59,715 [pool-191-thread-1] INFO  server.RaftServerConfigKeys (ConfUtils.java:logGet(44)) - raft.server.rpc.timeout.min = 5s (custom)
2020-11-02 01:46:59,715 [pool-191-thread-1] INFO  server.RaftServerConfigKeys (ConfUtils.java:logGet(44)) - raft.server.rpc.timeout.max = 5200ms (custom)
2020-11-02 01:46:59,715 [pool-191-thread-1] INFO  server.RaftServerConfigKeys (ConfUtils.java:logGet(44)) - raft.server.rpcslowness.timeout = 300s (custom)
2020-11-02 01:46:59,715 [pool-191-thread-1] INFO  server.RaftServerConfigKeys (ConfUtils.java:logGet(44)) - raft.server.sleep.deviation.threshold = 300 (default)
2020-11-02 01:46:59,715 [pool-191-thread-1] INFO  server.RaftServerConfigKeys (ConfUtils.java:logGet(44)) - raft.server.log.appender.install.snapshot.enabled = false (custom)
2020-11-02 01:46:59,715 [pool-191-thread-1] INFO  impl.RaftServerImpl (ServerState.java:<init>(104)) - deba329c-6360-4670-9ec9-a05e031d7f0d@group-8F399FD064EB: ConfigurationManager, init=-1: [deba329c-6360-4670-9ec9-a05e031d7f0d:172.17.0.2:38233:0], old=null, confs=<EMPTY_MAP>
2020-11-02 01:46:59,715 [pool-191-thread-1] INFO  server.RaftServerConfigKeys (ConfUtils.java:logGet(44)) - raft.server.storage.dir = [/github/workspace/mnt/ozone/hadoop-ozone/integration-test/target/test-dir/MiniOzoneClusterImpl-3e692a3b-ddb2-4690-9144-d4d1ad0fcef2/datanode-1/data/ratis] (custom)
2020-11-02 01:46:59,715 [pool-191-thread-1] INFO  server.RaftServerConfigKeys (ConfUtils.java:logGet(44)) - raft.server.log.corruption.policy = EXCEPTION (default)
2020-11-02 01:46:59,715 [pool-191-thread-1] INFO  storage.RaftStorageDirectory (RaftStorageDirectory.java:analyzeStorage(261)) - The storage directory /github/workspace/mnt/ozone/hadoop-ozone/integration-test/target/test-dir/MiniOzoneClusterImpl-3e692a3b-ddb2-4690-9144-d4d1ad0fcef2/datanode-1/data/ratis/eb0b9b02-f44b-499e-8dea-8f399fd064eb does not exist. Creating ...
2020-11-02 01:46:59,716 [pool-191-thread-1] INFO  storage.RaftStorageDirectory (RaftStorageDirectory.java:tryLock(343)) - Lock on /github/workspace/mnt/ozone/hadoop-ozone/integration-test/target/test-dir/MiniOzoneClusterImpl-3e692a3b-ddb2-4690-9144-d4d1ad0fcef2/datanode-1/data/ratis/eb0b9b02-f44b-499e-8dea-8f399fd064eb/in_use.lock acquired by nodename 15553@d0a72d05df0f
2020-11-02 01:46:59,717 [pool-191-thread-1] INFO  storage.RaftStorage (RaftStorage.java:format(84)) - Storage directory /github/workspace/mnt/ozone/hadoop-ozone/integration-test/target/test-dir/MiniOzoneClusterImpl-3e692a3b-ddb2-4690-9144-d4d1ad0fcef2/datanode-1/data/ratis/eb0b9b02-f44b-499e-8dea-8f399fd064eb has been successfully formatted.
2020-11-02 01:46:59,718 [pool-191-thread-1] INFO  ratis.ContainerStateMachine (ContainerStateMachine.java:loadSnapshot(225)) - group-8F399FD064EB: The snapshot info is null. Setting the last applied indexto:(t:0, i:~)
2020-11-02 01:46:59,718 [pool-191-thread-1] INFO  server.RaftServerConfigKeys (ConfUtils.java:logGet(44)) - raft.server.notification.no-leader.timeout = 300s (custom)
2020-11-02 01:46:59,718 [pool-191-thread-1] INFO  server.RaftServerConfigKeys (ConfUtils.java:logGet(44)) - raft.server.log.use.memory = false (default)
2020-11-02 01:46:59,718 [pool-191-thread-1] INFO  server.RaftServerConfigKeys (ConfUtils.java:logGet(44)) - raft.server.log.purge.gap = 1000000 (custom)
2020-11-02 01:46:59,718 [pool-191-thread-1] INFO  metrics.RatisMetrics (RatisMetrics.java:lambda$create$0(36)) - Creating Metrics Registry : ratis.log_worker.deba329c-6360-4670-9ec9-a05e031d7f0d@group-8F399FD064EB
2020-11-02 01:46:59,719 [EventQueue-PipelineReportForPipelineReportHandler] INFO  pipeline.PipelineStateManager (PipelineStateManager.java:openPipeline(132)) - Pipeline Pipeline[ Id: eb0b9b02-f44b-499e-8dea-8f399fd064eb, Nodes: deba329c-6360-4670-9ec9-a05e031d7f0d{ip: 172.17.0.2, host: d0a72d05df0f, networkLocation: /default-rack, certSerialId: null}, Type:RATIS, Factor:ONE, State:ALLOCATED, leaderId:deba329c-6360-4670-9ec9-a05e031d7f0d, CreationTimestamp2020-11-02T01:46:56.716Z] moved to OPEN state
2020-11-02 01:46:59,719 [EventQueue-OpenPipelineForOneReplicaPipelineSafeModeRule] INFO  safemode.SCMSafeModeManager (SCMSafeModeManager.java:validateSafeModeExitRules(214)) - AtleastOneDatanodeReportedRule rule is successfully validated
2020-11-02 01:46:59,719 [EventQueue-OpenPipelineForHealthyPipelineSafeModeRule] INFO  safemode.SCMSafeModeManager (HealthyPipelineSafeModeRule.java:process(129)) - SCM in safe mode. Healthy pipelines reported count is 0, required healthy pipeline reported count is 1
2020-11-02 01:46:59,719 [pool-191-thread-1] INFO  server.RaftServerConfigKeys (ConfUtils.java:logGet(44)) - raft.server.log.appender.buffer.byte-limit = 33554432 (custom)
2020-11-02 01:46:59,719 [pool-191-thread-1] INFO  server.RaftServerConfigKeys (ConfUtils.java:logGet(44)) - raft.server.log.segment.size.max = 1048576 (custom)
2020-11-02 01:46:59,720 [pool-191-thread-1] INFO  server.RaftServerConfigKeys (ConfUtils.java:logGet(44)) - raft.server.log.segment.cache.num.max = 2 (custom)
2020-11-02 01:46:59,720 [pool-191-thread-1] INFO  segmented.SegmentedRaftLogWorker (SegmentedRaftLogWorker.java:<init>(180)) - new deba329c-6360-4670-9ec9-a05e031d7f0d@group-8F399FD064EB-SegmentedRaftLogWorker for RaftStorage:Storage Directory /github/workspace/mnt/ozone/hadoop-ozone/integration-test/target/test-dir/MiniOzoneClusterImpl-3e692a3b-ddb2-4690-9144-d4d1ad0fcef2/datanode-1/data/ratis/eb0b9b02-f44b-499e-8dea-8f399fd064eb
2020-11-02 01:46:59,720 [pool-191-thread-1] INFO  server.RaftServerConfigKeys (ConfUtils.java:logGet(44)) - raft.server.log.queue.byte-limit = 2147483647 (custom)
2020-11-02 01:46:59,720 [pool-191-thread-1] INFO  server.RaftServerConfigKeys (ConfUtils.java:logGet(44)) - raft.server.log.queue.element-limit = 1024 (custom)
2020-11-02 01:46:59,720 [pool-191-thread-1] INFO  server.RaftServerConfigKeys (ConfUtils.java:logGet(44)) - raft.server.log.segment.size.max = 1048576 (custom)
2020-11-02 01:46:59,720 [pool-191-thread-1] INFO  server.RaftServerConfigKeys (ConfUtils.java:logGet(44)) - raft.server.log.preallocated.size = 16384 (custom)
2020-11-02 01:46:59,720 [pool-191-thread-1] INFO  server.RaftServerConfigKeys (ConfUtils.java:logGet(44)) - raft.server.log.write.buffer.size = 1048576 (custom)
2020-11-02 01:46:59,721 [pool-191-thread-1] INFO  server.RaftServerConfigKeys (ConfUtils.java:logGet(44)) - raft.server.log.force.sync.num = 128 (default)
2020-11-02 01:46:59,721 [pool-191-thread-1] INFO  server.RaftServerConfigKeys (ConfUtils.java:logGet(44)) - raft.server.log.statemachine.data.sync = true (default)
2020-11-02 01:46:59,721 [pool-191-thread-1] INFO  server.RaftServerConfigKeys (ConfUtils.java:logGet(44)) - raft.server.log.statemachine.data.sync.timeout = 10s (default)
2020-11-02 01:46:59,721 [pool-191-thread-1] INFO  server.RaftServerConfigKeys (ConfUtils.java:logGet(44)) - raft.server.log.statemachine.data.sync.timeout.retry = -1 (default)
2020-11-02 01:46:59,723 [pool-191-thread-1] INFO  server.RaftServerConfigKeys (ConfUtils.java:logGet(44)) - raft.server.log.statemachine.data.caching.enabled = true (custom)
2020-11-02 01:46:59,723 [pool-191-thread-1] INFO  segmented.SegmentedRaftLogWorker (SegmentedRaftLogWorker.java:lambda$new$0(129)) - deba329c-6360-4670-9ec9-a05e031d7f0d@group-8F399FD064EB-SegmentedRaftLogWorker: flushIndex: setUnconditionally 0 -> -1
2020-11-02 01:46:59,723 [pool-191-thread-1] INFO  segmented.SegmentedRaftLogWorker (SegmentedRaftLogWorker.java:lambda$new$0(129)) - deba329c-6360-4670-9ec9-a05e031d7f0d@group-8F399FD064EB-SegmentedRaftLogWorker: safeCacheEvictIndex: setUnconditionally 0 -> -1
2020-11-02 01:46:59,724 [pool-191-thread-1] INFO  server.RaftServerConfigKeys (ConfUtils.java:logGet(44)) - raft.server.snapshot.auto.trigger.enabled = true (custom)
2020-11-02 01:46:59,724 [pool-191-thread-1] INFO  server.RaftServerConfigKeys (ConfUtils.java:logGet(44)) - raft.server.snapshot.auto.trigger.threshold = 10000 (custom)
2020-11-02 01:46:59,724 [pool-191-thread-1] INFO  server.RaftServerConfigKeys (ConfUtils.java:logGet(44)) - raft.server.snapshot.retention.file.num = 5 (custom)
2020-11-02 01:46:59,724 [pool-191-thread-1] INFO  server.RaftServerConfigKeys (ConfUtils.java:logGet(44)) - raft.server.log.purge.upto.snapshot.index = false (default)
2020-11-02 01:46:59,724 [pool-191-thread-1] INFO  server.RaftServerConfigKeys (ConfUtils.java:logGet(44)) - raft.server.retrycache.expirytime = 600000ms (custom)
2020-11-02 01:46:59,724 [pool-191-thread-1] INFO  metrics.RatisMetrics (RatisMetrics.java:lambda$create$0(36)) - Creating Metrics Registry : ratis.leader_election.deba329c-6360-4670-9ec9-a05e031d7f0d@group-8F399FD064EB
2020-11-02 01:46:59,725 [pool-191-thread-1] INFO  metrics.RatisMetrics (RatisMetrics.java:lambda$create$0(36)) - Creating Metrics Registry : ratis.server.deba329c-6360-4670-9ec9-a05e031d7f0d@group-8F399FD064EB
2020-11-02 01:46:59,726 [pool-191-thread-1] INFO  impl.RaftServerImpl (RaftServerImpl.java:start(209)) - deba329c-6360-4670-9ec9-a05e031d7f0d@group-8F399FD064EB: start as a follower, conf=-1: [deba329c-6360-4670-9ec9-a05e031d7f0d:172.17.0.2:38233:0], old=null
2020-11-02 01:46:59,726 [pool-191-thread-1] INFO  impl.RaftServerImpl (RaftServerImpl.java:setRole(198)) - deba329c-6360-4670-9ec9-a05e031d7f0d@group-8F399FD064EB: changes role from      null to FOLLOWER at term 0 for startAsFollower
2020-11-02 01:46:59,726 [pool-191-thread-1] INFO  impl.RoleInfo (RoleInfo.java:updateAndGet(143)) - deba329c-6360-4670-9ec9-a05e031d7f0d: start FollowerState
2020-11-02 01:46:59,726 [pool-191-thread-1] INFO  util.JmxRegister (JmxRegister.java:tryRegister(44)) - Successfully registered JMX Bean with object name Ratis:service=RaftServer,group=group-8F399FD064EB,id=deba329c-6360-4670-9ec9-a05e031d7f0d
2020-11-02 01:46:59,726 [pool-191-thread-1] INFO  metrics.RatisMetrics (RatisMetrics.java:lambda$create$0(36)) - Creating Metrics Registry : ratis.state_machine.deba329c-6360-4670-9ec9-a05e031d7f0d@group-8F399FD064EB
2020-11-02 01:46:59,727 [Command processor thread] INFO  commandhandler.CreatePipelineCommandHandler (CreatePipelineCommandHandler.java:handle(106)) - Created Pipeline RATIS ONE PipelineID=eb0b9b02-f44b-499e-8dea-8f399fd064eb.
2020-11-02 01:46:59,874 [Command processor thread] INFO  impl.RaftServerProxy (RaftServerProxy.java:addNew(92)) - f4704367-9fd7-4d83-8836-3ce9ecc30269: addNew group-290FE5556BA5:[f4704367-9fd7-4d83-8836-3ce9ecc30269:172.17.0.2:33199:0] returns group-290FE5556BA5:java.util.concurrent.CompletableFuture@342d5677[Not completed]
2020-11-02 01:46:59,875 [pool-207-thread-1] INFO  impl.RaftServerImpl (RaftServerImpl.java:<init>(120)) - f4704367-9fd7-4d83-8836-3ce9ecc30269: new RaftServerImpl for group-290FE5556BA5:[f4704367-9fd7-4d83-8836-3ce9ecc30269:172.17.0.2:33199:0] with ContainerStateMachine:uninitialized
2020-11-02 01:46:59,875 [pool-207-thread-1] INFO  server.RaftServerConfigKeys (ConfUtils.java:logGet(44)) - raft.server.rpc.timeout.min = 5s (custom)
2020-11-02 01:46:59,875 [pool-207-thread-1] INFO  server.RaftServerConfigKeys (ConfUtils.java:logGet(44)) - raft.server.rpc.timeout.max = 5200ms (custom)
2020-11-02 01:46:59,876 [pool-207-thread-1] INFO  server.RaftServerConfigKeys (ConfUtils.java:logGet(44)) - raft.server.rpcslowness.timeout = 300s (custom)
2020-11-02 01:46:59,876 [pool-207-thread-1] INFO  server.RaftServerConfigKeys (ConfUtils.java:logGet(44)) - raft.server.sleep.deviation.threshold = 300 (default)
2020-11-02 01:46:59,876 [pool-207-thread-1] INFO  server.RaftServerConfigKeys (ConfUtils.java:logGet(44)) - raft.server.log.appender.install.snapshot.enabled = false (custom)
2020-11-02 01:46:59,876 [pool-207-thread-1] INFO  impl.RaftServerImpl (ServerState.java:<init>(104)) - f4704367-9fd7-4d83-8836-3ce9ecc30269@group-290FE5556BA5: ConfigurationManager, init=-1: [f4704367-9fd7-4d83-8836-3ce9ecc30269:172.17.0.2:33199:0], old=null, confs=<EMPTY_MAP>
2020-11-02 01:46:59,876 [pool-207-thread-1] INFO  server.RaftServerConfigKeys (ConfUtils.java:logGet(44)) - raft.server.storage.dir = [/github/workspace/mnt/ozone/hadoop-ozone/integration-test/target/test-dir/MiniOzoneClusterImpl-3e692a3b-ddb2-4690-9144-d4d1ad0fcef2/datanode-2/data/ratis] (custom)
2020-11-02 01:46:59,876 [pool-207-thread-1] INFO  server.RaftServerConfigKeys (ConfUtils.java:logGet(44)) - raft.server.log.corruption.policy = EXCEPTION (default)
2020-11-02 01:46:59,876 [pool-207-thread-1] INFO  storage.RaftStorageDirectory (RaftStorageDirectory.java:analyzeStorage(261)) - The storage directory /github/workspace/mnt/ozone/hadoop-ozone/integration-test/target/test-dir/MiniOzoneClusterImpl-3e692a3b-ddb2-4690-9144-d4d1ad0fcef2/datanode-2/data/ratis/34f557c2-05bd-4252-ba53-290fe5556ba5 does not exist. Creating ...
2020-11-02 01:46:59,877 [pool-207-thread-1] INFO  storage.RaftStorageDirectory (RaftStorageDirectory.java:tryLock(343)) - Lock on /github/workspace/mnt/ozone/hadoop-ozone/integration-test/target/test-dir/MiniOzoneClusterImpl-3e692a3b-ddb2-4690-9144-d4d1ad0fcef2/datanode-2/data/ratis/34f557c2-05bd-4252-ba53-290fe5556ba5/in_use.lock acquired by nodename 15553@d0a72d05df0f
2020-11-02 01:46:59,878 [pool-207-thread-1] INFO  storage.RaftStorage (RaftStorage.java:format(84)) - Storage directory /github/workspace/mnt/ozone/hadoop-ozone/integration-test/target/test-dir/MiniOzoneClusterImpl-3e692a3b-ddb2-4690-9144-d4d1ad0fcef2/datanode-2/data/ratis/34f557c2-05bd-4252-ba53-290fe5556ba5 has been successfully formatted.
2020-11-02 01:46:59,880 [EventQueue-PipelineReportForPipelineReportHandler] INFO  pipeline.PipelineStateManager (PipelineStateManager.java:openPipeline(132)) - Pipeline Pipeline[ Id: 34f557c2-05bd-4252-ba53-290fe5556ba5, Nodes: f4704367-9fd7-4d83-8836-3ce9ecc30269{ip: 172.17.0.2, host: d0a72d05df0f, networkLocation: /default-rack, certSerialId: null}, Type:RATIS, Factor:ONE, State:ALLOCATED, leaderId:f4704367-9fd7-4d83-8836-3ce9ecc30269, CreationTimestamp2020-11-02T01:46:56.876Z] moved to OPEN state
2020-11-02 01:46:59,880 [EventQueue-OpenPipelineForHealthyPipelineSafeModeRule] INFO  safemode.SCMSafeModeManager (HealthyPipelineSafeModeRule.java:process(129)) - SCM in safe mode. Healthy pipelines reported count is 0, required healthy pipeline reported count is 1
2020-11-02 01:46:59,880 [EventQueue-OpenPipelineForOneReplicaPipelineSafeModeRule] INFO  safemode.SCMSafeModeManager (SCMSafeModeManager.java:validateSafeModeExitRules(214)) - AtleastOneDatanodeReportedRule rule is successfully validated
2020-11-02 01:46:59,880 [pool-207-thread-1] INFO  ratis.ContainerStateMachine (ContainerStateMachine.java:loadSnapshot(225)) - group-290FE5556BA5: The snapshot info is null. Setting the last applied indexto:(t:0, i:~)
2020-11-02 01:46:59,881 [pool-207-thread-1] INFO  server.RaftServerConfigKeys (ConfUtils.java:logGet(44)) - raft.server.notification.no-leader.timeout = 300s (custom)
2020-11-02 01:46:59,881 [pool-207-thread-1] INFO  server.RaftServerConfigKeys (ConfUtils.java:logGet(44)) - raft.server.log.use.memory = false (default)
2020-11-02 01:46:59,881 [pool-207-thread-1] INFO  server.RaftServerConfigKeys (ConfUtils.java:logGet(44)) - raft.server.log.purge.gap = 1000000 (custom)
2020-11-02 01:46:59,881 [pool-207-thread-1] INFO  metrics.RatisMetrics (RatisMetrics.java:lambda$create$0(36)) - Creating Metrics Registry : ratis.log_worker.f4704367-9fd7-4d83-8836-3ce9ecc30269@group-290FE5556BA5
2020-11-02 01:46:59,881 [pool-207-thread-1] INFO  server.RaftServerConfigKeys (ConfUtils.java:logGet(44)) - raft.server.log.appender.buffer.byte-limit = 33554432 (custom)
2020-11-02 01:46:59,881 [pool-207-thread-1] INFO  server.RaftServerConfigKeys (ConfUtils.java:logGet(44)) - raft.server.log.segment.size.max = 1048576 (custom)
2020-11-02 01:46:59,882 [pool-207-thread-1] INFO  server.RaftServerConfigKeys (ConfUtils.java:logGet(44)) - raft.server.log.segment.cache.num.max = 2 (custom)
2020-11-02 01:46:59,882 [pool-207-thread-1] INFO  segmented.SegmentedRaftLogWorker (SegmentedRaftLogWorker.java:<init>(180)) - new f4704367-9fd7-4d83-8836-3ce9ecc30269@group-290FE5556BA5-SegmentedRaftLogWorker for RaftStorage:Storage Directory /github/workspace/mnt/ozone/hadoop-ozone/integration-test/target/test-dir/MiniOzoneClusterImpl-3e692a3b-ddb2-4690-9144-d4d1ad0fcef2/datanode-2/data/ratis/34f557c2-05bd-4252-ba53-290fe5556ba5
2020-11-02 01:46:59,882 [pool-207-thread-1] INFO  server.RaftServerConfigKeys (ConfUtils.java:logGet(44)) - raft.server.log.queue.byte-limit = 2147483647 (custom)
2020-11-02 01:46:59,882 [pool-207-thread-1] INFO  server.RaftServerConfigKeys (ConfUtils.java:logGet(44)) - raft.server.log.queue.element-limit = 1024 (custom)
2020-11-02 01:46:59,882 [pool-207-thread-1] INFO  server.RaftServerConfigKeys (ConfUtils.java:logGet(44)) - raft.server.log.segment.size.max = 1048576 (custom)
2020-11-02 01:46:59,882 [pool-207-thread-1] INFO  server.RaftServerConfigKeys (ConfUtils.java:logGet(44)) - raft.server.log.preallocated.size = 16384 (custom)
2020-11-02 01:46:59,883 [pool-207-thread-1] INFO  server.RaftServerConfigKeys (ConfUtils.java:logGet(44)) - raft.server.log.write.buffer.size = 1048576 (custom)
2020-11-02 01:46:59,883 [pool-207-thread-1] INFO  server.RaftServerConfigKeys (ConfUtils.java:logGet(44)) - raft.server.log.force.sync.num = 128 (default)
2020-11-02 01:46:59,883 [pool-207-thread-1] INFO  server.RaftServerConfigKeys (ConfUtils.java:logGet(44)) - raft.server.log.statemachine.data.sync = true (default)
2020-11-02 01:46:59,883 [pool-207-thread-1] INFO  server.RaftServerConfigKeys (ConfUtils.java:logGet(44)) - raft.server.log.statemachine.data.sync.timeout = 10s (default)
2020-11-02 01:46:59,883 [pool-207-thread-1] INFO  server.RaftServerConfigKeys (ConfUtils.java:logGet(44)) - raft.server.log.statemachine.data.sync.timeout.retry = -1 (default)
2020-11-02 01:46:59,884 [pool-207-thread-1] INFO  server.RaftServerConfigKeys (ConfUtils.java:logGet(44)) - raft.server.log.statemachine.data.caching.enabled = true (custom)
2020-11-02 01:46:59,885 [pool-207-thread-1] INFO  segmented.SegmentedRaftLogWorker (SegmentedRaftLogWorker.java:lambda$new$0(129)) - f4704367-9fd7-4d83-8836-3ce9ecc30269@group-290FE5556BA5-SegmentedRaftLogWorker: flushIndex: setUnconditionally 0 -> -1
2020-11-02 01:46:59,885 [pool-207-thread-1] INFO  segmented.SegmentedRaftLogWorker (SegmentedRaftLogWorker.java:lambda$new$0(129)) - f4704367-9fd7-4d83-8836-3ce9ecc30269@group-290FE5556BA5-SegmentedRaftLogWorker: safeCacheEvictIndex: setUnconditionally 0 -> -1
2020-11-02 01:46:59,890 [pool-207-thread-1] INFO  server.RaftServerConfigKeys (ConfUtils.java:logGet(44)) - raft.server.snapshot.auto.trigger.enabled = true (custom)
2020-11-02 01:46:59,890 [pool-207-thread-1] INFO  server.RaftServerConfigKeys (ConfUtils.java:logGet(44)) - raft.server.snapshot.auto.trigger.threshold = 10000 (custom)
2020-11-02 01:46:59,890 [pool-207-thread-1] INFO  server.RaftServerConfigKeys (ConfUtils.java:logGet(44)) - raft.server.snapshot.retention.file.num = 5 (custom)
2020-11-02 01:46:59,890 [pool-207-thread-1] INFO  server.RaftServerConfigKeys (ConfUtils.java:logGet(44)) - raft.server.log.purge.upto.snapshot.index = false (default)
2020-11-02 01:46:59,891 [pool-207-thread-1] INFO  server.RaftServerConfigKeys (ConfUtils.java:logGet(44)) - raft.server.retrycache.expirytime = 600000ms (custom)
2020-11-02 01:46:59,891 [pool-207-thread-1] INFO  metrics.RatisMetrics (RatisMetrics.java:lambda$create$0(36)) - Creating Metrics Registry : ratis.leader_election.f4704367-9fd7-4d83-8836-3ce9ecc30269@group-290FE5556BA5
2020-11-02 01:46:59,891 [pool-207-thread-1] INFO  metrics.RatisMetrics (RatisMetrics.java:lambda$create$0(36)) - Creating Metrics Registry : ratis.server.f4704367-9fd7-4d83-8836-3ce9ecc30269@group-290FE5556BA5
2020-11-02 01:46:59,893 [pool-207-thread-1] INFO  impl.RaftServerImpl (RaftServerImpl.java:start(209)) - f4704367-9fd7-4d83-8836-3ce9ecc30269@group-290FE5556BA5: start as a follower, conf=-1: [f4704367-9fd7-4d83-8836-3ce9ecc30269:172.17.0.2:33199:0], old=null
2020-11-02 01:46:59,893 [pool-207-thread-1] INFO  impl.RaftServerImpl (RaftServerImpl.java:setRole(198)) - f4704367-9fd7-4d83-8836-3ce9ecc30269@group-290FE5556BA5: changes role from      null to FOLLOWER at term 0 for startAsFollower
2020-11-02 01:46:59,893 [pool-207-thread-1] INFO  impl.RoleInfo (RoleInfo.java:updateAndGet(143)) - f4704367-9fd7-4d83-8836-3ce9ecc30269: start FollowerState
2020-11-02 01:46:59,904 [pool-207-thread-1] INFO  util.JmxRegister (JmxRegister.java:tryRegister(44)) - Successfully registered JMX Bean with object name Ratis:service=RaftServer,group=group-290FE5556BA5,id=f4704367-9fd7-4d83-8836-3ce9ecc30269
2020-11-02 01:46:59,904 [pool-207-thread-1] INFO  metrics.RatisMetrics (RatisMetrics.java:lambda$create$0(36)) - Creating Metrics Registry : ratis.state_machine.f4704367-9fd7-4d83-8836-3ce9ecc30269@group-290FE5556BA5
2020-11-02 01:46:59,904 [Command processor thread] INFO  commandhandler.CreatePipelineCommandHandler (CreatePipelineCommandHandler.java:handle(106)) - Created Pipeline RATIS ONE PipelineID=34f557c2-05bd-4252-ba53-290fe5556ba5.
2020-11-02 01:47:00,030 [Command processor thread] INFO  impl.RaftServerProxy (RaftServerProxy.java:addNew(92)) - bb7e8155-091d-463f-8cd0-e09b5982d598: addNew group-57803156DEFC:[bb7e8155-091d-463f-8cd0-e09b5982d598:172.17.0.2:33293:0] returns group-57803156DEFC:java.util.concurrent.CompletableFuture@70a2f976[Not completed]
2020-11-02 01:47:00,032 [pool-223-thread-1] INFO  impl.RaftServerImpl (RaftServerImpl.java:<init>(120)) - bb7e8155-091d-463f-8cd0-e09b5982d598: new RaftServerImpl for group-57803156DEFC:[bb7e8155-091d-463f-8cd0-e09b5982d598:172.17.0.2:33293:0] with ContainerStateMachine:uninitialized
2020-11-02 01:47:00,032 [pool-223-thread-1] INFO  server.RaftServerConfigKeys (ConfUtils.java:logGet(44)) - raft.server.rpc.timeout.min = 5s (custom)
2020-11-02 01:47:00,032 [pool-223-thread-1] INFO  server.RaftServerConfigKeys (ConfUtils.java:logGet(44)) - raft.server.rpc.timeout.max = 5200ms (custom)
2020-11-02 01:47:00,033 [pool-223-thread-1] INFO  server.RaftServerConfigKeys (ConfUtils.java:logGet(44)) - raft.server.rpcslowness.timeout = 300s (custom)
2020-11-02 01:47:00,033 [pool-223-thread-1] INFO  server.RaftServerConfigKeys (ConfUtils.java:logGet(44)) - raft.server.sleep.deviation.threshold = 300 (default)
2020-11-02 01:47:00,033 [pool-223-thread-1] INFO  server.RaftServerConfigKeys (ConfUtils.java:logGet(44)) - raft.server.log.appender.install.snapshot.enabled = false (custom)
2020-11-02 01:47:00,033 [pool-223-thread-1] INFO  impl.RaftServerImpl (ServerState.java:<init>(104)) - bb7e8155-091d-463f-8cd0-e09b5982d598@group-57803156DEFC: ConfigurationManager, init=-1: [bb7e8155-091d-463f-8cd0-e09b5982d598:172.17.0.2:33293:0], old=null, confs=<EMPTY_MAP>
2020-11-02 01:47:00,033 [pool-223-thread-1] INFO  server.RaftServerConfigKeys (ConfUtils.java:logGet(44)) - raft.server.storage.dir = [/github/workspace/mnt/ozone/hadoop-ozone/integration-test/target/test-dir/MiniOzoneClusterImpl-3e692a3b-ddb2-4690-9144-d4d1ad0fcef2/datanode-3/data/ratis] (custom)
2020-11-02 01:47:00,033 [pool-223-thread-1] INFO  server.RaftServerConfigKeys (ConfUtils.java:logGet(44)) - raft.server.log.corruption.policy = EXCEPTION (default)
2020-11-02 01:47:00,033 [pool-223-thread-1] INFO  storage.RaftStorageDirectory (RaftStorageDirectory.java:analyzeStorage(261)) - The storage directory /github/workspace/mnt/ozone/hadoop-ozone/integration-test/target/test-dir/MiniOzoneClusterImpl-3e692a3b-ddb2-4690-9144-d4d1ad0fcef2/datanode-3/data/ratis/7290ff1d-5881-4170-8e6a-57803156defc does not exist. Creating ...
2020-11-02 01:47:00,035 [pool-223-thread-1] INFO  storage.RaftStorageDirectory (RaftStorageDirectory.java:tryLock(343)) - Lock on /github/workspace/mnt/ozone/hadoop-ozone/integration-test/target/test-dir/MiniOzoneClusterImpl-3e692a3b-ddb2-4690-9144-d4d1ad0fcef2/datanode-3/data/ratis/7290ff1d-5881-4170-8e6a-57803156defc/in_use.lock acquired by nodename 15553@d0a72d05df0f
2020-11-02 01:47:00,036 [pool-223-thread-1] INFO  storage.RaftStorage (RaftStorage.java:format(84)) - Storage directory /github/workspace/mnt/ozone/hadoop-ozone/integration-test/target/test-dir/MiniOzoneClusterImpl-3e692a3b-ddb2-4690-9144-d4d1ad0fcef2/datanode-3/data/ratis/7290ff1d-5881-4170-8e6a-57803156defc has been successfully formatted.
2020-11-02 01:47:00,036 [pool-223-thread-1] INFO  ratis.ContainerStateMachine (ContainerStateMachine.java:loadSnapshot(225)) - group-57803156DEFC: The snapshot info is null. Setting the last applied indexto:(t:0, i:~)
2020-11-02 01:47:00,036 [pool-223-thread-1] INFO  server.RaftServerConfigKeys (ConfUtils.java:logGet(44)) - raft.server.notification.no-leader.timeout = 300s (custom)
2020-11-02 01:47:00,037 [pool-223-thread-1] INFO  server.RaftServerConfigKeys (ConfUtils.java:logGet(44)) - raft.server.log.use.memory = false (default)
2020-11-02 01:47:00,037 [pool-223-thread-1] INFO  server.RaftServerConfigKeys (ConfUtils.java:logGet(44)) - raft.server.log.purge.gap = 1000000 (custom)
2020-11-02 01:47:00,037 [pool-223-thread-1] INFO  metrics.RatisMetrics (RatisMetrics.java:lambda$create$0(36)) - Creating Metrics Registry : ratis.log_worker.bb7e8155-091d-463f-8cd0-e09b5982d598@group-57803156DEFC
2020-11-02 01:47:00,037 [pool-223-thread-1] INFO  server.RaftServerConfigKeys (ConfUtils.java:logGet(44)) - raft.server.log.appender.buffer.byte-limit = 33554432 (custom)
2020-11-02 01:47:00,037 [EventQueue-PipelineReportForPipelineReportHandler] INFO  pipeline.PipelineStateManager (PipelineStateManager.java:openPipeline(132)) - Pipeline Pipeline[ Id: 7290ff1d-5881-4170-8e6a-57803156defc, Nodes: bb7e8155-091d-463f-8cd0-e09b5982d598{ip: 172.17.0.2, host: d0a72d05df0f, networkLocation: /default-rack, certSerialId: null}, Type:RATIS, Factor:ONE, State:ALLOCATED, leaderId:bb7e8155-091d-463f-8cd0-e09b5982d598, CreationTimestamp2020-11-02T01:46:57.032Z] moved to OPEN state
2020-11-02 01:47:00,038 [pool-223-thread-1] INFO  server.RaftServerConfigKeys (ConfUtils.java:logGet(44)) - raft.server.log.segment.size.max = 1048576 (custom)
2020-11-02 01:47:00,038 [EventQueue-OpenPipelineForHealthyPipelineSafeModeRule] INFO  safemode.SCMSafeModeManager (HealthyPipelineSafeModeRule.java:process(129)) - SCM in safe mode. Healthy pipelines reported count is 0, required healthy pipeline reported count is 1
2020-11-02 01:47:00,038 [EventQueue-OpenPipelineForOneReplicaPipelineSafeModeRule] INFO  safemode.SCMSafeModeManager (SCMSafeModeManager.java:validateSafeModeExitRules(214)) - AtleastOneDatanodeReportedRule rule is successfully validated
2020-11-02 01:47:00,038 [pool-223-thread-1] INFO  server.RaftServerConfigKeys (ConfUtils.java:logGet(44)) - raft.server.log.segment.cache.num.max = 2 (custom)
2020-11-02 01:47:00,038 [pool-223-thread-1] INFO  segmented.SegmentedRaftLogWorker (SegmentedRaftLogWorker.java:<init>(180)) - new bb7e8155-091d-463f-8cd0-e09b5982d598@group-57803156DEFC-SegmentedRaftLogWorker for RaftStorage:Storage Directory /github/workspace/mnt/ozone/hadoop-ozone/integration-test/target/test-dir/MiniOzoneClusterImpl-3e692a3b-ddb2-4690-9144-d4d1ad0fcef2/datanode-3/data/ratis/7290ff1d-5881-4170-8e6a-57803156defc
2020-11-02 01:47:00,038 [pool-223-thread-1] INFO  server.RaftServerConfigKeys (ConfUtils.java:logGet(44)) - raft.server.log.queue.byte-limit = 2147483647 (custom)
2020-11-02 01:47:00,038 [pool-223-thread-1] INFO  server.RaftServerConfigKeys (ConfUtils.java:logGet(44)) - raft.server.log.queue.element-limit = 1024 (custom)
2020-11-02 01:47:00,039 [pool-223-thread-1] INFO  server.RaftServerConfigKeys (ConfUtils.java:logGet(44)) - raft.server.log.segment.size.max = 1048576 (custom)
2020-11-02 01:47:00,039 [pool-223-thread-1] INFO  server.RaftServerConfigKeys (ConfUtils.java:logGet(44)) - raft.server.log.preallocated.size = 16384 (custom)
2020-11-02 01:47:00,039 [pool-223-thread-1] INFO  server.RaftServerConfigKeys (ConfUtils.java:logGet(44)) - raft.server.log.write.buffer.size = 1048576 (custom)
2020-11-02 01:47:00,039 [pool-223-thread-1] INFO  server.RaftServerConfigKeys (ConfUtils.java:logGet(44)) - raft.server.log.force.sync.num = 128 (default)
2020-11-02 01:47:00,039 [pool-223-thread-1] INFO  server.RaftServerConfigKeys (ConfUtils.java:logGet(44)) - raft.server.log.statemachine.data.sync = true (default)
2020-11-02 01:47:00,039 [pool-223-thread-1] INFO  server.RaftServerConfigKeys (ConfUtils.java:logGet(44)) - raft.server.log.statemachine.data.sync.timeout = 10s (default)
2020-11-02 01:47:00,039 [pool-223-thread-1] INFO  server.RaftServerConfigKeys (ConfUtils.java:logGet(44)) - raft.server.log.statemachine.data.sync.timeout.retry = -1 (default)
2020-11-02 01:47:00,040 [pool-223-thread-1] INFO  server.RaftServerConfigKeys (ConfUtils.java:logGet(44)) - raft.server.log.statemachine.data.caching.enabled = true (custom)
2020-11-02 01:47:00,041 [pool-223-thread-1] INFO  segmented.SegmentedRaftLogWorker (SegmentedRaftLogWorker.java:lambda$new$0(129)) - bb7e8155-091d-463f-8cd0-e09b5982d598@group-57803156DEFC-SegmentedRaftLogWorker: flushIndex: setUnconditionally 0 -> -1
2020-11-02 01:47:00,041 [pool-223-thread-1] INFO  segmented.SegmentedRaftLogWorker (SegmentedRaftLogWorker.java:lambda$new$0(129)) - bb7e8155-091d-463f-8cd0-e09b5982d598@group-57803156DEFC-SegmentedRaftLogWorker: safeCacheEvictIndex: setUnconditionally 0 -> -1
2020-11-02 01:47:00,041 [pool-223-thread-1] INFO  server.RaftServerConfigKeys (ConfUtils.java:logGet(44)) - raft.server.snapshot.auto.trigger.enabled = true (custom)
2020-11-02 01:47:00,041 [pool-223-thread-1] INFO  server.RaftServerConfigKeys (ConfUtils.java:logGet(44)) - raft.server.snapshot.auto.trigger.threshold = 10000 (custom)
2020-11-02 01:47:00,041 [pool-223-thread-1] INFO  server.RaftServerConfigKeys (ConfUtils.java:logGet(44)) - raft.server.snapshot.retention.file.num = 5 (custom)
2020-11-02 01:47:00,041 [pool-223-thread-1] INFO  server.RaftServerConfigKeys (ConfUtils.java:logGet(44)) - raft.server.log.purge.upto.snapshot.index = false (default)
2020-11-02 01:47:00,041 [pool-223-thread-1] INFO  server.RaftServerConfigKeys (ConfUtils.java:logGet(44)) - raft.server.retrycache.expirytime = 600000ms (custom)
2020-11-02 01:47:00,041 [pool-223-thread-1] INFO  metrics.RatisMetrics (RatisMetrics.java:lambda$create$0(36)) - Creating Metrics Registry : ratis.leader_election.bb7e8155-091d-463f-8cd0-e09b5982d598@group-57803156DEFC
2020-11-02 01:47:00,042 [pool-223-thread-1] INFO  metrics.RatisMetrics (RatisMetrics.java:lambda$create$0(36)) - Creating Metrics Registry : ratis.server.bb7e8155-091d-463f-8cd0-e09b5982d598@group-57803156DEFC
2020-11-02 01:47:00,043 [pool-223-thread-1] INFO  impl.RaftServerImpl (RaftServerImpl.java:start(209)) - bb7e8155-091d-463f-8cd0-e09b5982d598@group-57803156DEFC: start as a follower, conf=-1: [bb7e8155-091d-463f-8cd0-e09b5982d598:172.17.0.2:33293:0], old=null
2020-11-02 01:47:00,043 [pool-223-thread-1] INFO  impl.RaftServerImpl (RaftServerImpl.java:setRole(198)) - bb7e8155-091d-463f-8cd0-e09b5982d598@group-57803156DEFC: changes role from      null to FOLLOWER at term 0 for startAsFollower
2020-11-02 01:47:00,043 [pool-223-thread-1] INFO  impl.RoleInfo (RoleInfo.java:updateAndGet(143)) - bb7e8155-091d-463f-8cd0-e09b5982d598: start FollowerState
2020-11-02 01:47:00,043 [pool-223-thread-1] INFO  util.JmxRegister (JmxRegister.java:tryRegister(44)) - Successfully registered JMX Bean with object name Ratis:service=RaftServer,group=group-57803156DEFC,id=bb7e8155-091d-463f-8cd0-e09b5982d598
2020-11-02 01:47:00,044 [pool-223-thread-1] INFO  metrics.RatisMetrics (RatisMetrics.java:lambda$create$0(36)) - Creating Metrics Registry : ratis.state_machine.bb7e8155-091d-463f-8cd0-e09b5982d598@group-57803156DEFC
2020-11-02 01:47:00,044 [Command processor thread] INFO  commandhandler.CreatePipelineCommandHandler (CreatePipelineCommandHandler.java:handle(106)) - Created Pipeline RATIS ONE PipelineID=7290ff1d-5881-4170-8e6a-57803156defc.
2020-11-02 01:47:00,044 [Command processor thread] INFO  impl.RaftServerProxy (RaftServerProxy.java:addNew(92)) - bb7e8155-091d-463f-8cd0-e09b5982d598: addNew group-00D99F375ED9:[7ab98594-cde6-4de5-8649-fca514c5537e:172.17.0.2:40279:0, 3273682d-ecc6-428d-bb6c-acac935ad76d:172.17.0.2:38465:0, bb7e8155-091d-463f-8cd0-e09b5982d598:172.17.0.2:33293:0] returns group-00D99F375ED9:java.util.concurrent.CompletableFuture@749d73ba[Not completed]
2020-11-02 01:47:00,045 [pool-223-thread-1] INFO  impl.RaftServerImpl (RaftServerImpl.java:<init>(120)) - bb7e8155-091d-463f-8cd0-e09b5982d598: new RaftServerImpl for group-00D99F375ED9:[7ab98594-cde6-4de5-8649-fca514c5537e:172.17.0.2:40279:0, 3273682d-ecc6-428d-bb6c-acac935ad76d:172.17.0.2:38465:0, bb7e8155-091d-463f-8cd0-e09b5982d598:172.17.0.2:33293:0] with ContainerStateMachine:uninitialized
2020-11-02 01:47:00,045 [pool-223-thread-1] INFO  server.RaftServerConfigKeys (ConfUtils.java:logGet(44)) - raft.server.rpc.timeout.min = 5s (custom)
2020-11-02 01:47:00,045 [pool-223-thread-1] INFO  server.RaftServerConfigKeys (ConfUtils.java:logGet(44)) - raft.server.rpc.timeout.max = 5200ms (custom)
2020-11-02 01:47:00,045 [pool-223-thread-1] INFO  server.RaftServerConfigKeys (ConfUtils.java:logGet(44)) - raft.server.rpcslowness.timeout = 300s (custom)
2020-11-02 01:47:00,045 [pool-223-thread-1] INFO  server.RaftServerConfigKeys (ConfUtils.java:logGet(44)) - raft.server.sleep.deviation.threshold = 300 (default)
2020-11-02 01:47:00,045 [pool-223-thread-1] INFO  server.RaftServerConfigKeys (ConfUtils.java:logGet(44)) - raft.server.log.appender.install.snapshot.enabled = false (custom)
2020-11-02 01:47:00,045 [pool-223-thread-1] INFO  impl.RaftServerImpl (ServerState.java:<init>(104)) - bb7e8155-091d-463f-8cd0-e09b5982d598@group-00D99F375ED9: ConfigurationManager, init=-1: [7ab98594-cde6-4de5-8649-fca514c5537e:172.17.0.2:40279:0, 3273682d-ecc6-428d-bb6c-acac935ad76d:172.17.0.2:38465:0, bb7e8155-091d-463f-8cd0-e09b5982d598:172.17.0.2:33293:0], old=null, confs=<EMPTY_MAP>
2020-11-02 01:47:00,045 [pool-223-thread-1] INFO  server.RaftServerConfigKeys (ConfUtils.java:logGet(44)) - raft.server.storage.dir = [/github/workspace/mnt/ozone/hadoop-ozone/integration-test/target/test-dir/MiniOzoneClusterImpl-3e692a3b-ddb2-4690-9144-d4d1ad0fcef2/datanode-3/data/ratis] (custom)
2020-11-02 01:47:00,045 [pool-223-thread-1] INFO  server.RaftServerConfigKeys (ConfUtils.java:logGet(44)) - raft.server.log.corruption.policy = EXCEPTION (default)
2020-11-02 01:47:00,046 [pool-223-thread-1] INFO  storage.RaftStorageDirectory (RaftStorageDirectory.java:analyzeStorage(261)) - The storage directory /github/workspace/mnt/ozone/hadoop-ozone/integration-test/target/test-dir/MiniOzoneClusterImpl-3e692a3b-ddb2-4690-9144-d4d1ad0fcef2/datanode-3/data/ratis/e76d23ac-d349-40a2-a30a-00d99f375ed9 does not exist. Creating ...
2020-11-02 01:47:00,046 [pool-223-thread-1] INFO  storage.RaftStorageDirectory (RaftStorageDirectory.java:tryLock(343)) - Lock on /github/workspace/mnt/ozone/hadoop-ozone/integration-test/target/test-dir/MiniOzoneClusterImpl-3e692a3b-ddb2-4690-9144-d4d1ad0fcef2/datanode-3/data/ratis/e76d23ac-d349-40a2-a30a-00d99f375ed9/in_use.lock acquired by nodename 15553@d0a72d05df0f
2020-11-02 01:47:00,047 [pool-223-thread-1] INFO  storage.RaftStorage (RaftStorage.java:format(84)) - Storage directory /github/workspace/mnt/ozone/hadoop-ozone/integration-test/target/test-dir/MiniOzoneClusterImpl-3e692a3b-ddb2-4690-9144-d4d1ad0fcef2/datanode-3/data/ratis/e76d23ac-d349-40a2-a30a-00d99f375ed9 has been successfully formatted.
2020-11-02 01:47:00,047 [pool-223-thread-1] INFO  ratis.ContainerStateMachine (ContainerStateMachine.java:loadSnapshot(225)) - group-00D99F375ED9: The snapshot info is null. Setting the last applied indexto:(t:0, i:~)
2020-11-02 01:47:00,047 [pool-223-thread-1] INFO  server.RaftServerConfigKeys (ConfUtils.java:logGet(44)) - raft.server.notification.no-leader.timeout = 300s (custom)
2020-11-02 01:47:00,047 [pool-223-thread-1] INFO  server.RaftServerConfigKeys (ConfUtils.java:logGet(44)) - raft.server.log.use.memory = false (default)
2020-11-02 01:47:00,048 [pool-223-thread-1] INFO  server.RaftServerConfigKeys (ConfUtils.java:logGet(44)) - raft.server.log.purge.gap = 1000000 (custom)
2020-11-02 01:47:00,048 [pool-223-thread-1] INFO  metrics.RatisMetrics (RatisMetrics.java:lambda$create$0(36)) - Creating Metrics Registry : ratis.log_worker.bb7e8155-091d-463f-8cd0-e09b5982d598@group-00D99F375ED9
2020-11-02 01:47:00,048 [pool-223-thread-1] INFO  server.RaftServerConfigKeys (ConfUtils.java:logGet(44)) - raft.server.log.appender.buffer.byte-limit = 33554432 (custom)
2020-11-02 01:47:00,048 [pool-223-thread-1] INFO  server.RaftServerConfigKeys (ConfUtils.java:logGet(44)) - raft.server.log.segment.size.max = 1048576 (custom)
2020-11-02 01:47:00,049 [pool-223-thread-1] INFO  server.RaftServerConfigKeys (ConfUtils.java:logGet(44)) - raft.server.log.segment.cache.num.max = 2 (custom)
2020-11-02 01:47:00,049 [pool-223-thread-1] INFO  segmented.SegmentedRaftLogWorker (SegmentedRaftLogWorker.java:<init>(180)) - new bb7e8155-091d-463f-8cd0-e09b5982d598@group-00D99F375ED9-SegmentedRaftLogWorker for RaftStorage:Storage Directory /github/workspace/mnt/ozone/hadoop-ozone/integration-test/target/test-dir/MiniOzoneClusterImpl-3e692a3b-ddb2-4690-9144-d4d1ad0fcef2/datanode-3/data/ratis/e76d23ac-d349-40a2-a30a-00d99f375ed9
2020-11-02 01:47:00,049 [pool-223-thread-1] INFO  server.RaftServerConfigKeys (ConfUtils.java:logGet(44)) - raft.server.log.queue.byte-limit = 2147483647 (custom)
2020-11-02 01:47:00,049 [pool-223-thread-1] INFO  server.RaftServerConfigKeys (ConfUtils.java:logGet(44)) - raft.server.log.queue.element-limit = 1024 (custom)
2020-11-02 01:47:00,049 [pool-223-thread-1] INFO  server.RaftServerConfigKeys (ConfUtils.java:logGet(44)) - raft.server.log.segment.size.max = 1048576 (custom)
2020-11-02 01:47:00,049 [pool-223-thread-1] INFO  server.RaftServerConfigKeys (ConfUtils.java:logGet(44)) - raft.server.log.preallocated.size = 16384 (custom)
2020-11-02 01:47:00,049 [pool-223-thread-1] INFO  server.RaftServerConfigKeys (ConfUtils.java:logGet(44)) - raft.server.log.write.buffer.size = 1048576 (custom)
2020-11-02 01:47:00,050 [pool-223-thread-1] INFO  server.RaftServerConfigKeys (ConfUtils.java:logGet(44)) - raft.server.log.force.sync.num = 128 (default)
2020-11-02 01:47:00,050 [pool-223-thread-1] INFO  server.RaftServerConfigKeys (ConfUtils.java:logGet(44)) - raft.server.log.statemachine.data.sync = true (default)
2020-11-02 01:47:00,050 [pool-223-thread-1] INFO  server.RaftServerConfigKeys (ConfUtils.java:logGet(44)) - raft.server.log.statemachine.data.sync.timeout = 10s (default)
2020-11-02 01:47:00,050 [pool-223-thread-1] INFO  server.RaftServerConfigKeys (ConfUtils.java:logGet(44)) - raft.server.log.statemachine.data.sync.timeout.retry = -1 (default)
2020-11-02 01:47:00,051 [pool-223-thread-1] INFO  server.RaftServerConfigKeys (ConfUtils.java:logGet(44)) - raft.server.log.statemachine.data.caching.enabled = true (custom)
2020-11-02 01:47:00,051 [pool-223-thread-1] INFO  segmented.SegmentedRaftLogWorker (SegmentedRaftLogWorker.java:lambda$new$0(129)) - bb7e8155-091d-463f-8cd0-e09b5982d598@group-00D99F375ED9-SegmentedRaftLogWorker: flushIndex: setUnconditionally 0 -> -1
2020-11-02 01:47:00,051 [pool-223-thread-1] INFO  segmented.SegmentedRaftLogWorker (SegmentedRaftLogWorker.java:lambda$new$0(129)) - bb7e8155-091d-463f-8cd0-e09b5982d598@group-00D99F375ED9-SegmentedRaftLogWorker: safeCacheEvictIndex: setUnconditionally 0 -> -1
2020-11-02 01:47:00,055 [pool-223-thread-1] INFO  server.RaftServerConfigKeys (ConfUtils.java:logGet(44)) - raft.server.snapshot.auto.trigger.enabled = true (custom)
2020-11-02 01:47:00,056 [pool-223-thread-1] INFO  server.RaftServerConfigKeys (ConfUtils.java:logGet(44)) - raft.server.snapshot.auto.trigger.threshold = 10000 (custom)
2020-11-02 01:47:00,056 [pool-223-thread-1] INFO  server.RaftServerConfigKeys (ConfUtils.java:logGet(44)) - raft.server.snapshot.retention.file.num = 5 (custom)
2020-11-02 01:47:00,056 [pool-223-thread-1] INFO  server.RaftServerConfigKeys (ConfUtils.java:logGet(44)) - raft.server.log.purge.upto.snapshot.index = false (default)
2020-11-02 01:47:00,056 [pool-223-thread-1] INFO  server.RaftServerConfigKeys (ConfUtils.java:logGet(44)) - raft.server.retrycache.expirytime = 600000ms (custom)
2020-11-02 01:47:00,056 [pool-223-thread-1] INFO  metrics.RatisMetrics (RatisMetrics.java:lambda$create$0(36)) - Creating Metrics Registry : ratis.leader_election.bb7e8155-091d-463f-8cd0-e09b5982d598@group-00D99F375ED9
2020-11-02 01:47:00,057 [pool-223-thread-1] INFO  metrics.RatisMetrics (RatisMetrics.java:lambda$create$0(36)) - Creating Metrics Registry : ratis.server.bb7e8155-091d-463f-8cd0-e09b5982d598@group-00D99F375ED9
2020-11-02 01:47:00,058 [pool-223-thread-1] INFO  impl.RaftServerImpl (RaftServerImpl.java:start(209)) - bb7e8155-091d-463f-8cd0-e09b5982d598@group-00D99F375ED9: start as a follower, conf=-1: [7ab98594-cde6-4de5-8649-fca514c5537e:172.17.0.2:40279:0, 3273682d-ecc6-428d-bb6c-acac935ad76d:172.17.0.2:38465:0, bb7e8155-091d-463f-8cd0-e09b5982d598:172.17.0.2:33293:0], old=null
2020-11-02 01:47:00,058 [pool-223-thread-1] INFO  impl.RaftServerImpl (RaftServerImpl.java:setRole(198)) - bb7e8155-091d-463f-8cd0-e09b5982d598@group-00D99F375ED9: changes role from      null to FOLLOWER at term 0 for startAsFollower
2020-11-02 01:47:00,058 [pool-223-thread-1] INFO  impl.RoleInfo (RoleInfo.java:updateAndGet(143)) - bb7e8155-091d-463f-8cd0-e09b5982d598: start FollowerState
2020-11-02 01:47:00,058 [pool-223-thread-1] INFO  util.JmxRegister (JmxRegister.java:tryRegister(44)) - Successfully registered JMX Bean with object name Ratis:service=RaftServer,group=group-00D99F375ED9,id=bb7e8155-091d-463f-8cd0-e09b5982d598
2020-11-02 01:47:00,058 [pool-223-thread-1] INFO  metrics.RatisMetrics (RatisMetrics.java:lambda$create$0(36)) - Creating Metrics Registry : ratis.state_machine.bb7e8155-091d-463f-8cd0-e09b5982d598@group-00D99F375ED9
2020-11-02 01:47:00,060 [Command processor thread] INFO  metrics.RatisMetrics (RatisMetrics.java:lambda$create$0(36)) - Creating Metrics Registry : ratis.client_message_metrics.client-7D6D9ADDE574->3273682d-ecc6-428d-bb6c-acac935ad76d
2020-11-02 01:47:00,064 [grpc-default-executor-1] INFO  metrics.RatisMetrics (RatisMetrics.java:lambda$create$0(36)) - Creating Metrics Registry : ratis.server_message_metrics.3273682d-ecc6-428d-bb6c-acac935ad76d
2020-11-02 01:47:00,074 [grpc-default-executor-1] INFO  impl.RaftServerProxy (RaftServerProxy.java:addNew(92)) - 3273682d-ecc6-428d-bb6c-acac935ad76d: addNew group-00D99F375ED9:[7ab98594-cde6-4de5-8649-fca514c5537e:172.17.0.2:40279:0, 3273682d-ecc6-428d-bb6c-acac935ad76d:172.17.0.2:38465:0, bb7e8155-091d-463f-8cd0-e09b5982d598:172.17.0.2:33293:0] returns group-00D99F375ED9:java.util.concurrent.CompletableFuture@7dd7322[Not completed]
2020-11-02 01:47:00,075 [pool-254-thread-1] INFO  impl.RaftServerImpl (RaftServerImpl.java:<init>(120)) - 3273682d-ecc6-428d-bb6c-acac935ad76d: new RaftServerImpl for group-00D99F375ED9:[7ab98594-cde6-4de5-8649-fca514c5537e:172.17.0.2:40279:0, 3273682d-ecc6-428d-bb6c-acac935ad76d:172.17.0.2:38465:0, bb7e8155-091d-463f-8cd0-e09b5982d598:172.17.0.2:33293:0] with ContainerStateMachine:uninitialized
2020-11-02 01:47:00,075 [pool-254-thread-1] INFO  server.RaftServerConfigKeys (ConfUtils.java:logGet(44)) - raft.server.rpc.timeout.min = 5s (custom)
2020-11-02 01:47:00,076 [pool-254-thread-1] INFO  server.RaftServerConfigKeys (ConfUtils.java:logGet(44)) - raft.server.rpc.timeout.max = 5200ms (custom)
2020-11-02 01:47:00,076 [pool-254-thread-1] INFO  server.RaftServerConfigKeys (ConfUtils.java:logGet(44)) - raft.server.rpcslowness.timeout = 300s (custom)
2020-11-02 01:47:00,076 [pool-254-thread-1] INFO  server.RaftServerConfigKeys (ConfUtils.java:logGet(44)) - raft.server.sleep.deviation.threshold = 300 (default)
2020-11-02 01:47:00,076 [pool-254-thread-1] INFO  server.RaftServerConfigKeys (ConfUtils.java:logGet(44)) - raft.server.log.appender.install.snapshot.enabled = false (custom)
2020-11-02 01:47:00,076 [pool-254-thread-1] INFO  impl.RaftServerImpl (ServerState.java:<init>(104)) - 3273682d-ecc6-428d-bb6c-acac935ad76d@group-00D99F375ED9: ConfigurationManager, init=-1: [7ab98594-cde6-4de5-8649-fca514c5537e:172.17.0.2:40279:0, 3273682d-ecc6-428d-bb6c-acac935ad76d:172.17.0.2:38465:0, bb7e8155-091d-463f-8cd0-e09b5982d598:172.17.0.2:33293:0], old=null, confs=<EMPTY_MAP>
2020-11-02 01:47:00,076 [pool-254-thread-1] INFO  server.RaftServerConfigKeys (ConfUtils.java:logGet(44)) - raft.server.storage.dir = [/github/workspace/mnt/ozone/hadoop-ozone/integration-test/target/test-dir/MiniOzoneClusterImpl-3e692a3b-ddb2-4690-9144-d4d1ad0fcef2/datanode-5/data/ratis] (custom)
2020-11-02 01:47:00,076 [pool-254-thread-1] INFO  server.RaftServerConfigKeys (ConfUtils.java:logGet(44)) - raft.server.log.corruption.policy = EXCEPTION (default)
2020-11-02 01:47:00,077 [pool-254-thread-1] INFO  storage.RaftStorageDirectory (RaftStorageDirectory.java:analyzeStorage(261)) - The storage directory /github/workspace/mnt/ozone/hadoop-ozone/integration-test/target/test-dir/MiniOzoneClusterImpl-3e692a3b-ddb2-4690-9144-d4d1ad0fcef2/datanode-5/data/ratis/e76d23ac-d349-40a2-a30a-00d99f375ed9 does not exist. Creating ...
2020-11-02 01:47:00,078 [pool-254-thread-1] INFO  storage.RaftStorageDirectory (RaftStorageDirectory.java:tryLock(343)) - Lock on /github/workspace/mnt/ozone/hadoop-ozone/integration-test/target/test-dir/MiniOzoneClusterImpl-3e692a3b-ddb2-4690-9144-d4d1ad0fcef2/datanode-5/data/ratis/e76d23ac-d349-40a2-a30a-00d99f375ed9/in_use.lock acquired by nodename 15553@d0a72d05df0f
2020-11-02 01:47:00,079 [pool-254-thread-1] INFO  storage.RaftStorage (RaftStorage.java:format(84)) - Storage directory /github/workspace/mnt/ozone/hadoop-ozone/integration-test/target/test-dir/MiniOzoneClusterImpl-3e692a3b-ddb2-4690-9144-d4d1ad0fcef2/datanode-5/data/ratis/e76d23ac-d349-40a2-a30a-00d99f375ed9 has been successfully formatted.
2020-11-02 01:47:00,080 [pool-254-thread-1] INFO  ratis.ContainerStateMachine (ContainerStateMachine.java:loadSnapshot(225)) - group-00D99F375ED9: The snapshot info is null. Setting the last applied indexto:(t:0, i:~)
2020-11-02 01:47:00,080 [pool-254-thread-1] INFO  server.RaftServerConfigKeys (ConfUtils.java:logGet(44)) - raft.server.notification.no-leader.timeout = 300s (custom)
2020-11-02 01:47:00,080 [pool-254-thread-1] INFO  server.RaftServerConfigKeys (ConfUtils.java:logGet(44)) - raft.server.log.use.memory = false (default)
2020-11-02 01:47:00,080 [pool-254-thread-1] INFO  server.RaftServerConfigKeys (ConfUtils.java:logGet(44)) - raft.server.log.purge.gap = 1000000 (custom)
2020-11-02 01:47:00,081 [pool-254-thread-1] INFO  metrics.RatisMetrics (RatisMetrics.java:lambda$create$0(36)) - Creating Metrics Registry : ratis.log_worker.3273682d-ecc6-428d-bb6c-acac935ad76d@group-00D99F375ED9
2020-11-02 01:47:00,081 [pool-254-thread-1] INFO  server.RaftServerConfigKeys (ConfUtils.java:logGet(44)) - raft.server.log.appender.buffer.byte-limit = 33554432 (custom)
2020-11-02 01:47:00,081 [pool-254-thread-1] INFO  server.RaftServerConfigKeys (ConfUtils.java:logGet(44)) - raft.server.log.segment.size.max = 1048576 (custom)
2020-11-02 01:47:00,082 [pool-254-thread-1] INFO  server.RaftServerConfigKeys (ConfUtils.java:logGet(44)) - raft.server.log.segment.cache.num.max = 2 (custom)
2020-11-02 01:47:00,082 [pool-254-thread-1] INFO  segmented.SegmentedRaftLogWorker (SegmentedRaftLogWorker.java:<init>(180)) - new 3273682d-ecc6-428d-bb6c-acac935ad76d@group-00D99F375ED9-SegmentedRaftLogWorker for RaftStorage:Storage Directory /github/workspace/mnt/ozone/hadoop-ozone/integration-test/target/test-dir/MiniOzoneClusterImpl-3e692a3b-ddb2-4690-9144-d4d1ad0fcef2/datanode-5/data/ratis/e76d23ac-d349-40a2-a30a-00d99f375ed9
2020-11-02 01:47:00,082 [pool-254-thread-1] INFO  server.RaftServerConfigKeys (ConfUtils.java:logGet(44)) - raft.server.log.queue.byte-limit = 2147483647 (custom)
2020-11-02 01:47:00,082 [pool-254-thread-1] INFO  server.RaftServerConfigKeys (ConfUtils.java:logGet(44)) - raft.server.log.queue.element-limit = 1024 (custom)
2020-11-02 01:47:00,082 [pool-254-thread-1] INFO  server.RaftServerConfigKeys (ConfUtils.java:logGet(44)) - raft.server.log.segment.size.max = 1048576 (custom)
2020-11-02 01:47:00,082 [pool-254-thread-1] INFO  server.RaftServerConfigKeys (ConfUtils.java:logGet(44)) - raft.server.log.preallocated.size = 16384 (custom)
2020-11-02 01:47:00,082 [pool-254-thread-1] INFO  server.RaftServerConfigKeys (ConfUtils.java:logGet(44)) - raft.server.log.write.buffer.size = 1048576 (custom)
2020-11-02 01:47:00,082 [pool-254-thread-1] INFO  server.RaftServerConfigKeys (ConfUtils.java:logGet(44)) - raft.server.log.force.sync.num = 128 (default)
2020-11-02 01:47:00,082 [pool-254-thread-1] INFO  server.RaftServerConfigKeys (ConfUtils.java:logGet(44)) - raft.server.log.statemachine.data.sync = true (default)
2020-11-02 01:47:00,083 [pool-254-thread-1] INFO  server.RaftServerConfigKeys (ConfUtils.java:logGet(44)) - raft.server.log.statemachine.data.sync.timeout = 10s (default)
2020-11-02 01:47:00,083 [pool-254-thread-1] INFO  server.RaftServerConfigKeys (ConfUtils.java:logGet(44)) - raft.server.log.statemachine.data.sync.timeout.retry = -1 (default)
2020-11-02 01:47:00,084 [pool-254-thread-1] INFO  server.RaftServerConfigKeys (ConfUtils.java:logGet(44)) - raft.server.log.statemachine.data.caching.enabled = true (custom)
2020-11-02 01:47:00,085 [pool-254-thread-1] INFO  segmented.SegmentedRaftLogWorker (SegmentedRaftLogWorker.java:lambda$new$0(129)) - 3273682d-ecc6-428d-bb6c-acac935ad76d@group-00D99F375ED9-SegmentedRaftLogWorker: flushIndex: setUnconditionally 0 -> -1
2020-11-02 01:47:00,085 [pool-254-thread-1] INFO  segmented.SegmentedRaftLogWorker (SegmentedRaftLogWorker.java:lambda$new$0(129)) - 3273682d-ecc6-428d-bb6c-acac935ad76d@group-00D99F375ED9-SegmentedRaftLogWorker: safeCacheEvictIndex: setUnconditionally 0 -> -1
2020-11-02 01:47:00,085 [pool-254-thread-1] INFO  server.RaftServerConfigKeys (ConfUtils.java:logGet(44)) - raft.server.snapshot.auto.trigger.enabled = true (custom)
2020-11-02 01:47:00,086 [pool-254-thread-1] INFO  server.RaftServerConfigKeys (ConfUtils.java:logGet(44)) - raft.server.snapshot.auto.trigger.threshold = 10000 (custom)
2020-11-02 01:47:00,086 [pool-254-thread-1] INFO  server.RaftServerConfigKeys (ConfUtils.java:logGet(44)) - raft.server.snapshot.retention.file.num = 5 (custom)
2020-11-02 01:47:00,086 [pool-254-thread-1] INFO  server.RaftServerConfigKeys (ConfUtils.java:logGet(44)) - raft.server.log.purge.upto.snapshot.index = false (default)
2020-11-02 01:47:00,086 [pool-254-thread-1] INFO  server.RaftServerConfigKeys (ConfUtils.java:logGet(44)) - raft.server.retrycache.expirytime = 600000ms (custom)
2020-11-02 01:47:00,086 [pool-254-thread-1] INFO  metrics.RatisMetrics (RatisMetrics.java:lambda$create$0(36)) - Creating Metrics Registry : ratis.leader_election.3273682d-ecc6-428d-bb6c-acac935ad76d@group-00D99F375ED9
2020-11-02 01:47:00,086 [pool-254-thread-1] INFO  metrics.RatisMetrics (RatisMetrics.java:lambda$create$0(36)) - Creating Metrics Registry : ratis.server.3273682d-ecc6-428d-bb6c-acac935ad76d@group-00D99F375ED9
2020-11-02 01:47:00,087 [pool-254-thread-1] INFO  impl.RaftServerImpl (RaftServerImpl.java:start(209)) - 3273682d-ecc6-428d-bb6c-acac935ad76d@group-00D99F375ED9: start as a follower, conf=-1: [7ab98594-cde6-4de5-8649-fca514c5537e:172.17.0.2:40279:0, 3273682d-ecc6-428d-bb6c-acac935ad76d:172.17.0.2:38465:0, bb7e8155-091d-463f-8cd0-e09b5982d598:172.17.0.2:33293:0], old=null
2020-11-02 01:47:00,087 [pool-254-thread-1] INFO  impl.RaftServerImpl (RaftServerImpl.java:setRole(198)) - 3273682d-ecc6-428d-bb6c-acac935ad76d@group-00D99F375ED9: changes role from      null to FOLLOWER at term 0 for startAsFollower
2020-11-02 01:47:00,087 [pool-254-thread-1] INFO  impl.RoleInfo (RoleInfo.java:updateAndGet(143)) - 3273682d-ecc6-428d-bb6c-acac935ad76d: start FollowerState
2020-11-02 01:47:00,089 [pool-254-thread-1] INFO  util.JmxRegister (JmxRegister.java:tryRegister(44)) - Successfully registered JMX Bean with object name Ratis:service=RaftServer,group=group-00D99F375ED9,id=3273682d-ecc6-428d-bb6c-acac935ad76d
2020-11-02 01:47:00,090 [pool-254-thread-1] INFO  metrics.RatisMetrics (RatisMetrics.java:lambda$create$0(36)) - Creating Metrics Registry : ratis.state_machine.3273682d-ecc6-428d-bb6c-acac935ad76d@group-00D99F375ED9
2020-11-02 01:47:00,105 [Command processor thread] INFO  metrics.RatisMetrics (RatisMetrics.java:lambda$create$0(36)) - Creating Metrics Registry : ratis.client_message_metrics.client-614CB1D9518E->7ab98594-cde6-4de5-8649-fca514c5537e
2020-11-02 01:47:00,110 [grpc-default-executor-1] INFO  metrics.RatisMetrics (RatisMetrics.java:lambda$create$0(36)) - Creating Metrics Registry : ratis.server_message_metrics.7ab98594-cde6-4de5-8649-fca514c5537e
2020-11-02 01:47:00,113 [grpc-default-executor-1] INFO  impl.RaftServerProxy (RaftServerProxy.java:addNew(92)) - 7ab98594-cde6-4de5-8649-fca514c5537e: addNew group-00D99F375ED9:[7ab98594-cde6-4de5-8649-fca514c5537e:172.17.0.2:40279:0, 3273682d-ecc6-428d-bb6c-acac935ad76d:172.17.0.2:38465:0, bb7e8155-091d-463f-8cd0-e09b5982d598:172.17.0.2:33293:0] returns group-00D99F375ED9:java.util.concurrent.CompletableFuture@5e6b8aee[Not completed]
2020-11-02 01:47:00,114 [pool-239-thread-1] INFO  impl.RaftServerImpl (RaftServerImpl.java:<init>(120)) - 7ab98594-cde6-4de5-8649-fca514c5537e: new RaftServerImpl for group-00D99F375ED9:[7ab98594-cde6-4de5-8649-fca514c5537e:172.17.0.2:40279:0, 3273682d-ecc6-428d-bb6c-acac935ad76d:172.17.0.2:38465:0, bb7e8155-091d-463f-8cd0-e09b5982d598:172.17.0.2:33293:0] with ContainerStateMachine:uninitialized
2020-11-02 01:47:00,115 [pool-239-thread-1] INFO  server.RaftServerConfigKeys (ConfUtils.java:logGet(44)) - raft.server.rpc.timeout.min = 5s (custom)
2020-11-02 01:47:00,115 [pool-239-thread-1] INFO  server.RaftServerConfigKeys (ConfUtils.java:logGet(44)) - raft.server.rpc.timeout.max = 5200ms (custom)
2020-11-02 01:47:00,115 [pool-239-thread-1] INFO  server.RaftServerConfigKeys (ConfUtils.java:logGet(44)) - raft.server.rpcslowness.timeout = 300s (custom)
2020-11-02 01:47:00,115 [pool-239-thread-1] INFO  server.RaftServerConfigKeys (ConfUtils.java:logGet(44)) - raft.server.sleep.deviation.threshold = 300 (default)
2020-11-02 01:47:00,115 [pool-239-thread-1] INFO  server.RaftServerConfigKeys (ConfUtils.java:logGet(44)) - raft.server.log.appender.install.snapshot.enabled = false (custom)
2020-11-02 01:47:00,115 [pool-239-thread-1] INFO  impl.RaftServerImpl (ServerState.java:<init>(104)) - 7ab98594-cde6-4de5-8649-fca514c5537e@group-00D99F375ED9: ConfigurationManager, init=-1: [7ab98594-cde6-4de5-8649-fca514c5537e:172.17.0.2:40279:0, 3273682d-ecc6-428d-bb6c-acac935ad76d:172.17.0.2:38465:0, bb7e8155-091d-463f-8cd0-e09b5982d598:172.17.0.2:33293:0], old=null, confs=<EMPTY_MAP>
2020-11-02 01:47:00,115 [pool-239-thread-1] INFO  server.RaftServerConfigKeys (ConfUtils.java:logGet(44)) - raft.server.storage.dir = [/github/workspace/mnt/ozone/hadoop-ozone/integration-test/target/test-dir/MiniOzoneClusterImpl-3e692a3b-ddb2-4690-9144-d4d1ad0fcef2/datanode-4/data/ratis] (custom)
2020-11-02 01:47:00,116 [pool-239-thread-1] INFO  server.RaftServerConfigKeys (ConfUtils.java:logGet(44)) - raft.server.log.corruption.policy = EXCEPTION (default)
2020-11-02 01:47:00,116 [pool-239-thread-1] INFO  storage.RaftStorageDirectory (RaftStorageDirectory.java:analyzeStorage(261)) - The storage directory /github/workspace/mnt/ozone/hadoop-ozone/integration-test/target/test-dir/MiniOzoneClusterImpl-3e692a3b-ddb2-4690-9144-d4d1ad0fcef2/datanode-4/data/ratis/e76d23ac-d349-40a2-a30a-00d99f375ed9 does not exist. Creating ...
2020-11-02 01:47:00,117 [pool-239-thread-1] INFO  storage.RaftStorageDirectory (RaftStorageDirectory.java:tryLock(343)) - Lock on /github/workspace/mnt/ozone/hadoop-ozone/integration-test/target/test-dir/MiniOzoneClusterImpl-3e692a3b-ddb2-4690-9144-d4d1ad0fcef2/datanode-4/data/ratis/e76d23ac-d349-40a2-a30a-00d99f375ed9/in_use.lock acquired by nodename 15553@d0a72d05df0f
2020-11-02 01:47:00,118 [pool-239-thread-1] INFO  storage.RaftStorage (RaftStorage.java:format(84)) - Storage directory /github/workspace/mnt/ozone/hadoop-ozone/integration-test/target/test-dir/MiniOzoneClusterImpl-3e692a3b-ddb2-4690-9144-d4d1ad0fcef2/datanode-4/data/ratis/e76d23ac-d349-40a2-a30a-00d99f375ed9 has been successfully formatted.
2020-11-02 01:47:00,119 [pool-239-thread-1] INFO  ratis.ContainerStateMachine (ContainerStateMachine.java:loadSnapshot(225)) - group-00D99F375ED9: The snapshot info is null. Setting the last applied indexto:(t:0, i:~)
2020-11-02 01:47:00,120 [pool-239-thread-1] INFO  server.RaftServerConfigKeys (ConfUtils.java:logGet(44)) - raft.server.notification.no-leader.timeout = 300s (custom)
2020-11-02 01:47:00,120 [pool-239-thread-1] INFO  server.RaftServerConfigKeys (ConfUtils.java:logGet(44)) - raft.server.log.use.memory = false (default)
2020-11-02 01:47:00,120 [pool-239-thread-1] INFO  server.RaftServerConfigKeys (ConfUtils.java:logGet(44)) - raft.server.log.purge.gap = 1000000 (custom)
2020-11-02 01:47:00,120 [pool-239-thread-1] INFO  metrics.RatisMetrics (RatisMetrics.java:lambda$create$0(36)) - Creating Metrics Registry : ratis.log_worker.7ab98594-cde6-4de5-8649-fca514c5537e@group-00D99F375ED9
2020-11-02 01:47:00,120 [pool-239-thread-1] INFO  server.RaftServerConfigKeys (ConfUtils.java:logGet(44)) - raft.server.log.appender.buffer.byte-limit = 33554432 (custom)
2020-11-02 01:47:00,120 [pool-239-thread-1] INFO  server.RaftServerConfigKeys (ConfUtils.java:logGet(44)) - raft.server.log.segment.size.max = 1048576 (custom)
2020-11-02 01:47:00,121 [pool-239-thread-1] INFO  server.RaftServerConfigKeys (ConfUtils.java:logGet(44)) - raft.server.log.segment.cache.num.max = 2 (custom)
2020-11-02 01:47:00,121 [pool-239-thread-1] INFO  segmented.SegmentedRaftLogWorker (SegmentedRaftLogWorker.java:<init>(180)) - new 7ab98594-cde6-4de5-8649-fca514c5537e@group-00D99F375ED9-SegmentedRaftLogWorker for RaftStorage:Storage Directory /github/workspace/mnt/ozone/hadoop-ozone/integration-test/target/test-dir/MiniOzoneClusterImpl-3e692a3b-ddb2-4690-9144-d4d1ad0fcef2/datanode-4/data/ratis/e76d23ac-d349-40a2-a30a-00d99f375ed9
2020-11-02 01:47:00,121 [pool-239-thread-1] INFO  server.RaftServerConfigKeys (ConfUtils.java:logGet(44)) - raft.server.log.queue.byte-limit = 2147483647 (custom)
2020-11-02 01:47:00,121 [pool-239-thread-1] INFO  server.RaftServerConfigKeys (ConfUtils.java:logGet(44)) - raft.server.log.queue.element-limit = 1024 (custom)
2020-11-02 01:47:00,121 [pool-239-thread-1] INFO  server.RaftServerConfigKeys (ConfUtils.java:logGet(44)) - raft.server.log.segment.size.max = 1048576 (custom)
2020-11-02 01:47:00,121 [pool-239-thread-1] INFO  server.RaftServerConfigKeys (ConfUtils.java:logGet(44)) - raft.server.log.preallocated.size = 16384 (custom)
2020-11-02 01:47:00,121 [pool-239-thread-1] INFO  server.RaftServerConfigKeys (ConfUtils.java:logGet(44)) - raft.server.log.write.buffer.size = 1048576 (custom)
2020-11-02 01:47:00,121 [pool-239-thread-1] INFO  server.RaftServerConfigKeys (ConfUtils.java:logGet(44)) - raft.server.log.force.sync.num = 128 (default)
2020-11-02 01:47:00,121 [pool-239-thread-1] INFO  server.RaftServerConfigKeys (ConfUtils.java:logGet(44)) - raft.server.log.statemachine.data.sync = true (default)
2020-11-02 01:47:00,121 [pool-239-thread-1] INFO  server.RaftServerConfigKeys (ConfUtils.java:logGet(44)) - raft.server.log.statemachine.data.sync.timeout = 10s (default)
2020-11-02 01:47:00,122 [pool-239-thread-1] INFO  server.RaftServerConfigKeys (ConfUtils.java:logGet(44)) - raft.server.log.statemachine.data.sync.timeout.retry = -1 (default)
2020-11-02 01:47:00,123 [pool-239-thread-1] INFO  server.RaftServerConfigKeys (ConfUtils.java:logGet(44)) - raft.server.log.statemachine.data.caching.enabled = true (custom)
2020-11-02 01:47:00,123 [pool-239-thread-1] INFO  segmented.SegmentedRaftLogWorker (SegmentedRaftLogWorker.java:lambda$new$0(129)) - 7ab98594-cde6-4de5-8649-fca514c5537e@group-00D99F375ED9-SegmentedRaftLogWorker: flushIndex: setUnconditionally 0 -> -1
2020-11-02 01:47:00,123 [pool-239-thread-1] INFO  segmented.SegmentedRaftLogWorker (SegmentedRaftLogWorker.java:lambda$new$0(129)) - 7ab98594-cde6-4de5-8649-fca514c5537e@group-00D99F375ED9-SegmentedRaftLogWorker: safeCacheEvictIndex: setUnconditionally 0 -> -1
2020-11-02 01:47:00,125 [pool-239-thread-1] INFO  server.RaftServerConfigKeys (ConfUtils.java:logGet(44)) - raft.server.snapshot.auto.trigger.enabled = true (custom)
2020-11-02 01:47:00,126 [pool-239-thread-1] INFO  server.RaftServerConfigKeys (ConfUtils.java:logGet(44)) - raft.server.snapshot.auto.trigger.threshold = 10000 (custom)
2020-11-02 01:47:00,126 [pool-239-thread-1] INFO  server.RaftServerConfigKeys (ConfUtils.java:logGet(44)) - raft.server.snapshot.retention.file.num = 5 (custom)
2020-11-02 01:47:00,126 [pool-239-thread-1] INFO  server.RaftServerConfigKeys (ConfUtils.java:logGet(44)) - raft.server.log.purge.upto.snapshot.index = false (default)
2020-11-02 01:47:00,126 [pool-239-thread-1] INFO  server.RaftServerConfigKeys (ConfUtils.java:logGet(44)) - raft.server.retrycache.expirytime = 600000ms (custom)
2020-11-02 01:47:00,126 [pool-239-thread-1] INFO  metrics.RatisMetrics (RatisMetrics.java:lambda$create$0(36)) - Creating Metrics Registry : ratis.leader_election.7ab98594-cde6-4de5-8649-fca514c5537e@group-00D99F375ED9
2020-11-02 01:47:00,126 [pool-239-thread-1] INFO  metrics.RatisMetrics (RatisMetrics.java:lambda$create$0(36)) - Creating Metrics Registry : ratis.server.7ab98594-cde6-4de5-8649-fca514c5537e@group-00D99F375ED9
2020-11-02 01:47:00,127 [pool-239-thread-1] INFO  impl.RaftServerImpl (RaftServerImpl.java:start(209)) - 7ab98594-cde6-4de5-8649-fca514c5537e@group-00D99F375ED9: start as a follower, conf=-1: [7ab98594-cde6-4de5-8649-fca514c5537e:172.17.0.2:40279:0, 3273682d-ecc6-428d-bb6c-acac935ad76d:172.17.0.2:38465:0, bb7e8155-091d-463f-8cd0-e09b5982d598:172.17.0.2:33293:0], old=null
2020-11-02 01:47:00,127 [pool-239-thread-1] INFO  impl.RaftServerImpl (RaftServerImpl.java:setRole(198)) - 7ab98594-cde6-4de5-8649-fca514c5537e@group-00D99F375ED9: changes role from      null to FOLLOWER at term 0 for startAsFollower
2020-11-02 01:47:00,127 [pool-239-thread-1] INFO  impl.RoleInfo (RoleInfo.java:updateAndGet(143)) - 7ab98594-cde6-4de5-8649-fca514c5537e: start FollowerState
2020-11-02 01:47:00,129 [pool-239-thread-1] INFO  util.JmxRegister (JmxRegister.java:tryRegister(44)) - Successfully registered JMX Bean with object name Ratis:service=RaftServer,group=group-00D99F375ED9,id=7ab98594-cde6-4de5-8649-fca514c5537e
2020-11-02 01:47:00,130 [pool-239-thread-1] INFO  metrics.RatisMetrics (RatisMetrics.java:lambda$create$0(36)) - Creating Metrics Registry : ratis.state_machine.7ab98594-cde6-4de5-8649-fca514c5537e@group-00D99F375ED9
2020-11-02 01:47:00,147 [Command processor thread] INFO  commandhandler.CreatePipelineCommandHandler (CreatePipelineCommandHandler.java:handle(106)) - Created Pipeline RATIS THREE PipelineID=e76d23ac-d349-40a2-a30a-00d99f375ed9.
2020-11-02 01:47:00,198 [Command processor thread] INFO  impl.RaftServerProxy (RaftServerProxy.java:addNew(92)) - 7ab98594-cde6-4de5-8649-fca514c5537e: addNew group-0E1A91BAF846:[7ab98594-cde6-4de5-8649-fca514c5537e:172.17.0.2:40279:0] returns group-0E1A91BAF846:java.util.concurrent.CompletableFuture@64478164[Not completed]
2020-11-02 01:47:00,198 [pool-239-thread-1] INFO  impl.RaftServerImpl (RaftServerImpl.java:<init>(120)) - 7ab98594-cde6-4de5-8649-fca514c5537e: new RaftServerImpl for group-0E1A91BAF846:[7ab98594-cde6-4de5-8649-fca514c5537e:172.17.0.2:40279:0] with ContainerStateMachine:uninitialized
2020-11-02 01:47:00,198 [pool-239-thread-1] INFO  server.RaftServerConfigKeys (ConfUtils.java:logGet(44)) - raft.server.rpc.timeout.min = 5s (custom)
2020-11-02 01:47:00,198 [pool-239-thread-1] INFO  server.RaftServerConfigKeys (ConfUtils.java:logGet(44)) - raft.server.rpc.timeout.max = 5200ms (custom)
2020-11-02 01:47:00,199 [pool-239-thread-1] INFO  server.RaftServerConfigKeys (ConfUtils.java:logGet(44)) - raft.server.rpcslowness.timeout = 300s (custom)
2020-11-02 01:47:00,199 [pool-239-thread-1] INFO  server.RaftServerConfigKeys (ConfUtils.java:logGet(44)) - raft.server.sleep.deviation.threshold = 300 (default)
2020-11-02 01:47:00,199 [pool-239-thread-1] INFO  server.RaftServerConfigKeys (ConfUtils.java:logGet(44)) - raft.server.log.appender.install.snapshot.enabled = false (custom)
2020-11-02 01:47:00,199 [pool-239-thread-1] INFO  impl.RaftServerImpl (ServerState.java:<init>(104)) - 7ab98594-cde6-4de5-8649-fca514c5537e@group-0E1A91BAF846: ConfigurationManager, init=-1: [7ab98594-cde6-4de5-8649-fca514c5537e:172.17.0.2:40279:0], old=null, confs=<EMPTY_MAP>
2020-11-02 01:47:00,199 [pool-239-thread-1] INFO  server.RaftServerConfigKeys (ConfUtils.java:logGet(44)) - raft.server.storage.dir = [/github/workspace/mnt/ozone/hadoop-ozone/integration-test/target/test-dir/MiniOzoneClusterImpl-3e692a3b-ddb2-4690-9144-d4d1ad0fcef2/datanode-4/data/ratis] (custom)
2020-11-02 01:47:00,199 [pool-239-thread-1] INFO  server.RaftServerConfigKeys (ConfUtils.java:logGet(44)) - raft.server.log.corruption.policy = EXCEPTION (default)
2020-11-02 01:47:00,199 [pool-239-thread-1] INFO  storage.RaftStorageDirectory (RaftStorageDirectory.java:analyzeStorage(261)) - The storage directory /github/workspace/mnt/ozone/hadoop-ozone/integration-test/target/test-dir/MiniOzoneClusterImpl-3e692a3b-ddb2-4690-9144-d4d1ad0fcef2/datanode-4/data/ratis/7b40e318-d3f2-48b5-9686-0e1a91baf846 does not exist. Creating ...
2020-11-02 01:47:00,200 [pool-239-thread-1] INFO  storage.RaftStorageDirectory (RaftStorageDirectory.java:tryLock(343)) - Lock on /github/workspace/mnt/ozone/hadoop-ozone/integration-test/target/test-dir/MiniOzoneClusterImpl-3e692a3b-ddb2-4690-9144-d4d1ad0fcef2/datanode-4/data/ratis/7b40e318-d3f2-48b5-9686-0e1a91baf846/in_use.lock acquired by nodename 15553@d0a72d05df0f
2020-11-02 01:47:00,202 [pool-239-thread-1] INFO  storage.RaftStorage (RaftStorage.java:format(84)) - Storage directory /github/workspace/mnt/ozone/hadoop-ozone/integration-test/target/test-dir/MiniOzoneClusterImpl-3e692a3b-ddb2-4690-9144-d4d1ad0fcef2/datanode-4/data/ratis/7b40e318-d3f2-48b5-9686-0e1a91baf846 has been successfully formatted.
2020-11-02 01:47:00,203 [EventQueue-PipelineReportForPipelineReportHandler] INFO  pipeline.PipelineStateManager (PipelineStateManager.java:openPipeline(132)) - Pipeline Pipeline[ Id: 7b40e318-d3f2-48b5-9686-0e1a91baf846, Nodes: 7ab98594-cde6-4de5-8649-fca514c5537e{ip: 172.17.0.2, host: d0a72d05df0f, networkLocation: /default-rack, certSerialId: null}, Type:RATIS, Factor:ONE, State:ALLOCATED, leaderId:7ab98594-cde6-4de5-8649-fca514c5537e, CreationTimestamp2020-11-02T01:46:57.200Z] moved to OPEN state
2020-11-02 01:47:00,203 [EventQueue-OpenPipelineForHealthyPipelineSafeModeRule] INFO  safemode.SCMSafeModeManager (HealthyPipelineSafeModeRule.java:process(129)) - SCM in safe mode. Healthy pipelines reported count is 0, required healthy pipeline reported count is 1
2020-11-02 01:47:00,203 [EventQueue-OpenPipelineForOneReplicaPipelineSafeModeRule] INFO  safemode.SCMSafeModeManager (SCMSafeModeManager.java:validateSafeModeExitRules(214)) - AtleastOneDatanodeReportedRule rule is successfully validated
2020-11-02 01:47:00,203 [pool-239-thread-1] INFO  ratis.ContainerStateMachine (ContainerStateMachine.java:loadSnapshot(225)) - group-0E1A91BAF846: The snapshot info is null. Setting the last applied indexto:(t:0, i:~)
2020-11-02 01:47:00,203 [pool-239-thread-1] INFO  server.RaftServerConfigKeys (ConfUtils.java:logGet(44)) - raft.server.notification.no-leader.timeout = 300s (custom)
2020-11-02 01:47:00,204 [pool-239-thread-1] INFO  server.RaftServerConfigKeys (ConfUtils.java:logGet(44)) - raft.server.log.use.memory = false (default)
2020-11-02 01:47:00,204 [pool-239-thread-1] INFO  server.RaftServerConfigKeys (ConfUtils.java:logGet(44)) - raft.server.log.purge.gap = 1000000 (custom)
2020-11-02 01:47:00,204 [pool-239-thread-1] INFO  metrics.RatisMetrics (RatisMetrics.java:lambda$create$0(36)) - Creating Metrics Registry : ratis.log_worker.7ab98594-cde6-4de5-8649-fca514c5537e@group-0E1A91BAF846
2020-11-02 01:47:00,204 [pool-239-thread-1] INFO  server.RaftServerConfigKeys (ConfUtils.java:logGet(44)) - raft.server.log.appender.buffer.byte-limit = 33554432 (custom)
2020-11-02 01:47:00,204 [pool-239-thread-1] INFO  server.RaftServerConfigKeys (ConfUtils.java:logGet(44)) - raft.server.log.segment.size.max = 1048576 (custom)
2020-11-02 01:47:00,204 [pool-239-thread-1] INFO  server.RaftServerConfigKeys (ConfUtils.java:logGet(44)) - raft.server.log.segment.cache.num.max = 2 (custom)
2020-11-02 01:47:00,205 [pool-239-thread-1] INFO  segmented.SegmentedRaftLogWorker (SegmentedRaftLogWorker.java:<init>(180)) - new 7ab98594-cde6-4de5-8649-fca514c5537e@group-0E1A91BAF846-SegmentedRaftLogWorker for RaftStorage:Storage Directory /github/workspace/mnt/ozone/hadoop-ozone/integration-test/target/test-dir/MiniOzoneClusterImpl-3e692a3b-ddb2-4690-9144-d4d1ad0fcef2/datanode-4/data/ratis/7b40e318-d3f2-48b5-9686-0e1a91baf846
2020-11-02 01:47:00,205 [pool-239-thread-1] INFO  server.RaftServerConfigKeys (ConfUtils.java:logGet(44)) - raft.server.log.queue.byte-limit = 2147483647 (custom)
2020-11-02 01:47:00,205 [pool-239-thread-1] INFO  server.RaftServerConfigKeys (ConfUtils.java:logGet(44)) - raft.server.log.queue.element-limit = 1024 (custom)
2020-11-02 01:47:00,205 [pool-239-thread-1] INFO  server.RaftServerConfigKeys (ConfUtils.java:logGet(44)) - raft.server.log.segment.size.max = 1048576 (custom)
2020-11-02 01:47:00,205 [pool-239-thread-1] INFO  server.RaftServerConfigKeys (ConfUtils.java:logGet(44)) - raft.server.log.preallocated.size = 16384 (custom)
2020-11-02 01:47:00,205 [pool-239-thread-1] INFO  server.RaftServerConfigKeys (ConfUtils.java:logGet(44)) - raft.server.log.write.buffer.size = 1048576 (custom)
2020-11-02 01:47:00,205 [pool-239-thread-1] INFO  server.RaftServerConfigKeys (ConfUtils.java:logGet(44)) - raft.server.log.force.sync.num = 128 (default)
2020-11-02 01:47:00,205 [pool-239-thread-1] INFO  server.RaftServerConfigKeys (ConfUtils.java:logGet(44)) - raft.server.log.statemachine.data.sync = true (default)
2020-11-02 01:47:00,205 [pool-239-thread-1] INFO  server.RaftServerConfigKeys (ConfUtils.java:logGet(44)) - raft.server.log.statemachine.data.sync.timeout = 10s (default)
2020-11-02 01:47:00,205 [pool-239-thread-1] INFO  server.RaftServerConfigKeys (ConfUtils.java:logGet(44)) - raft.server.log.statemachine.data.sync.timeout.retry = -1 (default)
2020-11-02 01:47:00,206 [pool-239-thread-1] INFO  server.RaftServerConfigKeys (ConfUtils.java:logGet(44)) - raft.server.log.statemachine.data.caching.enabled = true (custom)
2020-11-02 01:47:00,207 [pool-239-thread-1] INFO  segmented.SegmentedRaftLogWorker (SegmentedRaftLogWorker.java:lambda$new$0(129)) - 7ab98594-cde6-4de5-8649-fca514c5537e@group-0E1A91BAF846-SegmentedRaftLogWorker: flushIndex: setUnconditionally 0 -> -1
2020-11-02 01:47:00,207 [pool-239-thread-1] INFO  segmented.SegmentedRaftLogWorker (SegmentedRaftLogWorker.java:lambda$new$0(129)) - 7ab98594-cde6-4de5-8649-fca514c5537e@group-0E1A91BAF846-SegmentedRaftLogWorker: safeCacheEvictIndex: setUnconditionally 0 -> -1
2020-11-02 01:47:00,207 [pool-239-thread-1] INFO  server.RaftServerConfigKeys (ConfUtils.java:logGet(44)) - raft.server.snapshot.auto.trigger.enabled = true (custom)
2020-11-02 01:47:00,207 [pool-239-thread-1] INFO  server.RaftServerConfigKeys (ConfUtils.java:logGet(44)) - raft.server.snapshot.auto.trigger.threshold = 10000 (custom)
2020-11-02 01:47:00,207 [pool-239-thread-1] INFO  server.RaftServerConfigKeys (ConfUtils.java:logGet(44)) - raft.server.snapshot.retention.file.num = 5 (custom)
2020-11-02 01:47:00,207 [pool-239-thread-1] INFO  server.RaftServerConfigKeys (ConfUtils.java:logGet(44)) - raft.server.log.purge.upto.snapshot.index = false (default)
2020-11-02 01:47:00,207 [pool-239-thread-1] INFO  server.RaftServerConfigKeys (ConfUtils.java:logGet(44)) - raft.server.retrycache.expirytime = 600000ms (custom)
2020-11-02 01:47:00,208 [pool-239-thread-1] INFO  metrics.RatisMetrics (RatisMetrics.java:lambda$create$0(36)) - Creating Metrics Registry : ratis.leader_election.7ab98594-cde6-4de5-8649-fca514c5537e@group-0E1A91BAF846
2020-11-02 01:47:00,208 [pool-239-thread-1] INFO  metrics.RatisMetrics (RatisMetrics.java:lambda$create$0(36)) - Creating Metrics Registry : ratis.server.7ab98594-cde6-4de5-8649-fca514c5537e@group-0E1A91BAF846
2020-11-02 01:47:00,209 [pool-239-thread-1] INFO  impl.RaftServerImpl (RaftServerImpl.java:start(209)) - 7ab98594-cde6-4de5-8649-fca514c5537e@group-0E1A91BAF846: start as a follower, conf=-1: [7ab98594-cde6-4de5-8649-fca514c5537e:172.17.0.2:40279:0], old=null
2020-11-02 01:47:00,209 [pool-239-thread-1] INFO  impl.RaftServerImpl (RaftServerImpl.java:setRole(198)) - 7ab98594-cde6-4de5-8649-fca514c5537e@group-0E1A91BAF846: changes role from      null to FOLLOWER at term 0 for startAsFollower
2020-11-02 01:47:00,209 [pool-239-thread-1] INFO  impl.RoleInfo (RoleInfo.java:updateAndGet(143)) - 7ab98594-cde6-4de5-8649-fca514c5537e: start FollowerState
2020-11-02 01:47:00,209 [pool-239-thread-1] INFO  util.JmxRegister (JmxRegister.java:tryRegister(44)) - Successfully registered JMX Bean with object name Ratis:service=RaftServer,group=group-0E1A91BAF846,id=7ab98594-cde6-4de5-8649-fca514c5537e
2020-11-02 01:47:00,210 [pool-239-thread-1] INFO  metrics.RatisMetrics (RatisMetrics.java:lambda$create$0(36)) - Creating Metrics Registry : ratis.state_machine.7ab98594-cde6-4de5-8649-fca514c5537e@group-0E1A91BAF846
2020-11-02 01:47:00,210 [Command processor thread] INFO  commandhandler.CreatePipelineCommandHandler (CreatePipelineCommandHandler.java:handle(106)) - Created Pipeline RATIS ONE PipelineID=7b40e318-d3f2-48b5-9686-0e1a91baf846.
2020-11-02 01:47:00,406 [Command processor thread] INFO  impl.RaftServerProxy (RaftServerProxy.java:addNew(92)) - 3273682d-ecc6-428d-bb6c-acac935ad76d: addNew group-2A1571E435FF:[3273682d-ecc6-428d-bb6c-acac935ad76d:172.17.0.2:38465:0] returns group-2A1571E435FF:java.util.concurrent.CompletableFuture@2e20acb5[Not completed]
2020-11-02 01:47:00,407 [pool-254-thread-1] INFO  impl.RaftServerImpl (RaftServerImpl.java:<init>(120)) - 3273682d-ecc6-428d-bb6c-acac935ad76d: new RaftServerImpl for group-2A1571E435FF:[3273682d-ecc6-428d-bb6c-acac935ad76d:172.17.0.2:38465:0] with ContainerStateMachine:uninitialized
2020-11-02 01:47:00,407 [pool-254-thread-1] INFO  server.RaftServerConfigKeys (ConfUtils.java:logGet(44)) - raft.server.rpc.timeout.min = 5s (custom)
2020-11-02 01:47:00,407 [pool-254-thread-1] INFO  server.RaftServerConfigKeys (ConfUtils.java:logGet(44)) - raft.server.rpc.timeout.max = 5200ms (custom)
2020-11-02 01:47:00,407 [pool-254-thread-1] INFO  server.RaftServerConfigKeys (ConfUtils.java:logGet(44)) - raft.server.rpcslowness.timeout = 300s (custom)
2020-11-02 01:47:00,407 [pool-254-thread-1] INFO  server.RaftServerConfigKeys (ConfUtils.java:logGet(44)) - raft.server.sleep.deviation.threshold = 300 (default)
2020-11-02 01:47:00,407 [pool-254-thread-1] INFO  server.RaftServerConfigKeys (ConfUtils.java:logGet(44)) - raft.server.log.appender.install.snapshot.enabled = false (custom)
2020-11-02 01:47:00,407 [pool-254-thread-1] INFO  impl.RaftServerImpl (ServerState.java:<init>(104)) - 3273682d-ecc6-428d-bb6c-acac935ad76d@group-2A1571E435FF: ConfigurationManager, init=-1: [3273682d-ecc6-428d-bb6c-acac935ad76d:172.17.0.2:38465:0], old=null, confs=<EMPTY_MAP>
2020-11-02 01:47:00,407 [pool-254-thread-1] INFO  server.RaftServerConfigKeys (ConfUtils.java:logGet(44)) - raft.server.storage.dir = [/github/workspace/mnt/ozone/hadoop-ozone/integration-test/target/test-dir/MiniOzoneClusterImpl-3e692a3b-ddb2-4690-9144-d4d1ad0fcef2/datanode-5/data/ratis] (custom)
2020-11-02 01:47:00,407 [pool-254-thread-1] INFO  server.RaftServerConfigKeys (ConfUtils.java:logGet(44)) - raft.server.log.corruption.policy = EXCEPTION (default)
2020-11-02 01:47:00,407 [pool-254-thread-1] INFO  storage.RaftStorageDirectory (RaftStorageDirectory.java:analyzeStorage(261)) - The storage directory /github/workspace/mnt/ozone/hadoop-ozone/integration-test/target/test-dir/MiniOzoneClusterImpl-3e692a3b-ddb2-4690-9144-d4d1ad0fcef2/datanode-5/data/ratis/7a368b50-d7c2-4398-8ffd-2a1571e435ff does not exist. Creating ...
2020-11-02 01:47:00,409 [pool-254-thread-1] INFO  storage.RaftStorageDirectory (RaftStorageDirectory.java:tryLock(343)) - Lock on /github/workspace/mnt/ozone/hadoop-ozone/integration-test/target/test-dir/MiniOzoneClusterImpl-3e692a3b-ddb2-4690-9144-d4d1ad0fcef2/datanode-5/data/ratis/7a368b50-d7c2-4398-8ffd-2a1571e435ff/in_use.lock acquired by nodename 15553@d0a72d05df0f
2020-11-02 01:47:00,410 [pool-254-thread-1] INFO  storage.RaftStorage (RaftStorage.java:format(84)) - Storage directory /github/workspace/mnt/ozone/hadoop-ozone/integration-test/target/test-dir/MiniOzoneClusterImpl-3e692a3b-ddb2-4690-9144-d4d1ad0fcef2/datanode-5/data/ratis/7a368b50-d7c2-4398-8ffd-2a1571e435ff has been successfully formatted.
2020-11-02 01:47:00,410 [pool-254-thread-1] INFO  ratis.ContainerStateMachine (ContainerStateMachine.java:loadSnapshot(225)) - group-2A1571E435FF: The snapshot info is null. Setting the last applied indexto:(t:0, i:~)
2020-11-02 01:47:00,410 [pool-254-thread-1] INFO  server.RaftServerConfigKeys (ConfUtils.java:logGet(44)) - raft.server.notification.no-leader.timeout = 300s (custom)
2020-11-02 01:47:00,411 [pool-254-thread-1] INFO  server.RaftServerConfigKeys (ConfUtils.java:logGet(44)) - raft.server.log.use.memory = false (default)
2020-11-02 01:47:00,411 [pool-254-thread-1] INFO  server.RaftServerConfigKeys (ConfUtils.java:logGet(44)) - raft.server.log.purge.gap = 1000000 (custom)
2020-11-02 01:47:00,411 [pool-254-thread-1] INFO  metrics.RatisMetrics (RatisMetrics.java:lambda$create$0(36)) - Creating Metrics Registry : ratis.log_worker.3273682d-ecc6-428d-bb6c-acac935ad76d@group-2A1571E435FF
2020-11-02 01:47:00,411 [pool-254-thread-1] INFO  server.RaftServerConfigKeys (ConfUtils.java:logGet(44)) - raft.server.log.appender.buffer.byte-limit = 33554432 (custom)
2020-11-02 01:47:00,411 [EventQueue-PipelineReportForPipelineReportHandler] INFO  pipeline.PipelineStateManager (PipelineStateManager.java:openPipeline(132)) - Pipeline Pipeline[ Id: 7a368b50-d7c2-4398-8ffd-2a1571e435ff, Nodes: 3273682d-ecc6-428d-bb6c-acac935ad76d{ip: 172.17.0.2, host: d0a72d05df0f, networkLocation: /default-rack, certSerialId: null}, Type:RATIS, Factor:ONE, State:ALLOCATED, leaderId:3273682d-ecc6-428d-bb6c-acac935ad76d, CreationTimestamp2020-11-02T01:46:57.407Z] moved to OPEN state
2020-11-02 01:47:00,412 [EventQueue-OpenPipelineForHealthyPipelineSafeModeRule] INFO  safemode.SCMSafeModeManager (HealthyPipelineSafeModeRule.java:process(129)) - SCM in safe mode. Healthy pipelines reported count is 0, required healthy pipeline reported count is 1
2020-11-02 01:47:00,412 [pool-254-thread-1] INFO  server.RaftServerConfigKeys (ConfUtils.java:logGet(44)) - raft.server.log.segment.size.max = 1048576 (custom)
2020-11-02 01:47:00,412 [EventQueue-OpenPipelineForOneReplicaPipelineSafeModeRule] INFO  safemode.SCMSafeModeManager (SCMSafeModeManager.java:validateSafeModeExitRules(214)) - AtleastOneDatanodeReportedRule rule is successfully validated
2020-11-02 01:47:00,412 [pool-254-thread-1] INFO  server.RaftServerConfigKeys (ConfUtils.java:logGet(44)) - raft.server.log.segment.cache.num.max = 2 (custom)
2020-11-02 01:47:00,412 [pool-254-thread-1] INFO  segmented.SegmentedRaftLogWorker (SegmentedRaftLogWorker.java:<init>(180)) - new 3273682d-ecc6-428d-bb6c-acac935ad76d@group-2A1571E435FF-SegmentedRaftLogWorker for RaftStorage:Storage Directory /github/workspace/mnt/ozone/hadoop-ozone/integration-test/target/test-dir/MiniOzoneClusterImpl-3e692a3b-ddb2-4690-9144-d4d1ad0fcef2/datanode-5/data/ratis/7a368b50-d7c2-4398-8ffd-2a1571e435ff
2020-11-02 01:47:00,412 [pool-254-thread-1] INFO  server.RaftServerConfigKeys (ConfUtils.java:logGet(44)) - raft.server.log.queue.byte-limit = 2147483647 (custom)
2020-11-02 01:47:00,413 [pool-254-thread-1] INFO  server.RaftServerConfigKeys (ConfUtils.java:logGet(44)) - raft.server.log.queue.element-limit = 1024 (custom)
2020-11-02 01:47:00,413 [pool-254-thread-1] INFO  server.RaftServerConfigKeys (ConfUtils.java:logGet(44)) - raft.server.log.segment.size.max = 1048576 (custom)
2020-11-02 01:47:00,413 [pool-254-thread-1] INFO  server.RaftServerConfigKeys (ConfUtils.java:logGet(44)) - raft.server.log.preallocated.size = 16384 (custom)
2020-11-02 01:47:00,413 [pool-254-thread-1] INFO  server.RaftServerConfigKeys (ConfUtils.java:logGet(44)) - raft.server.log.write.buffer.size = 1048576 (custom)
2020-11-02 01:47:00,413 [pool-254-thread-1] INFO  server.RaftServerConfigKeys (ConfUtils.java:logGet(44)) - raft.server.log.force.sync.num = 128 (default)
2020-11-02 01:47:00,413 [pool-254-thread-1] INFO  server.RaftServerConfigKeys (ConfUtils.java:logGet(44)) - raft.server.log.statemachine.data.sync = true (default)
2020-11-02 01:47:00,413 [pool-254-thread-1] INFO  server.RaftServerConfigKeys (ConfUtils.java:logGet(44)) - raft.server.log.statemachine.data.sync.timeout = 10s (default)
2020-11-02 01:47:00,413 [pool-254-thread-1] INFO  server.RaftServerConfigKeys (ConfUtils.java:logGet(44)) - raft.server.log.statemachine.data.sync.timeout.retry = -1 (default)
2020-11-02 01:47:00,415 [pool-254-thread-1] INFO  server.RaftServerConfigKeys (ConfUtils.java:logGet(44)) - raft.server.log.statemachine.data.caching.enabled = true (custom)
2020-11-02 01:47:00,415 [pool-254-thread-1] INFO  segmented.SegmentedRaftLogWorker (SegmentedRaftLogWorker.java:lambda$new$0(129)) - 3273682d-ecc6-428d-bb6c-acac935ad76d@group-2A1571E435FF-SegmentedRaftLogWorker: flushIndex: setUnconditionally 0 -> -1
2020-11-02 01:47:00,415 [pool-254-thread-1] INFO  segmented.SegmentedRaftLogWorker (SegmentedRaftLogWorker.java:lambda$new$0(129)) - 3273682d-ecc6-428d-bb6c-acac935ad76d@group-2A1571E435FF-SegmentedRaftLogWorker: safeCacheEvictIndex: setUnconditionally 0 -> -1
2020-11-02 01:47:00,422 [pool-254-thread-1] INFO  server.RaftServerConfigKeys (ConfUtils.java:logGet(44)) - raft.server.snapshot.auto.trigger.enabled = true (custom)
2020-11-02 01:47:00,422 [pool-254-thread-1] INFO  server.RaftServerConfigKeys (ConfUtils.java:logGet(44)) - raft.server.snapshot.auto.trigger.threshold = 10000 (custom)
2020-11-02 01:47:00,422 [pool-254-thread-1] INFO  server.RaftServerConfigKeys (ConfUtils.java:logGet(44)) - raft.server.snapshot.retention.file.num = 5 (custom)
2020-11-02 01:47:00,422 [pool-254-thread-1] INFO  server.RaftServerConfigKeys (ConfUtils.java:logGet(44)) - raft.server.log.purge.upto.snapshot.index = false (default)
2020-11-02 01:47:00,422 [pool-254-thread-1] INFO  server.RaftServerConfigKeys (ConfUtils.java:logGet(44)) - raft.server.retrycache.expirytime = 600000ms (custom)
2020-11-02 01:47:00,422 [pool-254-thread-1] INFO  metrics.RatisMetrics (RatisMetrics.java:lambda$create$0(36)) - Creating Metrics Registry : ratis.leader_election.3273682d-ecc6-428d-bb6c-acac935ad76d@group-2A1571E435FF
2020-11-02 01:47:00,423 [pool-254-thread-1] INFO  metrics.RatisMetrics (RatisMetrics.java:lambda$create$0(36)) - Creating Metrics Registry : ratis.server.3273682d-ecc6-428d-bb6c-acac935ad76d@group-2A1571E435FF
2020-11-02 01:47:00,424 [pool-254-thread-1] INFO  impl.RaftServerImpl (RaftServerImpl.java:start(209)) - 3273682d-ecc6-428d-bb6c-acac935ad76d@group-2A1571E435FF: start as a follower, conf=-1: [3273682d-ecc6-428d-bb6c-acac935ad76d:172.17.0.2:38465:0], old=null
2020-11-02 01:47:00,424 [pool-254-thread-1] INFO  impl.RaftServerImpl (RaftServerImpl.java:setRole(198)) - 3273682d-ecc6-428d-bb6c-acac935ad76d@group-2A1571E435FF: changes role from      null to FOLLOWER at term 0 for startAsFollower
2020-11-02 01:47:00,424 [pool-254-thread-1] INFO  impl.RoleInfo (RoleInfo.java:updateAndGet(143)) - 3273682d-ecc6-428d-bb6c-acac935ad76d: start FollowerState
2020-11-02 01:47:00,424 [pool-254-thread-1] INFO  util.JmxRegister (JmxRegister.java:tryRegister(44)) - Successfully registered JMX Bean with object name Ratis:service=RaftServer,group=group-2A1571E435FF,id=3273682d-ecc6-428d-bb6c-acac935ad76d
2020-11-02 01:47:00,424 [pool-254-thread-1] INFO  metrics.RatisMetrics (RatisMetrics.java:lambda$create$0(36)) - Creating Metrics Registry : ratis.state_machine.3273682d-ecc6-428d-bb6c-acac935ad76d@group-2A1571E435FF
2020-11-02 01:47:00,425 [Command processor thread] INFO  commandhandler.CreatePipelineCommandHandler (CreatePipelineCommandHandler.java:handle(106)) - Created Pipeline RATIS ONE PipelineID=7a368b50-d7c2-4398-8ffd-2a1571e435ff.
2020-11-02 01:47:00,570 [Listener at 127.0.0.1/34381] INFO  ozone.MiniOzoneClusterImpl (MiniOzoneClusterImpl.java:lambda$waitForClusterToBeReady$0(177)) - Nodes are ready. Got 7 of 7 DN Heartbeats.
2020-11-02 01:47:00,570 [Listener at 127.0.0.1/34381] INFO  ozone.MiniOzoneClusterImpl (MiniOzoneClusterImpl.java:lambda$waitForClusterToBeReady$0(180)) - Waiting for cluster to exit safe mode
2020-11-02 01:47:00,575 [Command processor thread] INFO  impl.RaftServerProxy (RaftServerProxy.java:addNew(92)) - bfea4c38-3863-469c-a612-67521276e931: addNew group-8A6E232A5E78:[bfea4c38-3863-469c-a612-67521276e931:172.17.0.2:38881:0] returns group-8A6E232A5E78:java.util.concurrent.CompletableFuture@45eebe36[Not completed]
2020-11-02 01:47:00,579 [pool-271-thread-1] INFO  impl.RaftServerImpl (RaftServerImpl.java:<init>(120)) - bfea4c38-3863-469c-a612-67521276e931: new RaftServerImpl for group-8A6E232A5E78:[bfea4c38-3863-469c-a612-67521276e931:172.17.0.2:38881:0] with ContainerStateMachine:uninitialized
2020-11-02 01:47:00,581 [pool-271-thread-1] INFO  server.RaftServerConfigKeys (ConfUtils.java:logGet(44)) - raft.server.rpc.timeout.min = 5s (custom)
2020-11-02 01:47:00,581 [pool-271-thread-1] INFO  server.RaftServerConfigKeys (ConfUtils.java:logGet(44)) - raft.server.rpc.timeout.max = 5200ms (custom)
2020-11-02 01:47:00,581 [pool-271-thread-1] INFO  server.RaftServerConfigKeys (ConfUtils.java:logGet(44)) - raft.server.rpcslowness.timeout = 300s (custom)
2020-11-02 01:47:00,581 [pool-271-thread-1] INFO  server.RaftServerConfigKeys (ConfUtils.java:logGet(44)) - raft.server.sleep.deviation.threshold = 300 (default)
2020-11-02 01:47:00,581 [pool-271-thread-1] INFO  server.RaftServerConfigKeys (ConfUtils.java:logGet(44)) - raft.server.log.appender.install.snapshot.enabled = false (custom)
2020-11-02 01:47:00,581 [pool-271-thread-1] INFO  impl.RaftServerImpl (ServerState.java:<init>(104)) - bfea4c38-3863-469c-a612-67521276e931@group-8A6E232A5E78: ConfigurationManager, init=-1: [bfea4c38-3863-469c-a612-67521276e931:172.17.0.2:38881:0], old=null, confs=<EMPTY_MAP>
2020-11-02 01:47:00,581 [pool-271-thread-1] INFO  server.RaftServerConfigKeys (ConfUtils.java:logGet(44)) - raft.server.storage.dir = [/github/workspace/mnt/ozone/hadoop-ozone/integration-test/target/test-dir/MiniOzoneClusterImpl-3e692a3b-ddb2-4690-9144-d4d1ad0fcef2/datanode-6/data/ratis] (custom)
2020-11-02 01:47:00,582 [pool-271-thread-1] INFO  server.RaftServerConfigKeys (ConfUtils.java:logGet(44)) - raft.server.log.corruption.policy = EXCEPTION (default)
2020-11-02 01:47:00,582 [pool-271-thread-1] INFO  storage.RaftStorageDirectory (RaftStorageDirectory.java:analyzeStorage(261)) - The storage directory /github/workspace/mnt/ozone/hadoop-ozone/integration-test/target/test-dir/MiniOzoneClusterImpl-3e692a3b-ddb2-4690-9144-d4d1ad0fcef2/datanode-6/data/ratis/defff4ad-0259-4a79-9296-8a6e232a5e78 does not exist. Creating ...
2020-11-02 01:47:00,583 [pool-271-thread-1] INFO  storage.RaftStorageDirectory (RaftStorageDirectory.java:tryLock(343)) - Lock on /github/workspace/mnt/ozone/hadoop-ozone/integration-test/target/test-dir/MiniOzoneClusterImpl-3e692a3b-ddb2-4690-9144-d4d1ad0fcef2/datanode-6/data/ratis/defff4ad-0259-4a79-9296-8a6e232a5e78/in_use.lock acquired by nodename 15553@d0a72d05df0f
2020-11-02 01:47:00,584 [pool-271-thread-1] INFO  storage.RaftStorage (RaftStorage.java:format(84)) - Storage directory /github/workspace/mnt/ozone/hadoop-ozone/integration-test/target/test-dir/MiniOzoneClusterImpl-3e692a3b-ddb2-4690-9144-d4d1ad0fcef2/datanode-6/data/ratis/defff4ad-0259-4a79-9296-8a6e232a5e78 has been successfully formatted.
2020-11-02 01:47:00,586 [pool-271-thread-1] INFO  ratis.ContainerStateMachine (ContainerStateMachine.java:loadSnapshot(225)) - group-8A6E232A5E78: The snapshot info is null. Setting the last applied indexto:(t:0, i:~)
2020-11-02 01:47:00,587 [pool-271-thread-1] INFO  server.RaftServerConfigKeys (ConfUtils.java:logGet(44)) - raft.server.notification.no-leader.timeout = 300s (custom)
2020-11-02 01:47:00,587 [pool-271-thread-1] INFO  server.RaftServerConfigKeys (ConfUtils.java:logGet(44)) - raft.server.log.use.memory = false (default)
2020-11-02 01:47:00,587 [EventQueue-PipelineReportForPipelineReportHandler] INFO  pipeline.PipelineStateManager (PipelineStateManager.java:openPipeline(132)) - Pipeline Pipeline[ Id: defff4ad-0259-4a79-9296-8a6e232a5e78, Nodes: bfea4c38-3863-469c-a612-67521276e931{ip: 172.17.0.2, host: d0a72d05df0f, networkLocation: /default-rack, certSerialId: null}, Type:RATIS, Factor:ONE, State:ALLOCATED, leaderId:bfea4c38-3863-469c-a612-67521276e931, CreationTimestamp2020-11-02T01:46:57.576Z] moved to OPEN state
2020-11-02 01:47:00,587 [EventQueue-OpenPipelineForHealthyPipelineSafeModeRule] INFO  safemode.SCMSafeModeManager (HealthyPipelineSafeModeRule.java:process(129)) - SCM in safe mode. Healthy pipelines reported count is 0, required healthy pipeline reported count is 1
2020-11-02 01:47:00,587 [EventQueue-OpenPipelineForOneReplicaPipelineSafeModeRule] INFO  safemode.SCMSafeModeManager (SCMSafeModeManager.java:validateSafeModeExitRules(214)) - AtleastOneDatanodeReportedRule rule is successfully validated
2020-11-02 01:47:00,587 [pool-271-thread-1] INFO  server.RaftServerConfigKeys (ConfUtils.java:logGet(44)) - raft.server.log.purge.gap = 1000000 (custom)
2020-11-02 01:47:00,589 [pool-271-thread-1] INFO  metrics.RatisMetrics (RatisMetrics.java:lambda$create$0(36)) - Creating Metrics Registry : ratis.log_worker.bfea4c38-3863-469c-a612-67521276e931@group-8A6E232A5E78
2020-11-02 01:47:00,590 [pool-271-thread-1] INFO  server.RaftServerConfigKeys (ConfUtils.java:logGet(44)) - raft.server.log.appender.buffer.byte-limit = 33554432 (custom)
2020-11-02 01:47:00,590 [pool-271-thread-1] INFO  server.RaftServerConfigKeys (ConfUtils.java:logGet(44)) - raft.server.log.segment.size.max = 1048576 (custom)
2020-11-02 01:47:00,590 [pool-271-thread-1] INFO  server.RaftServerConfigKeys (ConfUtils.java:logGet(44)) - raft.server.log.segment.cache.num.max = 2 (custom)
2020-11-02 01:47:00,591 [pool-271-thread-1] INFO  segmented.SegmentedRaftLogWorker (SegmentedRaftLogWorker.java:<init>(180)) - new bfea4c38-3863-469c-a612-67521276e931@group-8A6E232A5E78-SegmentedRaftLogWorker for RaftStorage:Storage Directory /github/workspace/mnt/ozone/hadoop-ozone/integration-test/target/test-dir/MiniOzoneClusterImpl-3e692a3b-ddb2-4690-9144-d4d1ad0fcef2/datanode-6/data/ratis/defff4ad-0259-4a79-9296-8a6e232a5e78
2020-11-02 01:47:00,591 [pool-271-thread-1] INFO  server.RaftServerConfigKeys (ConfUtils.java:logGet(44)) - raft.server.log.queue.byte-limit = 2147483647 (custom)
2020-11-02 01:47:00,591 [pool-271-thread-1] INFO  server.RaftServerConfigKeys (ConfUtils.java:logGet(44)) - raft.server.log.queue.element-limit = 1024 (custom)
2020-11-02 01:47:00,591 [pool-271-thread-1] INFO  server.RaftServerConfigKeys (ConfUtils.java:logGet(44)) - raft.server.log.segment.size.max = 1048576 (custom)
2020-11-02 01:47:00,591 [pool-271-thread-1] INFO  server.RaftServerConfigKeys (ConfUtils.java:logGet(44)) - raft.server.log.preallocated.size = 16384 (custom)
2020-11-02 01:47:00,591 [pool-271-thread-1] INFO  server.RaftServerConfigKeys (ConfUtils.java:logGet(44)) - raft.server.log.write.buffer.size = 1048576 (custom)
2020-11-02 01:47:00,591 [pool-271-thread-1] INFO  server.RaftServerConfigKeys (ConfUtils.java:logGet(44)) - raft.server.log.force.sync.num = 128 (default)
2020-11-02 01:47:00,591 [pool-271-thread-1] INFO  server.RaftServerConfigKeys (ConfUtils.java:logGet(44)) - raft.server.log.statemachine.data.sync = true (default)
2020-11-02 01:47:00,591 [pool-271-thread-1] INFO  server.RaftServerConfigKeys (ConfUtils.java:logGet(44)) - raft.server.log.statemachine.data.sync.timeout = 10s (default)
2020-11-02 01:47:00,591 [pool-271-thread-1] INFO  server.RaftServerConfigKeys (ConfUtils.java:logGet(44)) - raft.server.log.statemachine.data.sync.timeout.retry = -1 (default)
2020-11-02 01:47:00,596 [pool-271-thread-1] INFO  server.RaftServerConfigKeys (ConfUtils.java:logGet(44)) - raft.server.log.statemachine.data.caching.enabled = true (custom)
2020-11-02 01:47:00,596 [pool-271-thread-1] INFO  segmented.SegmentedRaftLogWorker (SegmentedRaftLogWorker.java:lambda$new$0(129)) - bfea4c38-3863-469c-a612-67521276e931@group-8A6E232A5E78-SegmentedRaftLogWorker: flushIndex: setUnconditionally 0 -> -1
2020-11-02 01:47:00,596 [pool-271-thread-1] INFO  segmented.SegmentedRaftLogWorker (SegmentedRaftLogWorker.java:lambda$new$0(129)) - bfea4c38-3863-469c-a612-67521276e931@group-8A6E232A5E78-SegmentedRaftLogWorker: safeCacheEvictIndex: setUnconditionally 0 -> -1
2020-11-02 01:47:00,597 [pool-271-thread-1] INFO  server.RaftServerConfigKeys (ConfUtils.java:logGet(44)) - raft.server.snapshot.auto.trigger.enabled = true (custom)
2020-11-02 01:47:00,597 [pool-271-thread-1] INFO  server.RaftServerConfigKeys (ConfUtils.java:logGet(44)) - raft.server.snapshot.auto.trigger.threshold = 10000 (custom)
2020-11-02 01:47:00,597 [pool-271-thread-1] INFO  server.RaftServerConfigKeys (ConfUtils.java:logGet(44)) - raft.server.snapshot.retention.file.num = 5 (custom)
2020-11-02 01:47:00,597 [pool-271-thread-1] INFO  server.RaftServerConfigKeys (ConfUtils.java:logGet(44)) - raft.server.log.purge.upto.snapshot.index = false (default)
2020-11-02 01:47:00,597 [pool-271-thread-1] INFO  server.RaftServerConfigKeys (ConfUtils.java:logGet(44)) - raft.server.retrycache.expirytime = 600000ms (custom)
2020-11-02 01:47:00,597 [pool-271-thread-1] INFO  metrics.RatisMetrics (RatisMetrics.java:lambda$create$0(36)) - Creating Metrics Registry : ratis.leader_election.bfea4c38-3863-469c-a612-67521276e931@group-8A6E232A5E78
2020-11-02 01:47:00,598 [pool-271-thread-1] INFO  metrics.RatisMetrics (RatisMetrics.java:lambda$create$0(36)) - Creating Metrics Registry : ratis.server.bfea4c38-3863-469c-a612-67521276e931@group-8A6E232A5E78
2020-11-02 01:47:00,603 [pool-271-thread-1] INFO  impl.RaftServerImpl (RaftServerImpl.java:start(209)) - bfea4c38-3863-469c-a612-67521276e931@group-8A6E232A5E78: start as a follower, conf=-1: [bfea4c38-3863-469c-a612-67521276e931:172.17.0.2:38881:0], old=null
2020-11-02 01:47:00,603 [pool-271-thread-1] INFO  impl.RaftServerImpl (RaftServerImpl.java:setRole(198)) - bfea4c38-3863-469c-a612-67521276e931@group-8A6E232A5E78: changes role from      null to FOLLOWER at term 0 for startAsFollower
2020-11-02 01:47:00,603 [pool-271-thread-1] INFO  impl.RoleInfo (RoleInfo.java:updateAndGet(143)) - bfea4c38-3863-469c-a612-67521276e931: start FollowerState
2020-11-02 01:47:00,603 [pool-271-thread-1] INFO  util.JmxRegister (JmxRegister.java:tryRegister(44)) - Successfully registered JMX Bean with object name Ratis:service=RaftServer,group=group-8A6E232A5E78,id=bfea4c38-3863-469c-a612-67521276e931
2020-11-02 01:47:00,603 [pool-271-thread-1] INFO  metrics.RatisMetrics (RatisMetrics.java:lambda$create$0(36)) - Creating Metrics Registry : ratis.state_machine.bfea4c38-3863-469c-a612-67521276e931@group-8A6E232A5E78
2020-11-02 01:47:00,606 [Command processor thread] INFO  commandhandler.CreatePipelineCommandHandler (CreatePipelineCommandHandler.java:handle(106)) - Created Pipeline RATIS ONE PipelineID=defff4ad-0259-4a79-9296-8a6e232a5e78.
2020-11-02 01:47:01,571 [Listener at 127.0.0.1/34381] INFO  ozone.MiniOzoneClusterImpl (MiniOzoneClusterImpl.java:lambda$waitForClusterToBeReady$0(177)) - Nodes are ready. Got 7 of 7 DN Heartbeats.
2020-11-02 01:47:01,571 [Listener at 127.0.0.1/34381] INFO  ozone.MiniOzoneClusterImpl (MiniOzoneClusterImpl.java:lambda$waitForClusterToBeReady$0(180)) - Waiting for cluster to exit safe mode
2020-11-02 01:47:02,571 [Listener at 127.0.0.1/34381] INFO  ozone.MiniOzoneClusterImpl (MiniOzoneClusterImpl.java:lambda$waitForClusterToBeReady$0(177)) - Nodes are ready. Got 7 of 7 DN Heartbeats.
2020-11-02 01:47:02,571 [Listener at 127.0.0.1/34381] INFO  ozone.MiniOzoneClusterImpl (MiniOzoneClusterImpl.java:lambda$waitForClusterToBeReady$0(180)) - Waiting for cluster to exit safe mode
2020-11-02 01:47:03,572 [Listener at 127.0.0.1/34381] INFO  ozone.MiniOzoneClusterImpl (MiniOzoneClusterImpl.java:lambda$waitForClusterToBeReady$0(177)) - Nodes are ready. Got 7 of 7 DN Heartbeats.
2020-11-02 01:47:03,572 [Listener at 127.0.0.1/34381] INFO  ozone.MiniOzoneClusterImpl (MiniOzoneClusterImpl.java:lambda$waitForClusterToBeReady$0(180)) - Waiting for cluster to exit safe mode
2020-11-02 01:47:04,572 [Listener at 127.0.0.1/34381] INFO  ozone.MiniOzoneClusterImpl (MiniOzoneClusterImpl.java:lambda$waitForClusterToBeReady$0(177)) - Nodes are ready. Got 7 of 7 DN Heartbeats.
2020-11-02 01:47:04,573 [Listener at 127.0.0.1/34381] INFO  ozone.MiniOzoneClusterImpl (MiniOzoneClusterImpl.java:lambda$waitForClusterToBeReady$0(180)) - Waiting for cluster to exit safe mode
2020-11-02 01:47:04,618 [Thread-586] INFO  impl.FollowerState (FollowerState.java:run(108)) - a229fafa-639a-4c6f-8207-366329f46569@group-21B8055BAC19-FollowerState: change to CANDIDATE, lastRpcTime:5041ms, electionTimeout:5031ms
2020-11-02 01:47:04,618 [Thread-586] INFO  impl.RoleInfo (RoleInfo.java:shutdownFollowerState(121)) - a229fafa-639a-4c6f-8207-366329f46569: shutdown FollowerState
2020-11-02 01:47:04,618 [Thread-586] INFO  impl.RaftServerImpl (RaftServerImpl.java:setRole(198)) - a229fafa-639a-4c6f-8207-366329f46569@group-21B8055BAC19: changes role from  FOLLOWER to CANDIDATE at term 0 for changeToCandidate
2020-11-02 01:47:04,618 [Thread-586] INFO  impl.RoleInfo (RoleInfo.java:updateAndGet(143)) - a229fafa-639a-4c6f-8207-366329f46569: start LeaderElection
2020-11-02 01:47:04,622 [a229fafa-639a-4c6f-8207-366329f46569@group-21B8055BAC19-LeaderElection13] INFO  impl.LeaderElection (LeaderElection.java:askForVotes(210)) - a229fafa-639a-4c6f-8207-366329f46569@group-21B8055BAC19-LeaderElection13: begin an election at term 1 for -1: [a229fafa-639a-4c6f-8207-366329f46569:172.17.0.2:41847:0], old=null
2020-11-02 01:47:04,622 [a229fafa-639a-4c6f-8207-366329f46569@group-21B8055BAC19-LeaderElection13] INFO  impl.RoleInfo (RoleInfo.java:shutdownLeaderElection(134)) - a229fafa-639a-4c6f-8207-366329f46569: shutdown LeaderElection
2020-11-02 01:47:04,622 [a229fafa-639a-4c6f-8207-366329f46569@group-21B8055BAC19-LeaderElection13] INFO  impl.RaftServerImpl (RaftServerImpl.java:setRole(198)) - a229fafa-639a-4c6f-8207-366329f46569@group-21B8055BAC19: changes role from CANDIDATE to LEADER at term 1 for changeToLeader
2020-11-02 01:47:04,622 [a229fafa-639a-4c6f-8207-366329f46569@group-21B8055BAC19-LeaderElection13] INFO  ratis.XceiverServerRatis (XceiverServerRatis.java:handleLeaderChangedNotification(854)) - Leader change notification received for group: group-21B8055BAC19 with new leaderId: a229fafa-639a-4c6f-8207-366329f46569
2020-11-02 01:47:04,622 [a229fafa-639a-4c6f-8207-366329f46569@group-21B8055BAC19-LeaderElection13] INFO  impl.RaftServerImpl (ServerState.java:setLeader(256)) - a229fafa-639a-4c6f-8207-366329f46569@group-21B8055BAC19: change Leader from null to a229fafa-639a-4c6f-8207-366329f46569 at term 1 for becomeLeader, leader elected after 5057ms
2020-11-02 01:47:04,623 [a229fafa-639a-4c6f-8207-366329f46569@group-21B8055BAC19-LeaderElection13] INFO  server.RaftServerConfigKeys (ConfUtils.java:logGet(44)) - raft.server.staging.catchup.gap = 1000 (default)
2020-11-02 01:47:04,623 [a229fafa-639a-4c6f-8207-366329f46569@group-21B8055BAC19-LeaderElection13] INFO  server.RaftServerConfigKeys (ConfUtils.java:logGet(44)) - raft.server.rpc.sleep.time = 25ms (default)
2020-11-02 01:47:04,623 [a229fafa-639a-4c6f-8207-366329f46569@group-21B8055BAC19-LeaderElection13] INFO  metrics.RatisMetrics (RatisMetrics.java:lambda$create$0(36)) - Creating Metrics Registry : ratis.log_appender.a229fafa-639a-4c6f-8207-366329f46569@group-21B8055BAC19
2020-11-02 01:47:04,623 [a229fafa-639a-4c6f-8207-366329f46569@group-21B8055BAC19-LeaderElection13] INFO  server.RaftServerConfigKeys (ConfUtils.java:logGet(44)) - raft.server.write.element-limit = 1024 (custom)
2020-11-02 01:47:04,624 [a229fafa-639a-4c6f-8207-366329f46569@group-21B8055BAC19-LeaderElection13] INFO  server.RaftServerConfigKeys (ConfUtils.java:logGet(44)) - raft.server.write.byte-limit = 1073741824 (custom)
2020-11-02 01:47:04,624 [a229fafa-639a-4c6f-8207-366329f46569@group-21B8055BAC19-LeaderElection13] INFO  server.RaftServerConfigKeys (ConfUtils.java:logGet(44)) - raft.server.watch.timeout = 180s (custom)
2020-11-02 01:47:04,624 [a229fafa-639a-4c6f-8207-366329f46569@group-21B8055BAC19-LeaderElection13] INFO  server.RaftServerConfigKeys (ConfUtils.java:logGet(44)) - raft.server.watch.timeout.denomination = 1s (default)
2020-11-02 01:47:04,624 [a229fafa-639a-4c6f-8207-366329f46569@group-21B8055BAC19-LeaderElection13] INFO  server.RaftServerConfigKeys (ConfUtils.java:logGet(44)) - raft.server.watch.element-limit = 65536 (default)
2020-11-02 01:47:04,624 [a229fafa-639a-4c6f-8207-366329f46569@group-21B8055BAC19-LeaderElection13] INFO  impl.RoleInfo (RoleInfo.java:updateAndGet(143)) - a229fafa-639a-4c6f-8207-366329f46569: start LeaderState
2020-11-02 01:47:04,625 [a229fafa-639a-4c6f-8207-366329f46569@group-21B8055BAC19-LeaderElection13] INFO  segmented.SegmentedRaftLogWorker (SegmentedRaftLogWorker.java:startLogSegment(397)) - a229fafa-639a-4c6f-8207-366329f46569@group-21B8055BAC19-SegmentedRaftLogWorker: Starting segment from index:0
2020-11-02 01:47:04,625 [a229fafa-639a-4c6f-8207-366329f46569@group-21B8055BAC19-LeaderElection13] INFO  impl.RaftServerImpl (ServerState.java:setRaftConf(374)) - a229fafa-639a-4c6f-8207-366329f46569@group-21B8055BAC19: set configuration 0: [a229fafa-639a-4c6f-8207-366329f46569:172.17.0.2:41847:0], old=null at 0
2020-11-02 01:47:04,626 [a229fafa-639a-4c6f-8207-366329f46569@group-21B8055BAC19-SegmentedRaftLogWorker] INFO  segmented.SegmentedRaftLogWorker (SegmentedRaftLogWorker.java:execute(596)) - a229fafa-639a-4c6f-8207-366329f46569@group-21B8055BAC19-SegmentedRaftLogWorker: created new log segment /github/workspace/mnt/ozone/hadoop-ozone/integration-test/target/test-dir/MiniOzoneClusterImpl-3e692a3b-ddb2-4690-9144-d4d1ad0fcef2/datanode-0/data/ratis/f7f354b5-5257-40ca-9ade-21b8055bac19/current/log_inprogress_0
2020-11-02 01:47:04,719 [Thread-590] INFO  impl.FollowerState (FollowerState.java:run(108)) - deba329c-6360-4670-9ec9-a05e031d7f0d@group-8FD204D29001-FollowerState: change to CANDIDATE, lastRpcTime:5083ms, electionTimeout:5078ms
2020-11-02 01:47:04,719 [Thread-590] INFO  impl.RoleInfo (RoleInfo.java:shutdownFollowerState(121)) - deba329c-6360-4670-9ec9-a05e031d7f0d: shutdown FollowerState
2020-11-02 01:47:04,719 [Thread-590] INFO  impl.RaftServerImpl (RaftServerImpl.java:setRole(198)) - deba329c-6360-4670-9ec9-a05e031d7f0d@group-8FD204D29001: changes role from  FOLLOWER to CANDIDATE at term 0 for changeToCandidate
2020-11-02 01:47:04,719 [Thread-590] INFO  impl.RoleInfo (RoleInfo.java:updateAndGet(143)) - deba329c-6360-4670-9ec9-a05e031d7f0d: start LeaderElection
2020-11-02 01:47:04,723 [deba329c-6360-4670-9ec9-a05e031d7f0d@group-8FD204D29001-LeaderElection14] INFO  impl.LeaderElection (LeaderElection.java:askForVotes(210)) - deba329c-6360-4670-9ec9-a05e031d7f0d@group-8FD204D29001-LeaderElection14: begin an election at term 1 for -1: [deba329c-6360-4670-9ec9-a05e031d7f0d:172.17.0.2:38233:0, f4704367-9fd7-4d83-8836-3ce9ecc30269:172.17.0.2:33199:0, a229fafa-639a-4c6f-8207-366329f46569:172.17.0.2:41847:0], old=null
2020-11-02 01:47:04,731 [grpc-default-executor-1] INFO  metrics.RatisMetrics (RatisMetrics.java:lambda$create$0(36)) - Creating Metrics Registry : ratis.server_message_metrics.a229fafa-639a-4c6f-8207-366329f46569
2020-11-02 01:47:04,733 [grpc-default-executor-0] INFO  impl.RaftServerImpl (RaftServerImpl.java:setRole(198)) - f4704367-9fd7-4d83-8836-3ce9ecc30269@group-8FD204D29001: changes role from  FOLLOWER to FOLLOWER at term 1 for recognizeCandidate:deba329c-6360-4670-9ec9-a05e031d7f0d
2020-11-02 01:47:04,733 [grpc-default-executor-0] INFO  impl.RoleInfo (RoleInfo.java:shutdownFollowerState(121)) - f4704367-9fd7-4d83-8836-3ce9ecc30269: shutdown FollowerState
2020-11-02 01:47:04,733 [grpc-default-executor-0] INFO  impl.RoleInfo (RoleInfo.java:updateAndGet(143)) - f4704367-9fd7-4d83-8836-3ce9ecc30269: start FollowerState
2020-11-02 01:47:04,733 [Thread-593] INFO  impl.FollowerState (FollowerState.java:run(117)) - f4704367-9fd7-4d83-8836-3ce9ecc30269@group-8FD204D29001-FollowerState was interrupted: java.lang.InterruptedException: sleep interrupted
2020-11-02 01:47:04,735 [grpc-default-executor-0] INFO  impl.RaftServerImpl (RaftServerImpl.java:requestVote(923)) -  FOLLOWER f4704367-9fd7-4d83-8836-3ce9ecc30269@group-8FD204D29001:t1, leader=null, voted=null, raftlog=f4704367-9fd7-4d83-8836-3ce9ecc30269@group-8FD204D29001-SegmentedRaftLog:OPENED:c-1,f-1,i0, conf=-1: [deba329c-6360-4670-9ec9-a05e031d7f0d:172.17.0.2:38233:0, f4704367-9fd7-4d83-8836-3ce9ecc30269:172.17.0.2:33199:0, a229fafa-639a-4c6f-8207-366329f46569:172.17.0.2:41847:0], old=null RUNNING priority:0 candidate:deba329c-6360-4670-9ec9-a05e031d7f0d:172.17.0.2:38233:0 candidatePriority:0 compare:0
2020-11-02 01:47:04,741 [grpc-default-executor-1] INFO  impl.RaftServerImpl (RaftServerImpl.java:setRole(198)) - a229fafa-639a-4c6f-8207-366329f46569@group-8FD204D29001: changes role from  FOLLOWER to FOLLOWER at term 1 for recognizeCandidate:deba329c-6360-4670-9ec9-a05e031d7f0d
2020-11-02 01:47:04,741 [grpc-default-executor-1] INFO  impl.RoleInfo (RoleInfo.java:shutdownFollowerState(121)) - a229fafa-639a-4c6f-8207-366329f46569: shutdown FollowerState
2020-11-02 01:47:04,741 [grpc-default-executor-1] INFO  impl.RoleInfo (RoleInfo.java:updateAndGet(143)) - a229fafa-639a-4c6f-8207-366329f46569: start FollowerState
2020-11-02 01:47:04,741 [Thread-588] INFO  impl.FollowerState (FollowerState.java:run(117)) - a229fafa-639a-4c6f-8207-366329f46569@group-8FD204D29001-FollowerState was interrupted: java.lang.InterruptedException: sleep interrupted
2020-11-02 01:47:04,742 [grpc-default-executor-1] INFO  impl.RaftServerImpl (RaftServerImpl.java:requestVote(923)) -  FOLLOWER a229fafa-639a-4c6f-8207-366329f46569@group-8FD204D29001:t1, leader=null, voted=null, raftlog=a229fafa-639a-4c6f-8207-366329f46569@group-8FD204D29001-SegmentedRaftLog:OPENED:c-1,f-1,i0, conf=-1: [deba329c-6360-4670-9ec9-a05e031d7f0d:172.17.0.2:38233:0, f4704367-9fd7-4d83-8836-3ce9ecc30269:172.17.0.2:33199:0, a229fafa-639a-4c6f-8207-366329f46569:172.17.0.2:41847:0], old=null RUNNING priority:0 candidate:deba329c-6360-4670-9ec9-a05e031d7f0d:172.17.0.2:38233:0 candidatePriority:0 compare:0
2020-11-02 01:47:04,746 [deba329c-6360-4670-9ec9-a05e031d7f0d@group-8FD204D29001-LeaderElection14] INFO  impl.LeaderElection (LeaderElection.java:logAndReturn(62)) - deba329c-6360-4670-9ec9-a05e031d7f0d@group-8FD204D29001-LeaderElection14: Election PASSED; received 1 response(s) [deba329c-6360-4670-9ec9-a05e031d7f0d<-a229fafa-639a-4c6f-8207-366329f46569#0:OK-t1] and 0 exception(s); deba329c-6360-4670-9ec9-a05e031d7f0d@group-8FD204D29001:t1, leader=null, voted=deba329c-6360-4670-9ec9-a05e031d7f0d, raftlog=deba329c-6360-4670-9ec9-a05e031d7f0d@group-8FD204D29001-SegmentedRaftLog:OPENED:c-1,f-1,i0, conf=-1: [deba329c-6360-4670-9ec9-a05e031d7f0d:172.17.0.2:38233:0, f4704367-9fd7-4d83-8836-3ce9ecc30269:172.17.0.2:33199:0, a229fafa-639a-4c6f-8207-366329f46569:172.17.0.2:41847:0], old=null
2020-11-02 01:47:04,746 [deba329c-6360-4670-9ec9-a05e031d7f0d@group-8FD204D29001-LeaderElection14] INFO  impl.RoleInfo (RoleInfo.java:shutdownLeaderElection(134)) - deba329c-6360-4670-9ec9-a05e031d7f0d: shutdown LeaderElection
2020-11-02 01:47:04,747 [deba329c-6360-4670-9ec9-a05e031d7f0d@group-8FD204D29001-LeaderElection14] INFO  impl.RaftServerImpl (RaftServerImpl.java:setRole(198)) - deba329c-6360-4670-9ec9-a05e031d7f0d@group-8FD204D29001: changes role from CANDIDATE to LEADER at term 1 for changeToLeader
2020-11-02 01:47:04,747 [deba329c-6360-4670-9ec9-a05e031d7f0d@group-8FD204D29001-LeaderElection14] INFO  ratis.XceiverServerRatis (XceiverServerRatis.java:handleLeaderChangedNotification(854)) - Leader change notification received for group: group-8FD204D29001 with new leaderId: deba329c-6360-4670-9ec9-a05e031d7f0d
2020-11-02 01:47:04,747 [deba329c-6360-4670-9ec9-a05e031d7f0d@group-8FD204D29001-LeaderElection14] INFO  impl.RaftServerImpl (ServerState.java:setLeader(256)) - deba329c-6360-4670-9ec9-a05e031d7f0d@group-8FD204D29001: change Leader from null to deba329c-6360-4670-9ec9-a05e031d7f0d at term 1 for becomeLeader, leader elected after 5119ms
2020-11-02 01:47:04,747 [deba329c-6360-4670-9ec9-a05e031d7f0d@group-8FD204D29001-LeaderElection14] INFO  server.RaftServerConfigKeys (ConfUtils.java:logGet(44)) - raft.server.staging.catchup.gap = 1000 (default)
2020-11-02 01:47:04,748 [deba329c-6360-4670-9ec9-a05e031d7f0d@group-8FD204D29001-LeaderElection14] INFO  server.RaftServerConfigKeys (ConfUtils.java:logGet(44)) - raft.server.rpc.sleep.time = 25ms (default)
2020-11-02 01:47:04,748 [deba329c-6360-4670-9ec9-a05e031d7f0d@group-8FD204D29001-LeaderElection14] INFO  metrics.RatisMetrics (RatisMetrics.java:lambda$create$0(36)) - Creating Metrics Registry : ratis.log_appender.deba329c-6360-4670-9ec9-a05e031d7f0d@group-8FD204D29001
2020-11-02 01:47:04,748 [deba329c-6360-4670-9ec9-a05e031d7f0d@group-8FD204D29001-LeaderElection14] INFO  server.RaftServerConfigKeys (ConfUtils.java:logGet(44)) - raft.server.write.element-limit = 1024 (custom)
2020-11-02 01:47:04,748 [deba329c-6360-4670-9ec9-a05e031d7f0d@group-8FD204D29001-LeaderElection14] INFO  server.RaftServerConfigKeys (ConfUtils.java:logGet(44)) - raft.server.write.byte-limit = 1073741824 (custom)
2020-11-02 01:47:04,748 [deba329c-6360-4670-9ec9-a05e031d7f0d@group-8FD204D29001-LeaderElection14] INFO  server.RaftServerConfigKeys (ConfUtils.java:logGet(44)) - raft.server.watch.timeout = 180s (custom)
2020-11-02 01:47:04,748 [deba329c-6360-4670-9ec9-a05e031d7f0d@group-8FD204D29001-LeaderElection14] INFO  server.RaftServerConfigKeys (ConfUtils.java:logGet(44)) - raft.server.watch.timeout.denomination = 1s (default)
2020-11-02 01:47:04,748 [deba329c-6360-4670-9ec9-a05e031d7f0d@group-8FD204D29001-LeaderElection14] INFO  server.RaftServerConfigKeys (ConfUtils.java:logGet(44)) - raft.server.watch.element-limit = 65536 (default)
2020-11-02 01:47:04,748 [EventQueue-PipelineReportForPipelineReportHandler] INFO  pipeline.PipelineStateManager (PipelineStateManager.java:openPipeline(132)) - Pipeline Pipeline[ Id: 73159340-9494-496f-a1b4-8fd204d29001, Nodes: deba329c-6360-4670-9ec9-a05e031d7f0d{ip: 172.17.0.2, host: d0a72d05df0f, networkLocation: /default-rack, certSerialId: null}f4704367-9fd7-4d83-8836-3ce9ecc30269{ip: 172.17.0.2, host: d0a72d05df0f, networkLocation: /default-rack, certSerialId: null}a229fafa-639a-4c6f-8207-366329f46569{ip: 172.17.0.2, host: d0a72d05df0f, networkLocation: /default-rack, certSerialId: null}, Type:RATIS, Factor:THREE, State:ALLOCATED, leaderId:deba329c-6360-4670-9ec9-a05e031d7f0d, CreationTimestamp2020-11-02T01:46:56.877Z] moved to OPEN state
2020-11-02 01:47:04,751 [EventQueue-OpenPipelineForOneReplicaPipelineSafeModeRule] INFO  safemode.SCMSafeModeManager (SCMSafeModeManager.java:validateSafeModeExitRules(214)) - AtleastOneDatanodeReportedRule rule is successfully validated
2020-11-02 01:47:04,748 [deba329c-6360-4670-9ec9-a05e031d7f0d@group-8FD204D29001-LeaderElection14] INFO  server.RaftServerConfigKeys (ConfUtils.java:logGet(44)) - raft.server.log.appender.snapshot.chunk.size.max = 16MB (=16777216) (default)
2020-11-02 01:47:04,752 [deba329c-6360-4670-9ec9-a05e031d7f0d@group-8FD204D29001-LeaderElection14] INFO  server.RaftServerConfigKeys (ConfUtils.java:logGet(44)) - raft.server.log.appender.buffer.byte-limit = 33554432 (custom)
2020-11-02 01:47:04,752 [deba329c-6360-4670-9ec9-a05e031d7f0d@group-8FD204D29001-LeaderElection14] INFO  server.RaftServerConfigKeys (ConfUtils.java:logGet(44)) - raft.server.log.appender.buffer.element-limit = 1 (custom)
2020-11-02 01:47:04,752 [deba329c-6360-4670-9ec9-a05e031d7f0d@group-8FD204D29001-LeaderElection14] INFO  grpc.GrpcConfigKeys (ConfUtils.java:logGet(44)) - raft.grpc.server.leader.outstanding.appends.max = 128 (default)
2020-11-02 01:47:04,752 [deba329c-6360-4670-9ec9-a05e031d7f0d@group-8FD204D29001-LeaderElection14] INFO  server.RaftServerConfigKeys (ConfUtils.java:logGet(44)) - raft.server.rpc.request.timeout = 60s (custom)
2020-11-02 01:47:04,752 [deba329c-6360-4670-9ec9-a05e031d7f0d@group-8FD204D29001-LeaderElection14] INFO  server.RaftServerConfigKeys (ConfUtils.java:logGet(44)) - raft.server.log.appender.install.snapshot.enabled = false (custom)
2020-11-02 01:47:04,752 [deba329c-6360-4670-9ec9-a05e031d7f0d@group-8FD204D29001-LeaderElection14] INFO  metrics.RatisMetrics (RatisMetrics.java:lambda$create$0(36)) - Creating Metrics Registry : ratis_grpc.log_appender.deba329c-6360-4670-9ec9-a05e031d7f0d@group-8FD204D29001
2020-11-02 01:47:04,753 [deba329c-6360-4670-9ec9-a05e031d7f0d@group-8FD204D29001-LeaderElection14] INFO  server.RaftServerConfigKeys (ConfUtils.java:logGet(44)) - raft.server.log.appender.snapshot.chunk.size.max = 16MB (=16777216) (default)
2020-11-02 01:47:04,753 [deba329c-6360-4670-9ec9-a05e031d7f0d@group-8FD204D29001-LeaderElection14] INFO  server.RaftServerConfigKeys (ConfUtils.java:logGet(44)) - raft.server.log.appender.buffer.byte-limit = 33554432 (custom)
2020-11-02 01:47:04,753 [deba329c-6360-4670-9ec9-a05e031d7f0d@group-8FD204D29001-LeaderElection14] INFO  server.RaftServerConfigKeys (ConfUtils.java:logGet(44)) - raft.server.log.appender.buffer.element-limit = 1 (custom)
2020-11-02 01:47:04,753 [deba329c-6360-4670-9ec9-a05e031d7f0d@group-8FD204D29001-LeaderElection14] INFO  grpc.GrpcConfigKeys (ConfUtils.java:logGet(44)) - raft.grpc.server.leader.outstanding.appends.max = 128 (default)
2020-11-02 01:47:04,753 [deba329c-6360-4670-9ec9-a05e031d7f0d@group-8FD204D29001-LeaderElection14] INFO  server.RaftServerConfigKeys (ConfUtils.java:logGet(44)) - raft.server.rpc.request.timeout = 60s (custom)
2020-11-02 01:47:04,753 [deba329c-6360-4670-9ec9-a05e031d7f0d@group-8FD204D29001-LeaderElection14] INFO  server.RaftServerConfigKeys (ConfUtils.java:logGet(44)) - raft.server.log.appender.install.snapshot.enabled = false (custom)
2020-11-02 01:47:04,751 [EventQueue-OpenPipelineForHealthyPipelineSafeModeRule] INFO  safemode.SCMSafeModeManager (HealthyPipelineSafeModeRule.java:process(129)) - SCM in safe mode. Healthy pipelines reported count is 1, required healthy pipeline reported count is 1
2020-11-02 01:47:04,753 [EventQueue-OpenPipelineForHealthyPipelineSafeModeRule] INFO  safemode.SCMSafeModeManager (SCMSafeModeManager.java:validateSafeModeExitRules(214)) - HealthyPipelineSafeModeRule rule is successfully validated
2020-11-02 01:47:04,754 [EventQueue-OpenPipelineForHealthyPipelineSafeModeRule] INFO  safemode.SCMSafeModeManager (SCMSafeModeManager.java:validateSafeModeExitRules(228)) - ScmSafeModeManager, all rules are successfully validated
2020-11-02 01:47:04,754 [EventQueue-OpenPipelineForHealthyPipelineSafeModeRule] INFO  safemode.SCMSafeModeManager (SCMSafeModeManager.java:exitSafeMode(257)) - SCM exiting safe mode.
2020-11-02 01:47:04,755 [deba329c-6360-4670-9ec9-a05e031d7f0d@group-8FD204D29001-LeaderElection14] INFO  impl.RoleInfo (RoleInfo.java:updateAndGet(143)) - deba329c-6360-4670-9ec9-a05e031d7f0d: start LeaderState
2020-11-02 01:47:04,755 [deba329c-6360-4670-9ec9-a05e031d7f0d@group-8FD204D29001-LeaderElection14] INFO  segmented.SegmentedRaftLogWorker (SegmentedRaftLogWorker.java:startLogSegment(397)) - deba329c-6360-4670-9ec9-a05e031d7f0d@group-8FD204D29001-SegmentedRaftLogWorker: Starting segment from index:0
2020-11-02 01:47:04,756 [deba329c-6360-4670-9ec9-a05e031d7f0d@group-8FD204D29001-SegmentedRaftLogWorker] INFO  segmented.SegmentedRaftLogWorker (SegmentedRaftLogWorker.java:execute(596)) - deba329c-6360-4670-9ec9-a05e031d7f0d@group-8FD204D29001-SegmentedRaftLogWorker: created new log segment /github/workspace/mnt/ozone/hadoop-ozone/integration-test/target/test-dir/MiniOzoneClusterImpl-3e692a3b-ddb2-4690-9144-d4d1ad0fcef2/datanode-1/data/ratis/73159340-9494-496f-a1b4-8fd204d29001/current/log_inprogress_0
2020-11-02 01:47:04,766 [deba329c-6360-4670-9ec9-a05e031d7f0d@group-8FD204D29001-LeaderElection14] INFO  impl.RaftServerImpl (ServerState.java:setRaftConf(374)) - deba329c-6360-4670-9ec9-a05e031d7f0d@group-8FD204D29001: set configuration 0: [deba329c-6360-4670-9ec9-a05e031d7f0d:172.17.0.2:38233:0, f4704367-9fd7-4d83-8836-3ce9ecc30269:172.17.0.2:33199:0, a229fafa-639a-4c6f-8207-366329f46569:172.17.0.2:41847:0], old=null at 0
2020-11-02 01:47:04,774 [grpc-default-executor-1] INFO  ratis.XceiverServerRatis (XceiverServerRatis.java:handleLeaderChangedNotification(854)) - Leader change notification received for group: group-8FD204D29001 with new leaderId: deba329c-6360-4670-9ec9-a05e031d7f0d
2020-11-02 01:47:04,774 [grpc-default-executor-1] INFO  impl.RaftServerImpl (ServerState.java:setLeader(256)) - f4704367-9fd7-4d83-8836-3ce9ecc30269@group-8FD204D29001: change Leader from null to deba329c-6360-4670-9ec9-a05e031d7f0d at term 1 for appendEntries, leader elected after 5096ms
2020-11-02 01:47:04,776 [grpc-default-executor-1] INFO  impl.RaftServerImpl (ServerState.java:setRaftConf(374)) - f4704367-9fd7-4d83-8836-3ce9ecc30269@group-8FD204D29001: set configuration 0: [deba329c-6360-4670-9ec9-a05e031d7f0d:172.17.0.2:38233:0, f4704367-9fd7-4d83-8836-3ce9ecc30269:172.17.0.2:33199:0, a229fafa-639a-4c6f-8207-366329f46569:172.17.0.2:41847:0], old=null at 0
2020-11-02 01:47:04,776 [grpc-default-executor-1] INFO  segmented.SegmentedRaftLogWorker (SegmentedRaftLogWorker.java:startLogSegment(397)) - f4704367-9fd7-4d83-8836-3ce9ecc30269@group-8FD204D29001-SegmentedRaftLogWorker: Starting segment from index:0
2020-11-02 01:47:04,778 [f4704367-9fd7-4d83-8836-3ce9ecc30269@group-8FD204D29001-SegmentedRaftLogWorker] INFO  segmented.SegmentedRaftLogWorker (SegmentedRaftLogWorker.java:execute(596)) - f4704367-9fd7-4d83-8836-3ce9ecc30269@group-8FD204D29001-SegmentedRaftLogWorker: created new log segment /github/workspace/mnt/ozone/hadoop-ozone/integration-test/target/test-dir/MiniOzoneClusterImpl-3e692a3b-ddb2-4690-9144-d4d1ad0fcef2/datanode-2/data/ratis/73159340-9494-496f-a1b4-8fd204d29001/current/log_inprogress_0
2020-11-02 01:47:04,788 [grpc-default-executor-1] INFO  ratis.XceiverServerRatis (XceiverServerRatis.java:handleLeaderChangedNotification(854)) - Leader change notification received for group: group-8FD204D29001 with new leaderId: deba329c-6360-4670-9ec9-a05e031d7f0d
2020-11-02 01:47:04,788 [grpc-default-executor-1] INFO  impl.RaftServerImpl (ServerState.java:setLeader(256)) - a229fafa-639a-4c6f-8207-366329f46569@group-8FD204D29001: change Leader from null to deba329c-6360-4670-9ec9-a05e031d7f0d at term 1 for appendEntries, leader elected after 5190ms
2020-11-02 01:47:04,789 [grpc-default-executor-1] INFO  impl.RaftServerImpl (ServerState.java:setRaftConf(374)) - a229fafa-639a-4c6f-8207-366329f46569@group-8FD204D29001: set configuration 0: [deba329c-6360-4670-9ec9-a05e031d7f0d:172.17.0.2:38233:0, f4704367-9fd7-4d83-8836-3ce9ecc30269:172.17.0.2:33199:0, a229fafa-639a-4c6f-8207-366329f46569:172.17.0.2:41847:0], old=null at 0
2020-11-02 01:47:04,790 [grpc-default-executor-1] INFO  segmented.SegmentedRaftLogWorker (SegmentedRaftLogWorker.java:startLogSegment(397)) - a229fafa-639a-4c6f-8207-366329f46569@group-8FD204D29001-SegmentedRaftLogWorker: Starting segment from index:0
2020-11-02 01:47:04,792 [a229fafa-639a-4c6f-8207-366329f46569@group-8FD204D29001-SegmentedRaftLogWorker] INFO  segmented.SegmentedRaftLogWorker (SegmentedRaftLogWorker.java:execute(596)) - a229fafa-639a-4c6f-8207-366329f46569@group-8FD204D29001-SegmentedRaftLogWorker: created new log segment /github/workspace/mnt/ozone/hadoop-ozone/integration-test/target/test-dir/MiniOzoneClusterImpl-3e692a3b-ddb2-4690-9144-d4d1ad0fcef2/datanode-0/data/ratis/73159340-9494-496f-a1b4-8fd204d29001/current/log_inprogress_0
2020-11-02 01:47:04,877 [Thread-596] INFO  impl.FollowerState (FollowerState.java:run(108)) - deba329c-6360-4670-9ec9-a05e031d7f0d@group-8F399FD064EB-FollowerState: change to CANDIDATE, lastRpcTime:5151ms, electionTimeout:5151ms
2020-11-02 01:47:04,878 [Thread-596] INFO  impl.RoleInfo (RoleInfo.java:shutdownFollowerState(121)) - deba329c-6360-4670-9ec9-a05e031d7f0d: shutdown FollowerState
2020-11-02 01:47:04,878 [Thread-596] INFO  impl.RaftServerImpl (RaftServerImpl.java:setRole(198)) - deba329c-6360-4670-9ec9-a05e031d7f0d@group-8F399FD064EB: changes role from  FOLLOWER to CANDIDATE at term 0 for changeToCandidate
2020-11-02 01:47:04,878 [Thread-596] INFO  impl.RoleInfo (RoleInfo.java:updateAndGet(143)) - deba329c-6360-4670-9ec9-a05e031d7f0d: start LeaderElection
2020-11-02 01:47:04,880 [deba329c-6360-4670-9ec9-a05e031d7f0d@group-8F399FD064EB-LeaderElection15] INFO  impl.LeaderElection (LeaderElection.java:askForVotes(210)) - deba329c-6360-4670-9ec9-a05e031d7f0d@group-8F399FD064EB-LeaderElection15: begin an election at term 1 for -1: [deba329c-6360-4670-9ec9-a05e031d7f0d:172.17.0.2:38233:0], old=null
2020-11-02 01:47:04,880 [deba329c-6360-4670-9ec9-a05e031d7f0d@group-8F399FD064EB-LeaderElection15] INFO  impl.RoleInfo (RoleInfo.java:shutdownLeaderElection(134)) - deba329c-6360-4670-9ec9-a05e031d7f0d: shutdown LeaderElection
2020-11-02 01:47:04,881 [deba329c-6360-4670-9ec9-a05e031d7f0d@group-8F399FD064EB-LeaderElection15] INFO  impl.RaftServerImpl (RaftServerImpl.java:setRole(198)) - deba329c-6360-4670-9ec9-a05e031d7f0d@group-8F399FD064EB: changes role from CANDIDATE to LEADER at term 1 for changeToLeader
2020-11-02 01:47:04,881 [deba329c-6360-4670-9ec9-a05e031d7f0d@group-8F399FD064EB-LeaderElection15] INFO  ratis.XceiverServerRatis (XceiverServerRatis.java:handleLeaderChangedNotification(854)) - Leader change notification received for group: group-8F399FD064EB with new leaderId: deba329c-6360-4670-9ec9-a05e031d7f0d
2020-11-02 01:47:04,881 [deba329c-6360-4670-9ec9-a05e031d7f0d@group-8F399FD064EB-LeaderElection15] INFO  impl.RaftServerImpl (ServerState.java:setLeader(256)) - deba329c-6360-4670-9ec9-a05e031d7f0d@group-8F399FD064EB: change Leader from null to deba329c-6360-4670-9ec9-a05e031d7f0d at term 1 for becomeLeader, leader elected after 5162ms
2020-11-02 01:47:04,881 [deba329c-6360-4670-9ec9-a05e031d7f0d@group-8F399FD064EB-LeaderElection15] INFO  server.RaftServerConfigKeys (ConfUtils.java:logGet(44)) - raft.server.staging.catchup.gap = 1000 (default)
2020-11-02 01:47:04,881 [deba329c-6360-4670-9ec9-a05e031d7f0d@group-8F399FD064EB-LeaderElection15] INFO  server.RaftServerConfigKeys (ConfUtils.java:logGet(44)) - raft.server.rpc.sleep.time = 25ms (default)
2020-11-02 01:47:04,882 [deba329c-6360-4670-9ec9-a05e031d7f0d@group-8F399FD064EB-LeaderElection15] INFO  metrics.RatisMetrics (RatisMetrics.java:lambda$create$0(36)) - Creating Metrics Registry : ratis.log_appender.deba329c-6360-4670-9ec9-a05e031d7f0d@group-8F399FD064EB
2020-11-02 01:47:04,882 [deba329c-6360-4670-9ec9-a05e031d7f0d@group-8F399FD064EB-LeaderElection15] INFO  server.RaftServerConfigKeys (ConfUtils.java:logGet(44)) - raft.server.write.element-limit = 1024 (custom)
2020-11-02 01:47:04,882 [deba329c-6360-4670-9ec9-a05e031d7f0d@group-8F399FD064EB-LeaderElection15] INFO  server.RaftServerConfigKeys (ConfUtils.java:logGet(44)) - raft.server.write.byte-limit = 1073741824 (custom)
2020-11-02 01:47:04,882 [deba329c-6360-4670-9ec9-a05e031d7f0d@group-8F399FD064EB-LeaderElection15] INFO  server.RaftServerConfigKeys (ConfUtils.java:logGet(44)) - raft.server.watch.timeout = 180s (custom)
2020-11-02 01:47:04,882 [deba329c-6360-4670-9ec9-a05e031d7f0d@group-8F399FD064EB-LeaderElection15] INFO  server.RaftServerConfigKeys (ConfUtils.java:logGet(44)) - raft.server.watch.timeout.denomination = 1s (default)
2020-11-02 01:47:04,882 [deba329c-6360-4670-9ec9-a05e031d7f0d@group-8F399FD064EB-LeaderElection15] INFO  server.RaftServerConfigKeys (ConfUtils.java:logGet(44)) - raft.server.watch.element-limit = 65536 (default)
2020-11-02 01:47:04,883 [deba329c-6360-4670-9ec9-a05e031d7f0d@group-8F399FD064EB-LeaderElection15] INFO  impl.RoleInfo (RoleInfo.java:updateAndGet(143)) - deba329c-6360-4670-9ec9-a05e031d7f0d: start LeaderState
2020-11-02 01:47:04,883 [deba329c-6360-4670-9ec9-a05e031d7f0d@group-8F399FD064EB-LeaderElection15] INFO  segmented.SegmentedRaftLogWorker (SegmentedRaftLogWorker.java:startLogSegment(397)) - deba329c-6360-4670-9ec9-a05e031d7f0d@group-8F399FD064EB-SegmentedRaftLogWorker: Starting segment from index:0
2020-11-02 01:47:04,884 [deba329c-6360-4670-9ec9-a05e031d7f0d@group-8F399FD064EB-LeaderElection15] INFO  impl.RaftServerImpl (ServerState.java:setRaftConf(374)) - deba329c-6360-4670-9ec9-a05e031d7f0d@group-8F399FD064EB: set configuration 0: [deba329c-6360-4670-9ec9-a05e031d7f0d:172.17.0.2:38233:0], old=null at 0
2020-11-02 01:47:04,884 [deba329c-6360-4670-9ec9-a05e031d7f0d@group-8F399FD064EB-SegmentedRaftLogWorker] INFO  segmented.SegmentedRaftLogWorker (SegmentedRaftLogWorker.java:execute(596)) - deba329c-6360-4670-9ec9-a05e031d7f0d@group-8F399FD064EB-SegmentedRaftLogWorker: created new log segment /github/workspace/mnt/ozone/hadoop-ozone/integration-test/target/test-dir/MiniOzoneClusterImpl-3e692a3b-ddb2-4690-9144-d4d1ad0fcef2/datanode-1/data/ratis/eb0b9b02-f44b-499e-8dea-8f399fd064eb/current/log_inprogress_0
2020-11-02 01:47:05,040 [Thread-598] INFO  impl.FollowerState (FollowerState.java:run(108)) - f4704367-9fd7-4d83-8836-3ce9ecc30269@group-290FE5556BA5-FollowerState: change to CANDIDATE, lastRpcTime:5146ms, electionTimeout:5136ms
2020-11-02 01:47:05,040 [Thread-598] INFO  impl.RoleInfo (RoleInfo.java:shutdownFollowerState(121)) - f4704367-9fd7-4d83-8836-3ce9ecc30269: shutdown FollowerState
2020-11-02 01:47:05,040 [Thread-598] INFO  impl.RaftServerImpl (RaftServerImpl.java:setRole(198)) - f4704367-9fd7-4d83-8836-3ce9ecc30269@group-290FE5556BA5: changes role from  FOLLOWER to CANDIDATE at term 0 for changeToCandidate
2020-11-02 01:47:05,040 [Thread-598] INFO  impl.RoleInfo (RoleInfo.java:updateAndGet(143)) - f4704367-9fd7-4d83-8836-3ce9ecc30269: start LeaderElection
2020-11-02 01:47:05,046 [f4704367-9fd7-4d83-8836-3ce9ecc30269@group-290FE5556BA5-LeaderElection16] INFO  impl.LeaderElection (LeaderElection.java:askForVotes(210)) - f4704367-9fd7-4d83-8836-3ce9ecc30269@group-290FE5556BA5-LeaderElection16: begin an election at term 1 for -1: [f4704367-9fd7-4d83-8836-3ce9ecc30269:172.17.0.2:33199:0], old=null
2020-11-02 01:47:05,046 [f4704367-9fd7-4d83-8836-3ce9ecc30269@group-290FE5556BA5-LeaderElection16] INFO  impl.RoleInfo (RoleInfo.java:shutdownLeaderElection(134)) - f4704367-9fd7-4d83-8836-3ce9ecc30269: shutdown LeaderElection
2020-11-02 01:47:05,046 [f4704367-9fd7-4d83-8836-3ce9ecc30269@group-290FE5556BA5-LeaderElection16] INFO  impl.RaftServerImpl (RaftServerImpl.java:setRole(198)) - f4704367-9fd7-4d83-8836-3ce9ecc30269@group-290FE5556BA5: changes role from CANDIDATE to LEADER at term 1 for changeToLeader
2020-11-02 01:47:05,046 [f4704367-9fd7-4d83-8836-3ce9ecc30269@group-290FE5556BA5-LeaderElection16] INFO  ratis.XceiverServerRatis (XceiverServerRatis.java:handleLeaderChangedNotification(854)) - Leader change notification received for group: group-290FE5556BA5 with new leaderId: f4704367-9fd7-4d83-8836-3ce9ecc30269
2020-11-02 01:47:05,046 [f4704367-9fd7-4d83-8836-3ce9ecc30269@group-290FE5556BA5-LeaderElection16] INFO  impl.RaftServerImpl (ServerState.java:setLeader(256)) - f4704367-9fd7-4d83-8836-3ce9ecc30269@group-290FE5556BA5: change Leader from null to f4704367-9fd7-4d83-8836-3ce9ecc30269 at term 1 for becomeLeader, leader elected after 5165ms
2020-11-02 01:47:05,047 [f4704367-9fd7-4d83-8836-3ce9ecc30269@group-290FE5556BA5-LeaderElection16] INFO  server.RaftServerConfigKeys (ConfUtils.java:logGet(44)) - raft.server.staging.catchup.gap = 1000 (default)
2020-11-02 01:47:05,047 [f4704367-9fd7-4d83-8836-3ce9ecc30269@group-290FE5556BA5-LeaderElection16] INFO  server.RaftServerConfigKeys (ConfUtils.java:logGet(44)) - raft.server.rpc.sleep.time = 25ms (default)
2020-11-02 01:47:05,047 [f4704367-9fd7-4d83-8836-3ce9ecc30269@group-290FE5556BA5-LeaderElection16] INFO  metrics.RatisMetrics (RatisMetrics.java:lambda$create$0(36)) - Creating Metrics Registry : ratis.log_appender.f4704367-9fd7-4d83-8836-3ce9ecc30269@group-290FE5556BA5
2020-11-02 01:47:05,047 [f4704367-9fd7-4d83-8836-3ce9ecc30269@group-290FE5556BA5-LeaderElection16] INFO  server.RaftServerConfigKeys (ConfUtils.java:logGet(44)) - raft.server.write.element-limit = 1024 (custom)
2020-11-02 01:47:05,047 [f4704367-9fd7-4d83-8836-3ce9ecc30269@group-290FE5556BA5-LeaderElection16] INFO  server.RaftServerConfigKeys (ConfUtils.java:logGet(44)) - raft.server.write.byte-limit = 1073741824 (custom)
2020-11-02 01:47:05,048 [f4704367-9fd7-4d83-8836-3ce9ecc30269@group-290FE5556BA5-LeaderElection16] INFO  server.RaftServerConfigKeys (ConfUtils.java:logGet(44)) - raft.server.watch.timeout = 180s (custom)
2020-11-02 01:47:05,048 [f4704367-9fd7-4d83-8836-3ce9ecc30269@group-290FE5556BA5-LeaderElection16] INFO  server.RaftServerConfigKeys (ConfUtils.java:logGet(44)) - raft.server.watch.timeout.denomination = 1s (default)
2020-11-02 01:47:05,048 [f4704367-9fd7-4d83-8836-3ce9ecc30269@group-290FE5556BA5-LeaderElection16] INFO  server.RaftServerConfigKeys (ConfUtils.java:logGet(44)) - raft.server.watch.element-limit = 65536 (default)
2020-11-02 01:47:05,048 [f4704367-9fd7-4d83-8836-3ce9ecc30269@group-290FE5556BA5-LeaderElection16] INFO  impl.RoleInfo (RoleInfo.java:updateAndGet(143)) - f4704367-9fd7-4d83-8836-3ce9ecc30269: start LeaderState
2020-11-02 01:47:05,048 [f4704367-9fd7-4d83-8836-3ce9ecc30269@group-290FE5556BA5-LeaderElection16] INFO  segmented.SegmentedRaftLogWorker (SegmentedRaftLogWorker.java:startLogSegment(397)) - f4704367-9fd7-4d83-8836-3ce9ecc30269@group-290FE5556BA5-SegmentedRaftLogWorker: Starting segment from index:0
2020-11-02 01:47:05,050 [f4704367-9fd7-4d83-8836-3ce9ecc30269@group-290FE5556BA5-LeaderElection16] INFO  impl.RaftServerImpl (ServerState.java:setRaftConf(374)) - f4704367-9fd7-4d83-8836-3ce9ecc30269@group-290FE5556BA5: set configuration 0: [f4704367-9fd7-4d83-8836-3ce9ecc30269:172.17.0.2:33199:0], old=null at 0
2020-11-02 01:47:05,050 [f4704367-9fd7-4d83-8836-3ce9ecc30269@group-290FE5556BA5-SegmentedRaftLogWorker] INFO  segmented.SegmentedRaftLogWorker (SegmentedRaftLogWorker.java:execute(596)) - f4704367-9fd7-4d83-8836-3ce9ecc30269@group-290FE5556BA5-SegmentedRaftLogWorker: created new log segment /github/workspace/mnt/ozone/hadoop-ozone/integration-test/target/test-dir/MiniOzoneClusterImpl-3e692a3b-ddb2-4690-9144-d4d1ad0fcef2/datanode-2/data/ratis/34f557c2-05bd-4252-ba53-290fe5556ba5/current/log_inprogress_0
2020-11-02 01:47:05,087 [Thread-602] INFO  impl.FollowerState (FollowerState.java:run(108)) - bb7e8155-091d-463f-8cd0-e09b5982d598@group-00D99F375ED9-FollowerState: change to CANDIDATE, lastRpcTime:5028ms, electionTimeout:5028ms
2020-11-02 01:47:05,087 [Thread-602] INFO  impl.RoleInfo (RoleInfo.java:shutdownFollowerState(121)) - bb7e8155-091d-463f-8cd0-e09b5982d598: shutdown FollowerState
2020-11-02 01:47:05,087 [Thread-602] INFO  impl.RaftServerImpl (RaftServerImpl.java:setRole(198)) - bb7e8155-091d-463f-8cd0-e09b5982d598@group-00D99F375ED9: changes role from  FOLLOWER to CANDIDATE at term 0 for changeToCandidate
2020-11-02 01:47:05,087 [Thread-602] INFO  impl.RoleInfo (RoleInfo.java:updateAndGet(143)) - bb7e8155-091d-463f-8cd0-e09b5982d598: start LeaderElection
2020-11-02 01:47:05,089 [bb7e8155-091d-463f-8cd0-e09b5982d598@group-00D99F375ED9-LeaderElection17] INFO  impl.LeaderElection (LeaderElection.java:askForVotes(210)) - bb7e8155-091d-463f-8cd0-e09b5982d598@group-00D99F375ED9-LeaderElection17: begin an election at term 1 for -1: [7ab98594-cde6-4de5-8649-fca514c5537e:172.17.0.2:40279:0, 3273682d-ecc6-428d-bb6c-acac935ad76d:172.17.0.2:38465:0, bb7e8155-091d-463f-8cd0-e09b5982d598:172.17.0.2:33293:0], old=null
2020-11-02 01:47:05,090 [Thread-600] INFO  impl.FollowerState (FollowerState.java:run(108)) - bb7e8155-091d-463f-8cd0-e09b5982d598@group-57803156DEFC-FollowerState: change to CANDIDATE, lastRpcTime:5046ms, electionTimeout:5046ms
2020-11-02 01:47:05,090 [Thread-600] INFO  impl.RoleInfo (RoleInfo.java:shutdownFollowerState(121)) - bb7e8155-091d-463f-8cd0-e09b5982d598: shutdown FollowerState
2020-11-02 01:47:05,090 [Thread-600] INFO  impl.RaftServerImpl (RaftServerImpl.java:setRole(198)) - bb7e8155-091d-463f-8cd0-e09b5982d598@group-57803156DEFC: changes role from  FOLLOWER to CANDIDATE at term 0 for changeToCandidate
2020-11-02 01:47:05,090 [Thread-600] INFO  impl.RoleInfo (RoleInfo.java:updateAndGet(143)) - bb7e8155-091d-463f-8cd0-e09b5982d598: start LeaderElection
2020-11-02 01:47:05,105 [bb7e8155-091d-463f-8cd0-e09b5982d598@group-57803156DEFC-LeaderElection18] INFO  impl.LeaderElection (LeaderElection.java:askForVotes(210)) - bb7e8155-091d-463f-8cd0-e09b5982d598@group-57803156DEFC-LeaderElection18: begin an election at term 1 for -1: [bb7e8155-091d-463f-8cd0-e09b5982d598:172.17.0.2:33293:0], old=null
2020-11-02 01:47:05,105 [bb7e8155-091d-463f-8cd0-e09b5982d598@group-57803156DEFC-LeaderElection18] INFO  impl.RoleInfo (RoleInfo.java:shutdownLeaderElection(134)) - bb7e8155-091d-463f-8cd0-e09b5982d598: shutdown LeaderElection
2020-11-02 01:47:05,105 [bb7e8155-091d-463f-8cd0-e09b5982d598@group-57803156DEFC-LeaderElection18] INFO  impl.RaftServerImpl (RaftServerImpl.java:setRole(198)) - bb7e8155-091d-463f-8cd0-e09b5982d598@group-57803156DEFC: changes role from CANDIDATE to LEADER at term 1 for changeToLeader
2020-11-02 01:47:05,105 [bb7e8155-091d-463f-8cd0-e09b5982d598@group-57803156DEFC-LeaderElection18] INFO  ratis.XceiverServerRatis (XceiverServerRatis.java:handleLeaderChangedNotification(854)) - Leader change notification received for group: group-57803156DEFC with new leaderId: bb7e8155-091d-463f-8cd0-e09b5982d598
2020-11-02 01:47:05,105 [bb7e8155-091d-463f-8cd0-e09b5982d598@group-57803156DEFC-LeaderElection18] INFO  impl.RaftServerImpl (ServerState.java:setLeader(256)) - bb7e8155-091d-463f-8cd0-e09b5982d598@group-57803156DEFC: change Leader from null to bb7e8155-091d-463f-8cd0-e09b5982d598 at term 1 for becomeLeader, leader elected after 5068ms
2020-11-02 01:47:05,107 [bb7e8155-091d-463f-8cd0-e09b5982d598@group-57803156DEFC-LeaderElection18] INFO  server.RaftServerConfigKeys (ConfUtils.java:logGet(44)) - raft.server.staging.catchup.gap = 1000 (default)
2020-11-02 01:47:05,107 [bb7e8155-091d-463f-8cd0-e09b5982d598@group-57803156DEFC-LeaderElection18] INFO  server.RaftServerConfigKeys (ConfUtils.java:logGet(44)) - raft.server.rpc.sleep.time = 25ms (default)
2020-11-02 01:47:05,107 [bb7e8155-091d-463f-8cd0-e09b5982d598@group-57803156DEFC-LeaderElection18] INFO  metrics.RatisMetrics (RatisMetrics.java:lambda$create$0(36)) - Creating Metrics Registry : ratis.log_appender.bb7e8155-091d-463f-8cd0-e09b5982d598@group-57803156DEFC
2020-11-02 01:47:05,107 [bb7e8155-091d-463f-8cd0-e09b5982d598@group-57803156DEFC-LeaderElection18] INFO  server.RaftServerConfigKeys (ConfUtils.java:logGet(44)) - raft.server.write.element-limit = 1024 (custom)
2020-11-02 01:47:05,107 [bb7e8155-091d-463f-8cd0-e09b5982d598@group-57803156DEFC-LeaderElection18] INFO  server.RaftServerConfigKeys (ConfUtils.java:logGet(44)) - raft.server.write.byte-limit = 1073741824 (custom)
2020-11-02 01:47:05,108 [bb7e8155-091d-463f-8cd0-e09b5982d598@group-57803156DEFC-LeaderElection18] INFO  server.RaftServerConfigKeys (ConfUtils.java:logGet(44)) - raft.server.watch.timeout = 180s (custom)
2020-11-02 01:47:05,108 [bb7e8155-091d-463f-8cd0-e09b5982d598@group-57803156DEFC-LeaderElection18] INFO  server.RaftServerConfigKeys (ConfUtils.java:logGet(44)) - raft.server.watch.timeout.denomination = 1s (default)
2020-11-02 01:47:05,108 [bb7e8155-091d-463f-8cd0-e09b5982d598@group-57803156DEFC-LeaderElection18] INFO  server.RaftServerConfigKeys (ConfUtils.java:logGet(44)) - raft.server.watch.element-limit = 65536 (default)
2020-11-02 01:47:05,108 [bb7e8155-091d-463f-8cd0-e09b5982d598@group-57803156DEFC-LeaderElection18] INFO  impl.RoleInfo (RoleInfo.java:updateAndGet(143)) - bb7e8155-091d-463f-8cd0-e09b5982d598: start LeaderState
2020-11-02 01:47:05,108 [bb7e8155-091d-463f-8cd0-e09b5982d598@group-57803156DEFC-LeaderElection18] INFO  segmented.SegmentedRaftLogWorker (SegmentedRaftLogWorker.java:startLogSegment(397)) - bb7e8155-091d-463f-8cd0-e09b5982d598@group-57803156DEFC-SegmentedRaftLogWorker: Starting segment from index:0
2020-11-02 01:47:05,110 [bb7e8155-091d-463f-8cd0-e09b5982d598@group-57803156DEFC-SegmentedRaftLogWorker] INFO  segmented.SegmentedRaftLogWorker (SegmentedRaftLogWorker.java:execute(596)) - bb7e8155-091d-463f-8cd0-e09b5982d598@group-57803156DEFC-SegmentedRaftLogWorker: created new log segment /github/workspace/mnt/ozone/hadoop-ozone/integration-test/target/test-dir/MiniOzoneClusterImpl-3e692a3b-ddb2-4690-9144-d4d1ad0fcef2/datanode-3/data/ratis/7290ff1d-5881-4170-8e6a-57803156defc/current/log_inprogress_0
2020-11-02 01:47:05,113 [grpc-default-executor-1] INFO  impl.RaftServerImpl (RaftServerImpl.java:setRole(198)) - 3273682d-ecc6-428d-bb6c-acac935ad76d@group-00D99F375ED9: changes role from  FOLLOWER to FOLLOWER at term 1 for recognizeCandidate:bb7e8155-091d-463f-8cd0-e09b5982d598
2020-11-02 01:47:05,113 [grpc-default-executor-1] INFO  impl.RoleInfo (RoleInfo.java:shutdownFollowerState(121)) - 3273682d-ecc6-428d-bb6c-acac935ad76d: shutdown FollowerState
2020-11-02 01:47:05,113 [grpc-default-executor-1] INFO  impl.RoleInfo (RoleInfo.java:updateAndGet(143)) - 3273682d-ecc6-428d-bb6c-acac935ad76d: start FollowerState
2020-11-02 01:47:05,114 [Thread-604] INFO  impl.FollowerState (FollowerState.java:run(117)) - 3273682d-ecc6-428d-bb6c-acac935ad76d@group-00D99F375ED9-FollowerState was interrupted: java.lang.InterruptedException: sleep interrupted
2020-11-02 01:47:05,118 [grpc-default-executor-1] INFO  impl.RaftServerImpl (RaftServerImpl.java:requestVote(923)) -  FOLLOWER 3273682d-ecc6-428d-bb6c-acac935ad76d@group-00D99F375ED9:t1, leader=null, voted=null, raftlog=3273682d-ecc6-428d-bb6c-acac935ad76d@group-00D99F375ED9-SegmentedRaftLog:OPENED:c-1,f-1,i0, conf=-1: [7ab98594-cde6-4de5-8649-fca514c5537e:172.17.0.2:40279:0, 3273682d-ecc6-428d-bb6c-acac935ad76d:172.17.0.2:38465:0, bb7e8155-091d-463f-8cd0-e09b5982d598:172.17.0.2:33293:0], old=null RUNNING priority:0 candidate:bb7e8155-091d-463f-8cd0-e09b5982d598:172.17.0.2:33293:0 candidatePriority:0 compare:0
2020-11-02 01:47:05,118 [grpc-default-executor-0] INFO  impl.RaftServerImpl (RaftServerImpl.java:setRole(198)) - 7ab98594-cde6-4de5-8649-fca514c5537e@group-00D99F375ED9: changes role from  FOLLOWER to FOLLOWER at term 1 for recognizeCandidate:bb7e8155-091d-463f-8cd0-e09b5982d598
2020-11-02 01:47:05,118 [grpc-default-executor-0] INFO  impl.RoleInfo (RoleInfo.java:shutdownFollowerState(121)) - 7ab98594-cde6-4de5-8649-fca514c5537e: shutdown FollowerState
2020-11-02 01:47:05,118 [grpc-default-executor-0] INFO  impl.RoleInfo (RoleInfo.java:updateAndGet(143)) - 7ab98594-cde6-4de5-8649-fca514c5537e: start FollowerState
2020-11-02 01:47:05,118 [Thread-607] INFO  impl.FollowerState (FollowerState.java:run(117)) - 7ab98594-cde6-4de5-8649-fca514c5537e@group-00D99F375ED9-FollowerState was interrupted: java.lang.InterruptedException: sleep interrupted
2020-11-02 01:47:05,120 [bb7e8155-091d-463f-8cd0-e09b5982d598@group-57803156DEFC-LeaderElection18] INFO  impl.RaftServerImpl (ServerState.java:setRaftConf(374)) - bb7e8155-091d-463f-8cd0-e09b5982d598@group-57803156DEFC: set configuration 0: [bb7e8155-091d-463f-8cd0-e09b5982d598:172.17.0.2:33293:0], old=null at 0
2020-11-02 01:47:05,120 [grpc-default-executor-0] INFO  impl.RaftServerImpl (RaftServerImpl.java:requestVote(923)) -  FOLLOWER 7ab98594-cde6-4de5-8649-fca514c5537e@group-00D99F375ED9:t1, leader=null, voted=null, raftlog=7ab98594-cde6-4de5-8649-fca514c5537e@group-00D99F375ED9-SegmentedRaftLog:OPENED:c-1,f-1,i0, conf=-1: [7ab98594-cde6-4de5-8649-fca514c5537e:172.17.0.2:40279:0, 3273682d-ecc6-428d-bb6c-acac935ad76d:172.17.0.2:38465:0, bb7e8155-091d-463f-8cd0-e09b5982d598:172.17.0.2:33293:0], old=null RUNNING priority:0 candidate:bb7e8155-091d-463f-8cd0-e09b5982d598:172.17.0.2:33293:0 candidatePriority:0 compare:0
2020-11-02 01:47:05,124 [bb7e8155-091d-463f-8cd0-e09b5982d598@group-00D99F375ED9-LeaderElection17] INFO  impl.LeaderElection (LeaderElection.java:logAndReturn(62)) - bb7e8155-091d-463f-8cd0-e09b5982d598@group-00D99F375ED9-LeaderElection17: Election PASSED; received 1 response(s) [bb7e8155-091d-463f-8cd0-e09b5982d598<-3273682d-ecc6-428d-bb6c-acac935ad76d#0:OK-t1] and 0 exception(s); bb7e8155-091d-463f-8cd0-e09b5982d598@group-00D99F375ED9:t1, leader=null, voted=bb7e8155-091d-463f-8cd0-e09b5982d598, raftlog=bb7e8155-091d-463f-8cd0-e09b5982d598@group-00D99F375ED9-SegmentedRaftLog:OPENED:c-1,f-1,i0, conf=-1: [7ab98594-cde6-4de5-8649-fca514c5537e:172.17.0.2:40279:0, 3273682d-ecc6-428d-bb6c-acac935ad76d:172.17.0.2:38465:0, bb7e8155-091d-463f-8cd0-e09b5982d598:172.17.0.2:33293:0], old=null
2020-11-02 01:47:05,126 [bb7e8155-091d-463f-8cd0-e09b5982d598@group-00D99F375ED9-LeaderElection17] INFO  impl.RoleInfo (RoleInfo.java:shutdownLeaderElection(134)) - bb7e8155-091d-463f-8cd0-e09b5982d598: shutdown LeaderElection
2020-11-02 01:47:05,126 [bb7e8155-091d-463f-8cd0-e09b5982d598@group-00D99F375ED9-LeaderElection17] INFO  impl.RaftServerImpl (RaftServerImpl.java:setRole(198)) - bb7e8155-091d-463f-8cd0-e09b5982d598@group-00D99F375ED9: changes role from CANDIDATE to LEADER at term 1 for changeToLeader
2020-11-02 01:47:05,126 [bb7e8155-091d-463f-8cd0-e09b5982d598@group-00D99F375ED9-LeaderElection17] INFO  ratis.XceiverServerRatis (XceiverServerRatis.java:handleLeaderChangedNotification(854)) - Leader change notification received for group: group-00D99F375ED9 with new leaderId: bb7e8155-091d-463f-8cd0-e09b5982d598
2020-11-02 01:47:05,126 [bb7e8155-091d-463f-8cd0-e09b5982d598@group-00D99F375ED9-LeaderElection17] INFO  impl.RaftServerImpl (ServerState.java:setLeader(256)) - bb7e8155-091d-463f-8cd0-e09b5982d598@group-00D99F375ED9: change Leader from null to bb7e8155-091d-463f-8cd0-e09b5982d598 at term 1 for becomeLeader, leader elected after 5078ms
2020-11-02 01:47:05,126 [bb7e8155-091d-463f-8cd0-e09b5982d598@group-00D99F375ED9-LeaderElection17] INFO  server.RaftServerConfigKeys (ConfUtils.java:logGet(44)) - raft.server.staging.catchup.gap = 1000 (default)
2020-11-02 01:47:05,126 [bb7e8155-091d-463f-8cd0-e09b5982d598@group-00D99F375ED9-LeaderElection17] INFO  server.RaftServerConfigKeys (ConfUtils.java:logGet(44)) - raft.server.rpc.sleep.time = 25ms (default)
2020-11-02 01:47:05,126 [bb7e8155-091d-463f-8cd0-e09b5982d598@group-00D99F375ED9-LeaderElection17] INFO  metrics.RatisMetrics (RatisMetrics.java:lambda$create$0(36)) - Creating Metrics Registry : ratis.log_appender.bb7e8155-091d-463f-8cd0-e09b5982d598@group-00D99F375ED9
2020-11-02 01:47:05,127 [bb7e8155-091d-463f-8cd0-e09b5982d598@group-00D99F375ED9-LeaderElection17] INFO  server.RaftServerConfigKeys (ConfUtils.java:logGet(44)) - raft.server.write.element-limit = 1024 (custom)
2020-11-02 01:47:05,127 [bb7e8155-091d-463f-8cd0-e09b5982d598@group-00D99F375ED9-LeaderElection17] INFO  server.RaftServerConfigKeys (ConfUtils.java:logGet(44)) - raft.server.write.byte-limit = 1073741824 (custom)
2020-11-02 01:47:05,127 [bb7e8155-091d-463f-8cd0-e09b5982d598@group-00D99F375ED9-LeaderElection17] INFO  server.RaftServerConfigKeys (ConfUtils.java:logGet(44)) - raft.server.watch.timeout = 180s (custom)
2020-11-02 01:47:05,127 [bb7e8155-091d-463f-8cd0-e09b5982d598@group-00D99F375ED9-LeaderElection17] INFO  server.RaftServerConfigKeys (ConfUtils.java:logGet(44)) - raft.server.watch.timeout.denomination = 1s (default)
2020-11-02 01:47:05,127 [bb7e8155-091d-463f-8cd0-e09b5982d598@group-00D99F375ED9-LeaderElection17] INFO  server.RaftServerConfigKeys (ConfUtils.java:logGet(44)) - raft.server.watch.element-limit = 65536 (default)
2020-11-02 01:47:05,127 [bb7e8155-091d-463f-8cd0-e09b5982d598@group-00D99F375ED9-LeaderElection17] INFO  server.RaftServerConfigKeys (ConfUtils.java:logGet(44)) - raft.server.log.appender.snapshot.chunk.size.max = 16MB (=16777216) (default)
2020-11-02 01:47:05,127 [bb7e8155-091d-463f-8cd0-e09b5982d598@group-00D99F375ED9-LeaderElection17] INFO  server.RaftServerConfigKeys (ConfUtils.java:logGet(44)) - raft.server.log.appender.buffer.byte-limit = 33554432 (custom)
2020-11-02 01:47:05,127 [bb7e8155-091d-463f-8cd0-e09b5982d598@group-00D99F375ED9-LeaderElection17] INFO  server.RaftServerConfigKeys (ConfUtils.java:logGet(44)) - raft.server.log.appender.buffer.element-limit = 1 (custom)
2020-11-02 01:47:05,127 [bb7e8155-091d-463f-8cd0-e09b5982d598@group-00D99F375ED9-LeaderElection17] INFO  grpc.GrpcConfigKeys (ConfUtils.java:logGet(44)) - raft.grpc.server.leader.outstanding.appends.max = 128 (default)
2020-11-02 01:47:05,127 [bb7e8155-091d-463f-8cd0-e09b5982d598@group-00D99F375ED9-LeaderElection17] INFO  server.RaftServerConfigKeys (ConfUtils.java:logGet(44)) - raft.server.rpc.request.timeout = 60s (custom)
2020-11-02 01:47:05,128 [bb7e8155-091d-463f-8cd0-e09b5982d598@group-00D99F375ED9-LeaderElection17] INFO  server.RaftServerConfigKeys (ConfUtils.java:logGet(44)) - raft.server.log.appender.install.snapshot.enabled = false (custom)
2020-11-02 01:47:05,128 [bb7e8155-091d-463f-8cd0-e09b5982d598@group-00D99F375ED9-LeaderElection17] INFO  metrics.RatisMetrics (RatisMetrics.java:lambda$create$0(36)) - Creating Metrics Registry : ratis_grpc.log_appender.bb7e8155-091d-463f-8cd0-e09b5982d598@group-00D99F375ED9
2020-11-02 01:47:05,128 [bb7e8155-091d-463f-8cd0-e09b5982d598@group-00D99F375ED9-LeaderElection17] INFO  server.RaftServerConfigKeys (ConfUtils.java:logGet(44)) - raft.server.log.appender.snapshot.chunk.size.max = 16MB (=16777216) (default)
2020-11-02 01:47:05,129 [bb7e8155-091d-463f-8cd0-e09b5982d598@group-00D99F375ED9-LeaderElection17] INFO  server.RaftServerConfigKeys (ConfUtils.java:logGet(44)) - raft.server.log.appender.buffer.byte-limit = 33554432 (custom)
2020-11-02 01:47:05,129 [EventQueue-PipelineReportForPipelineReportHandler] INFO  pipeline.PipelineStateManager (PipelineStateManager.java:openPipeline(132)) - Pipeline Pipeline[ Id: e76d23ac-d349-40a2-a30a-00d99f375ed9, Nodes: 3273682d-ecc6-428d-bb6c-acac935ad76d{ip: 172.17.0.2, host: d0a72d05df0f, networkLocation: /default-rack, certSerialId: null}bb7e8155-091d-463f-8cd0-e09b5982d598{ip: 172.17.0.2, host: d0a72d05df0f, networkLocation: /default-rack, certSerialId: null}7ab98594-cde6-4de5-8649-fca514c5537e{ip: 172.17.0.2, host: d0a72d05df0f, networkLocation: /default-rack, certSerialId: null}, Type:RATIS, Factor:THREE, State:ALLOCATED, leaderId:bb7e8155-091d-463f-8cd0-e09b5982d598, CreationTimestamp2020-11-02T01:46:57.408Z] moved to OPEN state
2020-11-02 01:47:05,131 [bb7e8155-091d-463f-8cd0-e09b5982d598@group-00D99F375ED9-LeaderElection17] INFO  server.RaftServerConfigKeys (ConfUtils.java:logGet(44)) - raft.server.log.appender.buffer.element-limit = 1 (custom)
2020-11-02 01:47:05,133 [bb7e8155-091d-463f-8cd0-e09b5982d598@group-00D99F375ED9-LeaderElection17] INFO  grpc.GrpcConfigKeys (ConfUtils.java:logGet(44)) - raft.grpc.server.leader.outstanding.appends.max = 128 (default)
2020-11-02 01:47:05,133 [bb7e8155-091d-463f-8cd0-e09b5982d598@group-00D99F375ED9-LeaderElection17] INFO  server.RaftServerConfigKeys (ConfUtils.java:logGet(44)) - raft.server.rpc.request.timeout = 60s (custom)
2020-11-02 01:47:05,133 [bb7e8155-091d-463f-8cd0-e09b5982d598@group-00D99F375ED9-LeaderElection17] INFO  server.RaftServerConfigKeys (ConfUtils.java:logGet(44)) - raft.server.log.appender.install.snapshot.enabled = false (custom)
2020-11-02 01:47:05,134 [bb7e8155-091d-463f-8cd0-e09b5982d598@group-00D99F375ED9-LeaderElection17] INFO  impl.RoleInfo (RoleInfo.java:updateAndGet(143)) - bb7e8155-091d-463f-8cd0-e09b5982d598: start LeaderState
2020-11-02 01:47:05,135 [bb7e8155-091d-463f-8cd0-e09b5982d598@group-00D99F375ED9-LeaderElection17] INFO  segmented.SegmentedRaftLogWorker (SegmentedRaftLogWorker.java:startLogSegment(397)) - bb7e8155-091d-463f-8cd0-e09b5982d598@group-00D99F375ED9-SegmentedRaftLogWorker: Starting segment from index:0
2020-11-02 01:47:05,136 [bb7e8155-091d-463f-8cd0-e09b5982d598@group-00D99F375ED9-SegmentedRaftLogWorker] INFO  segmented.SegmentedRaftLogWorker (SegmentedRaftLogWorker.java:execute(596)) - bb7e8155-091d-463f-8cd0-e09b5982d598@group-00D99F375ED9-SegmentedRaftLogWorker: created new log segment /github/workspace/mnt/ozone/hadoop-ozone/integration-test/target/test-dir/MiniOzoneClusterImpl-3e692a3b-ddb2-4690-9144-d4d1ad0fcef2/datanode-3/data/ratis/e76d23ac-d349-40a2-a30a-00d99f375ed9/current/log_inprogress_0
2020-11-02 01:47:05,146 [bb7e8155-091d-463f-8cd0-e09b5982d598@group-00D99F375ED9-LeaderElection17] INFO  impl.RaftServerImpl (ServerState.java:setRaftConf(374)) - bb7e8155-091d-463f-8cd0-e09b5982d598@group-00D99F375ED9: set configuration 0: [7ab98594-cde6-4de5-8649-fca514c5537e:172.17.0.2:40279:0, 3273682d-ecc6-428d-bb6c-acac935ad76d:172.17.0.2:38465:0, bb7e8155-091d-463f-8cd0-e09b5982d598:172.17.0.2:33293:0], old=null at 0
2020-11-02 01:47:05,150 [grpc-default-executor-1] INFO  ratis.XceiverServerRatis (XceiverServerRatis.java:handleLeaderChangedNotification(854)) - Leader change notification received for group: group-00D99F375ED9 with new leaderId: bb7e8155-091d-463f-8cd0-e09b5982d598
2020-11-02 01:47:05,150 [grpc-default-executor-1] INFO  impl.RaftServerImpl (ServerState.java:setLeader(256)) - 7ab98594-cde6-4de5-8649-fca514c5537e@group-00D99F375ED9: change Leader from null to bb7e8155-091d-463f-8cd0-e09b5982d598 at term 1 for appendEntries, leader elected after 5030ms
2020-11-02 01:47:05,153 [grpc-default-executor-1] INFO  impl.RaftServerImpl (ServerState.java:setRaftConf(374)) - 7ab98594-cde6-4de5-8649-fca514c5537e@group-00D99F375ED9: set configuration 0: [7ab98594-cde6-4de5-8649-fca514c5537e:172.17.0.2:40279:0, 3273682d-ecc6-428d-bb6c-acac935ad76d:172.17.0.2:38465:0, bb7e8155-091d-463f-8cd0-e09b5982d598:172.17.0.2:33293:0], old=null at 0
2020-11-02 01:47:05,154 [grpc-default-executor-1] INFO  segmented.SegmentedRaftLogWorker (SegmentedRaftLogWorker.java:startLogSegment(397)) - 7ab98594-cde6-4de5-8649-fca514c5537e@group-00D99F375ED9-SegmentedRaftLogWorker: Starting segment from index:0
2020-11-02 01:47:05,156 [7ab98594-cde6-4de5-8649-fca514c5537e@group-00D99F375ED9-SegmentedRaftLogWorker] INFO  segmented.SegmentedRaftLogWorker (SegmentedRaftLogWorker.java:execute(596)) - 7ab98594-cde6-4de5-8649-fca514c5537e@group-00D99F375ED9-SegmentedRaftLogWorker: created new log segment /github/workspace/mnt/ozone/hadoop-ozone/integration-test/target/test-dir/MiniOzoneClusterImpl-3e692a3b-ddb2-4690-9144-d4d1ad0fcef2/datanode-4/data/ratis/e76d23ac-d349-40a2-a30a-00d99f375ed9/current/log_inprogress_0
2020-11-02 01:47:05,165 [grpc-default-executor-2] INFO  ratis.XceiverServerRatis (XceiverServerRatis.java:handleLeaderChangedNotification(854)) - Leader change notification received for group: group-00D99F375ED9 with new leaderId: bb7e8155-091d-463f-8cd0-e09b5982d598
2020-11-02 01:47:05,165 [grpc-default-executor-2] INFO  impl.RaftServerImpl (ServerState.java:setLeader(256)) - 3273682d-ecc6-428d-bb6c-acac935ad76d@group-00D99F375ED9: change Leader from null to bb7e8155-091d-463f-8cd0-e09b5982d598 at term 1 for appendEntries, leader elected after 5085ms
2020-11-02 01:47:05,170 [grpc-default-executor-2] INFO  impl.RaftServerImpl (ServerState.java:setRaftConf(374)) - 3273682d-ecc6-428d-bb6c-acac935ad76d@group-00D99F375ED9: set configuration 0: [7ab98594-cde6-4de5-8649-fca514c5537e:172.17.0.2:40279:0, 3273682d-ecc6-428d-bb6c-acac935ad76d:172.17.0.2:38465:0, bb7e8155-091d-463f-8cd0-e09b5982d598:172.17.0.2:33293:0], old=null at 0
2020-11-02 01:47:05,171 [grpc-default-executor-2] INFO  segmented.SegmentedRaftLogWorker (SegmentedRaftLogWorker.java:startLogSegment(397)) - 3273682d-ecc6-428d-bb6c-acac935ad76d@group-00D99F375ED9-SegmentedRaftLogWorker: Starting segment from index:0
2020-11-02 01:47:05,174 [3273682d-ecc6-428d-bb6c-acac935ad76d@group-00D99F375ED9-SegmentedRaftLogWorker] INFO  segmented.SegmentedRaftLogWorker (SegmentedRaftLogWorker.java:execute(596)) - 3273682d-ecc6-428d-bb6c-acac935ad76d@group-00D99F375ED9-SegmentedRaftLogWorker: created new log segment /github/workspace/mnt/ozone/hadoop-ozone/integration-test/target/test-dir/MiniOzoneClusterImpl-3e692a3b-ddb2-4690-9144-d4d1ad0fcef2/datanode-5/data/ratis/e76d23ac-d349-40a2-a30a-00d99f375ed9/current/log_inprogress_0
2020-11-02 01:47:05,270 [Thread-610] INFO  impl.FollowerState (FollowerState.java:run(108)) - 7ab98594-cde6-4de5-8649-fca514c5537e@group-0E1A91BAF846-FollowerState: change to CANDIDATE, lastRpcTime:5061ms, electionTimeout:5060ms
2020-11-02 01:47:05,270 [Thread-610] INFO  impl.RoleInfo (RoleInfo.java:shutdownFollowerState(121)) - 7ab98594-cde6-4de5-8649-fca514c5537e: shutdown FollowerState
2020-11-02 01:47:05,270 [Thread-610] INFO  impl.RaftServerImpl (RaftServerImpl.java:setRole(198)) - 7ab98594-cde6-4de5-8649-fca514c5537e@group-0E1A91BAF846: changes role from  FOLLOWER to CANDIDATE at term 0 for changeToCandidate
2020-11-02 01:47:05,271 [Thread-610] INFO  impl.RoleInfo (RoleInfo.java:updateAndGet(143)) - 7ab98594-cde6-4de5-8649-fca514c5537e: start LeaderElection
2020-11-02 01:47:05,273 [7ab98594-cde6-4de5-8649-fca514c5537e@group-0E1A91BAF846-LeaderElection19] INFO  impl.LeaderElection (LeaderElection.java:askForVotes(210)) - 7ab98594-cde6-4de5-8649-fca514c5537e@group-0E1A91BAF846-LeaderElection19: begin an election at term 1 for -1: [7ab98594-cde6-4de5-8649-fca514c5537e:172.17.0.2:40279:0], old=null
2020-11-02 01:47:05,273 [7ab98594-cde6-4de5-8649-fca514c5537e@group-0E1A91BAF846-LeaderElection19] INFO  impl.RoleInfo (RoleInfo.java:shutdownLeaderElection(134)) - 7ab98594-cde6-4de5-8649-fca514c5537e: shutdown LeaderElection
2020-11-02 01:47:05,273 [7ab98594-cde6-4de5-8649-fca514c5537e@group-0E1A91BAF846-LeaderElection19] INFO  impl.RaftServerImpl (RaftServerImpl.java:setRole(198)) - 7ab98594-cde6-4de5-8649-fca514c5537e@group-0E1A91BAF846: changes role from CANDIDATE to LEADER at term 1 for changeToLeader
2020-11-02 01:47:05,273 [7ab98594-cde6-4de5-8649-fca514c5537e@group-0E1A91BAF846-LeaderElection19] INFO  ratis.XceiverServerRatis (XceiverServerRatis.java:handleLeaderChangedNotification(854)) - Leader change notification received for group: group-0E1A91BAF846 with new leaderId: 7ab98594-cde6-4de5-8649-fca514c5537e
2020-11-02 01:47:05,273 [7ab98594-cde6-4de5-8649-fca514c5537e@group-0E1A91BAF846-LeaderElection19] INFO  impl.RaftServerImpl (ServerState.java:setLeader(256)) - 7ab98594-cde6-4de5-8649-fca514c5537e@group-0E1A91BAF846: change Leader from null to 7ab98594-cde6-4de5-8649-fca514c5537e at term 1 for becomeLeader, leader elected after 5069ms
2020-11-02 01:47:05,273 [7ab98594-cde6-4de5-8649-fca514c5537e@group-0E1A91BAF846-LeaderElection19] INFO  server.RaftServerConfigKeys (ConfUtils.java:logGet(44)) - raft.server.staging.catchup.gap = 1000 (default)
2020-11-02 01:47:05,273 [7ab98594-cde6-4de5-8649-fca514c5537e@group-0E1A91BAF846-LeaderElection19] INFO  server.RaftServerConfigKeys (ConfUtils.java:logGet(44)) - raft.server.rpc.sleep.time = 25ms (default)
2020-11-02 01:47:05,273 [7ab98594-cde6-4de5-8649-fca514c5537e@group-0E1A91BAF846-LeaderElection19] INFO  metrics.RatisMetrics (RatisMetrics.java:lambda$create$0(36)) - Creating Metrics Registry : ratis.log_appender.7ab98594-cde6-4de5-8649-fca514c5537e@group-0E1A91BAF846
2020-11-02 01:47:05,274 [7ab98594-cde6-4de5-8649-fca514c5537e@group-0E1A91BAF846-LeaderElection19] INFO  server.RaftServerConfigKeys (ConfUtils.java:logGet(44)) - raft.server.write.element-limit = 1024 (custom)
2020-11-02 01:47:05,274 [7ab98594-cde6-4de5-8649-fca514c5537e@group-0E1A91BAF846-LeaderElection19] INFO  server.RaftServerConfigKeys (ConfUtils.java:logGet(44)) - raft.server.write.byte-limit = 1073741824 (custom)
2020-11-02 01:47:05,274 [7ab98594-cde6-4de5-8649-fca514c5537e@group-0E1A91BAF846-LeaderElection19] INFO  server.RaftServerConfigKeys (ConfUtils.java:logGet(44)) - raft.server.watch.timeout = 180s (custom)
2020-11-02 01:47:05,274 [7ab98594-cde6-4de5-8649-fca514c5537e@group-0E1A91BAF846-LeaderElection19] INFO  server.RaftServerConfigKeys (ConfUtils.java:logGet(44)) - raft.server.watch.timeout.denomination = 1s (default)
2020-11-02 01:47:05,274 [7ab98594-cde6-4de5-8649-fca514c5537e@group-0E1A91BAF846-LeaderElection19] INFO  server.RaftServerConfigKeys (ConfUtils.java:logGet(44)) - raft.server.watch.element-limit = 65536 (default)
2020-11-02 01:47:05,274 [7ab98594-cde6-4de5-8649-fca514c5537e@group-0E1A91BAF846-LeaderElection19] INFO  impl.RoleInfo (RoleInfo.java:updateAndGet(143)) - 7ab98594-cde6-4de5-8649-fca514c5537e: start LeaderState
2020-11-02 01:47:05,275 [7ab98594-cde6-4de5-8649-fca514c5537e@group-0E1A91BAF846-LeaderElection19] INFO  segmented.SegmentedRaftLogWorker (SegmentedRaftLogWorker.java:startLogSegment(397)) - 7ab98594-cde6-4de5-8649-fca514c5537e@group-0E1A91BAF846-SegmentedRaftLogWorker: Starting segment from index:0
2020-11-02 01:47:05,277 [7ab98594-cde6-4de5-8649-fca514c5537e@group-0E1A91BAF846-SegmentedRaftLogWorker] INFO  segmented.SegmentedRaftLogWorker (SegmentedRaftLogWorker.java:execute(596)) - 7ab98594-cde6-4de5-8649-fca514c5537e@group-0E1A91BAF846-SegmentedRaftLogWorker: created new log segment /github/workspace/mnt/ozone/hadoop-ozone/integration-test/target/test-dir/MiniOzoneClusterImpl-3e692a3b-ddb2-4690-9144-d4d1ad0fcef2/datanode-4/data/ratis/7b40e318-d3f2-48b5-9686-0e1a91baf846/current/log_inprogress_0
2020-11-02 01:47:05,279 [7ab98594-cde6-4de5-8649-fca514c5537e@group-0E1A91BAF846-LeaderElection19] INFO  impl.RaftServerImpl (ServerState.java:setRaftConf(374)) - 7ab98594-cde6-4de5-8649-fca514c5537e@group-0E1A91BAF846: set configuration 0: [7ab98594-cde6-4de5-8649-fca514c5537e:172.17.0.2:40279:0], old=null at 0
2020-11-02 01:47:05,506 [Thread-612] INFO  impl.FollowerState (FollowerState.java:run(108)) - 3273682d-ecc6-428d-bb6c-acac935ad76d@group-2A1571E435FF-FollowerState: change to CANDIDATE, lastRpcTime:5082ms, electionTimeout:5081ms
2020-11-02 01:47:05,506 [Thread-612] INFO  impl.RoleInfo (RoleInfo.java:shutdownFollowerState(121)) - 3273682d-ecc6-428d-bb6c-acac935ad76d: shutdown FollowerState
2020-11-02 01:47:05,507 [Thread-612] INFO  impl.RaftServerImpl (RaftServerImpl.java:setRole(198)) - 3273682d-ecc6-428d-bb6c-acac935ad76d@group-2A1571E435FF: changes role from  FOLLOWER to CANDIDATE at term 0 for changeToCandidate
2020-11-02 01:47:05,507 [Thread-612] INFO  impl.RoleInfo (RoleInfo.java:updateAndGet(143)) - 3273682d-ecc6-428d-bb6c-acac935ad76d: start LeaderElection
2020-11-02 01:47:05,514 [3273682d-ecc6-428d-bb6c-acac935ad76d@group-2A1571E435FF-LeaderElection20] INFO  impl.LeaderElection (LeaderElection.java:askForVotes(210)) - 3273682d-ecc6-428d-bb6c-acac935ad76d@group-2A1571E435FF-LeaderElection20: begin an election at term 1 for -1: [3273682d-ecc6-428d-bb6c-acac935ad76d:172.17.0.2:38465:0], old=null
2020-11-02 01:47:05,514 [3273682d-ecc6-428d-bb6c-acac935ad76d@group-2A1571E435FF-LeaderElection20] INFO  impl.RoleInfo (RoleInfo.java:shutdownLeaderElection(134)) - 3273682d-ecc6-428d-bb6c-acac935ad76d: shutdown LeaderElection
2020-11-02 01:47:05,514 [3273682d-ecc6-428d-bb6c-acac935ad76d@group-2A1571E435FF-LeaderElection20] INFO  impl.RaftServerImpl (RaftServerImpl.java:setRole(198)) - 3273682d-ecc6-428d-bb6c-acac935ad76d@group-2A1571E435FF: changes role from CANDIDATE to LEADER at term 1 for changeToLeader
2020-11-02 01:47:05,514 [3273682d-ecc6-428d-bb6c-acac935ad76d@group-2A1571E435FF-LeaderElection20] INFO  ratis.XceiverServerRatis (XceiverServerRatis.java:handleLeaderChangedNotification(854)) - Leader change notification received for group: group-2A1571E435FF with new leaderId: 3273682d-ecc6-428d-bb6c-acac935ad76d
2020-11-02 01:47:05,514 [3273682d-ecc6-428d-bb6c-acac935ad76d@group-2A1571E435FF-LeaderElection20] INFO  impl.RaftServerImpl (ServerState.java:setLeader(256)) - 3273682d-ecc6-428d-bb6c-acac935ad76d@group-2A1571E435FF: change Leader from null to 3273682d-ecc6-428d-bb6c-acac935ad76d at term 1 for becomeLeader, leader elected after 5103ms
2020-11-02 01:47:05,514 [3273682d-ecc6-428d-bb6c-acac935ad76d@group-2A1571E435FF-LeaderElection20] INFO  server.RaftServerConfigKeys (ConfUtils.java:logGet(44)) - raft.server.staging.catchup.gap = 1000 (default)
2020-11-02 01:47:05,515 [3273682d-ecc6-428d-bb6c-acac935ad76d@group-2A1571E435FF-LeaderElection20] INFO  server.RaftServerConfigKeys (ConfUtils.java:logGet(44)) - raft.server.rpc.sleep.time = 25ms (default)
2020-11-02 01:47:05,515 [3273682d-ecc6-428d-bb6c-acac935ad76d@group-2A1571E435FF-LeaderElection20] INFO  metrics.RatisMetrics (RatisMetrics.java:lambda$create$0(36)) - Creating Metrics Registry : ratis.log_appender.3273682d-ecc6-428d-bb6c-acac935ad76d@group-2A1571E435FF
2020-11-02 01:47:05,515 [3273682d-ecc6-428d-bb6c-acac935ad76d@group-2A1571E435FF-LeaderElection20] INFO  server.RaftServerConfigKeys (ConfUtils.java:logGet(44)) - raft.server.write.element-limit = 1024 (custom)
2020-11-02 01:47:05,515 [3273682d-ecc6-428d-bb6c-acac935ad76d@group-2A1571E435FF-LeaderElection20] INFO  server.RaftServerConfigKeys (ConfUtils.java:logGet(44)) - raft.server.write.byte-limit = 1073741824 (custom)
2020-11-02 01:47:05,516 [3273682d-ecc6-428d-bb6c-acac935ad76d@group-2A1571E435FF-LeaderElection20] INFO  server.RaftServerConfigKeys (ConfUtils.java:logGet(44)) - raft.server.watch.timeout = 180s (custom)
2020-11-02 01:47:05,517 [3273682d-ecc6-428d-bb6c-acac935ad76d@group-2A1571E435FF-LeaderElection20] INFO  server.RaftServerConfigKeys (ConfUtils.java:logGet(44)) - raft.server.watch.timeout.denomination = 1s (default)
2020-11-02 01:47:05,517 [3273682d-ecc6-428d-bb6c-acac935ad76d@group-2A1571E435FF-LeaderElection20] INFO  server.RaftServerConfigKeys (ConfUtils.java:logGet(44)) - raft.server.watch.element-limit = 65536 (default)
2020-11-02 01:47:05,517 [3273682d-ecc6-428d-bb6c-acac935ad76d@group-2A1571E435FF-LeaderElection20] INFO  impl.RoleInfo (RoleInfo.java:updateAndGet(143)) - 3273682d-ecc6-428d-bb6c-acac935ad76d: start LeaderState
2020-11-02 01:47:05,517 [3273682d-ecc6-428d-bb6c-acac935ad76d@group-2A1571E435FF-LeaderElection20] INFO  segmented.SegmentedRaftLogWorker (SegmentedRaftLogWorker.java:startLogSegment(397)) - 3273682d-ecc6-428d-bb6c-acac935ad76d@group-2A1571E435FF-SegmentedRaftLogWorker: Starting segment from index:0
2020-11-02 01:47:05,518 [3273682d-ecc6-428d-bb6c-acac935ad76d@group-2A1571E435FF-LeaderElection20] INFO  impl.RaftServerImpl (ServerState.java:setRaftConf(374)) - 3273682d-ecc6-428d-bb6c-acac935ad76d@group-2A1571E435FF: set configuration 0: [3273682d-ecc6-428d-bb6c-acac935ad76d:172.17.0.2:38465:0], old=null at 0
2020-11-02 01:47:05,519 [3273682d-ecc6-428d-bb6c-acac935ad76d@group-2A1571E435FF-SegmentedRaftLogWorker] INFO  segmented.SegmentedRaftLogWorker (SegmentedRaftLogWorker.java:execute(596)) - 3273682d-ecc6-428d-bb6c-acac935ad76d@group-2A1571E435FF-SegmentedRaftLogWorker: created new log segment /github/workspace/mnt/ozone/hadoop-ozone/integration-test/target/test-dir/MiniOzoneClusterImpl-3e692a3b-ddb2-4690-9144-d4d1ad0fcef2/datanode-5/data/ratis/7a368b50-d7c2-4398-8ffd-2a1571e435ff/current/log_inprogress_0
2020-11-02 01:47:05,573 [Listener at 127.0.0.1/34381] INFO  ozone.MiniOzoneClusterImpl (MiniOzoneClusterImpl.java:lambda$waitForClusterToBeReady$0(177)) - Nodes are ready. Got 7 of 7 DN Heartbeats.
2020-11-02 01:47:05,573 [Listener at 127.0.0.1/34381] INFO  ozone.MiniOzoneClusterImpl (MiniOzoneClusterImpl.java:lambda$waitForClusterToBeReady$0(180)) - Cluster exits safe mode
2020-11-02 01:47:05,583 [Listener at 127.0.0.1/34381] INFO  rpc.RpcClient (RpcClient.java:createVolume(321)) - Creating Volume: testblockoutputstreamwithretries, with jenkins1001 as owner.
2020-11-02 01:47:05,584 [IPC Server handler 3 on default port 34381] INFO  volume.OMVolumeCreateRequest (OMVolumeCreateRequest.java:validateAndUpdateCache(196)) - created volume:testblockoutputstreamwithretries for user:jenkins1001
2020-11-02 01:47:05,590 [Listener at 127.0.0.1/34381] INFO  rpc.RpcClient (RpcClient.java:createBucket(476)) - Creating Bucket: testblockoutputstreamwithretries/testblockoutputstreamwithretries, with Versioning false and Storage Type set to DISK and Encryption set to false 
2020-11-02 01:47:05,609 [Listener at 127.0.0.1/34381] INFO  metrics.RatisMetrics (RatisMetrics.java:lambda$create$0(36)) - Creating Metrics Registry : ratis.client_message_metrics.client-BE3D5850886B->f4704367-9fd7-4d83-8836-3ce9ecc30269
2020-11-02 01:47:05,693 [Listener at 127.0.0.1/34381] INFO  metrics.RatisMetrics (RatisMetrics.java:lambda$create$0(36)) - Creating Metrics Registry : ratis.client_message_metrics.client-F20E3A871BAC->bb7e8155-091d-463f-8cd0-e09b5982d598
2020-11-02 01:47:05,698 [grpc-default-executor-2] INFO  metrics.RatisMetrics (RatisMetrics.java:lambda$create$0(36)) - Creating Metrics Registry : ratis.server_message_metrics.bb7e8155-091d-463f-8cd0-e09b5982d598
2020-11-02 01:47:05,734 [Listener at 127.0.0.1/34381] INFO  metrics.RatisMetrics (RatisMetrics.java:lambda$create$0(36)) - Creating Metrics Registry : ratis.client_message_metrics.client-060C9BE8ABE4->f4704367-9fd7-4d83-8836-3ce9ecc30269
2020-11-02 01:47:05,777 [Thread-614] INFO  impl.FollowerState (FollowerState.java:run(108)) - bfea4c38-3863-469c-a612-67521276e931@group-8A6E232A5E78-FollowerState: change to CANDIDATE, lastRpcTime:5174ms, electionTimeout:5173ms
2020-11-02 01:47:05,777 [Thread-614] INFO  impl.RoleInfo (RoleInfo.java:shutdownFollowerState(121)) - bfea4c38-3863-469c-a612-67521276e931: shutdown FollowerState
2020-11-02 01:47:05,778 [Thread-614] INFO  impl.RaftServerImpl (RaftServerImpl.java:setRole(198)) - bfea4c38-3863-469c-a612-67521276e931@group-8A6E232A5E78: changes role from  FOLLOWER to CANDIDATE at term 0 for changeToCandidate
2020-11-02 01:47:05,778 [Thread-614] INFO  impl.RoleInfo (RoleInfo.java:updateAndGet(143)) - bfea4c38-3863-469c-a612-67521276e931: start LeaderElection
2020-11-02 01:47:05,786 [EventQueue-CloseContainerForCloseContainerEventHandler] INFO  container.CloseContainerEventHandler (CloseContainerEventHandler.java:onMessage(61)) - Close container Event triggered for container : #1
2020-11-02 01:47:05,787 [EventQueue-CloseContainerForCloseContainerEventHandler] INFO  container.CloseContainerEventHandler (CloseContainerEventHandler.java:onMessage(61)) - Close container Event triggered for container : #2
2020-11-02 01:47:05,787 [EventQueue-CloseContainerForCloseContainerEventHandler] INFO  container.CloseContainerEventHandler (CloseContainerEventHandler.java:onMessage(61)) - Close container Event triggered for container : #3
2020-11-02 01:47:05,787 [bfea4c38-3863-469c-a612-67521276e931@group-8A6E232A5E78-LeaderElection21] INFO  impl.LeaderElection (LeaderElection.java:askForVotes(210)) - bfea4c38-3863-469c-a612-67521276e931@group-8A6E232A5E78-LeaderElection21: begin an election at term 1 for -1: [bfea4c38-3863-469c-a612-67521276e931:172.17.0.2:38881:0], old=null
2020-11-02 01:47:05,788 [bfea4c38-3863-469c-a612-67521276e931@group-8A6E232A5E78-LeaderElection21] INFO  impl.RoleInfo (RoleInfo.java:shutdownLeaderElection(134)) - bfea4c38-3863-469c-a612-67521276e931: shutdown LeaderElection
2020-11-02 01:47:05,788 [bfea4c38-3863-469c-a612-67521276e931@group-8A6E232A5E78-LeaderElection21] INFO  impl.RaftServerImpl (RaftServerImpl.java:setRole(198)) - bfea4c38-3863-469c-a612-67521276e931@group-8A6E232A5E78: changes role from CANDIDATE to LEADER at term 1 for changeToLeader
2020-11-02 01:47:05,788 [bfea4c38-3863-469c-a612-67521276e931@group-8A6E232A5E78-LeaderElection21] INFO  ratis.XceiverServerRatis (XceiverServerRatis.java:handleLeaderChangedNotification(854)) - Leader change notification received for group: group-8A6E232A5E78 with new leaderId: bfea4c38-3863-469c-a612-67521276e931
2020-11-02 01:47:05,788 [bfea4c38-3863-469c-a612-67521276e931@group-8A6E232A5E78-LeaderElection21] INFO  impl.RaftServerImpl (ServerState.java:setLeader(256)) - bfea4c38-3863-469c-a612-67521276e931@group-8A6E232A5E78: change Leader from null to bfea4c38-3863-469c-a612-67521276e931 at term 1 for becomeLeader, leader elected after 5200ms
2020-11-02 01:47:05,788 [bfea4c38-3863-469c-a612-67521276e931@group-8A6E232A5E78-LeaderElection21] INFO  server.RaftServerConfigKeys (ConfUtils.java:logGet(44)) - raft.server.staging.catchup.gap = 1000 (default)
2020-11-02 01:47:05,789 [bfea4c38-3863-469c-a612-67521276e931@group-8A6E232A5E78-LeaderElection21] INFO  server.RaftServerConfigKeys (ConfUtils.java:logGet(44)) - raft.server.rpc.sleep.time = 25ms (default)
2020-11-02 01:47:05,789 [bfea4c38-3863-469c-a612-67521276e931@group-8A6E232A5E78-LeaderElection21] INFO  metrics.RatisMetrics (RatisMetrics.java:lambda$create$0(36)) - Creating Metrics Registry : ratis.log_appender.bfea4c38-3863-469c-a612-67521276e931@group-8A6E232A5E78
2020-11-02 01:47:05,789 [bfea4c38-3863-469c-a612-67521276e931@group-8A6E232A5E78-LeaderElection21] INFO  server.RaftServerConfigKeys (ConfUtils.java:logGet(44)) - raft.server.write.element-limit = 1024 (custom)
2020-11-02 01:47:05,789 [bfea4c38-3863-469c-a612-67521276e931@group-8A6E232A5E78-LeaderElection21] INFO  server.RaftServerConfigKeys (ConfUtils.java:logGet(44)) - raft.server.write.byte-limit = 1073741824 (custom)
2020-11-02 01:47:05,794 [bfea4c38-3863-469c-a612-67521276e931@group-8A6E232A5E78-LeaderElection21] INFO  server.RaftServerConfigKeys (ConfUtils.java:logGet(44)) - raft.server.watch.timeout = 180s (custom)
2020-11-02 01:47:05,795 [bfea4c38-3863-469c-a612-67521276e931@group-8A6E232A5E78-LeaderElection21] INFO  server.RaftServerConfigKeys (ConfUtils.java:logGet(44)) - raft.server.watch.timeout.denomination = 1s (default)
2020-11-02 01:47:05,795 [bfea4c38-3863-469c-a612-67521276e931@group-8A6E232A5E78-LeaderElection21] INFO  server.RaftServerConfigKeys (ConfUtils.java:logGet(44)) - raft.server.watch.element-limit = 65536 (default)
2020-11-02 01:47:05,795 [bfea4c38-3863-469c-a612-67521276e931@group-8A6E232A5E78-LeaderElection21] INFO  impl.RoleInfo (RoleInfo.java:updateAndGet(143)) - bfea4c38-3863-469c-a612-67521276e931: start LeaderState
2020-11-02 01:47:05,795 [bfea4c38-3863-469c-a612-67521276e931@group-8A6E232A5E78-LeaderElection21] INFO  segmented.SegmentedRaftLogWorker (SegmentedRaftLogWorker.java:startLogSegment(397)) - bfea4c38-3863-469c-a612-67521276e931@group-8A6E232A5E78-SegmentedRaftLogWorker: Starting segment from index:0
2020-11-02 01:47:05,795 [bfea4c38-3863-469c-a612-67521276e931@group-8A6E232A5E78-LeaderElection21] INFO  impl.RaftServerImpl (ServerState.java:setRaftConf(374)) - bfea4c38-3863-469c-a612-67521276e931@group-8A6E232A5E78: set configuration 0: [bfea4c38-3863-469c-a612-67521276e931:172.17.0.2:38881:0], old=null at 0
2020-11-02 01:47:05,799 [bfea4c38-3863-469c-a612-67521276e931@group-8A6E232A5E78-SegmentedRaftLogWorker] INFO  segmented.SegmentedRaftLogWorker (SegmentedRaftLogWorker.java:execute(596)) - bfea4c38-3863-469c-a612-67521276e931@group-8A6E232A5E78-SegmentedRaftLogWorker: created new log segment /github/workspace/mnt/ozone/hadoop-ozone/integration-test/target/test-dir/MiniOzoneClusterImpl-3e692a3b-ddb2-4690-9144-d4d1ad0fcef2/datanode-6/data/ratis/defff4ad-0259-4a79-9296-8a6e232a5e78/current/log_inprogress_0
2020-11-02 01:47:07,698 [RatisApplyTransactionExecutor 1] INFO  keyvalue.KeyValueContainer (KeyValueContainer.java:flushAndSyncDB(388)) - Container 1 is synced with bcsId 13.
2020-11-02 01:47:07,699 [RatisApplyTransactionExecutor 1] INFO  keyvalue.KeyValueContainer (KeyValueContainer.java:flushAndSyncDB(388)) - Container 1 is synced with bcsId 13.
2020-11-02 01:47:07,702 [RatisApplyTransactionExecutor 1] INFO  keyvalue.KeyValueContainer (KeyValueContainer.java:close(326)) - Container 1 is closed with bcsId 13.
2020-11-02 01:47:07,703 [EventQueue-IncrementalContainerReportForIncrementalContainerReportHandler] INFO  container.IncrementalContainerReportHandler (AbstractContainerReportHandler.java:updateContainerState(215)) - Moving container #1 to CLOSED state, datanode f4704367-9fd7-4d83-8836-3ce9ecc30269{ip: 172.17.0.2, host: d0a72d05df0f, networkLocation: /default-rack, certSerialId: null} reported CLOSED replica.
2020-11-02 01:47:07,708 [RatisApplyTransactionExecutor 2] INFO  keyvalue.KeyValueContainer (KeyValueContainer.java:flushAndSyncDB(388)) - Container 2 is synced with bcsId 0.
2020-11-02 01:47:07,709 [RatisApplyTransactionExecutor 2] INFO  keyvalue.KeyValueContainer (KeyValueContainer.java:flushAndSyncDB(388)) - Container 2 is synced with bcsId 0.
2020-11-02 01:47:07,710 [RatisApplyTransactionExecutor 2] INFO  keyvalue.KeyValueContainer (KeyValueContainer.java:close(326)) - Container 2 is closed with bcsId 0.
2020-11-02 01:47:07,711 [EventQueue-IncrementalContainerReportForIncrementalContainerReportHandler] INFO  container.IncrementalContainerReportHandler (AbstractContainerReportHandler.java:updateContainerState(215)) - Moving container #2 to CLOSED state, datanode f4704367-9fd7-4d83-8836-3ce9ecc30269{ip: 172.17.0.2, host: d0a72d05df0f, networkLocation: /default-rack, certSerialId: null} reported CLOSED replica.
2020-11-02 01:47:07,740 [RatisApplyTransactionExecutor 3] INFO  keyvalue.KeyValueContainer (KeyValueContainer.java:flushAndSyncDB(388)) - Container 3 is synced with bcsId 0.
2020-11-02 01:47:07,740 [RatisApplyTransactionExecutor 3] INFO  keyvalue.KeyValueContainer (KeyValueContainer.java:flushAndSyncDB(388)) - Container 3 is synced with bcsId 0.
2020-11-02 01:47:07,743 [RatisApplyTransactionExecutor 3] INFO  keyvalue.KeyValueContainer (KeyValueContainer.java:close(326)) - Container 3 is closed with bcsId 0.
2020-11-02 01:47:07,744 [EventQueue-IncrementalContainerReportForIncrementalContainerReportHandler] INFO  container.IncrementalContainerReportHandler (AbstractContainerReportHandler.java:updateContainerState(215)) - Moving container #3 to CLOSED state, datanode bb7e8155-091d-463f-8cd0-e09b5982d598{ip: 172.17.0.2, host: d0a72d05df0f, networkLocation: /default-rack, certSerialId: null} reported CLOSED replica.
2020-11-02 01:47:07,755 [EventQueue-Delayed safe mode statusForReplicationManager] INFO  container.ReplicationManager (ReplicationManager.java:start(178)) - Starting Replication Monitor Thread.
2020-11-02 01:47:07,758 [ReplicationMonitor] INFO  container.ReplicationManager (ReplicationManager.java:sendDeleteCommand(927)) - Sending delete container command for container #2 to datanode f4704367-9fd7-4d83-8836-3ce9ecc30269{ip: 172.17.0.2, host: d0a72d05df0f, networkLocation: /default-rack, certSerialId: null}
2020-11-02 01:47:07,759 [ReplicationMonitor] INFO  container.ReplicationManager (ReplicationManager.java:sendDeleteCommand(927)) - Sending delete container command for container #3 to datanode bb7e8155-091d-463f-8cd0-e09b5982d598{ip: 172.17.0.2, host: d0a72d05df0f, networkLocation: /default-rack, certSerialId: null}
2020-11-02 01:47:07,759 [ReplicationMonitor] INFO  container.ReplicationManager (ReplicationManager.java:run(242)) - Replication Monitor Thread took 3 milliseconds for processing 3 containers.
01:47:07.793 [grpc-default-executor-2] ERROR DNAudit - user=null | ip=null | op=WRITE_CHUNK {blockData=conID: 1 locID: 105138200615387139 bcsId: 13} | ret=FAILURE
org.apache.hadoop.hdds.scm.container.common.helpers.ContainerNotOpenException: Container 1 in CLOSED state
	at org.apache.hadoop.ozone.container.common.impl.HddsDispatcher.validateContainerCommand(HddsDispatcher.java:484) ~[hadoop-hdds-container-service-1.1.0-SNAPSHOT.jar:?]
	at org.apache.hadoop.ozone.container.common.transport.server.ratis.ContainerStateMachine.startTransaction(ContainerStateMachine.java:319) ~[hadoop-hdds-container-service-1.1.0-SNAPSHOT.jar:?]
	at org.apache.ratis.server.impl.RaftServerImpl.submitClientRequestAsync(RaftServerImpl.java:684) ~[ratis-server-1.1.0-11689cd-SNAPSHOT.jar:1.1.0-11689cd-SNAPSHOT]
	at org.apache.ratis.server.impl.RaftServerProxy.lambda$submitClientRequestAsync$7(RaftServerProxy.java:341) ~[ratis-server-1.1.0-11689cd-SNAPSHOT.jar:1.1.0-11689cd-SNAPSHOT]
	at org.apache.ratis.server.impl.RaftServerProxy.lambda$null$5(RaftServerProxy.java:336) ~[ratis-server-1.1.0-11689cd-SNAPSHOT.jar:1.1.0-11689cd-SNAPSHOT]
	at org.apache.ratis.util.JavaUtils.callAsUnchecked(JavaUtils.java:109) ~[ratis-common-1.1.0-11689cd-SNAPSHOT.jar:1.1.0-11689cd-SNAPSHOT]
	at org.apache.ratis.server.impl.RaftServerProxy.lambda$submitRequest$6(RaftServerProxy.java:336) ~[ratis-server-1.1.0-11689cd-SNAPSHOT.jar:1.1.0-11689cd-SNAPSHOT]
	at java.util.concurrent.CompletableFuture.uniComposeStage(CompletableFuture.java:995) ~[?:1.8.0_232]
	at java.util.concurrent.CompletableFuture.thenCompose(CompletableFuture.java:2137) ~[?:1.8.0_232]
	at org.apache.ratis.server.impl.RaftServerProxy.submitRequest(RaftServerProxy.java:335) ~[ratis-server-1.1.0-11689cd-SNAPSHOT.jar:1.1.0-11689cd-SNAPSHOT]
	at org.apache.ratis.server.impl.RaftServerProxy.submitClientRequestAsync(RaftServerProxy.java:341) ~[ratis-server-1.1.0-11689cd-SNAPSHOT.jar:1.1.0-11689cd-SNAPSHOT]
	at org.apache.ratis.grpc.client.GrpcClientProtocolService$RequestStreamObserver.processClientRequest(GrpcClientProtocolService.java:228) ~[ratis-grpc-1.1.0-11689cd-SNAPSHOT.jar:1.1.0-11689cd-SNAPSHOT]
	at org.apache.ratis.grpc.client.GrpcClientProtocolService$OrderedRequestStreamObserver.processClientRequest(GrpcClientProtocolService.java:334) ~[ratis-grpc-1.1.0-11689cd-SNAPSHOT.jar:1.1.0-11689cd-SNAPSHOT]
	at org.apache.ratis.util.SlidingWindow$Server.processRequestsFromHead(SlidingWindow.java:429) [ratis-common-1.1.0-11689cd-SNAPSHOT.jar:1.1.0-11689cd-SNAPSHOT]
	at org.apache.ratis.util.SlidingWindow$Server.receivedRequest(SlidingWindow.java:421) [ratis-common-1.1.0-11689cd-SNAPSHOT.jar:1.1.0-11689cd-SNAPSHOT]
	at org.apache.ratis.grpc.client.GrpcClientProtocolService$OrderedRequestStreamObserver.processClientRequest(GrpcClientProtocolService.java:358) [ratis-grpc-1.1.0-11689cd-SNAPSHOT.jar:1.1.0-11689cd-SNAPSHOT]
	at org.apache.ratis.grpc.client.GrpcClientProtocolService$RequestStreamObserver.onNext(GrpcClientProtocolService.java:248) [ratis-grpc-1.1.0-11689cd-SNAPSHOT.jar:1.1.0-11689cd-SNAPSHOT]
	at org.apache.ratis.grpc.client.GrpcClientProtocolService$RequestStreamObserver.onNext(GrpcClientProtocolService.java:171) [ratis-grpc-1.1.0-11689cd-SNAPSHOT.jar:1.1.0-11689cd-SNAPSHOT]
	at org.apache.ratis.thirdparty.io.grpc.stub.ServerCalls$StreamingServerCallHandler$StreamingServerCallListener.onMessage(ServerCalls.java:251) [ratis-thirdparty-misc-0.6.0-SNAPSHOT.jar:0.6.0-SNAPSHOT]
	at org.apache.ratis.thirdparty.io.grpc.ForwardingServerCallListener.onMessage(ForwardingServerCallListener.java:33) [ratis-thirdparty-misc-0.6.0-SNAPSHOT.jar:0.6.0-SNAPSHOT]
	at org.apache.ratis.thirdparty.io.grpc.internal.ServerCallImpl$ServerStreamListenerImpl.messagesAvailableInternal(ServerCallImpl.java:309) [ratis-thirdparty-misc-0.6.0-SNAPSHOT.jar:0.6.0-SNAPSHOT]
	at org.apache.ratis.thirdparty.io.grpc.internal.ServerCallImpl$ServerStreamListenerImpl.messagesAvailable(ServerCallImpl.java:292) [ratis-thirdparty-misc-0.6.0-SNAPSHOT.jar:0.6.0-SNAPSHOT]
	at org.apache.ratis.thirdparty.io.grpc.internal.ServerImpl$JumpToApplicationThreadServerStreamListener$1MessagesAvailable.runInContext(ServerImpl.java:783) [ratis-thirdparty-misc-0.6.0-SNAPSHOT.jar:0.6.0-SNAPSHOT]
	at org.apache.ratis.thirdparty.io.grpc.internal.ContextRunnable.run(ContextRunnable.java:37) [ratis-thirdparty-misc-0.6.0-SNAPSHOT.jar:0.6.0-SNAPSHOT]
	at org.apache.ratis.thirdparty.io.grpc.internal.SerializingExecutor.run(SerializingExecutor.java:123) [ratis-thirdparty-misc-0.6.0-SNAPSHOT.jar:0.6.0-SNAPSHOT]
	at java.util.concurrent.ThreadPoolExecutor.runWorker(ThreadPoolExecutor.java:1149) [?:1.8.0_232]
	at java.util.concurrent.ThreadPoolExecutor$Worker.run(ThreadPoolExecutor.java:624) [?:1.8.0_232]
	at java.lang.Thread.run(Thread.java:748) [?:1.8.0_232]
2020-11-02 01:47:07,813 [grpc-default-executor-3] ERROR storage.BlockOutputStream (BlockOutputStream.java:lambda$writeChunkToContainer$3(685)) - writing chunk failed 105138200615387139_chunk_5 blockID conID: 1 locID: 105138200615387139 bcsId: 13 with exception org.apache.ratis.protocol.exceptions.StateMachineException: org.apache.hadoop.hdds.scm.container.common.helpers.ContainerNotOpenException from Server f4704367-9fd7-4d83-8836-3ce9ecc30269@group-290FE5556BA5: Container 1 in CLOSED state
01:47:07.814 [grpc-default-executor-2] ERROR DNAudit - user=null | ip=null | op=WRITE_CHUNK {blockData=conID: 1 locID: 105138200615387139 bcsId: 13} | ret=FAILURE
org.apache.hadoop.hdds.scm.container.common.helpers.ContainerNotOpenException: Container 1 in CLOSED state
	at org.apache.hadoop.ozone.container.common.impl.HddsDispatcher.validateContainerCommand(HddsDispatcher.java:484) ~[hadoop-hdds-container-service-1.1.0-SNAPSHOT.jar:?]
	at org.apache.hadoop.ozone.container.common.transport.server.ratis.ContainerStateMachine.startTransaction(ContainerStateMachine.java:319) ~[hadoop-hdds-container-service-1.1.0-SNAPSHOT.jar:?]
	at org.apache.ratis.server.impl.RaftServerImpl.submitClientRequestAsync(RaftServerImpl.java:684) ~[ratis-server-1.1.0-11689cd-SNAPSHOT.jar:1.1.0-11689cd-SNAPSHOT]
	at org.apache.ratis.server.impl.RaftServerProxy.lambda$submitClientRequestAsync$7(RaftServerProxy.java:341) ~[ratis-server-1.1.0-11689cd-SNAPSHOT.jar:1.1.0-11689cd-SNAPSHOT]
	at org.apache.ratis.server.impl.RaftServerProxy.lambda$null$5(RaftServerProxy.java:336) ~[ratis-server-1.1.0-11689cd-SNAPSHOT.jar:1.1.0-11689cd-SNAPSHOT]
	at org.apache.ratis.util.JavaUtils.callAsUnchecked(JavaUtils.java:109) ~[ratis-common-1.1.0-11689cd-SNAPSHOT.jar:1.1.0-11689cd-SNAPSHOT]
	at org.apache.ratis.server.impl.RaftServerProxy.lambda$submitRequest$6(RaftServerProxy.java:336) ~[ratis-server-1.1.0-11689cd-SNAPSHOT.jar:1.1.0-11689cd-SNAPSHOT]
	at java.util.concurrent.CompletableFuture.uniComposeStage(CompletableFuture.java:995) ~[?:1.8.0_232]
	at java.util.concurrent.CompletableFuture.thenCompose(CompletableFuture.java:2137) ~[?:1.8.0_232]
	at org.apache.ratis.server.impl.RaftServerProxy.submitRequest(RaftServerProxy.java:335) ~[ratis-server-1.1.0-11689cd-SNAPSHOT.jar:1.1.0-11689cd-SNAPSHOT]
	at org.apache.ratis.server.impl.RaftServerProxy.submitClientRequestAsync(RaftServerProxy.java:341) ~[ratis-server-1.1.0-11689cd-SNAPSHOT.jar:1.1.0-11689cd-SNAPSHOT]
	at org.apache.ratis.grpc.client.GrpcClientProtocolService$RequestStreamObserver.processClientRequest(GrpcClientProtocolService.java:228) ~[ratis-grpc-1.1.0-11689cd-SNAPSHOT.jar:1.1.0-11689cd-SNAPSHOT]
	at org.apache.ratis.grpc.client.GrpcClientProtocolService$OrderedRequestStreamObserver.processClientRequest(GrpcClientProtocolService.java:334) ~[ratis-grpc-1.1.0-11689cd-SNAPSHOT.jar:1.1.0-11689cd-SNAPSHOT]
	at org.apache.ratis.util.SlidingWindow$Server.processRequestsFromHead(SlidingWindow.java:429) [ratis-common-1.1.0-11689cd-SNAPSHOT.jar:1.1.0-11689cd-SNAPSHOT]
	at org.apache.ratis.util.SlidingWindow$Server.receivedRequest(SlidingWindow.java:421) [ratis-common-1.1.0-11689cd-SNAPSHOT.jar:1.1.0-11689cd-SNAPSHOT]
	at org.apache.ratis.grpc.client.GrpcClientProtocolService$OrderedRequestStreamObserver.processClientRequest(GrpcClientProtocolService.java:358) [ratis-grpc-1.1.0-11689cd-SNAPSHOT.jar:1.1.0-11689cd-SNAPSHOT]
	at org.apache.ratis.grpc.client.GrpcClientProtocolService$RequestStreamObserver.onNext(GrpcClientProtocolService.java:248) [ratis-grpc-1.1.0-11689cd-SNAPSHOT.jar:1.1.0-11689cd-SNAPSHOT]
	at org.apache.ratis.grpc.client.GrpcClientProtocolService$RequestStreamObserver.onNext(GrpcClientProtocolService.java:171) [ratis-grpc-1.1.0-11689cd-SNAPSHOT.jar:1.1.0-11689cd-SNAPSHOT]
	at org.apache.ratis.thirdparty.io.grpc.stub.ServerCalls$StreamingServerCallHandler$StreamingServerCallListener.onMessage(ServerCalls.java:251) [ratis-thirdparty-misc-0.6.0-SNAPSHOT.jar:0.6.0-SNAPSHOT]
	at org.apache.ratis.thirdparty.io.grpc.ForwardingServerCallListener.onMessage(ForwardingServerCallListener.java:33) [ratis-thirdparty-misc-0.6.0-SNAPSHOT.jar:0.6.0-SNAPSHOT]
	at org.apache.ratis.thirdparty.io.grpc.internal.ServerCallImpl$ServerStreamListenerImpl.messagesAvailableInternal(ServerCallImpl.java:309) [ratis-thirdparty-misc-0.6.0-SNAPSHOT.jar:0.6.0-SNAPSHOT]
	at org.apache.ratis.thirdparty.io.grpc.internal.ServerCallImpl$ServerStreamListenerImpl.messagesAvailable(ServerCallImpl.java:292) [ratis-thirdparty-misc-0.6.0-SNAPSHOT.jar:0.6.0-SNAPSHOT]
	at org.apache.ratis.thirdparty.io.grpc.internal.ServerImpl$JumpToApplicationThreadServerStreamListener$1MessagesAvailable.runInContext(ServerImpl.java:783) [ratis-thirdparty-misc-0.6.0-SNAPSHOT.jar:0.6.0-SNAPSHOT]
	at org.apache.ratis.thirdparty.io.grpc.internal.ContextRunnable.run(ContextRunnable.java:37) [ratis-thirdparty-misc-0.6.0-SNAPSHOT.jar:0.6.0-SNAPSHOT]
	at org.apache.ratis.thirdparty.io.grpc.internal.SerializingExecutor.run(SerializingExecutor.java:123) [ratis-thirdparty-misc-0.6.0-SNAPSHOT.jar:0.6.0-SNAPSHOT]
	at java.util.concurrent.ThreadPoolExecutor.runWorker(ThreadPoolExecutor.java:1149) [?:1.8.0_232]
	at java.util.concurrent.ThreadPoolExecutor$Worker.run(ThreadPoolExecutor.java:624) [?:1.8.0_232]
	at java.lang.Thread.run(Thread.java:748) [?:1.8.0_232]
01:47:07.821 [grpc-default-executor-2] ERROR DNAudit - user=null | ip=null | op=PUT_BLOCK {blockData=[blockId=conID: 1 locID: 105138200615387139 bcsId: 0,size=600]} | ret=FAILURE
org.apache.hadoop.hdds.scm.container.common.helpers.ContainerNotOpenException: Container 1 in CLOSED state
	at org.apache.hadoop.ozone.container.common.impl.HddsDispatcher.validateContainerCommand(HddsDispatcher.java:484) ~[hadoop-hdds-container-service-1.1.0-SNAPSHOT.jar:?]
	at org.apache.hadoop.ozone.container.common.transport.server.ratis.ContainerStateMachine.startTransaction(ContainerStateMachine.java:319) ~[hadoop-hdds-container-service-1.1.0-SNAPSHOT.jar:?]
	at org.apache.ratis.server.impl.RaftServerImpl.submitClientRequestAsync(RaftServerImpl.java:684) ~[ratis-server-1.1.0-11689cd-SNAPSHOT.jar:1.1.0-11689cd-SNAPSHOT]
	at org.apache.ratis.server.impl.RaftServerProxy.lambda$submitClientRequestAsync$7(RaftServerProxy.java:341) ~[ratis-server-1.1.0-11689cd-SNAPSHOT.jar:1.1.0-11689cd-SNAPSHOT]
	at org.apache.ratis.server.impl.RaftServerProxy.lambda$null$5(RaftServerProxy.java:336) ~[ratis-server-1.1.0-11689cd-SNAPSHOT.jar:1.1.0-11689cd-SNAPSHOT]
	at org.apache.ratis.util.JavaUtils.callAsUnchecked(JavaUtils.java:109) ~[ratis-common-1.1.0-11689cd-SNAPSHOT.jar:1.1.0-11689cd-SNAPSHOT]
	at org.apache.ratis.server.impl.RaftServerProxy.lambda$submitRequest$6(RaftServerProxy.java:336) ~[ratis-server-1.1.0-11689cd-SNAPSHOT.jar:1.1.0-11689cd-SNAPSHOT]
	at java.util.concurrent.CompletableFuture.uniComposeStage(CompletableFuture.java:995) ~[?:1.8.0_232]
	at java.util.concurrent.CompletableFuture.thenCompose(CompletableFuture.java:2137) ~[?:1.8.0_232]
	at org.apache.ratis.server.impl.RaftServerProxy.submitRequest(RaftServerProxy.java:335) ~[ratis-server-1.1.0-11689cd-SNAPSHOT.jar:1.1.0-11689cd-SNAPSHOT]
	at org.apache.ratis.server.impl.RaftServerProxy.submitClientRequestAsync(RaftServerProxy.java:341) ~[ratis-server-1.1.0-11689cd-SNAPSHOT.jar:1.1.0-11689cd-SNAPSHOT]
	at org.apache.ratis.grpc.client.GrpcClientProtocolService$RequestStreamObserver.processClientRequest(GrpcClientProtocolService.java:228) ~[ratis-grpc-1.1.0-11689cd-SNAPSHOT.jar:1.1.0-11689cd-SNAPSHOT]
	at org.apache.ratis.grpc.client.GrpcClientProtocolService$OrderedRequestStreamObserver.processClientRequest(GrpcClientProtocolService.java:334) ~[ratis-grpc-1.1.0-11689cd-SNAPSHOT.jar:1.1.0-11689cd-SNAPSHOT]
	at org.apache.ratis.util.SlidingWindow$Server.processRequestsFromHead(SlidingWindow.java:429) [ratis-common-1.1.0-11689cd-SNAPSHOT.jar:1.1.0-11689cd-SNAPSHOT]
	at org.apache.ratis.util.SlidingWindow$Server.receivedRequest(SlidingWindow.java:421) [ratis-common-1.1.0-11689cd-SNAPSHOT.jar:1.1.0-11689cd-SNAPSHOT]
	at org.apache.ratis.grpc.client.GrpcClientProtocolService$OrderedRequestStreamObserver.processClientRequest(GrpcClientProtocolService.java:358) [ratis-grpc-1.1.0-11689cd-SNAPSHOT.jar:1.1.0-11689cd-SNAPSHOT]
	at org.apache.ratis.grpc.client.GrpcClientProtocolService$RequestStreamObserver.onNext(GrpcClientProtocolService.java:248) [ratis-grpc-1.1.0-11689cd-SNAPSHOT.jar:1.1.0-11689cd-SNAPSHOT]
	at org.apache.ratis.grpc.client.GrpcClientProtocolService$RequestStreamObserver.onNext(GrpcClientProtocolService.java:171) [ratis-grpc-1.1.0-11689cd-SNAPSHOT.jar:1.1.0-11689cd-SNAPSHOT]
	at org.apache.ratis.thirdparty.io.grpc.stub.ServerCalls$StreamingServerCallHandler$StreamingServerCallListener.onMessage(ServerCalls.java:251) [ratis-thirdparty-misc-0.6.0-SNAPSHOT.jar:0.6.0-SNAPSHOT]
	at org.apache.ratis.thirdparty.io.grpc.ForwardingServerCallListener.onMessage(ForwardingServerCallListener.java:33) [ratis-thirdparty-misc-0.6.0-SNAPSHOT.jar:0.6.0-SNAPSHOT]
	at org.apache.ratis.thirdparty.io.grpc.internal.ServerCallImpl$ServerStreamListenerImpl.messagesAvailableInternal(ServerCallImpl.java:309) [ratis-thirdparty-misc-0.6.0-SNAPSHOT.jar:0.6.0-SNAPSHOT]
	at org.apache.ratis.thirdparty.io.grpc.internal.ServerCallImpl$ServerStreamListenerImpl.messagesAvailable(ServerCallImpl.java:292) [ratis-thirdparty-misc-0.6.0-SNAPSHOT.jar:0.6.0-SNAPSHOT]
	at org.apache.ratis.thirdparty.io.grpc.internal.ServerImpl$JumpToApplicationThreadServerStreamListener$1MessagesAvailable.runInContext(ServerImpl.java:783) [ratis-thirdparty-misc-0.6.0-SNAPSHOT.jar:0.6.0-SNAPSHOT]
	at org.apache.ratis.thirdparty.io.grpc.internal.ContextRunnable.run(ContextRunnable.java:37) [ratis-thirdparty-misc-0.6.0-SNAPSHOT.jar:0.6.0-SNAPSHOT]
	at org.apache.ratis.thirdparty.io.grpc.internal.SerializingExecutor.run(SerializingExecutor.java:123) [ratis-thirdparty-misc-0.6.0-SNAPSHOT.jar:0.6.0-SNAPSHOT]
	at java.util.concurrent.ThreadPoolExecutor.runWorker(ThreadPoolExecutor.java:1149) [?:1.8.0_232]
	at java.util.concurrent.ThreadPoolExecutor$Worker.run(ThreadPoolExecutor.java:624) [?:1.8.0_232]
	at java.lang.Thread.run(Thread.java:748) [?:1.8.0_232]
01:47:07.831 [grpc-default-executor-2] ERROR DNAudit - user=null | ip=null | op=WRITE_CHUNK {blockData=conID: 1 locID: 105138200615387139 bcsId: 13} | ret=FAILURE
org.apache.hadoop.hdds.scm.container.common.helpers.ContainerNotOpenException: Container 1 in CLOSED state
	at org.apache.hadoop.ozone.container.common.impl.HddsDispatcher.validateContainerCommand(HddsDispatcher.java:484) ~[hadoop-hdds-container-service-1.1.0-SNAPSHOT.jar:?]
	at org.apache.hadoop.ozone.container.common.transport.server.ratis.ContainerStateMachine.startTransaction(ContainerStateMachine.java:319) ~[hadoop-hdds-container-service-1.1.0-SNAPSHOT.jar:?]
	at org.apache.ratis.server.impl.RaftServerImpl.submitClientRequestAsync(RaftServerImpl.java:684) ~[ratis-server-1.1.0-11689cd-SNAPSHOT.jar:1.1.0-11689cd-SNAPSHOT]
	at org.apache.ratis.server.impl.RaftServerProxy.lambda$submitClientRequestAsync$7(RaftServerProxy.java:341) ~[ratis-server-1.1.0-11689cd-SNAPSHOT.jar:1.1.0-11689cd-SNAPSHOT]
	at org.apache.ratis.server.impl.RaftServerProxy.lambda$null$5(RaftServerProxy.java:336) ~[ratis-server-1.1.0-11689cd-SNAPSHOT.jar:1.1.0-11689cd-SNAPSHOT]
	at org.apache.ratis.util.JavaUtils.callAsUnchecked(JavaUtils.java:109) ~[ratis-common-1.1.0-11689cd-SNAPSHOT.jar:1.1.0-11689cd-SNAPSHOT]
	at org.apache.ratis.server.impl.RaftServerProxy.lambda$submitRequest$6(RaftServerProxy.java:336) ~[ratis-server-1.1.0-11689cd-SNAPSHOT.jar:1.1.0-11689cd-SNAPSHOT]
	at java.util.concurrent.CompletableFuture.uniComposeStage(CompletableFuture.java:995) ~[?:1.8.0_232]
	at java.util.concurrent.CompletableFuture.thenCompose(CompletableFuture.java:2137) ~[?:1.8.0_232]
	at org.apache.ratis.server.impl.RaftServerProxy.submitRequest(RaftServerProxy.java:335) ~[ratis-server-1.1.0-11689cd-SNAPSHOT.jar:1.1.0-11689cd-SNAPSHOT]
	at org.apache.ratis.server.impl.RaftServerProxy.submitClientRequestAsync(RaftServerProxy.java:341) ~[ratis-server-1.1.0-11689cd-SNAPSHOT.jar:1.1.0-11689cd-SNAPSHOT]
	at org.apache.ratis.grpc.client.GrpcClientProtocolService$RequestStreamObserver.processClientRequest(GrpcClientProtocolService.java:228) ~[ratis-grpc-1.1.0-11689cd-SNAPSHOT.jar:1.1.0-11689cd-SNAPSHOT]
	at org.apache.ratis.grpc.client.GrpcClientProtocolService$OrderedRequestStreamObserver.processClientRequest(GrpcClientProtocolService.java:334) ~[ratis-grpc-1.1.0-11689cd-SNAPSHOT.jar:1.1.0-11689cd-SNAPSHOT]
	at org.apache.ratis.util.SlidingWindow$Server.processRequestsFromHead(SlidingWindow.java:429) [ratis-common-1.1.0-11689cd-SNAPSHOT.jar:1.1.0-11689cd-SNAPSHOT]
	at org.apache.ratis.util.SlidingWindow$Server.receivedRequest(SlidingWindow.java:421) [ratis-common-1.1.0-11689cd-SNAPSHOT.jar:1.1.0-11689cd-SNAPSHOT]
	at org.apache.ratis.grpc.client.GrpcClientProtocolService$OrderedRequestStreamObserver.processClientRequest(GrpcClientProtocolService.java:358) [ratis-grpc-1.1.0-11689cd-SNAPSHOT.jar:1.1.0-11689cd-SNAPSHOT]
	at org.apache.ratis.grpc.client.GrpcClientProtocolService$RequestStreamObserver.onNext(GrpcClientProtocolService.java:248) [ratis-grpc-1.1.0-11689cd-SNAPSHOT.jar:1.1.0-11689cd-SNAPSHOT]
	at org.apache.ratis.grpc.client.GrpcClientProtocolService$RequestStreamObserver.onNext(GrpcClientProtocolService.java:171) [ratis-grpc-1.1.0-11689cd-SNAPSHOT.jar:1.1.0-11689cd-SNAPSHOT]
	at org.apache.ratis.thirdparty.io.grpc.stub.ServerCalls$StreamingServerCallHandler$StreamingServerCallListener.onMessage(ServerCalls.java:251) [ratis-thirdparty-misc-0.6.0-SNAPSHOT.jar:0.6.0-SNAPSHOT]
	at org.apache.ratis.thirdparty.io.grpc.ForwardingServerCallListener.onMessage(ForwardingServerCallListener.java:33) [ratis-thirdparty-misc-0.6.0-SNAPSHOT.jar:0.6.0-SNAPSHOT]
	at org.apache.ratis.thirdparty.io.grpc.internal.ServerCallImpl$ServerStreamListenerImpl.messagesAvailableInternal(ServerCallImpl.java:309) [ratis-thirdparty-misc-0.6.0-SNAPSHOT.jar:0.6.0-SNAPSHOT]
	at org.apache.ratis.thirdparty.io.grpc.internal.ServerCallImpl$ServerStreamListenerImpl.messagesAvailable(ServerCallImpl.java:292) [ratis-thirdparty-misc-0.6.0-SNAPSHOT.jar:0.6.0-SNAPSHOT]
	at org.apache.ratis.thirdparty.io.grpc.internal.ServerImpl$JumpToApplicationThreadServerStreamListener$1MessagesAvailable.runInContext(ServerImpl.java:783) [ratis-thirdparty-misc-0.6.0-SNAPSHOT.jar:0.6.0-SNAPSHOT]
	at org.apache.ratis.thirdparty.io.grpc.internal.ContextRunnable.run(ContextRunnable.java:37) [ratis-thirdparty-misc-0.6.0-SNAPSHOT.jar:0.6.0-SNAPSHOT]
	at org.apache.ratis.thirdparty.io.grpc.internal.SerializingExecutor.run(SerializingExecutor.java:123) [ratis-thirdparty-misc-0.6.0-SNAPSHOT.jar:0.6.0-SNAPSHOT]
	at java.util.concurrent.ThreadPoolExecutor.runWorker(ThreadPoolExecutor.java:1149) [?:1.8.0_232]
	at java.util.concurrent.ThreadPoolExecutor$Worker.run(ThreadPoolExecutor.java:624) [?:1.8.0_232]
	at java.lang.Thread.run(Thread.java:748) [?:1.8.0_232]
2020-11-02 01:47:07,833 [grpc-default-executor-3] ERROR storage.BlockOutputStream (BlockOutputStream.java:lambda$writeChunkToContainer$3(685)) - writing chunk failed 105138200615387139_chunk_6 blockID conID: 1 locID: 105138200615387139 bcsId: 13 with exception org.apache.ratis.protocol.exceptions.StateMachineException: org.apache.hadoop.hdds.scm.container.common.helpers.ContainerNotOpenException from Server f4704367-9fd7-4d83-8836-3ce9ecc30269@group-290FE5556BA5: Container 1 in CLOSED state
01:47:07.833 [grpc-default-executor-2] ERROR DNAudit - user=null | ip=null | op=WRITE_CHUNK {blockData=conID: 1 locID: 105138200615387139 bcsId: 13} | ret=FAILURE
org.apache.hadoop.hdds.scm.container.common.helpers.ContainerNotOpenException: Container 1 in CLOSED state
	at org.apache.hadoop.ozone.container.common.impl.HddsDispatcher.validateContainerCommand(HddsDispatcher.java:484) ~[hadoop-hdds-container-service-1.1.0-SNAPSHOT.jar:?]
	at org.apache.hadoop.ozone.container.common.transport.server.ratis.ContainerStateMachine.startTransaction(ContainerStateMachine.java:319) ~[hadoop-hdds-container-service-1.1.0-SNAPSHOT.jar:?]
	at org.apache.ratis.server.impl.RaftServerImpl.submitClientRequestAsync(RaftServerImpl.java:684) ~[ratis-server-1.1.0-11689cd-SNAPSHOT.jar:1.1.0-11689cd-SNAPSHOT]
	at org.apache.ratis.server.impl.RaftServerProxy.lambda$submitClientRequestAsync$7(RaftServerProxy.java:341) ~[ratis-server-1.1.0-11689cd-SNAPSHOT.jar:1.1.0-11689cd-SNAPSHOT]
	at org.apache.ratis.server.impl.RaftServerProxy.lambda$null$5(RaftServerProxy.java:336) ~[ratis-server-1.1.0-11689cd-SNAPSHOT.jar:1.1.0-11689cd-SNAPSHOT]
	at org.apache.ratis.util.JavaUtils.callAsUnchecked(JavaUtils.java:109) ~[ratis-common-1.1.0-11689cd-SNAPSHOT.jar:1.1.0-11689cd-SNAPSHOT]
	at org.apache.ratis.server.impl.RaftServerProxy.lambda$submitRequest$6(RaftServerProxy.java:336) ~[ratis-server-1.1.0-11689cd-SNAPSHOT.jar:1.1.0-11689cd-SNAPSHOT]
	at java.util.concurrent.CompletableFuture.uniComposeStage(CompletableFuture.java:995) ~[?:1.8.0_232]
	at java.util.concurrent.CompletableFuture.thenCompose(CompletableFuture.java:2137) ~[?:1.8.0_232]
	at org.apache.ratis.server.impl.RaftServerProxy.submitRequest(RaftServerProxy.java:335) ~[ratis-server-1.1.0-11689cd-SNAPSHOT.jar:1.1.0-11689cd-SNAPSHOT]
	at org.apache.ratis.server.impl.RaftServerProxy.submitClientRequestAsync(RaftServerProxy.java:341) ~[ratis-server-1.1.0-11689cd-SNAPSHOT.jar:1.1.0-11689cd-SNAPSHOT]
	at org.apache.ratis.grpc.client.GrpcClientProtocolService$RequestStreamObserver.processClientRequest(GrpcClientProtocolService.java:228) ~[ratis-grpc-1.1.0-11689cd-SNAPSHOT.jar:1.1.0-11689cd-SNAPSHOT]
	at org.apache.ratis.grpc.client.GrpcClientProtocolService$OrderedRequestStreamObserver.processClientRequest(GrpcClientProtocolService.java:334) ~[ratis-grpc-1.1.0-11689cd-SNAPSHOT.jar:1.1.0-11689cd-SNAPSHOT]
	at org.apache.ratis.util.SlidingWindow$Server.processRequestsFromHead(SlidingWindow.java:429) [ratis-common-1.1.0-11689cd-SNAPSHOT.jar:1.1.0-11689cd-SNAPSHOT]
	at org.apache.ratis.util.SlidingWindow$Server.receivedRequest(SlidingWindow.java:421) [ratis-common-1.1.0-11689cd-SNAPSHOT.jar:1.1.0-11689cd-SNAPSHOT]
	at org.apache.ratis.grpc.client.GrpcClientProtocolService$OrderedRequestStreamObserver.processClientRequest(GrpcClientProtocolService.java:358) [ratis-grpc-1.1.0-11689cd-SNAPSHOT.jar:1.1.0-11689cd-SNAPSHOT]
	at org.apache.ratis.grpc.client.GrpcClientProtocolService$RequestStreamObserver.onNext(GrpcClientProtocolService.java:248) [ratis-grpc-1.1.0-11689cd-SNAPSHOT.jar:1.1.0-11689cd-SNAPSHOT]
	at org.apache.ratis.grpc.client.GrpcClientProtocolService$RequestStreamObserver.onNext(GrpcClientProtocolService.java:171) [ratis-grpc-1.1.0-11689cd-SNAPSHOT.jar:1.1.0-11689cd-SNAPSHOT]
	at org.apache.ratis.thirdparty.io.grpc.stub.ServerCalls$StreamingServerCallHandler$StreamingServerCallListener.onMessage(ServerCalls.java:251) [ratis-thirdparty-misc-0.6.0-SNAPSHOT.jar:0.6.0-SNAPSHOT]
	at org.apache.ratis.thirdparty.io.grpc.ForwardingServerCallListener.onMessage(ForwardingServerCallListener.java:33) [ratis-thirdparty-misc-0.6.0-SNAPSHOT.jar:0.6.0-SNAPSHOT]
	at org.apache.ratis.thirdparty.io.grpc.internal.ServerCallImpl$ServerStreamListenerImpl.messagesAvailableInternal(ServerCallImpl.java:309) [ratis-thirdparty-misc-0.6.0-SNAPSHOT.jar:0.6.0-SNAPSHOT]
	at org.apache.ratis.thirdparty.io.grpc.internal.ServerCallImpl$ServerStreamListenerImpl.messagesAvailable(ServerCallImpl.java:292) [ratis-thirdparty-misc-0.6.0-SNAPSHOT.jar:0.6.0-SNAPSHOT]
	at org.apache.ratis.thirdparty.io.grpc.internal.ServerImpl$JumpToApplicationThreadServerStreamListener$1MessagesAvailable.runInContext(ServerImpl.java:783) [ratis-thirdparty-misc-0.6.0-SNAPSHOT.jar:0.6.0-SNAPSHOT]
	at org.apache.ratis.thirdparty.io.grpc.internal.ContextRunnable.run(ContextRunnable.java:37) [ratis-thirdparty-misc-0.6.0-SNAPSHOT.jar:0.6.0-SNAPSHOT]
	at org.apache.ratis.thirdparty.io.grpc.internal.SerializingExecutor.run(SerializingExecutor.java:123) [ratis-thirdparty-misc-0.6.0-SNAPSHOT.jar:0.6.0-SNAPSHOT]
	at java.util.concurrent.ThreadPoolExecutor.runWorker(ThreadPoolExecutor.java:1149) [?:1.8.0_232]
	at java.util.concurrent.ThreadPoolExecutor$Worker.run(ThreadPoolExecutor.java:624) [?:1.8.0_232]
	at java.lang.Thread.run(Thread.java:748) [?:1.8.0_232]
01:47:07.835 [grpc-default-executor-2] ERROR DNAudit - user=null | ip=null | op=PUT_BLOCK {blockData=[blockId=conID: 1 locID: 105138200615387139 bcsId: 0,size=800]} | ret=FAILURE
org.apache.hadoop.hdds.scm.container.common.helpers.ContainerNotOpenException: Container 1 in CLOSED state
	at org.apache.hadoop.ozone.container.common.impl.HddsDispatcher.validateContainerCommand(HddsDispatcher.java:484) ~[hadoop-hdds-container-service-1.1.0-SNAPSHOT.jar:?]
	at org.apache.hadoop.ozone.container.common.transport.server.ratis.ContainerStateMachine.startTransaction(ContainerStateMachine.java:319) ~[hadoop-hdds-container-service-1.1.0-SNAPSHOT.jar:?]
	at org.apache.ratis.server.impl.RaftServerImpl.submitClientRequestAsync(RaftServerImpl.java:684) ~[ratis-server-1.1.0-11689cd-SNAPSHOT.jar:1.1.0-11689cd-SNAPSHOT]
	at org.apache.ratis.server.impl.RaftServerProxy.lambda$submitClientRequestAsync$7(RaftServerProxy.java:341) ~[ratis-server-1.1.0-11689cd-SNAPSHOT.jar:1.1.0-11689cd-SNAPSHOT]
	at org.apache.ratis.server.impl.RaftServerProxy.lambda$null$5(RaftServerProxy.java:336) ~[ratis-server-1.1.0-11689cd-SNAPSHOT.jar:1.1.0-11689cd-SNAPSHOT]
	at org.apache.ratis.util.JavaUtils.callAsUnchecked(JavaUtils.java:109) ~[ratis-common-1.1.0-11689cd-SNAPSHOT.jar:1.1.0-11689cd-SNAPSHOT]
	at org.apache.ratis.server.impl.RaftServerProxy.lambda$submitRequest$6(RaftServerProxy.java:336) ~[ratis-server-1.1.0-11689cd-SNAPSHOT.jar:1.1.0-11689cd-SNAPSHOT]
	at java.util.concurrent.CompletableFuture.uniComposeStage(CompletableFuture.java:995) ~[?:1.8.0_232]
	at java.util.concurrent.CompletableFuture.thenCompose(CompletableFuture.java:2137) ~[?:1.8.0_232]
	at org.apache.ratis.server.impl.RaftServerProxy.submitRequest(RaftServerProxy.java:335) ~[ratis-server-1.1.0-11689cd-SNAPSHOT.jar:1.1.0-11689cd-SNAPSHOT]
	at org.apache.ratis.server.impl.RaftServerProxy.submitClientRequestAsync(RaftServerProxy.java:341) ~[ratis-server-1.1.0-11689cd-SNAPSHOT.jar:1.1.0-11689cd-SNAPSHOT]
	at org.apache.ratis.grpc.client.GrpcClientProtocolService$RequestStreamObserver.processClientRequest(GrpcClientProtocolService.java:228) ~[ratis-grpc-1.1.0-11689cd-SNAPSHOT.jar:1.1.0-11689cd-SNAPSHOT]
	at org.apache.ratis.grpc.client.GrpcClientProtocolService$OrderedRequestStreamObserver.processClientRequest(GrpcClientProtocolService.java:334) ~[ratis-grpc-1.1.0-11689cd-SNAPSHOT.jar:1.1.0-11689cd-SNAPSHOT]
	at org.apache.ratis.util.SlidingWindow$Server.processRequestsFromHead(SlidingWindow.java:429) [ratis-common-1.1.0-11689cd-SNAPSHOT.jar:1.1.0-11689cd-SNAPSHOT]
	at org.apache.ratis.util.SlidingWindow$Server.receivedRequest(SlidingWindow.java:421) [ratis-common-1.1.0-11689cd-SNAPSHOT.jar:1.1.0-11689cd-SNAPSHOT]
	at org.apache.ratis.grpc.client.GrpcClientProtocolService$OrderedRequestStreamObserver.processClientRequest(GrpcClientProtocolService.java:358) [ratis-grpc-1.1.0-11689cd-SNAPSHOT.jar:1.1.0-11689cd-SNAPSHOT]
	at org.apache.ratis.grpc.client.GrpcClientProtocolService$RequestStreamObserver.onNext(GrpcClientProtocolService.java:248) [ratis-grpc-1.1.0-11689cd-SNAPSHOT.jar:1.1.0-11689cd-SNAPSHOT]
	at org.apache.ratis.grpc.client.GrpcClientProtocolService$RequestStreamObserver.onNext(GrpcClientProtocolService.java:171) [ratis-grpc-1.1.0-11689cd-SNAPSHOT.jar:1.1.0-11689cd-SNAPSHOT]
	at org.apache.ratis.thirdparty.io.grpc.stub.ServerCalls$StreamingServerCallHandler$StreamingServerCallListener.onMessage(ServerCalls.java:251) [ratis-thirdparty-misc-0.6.0-SNAPSHOT.jar:0.6.0-SNAPSHOT]
	at org.apache.ratis.thirdparty.io.grpc.ForwardingServerCallListener.onMessage(ForwardingServerCallListener.java:33) [ratis-thirdparty-misc-0.6.0-SNAPSHOT.jar:0.6.0-SNAPSHOT]
	at org.apache.ratis.thirdparty.io.grpc.internal.ServerCallImpl$ServerStreamListenerImpl.messagesAvailableInternal(ServerCallImpl.java:309) [ratis-thirdparty-misc-0.6.0-SNAPSHOT.jar:0.6.0-SNAPSHOT]
	at org.apache.ratis.thirdparty.io.grpc.internal.ServerCallImpl$ServerStreamListenerImpl.messagesAvailable(ServerCallImpl.java:292) [ratis-thirdparty-misc-0.6.0-SNAPSHOT.jar:0.6.0-SNAPSHOT]
	at org.apache.ratis.thirdparty.io.grpc.internal.ServerImpl$JumpToApplicationThreadServerStreamListener$1MessagesAvailable.runInContext(ServerImpl.java:783) [ratis-thirdparty-misc-0.6.0-SNAPSHOT.jar:0.6.0-SNAPSHOT]
	at org.apache.ratis.thirdparty.io.grpc.internal.ContextRunnable.run(ContextRunnable.java:37) [ratis-thirdparty-misc-0.6.0-SNAPSHOT.jar:0.6.0-SNAPSHOT]
	at org.apache.ratis.thirdparty.io.grpc.internal.SerializingExecutor.run(SerializingExecutor.java:123) [ratis-thirdparty-misc-0.6.0-SNAPSHOT.jar:0.6.0-SNAPSHOT]
	at java.util.concurrent.ThreadPoolExecutor.runWorker(ThreadPoolExecutor.java:1149) [?:1.8.0_232]
	at java.util.concurrent.ThreadPoolExecutor$Worker.run(ThreadPoolExecutor.java:624) [?:1.8.0_232]
	at java.lang.Thread.run(Thread.java:748) [?:1.8.0_232]
2020-11-02 01:47:07,850 [grpc-default-executor-2] ERROR storage.BlockOutputStream (BlockOutputStream.java:lambda$writeChunkToContainer$3(685)) - writing chunk failed 105138200615387139_chunk_7 blockID conID: 1 locID: 105138200615387139 bcsId: 13 with exception org.apache.ratis.protocol.exceptions.StateMachineException: org.apache.hadoop.hdds.scm.container.common.helpers.ContainerNotOpenException from Server f4704367-9fd7-4d83-8836-3ce9ecc30269@group-290FE5556BA5: Container 1 in CLOSED state
2020-11-02 01:47:07,856 [grpc-default-executor-2] ERROR storage.BlockOutputStream (BlockOutputStream.java:lambda$writeChunkToContainer$3(685)) - writing chunk failed 105138200615387139_chunk_8 blockID conID: 1 locID: 105138200615387139 bcsId: 13 with exception org.apache.ratis.protocol.exceptions.StateMachineException: org.apache.hadoop.hdds.scm.container.common.helpers.ContainerNotOpenException from Server f4704367-9fd7-4d83-8836-3ce9ecc30269@group-290FE5556BA5: Container 1 in CLOSED state
01:47:07.863 [grpc-default-executor-2] ERROR DNAudit - user=null | ip=null | op=WRITE_CHUNK {blockData=conID: 2 locID: 105138200615452676 bcsId: 0} | ret=FAILURE
org.apache.hadoop.hdds.scm.container.common.helpers.ContainerNotOpenException: Container 2 in CLOSED state
	at org.apache.hadoop.ozone.container.common.impl.HddsDispatcher.validateContainerCommand(HddsDispatcher.java:484) ~[hadoop-hdds-container-service-1.1.0-SNAPSHOT.jar:?]
	at org.apache.hadoop.ozone.container.common.transport.server.ratis.ContainerStateMachine.startTransaction(ContainerStateMachine.java:319) ~[hadoop-hdds-container-service-1.1.0-SNAPSHOT.jar:?]
	at org.apache.ratis.server.impl.RaftServerImpl.submitClientRequestAsync(RaftServerImpl.java:684) ~[ratis-server-1.1.0-11689cd-SNAPSHOT.jar:1.1.0-11689cd-SNAPSHOT]
	at org.apache.ratis.server.impl.RaftServerProxy.lambda$submitClientRequestAsync$7(RaftServerProxy.java:341) ~[ratis-server-1.1.0-11689cd-SNAPSHOT.jar:1.1.0-11689cd-SNAPSHOT]
	at org.apache.ratis.server.impl.RaftServerProxy.lambda$null$5(RaftServerProxy.java:336) ~[ratis-server-1.1.0-11689cd-SNAPSHOT.jar:1.1.0-11689cd-SNAPSHOT]
	at org.apache.ratis.util.JavaUtils.callAsUnchecked(JavaUtils.java:109) ~[ratis-common-1.1.0-11689cd-SNAPSHOT.jar:1.1.0-11689cd-SNAPSHOT]
	at org.apache.ratis.server.impl.RaftServerProxy.lambda$submitRequest$6(RaftServerProxy.java:336) ~[ratis-server-1.1.0-11689cd-SNAPSHOT.jar:1.1.0-11689cd-SNAPSHOT]
	at java.util.concurrent.CompletableFuture.uniComposeStage(CompletableFuture.java:995) ~[?:1.8.0_232]
	at java.util.concurrent.CompletableFuture.thenCompose(CompletableFuture.java:2137) ~[?:1.8.0_232]
	at org.apache.ratis.server.impl.RaftServerProxy.submitRequest(RaftServerProxy.java:335) ~[ratis-server-1.1.0-11689cd-SNAPSHOT.jar:1.1.0-11689cd-SNAPSHOT]
	at org.apache.ratis.server.impl.RaftServerProxy.submitClientRequestAsync(RaftServerProxy.java:341) ~[ratis-server-1.1.0-11689cd-SNAPSHOT.jar:1.1.0-11689cd-SNAPSHOT]
	at org.apache.ratis.grpc.client.GrpcClientProtocolService$RequestStreamObserver.processClientRequest(GrpcClientProtocolService.java:228) ~[ratis-grpc-1.1.0-11689cd-SNAPSHOT.jar:1.1.0-11689cd-SNAPSHOT]
	at org.apache.ratis.grpc.client.GrpcClientProtocolService$OrderedRequestStreamObserver.processClientRequest(GrpcClientProtocolService.java:334) ~[ratis-grpc-1.1.0-11689cd-SNAPSHOT.jar:1.1.0-11689cd-SNAPSHOT]
	at org.apache.ratis.util.SlidingWindow$Server.processRequestsFromHead(SlidingWindow.java:429) [ratis-common-1.1.0-11689cd-SNAPSHOT.jar:1.1.0-11689cd-SNAPSHOT]
	at org.apache.ratis.util.SlidingWindow$Server.receivedRequest(SlidingWindow.java:421) [ratis-common-1.1.0-11689cd-SNAPSHOT.jar:1.1.0-11689cd-SNAPSHOT]
	at org.apache.ratis.grpc.client.GrpcClientProtocolService$OrderedRequestStreamObserver.processClientRequest(GrpcClientProtocolService.java:358) [ratis-grpc-1.1.0-11689cd-SNAPSHOT.jar:1.1.0-11689cd-SNAPSHOT]
	at org.apache.ratis.grpc.client.GrpcClientProtocolService$RequestStreamObserver.onNext(GrpcClientProtocolService.java:248) [ratis-grpc-1.1.0-11689cd-SNAPSHOT.jar:1.1.0-11689cd-SNAPSHOT]
	at org.apache.ratis.grpc.client.GrpcClientProtocolService$RequestStreamObserver.onNext(GrpcClientProtocolService.java:171) [ratis-grpc-1.1.0-11689cd-SNAPSHOT.jar:1.1.0-11689cd-SNAPSHOT]
	at org.apache.ratis.thirdparty.io.grpc.stub.ServerCalls$StreamingServerCallHandler$StreamingServerCallListener.onMessage(ServerCalls.java:251) [ratis-thirdparty-misc-0.6.0-SNAPSHOT.jar:0.6.0-SNAPSHOT]
	at org.apache.ratis.thirdparty.io.grpc.ForwardingServerCallListener.onMessage(ForwardingServerCallListener.java:33) [ratis-thirdparty-misc-0.6.0-SNAPSHOT.jar:0.6.0-SNAPSHOT]
	at org.apache.ratis.thirdparty.io.grpc.internal.ServerCallImpl$ServerStreamListenerImpl.messagesAvailableInternal(ServerCallImpl.java:309) [ratis-thirdparty-misc-0.6.0-SNAPSHOT.jar:0.6.0-SNAPSHOT]
	at org.apache.ratis.thirdparty.io.grpc.internal.ServerCallImpl$ServerStreamListenerImpl.messagesAvailable(ServerCallImpl.java:292) [ratis-thirdparty-misc-0.6.0-SNAPSHOT.jar:0.6.0-SNAPSHOT]
	at org.apache.ratis.thirdparty.io.grpc.internal.ServerImpl$JumpToApplicationThreadServerStreamListener$1MessagesAvailable.runInContext(ServerImpl.java:783) [ratis-thirdparty-misc-0.6.0-SNAPSHOT.jar:0.6.0-SNAPSHOT]
	at org.apache.ratis.thirdparty.io.grpc.internal.ContextRunnable.run(ContextRunnable.java:37) [ratis-thirdparty-misc-0.6.0-SNAPSHOT.jar:0.6.0-SNAPSHOT]
	at org.apache.ratis.thirdparty.io.grpc.internal.SerializingExecutor.run(SerializingExecutor.java:123) [ratis-thirdparty-misc-0.6.0-SNAPSHOT.jar:0.6.0-SNAPSHOT]
	at java.util.concurrent.ThreadPoolExecutor.runWorker(ThreadPoolExecutor.java:1149) [?:1.8.0_232]
	at java.util.concurrent.ThreadPoolExecutor$Worker.run(ThreadPoolExecutor.java:624) [?:1.8.0_232]
	at java.lang.Thread.run(Thread.java:748) [?:1.8.0_232]
01:47:07.864 [grpc-default-executor-2] ERROR DNAudit - user=null | ip=null | op=WRITE_CHUNK {blockData=conID: 2 locID: 105138200615452676 bcsId: 0} | ret=FAILURE
org.apache.hadoop.hdds.scm.container.common.helpers.ContainerNotOpenException: Container 2 in CLOSED state
	at org.apache.hadoop.ozone.container.common.impl.HddsDispatcher.validateContainerCommand(HddsDispatcher.java:484) ~[hadoop-hdds-container-service-1.1.0-SNAPSHOT.jar:?]
	at org.apache.hadoop.ozone.container.common.transport.server.ratis.ContainerStateMachine.startTransaction(ContainerStateMachine.java:319) ~[hadoop-hdds-container-service-1.1.0-SNAPSHOT.jar:?]
	at org.apache.ratis.server.impl.RaftServerImpl.submitClientRequestAsync(RaftServerImpl.java:684) ~[ratis-server-1.1.0-11689cd-SNAPSHOT.jar:1.1.0-11689cd-SNAPSHOT]
	at org.apache.ratis.server.impl.RaftServerProxy.lambda$submitClientRequestAsync$7(RaftServerProxy.java:341) ~[ratis-server-1.1.0-11689cd-SNAPSHOT.jar:1.1.0-11689cd-SNAPSHOT]
	at org.apache.ratis.server.impl.RaftServerProxy.lambda$null$5(RaftServerProxy.java:336) ~[ratis-server-1.1.0-11689cd-SNAPSHOT.jar:1.1.0-11689cd-SNAPSHOT]
	at org.apache.ratis.util.JavaUtils.callAsUnchecked(JavaUtils.java:109) ~[ratis-common-1.1.0-11689cd-SNAPSHOT.jar:1.1.0-11689cd-SNAPSHOT]
	at org.apache.ratis.server.impl.RaftServerProxy.lambda$submitRequest$6(RaftServerProxy.java:336) ~[ratis-server-1.1.0-11689cd-SNAPSHOT.jar:1.1.0-11689cd-SNAPSHOT]
	at java.util.concurrent.CompletableFuture.uniComposeStage(CompletableFuture.java:995) ~[?:1.8.0_232]
	at java.util.concurrent.CompletableFuture.thenCompose(CompletableFuture.java:2137) ~[?:1.8.0_232]
	at org.apache.ratis.server.impl.RaftServerProxy.submitRequest(RaftServerProxy.java:335) ~[ratis-server-1.1.0-11689cd-SNAPSHOT.jar:1.1.0-11689cd-SNAPSHOT]
	at org.apache.ratis.server.impl.RaftServerProxy.submitClientRequestAsync(RaftServerProxy.java:341) ~[ratis-server-1.1.0-11689cd-SNAPSHOT.jar:1.1.0-11689cd-SNAPSHOT]
	at org.apache.ratis.grpc.client.GrpcClientProtocolService$RequestStreamObserver.processClientRequest(GrpcClientProtocolService.java:228) ~[ratis-grpc-1.1.0-11689cd-SNAPSHOT.jar:1.1.0-11689cd-SNAPSHOT]
	at org.apache.ratis.grpc.client.GrpcClientProtocolService$OrderedRequestStreamObserver.processClientRequest(GrpcClientProtocolService.java:334) ~[ratis-grpc-1.1.0-11689cd-SNAPSHOT.jar:1.1.0-11689cd-SNAPSHOT]
	at org.apache.ratis.util.SlidingWindow$Server.processRequestsFromHead(SlidingWindow.java:429) [ratis-common-1.1.0-11689cd-SNAPSHOT.jar:1.1.0-11689cd-SNAPSHOT]
	at org.apache.ratis.util.SlidingWindow$Server.receivedRequest(SlidingWindow.java:421) [ratis-common-1.1.0-11689cd-SNAPSHOT.jar:1.1.0-11689cd-SNAPSHOT]
	at org.apache.ratis.grpc.client.GrpcClientProtocolService$OrderedRequestStreamObserver.processClientRequest(GrpcClientProtocolService.java:358) [ratis-grpc-1.1.0-11689cd-SNAPSHOT.jar:1.1.0-11689cd-SNAPSHOT]
	at org.apache.ratis.grpc.client.GrpcClientProtocolService$RequestStreamObserver.onNext(GrpcClientProtocolService.java:248) [ratis-grpc-1.1.0-11689cd-SNAPSHOT.jar:1.1.0-11689cd-SNAPSHOT]
	at org.apache.ratis.grpc.client.GrpcClientProtocolService$RequestStreamObserver.onNext(GrpcClientProtocolService.java:171) [ratis-grpc-1.1.0-11689cd-SNAPSHOT.jar:1.1.0-11689cd-SNAPSHOT]
	at org.apache.ratis.thirdparty.io.grpc.stub.ServerCalls$StreamingServerCallHandler$StreamingServerCallListener.onMessage(ServerCalls.java:251) [ratis-thirdparty-misc-0.6.0-SNAPSHOT.jar:0.6.0-SNAPSHOT]
	at org.apache.ratis.thirdparty.io.grpc.ForwardingServerCallListener.onMessage(ForwardingServerCallListener.java:33) [ratis-thirdparty-misc-0.6.0-SNAPSHOT.jar:0.6.0-SNAPSHOT]
	at org.apache.ratis.thirdparty.io.grpc.internal.ServerCallImpl$ServerStreamListenerImpl.messagesAvailableInternal(ServerCallImpl.java:309) [ratis-thirdparty-misc-0.6.0-SNAPSHOT.jar:0.6.0-SNAPSHOT]
	at org.apache.ratis.thirdparty.io.grpc.internal.ServerCallImpl$ServerStreamListenerImpl.messagesAvailable(ServerCallImpl.java:292) [ratis-thirdparty-misc-0.6.0-SNAPSHOT.jar:0.6.0-SNAPSHOT]
	at org.apache.ratis.thirdparty.io.grpc.internal.ServerImpl$JumpToApplicationThreadServerStreamListener$1MessagesAvailable.runInContext(ServerImpl.java:783) [ratis-thirdparty-misc-0.6.0-SNAPSHOT.jar:0.6.0-SNAPSHOT]
	at org.apache.ratis.thirdparty.io.grpc.internal.ContextRunnable.run(ContextRunnable.java:37) [ratis-thirdparty-misc-0.6.0-SNAPSHOT.jar:0.6.0-SNAPSHOT]
	at org.apache.ratis.thirdparty.io.grpc.internal.SerializingExecutor.run(SerializingExecutor.java:123) [ratis-thirdparty-misc-0.6.0-SNAPSHOT.jar:0.6.0-SNAPSHOT]
	at java.util.concurrent.ThreadPoolExecutor.runWorker(ThreadPoolExecutor.java:1149) [?:1.8.0_232]
	at java.util.concurrent.ThreadPoolExecutor$Worker.run(ThreadPoolExecutor.java:624) [?:1.8.0_232]
	at java.lang.Thread.run(Thread.java:748) [?:1.8.0_232]
01:47:07.868 [grpc-default-executor-2] ERROR DNAudit - user=null | ip=null | op=PUT_BLOCK {blockData=[blockId=conID: 2 locID: 105138200615452676 bcsId: 0,size=200]} | ret=FAILURE
org.apache.hadoop.hdds.scm.container.common.helpers.ContainerNotOpenException: Container 2 in CLOSED state
	at org.apache.hadoop.ozone.container.common.impl.HddsDispatcher.validateContainerCommand(HddsDispatcher.java:484) ~[hadoop-hdds-container-service-1.1.0-SNAPSHOT.jar:?]
	at org.apache.hadoop.ozone.container.common.transport.server.ratis.ContainerStateMachine.startTransaction(ContainerStateMachine.java:319) ~[hadoop-hdds-container-service-1.1.0-SNAPSHOT.jar:?]
	at org.apache.ratis.server.impl.RaftServerImpl.submitClientRequestAsync(RaftServerImpl.java:684) ~[ratis-server-1.1.0-11689cd-SNAPSHOT.jar:1.1.0-11689cd-SNAPSHOT]
	at org.apache.ratis.server.impl.RaftServerProxy.lambda$submitClientRequestAsync$7(RaftServerProxy.java:341) ~[ratis-server-1.1.0-11689cd-SNAPSHOT.jar:1.1.0-11689cd-SNAPSHOT]
	at org.apache.ratis.server.impl.RaftServerProxy.lambda$null$5(RaftServerProxy.java:336) ~[ratis-server-1.1.0-11689cd-SNAPSHOT.jar:1.1.0-11689cd-SNAPSHOT]
	at org.apache.ratis.util.JavaUtils.callAsUnchecked(JavaUtils.java:109) ~[ratis-common-1.1.0-11689cd-SNAPSHOT.jar:1.1.0-11689cd-SNAPSHOT]
	at org.apache.ratis.server.impl.RaftServerProxy.lambda$submitRequest$6(RaftServerProxy.java:336) ~[ratis-server-1.1.0-11689cd-SNAPSHOT.jar:1.1.0-11689cd-SNAPSHOT]
	at java.util.concurrent.CompletableFuture.uniComposeStage(CompletableFuture.java:995) ~[?:1.8.0_232]
	at java.util.concurrent.CompletableFuture.thenCompose(CompletableFuture.java:2137) ~[?:1.8.0_232]
	at org.apache.ratis.server.impl.RaftServerProxy.submitRequest(RaftServerProxy.java:335) ~[ratis-server-1.1.0-11689cd-SNAPSHOT.jar:1.1.0-11689cd-SNAPSHOT]
	at org.apache.ratis.server.impl.RaftServerProxy.submitClientRequestAsync(RaftServerProxy.java:341) ~[ratis-server-1.1.0-11689cd-SNAPSHOT.jar:1.1.0-11689cd-SNAPSHOT]
	at org.apache.ratis.grpc.client.GrpcClientProtocolService$RequestStreamObserver.processClientRequest(GrpcClientProtocolService.java:228) ~[ratis-grpc-1.1.0-11689cd-SNAPSHOT.jar:1.1.0-11689cd-SNAPSHOT]
	at org.apache.ratis.grpc.client.GrpcClientProtocolService$OrderedRequestStreamObserver.processClientRequest(GrpcClientProtocolService.java:334) ~[ratis-grpc-1.1.0-11689cd-SNAPSHOT.jar:1.1.0-11689cd-SNAPSHOT]
	at org.apache.ratis.util.SlidingWindow$Server.processRequestsFromHead(SlidingWindow.java:429) [ratis-common-1.1.0-11689cd-SNAPSHOT.jar:1.1.0-11689cd-SNAPSHOT]
	at org.apache.ratis.util.SlidingWindow$Server.receivedRequest(SlidingWindow.java:421) [ratis-common-1.1.0-11689cd-SNAPSHOT.jar:1.1.0-11689cd-SNAPSHOT]
	at org.apache.ratis.grpc.client.GrpcClientProtocolService$OrderedRequestStreamObserver.processClientRequest(GrpcClientProtocolService.java:358) [ratis-grpc-1.1.0-11689cd-SNAPSHOT.jar:1.1.0-11689cd-SNAPSHOT]
	at org.apache.ratis.grpc.client.GrpcClientProtocolService$RequestStreamObserver.onNext(GrpcClientProtocolService.java:248) [ratis-grpc-1.1.0-11689cd-SNAPSHOT.jar:1.1.0-11689cd-SNAPSHOT]
	at org.apache.ratis.grpc.client.GrpcClientProtocolService$RequestStreamObserver.onNext(GrpcClientProtocolService.java:171) [ratis-grpc-1.1.0-11689cd-SNAPSHOT.jar:1.1.0-11689cd-SNAPSHOT]
	at org.apache.ratis.thirdparty.io.grpc.stub.ServerCalls$StreamingServerCallHandler$StreamingServerCallListener.onMessage(ServerCalls.java:251) [ratis-thirdparty-misc-0.6.0-SNAPSHOT.jar:0.6.0-SNAPSHOT]
	at org.apache.ratis.thirdparty.io.grpc.ForwardingServerCallListener.onMessage(ForwardingServerCallListener.java:33) [ratis-thirdparty-misc-0.6.0-SNAPSHOT.jar:0.6.0-SNAPSHOT]
	at org.apache.ratis.thirdparty.io.grpc.internal.ServerCallImpl$ServerStreamListenerImpl.messagesAvailableInternal(ServerCallImpl.java:309) [ratis-thirdparty-misc-0.6.0-SNAPSHOT.jar:0.6.0-SNAPSHOT]
	at org.apache.ratis.thirdparty.io.grpc.internal.ServerCallImpl$ServerStreamListenerImpl.messagesAvailable(ServerCallImpl.java:292) [ratis-thirdparty-misc-0.6.0-SNAPSHOT.jar:0.6.0-SNAPSHOT]
	at org.apache.ratis.thirdparty.io.grpc.internal.ServerImpl$JumpToApplicationThreadServerStreamListener$1MessagesAvailable.runInContext(ServerImpl.java:783) [ratis-thirdparty-misc-0.6.0-SNAPSHOT.jar:0.6.0-SNAPSHOT]
	at org.apache.ratis.thirdparty.io.grpc.internal.ContextRunnable.run(ContextRunnable.java:37) [ratis-thirdparty-misc-0.6.0-SNAPSHOT.jar:0.6.0-SNAPSHOT]
	at org.apache.ratis.thirdparty.io.grpc.internal.SerializingExecutor.run(SerializingExecutor.java:123) [ratis-thirdparty-misc-0.6.0-SNAPSHOT.jar:0.6.0-SNAPSHOT]
	at java.util.concurrent.ThreadPoolExecutor.runWorker(ThreadPoolExecutor.java:1149) [?:1.8.0_232]
	at java.util.concurrent.ThreadPoolExecutor$Worker.run(ThreadPoolExecutor.java:624) [?:1.8.0_232]
	at java.lang.Thread.run(Thread.java:748) [?:1.8.0_232]
01:47:07.869 [grpc-default-executor-2] ERROR DNAudit - user=null | ip=null | op=WRITE_CHUNK {blockData=conID: 2 locID: 105138200615452676 bcsId: 0} | ret=FAILURE
org.apache.hadoop.hdds.scm.container.common.helpers.ContainerNotOpenException: Container 2 in CLOSED state
	at org.apache.hadoop.ozone.container.common.impl.HddsDispatcher.validateContainerCommand(HddsDispatcher.java:484) ~[hadoop-hdds-container-service-1.1.0-SNAPSHOT.jar:?]
	at org.apache.hadoop.ozone.container.common.transport.server.ratis.ContainerStateMachine.startTransaction(ContainerStateMachine.java:319) ~[hadoop-hdds-container-service-1.1.0-SNAPSHOT.jar:?]
	at org.apache.ratis.server.impl.RaftServerImpl.submitClientRequestAsync(RaftServerImpl.java:684) ~[ratis-server-1.1.0-11689cd-SNAPSHOT.jar:1.1.0-11689cd-SNAPSHOT]
	at org.apache.ratis.server.impl.RaftServerProxy.lambda$submitClientRequestAsync$7(RaftServerProxy.java:341) ~[ratis-server-1.1.0-11689cd-SNAPSHOT.jar:1.1.0-11689cd-SNAPSHOT]
	at org.apache.ratis.server.impl.RaftServerProxy.lambda$null$5(RaftServerProxy.java:336) ~[ratis-server-1.1.0-11689cd-SNAPSHOT.jar:1.1.0-11689cd-SNAPSHOT]
	at org.apache.ratis.util.JavaUtils.callAsUnchecked(JavaUtils.java:109) ~[ratis-common-1.1.0-11689cd-SNAPSHOT.jar:1.1.0-11689cd-SNAPSHOT]
	at org.apache.ratis.server.impl.RaftServerProxy.lambda$submitRequest$6(RaftServerProxy.java:336) ~[ratis-server-1.1.0-11689cd-SNAPSHOT.jar:1.1.0-11689cd-SNAPSHOT]
	at java.util.concurrent.CompletableFuture.uniComposeStage(CompletableFuture.java:995) ~[?:1.8.0_232]
	at java.util.concurrent.CompletableFuture.thenCompose(CompletableFuture.java:2137) ~[?:1.8.0_232]
	at org.apache.ratis.server.impl.RaftServerProxy.submitRequest(RaftServerProxy.java:335) ~[ratis-server-1.1.0-11689cd-SNAPSHOT.jar:1.1.0-11689cd-SNAPSHOT]
	at org.apache.ratis.server.impl.RaftServerProxy.submitClientRequestAsync(RaftServerProxy.java:341) ~[ratis-server-1.1.0-11689cd-SNAPSHOT.jar:1.1.0-11689cd-SNAPSHOT]
	at org.apache.ratis.grpc.client.GrpcClientProtocolService$RequestStreamObserver.processClientRequest(GrpcClientProtocolService.java:228) ~[ratis-grpc-1.1.0-11689cd-SNAPSHOT.jar:1.1.0-11689cd-SNAPSHOT]
	at org.apache.ratis.grpc.client.GrpcClientProtocolService$OrderedRequestStreamObserver.processClientRequest(GrpcClientProtocolService.java:334) ~[ratis-grpc-1.1.0-11689cd-SNAPSHOT.jar:1.1.0-11689cd-SNAPSHOT]
	at org.apache.ratis.util.SlidingWindow$Server.processRequestsFromHead(SlidingWindow.java:429) [ratis-common-1.1.0-11689cd-SNAPSHOT.jar:1.1.0-11689cd-SNAPSHOT]
	at org.apache.ratis.util.SlidingWindow$Server.receivedRequest(SlidingWindow.java:421) [ratis-common-1.1.0-11689cd-SNAPSHOT.jar:1.1.0-11689cd-SNAPSHOT]
	at org.apache.ratis.grpc.client.GrpcClientProtocolService$OrderedRequestStreamObserver.processClientRequest(GrpcClientProtocolService.java:358) [ratis-grpc-1.1.0-11689cd-SNAPSHOT.jar:1.1.0-11689cd-SNAPSHOT]
	at org.apache.ratis.grpc.client.GrpcClientProtocolService$RequestStreamObserver.onNext(GrpcClientProtocolService.java:248) [ratis-grpc-1.1.0-11689cd-SNAPSHOT.jar:1.1.0-11689cd-SNAPSHOT]
	at org.apache.ratis.grpc.client.GrpcClientProtocolService$RequestStreamObserver.onNext(GrpcClientProtocolService.java:171) [ratis-grpc-1.1.0-11689cd-SNAPSHOT.jar:1.1.0-11689cd-SNAPSHOT]
	at org.apache.ratis.thirdparty.io.grpc.stub.ServerCalls$StreamingServerCallHandler$StreamingServerCallListener.onMessage(ServerCalls.java:251) [ratis-thirdparty-misc-0.6.0-SNAPSHOT.jar:0.6.0-SNAPSHOT]
	at org.apache.ratis.thirdparty.io.grpc.ForwardingServerCallListener.onMessage(ForwardingServerCallListener.java:33) [ratis-thirdparty-misc-0.6.0-SNAPSHOT.jar:0.6.0-SNAPSHOT]
	at org.apache.ratis.thirdparty.io.grpc.internal.ServerCallImpl$ServerStreamListenerImpl.messagesAvailableInternal(ServerCallImpl.java:309) [ratis-thirdparty-misc-0.6.0-SNAPSHOT.jar:0.6.0-SNAPSHOT]
	at org.apache.ratis.thirdparty.io.grpc.internal.ServerCallImpl$ServerStreamListenerImpl.messagesAvailable(ServerCallImpl.java:292) [ratis-thirdparty-misc-0.6.0-SNAPSHOT.jar:0.6.0-SNAPSHOT]
	at org.apache.ratis.thirdparty.io.grpc.internal.ServerImpl$JumpToApplicationThreadServerStreamListener$1MessagesAvailable.runInContext(ServerImpl.java:783) [ratis-thirdparty-misc-0.6.0-SNAPSHOT.jar:0.6.0-SNAPSHOT]
	at org.apache.ratis.thirdparty.io.grpc.internal.ContextRunnable.run(ContextRunnable.java:37) [ratis-thirdparty-misc-0.6.0-SNAPSHOT.jar:0.6.0-SNAPSHOT]
	at org.apache.ratis.thirdparty.io.grpc.internal.SerializingExecutor.run(SerializingExecutor.java:123) [ratis-thirdparty-misc-0.6.0-SNAPSHOT.jar:0.6.0-SNAPSHOT]
	at java.util.concurrent.ThreadPoolExecutor.runWorker(ThreadPoolExecutor.java:1149) [?:1.8.0_232]
	at java.util.concurrent.ThreadPoolExecutor$Worker.run(ThreadPoolExecutor.java:624) [?:1.8.0_232]
	at java.lang.Thread.run(Thread.java:748) [?:1.8.0_232]
01:47:07.870 [grpc-default-executor-2] ERROR DNAudit - user=null | ip=null | op=WRITE_CHUNK {blockData=conID: 2 locID: 105138200615452676 bcsId: 0} | ret=FAILURE
org.apache.hadoop.hdds.scm.container.common.helpers.ContainerNotOpenException: Container 2 in CLOSED state
	at org.apache.hadoop.ozone.container.common.impl.HddsDispatcher.validateContainerCommand(HddsDispatcher.java:484) ~[hadoop-hdds-container-service-1.1.0-SNAPSHOT.jar:?]
	at org.apache.hadoop.ozone.container.common.transport.server.ratis.ContainerStateMachine.startTransaction(ContainerStateMachine.java:319) ~[hadoop-hdds-container-service-1.1.0-SNAPSHOT.jar:?]
	at org.apache.ratis.server.impl.RaftServerImpl.submitClientRequestAsync(RaftServerImpl.java:684) ~[ratis-server-1.1.0-11689cd-SNAPSHOT.jar:1.1.0-11689cd-SNAPSHOT]
	at org.apache.ratis.server.impl.RaftServerProxy.lambda$submitClientRequestAsync$7(RaftServerProxy.java:341) ~[ratis-server-1.1.0-11689cd-SNAPSHOT.jar:1.1.0-11689cd-SNAPSHOT]
	at org.apache.ratis.server.impl.RaftServerProxy.lambda$null$5(RaftServerProxy.java:336) ~[ratis-server-1.1.0-11689cd-SNAPSHOT.jar:1.1.0-11689cd-SNAPSHOT]
	at org.apache.ratis.util.JavaUtils.callAsUnchecked(JavaUtils.java:109) ~[ratis-common-1.1.0-11689cd-SNAPSHOT.jar:1.1.0-11689cd-SNAPSHOT]
	at org.apache.ratis.server.impl.RaftServerProxy.lambda$submitRequest$6(RaftServerProxy.java:336) ~[ratis-server-1.1.0-11689cd-SNAPSHOT.jar:1.1.0-11689cd-SNAPSHOT]
	at java.util.concurrent.CompletableFuture.uniComposeStage(CompletableFuture.java:995) ~[?:1.8.0_232]
	at java.util.concurrent.CompletableFuture.thenCompose(CompletableFuture.java:2137) ~[?:1.8.0_232]
	at org.apache.ratis.server.impl.RaftServerProxy.submitRequest(RaftServerProxy.java:335) ~[ratis-server-1.1.0-11689cd-SNAPSHOT.jar:1.1.0-11689cd-SNAPSHOT]
	at org.apache.ratis.server.impl.RaftServerProxy.submitClientRequestAsync(RaftServerProxy.java:341) ~[ratis-server-1.1.0-11689cd-SNAPSHOT.jar:1.1.0-11689cd-SNAPSHOT]
	at org.apache.ratis.grpc.client.GrpcClientProtocolService$RequestStreamObserver.processClientRequest(GrpcClientProtocolService.java:228) ~[ratis-grpc-1.1.0-11689cd-SNAPSHOT.jar:1.1.0-11689cd-SNAPSHOT]
	at org.apache.ratis.grpc.client.GrpcClientProtocolService$OrderedRequestStreamObserver.processClientRequest(GrpcClientProtocolService.java:334) ~[ratis-grpc-1.1.0-11689cd-SNAPSHOT.jar:1.1.0-11689cd-SNAPSHOT]
	at org.apache.ratis.util.SlidingWindow$Server.processRequestsFromHead(SlidingWindow.java:429) [ratis-common-1.1.0-11689cd-SNAPSHOT.jar:1.1.0-11689cd-SNAPSHOT]
	at org.apache.ratis.util.SlidingWindow$Server.receivedRequest(SlidingWindow.java:421) [ratis-common-1.1.0-11689cd-SNAPSHOT.jar:1.1.0-11689cd-SNAPSHOT]
	at org.apache.ratis.grpc.client.GrpcClientProtocolService$OrderedRequestStreamObserver.processClientRequest(GrpcClientProtocolService.java:358) [ratis-grpc-1.1.0-11689cd-SNAPSHOT.jar:1.1.0-11689cd-SNAPSHOT]
	at org.apache.ratis.grpc.client.GrpcClientProtocolService$RequestStreamObserver.onNext(GrpcClientProtocolService.java:248) [ratis-grpc-1.1.0-11689cd-SNAPSHOT.jar:1.1.0-11689cd-SNAPSHOT]
	at org.apache.ratis.grpc.client.GrpcClientProtocolService$RequestStreamObserver.onNext(GrpcClientProtocolService.java:171) [ratis-grpc-1.1.0-11689cd-SNAPSHOT.jar:1.1.0-11689cd-SNAPSHOT]
	at org.apache.ratis.thirdparty.io.grpc.stub.ServerCalls$StreamingServerCallHandler$StreamingServerCallListener.onMessage(ServerCalls.java:251) [ratis-thirdparty-misc-0.6.0-SNAPSHOT.jar:0.6.0-SNAPSHOT]
	at org.apache.ratis.thirdparty.io.grpc.ForwardingServerCallListener.onMessage(ForwardingServerCallListener.java:33) [ratis-thirdparty-misc-0.6.0-SNAPSHOT.jar:0.6.0-SNAPSHOT]
	at org.apache.ratis.thirdparty.io.grpc.internal.ServerCallImpl$ServerStreamListenerImpl.messagesAvailableInternal(ServerCallImpl.java:309) [ratis-thirdparty-misc-0.6.0-SNAPSHOT.jar:0.6.0-SNAPSHOT]
	at org.apache.ratis.thirdparty.io.grpc.internal.ServerCallImpl$ServerStreamListenerImpl.messagesAvailable(ServerCallImpl.java:292) [ratis-thirdparty-misc-0.6.0-SNAPSHOT.jar:0.6.0-SNAPSHOT]
	at org.apache.ratis.thirdparty.io.grpc.internal.ServerImpl$JumpToApplicationThreadServerStreamListener$1MessagesAvailable.runInContext(ServerImpl.java:783) [ratis-thirdparty-misc-0.6.0-SNAPSHOT.jar:0.6.0-SNAPSHOT]
	at org.apache.ratis.thirdparty.io.grpc.internal.ContextRunnable.run(ContextRunnable.java:37) [ratis-thirdparty-misc-0.6.0-SNAPSHOT.jar:0.6.0-SNAPSHOT]
	at org.apache.ratis.thirdparty.io.grpc.internal.SerializingExecutor.run(SerializingExecutor.java:123) [ratis-thirdparty-misc-0.6.0-SNAPSHOT.jar:0.6.0-SNAPSHOT]
	at java.util.concurrent.ThreadPoolExecutor.runWorker(ThreadPoolExecutor.java:1149) [?:1.8.0_232]
	at java.util.concurrent.ThreadPoolExecutor$Worker.run(ThreadPoolExecutor.java:624) [?:1.8.0_232]
	at java.lang.Thread.run(Thread.java:748) [?:1.8.0_232]
01:47:07.872 [grpc-default-executor-2] ERROR DNAudit - user=null | ip=null | op=PUT_BLOCK {blockData=[blockId=conID: 2 locID: 105138200615452676 bcsId: 0,size=400]} | ret=FAILURE
org.apache.hadoop.hdds.scm.container.common.helpers.ContainerNotOpenException: Container 2 in CLOSED state
	at org.apache.hadoop.ozone.container.common.impl.HddsDispatcher.validateContainerCommand(HddsDispatcher.java:484) ~[hadoop-hdds-container-service-1.1.0-SNAPSHOT.jar:?]
	at org.apache.hadoop.ozone.container.common.transport.server.ratis.ContainerStateMachine.startTransaction(ContainerStateMachine.java:319) ~[hadoop-hdds-container-service-1.1.0-SNAPSHOT.jar:?]
	at org.apache.ratis.server.impl.RaftServerImpl.submitClientRequestAsync(RaftServerImpl.java:684) ~[ratis-server-1.1.0-11689cd-SNAPSHOT.jar:1.1.0-11689cd-SNAPSHOT]
	at org.apache.ratis.server.impl.RaftServerProxy.lambda$submitClientRequestAsync$7(RaftServerProxy.java:341) ~[ratis-server-1.1.0-11689cd-SNAPSHOT.jar:1.1.0-11689cd-SNAPSHOT]
	at org.apache.ratis.server.impl.RaftServerProxy.lambda$null$5(RaftServerProxy.java:336) ~[ratis-server-1.1.0-11689cd-SNAPSHOT.jar:1.1.0-11689cd-SNAPSHOT]
	at org.apache.ratis.util.JavaUtils.callAsUnchecked(JavaUtils.java:109) ~[ratis-common-1.1.0-11689cd-SNAPSHOT.jar:1.1.0-11689cd-SNAPSHOT]
	at org.apache.ratis.server.impl.RaftServerProxy.lambda$submitRequest$6(RaftServerProxy.java:336) ~[ratis-server-1.1.0-11689cd-SNAPSHOT.jar:1.1.0-11689cd-SNAPSHOT]
	at java.util.concurrent.CompletableFuture.uniComposeStage(CompletableFuture.java:995) ~[?:1.8.0_232]
	at java.util.concurrent.CompletableFuture.thenCompose(CompletableFuture.java:2137) ~[?:1.8.0_232]
	at org.apache.ratis.server.impl.RaftServerProxy.submitRequest(RaftServerProxy.java:335) ~[ratis-server-1.1.0-11689cd-SNAPSHOT.jar:1.1.0-11689cd-SNAPSHOT]
	at org.apache.ratis.server.impl.RaftServerProxy.submitClientRequestAsync(RaftServerProxy.java:341) ~[ratis-server-1.1.0-11689cd-SNAPSHOT.jar:1.1.0-11689cd-SNAPSHOT]
	at org.apache.ratis.grpc.client.GrpcClientProtocolService$RequestStreamObserver.processClientRequest(GrpcClientProtocolService.java:228) ~[ratis-grpc-1.1.0-11689cd-SNAPSHOT.jar:1.1.0-11689cd-SNAPSHOT]
	at org.apache.ratis.grpc.client.GrpcClientProtocolService$OrderedRequestStreamObserver.processClientRequest(GrpcClientProtocolService.java:334) ~[ratis-grpc-1.1.0-11689cd-SNAPSHOT.jar:1.1.0-11689cd-SNAPSHOT]
	at org.apache.ratis.util.SlidingWindow$Server.processRequestsFromHead(SlidingWindow.java:429) [ratis-common-1.1.0-11689cd-SNAPSHOT.jar:1.1.0-11689cd-SNAPSHOT]
	at org.apache.ratis.util.SlidingWindow$Server.receivedRequest(SlidingWindow.java:421) [ratis-common-1.1.0-11689cd-SNAPSHOT.jar:1.1.0-11689cd-SNAPSHOT]
	at org.apache.ratis.grpc.client.GrpcClientProtocolService$OrderedRequestStreamObserver.processClientRequest(GrpcClientProtocolService.java:358) [ratis-grpc-1.1.0-11689cd-SNAPSHOT.jar:1.1.0-11689cd-SNAPSHOT]
	at org.apache.ratis.grpc.client.GrpcClientProtocolService$RequestStreamObserver.onNext(GrpcClientProtocolService.java:248) [ratis-grpc-1.1.0-11689cd-SNAPSHOT.jar:1.1.0-11689cd-SNAPSHOT]
	at org.apache.ratis.grpc.client.GrpcClientProtocolService$RequestStreamObserver.onNext(GrpcClientProtocolService.java:171) [ratis-grpc-1.1.0-11689cd-SNAPSHOT.jar:1.1.0-11689cd-SNAPSHOT]
	at org.apache.ratis.thirdparty.io.grpc.stub.ServerCalls$StreamingServerCallHandler$StreamingServerCallListener.onMessage(ServerCalls.java:251) [ratis-thirdparty-misc-0.6.0-SNAPSHOT.jar:0.6.0-SNAPSHOT]
	at org.apache.ratis.thirdparty.io.grpc.ForwardingServerCallListener.onMessage(ForwardingServerCallListener.java:33) [ratis-thirdparty-misc-0.6.0-SNAPSHOT.jar:0.6.0-SNAPSHOT]
	at org.apache.ratis.thirdparty.io.grpc.internal.ServerCallImpl$ServerStreamListenerImpl.messagesAvailableInternal(ServerCallImpl.java:309) [ratis-thirdparty-misc-0.6.0-SNAPSHOT.jar:0.6.0-SNAPSHOT]
	at org.apache.ratis.thirdparty.io.grpc.internal.ServerCallImpl$ServerStreamListenerImpl.messagesAvailable(ServerCallImpl.java:292) [ratis-thirdparty-misc-0.6.0-SNAPSHOT.jar:0.6.0-SNAPSHOT]
	at org.apache.ratis.thirdparty.io.grpc.internal.ServerImpl$JumpToApplicationThreadServerStreamListener$1MessagesAvailable.runInContext(ServerImpl.java:783) [ratis-thirdparty-misc-0.6.0-SNAPSHOT.jar:0.6.0-SNAPSHOT]
	at org.apache.ratis.thirdparty.io.grpc.internal.ContextRunnable.run(ContextRunnable.java:37) [ratis-thirdparty-misc-0.6.0-SNAPSHOT.jar:0.6.0-SNAPSHOT]
	at org.apache.ratis.thirdparty.io.grpc.internal.SerializingExecutor.run(SerializingExecutor.java:123) [ratis-thirdparty-misc-0.6.0-SNAPSHOT.jar:0.6.0-SNAPSHOT]
	at java.util.concurrent.ThreadPoolExecutor.runWorker(ThreadPoolExecutor.java:1149) [?:1.8.0_232]
	at java.util.concurrent.ThreadPoolExecutor$Worker.run(ThreadPoolExecutor.java:624) [?:1.8.0_232]
	at java.lang.Thread.run(Thread.java:748) [?:1.8.0_232]
2020-11-02 01:47:07,880 [grpc-default-executor-2] ERROR storage.BlockOutputStream (BlockOutputStream.java:lambda$writeChunkToContainer$3(685)) - writing chunk failed 105138200615452676_chunk_1 blockID conID: 2 locID: 105138200615452676 bcsId: 0 with exception org.apache.ratis.protocol.exceptions.StateMachineException: org.apache.hadoop.hdds.scm.container.common.helpers.ContainerNotOpenException from Server f4704367-9fd7-4d83-8836-3ce9ecc30269@group-290FE5556BA5: Container 2 in CLOSED state
2020-11-02 01:47:07,886 [grpc-default-executor-2] ERROR storage.BlockOutputStream (BlockOutputStream.java:lambda$writeChunkToContainer$3(685)) - writing chunk failed 105138200615452676_chunk_2 blockID conID: 2 locID: 105138200615452676 bcsId: 0 with exception org.apache.ratis.protocol.exceptions.StateMachineException: org.apache.hadoop.hdds.scm.container.common.helpers.ContainerNotOpenException from Server f4704367-9fd7-4d83-8836-3ce9ecc30269@group-290FE5556BA5: Container 2 in CLOSED state
2020-11-02 01:47:07,890 [grpc-default-executor-2] ERROR storage.BlockOutputStream (BlockOutputStream.java:lambda$writeChunkToContainer$3(685)) - writing chunk failed 105138200615452676_chunk_3 blockID conID: 2 locID: 105138200615452676 bcsId: 0 with exception org.apache.ratis.protocol.exceptions.StateMachineException: org.apache.hadoop.hdds.scm.container.common.helpers.ContainerNotOpenException from Server f4704367-9fd7-4d83-8836-3ce9ecc30269@group-290FE5556BA5: Container 2 in CLOSED state
2020-11-02 01:47:07,893 [grpc-default-executor-2] ERROR storage.BlockOutputStream (BlockOutputStream.java:lambda$writeChunkToContainer$3(685)) - writing chunk failed 105138200615452676_chunk_4 blockID conID: 2 locID: 105138200615452676 bcsId: 0 with exception org.apache.ratis.protocol.exceptions.StateMachineException: org.apache.hadoop.hdds.scm.container.common.helpers.ContainerNotOpenException from Server f4704367-9fd7-4d83-8836-3ce9ecc30269@group-290FE5556BA5: Container 2 in CLOSED state
2020-11-02 01:47:07,904 [Listener at 127.0.0.1/34381] INFO  metrics.RatisMetrics (RatisMetrics.java:lambda$create$0(36)) - Creating Metrics Registry : ratis.client_message_metrics.client-0C6A21176CF9->bb7e8155-091d-463f-8cd0-e09b5982d598
01:47:07.922 [grpc-default-executor-2] ERROR DNAudit - user=null | ip=null | op=WRITE_CHUNK {blockData=conID: 3 locID: 105138200615452678 bcsId: 0} | ret=FAILURE
org.apache.hadoop.hdds.scm.container.common.helpers.ContainerNotOpenException: Container 3 in CLOSED state
	at org.apache.hadoop.ozone.container.common.impl.HddsDispatcher.validateContainerCommand(HddsDispatcher.java:484) ~[hadoop-hdds-container-service-1.1.0-SNAPSHOT.jar:?]
	at org.apache.hadoop.ozone.container.common.transport.server.ratis.ContainerStateMachine.startTransaction(ContainerStateMachine.java:319) ~[hadoop-hdds-container-service-1.1.0-SNAPSHOT.jar:?]
	at org.apache.ratis.server.impl.RaftServerImpl.submitClientRequestAsync(RaftServerImpl.java:684) ~[ratis-server-1.1.0-11689cd-SNAPSHOT.jar:1.1.0-11689cd-SNAPSHOT]
	at org.apache.ratis.server.impl.RaftServerProxy.lambda$submitClientRequestAsync$7(RaftServerProxy.java:341) ~[ratis-server-1.1.0-11689cd-SNAPSHOT.jar:1.1.0-11689cd-SNAPSHOT]
	at org.apache.ratis.server.impl.RaftServerProxy.lambda$null$5(RaftServerProxy.java:336) ~[ratis-server-1.1.0-11689cd-SNAPSHOT.jar:1.1.0-11689cd-SNAPSHOT]
	at org.apache.ratis.util.JavaUtils.callAsUnchecked(JavaUtils.java:109) ~[ratis-common-1.1.0-11689cd-SNAPSHOT.jar:1.1.0-11689cd-SNAPSHOT]
	at org.apache.ratis.server.impl.RaftServerProxy.lambda$submitRequest$6(RaftServerProxy.java:336) ~[ratis-server-1.1.0-11689cd-SNAPSHOT.jar:1.1.0-11689cd-SNAPSHOT]
	at java.util.concurrent.CompletableFuture.uniComposeStage(CompletableFuture.java:995) ~[?:1.8.0_232]
	at java.util.concurrent.CompletableFuture.thenCompose(CompletableFuture.java:2137) ~[?:1.8.0_232]
	at org.apache.ratis.server.impl.RaftServerProxy.submitRequest(RaftServerProxy.java:335) ~[ratis-server-1.1.0-11689cd-SNAPSHOT.jar:1.1.0-11689cd-SNAPSHOT]
	at org.apache.ratis.server.impl.RaftServerProxy.submitClientRequestAsync(RaftServerProxy.java:341) ~[ratis-server-1.1.0-11689cd-SNAPSHOT.jar:1.1.0-11689cd-SNAPSHOT]
	at org.apache.ratis.grpc.client.GrpcClientProtocolService$RequestStreamObserver.processClientRequest(GrpcClientProtocolService.java:228) ~[ratis-grpc-1.1.0-11689cd-SNAPSHOT.jar:1.1.0-11689cd-SNAPSHOT]
	at org.apache.ratis.grpc.client.GrpcClientProtocolService$OrderedRequestStreamObserver.processClientRequest(GrpcClientProtocolService.java:334) ~[ratis-grpc-1.1.0-11689cd-SNAPSHOT.jar:1.1.0-11689cd-SNAPSHOT]
	at org.apache.ratis.util.SlidingWindow$Server.processRequestsFromHead(SlidingWindow.java:429) [ratis-common-1.1.0-11689cd-SNAPSHOT.jar:1.1.0-11689cd-SNAPSHOT]
	at org.apache.ratis.util.SlidingWindow$Server.receivedRequest(SlidingWindow.java:421) [ratis-common-1.1.0-11689cd-SNAPSHOT.jar:1.1.0-11689cd-SNAPSHOT]
	at org.apache.ratis.grpc.client.GrpcClientProtocolService$OrderedRequestStreamObserver.processClientRequest(GrpcClientProtocolService.java:358) [ratis-grpc-1.1.0-11689cd-SNAPSHOT.jar:1.1.0-11689cd-SNAPSHOT]
	at org.apache.ratis.grpc.client.GrpcClientProtocolService$RequestStreamObserver.onNext(GrpcClientProtocolService.java:248) [ratis-grpc-1.1.0-11689cd-SNAPSHOT.jar:1.1.0-11689cd-SNAPSHOT]
	at org.apache.ratis.grpc.client.GrpcClientProtocolService$RequestStreamObserver.onNext(GrpcClientProtocolService.java:171) [ratis-grpc-1.1.0-11689cd-SNAPSHOT.jar:1.1.0-11689cd-SNAPSHOT]
	at org.apache.ratis.thirdparty.io.grpc.stub.ServerCalls$StreamingServerCallHandler$StreamingServerCallListener.onMessage(ServerCalls.java:251) [ratis-thirdparty-misc-0.6.0-SNAPSHOT.jar:0.6.0-SNAPSHOT]
	at org.apache.ratis.thirdparty.io.grpc.ForwardingServerCallListener.onMessage(ForwardingServerCallListener.java:33) [ratis-thirdparty-misc-0.6.0-SNAPSHOT.jar:0.6.0-SNAPSHOT]
	at org.apache.ratis.thirdparty.io.grpc.internal.ServerCallImpl$ServerStreamListenerImpl.messagesAvailableInternal(ServerCallImpl.java:309) [ratis-thirdparty-misc-0.6.0-SNAPSHOT.jar:0.6.0-SNAPSHOT]
	at org.apache.ratis.thirdparty.io.grpc.internal.ServerCallImpl$ServerStreamListenerImpl.messagesAvailable(ServerCallImpl.java:292) [ratis-thirdparty-misc-0.6.0-SNAPSHOT.jar:0.6.0-SNAPSHOT]
	at org.apache.ratis.thirdparty.io.grpc.internal.ServerImpl$JumpToApplicationThreadServerStreamListener$1MessagesAvailable.runInContext(ServerImpl.java:783) [ratis-thirdparty-misc-0.6.0-SNAPSHOT.jar:0.6.0-SNAPSHOT]
	at org.apache.ratis.thirdparty.io.grpc.internal.ContextRunnable.run(ContextRunnable.java:37) [ratis-thirdparty-misc-0.6.0-SNAPSHOT.jar:0.6.0-SNAPSHOT]
	at org.apache.ratis.thirdparty.io.grpc.internal.SerializingExecutor.run(SerializingExecutor.java:123) [ratis-thirdparty-misc-0.6.0-SNAPSHOT.jar:0.6.0-SNAPSHOT]
	at java.util.concurrent.ThreadPoolExecutor.runWorker(ThreadPoolExecutor.java:1149) [?:1.8.0_232]
	at java.util.concurrent.ThreadPoolExecutor$Worker.run(ThreadPoolExecutor.java:624) [?:1.8.0_232]
	at java.lang.Thread.run(Thread.java:748) [?:1.8.0_232]
01:47:07.926 [grpc-default-executor-2] ERROR DNAudit - user=null | ip=null | op=WRITE_CHUNK {blockData=conID: 3 locID: 105138200615452678 bcsId: 0} | ret=FAILURE
org.apache.hadoop.hdds.scm.container.common.helpers.ContainerNotOpenException: Container 3 in CLOSED state
	at org.apache.hadoop.ozone.container.common.impl.HddsDispatcher.validateContainerCommand(HddsDispatcher.java:484) ~[hadoop-hdds-container-service-1.1.0-SNAPSHOT.jar:?]
	at org.apache.hadoop.ozone.container.common.transport.server.ratis.ContainerStateMachine.startTransaction(ContainerStateMachine.java:319) ~[hadoop-hdds-container-service-1.1.0-SNAPSHOT.jar:?]
	at org.apache.ratis.server.impl.RaftServerImpl.submitClientRequestAsync(RaftServerImpl.java:684) ~[ratis-server-1.1.0-11689cd-SNAPSHOT.jar:1.1.0-11689cd-SNAPSHOT]
	at org.apache.ratis.server.impl.RaftServerProxy.lambda$submitClientRequestAsync$7(RaftServerProxy.java:341) ~[ratis-server-1.1.0-11689cd-SNAPSHOT.jar:1.1.0-11689cd-SNAPSHOT]
	at org.apache.ratis.server.impl.RaftServerProxy.lambda$null$5(RaftServerProxy.java:336) ~[ratis-server-1.1.0-11689cd-SNAPSHOT.jar:1.1.0-11689cd-SNAPSHOT]
	at org.apache.ratis.util.JavaUtils.callAsUnchecked(JavaUtils.java:109) ~[ratis-common-1.1.0-11689cd-SNAPSHOT.jar:1.1.0-11689cd-SNAPSHOT]
	at org.apache.ratis.server.impl.RaftServerProxy.lambda$submitRequest$6(RaftServerProxy.java:336) ~[ratis-server-1.1.0-11689cd-SNAPSHOT.jar:1.1.0-11689cd-SNAPSHOT]
	at java.util.concurrent.CompletableFuture.uniComposeStage(CompletableFuture.java:995) ~[?:1.8.0_232]
	at java.util.concurrent.CompletableFuture.thenCompose(CompletableFuture.java:2137) ~[?:1.8.0_232]
	at org.apache.ratis.server.impl.RaftServerProxy.submitRequest(RaftServerProxy.java:335) ~[ratis-server-1.1.0-11689cd-SNAPSHOT.jar:1.1.0-11689cd-SNAPSHOT]
	at org.apache.ratis.server.impl.RaftServerProxy.submitClientRequestAsync(RaftServerProxy.java:341) ~[ratis-server-1.1.0-11689cd-SNAPSHOT.jar:1.1.0-11689cd-SNAPSHOT]
	at org.apache.ratis.grpc.client.GrpcClientProtocolService$RequestStreamObserver.processClientRequest(GrpcClientProtocolService.java:228) ~[ratis-grpc-1.1.0-11689cd-SNAPSHOT.jar:1.1.0-11689cd-SNAPSHOT]
	at org.apache.ratis.grpc.client.GrpcClientProtocolService$OrderedRequestStreamObserver.processClientRequest(GrpcClientProtocolService.java:334) ~[ratis-grpc-1.1.0-11689cd-SNAPSHOT.jar:1.1.0-11689cd-SNAPSHOT]
	at org.apache.ratis.util.SlidingWindow$Server.processRequestsFromHead(SlidingWindow.java:429) [ratis-common-1.1.0-11689cd-SNAPSHOT.jar:1.1.0-11689cd-SNAPSHOT]
	at org.apache.ratis.util.SlidingWindow$Server.receivedRequest(SlidingWindow.java:421) [ratis-common-1.1.0-11689cd-SNAPSHOT.jar:1.1.0-11689cd-SNAPSHOT]
	at org.apache.ratis.grpc.client.GrpcClientProtocolService$OrderedRequestStreamObserver.processClientRequest(GrpcClientProtocolService.java:358) [ratis-grpc-1.1.0-11689cd-SNAPSHOT.jar:1.1.0-11689cd-SNAPSHOT]
	at org.apache.ratis.grpc.client.GrpcClientProtocolService$RequestStreamObserver.onNext(GrpcClientProtocolService.java:248) [ratis-grpc-1.1.0-11689cd-SNAPSHOT.jar:1.1.0-11689cd-SNAPSHOT]
	at org.apache.ratis.grpc.client.GrpcClientProtocolService$RequestStreamObserver.onNext(GrpcClientProtocolService.java:171) [ratis-grpc-1.1.0-11689cd-SNAPSHOT.jar:1.1.0-11689cd-SNAPSHOT]
	at org.apache.ratis.thirdparty.io.grpc.stub.ServerCalls$StreamingServerCallHandler$StreamingServerCallListener.onMessage(ServerCalls.java:251) [ratis-thirdparty-misc-0.6.0-SNAPSHOT.jar:0.6.0-SNAPSHOT]
	at org.apache.ratis.thirdparty.io.grpc.ForwardingServerCallListener.onMessage(ForwardingServerCallListener.java:33) [ratis-thirdparty-misc-0.6.0-SNAPSHOT.jar:0.6.0-SNAPSHOT]
	at org.apache.ratis.thirdparty.io.grpc.internal.ServerCallImpl$ServerStreamListenerImpl.messagesAvailableInternal(ServerCallImpl.java:309) [ratis-thirdparty-misc-0.6.0-SNAPSHOT.jar:0.6.0-SNAPSHOT]
	at org.apache.ratis.thirdparty.io.grpc.internal.ServerCallImpl$ServerStreamListenerImpl.messagesAvailable(ServerCallImpl.java:292) [ratis-thirdparty-misc-0.6.0-SNAPSHOT.jar:0.6.0-SNAPSHOT]
	at org.apache.ratis.thirdparty.io.grpc.internal.ServerImpl$JumpToApplicationThreadServerStreamListener$1MessagesAvailable.runInContext(ServerImpl.java:783) [ratis-thirdparty-misc-0.6.0-SNAPSHOT.jar:0.6.0-SNAPSHOT]
	at org.apache.ratis.thirdparty.io.grpc.internal.ContextRunnable.run(ContextRunnable.java:37) [ratis-thirdparty-misc-0.6.0-SNAPSHOT.jar:0.6.0-SNAPSHOT]
	at org.apache.ratis.thirdparty.io.grpc.internal.SerializingExecutor.run(SerializingExecutor.java:123) [ratis-thirdparty-misc-0.6.0-SNAPSHOT.jar:0.6.0-SNAPSHOT]
	at java.util.concurrent.ThreadPoolExecutor.runWorker(ThreadPoolExecutor.java:1149) [?:1.8.0_232]
	at java.util.concurrent.ThreadPoolExecutor$Worker.run(ThreadPoolExecutor.java:624) [?:1.8.0_232]
	at java.lang.Thread.run(Thread.java:748) [?:1.8.0_232]
01:47:07.930 [grpc-default-executor-2] ERROR DNAudit - user=null | ip=null | op=PUT_BLOCK {blockData=[blockId=conID: 3 locID: 105138200615452678 bcsId: 0,size=200]} | ret=FAILURE
org.apache.hadoop.hdds.scm.container.common.helpers.ContainerNotOpenException: Container 3 in CLOSED state
	at org.apache.hadoop.ozone.container.common.impl.HddsDispatcher.validateContainerCommand(HddsDispatcher.java:484) ~[hadoop-hdds-container-service-1.1.0-SNAPSHOT.jar:?]
	at org.apache.hadoop.ozone.container.common.transport.server.ratis.ContainerStateMachine.startTransaction(ContainerStateMachine.java:319) ~[hadoop-hdds-container-service-1.1.0-SNAPSHOT.jar:?]
	at org.apache.ratis.server.impl.RaftServerImpl.submitClientRequestAsync(RaftServerImpl.java:684) ~[ratis-server-1.1.0-11689cd-SNAPSHOT.jar:1.1.0-11689cd-SNAPSHOT]
	at org.apache.ratis.server.impl.RaftServerProxy.lambda$submitClientRequestAsync$7(RaftServerProxy.java:341) ~[ratis-server-1.1.0-11689cd-SNAPSHOT.jar:1.1.0-11689cd-SNAPSHOT]
	at org.apache.ratis.server.impl.RaftServerProxy.lambda$null$5(RaftServerProxy.java:336) ~[ratis-server-1.1.0-11689cd-SNAPSHOT.jar:1.1.0-11689cd-SNAPSHOT]
	at org.apache.ratis.util.JavaUtils.callAsUnchecked(JavaUtils.java:109) ~[ratis-common-1.1.0-11689cd-SNAPSHOT.jar:1.1.0-11689cd-SNAPSHOT]
	at org.apache.ratis.server.impl.RaftServerProxy.lambda$submitRequest$6(RaftServerProxy.java:336) ~[ratis-server-1.1.0-11689cd-SNAPSHOT.jar:1.1.0-11689cd-SNAPSHOT]
	at java.util.concurrent.CompletableFuture.uniComposeStage(CompletableFuture.java:995) ~[?:1.8.0_232]
	at java.util.concurrent.CompletableFuture.thenCompose(CompletableFuture.java:2137) ~[?:1.8.0_232]
	at org.apache.ratis.server.impl.RaftServerProxy.submitRequest(RaftServerProxy.java:335) ~[ratis-server-1.1.0-11689cd-SNAPSHOT.jar:1.1.0-11689cd-SNAPSHOT]
	at org.apache.ratis.server.impl.RaftServerProxy.submitClientRequestAsync(RaftServerProxy.java:341) ~[ratis-server-1.1.0-11689cd-SNAPSHOT.jar:1.1.0-11689cd-SNAPSHOT]
	at org.apache.ratis.grpc.client.GrpcClientProtocolService$RequestStreamObserver.processClientRequest(GrpcClientProtocolService.java:228) ~[ratis-grpc-1.1.0-11689cd-SNAPSHOT.jar:1.1.0-11689cd-SNAPSHOT]
	at org.apache.ratis.grpc.client.GrpcClientProtocolService$OrderedRequestStreamObserver.processClientRequest(GrpcClientProtocolService.java:334) ~[ratis-grpc-1.1.0-11689cd-SNAPSHOT.jar:1.1.0-11689cd-SNAPSHOT]
	at org.apache.ratis.util.SlidingWindow$Server.processRequestsFromHead(SlidingWindow.java:429) [ratis-common-1.1.0-11689cd-SNAPSHOT.jar:1.1.0-11689cd-SNAPSHOT]
	at org.apache.ratis.util.SlidingWindow$Server.receivedRequest(SlidingWindow.java:421) [ratis-common-1.1.0-11689cd-SNAPSHOT.jar:1.1.0-11689cd-SNAPSHOT]
	at org.apache.ratis.grpc.client.GrpcClientProtocolService$OrderedRequestStreamObserver.processClientRequest(GrpcClientProtocolService.java:358) [ratis-grpc-1.1.0-11689cd-SNAPSHOT.jar:1.1.0-11689cd-SNAPSHOT]
	at org.apache.ratis.grpc.client.GrpcClientProtocolService$RequestStreamObserver.onNext(GrpcClientProtocolService.java:248) [ratis-grpc-1.1.0-11689cd-SNAPSHOT.jar:1.1.0-11689cd-SNAPSHOT]
	at org.apache.ratis.grpc.client.GrpcClientProtocolService$RequestStreamObserver.onNext(GrpcClientProtocolService.java:171) [ratis-grpc-1.1.0-11689cd-SNAPSHOT.jar:1.1.0-11689cd-SNAPSHOT]
	at org.apache.ratis.thirdparty.io.grpc.stub.ServerCalls$StreamingServerCallHandler$StreamingServerCallListener.onMessage(ServerCalls.java:251) [ratis-thirdparty-misc-0.6.0-SNAPSHOT.jar:0.6.0-SNAPSHOT]
	at org.apache.ratis.thirdparty.io.grpc.ForwardingServerCallListener.onMessage(ForwardingServerCallListener.java:33) [ratis-thirdparty-misc-0.6.0-SNAPSHOT.jar:0.6.0-SNAPSHOT]
	at org.apache.ratis.thirdparty.io.grpc.internal.ServerCallImpl$ServerStreamListenerImpl.messagesAvailableInternal(ServerCallImpl.java:309) [ratis-thirdparty-misc-0.6.0-SNAPSHOT.jar:0.6.0-SNAPSHOT]
	at org.apache.ratis.thirdparty.io.grpc.internal.ServerCallImpl$ServerStreamListenerImpl.messagesAvailable(ServerCallImpl.java:292) [ratis-thirdparty-misc-0.6.0-SNAPSHOT.jar:0.6.0-SNAPSHOT]
	at org.apache.ratis.thirdparty.io.grpc.internal.ServerImpl$JumpToApplicationThreadServerStreamListener$1MessagesAvailable.runInContext(ServerImpl.java:783) [ratis-thirdparty-misc-0.6.0-SNAPSHOT.jar:0.6.0-SNAPSHOT]
	at org.apache.ratis.thirdparty.io.grpc.internal.ContextRunnable.run(ContextRunnable.java:37) [ratis-thirdparty-misc-0.6.0-SNAPSHOT.jar:0.6.0-SNAPSHOT]
	at org.apache.ratis.thirdparty.io.grpc.internal.SerializingExecutor.run(SerializingExecutor.java:123) [ratis-thirdparty-misc-0.6.0-SNAPSHOT.jar:0.6.0-SNAPSHOT]
	at java.util.concurrent.ThreadPoolExecutor.runWorker(ThreadPoolExecutor.java:1149) [?:1.8.0_232]
	at java.util.concurrent.ThreadPoolExecutor$Worker.run(ThreadPoolExecutor.java:624) [?:1.8.0_232]
	at java.lang.Thread.run(Thread.java:748) [?:1.8.0_232]
01:47:07.938 [grpc-default-executor-2] ERROR DNAudit - user=null | ip=null | op=WRITE_CHUNK {blockData=conID: 3 locID: 105138200615452678 bcsId: 0} | ret=FAILURE
org.apache.hadoop.hdds.scm.container.common.helpers.ContainerNotOpenException: Container 3 in CLOSED state
	at org.apache.hadoop.ozone.container.common.impl.HddsDispatcher.validateContainerCommand(HddsDispatcher.java:484) ~[hadoop-hdds-container-service-1.1.0-SNAPSHOT.jar:?]
	at org.apache.hadoop.ozone.container.common.transport.server.ratis.ContainerStateMachine.startTransaction(ContainerStateMachine.java:319) ~[hadoop-hdds-container-service-1.1.0-SNAPSHOT.jar:?]
	at org.apache.ratis.server.impl.RaftServerImpl.submitClientRequestAsync(RaftServerImpl.java:684) ~[ratis-server-1.1.0-11689cd-SNAPSHOT.jar:1.1.0-11689cd-SNAPSHOT]
	at org.apache.ratis.server.impl.RaftServerProxy.lambda$submitClientRequestAsync$7(RaftServerProxy.java:341) ~[ratis-server-1.1.0-11689cd-SNAPSHOT.jar:1.1.0-11689cd-SNAPSHOT]
	at org.apache.ratis.server.impl.RaftServerProxy.lambda$null$5(RaftServerProxy.java:336) ~[ratis-server-1.1.0-11689cd-SNAPSHOT.jar:1.1.0-11689cd-SNAPSHOT]
	at org.apache.ratis.util.JavaUtils.callAsUnchecked(JavaUtils.java:109) ~[ratis-common-1.1.0-11689cd-SNAPSHOT.jar:1.1.0-11689cd-SNAPSHOT]
	at org.apache.ratis.server.impl.RaftServerProxy.lambda$submitRequest$6(RaftServerProxy.java:336) ~[ratis-server-1.1.0-11689cd-SNAPSHOT.jar:1.1.0-11689cd-SNAPSHOT]
	at java.util.concurrent.CompletableFuture.uniComposeStage(CompletableFuture.java:995) ~[?:1.8.0_232]
	at java.util.concurrent.CompletableFuture.thenCompose(CompletableFuture.java:2137) ~[?:1.8.0_232]
	at org.apache.ratis.server.impl.RaftServerProxy.submitRequest(RaftServerProxy.java:335) ~[ratis-server-1.1.0-11689cd-SNAPSHOT.jar:1.1.0-11689cd-SNAPSHOT]
	at org.apache.ratis.server.impl.RaftServerProxy.submitClientRequestAsync(RaftServerProxy.java:341) ~[ratis-server-1.1.0-11689cd-SNAPSHOT.jar:1.1.0-11689cd-SNAPSHOT]
	at org.apache.ratis.grpc.client.GrpcClientProtocolService$RequestStreamObserver.processClientRequest(GrpcClientProtocolService.java:228) ~[ratis-grpc-1.1.0-11689cd-SNAPSHOT.jar:1.1.0-11689cd-SNAPSHOT]
	at org.apache.ratis.grpc.client.GrpcClientProtocolService$OrderedRequestStreamObserver.processClientRequest(GrpcClientProtocolService.java:334) ~[ratis-grpc-1.1.0-11689cd-SNAPSHOT.jar:1.1.0-11689cd-SNAPSHOT]
	at org.apache.ratis.util.SlidingWindow$Server.processRequestsFromHead(SlidingWindow.java:429) [ratis-common-1.1.0-11689cd-SNAPSHOT.jar:1.1.0-11689cd-SNAPSHOT]
	at org.apache.ratis.util.SlidingWindow$Server.receivedRequest(SlidingWindow.java:421) [ratis-common-1.1.0-11689cd-SNAPSHOT.jar:1.1.0-11689cd-SNAPSHOT]
	at org.apache.ratis.grpc.client.GrpcClientProtocolService$OrderedRequestStreamObserver.processClientRequest(GrpcClientProtocolService.java:358) [ratis-grpc-1.1.0-11689cd-SNAPSHOT.jar:1.1.0-11689cd-SNAPSHOT]
	at org.apache.ratis.grpc.client.GrpcClientProtocolService$RequestStreamObserver.onNext(GrpcClientProtocolService.java:248) [ratis-grpc-1.1.0-11689cd-SNAPSHOT.jar:1.1.0-11689cd-SNAPSHOT]
	at org.apache.ratis.grpc.client.GrpcClientProtocolService$RequestStreamObserver.onNext(GrpcClientProtocolService.java:171) [ratis-grpc-1.1.0-11689cd-SNAPSHOT.jar:1.1.0-11689cd-SNAPSHOT]
	at org.apache.ratis.thirdparty.io.grpc.stub.ServerCalls$StreamingServerCallHandler$StreamingServerCallListener.onMessage(ServerCalls.java:251) [ratis-thirdparty-misc-0.6.0-SNAPSHOT.jar:0.6.0-SNAPSHOT]
	at org.apache.ratis.thirdparty.io.grpc.ForwardingServerCallListener.onMessage(ForwardingServerCallListener.java:33) [ratis-thirdparty-misc-0.6.0-SNAPSHOT.jar:0.6.0-SNAPSHOT]
	at org.apache.ratis.thirdparty.io.grpc.internal.ServerCallImpl$ServerStreamListenerImpl.messagesAvailableInternal(ServerCallImpl.java:309) [ratis-thirdparty-misc-0.6.0-SNAPSHOT.jar:0.6.0-SNAPSHOT]
	at org.apache.ratis.thirdparty.io.grpc.internal.ServerCallImpl$ServerStreamListenerImpl.messagesAvailable(ServerCallImpl.java:292) [ratis-thirdparty-misc-0.6.0-SNAPSHOT.jar:0.6.0-SNAPSHOT]
	at org.apache.ratis.thirdparty.io.grpc.internal.ServerImpl$JumpToApplicationThreadServerStreamListener$1MessagesAvailable.runInContext(ServerImpl.java:783) [ratis-thirdparty-misc-0.6.0-SNAPSHOT.jar:0.6.0-SNAPSHOT]
	at org.apache.ratis.thirdparty.io.grpc.internal.ContextRunnable.run(ContextRunnable.java:37) [ratis-thirdparty-misc-0.6.0-SNAPSHOT.jar:0.6.0-SNAPSHOT]
	at org.apache.ratis.thirdparty.io.grpc.internal.SerializingExecutor.run(SerializingExecutor.java:123) [ratis-thirdparty-misc-0.6.0-SNAPSHOT.jar:0.6.0-SNAPSHOT]
	at java.util.concurrent.ThreadPoolExecutor.runWorker(ThreadPoolExecutor.java:1149) [?:1.8.0_232]
	at java.util.concurrent.ThreadPoolExecutor$Worker.run(ThreadPoolExecutor.java:624) [?:1.8.0_232]
	at java.lang.Thread.run(Thread.java:748) [?:1.8.0_232]
01:47:07.941 [grpc-default-executor-2] ERROR DNAudit - user=null | ip=null | op=WRITE_CHUNK {blockData=conID: 3 locID: 105138200615452678 bcsId: 0} | ret=FAILURE
org.apache.hadoop.hdds.scm.container.common.helpers.ContainerNotOpenException: Container 3 in CLOSED state
	at org.apache.hadoop.ozone.container.common.impl.HddsDispatcher.validateContainerCommand(HddsDispatcher.java:484) ~[hadoop-hdds-container-service-1.1.0-SNAPSHOT.jar:?]
	at org.apache.hadoop.ozone.container.common.transport.server.ratis.ContainerStateMachine.startTransaction(ContainerStateMachine.java:319) ~[hadoop-hdds-container-service-1.1.0-SNAPSHOT.jar:?]
	at org.apache.ratis.server.impl.RaftServerImpl.submitClientRequestAsync(RaftServerImpl.java:684) ~[ratis-server-1.1.0-11689cd-SNAPSHOT.jar:1.1.0-11689cd-SNAPSHOT]
	at org.apache.ratis.server.impl.RaftServerProxy.lambda$submitClientRequestAsync$7(RaftServerProxy.java:341) ~[ratis-server-1.1.0-11689cd-SNAPSHOT.jar:1.1.0-11689cd-SNAPSHOT]
	at org.apache.ratis.server.impl.RaftServerProxy.lambda$null$5(RaftServerProxy.java:336) ~[ratis-server-1.1.0-11689cd-SNAPSHOT.jar:1.1.0-11689cd-SNAPSHOT]
	at org.apache.ratis.util.JavaUtils.callAsUnchecked(JavaUtils.java:109) ~[ratis-common-1.1.0-11689cd-SNAPSHOT.jar:1.1.0-11689cd-SNAPSHOT]
	at org.apache.ratis.server.impl.RaftServerProxy.lambda$submitRequest$6(RaftServerProxy.java:336) ~[ratis-server-1.1.0-11689cd-SNAPSHOT.jar:1.1.0-11689cd-SNAPSHOT]
	at java.util.concurrent.CompletableFuture.uniComposeStage(CompletableFuture.java:995) ~[?:1.8.0_232]
	at java.util.concurrent.CompletableFuture.thenCompose(CompletableFuture.java:2137) ~[?:1.8.0_232]
	at org.apache.ratis.server.impl.RaftServerProxy.submitRequest(RaftServerProxy.java:335) ~[ratis-server-1.1.0-11689cd-SNAPSHOT.jar:1.1.0-11689cd-SNAPSHOT]
	at org.apache.ratis.server.impl.RaftServerProxy.submitClientRequestAsync(RaftServerProxy.java:341) ~[ratis-server-1.1.0-11689cd-SNAPSHOT.jar:1.1.0-11689cd-SNAPSHOT]
	at org.apache.ratis.grpc.client.GrpcClientProtocolService$RequestStreamObserver.processClientRequest(GrpcClientProtocolService.java:228) ~[ratis-grpc-1.1.0-11689cd-SNAPSHOT.jar:1.1.0-11689cd-SNAPSHOT]
	at org.apache.ratis.grpc.client.GrpcClientProtocolService$OrderedRequestStreamObserver.processClientRequest(GrpcClientProtocolService.java:334) ~[ratis-grpc-1.1.0-11689cd-SNAPSHOT.jar:1.1.0-11689cd-SNAPSHOT]
	at org.apache.ratis.util.SlidingWindow$Server.processRequestsFromHead(SlidingWindow.java:429) [ratis-common-1.1.0-11689cd-SNAPSHOT.jar:1.1.0-11689cd-SNAPSHOT]
	at org.apache.ratis.util.SlidingWindow$Server.receivedRequest(SlidingWindow.java:421) [ratis-common-1.1.0-11689cd-SNAPSHOT.jar:1.1.0-11689cd-SNAPSHOT]
	at org.apache.ratis.grpc.client.GrpcClientProtocolService$OrderedRequestStreamObserver.processClientRequest(GrpcClientProtocolService.java:358) [ratis-grpc-1.1.0-11689cd-SNAPSHOT.jar:1.1.0-11689cd-SNAPSHOT]
	at org.apache.ratis.grpc.client.GrpcClientProtocolService$RequestStreamObserver.onNext(GrpcClientProtocolService.java:248) [ratis-grpc-1.1.0-11689cd-SNAPSHOT.jar:1.1.0-11689cd-SNAPSHOT]
	at org.apache.ratis.grpc.client.GrpcClientProtocolService$RequestStreamObserver.onNext(GrpcClientProtocolService.java:171) [ratis-grpc-1.1.0-11689cd-SNAPSHOT.jar:1.1.0-11689cd-SNAPSHOT]
	at org.apache.ratis.thirdparty.io.grpc.stub.ServerCalls$StreamingServerCallHandler$StreamingServerCallListener.onMessage(ServerCalls.java:251) [ratis-thirdparty-misc-0.6.0-SNAPSHOT.jar:0.6.0-SNAPSHOT]
	at org.apache.ratis.thirdparty.io.grpc.ForwardingServerCallListener.onMessage(ForwardingServerCallListener.java:33) [ratis-thirdparty-misc-0.6.0-SNAPSHOT.jar:0.6.0-SNAPSHOT]
	at org.apache.ratis.thirdparty.io.grpc.internal.ServerCallImpl$ServerStreamListenerImpl.messagesAvailableInternal(ServerCallImpl.java:309) [ratis-thirdparty-misc-0.6.0-SNAPSHOT.jar:0.6.0-SNAPSHOT]
	at org.apache.ratis.thirdparty.io.grpc.internal.ServerCallImpl$ServerStreamListenerImpl.messagesAvailable(ServerCallImpl.java:292) [ratis-thirdparty-misc-0.6.0-SNAPSHOT.jar:0.6.0-SNAPSHOT]
	at org.apache.ratis.thirdparty.io.grpc.internal.ServerImpl$JumpToApplicationThreadServerStreamListener$1MessagesAvailable.runInContext(ServerImpl.java:783) [ratis-thirdparty-misc-0.6.0-SNAPSHOT.jar:0.6.0-SNAPSHOT]
	at org.apache.ratis.thirdparty.io.grpc.internal.ContextRunnable.run(ContextRunnable.java:37) [ratis-thirdparty-misc-0.6.0-SNAPSHOT.jar:0.6.0-SNAPSHOT]
	at org.apache.ratis.thirdparty.io.grpc.internal.SerializingExecutor.run(SerializingExecutor.java:123) [ratis-thirdparty-misc-0.6.0-SNAPSHOT.jar:0.6.0-SNAPSHOT]
	at java.util.concurrent.ThreadPoolExecutor.runWorker(ThreadPoolExecutor.java:1149) [?:1.8.0_232]
	at java.util.concurrent.ThreadPoolExecutor$Worker.run(ThreadPoolExecutor.java:624) [?:1.8.0_232]
	at java.lang.Thread.run(Thread.java:748) [?:1.8.0_232]
01:47:07.942 [grpc-default-executor-2] ERROR DNAudit - user=null | ip=null | op=PUT_BLOCK {blockData=[blockId=conID: 3 locID: 105138200615452678 bcsId: 0,size=400]} | ret=FAILURE
org.apache.hadoop.hdds.scm.container.common.helpers.ContainerNotOpenException: Container 3 in CLOSED state
	at org.apache.hadoop.ozone.container.common.impl.HddsDispatcher.validateContainerCommand(HddsDispatcher.java:484) ~[hadoop-hdds-container-service-1.1.0-SNAPSHOT.jar:?]
	at org.apache.hadoop.ozone.container.common.transport.server.ratis.ContainerStateMachine.startTransaction(ContainerStateMachine.java:319) ~[hadoop-hdds-container-service-1.1.0-SNAPSHOT.jar:?]
	at org.apache.ratis.server.impl.RaftServerImpl.submitClientRequestAsync(RaftServerImpl.java:684) ~[ratis-server-1.1.0-11689cd-SNAPSHOT.jar:1.1.0-11689cd-SNAPSHOT]
	at org.apache.ratis.server.impl.RaftServerProxy.lambda$submitClientRequestAsync$7(RaftServerProxy.java:341) ~[ratis-server-1.1.0-11689cd-SNAPSHOT.jar:1.1.0-11689cd-SNAPSHOT]
	at org.apache.ratis.server.impl.RaftServerProxy.lambda$null$5(RaftServerProxy.java:336) ~[ratis-server-1.1.0-11689cd-SNAPSHOT.jar:1.1.0-11689cd-SNAPSHOT]
	at org.apache.ratis.util.JavaUtils.callAsUnchecked(JavaUtils.java:109) ~[ratis-common-1.1.0-11689cd-SNAPSHOT.jar:1.1.0-11689cd-SNAPSHOT]
	at org.apache.ratis.server.impl.RaftServerProxy.lambda$submitRequest$6(RaftServerProxy.java:336) ~[ratis-server-1.1.0-11689cd-SNAPSHOT.jar:1.1.0-11689cd-SNAPSHOT]
	at java.util.concurrent.CompletableFuture.uniComposeStage(CompletableFuture.java:995) ~[?:1.8.0_232]
	at java.util.concurrent.CompletableFuture.thenCompose(CompletableFuture.java:2137) ~[?:1.8.0_232]
	at org.apache.ratis.server.impl.RaftServerProxy.submitRequest(RaftServerProxy.java:335) ~[ratis-server-1.1.0-11689cd-SNAPSHOT.jar:1.1.0-11689cd-SNAPSHOT]
	at org.apache.ratis.server.impl.RaftServerProxy.submitClientRequestAsync(RaftServerProxy.java:341) ~[ratis-server-1.1.0-11689cd-SNAPSHOT.jar:1.1.0-11689cd-SNAPSHOT]
	at org.apache.ratis.grpc.client.GrpcClientProtocolService$RequestStreamObserver.processClientRequest(GrpcClientProtocolService.java:228) ~[ratis-grpc-1.1.0-11689cd-SNAPSHOT.jar:1.1.0-11689cd-SNAPSHOT]
	at org.apache.ratis.grpc.client.GrpcClientProtocolService$OrderedRequestStreamObserver.processClientRequest(GrpcClientProtocolService.java:334) ~[ratis-grpc-1.1.0-11689cd-SNAPSHOT.jar:1.1.0-11689cd-SNAPSHOT]
	at org.apache.ratis.util.SlidingWindow$Server.processRequestsFromHead(SlidingWindow.java:429) [ratis-common-1.1.0-11689cd-SNAPSHOT.jar:1.1.0-11689cd-SNAPSHOT]
	at org.apache.ratis.util.SlidingWindow$Server.receivedRequest(SlidingWindow.java:421) [ratis-common-1.1.0-11689cd-SNAPSHOT.jar:1.1.0-11689cd-SNAPSHOT]
	at org.apache.ratis.grpc.client.GrpcClientProtocolService$OrderedRequestStreamObserver.processClientRequest(GrpcClientProtocolService.java:358) [ratis-grpc-1.1.0-11689cd-SNAPSHOT.jar:1.1.0-11689cd-SNAPSHOT]
	at org.apache.ratis.grpc.client.GrpcClientProtocolService$RequestStreamObserver.onNext(GrpcClientProtocolService.java:248) [ratis-grpc-1.1.0-11689cd-SNAPSHOT.jar:1.1.0-11689cd-SNAPSHOT]
	at org.apache.ratis.grpc.client.GrpcClientProtocolService$RequestStreamObserver.onNext(GrpcClientProtocolService.java:171) [ratis-grpc-1.1.0-11689cd-SNAPSHOT.jar:1.1.0-11689cd-SNAPSHOT]
	at org.apache.ratis.thirdparty.io.grpc.stub.ServerCalls$StreamingServerCallHandler$StreamingServerCallListener.onMessage(ServerCalls.java:251) [ratis-thirdparty-misc-0.6.0-SNAPSHOT.jar:0.6.0-SNAPSHOT]
	at org.apache.ratis.thirdparty.io.grpc.ForwardingServerCallListener.onMessage(ForwardingServerCallListener.java:33) [ratis-thirdparty-misc-0.6.0-SNAPSHOT.jar:0.6.0-SNAPSHOT]
	at org.apache.ratis.thirdparty.io.grpc.internal.ServerCallImpl$ServerStreamListenerImpl.messagesAvailableInternal(ServerCallImpl.java:309) [ratis-thirdparty-misc-0.6.0-SNAPSHOT.jar:0.6.0-SNAPSHOT]
	at org.apache.ratis.thirdparty.io.grpc.internal.ServerCallImpl$ServerStreamListenerImpl.messagesAvailable(ServerCallImpl.java:292) [ratis-thirdparty-misc-0.6.0-SNAPSHOT.jar:0.6.0-SNAPSHOT]
	at org.apache.ratis.thirdparty.io.grpc.internal.ServerImpl$JumpToApplicationThreadServerStreamListener$1MessagesAvailable.runInContext(ServerImpl.java:783) [ratis-thirdparty-misc-0.6.0-SNAPSHOT.jar:0.6.0-SNAPSHOT]
	at org.apache.ratis.thirdparty.io.grpc.internal.ContextRunnable.run(ContextRunnable.java:37) [ratis-thirdparty-misc-0.6.0-SNAPSHOT.jar:0.6.0-SNAPSHOT]
	at org.apache.ratis.thirdparty.io.grpc.internal.SerializingExecutor.run(SerializingExecutor.java:123) [ratis-thirdparty-misc-0.6.0-SNAPSHOT.jar:0.6.0-SNAPSHOT]
	at java.util.concurrent.ThreadPoolExecutor.runWorker(ThreadPoolExecutor.java:1149) [?:1.8.0_232]
	at java.util.concurrent.ThreadPoolExecutor$Worker.run(ThreadPoolExecutor.java:624) [?:1.8.0_232]
	at java.lang.Thread.run(Thread.java:748) [?:1.8.0_232]
2020-11-02 01:47:07,946 [grpc-default-executor-2] ERROR storage.BlockOutputStream (BlockOutputStream.java:lambda$writeChunkToContainer$3(685)) - writing chunk failed 105138200615452678_chunk_1 blockID conID: 3 locID: 105138200615452678 bcsId: 0 with exception org.apache.ratis.protocol.exceptions.StateMachineException: org.apache.hadoop.hdds.scm.container.common.helpers.ContainerNotOpenException from Server bb7e8155-091d-463f-8cd0-e09b5982d598@group-57803156DEFC: Container 3 in CLOSED state
2020-11-02 01:47:07,950 [grpc-default-executor-2] ERROR storage.BlockOutputStream (BlockOutputStream.java:lambda$writeChunkToContainer$3(685)) - writing chunk failed 105138200615452678_chunk_2 blockID conID: 3 locID: 105138200615452678 bcsId: 0 with exception org.apache.ratis.protocol.exceptions.StateMachineException: org.apache.hadoop.hdds.scm.container.common.helpers.ContainerNotOpenException from Server bb7e8155-091d-463f-8cd0-e09b5982d598@group-57803156DEFC: Container 3 in CLOSED state
2020-11-02 01:47:07,959 [grpc-default-executor-2] ERROR storage.BlockOutputStream (BlockOutputStream.java:lambda$writeChunkToContainer$3(685)) - writing chunk failed 105138200615452678_chunk_3 blockID conID: 3 locID: 105138200615452678 bcsId: 0 with exception org.apache.ratis.protocol.exceptions.StateMachineException: org.apache.hadoop.hdds.scm.container.common.helpers.ContainerNotOpenException from Server bb7e8155-091d-463f-8cd0-e09b5982d598@group-57803156DEFC: Container 3 in CLOSED state
2020-11-02 01:47:07,961 [grpc-default-executor-2] ERROR storage.BlockOutputStream (BlockOutputStream.java:lambda$writeChunkToContainer$3(685)) - writing chunk failed 105138200615452678_chunk_4 blockID conID: 3 locID: 105138200615452678 bcsId: 0 with exception org.apache.ratis.protocol.exceptions.StateMachineException: org.apache.hadoop.hdds.scm.container.common.helpers.ContainerNotOpenException from Server bb7e8155-091d-463f-8cd0-e09b5982d598@group-57803156DEFC: Container 3 in CLOSED state
2020-11-02 01:47:07,970 [Listener at 127.0.0.1/34381] INFO  io.BlockOutputStreamEntryPool (BlockOutputStreamEntryPool.java:allocateNewBlock(284)) - Allocating block with ExcludeList {datanodes = [], containerIds = [#1, #2, #3], pipelineIds = []}
2020-11-02 01:47:07,976 [Listener at 127.0.0.1/34381] INFO  metrics.RatisMetrics (RatisMetrics.java:lambda$create$0(36)) - Creating Metrics Registry : ratis.client_message_metrics.client-0567BF5B5187->deba329c-6360-4670-9ec9-a05e031d7f0d
2020-11-02 01:47:08,042 [Listener at 127.0.0.1/34381] INFO  ozone.MiniOzoneClusterImpl (MiniOzoneClusterImpl.java:shutdown(387)) - Shutting down the Mini Ozone Cluster
2020-11-02 01:47:08,042 [Listener at 127.0.0.1/34381] INFO  ozone.MiniOzoneClusterImpl (MiniOzoneClusterImpl.java:stop(402)) - Stopping the Mini Ozone Cluster
2020-11-02 01:47:08,042 [Listener at 127.0.0.1/34381] INFO  ozone.MiniOzoneClusterImpl (MiniOzoneClusterImpl.java:stopOM(484)) - Stopping the OzoneManager
2020-11-02 01:47:08,042 [Listener at 127.0.0.1/34381] INFO  ipc.Server (Server.java:stop(3359)) - Stopping server on 34381
2020-11-02 01:47:08,044 [IPC Server listener on 0] INFO  ipc.Server (Server.java:run(1330)) - Stopping IPC Server listener on 0
2020-11-02 01:47:08,044 [IPC Server Responder] INFO  ipc.Server (Server.java:run(1465)) - Stopping IPC Server Responder
2020-11-02 01:47:08,045 [Listener at 127.0.0.1/34381] INFO  ratis.OzoneManagerDoubleBuffer (OzoneManagerDoubleBuffer.java:stop(458)) - Stopping OMDoubleBuffer flush thread
2020-11-02 01:47:08,048 [OMDoubleBufferFlushThread] INFO  ratis.OzoneManagerDoubleBuffer (OzoneManagerDoubleBuffer.java:flushTransactions(357)) - OMDoubleBuffer flush thread OMDoubleBufferFlushThread is interrupted and will exit. OMDoubleBufferFlushThread
2020-11-02 01:47:08,048 [Listener at 127.0.0.1/34381] INFO  utils.BackgroundService (BackgroundService.java:shutdown(132)) - Shutting down service KeyDeletingService
2020-11-02 01:47:08,049 [Listener at 127.0.0.1/34381] INFO  handler.ContextHandler (ContextHandler.java:doStop(1016)) - Stopped o.e.j.w.WebAppContext@793b40bd{ozoneManager,/,null,UNAVAILABLE}{file:/github/workspace/mnt/ozone/hadoop-ozone/integration-test/target/test-classes/webapps/ozoneManager}
2020-11-02 01:47:08,050 [Listener at 127.0.0.1/34381] INFO  server.AbstractConnector (AbstractConnector.java:doStop(380)) - Stopped ServerConnector@56386a84{HTTP/1.1,[http/1.1]}{0.0.0.0:0}
2020-11-02 01:47:08,050 [Listener at 127.0.0.1/34381] INFO  server.session (HouseKeeper.java:stopScavenging(158)) - node0 Stopped scavenging
2020-11-02 01:47:08,050 [Listener at 127.0.0.1/34381] INFO  handler.ContextHandler (ContextHandler.java:doStop(1016)) - Stopped o.e.j.s.ServletContextHandler@3326efe{static,/static,file:///github/workspace/mnt/ozone/hadoop-ozone/integration-test/target/test-classes/webapps/static,UNAVAILABLE}
2020-11-02 01:47:08,050 [Listener at 127.0.0.1/34381] INFO  handler.ContextHandler (ContextHandler.java:doStop(1016)) - Stopped o.e.j.s.ServletContextHandler@5a01a951{logs,/logs,file:///github/workspace/mnt/ozone/hadoop-ozone/integration-test/target/log,UNAVAILABLE}
2020-11-02 01:47:08,053 [Listener at 127.0.0.1/34381] INFO  ozone.MiniOzoneClusterImpl (MiniOzoneClusterImpl.java:stopDatanodes(461)) - Stopping the HddsDatanodes
2020-11-02 01:47:08,273 [Datanode State Machine Thread - 0] INFO  statemachine.DatanodeStateMachine (DatanodeStateMachine.java:lambda$startDaemon$0(405)) - Ozone container server started.
2020-11-02 01:47:09,017 [Datanode State Machine Thread - 0] INFO  statemachine.DatanodeStateMachine (DatanodeStateMachine.java:lambda$startDaemon$0(405)) - Ozone container server started.
2020-11-02 01:47:13,054 [ForkJoinPool.commonPool-worker-1] INFO  ozoneimpl.OzoneContainer (OzoneContainer.java:stop(259)) - Attempting to stop container services.
2020-11-02 01:47:13,054 [Listener at 127.0.0.1/34381] INFO  ozoneimpl.OzoneContainer (OzoneContainer.java:stop(259)) - Attempting to stop container services.
2020-11-02 01:47:13,054 [Listener at 127.0.0.1/34381] INFO  impl.RaftServerProxy (RaftServerProxy.java:lambda$close$4(322)) - 7ab98594-cde6-4de5-8649-fca514c5537e: close
2020-11-02 01:47:13,054 [ForkJoinPool.commonPool-worker-1] INFO  impl.RaftServerProxy (RaftServerProxy.java:lambda$close$4(322)) - deba329c-6360-4670-9ec9-a05e031d7f0d: close
2020-11-02 01:47:13,054 [Listener at 127.0.0.1/34381] INFO  impl.RaftServerImpl (RaftServerImpl.java:lambda$shutdown$3(321)) - 7ab98594-cde6-4de5-8649-fca514c5537e@group-00D99F375ED9: shutdown
2020-11-02 01:47:13,054 [ForkJoinPool.commonPool-worker-1] INFO  impl.RaftServerImpl (RaftServerImpl.java:lambda$shutdown$3(321)) - deba329c-6360-4670-9ec9-a05e031d7f0d@group-8F399FD064EB: shutdown
2020-11-02 01:47:13,055 [Listener at 127.0.0.1/34381] INFO  util.JmxRegister (JmxRegister.java:unregister(73)) - Successfully un-registered JMX Bean with object name Ratis:service=RaftServer,group=group-00D99F375ED9,id=7ab98594-cde6-4de5-8649-fca514c5537e
2020-11-02 01:47:13,055 [Listener at 127.0.0.1/34381] INFO  impl.RoleInfo (RoleInfo.java:shutdownFollowerState(121)) - 7ab98594-cde6-4de5-8649-fca514c5537e: shutdown FollowerState
2020-11-02 01:47:13,055 [Listener at 127.0.0.1/34381] INFO  impl.StateMachineUpdater (StateMachineUpdater.java:stopAndJoin(142)) - 7ab98594-cde6-4de5-8649-fca514c5537e@group-00D99F375ED9-StateMachineUpdater: set stopIndex = 0
2020-11-02 01:47:13,055 [ForkJoinPool.commonPool-worker-1] INFO  util.JmxRegister (JmxRegister.java:unregister(73)) - Successfully un-registered JMX Bean with object name Ratis:service=RaftServer,group=group-8F399FD064EB,id=deba329c-6360-4670-9ec9-a05e031d7f0d
2020-11-02 01:47:13,056 [ForkJoinPool.commonPool-worker-1] INFO  impl.RoleInfo (RoleInfo.java:shutdownLeaderState(104)) - deba329c-6360-4670-9ec9-a05e031d7f0d: shutdown LeaderState
2020-11-02 01:47:13,055 [Thread-642] INFO  impl.FollowerState (FollowerState.java:run(117)) - 7ab98594-cde6-4de5-8649-fca514c5537e@group-00D99F375ED9-FollowerState was interrupted: java.lang.InterruptedException: sleep interrupted
2020-11-02 01:47:13,056 [ForkJoinPool.commonPool-worker-1] INFO  impl.PendingRequests (PendingRequests.java:sendNotLeaderResponses(249)) - deba329c-6360-4670-9ec9-a05e031d7f0d@group-8F399FD064EB-PendingRequests: sendNotLeaderResponses
2020-11-02 01:47:13,056 [7ab98594-cde6-4de5-8649-fca514c5537e@group-00D99F375ED9-StateMachineUpdater] INFO  ratis.ContainerStateMachine (ContainerStateMachine.java:takeSnapshot(293)) - group-00D99F375ED9: Taking a snapshot at:(t:1, i:0) file /github/workspace/mnt/ozone/hadoop-ozone/integration-test/target/test-dir/MiniOzoneClusterImpl-3e692a3b-ddb2-4690-9144-d4d1ad0fcef2/datanode-4/data/ratis/e76d23ac-d349-40a2-a30a-00d99f375ed9/sm/snapshot.1_0
2020-11-02 01:47:13,060 [7ab98594-cde6-4de5-8649-fca514c5537e@group-00D99F375ED9-StateMachineUpdater] INFO  ratis.ContainerStateMachine (ContainerStateMachine.java:takeSnapshot(304)) - group-00D99F375ED9: Finished taking a snapshot at:(t:1, i:0) file:/github/workspace/mnt/ozone/hadoop-ozone/integration-test/target/test-dir/MiniOzoneClusterImpl-3e692a3b-ddb2-4690-9144-d4d1ad0fcef2/datanode-4/data/ratis/e76d23ac-d349-40a2-a30a-00d99f375ed9/sm/snapshot.1_0 time:3
2020-11-02 01:47:13,060 [7ab98594-cde6-4de5-8649-fca514c5537e@group-00D99F375ED9-StateMachineUpdater] INFO  impl.StateMachineUpdater (StateMachineUpdater.java:takeSnapshot(277)) - 7ab98594-cde6-4de5-8649-fca514c5537e@group-00D99F375ED9-StateMachineUpdater: Took a snapshot at index 0
2020-11-02 01:47:13,060 [7ab98594-cde6-4de5-8649-fca514c5537e@group-00D99F375ED9-StateMachineUpdater] INFO  impl.StateMachineUpdater (StateMachineUpdater.java:lambda$new$0(87)) - 7ab98594-cde6-4de5-8649-fca514c5537e@group-00D99F375ED9-StateMachineUpdater: snapshotIndex: updateIncreasingly -1 -> 0
2020-11-02 01:47:13,060 [7ab98594-cde6-4de5-8649-fca514c5537e@group-00D99F375ED9-StateMachineUpdater] INFO  metrics.RatisMetrics (RatisMetrics.java:unregister(43)) - Unregistering Metrics Registry : ratis.state_machine.7ab98594-cde6-4de5-8649-fca514c5537e@group-00D99F375ED9
2020-11-02 01:47:13,060 [Listener at 127.0.0.1/34381] INFO  impl.RaftServerImpl (ServerState.java:close(405)) - 7ab98594-cde6-4de5-8649-fca514c5537e@group-00D99F375ED9: closes. applyIndex: 0
2020-11-02 01:47:13,061 [7ab98594-cde6-4de5-8649-fca514c5537e@group-00D99F375ED9-SegmentedRaftLogWorker] INFO  segmented.SegmentedRaftLogWorker (SegmentedRaftLogWorker.java:run(327)) - 7ab98594-cde6-4de5-8649-fca514c5537e@group-00D99F375ED9-SegmentedRaftLogWorker was interrupted, exiting. There are 0 tasks remaining in the queue.
2020-11-02 01:47:13,062 [Listener at 127.0.0.1/34381] INFO  segmented.SegmentedRaftLogWorker (SegmentedRaftLogWorker.java:close(234)) - 7ab98594-cde6-4de5-8649-fca514c5537e@group-00D99F375ED9-SegmentedRaftLogWorker close()
2020-11-02 01:47:13,063 [Listener at 127.0.0.1/34381] INFO  metrics.RatisMetrics (RatisMetrics.java:unregister(43)) - Unregistering Metrics Registry : ratis.log_worker.7ab98594-cde6-4de5-8649-fca514c5537e@group-00D99F375ED9
2020-11-02 01:47:13,064 [Listener at 127.0.0.1/34381] INFO  metrics.RatisMetrics (RatisMetrics.java:unregister(43)) - Unregistering Metrics Registry : ratis.leader_election.7ab98594-cde6-4de5-8649-fca514c5537e@group-00D99F375ED9
2020-11-02 01:47:13,065 [Listener at 127.0.0.1/34381] INFO  metrics.RatisMetrics (RatisMetrics.java:unregister(43)) - Unregistering Metrics Registry : ratis.server.7ab98594-cde6-4de5-8649-fca514c5537e@group-00D99F375ED9
2020-11-02 01:47:13,065 [Listener at 127.0.0.1/34381] INFO  impl.RaftServerImpl (RaftServerImpl.java:lambda$shutdown$3(321)) - 7ab98594-cde6-4de5-8649-fca514c5537e@group-0E1A91BAF846: shutdown
2020-11-02 01:47:13,066 [Listener at 127.0.0.1/34381] INFO  util.JmxRegister (JmxRegister.java:unregister(73)) - Successfully un-registered JMX Bean with object name Ratis:service=RaftServer,group=group-0E1A91BAF846,id=7ab98594-cde6-4de5-8649-fca514c5537e
2020-11-02 01:47:13,066 [Listener at 127.0.0.1/34381] INFO  impl.RoleInfo (RoleInfo.java:shutdownLeaderState(104)) - 7ab98594-cde6-4de5-8649-fca514c5537e: shutdown LeaderState
2020-11-02 01:47:13,064 [ForkJoinPool.commonPool-worker-1] INFO  metrics.RatisMetrics (RatisMetrics.java:unregister(43)) - Unregistering Metrics Registry : ratis.log_appender.deba329c-6360-4670-9ec9-a05e031d7f0d@group-8F399FD064EB
2020-11-02 01:47:13,067 [ForkJoinPool.commonPool-worker-1] INFO  metrics.RatisMetrics (RatisMetrics.java:unregister(43)) - Unregistering Metrics Registry : ratis.server.deba329c-6360-4670-9ec9-a05e031d7f0d@group-8F399FD064EB
2020-11-02 01:47:13,067 [ForkJoinPool.commonPool-worker-1] INFO  impl.StateMachineUpdater (StateMachineUpdater.java:stopAndJoin(142)) - deba329c-6360-4670-9ec9-a05e031d7f0d@group-8F399FD064EB-StateMachineUpdater: set stopIndex = 11
2020-11-02 01:47:13,066 [Listener at 127.0.0.1/34381] INFO  impl.PendingRequests (PendingRequests.java:sendNotLeaderResponses(249)) - 7ab98594-cde6-4de5-8649-fca514c5537e@group-0E1A91BAF846-PendingRequests: sendNotLeaderResponses
2020-11-02 01:47:13,067 [deba329c-6360-4670-9ec9-a05e031d7f0d@group-8F399FD064EB-StateMachineUpdater] INFO  ratis.ContainerStateMachine (ContainerStateMachine.java:takeSnapshot(293)) - group-8F399FD064EB: Taking a snapshot at:(t:1, i:11) file /github/workspace/mnt/ozone/hadoop-ozone/integration-test/target/test-dir/MiniOzoneClusterImpl-3e692a3b-ddb2-4690-9144-d4d1ad0fcef2/datanode-1/data/ratis/eb0b9b02-f44b-499e-8dea-8f399fd064eb/sm/snapshot.1_11
2020-11-02 01:47:13,068 [Listener at 127.0.0.1/34381] INFO  metrics.RatisMetrics (RatisMetrics.java:unregister(43)) - Unregistering Metrics Registry : ratis.log_appender.7ab98594-cde6-4de5-8649-fca514c5537e@group-0E1A91BAF846
2020-11-02 01:47:13,068 [Listener at 127.0.0.1/34381] INFO  metrics.RatisMetrics (RatisMetrics.java:unregister(43)) - Unregistering Metrics Registry : ratis.server.7ab98594-cde6-4de5-8649-fca514c5537e@group-0E1A91BAF846
2020-11-02 01:47:13,069 [7ab98594-cde6-4de5-8649-fca514c5537e@group-0E1A91BAF846-StateMachineUpdater] INFO  ratis.ContainerStateMachine (ContainerStateMachine.java:takeSnapshot(293)) - group-0E1A91BAF846: Taking a snapshot at:(t:1, i:0) file /github/workspace/mnt/ozone/hadoop-ozone/integration-test/target/test-dir/MiniOzoneClusterImpl-3e692a3b-ddb2-4690-9144-d4d1ad0fcef2/datanode-4/data/ratis/7b40e318-d3f2-48b5-9686-0e1a91baf846/sm/snapshot.1_0
2020-11-02 01:47:13,069 [Listener at 127.0.0.1/34381] INFO  impl.StateMachineUpdater (StateMachineUpdater.java:stopAndJoin(142)) - 7ab98594-cde6-4de5-8649-fca514c5537e@group-0E1A91BAF846-StateMachineUpdater: set stopIndex = 0
2020-11-02 01:47:13,070 [deba329c-6360-4670-9ec9-a05e031d7f0d@group-8F399FD064EB-StateMachineUpdater] INFO  ratis.ContainerStateMachine (ContainerStateMachine.java:takeSnapshot(304)) - group-8F399FD064EB: Finished taking a snapshot at:(t:1, i:11) file:/github/workspace/mnt/ozone/hadoop-ozone/integration-test/target/test-dir/MiniOzoneClusterImpl-3e692a3b-ddb2-4690-9144-d4d1ad0fcef2/datanode-1/data/ratis/eb0b9b02-f44b-499e-8dea-8f399fd064eb/sm/snapshot.1_11 time:2
2020-11-02 01:47:13,070 [deba329c-6360-4670-9ec9-a05e031d7f0d@group-8F399FD064EB-StateMachineUpdater] INFO  impl.StateMachineUpdater (StateMachineUpdater.java:takeSnapshot(277)) - deba329c-6360-4670-9ec9-a05e031d7f0d@group-8F399FD064EB-StateMachineUpdater: Took a snapshot at index 11
2020-11-02 01:47:13,070 [deba329c-6360-4670-9ec9-a05e031d7f0d@group-8F399FD064EB-StateMachineUpdater] INFO  impl.StateMachineUpdater (StateMachineUpdater.java:lambda$new$0(87)) - deba329c-6360-4670-9ec9-a05e031d7f0d@group-8F399FD064EB-StateMachineUpdater: snapshotIndex: updateIncreasingly -1 -> 11
2020-11-02 01:47:13,070 [deba329c-6360-4670-9ec9-a05e031d7f0d@group-8F399FD064EB-StateMachineUpdater] INFO  metrics.RatisMetrics (RatisMetrics.java:unregister(43)) - Unregistering Metrics Registry : ratis.state_machine.deba329c-6360-4670-9ec9-a05e031d7f0d@group-8F399FD064EB
2020-11-02 01:47:13,070 [7ab98594-cde6-4de5-8649-fca514c5537e@group-0E1A91BAF846-StateMachineUpdater] INFO  ratis.ContainerStateMachine (ContainerStateMachine.java:takeSnapshot(304)) - group-0E1A91BAF846: Finished taking a snapshot at:(t:1, i:0) file:/github/workspace/mnt/ozone/hadoop-ozone/integration-test/target/test-dir/MiniOzoneClusterImpl-3e692a3b-ddb2-4690-9144-d4d1ad0fcef2/datanode-4/data/ratis/7b40e318-d3f2-48b5-9686-0e1a91baf846/sm/snapshot.1_0 time:1
2020-11-02 01:47:13,070 [7ab98594-cde6-4de5-8649-fca514c5537e@group-0E1A91BAF846-StateMachineUpdater] INFO  impl.StateMachineUpdater (StateMachineUpdater.java:takeSnapshot(277)) - 7ab98594-cde6-4de5-8649-fca514c5537e@group-0E1A91BAF846-StateMachineUpdater: Took a snapshot at index 0
2020-11-02 01:47:13,070 [7ab98594-cde6-4de5-8649-fca514c5537e@group-0E1A91BAF846-StateMachineUpdater] INFO  impl.StateMachineUpdater (StateMachineUpdater.java:lambda$new$0(87)) - 7ab98594-cde6-4de5-8649-fca514c5537e@group-0E1A91BAF846-StateMachineUpdater: snapshotIndex: updateIncreasingly -1 -> 0
2020-11-02 01:47:13,071 [7ab98594-cde6-4de5-8649-fca514c5537e@group-0E1A91BAF846-StateMachineUpdater] INFO  metrics.RatisMetrics (RatisMetrics.java:unregister(43)) - Unregistering Metrics Registry : ratis.state_machine.7ab98594-cde6-4de5-8649-fca514c5537e@group-0E1A91BAF846
2020-11-02 01:47:13,071 [Listener at 127.0.0.1/34381] INFO  impl.RaftServerImpl (ServerState.java:close(405)) - 7ab98594-cde6-4de5-8649-fca514c5537e@group-0E1A91BAF846: closes. applyIndex: 0
2020-11-02 01:47:13,071 [ForkJoinPool.commonPool-worker-1] INFO  impl.RaftServerImpl (ServerState.java:close(405)) - deba329c-6360-4670-9ec9-a05e031d7f0d@group-8F399FD064EB: closes. applyIndex: 11
2020-11-02 01:47:13,071 [7ab98594-cde6-4de5-8649-fca514c5537e@group-0E1A91BAF846-SegmentedRaftLogWorker] INFO  segmented.SegmentedRaftLogWorker (SegmentedRaftLogWorker.java:run(327)) - 7ab98594-cde6-4de5-8649-fca514c5537e@group-0E1A91BAF846-SegmentedRaftLogWorker was interrupted, exiting. There are 0 tasks remaining in the queue.
2020-11-02 01:47:13,072 [deba329c-6360-4670-9ec9-a05e031d7f0d@group-8F399FD064EB-SegmentedRaftLogWorker] INFO  segmented.SegmentedRaftLogWorker (SegmentedRaftLogWorker.java:run(327)) - deba329c-6360-4670-9ec9-a05e031d7f0d@group-8F399FD064EB-SegmentedRaftLogWorker was interrupted, exiting. There are 0 tasks remaining in the queue.
2020-11-02 01:47:13,072 [Listener at 127.0.0.1/34381] INFO  segmented.SegmentedRaftLogWorker (SegmentedRaftLogWorker.java:close(234)) - 7ab98594-cde6-4de5-8649-fca514c5537e@group-0E1A91BAF846-SegmentedRaftLogWorker close()
2020-11-02 01:47:13,075 [ForkJoinPool.commonPool-worker-1] INFO  segmented.SegmentedRaftLogWorker (SegmentedRaftLogWorker.java:close(234)) - deba329c-6360-4670-9ec9-a05e031d7f0d@group-8F399FD064EB-SegmentedRaftLogWorker close()
2020-11-02 01:47:13,075 [Listener at 127.0.0.1/34381] INFO  metrics.RatisMetrics (RatisMetrics.java:unregister(43)) - Unregistering Metrics Registry : ratis.log_worker.7ab98594-cde6-4de5-8649-fca514c5537e@group-0E1A91BAF846
2020-11-02 01:47:13,075 [Listener at 127.0.0.1/34381] INFO  metrics.RatisMetrics (RatisMetrics.java:unregister(43)) - Unregistering Metrics Registry : ratis.leader_election.7ab98594-cde6-4de5-8649-fca514c5537e@group-0E1A91BAF846
2020-11-02 01:47:13,075 [Listener at 127.0.0.1/34381] INFO  metrics.RatisMetrics (RatisMetrics.java:unregister(43)) - Unregistering Metrics Registry : ratis.server.7ab98594-cde6-4de5-8649-fca514c5537e@group-0E1A91BAF846
2020-11-02 01:47:13,075 [Listener at 127.0.0.1/34381] INFO  server.GrpcService (GrpcService.java:closeImpl(183)) - 7ab98594-cde6-4de5-8649-fca514c5537e: shutdown server with port 40279 now
2020-11-02 01:47:13,076 [ForkJoinPool.commonPool-worker-1] INFO  metrics.RatisMetrics (RatisMetrics.java:unregister(43)) - Unregistering Metrics Registry : ratis.log_worker.deba329c-6360-4670-9ec9-a05e031d7f0d@group-8F399FD064EB
2020-11-02 01:47:13,076 [ForkJoinPool.commonPool-worker-1] INFO  metrics.RatisMetrics (RatisMetrics.java:unregister(43)) - Unregistering Metrics Registry : ratis.leader_election.deba329c-6360-4670-9ec9-a05e031d7f0d@group-8F399FD064EB
2020-11-02 01:47:13,077 [grpc-default-executor-2] WARN  server.GrpcServerProtocolService (LogUtils.java:warn(122)) - 7ab98594-cde6-4de5-8649-fca514c5537e: installSnapshot onError, lastRequest: bb7e8155-091d-463f-8cd0-e09b5982d598->7ab98594-cde6-4de5-8649-fca514c5537e#1-t1, previous=(t:0, i:0), leaderCommit=-1, initializing? false, entries: size=1, first=(t:1, i:0), CONFIGURATIONENTRY: org.apache.ratis.thirdparty.io.grpc.StatusRuntimeException: CANCELLED: cancelled before receiving half close
2020-11-02 01:47:13,077 [ForkJoinPool.commonPool-worker-1] INFO  metrics.RatisMetrics (RatisMetrics.java:unregister(43)) - Unregistering Metrics Registry : ratis.server.deba329c-6360-4670-9ec9-a05e031d7f0d@group-8F399FD064EB
2020-11-02 01:47:13,077 [ForkJoinPool.commonPool-worker-1] INFO  impl.RaftServerImpl (RaftServerImpl.java:lambda$shutdown$3(321)) - deba329c-6360-4670-9ec9-a05e031d7f0d@group-8FD204D29001: shutdown
2020-11-02 01:47:13,077 [ForkJoinPool.commonPool-worker-1] INFO  util.JmxRegister (JmxRegister.java:unregister(73)) - Successfully un-registered JMX Bean with object name Ratis:service=RaftServer,group=group-8FD204D29001,id=deba329c-6360-4670-9ec9-a05e031d7f0d
2020-11-02 01:47:13,077 [ForkJoinPool.commonPool-worker-1] INFO  impl.RoleInfo (RoleInfo.java:shutdownLeaderState(104)) - deba329c-6360-4670-9ec9-a05e031d7f0d: shutdown LeaderState
2020-11-02 01:47:13,085 [ForkJoinPool.commonPool-worker-1] INFO  metrics.RatisMetrics (RatisMetrics.java:unregister(43)) - Unregistering Metrics Registry : ratis_grpc.log_appender.deba329c-6360-4670-9ec9-a05e031d7f0d@group-8FD204D29001
2020-11-02 01:47:13,077 [Listener at 127.0.0.1/34381] INFO  server.GrpcService (GrpcService.java:closeImpl(191)) - 7ab98594-cde6-4de5-8649-fca514c5537e: shutdown server with port 40279 successfully
2020-11-02 01:47:13,077 [grpc-default-executor-0] WARN  server.GrpcLogAppender (LogUtils.java:warn(122)) - bb7e8155-091d-463f-8cd0-e09b5982d598@group-00D99F375ED9->7ab98594-cde6-4de5-8649-fca514c5537e-AppendLogResponseHandler: Failed appendEntries: org.apache.ratis.thirdparty.io.grpc.StatusRuntimeException: CANCELLED: HTTP/2 error code: CANCEL
Received Rst Stream
2020-11-02 01:47:13,086 [grpc-default-executor-0] WARN  server.GrpcLogAppender (GrpcLogAppender.java:resetClient(107)) - bb7e8155-091d-463f-8cd0-e09b5982d598@group-00D99F375ED9->7ab98594-cde6-4de5-8649-fca514c5537e-GrpcLogAppender: Leader has not got in touch with Follower bb7e8155-091d-463f-8cd0-e09b5982d598@group-00D99F375ED9->7ab98594-cde6-4de5-8649-fca514c5537e(c0,m0,n1, attendVote=true, lastRpcSendTime=406, lastRpcResponseTime=405) yet, just keep nextIndex unchanged and retry.
2020-11-02 01:47:13,086 [ForkJoinPool.commonPool-worker-1] INFO  metrics.RatisMetrics (RatisMetrics.java:unregister(43)) - Unregistering Metrics Registry : ratis_grpc.log_appender.deba329c-6360-4670-9ec9-a05e031d7f0d@group-8FD204D29001
2020-11-02 01:47:13,086 [org.apache.ratis.server.impl.LogAppender$AppenderDaemon$$Lambda$445/891899304@3bcfc0a3] WARN  server.GrpcLogAppender (GrpcLogAppender.java:mayWait(168)) - deba329c-6360-4670-9ec9-a05e031d7f0d@group-8FD204D29001->f4704367-9fd7-4d83-8836-3ce9ecc30269-GrpcLogAppender: Wait interrupted by java.lang.InterruptedException
2020-11-02 01:47:13,086 [ForkJoinPool.commonPool-worker-1] INFO  impl.PendingRequests (PendingRequests.java:sendNotLeaderResponses(249)) - deba329c-6360-4670-9ec9-a05e031d7f0d@group-8FD204D29001-PendingRequests: sendNotLeaderResponses
2020-11-02 01:47:13,087 [ForkJoinPool.commonPool-worker-1] INFO  metrics.RatisMetrics (RatisMetrics.java:unregister(43)) - Unregistering Metrics Registry : ratis.log_appender.deba329c-6360-4670-9ec9-a05e031d7f0d@group-8FD204D29001
2020-11-02 01:47:13,087 [ForkJoinPool.commonPool-worker-1] INFO  metrics.RatisMetrics (RatisMetrics.java:unregister(43)) - Unregistering Metrics Registry : ratis.server.deba329c-6360-4670-9ec9-a05e031d7f0d@group-8FD204D29001
2020-11-02 01:47:13,087 [org.apache.ratis.server.impl.LogAppender$AppenderDaemon$$Lambda$445/891899304@c56d0a5] WARN  server.GrpcLogAppender (GrpcLogAppender.java:mayWait(168)) - deba329c-6360-4670-9ec9-a05e031d7f0d@group-8FD204D29001->a229fafa-639a-4c6f-8207-366329f46569-GrpcLogAppender: Wait interrupted by java.lang.InterruptedException
2020-11-02 01:47:13,087 [ForkJoinPool.commonPool-worker-1] INFO  impl.StateMachineUpdater (StateMachineUpdater.java:stopAndJoin(142)) - deba329c-6360-4670-9ec9-a05e031d7f0d@group-8FD204D29001-StateMachineUpdater: set stopIndex = 0
2020-11-02 01:47:13,087 [grpc-default-executor-2] INFO  server.GrpcServerProtocolService (GrpcServerProtocolService.java:onCompleted(138)) - a229fafa-639a-4c6f-8207-366329f46569: Completed APPEND_ENTRIES, lastRequest: deba329c-6360-4670-9ec9-a05e031d7f0d->a229fafa-639a-4c6f-8207-366329f46569#1-t1, previous=(t:0, i:0), leaderCommit=0, initializing? false, entries: size=1, first=(t:1, i:0), CONFIGURATIONENTRY
2020-11-02 01:47:13,087 [grpc-default-executor-0] INFO  server.GrpcServerProtocolService (GrpcServerProtocolService.java:onCompleted(138)) - f4704367-9fd7-4d83-8836-3ce9ecc30269: Completed APPEND_ENTRIES, lastRequest: deba329c-6360-4670-9ec9-a05e031d7f0d->f4704367-9fd7-4d83-8836-3ce9ecc30269#1-t1, previous=(t:0, i:0), leaderCommit=0, initializing? false, entries: size=1, first=(t:1, i:0), CONFIGURATIONENTRY
2020-11-02 01:47:13,089 [Listener at 127.0.0.1/34381] INFO  utils.BackgroundService (BackgroundService.java:shutdown(132)) - Shutting down service BlockDeletingService
2020-11-02 01:47:13,089 [deba329c-6360-4670-9ec9-a05e031d7f0d@group-8FD204D29001-StateMachineUpdater] INFO  ratis.ContainerStateMachine (ContainerStateMachine.java:takeSnapshot(293)) - group-8FD204D29001: Taking a snapshot at:(t:1, i:0) file /github/workspace/mnt/ozone/hadoop-ozone/integration-test/target/test-dir/MiniOzoneClusterImpl-3e692a3b-ddb2-4690-9144-d4d1ad0fcef2/datanode-1/data/ratis/73159340-9494-496f-a1b4-8fd204d29001/sm/snapshot.1_0
2020-11-02 01:47:13,090 [deba329c-6360-4670-9ec9-a05e031d7f0d@group-8FD204D29001-StateMachineUpdater] INFO  ratis.ContainerStateMachine (ContainerStateMachine.java:takeSnapshot(304)) - group-8FD204D29001: Finished taking a snapshot at:(t:1, i:0) file:/github/workspace/mnt/ozone/hadoop-ozone/integration-test/target/test-dir/MiniOzoneClusterImpl-3e692a3b-ddb2-4690-9144-d4d1ad0fcef2/datanode-1/data/ratis/73159340-9494-496f-a1b4-8fd204d29001/sm/snapshot.1_0 time:1
2020-11-02 01:47:13,090 [deba329c-6360-4670-9ec9-a05e031d7f0d@group-8FD204D29001-StateMachineUpdater] INFO  impl.StateMachineUpdater (StateMachineUpdater.java:takeSnapshot(277)) - deba329c-6360-4670-9ec9-a05e031d7f0d@group-8FD204D29001-StateMachineUpdater: Took a snapshot at index 0
2020-11-02 01:47:13,090 [deba329c-6360-4670-9ec9-a05e031d7f0d@group-8FD204D29001-StateMachineUpdater] INFO  impl.StateMachineUpdater (StateMachineUpdater.java:lambda$new$0(87)) - deba329c-6360-4670-9ec9-a05e031d7f0d@group-8FD204D29001-StateMachineUpdater: snapshotIndex: updateIncreasingly -1 -> 0
2020-11-02 01:47:13,091 [deba329c-6360-4670-9ec9-a05e031d7f0d@group-8FD204D29001-StateMachineUpdater] INFO  metrics.RatisMetrics (RatisMetrics.java:unregister(43)) - Unregistering Metrics Registry : ratis.state_machine.deba329c-6360-4670-9ec9-a05e031d7f0d@group-8FD204D29001
2020-11-02 01:47:13,091 [ForkJoinPool.commonPool-worker-1] INFO  impl.RaftServerImpl (ServerState.java:close(405)) - deba329c-6360-4670-9ec9-a05e031d7f0d@group-8FD204D29001: closes. applyIndex: 0
2020-11-02 01:47:13,091 [deba329c-6360-4670-9ec9-a05e031d7f0d@group-8FD204D29001-SegmentedRaftLogWorker] INFO  segmented.SegmentedRaftLogWorker (SegmentedRaftLogWorker.java:run(327)) - deba329c-6360-4670-9ec9-a05e031d7f0d@group-8FD204D29001-SegmentedRaftLogWorker was interrupted, exiting. There are 0 tasks remaining in the queue.
2020-11-02 01:47:13,093 [Listener at 127.0.0.1/34381] INFO  statemachine.DatanodeStateMachine (DatanodeStateMachine.java:stopDaemon(453)) - Ozone container server stopped.
2020-11-02 01:47:13,097 [grpc-default-executor-2] INFO  server.GrpcLogAppender (GrpcLogAppender.java:onCompleted(336)) - deba329c-6360-4670-9ec9-a05e031d7f0d@group-8FD204D29001->f4704367-9fd7-4d83-8836-3ce9ecc30269-AppendLogResponseHandler: follower responses appendEntries COMPLETED
2020-11-02 01:47:13,098 [grpc-default-executor-2] INFO  impl.FollowerInfo (FollowerInfo.java:lambda$new$0(51)) - deba329c-6360-4670-9ec9-a05e031d7f0d@group-8FD204D29001->f4704367-9fd7-4d83-8836-3ce9ecc30269: nextIndex: updateUnconditionally 1 -> 0
2020-11-02 01:47:13,098 [grpc-default-executor-3] INFO  server.GrpcLogAppender (GrpcLogAppender.java:onCompleted(336)) - deba329c-6360-4670-9ec9-a05e031d7f0d@group-8FD204D29001->a229fafa-639a-4c6f-8207-366329f46569-AppendLogResponseHandler: follower responses appendEntries COMPLETED
2020-11-02 01:47:13,098 [ForkJoinPool.commonPool-worker-1] INFO  segmented.SegmentedRaftLogWorker (SegmentedRaftLogWorker.java:close(234)) - deba329c-6360-4670-9ec9-a05e031d7f0d@group-8FD204D29001-SegmentedRaftLogWorker close()
2020-11-02 01:47:13,098 [grpc-default-executor-3] INFO  impl.FollowerInfo (FollowerInfo.java:lambda$new$0(51)) - deba329c-6360-4670-9ec9-a05e031d7f0d@group-8FD204D29001->a229fafa-639a-4c6f-8207-366329f46569: nextIndex: updateUnconditionally 1 -> 0
2020-11-02 01:47:13,101 [ForkJoinPool.commonPool-worker-1] INFO  metrics.RatisMetrics (RatisMetrics.java:unregister(43)) - Unregistering Metrics Registry : ratis.log_worker.deba329c-6360-4670-9ec9-a05e031d7f0d@group-8FD204D29001
2020-11-02 01:47:13,101 [ForkJoinPool.commonPool-worker-1] INFO  metrics.RatisMetrics (RatisMetrics.java:unregister(43)) - Unregistering Metrics Registry : ratis.leader_election.deba329c-6360-4670-9ec9-a05e031d7f0d@group-8FD204D29001
2020-11-02 01:47:13,101 [ForkJoinPool.commonPool-worker-1] INFO  metrics.RatisMetrics (RatisMetrics.java:unregister(43)) - Unregistering Metrics Registry : ratis.server.deba329c-6360-4670-9ec9-a05e031d7f0d@group-8FD204D29001
2020-11-02 01:47:13,101 [ForkJoinPool.commonPool-worker-1] INFO  server.GrpcService (GrpcService.java:closeImpl(183)) - deba329c-6360-4670-9ec9-a05e031d7f0d: shutdown server with port 38233 now
2020-11-02 01:47:13,106 [Listener at 127.0.0.1/34381] INFO  handler.ContextHandler (ContextHandler.java:doStop(1016)) - Stopped o.e.j.w.WebAppContext@c0fa4b1{hddsDatanode,/,null,UNAVAILABLE}{jar:file:/home/user/.m2/repository/org/apache/hadoop/hadoop-hdds-container-service/1.1.0-SNAPSHOT/hadoop-hdds-container-service-1.1.0-SNAPSHOT.jar!/webapps/hddsDatanode}
2020-11-02 01:47:13,107 [Listener at 127.0.0.1/34381] INFO  server.AbstractConnector (AbstractConnector.java:doStop(380)) - Stopped ServerConnector@15cc2383{HTTP/1.1,[http/1.1]}{0.0.0.0:0}
2020-11-02 01:47:13,107 [Listener at 127.0.0.1/34381] INFO  server.session (HouseKeeper.java:stopScavenging(158)) - node0 Stopped scavenging
2020-11-02 01:47:13,107 [Listener at 127.0.0.1/34381] INFO  handler.ContextHandler (ContextHandler.java:doStop(1016)) - Stopped o.e.j.s.ServletContextHandler@6771d152{static,/static,jar:file:/home/user/.m2/repository/org/apache/hadoop/hadoop-hdds-container-service/1.1.0-SNAPSHOT/hadoop-hdds-container-service-1.1.0-SNAPSHOT.jar!/webapps/static,UNAVAILABLE}
2020-11-02 01:47:13,108 [Listener at 127.0.0.1/34381] INFO  handler.ContextHandler (ContextHandler.java:doStop(1016)) - Stopped o.e.j.s.ServletContextHandler@78b3cf02{logs,/logs,file:///github/workspace/mnt/ozone/hadoop-ozone/integration-test/target/log,UNAVAILABLE}
2020-11-02 01:47:13,111 [ForkJoinPool.commonPool-worker-1] INFO  server.GrpcService (GrpcService.java:closeImpl(191)) - deba329c-6360-4670-9ec9-a05e031d7f0d: shutdown server with port 38233 successfully
2020-11-02 01:47:13,113 [ForkJoinPool.commonPool-worker-1] INFO  utils.BackgroundService (BackgroundService.java:shutdown(132)) - Shutting down service BlockDeletingService
2020-11-02 01:47:13,114 [ForkJoinPool.commonPool-worker-1] INFO  statemachine.DatanodeStateMachine (DatanodeStateMachine.java:stopDaemon(453)) - Ozone container server stopped.
2020-11-02 01:47:13,123 [ForkJoinPool.commonPool-worker-1] INFO  handler.ContextHandler (ContextHandler.java:doStop(1016)) - Stopped o.e.j.w.WebAppContext@4cceabaa{hddsDatanode,/,null,UNAVAILABLE}{jar:file:/home/user/.m2/repository/org/apache/hadoop/hadoop-hdds-container-service/1.1.0-SNAPSHOT/hadoop-hdds-container-service-1.1.0-SNAPSHOT.jar!/webapps/hddsDatanode}
2020-11-02 01:47:13,124 [ForkJoinPool.commonPool-worker-1] INFO  server.AbstractConnector (AbstractConnector.java:doStop(380)) - Stopped ServerConnector@5b9bbb51{HTTP/1.1,[http/1.1]}{0.0.0.0:0}
2020-11-02 01:47:13,124 [ForkJoinPool.commonPool-worker-1] INFO  server.session (HouseKeeper.java:stopScavenging(158)) - node0 Stopped scavenging
2020-11-02 01:47:13,124 [ForkJoinPool.commonPool-worker-1] INFO  handler.ContextHandler (ContextHandler.java:doStop(1016)) - Stopped o.e.j.s.ServletContextHandler@34b11f50{static,/static,jar:file:/home/user/.m2/repository/org/apache/hadoop/hadoop-hdds-container-service/1.1.0-SNAPSHOT/hadoop-hdds-container-service-1.1.0-SNAPSHOT.jar!/webapps/static,UNAVAILABLE}
2020-11-02 01:47:13,125 [ForkJoinPool.commonPool-worker-1] INFO  handler.ContextHandler (ContextHandler.java:doStop(1016)) - Stopped o.e.j.s.ServletContextHandler@5c9543ca{logs,/logs,file:///github/workspace/mnt/ozone/hadoop-ozone/integration-test/target/log,UNAVAILABLE}
2020-11-02 01:47:13,714 [Datanode State Machine Thread - 0] INFO  statemachine.DatanodeStateMachine (DatanodeStateMachine.java:lambda$startDaemon$0(405)) - Ozone container server started.
2020-11-02 01:47:13,746 [Datanode State Machine Thread - 0] INFO  statemachine.DatanodeStateMachine (DatanodeStateMachine.java:lambda$startDaemon$0(405)) - Ozone container server started.
2020-11-02 01:47:15,184 [grpc-default-executor-0] WARN  server.GrpcLogAppender (LogUtils.java:warn(122)) - bb7e8155-091d-463f-8cd0-e09b5982d598@group-00D99F375ED9->7ab98594-cde6-4de5-8649-fca514c5537e-AppendLogResponseHandler: Failed appendEntries: org.apache.ratis.thirdparty.io.grpc.StatusRuntimeException: UNAVAILABLE: io exception
2020-11-02 01:47:15,184 [grpc-default-executor-0] WARN  server.GrpcLogAppender (GrpcLogAppender.java:resetClient(107)) - bb7e8155-091d-463f-8cd0-e09b5982d598@group-00D99F375ED9->7ab98594-cde6-4de5-8649-fca514c5537e-GrpcLogAppender: Leader has not got in touch with Follower bb7e8155-091d-463f-8cd0-e09b5982d598@group-00D99F375ED9->7ab98594-cde6-4de5-8649-fca514c5537e(c0,m0,n1, attendVote=true, lastRpcSendTime=1, lastRpcResponseTime=2503) yet, just keep nextIndex unchanged and retry.
2020-11-02 01:47:17,684 [grpc-default-executor-0] WARN  server.GrpcLogAppender (LogUtils.java:warn(122)) - bb7e8155-091d-463f-8cd0-e09b5982d598@group-00D99F375ED9->7ab98594-cde6-4de5-8649-fca514c5537e-AppendLogResponseHandler: Failed appendEntries: org.apache.ratis.thirdparty.io.grpc.StatusRuntimeException: UNAVAILABLE: io exception
2020-11-02 01:47:17,685 [grpc-default-executor-0] WARN  server.GrpcLogAppender (GrpcLogAppender.java:resetClient(107)) - bb7e8155-091d-463f-8cd0-e09b5982d598@group-00D99F375ED9->7ab98594-cde6-4de5-8649-fca514c5537e-GrpcLogAppender: Leader has not got in touch with Follower bb7e8155-091d-463f-8cd0-e09b5982d598@group-00D99F375ED9->7ab98594-cde6-4de5-8649-fca514c5537e(c0,m0,n1, attendVote=true, lastRpcSendTime=0, lastRpcResponseTime=5004) yet, just keep nextIndex unchanged and retry.
2020-11-02 01:47:18,110 [Listener at 127.0.0.1/34381] INFO  ozoneimpl.OzoneContainer (OzoneContainer.java:stop(259)) - Attempting to stop container services.
2020-11-02 01:47:18,110 [Listener at 127.0.0.1/34381] INFO  impl.RaftServerProxy (RaftServerProxy.java:lambda$close$4(322)) - bb7e8155-091d-463f-8cd0-e09b5982d598: close
2020-11-02 01:47:18,110 [Listener at 127.0.0.1/34381] INFO  impl.RaftServerImpl (RaftServerImpl.java:lambda$shutdown$3(321)) - bb7e8155-091d-463f-8cd0-e09b5982d598@group-00D99F375ED9: shutdown
2020-11-02 01:47:18,111 [Listener at 127.0.0.1/34381] INFO  util.JmxRegister (JmxRegister.java:unregister(73)) - Successfully un-registered JMX Bean with object name Ratis:service=RaftServer,group=group-00D99F375ED9,id=bb7e8155-091d-463f-8cd0-e09b5982d598
2020-11-02 01:47:18,111 [Listener at 127.0.0.1/34381] INFO  impl.RoleInfo (RoleInfo.java:shutdownLeaderState(104)) - bb7e8155-091d-463f-8cd0-e09b5982d598: shutdown LeaderState
2020-11-02 01:47:18,111 [Listener at 127.0.0.1/34381] INFO  metrics.RatisMetrics (RatisMetrics.java:unregister(43)) - Unregistering Metrics Registry : ratis_grpc.log_appender.bb7e8155-091d-463f-8cd0-e09b5982d598@group-00D99F375ED9
2020-11-02 01:47:18,111 [Listener at 127.0.0.1/34381] INFO  metrics.RatisMetrics (RatisMetrics.java:unregister(43)) - Unregistering Metrics Registry : ratis_grpc.log_appender.bb7e8155-091d-463f-8cd0-e09b5982d598@group-00D99F375ED9
2020-11-02 01:47:18,111 [org.apache.ratis.server.impl.LogAppender$AppenderDaemon$$Lambda$445/891899304@7fbcd65a] WARN  server.GrpcLogAppender (GrpcLogAppender.java:mayWait(168)) - bb7e8155-091d-463f-8cd0-e09b5982d598@group-00D99F375ED9->7ab98594-cde6-4de5-8649-fca514c5537e-GrpcLogAppender: Wait interrupted by java.lang.InterruptedException
2020-11-02 01:47:18,111 [org.apache.ratis.server.impl.LogAppender$AppenderDaemon$$Lambda$445/891899304@10673b30] WARN  server.GrpcLogAppender (GrpcLogAppender.java:mayWait(168)) - bb7e8155-091d-463f-8cd0-e09b5982d598@group-00D99F375ED9->3273682d-ecc6-428d-bb6c-acac935ad76d-GrpcLogAppender: Wait interrupted by java.lang.InterruptedException
2020-11-02 01:47:18,111 [Listener at 127.0.0.1/34381] INFO  impl.PendingRequests (PendingRequests.java:sendNotLeaderResponses(249)) - bb7e8155-091d-463f-8cd0-e09b5982d598@group-00D99F375ED9-PendingRequests: sendNotLeaderResponses
2020-11-02 01:47:18,115 [Listener at 127.0.0.1/34381] INFO  metrics.RatisMetrics (RatisMetrics.java:unregister(43)) - Unregistering Metrics Registry : ratis.log_appender.bb7e8155-091d-463f-8cd0-e09b5982d598@group-00D99F375ED9
2020-11-02 01:47:18,115 [Listener at 127.0.0.1/34381] INFO  metrics.RatisMetrics (RatisMetrics.java:unregister(43)) - Unregistering Metrics Registry : ratis.server.bb7e8155-091d-463f-8cd0-e09b5982d598@group-00D99F375ED9
2020-11-02 01:47:18,116 [Listener at 127.0.0.1/34381] INFO  impl.StateMachineUpdater (StateMachineUpdater.java:stopAndJoin(142)) - bb7e8155-091d-463f-8cd0-e09b5982d598@group-00D99F375ED9-StateMachineUpdater: set stopIndex = 0
2020-11-02 01:47:18,116 [bb7e8155-091d-463f-8cd0-e09b5982d598@group-00D99F375ED9-StateMachineUpdater] INFO  ratis.ContainerStateMachine (ContainerStateMachine.java:takeSnapshot(293)) - group-00D99F375ED9: Taking a snapshot at:(t:1, i:0) file /github/workspace/mnt/ozone/hadoop-ozone/integration-test/target/test-dir/MiniOzoneClusterImpl-3e692a3b-ddb2-4690-9144-d4d1ad0fcef2/datanode-3/data/ratis/e76d23ac-d349-40a2-a30a-00d99f375ed9/sm/snapshot.1_0
2020-11-02 01:47:18,117 [grpc-default-executor-0] INFO  server.GrpcServerProtocolService (GrpcServerProtocolService.java:onCompleted(138)) - 3273682d-ecc6-428d-bb6c-acac935ad76d: Completed APPEND_ENTRIES, lastRequest: bb7e8155-091d-463f-8cd0-e09b5982d598->3273682d-ecc6-428d-bb6c-acac935ad76d#1-t1, previous=(t:0, i:0), leaderCommit=0, initializing? false, entries: size=1, first=(t:1, i:0), CONFIGURATIONENTRY
2020-11-02 01:47:18,117 [bb7e8155-091d-463f-8cd0-e09b5982d598@group-00D99F375ED9-StateMachineUpdater] INFO  ratis.ContainerStateMachine (ContainerStateMachine.java:takeSnapshot(304)) - group-00D99F375ED9: Finished taking a snapshot at:(t:1, i:0) file:/github/workspace/mnt/ozone/hadoop-ozone/integration-test/target/test-dir/MiniOzoneClusterImpl-3e692a3b-ddb2-4690-9144-d4d1ad0fcef2/datanode-3/data/ratis/e76d23ac-d349-40a2-a30a-00d99f375ed9/sm/snapshot.1_0 time:1
2020-11-02 01:47:18,117 [bb7e8155-091d-463f-8cd0-e09b5982d598@group-00D99F375ED9-StateMachineUpdater] INFO  impl.StateMachineUpdater (StateMachineUpdater.java:takeSnapshot(277)) - bb7e8155-091d-463f-8cd0-e09b5982d598@group-00D99F375ED9-StateMachineUpdater: Took a snapshot at index 0
2020-11-02 01:47:18,117 [bb7e8155-091d-463f-8cd0-e09b5982d598@group-00D99F375ED9-StateMachineUpdater] INFO  impl.StateMachineUpdater (StateMachineUpdater.java:lambda$new$0(87)) - bb7e8155-091d-463f-8cd0-e09b5982d598@group-00D99F375ED9-StateMachineUpdater: snapshotIndex: updateIncreasingly -1 -> 0
2020-11-02 01:47:18,118 [bb7e8155-091d-463f-8cd0-e09b5982d598@group-00D99F375ED9-StateMachineUpdater] INFO  metrics.RatisMetrics (RatisMetrics.java:unregister(43)) - Unregistering Metrics Registry : ratis.state_machine.bb7e8155-091d-463f-8cd0-e09b5982d598@group-00D99F375ED9
2020-11-02 01:47:18,118 [grpc-default-executor-3] INFO  server.GrpcLogAppender (GrpcLogAppender.java:onCompleted(336)) - bb7e8155-091d-463f-8cd0-e09b5982d598@group-00D99F375ED9->3273682d-ecc6-428d-bb6c-acac935ad76d-AppendLogResponseHandler: follower responses appendEntries COMPLETED
2020-11-02 01:47:18,118 [grpc-default-executor-3] INFO  impl.FollowerInfo (FollowerInfo.java:lambda$new$0(51)) - bb7e8155-091d-463f-8cd0-e09b5982d598@group-00D99F375ED9->3273682d-ecc6-428d-bb6c-acac935ad76d: nextIndex: updateUnconditionally 1 -> 0
2020-11-02 01:47:18,119 [Listener at 127.0.0.1/34381] INFO  impl.RaftServerImpl (ServerState.java:close(405)) - bb7e8155-091d-463f-8cd0-e09b5982d598@group-00D99F375ED9: closes. applyIndex: 0
2020-11-02 01:47:18,120 [bb7e8155-091d-463f-8cd0-e09b5982d598@group-00D99F375ED9-SegmentedRaftLogWorker] INFO  segmented.SegmentedRaftLogWorker (SegmentedRaftLogWorker.java:run(327)) - bb7e8155-091d-463f-8cd0-e09b5982d598@group-00D99F375ED9-SegmentedRaftLogWorker was interrupted, exiting. There are 0 tasks remaining in the queue.
2020-11-02 01:47:18,121 [Listener at 127.0.0.1/34381] INFO  segmented.SegmentedRaftLogWorker (SegmentedRaftLogWorker.java:close(234)) - bb7e8155-091d-463f-8cd0-e09b5982d598@group-00D99F375ED9-SegmentedRaftLogWorker close()
2020-11-02 01:47:18,122 [Listener at 127.0.0.1/34381] INFO  metrics.RatisMetrics (RatisMetrics.java:unregister(43)) - Unregistering Metrics Registry : ratis.log_worker.bb7e8155-091d-463f-8cd0-e09b5982d598@group-00D99F375ED9
2020-11-02 01:47:18,122 [Listener at 127.0.0.1/34381] INFO  metrics.RatisMetrics (RatisMetrics.java:unregister(43)) - Unregistering Metrics Registry : ratis.leader_election.bb7e8155-091d-463f-8cd0-e09b5982d598@group-00D99F375ED9
2020-11-02 01:47:18,122 [Listener at 127.0.0.1/34381] INFO  metrics.RatisMetrics (RatisMetrics.java:unregister(43)) - Unregistering Metrics Registry : ratis.server.bb7e8155-091d-463f-8cd0-e09b5982d598@group-00D99F375ED9
2020-11-02 01:47:18,122 [Listener at 127.0.0.1/34381] INFO  impl.RaftServerImpl (RaftServerImpl.java:lambda$shutdown$3(321)) - bb7e8155-091d-463f-8cd0-e09b5982d598@group-57803156DEFC: shutdown
2020-11-02 01:47:18,122 [Listener at 127.0.0.1/34381] INFO  util.JmxRegister (JmxRegister.java:unregister(73)) - Successfully un-registered JMX Bean with object name Ratis:service=RaftServer,group=group-57803156DEFC,id=bb7e8155-091d-463f-8cd0-e09b5982d598
2020-11-02 01:47:18,122 [Listener at 127.0.0.1/34381] INFO  impl.RoleInfo (RoleInfo.java:shutdownLeaderState(104)) - bb7e8155-091d-463f-8cd0-e09b5982d598: shutdown LeaderState
2020-11-02 01:47:18,122 [Listener at 127.0.0.1/34381] INFO  impl.PendingRequests (PendingRequests.java:sendNotLeaderResponses(249)) - bb7e8155-091d-463f-8cd0-e09b5982d598@group-57803156DEFC-PendingRequests: sendNotLeaderResponses
2020-11-02 01:47:18,124 [Listener at 127.0.0.1/34381] INFO  metrics.RatisMetrics (RatisMetrics.java:unregister(43)) - Unregistering Metrics Registry : ratis.log_appender.bb7e8155-091d-463f-8cd0-e09b5982d598@group-57803156DEFC
2020-11-02 01:47:18,127 [ForkJoinPool.commonPool-worker-1] INFO  ozoneimpl.OzoneContainer (OzoneContainer.java:stop(259)) - Attempting to stop container services.
2020-11-02 01:47:18,129 [ForkJoinPool.commonPool-worker-1] INFO  impl.RaftServerProxy (RaftServerProxy.java:lambda$close$4(322)) - f4704367-9fd7-4d83-8836-3ce9ecc30269: close
2020-11-02 01:47:18,129 [ForkJoinPool.commonPool-worker-1] INFO  impl.RaftServerImpl (RaftServerImpl.java:lambda$shutdown$3(321)) - f4704367-9fd7-4d83-8836-3ce9ecc30269@group-290FE5556BA5: shutdown
2020-11-02 01:47:18,129 [ForkJoinPool.commonPool-worker-1] INFO  util.JmxRegister (JmxRegister.java:unregister(73)) - Successfully un-registered JMX Bean with object name Ratis:service=RaftServer,group=group-290FE5556BA5,id=f4704367-9fd7-4d83-8836-3ce9ecc30269
2020-11-02 01:47:18,129 [ForkJoinPool.commonPool-worker-1] INFO  impl.RoleInfo (RoleInfo.java:shutdownLeaderState(104)) - f4704367-9fd7-4d83-8836-3ce9ecc30269: shutdown LeaderState
2020-11-02 01:47:18,129 [ForkJoinPool.commonPool-worker-1] INFO  impl.PendingRequests (PendingRequests.java:sendNotLeaderResponses(249)) - f4704367-9fd7-4d83-8836-3ce9ecc30269@group-290FE5556BA5-PendingRequests: sendNotLeaderResponses
2020-11-02 01:47:18,130 [Listener at 127.0.0.1/34381] INFO  metrics.RatisMetrics (RatisMetrics.java:unregister(43)) - Unregistering Metrics Registry : ratis.server.bb7e8155-091d-463f-8cd0-e09b5982d598@group-57803156DEFC
2020-11-02 01:47:18,133 [ForkJoinPool.commonPool-worker-1] INFO  metrics.RatisMetrics (RatisMetrics.java:unregister(43)) - Unregistering Metrics Registry : ratis.log_appender.f4704367-9fd7-4d83-8836-3ce9ecc30269@group-290FE5556BA5
2020-11-02 01:47:18,133 [ForkJoinPool.commonPool-worker-1] INFO  metrics.RatisMetrics (RatisMetrics.java:unregister(43)) - Unregistering Metrics Registry : ratis.server.f4704367-9fd7-4d83-8836-3ce9ecc30269@group-290FE5556BA5
2020-11-02 01:47:18,134 [f4704367-9fd7-4d83-8836-3ce9ecc30269@group-290FE5556BA5-StateMachineUpdater] INFO  ratis.ContainerStateMachine (ContainerStateMachine.java:takeSnapshot(293)) - group-290FE5556BA5: Taking a snapshot at:(t:1, i:18) file /github/workspace/mnt/ozone/hadoop-ozone/integration-test/target/test-dir/MiniOzoneClusterImpl-3e692a3b-ddb2-4690-9144-d4d1ad0fcef2/datanode-2/data/ratis/34f557c2-05bd-4252-ba53-290fe5556ba5/sm/snapshot.1_18
2020-11-02 01:47:18,134 [ForkJoinPool.commonPool-worker-1] INFO  impl.StateMachineUpdater (StateMachineUpdater.java:stopAndJoin(142)) - f4704367-9fd7-4d83-8836-3ce9ecc30269@group-290FE5556BA5-StateMachineUpdater: set stopIndex = 18
2020-11-02 01:47:18,135 [f4704367-9fd7-4d83-8836-3ce9ecc30269@group-290FE5556BA5-StateMachineUpdater] INFO  ratis.ContainerStateMachine (ContainerStateMachine.java:takeSnapshot(304)) - group-290FE5556BA5: Finished taking a snapshot at:(t:1, i:18) file:/github/workspace/mnt/ozone/hadoop-ozone/integration-test/target/test-dir/MiniOzoneClusterImpl-3e692a3b-ddb2-4690-9144-d4d1ad0fcef2/datanode-2/data/ratis/34f557c2-05bd-4252-ba53-290fe5556ba5/sm/snapshot.1_18 time:1
2020-11-02 01:47:18,135 [f4704367-9fd7-4d83-8836-3ce9ecc30269@group-290FE5556BA5-StateMachineUpdater] INFO  impl.StateMachineUpdater (StateMachineUpdater.java:takeSnapshot(277)) - f4704367-9fd7-4d83-8836-3ce9ecc30269@group-290FE5556BA5-StateMachineUpdater: Took a snapshot at index 18
2020-11-02 01:47:18,136 [f4704367-9fd7-4d83-8836-3ce9ecc30269@group-290FE5556BA5-StateMachineUpdater] INFO  impl.StateMachineUpdater (StateMachineUpdater.java:lambda$new$0(87)) - f4704367-9fd7-4d83-8836-3ce9ecc30269@group-290FE5556BA5-StateMachineUpdater: snapshotIndex: updateIncreasingly -1 -> 18
2020-11-02 01:47:18,136 [f4704367-9fd7-4d83-8836-3ce9ecc30269@group-290FE5556BA5-StateMachineUpdater] INFO  metrics.RatisMetrics (RatisMetrics.java:unregister(43)) - Unregistering Metrics Registry : ratis.state_machine.f4704367-9fd7-4d83-8836-3ce9ecc30269@group-290FE5556BA5
2020-11-02 01:47:18,137 [Listener at 127.0.0.1/34381] INFO  impl.StateMachineUpdater (StateMachineUpdater.java:stopAndJoin(142)) - bb7e8155-091d-463f-8cd0-e09b5982d598@group-57803156DEFC-StateMachineUpdater: set stopIndex = 4
2020-11-02 01:47:18,137 [bb7e8155-091d-463f-8cd0-e09b5982d598@group-57803156DEFC-StateMachineUpdater] INFO  ratis.ContainerStateMachine (ContainerStateMachine.java:takeSnapshot(293)) - group-57803156DEFC: Taking a snapshot at:(t:1, i:4) file /github/workspace/mnt/ozone/hadoop-ozone/integration-test/target/test-dir/MiniOzoneClusterImpl-3e692a3b-ddb2-4690-9144-d4d1ad0fcef2/datanode-3/data/ratis/7290ff1d-5881-4170-8e6a-57803156defc/sm/snapshot.1_4
2020-11-02 01:47:18,137 [ForkJoinPool.commonPool-worker-1] INFO  impl.RaftServerImpl (ServerState.java:close(405)) - f4704367-9fd7-4d83-8836-3ce9ecc30269@group-290FE5556BA5: closes. applyIndex: 18
2020-11-02 01:47:18,137 [f4704367-9fd7-4d83-8836-3ce9ecc30269@group-290FE5556BA5-SegmentedRaftLogWorker] INFO  segmented.SegmentedRaftLogWorker (SegmentedRaftLogWorker.java:run(327)) - f4704367-9fd7-4d83-8836-3ce9ecc30269@group-290FE5556BA5-SegmentedRaftLogWorker was interrupted, exiting. There are 0 tasks remaining in the queue.
2020-11-02 01:47:18,139 [ForkJoinPool.commonPool-worker-1] INFO  segmented.SegmentedRaftLogWorker (SegmentedRaftLogWorker.java:close(234)) - f4704367-9fd7-4d83-8836-3ce9ecc30269@group-290FE5556BA5-SegmentedRaftLogWorker close()
2020-11-02 01:47:18,140 [ForkJoinPool.commonPool-worker-1] INFO  metrics.RatisMetrics (RatisMetrics.java:unregister(43)) - Unregistering Metrics Registry : ratis.log_worker.f4704367-9fd7-4d83-8836-3ce9ecc30269@group-290FE5556BA5
2020-11-02 01:47:18,141 [ForkJoinPool.commonPool-worker-1] INFO  metrics.RatisMetrics (RatisMetrics.java:unregister(43)) - Unregistering Metrics Registry : ratis.leader_election.f4704367-9fd7-4d83-8836-3ce9ecc30269@group-290FE5556BA5
2020-11-02 01:47:18,141 [ForkJoinPool.commonPool-worker-1] INFO  metrics.RatisMetrics (RatisMetrics.java:unregister(43)) - Unregistering Metrics Registry : ratis.server.f4704367-9fd7-4d83-8836-3ce9ecc30269@group-290FE5556BA5
2020-11-02 01:47:18,141 [ForkJoinPool.commonPool-worker-1] INFO  impl.RaftServerImpl (RaftServerImpl.java:lambda$shutdown$3(321)) - f4704367-9fd7-4d83-8836-3ce9ecc30269@group-8FD204D29001: shutdown
2020-11-02 01:47:18,141 [ForkJoinPool.commonPool-worker-1] INFO  util.JmxRegister (JmxRegister.java:unregister(73)) - Successfully un-registered JMX Bean with object name Ratis:service=RaftServer,group=group-8FD204D29001,id=f4704367-9fd7-4d83-8836-3ce9ecc30269
2020-11-02 01:47:18,141 [ForkJoinPool.commonPool-worker-1] INFO  impl.RoleInfo (RoleInfo.java:shutdownFollowerState(121)) - f4704367-9fd7-4d83-8836-3ce9ecc30269: shutdown FollowerState
2020-11-02 01:47:18,141 [Thread-620] INFO  impl.FollowerState (FollowerState.java:run(117)) - f4704367-9fd7-4d83-8836-3ce9ecc30269@group-8FD204D29001-FollowerState was interrupted: java.lang.InterruptedException: sleep interrupted
2020-11-02 01:47:18,141 [f4704367-9fd7-4d83-8836-3ce9ecc30269@group-8FD204D29001-StateMachineUpdater] INFO  ratis.ContainerStateMachine (ContainerStateMachine.java:takeSnapshot(293)) - group-8FD204D29001: Taking a snapshot at:(t:1, i:0) file /github/workspace/mnt/ozone/hadoop-ozone/integration-test/target/test-dir/MiniOzoneClusterImpl-3e692a3b-ddb2-4690-9144-d4d1ad0fcef2/datanode-2/data/ratis/73159340-9494-496f-a1b4-8fd204d29001/sm/snapshot.1_0
2020-11-02 01:47:18,142 [ForkJoinPool.commonPool-worker-1] INFO  impl.StateMachineUpdater (StateMachineUpdater.java:stopAndJoin(142)) - f4704367-9fd7-4d83-8836-3ce9ecc30269@group-8FD204D29001-StateMachineUpdater: set stopIndex = 0
2020-11-02 01:47:18,146 [bb7e8155-091d-463f-8cd0-e09b5982d598@group-57803156DEFC-StateMachineUpdater] INFO  ratis.ContainerStateMachine (ContainerStateMachine.java:takeSnapshot(304)) - group-57803156DEFC: Finished taking a snapshot at:(t:1, i:4) file:/github/workspace/mnt/ozone/hadoop-ozone/integration-test/target/test-dir/MiniOzoneClusterImpl-3e692a3b-ddb2-4690-9144-d4d1ad0fcef2/datanode-3/data/ratis/7290ff1d-5881-4170-8e6a-57803156defc/sm/snapshot.1_4 time:8
2020-11-02 01:47:18,146 [bb7e8155-091d-463f-8cd0-e09b5982d598@group-57803156DEFC-StateMachineUpdater] INFO  impl.StateMachineUpdater (StateMachineUpdater.java:takeSnapshot(277)) - bb7e8155-091d-463f-8cd0-e09b5982d598@group-57803156DEFC-StateMachineUpdater: Took a snapshot at index 4
2020-11-02 01:47:18,146 [bb7e8155-091d-463f-8cd0-e09b5982d598@group-57803156DEFC-StateMachineUpdater] INFO  impl.StateMachineUpdater (StateMachineUpdater.java:lambda$new$0(87)) - bb7e8155-091d-463f-8cd0-e09b5982d598@group-57803156DEFC-StateMachineUpdater: snapshotIndex: updateIncreasingly -1 -> 4
2020-11-02 01:47:18,146 [f4704367-9fd7-4d83-8836-3ce9ecc30269@group-8FD204D29001-StateMachineUpdater] INFO  ratis.ContainerStateMachine (ContainerStateMachine.java:takeSnapshot(304)) - group-8FD204D29001: Finished taking a snapshot at:(t:1, i:0) file:/github/workspace/mnt/ozone/hadoop-ozone/integration-test/target/test-dir/MiniOzoneClusterImpl-3e692a3b-ddb2-4690-9144-d4d1ad0fcef2/datanode-2/data/ratis/73159340-9494-496f-a1b4-8fd204d29001/sm/snapshot.1_0 time:5
2020-11-02 01:47:18,146 [bb7e8155-091d-463f-8cd0-e09b5982d598@group-57803156DEFC-StateMachineUpdater] INFO  metrics.RatisMetrics (RatisMetrics.java:unregister(43)) - Unregistering Metrics Registry : ratis.state_machine.bb7e8155-091d-463f-8cd0-e09b5982d598@group-57803156DEFC
2020-11-02 01:47:18,146 [f4704367-9fd7-4d83-8836-3ce9ecc30269@group-8FD204D29001-StateMachineUpdater] INFO  impl.StateMachineUpdater (StateMachineUpdater.java:takeSnapshot(277)) - f4704367-9fd7-4d83-8836-3ce9ecc30269@group-8FD204D29001-StateMachineUpdater: Took a snapshot at index 0
2020-11-02 01:47:18,146 [f4704367-9fd7-4d83-8836-3ce9ecc30269@group-8FD204D29001-StateMachineUpdater] INFO  impl.StateMachineUpdater (StateMachineUpdater.java:lambda$new$0(87)) - f4704367-9fd7-4d83-8836-3ce9ecc30269@group-8FD204D29001-StateMachineUpdater: snapshotIndex: updateIncreasingly -1 -> 0
2020-11-02 01:47:18,146 [Listener at 127.0.0.1/34381] INFO  impl.RaftServerImpl (ServerState.java:close(405)) - bb7e8155-091d-463f-8cd0-e09b5982d598@group-57803156DEFC: closes. applyIndex: 4
2020-11-02 01:47:18,146 [bb7e8155-091d-463f-8cd0-e09b5982d598@group-57803156DEFC-SegmentedRaftLogWorker] INFO  segmented.SegmentedRaftLogWorker (SegmentedRaftLogWorker.java:run(327)) - bb7e8155-091d-463f-8cd0-e09b5982d598@group-57803156DEFC-SegmentedRaftLogWorker was interrupted, exiting. There are 0 tasks remaining in the queue.
2020-11-02 01:47:18,146 [f4704367-9fd7-4d83-8836-3ce9ecc30269@group-8FD204D29001-StateMachineUpdater] INFO  metrics.RatisMetrics (RatisMetrics.java:unregister(43)) - Unregistering Metrics Registry : ratis.state_machine.f4704367-9fd7-4d83-8836-3ce9ecc30269@group-8FD204D29001
2020-11-02 01:47:18,147 [ForkJoinPool.commonPool-worker-1] INFO  impl.RaftServerImpl (ServerState.java:close(405)) - f4704367-9fd7-4d83-8836-3ce9ecc30269@group-8FD204D29001: closes. applyIndex: 0
2020-11-02 01:47:18,147 [f4704367-9fd7-4d83-8836-3ce9ecc30269@group-8FD204D29001-SegmentedRaftLogWorker] INFO  segmented.SegmentedRaftLogWorker (SegmentedRaftLogWorker.java:run(327)) - f4704367-9fd7-4d83-8836-3ce9ecc30269@group-8FD204D29001-SegmentedRaftLogWorker was interrupted, exiting. There are 0 tasks remaining in the queue.
2020-11-02 01:47:18,148 [Listener at 127.0.0.1/34381] INFO  segmented.SegmentedRaftLogWorker (SegmentedRaftLogWorker.java:close(234)) - bb7e8155-091d-463f-8cd0-e09b5982d598@group-57803156DEFC-SegmentedRaftLogWorker close()
2020-11-02 01:47:18,148 [ForkJoinPool.commonPool-worker-1] INFO  segmented.SegmentedRaftLogWorker (SegmentedRaftLogWorker.java:close(234)) - f4704367-9fd7-4d83-8836-3ce9ecc30269@group-8FD204D29001-SegmentedRaftLogWorker close()
2020-11-02 01:47:18,148 [Listener at 127.0.0.1/34381] INFO  metrics.RatisMetrics (RatisMetrics.java:unregister(43)) - Unregistering Metrics Registry : ratis.log_worker.bb7e8155-091d-463f-8cd0-e09b5982d598@group-57803156DEFC
2020-11-02 01:47:18,149 [Listener at 127.0.0.1/34381] INFO  metrics.RatisMetrics (RatisMetrics.java:unregister(43)) - Unregistering Metrics Registry : ratis.leader_election.bb7e8155-091d-463f-8cd0-e09b5982d598@group-57803156DEFC
2020-11-02 01:47:18,149 [Listener at 127.0.0.1/34381] INFO  metrics.RatisMetrics (RatisMetrics.java:unregister(43)) - Unregistering Metrics Registry : ratis.server.bb7e8155-091d-463f-8cd0-e09b5982d598@group-57803156DEFC
2020-11-02 01:47:18,149 [Listener at 127.0.0.1/34381] INFO  server.GrpcService (GrpcService.java:closeImpl(183)) - bb7e8155-091d-463f-8cd0-e09b5982d598: shutdown server with port 33293 now
2020-11-02 01:47:18,151 [ForkJoinPool.commonPool-worker-1] INFO  metrics.RatisMetrics (RatisMetrics.java:unregister(43)) - Unregistering Metrics Registry : ratis.log_worker.f4704367-9fd7-4d83-8836-3ce9ecc30269@group-8FD204D29001
2020-11-02 01:47:18,151 [ForkJoinPool.commonPool-worker-1] INFO  metrics.RatisMetrics (RatisMetrics.java:unregister(43)) - Unregistering Metrics Registry : ratis.leader_election.f4704367-9fd7-4d83-8836-3ce9ecc30269@group-8FD204D29001
2020-11-02 01:47:18,153 [ForkJoinPool.commonPool-worker-1] INFO  metrics.RatisMetrics (RatisMetrics.java:unregister(43)) - Unregistering Metrics Registry : ratis.server.f4704367-9fd7-4d83-8836-3ce9ecc30269@group-8FD204D29001
2020-11-02 01:47:18,154 [ForkJoinPool.commonPool-worker-1] INFO  server.GrpcService (GrpcService.java:closeImpl(183)) - f4704367-9fd7-4d83-8836-3ce9ecc30269: shutdown server with port 33199 now
2020-11-02 01:47:18,154 [Listener at 127.0.0.1/34381] INFO  server.GrpcService (GrpcService.java:closeImpl(191)) - bb7e8155-091d-463f-8cd0-e09b5982d598: shutdown server with port 33293 successfully
2020-11-02 01:47:18,155 [ForkJoinPool.commonPool-worker-1] INFO  server.GrpcService (GrpcService.java:closeImpl(191)) - f4704367-9fd7-4d83-8836-3ce9ecc30269: shutdown server with port 33199 successfully
2020-11-02 01:47:18,157 [Listener at 127.0.0.1/34381] INFO  utils.BackgroundService (BackgroundService.java:shutdown(132)) - Shutting down service BlockDeletingService
2020-11-02 01:47:18,160 [ForkJoinPool.commonPool-worker-1] INFO  utils.BackgroundService (BackgroundService.java:shutdown(132)) - Shutting down service BlockDeletingService
2020-11-02 01:47:18,160 [Listener at 127.0.0.1/34381] INFO  statemachine.DatanodeStateMachine (DatanodeStateMachine.java:stopDaemon(453)) - Ozone container server stopped.
2020-11-02 01:47:18,171 [Listener at 127.0.0.1/34381] INFO  handler.ContextHandler (ContextHandler.java:doStop(1016)) - Stopped o.e.j.w.WebAppContext@2534f6b4{hddsDatanode,/,null,UNAVAILABLE}{jar:file:/home/user/.m2/repository/org/apache/hadoop/hadoop-hdds-container-service/1.1.0-SNAPSHOT/hadoop-hdds-container-service-1.1.0-SNAPSHOT.jar!/webapps/hddsDatanode}
2020-11-02 01:47:18,173 [Listener at 127.0.0.1/34381] INFO  server.AbstractConnector (AbstractConnector.java:doStop(380)) - Stopped ServerConnector@6358d2a9{HTTP/1.1,[http/1.1]}{0.0.0.0:0}
2020-11-02 01:47:18,173 [ForkJoinPool.commonPool-worker-1] INFO  statemachine.DatanodeStateMachine (DatanodeStateMachine.java:stopDaemon(453)) - Ozone container server stopped.
2020-11-02 01:47:18,173 [Listener at 127.0.0.1/34381] INFO  server.session (HouseKeeper.java:stopScavenging(158)) - node0 Stopped scavenging
2020-11-02 01:47:18,173 [Listener at 127.0.0.1/34381] INFO  handler.ContextHandler (ContextHandler.java:doStop(1016)) - Stopped o.e.j.s.ServletContextHandler@2531c7f3{static,/static,jar:file:/home/user/.m2/repository/org/apache/hadoop/hadoop-hdds-container-service/1.1.0-SNAPSHOT/hadoop-hdds-container-service-1.1.0-SNAPSHOT.jar!/webapps/static,UNAVAILABLE}
2020-11-02 01:47:18,173 [Listener at 127.0.0.1/34381] INFO  handler.ContextHandler (ContextHandler.java:doStop(1016)) - Stopped o.e.j.s.ServletContextHandler@9bd372b{logs,/logs,file:///github/workspace/mnt/ozone/hadoop-ozone/integration-test/target/log,UNAVAILABLE}
2020-11-02 01:47:18,183 [ForkJoinPool.commonPool-worker-1] INFO  handler.ContextHandler (ContextHandler.java:doStop(1016)) - Stopped o.e.j.w.WebAppContext@58586c6b{hddsDatanode,/,null,UNAVAILABLE}{jar:file:/home/user/.m2/repository/org/apache/hadoop/hadoop-hdds-container-service/1.1.0-SNAPSHOT/hadoop-hdds-container-service-1.1.0-SNAPSHOT.jar!/webapps/hddsDatanode}
2020-11-02 01:47:18,183 [ForkJoinPool.commonPool-worker-1] INFO  server.AbstractConnector (AbstractConnector.java:doStop(380)) - Stopped ServerConnector@1dfd9d26{HTTP/1.1,[http/1.1]}{0.0.0.0:0}
2020-11-02 01:47:18,184 [ForkJoinPool.commonPool-worker-1] INFO  server.session (HouseKeeper.java:stopScavenging(158)) - node0 Stopped scavenging
2020-11-02 01:47:18,184 [ForkJoinPool.commonPool-worker-1] INFO  handler.ContextHandler (ContextHandler.java:doStop(1016)) - Stopped o.e.j.s.ServletContextHandler@16e78c29{static,/static,jar:file:/home/user/.m2/repository/org/apache/hadoop/hadoop-hdds-container-service/1.1.0-SNAPSHOT/hadoop-hdds-container-service-1.1.0-SNAPSHOT.jar!/webapps/static,UNAVAILABLE}
2020-11-02 01:47:18,185 [ForkJoinPool.commonPool-worker-1] INFO  handler.ContextHandler (ContextHandler.java:doStop(1016)) - Stopped o.e.j.s.ServletContextHandler@4b0e3d30{logs,/logs,file:///github/workspace/mnt/ozone/hadoop-ozone/integration-test/target/log,UNAVAILABLE}
2020-11-02 01:47:18,622 [Datanode State Machine Thread - 0] INFO  statemachine.DatanodeStateMachine (DatanodeStateMachine.java:lambda$startDaemon$0(405)) - Ozone container server started.
2020-11-02 01:47:18,792 [Datanode State Machine Thread - 0] INFO  statemachine.DatanodeStateMachine (DatanodeStateMachine.java:lambda$startDaemon$0(405)) - Ozone container server started.
2020-11-02 01:47:19,940 [Thread-621] INFO  impl.FollowerState (FollowerState.java:run(108)) - a229fafa-639a-4c6f-8207-366329f46569@group-8FD204D29001-FollowerState: change to CANDIDATE, lastRpcTime:7638ms, electionTimeout:5104ms
2020-11-02 01:47:19,940 [Thread-621] INFO  impl.RoleInfo (RoleInfo.java:shutdownFollowerState(121)) - a229fafa-639a-4c6f-8207-366329f46569: shutdown FollowerState
2020-11-02 01:47:19,940 [Thread-621] INFO  impl.RaftServerImpl (RaftServerImpl.java:setRole(198)) - a229fafa-639a-4c6f-8207-366329f46569@group-8FD204D29001: changes role from  FOLLOWER to CANDIDATE at term 1 for changeToCandidate
2020-11-02 01:47:19,940 [Thread-621] INFO  impl.RoleInfo (RoleInfo.java:updateAndGet(143)) - a229fafa-639a-4c6f-8207-366329f46569: start LeaderElection
2020-11-02 01:47:19,950 [a229fafa-639a-4c6f-8207-366329f46569@group-8FD204D29001-LeaderElection22] INFO  impl.RaftServerImpl (ServerState.java:setLeader(256)) - a229fafa-639a-4c6f-8207-366329f46569@group-8FD204D29001: change Leader from deba329c-6360-4670-9ec9-a05e031d7f0d to null at term 1 for initElection
2020-11-02 01:47:19,952 [a229fafa-639a-4c6f-8207-366329f46569@group-8FD204D29001-LeaderElection22] INFO  impl.LeaderElection (LeaderElection.java:askForVotes(210)) - a229fafa-639a-4c6f-8207-366329f46569@group-8FD204D29001-LeaderElection22: begin an election at term 2 for 0: [deba329c-6360-4670-9ec9-a05e031d7f0d:172.17.0.2:38233:0, f4704367-9fd7-4d83-8836-3ce9ecc30269:172.17.0.2:33199:0, a229fafa-639a-4c6f-8207-366329f46569:172.17.0.2:41847:0], old=null
2020-11-02 01:47:19,956 [a229fafa-639a-4c6f-8207-366329f46569@group-8FD204D29001-LeaderElection22] INFO  impl.LeaderElection (LogUtils.java:infoOrTrace(137)) - a229fafa-639a-4c6f-8207-366329f46569@group-8FD204D29001-LeaderElection22 got exception when requesting votes: java.util.concurrent.ExecutionException: org.apache.ratis.thirdparty.io.grpc.StatusRuntimeException: UNAVAILABLE: io exception
2020-11-02 01:47:19,957 [a229fafa-639a-4c6f-8207-366329f46569@group-8FD204D29001-LeaderElection22] INFO  impl.LeaderElection (LogUtils.java:infoOrTrace(137)) - a229fafa-639a-4c6f-8207-366329f46569@group-8FD204D29001-LeaderElection22 got exception when requesting votes: java.util.concurrent.ExecutionException: org.apache.ratis.thirdparty.io.grpc.StatusRuntimeException: UNAVAILABLE: io exception
2020-11-02 01:47:19,957 [a229fafa-639a-4c6f-8207-366329f46569@group-8FD204D29001-LeaderElection22] INFO  impl.LeaderElection (LeaderElection.java:logAndReturn(62)) - a229fafa-639a-4c6f-8207-366329f46569@group-8FD204D29001-LeaderElection22: Election REJECTED; received 0 response(s) [] and 2 exception(s); a229fafa-639a-4c6f-8207-366329f46569@group-8FD204D29001:t2, leader=null, voted=a229fafa-639a-4c6f-8207-366329f46569, raftlog=a229fafa-639a-4c6f-8207-366329f46569@group-8FD204D29001-SegmentedRaftLog:OPENED:c0,f0,i0, conf=0: [deba329c-6360-4670-9ec9-a05e031d7f0d:172.17.0.2:38233:0, f4704367-9fd7-4d83-8836-3ce9ecc30269:172.17.0.2:33199:0, a229fafa-639a-4c6f-8207-366329f46569:172.17.0.2:41847:0], old=null
2020-11-02 01:47:19,957 [a229fafa-639a-4c6f-8207-366329f46569@group-8FD204D29001-LeaderElection22] INFO  impl.LeaderElection (LogUtils.java:infoOrTrace(137)) -   Exception 0: java.util.concurrent.ExecutionException: org.apache.ratis.thirdparty.io.grpc.StatusRuntimeException: UNAVAILABLE: io exception
2020-11-02 01:47:19,957 [a229fafa-639a-4c6f-8207-366329f46569@group-8FD204D29001-LeaderElection22] INFO  impl.LeaderElection (LogUtils.java:infoOrTrace(137)) -   Exception 1: java.util.concurrent.ExecutionException: org.apache.ratis.thirdparty.io.grpc.StatusRuntimeException: UNAVAILABLE: io exception
2020-11-02 01:47:19,957 [a229fafa-639a-4c6f-8207-366329f46569@group-8FD204D29001-LeaderElection22] INFO  impl.RaftServerImpl (RaftServerImpl.java:setRole(198)) - a229fafa-639a-4c6f-8207-366329f46569@group-8FD204D29001: changes role from CANDIDATE to FOLLOWER at term 2 for DISCOVERED_A_NEW_TERM
2020-11-02 01:47:19,957 [a229fafa-639a-4c6f-8207-366329f46569@group-8FD204D29001-LeaderElection22] INFO  impl.RoleInfo (RoleInfo.java:shutdownLeaderElection(134)) - a229fafa-639a-4c6f-8207-366329f46569: shutdown LeaderElection
2020-11-02 01:47:19,957 [a229fafa-639a-4c6f-8207-366329f46569@group-8FD204D29001-LeaderElection22] INFO  impl.RoleInfo (RoleInfo.java:updateAndGet(143)) - a229fafa-639a-4c6f-8207-366329f46569: start FollowerState
2020-11-02 01:47:23,175 [Listener at 127.0.0.1/34381] INFO  ozoneimpl.OzoneContainer (OzoneContainer.java:stop(259)) - Attempting to stop container services.
2020-11-02 01:47:23,177 [Listener at 127.0.0.1/34381] INFO  impl.RaftServerProxy (RaftServerProxy.java:lambda$close$4(322)) - bfea4c38-3863-469c-a612-67521276e931: close
2020-11-02 01:47:23,177 [Listener at 127.0.0.1/34381] INFO  impl.RaftServerImpl (RaftServerImpl.java:lambda$shutdown$3(321)) - bfea4c38-3863-469c-a612-67521276e931@group-8A6E232A5E78: shutdown
2020-11-02 01:47:23,177 [Listener at 127.0.0.1/34381] INFO  util.JmxRegister (JmxRegister.java:unregister(73)) - Successfully un-registered JMX Bean with object name Ratis:service=RaftServer,group=group-8A6E232A5E78,id=bfea4c38-3863-469c-a612-67521276e931
2020-11-02 01:47:23,177 [Listener at 127.0.0.1/34381] INFO  impl.RoleInfo (RoleInfo.java:shutdownLeaderState(104)) - bfea4c38-3863-469c-a612-67521276e931: shutdown LeaderState
2020-11-02 01:47:23,177 [Listener at 127.0.0.1/34381] INFO  impl.PendingRequests (PendingRequests.java:sendNotLeaderResponses(249)) - bfea4c38-3863-469c-a612-67521276e931@group-8A6E232A5E78-PendingRequests: sendNotLeaderResponses
2020-11-02 01:47:23,178 [Listener at 127.0.0.1/34381] INFO  metrics.RatisMetrics (RatisMetrics.java:unregister(43)) - Unregistering Metrics Registry : ratis.log_appender.bfea4c38-3863-469c-a612-67521276e931@group-8A6E232A5E78
2020-11-02 01:47:23,178 [Listener at 127.0.0.1/34381] INFO  metrics.RatisMetrics (RatisMetrics.java:unregister(43)) - Unregistering Metrics Registry : ratis.server.bfea4c38-3863-469c-a612-67521276e931@group-8A6E232A5E78
2020-11-02 01:47:23,179 [Listener at 127.0.0.1/34381] INFO  impl.StateMachineUpdater (StateMachineUpdater.java:stopAndJoin(142)) - bfea4c38-3863-469c-a612-67521276e931@group-8A6E232A5E78-StateMachineUpdater: set stopIndex = 0
2020-11-02 01:47:23,179 [bfea4c38-3863-469c-a612-67521276e931@group-8A6E232A5E78-StateMachineUpdater] INFO  ratis.ContainerStateMachine (ContainerStateMachine.java:takeSnapshot(293)) - group-8A6E232A5E78: Taking a snapshot at:(t:1, i:0) file /github/workspace/mnt/ozone/hadoop-ozone/integration-test/target/test-dir/MiniOzoneClusterImpl-3e692a3b-ddb2-4690-9144-d4d1ad0fcef2/datanode-6/data/ratis/defff4ad-0259-4a79-9296-8a6e232a5e78/sm/snapshot.1_0
2020-11-02 01:47:23,180 [bfea4c38-3863-469c-a612-67521276e931@group-8A6E232A5E78-StateMachineUpdater] INFO  ratis.ContainerStateMachine (ContainerStateMachine.java:takeSnapshot(304)) - group-8A6E232A5E78: Finished taking a snapshot at:(t:1, i:0) file:/github/workspace/mnt/ozone/hadoop-ozone/integration-test/target/test-dir/MiniOzoneClusterImpl-3e692a3b-ddb2-4690-9144-d4d1ad0fcef2/datanode-6/data/ratis/defff4ad-0259-4a79-9296-8a6e232a5e78/sm/snapshot.1_0 time:1
2020-11-02 01:47:23,180 [bfea4c38-3863-469c-a612-67521276e931@group-8A6E232A5E78-StateMachineUpdater] INFO  impl.StateMachineUpdater (StateMachineUpdater.java:takeSnapshot(277)) - bfea4c38-3863-469c-a612-67521276e931@group-8A6E232A5E78-StateMachineUpdater: Took a snapshot at index 0
2020-11-02 01:47:23,181 [bfea4c38-3863-469c-a612-67521276e931@group-8A6E232A5E78-StateMachineUpdater] INFO  impl.StateMachineUpdater (StateMachineUpdater.java:lambda$new$0(87)) - bfea4c38-3863-469c-a612-67521276e931@group-8A6E232A5E78-StateMachineUpdater: snapshotIndex: updateIncreasingly -1 -> 0
2020-11-02 01:47:23,181 [bfea4c38-3863-469c-a612-67521276e931@group-8A6E232A5E78-StateMachineUpdater] INFO  metrics.RatisMetrics (RatisMetrics.java:unregister(43)) - Unregistering Metrics Registry : ratis.state_machine.bfea4c38-3863-469c-a612-67521276e931@group-8A6E232A5E78
2020-11-02 01:47:23,181 [Listener at 127.0.0.1/34381] INFO  impl.RaftServerImpl (ServerState.java:close(405)) - bfea4c38-3863-469c-a612-67521276e931@group-8A6E232A5E78: closes. applyIndex: 0
2020-11-02 01:47:23,181 [bfea4c38-3863-469c-a612-67521276e931@group-8A6E232A5E78-SegmentedRaftLogWorker] INFO  segmented.SegmentedRaftLogWorker (SegmentedRaftLogWorker.java:run(327)) - bfea4c38-3863-469c-a612-67521276e931@group-8A6E232A5E78-SegmentedRaftLogWorker was interrupted, exiting. There are 0 tasks remaining in the queue.
2020-11-02 01:47:23,182 [Listener at 127.0.0.1/34381] INFO  segmented.SegmentedRaftLogWorker (SegmentedRaftLogWorker.java:close(234)) - bfea4c38-3863-469c-a612-67521276e931@group-8A6E232A5E78-SegmentedRaftLogWorker close()
2020-11-02 01:47:23,183 [Listener at 127.0.0.1/34381] INFO  metrics.RatisMetrics (RatisMetrics.java:unregister(43)) - Unregistering Metrics Registry : ratis.log_worker.bfea4c38-3863-469c-a612-67521276e931@group-8A6E232A5E78
2020-11-02 01:47:23,183 [Listener at 127.0.0.1/34381] INFO  metrics.RatisMetrics (RatisMetrics.java:unregister(43)) - Unregistering Metrics Registry : ratis.leader_election.bfea4c38-3863-469c-a612-67521276e931@group-8A6E232A5E78
2020-11-02 01:47:23,183 [Listener at 127.0.0.1/34381] INFO  metrics.RatisMetrics (RatisMetrics.java:unregister(43)) - Unregistering Metrics Registry : ratis.server.bfea4c38-3863-469c-a612-67521276e931@group-8A6E232A5E78
2020-11-02 01:47:23,183 [Listener at 127.0.0.1/34381] INFO  server.GrpcService (GrpcService.java:closeImpl(183)) - bfea4c38-3863-469c-a612-67521276e931: shutdown server with port 38881 now
2020-11-02 01:47:23,186 [Listener at 127.0.0.1/34381] INFO  server.GrpcService (GrpcService.java:closeImpl(191)) - bfea4c38-3863-469c-a612-67521276e931: shutdown server with port 38881 successfully
2020-11-02 01:47:23,187 [ForkJoinPool.commonPool-worker-1] INFO  ozoneimpl.OzoneContainer (OzoneContainer.java:stop(259)) - Attempting to stop container services.
2020-11-02 01:47:23,187 [ForkJoinPool.commonPool-worker-1] INFO  impl.RaftServerProxy (RaftServerProxy.java:lambda$close$4(322)) - a229fafa-639a-4c6f-8207-366329f46569: close
2020-11-02 01:47:23,187 [ForkJoinPool.commonPool-worker-1] INFO  impl.RaftServerImpl (RaftServerImpl.java:lambda$shutdown$3(321)) - a229fafa-639a-4c6f-8207-366329f46569@group-8FD204D29001: shutdown
2020-11-02 01:47:23,188 [ForkJoinPool.commonPool-worker-1] INFO  util.JmxRegister (JmxRegister.java:unregister(73)) - Successfully un-registered JMX Bean with object name Ratis:service=RaftServer,group=group-8FD204D29001,id=a229fafa-639a-4c6f-8207-366329f46569
2020-11-02 01:47:23,188 [ForkJoinPool.commonPool-worker-1] INFO  impl.RoleInfo (RoleInfo.java:shutdownFollowerState(121)) - a229fafa-639a-4c6f-8207-366329f46569: shutdown FollowerState
2020-11-02 01:47:23,188 [ForkJoinPool.commonPool-worker-1] INFO  impl.StateMachineUpdater (StateMachineUpdater.java:stopAndJoin(142)) - a229fafa-639a-4c6f-8207-366329f46569@group-8FD204D29001-StateMachineUpdater: set stopIndex = 0
2020-11-02 01:47:23,188 [Thread-724] INFO  impl.FollowerState (FollowerState.java:run(117)) - a229fafa-639a-4c6f-8207-366329f46569@group-8FD204D29001-FollowerState was interrupted: java.lang.InterruptedException: sleep interrupted
2020-11-02 01:47:23,188 [a229fafa-639a-4c6f-8207-366329f46569@group-8FD204D29001-StateMachineUpdater] INFO  ratis.ContainerStateMachine (ContainerStateMachine.java:takeSnapshot(293)) - group-8FD204D29001: Taking a snapshot at:(t:1, i:0) file /github/workspace/mnt/ozone/hadoop-ozone/integration-test/target/test-dir/MiniOzoneClusterImpl-3e692a3b-ddb2-4690-9144-d4d1ad0fcef2/datanode-0/data/ratis/73159340-9494-496f-a1b4-8fd204d29001/sm/snapshot.1_0
2020-11-02 01:47:23,189 [a229fafa-639a-4c6f-8207-366329f46569@group-8FD204D29001-StateMachineUpdater] INFO  ratis.ContainerStateMachine (ContainerStateMachine.java:takeSnapshot(304)) - group-8FD204D29001: Finished taking a snapshot at:(t:1, i:0) file:/github/workspace/mnt/ozone/hadoop-ozone/integration-test/target/test-dir/MiniOzoneClusterImpl-3e692a3b-ddb2-4690-9144-d4d1ad0fcef2/datanode-0/data/ratis/73159340-9494-496f-a1b4-8fd204d29001/sm/snapshot.1_0 time:1
2020-11-02 01:47:23,189 [a229fafa-639a-4c6f-8207-366329f46569@group-8FD204D29001-StateMachineUpdater] INFO  impl.StateMachineUpdater (StateMachineUpdater.java:takeSnapshot(277)) - a229fafa-639a-4c6f-8207-366329f46569@group-8FD204D29001-StateMachineUpdater: Took a snapshot at index 0
2020-11-02 01:47:23,189 [a229fafa-639a-4c6f-8207-366329f46569@group-8FD204D29001-StateMachineUpdater] INFO  impl.StateMachineUpdater (StateMachineUpdater.java:lambda$new$0(87)) - a229fafa-639a-4c6f-8207-366329f46569@group-8FD204D29001-StateMachineUpdater: snapshotIndex: updateIncreasingly -1 -> 0
2020-11-02 01:47:23,189 [a229fafa-639a-4c6f-8207-366329f46569@group-8FD204D29001-StateMachineUpdater] INFO  metrics.RatisMetrics (RatisMetrics.java:unregister(43)) - Unregistering Metrics Registry : ratis.state_machine.a229fafa-639a-4c6f-8207-366329f46569@group-8FD204D29001
2020-11-02 01:47:23,189 [ForkJoinPool.commonPool-worker-1] INFO  impl.RaftServerImpl (ServerState.java:close(405)) - a229fafa-639a-4c6f-8207-366329f46569@group-8FD204D29001: closes. applyIndex: 0
2020-11-02 01:47:23,190 [a229fafa-639a-4c6f-8207-366329f46569@group-8FD204D29001-SegmentedRaftLogWorker] INFO  segmented.SegmentedRaftLogWorker (SegmentedRaftLogWorker.java:run(327)) - a229fafa-639a-4c6f-8207-366329f46569@group-8FD204D29001-SegmentedRaftLogWorker was interrupted, exiting. There are 0 tasks remaining in the queue.
2020-11-02 01:47:23,190 [ForkJoinPool.commonPool-worker-1] INFO  segmented.SegmentedRaftLogWorker (SegmentedRaftLogWorker.java:close(234)) - a229fafa-639a-4c6f-8207-366329f46569@group-8FD204D29001-SegmentedRaftLogWorker close()
2020-11-02 01:47:23,192 [ForkJoinPool.commonPool-worker-1] INFO  metrics.RatisMetrics (RatisMetrics.java:unregister(43)) - Unregistering Metrics Registry : ratis.log_worker.a229fafa-639a-4c6f-8207-366329f46569@group-8FD204D29001
2020-11-02 01:47:23,192 [ForkJoinPool.commonPool-worker-1] INFO  metrics.RatisMetrics (RatisMetrics.java:unregister(43)) - Unregistering Metrics Registry : ratis.leader_election.a229fafa-639a-4c6f-8207-366329f46569@group-8FD204D29001
2020-11-02 01:47:23,192 [ForkJoinPool.commonPool-worker-1] INFO  metrics.RatisMetrics (RatisMetrics.java:unregister(43)) - Unregistering Metrics Registry : ratis.server.a229fafa-639a-4c6f-8207-366329f46569@group-8FD204D29001
2020-11-02 01:47:23,192 [ForkJoinPool.commonPool-worker-1] INFO  impl.RaftServerImpl (RaftServerImpl.java:lambda$shutdown$3(321)) - a229fafa-639a-4c6f-8207-366329f46569@group-21B8055BAC19: shutdown
2020-11-02 01:47:23,192 [ForkJoinPool.commonPool-worker-1] INFO  util.JmxRegister (JmxRegister.java:unregister(73)) - Successfully un-registered JMX Bean with object name Ratis:service=RaftServer,group=group-21B8055BAC19,id=a229fafa-639a-4c6f-8207-366329f46569
2020-11-02 01:47:23,192 [ForkJoinPool.commonPool-worker-1] INFO  impl.RoleInfo (RoleInfo.java:shutdownLeaderState(104)) - a229fafa-639a-4c6f-8207-366329f46569: shutdown LeaderState
2020-11-02 01:47:23,193 [ForkJoinPool.commonPool-worker-1] INFO  impl.PendingRequests (PendingRequests.java:sendNotLeaderResponses(249)) - a229fafa-639a-4c6f-8207-366329f46569@group-21B8055BAC19-PendingRequests: sendNotLeaderResponses
2020-11-02 01:47:23,193 [ForkJoinPool.commonPool-worker-1] INFO  metrics.RatisMetrics (RatisMetrics.java:unregister(43)) - Unregistering Metrics Registry : ratis.log_appender.a229fafa-639a-4c6f-8207-366329f46569@group-21B8055BAC19
2020-11-02 01:47:23,193 [ForkJoinPool.commonPool-worker-1] INFO  metrics.RatisMetrics (RatisMetrics.java:unregister(43)) - Unregistering Metrics Registry : ratis.server.a229fafa-639a-4c6f-8207-366329f46569@group-21B8055BAC19
2020-11-02 01:47:23,194 [a229fafa-639a-4c6f-8207-366329f46569@group-21B8055BAC19-StateMachineUpdater] INFO  ratis.ContainerStateMachine (ContainerStateMachine.java:takeSnapshot(293)) - group-21B8055BAC19: Taking a snapshot at:(t:1, i:0) file /github/workspace/mnt/ozone/hadoop-ozone/integration-test/target/test-dir/MiniOzoneClusterImpl-3e692a3b-ddb2-4690-9144-d4d1ad0fcef2/datanode-0/data/ratis/f7f354b5-5257-40ca-9ade-21b8055bac19/sm/snapshot.1_0
2020-11-02 01:47:23,194 [ForkJoinPool.commonPool-worker-1] INFO  impl.StateMachineUpdater (StateMachineUpdater.java:stopAndJoin(142)) - a229fafa-639a-4c6f-8207-366329f46569@group-21B8055BAC19-StateMachineUpdater: set stopIndex = 0
2020-11-02 01:47:23,194 [a229fafa-639a-4c6f-8207-366329f46569@group-21B8055BAC19-StateMachineUpdater] INFO  ratis.ContainerStateMachine (ContainerStateMachine.java:takeSnapshot(304)) - group-21B8055BAC19: Finished taking a snapshot at:(t:1, i:0) file:/github/workspace/mnt/ozone/hadoop-ozone/integration-test/target/test-dir/MiniOzoneClusterImpl-3e692a3b-ddb2-4690-9144-d4d1ad0fcef2/datanode-0/data/ratis/f7f354b5-5257-40ca-9ade-21b8055bac19/sm/snapshot.1_0 time:1
2020-11-02 01:47:23,194 [a229fafa-639a-4c6f-8207-366329f46569@group-21B8055BAC19-StateMachineUpdater] INFO  impl.StateMachineUpdater (StateMachineUpdater.java:takeSnapshot(277)) - a229fafa-639a-4c6f-8207-366329f46569@group-21B8055BAC19-StateMachineUpdater: Took a snapshot at index 0
2020-11-02 01:47:23,195 [a229fafa-639a-4c6f-8207-366329f46569@group-21B8055BAC19-StateMachineUpdater] INFO  impl.StateMachineUpdater (StateMachineUpdater.java:lambda$new$0(87)) - a229fafa-639a-4c6f-8207-366329f46569@group-21B8055BAC19-StateMachineUpdater: snapshotIndex: updateIncreasingly -1 -> 0
2020-11-02 01:47:23,195 [a229fafa-639a-4c6f-8207-366329f46569@group-21B8055BAC19-StateMachineUpdater] INFO  metrics.RatisMetrics (RatisMetrics.java:unregister(43)) - Unregistering Metrics Registry : ratis.state_machine.a229fafa-639a-4c6f-8207-366329f46569@group-21B8055BAC19
2020-11-02 01:47:23,195 [ForkJoinPool.commonPool-worker-1] INFO  impl.RaftServerImpl (ServerState.java:close(405)) - a229fafa-639a-4c6f-8207-366329f46569@group-21B8055BAC19: closes. applyIndex: 0
2020-11-02 01:47:23,197 [a229fafa-639a-4c6f-8207-366329f46569@group-21B8055BAC19-SegmentedRaftLogWorker] INFO  segmented.SegmentedRaftLogWorker (SegmentedRaftLogWorker.java:run(327)) - a229fafa-639a-4c6f-8207-366329f46569@group-21B8055BAC19-SegmentedRaftLogWorker was interrupted, exiting. There are 0 tasks remaining in the queue.
2020-11-02 01:47:23,197 [Listener at 127.0.0.1/34381] INFO  utils.BackgroundService (BackgroundService.java:shutdown(132)) - Shutting down service BlockDeletingService
2020-11-02 01:47:23,198 [ForkJoinPool.commonPool-worker-1] INFO  segmented.SegmentedRaftLogWorker (SegmentedRaftLogWorker.java:close(234)) - a229fafa-639a-4c6f-8207-366329f46569@group-21B8055BAC19-SegmentedRaftLogWorker close()
2020-11-02 01:47:23,198 [ForkJoinPool.commonPool-worker-1] INFO  metrics.RatisMetrics (RatisMetrics.java:unregister(43)) - Unregistering Metrics Registry : ratis.log_worker.a229fafa-639a-4c6f-8207-366329f46569@group-21B8055BAC19
2020-11-02 01:47:23,198 [ForkJoinPool.commonPool-worker-1] INFO  metrics.RatisMetrics (RatisMetrics.java:unregister(43)) - Unregistering Metrics Registry : ratis.leader_election.a229fafa-639a-4c6f-8207-366329f46569@group-21B8055BAC19
2020-11-02 01:47:23,201 [ForkJoinPool.commonPool-worker-1] INFO  metrics.RatisMetrics (RatisMetrics.java:unregister(43)) - Unregistering Metrics Registry : ratis.server.a229fafa-639a-4c6f-8207-366329f46569@group-21B8055BAC19
2020-11-02 01:47:23,201 [ForkJoinPool.commonPool-worker-1] INFO  server.GrpcService (GrpcService.java:closeImpl(183)) - a229fafa-639a-4c6f-8207-366329f46569: shutdown server with port 41847 now
2020-11-02 01:47:23,202 [Listener at 127.0.0.1/34381] INFO  statemachine.DatanodeStateMachine (DatanodeStateMachine.java:stopDaemon(453)) - Ozone container server stopped.
2020-11-02 01:47:23,213 [ForkJoinPool.commonPool-worker-1] INFO  server.GrpcService (GrpcService.java:closeImpl(191)) - a229fafa-639a-4c6f-8207-366329f46569: shutdown server with port 41847 successfully
2020-11-02 01:47:23,214 [ForkJoinPool.commonPool-worker-1] INFO  utils.BackgroundService (BackgroundService.java:shutdown(132)) - Shutting down service BlockDeletingService
2020-11-02 01:47:23,215 [ForkJoinPool.commonPool-worker-1] INFO  statemachine.DatanodeStateMachine (DatanodeStateMachine.java:stopDaemon(453)) - Ozone container server stopped.
2020-11-02 01:47:23,221 [Listener at 127.0.0.1/34381] INFO  handler.ContextHandler (ContextHandler.java:doStop(1016)) - Stopped o.e.j.w.WebAppContext@65e3999a{hddsDatanode,/,null,UNAVAILABLE}{jar:file:/home/user/.m2/repository/org/apache/hadoop/hadoop-hdds-container-service/1.1.0-SNAPSHOT/hadoop-hdds-container-service-1.1.0-SNAPSHOT.jar!/webapps/hddsDatanode}
2020-11-02 01:47:23,221 [Listener at 127.0.0.1/34381] INFO  server.AbstractConnector (AbstractConnector.java:doStop(380)) - Stopped ServerConnector@15967e55{HTTP/1.1,[http/1.1]}{0.0.0.0:0}
2020-11-02 01:47:23,222 [Listener at 127.0.0.1/34381] INFO  server.session (HouseKeeper.java:stopScavenging(158)) - node0 Stopped scavenging
2020-11-02 01:47:23,222 [Listener at 127.0.0.1/34381] INFO  handler.ContextHandler (ContextHandler.java:doStop(1016)) - Stopped o.e.j.s.ServletContextHandler@2c867d28{static,/static,jar:file:/home/user/.m2/repository/org/apache/hadoop/hadoop-hdds-container-service/1.1.0-SNAPSHOT/hadoop-hdds-container-service-1.1.0-SNAPSHOT.jar!/webapps/static,UNAVAILABLE}
2020-11-02 01:47:23,223 [Listener at 127.0.0.1/34381] INFO  handler.ContextHandler (ContextHandler.java:doStop(1016)) - Stopped o.e.j.s.ServletContextHandler@85a19cc{logs,/logs,file:///github/workspace/mnt/ozone/hadoop-ozone/integration-test/target/log,UNAVAILABLE}
2020-11-02 01:47:23,226 [ForkJoinPool.commonPool-worker-1] INFO  handler.ContextHandler (ContextHandler.java:doStop(1016)) - Stopped o.e.j.w.WebAppContext@540674a7{hddsDatanode,/,null,UNAVAILABLE}{jar:file:/home/user/.m2/repository/org/apache/hadoop/hadoop-hdds-container-service/1.1.0-SNAPSHOT/hadoop-hdds-container-service-1.1.0-SNAPSHOT.jar!/webapps/hddsDatanode}
2020-11-02 01:47:23,227 [ForkJoinPool.commonPool-worker-1] INFO  server.AbstractConnector (AbstractConnector.java:doStop(380)) - Stopped ServerConnector@3a262c74{HTTP/1.1,[http/1.1]}{0.0.0.0:0}
2020-11-02 01:47:23,227 [ForkJoinPool.commonPool-worker-1] INFO  server.session (HouseKeeper.java:stopScavenging(158)) - node0 Stopped scavenging
2020-11-02 01:47:23,228 [ForkJoinPool.commonPool-worker-1] INFO  handler.ContextHandler (ContextHandler.java:doStop(1016)) - Stopped o.e.j.s.ServletContextHandler@1d2ae4d9{static,/static,jar:file:/home/user/.m2/repository/org/apache/hadoop/hadoop-hdds-container-service/1.1.0-SNAPSHOT/hadoop-hdds-container-service-1.1.0-SNAPSHOT.jar!/webapps/static,UNAVAILABLE}
2020-11-02 01:47:23,230 [ForkJoinPool.commonPool-worker-1] INFO  handler.ContextHandler (ContextHandler.java:doStop(1016)) - Stopped o.e.j.s.ServletContextHandler@5d233033{logs,/logs,file:///github/workspace/mnt/ozone/hadoop-ozone/integration-test/target/log,UNAVAILABLE}
2020-11-02 01:47:23,515 [Datanode State Machine Thread - 0] INFO  statemachine.DatanodeStateMachine (DatanodeStateMachine.java:lambda$startDaemon$0(405)) - Ozone container server started.
2020-11-02 01:47:25,535 [Thread-641] INFO  impl.FollowerState (FollowerState.java:run(108)) - 3273682d-ecc6-428d-bb6c-acac935ad76d@group-00D99F375ED9-FollowerState: change to CANDIDATE, lastRpcTime:7842ms, electionTimeout:5095ms
2020-11-02 01:47:25,535 [Thread-641] INFO  impl.RoleInfo (RoleInfo.java:shutdownFollowerState(121)) - 3273682d-ecc6-428d-bb6c-acac935ad76d: shutdown FollowerState
2020-11-02 01:47:25,535 [Thread-641] INFO  impl.RaftServerImpl (RaftServerImpl.java:setRole(198)) - 3273682d-ecc6-428d-bb6c-acac935ad76d@group-00D99F375ED9: changes role from  FOLLOWER to CANDIDATE at term 1 for changeToCandidate
2020-11-02 01:47:25,535 [Thread-641] INFO  impl.RoleInfo (RoleInfo.java:updateAndGet(143)) - 3273682d-ecc6-428d-bb6c-acac935ad76d: start LeaderElection
2020-11-02 01:47:25,536 [3273682d-ecc6-428d-bb6c-acac935ad76d@group-00D99F375ED9-LeaderElection23] INFO  impl.RaftServerImpl (ServerState.java:setLeader(256)) - 3273682d-ecc6-428d-bb6c-acac935ad76d@group-00D99F375ED9: change Leader from bb7e8155-091d-463f-8cd0-e09b5982d598 to null at term 1 for initElection
2020-11-02 01:47:25,538 [3273682d-ecc6-428d-bb6c-acac935ad76d@group-00D99F375ED9-LeaderElection23] INFO  impl.LeaderElection (LeaderElection.java:askForVotes(210)) - 3273682d-ecc6-428d-bb6c-acac935ad76d@group-00D99F375ED9-LeaderElection23: begin an election at term 2 for 0: [7ab98594-cde6-4de5-8649-fca514c5537e:172.17.0.2:40279:0, 3273682d-ecc6-428d-bb6c-acac935ad76d:172.17.0.2:38465:0, bb7e8155-091d-463f-8cd0-e09b5982d598:172.17.0.2:33293:0], old=null
2020-11-02 01:47:25,542 [3273682d-ecc6-428d-bb6c-acac935ad76d@group-00D99F375ED9-LeaderElection23] INFO  impl.LeaderElection (LogUtils.java:infoOrTrace(137)) - 3273682d-ecc6-428d-bb6c-acac935ad76d@group-00D99F375ED9-LeaderElection23 got exception when requesting votes: java.util.concurrent.ExecutionException: org.apache.ratis.thirdparty.io.grpc.StatusRuntimeException: UNAVAILABLE: io exception
2020-11-02 01:47:25,542 [3273682d-ecc6-428d-bb6c-acac935ad76d@group-00D99F375ED9-LeaderElection23] INFO  impl.LeaderElection (LogUtils.java:infoOrTrace(137)) - 3273682d-ecc6-428d-bb6c-acac935ad76d@group-00D99F375ED9-LeaderElection23 got exception when requesting votes: java.util.concurrent.ExecutionException: org.apache.ratis.thirdparty.io.grpc.StatusRuntimeException: UNAVAILABLE: io exception
2020-11-02 01:47:25,542 [3273682d-ecc6-428d-bb6c-acac935ad76d@group-00D99F375ED9-LeaderElection23] INFO  impl.LeaderElection (LeaderElection.java:logAndReturn(62)) - 3273682d-ecc6-428d-bb6c-acac935ad76d@group-00D99F375ED9-LeaderElection23: Election REJECTED; received 0 response(s) [] and 2 exception(s); 3273682d-ecc6-428d-bb6c-acac935ad76d@group-00D99F375ED9:t2, leader=null, voted=3273682d-ecc6-428d-bb6c-acac935ad76d, raftlog=3273682d-ecc6-428d-bb6c-acac935ad76d@group-00D99F375ED9-SegmentedRaftLog:OPENED:c0,f0,i0, conf=0: [7ab98594-cde6-4de5-8649-fca514c5537e:172.17.0.2:40279:0, 3273682d-ecc6-428d-bb6c-acac935ad76d:172.17.0.2:38465:0, bb7e8155-091d-463f-8cd0-e09b5982d598:172.17.0.2:33293:0], old=null
2020-11-02 01:47:25,542 [3273682d-ecc6-428d-bb6c-acac935ad76d@group-00D99F375ED9-LeaderElection23] INFO  impl.LeaderElection (LogUtils.java:infoOrTrace(137)) -   Exception 0: java.util.concurrent.ExecutionException: org.apache.ratis.thirdparty.io.grpc.StatusRuntimeException: UNAVAILABLE: io exception
2020-11-02 01:47:25,542 [3273682d-ecc6-428d-bb6c-acac935ad76d@group-00D99F375ED9-LeaderElection23] INFO  impl.LeaderElection (LogUtils.java:infoOrTrace(137)) -   Exception 1: java.util.concurrent.ExecutionException: org.apache.ratis.thirdparty.io.grpc.StatusRuntimeException: UNAVAILABLE: io exception
2020-11-02 01:47:25,542 [3273682d-ecc6-428d-bb6c-acac935ad76d@group-00D99F375ED9-LeaderElection23] INFO  impl.RaftServerImpl (RaftServerImpl.java:setRole(198)) - 3273682d-ecc6-428d-bb6c-acac935ad76d@group-00D99F375ED9: changes role from CANDIDATE to FOLLOWER at term 2 for DISCOVERED_A_NEW_TERM
2020-11-02 01:47:25,543 [3273682d-ecc6-428d-bb6c-acac935ad76d@group-00D99F375ED9-LeaderElection23] INFO  impl.RoleInfo (RoleInfo.java:shutdownLeaderElection(134)) - 3273682d-ecc6-428d-bb6c-acac935ad76d: shutdown LeaderElection
2020-11-02 01:47:25,544 [3273682d-ecc6-428d-bb6c-acac935ad76d@group-00D99F375ED9-LeaderElection23] INFO  impl.RoleInfo (RoleInfo.java:updateAndGet(143)) - 3273682d-ecc6-428d-bb6c-acac935ad76d: start FollowerState
2020-11-02 01:47:28,229 [Listener at 127.0.0.1/34381] INFO  ozoneimpl.OzoneContainer (OzoneContainer.java:stop(259)) - Attempting to stop container services.
2020-11-02 01:47:28,230 [Listener at 127.0.0.1/34381] INFO  impl.RaftServerProxy (RaftServerProxy.java:lambda$close$4(322)) - 3273682d-ecc6-428d-bb6c-acac935ad76d: close
2020-11-02 01:47:28,231 [Listener at 127.0.0.1/34381] INFO  impl.RaftServerImpl (RaftServerImpl.java:lambda$shutdown$3(321)) - 3273682d-ecc6-428d-bb6c-acac935ad76d@group-00D99F375ED9: shutdown
2020-11-02 01:47:28,231 [Listener at 127.0.0.1/34381] INFO  util.JmxRegister (JmxRegister.java:unregister(73)) - Successfully un-registered JMX Bean with object name Ratis:service=RaftServer,group=group-00D99F375ED9,id=3273682d-ecc6-428d-bb6c-acac935ad76d
2020-11-02 01:47:28,231 [Listener at 127.0.0.1/34381] INFO  impl.RoleInfo (RoleInfo.java:shutdownFollowerState(121)) - 3273682d-ecc6-428d-bb6c-acac935ad76d: shutdown FollowerState
2020-11-02 01:47:28,231 [Listener at 127.0.0.1/34381] INFO  impl.StateMachineUpdater (StateMachineUpdater.java:stopAndJoin(142)) - 3273682d-ecc6-428d-bb6c-acac935ad76d@group-00D99F375ED9-StateMachineUpdater: set stopIndex = 0
2020-11-02 01:47:28,231 [Thread-728] INFO  impl.FollowerState (FollowerState.java:run(117)) - 3273682d-ecc6-428d-bb6c-acac935ad76d@group-00D99F375ED9-FollowerState was interrupted: java.lang.InterruptedException: sleep interrupted
2020-11-02 01:47:28,232 [3273682d-ecc6-428d-bb6c-acac935ad76d@group-00D99F375ED9-StateMachineUpdater] INFO  ratis.ContainerStateMachine (ContainerStateMachine.java:takeSnapshot(293)) - group-00D99F375ED9: Taking a snapshot at:(t:1, i:0) file /github/workspace/mnt/ozone/hadoop-ozone/integration-test/target/test-dir/MiniOzoneClusterImpl-3e692a3b-ddb2-4690-9144-d4d1ad0fcef2/datanode-5/data/ratis/e76d23ac-d349-40a2-a30a-00d99f375ed9/sm/snapshot.1_0
2020-11-02 01:47:28,232 [ForkJoinPool.commonPool-worker-0] INFO  impl.RaftServerImpl (RaftServerImpl.java:lambda$shutdown$3(321)) - 3273682d-ecc6-428d-bb6c-acac935ad76d@group-2A1571E435FF: shutdown
2020-11-02 01:47:28,233 [ForkJoinPool.commonPool-worker-0] INFO  util.JmxRegister (JmxRegister.java:unregister(73)) - Successfully un-registered JMX Bean with object name Ratis:service=RaftServer,group=group-2A1571E435FF,id=3273682d-ecc6-428d-bb6c-acac935ad76d
2020-11-02 01:47:28,233 [ForkJoinPool.commonPool-worker-0] INFO  impl.RoleInfo (RoleInfo.java:shutdownLeaderState(104)) - 3273682d-ecc6-428d-bb6c-acac935ad76d: shutdown LeaderState
2020-11-02 01:47:28,233 [3273682d-ecc6-428d-bb6c-acac935ad76d@group-00D99F375ED9-StateMachineUpdater] INFO  ratis.ContainerStateMachine (ContainerStateMachine.java:takeSnapshot(304)) - group-00D99F375ED9: Finished taking a snapshot at:(t:1, i:0) file:/github/workspace/mnt/ozone/hadoop-ozone/integration-test/target/test-dir/MiniOzoneClusterImpl-3e692a3b-ddb2-4690-9144-d4d1ad0fcef2/datanode-5/data/ratis/e76d23ac-d349-40a2-a30a-00d99f375ed9/sm/snapshot.1_0 time:2
2020-11-02 01:47:28,233 [3273682d-ecc6-428d-bb6c-acac935ad76d@group-00D99F375ED9-StateMachineUpdater] INFO  impl.StateMachineUpdater (StateMachineUpdater.java:takeSnapshot(277)) - 3273682d-ecc6-428d-bb6c-acac935ad76d@group-00D99F375ED9-StateMachineUpdater: Took a snapshot at index 0
2020-11-02 01:47:28,233 [3273682d-ecc6-428d-bb6c-acac935ad76d@group-00D99F375ED9-StateMachineUpdater] INFO  impl.StateMachineUpdater (StateMachineUpdater.java:lambda$new$0(87)) - 3273682d-ecc6-428d-bb6c-acac935ad76d@group-00D99F375ED9-StateMachineUpdater: snapshotIndex: updateIncreasingly -1 -> 0
2020-11-02 01:47:28,234 [3273682d-ecc6-428d-bb6c-acac935ad76d@group-00D99F375ED9-StateMachineUpdater] INFO  metrics.RatisMetrics (RatisMetrics.java:unregister(43)) - Unregistering Metrics Registry : ratis.state_machine.3273682d-ecc6-428d-bb6c-acac935ad76d@group-00D99F375ED9
2020-11-02 01:47:28,234 [Listener at 127.0.0.1/34381] INFO  impl.RaftServerImpl (ServerState.java:close(405)) - 3273682d-ecc6-428d-bb6c-acac935ad76d@group-00D99F375ED9: closes. applyIndex: 0
2020-11-02 01:47:28,234 [ForkJoinPool.commonPool-worker-0] INFO  impl.PendingRequests (PendingRequests.java:sendNotLeaderResponses(249)) - 3273682d-ecc6-428d-bb6c-acac935ad76d@group-2A1571E435FF-PendingRequests: sendNotLeaderResponses
2020-11-02 01:47:28,234 [3273682d-ecc6-428d-bb6c-acac935ad76d@group-00D99F375ED9-SegmentedRaftLogWorker] INFO  segmented.SegmentedRaftLogWorker (SegmentedRaftLogWorker.java:run(327)) - 3273682d-ecc6-428d-bb6c-acac935ad76d@group-00D99F375ED9-SegmentedRaftLogWorker was interrupted, exiting. There are 0 tasks remaining in the queue.
2020-11-02 01:47:28,234 [Listener at 127.0.0.1/34381] INFO  segmented.SegmentedRaftLogWorker (SegmentedRaftLogWorker.java:close(234)) - 3273682d-ecc6-428d-bb6c-acac935ad76d@group-00D99F375ED9-SegmentedRaftLogWorker close()
2020-11-02 01:47:28,234 [ForkJoinPool.commonPool-worker-0] INFO  metrics.RatisMetrics (RatisMetrics.java:unregister(43)) - Unregistering Metrics Registry : ratis.log_appender.3273682d-ecc6-428d-bb6c-acac935ad76d@group-2A1571E435FF
2020-11-02 01:47:28,235 [Listener at 127.0.0.1/34381] INFO  metrics.RatisMetrics (RatisMetrics.java:unregister(43)) - Unregistering Metrics Registry : ratis.log_worker.3273682d-ecc6-428d-bb6c-acac935ad76d@group-00D99F375ED9
2020-11-02 01:47:28,235 [ForkJoinPool.commonPool-worker-0] INFO  metrics.RatisMetrics (RatisMetrics.java:unregister(43)) - Unregistering Metrics Registry : ratis.server.3273682d-ecc6-428d-bb6c-acac935ad76d@group-2A1571E435FF
2020-11-02 01:47:28,235 [Listener at 127.0.0.1/34381] INFO  metrics.RatisMetrics (RatisMetrics.java:unregister(43)) - Unregistering Metrics Registry : ratis.leader_election.3273682d-ecc6-428d-bb6c-acac935ad76d@group-00D99F375ED9
2020-11-02 01:47:28,235 [Listener at 127.0.0.1/34381] INFO  metrics.RatisMetrics (RatisMetrics.java:unregister(43)) - Unregistering Metrics Registry : ratis.server.3273682d-ecc6-428d-bb6c-acac935ad76d@group-00D99F375ED9
2020-11-02 01:47:28,235 [3273682d-ecc6-428d-bb6c-acac935ad76d@group-2A1571E435FF-StateMachineUpdater] INFO  ratis.ContainerStateMachine (ContainerStateMachine.java:takeSnapshot(293)) - group-2A1571E435FF: Taking a snapshot at:(t:1, i:0) file /github/workspace/mnt/ozone/hadoop-ozone/integration-test/target/test-dir/MiniOzoneClusterImpl-3e692a3b-ddb2-4690-9144-d4d1ad0fcef2/datanode-5/data/ratis/7a368b50-d7c2-4398-8ffd-2a1571e435ff/sm/snapshot.1_0
2020-11-02 01:47:28,236 [ForkJoinPool.commonPool-worker-0] INFO  impl.StateMachineUpdater (StateMachineUpdater.java:stopAndJoin(142)) - 3273682d-ecc6-428d-bb6c-acac935ad76d@group-2A1571E435FF-StateMachineUpdater: set stopIndex = 0
2020-11-02 01:47:28,236 [3273682d-ecc6-428d-bb6c-acac935ad76d@group-2A1571E435FF-StateMachineUpdater] INFO  ratis.ContainerStateMachine (ContainerStateMachine.java:takeSnapshot(304)) - group-2A1571E435FF: Finished taking a snapshot at:(t:1, i:0) file:/github/workspace/mnt/ozone/hadoop-ozone/integration-test/target/test-dir/MiniOzoneClusterImpl-3e692a3b-ddb2-4690-9144-d4d1ad0fcef2/datanode-5/data/ratis/7a368b50-d7c2-4398-8ffd-2a1571e435ff/sm/snapshot.1_0 time:1
2020-11-02 01:47:28,236 [3273682d-ecc6-428d-bb6c-acac935ad76d@group-2A1571E435FF-StateMachineUpdater] INFO  impl.StateMachineUpdater (StateMachineUpdater.java:takeSnapshot(277)) - 3273682d-ecc6-428d-bb6c-acac935ad76d@group-2A1571E435FF-StateMachineUpdater: Took a snapshot at index 0
2020-11-02 01:47:28,236 [3273682d-ecc6-428d-bb6c-acac935ad76d@group-2A1571E435FF-StateMachineUpdater] INFO  impl.StateMachineUpdater (StateMachineUpdater.java:lambda$new$0(87)) - 3273682d-ecc6-428d-bb6c-acac935ad76d@group-2A1571E435FF-StateMachineUpdater: snapshotIndex: updateIncreasingly -1 -> 0
2020-11-02 01:47:28,237 [3273682d-ecc6-428d-bb6c-acac935ad76d@group-2A1571E435FF-StateMachineUpdater] INFO  metrics.RatisMetrics (RatisMetrics.java:unregister(43)) - Unregistering Metrics Registry : ratis.state_machine.3273682d-ecc6-428d-bb6c-acac935ad76d@group-2A1571E435FF
2020-11-02 01:47:28,237 [ForkJoinPool.commonPool-worker-0] INFO  impl.RaftServerImpl (ServerState.java:close(405)) - 3273682d-ecc6-428d-bb6c-acac935ad76d@group-2A1571E435FF: closes. applyIndex: 0
2020-11-02 01:47:28,237 [3273682d-ecc6-428d-bb6c-acac935ad76d@group-2A1571E435FF-SegmentedRaftLogWorker] INFO  segmented.SegmentedRaftLogWorker (SegmentedRaftLogWorker.java:run(327)) - 3273682d-ecc6-428d-bb6c-acac935ad76d@group-2A1571E435FF-SegmentedRaftLogWorker was interrupted, exiting. There are 0 tasks remaining in the queue.
2020-11-02 01:47:28,237 [ForkJoinPool.commonPool-worker-0] INFO  segmented.SegmentedRaftLogWorker (SegmentedRaftLogWorker.java:close(234)) - 3273682d-ecc6-428d-bb6c-acac935ad76d@group-2A1571E435FF-SegmentedRaftLogWorker close()
2020-11-02 01:47:28,237 [ForkJoinPool.commonPool-worker-0] INFO  metrics.RatisMetrics (RatisMetrics.java:unregister(43)) - Unregistering Metrics Registry : ratis.log_worker.3273682d-ecc6-428d-bb6c-acac935ad76d@group-2A1571E435FF
2020-11-02 01:47:28,237 [ForkJoinPool.commonPool-worker-0] INFO  metrics.RatisMetrics (RatisMetrics.java:unregister(43)) - Unregistering Metrics Registry : ratis.leader_election.3273682d-ecc6-428d-bb6c-acac935ad76d@group-2A1571E435FF
2020-11-02 01:47:28,237 [ForkJoinPool.commonPool-worker-0] INFO  metrics.RatisMetrics (RatisMetrics.java:unregister(43)) - Unregistering Metrics Registry : ratis.server.3273682d-ecc6-428d-bb6c-acac935ad76d@group-2A1571E435FF
2020-11-02 01:47:28,238 [Listener at 127.0.0.1/34381] INFO  server.GrpcService (GrpcService.java:closeImpl(183)) - 3273682d-ecc6-428d-bb6c-acac935ad76d: shutdown server with port 38465 now
2020-11-02 01:47:28,241 [Listener at 127.0.0.1/34381] INFO  server.GrpcService (GrpcService.java:closeImpl(191)) - 3273682d-ecc6-428d-bb6c-acac935ad76d: shutdown server with port 38465 successfully
2020-11-02 01:47:28,242 [Listener at 127.0.0.1/34381] INFO  utils.BackgroundService (BackgroundService.java:shutdown(132)) - Shutting down service BlockDeletingService
2020-11-02 01:47:28,244 [Listener at 127.0.0.1/34381] INFO  statemachine.DatanodeStateMachine (DatanodeStateMachine.java:stopDaemon(453)) - Ozone container server stopped.
2020-11-02 01:47:28,252 [Listener at 127.0.0.1/34381] INFO  handler.ContextHandler (ContextHandler.java:doStop(1016)) - Stopped o.e.j.w.WebAppContext@2024c872{hddsDatanode,/,null,UNAVAILABLE}{jar:file:/home/user/.m2/repository/org/apache/hadoop/hadoop-hdds-container-service/1.1.0-SNAPSHOT/hadoop-hdds-container-service-1.1.0-SNAPSHOT.jar!/webapps/hddsDatanode}
2020-11-02 01:47:28,252 [Listener at 127.0.0.1/34381] INFO  server.AbstractConnector (AbstractConnector.java:doStop(380)) - Stopped ServerConnector@25a58f74{HTTP/1.1,[http/1.1]}{0.0.0.0:0}
2020-11-02 01:47:28,253 [Listener at 127.0.0.1/34381] INFO  server.session (HouseKeeper.java:stopScavenging(158)) - node0 Stopped scavenging
2020-11-02 01:47:28,253 [Listener at 127.0.0.1/34381] INFO  handler.ContextHandler (ContextHandler.java:doStop(1016)) - Stopped o.e.j.s.ServletContextHandler@1d3b2741{static,/static,jar:file:/home/user/.m2/repository/org/apache/hadoop/hadoop-hdds-container-service/1.1.0-SNAPSHOT/hadoop-hdds-container-service-1.1.0-SNAPSHOT.jar!/webapps/static,UNAVAILABLE}
2020-11-02 01:47:28,253 [Listener at 127.0.0.1/34381] INFO  handler.ContextHandler (ContextHandler.java:doStop(1016)) - Stopped o.e.j.s.ServletContextHandler@3cf4189d{logs,/logs,file:///github/workspace/mnt/ozone/hadoop-ozone/integration-test/target/log,UNAVAILABLE}
2020-11-02 01:47:28,254 [Listener at 127.0.0.1/34381] INFO  ozone.MiniOzoneClusterImpl (MiniOzoneClusterImpl.java:stopSCM(476)) - Stopping the StorageContainerManager
2020-11-02 01:47:28,254 [Listener at 127.0.0.1/34381] INFO  server.StorageContainerManager (StorageContainerManager.java:stop(832)) - Stopping Replication Manager Service.
2020-11-02 01:47:28,254 [Listener at 127.0.0.1/34381] INFO  container.ReplicationManager (ReplicationManager.java:stop(219)) - Stopping Replication Monitor Thread.
2020-11-02 01:47:28,254 [Listener at 127.0.0.1/34381] INFO  server.StorageContainerManager (StorageContainerManager.java:stop(839)) - Stopping Lease Manager of the command watchers
2020-11-02 01:47:28,254 [Listener at 127.0.0.1/34381] INFO  server.StorageContainerManager (StorageContainerManager.java:stop(846)) - Stopping datanode service RPC server
2020-11-02 01:47:28,255 [CommandWatcher-LeaseManager#LeaseMonitor] ERROR lease.LeaseManager (LeaseManager.java:run(238)) - Execution was interrupted 
java.lang.InterruptedException: sleep interrupted
	at java.lang.Thread.sleep(Native Method)
	at org.apache.hadoop.ozone.lease.LeaseManager$LeaseMonitor.run(LeaseManager.java:234)
	at java.lang.Thread.run(Thread.java:748)
2020-11-02 01:47:28,255 [Listener at 127.0.0.1/34381] INFO  server.SCMDatanodeProtocolServer (SCMDatanodeProtocolServer.java:stop(361)) - Stopping the RPC server for DataNodes
2020-11-02 01:47:28,255 [Listener at 127.0.0.1/34381] INFO  ipc.Server (Server.java:stop(3359)) - Stopping server on 39435
2020-11-02 01:47:28,256 [IPC Server listener on 0] INFO  ipc.Server (Server.java:run(1330)) - Stopping IPC Server listener on 0
2020-11-02 01:47:28,258 [IPC Server Responder] INFO  ipc.Server (Server.java:run(1465)) - Stopping IPC Server Responder
2020-11-02 01:47:28,307 [SCM Heartbeat Processing Thread - 0] WARN  node.NodeStateManager (NodeStateManager.java:scheduleNextHealthCheck(661)) - Current Thread is interrupted, shutting down HB processing thread for Node Manager.
2020-11-02 01:47:28,307 [Listener at 127.0.0.1/34381] INFO  server.StorageContainerManager (StorageContainerManager.java:stop(854)) - Stopping block service RPC server
2020-11-02 01:47:28,307 [Listener at 127.0.0.1/34381] INFO  server.SCMBlockProtocolServer (SCMBlockProtocolServer.java:stop(158)) - Stopping the RPC server for Block Protocol
2020-11-02 01:47:28,307 [Listener at 127.0.0.1/34381] INFO  ipc.Server (Server.java:stop(3359)) - Stopping server on 41831
2020-11-02 01:47:28,310 [IPC Server listener on 0] INFO  ipc.Server (Server.java:run(1330)) - Stopping IPC Server listener on 0
2020-11-02 01:47:28,310 [Listener at 127.0.0.1/34381] INFO  server.StorageContainerManager (StorageContainerManager.java:stop(861)) - Stopping the StorageContainerLocationProtocol RPC server
2020-11-02 01:47:28,311 [IPC Server Responder] INFO  ipc.Server (Server.java:run(1465)) - Stopping IPC Server Responder
2020-11-02 01:47:28,311 [Listener at 127.0.0.1/34381] INFO  server.SCMClientProtocolServer (SCMClientProtocolServer.java:stop(165)) - Stopping the RPC server for Client Protocol
2020-11-02 01:47:28,311 [Listener at 127.0.0.1/34381] INFO  ipc.Server (Server.java:stop(3359)) - Stopping server on 41963
2020-11-02 01:47:28,312 [IPC Server listener on 0] INFO  ipc.Server (Server.java:run(1330)) - Stopping IPC Server listener on 0
2020-11-02 01:47:28,319 [IPC Server Responder] INFO  ipc.Server (Server.java:run(1465)) - Stopping IPC Server Responder
2020-11-02 01:47:28,319 [Listener at 127.0.0.1/34381] INFO  server.StorageContainerManager (StorageContainerManager.java:stop(868)) - Stopping Storage Container Manager HTTP server.
2020-11-02 01:47:28,322 [Listener at 127.0.0.1/34381] INFO  handler.ContextHandler (ContextHandler.java:doStop(1016)) - Stopped o.e.j.w.WebAppContext@263f164c{scm,/,null,UNAVAILABLE}{file:/github/workspace/mnt/ozone/hadoop-ozone/integration-test/target/test-classes/webapps/scm}
2020-11-02 01:47:28,322 [Listener at 127.0.0.1/34381] INFO  server.AbstractConnector (AbstractConnector.java:doStop(380)) - Stopped ServerConnector@402ea8d7{HTTP/1.1,[http/1.1]}{0.0.0.0:0}
2020-11-02 01:47:28,322 [Listener at 127.0.0.1/34381] INFO  server.session (HouseKeeper.java:stopScavenging(158)) - node0 Stopped scavenging
2020-11-02 01:47:28,323 [Listener at 127.0.0.1/34381] INFO  handler.ContextHandler (ContextHandler.java:doStop(1016)) - Stopped o.e.j.s.ServletContextHandler@6044eacf{static,/static,file:///github/workspace/mnt/ozone/hadoop-ozone/integration-test/target/test-classes/webapps/static,UNAVAILABLE}
2020-11-02 01:47:28,323 [Listener at 127.0.0.1/34381] INFO  handler.ContextHandler (ContextHandler.java:doStop(1016)) - Stopped o.e.j.s.ServletContextHandler@7d62033b{logs,/logs,file:///github/workspace/mnt/ozone/hadoop-ozone/integration-test/target/log,UNAVAILABLE}
2020-11-02 01:47:28,324 [Listener at 127.0.0.1/34381] INFO  server.StorageContainerManager (StorageContainerManager.java:stop(879)) - Stopping Block Manager Service.
2020-11-02 01:47:28,324 [Listener at 127.0.0.1/34381] INFO  utils.BackgroundService (BackgroundService.java:shutdown(132)) - Shutting down service SCMBlockDeletingService
2020-11-02 01:47:28,324 [Listener at 127.0.0.1/34381] INFO  utils.BackgroundService (BackgroundService.java:shutdown(132)) - Shutting down service SCMBlockDeletingService
2020-11-02 01:47:28,325 [Listener at 127.0.0.1/34381] INFO  server.StorageContainerManager (StorageContainerManager.java:stop(904)) - Stopping SCM Event Queue.
2020-11-02 01:47:28,330 [Listener at 127.0.0.1/34381] INFO  impl.MetricsSystemImpl (MetricsSystemImpl.java:stop(210)) - Stopping HddsDatanode metrics system...
2020-11-02 01:47:28,342 [Listener at 127.0.0.1/34381] INFO  impl.MetricsSystemImpl (MetricsSystemImpl.java:stop(216)) - HddsDatanode metrics system stopped.
]]></system-out>
  </testcase>
</testsuite>