<?xml version="1.0" encoding="UTF-8"?>
<testsuite xmlns:xsi="http://www.w3.org/2001/XMLSchema-instance" xsi:noNamespaceSchemaLocation="https://maven.apache.org/surefire/maven-surefire-plugin/xsd/surefire-test-report-3.0.xsd" version="3.0" name="org.apache.hadoop.ozone.scm.node.TestDecommissionAndMaintenance" time="356.484" tests="8" errors="1" skipped="0" failures="0">
  <properties>
    <property name="awt.toolkit" value="sun.awt.X11.XToolkit"/>
    <property name="file.encoding.pkg" value="sun.io"/>
    <property name="java.specification.version" value="1.8"/>
    <property name="sun.cpu.isalist" value=""/>
    <property name="sun.jnu.encoding" value="UTF-8"/>
    <property name="java.class.path" value="/home/runner/work/ozone/ozone/hadoop-ozone/integration-test/target/test-classes:/home/runner/work/ozone/ozone/hadoop-ozone/integration-test/target/classes:/home/runner/.m2/repository/org/apache/ozone/ozone-common/1.3.0-SNAPSHOT/ozone-common-1.3.0-SNAPSHOT.jar:/home/runner/.m2/repository/io/grpc/grpc-netty/1.48.1/grpc-netty-1.48.1.jar:/home/runner/.m2/repository/io/grpc/grpc-core/1.48.1/grpc-core-1.48.1.jar:/home/runner/.m2/repository/com/google/android/annotations/4.1.1.4/annotations-4.1.1.4.jar:/home/runner/.m2/repository/org/codehaus/mojo/animal-sniffer-annotations/1.21/animal-sniffer-annotations-1.21.jar:/home/runner/.m2/repository/com/google/errorprone/error_prone_annotations/2.2.0/error_prone_annotations-2.2.0.jar:/home/runner/.m2/repository/io/perfmark/perfmark-api/0.25.0/perfmark-api-0.25.0.jar:/home/runner/.m2/repository/io/netty/netty-codec-http2/4.1.79.Final/netty-codec-http2-4.1.79.Final.jar:/home/runner/.m2/repository/io/netty/netty-common/4.1.79.Final/netty-common-4.1.79.Final.jar:/home/runner/.m2/repository/io/netty/netty-buffer/4.1.79.Final/netty-buffer-4.1.79.Final.jar:/home/runner/.m2/repository/io/netty/netty-codec-http/4.1.79.Final/netty-codec-http-4.1.79.Final.jar:/home/runner/.m2/repository/io/netty/netty-handler-proxy/4.1.79.Final/netty-handler-proxy-4.1.79.Final.jar:/home/runner/.m2/repository/io/netty/netty-codec-socks/4.1.79.Final/netty-codec-socks-4.1.79.Final.jar:/home/runner/.m2/repository/io/netty/netty-tcnative-boringssl-static/2.0.53.Final/netty-tcnative-boringssl-static-2.0.53.Final.jar:/home/runner/.m2/repository/io/netty/netty-tcnative-classes/2.0.53.Final/netty-tcnative-classes-2.0.53.Final.jar:/home/runner/.m2/repository/io/netty/netty-tcnative-boringssl-static/2.0.53.Final/netty-tcnative-boringssl-static-2.0.53.Final-linux-x86_64.jar:/home/runner/.m2/repository/io/netty/netty-tcnative-boringssl-static/2.0.53.Final/netty-tcnative-boringssl-static-2.0.53.Final-linux-aarch_64.jar:/home/runner/.m2/repository/io/netty/netty-tcnative-boringssl-static/2.0.53.Final/netty-tcnative-boringssl-static-2.0.53.Final-osx-x86_64.jar:/home/runner/.m2/repository/io/netty/netty-tcnative-boringssl-static/2.0.53.Final/netty-tcnative-boringssl-static-2.0.53.Final-osx-aarch_64.jar:/home/runner/.m2/repository/io/netty/netty-tcnative-boringssl-static/2.0.53.Final/netty-tcnative-boringssl-static-2.0.53.Final-windows-x86_64.jar:/home/runner/.m2/repository/org/apache/commons/commons-compress/1.21/commons-compress-1.21.jar:/home/runner/.m2/repository/org/apache/ozone/hdds-common/1.3.0-SNAPSHOT/hdds-common-1.3.0-SNAPSHOT.jar:/home/runner/.m2/repository/org/apache/ozone/hdds-client/1.3.0-SNAPSHOT/hdds-client-1.3.0-SNAPSHOT.jar:/home/runner/.m2/repository/org/apache/ozone/ozone-interface-client/1.3.0-SNAPSHOT/ozone-interface-client-1.3.0-SNAPSHOT.jar:/home/runner/.m2/repository/org/apache/ozone/hdds-test-utils/1.3.0-SNAPSHOT/hdds-test-utils-1.3.0-SNAPSHOT.jar:/home/runner/.m2/repository/com/google/guava/guava/31.1-jre/guava-31.1-jre.jar:/home/runner/.m2/repository/com/google/guava/failureaccess/1.0.1/failureaccess-1.0.1.jar:/home/runner/.m2/repository/com/google/guava/listenablefuture/9999.0-empty-to-avoid-conflict-with-guava/listenablefuture-9999.0-empty-to-avoid-conflict-with-guava.jar:/home/runner/.m2/repository/com/google/code/findbugs/jsr305/3.0.0/jsr305-3.0.0.jar:/home/runner/.m2/repository/org/checkerframework/checker-qual/3.12.0/checker-qual-3.12.0.jar:/home/runner/.m2/repository/com/google/j2objc/j2objc-annotations/1.3/j2objc-annotations-1.3.jar:/home/runner/.m2/repository/commons-io/commons-io/2.11.0/commons-io-2.11.0.jar:/home/runner/.m2/repository/commons-logging/commons-logging/1.2/commons-logging-1.2.jar:/home/runner/.m2/repository/log4j/log4j/1.2.17/log4j-1.2.17.jar:/home/runner/.m2/repository/org/slf4j/slf4j-api/1.7.30/slf4j-api-1.7.30.jar:/home/runner/.m2/repository/org/apache/ozone/hdds-server-scm/1.3.0-SNAPSHOT/hdds-server-scm-1.3.0-SNAPSHOT.jar:/home/runner/.m2/repository/org/apache/ozone/hdds-container-service/1.3.0-SNAPSHOT/hdds-container-service-1.3.0-SNAPSHOT.jar:/home/runner/.m2/repository/org/apache/ozone/hdds-hadoop-dependency-server/1.3.0-SNAPSHOT/hdds-hadoop-dependency-server-1.3.0-SNAPSHOT.jar:/home/runner/.m2/repository/org/apache/hadoop/hadoop-hdfs/3.3.1/hadoop-hdfs-3.3.1.jar:/home/runner/.m2/repository/org/apache/ozone/hdds-server-framework/1.3.0-SNAPSHOT/hdds-server-framework-1.3.0-SNAPSHOT.jar:/home/runner/.m2/repository/org/apache/ozone/hdds-interface-server/1.3.0-SNAPSHOT/hdds-interface-server-1.3.0-SNAPSHOT.jar:/home/runner/.m2/repository/org/apache/logging/log4j/log4j-core/2.17.1/log4j-core-2.17.1.jar:/home/runner/.m2/repository/com/lmax/disruptor/3.4.2/disruptor-3.4.2.jar:/home/runner/.m2/repository/org/eclipse/jetty/jetty-servlet/9.4.43.v20210629/jetty-servlet-9.4.43.v20210629.jar:/home/runner/.m2/repository/org/eclipse/jetty/jetty-security/9.4.43.v20210629/jetty-security-9.4.43.v20210629.jar:/home/runner/.m2/repository/org/rocksdb/rocksdbjni/7.4.5/rocksdbjni-7.4.5.jar:/home/runner/.m2/repository/io/prometheus/simpleclient_dropwizard/0.7.0/simpleclient_dropwizard-0.7.0.jar:/home/runner/.m2/repository/io/prometheus/simpleclient/0.7.0/simpleclient-0.7.0.jar:/home/runner/.m2/repository/io/prometheus/simpleclient_common/0.7.0/simpleclient_common-0.7.0.jar:/home/runner/.m2/repository/io/dropwizard/metrics/metrics-core/3.2.4/metrics-core-3.2.4.jar:/home/runner/.m2/repository/org/apache/hadoop/hadoop-hdfs-client/3.3.1/hadoop-hdfs-client-3.3.1.jar:/home/runner/.m2/repository/org/bouncycastle/bcprov-jdk15on/1.67/bcprov-jdk15on-1.67.jar:/home/runner/.m2/repository/com/google/protobuf/protobuf-java/2.5.0/protobuf-java-2.5.0.jar:/home/runner/.m2/repository/org/apache/ozone/ozone-manager/1.3.0-SNAPSHOT/ozone-manager-1.3.0-SNAPSHOT.jar:/home/runner/.m2/repository/org/aspectj/aspectjrt/1.9.7/aspectjrt-1.9.7.jar:/home/runner/.m2/repository/org/aspectj/aspectjweaver/1.9.7/aspectjweaver-1.9.7.jar:/home/runner/.m2/repository/org/apache/ozone/hdds-interface-client/1.3.0-SNAPSHOT/hdds-interface-client-1.3.0-SNAPSHOT.jar:/home/runner/.m2/repository/org/apache/hadoop/thirdparty/hadoop-shaded-protobuf_3_7/1.1.1/hadoop-shaded-protobuf_3_7-1.1.1.jar:/home/runner/.m2/repository/org/apache/ozone/ozone-interface-storage/1.3.0-SNAPSHOT/ozone-interface-storage-1.3.0-SNAPSHOT.jar:/home/runner/.m2/repository/org/reflections/reflections/0.9.11/reflections-0.9.11.jar:/home/runner/.m2/repository/com/sun/jersey/jersey-client/1.19/jersey-client-1.19.jar:/home/runner/.m2/repository/org/apache/ranger/ranger-intg/2.3.0/ranger-intg-2.3.0.jar:/home/runner/.m2/repository/org/apache/ranger/ranger-plugins-common/2.3.0/ranger-plugins-common-2.3.0.jar:/home/runner/.m2/repository/commons-lang/commons-lang/2.6/commons-lang-2.6.jar:/home/runner/.m2/repository/org/codehaus/jackson/jackson-jaxrs/1.9.13/jackson-jaxrs-1.9.13.jar:/home/runner/.m2/repository/org/apache/ranger/ranger-plugins-cred/2.3.0/ranger-plugins-cred-2.3.0.jar:/home/runner/.m2/repository/org/apache/ranger/ranger-plugins-audit/2.3.0/ranger-plugins-audit-2.3.0.jar:/home/runner/.m2/repository/org/eclipse/jetty/jetty-client/9.4.31.v20200723/jetty-client-9.4.31.v20200723.jar:/home/runner/.m2/repository/org/apache/httpcomponents/httpmime/4.5.6/httpmime-4.5.6.jar:/home/runner/.m2/repository/org/apache/httpcomponents/httpcore-nio/4.4.6/httpcore-nio-4.4.6.jar:/home/runner/.m2/repository/org/apache/httpcomponents/httpasyncclient/4.1.3/httpasyncclient-4.1.3.jar:/home/runner/.m2/repository/com/carrotsearch/hppc/0.8.0/hppc-0.8.0.jar:/home/runner/.m2/repository/org/apache/orc/orc-core/1.5.8/orc-core-1.5.8.jar:/home/runner/.m2/repository/net/java/dev/jna/jna/5.2.0/jna-5.2.0.jar:/home/runner/.m2/repository/net/java/dev/jna/jna-platform/5.2.0/jna-platform-5.2.0.jar:/home/runner/.m2/repository/com/kstruct/gethostname4j/0.0.2/gethostname4j-0.0.2.jar:/home/runner/.m2/repository/org/apache/ranger/ranger-plugin-classloader/2.3.0/ranger-plugin-classloader-2.3.0.jar:/home/runner/.m2/repository/org/apache/hadoop/hadoop-minikdc/3.3.1/hadoop-minikdc-3.3.1.jar:/home/runner/.m2/repository/org/apache/kerby/kerb-simplekdc/1.0.1/kerb-simplekdc-1.0.1.jar:/home/runner/.m2/repository/org/apache/kerby/kerb-client/1.0.1/kerb-client-1.0.1.jar:/home/runner/.m2/repository/org/apache/kerby/kerby-config/1.0.1/kerby-config-1.0.1.jar:/home/runner/.m2/repository/org/apache/kerby/kerb-common/1.0.1/kerb-common-1.0.1.jar:/home/runner/.m2/repository/org/apache/kerby/kerb-crypto/1.0.1/kerb-crypto-1.0.1.jar:/home/runner/.m2/repository/org/apache/kerby/kerb-util/1.0.1/kerb-util-1.0.1.jar:/home/runner/.m2/repository/org/apache/kerby/token-provider/1.0.1/token-provider-1.0.1.jar:/home/runner/.m2/repository/org/apache/kerby/kerb-admin/1.0.1/kerb-admin-1.0.1.jar:/home/runner/.m2/repository/org/apache/kerby/kerb-server/1.0.1/kerb-server-1.0.1.jar:/home/runner/.m2/repository/org/apache/kerby/kerb-identity/1.0.1/kerb-identity-1.0.1.jar:/home/runner/.m2/repository/org/apache/kerby/kerby-xdr/1.0.1/kerby-xdr-1.0.1.jar:/home/runner/.m2/repository/org/slf4j/slf4j-log4j12/1.7.30/slf4j-log4j12-1.7.30.jar:/home/runner/.m2/repository/org/apache/ozone/ozone-s3gateway/1.3.0-SNAPSHOT/ozone-s3gateway-1.3.0-SNAPSHOT.jar:/home/runner/.m2/repository/org/javassist/javassist/3.21.0-GA/javassist-3.21.0-GA.jar:/home/runner/.m2/repository/org/jboss/weld/servlet/weld-servlet/2.4.7.Final/weld-servlet-2.4.7.Final.jar:/home/runner/.m2/repository/org/glassfish/jersey/containers/jersey-container-servlet-core/2.33/jersey-container-servlet-core-2.33.jar:/home/runner/.m2/repository/org/glassfish/hk2/external/jakarta.inject/2.6.1/jakarta.inject-2.6.1.jar:/home/runner/.m2/repository/org/glassfish/jersey/core/jersey-common/2.33/jersey-common-2.33.jar:/home/runner/.m2/repository/jakarta/ws/rs/jakarta.ws.rs-api/2.1.6/jakarta.ws.rs-api-2.1.6.jar:/home/runner/.m2/repository/org/glassfish/jersey/ext/cdi/jersey-cdi1x/2.33/jersey-cdi1x-2.33.jar:/home/runner/.m2/repository/org/glassfish/jersey/inject/jersey-hk2/2.33/jersey-hk2-2.33.jar:/home/runner/.m2/repository/org/glassfish/hk2/hk2-locator/2.6.1/hk2-locator-2.6.1.jar:/home/runner/.m2/repository/org/glassfish/jersey/media/jersey-media-jaxb/2.33/jersey-media-jaxb-2.33.jar:/home/runner/.m2/repository/org/glassfish/hk2/osgi-resource-locator/1.0.3/osgi-resource-locator-1.0.3.jar:/home/runner/.m2/repository/org/glassfish/hk2/hk2-api/2.5.0/hk2-api-2.5.0.jar:/home/runner/.m2/repository/org/glassfish/hk2/hk2-utils/2.5.0/hk2-utils-2.5.0.jar:/home/runner/.m2/repository/org/glassfish/hk2/external/aopalliance-repackaged/2.5.0/aopalliance-repackaged-2.5.0.jar:/home/runner/.m2/repository/com/fasterxml/jackson/dataformat/jackson-dataformat-xml/2.13.2/jackson-dataformat-xml-2.13.2.jar:/home/runner/.m2/repository/com/fasterxml/jackson/core/jackson-core/2.13.2/jackson-core-2.13.2.jar:/home/runner/.m2/repository/org/codehaus/woodstox/stax2-api/3.1.4/stax2-api-3.1.4.jar:/home/runner/.m2/repository/com/fasterxml/woodstox/woodstox-core/5.0.3/woodstox-core-5.0.3.jar:/home/runner/.m2/repository/com/fasterxml/jackson/module/jackson-module-jaxb-annotations/2.13.2/jackson-module-jaxb-annotations-2.13.2.jar:/home/runner/.m2/repository/jakarta/xml/bind/jakarta.xml.bind-api/2.3.3/jakarta.xml.bind-api-2.3.3.jar:/home/runner/.m2/repository/jakarta/activation/jakarta.activation-api/1.2.1/jakarta.activation-api-1.2.1.jar:/home/runner/.m2/repository/javax/enterprise/cdi-api/1.2/cdi-api-1.2.jar:/home/runner/.m2/repository/javax/el/javax.el-api/3.0.0/javax.el-api-3.0.0.jar:/home/runner/.m2/repository/javax/interceptor/javax.interceptor-api/1.2/javax.interceptor-api-1.2.jar:/home/runner/.m2/repository/javax/inject/javax.inject/1/javax.inject-1.jar:/home/runner/.m2/repository/javax/xml/bind/jaxb-api/2.3.0/jaxb-api-2.3.0.jar:/home/runner/.m2/repository/org/glassfish/jaxb/jaxb-runtime/2.3.0.1/jaxb-runtime-2.3.0.1.jar:/home/runner/.m2/repository/org/glassfish/jaxb/jaxb-core/2.3.0.1/jaxb-core-2.3.0.1.jar:/home/runner/.m2/repository/org/glassfish/jaxb/txw2/2.3.0.1/txw2-2.3.0.1.jar:/home/runner/.m2/repository/com/sun/istack/istack-commons-runtime/3.0.5/istack-commons-runtime-3.0.5.jar:/home/runner/.m2/repository/org/jvnet/staxex/stax-ex/1.7.8/stax-ex-1.7.8.jar:/home/runner/.m2/repository/com/sun/xml/fastinfoset/FastInfoset/1.2.13/FastInfoset-1.2.13.jar:/home/runner/.m2/repository/javax/activation/activation/1.1.1/activation-1.1.1.jar:/home/runner/.m2/repository/io/grpc/grpc-protobuf/1.48.1/grpc-protobuf-1.48.1.jar:/home/runner/.m2/repository/io/grpc/grpc-api/1.48.1/grpc-api-1.48.1.jar:/home/runner/.m2/repository/io/grpc/grpc-context/1.48.1/grpc-context-1.48.1.jar:/home/runner/.m2/repository/com/google/api/grpc/proto-google-common-protos/2.9.0/proto-google-common-protos-2.9.0.jar:/home/runner/.m2/repository/io/grpc/grpc-protobuf-lite/1.48.1/grpc-protobuf-lite-1.48.1.jar:/home/runner/.m2/repository/io/grpc/grpc-stub/1.48.1/grpc-stub-1.48.1.jar:/home/runner/.m2/repository/io/netty/netty-transport/4.1.79.Final/netty-transport-4.1.79.Final.jar:/home/runner/.m2/repository/io/netty/netty-resolver/4.1.79.Final/netty-resolver-4.1.79.Final.jar:/home/runner/.m2/repository/org/apache/ozone/ozone-csi/1.3.0-SNAPSHOT/ozone-csi-1.3.0-SNAPSHOT.jar:/home/runner/.m2/repository/com/google/protobuf/protobuf-java-util/3.19.2/protobuf-java-util-3.19.2.jar:/home/runner/.m2/repository/com/google/code/gson/gson/2.9.0/gson-2.9.0.jar:/home/runner/.m2/repository/org/apache/ozone/hdds-config/1.3.0-SNAPSHOT/hdds-config-1.3.0-SNAPSHOT.jar:/home/runner/.m2/repository/io/netty/netty-transport-native-epoll/4.1.79.Final/netty-transport-native-epoll-4.1.79.Final-linux-x86_64.jar:/home/runner/.m2/repository/io/netty/netty-transport-classes-epoll/4.1.79.Final/netty-transport-classes-epoll-4.1.79.Final.jar:/home/runner/.m2/repository/io/netty/netty-transport-native-unix-common/4.1.79.Final/netty-transport-native-unix-common-4.1.79.Final.jar:/home/runner/.m2/repository/org/apache/ozone/ozone-recon/1.3.0-SNAPSHOT/ozone-recon-1.3.0-SNAPSHOT.jar:/home/runner/.m2/repository/org/apache/ozone/ozone-reconcodegen/1.3.0-SNAPSHOT/ozone-reconcodegen-1.3.0-SNAPSHOT.jar:/home/runner/.m2/repository/com/google/inject/extensions/guice-multibindings/4.0/guice-multibindings-4.0.jar:/home/runner/.m2/repository/com/google/inject/guice/4.0/guice-4.0.jar:/home/runner/.m2/repository/aopalliance/aopalliance/1.0/aopalliance-1.0.jar:/home/runner/.m2/repository/com/google/inject/extensions/guice-assistedinject/4.0/guice-assistedinject-4.0.jar:/home/runner/.m2/repository/com/google/inject/extensions/guice-servlet/4.0/guice-servlet-4.0.jar:/home/runner/.m2/repository/org/glassfish/jersey/containers/jersey-container-servlet/2.33/jersey-container-servlet-2.33.jar:/home/runner/.m2/repository/org/glassfish/hk2/guice-bridge/2.5.0/guice-bridge-2.5.0.jar:/home/runner/.m2/repository/org/glassfish/jersey/core/jersey-server/2.33/jersey-server-2.33.jar:/home/runner/.m2/repository/org/glassfish/jersey/core/jersey-client/2.33/jersey-client-2.33.jar:/home/runner/.m2/repository/jakarta/annotation/jakarta.annotation-api/1.3.5/jakarta.annotation-api-1.3.5.jar:/home/runner/.m2/repository/jakarta/validation/jakarta.validation-api/2.0.2/jakarta.validation-api-2.0.2.jar:/home/runner/.m2/repository/org/glassfish/jersey/media/jersey-media-json-jackson/2.33/jersey-media-json-jackson-2.33.jar:/home/runner/.m2/repository/org/glassfish/jersey/ext/jersey-entity-filtering/2.33/jersey-entity-filtering-2.33.jar:/home/runner/.m2/repository/org/jooq/jooq/3.11.10/jooq-3.11.10.jar:/home/runner/.m2/repository/org/jooq/jooq-meta/3.11.10/jooq-meta-3.11.10.jar:/home/runner/.m2/repository/org/jooq/jooq-codegen/3.11.10/jooq-codegen-3.11.10.jar:/home/runner/.m2/repository/com/jolbox/bonecp/0.8.0.RELEASE/bonecp-0.8.0.RELEASE.jar:/home/runner/.m2/repository/org/apache/derby/derby/10.14.2.0/derby-10.14.2.0.jar:/home/runner/.m2/repository/org/xerial/sqlite-jdbc/3.25.2/sqlite-jdbc-3.25.2.jar:/home/runner/.m2/repository/org/springframework/spring-jdbc/5.2.20.RELEASE/spring-jdbc-5.2.20.RELEASE.jar:/home/runner/.m2/repository/org/springframework/spring-beans/5.2.20.RELEASE/spring-beans-5.2.20.RELEASE.jar:/home/runner/.m2/repository/org/springframework/spring-core/5.2.20.RELEASE/spring-core-5.2.20.RELEASE.jar:/home/runner/.m2/repository/org/springframework/spring-jcl/5.2.20.RELEASE/spring-jcl-5.2.20.RELEASE.jar:/home/runner/.m2/repository/org/springframework/spring-tx/5.2.20.RELEASE/spring-tx-5.2.20.RELEASE.jar:/home/runner/.m2/repository/org/apache/ozone/ozone-client/1.3.0-SNAPSHOT/ozone-client-1.3.0-SNAPSHOT.jar:/home/runner/.m2/repository/org/apache/ozone/hdds-erasurecode/1.3.0-SNAPSHOT/hdds-erasurecode-1.3.0-SNAPSHOT.jar:/home/runner/.m2/repository/com/github/spotbugs/spotbugs-annotations/3.1.12/spotbugs-annotations-3.1.12.jar:/home/runner/.m2/repository/org/apache/ozone/ozone-filesystem/1.3.0-SNAPSHOT/ozone-filesystem-1.3.0-SNAPSHOT.jar:/home/runner/.m2/repository/org/apache/ozone/ozone-filesystem-common/1.3.0-SNAPSHOT/ozone-filesystem-common-1.3.0-SNAPSHOT.jar:/home/runner/.m2/repository/org/apache/ozone/ozone-tools/1.3.0-SNAPSHOT/ozone-tools-1.3.0-SNAPSHOT.jar:/home/runner/.m2/repository/org/apache/ratis/ratis-tools/2.3.0/ratis-tools-2.3.0.jar:/home/runner/.m2/repository/com/amazonaws/aws-java-sdk-core/1.12.261/aws-java-sdk-core-1.12.261.jar:/home/runner/.m2/repository/org/apache/httpcomponents/httpclient/4.5.13/httpclient-4.5.13.jar:/home/runner/.m2/repository/org/apache/httpcomponents/httpcore/4.4.13/httpcore-4.4.13.jar:/home/runner/.m2/repository/software/amazon/ion/ion-java/1.0.2/ion-java-1.0.2.jar:/home/runner/.m2/repository/com/fasterxml/jackson/dataformat/jackson-dataformat-cbor/2.13.2/jackson-dataformat-cbor-2.13.2.jar:/home/runner/.m2/repository/joda-time/joda-time/2.8.1/joda-time-2.8.1.jar:/home/runner/.m2/repository/com/amazonaws/aws-java-sdk-s3/1.12.261/aws-java-sdk-s3-1.12.261.jar:/home/runner/.m2/repository/com/amazonaws/aws-java-sdk-kms/1.12.261/aws-java-sdk-kms-1.12.261.jar:/home/runner/.m2/repository/com/amazonaws/jmespath-java/1.12.261/jmespath-java-1.12.261.jar:/home/runner/.m2/repository/org/kohsuke/metainf-services/metainf-services/1.8/metainf-services-1.8.jar:/home/runner/.m2/repository/org/apache/ozone/hdds-tools/1.3.0-SNAPSHOT/hdds-tools-1.3.0-SNAPSHOT.jar:/home/runner/.m2/repository/commons-cli/commons-cli/1.2/commons-cli-1.2.jar:/home/runner/.m2/repository/org/apache/commons/commons-lang3/3.7/commons-lang3-3.7.jar:/home/runner/.m2/repository/org/apache/ozone/ozone-manager/1.3.0-SNAPSHOT/ozone-manager-1.3.0-SNAPSHOT-tests.jar:/home/runner/.m2/repository/org/apache/ozone/hdds-common/1.3.0-SNAPSHOT/hdds-common-1.3.0-SNAPSHOT-tests.jar:/home/runner/.m2/repository/org/apache/ozone/hdds-hadoop-dependency-client/1.3.0-SNAPSHOT/hdds-hadoop-dependency-client-1.3.0-SNAPSHOT.jar:/home/runner/.m2/repository/info/picocli/picocli/4.6.1/picocli-4.6.1.jar:/home/runner/.m2/repository/com/fasterxml/jackson/core/jackson-annotations/2.13.2/jackson-annotations-2.13.2.jar:/home/runner/.m2/repository/com/fasterxml/jackson/datatype/jackson-datatype-jsr310/2.13.2/jackson-datatype-jsr310-2.13.2.jar:/home/runner/.m2/repository/org/apache/ozone/hdds-annotation-processing/1.3.0-SNAPSHOT/hdds-annotation-processing-1.3.0-SNAPSHOT.jar:/home/runner/.m2/repository/javax/annotation/javax.annotation-api/1.2/javax.annotation-api-1.2.jar:/home/runner/.m2/repository/org/apache/ratis/ratis-server/2.3.0/ratis-server-2.3.0.jar:/home/runner/.m2/repository/org/apache/ratis/ratis-client/2.3.0/ratis-client-2.3.0.jar:/home/runner/.m2/repository/org/apache/ratis/ratis-server-api/2.3.0/ratis-server-api-2.3.0.jar:/home/runner/.m2/repository/org/apache/ratis/ratis-metrics/2.3.0/ratis-metrics-2.3.0.jar:/home/runner/.m2/repository/org/apache/ratis/ratis-netty/2.3.0/ratis-netty-2.3.0.jar:/home/runner/.m2/repository/org/apache/ratis/ratis-grpc/2.3.0/ratis-grpc-2.3.0.jar:/home/runner/.m2/repository/org/apache/logging/log4j/log4j-api/2.17.1/log4j-api-2.17.1.jar:/home/runner/.m2/repository/org/apache/commons/commons-pool2/2.6.0/commons-pool2-2.6.0.jar:/home/runner/.m2/repository/org/bouncycastle/bcpkix-jdk15on/1.67/bcpkix-jdk15on-1.67.jar:/home/runner/.m2/repository/commons-validator/commons-validator/1.6/commons-validator-1.6.jar:/home/runner/.m2/repository/commons-beanutils/commons-beanutils/1.9.4/commons-beanutils-1.9.4.jar:/home/runner/.m2/repository/commons-digester/commons-digester/1.8.1/commons-digester-1.8.1.jar:/home/runner/.m2/repository/commons-collections/commons-collections/3.2.2/commons-collections-3.2.2.jar:/home/runner/.m2/repository/io/jaegertracing/jaeger-client/1.6.0/jaeger-client-1.6.0.jar:/home/runner/.m2/repository/io/jaegertracing/jaeger-thrift/1.6.0/jaeger-thrift-1.6.0.jar:/home/runner/.m2/repository/org/apache/thrift/libthrift/0.14.1/libthrift-0.14.1.jar:/home/runner/.m2/repository/com/squareup/okhttp3/okhttp/4.9.0/okhttp-4.9.0.jar:/home/runner/.m2/repository/com/squareup/okio/okio/2.8.0/okio-2.8.0.jar:/home/runner/.m2/repository/io/jaegertracing/jaeger-core/1.6.0/jaeger-core-1.6.0.jar:/home/runner/.m2/repository/io/jaegertracing/jaeger-tracerresolver/1.6.0/jaeger-tracerresolver-1.6.0.jar:/home/runner/.m2/repository/io/opentracing/contrib/opentracing-tracerresolver/0.1.8/opentracing-tracerresolver-0.1.8.jar:/home/runner/.m2/repository/org/jetbrains/kotlin/kotlin-stdlib/1.6.21/kotlin-stdlib-1.6.21.jar:/home/runner/.m2/repository/org/jetbrains/kotlin/kotlin-stdlib-common/1.6.21/kotlin-stdlib-common-1.6.21.jar:/home/runner/.m2/repository/org/jetbrains/annotations/13.0/annotations-13.0.jar:/home/runner/.m2/repository/io/opentracing/opentracing-util/0.33.0/opentracing-util-0.33.0.jar:/home/runner/.m2/repository/io/opentracing/opentracing-api/0.33.0/opentracing-api-0.33.0.jar:/home/runner/.m2/repository/io/opentracing/opentracing-noop/0.33.0/opentracing-noop-0.33.0.jar:/home/runner/.m2/repository/org/yaml/snakeyaml/1.26/snakeyaml-1.26.jar:/home/runner/.m2/repository/org/apache/ozone/hdds-interface-admin/1.3.0-SNAPSHOT/hdds-interface-admin-1.3.0-SNAPSHOT.jar:/home/runner/.m2/repository/junit/junit/4.13.1/junit-4.13.1.jar:/home/runner/.m2/repository/org/hamcrest/hamcrest-core/1.3/hamcrest-core-1.3.jar:/home/runner/.m2/repository/org/junit/jupiter/junit-jupiter-api/5.8.2/junit-jupiter-api-5.8.2.jar:/home/runner/.m2/repository/org/opentest4j/opentest4j/1.2.0/opentest4j-1.2.0.jar:/home/runner/.m2/repository/org/junit/platform/junit-platform-commons/1.8.2/junit-platform-commons-1.8.2.jar:/home/runner/.m2/repository/org/apiguardian/apiguardian-api/1.1.2/apiguardian-api-1.1.2.jar:/home/runner/.m2/repository/org/junit/jupiter/junit-jupiter-params/5.8.2/junit-jupiter-params-5.8.2.jar:/home/runner/.m2/repository/org/junit/jupiter/junit-jupiter-migrationsupport/5.8.2/junit-jupiter-migrationsupport-5.8.2.jar:/home/runner/.m2/repository/org/junit/jupiter/junit-jupiter-engine/5.8.2/junit-jupiter-engine-5.8.2.jar:/home/runner/.m2/repository/org/junit/platform/junit-platform-engine/1.8.2/junit-platform-engine-1.8.2.jar:/home/runner/.m2/repository/org/junit/vintage/junit-vintage-engine/5.8.2/junit-vintage-engine-5.8.2.jar:/home/runner/.m2/repository/org/junit/platform/junit-platform-launcher/1.8.2/junit-platform-launcher-1.8.2.jar:/home/runner/.m2/repository/org/mockito/mockito-core/2.28.2/mockito-core-2.28.2.jar:/home/runner/.m2/repository/net/bytebuddy/byte-buddy/1.9.10/byte-buddy-1.9.10.jar:/home/runner/.m2/repository/net/bytebuddy/byte-buddy-agent/1.9.10/byte-buddy-agent-1.9.10.jar:/home/runner/.m2/repository/org/objenesis/objenesis/1.0/objenesis-1.0.jar:/home/runner/.m2/repository/org/apache/hadoop/hadoop-kms/3.3.1/hadoop-kms-3.3.1.jar:/home/runner/.m2/repository/org/apache/hadoop/hadoop-auth/3.3.1/hadoop-auth-3.3.1.jar:/home/runner/.m2/repository/com/nimbusds/nimbus-jose-jwt/7.9/nimbus-jose-jwt-7.9.jar:/home/runner/.m2/repository/com/github/stephenc/jcip/jcip-annotations/1.0-1/jcip-annotations-1.0-1.jar:/home/runner/.m2/repository/net/minidev/json-smart/2.4.7/json-smart-2.4.7.jar:/home/runner/.m2/repository/net/minidev/accessors-smart/2.4.7/accessors-smart-2.4.7.jar:/home/runner/.m2/repository/org/ow2/asm/asm/5.0.4/asm-5.0.4.jar:/home/runner/.m2/repository/org/apache/zookeeper/zookeeper/3.5.6/zookeeper-3.5.6.jar:/home/runner/.m2/repository/org/apache/zookeeper/zookeeper-jute/3.5.6/zookeeper-jute-3.5.6.jar:/home/runner/.m2/repository/org/apache/yetus/audience-annotations/0.5.0/audience-annotations-0.5.0.jar:/home/runner/.m2/repository/org/apache/curator/curator-framework/4.2.0/curator-framework-4.2.0.jar:/home/runner/.m2/repository/org/apache/hadoop/thirdparty/hadoop-shaded-guava/1.1.1/hadoop-shaded-guava-1.1.1.jar:/home/runner/.m2/repository/com/sun/jersey/jersey-core/1.19/jersey-core-1.19.jar:/home/runner/.m2/repository/javax/ws/rs/jsr311-api/1.1.1/jsr311-api-1.1.1.jar:/home/runner/.m2/repository/com/sun/jersey/jersey-server/1.19/jersey-server-1.19.jar:/home/runner/.m2/repository/javax/servlet/javax.servlet-api/3.1.0/javax.servlet-api-3.1.0.jar:/home/runner/.m2/repository/org/eclipse/jetty/jetty-server/9.4.43.v20210629/jetty-server-9.4.43.v20210629.jar:/home/runner/.m2/repository/org/eclipse/jetty/jetty-http/9.4.43.v20210629/jetty-http-9.4.43.v20210629.jar:/home/runner/.m2/repository/org/eclipse/jetty/jetty-io/9.4.43.v20210629/jetty-io-9.4.43.v20210629.jar:/home/runner/.m2/repository/org/eclipse/jetty/jetty-webapp/9.4.43.v20210629/jetty-webapp-9.4.43.v20210629.jar:/home/runner/.m2/repository/org/eclipse/jetty/jetty-xml/9.4.43.v20210629/jetty-xml-9.4.43.v20210629.jar:/home/runner/.m2/repository/org/apache/hadoop/hadoop-common/3.3.1/hadoop-common-3.3.1.jar:/home/runner/.m2/repository/org/apache/commons/commons-math3/3.1.1/commons-math3-3.1.1.jar:/home/runner/.m2/repository/commons-net/commons-net/3.6/commons-net-3.6.jar:/home/runner/.m2/repository/com/sun/jersey/jersey-servlet/1.19/jersey-servlet-1.19.jar:/home/runner/.m2/repository/com/sun/jersey/jersey-json/1.19/jersey-json-1.19.jar:/home/runner/.m2/repository/org/codehaus/jettison/jettison/1.1/jettison-1.1.jar:/home/runner/.m2/repository/com/sun/xml/bind/jaxb-impl/2.2.3-1/jaxb-impl-2.2.3-1.jar:/home/runner/.m2/repository/org/codehaus/jackson/jackson-xc/1.9.2/jackson-xc-1.9.2.jar:/home/runner/.m2/repository/org/apache/commons/commons-configuration2/2.1.1/commons-configuration2-2.1.1.jar:/home/runner/.m2/repository/org/apache/commons/commons-text/1.4/commons-text-1.4.jar:/home/runner/.m2/repository/com/google/re2j/re2j/1.1/re2j-1.1.jar:/home/runner/.m2/repository/com/jcraft/jsch/0.1.54/jsch-0.1.54.jar:/home/runner/.m2/repository/org/apache/curator/curator-client/4.2.0/curator-client-4.2.0.jar:/home/runner/.m2/repository/org/apache/curator/curator-recipes/4.2.0/curator-recipes-4.2.0.jar:/home/runner/.m2/repository/org/apache/kerby/kerb-core/1.0.1/kerb-core-1.0.1.jar:/home/runner/.m2/repository/org/apache/kerby/kerby-pkix/1.0.1/kerby-pkix-1.0.1.jar:/home/runner/.m2/repository/org/apache/kerby/kerby-asn1/1.0.1/kerby-asn1-1.0.1.jar:/home/runner/.m2/repository/org/apache/kerby/kerby-util/1.0.1/kerby-util-1.0.1.jar:/home/runner/.m2/repository/dnsjava/dnsjava/2.1.7/dnsjava-2.1.7.jar:/home/runner/.m2/repository/org/xerial/snappy/snappy-java/1.1.8.2/snappy-java-1.1.8.2.jar:/home/runner/.m2/repository/org/slf4j/jul-to-slf4j/1.7.30/jul-to-slf4j-1.7.30.jar:/home/runner/.m2/repository/org/eclipse/jetty/jetty-util/9.4.43.v20210629/jetty-util-9.4.43.v20210629.jar:/home/runner/.m2/repository/com/fasterxml/jackson/core/jackson-databind/2.13.2.2/jackson-databind-2.13.2.2.jar:/home/runner/.m2/repository/org/apache/hadoop/hadoop-kms/3.3.1/hadoop-kms-3.3.1-tests.jar:/home/runner/.m2/repository/org/apache/ozone/hdds-server-scm/1.3.0-SNAPSHOT/hdds-server-scm-1.3.0-SNAPSHOT-tests.jar:/home/runner/.m2/repository/org/apache/ozone/hdds-container-service/1.3.0-SNAPSHOT/hdds-container-service-1.3.0-SNAPSHOT-tests.jar:/home/runner/.m2/repository/commons-codec/commons-codec/1.11/commons-codec-1.11.jar:/home/runner/.m2/repository/io/netty/netty-codec/4.1.79.Final/netty-codec-4.1.79.Final.jar:/home/runner/.m2/repository/io/netty/netty-handler/4.1.79.Final/netty-handler-4.1.79.Final.jar:/home/runner/.m2/repository/org/apache/ozone/hdds-hadoop-dependency-test/1.3.0-SNAPSHOT/hdds-hadoop-dependency-test-1.3.0-SNAPSHOT.jar:/home/runner/.m2/repository/org/apache/hadoop/hadoop-common/3.3.1/hadoop-common-3.3.1-tests.jar:/home/runner/.m2/repository/org/assertj/assertj-core/3.12.2/assertj-core-3.12.2.jar:/home/runner/.m2/repository/org/apache/hadoop/hadoop-hdfs/3.3.1/hadoop-hdfs-3.3.1-tests.jar:/home/runner/.m2/repository/org/eclipse/jetty/jetty-util-ajax/9.4.43.v20210629/jetty-util-ajax-9.4.43.v20210629.jar:/home/runner/.m2/repository/commons-daemon/commons-daemon/1.0.13/commons-daemon-1.0.13.jar:/home/runner/.m2/repository/io/netty/netty/3.10.6.Final/netty-3.10.6.Final.jar:/home/runner/.m2/repository/io/netty/netty-all/4.1.79.Final/netty-all-4.1.79.Final.jar:/home/runner/.m2/repository/io/netty/netty-codec-dns/4.1.79.Final/netty-codec-dns-4.1.79.Final.jar:/home/runner/.m2/repository/io/netty/netty-codec-haproxy/4.1.79.Final/netty-codec-haproxy-4.1.79.Final.jar:/home/runner/.m2/repository/io/netty/netty-codec-memcache/4.1.79.Final/netty-codec-memcache-4.1.79.Final.jar:/home/runner/.m2/repository/io/netty/netty-codec-mqtt/4.1.79.Final/netty-codec-mqtt-4.1.79.Final.jar:/home/runner/.m2/repository/io/netty/netty-codec-redis/4.1.79.Final/netty-codec-redis-4.1.79.Final.jar:/home/runner/.m2/repository/io/netty/netty-codec-smtp/4.1.79.Final/netty-codec-smtp-4.1.79.Final.jar:/home/runner/.m2/repository/io/netty/netty-codec-stomp/4.1.79.Final/netty-codec-stomp-4.1.79.Final.jar:/home/runner/.m2/repository/io/netty/netty-codec-xml/4.1.79.Final/netty-codec-xml-4.1.79.Final.jar:/home/runner/.m2/repository/io/netty/netty-resolver-dns/4.1.79.Final/netty-resolver-dns-4.1.79.Final.jar:/home/runner/.m2/repository/io/netty/netty-transport-rxtx/4.1.79.Final/netty-transport-rxtx-4.1.79.Final.jar:/home/runner/.m2/repository/io/netty/netty-transport-sctp/4.1.79.Final/netty-transport-sctp-4.1.79.Final.jar:/home/runner/.m2/repository/io/netty/netty-transport-udt/4.1.79.Final/netty-transport-udt-4.1.79.Final.jar:/home/runner/.m2/repository/io/netty/netty-transport-classes-kqueue/4.1.79.Final/netty-transport-classes-kqueue-4.1.79.Final.jar:/home/runner/.m2/repository/io/netty/netty-resolver-dns-classes-macos/4.1.79.Final/netty-resolver-dns-classes-macos-4.1.79.Final.jar:/home/runner/.m2/repository/io/netty/netty-transport-native-epoll/4.1.79.Final/netty-transport-native-epoll-4.1.79.Final-linux-aarch_64.jar:/home/runner/.m2/repository/io/netty/netty-transport-native-kqueue/4.1.79.Final/netty-transport-native-kqueue-4.1.79.Final-osx-x86_64.jar:/home/runner/.m2/repository/io/netty/netty-transport-native-kqueue/4.1.79.Final/netty-transport-native-kqueue-4.1.79.Final-osx-aarch_64.jar:/home/runner/.m2/repository/io/netty/netty-resolver-dns-native-macos/4.1.79.Final/netty-resolver-dns-native-macos-4.1.79.Final-osx-x86_64.jar:/home/runner/.m2/repository/io/netty/netty-resolver-dns-native-macos/4.1.79.Final/netty-resolver-dns-native-macos-4.1.79.Final-osx-aarch_64.jar:/home/runner/.m2/repository/org/apache/htrace/htrace-core4/4.1.0-incubating/htrace-core4-4.1.0-incubating.jar:/home/runner/.m2/repository/org/fusesource/leveldbjni/leveldbjni-all/1.8/leveldbjni-all-1.8.jar:/home/runner/.m2/repository/org/apache/hadoop/hadoop-distcp/3.3.1/hadoop-distcp-3.3.1.jar:/home/runner/.m2/repository/org/apache/hadoop/hadoop-mapreduce-client-jobclient/3.3.1/hadoop-mapreduce-client-jobclient-3.3.1.jar:/home/runner/.m2/repository/org/apache/hadoop/hadoop-mapreduce-client-common/3.3.1/hadoop-mapreduce-client-common-3.3.1.jar:/home/runner/.m2/repository/org/apache/hadoop/hadoop-yarn-common/3.3.1/hadoop-yarn-common-3.3.1.jar:/home/runner/.m2/repository/org/apache/hadoop/hadoop-yarn-api/3.3.1/hadoop-yarn-api-3.3.1.jar:/home/runner/.m2/repository/com/sun/jersey/contribs/jersey-guice/1.19/jersey-guice-1.19.jar:/home/runner/.m2/repository/com/fasterxml/jackson/jaxrs/jackson-jaxrs-json-provider/2.13.2/jackson-jaxrs-json-provider-2.13.2.jar:/home/runner/.m2/repository/com/fasterxml/jackson/jaxrs/jackson-jaxrs-base/2.13.2/jackson-jaxrs-base-2.13.2.jar:/home/runner/.m2/repository/org/apache/hadoop/hadoop-yarn-client/3.3.1/hadoop-yarn-client-3.3.1.jar:/home/runner/.m2/repository/org/eclipse/jetty/websocket/websocket-client/9.4.40.v20210413/websocket-client-9.4.40.v20210413.jar:/home/runner/.m2/repository/org/eclipse/jetty/websocket/websocket-common/9.4.40.v20210413/websocket-common-9.4.40.v20210413.jar:/home/runner/.m2/repository/org/eclipse/jetty/websocket/websocket-api/9.4.40.v20210413/websocket-api-9.4.40.v20210413.jar:/home/runner/.m2/repository/org/jline/jline/3.9.0/jline-3.9.0.jar:/home/runner/.m2/repository/org/apache/hadoop/hadoop-mapreduce-client-core/3.3.1/hadoop-mapreduce-client-core-3.3.1.jar:/home/runner/.m2/repository/org/apache/avro/avro/1.7.7/avro-1.7.7.jar:/home/runner/.m2/repository/org/codehaus/jackson/jackson-core-asl/1.9.13/jackson-core-asl-1.9.13.jar:/home/runner/.m2/repository/org/codehaus/jackson/jackson-mapper-asl/1.9.13/jackson-mapper-asl-1.9.13.jar:/home/runner/.m2/repository/com/thoughtworks/paranamer/paranamer/2.3/paranamer-2.3.jar:/home/runner/.m2/repository/org/apache/hadoop/hadoop-annotations/3.3.1/hadoop-annotations-3.3.1.jar:/opt/hostedtoolcache/jdk/8.0.345/x64/jre/../lib/tools.jar:/home/runner/.m2/repository/org/apache/hadoop/hadoop-distcp/3.3.1/hadoop-distcp-3.3.1-tests.jar:/home/runner/.m2/repository/org/apache/ratis/ratis-common/2.3.0/ratis-common-2.3.0.jar:/home/runner/.m2/repository/org/apache/ratis/ratis-thirdparty-misc/1.0.0/ratis-thirdparty-misc-1.0.0.jar:/home/runner/.m2/repository/org/apache/ratis/ratis-proto/2.3.0/ratis-proto-2.3.0.jar:"/>
    <property name="java.vm.vendor" value="Azul Systems, Inc."/>
    <property name="sun.arch.data.model" value="64"/>
    <property name="test.build.dir" value="/home/runner/work/ozone/ozone/hadoop-ozone/integration-test/target/test-dir"/>
    <property name="test.cache.data" value=""/>
    <property name="java.vendor.url" value="http://www.azul.com/"/>
    <property name="user.timezone" value="Etc/UTC"/>
    <property name="os.name" value="Linux"/>
    <property name="java.vm.specification.version" value="1.8"/>
    <property name="test.build.data" value="/home/runner/work/ozone/ozone/hadoop-ozone/integration-test/target/test-dir"/>
    <property name="sun.java.launcher" value="SUN_STANDARD"/>
    <property name="sun.boot.library.path" value="/opt/hostedtoolcache/jdk/8.0.345/x64/jre/lib/amd64"/>
    <property name="sun.java.command" value="/home/runner/work/ozone/ozone/hadoop-ozone/integration-test/target/surefire/surefirebooter6542193360626166287.jar /home/runner/work/ozone/ozone/hadoop-ozone/integration-test/target/surefire 2022-08-27T00-55-46_522-jvmRun1 surefire4422607705816898255tmp surefire_57900848605967086176tmp"/>
    <property name="surefire.test.class.path" value="/home/runner/work/ozone/ozone/hadoop-ozone/integration-test/target/test-classes:/home/runner/work/ozone/ozone/hadoop-ozone/integration-test/target/classes:/home/runner/.m2/repository/org/apache/ozone/ozone-common/1.3.0-SNAPSHOT/ozone-common-1.3.0-SNAPSHOT.jar:/home/runner/.m2/repository/io/grpc/grpc-netty/1.48.1/grpc-netty-1.48.1.jar:/home/runner/.m2/repository/io/grpc/grpc-core/1.48.1/grpc-core-1.48.1.jar:/home/runner/.m2/repository/com/google/android/annotations/4.1.1.4/annotations-4.1.1.4.jar:/home/runner/.m2/repository/org/codehaus/mojo/animal-sniffer-annotations/1.21/animal-sniffer-annotations-1.21.jar:/home/runner/.m2/repository/com/google/errorprone/error_prone_annotations/2.2.0/error_prone_annotations-2.2.0.jar:/home/runner/.m2/repository/io/perfmark/perfmark-api/0.25.0/perfmark-api-0.25.0.jar:/home/runner/.m2/repository/io/netty/netty-codec-http2/4.1.79.Final/netty-codec-http2-4.1.79.Final.jar:/home/runner/.m2/repository/io/netty/netty-common/4.1.79.Final/netty-common-4.1.79.Final.jar:/home/runner/.m2/repository/io/netty/netty-buffer/4.1.79.Final/netty-buffer-4.1.79.Final.jar:/home/runner/.m2/repository/io/netty/netty-codec-http/4.1.79.Final/netty-codec-http-4.1.79.Final.jar:/home/runner/.m2/repository/io/netty/netty-handler-proxy/4.1.79.Final/netty-handler-proxy-4.1.79.Final.jar:/home/runner/.m2/repository/io/netty/netty-codec-socks/4.1.79.Final/netty-codec-socks-4.1.79.Final.jar:/home/runner/.m2/repository/io/netty/netty-tcnative-boringssl-static/2.0.53.Final/netty-tcnative-boringssl-static-2.0.53.Final.jar:/home/runner/.m2/repository/io/netty/netty-tcnative-classes/2.0.53.Final/netty-tcnative-classes-2.0.53.Final.jar:/home/runner/.m2/repository/io/netty/netty-tcnative-boringssl-static/2.0.53.Final/netty-tcnative-boringssl-static-2.0.53.Final-linux-x86_64.jar:/home/runner/.m2/repository/io/netty/netty-tcnative-boringssl-static/2.0.53.Final/netty-tcnative-boringssl-static-2.0.53.Final-linux-aarch_64.jar:/home/runner/.m2/repository/io/netty/netty-tcnative-boringssl-static/2.0.53.Final/netty-tcnative-boringssl-static-2.0.53.Final-osx-x86_64.jar:/home/runner/.m2/repository/io/netty/netty-tcnative-boringssl-static/2.0.53.Final/netty-tcnative-boringssl-static-2.0.53.Final-osx-aarch_64.jar:/home/runner/.m2/repository/io/netty/netty-tcnative-boringssl-static/2.0.53.Final/netty-tcnative-boringssl-static-2.0.53.Final-windows-x86_64.jar:/home/runner/.m2/repository/org/apache/commons/commons-compress/1.21/commons-compress-1.21.jar:/home/runner/.m2/repository/org/apache/ozone/hdds-common/1.3.0-SNAPSHOT/hdds-common-1.3.0-SNAPSHOT.jar:/home/runner/.m2/repository/org/apache/ozone/hdds-client/1.3.0-SNAPSHOT/hdds-client-1.3.0-SNAPSHOT.jar:/home/runner/.m2/repository/org/apache/ozone/ozone-interface-client/1.3.0-SNAPSHOT/ozone-interface-client-1.3.0-SNAPSHOT.jar:/home/runner/.m2/repository/org/apache/ozone/hdds-test-utils/1.3.0-SNAPSHOT/hdds-test-utils-1.3.0-SNAPSHOT.jar:/home/runner/.m2/repository/com/google/guava/guava/31.1-jre/guava-31.1-jre.jar:/home/runner/.m2/repository/com/google/guava/failureaccess/1.0.1/failureaccess-1.0.1.jar:/home/runner/.m2/repository/com/google/guava/listenablefuture/9999.0-empty-to-avoid-conflict-with-guava/listenablefuture-9999.0-empty-to-avoid-conflict-with-guava.jar:/home/runner/.m2/repository/com/google/code/findbugs/jsr305/3.0.0/jsr305-3.0.0.jar:/home/runner/.m2/repository/org/checkerframework/checker-qual/3.12.0/checker-qual-3.12.0.jar:/home/runner/.m2/repository/com/google/j2objc/j2objc-annotations/1.3/j2objc-annotations-1.3.jar:/home/runner/.m2/repository/commons-io/commons-io/2.11.0/commons-io-2.11.0.jar:/home/runner/.m2/repository/commons-logging/commons-logging/1.2/commons-logging-1.2.jar:/home/runner/.m2/repository/log4j/log4j/1.2.17/log4j-1.2.17.jar:/home/runner/.m2/repository/org/slf4j/slf4j-api/1.7.30/slf4j-api-1.7.30.jar:/home/runner/.m2/repository/org/apache/ozone/hdds-server-scm/1.3.0-SNAPSHOT/hdds-server-scm-1.3.0-SNAPSHOT.jar:/home/runner/.m2/repository/org/apache/ozone/hdds-container-service/1.3.0-SNAPSHOT/hdds-container-service-1.3.0-SNAPSHOT.jar:/home/runner/.m2/repository/org/apache/ozone/hdds-hadoop-dependency-server/1.3.0-SNAPSHOT/hdds-hadoop-dependency-server-1.3.0-SNAPSHOT.jar:/home/runner/.m2/repository/org/apache/hadoop/hadoop-hdfs/3.3.1/hadoop-hdfs-3.3.1.jar:/home/runner/.m2/repository/org/apache/ozone/hdds-server-framework/1.3.0-SNAPSHOT/hdds-server-framework-1.3.0-SNAPSHOT.jar:/home/runner/.m2/repository/org/apache/ozone/hdds-interface-server/1.3.0-SNAPSHOT/hdds-interface-server-1.3.0-SNAPSHOT.jar:/home/runner/.m2/repository/org/apache/logging/log4j/log4j-core/2.17.1/log4j-core-2.17.1.jar:/home/runner/.m2/repository/com/lmax/disruptor/3.4.2/disruptor-3.4.2.jar:/home/runner/.m2/repository/org/eclipse/jetty/jetty-servlet/9.4.43.v20210629/jetty-servlet-9.4.43.v20210629.jar:/home/runner/.m2/repository/org/eclipse/jetty/jetty-security/9.4.43.v20210629/jetty-security-9.4.43.v20210629.jar:/home/runner/.m2/repository/org/rocksdb/rocksdbjni/7.4.5/rocksdbjni-7.4.5.jar:/home/runner/.m2/repository/io/prometheus/simpleclient_dropwizard/0.7.0/simpleclient_dropwizard-0.7.0.jar:/home/runner/.m2/repository/io/prometheus/simpleclient/0.7.0/simpleclient-0.7.0.jar:/home/runner/.m2/repository/io/prometheus/simpleclient_common/0.7.0/simpleclient_common-0.7.0.jar:/home/runner/.m2/repository/io/dropwizard/metrics/metrics-core/3.2.4/metrics-core-3.2.4.jar:/home/runner/.m2/repository/org/apache/hadoop/hadoop-hdfs-client/3.3.1/hadoop-hdfs-client-3.3.1.jar:/home/runner/.m2/repository/org/bouncycastle/bcprov-jdk15on/1.67/bcprov-jdk15on-1.67.jar:/home/runner/.m2/repository/com/google/protobuf/protobuf-java/2.5.0/protobuf-java-2.5.0.jar:/home/runner/.m2/repository/org/apache/ozone/ozone-manager/1.3.0-SNAPSHOT/ozone-manager-1.3.0-SNAPSHOT.jar:/home/runner/.m2/repository/org/aspectj/aspectjrt/1.9.7/aspectjrt-1.9.7.jar:/home/runner/.m2/repository/org/aspectj/aspectjweaver/1.9.7/aspectjweaver-1.9.7.jar:/home/runner/.m2/repository/org/apache/ozone/hdds-interface-client/1.3.0-SNAPSHOT/hdds-interface-client-1.3.0-SNAPSHOT.jar:/home/runner/.m2/repository/org/apache/hadoop/thirdparty/hadoop-shaded-protobuf_3_7/1.1.1/hadoop-shaded-protobuf_3_7-1.1.1.jar:/home/runner/.m2/repository/org/apache/ozone/ozone-interface-storage/1.3.0-SNAPSHOT/ozone-interface-storage-1.3.0-SNAPSHOT.jar:/home/runner/.m2/repository/org/reflections/reflections/0.9.11/reflections-0.9.11.jar:/home/runner/.m2/repository/com/sun/jersey/jersey-client/1.19/jersey-client-1.19.jar:/home/runner/.m2/repository/org/apache/ranger/ranger-intg/2.3.0/ranger-intg-2.3.0.jar:/home/runner/.m2/repository/org/apache/ranger/ranger-plugins-common/2.3.0/ranger-plugins-common-2.3.0.jar:/home/runner/.m2/repository/commons-lang/commons-lang/2.6/commons-lang-2.6.jar:/home/runner/.m2/repository/org/codehaus/jackson/jackson-jaxrs/1.9.13/jackson-jaxrs-1.9.13.jar:/home/runner/.m2/repository/org/apache/ranger/ranger-plugins-cred/2.3.0/ranger-plugins-cred-2.3.0.jar:/home/runner/.m2/repository/org/apache/ranger/ranger-plugins-audit/2.3.0/ranger-plugins-audit-2.3.0.jar:/home/runner/.m2/repository/org/eclipse/jetty/jetty-client/9.4.31.v20200723/jetty-client-9.4.31.v20200723.jar:/home/runner/.m2/repository/org/apache/httpcomponents/httpmime/4.5.6/httpmime-4.5.6.jar:/home/runner/.m2/repository/org/apache/httpcomponents/httpcore-nio/4.4.6/httpcore-nio-4.4.6.jar:/home/runner/.m2/repository/org/apache/httpcomponents/httpasyncclient/4.1.3/httpasyncclient-4.1.3.jar:/home/runner/.m2/repository/com/carrotsearch/hppc/0.8.0/hppc-0.8.0.jar:/home/runner/.m2/repository/org/apache/orc/orc-core/1.5.8/orc-core-1.5.8.jar:/home/runner/.m2/repository/net/java/dev/jna/jna/5.2.0/jna-5.2.0.jar:/home/runner/.m2/repository/net/java/dev/jna/jna-platform/5.2.0/jna-platform-5.2.0.jar:/home/runner/.m2/repository/com/kstruct/gethostname4j/0.0.2/gethostname4j-0.0.2.jar:/home/runner/.m2/repository/org/apache/ranger/ranger-plugin-classloader/2.3.0/ranger-plugin-classloader-2.3.0.jar:/home/runner/.m2/repository/org/apache/hadoop/hadoop-minikdc/3.3.1/hadoop-minikdc-3.3.1.jar:/home/runner/.m2/repository/org/apache/kerby/kerb-simplekdc/1.0.1/kerb-simplekdc-1.0.1.jar:/home/runner/.m2/repository/org/apache/kerby/kerb-client/1.0.1/kerb-client-1.0.1.jar:/home/runner/.m2/repository/org/apache/kerby/kerby-config/1.0.1/kerby-config-1.0.1.jar:/home/runner/.m2/repository/org/apache/kerby/kerb-common/1.0.1/kerb-common-1.0.1.jar:/home/runner/.m2/repository/org/apache/kerby/kerb-crypto/1.0.1/kerb-crypto-1.0.1.jar:/home/runner/.m2/repository/org/apache/kerby/kerb-util/1.0.1/kerb-util-1.0.1.jar:/home/runner/.m2/repository/org/apache/kerby/token-provider/1.0.1/token-provider-1.0.1.jar:/home/runner/.m2/repository/org/apache/kerby/kerb-admin/1.0.1/kerb-admin-1.0.1.jar:/home/runner/.m2/repository/org/apache/kerby/kerb-server/1.0.1/kerb-server-1.0.1.jar:/home/runner/.m2/repository/org/apache/kerby/kerb-identity/1.0.1/kerb-identity-1.0.1.jar:/home/runner/.m2/repository/org/apache/kerby/kerby-xdr/1.0.1/kerby-xdr-1.0.1.jar:/home/runner/.m2/repository/org/slf4j/slf4j-log4j12/1.7.30/slf4j-log4j12-1.7.30.jar:/home/runner/.m2/repository/org/apache/ozone/ozone-s3gateway/1.3.0-SNAPSHOT/ozone-s3gateway-1.3.0-SNAPSHOT.jar:/home/runner/.m2/repository/org/javassist/javassist/3.21.0-GA/javassist-3.21.0-GA.jar:/home/runner/.m2/repository/org/jboss/weld/servlet/weld-servlet/2.4.7.Final/weld-servlet-2.4.7.Final.jar:/home/runner/.m2/repository/org/glassfish/jersey/containers/jersey-container-servlet-core/2.33/jersey-container-servlet-core-2.33.jar:/home/runner/.m2/repository/org/glassfish/hk2/external/jakarta.inject/2.6.1/jakarta.inject-2.6.1.jar:/home/runner/.m2/repository/org/glassfish/jersey/core/jersey-common/2.33/jersey-common-2.33.jar:/home/runner/.m2/repository/jakarta/ws/rs/jakarta.ws.rs-api/2.1.6/jakarta.ws.rs-api-2.1.6.jar:/home/runner/.m2/repository/org/glassfish/jersey/ext/cdi/jersey-cdi1x/2.33/jersey-cdi1x-2.33.jar:/home/runner/.m2/repository/org/glassfish/jersey/inject/jersey-hk2/2.33/jersey-hk2-2.33.jar:/home/runner/.m2/repository/org/glassfish/hk2/hk2-locator/2.6.1/hk2-locator-2.6.1.jar:/home/runner/.m2/repository/org/glassfish/jersey/media/jersey-media-jaxb/2.33/jersey-media-jaxb-2.33.jar:/home/runner/.m2/repository/org/glassfish/hk2/osgi-resource-locator/1.0.3/osgi-resource-locator-1.0.3.jar:/home/runner/.m2/repository/org/glassfish/hk2/hk2-api/2.5.0/hk2-api-2.5.0.jar:/home/runner/.m2/repository/org/glassfish/hk2/hk2-utils/2.5.0/hk2-utils-2.5.0.jar:/home/runner/.m2/repository/org/glassfish/hk2/external/aopalliance-repackaged/2.5.0/aopalliance-repackaged-2.5.0.jar:/home/runner/.m2/repository/com/fasterxml/jackson/dataformat/jackson-dataformat-xml/2.13.2/jackson-dataformat-xml-2.13.2.jar:/home/runner/.m2/repository/com/fasterxml/jackson/core/jackson-core/2.13.2/jackson-core-2.13.2.jar:/home/runner/.m2/repository/org/codehaus/woodstox/stax2-api/3.1.4/stax2-api-3.1.4.jar:/home/runner/.m2/repository/com/fasterxml/woodstox/woodstox-core/5.0.3/woodstox-core-5.0.3.jar:/home/runner/.m2/repository/com/fasterxml/jackson/module/jackson-module-jaxb-annotations/2.13.2/jackson-module-jaxb-annotations-2.13.2.jar:/home/runner/.m2/repository/jakarta/xml/bind/jakarta.xml.bind-api/2.3.3/jakarta.xml.bind-api-2.3.3.jar:/home/runner/.m2/repository/jakarta/activation/jakarta.activation-api/1.2.1/jakarta.activation-api-1.2.1.jar:/home/runner/.m2/repository/javax/enterprise/cdi-api/1.2/cdi-api-1.2.jar:/home/runner/.m2/repository/javax/el/javax.el-api/3.0.0/javax.el-api-3.0.0.jar:/home/runner/.m2/repository/javax/interceptor/javax.interceptor-api/1.2/javax.interceptor-api-1.2.jar:/home/runner/.m2/repository/javax/inject/javax.inject/1/javax.inject-1.jar:/home/runner/.m2/repository/javax/xml/bind/jaxb-api/2.3.0/jaxb-api-2.3.0.jar:/home/runner/.m2/repository/org/glassfish/jaxb/jaxb-runtime/2.3.0.1/jaxb-runtime-2.3.0.1.jar:/home/runner/.m2/repository/org/glassfish/jaxb/jaxb-core/2.3.0.1/jaxb-core-2.3.0.1.jar:/home/runner/.m2/repository/org/glassfish/jaxb/txw2/2.3.0.1/txw2-2.3.0.1.jar:/home/runner/.m2/repository/com/sun/istack/istack-commons-runtime/3.0.5/istack-commons-runtime-3.0.5.jar:/home/runner/.m2/repository/org/jvnet/staxex/stax-ex/1.7.8/stax-ex-1.7.8.jar:/home/runner/.m2/repository/com/sun/xml/fastinfoset/FastInfoset/1.2.13/FastInfoset-1.2.13.jar:/home/runner/.m2/repository/javax/activation/activation/1.1.1/activation-1.1.1.jar:/home/runner/.m2/repository/io/grpc/grpc-protobuf/1.48.1/grpc-protobuf-1.48.1.jar:/home/runner/.m2/repository/io/grpc/grpc-api/1.48.1/grpc-api-1.48.1.jar:/home/runner/.m2/repository/io/grpc/grpc-context/1.48.1/grpc-context-1.48.1.jar:/home/runner/.m2/repository/com/google/api/grpc/proto-google-common-protos/2.9.0/proto-google-common-protos-2.9.0.jar:/home/runner/.m2/repository/io/grpc/grpc-protobuf-lite/1.48.1/grpc-protobuf-lite-1.48.1.jar:/home/runner/.m2/repository/io/grpc/grpc-stub/1.48.1/grpc-stub-1.48.1.jar:/home/runner/.m2/repository/io/netty/netty-transport/4.1.79.Final/netty-transport-4.1.79.Final.jar:/home/runner/.m2/repository/io/netty/netty-resolver/4.1.79.Final/netty-resolver-4.1.79.Final.jar:/home/runner/.m2/repository/org/apache/ozone/ozone-csi/1.3.0-SNAPSHOT/ozone-csi-1.3.0-SNAPSHOT.jar:/home/runner/.m2/repository/com/google/protobuf/protobuf-java-util/3.19.2/protobuf-java-util-3.19.2.jar:/home/runner/.m2/repository/com/google/code/gson/gson/2.9.0/gson-2.9.0.jar:/home/runner/.m2/repository/org/apache/ozone/hdds-config/1.3.0-SNAPSHOT/hdds-config-1.3.0-SNAPSHOT.jar:/home/runner/.m2/repository/io/netty/netty-transport-native-epoll/4.1.79.Final/netty-transport-native-epoll-4.1.79.Final-linux-x86_64.jar:/home/runner/.m2/repository/io/netty/netty-transport-classes-epoll/4.1.79.Final/netty-transport-classes-epoll-4.1.79.Final.jar:/home/runner/.m2/repository/io/netty/netty-transport-native-unix-common/4.1.79.Final/netty-transport-native-unix-common-4.1.79.Final.jar:/home/runner/.m2/repository/org/apache/ozone/ozone-recon/1.3.0-SNAPSHOT/ozone-recon-1.3.0-SNAPSHOT.jar:/home/runner/.m2/repository/org/apache/ozone/ozone-reconcodegen/1.3.0-SNAPSHOT/ozone-reconcodegen-1.3.0-SNAPSHOT.jar:/home/runner/.m2/repository/com/google/inject/extensions/guice-multibindings/4.0/guice-multibindings-4.0.jar:/home/runner/.m2/repository/com/google/inject/guice/4.0/guice-4.0.jar:/home/runner/.m2/repository/aopalliance/aopalliance/1.0/aopalliance-1.0.jar:/home/runner/.m2/repository/com/google/inject/extensions/guice-assistedinject/4.0/guice-assistedinject-4.0.jar:/home/runner/.m2/repository/com/google/inject/extensions/guice-servlet/4.0/guice-servlet-4.0.jar:/home/runner/.m2/repository/org/glassfish/jersey/containers/jersey-container-servlet/2.33/jersey-container-servlet-2.33.jar:/home/runner/.m2/repository/org/glassfish/hk2/guice-bridge/2.5.0/guice-bridge-2.5.0.jar:/home/runner/.m2/repository/org/glassfish/jersey/core/jersey-server/2.33/jersey-server-2.33.jar:/home/runner/.m2/repository/org/glassfish/jersey/core/jersey-client/2.33/jersey-client-2.33.jar:/home/runner/.m2/repository/jakarta/annotation/jakarta.annotation-api/1.3.5/jakarta.annotation-api-1.3.5.jar:/home/runner/.m2/repository/jakarta/validation/jakarta.validation-api/2.0.2/jakarta.validation-api-2.0.2.jar:/home/runner/.m2/repository/org/glassfish/jersey/media/jersey-media-json-jackson/2.33/jersey-media-json-jackson-2.33.jar:/home/runner/.m2/repository/org/glassfish/jersey/ext/jersey-entity-filtering/2.33/jersey-entity-filtering-2.33.jar:/home/runner/.m2/repository/org/jooq/jooq/3.11.10/jooq-3.11.10.jar:/home/runner/.m2/repository/org/jooq/jooq-meta/3.11.10/jooq-meta-3.11.10.jar:/home/runner/.m2/repository/org/jooq/jooq-codegen/3.11.10/jooq-codegen-3.11.10.jar:/home/runner/.m2/repository/com/jolbox/bonecp/0.8.0.RELEASE/bonecp-0.8.0.RELEASE.jar:/home/runner/.m2/repository/org/apache/derby/derby/10.14.2.0/derby-10.14.2.0.jar:/home/runner/.m2/repository/org/xerial/sqlite-jdbc/3.25.2/sqlite-jdbc-3.25.2.jar:/home/runner/.m2/repository/org/springframework/spring-jdbc/5.2.20.RELEASE/spring-jdbc-5.2.20.RELEASE.jar:/home/runner/.m2/repository/org/springframework/spring-beans/5.2.20.RELEASE/spring-beans-5.2.20.RELEASE.jar:/home/runner/.m2/repository/org/springframework/spring-core/5.2.20.RELEASE/spring-core-5.2.20.RELEASE.jar:/home/runner/.m2/repository/org/springframework/spring-jcl/5.2.20.RELEASE/spring-jcl-5.2.20.RELEASE.jar:/home/runner/.m2/repository/org/springframework/spring-tx/5.2.20.RELEASE/spring-tx-5.2.20.RELEASE.jar:/home/runner/.m2/repository/org/apache/ozone/ozone-client/1.3.0-SNAPSHOT/ozone-client-1.3.0-SNAPSHOT.jar:/home/runner/.m2/repository/org/apache/ozone/hdds-erasurecode/1.3.0-SNAPSHOT/hdds-erasurecode-1.3.0-SNAPSHOT.jar:/home/runner/.m2/repository/com/github/spotbugs/spotbugs-annotations/3.1.12/spotbugs-annotations-3.1.12.jar:/home/runner/.m2/repository/org/apache/ozone/ozone-filesystem/1.3.0-SNAPSHOT/ozone-filesystem-1.3.0-SNAPSHOT.jar:/home/runner/.m2/repository/org/apache/ozone/ozone-filesystem-common/1.3.0-SNAPSHOT/ozone-filesystem-common-1.3.0-SNAPSHOT.jar:/home/runner/.m2/repository/org/apache/ozone/ozone-tools/1.3.0-SNAPSHOT/ozone-tools-1.3.0-SNAPSHOT.jar:/home/runner/.m2/repository/org/apache/ratis/ratis-tools/2.3.0/ratis-tools-2.3.0.jar:/home/runner/.m2/repository/com/amazonaws/aws-java-sdk-core/1.12.261/aws-java-sdk-core-1.12.261.jar:/home/runner/.m2/repository/org/apache/httpcomponents/httpclient/4.5.13/httpclient-4.5.13.jar:/home/runner/.m2/repository/org/apache/httpcomponents/httpcore/4.4.13/httpcore-4.4.13.jar:/home/runner/.m2/repository/software/amazon/ion/ion-java/1.0.2/ion-java-1.0.2.jar:/home/runner/.m2/repository/com/fasterxml/jackson/dataformat/jackson-dataformat-cbor/2.13.2/jackson-dataformat-cbor-2.13.2.jar:/home/runner/.m2/repository/joda-time/joda-time/2.8.1/joda-time-2.8.1.jar:/home/runner/.m2/repository/com/amazonaws/aws-java-sdk-s3/1.12.261/aws-java-sdk-s3-1.12.261.jar:/home/runner/.m2/repository/com/amazonaws/aws-java-sdk-kms/1.12.261/aws-java-sdk-kms-1.12.261.jar:/home/runner/.m2/repository/com/amazonaws/jmespath-java/1.12.261/jmespath-java-1.12.261.jar:/home/runner/.m2/repository/org/kohsuke/metainf-services/metainf-services/1.8/metainf-services-1.8.jar:/home/runner/.m2/repository/org/apache/ozone/hdds-tools/1.3.0-SNAPSHOT/hdds-tools-1.3.0-SNAPSHOT.jar:/home/runner/.m2/repository/commons-cli/commons-cli/1.2/commons-cli-1.2.jar:/home/runner/.m2/repository/org/apache/commons/commons-lang3/3.7/commons-lang3-3.7.jar:/home/runner/.m2/repository/org/apache/ozone/ozone-manager/1.3.0-SNAPSHOT/ozone-manager-1.3.0-SNAPSHOT-tests.jar:/home/runner/.m2/repository/org/apache/ozone/hdds-common/1.3.0-SNAPSHOT/hdds-common-1.3.0-SNAPSHOT-tests.jar:/home/runner/.m2/repository/org/apache/ozone/hdds-hadoop-dependency-client/1.3.0-SNAPSHOT/hdds-hadoop-dependency-client-1.3.0-SNAPSHOT.jar:/home/runner/.m2/repository/info/picocli/picocli/4.6.1/picocli-4.6.1.jar:/home/runner/.m2/repository/com/fasterxml/jackson/core/jackson-annotations/2.13.2/jackson-annotations-2.13.2.jar:/home/runner/.m2/repository/com/fasterxml/jackson/datatype/jackson-datatype-jsr310/2.13.2/jackson-datatype-jsr310-2.13.2.jar:/home/runner/.m2/repository/org/apache/ozone/hdds-annotation-processing/1.3.0-SNAPSHOT/hdds-annotation-processing-1.3.0-SNAPSHOT.jar:/home/runner/.m2/repository/javax/annotation/javax.annotation-api/1.2/javax.annotation-api-1.2.jar:/home/runner/.m2/repository/org/apache/ratis/ratis-server/2.3.0/ratis-server-2.3.0.jar:/home/runner/.m2/repository/org/apache/ratis/ratis-client/2.3.0/ratis-client-2.3.0.jar:/home/runner/.m2/repository/org/apache/ratis/ratis-server-api/2.3.0/ratis-server-api-2.3.0.jar:/home/runner/.m2/repository/org/apache/ratis/ratis-metrics/2.3.0/ratis-metrics-2.3.0.jar:/home/runner/.m2/repository/org/apache/ratis/ratis-netty/2.3.0/ratis-netty-2.3.0.jar:/home/runner/.m2/repository/org/apache/ratis/ratis-grpc/2.3.0/ratis-grpc-2.3.0.jar:/home/runner/.m2/repository/org/apache/logging/log4j/log4j-api/2.17.1/log4j-api-2.17.1.jar:/home/runner/.m2/repository/org/apache/commons/commons-pool2/2.6.0/commons-pool2-2.6.0.jar:/home/runner/.m2/repository/org/bouncycastle/bcpkix-jdk15on/1.67/bcpkix-jdk15on-1.67.jar:/home/runner/.m2/repository/commons-validator/commons-validator/1.6/commons-validator-1.6.jar:/home/runner/.m2/repository/commons-beanutils/commons-beanutils/1.9.4/commons-beanutils-1.9.4.jar:/home/runner/.m2/repository/commons-digester/commons-digester/1.8.1/commons-digester-1.8.1.jar:/home/runner/.m2/repository/commons-collections/commons-collections/3.2.2/commons-collections-3.2.2.jar:/home/runner/.m2/repository/io/jaegertracing/jaeger-client/1.6.0/jaeger-client-1.6.0.jar:/home/runner/.m2/repository/io/jaegertracing/jaeger-thrift/1.6.0/jaeger-thrift-1.6.0.jar:/home/runner/.m2/repository/org/apache/thrift/libthrift/0.14.1/libthrift-0.14.1.jar:/home/runner/.m2/repository/com/squareup/okhttp3/okhttp/4.9.0/okhttp-4.9.0.jar:/home/runner/.m2/repository/com/squareup/okio/okio/2.8.0/okio-2.8.0.jar:/home/runner/.m2/repository/io/jaegertracing/jaeger-core/1.6.0/jaeger-core-1.6.0.jar:/home/runner/.m2/repository/io/jaegertracing/jaeger-tracerresolver/1.6.0/jaeger-tracerresolver-1.6.0.jar:/home/runner/.m2/repository/io/opentracing/contrib/opentracing-tracerresolver/0.1.8/opentracing-tracerresolver-0.1.8.jar:/home/runner/.m2/repository/org/jetbrains/kotlin/kotlin-stdlib/1.6.21/kotlin-stdlib-1.6.21.jar:/home/runner/.m2/repository/org/jetbrains/kotlin/kotlin-stdlib-common/1.6.21/kotlin-stdlib-common-1.6.21.jar:/home/runner/.m2/repository/org/jetbrains/annotations/13.0/annotations-13.0.jar:/home/runner/.m2/repository/io/opentracing/opentracing-util/0.33.0/opentracing-util-0.33.0.jar:/home/runner/.m2/repository/io/opentracing/opentracing-api/0.33.0/opentracing-api-0.33.0.jar:/home/runner/.m2/repository/io/opentracing/opentracing-noop/0.33.0/opentracing-noop-0.33.0.jar:/home/runner/.m2/repository/org/yaml/snakeyaml/1.26/snakeyaml-1.26.jar:/home/runner/.m2/repository/org/apache/ozone/hdds-interface-admin/1.3.0-SNAPSHOT/hdds-interface-admin-1.3.0-SNAPSHOT.jar:/home/runner/.m2/repository/junit/junit/4.13.1/junit-4.13.1.jar:/home/runner/.m2/repository/org/hamcrest/hamcrest-core/1.3/hamcrest-core-1.3.jar:/home/runner/.m2/repository/org/junit/jupiter/junit-jupiter-api/5.8.2/junit-jupiter-api-5.8.2.jar:/home/runner/.m2/repository/org/opentest4j/opentest4j/1.2.0/opentest4j-1.2.0.jar:/home/runner/.m2/repository/org/junit/platform/junit-platform-commons/1.8.2/junit-platform-commons-1.8.2.jar:/home/runner/.m2/repository/org/apiguardian/apiguardian-api/1.1.2/apiguardian-api-1.1.2.jar:/home/runner/.m2/repository/org/junit/jupiter/junit-jupiter-params/5.8.2/junit-jupiter-params-5.8.2.jar:/home/runner/.m2/repository/org/junit/jupiter/junit-jupiter-migrationsupport/5.8.2/junit-jupiter-migrationsupport-5.8.2.jar:/home/runner/.m2/repository/org/junit/jupiter/junit-jupiter-engine/5.8.2/junit-jupiter-engine-5.8.2.jar:/home/runner/.m2/repository/org/junit/platform/junit-platform-engine/1.8.2/junit-platform-engine-1.8.2.jar:/home/runner/.m2/repository/org/junit/vintage/junit-vintage-engine/5.8.2/junit-vintage-engine-5.8.2.jar:/home/runner/.m2/repository/org/junit/platform/junit-platform-launcher/1.8.2/junit-platform-launcher-1.8.2.jar:/home/runner/.m2/repository/org/mockito/mockito-core/2.28.2/mockito-core-2.28.2.jar:/home/runner/.m2/repository/net/bytebuddy/byte-buddy/1.9.10/byte-buddy-1.9.10.jar:/home/runner/.m2/repository/net/bytebuddy/byte-buddy-agent/1.9.10/byte-buddy-agent-1.9.10.jar:/home/runner/.m2/repository/org/objenesis/objenesis/1.0/objenesis-1.0.jar:/home/runner/.m2/repository/org/apache/hadoop/hadoop-kms/3.3.1/hadoop-kms-3.3.1.jar:/home/runner/.m2/repository/org/apache/hadoop/hadoop-auth/3.3.1/hadoop-auth-3.3.1.jar:/home/runner/.m2/repository/com/nimbusds/nimbus-jose-jwt/7.9/nimbus-jose-jwt-7.9.jar:/home/runner/.m2/repository/com/github/stephenc/jcip/jcip-annotations/1.0-1/jcip-annotations-1.0-1.jar:/home/runner/.m2/repository/net/minidev/json-smart/2.4.7/json-smart-2.4.7.jar:/home/runner/.m2/repository/net/minidev/accessors-smart/2.4.7/accessors-smart-2.4.7.jar:/home/runner/.m2/repository/org/ow2/asm/asm/5.0.4/asm-5.0.4.jar:/home/runner/.m2/repository/org/apache/zookeeper/zookeeper/3.5.6/zookeeper-3.5.6.jar:/home/runner/.m2/repository/org/apache/zookeeper/zookeeper-jute/3.5.6/zookeeper-jute-3.5.6.jar:/home/runner/.m2/repository/org/apache/yetus/audience-annotations/0.5.0/audience-annotations-0.5.0.jar:/home/runner/.m2/repository/org/apache/curator/curator-framework/4.2.0/curator-framework-4.2.0.jar:/home/runner/.m2/repository/org/apache/hadoop/thirdparty/hadoop-shaded-guava/1.1.1/hadoop-shaded-guava-1.1.1.jar:/home/runner/.m2/repository/com/sun/jersey/jersey-core/1.19/jersey-core-1.19.jar:/home/runner/.m2/repository/javax/ws/rs/jsr311-api/1.1.1/jsr311-api-1.1.1.jar:/home/runner/.m2/repository/com/sun/jersey/jersey-server/1.19/jersey-server-1.19.jar:/home/runner/.m2/repository/javax/servlet/javax.servlet-api/3.1.0/javax.servlet-api-3.1.0.jar:/home/runner/.m2/repository/org/eclipse/jetty/jetty-server/9.4.43.v20210629/jetty-server-9.4.43.v20210629.jar:/home/runner/.m2/repository/org/eclipse/jetty/jetty-http/9.4.43.v20210629/jetty-http-9.4.43.v20210629.jar:/home/runner/.m2/repository/org/eclipse/jetty/jetty-io/9.4.43.v20210629/jetty-io-9.4.43.v20210629.jar:/home/runner/.m2/repository/org/eclipse/jetty/jetty-webapp/9.4.43.v20210629/jetty-webapp-9.4.43.v20210629.jar:/home/runner/.m2/repository/org/eclipse/jetty/jetty-xml/9.4.43.v20210629/jetty-xml-9.4.43.v20210629.jar:/home/runner/.m2/repository/org/apache/hadoop/hadoop-common/3.3.1/hadoop-common-3.3.1.jar:/home/runner/.m2/repository/org/apache/commons/commons-math3/3.1.1/commons-math3-3.1.1.jar:/home/runner/.m2/repository/commons-net/commons-net/3.6/commons-net-3.6.jar:/home/runner/.m2/repository/com/sun/jersey/jersey-servlet/1.19/jersey-servlet-1.19.jar:/home/runner/.m2/repository/com/sun/jersey/jersey-json/1.19/jersey-json-1.19.jar:/home/runner/.m2/repository/org/codehaus/jettison/jettison/1.1/jettison-1.1.jar:/home/runner/.m2/repository/com/sun/xml/bind/jaxb-impl/2.2.3-1/jaxb-impl-2.2.3-1.jar:/home/runner/.m2/repository/org/codehaus/jackson/jackson-xc/1.9.2/jackson-xc-1.9.2.jar:/home/runner/.m2/repository/org/apache/commons/commons-configuration2/2.1.1/commons-configuration2-2.1.1.jar:/home/runner/.m2/repository/org/apache/commons/commons-text/1.4/commons-text-1.4.jar:/home/runner/.m2/repository/com/google/re2j/re2j/1.1/re2j-1.1.jar:/home/runner/.m2/repository/com/jcraft/jsch/0.1.54/jsch-0.1.54.jar:/home/runner/.m2/repository/org/apache/curator/curator-client/4.2.0/curator-client-4.2.0.jar:/home/runner/.m2/repository/org/apache/curator/curator-recipes/4.2.0/curator-recipes-4.2.0.jar:/home/runner/.m2/repository/org/apache/kerby/kerb-core/1.0.1/kerb-core-1.0.1.jar:/home/runner/.m2/repository/org/apache/kerby/kerby-pkix/1.0.1/kerby-pkix-1.0.1.jar:/home/runner/.m2/repository/org/apache/kerby/kerby-asn1/1.0.1/kerby-asn1-1.0.1.jar:/home/runner/.m2/repository/org/apache/kerby/kerby-util/1.0.1/kerby-util-1.0.1.jar:/home/runner/.m2/repository/dnsjava/dnsjava/2.1.7/dnsjava-2.1.7.jar:/home/runner/.m2/repository/org/xerial/snappy/snappy-java/1.1.8.2/snappy-java-1.1.8.2.jar:/home/runner/.m2/repository/org/slf4j/jul-to-slf4j/1.7.30/jul-to-slf4j-1.7.30.jar:/home/runner/.m2/repository/org/eclipse/jetty/jetty-util/9.4.43.v20210629/jetty-util-9.4.43.v20210629.jar:/home/runner/.m2/repository/com/fasterxml/jackson/core/jackson-databind/2.13.2.2/jackson-databind-2.13.2.2.jar:/home/runner/.m2/repository/org/apache/hadoop/hadoop-kms/3.3.1/hadoop-kms-3.3.1-tests.jar:/home/runner/.m2/repository/org/apache/ozone/hdds-server-scm/1.3.0-SNAPSHOT/hdds-server-scm-1.3.0-SNAPSHOT-tests.jar:/home/runner/.m2/repository/org/apache/ozone/hdds-container-service/1.3.0-SNAPSHOT/hdds-container-service-1.3.0-SNAPSHOT-tests.jar:/home/runner/.m2/repository/commons-codec/commons-codec/1.11/commons-codec-1.11.jar:/home/runner/.m2/repository/io/netty/netty-codec/4.1.79.Final/netty-codec-4.1.79.Final.jar:/home/runner/.m2/repository/io/netty/netty-handler/4.1.79.Final/netty-handler-4.1.79.Final.jar:/home/runner/.m2/repository/org/apache/ozone/hdds-hadoop-dependency-test/1.3.0-SNAPSHOT/hdds-hadoop-dependency-test-1.3.0-SNAPSHOT.jar:/home/runner/.m2/repository/org/apache/hadoop/hadoop-common/3.3.1/hadoop-common-3.3.1-tests.jar:/home/runner/.m2/repository/org/assertj/assertj-core/3.12.2/assertj-core-3.12.2.jar:/home/runner/.m2/repository/org/apache/hadoop/hadoop-hdfs/3.3.1/hadoop-hdfs-3.3.1-tests.jar:/home/runner/.m2/repository/org/eclipse/jetty/jetty-util-ajax/9.4.43.v20210629/jetty-util-ajax-9.4.43.v20210629.jar:/home/runner/.m2/repository/commons-daemon/commons-daemon/1.0.13/commons-daemon-1.0.13.jar:/home/runner/.m2/repository/io/netty/netty/3.10.6.Final/netty-3.10.6.Final.jar:/home/runner/.m2/repository/io/netty/netty-all/4.1.79.Final/netty-all-4.1.79.Final.jar:/home/runner/.m2/repository/io/netty/netty-codec-dns/4.1.79.Final/netty-codec-dns-4.1.79.Final.jar:/home/runner/.m2/repository/io/netty/netty-codec-haproxy/4.1.79.Final/netty-codec-haproxy-4.1.79.Final.jar:/home/runner/.m2/repository/io/netty/netty-codec-memcache/4.1.79.Final/netty-codec-memcache-4.1.79.Final.jar:/home/runner/.m2/repository/io/netty/netty-codec-mqtt/4.1.79.Final/netty-codec-mqtt-4.1.79.Final.jar:/home/runner/.m2/repository/io/netty/netty-codec-redis/4.1.79.Final/netty-codec-redis-4.1.79.Final.jar:/home/runner/.m2/repository/io/netty/netty-codec-smtp/4.1.79.Final/netty-codec-smtp-4.1.79.Final.jar:/home/runner/.m2/repository/io/netty/netty-codec-stomp/4.1.79.Final/netty-codec-stomp-4.1.79.Final.jar:/home/runner/.m2/repository/io/netty/netty-codec-xml/4.1.79.Final/netty-codec-xml-4.1.79.Final.jar:/home/runner/.m2/repository/io/netty/netty-resolver-dns/4.1.79.Final/netty-resolver-dns-4.1.79.Final.jar:/home/runner/.m2/repository/io/netty/netty-transport-rxtx/4.1.79.Final/netty-transport-rxtx-4.1.79.Final.jar:/home/runner/.m2/repository/io/netty/netty-transport-sctp/4.1.79.Final/netty-transport-sctp-4.1.79.Final.jar:/home/runner/.m2/repository/io/netty/netty-transport-udt/4.1.79.Final/netty-transport-udt-4.1.79.Final.jar:/home/runner/.m2/repository/io/netty/netty-transport-classes-kqueue/4.1.79.Final/netty-transport-classes-kqueue-4.1.79.Final.jar:/home/runner/.m2/repository/io/netty/netty-resolver-dns-classes-macos/4.1.79.Final/netty-resolver-dns-classes-macos-4.1.79.Final.jar:/home/runner/.m2/repository/io/netty/netty-transport-native-epoll/4.1.79.Final/netty-transport-native-epoll-4.1.79.Final-linux-aarch_64.jar:/home/runner/.m2/repository/io/netty/netty-transport-native-kqueue/4.1.79.Final/netty-transport-native-kqueue-4.1.79.Final-osx-x86_64.jar:/home/runner/.m2/repository/io/netty/netty-transport-native-kqueue/4.1.79.Final/netty-transport-native-kqueue-4.1.79.Final-osx-aarch_64.jar:/home/runner/.m2/repository/io/netty/netty-resolver-dns-native-macos/4.1.79.Final/netty-resolver-dns-native-macos-4.1.79.Final-osx-x86_64.jar:/home/runner/.m2/repository/io/netty/netty-resolver-dns-native-macos/4.1.79.Final/netty-resolver-dns-native-macos-4.1.79.Final-osx-aarch_64.jar:/home/runner/.m2/repository/org/apache/htrace/htrace-core4/4.1.0-incubating/htrace-core4-4.1.0-incubating.jar:/home/runner/.m2/repository/org/fusesource/leveldbjni/leveldbjni-all/1.8/leveldbjni-all-1.8.jar:/home/runner/.m2/repository/org/apache/hadoop/hadoop-distcp/3.3.1/hadoop-distcp-3.3.1.jar:/home/runner/.m2/repository/org/apache/hadoop/hadoop-mapreduce-client-jobclient/3.3.1/hadoop-mapreduce-client-jobclient-3.3.1.jar:/home/runner/.m2/repository/org/apache/hadoop/hadoop-mapreduce-client-common/3.3.1/hadoop-mapreduce-client-common-3.3.1.jar:/home/runner/.m2/repository/org/apache/hadoop/hadoop-yarn-common/3.3.1/hadoop-yarn-common-3.3.1.jar:/home/runner/.m2/repository/org/apache/hadoop/hadoop-yarn-api/3.3.1/hadoop-yarn-api-3.3.1.jar:/home/runner/.m2/repository/com/sun/jersey/contribs/jersey-guice/1.19/jersey-guice-1.19.jar:/home/runner/.m2/repository/com/fasterxml/jackson/jaxrs/jackson-jaxrs-json-provider/2.13.2/jackson-jaxrs-json-provider-2.13.2.jar:/home/runner/.m2/repository/com/fasterxml/jackson/jaxrs/jackson-jaxrs-base/2.13.2/jackson-jaxrs-base-2.13.2.jar:/home/runner/.m2/repository/org/apache/hadoop/hadoop-yarn-client/3.3.1/hadoop-yarn-client-3.3.1.jar:/home/runner/.m2/repository/org/eclipse/jetty/websocket/websocket-client/9.4.40.v20210413/websocket-client-9.4.40.v20210413.jar:/home/runner/.m2/repository/org/eclipse/jetty/websocket/websocket-common/9.4.40.v20210413/websocket-common-9.4.40.v20210413.jar:/home/runner/.m2/repository/org/eclipse/jetty/websocket/websocket-api/9.4.40.v20210413/websocket-api-9.4.40.v20210413.jar:/home/runner/.m2/repository/org/jline/jline/3.9.0/jline-3.9.0.jar:/home/runner/.m2/repository/org/apache/hadoop/hadoop-mapreduce-client-core/3.3.1/hadoop-mapreduce-client-core-3.3.1.jar:/home/runner/.m2/repository/org/apache/avro/avro/1.7.7/avro-1.7.7.jar:/home/runner/.m2/repository/org/codehaus/jackson/jackson-core-asl/1.9.13/jackson-core-asl-1.9.13.jar:/home/runner/.m2/repository/org/codehaus/jackson/jackson-mapper-asl/1.9.13/jackson-mapper-asl-1.9.13.jar:/home/runner/.m2/repository/com/thoughtworks/paranamer/paranamer/2.3/paranamer-2.3.jar:/home/runner/.m2/repository/org/apache/hadoop/hadoop-annotations/3.3.1/hadoop-annotations-3.3.1.jar:/opt/hostedtoolcache/jdk/8.0.345/x64/jre/../lib/tools.jar:/home/runner/.m2/repository/org/apache/hadoop/hadoop-distcp/3.3.1/hadoop-distcp-3.3.1-tests.jar:/home/runner/.m2/repository/org/apache/ratis/ratis-common/2.3.0/ratis-common-2.3.0.jar:/home/runner/.m2/repository/org/apache/ratis/ratis-thirdparty-misc/1.0.0/ratis-thirdparty-misc-1.0.0.jar:/home/runner/.m2/repository/org/apache/ratis/ratis-proto/2.3.0/ratis-proto-2.3.0.jar:"/>
    <property name="sun.cpu.endian" value="little"/>
    <property name="user.home" value="/home/runner"/>
    <property name="user.language" value="en"/>
    <property name="java.specification.vendor" value="Oracle Corporation"/>
    <property name="java.home" value="/opt/hostedtoolcache/jdk/8.0.345/x64/jre"/>
    <property name="java.security.krb5.conf" value="/home/runner/work/ozone/ozone/hadoop-ozone/integration-test/target/test-classes/krb5.conf"/>
    <property name="basedir" value="/home/runner/work/ozone/ozone/hadoop-ozone/integration-test"/>
    <property name="file.separator" value="/"/>
    <property name="line.separator" value="&#10;"/>
    <property name="jdk.vendor.version" value="Zulu 8.64.0.19-CA-linux64"/>
    <property name="java.vm.specification.vendor" value="Oracle Corporation"/>
    <property name="java.specification.name" value="Java Platform API Specification"/>
    <property name="java.awt.graphicsenv" value="sun.awt.X11GraphicsEnvironment"/>
    <property name="skip.installnpx" value="true"/>
    <property name="surefire.fork.timeout" value="3600"/>
    <property name="surefire.real.class.path" value="/home/runner/work/ozone/ozone/hadoop-ozone/integration-test/target/surefire/surefirebooter6542193360626166287.jar:/home/runner/.m2/repository/org/jacoco/org.jacoco.agent/0.8.5/org.jacoco.agent-0.8.5-runtime.jar"/>
    <property name="hadoop.log.dir" value="/home/runner/work/ozone/ozone/hadoop-ozone/integration-test/target/log"/>
    <property name="sun.boot.class.path" value="/opt/hostedtoolcache/jdk/8.0.345/x64/jre/lib/resources.jar:/opt/hostedtoolcache/jdk/8.0.345/x64/jre/lib/rt.jar:/opt/hostedtoolcache/jdk/8.0.345/x64/jre/lib/sunrsasign.jar:/opt/hostedtoolcache/jdk/8.0.345/x64/jre/lib/jsse.jar:/opt/hostedtoolcache/jdk/8.0.345/x64/jre/lib/jce.jar:/opt/hostedtoolcache/jdk/8.0.345/x64/jre/lib/charsets.jar:/opt/hostedtoolcache/jdk/8.0.345/x64/jre/lib/jfr.jar:/opt/hostedtoolcache/jdk/8.0.345/x64/jre/lib/cat.jar:/opt/hostedtoolcache/jdk/8.0.345/x64/jre/classes"/>
    <property name="sun.management.compiler" value="HotSpot 64-Bit Tiered Compilers"/>
    <property name="skip.npx" value="true"/>
    <property name="java.runtime.version" value="1.8.0_345-b01"/>
    <property name="java.net.preferIPv4Stack" value="true"/>
    <property name="user.name" value="runner"/>
    <property name="path.separator" value=":"/>
    <property name="java.security.egd" value="file:///dev/urandom"/>
    <property name="os.version" value="5.15.0-1017-azure"/>
    <property name="java.endorsed.dirs" value="/opt/hostedtoolcache/jdk/8.0.345/x64/jre/lib/endorsed"/>
    <property name="java.runtime.name" value="OpenJDK Runtime Environment"/>
    <property name="file.encoding" value="UTF-8"/>
    <property name="java.vm.name" value="OpenJDK 64-Bit Server VM"/>
    <property name="test.build.webapps" value=""/>
    <property name="localRepository" value="/home/runner/.m2/repository"/>
    <property name="jetty.git.hash" value="526006ecfa3af7f1a27ef3a288e2bef7ea9dd7e8"/>
    <property name="java.vendor.url.bug" value="http://www.azul.com/support/"/>
    <property name="java.io.tmpdir" value="/tmp"/>
    <property name="require.test.libhadoop" value=""/>
    <property name="surefire.rerunFailingTestsCount" value="5"/>
    <property name="java.version" value="1.8.0_345"/>
    <property name="user.dir" value="/home/runner/work/ozone/ozone/hadoop-ozone/integration-test"/>
    <property name="os.arch" value="amd64"/>
    <property name="java.vm.specification.name" value="Java Virtual Machine Specification"/>
    <property name="test.build.classes" value="/home/runner/work/ozone/ozone/hadoop-ozone/integration-test/target/test-classes"/>
    <property name="java.awt.printerjob" value="sun.print.PSPrinterJob"/>
    <property name="sun.os.patch.level" value="unknown"/>
    <property name="hadoop.tmp.dir" value="/home/runner/work/ozone/ozone/hadoop-ozone/integration-test/target/tmp"/>
    <property name="java.library.path" value="/usr/java/packages/lib/amd64:/usr/lib64:/lib64:/lib:/usr/lib"/>
    <property name="java.vm.info" value="mixed mode"/>
    <property name="java.vendor" value="Azul Systems, Inc."/>
    <property name="java.vm.version" value="25.345-b01"/>
    <property name="java.ext.dirs" value="/opt/hostedtoolcache/jdk/8.0.345/x64/jre/lib/ext:/usr/java/packages/lib/ext"/>
    <property name="sun.io.unicode.encoding" value="UnicodeLittle"/>
    <property name="java.class.version" value="52.0"/>
  </properties>
  <testcase name="testNodeWithOpenPipelineCanBeDecommissionedAndRecommissioned" classname="org.apache.hadoop.ozone.scm.node.TestDecommissionAndMaintenance" time="38.993">
    <error type="java.lang.IllegalStateException"><![CDATA[java.lang.IllegalStateException: zip file closed
	at java.util.zip.ZipFile.ensureOpen(ZipFile.java:701)
	at java.util.zip.ZipFile.access$200(ZipFile.java:61)
	at java.util.zip.ZipFile$ZipEntryIterator.hasNext(ZipFile.java:523)
	at java.util.zip.ZipFile$ZipEntryIterator.hasMoreElements(ZipFile.java:518)
	at java.util.jar.JarFile$JarEntryIterator.hasNext(JarFile.java:266)
	at java.util.jar.JarFile$JarEntryIterator.hasMoreElements(JarFile.java:275)
	at org.reflections.vfs.ZipDir$1$1.computeNext(ZipDir.java:30)
	at org.reflections.vfs.ZipDir$1$1.computeNext(ZipDir.java:26)
	at com.google.common.collect.AbstractIterator.tryToComputeNext(AbstractIterator.java:146)
	at com.google.common.collect.AbstractIterator.hasNext(AbstractIterator.java:141)
	at org.reflections.Reflections.scan(Reflections.java:243)
	at org.reflections.Reflections.scan(Reflections.java:202)
	at org.reflections.Reflections.<init>(Reflections.java:123)
	at org.reflections.Reflections.<init>(Reflections.java:168)
	at org.apache.hadoop.hdds.upgrade.HDDSLayoutVersionManager.registerUpgradeActions(HDDSLayoutVersionManager.java:64)
	at org.apache.hadoop.hdds.upgrade.HDDSLayoutVersionManager.<init>(HDDSLayoutVersionManager.java:51)
	at org.apache.hadoop.ozone.container.common.statemachine.DatanodeStateMachine.<init>(DatanodeStateMachine.java:144)
	at org.apache.hadoop.ozone.HddsDatanodeService.start(HddsDatanodeService.java:279)
	at org.apache.hadoop.ozone.HddsDatanodeService.start(HddsDatanodeService.java:209)
	at org.apache.hadoop.ozone.MiniOzoneClusterImpl.restartHddsDatanode(MiniOzoneClusterImpl.java:418)
	at org.apache.hadoop.ozone.scm.node.TestDecommissionAndMaintenance.testNodeWithOpenPipelineCanBeDecommissionedAndRecommissioned(TestDecommissionAndMaintenance.java:198)
	at sun.reflect.NativeMethodAccessorImpl.invoke0(Native Method)
	at sun.reflect.NativeMethodAccessorImpl.invoke(NativeMethodAccessorImpl.java:62)
	at sun.reflect.DelegatingMethodAccessorImpl.invoke(DelegatingMethodAccessorImpl.java:43)
	at java.lang.reflect.Method.invoke(Method.java:498)
	at org.junit.platform.commons.util.ReflectionUtils.invokeMethod(ReflectionUtils.java:725)
	at org.junit.jupiter.engine.execution.MethodInvocation.proceed(MethodInvocation.java:60)
	at org.junit.jupiter.engine.execution.InvocationInterceptorChain$ValidatingInvocation.proceed(InvocationInterceptorChain.java:131)
	at org.junit.jupiter.engine.extension.TimeoutExtension.intercept(TimeoutExtension.java:149)
	at org.junit.jupiter.engine.extension.TimeoutExtension.interceptTestableMethod(TimeoutExtension.java:140)
	at org.junit.jupiter.engine.extension.TimeoutExtension.interceptTestMethod(TimeoutExtension.java:84)
	at org.junit.jupiter.engine.execution.ExecutableInvoker$ReflectiveInterceptorCall.lambda$ofVoidMethod$0(ExecutableInvoker.java:115)
	at org.junit.jupiter.engine.execution.ExecutableInvoker.lambda$invoke$0(ExecutableInvoker.java:105)
	at org.junit.jupiter.engine.execution.InvocationInterceptorChain$InterceptedInvocation.proceed(InvocationInterceptorChain.java:106)
	at org.junit.jupiter.engine.execution.InvocationInterceptorChain.proceed(InvocationInterceptorChain.java:64)
	at org.junit.jupiter.engine.execution.InvocationInterceptorChain.chainAndInvoke(InvocationInterceptorChain.java:45)
	at org.junit.jupiter.engine.execution.InvocationInterceptorChain.invoke(InvocationInterceptorChain.java:37)
	at org.junit.jupiter.engine.execution.ExecutableInvoker.invoke(ExecutableInvoker.java:104)
	at org.junit.jupiter.engine.execution.ExecutableInvoker.invoke(ExecutableInvoker.java:98)
	at org.junit.jupiter.engine.descriptor.TestMethodTestDescriptor.lambda$invokeTestMethod$7(TestMethodTestDescriptor.java:214)
	at org.junit.platform.engine.support.hierarchical.ThrowableCollector.execute(ThrowableCollector.java:73)
	at org.junit.jupiter.engine.descriptor.TestMethodTestDescriptor.invokeTestMethod(TestMethodTestDescriptor.java:210)
	at org.junit.jupiter.engine.descriptor.TestMethodTestDescriptor.execute(TestMethodTestDescriptor.java:135)
	at org.junit.jupiter.engine.descriptor.TestMethodTestDescriptor.execute(TestMethodTestDescriptor.java:66)
	at org.junit.platform.engine.support.hierarchical.NodeTestTask.lambda$executeRecursively$6(NodeTestTask.java:151)
	at org.junit.platform.engine.support.hierarchical.ThrowableCollector.execute(ThrowableCollector.java:73)
	at org.junit.platform.engine.support.hierarchical.NodeTestTask.lambda$executeRecursively$8(NodeTestTask.java:141)
	at org.junit.platform.engine.support.hierarchical.Node.around(Node.java:137)
	at org.junit.platform.engine.support.hierarchical.NodeTestTask.lambda$executeRecursively$9(NodeTestTask.java:139)
	at org.junit.platform.engine.support.hierarchical.ThrowableCollector.execute(ThrowableCollector.java:73)
	at org.junit.platform.engine.support.hierarchical.NodeTestTask.executeRecursively(NodeTestTask.java:138)
	at org.junit.platform.engine.support.hierarchical.NodeTestTask.execute(NodeTestTask.java:95)
	at java.util.ArrayList.forEach(ArrayList.java:1259)
	at org.junit.platform.engine.support.hierarchical.SameThreadHierarchicalTestExecutorService.invokeAll(SameThreadHierarchicalTestExecutorService.java:41)
	at org.junit.platform.engine.support.hierarchical.NodeTestTask.lambda$executeRecursively$6(NodeTestTask.java:155)
	at org.junit.platform.engine.support.hierarchical.ThrowableCollector.execute(ThrowableCollector.java:73)
	at org.junit.platform.engine.support.hierarchical.NodeTestTask.lambda$executeRecursively$8(NodeTestTask.java:141)
	at org.junit.platform.engine.support.hierarchical.Node.around(Node.java:137)
	at org.junit.platform.engine.support.hierarchical.NodeTestTask.lambda$executeRecursively$9(NodeTestTask.java:139)
	at org.junit.platform.engine.support.hierarchical.ThrowableCollector.execute(ThrowableCollector.java:73)
	at org.junit.platform.engine.support.hierarchical.NodeTestTask.executeRecursively(NodeTestTask.java:138)
	at org.junit.platform.engine.support.hierarchical.NodeTestTask.execute(NodeTestTask.java:95)
	at java.util.ArrayList.forEach(ArrayList.java:1259)
	at org.junit.platform.engine.support.hierarchical.SameThreadHierarchicalTestExecutorService.invokeAll(SameThreadHierarchicalTestExecutorService.java:41)
	at org.junit.platform.engine.support.hierarchical.NodeTestTask.lambda$executeRecursively$6(NodeTestTask.java:155)
	at org.junit.platform.engine.support.hierarchical.ThrowableCollector.execute(ThrowableCollector.java:73)
	at org.junit.platform.engine.support.hierarchical.NodeTestTask.lambda$executeRecursively$8(NodeTestTask.java:141)
	at org.junit.platform.engine.support.hierarchical.Node.around(Node.java:137)
	at org.junit.platform.engine.support.hierarchical.NodeTestTask.lambda$executeRecursively$9(NodeTestTask.java:139)
	at org.junit.platform.engine.support.hierarchical.ThrowableCollector.execute(ThrowableCollector.java:73)
	at org.junit.platform.engine.support.hierarchical.NodeTestTask.executeRecursively(NodeTestTask.java:138)
	at org.junit.platform.engine.support.hierarchical.NodeTestTask.execute(NodeTestTask.java:95)
	at org.junit.platform.engine.support.hierarchical.SameThreadHierarchicalTestExecutorService.submit(SameThreadHierarchicalTestExecutorService.java:35)
	at org.junit.platform.engine.support.hierarchical.HierarchicalTestExecutor.execute(HierarchicalTestExecutor.java:57)
	at org.junit.platform.engine.support.hierarchical.HierarchicalTestEngine.execute(HierarchicalTestEngine.java:54)
	at org.junit.platform.launcher.core.EngineExecutionOrchestrator.execute(EngineExecutionOrchestrator.java:107)
	at org.junit.platform.launcher.core.EngineExecutionOrchestrator.execute(EngineExecutionOrchestrator.java:88)
	at org.junit.platform.launcher.core.EngineExecutionOrchestrator.lambda$execute$0(EngineExecutionOrchestrator.java:54)
	at org.junit.platform.launcher.core.EngineExecutionOrchestrator.withInterceptedStreams(EngineExecutionOrchestrator.java:67)
	at org.junit.platform.launcher.core.EngineExecutionOrchestrator.execute(EngineExecutionOrchestrator.java:52)
	at org.junit.platform.launcher.core.DefaultLauncher.execute(DefaultLauncher.java:114)
	at org.junit.platform.launcher.core.DefaultLauncher.execute(DefaultLauncher.java:86)
	at org.junit.platform.launcher.core.DefaultLauncherSession$DelegatingLauncher.execute(DefaultLauncherSession.java:86)
	at org.junit.platform.launcher.core.SessionPerRequestLauncher.execute(SessionPerRequestLauncher.java:53)
	at org.apache.maven.surefire.junitplatform.JUnitPlatformProvider.execute(JUnitPlatformProvider.java:188)
	at org.apache.maven.surefire.junitplatform.JUnitPlatformProvider.invokeAllTests(JUnitPlatformProvider.java:154)
	at org.apache.maven.surefire.junitplatform.JUnitPlatformProvider.invoke(JUnitPlatformProvider.java:124)
	at org.apache.maven.surefire.booter.ForkedBooter.runSuitesInProcess(ForkedBooter.java:428)
	at org.apache.maven.surefire.booter.ForkedBooter.execute(ForkedBooter.java:162)
	at org.apache.maven.surefire.booter.ForkedBooter.run(ForkedBooter.java:562)
	at org.apache.maven.surefire.booter.ForkedBooter.main(ForkedBooter.java:548)
]]></error>
    <system-out><![CDATA[2022-08-27 01:04:02,736 [Mini-Cluster-Provider-Create] WARN  server.ServerUtils (ServerUtils.java:getScmDbDir(148)) - ozone.scm.db.dirs is not configured. We recommend adding this setting. Falling back to ozone.metadata.dirs instead.
2022-08-27 01:04:02,812 [Mini-Cluster-Provider-Create] WARN  server.ServerUtils (ServerUtils.java:getScmDbDir(148)) - ozone.scm.db.dirs is not configured. We recommend adding this setting. Falling back to ozone.metadata.dirs instead.
2022-08-27 01:04:02,815 [Mini-Cluster-Provider-Create] INFO  ha.SCMHANodeDetails (SCMHANodeDetails.java:loadSCMHAConfig(209)) - ServiceID for StorageContainerManager is null
2022-08-27 01:04:02,826 [Mini-Cluster-Provider-Create] WARN  ha.SCMHANodeDetails (SCMHANodeDetails.java:validateSCMHAConfig(182)) - Invalid config ozone.scm.ratis.enable. The config was not specified, but the default value true conflicts with the expected config value false. Falling back to the expected value. Current State of SCM: SCM is running in Non-HA without Ratis Ratis SCM -> Non Ratis SCM or Non HA SCM -> HA SCM is not supported
2022-08-27 01:04:02,826 [Mini-Cluster-Provider-Create] INFO  ha.SCMHANodeDetails (SCMHANodeDetails.java:loadSCMHAConfig(214)) - ozone.scm.default.service.id is not defined, falling back to ozone.scm.service.ids to find serviceID for StorageContainerManager if it is HA enabled cluster
2022-08-27 01:04:03,287 [Mini-Cluster-Provider-Create] WARN  utils.HAUtils (HAUtils.java:getMetaDir(342)) - ozone.scm.db.dirs is not configured. We recommend adding this setting. Falling back to ozone.metadata.dirs instead.
2022-08-27 01:04:03,483 [Mini-Cluster-Provider-Create] WARN  db.DBStoreBuilder (DBStoreBuilder.java:applyDBDefinition(143)) - ozone.scm.db.dirs is not configured. We recommend adding this setting. Falling back to ozone.metadata.dirs instead.
2022-08-27 01:04:03,666 [Mini-Cluster-Provider-Create] INFO  net.NodeSchemaLoader (NodeSchemaLoader.java:loadSchemaFromFile(129)) - Loading schema from [jar:file:/home/runner/.m2/repository/org/apache/ozone/hdds-common/1.3.0-SNAPSHOT/hdds-common-1.3.0-SNAPSHOT.jar!/network-topology-default.xml]
2022-08-27 01:04:03,667 [Mini-Cluster-Provider-Create] INFO  net.NodeSchemaLoader (NodeSchemaLoader.java:loadSchema(176)) - Loading network topology layer schema file
2022-08-27 01:04:03,707 [Mini-Cluster-Provider-Create] INFO  metrics.MetricRegistries (MetricRegistriesLoader.java:load(64)) - Loaded MetricRegistries class org.apache.ratis.metrics.impl.MetricRegistriesImpl
2022-08-27 01:04:03,712 [Mini-Cluster-Provider-Create] INFO  upgrade.AbstractLayoutVersionManager (AbstractLayoutVersionManager.java:init(83)) - Initializing Layout version manager with metadata layout = DATANODE_SCHEMA_V3 (version = 4), software layout = DATANODE_SCHEMA_V3 (version = 4)
2022-08-27 01:04:03,882 [Mini-Cluster-Provider-Create] INFO  reflections.Reflections (Reflections.java:scan(232)) - Reflections took 109 ms to scan 7 urls, producing 133 keys and 322 values 
2022-08-27 01:04:03,969 [Mini-Cluster-Provider-Create] INFO  ha.SequenceIdGenerator (SequenceIdGenerator.java:upgradeToSequenceId(349)) - upgrade localId to 109611004723200000
2022-08-27 01:04:03,969 [Mini-Cluster-Provider-Create] INFO  ha.SequenceIdGenerator (SequenceIdGenerator.java:upgradeToSequenceId(359)) - upgrade delTxnId to 0
2022-08-27 01:04:03,973 [Mini-Cluster-Provider-Create] INFO  ha.SequenceIdGenerator (SequenceIdGenerator.java:upgradeToSequenceId(376)) - upgrade containerId to 0
2022-08-27 01:04:03,974 [Mini-Cluster-Provider-Create] INFO  ha.SequenceIdGenerator (SequenceIdGenerator.java:<init>(220)) - Init the HA SequenceIdGenerator.
2022-08-27 01:04:04,014 [Mini-Cluster-Provider-Create] INFO  node.SCMNodeManager (SCMNodeManager.java:<init>(149)) - Entering startup safe mode.
2022-08-27 01:04:04,080 [Mini-Cluster-Provider-Create] INFO  algorithms.ContainerPlacementPolicyFactory (ContainerPlacementPolicyFactory.java:getPolicyInternal(86)) - Create container placement policy of type org.apache.hadoop.hdds.scm.container.placement.algorithms.SCMContainerPlacementRandom
2022-08-27 01:04:04,082 [Mini-Cluster-Provider-Create] INFO  algorithms.ContainerPlacementPolicyFactory (ContainerPlacementPolicyFactory.java:getPolicyInternal(86)) - Create container placement policy of type org.apache.hadoop.hdds.scm.container.placement.algorithms.SCMContainerPlacementRackScatter
2022-08-27 01:04:04,092 [Mini-Cluster-Provider-Create] INFO  pipeline.PipelineStateManagerImpl (PipelineStateManagerImpl.java:initialize(78)) - No pipeline exists in current db
2022-08-27 01:04:04,130 [Mini-Cluster-Provider-Create] INFO  algorithms.LeaderChoosePolicyFactory (LeaderChoosePolicyFactory.java:getPolicy(57)) - Create leader choose policy of type org.apache.hadoop.hdds.scm.pipeline.leader.choose.algorithms.MinLeaderCountChoosePolicy
2022-08-27 01:04:04,130 [Mini-Cluster-Provider-Create] INFO  algorithms.ContainerPlacementPolicyFactory (ContainerPlacementPolicyFactory.java:getPolicyInternal(86)) - Create container placement policy of type org.apache.hadoop.hdds.scm.container.placement.algorithms.SCMContainerPlacementRackScatter
2022-08-27 01:04:04,139 [Mini-Cluster-Provider-Create] INFO  ha.SCMServiceManager (SCMServiceManager.java:register(42)) - Registering service BackgroundPipelineCreator.
2022-08-27 01:04:04,140 [Mini-Cluster-Provider-Create] INFO  pipeline.BackgroundPipelineCreator (BackgroundPipelineCreator.java:start(124)) - Starting RatisPipelineUtilsThread.
2022-08-27 01:04:04,143 [Mini-Cluster-Provider-Create] INFO  BackgroundPipelineScrubber (BackgroundSCMService.java:start(68)) - Starting BackgroundPipelineScrubber Service.
2022-08-27 01:04:04,144 [Mini-Cluster-Provider-Create] INFO  ha.SCMServiceManager (SCMServiceManager.java:register(42)) - Registering service BackgroundPipelineScrubber.
2022-08-27 01:04:04,150 [Mini-Cluster-Provider-Create] INFO  ExpiredContainerReplicaOpScrubber (BackgroundSCMService.java:start(68)) - Starting ExpiredContainerReplicaOpScrubber Service.
2022-08-27 01:04:04,150 [Mini-Cluster-Provider-Create] INFO  ha.SCMServiceManager (SCMServiceManager.java:register(42)) - Registering service ExpiredContainerReplicaOpScrubber.
2022-08-27 01:04:04,176 [Mini-Cluster-Provider-Create] INFO  algorithms.PipelineChoosePolicyFactory (PipelineChoosePolicyFactory.java:createPipelineChoosePolicyFromClass(73)) - Create pipeline choose policy of type org.apache.hadoop.hdds.scm.pipeline.choose.algorithms.RandomPipelineChoosePolicy
2022-08-27 01:04:04,196 [Mini-Cluster-Provider-Create] INFO  ha.SCMServiceManager (SCMServiceManager.java:register(42)) - Registering service SCMBlockDeletingService.
2022-08-27 01:04:04,237 [Mini-Cluster-Provider-Create] INFO  replication.ReplicationManager (ReplicationManager.java:start(206)) - Starting Replication Monitor Thread.
2022-08-27 01:04:04,245 [Mini-Cluster-Provider-Create] INFO  UnderReplicatedQueueThread (BackgroundSCMService.java:start(68)) - Starting UnderReplicatedQueueThread Service.
2022-08-27 01:04:04,245 [ReplicationMonitor] INFO  replication.ReplicationManager (ReplicationManager.java:processAll(255)) - Replication Manager is not ready to run until 3000ms after safemode exit
2022-08-27 01:04:04,245 [Mini-Cluster-Provider-Create] INFO  ha.SCMServiceManager (SCMServiceManager.java:register(42)) - Registering service UnderReplicatedQueueThread.
2022-08-27 01:04:04,247 [Mini-Cluster-Provider-Create] INFO  OverReplicatedQueueThread (BackgroundSCMService.java:start(68)) - Starting OverReplicatedQueueThread Service.
2022-08-27 01:04:04,247 [Mini-Cluster-Provider-Create] INFO  ha.SCMServiceManager (SCMServiceManager.java:register(42)) - Registering service OverReplicatedQueueThread.
2022-08-27 01:04:04,247 [Mini-Cluster-Provider-Create] INFO  ha.SCMServiceManager (SCMServiceManager.java:register(42)) - Registering service ReplicationManager.
2022-08-27 01:04:04,254 [Mini-Cluster-Provider-Create] INFO  safemode.ContainerSafeModeRule (ContainerSafeModeRule.java:<init>(89)) - containers with one replica threshold count 0
2022-08-27 01:04:04,257 [Mini-Cluster-Provider-Create] INFO  safemode.HealthyPipelineSafeModeRule (HealthyPipelineSafeModeRule.java:initializeRule(169)) - Total pipeline count is 0, healthy pipeline threshold count is 1
2022-08-27 01:04:04,259 [Mini-Cluster-Provider-Create] INFO  safemode.OneReplicaPipelineSafeModeRule (OneReplicaPipelineSafeModeRule.java:initializeRule(180)) - Total pipeline count is 0, pipeline's with at least one datanode reported threshold count is 0
2022-08-27 01:04:04,514 [Mini-Cluster-Provider-Create] INFO  audit.AuditLogger (AuditLogger.java:refreshDebugCmdSet(126)) - Refresh DebugCmdSet for SCMAudit to [].
2022-08-27 01:04:04,541 [Mini-Cluster-Provider-Create] INFO  ipc.CallQueueManager (CallQueueManager.java:<init>(90)) - Using callQueue: class java.util.concurrent.LinkedBlockingQueue, queueCapacity: 2000, scheduler: class org.apache.hadoop.ipc.DefaultRpcScheduler, ipcBackoff: false.
2022-08-27 01:04:04,574 [Socket Reader #1 for port 0] INFO  ipc.Server (Server.java:run(1265)) - Starting Socket Reader #1 for port 0
2022-08-27 01:04:04,628 [Listener at 0.0.0.0/41777] INFO  audit.AuditLogger (AuditLogger.java:refreshDebugCmdSet(126)) - Refresh DebugCmdSet for SCMAudit to [].
2022-08-27 01:04:04,633 [Listener at 0.0.0.0/41777] INFO  ipc.CallQueueManager (CallQueueManager.java:<init>(90)) - Using callQueue: class java.util.concurrent.LinkedBlockingQueue, queueCapacity: 2000, scheduler: class org.apache.hadoop.ipc.DefaultRpcScheduler, ipcBackoff: false.
2022-08-27 01:04:04,634 [Socket Reader #1 for port 0] INFO  ipc.Server (Server.java:run(1265)) - Starting Socket Reader #1 for port 0
2022-08-27 01:04:04,661 [Listener at 0.0.0.0/40299] INFO  audit.AuditLogger (AuditLogger.java:refreshDebugCmdSet(126)) - Refresh DebugCmdSet for SCMAudit to [].
2022-08-27 01:04:04,672 [Listener at 0.0.0.0/40299] INFO  ipc.CallQueueManager (CallQueueManager.java:<init>(90)) - Using callQueue: class java.util.concurrent.LinkedBlockingQueue, queueCapacity: 2000, scheduler: class org.apache.hadoop.ipc.DefaultRpcScheduler, ipcBackoff: false.
2022-08-27 01:04:04,672 [Socket Reader #1 for port 0] INFO  ipc.Server (Server.java:run(1265)) - Starting Socket Reader #1 for port 0
2022-08-27 01:04:04,754 [Listener at 0.0.0.0/32845] INFO  ha.SCMServiceManager (SCMServiceManager.java:register(42)) - Registering service ContainerBalancer.
2022-08-27 01:04:04,755 [Listener at 0.0.0.0/32845] INFO  server.StorageContainerManager (StorageContainerManager.java:<init>(412)) - 
Container Balancer status:
Key                            Value
Running                        false
Container Balancer Configuration values:
Key                                                Value
Threshold                                          10
Max Datanodes to Involve per Iteration(percent)    20
Max Size to Move per Iteration                     500GB
Max Size Entering Target per Iteration             26GB
Max Size Leaving Source per Iteration              26GB

2022-08-27 01:04:04,755 [Listener at 0.0.0.0/32845] WARN  events.EventQueue (EventQueue.java:fireEvent(216)) - No event handler registered for event TypedEvent{payloadType=SafeModeStatus, name='Safe mode status'}
2022-08-27 01:04:04,756 [Listener at 0.0.0.0/32845] INFO  ha.SCMContext (SCMContext.java:updateSafeModeStatus(228)) - Update SafeModeStatus from SafeModeStatus{safeModeStatus=true, preCheckPassed=false} to SafeModeStatus{safeModeStatus=true, preCheckPassed=false}.
2022-08-27 01:04:04,759 [Listener at 0.0.0.0/32845] INFO  server.StorageContainerManager (StorageContainerManager.java:start(1466)) - StorageContainerLocationProtocol RPC server is listening at /0.0.0.0:32845
2022-08-27 01:04:04,862 [Listener at 0.0.0.0/32845] WARN  impl.MetricsConfig (MetricsConfig.java:loadFirst(136)) - Cannot locate configuration: tried hadoop-metrics2-storagecontainermanager.properties,hadoop-metrics2.properties
2022-08-27 01:04:04,872 [Listener at 0.0.0.0/32845] INFO  impl.MetricsSystemImpl (MetricsSystemImpl.java:startTimer(378)) - Scheduled Metric snapshot period at 10 second(s).
2022-08-27 01:04:04,872 [Listener at 0.0.0.0/32845] INFO  impl.MetricsSystemImpl (MetricsSystemImpl.java:start(191)) - StorageContainerManager metrics system started
2022-08-27 01:04:05,087 [Listener at 0.0.0.0/32845] INFO  server.SCMClientProtocolServer (SCMClientProtocolServer.java:start(170)) - RPC server for Client  is listening at /0.0.0.0:32845
2022-08-27 01:04:05,089 [IPC Server Responder] INFO  ipc.Server (Server.java:run(1507)) - IPC Server Responder: starting
2022-08-27 01:04:05,090 [IPC Server listener on 0] INFO  ipc.Server (Server.java:run(1344)) - IPC Server listener on 0: starting
2022-08-27 01:04:05,092 [Listener at 0.0.0.0/32845] INFO  server.StorageContainerManager (StorageContainerManager.java:start(1481)) - ScmBlockLocationProtocol RPC server is listening at /0.0.0.0:40299
2022-08-27 01:04:05,093 [Listener at 0.0.0.0/32845] INFO  server.SCMBlockProtocolServer (SCMBlockProtocolServer.java:start(152)) - RPC server for Block Protocol is listening at /0.0.0.0:40299
2022-08-27 01:04:05,093 [IPC Server Responder] INFO  ipc.Server (Server.java:run(1507)) - IPC Server Responder: starting
2022-08-27 01:04:05,093 [IPC Server listener on 0] INFO  ipc.Server (Server.java:run(1344)) - IPC Server listener on 0: starting
2022-08-27 01:04:05,095 [Listener at 0.0.0.0/32845] INFO  server.SCMDatanodeProtocolServer (SCMDatanodeProtocolServer.java:start(186)) - ScmDatanodeProtocol RPC server for DataNodes is listening at /0.0.0.0:41777
2022-08-27 01:04:05,096 [IPC Server Responder] INFO  ipc.Server (Server.java:run(1507)) - IPC Server Responder: starting
2022-08-27 01:04:05,096 [IPC Server listener on 0] INFO  ipc.Server (Server.java:run(1344)) - IPC Server listener on 0: starting
2022-08-27 01:04:05,117 [org.apache.hadoop.util.JvmPauseMonitor$Monitor@de3927e] INFO  util.JvmPauseMonitor (JvmPauseMonitor.java:run(188)) - Starting JVM pause monitor
2022-08-27 01:04:05,126 [Listener at 0.0.0.0/32845] INFO  http.BaseHttpServer (BaseHttpServer.java:newHttpServer2BuilderForOzone(213)) - Starting Web-server for scm at: http://0.0.0.0:0
2022-08-27 01:04:05,126 [Listener at 0.0.0.0/32845] INFO  http.BaseHttpServer (BaseHttpServer.java:<init>(108)) - Hadoop Security Enabled: false Ozone Security Enabled: false Ozone HTTP Security Enabled: false 
2022-08-27 01:04:05,150 [Listener at 0.0.0.0/32845] INFO  util.log (Log.java:initialized(170)) - Logging initialized @3838ms to org.eclipse.jetty.util.log.Slf4jLog
2022-08-27 01:04:05,243 [Listener at 0.0.0.0/32845] INFO  server.AuthenticationFilter (AuthenticationFilter.java:constructSecretProvider(240)) - Unable to initialize FileSignerSecretProvider, falling back to use random secrets.
2022-08-27 01:04:05,247 [Listener at 0.0.0.0/32845] WARN  http.HttpRequestLog (HttpRequestLog.java:getRequestLog(103)) - Jetty request log can only be enabled using Log4j
2022-08-27 01:04:05,249 [ReplicationMonitor] INFO  replication.ReplicationManager (ReplicationManager.java:processAll(255)) - Replication Manager is not ready to run until 3000ms after safemode exit
2022-08-27 01:04:05,253 [Listener at 0.0.0.0/32845] INFO  http.HttpServer2 (HttpServer2.java:addGlobalFilter(1029)) - Added global filter 'safety' (class=org.apache.hadoop.hdds.server.http.HttpServer2$QuotingInputFilter)
2022-08-27 01:04:05,255 [Listener at 0.0.0.0/32845] INFO  http.HttpServer2 (HttpServer2.java:addFilter(1005)) - Added filter static_user_filter (class=org.apache.hadoop.http.lib.StaticUserWebFilter$StaticUserFilter) to context scm
2022-08-27 01:04:05,255 [Listener at 0.0.0.0/32845] INFO  http.HttpServer2 (HttpServer2.java:addFilter(1013)) - Added filter static_user_filter (class=org.apache.hadoop.http.lib.StaticUserWebFilter$StaticUserFilter) to context logs
2022-08-27 01:04:05,255 [Listener at 0.0.0.0/32845] INFO  http.HttpServer2 (HttpServer2.java:addFilter(1013)) - Added filter static_user_filter (class=org.apache.hadoop.http.lib.StaticUserWebFilter$StaticUserFilter) to context static
2022-08-27 01:04:05,290 [Listener at 0.0.0.0/32845] INFO  http.HttpServer2 (HttpServer2.java:bindListener(1248)) - Jetty bound to port 36939
2022-08-27 01:04:05,291 [Listener at 0.0.0.0/32845] INFO  server.Server (Server.java:doStart(375)) - jetty-9.4.43.v20210629; built: 2021-06-30T11:07:22.254Z; git: 526006ecfa3af7f1a27ef3a288e2bef7ea9dd7e8; jvm 1.8.0_345-b01
2022-08-27 01:04:05,316 [Listener at 0.0.0.0/32845] INFO  server.session (DefaultSessionIdManager.java:doStart(334)) - DefaultSessionIdManager workerName=node0
2022-08-27 01:04:05,316 [Listener at 0.0.0.0/32845] INFO  server.session (DefaultSessionIdManager.java:doStart(339)) - No SessionScavenger set, using defaults
2022-08-27 01:04:05,317 [Listener at 0.0.0.0/32845] INFO  server.session (HouseKeeper.java:startScavenging(132)) - node0 Scavenging every 660000ms
2022-08-27 01:04:05,327 [Listener at 0.0.0.0/32845] INFO  handler.ContextHandler (ContextHandler.java:doStart(915)) - Started o.e.j.s.ServletContextHandler@33ca2c93{logs,/logs,file:///home/runner/work/ozone/ozone/hadoop-ozone/integration-test/target/log,AVAILABLE}
2022-08-27 01:04:05,328 [Listener at 0.0.0.0/32845] INFO  handler.ContextHandler (ContextHandler.java:doStart(915)) - Started o.e.j.s.ServletContextHandler@6354150f{static,/static,file:///home/runner/work/ozone/ozone/hadoop-ozone/integration-test/target/test-classes/webapps/static,AVAILABLE}
2022-08-27 01:04:05,365 [Listener at 0.0.0.0/32845] INFO  handler.ContextHandler (ContextHandler.java:doStart(915)) - Started o.e.j.w.WebAppContext@25c63d7f{scm,/,file:///home/runner/work/ozone/ozone/hadoop-ozone/integration-test/target/test-classes/webapps/scm/,AVAILABLE}{file:/home/runner/work/ozone/ozone/hadoop-ozone/integration-test/target/test-classes/webapps/scm}
2022-08-27 01:04:05,380 [Listener at 0.0.0.0/32845] INFO  server.AbstractConnector (AbstractConnector.java:doStart(331)) - Started ServerConnector@5490b995{HTTP/1.1, (http/1.1)}{0.0.0.0:36939}
2022-08-27 01:04:05,380 [Listener at 0.0.0.0/32845] INFO  server.Server (Server.java:doStart(415)) - Started @4068ms
2022-08-27 01:04:05,382 [Listener at 0.0.0.0/32845] INFO  impl.MetricsSinkAdapter (MetricsSinkAdapter.java:start(204)) - Sink prometheus started
2022-08-27 01:04:05,382 [Listener at 0.0.0.0/32845] INFO  impl.MetricsSystemImpl (MetricsSystemImpl.java:registerSink(305)) - Registered sink prometheus
2022-08-27 01:04:05,383 [Listener at 0.0.0.0/32845] INFO  http.BaseHttpServer (BaseHttpServer.java:updateConnectorAddress(333)) - HTTP server of scm listening at http://0.0.0.0:36939
2022-08-27 01:04:05,384 [Listener at 0.0.0.0/32845] WARN  server.ServerUtils (ServerUtils.java:getDBPath(225)) - ozone.om.db.dirs is not configured. We recommend adding this setting. Falling back to ozone.metadata.dirs instead.
2022-08-27 01:04:05,435 [Listener at 0.0.0.0/32845] INFO  audit.AuditLogger (AuditLogger.java:refreshDebugCmdSet(126)) - Refresh DebugCmdSet for OMAudit to [].
2022-08-27 01:04:05,501 [Listener at 0.0.0.0/32845] INFO  ha.OMHANodeDetails (OMHANodeDetails.java:loadOMHAConfig(115)) - ozone.om.internal.service.id is not defined, falling back to ozone.om.service.ids to find serviceID for OzoneManager if it is HA enabled cluster
2022-08-27 01:04:05,503 [Listener at 0.0.0.0/32845] INFO  ha.OMHANodeDetails (OMHANodeDetails.java:loadOMHAConfig(226)) - Configuration does not have ozone.om.address set. Falling back to the default OM address /127.0.0.1:0
2022-08-27 01:04:05,503 [Listener at 0.0.0.0/32845] INFO  ha.OMHANodeDetails (OMHANodeDetails.java:getOMNodeDetailsForNonHA(254)) - OM Service ID is not set. Setting it to the default ID: omServiceIdDefault
2022-08-27 01:04:05,504 [Listener at 0.0.0.0/32845] INFO  ha.OMHANodeDetails (OMHANodeDetails.java:getOMNodeDetailsForNonHA(261)) - OM Node ID is not set. Setting it to the default ID: om1
2022-08-27 01:04:05,507 [Listener at 0.0.0.0/32845] WARN  server.ServerUtils (ServerUtils.java:getDBPath(225)) - ozone.om.db.dirs is not configured. We recommend adding this setting. Falling back to ozone.metadata.dirs instead.
2022-08-27 01:04:05,509 [Listener at 0.0.0.0/32845] INFO  upgrade.AbstractLayoutVersionManager (AbstractLayoutVersionManager.java:init(83)) - Initializing Layout version manager with metadata layout = MULTITENANCY_SCHEMA (version = 3), software layout = MULTITENANCY_SCHEMA (version = 3)
2022-08-27 01:04:05,595 [Listener at 0.0.0.0/32845] INFO  reflections.Reflections (Reflections.java:scan(232)) - Reflections took 81 ms to scan 2 urls, producing 153 keys and 427 values [using 2 cores]
2022-08-27 01:04:05,598 [Listener at 0.0.0.0/32845] INFO  upgrade.OMLayoutVersionManager (OMLayoutVersionManager.java:lambda$0(115)) - Skipping Upgrade Action MockOmUpgradeAction since it has been finalized.
2022-08-27 01:04:05,599 [Listener at 0.0.0.0/32845] WARN  server.ServerUtils (ServerUtils.java:getDBPath(225)) - ozone.om.db.dirs is not configured. We recommend adding this setting. Falling back to ozone.metadata.dirs instead.
2022-08-27 01:04:05,752 [Listener at 0.0.0.0/32845] INFO  proxy.SCMBlockLocationFailoverProxyProvider (SCMBlockLocationFailoverProxyProvider.java:<init>(114)) - Created block location fail-over proxy with 1 nodes: [nodeId=scmNodeId,nodeAddress=/0.0.0.0:40299]
2022-08-27 01:04:05,777 [Listener at 0.0.0.0/32845] INFO  proxy.SCMBlockLocationFailoverProxyProvider (SCMBlockLocationFailoverProxyProvider.java:<init>(114)) - Created block location fail-over proxy with 1 nodes: [nodeId=scmNodeId,nodeAddress=/0.0.0.0:40299]
2022-08-27 01:04:05,980 [Listener at 0.0.0.0/32845] WARN  server.ServerUtils (ServerUtils.java:getDBPath(225)) - ozone.om.db.dirs is not configured. We recommend adding this setting. Falling back to ozone.metadata.dirs instead.
2022-08-27 01:04:05,986 [Listener at 0.0.0.0/32845] INFO  codec.OmKeyInfoCodec (OmKeyInfoCodec.java:<init>(49)) - OmKeyInfoCodec ignorePipeline = true
2022-08-27 01:04:05,987 [Listener at 0.0.0.0/32845] INFO  codec.RepeatedOmKeyInfoCodec (RepeatedOmKeyInfoCodec.java:<init>(41)) - RepeatedOmKeyInfoCodec ignorePipeline = true
2022-08-27 01:04:06,140 [Listener at 0.0.0.0/32845] INFO  om.OzoneManager (OzoneManager.java:instantiateServices(702)) - S3 Multi-Tenancy is disabled
2022-08-27 01:04:06,212 [Listener at 0.0.0.0/32845] INFO  om.OzoneManager (OzoneManager.java:addS3GVolumeToDB(4307)) - Created Volume s3v With Owner runner required for S3Gateway operations.
2022-08-27 01:04:06,249 [ReplicationMonitor] INFO  replication.ReplicationManager (ReplicationManager.java:processAll(255)) - Replication Manager is not ready to run until 3000ms after safemode exit
2022-08-27 01:04:06,268 [Listener at 0.0.0.0/32845] WARN  server.ServerUtils (ServerUtils.java:getDefaultRatisDirectory(237)) - Storage directory for Ratis is not configured. It is a good idea to map this to an SSD disk. Falling back to ozone.metadata.dirs
2022-08-27 01:04:06,268 [Listener at 0.0.0.0/32845] WARN  utils.OzoneManagerRatisUtils (OzoneManagerRatisUtils.java:getOMRatisSnapshotDirectory(434)) - ozone.om.ratis.snapshot.dir is not configured. Falling back to ozone.metadata.dirs config
2022-08-27 01:04:06,285 [Listener at 0.0.0.0/32845] WARN  server.ServerUtils (ServerUtils.java:getDefaultRatisDirectory(237)) - Storage directory for Ratis is not configured. It is a good idea to map this to an SSD disk. Falling back to ozone.metadata.dirs
2022-08-27 01:04:06,312 [Listener at 0.0.0.0/32845] INFO  ratis.OzoneManagerRatisServer (OzoneManagerRatisServer.java:<init>(159)) - Instantiating OM Ratis server with groupID: omServiceIdDefault and peers: localhost:43041
2022-08-27 01:04:06,320 [Listener at 0.0.0.0/32845] INFO  ratis.OzoneManagerStateMachine (OzoneManagerStateMachine.java:loadSnapshotInfoFromDB(632)) - LastAppliedIndex is set from TransactionInfo from OM DB as (t:0, i:~)
2022-08-27 01:04:06,369 [Listener at 0.0.0.0/32845] INFO  server.RaftServer (ConfUtils.java:logGet(46)) - raft.rpc.type = GRPC (default)
2022-08-27 01:04:06,443 [Listener at 0.0.0.0/32845] INFO  grpc.GrpcFactory (GrpcFactory.java:checkPooledByteBufAllocatorUseCacheForAllThreads(48)) - PERFORMANCE WARNING: useCacheForAllThreads is true that may cause Netty to create a lot garbage objects and, as a result, trigger GC.
	It is recommended to disable useCacheForAllThreads by setting -Dorg.apache.ratis.thirdparty.io.netty.allocator.useCacheForAllThreads=false in command line.
2022-08-27 01:04:06,449 [Listener at 0.0.0.0/32845] INFO  grpc.GrpcConfigKeys (ConfUtils.java:logGet(46)) - raft.grpc.admin.port = -1 (default)
2022-08-27 01:04:06,450 [Listener at 0.0.0.0/32845] INFO  grpc.GrpcConfigKeys (ConfUtils.java:logGet(46)) - raft.grpc.server.port = 43041 (custom)
2022-08-27 01:04:06,450 [Listener at 0.0.0.0/32845] INFO  grpc.GrpcConfigKeys (ConfUtils.java:logGet(46)) - raft.grpc.client.port = -1 (default)
2022-08-27 01:04:06,450 [Listener at 0.0.0.0/32845] INFO  grpc.GrpcConfigKeys (ConfUtils.java:logGet(46)) - raft.grpc.server.port = 43041 (custom)
2022-08-27 01:04:06,452 [Listener at 0.0.0.0/32845] INFO  grpc.GrpcConfigKeys (ConfUtils.java:logGet(46)) - raft.grpc.server.port = 43041 (custom)
2022-08-27 01:04:06,453 [Listener at 0.0.0.0/32845] INFO  server.GrpcService (ConfUtils.java:logGet(46)) - raft.grpc.message.size.max = 33554432 (custom)
2022-08-27 01:04:06,454 [Listener at 0.0.0.0/32845] INFO  server.RaftServerConfigKeys (ConfUtils.java:logGet(46)) - raft.server.log.appender.buffer.byte-limit = 33554432 (custom)
2022-08-27 01:04:06,455 [Listener at 0.0.0.0/32845] INFO  server.GrpcService (ConfUtils.java:logGet(46)) - raft.grpc.flow.control.window = 1MB (=1048576) (default)
2022-08-27 01:04:06,456 [Listener at 0.0.0.0/32845] INFO  server.RaftServerConfigKeys (ConfUtils.java:logGet(46)) - raft.server.rpc.request.timeout = 3000ms (default)
2022-08-27 01:04:06,472 [Listener at 0.0.0.0/32845] INFO  grpc.GrpcConfigKeys (ConfUtils.java:logGet(46)) - raft.grpc.server.async.request.thread.pool.cached = true (default)
2022-08-27 01:04:06,472 [Listener at 0.0.0.0/32845] INFO  grpc.GrpcConfigKeys (ConfUtils.java:logGet(46)) - raft.grpc.server.async.request.thread.pool.size = 32 (default)
2022-08-27 01:04:06,731 [Listener at 0.0.0.0/32845] INFO  impl.DataStreamServerImpl (ConfUtils.java:logGet(46)) - raft.datastream.type = DISABLED (default)
2022-08-27 01:04:06,734 [Listener at 0.0.0.0/32845] INFO  server.RaftServerConfigKeys (ConfUtils.java:logGet(46)) - raft.server.threadpool.proxy.cached = true (default)
2022-08-27 01:04:06,734 [Listener at 0.0.0.0/32845] INFO  server.RaftServerConfigKeys (ConfUtils.java:logGet(46)) - raft.server.threadpool.proxy.size = 0 (default)
2022-08-27 01:04:06,734 [Listener at 0.0.0.0/32845] INFO  server.RaftServerConfigKeys (ConfUtils.java:logGet(46)) - raft.server.rpc.slowness.timeout = 120s (custom)
2022-08-27 01:04:06,734 [Listener at 0.0.0.0/32845] INFO  server.RaftServerConfigKeys (ConfUtils.java:logGet(46)) - raft.server.leaderelection.leader.step-down.wait-time = 10s (default)
2022-08-27 01:04:06,737 [Listener at 0.0.0.0/32845] INFO  server.RaftServerConfigKeys (ConfUtils.java:logGet(46)) - raft.server.storage.dir = [/home/runner/work/ozone/ozone/hadoop-ozone/integration-test/target/test-dir/MiniOzoneClusterImpl-06e86dd3-d7df-4a2c-b8a6-272c25fd117f/ozone-meta/ratis] (custom)
2022-08-27 01:04:06,745 [Listener at 0.0.0.0/32845] INFO  server.RaftServer (RaftServerProxy.java:addNew(96)) - om1: addNew group-C5BA1605619E:[om1|rpc:localhost:43041|priority:0] returns group-C5BA1605619E:java.util.concurrent.CompletableFuture@61a7ed95[Not completed]
2022-08-27 01:04:06,745 [Listener at 0.0.0.0/32845] INFO  om.OzoneManager (OzoneManager.java:initializeRatisServer(1968)) - OzoneManager Ratis server initialized at port 43041
2022-08-27 01:04:06,763 [Listener at 0.0.0.0/32845] INFO  om.OzoneManager (OzoneManager.java:getRpcServer(1091)) - Creating RPC Server
2022-08-27 01:04:06,777 [pool-55-thread-1] INFO  server.RaftServer$Division (RaftServerImpl.java:<init>(190)) - om1: new RaftServerImpl for group-C5BA1605619E:[om1|rpc:localhost:43041|priority:0] with OzoneManagerStateMachine:uninitialized
2022-08-27 01:04:06,794 [pool-55-thread-1] INFO  server.RaftServerConfigKeys (ConfUtils.java:logGet(46)) - raft.server.rpc.timeout.min = 1s (custom)
2022-08-27 01:04:06,805 [pool-55-thread-1] INFO  server.RaftServerConfigKeys (ConfUtils.java:logGet(46)) - raft.server.rpc.timeout.max = 1200ms (custom)
2022-08-27 01:04:06,805 [pool-55-thread-1] INFO  server.RaftServerConfigKeys (ConfUtils.java:logGet(46)) - raft.server.rpc.sleep.time = 25ms (default)
2022-08-27 01:04:06,805 [pool-55-thread-1] INFO  server.RaftServerConfigKeys (ConfUtils.java:logGet(46)) - raft.server.rpc.slowness.timeout = 120s (custom)
2022-08-27 01:04:06,805 [pool-55-thread-1] INFO  server.RaftServerConfigKeys (ConfUtils.java:logGet(46)) - raft.server.leaderelection.leader.step-down.wait-time = 10s (default)
2022-08-27 01:04:06,805 [pool-55-thread-1] INFO  server.RaftServerConfigKeys (ConfUtils.java:logGet(46)) - raft.server.sleep.deviation.threshold = 300ms (default)
2022-08-27 01:04:06,819 [pool-55-thread-1] INFO  server.RaftServer$Division (ServerState.java:<init>(107)) - om1@group-C5BA1605619E: ConfigurationManager, init=-1: [om1|rpc:localhost:43041|priority:0], old=null, confs=<EMPTY_MAP>
2022-08-27 01:04:06,820 [pool-55-thread-1] INFO  server.RaftServerConfigKeys (ConfUtils.java:logGet(46)) - raft.server.storage.dir = [/home/runner/work/ozone/ozone/hadoop-ozone/integration-test/target/test-dir/MiniOzoneClusterImpl-06e86dd3-d7df-4a2c-b8a6-272c25fd117f/ozone-meta/ratis] (custom)
2022-08-27 01:04:06,823 [pool-55-thread-1] INFO  server.RaftServerConfigKeys (ConfUtils.java:logGet(46)) - raft.server.log.corruption.policy = EXCEPTION (default)
2022-08-27 01:04:06,823 [pool-55-thread-1] INFO  server.RaftServerConfigKeys (ConfUtils.java:logGet(46)) - raft.server.storage.free-space.min = 0MB (=0) (default)
2022-08-27 01:04:06,825 [pool-55-thread-1] INFO  storage.RaftStorageDirectory (RaftStorageDirectoryImpl.java:analyzeStorage(135)) - The storage directory /home/runner/work/ozone/ozone/hadoop-ozone/integration-test/target/test-dir/MiniOzoneClusterImpl-06e86dd3-d7df-4a2c-b8a6-272c25fd117f/ozone-meta/ratis/bf265839-605b-3f16-9796-c5ba1605619e does not exist. Creating ...
2022-08-27 01:04:06,838 [pool-55-thread-1] INFO  storage.RaftStorageDirectory (RaftStorageDirectoryImpl.java:tryLock(230)) - Lock on /home/runner/work/ozone/ozone/hadoop-ozone/integration-test/target/test-dir/MiniOzoneClusterImpl-06e86dd3-d7df-4a2c-b8a6-272c25fd117f/ozone-meta/ratis/bf265839-605b-3f16-9796-c5ba1605619e/in_use.lock acquired by nodename 21368@fv-az41-820
2022-08-27 01:04:06,844 [pool-55-thread-1] INFO  storage.RaftStorage (RaftStorageImpl.java:format(89)) - Storage directory /home/runner/work/ozone/ozone/hadoop-ozone/integration-test/target/test-dir/MiniOzoneClusterImpl-06e86dd3-d7df-4a2c-b8a6-272c25fd117f/ozone-meta/ratis/bf265839-605b-3f16-9796-c5ba1605619e has been successfully formatted.
2022-08-27 01:04:06,869 [pool-55-thread-1] INFO  server.RaftServerConfigKeys (ConfUtils.java:logGet(46)) - raft.server.notification.no-leader.timeout = 120s (custom)
2022-08-27 01:04:06,871 [pool-55-thread-1] INFO  server.RaftServerConfigKeys (ConfUtils.java:logGet(46)) - raft.server.log.use.memory = false (default)
2022-08-27 01:04:06,882 [pool-55-thread-1] INFO  server.RaftServerConfigKeys (ConfUtils.java:logGet(46)) - raft.server.log.purge.gap = 1000000 (custom)
2022-08-27 01:04:06,882 [pool-55-thread-1] INFO  server.RaftServerConfigKeys (ConfUtils.java:logGet(46)) - raft.server.log.appender.buffer.byte-limit = 33554432 (custom)
2022-08-27 01:04:06,895 [pool-55-thread-1] INFO  server.RaftServerConfigKeys (ConfUtils.java:logGet(46)) - raft.server.log.statemachine.data.read.timeout = 1000ms (default)
2022-08-27 01:04:06,928 [pool-55-thread-1] INFO  server.RaftServerConfigKeys (ConfUtils.java:logGet(46)) - raft.server.log.segment.size.max = 4194304 (custom)
2022-08-27 01:04:06,948 [pool-55-thread-1] INFO  server.RaftServerConfigKeys (ConfUtils.java:logGet(46)) - raft.server.log.segment.cache.num.max = 2 (custom)
2022-08-27 01:04:06,948 [pool-55-thread-1] INFO  server.RaftServerConfigKeys (ConfUtils.java:logGet(46)) - raft.server.log.segment.cache.size.max = 200MB (=209715200) (default)
2022-08-27 01:04:06,970 [pool-55-thread-1] INFO  segmented.SegmentedRaftLogWorker (SegmentedRaftLogWorker.java:<init>(187)) - new om1@group-C5BA1605619E-SegmentedRaftLogWorker for RaftStorageImpl:Storage Directory /home/runner/work/ozone/ozone/hadoop-ozone/integration-test/target/test-dir/MiniOzoneClusterImpl-06e86dd3-d7df-4a2c-b8a6-272c25fd117f/ozone-meta/ratis/bf265839-605b-3f16-9796-c5ba1605619e
2022-08-27 01:04:06,980 [pool-55-thread-1] INFO  server.RaftServerConfigKeys (ConfUtils.java:logGet(46)) - raft.server.log.queue.byte-limit = 64MB (=67108864) (default)
2022-08-27 01:04:06,981 [pool-55-thread-1] INFO  server.RaftServerConfigKeys (ConfUtils.java:logGet(46)) - raft.server.log.queue.element-limit = 4096 (default)
2022-08-27 01:04:06,982 [pool-55-thread-1] INFO  server.RaftServerConfigKeys (ConfUtils.java:logGet(46)) - raft.server.log.segment.size.max = 4194304 (custom)
2022-08-27 01:04:06,982 [pool-55-thread-1] INFO  server.RaftServerConfigKeys (ConfUtils.java:logGet(46)) - raft.server.log.preallocated.size = 4194304 (custom)
2022-08-27 01:04:06,982 [pool-55-thread-1] INFO  server.RaftServerConfigKeys (ConfUtils.java:logGet(46)) - raft.server.log.force.sync.num = 128 (default)
2022-08-27 01:04:06,989 [pool-55-thread-1] INFO  server.RaftServerConfigKeys (ConfUtils.java:logGet(46)) - raft.server.log.statemachine.data.sync = true (default)
2022-08-27 01:04:06,989 [pool-55-thread-1] INFO  server.RaftServerConfigKeys (ConfUtils.java:logGet(46)) - raft.server.log.statemachine.data.sync.timeout = 10s (default)
2022-08-27 01:04:06,989 [pool-55-thread-1] INFO  server.RaftServerConfigKeys (ConfUtils.java:logGet(46)) - raft.server.log.statemachine.data.sync.timeout.retry = -1 (default)
2022-08-27 01:04:07,003 [pool-55-thread-1] INFO  server.RaftServerConfigKeys (ConfUtils.java:logGet(46)) - raft.server.log.write.buffer.size = 64KB (=65536) (default)
2022-08-27 01:04:07,003 [pool-55-thread-1] INFO  server.RaftServerConfigKeys (ConfUtils.java:logGet(46)) - raft.server.log.unsafe-flush.enabled = false (default)
2022-08-27 01:04:07,004 [pool-55-thread-1] INFO  server.RaftServerConfigKeys (ConfUtils.java:logGet(46)) - raft.server.log.statemachine.data.caching.enabled = false (default)
2022-08-27 01:04:07,009 [pool-55-thread-1] INFO  segmented.SegmentedRaftLogWorker (SegmentedRaftLogWorker.java:lambda$new$0(135)) - om1@group-C5BA1605619E-SegmentedRaftLogWorker: flushIndex: setUnconditionally 0 -> -1
2022-08-27 01:04:07,009 [pool-55-thread-1] INFO  segmented.SegmentedRaftLogWorker (SegmentedRaftLogWorker.java:lambda$new$0(135)) - om1@group-C5BA1605619E-SegmentedRaftLogWorker: safeCacheEvictIndex: setUnconditionally 0 -> -1
2022-08-27 01:04:07,027 [pool-55-thread-1] INFO  server.RaftServerConfigKeys (ConfUtils.java:logGet(46)) - raft.server.snapshot.auto.trigger.enabled = true (custom)
2022-08-27 01:04:07,027 [pool-55-thread-1] INFO  server.RaftServerConfigKeys (ConfUtils.java:logGet(46)) - raft.server.snapshot.auto.trigger.threshold = 400000 (default)
2022-08-27 01:04:07,028 [pool-55-thread-1] INFO  server.RaftServerConfigKeys (ConfUtils.java:logGet(46)) - raft.server.snapshot.retention.file.num = -1 (default)
2022-08-27 01:04:07,028 [pool-55-thread-1] INFO  server.RaftServerConfigKeys (ConfUtils.java:logGet(46)) - raft.server.log.purge.upto.snapshot.index = true (custom)
2022-08-27 01:04:07,030 [pool-55-thread-1] INFO  server.RaftServerConfigKeys (ConfUtils.java:logGet(46)) - raft.server.retrycache.expirytime = 300s (custom)
2022-08-27 01:04:07,030 [pool-55-thread-1] INFO  server.RaftServerConfigKeys (ConfUtils.java:logGet(46)) - raft.server.retrycache.statistics.expirytime = 100μs (default)
2022-08-27 01:04:07,126 [pool-55-thread-1] INFO  server.RaftServerConfigKeys (ConfUtils.java:logGet(46)) - raft.server.log.appender.install.snapshot.enabled = false (custom)
2022-08-27 01:04:07,127 [pool-55-thread-1] INFO  server.RaftServerConfigKeys (ConfUtils.java:logGet(46)) - raft.server.threadpool.server.cached = true (default)
2022-08-27 01:04:07,127 [pool-55-thread-1] INFO  server.RaftServerConfigKeys (ConfUtils.java:logGet(46)) - raft.server.threadpool.server.size = 0 (default)
2022-08-27 01:04:07,127 [pool-55-thread-1] INFO  server.RaftServerConfigKeys (ConfUtils.java:logGet(46)) - raft.server.threadpool.client.cached = true (default)
2022-08-27 01:04:07,135 [pool-55-thread-1] INFO  server.RaftServerConfigKeys (ConfUtils.java:logGet(46)) - raft.server.threadpool.client.size = 0 (default)
2022-08-27 01:04:07,249 [ReplicationMonitor] INFO  replication.ReplicationManager (ReplicationManager.java:processAll(255)) - Replication Manager is not ready to run until 3000ms after safemode exit
2022-08-27 01:04:07,569 [Listener at 0.0.0.0/32845] INFO  reflections.Reflections (Reflections.java:scan(232)) - Reflections took 751 ms to scan 19 urls, producing 67 keys and 4161 values [using 2 cores]
2022-08-27 01:04:07,734 [Listener at 0.0.0.0/32845] INFO  ipc.CallQueueManager (CallQueueManager.java:<init>(90)) - Using callQueue: class java.util.concurrent.LinkedBlockingQueue, queueCapacity: 2000, scheduler: class org.apache.hadoop.ipc.DefaultRpcScheduler, ipcBackoff: false.
2022-08-27 01:04:07,734 [Socket Reader #1 for port 0] INFO  ipc.Server (Server.java:run(1265)) - Starting Socket Reader #1 for port 0
2022-08-27 01:04:07,767 [Listener at 127.0.0.1/42729] INFO  impl.MetricsSystemImpl (MetricsSystemImpl.java:init(158)) - OzoneManager metrics system started (again)
2022-08-27 01:04:07,781 [Listener at 127.0.0.1/42729] INFO  om.OzoneManager (OzoneManager.java:start(1475)) - OzoneManager RPC server is listening at localhost/127.0.0.1:42729
2022-08-27 01:04:07,781 [Listener at 127.0.0.1/42729] INFO  ratis.OzoneManagerRatisServer (OzoneManagerRatisServer.java:start(554)) - Starting OzoneManagerRatisServer om1 at port 43041
2022-08-27 01:04:07,782 [om1-impl-thread1] INFO  server.RaftServer$Division (RaftServerImpl.java:start(310)) - om1@group-C5BA1605619E: start as a follower, conf=-1: [om1|rpc:localhost:43041|priority:0], old=null
2022-08-27 01:04:07,782 [om1-impl-thread1] INFO  server.RaftServer$Division (RaftServerImpl.java:setRole(299)) - om1@group-C5BA1605619E: changes role from      null to FOLLOWER at term 0 for startAsFollower
2022-08-27 01:04:07,784 [om1-impl-thread1] INFO  impl.RoleInfo (RoleInfo.java:updateAndGet(139)) - om1: start om1@group-C5BA1605619E-FollowerState
2022-08-27 01:04:07,785 [om1-impl-thread1] INFO  util.JmxRegister (JmxRegister.java:tryRegister(44)) - Successfully registered JMX Bean with object name Ratis:service=RaftServer,group=group-C5BA1605619E,id=om1
2022-08-27 01:04:07,787 [Listener at 127.0.0.1/42729] INFO  server.RaftServer (RaftServerProxy.java:lambda$start$6(382)) - om1: start RPC server
2022-08-27 01:04:07,841 [Listener at 127.0.0.1/42729] INFO  server.GrpcService (GrpcService.java:startImpl(260)) - om1: GrpcService started, listening on 43041
2022-08-27 01:04:07,843 [Listener at 127.0.0.1/42729] INFO  om.OzoneManager (OzoneManager.java:start(1491)) - Version File has different layout version (3) than OM DB (null). That is expected if this OM has never been finalized to a newer layout version.
2022-08-27 01:04:07,844 [org.apache.ratis.util.JvmPauseMonitor$$Lambda$715/1595744513@78b35977] INFO  util.JvmPauseMonitor (JvmPauseMonitor.java:run(103)) - JvmPauseMonitor-om1: Started
2022-08-27 01:04:07,852 [Listener at 127.0.0.1/42729] INFO  http.BaseHttpServer (BaseHttpServer.java:newHttpServer2BuilderForOzone(213)) - Starting Web-server for ozoneManager at: http://0.0.0.0:0
2022-08-27 01:04:07,852 [Listener at 127.0.0.1/42729] INFO  http.BaseHttpServer (BaseHttpServer.java:<init>(108)) - Hadoop Security Enabled: false Ozone Security Enabled: false Ozone HTTP Security Enabled: false 
2022-08-27 01:04:07,854 [Listener at 127.0.0.1/42729] INFO  server.AuthenticationFilter (AuthenticationFilter.java:constructSecretProvider(240)) - Unable to initialize FileSignerSecretProvider, falling back to use random secrets.
2022-08-27 01:04:07,868 [Listener at 127.0.0.1/42729] WARN  http.HttpRequestLog (HttpRequestLog.java:getRequestLog(103)) - Jetty request log can only be enabled using Log4j
2022-08-27 01:04:07,872 [Listener at 127.0.0.1/42729] INFO  http.HttpServer2 (HttpServer2.java:addGlobalFilter(1029)) - Added global filter 'safety' (class=org.apache.hadoop.hdds.server.http.HttpServer2$QuotingInputFilter)
2022-08-27 01:04:07,873 [Listener at 127.0.0.1/42729] INFO  http.HttpServer2 (HttpServer2.java:addFilter(1005)) - Added filter static_user_filter (class=org.apache.hadoop.http.lib.StaticUserWebFilter$StaticUserFilter) to context ozoneManager
2022-08-27 01:04:07,873 [Listener at 127.0.0.1/42729] INFO  http.HttpServer2 (HttpServer2.java:addFilter(1013)) - Added filter static_user_filter (class=org.apache.hadoop.http.lib.StaticUserWebFilter$StaticUserFilter) to context logs
2022-08-27 01:04:07,873 [Listener at 127.0.0.1/42729] INFO  http.HttpServer2 (HttpServer2.java:addFilter(1013)) - Added filter static_user_filter (class=org.apache.hadoop.http.lib.StaticUserWebFilter$StaticUserFilter) to context static
2022-08-27 01:04:07,875 [Listener at 127.0.0.1/42729] INFO  http.HttpServer2 (HttpServer2.java:bindListener(1248)) - Jetty bound to port 39289
2022-08-27 01:04:07,875 [Listener at 127.0.0.1/42729] INFO  server.Server (Server.java:doStart(375)) - jetty-9.4.43.v20210629; built: 2021-06-30T11:07:22.254Z; git: 526006ecfa3af7f1a27ef3a288e2bef7ea9dd7e8; jvm 1.8.0_345-b01
2022-08-27 01:04:07,876 [Listener at 127.0.0.1/42729] INFO  server.session (DefaultSessionIdManager.java:doStart(334)) - DefaultSessionIdManager workerName=node0
2022-08-27 01:04:07,876 [Listener at 127.0.0.1/42729] INFO  server.session (DefaultSessionIdManager.java:doStart(339)) - No SessionScavenger set, using defaults
2022-08-27 01:04:07,876 [Listener at 127.0.0.1/42729] INFO  server.session (HouseKeeper.java:startScavenging(132)) - node0 Scavenging every 660000ms
2022-08-27 01:04:07,877 [Listener at 127.0.0.1/42729] INFO  handler.ContextHandler (ContextHandler.java:doStart(915)) - Started o.e.j.s.ServletContextHandler@6d2a2fe3{logs,/logs,file:///home/runner/work/ozone/ozone/hadoop-ozone/integration-test/target/log,AVAILABLE}
2022-08-27 01:04:07,877 [Listener at 127.0.0.1/42729] INFO  handler.ContextHandler (ContextHandler.java:doStart(915)) - Started o.e.j.s.ServletContextHandler@65f0160e{static,/static,file:///home/runner/work/ozone/ozone/hadoop-ozone/integration-test/target/test-classes/webapps/static,AVAILABLE}
2022-08-27 01:04:07,880 [Listener at 127.0.0.1/42729] INFO  handler.ContextHandler (ContextHandler.java:doStart(915)) - Started o.e.j.w.WebAppContext@2257d0dc{ozoneManager,/,file:///home/runner/work/ozone/ozone/hadoop-ozone/integration-test/target/test-classes/webapps/ozoneManager/,AVAILABLE}{file:/home/runner/work/ozone/ozone/hadoop-ozone/integration-test/target/test-classes/webapps/ozoneManager}
2022-08-27 01:04:07,883 [Listener at 127.0.0.1/42729] INFO  server.AbstractConnector (AbstractConnector.java:doStart(331)) - Started ServerConnector@1f25a895{HTTP/1.1, (http/1.1)}{0.0.0.0:39289}
2022-08-27 01:04:07,883 [Listener at 127.0.0.1/42729] INFO  server.Server (Server.java:doStart(415)) - Started @6571ms
2022-08-27 01:04:07,883 [Listener at 127.0.0.1/42729] WARN  impl.MetricsSystemImpl (MetricsSystemImpl.java:register(279)) - Sink prometheus already exists!
2022-08-27 01:04:07,884 [Listener at 127.0.0.1/42729] INFO  http.BaseHttpServer (BaseHttpServer.java:updateConnectorAddress(333)) - HTTP server of ozoneManager listening at http://0.0.0.0:39289
2022-08-27 01:04:07,884 [IPC Server Responder] INFO  ipc.Server (Server.java:run(1507)) - IPC Server Responder: starting
2022-08-27 01:04:07,888 [IPC Server listener on 0] INFO  ipc.Server (Server.java:run(1344)) - IPC Server listener on 0: starting
2022-08-27 01:04:07,891 [Listener at 127.0.0.1/42729] INFO  om.OzoneManager (OzoneManager.java:startTrashEmptier(1912)) - Trash Interval set to 0. Files deleted won't move to trash
2022-08-27 01:04:07,901 [org.apache.hadoop.util.JvmPauseMonitor$Monitor@78d75079] INFO  util.JvmPauseMonitor (JvmPauseMonitor.java:run(188)) - Starting JVM pause monitor
2022-08-27 01:04:08,055 [Listener at 127.0.0.1/42729] WARN  impl.MetricRegistriesImpl (MetricRegistriesImpl.java:addReporterRegistration(111)) - New reporters are added after registries were created. Some metrics will be missing from the reporter. Please add reporter before adding any new registry.
2022-08-27 01:04:08,055 [Listener at 127.0.0.1/42729] WARN  impl.MetricRegistriesImpl (MetricRegistriesImpl.java:addReporterRegistration(111)) - New reporters are added after registries were created. Some metrics will be missing from the reporter. Please add reporter before adding any new registry.
2022-08-27 01:04:08,056 [Listener at 127.0.0.1/42729] INFO  impl.MetricsSystemImpl (MetricsSystemImpl.java:init(158)) - HddsDatanode metrics system started (again)
2022-08-27 01:04:08,079 [Listener at 127.0.0.1/42729] INFO  ozone.HddsDatanodeService (HddsDatanodeService.java:start(236)) - HddsDatanodeService host:fv-az41-820.zje5jq5y5x4uznwvdkgxk4wc2h.cx.internal.cloudapp.net ip:10.1.1.170
2022-08-27 01:04:08,103 [Listener at 127.0.0.1/42729] INFO  upgrade.AbstractLayoutVersionManager (AbstractLayoutVersionManager.java:init(83)) - Initializing Layout version manager with metadata layout = DATANODE_SCHEMA_V3 (version = 4), software layout = DATANODE_SCHEMA_V3 (version = 4)
2022-08-27 01:04:08,149 [Listener at 127.0.0.1/42729] INFO  reflections.Reflections (Reflections.java:scan(232)) - Reflections took 45 ms to scan 7 urls, producing 133 keys and 322 values 
2022-08-27 01:04:08,152 [Listener at 127.0.0.1/42729] INFO  statemachine.DatanodeStateMachine (DatanodeStateMachine.java:getEndPointTaskThreadPoolSize(237)) - Datanode State Machine Task Thread Pool size 2
2022-08-27 01:04:08,203 [Listener at 127.0.0.1/42729] INFO  volume.HddsVolume (HddsVolume.java:<init>(117)) - Creating HddsVolume: /home/runner/work/ozone/ozone/hadoop-ozone/integration-test/target/test-dir/MiniOzoneClusterImpl-06e86dd3-d7df-4a2c-b8a6-272c25fd117f/datanode-0/data-0/containers/hdds of storage type : DISK capacity : 9223372036854775807
2022-08-27 01:04:08,205 [Listener at 127.0.0.1/42729] INFO  volume.MutableVolumeSet (MutableVolumeSet.java:initializeVolumeSet(174)) - Added Volume : /home/runner/work/ozone/ozone/hadoop-ozone/integration-test/target/test-dir/MiniOzoneClusterImpl-06e86dd3-d7df-4a2c-b8a6-272c25fd117f/datanode-0/data-0/containers/hdds to VolumeSet
2022-08-27 01:04:08,206 [Listener at 127.0.0.1/42729] INFO  volume.ThrottledAsyncChecker (ThrottledAsyncChecker.java:schedule(141)) - Scheduling a check for /home/runner/work/ozone/ozone/hadoop-ozone/integration-test/target/test-dir/MiniOzoneClusterImpl-06e86dd3-d7df-4a2c-b8a6-272c25fd117f/datanode-0/data-0/containers/hdds
2022-08-27 01:04:08,224 [Listener at 127.0.0.1/42729] INFO  volume.StorageVolumeChecker (StorageVolumeChecker.java:checkAllVolumes(202)) - Scheduled health check for volume /home/runner/work/ozone/ozone/hadoop-ozone/integration-test/target/test-dir/MiniOzoneClusterImpl-06e86dd3-d7df-4a2c-b8a6-272c25fd117f/datanode-0/data-0/containers/hdds
2022-08-27 01:04:08,240 [Listener at 127.0.0.1/42729] INFO  volume.MutableVolumeSet (MutableVolumeSet.java:initializeVolumeSet(174)) - Added Volume : /home/runner/work/ozone/ozone/hadoop-ozone/integration-test/target/test-dir/MiniOzoneClusterImpl-06e86dd3-d7df-4a2c-b8a6-272c25fd117f/datanode-0/data/ratis to VolumeSet
2022-08-27 01:04:08,240 [Listener at 127.0.0.1/42729] INFO  volume.ThrottledAsyncChecker (ThrottledAsyncChecker.java:schedule(141)) - Scheduling a check for /home/runner/work/ozone/ozone/hadoop-ozone/integration-test/target/test-dir/MiniOzoneClusterImpl-06e86dd3-d7df-4a2c-b8a6-272c25fd117f/datanode-0/data/ratis
2022-08-27 01:04:08,240 [Listener at 127.0.0.1/42729] INFO  volume.StorageVolumeChecker (StorageVolumeChecker.java:checkAllVolumes(202)) - Scheduled health check for volume /home/runner/work/ozone/ozone/hadoop-ozone/integration-test/target/test-dir/MiniOzoneClusterImpl-06e86dd3-d7df-4a2c-b8a6-272c25fd117f/datanode-0/data/ratis
2022-08-27 01:04:08,249 [ReplicationMonitor] INFO  replication.ReplicationManager (ReplicationManager.java:processAll(255)) - Replication Manager is not ready to run until 3000ms after safemode exit
2022-08-27 01:04:08,261 [Thread-138] INFO  ozoneimpl.ContainerReader (ContainerReader.java:readVolume(175)) - Finish verifying containers on volume /home/runner/work/ozone/ozone/hadoop-ozone/integration-test/target/test-dir/MiniOzoneClusterImpl-06e86dd3-d7df-4a2c-b8a6-272c25fd117f/datanode-0/data-0/containers/hdds
2022-08-27 01:04:08,262 [Listener at 127.0.0.1/42729] INFO  ozoneimpl.OzoneContainer (OzoneContainer.java:buildContainerSet(299)) - Build ContainerSet costs 0s
2022-08-27 01:04:08,306 [Listener at 127.0.0.1/42729] INFO  audit.AuditLogger (AuditLogger.java:refreshDebugCmdSet(126)) - Refresh DebugCmdSet for DNAudit to [].
2022-08-27 01:04:08,335 [Listener at 127.0.0.1/42729] INFO  server.RaftServer (ConfUtils.java:logGet(46)) - raft.rpc.type = GRPC (default)
2022-08-27 01:04:08,335 [Listener at 127.0.0.1/42729] INFO  grpc.GrpcFactory (GrpcFactory.java:checkPooledByteBufAllocatorUseCacheForAllThreads(48)) - PERFORMANCE WARNING: useCacheForAllThreads is true that may cause Netty to create a lot garbage objects and, as a result, trigger GC.
	It is recommended to disable useCacheForAllThreads by setting -Dorg.apache.ratis.thirdparty.io.netty.allocator.useCacheForAllThreads=false in command line.
2022-08-27 01:04:08,335 [Listener at 127.0.0.1/42729] INFO  grpc.GrpcConfigKeys (ConfUtils.java:logGet(46)) - raft.grpc.admin.port = 0 (custom)
2022-08-27 01:04:08,335 [Listener at 127.0.0.1/42729] INFO  grpc.GrpcConfigKeys (ConfUtils.java:logGet(46)) - raft.grpc.client.port = 0 (custom)
2022-08-27 01:04:08,336 [Listener at 127.0.0.1/42729] INFO  grpc.GrpcConfigKeys (ConfUtils.java:logGet(46)) - raft.grpc.server.port = 0 (default)
2022-08-27 01:04:08,336 [Listener at 127.0.0.1/42729] INFO  server.GrpcService (ConfUtils.java:logGet(46)) - raft.grpc.message.size.max = 32MB (=33554432) (custom)
2022-08-27 01:04:08,336 [Listener at 127.0.0.1/42729] INFO  server.RaftServerConfigKeys (ConfUtils.java:logGet(46)) - raft.server.log.appender.buffer.byte-limit = 33554432 (custom)
2022-08-27 01:04:08,336 [Listener at 127.0.0.1/42729] INFO  server.GrpcService (ConfUtils.java:logGet(46)) - raft.grpc.flow.control.window = 5MB (=5242880) (custom)
2022-08-27 01:04:08,336 [Listener at 127.0.0.1/42729] INFO  server.RaftServerConfigKeys (ConfUtils.java:logGet(46)) - raft.server.rpc.request.timeout = 60s (custom)
2022-08-27 01:04:08,336 [Listener at 127.0.0.1/42729] INFO  grpc.GrpcConfigKeys (ConfUtils.java:logGet(46)) - raft.grpc.server.async.request.thread.pool.cached = true (default)
2022-08-27 01:04:08,336 [Listener at 127.0.0.1/42729] INFO  grpc.GrpcConfigKeys (ConfUtils.java:logGet(46)) - raft.grpc.server.async.request.thread.pool.size = 32 (default)
2022-08-27 01:04:08,337 [Listener at 127.0.0.1/42729] INFO  impl.DataStreamServerImpl (ConfUtils.java:logGet(46)) - raft.datastream.type = DISABLED (default)
2022-08-27 01:04:08,337 [Listener at 127.0.0.1/42729] INFO  server.RaftServerConfigKeys (ConfUtils.java:logGet(46)) - raft.server.threadpool.proxy.cached = true (default)
2022-08-27 01:04:08,337 [Listener at 127.0.0.1/42729] INFO  server.RaftServerConfigKeys (ConfUtils.java:logGet(46)) - raft.server.threadpool.proxy.size = 0 (default)
2022-08-27 01:04:08,338 [Listener at 127.0.0.1/42729] INFO  server.RaftServerConfigKeys (ConfUtils.java:logGet(46)) - raft.server.rpc.slowness.timeout = 300s (custom)
2022-08-27 01:04:08,338 [Listener at 127.0.0.1/42729] INFO  server.RaftServerConfigKeys (ConfUtils.java:logGet(46)) - raft.server.leaderelection.leader.step-down.wait-time = 10s (default)
2022-08-27 01:04:08,338 [Listener at 127.0.0.1/42729] INFO  server.RaftServerConfigKeys (ConfUtils.java:logGet(46)) - raft.server.storage.dir = [/home/runner/work/ozone/ozone/hadoop-ozone/integration-test/target/test-dir/MiniOzoneClusterImpl-06e86dd3-d7df-4a2c-b8a6-272c25fd117f/datanode-0/data/ratis] (custom)
2022-08-27 01:04:08,355 [Listener at 127.0.0.1/42729] INFO  server.XceiverServerGrpc (XceiverServerGrpc.java:<init>(132)) - GrpcServer channel type EpollServerSocketChannel
2022-08-27 01:04:08,437 [Listener at 127.0.0.1/42729] INFO  http.BaseHttpServer (BaseHttpServer.java:newHttpServer2BuilderForOzone(213)) - Starting Web-server for hddsDatanode at: http://0.0.0.0:0
2022-08-27 01:04:08,437 [Listener at 127.0.0.1/42729] INFO  http.BaseHttpServer (BaseHttpServer.java:<init>(108)) - Hadoop Security Enabled: false Ozone Security Enabled: false Ozone HTTP Security Enabled: false 
2022-08-27 01:04:08,438 [Listener at 127.0.0.1/42729] INFO  server.AuthenticationFilter (AuthenticationFilter.java:constructSecretProvider(240)) - Unable to initialize FileSignerSecretProvider, falling back to use random secrets.
2022-08-27 01:04:08,440 [Listener at 127.0.0.1/42729] WARN  http.HttpRequestLog (HttpRequestLog.java:getRequestLog(103)) - Jetty request log can only be enabled using Log4j
2022-08-27 01:04:08,442 [Listener at 127.0.0.1/42729] INFO  http.HttpServer2 (HttpServer2.java:addGlobalFilter(1029)) - Added global filter 'safety' (class=org.apache.hadoop.hdds.server.http.HttpServer2$QuotingInputFilter)
2022-08-27 01:04:08,443 [Listener at 127.0.0.1/42729] INFO  http.HttpServer2 (HttpServer2.java:addFilter(1005)) - Added filter static_user_filter (class=org.apache.hadoop.http.lib.StaticUserWebFilter$StaticUserFilter) to context hddsDatanode
2022-08-27 01:04:08,443 [Listener at 127.0.0.1/42729] INFO  http.HttpServer2 (HttpServer2.java:addFilter(1013)) - Added filter static_user_filter (class=org.apache.hadoop.http.lib.StaticUserWebFilter$StaticUserFilter) to context static
2022-08-27 01:04:08,443 [Listener at 127.0.0.1/42729] INFO  http.HttpServer2 (HttpServer2.java:addFilter(1013)) - Added filter static_user_filter (class=org.apache.hadoop.http.lib.StaticUserWebFilter$StaticUserFilter) to context logs
2022-08-27 01:04:08,443 [Listener at 127.0.0.1/42729] INFO  http.HttpServer2 (HttpServer2.java:bindListener(1248)) - Jetty bound to port 36901
2022-08-27 01:04:08,443 [Listener at 127.0.0.1/42729] INFO  server.Server (Server.java:doStart(375)) - jetty-9.4.43.v20210629; built: 2021-06-30T11:07:22.254Z; git: 526006ecfa3af7f1a27ef3a288e2bef7ea9dd7e8; jvm 1.8.0_345-b01
2022-08-27 01:04:08,449 [Listener at 127.0.0.1/42729] INFO  server.session (DefaultSessionIdManager.java:doStart(334)) - DefaultSessionIdManager workerName=node0
2022-08-27 01:04:08,449 [Listener at 127.0.0.1/42729] INFO  server.session (DefaultSessionIdManager.java:doStart(339)) - No SessionScavenger set, using defaults
2022-08-27 01:04:08,449 [Listener at 127.0.0.1/42729] INFO  server.session (HouseKeeper.java:startScavenging(132)) - node0 Scavenging every 600000ms
2022-08-27 01:04:08,450 [Listener at 127.0.0.1/42729] INFO  handler.ContextHandler (ContextHandler.java:doStart(915)) - Started o.e.j.s.ServletContextHandler@3c4f7d10{logs,/logs,file:///home/runner/work/ozone/ozone/hadoop-ozone/integration-test/target/log,AVAILABLE}
2022-08-27 01:04:08,451 [Listener at 127.0.0.1/42729] INFO  handler.ContextHandler (ContextHandler.java:doStart(915)) - Started o.e.j.s.ServletContextHandler@45d533e{static,/static,jar:file:/home/runner/.m2/repository/org/apache/ozone/hdds-container-service/1.3.0-SNAPSHOT/hdds-container-service-1.3.0-SNAPSHOT.jar!/webapps/static,AVAILABLE}
2022-08-27 01:04:08,632 [Listener at 127.0.0.1/42729] INFO  handler.ContextHandler (ContextHandler.java:doStart(915)) - Started o.e.j.w.WebAppContext@4c37857{hddsDatanode,/,file:///tmp/jetty-0_0_0_0-36901-hdds-container-service-1_3_0-SNAPSHOT_jar-_-any-5447186453948367903/webapp/,AVAILABLE}{jar:file:/home/runner/.m2/repository/org/apache/ozone/hdds-container-service/1.3.0-SNAPSHOT/hdds-container-service-1.3.0-SNAPSHOT.jar!/webapps/hddsDatanode}
2022-08-27 01:04:08,634 [Listener at 127.0.0.1/42729] INFO  server.AbstractConnector (AbstractConnector.java:doStart(331)) - Started ServerConnector@5a453603{HTTP/1.1, (http/1.1)}{0.0.0.0:36901}
2022-08-27 01:04:08,634 [Listener at 127.0.0.1/42729] INFO  server.Server (Server.java:doStart(415)) - Started @7322ms
2022-08-27 01:04:08,634 [Listener at 127.0.0.1/42729] WARN  impl.MetricsSystemImpl (MetricsSystemImpl.java:register(279)) - Sink prometheus already exists!
2022-08-27 01:04:08,635 [Listener at 127.0.0.1/42729] INFO  http.BaseHttpServer (BaseHttpServer.java:updateConnectorAddress(333)) - HTTP server of hddsDatanode listening at http://0.0.0.0:36901
2022-08-27 01:04:08,637 [Listener at 127.0.0.1/42729] WARN  impl.MetricRegistriesImpl (MetricRegistriesImpl.java:addReporterRegistration(111)) - New reporters are added after registries were created. Some metrics will be missing from the reporter. Please add reporter before adding any new registry.
2022-08-27 01:04:08,637 [Listener at 127.0.0.1/42729] WARN  impl.MetricRegistriesImpl (MetricRegistriesImpl.java:addReporterRegistration(111)) - New reporters are added after registries were created. Some metrics will be missing from the reporter. Please add reporter before adding any new registry.
2022-08-27 01:04:08,637 [Listener at 127.0.0.1/42729] INFO  impl.MetricsSystemImpl (MetricsSystemImpl.java:init(158)) - HddsDatanode metrics system started (again)
2022-08-27 01:04:08,640 [Datanode State Machine Daemon Thread] INFO  statemachine.DatanodeStateMachine (DatanodeStateMachine.java:lambda$startDaemon$0(492)) - Ozone container server started.
2022-08-27 01:04:08,650 [Listener at 127.0.0.1/42729] INFO  ozone.HddsDatanodeService (HddsDatanodeService.java:start(236)) - HddsDatanodeService host:fv-az41-820.zje5jq5y5x4uznwvdkgxk4wc2h.cx.internal.cloudapp.net ip:10.1.1.170
2022-08-27 01:04:08,674 [org.apache.hadoop.util.JvmPauseMonitor$Monitor@2c41ad6a] INFO  util.JvmPauseMonitor (JvmPauseMonitor.java:run(188)) - Starting JVM pause monitor
2022-08-27 01:04:08,694 [Listener at 127.0.0.1/42729] INFO  upgrade.AbstractLayoutVersionManager (AbstractLayoutVersionManager.java:init(83)) - Initializing Layout version manager with metadata layout = DATANODE_SCHEMA_V3 (version = 4), software layout = DATANODE_SCHEMA_V3 (version = 4)
2022-08-27 01:04:08,766 [Datanode State Machine Task Thread - 0] INFO  datanode.InitDatanodeState (InitDatanodeState.java:persistContainerDatanodeDetails(138)) - DatanodeDetails is persisted to /home/runner/work/ozone/ozone/hadoop-ozone/integration-test/target/test-dir/MiniOzoneClusterImpl-06e86dd3-d7df-4a2c-b8a6-272c25fd117f/datanode-0/meta/datanode.id
2022-08-27 01:04:08,771 [Listener at 127.0.0.1/42729] INFO  reflections.Reflections (Reflections.java:scan(232)) - Reflections took 75 ms to scan 7 urls, producing 133 keys and 322 values 
2022-08-27 01:04:08,772 [Listener at 127.0.0.1/42729] INFO  statemachine.DatanodeStateMachine (DatanodeStateMachine.java:getEndPointTaskThreadPoolSize(237)) - Datanode State Machine Task Thread Pool size 2
2022-08-27 01:04:08,774 [Listener at 127.0.0.1/42729] INFO  volume.HddsVolume (HddsVolume.java:<init>(117)) - Creating HddsVolume: /home/runner/work/ozone/ozone/hadoop-ozone/integration-test/target/test-dir/MiniOzoneClusterImpl-06e86dd3-d7df-4a2c-b8a6-272c25fd117f/datanode-1/data-0/containers/hdds of storage type : DISK capacity : 9223372036854775807
2022-08-27 01:04:08,774 [Listener at 127.0.0.1/42729] INFO  volume.MutableVolumeSet (MutableVolumeSet.java:initializeVolumeSet(174)) - Added Volume : /home/runner/work/ozone/ozone/hadoop-ozone/integration-test/target/test-dir/MiniOzoneClusterImpl-06e86dd3-d7df-4a2c-b8a6-272c25fd117f/datanode-1/data-0/containers/hdds to VolumeSet
2022-08-27 01:04:08,774 [Listener at 127.0.0.1/42729] INFO  volume.ThrottledAsyncChecker (ThrottledAsyncChecker.java:schedule(141)) - Scheduling a check for /home/runner/work/ozone/ozone/hadoop-ozone/integration-test/target/test-dir/MiniOzoneClusterImpl-06e86dd3-d7df-4a2c-b8a6-272c25fd117f/datanode-1/data-0/containers/hdds
2022-08-27 01:04:08,781 [Listener at 127.0.0.1/42729] INFO  volume.StorageVolumeChecker (StorageVolumeChecker.java:checkAllVolumes(202)) - Scheduled health check for volume /home/runner/work/ozone/ozone/hadoop-ozone/integration-test/target/test-dir/MiniOzoneClusterImpl-06e86dd3-d7df-4a2c-b8a6-272c25fd117f/datanode-1/data-0/containers/hdds
2022-08-27 01:04:08,791 [Listener at 127.0.0.1/42729] INFO  volume.MutableVolumeSet (MutableVolumeSet.java:initializeVolumeSet(174)) - Added Volume : /home/runner/work/ozone/ozone/hadoop-ozone/integration-test/target/test-dir/MiniOzoneClusterImpl-06e86dd3-d7df-4a2c-b8a6-272c25fd117f/datanode-1/data/ratis to VolumeSet
2022-08-27 01:04:08,792 [Listener at 127.0.0.1/42729] INFO  volume.ThrottledAsyncChecker (ThrottledAsyncChecker.java:schedule(141)) - Scheduling a check for /home/runner/work/ozone/ozone/hadoop-ozone/integration-test/target/test-dir/MiniOzoneClusterImpl-06e86dd3-d7df-4a2c-b8a6-272c25fd117f/datanode-1/data/ratis
2022-08-27 01:04:08,792 [Listener at 127.0.0.1/42729] INFO  volume.StorageVolumeChecker (StorageVolumeChecker.java:checkAllVolumes(202)) - Scheduled health check for volume /home/runner/work/ozone/ozone/hadoop-ozone/integration-test/target/test-dir/MiniOzoneClusterImpl-06e86dd3-d7df-4a2c-b8a6-272c25fd117f/datanode-1/data/ratis
2022-08-27 01:04:08,802 [Thread-151] INFO  ozoneimpl.ContainerReader (ContainerReader.java:readVolume(175)) - Finish verifying containers on volume /home/runner/work/ozone/ozone/hadoop-ozone/integration-test/target/test-dir/MiniOzoneClusterImpl-06e86dd3-d7df-4a2c-b8a6-272c25fd117f/datanode-1/data-0/containers/hdds
2022-08-27 01:04:08,802 [Listener at 127.0.0.1/42729] INFO  ozoneimpl.OzoneContainer (OzoneContainer.java:buildContainerSet(299)) - Build ContainerSet costs 0s
2022-08-27 01:04:08,806 [Listener at 127.0.0.1/42729] INFO  server.RaftServer (ConfUtils.java:logGet(46)) - raft.rpc.type = GRPC (default)
2022-08-27 01:04:08,806 [Listener at 127.0.0.1/42729] INFO  grpc.GrpcFactory (GrpcFactory.java:checkPooledByteBufAllocatorUseCacheForAllThreads(48)) - PERFORMANCE WARNING: useCacheForAllThreads is true that may cause Netty to create a lot garbage objects and, as a result, trigger GC.
	It is recommended to disable useCacheForAllThreads by setting -Dorg.apache.ratis.thirdparty.io.netty.allocator.useCacheForAllThreads=false in command line.
2022-08-27 01:04:08,806 [Listener at 127.0.0.1/42729] INFO  grpc.GrpcConfigKeys (ConfUtils.java:logGet(46)) - raft.grpc.admin.port = 0 (custom)
2022-08-27 01:04:08,806 [Listener at 127.0.0.1/42729] INFO  grpc.GrpcConfigKeys (ConfUtils.java:logGet(46)) - raft.grpc.client.port = 0 (custom)
2022-08-27 01:04:08,806 [Listener at 127.0.0.1/42729] INFO  grpc.GrpcConfigKeys (ConfUtils.java:logGet(46)) - raft.grpc.server.port = 0 (default)
2022-08-27 01:04:08,806 [Listener at 127.0.0.1/42729] INFO  server.GrpcService (ConfUtils.java:logGet(46)) - raft.grpc.message.size.max = 32MB (=33554432) (custom)
2022-08-27 01:04:08,806 [Listener at 127.0.0.1/42729] INFO  server.RaftServerConfigKeys (ConfUtils.java:logGet(46)) - raft.server.log.appender.buffer.byte-limit = 33554432 (custom)
2022-08-27 01:04:08,806 [Listener at 127.0.0.1/42729] INFO  server.GrpcService (ConfUtils.java:logGet(46)) - raft.grpc.flow.control.window = 5MB (=5242880) (custom)
2022-08-27 01:04:08,806 [Listener at 127.0.0.1/42729] INFO  server.RaftServerConfigKeys (ConfUtils.java:logGet(46)) - raft.server.rpc.request.timeout = 60s (custom)
2022-08-27 01:04:08,807 [Listener at 127.0.0.1/42729] INFO  grpc.GrpcConfigKeys (ConfUtils.java:logGet(46)) - raft.grpc.server.async.request.thread.pool.cached = true (default)
2022-08-27 01:04:08,807 [Listener at 127.0.0.1/42729] INFO  grpc.GrpcConfigKeys (ConfUtils.java:logGet(46)) - raft.grpc.server.async.request.thread.pool.size = 32 (default)
2022-08-27 01:04:08,808 [Listener at 127.0.0.1/42729] INFO  impl.DataStreamServerImpl (ConfUtils.java:logGet(46)) - raft.datastream.type = DISABLED (default)
2022-08-27 01:04:08,808 [Listener at 127.0.0.1/42729] INFO  server.RaftServerConfigKeys (ConfUtils.java:logGet(46)) - raft.server.threadpool.proxy.cached = true (default)
2022-08-27 01:04:08,808 [Listener at 127.0.0.1/42729] INFO  server.RaftServerConfigKeys (ConfUtils.java:logGet(46)) - raft.server.threadpool.proxy.size = 0 (default)
2022-08-27 01:04:08,808 [Listener at 127.0.0.1/42729] INFO  server.RaftServerConfigKeys (ConfUtils.java:logGet(46)) - raft.server.rpc.slowness.timeout = 300s (custom)
2022-08-27 01:04:08,808 [Listener at 127.0.0.1/42729] INFO  server.RaftServerConfigKeys (ConfUtils.java:logGet(46)) - raft.server.leaderelection.leader.step-down.wait-time = 10s (default)
2022-08-27 01:04:08,808 [Listener at 127.0.0.1/42729] INFO  server.RaftServerConfigKeys (ConfUtils.java:logGet(46)) - raft.server.storage.dir = [/home/runner/work/ozone/ozone/hadoop-ozone/integration-test/target/test-dir/MiniOzoneClusterImpl-06e86dd3-d7df-4a2c-b8a6-272c25fd117f/datanode-1/data/ratis] (custom)
2022-08-27 01:04:08,810 [Listener at 127.0.0.1/42729] INFO  server.XceiverServerGrpc (XceiverServerGrpc.java:<init>(132)) - GrpcServer channel type EpollServerSocketChannel
2022-08-27 01:04:08,812 [Listener at 127.0.0.1/42729] INFO  http.BaseHttpServer (BaseHttpServer.java:newHttpServer2BuilderForOzone(213)) - Starting Web-server for hddsDatanode at: http://0.0.0.0:0
2022-08-27 01:04:08,813 [Listener at 127.0.0.1/42729] INFO  http.BaseHttpServer (BaseHttpServer.java:<init>(108)) - Hadoop Security Enabled: false Ozone Security Enabled: false Ozone HTTP Security Enabled: false 
2022-08-27 01:04:08,814 [Listener at 127.0.0.1/42729] INFO  server.AuthenticationFilter (AuthenticationFilter.java:constructSecretProvider(240)) - Unable to initialize FileSignerSecretProvider, falling back to use random secrets.
2022-08-27 01:04:08,814 [Listener at 127.0.0.1/42729] WARN  http.HttpRequestLog (HttpRequestLog.java:getRequestLog(103)) - Jetty request log can only be enabled using Log4j
2022-08-27 01:04:08,815 [Listener at 127.0.0.1/42729] INFO  http.HttpServer2 (HttpServer2.java:addGlobalFilter(1029)) - Added global filter 'safety' (class=org.apache.hadoop.hdds.server.http.HttpServer2$QuotingInputFilter)
2022-08-27 01:04:08,816 [Listener at 127.0.0.1/42729] INFO  http.HttpServer2 (HttpServer2.java:addFilter(1005)) - Added filter static_user_filter (class=org.apache.hadoop.http.lib.StaticUserWebFilter$StaticUserFilter) to context hddsDatanode
2022-08-27 01:04:08,816 [Listener at 127.0.0.1/42729] INFO  http.HttpServer2 (HttpServer2.java:addFilter(1013)) - Added filter static_user_filter (class=org.apache.hadoop.http.lib.StaticUserWebFilter$StaticUserFilter) to context static
2022-08-27 01:04:08,816 [Listener at 127.0.0.1/42729] INFO  http.HttpServer2 (HttpServer2.java:addFilter(1013)) - Added filter static_user_filter (class=org.apache.hadoop.http.lib.StaticUserWebFilter$StaticUserFilter) to context logs
2022-08-27 01:04:08,817 [Listener at 127.0.0.1/42729] INFO  http.HttpServer2 (HttpServer2.java:bindListener(1248)) - Jetty bound to port 45123
2022-08-27 01:04:08,817 [Listener at 127.0.0.1/42729] INFO  server.Server (Server.java:doStart(375)) - jetty-9.4.43.v20210629; built: 2021-06-30T11:07:22.254Z; git: 526006ecfa3af7f1a27ef3a288e2bef7ea9dd7e8; jvm 1.8.0_345-b01
2022-08-27 01:04:08,818 [Listener at 127.0.0.1/42729] INFO  server.session (DefaultSessionIdManager.java:doStart(334)) - DefaultSessionIdManager workerName=node0
2022-08-27 01:04:08,818 [Listener at 127.0.0.1/42729] INFO  server.session (DefaultSessionIdManager.java:doStart(339)) - No SessionScavenger set, using defaults
2022-08-27 01:04:08,818 [Listener at 127.0.0.1/42729] INFO  server.session (HouseKeeper.java:startScavenging(132)) - node0 Scavenging every 660000ms
2022-08-27 01:04:08,819 [Listener at 127.0.0.1/42729] INFO  handler.ContextHandler (ContextHandler.java:doStart(915)) - Started o.e.j.s.ServletContextHandler@58318bce{logs,/logs,file:///home/runner/work/ozone/ozone/hadoop-ozone/integration-test/target/log,AVAILABLE}
2022-08-27 01:04:08,819 [Listener at 127.0.0.1/42729] INFO  handler.ContextHandler (ContextHandler.java:doStart(915)) - Started o.e.j.s.ServletContextHandler@42340b32{static,/static,jar:file:/home/runner/.m2/repository/org/apache/ozone/hdds-container-service/1.3.0-SNAPSHOT/hdds-container-service-1.3.0-SNAPSHOT.jar!/webapps/static,AVAILABLE}
2022-08-27 01:04:08,826 [om1@group-C5BA1605619E-FollowerState] INFO  impl.FollowerState (FollowerState.java:run(143)) - om1@group-C5BA1605619E-FollowerState: change to CANDIDATE, lastRpcElapsedTime:1043006625ns, electionTimeout:1041ms
2022-08-27 01:04:08,827 [om1@group-C5BA1605619E-FollowerState] INFO  impl.RoleInfo (RoleInfo.java:shutdownFollowerState(110)) - om1: shutdown om1@group-C5BA1605619E-FollowerState
2022-08-27 01:04:08,829 [om1@group-C5BA1605619E-FollowerState] INFO  server.RaftServer$Division (RaftServerImpl.java:setRole(299)) - om1@group-C5BA1605619E: changes role from  FOLLOWER to CANDIDATE at term 0 for changeToCandidate
2022-08-27 01:04:08,831 [om1@group-C5BA1605619E-FollowerState] INFO  server.RaftServerConfigKeys (ConfUtils.java:logGet(46)) - raft.server.leaderelection.pre-vote = false (custom)
2022-08-27 01:04:08,831 [om1@group-C5BA1605619E-FollowerState] INFO  impl.RoleInfo (RoleInfo.java:updateAndGet(139)) - om1: start om1@group-C5BA1605619E-LeaderElection1
2022-08-27 01:04:08,839 [om1@group-C5BA1605619E-LeaderElection1] INFO  impl.LeaderElection (LeaderElection.java:askForVotes(310)) - om1@group-C5BA1605619E-LeaderElection1 ELECTION round 0: submit vote requests at term 1 for -1: [om1|rpc:localhost:43041|priority:0], old=null
2022-08-27 01:04:08,840 [om1@group-C5BA1605619E-LeaderElection1] INFO  impl.LeaderElection (LeaderElection.java:askForVotes(312)) - om1@group-C5BA1605619E-LeaderElection1 ELECTION round 0: result PASSED (term=1)
2022-08-27 01:04:08,840 [om1@group-C5BA1605619E-LeaderElection1] INFO  impl.RoleInfo (RoleInfo.java:shutdownLeaderElection(130)) - om1: shutdown om1@group-C5BA1605619E-LeaderElection1
2022-08-27 01:04:08,841 [om1@group-C5BA1605619E-LeaderElection1] INFO  server.RaftServer$Division (RaftServerImpl.java:setRole(299)) - om1@group-C5BA1605619E: changes role from CANDIDATE to LEADER at term 1 for changeToLeader
2022-08-27 01:04:08,841 [om1@group-C5BA1605619E-LeaderElection1] INFO  server.RaftServer$Division (ServerState.java:setLeader(287)) - om1@group-C5BA1605619E: change Leader from null to om1 at term 1 for becomeLeader, leader elected after 1972ms
2022-08-27 01:04:08,846 [om1@group-C5BA1605619E-LeaderElection1] INFO  server.RaftServerConfigKeys (ConfUtils.java:logGet(46)) - raft.server.staging.catchup.gap = 1000 (default)
2022-08-27 01:04:08,854 [om1@group-C5BA1605619E-LeaderElection1] INFO  server.RaftServerConfigKeys (ConfUtils.java:logGet(46)) - raft.server.write.element-limit = 4096 (default)
2022-08-27 01:04:08,854 [om1@group-C5BA1605619E-LeaderElection1] INFO  server.RaftServerConfigKeys (ConfUtils.java:logGet(46)) - raft.server.write.byte-limit = 64MB (=67108864) (default)
2022-08-27 01:04:08,860 [om1@group-C5BA1605619E-LeaderElection1] INFO  server.RaftServerConfigKeys (ConfUtils.java:logGet(46)) - raft.server.watch.timeout = 10s (default)
2022-08-27 01:04:08,860 [om1@group-C5BA1605619E-LeaderElection1] INFO  server.RaftServerConfigKeys (ConfUtils.java:logGet(46)) - raft.server.watch.timeout.denomination = 1s (default)
2022-08-27 01:04:08,861 [om1@group-C5BA1605619E-LeaderElection1] INFO  server.RaftServerConfigKeys (ConfUtils.java:logGet(46)) - raft.server.watch.element-limit = 65536 (default)
2022-08-27 01:04:08,865 [om1@group-C5BA1605619E-LeaderElection1] INFO  server.RaftServerConfigKeys (ConfUtils.java:logGet(46)) - raft.server.write.element-limit = 4096 (default)
2022-08-27 01:04:08,868 [om1@group-C5BA1605619E-LeaderElection1] INFO  server.RaftServerConfigKeys (ConfUtils.java:logGet(46)) - raft.server.write.follower.gap.ratio.max = -1.0 (default)
2022-08-27 01:04:08,872 [om1@group-C5BA1605619E-LeaderElection1] INFO  impl.RoleInfo (RoleInfo.java:updateAndGet(139)) - om1: start om1@group-C5BA1605619E-LeaderStateImpl
2022-08-27 01:04:08,898 [om1@group-C5BA1605619E-LeaderElection1] INFO  segmented.SegmentedRaftLogWorker (SegmentedRaftLogWorker.java:startLogSegment(425)) - om1@group-C5BA1605619E-SegmentedRaftLogWorker: Starting segment from index:0
2022-08-27 01:04:08,979 [om1@group-C5BA1605619E-LeaderElection1] INFO  server.RaftServer$Division (ServerState.java:setRaftConf(393)) - om1@group-C5BA1605619E: set configuration 0: [om1|rpc:localhost:43041|admin:|client:|dataStream:|priority:0], old=null
2022-08-27 01:04:09,018 [om1@group-C5BA1605619E-SegmentedRaftLogWorker] INFO  segmented.SegmentedRaftLogWorker (SegmentedRaftLogWorker.java:execute(629)) - om1@group-C5BA1605619E-SegmentedRaftLogWorker: created new log segment /home/runner/work/ozone/ozone/hadoop-ozone/integration-test/target/test-dir/MiniOzoneClusterImpl-06e86dd3-d7df-4a2c-b8a6-272c25fd117f/ozone-meta/ratis/bf265839-605b-3f16-9796-c5ba1605619e/current/log_inprogress_0
2022-08-27 01:04:09,054 [Listener at 127.0.0.1/42729] INFO  handler.ContextHandler (ContextHandler.java:doStart(915)) - Started o.e.j.w.WebAppContext@613dc026{hddsDatanode,/,file:///tmp/jetty-0_0_0_0-45123-hdds-container-service-1_3_0-SNAPSHOT_jar-_-any-1383687351616411585/webapp/,AVAILABLE}{jar:file:/home/runner/.m2/repository/org/apache/ozone/hdds-container-service/1.3.0-SNAPSHOT/hdds-container-service-1.3.0-SNAPSHOT.jar!/webapps/hddsDatanode}
2022-08-27 01:04:09,059 [Listener at 127.0.0.1/42729] INFO  server.AbstractConnector (AbstractConnector.java:doStart(331)) - Started ServerConnector@75c2e46e{HTTP/1.1, (http/1.1)}{0.0.0.0:45123}
2022-08-27 01:04:09,059 [Listener at 127.0.0.1/42729] INFO  server.Server (Server.java:doStart(415)) - Started @7747ms
2022-08-27 01:04:09,059 [Listener at 127.0.0.1/42729] WARN  impl.MetricsSystemImpl (MetricsSystemImpl.java:register(279)) - Sink prometheus already exists!
2022-08-27 01:04:09,059 [Listener at 127.0.0.1/42729] INFO  http.BaseHttpServer (BaseHttpServer.java:updateConnectorAddress(333)) - HTTP server of hddsDatanode listening at http://0.0.0.0:45123
2022-08-27 01:04:09,066 [Listener at 127.0.0.1/42729] WARN  impl.MetricRegistriesImpl (MetricRegistriesImpl.java:addReporterRegistration(111)) - New reporters are added after registries were created. Some metrics will be missing from the reporter. Please add reporter before adding any new registry.
2022-08-27 01:04:09,066 [Listener at 127.0.0.1/42729] WARN  impl.MetricRegistriesImpl (MetricRegistriesImpl.java:addReporterRegistration(111)) - New reporters are added after registries were created. Some metrics will be missing from the reporter. Please add reporter before adding any new registry.
2022-08-27 01:04:09,066 [Listener at 127.0.0.1/42729] INFO  impl.MetricsSystemImpl (MetricsSystemImpl.java:init(158)) - HddsDatanode metrics system started (again)
2022-08-27 01:04:09,068 [Datanode State Machine Daemon Thread] INFO  statemachine.DatanodeStateMachine (DatanodeStateMachine.java:lambda$startDaemon$0(492)) - Ozone container server started.
2022-08-27 01:04:09,081 [Listener at 127.0.0.1/42729] INFO  ozone.HddsDatanodeService (HddsDatanodeService.java:start(236)) - HddsDatanodeService host:fv-az41-820.zje5jq5y5x4uznwvdkgxk4wc2h.cx.internal.cloudapp.net ip:10.1.1.170
2022-08-27 01:04:09,096 [org.apache.hadoop.util.JvmPauseMonitor$Monitor@76203e14] INFO  util.JvmPauseMonitor (JvmPauseMonitor.java:run(188)) - Starting JVM pause monitor
2022-08-27 01:04:09,106 [Listener at 127.0.0.1/42729] INFO  upgrade.AbstractLayoutVersionManager (AbstractLayoutVersionManager.java:init(83)) - Initializing Layout version manager with metadata layout = DATANODE_SCHEMA_V3 (version = 4), software layout = DATANODE_SCHEMA_V3 (version = 4)
2022-08-27 01:04:09,129 [Datanode State Machine Task Thread - 0] INFO  datanode.InitDatanodeState (InitDatanodeState.java:persistContainerDatanodeDetails(138)) - DatanodeDetails is persisted to /home/runner/work/ozone/ozone/hadoop-ozone/integration-test/target/test-dir/MiniOzoneClusterImpl-06e86dd3-d7df-4a2c-b8a6-272c25fd117f/datanode-1/meta/datanode.id
2022-08-27 01:04:09,161 [om1@group-C5BA1605619E-StateMachineUpdater] INFO  ratis.OzoneManagerStateMachine (OzoneManagerStateMachine.java:notifyConfigurationChanged(192)) - Received Configuration change notification from Ratis. New Peer list:
[id: "om1"
address: "localhost:43041"
]
2022-08-27 01:04:09,182 [Listener at 127.0.0.1/42729] INFO  reflections.Reflections (Reflections.java:scan(232)) - Reflections took 75 ms to scan 7 urls, producing 133 keys and 322 values 
2022-08-27 01:04:09,184 [Listener at 127.0.0.1/42729] INFO  statemachine.DatanodeStateMachine (DatanodeStateMachine.java:getEndPointTaskThreadPoolSize(237)) - Datanode State Machine Task Thread Pool size 2
2022-08-27 01:04:09,186 [Listener at 127.0.0.1/42729] INFO  volume.HddsVolume (HddsVolume.java:<init>(117)) - Creating HddsVolume: /home/runner/work/ozone/ozone/hadoop-ozone/integration-test/target/test-dir/MiniOzoneClusterImpl-06e86dd3-d7df-4a2c-b8a6-272c25fd117f/datanode-2/data-0/containers/hdds of storage type : DISK capacity : 9223372036854775807
2022-08-27 01:04:09,186 [Listener at 127.0.0.1/42729] INFO  volume.MutableVolumeSet (MutableVolumeSet.java:initializeVolumeSet(174)) - Added Volume : /home/runner/work/ozone/ozone/hadoop-ozone/integration-test/target/test-dir/MiniOzoneClusterImpl-06e86dd3-d7df-4a2c-b8a6-272c25fd117f/datanode-2/data-0/containers/hdds to VolumeSet
2022-08-27 01:04:09,186 [Listener at 127.0.0.1/42729] INFO  volume.ThrottledAsyncChecker (ThrottledAsyncChecker.java:schedule(141)) - Scheduling a check for /home/runner/work/ozone/ozone/hadoop-ozone/integration-test/target/test-dir/MiniOzoneClusterImpl-06e86dd3-d7df-4a2c-b8a6-272c25fd117f/datanode-2/data-0/containers/hdds
2022-08-27 01:04:09,189 [Listener at 127.0.0.1/42729] INFO  volume.StorageVolumeChecker (StorageVolumeChecker.java:checkAllVolumes(202)) - Scheduled health check for volume /home/runner/work/ozone/ozone/hadoop-ozone/integration-test/target/test-dir/MiniOzoneClusterImpl-06e86dd3-d7df-4a2c-b8a6-272c25fd117f/datanode-2/data-0/containers/hdds
2022-08-27 01:04:09,200 [Listener at 127.0.0.1/42729] INFO  volume.MutableVolumeSet (MutableVolumeSet.java:initializeVolumeSet(174)) - Added Volume : /home/runner/work/ozone/ozone/hadoop-ozone/integration-test/target/test-dir/MiniOzoneClusterImpl-06e86dd3-d7df-4a2c-b8a6-272c25fd117f/datanode-2/data/ratis to VolumeSet
2022-08-27 01:04:09,200 [Listener at 127.0.0.1/42729] INFO  volume.ThrottledAsyncChecker (ThrottledAsyncChecker.java:schedule(141)) - Scheduling a check for /home/runner/work/ozone/ozone/hadoop-ozone/integration-test/target/test-dir/MiniOzoneClusterImpl-06e86dd3-d7df-4a2c-b8a6-272c25fd117f/datanode-2/data/ratis
2022-08-27 01:04:09,200 [Listener at 127.0.0.1/42729] INFO  volume.StorageVolumeChecker (StorageVolumeChecker.java:checkAllVolumes(202)) - Scheduled health check for volume /home/runner/work/ozone/ozone/hadoop-ozone/integration-test/target/test-dir/MiniOzoneClusterImpl-06e86dd3-d7df-4a2c-b8a6-272c25fd117f/datanode-2/data/ratis
2022-08-27 01:04:09,210 [Thread-166] INFO  ozoneimpl.ContainerReader (ContainerReader.java:readVolume(175)) - Finish verifying containers on volume /home/runner/work/ozone/ozone/hadoop-ozone/integration-test/target/test-dir/MiniOzoneClusterImpl-06e86dd3-d7df-4a2c-b8a6-272c25fd117f/datanode-2/data-0/containers/hdds
2022-08-27 01:04:09,210 [Listener at 127.0.0.1/42729] INFO  ozoneimpl.OzoneContainer (OzoneContainer.java:buildContainerSet(299)) - Build ContainerSet costs 0s
2022-08-27 01:04:09,213 [Listener at 127.0.0.1/42729] INFO  server.RaftServer (ConfUtils.java:logGet(46)) - raft.rpc.type = GRPC (default)
2022-08-27 01:04:09,213 [Listener at 127.0.0.1/42729] INFO  grpc.GrpcFactory (GrpcFactory.java:checkPooledByteBufAllocatorUseCacheForAllThreads(48)) - PERFORMANCE WARNING: useCacheForAllThreads is true that may cause Netty to create a lot garbage objects and, as a result, trigger GC.
	It is recommended to disable useCacheForAllThreads by setting -Dorg.apache.ratis.thirdparty.io.netty.allocator.useCacheForAllThreads=false in command line.
2022-08-27 01:04:09,213 [Listener at 127.0.0.1/42729] INFO  grpc.GrpcConfigKeys (ConfUtils.java:logGet(46)) - raft.grpc.admin.port = 0 (custom)
2022-08-27 01:04:09,213 [Listener at 127.0.0.1/42729] INFO  grpc.GrpcConfigKeys (ConfUtils.java:logGet(46)) - raft.grpc.client.port = 0 (custom)
2022-08-27 01:04:09,213 [Listener at 127.0.0.1/42729] INFO  grpc.GrpcConfigKeys (ConfUtils.java:logGet(46)) - raft.grpc.server.port = 0 (default)
2022-08-27 01:04:09,213 [Listener at 127.0.0.1/42729] INFO  server.GrpcService (ConfUtils.java:logGet(46)) - raft.grpc.message.size.max = 32MB (=33554432) (custom)
2022-08-27 01:04:09,213 [Listener at 127.0.0.1/42729] INFO  server.RaftServerConfigKeys (ConfUtils.java:logGet(46)) - raft.server.log.appender.buffer.byte-limit = 33554432 (custom)
2022-08-27 01:04:09,214 [Listener at 127.0.0.1/42729] INFO  server.GrpcService (ConfUtils.java:logGet(46)) - raft.grpc.flow.control.window = 5MB (=5242880) (custom)
2022-08-27 01:04:09,214 [Listener at 127.0.0.1/42729] INFO  server.RaftServerConfigKeys (ConfUtils.java:logGet(46)) - raft.server.rpc.request.timeout = 60s (custom)
2022-08-27 01:04:09,215 [Listener at 127.0.0.1/42729] INFO  grpc.GrpcConfigKeys (ConfUtils.java:logGet(46)) - raft.grpc.server.async.request.thread.pool.cached = true (default)
2022-08-27 01:04:09,215 [Listener at 127.0.0.1/42729] INFO  grpc.GrpcConfigKeys (ConfUtils.java:logGet(46)) - raft.grpc.server.async.request.thread.pool.size = 32 (default)
2022-08-27 01:04:09,216 [Listener at 127.0.0.1/42729] INFO  impl.DataStreamServerImpl (ConfUtils.java:logGet(46)) - raft.datastream.type = DISABLED (default)
2022-08-27 01:04:09,216 [Listener at 127.0.0.1/42729] INFO  server.RaftServerConfigKeys (ConfUtils.java:logGet(46)) - raft.server.threadpool.proxy.cached = true (default)
2022-08-27 01:04:09,216 [Listener at 127.0.0.1/42729] INFO  server.RaftServerConfigKeys (ConfUtils.java:logGet(46)) - raft.server.threadpool.proxy.size = 0 (default)
2022-08-27 01:04:09,217 [Listener at 127.0.0.1/42729] INFO  server.RaftServerConfigKeys (ConfUtils.java:logGet(46)) - raft.server.rpc.slowness.timeout = 300s (custom)
2022-08-27 01:04:09,217 [Listener at 127.0.0.1/42729] INFO  server.RaftServerConfigKeys (ConfUtils.java:logGet(46)) - raft.server.leaderelection.leader.step-down.wait-time = 10s (default)
2022-08-27 01:04:09,217 [Listener at 127.0.0.1/42729] INFO  server.RaftServerConfigKeys (ConfUtils.java:logGet(46)) - raft.server.storage.dir = [/home/runner/work/ozone/ozone/hadoop-ozone/integration-test/target/test-dir/MiniOzoneClusterImpl-06e86dd3-d7df-4a2c-b8a6-272c25fd117f/datanode-2/data/ratis] (custom)
2022-08-27 01:04:09,219 [Listener at 127.0.0.1/42729] INFO  server.XceiverServerGrpc (XceiverServerGrpc.java:<init>(132)) - GrpcServer channel type EpollServerSocketChannel
2022-08-27 01:04:09,222 [Listener at 127.0.0.1/42729] INFO  http.BaseHttpServer (BaseHttpServer.java:newHttpServer2BuilderForOzone(213)) - Starting Web-server for hddsDatanode at: http://0.0.0.0:0
2022-08-27 01:04:09,222 [Listener at 127.0.0.1/42729] INFO  http.BaseHttpServer (BaseHttpServer.java:<init>(108)) - Hadoop Security Enabled: false Ozone Security Enabled: false Ozone HTTP Security Enabled: false 
2022-08-27 01:04:09,223 [Listener at 127.0.0.1/42729] INFO  server.AuthenticationFilter (AuthenticationFilter.java:constructSecretProvider(240)) - Unable to initialize FileSignerSecretProvider, falling back to use random secrets.
2022-08-27 01:04:09,224 [Listener at 127.0.0.1/42729] WARN  http.HttpRequestLog (HttpRequestLog.java:getRequestLog(103)) - Jetty request log can only be enabled using Log4j
2022-08-27 01:04:09,225 [Listener at 127.0.0.1/42729] INFO  http.HttpServer2 (HttpServer2.java:addGlobalFilter(1029)) - Added global filter 'safety' (class=org.apache.hadoop.hdds.server.http.HttpServer2$QuotingInputFilter)
2022-08-27 01:04:09,226 [Listener at 127.0.0.1/42729] INFO  http.HttpServer2 (HttpServer2.java:addFilter(1005)) - Added filter static_user_filter (class=org.apache.hadoop.http.lib.StaticUserWebFilter$StaticUserFilter) to context hddsDatanode
2022-08-27 01:04:09,226 [Listener at 127.0.0.1/42729] INFO  http.HttpServer2 (HttpServer2.java:addFilter(1013)) - Added filter static_user_filter (class=org.apache.hadoop.http.lib.StaticUserWebFilter$StaticUserFilter) to context static
2022-08-27 01:04:09,226 [Listener at 127.0.0.1/42729] INFO  http.HttpServer2 (HttpServer2.java:addFilter(1013)) - Added filter static_user_filter (class=org.apache.hadoop.http.lib.StaticUserWebFilter$StaticUserFilter) to context logs
2022-08-27 01:04:09,226 [Listener at 127.0.0.1/42729] INFO  http.HttpServer2 (HttpServer2.java:bindListener(1248)) - Jetty bound to port 45735
2022-08-27 01:04:09,226 [Listener at 127.0.0.1/42729] INFO  server.Server (Server.java:doStart(375)) - jetty-9.4.43.v20210629; built: 2021-06-30T11:07:22.254Z; git: 526006ecfa3af7f1a27ef3a288e2bef7ea9dd7e8; jvm 1.8.0_345-b01
2022-08-27 01:04:09,234 [Listener at 127.0.0.1/42729] INFO  server.session (DefaultSessionIdManager.java:doStart(334)) - DefaultSessionIdManager workerName=node0
2022-08-27 01:04:09,234 [Listener at 127.0.0.1/42729] INFO  server.session (DefaultSessionIdManager.java:doStart(339)) - No SessionScavenger set, using defaults
2022-08-27 01:04:09,234 [Listener at 127.0.0.1/42729] INFO  server.session (HouseKeeper.java:startScavenging(132)) - node0 Scavenging every 660000ms
2022-08-27 01:04:09,236 [Listener at 127.0.0.1/42729] INFO  handler.ContextHandler (ContextHandler.java:doStart(915)) - Started o.e.j.s.ServletContextHandler@350b02d4{logs,/logs,file:///home/runner/work/ozone/ozone/hadoop-ozone/integration-test/target/log,AVAILABLE}
2022-08-27 01:04:09,236 [Listener at 127.0.0.1/42729] INFO  handler.ContextHandler (ContextHandler.java:doStart(915)) - Started o.e.j.s.ServletContextHandler@34ef15f9{static,/static,jar:file:/home/runner/.m2/repository/org/apache/ozone/hdds-container-service/1.3.0-SNAPSHOT/hdds-container-service-1.3.0-SNAPSHOT.jar!/webapps/static,AVAILABLE}
2022-08-27 01:04:09,250 [ReplicationMonitor] INFO  replication.ReplicationManager (ReplicationManager.java:processAll(255)) - Replication Manager is not ready to run until 3000ms after safemode exit
2022-08-27 01:04:09,404 [Listener at 127.0.0.1/42729] INFO  handler.ContextHandler (ContextHandler.java:doStart(915)) - Started o.e.j.w.WebAppContext@35199a75{hddsDatanode,/,file:///tmp/jetty-0_0_0_0-45735-hdds-container-service-1_3_0-SNAPSHOT_jar-_-any-6631431117677678665/webapp/,AVAILABLE}{jar:file:/home/runner/.m2/repository/org/apache/ozone/hdds-container-service/1.3.0-SNAPSHOT/hdds-container-service-1.3.0-SNAPSHOT.jar!/webapps/hddsDatanode}
2022-08-27 01:04:09,406 [Listener at 127.0.0.1/42729] INFO  server.AbstractConnector (AbstractConnector.java:doStart(331)) - Started ServerConnector@45d2f2cf{HTTP/1.1, (http/1.1)}{0.0.0.0:45735}
2022-08-27 01:04:09,406 [Listener at 127.0.0.1/42729] INFO  server.Server (Server.java:doStart(415)) - Started @8094ms
2022-08-27 01:04:09,406 [Listener at 127.0.0.1/42729] WARN  impl.MetricsSystemImpl (MetricsSystemImpl.java:register(279)) - Sink prometheus already exists!
2022-08-27 01:04:09,407 [Listener at 127.0.0.1/42729] INFO  http.BaseHttpServer (BaseHttpServer.java:updateConnectorAddress(333)) - HTTP server of hddsDatanode listening at http://0.0.0.0:45735
2022-08-27 01:04:09,407 [Listener at 127.0.0.1/42729] WARN  impl.MetricRegistriesImpl (MetricRegistriesImpl.java:addReporterRegistration(111)) - New reporters are added after registries were created. Some metrics will be missing from the reporter. Please add reporter before adding any new registry.
2022-08-27 01:04:09,407 [Listener at 127.0.0.1/42729] WARN  impl.MetricRegistriesImpl (MetricRegistriesImpl.java:addReporterRegistration(111)) - New reporters are added after registries were created. Some metrics will be missing from the reporter. Please add reporter before adding any new registry.
2022-08-27 01:04:09,407 [Listener at 127.0.0.1/42729] INFO  impl.MetricsSystemImpl (MetricsSystemImpl.java:init(158)) - HddsDatanode metrics system started (again)
2022-08-27 01:04:09,416 [Datanode State Machine Daemon Thread] INFO  statemachine.DatanodeStateMachine (DatanodeStateMachine.java:lambda$startDaemon$0(492)) - Ozone container server started.
2022-08-27 01:04:09,425 [org.apache.hadoop.util.JvmPauseMonitor$Monitor@5c3b771a] INFO  util.JvmPauseMonitor (JvmPauseMonitor.java:run(188)) - Starting JVM pause monitor
2022-08-27 01:04:09,426 [Listener at 127.0.0.1/42729] INFO  ozone.HddsDatanodeService (HddsDatanodeService.java:start(236)) - HddsDatanodeService host:fv-az41-820.zje5jq5y5x4uznwvdkgxk4wc2h.cx.internal.cloudapp.net ip:10.1.1.170
2022-08-27 01:04:09,434 [Datanode State Machine Task Thread - 0] INFO  datanode.InitDatanodeState (InitDatanodeState.java:persistContainerDatanodeDetails(138)) - DatanodeDetails is persisted to /home/runner/work/ozone/ozone/hadoop-ozone/integration-test/target/test-dir/MiniOzoneClusterImpl-06e86dd3-d7df-4a2c-b8a6-272c25fd117f/datanode-2/meta/datanode.id
2022-08-27 01:04:09,444 [Listener at 127.0.0.1/42729] INFO  upgrade.AbstractLayoutVersionManager (AbstractLayoutVersionManager.java:init(83)) - Initializing Layout version manager with metadata layout = DATANODE_SCHEMA_V3 (version = 4), software layout = DATANODE_SCHEMA_V3 (version = 4)
2022-08-27 01:04:09,487 [Listener at 127.0.0.1/42729] INFO  reflections.Reflections (Reflections.java:scan(232)) - Reflections took 43 ms to scan 7 urls, producing 133 keys and 322 values 
2022-08-27 01:04:09,489 [Listener at 127.0.0.1/42729] INFO  statemachine.DatanodeStateMachine (DatanodeStateMachine.java:getEndPointTaskThreadPoolSize(237)) - Datanode State Machine Task Thread Pool size 2
2022-08-27 01:04:09,491 [Listener at 127.0.0.1/42729] INFO  volume.HddsVolume (HddsVolume.java:<init>(117)) - Creating HddsVolume: /home/runner/work/ozone/ozone/hadoop-ozone/integration-test/target/test-dir/MiniOzoneClusterImpl-06e86dd3-d7df-4a2c-b8a6-272c25fd117f/datanode-3/data-0/containers/hdds of storage type : DISK capacity : 9223372036854775807
2022-08-27 01:04:09,491 [Listener at 127.0.0.1/42729] INFO  volume.MutableVolumeSet (MutableVolumeSet.java:initializeVolumeSet(174)) - Added Volume : /home/runner/work/ozone/ozone/hadoop-ozone/integration-test/target/test-dir/MiniOzoneClusterImpl-06e86dd3-d7df-4a2c-b8a6-272c25fd117f/datanode-3/data-0/containers/hdds to VolumeSet
2022-08-27 01:04:09,492 [Listener at 127.0.0.1/42729] INFO  volume.ThrottledAsyncChecker (ThrottledAsyncChecker.java:schedule(141)) - Scheduling a check for /home/runner/work/ozone/ozone/hadoop-ozone/integration-test/target/test-dir/MiniOzoneClusterImpl-06e86dd3-d7df-4a2c-b8a6-272c25fd117f/datanode-3/data-0/containers/hdds
2022-08-27 01:04:09,492 [Listener at 127.0.0.1/42729] INFO  volume.StorageVolumeChecker (StorageVolumeChecker.java:checkAllVolumes(202)) - Scheduled health check for volume /home/runner/work/ozone/ozone/hadoop-ozone/integration-test/target/test-dir/MiniOzoneClusterImpl-06e86dd3-d7df-4a2c-b8a6-272c25fd117f/datanode-3/data-0/containers/hdds
2022-08-27 01:04:09,502 [Listener at 127.0.0.1/42729] INFO  volume.MutableVolumeSet (MutableVolumeSet.java:initializeVolumeSet(174)) - Added Volume : /home/runner/work/ozone/ozone/hadoop-ozone/integration-test/target/test-dir/MiniOzoneClusterImpl-06e86dd3-d7df-4a2c-b8a6-272c25fd117f/datanode-3/data/ratis to VolumeSet
2022-08-27 01:04:09,503 [Listener at 127.0.0.1/42729] INFO  volume.ThrottledAsyncChecker (ThrottledAsyncChecker.java:schedule(141)) - Scheduling a check for /home/runner/work/ozone/ozone/hadoop-ozone/integration-test/target/test-dir/MiniOzoneClusterImpl-06e86dd3-d7df-4a2c-b8a6-272c25fd117f/datanode-3/data/ratis
2022-08-27 01:04:09,503 [Listener at 127.0.0.1/42729] INFO  volume.StorageVolumeChecker (StorageVolumeChecker.java:checkAllVolumes(202)) - Scheduled health check for volume /home/runner/work/ozone/ozone/hadoop-ozone/integration-test/target/test-dir/MiniOzoneClusterImpl-06e86dd3-d7df-4a2c-b8a6-272c25fd117f/datanode-3/data/ratis
2022-08-27 01:04:09,512 [Thread-179] INFO  ozoneimpl.ContainerReader (ContainerReader.java:readVolume(175)) - Finish verifying containers on volume /home/runner/work/ozone/ozone/hadoop-ozone/integration-test/target/test-dir/MiniOzoneClusterImpl-06e86dd3-d7df-4a2c-b8a6-272c25fd117f/datanode-3/data-0/containers/hdds
2022-08-27 01:04:09,513 [Listener at 127.0.0.1/42729] INFO  ozoneimpl.OzoneContainer (OzoneContainer.java:buildContainerSet(299)) - Build ContainerSet costs 0s
2022-08-27 01:04:09,515 [Listener at 127.0.0.1/42729] INFO  server.RaftServer (ConfUtils.java:logGet(46)) - raft.rpc.type = GRPC (default)
2022-08-27 01:04:09,515 [Listener at 127.0.0.1/42729] INFO  grpc.GrpcFactory (GrpcFactory.java:checkPooledByteBufAllocatorUseCacheForAllThreads(48)) - PERFORMANCE WARNING: useCacheForAllThreads is true that may cause Netty to create a lot garbage objects and, as a result, trigger GC.
	It is recommended to disable useCacheForAllThreads by setting -Dorg.apache.ratis.thirdparty.io.netty.allocator.useCacheForAllThreads=false in command line.
2022-08-27 01:04:09,515 [Listener at 127.0.0.1/42729] INFO  grpc.GrpcConfigKeys (ConfUtils.java:logGet(46)) - raft.grpc.admin.port = 0 (custom)
2022-08-27 01:04:09,515 [Listener at 127.0.0.1/42729] INFO  grpc.GrpcConfigKeys (ConfUtils.java:logGet(46)) - raft.grpc.client.port = 0 (custom)
2022-08-27 01:04:09,515 [Listener at 127.0.0.1/42729] INFO  grpc.GrpcConfigKeys (ConfUtils.java:logGet(46)) - raft.grpc.server.port = 0 (default)
2022-08-27 01:04:09,516 [Listener at 127.0.0.1/42729] INFO  server.GrpcService (ConfUtils.java:logGet(46)) - raft.grpc.message.size.max = 32MB (=33554432) (custom)
2022-08-27 01:04:09,516 [Listener at 127.0.0.1/42729] INFO  server.RaftServerConfigKeys (ConfUtils.java:logGet(46)) - raft.server.log.appender.buffer.byte-limit = 33554432 (custom)
2022-08-27 01:04:09,516 [Listener at 127.0.0.1/42729] INFO  server.GrpcService (ConfUtils.java:logGet(46)) - raft.grpc.flow.control.window = 5MB (=5242880) (custom)
2022-08-27 01:04:09,516 [Listener at 127.0.0.1/42729] INFO  server.RaftServerConfigKeys (ConfUtils.java:logGet(46)) - raft.server.rpc.request.timeout = 60s (custom)
2022-08-27 01:04:09,516 [Listener at 127.0.0.1/42729] INFO  grpc.GrpcConfigKeys (ConfUtils.java:logGet(46)) - raft.grpc.server.async.request.thread.pool.cached = true (default)
2022-08-27 01:04:09,516 [Listener at 127.0.0.1/42729] INFO  grpc.GrpcConfigKeys (ConfUtils.java:logGet(46)) - raft.grpc.server.async.request.thread.pool.size = 32 (default)
2022-08-27 01:04:09,517 [Listener at 127.0.0.1/42729] INFO  impl.DataStreamServerImpl (ConfUtils.java:logGet(46)) - raft.datastream.type = DISABLED (default)
2022-08-27 01:04:09,517 [Listener at 127.0.0.1/42729] INFO  server.RaftServerConfigKeys (ConfUtils.java:logGet(46)) - raft.server.threadpool.proxy.cached = true (default)
2022-08-27 01:04:09,517 [Listener at 127.0.0.1/42729] INFO  server.RaftServerConfigKeys (ConfUtils.java:logGet(46)) - raft.server.threadpool.proxy.size = 0 (default)
2022-08-27 01:04:09,517 [Listener at 127.0.0.1/42729] INFO  server.RaftServerConfigKeys (ConfUtils.java:logGet(46)) - raft.server.rpc.slowness.timeout = 300s (custom)
2022-08-27 01:04:09,517 [Listener at 127.0.0.1/42729] INFO  server.RaftServerConfigKeys (ConfUtils.java:logGet(46)) - raft.server.leaderelection.leader.step-down.wait-time = 10s (default)
2022-08-27 01:04:09,517 [Listener at 127.0.0.1/42729] INFO  server.RaftServerConfigKeys (ConfUtils.java:logGet(46)) - raft.server.storage.dir = [/home/runner/work/ozone/ozone/hadoop-ozone/integration-test/target/test-dir/MiniOzoneClusterImpl-06e86dd3-d7df-4a2c-b8a6-272c25fd117f/datanode-3/data/ratis] (custom)
2022-08-27 01:04:09,519 [Listener at 127.0.0.1/42729] INFO  server.XceiverServerGrpc (XceiverServerGrpc.java:<init>(132)) - GrpcServer channel type EpollServerSocketChannel
2022-08-27 01:04:09,523 [Listener at 127.0.0.1/42729] INFO  http.BaseHttpServer (BaseHttpServer.java:newHttpServer2BuilderForOzone(213)) - Starting Web-server for hddsDatanode at: http://0.0.0.0:0
2022-08-27 01:04:09,523 [Listener at 127.0.0.1/42729] INFO  http.BaseHttpServer (BaseHttpServer.java:<init>(108)) - Hadoop Security Enabled: false Ozone Security Enabled: false Ozone HTTP Security Enabled: false 
2022-08-27 01:04:09,524 [Listener at 127.0.0.1/42729] INFO  server.AuthenticationFilter (AuthenticationFilter.java:constructSecretProvider(240)) - Unable to initialize FileSignerSecretProvider, falling back to use random secrets.
2022-08-27 01:04:09,528 [Listener at 127.0.0.1/42729] WARN  http.HttpRequestLog (HttpRequestLog.java:getRequestLog(103)) - Jetty request log can only be enabled using Log4j
2022-08-27 01:04:09,530 [Listener at 127.0.0.1/42729] INFO  http.HttpServer2 (HttpServer2.java:addGlobalFilter(1029)) - Added global filter 'safety' (class=org.apache.hadoop.hdds.server.http.HttpServer2$QuotingInputFilter)
2022-08-27 01:04:09,531 [Listener at 127.0.0.1/42729] INFO  http.HttpServer2 (HttpServer2.java:addFilter(1005)) - Added filter static_user_filter (class=org.apache.hadoop.http.lib.StaticUserWebFilter$StaticUserFilter) to context hddsDatanode
2022-08-27 01:04:09,531 [Listener at 127.0.0.1/42729] INFO  http.HttpServer2 (HttpServer2.java:addFilter(1013)) - Added filter static_user_filter (class=org.apache.hadoop.http.lib.StaticUserWebFilter$StaticUserFilter) to context static
2022-08-27 01:04:09,531 [Listener at 127.0.0.1/42729] INFO  http.HttpServer2 (HttpServer2.java:addFilter(1013)) - Added filter static_user_filter (class=org.apache.hadoop.http.lib.StaticUserWebFilter$StaticUserFilter) to context logs
2022-08-27 01:04:09,532 [Listener at 127.0.0.1/42729] INFO  http.HttpServer2 (HttpServer2.java:bindListener(1248)) - Jetty bound to port 32951
2022-08-27 01:04:09,533 [Listener at 127.0.0.1/42729] INFO  server.Server (Server.java:doStart(375)) - jetty-9.4.43.v20210629; built: 2021-06-30T11:07:22.254Z; git: 526006ecfa3af7f1a27ef3a288e2bef7ea9dd7e8; jvm 1.8.0_345-b01
2022-08-27 01:04:09,534 [Listener at 127.0.0.1/42729] INFO  server.session (DefaultSessionIdManager.java:doStart(334)) - DefaultSessionIdManager workerName=node0
2022-08-27 01:04:09,535 [Listener at 127.0.0.1/42729] INFO  server.session (DefaultSessionIdManager.java:doStart(339)) - No SessionScavenger set, using defaults
2022-08-27 01:04:09,535 [Listener at 127.0.0.1/42729] INFO  server.session (HouseKeeper.java:startScavenging(132)) - node0 Scavenging every 600000ms
2022-08-27 01:04:09,535 [Listener at 127.0.0.1/42729] INFO  handler.ContextHandler (ContextHandler.java:doStart(915)) - Started o.e.j.s.ServletContextHandler@8e7a768{logs,/logs,file:///home/runner/work/ozone/ozone/hadoop-ozone/integration-test/target/log,AVAILABLE}
2022-08-27 01:04:09,536 [Listener at 127.0.0.1/42729] INFO  handler.ContextHandler (ContextHandler.java:doStart(915)) - Started o.e.j.s.ServletContextHandler@4228bf38{static,/static,jar:file:/home/runner/.m2/repository/org/apache/ozone/hdds-container-service/1.3.0-SNAPSHOT/hdds-container-service-1.3.0-SNAPSHOT.jar!/webapps/static,AVAILABLE}
2022-08-27 01:04:09,714 [Listener at 127.0.0.1/42729] INFO  handler.ContextHandler (ContextHandler.java:doStart(915)) - Started o.e.j.w.WebAppContext@4fc9d6fe{hddsDatanode,/,file:///tmp/jetty-0_0_0_0-32951-hdds-container-service-1_3_0-SNAPSHOT_jar-_-any-5083261773304241747/webapp/,AVAILABLE}{jar:file:/home/runner/.m2/repository/org/apache/ozone/hdds-container-service/1.3.0-SNAPSHOT/hdds-container-service-1.3.0-SNAPSHOT.jar!/webapps/hddsDatanode}
2022-08-27 01:04:09,715 [Listener at 127.0.0.1/42729] INFO  server.AbstractConnector (AbstractConnector.java:doStart(331)) - Started ServerConnector@76cd6c0b{HTTP/1.1, (http/1.1)}{0.0.0.0:32951}
2022-08-27 01:04:09,716 [Listener at 127.0.0.1/42729] INFO  server.Server (Server.java:doStart(415)) - Started @8404ms
2022-08-27 01:04:09,716 [Listener at 127.0.0.1/42729] WARN  impl.MetricsSystemImpl (MetricsSystemImpl.java:register(279)) - Sink prometheus already exists!
2022-08-27 01:04:09,716 [Listener at 127.0.0.1/42729] INFO  http.BaseHttpServer (BaseHttpServer.java:updateConnectorAddress(333)) - HTTP server of hddsDatanode listening at http://0.0.0.0:32951
2022-08-27 01:04:09,717 [Listener at 127.0.0.1/42729] WARN  impl.MetricRegistriesImpl (MetricRegistriesImpl.java:addReporterRegistration(111)) - New reporters are added after registries were created. Some metrics will be missing from the reporter. Please add reporter before adding any new registry.
2022-08-27 01:04:09,717 [Listener at 127.0.0.1/42729] WARN  impl.MetricRegistriesImpl (MetricRegistriesImpl.java:addReporterRegistration(111)) - New reporters are added after registries were created. Some metrics will be missing from the reporter. Please add reporter before adding any new registry.
2022-08-27 01:04:09,717 [Listener at 127.0.0.1/42729] INFO  impl.MetricsSystemImpl (MetricsSystemImpl.java:init(158)) - HddsDatanode metrics system started (again)
2022-08-27 01:04:09,724 [Datanode State Machine Daemon Thread] INFO  statemachine.DatanodeStateMachine (DatanodeStateMachine.java:lambda$startDaemon$0(492)) - Ozone container server started.
2022-08-27 01:04:09,740 [org.apache.hadoop.util.JvmPauseMonitor$Monitor@31074f71] INFO  util.JvmPauseMonitor (JvmPauseMonitor.java:run(188)) - Starting JVM pause monitor
2022-08-27 01:04:09,744 [Listener at 127.0.0.1/42729] INFO  ozone.HddsDatanodeService (HddsDatanodeService.java:start(236)) - HddsDatanodeService host:fv-az41-820.zje5jq5y5x4uznwvdkgxk4wc2h.cx.internal.cloudapp.net ip:10.1.1.170
2022-08-27 01:04:09,755 [Datanode State Machine Task Thread - 0] INFO  datanode.InitDatanodeState (InitDatanodeState.java:persistContainerDatanodeDetails(138)) - DatanodeDetails is persisted to /home/runner/work/ozone/ozone/hadoop-ozone/integration-test/target/test-dir/MiniOzoneClusterImpl-06e86dd3-d7df-4a2c-b8a6-272c25fd117f/datanode-3/meta/datanode.id
2022-08-27 01:04:09,772 [Listener at 127.0.0.1/42729] INFO  upgrade.AbstractLayoutVersionManager (AbstractLayoutVersionManager.java:init(83)) - Initializing Layout version manager with metadata layout = DATANODE_SCHEMA_V3 (version = 4), software layout = DATANODE_SCHEMA_V3 (version = 4)
2022-08-27 01:04:09,815 [Listener at 127.0.0.1/42729] INFO  reflections.Reflections (Reflections.java:scan(232)) - Reflections took 42 ms to scan 7 urls, producing 133 keys and 322 values 
2022-08-27 01:04:09,816 [Listener at 127.0.0.1/42729] INFO  statemachine.DatanodeStateMachine (DatanodeStateMachine.java:getEndPointTaskThreadPoolSize(237)) - Datanode State Machine Task Thread Pool size 2
2022-08-27 01:04:09,818 [Listener at 127.0.0.1/42729] INFO  volume.HddsVolume (HddsVolume.java:<init>(117)) - Creating HddsVolume: /home/runner/work/ozone/ozone/hadoop-ozone/integration-test/target/test-dir/MiniOzoneClusterImpl-06e86dd3-d7df-4a2c-b8a6-272c25fd117f/datanode-4/data-0/containers/hdds of storage type : DISK capacity : 9223372036854775807
2022-08-27 01:04:09,818 [Listener at 127.0.0.1/42729] INFO  volume.MutableVolumeSet (MutableVolumeSet.java:initializeVolumeSet(174)) - Added Volume : /home/runner/work/ozone/ozone/hadoop-ozone/integration-test/target/test-dir/MiniOzoneClusterImpl-06e86dd3-d7df-4a2c-b8a6-272c25fd117f/datanode-4/data-0/containers/hdds to VolumeSet
2022-08-27 01:04:09,818 [Listener at 127.0.0.1/42729] INFO  volume.ThrottledAsyncChecker (ThrottledAsyncChecker.java:schedule(141)) - Scheduling a check for /home/runner/work/ozone/ozone/hadoop-ozone/integration-test/target/test-dir/MiniOzoneClusterImpl-06e86dd3-d7df-4a2c-b8a6-272c25fd117f/datanode-4/data-0/containers/hdds
2022-08-27 01:04:09,823 [Listener at 127.0.0.1/42729] INFO  volume.StorageVolumeChecker (StorageVolumeChecker.java:checkAllVolumes(202)) - Scheduled health check for volume /home/runner/work/ozone/ozone/hadoop-ozone/integration-test/target/test-dir/MiniOzoneClusterImpl-06e86dd3-d7df-4a2c-b8a6-272c25fd117f/datanode-4/data-0/containers/hdds
2022-08-27 01:04:09,834 [Listener at 127.0.0.1/42729] INFO  volume.MutableVolumeSet (MutableVolumeSet.java:initializeVolumeSet(174)) - Added Volume : /home/runner/work/ozone/ozone/hadoop-ozone/integration-test/target/test-dir/MiniOzoneClusterImpl-06e86dd3-d7df-4a2c-b8a6-272c25fd117f/datanode-4/data/ratis to VolumeSet
2022-08-27 01:04:09,834 [Listener at 127.0.0.1/42729] INFO  volume.ThrottledAsyncChecker (ThrottledAsyncChecker.java:schedule(141)) - Scheduling a check for /home/runner/work/ozone/ozone/hadoop-ozone/integration-test/target/test-dir/MiniOzoneClusterImpl-06e86dd3-d7df-4a2c-b8a6-272c25fd117f/datanode-4/data/ratis
2022-08-27 01:04:09,835 [Listener at 127.0.0.1/42729] INFO  volume.StorageVolumeChecker (StorageVolumeChecker.java:checkAllVolumes(202)) - Scheduled health check for volume /home/runner/work/ozone/ozone/hadoop-ozone/integration-test/target/test-dir/MiniOzoneClusterImpl-06e86dd3-d7df-4a2c-b8a6-272c25fd117f/datanode-4/data/ratis
2022-08-27 01:04:09,861 [Thread-192] INFO  ozoneimpl.ContainerReader (ContainerReader.java:readVolume(175)) - Finish verifying containers on volume /home/runner/work/ozone/ozone/hadoop-ozone/integration-test/target/test-dir/MiniOzoneClusterImpl-06e86dd3-d7df-4a2c-b8a6-272c25fd117f/datanode-4/data-0/containers/hdds
2022-08-27 01:04:09,861 [Listener at 127.0.0.1/42729] INFO  ozoneimpl.OzoneContainer (OzoneContainer.java:buildContainerSet(299)) - Build ContainerSet costs 0s
2022-08-27 01:04:09,863 [Listener at 127.0.0.1/42729] INFO  server.RaftServer (ConfUtils.java:logGet(46)) - raft.rpc.type = GRPC (default)
2022-08-27 01:04:09,864 [Listener at 127.0.0.1/42729] INFO  grpc.GrpcFactory (GrpcFactory.java:checkPooledByteBufAllocatorUseCacheForAllThreads(48)) - PERFORMANCE WARNING: useCacheForAllThreads is true that may cause Netty to create a lot garbage objects and, as a result, trigger GC.
	It is recommended to disable useCacheForAllThreads by setting -Dorg.apache.ratis.thirdparty.io.netty.allocator.useCacheForAllThreads=false in command line.
2022-08-27 01:04:09,864 [Listener at 127.0.0.1/42729] INFO  grpc.GrpcConfigKeys (ConfUtils.java:logGet(46)) - raft.grpc.admin.port = 0 (custom)
2022-08-27 01:04:09,864 [Listener at 127.0.0.1/42729] INFO  grpc.GrpcConfigKeys (ConfUtils.java:logGet(46)) - raft.grpc.client.port = 0 (custom)
2022-08-27 01:04:09,864 [Listener at 127.0.0.1/42729] INFO  grpc.GrpcConfigKeys (ConfUtils.java:logGet(46)) - raft.grpc.server.port = 0 (default)
2022-08-27 01:04:09,864 [Listener at 127.0.0.1/42729] INFO  server.GrpcService (ConfUtils.java:logGet(46)) - raft.grpc.message.size.max = 32MB (=33554432) (custom)
2022-08-27 01:04:09,864 [Listener at 127.0.0.1/42729] INFO  server.RaftServerConfigKeys (ConfUtils.java:logGet(46)) - raft.server.log.appender.buffer.byte-limit = 33554432 (custom)
2022-08-27 01:04:09,864 [Listener at 127.0.0.1/42729] INFO  server.GrpcService (ConfUtils.java:logGet(46)) - raft.grpc.flow.control.window = 5MB (=5242880) (custom)
2022-08-27 01:04:09,864 [Listener at 127.0.0.1/42729] INFO  server.RaftServerConfigKeys (ConfUtils.java:logGet(46)) - raft.server.rpc.request.timeout = 60s (custom)
2022-08-27 01:04:09,864 [Listener at 127.0.0.1/42729] INFO  grpc.GrpcConfigKeys (ConfUtils.java:logGet(46)) - raft.grpc.server.async.request.thread.pool.cached = true (default)
2022-08-27 01:04:09,864 [Listener at 127.0.0.1/42729] INFO  grpc.GrpcConfigKeys (ConfUtils.java:logGet(46)) - raft.grpc.server.async.request.thread.pool.size = 32 (default)
2022-08-27 01:04:09,875 [Listener at 127.0.0.1/42729] INFO  impl.DataStreamServerImpl (ConfUtils.java:logGet(46)) - raft.datastream.type = DISABLED (default)
2022-08-27 01:04:09,875 [Listener at 127.0.0.1/42729] INFO  server.RaftServerConfigKeys (ConfUtils.java:logGet(46)) - raft.server.threadpool.proxy.cached = true (default)
2022-08-27 01:04:09,875 [Listener at 127.0.0.1/42729] INFO  server.RaftServerConfigKeys (ConfUtils.java:logGet(46)) - raft.server.threadpool.proxy.size = 0 (default)
2022-08-27 01:04:09,875 [Listener at 127.0.0.1/42729] INFO  server.RaftServerConfigKeys (ConfUtils.java:logGet(46)) - raft.server.rpc.slowness.timeout = 300s (custom)
2022-08-27 01:04:09,875 [Listener at 127.0.0.1/42729] INFO  server.RaftServerConfigKeys (ConfUtils.java:logGet(46)) - raft.server.leaderelection.leader.step-down.wait-time = 10s (default)
2022-08-27 01:04:09,875 [Listener at 127.0.0.1/42729] INFO  server.RaftServerConfigKeys (ConfUtils.java:logGet(46)) - raft.server.storage.dir = [/home/runner/work/ozone/ozone/hadoop-ozone/integration-test/target/test-dir/MiniOzoneClusterImpl-06e86dd3-d7df-4a2c-b8a6-272c25fd117f/datanode-4/data/ratis] (custom)
2022-08-27 01:04:09,878 [Listener at 127.0.0.1/42729] INFO  server.XceiverServerGrpc (XceiverServerGrpc.java:<init>(132)) - GrpcServer channel type EpollServerSocketChannel
2022-08-27 01:04:09,882 [Listener at 127.0.0.1/42729] INFO  http.BaseHttpServer (BaseHttpServer.java:newHttpServer2BuilderForOzone(213)) - Starting Web-server for hddsDatanode at: http://0.0.0.0:0
2022-08-27 01:04:09,884 [Listener at 127.0.0.1/42729] INFO  http.BaseHttpServer (BaseHttpServer.java:<init>(108)) - Hadoop Security Enabled: false Ozone Security Enabled: false Ozone HTTP Security Enabled: false 
2022-08-27 01:04:09,886 [Listener at 127.0.0.1/42729] INFO  server.AuthenticationFilter (AuthenticationFilter.java:constructSecretProvider(240)) - Unable to initialize FileSignerSecretProvider, falling back to use random secrets.
2022-08-27 01:04:09,890 [Listener at 127.0.0.1/42729] WARN  http.HttpRequestLog (HttpRequestLog.java:getRequestLog(103)) - Jetty request log can only be enabled using Log4j
2022-08-27 01:04:09,891 [Listener at 127.0.0.1/42729] INFO  http.HttpServer2 (HttpServer2.java:addGlobalFilter(1029)) - Added global filter 'safety' (class=org.apache.hadoop.hdds.server.http.HttpServer2$QuotingInputFilter)
2022-08-27 01:04:09,892 [Listener at 127.0.0.1/42729] INFO  http.HttpServer2 (HttpServer2.java:addFilter(1005)) - Added filter static_user_filter (class=org.apache.hadoop.http.lib.StaticUserWebFilter$StaticUserFilter) to context hddsDatanode
2022-08-27 01:04:09,892 [Listener at 127.0.0.1/42729] INFO  http.HttpServer2 (HttpServer2.java:addFilter(1013)) - Added filter static_user_filter (class=org.apache.hadoop.http.lib.StaticUserWebFilter$StaticUserFilter) to context static
2022-08-27 01:04:09,892 [Listener at 127.0.0.1/42729] INFO  http.HttpServer2 (HttpServer2.java:addFilter(1013)) - Added filter static_user_filter (class=org.apache.hadoop.http.lib.StaticUserWebFilter$StaticUserFilter) to context logs
2022-08-27 01:04:09,893 [Listener at 127.0.0.1/42729] INFO  http.HttpServer2 (HttpServer2.java:bindListener(1248)) - Jetty bound to port 37349
2022-08-27 01:04:09,893 [Listener at 127.0.0.1/42729] INFO  server.Server (Server.java:doStart(375)) - jetty-9.4.43.v20210629; built: 2021-06-30T11:07:22.254Z; git: 526006ecfa3af7f1a27ef3a288e2bef7ea9dd7e8; jvm 1.8.0_345-b01
2022-08-27 01:04:09,894 [Listener at 127.0.0.1/42729] INFO  server.session (DefaultSessionIdManager.java:doStart(334)) - DefaultSessionIdManager workerName=node0
2022-08-27 01:04:09,894 [Listener at 127.0.0.1/42729] INFO  server.session (DefaultSessionIdManager.java:doStart(339)) - No SessionScavenger set, using defaults
2022-08-27 01:04:09,894 [Listener at 127.0.0.1/42729] INFO  server.session (HouseKeeper.java:startScavenging(132)) - node0 Scavenging every 660000ms
2022-08-27 01:04:09,895 [Listener at 127.0.0.1/42729] INFO  handler.ContextHandler (ContextHandler.java:doStart(915)) - Started o.e.j.s.ServletContextHandler@557cdeb2{logs,/logs,file:///home/runner/work/ozone/ozone/hadoop-ozone/integration-test/target/log,AVAILABLE}
2022-08-27 01:04:09,895 [Listener at 127.0.0.1/42729] INFO  handler.ContextHandler (ContextHandler.java:doStart(915)) - Started o.e.j.s.ServletContextHandler@751cfeb9{static,/static,jar:file:/home/runner/.m2/repository/org/apache/ozone/hdds-container-service/1.3.0-SNAPSHOT/hdds-container-service-1.3.0-SNAPSHOT.jar!/webapps/static,AVAILABLE}
2022-08-27 01:04:10,065 [Listener at 127.0.0.1/42729] INFO  handler.ContextHandler (ContextHandler.java:doStart(915)) - Started o.e.j.w.WebAppContext@17e09d34{hddsDatanode,/,file:///tmp/jetty-0_0_0_0-37349-hdds-container-service-1_3_0-SNAPSHOT_jar-_-any-5590689543178461439/webapp/,AVAILABLE}{jar:file:/home/runner/.m2/repository/org/apache/ozone/hdds-container-service/1.3.0-SNAPSHOT/hdds-container-service-1.3.0-SNAPSHOT.jar!/webapps/hddsDatanode}
2022-08-27 01:04:10,066 [Listener at 127.0.0.1/42729] INFO  server.AbstractConnector (AbstractConnector.java:doStart(331)) - Started ServerConnector@6bbcf7e7{HTTP/1.1, (http/1.1)}{0.0.0.0:37349}
2022-08-27 01:04:10,066 [Listener at 127.0.0.1/42729] INFO  server.Server (Server.java:doStart(415)) - Started @8754ms
2022-08-27 01:04:10,066 [Listener at 127.0.0.1/42729] WARN  impl.MetricsSystemImpl (MetricsSystemImpl.java:register(279)) - Sink prometheus already exists!
2022-08-27 01:04:10,067 [Listener at 127.0.0.1/42729] INFO  http.BaseHttpServer (BaseHttpServer.java:updateConnectorAddress(333)) - HTTP server of hddsDatanode listening at http://0.0.0.0:37349
2022-08-27 01:04:10,067 [Datanode State Machine Daemon Thread] INFO  statemachine.DatanodeStateMachine (DatanodeStateMachine.java:lambda$startDaemon$0(492)) - Ozone container server started.
2022-08-27 01:04:10,069 [Listener at 127.0.0.1/42729] WARN  impl.MetricRegistriesImpl (MetricRegistriesImpl.java:addReporterRegistration(111)) - New reporters are added after registries were created. Some metrics will be missing from the reporter. Please add reporter before adding any new registry.
2022-08-27 01:04:10,069 [Listener at 127.0.0.1/42729] WARN  impl.MetricRegistriesImpl (MetricRegistriesImpl.java:addReporterRegistration(111)) - New reporters are added after registries were created. Some metrics will be missing from the reporter. Please add reporter before adding any new registry.
2022-08-27 01:04:10,069 [Listener at 127.0.0.1/42729] INFO  impl.MetricsSystemImpl (MetricsSystemImpl.java:init(158)) - HddsDatanode metrics system started (again)
2022-08-27 01:04:10,079 [org.apache.hadoop.util.JvmPauseMonitor$Monitor@416bf7a2] INFO  util.JvmPauseMonitor (JvmPauseMonitor.java:run(188)) - Starting JVM pause monitor
2022-08-27 01:04:10,080 [Listener at 127.0.0.1/42729] INFO  ozone.HddsDatanodeService (HddsDatanodeService.java:start(236)) - HddsDatanodeService host:fv-az41-820.zje5jq5y5x4uznwvdkgxk4wc2h.cx.internal.cloudapp.net ip:10.1.1.170
2022-08-27 01:04:10,090 [Datanode State Machine Task Thread - 0] INFO  datanode.InitDatanodeState (InitDatanodeState.java:persistContainerDatanodeDetails(138)) - DatanodeDetails is persisted to /home/runner/work/ozone/ozone/hadoop-ozone/integration-test/target/test-dir/MiniOzoneClusterImpl-06e86dd3-d7df-4a2c-b8a6-272c25fd117f/datanode-4/meta/datanode.id
2022-08-27 01:04:10,103 [Listener at 127.0.0.1/42729] INFO  upgrade.AbstractLayoutVersionManager (AbstractLayoutVersionManager.java:init(83)) - Initializing Layout version manager with metadata layout = DATANODE_SCHEMA_V3 (version = 4), software layout = DATANODE_SCHEMA_V3 (version = 4)
2022-08-27 01:04:10,145 [Listener at 127.0.0.1/42729] INFO  reflections.Reflections (Reflections.java:scan(232)) - Reflections took 41 ms to scan 7 urls, producing 133 keys and 322 values 
2022-08-27 01:04:10,146 [Listener at 127.0.0.1/42729] INFO  statemachine.DatanodeStateMachine (DatanodeStateMachine.java:getEndPointTaskThreadPoolSize(237)) - Datanode State Machine Task Thread Pool size 2
2022-08-27 01:04:10,149 [Listener at 127.0.0.1/42729] INFO  volume.HddsVolume (HddsVolume.java:<init>(117)) - Creating HddsVolume: /home/runner/work/ozone/ozone/hadoop-ozone/integration-test/target/test-dir/MiniOzoneClusterImpl-06e86dd3-d7df-4a2c-b8a6-272c25fd117f/datanode-5/data-0/containers/hdds of storage type : DISK capacity : 9223372036854775807
2022-08-27 01:04:10,150 [Listener at 127.0.0.1/42729] INFO  volume.MutableVolumeSet (MutableVolumeSet.java:initializeVolumeSet(174)) - Added Volume : /home/runner/work/ozone/ozone/hadoop-ozone/integration-test/target/test-dir/MiniOzoneClusterImpl-06e86dd3-d7df-4a2c-b8a6-272c25fd117f/datanode-5/data-0/containers/hdds to VolumeSet
2022-08-27 01:04:10,150 [Listener at 127.0.0.1/42729] INFO  volume.ThrottledAsyncChecker (ThrottledAsyncChecker.java:schedule(141)) - Scheduling a check for /home/runner/work/ozone/ozone/hadoop-ozone/integration-test/target/test-dir/MiniOzoneClusterImpl-06e86dd3-d7df-4a2c-b8a6-272c25fd117f/datanode-5/data-0/containers/hdds
2022-08-27 01:04:10,156 [Listener at 127.0.0.1/42729] INFO  volume.StorageVolumeChecker (StorageVolumeChecker.java:checkAllVolumes(202)) - Scheduled health check for volume /home/runner/work/ozone/ozone/hadoop-ozone/integration-test/target/test-dir/MiniOzoneClusterImpl-06e86dd3-d7df-4a2c-b8a6-272c25fd117f/datanode-5/data-0/containers/hdds
2022-08-27 01:04:10,166 [Listener at 127.0.0.1/42729] INFO  volume.MutableVolumeSet (MutableVolumeSet.java:initializeVolumeSet(174)) - Added Volume : /home/runner/work/ozone/ozone/hadoop-ozone/integration-test/target/test-dir/MiniOzoneClusterImpl-06e86dd3-d7df-4a2c-b8a6-272c25fd117f/datanode-5/data/ratis to VolumeSet
2022-08-27 01:04:10,167 [Listener at 127.0.0.1/42729] INFO  volume.ThrottledAsyncChecker (ThrottledAsyncChecker.java:schedule(141)) - Scheduling a check for /home/runner/work/ozone/ozone/hadoop-ozone/integration-test/target/test-dir/MiniOzoneClusterImpl-06e86dd3-d7df-4a2c-b8a6-272c25fd117f/datanode-5/data/ratis
2022-08-27 01:04:10,167 [Listener at 127.0.0.1/42729] INFO  volume.StorageVolumeChecker (StorageVolumeChecker.java:checkAllVolumes(202)) - Scheduled health check for volume /home/runner/work/ozone/ozone/hadoop-ozone/integration-test/target/test-dir/MiniOzoneClusterImpl-06e86dd3-d7df-4a2c-b8a6-272c25fd117f/datanode-5/data/ratis
2022-08-27 01:04:10,177 [Thread-205] INFO  ozoneimpl.ContainerReader (ContainerReader.java:readVolume(175)) - Finish verifying containers on volume /home/runner/work/ozone/ozone/hadoop-ozone/integration-test/target/test-dir/MiniOzoneClusterImpl-06e86dd3-d7df-4a2c-b8a6-272c25fd117f/datanode-5/data-0/containers/hdds
2022-08-27 01:04:10,177 [Listener at 127.0.0.1/42729] INFO  ozoneimpl.OzoneContainer (OzoneContainer.java:buildContainerSet(299)) - Build ContainerSet costs 0s
2022-08-27 01:04:10,179 [Listener at 127.0.0.1/42729] INFO  server.RaftServer (ConfUtils.java:logGet(46)) - raft.rpc.type = GRPC (default)
2022-08-27 01:04:10,179 [Listener at 127.0.0.1/42729] INFO  grpc.GrpcFactory (GrpcFactory.java:checkPooledByteBufAllocatorUseCacheForAllThreads(48)) - PERFORMANCE WARNING: useCacheForAllThreads is true that may cause Netty to create a lot garbage objects and, as a result, trigger GC.
	It is recommended to disable useCacheForAllThreads by setting -Dorg.apache.ratis.thirdparty.io.netty.allocator.useCacheForAllThreads=false in command line.
2022-08-27 01:04:10,179 [Listener at 127.0.0.1/42729] INFO  grpc.GrpcConfigKeys (ConfUtils.java:logGet(46)) - raft.grpc.admin.port = 0 (custom)
2022-08-27 01:04:10,180 [Listener at 127.0.0.1/42729] INFO  grpc.GrpcConfigKeys (ConfUtils.java:logGet(46)) - raft.grpc.client.port = 0 (custom)
2022-08-27 01:04:10,180 [Listener at 127.0.0.1/42729] INFO  grpc.GrpcConfigKeys (ConfUtils.java:logGet(46)) - raft.grpc.server.port = 0 (default)
2022-08-27 01:04:10,180 [Listener at 127.0.0.1/42729] INFO  server.GrpcService (ConfUtils.java:logGet(46)) - raft.grpc.message.size.max = 32MB (=33554432) (custom)
2022-08-27 01:04:10,180 [Listener at 127.0.0.1/42729] INFO  server.RaftServerConfigKeys (ConfUtils.java:logGet(46)) - raft.server.log.appender.buffer.byte-limit = 33554432 (custom)
2022-08-27 01:04:10,180 [Listener at 127.0.0.1/42729] INFO  server.GrpcService (ConfUtils.java:logGet(46)) - raft.grpc.flow.control.window = 5MB (=5242880) (custom)
2022-08-27 01:04:10,180 [Listener at 127.0.0.1/42729] INFO  server.RaftServerConfigKeys (ConfUtils.java:logGet(46)) - raft.server.rpc.request.timeout = 60s (custom)
2022-08-27 01:04:10,180 [Listener at 127.0.0.1/42729] INFO  grpc.GrpcConfigKeys (ConfUtils.java:logGet(46)) - raft.grpc.server.async.request.thread.pool.cached = true (default)
2022-08-27 01:04:10,180 [Listener at 127.0.0.1/42729] INFO  grpc.GrpcConfigKeys (ConfUtils.java:logGet(46)) - raft.grpc.server.async.request.thread.pool.size = 32 (default)
2022-08-27 01:04:10,181 [Listener at 127.0.0.1/42729] INFO  impl.DataStreamServerImpl (ConfUtils.java:logGet(46)) - raft.datastream.type = DISABLED (default)
2022-08-27 01:04:10,181 [Listener at 127.0.0.1/42729] INFO  server.RaftServerConfigKeys (ConfUtils.java:logGet(46)) - raft.server.threadpool.proxy.cached = true (default)
2022-08-27 01:04:10,181 [Listener at 127.0.0.1/42729] INFO  server.RaftServerConfigKeys (ConfUtils.java:logGet(46)) - raft.server.threadpool.proxy.size = 0 (default)
2022-08-27 01:04:10,181 [Listener at 127.0.0.1/42729] INFO  server.RaftServerConfigKeys (ConfUtils.java:logGet(46)) - raft.server.rpc.slowness.timeout = 300s (custom)
2022-08-27 01:04:10,181 [Listener at 127.0.0.1/42729] INFO  server.RaftServerConfigKeys (ConfUtils.java:logGet(46)) - raft.server.leaderelection.leader.step-down.wait-time = 10s (default)
2022-08-27 01:04:10,181 [Listener at 127.0.0.1/42729] INFO  server.RaftServerConfigKeys (ConfUtils.java:logGet(46)) - raft.server.storage.dir = [/home/runner/work/ozone/ozone/hadoop-ozone/integration-test/target/test-dir/MiniOzoneClusterImpl-06e86dd3-d7df-4a2c-b8a6-272c25fd117f/datanode-5/data/ratis] (custom)
2022-08-27 01:04:10,182 [Listener at 127.0.0.1/42729] INFO  server.XceiverServerGrpc (XceiverServerGrpc.java:<init>(132)) - GrpcServer channel type EpollServerSocketChannel
2022-08-27 01:04:10,186 [Listener at 127.0.0.1/42729] INFO  http.BaseHttpServer (BaseHttpServer.java:newHttpServer2BuilderForOzone(213)) - Starting Web-server for hddsDatanode at: http://0.0.0.0:0
2022-08-27 01:04:10,187 [Listener at 127.0.0.1/42729] INFO  http.BaseHttpServer (BaseHttpServer.java:<init>(108)) - Hadoop Security Enabled: false Ozone Security Enabled: false Ozone HTTP Security Enabled: false 
2022-08-27 01:04:10,188 [Listener at 127.0.0.1/42729] INFO  server.AuthenticationFilter (AuthenticationFilter.java:constructSecretProvider(240)) - Unable to initialize FileSignerSecretProvider, falling back to use random secrets.
2022-08-27 01:04:10,188 [Listener at 127.0.0.1/42729] WARN  http.HttpRequestLog (HttpRequestLog.java:getRequestLog(103)) - Jetty request log can only be enabled using Log4j
2022-08-27 01:04:10,189 [Listener at 127.0.0.1/42729] INFO  http.HttpServer2 (HttpServer2.java:addGlobalFilter(1029)) - Added global filter 'safety' (class=org.apache.hadoop.hdds.server.http.HttpServer2$QuotingInputFilter)
2022-08-27 01:04:10,190 [Listener at 127.0.0.1/42729] INFO  http.HttpServer2 (HttpServer2.java:addFilter(1005)) - Added filter static_user_filter (class=org.apache.hadoop.http.lib.StaticUserWebFilter$StaticUserFilter) to context hddsDatanode
2022-08-27 01:04:10,190 [Listener at 127.0.0.1/42729] INFO  http.HttpServer2 (HttpServer2.java:addFilter(1013)) - Added filter static_user_filter (class=org.apache.hadoop.http.lib.StaticUserWebFilter$StaticUserFilter) to context static
2022-08-27 01:04:10,190 [Listener at 127.0.0.1/42729] INFO  http.HttpServer2 (HttpServer2.java:addFilter(1013)) - Added filter static_user_filter (class=org.apache.hadoop.http.lib.StaticUserWebFilter$StaticUserFilter) to context logs
2022-08-27 01:04:10,190 [Listener at 127.0.0.1/42729] INFO  http.HttpServer2 (HttpServer2.java:bindListener(1248)) - Jetty bound to port 41019
2022-08-27 01:04:10,190 [Listener at 127.0.0.1/42729] INFO  server.Server (Server.java:doStart(375)) - jetty-9.4.43.v20210629; built: 2021-06-30T11:07:22.254Z; git: 526006ecfa3af7f1a27ef3a288e2bef7ea9dd7e8; jvm 1.8.0_345-b01
2022-08-27 01:04:10,193 [Listener at 127.0.0.1/42729] INFO  server.session (DefaultSessionIdManager.java:doStart(334)) - DefaultSessionIdManager workerName=node0
2022-08-27 01:04:10,193 [Listener at 127.0.0.1/42729] INFO  server.session (DefaultSessionIdManager.java:doStart(339)) - No SessionScavenger set, using defaults
2022-08-27 01:04:10,193 [Listener at 127.0.0.1/42729] INFO  server.session (HouseKeeper.java:startScavenging(132)) - node0 Scavenging every 600000ms
2022-08-27 01:04:10,194 [Listener at 127.0.0.1/42729] INFO  handler.ContextHandler (ContextHandler.java:doStart(915)) - Started o.e.j.s.ServletContextHandler@5c53a7ad{logs,/logs,file:///home/runner/work/ozone/ozone/hadoop-ozone/integration-test/target/log,AVAILABLE}
2022-08-27 01:04:10,194 [Listener at 127.0.0.1/42729] INFO  handler.ContextHandler (ContextHandler.java:doStart(915)) - Started o.e.j.s.ServletContextHandler@279be98b{static,/static,jar:file:/home/runner/.m2/repository/org/apache/ozone/hdds-container-service/1.3.0-SNAPSHOT/hdds-container-service-1.3.0-SNAPSHOT.jar!/webapps/static,AVAILABLE}
2022-08-27 01:04:10,250 [ReplicationMonitor] INFO  replication.ReplicationManager (ReplicationManager.java:processAll(255)) - Replication Manager is not ready to run until 3000ms after safemode exit
2022-08-27 01:04:10,401 [Listener at 127.0.0.1/42729] INFO  handler.ContextHandler (ContextHandler.java:doStart(915)) - Started o.e.j.w.WebAppContext@186f125c{hddsDatanode,/,file:///tmp/jetty-0_0_0_0-41019-hdds-container-service-1_3_0-SNAPSHOT_jar-_-any-5468362346120552670/webapp/,AVAILABLE}{jar:file:/home/runner/.m2/repository/org/apache/ozone/hdds-container-service/1.3.0-SNAPSHOT/hdds-container-service-1.3.0-SNAPSHOT.jar!/webapps/hddsDatanode}
2022-08-27 01:04:10,402 [Listener at 127.0.0.1/42729] INFO  server.AbstractConnector (AbstractConnector.java:doStart(331)) - Started ServerConnector@6232f0f3{HTTP/1.1, (http/1.1)}{0.0.0.0:41019}
2022-08-27 01:04:10,403 [Listener at 127.0.0.1/42729] INFO  server.Server (Server.java:doStart(415)) - Started @9091ms
2022-08-27 01:04:10,403 [Listener at 127.0.0.1/42729] WARN  impl.MetricsSystemImpl (MetricsSystemImpl.java:register(279)) - Sink prometheus already exists!
2022-08-27 01:04:10,403 [Listener at 127.0.0.1/42729] INFO  http.BaseHttpServer (BaseHttpServer.java:updateConnectorAddress(333)) - HTTP server of hddsDatanode listening at http://0.0.0.0:41019
2022-08-27 01:04:10,403 [Datanode State Machine Daemon Thread] INFO  statemachine.DatanodeStateMachine (DatanodeStateMachine.java:lambda$startDaemon$0(492)) - Ozone container server started.
2022-08-27 01:04:10,405 [Listener at 127.0.0.1/42729] INFO  ozone.MiniOzoneClusterImpl (MiniOzoneClusterImpl.java:lambda$waitForClusterToBeReady$0(216)) - Waiting for nodes to be ready. Got 0 of 6 DN Heartbeats.
2022-08-27 01:04:10,405 [Listener at 127.0.0.1/42729] INFO  ozone.MiniOzoneClusterImpl (MiniOzoneClusterImpl.java:lambda$waitForClusterToBeReady$0(219)) - Waiting for cluster to exit safe mode
2022-08-27 01:04:10,405 [Listener at 127.0.0.1/42729] INFO  ozone.MiniOzoneClusterImpl (MiniOzoneClusterImpl.java:lambda$waitForClusterToBeReady$0(221)) - SCM became leader
2022-08-27 01:04:10,409 [org.apache.hadoop.util.JvmPauseMonitor$Monitor@4154e4d9] INFO  util.JvmPauseMonitor (JvmPauseMonitor.java:run(188)) - Starting JVM pause monitor
2022-08-27 01:04:10,412 [Datanode State Machine Task Thread - 0] INFO  datanode.InitDatanodeState (InitDatanodeState.java:persistContainerDatanodeDetails(138)) - DatanodeDetails is persisted to /home/runner/work/ozone/ozone/hadoop-ozone/integration-test/target/test-dir/MiniOzoneClusterImpl-06e86dd3-d7df-4a2c-b8a6-272c25fd117f/datanode-5/meta/datanode.id
2022-08-27 01:04:10,758 [EndpointStateMachine task thread for /0.0.0.0:41777 - 0 ] INFO  volume.HddsVolume (HddsVolume.java:createDbStore(310)) - SchemaV3 db is created and loaded at /home/runner/work/ozone/ozone/hadoop-ozone/integration-test/target/test-dir/MiniOzoneClusterImpl-06e86dd3-d7df-4a2c-b8a6-272c25fd117f/datanode-0/data-0/containers/hdds/06e86dd3-d7df-4a2c-b8a6-272c25fd117f/DS-d3cc8bb5-42a1-4467-9b85-563b2c3c179b/container.db for volume DS-d3cc8bb5-42a1-4467-9b85-563b2c3c179b
2022-08-27 01:04:10,762 [EndpointStateMachine task thread for /0.0.0.0:41777 - 0 ] INFO  volume.HddsVolume (HddsVolume.java:closeDbStore(341)) - SchemaV3 db is stopped at /home/runner/work/ozone/ozone/hadoop-ozone/integration-test/target/test-dir/MiniOzoneClusterImpl-06e86dd3-d7df-4a2c-b8a6-272c25fd117f/datanode-0/data-0/containers/hdds/06e86dd3-d7df-4a2c-b8a6-272c25fd117f/DS-d3cc8bb5-42a1-4467-9b85-563b2c3c179b/container.db for volume DS-d3cc8bb5-42a1-4467-9b85-563b2c3c179b
2022-08-27 01:04:10,762 [EndpointStateMachine task thread for /0.0.0.0:41777 - 0 ] INFO  ozoneimpl.OzoneContainer (OzoneContainer.java:start(377)) - Attempting to start container services.
2022-08-27 01:04:10,764 [EndpointStateMachine task thread for /0.0.0.0:41777 - 0 ] INFO  ozoneimpl.OzoneContainer (OzoneContainer.java:startContainerScrub(312)) - Background container scanner has been disabled.
2022-08-27 01:04:10,767 [EndpointStateMachine task thread for /0.0.0.0:41777 - 0 ] INFO  replication.ReplicationServer (ReplicationServer.java:start(111)) - ReplicationServer is started using port 38427
2022-08-27 01:04:10,770 [EndpointStateMachine task thread for /0.0.0.0:41777 - 0 ] INFO  ratis.XceiverServerRatis (XceiverServerRatis.java:start(481)) - Starting XceiverServerRatis 2bc1abba-7388-4eaf-8abd-93bce01f8f00
2022-08-27 01:04:10,771 [EndpointStateMachine task thread for /0.0.0.0:41777 - 0 ] INFO  server.RaftServer (RaftServerProxy.java:lambda$start$6(382)) - 2bc1abba-7388-4eaf-8abd-93bce01f8f00: start RPC server
2022-08-27 01:04:10,772 [EndpointStateMachine task thread for /0.0.0.0:41777 - 0 ] INFO  server.GrpcService (GrpcService.java:startImpl(260)) - 2bc1abba-7388-4eaf-8abd-93bce01f8f00: GrpcService started, listening on 41545
2022-08-27 01:04:10,772 [EndpointStateMachine task thread for /0.0.0.0:41777 - 0 ] INFO  ratis.XceiverServerRatis (XceiverServerRatis.java:getRealPort(502)) - XceiverServerRatis 2bc1abba-7388-4eaf-8abd-93bce01f8f00 is started using port 41545 for RATIS
2022-08-27 01:04:10,772 [org.apache.ratis.util.JvmPauseMonitor$$Lambda$715/1595744513@fd061de] INFO  util.JvmPauseMonitor (JvmPauseMonitor.java:run(103)) - JvmPauseMonitor-2bc1abba-7388-4eaf-8abd-93bce01f8f00: Started
2022-08-27 01:04:10,773 [EndpointStateMachine task thread for /0.0.0.0:41777 - 0 ] INFO  ratis.XceiverServerRatis (XceiverServerRatis.java:getRealPort(502)) - XceiverServerRatis 2bc1abba-7388-4eaf-8abd-93bce01f8f00 is started using port 41545 for RATIS_ADMIN
2022-08-27 01:04:10,773 [EndpointStateMachine task thread for /0.0.0.0:41777 - 0 ] INFO  ratis.XceiverServerRatis (XceiverServerRatis.java:getRealPort(502)) - XceiverServerRatis 2bc1abba-7388-4eaf-8abd-93bce01f8f00 is started using port 41545 for RATIS_SERVER
2022-08-27 01:04:10,774 [EndpointStateMachine task thread for /0.0.0.0:41777 - 0 ] INFO  server.XceiverServerGrpc (XceiverServerGrpc.java:start(180)) - XceiverServerGrpc 2bc1abba-7388-4eaf-8abd-93bce01f8f00 is started using port 42701
2022-08-27 01:04:11,126 [EndpointStateMachine task thread for /0.0.0.0:41777 - 0 ] INFO  volume.HddsVolume (HddsVolume.java:createDbStore(310)) - SchemaV3 db is created and loaded at /home/runner/work/ozone/ozone/hadoop-ozone/integration-test/target/test-dir/MiniOzoneClusterImpl-06e86dd3-d7df-4a2c-b8a6-272c25fd117f/datanode-1/data-0/containers/hdds/06e86dd3-d7df-4a2c-b8a6-272c25fd117f/DS-87c50aa3-b1f3-4246-b3ab-7bb9686464e9/container.db for volume DS-87c50aa3-b1f3-4246-b3ab-7bb9686464e9
2022-08-27 01:04:11,127 [EndpointStateMachine task thread for /0.0.0.0:41777 - 0 ] INFO  volume.HddsVolume (HddsVolume.java:closeDbStore(341)) - SchemaV3 db is stopped at /home/runner/work/ozone/ozone/hadoop-ozone/integration-test/target/test-dir/MiniOzoneClusterImpl-06e86dd3-d7df-4a2c-b8a6-272c25fd117f/datanode-1/data-0/containers/hdds/06e86dd3-d7df-4a2c-b8a6-272c25fd117f/DS-87c50aa3-b1f3-4246-b3ab-7bb9686464e9/container.db for volume DS-87c50aa3-b1f3-4246-b3ab-7bb9686464e9
2022-08-27 01:04:11,128 [EndpointStateMachine task thread for /0.0.0.0:41777 - 0 ] INFO  ozoneimpl.OzoneContainer (OzoneContainer.java:start(377)) - Attempting to start container services.
2022-08-27 01:04:11,129 [EndpointStateMachine task thread for /0.0.0.0:41777 - 0 ] INFO  ozoneimpl.OzoneContainer (OzoneContainer.java:startContainerScrub(312)) - Background container scanner has been disabled.
2022-08-27 01:04:11,130 [EndpointStateMachine task thread for /0.0.0.0:41777 - 0 ] INFO  replication.ReplicationServer (ReplicationServer.java:start(111)) - ReplicationServer is started using port 42307
2022-08-27 01:04:11,130 [EndpointStateMachine task thread for /0.0.0.0:41777 - 0 ] INFO  ratis.XceiverServerRatis (XceiverServerRatis.java:start(481)) - Starting XceiverServerRatis 05d44c0e-1782-4690-a3a2-3f7220b81a92
2022-08-27 01:04:11,133 [EndpointStateMachine task thread for /0.0.0.0:41777 - 0 ] INFO  server.RaftServer (RaftServerProxy.java:lambda$start$6(382)) - 05d44c0e-1782-4690-a3a2-3f7220b81a92: start RPC server
2022-08-27 01:04:11,134 [EndpointStateMachine task thread for /0.0.0.0:41777 - 0 ] INFO  server.GrpcService (GrpcService.java:startImpl(260)) - 05d44c0e-1782-4690-a3a2-3f7220b81a92: GrpcService started, listening on 38247
2022-08-27 01:04:11,134 [EndpointStateMachine task thread for /0.0.0.0:41777 - 0 ] INFO  ratis.XceiverServerRatis (XceiverServerRatis.java:getRealPort(502)) - XceiverServerRatis 05d44c0e-1782-4690-a3a2-3f7220b81a92 is started using port 38247 for RATIS
2022-08-27 01:04:11,134 [org.apache.ratis.util.JvmPauseMonitor$$Lambda$715/1595744513@3a84a6bd] INFO  util.JvmPauseMonitor (JvmPauseMonitor.java:run(103)) - JvmPauseMonitor-05d44c0e-1782-4690-a3a2-3f7220b81a92: Started
2022-08-27 01:04:11,134 [EndpointStateMachine task thread for /0.0.0.0:41777 - 0 ] INFO  ratis.XceiverServerRatis (XceiverServerRatis.java:getRealPort(502)) - XceiverServerRatis 05d44c0e-1782-4690-a3a2-3f7220b81a92 is started using port 38247 for RATIS_ADMIN
2022-08-27 01:04:11,134 [EndpointStateMachine task thread for /0.0.0.0:41777 - 0 ] INFO  ratis.XceiverServerRatis (XceiverServerRatis.java:getRealPort(502)) - XceiverServerRatis 05d44c0e-1782-4690-a3a2-3f7220b81a92 is started using port 38247 for RATIS_SERVER
2022-08-27 01:04:11,136 [EndpointStateMachine task thread for /0.0.0.0:41777 - 0 ] INFO  server.XceiverServerGrpc (XceiverServerGrpc.java:start(180)) - XceiverServerGrpc 05d44c0e-1782-4690-a3a2-3f7220b81a92 is started using port 35439
2022-08-27 01:04:11,250 [ReplicationMonitor] INFO  replication.ReplicationManager (ReplicationManager.java:processAll(255)) - Replication Manager is not ready to run until 3000ms after safemode exit
2022-08-27 01:04:11,405 [Listener at 127.0.0.1/42729] INFO  ozone.MiniOzoneClusterImpl (MiniOzoneClusterImpl.java:lambda$waitForClusterToBeReady$0(216)) - Waiting for nodes to be ready. Got 0 of 6 DN Heartbeats.
2022-08-27 01:04:11,406 [Listener at 127.0.0.1/42729] INFO  ozone.MiniOzoneClusterImpl (MiniOzoneClusterImpl.java:lambda$waitForClusterToBeReady$0(219)) - Waiting for cluster to exit safe mode
2022-08-27 01:04:11,406 [Listener at 127.0.0.1/42729] INFO  ozone.MiniOzoneClusterImpl (MiniOzoneClusterImpl.java:lambda$waitForClusterToBeReady$0(221)) - SCM became leader
2022-08-27 01:04:11,449 [EndpointStateMachine task thread for /0.0.0.0:41777 - 0 ] INFO  volume.HddsVolume (HddsVolume.java:createDbStore(310)) - SchemaV3 db is created and loaded at /home/runner/work/ozone/ozone/hadoop-ozone/integration-test/target/test-dir/MiniOzoneClusterImpl-06e86dd3-d7df-4a2c-b8a6-272c25fd117f/datanode-2/data-0/containers/hdds/06e86dd3-d7df-4a2c-b8a6-272c25fd117f/DS-eb0b89aa-f9f9-45db-bcd8-a7a4c2df53ae/container.db for volume DS-eb0b89aa-f9f9-45db-bcd8-a7a4c2df53ae
2022-08-27 01:04:11,450 [EndpointStateMachine task thread for /0.0.0.0:41777 - 0 ] INFO  volume.HddsVolume (HddsVolume.java:closeDbStore(341)) - SchemaV3 db is stopped at /home/runner/work/ozone/ozone/hadoop-ozone/integration-test/target/test-dir/MiniOzoneClusterImpl-06e86dd3-d7df-4a2c-b8a6-272c25fd117f/datanode-2/data-0/containers/hdds/06e86dd3-d7df-4a2c-b8a6-272c25fd117f/DS-eb0b89aa-f9f9-45db-bcd8-a7a4c2df53ae/container.db for volume DS-eb0b89aa-f9f9-45db-bcd8-a7a4c2df53ae
2022-08-27 01:04:11,450 [EndpointStateMachine task thread for /0.0.0.0:41777 - 0 ] INFO  ozoneimpl.OzoneContainer (OzoneContainer.java:start(377)) - Attempting to start container services.
2022-08-27 01:04:11,450 [EndpointStateMachine task thread for /0.0.0.0:41777 - 0 ] INFO  ozoneimpl.OzoneContainer (OzoneContainer.java:startContainerScrub(312)) - Background container scanner has been disabled.
2022-08-27 01:04:11,452 [EndpointStateMachine task thread for /0.0.0.0:41777 - 0 ] INFO  replication.ReplicationServer (ReplicationServer.java:start(111)) - ReplicationServer is started using port 32809
2022-08-27 01:04:11,452 [EndpointStateMachine task thread for /0.0.0.0:41777 - 0 ] INFO  ratis.XceiverServerRatis (XceiverServerRatis.java:start(481)) - Starting XceiverServerRatis dfcf168e-5082-4f01-a2db-1567ea82e82e
2022-08-27 01:04:11,457 [EndpointStateMachine task thread for /0.0.0.0:41777 - 0 ] INFO  server.RaftServer (RaftServerProxy.java:lambda$start$6(382)) - dfcf168e-5082-4f01-a2db-1567ea82e82e: start RPC server
2022-08-27 01:04:11,458 [EndpointStateMachine task thread for /0.0.0.0:41777 - 0 ] INFO  server.GrpcService (GrpcService.java:startImpl(260)) - dfcf168e-5082-4f01-a2db-1567ea82e82e: GrpcService started, listening on 43507
2022-08-27 01:04:11,458 [EndpointStateMachine task thread for /0.0.0.0:41777 - 0 ] INFO  ratis.XceiverServerRatis (XceiverServerRatis.java:getRealPort(502)) - XceiverServerRatis dfcf168e-5082-4f01-a2db-1567ea82e82e is started using port 43507 for RATIS
2022-08-27 01:04:11,458 [org.apache.ratis.util.JvmPauseMonitor$$Lambda$715/1595744513@7e9d331b] INFO  util.JvmPauseMonitor (JvmPauseMonitor.java:run(103)) - JvmPauseMonitor-dfcf168e-5082-4f01-a2db-1567ea82e82e: Started
2022-08-27 01:04:11,458 [EndpointStateMachine task thread for /0.0.0.0:41777 - 0 ] INFO  ratis.XceiverServerRatis (XceiverServerRatis.java:getRealPort(502)) - XceiverServerRatis dfcf168e-5082-4f01-a2db-1567ea82e82e is started using port 43507 for RATIS_ADMIN
2022-08-27 01:04:11,458 [EndpointStateMachine task thread for /0.0.0.0:41777 - 0 ] INFO  ratis.XceiverServerRatis (XceiverServerRatis.java:getRealPort(502)) - XceiverServerRatis dfcf168e-5082-4f01-a2db-1567ea82e82e is started using port 43507 for RATIS_SERVER
2022-08-27 01:04:11,460 [EndpointStateMachine task thread for /0.0.0.0:41777 - 0 ] INFO  server.XceiverServerGrpc (XceiverServerGrpc.java:start(180)) - XceiverServerGrpc dfcf168e-5082-4f01-a2db-1567ea82e82e is started using port 44991
2022-08-27 01:04:11,763 [EndpointStateMachine task thread for /0.0.0.0:41777 - 0 ] INFO  volume.HddsVolume (HddsVolume.java:createDbStore(310)) - SchemaV3 db is created and loaded at /home/runner/work/ozone/ozone/hadoop-ozone/integration-test/target/test-dir/MiniOzoneClusterImpl-06e86dd3-d7df-4a2c-b8a6-272c25fd117f/datanode-3/data-0/containers/hdds/06e86dd3-d7df-4a2c-b8a6-272c25fd117f/DS-85b85142-ef08-4543-9bc7-37a378b4fb81/container.db for volume DS-85b85142-ef08-4543-9bc7-37a378b4fb81
2022-08-27 01:04:11,764 [EndpointStateMachine task thread for /0.0.0.0:41777 - 0 ] INFO  volume.HddsVolume (HddsVolume.java:closeDbStore(341)) - SchemaV3 db is stopped at /home/runner/work/ozone/ozone/hadoop-ozone/integration-test/target/test-dir/MiniOzoneClusterImpl-06e86dd3-d7df-4a2c-b8a6-272c25fd117f/datanode-3/data-0/containers/hdds/06e86dd3-d7df-4a2c-b8a6-272c25fd117f/DS-85b85142-ef08-4543-9bc7-37a378b4fb81/container.db for volume DS-85b85142-ef08-4543-9bc7-37a378b4fb81
2022-08-27 01:04:11,764 [EndpointStateMachine task thread for /0.0.0.0:41777 - 0 ] INFO  ozoneimpl.OzoneContainer (OzoneContainer.java:start(377)) - Attempting to start container services.
2022-08-27 01:04:11,764 [EndpointStateMachine task thread for /0.0.0.0:41777 - 0 ] INFO  ozoneimpl.OzoneContainer (OzoneContainer.java:startContainerScrub(312)) - Background container scanner has been disabled.
2022-08-27 01:04:11,769 [EndpointStateMachine task thread for /0.0.0.0:41777 - 0 ] INFO  replication.ReplicationServer (ReplicationServer.java:start(111)) - ReplicationServer is started using port 39903
2022-08-27 01:04:11,769 [EndpointStateMachine task thread for /0.0.0.0:41777 - 0 ] INFO  ratis.XceiverServerRatis (XceiverServerRatis.java:start(481)) - Starting XceiverServerRatis 10661b26-eda0-4e01-aa97-bfa554844a49
2022-08-27 01:04:11,773 [EndpointStateMachine task thread for /0.0.0.0:41777 - 0 ] INFO  server.RaftServer (RaftServerProxy.java:lambda$start$6(382)) - 10661b26-eda0-4e01-aa97-bfa554844a49: start RPC server
2022-08-27 01:04:11,780 [EndpointStateMachine task thread for /0.0.0.0:41777 - 0 ] INFO  server.GrpcService (GrpcService.java:startImpl(260)) - 10661b26-eda0-4e01-aa97-bfa554844a49: GrpcService started, listening on 44501
2022-08-27 01:04:11,780 [EndpointStateMachine task thread for /0.0.0.0:41777 - 0 ] INFO  ratis.XceiverServerRatis (XceiverServerRatis.java:getRealPort(502)) - XceiverServerRatis 10661b26-eda0-4e01-aa97-bfa554844a49 is started using port 44501 for RATIS
2022-08-27 01:04:11,780 [EndpointStateMachine task thread for /0.0.0.0:41777 - 0 ] INFO  ratis.XceiverServerRatis (XceiverServerRatis.java:getRealPort(502)) - XceiverServerRatis 10661b26-eda0-4e01-aa97-bfa554844a49 is started using port 44501 for RATIS_ADMIN
2022-08-27 01:04:11,780 [org.apache.ratis.util.JvmPauseMonitor$$Lambda$715/1595744513@57816391] INFO  util.JvmPauseMonitor (JvmPauseMonitor.java:run(103)) - JvmPauseMonitor-10661b26-eda0-4e01-aa97-bfa554844a49: Started
2022-08-27 01:04:11,780 [EndpointStateMachine task thread for /0.0.0.0:41777 - 0 ] INFO  ratis.XceiverServerRatis (XceiverServerRatis.java:getRealPort(502)) - XceiverServerRatis 10661b26-eda0-4e01-aa97-bfa554844a49 is started using port 44501 for RATIS_SERVER
2022-08-27 01:04:11,782 [EndpointStateMachine task thread for /0.0.0.0:41777 - 0 ] INFO  server.XceiverServerGrpc (XceiverServerGrpc.java:start(180)) - XceiverServerGrpc 10661b26-eda0-4e01-aa97-bfa554844a49 is started using port 35217
2022-08-27 01:04:12,106 [EndpointStateMachine task thread for /0.0.0.0:41777 - 0 ] INFO  volume.HddsVolume (HddsVolume.java:createDbStore(310)) - SchemaV3 db is created and loaded at /home/runner/work/ozone/ozone/hadoop-ozone/integration-test/target/test-dir/MiniOzoneClusterImpl-06e86dd3-d7df-4a2c-b8a6-272c25fd117f/datanode-4/data-0/containers/hdds/06e86dd3-d7df-4a2c-b8a6-272c25fd117f/DS-1b8201a1-5539-4935-84b2-908186f83180/container.db for volume DS-1b8201a1-5539-4935-84b2-908186f83180
2022-08-27 01:04:12,107 [EndpointStateMachine task thread for /0.0.0.0:41777 - 0 ] INFO  volume.HddsVolume (HddsVolume.java:closeDbStore(341)) - SchemaV3 db is stopped at /home/runner/work/ozone/ozone/hadoop-ozone/integration-test/target/test-dir/MiniOzoneClusterImpl-06e86dd3-d7df-4a2c-b8a6-272c25fd117f/datanode-4/data-0/containers/hdds/06e86dd3-d7df-4a2c-b8a6-272c25fd117f/DS-1b8201a1-5539-4935-84b2-908186f83180/container.db for volume DS-1b8201a1-5539-4935-84b2-908186f83180
2022-08-27 01:04:12,107 [EndpointStateMachine task thread for /0.0.0.0:41777 - 0 ] INFO  ozoneimpl.OzoneContainer (OzoneContainer.java:start(377)) - Attempting to start container services.
2022-08-27 01:04:12,107 [EndpointStateMachine task thread for /0.0.0.0:41777 - 0 ] INFO  ozoneimpl.OzoneContainer (OzoneContainer.java:startContainerScrub(312)) - Background container scanner has been disabled.
2022-08-27 01:04:12,108 [EndpointStateMachine task thread for /0.0.0.0:41777 - 0 ] INFO  replication.ReplicationServer (ReplicationServer.java:start(111)) - ReplicationServer is started using port 42871
2022-08-27 01:04:12,109 [EndpointStateMachine task thread for /0.0.0.0:41777 - 0 ] INFO  ratis.XceiverServerRatis (XceiverServerRatis.java:start(481)) - Starting XceiverServerRatis efe08b73-b8e1-4cbd-8d64-d052696c0c3d
2022-08-27 01:04:12,110 [EndpointStateMachine task thread for /0.0.0.0:41777 - 0 ] INFO  server.RaftServer (RaftServerProxy.java:lambda$start$6(382)) - efe08b73-b8e1-4cbd-8d64-d052696c0c3d: start RPC server
2022-08-27 01:04:12,112 [EndpointStateMachine task thread for /0.0.0.0:41777 - 0 ] INFO  server.GrpcService (GrpcService.java:startImpl(260)) - efe08b73-b8e1-4cbd-8d64-d052696c0c3d: GrpcService started, listening on 38497
2022-08-27 01:04:12,112 [EndpointStateMachine task thread for /0.0.0.0:41777 - 0 ] INFO  ratis.XceiverServerRatis (XceiverServerRatis.java:getRealPort(502)) - XceiverServerRatis efe08b73-b8e1-4cbd-8d64-d052696c0c3d is started using port 38497 for RATIS
2022-08-27 01:04:12,112 [EndpointStateMachine task thread for /0.0.0.0:41777 - 0 ] INFO  ratis.XceiverServerRatis (XceiverServerRatis.java:getRealPort(502)) - XceiverServerRatis efe08b73-b8e1-4cbd-8d64-d052696c0c3d is started using port 38497 for RATIS_ADMIN
2022-08-27 01:04:12,112 [org.apache.ratis.util.JvmPauseMonitor$$Lambda$715/1595744513@4d0b9bd7] INFO  util.JvmPauseMonitor (JvmPauseMonitor.java:run(103)) - JvmPauseMonitor-efe08b73-b8e1-4cbd-8d64-d052696c0c3d: Started
2022-08-27 01:04:12,112 [EndpointStateMachine task thread for /0.0.0.0:41777 - 0 ] INFO  ratis.XceiverServerRatis (XceiverServerRatis.java:getRealPort(502)) - XceiverServerRatis efe08b73-b8e1-4cbd-8d64-d052696c0c3d is started using port 38497 for RATIS_SERVER
2022-08-27 01:04:12,115 [EndpointStateMachine task thread for /0.0.0.0:41777 - 0 ] INFO  server.XceiverServerGrpc (XceiverServerGrpc.java:start(180)) - XceiverServerGrpc efe08b73-b8e1-4cbd-8d64-d052696c0c3d is started using port 44597
2022-08-27 01:04:12,250 [ReplicationMonitor] INFO  replication.ReplicationManager (ReplicationManager.java:processAll(255)) - Replication Manager is not ready to run until 3000ms after safemode exit
2022-08-27 01:04:12,406 [Listener at 127.0.0.1/42729] INFO  ozone.MiniOzoneClusterImpl (MiniOzoneClusterImpl.java:lambda$waitForClusterToBeReady$0(216)) - Waiting for nodes to be ready. Got 0 of 6 DN Heartbeats.
2022-08-27 01:04:12,406 [Listener at 127.0.0.1/42729] INFO  ozone.MiniOzoneClusterImpl (MiniOzoneClusterImpl.java:lambda$waitForClusterToBeReady$0(219)) - Waiting for cluster to exit safe mode
2022-08-27 01:04:12,406 [Listener at 127.0.0.1/42729] INFO  ozone.MiniOzoneClusterImpl (MiniOzoneClusterImpl.java:lambda$waitForClusterToBeReady$0(221)) - SCM became leader
2022-08-27 01:04:12,432 [EndpointStateMachine task thread for /0.0.0.0:41777 - 0 ] INFO  volume.HddsVolume (HddsVolume.java:createDbStore(310)) - SchemaV3 db is created and loaded at /home/runner/work/ozone/ozone/hadoop-ozone/integration-test/target/test-dir/MiniOzoneClusterImpl-06e86dd3-d7df-4a2c-b8a6-272c25fd117f/datanode-5/data-0/containers/hdds/06e86dd3-d7df-4a2c-b8a6-272c25fd117f/DS-b2b29d13-0f1a-4027-ac0b-74b1e8e0edf8/container.db for volume DS-b2b29d13-0f1a-4027-ac0b-74b1e8e0edf8
2022-08-27 01:04:12,433 [EndpointStateMachine task thread for /0.0.0.0:41777 - 0 ] INFO  volume.HddsVolume (HddsVolume.java:closeDbStore(341)) - SchemaV3 db is stopped at /home/runner/work/ozone/ozone/hadoop-ozone/integration-test/target/test-dir/MiniOzoneClusterImpl-06e86dd3-d7df-4a2c-b8a6-272c25fd117f/datanode-5/data-0/containers/hdds/06e86dd3-d7df-4a2c-b8a6-272c25fd117f/DS-b2b29d13-0f1a-4027-ac0b-74b1e8e0edf8/container.db for volume DS-b2b29d13-0f1a-4027-ac0b-74b1e8e0edf8
2022-08-27 01:04:12,433 [EndpointStateMachine task thread for /0.0.0.0:41777 - 0 ] INFO  ozoneimpl.OzoneContainer (OzoneContainer.java:start(377)) - Attempting to start container services.
2022-08-27 01:04:12,433 [EndpointStateMachine task thread for /0.0.0.0:41777 - 0 ] INFO  ozoneimpl.OzoneContainer (OzoneContainer.java:startContainerScrub(312)) - Background container scanner has been disabled.
2022-08-27 01:04:12,435 [EndpointStateMachine task thread for /0.0.0.0:41777 - 0 ] INFO  replication.ReplicationServer (ReplicationServer.java:start(111)) - ReplicationServer is started using port 42559
2022-08-27 01:04:12,435 [EndpointStateMachine task thread for /0.0.0.0:41777 - 0 ] INFO  ratis.XceiverServerRatis (XceiverServerRatis.java:start(481)) - Starting XceiverServerRatis 47218c16-f2d5-4cf1-b4da-5ee36f49a8d8
2022-08-27 01:04:12,437 [EndpointStateMachine task thread for /0.0.0.0:41777 - 0 ] INFO  server.RaftServer (RaftServerProxy.java:lambda$start$6(382)) - 47218c16-f2d5-4cf1-b4da-5ee36f49a8d8: start RPC server
2022-08-27 01:04:12,438 [EndpointStateMachine task thread for /0.0.0.0:41777 - 0 ] INFO  server.GrpcService (GrpcService.java:startImpl(260)) - 47218c16-f2d5-4cf1-b4da-5ee36f49a8d8: GrpcService started, listening on 36037
2022-08-27 01:04:12,438 [EndpointStateMachine task thread for /0.0.0.0:41777 - 0 ] INFO  ratis.XceiverServerRatis (XceiverServerRatis.java:getRealPort(502)) - XceiverServerRatis 47218c16-f2d5-4cf1-b4da-5ee36f49a8d8 is started using port 36037 for RATIS
2022-08-27 01:04:12,439 [EndpointStateMachine task thread for /0.0.0.0:41777 - 0 ] INFO  ratis.XceiverServerRatis (XceiverServerRatis.java:getRealPort(502)) - XceiverServerRatis 47218c16-f2d5-4cf1-b4da-5ee36f49a8d8 is started using port 36037 for RATIS_ADMIN
2022-08-27 01:04:12,439 [org.apache.ratis.util.JvmPauseMonitor$$Lambda$715/1595744513@a8a01a] INFO  util.JvmPauseMonitor (JvmPauseMonitor.java:run(103)) - JvmPauseMonitor-47218c16-f2d5-4cf1-b4da-5ee36f49a8d8: Started
2022-08-27 01:04:12,439 [EndpointStateMachine task thread for /0.0.0.0:41777 - 0 ] INFO  ratis.XceiverServerRatis (XceiverServerRatis.java:getRealPort(502)) - XceiverServerRatis 47218c16-f2d5-4cf1-b4da-5ee36f49a8d8 is started using port 36037 for RATIS_SERVER
2022-08-27 01:04:12,441 [EndpointStateMachine task thread for /0.0.0.0:41777 - 0 ] INFO  server.XceiverServerGrpc (XceiverServerGrpc.java:start(180)) - XceiverServerGrpc 47218c16-f2d5-4cf1-b4da-5ee36f49a8d8 is started using port 34925
2022-08-27 01:04:12,684 [IPC Server handler 1 on default port 41777] INFO  net.NetworkTopologyImpl (NetworkTopologyImpl.java:add(112)) - Added a new node: /default-rack/2bc1abba-7388-4eaf-8abd-93bce01f8f00
2022-08-27 01:04:12,685 [IPC Server handler 1 on default port 41777] INFO  node.SCMNodeManager (SCMNodeManager.java:register(397)) - Registered Data node : 2bc1abba-7388-4eaf-8abd-93bce01f8f00{ip: 10.1.1.170, host: fv-az41-820.zje5jq5y5x4uznwvdkgxk4wc2h.cx.internal.cloudapp.net, ports: [REPLICATION=38427, RATIS=41545, RATIS_ADMIN=41545, RATIS_SERVER=41545, STANDALONE=42701], networkLocation: /default-rack, certSerialId: null, persistedOpState: null, persistedOpStateExpiryEpochSec: 0}
2022-08-27 01:04:12,689 [EventQueue-NewNodeForNewNodeHandler] INFO  pipeline.BackgroundPipelineCreator (BackgroundPipelineCreator.java:notifyEventTriggered(276)) - trigger a one-shot run on RatisPipelineUtilsThread.
2022-08-27 01:04:12,690 [EventQueue-NodeRegistrationContainerReportForDataNodeSafeModeRule] INFO  safemode.SCMSafeModeManager (DataNodeSafeModeRule.java:process(71)) - SCM in safe mode. 1 DataNodes registered, 3 required.
2022-08-27 01:04:12,695 [RatisPipelineUtilsThread - 0] INFO  pipeline.RatisPipelineProvider (RatisPipelineProvider.java:lambda$create$0(195)) - Sending CreatePipelineCommand for pipeline:PipelineID=3723358d-e86e-4014-af2f-9f5166faf68a to datanode:2bc1abba-7388-4eaf-8abd-93bce01f8f00
2022-08-27 01:04:12,696 [EventQueue-NodeRegistrationContainerReportForContainerSafeModeRule] INFO  safemode.SCMSafeModeManager (SCMSafeModeManager.java:validateSafeModeExitRules(204)) - ContainerSafeModeRule rule is successfully validated
2022-08-27 01:04:12,701 [EventQueue-PipelineReportForOneReplicaPipelineSafeModeRule] INFO  safemode.SCMSafeModeManager (SCMSafeModeManager.java:validateSafeModeExitRules(204)) - AtleastOneDatanodeReportedRule rule is successfully validated
2022-08-27 01:04:12,712 [RatisPipelineUtilsThread - 0] INFO  pipeline.PipelineStateManagerImpl (PipelineStateManagerImpl.java:addPipeline(103)) - Created pipeline Pipeline[ Id: 3723358d-e86e-4014-af2f-9f5166faf68a, Nodes: 2bc1abba-7388-4eaf-8abd-93bce01f8f00{ip: 10.1.1.170, host: fv-az41-820.zje5jq5y5x4uznwvdkgxk4wc2h.cx.internal.cloudapp.net, ports: [REPLICATION=38427, RATIS=41545, RATIS_ADMIN=41545, RATIS_SERVER=41545, STANDALONE=42701], networkLocation: /default-rack, certSerialId: null, persistedOpState: IN_SERVICE, persistedOpStateExpiryEpochSec: 0}, ReplicationConfig: RATIS/ONE, State:ALLOCATED, leaderId:, CreationTimestamp2022-08-27T01:04:12.694Z[Etc/UTC]].
2022-08-27 01:04:13,097 [IPC Server handler 4 on default port 41777] INFO  net.NetworkTopologyImpl (NetworkTopologyImpl.java:add(112)) - Added a new node: /default-rack/05d44c0e-1782-4690-a3a2-3f7220b81a92
2022-08-27 01:04:13,097 [IPC Server handler 4 on default port 41777] INFO  node.SCMNodeManager (SCMNodeManager.java:register(397)) - Registered Data node : 05d44c0e-1782-4690-a3a2-3f7220b81a92{ip: 10.1.1.170, host: fv-az41-820.zje5jq5y5x4uznwvdkgxk4wc2h.cx.internal.cloudapp.net, ports: [REPLICATION=42307, RATIS=38247, RATIS_ADMIN=38247, RATIS_SERVER=38247, STANDALONE=35439], networkLocation: /default-rack, certSerialId: null, persistedOpState: null, persistedOpStateExpiryEpochSec: 0}
2022-08-27 01:04:13,098 [EventQueue-NodeRegistrationContainerReportForDataNodeSafeModeRule] INFO  safemode.SCMSafeModeManager (DataNodeSafeModeRule.java:process(71)) - SCM in safe mode. 2 DataNodes registered, 3 required.
2022-08-27 01:04:13,099 [EventQueue-NewNodeForNewNodeHandler] INFO  pipeline.BackgroundPipelineCreator (BackgroundPipelineCreator.java:notifyEventTriggered(276)) - trigger a one-shot run on RatisPipelineUtilsThread.
2022-08-27 01:04:13,100 [RatisPipelineUtilsThread - 0] INFO  pipeline.RatisPipelineProvider (RatisPipelineProvider.java:lambda$create$0(195)) - Sending CreatePipelineCommand for pipeline:PipelineID=084f06b4-9d17-4fb5-a8e1-a229ac14321e to datanode:05d44c0e-1782-4690-a3a2-3f7220b81a92
2022-08-27 01:04:13,101 [RatisPipelineUtilsThread - 0] INFO  pipeline.PipelineStateManagerImpl (PipelineStateManagerImpl.java:addPipeline(103)) - Created pipeline Pipeline[ Id: 084f06b4-9d17-4fb5-a8e1-a229ac14321e, Nodes: 05d44c0e-1782-4690-a3a2-3f7220b81a92{ip: 10.1.1.170, host: fv-az41-820.zje5jq5y5x4uznwvdkgxk4wc2h.cx.internal.cloudapp.net, ports: [REPLICATION=42307, RATIS=38247, RATIS_ADMIN=38247, RATIS_SERVER=38247, STANDALONE=35439], networkLocation: /default-rack, certSerialId: null, persistedOpState: IN_SERVICE, persistedOpStateExpiryEpochSec: 0}, ReplicationConfig: RATIS/ONE, State:ALLOCATED, leaderId:, CreationTimestamp2022-08-27T01:04:13.100Z[Etc/UTC]].
2022-08-27 01:04:13,250 [ReplicationMonitor] INFO  replication.ReplicationManager (ReplicationManager.java:processAll(255)) - Replication Manager is not ready to run until 3000ms after safemode exit
2022-08-27 01:04:13,406 [Listener at 127.0.0.1/42729] INFO  ozone.MiniOzoneClusterImpl (MiniOzoneClusterImpl.java:lambda$waitForClusterToBeReady$0(216)) - Waiting for nodes to be ready. Got 2 of 6 DN Heartbeats.
2022-08-27 01:04:13,407 [Listener at 127.0.0.1/42729] INFO  ozone.MiniOzoneClusterImpl (MiniOzoneClusterImpl.java:lambda$waitForClusterToBeReady$0(219)) - Waiting for cluster to exit safe mode
2022-08-27 01:04:13,407 [Listener at 127.0.0.1/42729] INFO  ozone.MiniOzoneClusterImpl (MiniOzoneClusterImpl.java:lambda$waitForClusterToBeReady$0(221)) - SCM became leader
2022-08-27 01:04:13,426 [IPC Server handler 1 on default port 41777] INFO  net.NetworkTopologyImpl (NetworkTopologyImpl.java:add(112)) - Added a new node: /default-rack/dfcf168e-5082-4f01-a2db-1567ea82e82e
2022-08-27 01:04:13,426 [IPC Server handler 1 on default port 41777] INFO  node.SCMNodeManager (SCMNodeManager.java:register(397)) - Registered Data node : dfcf168e-5082-4f01-a2db-1567ea82e82e{ip: 10.1.1.170, host: fv-az41-820.zje5jq5y5x4uznwvdkgxk4wc2h.cx.internal.cloudapp.net, ports: [REPLICATION=32809, RATIS=43507, RATIS_ADMIN=43507, RATIS_SERVER=43507, STANDALONE=44991], networkLocation: /default-rack, certSerialId: null, persistedOpState: null, persistedOpStateExpiryEpochSec: 0}
2022-08-27 01:04:13,426 [EventQueue-NewNodeForNewNodeHandler] INFO  pipeline.BackgroundPipelineCreator (BackgroundPipelineCreator.java:notifyEventTriggered(276)) - trigger a one-shot run on RatisPipelineUtilsThread.
2022-08-27 01:04:13,426 [EventQueue-NodeRegistrationContainerReportForDataNodeSafeModeRule] INFO  safemode.SCMSafeModeManager (DataNodeSafeModeRule.java:process(71)) - SCM in safe mode. 3 DataNodes registered, 3 required.
2022-08-27 01:04:13,426 [EventQueue-NodeRegistrationContainerReportForDataNodeSafeModeRule] INFO  safemode.SCMSafeModeManager (SCMSafeModeManager.java:validateSafeModeExitRules(204)) - DataNodeSafeModeRule rule is successfully validated
2022-08-27 01:04:13,426 [EventQueue-NodeRegistrationContainerReportForDataNodeSafeModeRule] INFO  safemode.SCMSafeModeManager (SCMSafeModeManager.java:completePreCheck(233)) - All SCM safe mode pre check rules have passed
2022-08-27 01:04:13,426 [EventQueue-NodeRegistrationContainerReportForDataNodeSafeModeRule] WARN  events.EventQueue (EventQueue.java:fireEvent(216)) - No event handler registered for event TypedEvent{payloadType=SafeModeStatus, name='Safe mode status'}
2022-08-27 01:04:13,426 [EventQueue-NodeRegistrationContainerReportForDataNodeSafeModeRule] INFO  ha.SCMContext (SCMContext.java:updateSafeModeStatus(228)) - Update SafeModeStatus from SafeModeStatus{safeModeStatus=true, preCheckPassed=false} to SafeModeStatus{safeModeStatus=true, preCheckPassed=true}.
2022-08-27 01:04:13,426 [EventQueue-NodeRegistrationContainerReportForDataNodeSafeModeRule] INFO  pipeline.BackgroundPipelineCreator (BackgroundPipelineCreator.java:notifyEventTriggered(276)) - trigger a one-shot run on RatisPipelineUtilsThread.
2022-08-27 01:04:13,427 [RatisPipelineUtilsThread - 0] INFO  pipeline.RatisPipelineProvider (RatisPipelineProvider.java:lambda$create$0(195)) - Sending CreatePipelineCommand for pipeline:PipelineID=9a55d528-00e5-49c1-9287-5c092346db41 to datanode:dfcf168e-5082-4f01-a2db-1567ea82e82e
2022-08-27 01:04:13,428 [RatisPipelineUtilsThread - 0] INFO  pipeline.PipelineStateManagerImpl (PipelineStateManagerImpl.java:addPipeline(103)) - Created pipeline Pipeline[ Id: 9a55d528-00e5-49c1-9287-5c092346db41, Nodes: dfcf168e-5082-4f01-a2db-1567ea82e82e{ip: 10.1.1.170, host: fv-az41-820.zje5jq5y5x4uznwvdkgxk4wc2h.cx.internal.cloudapp.net, ports: [REPLICATION=32809, RATIS=43507, RATIS_ADMIN=43507, RATIS_SERVER=43507, STANDALONE=44991], networkLocation: /default-rack, certSerialId: null, persistedOpState: IN_SERVICE, persistedOpStateExpiryEpochSec: 0}, ReplicationConfig: RATIS/ONE, State:ALLOCATED, leaderId:, CreationTimestamp2022-08-27T01:04:13.427Z[Etc/UTC]].
2022-08-27 01:04:13,431 [RatisPipelineUtilsThread - 0] INFO  pipeline.RatisPipelineProvider (RatisPipelineProvider.java:lambda$create$0(195)) - Sending CreatePipelineCommand for pipeline:PipelineID=3e0d5a98-0446-4e8d-acc1-692d3a8f63c1 to datanode:2bc1abba-7388-4eaf-8abd-93bce01f8f00
2022-08-27 01:04:13,431 [RatisPipelineUtilsThread - 0] INFO  pipeline.RatisPipelineProvider (RatisPipelineProvider.java:lambda$create$0(195)) - Sending CreatePipelineCommand for pipeline:PipelineID=3e0d5a98-0446-4e8d-acc1-692d3a8f63c1 to datanode:05d44c0e-1782-4690-a3a2-3f7220b81a92
2022-08-27 01:04:13,431 [RatisPipelineUtilsThread - 0] INFO  pipeline.RatisPipelineProvider (RatisPipelineProvider.java:lambda$create$0(195)) - Sending CreatePipelineCommand for pipeline:PipelineID=3e0d5a98-0446-4e8d-acc1-692d3a8f63c1 to datanode:dfcf168e-5082-4f01-a2db-1567ea82e82e
2022-08-27 01:04:13,432 [RatisPipelineUtilsThread - 0] INFO  pipeline.PipelineStateManagerImpl (PipelineStateManagerImpl.java:addPipeline(103)) - Created pipeline Pipeline[ Id: 3e0d5a98-0446-4e8d-acc1-692d3a8f63c1, Nodes: 2bc1abba-7388-4eaf-8abd-93bce01f8f00{ip: 10.1.1.170, host: fv-az41-820.zje5jq5y5x4uznwvdkgxk4wc2h.cx.internal.cloudapp.net, ports: [REPLICATION=38427, RATIS=41545, RATIS_ADMIN=41545, RATIS_SERVER=41545, STANDALONE=42701], networkLocation: /default-rack, certSerialId: null, persistedOpState: IN_SERVICE, persistedOpStateExpiryEpochSec: 0}05d44c0e-1782-4690-a3a2-3f7220b81a92{ip: 10.1.1.170, host: fv-az41-820.zje5jq5y5x4uznwvdkgxk4wc2h.cx.internal.cloudapp.net, ports: [REPLICATION=42307, RATIS=38247, RATIS_ADMIN=38247, RATIS_SERVER=38247, STANDALONE=35439], networkLocation: /default-rack, certSerialId: null, persistedOpState: IN_SERVICE, persistedOpStateExpiryEpochSec: 0}dfcf168e-5082-4f01-a2db-1567ea82e82e{ip: 10.1.1.170, host: fv-az41-820.zje5jq5y5x4uznwvdkgxk4wc2h.cx.internal.cloudapp.net, ports: [REPLICATION=32809, RATIS=43507, RATIS_ADMIN=43507, RATIS_SERVER=43507, STANDALONE=44991], networkLocation: /default-rack, certSerialId: null, persistedOpState: IN_SERVICE, persistedOpStateExpiryEpochSec: 0}, ReplicationConfig: RATIS/THREE, State:ALLOCATED, leaderId:, CreationTimestamp2022-08-27T01:04:13.431Z[Etc/UTC]].
2022-08-27 01:04:13,742 [IPC Server handler 6 on default port 41777] INFO  net.NetworkTopologyImpl (NetworkTopologyImpl.java:add(112)) - Added a new node: /default-rack/10661b26-eda0-4e01-aa97-bfa554844a49
2022-08-27 01:04:13,743 [IPC Server handler 6 on default port 41777] INFO  node.SCMNodeManager (SCMNodeManager.java:register(397)) - Registered Data node : 10661b26-eda0-4e01-aa97-bfa554844a49{ip: 10.1.1.170, host: fv-az41-820.zje5jq5y5x4uznwvdkgxk4wc2h.cx.internal.cloudapp.net, ports: [REPLICATION=39903, RATIS=44501, RATIS_ADMIN=44501, RATIS_SERVER=44501, STANDALONE=35217], networkLocation: /default-rack, certSerialId: null, persistedOpState: null, persistedOpStateExpiryEpochSec: 0}
2022-08-27 01:04:13,743 [EventQueue-NewNodeForNewNodeHandler] INFO  pipeline.BackgroundPipelineCreator (BackgroundPipelineCreator.java:notifyEventTriggered(276)) - trigger a one-shot run on RatisPipelineUtilsThread.
2022-08-27 01:04:13,744 [RatisPipelineUtilsThread - 0] INFO  pipeline.RatisPipelineProvider (RatisPipelineProvider.java:lambda$create$0(195)) - Sending CreatePipelineCommand for pipeline:PipelineID=1be73457-82c4-472e-a12d-0fae5c14fedb to datanode:10661b26-eda0-4e01-aa97-bfa554844a49
2022-08-27 01:04:13,745 [RatisPipelineUtilsThread - 0] INFO  pipeline.PipelineStateManagerImpl (PipelineStateManagerImpl.java:addPipeline(103)) - Created pipeline Pipeline[ Id: 1be73457-82c4-472e-a12d-0fae5c14fedb, Nodes: 10661b26-eda0-4e01-aa97-bfa554844a49{ip: 10.1.1.170, host: fv-az41-820.zje5jq5y5x4uznwvdkgxk4wc2h.cx.internal.cloudapp.net, ports: [REPLICATION=39903, RATIS=44501, RATIS_ADMIN=44501, RATIS_SERVER=44501, STANDALONE=35217], networkLocation: /default-rack, certSerialId: null, persistedOpState: IN_SERVICE, persistedOpStateExpiryEpochSec: 0}, ReplicationConfig: RATIS/ONE, State:ALLOCATED, leaderId:, CreationTimestamp2022-08-27T01:04:13.744Z[Etc/UTC]].
2022-08-27 01:04:14,082 [IPC Server handler 5 on default port 41777] INFO  net.NetworkTopologyImpl (NetworkTopologyImpl.java:add(112)) - Added a new node: /default-rack/efe08b73-b8e1-4cbd-8d64-d052696c0c3d
2022-08-27 01:04:14,082 [IPC Server handler 5 on default port 41777] INFO  node.SCMNodeManager (SCMNodeManager.java:register(397)) - Registered Data node : efe08b73-b8e1-4cbd-8d64-d052696c0c3d{ip: 10.1.1.170, host: fv-az41-820.zje5jq5y5x4uznwvdkgxk4wc2h.cx.internal.cloudapp.net, ports: [REPLICATION=42871, RATIS=38497, RATIS_ADMIN=38497, RATIS_SERVER=38497, STANDALONE=44597], networkLocation: /default-rack, certSerialId: null, persistedOpState: null, persistedOpStateExpiryEpochSec: 0}
2022-08-27 01:04:14,082 [EventQueue-NewNodeForNewNodeHandler] INFO  pipeline.BackgroundPipelineCreator (BackgroundPipelineCreator.java:notifyEventTriggered(276)) - trigger a one-shot run on RatisPipelineUtilsThread.
2022-08-27 01:04:14,083 [RatisPipelineUtilsThread - 0] INFO  pipeline.RatisPipelineProvider (RatisPipelineProvider.java:lambda$create$0(195)) - Sending CreatePipelineCommand for pipeline:PipelineID=6a784b34-5af4-4101-b906-fbcc7887cdf4 to datanode:efe08b73-b8e1-4cbd-8d64-d052696c0c3d
2022-08-27 01:04:14,084 [RatisPipelineUtilsThread - 0] INFO  pipeline.PipelineStateManagerImpl (PipelineStateManagerImpl.java:addPipeline(103)) - Created pipeline Pipeline[ Id: 6a784b34-5af4-4101-b906-fbcc7887cdf4, Nodes: efe08b73-b8e1-4cbd-8d64-d052696c0c3d{ip: 10.1.1.170, host: fv-az41-820.zje5jq5y5x4uznwvdkgxk4wc2h.cx.internal.cloudapp.net, ports: [REPLICATION=42871, RATIS=38497, RATIS_ADMIN=38497, RATIS_SERVER=38497, STANDALONE=44597], networkLocation: /default-rack, certSerialId: null, persistedOpState: IN_SERVICE, persistedOpStateExpiryEpochSec: 0}, ReplicationConfig: RATIS/ONE, State:ALLOCATED, leaderId:, CreationTimestamp2022-08-27T01:04:14.083Z[Etc/UTC]].
2022-08-27 01:04:14,251 [ReplicationMonitor] INFO  replication.ReplicationManager (ReplicationManager.java:processAll(255)) - Replication Manager is not ready to run until 3000ms after safemode exit
2022-08-27 01:04:14,407 [Listener at 127.0.0.1/42729] INFO  ozone.MiniOzoneClusterImpl (MiniOzoneClusterImpl.java:lambda$waitForClusterToBeReady$0(216)) - Waiting for nodes to be ready. Got 5 of 6 DN Heartbeats.
2022-08-27 01:04:14,408 [Listener at 127.0.0.1/42729] INFO  ozone.MiniOzoneClusterImpl (MiniOzoneClusterImpl.java:lambda$waitForClusterToBeReady$0(219)) - Waiting for cluster to exit safe mode
2022-08-27 01:04:14,408 [Listener at 127.0.0.1/42729] INFO  ozone.MiniOzoneClusterImpl (MiniOzoneClusterImpl.java:lambda$waitForClusterToBeReady$0(221)) - SCM became leader
2022-08-27 01:04:14,411 [IPC Server handler 0 on default port 41777] INFO  net.NetworkTopologyImpl (NetworkTopologyImpl.java:add(112)) - Added a new node: /default-rack/47218c16-f2d5-4cf1-b4da-5ee36f49a8d8
2022-08-27 01:04:14,411 [IPC Server handler 0 on default port 41777] INFO  node.SCMNodeManager (SCMNodeManager.java:register(397)) - Registered Data node : 47218c16-f2d5-4cf1-b4da-5ee36f49a8d8{ip: 10.1.1.170, host: fv-az41-820.zje5jq5y5x4uznwvdkgxk4wc2h.cx.internal.cloudapp.net, ports: [REPLICATION=42559, RATIS=36037, RATIS_ADMIN=36037, RATIS_SERVER=36037, STANDALONE=34925], networkLocation: /default-rack, certSerialId: null, persistedOpState: null, persistedOpStateExpiryEpochSec: 0}
2022-08-27 01:04:14,411 [EventQueue-NewNodeForNewNodeHandler] INFO  pipeline.BackgroundPipelineCreator (BackgroundPipelineCreator.java:notifyEventTriggered(276)) - trigger a one-shot run on RatisPipelineUtilsThread.
2022-08-27 01:04:14,411 [RatisPipelineUtilsThread - 0] INFO  pipeline.RatisPipelineProvider (RatisPipelineProvider.java:lambda$create$0(195)) - Sending CreatePipelineCommand for pipeline:PipelineID=edbe0b6b-b49c-4d03-9e49-780276008167 to datanode:47218c16-f2d5-4cf1-b4da-5ee36f49a8d8
2022-08-27 01:04:14,412 [RatisPipelineUtilsThread - 0] INFO  pipeline.PipelineStateManagerImpl (PipelineStateManagerImpl.java:addPipeline(103)) - Created pipeline Pipeline[ Id: edbe0b6b-b49c-4d03-9e49-780276008167, Nodes: 47218c16-f2d5-4cf1-b4da-5ee36f49a8d8{ip: 10.1.1.170, host: fv-az41-820.zje5jq5y5x4uznwvdkgxk4wc2h.cx.internal.cloudapp.net, ports: [REPLICATION=42559, RATIS=36037, RATIS_ADMIN=36037, RATIS_SERVER=36037, STANDALONE=34925], networkLocation: /default-rack, certSerialId: null, persistedOpState: IN_SERVICE, persistedOpStateExpiryEpochSec: 0}, ReplicationConfig: RATIS/ONE, State:ALLOCATED, leaderId:, CreationTimestamp2022-08-27T01:04:14.411Z[Etc/UTC]].
2022-08-27 01:04:14,412 [RatisPipelineUtilsThread - 0] INFO  pipeline.RatisPipelineProvider (RatisPipelineProvider.java:lambda$create$0(195)) - Sending CreatePipelineCommand for pipeline:PipelineID=0e3cd51a-ef7e-47c8-8237-63c936d77af9 to datanode:10661b26-eda0-4e01-aa97-bfa554844a49
2022-08-27 01:04:14,413 [RatisPipelineUtilsThread - 0] INFO  pipeline.RatisPipelineProvider (RatisPipelineProvider.java:lambda$create$0(195)) - Sending CreatePipelineCommand for pipeline:PipelineID=0e3cd51a-ef7e-47c8-8237-63c936d77af9 to datanode:47218c16-f2d5-4cf1-b4da-5ee36f49a8d8
2022-08-27 01:04:14,413 [RatisPipelineUtilsThread - 0] INFO  pipeline.RatisPipelineProvider (RatisPipelineProvider.java:lambda$create$0(195)) - Sending CreatePipelineCommand for pipeline:PipelineID=0e3cd51a-ef7e-47c8-8237-63c936d77af9 to datanode:efe08b73-b8e1-4cbd-8d64-d052696c0c3d
2022-08-27 01:04:14,413 [RatisPipelineUtilsThread - 0] INFO  pipeline.PipelineStateManagerImpl (PipelineStateManagerImpl.java:addPipeline(103)) - Created pipeline Pipeline[ Id: 0e3cd51a-ef7e-47c8-8237-63c936d77af9, Nodes: 10661b26-eda0-4e01-aa97-bfa554844a49{ip: 10.1.1.170, host: fv-az41-820.zje5jq5y5x4uznwvdkgxk4wc2h.cx.internal.cloudapp.net, ports: [REPLICATION=39903, RATIS=44501, RATIS_ADMIN=44501, RATIS_SERVER=44501, STANDALONE=35217], networkLocation: /default-rack, certSerialId: null, persistedOpState: IN_SERVICE, persistedOpStateExpiryEpochSec: 0}47218c16-f2d5-4cf1-b4da-5ee36f49a8d8{ip: 10.1.1.170, host: fv-az41-820.zje5jq5y5x4uznwvdkgxk4wc2h.cx.internal.cloudapp.net, ports: [REPLICATION=42559, RATIS=36037, RATIS_ADMIN=36037, RATIS_SERVER=36037, STANDALONE=34925], networkLocation: /default-rack, certSerialId: null, persistedOpState: IN_SERVICE, persistedOpStateExpiryEpochSec: 0}efe08b73-b8e1-4cbd-8d64-d052696c0c3d{ip: 10.1.1.170, host: fv-az41-820.zje5jq5y5x4uznwvdkgxk4wc2h.cx.internal.cloudapp.net, ports: [REPLICATION=42871, RATIS=38497, RATIS_ADMIN=38497, RATIS_SERVER=38497, STANDALONE=44597], networkLocation: /default-rack, certSerialId: null, persistedOpState: IN_SERVICE, persistedOpStateExpiryEpochSec: 0}, ReplicationConfig: RATIS/THREE, State:ALLOCATED, leaderId:, CreationTimestamp2022-08-27T01:04:14.412Z[Etc/UTC]].
2022-08-27 01:04:15,251 [ReplicationMonitor] INFO  replication.ReplicationManager (ReplicationManager.java:processAll(255)) - Replication Manager is not ready to run until 3000ms after safemode exit
2022-08-27 01:04:15,408 [Listener at 127.0.0.1/42729] INFO  ozone.MiniOzoneClusterImpl (MiniOzoneClusterImpl.java:lambda$waitForClusterToBeReady$0(216)) - Nodes are ready. Got 6 of 6 DN Heartbeats.
2022-08-27 01:04:15,408 [Listener at 127.0.0.1/42729] INFO  ozone.MiniOzoneClusterImpl (MiniOzoneClusterImpl.java:lambda$waitForClusterToBeReady$0(219)) - Waiting for cluster to exit safe mode
2022-08-27 01:04:15,408 [Listener at 127.0.0.1/42729] INFO  ozone.MiniOzoneClusterImpl (MiniOzoneClusterImpl.java:lambda$waitForClusterToBeReady$0(221)) - SCM became leader
2022-08-27 01:04:15,701 [Command processor thread] INFO  server.RaftServer (RaftServerProxy.java:addNew(96)) - 2bc1abba-7388-4eaf-8abd-93bce01f8f00: addNew group-9F5166FAF68A:[2bc1abba-7388-4eaf-8abd-93bce01f8f00|rpc:10.1.1.170:41545|priority:1] returns group-9F5166FAF68A:java.util.concurrent.CompletableFuture@356241ef[Not completed]
2022-08-27 01:04:15,710 [pool-72-thread-1] INFO  server.RaftServer$Division (RaftServerImpl.java:<init>(190)) - 2bc1abba-7388-4eaf-8abd-93bce01f8f00: new RaftServerImpl for group-9F5166FAF68A:[2bc1abba-7388-4eaf-8abd-93bce01f8f00|rpc:10.1.1.170:41545|priority:1] with ContainerStateMachine:uninitialized
2022-08-27 01:04:15,711 [pool-72-thread-1] INFO  server.RaftServerConfigKeys (ConfUtils.java:logGet(46)) - raft.server.rpc.timeout.min = 5s (custom)
2022-08-27 01:04:15,711 [pool-72-thread-1] INFO  server.RaftServerConfigKeys (ConfUtils.java:logGet(46)) - raft.server.rpc.timeout.max = 5200ms (custom)
2022-08-27 01:04:15,711 [pool-72-thread-1] INFO  server.RaftServerConfigKeys (ConfUtils.java:logGet(46)) - raft.server.rpc.sleep.time = 25ms (default)
2022-08-27 01:04:15,711 [pool-72-thread-1] INFO  server.RaftServerConfigKeys (ConfUtils.java:logGet(46)) - raft.server.rpc.slowness.timeout = 300s (custom)
2022-08-27 01:04:15,711 [pool-72-thread-1] INFO  server.RaftServerConfigKeys (ConfUtils.java:logGet(46)) - raft.server.leaderelection.leader.step-down.wait-time = 10s (default)
2022-08-27 01:04:15,711 [pool-72-thread-1] INFO  server.RaftServerConfigKeys (ConfUtils.java:logGet(46)) - raft.server.sleep.deviation.threshold = 300ms (default)
2022-08-27 01:04:15,711 [pool-72-thread-1] INFO  server.RaftServer$Division (ServerState.java:<init>(107)) - 2bc1abba-7388-4eaf-8abd-93bce01f8f00@group-9F5166FAF68A: ConfigurationManager, init=-1: [2bc1abba-7388-4eaf-8abd-93bce01f8f00|rpc:10.1.1.170:41545|priority:1], old=null, confs=<EMPTY_MAP>
2022-08-27 01:04:15,711 [pool-72-thread-1] INFO  server.RaftServerConfigKeys (ConfUtils.java:logGet(46)) - raft.server.storage.dir = [/home/runner/work/ozone/ozone/hadoop-ozone/integration-test/target/test-dir/MiniOzoneClusterImpl-06e86dd3-d7df-4a2c-b8a6-272c25fd117f/datanode-0/data/ratis] (custom)
2022-08-27 01:04:15,711 [pool-72-thread-1] INFO  server.RaftServerConfigKeys (ConfUtils.java:logGet(46)) - raft.server.log.corruption.policy = EXCEPTION (default)
2022-08-27 01:04:15,711 [pool-72-thread-1] INFO  server.RaftServerConfigKeys (ConfUtils.java:logGet(46)) - raft.server.storage.free-space.min = 0MB (=0) (default)
2022-08-27 01:04:15,711 [pool-72-thread-1] INFO  storage.RaftStorageDirectory (RaftStorageDirectoryImpl.java:analyzeStorage(135)) - The storage directory /home/runner/work/ozone/ozone/hadoop-ozone/integration-test/target/test-dir/MiniOzoneClusterImpl-06e86dd3-d7df-4a2c-b8a6-272c25fd117f/datanode-0/data/ratis/3723358d-e86e-4014-af2f-9f5166faf68a does not exist. Creating ...
2022-08-27 01:04:15,713 [pool-72-thread-1] INFO  storage.RaftStorageDirectory (RaftStorageDirectoryImpl.java:tryLock(230)) - Lock on /home/runner/work/ozone/ozone/hadoop-ozone/integration-test/target/test-dir/MiniOzoneClusterImpl-06e86dd3-d7df-4a2c-b8a6-272c25fd117f/datanode-0/data/ratis/3723358d-e86e-4014-af2f-9f5166faf68a/in_use.lock acquired by nodename 21368@fv-az41-820
2022-08-27 01:04:15,714 [pool-72-thread-1] INFO  storage.RaftStorage (RaftStorageImpl.java:format(89)) - Storage directory /home/runner/work/ozone/ozone/hadoop-ozone/integration-test/target/test-dir/MiniOzoneClusterImpl-06e86dd3-d7df-4a2c-b8a6-272c25fd117f/datanode-0/data/ratis/3723358d-e86e-4014-af2f-9f5166faf68a has been successfully formatted.
2022-08-27 01:04:15,715 [pool-72-thread-1] INFO  ratis.ContainerStateMachine (ContainerStateMachine.java:loadSnapshot(236)) - group-9F5166FAF68A: The snapshot info is null. Setting the last applied indexto:(t:0, i:~)
2022-08-27 01:04:15,715 [pool-72-thread-1] INFO  server.RaftServerConfigKeys (ConfUtils.java:logGet(46)) - raft.server.notification.no-leader.timeout = 300s (custom)
2022-08-27 01:04:15,716 [pool-72-thread-1] INFO  server.RaftServerConfigKeys (ConfUtils.java:logGet(46)) - raft.server.log.use.memory = false (default)
2022-08-27 01:04:15,716 [pool-72-thread-1] INFO  server.RaftServerConfigKeys (ConfUtils.java:logGet(46)) - raft.server.log.purge.gap = 1000000 (custom)
2022-08-27 01:04:15,716 [pool-72-thread-1] INFO  server.RaftServerConfigKeys (ConfUtils.java:logGet(46)) - raft.server.log.appender.buffer.byte-limit = 33554432 (custom)
2022-08-27 01:04:15,716 [pool-72-thread-1] INFO  server.RaftServerConfigKeys (ConfUtils.java:logGet(46)) - raft.server.log.statemachine.data.read.timeout = 1000ms (default)
2022-08-27 01:04:15,716 [pool-72-thread-1] INFO  server.RaftServerConfigKeys (ConfUtils.java:logGet(46)) - raft.server.log.segment.size.max = 1048576 (custom)
2022-08-27 01:04:15,717 [pool-72-thread-1] INFO  server.RaftServerConfigKeys (ConfUtils.java:logGet(46)) - raft.server.log.segment.cache.num.max = 2 (custom)
2022-08-27 01:04:15,717 [pool-72-thread-1] INFO  server.RaftServerConfigKeys (ConfUtils.java:logGet(46)) - raft.server.log.segment.cache.size.max = 200MB (=209715200) (default)
2022-08-27 01:04:15,717 [pool-72-thread-1] INFO  segmented.SegmentedRaftLogWorker (SegmentedRaftLogWorker.java:<init>(187)) - new 2bc1abba-7388-4eaf-8abd-93bce01f8f00@group-9F5166FAF68A-SegmentedRaftLogWorker for RaftStorageImpl:Storage Directory /home/runner/work/ozone/ozone/hadoop-ozone/integration-test/target/test-dir/MiniOzoneClusterImpl-06e86dd3-d7df-4a2c-b8a6-272c25fd117f/datanode-0/data/ratis/3723358d-e86e-4014-af2f-9f5166faf68a
2022-08-27 01:04:15,717 [pool-72-thread-1] INFO  server.RaftServerConfigKeys (ConfUtils.java:logGet(46)) - raft.server.log.queue.byte-limit = 4294967296 (custom)
2022-08-27 01:04:15,717 [pool-72-thread-1] INFO  server.RaftServerConfigKeys (ConfUtils.java:logGet(46)) - raft.server.log.queue.element-limit = 1024 (custom)
2022-08-27 01:04:15,718 [pool-72-thread-1] INFO  server.RaftServerConfigKeys (ConfUtils.java:logGet(46)) - raft.server.log.segment.size.max = 1048576 (custom)
2022-08-27 01:04:15,718 [pool-72-thread-1] INFO  server.RaftServerConfigKeys (ConfUtils.java:logGet(46)) - raft.server.log.preallocated.size = 16384 (custom)
2022-08-27 01:04:15,718 [pool-72-thread-1] INFO  server.RaftServerConfigKeys (ConfUtils.java:logGet(46)) - raft.server.log.force.sync.num = 128 (default)
2022-08-27 01:04:15,718 [EventQueue-PipelineReportForPipelineReportHandler] INFO  pipeline.PipelineManagerImpl (PipelineManagerImpl.java:openPipeline(367)) - Pipeline Pipeline[ Id: 3723358d-e86e-4014-af2f-9f5166faf68a, Nodes: 2bc1abba-7388-4eaf-8abd-93bce01f8f00{ip: 10.1.1.170, host: fv-az41-820.zje5jq5y5x4uznwvdkgxk4wc2h.cx.internal.cloudapp.net, ports: [REPLICATION=38427, RATIS=41545, RATIS_ADMIN=41545, RATIS_SERVER=41545, STANDALONE=42701], networkLocation: /default-rack, certSerialId: null, persistedOpState: IN_SERVICE, persistedOpStateExpiryEpochSec: 0}, ReplicationConfig: RATIS/ONE, State:ALLOCATED, leaderId:2bc1abba-7388-4eaf-8abd-93bce01f8f00, CreationTimestamp2022-08-27T01:04:12.694Z[Etc/UTC]] moved to OPEN state
2022-08-27 01:04:15,718 [pool-72-thread-1] INFO  server.RaftServerConfigKeys (ConfUtils.java:logGet(46)) - raft.server.log.statemachine.data.sync = true (default)
2022-08-27 01:04:15,718 [pool-72-thread-1] INFO  server.RaftServerConfigKeys (ConfUtils.java:logGet(46)) - raft.server.log.statemachine.data.sync.timeout = 10s (default)
2022-08-27 01:04:15,718 [pool-72-thread-1] INFO  server.RaftServerConfigKeys (ConfUtils.java:logGet(46)) - raft.server.log.statemachine.data.sync.timeout.retry = -1 (default)
2022-08-27 01:04:15,721 [EventQueue-OpenPipelineForHealthyPipelineSafeModeRule] INFO  safemode.SCMSafeModeManager (HealthyPipelineSafeModeRule.java:process(137)) - SCM in safe mode. Healthy pipelines reported count is 0, required healthy pipeline reported count is 1
2022-08-27 01:04:15,723 [pool-72-thread-1] INFO  server.RaftServerConfigKeys (ConfUtils.java:logGet(46)) - raft.server.log.write.buffer.size = 1048576 (custom)
2022-08-27 01:04:15,723 [pool-72-thread-1] INFO  server.RaftServerConfigKeys (ConfUtils.java:logGet(46)) - raft.server.log.unsafe-flush.enabled = false (default)
2022-08-27 01:04:15,723 [pool-72-thread-1] INFO  server.RaftServerConfigKeys (ConfUtils.java:logGet(46)) - raft.server.log.statemachine.data.caching.enabled = true (custom)
2022-08-27 01:04:15,724 [pool-72-thread-1] INFO  segmented.SegmentedRaftLogWorker (SegmentedRaftLogWorker.java:lambda$new$0(135)) - 2bc1abba-7388-4eaf-8abd-93bce01f8f00@group-9F5166FAF68A-SegmentedRaftLogWorker: flushIndex: setUnconditionally 0 -> -1
2022-08-27 01:04:15,724 [pool-72-thread-1] INFO  segmented.SegmentedRaftLogWorker (SegmentedRaftLogWorker.java:lambda$new$0(135)) - 2bc1abba-7388-4eaf-8abd-93bce01f8f00@group-9F5166FAF68A-SegmentedRaftLogWorker: safeCacheEvictIndex: setUnconditionally 0 -> -1
2022-08-27 01:04:15,724 [pool-72-thread-1] INFO  server.RaftServerConfigKeys (ConfUtils.java:logGet(46)) - raft.server.snapshot.auto.trigger.enabled = true (custom)
2022-08-27 01:04:15,724 [pool-72-thread-1] INFO  server.RaftServerConfigKeys (ConfUtils.java:logGet(46)) - raft.server.snapshot.auto.trigger.threshold = 10000 (custom)
2022-08-27 01:04:15,724 [pool-72-thread-1] INFO  server.RaftServerConfigKeys (ConfUtils.java:logGet(46)) - raft.server.snapshot.retention.file.num = 5 (custom)
2022-08-27 01:04:15,724 [pool-72-thread-1] INFO  server.RaftServerConfigKeys (ConfUtils.java:logGet(46)) - raft.server.log.purge.upto.snapshot.index = false (default)
2022-08-27 01:04:15,724 [pool-72-thread-1] INFO  server.RaftServerConfigKeys (ConfUtils.java:logGet(46)) - raft.server.retrycache.expirytime = 600000ms (custom)
2022-08-27 01:04:15,724 [pool-72-thread-1] INFO  server.RaftServerConfigKeys (ConfUtils.java:logGet(46)) - raft.server.retrycache.statistics.expirytime = 100μs (default)
2022-08-27 01:04:15,727 [pool-72-thread-1] INFO  server.RaftServerConfigKeys (ConfUtils.java:logGet(46)) - raft.server.log.appender.install.snapshot.enabled = false (custom)
2022-08-27 01:04:15,727 [pool-72-thread-1] INFO  server.RaftServerConfigKeys (ConfUtils.java:logGet(46)) - raft.server.threadpool.server.cached = true (default)
2022-08-27 01:04:15,727 [pool-72-thread-1] INFO  server.RaftServerConfigKeys (ConfUtils.java:logGet(46)) - raft.server.threadpool.server.size = 0 (default)
2022-08-27 01:04:15,727 [pool-72-thread-1] INFO  server.RaftServerConfigKeys (ConfUtils.java:logGet(46)) - raft.server.threadpool.client.cached = true (default)
2022-08-27 01:04:15,727 [pool-72-thread-1] INFO  server.RaftServerConfigKeys (ConfUtils.java:logGet(46)) - raft.server.threadpool.client.size = 0 (default)
2022-08-27 01:04:15,727 [pool-72-thread-1] INFO  server.RaftServer$Division (RaftServerImpl.java:start(310)) - 2bc1abba-7388-4eaf-8abd-93bce01f8f00@group-9F5166FAF68A: start as a follower, conf=-1: [2bc1abba-7388-4eaf-8abd-93bce01f8f00|rpc:10.1.1.170:41545|priority:1], old=null
2022-08-27 01:04:15,727 [pool-72-thread-1] INFO  server.RaftServer$Division (RaftServerImpl.java:setRole(299)) - 2bc1abba-7388-4eaf-8abd-93bce01f8f00@group-9F5166FAF68A: changes role from      null to FOLLOWER at term 0 for startAsFollower
2022-08-27 01:04:15,727 [pool-72-thread-1] INFO  impl.RoleInfo (RoleInfo.java:updateAndGet(139)) - 2bc1abba-7388-4eaf-8abd-93bce01f8f00: start 2bc1abba-7388-4eaf-8abd-93bce01f8f00@group-9F5166FAF68A-FollowerState
2022-08-27 01:04:15,727 [pool-72-thread-1] INFO  util.JmxRegister (JmxRegister.java:tryRegister(44)) - Successfully registered JMX Bean with object name Ratis:service=RaftServer,group=group-9F5166FAF68A,id=2bc1abba-7388-4eaf-8abd-93bce01f8f00
2022-08-27 01:04:15,739 [Command processor thread] INFO  ratis.XceiverServerRatis (XceiverServerRatis.java:addGroup(765)) - Created group PipelineID=3723358d-e86e-4014-af2f-9f5166faf68a
2022-08-27 01:04:15,739 [Command processor thread] INFO  commandhandler.CreatePipelineCommandHandler (CreatePipelineCommandHandler.java:handle(113)) - Created Pipeline RATIS ONE PipelineID=3723358d-e86e-4014-af2f-9f5166faf68a.
2022-08-27 01:04:15,739 [Command processor thread] INFO  server.RaftServer (RaftServerProxy.java:addNew(96)) - 2bc1abba-7388-4eaf-8abd-93bce01f8f00: addNew group-692D3A8F63C1:[05d44c0e-1782-4690-a3a2-3f7220b81a92|rpc:10.1.1.170:38247|priority:0, 2bc1abba-7388-4eaf-8abd-93bce01f8f00|rpc:10.1.1.170:41545|priority:1, dfcf168e-5082-4f01-a2db-1567ea82e82e|rpc:10.1.1.170:43507|priority:0] returns group-692D3A8F63C1:java.util.concurrent.CompletableFuture@de04f5[Not completed]
2022-08-27 01:04:15,742 [pool-72-thread-1] INFO  server.RaftServer$Division (RaftServerImpl.java:<init>(190)) - 2bc1abba-7388-4eaf-8abd-93bce01f8f00: new RaftServerImpl for group-692D3A8F63C1:[05d44c0e-1782-4690-a3a2-3f7220b81a92|rpc:10.1.1.170:38247|priority:0, 2bc1abba-7388-4eaf-8abd-93bce01f8f00|rpc:10.1.1.170:41545|priority:1, dfcf168e-5082-4f01-a2db-1567ea82e82e|rpc:10.1.1.170:43507|priority:0] with ContainerStateMachine:uninitialized
2022-08-27 01:04:15,742 [pool-72-thread-1] INFO  server.RaftServerConfigKeys (ConfUtils.java:logGet(46)) - raft.server.rpc.timeout.min = 5s (custom)
2022-08-27 01:04:15,742 [pool-72-thread-1] INFO  server.RaftServerConfigKeys (ConfUtils.java:logGet(46)) - raft.server.rpc.timeout.max = 5200ms (custom)
2022-08-27 01:04:15,742 [pool-72-thread-1] INFO  server.RaftServerConfigKeys (ConfUtils.java:logGet(46)) - raft.server.rpc.sleep.time = 25ms (default)
2022-08-27 01:04:15,742 [pool-72-thread-1] INFO  server.RaftServerConfigKeys (ConfUtils.java:logGet(46)) - raft.server.rpc.slowness.timeout = 300s (custom)
2022-08-27 01:04:15,742 [pool-72-thread-1] INFO  server.RaftServerConfigKeys (ConfUtils.java:logGet(46)) - raft.server.leaderelection.leader.step-down.wait-time = 10s (default)
2022-08-27 01:04:15,742 [pool-72-thread-1] INFO  server.RaftServerConfigKeys (ConfUtils.java:logGet(46)) - raft.server.sleep.deviation.threshold = 300ms (default)
2022-08-27 01:04:15,743 [pool-72-thread-1] INFO  server.RaftServer$Division (ServerState.java:<init>(107)) - 2bc1abba-7388-4eaf-8abd-93bce01f8f00@group-692D3A8F63C1: ConfigurationManager, init=-1: [05d44c0e-1782-4690-a3a2-3f7220b81a92|rpc:10.1.1.170:38247|priority:0, 2bc1abba-7388-4eaf-8abd-93bce01f8f00|rpc:10.1.1.170:41545|priority:1, dfcf168e-5082-4f01-a2db-1567ea82e82e|rpc:10.1.1.170:43507|priority:0], old=null, confs=<EMPTY_MAP>
2022-08-27 01:04:15,743 [pool-72-thread-1] INFO  server.RaftServerConfigKeys (ConfUtils.java:logGet(46)) - raft.server.storage.dir = [/home/runner/work/ozone/ozone/hadoop-ozone/integration-test/target/test-dir/MiniOzoneClusterImpl-06e86dd3-d7df-4a2c-b8a6-272c25fd117f/datanode-0/data/ratis] (custom)
2022-08-27 01:04:15,743 [pool-72-thread-1] INFO  server.RaftServerConfigKeys (ConfUtils.java:logGet(46)) - raft.server.log.corruption.policy = EXCEPTION (default)
2022-08-27 01:04:15,743 [pool-72-thread-1] INFO  server.RaftServerConfigKeys (ConfUtils.java:logGet(46)) - raft.server.storage.free-space.min = 0MB (=0) (default)
2022-08-27 01:04:15,743 [pool-72-thread-1] INFO  storage.RaftStorageDirectory (RaftStorageDirectoryImpl.java:analyzeStorage(135)) - The storage directory /home/runner/work/ozone/ozone/hadoop-ozone/integration-test/target/test-dir/MiniOzoneClusterImpl-06e86dd3-d7df-4a2c-b8a6-272c25fd117f/datanode-0/data/ratis/3e0d5a98-0446-4e8d-acc1-692d3a8f63c1 does not exist. Creating ...
2022-08-27 01:04:15,744 [pool-72-thread-1] INFO  storage.RaftStorageDirectory (RaftStorageDirectoryImpl.java:tryLock(230)) - Lock on /home/runner/work/ozone/ozone/hadoop-ozone/integration-test/target/test-dir/MiniOzoneClusterImpl-06e86dd3-d7df-4a2c-b8a6-272c25fd117f/datanode-0/data/ratis/3e0d5a98-0446-4e8d-acc1-692d3a8f63c1/in_use.lock acquired by nodename 21368@fv-az41-820
2022-08-27 01:04:15,746 [pool-72-thread-1] INFO  storage.RaftStorage (RaftStorageImpl.java:format(89)) - Storage directory /home/runner/work/ozone/ozone/hadoop-ozone/integration-test/target/test-dir/MiniOzoneClusterImpl-06e86dd3-d7df-4a2c-b8a6-272c25fd117f/datanode-0/data/ratis/3e0d5a98-0446-4e8d-acc1-692d3a8f63c1 has been successfully formatted.
2022-08-27 01:04:15,746 [pool-72-thread-1] INFO  ratis.ContainerStateMachine (ContainerStateMachine.java:loadSnapshot(236)) - group-692D3A8F63C1: The snapshot info is null. Setting the last applied indexto:(t:0, i:~)
2022-08-27 01:04:15,746 [pool-72-thread-1] INFO  server.RaftServerConfigKeys (ConfUtils.java:logGet(46)) - raft.server.notification.no-leader.timeout = 300s (custom)
2022-08-27 01:04:15,746 [pool-72-thread-1] INFO  server.RaftServerConfigKeys (ConfUtils.java:logGet(46)) - raft.server.log.use.memory = false (default)
2022-08-27 01:04:15,746 [pool-72-thread-1] INFO  server.RaftServerConfigKeys (ConfUtils.java:logGet(46)) - raft.server.log.purge.gap = 1000000 (custom)
2022-08-27 01:04:15,746 [pool-72-thread-1] INFO  server.RaftServerConfigKeys (ConfUtils.java:logGet(46)) - raft.server.log.appender.buffer.byte-limit = 33554432 (custom)
2022-08-27 01:04:15,747 [pool-72-thread-1] INFO  server.RaftServerConfigKeys (ConfUtils.java:logGet(46)) - raft.server.log.statemachine.data.read.timeout = 1000ms (default)
2022-08-27 01:04:15,754 [pool-72-thread-1] INFO  server.RaftServerConfigKeys (ConfUtils.java:logGet(46)) - raft.server.log.segment.size.max = 1048576 (custom)
2022-08-27 01:04:15,754 [pool-72-thread-1] INFO  server.RaftServerConfigKeys (ConfUtils.java:logGet(46)) - raft.server.log.segment.cache.num.max = 2 (custom)
2022-08-27 01:04:15,754 [pool-72-thread-1] INFO  server.RaftServerConfigKeys (ConfUtils.java:logGet(46)) - raft.server.log.segment.cache.size.max = 200MB (=209715200) (default)
2022-08-27 01:04:15,754 [pool-72-thread-1] INFO  segmented.SegmentedRaftLogWorker (SegmentedRaftLogWorker.java:<init>(187)) - new 2bc1abba-7388-4eaf-8abd-93bce01f8f00@group-692D3A8F63C1-SegmentedRaftLogWorker for RaftStorageImpl:Storage Directory /home/runner/work/ozone/ozone/hadoop-ozone/integration-test/target/test-dir/MiniOzoneClusterImpl-06e86dd3-d7df-4a2c-b8a6-272c25fd117f/datanode-0/data/ratis/3e0d5a98-0446-4e8d-acc1-692d3a8f63c1
2022-08-27 01:04:15,754 [pool-72-thread-1] INFO  server.RaftServerConfigKeys (ConfUtils.java:logGet(46)) - raft.server.log.queue.byte-limit = 4294967296 (custom)
2022-08-27 01:04:15,755 [pool-72-thread-1] INFO  server.RaftServerConfigKeys (ConfUtils.java:logGet(46)) - raft.server.log.queue.element-limit = 1024 (custom)
2022-08-27 01:04:15,755 [pool-72-thread-1] INFO  server.RaftServerConfigKeys (ConfUtils.java:logGet(46)) - raft.server.log.segment.size.max = 1048576 (custom)
2022-08-27 01:04:15,755 [pool-72-thread-1] INFO  server.RaftServerConfigKeys (ConfUtils.java:logGet(46)) - raft.server.log.preallocated.size = 16384 (custom)
2022-08-27 01:04:15,755 [pool-72-thread-1] INFO  server.RaftServerConfigKeys (ConfUtils.java:logGet(46)) - raft.server.log.force.sync.num = 128 (default)
2022-08-27 01:04:15,755 [pool-72-thread-1] INFO  server.RaftServerConfigKeys (ConfUtils.java:logGet(46)) - raft.server.log.statemachine.data.sync = true (default)
2022-08-27 01:04:15,755 [pool-72-thread-1] INFO  server.RaftServerConfigKeys (ConfUtils.java:logGet(46)) - raft.server.log.statemachine.data.sync.timeout = 10s (default)
2022-08-27 01:04:15,755 [pool-72-thread-1] INFO  server.RaftServerConfigKeys (ConfUtils.java:logGet(46)) - raft.server.log.statemachine.data.sync.timeout.retry = -1 (default)
2022-08-27 01:04:15,757 [pool-72-thread-1] INFO  server.RaftServerConfigKeys (ConfUtils.java:logGet(46)) - raft.server.log.write.buffer.size = 1048576 (custom)
2022-08-27 01:04:15,757 [pool-72-thread-1] INFO  server.RaftServerConfigKeys (ConfUtils.java:logGet(46)) - raft.server.log.unsafe-flush.enabled = false (default)
2022-08-27 01:04:15,757 [pool-72-thread-1] INFO  server.RaftServerConfigKeys (ConfUtils.java:logGet(46)) - raft.server.log.statemachine.data.caching.enabled = true (custom)
2022-08-27 01:04:15,758 [EventQueue-OpenPipelineForHealthyPipelineSafeModeRule] INFO  safemode.SCMSafeModeManager (HealthyPipelineSafeModeRule.java:process(137)) - SCM in safe mode. Healthy pipelines reported count is 0, required healthy pipeline reported count is 1
2022-08-27 01:04:15,758 [pool-72-thread-1] INFO  segmented.SegmentedRaftLogWorker (SegmentedRaftLogWorker.java:lambda$new$0(135)) - 2bc1abba-7388-4eaf-8abd-93bce01f8f00@group-692D3A8F63C1-SegmentedRaftLogWorker: flushIndex: setUnconditionally 0 -> -1
2022-08-27 01:04:15,758 [pool-72-thread-1] INFO  segmented.SegmentedRaftLogWorker (SegmentedRaftLogWorker.java:lambda$new$0(135)) - 2bc1abba-7388-4eaf-8abd-93bce01f8f00@group-692D3A8F63C1-SegmentedRaftLogWorker: safeCacheEvictIndex: setUnconditionally 0 -> -1
2022-08-27 01:04:15,758 [pool-72-thread-1] INFO  server.RaftServerConfigKeys (ConfUtils.java:logGet(46)) - raft.server.snapshot.auto.trigger.enabled = true (custom)
2022-08-27 01:04:15,758 [pool-72-thread-1] INFO  server.RaftServerConfigKeys (ConfUtils.java:logGet(46)) - raft.server.snapshot.auto.trigger.threshold = 10000 (custom)
2022-08-27 01:04:15,758 [pool-72-thread-1] INFO  server.RaftServerConfigKeys (ConfUtils.java:logGet(46)) - raft.server.snapshot.retention.file.num = 5 (custom)
2022-08-27 01:04:15,758 [pool-72-thread-1] INFO  server.RaftServerConfigKeys (ConfUtils.java:logGet(46)) - raft.server.log.purge.upto.snapshot.index = false (default)
2022-08-27 01:04:15,758 [pool-72-thread-1] INFO  server.RaftServerConfigKeys (ConfUtils.java:logGet(46)) - raft.server.retrycache.expirytime = 600000ms (custom)
2022-08-27 01:04:15,758 [pool-72-thread-1] INFO  server.RaftServerConfigKeys (ConfUtils.java:logGet(46)) - raft.server.retrycache.statistics.expirytime = 100μs (default)
2022-08-27 01:04:15,760 [pool-72-thread-1] INFO  server.RaftServerConfigKeys (ConfUtils.java:logGet(46)) - raft.server.log.appender.install.snapshot.enabled = false (custom)
2022-08-27 01:04:15,760 [pool-72-thread-1] INFO  server.RaftServerConfigKeys (ConfUtils.java:logGet(46)) - raft.server.threadpool.server.cached = true (default)
2022-08-27 01:04:15,760 [pool-72-thread-1] INFO  server.RaftServerConfigKeys (ConfUtils.java:logGet(46)) - raft.server.threadpool.server.size = 0 (default)
2022-08-27 01:04:15,761 [pool-72-thread-1] INFO  server.RaftServerConfigKeys (ConfUtils.java:logGet(46)) - raft.server.threadpool.client.cached = true (default)
2022-08-27 01:04:15,761 [pool-72-thread-1] INFO  server.RaftServerConfigKeys (ConfUtils.java:logGet(46)) - raft.server.threadpool.client.size = 0 (default)
2022-08-27 01:04:15,761 [pool-72-thread-1] INFO  server.RaftServer$Division (RaftServerImpl.java:start(310)) - 2bc1abba-7388-4eaf-8abd-93bce01f8f00@group-692D3A8F63C1: start as a follower, conf=-1: [05d44c0e-1782-4690-a3a2-3f7220b81a92|rpc:10.1.1.170:38247|priority:0, 2bc1abba-7388-4eaf-8abd-93bce01f8f00|rpc:10.1.1.170:41545|priority:1, dfcf168e-5082-4f01-a2db-1567ea82e82e|rpc:10.1.1.170:43507|priority:0], old=null
2022-08-27 01:04:15,761 [pool-72-thread-1] INFO  server.RaftServer$Division (RaftServerImpl.java:setRole(299)) - 2bc1abba-7388-4eaf-8abd-93bce01f8f00@group-692D3A8F63C1: changes role from      null to FOLLOWER at term 0 for startAsFollower
2022-08-27 01:04:15,761 [pool-72-thread-1] INFO  impl.RoleInfo (RoleInfo.java:updateAndGet(139)) - 2bc1abba-7388-4eaf-8abd-93bce01f8f00: start 2bc1abba-7388-4eaf-8abd-93bce01f8f00@group-692D3A8F63C1-FollowerState
2022-08-27 01:04:15,761 [pool-72-thread-1] INFO  util.JmxRegister (JmxRegister.java:tryRegister(44)) - Successfully registered JMX Bean with object name Ratis:service=RaftServer,group=group-692D3A8F63C1,id=2bc1abba-7388-4eaf-8abd-93bce01f8f00
2022-08-27 01:04:15,762 [Command processor thread] INFO  ratis.XceiverServerRatis (XceiverServerRatis.java:addGroup(765)) - Created group PipelineID=3e0d5a98-0446-4e8d-acc1-692d3a8f63c1
2022-08-27 01:04:16,099 [Command processor thread] INFO  server.RaftServer (RaftServerProxy.java:addNew(96)) - 05d44c0e-1782-4690-a3a2-3f7220b81a92: addNew group-A229AC14321E:[05d44c0e-1782-4690-a3a2-3f7220b81a92|rpc:10.1.1.170:38247|priority:1] returns group-A229AC14321E:java.util.concurrent.CompletableFuture@39a40de8[Not completed]
2022-08-27 01:04:16,107 [pool-95-thread-1] INFO  server.RaftServer$Division (RaftServerImpl.java:<init>(190)) - 05d44c0e-1782-4690-a3a2-3f7220b81a92: new RaftServerImpl for group-A229AC14321E:[05d44c0e-1782-4690-a3a2-3f7220b81a92|rpc:10.1.1.170:38247|priority:1] with ContainerStateMachine:uninitialized
2022-08-27 01:04:16,107 [pool-95-thread-1] INFO  server.RaftServerConfigKeys (ConfUtils.java:logGet(46)) - raft.server.rpc.timeout.min = 5s (custom)
2022-08-27 01:04:16,107 [pool-95-thread-1] INFO  server.RaftServerConfigKeys (ConfUtils.java:logGet(46)) - raft.server.rpc.timeout.max = 5200ms (custom)
2022-08-27 01:04:16,108 [pool-95-thread-1] INFO  server.RaftServerConfigKeys (ConfUtils.java:logGet(46)) - raft.server.rpc.sleep.time = 25ms (default)
2022-08-27 01:04:16,108 [pool-95-thread-1] INFO  server.RaftServerConfigKeys (ConfUtils.java:logGet(46)) - raft.server.rpc.slowness.timeout = 300s (custom)
2022-08-27 01:04:16,108 [pool-95-thread-1] INFO  server.RaftServerConfigKeys (ConfUtils.java:logGet(46)) - raft.server.leaderelection.leader.step-down.wait-time = 10s (default)
2022-08-27 01:04:16,108 [pool-95-thread-1] INFO  server.RaftServerConfigKeys (ConfUtils.java:logGet(46)) - raft.server.sleep.deviation.threshold = 300ms (default)
2022-08-27 01:04:16,108 [pool-95-thread-1] INFO  server.RaftServer$Division (ServerState.java:<init>(107)) - 05d44c0e-1782-4690-a3a2-3f7220b81a92@group-A229AC14321E: ConfigurationManager, init=-1: [05d44c0e-1782-4690-a3a2-3f7220b81a92|rpc:10.1.1.170:38247|priority:1], old=null, confs=<EMPTY_MAP>
2022-08-27 01:04:16,108 [pool-95-thread-1] INFO  server.RaftServerConfigKeys (ConfUtils.java:logGet(46)) - raft.server.storage.dir = [/home/runner/work/ozone/ozone/hadoop-ozone/integration-test/target/test-dir/MiniOzoneClusterImpl-06e86dd3-d7df-4a2c-b8a6-272c25fd117f/datanode-1/data/ratis] (custom)
2022-08-27 01:04:16,108 [pool-95-thread-1] INFO  server.RaftServerConfigKeys (ConfUtils.java:logGet(46)) - raft.server.log.corruption.policy = EXCEPTION (default)
2022-08-27 01:04:16,108 [pool-95-thread-1] INFO  server.RaftServerConfigKeys (ConfUtils.java:logGet(46)) - raft.server.storage.free-space.min = 0MB (=0) (default)
2022-08-27 01:04:16,108 [pool-95-thread-1] INFO  storage.RaftStorageDirectory (RaftStorageDirectoryImpl.java:analyzeStorage(135)) - The storage directory /home/runner/work/ozone/ozone/hadoop-ozone/integration-test/target/test-dir/MiniOzoneClusterImpl-06e86dd3-d7df-4a2c-b8a6-272c25fd117f/datanode-1/data/ratis/084f06b4-9d17-4fb5-a8e1-a229ac14321e does not exist. Creating ...
2022-08-27 01:04:16,114 [pool-95-thread-1] INFO  storage.RaftStorageDirectory (RaftStorageDirectoryImpl.java:tryLock(230)) - Lock on /home/runner/work/ozone/ozone/hadoop-ozone/integration-test/target/test-dir/MiniOzoneClusterImpl-06e86dd3-d7df-4a2c-b8a6-272c25fd117f/datanode-1/data/ratis/084f06b4-9d17-4fb5-a8e1-a229ac14321e/in_use.lock acquired by nodename 21368@fv-az41-820
2022-08-27 01:04:16,118 [pool-95-thread-1] INFO  storage.RaftStorage (RaftStorageImpl.java:format(89)) - Storage directory /home/runner/work/ozone/ozone/hadoop-ozone/integration-test/target/test-dir/MiniOzoneClusterImpl-06e86dd3-d7df-4a2c-b8a6-272c25fd117f/datanode-1/data/ratis/084f06b4-9d17-4fb5-a8e1-a229ac14321e has been successfully formatted.
2022-08-27 01:04:16,118 [pool-95-thread-1] INFO  ratis.ContainerStateMachine (ContainerStateMachine.java:loadSnapshot(236)) - group-A229AC14321E: The snapshot info is null. Setting the last applied indexto:(t:0, i:~)
2022-08-27 01:04:16,122 [pool-95-thread-1] INFO  server.RaftServerConfigKeys (ConfUtils.java:logGet(46)) - raft.server.notification.no-leader.timeout = 300s (custom)
2022-08-27 01:04:16,122 [EventQueue-PipelineReportForPipelineReportHandler] INFO  pipeline.PipelineManagerImpl (PipelineManagerImpl.java:openPipeline(367)) - Pipeline Pipeline[ Id: 084f06b4-9d17-4fb5-a8e1-a229ac14321e, Nodes: 05d44c0e-1782-4690-a3a2-3f7220b81a92{ip: 10.1.1.170, host: fv-az41-820.zje5jq5y5x4uznwvdkgxk4wc2h.cx.internal.cloudapp.net, ports: [REPLICATION=42307, RATIS=38247, RATIS_ADMIN=38247, RATIS_SERVER=38247, STANDALONE=35439], networkLocation: /default-rack, certSerialId: null, persistedOpState: IN_SERVICE, persistedOpStateExpiryEpochSec: 0}, ReplicationConfig: RATIS/ONE, State:ALLOCATED, leaderId:05d44c0e-1782-4690-a3a2-3f7220b81a92, CreationTimestamp2022-08-27T01:04:13.100Z[Etc/UTC]] moved to OPEN state
2022-08-27 01:04:16,125 [EventQueue-OpenPipelineForHealthyPipelineSafeModeRule] INFO  safemode.SCMSafeModeManager (HealthyPipelineSafeModeRule.java:process(137)) - SCM in safe mode. Healthy pipelines reported count is 0, required healthy pipeline reported count is 1
2022-08-27 01:04:16,125 [pool-95-thread-1] INFO  server.RaftServerConfigKeys (ConfUtils.java:logGet(46)) - raft.server.log.use.memory = false (default)
2022-08-27 01:04:16,130 [pool-95-thread-1] INFO  server.RaftServerConfigKeys (ConfUtils.java:logGet(46)) - raft.server.log.purge.gap = 1000000 (custom)
2022-08-27 01:04:16,130 [pool-95-thread-1] INFO  server.RaftServerConfigKeys (ConfUtils.java:logGet(46)) - raft.server.log.appender.buffer.byte-limit = 33554432 (custom)
2022-08-27 01:04:16,130 [pool-95-thread-1] INFO  server.RaftServerConfigKeys (ConfUtils.java:logGet(46)) - raft.server.log.statemachine.data.read.timeout = 1000ms (default)
2022-08-27 01:04:16,130 [pool-95-thread-1] INFO  server.RaftServerConfigKeys (ConfUtils.java:logGet(46)) - raft.server.log.segment.size.max = 1048576 (custom)
2022-08-27 01:04:16,131 [pool-95-thread-1] INFO  server.RaftServerConfigKeys (ConfUtils.java:logGet(46)) - raft.server.log.segment.cache.num.max = 2 (custom)
2022-08-27 01:04:16,131 [pool-95-thread-1] INFO  server.RaftServerConfigKeys (ConfUtils.java:logGet(46)) - raft.server.log.segment.cache.size.max = 200MB (=209715200) (default)
2022-08-27 01:04:16,131 [pool-95-thread-1] INFO  segmented.SegmentedRaftLogWorker (SegmentedRaftLogWorker.java:<init>(187)) - new 05d44c0e-1782-4690-a3a2-3f7220b81a92@group-A229AC14321E-SegmentedRaftLogWorker for RaftStorageImpl:Storage Directory /home/runner/work/ozone/ozone/hadoop-ozone/integration-test/target/test-dir/MiniOzoneClusterImpl-06e86dd3-d7df-4a2c-b8a6-272c25fd117f/datanode-1/data/ratis/084f06b4-9d17-4fb5-a8e1-a229ac14321e
2022-08-27 01:04:16,131 [pool-95-thread-1] INFO  server.RaftServerConfigKeys (ConfUtils.java:logGet(46)) - raft.server.log.queue.byte-limit = 4294967296 (custom)
2022-08-27 01:04:16,131 [pool-95-thread-1] INFO  server.RaftServerConfigKeys (ConfUtils.java:logGet(46)) - raft.server.log.queue.element-limit = 1024 (custom)
2022-08-27 01:04:16,131 [pool-95-thread-1] INFO  server.RaftServerConfigKeys (ConfUtils.java:logGet(46)) - raft.server.log.segment.size.max = 1048576 (custom)
2022-08-27 01:04:16,131 [pool-95-thread-1] INFO  server.RaftServerConfigKeys (ConfUtils.java:logGet(46)) - raft.server.log.preallocated.size = 16384 (custom)
2022-08-27 01:04:16,131 [pool-95-thread-1] INFO  server.RaftServerConfigKeys (ConfUtils.java:logGet(46)) - raft.server.log.force.sync.num = 128 (default)
2022-08-27 01:04:16,131 [pool-95-thread-1] INFO  server.RaftServerConfigKeys (ConfUtils.java:logGet(46)) - raft.server.log.statemachine.data.sync = true (default)
2022-08-27 01:04:16,131 [pool-95-thread-1] INFO  server.RaftServerConfigKeys (ConfUtils.java:logGet(46)) - raft.server.log.statemachine.data.sync.timeout = 10s (default)
2022-08-27 01:04:16,131 [pool-95-thread-1] INFO  server.RaftServerConfigKeys (ConfUtils.java:logGet(46)) - raft.server.log.statemachine.data.sync.timeout.retry = -1 (default)
2022-08-27 01:04:16,133 [pool-95-thread-1] INFO  server.RaftServerConfigKeys (ConfUtils.java:logGet(46)) - raft.server.log.write.buffer.size = 1048576 (custom)
2022-08-27 01:04:16,133 [pool-95-thread-1] INFO  server.RaftServerConfigKeys (ConfUtils.java:logGet(46)) - raft.server.log.unsafe-flush.enabled = false (default)
2022-08-27 01:04:16,133 [pool-95-thread-1] INFO  server.RaftServerConfigKeys (ConfUtils.java:logGet(46)) - raft.server.log.statemachine.data.caching.enabled = true (custom)
2022-08-27 01:04:16,133 [pool-95-thread-1] INFO  segmented.SegmentedRaftLogWorker (SegmentedRaftLogWorker.java:lambda$new$0(135)) - 05d44c0e-1782-4690-a3a2-3f7220b81a92@group-A229AC14321E-SegmentedRaftLogWorker: flushIndex: setUnconditionally 0 -> -1
2022-08-27 01:04:16,133 [pool-95-thread-1] INFO  segmented.SegmentedRaftLogWorker (SegmentedRaftLogWorker.java:lambda$new$0(135)) - 05d44c0e-1782-4690-a3a2-3f7220b81a92@group-A229AC14321E-SegmentedRaftLogWorker: safeCacheEvictIndex: setUnconditionally 0 -> -1
2022-08-27 01:04:16,134 [pool-95-thread-1] INFO  server.RaftServerConfigKeys (ConfUtils.java:logGet(46)) - raft.server.snapshot.auto.trigger.enabled = true (custom)
2022-08-27 01:04:16,134 [pool-95-thread-1] INFO  server.RaftServerConfigKeys (ConfUtils.java:logGet(46)) - raft.server.snapshot.auto.trigger.threshold = 10000 (custom)
2022-08-27 01:04:16,134 [pool-95-thread-1] INFO  server.RaftServerConfigKeys (ConfUtils.java:logGet(46)) - raft.server.snapshot.retention.file.num = 5 (custom)
2022-08-27 01:04:16,134 [pool-95-thread-1] INFO  server.RaftServerConfigKeys (ConfUtils.java:logGet(46)) - raft.server.log.purge.upto.snapshot.index = false (default)
2022-08-27 01:04:16,134 [pool-95-thread-1] INFO  server.RaftServerConfigKeys (ConfUtils.java:logGet(46)) - raft.server.retrycache.expirytime = 600000ms (custom)
2022-08-27 01:04:16,134 [pool-95-thread-1] INFO  server.RaftServerConfigKeys (ConfUtils.java:logGet(46)) - raft.server.retrycache.statistics.expirytime = 100μs (default)
2022-08-27 01:04:16,141 [pool-95-thread-1] INFO  server.RaftServerConfigKeys (ConfUtils.java:logGet(46)) - raft.server.log.appender.install.snapshot.enabled = false (custom)
2022-08-27 01:04:16,141 [pool-95-thread-1] INFO  server.RaftServerConfigKeys (ConfUtils.java:logGet(46)) - raft.server.threadpool.server.cached = true (default)
2022-08-27 01:04:16,141 [pool-95-thread-1] INFO  server.RaftServerConfigKeys (ConfUtils.java:logGet(46)) - raft.server.threadpool.server.size = 0 (default)
2022-08-27 01:04:16,141 [pool-95-thread-1] INFO  server.RaftServerConfigKeys (ConfUtils.java:logGet(46)) - raft.server.threadpool.client.cached = true (default)
2022-08-27 01:04:16,141 [pool-95-thread-1] INFO  server.RaftServerConfigKeys (ConfUtils.java:logGet(46)) - raft.server.threadpool.client.size = 0 (default)
2022-08-27 01:04:16,141 [pool-95-thread-1] INFO  server.RaftServer$Division (RaftServerImpl.java:start(310)) - 05d44c0e-1782-4690-a3a2-3f7220b81a92@group-A229AC14321E: start as a follower, conf=-1: [05d44c0e-1782-4690-a3a2-3f7220b81a92|rpc:10.1.1.170:38247|priority:1], old=null
2022-08-27 01:04:16,142 [pool-95-thread-1] INFO  server.RaftServer$Division (RaftServerImpl.java:setRole(299)) - 05d44c0e-1782-4690-a3a2-3f7220b81a92@group-A229AC14321E: changes role from      null to FOLLOWER at term 0 for startAsFollower
2022-08-27 01:04:16,142 [pool-95-thread-1] INFO  impl.RoleInfo (RoleInfo.java:updateAndGet(139)) - 05d44c0e-1782-4690-a3a2-3f7220b81a92: start 05d44c0e-1782-4690-a3a2-3f7220b81a92@group-A229AC14321E-FollowerState
2022-08-27 01:04:16,147 [pool-95-thread-1] INFO  util.JmxRegister (JmxRegister.java:tryRegister(44)) - Successfully registered JMX Bean with object name Ratis:service=RaftServer,group=group-A229AC14321E,id=05d44c0e-1782-4690-a3a2-3f7220b81a92
2022-08-27 01:04:16,148 [Command processor thread] INFO  ratis.XceiverServerRatis (XceiverServerRatis.java:addGroup(765)) - Created group PipelineID=084f06b4-9d17-4fb5-a8e1-a229ac14321e
2022-08-27 01:04:16,148 [Command processor thread] INFO  commandhandler.CreatePipelineCommandHandler (CreatePipelineCommandHandler.java:handle(113)) - Created Pipeline RATIS ONE PipelineID=084f06b4-9d17-4fb5-a8e1-a229ac14321e.
2022-08-27 01:04:16,148 [Command processor thread] INFO  server.RaftServer (RaftServerProxy.java:addNew(96)) - 05d44c0e-1782-4690-a3a2-3f7220b81a92: addNew group-692D3A8F63C1:[05d44c0e-1782-4690-a3a2-3f7220b81a92|rpc:10.1.1.170:38247|priority:0, 2bc1abba-7388-4eaf-8abd-93bce01f8f00|rpc:10.1.1.170:41545|priority:1, dfcf168e-5082-4f01-a2db-1567ea82e82e|rpc:10.1.1.170:43507|priority:0] returns group-692D3A8F63C1:java.util.concurrent.CompletableFuture@3d9b9e04[Not completed]
2022-08-27 01:04:16,151 [pool-95-thread-1] INFO  server.RaftServer$Division (RaftServerImpl.java:<init>(190)) - 05d44c0e-1782-4690-a3a2-3f7220b81a92: new RaftServerImpl for group-692D3A8F63C1:[05d44c0e-1782-4690-a3a2-3f7220b81a92|rpc:10.1.1.170:38247|priority:0, 2bc1abba-7388-4eaf-8abd-93bce01f8f00|rpc:10.1.1.170:41545|priority:1, dfcf168e-5082-4f01-a2db-1567ea82e82e|rpc:10.1.1.170:43507|priority:0] with ContainerStateMachine:uninitialized
2022-08-27 01:04:16,151 [pool-95-thread-1] INFO  server.RaftServerConfigKeys (ConfUtils.java:logGet(46)) - raft.server.rpc.timeout.min = 5s (custom)
2022-08-27 01:04:16,151 [pool-95-thread-1] INFO  server.RaftServerConfigKeys (ConfUtils.java:logGet(46)) - raft.server.rpc.timeout.max = 5200ms (custom)
2022-08-27 01:04:16,151 [pool-95-thread-1] INFO  server.RaftServerConfigKeys (ConfUtils.java:logGet(46)) - raft.server.rpc.sleep.time = 25ms (default)
2022-08-27 01:04:16,151 [pool-95-thread-1] INFO  server.RaftServerConfigKeys (ConfUtils.java:logGet(46)) - raft.server.rpc.slowness.timeout = 300s (custom)
2022-08-27 01:04:16,151 [pool-95-thread-1] INFO  server.RaftServerConfigKeys (ConfUtils.java:logGet(46)) - raft.server.leaderelection.leader.step-down.wait-time = 10s (default)
2022-08-27 01:04:16,151 [pool-95-thread-1] INFO  server.RaftServerConfigKeys (ConfUtils.java:logGet(46)) - raft.server.sleep.deviation.threshold = 300ms (default)
2022-08-27 01:04:16,151 [pool-95-thread-1] INFO  server.RaftServer$Division (ServerState.java:<init>(107)) - 05d44c0e-1782-4690-a3a2-3f7220b81a92@group-692D3A8F63C1: ConfigurationManager, init=-1: [05d44c0e-1782-4690-a3a2-3f7220b81a92|rpc:10.1.1.170:38247|priority:0, 2bc1abba-7388-4eaf-8abd-93bce01f8f00|rpc:10.1.1.170:41545|priority:1, dfcf168e-5082-4f01-a2db-1567ea82e82e|rpc:10.1.1.170:43507|priority:0], old=null, confs=<EMPTY_MAP>
2022-08-27 01:04:16,151 [pool-95-thread-1] INFO  server.RaftServerConfigKeys (ConfUtils.java:logGet(46)) - raft.server.storage.dir = [/home/runner/work/ozone/ozone/hadoop-ozone/integration-test/target/test-dir/MiniOzoneClusterImpl-06e86dd3-d7df-4a2c-b8a6-272c25fd117f/datanode-1/data/ratis] (custom)
2022-08-27 01:04:16,151 [pool-95-thread-1] INFO  server.RaftServerConfigKeys (ConfUtils.java:logGet(46)) - raft.server.log.corruption.policy = EXCEPTION (default)
2022-08-27 01:04:16,151 [pool-95-thread-1] INFO  server.RaftServerConfigKeys (ConfUtils.java:logGet(46)) - raft.server.storage.free-space.min = 0MB (=0) (default)
2022-08-27 01:04:16,151 [pool-95-thread-1] INFO  storage.RaftStorageDirectory (RaftStorageDirectoryImpl.java:analyzeStorage(135)) - The storage directory /home/runner/work/ozone/ozone/hadoop-ozone/integration-test/target/test-dir/MiniOzoneClusterImpl-06e86dd3-d7df-4a2c-b8a6-272c25fd117f/datanode-1/data/ratis/3e0d5a98-0446-4e8d-acc1-692d3a8f63c1 does not exist. Creating ...
2022-08-27 01:04:16,155 [pool-95-thread-1] INFO  storage.RaftStorageDirectory (RaftStorageDirectoryImpl.java:tryLock(230)) - Lock on /home/runner/work/ozone/ozone/hadoop-ozone/integration-test/target/test-dir/MiniOzoneClusterImpl-06e86dd3-d7df-4a2c-b8a6-272c25fd117f/datanode-1/data/ratis/3e0d5a98-0446-4e8d-acc1-692d3a8f63c1/in_use.lock acquired by nodename 21368@fv-az41-820
2022-08-27 01:04:16,156 [pool-95-thread-1] INFO  storage.RaftStorage (RaftStorageImpl.java:format(89)) - Storage directory /home/runner/work/ozone/ozone/hadoop-ozone/integration-test/target/test-dir/MiniOzoneClusterImpl-06e86dd3-d7df-4a2c-b8a6-272c25fd117f/datanode-1/data/ratis/3e0d5a98-0446-4e8d-acc1-692d3a8f63c1 has been successfully formatted.
2022-08-27 01:04:16,156 [pool-95-thread-1] INFO  ratis.ContainerStateMachine (ContainerStateMachine.java:loadSnapshot(236)) - group-692D3A8F63C1: The snapshot info is null. Setting the last applied indexto:(t:0, i:~)
2022-08-27 01:04:16,156 [pool-95-thread-1] INFO  server.RaftServerConfigKeys (ConfUtils.java:logGet(46)) - raft.server.notification.no-leader.timeout = 300s (custom)
2022-08-27 01:04:16,157 [pool-95-thread-1] INFO  server.RaftServerConfigKeys (ConfUtils.java:logGet(46)) - raft.server.log.use.memory = false (default)
2022-08-27 01:04:16,162 [EventQueue-OpenPipelineForHealthyPipelineSafeModeRule] INFO  safemode.SCMSafeModeManager (HealthyPipelineSafeModeRule.java:process(137)) - SCM in safe mode. Healthy pipelines reported count is 0, required healthy pipeline reported count is 1
2022-08-27 01:04:16,162 [pool-95-thread-1] INFO  server.RaftServerConfigKeys (ConfUtils.java:logGet(46)) - raft.server.log.purge.gap = 1000000 (custom)
2022-08-27 01:04:16,162 [pool-95-thread-1] INFO  server.RaftServerConfigKeys (ConfUtils.java:logGet(46)) - raft.server.log.appender.buffer.byte-limit = 33554432 (custom)
2022-08-27 01:04:16,162 [pool-95-thread-1] INFO  server.RaftServerConfigKeys (ConfUtils.java:logGet(46)) - raft.server.log.statemachine.data.read.timeout = 1000ms (default)
2022-08-27 01:04:16,162 [pool-95-thread-1] INFO  server.RaftServerConfigKeys (ConfUtils.java:logGet(46)) - raft.server.log.segment.size.max = 1048576 (custom)
2022-08-27 01:04:16,163 [pool-95-thread-1] INFO  server.RaftServerConfigKeys (ConfUtils.java:logGet(46)) - raft.server.log.segment.cache.num.max = 2 (custom)
2022-08-27 01:04:16,163 [pool-95-thread-1] INFO  server.RaftServerConfigKeys (ConfUtils.java:logGet(46)) - raft.server.log.segment.cache.size.max = 200MB (=209715200) (default)
2022-08-27 01:04:16,163 [pool-95-thread-1] INFO  segmented.SegmentedRaftLogWorker (SegmentedRaftLogWorker.java:<init>(187)) - new 05d44c0e-1782-4690-a3a2-3f7220b81a92@group-692D3A8F63C1-SegmentedRaftLogWorker for RaftStorageImpl:Storage Directory /home/runner/work/ozone/ozone/hadoop-ozone/integration-test/target/test-dir/MiniOzoneClusterImpl-06e86dd3-d7df-4a2c-b8a6-272c25fd117f/datanode-1/data/ratis/3e0d5a98-0446-4e8d-acc1-692d3a8f63c1
2022-08-27 01:04:16,163 [pool-95-thread-1] INFO  server.RaftServerConfigKeys (ConfUtils.java:logGet(46)) - raft.server.log.queue.byte-limit = 4294967296 (custom)
2022-08-27 01:04:16,163 [pool-95-thread-1] INFO  server.RaftServerConfigKeys (ConfUtils.java:logGet(46)) - raft.server.log.queue.element-limit = 1024 (custom)
2022-08-27 01:04:16,163 [pool-95-thread-1] INFO  server.RaftServerConfigKeys (ConfUtils.java:logGet(46)) - raft.server.log.segment.size.max = 1048576 (custom)
2022-08-27 01:04:16,163 [pool-95-thread-1] INFO  server.RaftServerConfigKeys (ConfUtils.java:logGet(46)) - raft.server.log.preallocated.size = 16384 (custom)
2022-08-27 01:04:16,163 [pool-95-thread-1] INFO  server.RaftServerConfigKeys (ConfUtils.java:logGet(46)) - raft.server.log.force.sync.num = 128 (default)
2022-08-27 01:04:16,163 [pool-95-thread-1] INFO  server.RaftServerConfigKeys (ConfUtils.java:logGet(46)) - raft.server.log.statemachine.data.sync = true (default)
2022-08-27 01:04:16,163 [pool-95-thread-1] INFO  server.RaftServerConfigKeys (ConfUtils.java:logGet(46)) - raft.server.log.statemachine.data.sync.timeout = 10s (default)
2022-08-27 01:04:16,163 [pool-95-thread-1] INFO  server.RaftServerConfigKeys (ConfUtils.java:logGet(46)) - raft.server.log.statemachine.data.sync.timeout.retry = -1 (default)
2022-08-27 01:04:16,165 [pool-95-thread-1] INFO  server.RaftServerConfigKeys (ConfUtils.java:logGet(46)) - raft.server.log.write.buffer.size = 1048576 (custom)
2022-08-27 01:04:16,165 [pool-95-thread-1] INFO  server.RaftServerConfigKeys (ConfUtils.java:logGet(46)) - raft.server.log.unsafe-flush.enabled = false (default)
2022-08-27 01:04:16,165 [pool-95-thread-1] INFO  server.RaftServerConfigKeys (ConfUtils.java:logGet(46)) - raft.server.log.statemachine.data.caching.enabled = true (custom)
2022-08-27 01:04:16,165 [pool-95-thread-1] INFO  segmented.SegmentedRaftLogWorker (SegmentedRaftLogWorker.java:lambda$new$0(135)) - 05d44c0e-1782-4690-a3a2-3f7220b81a92@group-692D3A8F63C1-SegmentedRaftLogWorker: flushIndex: setUnconditionally 0 -> -1
2022-08-27 01:04:16,165 [pool-95-thread-1] INFO  segmented.SegmentedRaftLogWorker (SegmentedRaftLogWorker.java:lambda$new$0(135)) - 05d44c0e-1782-4690-a3a2-3f7220b81a92@group-692D3A8F63C1-SegmentedRaftLogWorker: safeCacheEvictIndex: setUnconditionally 0 -> -1
2022-08-27 01:04:16,166 [pool-95-thread-1] INFO  server.RaftServerConfigKeys (ConfUtils.java:logGet(46)) - raft.server.snapshot.auto.trigger.enabled = true (custom)
2022-08-27 01:04:16,166 [pool-95-thread-1] INFO  server.RaftServerConfigKeys (ConfUtils.java:logGet(46)) - raft.server.snapshot.auto.trigger.threshold = 10000 (custom)
2022-08-27 01:04:16,166 [pool-95-thread-1] INFO  server.RaftServerConfigKeys (ConfUtils.java:logGet(46)) - raft.server.snapshot.retention.file.num = 5 (custom)
2022-08-27 01:04:16,166 [pool-95-thread-1] INFO  server.RaftServerConfigKeys (ConfUtils.java:logGet(46)) - raft.server.log.purge.upto.snapshot.index = false (default)
2022-08-27 01:04:16,166 [pool-95-thread-1] INFO  server.RaftServerConfigKeys (ConfUtils.java:logGet(46)) - raft.server.retrycache.expirytime = 600000ms (custom)
2022-08-27 01:04:16,166 [pool-95-thread-1] INFO  server.RaftServerConfigKeys (ConfUtils.java:logGet(46)) - raft.server.retrycache.statistics.expirytime = 100μs (default)
2022-08-27 01:04:16,167 [pool-95-thread-1] INFO  server.RaftServerConfigKeys (ConfUtils.java:logGet(46)) - raft.server.log.appender.install.snapshot.enabled = false (custom)
2022-08-27 01:04:16,167 [pool-95-thread-1] INFO  server.RaftServerConfigKeys (ConfUtils.java:logGet(46)) - raft.server.threadpool.server.cached = true (default)
2022-08-27 01:04:16,167 [pool-95-thread-1] INFO  server.RaftServerConfigKeys (ConfUtils.java:logGet(46)) - raft.server.threadpool.server.size = 0 (default)
2022-08-27 01:04:16,168 [pool-95-thread-1] INFO  server.RaftServerConfigKeys (ConfUtils.java:logGet(46)) - raft.server.threadpool.client.cached = true (default)
2022-08-27 01:04:16,168 [pool-95-thread-1] INFO  server.RaftServerConfigKeys (ConfUtils.java:logGet(46)) - raft.server.threadpool.client.size = 0 (default)
2022-08-27 01:04:16,168 [pool-95-thread-1] INFO  server.RaftServer$Division (RaftServerImpl.java:start(310)) - 05d44c0e-1782-4690-a3a2-3f7220b81a92@group-692D3A8F63C1: start as a follower, conf=-1: [05d44c0e-1782-4690-a3a2-3f7220b81a92|rpc:10.1.1.170:38247|priority:0, 2bc1abba-7388-4eaf-8abd-93bce01f8f00|rpc:10.1.1.170:41545|priority:1, dfcf168e-5082-4f01-a2db-1567ea82e82e|rpc:10.1.1.170:43507|priority:0], old=null
2022-08-27 01:04:16,168 [pool-95-thread-1] INFO  server.RaftServer$Division (RaftServerImpl.java:setRole(299)) - 05d44c0e-1782-4690-a3a2-3f7220b81a92@group-692D3A8F63C1: changes role from      null to FOLLOWER at term 0 for startAsFollower
2022-08-27 01:04:16,168 [pool-95-thread-1] INFO  impl.RoleInfo (RoleInfo.java:updateAndGet(139)) - 05d44c0e-1782-4690-a3a2-3f7220b81a92: start 05d44c0e-1782-4690-a3a2-3f7220b81a92@group-692D3A8F63C1-FollowerState
2022-08-27 01:04:16,168 [pool-95-thread-1] INFO  util.JmxRegister (JmxRegister.java:tryRegister(44)) - Successfully registered JMX Bean with object name Ratis:service=RaftServer,group=group-692D3A8F63C1,id=05d44c0e-1782-4690-a3a2-3f7220b81a92
2022-08-27 01:04:16,169 [Command processor thread] INFO  ratis.XceiverServerRatis (XceiverServerRatis.java:addGroup(765)) - Created group PipelineID=3e0d5a98-0446-4e8d-acc1-692d3a8f63c1
2022-08-27 01:04:16,252 [ReplicationMonitor] INFO  replication.ReplicationManager (ReplicationManager.java:processAll(255)) - Replication Manager is not ready to run until 3000ms after safemode exit
2022-08-27 01:04:16,350 [grpc-default-executor-0] INFO  server.RaftServer (RaftServerProxy.java:addNew(96)) - dfcf168e-5082-4f01-a2db-1567ea82e82e: addNew group-692D3A8F63C1:[05d44c0e-1782-4690-a3a2-3f7220b81a92|rpc:10.1.1.170:38247|dataStream:|priority:0, 2bc1abba-7388-4eaf-8abd-93bce01f8f00|rpc:10.1.1.170:41545|dataStream:|priority:1, dfcf168e-5082-4f01-a2db-1567ea82e82e|rpc:10.1.1.170:43507|dataStream:|priority:0] returns group-692D3A8F63C1:java.util.concurrent.CompletableFuture@15f4e32b[Not completed]
2022-08-27 01:04:16,351 [pool-118-thread-1] INFO  server.RaftServer$Division (RaftServerImpl.java:<init>(190)) - dfcf168e-5082-4f01-a2db-1567ea82e82e: new RaftServerImpl for group-692D3A8F63C1:[05d44c0e-1782-4690-a3a2-3f7220b81a92|rpc:10.1.1.170:38247|dataStream:|priority:0, 2bc1abba-7388-4eaf-8abd-93bce01f8f00|rpc:10.1.1.170:41545|dataStream:|priority:1, dfcf168e-5082-4f01-a2db-1567ea82e82e|rpc:10.1.1.170:43507|dataStream:|priority:0] with ContainerStateMachine:uninitialized
2022-08-27 01:04:16,357 [pool-118-thread-1] INFO  server.RaftServerConfigKeys (ConfUtils.java:logGet(46)) - raft.server.rpc.timeout.min = 5s (custom)
2022-08-27 01:04:16,357 [pool-118-thread-1] INFO  server.RaftServerConfigKeys (ConfUtils.java:logGet(46)) - raft.server.rpc.timeout.max = 5200ms (custom)
2022-08-27 01:04:16,357 [pool-118-thread-1] INFO  server.RaftServerConfigKeys (ConfUtils.java:logGet(46)) - raft.server.rpc.sleep.time = 25ms (default)
2022-08-27 01:04:16,357 [pool-118-thread-1] INFO  server.RaftServerConfigKeys (ConfUtils.java:logGet(46)) - raft.server.rpc.slowness.timeout = 300s (custom)
2022-08-27 01:04:16,357 [pool-118-thread-1] INFO  server.RaftServerConfigKeys (ConfUtils.java:logGet(46)) - raft.server.leaderelection.leader.step-down.wait-time = 10s (default)
2022-08-27 01:04:16,357 [pool-118-thread-1] INFO  server.RaftServerConfigKeys (ConfUtils.java:logGet(46)) - raft.server.sleep.deviation.threshold = 300ms (default)
2022-08-27 01:04:16,357 [pool-118-thread-1] INFO  server.RaftServer$Division (ServerState.java:<init>(107)) - dfcf168e-5082-4f01-a2db-1567ea82e82e@group-692D3A8F63C1: ConfigurationManager, init=-1: [05d44c0e-1782-4690-a3a2-3f7220b81a92|rpc:10.1.1.170:38247|dataStream:|priority:0, 2bc1abba-7388-4eaf-8abd-93bce01f8f00|rpc:10.1.1.170:41545|dataStream:|priority:1, dfcf168e-5082-4f01-a2db-1567ea82e82e|rpc:10.1.1.170:43507|dataStream:|priority:0], old=null, confs=<EMPTY_MAP>
2022-08-27 01:04:16,358 [pool-118-thread-1] INFO  server.RaftServerConfigKeys (ConfUtils.java:logGet(46)) - raft.server.storage.dir = [/home/runner/work/ozone/ozone/hadoop-ozone/integration-test/target/test-dir/MiniOzoneClusterImpl-06e86dd3-d7df-4a2c-b8a6-272c25fd117f/datanode-2/data/ratis] (custom)
2022-08-27 01:04:16,358 [pool-118-thread-1] INFO  server.RaftServerConfigKeys (ConfUtils.java:logGet(46)) - raft.server.log.corruption.policy = EXCEPTION (default)
2022-08-27 01:04:16,358 [pool-118-thread-1] INFO  server.RaftServerConfigKeys (ConfUtils.java:logGet(46)) - raft.server.storage.free-space.min = 0MB (=0) (default)
2022-08-27 01:04:16,358 [pool-118-thread-1] INFO  storage.RaftStorageDirectory (RaftStorageDirectoryImpl.java:analyzeStorage(135)) - The storage directory /home/runner/work/ozone/ozone/hadoop-ozone/integration-test/target/test-dir/MiniOzoneClusterImpl-06e86dd3-d7df-4a2c-b8a6-272c25fd117f/datanode-2/data/ratis/3e0d5a98-0446-4e8d-acc1-692d3a8f63c1 does not exist. Creating ...
2022-08-27 01:04:16,359 [pool-118-thread-1] INFO  storage.RaftStorageDirectory (RaftStorageDirectoryImpl.java:tryLock(230)) - Lock on /home/runner/work/ozone/ozone/hadoop-ozone/integration-test/target/test-dir/MiniOzoneClusterImpl-06e86dd3-d7df-4a2c-b8a6-272c25fd117f/datanode-2/data/ratis/3e0d5a98-0446-4e8d-acc1-692d3a8f63c1/in_use.lock acquired by nodename 21368@fv-az41-820
2022-08-27 01:04:16,360 [pool-118-thread-1] INFO  storage.RaftStorage (RaftStorageImpl.java:format(89)) - Storage directory /home/runner/work/ozone/ozone/hadoop-ozone/integration-test/target/test-dir/MiniOzoneClusterImpl-06e86dd3-d7df-4a2c-b8a6-272c25fd117f/datanode-2/data/ratis/3e0d5a98-0446-4e8d-acc1-692d3a8f63c1 has been successfully formatted.
2022-08-27 01:04:16,361 [pool-118-thread-1] INFO  ratis.ContainerStateMachine (ContainerStateMachine.java:loadSnapshot(236)) - group-692D3A8F63C1: The snapshot info is null. Setting the last applied indexto:(t:0, i:~)
2022-08-27 01:04:16,363 [pool-118-thread-1] INFO  server.RaftServerConfigKeys (ConfUtils.java:logGet(46)) - raft.server.notification.no-leader.timeout = 300s (custom)
2022-08-27 01:04:16,363 [pool-118-thread-1] INFO  server.RaftServerConfigKeys (ConfUtils.java:logGet(46)) - raft.server.log.use.memory = false (default)
2022-08-27 01:04:16,363 [pool-118-thread-1] INFO  server.RaftServerConfigKeys (ConfUtils.java:logGet(46)) - raft.server.log.purge.gap = 1000000 (custom)
2022-08-27 01:04:16,363 [pool-118-thread-1] INFO  server.RaftServerConfigKeys (ConfUtils.java:logGet(46)) - raft.server.log.appender.buffer.byte-limit = 33554432 (custom)
2022-08-27 01:04:16,363 [pool-118-thread-1] INFO  server.RaftServerConfigKeys (ConfUtils.java:logGet(46)) - raft.server.log.statemachine.data.read.timeout = 1000ms (default)
2022-08-27 01:04:16,363 [pool-118-thread-1] INFO  server.RaftServerConfigKeys (ConfUtils.java:logGet(46)) - raft.server.log.segment.size.max = 1048576 (custom)
2022-08-27 01:04:16,364 [pool-118-thread-1] INFO  server.RaftServerConfigKeys (ConfUtils.java:logGet(46)) - raft.server.log.segment.cache.num.max = 2 (custom)
2022-08-27 01:04:16,364 [pool-118-thread-1] INFO  server.RaftServerConfigKeys (ConfUtils.java:logGet(46)) - raft.server.log.segment.cache.size.max = 200MB (=209715200) (default)
2022-08-27 01:04:16,364 [pool-118-thread-1] INFO  segmented.SegmentedRaftLogWorker (SegmentedRaftLogWorker.java:<init>(187)) - new dfcf168e-5082-4f01-a2db-1567ea82e82e@group-692D3A8F63C1-SegmentedRaftLogWorker for RaftStorageImpl:Storage Directory /home/runner/work/ozone/ozone/hadoop-ozone/integration-test/target/test-dir/MiniOzoneClusterImpl-06e86dd3-d7df-4a2c-b8a6-272c25fd117f/datanode-2/data/ratis/3e0d5a98-0446-4e8d-acc1-692d3a8f63c1
2022-08-27 01:04:16,364 [pool-118-thread-1] INFO  server.RaftServerConfigKeys (ConfUtils.java:logGet(46)) - raft.server.log.queue.byte-limit = 4294967296 (custom)
2022-08-27 01:04:16,364 [pool-118-thread-1] INFO  server.RaftServerConfigKeys (ConfUtils.java:logGet(46)) - raft.server.log.queue.element-limit = 1024 (custom)
2022-08-27 01:04:16,364 [pool-118-thread-1] INFO  server.RaftServerConfigKeys (ConfUtils.java:logGet(46)) - raft.server.log.segment.size.max = 1048576 (custom)
2022-08-27 01:04:16,364 [pool-118-thread-1] INFO  server.RaftServerConfigKeys (ConfUtils.java:logGet(46)) - raft.server.log.preallocated.size = 16384 (custom)
2022-08-27 01:04:16,364 [pool-118-thread-1] INFO  server.RaftServerConfigKeys (ConfUtils.java:logGet(46)) - raft.server.log.force.sync.num = 128 (default)
2022-08-27 01:04:16,365 [pool-118-thread-1] INFO  server.RaftServerConfigKeys (ConfUtils.java:logGet(46)) - raft.server.log.statemachine.data.sync = true (default)
2022-08-27 01:04:16,365 [pool-118-thread-1] INFO  server.RaftServerConfigKeys (ConfUtils.java:logGet(46)) - raft.server.log.statemachine.data.sync.timeout = 10s (default)
2022-08-27 01:04:16,365 [pool-118-thread-1] INFO  server.RaftServerConfigKeys (ConfUtils.java:logGet(46)) - raft.server.log.statemachine.data.sync.timeout.retry = -1 (default)
2022-08-27 01:04:16,365 [pool-118-thread-1] INFO  server.RaftServerConfigKeys (ConfUtils.java:logGet(46)) - raft.server.log.write.buffer.size = 1048576 (custom)
2022-08-27 01:04:16,366 [pool-118-thread-1] INFO  server.RaftServerConfigKeys (ConfUtils.java:logGet(46)) - raft.server.log.unsafe-flush.enabled = false (default)
2022-08-27 01:04:16,366 [pool-118-thread-1] INFO  server.RaftServerConfigKeys (ConfUtils.java:logGet(46)) - raft.server.log.statemachine.data.caching.enabled = true (custom)
2022-08-27 01:04:16,366 [pool-118-thread-1] INFO  segmented.SegmentedRaftLogWorker (SegmentedRaftLogWorker.java:lambda$new$0(135)) - dfcf168e-5082-4f01-a2db-1567ea82e82e@group-692D3A8F63C1-SegmentedRaftLogWorker: flushIndex: setUnconditionally 0 -> -1
2022-08-27 01:04:16,366 [pool-118-thread-1] INFO  segmented.SegmentedRaftLogWorker (SegmentedRaftLogWorker.java:lambda$new$0(135)) - dfcf168e-5082-4f01-a2db-1567ea82e82e@group-692D3A8F63C1-SegmentedRaftLogWorker: safeCacheEvictIndex: setUnconditionally 0 -> -1
2022-08-27 01:04:16,366 [pool-118-thread-1] INFO  server.RaftServerConfigKeys (ConfUtils.java:logGet(46)) - raft.server.snapshot.auto.trigger.enabled = true (custom)
2022-08-27 01:04:16,366 [pool-118-thread-1] INFO  server.RaftServerConfigKeys (ConfUtils.java:logGet(46)) - raft.server.snapshot.auto.trigger.threshold = 10000 (custom)
2022-08-27 01:04:16,367 [pool-118-thread-1] INFO  server.RaftServerConfigKeys (ConfUtils.java:logGet(46)) - raft.server.snapshot.retention.file.num = 5 (custom)
2022-08-27 01:04:16,367 [pool-118-thread-1] INFO  server.RaftServerConfigKeys (ConfUtils.java:logGet(46)) - raft.server.log.purge.upto.snapshot.index = false (default)
2022-08-27 01:04:16,367 [pool-118-thread-1] INFO  server.RaftServerConfigKeys (ConfUtils.java:logGet(46)) - raft.server.retrycache.expirytime = 600000ms (custom)
2022-08-27 01:04:16,367 [pool-118-thread-1] INFO  server.RaftServerConfigKeys (ConfUtils.java:logGet(46)) - raft.server.retrycache.statistics.expirytime = 100μs (default)
2022-08-27 01:04:16,368 [pool-118-thread-1] INFO  server.RaftServerConfigKeys (ConfUtils.java:logGet(46)) - raft.server.log.appender.install.snapshot.enabled = false (custom)
2022-08-27 01:04:16,368 [pool-118-thread-1] INFO  server.RaftServerConfigKeys (ConfUtils.java:logGet(46)) - raft.server.threadpool.server.cached = true (default)
2022-08-27 01:04:16,368 [pool-118-thread-1] INFO  server.RaftServerConfigKeys (ConfUtils.java:logGet(46)) - raft.server.threadpool.server.size = 0 (default)
2022-08-27 01:04:16,368 [pool-118-thread-1] INFO  server.RaftServerConfigKeys (ConfUtils.java:logGet(46)) - raft.server.threadpool.client.cached = true (default)
2022-08-27 01:04:16,368 [pool-118-thread-1] INFO  server.RaftServerConfigKeys (ConfUtils.java:logGet(46)) - raft.server.threadpool.client.size = 0 (default)
2022-08-27 01:04:16,368 [pool-118-thread-1] INFO  server.RaftServer$Division (RaftServerImpl.java:start(310)) - dfcf168e-5082-4f01-a2db-1567ea82e82e@group-692D3A8F63C1: start as a follower, conf=-1: [05d44c0e-1782-4690-a3a2-3f7220b81a92|rpc:10.1.1.170:38247|dataStream:|priority:0, 2bc1abba-7388-4eaf-8abd-93bce01f8f00|rpc:10.1.1.170:41545|dataStream:|priority:1, dfcf168e-5082-4f01-a2db-1567ea82e82e|rpc:10.1.1.170:43507|dataStream:|priority:0], old=null
2022-08-27 01:04:16,368 [pool-118-thread-1] INFO  server.RaftServer$Division (RaftServerImpl.java:setRole(299)) - dfcf168e-5082-4f01-a2db-1567ea82e82e@group-692D3A8F63C1: changes role from      null to FOLLOWER at term 0 for startAsFollower
2022-08-27 01:04:16,368 [pool-118-thread-1] INFO  impl.RoleInfo (RoleInfo.java:updateAndGet(139)) - dfcf168e-5082-4f01-a2db-1567ea82e82e: start dfcf168e-5082-4f01-a2db-1567ea82e82e@group-692D3A8F63C1-FollowerState
2022-08-27 01:04:16,369 [pool-118-thread-1] INFO  util.JmxRegister (JmxRegister.java:tryRegister(44)) - Successfully registered JMX Bean with object name Ratis:service=RaftServer,group=group-692D3A8F63C1,id=dfcf168e-5082-4f01-a2db-1567ea82e82e
2022-08-27 01:04:16,385 [Command processor thread] INFO  commandhandler.CreatePipelineCommandHandler (CreatePipelineCommandHandler.java:handle(113)) - Created Pipeline RATIS THREE PipelineID=3e0d5a98-0446-4e8d-acc1-692d3a8f63c1.
2022-08-27 01:04:16,403 [Command processor thread] INFO  commandhandler.CreatePipelineCommandHandler (CreatePipelineCommandHandler.java:handle(113)) - Created Pipeline RATIS THREE PipelineID=3e0d5a98-0446-4e8d-acc1-692d3a8f63c1.
2022-08-27 01:04:16,409 [Listener at 127.0.0.1/42729] INFO  ozone.MiniOzoneClusterImpl (MiniOzoneClusterImpl.java:lambda$waitForClusterToBeReady$0(216)) - Nodes are ready. Got 6 of 6 DN Heartbeats.
2022-08-27 01:04:16,409 [Listener at 127.0.0.1/42729] INFO  ozone.MiniOzoneClusterImpl (MiniOzoneClusterImpl.java:lambda$waitForClusterToBeReady$0(219)) - Waiting for cluster to exit safe mode
2022-08-27 01:04:16,409 [Listener at 127.0.0.1/42729] INFO  ozone.MiniOzoneClusterImpl (MiniOzoneClusterImpl.java:lambda$waitForClusterToBeReady$0(221)) - SCM became leader
2022-08-27 01:04:16,425 [Command processor thread] INFO  server.RaftServer (RaftServerProxy.java:addNew(96)) - dfcf168e-5082-4f01-a2db-1567ea82e82e: addNew group-5C092346DB41:[dfcf168e-5082-4f01-a2db-1567ea82e82e|rpc:10.1.1.170:43507|priority:1] returns group-5C092346DB41:java.util.concurrent.CompletableFuture@110f70dd[Not completed]
2022-08-27 01:04:16,426 [pool-118-thread-1] INFO  server.RaftServer$Division (RaftServerImpl.java:<init>(190)) - dfcf168e-5082-4f01-a2db-1567ea82e82e: new RaftServerImpl for group-5C092346DB41:[dfcf168e-5082-4f01-a2db-1567ea82e82e|rpc:10.1.1.170:43507|priority:1] with ContainerStateMachine:uninitialized
2022-08-27 01:04:16,426 [pool-118-thread-1] INFO  server.RaftServerConfigKeys (ConfUtils.java:logGet(46)) - raft.server.rpc.timeout.min = 5s (custom)
2022-08-27 01:04:16,426 [pool-118-thread-1] INFO  server.RaftServerConfigKeys (ConfUtils.java:logGet(46)) - raft.server.rpc.timeout.max = 5200ms (custom)
2022-08-27 01:04:16,426 [pool-118-thread-1] INFO  server.RaftServerConfigKeys (ConfUtils.java:logGet(46)) - raft.server.rpc.sleep.time = 25ms (default)
2022-08-27 01:04:16,426 [pool-118-thread-1] INFO  server.RaftServerConfigKeys (ConfUtils.java:logGet(46)) - raft.server.rpc.slowness.timeout = 300s (custom)
2022-08-27 01:04:16,426 [pool-118-thread-1] INFO  server.RaftServerConfigKeys (ConfUtils.java:logGet(46)) - raft.server.leaderelection.leader.step-down.wait-time = 10s (default)
2022-08-27 01:04:16,426 [pool-118-thread-1] INFO  server.RaftServerConfigKeys (ConfUtils.java:logGet(46)) - raft.server.sleep.deviation.threshold = 300ms (default)
2022-08-27 01:04:16,426 [pool-118-thread-1] INFO  server.RaftServer$Division (ServerState.java:<init>(107)) - dfcf168e-5082-4f01-a2db-1567ea82e82e@group-5C092346DB41: ConfigurationManager, init=-1: [dfcf168e-5082-4f01-a2db-1567ea82e82e|rpc:10.1.1.170:43507|priority:1], old=null, confs=<EMPTY_MAP>
2022-08-27 01:04:16,426 [pool-118-thread-1] INFO  server.RaftServerConfigKeys (ConfUtils.java:logGet(46)) - raft.server.storage.dir = [/home/runner/work/ozone/ozone/hadoop-ozone/integration-test/target/test-dir/MiniOzoneClusterImpl-06e86dd3-d7df-4a2c-b8a6-272c25fd117f/datanode-2/data/ratis] (custom)
2022-08-27 01:04:16,426 [pool-118-thread-1] INFO  server.RaftServerConfigKeys (ConfUtils.java:logGet(46)) - raft.server.log.corruption.policy = EXCEPTION (default)
2022-08-27 01:04:16,426 [pool-118-thread-1] INFO  server.RaftServerConfigKeys (ConfUtils.java:logGet(46)) - raft.server.storage.free-space.min = 0MB (=0) (default)
2022-08-27 01:04:16,426 [pool-118-thread-1] INFO  storage.RaftStorageDirectory (RaftStorageDirectoryImpl.java:analyzeStorage(135)) - The storage directory /home/runner/work/ozone/ozone/hadoop-ozone/integration-test/target/test-dir/MiniOzoneClusterImpl-06e86dd3-d7df-4a2c-b8a6-272c25fd117f/datanode-2/data/ratis/9a55d528-00e5-49c1-9287-5c092346db41 does not exist. Creating ...
2022-08-27 01:04:16,427 [pool-118-thread-1] INFO  storage.RaftStorageDirectory (RaftStorageDirectoryImpl.java:tryLock(230)) - Lock on /home/runner/work/ozone/ozone/hadoop-ozone/integration-test/target/test-dir/MiniOzoneClusterImpl-06e86dd3-d7df-4a2c-b8a6-272c25fd117f/datanode-2/data/ratis/9a55d528-00e5-49c1-9287-5c092346db41/in_use.lock acquired by nodename 21368@fv-az41-820
2022-08-27 01:04:16,428 [pool-118-thread-1] INFO  storage.RaftStorage (RaftStorageImpl.java:format(89)) - Storage directory /home/runner/work/ozone/ozone/hadoop-ozone/integration-test/target/test-dir/MiniOzoneClusterImpl-06e86dd3-d7df-4a2c-b8a6-272c25fd117f/datanode-2/data/ratis/9a55d528-00e5-49c1-9287-5c092346db41 has been successfully formatted.
2022-08-27 01:04:16,428 [pool-118-thread-1] INFO  ratis.ContainerStateMachine (ContainerStateMachine.java:loadSnapshot(236)) - group-5C092346DB41: The snapshot info is null. Setting the last applied indexto:(t:0, i:~)
2022-08-27 01:04:16,429 [pool-118-thread-1] INFO  server.RaftServerConfigKeys (ConfUtils.java:logGet(46)) - raft.server.notification.no-leader.timeout = 300s (custom)
2022-08-27 01:04:16,429 [pool-118-thread-1] INFO  server.RaftServerConfigKeys (ConfUtils.java:logGet(46)) - raft.server.log.use.memory = false (default)
2022-08-27 01:04:16,429 [pool-118-thread-1] INFO  server.RaftServerConfigKeys (ConfUtils.java:logGet(46)) - raft.server.log.purge.gap = 1000000 (custom)
2022-08-27 01:04:16,429 [pool-118-thread-1] INFO  server.RaftServerConfigKeys (ConfUtils.java:logGet(46)) - raft.server.log.appender.buffer.byte-limit = 33554432 (custom)
2022-08-27 01:04:16,429 [pool-118-thread-1] INFO  server.RaftServerConfigKeys (ConfUtils.java:logGet(46)) - raft.server.log.statemachine.data.read.timeout = 1000ms (default)
2022-08-27 01:04:16,429 [pool-118-thread-1] INFO  server.RaftServerConfigKeys (ConfUtils.java:logGet(46)) - raft.server.log.segment.size.max = 1048576 (custom)
2022-08-27 01:04:16,430 [pool-118-thread-1] INFO  server.RaftServerConfigKeys (ConfUtils.java:logGet(46)) - raft.server.log.segment.cache.num.max = 2 (custom)
2022-08-27 01:04:16,430 [pool-118-thread-1] INFO  server.RaftServerConfigKeys (ConfUtils.java:logGet(46)) - raft.server.log.segment.cache.size.max = 200MB (=209715200) (default)
2022-08-27 01:04:16,430 [pool-118-thread-1] INFO  segmented.SegmentedRaftLogWorker (SegmentedRaftLogWorker.java:<init>(187)) - new dfcf168e-5082-4f01-a2db-1567ea82e82e@group-5C092346DB41-SegmentedRaftLogWorker for RaftStorageImpl:Storage Directory /home/runner/work/ozone/ozone/hadoop-ozone/integration-test/target/test-dir/MiniOzoneClusterImpl-06e86dd3-d7df-4a2c-b8a6-272c25fd117f/datanode-2/data/ratis/9a55d528-00e5-49c1-9287-5c092346db41
2022-08-27 01:04:16,431 [pool-118-thread-1] INFO  server.RaftServerConfigKeys (ConfUtils.java:logGet(46)) - raft.server.log.queue.byte-limit = 4294967296 (custom)
2022-08-27 01:04:16,431 [pool-118-thread-1] INFO  server.RaftServerConfigKeys (ConfUtils.java:logGet(46)) - raft.server.log.queue.element-limit = 1024 (custom)
2022-08-27 01:04:16,431 [pool-118-thread-1] INFO  server.RaftServerConfigKeys (ConfUtils.java:logGet(46)) - raft.server.log.segment.size.max = 1048576 (custom)
2022-08-27 01:04:16,431 [EventQueue-PipelineReportForPipelineReportHandler] INFO  pipeline.PipelineManagerImpl (PipelineManagerImpl.java:openPipeline(367)) - Pipeline Pipeline[ Id: 9a55d528-00e5-49c1-9287-5c092346db41, Nodes: dfcf168e-5082-4f01-a2db-1567ea82e82e{ip: 10.1.1.170, host: fv-az41-820.zje5jq5y5x4uznwvdkgxk4wc2h.cx.internal.cloudapp.net, ports: [REPLICATION=32809, RATIS=43507, RATIS_ADMIN=43507, RATIS_SERVER=43507, STANDALONE=44991], networkLocation: /default-rack, certSerialId: null, persistedOpState: IN_SERVICE, persistedOpStateExpiryEpochSec: 0}, ReplicationConfig: RATIS/ONE, State:ALLOCATED, leaderId:dfcf168e-5082-4f01-a2db-1567ea82e82e, CreationTimestamp2022-08-27T01:04:13.427Z[Etc/UTC]] moved to OPEN state
2022-08-27 01:04:16,431 [pool-118-thread-1] INFO  server.RaftServerConfigKeys (ConfUtils.java:logGet(46)) - raft.server.log.preallocated.size = 16384 (custom)
2022-08-27 01:04:16,431 [pool-118-thread-1] INFO  server.RaftServerConfigKeys (ConfUtils.java:logGet(46)) - raft.server.log.force.sync.num = 128 (default)
2022-08-27 01:04:16,431 [pool-118-thread-1] INFO  server.RaftServerConfigKeys (ConfUtils.java:logGet(46)) - raft.server.log.statemachine.data.sync = true (default)
2022-08-27 01:04:16,431 [pool-118-thread-1] INFO  server.RaftServerConfigKeys (ConfUtils.java:logGet(46)) - raft.server.log.statemachine.data.sync.timeout = 10s (default)
2022-08-27 01:04:16,431 [pool-118-thread-1] INFO  server.RaftServerConfigKeys (ConfUtils.java:logGet(46)) - raft.server.log.statemachine.data.sync.timeout.retry = -1 (default)
2022-08-27 01:04:16,431 [EventQueue-OpenPipelineForHealthyPipelineSafeModeRule] INFO  safemode.SCMSafeModeManager (HealthyPipelineSafeModeRule.java:process(137)) - SCM in safe mode. Healthy pipelines reported count is 0, required healthy pipeline reported count is 1
2022-08-27 01:04:16,432 [pool-118-thread-1] INFO  server.RaftServerConfigKeys (ConfUtils.java:logGet(46)) - raft.server.log.write.buffer.size = 1048576 (custom)
2022-08-27 01:04:16,433 [pool-118-thread-1] INFO  server.RaftServerConfigKeys (ConfUtils.java:logGet(46)) - raft.server.log.unsafe-flush.enabled = false (default)
2022-08-27 01:04:16,433 [pool-118-thread-1] INFO  server.RaftServerConfigKeys (ConfUtils.java:logGet(46)) - raft.server.log.statemachine.data.caching.enabled = true (custom)
2022-08-27 01:04:16,433 [pool-118-thread-1] INFO  segmented.SegmentedRaftLogWorker (SegmentedRaftLogWorker.java:lambda$new$0(135)) - dfcf168e-5082-4f01-a2db-1567ea82e82e@group-5C092346DB41-SegmentedRaftLogWorker: flushIndex: setUnconditionally 0 -> -1
2022-08-27 01:04:16,433 [pool-118-thread-1] INFO  segmented.SegmentedRaftLogWorker (SegmentedRaftLogWorker.java:lambda$new$0(135)) - dfcf168e-5082-4f01-a2db-1567ea82e82e@group-5C092346DB41-SegmentedRaftLogWorker: safeCacheEvictIndex: setUnconditionally 0 -> -1
2022-08-27 01:04:16,433 [pool-118-thread-1] INFO  server.RaftServerConfigKeys (ConfUtils.java:logGet(46)) - raft.server.snapshot.auto.trigger.enabled = true (custom)
2022-08-27 01:04:16,433 [pool-118-thread-1] INFO  server.RaftServerConfigKeys (ConfUtils.java:logGet(46)) - raft.server.snapshot.auto.trigger.threshold = 10000 (custom)
2022-08-27 01:04:16,433 [pool-118-thread-1] INFO  server.RaftServerConfigKeys (ConfUtils.java:logGet(46)) - raft.server.snapshot.retention.file.num = 5 (custom)
2022-08-27 01:04:16,433 [pool-118-thread-1] INFO  server.RaftServerConfigKeys (ConfUtils.java:logGet(46)) - raft.server.log.purge.upto.snapshot.index = false (default)
2022-08-27 01:04:16,433 [pool-118-thread-1] INFO  server.RaftServerConfigKeys (ConfUtils.java:logGet(46)) - raft.server.retrycache.expirytime = 600000ms (custom)
2022-08-27 01:04:16,433 [pool-118-thread-1] INFO  server.RaftServerConfigKeys (ConfUtils.java:logGet(46)) - raft.server.retrycache.statistics.expirytime = 100μs (default)
2022-08-27 01:04:16,434 [pool-118-thread-1] INFO  server.RaftServerConfigKeys (ConfUtils.java:logGet(46)) - raft.server.log.appender.install.snapshot.enabled = false (custom)
2022-08-27 01:04:16,434 [pool-118-thread-1] INFO  server.RaftServerConfigKeys (ConfUtils.java:logGet(46)) - raft.server.threadpool.server.cached = true (default)
2022-08-27 01:04:16,435 [pool-118-thread-1] INFO  server.RaftServerConfigKeys (ConfUtils.java:logGet(46)) - raft.server.threadpool.server.size = 0 (default)
2022-08-27 01:04:16,435 [pool-118-thread-1] INFO  server.RaftServerConfigKeys (ConfUtils.java:logGet(46)) - raft.server.threadpool.client.cached = true (default)
2022-08-27 01:04:16,435 [pool-118-thread-1] INFO  server.RaftServerConfigKeys (ConfUtils.java:logGet(46)) - raft.server.threadpool.client.size = 0 (default)
2022-08-27 01:04:16,435 [pool-118-thread-1] INFO  server.RaftServer$Division (RaftServerImpl.java:start(310)) - dfcf168e-5082-4f01-a2db-1567ea82e82e@group-5C092346DB41: start as a follower, conf=-1: [dfcf168e-5082-4f01-a2db-1567ea82e82e|rpc:10.1.1.170:43507|priority:1], old=null
2022-08-27 01:04:16,435 [pool-118-thread-1] INFO  server.RaftServer$Division (RaftServerImpl.java:setRole(299)) - dfcf168e-5082-4f01-a2db-1567ea82e82e@group-5C092346DB41: changes role from      null to FOLLOWER at term 0 for startAsFollower
2022-08-27 01:04:16,435 [pool-118-thread-1] INFO  impl.RoleInfo (RoleInfo.java:updateAndGet(139)) - dfcf168e-5082-4f01-a2db-1567ea82e82e: start dfcf168e-5082-4f01-a2db-1567ea82e82e@group-5C092346DB41-FollowerState
2022-08-27 01:04:16,435 [pool-118-thread-1] INFO  util.JmxRegister (JmxRegister.java:tryRegister(44)) - Successfully registered JMX Bean with object name Ratis:service=RaftServer,group=group-5C092346DB41,id=dfcf168e-5082-4f01-a2db-1567ea82e82e
2022-08-27 01:04:16,436 [Command processor thread] INFO  ratis.XceiverServerRatis (XceiverServerRatis.java:addGroup(765)) - Created group PipelineID=9a55d528-00e5-49c1-9287-5c092346db41
2022-08-27 01:04:16,436 [Command processor thread] INFO  commandhandler.CreatePipelineCommandHandler (CreatePipelineCommandHandler.java:handle(113)) - Created Pipeline RATIS ONE PipelineID=9a55d528-00e5-49c1-9287-5c092346db41.
2022-08-27 01:04:16,741 [Command processor thread] INFO  server.RaftServer (RaftServerProxy.java:addNew(96)) - 10661b26-eda0-4e01-aa97-bfa554844a49: addNew group-0FAE5C14FEDB:[10661b26-eda0-4e01-aa97-bfa554844a49|rpc:10.1.1.170:44501|priority:1] returns group-0FAE5C14FEDB:java.util.concurrent.CompletableFuture@586cbae0[Not completed]
2022-08-27 01:04:16,743 [pool-141-thread-1] INFO  server.RaftServer$Division (RaftServerImpl.java:<init>(190)) - 10661b26-eda0-4e01-aa97-bfa554844a49: new RaftServerImpl for group-0FAE5C14FEDB:[10661b26-eda0-4e01-aa97-bfa554844a49|rpc:10.1.1.170:44501|priority:1] with ContainerStateMachine:uninitialized
2022-08-27 01:04:16,743 [pool-141-thread-1] INFO  server.RaftServerConfigKeys (ConfUtils.java:logGet(46)) - raft.server.rpc.timeout.min = 5s (custom)
2022-08-27 01:04:16,743 [pool-141-thread-1] INFO  server.RaftServerConfigKeys (ConfUtils.java:logGet(46)) - raft.server.rpc.timeout.max = 5200ms (custom)
2022-08-27 01:04:16,743 [pool-141-thread-1] INFO  server.RaftServerConfigKeys (ConfUtils.java:logGet(46)) - raft.server.rpc.sleep.time = 25ms (default)
2022-08-27 01:04:16,743 [pool-141-thread-1] INFO  server.RaftServerConfigKeys (ConfUtils.java:logGet(46)) - raft.server.rpc.slowness.timeout = 300s (custom)
2022-08-27 01:04:16,743 [pool-141-thread-1] INFO  server.RaftServerConfigKeys (ConfUtils.java:logGet(46)) - raft.server.leaderelection.leader.step-down.wait-time = 10s (default)
2022-08-27 01:04:16,743 [pool-141-thread-1] INFO  server.RaftServerConfigKeys (ConfUtils.java:logGet(46)) - raft.server.sleep.deviation.threshold = 300ms (default)
2022-08-27 01:04:16,743 [pool-141-thread-1] INFO  server.RaftServer$Division (ServerState.java:<init>(107)) - 10661b26-eda0-4e01-aa97-bfa554844a49@group-0FAE5C14FEDB: ConfigurationManager, init=-1: [10661b26-eda0-4e01-aa97-bfa554844a49|rpc:10.1.1.170:44501|priority:1], old=null, confs=<EMPTY_MAP>
2022-08-27 01:04:16,744 [pool-141-thread-1] INFO  server.RaftServerConfigKeys (ConfUtils.java:logGet(46)) - raft.server.storage.dir = [/home/runner/work/ozone/ozone/hadoop-ozone/integration-test/target/test-dir/MiniOzoneClusterImpl-06e86dd3-d7df-4a2c-b8a6-272c25fd117f/datanode-3/data/ratis] (custom)
2022-08-27 01:04:16,744 [pool-141-thread-1] INFO  server.RaftServerConfigKeys (ConfUtils.java:logGet(46)) - raft.server.log.corruption.policy = EXCEPTION (default)
2022-08-27 01:04:16,744 [pool-141-thread-1] INFO  server.RaftServerConfigKeys (ConfUtils.java:logGet(46)) - raft.server.storage.free-space.min = 0MB (=0) (default)
2022-08-27 01:04:16,744 [pool-141-thread-1] INFO  storage.RaftStorageDirectory (RaftStorageDirectoryImpl.java:analyzeStorage(135)) - The storage directory /home/runner/work/ozone/ozone/hadoop-ozone/integration-test/target/test-dir/MiniOzoneClusterImpl-06e86dd3-d7df-4a2c-b8a6-272c25fd117f/datanode-3/data/ratis/1be73457-82c4-472e-a12d-0fae5c14fedb does not exist. Creating ...
2022-08-27 01:04:16,747 [pool-141-thread-1] INFO  storage.RaftStorageDirectory (RaftStorageDirectoryImpl.java:tryLock(230)) - Lock on /home/runner/work/ozone/ozone/hadoop-ozone/integration-test/target/test-dir/MiniOzoneClusterImpl-06e86dd3-d7df-4a2c-b8a6-272c25fd117f/datanode-3/data/ratis/1be73457-82c4-472e-a12d-0fae5c14fedb/in_use.lock acquired by nodename 21368@fv-az41-820
2022-08-27 01:04:16,748 [EventQueue-OpenPipelineForHealthyPipelineSafeModeRule] INFO  safemode.SCMSafeModeManager (HealthyPipelineSafeModeRule.java:process(137)) - SCM in safe mode. Healthy pipelines reported count is 0, required healthy pipeline reported count is 1
2022-08-27 01:04:16,752 [pool-141-thread-1] INFO  storage.RaftStorage (RaftStorageImpl.java:format(89)) - Storage directory /home/runner/work/ozone/ozone/hadoop-ozone/integration-test/target/test-dir/MiniOzoneClusterImpl-06e86dd3-d7df-4a2c-b8a6-272c25fd117f/datanode-3/data/ratis/1be73457-82c4-472e-a12d-0fae5c14fedb has been successfully formatted.
2022-08-27 01:04:16,752 [pool-141-thread-1] INFO  ratis.ContainerStateMachine (ContainerStateMachine.java:loadSnapshot(236)) - group-0FAE5C14FEDB: The snapshot info is null. Setting the last applied indexto:(t:0, i:~)
2022-08-27 01:04:16,752 [pool-141-thread-1] INFO  server.RaftServerConfigKeys (ConfUtils.java:logGet(46)) - raft.server.notification.no-leader.timeout = 300s (custom)
2022-08-27 01:04:16,752 [pool-141-thread-1] INFO  server.RaftServerConfigKeys (ConfUtils.java:logGet(46)) - raft.server.log.use.memory = false (default)
2022-08-27 01:04:16,752 [pool-141-thread-1] INFO  server.RaftServerConfigKeys (ConfUtils.java:logGet(46)) - raft.server.log.purge.gap = 1000000 (custom)
2022-08-27 01:04:16,752 [pool-141-thread-1] INFO  server.RaftServerConfigKeys (ConfUtils.java:logGet(46)) - raft.server.log.appender.buffer.byte-limit = 33554432 (custom)
2022-08-27 01:04:16,752 [pool-141-thread-1] INFO  server.RaftServerConfigKeys (ConfUtils.java:logGet(46)) - raft.server.log.statemachine.data.read.timeout = 1000ms (default)
2022-08-27 01:04:16,753 [pool-141-thread-1] INFO  server.RaftServerConfigKeys (ConfUtils.java:logGet(46)) - raft.server.log.segment.size.max = 1048576 (custom)
2022-08-27 01:04:16,753 [pool-141-thread-1] INFO  server.RaftServerConfigKeys (ConfUtils.java:logGet(46)) - raft.server.log.segment.cache.num.max = 2 (custom)
2022-08-27 01:04:16,753 [pool-141-thread-1] INFO  server.RaftServerConfigKeys (ConfUtils.java:logGet(46)) - raft.server.log.segment.cache.size.max = 200MB (=209715200) (default)
2022-08-27 01:04:16,753 [pool-141-thread-1] INFO  segmented.SegmentedRaftLogWorker (SegmentedRaftLogWorker.java:<init>(187)) - new 10661b26-eda0-4e01-aa97-bfa554844a49@group-0FAE5C14FEDB-SegmentedRaftLogWorker for RaftStorageImpl:Storage Directory /home/runner/work/ozone/ozone/hadoop-ozone/integration-test/target/test-dir/MiniOzoneClusterImpl-06e86dd3-d7df-4a2c-b8a6-272c25fd117f/datanode-3/data/ratis/1be73457-82c4-472e-a12d-0fae5c14fedb
2022-08-27 01:04:16,753 [pool-141-thread-1] INFO  server.RaftServerConfigKeys (ConfUtils.java:logGet(46)) - raft.server.log.queue.byte-limit = 4294967296 (custom)
2022-08-27 01:04:16,753 [pool-141-thread-1] INFO  server.RaftServerConfigKeys (ConfUtils.java:logGet(46)) - raft.server.log.queue.element-limit = 1024 (custom)
2022-08-27 01:04:16,753 [pool-141-thread-1] INFO  server.RaftServerConfigKeys (ConfUtils.java:logGet(46)) - raft.server.log.segment.size.max = 1048576 (custom)
2022-08-27 01:04:16,753 [pool-141-thread-1] INFO  server.RaftServerConfigKeys (ConfUtils.java:logGet(46)) - raft.server.log.preallocated.size = 16384 (custom)
2022-08-27 01:04:16,753 [pool-141-thread-1] INFO  server.RaftServerConfigKeys (ConfUtils.java:logGet(46)) - raft.server.log.force.sync.num = 128 (default)
2022-08-27 01:04:16,753 [pool-141-thread-1] INFO  server.RaftServerConfigKeys (ConfUtils.java:logGet(46)) - raft.server.log.statemachine.data.sync = true (default)
2022-08-27 01:04:16,753 [pool-141-thread-1] INFO  server.RaftServerConfigKeys (ConfUtils.java:logGet(46)) - raft.server.log.statemachine.data.sync.timeout = 10s (default)
2022-08-27 01:04:16,753 [pool-141-thread-1] INFO  server.RaftServerConfigKeys (ConfUtils.java:logGet(46)) - raft.server.log.statemachine.data.sync.timeout.retry = -1 (default)
2022-08-27 01:04:16,754 [pool-141-thread-1] INFO  server.RaftServerConfigKeys (ConfUtils.java:logGet(46)) - raft.server.log.write.buffer.size = 1048576 (custom)
2022-08-27 01:04:16,754 [pool-141-thread-1] INFO  server.RaftServerConfigKeys (ConfUtils.java:logGet(46)) - raft.server.log.unsafe-flush.enabled = false (default)
2022-08-27 01:04:16,754 [pool-141-thread-1] INFO  server.RaftServerConfigKeys (ConfUtils.java:logGet(46)) - raft.server.log.statemachine.data.caching.enabled = true (custom)
2022-08-27 01:04:16,755 [pool-141-thread-1] INFO  segmented.SegmentedRaftLogWorker (SegmentedRaftLogWorker.java:lambda$new$0(135)) - 10661b26-eda0-4e01-aa97-bfa554844a49@group-0FAE5C14FEDB-SegmentedRaftLogWorker: flushIndex: setUnconditionally 0 -> -1
2022-08-27 01:04:16,755 [pool-141-thread-1] INFO  segmented.SegmentedRaftLogWorker (SegmentedRaftLogWorker.java:lambda$new$0(135)) - 10661b26-eda0-4e01-aa97-bfa554844a49@group-0FAE5C14FEDB-SegmentedRaftLogWorker: safeCacheEvictIndex: setUnconditionally 0 -> -1
2022-08-27 01:04:16,755 [pool-141-thread-1] INFO  server.RaftServerConfigKeys (ConfUtils.java:logGet(46)) - raft.server.snapshot.auto.trigger.enabled = true (custom)
2022-08-27 01:04:16,755 [pool-141-thread-1] INFO  server.RaftServerConfigKeys (ConfUtils.java:logGet(46)) - raft.server.snapshot.auto.trigger.threshold = 10000 (custom)
2022-08-27 01:04:16,755 [pool-141-thread-1] INFO  server.RaftServerConfigKeys (ConfUtils.java:logGet(46)) - raft.server.snapshot.retention.file.num = 5 (custom)
2022-08-27 01:04:16,755 [pool-141-thread-1] INFO  server.RaftServerConfigKeys (ConfUtils.java:logGet(46)) - raft.server.log.purge.upto.snapshot.index = false (default)
2022-08-27 01:04:16,755 [pool-141-thread-1] INFO  server.RaftServerConfigKeys (ConfUtils.java:logGet(46)) - raft.server.retrycache.expirytime = 600000ms (custom)
2022-08-27 01:04:16,755 [pool-141-thread-1] INFO  server.RaftServerConfigKeys (ConfUtils.java:logGet(46)) - raft.server.retrycache.statistics.expirytime = 100μs (default)
2022-08-27 01:04:16,755 [EventQueue-PipelineReportForPipelineReportHandler] INFO  pipeline.PipelineManagerImpl (PipelineManagerImpl.java:openPipeline(367)) - Pipeline Pipeline[ Id: 1be73457-82c4-472e-a12d-0fae5c14fedb, Nodes: 10661b26-eda0-4e01-aa97-bfa554844a49{ip: 10.1.1.170, host: fv-az41-820.zje5jq5y5x4uznwvdkgxk4wc2h.cx.internal.cloudapp.net, ports: [REPLICATION=39903, RATIS=44501, RATIS_ADMIN=44501, RATIS_SERVER=44501, STANDALONE=35217], networkLocation: /default-rack, certSerialId: null, persistedOpState: IN_SERVICE, persistedOpStateExpiryEpochSec: 0}, ReplicationConfig: RATIS/ONE, State:ALLOCATED, leaderId:10661b26-eda0-4e01-aa97-bfa554844a49, CreationTimestamp2022-08-27T01:04:13.744Z[Etc/UTC]] moved to OPEN state
2022-08-27 01:04:16,756 [EventQueue-OpenPipelineForHealthyPipelineSafeModeRule] INFO  safemode.SCMSafeModeManager (HealthyPipelineSafeModeRule.java:process(137)) - SCM in safe mode. Healthy pipelines reported count is 0, required healthy pipeline reported count is 1
2022-08-27 01:04:16,756 [pool-141-thread-1] INFO  server.RaftServerConfigKeys (ConfUtils.java:logGet(46)) - raft.server.log.appender.install.snapshot.enabled = false (custom)
2022-08-27 01:04:16,756 [pool-141-thread-1] INFO  server.RaftServerConfigKeys (ConfUtils.java:logGet(46)) - raft.server.threadpool.server.cached = true (default)
2022-08-27 01:04:16,756 [pool-141-thread-1] INFO  server.RaftServerConfigKeys (ConfUtils.java:logGet(46)) - raft.server.threadpool.server.size = 0 (default)
2022-08-27 01:04:16,757 [pool-141-thread-1] INFO  server.RaftServerConfigKeys (ConfUtils.java:logGet(46)) - raft.server.threadpool.client.cached = true (default)
2022-08-27 01:04:16,757 [pool-141-thread-1] INFO  server.RaftServerConfigKeys (ConfUtils.java:logGet(46)) - raft.server.threadpool.client.size = 0 (default)
2022-08-27 01:04:16,757 [pool-141-thread-1] INFO  server.RaftServer$Division (RaftServerImpl.java:start(310)) - 10661b26-eda0-4e01-aa97-bfa554844a49@group-0FAE5C14FEDB: start as a follower, conf=-1: [10661b26-eda0-4e01-aa97-bfa554844a49|rpc:10.1.1.170:44501|priority:1], old=null
2022-08-27 01:04:16,757 [pool-141-thread-1] INFO  server.RaftServer$Division (RaftServerImpl.java:setRole(299)) - 10661b26-eda0-4e01-aa97-bfa554844a49@group-0FAE5C14FEDB: changes role from      null to FOLLOWER at term 0 for startAsFollower
2022-08-27 01:04:16,757 [pool-141-thread-1] INFO  impl.RoleInfo (RoleInfo.java:updateAndGet(139)) - 10661b26-eda0-4e01-aa97-bfa554844a49: start 10661b26-eda0-4e01-aa97-bfa554844a49@group-0FAE5C14FEDB-FollowerState
2022-08-27 01:04:16,759 [pool-141-thread-1] INFO  util.JmxRegister (JmxRegister.java:tryRegister(44)) - Successfully registered JMX Bean with object name Ratis:service=RaftServer,group=group-0FAE5C14FEDB,id=10661b26-eda0-4e01-aa97-bfa554844a49
2022-08-27 01:04:16,760 [Command processor thread] INFO  ratis.XceiverServerRatis (XceiverServerRatis.java:addGroup(765)) - Created group PipelineID=1be73457-82c4-472e-a12d-0fae5c14fedb
2022-08-27 01:04:16,760 [Command processor thread] INFO  commandhandler.CreatePipelineCommandHandler (CreatePipelineCommandHandler.java:handle(113)) - Created Pipeline RATIS ONE PipelineID=1be73457-82c4-472e-a12d-0fae5c14fedb.
2022-08-27 01:04:16,760 [Command processor thread] INFO  server.RaftServer (RaftServerProxy.java:addNew(96)) - 10661b26-eda0-4e01-aa97-bfa554844a49: addNew group-63C936D77AF9:[10661b26-eda0-4e01-aa97-bfa554844a49|rpc:10.1.1.170:44501|priority:0, 47218c16-f2d5-4cf1-b4da-5ee36f49a8d8|rpc:10.1.1.170:36037|priority:0, efe08b73-b8e1-4cbd-8d64-d052696c0c3d|rpc:10.1.1.170:38497|priority:1] returns group-63C936D77AF9:java.util.concurrent.CompletableFuture@5c533535[Not completed]
2022-08-27 01:04:16,761 [pool-141-thread-1] INFO  server.RaftServer$Division (RaftServerImpl.java:<init>(190)) - 10661b26-eda0-4e01-aa97-bfa554844a49: new RaftServerImpl for group-63C936D77AF9:[10661b26-eda0-4e01-aa97-bfa554844a49|rpc:10.1.1.170:44501|priority:0, 47218c16-f2d5-4cf1-b4da-5ee36f49a8d8|rpc:10.1.1.170:36037|priority:0, efe08b73-b8e1-4cbd-8d64-d052696c0c3d|rpc:10.1.1.170:38497|priority:1] with ContainerStateMachine:uninitialized
2022-08-27 01:04:16,761 [pool-141-thread-1] INFO  server.RaftServerConfigKeys (ConfUtils.java:logGet(46)) - raft.server.rpc.timeout.min = 5s (custom)
2022-08-27 01:04:16,762 [pool-141-thread-1] INFO  server.RaftServerConfigKeys (ConfUtils.java:logGet(46)) - raft.server.rpc.timeout.max = 5200ms (custom)
2022-08-27 01:04:16,762 [pool-141-thread-1] INFO  server.RaftServerConfigKeys (ConfUtils.java:logGet(46)) - raft.server.rpc.sleep.time = 25ms (default)
2022-08-27 01:04:16,762 [pool-141-thread-1] INFO  server.RaftServerConfigKeys (ConfUtils.java:logGet(46)) - raft.server.rpc.slowness.timeout = 300s (custom)
2022-08-27 01:04:16,762 [pool-141-thread-1] INFO  server.RaftServerConfigKeys (ConfUtils.java:logGet(46)) - raft.server.leaderelection.leader.step-down.wait-time = 10s (default)
2022-08-27 01:04:16,762 [pool-141-thread-1] INFO  server.RaftServerConfigKeys (ConfUtils.java:logGet(46)) - raft.server.sleep.deviation.threshold = 300ms (default)
2022-08-27 01:04:16,762 [pool-141-thread-1] INFO  server.RaftServer$Division (ServerState.java:<init>(107)) - 10661b26-eda0-4e01-aa97-bfa554844a49@group-63C936D77AF9: ConfigurationManager, init=-1: [10661b26-eda0-4e01-aa97-bfa554844a49|rpc:10.1.1.170:44501|priority:0, 47218c16-f2d5-4cf1-b4da-5ee36f49a8d8|rpc:10.1.1.170:36037|priority:0, efe08b73-b8e1-4cbd-8d64-d052696c0c3d|rpc:10.1.1.170:38497|priority:1], old=null, confs=<EMPTY_MAP>
2022-08-27 01:04:16,762 [pool-141-thread-1] INFO  server.RaftServerConfigKeys (ConfUtils.java:logGet(46)) - raft.server.storage.dir = [/home/runner/work/ozone/ozone/hadoop-ozone/integration-test/target/test-dir/MiniOzoneClusterImpl-06e86dd3-d7df-4a2c-b8a6-272c25fd117f/datanode-3/data/ratis] (custom)
2022-08-27 01:04:16,762 [pool-141-thread-1] INFO  server.RaftServerConfigKeys (ConfUtils.java:logGet(46)) - raft.server.log.corruption.policy = EXCEPTION (default)
2022-08-27 01:04:16,762 [pool-141-thread-1] INFO  server.RaftServerConfigKeys (ConfUtils.java:logGet(46)) - raft.server.storage.free-space.min = 0MB (=0) (default)
2022-08-27 01:04:16,762 [pool-141-thread-1] INFO  storage.RaftStorageDirectory (RaftStorageDirectoryImpl.java:analyzeStorage(135)) - The storage directory /home/runner/work/ozone/ozone/hadoop-ozone/integration-test/target/test-dir/MiniOzoneClusterImpl-06e86dd3-d7df-4a2c-b8a6-272c25fd117f/datanode-3/data/ratis/0e3cd51a-ef7e-47c8-8237-63c936d77af9 does not exist. Creating ...
2022-08-27 01:04:16,763 [pool-141-thread-1] INFO  storage.RaftStorageDirectory (RaftStorageDirectoryImpl.java:tryLock(230)) - Lock on /home/runner/work/ozone/ozone/hadoop-ozone/integration-test/target/test-dir/MiniOzoneClusterImpl-06e86dd3-d7df-4a2c-b8a6-272c25fd117f/datanode-3/data/ratis/0e3cd51a-ef7e-47c8-8237-63c936d77af9/in_use.lock acquired by nodename 21368@fv-az41-820
2022-08-27 01:04:16,764 [pool-141-thread-1] INFO  storage.RaftStorage (RaftStorageImpl.java:format(89)) - Storage directory /home/runner/work/ozone/ozone/hadoop-ozone/integration-test/target/test-dir/MiniOzoneClusterImpl-06e86dd3-d7df-4a2c-b8a6-272c25fd117f/datanode-3/data/ratis/0e3cd51a-ef7e-47c8-8237-63c936d77af9 has been successfully formatted.
2022-08-27 01:04:16,766 [EventQueue-OpenPipelineForHealthyPipelineSafeModeRule] INFO  safemode.SCMSafeModeManager (HealthyPipelineSafeModeRule.java:process(137)) - SCM in safe mode. Healthy pipelines reported count is 0, required healthy pipeline reported count is 1
2022-08-27 01:04:16,766 [pool-141-thread-1] INFO  ratis.ContainerStateMachine (ContainerStateMachine.java:loadSnapshot(236)) - group-63C936D77AF9: The snapshot info is null. Setting the last applied indexto:(t:0, i:~)
2022-08-27 01:04:16,766 [pool-141-thread-1] INFO  server.RaftServerConfigKeys (ConfUtils.java:logGet(46)) - raft.server.notification.no-leader.timeout = 300s (custom)
2022-08-27 01:04:16,766 [pool-141-thread-1] INFO  server.RaftServerConfigKeys (ConfUtils.java:logGet(46)) - raft.server.log.use.memory = false (default)
2022-08-27 01:04:16,766 [pool-141-thread-1] INFO  server.RaftServerConfigKeys (ConfUtils.java:logGet(46)) - raft.server.log.purge.gap = 1000000 (custom)
2022-08-27 01:04:16,766 [pool-141-thread-1] INFO  server.RaftServerConfigKeys (ConfUtils.java:logGet(46)) - raft.server.log.appender.buffer.byte-limit = 33554432 (custom)
2022-08-27 01:04:16,766 [pool-141-thread-1] INFO  server.RaftServerConfigKeys (ConfUtils.java:logGet(46)) - raft.server.log.statemachine.data.read.timeout = 1000ms (default)
2022-08-27 01:04:16,767 [pool-141-thread-1] INFO  server.RaftServerConfigKeys (ConfUtils.java:logGet(46)) - raft.server.log.segment.size.max = 1048576 (custom)
2022-08-27 01:04:16,767 [pool-141-thread-1] INFO  server.RaftServerConfigKeys (ConfUtils.java:logGet(46)) - raft.server.log.segment.cache.num.max = 2 (custom)
2022-08-27 01:04:16,767 [pool-141-thread-1] INFO  server.RaftServerConfigKeys (ConfUtils.java:logGet(46)) - raft.server.log.segment.cache.size.max = 200MB (=209715200) (default)
2022-08-27 01:04:16,767 [pool-141-thread-1] INFO  segmented.SegmentedRaftLogWorker (SegmentedRaftLogWorker.java:<init>(187)) - new 10661b26-eda0-4e01-aa97-bfa554844a49@group-63C936D77AF9-SegmentedRaftLogWorker for RaftStorageImpl:Storage Directory /home/runner/work/ozone/ozone/hadoop-ozone/integration-test/target/test-dir/MiniOzoneClusterImpl-06e86dd3-d7df-4a2c-b8a6-272c25fd117f/datanode-3/data/ratis/0e3cd51a-ef7e-47c8-8237-63c936d77af9
2022-08-27 01:04:16,767 [pool-141-thread-1] INFO  server.RaftServerConfigKeys (ConfUtils.java:logGet(46)) - raft.server.log.queue.byte-limit = 4294967296 (custom)
2022-08-27 01:04:16,767 [pool-141-thread-1] INFO  server.RaftServerConfigKeys (ConfUtils.java:logGet(46)) - raft.server.log.queue.element-limit = 1024 (custom)
2022-08-27 01:04:16,767 [pool-141-thread-1] INFO  server.RaftServerConfigKeys (ConfUtils.java:logGet(46)) - raft.server.log.segment.size.max = 1048576 (custom)
2022-08-27 01:04:16,767 [pool-141-thread-1] INFO  server.RaftServerConfigKeys (ConfUtils.java:logGet(46)) - raft.server.log.preallocated.size = 16384 (custom)
2022-08-27 01:04:16,767 [pool-141-thread-1] INFO  server.RaftServerConfigKeys (ConfUtils.java:logGet(46)) - raft.server.log.force.sync.num = 128 (default)
2022-08-27 01:04:16,767 [pool-141-thread-1] INFO  server.RaftServerConfigKeys (ConfUtils.java:logGet(46)) - raft.server.log.statemachine.data.sync = true (default)
2022-08-27 01:04:16,767 [pool-141-thread-1] INFO  server.RaftServerConfigKeys (ConfUtils.java:logGet(46)) - raft.server.log.statemachine.data.sync.timeout = 10s (default)
2022-08-27 01:04:16,767 [pool-141-thread-1] INFO  server.RaftServerConfigKeys (ConfUtils.java:logGet(46)) - raft.server.log.statemachine.data.sync.timeout.retry = -1 (default)
2022-08-27 01:04:16,768 [pool-141-thread-1] INFO  server.RaftServerConfigKeys (ConfUtils.java:logGet(46)) - raft.server.log.write.buffer.size = 1048576 (custom)
2022-08-27 01:04:16,768 [pool-141-thread-1] INFO  server.RaftServerConfigKeys (ConfUtils.java:logGet(46)) - raft.server.log.unsafe-flush.enabled = false (default)
2022-08-27 01:04:16,768 [pool-141-thread-1] INFO  server.RaftServerConfigKeys (ConfUtils.java:logGet(46)) - raft.server.log.statemachine.data.caching.enabled = true (custom)
2022-08-27 01:04:16,768 [pool-141-thread-1] INFO  segmented.SegmentedRaftLogWorker (SegmentedRaftLogWorker.java:lambda$new$0(135)) - 10661b26-eda0-4e01-aa97-bfa554844a49@group-63C936D77AF9-SegmentedRaftLogWorker: flushIndex: setUnconditionally 0 -> -1
2022-08-27 01:04:16,768 [pool-141-thread-1] INFO  segmented.SegmentedRaftLogWorker (SegmentedRaftLogWorker.java:lambda$new$0(135)) - 10661b26-eda0-4e01-aa97-bfa554844a49@group-63C936D77AF9-SegmentedRaftLogWorker: safeCacheEvictIndex: setUnconditionally 0 -> -1
2022-08-27 01:04:16,772 [pool-141-thread-1] INFO  server.RaftServerConfigKeys (ConfUtils.java:logGet(46)) - raft.server.snapshot.auto.trigger.enabled = true (custom)
2022-08-27 01:04:16,773 [pool-141-thread-1] INFO  server.RaftServerConfigKeys (ConfUtils.java:logGet(46)) - raft.server.snapshot.auto.trigger.threshold = 10000 (custom)
2022-08-27 01:04:16,773 [pool-141-thread-1] INFO  server.RaftServerConfigKeys (ConfUtils.java:logGet(46)) - raft.server.snapshot.retention.file.num = 5 (custom)
2022-08-27 01:04:16,773 [pool-141-thread-1] INFO  server.RaftServerConfigKeys (ConfUtils.java:logGet(46)) - raft.server.log.purge.upto.snapshot.index = false (default)
2022-08-27 01:04:16,773 [pool-141-thread-1] INFO  server.RaftServerConfigKeys (ConfUtils.java:logGet(46)) - raft.server.retrycache.expirytime = 600000ms (custom)
2022-08-27 01:04:16,773 [pool-141-thread-1] INFO  server.RaftServerConfigKeys (ConfUtils.java:logGet(46)) - raft.server.retrycache.statistics.expirytime = 100μs (default)
2022-08-27 01:04:16,775 [pool-141-thread-1] INFO  server.RaftServerConfigKeys (ConfUtils.java:logGet(46)) - raft.server.log.appender.install.snapshot.enabled = false (custom)
2022-08-27 01:04:16,775 [pool-141-thread-1] INFO  server.RaftServerConfigKeys (ConfUtils.java:logGet(46)) - raft.server.threadpool.server.cached = true (default)
2022-08-27 01:04:16,775 [pool-141-thread-1] INFO  server.RaftServerConfigKeys (ConfUtils.java:logGet(46)) - raft.server.threadpool.server.size = 0 (default)
2022-08-27 01:04:16,775 [pool-141-thread-1] INFO  server.RaftServerConfigKeys (ConfUtils.java:logGet(46)) - raft.server.threadpool.client.cached = true (default)
2022-08-27 01:04:16,775 [pool-141-thread-1] INFO  server.RaftServerConfigKeys (ConfUtils.java:logGet(46)) - raft.server.threadpool.client.size = 0 (default)
2022-08-27 01:04:16,775 [pool-141-thread-1] INFO  server.RaftServer$Division (RaftServerImpl.java:start(310)) - 10661b26-eda0-4e01-aa97-bfa554844a49@group-63C936D77AF9: start as a follower, conf=-1: [10661b26-eda0-4e01-aa97-bfa554844a49|rpc:10.1.1.170:44501|priority:0, 47218c16-f2d5-4cf1-b4da-5ee36f49a8d8|rpc:10.1.1.170:36037|priority:0, efe08b73-b8e1-4cbd-8d64-d052696c0c3d|rpc:10.1.1.170:38497|priority:1], old=null
2022-08-27 01:04:16,775 [pool-141-thread-1] INFO  server.RaftServer$Division (RaftServerImpl.java:setRole(299)) - 10661b26-eda0-4e01-aa97-bfa554844a49@group-63C936D77AF9: changes role from      null to FOLLOWER at term 0 for startAsFollower
2022-08-27 01:04:16,775 [pool-141-thread-1] INFO  impl.RoleInfo (RoleInfo.java:updateAndGet(139)) - 10661b26-eda0-4e01-aa97-bfa554844a49: start 10661b26-eda0-4e01-aa97-bfa554844a49@group-63C936D77AF9-FollowerState
2022-08-27 01:04:16,776 [pool-141-thread-1] INFO  util.JmxRegister (JmxRegister.java:tryRegister(44)) - Successfully registered JMX Bean with object name Ratis:service=RaftServer,group=group-63C936D77AF9,id=10661b26-eda0-4e01-aa97-bfa554844a49
2022-08-27 01:04:16,776 [Command processor thread] INFO  ratis.XceiverServerRatis (XceiverServerRatis.java:addGroup(765)) - Created group PipelineID=0e3cd51a-ef7e-47c8-8237-63c936d77af9
2022-08-27 01:04:16,791 [grpc-default-executor-0] INFO  server.RaftServer (RaftServerProxy.java:addNew(96)) - 47218c16-f2d5-4cf1-b4da-5ee36f49a8d8: addNew group-63C936D77AF9:[10661b26-eda0-4e01-aa97-bfa554844a49|rpc:10.1.1.170:44501|dataStream:|priority:0, 47218c16-f2d5-4cf1-b4da-5ee36f49a8d8|rpc:10.1.1.170:36037|dataStream:|priority:0, efe08b73-b8e1-4cbd-8d64-d052696c0c3d|rpc:10.1.1.170:38497|dataStream:|priority:1] returns group-63C936D77AF9:java.util.concurrent.CompletableFuture@43f04b44[Not completed]
2022-08-27 01:04:16,792 [pool-187-thread-1] INFO  server.RaftServer$Division (RaftServerImpl.java:<init>(190)) - 47218c16-f2d5-4cf1-b4da-5ee36f49a8d8: new RaftServerImpl for group-63C936D77AF9:[10661b26-eda0-4e01-aa97-bfa554844a49|rpc:10.1.1.170:44501|dataStream:|priority:0, 47218c16-f2d5-4cf1-b4da-5ee36f49a8d8|rpc:10.1.1.170:36037|dataStream:|priority:0, efe08b73-b8e1-4cbd-8d64-d052696c0c3d|rpc:10.1.1.170:38497|dataStream:|priority:1] with ContainerStateMachine:uninitialized
2022-08-27 01:04:16,792 [pool-187-thread-1] INFO  server.RaftServerConfigKeys (ConfUtils.java:logGet(46)) - raft.server.rpc.timeout.min = 5s (custom)
2022-08-27 01:04:16,792 [pool-187-thread-1] INFO  server.RaftServerConfigKeys (ConfUtils.java:logGet(46)) - raft.server.rpc.timeout.max = 5200ms (custom)
2022-08-27 01:04:16,792 [pool-187-thread-1] INFO  server.RaftServerConfigKeys (ConfUtils.java:logGet(46)) - raft.server.rpc.sleep.time = 25ms (default)
2022-08-27 01:04:16,792 [pool-187-thread-1] INFO  server.RaftServerConfigKeys (ConfUtils.java:logGet(46)) - raft.server.rpc.slowness.timeout = 300s (custom)
2022-08-27 01:04:16,792 [pool-187-thread-1] INFO  server.RaftServerConfigKeys (ConfUtils.java:logGet(46)) - raft.server.leaderelection.leader.step-down.wait-time = 10s (default)
2022-08-27 01:04:16,792 [pool-187-thread-1] INFO  server.RaftServerConfigKeys (ConfUtils.java:logGet(46)) - raft.server.sleep.deviation.threshold = 300ms (default)
2022-08-27 01:04:16,792 [pool-187-thread-1] INFO  server.RaftServer$Division (ServerState.java:<init>(107)) - 47218c16-f2d5-4cf1-b4da-5ee36f49a8d8@group-63C936D77AF9: ConfigurationManager, init=-1: [10661b26-eda0-4e01-aa97-bfa554844a49|rpc:10.1.1.170:44501|dataStream:|priority:0, 47218c16-f2d5-4cf1-b4da-5ee36f49a8d8|rpc:10.1.1.170:36037|dataStream:|priority:0, efe08b73-b8e1-4cbd-8d64-d052696c0c3d|rpc:10.1.1.170:38497|dataStream:|priority:1], old=null, confs=<EMPTY_MAP>
2022-08-27 01:04:16,793 [pool-187-thread-1] INFO  server.RaftServerConfigKeys (ConfUtils.java:logGet(46)) - raft.server.storage.dir = [/home/runner/work/ozone/ozone/hadoop-ozone/integration-test/target/test-dir/MiniOzoneClusterImpl-06e86dd3-d7df-4a2c-b8a6-272c25fd117f/datanode-5/data/ratis] (custom)
2022-08-27 01:04:16,793 [pool-187-thread-1] INFO  server.RaftServerConfigKeys (ConfUtils.java:logGet(46)) - raft.server.log.corruption.policy = EXCEPTION (default)
2022-08-27 01:04:16,793 [pool-187-thread-1] INFO  server.RaftServerConfigKeys (ConfUtils.java:logGet(46)) - raft.server.storage.free-space.min = 0MB (=0) (default)
2022-08-27 01:04:16,794 [pool-187-thread-1] INFO  storage.RaftStorageDirectory (RaftStorageDirectoryImpl.java:analyzeStorage(135)) - The storage directory /home/runner/work/ozone/ozone/hadoop-ozone/integration-test/target/test-dir/MiniOzoneClusterImpl-06e86dd3-d7df-4a2c-b8a6-272c25fd117f/datanode-5/data/ratis/0e3cd51a-ef7e-47c8-8237-63c936d77af9 does not exist. Creating ...
2022-08-27 01:04:16,794 [pool-187-thread-1] INFO  storage.RaftStorageDirectory (RaftStorageDirectoryImpl.java:tryLock(230)) - Lock on /home/runner/work/ozone/ozone/hadoop-ozone/integration-test/target/test-dir/MiniOzoneClusterImpl-06e86dd3-d7df-4a2c-b8a6-272c25fd117f/datanode-5/data/ratis/0e3cd51a-ef7e-47c8-8237-63c936d77af9/in_use.lock acquired by nodename 21368@fv-az41-820
2022-08-27 01:04:16,796 [pool-187-thread-1] INFO  storage.RaftStorage (RaftStorageImpl.java:format(89)) - Storage directory /home/runner/work/ozone/ozone/hadoop-ozone/integration-test/target/test-dir/MiniOzoneClusterImpl-06e86dd3-d7df-4a2c-b8a6-272c25fd117f/datanode-5/data/ratis/0e3cd51a-ef7e-47c8-8237-63c936d77af9 has been successfully formatted.
2022-08-27 01:04:16,797 [pool-187-thread-1] INFO  ratis.ContainerStateMachine (ContainerStateMachine.java:loadSnapshot(236)) - group-63C936D77AF9: The snapshot info is null. Setting the last applied indexto:(t:0, i:~)
2022-08-27 01:04:16,798 [pool-187-thread-1] INFO  server.RaftServerConfigKeys (ConfUtils.java:logGet(46)) - raft.server.notification.no-leader.timeout = 300s (custom)
2022-08-27 01:04:16,799 [pool-187-thread-1] INFO  server.RaftServerConfigKeys (ConfUtils.java:logGet(46)) - raft.server.log.use.memory = false (default)
2022-08-27 01:04:16,799 [pool-187-thread-1] INFO  server.RaftServerConfigKeys (ConfUtils.java:logGet(46)) - raft.server.log.purge.gap = 1000000 (custom)
2022-08-27 01:04:16,799 [pool-187-thread-1] INFO  server.RaftServerConfigKeys (ConfUtils.java:logGet(46)) - raft.server.log.appender.buffer.byte-limit = 33554432 (custom)
2022-08-27 01:04:16,799 [pool-187-thread-1] INFO  server.RaftServerConfigKeys (ConfUtils.java:logGet(46)) - raft.server.log.statemachine.data.read.timeout = 1000ms (default)
2022-08-27 01:04:16,799 [pool-187-thread-1] INFO  server.RaftServerConfigKeys (ConfUtils.java:logGet(46)) - raft.server.log.segment.size.max = 1048576 (custom)
2022-08-27 01:04:16,799 [pool-187-thread-1] INFO  server.RaftServerConfigKeys (ConfUtils.java:logGet(46)) - raft.server.log.segment.cache.num.max = 2 (custom)
2022-08-27 01:04:16,799 [pool-187-thread-1] INFO  server.RaftServerConfigKeys (ConfUtils.java:logGet(46)) - raft.server.log.segment.cache.size.max = 200MB (=209715200) (default)
2022-08-27 01:04:16,799 [pool-187-thread-1] INFO  segmented.SegmentedRaftLogWorker (SegmentedRaftLogWorker.java:<init>(187)) - new 47218c16-f2d5-4cf1-b4da-5ee36f49a8d8@group-63C936D77AF9-SegmentedRaftLogWorker for RaftStorageImpl:Storage Directory /home/runner/work/ozone/ozone/hadoop-ozone/integration-test/target/test-dir/MiniOzoneClusterImpl-06e86dd3-d7df-4a2c-b8a6-272c25fd117f/datanode-5/data/ratis/0e3cd51a-ef7e-47c8-8237-63c936d77af9
2022-08-27 01:04:16,799 [pool-187-thread-1] INFO  server.RaftServerConfigKeys (ConfUtils.java:logGet(46)) - raft.server.log.queue.byte-limit = 4294967296 (custom)
2022-08-27 01:04:16,799 [pool-187-thread-1] INFO  server.RaftServerConfigKeys (ConfUtils.java:logGet(46)) - raft.server.log.queue.element-limit = 1024 (custom)
2022-08-27 01:04:16,799 [pool-187-thread-1] INFO  server.RaftServerConfigKeys (ConfUtils.java:logGet(46)) - raft.server.log.segment.size.max = 1048576 (custom)
2022-08-27 01:04:16,799 [pool-187-thread-1] INFO  server.RaftServerConfigKeys (ConfUtils.java:logGet(46)) - raft.server.log.preallocated.size = 16384 (custom)
2022-08-27 01:04:16,799 [pool-187-thread-1] INFO  server.RaftServerConfigKeys (ConfUtils.java:logGet(46)) - raft.server.log.force.sync.num = 128 (default)
2022-08-27 01:04:16,800 [pool-187-thread-1] INFO  server.RaftServerConfigKeys (ConfUtils.java:logGet(46)) - raft.server.log.statemachine.data.sync = true (default)
2022-08-27 01:04:16,800 [pool-187-thread-1] INFO  server.RaftServerConfigKeys (ConfUtils.java:logGet(46)) - raft.server.log.statemachine.data.sync.timeout = 10s (default)
2022-08-27 01:04:16,800 [pool-187-thread-1] INFO  server.RaftServerConfigKeys (ConfUtils.java:logGet(46)) - raft.server.log.statemachine.data.sync.timeout.retry = -1 (default)
2022-08-27 01:04:16,800 [pool-187-thread-1] INFO  server.RaftServerConfigKeys (ConfUtils.java:logGet(46)) - raft.server.log.write.buffer.size = 1048576 (custom)
2022-08-27 01:04:16,801 [pool-187-thread-1] INFO  server.RaftServerConfigKeys (ConfUtils.java:logGet(46)) - raft.server.log.unsafe-flush.enabled = false (default)
2022-08-27 01:04:16,801 [pool-187-thread-1] INFO  server.RaftServerConfigKeys (ConfUtils.java:logGet(46)) - raft.server.log.statemachine.data.caching.enabled = true (custom)
2022-08-27 01:04:16,801 [pool-187-thread-1] INFO  segmented.SegmentedRaftLogWorker (SegmentedRaftLogWorker.java:lambda$new$0(135)) - 47218c16-f2d5-4cf1-b4da-5ee36f49a8d8@group-63C936D77AF9-SegmentedRaftLogWorker: flushIndex: setUnconditionally 0 -> -1
2022-08-27 01:04:16,801 [pool-187-thread-1] INFO  segmented.SegmentedRaftLogWorker (SegmentedRaftLogWorker.java:lambda$new$0(135)) - 47218c16-f2d5-4cf1-b4da-5ee36f49a8d8@group-63C936D77AF9-SegmentedRaftLogWorker: safeCacheEvictIndex: setUnconditionally 0 -> -1
2022-08-27 01:04:16,801 [pool-187-thread-1] INFO  server.RaftServerConfigKeys (ConfUtils.java:logGet(46)) - raft.server.snapshot.auto.trigger.enabled = true (custom)
2022-08-27 01:04:16,801 [pool-187-thread-1] INFO  server.RaftServerConfigKeys (ConfUtils.java:logGet(46)) - raft.server.snapshot.auto.trigger.threshold = 10000 (custom)
2022-08-27 01:04:16,801 [pool-187-thread-1] INFO  server.RaftServerConfigKeys (ConfUtils.java:logGet(46)) - raft.server.snapshot.retention.file.num = 5 (custom)
2022-08-27 01:04:16,801 [pool-187-thread-1] INFO  server.RaftServerConfigKeys (ConfUtils.java:logGet(46)) - raft.server.log.purge.upto.snapshot.index = false (default)
2022-08-27 01:04:16,801 [pool-187-thread-1] INFO  server.RaftServerConfigKeys (ConfUtils.java:logGet(46)) - raft.server.retrycache.expirytime = 600000ms (custom)
2022-08-27 01:04:16,802 [pool-187-thread-1] INFO  server.RaftServerConfigKeys (ConfUtils.java:logGet(46)) - raft.server.retrycache.statistics.expirytime = 100μs (default)
2022-08-27 01:04:16,802 [pool-187-thread-1] INFO  server.RaftServerConfigKeys (ConfUtils.java:logGet(46)) - raft.server.log.appender.install.snapshot.enabled = false (custom)
2022-08-27 01:04:16,803 [pool-187-thread-1] INFO  server.RaftServerConfigKeys (ConfUtils.java:logGet(46)) - raft.server.threadpool.server.cached = true (default)
2022-08-27 01:04:16,803 [pool-187-thread-1] INFO  server.RaftServerConfigKeys (ConfUtils.java:logGet(46)) - raft.server.threadpool.server.size = 0 (default)
2022-08-27 01:04:16,803 [pool-187-thread-1] INFO  server.RaftServerConfigKeys (ConfUtils.java:logGet(46)) - raft.server.threadpool.client.cached = true (default)
2022-08-27 01:04:16,803 [pool-187-thread-1] INFO  server.RaftServerConfigKeys (ConfUtils.java:logGet(46)) - raft.server.threadpool.client.size = 0 (default)
2022-08-27 01:04:16,803 [pool-187-thread-1] INFO  server.RaftServer$Division (RaftServerImpl.java:start(310)) - 47218c16-f2d5-4cf1-b4da-5ee36f49a8d8@group-63C936D77AF9: start as a follower, conf=-1: [10661b26-eda0-4e01-aa97-bfa554844a49|rpc:10.1.1.170:44501|dataStream:|priority:0, 47218c16-f2d5-4cf1-b4da-5ee36f49a8d8|rpc:10.1.1.170:36037|dataStream:|priority:0, efe08b73-b8e1-4cbd-8d64-d052696c0c3d|rpc:10.1.1.170:38497|dataStream:|priority:1], old=null
2022-08-27 01:04:16,803 [pool-187-thread-1] INFO  server.RaftServer$Division (RaftServerImpl.java:setRole(299)) - 47218c16-f2d5-4cf1-b4da-5ee36f49a8d8@group-63C936D77AF9: changes role from      null to FOLLOWER at term 0 for startAsFollower
2022-08-27 01:04:16,803 [pool-187-thread-1] INFO  impl.RoleInfo (RoleInfo.java:updateAndGet(139)) - 47218c16-f2d5-4cf1-b4da-5ee36f49a8d8: start 47218c16-f2d5-4cf1-b4da-5ee36f49a8d8@group-63C936D77AF9-FollowerState
2022-08-27 01:04:16,804 [pool-187-thread-1] INFO  util.JmxRegister (JmxRegister.java:tryRegister(44)) - Successfully registered JMX Bean with object name Ratis:service=RaftServer,group=group-63C936D77AF9,id=47218c16-f2d5-4cf1-b4da-5ee36f49a8d8
2022-08-27 01:04:16,824 [grpc-default-executor-0] INFO  server.RaftServer (RaftServerProxy.java:addNew(96)) - efe08b73-b8e1-4cbd-8d64-d052696c0c3d: addNew group-63C936D77AF9:[10661b26-eda0-4e01-aa97-bfa554844a49|rpc:10.1.1.170:44501|dataStream:|priority:0, 47218c16-f2d5-4cf1-b4da-5ee36f49a8d8|rpc:10.1.1.170:36037|dataStream:|priority:0, efe08b73-b8e1-4cbd-8d64-d052696c0c3d|rpc:10.1.1.170:38497|dataStream:|priority:1] returns group-63C936D77AF9:java.util.concurrent.CompletableFuture@7e9a3379[Not completed]
2022-08-27 01:04:16,829 [pool-164-thread-1] INFO  server.RaftServer$Division (RaftServerImpl.java:<init>(190)) - efe08b73-b8e1-4cbd-8d64-d052696c0c3d: new RaftServerImpl for group-63C936D77AF9:[10661b26-eda0-4e01-aa97-bfa554844a49|rpc:10.1.1.170:44501|dataStream:|priority:0, 47218c16-f2d5-4cf1-b4da-5ee36f49a8d8|rpc:10.1.1.170:36037|dataStream:|priority:0, efe08b73-b8e1-4cbd-8d64-d052696c0c3d|rpc:10.1.1.170:38497|dataStream:|priority:1] with ContainerStateMachine:uninitialized
2022-08-27 01:04:16,829 [pool-164-thread-1] INFO  server.RaftServerConfigKeys (ConfUtils.java:logGet(46)) - raft.server.rpc.timeout.min = 5s (custom)
2022-08-27 01:04:16,829 [pool-164-thread-1] INFO  server.RaftServerConfigKeys (ConfUtils.java:logGet(46)) - raft.server.rpc.timeout.max = 5200ms (custom)
2022-08-27 01:04:16,829 [pool-164-thread-1] INFO  server.RaftServerConfigKeys (ConfUtils.java:logGet(46)) - raft.server.rpc.sleep.time = 25ms (default)
2022-08-27 01:04:16,829 [pool-164-thread-1] INFO  server.RaftServerConfigKeys (ConfUtils.java:logGet(46)) - raft.server.rpc.slowness.timeout = 300s (custom)
2022-08-27 01:04:16,829 [pool-164-thread-1] INFO  server.RaftServerConfigKeys (ConfUtils.java:logGet(46)) - raft.server.leaderelection.leader.step-down.wait-time = 10s (default)
2022-08-27 01:04:16,829 [pool-164-thread-1] INFO  server.RaftServerConfigKeys (ConfUtils.java:logGet(46)) - raft.server.sleep.deviation.threshold = 300ms (default)
2022-08-27 01:04:16,829 [pool-164-thread-1] INFO  server.RaftServer$Division (ServerState.java:<init>(107)) - efe08b73-b8e1-4cbd-8d64-d052696c0c3d@group-63C936D77AF9: ConfigurationManager, init=-1: [10661b26-eda0-4e01-aa97-bfa554844a49|rpc:10.1.1.170:44501|dataStream:|priority:0, 47218c16-f2d5-4cf1-b4da-5ee36f49a8d8|rpc:10.1.1.170:36037|dataStream:|priority:0, efe08b73-b8e1-4cbd-8d64-d052696c0c3d|rpc:10.1.1.170:38497|dataStream:|priority:1], old=null, confs=<EMPTY_MAP>
2022-08-27 01:04:16,829 [pool-164-thread-1] INFO  server.RaftServerConfigKeys (ConfUtils.java:logGet(46)) - raft.server.storage.dir = [/home/runner/work/ozone/ozone/hadoop-ozone/integration-test/target/test-dir/MiniOzoneClusterImpl-06e86dd3-d7df-4a2c-b8a6-272c25fd117f/datanode-4/data/ratis] (custom)
2022-08-27 01:04:16,830 [pool-164-thread-1] INFO  server.RaftServerConfigKeys (ConfUtils.java:logGet(46)) - raft.server.log.corruption.policy = EXCEPTION (default)
2022-08-27 01:04:16,830 [pool-164-thread-1] INFO  server.RaftServerConfigKeys (ConfUtils.java:logGet(46)) - raft.server.storage.free-space.min = 0MB (=0) (default)
2022-08-27 01:04:16,830 [pool-164-thread-1] INFO  storage.RaftStorageDirectory (RaftStorageDirectoryImpl.java:analyzeStorage(135)) - The storage directory /home/runner/work/ozone/ozone/hadoop-ozone/integration-test/target/test-dir/MiniOzoneClusterImpl-06e86dd3-d7df-4a2c-b8a6-272c25fd117f/datanode-4/data/ratis/0e3cd51a-ef7e-47c8-8237-63c936d77af9 does not exist. Creating ...
2022-08-27 01:04:16,832 [pool-164-thread-1] INFO  storage.RaftStorageDirectory (RaftStorageDirectoryImpl.java:tryLock(230)) - Lock on /home/runner/work/ozone/ozone/hadoop-ozone/integration-test/target/test-dir/MiniOzoneClusterImpl-06e86dd3-d7df-4a2c-b8a6-272c25fd117f/datanode-4/data/ratis/0e3cd51a-ef7e-47c8-8237-63c936d77af9/in_use.lock acquired by nodename 21368@fv-az41-820
2022-08-27 01:04:16,833 [pool-164-thread-1] INFO  storage.RaftStorage (RaftStorageImpl.java:format(89)) - Storage directory /home/runner/work/ozone/ozone/hadoop-ozone/integration-test/target/test-dir/MiniOzoneClusterImpl-06e86dd3-d7df-4a2c-b8a6-272c25fd117f/datanode-4/data/ratis/0e3cd51a-ef7e-47c8-8237-63c936d77af9 has been successfully formatted.
2022-08-27 01:04:16,833 [pool-164-thread-1] INFO  ratis.ContainerStateMachine (ContainerStateMachine.java:loadSnapshot(236)) - group-63C936D77AF9: The snapshot info is null. Setting the last applied indexto:(t:0, i:~)
2022-08-27 01:04:16,833 [pool-164-thread-1] INFO  server.RaftServerConfigKeys (ConfUtils.java:logGet(46)) - raft.server.notification.no-leader.timeout = 300s (custom)
2022-08-27 01:04:16,833 [pool-164-thread-1] INFO  server.RaftServerConfigKeys (ConfUtils.java:logGet(46)) - raft.server.log.use.memory = false (default)
2022-08-27 01:04:16,833 [pool-164-thread-1] INFO  server.RaftServerConfigKeys (ConfUtils.java:logGet(46)) - raft.server.log.purge.gap = 1000000 (custom)
2022-08-27 01:04:16,833 [pool-164-thread-1] INFO  server.RaftServerConfigKeys (ConfUtils.java:logGet(46)) - raft.server.log.appender.buffer.byte-limit = 33554432 (custom)
2022-08-27 01:04:16,833 [pool-164-thread-1] INFO  server.RaftServerConfigKeys (ConfUtils.java:logGet(46)) - raft.server.log.statemachine.data.read.timeout = 1000ms (default)
2022-08-27 01:04:16,834 [pool-164-thread-1] INFO  server.RaftServerConfigKeys (ConfUtils.java:logGet(46)) - raft.server.log.segment.size.max = 1048576 (custom)
2022-08-27 01:04:16,834 [pool-164-thread-1] INFO  server.RaftServerConfigKeys (ConfUtils.java:logGet(46)) - raft.server.log.segment.cache.num.max = 2 (custom)
2022-08-27 01:04:16,835 [pool-164-thread-1] INFO  server.RaftServerConfigKeys (ConfUtils.java:logGet(46)) - raft.server.log.segment.cache.size.max = 200MB (=209715200) (default)
2022-08-27 01:04:16,835 [pool-164-thread-1] INFO  segmented.SegmentedRaftLogWorker (SegmentedRaftLogWorker.java:<init>(187)) - new efe08b73-b8e1-4cbd-8d64-d052696c0c3d@group-63C936D77AF9-SegmentedRaftLogWorker for RaftStorageImpl:Storage Directory /home/runner/work/ozone/ozone/hadoop-ozone/integration-test/target/test-dir/MiniOzoneClusterImpl-06e86dd3-d7df-4a2c-b8a6-272c25fd117f/datanode-4/data/ratis/0e3cd51a-ef7e-47c8-8237-63c936d77af9
2022-08-27 01:04:16,835 [pool-164-thread-1] INFO  server.RaftServerConfigKeys (ConfUtils.java:logGet(46)) - raft.server.log.queue.byte-limit = 4294967296 (custom)
2022-08-27 01:04:16,835 [pool-164-thread-1] INFO  server.RaftServerConfigKeys (ConfUtils.java:logGet(46)) - raft.server.log.queue.element-limit = 1024 (custom)
2022-08-27 01:04:16,835 [pool-164-thread-1] INFO  server.RaftServerConfigKeys (ConfUtils.java:logGet(46)) - raft.server.log.segment.size.max = 1048576 (custom)
2022-08-27 01:04:16,835 [pool-164-thread-1] INFO  server.RaftServerConfigKeys (ConfUtils.java:logGet(46)) - raft.server.log.preallocated.size = 16384 (custom)
2022-08-27 01:04:16,835 [pool-164-thread-1] INFO  server.RaftServerConfigKeys (ConfUtils.java:logGet(46)) - raft.server.log.force.sync.num = 128 (default)
2022-08-27 01:04:16,835 [pool-164-thread-1] INFO  server.RaftServerConfigKeys (ConfUtils.java:logGet(46)) - raft.server.log.statemachine.data.sync = true (default)
2022-08-27 01:04:16,835 [pool-164-thread-1] INFO  server.RaftServerConfigKeys (ConfUtils.java:logGet(46)) - raft.server.log.statemachine.data.sync.timeout = 10s (default)
2022-08-27 01:04:16,835 [pool-164-thread-1] INFO  server.RaftServerConfigKeys (ConfUtils.java:logGet(46)) - raft.server.log.statemachine.data.sync.timeout.retry = -1 (default)
2022-08-27 01:04:16,836 [pool-164-thread-1] INFO  server.RaftServerConfigKeys (ConfUtils.java:logGet(46)) - raft.server.log.write.buffer.size = 1048576 (custom)
2022-08-27 01:04:16,836 [pool-164-thread-1] INFO  server.RaftServerConfigKeys (ConfUtils.java:logGet(46)) - raft.server.log.unsafe-flush.enabled = false (default)
2022-08-27 01:04:16,840 [pool-164-thread-1] INFO  server.RaftServerConfigKeys (ConfUtils.java:logGet(46)) - raft.server.log.statemachine.data.caching.enabled = true (custom)
2022-08-27 01:04:16,841 [pool-164-thread-1] INFO  segmented.SegmentedRaftLogWorker (SegmentedRaftLogWorker.java:lambda$new$0(135)) - efe08b73-b8e1-4cbd-8d64-d052696c0c3d@group-63C936D77AF9-SegmentedRaftLogWorker: flushIndex: setUnconditionally 0 -> -1
2022-08-27 01:04:16,841 [pool-164-thread-1] INFO  segmented.SegmentedRaftLogWorker (SegmentedRaftLogWorker.java:lambda$new$0(135)) - efe08b73-b8e1-4cbd-8d64-d052696c0c3d@group-63C936D77AF9-SegmentedRaftLogWorker: safeCacheEvictIndex: setUnconditionally 0 -> -1
2022-08-27 01:04:16,841 [pool-164-thread-1] INFO  server.RaftServerConfigKeys (ConfUtils.java:logGet(46)) - raft.server.snapshot.auto.trigger.enabled = true (custom)
2022-08-27 01:04:16,841 [pool-164-thread-1] INFO  server.RaftServerConfigKeys (ConfUtils.java:logGet(46)) - raft.server.snapshot.auto.trigger.threshold = 10000 (custom)
2022-08-27 01:04:16,841 [pool-164-thread-1] INFO  server.RaftServerConfigKeys (ConfUtils.java:logGet(46)) - raft.server.snapshot.retention.file.num = 5 (custom)
2022-08-27 01:04:16,841 [pool-164-thread-1] INFO  server.RaftServerConfigKeys (ConfUtils.java:logGet(46)) - raft.server.log.purge.upto.snapshot.index = false (default)
2022-08-27 01:04:16,841 [pool-164-thread-1] INFO  server.RaftServerConfigKeys (ConfUtils.java:logGet(46)) - raft.server.retrycache.expirytime = 600000ms (custom)
2022-08-27 01:04:16,841 [pool-164-thread-1] INFO  server.RaftServerConfigKeys (ConfUtils.java:logGet(46)) - raft.server.retrycache.statistics.expirytime = 100μs (default)
2022-08-27 01:04:16,842 [pool-164-thread-1] INFO  server.RaftServerConfigKeys (ConfUtils.java:logGet(46)) - raft.server.log.appender.install.snapshot.enabled = false (custom)
2022-08-27 01:04:16,842 [pool-164-thread-1] INFO  server.RaftServerConfigKeys (ConfUtils.java:logGet(46)) - raft.server.threadpool.server.cached = true (default)
2022-08-27 01:04:16,842 [pool-164-thread-1] INFO  server.RaftServerConfigKeys (ConfUtils.java:logGet(46)) - raft.server.threadpool.server.size = 0 (default)
2022-08-27 01:04:16,842 [pool-164-thread-1] INFO  server.RaftServerConfigKeys (ConfUtils.java:logGet(46)) - raft.server.threadpool.client.cached = true (default)
2022-08-27 01:04:16,842 [pool-164-thread-1] INFO  server.RaftServerConfigKeys (ConfUtils.java:logGet(46)) - raft.server.threadpool.client.size = 0 (default)
2022-08-27 01:04:16,843 [pool-164-thread-1] INFO  server.RaftServer$Division (RaftServerImpl.java:start(310)) - efe08b73-b8e1-4cbd-8d64-d052696c0c3d@group-63C936D77AF9: start as a follower, conf=-1: [10661b26-eda0-4e01-aa97-bfa554844a49|rpc:10.1.1.170:44501|dataStream:|priority:0, 47218c16-f2d5-4cf1-b4da-5ee36f49a8d8|rpc:10.1.1.170:36037|dataStream:|priority:0, efe08b73-b8e1-4cbd-8d64-d052696c0c3d|rpc:10.1.1.170:38497|dataStream:|priority:1], old=null
2022-08-27 01:04:16,843 [pool-164-thread-1] INFO  server.RaftServer$Division (RaftServerImpl.java:setRole(299)) - efe08b73-b8e1-4cbd-8d64-d052696c0c3d@group-63C936D77AF9: changes role from      null to FOLLOWER at term 0 for startAsFollower
2022-08-27 01:04:16,844 [pool-164-thread-1] INFO  impl.RoleInfo (RoleInfo.java:updateAndGet(139)) - efe08b73-b8e1-4cbd-8d64-d052696c0c3d: start efe08b73-b8e1-4cbd-8d64-d052696c0c3d@group-63C936D77AF9-FollowerState
2022-08-27 01:04:16,844 [pool-164-thread-1] INFO  util.JmxRegister (JmxRegister.java:tryRegister(44)) - Successfully registered JMX Bean with object name Ratis:service=RaftServer,group=group-63C936D77AF9,id=efe08b73-b8e1-4cbd-8d64-d052696c0c3d
2022-08-27 01:04:16,851 [Command processor thread] INFO  commandhandler.CreatePipelineCommandHandler (CreatePipelineCommandHandler.java:handle(113)) - Created Pipeline RATIS THREE PipelineID=0e3cd51a-ef7e-47c8-8237-63c936d77af9.
2022-08-27 01:04:17,080 [Command processor thread] INFO  server.RaftServer (RaftServerProxy.java:addNew(96)) - efe08b73-b8e1-4cbd-8d64-d052696c0c3d: addNew group-FBCC7887CDF4:[efe08b73-b8e1-4cbd-8d64-d052696c0c3d|rpc:10.1.1.170:38497|priority:1] returns group-FBCC7887CDF4:java.util.concurrent.CompletableFuture@1179db7e[Not completed]
2022-08-27 01:04:17,081 [pool-164-thread-1] INFO  server.RaftServer$Division (RaftServerImpl.java:<init>(190)) - efe08b73-b8e1-4cbd-8d64-d052696c0c3d: new RaftServerImpl for group-FBCC7887CDF4:[efe08b73-b8e1-4cbd-8d64-d052696c0c3d|rpc:10.1.1.170:38497|priority:1] with ContainerStateMachine:uninitialized
2022-08-27 01:04:17,081 [pool-164-thread-1] INFO  server.RaftServerConfigKeys (ConfUtils.java:logGet(46)) - raft.server.rpc.timeout.min = 5s (custom)
2022-08-27 01:04:17,081 [pool-164-thread-1] INFO  server.RaftServerConfigKeys (ConfUtils.java:logGet(46)) - raft.server.rpc.timeout.max = 5200ms (custom)
2022-08-27 01:04:17,081 [pool-164-thread-1] INFO  server.RaftServerConfigKeys (ConfUtils.java:logGet(46)) - raft.server.rpc.sleep.time = 25ms (default)
2022-08-27 01:04:17,081 [pool-164-thread-1] INFO  server.RaftServerConfigKeys (ConfUtils.java:logGet(46)) - raft.server.rpc.slowness.timeout = 300s (custom)
2022-08-27 01:04:17,081 [pool-164-thread-1] INFO  server.RaftServerConfigKeys (ConfUtils.java:logGet(46)) - raft.server.leaderelection.leader.step-down.wait-time = 10s (default)
2022-08-27 01:04:17,081 [pool-164-thread-1] INFO  server.RaftServerConfigKeys (ConfUtils.java:logGet(46)) - raft.server.sleep.deviation.threshold = 300ms (default)
2022-08-27 01:04:17,081 [pool-164-thread-1] INFO  server.RaftServer$Division (ServerState.java:<init>(107)) - efe08b73-b8e1-4cbd-8d64-d052696c0c3d@group-FBCC7887CDF4: ConfigurationManager, init=-1: [efe08b73-b8e1-4cbd-8d64-d052696c0c3d|rpc:10.1.1.170:38497|priority:1], old=null, confs=<EMPTY_MAP>
2022-08-27 01:04:17,081 [pool-164-thread-1] INFO  server.RaftServerConfigKeys (ConfUtils.java:logGet(46)) - raft.server.storage.dir = [/home/runner/work/ozone/ozone/hadoop-ozone/integration-test/target/test-dir/MiniOzoneClusterImpl-06e86dd3-d7df-4a2c-b8a6-272c25fd117f/datanode-4/data/ratis] (custom)
2022-08-27 01:04:17,081 [pool-164-thread-1] INFO  server.RaftServerConfigKeys (ConfUtils.java:logGet(46)) - raft.server.log.corruption.policy = EXCEPTION (default)
2022-08-27 01:04:17,081 [pool-164-thread-1] INFO  server.RaftServerConfigKeys (ConfUtils.java:logGet(46)) - raft.server.storage.free-space.min = 0MB (=0) (default)
2022-08-27 01:04:17,081 [pool-164-thread-1] INFO  storage.RaftStorageDirectory (RaftStorageDirectoryImpl.java:analyzeStorage(135)) - The storage directory /home/runner/work/ozone/ozone/hadoop-ozone/integration-test/target/test-dir/MiniOzoneClusterImpl-06e86dd3-d7df-4a2c-b8a6-272c25fd117f/datanode-4/data/ratis/6a784b34-5af4-4101-b906-fbcc7887cdf4 does not exist. Creating ...
2022-08-27 01:04:17,082 [pool-164-thread-1] INFO  storage.RaftStorageDirectory (RaftStorageDirectoryImpl.java:tryLock(230)) - Lock on /home/runner/work/ozone/ozone/hadoop-ozone/integration-test/target/test-dir/MiniOzoneClusterImpl-06e86dd3-d7df-4a2c-b8a6-272c25fd117f/datanode-4/data/ratis/6a784b34-5af4-4101-b906-fbcc7887cdf4/in_use.lock acquired by nodename 21368@fv-az41-820
2022-08-27 01:04:17,083 [pool-164-thread-1] INFO  storage.RaftStorage (RaftStorageImpl.java:format(89)) - Storage directory /home/runner/work/ozone/ozone/hadoop-ozone/integration-test/target/test-dir/MiniOzoneClusterImpl-06e86dd3-d7df-4a2c-b8a6-272c25fd117f/datanode-4/data/ratis/6a784b34-5af4-4101-b906-fbcc7887cdf4 has been successfully formatted.
2022-08-27 01:04:17,083 [pool-164-thread-1] INFO  ratis.ContainerStateMachine (ContainerStateMachine.java:loadSnapshot(236)) - group-FBCC7887CDF4: The snapshot info is null. Setting the last applied indexto:(t:0, i:~)
2022-08-27 01:04:17,083 [pool-164-thread-1] INFO  server.RaftServerConfigKeys (ConfUtils.java:logGet(46)) - raft.server.notification.no-leader.timeout = 300s (custom)
2022-08-27 01:04:17,084 [pool-164-thread-1] INFO  server.RaftServerConfigKeys (ConfUtils.java:logGet(46)) - raft.server.log.use.memory = false (default)
2022-08-27 01:04:17,084 [pool-164-thread-1] INFO  server.RaftServerConfigKeys (ConfUtils.java:logGet(46)) - raft.server.log.purge.gap = 1000000 (custom)
2022-08-27 01:04:17,084 [pool-164-thread-1] INFO  server.RaftServerConfigKeys (ConfUtils.java:logGet(46)) - raft.server.log.appender.buffer.byte-limit = 33554432 (custom)
2022-08-27 01:04:17,084 [pool-164-thread-1] INFO  server.RaftServerConfigKeys (ConfUtils.java:logGet(46)) - raft.server.log.statemachine.data.read.timeout = 1000ms (default)
2022-08-27 01:04:17,084 [pool-164-thread-1] INFO  server.RaftServerConfigKeys (ConfUtils.java:logGet(46)) - raft.server.log.segment.size.max = 1048576 (custom)
2022-08-27 01:04:17,085 [pool-164-thread-1] INFO  server.RaftServerConfigKeys (ConfUtils.java:logGet(46)) - raft.server.log.segment.cache.num.max = 2 (custom)
2022-08-27 01:04:17,085 [pool-164-thread-1] INFO  server.RaftServerConfigKeys (ConfUtils.java:logGet(46)) - raft.server.log.segment.cache.size.max = 200MB (=209715200) (default)
2022-08-27 01:04:17,085 [pool-164-thread-1] INFO  segmented.SegmentedRaftLogWorker (SegmentedRaftLogWorker.java:<init>(187)) - new efe08b73-b8e1-4cbd-8d64-d052696c0c3d@group-FBCC7887CDF4-SegmentedRaftLogWorker for RaftStorageImpl:Storage Directory /home/runner/work/ozone/ozone/hadoop-ozone/integration-test/target/test-dir/MiniOzoneClusterImpl-06e86dd3-d7df-4a2c-b8a6-272c25fd117f/datanode-4/data/ratis/6a784b34-5af4-4101-b906-fbcc7887cdf4
2022-08-27 01:04:17,085 [pool-164-thread-1] INFO  server.RaftServerConfigKeys (ConfUtils.java:logGet(46)) - raft.server.log.queue.byte-limit = 4294967296 (custom)
2022-08-27 01:04:17,085 [pool-164-thread-1] INFO  server.RaftServerConfigKeys (ConfUtils.java:logGet(46)) - raft.server.log.queue.element-limit = 1024 (custom)
2022-08-27 01:04:17,085 [pool-164-thread-1] INFO  server.RaftServerConfigKeys (ConfUtils.java:logGet(46)) - raft.server.log.segment.size.max = 1048576 (custom)
2022-08-27 01:04:17,085 [pool-164-thread-1] INFO  server.RaftServerConfigKeys (ConfUtils.java:logGet(46)) - raft.server.log.preallocated.size = 16384 (custom)
2022-08-27 01:04:17,085 [pool-164-thread-1] INFO  server.RaftServerConfigKeys (ConfUtils.java:logGet(46)) - raft.server.log.force.sync.num = 128 (default)
2022-08-27 01:04:17,085 [pool-164-thread-1] INFO  server.RaftServerConfigKeys (ConfUtils.java:logGet(46)) - raft.server.log.statemachine.data.sync = true (default)
2022-08-27 01:04:17,085 [pool-164-thread-1] INFO  server.RaftServerConfigKeys (ConfUtils.java:logGet(46)) - raft.server.log.statemachine.data.sync.timeout = 10s (default)
2022-08-27 01:04:17,085 [pool-164-thread-1] INFO  server.RaftServerConfigKeys (ConfUtils.java:logGet(46)) - raft.server.log.statemachine.data.sync.timeout.retry = -1 (default)
2022-08-27 01:04:17,086 [EventQueue-PipelineReportForPipelineReportHandler] INFO  pipeline.PipelineManagerImpl (PipelineManagerImpl.java:openPipeline(367)) - Pipeline Pipeline[ Id: 6a784b34-5af4-4101-b906-fbcc7887cdf4, Nodes: efe08b73-b8e1-4cbd-8d64-d052696c0c3d{ip: 10.1.1.170, host: fv-az41-820.zje5jq5y5x4uznwvdkgxk4wc2h.cx.internal.cloudapp.net, ports: [REPLICATION=42871, RATIS=38497, RATIS_ADMIN=38497, RATIS_SERVER=38497, STANDALONE=44597], networkLocation: /default-rack, certSerialId: null, persistedOpState: IN_SERVICE, persistedOpStateExpiryEpochSec: 0}, ReplicationConfig: RATIS/ONE, State:ALLOCATED, leaderId:efe08b73-b8e1-4cbd-8d64-d052696c0c3d, CreationTimestamp2022-08-27T01:04:14.083Z[Etc/UTC]] moved to OPEN state
2022-08-27 01:04:17,086 [EventQueue-OpenPipelineForHealthyPipelineSafeModeRule] INFO  safemode.SCMSafeModeManager (HealthyPipelineSafeModeRule.java:process(137)) - SCM in safe mode. Healthy pipelines reported count is 0, required healthy pipeline reported count is 1
2022-08-27 01:04:17,086 [pool-164-thread-1] INFO  server.RaftServerConfigKeys (ConfUtils.java:logGet(46)) - raft.server.log.write.buffer.size = 1048576 (custom)
2022-08-27 01:04:17,087 [pool-164-thread-1] INFO  server.RaftServerConfigKeys (ConfUtils.java:logGet(46)) - raft.server.log.unsafe-flush.enabled = false (default)
2022-08-27 01:04:17,087 [pool-164-thread-1] INFO  server.RaftServerConfigKeys (ConfUtils.java:logGet(46)) - raft.server.log.statemachine.data.caching.enabled = true (custom)
2022-08-27 01:04:17,088 [pool-164-thread-1] INFO  segmented.SegmentedRaftLogWorker (SegmentedRaftLogWorker.java:lambda$new$0(135)) - efe08b73-b8e1-4cbd-8d64-d052696c0c3d@group-FBCC7887CDF4-SegmentedRaftLogWorker: flushIndex: setUnconditionally 0 -> -1
2022-08-27 01:04:17,088 [pool-164-thread-1] INFO  segmented.SegmentedRaftLogWorker (SegmentedRaftLogWorker.java:lambda$new$0(135)) - efe08b73-b8e1-4cbd-8d64-d052696c0c3d@group-FBCC7887CDF4-SegmentedRaftLogWorker: safeCacheEvictIndex: setUnconditionally 0 -> -1
2022-08-27 01:04:17,088 [pool-164-thread-1] INFO  server.RaftServerConfigKeys (ConfUtils.java:logGet(46)) - raft.server.snapshot.auto.trigger.enabled = true (custom)
2022-08-27 01:04:17,088 [pool-164-thread-1] INFO  server.RaftServerConfigKeys (ConfUtils.java:logGet(46)) - raft.server.snapshot.auto.trigger.threshold = 10000 (custom)
2022-08-27 01:04:17,088 [pool-164-thread-1] INFO  server.RaftServerConfigKeys (ConfUtils.java:logGet(46)) - raft.server.snapshot.retention.file.num = 5 (custom)
2022-08-27 01:04:17,088 [pool-164-thread-1] INFO  server.RaftServerConfigKeys (ConfUtils.java:logGet(46)) - raft.server.log.purge.upto.snapshot.index = false (default)
2022-08-27 01:04:17,088 [pool-164-thread-1] INFO  server.RaftServerConfigKeys (ConfUtils.java:logGet(46)) - raft.server.retrycache.expirytime = 600000ms (custom)
2022-08-27 01:04:17,088 [pool-164-thread-1] INFO  server.RaftServerConfigKeys (ConfUtils.java:logGet(46)) - raft.server.retrycache.statistics.expirytime = 100μs (default)
2022-08-27 01:04:17,091 [pool-164-thread-1] INFO  server.RaftServerConfigKeys (ConfUtils.java:logGet(46)) - raft.server.log.appender.install.snapshot.enabled = false (custom)
2022-08-27 01:04:17,092 [pool-164-thread-1] INFO  server.RaftServerConfigKeys (ConfUtils.java:logGet(46)) - raft.server.threadpool.server.cached = true (default)
2022-08-27 01:04:17,092 [pool-164-thread-1] INFO  server.RaftServerConfigKeys (ConfUtils.java:logGet(46)) - raft.server.threadpool.server.size = 0 (default)
2022-08-27 01:04:17,092 [pool-164-thread-1] INFO  server.RaftServerConfigKeys (ConfUtils.java:logGet(46)) - raft.server.threadpool.client.cached = true (default)
2022-08-27 01:04:17,092 [pool-164-thread-1] INFO  server.RaftServerConfigKeys (ConfUtils.java:logGet(46)) - raft.server.threadpool.client.size = 0 (default)
2022-08-27 01:04:17,092 [pool-164-thread-1] INFO  server.RaftServer$Division (RaftServerImpl.java:start(310)) - efe08b73-b8e1-4cbd-8d64-d052696c0c3d@group-FBCC7887CDF4: start as a follower, conf=-1: [efe08b73-b8e1-4cbd-8d64-d052696c0c3d|rpc:10.1.1.170:38497|priority:1], old=null
2022-08-27 01:04:17,092 [pool-164-thread-1] INFO  server.RaftServer$Division (RaftServerImpl.java:setRole(299)) - efe08b73-b8e1-4cbd-8d64-d052696c0c3d@group-FBCC7887CDF4: changes role from      null to FOLLOWER at term 0 for startAsFollower
2022-08-27 01:04:17,092 [pool-164-thread-1] INFO  impl.RoleInfo (RoleInfo.java:updateAndGet(139)) - efe08b73-b8e1-4cbd-8d64-d052696c0c3d: start efe08b73-b8e1-4cbd-8d64-d052696c0c3d@group-FBCC7887CDF4-FollowerState
2022-08-27 01:04:17,092 [pool-164-thread-1] INFO  util.JmxRegister (JmxRegister.java:tryRegister(44)) - Successfully registered JMX Bean with object name Ratis:service=RaftServer,group=group-FBCC7887CDF4,id=efe08b73-b8e1-4cbd-8d64-d052696c0c3d
2022-08-27 01:04:17,093 [Command processor thread] INFO  ratis.XceiverServerRatis (XceiverServerRatis.java:addGroup(765)) - Created group PipelineID=6a784b34-5af4-4101-b906-fbcc7887cdf4
2022-08-27 01:04:17,093 [Command processor thread] INFO  commandhandler.CreatePipelineCommandHandler (CreatePipelineCommandHandler.java:handle(113)) - Created Pipeline RATIS ONE PipelineID=6a784b34-5af4-4101-b906-fbcc7887cdf4.
2022-08-27 01:04:17,158 [EventQueue-OpenPipelineForHealthyPipelineSafeModeRule] INFO  safemode.SCMSafeModeManager (HealthyPipelineSafeModeRule.java:process(137)) - SCM in safe mode. Healthy pipelines reported count is 0, required healthy pipeline reported count is 1
2022-08-27 01:04:17,252 [ReplicationMonitor] INFO  replication.ReplicationManager (ReplicationManager.java:processAll(255)) - Replication Manager is not ready to run until 3000ms after safemode exit
2022-08-27 01:04:17,409 [Listener at 127.0.0.1/42729] INFO  ozone.MiniOzoneClusterImpl (MiniOzoneClusterImpl.java:lambda$waitForClusterToBeReady$0(216)) - Nodes are ready. Got 6 of 6 DN Heartbeats.
2022-08-27 01:04:17,409 [Listener at 127.0.0.1/42729] INFO  ozone.MiniOzoneClusterImpl (MiniOzoneClusterImpl.java:lambda$waitForClusterToBeReady$0(219)) - Waiting for cluster to exit safe mode
2022-08-27 01:04:17,409 [Listener at 127.0.0.1/42729] INFO  ozone.MiniOzoneClusterImpl (MiniOzoneClusterImpl.java:lambda$waitForClusterToBeReady$0(221)) - SCM became leader
2022-08-27 01:04:17,410 [Command processor thread] INFO  server.RaftServer (RaftServerProxy.java:addNew(96)) - 47218c16-f2d5-4cf1-b4da-5ee36f49a8d8: addNew group-780276008167:[47218c16-f2d5-4cf1-b4da-5ee36f49a8d8|rpc:10.1.1.170:36037|priority:1] returns group-780276008167:java.util.concurrent.CompletableFuture@11b9b34d[Not completed]
2022-08-27 01:04:17,411 [pool-187-thread-1] INFO  server.RaftServer$Division (RaftServerImpl.java:<init>(190)) - 47218c16-f2d5-4cf1-b4da-5ee36f49a8d8: new RaftServerImpl for group-780276008167:[47218c16-f2d5-4cf1-b4da-5ee36f49a8d8|rpc:10.1.1.170:36037|priority:1] with ContainerStateMachine:uninitialized
2022-08-27 01:04:17,411 [pool-187-thread-1] INFO  server.RaftServerConfigKeys (ConfUtils.java:logGet(46)) - raft.server.rpc.timeout.min = 5s (custom)
2022-08-27 01:04:17,411 [pool-187-thread-1] INFO  server.RaftServerConfigKeys (ConfUtils.java:logGet(46)) - raft.server.rpc.timeout.max = 5200ms (custom)
2022-08-27 01:04:17,411 [pool-187-thread-1] INFO  server.RaftServerConfigKeys (ConfUtils.java:logGet(46)) - raft.server.rpc.sleep.time = 25ms (default)
2022-08-27 01:04:17,411 [pool-187-thread-1] INFO  server.RaftServerConfigKeys (ConfUtils.java:logGet(46)) - raft.server.rpc.slowness.timeout = 300s (custom)
2022-08-27 01:04:17,411 [pool-187-thread-1] INFO  server.RaftServerConfigKeys (ConfUtils.java:logGet(46)) - raft.server.leaderelection.leader.step-down.wait-time = 10s (default)
2022-08-27 01:04:17,411 [pool-187-thread-1] INFO  server.RaftServerConfigKeys (ConfUtils.java:logGet(46)) - raft.server.sleep.deviation.threshold = 300ms (default)
2022-08-27 01:04:17,411 [pool-187-thread-1] INFO  server.RaftServer$Division (ServerState.java:<init>(107)) - 47218c16-f2d5-4cf1-b4da-5ee36f49a8d8@group-780276008167: ConfigurationManager, init=-1: [47218c16-f2d5-4cf1-b4da-5ee36f49a8d8|rpc:10.1.1.170:36037|priority:1], old=null, confs=<EMPTY_MAP>
2022-08-27 01:04:17,411 [pool-187-thread-1] INFO  server.RaftServerConfigKeys (ConfUtils.java:logGet(46)) - raft.server.storage.dir = [/home/runner/work/ozone/ozone/hadoop-ozone/integration-test/target/test-dir/MiniOzoneClusterImpl-06e86dd3-d7df-4a2c-b8a6-272c25fd117f/datanode-5/data/ratis] (custom)
2022-08-27 01:04:17,411 [pool-187-thread-1] INFO  server.RaftServerConfigKeys (ConfUtils.java:logGet(46)) - raft.server.log.corruption.policy = EXCEPTION (default)
2022-08-27 01:04:17,411 [pool-187-thread-1] INFO  server.RaftServerConfigKeys (ConfUtils.java:logGet(46)) - raft.server.storage.free-space.min = 0MB (=0) (default)
2022-08-27 01:04:17,411 [pool-187-thread-1] INFO  storage.RaftStorageDirectory (RaftStorageDirectoryImpl.java:analyzeStorage(135)) - The storage directory /home/runner/work/ozone/ozone/hadoop-ozone/integration-test/target/test-dir/MiniOzoneClusterImpl-06e86dd3-d7df-4a2c-b8a6-272c25fd117f/datanode-5/data/ratis/edbe0b6b-b49c-4d03-9e49-780276008167 does not exist. Creating ...
2022-08-27 01:04:17,413 [pool-187-thread-1] INFO  storage.RaftStorageDirectory (RaftStorageDirectoryImpl.java:tryLock(230)) - Lock on /home/runner/work/ozone/ozone/hadoop-ozone/integration-test/target/test-dir/MiniOzoneClusterImpl-06e86dd3-d7df-4a2c-b8a6-272c25fd117f/datanode-5/data/ratis/edbe0b6b-b49c-4d03-9e49-780276008167/in_use.lock acquired by nodename 21368@fv-az41-820
2022-08-27 01:04:17,414 [pool-187-thread-1] INFO  storage.RaftStorage (RaftStorageImpl.java:format(89)) - Storage directory /home/runner/work/ozone/ozone/hadoop-ozone/integration-test/target/test-dir/MiniOzoneClusterImpl-06e86dd3-d7df-4a2c-b8a6-272c25fd117f/datanode-5/data/ratis/edbe0b6b-b49c-4d03-9e49-780276008167 has been successfully formatted.
2022-08-27 01:04:17,414 [pool-187-thread-1] INFO  ratis.ContainerStateMachine (ContainerStateMachine.java:loadSnapshot(236)) - group-780276008167: The snapshot info is null. Setting the last applied indexto:(t:0, i:~)
2022-08-27 01:04:17,414 [pool-187-thread-1] INFO  server.RaftServerConfigKeys (ConfUtils.java:logGet(46)) - raft.server.notification.no-leader.timeout = 300s (custom)
2022-08-27 01:04:17,414 [pool-187-thread-1] INFO  server.RaftServerConfigKeys (ConfUtils.java:logGet(46)) - raft.server.log.use.memory = false (default)
2022-08-27 01:04:17,414 [pool-187-thread-1] INFO  server.RaftServerConfigKeys (ConfUtils.java:logGet(46)) - raft.server.log.purge.gap = 1000000 (custom)
2022-08-27 01:04:17,414 [pool-187-thread-1] INFO  server.RaftServerConfigKeys (ConfUtils.java:logGet(46)) - raft.server.log.appender.buffer.byte-limit = 33554432 (custom)
2022-08-27 01:04:17,414 [pool-187-thread-1] INFO  server.RaftServerConfigKeys (ConfUtils.java:logGet(46)) - raft.server.log.statemachine.data.read.timeout = 1000ms (default)
2022-08-27 01:04:17,414 [pool-187-thread-1] INFO  server.RaftServerConfigKeys (ConfUtils.java:logGet(46)) - raft.server.log.segment.size.max = 1048576 (custom)
2022-08-27 01:04:17,415 [pool-187-thread-1] INFO  server.RaftServerConfigKeys (ConfUtils.java:logGet(46)) - raft.server.log.segment.cache.num.max = 2 (custom)
2022-08-27 01:04:17,415 [pool-187-thread-1] INFO  server.RaftServerConfigKeys (ConfUtils.java:logGet(46)) - raft.server.log.segment.cache.size.max = 200MB (=209715200) (default)
2022-08-27 01:04:17,415 [pool-187-thread-1] INFO  segmented.SegmentedRaftLogWorker (SegmentedRaftLogWorker.java:<init>(187)) - new 47218c16-f2d5-4cf1-b4da-5ee36f49a8d8@group-780276008167-SegmentedRaftLogWorker for RaftStorageImpl:Storage Directory /home/runner/work/ozone/ozone/hadoop-ozone/integration-test/target/test-dir/MiniOzoneClusterImpl-06e86dd3-d7df-4a2c-b8a6-272c25fd117f/datanode-5/data/ratis/edbe0b6b-b49c-4d03-9e49-780276008167
2022-08-27 01:04:17,416 [pool-187-thread-1] INFO  server.RaftServerConfigKeys (ConfUtils.java:logGet(46)) - raft.server.log.queue.byte-limit = 4294967296 (custom)
2022-08-27 01:04:17,416 [pool-187-thread-1] INFO  server.RaftServerConfigKeys (ConfUtils.java:logGet(46)) - raft.server.log.queue.element-limit = 1024 (custom)
2022-08-27 01:04:17,416 [pool-187-thread-1] INFO  server.RaftServerConfigKeys (ConfUtils.java:logGet(46)) - raft.server.log.segment.size.max = 1048576 (custom)
2022-08-27 01:04:17,416 [pool-187-thread-1] INFO  server.RaftServerConfigKeys (ConfUtils.java:logGet(46)) - raft.server.log.preallocated.size = 16384 (custom)
2022-08-27 01:04:17,416 [pool-187-thread-1] INFO  server.RaftServerConfigKeys (ConfUtils.java:logGet(46)) - raft.server.log.force.sync.num = 128 (default)
2022-08-27 01:04:17,416 [pool-187-thread-1] INFO  server.RaftServerConfigKeys (ConfUtils.java:logGet(46)) - raft.server.log.statemachine.data.sync = true (default)
2022-08-27 01:04:17,416 [pool-187-thread-1] INFO  server.RaftServerConfigKeys (ConfUtils.java:logGet(46)) - raft.server.log.statemachine.data.sync.timeout = 10s (default)
2022-08-27 01:04:17,416 [pool-187-thread-1] INFO  server.RaftServerConfigKeys (ConfUtils.java:logGet(46)) - raft.server.log.statemachine.data.sync.timeout.retry = -1 (default)
2022-08-27 01:04:17,416 [pool-187-thread-1] INFO  server.RaftServerConfigKeys (ConfUtils.java:logGet(46)) - raft.server.log.write.buffer.size = 1048576 (custom)
2022-08-27 01:04:17,417 [pool-187-thread-1] INFO  server.RaftServerConfigKeys (ConfUtils.java:logGet(46)) - raft.server.log.unsafe-flush.enabled = false (default)
2022-08-27 01:04:17,417 [pool-187-thread-1] INFO  server.RaftServerConfigKeys (ConfUtils.java:logGet(46)) - raft.server.log.statemachine.data.caching.enabled = true (custom)
2022-08-27 01:04:17,417 [pool-187-thread-1] INFO  segmented.SegmentedRaftLogWorker (SegmentedRaftLogWorker.java:lambda$new$0(135)) - 47218c16-f2d5-4cf1-b4da-5ee36f49a8d8@group-780276008167-SegmentedRaftLogWorker: flushIndex: setUnconditionally 0 -> -1
2022-08-27 01:04:17,417 [pool-187-thread-1] INFO  segmented.SegmentedRaftLogWorker (SegmentedRaftLogWorker.java:lambda$new$0(135)) - 47218c16-f2d5-4cf1-b4da-5ee36f49a8d8@group-780276008167-SegmentedRaftLogWorker: safeCacheEvictIndex: setUnconditionally 0 -> -1
2022-08-27 01:04:17,417 [pool-187-thread-1] INFO  server.RaftServerConfigKeys (ConfUtils.java:logGet(46)) - raft.server.snapshot.auto.trigger.enabled = true (custom)
2022-08-27 01:04:17,417 [pool-187-thread-1] INFO  server.RaftServerConfigKeys (ConfUtils.java:logGet(46)) - raft.server.snapshot.auto.trigger.threshold = 10000 (custom)
2022-08-27 01:04:17,418 [pool-187-thread-1] INFO  server.RaftServerConfigKeys (ConfUtils.java:logGet(46)) - raft.server.snapshot.retention.file.num = 5 (custom)
2022-08-27 01:04:17,418 [pool-187-thread-1] INFO  server.RaftServerConfigKeys (ConfUtils.java:logGet(46)) - raft.server.log.purge.upto.snapshot.index = false (default)
2022-08-27 01:04:17,418 [pool-187-thread-1] INFO  server.RaftServerConfigKeys (ConfUtils.java:logGet(46)) - raft.server.retrycache.expirytime = 600000ms (custom)
2022-08-27 01:04:17,418 [pool-187-thread-1] INFO  server.RaftServerConfigKeys (ConfUtils.java:logGet(46)) - raft.server.retrycache.statistics.expirytime = 100μs (default)
2022-08-27 01:04:17,418 [pool-187-thread-1] INFO  server.RaftServerConfigKeys (ConfUtils.java:logGet(46)) - raft.server.log.appender.install.snapshot.enabled = false (custom)
2022-08-27 01:04:17,419 [pool-187-thread-1] INFO  server.RaftServerConfigKeys (ConfUtils.java:logGet(46)) - raft.server.threadpool.server.cached = true (default)
2022-08-27 01:04:17,419 [pool-187-thread-1] INFO  server.RaftServerConfigKeys (ConfUtils.java:logGet(46)) - raft.server.threadpool.server.size = 0 (default)
2022-08-27 01:04:17,419 [pool-187-thread-1] INFO  server.RaftServerConfigKeys (ConfUtils.java:logGet(46)) - raft.server.threadpool.client.cached = true (default)
2022-08-27 01:04:17,419 [pool-187-thread-1] INFO  server.RaftServerConfigKeys (ConfUtils.java:logGet(46)) - raft.server.threadpool.client.size = 0 (default)
2022-08-27 01:04:17,419 [pool-187-thread-1] INFO  server.RaftServer$Division (RaftServerImpl.java:start(310)) - 47218c16-f2d5-4cf1-b4da-5ee36f49a8d8@group-780276008167: start as a follower, conf=-1: [47218c16-f2d5-4cf1-b4da-5ee36f49a8d8|rpc:10.1.1.170:36037|priority:1], old=null
2022-08-27 01:04:17,419 [pool-187-thread-1] INFO  server.RaftServer$Division (RaftServerImpl.java:setRole(299)) - 47218c16-f2d5-4cf1-b4da-5ee36f49a8d8@group-780276008167: changes role from      null to FOLLOWER at term 0 for startAsFollower
2022-08-27 01:04:17,419 [pool-187-thread-1] INFO  impl.RoleInfo (RoleInfo.java:updateAndGet(139)) - 47218c16-f2d5-4cf1-b4da-5ee36f49a8d8: start 47218c16-f2d5-4cf1-b4da-5ee36f49a8d8@group-780276008167-FollowerState
2022-08-27 01:04:17,419 [pool-187-thread-1] INFO  util.JmxRegister (JmxRegister.java:tryRegister(44)) - Successfully registered JMX Bean with object name Ratis:service=RaftServer,group=group-780276008167,id=47218c16-f2d5-4cf1-b4da-5ee36f49a8d8
2022-08-27 01:04:17,420 [Command processor thread] INFO  ratis.XceiverServerRatis (XceiverServerRatis.java:addGroup(765)) - Created group PipelineID=edbe0b6b-b49c-4d03-9e49-780276008167
2022-08-27 01:04:17,420 [Command processor thread] INFO  commandhandler.CreatePipelineCommandHandler (CreatePipelineCommandHandler.java:handle(113)) - Created Pipeline RATIS ONE PipelineID=edbe0b6b-b49c-4d03-9e49-780276008167.
2022-08-27 01:04:17,420 [EventQueue-PipelineReportForPipelineReportHandler] INFO  pipeline.PipelineManagerImpl (PipelineManagerImpl.java:openPipeline(367)) - Pipeline Pipeline[ Id: edbe0b6b-b49c-4d03-9e49-780276008167, Nodes: 47218c16-f2d5-4cf1-b4da-5ee36f49a8d8{ip: 10.1.1.170, host: fv-az41-820.zje5jq5y5x4uznwvdkgxk4wc2h.cx.internal.cloudapp.net, ports: [REPLICATION=42559, RATIS=36037, RATIS_ADMIN=36037, RATIS_SERVER=36037, STANDALONE=34925], networkLocation: /default-rack, certSerialId: null, persistedOpState: IN_SERVICE, persistedOpStateExpiryEpochSec: 0}, ReplicationConfig: RATIS/ONE, State:ALLOCATED, leaderId:47218c16-f2d5-4cf1-b4da-5ee36f49a8d8, CreationTimestamp2022-08-27T01:04:14.411Z[Etc/UTC]] moved to OPEN state
2022-08-27 01:04:17,420 [EventQueue-OpenPipelineForHealthyPipelineSafeModeRule] INFO  safemode.SCMSafeModeManager (HealthyPipelineSafeModeRule.java:process(137)) - SCM in safe mode. Healthy pipelines reported count is 0, required healthy pipeline reported count is 1
2022-08-27 01:04:17,432 [EventQueue-OpenPipelineForHealthyPipelineSafeModeRule] INFO  safemode.SCMSafeModeManager (HealthyPipelineSafeModeRule.java:process(137)) - SCM in safe mode. Healthy pipelines reported count is 0, required healthy pipeline reported count is 1
2022-08-27 01:04:17,748 [EventQueue-OpenPipelineForHealthyPipelineSafeModeRule] INFO  safemode.SCMSafeModeManager (HealthyPipelineSafeModeRule.java:process(137)) - SCM in safe mode. Healthy pipelines reported count is 0, required healthy pipeline reported count is 1
2022-08-27 01:04:17,766 [EventQueue-OpenPipelineForHealthyPipelineSafeModeRule] INFO  safemode.SCMSafeModeManager (HealthyPipelineSafeModeRule.java:process(137)) - SCM in safe mode. Healthy pipelines reported count is 0, required healthy pipeline reported count is 1
2022-08-27 01:04:18,086 [EventQueue-OpenPipelineForHealthyPipelineSafeModeRule] INFO  safemode.SCMSafeModeManager (HealthyPipelineSafeModeRule.java:process(137)) - SCM in safe mode. Healthy pipelines reported count is 0, required healthy pipeline reported count is 1
2022-08-27 01:04:18,161 [EventQueue-OpenPipelineForHealthyPipelineSafeModeRule] INFO  safemode.SCMSafeModeManager (HealthyPipelineSafeModeRule.java:process(137)) - SCM in safe mode. Healthy pipelines reported count is 0, required healthy pipeline reported count is 1
2022-08-27 01:04:18,252 [ReplicationMonitor] INFO  replication.ReplicationManager (ReplicationManager.java:processAll(255)) - Replication Manager is not ready to run until 3000ms after safemode exit
2022-08-27 01:04:18,409 [Listener at 127.0.0.1/42729] INFO  ozone.MiniOzoneClusterImpl (MiniOzoneClusterImpl.java:lambda$waitForClusterToBeReady$0(216)) - Nodes are ready. Got 6 of 6 DN Heartbeats.
2022-08-27 01:04:18,409 [Listener at 127.0.0.1/42729] INFO  ozone.MiniOzoneClusterImpl (MiniOzoneClusterImpl.java:lambda$waitForClusterToBeReady$0(219)) - Waiting for cluster to exit safe mode
2022-08-27 01:04:18,409 [Listener at 127.0.0.1/42729] INFO  ozone.MiniOzoneClusterImpl (MiniOzoneClusterImpl.java:lambda$waitForClusterToBeReady$0(221)) - SCM became leader
2022-08-27 01:04:18,765 [EventQueue-OpenPipelineForHealthyPipelineSafeModeRule] INFO  safemode.SCMSafeModeManager (HealthyPipelineSafeModeRule.java:process(137)) - SCM in safe mode. Healthy pipelines reported count is 0, required healthy pipeline reported count is 1
2022-08-27 01:04:19,085 [EventQueue-OpenPipelineForHealthyPipelineSafeModeRule] INFO  safemode.SCMSafeModeManager (HealthyPipelineSafeModeRule.java:process(137)) - SCM in safe mode. Healthy pipelines reported count is 0, required healthy pipeline reported count is 1
2022-08-27 01:04:19,253 [ReplicationMonitor] INFO  replication.ReplicationManager (ReplicationManager.java:processAll(255)) - Replication Manager is not ready to run until 3000ms after safemode exit
2022-08-27 01:04:19,409 [Listener at 127.0.0.1/42729] INFO  ozone.MiniOzoneClusterImpl (MiniOzoneClusterImpl.java:lambda$waitForClusterToBeReady$0(216)) - Nodes are ready. Got 6 of 6 DN Heartbeats.
2022-08-27 01:04:19,410 [Listener at 127.0.0.1/42729] INFO  ozone.MiniOzoneClusterImpl (MiniOzoneClusterImpl.java:lambda$waitForClusterToBeReady$0(219)) - Waiting for cluster to exit safe mode
2022-08-27 01:04:19,410 [Listener at 127.0.0.1/42729] INFO  ozone.MiniOzoneClusterImpl (MiniOzoneClusterImpl.java:lambda$waitForClusterToBeReady$0(221)) - SCM became leader
2022-08-27 01:04:19,416 [EventQueue-OpenPipelineForHealthyPipelineSafeModeRule] INFO  safemode.SCMSafeModeManager (HealthyPipelineSafeModeRule.java:process(137)) - SCM in safe mode. Healthy pipelines reported count is 0, required healthy pipeline reported count is 1
2022-08-27 01:04:19,430 [EventQueue-OpenPipelineForHealthyPipelineSafeModeRule] INFO  safemode.SCMSafeModeManager (HealthyPipelineSafeModeRule.java:process(137)) - SCM in safe mode. Healthy pipelines reported count is 0, required healthy pipeline reported count is 1
2022-08-27 01:04:19,748 [EventQueue-OpenPipelineForHealthyPipelineSafeModeRule] INFO  safemode.SCMSafeModeManager (HealthyPipelineSafeModeRule.java:process(137)) - SCM in safe mode. Healthy pipelines reported count is 0, required healthy pipeline reported count is 1
2022-08-27 01:04:20,085 [EventQueue-OpenPipelineForHealthyPipelineSafeModeRule] INFO  safemode.SCMSafeModeManager (HealthyPipelineSafeModeRule.java:process(137)) - SCM in safe mode. Healthy pipelines reported count is 0, required healthy pipeline reported count is 1
2022-08-27 01:04:20,160 [EventQueue-OpenPipelineForHealthyPipelineSafeModeRule] INFO  safemode.SCMSafeModeManager (HealthyPipelineSafeModeRule.java:process(137)) - SCM in safe mode. Healthy pipelines reported count is 0, required healthy pipeline reported count is 1
2022-08-27 01:04:20,253 [ReplicationMonitor] INFO  replication.ReplicationManager (ReplicationManager.java:processAll(255)) - Replication Manager is not ready to run until 3000ms after safemode exit
2022-08-27 01:04:20,410 [Listener at 127.0.0.1/42729] INFO  ozone.MiniOzoneClusterImpl (MiniOzoneClusterImpl.java:lambda$waitForClusterToBeReady$0(216)) - Nodes are ready. Got 6 of 6 DN Heartbeats.
2022-08-27 01:04:20,410 [Listener at 127.0.0.1/42729] INFO  ozone.MiniOzoneClusterImpl (MiniOzoneClusterImpl.java:lambda$waitForClusterToBeReady$0(219)) - Waiting for cluster to exit safe mode
2022-08-27 01:04:20,410 [Listener at 127.0.0.1/42729] INFO  ozone.MiniOzoneClusterImpl (MiniOzoneClusterImpl.java:lambda$waitForClusterToBeReady$0(221)) - SCM became leader
2022-08-27 01:04:20,417 [EventQueue-OpenPipelineForHealthyPipelineSafeModeRule] INFO  safemode.SCMSafeModeManager (HealthyPipelineSafeModeRule.java:process(137)) - SCM in safe mode. Healthy pipelines reported count is 0, required healthy pipeline reported count is 1
2022-08-27 01:04:20,431 [EventQueue-OpenPipelineForHealthyPipelineSafeModeRule] INFO  safemode.SCMSafeModeManager (HealthyPipelineSafeModeRule.java:process(137)) - SCM in safe mode. Healthy pipelines reported count is 0, required healthy pipeline reported count is 1
2022-08-27 01:04:20,748 [EventQueue-OpenPipelineForHealthyPipelineSafeModeRule] INFO  safemode.SCMSafeModeManager (HealthyPipelineSafeModeRule.java:process(137)) - SCM in safe mode. Healthy pipelines reported count is 0, required healthy pipeline reported count is 1
2022-08-27 01:04:20,761 [2bc1abba-7388-4eaf-8abd-93bce01f8f00@group-9F5166FAF68A-FollowerState] INFO  impl.FollowerState (FollowerState.java:run(143)) - 2bc1abba-7388-4eaf-8abd-93bce01f8f00@group-9F5166FAF68A-FollowerState: change to CANDIDATE, lastRpcElapsedTime:5033744562ns, electionTimeout:5022ms
2022-08-27 01:04:20,761 [2bc1abba-7388-4eaf-8abd-93bce01f8f00@group-9F5166FAF68A-FollowerState] INFO  impl.RoleInfo (RoleInfo.java:shutdownFollowerState(110)) - 2bc1abba-7388-4eaf-8abd-93bce01f8f00: shutdown 2bc1abba-7388-4eaf-8abd-93bce01f8f00@group-9F5166FAF68A-FollowerState
2022-08-27 01:04:20,761 [2bc1abba-7388-4eaf-8abd-93bce01f8f00@group-9F5166FAF68A-FollowerState] INFO  server.RaftServer$Division (RaftServerImpl.java:setRole(299)) - 2bc1abba-7388-4eaf-8abd-93bce01f8f00@group-9F5166FAF68A: changes role from  FOLLOWER to CANDIDATE at term 0 for changeToCandidate
2022-08-27 01:04:20,761 [2bc1abba-7388-4eaf-8abd-93bce01f8f00@group-9F5166FAF68A-FollowerState] INFO  server.RaftServerConfigKeys (ConfUtils.java:logGet(46)) - raft.server.leaderelection.pre-vote = false (custom)
2022-08-27 01:04:20,761 [2bc1abba-7388-4eaf-8abd-93bce01f8f00@group-9F5166FAF68A-FollowerState] INFO  impl.RoleInfo (RoleInfo.java:updateAndGet(139)) - 2bc1abba-7388-4eaf-8abd-93bce01f8f00: start 2bc1abba-7388-4eaf-8abd-93bce01f8f00@group-9F5166FAF68A-LeaderElection2
2022-08-27 01:04:20,764 [2bc1abba-7388-4eaf-8abd-93bce01f8f00@group-9F5166FAF68A-LeaderElection2] INFO  impl.LeaderElection (LeaderElection.java:askForVotes(310)) - 2bc1abba-7388-4eaf-8abd-93bce01f8f00@group-9F5166FAF68A-LeaderElection2 ELECTION round 0: submit vote requests at term 1 for -1: [2bc1abba-7388-4eaf-8abd-93bce01f8f00|rpc:10.1.1.170:41545|priority:1], old=null
2022-08-27 01:04:20,764 [2bc1abba-7388-4eaf-8abd-93bce01f8f00@group-9F5166FAF68A-LeaderElection2] INFO  impl.LeaderElection (LeaderElection.java:askForVotes(312)) - 2bc1abba-7388-4eaf-8abd-93bce01f8f00@group-9F5166FAF68A-LeaderElection2 ELECTION round 0: result PASSED (term=1)
2022-08-27 01:04:20,764 [2bc1abba-7388-4eaf-8abd-93bce01f8f00@group-9F5166FAF68A-LeaderElection2] INFO  impl.RoleInfo (RoleInfo.java:shutdownLeaderElection(130)) - 2bc1abba-7388-4eaf-8abd-93bce01f8f00: shutdown 2bc1abba-7388-4eaf-8abd-93bce01f8f00@group-9F5166FAF68A-LeaderElection2
2022-08-27 01:04:20,765 [EventQueue-OpenPipelineForHealthyPipelineSafeModeRule] INFO  safemode.SCMSafeModeManager (HealthyPipelineSafeModeRule.java:process(137)) - SCM in safe mode. Healthy pipelines reported count is 0, required healthy pipeline reported count is 1
2022-08-27 01:04:20,765 [2bc1abba-7388-4eaf-8abd-93bce01f8f00@group-9F5166FAF68A-LeaderElection2] INFO  server.RaftServer$Division (RaftServerImpl.java:setRole(299)) - 2bc1abba-7388-4eaf-8abd-93bce01f8f00@group-9F5166FAF68A: changes role from CANDIDATE to LEADER at term 1 for changeToLeader
2022-08-27 01:04:20,765 [2bc1abba-7388-4eaf-8abd-93bce01f8f00@group-9F5166FAF68A-LeaderElection2] INFO  ratis.XceiverServerRatis (XceiverServerRatis.java:handleLeaderChangedNotification(863)) - Leader change notification received for group: group-9F5166FAF68A with new leaderId: 2bc1abba-7388-4eaf-8abd-93bce01f8f00
2022-08-27 01:04:20,765 [2bc1abba-7388-4eaf-8abd-93bce01f8f00@group-9F5166FAF68A-LeaderElection2] INFO  server.RaftServer$Division (ServerState.java:setLeader(287)) - 2bc1abba-7388-4eaf-8abd-93bce01f8f00@group-9F5166FAF68A: change Leader from null to 2bc1abba-7388-4eaf-8abd-93bce01f8f00 at term 1 for becomeLeader, leader elected after 5049ms
2022-08-27 01:04:20,766 [2bc1abba-7388-4eaf-8abd-93bce01f8f00@group-9F5166FAF68A-LeaderElection2] INFO  server.RaftServerConfigKeys (ConfUtils.java:logGet(46)) - raft.server.staging.catchup.gap = 1000 (default)
2022-08-27 01:04:20,766 [2bc1abba-7388-4eaf-8abd-93bce01f8f00@group-9F5166FAF68A-LeaderElection2] INFO  server.RaftServerConfigKeys (ConfUtils.java:logGet(46)) - raft.server.write.element-limit = 1024 (custom)
2022-08-27 01:04:20,766 [2bc1abba-7388-4eaf-8abd-93bce01f8f00@group-9F5166FAF68A-LeaderElection2] INFO  server.RaftServerConfigKeys (ConfUtils.java:logGet(46)) - raft.server.write.byte-limit = 1024 M (=1073741824) (custom)
2022-08-27 01:04:20,766 [2bc1abba-7388-4eaf-8abd-93bce01f8f00@group-9F5166FAF68A-LeaderElection2] INFO  server.RaftServerConfigKeys (ConfUtils.java:logGet(46)) - raft.server.watch.timeout = 180s (custom)
2022-08-27 01:04:20,766 [2bc1abba-7388-4eaf-8abd-93bce01f8f00@group-9F5166FAF68A-LeaderElection2] INFO  server.RaftServerConfigKeys (ConfUtils.java:logGet(46)) - raft.server.watch.timeout.denomination = 1s (default)
2022-08-27 01:04:20,766 [2bc1abba-7388-4eaf-8abd-93bce01f8f00@group-9F5166FAF68A-LeaderElection2] INFO  server.RaftServerConfigKeys (ConfUtils.java:logGet(46)) - raft.server.watch.element-limit = 65536 (default)
2022-08-27 01:04:20,766 [2bc1abba-7388-4eaf-8abd-93bce01f8f00@group-9F5166FAF68A-LeaderElection2] INFO  server.RaftServerConfigKeys (ConfUtils.java:logGet(46)) - raft.server.write.element-limit = 1024 (custom)
2022-08-27 01:04:20,766 [2bc1abba-7388-4eaf-8abd-93bce01f8f00@group-9F5166FAF68A-LeaderElection2] INFO  server.RaftServerConfigKeys (ConfUtils.java:logGet(46)) - raft.server.write.follower.gap.ratio.max = -1.0 (default)
2022-08-27 01:04:20,766 [2bc1abba-7388-4eaf-8abd-93bce01f8f00@group-9F5166FAF68A-LeaderElection2] INFO  impl.RoleInfo (RoleInfo.java:updateAndGet(139)) - 2bc1abba-7388-4eaf-8abd-93bce01f8f00: start 2bc1abba-7388-4eaf-8abd-93bce01f8f00@group-9F5166FAF68A-LeaderStateImpl
2022-08-27 01:04:20,767 [2bc1abba-7388-4eaf-8abd-93bce01f8f00@group-9F5166FAF68A-LeaderElection2] INFO  segmented.SegmentedRaftLogWorker (SegmentedRaftLogWorker.java:startLogSegment(425)) - 2bc1abba-7388-4eaf-8abd-93bce01f8f00@group-9F5166FAF68A-SegmentedRaftLogWorker: Starting segment from index:0
2022-08-27 01:04:20,768 [2bc1abba-7388-4eaf-8abd-93bce01f8f00@group-9F5166FAF68A-LeaderElection2] INFO  server.RaftServer$Division (ServerState.java:setRaftConf(393)) - 2bc1abba-7388-4eaf-8abd-93bce01f8f00@group-9F5166FAF68A: set configuration 0: [2bc1abba-7388-4eaf-8abd-93bce01f8f00|rpc:10.1.1.170:41545|dataStream:|priority:1], old=null
2022-08-27 01:04:20,768 [2bc1abba-7388-4eaf-8abd-93bce01f8f00@group-9F5166FAF68A-SegmentedRaftLogWorker] INFO  segmented.SegmentedRaftLogWorker (SegmentedRaftLogWorker.java:execute(629)) - 2bc1abba-7388-4eaf-8abd-93bce01f8f00@group-9F5166FAF68A-SegmentedRaftLogWorker: created new log segment /home/runner/work/ozone/ozone/hadoop-ozone/integration-test/target/test-dir/MiniOzoneClusterImpl-06e86dd3-d7df-4a2c-b8a6-272c25fd117f/datanode-0/data/ratis/3723358d-e86e-4014-af2f-9f5166faf68a/current/log_inprogress_0
2022-08-27 01:04:20,770 [EventQueue-OpenPipelineForHealthyPipelineSafeModeRule] INFO  safemode.SCMSafeModeManager (HealthyPipelineSafeModeRule.java:process(137)) - SCM in safe mode. Healthy pipelines reported count is 0, required healthy pipeline reported count is 1
2022-08-27 01:04:20,816 [2bc1abba-7388-4eaf-8abd-93bce01f8f00@group-692D3A8F63C1-FollowerState] INFO  impl.FollowerState (FollowerState.java:run(143)) - 2bc1abba-7388-4eaf-8abd-93bce01f8f00@group-692D3A8F63C1-FollowerState: change to CANDIDATE, lastRpcElapsedTime:5055155430ns, electionTimeout:5054ms
2022-08-27 01:04:20,816 [2bc1abba-7388-4eaf-8abd-93bce01f8f00@group-692D3A8F63C1-FollowerState] INFO  impl.RoleInfo (RoleInfo.java:shutdownFollowerState(110)) - 2bc1abba-7388-4eaf-8abd-93bce01f8f00: shutdown 2bc1abba-7388-4eaf-8abd-93bce01f8f00@group-692D3A8F63C1-FollowerState
2022-08-27 01:04:20,816 [2bc1abba-7388-4eaf-8abd-93bce01f8f00@group-692D3A8F63C1-FollowerState] INFO  server.RaftServer$Division (RaftServerImpl.java:setRole(299)) - 2bc1abba-7388-4eaf-8abd-93bce01f8f00@group-692D3A8F63C1: changes role from  FOLLOWER to CANDIDATE at term 0 for changeToCandidate
2022-08-27 01:04:20,817 [2bc1abba-7388-4eaf-8abd-93bce01f8f00@group-692D3A8F63C1-FollowerState] INFO  server.RaftServerConfigKeys (ConfUtils.java:logGet(46)) - raft.server.leaderelection.pre-vote = false (custom)
2022-08-27 01:04:20,817 [2bc1abba-7388-4eaf-8abd-93bce01f8f00@group-692D3A8F63C1-FollowerState] INFO  impl.RoleInfo (RoleInfo.java:updateAndGet(139)) - 2bc1abba-7388-4eaf-8abd-93bce01f8f00: start 2bc1abba-7388-4eaf-8abd-93bce01f8f00@group-692D3A8F63C1-LeaderElection3
2022-08-27 01:04:20,819 [2bc1abba-7388-4eaf-8abd-93bce01f8f00@group-692D3A8F63C1-LeaderElection3] INFO  impl.LeaderElection (LeaderElection.java:askForVotes(310)) - 2bc1abba-7388-4eaf-8abd-93bce01f8f00@group-692D3A8F63C1-LeaderElection3 ELECTION round 0: submit vote requests at term 1 for -1: [05d44c0e-1782-4690-a3a2-3f7220b81a92|rpc:10.1.1.170:38247|priority:0, 2bc1abba-7388-4eaf-8abd-93bce01f8f00|rpc:10.1.1.170:41545|priority:1, dfcf168e-5082-4f01-a2db-1567ea82e82e|rpc:10.1.1.170:43507|priority:0], old=null
2022-08-27 01:04:20,841 [grpc-default-executor-0] INFO  server.RaftServer$Division (RaftServerImpl.java:requestVote(1152)) - 05d44c0e-1782-4690-a3a2-3f7220b81a92@group-692D3A8F63C1: receive requestVote(ELECTION, 2bc1abba-7388-4eaf-8abd-93bce01f8f00, group-692D3A8F63C1, 1, (t:0, i:0))
2022-08-27 01:04:20,842 [grpc-default-executor-0] INFO  impl.VoteContext (VoteContext.java:log(48)) - 05d44c0e-1782-4690-a3a2-3f7220b81a92@group-692D3A8F63C1-FOLLOWER: accept ELECTION from 2bc1abba-7388-4eaf-8abd-93bce01f8f00: our priority 0 <= candidate's priority 1
2022-08-27 01:04:20,843 [grpc-default-executor-0] INFO  server.RaftServer$Division (RaftServerImpl.java:setRole(299)) - 05d44c0e-1782-4690-a3a2-3f7220b81a92@group-692D3A8F63C1: changes role from  FOLLOWER to FOLLOWER at term 1 for candidate:2bc1abba-7388-4eaf-8abd-93bce01f8f00
2022-08-27 01:04:20,843 [grpc-default-executor-0] INFO  impl.RoleInfo (RoleInfo.java:shutdownFollowerState(110)) - 05d44c0e-1782-4690-a3a2-3f7220b81a92: shutdown 05d44c0e-1782-4690-a3a2-3f7220b81a92@group-692D3A8F63C1-FollowerState
2022-08-27 01:04:20,843 [grpc-default-executor-0] INFO  impl.RoleInfo (RoleInfo.java:updateAndGet(139)) - 05d44c0e-1782-4690-a3a2-3f7220b81a92: start 05d44c0e-1782-4690-a3a2-3f7220b81a92@group-692D3A8F63C1-FollowerState
2022-08-27 01:04:20,843 [05d44c0e-1782-4690-a3a2-3f7220b81a92@group-692D3A8F63C1-FollowerState] INFO  impl.FollowerState (FollowerState.java:run(152)) - 05d44c0e-1782-4690-a3a2-3f7220b81a92@group-692D3A8F63C1-FollowerState was interrupted
2022-08-27 01:04:20,848 [grpc-default-executor-0] INFO  server.RaftServer$Division (RaftServerImpl.java:requestVote(1184)) - 05d44c0e-1782-4690-a3a2-3f7220b81a92@group-692D3A8F63C1 replies to ELECTION vote request: 2bc1abba-7388-4eaf-8abd-93bce01f8f00<-05d44c0e-1782-4690-a3a2-3f7220b81a92#0:OK-t1. Peer's state: 05d44c0e-1782-4690-a3a2-3f7220b81a92@group-692D3A8F63C1:t1, leader=null, voted=2bc1abba-7388-4eaf-8abd-93bce01f8f00, raftlog=05d44c0e-1782-4690-a3a2-3f7220b81a92@group-692D3A8F63C1-SegmentedRaftLog:OPENED:c-1, conf=-1: [05d44c0e-1782-4690-a3a2-3f7220b81a92|rpc:10.1.1.170:38247|priority:0, 2bc1abba-7388-4eaf-8abd-93bce01f8f00|rpc:10.1.1.170:41545|priority:1, dfcf168e-5082-4f01-a2db-1567ea82e82e|rpc:10.1.1.170:43507|priority:0], old=null
2022-08-27 01:04:20,851 [grpc-default-executor-0] INFO  server.RaftServer$Division (RaftServerImpl.java:requestVote(1152)) - dfcf168e-5082-4f01-a2db-1567ea82e82e@group-692D3A8F63C1: receive requestVote(ELECTION, 2bc1abba-7388-4eaf-8abd-93bce01f8f00, group-692D3A8F63C1, 1, (t:0, i:0))
2022-08-27 01:04:20,851 [grpc-default-executor-0] INFO  impl.VoteContext (VoteContext.java:log(48)) - dfcf168e-5082-4f01-a2db-1567ea82e82e@group-692D3A8F63C1-FOLLOWER: accept ELECTION from 2bc1abba-7388-4eaf-8abd-93bce01f8f00: our priority 0 <= candidate's priority 1
2022-08-27 01:04:20,852 [grpc-default-executor-0] INFO  server.RaftServer$Division (RaftServerImpl.java:setRole(299)) - dfcf168e-5082-4f01-a2db-1567ea82e82e@group-692D3A8F63C1: changes role from  FOLLOWER to FOLLOWER at term 1 for candidate:2bc1abba-7388-4eaf-8abd-93bce01f8f00
2022-08-27 01:04:20,852 [grpc-default-executor-0] INFO  impl.RoleInfo (RoleInfo.java:shutdownFollowerState(110)) - dfcf168e-5082-4f01-a2db-1567ea82e82e: shutdown dfcf168e-5082-4f01-a2db-1567ea82e82e@group-692D3A8F63C1-FollowerState
2022-08-27 01:04:20,853 [dfcf168e-5082-4f01-a2db-1567ea82e82e@group-692D3A8F63C1-FollowerState] INFO  impl.FollowerState (FollowerState.java:run(152)) - dfcf168e-5082-4f01-a2db-1567ea82e82e@group-692D3A8F63C1-FollowerState was interrupted
2022-08-27 01:04:20,855 [grpc-default-executor-0] INFO  impl.RoleInfo (RoleInfo.java:updateAndGet(139)) - dfcf168e-5082-4f01-a2db-1567ea82e82e: start dfcf168e-5082-4f01-a2db-1567ea82e82e@group-692D3A8F63C1-FollowerState
2022-08-27 01:04:20,855 [2bc1abba-7388-4eaf-8abd-93bce01f8f00@group-692D3A8F63C1-LeaderElection3] INFO  impl.LeaderElection (LeaderElection.java:logAndReturn(90)) - 2bc1abba-7388-4eaf-8abd-93bce01f8f00@group-692D3A8F63C1-LeaderElection3: ELECTION PASSED received 1 response(s) and 0 exception(s):
2022-08-27 01:04:20,855 [2bc1abba-7388-4eaf-8abd-93bce01f8f00@group-692D3A8F63C1-LeaderElection3] INFO  impl.LeaderElection (LeaderElection.java:logAndReturn(94)) -   Response 0: 2bc1abba-7388-4eaf-8abd-93bce01f8f00<-05d44c0e-1782-4690-a3a2-3f7220b81a92#0:OK-t1
2022-08-27 01:04:20,855 [2bc1abba-7388-4eaf-8abd-93bce01f8f00@group-692D3A8F63C1-LeaderElection3] INFO  impl.LeaderElection (LeaderElection.java:askForVotes(312)) - 2bc1abba-7388-4eaf-8abd-93bce01f8f00@group-692D3A8F63C1-LeaderElection3 ELECTION round 0: result PASSED
2022-08-27 01:04:20,855 [2bc1abba-7388-4eaf-8abd-93bce01f8f00@group-692D3A8F63C1-LeaderElection3] INFO  impl.RoleInfo (RoleInfo.java:shutdownLeaderElection(130)) - 2bc1abba-7388-4eaf-8abd-93bce01f8f00: shutdown 2bc1abba-7388-4eaf-8abd-93bce01f8f00@group-692D3A8F63C1-LeaderElection3
2022-08-27 01:04:20,855 [2bc1abba-7388-4eaf-8abd-93bce01f8f00@group-692D3A8F63C1-LeaderElection3] INFO  server.RaftServer$Division (RaftServerImpl.java:setRole(299)) - 2bc1abba-7388-4eaf-8abd-93bce01f8f00@group-692D3A8F63C1: changes role from CANDIDATE to LEADER at term 1 for changeToLeader
2022-08-27 01:04:20,855 [2bc1abba-7388-4eaf-8abd-93bce01f8f00@group-692D3A8F63C1-LeaderElection3] INFO  ratis.XceiverServerRatis (XceiverServerRatis.java:handleLeaderChangedNotification(863)) - Leader change notification received for group: group-692D3A8F63C1 with new leaderId: 2bc1abba-7388-4eaf-8abd-93bce01f8f00
2022-08-27 01:04:20,855 [2bc1abba-7388-4eaf-8abd-93bce01f8f00@group-692D3A8F63C1-LeaderElection3] INFO  server.RaftServer$Division (ServerState.java:setLeader(287)) - 2bc1abba-7388-4eaf-8abd-93bce01f8f00@group-692D3A8F63C1: change Leader from null to 2bc1abba-7388-4eaf-8abd-93bce01f8f00 at term 1 for becomeLeader, leader elected after 5108ms
2022-08-27 01:04:20,855 [2bc1abba-7388-4eaf-8abd-93bce01f8f00@group-692D3A8F63C1-LeaderElection3] INFO  server.RaftServerConfigKeys (ConfUtils.java:logGet(46)) - raft.server.staging.catchup.gap = 1000 (default)
2022-08-27 01:04:20,855 [2bc1abba-7388-4eaf-8abd-93bce01f8f00@group-692D3A8F63C1-LeaderElection3] INFO  server.RaftServerConfigKeys (ConfUtils.java:logGet(46)) - raft.server.write.element-limit = 1024 (custom)
2022-08-27 01:04:20,856 [2bc1abba-7388-4eaf-8abd-93bce01f8f00@group-692D3A8F63C1-LeaderElection3] INFO  server.RaftServerConfigKeys (ConfUtils.java:logGet(46)) - raft.server.write.byte-limit = 1024 M (=1073741824) (custom)
2022-08-27 01:04:20,856 [2bc1abba-7388-4eaf-8abd-93bce01f8f00@group-692D3A8F63C1-LeaderElection3] INFO  server.RaftServerConfigKeys (ConfUtils.java:logGet(46)) - raft.server.watch.timeout = 180s (custom)
2022-08-27 01:04:20,856 [2bc1abba-7388-4eaf-8abd-93bce01f8f00@group-692D3A8F63C1-LeaderElection3] INFO  server.RaftServerConfigKeys (ConfUtils.java:logGet(46)) - raft.server.watch.timeout.denomination = 1s (default)
2022-08-27 01:04:20,856 [2bc1abba-7388-4eaf-8abd-93bce01f8f00@group-692D3A8F63C1-LeaderElection3] INFO  server.RaftServerConfigKeys (ConfUtils.java:logGet(46)) - raft.server.watch.element-limit = 65536 (default)
2022-08-27 01:04:20,856 [2bc1abba-7388-4eaf-8abd-93bce01f8f00@group-692D3A8F63C1-LeaderElection3] INFO  server.RaftServerConfigKeys (ConfUtils.java:logGet(46)) - raft.server.write.element-limit = 1024 (custom)
2022-08-27 01:04:20,856 [2bc1abba-7388-4eaf-8abd-93bce01f8f00@group-692D3A8F63C1-LeaderElection3] INFO  server.RaftServerConfigKeys (ConfUtils.java:logGet(46)) - raft.server.write.follower.gap.ratio.max = -1.0 (default)
2022-08-27 01:04:20,856 [grpc-default-executor-0] INFO  server.RaftServer$Division (RaftServerImpl.java:requestVote(1184)) - dfcf168e-5082-4f01-a2db-1567ea82e82e@group-692D3A8F63C1 replies to ELECTION vote request: 2bc1abba-7388-4eaf-8abd-93bce01f8f00<-dfcf168e-5082-4f01-a2db-1567ea82e82e#0:OK-t1. Peer's state: dfcf168e-5082-4f01-a2db-1567ea82e82e@group-692D3A8F63C1:t1, leader=null, voted=2bc1abba-7388-4eaf-8abd-93bce01f8f00, raftlog=dfcf168e-5082-4f01-a2db-1567ea82e82e@group-692D3A8F63C1-SegmentedRaftLog:OPENED:c-1, conf=-1: [05d44c0e-1782-4690-a3a2-3f7220b81a92|rpc:10.1.1.170:38247|dataStream:|priority:0, 2bc1abba-7388-4eaf-8abd-93bce01f8f00|rpc:10.1.1.170:41545|dataStream:|priority:1, dfcf168e-5082-4f01-a2db-1567ea82e82e|rpc:10.1.1.170:43507|dataStream:|priority:0], old=null
2022-08-27 01:04:20,861 [EventQueue-PipelineReportForPipelineReportHandler] INFO  pipeline.PipelineManagerImpl (PipelineManagerImpl.java:openPipeline(367)) - Pipeline Pipeline[ Id: 3e0d5a98-0446-4e8d-acc1-692d3a8f63c1, Nodes: 2bc1abba-7388-4eaf-8abd-93bce01f8f00{ip: 10.1.1.170, host: fv-az41-820.zje5jq5y5x4uznwvdkgxk4wc2h.cx.internal.cloudapp.net, ports: [REPLICATION=38427, RATIS=41545, RATIS_ADMIN=41545, RATIS_SERVER=41545, STANDALONE=42701], networkLocation: /default-rack, certSerialId: null, persistedOpState: IN_SERVICE, persistedOpStateExpiryEpochSec: 0}05d44c0e-1782-4690-a3a2-3f7220b81a92{ip: 10.1.1.170, host: fv-az41-820.zje5jq5y5x4uznwvdkgxk4wc2h.cx.internal.cloudapp.net, ports: [REPLICATION=42307, RATIS=38247, RATIS_ADMIN=38247, RATIS_SERVER=38247, STANDALONE=35439], networkLocation: /default-rack, certSerialId: null, persistedOpState: IN_SERVICE, persistedOpStateExpiryEpochSec: 0}dfcf168e-5082-4f01-a2db-1567ea82e82e{ip: 10.1.1.170, host: fv-az41-820.zje5jq5y5x4uznwvdkgxk4wc2h.cx.internal.cloudapp.net, ports: [REPLICATION=32809, RATIS=43507, RATIS_ADMIN=43507, RATIS_SERVER=43507, STANDALONE=44991], networkLocation: /default-rack, certSerialId: null, persistedOpState: IN_SERVICE, persistedOpStateExpiryEpochSec: 0}, ReplicationConfig: RATIS/THREE, State:ALLOCATED, leaderId:2bc1abba-7388-4eaf-8abd-93bce01f8f00, CreationTimestamp2022-08-27T01:04:13.431Z[Etc/UTC]] moved to OPEN state
2022-08-27 01:04:20,865 [EventQueue-OpenPipelineForHealthyPipelineSafeModeRule] INFO  safemode.SCMSafeModeManager (HealthyPipelineSafeModeRule.java:process(137)) - SCM in safe mode. Healthy pipelines reported count is 0, required healthy pipeline reported count is 1
2022-08-27 01:04:20,873 [EventQueue-OpenPipelineForHealthyPipelineSafeModeRule] INFO  safemode.SCMSafeModeManager (HealthyPipelineSafeModeRule.java:process(137)) - SCM in safe mode. Healthy pipelines reported count is 1, required healthy pipeline reported count is 1
2022-08-27 01:04:20,873 [EventQueue-OpenPipelineForHealthyPipelineSafeModeRule] INFO  safemode.SCMSafeModeManager (SCMSafeModeManager.java:validateSafeModeExitRules(204)) - HealthyPipelineSafeModeRule rule is successfully validated
2022-08-27 01:04:20,873 [EventQueue-OpenPipelineForHealthyPipelineSafeModeRule] INFO  safemode.SCMSafeModeManager (SCMSafeModeManager.java:validateSafeModeExitRules(219)) - ScmSafeModeManager, all rules are successfully validated
2022-08-27 01:04:20,873 [EventQueue-OpenPipelineForHealthyPipelineSafeModeRule] INFO  safemode.SCMSafeModeManager (SCMSafeModeManager.java:exitSafeMode(248)) - SCM exiting safe mode.
2022-08-27 01:04:20,873 [EventQueue-OpenPipelineForHealthyPipelineSafeModeRule] WARN  events.EventQueue (EventQueue.java:fireEvent(216)) - No event handler registered for event TypedEvent{payloadType=SafeModeStatus, name='Safe mode status'}
2022-08-27 01:04:20,873 [EventQueue-OpenPipelineForHealthyPipelineSafeModeRule] INFO  ha.SCMContext (SCMContext.java:updateSafeModeStatus(228)) - Update SafeModeStatus from SafeModeStatus{safeModeStatus=true, preCheckPassed=true} to SafeModeStatus{safeModeStatus=false, preCheckPassed=true}.
2022-08-27 01:04:20,873 [EventQueue-OpenPipelineForHealthyPipelineSafeModeRule] INFO  pipeline.BackgroundPipelineCreator (BackgroundPipelineCreator.java:notifyStatusChanged(254)) - Service BackgroundPipelineCreator transitions to RUNNING.
2022-08-27 01:04:20,873 [EventQueue-OpenPipelineForHealthyPipelineSafeModeRule] INFO  BackgroundPipelineScrubber (BackgroundSCMService.java:notifyStatusChanged(82)) - Service BackgroundPipelineScrubber transitions to RUNNING.
2022-08-27 01:04:20,873 [EventQueue-OpenPipelineForHealthyPipelineSafeModeRule] INFO  ExpiredContainerReplicaOpScrubber (BackgroundSCMService.java:notifyStatusChanged(82)) - Service ExpiredContainerReplicaOpScrubber transitions to RUNNING.
2022-08-27 01:04:20,873 [EventQueue-OpenPipelineForHealthyPipelineSafeModeRule] INFO  UnderReplicatedQueueThread (BackgroundSCMService.java:notifyStatusChanged(82)) - Service UnderReplicatedQueueThread transitions to RUNNING.
2022-08-27 01:04:20,873 [EventQueue-OpenPipelineForHealthyPipelineSafeModeRule] INFO  OverReplicatedQueueThread (BackgroundSCMService.java:notifyStatusChanged(82)) - Service OverReplicatedQueueThread transitions to RUNNING.
2022-08-27 01:04:20,873 [EventQueue-OpenPipelineForHealthyPipelineSafeModeRule] INFO  replication.ReplicationManager (ReplicationManager.java:notifyStatusChanged(719)) - Service ReplicationManager transitions to RUNNING.
2022-08-27 01:04:20,876 [EventQueue-OpenPipelineForHealthyPipelineSafeModeRule] WARN  balancer.ContainerBalancer (ContainerBalancer.java:shouldRun(925)) - Could not find persisted configuration for ContainerBalancer when checking if ContainerBalancer should run. ContainerBalancer should not run now.
2022-08-27 01:04:20,879 [2bc1abba-7388-4eaf-8abd-93bce01f8f00@group-692D3A8F63C1-LeaderElection3] INFO  server.RaftServerConfigKeys (ConfUtils.java:logGet(46)) - raft.server.log.appender.snapshot.chunk.size.max = 16MB (=16777216) (default)
2022-08-27 01:04:20,881 [2bc1abba-7388-4eaf-8abd-93bce01f8f00@group-692D3A8F63C1-LeaderElection3] INFO  server.RaftServerConfigKeys (ConfUtils.java:logGet(46)) - raft.server.log.appender.buffer.byte-limit = 33554432 (custom)
2022-08-27 01:04:20,881 [2bc1abba-7388-4eaf-8abd-93bce01f8f00@group-692D3A8F63C1-LeaderElection3] INFO  server.RaftServerConfigKeys (ConfUtils.java:logGet(46)) - raft.server.log.appender.buffer.element-limit = 1 (custom)
2022-08-27 01:04:20,883 [2bc1abba-7388-4eaf-8abd-93bce01f8f00@group-692D3A8F63C1-LeaderElection3] INFO  grpc.GrpcConfigKeys (ConfUtils.java:logGet(46)) - raft.grpc.server.leader.outstanding.appends.max = 128 (default)
2022-08-27 01:04:20,883 [2bc1abba-7388-4eaf-8abd-93bce01f8f00@group-692D3A8F63C1-LeaderElection3] INFO  server.RaftServerConfigKeys (ConfUtils.java:logGet(46)) - raft.server.rpc.request.timeout = 60s (custom)
2022-08-27 01:04:20,883 [2bc1abba-7388-4eaf-8abd-93bce01f8f00@group-692D3A8F63C1-LeaderElection3] INFO  server.RaftServerConfigKeys (ConfUtils.java:logGet(46)) - raft.server.log.appender.install.snapshot.enabled = false (custom)
2022-08-27 01:04:20,885 [2bc1abba-7388-4eaf-8abd-93bce01f8f00@group-692D3A8F63C1-LeaderElection3] INFO  server.RaftServerConfigKeys (ConfUtils.java:logGet(46)) - raft.server.log.appender.snapshot.chunk.size.max = 16MB (=16777216) (default)
2022-08-27 01:04:20,885 [2bc1abba-7388-4eaf-8abd-93bce01f8f00@group-692D3A8F63C1-LeaderElection3] INFO  server.RaftServerConfigKeys (ConfUtils.java:logGet(46)) - raft.server.log.appender.buffer.byte-limit = 33554432 (custom)
2022-08-27 01:04:20,885 [2bc1abba-7388-4eaf-8abd-93bce01f8f00@group-692D3A8F63C1-LeaderElection3] INFO  server.RaftServerConfigKeys (ConfUtils.java:logGet(46)) - raft.server.log.appender.buffer.element-limit = 1 (custom)
2022-08-27 01:04:20,885 [2bc1abba-7388-4eaf-8abd-93bce01f8f00@group-692D3A8F63C1-LeaderElection3] INFO  grpc.GrpcConfigKeys (ConfUtils.java:logGet(46)) - raft.grpc.server.leader.outstanding.appends.max = 128 (default)
2022-08-27 01:04:20,885 [2bc1abba-7388-4eaf-8abd-93bce01f8f00@group-692D3A8F63C1-LeaderElection3] INFO  server.RaftServerConfigKeys (ConfUtils.java:logGet(46)) - raft.server.rpc.request.timeout = 60s (custom)
2022-08-27 01:04:20,885 [2bc1abba-7388-4eaf-8abd-93bce01f8f00@group-692D3A8F63C1-LeaderElection3] INFO  server.RaftServerConfigKeys (ConfUtils.java:logGet(46)) - raft.server.log.appender.install.snapshot.enabled = false (custom)
2022-08-27 01:04:20,886 [2bc1abba-7388-4eaf-8abd-93bce01f8f00@group-692D3A8F63C1-LeaderElection3] INFO  impl.RoleInfo (RoleInfo.java:updateAndGet(139)) - 2bc1abba-7388-4eaf-8abd-93bce01f8f00: start 2bc1abba-7388-4eaf-8abd-93bce01f8f00@group-692D3A8F63C1-LeaderStateImpl
2022-08-27 01:04:20,886 [2bc1abba-7388-4eaf-8abd-93bce01f8f00@group-692D3A8F63C1-LeaderElection3] INFO  segmented.SegmentedRaftLogWorker (SegmentedRaftLogWorker.java:startLogSegment(425)) - 2bc1abba-7388-4eaf-8abd-93bce01f8f00@group-692D3A8F63C1-SegmentedRaftLogWorker: Starting segment from index:0
2022-08-27 01:04:20,887 [2bc1abba-7388-4eaf-8abd-93bce01f8f00@group-692D3A8F63C1-SegmentedRaftLogWorker] INFO  segmented.SegmentedRaftLogWorker (SegmentedRaftLogWorker.java:execute(629)) - 2bc1abba-7388-4eaf-8abd-93bce01f8f00@group-692D3A8F63C1-SegmentedRaftLogWorker: created new log segment /home/runner/work/ozone/ozone/hadoop-ozone/integration-test/target/test-dir/MiniOzoneClusterImpl-06e86dd3-d7df-4a2c-b8a6-272c25fd117f/datanode-0/data/ratis/3e0d5a98-0446-4e8d-acc1-692d3a8f63c1/current/log_inprogress_0
2022-08-27 01:04:20,900 [2bc1abba-7388-4eaf-8abd-93bce01f8f00@group-692D3A8F63C1-LeaderElection3] INFO  server.RaftServer$Division (ServerState.java:setRaftConf(393)) - 2bc1abba-7388-4eaf-8abd-93bce01f8f00@group-692D3A8F63C1: set configuration 0: [05d44c0e-1782-4690-a3a2-3f7220b81a92|rpc:10.1.1.170:38247|dataStream:|priority:0, 2bc1abba-7388-4eaf-8abd-93bce01f8f00|rpc:10.1.1.170:41545|dataStream:|priority:1, dfcf168e-5082-4f01-a2db-1567ea82e82e|rpc:10.1.1.170:43507|dataStream:|priority:0], old=null
2022-08-27 01:04:20,925 [05d44c0e-1782-4690-a3a2-3f7220b81a92-server-thread1] INFO  ratis.XceiverServerRatis (XceiverServerRatis.java:handleLeaderChangedNotification(863)) - Leader change notification received for group: group-692D3A8F63C1 with new leaderId: 2bc1abba-7388-4eaf-8abd-93bce01f8f00
2022-08-27 01:04:20,925 [05d44c0e-1782-4690-a3a2-3f7220b81a92-server-thread1] INFO  server.RaftServer$Division (ServerState.java:setLeader(287)) - 05d44c0e-1782-4690-a3a2-3f7220b81a92@group-692D3A8F63C1: change Leader from null to 2bc1abba-7388-4eaf-8abd-93bce01f8f00 at term 1 for appendEntries, leader elected after 4768ms
2022-08-27 01:04:20,933 [05d44c0e-1782-4690-a3a2-3f7220b81a92-server-thread1] INFO  server.RaftServer$Division (ServerState.java:setRaftConf(393)) - 05d44c0e-1782-4690-a3a2-3f7220b81a92@group-692D3A8F63C1: set configuration 0: [05d44c0e-1782-4690-a3a2-3f7220b81a92|rpc:10.1.1.170:38247|dataStream:|priority:0, 2bc1abba-7388-4eaf-8abd-93bce01f8f00|rpc:10.1.1.170:41545|dataStream:|priority:1, dfcf168e-5082-4f01-a2db-1567ea82e82e|rpc:10.1.1.170:43507|dataStream:|priority:0], old=null
2022-08-27 01:04:20,933 [05d44c0e-1782-4690-a3a2-3f7220b81a92-server-thread1] INFO  segmented.SegmentedRaftLogWorker (SegmentedRaftLogWorker.java:startLogSegment(425)) - 05d44c0e-1782-4690-a3a2-3f7220b81a92@group-692D3A8F63C1-SegmentedRaftLogWorker: Starting segment from index:0
2022-08-27 01:04:20,935 [05d44c0e-1782-4690-a3a2-3f7220b81a92@group-692D3A8F63C1-SegmentedRaftLogWorker] INFO  segmented.SegmentedRaftLogWorker (SegmentedRaftLogWorker.java:execute(629)) - 05d44c0e-1782-4690-a3a2-3f7220b81a92@group-692D3A8F63C1-SegmentedRaftLogWorker: created new log segment /home/runner/work/ozone/ozone/hadoop-ozone/integration-test/target/test-dir/MiniOzoneClusterImpl-06e86dd3-d7df-4a2c-b8a6-272c25fd117f/datanode-1/data/ratis/3e0d5a98-0446-4e8d-acc1-692d3a8f63c1/current/log_inprogress_0
2022-08-27 01:04:20,936 [dfcf168e-5082-4f01-a2db-1567ea82e82e-server-thread1] INFO  ratis.XceiverServerRatis (XceiverServerRatis.java:handleLeaderChangedNotification(863)) - Leader change notification received for group: group-692D3A8F63C1 with new leaderId: 2bc1abba-7388-4eaf-8abd-93bce01f8f00
2022-08-27 01:04:20,936 [dfcf168e-5082-4f01-a2db-1567ea82e82e-server-thread1] INFO  server.RaftServer$Division (ServerState.java:setLeader(287)) - dfcf168e-5082-4f01-a2db-1567ea82e82e@group-692D3A8F63C1: change Leader from null to 2bc1abba-7388-4eaf-8abd-93bce01f8f00 at term 1 for appendEntries, leader elected after 4572ms
2022-08-27 01:04:20,949 [dfcf168e-5082-4f01-a2db-1567ea82e82e-server-thread1] INFO  server.RaftServer$Division (ServerState.java:setRaftConf(393)) - dfcf168e-5082-4f01-a2db-1567ea82e82e@group-692D3A8F63C1: set configuration 0: [05d44c0e-1782-4690-a3a2-3f7220b81a92|rpc:10.1.1.170:38247|dataStream:|priority:0, 2bc1abba-7388-4eaf-8abd-93bce01f8f00|rpc:10.1.1.170:41545|dataStream:|priority:1, dfcf168e-5082-4f01-a2db-1567ea82e82e|rpc:10.1.1.170:43507|dataStream:|priority:0], old=null
2022-08-27 01:04:20,949 [dfcf168e-5082-4f01-a2db-1567ea82e82e-server-thread1] INFO  segmented.SegmentedRaftLogWorker (SegmentedRaftLogWorker.java:startLogSegment(425)) - dfcf168e-5082-4f01-a2db-1567ea82e82e@group-692D3A8F63C1-SegmentedRaftLogWorker: Starting segment from index:0
2022-08-27 01:04:20,950 [dfcf168e-5082-4f01-a2db-1567ea82e82e@group-692D3A8F63C1-SegmentedRaftLogWorker] INFO  segmented.SegmentedRaftLogWorker (SegmentedRaftLogWorker.java:execute(629)) - dfcf168e-5082-4f01-a2db-1567ea82e82e@group-692D3A8F63C1-SegmentedRaftLogWorker: created new log segment /home/runner/work/ozone/ozone/hadoop-ozone/integration-test/target/test-dir/MiniOzoneClusterImpl-06e86dd3-d7df-4a2c-b8a6-272c25fd117f/datanode-2/data/ratis/3e0d5a98-0446-4e8d-acc1-692d3a8f63c1/current/log_inprogress_0
2022-08-27 01:04:21,253 [ReplicationMonitor] INFO  replication.ReplicationManager (ReplicationManager.java:processAll(255)) - Replication Manager is not ready to run until 3000ms after safemode exit
2022-08-27 01:04:21,279 [05d44c0e-1782-4690-a3a2-3f7220b81a92@group-A229AC14321E-FollowerState] INFO  impl.FollowerState (FollowerState.java:run(143)) - 05d44c0e-1782-4690-a3a2-3f7220b81a92@group-A229AC14321E-FollowerState: change to CANDIDATE, lastRpcElapsedTime:5136939007ns, electionTimeout:5131ms
2022-08-27 01:04:21,279 [05d44c0e-1782-4690-a3a2-3f7220b81a92@group-A229AC14321E-FollowerState] INFO  impl.RoleInfo (RoleInfo.java:shutdownFollowerState(110)) - 05d44c0e-1782-4690-a3a2-3f7220b81a92: shutdown 05d44c0e-1782-4690-a3a2-3f7220b81a92@group-A229AC14321E-FollowerState
2022-08-27 01:04:21,279 [05d44c0e-1782-4690-a3a2-3f7220b81a92@group-A229AC14321E-FollowerState] INFO  server.RaftServer$Division (RaftServerImpl.java:setRole(299)) - 05d44c0e-1782-4690-a3a2-3f7220b81a92@group-A229AC14321E: changes role from  FOLLOWER to CANDIDATE at term 0 for changeToCandidate
2022-08-27 01:04:21,279 [05d44c0e-1782-4690-a3a2-3f7220b81a92@group-A229AC14321E-FollowerState] INFO  server.RaftServerConfigKeys (ConfUtils.java:logGet(46)) - raft.server.leaderelection.pre-vote = false (custom)
2022-08-27 01:04:21,279 [05d44c0e-1782-4690-a3a2-3f7220b81a92@group-A229AC14321E-FollowerState] INFO  impl.RoleInfo (RoleInfo.java:updateAndGet(139)) - 05d44c0e-1782-4690-a3a2-3f7220b81a92: start 05d44c0e-1782-4690-a3a2-3f7220b81a92@group-A229AC14321E-LeaderElection4
2022-08-27 01:04:21,281 [05d44c0e-1782-4690-a3a2-3f7220b81a92@group-A229AC14321E-LeaderElection4] INFO  impl.LeaderElection (LeaderElection.java:askForVotes(310)) - 05d44c0e-1782-4690-a3a2-3f7220b81a92@group-A229AC14321E-LeaderElection4 ELECTION round 0: submit vote requests at term 1 for -1: [05d44c0e-1782-4690-a3a2-3f7220b81a92|rpc:10.1.1.170:38247|priority:1], old=null
2022-08-27 01:04:21,281 [05d44c0e-1782-4690-a3a2-3f7220b81a92@group-A229AC14321E-LeaderElection4] INFO  impl.LeaderElection (LeaderElection.java:askForVotes(312)) - 05d44c0e-1782-4690-a3a2-3f7220b81a92@group-A229AC14321E-LeaderElection4 ELECTION round 0: result PASSED (term=1)
2022-08-27 01:04:21,281 [05d44c0e-1782-4690-a3a2-3f7220b81a92@group-A229AC14321E-LeaderElection4] INFO  impl.RoleInfo (RoleInfo.java:shutdownLeaderElection(130)) - 05d44c0e-1782-4690-a3a2-3f7220b81a92: shutdown 05d44c0e-1782-4690-a3a2-3f7220b81a92@group-A229AC14321E-LeaderElection4
2022-08-27 01:04:21,282 [05d44c0e-1782-4690-a3a2-3f7220b81a92@group-A229AC14321E-LeaderElection4] INFO  server.RaftServer$Division (RaftServerImpl.java:setRole(299)) - 05d44c0e-1782-4690-a3a2-3f7220b81a92@group-A229AC14321E: changes role from CANDIDATE to LEADER at term 1 for changeToLeader
2022-08-27 01:04:21,282 [05d44c0e-1782-4690-a3a2-3f7220b81a92@group-A229AC14321E-LeaderElection4] INFO  ratis.XceiverServerRatis (XceiverServerRatis.java:handleLeaderChangedNotification(863)) - Leader change notification received for group: group-A229AC14321E with new leaderId: 05d44c0e-1782-4690-a3a2-3f7220b81a92
2022-08-27 01:04:21,282 [05d44c0e-1782-4690-a3a2-3f7220b81a92@group-A229AC14321E-LeaderElection4] INFO  server.RaftServer$Division (ServerState.java:setLeader(287)) - 05d44c0e-1782-4690-a3a2-3f7220b81a92@group-A229AC14321E: change Leader from null to 05d44c0e-1782-4690-a3a2-3f7220b81a92 at term 1 for becomeLeader, leader elected after 5161ms
2022-08-27 01:04:21,282 [05d44c0e-1782-4690-a3a2-3f7220b81a92@group-A229AC14321E-LeaderElection4] INFO  server.RaftServerConfigKeys (ConfUtils.java:logGet(46)) - raft.server.staging.catchup.gap = 1000 (default)
2022-08-27 01:04:21,282 [05d44c0e-1782-4690-a3a2-3f7220b81a92@group-A229AC14321E-LeaderElection4] INFO  server.RaftServerConfigKeys (ConfUtils.java:logGet(46)) - raft.server.write.element-limit = 1024 (custom)
2022-08-27 01:04:21,282 [05d44c0e-1782-4690-a3a2-3f7220b81a92@group-A229AC14321E-LeaderElection4] INFO  server.RaftServerConfigKeys (ConfUtils.java:logGet(46)) - raft.server.write.byte-limit = 1024 M (=1073741824) (custom)
2022-08-27 01:04:21,282 [05d44c0e-1782-4690-a3a2-3f7220b81a92@group-A229AC14321E-LeaderElection4] INFO  server.RaftServerConfigKeys (ConfUtils.java:logGet(46)) - raft.server.watch.timeout = 180s (custom)
2022-08-27 01:04:21,283 [05d44c0e-1782-4690-a3a2-3f7220b81a92@group-A229AC14321E-LeaderElection4] INFO  server.RaftServerConfigKeys (ConfUtils.java:logGet(46)) - raft.server.watch.timeout.denomination = 1s (default)
2022-08-27 01:04:21,283 [05d44c0e-1782-4690-a3a2-3f7220b81a92@group-A229AC14321E-LeaderElection4] INFO  server.RaftServerConfigKeys (ConfUtils.java:logGet(46)) - raft.server.watch.element-limit = 65536 (default)
2022-08-27 01:04:21,283 [05d44c0e-1782-4690-a3a2-3f7220b81a92@group-A229AC14321E-LeaderElection4] INFO  server.RaftServerConfigKeys (ConfUtils.java:logGet(46)) - raft.server.write.element-limit = 1024 (custom)
2022-08-27 01:04:21,283 [05d44c0e-1782-4690-a3a2-3f7220b81a92@group-A229AC14321E-LeaderElection4] INFO  server.RaftServerConfigKeys (ConfUtils.java:logGet(46)) - raft.server.write.follower.gap.ratio.max = -1.0 (default)
2022-08-27 01:04:21,283 [05d44c0e-1782-4690-a3a2-3f7220b81a92@group-A229AC14321E-LeaderElection4] INFO  impl.RoleInfo (RoleInfo.java:updateAndGet(139)) - 05d44c0e-1782-4690-a3a2-3f7220b81a92: start 05d44c0e-1782-4690-a3a2-3f7220b81a92@group-A229AC14321E-LeaderStateImpl
2022-08-27 01:04:21,283 [05d44c0e-1782-4690-a3a2-3f7220b81a92@group-A229AC14321E-LeaderElection4] INFO  segmented.SegmentedRaftLogWorker (SegmentedRaftLogWorker.java:startLogSegment(425)) - 05d44c0e-1782-4690-a3a2-3f7220b81a92@group-A229AC14321E-SegmentedRaftLogWorker: Starting segment from index:0
2022-08-27 01:04:21,285 [05d44c0e-1782-4690-a3a2-3f7220b81a92@group-A229AC14321E-LeaderElection4] INFO  server.RaftServer$Division (ServerState.java:setRaftConf(393)) - 05d44c0e-1782-4690-a3a2-3f7220b81a92@group-A229AC14321E: set configuration 0: [05d44c0e-1782-4690-a3a2-3f7220b81a92|rpc:10.1.1.170:38247|dataStream:|priority:1], old=null
2022-08-27 01:04:21,288 [05d44c0e-1782-4690-a3a2-3f7220b81a92@group-A229AC14321E-SegmentedRaftLogWorker] INFO  segmented.SegmentedRaftLogWorker (SegmentedRaftLogWorker.java:execute(629)) - 05d44c0e-1782-4690-a3a2-3f7220b81a92@group-A229AC14321E-SegmentedRaftLogWorker: created new log segment /home/runner/work/ozone/ozone/hadoop-ozone/integration-test/target/test-dir/MiniOzoneClusterImpl-06e86dd3-d7df-4a2c-b8a6-272c25fd117f/datanode-1/data/ratis/084f06b4-9d17-4fb5-a8e1-a229ac14321e/current/log_inprogress_0
2022-08-27 01:04:21,410 [Listener at 127.0.0.1/42729] INFO  ozone.MiniOzoneClusterImpl (MiniOzoneClusterImpl.java:lambda$waitForClusterToBeReady$0(216)) - Nodes are ready. Got 6 of 6 DN Heartbeats.
2022-08-27 01:04:21,410 [Listener at 127.0.0.1/42729] INFO  ozone.MiniOzoneClusterImpl (MiniOzoneClusterImpl.java:lambda$waitForClusterToBeReady$0(219)) - Cluster exits safe mode
2022-08-27 01:04:21,410 [Listener at 127.0.0.1/42729] INFO  ozone.MiniOzoneClusterImpl (MiniOzoneClusterImpl.java:lambda$waitForClusterToBeReady$0(221)) - SCM became leader
2022-08-27 01:04:21,433 [Listener at 127.0.0.1/42729] WARN  server.ServerUtils (ServerUtils.java:getScmDbDir(148)) - ozone.scm.db.dirs is not configured. We recommend adding this setting. Falling back to ozone.metadata.dirs instead.
2022-08-27 01:04:21,436 [Listener at 127.0.0.1/42729] WARN  server.ServerUtils (ServerUtils.java:getScmDbDir(148)) - ozone.scm.db.dirs is not configured. We recommend adding this setting. Falling back to ozone.metadata.dirs instead.
2022-08-27 01:04:21,436 [Listener at 127.0.0.1/42729] INFO  ha.SCMHANodeDetails (SCMHANodeDetails.java:loadSCMHAConfig(209)) - ServiceID for StorageContainerManager is null
2022-08-27 01:04:21,436 [Listener at 127.0.0.1/42729] INFO  ha.SCMHANodeDetails (SCMHANodeDetails.java:loadSCMHAConfig(214)) - ozone.scm.default.service.id is not defined, falling back to ozone.scm.service.ids to find serviceID for StorageContainerManager if it is HA enabled cluster
2022-08-27 01:04:21,438 [Listener at 127.0.0.1/42729] WARN  utils.HAUtils (HAUtils.java:getMetaDir(342)) - ozone.scm.db.dirs is not configured. We recommend adding this setting. Falling back to ozone.metadata.dirs instead.
2022-08-27 01:04:21,439 [Listener at 127.0.0.1/42729] WARN  db.DBStoreBuilder (DBStoreBuilder.java:applyDBDefinition(143)) - ozone.scm.db.dirs is not configured. We recommend adding this setting. Falling back to ozone.metadata.dirs instead.
2022-08-27 01:04:21,499 [dfcf168e-5082-4f01-a2db-1567ea82e82e@group-5C092346DB41-FollowerState] INFO  impl.FollowerState (FollowerState.java:run(143)) - dfcf168e-5082-4f01-a2db-1567ea82e82e@group-5C092346DB41-FollowerState: change to CANDIDATE, lastRpcElapsedTime:5063744157ns, electionTimeout:5063ms
2022-08-27 01:04:21,499 [dfcf168e-5082-4f01-a2db-1567ea82e82e@group-5C092346DB41-FollowerState] INFO  impl.RoleInfo (RoleInfo.java:shutdownFollowerState(110)) - dfcf168e-5082-4f01-a2db-1567ea82e82e: shutdown dfcf168e-5082-4f01-a2db-1567ea82e82e@group-5C092346DB41-FollowerState
2022-08-27 01:04:21,499 [dfcf168e-5082-4f01-a2db-1567ea82e82e@group-5C092346DB41-FollowerState] INFO  server.RaftServer$Division (RaftServerImpl.java:setRole(299)) - dfcf168e-5082-4f01-a2db-1567ea82e82e@group-5C092346DB41: changes role from  FOLLOWER to CANDIDATE at term 0 for changeToCandidate
2022-08-27 01:04:21,499 [dfcf168e-5082-4f01-a2db-1567ea82e82e@group-5C092346DB41-FollowerState] INFO  server.RaftServerConfigKeys (ConfUtils.java:logGet(46)) - raft.server.leaderelection.pre-vote = false (custom)
2022-08-27 01:04:21,499 [dfcf168e-5082-4f01-a2db-1567ea82e82e@group-5C092346DB41-FollowerState] INFO  impl.RoleInfo (RoleInfo.java:updateAndGet(139)) - dfcf168e-5082-4f01-a2db-1567ea82e82e: start dfcf168e-5082-4f01-a2db-1567ea82e82e@group-5C092346DB41-LeaderElection5
2022-08-27 01:04:21,514 [dfcf168e-5082-4f01-a2db-1567ea82e82e@group-5C092346DB41-LeaderElection5] INFO  impl.LeaderElection (LeaderElection.java:askForVotes(310)) - dfcf168e-5082-4f01-a2db-1567ea82e82e@group-5C092346DB41-LeaderElection5 ELECTION round 0: submit vote requests at term 1 for -1: [dfcf168e-5082-4f01-a2db-1567ea82e82e|rpc:10.1.1.170:43507|priority:1], old=null
2022-08-27 01:04:21,514 [dfcf168e-5082-4f01-a2db-1567ea82e82e@group-5C092346DB41-LeaderElection5] INFO  impl.LeaderElection (LeaderElection.java:askForVotes(312)) - dfcf168e-5082-4f01-a2db-1567ea82e82e@group-5C092346DB41-LeaderElection5 ELECTION round 0: result PASSED (term=1)
2022-08-27 01:04:21,514 [dfcf168e-5082-4f01-a2db-1567ea82e82e@group-5C092346DB41-LeaderElection5] INFO  impl.RoleInfo (RoleInfo.java:shutdownLeaderElection(130)) - dfcf168e-5082-4f01-a2db-1567ea82e82e: shutdown dfcf168e-5082-4f01-a2db-1567ea82e82e@group-5C092346DB41-LeaderElection5
2022-08-27 01:04:21,514 [dfcf168e-5082-4f01-a2db-1567ea82e82e@group-5C092346DB41-LeaderElection5] INFO  server.RaftServer$Division (RaftServerImpl.java:setRole(299)) - dfcf168e-5082-4f01-a2db-1567ea82e82e@group-5C092346DB41: changes role from CANDIDATE to LEADER at term 1 for changeToLeader
2022-08-27 01:04:21,514 [dfcf168e-5082-4f01-a2db-1567ea82e82e@group-5C092346DB41-LeaderElection5] INFO  ratis.XceiverServerRatis (XceiverServerRatis.java:handleLeaderChangedNotification(863)) - Leader change notification received for group: group-5C092346DB41 with new leaderId: dfcf168e-5082-4f01-a2db-1567ea82e82e
2022-08-27 01:04:21,514 [dfcf168e-5082-4f01-a2db-1567ea82e82e@group-5C092346DB41-LeaderElection5] INFO  server.RaftServer$Division (ServerState.java:setLeader(287)) - dfcf168e-5082-4f01-a2db-1567ea82e82e@group-5C092346DB41: change Leader from null to dfcf168e-5082-4f01-a2db-1567ea82e82e at term 1 for becomeLeader, leader elected after 5085ms
2022-08-27 01:04:21,515 [dfcf168e-5082-4f01-a2db-1567ea82e82e@group-5C092346DB41-LeaderElection5] INFO  server.RaftServerConfigKeys (ConfUtils.java:logGet(46)) - raft.server.staging.catchup.gap = 1000 (default)
2022-08-27 01:04:21,515 [dfcf168e-5082-4f01-a2db-1567ea82e82e@group-5C092346DB41-LeaderElection5] INFO  server.RaftServerConfigKeys (ConfUtils.java:logGet(46)) - raft.server.write.element-limit = 1024 (custom)
2022-08-27 01:04:21,515 [dfcf168e-5082-4f01-a2db-1567ea82e82e@group-5C092346DB41-LeaderElection5] INFO  server.RaftServerConfigKeys (ConfUtils.java:logGet(46)) - raft.server.write.byte-limit = 1024 M (=1073741824) (custom)
2022-08-27 01:04:21,516 [dfcf168e-5082-4f01-a2db-1567ea82e82e@group-5C092346DB41-LeaderElection5] INFO  server.RaftServerConfigKeys (ConfUtils.java:logGet(46)) - raft.server.watch.timeout = 180s (custom)
2022-08-27 01:04:21,516 [dfcf168e-5082-4f01-a2db-1567ea82e82e@group-5C092346DB41-LeaderElection5] INFO  server.RaftServerConfigKeys (ConfUtils.java:logGet(46)) - raft.server.watch.timeout.denomination = 1s (default)
2022-08-27 01:04:21,516 [dfcf168e-5082-4f01-a2db-1567ea82e82e@group-5C092346DB41-LeaderElection5] INFO  server.RaftServerConfigKeys (ConfUtils.java:logGet(46)) - raft.server.watch.element-limit = 65536 (default)
2022-08-27 01:04:21,516 [dfcf168e-5082-4f01-a2db-1567ea82e82e@group-5C092346DB41-LeaderElection5] INFO  server.RaftServerConfigKeys (ConfUtils.java:logGet(46)) - raft.server.write.element-limit = 1024 (custom)
2022-08-27 01:04:21,516 [dfcf168e-5082-4f01-a2db-1567ea82e82e@group-5C092346DB41-LeaderElection5] INFO  server.RaftServerConfigKeys (ConfUtils.java:logGet(46)) - raft.server.write.follower.gap.ratio.max = -1.0 (default)
2022-08-27 01:04:21,517 [dfcf168e-5082-4f01-a2db-1567ea82e82e@group-5C092346DB41-LeaderElection5] INFO  impl.RoleInfo (RoleInfo.java:updateAndGet(139)) - dfcf168e-5082-4f01-a2db-1567ea82e82e: start dfcf168e-5082-4f01-a2db-1567ea82e82e@group-5C092346DB41-LeaderStateImpl
2022-08-27 01:04:21,517 [dfcf168e-5082-4f01-a2db-1567ea82e82e@group-5C092346DB41-LeaderElection5] INFO  segmented.SegmentedRaftLogWorker (SegmentedRaftLogWorker.java:startLogSegment(425)) - dfcf168e-5082-4f01-a2db-1567ea82e82e@group-5C092346DB41-SegmentedRaftLogWorker: Starting segment from index:0
2022-08-27 01:04:21,518 [dfcf168e-5082-4f01-a2db-1567ea82e82e@group-5C092346DB41-SegmentedRaftLogWorker] INFO  segmented.SegmentedRaftLogWorker (SegmentedRaftLogWorker.java:execute(629)) - dfcf168e-5082-4f01-a2db-1567ea82e82e@group-5C092346DB41-SegmentedRaftLogWorker: created new log segment /home/runner/work/ozone/ozone/hadoop-ozone/integration-test/target/test-dir/MiniOzoneClusterImpl-06e86dd3-d7df-4a2c-b8a6-272c25fd117f/datanode-2/data/ratis/9a55d528-00e5-49c1-9287-5c092346db41/current/log_inprogress_0
2022-08-27 01:04:21,519 [dfcf168e-5082-4f01-a2db-1567ea82e82e@group-5C092346DB41-LeaderElection5] INFO  server.RaftServer$Division (ServerState.java:setRaftConf(393)) - dfcf168e-5082-4f01-a2db-1567ea82e82e@group-5C092346DB41: set configuration 0: [dfcf168e-5082-4f01-a2db-1567ea82e82e|rpc:10.1.1.170:43507|dataStream:|priority:1], old=null
2022-08-27 01:04:21,542 [Listener at 127.0.0.1/42729] INFO  net.NodeSchemaLoader (NodeSchemaLoader.java:loadSchemaFromFile(129)) - Loading schema from [jar:file:/home/runner/.m2/repository/org/apache/ozone/hdds-common/1.3.0-SNAPSHOT/hdds-common-1.3.0-SNAPSHOT.jar!/network-topology-default.xml]
2022-08-27 01:04:21,542 [Listener at 127.0.0.1/42729] INFO  net.NodeSchemaLoader (NodeSchemaLoader.java:loadSchema(176)) - Loading network topology layer schema file
2022-08-27 01:04:21,545 [Listener at 127.0.0.1/42729] WARN  impl.MetricRegistriesImpl (MetricRegistriesImpl.java:addReporterRegistration(111)) - New reporters are added after registries were created. Some metrics will be missing from the reporter. Please add reporter before adding any new registry.
2022-08-27 01:04:21,545 [Listener at 127.0.0.1/42729] WARN  impl.MetricRegistriesImpl (MetricRegistriesImpl.java:addReporterRegistration(111)) - New reporters are added after registries were created. Some metrics will be missing from the reporter. Please add reporter before adding any new registry.
2022-08-27 01:04:21,545 [Listener at 127.0.0.1/42729] INFO  upgrade.AbstractLayoutVersionManager (AbstractLayoutVersionManager.java:init(83)) - Initializing Layout version manager with metadata layout = DATANODE_SCHEMA_V3 (version = 4), software layout = DATANODE_SCHEMA_V3 (version = 4)
2022-08-27 01:04:21,595 [Listener at 127.0.0.1/42729] INFO  reflections.Reflections (Reflections.java:scan(232)) - Reflections took 48 ms to scan 7 urls, producing 133 keys and 322 values 
2022-08-27 01:04:21,597 [Listener at 127.0.0.1/42729] INFO  ha.SequenceIdGenerator (SequenceIdGenerator.java:upgradeToSequenceId(349)) - upgrade localId to 109611004723200000
2022-08-27 01:04:21,597 [Listener at 127.0.0.1/42729] INFO  ha.SequenceIdGenerator (SequenceIdGenerator.java:upgradeToSequenceId(359)) - upgrade delTxnId to 0
2022-08-27 01:04:21,598 [Listener at 127.0.0.1/42729] INFO  ha.SequenceIdGenerator (SequenceIdGenerator.java:upgradeToSequenceId(376)) - upgrade containerId to 0
2022-08-27 01:04:21,598 [Listener at 127.0.0.1/42729] INFO  ha.SequenceIdGenerator (SequenceIdGenerator.java:<init>(220)) - Init the HA SequenceIdGenerator.
2022-08-27 01:04:21,599 [Listener at 127.0.0.1/42729] INFO  node.SCMNodeManager (SCMNodeManager.java:<init>(149)) - Entering startup safe mode.
2022-08-27 01:04:21,599 [Listener at 127.0.0.1/42729] INFO  algorithms.ContainerPlacementPolicyFactory (ContainerPlacementPolicyFactory.java:getPolicyInternal(86)) - Create container placement policy of type org.apache.hadoop.hdds.scm.container.placement.algorithms.SCMContainerPlacementRandom
2022-08-27 01:04:21,599 [Listener at 127.0.0.1/42729] INFO  algorithms.ContainerPlacementPolicyFactory (ContainerPlacementPolicyFactory.java:getPolicyInternal(86)) - Create container placement policy of type org.apache.hadoop.hdds.scm.container.placement.algorithms.SCMContainerPlacementRackScatter
2022-08-27 01:04:21,599 [Listener at 127.0.0.1/42729] INFO  pipeline.PipelineStateManagerImpl (PipelineStateManagerImpl.java:initialize(78)) - No pipeline exists in current db
2022-08-27 01:04:21,600 [Listener at 127.0.0.1/42729] INFO  algorithms.LeaderChoosePolicyFactory (LeaderChoosePolicyFactory.java:getPolicy(57)) - Create leader choose policy of type org.apache.hadoop.hdds.scm.pipeline.leader.choose.algorithms.MinLeaderCountChoosePolicy
2022-08-27 01:04:21,600 [Listener at 127.0.0.1/42729] INFO  algorithms.ContainerPlacementPolicyFactory (ContainerPlacementPolicyFactory.java:getPolicyInternal(86)) - Create container placement policy of type org.apache.hadoop.hdds.scm.container.placement.algorithms.SCMContainerPlacementRackScatter
2022-08-27 01:04:21,600 [Listener at 127.0.0.1/42729] INFO  ha.SCMServiceManager (SCMServiceManager.java:register(42)) - Registering service BackgroundPipelineCreator.
2022-08-27 01:04:21,600 [Listener at 127.0.0.1/42729] INFO  pipeline.BackgroundPipelineCreator (BackgroundPipelineCreator.java:start(124)) - Starting RatisPipelineUtilsThread.
2022-08-27 01:04:21,600 [Listener at 127.0.0.1/42729] INFO  BackgroundPipelineScrubber (BackgroundSCMService.java:start(68)) - Starting BackgroundPipelineScrubber Service.
2022-08-27 01:04:21,610 [Listener at 127.0.0.1/42729] INFO  ha.SCMServiceManager (SCMServiceManager.java:register(42)) - Registering service BackgroundPipelineScrubber.
2022-08-27 01:04:21,610 [Listener at 127.0.0.1/42729] INFO  ExpiredContainerReplicaOpScrubber (BackgroundSCMService.java:start(68)) - Starting ExpiredContainerReplicaOpScrubber Service.
2022-08-27 01:04:21,613 [Listener at 127.0.0.1/42729] INFO  ha.SCMServiceManager (SCMServiceManager.java:register(42)) - Registering service ExpiredContainerReplicaOpScrubber.
2022-08-27 01:04:21,614 [Listener at 127.0.0.1/42729] INFO  algorithms.PipelineChoosePolicyFactory (PipelineChoosePolicyFactory.java:createPipelineChoosePolicyFromClass(73)) - Create pipeline choose policy of type org.apache.hadoop.hdds.scm.pipeline.choose.algorithms.RandomPipelineChoosePolicy
2022-08-27 01:04:21,614 [Listener at 127.0.0.1/42729] INFO  ha.SCMServiceManager (SCMServiceManager.java:register(42)) - Registering service SCMBlockDeletingService.
2022-08-27 01:04:21,615 [Listener at 127.0.0.1/42729] INFO  replication.ReplicationManager (ReplicationManager.java:start(206)) - Starting Replication Monitor Thread.
2022-08-27 01:04:21,618 [Listener at 127.0.0.1/42729] INFO  UnderReplicatedQueueThread (BackgroundSCMService.java:start(68)) - Starting UnderReplicatedQueueThread Service.
2022-08-27 01:04:21,624 [Listener at 127.0.0.1/42729] INFO  ha.SCMServiceManager (SCMServiceManager.java:register(42)) - Registering service UnderReplicatedQueueThread.
2022-08-27 01:04:21,624 [ReplicationMonitor] INFO  replication.ReplicationManager (ReplicationManager.java:processAll(255)) - Replication Manager is not ready to run until 3000ms after safemode exit
2022-08-27 01:04:21,624 [Listener at 127.0.0.1/42729] INFO  OverReplicatedQueueThread (BackgroundSCMService.java:start(68)) - Starting OverReplicatedQueueThread Service.
2022-08-27 01:04:21,632 [Listener at 127.0.0.1/42729] INFO  ha.SCMServiceManager (SCMServiceManager.java:register(42)) - Registering service OverReplicatedQueueThread.
2022-08-27 01:04:21,632 [Listener at 127.0.0.1/42729] INFO  ha.SCMServiceManager (SCMServiceManager.java:register(42)) - Registering service ReplicationManager.
2022-08-27 01:04:21,632 [Listener at 127.0.0.1/42729] INFO  safemode.ContainerSafeModeRule (ContainerSafeModeRule.java:<init>(89)) - containers with one replica threshold count 0
2022-08-27 01:04:21,633 [Listener at 127.0.0.1/42729] INFO  safemode.HealthyPipelineSafeModeRule (HealthyPipelineSafeModeRule.java:initializeRule(169)) - Total pipeline count is 0, healthy pipeline threshold count is 1
2022-08-27 01:04:21,633 [Listener at 127.0.0.1/42729] INFO  safemode.OneReplicaPipelineSafeModeRule (OneReplicaPipelineSafeModeRule.java:initializeRule(180)) - Total pipeline count is 0, pipeline's with at least one datanode reported threshold count is 0
2022-08-27 01:04:21,643 [Listener at 127.0.0.1/42729] INFO  ipc.CallQueueManager (CallQueueManager.java:<init>(90)) - Using callQueue: class java.util.concurrent.LinkedBlockingQueue, queueCapacity: 2000, scheduler: class org.apache.hadoop.ipc.DefaultRpcScheduler, ipcBackoff: false.
2022-08-27 01:04:21,653 [Socket Reader #1 for port 0] INFO  ipc.Server (Server.java:run(1265)) - Starting Socket Reader #1 for port 0
2022-08-27 01:04:21,671 [Listener at 0.0.0.0/40273] INFO  ipc.CallQueueManager (CallQueueManager.java:<init>(90)) - Using callQueue: class java.util.concurrent.LinkedBlockingQueue, queueCapacity: 2000, scheduler: class org.apache.hadoop.ipc.DefaultRpcScheduler, ipcBackoff: false.
2022-08-27 01:04:21,672 [Socket Reader #1 for port 0] INFO  ipc.Server (Server.java:run(1265)) - Starting Socket Reader #1 for port 0
2022-08-27 01:04:21,673 [Listener at 0.0.0.0/42513] INFO  ipc.CallQueueManager (CallQueueManager.java:<init>(90)) - Using callQueue: class java.util.concurrent.LinkedBlockingQueue, queueCapacity: 2000, scheduler: class org.apache.hadoop.ipc.DefaultRpcScheduler, ipcBackoff: false.
2022-08-27 01:04:21,673 [Socket Reader #1 for port 0] INFO  ipc.Server (Server.java:run(1265)) - Starting Socket Reader #1 for port 0
2022-08-27 01:04:21,699 [Listener at 0.0.0.0/42787] INFO  ha.SCMServiceManager (SCMServiceManager.java:register(42)) - Registering service ContainerBalancer.
2022-08-27 01:04:21,699 [Listener at 0.0.0.0/42787] INFO  server.StorageContainerManager (StorageContainerManager.java:<init>(412)) - 
Container Balancer status:
Key                            Value
Running                        false
Container Balancer Configuration values:
Key                                                Value
Threshold                                          10
Max Datanodes to Involve per Iteration(percent)    20
Max Size to Move per Iteration                     500GB
Max Size Entering Target per Iteration             26GB
Max Size Leaving Source per Iteration              26GB

2022-08-27 01:04:21,699 [Listener at 0.0.0.0/42787] WARN  events.EventQueue (EventQueue.java:fireEvent(216)) - No event handler registered for event TypedEvent{payloadType=SafeModeStatus, name='Safe mode status'}
2022-08-27 01:04:21,699 [Listener at 0.0.0.0/42787] INFO  ha.SCMContext (SCMContext.java:updateSafeModeStatus(228)) - Update SafeModeStatus from SafeModeStatus{safeModeStatus=true, preCheckPassed=false} to SafeModeStatus{safeModeStatus=true, preCheckPassed=false}.
2022-08-27 01:04:21,699 [Listener at 0.0.0.0/42787] INFO  server.StorageContainerManager (StorageContainerManager.java:start(1466)) - StorageContainerLocationProtocol RPC server is listening at /0.0.0.0:42787
2022-08-27 01:04:21,699 [Listener at 0.0.0.0/42787] INFO  impl.MetricsSystemImpl (MetricsSystemImpl.java:init(158)) - StorageContainerManager metrics system started (again)
2022-08-27 01:04:21,710 [Listener at 0.0.0.0/42787] INFO  server.SCMClientProtocolServer (SCMClientProtocolServer.java:start(170)) - RPC server for Client  is listening at /0.0.0.0:42787
2022-08-27 01:04:21,710 [IPC Server Responder] INFO  ipc.Server (Server.java:run(1507)) - IPC Server Responder: starting
2022-08-27 01:04:21,710 [IPC Server listener on 0] INFO  ipc.Server (Server.java:run(1344)) - IPC Server listener on 0: starting
2022-08-27 01:04:21,769 [Listener at 0.0.0.0/42787] INFO  server.StorageContainerManager (StorageContainerManager.java:start(1481)) - ScmBlockLocationProtocol RPC server is listening at /0.0.0.0:42513
2022-08-27 01:04:21,769 [Listener at 0.0.0.0/42787] INFO  server.SCMBlockProtocolServer (SCMBlockProtocolServer.java:start(152)) - RPC server for Block Protocol is listening at /0.0.0.0:42513
2022-08-27 01:04:21,769 [IPC Server Responder] INFO  ipc.Server (Server.java:run(1507)) - IPC Server Responder: starting
2022-08-27 01:04:21,769 [IPC Server listener on 0] INFO  ipc.Server (Server.java:run(1344)) - IPC Server listener on 0: starting
2022-08-27 01:04:21,771 [Listener at 0.0.0.0/42787] INFO  server.SCMDatanodeProtocolServer (SCMDatanodeProtocolServer.java:start(186)) - ScmDatanodeProtocol RPC server for DataNodes is listening at /0.0.0.0:40273
2022-08-27 01:04:21,774 [IPC Server Responder] INFO  ipc.Server (Server.java:run(1507)) - IPC Server Responder: starting
2022-08-27 01:04:21,774 [IPC Server listener on 0] INFO  ipc.Server (Server.java:run(1344)) - IPC Server listener on 0: starting
2022-08-27 01:04:21,786 [org.apache.hadoop.util.JvmPauseMonitor$Monitor@5c61bc01] INFO  util.JvmPauseMonitor (JvmPauseMonitor.java:run(188)) - Starting JVM pause monitor
2022-08-27 01:04:21,786 [Listener at 0.0.0.0/42787] INFO  http.BaseHttpServer (BaseHttpServer.java:newHttpServer2BuilderForOzone(213)) - Starting Web-server for scm at: http://0.0.0.0:0
2022-08-27 01:04:21,789 [Listener at 0.0.0.0/42787] INFO  http.BaseHttpServer (BaseHttpServer.java:<init>(108)) - Hadoop Security Enabled: false Ozone Security Enabled: false Ozone HTTP Security Enabled: false 
2022-08-27 01:04:21,790 [Listener at 0.0.0.0/42787] INFO  server.AuthenticationFilter (AuthenticationFilter.java:constructSecretProvider(240)) - Unable to initialize FileSignerSecretProvider, falling back to use random secrets.
2022-08-27 01:04:21,790 [Listener at 0.0.0.0/42787] WARN  http.HttpRequestLog (HttpRequestLog.java:getRequestLog(103)) - Jetty request log can only be enabled using Log4j
2022-08-27 01:04:21,791 [Listener at 0.0.0.0/42787] INFO  http.HttpServer2 (HttpServer2.java:addGlobalFilter(1029)) - Added global filter 'safety' (class=org.apache.hadoop.hdds.server.http.HttpServer2$QuotingInputFilter)
2022-08-27 01:04:21,792 [Listener at 0.0.0.0/42787] INFO  http.HttpServer2 (HttpServer2.java:addFilter(1005)) - Added filter static_user_filter (class=org.apache.hadoop.http.lib.StaticUserWebFilter$StaticUserFilter) to context scm
2022-08-27 01:04:21,792 [Listener at 0.0.0.0/42787] INFO  http.HttpServer2 (HttpServer2.java:addFilter(1013)) - Added filter static_user_filter (class=org.apache.hadoop.http.lib.StaticUserWebFilter$StaticUserFilter) to context static
2022-08-27 01:04:21,792 [Listener at 0.0.0.0/42787] INFO  http.HttpServer2 (HttpServer2.java:addFilter(1013)) - Added filter static_user_filter (class=org.apache.hadoop.http.lib.StaticUserWebFilter$StaticUserFilter) to context logs
2022-08-27 01:04:21,794 [Listener at 0.0.0.0/42787] INFO  http.HttpServer2 (HttpServer2.java:bindListener(1248)) - Jetty bound to port 35829
2022-08-27 01:04:21,794 [Listener at 0.0.0.0/42787] INFO  server.Server (Server.java:doStart(375)) - jetty-9.4.43.v20210629; built: 2021-06-30T11:07:22.254Z; git: 526006ecfa3af7f1a27ef3a288e2bef7ea9dd7e8; jvm 1.8.0_345-b01
2022-08-27 01:04:21,795 [Listener at 0.0.0.0/42787] INFO  server.session (DefaultSessionIdManager.java:doStart(334)) - DefaultSessionIdManager workerName=node0
2022-08-27 01:04:21,795 [Listener at 0.0.0.0/42787] INFO  server.session (DefaultSessionIdManager.java:doStart(339)) - No SessionScavenger set, using defaults
2022-08-27 01:04:21,795 [Listener at 0.0.0.0/42787] INFO  server.session (HouseKeeper.java:startScavenging(132)) - node0 Scavenging every 600000ms
2022-08-27 01:04:21,796 [Listener at 0.0.0.0/42787] INFO  handler.ContextHandler (ContextHandler.java:doStart(915)) - Started o.e.j.s.ServletContextHandler@4f6876ec{logs,/logs,file:///home/runner/work/ozone/ozone/hadoop-ozone/integration-test/target/log,AVAILABLE}
2022-08-27 01:04:21,796 [Listener at 0.0.0.0/42787] INFO  handler.ContextHandler (ContextHandler.java:doStart(915)) - Started o.e.j.s.ServletContextHandler@6907c406{static,/static,file:///home/runner/work/ozone/ozone/hadoop-ozone/integration-test/target/test-classes/webapps/static,AVAILABLE}
2022-08-27 01:04:21,799 [Listener at 0.0.0.0/42787] INFO  handler.ContextHandler (ContextHandler.java:doStart(915)) - Started o.e.j.w.WebAppContext@79b17556{scm,/,file:///home/runner/work/ozone/ozone/hadoop-ozone/integration-test/target/test-classes/webapps/scm/,AVAILABLE}{file:/home/runner/work/ozone/ozone/hadoop-ozone/integration-test/target/test-classes/webapps/scm}
2022-08-27 01:04:21,811 [Listener at 0.0.0.0/42787] INFO  server.AbstractConnector (AbstractConnector.java:doStart(331)) - Started ServerConnector@3c721f2f{HTTP/1.1, (http/1.1)}{0.0.0.0:35829}
2022-08-27 01:04:21,811 [Listener at 0.0.0.0/42787] INFO  server.Server (Server.java:doStart(415)) - Started @20499ms
2022-08-27 01:04:21,811 [Listener at 0.0.0.0/42787] WARN  impl.MetricsSystemImpl (MetricsSystemImpl.java:register(279)) - Sink prometheus already exists!
2022-08-27 01:04:21,811 [Listener at 0.0.0.0/42787] INFO  http.BaseHttpServer (BaseHttpServer.java:updateConnectorAddress(333)) - HTTP server of scm listening at http://0.0.0.0:35829
2022-08-27 01:04:21,811 [Listener at 0.0.0.0/42787] WARN  server.ServerUtils (ServerUtils.java:getDBPath(225)) - ozone.om.db.dirs is not configured. We recommend adding this setting. Falling back to ozone.metadata.dirs instead.
2022-08-27 01:04:21,813 [Listener at 0.0.0.0/42787] INFO  ha.OMHANodeDetails (OMHANodeDetails.java:loadOMHAConfig(115)) - ozone.om.internal.service.id is not defined, falling back to ozone.om.service.ids to find serviceID for OzoneManager if it is HA enabled cluster
2022-08-27 01:04:21,813 [Listener at 0.0.0.0/42787] INFO  ha.OMHANodeDetails (OMHANodeDetails.java:loadOMHAConfig(226)) - Configuration does not have ozone.om.address set. Falling back to the default OM address /127.0.0.1:0
2022-08-27 01:04:21,813 [Listener at 0.0.0.0/42787] INFO  ha.OMHANodeDetails (OMHANodeDetails.java:getOMNodeDetailsForNonHA(254)) - OM Service ID is not set. Setting it to the default ID: omServiceIdDefault
2022-08-27 01:04:21,813 [Listener at 0.0.0.0/42787] INFO  ha.OMHANodeDetails (OMHANodeDetails.java:getOMNodeDetailsForNonHA(261)) - OM Node ID is not set. Setting it to the default ID: om1
2022-08-27 01:04:21,813 [Listener at 0.0.0.0/42787] WARN  server.ServerUtils (ServerUtils.java:getDBPath(225)) - ozone.om.db.dirs is not configured. We recommend adding this setting. Falling back to ozone.metadata.dirs instead.
2022-08-27 01:04:21,813 [Listener at 0.0.0.0/42787] INFO  upgrade.AbstractLayoutVersionManager (AbstractLayoutVersionManager.java:init(83)) - Initializing Layout version manager with metadata layout = MULTITENANCY_SCHEMA (version = 3), software layout = MULTITENANCY_SCHEMA (version = 3)
2022-08-27 01:04:21,848 [10661b26-eda0-4e01-aa97-bfa554844a49@group-0FAE5C14FEDB-FollowerState] INFO  impl.FollowerState (FollowerState.java:run(143)) - 10661b26-eda0-4e01-aa97-bfa554844a49@group-0FAE5C14FEDB-FollowerState: change to CANDIDATE, lastRpcElapsedTime:5091427038ns, electionTimeout:5089ms
2022-08-27 01:04:21,848 [10661b26-eda0-4e01-aa97-bfa554844a49@group-0FAE5C14FEDB-FollowerState] INFO  impl.RoleInfo (RoleInfo.java:shutdownFollowerState(110)) - 10661b26-eda0-4e01-aa97-bfa554844a49: shutdown 10661b26-eda0-4e01-aa97-bfa554844a49@group-0FAE5C14FEDB-FollowerState
2022-08-27 01:04:21,848 [10661b26-eda0-4e01-aa97-bfa554844a49@group-0FAE5C14FEDB-FollowerState] INFO  server.RaftServer$Division (RaftServerImpl.java:setRole(299)) - 10661b26-eda0-4e01-aa97-bfa554844a49@group-0FAE5C14FEDB: changes role from  FOLLOWER to CANDIDATE at term 0 for changeToCandidate
2022-08-27 01:04:21,849 [10661b26-eda0-4e01-aa97-bfa554844a49@group-0FAE5C14FEDB-FollowerState] INFO  server.RaftServerConfigKeys (ConfUtils.java:logGet(46)) - raft.server.leaderelection.pre-vote = false (custom)
2022-08-27 01:04:21,849 [10661b26-eda0-4e01-aa97-bfa554844a49@group-0FAE5C14FEDB-FollowerState] INFO  impl.RoleInfo (RoleInfo.java:updateAndGet(139)) - 10661b26-eda0-4e01-aa97-bfa554844a49: start 10661b26-eda0-4e01-aa97-bfa554844a49@group-0FAE5C14FEDB-LeaderElection6
2022-08-27 01:04:21,883 [10661b26-eda0-4e01-aa97-bfa554844a49@group-0FAE5C14FEDB-LeaderElection6] INFO  impl.LeaderElection (LeaderElection.java:askForVotes(310)) - 10661b26-eda0-4e01-aa97-bfa554844a49@group-0FAE5C14FEDB-LeaderElection6 ELECTION round 0: submit vote requests at term 1 for -1: [10661b26-eda0-4e01-aa97-bfa554844a49|rpc:10.1.1.170:44501|priority:1], old=null
2022-08-27 01:04:21,883 [10661b26-eda0-4e01-aa97-bfa554844a49@group-0FAE5C14FEDB-LeaderElection6] INFO  impl.LeaderElection (LeaderElection.java:askForVotes(312)) - 10661b26-eda0-4e01-aa97-bfa554844a49@group-0FAE5C14FEDB-LeaderElection6 ELECTION round 0: result PASSED (term=1)
2022-08-27 01:04:21,883 [10661b26-eda0-4e01-aa97-bfa554844a49@group-0FAE5C14FEDB-LeaderElection6] INFO  impl.RoleInfo (RoleInfo.java:shutdownLeaderElection(130)) - 10661b26-eda0-4e01-aa97-bfa554844a49: shutdown 10661b26-eda0-4e01-aa97-bfa554844a49@group-0FAE5C14FEDB-LeaderElection6
2022-08-27 01:04:21,883 [10661b26-eda0-4e01-aa97-bfa554844a49@group-0FAE5C14FEDB-LeaderElection6] INFO  server.RaftServer$Division (RaftServerImpl.java:setRole(299)) - 10661b26-eda0-4e01-aa97-bfa554844a49@group-0FAE5C14FEDB: changes role from CANDIDATE to LEADER at term 1 for changeToLeader
2022-08-27 01:04:21,884 [10661b26-eda0-4e01-aa97-bfa554844a49@group-0FAE5C14FEDB-LeaderElection6] INFO  ratis.XceiverServerRatis (XceiverServerRatis.java:handleLeaderChangedNotification(863)) - Leader change notification received for group: group-0FAE5C14FEDB with new leaderId: 10661b26-eda0-4e01-aa97-bfa554844a49
2022-08-27 01:04:21,884 [10661b26-eda0-4e01-aa97-bfa554844a49@group-0FAE5C14FEDB-LeaderElection6] INFO  server.RaftServer$Division (ServerState.java:setLeader(287)) - 10661b26-eda0-4e01-aa97-bfa554844a49@group-0FAE5C14FEDB: change Leader from null to 10661b26-eda0-4e01-aa97-bfa554844a49 at term 1 for becomeLeader, leader elected after 5131ms
2022-08-27 01:04:21,884 [10661b26-eda0-4e01-aa97-bfa554844a49@group-0FAE5C14FEDB-LeaderElection6] INFO  server.RaftServerConfigKeys (ConfUtils.java:logGet(46)) - raft.server.staging.catchup.gap = 1000 (default)
2022-08-27 01:04:21,884 [10661b26-eda0-4e01-aa97-bfa554844a49@group-0FAE5C14FEDB-LeaderElection6] INFO  server.RaftServerConfigKeys (ConfUtils.java:logGet(46)) - raft.server.write.element-limit = 1024 (custom)
2022-08-27 01:04:21,884 [10661b26-eda0-4e01-aa97-bfa554844a49@group-0FAE5C14FEDB-LeaderElection6] INFO  server.RaftServerConfigKeys (ConfUtils.java:logGet(46)) - raft.server.write.byte-limit = 1024 M (=1073741824) (custom)
2022-08-27 01:04:21,884 [10661b26-eda0-4e01-aa97-bfa554844a49@group-0FAE5C14FEDB-LeaderElection6] INFO  server.RaftServerConfigKeys (ConfUtils.java:logGet(46)) - raft.server.watch.timeout = 180s (custom)
2022-08-27 01:04:21,884 [10661b26-eda0-4e01-aa97-bfa554844a49@group-0FAE5C14FEDB-LeaderElection6] INFO  server.RaftServerConfigKeys (ConfUtils.java:logGet(46)) - raft.server.watch.timeout.denomination = 1s (default)
2022-08-27 01:04:21,884 [10661b26-eda0-4e01-aa97-bfa554844a49@group-0FAE5C14FEDB-LeaderElection6] INFO  server.RaftServerConfigKeys (ConfUtils.java:logGet(46)) - raft.server.watch.element-limit = 65536 (default)
2022-08-27 01:04:21,884 [10661b26-eda0-4e01-aa97-bfa554844a49@group-0FAE5C14FEDB-LeaderElection6] INFO  server.RaftServerConfigKeys (ConfUtils.java:logGet(46)) - raft.server.write.element-limit = 1024 (custom)
2022-08-27 01:04:21,884 [10661b26-eda0-4e01-aa97-bfa554844a49@group-0FAE5C14FEDB-LeaderElection6] INFO  server.RaftServerConfigKeys (ConfUtils.java:logGet(46)) - raft.server.write.follower.gap.ratio.max = -1.0 (default)
2022-08-27 01:04:21,885 [10661b26-eda0-4e01-aa97-bfa554844a49@group-0FAE5C14FEDB-LeaderElection6] INFO  impl.RoleInfo (RoleInfo.java:updateAndGet(139)) - 10661b26-eda0-4e01-aa97-bfa554844a49: start 10661b26-eda0-4e01-aa97-bfa554844a49@group-0FAE5C14FEDB-LeaderStateImpl
2022-08-27 01:04:21,885 [10661b26-eda0-4e01-aa97-bfa554844a49@group-0FAE5C14FEDB-LeaderElection6] INFO  segmented.SegmentedRaftLogWorker (SegmentedRaftLogWorker.java:startLogSegment(425)) - 10661b26-eda0-4e01-aa97-bfa554844a49@group-0FAE5C14FEDB-SegmentedRaftLogWorker: Starting segment from index:0
2022-08-27 01:04:21,887 [10661b26-eda0-4e01-aa97-bfa554844a49@group-0FAE5C14FEDB-SegmentedRaftLogWorker] INFO  segmented.SegmentedRaftLogWorker (SegmentedRaftLogWorker.java:execute(629)) - 10661b26-eda0-4e01-aa97-bfa554844a49@group-0FAE5C14FEDB-SegmentedRaftLogWorker: created new log segment /home/runner/work/ozone/ozone/hadoop-ozone/integration-test/target/test-dir/MiniOzoneClusterImpl-06e86dd3-d7df-4a2c-b8a6-272c25fd117f/datanode-3/data/ratis/1be73457-82c4-472e-a12d-0fae5c14fedb/current/log_inprogress_0
2022-08-27 01:04:21,901 [10661b26-eda0-4e01-aa97-bfa554844a49@group-0FAE5C14FEDB-LeaderElection6] INFO  server.RaftServer$Division (ServerState.java:setRaftConf(393)) - 10661b26-eda0-4e01-aa97-bfa554844a49@group-0FAE5C14FEDB: set configuration 0: [10661b26-eda0-4e01-aa97-bfa554844a49|rpc:10.1.1.170:44501|dataStream:|priority:1], old=null
2022-08-27 01:04:21,901 [47218c16-f2d5-4cf1-b4da-5ee36f49a8d8@group-63C936D77AF9-FollowerState] INFO  impl.FollowerState (FollowerState.java:run(143)) - 47218c16-f2d5-4cf1-b4da-5ee36f49a8d8@group-63C936D77AF9-FollowerState: change to CANDIDATE, lastRpcElapsedTime:5098167574ns, electionTimeout:5094ms
2022-08-27 01:04:21,901 [47218c16-f2d5-4cf1-b4da-5ee36f49a8d8@group-63C936D77AF9-FollowerState] INFO  impl.RoleInfo (RoleInfo.java:shutdownFollowerState(110)) - 47218c16-f2d5-4cf1-b4da-5ee36f49a8d8: shutdown 47218c16-f2d5-4cf1-b4da-5ee36f49a8d8@group-63C936D77AF9-FollowerState
2022-08-27 01:04:21,901 [47218c16-f2d5-4cf1-b4da-5ee36f49a8d8@group-63C936D77AF9-FollowerState] INFO  server.RaftServer$Division (RaftServerImpl.java:setRole(299)) - 47218c16-f2d5-4cf1-b4da-5ee36f49a8d8@group-63C936D77AF9: changes role from  FOLLOWER to CANDIDATE at term 0 for changeToCandidate
2022-08-27 01:04:21,901 [47218c16-f2d5-4cf1-b4da-5ee36f49a8d8@group-63C936D77AF9-FollowerState] INFO  server.RaftServerConfigKeys (ConfUtils.java:logGet(46)) - raft.server.leaderelection.pre-vote = false (custom)
2022-08-27 01:04:21,901 [47218c16-f2d5-4cf1-b4da-5ee36f49a8d8@group-63C936D77AF9-FollowerState] INFO  impl.RoleInfo (RoleInfo.java:updateAndGet(139)) - 47218c16-f2d5-4cf1-b4da-5ee36f49a8d8: start 47218c16-f2d5-4cf1-b4da-5ee36f49a8d8@group-63C936D77AF9-LeaderElection7
2022-08-27 01:04:21,914 [47218c16-f2d5-4cf1-b4da-5ee36f49a8d8@group-63C936D77AF9-LeaderElection7] INFO  impl.LeaderElection (LeaderElection.java:askForVotes(310)) - 47218c16-f2d5-4cf1-b4da-5ee36f49a8d8@group-63C936D77AF9-LeaderElection7 ELECTION round 0: submit vote requests at term 1 for -1: [10661b26-eda0-4e01-aa97-bfa554844a49|rpc:10.1.1.170:44501|dataStream:|priority:0, 47218c16-f2d5-4cf1-b4da-5ee36f49a8d8|rpc:10.1.1.170:36037|dataStream:|priority:0, efe08b73-b8e1-4cbd-8d64-d052696c0c3d|rpc:10.1.1.170:38497|dataStream:|priority:1], old=null
2022-08-27 01:04:21,933 [10661b26-eda0-4e01-aa97-bfa554844a49@group-63C936D77AF9-FollowerState] INFO  impl.FollowerState (FollowerState.java:run(143)) - 10661b26-eda0-4e01-aa97-bfa554844a49@group-63C936D77AF9-FollowerState: change to CANDIDATE, lastRpcElapsedTime:5157724543ns, electionTimeout:5157ms
2022-08-27 01:04:21,933 [10661b26-eda0-4e01-aa97-bfa554844a49@group-63C936D77AF9-FollowerState] INFO  impl.RoleInfo (RoleInfo.java:shutdownFollowerState(110)) - 10661b26-eda0-4e01-aa97-bfa554844a49: shutdown 10661b26-eda0-4e01-aa97-bfa554844a49@group-63C936D77AF9-FollowerState
2022-08-27 01:04:21,933 [10661b26-eda0-4e01-aa97-bfa554844a49@group-63C936D77AF9-FollowerState] INFO  server.RaftServer$Division (RaftServerImpl.java:setRole(299)) - 10661b26-eda0-4e01-aa97-bfa554844a49@group-63C936D77AF9: changes role from  FOLLOWER to CANDIDATE at term 0 for changeToCandidate
2022-08-27 01:04:21,940 [10661b26-eda0-4e01-aa97-bfa554844a49@group-63C936D77AF9-FollowerState] INFO  server.RaftServerConfigKeys (ConfUtils.java:logGet(46)) - raft.server.leaderelection.pre-vote = false (custom)
2022-08-27 01:04:21,940 [10661b26-eda0-4e01-aa97-bfa554844a49@group-63C936D77AF9-FollowerState] INFO  impl.RoleInfo (RoleInfo.java:updateAndGet(139)) - 10661b26-eda0-4e01-aa97-bfa554844a49: start 10661b26-eda0-4e01-aa97-bfa554844a49@group-63C936D77AF9-LeaderElection8
2022-08-27 01:04:21,953 [efe08b73-b8e1-4cbd-8d64-d052696c0c3d@group-63C936D77AF9-FollowerState] INFO  impl.FollowerState (FollowerState.java:run(143)) - efe08b73-b8e1-4cbd-8d64-d052696c0c3d@group-63C936D77AF9-FollowerState: change to CANDIDATE, lastRpcElapsedTime:5109870257ns, electionTimeout:5109ms
2022-08-27 01:04:21,960 [efe08b73-b8e1-4cbd-8d64-d052696c0c3d@group-63C936D77AF9-FollowerState] INFO  impl.RoleInfo (RoleInfo.java:shutdownFollowerState(110)) - efe08b73-b8e1-4cbd-8d64-d052696c0c3d: shutdown efe08b73-b8e1-4cbd-8d64-d052696c0c3d@group-63C936D77AF9-FollowerState
2022-08-27 01:04:21,960 [efe08b73-b8e1-4cbd-8d64-d052696c0c3d@group-63C936D77AF9-FollowerState] INFO  server.RaftServer$Division (RaftServerImpl.java:setRole(299)) - efe08b73-b8e1-4cbd-8d64-d052696c0c3d@group-63C936D77AF9: changes role from  FOLLOWER to CANDIDATE at term 0 for changeToCandidate
2022-08-27 01:04:21,961 [efe08b73-b8e1-4cbd-8d64-d052696c0c3d@group-63C936D77AF9-FollowerState] INFO  server.RaftServerConfigKeys (ConfUtils.java:logGet(46)) - raft.server.leaderelection.pre-vote = false (custom)
2022-08-27 01:04:21,961 [efe08b73-b8e1-4cbd-8d64-d052696c0c3d@group-63C936D77AF9-FollowerState] INFO  impl.RoleInfo (RoleInfo.java:updateAndGet(139)) - efe08b73-b8e1-4cbd-8d64-d052696c0c3d: start efe08b73-b8e1-4cbd-8d64-d052696c0c3d@group-63C936D77AF9-LeaderElection9
2022-08-27 01:04:21,962 [10661b26-eda0-4e01-aa97-bfa554844a49@group-63C936D77AF9-LeaderElection8] INFO  impl.LeaderElection (LeaderElection.java:askForVotes(310)) - 10661b26-eda0-4e01-aa97-bfa554844a49@group-63C936D77AF9-LeaderElection8 ELECTION round 0: submit vote requests at term 1 for -1: [10661b26-eda0-4e01-aa97-bfa554844a49|rpc:10.1.1.170:44501|priority:0, 47218c16-f2d5-4cf1-b4da-5ee36f49a8d8|rpc:10.1.1.170:36037|priority:0, efe08b73-b8e1-4cbd-8d64-d052696c0c3d|rpc:10.1.1.170:38497|priority:1], old=null
2022-08-27 01:04:22,011 [Listener at 0.0.0.0/42787] INFO  reflections.Reflections (Reflections.java:scan(232)) - Reflections took 175 ms to scan 2 urls, producing 153 keys and 427 values [using 2 cores]
2022-08-27 01:04:22,012 [Listener at 0.0.0.0/42787] INFO  upgrade.OMLayoutVersionManager (OMLayoutVersionManager.java:lambda$0(115)) - Skipping Upgrade Action MockOmUpgradeAction since it has been finalized.
2022-08-27 01:04:22,012 [Listener at 0.0.0.0/42787] WARN  server.ServerUtils (ServerUtils.java:getDBPath(225)) - ozone.om.db.dirs is not configured. We recommend adding this setting. Falling back to ozone.metadata.dirs instead.
2022-08-27 01:04:22,012 [Listener at 0.0.0.0/42787] INFO  proxy.SCMBlockLocationFailoverProxyProvider (SCMBlockLocationFailoverProxyProvider.java:<init>(114)) - Created block location fail-over proxy with 1 nodes: [nodeId=scmNodeId,nodeAddress=/0.0.0.0:42513]
2022-08-27 01:04:22,012 [efe08b73-b8e1-4cbd-8d64-d052696c0c3d@group-63C936D77AF9-LeaderElection9] INFO  impl.LeaderElection (LeaderElection.java:askForVotes(310)) - efe08b73-b8e1-4cbd-8d64-d052696c0c3d@group-63C936D77AF9-LeaderElection9 ELECTION round 0: submit vote requests at term 1 for -1: [10661b26-eda0-4e01-aa97-bfa554844a49|rpc:10.1.1.170:44501|dataStream:|priority:0, 47218c16-f2d5-4cf1-b4da-5ee36f49a8d8|rpc:10.1.1.170:36037|dataStream:|priority:0, efe08b73-b8e1-4cbd-8d64-d052696c0c3d|rpc:10.1.1.170:38497|dataStream:|priority:1], old=null
2022-08-27 01:04:22,014 [Listener at 0.0.0.0/42787] INFO  proxy.SCMBlockLocationFailoverProxyProvider (SCMBlockLocationFailoverProxyProvider.java:<init>(114)) - Created block location fail-over proxy with 1 nodes: [nodeId=scmNodeId,nodeAddress=/0.0.0.0:42513]
2022-08-27 01:04:22,040 [grpc-default-executor-0] INFO  server.RaftServer$Division (RaftServerImpl.java:requestVote(1152)) - efe08b73-b8e1-4cbd-8d64-d052696c0c3d@group-63C936D77AF9: receive requestVote(ELECTION, 47218c16-f2d5-4cf1-b4da-5ee36f49a8d8, group-63C936D77AF9, 1, (t:0, i:0))
2022-08-27 01:04:22,042 [grpc-default-executor-0] INFO  impl.VoteContext (VoteContext.java:log(48)) - efe08b73-b8e1-4cbd-8d64-d052696c0c3d@group-63C936D77AF9-CANDIDATE: reject ELECTION from 47218c16-f2d5-4cf1-b4da-5ee36f49a8d8: already has voted for efe08b73-b8e1-4cbd-8d64-d052696c0c3d at current term 1
2022-08-27 01:04:22,042 [grpc-default-executor-0] INFO  server.RaftServer$Division (RaftServerImpl.java:requestVote(1184)) - efe08b73-b8e1-4cbd-8d64-d052696c0c3d@group-63C936D77AF9 replies to ELECTION vote request: 47218c16-f2d5-4cf1-b4da-5ee36f49a8d8<-efe08b73-b8e1-4cbd-8d64-d052696c0c3d#0:FAIL-t1. Peer's state: efe08b73-b8e1-4cbd-8d64-d052696c0c3d@group-63C936D77AF9:t1, leader=null, voted=efe08b73-b8e1-4cbd-8d64-d052696c0c3d, raftlog=efe08b73-b8e1-4cbd-8d64-d052696c0c3d@group-63C936D77AF9-SegmentedRaftLog:OPENED:c-1, conf=-1: [10661b26-eda0-4e01-aa97-bfa554844a49|rpc:10.1.1.170:44501|dataStream:|priority:0, 47218c16-f2d5-4cf1-b4da-5ee36f49a8d8|rpc:10.1.1.170:36037|dataStream:|priority:0, efe08b73-b8e1-4cbd-8d64-d052696c0c3d|rpc:10.1.1.170:38497|dataStream:|priority:1], old=null
2022-08-27 01:04:22,063 [grpc-default-executor-0] INFO  server.RaftServer$Division (RaftServerImpl.java:requestVote(1152)) - 10661b26-eda0-4e01-aa97-bfa554844a49@group-63C936D77AF9: receive requestVote(ELECTION, 47218c16-f2d5-4cf1-b4da-5ee36f49a8d8, group-63C936D77AF9, 1, (t:0, i:0))
2022-08-27 01:04:22,063 [grpc-default-executor-0] INFO  impl.VoteContext (VoteContext.java:log(48)) - 10661b26-eda0-4e01-aa97-bfa554844a49@group-63C936D77AF9-CANDIDATE: reject ELECTION from 47218c16-f2d5-4cf1-b4da-5ee36f49a8d8: already has voted for 10661b26-eda0-4e01-aa97-bfa554844a49 at current term 1
2022-08-27 01:04:22,063 [grpc-default-executor-0] INFO  server.RaftServer$Division (RaftServerImpl.java:requestVote(1184)) - 10661b26-eda0-4e01-aa97-bfa554844a49@group-63C936D77AF9 replies to ELECTION vote request: 47218c16-f2d5-4cf1-b4da-5ee36f49a8d8<-10661b26-eda0-4e01-aa97-bfa554844a49#0:FAIL-t1. Peer's state: 10661b26-eda0-4e01-aa97-bfa554844a49@group-63C936D77AF9:t1, leader=null, voted=10661b26-eda0-4e01-aa97-bfa554844a49, raftlog=10661b26-eda0-4e01-aa97-bfa554844a49@group-63C936D77AF9-SegmentedRaftLog:OPENED:c-1, conf=-1: [10661b26-eda0-4e01-aa97-bfa554844a49|rpc:10.1.1.170:44501|priority:0, 47218c16-f2d5-4cf1-b4da-5ee36f49a8d8|rpc:10.1.1.170:36037|priority:0, efe08b73-b8e1-4cbd-8d64-d052696c0c3d|rpc:10.1.1.170:38497|priority:1], old=null
2022-08-27 01:04:22,066 [grpc-default-executor-2] INFO  server.RaftServer$Division (RaftServerImpl.java:requestVote(1152)) - efe08b73-b8e1-4cbd-8d64-d052696c0c3d@group-63C936D77AF9: receive requestVote(ELECTION, 10661b26-eda0-4e01-aa97-bfa554844a49, group-63C936D77AF9, 1, (t:0, i:0))
2022-08-27 01:04:22,076 [grpc-default-executor-1] INFO  server.RaftServer$Division (RaftServerImpl.java:requestVote(1152)) - 47218c16-f2d5-4cf1-b4da-5ee36f49a8d8@group-63C936D77AF9: receive requestVote(ELECTION, 10661b26-eda0-4e01-aa97-bfa554844a49, group-63C936D77AF9, 1, (t:0, i:0))
2022-08-27 01:04:22,080 [grpc-default-executor-1] INFO  impl.VoteContext (VoteContext.java:log(48)) - 47218c16-f2d5-4cf1-b4da-5ee36f49a8d8@group-63C936D77AF9-CANDIDATE: reject ELECTION from 10661b26-eda0-4e01-aa97-bfa554844a49: already has voted for 47218c16-f2d5-4cf1-b4da-5ee36f49a8d8 at current term 1
2022-08-27 01:04:22,080 [grpc-default-executor-1] INFO  server.RaftServer$Division (RaftServerImpl.java:requestVote(1184)) - 47218c16-f2d5-4cf1-b4da-5ee36f49a8d8@group-63C936D77AF9 replies to ELECTION vote request: 10661b26-eda0-4e01-aa97-bfa554844a49<-47218c16-f2d5-4cf1-b4da-5ee36f49a8d8#0:FAIL-t1. Peer's state: 47218c16-f2d5-4cf1-b4da-5ee36f49a8d8@group-63C936D77AF9:t1, leader=null, voted=47218c16-f2d5-4cf1-b4da-5ee36f49a8d8, raftlog=47218c16-f2d5-4cf1-b4da-5ee36f49a8d8@group-63C936D77AF9-SegmentedRaftLog:OPENED:c-1, conf=-1: [10661b26-eda0-4e01-aa97-bfa554844a49|rpc:10.1.1.170:44501|dataStream:|priority:0, 47218c16-f2d5-4cf1-b4da-5ee36f49a8d8|rpc:10.1.1.170:36037|dataStream:|priority:0, efe08b73-b8e1-4cbd-8d64-d052696c0c3d|rpc:10.1.1.170:38497|dataStream:|priority:1], old=null
2022-08-27 01:04:22,075 [47218c16-f2d5-4cf1-b4da-5ee36f49a8d8@group-63C936D77AF9-LeaderElection7] INFO  impl.LeaderElection (LeaderElection.java:logAndReturn(90)) - 47218c16-f2d5-4cf1-b4da-5ee36f49a8d8@group-63C936D77AF9-LeaderElection7: ELECTION REJECTED received 1 response(s) and 0 exception(s):
2022-08-27 01:04:22,080 [47218c16-f2d5-4cf1-b4da-5ee36f49a8d8@group-63C936D77AF9-LeaderElection7] INFO  impl.LeaderElection (LeaderElection.java:logAndReturn(94)) -   Response 0: 47218c16-f2d5-4cf1-b4da-5ee36f49a8d8<-efe08b73-b8e1-4cbd-8d64-d052696c0c3d#0:FAIL-t1
2022-08-27 01:04:22,080 [47218c16-f2d5-4cf1-b4da-5ee36f49a8d8@group-63C936D77AF9-LeaderElection7] INFO  impl.LeaderElection (LeaderElection.java:askForVotes(312)) - 47218c16-f2d5-4cf1-b4da-5ee36f49a8d8@group-63C936D77AF9-LeaderElection7 ELECTION round 0: result REJECTED
2022-08-27 01:04:22,080 [47218c16-f2d5-4cf1-b4da-5ee36f49a8d8@group-63C936D77AF9-LeaderElection7] INFO  server.RaftServer$Division (RaftServerImpl.java:setRole(299)) - 47218c16-f2d5-4cf1-b4da-5ee36f49a8d8@group-63C936D77AF9: changes role from CANDIDATE to FOLLOWER at term 1 for REJECTED
2022-08-27 01:04:22,080 [47218c16-f2d5-4cf1-b4da-5ee36f49a8d8@group-63C936D77AF9-LeaderElection7] INFO  impl.RoleInfo (RoleInfo.java:shutdownLeaderElection(130)) - 47218c16-f2d5-4cf1-b4da-5ee36f49a8d8: shutdown 47218c16-f2d5-4cf1-b4da-5ee36f49a8d8@group-63C936D77AF9-LeaderElection7
2022-08-27 01:04:22,081 [47218c16-f2d5-4cf1-b4da-5ee36f49a8d8@group-63C936D77AF9-LeaderElection7] INFO  impl.RoleInfo (RoleInfo.java:updateAndGet(139)) - 47218c16-f2d5-4cf1-b4da-5ee36f49a8d8: start 47218c16-f2d5-4cf1-b4da-5ee36f49a8d8@group-63C936D77AF9-FollowerState
2022-08-27 01:04:22,075 [Listener at 0.0.0.0/42787] WARN  server.ServerUtils (ServerUtils.java:getDBPath(225)) - ozone.om.db.dirs is not configured. We recommend adding this setting. Falling back to ozone.metadata.dirs instead.
2022-08-27 01:04:22,087 [Listener at 0.0.0.0/42787] INFO  codec.OmKeyInfoCodec (OmKeyInfoCodec.java:<init>(49)) - OmKeyInfoCodec ignorePipeline = true
2022-08-27 01:04:22,087 [Listener at 0.0.0.0/42787] INFO  codec.RepeatedOmKeyInfoCodec (RepeatedOmKeyInfoCodec.java:<init>(41)) - RepeatedOmKeyInfoCodec ignorePipeline = true
2022-08-27 01:04:22,077 [grpc-default-executor-2] INFO  impl.VoteContext (VoteContext.java:log(48)) - efe08b73-b8e1-4cbd-8d64-d052696c0c3d@group-63C936D77AF9-CANDIDATE: reject ELECTION from 10661b26-eda0-4e01-aa97-bfa554844a49: already has voted for efe08b73-b8e1-4cbd-8d64-d052696c0c3d at current term 1
2022-08-27 01:04:22,087 [grpc-default-executor-2] INFO  server.RaftServer$Division (RaftServerImpl.java:requestVote(1184)) - efe08b73-b8e1-4cbd-8d64-d052696c0c3d@group-63C936D77AF9 replies to ELECTION vote request: 10661b26-eda0-4e01-aa97-bfa554844a49<-efe08b73-b8e1-4cbd-8d64-d052696c0c3d#0:FAIL-t1. Peer's state: efe08b73-b8e1-4cbd-8d64-d052696c0c3d@group-63C936D77AF9:t1, leader=null, voted=efe08b73-b8e1-4cbd-8d64-d052696c0c3d, raftlog=efe08b73-b8e1-4cbd-8d64-d052696c0c3d@group-63C936D77AF9-SegmentedRaftLog:OPENED:c-1, conf=-1: [10661b26-eda0-4e01-aa97-bfa554844a49|rpc:10.1.1.170:44501|dataStream:|priority:0, 47218c16-f2d5-4cf1-b4da-5ee36f49a8d8|rpc:10.1.1.170:36037|dataStream:|priority:0, efe08b73-b8e1-4cbd-8d64-d052696c0c3d|rpc:10.1.1.170:38497|dataStream:|priority:1], old=null
2022-08-27 01:04:22,088 [grpc-default-executor-1] INFO  server.RaftServer$Division (RaftServerImpl.java:requestVote(1152)) - 10661b26-eda0-4e01-aa97-bfa554844a49@group-63C936D77AF9: receive requestVote(ELECTION, efe08b73-b8e1-4cbd-8d64-d052696c0c3d, group-63C936D77AF9, 1, (t:0, i:0))
2022-08-27 01:04:22,088 [grpc-default-executor-1] INFO  impl.VoteContext (VoteContext.java:log(48)) - 10661b26-eda0-4e01-aa97-bfa554844a49@group-63C936D77AF9-CANDIDATE: reject ELECTION from efe08b73-b8e1-4cbd-8d64-d052696c0c3d: already has voted for 10661b26-eda0-4e01-aa97-bfa554844a49 at current term 1
2022-08-27 01:04:22,088 [grpc-default-executor-1] INFO  server.RaftServer$Division (RaftServerImpl.java:requestVote(1184)) - 10661b26-eda0-4e01-aa97-bfa554844a49@group-63C936D77AF9 replies to ELECTION vote request: efe08b73-b8e1-4cbd-8d64-d052696c0c3d<-10661b26-eda0-4e01-aa97-bfa554844a49#0:FAIL-t1. Peer's state: 10661b26-eda0-4e01-aa97-bfa554844a49@group-63C936D77AF9:t1, leader=null, voted=10661b26-eda0-4e01-aa97-bfa554844a49, raftlog=10661b26-eda0-4e01-aa97-bfa554844a49@group-63C936D77AF9-SegmentedRaftLog:OPENED:c-1, conf=-1: [10661b26-eda0-4e01-aa97-bfa554844a49|rpc:10.1.1.170:44501|priority:0, 47218c16-f2d5-4cf1-b4da-5ee36f49a8d8|rpc:10.1.1.170:36037|priority:0, efe08b73-b8e1-4cbd-8d64-d052696c0c3d|rpc:10.1.1.170:38497|priority:1], old=null
2022-08-27 01:04:22,088 [grpc-default-executor-0] INFO  server.RaftServer$Division (RaftServerImpl.java:requestVote(1152)) - 47218c16-f2d5-4cf1-b4da-5ee36f49a8d8@group-63C936D77AF9: receive requestVote(ELECTION, efe08b73-b8e1-4cbd-8d64-d052696c0c3d, group-63C936D77AF9, 1, (t:0, i:0))
2022-08-27 01:04:22,095 [grpc-default-executor-0] INFO  impl.VoteContext (VoteContext.java:log(48)) - 47218c16-f2d5-4cf1-b4da-5ee36f49a8d8@group-63C936D77AF9-FOLLOWER: reject ELECTION from efe08b73-b8e1-4cbd-8d64-d052696c0c3d: already has voted for 47218c16-f2d5-4cf1-b4da-5ee36f49a8d8 at current term 1
2022-08-27 01:04:22,095 [grpc-default-executor-0] INFO  server.RaftServer$Division (RaftServerImpl.java:requestVote(1184)) - 47218c16-f2d5-4cf1-b4da-5ee36f49a8d8@group-63C936D77AF9 replies to ELECTION vote request: efe08b73-b8e1-4cbd-8d64-d052696c0c3d<-47218c16-f2d5-4cf1-b4da-5ee36f49a8d8#0:FAIL-t1. Peer's state: 47218c16-f2d5-4cf1-b4da-5ee36f49a8d8@group-63C936D77AF9:t1, leader=null, voted=47218c16-f2d5-4cf1-b4da-5ee36f49a8d8, raftlog=47218c16-f2d5-4cf1-b4da-5ee36f49a8d8@group-63C936D77AF9-SegmentedRaftLog:OPENED:c-1, conf=-1: [10661b26-eda0-4e01-aa97-bfa554844a49|rpc:10.1.1.170:44501|dataStream:|priority:0, 47218c16-f2d5-4cf1-b4da-5ee36f49a8d8|rpc:10.1.1.170:36037|dataStream:|priority:0, efe08b73-b8e1-4cbd-8d64-d052696c0c3d|rpc:10.1.1.170:38497|dataStream:|priority:1], old=null
2022-08-27 01:04:22,097 [10661b26-eda0-4e01-aa97-bfa554844a49@group-63C936D77AF9-LeaderElection8] INFO  impl.LeaderElection (LeaderElection.java:logAndReturn(90)) - 10661b26-eda0-4e01-aa97-bfa554844a49@group-63C936D77AF9-LeaderElection8: ELECTION REJECTED received 2 response(s) and 0 exception(s):
2022-08-27 01:04:22,097 [10661b26-eda0-4e01-aa97-bfa554844a49@group-63C936D77AF9-LeaderElection8] INFO  impl.LeaderElection (LeaderElection.java:logAndReturn(94)) -   Response 0: 10661b26-eda0-4e01-aa97-bfa554844a49<-47218c16-f2d5-4cf1-b4da-5ee36f49a8d8#0:FAIL-t1
2022-08-27 01:04:22,098 [10661b26-eda0-4e01-aa97-bfa554844a49@group-63C936D77AF9-LeaderElection8] INFO  impl.LeaderElection (LeaderElection.java:logAndReturn(94)) -   Response 1: 10661b26-eda0-4e01-aa97-bfa554844a49<-efe08b73-b8e1-4cbd-8d64-d052696c0c3d#0:FAIL-t1
2022-08-27 01:04:22,098 [10661b26-eda0-4e01-aa97-bfa554844a49@group-63C936D77AF9-LeaderElection8] INFO  impl.LeaderElection (LeaderElection.java:askForVotes(312)) - 10661b26-eda0-4e01-aa97-bfa554844a49@group-63C936D77AF9-LeaderElection8 ELECTION round 0: result REJECTED
2022-08-27 01:04:22,098 [10661b26-eda0-4e01-aa97-bfa554844a49@group-63C936D77AF9-LeaderElection8] INFO  server.RaftServer$Division (RaftServerImpl.java:setRole(299)) - 10661b26-eda0-4e01-aa97-bfa554844a49@group-63C936D77AF9: changes role from CANDIDATE to FOLLOWER at term 1 for REJECTED
2022-08-27 01:04:22,098 [10661b26-eda0-4e01-aa97-bfa554844a49@group-63C936D77AF9-LeaderElection8] INFO  impl.RoleInfo (RoleInfo.java:shutdownLeaderElection(130)) - 10661b26-eda0-4e01-aa97-bfa554844a49: shutdown 10661b26-eda0-4e01-aa97-bfa554844a49@group-63C936D77AF9-LeaderElection8
2022-08-27 01:04:22,098 [10661b26-eda0-4e01-aa97-bfa554844a49@group-63C936D77AF9-LeaderElection8] INFO  impl.RoleInfo (RoleInfo.java:updateAndGet(139)) - 10661b26-eda0-4e01-aa97-bfa554844a49: start 10661b26-eda0-4e01-aa97-bfa554844a49@group-63C936D77AF9-FollowerState
2022-08-27 01:04:22,112 [efe08b73-b8e1-4cbd-8d64-d052696c0c3d@group-63C936D77AF9-LeaderElection9] INFO  impl.LeaderElection (LeaderElection.java:logAndReturn(90)) - efe08b73-b8e1-4cbd-8d64-d052696c0c3d@group-63C936D77AF9-LeaderElection9: ELECTION REJECTED received 2 response(s) and 0 exception(s):
2022-08-27 01:04:22,115 [efe08b73-b8e1-4cbd-8d64-d052696c0c3d@group-63C936D77AF9-LeaderElection9] INFO  impl.LeaderElection (LeaderElection.java:logAndReturn(94)) -   Response 0: efe08b73-b8e1-4cbd-8d64-d052696c0c3d<-10661b26-eda0-4e01-aa97-bfa554844a49#0:FAIL-t1
2022-08-27 01:04:22,115 [efe08b73-b8e1-4cbd-8d64-d052696c0c3d@group-63C936D77AF9-LeaderElection9] INFO  impl.LeaderElection (LeaderElection.java:logAndReturn(94)) -   Response 1: efe08b73-b8e1-4cbd-8d64-d052696c0c3d<-47218c16-f2d5-4cf1-b4da-5ee36f49a8d8#0:FAIL-t1
2022-08-27 01:04:22,115 [efe08b73-b8e1-4cbd-8d64-d052696c0c3d@group-63C936D77AF9-LeaderElection9] INFO  impl.LeaderElection (LeaderElection.java:askForVotes(312)) - efe08b73-b8e1-4cbd-8d64-d052696c0c3d@group-63C936D77AF9-LeaderElection9 ELECTION round 0: result REJECTED
2022-08-27 01:04:22,115 [efe08b73-b8e1-4cbd-8d64-d052696c0c3d@group-63C936D77AF9-LeaderElection9] INFO  server.RaftServer$Division (RaftServerImpl.java:setRole(299)) - efe08b73-b8e1-4cbd-8d64-d052696c0c3d@group-63C936D77AF9: changes role from CANDIDATE to FOLLOWER at term 1 for REJECTED
2022-08-27 01:04:22,115 [efe08b73-b8e1-4cbd-8d64-d052696c0c3d@group-63C936D77AF9-LeaderElection9] INFO  impl.RoleInfo (RoleInfo.java:shutdownLeaderElection(130)) - efe08b73-b8e1-4cbd-8d64-d052696c0c3d: shutdown efe08b73-b8e1-4cbd-8d64-d052696c0c3d@group-63C936D77AF9-LeaderElection9
2022-08-27 01:04:22,115 [efe08b73-b8e1-4cbd-8d64-d052696c0c3d@group-63C936D77AF9-LeaderElection9] INFO  impl.RoleInfo (RoleInfo.java:updateAndGet(139)) - efe08b73-b8e1-4cbd-8d64-d052696c0c3d: start efe08b73-b8e1-4cbd-8d64-d052696c0c3d@group-63C936D77AF9-FollowerState
2022-08-27 01:04:22,116 [efe08b73-b8e1-4cbd-8d64-d052696c0c3d@group-FBCC7887CDF4-FollowerState] INFO  impl.FollowerState (FollowerState.java:run(143)) - efe08b73-b8e1-4cbd-8d64-d052696c0c3d@group-FBCC7887CDF4-FollowerState: change to CANDIDATE, lastRpcElapsedTime:5023826068ns, electionTimeout:5021ms
2022-08-27 01:04:22,119 [efe08b73-b8e1-4cbd-8d64-d052696c0c3d@group-FBCC7887CDF4-FollowerState] INFO  impl.RoleInfo (RoleInfo.java:shutdownFollowerState(110)) - efe08b73-b8e1-4cbd-8d64-d052696c0c3d: shutdown efe08b73-b8e1-4cbd-8d64-d052696c0c3d@group-FBCC7887CDF4-FollowerState
2022-08-27 01:04:22,119 [efe08b73-b8e1-4cbd-8d64-d052696c0c3d@group-FBCC7887CDF4-FollowerState] INFO  server.RaftServer$Division (RaftServerImpl.java:setRole(299)) - efe08b73-b8e1-4cbd-8d64-d052696c0c3d@group-FBCC7887CDF4: changes role from  FOLLOWER to CANDIDATE at term 0 for changeToCandidate
2022-08-27 01:04:22,119 [efe08b73-b8e1-4cbd-8d64-d052696c0c3d@group-FBCC7887CDF4-FollowerState] INFO  server.RaftServerConfigKeys (ConfUtils.java:logGet(46)) - raft.server.leaderelection.pre-vote = false (custom)
2022-08-27 01:04:22,119 [efe08b73-b8e1-4cbd-8d64-d052696c0c3d@group-FBCC7887CDF4-FollowerState] INFO  impl.RoleInfo (RoleInfo.java:updateAndGet(139)) - efe08b73-b8e1-4cbd-8d64-d052696c0c3d: start efe08b73-b8e1-4cbd-8d64-d052696c0c3d@group-FBCC7887CDF4-LeaderElection10
2022-08-27 01:04:22,130 [efe08b73-b8e1-4cbd-8d64-d052696c0c3d@group-FBCC7887CDF4-LeaderElection10] INFO  impl.LeaderElection (LeaderElection.java:askForVotes(310)) - efe08b73-b8e1-4cbd-8d64-d052696c0c3d@group-FBCC7887CDF4-LeaderElection10 ELECTION round 0: submit vote requests at term 1 for -1: [efe08b73-b8e1-4cbd-8d64-d052696c0c3d|rpc:10.1.1.170:38497|priority:1], old=null
2022-08-27 01:04:22,130 [efe08b73-b8e1-4cbd-8d64-d052696c0c3d@group-FBCC7887CDF4-LeaderElection10] INFO  impl.LeaderElection (LeaderElection.java:askForVotes(312)) - efe08b73-b8e1-4cbd-8d64-d052696c0c3d@group-FBCC7887CDF4-LeaderElection10 ELECTION round 0: result PASSED (term=1)
2022-08-27 01:04:22,130 [efe08b73-b8e1-4cbd-8d64-d052696c0c3d@group-FBCC7887CDF4-LeaderElection10] INFO  impl.RoleInfo (RoleInfo.java:shutdownLeaderElection(130)) - efe08b73-b8e1-4cbd-8d64-d052696c0c3d: shutdown efe08b73-b8e1-4cbd-8d64-d052696c0c3d@group-FBCC7887CDF4-LeaderElection10
2022-08-27 01:04:22,130 [efe08b73-b8e1-4cbd-8d64-d052696c0c3d@group-FBCC7887CDF4-LeaderElection10] INFO  server.RaftServer$Division (RaftServerImpl.java:setRole(299)) - efe08b73-b8e1-4cbd-8d64-d052696c0c3d@group-FBCC7887CDF4: changes role from CANDIDATE to LEADER at term 1 for changeToLeader
2022-08-27 01:04:22,130 [efe08b73-b8e1-4cbd-8d64-d052696c0c3d@group-FBCC7887CDF4-LeaderElection10] INFO  ratis.XceiverServerRatis (XceiverServerRatis.java:handleLeaderChangedNotification(863)) - Leader change notification received for group: group-FBCC7887CDF4 with new leaderId: efe08b73-b8e1-4cbd-8d64-d052696c0c3d
2022-08-27 01:04:22,130 [efe08b73-b8e1-4cbd-8d64-d052696c0c3d@group-FBCC7887CDF4-LeaderElection10] INFO  server.RaftServer$Division (ServerState.java:setLeader(287)) - efe08b73-b8e1-4cbd-8d64-d052696c0c3d@group-FBCC7887CDF4: change Leader from null to efe08b73-b8e1-4cbd-8d64-d052696c0c3d at term 1 for becomeLeader, leader elected after 5046ms
2022-08-27 01:04:22,130 [efe08b73-b8e1-4cbd-8d64-d052696c0c3d@group-FBCC7887CDF4-LeaderElection10] INFO  server.RaftServerConfigKeys (ConfUtils.java:logGet(46)) - raft.server.staging.catchup.gap = 1000 (default)
2022-08-27 01:04:22,137 [efe08b73-b8e1-4cbd-8d64-d052696c0c3d@group-FBCC7887CDF4-LeaderElection10] INFO  server.RaftServerConfigKeys (ConfUtils.java:logGet(46)) - raft.server.write.element-limit = 1024 (custom)
2022-08-27 01:04:22,137 [efe08b73-b8e1-4cbd-8d64-d052696c0c3d@group-FBCC7887CDF4-LeaderElection10] INFO  server.RaftServerConfigKeys (ConfUtils.java:logGet(46)) - raft.server.write.byte-limit = 1024 M (=1073741824) (custom)
2022-08-27 01:04:22,137 [efe08b73-b8e1-4cbd-8d64-d052696c0c3d@group-FBCC7887CDF4-LeaderElection10] INFO  server.RaftServerConfigKeys (ConfUtils.java:logGet(46)) - raft.server.watch.timeout = 180s (custom)
2022-08-27 01:04:22,137 [efe08b73-b8e1-4cbd-8d64-d052696c0c3d@group-FBCC7887CDF4-LeaderElection10] INFO  server.RaftServerConfigKeys (ConfUtils.java:logGet(46)) - raft.server.watch.timeout.denomination = 1s (default)
2022-08-27 01:04:22,137 [efe08b73-b8e1-4cbd-8d64-d052696c0c3d@group-FBCC7887CDF4-LeaderElection10] INFO  server.RaftServerConfigKeys (ConfUtils.java:logGet(46)) - raft.server.watch.element-limit = 65536 (default)
2022-08-27 01:04:22,137 [efe08b73-b8e1-4cbd-8d64-d052696c0c3d@group-FBCC7887CDF4-LeaderElection10] INFO  server.RaftServerConfigKeys (ConfUtils.java:logGet(46)) - raft.server.write.element-limit = 1024 (custom)
2022-08-27 01:04:22,137 [efe08b73-b8e1-4cbd-8d64-d052696c0c3d@group-FBCC7887CDF4-LeaderElection10] INFO  server.RaftServerConfigKeys (ConfUtils.java:logGet(46)) - raft.server.write.follower.gap.ratio.max = -1.0 (default)
2022-08-27 01:04:22,137 [efe08b73-b8e1-4cbd-8d64-d052696c0c3d@group-FBCC7887CDF4-LeaderElection10] INFO  impl.RoleInfo (RoleInfo.java:updateAndGet(139)) - efe08b73-b8e1-4cbd-8d64-d052696c0c3d: start efe08b73-b8e1-4cbd-8d64-d052696c0c3d@group-FBCC7887CDF4-LeaderStateImpl
2022-08-27 01:04:22,138 [efe08b73-b8e1-4cbd-8d64-d052696c0c3d@group-FBCC7887CDF4-LeaderElection10] INFO  segmented.SegmentedRaftLogWorker (SegmentedRaftLogWorker.java:startLogSegment(425)) - efe08b73-b8e1-4cbd-8d64-d052696c0c3d@group-FBCC7887CDF4-SegmentedRaftLogWorker: Starting segment from index:0
2022-08-27 01:04:22,139 [efe08b73-b8e1-4cbd-8d64-d052696c0c3d@group-FBCC7887CDF4-SegmentedRaftLogWorker] INFO  segmented.SegmentedRaftLogWorker (SegmentedRaftLogWorker.java:execute(629)) - efe08b73-b8e1-4cbd-8d64-d052696c0c3d@group-FBCC7887CDF4-SegmentedRaftLogWorker: created new log segment /home/runner/work/ozone/ozone/hadoop-ozone/integration-test/target/test-dir/MiniOzoneClusterImpl-06e86dd3-d7df-4a2c-b8a6-272c25fd117f/datanode-4/data/ratis/6a784b34-5af4-4101-b906-fbcc7887cdf4/current/log_inprogress_0
2022-08-27 01:04:22,139 [efe08b73-b8e1-4cbd-8d64-d052696c0c3d@group-FBCC7887CDF4-LeaderElection10] INFO  server.RaftServer$Division (ServerState.java:setRaftConf(393)) - efe08b73-b8e1-4cbd-8d64-d052696c0c3d@group-FBCC7887CDF4: set configuration 0: [efe08b73-b8e1-4cbd-8d64-d052696c0c3d|rpc:10.1.1.170:38497|dataStream:|priority:1], old=null
2022-08-27 01:04:22,161 [main] INFO  rpc.RpcClient (RpcClient.java:createVolume(471)) - Creating Volume: vol1, with user67408 as owner and space quota set to -1 bytes, counts quota set to -1
2022-08-27 01:04:22,218 [OM StateMachine ApplyTransaction Thread - 0] INFO  volume.OMVolumeCreateRequest (OMVolumeCreateRequest.java:validateAndUpdateCache(195)) - created volume:vol1 for user:user67408
2022-08-27 01:04:22,239 [main] INFO  rpc.RpcClient (RpcClient.java:createBucket(674)) - Creating Bucket: vol1/bucket1, with bucket layout LEGACY, runner as owner, Versioning false, Storage Type set to DISK and Encryption set to false 
2022-08-27 01:04:22,246 [Listener at 0.0.0.0/42787] INFO  om.OzoneManager (OzoneManager.java:instantiateServices(702)) - S3 Multi-Tenancy is disabled
2022-08-27 01:04:22,247 [Listener at 0.0.0.0/42787] INFO  om.OzoneManager (OzoneManager.java:addS3GVolumeToDB(4307)) - Created Volume s3v With Owner runner required for S3Gateway operations.
2022-08-27 01:04:22,247 [Listener at 0.0.0.0/42787] WARN  server.ServerUtils (ServerUtils.java:getDefaultRatisDirectory(237)) - Storage directory for Ratis is not configured. It is a good idea to map this to an SSD disk. Falling back to ozone.metadata.dirs
2022-08-27 01:04:22,247 [Listener at 0.0.0.0/42787] WARN  utils.OzoneManagerRatisUtils (OzoneManagerRatisUtils.java:getOMRatisSnapshotDirectory(434)) - ozone.om.ratis.snapshot.dir is not configured. Falling back to ozone.metadata.dirs config
2022-08-27 01:04:22,247 [Listener at 0.0.0.0/42787] WARN  impl.MetricRegistriesImpl (MetricRegistriesImpl.java:addReporterRegistration(111)) - New reporters are added after registries were created. Some metrics will be missing from the reporter. Please add reporter before adding any new registry.
2022-08-27 01:04:22,247 [Listener at 0.0.0.0/42787] WARN  impl.MetricRegistriesImpl (MetricRegistriesImpl.java:addReporterRegistration(111)) - New reporters are added after registries were created. Some metrics will be missing from the reporter. Please add reporter before adding any new registry.
2022-08-27 01:04:22,247 [Listener at 0.0.0.0/42787] WARN  server.ServerUtils (ServerUtils.java:getDefaultRatisDirectory(237)) - Storage directory for Ratis is not configured. It is a good idea to map this to an SSD disk. Falling back to ozone.metadata.dirs
2022-08-27 01:04:22,249 [Listener at 0.0.0.0/42787] INFO  ratis.OzoneManagerRatisServer (OzoneManagerRatisServer.java:<init>(159)) - Instantiating OM Ratis server with groupID: omServiceIdDefault and peers: localhost:35491
2022-08-27 01:04:22,249 [Listener at 0.0.0.0/42787] INFO  ratis.OzoneManagerStateMachine (OzoneManagerStateMachine.java:loadSnapshotInfoFromDB(632)) - LastAppliedIndex is set from TransactionInfo from OM DB as (t:0, i:~)
2022-08-27 01:04:22,250 [Listener at 0.0.0.0/42787] INFO  server.RaftServer (ConfUtils.java:logGet(46)) - raft.rpc.type = GRPC (default)
2022-08-27 01:04:22,250 [Listener at 0.0.0.0/42787] INFO  grpc.GrpcFactory (GrpcFactory.java:checkPooledByteBufAllocatorUseCacheForAllThreads(48)) - PERFORMANCE WARNING: useCacheForAllThreads is true that may cause Netty to create a lot garbage objects and, as a result, trigger GC.
	It is recommended to disable useCacheForAllThreads by setting -Dorg.apache.ratis.thirdparty.io.netty.allocator.useCacheForAllThreads=false in command line.
2022-08-27 01:04:22,250 [Listener at 0.0.0.0/42787] INFO  grpc.GrpcConfigKeys (ConfUtils.java:logGet(46)) - raft.grpc.admin.port = -1 (default)
2022-08-27 01:04:22,251 [Listener at 0.0.0.0/42787] INFO  grpc.GrpcConfigKeys (ConfUtils.java:logGet(46)) - raft.grpc.server.port = 35491 (custom)
2022-08-27 01:04:22,251 [Listener at 0.0.0.0/42787] INFO  grpc.GrpcConfigKeys (ConfUtils.java:logGet(46)) - raft.grpc.client.port = -1 (default)
2022-08-27 01:04:22,251 [Listener at 0.0.0.0/42787] INFO  grpc.GrpcConfigKeys (ConfUtils.java:logGet(46)) - raft.grpc.server.port = 35491 (custom)
2022-08-27 01:04:22,251 [Listener at 0.0.0.0/42787] INFO  grpc.GrpcConfigKeys (ConfUtils.java:logGet(46)) - raft.grpc.server.port = 35491 (custom)
2022-08-27 01:04:22,251 [Listener at 0.0.0.0/42787] INFO  server.GrpcService (ConfUtils.java:logGet(46)) - raft.grpc.message.size.max = 33554432 (custom)
2022-08-27 01:04:22,251 [Listener at 0.0.0.0/42787] INFO  server.RaftServerConfigKeys (ConfUtils.java:logGet(46)) - raft.server.log.appender.buffer.byte-limit = 33554432 (custom)
2022-08-27 01:04:22,251 [Listener at 0.0.0.0/42787] INFO  server.GrpcService (ConfUtils.java:logGet(46)) - raft.grpc.flow.control.window = 1MB (=1048576) (default)
2022-08-27 01:04:22,251 [Listener at 0.0.0.0/42787] INFO  server.RaftServerConfigKeys (ConfUtils.java:logGet(46)) - raft.server.rpc.request.timeout = 3000ms (default)
2022-08-27 01:04:22,251 [Listener at 0.0.0.0/42787] INFO  grpc.GrpcConfigKeys (ConfUtils.java:logGet(46)) - raft.grpc.server.async.request.thread.pool.cached = true (default)
2022-08-27 01:04:22,251 [Listener at 0.0.0.0/42787] INFO  grpc.GrpcConfigKeys (ConfUtils.java:logGet(46)) - raft.grpc.server.async.request.thread.pool.size = 32 (default)
2022-08-27 01:04:22,253 [ReplicationMonitor] INFO  replication.ReplicationManager (ReplicationManager.java:processAll(255)) - Replication Manager is not ready to run until 3000ms after safemode exit
2022-08-27 01:04:22,257 [OM StateMachine ApplyTransaction Thread - 0] INFO  bucket.OMBucketCreateRequest (OMBucketCreateRequest.java:validateAndUpdateCache(260)) - created bucket: bucket1 of layout LEGACY in volume: vol1
2022-08-27 01:04:22,257 [Listener at 0.0.0.0/42787] INFO  impl.DataStreamServerImpl (ConfUtils.java:logGet(46)) - raft.datastream.type = DISABLED (default)
2022-08-27 01:04:22,257 [Listener at 0.0.0.0/42787] INFO  server.RaftServerConfigKeys (ConfUtils.java:logGet(46)) - raft.server.threadpool.proxy.cached = true (default)
2022-08-27 01:04:22,257 [Listener at 0.0.0.0/42787] INFO  server.RaftServerConfigKeys (ConfUtils.java:logGet(46)) - raft.server.threadpool.proxy.size = 0 (default)
2022-08-27 01:04:22,257 [Listener at 0.0.0.0/42787] INFO  server.RaftServerConfigKeys (ConfUtils.java:logGet(46)) - raft.server.rpc.slowness.timeout = 120s (custom)
2022-08-27 01:04:22,258 [Listener at 0.0.0.0/42787] INFO  server.RaftServerConfigKeys (ConfUtils.java:logGet(46)) - raft.server.leaderelection.leader.step-down.wait-time = 10s (default)
2022-08-27 01:04:22,258 [Listener at 0.0.0.0/42787] INFO  server.RaftServerConfigKeys (ConfUtils.java:logGet(46)) - raft.server.storage.dir = [/home/runner/work/ozone/ozone/hadoop-ozone/integration-test/target/test-dir/MiniOzoneClusterImpl-6c28598a-b70a-49df-9254-251c667aa325/ozone-meta/ratis] (custom)
2022-08-27 01:04:22,261 [Listener at 0.0.0.0/42787] INFO  server.RaftServer (RaftServerProxy.java:addNew(96)) - om1: addNew group-C5BA1605619E:[om1|rpc:localhost:35491|priority:0] returns group-C5BA1605619E:java.util.concurrent.CompletableFuture@545cd443[Not completed]
2022-08-27 01:04:22,261 [Listener at 0.0.0.0/42787] INFO  om.OzoneManager (OzoneManager.java:initializeRatisServer(1968)) - OzoneManager Ratis server initialized at port 35491
2022-08-27 01:04:22,262 [Listener at 0.0.0.0/42787] INFO  om.OzoneManager (OzoneManager.java:getRpcServer(1091)) - Creating RPC Server
2022-08-27 01:04:22,276 [pool-286-thread-1] INFO  server.RaftServer$Division (RaftServerImpl.java:<init>(190)) - om1: new RaftServerImpl for group-C5BA1605619E:[om1|rpc:localhost:35491|priority:0] with OzoneManagerStateMachine:uninitialized
2022-08-27 01:04:22,276 [pool-286-thread-1] INFO  server.RaftServerConfigKeys (ConfUtils.java:logGet(46)) - raft.server.rpc.timeout.min = 1s (custom)
2022-08-27 01:04:22,277 [pool-286-thread-1] INFO  server.RaftServerConfigKeys (ConfUtils.java:logGet(46)) - raft.server.rpc.timeout.max = 1200ms (custom)
2022-08-27 01:04:22,277 [pool-286-thread-1] INFO  server.RaftServerConfigKeys (ConfUtils.java:logGet(46)) - raft.server.rpc.sleep.time = 25ms (default)
2022-08-27 01:04:22,277 [pool-286-thread-1] INFO  server.RaftServerConfigKeys (ConfUtils.java:logGet(46)) - raft.server.rpc.slowness.timeout = 120s (custom)
2022-08-27 01:04:22,277 [pool-286-thread-1] INFO  server.RaftServerConfigKeys (ConfUtils.java:logGet(46)) - raft.server.leaderelection.leader.step-down.wait-time = 10s (default)
2022-08-27 01:04:22,277 [pool-286-thread-1] INFO  server.RaftServerConfigKeys (ConfUtils.java:logGet(46)) - raft.server.sleep.deviation.threshold = 300ms (default)
2022-08-27 01:04:22,277 [pool-286-thread-1] INFO  server.RaftServer$Division (ServerState.java:<init>(107)) - om1@group-C5BA1605619E: ConfigurationManager, init=-1: [om1|rpc:localhost:35491|priority:0], old=null, confs=<EMPTY_MAP>
2022-08-27 01:04:22,277 [pool-286-thread-1] INFO  server.RaftServerConfigKeys (ConfUtils.java:logGet(46)) - raft.server.storage.dir = [/home/runner/work/ozone/ozone/hadoop-ozone/integration-test/target/test-dir/MiniOzoneClusterImpl-6c28598a-b70a-49df-9254-251c667aa325/ozone-meta/ratis] (custom)
2022-08-27 01:04:22,277 [pool-286-thread-1] INFO  server.RaftServerConfigKeys (ConfUtils.java:logGet(46)) - raft.server.log.corruption.policy = EXCEPTION (default)
2022-08-27 01:04:22,277 [pool-286-thread-1] INFO  server.RaftServerConfigKeys (ConfUtils.java:logGet(46)) - raft.server.storage.free-space.min = 0MB (=0) (default)
2022-08-27 01:04:22,277 [pool-286-thread-1] INFO  storage.RaftStorageDirectory (RaftStorageDirectoryImpl.java:analyzeStorage(135)) - The storage directory /home/runner/work/ozone/ozone/hadoop-ozone/integration-test/target/test-dir/MiniOzoneClusterImpl-6c28598a-b70a-49df-9254-251c667aa325/ozone-meta/ratis/bf265839-605b-3f16-9796-c5ba1605619e does not exist. Creating ...
2022-08-27 01:04:22,289 [pool-286-thread-1] INFO  storage.RaftStorageDirectory (RaftStorageDirectoryImpl.java:tryLock(230)) - Lock on /home/runner/work/ozone/ozone/hadoop-ozone/integration-test/target/test-dir/MiniOzoneClusterImpl-6c28598a-b70a-49df-9254-251c667aa325/ozone-meta/ratis/bf265839-605b-3f16-9796-c5ba1605619e/in_use.lock acquired by nodename 21368@fv-az41-820
2022-08-27 01:04:22,290 [pool-286-thread-1] INFO  storage.RaftStorage (RaftStorageImpl.java:format(89)) - Storage directory /home/runner/work/ozone/ozone/hadoop-ozone/integration-test/target/test-dir/MiniOzoneClusterImpl-6c28598a-b70a-49df-9254-251c667aa325/ozone-meta/ratis/bf265839-605b-3f16-9796-c5ba1605619e has been successfully formatted.
2022-08-27 01:04:22,291 [pool-286-thread-1] INFO  server.RaftServerConfigKeys (ConfUtils.java:logGet(46)) - raft.server.notification.no-leader.timeout = 120s (custom)
2022-08-27 01:04:22,291 [pool-286-thread-1] INFO  server.RaftServerConfigKeys (ConfUtils.java:logGet(46)) - raft.server.log.use.memory = false (default)
2022-08-27 01:04:22,291 [pool-286-thread-1] INFO  server.RaftServerConfigKeys (ConfUtils.java:logGet(46)) - raft.server.log.purge.gap = 1000000 (custom)
2022-08-27 01:04:22,291 [pool-286-thread-1] INFO  server.RaftServerConfigKeys (ConfUtils.java:logGet(46)) - raft.server.log.appender.buffer.byte-limit = 33554432 (custom)
2022-08-27 01:04:22,291 [pool-286-thread-1] INFO  server.RaftServerConfigKeys (ConfUtils.java:logGet(46)) - raft.server.log.statemachine.data.read.timeout = 1000ms (default)
2022-08-27 01:04:22,291 [pool-286-thread-1] INFO  server.RaftServerConfigKeys (ConfUtils.java:logGet(46)) - raft.server.log.segment.size.max = 4194304 (custom)
2022-08-27 01:04:22,291 [pool-286-thread-1] INFO  server.RaftServerConfigKeys (ConfUtils.java:logGet(46)) - raft.server.log.segment.cache.num.max = 2 (custom)
2022-08-27 01:04:22,291 [pool-286-thread-1] INFO  server.RaftServerConfigKeys (ConfUtils.java:logGet(46)) - raft.server.log.segment.cache.size.max = 200MB (=209715200) (default)
2022-08-27 01:04:22,291 [pool-286-thread-1] INFO  segmented.SegmentedRaftLogWorker (SegmentedRaftLogWorker.java:<init>(187)) - new om1@group-C5BA1605619E-SegmentedRaftLogWorker for RaftStorageImpl:Storage Directory /home/runner/work/ozone/ozone/hadoop-ozone/integration-test/target/test-dir/MiniOzoneClusterImpl-6c28598a-b70a-49df-9254-251c667aa325/ozone-meta/ratis/bf265839-605b-3f16-9796-c5ba1605619e
2022-08-27 01:04:22,291 [pool-286-thread-1] INFO  server.RaftServerConfigKeys (ConfUtils.java:logGet(46)) - raft.server.log.queue.byte-limit = 64MB (=67108864) (default)
2022-08-27 01:04:22,291 [pool-286-thread-1] INFO  server.RaftServerConfigKeys (ConfUtils.java:logGet(46)) - raft.server.log.queue.element-limit = 4096 (default)
2022-08-27 01:04:22,291 [pool-286-thread-1] INFO  server.RaftServerConfigKeys (ConfUtils.java:logGet(46)) - raft.server.log.segment.size.max = 4194304 (custom)
2022-08-27 01:04:22,291 [pool-286-thread-1] INFO  server.RaftServerConfigKeys (ConfUtils.java:logGet(46)) - raft.server.log.preallocated.size = 4194304 (custom)
2022-08-27 01:04:22,291 [pool-286-thread-1] INFO  server.RaftServerConfigKeys (ConfUtils.java:logGet(46)) - raft.server.log.force.sync.num = 128 (default)
2022-08-27 01:04:22,291 [pool-286-thread-1] INFO  server.RaftServerConfigKeys (ConfUtils.java:logGet(46)) - raft.server.log.statemachine.data.sync = true (default)
2022-08-27 01:04:22,291 [pool-286-thread-1] INFO  server.RaftServerConfigKeys (ConfUtils.java:logGet(46)) - raft.server.log.statemachine.data.sync.timeout = 10s (default)
2022-08-27 01:04:22,291 [pool-286-thread-1] INFO  server.RaftServerConfigKeys (ConfUtils.java:logGet(46)) - raft.server.log.statemachine.data.sync.timeout.retry = -1 (default)
2022-08-27 01:04:22,291 [pool-286-thread-1] INFO  server.RaftServerConfigKeys (ConfUtils.java:logGet(46)) - raft.server.log.write.buffer.size = 64KB (=65536) (default)
2022-08-27 01:04:22,292 [pool-286-thread-1] INFO  server.RaftServerConfigKeys (ConfUtils.java:logGet(46)) - raft.server.log.unsafe-flush.enabled = false (default)
2022-08-27 01:04:22,292 [pool-286-thread-1] INFO  server.RaftServerConfigKeys (ConfUtils.java:logGet(46)) - raft.server.log.statemachine.data.caching.enabled = false (default)
2022-08-27 01:04:22,292 [pool-286-thread-1] INFO  segmented.SegmentedRaftLogWorker (SegmentedRaftLogWorker.java:lambda$new$0(135)) - om1@group-C5BA1605619E-SegmentedRaftLogWorker: flushIndex: setUnconditionally 0 -> -1
2022-08-27 01:04:22,292 [pool-286-thread-1] INFO  segmented.SegmentedRaftLogWorker (SegmentedRaftLogWorker.java:lambda$new$0(135)) - om1@group-C5BA1605619E-SegmentedRaftLogWorker: safeCacheEvictIndex: setUnconditionally 0 -> -1
2022-08-27 01:04:22,297 [pool-286-thread-1] INFO  server.RaftServerConfigKeys (ConfUtils.java:logGet(46)) - raft.server.snapshot.auto.trigger.enabled = true (custom)
2022-08-27 01:04:22,297 [pool-286-thread-1] INFO  server.RaftServerConfigKeys (ConfUtils.java:logGet(46)) - raft.server.snapshot.auto.trigger.threshold = 400000 (default)
2022-08-27 01:04:22,297 [pool-286-thread-1] INFO  server.RaftServerConfigKeys (ConfUtils.java:logGet(46)) - raft.server.snapshot.retention.file.num = -1 (default)
2022-08-27 01:04:22,297 [pool-286-thread-1] INFO  server.RaftServerConfigKeys (ConfUtils.java:logGet(46)) - raft.server.log.purge.upto.snapshot.index = true (custom)
2022-08-27 01:04:22,297 [pool-286-thread-1] INFO  server.RaftServerConfigKeys (ConfUtils.java:logGet(46)) - raft.server.retrycache.expirytime = 300s (custom)
2022-08-27 01:04:22,297 [pool-286-thread-1] INFO  server.RaftServerConfigKeys (ConfUtils.java:logGet(46)) - raft.server.retrycache.statistics.expirytime = 100μs (default)
2022-08-27 01:04:22,298 [pool-286-thread-1] INFO  server.RaftServerConfigKeys (ConfUtils.java:logGet(46)) - raft.server.log.appender.install.snapshot.enabled = false (custom)
2022-08-27 01:04:22,298 [pool-286-thread-1] INFO  server.RaftServerConfigKeys (ConfUtils.java:logGet(46)) - raft.server.threadpool.server.cached = true (default)
2022-08-27 01:04:22,298 [pool-286-thread-1] INFO  server.RaftServerConfigKeys (ConfUtils.java:logGet(46)) - raft.server.threadpool.server.size = 0 (default)
2022-08-27 01:04:22,298 [pool-286-thread-1] INFO  server.RaftServerConfigKeys (ConfUtils.java:logGet(46)) - raft.server.threadpool.client.cached = true (default)
2022-08-27 01:04:22,298 [pool-286-thread-1] INFO  server.RaftServerConfigKeys (ConfUtils.java:logGet(46)) - raft.server.threadpool.client.size = 0 (default)
2022-08-27 01:04:22,377 [IPC Server handler 0 on default port 40299] INFO  ha.SequenceIdGenerator (SequenceIdGenerator.java:getNextId(128)) - Allocate a batch for containerId, change lastId from 0 to 1000.
2022-08-27 01:04:22,413 [IPC Server handler 0 on default port 40299] WARN  ha.SequenceIdGenerator (SequenceIdGenerator.java:allocateBatch(237)) - Failed to allocate a batch for localId, expected lastId is 0, actual lastId is 109611004723200000.
2022-08-27 01:04:22,413 [IPC Server handler 0 on default port 40299] INFO  ha.SequenceIdGenerator (SequenceIdGenerator.java:getNextId(128)) - Allocate a batch for localId, change lastId from 109611004723200000 to 109611004723201000.
2022-08-27 01:04:22,551 [47218c16-f2d5-4cf1-b4da-5ee36f49a8d8@group-780276008167-FollowerState] INFO  impl.FollowerState (FollowerState.java:run(143)) - 47218c16-f2d5-4cf1-b4da-5ee36f49a8d8@group-780276008167-FollowerState: change to CANDIDATE, lastRpcElapsedTime:5131792251ns, electionTimeout:5131ms
2022-08-27 01:04:22,551 [47218c16-f2d5-4cf1-b4da-5ee36f49a8d8@group-780276008167-FollowerState] INFO  impl.RoleInfo (RoleInfo.java:shutdownFollowerState(110)) - 47218c16-f2d5-4cf1-b4da-5ee36f49a8d8: shutdown 47218c16-f2d5-4cf1-b4da-5ee36f49a8d8@group-780276008167-FollowerState
2022-08-27 01:04:22,551 [47218c16-f2d5-4cf1-b4da-5ee36f49a8d8@group-780276008167-FollowerState] INFO  server.RaftServer$Division (RaftServerImpl.java:setRole(299)) - 47218c16-f2d5-4cf1-b4da-5ee36f49a8d8@group-780276008167: changes role from  FOLLOWER to CANDIDATE at term 0 for changeToCandidate
2022-08-27 01:04:22,564 [47218c16-f2d5-4cf1-b4da-5ee36f49a8d8@group-780276008167-FollowerState] INFO  server.RaftServerConfigKeys (ConfUtils.java:logGet(46)) - raft.server.leaderelection.pre-vote = false (custom)
2022-08-27 01:04:22,565 [47218c16-f2d5-4cf1-b4da-5ee36f49a8d8@group-780276008167-FollowerState] INFO  impl.RoleInfo (RoleInfo.java:updateAndGet(139)) - 47218c16-f2d5-4cf1-b4da-5ee36f49a8d8: start 47218c16-f2d5-4cf1-b4da-5ee36f49a8d8@group-780276008167-LeaderElection11
2022-08-27 01:04:22,625 [ReplicationMonitor] INFO  replication.ReplicationManager (ReplicationManager.java:processAll(255)) - Replication Manager is not ready to run until 3000ms after safemode exit
2022-08-27 01:04:22,626 [47218c16-f2d5-4cf1-b4da-5ee36f49a8d8@group-780276008167-LeaderElection11] INFO  impl.LeaderElection (LeaderElection.java:askForVotes(310)) - 47218c16-f2d5-4cf1-b4da-5ee36f49a8d8@group-780276008167-LeaderElection11 ELECTION round 0: submit vote requests at term 1 for -1: [47218c16-f2d5-4cf1-b4da-5ee36f49a8d8|rpc:10.1.1.170:36037|priority:1], old=null
2022-08-27 01:04:22,626 [47218c16-f2d5-4cf1-b4da-5ee36f49a8d8@group-780276008167-LeaderElection11] INFO  impl.LeaderElection (LeaderElection.java:askForVotes(312)) - 47218c16-f2d5-4cf1-b4da-5ee36f49a8d8@group-780276008167-LeaderElection11 ELECTION round 0: result PASSED (term=1)
2022-08-27 01:04:22,626 [47218c16-f2d5-4cf1-b4da-5ee36f49a8d8@group-780276008167-LeaderElection11] INFO  impl.RoleInfo (RoleInfo.java:shutdownLeaderElection(130)) - 47218c16-f2d5-4cf1-b4da-5ee36f49a8d8: shutdown 47218c16-f2d5-4cf1-b4da-5ee36f49a8d8@group-780276008167-LeaderElection11
2022-08-27 01:04:22,626 [47218c16-f2d5-4cf1-b4da-5ee36f49a8d8@group-780276008167-LeaderElection11] INFO  server.RaftServer$Division (RaftServerImpl.java:setRole(299)) - 47218c16-f2d5-4cf1-b4da-5ee36f49a8d8@group-780276008167: changes role from CANDIDATE to LEADER at term 1 for changeToLeader
2022-08-27 01:04:22,626 [47218c16-f2d5-4cf1-b4da-5ee36f49a8d8@group-780276008167-LeaderElection11] INFO  ratis.XceiverServerRatis (XceiverServerRatis.java:handleLeaderChangedNotification(863)) - Leader change notification received for group: group-780276008167 with new leaderId: 47218c16-f2d5-4cf1-b4da-5ee36f49a8d8
2022-08-27 01:04:22,626 [47218c16-f2d5-4cf1-b4da-5ee36f49a8d8@group-780276008167-LeaderElection11] INFO  server.RaftServer$Division (ServerState.java:setLeader(287)) - 47218c16-f2d5-4cf1-b4da-5ee36f49a8d8@group-780276008167: change Leader from null to 47218c16-f2d5-4cf1-b4da-5ee36f49a8d8 at term 1 for becomeLeader, leader elected after 5212ms
2022-08-27 01:04:22,626 [47218c16-f2d5-4cf1-b4da-5ee36f49a8d8@group-780276008167-LeaderElection11] INFO  server.RaftServerConfigKeys (ConfUtils.java:logGet(46)) - raft.server.staging.catchup.gap = 1000 (default)
2022-08-27 01:04:22,627 [47218c16-f2d5-4cf1-b4da-5ee36f49a8d8@group-780276008167-LeaderElection11] INFO  server.RaftServerConfigKeys (ConfUtils.java:logGet(46)) - raft.server.write.element-limit = 1024 (custom)
2022-08-27 01:04:22,627 [47218c16-f2d5-4cf1-b4da-5ee36f49a8d8@group-780276008167-LeaderElection11] INFO  server.RaftServerConfigKeys (ConfUtils.java:logGet(46)) - raft.server.write.byte-limit = 1024 M (=1073741824) (custom)
2022-08-27 01:04:22,627 [47218c16-f2d5-4cf1-b4da-5ee36f49a8d8@group-780276008167-LeaderElection11] INFO  server.RaftServerConfigKeys (ConfUtils.java:logGet(46)) - raft.server.watch.timeout = 180s (custom)
2022-08-27 01:04:22,627 [47218c16-f2d5-4cf1-b4da-5ee36f49a8d8@group-780276008167-LeaderElection11] INFO  server.RaftServerConfigKeys (ConfUtils.java:logGet(46)) - raft.server.watch.timeout.denomination = 1s (default)
2022-08-27 01:04:22,627 [47218c16-f2d5-4cf1-b4da-5ee36f49a8d8@group-780276008167-LeaderElection11] INFO  server.RaftServerConfigKeys (ConfUtils.java:logGet(46)) - raft.server.watch.element-limit = 65536 (default)
2022-08-27 01:04:22,627 [47218c16-f2d5-4cf1-b4da-5ee36f49a8d8@group-780276008167-LeaderElection11] INFO  server.RaftServerConfigKeys (ConfUtils.java:logGet(46)) - raft.server.write.element-limit = 1024 (custom)
2022-08-27 01:04:22,627 [47218c16-f2d5-4cf1-b4da-5ee36f49a8d8@group-780276008167-LeaderElection11] INFO  server.RaftServerConfigKeys (ConfUtils.java:logGet(46)) - raft.server.write.follower.gap.ratio.max = -1.0 (default)
2022-08-27 01:04:22,627 [47218c16-f2d5-4cf1-b4da-5ee36f49a8d8@group-780276008167-LeaderElection11] INFO  impl.RoleInfo (RoleInfo.java:updateAndGet(139)) - 47218c16-f2d5-4cf1-b4da-5ee36f49a8d8: start 47218c16-f2d5-4cf1-b4da-5ee36f49a8d8@group-780276008167-LeaderStateImpl
2022-08-27 01:04:22,627 [47218c16-f2d5-4cf1-b4da-5ee36f49a8d8@group-780276008167-LeaderElection11] INFO  segmented.SegmentedRaftLogWorker (SegmentedRaftLogWorker.java:startLogSegment(425)) - 47218c16-f2d5-4cf1-b4da-5ee36f49a8d8@group-780276008167-SegmentedRaftLogWorker: Starting segment from index:0
2022-08-27 01:04:22,629 [47218c16-f2d5-4cf1-b4da-5ee36f49a8d8@group-780276008167-SegmentedRaftLogWorker] INFO  segmented.SegmentedRaftLogWorker (SegmentedRaftLogWorker.java:execute(629)) - 47218c16-f2d5-4cf1-b4da-5ee36f49a8d8@group-780276008167-SegmentedRaftLogWorker: created new log segment /home/runner/work/ozone/ozone/hadoop-ozone/integration-test/target/test-dir/MiniOzoneClusterImpl-06e86dd3-d7df-4a2c-b8a6-272c25fd117f/datanode-5/data/ratis/edbe0b6b-b49c-4d03-9e49-780276008167/current/log_inprogress_0
2022-08-27 01:04:22,641 [47218c16-f2d5-4cf1-b4da-5ee36f49a8d8@group-780276008167-LeaderElection11] INFO  server.RaftServer$Division (ServerState.java:setRaftConf(393)) - 47218c16-f2d5-4cf1-b4da-5ee36f49a8d8@group-780276008167: set configuration 0: [47218c16-f2d5-4cf1-b4da-5ee36f49a8d8|rpc:10.1.1.170:36037|dataStream:|priority:1], old=null
2022-08-27 01:04:22,663 [main] INFO  impl.MetricsSystemImpl (MetricsSystemImpl.java:init(158)) - XceiverClientMetrics metrics system started (again)
2022-08-27 01:04:22,926 [Listener at 0.0.0.0/42787] INFO  reflections.Reflections (Reflections.java:scan(232)) - Reflections took 663 ms to scan 19 urls, producing 67 keys and 4161 values [using 2 cores]
2022-08-27 01:04:22,927 [Listener at 0.0.0.0/42787] INFO  ipc.CallQueueManager (CallQueueManager.java:<init>(90)) - Using callQueue: class java.util.concurrent.LinkedBlockingQueue, queueCapacity: 2000, scheduler: class org.apache.hadoop.ipc.DefaultRpcScheduler, ipcBackoff: false.
2022-08-27 01:04:22,928 [Socket Reader #1 for port 0] INFO  ipc.Server (Server.java:run(1265)) - Starting Socket Reader #1 for port 0
2022-08-27 01:04:22,985 [Listener at 127.0.0.1/46359] INFO  impl.MetricsSystemImpl (MetricsSystemImpl.java:init(158)) - OzoneManager metrics system started (again)
2022-08-27 01:04:23,000 [Listener at 127.0.0.1/46359] INFO  om.OzoneManager (OzoneManager.java:start(1475)) - OzoneManager RPC server is listening at localhost/127.0.0.1:46359
2022-08-27 01:04:23,000 [Listener at 127.0.0.1/46359] INFO  ratis.OzoneManagerRatisServer (OzoneManagerRatisServer.java:start(554)) - Starting OzoneManagerRatisServer om1 at port 35491
2022-08-27 01:04:23,000 [om1-impl-thread1] INFO  server.RaftServer$Division (RaftServerImpl.java:start(310)) - om1@group-C5BA1605619E: start as a follower, conf=-1: [om1|rpc:localhost:35491|priority:0], old=null
2022-08-27 01:04:23,001 [om1-impl-thread1] INFO  server.RaftServer$Division (RaftServerImpl.java:setRole(299)) - om1@group-C5BA1605619E: changes role from      null to FOLLOWER at term 0 for startAsFollower
2022-08-27 01:04:23,001 [om1-impl-thread1] INFO  impl.RoleInfo (RoleInfo.java:updateAndGet(139)) - om1: start om1@group-C5BA1605619E-FollowerState
2022-08-27 01:04:23,001 [om1-impl-thread1] ERROR util.JmxRegister (JmxRegister.java:tryRegister(40)) - Failed to register JMX Bean with name Ratis:service=RaftServer,group=group-C5BA1605619E,id=om1
javax.management.InstanceAlreadyExistsException: Ratis:service=RaftServer,group=group-C5BA1605619E,id=om1
	at com.sun.jmx.mbeanserver.Repository.addMBean(Repository.java:437)
	at com.sun.jmx.interceptor.DefaultMBeanServerInterceptor.registerWithRepository(DefaultMBeanServerInterceptor.java:1898)
	at com.sun.jmx.interceptor.DefaultMBeanServerInterceptor.registerDynamicMBean(DefaultMBeanServerInterceptor.java:966)
	at com.sun.jmx.interceptor.DefaultMBeanServerInterceptor.registerObject(DefaultMBeanServerInterceptor.java:900)
	at com.sun.jmx.interceptor.DefaultMBeanServerInterceptor.registerMBean(DefaultMBeanServerInterceptor.java:324)
	at com.sun.jmx.mbeanserver.JmxMBeanServer.registerMBean(JmxMBeanServer.java:522)
	at org.apache.ratis.util.JmxRegister.tryRegister(JmxRegister.java:38)
	at org.apache.ratis.util.JmxRegister.register(JmxRegister.java:56)
	at org.apache.ratis.server.impl.RaftServerImpl.registerMBean(RaftServerImpl.java:329)
	at org.apache.ratis.server.impl.RaftServerImpl.start(RaftServerImpl.java:320)
	at org.apache.ratis.util.ConcurrentUtils.lambda$null$3(ConcurrentUtils.java:162)
	at java.util.concurrent.ThreadPoolExecutor.runWorker(ThreadPoolExecutor.java:1149)
	at java.util.concurrent.ThreadPoolExecutor$Worker.run(ThreadPoolExecutor.java:624)
	at java.lang.Thread.run(Thread.java:750)
2022-08-27 01:04:23,002 [om1-impl-thread1] INFO  util.JmxRegister (JmxRegister.java:tryRegister(44)) - Successfully registered JMX Bean with object name Ratis:service=RaftServer,group=group-C5BA1605619E,id="om1"
2022-08-27 01:04:23,002 [Listener at 127.0.0.1/46359] INFO  server.RaftServer (RaftServerProxy.java:lambda$start$6(382)) - om1: start RPC server
2022-08-27 01:04:23,008 [Listener at 127.0.0.1/46359] INFO  server.GrpcService (GrpcService.java:startImpl(260)) - om1: GrpcService started, listening on 35491
2022-08-27 01:04:23,008 [Listener at 127.0.0.1/46359] INFO  om.OzoneManager (OzoneManager.java:start(1491)) - Version File has different layout version (3) than OM DB (null). That is expected if this OM has never been finalized to a newer layout version.
2022-08-27 01:04:23,009 [org.apache.ratis.util.JvmPauseMonitor$$Lambda$715/1595744513@5b01a396] INFO  util.JvmPauseMonitor (JvmPauseMonitor.java:run(103)) - JvmPauseMonitor-om1: Started
2022-08-27 01:04:23,015 [Listener at 127.0.0.1/46359] INFO  http.BaseHttpServer (BaseHttpServer.java:newHttpServer2BuilderForOzone(213)) - Starting Web-server for ozoneManager at: http://0.0.0.0:0
2022-08-27 01:04:23,015 [Listener at 127.0.0.1/46359] INFO  http.BaseHttpServer (BaseHttpServer.java:<init>(108)) - Hadoop Security Enabled: false Ozone Security Enabled: false Ozone HTTP Security Enabled: false 
2022-08-27 01:04:23,016 [Listener at 127.0.0.1/46359] INFO  server.AuthenticationFilter (AuthenticationFilter.java:constructSecretProvider(240)) - Unable to initialize FileSignerSecretProvider, falling back to use random secrets.
2022-08-27 01:04:23,032 [Listener at 127.0.0.1/46359] WARN  http.HttpRequestLog (HttpRequestLog.java:getRequestLog(103)) - Jetty request log can only be enabled using Log4j
2022-08-27 01:04:23,035 [Listener at 127.0.0.1/46359] INFO  http.HttpServer2 (HttpServer2.java:addGlobalFilter(1029)) - Added global filter 'safety' (class=org.apache.hadoop.hdds.server.http.HttpServer2$QuotingInputFilter)
2022-08-27 01:04:23,036 [Listener at 127.0.0.1/46359] INFO  http.HttpServer2 (HttpServer2.java:addFilter(1005)) - Added filter static_user_filter (class=org.apache.hadoop.http.lib.StaticUserWebFilter$StaticUserFilter) to context ozoneManager
2022-08-27 01:04:23,036 [Listener at 127.0.0.1/46359] INFO  http.HttpServer2 (HttpServer2.java:addFilter(1013)) - Added filter static_user_filter (class=org.apache.hadoop.http.lib.StaticUserWebFilter$StaticUserFilter) to context static
2022-08-27 01:04:23,036 [Listener at 127.0.0.1/46359] INFO  http.HttpServer2 (HttpServer2.java:addFilter(1013)) - Added filter static_user_filter (class=org.apache.hadoop.http.lib.StaticUserWebFilter$StaticUserFilter) to context logs
2022-08-27 01:04:23,036 [Listener at 127.0.0.1/46359] INFO  http.HttpServer2 (HttpServer2.java:bindListener(1248)) - Jetty bound to port 44377
2022-08-27 01:04:23,036 [Listener at 127.0.0.1/46359] INFO  server.Server (Server.java:doStart(375)) - jetty-9.4.43.v20210629; built: 2021-06-30T11:07:22.254Z; git: 526006ecfa3af7f1a27ef3a288e2bef7ea9dd7e8; jvm 1.8.0_345-b01
2022-08-27 01:04:23,056 [Listener at 127.0.0.1/46359] INFO  server.session (DefaultSessionIdManager.java:doStart(334)) - DefaultSessionIdManager workerName=node0
2022-08-27 01:04:23,056 [Listener at 127.0.0.1/46359] INFO  server.session (DefaultSessionIdManager.java:doStart(339)) - No SessionScavenger set, using defaults
2022-08-27 01:04:23,056 [Listener at 127.0.0.1/46359] INFO  server.session (HouseKeeper.java:startScavenging(132)) - node0 Scavenging every 660000ms
2022-08-27 01:04:23,057 [Listener at 127.0.0.1/46359] INFO  handler.ContextHandler (ContextHandler.java:doStart(915)) - Started o.e.j.s.ServletContextHandler@37131232{logs,/logs,file:///home/runner/work/ozone/ozone/hadoop-ozone/integration-test/target/log,AVAILABLE}
2022-08-27 01:04:23,057 [Listener at 127.0.0.1/46359] INFO  handler.ContextHandler (ContextHandler.java:doStart(915)) - Started o.e.j.s.ServletContextHandler@489a176a{static,/static,file:///home/runner/work/ozone/ozone/hadoop-ozone/integration-test/target/test-classes/webapps/static,AVAILABLE}
2022-08-27 01:04:23,060 [Listener at 127.0.0.1/46359] INFO  handler.ContextHandler (ContextHandler.java:doStart(915)) - Started o.e.j.w.WebAppContext@3e786509{ozoneManager,/,file:///home/runner/work/ozone/ozone/hadoop-ozone/integration-test/target/test-classes/webapps/ozoneManager/,AVAILABLE}{file:/home/runner/work/ozone/ozone/hadoop-ozone/integration-test/target/test-classes/webapps/ozoneManager}
2022-08-27 01:04:23,068 [Listener at 127.0.0.1/46359] INFO  server.AbstractConnector (AbstractConnector.java:doStart(331)) - Started ServerConnector@755bc728{HTTP/1.1, (http/1.1)}{0.0.0.0:44377}
2022-08-27 01:04:23,069 [Listener at 127.0.0.1/46359] INFO  server.Server (Server.java:doStart(415)) - Started @21757ms
2022-08-27 01:04:23,069 [Listener at 127.0.0.1/46359] WARN  impl.MetricsSystemImpl (MetricsSystemImpl.java:register(279)) - Sink prometheus already exists!
2022-08-27 01:04:23,069 [Listener at 127.0.0.1/46359] INFO  http.BaseHttpServer (BaseHttpServer.java:updateConnectorAddress(333)) - HTTP server of ozoneManager listening at http://0.0.0.0:44377
2022-08-27 01:04:23,069 [IPC Server Responder] INFO  ipc.Server (Server.java:run(1507)) - IPC Server Responder: starting
2022-08-27 01:04:23,069 [IPC Server listener on 0] INFO  ipc.Server (Server.java:run(1344)) - IPC Server listener on 0: starting
2022-08-27 01:04:23,074 [Listener at 127.0.0.1/46359] INFO  om.OzoneManager (OzoneManager.java:startTrashEmptier(1912)) - Trash Interval set to 0. Files deleted won't move to trash
2022-08-27 01:04:23,079 [org.apache.hadoop.util.JvmPauseMonitor$Monitor@35f4d6b3] INFO  util.JvmPauseMonitor (JvmPauseMonitor.java:run(188)) - Starting JVM pause monitor
2022-08-27 01:04:23,099 [Listener at 127.0.0.1/46359] WARN  impl.MetricRegistriesImpl (MetricRegistriesImpl.java:addReporterRegistration(111)) - New reporters are added after registries were created. Some metrics will be missing from the reporter. Please add reporter before adding any new registry.
2022-08-27 01:04:23,099 [Listener at 127.0.0.1/46359] WARN  impl.MetricRegistriesImpl (MetricRegistriesImpl.java:addReporterRegistration(111)) - New reporters are added after registries were created. Some metrics will be missing from the reporter. Please add reporter before adding any new registry.
2022-08-27 01:04:23,099 [Listener at 127.0.0.1/46359] INFO  impl.MetricsSystemImpl (MetricsSystemImpl.java:init(158)) - HddsDatanode metrics system started (again)
2022-08-27 01:04:23,135 [Listener at 127.0.0.1/46359] INFO  ozone.HddsDatanodeService (HddsDatanodeService.java:start(236)) - HddsDatanodeService host:fv-az41-820.zje5jq5y5x4uznwvdkgxk4wc2h.cx.internal.cloudapp.net ip:10.1.1.170
2022-08-27 01:04:23,168 [Listener at 127.0.0.1/46359] INFO  upgrade.AbstractLayoutVersionManager (AbstractLayoutVersionManager.java:init(83)) - Initializing Layout version manager with metadata layout = DATANODE_SCHEMA_V3 (version = 4), software layout = DATANODE_SCHEMA_V3 (version = 4)
2022-08-27 01:04:23,254 [ReplicationMonitor] INFO  replication.ReplicationManager (ReplicationManager.java:processAll(255)) - Replication Manager is not ready to run until 3000ms after safemode exit
2022-08-27 01:04:23,263 [Listener at 127.0.0.1/46359] INFO  reflections.Reflections (Reflections.java:scan(232)) - Reflections took 94 ms to scan 7 urls, producing 133 keys and 322 values 
2022-08-27 01:04:23,266 [Listener at 127.0.0.1/46359] INFO  statemachine.DatanodeStateMachine (DatanodeStateMachine.java:getEndPointTaskThreadPoolSize(237)) - Datanode State Machine Task Thread Pool size 2
2022-08-27 01:04:23,275 [Listener at 127.0.0.1/46359] INFO  volume.HddsVolume (HddsVolume.java:<init>(117)) - Creating HddsVolume: /home/runner/work/ozone/ozone/hadoop-ozone/integration-test/target/test-dir/MiniOzoneClusterImpl-6c28598a-b70a-49df-9254-251c667aa325/datanode-0/data-0/containers/hdds of storage type : DISK capacity : 9223372036854775807
2022-08-27 01:04:23,275 [Listener at 127.0.0.1/46359] INFO  volume.MutableVolumeSet (MutableVolumeSet.java:initializeVolumeSet(174)) - Added Volume : /home/runner/work/ozone/ozone/hadoop-ozone/integration-test/target/test-dir/MiniOzoneClusterImpl-6c28598a-b70a-49df-9254-251c667aa325/datanode-0/data-0/containers/hdds to VolumeSet
2022-08-27 01:04:23,275 [Listener at 127.0.0.1/46359] INFO  volume.ThrottledAsyncChecker (ThrottledAsyncChecker.java:schedule(141)) - Scheduling a check for /home/runner/work/ozone/ozone/hadoop-ozone/integration-test/target/test-dir/MiniOzoneClusterImpl-6c28598a-b70a-49df-9254-251c667aa325/datanode-0/data-0/containers/hdds
2022-08-27 01:04:23,288 [Listener at 127.0.0.1/46359] INFO  volume.StorageVolumeChecker (StorageVolumeChecker.java:checkAllVolumes(202)) - Scheduled health check for volume /home/runner/work/ozone/ozone/hadoop-ozone/integration-test/target/test-dir/MiniOzoneClusterImpl-6c28598a-b70a-49df-9254-251c667aa325/datanode-0/data-0/containers/hdds
2022-08-27 01:04:23,312 [Listener at 127.0.0.1/46359] INFO  volume.MutableVolumeSet (MutableVolumeSet.java:initializeVolumeSet(174)) - Added Volume : /home/runner/work/ozone/ozone/hadoop-ozone/integration-test/target/test-dir/MiniOzoneClusterImpl-6c28598a-b70a-49df-9254-251c667aa325/datanode-0/data/ratis to VolumeSet
2022-08-27 01:04:23,312 [Listener at 127.0.0.1/46359] INFO  volume.ThrottledAsyncChecker (ThrottledAsyncChecker.java:schedule(141)) - Scheduling a check for /home/runner/work/ozone/ozone/hadoop-ozone/integration-test/target/test-dir/MiniOzoneClusterImpl-6c28598a-b70a-49df-9254-251c667aa325/datanode-0/data/ratis
2022-08-27 01:04:23,314 [Listener at 127.0.0.1/46359] INFO  volume.StorageVolumeChecker (StorageVolumeChecker.java:checkAllVolumes(202)) - Scheduled health check for volume /home/runner/work/ozone/ozone/hadoop-ozone/integration-test/target/test-dir/MiniOzoneClusterImpl-6c28598a-b70a-49df-9254-251c667aa325/datanode-0/data/ratis
2022-08-27 01:04:23,344 [Thread-477] INFO  ozoneimpl.ContainerReader (ContainerReader.java:readVolume(175)) - Finish verifying containers on volume /home/runner/work/ozone/ozone/hadoop-ozone/integration-test/target/test-dir/MiniOzoneClusterImpl-6c28598a-b70a-49df-9254-251c667aa325/datanode-0/data-0/containers/hdds
2022-08-27 01:04:23,351 [Listener at 127.0.0.1/46359] INFO  ozoneimpl.OzoneContainer (OzoneContainer.java:buildContainerSet(299)) - Build ContainerSet costs 0s
2022-08-27 01:04:23,353 [Listener at 127.0.0.1/46359] INFO  server.RaftServer (ConfUtils.java:logGet(46)) - raft.rpc.type = GRPC (default)
2022-08-27 01:04:23,354 [Listener at 127.0.0.1/46359] INFO  grpc.GrpcFactory (GrpcFactory.java:checkPooledByteBufAllocatorUseCacheForAllThreads(48)) - PERFORMANCE WARNING: useCacheForAllThreads is true that may cause Netty to create a lot garbage objects and, as a result, trigger GC.
	It is recommended to disable useCacheForAllThreads by setting -Dorg.apache.ratis.thirdparty.io.netty.allocator.useCacheForAllThreads=false in command line.
2022-08-27 01:04:23,354 [Listener at 127.0.0.1/46359] INFO  grpc.GrpcConfigKeys (ConfUtils.java:logGet(46)) - raft.grpc.admin.port = 0 (custom)
2022-08-27 01:04:23,354 [Listener at 127.0.0.1/46359] INFO  grpc.GrpcConfigKeys (ConfUtils.java:logGet(46)) - raft.grpc.client.port = 0 (custom)
2022-08-27 01:04:23,354 [Listener at 127.0.0.1/46359] INFO  grpc.GrpcConfigKeys (ConfUtils.java:logGet(46)) - raft.grpc.server.port = 0 (default)
2022-08-27 01:04:23,354 [Listener at 127.0.0.1/46359] INFO  server.GrpcService (ConfUtils.java:logGet(46)) - raft.grpc.message.size.max = 32MB (=33554432) (custom)
2022-08-27 01:04:23,354 [Listener at 127.0.0.1/46359] INFO  server.RaftServerConfigKeys (ConfUtils.java:logGet(46)) - raft.server.log.appender.buffer.byte-limit = 33554432 (custom)
2022-08-27 01:04:23,354 [Listener at 127.0.0.1/46359] INFO  server.GrpcService (ConfUtils.java:logGet(46)) - raft.grpc.flow.control.window = 5MB (=5242880) (custom)
2022-08-27 01:04:23,354 [Listener at 127.0.0.1/46359] INFO  server.RaftServerConfigKeys (ConfUtils.java:logGet(46)) - raft.server.rpc.request.timeout = 60s (custom)
2022-08-27 01:04:23,354 [Listener at 127.0.0.1/46359] INFO  grpc.GrpcConfigKeys (ConfUtils.java:logGet(46)) - raft.grpc.server.async.request.thread.pool.cached = true (default)
2022-08-27 01:04:23,354 [Listener at 127.0.0.1/46359] INFO  grpc.GrpcConfigKeys (ConfUtils.java:logGet(46)) - raft.grpc.server.async.request.thread.pool.size = 32 (default)
2022-08-27 01:04:23,364 [Listener at 127.0.0.1/46359] INFO  impl.DataStreamServerImpl (ConfUtils.java:logGet(46)) - raft.datastream.type = DISABLED (default)
2022-08-27 01:04:23,364 [Listener at 127.0.0.1/46359] INFO  server.RaftServerConfigKeys (ConfUtils.java:logGet(46)) - raft.server.threadpool.proxy.cached = true (default)
2022-08-27 01:04:23,364 [Listener at 127.0.0.1/46359] INFO  server.RaftServerConfigKeys (ConfUtils.java:logGet(46)) - raft.server.threadpool.proxy.size = 0 (default)
2022-08-27 01:04:23,364 [Listener at 127.0.0.1/46359] INFO  server.RaftServerConfigKeys (ConfUtils.java:logGet(46)) - raft.server.rpc.slowness.timeout = 300s (custom)
2022-08-27 01:04:23,364 [Listener at 127.0.0.1/46359] INFO  server.RaftServerConfigKeys (ConfUtils.java:logGet(46)) - raft.server.leaderelection.leader.step-down.wait-time = 10s (default)
2022-08-27 01:04:23,365 [Listener at 127.0.0.1/46359] INFO  server.RaftServerConfigKeys (ConfUtils.java:logGet(46)) - raft.server.storage.dir = [/home/runner/work/ozone/ozone/hadoop-ozone/integration-test/target/test-dir/MiniOzoneClusterImpl-6c28598a-b70a-49df-9254-251c667aa325/datanode-0/data/ratis] (custom)
2022-08-27 01:04:23,371 [Listener at 127.0.0.1/46359] INFO  server.XceiverServerGrpc (XceiverServerGrpc.java:<init>(132)) - GrpcServer channel type EpollServerSocketChannel
2022-08-27 01:04:23,377 [Listener at 127.0.0.1/46359] INFO  http.BaseHttpServer (BaseHttpServer.java:newHttpServer2BuilderForOzone(213)) - Starting Web-server for hddsDatanode at: http://0.0.0.0:0
2022-08-27 01:04:23,377 [Listener at 127.0.0.1/46359] INFO  http.BaseHttpServer (BaseHttpServer.java:<init>(108)) - Hadoop Security Enabled: false Ozone Security Enabled: false Ozone HTTP Security Enabled: false 
2022-08-27 01:04:23,378 [Listener at 127.0.0.1/46359] INFO  server.AuthenticationFilter (AuthenticationFilter.java:constructSecretProvider(240)) - Unable to initialize FileSignerSecretProvider, falling back to use random secrets.
2022-08-27 01:04:23,378 [Listener at 127.0.0.1/46359] WARN  http.HttpRequestLog (HttpRequestLog.java:getRequestLog(103)) - Jetty request log can only be enabled using Log4j
2022-08-27 01:04:23,382 [Listener at 127.0.0.1/46359] INFO  http.HttpServer2 (HttpServer2.java:addGlobalFilter(1029)) - Added global filter 'safety' (class=org.apache.hadoop.hdds.server.http.HttpServer2$QuotingInputFilter)
2022-08-27 01:04:23,383 [Listener at 127.0.0.1/46359] INFO  http.HttpServer2 (HttpServer2.java:addFilter(1005)) - Added filter static_user_filter (class=org.apache.hadoop.http.lib.StaticUserWebFilter$StaticUserFilter) to context hddsDatanode
2022-08-27 01:04:23,383 [Listener at 127.0.0.1/46359] INFO  http.HttpServer2 (HttpServer2.java:addFilter(1013)) - Added filter static_user_filter (class=org.apache.hadoop.http.lib.StaticUserWebFilter$StaticUserFilter) to context logs
2022-08-27 01:04:23,383 [Listener at 127.0.0.1/46359] INFO  http.HttpServer2 (HttpServer2.java:addFilter(1013)) - Added filter static_user_filter (class=org.apache.hadoop.http.lib.StaticUserWebFilter$StaticUserFilter) to context static
2022-08-27 01:04:23,384 [Listener at 127.0.0.1/46359] INFO  http.HttpServer2 (HttpServer2.java:bindListener(1248)) - Jetty bound to port 41501
2022-08-27 01:04:23,384 [Listener at 127.0.0.1/46359] INFO  server.Server (Server.java:doStart(375)) - jetty-9.4.43.v20210629; built: 2021-06-30T11:07:22.254Z; git: 526006ecfa3af7f1a27ef3a288e2bef7ea9dd7e8; jvm 1.8.0_345-b01
2022-08-27 01:04:23,391 [Listener at 127.0.0.1/46359] INFO  server.session (DefaultSessionIdManager.java:doStart(334)) - DefaultSessionIdManager workerName=node0
2022-08-27 01:04:23,391 [Listener at 127.0.0.1/46359] INFO  server.session (DefaultSessionIdManager.java:doStart(339)) - No SessionScavenger set, using defaults
2022-08-27 01:04:23,391 [Listener at 127.0.0.1/46359] INFO  server.session (HouseKeeper.java:startScavenging(132)) - node0 Scavenging every 600000ms
2022-08-27 01:04:23,393 [Listener at 127.0.0.1/46359] INFO  handler.ContextHandler (ContextHandler.java:doStart(915)) - Started o.e.j.s.ServletContextHandler@76a60d2e{logs,/logs,file:///home/runner/work/ozone/ozone/hadoop-ozone/integration-test/target/log,AVAILABLE}
2022-08-27 01:04:23,394 [Listener at 127.0.0.1/46359] INFO  handler.ContextHandler (ContextHandler.java:doStart(915)) - Started o.e.j.s.ServletContextHandler@9f67199{static,/static,jar:file:/home/runner/.m2/repository/org/apache/ozone/hdds-container-service/1.3.0-SNAPSHOT/hdds-container-service-1.3.0-SNAPSHOT.jar!/webapps/static,AVAILABLE}
2022-08-27 01:04:23,628 [ReplicationMonitor] INFO  replication.ReplicationManager (ReplicationManager.java:processAll(255)) - Replication Manager is not ready to run until 3000ms after safemode exit
2022-08-27 01:04:23,720 [Listener at 127.0.0.1/46359] INFO  handler.ContextHandler (ContextHandler.java:doStart(915)) - Started o.e.j.w.WebAppContext@2e49c057{hddsDatanode,/,file:///tmp/jetty-0_0_0_0-41501-hdds-container-service-1_3_0-SNAPSHOT_jar-_-any-50215785081934712/webapp/,AVAILABLE}{jar:file:/home/runner/.m2/repository/org/apache/ozone/hdds-container-service/1.3.0-SNAPSHOT/hdds-container-service-1.3.0-SNAPSHOT.jar!/webapps/hddsDatanode}
2022-08-27 01:04:23,725 [Listener at 127.0.0.1/46359] INFO  server.AbstractConnector (AbstractConnector.java:doStart(331)) - Started ServerConnector@682a484d{HTTP/1.1, (http/1.1)}{0.0.0.0:41501}
2022-08-27 01:04:23,725 [Listener at 127.0.0.1/46359] INFO  server.Server (Server.java:doStart(415)) - Started @22413ms
2022-08-27 01:04:23,725 [Listener at 127.0.0.1/46359] WARN  impl.MetricsSystemImpl (MetricsSystemImpl.java:register(279)) - Sink prometheus already exists!
2022-08-27 01:04:23,726 [Listener at 127.0.0.1/46359] INFO  http.BaseHttpServer (BaseHttpServer.java:updateConnectorAddress(333)) - HTTP server of hddsDatanode listening at http://0.0.0.0:41501
2022-08-27 01:04:23,726 [Listener at 127.0.0.1/46359] WARN  impl.MetricRegistriesImpl (MetricRegistriesImpl.java:addReporterRegistration(111)) - New reporters are added after registries were created. Some metrics will be missing from the reporter. Please add reporter before adding any new registry.
2022-08-27 01:04:23,726 [Listener at 127.0.0.1/46359] WARN  impl.MetricRegistriesImpl (MetricRegistriesImpl.java:addReporterRegistration(111)) - New reporters are added after registries were created. Some metrics will be missing from the reporter. Please add reporter before adding any new registry.
2022-08-27 01:04:23,726 [Listener at 127.0.0.1/46359] INFO  impl.MetricsSystemImpl (MetricsSystemImpl.java:init(158)) - HddsDatanode metrics system started (again)
2022-08-27 01:04:23,728 [Datanode State Machine Daemon Thread] INFO  statemachine.DatanodeStateMachine (DatanodeStateMachine.java:lambda$startDaemon$0(492)) - Ozone container server started.
2022-08-27 01:04:23,746 [org.apache.hadoop.util.JvmPauseMonitor$Monitor@27839713] INFO  util.JvmPauseMonitor (JvmPauseMonitor.java:run(188)) - Starting JVM pause monitor
2022-08-27 01:04:23,754 [Listener at 127.0.0.1/46359] INFO  ozone.HddsDatanodeService (HddsDatanodeService.java:start(236)) - HddsDatanodeService host:fv-az41-820.zje5jq5y5x4uznwvdkgxk4wc2h.cx.internal.cloudapp.net ip:10.1.1.170
2022-08-27 01:04:23,762 [Datanode State Machine Task Thread - 0] INFO  datanode.InitDatanodeState (InitDatanodeState.java:persistContainerDatanodeDetails(138)) - DatanodeDetails is persisted to /home/runner/work/ozone/ozone/hadoop-ozone/integration-test/target/test-dir/MiniOzoneClusterImpl-6c28598a-b70a-49df-9254-251c667aa325/datanode-0/meta/datanode.id
2022-08-27 01:04:23,794 [Listener at 127.0.0.1/46359] INFO  upgrade.AbstractLayoutVersionManager (AbstractLayoutVersionManager.java:init(83)) - Initializing Layout version manager with metadata layout = DATANODE_SCHEMA_V3 (version = 4), software layout = DATANODE_SCHEMA_V3 (version = 4)
2022-08-27 01:04:23,861 [Listener at 127.0.0.1/46359] INFO  reflections.Reflections (Reflections.java:scan(232)) - Reflections took 62 ms to scan 7 urls, producing 133 keys and 322 values 
2022-08-27 01:04:23,862 [Listener at 127.0.0.1/46359] INFO  statemachine.DatanodeStateMachine (DatanodeStateMachine.java:getEndPointTaskThreadPoolSize(237)) - Datanode State Machine Task Thread Pool size 2
2022-08-27 01:04:23,873 [Listener at 127.0.0.1/46359] INFO  volume.HddsVolume (HddsVolume.java:<init>(117)) - Creating HddsVolume: /home/runner/work/ozone/ozone/hadoop-ozone/integration-test/target/test-dir/MiniOzoneClusterImpl-6c28598a-b70a-49df-9254-251c667aa325/datanode-1/data-0/containers/hdds of storage type : DISK capacity : 9223372036854775807
2022-08-27 01:04:23,873 [Listener at 127.0.0.1/46359] INFO  volume.MutableVolumeSet (MutableVolumeSet.java:initializeVolumeSet(174)) - Added Volume : /home/runner/work/ozone/ozone/hadoop-ozone/integration-test/target/test-dir/MiniOzoneClusterImpl-6c28598a-b70a-49df-9254-251c667aa325/datanode-1/data-0/containers/hdds to VolumeSet
2022-08-27 01:04:23,874 [Listener at 127.0.0.1/46359] INFO  volume.ThrottledAsyncChecker (ThrottledAsyncChecker.java:schedule(141)) - Scheduling a check for /home/runner/work/ozone/ozone/hadoop-ozone/integration-test/target/test-dir/MiniOzoneClusterImpl-6c28598a-b70a-49df-9254-251c667aa325/datanode-1/data-0/containers/hdds
2022-08-27 01:04:23,883 [Listener at 127.0.0.1/46359] INFO  volume.StorageVolumeChecker (StorageVolumeChecker.java:checkAllVolumes(202)) - Scheduled health check for volume /home/runner/work/ozone/ozone/hadoop-ozone/integration-test/target/test-dir/MiniOzoneClusterImpl-6c28598a-b70a-49df-9254-251c667aa325/datanode-1/data-0/containers/hdds
2022-08-27 01:04:23,910 [Listener at 127.0.0.1/46359] INFO  volume.MutableVolumeSet (MutableVolumeSet.java:initializeVolumeSet(174)) - Added Volume : /home/runner/work/ozone/ozone/hadoop-ozone/integration-test/target/test-dir/MiniOzoneClusterImpl-6c28598a-b70a-49df-9254-251c667aa325/datanode-1/data/ratis to VolumeSet
2022-08-27 01:04:23,910 [Listener at 127.0.0.1/46359] INFO  volume.ThrottledAsyncChecker (ThrottledAsyncChecker.java:schedule(141)) - Scheduling a check for /home/runner/work/ozone/ozone/hadoop-ozone/integration-test/target/test-dir/MiniOzoneClusterImpl-6c28598a-b70a-49df-9254-251c667aa325/datanode-1/data/ratis
2022-08-27 01:04:23,922 [Listener at 127.0.0.1/46359] INFO  volume.StorageVolumeChecker (StorageVolumeChecker.java:checkAllVolumes(202)) - Scheduled health check for volume /home/runner/work/ozone/ozone/hadoop-ozone/integration-test/target/test-dir/MiniOzoneClusterImpl-6c28598a-b70a-49df-9254-251c667aa325/datanode-1/data/ratis
2022-08-27 01:04:23,950 [Thread-550] INFO  ozoneimpl.ContainerReader (ContainerReader.java:readVolume(175)) - Finish verifying containers on volume /home/runner/work/ozone/ozone/hadoop-ozone/integration-test/target/test-dir/MiniOzoneClusterImpl-6c28598a-b70a-49df-9254-251c667aa325/datanode-1/data-0/containers/hdds
2022-08-27 01:04:23,950 [Listener at 127.0.0.1/46359] INFO  ozoneimpl.OzoneContainer (OzoneContainer.java:buildContainerSet(299)) - Build ContainerSet costs 0s
2022-08-27 01:04:23,952 [Listener at 127.0.0.1/46359] INFO  server.RaftServer (ConfUtils.java:logGet(46)) - raft.rpc.type = GRPC (default)
2022-08-27 01:04:23,952 [Listener at 127.0.0.1/46359] INFO  grpc.GrpcFactory (GrpcFactory.java:checkPooledByteBufAllocatorUseCacheForAllThreads(48)) - PERFORMANCE WARNING: useCacheForAllThreads is true that may cause Netty to create a lot garbage objects and, as a result, trigger GC.
	It is recommended to disable useCacheForAllThreads by setting -Dorg.apache.ratis.thirdparty.io.netty.allocator.useCacheForAllThreads=false in command line.
2022-08-27 01:04:23,952 [Listener at 127.0.0.1/46359] INFO  grpc.GrpcConfigKeys (ConfUtils.java:logGet(46)) - raft.grpc.admin.port = 0 (custom)
2022-08-27 01:04:23,952 [Listener at 127.0.0.1/46359] INFO  grpc.GrpcConfigKeys (ConfUtils.java:logGet(46)) - raft.grpc.client.port = 0 (custom)
2022-08-27 01:04:23,952 [Listener at 127.0.0.1/46359] INFO  grpc.GrpcConfigKeys (ConfUtils.java:logGet(46)) - raft.grpc.server.port = 0 (default)
2022-08-27 01:04:23,953 [Listener at 127.0.0.1/46359] INFO  server.GrpcService (ConfUtils.java:logGet(46)) - raft.grpc.message.size.max = 32MB (=33554432) (custom)
2022-08-27 01:04:23,953 [Listener at 127.0.0.1/46359] INFO  server.RaftServerConfigKeys (ConfUtils.java:logGet(46)) - raft.server.log.appender.buffer.byte-limit = 33554432 (custom)
2022-08-27 01:04:23,953 [Listener at 127.0.0.1/46359] INFO  server.GrpcService (ConfUtils.java:logGet(46)) - raft.grpc.flow.control.window = 5MB (=5242880) (custom)
2022-08-27 01:04:23,953 [Listener at 127.0.0.1/46359] INFO  server.RaftServerConfigKeys (ConfUtils.java:logGet(46)) - raft.server.rpc.request.timeout = 60s (custom)
2022-08-27 01:04:23,953 [Listener at 127.0.0.1/46359] INFO  grpc.GrpcConfigKeys (ConfUtils.java:logGet(46)) - raft.grpc.server.async.request.thread.pool.cached = true (default)
2022-08-27 01:04:23,953 [Listener at 127.0.0.1/46359] INFO  grpc.GrpcConfigKeys (ConfUtils.java:logGet(46)) - raft.grpc.server.async.request.thread.pool.size = 32 (default)
2022-08-27 01:04:23,954 [Listener at 127.0.0.1/46359] INFO  impl.DataStreamServerImpl (ConfUtils.java:logGet(46)) - raft.datastream.type = DISABLED (default)
2022-08-27 01:04:23,954 [Listener at 127.0.0.1/46359] INFO  server.RaftServerConfigKeys (ConfUtils.java:logGet(46)) - raft.server.threadpool.proxy.cached = true (default)
2022-08-27 01:04:23,954 [Listener at 127.0.0.1/46359] INFO  server.RaftServerConfigKeys (ConfUtils.java:logGet(46)) - raft.server.threadpool.proxy.size = 0 (default)
2022-08-27 01:04:23,954 [Listener at 127.0.0.1/46359] INFO  server.RaftServerConfigKeys (ConfUtils.java:logGet(46)) - raft.server.rpc.slowness.timeout = 300s (custom)
2022-08-27 01:04:23,954 [Listener at 127.0.0.1/46359] INFO  server.RaftServerConfigKeys (ConfUtils.java:logGet(46)) - raft.server.leaderelection.leader.step-down.wait-time = 10s (default)
2022-08-27 01:04:23,954 [Listener at 127.0.0.1/46359] INFO  server.RaftServerConfigKeys (ConfUtils.java:logGet(46)) - raft.server.storage.dir = [/home/runner/work/ozone/ozone/hadoop-ozone/integration-test/target/test-dir/MiniOzoneClusterImpl-6c28598a-b70a-49df-9254-251c667aa325/datanode-1/data/ratis] (custom)
2022-08-27 01:04:23,971 [Listener at 127.0.0.1/46359] INFO  server.XceiverServerGrpc (XceiverServerGrpc.java:<init>(132)) - GrpcServer channel type EpollServerSocketChannel
2022-08-27 01:04:23,975 [Listener at 127.0.0.1/46359] INFO  http.BaseHttpServer (BaseHttpServer.java:newHttpServer2BuilderForOzone(213)) - Starting Web-server for hddsDatanode at: http://0.0.0.0:0
2022-08-27 01:04:23,975 [Listener at 127.0.0.1/46359] INFO  http.BaseHttpServer (BaseHttpServer.java:<init>(108)) - Hadoop Security Enabled: false Ozone Security Enabled: false Ozone HTTP Security Enabled: false 
2022-08-27 01:04:23,976 [Listener at 127.0.0.1/46359] INFO  server.AuthenticationFilter (AuthenticationFilter.java:constructSecretProvider(240)) - Unable to initialize FileSignerSecretProvider, falling back to use random secrets.
2022-08-27 01:04:23,977 [Listener at 127.0.0.1/46359] WARN  http.HttpRequestLog (HttpRequestLog.java:getRequestLog(103)) - Jetty request log can only be enabled using Log4j
2022-08-27 01:04:23,978 [Listener at 127.0.0.1/46359] INFO  http.HttpServer2 (HttpServer2.java:addGlobalFilter(1029)) - Added global filter 'safety' (class=org.apache.hadoop.hdds.server.http.HttpServer2$QuotingInputFilter)
2022-08-27 01:04:23,979 [Listener at 127.0.0.1/46359] INFO  http.HttpServer2 (HttpServer2.java:addFilter(1005)) - Added filter static_user_filter (class=org.apache.hadoop.http.lib.StaticUserWebFilter$StaticUserFilter) to context hddsDatanode
2022-08-27 01:04:23,979 [Listener at 127.0.0.1/46359] INFO  http.HttpServer2 (HttpServer2.java:addFilter(1013)) - Added filter static_user_filter (class=org.apache.hadoop.http.lib.StaticUserWebFilter$StaticUserFilter) to context static
2022-08-27 01:04:23,979 [Listener at 127.0.0.1/46359] INFO  http.HttpServer2 (HttpServer2.java:addFilter(1013)) - Added filter static_user_filter (class=org.apache.hadoop.http.lib.StaticUserWebFilter$StaticUserFilter) to context logs
2022-08-27 01:04:23,979 [Listener at 127.0.0.1/46359] INFO  http.HttpServer2 (HttpServer2.java:bindListener(1248)) - Jetty bound to port 40413
2022-08-27 01:04:23,979 [Listener at 127.0.0.1/46359] INFO  server.Server (Server.java:doStart(375)) - jetty-9.4.43.v20210629; built: 2021-06-30T11:07:22.254Z; git: 526006ecfa3af7f1a27ef3a288e2bef7ea9dd7e8; jvm 1.8.0_345-b01
2022-08-27 01:04:23,992 [Listener at 127.0.0.1/46359] INFO  server.session (DefaultSessionIdManager.java:doStart(334)) - DefaultSessionIdManager workerName=node0
2022-08-27 01:04:23,992 [Listener at 127.0.0.1/46359] INFO  server.session (DefaultSessionIdManager.java:doStart(339)) - No SessionScavenger set, using defaults
2022-08-27 01:04:23,992 [Listener at 127.0.0.1/46359] INFO  server.session (HouseKeeper.java:startScavenging(132)) - node0 Scavenging every 660000ms
2022-08-27 01:04:23,992 [Listener at 127.0.0.1/46359] INFO  handler.ContextHandler (ContextHandler.java:doStart(915)) - Started o.e.j.s.ServletContextHandler@189b1892{logs,/logs,file:///home/runner/work/ozone/ozone/hadoop-ozone/integration-test/target/log,AVAILABLE}
2022-08-27 01:04:23,993 [Listener at 127.0.0.1/46359] INFO  handler.ContextHandler (ContextHandler.java:doStart(915)) - Started o.e.j.s.ServletContextHandler@12989578{static,/static,jar:file:/home/runner/.m2/repository/org/apache/ozone/hdds-container-service/1.3.0-SNAPSHOT/hdds-container-service-1.3.0-SNAPSHOT.jar!/webapps/static,AVAILABLE}
2022-08-27 01:04:24,026 [om1@group-C5BA1605619E-FollowerState] INFO  impl.FollowerState (FollowerState.java:run(143)) - om1@group-C5BA1605619E-FollowerState: change to CANDIDATE, lastRpcElapsedTime:1025691237ns, electionTimeout:1024ms
2022-08-27 01:04:24,026 [om1@group-C5BA1605619E-FollowerState] INFO  impl.RoleInfo (RoleInfo.java:shutdownFollowerState(110)) - om1: shutdown om1@group-C5BA1605619E-FollowerState
2022-08-27 01:04:24,026 [om1@group-C5BA1605619E-FollowerState] INFO  server.RaftServer$Division (RaftServerImpl.java:setRole(299)) - om1@group-C5BA1605619E: changes role from  FOLLOWER to CANDIDATE at term 0 for changeToCandidate
2022-08-27 01:04:24,029 [om1@group-C5BA1605619E-FollowerState] INFO  server.RaftServerConfigKeys (ConfUtils.java:logGet(46)) - raft.server.leaderelection.pre-vote = false (custom)
2022-08-27 01:04:24,029 [om1@group-C5BA1605619E-FollowerState] INFO  impl.RoleInfo (RoleInfo.java:updateAndGet(139)) - om1: start om1@group-C5BA1605619E-LeaderElection12
2022-08-27 01:04:24,052 [om1@group-C5BA1605619E-LeaderElection12] INFO  impl.LeaderElection (LeaderElection.java:askForVotes(310)) - om1@group-C5BA1605619E-LeaderElection12 ELECTION round 0: submit vote requests at term 1 for -1: [om1|rpc:localhost:35491|priority:0], old=null
2022-08-27 01:04:24,052 [om1@group-C5BA1605619E-LeaderElection12] INFO  impl.LeaderElection (LeaderElection.java:askForVotes(312)) - om1@group-C5BA1605619E-LeaderElection12 ELECTION round 0: result PASSED (term=1)
2022-08-27 01:04:24,052 [om1@group-C5BA1605619E-LeaderElection12] INFO  impl.RoleInfo (RoleInfo.java:shutdownLeaderElection(130)) - om1: shutdown om1@group-C5BA1605619E-LeaderElection12
2022-08-27 01:04:24,052 [om1@group-C5BA1605619E-LeaderElection12] INFO  server.RaftServer$Division (RaftServerImpl.java:setRole(299)) - om1@group-C5BA1605619E: changes role from CANDIDATE to LEADER at term 1 for changeToLeader
2022-08-27 01:04:24,052 [om1@group-C5BA1605619E-LeaderElection12] INFO  server.RaftServer$Division (ServerState.java:setLeader(287)) - om1@group-C5BA1605619E: change Leader from null to om1 at term 1 for becomeLeader, leader elected after 1761ms
2022-08-27 01:04:24,052 [om1@group-C5BA1605619E-LeaderElection12] INFO  server.RaftServerConfigKeys (ConfUtils.java:logGet(46)) - raft.server.staging.catchup.gap = 1000 (default)
2022-08-27 01:04:24,052 [om1@group-C5BA1605619E-LeaderElection12] INFO  server.RaftServerConfigKeys (ConfUtils.java:logGet(46)) - raft.server.write.element-limit = 4096 (default)
2022-08-27 01:04:24,052 [om1@group-C5BA1605619E-LeaderElection12] INFO  server.RaftServerConfigKeys (ConfUtils.java:logGet(46)) - raft.server.write.byte-limit = 64MB (=67108864) (default)
2022-08-27 01:04:24,052 [om1@group-C5BA1605619E-LeaderElection12] INFO  server.RaftServerConfigKeys (ConfUtils.java:logGet(46)) - raft.server.watch.timeout = 10s (default)
2022-08-27 01:04:24,053 [om1@group-C5BA1605619E-LeaderElection12] INFO  server.RaftServerConfigKeys (ConfUtils.java:logGet(46)) - raft.server.watch.timeout.denomination = 1s (default)
2022-08-27 01:04:24,053 [om1@group-C5BA1605619E-LeaderElection12] INFO  server.RaftServerConfigKeys (ConfUtils.java:logGet(46)) - raft.server.watch.element-limit = 65536 (default)
2022-08-27 01:04:24,053 [om1@group-C5BA1605619E-LeaderElection12] INFO  server.RaftServerConfigKeys (ConfUtils.java:logGet(46)) - raft.server.write.element-limit = 4096 (default)
2022-08-27 01:04:24,053 [om1@group-C5BA1605619E-LeaderElection12] INFO  server.RaftServerConfigKeys (ConfUtils.java:logGet(46)) - raft.server.write.follower.gap.ratio.max = -1.0 (default)
2022-08-27 01:04:24,053 [om1@group-C5BA1605619E-LeaderElection12] INFO  impl.RoleInfo (RoleInfo.java:updateAndGet(139)) - om1: start om1@group-C5BA1605619E-LeaderStateImpl
2022-08-27 01:04:24,053 [om1@group-C5BA1605619E-LeaderElection12] INFO  segmented.SegmentedRaftLogWorker (SegmentedRaftLogWorker.java:startLogSegment(425)) - om1@group-C5BA1605619E-SegmentedRaftLogWorker: Starting segment from index:0
2022-08-27 01:04:24,064 [om1@group-C5BA1605619E-SegmentedRaftLogWorker] INFO  segmented.SegmentedRaftLogWorker (SegmentedRaftLogWorker.java:execute(629)) - om1@group-C5BA1605619E-SegmentedRaftLogWorker: created new log segment /home/runner/work/ozone/ozone/hadoop-ozone/integration-test/target/test-dir/MiniOzoneClusterImpl-6c28598a-b70a-49df-9254-251c667aa325/ozone-meta/ratis/bf265839-605b-3f16-9796-c5ba1605619e/current/log_inprogress_0
2022-08-27 01:04:24,068 [om1@group-C5BA1605619E-LeaderElection12] INFO  server.RaftServer$Division (ServerState.java:setRaftConf(393)) - om1@group-C5BA1605619E: set configuration 0: [om1|rpc:localhost:35491|admin:|client:|dataStream:|priority:0], old=null
2022-08-27 01:04:24,069 [om1@group-C5BA1605619E-StateMachineUpdater] INFO  ratis.OzoneManagerStateMachine (OzoneManagerStateMachine.java:notifyConfigurationChanged(192)) - Received Configuration change notification from Ratis. New Peer list:
[id: "om1"
address: "localhost:35491"
]
2022-08-27 01:04:24,255 [ReplicationMonitor] INFO  replication.ReplicationManager (ReplicationManager.java:processAll(293)) - Replication Monitor Thread took 1 milliseconds for processing 3 containers.
2022-08-27 01:04:24,331 [Listener at 127.0.0.1/46359] INFO  handler.ContextHandler (ContextHandler.java:doStart(915)) - Started o.e.j.w.WebAppContext@3041565a{hddsDatanode,/,file:///tmp/jetty-0_0_0_0-40413-hdds-container-service-1_3_0-SNAPSHOT_jar-_-any-4631714085551682395/webapp/,AVAILABLE}{jar:file:/home/runner/.m2/repository/org/apache/ozone/hdds-container-service/1.3.0-SNAPSHOT/hdds-container-service-1.3.0-SNAPSHOT.jar!/webapps/hddsDatanode}
2022-08-27 01:04:24,335 [Listener at 127.0.0.1/46359] INFO  server.AbstractConnector (AbstractConnector.java:doStart(331)) - Started ServerConnector@c03db81{HTTP/1.1, (http/1.1)}{0.0.0.0:40413}
2022-08-27 01:04:24,335 [Listener at 127.0.0.1/46359] INFO  server.Server (Server.java:doStart(415)) - Started @23023ms
2022-08-27 01:04:24,335 [Listener at 127.0.0.1/46359] WARN  impl.MetricsSystemImpl (MetricsSystemImpl.java:register(279)) - Sink prometheus already exists!
2022-08-27 01:04:24,335 [Listener at 127.0.0.1/46359] INFO  http.BaseHttpServer (BaseHttpServer.java:updateConnectorAddress(333)) - HTTP server of hddsDatanode listening at http://0.0.0.0:40413
2022-08-27 01:04:24,339 [Listener at 127.0.0.1/46359] WARN  impl.MetricRegistriesImpl (MetricRegistriesImpl.java:addReporterRegistration(111)) - New reporters are added after registries were created. Some metrics will be missing from the reporter. Please add reporter before adding any new registry.
2022-08-27 01:04:24,339 [Listener at 127.0.0.1/46359] WARN  impl.MetricRegistriesImpl (MetricRegistriesImpl.java:addReporterRegistration(111)) - New reporters are added after registries were created. Some metrics will be missing from the reporter. Please add reporter before adding any new registry.
2022-08-27 01:04:24,339 [Listener at 127.0.0.1/46359] INFO  impl.MetricsSystemImpl (MetricsSystemImpl.java:init(158)) - HddsDatanode metrics system started (again)
2022-08-27 01:04:24,346 [Datanode State Machine Daemon Thread] INFO  statemachine.DatanodeStateMachine (DatanodeStateMachine.java:lambda$startDaemon$0(492)) - Ozone container server started.
2022-08-27 01:04:24,363 [Listener at 127.0.0.1/46359] INFO  ozone.HddsDatanodeService (HddsDatanodeService.java:start(236)) - HddsDatanodeService host:fv-az41-820.zje5jq5y5x4uznwvdkgxk4wc2h.cx.internal.cloudapp.net ip:10.1.1.170
2022-08-27 01:04:24,377 [org.apache.hadoop.util.JvmPauseMonitor$Monitor@1c1d760c] INFO  util.JvmPauseMonitor (JvmPauseMonitor.java:run(188)) - Starting JVM pause monitor
2022-08-27 01:04:24,383 [Datanode State Machine Task Thread - 0] INFO  datanode.InitDatanodeState (InitDatanodeState.java:persistContainerDatanodeDetails(138)) - DatanodeDetails is persisted to /home/runner/work/ozone/ozone/hadoop-ozone/integration-test/target/test-dir/MiniOzoneClusterImpl-6c28598a-b70a-49df-9254-251c667aa325/datanode-1/meta/datanode.id
2022-08-27 01:04:24,401 [Listener at 127.0.0.1/46359] INFO  upgrade.AbstractLayoutVersionManager (AbstractLayoutVersionManager.java:init(83)) - Initializing Layout version manager with metadata layout = DATANODE_SCHEMA_V3 (version = 4), software layout = DATANODE_SCHEMA_V3 (version = 4)
2022-08-27 01:04:24,607 [org.apache.ratis.util.JvmPauseMonitor$$Lambda$715/1595744513@a8a01a] WARN  util.JvmPauseMonitor (JvmPauseMonitor.java:detectPause(124)) - JvmPauseMonitor-47218c16-f2d5-4cf1-b4da-5ee36f49a8d8: Detected pause in JVM or host machine (eg GC): pause of approximately 131213470ns.
GC pool 'PS MarkSweep' had collection(s): count=1 time=140ms
GC pool 'PS Scavenge' had collection(s): count=1 time=45ms
2022-08-27 01:04:24,608 [org.apache.ratis.util.JvmPauseMonitor$$Lambda$715/1595744513@7e9d331b] WARN  util.JvmPauseMonitor (JvmPauseMonitor.java:detectPause(124)) - JvmPauseMonitor-dfcf168e-5082-4f01-a2db-1567ea82e82e: Detected pause in JVM or host machine (eg GC): pause of approximately 137989307ns.
GC pool 'PS MarkSweep' had collection(s): count=1 time=140ms
GC pool 'PS Scavenge' had collection(s): count=1 time=45ms
2022-08-27 01:04:24,641 [ReplicationMonitor] INFO  replication.ReplicationManager (ReplicationManager.java:processAll(255)) - Replication Manager is not ready to run until 3000ms after safemode exit
2022-08-27 01:04:24,658 [Listener at 127.0.0.1/46359] INFO  reflections.Reflections (Reflections.java:scan(232)) - Reflections took 256 ms to scan 7 urls, producing 133 keys and 322 values 
2022-08-27 01:04:24,659 [Listener at 127.0.0.1/46359] INFO  statemachine.DatanodeStateMachine (DatanodeStateMachine.java:getEndPointTaskThreadPoolSize(237)) - Datanode State Machine Task Thread Pool size 2
2022-08-27 01:04:24,660 [Listener at 127.0.0.1/46359] INFO  volume.HddsVolume (HddsVolume.java:<init>(117)) - Creating HddsVolume: /home/runner/work/ozone/ozone/hadoop-ozone/integration-test/target/test-dir/MiniOzoneClusterImpl-6c28598a-b70a-49df-9254-251c667aa325/datanode-2/data-0/containers/hdds of storage type : DISK capacity : 9223372036854775807
2022-08-27 01:04:24,660 [Listener at 127.0.0.1/46359] INFO  volume.MutableVolumeSet (MutableVolumeSet.java:initializeVolumeSet(174)) - Added Volume : /home/runner/work/ozone/ozone/hadoop-ozone/integration-test/target/test-dir/MiniOzoneClusterImpl-6c28598a-b70a-49df-9254-251c667aa325/datanode-2/data-0/containers/hdds to VolumeSet
2022-08-27 01:04:24,660 [Listener at 127.0.0.1/46359] INFO  volume.ThrottledAsyncChecker (ThrottledAsyncChecker.java:schedule(141)) - Scheduling a check for /home/runner/work/ozone/ozone/hadoop-ozone/integration-test/target/test-dir/MiniOzoneClusterImpl-6c28598a-b70a-49df-9254-251c667aa325/datanode-2/data-0/containers/hdds
2022-08-27 01:04:24,670 [Listener at 127.0.0.1/46359] INFO  volume.StorageVolumeChecker (StorageVolumeChecker.java:checkAllVolumes(202)) - Scheduled health check for volume /home/runner/work/ozone/ozone/hadoop-ozone/integration-test/target/test-dir/MiniOzoneClusterImpl-6c28598a-b70a-49df-9254-251c667aa325/datanode-2/data-0/containers/hdds
2022-08-27 01:04:24,685 [Listener at 127.0.0.1/46359] INFO  volume.MutableVolumeSet (MutableVolumeSet.java:initializeVolumeSet(174)) - Added Volume : /home/runner/work/ozone/ozone/hadoop-ozone/integration-test/target/test-dir/MiniOzoneClusterImpl-6c28598a-b70a-49df-9254-251c667aa325/datanode-2/data/ratis to VolumeSet
2022-08-27 01:04:24,685 [Listener at 127.0.0.1/46359] INFO  volume.ThrottledAsyncChecker (ThrottledAsyncChecker.java:schedule(141)) - Scheduling a check for /home/runner/work/ozone/ozone/hadoop-ozone/integration-test/target/test-dir/MiniOzoneClusterImpl-6c28598a-b70a-49df-9254-251c667aa325/datanode-2/data/ratis
2022-08-27 01:04:24,686 [Listener at 127.0.0.1/46359] INFO  volume.StorageVolumeChecker (StorageVolumeChecker.java:checkAllVolumes(202)) - Scheduled health check for volume /home/runner/work/ozone/ozone/hadoop-ozone/integration-test/target/test-dir/MiniOzoneClusterImpl-6c28598a-b70a-49df-9254-251c667aa325/datanode-2/data/ratis
2022-08-27 01:04:24,712 [Thread-638] INFO  ozoneimpl.ContainerReader (ContainerReader.java:readVolume(175)) - Finish verifying containers on volume /home/runner/work/ozone/ozone/hadoop-ozone/integration-test/target/test-dir/MiniOzoneClusterImpl-6c28598a-b70a-49df-9254-251c667aa325/datanode-2/data-0/containers/hdds
2022-08-27 01:04:24,712 [Listener at 127.0.0.1/46359] INFO  ozoneimpl.OzoneContainer (OzoneContainer.java:buildContainerSet(299)) - Build ContainerSet costs 0s
2022-08-27 01:04:24,714 [Listener at 127.0.0.1/46359] INFO  server.RaftServer (ConfUtils.java:logGet(46)) - raft.rpc.type = GRPC (default)
2022-08-27 01:04:24,714 [Listener at 127.0.0.1/46359] INFO  grpc.GrpcFactory (GrpcFactory.java:checkPooledByteBufAllocatorUseCacheForAllThreads(48)) - PERFORMANCE WARNING: useCacheForAllThreads is true that may cause Netty to create a lot garbage objects and, as a result, trigger GC.
	It is recommended to disable useCacheForAllThreads by setting -Dorg.apache.ratis.thirdparty.io.netty.allocator.useCacheForAllThreads=false in command line.
2022-08-27 01:04:24,714 [Listener at 127.0.0.1/46359] INFO  grpc.GrpcConfigKeys (ConfUtils.java:logGet(46)) - raft.grpc.admin.port = 0 (custom)
2022-08-27 01:04:24,714 [Listener at 127.0.0.1/46359] INFO  grpc.GrpcConfigKeys (ConfUtils.java:logGet(46)) - raft.grpc.client.port = 0 (custom)
2022-08-27 01:04:24,714 [Listener at 127.0.0.1/46359] INFO  grpc.GrpcConfigKeys (ConfUtils.java:logGet(46)) - raft.grpc.server.port = 0 (default)
2022-08-27 01:04:24,714 [Listener at 127.0.0.1/46359] INFO  server.GrpcService (ConfUtils.java:logGet(46)) - raft.grpc.message.size.max = 32MB (=33554432) (custom)
2022-08-27 01:04:24,714 [Listener at 127.0.0.1/46359] INFO  server.RaftServerConfigKeys (ConfUtils.java:logGet(46)) - raft.server.log.appender.buffer.byte-limit = 33554432 (custom)
2022-08-27 01:04:24,714 [Listener at 127.0.0.1/46359] INFO  server.GrpcService (ConfUtils.java:logGet(46)) - raft.grpc.flow.control.window = 5MB (=5242880) (custom)
2022-08-27 01:04:24,714 [Listener at 127.0.0.1/46359] INFO  server.RaftServerConfigKeys (ConfUtils.java:logGet(46)) - raft.server.rpc.request.timeout = 60s (custom)
2022-08-27 01:04:24,715 [Listener at 127.0.0.1/46359] INFO  grpc.GrpcConfigKeys (ConfUtils.java:logGet(46)) - raft.grpc.server.async.request.thread.pool.cached = true (default)
2022-08-27 01:04:24,715 [Listener at 127.0.0.1/46359] INFO  grpc.GrpcConfigKeys (ConfUtils.java:logGet(46)) - raft.grpc.server.async.request.thread.pool.size = 32 (default)
2022-08-27 01:04:24,715 [Listener at 127.0.0.1/46359] INFO  impl.DataStreamServerImpl (ConfUtils.java:logGet(46)) - raft.datastream.type = DISABLED (default)
2022-08-27 01:04:24,715 [Listener at 127.0.0.1/46359] INFO  server.RaftServerConfigKeys (ConfUtils.java:logGet(46)) - raft.server.threadpool.proxy.cached = true (default)
2022-08-27 01:04:24,716 [Listener at 127.0.0.1/46359] INFO  server.RaftServerConfigKeys (ConfUtils.java:logGet(46)) - raft.server.threadpool.proxy.size = 0 (default)
2022-08-27 01:04:24,716 [Listener at 127.0.0.1/46359] INFO  server.RaftServerConfigKeys (ConfUtils.java:logGet(46)) - raft.server.rpc.slowness.timeout = 300s (custom)
2022-08-27 01:04:24,716 [Listener at 127.0.0.1/46359] INFO  server.RaftServerConfigKeys (ConfUtils.java:logGet(46)) - raft.server.leaderelection.leader.step-down.wait-time = 10s (default)
2022-08-27 01:04:24,716 [Listener at 127.0.0.1/46359] INFO  server.RaftServerConfigKeys (ConfUtils.java:logGet(46)) - raft.server.storage.dir = [/home/runner/work/ozone/ozone/hadoop-ozone/integration-test/target/test-dir/MiniOzoneClusterImpl-6c28598a-b70a-49df-9254-251c667aa325/datanode-2/data/ratis] (custom)
2022-08-27 01:04:24,717 [Listener at 127.0.0.1/46359] INFO  server.XceiverServerGrpc (XceiverServerGrpc.java:<init>(132)) - GrpcServer channel type EpollServerSocketChannel
2022-08-27 01:04:24,721 [Listener at 127.0.0.1/46359] INFO  http.BaseHttpServer (BaseHttpServer.java:newHttpServer2BuilderForOzone(213)) - Starting Web-server for hddsDatanode at: http://0.0.0.0:0
2022-08-27 01:04:24,721 [Listener at 127.0.0.1/46359] INFO  http.BaseHttpServer (BaseHttpServer.java:<init>(108)) - Hadoop Security Enabled: false Ozone Security Enabled: false Ozone HTTP Security Enabled: false 
2022-08-27 01:04:24,722 [Listener at 127.0.0.1/46359] INFO  server.AuthenticationFilter (AuthenticationFilter.java:constructSecretProvider(240)) - Unable to initialize FileSignerSecretProvider, falling back to use random secrets.
2022-08-27 01:04:24,723 [Listener at 127.0.0.1/46359] WARN  http.HttpRequestLog (HttpRequestLog.java:getRequestLog(103)) - Jetty request log can only be enabled using Log4j
2022-08-27 01:04:24,724 [Listener at 127.0.0.1/46359] INFO  http.HttpServer2 (HttpServer2.java:addGlobalFilter(1029)) - Added global filter 'safety' (class=org.apache.hadoop.hdds.server.http.HttpServer2$QuotingInputFilter)
2022-08-27 01:04:24,724 [Listener at 127.0.0.1/46359] INFO  http.HttpServer2 (HttpServer2.java:addFilter(1005)) - Added filter static_user_filter (class=org.apache.hadoop.http.lib.StaticUserWebFilter$StaticUserFilter) to context hddsDatanode
2022-08-27 01:04:24,724 [Listener at 127.0.0.1/46359] INFO  http.HttpServer2 (HttpServer2.java:addFilter(1013)) - Added filter static_user_filter (class=org.apache.hadoop.http.lib.StaticUserWebFilter$StaticUserFilter) to context logs
2022-08-27 01:04:24,724 [Listener at 127.0.0.1/46359] INFO  http.HttpServer2 (HttpServer2.java:addFilter(1013)) - Added filter static_user_filter (class=org.apache.hadoop.http.lib.StaticUserWebFilter$StaticUserFilter) to context static
2022-08-27 01:04:24,725 [Listener at 127.0.0.1/46359] INFO  http.HttpServer2 (HttpServer2.java:bindListener(1248)) - Jetty bound to port 38393
2022-08-27 01:04:24,725 [Listener at 127.0.0.1/46359] INFO  server.Server (Server.java:doStart(375)) - jetty-9.4.43.v20210629; built: 2021-06-30T11:07:22.254Z; git: 526006ecfa3af7f1a27ef3a288e2bef7ea9dd7e8; jvm 1.8.0_345-b01
2022-08-27 01:04:24,733 [Listener at 127.0.0.1/46359] INFO  server.session (DefaultSessionIdManager.java:doStart(334)) - DefaultSessionIdManager workerName=node0
2022-08-27 01:04:24,734 [Listener at 127.0.0.1/46359] INFO  server.session (DefaultSessionIdManager.java:doStart(339)) - No SessionScavenger set, using defaults
2022-08-27 01:04:24,734 [Listener at 127.0.0.1/46359] INFO  server.session (HouseKeeper.java:startScavenging(132)) - node0 Scavenging every 660000ms
2022-08-27 01:04:24,741 [Listener at 127.0.0.1/46359] INFO  handler.ContextHandler (ContextHandler.java:doStart(915)) - Started o.e.j.s.ServletContextHandler@7d151721{logs,/logs,file:///home/runner/work/ozone/ozone/hadoop-ozone/integration-test/target/log,AVAILABLE}
2022-08-27 01:04:24,741 [Listener at 127.0.0.1/46359] INFO  handler.ContextHandler (ContextHandler.java:doStart(915)) - Started o.e.j.s.ServletContextHandler@1ee6e9d8{static,/static,jar:file:/home/runner/.m2/repository/org/apache/ozone/hdds-container-service/1.3.0-SNAPSHOT/hdds-container-service-1.3.0-SNAPSHOT.jar!/webapps/static,AVAILABLE}
2022-08-27 01:04:25,098 [Listener at 127.0.0.1/46359] INFO  handler.ContextHandler (ContextHandler.java:doStart(915)) - Started o.e.j.w.WebAppContext@6805a1a0{hddsDatanode,/,file:///tmp/jetty-0_0_0_0-38393-hdds-container-service-1_3_0-SNAPSHOT_jar-_-any-7828562629163785540/webapp/,AVAILABLE}{jar:file:/home/runner/.m2/repository/org/apache/ozone/hdds-container-service/1.3.0-SNAPSHOT/hdds-container-service-1.3.0-SNAPSHOT.jar!/webapps/hddsDatanode}
2022-08-27 01:04:25,102 [Listener at 127.0.0.1/46359] INFO  server.AbstractConnector (AbstractConnector.java:doStart(331)) - Started ServerConnector@39a7d54b{HTTP/1.1, (http/1.1)}{0.0.0.0:38393}
2022-08-27 01:04:25,102 [Listener at 127.0.0.1/46359] INFO  server.Server (Server.java:doStart(415)) - Started @23790ms
2022-08-27 01:04:25,102 [Listener at 127.0.0.1/46359] WARN  impl.MetricsSystemImpl (MetricsSystemImpl.java:register(279)) - Sink prometheus already exists!
2022-08-27 01:04:25,105 [Listener at 127.0.0.1/46359] INFO  http.BaseHttpServer (BaseHttpServer.java:updateConnectorAddress(333)) - HTTP server of hddsDatanode listening at http://0.0.0.0:38393
2022-08-27 01:04:25,111 [Listener at 127.0.0.1/46359] WARN  impl.MetricRegistriesImpl (MetricRegistriesImpl.java:addReporterRegistration(111)) - New reporters are added after registries were created. Some metrics will be missing from the reporter. Please add reporter before adding any new registry.
2022-08-27 01:04:25,111 [Listener at 127.0.0.1/46359] WARN  impl.MetricRegistriesImpl (MetricRegistriesImpl.java:addReporterRegistration(111)) - New reporters are added after registries were created. Some metrics will be missing from the reporter. Please add reporter before adding any new registry.
2022-08-27 01:04:25,111 [Listener at 127.0.0.1/46359] INFO  impl.MetricsSystemImpl (MetricsSystemImpl.java:init(158)) - HddsDatanode metrics system started (again)
2022-08-27 01:04:25,113 [Datanode State Machine Daemon Thread] INFO  statemachine.DatanodeStateMachine (DatanodeStateMachine.java:lambda$startDaemon$0(492)) - Ozone container server started.
2022-08-27 01:04:25,152 [IPC Server handler 0 on default port 32845] INFO  node.NodeDecommissionManager (NodeDecommissionManager.java:startDecommission(272)) - Starting Decommission for node dfcf168e-5082-4f01-a2db-1567ea82e82e{ip: 10.1.1.170, host: fv-az41-820.zje5jq5y5x4uznwvdkgxk4wc2h.cx.internal.cloudapp.net, ports: [REPLICATION=32809, RATIS=43507, RATIS_ADMIN=43507, RATIS_SERVER=43507, STANDALONE=44991], networkLocation: /default-rack, certSerialId: null, persistedOpState: IN_SERVICE, persistedOpStateExpiryEpochSec: 0}
2022-08-27 01:04:25,166 [Datanode State Machine Task Thread - 0] INFO  datanode.InitDatanodeState (InitDatanodeState.java:persistContainerDatanodeDetails(138)) - DatanodeDetails is persisted to /home/runner/work/ozone/ozone/hadoop-ozone/integration-test/target/test-dir/MiniOzoneClusterImpl-6c28598a-b70a-49df-9254-251c667aa325/datanode-2/meta/datanode.id
2022-08-27 01:04:25,166 [org.apache.hadoop.util.JvmPauseMonitor$Monitor@62a611bb] INFO  util.JvmPauseMonitor (JvmPauseMonitor.java:run(188)) - Starting JVM pause monitor
2022-08-27 01:04:25,177 [EventQueue-HealthyReadonlyToHealthyNodeForReadOnlyHealthyToHealthyNodeHandler] INFO  node.ReadOnlyHealthyToHealthyNodeHandler (ReadOnlyHealthyToHealthyNodeHandler.java:onMessage(51)) - Datanode dfcf168e-5082-4f01-a2db-1567ea82e82e{ip: 10.1.1.170, host: fv-az41-820.zje5jq5y5x4uznwvdkgxk4wc2h.cx.internal.cloudapp.net, ports: [REPLICATION=32809, RATIS=43507, RATIS_ADMIN=43507, RATIS_SERVER=43507, STANDALONE=44991], networkLocation: /default-rack, certSerialId: null, persistedOpState: IN_SERVICE, persistedOpStateExpiryEpochSec: 0} moved to HEALTHY state.
2022-08-27 01:04:25,177 [EventQueue-HealthyReadonlyToHealthyNodeForReadOnlyHealthyToHealthyNodeHandler] INFO  pipeline.BackgroundPipelineCreator (BackgroundPipelineCreator.java:notifyEventTriggered(276)) - trigger a one-shot run on RatisPipelineUtilsThread.
2022-08-27 01:04:25,179 [Listener at 127.0.0.1/46359] INFO  ozone.HddsDatanodeService (HddsDatanodeService.java:start(236)) - HddsDatanodeService host:fv-az41-820.zje5jq5y5x4uznwvdkgxk4wc2h.cx.internal.cloudapp.net ip:10.1.1.170
2022-08-27 01:04:25,198 [Listener at 127.0.0.1/46359] INFO  upgrade.AbstractLayoutVersionManager (AbstractLayoutVersionManager.java:init(83)) - Initializing Layout version manager with metadata layout = DATANODE_SCHEMA_V3 (version = 4), software layout = DATANODE_SCHEMA_V3 (version = 4)
2022-08-27 01:04:25,239 [Listener at 127.0.0.1/46359] INFO  reflections.Reflections (Reflections.java:scan(232)) - Reflections took 40 ms to scan 7 urls, producing 133 keys and 322 values 
2022-08-27 01:04:25,240 [Listener at 127.0.0.1/46359] INFO  statemachine.DatanodeStateMachine (DatanodeStateMachine.java:getEndPointTaskThreadPoolSize(237)) - Datanode State Machine Task Thread Pool size 2
2022-08-27 01:04:25,241 [Listener at 127.0.0.1/46359] INFO  volume.HddsVolume (HddsVolume.java:<init>(117)) - Creating HddsVolume: /home/runner/work/ozone/ozone/hadoop-ozone/integration-test/target/test-dir/MiniOzoneClusterImpl-6c28598a-b70a-49df-9254-251c667aa325/datanode-3/data-0/containers/hdds of storage type : DISK capacity : 9223372036854775807
2022-08-27 01:04:25,241 [Listener at 127.0.0.1/46359] INFO  volume.MutableVolumeSet (MutableVolumeSet.java:initializeVolumeSet(174)) - Added Volume : /home/runner/work/ozone/ozone/hadoop-ozone/integration-test/target/test-dir/MiniOzoneClusterImpl-6c28598a-b70a-49df-9254-251c667aa325/datanode-3/data-0/containers/hdds to VolumeSet
2022-08-27 01:04:25,242 [Listener at 127.0.0.1/46359] INFO  volume.ThrottledAsyncChecker (ThrottledAsyncChecker.java:schedule(141)) - Scheduling a check for /home/runner/work/ozone/ozone/hadoop-ozone/integration-test/target/test-dir/MiniOzoneClusterImpl-6c28598a-b70a-49df-9254-251c667aa325/datanode-3/data-0/containers/hdds
2022-08-27 01:04:25,245 [Listener at 127.0.0.1/46359] INFO  volume.StorageVolumeChecker (StorageVolumeChecker.java:checkAllVolumes(202)) - Scheduled health check for volume /home/runner/work/ozone/ozone/hadoop-ozone/integration-test/target/test-dir/MiniOzoneClusterImpl-6c28598a-b70a-49df-9254-251c667aa325/datanode-3/data-0/containers/hdds
2022-08-27 01:04:25,255 [Listener at 127.0.0.1/46359] INFO  volume.MutableVolumeSet (MutableVolumeSet.java:initializeVolumeSet(174)) - Added Volume : /home/runner/work/ozone/ozone/hadoop-ozone/integration-test/target/test-dir/MiniOzoneClusterImpl-6c28598a-b70a-49df-9254-251c667aa325/datanode-3/data/ratis to VolumeSet
2022-08-27 01:04:25,255 [Listener at 127.0.0.1/46359] INFO  volume.ThrottledAsyncChecker (ThrottledAsyncChecker.java:schedule(141)) - Scheduling a check for /home/runner/work/ozone/ozone/hadoop-ozone/integration-test/target/test-dir/MiniOzoneClusterImpl-6c28598a-b70a-49df-9254-251c667aa325/datanode-3/data/ratis
2022-08-27 01:04:25,255 [Listener at 127.0.0.1/46359] INFO  volume.StorageVolumeChecker (StorageVolumeChecker.java:checkAllVolumes(202)) - Scheduled health check for volume /home/runner/work/ozone/ozone/hadoop-ozone/integration-test/target/test-dir/MiniOzoneClusterImpl-6c28598a-b70a-49df-9254-251c667aa325/datanode-3/data/ratis
2022-08-27 01:04:25,255 [ReplicationMonitor] INFO  replication.ReplicationManager (ReplicationManager.java:processAll(293)) - Replication Monitor Thread took 0 milliseconds for processing 3 containers.
2022-08-27 01:04:25,265 [DatanodeAdminManager-0] INFO  node.DatanodeAdminMonitorImpl (DatanodeAdminMonitorImpl.java:checkPipelinesClosedOnNode(279)) - Waiting for pipelines to close for dfcf168e-5082-4f01-a2db-1567ea82e82e{ip: 10.1.1.170, host: fv-az41-820.zje5jq5y5x4uznwvdkgxk4wc2h.cx.internal.cloudapp.net, ports: [REPLICATION=32809, RATIS=43507, RATIS_ADMIN=43507, RATIS_SERVER=43507, STANDALONE=44991], networkLocation: /default-rack, certSerialId: null, persistedOpState: IN_SERVICE, persistedOpStateExpiryEpochSec: 0}. There are 2 pipelines
2022-08-27 01:04:25,265 [DatanodeAdminManager-0] INFO  node.DatanodeAdminMonitorImpl (DatanodeAdminMonitorImpl.java:run(148)) - There are 1 nodes tracked for decommission and maintenance. 0 pending nodes.
2022-08-27 01:04:25,265 [EventQueue-StartAdminOnNodeForStartDatanodeAdminHandler] INFO  node.StartDatanodeAdminHandler (StartDatanodeAdminHandler.java:onMessage(57)) - Admin start on datanode dfcf168e-5082-4f01-a2db-1567ea82e82e{ip: 10.1.1.170, host: fv-az41-820.zje5jq5y5x4uznwvdkgxk4wc2h.cx.internal.cloudapp.net, ports: [REPLICATION=32809, RATIS=43507, RATIS_ADMIN=43507, RATIS_SERVER=43507, STANDALONE=44991], networkLocation: /default-rack, certSerialId: null, persistedOpState: IN_SERVICE, persistedOpStateExpiryEpochSec: 0}. Finalizing its pipelines [PipelineID=9a55d528-00e5-49c1-9287-5c092346db41, PipelineID=3e0d5a98-0446-4e8d-acc1-692d3a8f63c1]
2022-08-27 01:04:25,274 [EventQueue-StartAdminOnNodeForStartDatanodeAdminHandler] INFO  pipeline.PipelineManagerImpl (PipelineManagerImpl.java:closePipeline(442)) - Pipeline Pipeline[ Id: 9a55d528-00e5-49c1-9287-5c092346db41, Nodes: dfcf168e-5082-4f01-a2db-1567ea82e82e{ip: 10.1.1.170, host: fv-az41-820.zje5jq5y5x4uznwvdkgxk4wc2h.cx.internal.cloudapp.net, ports: [REPLICATION=32809, RATIS=43507, RATIS_ADMIN=43507, RATIS_SERVER=43507, STANDALONE=44991], networkLocation: /default-rack, certSerialId: null, persistedOpState: IN_SERVICE, persistedOpStateExpiryEpochSec: 0}, ReplicationConfig: RATIS/ONE, State:OPEN, leaderId:dfcf168e-5082-4f01-a2db-1567ea82e82e, CreationTimestamp2022-08-27T01:04:13.427Z[Etc/UTC]] moved to CLOSED state
2022-08-27 01:04:25,274 [EventQueue-StartAdminOnNodeForStartDatanodeAdminHandler] INFO  pipeline.RatisPipelineProvider (RatisPipelineProvider.java:lambda$close$1(244)) - Send pipeline:PipelineID=9a55d528-00e5-49c1-9287-5c092346db41 close command to datanode dfcf168e-5082-4f01-a2db-1567ea82e82e
2022-08-27 01:04:25,275 [EventQueue-StartAdminOnNodeForStartDatanodeAdminHandler] INFO  pipeline.PipelineStateManagerImpl (PipelineStateManagerImpl.java:removePipeline(245)) - Pipeline Pipeline[ Id: 9a55d528-00e5-49c1-9287-5c092346db41, Nodes: dfcf168e-5082-4f01-a2db-1567ea82e82e{ip: 10.1.1.170, host: fv-az41-820.zje5jq5y5x4uznwvdkgxk4wc2h.cx.internal.cloudapp.net, ports: [REPLICATION=32809, RATIS=43507, RATIS_ADMIN=43507, RATIS_SERVER=43507, STANDALONE=44991], networkLocation: /default-rack, certSerialId: null, persistedOpState: IN_SERVICE, persistedOpStateExpiryEpochSec: 0}, ReplicationConfig: RATIS/ONE, State:CLOSED, leaderId:dfcf168e-5082-4f01-a2db-1567ea82e82e, CreationTimestamp2022-08-27T01:04:13.427Z[Etc/UTC]] removed.
2022-08-27 01:04:25,273 [Thread-681] INFO  ozoneimpl.ContainerReader (ContainerReader.java:readVolume(175)) - Finish verifying containers on volume /home/runner/work/ozone/ozone/hadoop-ozone/integration-test/target/test-dir/MiniOzoneClusterImpl-6c28598a-b70a-49df-9254-251c667aa325/datanode-3/data-0/containers/hdds
2022-08-27 01:04:25,277 [EventQueue-StartAdminOnNodeForStartDatanodeAdminHandler] INFO  pipeline.PipelineManagerImpl (PipelineManagerImpl.java:closeContainersForPipeline(421)) - Container #1 closed for pipeline=PipelineID=3e0d5a98-0446-4e8d-acc1-692d3a8f63c1
2022-08-27 01:04:25,285 [EventQueue-StartAdminOnNodeForStartDatanodeAdminHandler] INFO  pipeline.PipelineManagerImpl (PipelineManagerImpl.java:closeContainersForPipeline(421)) - Container #2 closed for pipeline=PipelineID=3e0d5a98-0446-4e8d-acc1-692d3a8f63c1
2022-08-27 01:04:25,285 [EventQueue-CloseContainerForCloseContainerEventHandler] INFO  container.CloseContainerEventHandler (CloseContainerEventHandler.java:onMessage(71)) - Close container Event triggered for container : #1
2022-08-27 01:04:25,285 [EventQueue-StartAdminOnNodeForStartDatanodeAdminHandler] INFO  pipeline.PipelineManagerImpl (PipelineManagerImpl.java:closeContainersForPipeline(421)) - Container #3 closed for pipeline=PipelineID=3e0d5a98-0446-4e8d-acc1-692d3a8f63c1
2022-08-27 01:04:25,286 [EventQueue-StartAdminOnNodeForStartDatanodeAdminHandler] INFO  pipeline.PipelineManagerImpl (PipelineManagerImpl.java:closePipeline(442)) - Pipeline Pipeline[ Id: 3e0d5a98-0446-4e8d-acc1-692d3a8f63c1, Nodes: 2bc1abba-7388-4eaf-8abd-93bce01f8f00{ip: 10.1.1.170, host: fv-az41-820.zje5jq5y5x4uznwvdkgxk4wc2h.cx.internal.cloudapp.net, ports: [REPLICATION=38427, RATIS=41545, RATIS_ADMIN=41545, RATIS_SERVER=41545, STANDALONE=42701], networkLocation: /default-rack, certSerialId: null, persistedOpState: IN_SERVICE, persistedOpStateExpiryEpochSec: 0}05d44c0e-1782-4690-a3a2-3f7220b81a92{ip: 10.1.1.170, host: fv-az41-820.zje5jq5y5x4uznwvdkgxk4wc2h.cx.internal.cloudapp.net, ports: [REPLICATION=42307, RATIS=38247, RATIS_ADMIN=38247, RATIS_SERVER=38247, STANDALONE=35439], networkLocation: /default-rack, certSerialId: null, persistedOpState: IN_SERVICE, persistedOpStateExpiryEpochSec: 0}dfcf168e-5082-4f01-a2db-1567ea82e82e{ip: 10.1.1.170, host: fv-az41-820.zje5jq5y5x4uznwvdkgxk4wc2h.cx.internal.cloudapp.net, ports: [REPLICATION=32809, RATIS=43507, RATIS_ADMIN=43507, RATIS_SERVER=43507, STANDALONE=44991], networkLocation: /default-rack, certSerialId: null, persistedOpState: IN_SERVICE, persistedOpStateExpiryEpochSec: 0}, ReplicationConfig: RATIS/THREE, State:OPEN, leaderId:2bc1abba-7388-4eaf-8abd-93bce01f8f00, CreationTimestamp2022-08-27T01:04:13.431Z[Etc/UTC]] moved to CLOSED state
2022-08-27 01:04:25,286 [EventQueue-StartAdminOnNodeForStartDatanodeAdminHandler] INFO  pipeline.RatisPipelineProvider (RatisPipelineProvider.java:lambda$close$1(244)) - Send pipeline:PipelineID=3e0d5a98-0446-4e8d-acc1-692d3a8f63c1 close command to datanode 2bc1abba-7388-4eaf-8abd-93bce01f8f00
2022-08-27 01:04:25,286 [EventQueue-StartAdminOnNodeForStartDatanodeAdminHandler] INFO  pipeline.RatisPipelineProvider (RatisPipelineProvider.java:lambda$close$1(244)) - Send pipeline:PipelineID=3e0d5a98-0446-4e8d-acc1-692d3a8f63c1 close command to datanode 05d44c0e-1782-4690-a3a2-3f7220b81a92
2022-08-27 01:04:25,286 [EventQueue-StartAdminOnNodeForStartDatanodeAdminHandler] INFO  pipeline.RatisPipelineProvider (RatisPipelineProvider.java:lambda$close$1(244)) - Send pipeline:PipelineID=3e0d5a98-0446-4e8d-acc1-692d3a8f63c1 close command to datanode dfcf168e-5082-4f01-a2db-1567ea82e82e
2022-08-27 01:04:25,286 [EventQueue-StartAdminOnNodeForStartDatanodeAdminHandler] INFO  pipeline.PipelineStateManagerImpl (PipelineStateManagerImpl.java:removePipeline(245)) - Pipeline Pipeline[ Id: 3e0d5a98-0446-4e8d-acc1-692d3a8f63c1, Nodes: 2bc1abba-7388-4eaf-8abd-93bce01f8f00{ip: 10.1.1.170, host: fv-az41-820.zje5jq5y5x4uznwvdkgxk4wc2h.cx.internal.cloudapp.net, ports: [REPLICATION=38427, RATIS=41545, RATIS_ADMIN=41545, RATIS_SERVER=41545, STANDALONE=42701], networkLocation: /default-rack, certSerialId: null, persistedOpState: IN_SERVICE, persistedOpStateExpiryEpochSec: 0}05d44c0e-1782-4690-a3a2-3f7220b81a92{ip: 10.1.1.170, host: fv-az41-820.zje5jq5y5x4uznwvdkgxk4wc2h.cx.internal.cloudapp.net, ports: [REPLICATION=42307, RATIS=38247, RATIS_ADMIN=38247, RATIS_SERVER=38247, STANDALONE=35439], networkLocation: /default-rack, certSerialId: null, persistedOpState: IN_SERVICE, persistedOpStateExpiryEpochSec: 0}dfcf168e-5082-4f01-a2db-1567ea82e82e{ip: 10.1.1.170, host: fv-az41-820.zje5jq5y5x4uznwvdkgxk4wc2h.cx.internal.cloudapp.net, ports: [REPLICATION=32809, RATIS=43507, RATIS_ADMIN=43507, RATIS_SERVER=43507, STANDALONE=44991], networkLocation: /default-rack, certSerialId: null, persistedOpState: IN_SERVICE, persistedOpStateExpiryEpochSec: 0}, ReplicationConfig: RATIS/THREE, State:CLOSED, leaderId:2bc1abba-7388-4eaf-8abd-93bce01f8f00, CreationTimestamp2022-08-27T01:04:13.431Z[Etc/UTC]] removed.
2022-08-27 01:04:25,284 [Listener at 127.0.0.1/46359] INFO  ozoneimpl.OzoneContainer (OzoneContainer.java:buildContainerSet(299)) - Build ContainerSet costs 0s
2022-08-27 01:04:25,289 [Listener at 127.0.0.1/46359] INFO  server.RaftServer (ConfUtils.java:logGet(46)) - raft.rpc.type = GRPC (default)
2022-08-27 01:04:25,289 [Listener at 127.0.0.1/46359] INFO  grpc.GrpcFactory (GrpcFactory.java:checkPooledByteBufAllocatorUseCacheForAllThreads(48)) - PERFORMANCE WARNING: useCacheForAllThreads is true that may cause Netty to create a lot garbage objects and, as a result, trigger GC.
	It is recommended to disable useCacheForAllThreads by setting -Dorg.apache.ratis.thirdparty.io.netty.allocator.useCacheForAllThreads=false in command line.
2022-08-27 01:04:25,289 [Listener at 127.0.0.1/46359] INFO  grpc.GrpcConfigKeys (ConfUtils.java:logGet(46)) - raft.grpc.admin.port = 0 (custom)
2022-08-27 01:04:25,289 [Listener at 127.0.0.1/46359] INFO  grpc.GrpcConfigKeys (ConfUtils.java:logGet(46)) - raft.grpc.client.port = 0 (custom)
2022-08-27 01:04:25,289 [Listener at 127.0.0.1/46359] INFO  grpc.GrpcConfigKeys (ConfUtils.java:logGet(46)) - raft.grpc.server.port = 0 (default)
2022-08-27 01:04:25,289 [Listener at 127.0.0.1/46359] INFO  server.GrpcService (ConfUtils.java:logGet(46)) - raft.grpc.message.size.max = 32MB (=33554432) (custom)
2022-08-27 01:04:25,289 [Listener at 127.0.0.1/46359] INFO  server.RaftServerConfigKeys (ConfUtils.java:logGet(46)) - raft.server.log.appender.buffer.byte-limit = 33554432 (custom)
2022-08-27 01:04:25,289 [Listener at 127.0.0.1/46359] INFO  server.GrpcService (ConfUtils.java:logGet(46)) - raft.grpc.flow.control.window = 5MB (=5242880) (custom)
2022-08-27 01:04:25,289 [Listener at 127.0.0.1/46359] INFO  server.RaftServerConfigKeys (ConfUtils.java:logGet(46)) - raft.server.rpc.request.timeout = 60s (custom)
2022-08-27 01:04:25,289 [Listener at 127.0.0.1/46359] INFO  grpc.GrpcConfigKeys (ConfUtils.java:logGet(46)) - raft.grpc.server.async.request.thread.pool.cached = true (default)
2022-08-27 01:04:25,289 [Listener at 127.0.0.1/46359] INFO  grpc.GrpcConfigKeys (ConfUtils.java:logGet(46)) - raft.grpc.server.async.request.thread.pool.size = 32 (default)
2022-08-27 01:04:25,290 [EventQueue-CloseContainerForCloseContainerEventHandler] INFO  container.CloseContainerEventHandler (CloseContainerEventHandler.java:onMessage(71)) - Close container Event triggered for container : #2
2022-08-27 01:04:25,290 [Listener at 127.0.0.1/46359] INFO  impl.DataStreamServerImpl (ConfUtils.java:logGet(46)) - raft.datastream.type = DISABLED (default)
2022-08-27 01:04:25,291 [Listener at 127.0.0.1/46359] INFO  server.RaftServerConfigKeys (ConfUtils.java:logGet(46)) - raft.server.threadpool.proxy.cached = true (default)
2022-08-27 01:04:25,291 [EventQueue-CloseContainerForCloseContainerEventHandler] INFO  container.CloseContainerEventHandler (CloseContainerEventHandler.java:onMessage(71)) - Close container Event triggered for container : #3
2022-08-27 01:04:25,291 [Listener at 127.0.0.1/46359] INFO  server.RaftServerConfigKeys (ConfUtils.java:logGet(46)) - raft.server.threadpool.proxy.size = 0 (default)
2022-08-27 01:04:25,291 [Listener at 127.0.0.1/46359] INFO  server.RaftServerConfigKeys (ConfUtils.java:logGet(46)) - raft.server.rpc.slowness.timeout = 300s (custom)
2022-08-27 01:04:25,291 [Listener at 127.0.0.1/46359] INFO  server.RaftServerConfigKeys (ConfUtils.java:logGet(46)) - raft.server.leaderelection.leader.step-down.wait-time = 10s (default)
2022-08-27 01:04:25,291 [Listener at 127.0.0.1/46359] INFO  server.RaftServerConfigKeys (ConfUtils.java:logGet(46)) - raft.server.storage.dir = [/home/runner/work/ozone/ozone/hadoop-ozone/integration-test/target/test-dir/MiniOzoneClusterImpl-6c28598a-b70a-49df-9254-251c667aa325/datanode-3/data/ratis] (custom)
2022-08-27 01:04:25,292 [Listener at 127.0.0.1/46359] INFO  server.XceiverServerGrpc (XceiverServerGrpc.java:<init>(132)) - GrpcServer channel type EpollServerSocketChannel
2022-08-27 01:04:25,297 [Listener at 127.0.0.1/46359] INFO  http.BaseHttpServer (BaseHttpServer.java:newHttpServer2BuilderForOzone(213)) - Starting Web-server for hddsDatanode at: http://0.0.0.0:0
2022-08-27 01:04:25,297 [Listener at 127.0.0.1/46359] INFO  http.BaseHttpServer (BaseHttpServer.java:<init>(108)) - Hadoop Security Enabled: false Ozone Security Enabled: false Ozone HTTP Security Enabled: false 
2022-08-27 01:04:25,298 [Listener at 127.0.0.1/46359] INFO  server.AuthenticationFilter (AuthenticationFilter.java:constructSecretProvider(240)) - Unable to initialize FileSignerSecretProvider, falling back to use random secrets.
2022-08-27 01:04:25,298 [Listener at 127.0.0.1/46359] WARN  http.HttpRequestLog (HttpRequestLog.java:getRequestLog(103)) - Jetty request log can only be enabled using Log4j
2022-08-27 01:04:25,299 [Listener at 127.0.0.1/46359] INFO  http.HttpServer2 (HttpServer2.java:addGlobalFilter(1029)) - Added global filter 'safety' (class=org.apache.hadoop.hdds.server.http.HttpServer2$QuotingInputFilter)
2022-08-27 01:04:25,300 [Listener at 127.0.0.1/46359] INFO  http.HttpServer2 (HttpServer2.java:addFilter(1005)) - Added filter static_user_filter (class=org.apache.hadoop.http.lib.StaticUserWebFilter$StaticUserFilter) to context hddsDatanode
2022-08-27 01:04:25,300 [Listener at 127.0.0.1/46359] INFO  http.HttpServer2 (HttpServer2.java:addFilter(1013)) - Added filter static_user_filter (class=org.apache.hadoop.http.lib.StaticUserWebFilter$StaticUserFilter) to context logs
2022-08-27 01:04:25,300 [Listener at 127.0.0.1/46359] INFO  http.HttpServer2 (HttpServer2.java:addFilter(1013)) - Added filter static_user_filter (class=org.apache.hadoop.http.lib.StaticUserWebFilter$StaticUserFilter) to context static
2022-08-27 01:04:25,300 [Listener at 127.0.0.1/46359] INFO  http.HttpServer2 (HttpServer2.java:bindListener(1248)) - Jetty bound to port 46237
2022-08-27 01:04:25,300 [Listener at 127.0.0.1/46359] INFO  server.Server (Server.java:doStart(375)) - jetty-9.4.43.v20210629; built: 2021-06-30T11:07:22.254Z; git: 526006ecfa3af7f1a27ef3a288e2bef7ea9dd7e8; jvm 1.8.0_345-b01
2022-08-27 01:04:25,303 [Listener at 127.0.0.1/46359] INFO  server.session (DefaultSessionIdManager.java:doStart(334)) - DefaultSessionIdManager workerName=node0
2022-08-27 01:04:25,304 [Listener at 127.0.0.1/46359] INFO  server.session (DefaultSessionIdManager.java:doStart(339)) - No SessionScavenger set, using defaults
2022-08-27 01:04:25,304 [Listener at 127.0.0.1/46359] INFO  server.session (HouseKeeper.java:startScavenging(132)) - node0 Scavenging every 660000ms
2022-08-27 01:04:25,304 [Listener at 127.0.0.1/46359] INFO  handler.ContextHandler (ContextHandler.java:doStart(915)) - Started o.e.j.s.ServletContextHandler@1002b2e5{logs,/logs,file:///home/runner/work/ozone/ozone/hadoop-ozone/integration-test/target/log,AVAILABLE}
2022-08-27 01:04:25,304 [Listener at 127.0.0.1/46359] INFO  handler.ContextHandler (ContextHandler.java:doStart(915)) - Started o.e.j.s.ServletContextHandler@7a89d417{static,/static,jar:file:/home/runner/.m2/repository/org/apache/ozone/hdds-container-service/1.3.0-SNAPSHOT/hdds-container-service-1.3.0-SNAPSHOT.jar!/webapps/static,AVAILABLE}
2022-08-27 01:04:25,417 [IPC Server handler 8 on default port 41777] INFO  node.SCMNodeManager (SCMNodeManager.java:updateDatanodeOpState(545)) - Scheduling a command to update the operationalState persisted on dfcf168e-5082-4f01-a2db-1567ea82e82e{ip: 10.1.1.170, host: fv-az41-820.zje5jq5y5x4uznwvdkgxk4wc2h.cx.internal.cloudapp.net, ports: [REPLICATION=32809, RATIS=43507, RATIS_ADMIN=43507, RATIS_SERVER=43507, STANDALONE=44991], networkLocation: /default-rack, certSerialId: null, persistedOpState: null, persistedOpStateExpiryEpochSec: 0} as the reported value does not match the value stored in SCM (DECOMMISSIONING, 0)
2022-08-27 01:04:25,418 [EventQueue-PipelineReportForPipelineReportHandler] INFO  pipeline.PipelineReportHandler (PipelineReportHandler.java:processPipelineReport(115)) - Reported pipeline PipelineID=9a55d528-00e5-49c1-9287-5c092346db41 is not found
2022-08-27 01:04:25,418 [EventQueue-PipelineReportForPipelineReportHandler] INFO  pipeline.PipelineReportHandler (PipelineReportHandler.java:processPipelineReport(115)) - Reported pipeline PipelineID=3e0d5a98-0446-4e8d-acc1-692d3a8f63c1 is not found
2022-08-27 01:04:25,475 [Listener at 127.0.0.1/46359] INFO  handler.ContextHandler (ContextHandler.java:doStart(915)) - Started o.e.j.w.WebAppContext@463a755d{hddsDatanode,/,file:///tmp/jetty-0_0_0_0-46237-hdds-container-service-1_3_0-SNAPSHOT_jar-_-any-167548773180017597/webapp/,AVAILABLE}{jar:file:/home/runner/.m2/repository/org/apache/ozone/hdds-container-service/1.3.0-SNAPSHOT/hdds-container-service-1.3.0-SNAPSHOT.jar!/webapps/hddsDatanode}
2022-08-27 01:04:25,477 [Listener at 127.0.0.1/46359] INFO  server.AbstractConnector (AbstractConnector.java:doStart(331)) - Started ServerConnector@467b0e4{HTTP/1.1, (http/1.1)}{0.0.0.0:46237}
2022-08-27 01:04:25,477 [Listener at 127.0.0.1/46359] INFO  server.Server (Server.java:doStart(415)) - Started @24165ms
2022-08-27 01:04:25,477 [Listener at 127.0.0.1/46359] WARN  impl.MetricsSystemImpl (MetricsSystemImpl.java:register(279)) - Sink prometheus already exists!
2022-08-27 01:04:25,478 [Listener at 127.0.0.1/46359] INFO  http.BaseHttpServer (BaseHttpServer.java:updateConnectorAddress(333)) - HTTP server of hddsDatanode listening at http://0.0.0.0:46237
2022-08-27 01:04:25,478 [Listener at 127.0.0.1/46359] WARN  impl.MetricRegistriesImpl (MetricRegistriesImpl.java:addReporterRegistration(111)) - New reporters are added after registries were created. Some metrics will be missing from the reporter. Please add reporter before adding any new registry.
2022-08-27 01:04:25,478 [Listener at 127.0.0.1/46359] WARN  impl.MetricRegistriesImpl (MetricRegistriesImpl.java:addReporterRegistration(111)) - New reporters are added after registries were created. Some metrics will be missing from the reporter. Please add reporter before adding any new registry.
2022-08-27 01:04:25,478 [Listener at 127.0.0.1/46359] INFO  impl.MetricsSystemImpl (MetricsSystemImpl.java:init(158)) - HddsDatanode metrics system started (again)
2022-08-27 01:04:25,480 [Datanode State Machine Daemon Thread] INFO  statemachine.DatanodeStateMachine (DatanodeStateMachine.java:lambda$startDaemon$0(492)) - Ozone container server started.
2022-08-27 01:04:25,494 [Listener at 127.0.0.1/46359] INFO  ozone.HddsDatanodeService (HddsDatanodeService.java:start(236)) - HddsDatanodeService host:fv-az41-820.zje5jq5y5x4uznwvdkgxk4wc2h.cx.internal.cloudapp.net ip:10.1.1.170
2022-08-27 01:04:25,495 [org.apache.hadoop.util.JvmPauseMonitor$Monitor@37113083] INFO  util.JvmPauseMonitor (JvmPauseMonitor.java:run(188)) - Starting JVM pause monitor
2022-08-27 01:04:25,496 [Datanode State Machine Task Thread - 0] INFO  datanode.InitDatanodeState (InitDatanodeState.java:persistContainerDatanodeDetails(138)) - DatanodeDetails is persisted to /home/runner/work/ozone/ozone/hadoop-ozone/integration-test/target/test-dir/MiniOzoneClusterImpl-6c28598a-b70a-49df-9254-251c667aa325/datanode-3/meta/datanode.id
2022-08-27 01:04:25,510 [Listener at 127.0.0.1/46359] INFO  upgrade.AbstractLayoutVersionManager (AbstractLayoutVersionManager.java:init(83)) - Initializing Layout version manager with metadata layout = DATANODE_SCHEMA_V3 (version = 4), software layout = DATANODE_SCHEMA_V3 (version = 4)
2022-08-27 01:04:25,551 [Listener at 127.0.0.1/46359] INFO  reflections.Reflections (Reflections.java:scan(232)) - Reflections took 39 ms to scan 7 urls, producing 133 keys and 322 values 
2022-08-27 01:04:25,552 [Listener at 127.0.0.1/46359] INFO  statemachine.DatanodeStateMachine (DatanodeStateMachine.java:getEndPointTaskThreadPoolSize(237)) - Datanode State Machine Task Thread Pool size 2
2022-08-27 01:04:25,557 [Listener at 127.0.0.1/46359] INFO  volume.HddsVolume (HddsVolume.java:<init>(117)) - Creating HddsVolume: /home/runner/work/ozone/ozone/hadoop-ozone/integration-test/target/test-dir/MiniOzoneClusterImpl-6c28598a-b70a-49df-9254-251c667aa325/datanode-4/data-0/containers/hdds of storage type : DISK capacity : 9223372036854775807
2022-08-27 01:04:25,557 [Listener at 127.0.0.1/46359] INFO  volume.MutableVolumeSet (MutableVolumeSet.java:initializeVolumeSet(174)) - Added Volume : /home/runner/work/ozone/ozone/hadoop-ozone/integration-test/target/test-dir/MiniOzoneClusterImpl-6c28598a-b70a-49df-9254-251c667aa325/datanode-4/data-0/containers/hdds to VolumeSet
2022-08-27 01:04:25,557 [Listener at 127.0.0.1/46359] INFO  volume.ThrottledAsyncChecker (ThrottledAsyncChecker.java:schedule(141)) - Scheduling a check for /home/runner/work/ozone/ozone/hadoop-ozone/integration-test/target/test-dir/MiniOzoneClusterImpl-6c28598a-b70a-49df-9254-251c667aa325/datanode-4/data-0/containers/hdds
2022-08-27 01:04:25,558 [Listener at 127.0.0.1/46359] INFO  volume.StorageVolumeChecker (StorageVolumeChecker.java:checkAllVolumes(202)) - Scheduled health check for volume /home/runner/work/ozone/ozone/hadoop-ozone/integration-test/target/test-dir/MiniOzoneClusterImpl-6c28598a-b70a-49df-9254-251c667aa325/datanode-4/data-0/containers/hdds
2022-08-27 01:04:25,568 [Listener at 127.0.0.1/46359] INFO  volume.MutableVolumeSet (MutableVolumeSet.java:initializeVolumeSet(174)) - Added Volume : /home/runner/work/ozone/ozone/hadoop-ozone/integration-test/target/test-dir/MiniOzoneClusterImpl-6c28598a-b70a-49df-9254-251c667aa325/datanode-4/data/ratis to VolumeSet
2022-08-27 01:04:25,568 [Listener at 127.0.0.1/46359] INFO  volume.ThrottledAsyncChecker (ThrottledAsyncChecker.java:schedule(141)) - Scheduling a check for /home/runner/work/ozone/ozone/hadoop-ozone/integration-test/target/test-dir/MiniOzoneClusterImpl-6c28598a-b70a-49df-9254-251c667aa325/datanode-4/data/ratis
2022-08-27 01:04:25,568 [Listener at 127.0.0.1/46359] INFO  volume.StorageVolumeChecker (StorageVolumeChecker.java:checkAllVolumes(202)) - Scheduled health check for volume /home/runner/work/ozone/ozone/hadoop-ozone/integration-test/target/test-dir/MiniOzoneClusterImpl-6c28598a-b70a-49df-9254-251c667aa325/datanode-4/data/ratis
2022-08-27 01:04:25,578 [Thread-695] INFO  ozoneimpl.ContainerReader (ContainerReader.java:readVolume(175)) - Finish verifying containers on volume /home/runner/work/ozone/ozone/hadoop-ozone/integration-test/target/test-dir/MiniOzoneClusterImpl-6c28598a-b70a-49df-9254-251c667aa325/datanode-4/data-0/containers/hdds
2022-08-27 01:04:25,578 [Listener at 127.0.0.1/46359] INFO  ozoneimpl.OzoneContainer (OzoneContainer.java:buildContainerSet(299)) - Build ContainerSet costs 0s
2022-08-27 01:04:25,580 [Listener at 127.0.0.1/46359] INFO  server.RaftServer (ConfUtils.java:logGet(46)) - raft.rpc.type = GRPC (default)
2022-08-27 01:04:25,580 [Listener at 127.0.0.1/46359] INFO  grpc.GrpcFactory (GrpcFactory.java:checkPooledByteBufAllocatorUseCacheForAllThreads(48)) - PERFORMANCE WARNING: useCacheForAllThreads is true that may cause Netty to create a lot garbage objects and, as a result, trigger GC.
	It is recommended to disable useCacheForAllThreads by setting -Dorg.apache.ratis.thirdparty.io.netty.allocator.useCacheForAllThreads=false in command line.
2022-08-27 01:04:25,580 [Listener at 127.0.0.1/46359] INFO  grpc.GrpcConfigKeys (ConfUtils.java:logGet(46)) - raft.grpc.admin.port = 0 (custom)
2022-08-27 01:04:25,580 [Listener at 127.0.0.1/46359] INFO  grpc.GrpcConfigKeys (ConfUtils.java:logGet(46)) - raft.grpc.client.port = 0 (custom)
2022-08-27 01:04:25,580 [Listener at 127.0.0.1/46359] INFO  grpc.GrpcConfigKeys (ConfUtils.java:logGet(46)) - raft.grpc.server.port = 0 (default)
2022-08-27 01:04:25,580 [Listener at 127.0.0.1/46359] INFO  server.GrpcService (ConfUtils.java:logGet(46)) - raft.grpc.message.size.max = 32MB (=33554432) (custom)
2022-08-27 01:04:25,580 [Listener at 127.0.0.1/46359] INFO  server.RaftServerConfigKeys (ConfUtils.java:logGet(46)) - raft.server.log.appender.buffer.byte-limit = 33554432 (custom)
2022-08-27 01:04:25,580 [Listener at 127.0.0.1/46359] INFO  server.GrpcService (ConfUtils.java:logGet(46)) - raft.grpc.flow.control.window = 5MB (=5242880) (custom)
2022-08-27 01:04:25,580 [Listener at 127.0.0.1/46359] INFO  server.RaftServerConfigKeys (ConfUtils.java:logGet(46)) - raft.server.rpc.request.timeout = 60s (custom)
2022-08-27 01:04:25,581 [Listener at 127.0.0.1/46359] INFO  grpc.GrpcConfigKeys (ConfUtils.java:logGet(46)) - raft.grpc.server.async.request.thread.pool.cached = true (default)
2022-08-27 01:04:25,581 [Listener at 127.0.0.1/46359] INFO  grpc.GrpcConfigKeys (ConfUtils.java:logGet(46)) - raft.grpc.server.async.request.thread.pool.size = 32 (default)
2022-08-27 01:04:25,581 [Listener at 127.0.0.1/46359] INFO  impl.DataStreamServerImpl (ConfUtils.java:logGet(46)) - raft.datastream.type = DISABLED (default)
2022-08-27 01:04:25,581 [Listener at 127.0.0.1/46359] INFO  server.RaftServerConfigKeys (ConfUtils.java:logGet(46)) - raft.server.threadpool.proxy.cached = true (default)
2022-08-27 01:04:25,582 [Listener at 127.0.0.1/46359] INFO  server.RaftServerConfigKeys (ConfUtils.java:logGet(46)) - raft.server.threadpool.proxy.size = 0 (default)
2022-08-27 01:04:25,582 [Listener at 127.0.0.1/46359] INFO  server.RaftServerConfigKeys (ConfUtils.java:logGet(46)) - raft.server.rpc.slowness.timeout = 300s (custom)
2022-08-27 01:04:25,582 [Listener at 127.0.0.1/46359] INFO  server.RaftServerConfigKeys (ConfUtils.java:logGet(46)) - raft.server.leaderelection.leader.step-down.wait-time = 10s (default)
2022-08-27 01:04:25,582 [Listener at 127.0.0.1/46359] INFO  server.RaftServerConfigKeys (ConfUtils.java:logGet(46)) - raft.server.storage.dir = [/home/runner/work/ozone/ozone/hadoop-ozone/integration-test/target/test-dir/MiniOzoneClusterImpl-6c28598a-b70a-49df-9254-251c667aa325/datanode-4/data/ratis] (custom)
2022-08-27 01:04:25,583 [Listener at 127.0.0.1/46359] INFO  server.XceiverServerGrpc (XceiverServerGrpc.java:<init>(132)) - GrpcServer channel type EpollServerSocketChannel
2022-08-27 01:04:25,587 [Listener at 127.0.0.1/46359] INFO  http.BaseHttpServer (BaseHttpServer.java:newHttpServer2BuilderForOzone(213)) - Starting Web-server for hddsDatanode at: http://0.0.0.0:0
2022-08-27 01:04:25,587 [Listener at 127.0.0.1/46359] INFO  http.BaseHttpServer (BaseHttpServer.java:<init>(108)) - Hadoop Security Enabled: false Ozone Security Enabled: false Ozone HTTP Security Enabled: false 
2022-08-27 01:04:25,588 [Listener at 127.0.0.1/46359] INFO  server.AuthenticationFilter (AuthenticationFilter.java:constructSecretProvider(240)) - Unable to initialize FileSignerSecretProvider, falling back to use random secrets.
2022-08-27 01:04:25,588 [Listener at 127.0.0.1/46359] WARN  http.HttpRequestLog (HttpRequestLog.java:getRequestLog(103)) - Jetty request log can only be enabled using Log4j
2022-08-27 01:04:25,589 [Listener at 127.0.0.1/46359] INFO  http.HttpServer2 (HttpServer2.java:addGlobalFilter(1029)) - Added global filter 'safety' (class=org.apache.hadoop.hdds.server.http.HttpServer2$QuotingInputFilter)
2022-08-27 01:04:25,590 [Listener at 127.0.0.1/46359] INFO  http.HttpServer2 (HttpServer2.java:addFilter(1005)) - Added filter static_user_filter (class=org.apache.hadoop.http.lib.StaticUserWebFilter$StaticUserFilter) to context hddsDatanode
2022-08-27 01:04:25,590 [Listener at 127.0.0.1/46359] INFO  http.HttpServer2 (HttpServer2.java:addFilter(1013)) - Added filter static_user_filter (class=org.apache.hadoop.http.lib.StaticUserWebFilter$StaticUserFilter) to context logs
2022-08-27 01:04:25,590 [Listener at 127.0.0.1/46359] INFO  http.HttpServer2 (HttpServer2.java:addFilter(1013)) - Added filter static_user_filter (class=org.apache.hadoop.http.lib.StaticUserWebFilter$StaticUserFilter) to context static
2022-08-27 01:04:25,590 [Listener at 127.0.0.1/46359] INFO  http.HttpServer2 (HttpServer2.java:bindListener(1248)) - Jetty bound to port 46375
2022-08-27 01:04:25,590 [Listener at 127.0.0.1/46359] INFO  server.Server (Server.java:doStart(375)) - jetty-9.4.43.v20210629; built: 2021-06-30T11:07:22.254Z; git: 526006ecfa3af7f1a27ef3a288e2bef7ea9dd7e8; jvm 1.8.0_345-b01
2022-08-27 01:04:25,593 [Listener at 127.0.0.1/46359] INFO  server.session (DefaultSessionIdManager.java:doStart(334)) - DefaultSessionIdManager workerName=node0
2022-08-27 01:04:25,593 [Listener at 127.0.0.1/46359] INFO  server.session (DefaultSessionIdManager.java:doStart(339)) - No SessionScavenger set, using defaults
2022-08-27 01:04:25,593 [Listener at 127.0.0.1/46359] INFO  server.session (HouseKeeper.java:startScavenging(132)) - node0 Scavenging every 600000ms
2022-08-27 01:04:25,594 [Listener at 127.0.0.1/46359] INFO  handler.ContextHandler (ContextHandler.java:doStart(915)) - Started o.e.j.s.ServletContextHandler@41ce00ed{logs,/logs,file:///home/runner/work/ozone/ozone/hadoop-ozone/integration-test/target/log,AVAILABLE}
2022-08-27 01:04:25,594 [Listener at 127.0.0.1/46359] INFO  handler.ContextHandler (ContextHandler.java:doStart(915)) - Started o.e.j.s.ServletContextHandler@7f279b9e{static,/static,jar:file:/home/runner/.m2/repository/org/apache/ozone/hdds-container-service/1.3.0-SNAPSHOT/hdds-container-service-1.3.0-SNAPSHOT.jar!/webapps/static,AVAILABLE}
2022-08-27 01:04:25,612 [EventQueue-PipelineReportForPipelineReportHandler] INFO  pipeline.PipelineReportHandler (PipelineReportHandler.java:processPipelineReport(115)) - Reported pipeline PipelineID=3e0d5a98-0446-4e8d-acc1-692d3a8f63c1 is not found
2022-08-27 01:04:25,642 [ReplicationMonitor] INFO  replication.ReplicationManager (ReplicationManager.java:processAll(255)) - Replication Manager is not ready to run until 3000ms after safemode exit
2022-08-27 01:04:25,781 [Listener at 127.0.0.1/46359] INFO  handler.ContextHandler (ContextHandler.java:doStart(915)) - Started o.e.j.w.WebAppContext@38d938f5{hddsDatanode,/,file:///tmp/jetty-0_0_0_0-46375-hdds-container-service-1_3_0-SNAPSHOT_jar-_-any-2540487030944098795/webapp/,AVAILABLE}{jar:file:/home/runner/.m2/repository/org/apache/ozone/hdds-container-service/1.3.0-SNAPSHOT/hdds-container-service-1.3.0-SNAPSHOT.jar!/webapps/hddsDatanode}
2022-08-27 01:04:25,785 [Listener at 127.0.0.1/46359] INFO  server.AbstractConnector (AbstractConnector.java:doStart(331)) - Started ServerConnector@536d8c9e{HTTP/1.1, (http/1.1)}{0.0.0.0:46375}
2022-08-27 01:04:25,786 [Listener at 127.0.0.1/46359] INFO  server.Server (Server.java:doStart(415)) - Started @24474ms
2022-08-27 01:04:25,786 [Listener at 127.0.0.1/46359] WARN  impl.MetricsSystemImpl (MetricsSystemImpl.java:register(279)) - Sink prometheus already exists!
2022-08-27 01:04:25,786 [Listener at 127.0.0.1/46359] INFO  http.BaseHttpServer (BaseHttpServer.java:updateConnectorAddress(333)) - HTTP server of hddsDatanode listening at http://0.0.0.0:46375
2022-08-27 01:04:25,787 [Listener at 127.0.0.1/46359] WARN  impl.MetricRegistriesImpl (MetricRegistriesImpl.java:addReporterRegistration(111)) - New reporters are added after registries were created. Some metrics will be missing from the reporter. Please add reporter before adding any new registry.
2022-08-27 01:04:25,787 [Listener at 127.0.0.1/46359] WARN  impl.MetricRegistriesImpl (MetricRegistriesImpl.java:addReporterRegistration(111)) - New reporters are added after registries were created. Some metrics will be missing from the reporter. Please add reporter before adding any new registry.
2022-08-27 01:04:25,787 [Listener at 127.0.0.1/46359] INFO  impl.MetricsSystemImpl (MetricsSystemImpl.java:init(158)) - HddsDatanode metrics system started (again)
2022-08-27 01:04:25,789 [EndpointStateMachine task thread for /0.0.0.0:40273 - 0 ] INFO  volume.HddsVolume (HddsVolume.java:createDbStore(310)) - SchemaV3 db is created and loaded at /home/runner/work/ozone/ozone/hadoop-ozone/integration-test/target/test-dir/MiniOzoneClusterImpl-6c28598a-b70a-49df-9254-251c667aa325/datanode-0/data-0/containers/hdds/6c28598a-b70a-49df-9254-251c667aa325/DS-afa17448-688f-41bb-b097-29c9309faa71/container.db for volume DS-afa17448-688f-41bb-b097-29c9309faa71
2022-08-27 01:04:25,789 [Datanode State Machine Daemon Thread] INFO  statemachine.DatanodeStateMachine (DatanodeStateMachine.java:lambda$startDaemon$0(492)) - Ozone container server started.
2022-08-27 01:04:25,791 [EndpointStateMachine task thread for /0.0.0.0:40273 - 0 ] INFO  volume.HddsVolume (HddsVolume.java:closeDbStore(341)) - SchemaV3 db is stopped at /home/runner/work/ozone/ozone/hadoop-ozone/integration-test/target/test-dir/MiniOzoneClusterImpl-6c28598a-b70a-49df-9254-251c667aa325/datanode-0/data-0/containers/hdds/6c28598a-b70a-49df-9254-251c667aa325/DS-afa17448-688f-41bb-b097-29c9309faa71/container.db for volume DS-afa17448-688f-41bb-b097-29c9309faa71
2022-08-27 01:04:25,791 [EndpointStateMachine task thread for /0.0.0.0:40273 - 0 ] INFO  ozoneimpl.OzoneContainer (OzoneContainer.java:start(377)) - Attempting to start container services.
2022-08-27 01:04:25,791 [EndpointStateMachine task thread for /0.0.0.0:40273 - 0 ] INFO  ozoneimpl.OzoneContainer (OzoneContainer.java:startContainerScrub(312)) - Background container scanner has been disabled.
2022-08-27 01:04:25,797 [EndpointStateMachine task thread for /0.0.0.0:40273 - 0 ] INFO  replication.ReplicationServer (ReplicationServer.java:start(111)) - ReplicationServer is started using port 37329
2022-08-27 01:04:25,808 [Listener at 127.0.0.1/46359] INFO  ozone.HddsDatanodeService (HddsDatanodeService.java:start(236)) - HddsDatanodeService host:fv-az41-820.zje5jq5y5x4uznwvdkgxk4wc2h.cx.internal.cloudapp.net ip:10.1.1.170
2022-08-27 01:04:25,809 [EndpointStateMachine task thread for /0.0.0.0:40273 - 0 ] INFO  ratis.XceiverServerRatis (XceiverServerRatis.java:start(481)) - Starting XceiverServerRatis a039d0ae-df73-484a-be43-6545be4aa139
2022-08-27 01:04:25,813 [EndpointStateMachine task thread for /0.0.0.0:40273 - 0 ] INFO  server.RaftServer (RaftServerProxy.java:lambda$start$6(382)) - a039d0ae-df73-484a-be43-6545be4aa139: start RPC server
2022-08-27 01:04:25,813 [org.apache.hadoop.util.JvmPauseMonitor$Monitor@1fc47379] INFO  util.JvmPauseMonitor (JvmPauseMonitor.java:run(188)) - Starting JVM pause monitor
2022-08-27 01:04:25,818 [EndpointStateMachine task thread for /0.0.0.0:40273 - 0 ] INFO  server.GrpcService (GrpcService.java:startImpl(260)) - a039d0ae-df73-484a-be43-6545be4aa139: GrpcService started, listening on 35103
2022-08-27 01:04:25,817 [Datanode State Machine Task Thread - 0] INFO  datanode.InitDatanodeState (InitDatanodeState.java:persistContainerDatanodeDetails(138)) - DatanodeDetails is persisted to /home/runner/work/ozone/ozone/hadoop-ozone/integration-test/target/test-dir/MiniOzoneClusterImpl-6c28598a-b70a-49df-9254-251c667aa325/datanode-4/meta/datanode.id
2022-08-27 01:04:25,820 [EndpointStateMachine task thread for /0.0.0.0:40273 - 0 ] INFO  ratis.XceiverServerRatis (XceiverServerRatis.java:getRealPort(502)) - XceiverServerRatis a039d0ae-df73-484a-be43-6545be4aa139 is started using port 35103 for RATIS
2022-08-27 01:04:25,820 [EndpointStateMachine task thread for /0.0.0.0:40273 - 0 ] INFO  ratis.XceiverServerRatis (XceiverServerRatis.java:getRealPort(502)) - XceiverServerRatis a039d0ae-df73-484a-be43-6545be4aa139 is started using port 35103 for RATIS_ADMIN
2022-08-27 01:04:25,820 [EndpointStateMachine task thread for /0.0.0.0:40273 - 0 ] INFO  ratis.XceiverServerRatis (XceiverServerRatis.java:getRealPort(502)) - XceiverServerRatis a039d0ae-df73-484a-be43-6545be4aa139 is started using port 35103 for RATIS_SERVER
2022-08-27 01:04:25,825 [org.apache.ratis.util.JvmPauseMonitor$$Lambda$715/1595744513@1fd6d353] INFO  util.JvmPauseMonitor (JvmPauseMonitor.java:run(103)) - JvmPauseMonitor-a039d0ae-df73-484a-be43-6545be4aa139: Started
2022-08-27 01:04:25,825 [EndpointStateMachine task thread for /0.0.0.0:40273 - 0 ] INFO  server.XceiverServerGrpc (XceiverServerGrpc.java:start(180)) - XceiverServerGrpc a039d0ae-df73-484a-be43-6545be4aa139 is started using port 36133
2022-08-27 01:04:25,834 [Listener at 127.0.0.1/46359] INFO  upgrade.AbstractLayoutVersionManager (AbstractLayoutVersionManager.java:init(83)) - Initializing Layout version manager with metadata layout = DATANODE_SCHEMA_V3 (version = 4), software layout = DATANODE_SCHEMA_V3 (version = 4)
2022-08-27 01:04:25,874 [Listener at 127.0.0.1/46359] INFO  reflections.Reflections (Reflections.java:scan(232)) - Reflections took 39 ms to scan 7 urls, producing 133 keys and 322 values 
2022-08-27 01:04:25,875 [Listener at 127.0.0.1/46359] INFO  statemachine.DatanodeStateMachine (DatanodeStateMachine.java:getEndPointTaskThreadPoolSize(237)) - Datanode State Machine Task Thread Pool size 2
2022-08-27 01:04:25,878 [Listener at 127.0.0.1/46359] INFO  volume.HddsVolume (HddsVolume.java:<init>(117)) - Creating HddsVolume: /home/runner/work/ozone/ozone/hadoop-ozone/integration-test/target/test-dir/MiniOzoneClusterImpl-6c28598a-b70a-49df-9254-251c667aa325/datanode-5/data-0/containers/hdds of storage type : DISK capacity : 9223372036854775807
2022-08-27 01:04:25,879 [Listener at 127.0.0.1/46359] INFO  volume.MutableVolumeSet (MutableVolumeSet.java:initializeVolumeSet(174)) - Added Volume : /home/runner/work/ozone/ozone/hadoop-ozone/integration-test/target/test-dir/MiniOzoneClusterImpl-6c28598a-b70a-49df-9254-251c667aa325/datanode-5/data-0/containers/hdds to VolumeSet
2022-08-27 01:04:25,879 [Listener at 127.0.0.1/46359] INFO  volume.ThrottledAsyncChecker (ThrottledAsyncChecker.java:schedule(141)) - Scheduling a check for /home/runner/work/ozone/ozone/hadoop-ozone/integration-test/target/test-dir/MiniOzoneClusterImpl-6c28598a-b70a-49df-9254-251c667aa325/datanode-5/data-0/containers/hdds
2022-08-27 01:04:25,880 [Listener at 127.0.0.1/46359] INFO  volume.StorageVolumeChecker (StorageVolumeChecker.java:checkAllVolumes(202)) - Scheduled health check for volume /home/runner/work/ozone/ozone/hadoop-ozone/integration-test/target/test-dir/MiniOzoneClusterImpl-6c28598a-b70a-49df-9254-251c667aa325/datanode-5/data-0/containers/hdds
2022-08-27 01:04:25,890 [Listener at 127.0.0.1/46359] INFO  volume.MutableVolumeSet (MutableVolumeSet.java:initializeVolumeSet(174)) - Added Volume : /home/runner/work/ozone/ozone/hadoop-ozone/integration-test/target/test-dir/MiniOzoneClusterImpl-6c28598a-b70a-49df-9254-251c667aa325/datanode-5/data/ratis to VolumeSet
2022-08-27 01:04:25,890 [Listener at 127.0.0.1/46359] INFO  volume.ThrottledAsyncChecker (ThrottledAsyncChecker.java:schedule(141)) - Scheduling a check for /home/runner/work/ozone/ozone/hadoop-ozone/integration-test/target/test-dir/MiniOzoneClusterImpl-6c28598a-b70a-49df-9254-251c667aa325/datanode-5/data/ratis
2022-08-27 01:04:25,890 [Listener at 127.0.0.1/46359] INFO  volume.StorageVolumeChecker (StorageVolumeChecker.java:checkAllVolumes(202)) - Scheduled health check for volume /home/runner/work/ozone/ozone/hadoop-ozone/integration-test/target/test-dir/MiniOzoneClusterImpl-6c28598a-b70a-49df-9254-251c667aa325/datanode-5/data/ratis
2022-08-27 01:04:25,900 [Thread-714] INFO  ozoneimpl.ContainerReader (ContainerReader.java:readVolume(175)) - Finish verifying containers on volume /home/runner/work/ozone/ozone/hadoop-ozone/integration-test/target/test-dir/MiniOzoneClusterImpl-6c28598a-b70a-49df-9254-251c667aa325/datanode-5/data-0/containers/hdds
2022-08-27 01:04:25,900 [Listener at 127.0.0.1/46359] INFO  ozoneimpl.OzoneContainer (OzoneContainer.java:buildContainerSet(299)) - Build ContainerSet costs 0s
2022-08-27 01:04:25,902 [Listener at 127.0.0.1/46359] INFO  server.RaftServer (ConfUtils.java:logGet(46)) - raft.rpc.type = GRPC (default)
2022-08-27 01:04:25,902 [Listener at 127.0.0.1/46359] INFO  grpc.GrpcFactory (GrpcFactory.java:checkPooledByteBufAllocatorUseCacheForAllThreads(48)) - PERFORMANCE WARNING: useCacheForAllThreads is true that may cause Netty to create a lot garbage objects and, as a result, trigger GC.
	It is recommended to disable useCacheForAllThreads by setting -Dorg.apache.ratis.thirdparty.io.netty.allocator.useCacheForAllThreads=false in command line.
2022-08-27 01:04:25,902 [Listener at 127.0.0.1/46359] INFO  grpc.GrpcConfigKeys (ConfUtils.java:logGet(46)) - raft.grpc.admin.port = 0 (custom)
2022-08-27 01:04:25,902 [Listener at 127.0.0.1/46359] INFO  grpc.GrpcConfigKeys (ConfUtils.java:logGet(46)) - raft.grpc.client.port = 0 (custom)
2022-08-27 01:04:25,902 [Listener at 127.0.0.1/46359] INFO  grpc.GrpcConfigKeys (ConfUtils.java:logGet(46)) - raft.grpc.server.port = 0 (default)
2022-08-27 01:04:25,902 [Listener at 127.0.0.1/46359] INFO  server.GrpcService (ConfUtils.java:logGet(46)) - raft.grpc.message.size.max = 32MB (=33554432) (custom)
2022-08-27 01:04:25,903 [Listener at 127.0.0.1/46359] INFO  server.RaftServerConfigKeys (ConfUtils.java:logGet(46)) - raft.server.log.appender.buffer.byte-limit = 33554432 (custom)
2022-08-27 01:04:25,903 [Listener at 127.0.0.1/46359] INFO  server.GrpcService (ConfUtils.java:logGet(46)) - raft.grpc.flow.control.window = 5MB (=5242880) (custom)
2022-08-27 01:04:25,903 [Listener at 127.0.0.1/46359] INFO  server.RaftServerConfigKeys (ConfUtils.java:logGet(46)) - raft.server.rpc.request.timeout = 60s (custom)
2022-08-27 01:04:25,903 [Listener at 127.0.0.1/46359] INFO  grpc.GrpcConfigKeys (ConfUtils.java:logGet(46)) - raft.grpc.server.async.request.thread.pool.cached = true (default)
2022-08-27 01:04:25,903 [Listener at 127.0.0.1/46359] INFO  grpc.GrpcConfigKeys (ConfUtils.java:logGet(46)) - raft.grpc.server.async.request.thread.pool.size = 32 (default)
2022-08-27 01:04:25,904 [Listener at 127.0.0.1/46359] INFO  impl.DataStreamServerImpl (ConfUtils.java:logGet(46)) - raft.datastream.type = DISABLED (default)
2022-08-27 01:04:25,904 [Listener at 127.0.0.1/46359] INFO  server.RaftServerConfigKeys (ConfUtils.java:logGet(46)) - raft.server.threadpool.proxy.cached = true (default)
2022-08-27 01:04:25,904 [Listener at 127.0.0.1/46359] INFO  server.RaftServerConfigKeys (ConfUtils.java:logGet(46)) - raft.server.threadpool.proxy.size = 0 (default)
2022-08-27 01:04:25,904 [Listener at 127.0.0.1/46359] INFO  server.RaftServerConfigKeys (ConfUtils.java:logGet(46)) - raft.server.rpc.slowness.timeout = 300s (custom)
2022-08-27 01:04:25,904 [Listener at 127.0.0.1/46359] INFO  server.RaftServerConfigKeys (ConfUtils.java:logGet(46)) - raft.server.leaderelection.leader.step-down.wait-time = 10s (default)
2022-08-27 01:04:25,904 [Listener at 127.0.0.1/46359] INFO  server.RaftServerConfigKeys (ConfUtils.java:logGet(46)) - raft.server.storage.dir = [/home/runner/work/ozone/ozone/hadoop-ozone/integration-test/target/test-dir/MiniOzoneClusterImpl-6c28598a-b70a-49df-9254-251c667aa325/datanode-5/data/ratis] (custom)
2022-08-27 01:04:25,907 [Listener at 127.0.0.1/46359] INFO  server.XceiverServerGrpc (XceiverServerGrpc.java:<init>(132)) - GrpcServer channel type EpollServerSocketChannel
2022-08-27 01:04:25,910 [Listener at 127.0.0.1/46359] INFO  http.BaseHttpServer (BaseHttpServer.java:newHttpServer2BuilderForOzone(213)) - Starting Web-server for hddsDatanode at: http://0.0.0.0:0
2022-08-27 01:04:25,910 [Listener at 127.0.0.1/46359] INFO  http.BaseHttpServer (BaseHttpServer.java:<init>(108)) - Hadoop Security Enabled: false Ozone Security Enabled: false Ozone HTTP Security Enabled: false 
2022-08-27 01:04:25,911 [Listener at 127.0.0.1/46359] INFO  server.AuthenticationFilter (AuthenticationFilter.java:constructSecretProvider(240)) - Unable to initialize FileSignerSecretProvider, falling back to use random secrets.
2022-08-27 01:04:25,911 [Listener at 127.0.0.1/46359] WARN  http.HttpRequestLog (HttpRequestLog.java:getRequestLog(103)) - Jetty request log can only be enabled using Log4j
2022-08-27 01:04:25,912 [Listener at 127.0.0.1/46359] INFO  http.HttpServer2 (HttpServer2.java:addGlobalFilter(1029)) - Added global filter 'safety' (class=org.apache.hadoop.hdds.server.http.HttpServer2$QuotingInputFilter)
2022-08-27 01:04:25,913 [Listener at 127.0.0.1/46359] INFO  http.HttpServer2 (HttpServer2.java:addFilter(1005)) - Added filter static_user_filter (class=org.apache.hadoop.http.lib.StaticUserWebFilter$StaticUserFilter) to context hddsDatanode
2022-08-27 01:04:25,913 [Listener at 127.0.0.1/46359] INFO  http.HttpServer2 (HttpServer2.java:addFilter(1013)) - Added filter static_user_filter (class=org.apache.hadoop.http.lib.StaticUserWebFilter$StaticUserFilter) to context logs
2022-08-27 01:04:25,913 [Listener at 127.0.0.1/46359] INFO  http.HttpServer2 (HttpServer2.java:addFilter(1013)) - Added filter static_user_filter (class=org.apache.hadoop.http.lib.StaticUserWebFilter$StaticUserFilter) to context static
2022-08-27 01:04:25,914 [Listener at 127.0.0.1/46359] INFO  http.HttpServer2 (HttpServer2.java:bindListener(1248)) - Jetty bound to port 34047
2022-08-27 01:04:25,914 [Listener at 127.0.0.1/46359] INFO  server.Server (Server.java:doStart(375)) - jetty-9.4.43.v20210629; built: 2021-06-30T11:07:22.254Z; git: 526006ecfa3af7f1a27ef3a288e2bef7ea9dd7e8; jvm 1.8.0_345-b01
2022-08-27 01:04:25,915 [Listener at 127.0.0.1/46359] INFO  server.session (DefaultSessionIdManager.java:doStart(334)) - DefaultSessionIdManager workerName=node0
2022-08-27 01:04:25,915 [Listener at 127.0.0.1/46359] INFO  server.session (DefaultSessionIdManager.java:doStart(339)) - No SessionScavenger set, using defaults
2022-08-27 01:04:25,915 [Listener at 127.0.0.1/46359] INFO  server.session (HouseKeeper.java:startScavenging(132)) - node0 Scavenging every 600000ms
2022-08-27 01:04:25,916 [Listener at 127.0.0.1/46359] INFO  handler.ContextHandler (ContextHandler.java:doStart(915)) - Started o.e.j.s.ServletContextHandler@7c0b0179{logs,/logs,file:///home/runner/work/ozone/ozone/hadoop-ozone/integration-test/target/log,AVAILABLE}
2022-08-27 01:04:25,916 [Listener at 127.0.0.1/46359] INFO  handler.ContextHandler (ContextHandler.java:doStart(915)) - Started o.e.j.s.ServletContextHandler@624d3630{static,/static,jar:file:/home/runner/.m2/repository/org/apache/ozone/hdds-container-service/1.3.0-SNAPSHOT/hdds-container-service-1.3.0-SNAPSHOT.jar!/webapps/static,AVAILABLE}
2022-08-27 01:04:26,086 [Listener at 127.0.0.1/46359] INFO  handler.ContextHandler (ContextHandler.java:doStart(915)) - Started o.e.j.w.WebAppContext@bf28031{hddsDatanode,/,file:///tmp/jetty-0_0_0_0-34047-hdds-container-service-1_3_0-SNAPSHOT_jar-_-any-1386595598089519326/webapp/,AVAILABLE}{jar:file:/home/runner/.m2/repository/org/apache/ozone/hdds-container-service/1.3.0-SNAPSHOT/hdds-container-service-1.3.0-SNAPSHOT.jar!/webapps/hddsDatanode}
2022-08-27 01:04:26,087 [Listener at 127.0.0.1/46359] INFO  server.AbstractConnector (AbstractConnector.java:doStart(331)) - Started ServerConnector@72f38df1{HTTP/1.1, (http/1.1)}{0.0.0.0:34047}
2022-08-27 01:04:26,087 [Listener at 127.0.0.1/46359] INFO  server.Server (Server.java:doStart(415)) - Started @24776ms
2022-08-27 01:04:26,087 [Listener at 127.0.0.1/46359] WARN  impl.MetricsSystemImpl (MetricsSystemImpl.java:register(279)) - Sink prometheus already exists!
2022-08-27 01:04:26,088 [Listener at 127.0.0.1/46359] INFO  http.BaseHttpServer (BaseHttpServer.java:updateConnectorAddress(333)) - HTTP server of hddsDatanode listening at http://0.0.0.0:34047
2022-08-27 01:04:26,090 [Datanode State Machine Daemon Thread] INFO  statemachine.DatanodeStateMachine (DatanodeStateMachine.java:lambda$startDaemon$0(492)) - Ozone container server started.
2022-08-27 01:04:26,092 [Listener at 127.0.0.1/46359] INFO  ozone.MiniOzoneClusterImpl (MiniOzoneClusterImpl.java:lambda$waitForClusterToBeReady$0(216)) - Waiting for nodes to be ready. Got 0 of 6 DN Heartbeats.
2022-08-27 01:04:26,092 [Listener at 127.0.0.1/46359] INFO  ozone.MiniOzoneClusterImpl (MiniOzoneClusterImpl.java:lambda$waitForClusterToBeReady$0(219)) - Waiting for cluster to exit safe mode
2022-08-27 01:04:26,092 [Listener at 127.0.0.1/46359] INFO  ozone.MiniOzoneClusterImpl (MiniOzoneClusterImpl.java:lambda$waitForClusterToBeReady$0(221)) - SCM became leader
2022-08-27 01:04:26,092 [org.apache.hadoop.util.JvmPauseMonitor$Monitor@153d6530] INFO  util.JvmPauseMonitor (JvmPauseMonitor.java:run(188)) - Starting JVM pause monitor
2022-08-27 01:04:26,093 [Datanode State Machine Task Thread - 0] INFO  datanode.InitDatanodeState (InitDatanodeState.java:persistContainerDatanodeDetails(138)) - DatanodeDetails is persisted to /home/runner/work/ozone/ozone/hadoop-ozone/integration-test/target/test-dir/MiniOzoneClusterImpl-6c28598a-b70a-49df-9254-251c667aa325/datanode-5/meta/datanode.id
2022-08-27 01:04:26,256 [ReplicationMonitor] INFO  replication.LegacyReplicationManager (LegacyReplicationManager.java:sendCloseCommand(1512)) - Sending close container command for container #1 to datanode dfcf168e-5082-4f01-a2db-1567ea82e82e{ip: 10.1.1.170, host: fv-az41-820.zje5jq5y5x4uznwvdkgxk4wc2h.cx.internal.cloudapp.net, ports: [REPLICATION=32809, RATIS=43507, RATIS_ADMIN=43507, RATIS_SERVER=43507, STANDALONE=44991], networkLocation: /default-rack, certSerialId: null, persistedOpState: IN_SERVICE, persistedOpStateExpiryEpochSec: 0}.
2022-08-27 01:04:26,256 [ReplicationMonitor] INFO  replication.LegacyReplicationManager (LegacyReplicationManager.java:sendCloseCommand(1512)) - Sending close container command for container #1 to datanode 05d44c0e-1782-4690-a3a2-3f7220b81a92{ip: 10.1.1.170, host: fv-az41-820.zje5jq5y5x4uznwvdkgxk4wc2h.cx.internal.cloudapp.net, ports: [REPLICATION=42307, RATIS=38247, RATIS_ADMIN=38247, RATIS_SERVER=38247, STANDALONE=35439], networkLocation: /default-rack, certSerialId: null, persistedOpState: IN_SERVICE, persistedOpStateExpiryEpochSec: 0}.
2022-08-27 01:04:26,256 [ReplicationMonitor] INFO  replication.LegacyReplicationManager (LegacyReplicationManager.java:sendCloseCommand(1512)) - Sending close container command for container #1 to datanode 2bc1abba-7388-4eaf-8abd-93bce01f8f00{ip: 10.1.1.170, host: fv-az41-820.zje5jq5y5x4uznwvdkgxk4wc2h.cx.internal.cloudapp.net, ports: [REPLICATION=38427, RATIS=41545, RATIS_ADMIN=41545, RATIS_SERVER=41545, STANDALONE=42701], networkLocation: /default-rack, certSerialId: null, persistedOpState: IN_SERVICE, persistedOpStateExpiryEpochSec: 0}.
2022-08-27 01:04:26,256 [ReplicationMonitor] INFO  replication.LegacyReplicationManager (LegacyReplicationManager.java:sendCloseCommand(1512)) - Sending close container command for container #2 to datanode dfcf168e-5082-4f01-a2db-1567ea82e82e{ip: 10.1.1.170, host: fv-az41-820.zje5jq5y5x4uznwvdkgxk4wc2h.cx.internal.cloudapp.net, ports: [REPLICATION=32809, RATIS=43507, RATIS_ADMIN=43507, RATIS_SERVER=43507, STANDALONE=44991], networkLocation: /default-rack, certSerialId: null, persistedOpState: IN_SERVICE, persistedOpStateExpiryEpochSec: 0}.
2022-08-27 01:04:26,256 [ReplicationMonitor] INFO  replication.LegacyReplicationManager (LegacyReplicationManager.java:sendCloseCommand(1512)) - Sending close container command for container #2 to datanode 05d44c0e-1782-4690-a3a2-3f7220b81a92{ip: 10.1.1.170, host: fv-az41-820.zje5jq5y5x4uznwvdkgxk4wc2h.cx.internal.cloudapp.net, ports: [REPLICATION=42307, RATIS=38247, RATIS_ADMIN=38247, RATIS_SERVER=38247, STANDALONE=35439], networkLocation: /default-rack, certSerialId: null, persistedOpState: IN_SERVICE, persistedOpStateExpiryEpochSec: 0}.
2022-08-27 01:04:26,256 [ReplicationMonitor] INFO  replication.LegacyReplicationManager (LegacyReplicationManager.java:sendCloseCommand(1512)) - Sending close container command for container #2 to datanode 2bc1abba-7388-4eaf-8abd-93bce01f8f00{ip: 10.1.1.170, host: fv-az41-820.zje5jq5y5x4uznwvdkgxk4wc2h.cx.internal.cloudapp.net, ports: [REPLICATION=38427, RATIS=41545, RATIS_ADMIN=41545, RATIS_SERVER=41545, STANDALONE=42701], networkLocation: /default-rack, certSerialId: null, persistedOpState: IN_SERVICE, persistedOpStateExpiryEpochSec: 0}.
2022-08-27 01:04:26,256 [ReplicationMonitor] INFO  replication.LegacyReplicationManager (LegacyReplicationManager.java:sendCloseCommand(1512)) - Sending close container command for container #3 to datanode 05d44c0e-1782-4690-a3a2-3f7220b81a92{ip: 10.1.1.170, host: fv-az41-820.zje5jq5y5x4uznwvdkgxk4wc2h.cx.internal.cloudapp.net, ports: [REPLICATION=42307, RATIS=38247, RATIS_ADMIN=38247, RATIS_SERVER=38247, STANDALONE=35439], networkLocation: /default-rack, certSerialId: null, persistedOpState: IN_SERVICE, persistedOpStateExpiryEpochSec: 0}.
2022-08-27 01:04:26,256 [ReplicationMonitor] INFO  replication.LegacyReplicationManager (LegacyReplicationManager.java:sendCloseCommand(1512)) - Sending close container command for container #3 to datanode dfcf168e-5082-4f01-a2db-1567ea82e82e{ip: 10.1.1.170, host: fv-az41-820.zje5jq5y5x4uznwvdkgxk4wc2h.cx.internal.cloudapp.net, ports: [REPLICATION=32809, RATIS=43507, RATIS_ADMIN=43507, RATIS_SERVER=43507, STANDALONE=44991], networkLocation: /default-rack, certSerialId: null, persistedOpState: IN_SERVICE, persistedOpStateExpiryEpochSec: 0}.
2022-08-27 01:04:26,256 [ReplicationMonitor] INFO  replication.LegacyReplicationManager (LegacyReplicationManager.java:sendCloseCommand(1512)) - Sending close container command for container #3 to datanode 2bc1abba-7388-4eaf-8abd-93bce01f8f00{ip: 10.1.1.170, host: fv-az41-820.zje5jq5y5x4uznwvdkgxk4wc2h.cx.internal.cloudapp.net, ports: [REPLICATION=38427, RATIS=41545, RATIS_ADMIN=41545, RATIS_SERVER=41545, STANDALONE=42701], networkLocation: /default-rack, certSerialId: null, persistedOpState: IN_SERVICE, persistedOpStateExpiryEpochSec: 0}.
2022-08-27 01:04:26,256 [ReplicationMonitor] INFO  replication.ReplicationManager (ReplicationManager.java:processAll(293)) - Replication Monitor Thread took 1 milliseconds for processing 3 containers.
2022-08-27 01:04:26,264 [DatanodeAdminManager-0] INFO  node.DatanodeAdminMonitorImpl (DatanodeAdminMonitorImpl.java:run(148)) - There are 1 nodes tracked for decommission and maintenance. 0 pending nodes.
2022-08-27 01:04:26,399 [EndpointStateMachine task thread for /0.0.0.0:40273 - 0 ] INFO  volume.HddsVolume (HddsVolume.java:createDbStore(310)) - SchemaV3 db is created and loaded at /home/runner/work/ozone/ozone/hadoop-ozone/integration-test/target/test-dir/MiniOzoneClusterImpl-6c28598a-b70a-49df-9254-251c667aa325/datanode-1/data-0/containers/hdds/6c28598a-b70a-49df-9254-251c667aa325/DS-73b6b3bd-27fd-46d6-8619-918f9c88709a/container.db for volume DS-73b6b3bd-27fd-46d6-8619-918f9c88709a
2022-08-27 01:04:26,400 [EndpointStateMachine task thread for /0.0.0.0:40273 - 0 ] INFO  volume.HddsVolume (HddsVolume.java:closeDbStore(341)) - SchemaV3 db is stopped at /home/runner/work/ozone/ozone/hadoop-ozone/integration-test/target/test-dir/MiniOzoneClusterImpl-6c28598a-b70a-49df-9254-251c667aa325/datanode-1/data-0/containers/hdds/6c28598a-b70a-49df-9254-251c667aa325/DS-73b6b3bd-27fd-46d6-8619-918f9c88709a/container.db for volume DS-73b6b3bd-27fd-46d6-8619-918f9c88709a
2022-08-27 01:04:26,400 [EndpointStateMachine task thread for /0.0.0.0:40273 - 0 ] INFO  ozoneimpl.OzoneContainer (OzoneContainer.java:start(377)) - Attempting to start container services.
2022-08-27 01:04:26,401 [EndpointStateMachine task thread for /0.0.0.0:40273 - 0 ] INFO  ozoneimpl.OzoneContainer (OzoneContainer.java:startContainerScrub(312)) - Background container scanner has been disabled.
2022-08-27 01:04:26,402 [EndpointStateMachine task thread for /0.0.0.0:40273 - 0 ] INFO  replication.ReplicationServer (ReplicationServer.java:start(111)) - ReplicationServer is started using port 40661
2022-08-27 01:04:26,402 [EndpointStateMachine task thread for /0.0.0.0:40273 - 0 ] INFO  ratis.XceiverServerRatis (XceiverServerRatis.java:start(481)) - Starting XceiverServerRatis aacd29cb-552c-424c-841b-ce75a537e611
2022-08-27 01:04:26,403 [EndpointStateMachine task thread for /0.0.0.0:40273 - 0 ] INFO  server.RaftServer (RaftServerProxy.java:lambda$start$6(382)) - aacd29cb-552c-424c-841b-ce75a537e611: start RPC server
2022-08-27 01:04:26,405 [EndpointStateMachine task thread for /0.0.0.0:40273 - 0 ] INFO  server.GrpcService (GrpcService.java:startImpl(260)) - aacd29cb-552c-424c-841b-ce75a537e611: GrpcService started, listening on 39611
2022-08-27 01:04:26,405 [EndpointStateMachine task thread for /0.0.0.0:40273 - 0 ] INFO  ratis.XceiverServerRatis (XceiverServerRatis.java:getRealPort(502)) - XceiverServerRatis aacd29cb-552c-424c-841b-ce75a537e611 is started using port 39611 for RATIS
2022-08-27 01:04:26,405 [EndpointStateMachine task thread for /0.0.0.0:40273 - 0 ] INFO  ratis.XceiverServerRatis (XceiverServerRatis.java:getRealPort(502)) - XceiverServerRatis aacd29cb-552c-424c-841b-ce75a537e611 is started using port 39611 for RATIS_ADMIN
2022-08-27 01:04:26,405 [org.apache.ratis.util.JvmPauseMonitor$$Lambda$715/1595744513@31051473] INFO  util.JvmPauseMonitor (JvmPauseMonitor.java:run(103)) - JvmPauseMonitor-aacd29cb-552c-424c-841b-ce75a537e611: Started
2022-08-27 01:04:26,405 [EndpointStateMachine task thread for /0.0.0.0:40273 - 0 ] INFO  ratis.XceiverServerRatis (XceiverServerRatis.java:getRealPort(502)) - XceiverServerRatis aacd29cb-552c-424c-841b-ce75a537e611 is started using port 39611 for RATIS_SERVER
2022-08-27 01:04:26,406 [EndpointStateMachine task thread for /0.0.0.0:40273 - 0 ] INFO  server.XceiverServerGrpc (XceiverServerGrpc.java:start(180)) - XceiverServerGrpc aacd29cb-552c-424c-841b-ce75a537e611 is started using port 41227
2022-08-27 01:04:26,416 [Command processor thread] INFO  server.RaftServer (RaftServerProxy.java:remove(107)) - dfcf168e-5082-4f01-a2db-1567ea82e82e: remove    LEADER dfcf168e-5082-4f01-a2db-1567ea82e82e@group-5C092346DB41:t1, leader=dfcf168e-5082-4f01-a2db-1567ea82e82e, voted=dfcf168e-5082-4f01-a2db-1567ea82e82e, raftlog=dfcf168e-5082-4f01-a2db-1567ea82e82e@group-5C092346DB41-SegmentedRaftLog:OPENED:c0, conf=0: [dfcf168e-5082-4f01-a2db-1567ea82e82e|rpc:10.1.1.170:43507|dataStream:|priority:1], old=null RUNNING
2022-08-27 01:04:26,417 [Command processor thread] INFO  server.RaftServer$Division (RaftServerImpl.java:lambda$close$4(434)) - dfcf168e-5082-4f01-a2db-1567ea82e82e@group-5C092346DB41: shutdown
2022-08-27 01:04:26,418 [Command processor thread] INFO  util.JmxRegister (JmxRegister.java:unregister(73)) - Successfully un-registered JMX Bean with object name Ratis:service=RaftServer,group=group-5C092346DB41,id=dfcf168e-5082-4f01-a2db-1567ea82e82e
2022-08-27 01:04:26,418 [Command processor thread] INFO  impl.RoleInfo (RoleInfo.java:shutdownLeaderState(93)) - dfcf168e-5082-4f01-a2db-1567ea82e82e: shutdown dfcf168e-5082-4f01-a2db-1567ea82e82e@group-5C092346DB41-LeaderStateImpl
2022-08-27 01:04:26,418 [IPC Server handler 14 on default port 41777] INFO  node.SCMNodeManager (SCMNodeManager.java:updateDatanodeOpState(545)) - Scheduling a command to update the operationalState persisted on dfcf168e-5082-4f01-a2db-1567ea82e82e{ip: 10.1.1.170, host: fv-az41-820.zje5jq5y5x4uznwvdkgxk4wc2h.cx.internal.cloudapp.net, ports: [REPLICATION=32809, RATIS=43507, RATIS_ADMIN=43507, RATIS_SERVER=43507, STANDALONE=44991], networkLocation: /default-rack, certSerialId: null, persistedOpState: null, persistedOpStateExpiryEpochSec: 0} as the reported value does not match the value stored in SCM (DECOMMISSIONING, 0)
2022-08-27 01:04:26,421 [Command processor thread] INFO  impl.PendingRequests (PendingRequests.java:sendNotLeaderResponses(282)) - dfcf168e-5082-4f01-a2db-1567ea82e82e@group-5C092346DB41-PendingRequests: sendNotLeaderResponses
2022-08-27 01:04:26,422 [dfcf168e-5082-4f01-a2db-1567ea82e82e@group-5C092346DB41-StateMachineUpdater] INFO  ratis.ContainerStateMachine (ContainerStateMachine.java:takeSnapshot(304)) - group-5C092346DB41: Taking a snapshot at:(t:1, i:0) file /home/runner/work/ozone/ozone/hadoop-ozone/integration-test/target/test-dir/MiniOzoneClusterImpl-06e86dd3-d7df-4a2c-b8a6-272c25fd117f/datanode-2/data/ratis/9a55d528-00e5-49c1-9287-5c092346db41/sm/snapshot.1_0
2022-08-27 01:04:26,422 [EventQueue-PipelineReportForPipelineReportHandler] INFO  pipeline.PipelineReportHandler (PipelineReportHandler.java:processPipelineReport(115)) - Reported pipeline PipelineID=9a55d528-00e5-49c1-9287-5c092346db41 is not found
2022-08-27 01:04:26,423 [EventQueue-PipelineReportForPipelineReportHandler] INFO  pipeline.PipelineReportHandler (PipelineReportHandler.java:processPipelineReport(115)) - Reported pipeline PipelineID=3e0d5a98-0446-4e8d-acc1-692d3a8f63c1 is not found
2022-08-27 01:04:26,426 [Command processor thread] INFO  impl.StateMachineUpdater (StateMachineUpdater.java:stopAndJoin(153)) - dfcf168e-5082-4f01-a2db-1567ea82e82e@group-5C092346DB41-StateMachineUpdater: set stopIndex = 0
2022-08-27 01:04:26,448 [dfcf168e-5082-4f01-a2db-1567ea82e82e@group-5C092346DB41-StateMachineUpdater] INFO  ratis.ContainerStateMachine (ContainerStateMachine.java:takeSnapshot(315)) - group-5C092346DB41: Finished taking a snapshot at:(t:1, i:0) file:/home/runner/work/ozone/ozone/hadoop-ozone/integration-test/target/test-dir/MiniOzoneClusterImpl-06e86dd3-d7df-4a2c-b8a6-272c25fd117f/datanode-2/data/ratis/9a55d528-00e5-49c1-9287-5c092346db41/sm/snapshot.1_0 took: 26 ms
2022-08-27 01:04:26,450 [dfcf168e-5082-4f01-a2db-1567ea82e82e@group-5C092346DB41-StateMachineUpdater] INFO  impl.StateMachineUpdater (StateMachineUpdater.java:takeSnapshot(287)) - dfcf168e-5082-4f01-a2db-1567ea82e82e@group-5C092346DB41-StateMachineUpdater: Took a snapshot at index 0
2022-08-27 01:04:26,451 [dfcf168e-5082-4f01-a2db-1567ea82e82e@group-5C092346DB41-StateMachineUpdater] INFO  impl.StateMachineUpdater (StateMachineUpdater.java:lambda$new$0(92)) - dfcf168e-5082-4f01-a2db-1567ea82e82e@group-5C092346DB41-StateMachineUpdater: snapshotIndex: updateIncreasingly -1 -> 0
2022-08-27 01:04:26,455 [Command processor thread] INFO  server.RaftServer$Division (ServerState.java:close(429)) - dfcf168e-5082-4f01-a2db-1567ea82e82e@group-5C092346DB41: closes. applyIndex: 0
2022-08-27 01:04:26,455 [dfcf168e-5082-4f01-a2db-1567ea82e82e@group-5C092346DB41-SegmentedRaftLogWorker] INFO  segmented.SegmentedRaftLogWorker (SegmentedRaftLogWorker.java:run(336)) - dfcf168e-5082-4f01-a2db-1567ea82e82e@group-5C092346DB41-SegmentedRaftLogWorker was interrupted, exiting. There are 0 tasks remaining in the queue.
2022-08-27 01:04:26,456 [Command processor thread] INFO  segmented.SegmentedRaftLogWorker (SegmentedRaftLogWorker.java:close(246)) - dfcf168e-5082-4f01-a2db-1567ea82e82e@group-5C092346DB41-SegmentedRaftLogWorker close()
2022-08-27 01:04:26,459 [Command processor thread] INFO  server.RaftServer$Division (RaftServerImpl.java:groupRemove(404)) - dfcf168e-5082-4f01-a2db-1567ea82e82e@group-5C092346DB41: Succeed to remove RaftStorageDirectory Storage Directory /home/runner/work/ozone/ozone/hadoop-ozone/integration-test/target/test-dir/MiniOzoneClusterImpl-06e86dd3-d7df-4a2c-b8a6-272c25fd117f/datanode-2/data/ratis/9a55d528-00e5-49c1-9287-5c092346db41
2022-08-27 01:04:26,459 [Command processor thread] INFO  commandhandler.ClosePipelineCommandHandler (ClosePipelineCommandHandler.java:handle(78)) - Close Pipeline PipelineID=9a55d528-00e5-49c1-9287-5c092346db41 command on datanode dfcf168e-5082-4f01-a2db-1567ea82e82e.
2022-08-27 01:04:26,459 [Command processor thread] INFO  server.RaftServer (RaftServerProxy.java:remove(107)) - dfcf168e-5082-4f01-a2db-1567ea82e82e: remove  FOLLOWER dfcf168e-5082-4f01-a2db-1567ea82e82e@group-692D3A8F63C1:t1, leader=2bc1abba-7388-4eaf-8abd-93bce01f8f00, voted=2bc1abba-7388-4eaf-8abd-93bce01f8f00, raftlog=dfcf168e-5082-4f01-a2db-1567ea82e82e@group-692D3A8F63C1-SegmentedRaftLog:OPENED:c78, conf=0: [05d44c0e-1782-4690-a3a2-3f7220b81a92|rpc:10.1.1.170:38247|dataStream:|priority:0, 2bc1abba-7388-4eaf-8abd-93bce01f8f00|rpc:10.1.1.170:41545|dataStream:|priority:1, dfcf168e-5082-4f01-a2db-1567ea82e82e|rpc:10.1.1.170:43507|dataStream:|priority:0], old=null RUNNING
2022-08-27 01:04:26,459 [Command processor thread] INFO  server.RaftServer$Division (RaftServerImpl.java:lambda$close$4(434)) - dfcf168e-5082-4f01-a2db-1567ea82e82e@group-692D3A8F63C1: shutdown
2022-08-27 01:04:26,459 [Command processor thread] INFO  util.JmxRegister (JmxRegister.java:unregister(73)) - Successfully un-registered JMX Bean with object name Ratis:service=RaftServer,group=group-692D3A8F63C1,id=dfcf168e-5082-4f01-a2db-1567ea82e82e
2022-08-27 01:04:26,460 [Command processor thread] INFO  impl.RoleInfo (RoleInfo.java:shutdownFollowerState(110)) - dfcf168e-5082-4f01-a2db-1567ea82e82e: shutdown dfcf168e-5082-4f01-a2db-1567ea82e82e@group-692D3A8F63C1-FollowerState
2022-08-27 01:04:26,460 [dfcf168e-5082-4f01-a2db-1567ea82e82e@group-692D3A8F63C1-FollowerState] INFO  impl.FollowerState (FollowerState.java:run(152)) - dfcf168e-5082-4f01-a2db-1567ea82e82e@group-692D3A8F63C1-FollowerState was interrupted
2022-08-27 01:04:26,461 [dfcf168e-5082-4f01-a2db-1567ea82e82e@group-692D3A8F63C1-StateMachineUpdater] INFO  ratis.ContainerStateMachine (ContainerStateMachine.java:takeSnapshot(304)) - group-692D3A8F63C1: Taking a snapshot at:(t:1, i:78) file /home/runner/work/ozone/ozone/hadoop-ozone/integration-test/target/test-dir/MiniOzoneClusterImpl-06e86dd3-d7df-4a2c-b8a6-272c25fd117f/datanode-2/data/ratis/3e0d5a98-0446-4e8d-acc1-692d3a8f63c1/sm/snapshot.1_78
2022-08-27 01:04:26,464 [Command processor thread] INFO  impl.StateMachineUpdater (StateMachineUpdater.java:stopAndJoin(153)) - dfcf168e-5082-4f01-a2db-1567ea82e82e@group-692D3A8F63C1-StateMachineUpdater: set stopIndex = 78
2022-08-27 01:04:26,464 [dfcf168e-5082-4f01-a2db-1567ea82e82e@group-692D3A8F63C1-StateMachineUpdater] INFO  ratis.ContainerStateMachine (ContainerStateMachine.java:takeSnapshot(315)) - group-692D3A8F63C1: Finished taking a snapshot at:(t:1, i:78) file:/home/runner/work/ozone/ozone/hadoop-ozone/integration-test/target/test-dir/MiniOzoneClusterImpl-06e86dd3-d7df-4a2c-b8a6-272c25fd117f/datanode-2/data/ratis/3e0d5a98-0446-4e8d-acc1-692d3a8f63c1/sm/snapshot.1_78 took: 4 ms
2022-08-27 01:04:26,464 [dfcf168e-5082-4f01-a2db-1567ea82e82e@group-692D3A8F63C1-StateMachineUpdater] INFO  impl.StateMachineUpdater (StateMachineUpdater.java:takeSnapshot(287)) - dfcf168e-5082-4f01-a2db-1567ea82e82e@group-692D3A8F63C1-StateMachineUpdater: Took a snapshot at index 78
2022-08-27 01:04:26,464 [dfcf168e-5082-4f01-a2db-1567ea82e82e@group-692D3A8F63C1-StateMachineUpdater] INFO  impl.StateMachineUpdater (StateMachineUpdater.java:lambda$new$0(92)) - dfcf168e-5082-4f01-a2db-1567ea82e82e@group-692D3A8F63C1-StateMachineUpdater: snapshotIndex: updateIncreasingly -1 -> 78
2022-08-27 01:04:26,465 [Command processor thread] INFO  server.RaftServer$Division (ServerState.java:close(429)) - dfcf168e-5082-4f01-a2db-1567ea82e82e@group-692D3A8F63C1: closes. applyIndex: 78
2022-08-27 01:04:26,466 [dfcf168e-5082-4f01-a2db-1567ea82e82e@group-692D3A8F63C1-SegmentedRaftLogWorker] INFO  segmented.SegmentedRaftLogWorker (SegmentedRaftLogWorker.java:run(336)) - dfcf168e-5082-4f01-a2db-1567ea82e82e@group-692D3A8F63C1-SegmentedRaftLogWorker was interrupted, exiting. There are 0 tasks remaining in the queue.
2022-08-27 01:04:26,466 [Command processor thread] INFO  segmented.SegmentedRaftLogWorker (SegmentedRaftLogWorker.java:close(246)) - dfcf168e-5082-4f01-a2db-1567ea82e82e@group-692D3A8F63C1-SegmentedRaftLogWorker close()
2022-08-27 01:04:26,470 [IPC Server handler 9 on default port 41777] INFO  node.SCMNodeManager (SCMNodeManager.java:updateDatanodeOpState(545)) - Scheduling a command to update the operationalState persisted on dfcf168e-5082-4f01-a2db-1567ea82e82e{ip: 10.1.1.170, host: fv-az41-820.zje5jq5y5x4uznwvdkgxk4wc2h.cx.internal.cloudapp.net, ports: [REPLICATION=32809, RATIS=43507, RATIS_ADMIN=43507, RATIS_SERVER=43507, STANDALONE=44991], networkLocation: /default-rack, certSerialId: null, persistedOpState: null, persistedOpStateExpiryEpochSec: 0} as the reported value does not match the value stored in SCM (DECOMMISSIONING, 0)
2022-08-27 01:04:26,472 [Command processor thread] INFO  keyvalue.KeyValueContainer (KeyValueContainer.java:flushAndSyncDB(436)) - Container 1 is synced with bcsId 74.
2022-08-27 01:04:26,472 [Command processor thread] INFO  keyvalue.KeyValueContainer (KeyValueContainer.java:flushAndSyncDB(436)) - Container 1 is synced with bcsId 74.
2022-08-27 01:04:26,475 [IPC Server handler 3 on default port 41777] INFO  node.SCMNodeManager (SCMNodeManager.java:updateDatanodeOpState(545)) - Scheduling a command to update the operationalState persisted on dfcf168e-5082-4f01-a2db-1567ea82e82e{ip: 10.1.1.170, host: fv-az41-820.zje5jq5y5x4uznwvdkgxk4wc2h.cx.internal.cloudapp.net, ports: [REPLICATION=32809, RATIS=43507, RATIS_ADMIN=43507, RATIS_SERVER=43507, STANDALONE=44991], networkLocation: /default-rack, certSerialId: null, persistedOpState: null, persistedOpStateExpiryEpochSec: 0} as the reported value does not match the value stored in SCM (DECOMMISSIONING, 0)
2022-08-27 01:04:26,475 [FixedThreadPoolWithAffinityExecutor-9-0] INFO  container.IncrementalContainerReportHandler (AbstractContainerReportHandler.java:updateContainerState(285)) - Moving container #1 to QUASI_CLOSED state, datanode dfcf168e-5082-4f01-a2db-1567ea82e82e{ip: 10.1.1.170, host: fv-az41-820.zje5jq5y5x4uznwvdkgxk4wc2h.cx.internal.cloudapp.net, ports: [REPLICATION=32809, RATIS=43507, RATIS_ADMIN=43507, RATIS_SERVER=43507, STANDALONE=44991], networkLocation: /default-rack, certSerialId: null, persistedOpState: IN_SERVICE, persistedOpStateExpiryEpochSec: 0} reported QUASI_CLOSED replica.
2022-08-27 01:04:26,478 [IPC Server handler 11 on default port 41777] INFO  node.SCMNodeManager (SCMNodeManager.java:updateDatanodeOpState(545)) - Scheduling a command to update the operationalState persisted on dfcf168e-5082-4f01-a2db-1567ea82e82e{ip: 10.1.1.170, host: fv-az41-820.zje5jq5y5x4uznwvdkgxk4wc2h.cx.internal.cloudapp.net, ports: [REPLICATION=32809, RATIS=43507, RATIS_ADMIN=43507, RATIS_SERVER=43507, STANDALONE=44991], networkLocation: /default-rack, certSerialId: null, persistedOpState: null, persistedOpStateExpiryEpochSec: 0} as the reported value does not match the value stored in SCM (DECOMMISSIONING, 0)
2022-08-27 01:04:26,478 [Command processor thread] INFO  keyvalue.KeyValueContainer (KeyValueContainer.java:flushAndSyncDB(436)) - Container 2 is synced with bcsId 78.
2022-08-27 01:04:26,479 [Command processor thread] INFO  keyvalue.KeyValueContainer (KeyValueContainer.java:flushAndSyncDB(436)) - Container 2 is synced with bcsId 78.
2022-08-27 01:04:26,481 [IPC Server handler 17 on default port 41777] INFO  node.SCMNodeManager (SCMNodeManager.java:updateDatanodeOpState(545)) - Scheduling a command to update the operationalState persisted on dfcf168e-5082-4f01-a2db-1567ea82e82e{ip: 10.1.1.170, host: fv-az41-820.zje5jq5y5x4uznwvdkgxk4wc2h.cx.internal.cloudapp.net, ports: [REPLICATION=32809, RATIS=43507, RATIS_ADMIN=43507, RATIS_SERVER=43507, STANDALONE=44991], networkLocation: /default-rack, certSerialId: null, persistedOpState: null, persistedOpStateExpiryEpochSec: 0} as the reported value does not match the value stored in SCM (DECOMMISSIONING, 0)
2022-08-27 01:04:26,481 [FixedThreadPoolWithAffinityExecutor-8-0] INFO  container.IncrementalContainerReportHandler (AbstractContainerReportHandler.java:updateContainerState(285)) - Moving container #2 to QUASI_CLOSED state, datanode dfcf168e-5082-4f01-a2db-1567ea82e82e{ip: 10.1.1.170, host: fv-az41-820.zje5jq5y5x4uznwvdkgxk4wc2h.cx.internal.cloudapp.net, ports: [REPLICATION=32809, RATIS=43507, RATIS_ADMIN=43507, RATIS_SERVER=43507, STANDALONE=44991], networkLocation: /default-rack, certSerialId: null, persistedOpState: IN_SERVICE, persistedOpStateExpiryEpochSec: 0} reported QUASI_CLOSED replica.
2022-08-27 01:04:26,483 [IPC Server handler 19 on default port 41777] INFO  node.SCMNodeManager (SCMNodeManager.java:updateDatanodeOpState(545)) - Scheduling a command to update the operationalState persisted on dfcf168e-5082-4f01-a2db-1567ea82e82e{ip: 10.1.1.170, host: fv-az41-820.zje5jq5y5x4uznwvdkgxk4wc2h.cx.internal.cloudapp.net, ports: [REPLICATION=32809, RATIS=43507, RATIS_ADMIN=43507, RATIS_SERVER=43507, STANDALONE=44991], networkLocation: /default-rack, certSerialId: null, persistedOpState: null, persistedOpStateExpiryEpochSec: 0} as the reported value does not match the value stored in SCM (DECOMMISSIONING, 0)
2022-08-27 01:04:26,485 [Command processor thread] INFO  keyvalue.KeyValueContainer (KeyValueContainer.java:flushAndSyncDB(436)) - Container 3 is synced with bcsId 70.
2022-08-27 01:04:26,485 [Command processor thread] INFO  keyvalue.KeyValueContainer (KeyValueContainer.java:flushAndSyncDB(436)) - Container 3 is synced with bcsId 70.
2022-08-27 01:04:26,487 [IPC Server handler 2 on default port 41777] INFO  node.SCMNodeManager (SCMNodeManager.java:updateDatanodeOpState(545)) - Scheduling a command to update the operationalState persisted on dfcf168e-5082-4f01-a2db-1567ea82e82e{ip: 10.1.1.170, host: fv-az41-820.zje5jq5y5x4uznwvdkgxk4wc2h.cx.internal.cloudapp.net, ports: [REPLICATION=32809, RATIS=43507, RATIS_ADMIN=43507, RATIS_SERVER=43507, STANDALONE=44991], networkLocation: /default-rack, certSerialId: null, persistedOpState: null, persistedOpStateExpiryEpochSec: 0} as the reported value does not match the value stored in SCM (DECOMMISSIONING, 0)
2022-08-27 01:04:26,488 [FixedThreadPoolWithAffinityExecutor-9-0] INFO  container.IncrementalContainerReportHandler (AbstractContainerReportHandler.java:updateContainerState(285)) - Moving container #3 to QUASI_CLOSED state, datanode dfcf168e-5082-4f01-a2db-1567ea82e82e{ip: 10.1.1.170, host: fv-az41-820.zje5jq5y5x4uznwvdkgxk4wc2h.cx.internal.cloudapp.net, ports: [REPLICATION=32809, RATIS=43507, RATIS_ADMIN=43507, RATIS_SERVER=43507, STANDALONE=44991], networkLocation: /default-rack, certSerialId: null, persistedOpState: IN_SERVICE, persistedOpStateExpiryEpochSec: 0} reported QUASI_CLOSED replica.
2022-08-27 01:04:26,488 [Command processor thread] INFO  server.RaftServer$Division (RaftServerImpl.java:groupRemove(404)) - dfcf168e-5082-4f01-a2db-1567ea82e82e@group-692D3A8F63C1: Succeed to remove RaftStorageDirectory Storage Directory /home/runner/work/ozone/ozone/hadoop-ozone/integration-test/target/test-dir/MiniOzoneClusterImpl-06e86dd3-d7df-4a2c-b8a6-272c25fd117f/datanode-2/data/ratis/3e0d5a98-0446-4e8d-acc1-692d3a8f63c1
2022-08-27 01:04:26,489 [Command processor thread] INFO  commandhandler.ClosePipelineCommandHandler (ClosePipelineCommandHandler.java:handle(78)) - Close Pipeline PipelineID=3e0d5a98-0446-4e8d-acc1-692d3a8f63c1 command on datanode dfcf168e-5082-4f01-a2db-1567ea82e82e.
2022-08-27 01:04:26,608 [Command processor thread] INFO  server.RaftServer (RaftServerProxy.java:remove(107)) - 2bc1abba-7388-4eaf-8abd-93bce01f8f00: remove    LEADER 2bc1abba-7388-4eaf-8abd-93bce01f8f00@group-692D3A8F63C1:t1, leader=2bc1abba-7388-4eaf-8abd-93bce01f8f00, voted=2bc1abba-7388-4eaf-8abd-93bce01f8f00, raftlog=2bc1abba-7388-4eaf-8abd-93bce01f8f00@group-692D3A8F63C1-SegmentedRaftLog:OPENED:c80, conf=0: [05d44c0e-1782-4690-a3a2-3f7220b81a92|rpc:10.1.1.170:38247|dataStream:|priority:0, 2bc1abba-7388-4eaf-8abd-93bce01f8f00|rpc:10.1.1.170:41545|dataStream:|priority:1, dfcf168e-5082-4f01-a2db-1567ea82e82e|rpc:10.1.1.170:43507|dataStream:|priority:0], old=null RUNNING
2022-08-27 01:04:26,608 [Command processor thread] INFO  server.RaftServer$Division (RaftServerImpl.java:lambda$close$4(434)) - 2bc1abba-7388-4eaf-8abd-93bce01f8f00@group-692D3A8F63C1: shutdown
2022-08-27 01:04:26,608 [Command processor thread] INFO  util.JmxRegister (JmxRegister.java:unregister(73)) - Successfully un-registered JMX Bean with object name Ratis:service=RaftServer,group=group-692D3A8F63C1,id=2bc1abba-7388-4eaf-8abd-93bce01f8f00
2022-08-27 01:04:26,608 [Command processor thread] INFO  impl.RoleInfo (RoleInfo.java:shutdownLeaderState(93)) - 2bc1abba-7388-4eaf-8abd-93bce01f8f00: shutdown 2bc1abba-7388-4eaf-8abd-93bce01f8f00@group-692D3A8F63C1-LeaderStateImpl
2022-08-27 01:04:26,609 [2bc1abba-7388-4eaf-8abd-93bce01f8f00@group-692D3A8F63C1->dfcf168e-5082-4f01-a2db-1567ea82e82e-GrpcLogAppender-LogAppenderDaemon] WARN  server.GrpcLogAppender (GrpcLogAppender.java:mayWait(171)) - 2bc1abba-7388-4eaf-8abd-93bce01f8f00@group-692D3A8F63C1->dfcf168e-5082-4f01-a2db-1567ea82e82e-GrpcLogAppender: Wait interrupted by java.lang.InterruptedException
2022-08-27 01:04:26,611 [EventQueue-PipelineReportForPipelineReportHandler] INFO  pipeline.PipelineReportHandler (PipelineReportHandler.java:processPipelineReport(115)) - Reported pipeline PipelineID=3e0d5a98-0446-4e8d-acc1-692d3a8f63c1 is not found
2022-08-27 01:04:26,612 [grpc-default-executor-3] INFO  server.GrpcServerProtocolService (GrpcServerProtocolService.java:onCompleted(140)) - dfcf168e-5082-4f01-a2db-1567ea82e82e: Completed APPEND_ENTRIES, lastRequest: 2bc1abba-7388-4eaf-8abd-93bce01f8f00->dfcf168e-5082-4f01-a2db-1567ea82e82e#297-t1,previous=(t:1, i:79),leaderCommit=78,initializing? true,entries: size=1, first=(t:1, i:80), METADATAENTRY(c:78)
2022-08-27 01:04:26,612 [Command processor thread] INFO  server.RaftServer (RaftServerProxy.java:remove(107)) - 05d44c0e-1782-4690-a3a2-3f7220b81a92: remove  FOLLOWER 05d44c0e-1782-4690-a3a2-3f7220b81a92@group-692D3A8F63C1:t1, leader=2bc1abba-7388-4eaf-8abd-93bce01f8f00, voted=2bc1abba-7388-4eaf-8abd-93bce01f8f00, raftlog=05d44c0e-1782-4690-a3a2-3f7220b81a92@group-692D3A8F63C1-SegmentedRaftLog:OPENED:c78, conf=0: [05d44c0e-1782-4690-a3a2-3f7220b81a92|rpc:10.1.1.170:38247|dataStream:|priority:0, 2bc1abba-7388-4eaf-8abd-93bce01f8f00|rpc:10.1.1.170:41545|dataStream:|priority:1, dfcf168e-5082-4f01-a2db-1567ea82e82e|rpc:10.1.1.170:43507|dataStream:|priority:0], old=null RUNNING
2022-08-27 01:04:26,612 [Command processor thread] INFO  server.RaftServer$Division (RaftServerImpl.java:lambda$close$4(434)) - 05d44c0e-1782-4690-a3a2-3f7220b81a92@group-692D3A8F63C1: shutdown
2022-08-27 01:04:26,612 [Command processor thread] INFO  util.JmxRegister (JmxRegister.java:unregister(73)) - Successfully un-registered JMX Bean with object name Ratis:service=RaftServer,group=group-692D3A8F63C1,id=05d44c0e-1782-4690-a3a2-3f7220b81a92
2022-08-27 01:04:26,612 [Command processor thread] INFO  impl.RoleInfo (RoleInfo.java:shutdownFollowerState(110)) - 05d44c0e-1782-4690-a3a2-3f7220b81a92: shutdown 05d44c0e-1782-4690-a3a2-3f7220b81a92@group-692D3A8F63C1-FollowerState
2022-08-27 01:04:26,612 [Command processor thread] INFO  impl.StateMachineUpdater (StateMachineUpdater.java:stopAndJoin(153)) - 05d44c0e-1782-4690-a3a2-3f7220b81a92@group-692D3A8F63C1-StateMachineUpdater: set stopIndex = 78
2022-08-27 01:04:26,608 [Command processor thread] INFO  impl.PendingRequests (PendingRequests.java:sendNotLeaderResponses(282)) - 2bc1abba-7388-4eaf-8abd-93bce01f8f00@group-692D3A8F63C1-PendingRequests: sendNotLeaderResponses
2022-08-27 01:04:26,616 [05d44c0e-1782-4690-a3a2-3f7220b81a92@group-692D3A8F63C1-FollowerState] INFO  impl.FollowerState (FollowerState.java:run(152)) - 05d44c0e-1782-4690-a3a2-3f7220b81a92@group-692D3A8F63C1-FollowerState was interrupted
2022-08-27 01:04:26,619 [2bc1abba-7388-4eaf-8abd-93bce01f8f00@group-692D3A8F63C1-StateMachineUpdater] INFO  ratis.ContainerStateMachine (ContainerStateMachine.java:takeSnapshot(304)) - group-692D3A8F63C1: Taking a snapshot at:(t:1, i:80) file /home/runner/work/ozone/ozone/hadoop-ozone/integration-test/target/test-dir/MiniOzoneClusterImpl-06e86dd3-d7df-4a2c-b8a6-272c25fd117f/datanode-0/data/ratis/3e0d5a98-0446-4e8d-acc1-692d3a8f63c1/sm/snapshot.1_80
2022-08-27 01:04:26,618 [EventQueue-PipelineReportForPipelineReportHandler] INFO  pipeline.PipelineReportHandler (PipelineReportHandler.java:processPipelineReport(115)) - Reported pipeline PipelineID=3e0d5a98-0446-4e8d-acc1-692d3a8f63c1 is not found
2022-08-27 01:04:26,617 [Command processor thread] INFO  impl.StateMachineUpdater (StateMachineUpdater.java:stopAndJoin(153)) - 2bc1abba-7388-4eaf-8abd-93bce01f8f00@group-692D3A8F63C1-StateMachineUpdater: set stopIndex = 80
2022-08-27 01:04:26,616 [2bc1abba-7388-4eaf-8abd-93bce01f8f00@group-692D3A8F63C1->05d44c0e-1782-4690-a3a2-3f7220b81a92-GrpcLogAppender-LogAppenderDaemon] WARN  server.GrpcLogAppender (GrpcLogAppender.java:mayWait(171)) - 2bc1abba-7388-4eaf-8abd-93bce01f8f00@group-692D3A8F63C1->05d44c0e-1782-4690-a3a2-3f7220b81a92-GrpcLogAppender: Wait interrupted by java.lang.InterruptedException
2022-08-27 01:04:26,621 [05d44c0e-1782-4690-a3a2-3f7220b81a92@group-692D3A8F63C1-StateMachineUpdater] INFO  ratis.ContainerStateMachine (ContainerStateMachine.java:takeSnapshot(304)) - group-692D3A8F63C1: Taking a snapshot at:(t:1, i:78) file /home/runner/work/ozone/ozone/hadoop-ozone/integration-test/target/test-dir/MiniOzoneClusterImpl-06e86dd3-d7df-4a2c-b8a6-272c25fd117f/datanode-1/data/ratis/3e0d5a98-0446-4e8d-acc1-692d3a8f63c1/sm/snapshot.1_78
2022-08-27 01:04:26,620 [2bc1abba-7388-4eaf-8abd-93bce01f8f00@group-692D3A8F63C1-StateMachineUpdater] INFO  ratis.ContainerStateMachine (ContainerStateMachine.java:takeSnapshot(315)) - group-692D3A8F63C1: Finished taking a snapshot at:(t:1, i:80) file:/home/runner/work/ozone/ozone/hadoop-ozone/integration-test/target/test-dir/MiniOzoneClusterImpl-06e86dd3-d7df-4a2c-b8a6-272c25fd117f/datanode-0/data/ratis/3e0d5a98-0446-4e8d-acc1-692d3a8f63c1/sm/snapshot.1_80 took: 2 ms
2022-08-27 01:04:26,622 [2bc1abba-7388-4eaf-8abd-93bce01f8f00@group-692D3A8F63C1-StateMachineUpdater] INFO  impl.StateMachineUpdater (StateMachineUpdater.java:takeSnapshot(287)) - 2bc1abba-7388-4eaf-8abd-93bce01f8f00@group-692D3A8F63C1-StateMachineUpdater: Took a snapshot at index 80
2022-08-27 01:04:26,622 [2bc1abba-7388-4eaf-8abd-93bce01f8f00@group-692D3A8F63C1-StateMachineUpdater] INFO  impl.StateMachineUpdater (StateMachineUpdater.java:lambda$new$0(92)) - 2bc1abba-7388-4eaf-8abd-93bce01f8f00@group-692D3A8F63C1-StateMachineUpdater: snapshotIndex: updateIncreasingly -1 -> 80
2022-08-27 01:04:26,622 [05d44c0e-1782-4690-a3a2-3f7220b81a92@group-692D3A8F63C1-StateMachineUpdater] INFO  ratis.ContainerStateMachine (ContainerStateMachine.java:takeSnapshot(315)) - group-692D3A8F63C1: Finished taking a snapshot at:(t:1, i:78) file:/home/runner/work/ozone/ozone/hadoop-ozone/integration-test/target/test-dir/MiniOzoneClusterImpl-06e86dd3-d7df-4a2c-b8a6-272c25fd117f/datanode-1/data/ratis/3e0d5a98-0446-4e8d-acc1-692d3a8f63c1/sm/snapshot.1_78 took: 3 ms
2022-08-27 01:04:26,623 [05d44c0e-1782-4690-a3a2-3f7220b81a92@group-692D3A8F63C1-StateMachineUpdater] INFO  impl.StateMachineUpdater (StateMachineUpdater.java:takeSnapshot(287)) - 05d44c0e-1782-4690-a3a2-3f7220b81a92@group-692D3A8F63C1-StateMachineUpdater: Took a snapshot at index 78
2022-08-27 01:04:26,623 [05d44c0e-1782-4690-a3a2-3f7220b81a92@group-692D3A8F63C1-StateMachineUpdater] INFO  impl.StateMachineUpdater (StateMachineUpdater.java:lambda$new$0(92)) - 05d44c0e-1782-4690-a3a2-3f7220b81a92@group-692D3A8F63C1-StateMachineUpdater: snapshotIndex: updateIncreasingly -1 -> 78
2022-08-27 01:04:26,623 [Command processor thread] INFO  server.RaftServer$Division (ServerState.java:close(429)) - 05d44c0e-1782-4690-a3a2-3f7220b81a92@group-692D3A8F63C1: closes. applyIndex: 78
2022-08-27 01:04:26,623 [05d44c0e-1782-4690-a3a2-3f7220b81a92@group-692D3A8F63C1-SegmentedRaftLogWorker] INFO  segmented.SegmentedRaftLogWorker (SegmentedRaftLogWorker.java:run(336)) - 05d44c0e-1782-4690-a3a2-3f7220b81a92@group-692D3A8F63C1-SegmentedRaftLogWorker was interrupted, exiting. There are 0 tasks remaining in the queue.
2022-08-27 01:04:26,623 [Command processor thread] INFO  segmented.SegmentedRaftLogWorker (SegmentedRaftLogWorker.java:close(246)) - 05d44c0e-1782-4690-a3a2-3f7220b81a92@group-692D3A8F63C1-SegmentedRaftLogWorker close()
2022-08-27 01:04:26,626 [grpc-default-executor-2] INFO  server.GrpcLogAppender (GrpcLogAppender.java:onCompleted(339)) - 2bc1abba-7388-4eaf-8abd-93bce01f8f00@group-692D3A8F63C1->dfcf168e-5082-4f01-a2db-1567ea82e82e-AppendLogResponseHandler: follower responses appendEntries COMPLETED
2022-08-27 01:04:26,628 [grpc-default-executor-2] INFO  leader.FollowerInfo (FollowerInfoImpl.java:lambda$new$0(48)) - 2bc1abba-7388-4eaf-8abd-93bce01f8f00@group-692D3A8F63C1->dfcf168e-5082-4f01-a2db-1567ea82e82e: nextIndex: updateUnconditionally 81 -> 80
2022-08-27 01:04:26,628 [Command processor thread] INFO  server.RaftServer$Division (ServerState.java:close(429)) - 2bc1abba-7388-4eaf-8abd-93bce01f8f00@group-692D3A8F63C1: closes. applyIndex: 80
2022-08-27 01:04:26,629 [2bc1abba-7388-4eaf-8abd-93bce01f8f00@group-692D3A8F63C1-SegmentedRaftLogWorker] INFO  segmented.SegmentedRaftLogWorker (SegmentedRaftLogWorker.java:run(336)) - 2bc1abba-7388-4eaf-8abd-93bce01f8f00@group-692D3A8F63C1-SegmentedRaftLogWorker was interrupted, exiting. There are 0 tasks remaining in the queue.
2022-08-27 01:04:26,629 [Command processor thread] INFO  segmented.SegmentedRaftLogWorker (SegmentedRaftLogWorker.java:close(246)) - 2bc1abba-7388-4eaf-8abd-93bce01f8f00@group-692D3A8F63C1-SegmentedRaftLogWorker close()
2022-08-27 01:04:26,628 [grpc-default-executor-1] INFO  server.GrpcServerProtocolService (GrpcServerProtocolService.java:onCompleted(140)) - 05d44c0e-1782-4690-a3a2-3f7220b81a92: Completed APPEND_ENTRIES, lastRequest: 2bc1abba-7388-4eaf-8abd-93bce01f8f00->05d44c0e-1782-4690-a3a2-3f7220b81a92#298-t1,previous=(t:1, i:79),leaderCommit=78,initializing? true,entries: size=1, first=(t:1, i:80), METADATAENTRY(c:78)
2022-08-27 01:04:26,635 [grpc-default-executor-0] INFO  server.GrpcLogAppender (GrpcLogAppender.java:onCompleted(339)) - 2bc1abba-7388-4eaf-8abd-93bce01f8f00@group-692D3A8F63C1->05d44c0e-1782-4690-a3a2-3f7220b81a92-AppendLogResponseHandler: follower responses appendEntries COMPLETED
2022-08-27 01:04:26,632 [Command processor thread] INFO  keyvalue.KeyValueContainer (KeyValueContainer.java:flushAndSyncDB(436)) - Container 1 is synced with bcsId 74.
2022-08-27 01:04:26,635 [Command processor thread] INFO  keyvalue.KeyValueContainer (KeyValueContainer.java:flushAndSyncDB(436)) - Container 1 is synced with bcsId 74.
2022-08-27 01:04:26,635 [grpc-default-executor-0] INFO  leader.FollowerInfo (FollowerInfoImpl.java:lambda$new$0(48)) - 2bc1abba-7388-4eaf-8abd-93bce01f8f00@group-692D3A8F63C1->05d44c0e-1782-4690-a3a2-3f7220b81a92: nextIndex: updateUnconditionally 81 -> 80
2022-08-27 01:04:26,638 [Command processor thread] INFO  keyvalue.KeyValueContainer (KeyValueContainer.java:flushAndSyncDB(436)) - Container 1 is synced with bcsId 74.
2022-08-27 01:04:26,638 [Command processor thread] INFO  keyvalue.KeyValueContainer (KeyValueContainer.java:flushAndSyncDB(436)) - Container 1 is synced with bcsId 74.
2022-08-27 01:04:26,642 [ReplicationMonitor] INFO  replication.ReplicationManager (ReplicationManager.java:processAll(255)) - Replication Manager is not ready to run until 3000ms after safemode exit
2022-08-27 01:04:26,644 [Command processor thread] INFO  keyvalue.KeyValueContainer (KeyValueContainer.java:flushAndSyncDB(436)) - Container 2 is synced with bcsId 78.
2022-08-27 01:04:26,644 [Command processor thread] INFO  keyvalue.KeyValueContainer (KeyValueContainer.java:flushAndSyncDB(436)) - Container 2 is synced with bcsId 78.
2022-08-27 01:04:26,645 [Command processor thread] INFO  keyvalue.KeyValueContainer (KeyValueContainer.java:flushAndSyncDB(436)) - Container 2 is synced with bcsId 78.
2022-08-27 01:04:26,645 [Command processor thread] INFO  keyvalue.KeyValueContainer (KeyValueContainer.java:flushAndSyncDB(436)) - Container 2 is synced with bcsId 78.
2022-08-27 01:04:26,651 [Command processor thread] INFO  keyvalue.KeyValueContainer (KeyValueContainer.java:flushAndSyncDB(436)) - Container 3 is synced with bcsId 70.
2022-08-27 01:04:26,651 [Command processor thread] INFO  keyvalue.KeyValueContainer (KeyValueContainer.java:flushAndSyncDB(436)) - Container 3 is synced with bcsId 70.
2022-08-27 01:04:26,656 [Command processor thread] INFO  server.RaftServer$Division (RaftServerImpl.java:groupRemove(404)) - 2bc1abba-7388-4eaf-8abd-93bce01f8f00@group-692D3A8F63C1: Succeed to remove RaftStorageDirectory Storage Directory /home/runner/work/ozone/ozone/hadoop-ozone/integration-test/target/test-dir/MiniOzoneClusterImpl-06e86dd3-d7df-4a2c-b8a6-272c25fd117f/datanode-0/data/ratis/3e0d5a98-0446-4e8d-acc1-692d3a8f63c1
2022-08-27 01:04:26,656 [Command processor thread] INFO  keyvalue.KeyValueContainer (KeyValueContainer.java:flushAndSyncDB(436)) - Container 3 is synced with bcsId 70.
2022-08-27 01:04:26,656 [Command processor thread] INFO  keyvalue.KeyValueContainer (KeyValueContainer.java:flushAndSyncDB(436)) - Container 3 is synced with bcsId 70.
2022-08-27 01:04:26,656 [Command processor thread] INFO  commandhandler.ClosePipelineCommandHandler (ClosePipelineCommandHandler.java:handle(78)) - Close Pipeline PipelineID=3e0d5a98-0446-4e8d-acc1-692d3a8f63c1 command on datanode 2bc1abba-7388-4eaf-8abd-93bce01f8f00.
2022-08-27 01:04:26,664 [Command processor thread] INFO  server.RaftServer$Division (RaftServerImpl.java:groupRemove(404)) - 05d44c0e-1782-4690-a3a2-3f7220b81a92@group-692D3A8F63C1: Succeed to remove RaftStorageDirectory Storage Directory /home/runner/work/ozone/ozone/hadoop-ozone/integration-test/target/test-dir/MiniOzoneClusterImpl-06e86dd3-d7df-4a2c-b8a6-272c25fd117f/datanode-1/data/ratis/3e0d5a98-0446-4e8d-acc1-692d3a8f63c1
2022-08-27 01:04:26,664 [Command processor thread] INFO  commandhandler.ClosePipelineCommandHandler (ClosePipelineCommandHandler.java:handle(78)) - Close Pipeline PipelineID=3e0d5a98-0446-4e8d-acc1-692d3a8f63c1 command on datanode 05d44c0e-1782-4690-a3a2-3f7220b81a92.
2022-08-27 01:04:27,092 [Listener at 127.0.0.1/46359] INFO  ozone.MiniOzoneClusterImpl (MiniOzoneClusterImpl.java:lambda$waitForClusterToBeReady$0(216)) - Waiting for nodes to be ready. Got 0 of 6 DN Heartbeats.
2022-08-27 01:04:27,092 [Listener at 127.0.0.1/46359] INFO  ozone.MiniOzoneClusterImpl (MiniOzoneClusterImpl.java:lambda$waitForClusterToBeReady$0(219)) - Waiting for cluster to exit safe mode
2022-08-27 01:04:27,092 [Listener at 127.0.0.1/46359] INFO  ozone.MiniOzoneClusterImpl (MiniOzoneClusterImpl.java:lambda$waitForClusterToBeReady$0(221)) - SCM became leader
2022-08-27 01:04:27,139 [47218c16-f2d5-4cf1-b4da-5ee36f49a8d8@group-63C936D77AF9-FollowerState] INFO  impl.FollowerState (FollowerState.java:run(143)) - 47218c16-f2d5-4cf1-b4da-5ee36f49a8d8@group-63C936D77AF9-FollowerState: change to CANDIDATE, lastRpcElapsedTime:5058444495ns, electionTimeout:5048ms
2022-08-27 01:04:27,139 [47218c16-f2d5-4cf1-b4da-5ee36f49a8d8@group-63C936D77AF9-FollowerState] INFO  impl.RoleInfo (RoleInfo.java:shutdownFollowerState(110)) - 47218c16-f2d5-4cf1-b4da-5ee36f49a8d8: shutdown 47218c16-f2d5-4cf1-b4da-5ee36f49a8d8@group-63C936D77AF9-FollowerState
2022-08-27 01:04:27,139 [47218c16-f2d5-4cf1-b4da-5ee36f49a8d8@group-63C936D77AF9-FollowerState] INFO  server.RaftServer$Division (RaftServerImpl.java:setRole(299)) - 47218c16-f2d5-4cf1-b4da-5ee36f49a8d8@group-63C936D77AF9: changes role from  FOLLOWER to CANDIDATE at term 1 for changeToCandidate
2022-08-27 01:04:27,139 [47218c16-f2d5-4cf1-b4da-5ee36f49a8d8@group-63C936D77AF9-FollowerState] INFO  server.RaftServerConfigKeys (ConfUtils.java:logGet(46)) - raft.server.leaderelection.pre-vote = false (custom)
2022-08-27 01:04:27,139 [47218c16-f2d5-4cf1-b4da-5ee36f49a8d8@group-63C936D77AF9-FollowerState] INFO  impl.RoleInfo (RoleInfo.java:updateAndGet(139)) - 47218c16-f2d5-4cf1-b4da-5ee36f49a8d8: start 47218c16-f2d5-4cf1-b4da-5ee36f49a8d8@group-63C936D77AF9-LeaderElection13
2022-08-27 01:04:27,147 [47218c16-f2d5-4cf1-b4da-5ee36f49a8d8@group-63C936D77AF9-LeaderElection13] INFO  impl.LeaderElection (LeaderElection.java:askForVotes(310)) - 47218c16-f2d5-4cf1-b4da-5ee36f49a8d8@group-63C936D77AF9-LeaderElection13 ELECTION round 0: submit vote requests at term 2 for -1: [10661b26-eda0-4e01-aa97-bfa554844a49|rpc:10.1.1.170:44501|dataStream:|priority:0, 47218c16-f2d5-4cf1-b4da-5ee36f49a8d8|rpc:10.1.1.170:36037|dataStream:|priority:0, efe08b73-b8e1-4cbd-8d64-d052696c0c3d|rpc:10.1.1.170:38497|dataStream:|priority:1], old=null
2022-08-27 01:04:27,152 [grpc-default-executor-1] INFO  server.RaftServer$Division (RaftServerImpl.java:requestVote(1152)) - efe08b73-b8e1-4cbd-8d64-d052696c0c3d@group-63C936D77AF9: receive requestVote(ELECTION, 47218c16-f2d5-4cf1-b4da-5ee36f49a8d8, group-63C936D77AF9, 2, (t:0, i:0))
2022-08-27 01:04:27,152 [grpc-default-executor-1] INFO  impl.VoteContext (VoteContext.java:log(48)) - efe08b73-b8e1-4cbd-8d64-d052696c0c3d@group-63C936D77AF9-FOLLOWER: reject ELECTION from 47218c16-f2d5-4cf1-b4da-5ee36f49a8d8: our priority 1 > candidate's priority 0
2022-08-27 01:04:27,152 [grpc-default-executor-1] INFO  server.RaftServer$Division (RaftServerImpl.java:setRole(299)) - efe08b73-b8e1-4cbd-8d64-d052696c0c3d@group-63C936D77AF9: changes role from  FOLLOWER to FOLLOWER at term 2 for candidate:47218c16-f2d5-4cf1-b4da-5ee36f49a8d8
2022-08-27 01:04:27,152 [grpc-default-executor-1] INFO  impl.RoleInfo (RoleInfo.java:shutdownFollowerState(110)) - efe08b73-b8e1-4cbd-8d64-d052696c0c3d: shutdown efe08b73-b8e1-4cbd-8d64-d052696c0c3d@group-63C936D77AF9-FollowerState
2022-08-27 01:04:27,152 [grpc-default-executor-1] INFO  impl.RoleInfo (RoleInfo.java:updateAndGet(139)) - efe08b73-b8e1-4cbd-8d64-d052696c0c3d: start efe08b73-b8e1-4cbd-8d64-d052696c0c3d@group-63C936D77AF9-FollowerState
2022-08-27 01:04:27,152 [efe08b73-b8e1-4cbd-8d64-d052696c0c3d@group-63C936D77AF9-FollowerState] INFO  impl.FollowerState (FollowerState.java:run(152)) - efe08b73-b8e1-4cbd-8d64-d052696c0c3d@group-63C936D77AF9-FollowerState was interrupted
2022-08-27 01:04:27,153 [grpc-default-executor-0] INFO  server.RaftServer$Division (RaftServerImpl.java:requestVote(1152)) - 10661b26-eda0-4e01-aa97-bfa554844a49@group-63C936D77AF9: receive requestVote(ELECTION, 47218c16-f2d5-4cf1-b4da-5ee36f49a8d8, group-63C936D77AF9, 2, (t:0, i:0))
2022-08-27 01:04:27,154 [grpc-default-executor-0] INFO  impl.VoteContext (VoteContext.java:log(48)) - 10661b26-eda0-4e01-aa97-bfa554844a49@group-63C936D77AF9-FOLLOWER: accept ELECTION from 47218c16-f2d5-4cf1-b4da-5ee36f49a8d8: our priority 0 <= candidate's priority 0
2022-08-27 01:04:27,154 [grpc-default-executor-0] INFO  server.RaftServer$Division (RaftServerImpl.java:setRole(299)) - 10661b26-eda0-4e01-aa97-bfa554844a49@group-63C936D77AF9: changes role from  FOLLOWER to FOLLOWER at term 2 for candidate:47218c16-f2d5-4cf1-b4da-5ee36f49a8d8
2022-08-27 01:04:27,154 [grpc-default-executor-0] INFO  impl.RoleInfo (RoleInfo.java:shutdownFollowerState(110)) - 10661b26-eda0-4e01-aa97-bfa554844a49: shutdown 10661b26-eda0-4e01-aa97-bfa554844a49@group-63C936D77AF9-FollowerState
2022-08-27 01:04:27,154 [grpc-default-executor-0] INFO  impl.RoleInfo (RoleInfo.java:updateAndGet(139)) - 10661b26-eda0-4e01-aa97-bfa554844a49: start 10661b26-eda0-4e01-aa97-bfa554844a49@group-63C936D77AF9-FollowerState
2022-08-27 01:04:27,154 [10661b26-eda0-4e01-aa97-bfa554844a49@group-63C936D77AF9-FollowerState] INFO  impl.FollowerState (FollowerState.java:run(152)) - 10661b26-eda0-4e01-aa97-bfa554844a49@group-63C936D77AF9-FollowerState was interrupted
2022-08-27 01:04:27,157 [grpc-default-executor-1] INFO  server.RaftServer$Division (RaftServerImpl.java:requestVote(1184)) - efe08b73-b8e1-4cbd-8d64-d052696c0c3d@group-63C936D77AF9 replies to ELECTION vote request: 47218c16-f2d5-4cf1-b4da-5ee36f49a8d8<-efe08b73-b8e1-4cbd-8d64-d052696c0c3d#0:FAIL-t2. Peer's state: efe08b73-b8e1-4cbd-8d64-d052696c0c3d@group-63C936D77AF9:t2, leader=null, voted=null, raftlog=efe08b73-b8e1-4cbd-8d64-d052696c0c3d@group-63C936D77AF9-SegmentedRaftLog:OPENED:c-1, conf=-1: [10661b26-eda0-4e01-aa97-bfa554844a49|rpc:10.1.1.170:44501|dataStream:|priority:0, 47218c16-f2d5-4cf1-b4da-5ee36f49a8d8|rpc:10.1.1.170:36037|dataStream:|priority:0, efe08b73-b8e1-4cbd-8d64-d052696c0c3d|rpc:10.1.1.170:38497|dataStream:|priority:1], old=null
2022-08-27 01:04:27,158 [47218c16-f2d5-4cf1-b4da-5ee36f49a8d8@group-63C936D77AF9-LeaderElection13] INFO  impl.LeaderElection (LeaderElection.java:logAndReturn(90)) - 47218c16-f2d5-4cf1-b4da-5ee36f49a8d8@group-63C936D77AF9-LeaderElection13: ELECTION REJECTED received 1 response(s) and 0 exception(s):
2022-08-27 01:04:27,158 [47218c16-f2d5-4cf1-b4da-5ee36f49a8d8@group-63C936D77AF9-LeaderElection13] INFO  impl.LeaderElection (LeaderElection.java:logAndReturn(94)) -   Response 0: 47218c16-f2d5-4cf1-b4da-5ee36f49a8d8<-efe08b73-b8e1-4cbd-8d64-d052696c0c3d#0:FAIL-t2
2022-08-27 01:04:27,158 [47218c16-f2d5-4cf1-b4da-5ee36f49a8d8@group-63C936D77AF9-LeaderElection13] INFO  impl.LeaderElection (LeaderElection.java:askForVotes(312)) - 47218c16-f2d5-4cf1-b4da-5ee36f49a8d8@group-63C936D77AF9-LeaderElection13 ELECTION round 0: result REJECTED
2022-08-27 01:04:27,158 [47218c16-f2d5-4cf1-b4da-5ee36f49a8d8@group-63C936D77AF9-LeaderElection13] INFO  server.RaftServer$Division (RaftServerImpl.java:setRole(299)) - 47218c16-f2d5-4cf1-b4da-5ee36f49a8d8@group-63C936D77AF9: changes role from CANDIDATE to FOLLOWER at term 2 for REJECTED
2022-08-27 01:04:27,158 [47218c16-f2d5-4cf1-b4da-5ee36f49a8d8@group-63C936D77AF9-LeaderElection13] INFO  impl.RoleInfo (RoleInfo.java:shutdownLeaderElection(130)) - 47218c16-f2d5-4cf1-b4da-5ee36f49a8d8: shutdown 47218c16-f2d5-4cf1-b4da-5ee36f49a8d8@group-63C936D77AF9-LeaderElection13
2022-08-27 01:04:27,158 [grpc-default-executor-0] INFO  server.RaftServer$Division (RaftServerImpl.java:requestVote(1184)) - 10661b26-eda0-4e01-aa97-bfa554844a49@group-63C936D77AF9 replies to ELECTION vote request: 47218c16-f2d5-4cf1-b4da-5ee36f49a8d8<-10661b26-eda0-4e01-aa97-bfa554844a49#0:OK-t2. Peer's state: 10661b26-eda0-4e01-aa97-bfa554844a49@group-63C936D77AF9:t2, leader=null, voted=47218c16-f2d5-4cf1-b4da-5ee36f49a8d8, raftlog=10661b26-eda0-4e01-aa97-bfa554844a49@group-63C936D77AF9-SegmentedRaftLog:OPENED:c-1, conf=-1: [10661b26-eda0-4e01-aa97-bfa554844a49|rpc:10.1.1.170:44501|priority:0, 47218c16-f2d5-4cf1-b4da-5ee36f49a8d8|rpc:10.1.1.170:36037|priority:0, efe08b73-b8e1-4cbd-8d64-d052696c0c3d|rpc:10.1.1.170:38497|priority:1], old=null
2022-08-27 01:04:27,158 [47218c16-f2d5-4cf1-b4da-5ee36f49a8d8@group-63C936D77AF9-LeaderElection13] INFO  impl.RoleInfo (RoleInfo.java:updateAndGet(139)) - 47218c16-f2d5-4cf1-b4da-5ee36f49a8d8: start 47218c16-f2d5-4cf1-b4da-5ee36f49a8d8@group-63C936D77AF9-FollowerState
2022-08-27 01:04:27,197 [EndpointStateMachine task thread for /0.0.0.0:40273 - 0 ] INFO  volume.HddsVolume (HddsVolume.java:createDbStore(310)) - SchemaV3 db is created and loaded at /home/runner/work/ozone/ozone/hadoop-ozone/integration-test/target/test-dir/MiniOzoneClusterImpl-6c28598a-b70a-49df-9254-251c667aa325/datanode-2/data-0/containers/hdds/6c28598a-b70a-49df-9254-251c667aa325/DS-dd222f6c-e783-4379-8675-7b0ab5da4fee/container.db for volume DS-dd222f6c-e783-4379-8675-7b0ab5da4fee
2022-08-27 01:04:27,198 [EndpointStateMachine task thread for /0.0.0.0:40273 - 0 ] INFO  volume.HddsVolume (HddsVolume.java:closeDbStore(341)) - SchemaV3 db is stopped at /home/runner/work/ozone/ozone/hadoop-ozone/integration-test/target/test-dir/MiniOzoneClusterImpl-6c28598a-b70a-49df-9254-251c667aa325/datanode-2/data-0/containers/hdds/6c28598a-b70a-49df-9254-251c667aa325/DS-dd222f6c-e783-4379-8675-7b0ab5da4fee/container.db for volume DS-dd222f6c-e783-4379-8675-7b0ab5da4fee
2022-08-27 01:04:27,198 [EndpointStateMachine task thread for /0.0.0.0:40273 - 0 ] INFO  ozoneimpl.OzoneContainer (OzoneContainer.java:start(377)) - Attempting to start container services.
2022-08-27 01:04:27,198 [EndpointStateMachine task thread for /0.0.0.0:40273 - 0 ] INFO  ozoneimpl.OzoneContainer (OzoneContainer.java:startContainerScrub(312)) - Background container scanner has been disabled.
2022-08-27 01:04:27,199 [EndpointStateMachine task thread for /0.0.0.0:40273 - 0 ] INFO  replication.ReplicationServer (ReplicationServer.java:start(111)) - ReplicationServer is started using port 36135
2022-08-27 01:04:27,200 [EndpointStateMachine task thread for /0.0.0.0:40273 - 0 ] INFO  ratis.XceiverServerRatis (XceiverServerRatis.java:start(481)) - Starting XceiverServerRatis 4533084f-140e-42f6-9ba1-ce945919c4fc
2022-08-27 01:04:27,209 [EndpointStateMachine task thread for /0.0.0.0:40273 - 0 ] INFO  server.RaftServer (RaftServerProxy.java:lambda$start$6(382)) - 4533084f-140e-42f6-9ba1-ce945919c4fc: start RPC server
2022-08-27 01:04:27,210 [EndpointStateMachine task thread for /0.0.0.0:40273 - 0 ] INFO  server.GrpcService (GrpcService.java:startImpl(260)) - 4533084f-140e-42f6-9ba1-ce945919c4fc: GrpcService started, listening on 35021
2022-08-27 01:04:27,211 [EndpointStateMachine task thread for /0.0.0.0:40273 - 0 ] INFO  ratis.XceiverServerRatis (XceiverServerRatis.java:getRealPort(502)) - XceiverServerRatis 4533084f-140e-42f6-9ba1-ce945919c4fc is started using port 35021 for RATIS
2022-08-27 01:04:27,211 [EndpointStateMachine task thread for /0.0.0.0:40273 - 0 ] INFO  ratis.XceiverServerRatis (XceiverServerRatis.java:getRealPort(502)) - XceiverServerRatis 4533084f-140e-42f6-9ba1-ce945919c4fc is started using port 35021 for RATIS_ADMIN
2022-08-27 01:04:27,211 [EndpointStateMachine task thread for /0.0.0.0:40273 - 0 ] INFO  ratis.XceiverServerRatis (XceiverServerRatis.java:getRealPort(502)) - XceiverServerRatis 4533084f-140e-42f6-9ba1-ce945919c4fc is started using port 35021 for RATIS_SERVER
2022-08-27 01:04:27,211 [org.apache.ratis.util.JvmPauseMonitor$$Lambda$715/1595744513@6192810c] INFO  util.JvmPauseMonitor (JvmPauseMonitor.java:run(103)) - JvmPauseMonitor-4533084f-140e-42f6-9ba1-ce945919c4fc: Started
2022-08-27 01:04:27,213 [EndpointStateMachine task thread for /0.0.0.0:40273 - 0 ] INFO  server.XceiverServerGrpc (XceiverServerGrpc.java:start(180)) - XceiverServerGrpc 4533084f-140e-42f6-9ba1-ce945919c4fc is started using port 41387
2022-08-27 01:04:27,258 [ReplicationMonitor] INFO  replication.LegacyReplicationManager (LegacyReplicationManager.java:forceCloseContainer(1108)) - Force closing container #1 with BCSID 74, which is in QUASI_CLOSED state.
2022-08-27 01:04:27,259 [ReplicationMonitor] INFO  replication.LegacyReplicationManager (LegacyReplicationManager.java:sendCloseCommand(1512)) - Sending close container command for container #1 to datanode dfcf168e-5082-4f01-a2db-1567ea82e82e{ip: 10.1.1.170, host: fv-az41-820.zje5jq5y5x4uznwvdkgxk4wc2h.cx.internal.cloudapp.net, ports: [REPLICATION=32809, RATIS=43507, RATIS_ADMIN=43507, RATIS_SERVER=43507, STANDALONE=44991], networkLocation: /default-rack, certSerialId: null, persistedOpState: IN_SERVICE, persistedOpStateExpiryEpochSec: 0}.
2022-08-27 01:04:27,259 [ReplicationMonitor] INFO  replication.LegacyReplicationManager (LegacyReplicationManager.java:sendCloseCommand(1512)) - Sending close container command for container #1 to datanode 05d44c0e-1782-4690-a3a2-3f7220b81a92{ip: 10.1.1.170, host: fv-az41-820.zje5jq5y5x4uznwvdkgxk4wc2h.cx.internal.cloudapp.net, ports: [REPLICATION=42307, RATIS=38247, RATIS_ADMIN=38247, RATIS_SERVER=38247, STANDALONE=35439], networkLocation: /default-rack, certSerialId: null, persistedOpState: IN_SERVICE, persistedOpStateExpiryEpochSec: 0}.
2022-08-27 01:04:27,259 [ReplicationMonitor] INFO  replication.LegacyReplicationManager (LegacyReplicationManager.java:sendCloseCommand(1512)) - Sending close container command for container #1 to datanode 2bc1abba-7388-4eaf-8abd-93bce01f8f00{ip: 10.1.1.170, host: fv-az41-820.zje5jq5y5x4uznwvdkgxk4wc2h.cx.internal.cloudapp.net, ports: [REPLICATION=38427, RATIS=41545, RATIS_ADMIN=41545, RATIS_SERVER=41545, STANDALONE=42701], networkLocation: /default-rack, certSerialId: null, persistedOpState: IN_SERVICE, persistedOpStateExpiryEpochSec: 0}.
2022-08-27 01:04:27,259 [ReplicationMonitor] INFO  replication.LegacyReplicationManager (LegacyReplicationManager.java:forceCloseContainer(1108)) - Force closing container #2 with BCSID 78, which is in QUASI_CLOSED state.
2022-08-27 01:04:27,259 [ReplicationMonitor] INFO  replication.LegacyReplicationManager (LegacyReplicationManager.java:sendCloseCommand(1512)) - Sending close container command for container #2 to datanode dfcf168e-5082-4f01-a2db-1567ea82e82e{ip: 10.1.1.170, host: fv-az41-820.zje5jq5y5x4uznwvdkgxk4wc2h.cx.internal.cloudapp.net, ports: [REPLICATION=32809, RATIS=43507, RATIS_ADMIN=43507, RATIS_SERVER=43507, STANDALONE=44991], networkLocation: /default-rack, certSerialId: null, persistedOpState: IN_SERVICE, persistedOpStateExpiryEpochSec: 0}.
2022-08-27 01:04:27,259 [ReplicationMonitor] INFO  replication.LegacyReplicationManager (LegacyReplicationManager.java:sendCloseCommand(1512)) - Sending close container command for container #2 to datanode 05d44c0e-1782-4690-a3a2-3f7220b81a92{ip: 10.1.1.170, host: fv-az41-820.zje5jq5y5x4uznwvdkgxk4wc2h.cx.internal.cloudapp.net, ports: [REPLICATION=42307, RATIS=38247, RATIS_ADMIN=38247, RATIS_SERVER=38247, STANDALONE=35439], networkLocation: /default-rack, certSerialId: null, persistedOpState: IN_SERVICE, persistedOpStateExpiryEpochSec: 0}.
2022-08-27 01:04:27,259 [ReplicationMonitor] INFO  replication.LegacyReplicationManager (LegacyReplicationManager.java:sendCloseCommand(1512)) - Sending close container command for container #2 to datanode 2bc1abba-7388-4eaf-8abd-93bce01f8f00{ip: 10.1.1.170, host: fv-az41-820.zje5jq5y5x4uznwvdkgxk4wc2h.cx.internal.cloudapp.net, ports: [REPLICATION=38427, RATIS=41545, RATIS_ADMIN=41545, RATIS_SERVER=41545, STANDALONE=42701], networkLocation: /default-rack, certSerialId: null, persistedOpState: IN_SERVICE, persistedOpStateExpiryEpochSec: 0}.
2022-08-27 01:04:27,259 [ReplicationMonitor] INFO  replication.LegacyReplicationManager (LegacyReplicationManager.java:forceCloseContainer(1108)) - Force closing container #3 with BCSID 70, which is in QUASI_CLOSED state.
2022-08-27 01:04:27,259 [ReplicationMonitor] INFO  replication.LegacyReplicationManager (LegacyReplicationManager.java:sendCloseCommand(1512)) - Sending close container command for container #3 to datanode 05d44c0e-1782-4690-a3a2-3f7220b81a92{ip: 10.1.1.170, host: fv-az41-820.zje5jq5y5x4uznwvdkgxk4wc2h.cx.internal.cloudapp.net, ports: [REPLICATION=42307, RATIS=38247, RATIS_ADMIN=38247, RATIS_SERVER=38247, STANDALONE=35439], networkLocation: /default-rack, certSerialId: null, persistedOpState: IN_SERVICE, persistedOpStateExpiryEpochSec: 0}.
2022-08-27 01:04:27,259 [ReplicationMonitor] INFO  replication.LegacyReplicationManager (LegacyReplicationManager.java:sendCloseCommand(1512)) - Sending close container command for container #3 to datanode dfcf168e-5082-4f01-a2db-1567ea82e82e{ip: 10.1.1.170, host: fv-az41-820.zje5jq5y5x4uznwvdkgxk4wc2h.cx.internal.cloudapp.net, ports: [REPLICATION=32809, RATIS=43507, RATIS_ADMIN=43507, RATIS_SERVER=43507, STANDALONE=44991], networkLocation: /default-rack, certSerialId: null, persistedOpState: IN_SERVICE, persistedOpStateExpiryEpochSec: 0}.
2022-08-27 01:04:27,259 [ReplicationMonitor] INFO  replication.LegacyReplicationManager (LegacyReplicationManager.java:sendCloseCommand(1512)) - Sending close container command for container #3 to datanode 2bc1abba-7388-4eaf-8abd-93bce01f8f00{ip: 10.1.1.170, host: fv-az41-820.zje5jq5y5x4uznwvdkgxk4wc2h.cx.internal.cloudapp.net, ports: [REPLICATION=38427, RATIS=41545, RATIS_ADMIN=41545, RATIS_SERVER=41545, STANDALONE=42701], networkLocation: /default-rack, certSerialId: null, persistedOpState: IN_SERVICE, persistedOpStateExpiryEpochSec: 0}.
2022-08-27 01:04:27,260 [ReplicationMonitor] INFO  replication.ReplicationManager (ReplicationManager.java:processAll(293)) - Replication Monitor Thread took 3 milliseconds for processing 3 containers.
2022-08-27 01:04:27,264 [DatanodeAdminManager-0] INFO  node.DatanodeAdminMonitorImpl (DatanodeAdminMonitorImpl.java:run(148)) - There are 1 nodes tracked for decommission and maintenance. 0 pending nodes.
2022-08-27 01:04:27,519 [EndpointStateMachine task thread for /0.0.0.0:40273 - 0 ] INFO  volume.HddsVolume (HddsVolume.java:createDbStore(310)) - SchemaV3 db is created and loaded at /home/runner/work/ozone/ozone/hadoop-ozone/integration-test/target/test-dir/MiniOzoneClusterImpl-6c28598a-b70a-49df-9254-251c667aa325/datanode-3/data-0/containers/hdds/6c28598a-b70a-49df-9254-251c667aa325/DS-65dba38e-c62a-4fc0-b3d7-d7c2195b5c4f/container.db for volume DS-65dba38e-c62a-4fc0-b3d7-d7c2195b5c4f
2022-08-27 01:04:27,520 [EndpointStateMachine task thread for /0.0.0.0:40273 - 0 ] INFO  volume.HddsVolume (HddsVolume.java:closeDbStore(341)) - SchemaV3 db is stopped at /home/runner/work/ozone/ozone/hadoop-ozone/integration-test/target/test-dir/MiniOzoneClusterImpl-6c28598a-b70a-49df-9254-251c667aa325/datanode-3/data-0/containers/hdds/6c28598a-b70a-49df-9254-251c667aa325/DS-65dba38e-c62a-4fc0-b3d7-d7c2195b5c4f/container.db for volume DS-65dba38e-c62a-4fc0-b3d7-d7c2195b5c4f
2022-08-27 01:04:27,520 [EndpointStateMachine task thread for /0.0.0.0:40273 - 0 ] INFO  ozoneimpl.OzoneContainer (OzoneContainer.java:start(377)) - Attempting to start container services.
2022-08-27 01:04:27,520 [EndpointStateMachine task thread for /0.0.0.0:40273 - 0 ] INFO  ozoneimpl.OzoneContainer (OzoneContainer.java:startContainerScrub(312)) - Background container scanner has been disabled.
2022-08-27 01:04:27,522 [EndpointStateMachine task thread for /0.0.0.0:40273 - 0 ] INFO  replication.ReplicationServer (ReplicationServer.java:start(111)) - ReplicationServer is started using port 45429
2022-08-27 01:04:27,523 [EndpointStateMachine task thread for /0.0.0.0:40273 - 0 ] INFO  ratis.XceiverServerRatis (XceiverServerRatis.java:start(481)) - Starting XceiverServerRatis 0a62877e-9b7e-486c-aaaf-613dec44d4b9
2022-08-27 01:04:27,533 [EndpointStateMachine task thread for /0.0.0.0:40273 - 0 ] INFO  server.RaftServer (RaftServerProxy.java:lambda$start$6(382)) - 0a62877e-9b7e-486c-aaaf-613dec44d4b9: start RPC server
2022-08-27 01:04:27,535 [EndpointStateMachine task thread for /0.0.0.0:40273 - 0 ] INFO  server.GrpcService (GrpcService.java:startImpl(260)) - 0a62877e-9b7e-486c-aaaf-613dec44d4b9: GrpcService started, listening on 41817
2022-08-27 01:04:27,535 [EndpointStateMachine task thread for /0.0.0.0:40273 - 0 ] INFO  ratis.XceiverServerRatis (XceiverServerRatis.java:getRealPort(502)) - XceiverServerRatis 0a62877e-9b7e-486c-aaaf-613dec44d4b9 is started using port 41817 for RATIS
2022-08-27 01:04:27,535 [EndpointStateMachine task thread for /0.0.0.0:40273 - 0 ] INFO  ratis.XceiverServerRatis (XceiverServerRatis.java:getRealPort(502)) - XceiverServerRatis 0a62877e-9b7e-486c-aaaf-613dec44d4b9 is started using port 41817 for RATIS_ADMIN
2022-08-27 01:04:27,535 [EndpointStateMachine task thread for /0.0.0.0:40273 - 0 ] INFO  ratis.XceiverServerRatis (XceiverServerRatis.java:getRealPort(502)) - XceiverServerRatis 0a62877e-9b7e-486c-aaaf-613dec44d4b9 is started using port 41817 for RATIS_SERVER
2022-08-27 01:04:27,535 [org.apache.ratis.util.JvmPauseMonitor$$Lambda$715/1595744513@24d16315] INFO  util.JvmPauseMonitor (JvmPauseMonitor.java:run(103)) - JvmPauseMonitor-0a62877e-9b7e-486c-aaaf-613dec44d4b9: Started
2022-08-27 01:04:27,542 [EndpointStateMachine task thread for /0.0.0.0:40273 - 0 ] INFO  server.XceiverServerGrpc (XceiverServerGrpc.java:start(180)) - XceiverServerGrpc 0a62877e-9b7e-486c-aaaf-613dec44d4b9 is started using port 44077
2022-08-27 01:04:27,642 [ReplicationMonitor] INFO  replication.ReplicationManager (ReplicationManager.java:processAll(255)) - Replication Manager is not ready to run until 3000ms after safemode exit
2022-08-27 01:04:27,748 [IPC Server handler 2 on default port 40273] INFO  net.NetworkTopologyImpl (NetworkTopologyImpl.java:add(112)) - Added a new node: /default-rack/a039d0ae-df73-484a-be43-6545be4aa139
2022-08-27 01:04:27,749 [IPC Server handler 2 on default port 40273] INFO  node.SCMNodeManager (SCMNodeManager.java:register(397)) - Registered Data node : a039d0ae-df73-484a-be43-6545be4aa139{ip: 10.1.1.170, host: fv-az41-820.zje5jq5y5x4uznwvdkgxk4wc2h.cx.internal.cloudapp.net, ports: [REPLICATION=37329, RATIS=35103, RATIS_ADMIN=35103, RATIS_SERVER=35103, STANDALONE=36133], networkLocation: /default-rack, certSerialId: null, persistedOpState: null, persistedOpStateExpiryEpochSec: 0}
2022-08-27 01:04:27,751 [EventQueue-NodeRegistrationContainerReportForContainerSafeModeRule] INFO  safemode.SCMSafeModeManager (SCMSafeModeManager.java:validateSafeModeExitRules(204)) - ContainerSafeModeRule rule is successfully validated
2022-08-27 01:04:27,753 [EventQueue-NewNodeForNewNodeHandler] INFO  pipeline.BackgroundPipelineCreator (BackgroundPipelineCreator.java:notifyEventTriggered(276)) - trigger a one-shot run on RatisPipelineUtilsThread.
2022-08-27 01:04:27,753 [EventQueue-NodeRegistrationContainerReportForDataNodeSafeModeRule] INFO  safemode.SCMSafeModeManager (DataNodeSafeModeRule.java:process(71)) - SCM in safe mode. 1 DataNodes registered, 3 required.
2022-08-27 01:04:27,753 [RatisPipelineUtilsThread - 0] INFO  pipeline.RatisPipelineProvider (RatisPipelineProvider.java:lambda$create$0(195)) - Sending CreatePipelineCommand for pipeline:PipelineID=5b74d031-3517-4909-b1a4-058a1f7a4144 to datanode:a039d0ae-df73-484a-be43-6545be4aa139
2022-08-27 01:04:27,754 [RatisPipelineUtilsThread - 0] INFO  pipeline.PipelineStateManagerImpl (PipelineStateManagerImpl.java:addPipeline(103)) - Created pipeline Pipeline[ Id: 5b74d031-3517-4909-b1a4-058a1f7a4144, Nodes: a039d0ae-df73-484a-be43-6545be4aa139{ip: 10.1.1.170, host: fv-az41-820.zje5jq5y5x4uznwvdkgxk4wc2h.cx.internal.cloudapp.net, ports: [REPLICATION=37329, RATIS=35103, RATIS_ADMIN=35103, RATIS_SERVER=35103, STANDALONE=36133], networkLocation: /default-rack, certSerialId: null, persistedOpState: IN_SERVICE, persistedOpStateExpiryEpochSec: 0}, ReplicationConfig: RATIS/ONE, State:ALLOCATED, leaderId:, CreationTimestamp2022-08-27T01:04:27.753Z[Etc/UTC]].
2022-08-27 01:04:27,757 [EventQueue-PipelineReportForOneReplicaPipelineSafeModeRule] INFO  safemode.SCMSafeModeManager (SCMSafeModeManager.java:validateSafeModeExitRules(204)) - AtleastOneDatanodeReportedRule rule is successfully validated
2022-08-27 01:04:27,830 [EndpointStateMachine task thread for /0.0.0.0:40273 - 0 ] INFO  volume.HddsVolume (HddsVolume.java:createDbStore(310)) - SchemaV3 db is created and loaded at /home/runner/work/ozone/ozone/hadoop-ozone/integration-test/target/test-dir/MiniOzoneClusterImpl-6c28598a-b70a-49df-9254-251c667aa325/datanode-4/data-0/containers/hdds/6c28598a-b70a-49df-9254-251c667aa325/DS-da1c007a-9a9a-446c-9739-61140658da2e/container.db for volume DS-da1c007a-9a9a-446c-9739-61140658da2e
2022-08-27 01:04:27,831 [EndpointStateMachine task thread for /0.0.0.0:40273 - 0 ] INFO  volume.HddsVolume (HddsVolume.java:closeDbStore(341)) - SchemaV3 db is stopped at /home/runner/work/ozone/ozone/hadoop-ozone/integration-test/target/test-dir/MiniOzoneClusterImpl-6c28598a-b70a-49df-9254-251c667aa325/datanode-4/data-0/containers/hdds/6c28598a-b70a-49df-9254-251c667aa325/DS-da1c007a-9a9a-446c-9739-61140658da2e/container.db for volume DS-da1c007a-9a9a-446c-9739-61140658da2e
2022-08-27 01:04:27,831 [EndpointStateMachine task thread for /0.0.0.0:40273 - 0 ] INFO  ozoneimpl.OzoneContainer (OzoneContainer.java:start(377)) - Attempting to start container services.
2022-08-27 01:04:27,831 [EndpointStateMachine task thread for /0.0.0.0:40273 - 0 ] INFO  ozoneimpl.OzoneContainer (OzoneContainer.java:startContainerScrub(312)) - Background container scanner has been disabled.
2022-08-27 01:04:27,833 [EndpointStateMachine task thread for /0.0.0.0:40273 - 0 ] INFO  replication.ReplicationServer (ReplicationServer.java:start(111)) - ReplicationServer is started using port 42923
2022-08-27 01:04:27,833 [EndpointStateMachine task thread for /0.0.0.0:40273 - 0 ] INFO  ratis.XceiverServerRatis (XceiverServerRatis.java:start(481)) - Starting XceiverServerRatis d4784843-40d7-47a0-a720-93e541e68dac
2022-08-27 01:04:27,834 [EndpointStateMachine task thread for /0.0.0.0:40273 - 0 ] INFO  server.RaftServer (RaftServerProxy.java:lambda$start$6(382)) - d4784843-40d7-47a0-a720-93e541e68dac: start RPC server
2022-08-27 01:04:27,835 [EndpointStateMachine task thread for /0.0.0.0:40273 - 0 ] INFO  server.GrpcService (GrpcService.java:startImpl(260)) - d4784843-40d7-47a0-a720-93e541e68dac: GrpcService started, listening on 39719
2022-08-27 01:04:27,835 [EndpointStateMachine task thread for /0.0.0.0:40273 - 0 ] INFO  ratis.XceiverServerRatis (XceiverServerRatis.java:getRealPort(502)) - XceiverServerRatis d4784843-40d7-47a0-a720-93e541e68dac is started using port 39719 for RATIS
2022-08-27 01:04:27,836 [EndpointStateMachine task thread for /0.0.0.0:40273 - 0 ] INFO  ratis.XceiverServerRatis (XceiverServerRatis.java:getRealPort(502)) - XceiverServerRatis d4784843-40d7-47a0-a720-93e541e68dac is started using port 39719 for RATIS_ADMIN
2022-08-27 01:04:27,836 [org.apache.ratis.util.JvmPauseMonitor$$Lambda$715/1595744513@147896] INFO  util.JvmPauseMonitor (JvmPauseMonitor.java:run(103)) - JvmPauseMonitor-d4784843-40d7-47a0-a720-93e541e68dac: Started
2022-08-27 01:04:27,836 [EndpointStateMachine task thread for /0.0.0.0:40273 - 0 ] INFO  ratis.XceiverServerRatis (XceiverServerRatis.java:getRealPort(502)) - XceiverServerRatis d4784843-40d7-47a0-a720-93e541e68dac is started using port 39719 for RATIS_SERVER
2022-08-27 01:04:27,837 [EndpointStateMachine task thread for /0.0.0.0:40273 - 0 ] INFO  server.XceiverServerGrpc (XceiverServerGrpc.java:start(180)) - XceiverServerGrpc d4784843-40d7-47a0-a720-93e541e68dac is started using port 45613
2022-08-27 01:04:28,092 [Listener at 127.0.0.1/46359] INFO  ozone.MiniOzoneClusterImpl (MiniOzoneClusterImpl.java:lambda$waitForClusterToBeReady$0(216)) - Waiting for nodes to be ready. Got 1 of 6 DN Heartbeats.
2022-08-27 01:04:28,092 [Listener at 127.0.0.1/46359] INFO  ozone.MiniOzoneClusterImpl (MiniOzoneClusterImpl.java:lambda$waitForClusterToBeReady$0(219)) - Waiting for cluster to exit safe mode
2022-08-27 01:04:28,092 [Listener at 127.0.0.1/46359] INFO  ozone.MiniOzoneClusterImpl (MiniOzoneClusterImpl.java:lambda$waitForClusterToBeReady$0(221)) - SCM became leader
2022-08-27 01:04:28,118 [EndpointStateMachine task thread for /0.0.0.0:40273 - 0 ] INFO  volume.HddsVolume (HddsVolume.java:createDbStore(310)) - SchemaV3 db is created and loaded at /home/runner/work/ozone/ozone/hadoop-ozone/integration-test/target/test-dir/MiniOzoneClusterImpl-6c28598a-b70a-49df-9254-251c667aa325/datanode-5/data-0/containers/hdds/6c28598a-b70a-49df-9254-251c667aa325/DS-1da7159f-e6b4-4322-8273-a93fe4acc963/container.db for volume DS-1da7159f-e6b4-4322-8273-a93fe4acc963
2022-08-27 01:04:28,119 [EndpointStateMachine task thread for /0.0.0.0:40273 - 0 ] INFO  volume.HddsVolume (HddsVolume.java:closeDbStore(341)) - SchemaV3 db is stopped at /home/runner/work/ozone/ozone/hadoop-ozone/integration-test/target/test-dir/MiniOzoneClusterImpl-6c28598a-b70a-49df-9254-251c667aa325/datanode-5/data-0/containers/hdds/6c28598a-b70a-49df-9254-251c667aa325/DS-1da7159f-e6b4-4322-8273-a93fe4acc963/container.db for volume DS-1da7159f-e6b4-4322-8273-a93fe4acc963
2022-08-27 01:04:28,119 [EndpointStateMachine task thread for /0.0.0.0:40273 - 0 ] INFO  ozoneimpl.OzoneContainer (OzoneContainer.java:start(377)) - Attempting to start container services.
2022-08-27 01:04:28,119 [EndpointStateMachine task thread for /0.0.0.0:40273 - 0 ] INFO  ozoneimpl.OzoneContainer (OzoneContainer.java:startContainerScrub(312)) - Background container scanner has been disabled.
2022-08-27 01:04:28,121 [EndpointStateMachine task thread for /0.0.0.0:40273 - 0 ] INFO  replication.ReplicationServer (ReplicationServer.java:start(111)) - ReplicationServer is started using port 43203
2022-08-27 01:04:28,121 [EndpointStateMachine task thread for /0.0.0.0:40273 - 0 ] INFO  ratis.XceiverServerRatis (XceiverServerRatis.java:start(481)) - Starting XceiverServerRatis e05f913a-27b5-42aa-8e2a-9d0aa99964f1
2022-08-27 01:04:28,123 [EndpointStateMachine task thread for /0.0.0.0:40273 - 0 ] INFO  server.RaftServer (RaftServerProxy.java:lambda$start$6(382)) - e05f913a-27b5-42aa-8e2a-9d0aa99964f1: start RPC server
2022-08-27 01:04:28,124 [EndpointStateMachine task thread for /0.0.0.0:40273 - 0 ] INFO  server.GrpcService (GrpcService.java:startImpl(260)) - e05f913a-27b5-42aa-8e2a-9d0aa99964f1: GrpcService started, listening on 43287
2022-08-27 01:04:28,124 [EndpointStateMachine task thread for /0.0.0.0:40273 - 0 ] INFO  ratis.XceiverServerRatis (XceiverServerRatis.java:getRealPort(502)) - XceiverServerRatis e05f913a-27b5-42aa-8e2a-9d0aa99964f1 is started using port 43287 for RATIS
2022-08-27 01:04:28,124 [EndpointStateMachine task thread for /0.0.0.0:40273 - 0 ] INFO  ratis.XceiverServerRatis (XceiverServerRatis.java:getRealPort(502)) - XceiverServerRatis e05f913a-27b5-42aa-8e2a-9d0aa99964f1 is started using port 43287 for RATIS_ADMIN
2022-08-27 01:04:28,124 [EndpointStateMachine task thread for /0.0.0.0:40273 - 0 ] INFO  ratis.XceiverServerRatis (XceiverServerRatis.java:getRealPort(502)) - XceiverServerRatis e05f913a-27b5-42aa-8e2a-9d0aa99964f1 is started using port 43287 for RATIS_SERVER
2022-08-27 01:04:28,125 [org.apache.ratis.util.JvmPauseMonitor$$Lambda$715/1595744513@751333] INFO  util.JvmPauseMonitor (JvmPauseMonitor.java:run(103)) - JvmPauseMonitor-e05f913a-27b5-42aa-8e2a-9d0aa99964f1: Started
2022-08-27 01:04:28,125 [EndpointStateMachine task thread for /0.0.0.0:40273 - 0 ] INFO  server.XceiverServerGrpc (XceiverServerGrpc.java:start(180)) - XceiverServerGrpc e05f913a-27b5-42aa-8e2a-9d0aa99964f1 is started using port 46017
2022-08-27 01:04:28,260 [ReplicationMonitor] INFO  replication.LegacyReplicationManager (LegacyReplicationManager.java:forceCloseContainer(1108)) - Force closing container #1 with BCSID 74, which is in QUASI_CLOSED state.
2022-08-27 01:04:28,260 [ReplicationMonitor] INFO  replication.LegacyReplicationManager (LegacyReplicationManager.java:sendCloseCommand(1512)) - Sending close container command for container #1 to datanode dfcf168e-5082-4f01-a2db-1567ea82e82e{ip: 10.1.1.170, host: fv-az41-820.zje5jq5y5x4uznwvdkgxk4wc2h.cx.internal.cloudapp.net, ports: [REPLICATION=32809, RATIS=43507, RATIS_ADMIN=43507, RATIS_SERVER=43507, STANDALONE=44991], networkLocation: /default-rack, certSerialId: null, persistedOpState: DECOMMISSIONING, persistedOpStateExpiryEpochSec: 0}.
2022-08-27 01:04:28,260 [ReplicationMonitor] INFO  replication.LegacyReplicationManager (LegacyReplicationManager.java:sendCloseCommand(1512)) - Sending close container command for container #1 to datanode 05d44c0e-1782-4690-a3a2-3f7220b81a92{ip: 10.1.1.170, host: fv-az41-820.zje5jq5y5x4uznwvdkgxk4wc2h.cx.internal.cloudapp.net, ports: [REPLICATION=42307, RATIS=38247, RATIS_ADMIN=38247, RATIS_SERVER=38247, STANDALONE=35439], networkLocation: /default-rack, certSerialId: null, persistedOpState: IN_SERVICE, persistedOpStateExpiryEpochSec: 0}.
2022-08-27 01:04:28,260 [ReplicationMonitor] INFO  replication.LegacyReplicationManager (LegacyReplicationManager.java:sendCloseCommand(1512)) - Sending close container command for container #1 to datanode 2bc1abba-7388-4eaf-8abd-93bce01f8f00{ip: 10.1.1.170, host: fv-az41-820.zje5jq5y5x4uznwvdkgxk4wc2h.cx.internal.cloudapp.net, ports: [REPLICATION=38427, RATIS=41545, RATIS_ADMIN=41545, RATIS_SERVER=41545, STANDALONE=42701], networkLocation: /default-rack, certSerialId: null, persistedOpState: IN_SERVICE, persistedOpStateExpiryEpochSec: 0}.
2022-08-27 01:04:28,260 [ReplicationMonitor] INFO  replication.LegacyReplicationManager (LegacyReplicationManager.java:forceCloseContainer(1108)) - Force closing container #2 with BCSID 78, which is in QUASI_CLOSED state.
2022-08-27 01:04:28,260 [ReplicationMonitor] INFO  replication.LegacyReplicationManager (LegacyReplicationManager.java:sendCloseCommand(1512)) - Sending close container command for container #2 to datanode dfcf168e-5082-4f01-a2db-1567ea82e82e{ip: 10.1.1.170, host: fv-az41-820.zje5jq5y5x4uznwvdkgxk4wc2h.cx.internal.cloudapp.net, ports: [REPLICATION=32809, RATIS=43507, RATIS_ADMIN=43507, RATIS_SERVER=43507, STANDALONE=44991], networkLocation: /default-rack, certSerialId: null, persistedOpState: DECOMMISSIONING, persistedOpStateExpiryEpochSec: 0}.
2022-08-27 01:04:28,260 [ReplicationMonitor] INFO  replication.LegacyReplicationManager (LegacyReplicationManager.java:sendCloseCommand(1512)) - Sending close container command for container #2 to datanode 05d44c0e-1782-4690-a3a2-3f7220b81a92{ip: 10.1.1.170, host: fv-az41-820.zje5jq5y5x4uznwvdkgxk4wc2h.cx.internal.cloudapp.net, ports: [REPLICATION=42307, RATIS=38247, RATIS_ADMIN=38247, RATIS_SERVER=38247, STANDALONE=35439], networkLocation: /default-rack, certSerialId: null, persistedOpState: IN_SERVICE, persistedOpStateExpiryEpochSec: 0}.
2022-08-27 01:04:28,260 [ReplicationMonitor] INFO  replication.LegacyReplicationManager (LegacyReplicationManager.java:sendCloseCommand(1512)) - Sending close container command for container #2 to datanode 2bc1abba-7388-4eaf-8abd-93bce01f8f00{ip: 10.1.1.170, host: fv-az41-820.zje5jq5y5x4uznwvdkgxk4wc2h.cx.internal.cloudapp.net, ports: [REPLICATION=38427, RATIS=41545, RATIS_ADMIN=41545, RATIS_SERVER=41545, STANDALONE=42701], networkLocation: /default-rack, certSerialId: null, persistedOpState: IN_SERVICE, persistedOpStateExpiryEpochSec: 0}.
2022-08-27 01:04:28,261 [ReplicationMonitor] INFO  replication.LegacyReplicationManager (LegacyReplicationManager.java:forceCloseContainer(1108)) - Force closing container #3 with BCSID 70, which is in QUASI_CLOSED state.
2022-08-27 01:04:28,261 [ReplicationMonitor] INFO  replication.LegacyReplicationManager (LegacyReplicationManager.java:sendCloseCommand(1512)) - Sending close container command for container #3 to datanode 05d44c0e-1782-4690-a3a2-3f7220b81a92{ip: 10.1.1.170, host: fv-az41-820.zje5jq5y5x4uznwvdkgxk4wc2h.cx.internal.cloudapp.net, ports: [REPLICATION=42307, RATIS=38247, RATIS_ADMIN=38247, RATIS_SERVER=38247, STANDALONE=35439], networkLocation: /default-rack, certSerialId: null, persistedOpState: IN_SERVICE, persistedOpStateExpiryEpochSec: 0}.
2022-08-27 01:04:28,261 [ReplicationMonitor] INFO  replication.LegacyReplicationManager (LegacyReplicationManager.java:sendCloseCommand(1512)) - Sending close container command for container #3 to datanode dfcf168e-5082-4f01-a2db-1567ea82e82e{ip: 10.1.1.170, host: fv-az41-820.zje5jq5y5x4uznwvdkgxk4wc2h.cx.internal.cloudapp.net, ports: [REPLICATION=32809, RATIS=43507, RATIS_ADMIN=43507, RATIS_SERVER=43507, STANDALONE=44991], networkLocation: /default-rack, certSerialId: null, persistedOpState: DECOMMISSIONING, persistedOpStateExpiryEpochSec: 0}.
2022-08-27 01:04:28,261 [ReplicationMonitor] INFO  replication.LegacyReplicationManager (LegacyReplicationManager.java:sendCloseCommand(1512)) - Sending close container command for container #3 to datanode 2bc1abba-7388-4eaf-8abd-93bce01f8f00{ip: 10.1.1.170, host: fv-az41-820.zje5jq5y5x4uznwvdkgxk4wc2h.cx.internal.cloudapp.net, ports: [REPLICATION=38427, RATIS=41545, RATIS_ADMIN=41545, RATIS_SERVER=41545, STANDALONE=42701], networkLocation: /default-rack, certSerialId: null, persistedOpState: IN_SERVICE, persistedOpStateExpiryEpochSec: 0}.
2022-08-27 01:04:28,261 [ReplicationMonitor] INFO  replication.ReplicationManager (ReplicationManager.java:processAll(293)) - Replication Monitor Thread took 2 milliseconds for processing 3 containers.
2022-08-27 01:04:28,266 [DatanodeAdminManager-0] INFO  node.DatanodeAdminMonitorImpl (DatanodeAdminMonitorImpl.java:checkContainersReplicatedOnNode(306)) - Under Replicated Container #1 Container State: QUASI_CLOSED Replica Count: 3 Healthy Count: 2 Decommission Count: 1 Maintenance Count: 0 inFlightAdd Count: 0 inFightDel Count: 0 ReplicationFactor: 3 minMaintenance Count: 2; Replicas{ContainerReplica{containerID=#1, state=QUASI_CLOSED, datanodeDetails=dfcf168e-5082-4f01-a2db-1567ea82e82e{ip: 10.1.1.170, host: fv-az41-820.zje5jq5y5x4uznwvdkgxk4wc2h.cx.internal.cloudapp.net, ports: [REPLICATION=32809, RATIS=43507, RATIS_ADMIN=43507, RATIS_SERVER=43507, STANDALONE=44991], networkLocation: /default-rack, certSerialId: null, persistedOpState: DECOMMISSIONING, persistedOpStateExpiryEpochSec: 0}, placeOfBirth=dfcf168e-5082-4f01-a2db-1567ea82e82e, sequenceId=74, keyCount=7, bytesUsed=133},ContainerReplica{containerID=#1, state=QUASI_CLOSED, datanodeDetails=05d44c0e-1782-4690-a3a2-3f7220b81a92{ip: 10.1.1.170, host: fv-az41-820.zje5jq5y5x4uznwvdkgxk4wc2h.cx.internal.cloudapp.net, ports: [REPLICATION=42307, RATIS=38247, RATIS_ADMIN=38247, RATIS_SERVER=38247, STANDALONE=35439], networkLocation: /default-rack, certSerialId: null, persistedOpState: IN_SERVICE, persistedOpStateExpiryEpochSec: 0}, placeOfBirth=05d44c0e-1782-4690-a3a2-3f7220b81a92, sequenceId=74, keyCount=7, bytesUsed=133},ContainerReplica{containerID=#1, state=QUASI_CLOSED, datanodeDetails=2bc1abba-7388-4eaf-8abd-93bce01f8f00{ip: 10.1.1.170, host: fv-az41-820.zje5jq5y5x4uznwvdkgxk4wc2h.cx.internal.cloudapp.net, ports: [REPLICATION=38427, RATIS=41545, RATIS_ADMIN=41545, RATIS_SERVER=41545, STANDALONE=42701], networkLocation: /default-rack, certSerialId: null, persistedOpState: IN_SERVICE, persistedOpStateExpiryEpochSec: 0}, placeOfBirth=2bc1abba-7388-4eaf-8abd-93bce01f8f00, sequenceId=74, keyCount=7, bytesUsed=133}}
2022-08-27 01:04:28,266 [DatanodeAdminManager-0] INFO  node.DatanodeAdminMonitorImpl (DatanodeAdminMonitorImpl.java:checkContainersReplicatedOnNode(306)) - Under Replicated Container #2 Container State: QUASI_CLOSED Replica Count: 3 Healthy Count: 2 Decommission Count: 1 Maintenance Count: 0 inFlightAdd Count: 0 inFightDel Count: 0 ReplicationFactor: 3 minMaintenance Count: 2; Replicas{ContainerReplica{containerID=#2, state=QUASI_CLOSED, datanodeDetails=dfcf168e-5082-4f01-a2db-1567ea82e82e{ip: 10.1.1.170, host: fv-az41-820.zje5jq5y5x4uznwvdkgxk4wc2h.cx.internal.cloudapp.net, ports: [REPLICATION=32809, RATIS=43507, RATIS_ADMIN=43507, RATIS_SERVER=43507, STANDALONE=44991], networkLocation: /default-rack, certSerialId: null, persistedOpState: DECOMMISSIONING, persistedOpStateExpiryEpochSec: 0}, placeOfBirth=dfcf168e-5082-4f01-a2db-1567ea82e82e, sequenceId=78, keyCount=7, bytesUsed=133},ContainerReplica{containerID=#2, state=QUASI_CLOSED, datanodeDetails=05d44c0e-1782-4690-a3a2-3f7220b81a92{ip: 10.1.1.170, host: fv-az41-820.zje5jq5y5x4uznwvdkgxk4wc2h.cx.internal.cloudapp.net, ports: [REPLICATION=42307, RATIS=38247, RATIS_ADMIN=38247, RATIS_SERVER=38247, STANDALONE=35439], networkLocation: /default-rack, certSerialId: null, persistedOpState: IN_SERVICE, persistedOpStateExpiryEpochSec: 0}, placeOfBirth=05d44c0e-1782-4690-a3a2-3f7220b81a92, sequenceId=78, keyCount=7, bytesUsed=133},ContainerReplica{containerID=#2, state=QUASI_CLOSED, datanodeDetails=2bc1abba-7388-4eaf-8abd-93bce01f8f00{ip: 10.1.1.170, host: fv-az41-820.zje5jq5y5x4uznwvdkgxk4wc2h.cx.internal.cloudapp.net, ports: [REPLICATION=38427, RATIS=41545, RATIS_ADMIN=41545, RATIS_SERVER=41545, STANDALONE=42701], networkLocation: /default-rack, certSerialId: null, persistedOpState: IN_SERVICE, persistedOpStateExpiryEpochSec: 0}, placeOfBirth=2bc1abba-7388-4eaf-8abd-93bce01f8f00, sequenceId=78, keyCount=7, bytesUsed=133}}
2022-08-27 01:04:28,267 [DatanodeAdminManager-0] INFO  node.DatanodeAdminMonitorImpl (DatanodeAdminMonitorImpl.java:checkContainersReplicatedOnNode(306)) - Under Replicated Container #3 Container State: QUASI_CLOSED Replica Count: 3 Healthy Count: 2 Decommission Count: 1 Maintenance Count: 0 inFlightAdd Count: 0 inFightDel Count: 0 ReplicationFactor: 3 minMaintenance Count: 2; Replicas{ContainerReplica{containerID=#3, state=QUASI_CLOSED, datanodeDetails=05d44c0e-1782-4690-a3a2-3f7220b81a92{ip: 10.1.1.170, host: fv-az41-820.zje5jq5y5x4uznwvdkgxk4wc2h.cx.internal.cloudapp.net, ports: [REPLICATION=42307, RATIS=38247, RATIS_ADMIN=38247, RATIS_SERVER=38247, STANDALONE=35439], networkLocation: /default-rack, certSerialId: null, persistedOpState: IN_SERVICE, persistedOpStateExpiryEpochSec: 0}, placeOfBirth=05d44c0e-1782-4690-a3a2-3f7220b81a92, sequenceId=70, keyCount=6, bytesUsed=114},ContainerReplica{containerID=#3, state=QUASI_CLOSED, datanodeDetails=dfcf168e-5082-4f01-a2db-1567ea82e82e{ip: 10.1.1.170, host: fv-az41-820.zje5jq5y5x4uznwvdkgxk4wc2h.cx.internal.cloudapp.net, ports: [REPLICATION=32809, RATIS=43507, RATIS_ADMIN=43507, RATIS_SERVER=43507, STANDALONE=44991], networkLocation: /default-rack, certSerialId: null, persistedOpState: DECOMMISSIONING, persistedOpStateExpiryEpochSec: 0}, placeOfBirth=dfcf168e-5082-4f01-a2db-1567ea82e82e, sequenceId=70, keyCount=6, bytesUsed=114},ContainerReplica{containerID=#3, state=QUASI_CLOSED, datanodeDetails=2bc1abba-7388-4eaf-8abd-93bce01f8f00{ip: 10.1.1.170, host: fv-az41-820.zje5jq5y5x4uznwvdkgxk4wc2h.cx.internal.cloudapp.net, ports: [REPLICATION=38427, RATIS=41545, RATIS_ADMIN=41545, RATIS_SERVER=41545, STANDALONE=42701], networkLocation: /default-rack, certSerialId: null, persistedOpState: IN_SERVICE, persistedOpStateExpiryEpochSec: 0}, placeOfBirth=2bc1abba-7388-4eaf-8abd-93bce01f8f00, sequenceId=70, keyCount=6, bytesUsed=114}}
2022-08-27 01:04:28,267 [DatanodeAdminManager-0] INFO  node.DatanodeAdminMonitorImpl (DatanodeAdminMonitorImpl.java:checkContainersReplicatedOnNode(327)) - dfcf168e-5082-4f01-a2db-1567ea82e82e{ip: 10.1.1.170, host: fv-az41-820.zje5jq5y5x4uznwvdkgxk4wc2h.cx.internal.cloudapp.net, ports: [REPLICATION=32809, RATIS=43507, RATIS_ADMIN=43507, RATIS_SERVER=43507, STANDALONE=44991], networkLocation: /default-rack, certSerialId: null, persistedOpState: DECOMMISSIONING, persistedOpStateExpiryEpochSec: 0} has 0 sufficientlyReplicated, 3 underReplicated and 0 unhealthy containers
2022-08-27 01:04:28,267 [DatanodeAdminManager-0] INFO  node.DatanodeAdminMonitorImpl (DatanodeAdminMonitorImpl.java:run(148)) - There are 1 nodes tracked for decommission and maintenance. 0 pending nodes.
2022-08-27 01:04:28,378 [IPC Server handler 2 on default port 40273] INFO  net.NetworkTopologyImpl (NetworkTopologyImpl.java:add(112)) - Added a new node: /default-rack/aacd29cb-552c-424c-841b-ce75a537e611
2022-08-27 01:04:28,379 [IPC Server handler 2 on default port 40273] INFO  node.SCMNodeManager (SCMNodeManager.java:register(397)) - Registered Data node : aacd29cb-552c-424c-841b-ce75a537e611{ip: 10.1.1.170, host: fv-az41-820.zje5jq5y5x4uznwvdkgxk4wc2h.cx.internal.cloudapp.net, ports: [REPLICATION=40661, RATIS=39611, RATIS_ADMIN=39611, RATIS_SERVER=39611, STANDALONE=41227], networkLocation: /default-rack, certSerialId: null, persistedOpState: null, persistedOpStateExpiryEpochSec: 0}
2022-08-27 01:04:28,379 [EventQueue-NewNodeForNewNodeHandler] INFO  pipeline.BackgroundPipelineCreator (BackgroundPipelineCreator.java:notifyEventTriggered(276)) - trigger a one-shot run on RatisPipelineUtilsThread.
2022-08-27 01:04:28,380 [EventQueue-NodeRegistrationContainerReportForDataNodeSafeModeRule] INFO  safemode.SCMSafeModeManager (DataNodeSafeModeRule.java:process(71)) - SCM in safe mode. 2 DataNodes registered, 3 required.
2022-08-27 01:04:28,380 [RatisPipelineUtilsThread - 0] INFO  pipeline.RatisPipelineProvider (RatisPipelineProvider.java:lambda$create$0(195)) - Sending CreatePipelineCommand for pipeline:PipelineID=a2851470-db3a-46a4-81b8-2ea61c4b0a29 to datanode:aacd29cb-552c-424c-841b-ce75a537e611
2022-08-27 01:04:28,381 [RatisPipelineUtilsThread - 0] INFO  pipeline.PipelineStateManagerImpl (PipelineStateManagerImpl.java:addPipeline(103)) - Created pipeline Pipeline[ Id: a2851470-db3a-46a4-81b8-2ea61c4b0a29, Nodes: aacd29cb-552c-424c-841b-ce75a537e611{ip: 10.1.1.170, host: fv-az41-820.zje5jq5y5x4uznwvdkgxk4wc2h.cx.internal.cloudapp.net, ports: [REPLICATION=40661, RATIS=39611, RATIS_ADMIN=39611, RATIS_SERVER=39611, STANDALONE=41227], networkLocation: /default-rack, certSerialId: null, persistedOpState: IN_SERVICE, persistedOpStateExpiryEpochSec: 0}, ReplicationConfig: RATIS/ONE, State:ALLOCATED, leaderId:, CreationTimestamp2022-08-27T01:04:28.380Z[Etc/UTC]].
2022-08-27 01:04:28,486 [Command processor thread] INFO  keyvalue.KeyValueContainer (KeyValueContainer.java:flushAndSyncDB(436)) - Container 1 is synced with bcsId 74.
2022-08-27 01:04:28,487 [Command processor thread] INFO  keyvalue.KeyValueContainer (KeyValueContainer.java:flushAndSyncDB(436)) - Container 1 is synced with bcsId 74.
2022-08-27 01:04:28,488 [Command processor thread] INFO  keyvalue.KeyValueContainer (KeyValueContainer.java:close(351)) - Container 1 is closed with bcsId 74.
2022-08-27 01:04:28,489 [Command processor thread] INFO  keyvalue.KeyValueContainer (KeyValueContainer.java:flushAndSyncDB(436)) - Container 2 is synced with bcsId 78.
2022-08-27 01:04:28,489 [Command processor thread] INFO  keyvalue.KeyValueContainer (KeyValueContainer.java:flushAndSyncDB(436)) - Container 2 is synced with bcsId 78.
2022-08-27 01:04:28,490 [FixedThreadPoolWithAffinityExecutor-1-0] INFO  container.IncrementalContainerReportHandler (AbstractContainerReportHandler.java:updateContainerState(318)) - Moving container #1 to CLOSED state, datanode dfcf168e-5082-4f01-a2db-1567ea82e82e{ip: 10.1.1.170, host: fv-az41-820.zje5jq5y5x4uznwvdkgxk4wc2h.cx.internal.cloudapp.net, ports: [REPLICATION=32809, RATIS=43507, RATIS_ADMIN=43507, RATIS_SERVER=43507, STANDALONE=44991], networkLocation: /default-rack, certSerialId: null, persistedOpState: DECOMMISSIONING, persistedOpStateExpiryEpochSec: 0} reported CLOSED replica.
2022-08-27 01:04:28,490 [Command processor thread] INFO  keyvalue.KeyValueContainer (KeyValueContainer.java:close(351)) - Container 2 is closed with bcsId 78.
2022-08-27 01:04:28,490 [Command processor thread] INFO  keyvalue.KeyValueContainer (KeyValueContainer.java:flushAndSyncDB(436)) - Container 3 is synced with bcsId 70.
2022-08-27 01:04:28,491 [Command processor thread] INFO  keyvalue.KeyValueContainer (KeyValueContainer.java:flushAndSyncDB(436)) - Container 3 is synced with bcsId 70.
2022-08-27 01:04:28,492 [Command processor thread] INFO  keyvalue.KeyValueContainer (KeyValueContainer.java:close(351)) - Container 3 is closed with bcsId 70.
2022-08-27 01:04:28,492 [FixedThreadPoolWithAffinityExecutor-8-0] INFO  container.IncrementalContainerReportHandler (AbstractContainerReportHandler.java:updateContainerState(318)) - Moving container #2 to CLOSED state, datanode dfcf168e-5082-4f01-a2db-1567ea82e82e{ip: 10.1.1.170, host: fv-az41-820.zje5jq5y5x4uznwvdkgxk4wc2h.cx.internal.cloudapp.net, ports: [REPLICATION=32809, RATIS=43507, RATIS_ADMIN=43507, RATIS_SERVER=43507, STANDALONE=44991], networkLocation: /default-rack, certSerialId: null, persistedOpState: DECOMMISSIONING, persistedOpStateExpiryEpochSec: 0} reported CLOSED replica.
2022-08-27 01:04:28,493 [FixedThreadPoolWithAffinityExecutor-0-0] INFO  container.IncrementalContainerReportHandler (AbstractContainerReportHandler.java:updateContainerState(318)) - Moving container #3 to CLOSED state, datanode dfcf168e-5082-4f01-a2db-1567ea82e82e{ip: 10.1.1.170, host: fv-az41-820.zje5jq5y5x4uznwvdkgxk4wc2h.cx.internal.cloudapp.net, ports: [REPLICATION=32809, RATIS=43507, RATIS_ADMIN=43507, RATIS_SERVER=43507, STANDALONE=44991], networkLocation: /default-rack, certSerialId: null, persistedOpState: DECOMMISSIONING, persistedOpStateExpiryEpochSec: 0} reported CLOSED replica.
2022-08-27 01:04:28,642 [ReplicationMonitor] INFO  replication.ReplicationManager (ReplicationManager.java:processAll(255)) - Replication Manager is not ready to run until 3000ms after safemode exit
2022-08-27 01:04:28,655 [Command processor thread] INFO  keyvalue.KeyValueContainer (KeyValueContainer.java:flushAndSyncDB(436)) - Container 1 is synced with bcsId 74.
2022-08-27 01:04:28,655 [Command processor thread] INFO  keyvalue.KeyValueContainer (KeyValueContainer.java:flushAndSyncDB(436)) - Container 1 is synced with bcsId 74.
2022-08-27 01:04:28,657 [Command processor thread] INFO  keyvalue.KeyValueContainer (KeyValueContainer.java:close(351)) - Container 1 is closed with bcsId 74.
2022-08-27 01:04:28,658 [Command processor thread] INFO  keyvalue.KeyValueContainer (KeyValueContainer.java:flushAndSyncDB(436)) - Container 2 is synced with bcsId 78.
2022-08-27 01:04:28,658 [Command processor thread] INFO  keyvalue.KeyValueContainer (KeyValueContainer.java:flushAndSyncDB(436)) - Container 2 is synced with bcsId 78.
2022-08-27 01:04:28,659 [Command processor thread] INFO  keyvalue.KeyValueContainer (KeyValueContainer.java:close(351)) - Container 2 is closed with bcsId 78.
2022-08-27 01:04:28,659 [Command processor thread] INFO  keyvalue.KeyValueContainer (KeyValueContainer.java:flushAndSyncDB(436)) - Container 3 is synced with bcsId 70.
2022-08-27 01:04:28,659 [Command processor thread] INFO  keyvalue.KeyValueContainer (KeyValueContainer.java:flushAndSyncDB(436)) - Container 3 is synced with bcsId 70.
2022-08-27 01:04:28,661 [Command processor thread] INFO  keyvalue.KeyValueContainer (KeyValueContainer.java:close(351)) - Container 3 is closed with bcsId 70.
2022-08-27 01:04:28,663 [Command processor thread] INFO  keyvalue.KeyValueContainer (KeyValueContainer.java:flushAndSyncDB(436)) - Container 1 is synced with bcsId 74.
2022-08-27 01:04:28,663 [Command processor thread] INFO  keyvalue.KeyValueContainer (KeyValueContainer.java:flushAndSyncDB(436)) - Container 1 is synced with bcsId 74.
2022-08-27 01:04:28,664 [Command processor thread] INFO  keyvalue.KeyValueContainer (KeyValueContainer.java:close(351)) - Container 1 is closed with bcsId 74.
2022-08-27 01:04:28,664 [Command processor thread] INFO  keyvalue.KeyValueContainer (KeyValueContainer.java:flushAndSyncDB(436)) - Container 2 is synced with bcsId 78.
2022-08-27 01:04:28,664 [Command processor thread] INFO  keyvalue.KeyValueContainer (KeyValueContainer.java:flushAndSyncDB(436)) - Container 2 is synced with bcsId 78.
2022-08-27 01:04:28,666 [Command processor thread] INFO  keyvalue.KeyValueContainer (KeyValueContainer.java:close(351)) - Container 2 is closed with bcsId 78.
2022-08-27 01:04:28,667 [Command processor thread] INFO  keyvalue.KeyValueContainer (KeyValueContainer.java:flushAndSyncDB(436)) - Container 3 is synced with bcsId 70.
2022-08-27 01:04:28,667 [Command processor thread] INFO  keyvalue.KeyValueContainer (KeyValueContainer.java:flushAndSyncDB(436)) - Container 3 is synced with bcsId 70.
2022-08-27 01:04:28,668 [Command processor thread] INFO  keyvalue.KeyValueContainer (KeyValueContainer.java:close(351)) - Container 3 is closed with bcsId 70.
2022-08-27 01:04:29,092 [Listener at 127.0.0.1/46359] INFO  ozone.MiniOzoneClusterImpl (MiniOzoneClusterImpl.java:lambda$waitForClusterToBeReady$0(216)) - Waiting for nodes to be ready. Got 2 of 6 DN Heartbeats.
2022-08-27 01:04:29,093 [Listener at 127.0.0.1/46359] INFO  ozone.MiniOzoneClusterImpl (MiniOzoneClusterImpl.java:lambda$waitForClusterToBeReady$0(219)) - Waiting for cluster to exit safe mode
2022-08-27 01:04:29,093 [Listener at 127.0.0.1/46359] INFO  ozone.MiniOzoneClusterImpl (MiniOzoneClusterImpl.java:lambda$waitForClusterToBeReady$0(221)) - SCM became leader
2022-08-27 01:04:29,163 [IPC Server handler 2 on default port 40273] INFO  net.NetworkTopologyImpl (NetworkTopologyImpl.java:add(112)) - Added a new node: /default-rack/4533084f-140e-42f6-9ba1-ce945919c4fc
2022-08-27 01:04:29,163 [IPC Server handler 2 on default port 40273] INFO  node.SCMNodeManager (SCMNodeManager.java:register(397)) - Registered Data node : 4533084f-140e-42f6-9ba1-ce945919c4fc{ip: 10.1.1.170, host: fv-az41-820.zje5jq5y5x4uznwvdkgxk4wc2h.cx.internal.cloudapp.net, ports: [REPLICATION=36135, RATIS=35021, RATIS_ADMIN=35021, RATIS_SERVER=35021, STANDALONE=41387], networkLocation: /default-rack, certSerialId: null, persistedOpState: null, persistedOpStateExpiryEpochSec: 0}
2022-08-27 01:04:29,163 [EventQueue-NewNodeForNewNodeHandler] INFO  pipeline.BackgroundPipelineCreator (BackgroundPipelineCreator.java:notifyEventTriggered(276)) - trigger a one-shot run on RatisPipelineUtilsThread.
2022-08-27 01:04:29,163 [EventQueue-NodeRegistrationContainerReportForDataNodeSafeModeRule] INFO  safemode.SCMSafeModeManager (DataNodeSafeModeRule.java:process(71)) - SCM in safe mode. 3 DataNodes registered, 3 required.
2022-08-27 01:04:29,163 [EventQueue-NodeRegistrationContainerReportForDataNodeSafeModeRule] INFO  safemode.SCMSafeModeManager (SCMSafeModeManager.java:validateSafeModeExitRules(204)) - DataNodeSafeModeRule rule is successfully validated
2022-08-27 01:04:29,163 [EventQueue-NodeRegistrationContainerReportForDataNodeSafeModeRule] INFO  safemode.SCMSafeModeManager (SCMSafeModeManager.java:completePreCheck(233)) - All SCM safe mode pre check rules have passed
2022-08-27 01:04:29,163 [EventQueue-NodeRegistrationContainerReportForDataNodeSafeModeRule] WARN  events.EventQueue (EventQueue.java:fireEvent(216)) - No event handler registered for event TypedEvent{payloadType=SafeModeStatus, name='Safe mode status'}
2022-08-27 01:04:29,164 [EventQueue-NodeRegistrationContainerReportForDataNodeSafeModeRule] INFO  ha.SCMContext (SCMContext.java:updateSafeModeStatus(228)) - Update SafeModeStatus from SafeModeStatus{safeModeStatus=true, preCheckPassed=false} to SafeModeStatus{safeModeStatus=true, preCheckPassed=true}.
2022-08-27 01:04:29,164 [EventQueue-NodeRegistrationContainerReportForDataNodeSafeModeRule] INFO  pipeline.BackgroundPipelineCreator (BackgroundPipelineCreator.java:notifyEventTriggered(276)) - trigger a one-shot run on RatisPipelineUtilsThread.
2022-08-27 01:04:29,164 [RatisPipelineUtilsThread - 0] INFO  pipeline.RatisPipelineProvider (RatisPipelineProvider.java:lambda$create$0(195)) - Sending CreatePipelineCommand for pipeline:PipelineID=2312ccd0-84d1-413f-921d-ea6970893109 to datanode:4533084f-140e-42f6-9ba1-ce945919c4fc
2022-08-27 01:04:29,164 [RatisPipelineUtilsThread - 0] INFO  pipeline.PipelineStateManagerImpl (PipelineStateManagerImpl.java:addPipeline(103)) - Created pipeline Pipeline[ Id: 2312ccd0-84d1-413f-921d-ea6970893109, Nodes: 4533084f-140e-42f6-9ba1-ce945919c4fc{ip: 10.1.1.170, host: fv-az41-820.zje5jq5y5x4uznwvdkgxk4wc2h.cx.internal.cloudapp.net, ports: [REPLICATION=36135, RATIS=35021, RATIS_ADMIN=35021, RATIS_SERVER=35021, STANDALONE=41387], networkLocation: /default-rack, certSerialId: null, persistedOpState: IN_SERVICE, persistedOpStateExpiryEpochSec: 0}, ReplicationConfig: RATIS/ONE, State:ALLOCATED, leaderId:, CreationTimestamp2022-08-27T01:04:29.164Z[Etc/UTC]].
2022-08-27 01:04:29,165 [RatisPipelineUtilsThread - 0] INFO  pipeline.RatisPipelineProvider (RatisPipelineProvider.java:lambda$create$0(195)) - Sending CreatePipelineCommand for pipeline:PipelineID=4190c070-6848-4aad-b498-324f9073062a to datanode:aacd29cb-552c-424c-841b-ce75a537e611
2022-08-27 01:04:29,165 [RatisPipelineUtilsThread - 0] INFO  pipeline.RatisPipelineProvider (RatisPipelineProvider.java:lambda$create$0(195)) - Sending CreatePipelineCommand for pipeline:PipelineID=4190c070-6848-4aad-b498-324f9073062a to datanode:4533084f-140e-42f6-9ba1-ce945919c4fc
2022-08-27 01:04:29,165 [RatisPipelineUtilsThread - 0] INFO  pipeline.RatisPipelineProvider (RatisPipelineProvider.java:lambda$create$0(195)) - Sending CreatePipelineCommand for pipeline:PipelineID=4190c070-6848-4aad-b498-324f9073062a to datanode:a039d0ae-df73-484a-be43-6545be4aa139
2022-08-27 01:04:29,165 [RatisPipelineUtilsThread - 0] INFO  pipeline.PipelineStateManagerImpl (PipelineStateManagerImpl.java:addPipeline(103)) - Created pipeline Pipeline[ Id: 4190c070-6848-4aad-b498-324f9073062a, Nodes: aacd29cb-552c-424c-841b-ce75a537e611{ip: 10.1.1.170, host: fv-az41-820.zje5jq5y5x4uznwvdkgxk4wc2h.cx.internal.cloudapp.net, ports: [REPLICATION=40661, RATIS=39611, RATIS_ADMIN=39611, RATIS_SERVER=39611, STANDALONE=41227], networkLocation: /default-rack, certSerialId: null, persistedOpState: IN_SERVICE, persistedOpStateExpiryEpochSec: 0}4533084f-140e-42f6-9ba1-ce945919c4fc{ip: 10.1.1.170, host: fv-az41-820.zje5jq5y5x4uznwvdkgxk4wc2h.cx.internal.cloudapp.net, ports: [REPLICATION=36135, RATIS=35021, RATIS_ADMIN=35021, RATIS_SERVER=35021, STANDALONE=41387], networkLocation: /default-rack, certSerialId: null, persistedOpState: IN_SERVICE, persistedOpStateExpiryEpochSec: 0}a039d0ae-df73-484a-be43-6545be4aa139{ip: 10.1.1.170, host: fv-az41-820.zje5jq5y5x4uznwvdkgxk4wc2h.cx.internal.cloudapp.net, ports: [REPLICATION=37329, RATIS=35103, RATIS_ADMIN=35103, RATIS_SERVER=35103, STANDALONE=36133], networkLocation: /default-rack, certSerialId: null, persistedOpState: IN_SERVICE, persistedOpStateExpiryEpochSec: 0}, ReplicationConfig: RATIS/THREE, State:ALLOCATED, leaderId:, CreationTimestamp2022-08-27T01:04:29.165Z[Etc/UTC]].
2022-08-27 01:04:29,265 [ReplicationMonitor] INFO  replication.LegacyReplicationManager (LegacyReplicationManager.java:handleUnderReplicatedContainer(1195)) - Container #1 is under replicated. Expected replica count is 3, but found 2.
2022-08-27 01:04:29,265 [ReplicationMonitor] INFO  replication.LegacyReplicationManager (LegacyReplicationManager.java:sendReplicateCommand(1559)) - Sending replicate container command for container #1 to datanode 47218c16-f2d5-4cf1-b4da-5ee36f49a8d8{ip: 10.1.1.170, host: fv-az41-820.zje5jq5y5x4uznwvdkgxk4wc2h.cx.internal.cloudapp.net, ports: [REPLICATION=42559, RATIS=36037, RATIS_ADMIN=36037, RATIS_SERVER=36037, STANDALONE=34925], networkLocation: /default-rack, certSerialId: null, persistedOpState: IN_SERVICE, persistedOpStateExpiryEpochSec: 0} from datanodes [dfcf168e-5082-4f01-a2db-1567ea82e82e{ip: 10.1.1.170, host: fv-az41-820.zje5jq5y5x4uznwvdkgxk4wc2h.cx.internal.cloudapp.net, ports: [REPLICATION=32809, RATIS=43507, RATIS_ADMIN=43507, RATIS_SERVER=43507, STANDALONE=44991], networkLocation: /default-rack, certSerialId: null, persistedOpState: DECOMMISSIONING, persistedOpStateExpiryEpochSec: 0}, 05d44c0e-1782-4690-a3a2-3f7220b81a92{ip: 10.1.1.170, host: fv-az41-820.zje5jq5y5x4uznwvdkgxk4wc2h.cx.internal.cloudapp.net, ports: [REPLICATION=42307, RATIS=38247, RATIS_ADMIN=38247, RATIS_SERVER=38247, STANDALONE=35439], networkLocation: /default-rack, certSerialId: null, persistedOpState: IN_SERVICE, persistedOpStateExpiryEpochSec: 0}, 2bc1abba-7388-4eaf-8abd-93bce01f8f00{ip: 10.1.1.170, host: fv-az41-820.zje5jq5y5x4uznwvdkgxk4wc2h.cx.internal.cloudapp.net, ports: [REPLICATION=38427, RATIS=41545, RATIS_ADMIN=41545, RATIS_SERVER=41545, STANDALONE=42701], networkLocation: /default-rack, certSerialId: null, persistedOpState: IN_SERVICE, persistedOpStateExpiryEpochSec: 0}]
2022-08-27 01:04:29,266 [DatanodeAdminManager-0] INFO  node.DatanodeAdminMonitorImpl (DatanodeAdminMonitorImpl.java:checkContainersReplicatedOnNode(306)) - Under Replicated Container #1 Container State: CLOSED Replica Count: 3 Healthy Count: 2 Decommission Count: 1 Maintenance Count: 0 inFlightAdd Count: 1 inFightDel Count: 0 ReplicationFactor: 3 minMaintenance Count: 2; Replicas{ContainerReplica{containerID=#1, state=CLOSED, datanodeDetails=dfcf168e-5082-4f01-a2db-1567ea82e82e{ip: 10.1.1.170, host: fv-az41-820.zje5jq5y5x4uznwvdkgxk4wc2h.cx.internal.cloudapp.net, ports: [REPLICATION=32809, RATIS=43507, RATIS_ADMIN=43507, RATIS_SERVER=43507, STANDALONE=44991], networkLocation: /default-rack, certSerialId: null, persistedOpState: DECOMMISSIONING, persistedOpStateExpiryEpochSec: 0}, placeOfBirth=dfcf168e-5082-4f01-a2db-1567ea82e82e, sequenceId=74, keyCount=7, bytesUsed=133},ContainerReplica{containerID=#1, state=CLOSED, datanodeDetails=05d44c0e-1782-4690-a3a2-3f7220b81a92{ip: 10.1.1.170, host: fv-az41-820.zje5jq5y5x4uznwvdkgxk4wc2h.cx.internal.cloudapp.net, ports: [REPLICATION=42307, RATIS=38247, RATIS_ADMIN=38247, RATIS_SERVER=38247, STANDALONE=35439], networkLocation: /default-rack, certSerialId: null, persistedOpState: IN_SERVICE, persistedOpStateExpiryEpochSec: 0}, placeOfBirth=05d44c0e-1782-4690-a3a2-3f7220b81a92, sequenceId=74, keyCount=7, bytesUsed=133},ContainerReplica{containerID=#1, state=CLOSED, datanodeDetails=2bc1abba-7388-4eaf-8abd-93bce01f8f00{ip: 10.1.1.170, host: fv-az41-820.zje5jq5y5x4uznwvdkgxk4wc2h.cx.internal.cloudapp.net, ports: [REPLICATION=38427, RATIS=41545, RATIS_ADMIN=41545, RATIS_SERVER=41545, STANDALONE=42701], networkLocation: /default-rack, certSerialId: null, persistedOpState: IN_SERVICE, persistedOpStateExpiryEpochSec: 0}, placeOfBirth=2bc1abba-7388-4eaf-8abd-93bce01f8f00, sequenceId=74, keyCount=7, bytesUsed=133}}
2022-08-27 01:04:29,266 [ReplicationMonitor] INFO  replication.LegacyReplicationManager (LegacyReplicationManager.java:handleUnderReplicatedContainer(1195)) - Container #2 is under replicated. Expected replica count is 3, but found 2.
2022-08-27 01:04:29,266 [ReplicationMonitor] INFO  replication.LegacyReplicationManager (LegacyReplicationManager.java:sendReplicateCommand(1559)) - Sending replicate container command for container #2 to datanode 47218c16-f2d5-4cf1-b4da-5ee36f49a8d8{ip: 10.1.1.170, host: fv-az41-820.zje5jq5y5x4uznwvdkgxk4wc2h.cx.internal.cloudapp.net, ports: [REPLICATION=42559, RATIS=36037, RATIS_ADMIN=36037, RATIS_SERVER=36037, STANDALONE=34925], networkLocation: /default-rack, certSerialId: null, persistedOpState: IN_SERVICE, persistedOpStateExpiryEpochSec: 0} from datanodes [dfcf168e-5082-4f01-a2db-1567ea82e82e{ip: 10.1.1.170, host: fv-az41-820.zje5jq5y5x4uznwvdkgxk4wc2h.cx.internal.cloudapp.net, ports: [REPLICATION=32809, RATIS=43507, RATIS_ADMIN=43507, RATIS_SERVER=43507, STANDALONE=44991], networkLocation: /default-rack, certSerialId: null, persistedOpState: DECOMMISSIONING, persistedOpStateExpiryEpochSec: 0}, 05d44c0e-1782-4690-a3a2-3f7220b81a92{ip: 10.1.1.170, host: fv-az41-820.zje5jq5y5x4uznwvdkgxk4wc2h.cx.internal.cloudapp.net, ports: [REPLICATION=42307, RATIS=38247, RATIS_ADMIN=38247, RATIS_SERVER=38247, STANDALONE=35439], networkLocation: /default-rack, certSerialId: null, persistedOpState: IN_SERVICE, persistedOpStateExpiryEpochSec: 0}, 2bc1abba-7388-4eaf-8abd-93bce01f8f00{ip: 10.1.1.170, host: fv-az41-820.zje5jq5y5x4uznwvdkgxk4wc2h.cx.internal.cloudapp.net, ports: [REPLICATION=38427, RATIS=41545, RATIS_ADMIN=41545, RATIS_SERVER=41545, STANDALONE=42701], networkLocation: /default-rack, certSerialId: null, persistedOpState: IN_SERVICE, persistedOpStateExpiryEpochSec: 0}]
2022-08-27 01:04:29,267 [DatanodeAdminManager-0] INFO  node.DatanodeAdminMonitorImpl (DatanodeAdminMonitorImpl.java:checkContainersReplicatedOnNode(306)) - Under Replicated Container #2 Container State: CLOSED Replica Count: 3 Healthy Count: 2 Decommission Count: 1 Maintenance Count: 0 inFlightAdd Count: 1 inFightDel Count: 0 ReplicationFactor: 3 minMaintenance Count: 2; Replicas{ContainerReplica{containerID=#2, state=CLOSED, datanodeDetails=dfcf168e-5082-4f01-a2db-1567ea82e82e{ip: 10.1.1.170, host: fv-az41-820.zje5jq5y5x4uznwvdkgxk4wc2h.cx.internal.cloudapp.net, ports: [REPLICATION=32809, RATIS=43507, RATIS_ADMIN=43507, RATIS_SERVER=43507, STANDALONE=44991], networkLocation: /default-rack, certSerialId: null, persistedOpState: DECOMMISSIONING, persistedOpStateExpiryEpochSec: 0}, placeOfBirth=dfcf168e-5082-4f01-a2db-1567ea82e82e, sequenceId=78, keyCount=7, bytesUsed=133},ContainerReplica{containerID=#2, state=CLOSED, datanodeDetails=05d44c0e-1782-4690-a3a2-3f7220b81a92{ip: 10.1.1.170, host: fv-az41-820.zje5jq5y5x4uznwvdkgxk4wc2h.cx.internal.cloudapp.net, ports: [REPLICATION=42307, RATIS=38247, RATIS_ADMIN=38247, RATIS_SERVER=38247, STANDALONE=35439], networkLocation: /default-rack, certSerialId: null, persistedOpState: IN_SERVICE, persistedOpStateExpiryEpochSec: 0}, placeOfBirth=05d44c0e-1782-4690-a3a2-3f7220b81a92, sequenceId=78, keyCount=7, bytesUsed=133},ContainerReplica{containerID=#2, state=CLOSED, datanodeDetails=2bc1abba-7388-4eaf-8abd-93bce01f8f00{ip: 10.1.1.170, host: fv-az41-820.zje5jq5y5x4uznwvdkgxk4wc2h.cx.internal.cloudapp.net, ports: [REPLICATION=38427, RATIS=41545, RATIS_ADMIN=41545, RATIS_SERVER=41545, STANDALONE=42701], networkLocation: /default-rack, certSerialId: null, persistedOpState: IN_SERVICE, persistedOpStateExpiryEpochSec: 0}, placeOfBirth=2bc1abba-7388-4eaf-8abd-93bce01f8f00, sequenceId=78, keyCount=7, bytesUsed=133}}
2022-08-27 01:04:29,267 [ReplicationMonitor] INFO  replication.LegacyReplicationManager (LegacyReplicationManager.java:handleUnderReplicatedContainer(1195)) - Container #3 is under replicated. Expected replica count is 3, but found 2.
2022-08-27 01:04:29,267 [ReplicationMonitor] INFO  replication.LegacyReplicationManager (LegacyReplicationManager.java:sendReplicateCommand(1559)) - Sending replicate container command for container #3 to datanode 47218c16-f2d5-4cf1-b4da-5ee36f49a8d8{ip: 10.1.1.170, host: fv-az41-820.zje5jq5y5x4uznwvdkgxk4wc2h.cx.internal.cloudapp.net, ports: [REPLICATION=42559, RATIS=36037, RATIS_ADMIN=36037, RATIS_SERVER=36037, STANDALONE=34925], networkLocation: /default-rack, certSerialId: null, persistedOpState: IN_SERVICE, persistedOpStateExpiryEpochSec: 0} from datanodes [05d44c0e-1782-4690-a3a2-3f7220b81a92{ip: 10.1.1.170, host: fv-az41-820.zje5jq5y5x4uznwvdkgxk4wc2h.cx.internal.cloudapp.net, ports: [REPLICATION=42307, RATIS=38247, RATIS_ADMIN=38247, RATIS_SERVER=38247, STANDALONE=35439], networkLocation: /default-rack, certSerialId: null, persistedOpState: IN_SERVICE, persistedOpStateExpiryEpochSec: 0}, dfcf168e-5082-4f01-a2db-1567ea82e82e{ip: 10.1.1.170, host: fv-az41-820.zje5jq5y5x4uznwvdkgxk4wc2h.cx.internal.cloudapp.net, ports: [REPLICATION=32809, RATIS=43507, RATIS_ADMIN=43507, RATIS_SERVER=43507, STANDALONE=44991], networkLocation: /default-rack, certSerialId: null, persistedOpState: DECOMMISSIONING, persistedOpStateExpiryEpochSec: 0}, 2bc1abba-7388-4eaf-8abd-93bce01f8f00{ip: 10.1.1.170, host: fv-az41-820.zje5jq5y5x4uznwvdkgxk4wc2h.cx.internal.cloudapp.net, ports: [REPLICATION=38427, RATIS=41545, RATIS_ADMIN=41545, RATIS_SERVER=41545, STANDALONE=42701], networkLocation: /default-rack, certSerialId: null, persistedOpState: IN_SERVICE, persistedOpStateExpiryEpochSec: 0}]
2022-08-27 01:04:29,267 [ReplicationMonitor] INFO  replication.ReplicationManager (ReplicationManager.java:processAll(293)) - Replication Monitor Thread took 6 milliseconds for processing 3 containers.
2022-08-27 01:04:29,267 [DatanodeAdminManager-0] INFO  node.DatanodeAdminMonitorImpl (DatanodeAdminMonitorImpl.java:checkContainersReplicatedOnNode(306)) - Under Replicated Container #3 Container State: CLOSED Replica Count: 3 Healthy Count: 2 Decommission Count: 1 Maintenance Count: 0 inFlightAdd Count: 1 inFightDel Count: 0 ReplicationFactor: 3 minMaintenance Count: 2; Replicas{ContainerReplica{containerID=#3, state=CLOSED, datanodeDetails=05d44c0e-1782-4690-a3a2-3f7220b81a92{ip: 10.1.1.170, host: fv-az41-820.zje5jq5y5x4uznwvdkgxk4wc2h.cx.internal.cloudapp.net, ports: [REPLICATION=42307, RATIS=38247, RATIS_ADMIN=38247, RATIS_SERVER=38247, STANDALONE=35439], networkLocation: /default-rack, certSerialId: null, persistedOpState: IN_SERVICE, persistedOpStateExpiryEpochSec: 0}, placeOfBirth=05d44c0e-1782-4690-a3a2-3f7220b81a92, sequenceId=70, keyCount=6, bytesUsed=114},ContainerReplica{containerID=#3, state=CLOSED, datanodeDetails=dfcf168e-5082-4f01-a2db-1567ea82e82e{ip: 10.1.1.170, host: fv-az41-820.zje5jq5y5x4uznwvdkgxk4wc2h.cx.internal.cloudapp.net, ports: [REPLICATION=32809, RATIS=43507, RATIS_ADMIN=43507, RATIS_SERVER=43507, STANDALONE=44991], networkLocation: /default-rack, certSerialId: null, persistedOpState: DECOMMISSIONING, persistedOpStateExpiryEpochSec: 0}, placeOfBirth=dfcf168e-5082-4f01-a2db-1567ea82e82e, sequenceId=70, keyCount=6, bytesUsed=114},ContainerReplica{containerID=#3, state=CLOSED, datanodeDetails=2bc1abba-7388-4eaf-8abd-93bce01f8f00{ip: 10.1.1.170, host: fv-az41-820.zje5jq5y5x4uznwvdkgxk4wc2h.cx.internal.cloudapp.net, ports: [REPLICATION=38427, RATIS=41545, RATIS_ADMIN=41545, RATIS_SERVER=41545, STANDALONE=42701], networkLocation: /default-rack, certSerialId: null, persistedOpState: IN_SERVICE, persistedOpStateExpiryEpochSec: 0}, placeOfBirth=2bc1abba-7388-4eaf-8abd-93bce01f8f00, sequenceId=70, keyCount=6, bytesUsed=114}}
2022-08-27 01:04:29,267 [DatanodeAdminManager-0] INFO  node.DatanodeAdminMonitorImpl (DatanodeAdminMonitorImpl.java:checkContainersReplicatedOnNode(327)) - dfcf168e-5082-4f01-a2db-1567ea82e82e{ip: 10.1.1.170, host: fv-az41-820.zje5jq5y5x4uznwvdkgxk4wc2h.cx.internal.cloudapp.net, ports: [REPLICATION=32809, RATIS=43507, RATIS_ADMIN=43507, RATIS_SERVER=43507, STANDALONE=44991], networkLocation: /default-rack, certSerialId: null, persistedOpState: DECOMMISSIONING, persistedOpStateExpiryEpochSec: 0} has 0 sufficientlyReplicated, 3 underReplicated and 0 unhealthy containers
2022-08-27 01:04:29,267 [DatanodeAdminManager-0] INFO  node.DatanodeAdminMonitorImpl (DatanodeAdminMonitorImpl.java:run(148)) - There are 1 nodes tracked for decommission and maintenance. 0 pending nodes.
2022-08-27 01:04:29,495 [IPC Server handler 3 on default port 40273] INFO  net.NetworkTopologyImpl (NetworkTopologyImpl.java:add(112)) - Added a new node: /default-rack/0a62877e-9b7e-486c-aaaf-613dec44d4b9
2022-08-27 01:04:29,495 [IPC Server handler 3 on default port 40273] INFO  node.SCMNodeManager (SCMNodeManager.java:register(397)) - Registered Data node : 0a62877e-9b7e-486c-aaaf-613dec44d4b9{ip: 10.1.1.170, host: fv-az41-820.zje5jq5y5x4uznwvdkgxk4wc2h.cx.internal.cloudapp.net, ports: [REPLICATION=45429, RATIS=41817, RATIS_ADMIN=41817, RATIS_SERVER=41817, STANDALONE=44077], networkLocation: /default-rack, certSerialId: null, persistedOpState: null, persistedOpStateExpiryEpochSec: 0}
2022-08-27 01:04:29,496 [EventQueue-NewNodeForNewNodeHandler] INFO  pipeline.BackgroundPipelineCreator (BackgroundPipelineCreator.java:notifyEventTriggered(276)) - trigger a one-shot run on RatisPipelineUtilsThread.
2022-08-27 01:04:29,496 [RatisPipelineUtilsThread - 0] INFO  pipeline.RatisPipelineProvider (RatisPipelineProvider.java:lambda$create$0(195)) - Sending CreatePipelineCommand for pipeline:PipelineID=4ff94185-6f56-4926-92ff-baf5ec9771b0 to datanode:0a62877e-9b7e-486c-aaaf-613dec44d4b9
2022-08-27 01:04:29,496 [RatisPipelineUtilsThread - 0] INFO  pipeline.PipelineStateManagerImpl (PipelineStateManagerImpl.java:addPipeline(103)) - Created pipeline Pipeline[ Id: 4ff94185-6f56-4926-92ff-baf5ec9771b0, Nodes: 0a62877e-9b7e-486c-aaaf-613dec44d4b9{ip: 10.1.1.170, host: fv-az41-820.zje5jq5y5x4uznwvdkgxk4wc2h.cx.internal.cloudapp.net, ports: [REPLICATION=45429, RATIS=41817, RATIS_ADMIN=41817, RATIS_SERVER=41817, STANDALONE=44077], networkLocation: /default-rack, certSerialId: null, persistedOpState: IN_SERVICE, persistedOpStateExpiryEpochSec: 0}, ReplicationConfig: RATIS/ONE, State:ALLOCATED, leaderId:, CreationTimestamp2022-08-27T01:04:29.496Z[Etc/UTC]].
2022-08-27 01:04:29,642 [ReplicationMonitor] INFO  replication.ReplicationManager (ReplicationManager.java:processAll(255)) - Replication Manager is not ready to run until 3000ms after safemode exit
2022-08-27 01:04:29,810 [IPC Server handler 0 on default port 40273] INFO  net.NetworkTopologyImpl (NetworkTopologyImpl.java:add(112)) - Added a new node: /default-rack/d4784843-40d7-47a0-a720-93e541e68dac
2022-08-27 01:04:29,810 [IPC Server handler 0 on default port 40273] INFO  node.SCMNodeManager (SCMNodeManager.java:register(397)) - Registered Data node : d4784843-40d7-47a0-a720-93e541e68dac{ip: 10.1.1.170, host: fv-az41-820.zje5jq5y5x4uznwvdkgxk4wc2h.cx.internal.cloudapp.net, ports: [REPLICATION=42923, RATIS=39719, RATIS_ADMIN=39719, RATIS_SERVER=39719, STANDALONE=45613], networkLocation: /default-rack, certSerialId: null, persistedOpState: null, persistedOpStateExpiryEpochSec: 0}
2022-08-27 01:04:29,810 [EventQueue-NewNodeForNewNodeHandler] INFO  pipeline.BackgroundPipelineCreator (BackgroundPipelineCreator.java:notifyEventTriggered(276)) - trigger a one-shot run on RatisPipelineUtilsThread.
2022-08-27 01:04:29,810 [RatisPipelineUtilsThread - 0] INFO  pipeline.RatisPipelineProvider (RatisPipelineProvider.java:lambda$create$0(195)) - Sending CreatePipelineCommand for pipeline:PipelineID=051e4f3c-ef5a-479c-9962-eb80d12cb902 to datanode:d4784843-40d7-47a0-a720-93e541e68dac
2022-08-27 01:04:29,811 [RatisPipelineUtilsThread - 0] INFO  pipeline.PipelineStateManagerImpl (PipelineStateManagerImpl.java:addPipeline(103)) - Created pipeline Pipeline[ Id: 051e4f3c-ef5a-479c-9962-eb80d12cb902, Nodes: d4784843-40d7-47a0-a720-93e541e68dac{ip: 10.1.1.170, host: fv-az41-820.zje5jq5y5x4uznwvdkgxk4wc2h.cx.internal.cloudapp.net, ports: [REPLICATION=42923, RATIS=39719, RATIS_ADMIN=39719, RATIS_SERVER=39719, STANDALONE=45613], networkLocation: /default-rack, certSerialId: null, persistedOpState: IN_SERVICE, persistedOpStateExpiryEpochSec: 0}, ReplicationConfig: RATIS/ONE, State:ALLOCATED, leaderId:, CreationTimestamp2022-08-27T01:04:29.810Z[Etc/UTC]].
2022-08-27 01:04:30,093 [Listener at 127.0.0.1/46359] INFO  ozone.MiniOzoneClusterImpl (MiniOzoneClusterImpl.java:lambda$waitForClusterToBeReady$0(216)) - Waiting for nodes to be ready. Got 5 of 6 DN Heartbeats.
2022-08-27 01:04:30,093 [Listener at 127.0.0.1/46359] INFO  ozone.MiniOzoneClusterImpl (MiniOzoneClusterImpl.java:lambda$waitForClusterToBeReady$0(219)) - Waiting for cluster to exit safe mode
2022-08-27 01:04:30,093 [Listener at 127.0.0.1/46359] INFO  ozone.MiniOzoneClusterImpl (MiniOzoneClusterImpl.java:lambda$waitForClusterToBeReady$0(221)) - SCM became leader
2022-08-27 01:04:30,093 [IPC Server handler 1 on default port 40273] INFO  net.NetworkTopologyImpl (NetworkTopologyImpl.java:add(112)) - Added a new node: /default-rack/e05f913a-27b5-42aa-8e2a-9d0aa99964f1
2022-08-27 01:04:30,093 [IPC Server handler 1 on default port 40273] INFO  node.SCMNodeManager (SCMNodeManager.java:register(397)) - Registered Data node : e05f913a-27b5-42aa-8e2a-9d0aa99964f1{ip: 10.1.1.170, host: fv-az41-820.zje5jq5y5x4uznwvdkgxk4wc2h.cx.internal.cloudapp.net, ports: [REPLICATION=43203, RATIS=43287, RATIS_ADMIN=43287, RATIS_SERVER=43287, STANDALONE=46017], networkLocation: /default-rack, certSerialId: null, persistedOpState: null, persistedOpStateExpiryEpochSec: 0}
2022-08-27 01:04:30,094 [EventQueue-NewNodeForNewNodeHandler] INFO  pipeline.BackgroundPipelineCreator (BackgroundPipelineCreator.java:notifyEventTriggered(276)) - trigger a one-shot run on RatisPipelineUtilsThread.
2022-08-27 01:04:30,094 [RatisPipelineUtilsThread - 0] INFO  pipeline.RatisPipelineProvider (RatisPipelineProvider.java:lambda$create$0(195)) - Sending CreatePipelineCommand for pipeline:PipelineID=f0fc5db9-56fc-400c-9a6b-0ee6415804c9 to datanode:e05f913a-27b5-42aa-8e2a-9d0aa99964f1
2022-08-27 01:04:30,094 [RatisPipelineUtilsThread - 0] INFO  pipeline.PipelineStateManagerImpl (PipelineStateManagerImpl.java:addPipeline(103)) - Created pipeline Pipeline[ Id: f0fc5db9-56fc-400c-9a6b-0ee6415804c9, Nodes: e05f913a-27b5-42aa-8e2a-9d0aa99964f1{ip: 10.1.1.170, host: fv-az41-820.zje5jq5y5x4uznwvdkgxk4wc2h.cx.internal.cloudapp.net, ports: [REPLICATION=43203, RATIS=43287, RATIS_ADMIN=43287, RATIS_SERVER=43287, STANDALONE=46017], networkLocation: /default-rack, certSerialId: null, persistedOpState: IN_SERVICE, persistedOpStateExpiryEpochSec: 0}, ReplicationConfig: RATIS/ONE, State:ALLOCATED, leaderId:, CreationTimestamp2022-08-27T01:04:30.094Z[Etc/UTC]].
2022-08-27 01:04:30,095 [RatisPipelineUtilsThread - 0] INFO  pipeline.RatisPipelineProvider (RatisPipelineProvider.java:lambda$create$0(195)) - Sending CreatePipelineCommand for pipeline:PipelineID=f400a951-9020-43f9-90a7-66fdb48dd05f to datanode:e05f913a-27b5-42aa-8e2a-9d0aa99964f1
2022-08-27 01:04:30,095 [RatisPipelineUtilsThread - 0] INFO  pipeline.RatisPipelineProvider (RatisPipelineProvider.java:lambda$create$0(195)) - Sending CreatePipelineCommand for pipeline:PipelineID=f400a951-9020-43f9-90a7-66fdb48dd05f to datanode:0a62877e-9b7e-486c-aaaf-613dec44d4b9
2022-08-27 01:04:30,095 [RatisPipelineUtilsThread - 0] INFO  pipeline.RatisPipelineProvider (RatisPipelineProvider.java:lambda$create$0(195)) - Sending CreatePipelineCommand for pipeline:PipelineID=f400a951-9020-43f9-90a7-66fdb48dd05f to datanode:d4784843-40d7-47a0-a720-93e541e68dac
2022-08-27 01:04:30,096 [RatisPipelineUtilsThread - 0] INFO  pipeline.PipelineStateManagerImpl (PipelineStateManagerImpl.java:addPipeline(103)) - Created pipeline Pipeline[ Id: f400a951-9020-43f9-90a7-66fdb48dd05f, Nodes: e05f913a-27b5-42aa-8e2a-9d0aa99964f1{ip: 10.1.1.170, host: fv-az41-820.zje5jq5y5x4uznwvdkgxk4wc2h.cx.internal.cloudapp.net, ports: [REPLICATION=43203, RATIS=43287, RATIS_ADMIN=43287, RATIS_SERVER=43287, STANDALONE=46017], networkLocation: /default-rack, certSerialId: null, persistedOpState: IN_SERVICE, persistedOpStateExpiryEpochSec: 0}0a62877e-9b7e-486c-aaaf-613dec44d4b9{ip: 10.1.1.170, host: fv-az41-820.zje5jq5y5x4uznwvdkgxk4wc2h.cx.internal.cloudapp.net, ports: [REPLICATION=45429, RATIS=41817, RATIS_ADMIN=41817, RATIS_SERVER=41817, STANDALONE=44077], networkLocation: /default-rack, certSerialId: null, persistedOpState: IN_SERVICE, persistedOpStateExpiryEpochSec: 0}d4784843-40d7-47a0-a720-93e541e68dac{ip: 10.1.1.170, host: fv-az41-820.zje5jq5y5x4uznwvdkgxk4wc2h.cx.internal.cloudapp.net, ports: [REPLICATION=42923, RATIS=39719, RATIS_ADMIN=39719, RATIS_SERVER=39719, STANDALONE=45613], networkLocation: /default-rack, certSerialId: null, persistedOpState: IN_SERVICE, persistedOpStateExpiryEpochSec: 0}, ReplicationConfig: RATIS/THREE, State:ALLOCATED, leaderId:, CreationTimestamp2022-08-27T01:04:30.095Z[Etc/UTC]].
2022-08-27 01:04:30,264 [DatanodeAdminManager-0] INFO  node.DatanodeAdminMonitorImpl (DatanodeAdminMonitorImpl.java:checkContainersReplicatedOnNode(306)) - Under Replicated Container #1 Container State: CLOSED Replica Count: 3 Healthy Count: 2 Decommission Count: 1 Maintenance Count: 0 inFlightAdd Count: 1 inFightDel Count: 0 ReplicationFactor: 3 minMaintenance Count: 2; Replicas{ContainerReplica{containerID=#1, state=CLOSED, datanodeDetails=dfcf168e-5082-4f01-a2db-1567ea82e82e{ip: 10.1.1.170, host: fv-az41-820.zje5jq5y5x4uznwvdkgxk4wc2h.cx.internal.cloudapp.net, ports: [REPLICATION=32809, RATIS=43507, RATIS_ADMIN=43507, RATIS_SERVER=43507, STANDALONE=44991], networkLocation: /default-rack, certSerialId: null, persistedOpState: DECOMMISSIONING, persistedOpStateExpiryEpochSec: 0}, placeOfBirth=dfcf168e-5082-4f01-a2db-1567ea82e82e, sequenceId=74, keyCount=7, bytesUsed=133},ContainerReplica{containerID=#1, state=CLOSED, datanodeDetails=05d44c0e-1782-4690-a3a2-3f7220b81a92{ip: 10.1.1.170, host: fv-az41-820.zje5jq5y5x4uznwvdkgxk4wc2h.cx.internal.cloudapp.net, ports: [REPLICATION=42307, RATIS=38247, RATIS_ADMIN=38247, RATIS_SERVER=38247, STANDALONE=35439], networkLocation: /default-rack, certSerialId: null, persistedOpState: IN_SERVICE, persistedOpStateExpiryEpochSec: 0}, placeOfBirth=05d44c0e-1782-4690-a3a2-3f7220b81a92, sequenceId=74, keyCount=7, bytesUsed=133},ContainerReplica{containerID=#1, state=CLOSED, datanodeDetails=2bc1abba-7388-4eaf-8abd-93bce01f8f00{ip: 10.1.1.170, host: fv-az41-820.zje5jq5y5x4uznwvdkgxk4wc2h.cx.internal.cloudapp.net, ports: [REPLICATION=38427, RATIS=41545, RATIS_ADMIN=41545, RATIS_SERVER=41545, STANDALONE=42701], networkLocation: /default-rack, certSerialId: null, persistedOpState: IN_SERVICE, persistedOpStateExpiryEpochSec: 0}, placeOfBirth=2bc1abba-7388-4eaf-8abd-93bce01f8f00, sequenceId=74, keyCount=7, bytesUsed=133}}
2022-08-27 01:04:30,264 [DatanodeAdminManager-0] INFO  node.DatanodeAdminMonitorImpl (DatanodeAdminMonitorImpl.java:checkContainersReplicatedOnNode(306)) - Under Replicated Container #2 Container State: CLOSED Replica Count: 3 Healthy Count: 2 Decommission Count: 1 Maintenance Count: 0 inFlightAdd Count: 1 inFightDel Count: 0 ReplicationFactor: 3 minMaintenance Count: 2; Replicas{ContainerReplica{containerID=#2, state=CLOSED, datanodeDetails=dfcf168e-5082-4f01-a2db-1567ea82e82e{ip: 10.1.1.170, host: fv-az41-820.zje5jq5y5x4uznwvdkgxk4wc2h.cx.internal.cloudapp.net, ports: [REPLICATION=32809, RATIS=43507, RATIS_ADMIN=43507, RATIS_SERVER=43507, STANDALONE=44991], networkLocation: /default-rack, certSerialId: null, persistedOpState: DECOMMISSIONING, persistedOpStateExpiryEpochSec: 0}, placeOfBirth=dfcf168e-5082-4f01-a2db-1567ea82e82e, sequenceId=78, keyCount=7, bytesUsed=133},ContainerReplica{containerID=#2, state=CLOSED, datanodeDetails=05d44c0e-1782-4690-a3a2-3f7220b81a92{ip: 10.1.1.170, host: fv-az41-820.zje5jq5y5x4uznwvdkgxk4wc2h.cx.internal.cloudapp.net, ports: [REPLICATION=42307, RATIS=38247, RATIS_ADMIN=38247, RATIS_SERVER=38247, STANDALONE=35439], networkLocation: /default-rack, certSerialId: null, persistedOpState: IN_SERVICE, persistedOpStateExpiryEpochSec: 0}, placeOfBirth=05d44c0e-1782-4690-a3a2-3f7220b81a92, sequenceId=78, keyCount=7, bytesUsed=133},ContainerReplica{containerID=#2, state=CLOSED, datanodeDetails=2bc1abba-7388-4eaf-8abd-93bce01f8f00{ip: 10.1.1.170, host: fv-az41-820.zje5jq5y5x4uznwvdkgxk4wc2h.cx.internal.cloudapp.net, ports: [REPLICATION=38427, RATIS=41545, RATIS_ADMIN=41545, RATIS_SERVER=41545, STANDALONE=42701], networkLocation: /default-rack, certSerialId: null, persistedOpState: IN_SERVICE, persistedOpStateExpiryEpochSec: 0}, placeOfBirth=2bc1abba-7388-4eaf-8abd-93bce01f8f00, sequenceId=78, keyCount=7, bytesUsed=133}}
2022-08-27 01:04:30,264 [DatanodeAdminManager-0] INFO  node.DatanodeAdminMonitorImpl (DatanodeAdminMonitorImpl.java:checkContainersReplicatedOnNode(306)) - Under Replicated Container #3 Container State: CLOSED Replica Count: 3 Healthy Count: 2 Decommission Count: 1 Maintenance Count: 0 inFlightAdd Count: 1 inFightDel Count: 0 ReplicationFactor: 3 minMaintenance Count: 2; Replicas{ContainerReplica{containerID=#3, state=CLOSED, datanodeDetails=05d44c0e-1782-4690-a3a2-3f7220b81a92{ip: 10.1.1.170, host: fv-az41-820.zje5jq5y5x4uznwvdkgxk4wc2h.cx.internal.cloudapp.net, ports: [REPLICATION=42307, RATIS=38247, RATIS_ADMIN=38247, RATIS_SERVER=38247, STANDALONE=35439], networkLocation: /default-rack, certSerialId: null, persistedOpState: IN_SERVICE, persistedOpStateExpiryEpochSec: 0}, placeOfBirth=05d44c0e-1782-4690-a3a2-3f7220b81a92, sequenceId=70, keyCount=6, bytesUsed=114},ContainerReplica{containerID=#3, state=CLOSED, datanodeDetails=dfcf168e-5082-4f01-a2db-1567ea82e82e{ip: 10.1.1.170, host: fv-az41-820.zje5jq5y5x4uznwvdkgxk4wc2h.cx.internal.cloudapp.net, ports: [REPLICATION=32809, RATIS=43507, RATIS_ADMIN=43507, RATIS_SERVER=43507, STANDALONE=44991], networkLocation: /default-rack, certSerialId: null, persistedOpState: DECOMMISSIONING, persistedOpStateExpiryEpochSec: 0}, placeOfBirth=dfcf168e-5082-4f01-a2db-1567ea82e82e, sequenceId=70, keyCount=6, bytesUsed=114},ContainerReplica{containerID=#3, state=CLOSED, datanodeDetails=2bc1abba-7388-4eaf-8abd-93bce01f8f00{ip: 10.1.1.170, host: fv-az41-820.zje5jq5y5x4uznwvdkgxk4wc2h.cx.internal.cloudapp.net, ports: [REPLICATION=38427, RATIS=41545, RATIS_ADMIN=41545, RATIS_SERVER=41545, STANDALONE=42701], networkLocation: /default-rack, certSerialId: null, persistedOpState: IN_SERVICE, persistedOpStateExpiryEpochSec: 0}, placeOfBirth=2bc1abba-7388-4eaf-8abd-93bce01f8f00, sequenceId=70, keyCount=6, bytesUsed=114}}
2022-08-27 01:04:30,265 [DatanodeAdminManager-0] INFO  node.DatanodeAdminMonitorImpl (DatanodeAdminMonitorImpl.java:checkContainersReplicatedOnNode(327)) - dfcf168e-5082-4f01-a2db-1567ea82e82e{ip: 10.1.1.170, host: fv-az41-820.zje5jq5y5x4uznwvdkgxk4wc2h.cx.internal.cloudapp.net, ports: [REPLICATION=32809, RATIS=43507, RATIS_ADMIN=43507, RATIS_SERVER=43507, STANDALONE=44991], networkLocation: /default-rack, certSerialId: null, persistedOpState: DECOMMISSIONING, persistedOpStateExpiryEpochSec: 0} has 0 sufficientlyReplicated, 3 underReplicated and 0 unhealthy containers
2022-08-27 01:04:30,265 [DatanodeAdminManager-0] INFO  node.DatanodeAdminMonitorImpl (DatanodeAdminMonitorImpl.java:run(148)) - There are 1 nodes tracked for decommission and maintenance. 0 pending nodes.
2022-08-27 01:04:30,268 [ReplicationMonitor] INFO  replication.ReplicationManager (ReplicationManager.java:processAll(293)) - Replication Monitor Thread took 1 milliseconds for processing 3 containers.
2022-08-27 01:04:30,631 [ContainerReplicationThread-1] INFO  replication.DownloadAndImportReplicator (DownloadAndImportReplicator.java:replicate(105)) - Starting replication of container 2 from [dfcf168e-5082-4f01-a2db-1567ea82e82e{ip: 10.1.1.170, host: fv-az41-820.zje5jq5y5x4uznwvdkgxk4wc2h.cx.internal.cloudapp.net, ports: [REPLICATION=32809, RATIS=43507, RATIS_ADMIN=43507, RATIS_SERVER=43507, STANDALONE=44991], networkLocation: /default-rack, certSerialId: null, persistedOpState: DECOMMISSIONING, persistedOpStateExpiryEpochSec: 0}, 05d44c0e-1782-4690-a3a2-3f7220b81a92{ip: 10.1.1.170, host: fv-az41-820.zje5jq5y5x4uznwvdkgxk4wc2h.cx.internal.cloudapp.net, ports: [REPLICATION=42307, RATIS=38247, RATIS_ADMIN=38247, RATIS_SERVER=38247, STANDALONE=35439], networkLocation: /default-rack, certSerialId: null, persistedOpState: IN_SERVICE, persistedOpStateExpiryEpochSec: 0}, 2bc1abba-7388-4eaf-8abd-93bce01f8f00{ip: 10.1.1.170, host: fv-az41-820.zje5jq5y5x4uznwvdkgxk4wc2h.cx.internal.cloudapp.net, ports: [REPLICATION=38427, RATIS=41545, RATIS_ADMIN=41545, RATIS_SERVER=41545, STANDALONE=42701], networkLocation: /default-rack, certSerialId: null, persistedOpState: IN_SERVICE, persistedOpStateExpiryEpochSec: 0}]
2022-08-27 01:04:30,631 [ContainerReplicationThread-0] INFO  replication.DownloadAndImportReplicator (DownloadAndImportReplicator.java:replicate(105)) - Starting replication of container 1 from [dfcf168e-5082-4f01-a2db-1567ea82e82e{ip: 10.1.1.170, host: fv-az41-820.zje5jq5y5x4uznwvdkgxk4wc2h.cx.internal.cloudapp.net, ports: [REPLICATION=32809, RATIS=43507, RATIS_ADMIN=43507, RATIS_SERVER=43507, STANDALONE=44991], networkLocation: /default-rack, certSerialId: null, persistedOpState: DECOMMISSIONING, persistedOpStateExpiryEpochSec: 0}, 05d44c0e-1782-4690-a3a2-3f7220b81a92{ip: 10.1.1.170, host: fv-az41-820.zje5jq5y5x4uznwvdkgxk4wc2h.cx.internal.cloudapp.net, ports: [REPLICATION=42307, RATIS=38247, RATIS_ADMIN=38247, RATIS_SERVER=38247, STANDALONE=35439], networkLocation: /default-rack, certSerialId: null, persistedOpState: IN_SERVICE, persistedOpStateExpiryEpochSec: 0}, 2bc1abba-7388-4eaf-8abd-93bce01f8f00{ip: 10.1.1.170, host: fv-az41-820.zje5jq5y5x4uznwvdkgxk4wc2h.cx.internal.cloudapp.net, ports: [REPLICATION=38427, RATIS=41545, RATIS_ADMIN=41545, RATIS_SERVER=41545, STANDALONE=42701], networkLocation: /default-rack, certSerialId: null, persistedOpState: IN_SERVICE, persistedOpStateExpiryEpochSec: 0}]
2022-08-27 01:04:30,633 [ContainerReplicationThread-2] INFO  replication.DownloadAndImportReplicator (DownloadAndImportReplicator.java:replicate(105)) - Starting replication of container 3 from [05d44c0e-1782-4690-a3a2-3f7220b81a92{ip: 10.1.1.170, host: fv-az41-820.zje5jq5y5x4uznwvdkgxk4wc2h.cx.internal.cloudapp.net, ports: [REPLICATION=42307, RATIS=38247, RATIS_ADMIN=38247, RATIS_SERVER=38247, STANDALONE=35439], networkLocation: /default-rack, certSerialId: null, persistedOpState: IN_SERVICE, persistedOpStateExpiryEpochSec: 0}, dfcf168e-5082-4f01-a2db-1567ea82e82e{ip: 10.1.1.170, host: fv-az41-820.zje5jq5y5x4uznwvdkgxk4wc2h.cx.internal.cloudapp.net, ports: [REPLICATION=32809, RATIS=43507, RATIS_ADMIN=43507, RATIS_SERVER=43507, STANDALONE=44991], networkLocation: /default-rack, certSerialId: null, persistedOpState: DECOMMISSIONING, persistedOpStateExpiryEpochSec: 0}, 2bc1abba-7388-4eaf-8abd-93bce01f8f00{ip: 10.1.1.170, host: fv-az41-820.zje5jq5y5x4uznwvdkgxk4wc2h.cx.internal.cloudapp.net, ports: [REPLICATION=38427, RATIS=41545, RATIS_ADMIN=41545, RATIS_SERVER=41545, STANDALONE=42701], networkLocation: /default-rack, certSerialId: null, persistedOpState: IN_SERVICE, persistedOpStateExpiryEpochSec: 0}]
2022-08-27 01:04:30,643 [ReplicationMonitor] INFO  replication.ReplicationManager (ReplicationManager.java:processAll(255)) - Replication Manager is not ready to run until 3000ms after safemode exit
2022-08-27 01:04:30,652 [grpc-default-executor-1] INFO  replication.GrpcReplicationService (GrpcReplicationService.java:download(52)) - Streaming container data (3) to other datanode
2022-08-27 01:04:30,652 [grpc-default-executor-0] INFO  replication.GrpcReplicationService (GrpcReplicationService.java:download(52)) - Streaming container data (1) to other datanode
2022-08-27 01:04:30,657 [grpc-default-executor-2] INFO  replication.GrpcReplicationService (GrpcReplicationService.java:download(52)) - Streaming container data (2) to other datanode
2022-08-27 01:04:30,696 [grpc-default-executor-0] INFO  replication.GrpcOutputStream (GrpcOutputStream.java:close(104)) - Sent 10494 bytes for container 1
2022-08-27 01:04:30,705 [grpc-default-executor-4] INFO  replication.GrpcReplicationClient (GrpcReplicationClient.java:onCompleted(197)) - Container 1 is downloaded to /home/runner/work/ozone/ozone/hadoop-ozone/integration-test/target/test-dir/MiniOzoneClusterImpl-06e86dd3-d7df-4a2c-b8a6-272c25fd117f/datanode-5/data/replication/work/container-1.tar.gz
2022-08-27 01:04:30,704 [grpc-default-executor-2] INFO  replication.GrpcOutputStream (GrpcOutputStream.java:close(104)) - Sent 10435 bytes for container 2
2022-08-27 01:04:30,707 [ContainerReplicationThread-0] INFO  replication.DownloadAndImportReplicator (DownloadAndImportReplicator.java:replicate(117)) - Container 1 is downloaded with size 10494, starting to import.
2022-08-27 01:04:30,713 [grpc-default-executor-1] INFO  replication.GrpcOutputStream (GrpcOutputStream.java:close(104)) - Sent 10423 bytes for container 3
2022-08-27 01:04:30,716 [grpc-default-executor-4] INFO  replication.GrpcReplicationClient (GrpcReplicationClient.java:onCompleted(197)) - Container 2 is downloaded to /home/runner/work/ozone/ozone/hadoop-ozone/integration-test/target/test-dir/MiniOzoneClusterImpl-06e86dd3-d7df-4a2c-b8a6-272c25fd117f/datanode-5/data/replication/work/container-2.tar.gz
2022-08-27 01:04:30,718 [ContainerReplicationThread-1] INFO  replication.DownloadAndImportReplicator (DownloadAndImportReplicator.java:replicate(117)) - Container 2 is downloaded with size 10435, starting to import.
2022-08-27 01:04:30,719 [grpc-default-executor-4] INFO  replication.GrpcReplicationClient (GrpcReplicationClient.java:onCompleted(197)) - Container 3 is downloaded to /home/runner/work/ozone/ozone/hadoop-ozone/integration-test/target/test-dir/MiniOzoneClusterImpl-06e86dd3-d7df-4a2c-b8a6-272c25fd117f/datanode-5/data/replication/work/container-3.tar.gz
2022-08-27 01:04:30,721 [ContainerReplicationThread-2] INFO  replication.DownloadAndImportReplicator (DownloadAndImportReplicator.java:replicate(117)) - Container 3 is downloaded with size 10423, starting to import.
2022-08-27 01:04:30,757 [Command processor thread] INFO  server.RaftServer (RaftServerProxy.java:addNew(96)) - a039d0ae-df73-484a-be43-6545be4aa139: addNew group-058A1F7A4144:[a039d0ae-df73-484a-be43-6545be4aa139|rpc:10.1.1.170:35103|priority:1] returns group-058A1F7A4144:java.util.concurrent.CompletableFuture@413b6d1a[Not completed]
2022-08-27 01:04:30,763 [pool-326-thread-1] INFO  server.RaftServer$Division (RaftServerImpl.java:<init>(190)) - a039d0ae-df73-484a-be43-6545be4aa139: new RaftServerImpl for group-058A1F7A4144:[a039d0ae-df73-484a-be43-6545be4aa139|rpc:10.1.1.170:35103|priority:1] with ContainerStateMachine:uninitialized
2022-08-27 01:04:30,763 [pool-326-thread-1] INFO  server.RaftServerConfigKeys (ConfUtils.java:logGet(46)) - raft.server.rpc.timeout.min = 5s (custom)
2022-08-27 01:04:30,763 [pool-326-thread-1] INFO  server.RaftServerConfigKeys (ConfUtils.java:logGet(46)) - raft.server.rpc.timeout.max = 5200ms (custom)
2022-08-27 01:04:30,763 [pool-326-thread-1] INFO  server.RaftServerConfigKeys (ConfUtils.java:logGet(46)) - raft.server.rpc.sleep.time = 25ms (default)
2022-08-27 01:04:30,763 [pool-326-thread-1] INFO  server.RaftServerConfigKeys (ConfUtils.java:logGet(46)) - raft.server.rpc.slowness.timeout = 300s (custom)
2022-08-27 01:04:30,763 [pool-326-thread-1] INFO  server.RaftServerConfigKeys (ConfUtils.java:logGet(46)) - raft.server.leaderelection.leader.step-down.wait-time = 10s (default)
2022-08-27 01:04:30,763 [pool-326-thread-1] INFO  server.RaftServerConfigKeys (ConfUtils.java:logGet(46)) - raft.server.sleep.deviation.threshold = 300ms (default)
2022-08-27 01:04:30,764 [pool-326-thread-1] INFO  server.RaftServer$Division (ServerState.java:<init>(107)) - a039d0ae-df73-484a-be43-6545be4aa139@group-058A1F7A4144: ConfigurationManager, init=-1: [a039d0ae-df73-484a-be43-6545be4aa139|rpc:10.1.1.170:35103|priority:1], old=null, confs=<EMPTY_MAP>
2022-08-27 01:04:30,764 [pool-326-thread-1] INFO  server.RaftServerConfigKeys (ConfUtils.java:logGet(46)) - raft.server.storage.dir = [/home/runner/work/ozone/ozone/hadoop-ozone/integration-test/target/test-dir/MiniOzoneClusterImpl-6c28598a-b70a-49df-9254-251c667aa325/datanode-0/data/ratis] (custom)
2022-08-27 01:04:30,764 [pool-326-thread-1] INFO  server.RaftServerConfigKeys (ConfUtils.java:logGet(46)) - raft.server.log.corruption.policy = EXCEPTION (default)
2022-08-27 01:04:30,764 [pool-326-thread-1] INFO  server.RaftServerConfigKeys (ConfUtils.java:logGet(46)) - raft.server.storage.free-space.min = 0MB (=0) (default)
2022-08-27 01:04:30,764 [pool-326-thread-1] INFO  storage.RaftStorageDirectory (RaftStorageDirectoryImpl.java:analyzeStorage(135)) - The storage directory /home/runner/work/ozone/ozone/hadoop-ozone/integration-test/target/test-dir/MiniOzoneClusterImpl-6c28598a-b70a-49df-9254-251c667aa325/datanode-0/data/ratis/5b74d031-3517-4909-b1a4-058a1f7a4144 does not exist. Creating ...
2022-08-27 01:04:30,765 [pool-326-thread-1] INFO  storage.RaftStorageDirectory (RaftStorageDirectoryImpl.java:tryLock(230)) - Lock on /home/runner/work/ozone/ozone/hadoop-ozone/integration-test/target/test-dir/MiniOzoneClusterImpl-6c28598a-b70a-49df-9254-251c667aa325/datanode-0/data/ratis/5b74d031-3517-4909-b1a4-058a1f7a4144/in_use.lock acquired by nodename 21368@fv-az41-820
2022-08-27 01:04:30,766 [pool-326-thread-1] INFO  storage.RaftStorage (RaftStorageImpl.java:format(89)) - Storage directory /home/runner/work/ozone/ozone/hadoop-ozone/integration-test/target/test-dir/MiniOzoneClusterImpl-6c28598a-b70a-49df-9254-251c667aa325/datanode-0/data/ratis/5b74d031-3517-4909-b1a4-058a1f7a4144 has been successfully formatted.
2022-08-27 01:04:30,766 [pool-326-thread-1] INFO  ratis.ContainerStateMachine (ContainerStateMachine.java:loadSnapshot(236)) - group-058A1F7A4144: The snapshot info is null. Setting the last applied indexto:(t:0, i:~)
2022-08-27 01:04:30,767 [EventQueue-PipelineReportForPipelineReportHandler] INFO  pipeline.PipelineManagerImpl (PipelineManagerImpl.java:openPipeline(367)) - Pipeline Pipeline[ Id: 5b74d031-3517-4909-b1a4-058a1f7a4144, Nodes: a039d0ae-df73-484a-be43-6545be4aa139{ip: 10.1.1.170, host: fv-az41-820.zje5jq5y5x4uznwvdkgxk4wc2h.cx.internal.cloudapp.net, ports: [REPLICATION=37329, RATIS=35103, RATIS_ADMIN=35103, RATIS_SERVER=35103, STANDALONE=36133], networkLocation: /default-rack, certSerialId: null, persistedOpState: IN_SERVICE, persistedOpStateExpiryEpochSec: 0}, ReplicationConfig: RATIS/ONE, State:ALLOCATED, leaderId:a039d0ae-df73-484a-be43-6545be4aa139, CreationTimestamp2022-08-27T01:04:27.753Z[Etc/UTC]] moved to OPEN state
2022-08-27 01:04:30,774 [pool-326-thread-1] INFO  server.RaftServerConfigKeys (ConfUtils.java:logGet(46)) - raft.server.notification.no-leader.timeout = 300s (custom)
2022-08-27 01:04:30,775 [EventQueue-OpenPipelineForHealthyPipelineSafeModeRule] INFO  safemode.SCMSafeModeManager (HealthyPipelineSafeModeRule.java:process(137)) - SCM in safe mode. Healthy pipelines reported count is 0, required healthy pipeline reported count is 1
2022-08-27 01:04:30,781 [pool-326-thread-1] INFO  server.RaftServerConfigKeys (ConfUtils.java:logGet(46)) - raft.server.log.use.memory = false (default)
2022-08-27 01:04:30,781 [pool-326-thread-1] INFO  server.RaftServerConfigKeys (ConfUtils.java:logGet(46)) - raft.server.log.purge.gap = 1000000 (custom)
2022-08-27 01:04:30,781 [pool-326-thread-1] INFO  server.RaftServerConfigKeys (ConfUtils.java:logGet(46)) - raft.server.log.appender.buffer.byte-limit = 33554432 (custom)
2022-08-27 01:04:30,781 [pool-326-thread-1] INFO  server.RaftServerConfigKeys (ConfUtils.java:logGet(46)) - raft.server.log.statemachine.data.read.timeout = 1000ms (default)
2022-08-27 01:04:30,781 [pool-326-thread-1] INFO  server.RaftServerConfigKeys (ConfUtils.java:logGet(46)) - raft.server.log.segment.size.max = 1048576 (custom)
2022-08-27 01:04:30,782 [pool-326-thread-1] INFO  server.RaftServerConfigKeys (ConfUtils.java:logGet(46)) - raft.server.log.segment.cache.num.max = 2 (custom)
2022-08-27 01:04:30,782 [pool-326-thread-1] INFO  server.RaftServerConfigKeys (ConfUtils.java:logGet(46)) - raft.server.log.segment.cache.size.max = 200MB (=209715200) (default)
2022-08-27 01:04:30,782 [pool-326-thread-1] INFO  segmented.SegmentedRaftLogWorker (SegmentedRaftLogWorker.java:<init>(187)) - new a039d0ae-df73-484a-be43-6545be4aa139@group-058A1F7A4144-SegmentedRaftLogWorker for RaftStorageImpl:Storage Directory /home/runner/work/ozone/ozone/hadoop-ozone/integration-test/target/test-dir/MiniOzoneClusterImpl-6c28598a-b70a-49df-9254-251c667aa325/datanode-0/data/ratis/5b74d031-3517-4909-b1a4-058a1f7a4144
2022-08-27 01:04:30,782 [pool-326-thread-1] INFO  server.RaftServerConfigKeys (ConfUtils.java:logGet(46)) - raft.server.log.queue.byte-limit = 4294967296 (custom)
2022-08-27 01:04:30,782 [pool-326-thread-1] INFO  server.RaftServerConfigKeys (ConfUtils.java:logGet(46)) - raft.server.log.queue.element-limit = 1024 (custom)
2022-08-27 01:04:30,782 [pool-326-thread-1] INFO  server.RaftServerConfigKeys (ConfUtils.java:logGet(46)) - raft.server.log.segment.size.max = 1048576 (custom)
2022-08-27 01:04:30,782 [pool-326-thread-1] INFO  server.RaftServerConfigKeys (ConfUtils.java:logGet(46)) - raft.server.log.preallocated.size = 16384 (custom)
2022-08-27 01:04:30,782 [pool-326-thread-1] INFO  server.RaftServerConfigKeys (ConfUtils.java:logGet(46)) - raft.server.log.force.sync.num = 128 (default)
2022-08-27 01:04:30,782 [pool-326-thread-1] INFO  server.RaftServerConfigKeys (ConfUtils.java:logGet(46)) - raft.server.log.statemachine.data.sync = true (default)
2022-08-27 01:04:30,782 [pool-326-thread-1] INFO  server.RaftServerConfigKeys (ConfUtils.java:logGet(46)) - raft.server.log.statemachine.data.sync.timeout = 10s (default)
2022-08-27 01:04:30,782 [pool-326-thread-1] INFO  server.RaftServerConfigKeys (ConfUtils.java:logGet(46)) - raft.server.log.statemachine.data.sync.timeout.retry = -1 (default)
2022-08-27 01:04:30,782 [ContainerReplicationThread-2] INFO  replication.DownloadAndImportReplicator (DownloadAndImportReplicator.java:replicate(122)) - Container 3 is replicated successfully
2022-08-27 01:04:30,783 [ContainerReplicationThread-2] INFO  replication.ReplicationSupervisor (ReplicationSupervisor.java:run(176)) - Container 3 is replicated.
2022-08-27 01:04:30,789 [ContainerReplicationThread-0] INFO  replication.DownloadAndImportReplicator (DownloadAndImportReplicator.java:replicate(122)) - Container 1 is replicated successfully
2022-08-27 01:04:30,789 [pool-326-thread-1] INFO  server.RaftServerConfigKeys (ConfUtils.java:logGet(46)) - raft.server.log.write.buffer.size = 1048576 (custom)
2022-08-27 01:04:30,790 [pool-326-thread-1] INFO  server.RaftServerConfigKeys (ConfUtils.java:logGet(46)) - raft.server.log.unsafe-flush.enabled = false (default)
2022-08-27 01:04:30,790 [pool-326-thread-1] INFO  server.RaftServerConfigKeys (ConfUtils.java:logGet(46)) - raft.server.log.statemachine.data.caching.enabled = true (custom)
2022-08-27 01:04:30,790 [pool-326-thread-1] INFO  segmented.SegmentedRaftLogWorker (SegmentedRaftLogWorker.java:lambda$new$0(135)) - a039d0ae-df73-484a-be43-6545be4aa139@group-058A1F7A4144-SegmentedRaftLogWorker: flushIndex: setUnconditionally 0 -> -1
2022-08-27 01:04:30,790 [pool-326-thread-1] INFO  segmented.SegmentedRaftLogWorker (SegmentedRaftLogWorker.java:lambda$new$0(135)) - a039d0ae-df73-484a-be43-6545be4aa139@group-058A1F7A4144-SegmentedRaftLogWorker: safeCacheEvictIndex: setUnconditionally 0 -> -1
2022-08-27 01:04:30,792 [pool-326-thread-1] INFO  server.RaftServerConfigKeys (ConfUtils.java:logGet(46)) - raft.server.snapshot.auto.trigger.enabled = true (custom)
2022-08-27 01:04:30,792 [pool-326-thread-1] INFO  server.RaftServerConfigKeys (ConfUtils.java:logGet(46)) - raft.server.snapshot.auto.trigger.threshold = 10000 (custom)
2022-08-27 01:04:30,792 [pool-326-thread-1] INFO  server.RaftServerConfigKeys (ConfUtils.java:logGet(46)) - raft.server.snapshot.retention.file.num = 5 (custom)
2022-08-27 01:04:30,792 [pool-326-thread-1] INFO  server.RaftServerConfigKeys (ConfUtils.java:logGet(46)) - raft.server.log.purge.upto.snapshot.index = false (default)
2022-08-27 01:04:30,792 [pool-326-thread-1] INFO  server.RaftServerConfigKeys (ConfUtils.java:logGet(46)) - raft.server.retrycache.expirytime = 600000ms (custom)
2022-08-27 01:04:30,793 [pool-326-thread-1] INFO  server.RaftServerConfigKeys (ConfUtils.java:logGet(46)) - raft.server.retrycache.statistics.expirytime = 100μs (default)
2022-08-27 01:04:30,794 [pool-326-thread-1] INFO  server.RaftServerConfigKeys (ConfUtils.java:logGet(46)) - raft.server.log.appender.install.snapshot.enabled = false (custom)
2022-08-27 01:04:30,794 [pool-326-thread-1] INFO  server.RaftServerConfigKeys (ConfUtils.java:logGet(46)) - raft.server.threadpool.server.cached = true (default)
2022-08-27 01:04:30,794 [pool-326-thread-1] INFO  server.RaftServerConfigKeys (ConfUtils.java:logGet(46)) - raft.server.threadpool.server.size = 0 (default)
2022-08-27 01:04:30,794 [pool-326-thread-1] INFO  server.RaftServerConfigKeys (ConfUtils.java:logGet(46)) - raft.server.threadpool.client.cached = true (default)
2022-08-27 01:04:30,794 [pool-326-thread-1] INFO  server.RaftServerConfigKeys (ConfUtils.java:logGet(46)) - raft.server.threadpool.client.size = 0 (default)
2022-08-27 01:04:30,794 [pool-326-thread-1] INFO  server.RaftServer$Division (RaftServerImpl.java:start(310)) - a039d0ae-df73-484a-be43-6545be4aa139@group-058A1F7A4144: start as a follower, conf=-1: [a039d0ae-df73-484a-be43-6545be4aa139|rpc:10.1.1.170:35103|priority:1], old=null
2022-08-27 01:04:30,794 [pool-326-thread-1] INFO  server.RaftServer$Division (RaftServerImpl.java:setRole(299)) - a039d0ae-df73-484a-be43-6545be4aa139@group-058A1F7A4144: changes role from      null to FOLLOWER at term 0 for startAsFollower
2022-08-27 01:04:30,794 [pool-326-thread-1] INFO  impl.RoleInfo (RoleInfo.java:updateAndGet(139)) - a039d0ae-df73-484a-be43-6545be4aa139: start a039d0ae-df73-484a-be43-6545be4aa139@group-058A1F7A4144-FollowerState
2022-08-27 01:04:30,795 [pool-326-thread-1] INFO  util.JmxRegister (JmxRegister.java:tryRegister(44)) - Successfully registered JMX Bean with object name Ratis:service=RaftServer,group=group-058A1F7A4144,id=a039d0ae-df73-484a-be43-6545be4aa139
2022-08-27 01:04:30,789 [ContainerReplicationThread-0] INFO  replication.ReplicationSupervisor (ReplicationSupervisor.java:run(176)) - Container 1 is replicated.
2022-08-27 01:04:30,807 [Command processor thread] INFO  ratis.XceiverServerRatis (XceiverServerRatis.java:addGroup(765)) - Created group PipelineID=5b74d031-3517-4909-b1a4-058a1f7a4144
2022-08-27 01:04:30,807 [Command processor thread] INFO  commandhandler.CreatePipelineCommandHandler (CreatePipelineCommandHandler.java:handle(113)) - Created Pipeline RATIS ONE PipelineID=5b74d031-3517-4909-b1a4-058a1f7a4144.
2022-08-27 01:04:30,807 [Command processor thread] INFO  server.RaftServer (RaftServerProxy.java:addNew(96)) - a039d0ae-df73-484a-be43-6545be4aa139: addNew group-324F9073062A:[a039d0ae-df73-484a-be43-6545be4aa139|rpc:10.1.1.170:35103|priority:0, aacd29cb-552c-424c-841b-ce75a537e611|rpc:10.1.1.170:39611|priority:0, 4533084f-140e-42f6-9ba1-ce945919c4fc|rpc:10.1.1.170:35021|priority:1] returns group-324F9073062A:java.util.concurrent.CompletableFuture@4504f1e5[Not completed]
2022-08-27 01:04:30,807 [ContainerReplicationThread-1] INFO  replication.DownloadAndImportReplicator (DownloadAndImportReplicator.java:replicate(122)) - Container 2 is replicated successfully
2022-08-27 01:04:30,807 [ContainerReplicationThread-1] INFO  replication.ReplicationSupervisor (ReplicationSupervisor.java:run(176)) - Container 2 is replicated.
2022-08-27 01:04:30,808 [pool-326-thread-1] INFO  server.RaftServer$Division (RaftServerImpl.java:<init>(190)) - a039d0ae-df73-484a-be43-6545be4aa139: new RaftServerImpl for group-324F9073062A:[a039d0ae-df73-484a-be43-6545be4aa139|rpc:10.1.1.170:35103|priority:0, aacd29cb-552c-424c-841b-ce75a537e611|rpc:10.1.1.170:39611|priority:0, 4533084f-140e-42f6-9ba1-ce945919c4fc|rpc:10.1.1.170:35021|priority:1] with ContainerStateMachine:uninitialized
2022-08-27 01:04:30,808 [pool-326-thread-1] INFO  server.RaftServerConfigKeys (ConfUtils.java:logGet(46)) - raft.server.rpc.timeout.min = 5s (custom)
2022-08-27 01:04:30,808 [pool-326-thread-1] INFO  server.RaftServerConfigKeys (ConfUtils.java:logGet(46)) - raft.server.rpc.timeout.max = 5200ms (custom)
2022-08-27 01:04:30,808 [pool-326-thread-1] INFO  server.RaftServerConfigKeys (ConfUtils.java:logGet(46)) - raft.server.rpc.sleep.time = 25ms (default)
2022-08-27 01:04:30,808 [pool-326-thread-1] INFO  server.RaftServerConfigKeys (ConfUtils.java:logGet(46)) - raft.server.rpc.slowness.timeout = 300s (custom)
2022-08-27 01:04:30,808 [pool-326-thread-1] INFO  server.RaftServerConfigKeys (ConfUtils.java:logGet(46)) - raft.server.leaderelection.leader.step-down.wait-time = 10s (default)
2022-08-27 01:04:30,808 [pool-326-thread-1] INFO  server.RaftServerConfigKeys (ConfUtils.java:logGet(46)) - raft.server.sleep.deviation.threshold = 300ms (default)
2022-08-27 01:04:30,808 [pool-326-thread-1] INFO  server.RaftServer$Division (ServerState.java:<init>(107)) - a039d0ae-df73-484a-be43-6545be4aa139@group-324F9073062A: ConfigurationManager, init=-1: [a039d0ae-df73-484a-be43-6545be4aa139|rpc:10.1.1.170:35103|priority:0, aacd29cb-552c-424c-841b-ce75a537e611|rpc:10.1.1.170:39611|priority:0, 4533084f-140e-42f6-9ba1-ce945919c4fc|rpc:10.1.1.170:35021|priority:1], old=null, confs=<EMPTY_MAP>
2022-08-27 01:04:30,808 [pool-326-thread-1] INFO  server.RaftServerConfigKeys (ConfUtils.java:logGet(46)) - raft.server.storage.dir = [/home/runner/work/ozone/ozone/hadoop-ozone/integration-test/target/test-dir/MiniOzoneClusterImpl-6c28598a-b70a-49df-9254-251c667aa325/datanode-0/data/ratis] (custom)
2022-08-27 01:04:30,808 [pool-326-thread-1] INFO  server.RaftServerConfigKeys (ConfUtils.java:logGet(46)) - raft.server.log.corruption.policy = EXCEPTION (default)
2022-08-27 01:04:30,808 [pool-326-thread-1] INFO  server.RaftServerConfigKeys (ConfUtils.java:logGet(46)) - raft.server.storage.free-space.min = 0MB (=0) (default)
2022-08-27 01:04:30,808 [pool-326-thread-1] INFO  storage.RaftStorageDirectory (RaftStorageDirectoryImpl.java:analyzeStorage(135)) - The storage directory /home/runner/work/ozone/ozone/hadoop-ozone/integration-test/target/test-dir/MiniOzoneClusterImpl-6c28598a-b70a-49df-9254-251c667aa325/datanode-0/data/ratis/4190c070-6848-4aad-b498-324f9073062a does not exist. Creating ...
2022-08-27 01:04:30,811 [pool-326-thread-1] INFO  storage.RaftStorageDirectory (RaftStorageDirectoryImpl.java:tryLock(230)) - Lock on /home/runner/work/ozone/ozone/hadoop-ozone/integration-test/target/test-dir/MiniOzoneClusterImpl-6c28598a-b70a-49df-9254-251c667aa325/datanode-0/data/ratis/4190c070-6848-4aad-b498-324f9073062a/in_use.lock acquired by nodename 21368@fv-az41-820
2022-08-27 01:04:30,812 [pool-326-thread-1] INFO  storage.RaftStorage (RaftStorageImpl.java:format(89)) - Storage directory /home/runner/work/ozone/ozone/hadoop-ozone/integration-test/target/test-dir/MiniOzoneClusterImpl-6c28598a-b70a-49df-9254-251c667aa325/datanode-0/data/ratis/4190c070-6848-4aad-b498-324f9073062a has been successfully formatted.
2022-08-27 01:04:30,813 [EventQueue-OpenPipelineForHealthyPipelineSafeModeRule] INFO  safemode.SCMSafeModeManager (HealthyPipelineSafeModeRule.java:process(137)) - SCM in safe mode. Healthy pipelines reported count is 0, required healthy pipeline reported count is 1
2022-08-27 01:04:30,813 [pool-326-thread-1] INFO  ratis.ContainerStateMachine (ContainerStateMachine.java:loadSnapshot(236)) - group-324F9073062A: The snapshot info is null. Setting the last applied indexto:(t:0, i:~)
2022-08-27 01:04:30,814 [pool-326-thread-1] INFO  server.RaftServerConfigKeys (ConfUtils.java:logGet(46)) - raft.server.notification.no-leader.timeout = 300s (custom)
2022-08-27 01:04:30,814 [pool-326-thread-1] INFO  server.RaftServerConfigKeys (ConfUtils.java:logGet(46)) - raft.server.log.use.memory = false (default)
2022-08-27 01:04:30,814 [pool-326-thread-1] INFO  server.RaftServerConfigKeys (ConfUtils.java:logGet(46)) - raft.server.log.purge.gap = 1000000 (custom)
2022-08-27 01:04:30,814 [pool-326-thread-1] INFO  server.RaftServerConfigKeys (ConfUtils.java:logGet(46)) - raft.server.log.appender.buffer.byte-limit = 33554432 (custom)
2022-08-27 01:04:30,814 [pool-326-thread-1] INFO  server.RaftServerConfigKeys (ConfUtils.java:logGet(46)) - raft.server.log.statemachine.data.read.timeout = 1000ms (default)
2022-08-27 01:04:30,814 [pool-326-thread-1] INFO  server.RaftServerConfigKeys (ConfUtils.java:logGet(46)) - raft.server.log.segment.size.max = 1048576 (custom)
2022-08-27 01:04:30,814 [pool-326-thread-1] INFO  server.RaftServerConfigKeys (ConfUtils.java:logGet(46)) - raft.server.log.segment.cache.num.max = 2 (custom)
2022-08-27 01:04:30,814 [pool-326-thread-1] INFO  server.RaftServerConfigKeys (ConfUtils.java:logGet(46)) - raft.server.log.segment.cache.size.max = 200MB (=209715200) (default)
2022-08-27 01:04:30,814 [pool-326-thread-1] INFO  segmented.SegmentedRaftLogWorker (SegmentedRaftLogWorker.java:<init>(187)) - new a039d0ae-df73-484a-be43-6545be4aa139@group-324F9073062A-SegmentedRaftLogWorker for RaftStorageImpl:Storage Directory /home/runner/work/ozone/ozone/hadoop-ozone/integration-test/target/test-dir/MiniOzoneClusterImpl-6c28598a-b70a-49df-9254-251c667aa325/datanode-0/data/ratis/4190c070-6848-4aad-b498-324f9073062a
2022-08-27 01:04:30,814 [pool-326-thread-1] INFO  server.RaftServerConfigKeys (ConfUtils.java:logGet(46)) - raft.server.log.queue.byte-limit = 4294967296 (custom)
2022-08-27 01:04:30,815 [pool-326-thread-1] INFO  server.RaftServerConfigKeys (ConfUtils.java:logGet(46)) - raft.server.log.queue.element-limit = 1024 (custom)
2022-08-27 01:04:30,815 [pool-326-thread-1] INFO  server.RaftServerConfigKeys (ConfUtils.java:logGet(46)) - raft.server.log.segment.size.max = 1048576 (custom)
2022-08-27 01:04:30,815 [pool-326-thread-1] INFO  server.RaftServerConfigKeys (ConfUtils.java:logGet(46)) - raft.server.log.preallocated.size = 16384 (custom)
2022-08-27 01:04:30,815 [pool-326-thread-1] INFO  server.RaftServerConfigKeys (ConfUtils.java:logGet(46)) - raft.server.log.force.sync.num = 128 (default)
2022-08-27 01:04:30,815 [pool-326-thread-1] INFO  server.RaftServerConfigKeys (ConfUtils.java:logGet(46)) - raft.server.log.statemachine.data.sync = true (default)
2022-08-27 01:04:30,815 [pool-326-thread-1] INFO  server.RaftServerConfigKeys (ConfUtils.java:logGet(46)) - raft.server.log.statemachine.data.sync.timeout = 10s (default)
2022-08-27 01:04:30,815 [pool-326-thread-1] INFO  server.RaftServerConfigKeys (ConfUtils.java:logGet(46)) - raft.server.log.statemachine.data.sync.timeout.retry = -1 (default)
2022-08-27 01:04:30,816 [pool-326-thread-1] INFO  server.RaftServerConfigKeys (ConfUtils.java:logGet(46)) - raft.server.log.write.buffer.size = 1048576 (custom)
2022-08-27 01:04:30,816 [pool-326-thread-1] INFO  server.RaftServerConfigKeys (ConfUtils.java:logGet(46)) - raft.server.log.unsafe-flush.enabled = false (default)
2022-08-27 01:04:30,816 [pool-326-thread-1] INFO  server.RaftServerConfigKeys (ConfUtils.java:logGet(46)) - raft.server.log.statemachine.data.caching.enabled = true (custom)
2022-08-27 01:04:30,816 [pool-326-thread-1] INFO  segmented.SegmentedRaftLogWorker (SegmentedRaftLogWorker.java:lambda$new$0(135)) - a039d0ae-df73-484a-be43-6545be4aa139@group-324F9073062A-SegmentedRaftLogWorker: flushIndex: setUnconditionally 0 -> -1
2022-08-27 01:04:30,816 [pool-326-thread-1] INFO  segmented.SegmentedRaftLogWorker (SegmentedRaftLogWorker.java:lambda$new$0(135)) - a039d0ae-df73-484a-be43-6545be4aa139@group-324F9073062A-SegmentedRaftLogWorker: safeCacheEvictIndex: setUnconditionally 0 -> -1
2022-08-27 01:04:30,817 [pool-326-thread-1] INFO  server.RaftServerConfigKeys (ConfUtils.java:logGet(46)) - raft.server.snapshot.auto.trigger.enabled = true (custom)
2022-08-27 01:04:30,817 [pool-326-thread-1] INFO  server.RaftServerConfigKeys (ConfUtils.java:logGet(46)) - raft.server.snapshot.auto.trigger.threshold = 10000 (custom)
2022-08-27 01:04:30,817 [pool-326-thread-1] INFO  server.RaftServerConfigKeys (ConfUtils.java:logGet(46)) - raft.server.snapshot.retention.file.num = 5 (custom)
2022-08-27 01:04:30,817 [pool-326-thread-1] INFO  server.RaftServerConfigKeys (ConfUtils.java:logGet(46)) - raft.server.log.purge.upto.snapshot.index = false (default)
2022-08-27 01:04:30,817 [pool-326-thread-1] INFO  server.RaftServerConfigKeys (ConfUtils.java:logGet(46)) - raft.server.retrycache.expirytime = 600000ms (custom)
2022-08-27 01:04:30,817 [pool-326-thread-1] INFO  server.RaftServerConfigKeys (ConfUtils.java:logGet(46)) - raft.server.retrycache.statistics.expirytime = 100μs (default)
2022-08-27 01:04:30,818 [pool-326-thread-1] INFO  server.RaftServerConfigKeys (ConfUtils.java:logGet(46)) - raft.server.log.appender.install.snapshot.enabled = false (custom)
2022-08-27 01:04:30,818 [pool-326-thread-1] INFO  server.RaftServerConfigKeys (ConfUtils.java:logGet(46)) - raft.server.threadpool.server.cached = true (default)
2022-08-27 01:04:30,818 [pool-326-thread-1] INFO  server.RaftServerConfigKeys (ConfUtils.java:logGet(46)) - raft.server.threadpool.server.size = 0 (default)
2022-08-27 01:04:30,818 [pool-326-thread-1] INFO  server.RaftServerConfigKeys (ConfUtils.java:logGet(46)) - raft.server.threadpool.client.cached = true (default)
2022-08-27 01:04:30,818 [pool-326-thread-1] INFO  server.RaftServerConfigKeys (ConfUtils.java:logGet(46)) - raft.server.threadpool.client.size = 0 (default)
2022-08-27 01:04:30,818 [pool-326-thread-1] INFO  server.RaftServer$Division (RaftServerImpl.java:start(310)) - a039d0ae-df73-484a-be43-6545be4aa139@group-324F9073062A: start as a follower, conf=-1: [a039d0ae-df73-484a-be43-6545be4aa139|rpc:10.1.1.170:35103|priority:0, aacd29cb-552c-424c-841b-ce75a537e611|rpc:10.1.1.170:39611|priority:0, 4533084f-140e-42f6-9ba1-ce945919c4fc|rpc:10.1.1.170:35021|priority:1], old=null
2022-08-27 01:04:30,818 [pool-326-thread-1] INFO  server.RaftServer$Division (RaftServerImpl.java:setRole(299)) - a039d0ae-df73-484a-be43-6545be4aa139@group-324F9073062A: changes role from      null to FOLLOWER at term 0 for startAsFollower
2022-08-27 01:04:30,818 [pool-326-thread-1] INFO  impl.RoleInfo (RoleInfo.java:updateAndGet(139)) - a039d0ae-df73-484a-be43-6545be4aa139: start a039d0ae-df73-484a-be43-6545be4aa139@group-324F9073062A-FollowerState
2022-08-27 01:04:30,820 [pool-326-thread-1] INFO  util.JmxRegister (JmxRegister.java:tryRegister(44)) - Successfully registered JMX Bean with object name Ratis:service=RaftServer,group=group-324F9073062A,id=a039d0ae-df73-484a-be43-6545be4aa139
2022-08-27 01:04:30,821 [Command processor thread] INFO  ratis.XceiverServerRatis (XceiverServerRatis.java:addGroup(765)) - Created group PipelineID=4190c070-6848-4aad-b498-324f9073062a
2022-08-27 01:04:30,830 [grpc-default-executor-4] INFO  server.RaftServer (RaftServerProxy.java:addNew(96)) - aacd29cb-552c-424c-841b-ce75a537e611: addNew group-324F9073062A:[a039d0ae-df73-484a-be43-6545be4aa139|rpc:10.1.1.170:35103|dataStream:|priority:0, aacd29cb-552c-424c-841b-ce75a537e611|rpc:10.1.1.170:39611|dataStream:|priority:0, 4533084f-140e-42f6-9ba1-ce945919c4fc|rpc:10.1.1.170:35021|dataStream:|priority:1] returns group-324F9073062A:java.util.concurrent.CompletableFuture@147b4b16[Not completed]
2022-08-27 01:04:30,831 [pool-368-thread-1] INFO  server.RaftServer$Division (RaftServerImpl.java:<init>(190)) - aacd29cb-552c-424c-841b-ce75a537e611: new RaftServerImpl for group-324F9073062A:[a039d0ae-df73-484a-be43-6545be4aa139|rpc:10.1.1.170:35103|dataStream:|priority:0, aacd29cb-552c-424c-841b-ce75a537e611|rpc:10.1.1.170:39611|dataStream:|priority:0, 4533084f-140e-42f6-9ba1-ce945919c4fc|rpc:10.1.1.170:35021|dataStream:|priority:1] with ContainerStateMachine:uninitialized
2022-08-27 01:04:30,831 [pool-368-thread-1] INFO  server.RaftServerConfigKeys (ConfUtils.java:logGet(46)) - raft.server.rpc.timeout.min = 5s (custom)
2022-08-27 01:04:30,831 [pool-368-thread-1] INFO  server.RaftServerConfigKeys (ConfUtils.java:logGet(46)) - raft.server.rpc.timeout.max = 5200ms (custom)
2022-08-27 01:04:30,831 [pool-368-thread-1] INFO  server.RaftServerConfigKeys (ConfUtils.java:logGet(46)) - raft.server.rpc.sleep.time = 25ms (default)
2022-08-27 01:04:30,831 [pool-368-thread-1] INFO  server.RaftServerConfigKeys (ConfUtils.java:logGet(46)) - raft.server.rpc.slowness.timeout = 300s (custom)
2022-08-27 01:04:30,831 [pool-368-thread-1] INFO  server.RaftServerConfigKeys (ConfUtils.java:logGet(46)) - raft.server.leaderelection.leader.step-down.wait-time = 10s (default)
2022-08-27 01:04:30,831 [pool-368-thread-1] INFO  server.RaftServerConfigKeys (ConfUtils.java:logGet(46)) - raft.server.sleep.deviation.threshold = 300ms (default)
2022-08-27 01:04:30,831 [pool-368-thread-1] INFO  server.RaftServer$Division (ServerState.java:<init>(107)) - aacd29cb-552c-424c-841b-ce75a537e611@group-324F9073062A: ConfigurationManager, init=-1: [a039d0ae-df73-484a-be43-6545be4aa139|rpc:10.1.1.170:35103|dataStream:|priority:0, aacd29cb-552c-424c-841b-ce75a537e611|rpc:10.1.1.170:39611|dataStream:|priority:0, 4533084f-140e-42f6-9ba1-ce945919c4fc|rpc:10.1.1.170:35021|dataStream:|priority:1], old=null, confs=<EMPTY_MAP>
2022-08-27 01:04:30,831 [pool-368-thread-1] INFO  server.RaftServerConfigKeys (ConfUtils.java:logGet(46)) - raft.server.storage.dir = [/home/runner/work/ozone/ozone/hadoop-ozone/integration-test/target/test-dir/MiniOzoneClusterImpl-6c28598a-b70a-49df-9254-251c667aa325/datanode-1/data/ratis] (custom)
2022-08-27 01:04:30,831 [pool-368-thread-1] INFO  server.RaftServerConfigKeys (ConfUtils.java:logGet(46)) - raft.server.log.corruption.policy = EXCEPTION (default)
2022-08-27 01:04:30,831 [pool-368-thread-1] INFO  server.RaftServerConfigKeys (ConfUtils.java:logGet(46)) - raft.server.storage.free-space.min = 0MB (=0) (default)
2022-08-27 01:04:30,832 [pool-368-thread-1] INFO  storage.RaftStorageDirectory (RaftStorageDirectoryImpl.java:analyzeStorage(135)) - The storage directory /home/runner/work/ozone/ozone/hadoop-ozone/integration-test/target/test-dir/MiniOzoneClusterImpl-6c28598a-b70a-49df-9254-251c667aa325/datanode-1/data/ratis/4190c070-6848-4aad-b498-324f9073062a does not exist. Creating ...
2022-08-27 01:04:30,833 [pool-368-thread-1] INFO  storage.RaftStorageDirectory (RaftStorageDirectoryImpl.java:tryLock(230)) - Lock on /home/runner/work/ozone/ozone/hadoop-ozone/integration-test/target/test-dir/MiniOzoneClusterImpl-6c28598a-b70a-49df-9254-251c667aa325/datanode-1/data/ratis/4190c070-6848-4aad-b498-324f9073062a/in_use.lock acquired by nodename 21368@fv-az41-820
2022-08-27 01:04:30,834 [pool-368-thread-1] INFO  storage.RaftStorage (RaftStorageImpl.java:format(89)) - Storage directory /home/runner/work/ozone/ozone/hadoop-ozone/integration-test/target/test-dir/MiniOzoneClusterImpl-6c28598a-b70a-49df-9254-251c667aa325/datanode-1/data/ratis/4190c070-6848-4aad-b498-324f9073062a has been successfully formatted.
2022-08-27 01:04:30,834 [pool-368-thread-1] INFO  ratis.ContainerStateMachine (ContainerStateMachine.java:loadSnapshot(236)) - group-324F9073062A: The snapshot info is null. Setting the last applied indexto:(t:0, i:~)
2022-08-27 01:04:30,835 [pool-368-thread-1] INFO  server.RaftServerConfigKeys (ConfUtils.java:logGet(46)) - raft.server.notification.no-leader.timeout = 300s (custom)
2022-08-27 01:04:30,835 [pool-368-thread-1] INFO  server.RaftServerConfigKeys (ConfUtils.java:logGet(46)) - raft.server.log.use.memory = false (default)
2022-08-27 01:04:30,835 [pool-368-thread-1] INFO  server.RaftServerConfigKeys (ConfUtils.java:logGet(46)) - raft.server.log.purge.gap = 1000000 (custom)
2022-08-27 01:04:30,835 [pool-368-thread-1] INFO  server.RaftServerConfigKeys (ConfUtils.java:logGet(46)) - raft.server.log.appender.buffer.byte-limit = 33554432 (custom)
2022-08-27 01:04:30,835 [pool-368-thread-1] INFO  server.RaftServerConfigKeys (ConfUtils.java:logGet(46)) - raft.server.log.statemachine.data.read.timeout = 1000ms (default)
2022-08-27 01:04:30,836 [pool-368-thread-1] INFO  server.RaftServerConfigKeys (ConfUtils.java:logGet(46)) - raft.server.log.segment.size.max = 1048576 (custom)
2022-08-27 01:04:30,836 [pool-368-thread-1] INFO  server.RaftServerConfigKeys (ConfUtils.java:logGet(46)) - raft.server.log.segment.cache.num.max = 2 (custom)
2022-08-27 01:04:30,836 [pool-368-thread-1] INFO  server.RaftServerConfigKeys (ConfUtils.java:logGet(46)) - raft.server.log.segment.cache.size.max = 200MB (=209715200) (default)
2022-08-27 01:04:30,836 [pool-368-thread-1] INFO  segmented.SegmentedRaftLogWorker (SegmentedRaftLogWorker.java:<init>(187)) - new aacd29cb-552c-424c-841b-ce75a537e611@group-324F9073062A-SegmentedRaftLogWorker for RaftStorageImpl:Storage Directory /home/runner/work/ozone/ozone/hadoop-ozone/integration-test/target/test-dir/MiniOzoneClusterImpl-6c28598a-b70a-49df-9254-251c667aa325/datanode-1/data/ratis/4190c070-6848-4aad-b498-324f9073062a
2022-08-27 01:04:30,836 [pool-368-thread-1] INFO  server.RaftServerConfigKeys (ConfUtils.java:logGet(46)) - raft.server.log.queue.byte-limit = 4294967296 (custom)
2022-08-27 01:04:30,836 [pool-368-thread-1] INFO  server.RaftServerConfigKeys (ConfUtils.java:logGet(46)) - raft.server.log.queue.element-limit = 1024 (custom)
2022-08-27 01:04:30,836 [pool-368-thread-1] INFO  server.RaftServerConfigKeys (ConfUtils.java:logGet(46)) - raft.server.log.segment.size.max = 1048576 (custom)
2022-08-27 01:04:30,836 [pool-368-thread-1] INFO  server.RaftServerConfigKeys (ConfUtils.java:logGet(46)) - raft.server.log.preallocated.size = 16384 (custom)
2022-08-27 01:04:30,836 [pool-368-thread-1] INFO  server.RaftServerConfigKeys (ConfUtils.java:logGet(46)) - raft.server.log.force.sync.num = 128 (default)
2022-08-27 01:04:30,836 [pool-368-thread-1] INFO  server.RaftServerConfigKeys (ConfUtils.java:logGet(46)) - raft.server.log.statemachine.data.sync = true (default)
2022-08-27 01:04:30,836 [pool-368-thread-1] INFO  server.RaftServerConfigKeys (ConfUtils.java:logGet(46)) - raft.server.log.statemachine.data.sync.timeout = 10s (default)
2022-08-27 01:04:30,836 [pool-368-thread-1] INFO  server.RaftServerConfigKeys (ConfUtils.java:logGet(46)) - raft.server.log.statemachine.data.sync.timeout.retry = -1 (default)
2022-08-27 01:04:30,837 [pool-368-thread-1] INFO  server.RaftServerConfigKeys (ConfUtils.java:logGet(46)) - raft.server.log.write.buffer.size = 1048576 (custom)
2022-08-27 01:04:30,838 [pool-368-thread-1] INFO  server.RaftServerConfigKeys (ConfUtils.java:logGet(46)) - raft.server.log.unsafe-flush.enabled = false (default)
2022-08-27 01:04:30,838 [pool-368-thread-1] INFO  server.RaftServerConfigKeys (ConfUtils.java:logGet(46)) - raft.server.log.statemachine.data.caching.enabled = true (custom)
2022-08-27 01:04:30,838 [pool-368-thread-1] INFO  segmented.SegmentedRaftLogWorker (SegmentedRaftLogWorker.java:lambda$new$0(135)) - aacd29cb-552c-424c-841b-ce75a537e611@group-324F9073062A-SegmentedRaftLogWorker: flushIndex: setUnconditionally 0 -> -1
2022-08-27 01:04:30,838 [pool-368-thread-1] INFO  segmented.SegmentedRaftLogWorker (SegmentedRaftLogWorker.java:lambda$new$0(135)) - aacd29cb-552c-424c-841b-ce75a537e611@group-324F9073062A-SegmentedRaftLogWorker: safeCacheEvictIndex: setUnconditionally 0 -> -1
2022-08-27 01:04:30,840 [pool-368-thread-1] INFO  server.RaftServerConfigKeys (ConfUtils.java:logGet(46)) - raft.server.snapshot.auto.trigger.enabled = true (custom)
2022-08-27 01:04:30,840 [pool-368-thread-1] INFO  server.RaftServerConfigKeys (ConfUtils.java:logGet(46)) - raft.server.snapshot.auto.trigger.threshold = 10000 (custom)
2022-08-27 01:04:30,841 [pool-368-thread-1] INFO  server.RaftServerConfigKeys (ConfUtils.java:logGet(46)) - raft.server.snapshot.retention.file.num = 5 (custom)
2022-08-27 01:04:30,841 [pool-368-thread-1] INFO  server.RaftServerConfigKeys (ConfUtils.java:logGet(46)) - raft.server.log.purge.upto.snapshot.index = false (default)
2022-08-27 01:04:30,841 [pool-368-thread-1] INFO  server.RaftServerConfigKeys (ConfUtils.java:logGet(46)) - raft.server.retrycache.expirytime = 600000ms (custom)
2022-08-27 01:04:30,841 [pool-368-thread-1] INFO  server.RaftServerConfigKeys (ConfUtils.java:logGet(46)) - raft.server.retrycache.statistics.expirytime = 100μs (default)
2022-08-27 01:04:30,842 [pool-368-thread-1] INFO  server.RaftServerConfigKeys (ConfUtils.java:logGet(46)) - raft.server.log.appender.install.snapshot.enabled = false (custom)
2022-08-27 01:04:30,842 [pool-368-thread-1] INFO  server.RaftServerConfigKeys (ConfUtils.java:logGet(46)) - raft.server.threadpool.server.cached = true (default)
2022-08-27 01:04:30,842 [pool-368-thread-1] INFO  server.RaftServerConfigKeys (ConfUtils.java:logGet(46)) - raft.server.threadpool.server.size = 0 (default)
2022-08-27 01:04:30,842 [pool-368-thread-1] INFO  server.RaftServerConfigKeys (ConfUtils.java:logGet(46)) - raft.server.threadpool.client.cached = true (default)
2022-08-27 01:04:30,842 [pool-368-thread-1] INFO  server.RaftServerConfigKeys (ConfUtils.java:logGet(46)) - raft.server.threadpool.client.size = 0 (default)
2022-08-27 01:04:30,842 [pool-368-thread-1] INFO  server.RaftServer$Division (RaftServerImpl.java:start(310)) - aacd29cb-552c-424c-841b-ce75a537e611@group-324F9073062A: start as a follower, conf=-1: [a039d0ae-df73-484a-be43-6545be4aa139|rpc:10.1.1.170:35103|dataStream:|priority:0, aacd29cb-552c-424c-841b-ce75a537e611|rpc:10.1.1.170:39611|dataStream:|priority:0, 4533084f-140e-42f6-9ba1-ce945919c4fc|rpc:10.1.1.170:35021|dataStream:|priority:1], old=null
2022-08-27 01:04:30,842 [pool-368-thread-1] INFO  server.RaftServer$Division (RaftServerImpl.java:setRole(299)) - aacd29cb-552c-424c-841b-ce75a537e611@group-324F9073062A: changes role from      null to FOLLOWER at term 0 for startAsFollower
2022-08-27 01:04:30,842 [pool-368-thread-1] INFO  impl.RoleInfo (RoleInfo.java:updateAndGet(139)) - aacd29cb-552c-424c-841b-ce75a537e611: start aacd29cb-552c-424c-841b-ce75a537e611@group-324F9073062A-FollowerState
2022-08-27 01:04:30,848 [pool-368-thread-1] INFO  util.JmxRegister (JmxRegister.java:tryRegister(44)) - Successfully registered JMX Bean with object name Ratis:service=RaftServer,group=group-324F9073062A,id=aacd29cb-552c-424c-841b-ce75a537e611
2022-08-27 01:04:30,865 [grpc-default-executor-4] INFO  server.RaftServer (RaftServerProxy.java:addNew(96)) - 4533084f-140e-42f6-9ba1-ce945919c4fc: addNew group-324F9073062A:[a039d0ae-df73-484a-be43-6545be4aa139|rpc:10.1.1.170:35103|dataStream:|priority:0, aacd29cb-552c-424c-841b-ce75a537e611|rpc:10.1.1.170:39611|dataStream:|priority:0, 4533084f-140e-42f6-9ba1-ce945919c4fc|rpc:10.1.1.170:35021|dataStream:|priority:1] returns group-324F9073062A:java.util.concurrent.CompletableFuture@64f300b6[Not completed]
2022-08-27 01:04:30,866 [pool-399-thread-1] INFO  server.RaftServer$Division (RaftServerImpl.java:<init>(190)) - 4533084f-140e-42f6-9ba1-ce945919c4fc: new RaftServerImpl for group-324F9073062A:[a039d0ae-df73-484a-be43-6545be4aa139|rpc:10.1.1.170:35103|dataStream:|priority:0, aacd29cb-552c-424c-841b-ce75a537e611|rpc:10.1.1.170:39611|dataStream:|priority:0, 4533084f-140e-42f6-9ba1-ce945919c4fc|rpc:10.1.1.170:35021|dataStream:|priority:1] with ContainerStateMachine:uninitialized
2022-08-27 01:04:30,866 [pool-399-thread-1] INFO  server.RaftServerConfigKeys (ConfUtils.java:logGet(46)) - raft.server.rpc.timeout.min = 5s (custom)
2022-08-27 01:04:30,866 [pool-399-thread-1] INFO  server.RaftServerConfigKeys (ConfUtils.java:logGet(46)) - raft.server.rpc.timeout.max = 5200ms (custom)
2022-08-27 01:04:30,866 [pool-399-thread-1] INFO  server.RaftServerConfigKeys (ConfUtils.java:logGet(46)) - raft.server.rpc.sleep.time = 25ms (default)
2022-08-27 01:04:30,866 [pool-399-thread-1] INFO  server.RaftServerConfigKeys (ConfUtils.java:logGet(46)) - raft.server.rpc.slowness.timeout = 300s (custom)
2022-08-27 01:04:30,866 [pool-399-thread-1] INFO  server.RaftServerConfigKeys (ConfUtils.java:logGet(46)) - raft.server.leaderelection.leader.step-down.wait-time = 10s (default)
2022-08-27 01:04:30,866 [pool-399-thread-1] INFO  server.RaftServerConfigKeys (ConfUtils.java:logGet(46)) - raft.server.sleep.deviation.threshold = 300ms (default)
2022-08-27 01:04:30,866 [pool-399-thread-1] INFO  server.RaftServer$Division (ServerState.java:<init>(107)) - 4533084f-140e-42f6-9ba1-ce945919c4fc@group-324F9073062A: ConfigurationManager, init=-1: [a039d0ae-df73-484a-be43-6545be4aa139|rpc:10.1.1.170:35103|dataStream:|priority:0, aacd29cb-552c-424c-841b-ce75a537e611|rpc:10.1.1.170:39611|dataStream:|priority:0, 4533084f-140e-42f6-9ba1-ce945919c4fc|rpc:10.1.1.170:35021|dataStream:|priority:1], old=null, confs=<EMPTY_MAP>
2022-08-27 01:04:30,866 [pool-399-thread-1] INFO  server.RaftServerConfigKeys (ConfUtils.java:logGet(46)) - raft.server.storage.dir = [/home/runner/work/ozone/ozone/hadoop-ozone/integration-test/target/test-dir/MiniOzoneClusterImpl-6c28598a-b70a-49df-9254-251c667aa325/datanode-2/data/ratis] (custom)
2022-08-27 01:04:30,866 [pool-399-thread-1] INFO  server.RaftServerConfigKeys (ConfUtils.java:logGet(46)) - raft.server.log.corruption.policy = EXCEPTION (default)
2022-08-27 01:04:30,866 [pool-399-thread-1] INFO  server.RaftServerConfigKeys (ConfUtils.java:logGet(46)) - raft.server.storage.free-space.min = 0MB (=0) (default)
2022-08-27 01:04:30,866 [pool-399-thread-1] INFO  storage.RaftStorageDirectory (RaftStorageDirectoryImpl.java:analyzeStorage(135)) - The storage directory /home/runner/work/ozone/ozone/hadoop-ozone/integration-test/target/test-dir/MiniOzoneClusterImpl-6c28598a-b70a-49df-9254-251c667aa325/datanode-2/data/ratis/4190c070-6848-4aad-b498-324f9073062a does not exist. Creating ...
2022-08-27 01:04:30,867 [pool-399-thread-1] INFO  storage.RaftStorageDirectory (RaftStorageDirectoryImpl.java:tryLock(230)) - Lock on /home/runner/work/ozone/ozone/hadoop-ozone/integration-test/target/test-dir/MiniOzoneClusterImpl-6c28598a-b70a-49df-9254-251c667aa325/datanode-2/data/ratis/4190c070-6848-4aad-b498-324f9073062a/in_use.lock acquired by nodename 21368@fv-az41-820
2022-08-27 01:04:30,868 [pool-399-thread-1] INFO  storage.RaftStorage (RaftStorageImpl.java:format(89)) - Storage directory /home/runner/work/ozone/ozone/hadoop-ozone/integration-test/target/test-dir/MiniOzoneClusterImpl-6c28598a-b70a-49df-9254-251c667aa325/datanode-2/data/ratis/4190c070-6848-4aad-b498-324f9073062a has been successfully formatted.
2022-08-27 01:04:30,868 [pool-399-thread-1] INFO  ratis.ContainerStateMachine (ContainerStateMachine.java:loadSnapshot(236)) - group-324F9073062A: The snapshot info is null. Setting the last applied indexto:(t:0, i:~)
2022-08-27 01:04:30,868 [pool-399-thread-1] INFO  server.RaftServerConfigKeys (ConfUtils.java:logGet(46)) - raft.server.notification.no-leader.timeout = 300s (custom)
2022-08-27 01:04:30,868 [pool-399-thread-1] INFO  server.RaftServerConfigKeys (ConfUtils.java:logGet(46)) - raft.server.log.use.memory = false (default)
2022-08-27 01:04:30,868 [pool-399-thread-1] INFO  server.RaftServerConfigKeys (ConfUtils.java:logGet(46)) - raft.server.log.purge.gap = 1000000 (custom)
2022-08-27 01:04:30,868 [pool-399-thread-1] INFO  server.RaftServerConfigKeys (ConfUtils.java:logGet(46)) - raft.server.log.appender.buffer.byte-limit = 33554432 (custom)
2022-08-27 01:04:30,868 [pool-399-thread-1] INFO  server.RaftServerConfigKeys (ConfUtils.java:logGet(46)) - raft.server.log.statemachine.data.read.timeout = 1000ms (default)
2022-08-27 01:04:30,869 [pool-399-thread-1] INFO  server.RaftServerConfigKeys (ConfUtils.java:logGet(46)) - raft.server.log.segment.size.max = 1048576 (custom)
2022-08-27 01:04:30,869 [pool-399-thread-1] INFO  server.RaftServerConfigKeys (ConfUtils.java:logGet(46)) - raft.server.log.segment.cache.num.max = 2 (custom)
2022-08-27 01:04:30,869 [pool-399-thread-1] INFO  server.RaftServerConfigKeys (ConfUtils.java:logGet(46)) - raft.server.log.segment.cache.size.max = 200MB (=209715200) (default)
2022-08-27 01:04:30,869 [pool-399-thread-1] INFO  segmented.SegmentedRaftLogWorker (SegmentedRaftLogWorker.java:<init>(187)) - new 4533084f-140e-42f6-9ba1-ce945919c4fc@group-324F9073062A-SegmentedRaftLogWorker for RaftStorageImpl:Storage Directory /home/runner/work/ozone/ozone/hadoop-ozone/integration-test/target/test-dir/MiniOzoneClusterImpl-6c28598a-b70a-49df-9254-251c667aa325/datanode-2/data/ratis/4190c070-6848-4aad-b498-324f9073062a
2022-08-27 01:04:30,869 [pool-399-thread-1] INFO  server.RaftServerConfigKeys (ConfUtils.java:logGet(46)) - raft.server.log.queue.byte-limit = 4294967296 (custom)
2022-08-27 01:04:30,870 [pool-399-thread-1] INFO  server.RaftServerConfigKeys (ConfUtils.java:logGet(46)) - raft.server.log.queue.element-limit = 1024 (custom)
2022-08-27 01:04:30,870 [pool-399-thread-1] INFO  server.RaftServerConfigKeys (ConfUtils.java:logGet(46)) - raft.server.log.segment.size.max = 1048576 (custom)
2022-08-27 01:04:30,870 [pool-399-thread-1] INFO  server.RaftServerConfigKeys (ConfUtils.java:logGet(46)) - raft.server.log.preallocated.size = 16384 (custom)
2022-08-27 01:04:30,870 [pool-399-thread-1] INFO  server.RaftServerConfigKeys (ConfUtils.java:logGet(46)) - raft.server.log.force.sync.num = 128 (default)
2022-08-27 01:04:30,870 [pool-399-thread-1] INFO  server.RaftServerConfigKeys (ConfUtils.java:logGet(46)) - raft.server.log.statemachine.data.sync = true (default)
2022-08-27 01:04:30,870 [pool-399-thread-1] INFO  server.RaftServerConfigKeys (ConfUtils.java:logGet(46)) - raft.server.log.statemachine.data.sync.timeout = 10s (default)
2022-08-27 01:04:30,870 [pool-399-thread-1] INFO  server.RaftServerConfigKeys (ConfUtils.java:logGet(46)) - raft.server.log.statemachine.data.sync.timeout.retry = -1 (default)
2022-08-27 01:04:30,871 [pool-399-thread-1] INFO  server.RaftServerConfigKeys (ConfUtils.java:logGet(46)) - raft.server.log.write.buffer.size = 1048576 (custom)
2022-08-27 01:04:30,871 [pool-399-thread-1] INFO  server.RaftServerConfigKeys (ConfUtils.java:logGet(46)) - raft.server.log.unsafe-flush.enabled = false (default)
2022-08-27 01:04:30,871 [pool-399-thread-1] INFO  server.RaftServerConfigKeys (ConfUtils.java:logGet(46)) - raft.server.log.statemachine.data.caching.enabled = true (custom)
2022-08-27 01:04:30,871 [pool-399-thread-1] INFO  segmented.SegmentedRaftLogWorker (SegmentedRaftLogWorker.java:lambda$new$0(135)) - 4533084f-140e-42f6-9ba1-ce945919c4fc@group-324F9073062A-SegmentedRaftLogWorker: flushIndex: setUnconditionally 0 -> -1
2022-08-27 01:04:30,871 [pool-399-thread-1] INFO  segmented.SegmentedRaftLogWorker (SegmentedRaftLogWorker.java:lambda$new$0(135)) - 4533084f-140e-42f6-9ba1-ce945919c4fc@group-324F9073062A-SegmentedRaftLogWorker: safeCacheEvictIndex: setUnconditionally 0 -> -1
2022-08-27 01:04:30,872 [pool-399-thread-1] INFO  server.RaftServerConfigKeys (ConfUtils.java:logGet(46)) - raft.server.snapshot.auto.trigger.enabled = true (custom)
2022-08-27 01:04:30,872 [pool-399-thread-1] INFO  server.RaftServerConfigKeys (ConfUtils.java:logGet(46)) - raft.server.snapshot.auto.trigger.threshold = 10000 (custom)
2022-08-27 01:04:30,872 [pool-399-thread-1] INFO  server.RaftServerConfigKeys (ConfUtils.java:logGet(46)) - raft.server.snapshot.retention.file.num = 5 (custom)
2022-08-27 01:04:30,872 [pool-399-thread-1] INFO  server.RaftServerConfigKeys (ConfUtils.java:logGet(46)) - raft.server.log.purge.upto.snapshot.index = false (default)
2022-08-27 01:04:30,872 [pool-399-thread-1] INFO  server.RaftServerConfigKeys (ConfUtils.java:logGet(46)) - raft.server.retrycache.expirytime = 600000ms (custom)
2022-08-27 01:04:30,872 [pool-399-thread-1] INFO  server.RaftServerConfigKeys (ConfUtils.java:logGet(46)) - raft.server.retrycache.statistics.expirytime = 100μs (default)
2022-08-27 01:04:30,873 [pool-399-thread-1] INFO  server.RaftServerConfigKeys (ConfUtils.java:logGet(46)) - raft.server.log.appender.install.snapshot.enabled = false (custom)
2022-08-27 01:04:30,873 [pool-399-thread-1] INFO  server.RaftServerConfigKeys (ConfUtils.java:logGet(46)) - raft.server.threadpool.server.cached = true (default)
2022-08-27 01:04:30,873 [pool-399-thread-1] INFO  server.RaftServerConfigKeys (ConfUtils.java:logGet(46)) - raft.server.threadpool.server.size = 0 (default)
2022-08-27 01:04:30,873 [pool-399-thread-1] INFO  server.RaftServerConfigKeys (ConfUtils.java:logGet(46)) - raft.server.threadpool.client.cached = true (default)
2022-08-27 01:04:30,873 [pool-399-thread-1] INFO  server.RaftServerConfigKeys (ConfUtils.java:logGet(46)) - raft.server.threadpool.client.size = 0 (default)
2022-08-27 01:04:30,873 [pool-399-thread-1] INFO  server.RaftServer$Division (RaftServerImpl.java:start(310)) - 4533084f-140e-42f6-9ba1-ce945919c4fc@group-324F9073062A: start as a follower, conf=-1: [a039d0ae-df73-484a-be43-6545be4aa139|rpc:10.1.1.170:35103|dataStream:|priority:0, aacd29cb-552c-424c-841b-ce75a537e611|rpc:10.1.1.170:39611|dataStream:|priority:0, 4533084f-140e-42f6-9ba1-ce945919c4fc|rpc:10.1.1.170:35021|dataStream:|priority:1], old=null
2022-08-27 01:04:30,873 [pool-399-thread-1] INFO  server.RaftServer$Division (RaftServerImpl.java:setRole(299)) - 4533084f-140e-42f6-9ba1-ce945919c4fc@group-324F9073062A: changes role from      null to FOLLOWER at term 0 for startAsFollower
2022-08-27 01:04:30,873 [pool-399-thread-1] INFO  impl.RoleInfo (RoleInfo.java:updateAndGet(139)) - 4533084f-140e-42f6-9ba1-ce945919c4fc: start 4533084f-140e-42f6-9ba1-ce945919c4fc@group-324F9073062A-FollowerState
2022-08-27 01:04:30,876 [pool-399-thread-1] INFO  util.JmxRegister (JmxRegister.java:tryRegister(44)) - Successfully registered JMX Bean with object name Ratis:service=RaftServer,group=group-324F9073062A,id=4533084f-140e-42f6-9ba1-ce945919c4fc
2022-08-27 01:04:30,880 [Command processor thread] INFO  commandhandler.CreatePipelineCommandHandler (CreatePipelineCommandHandler.java:handle(113)) - Created Pipeline RATIS THREE PipelineID=4190c070-6848-4aad-b498-324f9073062a.
2022-08-27 01:04:31,093 [Listener at 127.0.0.1/46359] INFO  ozone.MiniOzoneClusterImpl (MiniOzoneClusterImpl.java:lambda$waitForClusterToBeReady$0(216)) - Nodes are ready. Got 6 of 6 DN Heartbeats.
2022-08-27 01:04:31,093 [Listener at 127.0.0.1/46359] INFO  ozone.MiniOzoneClusterImpl (MiniOzoneClusterImpl.java:lambda$waitForClusterToBeReady$0(219)) - Waiting for cluster to exit safe mode
2022-08-27 01:04:31,093 [Listener at 127.0.0.1/46359] INFO  ozone.MiniOzoneClusterImpl (MiniOzoneClusterImpl.java:lambda$waitForClusterToBeReady$0(221)) - SCM became leader
2022-08-27 01:04:31,264 [DatanodeAdminManager-0] INFO  node.DatanodeAdminMonitorImpl (DatanodeAdminMonitorImpl.java:checkContainersReplicatedOnNode(327)) - dfcf168e-5082-4f01-a2db-1567ea82e82e{ip: 10.1.1.170, host: fv-az41-820.zje5jq5y5x4uznwvdkgxk4wc2h.cx.internal.cloudapp.net, ports: [REPLICATION=32809, RATIS=43507, RATIS_ADMIN=43507, RATIS_SERVER=43507, STANDALONE=44991], networkLocation: /default-rack, certSerialId: null, persistedOpState: DECOMMISSIONING, persistedOpStateExpiryEpochSec: 0} has 3 sufficientlyReplicated, 0 underReplicated and 0 unhealthy containers
2022-08-27 01:04:31,264 [DatanodeAdminManager-0] INFO  node.DatanodeAdminMonitorImpl (DatanodeAdminMonitorImpl.java:completeDecommission(355)) - Datanode dfcf168e-5082-4f01-a2db-1567ea82e82e{ip: 10.1.1.170, host: fv-az41-820.zje5jq5y5x4uznwvdkgxk4wc2h.cx.internal.cloudapp.net, ports: [REPLICATION=32809, RATIS=43507, RATIS_ADMIN=43507, RATIS_SERVER=43507, STANDALONE=44991], networkLocation: /default-rack, certSerialId: null, persistedOpState: DECOMMISSIONING, persistedOpStateExpiryEpochSec: 0} has completed the admin workflow. The operational state has been set to DECOMMISSIONED
2022-08-27 01:04:31,264 [EventQueue-HealthyReadonlyToHealthyNodeForReadOnlyHealthyToHealthyNodeHandler] INFO  node.ReadOnlyHealthyToHealthyNodeHandler (ReadOnlyHealthyToHealthyNodeHandler.java:onMessage(51)) - Datanode dfcf168e-5082-4f01-a2db-1567ea82e82e{ip: 10.1.1.170, host: fv-az41-820.zje5jq5y5x4uznwvdkgxk4wc2h.cx.internal.cloudapp.net, ports: [REPLICATION=32809, RATIS=43507, RATIS_ADMIN=43507, RATIS_SERVER=43507, STANDALONE=44991], networkLocation: /default-rack, certSerialId: null, persistedOpState: DECOMMISSIONING, persistedOpStateExpiryEpochSec: 0} moved to HEALTHY state.
2022-08-27 01:04:31,264 [EventQueue-HealthyReadonlyToHealthyNodeForReadOnlyHealthyToHealthyNodeHandler] INFO  pipeline.BackgroundPipelineCreator (BackgroundPipelineCreator.java:notifyEventTriggered(276)) - trigger a one-shot run on RatisPipelineUtilsThread.
2022-08-27 01:04:31,269 [ReplicationMonitor] INFO  replication.ReplicationManager (ReplicationManager.java:processAll(293)) - Replication Monitor Thread took 1 milliseconds for processing 3 containers.
2022-08-27 01:04:31,377 [Command processor thread] INFO  server.RaftServer (RaftServerProxy.java:addNew(96)) - aacd29cb-552c-424c-841b-ce75a537e611: addNew group-2EA61C4B0A29:[aacd29cb-552c-424c-841b-ce75a537e611|rpc:10.1.1.170:39611|priority:1] returns group-2EA61C4B0A29:java.util.concurrent.CompletableFuture@6995ed2f[Not completed]
2022-08-27 01:04:31,378 [pool-368-thread-1] INFO  server.RaftServer$Division (RaftServerImpl.java:<init>(190)) - aacd29cb-552c-424c-841b-ce75a537e611: new RaftServerImpl for group-2EA61C4B0A29:[aacd29cb-552c-424c-841b-ce75a537e611|rpc:10.1.1.170:39611|priority:1] with ContainerStateMachine:uninitialized
2022-08-27 01:04:31,378 [pool-368-thread-1] INFO  server.RaftServerConfigKeys (ConfUtils.java:logGet(46)) - raft.server.rpc.timeout.min = 5s (custom)
2022-08-27 01:04:31,378 [pool-368-thread-1] INFO  server.RaftServerConfigKeys (ConfUtils.java:logGet(46)) - raft.server.rpc.timeout.max = 5200ms (custom)
2022-08-27 01:04:31,378 [pool-368-thread-1] INFO  server.RaftServerConfigKeys (ConfUtils.java:logGet(46)) - raft.server.rpc.sleep.time = 25ms (default)
2022-08-27 01:04:31,378 [pool-368-thread-1] INFO  server.RaftServerConfigKeys (ConfUtils.java:logGet(46)) - raft.server.rpc.slowness.timeout = 300s (custom)
2022-08-27 01:04:31,378 [pool-368-thread-1] INFO  server.RaftServerConfigKeys (ConfUtils.java:logGet(46)) - raft.server.leaderelection.leader.step-down.wait-time = 10s (default)
2022-08-27 01:04:31,378 [pool-368-thread-1] INFO  server.RaftServerConfigKeys (ConfUtils.java:logGet(46)) - raft.server.sleep.deviation.threshold = 300ms (default)
2022-08-27 01:04:31,378 [pool-368-thread-1] INFO  server.RaftServer$Division (ServerState.java:<init>(107)) - aacd29cb-552c-424c-841b-ce75a537e611@group-2EA61C4B0A29: ConfigurationManager, init=-1: [aacd29cb-552c-424c-841b-ce75a537e611|rpc:10.1.1.170:39611|priority:1], old=null, confs=<EMPTY_MAP>
2022-08-27 01:04:31,378 [pool-368-thread-1] INFO  server.RaftServerConfigKeys (ConfUtils.java:logGet(46)) - raft.server.storage.dir = [/home/runner/work/ozone/ozone/hadoop-ozone/integration-test/target/test-dir/MiniOzoneClusterImpl-6c28598a-b70a-49df-9254-251c667aa325/datanode-1/data/ratis] (custom)
2022-08-27 01:04:31,378 [pool-368-thread-1] INFO  server.RaftServerConfigKeys (ConfUtils.java:logGet(46)) - raft.server.log.corruption.policy = EXCEPTION (default)
2022-08-27 01:04:31,378 [pool-368-thread-1] INFO  server.RaftServerConfigKeys (ConfUtils.java:logGet(46)) - raft.server.storage.free-space.min = 0MB (=0) (default)
2022-08-27 01:04:31,378 [pool-368-thread-1] INFO  storage.RaftStorageDirectory (RaftStorageDirectoryImpl.java:analyzeStorage(135)) - The storage directory /home/runner/work/ozone/ozone/hadoop-ozone/integration-test/target/test-dir/MiniOzoneClusterImpl-6c28598a-b70a-49df-9254-251c667aa325/datanode-1/data/ratis/a2851470-db3a-46a4-81b8-2ea61c4b0a29 does not exist. Creating ...
2022-08-27 01:04:31,379 [pool-368-thread-1] INFO  storage.RaftStorageDirectory (RaftStorageDirectoryImpl.java:tryLock(230)) - Lock on /home/runner/work/ozone/ozone/hadoop-ozone/integration-test/target/test-dir/MiniOzoneClusterImpl-6c28598a-b70a-49df-9254-251c667aa325/datanode-1/data/ratis/a2851470-db3a-46a4-81b8-2ea61c4b0a29/in_use.lock acquired by nodename 21368@fv-az41-820
2022-08-27 01:04:31,380 [pool-368-thread-1] INFO  storage.RaftStorage (RaftStorageImpl.java:format(89)) - Storage directory /home/runner/work/ozone/ozone/hadoop-ozone/integration-test/target/test-dir/MiniOzoneClusterImpl-6c28598a-b70a-49df-9254-251c667aa325/datanode-1/data/ratis/a2851470-db3a-46a4-81b8-2ea61c4b0a29 has been successfully formatted.
2022-08-27 01:04:31,380 [pool-368-thread-1] INFO  ratis.ContainerStateMachine (ContainerStateMachine.java:loadSnapshot(236)) - group-2EA61C4B0A29: The snapshot info is null. Setting the last applied indexto:(t:0, i:~)
2022-08-27 01:04:31,381 [pool-368-thread-1] INFO  server.RaftServerConfigKeys (ConfUtils.java:logGet(46)) - raft.server.notification.no-leader.timeout = 300s (custom)
2022-08-27 01:04:31,381 [pool-368-thread-1] INFO  server.RaftServerConfigKeys (ConfUtils.java:logGet(46)) - raft.server.log.use.memory = false (default)
2022-08-27 01:04:31,381 [pool-368-thread-1] INFO  server.RaftServerConfigKeys (ConfUtils.java:logGet(46)) - raft.server.log.purge.gap = 1000000 (custom)
2022-08-27 01:04:31,381 [pool-368-thread-1] INFO  server.RaftServerConfigKeys (ConfUtils.java:logGet(46)) - raft.server.log.appender.buffer.byte-limit = 33554432 (custom)
2022-08-27 01:04:31,381 [pool-368-thread-1] INFO  server.RaftServerConfigKeys (ConfUtils.java:logGet(46)) - raft.server.log.statemachine.data.read.timeout = 1000ms (default)
2022-08-27 01:04:31,381 [pool-368-thread-1] INFO  server.RaftServerConfigKeys (ConfUtils.java:logGet(46)) - raft.server.log.segment.size.max = 1048576 (custom)
2022-08-27 01:04:31,382 [pool-368-thread-1] INFO  server.RaftServerConfigKeys (ConfUtils.java:logGet(46)) - raft.server.log.segment.cache.num.max = 2 (custom)
2022-08-27 01:04:31,382 [pool-368-thread-1] INFO  server.RaftServerConfigKeys (ConfUtils.java:logGet(46)) - raft.server.log.segment.cache.size.max = 200MB (=209715200) (default)
2022-08-27 01:04:31,382 [pool-368-thread-1] INFO  segmented.SegmentedRaftLogWorker (SegmentedRaftLogWorker.java:<init>(187)) - new aacd29cb-552c-424c-841b-ce75a537e611@group-2EA61C4B0A29-SegmentedRaftLogWorker for RaftStorageImpl:Storage Directory /home/runner/work/ozone/ozone/hadoop-ozone/integration-test/target/test-dir/MiniOzoneClusterImpl-6c28598a-b70a-49df-9254-251c667aa325/datanode-1/data/ratis/a2851470-db3a-46a4-81b8-2ea61c4b0a29
2022-08-27 01:04:31,382 [pool-368-thread-1] INFO  server.RaftServerConfigKeys (ConfUtils.java:logGet(46)) - raft.server.log.queue.byte-limit = 4294967296 (custom)
2022-08-27 01:04:31,382 [pool-368-thread-1] INFO  server.RaftServerConfigKeys (ConfUtils.java:logGet(46)) - raft.server.log.queue.element-limit = 1024 (custom)
2022-08-27 01:04:31,382 [pool-368-thread-1] INFO  server.RaftServerConfigKeys (ConfUtils.java:logGet(46)) - raft.server.log.segment.size.max = 1048576 (custom)
2022-08-27 01:04:31,382 [pool-368-thread-1] INFO  server.RaftServerConfigKeys (ConfUtils.java:logGet(46)) - raft.server.log.preallocated.size = 16384 (custom)
2022-08-27 01:04:31,382 [pool-368-thread-1] INFO  server.RaftServerConfigKeys (ConfUtils.java:logGet(46)) - raft.server.log.force.sync.num = 128 (default)
2022-08-27 01:04:31,382 [pool-368-thread-1] INFO  server.RaftServerConfigKeys (ConfUtils.java:logGet(46)) - raft.server.log.statemachine.data.sync = true (default)
2022-08-27 01:04:31,382 [pool-368-thread-1] INFO  server.RaftServerConfigKeys (ConfUtils.java:logGet(46)) - raft.server.log.statemachine.data.sync.timeout = 10s (default)
2022-08-27 01:04:31,382 [pool-368-thread-1] INFO  server.RaftServerConfigKeys (ConfUtils.java:logGet(46)) - raft.server.log.statemachine.data.sync.timeout.retry = -1 (default)
2022-08-27 01:04:31,383 [pool-368-thread-1] INFO  server.RaftServerConfigKeys (ConfUtils.java:logGet(46)) - raft.server.log.write.buffer.size = 1048576 (custom)
2022-08-27 01:04:31,383 [pool-368-thread-1] INFO  server.RaftServerConfigKeys (ConfUtils.java:logGet(46)) - raft.server.log.unsafe-flush.enabled = false (default)
2022-08-27 01:04:31,383 [pool-368-thread-1] INFO  server.RaftServerConfigKeys (ConfUtils.java:logGet(46)) - raft.server.log.statemachine.data.caching.enabled = true (custom)
2022-08-27 01:04:31,384 [pool-368-thread-1] INFO  segmented.SegmentedRaftLogWorker (SegmentedRaftLogWorker.java:lambda$new$0(135)) - aacd29cb-552c-424c-841b-ce75a537e611@group-2EA61C4B0A29-SegmentedRaftLogWorker: flushIndex: setUnconditionally 0 -> -1
2022-08-27 01:04:31,384 [pool-368-thread-1] INFO  segmented.SegmentedRaftLogWorker (SegmentedRaftLogWorker.java:lambda$new$0(135)) - aacd29cb-552c-424c-841b-ce75a537e611@group-2EA61C4B0A29-SegmentedRaftLogWorker: safeCacheEvictIndex: setUnconditionally 0 -> -1
2022-08-27 01:04:31,384 [pool-368-thread-1] INFO  server.RaftServerConfigKeys (ConfUtils.java:logGet(46)) - raft.server.snapshot.auto.trigger.enabled = true (custom)
2022-08-27 01:04:31,384 [pool-368-thread-1] INFO  server.RaftServerConfigKeys (ConfUtils.java:logGet(46)) - raft.server.snapshot.auto.trigger.threshold = 10000 (custom)
2022-08-27 01:04:31,384 [pool-368-thread-1] INFO  server.RaftServerConfigKeys (ConfUtils.java:logGet(46)) - raft.server.snapshot.retention.file.num = 5 (custom)
2022-08-27 01:04:31,384 [pool-368-thread-1] INFO  server.RaftServerConfigKeys (ConfUtils.java:logGet(46)) - raft.server.log.purge.upto.snapshot.index = false (default)
2022-08-27 01:04:31,384 [pool-368-thread-1] INFO  server.RaftServerConfigKeys (ConfUtils.java:logGet(46)) - raft.server.retrycache.expirytime = 600000ms (custom)
2022-08-27 01:04:31,384 [pool-368-thread-1] INFO  server.RaftServerConfigKeys (ConfUtils.java:logGet(46)) - raft.server.retrycache.statistics.expirytime = 100μs (default)
2022-08-27 01:04:31,385 [EventQueue-PipelineReportForPipelineReportHandler] INFO  pipeline.PipelineManagerImpl (PipelineManagerImpl.java:openPipeline(367)) - Pipeline Pipeline[ Id: a2851470-db3a-46a4-81b8-2ea61c4b0a29, Nodes: aacd29cb-552c-424c-841b-ce75a537e611{ip: 10.1.1.170, host: fv-az41-820.zje5jq5y5x4uznwvdkgxk4wc2h.cx.internal.cloudapp.net, ports: [REPLICATION=40661, RATIS=39611, RATIS_ADMIN=39611, RATIS_SERVER=39611, STANDALONE=41227], networkLocation: /default-rack, certSerialId: null, persistedOpState: IN_SERVICE, persistedOpStateExpiryEpochSec: 0}, ReplicationConfig: RATIS/ONE, State:ALLOCATED, leaderId:aacd29cb-552c-424c-841b-ce75a537e611, CreationTimestamp2022-08-27T01:04:28.380Z[Etc/UTC]] moved to OPEN state
2022-08-27 01:04:31,385 [EventQueue-OpenPipelineForHealthyPipelineSafeModeRule] INFO  safemode.SCMSafeModeManager (HealthyPipelineSafeModeRule.java:process(137)) - SCM in safe mode. Healthy pipelines reported count is 0, required healthy pipeline reported count is 1
2022-08-27 01:04:31,385 [pool-368-thread-1] INFO  server.RaftServerConfigKeys (ConfUtils.java:logGet(46)) - raft.server.log.appender.install.snapshot.enabled = false (custom)
2022-08-27 01:04:31,385 [pool-368-thread-1] INFO  server.RaftServerConfigKeys (ConfUtils.java:logGet(46)) - raft.server.threadpool.server.cached = true (default)
2022-08-27 01:04:31,385 [pool-368-thread-1] INFO  server.RaftServerConfigKeys (ConfUtils.java:logGet(46)) - raft.server.threadpool.server.size = 0 (default)
2022-08-27 01:04:31,385 [pool-368-thread-1] INFO  server.RaftServerConfigKeys (ConfUtils.java:logGet(46)) - raft.server.threadpool.client.cached = true (default)
2022-08-27 01:04:31,385 [pool-368-thread-1] INFO  server.RaftServerConfigKeys (ConfUtils.java:logGet(46)) - raft.server.threadpool.client.size = 0 (default)
2022-08-27 01:04:31,385 [pool-368-thread-1] INFO  server.RaftServer$Division (RaftServerImpl.java:start(310)) - aacd29cb-552c-424c-841b-ce75a537e611@group-2EA61C4B0A29: start as a follower, conf=-1: [aacd29cb-552c-424c-841b-ce75a537e611|rpc:10.1.1.170:39611|priority:1], old=null
2022-08-27 01:04:31,385 [pool-368-thread-1] INFO  server.RaftServer$Division (RaftServerImpl.java:setRole(299)) - aacd29cb-552c-424c-841b-ce75a537e611@group-2EA61C4B0A29: changes role from      null to FOLLOWER at term 0 for startAsFollower
2022-08-27 01:04:31,385 [pool-368-thread-1] INFO  impl.RoleInfo (RoleInfo.java:updateAndGet(139)) - aacd29cb-552c-424c-841b-ce75a537e611: start aacd29cb-552c-424c-841b-ce75a537e611@group-2EA61C4B0A29-FollowerState
2022-08-27 01:04:31,386 [pool-368-thread-1] INFO  util.JmxRegister (JmxRegister.java:tryRegister(44)) - Successfully registered JMX Bean with object name Ratis:service=RaftServer,group=group-2EA61C4B0A29,id=aacd29cb-552c-424c-841b-ce75a537e611
2022-08-27 01:04:31,386 [Command processor thread] INFO  ratis.XceiverServerRatis (XceiverServerRatis.java:addGroup(765)) - Created group PipelineID=a2851470-db3a-46a4-81b8-2ea61c4b0a29
2022-08-27 01:04:31,386 [Command processor thread] INFO  commandhandler.CreatePipelineCommandHandler (CreatePipelineCommandHandler.java:handle(113)) - Created Pipeline RATIS ONE PipelineID=a2851470-db3a-46a4-81b8-2ea61c4b0a29.
2022-08-27 01:04:31,643 [ReplicationMonitor] INFO  replication.ReplicationManager (ReplicationManager.java:processAll(255)) - Replication Manager is not ready to run until 3000ms after safemode exit
2022-08-27 01:04:31,813 [EventQueue-OpenPipelineForHealthyPipelineSafeModeRule] INFO  safemode.SCMSafeModeManager (HealthyPipelineSafeModeRule.java:process(137)) - SCM in safe mode. Healthy pipelines reported count is 0, required healthy pipeline reported count is 1
2022-08-27 01:04:32,094 [Listener at 127.0.0.1/46359] INFO  ozone.MiniOzoneClusterImpl (MiniOzoneClusterImpl.java:lambda$waitForClusterToBeReady$0(216)) - Nodes are ready. Got 6 of 6 DN Heartbeats.
2022-08-27 01:04:32,094 [Listener at 127.0.0.1/46359] INFO  ozone.MiniOzoneClusterImpl (MiniOzoneClusterImpl.java:lambda$waitForClusterToBeReady$0(219)) - Waiting for cluster to exit safe mode
2022-08-27 01:04:32,095 [Listener at 127.0.0.1/46359] INFO  ozone.MiniOzoneClusterImpl (MiniOzoneClusterImpl.java:lambda$waitForClusterToBeReady$0(221)) - SCM became leader
2022-08-27 01:04:32,162 [Command processor thread] INFO  server.RaftServer (RaftServerProxy.java:addNew(96)) - 4533084f-140e-42f6-9ba1-ce945919c4fc: addNew group-EA6970893109:[4533084f-140e-42f6-9ba1-ce945919c4fc|rpc:10.1.1.170:35021|priority:1] returns group-EA6970893109:java.util.concurrent.CompletableFuture@51d4abb8[Not completed]
2022-08-27 01:04:32,162 [pool-399-thread-1] INFO  server.RaftServer$Division (RaftServerImpl.java:<init>(190)) - 4533084f-140e-42f6-9ba1-ce945919c4fc: new RaftServerImpl for group-EA6970893109:[4533084f-140e-42f6-9ba1-ce945919c4fc|rpc:10.1.1.170:35021|priority:1] with ContainerStateMachine:uninitialized
2022-08-27 01:04:32,163 [pool-399-thread-1] INFO  server.RaftServerConfigKeys (ConfUtils.java:logGet(46)) - raft.server.rpc.timeout.min = 5s (custom)
2022-08-27 01:04:32,163 [pool-399-thread-1] INFO  server.RaftServerConfigKeys (ConfUtils.java:logGet(46)) - raft.server.rpc.timeout.max = 5200ms (custom)
2022-08-27 01:04:32,163 [pool-399-thread-1] INFO  server.RaftServerConfigKeys (ConfUtils.java:logGet(46)) - raft.server.rpc.sleep.time = 25ms (default)
2022-08-27 01:04:32,163 [pool-399-thread-1] INFO  server.RaftServerConfigKeys (ConfUtils.java:logGet(46)) - raft.server.rpc.slowness.timeout = 300s (custom)
2022-08-27 01:04:32,163 [pool-399-thread-1] INFO  server.RaftServerConfigKeys (ConfUtils.java:logGet(46)) - raft.server.leaderelection.leader.step-down.wait-time = 10s (default)
2022-08-27 01:04:32,163 [pool-399-thread-1] INFO  server.RaftServerConfigKeys (ConfUtils.java:logGet(46)) - raft.server.sleep.deviation.threshold = 300ms (default)
2022-08-27 01:04:32,163 [pool-399-thread-1] INFO  server.RaftServer$Division (ServerState.java:<init>(107)) - 4533084f-140e-42f6-9ba1-ce945919c4fc@group-EA6970893109: ConfigurationManager, init=-1: [4533084f-140e-42f6-9ba1-ce945919c4fc|rpc:10.1.1.170:35021|priority:1], old=null, confs=<EMPTY_MAP>
2022-08-27 01:04:32,163 [pool-399-thread-1] INFO  server.RaftServerConfigKeys (ConfUtils.java:logGet(46)) - raft.server.storage.dir = [/home/runner/work/ozone/ozone/hadoop-ozone/integration-test/target/test-dir/MiniOzoneClusterImpl-6c28598a-b70a-49df-9254-251c667aa325/datanode-2/data/ratis] (custom)
2022-08-27 01:04:32,163 [pool-399-thread-1] INFO  server.RaftServerConfigKeys (ConfUtils.java:logGet(46)) - raft.server.log.corruption.policy = EXCEPTION (default)
2022-08-27 01:04:32,163 [pool-399-thread-1] INFO  server.RaftServerConfigKeys (ConfUtils.java:logGet(46)) - raft.server.storage.free-space.min = 0MB (=0) (default)
2022-08-27 01:04:32,163 [pool-399-thread-1] INFO  storage.RaftStorageDirectory (RaftStorageDirectoryImpl.java:analyzeStorage(135)) - The storage directory /home/runner/work/ozone/ozone/hadoop-ozone/integration-test/target/test-dir/MiniOzoneClusterImpl-6c28598a-b70a-49df-9254-251c667aa325/datanode-2/data/ratis/2312ccd0-84d1-413f-921d-ea6970893109 does not exist. Creating ...
2022-08-27 01:04:32,164 [pool-399-thread-1] INFO  storage.RaftStorageDirectory (RaftStorageDirectoryImpl.java:tryLock(230)) - Lock on /home/runner/work/ozone/ozone/hadoop-ozone/integration-test/target/test-dir/MiniOzoneClusterImpl-6c28598a-b70a-49df-9254-251c667aa325/datanode-2/data/ratis/2312ccd0-84d1-413f-921d-ea6970893109/in_use.lock acquired by nodename 21368@fv-az41-820
2022-08-27 01:04:32,165 [pool-399-thread-1] INFO  storage.RaftStorage (RaftStorageImpl.java:format(89)) - Storage directory /home/runner/work/ozone/ozone/hadoop-ozone/integration-test/target/test-dir/MiniOzoneClusterImpl-6c28598a-b70a-49df-9254-251c667aa325/datanode-2/data/ratis/2312ccd0-84d1-413f-921d-ea6970893109 has been successfully formatted.
2022-08-27 01:04:32,165 [pool-399-thread-1] INFO  ratis.ContainerStateMachine (ContainerStateMachine.java:loadSnapshot(236)) - group-EA6970893109: The snapshot info is null. Setting the last applied indexto:(t:0, i:~)
2022-08-27 01:04:32,166 [pool-399-thread-1] INFO  server.RaftServerConfigKeys (ConfUtils.java:logGet(46)) - raft.server.notification.no-leader.timeout = 300s (custom)
2022-08-27 01:04:32,166 [pool-399-thread-1] INFO  server.RaftServerConfigKeys (ConfUtils.java:logGet(46)) - raft.server.log.use.memory = false (default)
2022-08-27 01:04:32,166 [pool-399-thread-1] INFO  server.RaftServerConfigKeys (ConfUtils.java:logGet(46)) - raft.server.log.purge.gap = 1000000 (custom)
2022-08-27 01:04:32,166 [pool-399-thread-1] INFO  server.RaftServerConfigKeys (ConfUtils.java:logGet(46)) - raft.server.log.appender.buffer.byte-limit = 33554432 (custom)
2022-08-27 01:04:32,166 [pool-399-thread-1] INFO  server.RaftServerConfigKeys (ConfUtils.java:logGet(46)) - raft.server.log.statemachine.data.read.timeout = 1000ms (default)
2022-08-27 01:04:32,166 [pool-399-thread-1] INFO  server.RaftServerConfigKeys (ConfUtils.java:logGet(46)) - raft.server.log.segment.size.max = 1048576 (custom)
2022-08-27 01:04:32,166 [EventQueue-PipelineReportForPipelineReportHandler] INFO  pipeline.PipelineManagerImpl (PipelineManagerImpl.java:openPipeline(367)) - Pipeline Pipeline[ Id: 2312ccd0-84d1-413f-921d-ea6970893109, Nodes: 4533084f-140e-42f6-9ba1-ce945919c4fc{ip: 10.1.1.170, host: fv-az41-820.zje5jq5y5x4uznwvdkgxk4wc2h.cx.internal.cloudapp.net, ports: [REPLICATION=36135, RATIS=35021, RATIS_ADMIN=35021, RATIS_SERVER=35021, STANDALONE=41387], networkLocation: /default-rack, certSerialId: null, persistedOpState: IN_SERVICE, persistedOpStateExpiryEpochSec: 0}, ReplicationConfig: RATIS/ONE, State:ALLOCATED, leaderId:4533084f-140e-42f6-9ba1-ce945919c4fc, CreationTimestamp2022-08-27T01:04:29.164Z[Etc/UTC]] moved to OPEN state
2022-08-27 01:04:32,166 [EventQueue-OpenPipelineForHealthyPipelineSafeModeRule] INFO  safemode.SCMSafeModeManager (HealthyPipelineSafeModeRule.java:process(137)) - SCM in safe mode. Healthy pipelines reported count is 0, required healthy pipeline reported count is 1
2022-08-27 01:04:32,167 [pool-399-thread-1] INFO  server.RaftServerConfigKeys (ConfUtils.java:logGet(46)) - raft.server.log.segment.cache.num.max = 2 (custom)
2022-08-27 01:04:32,167 [pool-399-thread-1] INFO  server.RaftServerConfigKeys (ConfUtils.java:logGet(46)) - raft.server.log.segment.cache.size.max = 200MB (=209715200) (default)
2022-08-27 01:04:32,167 [pool-399-thread-1] INFO  segmented.SegmentedRaftLogWorker (SegmentedRaftLogWorker.java:<init>(187)) - new 4533084f-140e-42f6-9ba1-ce945919c4fc@group-EA6970893109-SegmentedRaftLogWorker for RaftStorageImpl:Storage Directory /home/runner/work/ozone/ozone/hadoop-ozone/integration-test/target/test-dir/MiniOzoneClusterImpl-6c28598a-b70a-49df-9254-251c667aa325/datanode-2/data/ratis/2312ccd0-84d1-413f-921d-ea6970893109
2022-08-27 01:04:32,167 [pool-399-thread-1] INFO  server.RaftServerConfigKeys (ConfUtils.java:logGet(46)) - raft.server.log.queue.byte-limit = 4294967296 (custom)
2022-08-27 01:04:32,167 [pool-399-thread-1] INFO  server.RaftServerConfigKeys (ConfUtils.java:logGet(46)) - raft.server.log.queue.element-limit = 1024 (custom)
2022-08-27 01:04:32,167 [pool-399-thread-1] INFO  server.RaftServerConfigKeys (ConfUtils.java:logGet(46)) - raft.server.log.segment.size.max = 1048576 (custom)
2022-08-27 01:04:32,167 [pool-399-thread-1] INFO  server.RaftServerConfigKeys (ConfUtils.java:logGet(46)) - raft.server.log.preallocated.size = 16384 (custom)
2022-08-27 01:04:32,167 [pool-399-thread-1] INFO  server.RaftServerConfigKeys (ConfUtils.java:logGet(46)) - raft.server.log.force.sync.num = 128 (default)
2022-08-27 01:04:32,167 [pool-399-thread-1] INFO  server.RaftServerConfigKeys (ConfUtils.java:logGet(46)) - raft.server.log.statemachine.data.sync = true (default)
2022-08-27 01:04:32,167 [pool-399-thread-1] INFO  server.RaftServerConfigKeys (ConfUtils.java:logGet(46)) - raft.server.log.statemachine.data.sync.timeout = 10s (default)
2022-08-27 01:04:32,167 [pool-399-thread-1] INFO  server.RaftServerConfigKeys (ConfUtils.java:logGet(46)) - raft.server.log.statemachine.data.sync.timeout.retry = -1 (default)
2022-08-27 01:04:32,168 [pool-399-thread-1] INFO  server.RaftServerConfigKeys (ConfUtils.java:logGet(46)) - raft.server.log.write.buffer.size = 1048576 (custom)
2022-08-27 01:04:32,169 [pool-399-thread-1] INFO  server.RaftServerConfigKeys (ConfUtils.java:logGet(46)) - raft.server.log.unsafe-flush.enabled = false (default)
2022-08-27 01:04:32,169 [pool-399-thread-1] INFO  server.RaftServerConfigKeys (ConfUtils.java:logGet(46)) - raft.server.log.statemachine.data.caching.enabled = true (custom)
2022-08-27 01:04:32,169 [pool-399-thread-1] INFO  segmented.SegmentedRaftLogWorker (SegmentedRaftLogWorker.java:lambda$new$0(135)) - 4533084f-140e-42f6-9ba1-ce945919c4fc@group-EA6970893109-SegmentedRaftLogWorker: flushIndex: setUnconditionally 0 -> -1
2022-08-27 01:04:32,169 [pool-399-thread-1] INFO  segmented.SegmentedRaftLogWorker (SegmentedRaftLogWorker.java:lambda$new$0(135)) - 4533084f-140e-42f6-9ba1-ce945919c4fc@group-EA6970893109-SegmentedRaftLogWorker: safeCacheEvictIndex: setUnconditionally 0 -> -1
2022-08-27 01:04:32,169 [pool-399-thread-1] INFO  server.RaftServerConfigKeys (ConfUtils.java:logGet(46)) - raft.server.snapshot.auto.trigger.enabled = true (custom)
2022-08-27 01:04:32,169 [pool-399-thread-1] INFO  server.RaftServerConfigKeys (ConfUtils.java:logGet(46)) - raft.server.snapshot.auto.trigger.threshold = 10000 (custom)
2022-08-27 01:04:32,169 [pool-399-thread-1] INFO  server.RaftServerConfigKeys (ConfUtils.java:logGet(46)) - raft.server.snapshot.retention.file.num = 5 (custom)
2022-08-27 01:04:32,169 [pool-399-thread-1] INFO  server.RaftServerConfigKeys (ConfUtils.java:logGet(46)) - raft.server.log.purge.upto.snapshot.index = false (default)
2022-08-27 01:04:32,170 [pool-399-thread-1] INFO  server.RaftServerConfigKeys (ConfUtils.java:logGet(46)) - raft.server.retrycache.expirytime = 600000ms (custom)
2022-08-27 01:04:32,170 [pool-399-thread-1] INFO  server.RaftServerConfigKeys (ConfUtils.java:logGet(46)) - raft.server.retrycache.statistics.expirytime = 100μs (default)
2022-08-27 01:04:32,171 [pool-399-thread-1] INFO  server.RaftServerConfigKeys (ConfUtils.java:logGet(46)) - raft.server.log.appender.install.snapshot.enabled = false (custom)
2022-08-27 01:04:32,171 [pool-399-thread-1] INFO  server.RaftServerConfigKeys (ConfUtils.java:logGet(46)) - raft.server.threadpool.server.cached = true (default)
2022-08-27 01:04:32,171 [pool-399-thread-1] INFO  server.RaftServerConfigKeys (ConfUtils.java:logGet(46)) - raft.server.threadpool.server.size = 0 (default)
2022-08-27 01:04:32,171 [pool-399-thread-1] INFO  server.RaftServerConfigKeys (ConfUtils.java:logGet(46)) - raft.server.threadpool.client.cached = true (default)
2022-08-27 01:04:32,171 [pool-399-thread-1] INFO  server.RaftServerConfigKeys (ConfUtils.java:logGet(46)) - raft.server.threadpool.client.size = 0 (default)
2022-08-27 01:04:32,171 [pool-399-thread-1] INFO  server.RaftServer$Division (RaftServerImpl.java:start(310)) - 4533084f-140e-42f6-9ba1-ce945919c4fc@group-EA6970893109: start as a follower, conf=-1: [4533084f-140e-42f6-9ba1-ce945919c4fc|rpc:10.1.1.170:35021|priority:1], old=null
2022-08-27 01:04:32,171 [pool-399-thread-1] INFO  server.RaftServer$Division (RaftServerImpl.java:setRole(299)) - 4533084f-140e-42f6-9ba1-ce945919c4fc@group-EA6970893109: changes role from      null to FOLLOWER at term 0 for startAsFollower
2022-08-27 01:04:32,171 [pool-399-thread-1] INFO  impl.RoleInfo (RoleInfo.java:updateAndGet(139)) - 4533084f-140e-42f6-9ba1-ce945919c4fc: start 4533084f-140e-42f6-9ba1-ce945919c4fc@group-EA6970893109-FollowerState
2022-08-27 01:04:32,175 [pool-399-thread-1] INFO  util.JmxRegister (JmxRegister.java:tryRegister(44)) - Successfully registered JMX Bean with object name Ratis:service=RaftServer,group=group-EA6970893109,id=4533084f-140e-42f6-9ba1-ce945919c4fc
2022-08-27 01:04:32,175 [Command processor thread] INFO  ratis.XceiverServerRatis (XceiverServerRatis.java:addGroup(765)) - Created group PipelineID=2312ccd0-84d1-413f-921d-ea6970893109
2022-08-27 01:04:32,175 [Command processor thread] INFO  commandhandler.CreatePipelineCommandHandler (CreatePipelineCommandHandler.java:handle(113)) - Created Pipeline RATIS ONE PipelineID=2312ccd0-84d1-413f-921d-ea6970893109.
2022-08-27 01:04:32,201 [efe08b73-b8e1-4cbd-8d64-d052696c0c3d@group-63C936D77AF9-FollowerState] INFO  impl.FollowerState (FollowerState.java:run(143)) - efe08b73-b8e1-4cbd-8d64-d052696c0c3d@group-63C936D77AF9-FollowerState: change to CANDIDATE, lastRpcElapsedTime:5049534143ns, electionTimeout:5041ms
2022-08-27 01:04:32,201 [efe08b73-b8e1-4cbd-8d64-d052696c0c3d@group-63C936D77AF9-FollowerState] INFO  impl.RoleInfo (RoleInfo.java:shutdownFollowerState(110)) - efe08b73-b8e1-4cbd-8d64-d052696c0c3d: shutdown efe08b73-b8e1-4cbd-8d64-d052696c0c3d@group-63C936D77AF9-FollowerState
2022-08-27 01:04:32,202 [efe08b73-b8e1-4cbd-8d64-d052696c0c3d@group-63C936D77AF9-FollowerState] INFO  server.RaftServer$Division (RaftServerImpl.java:setRole(299)) - efe08b73-b8e1-4cbd-8d64-d052696c0c3d@group-63C936D77AF9: changes role from  FOLLOWER to CANDIDATE at term 2 for changeToCandidate
2022-08-27 01:04:32,202 [efe08b73-b8e1-4cbd-8d64-d052696c0c3d@group-63C936D77AF9-FollowerState] INFO  server.RaftServerConfigKeys (ConfUtils.java:logGet(46)) - raft.server.leaderelection.pre-vote = false (custom)
2022-08-27 01:04:32,202 [efe08b73-b8e1-4cbd-8d64-d052696c0c3d@group-63C936D77AF9-FollowerState] INFO  impl.RoleInfo (RoleInfo.java:updateAndGet(139)) - efe08b73-b8e1-4cbd-8d64-d052696c0c3d: start efe08b73-b8e1-4cbd-8d64-d052696c0c3d@group-63C936D77AF9-LeaderElection14
2022-08-27 01:04:32,208 [efe08b73-b8e1-4cbd-8d64-d052696c0c3d@group-63C936D77AF9-LeaderElection14] INFO  impl.LeaderElection (LeaderElection.java:askForVotes(310)) - efe08b73-b8e1-4cbd-8d64-d052696c0c3d@group-63C936D77AF9-LeaderElection14 ELECTION round 0: submit vote requests at term 3 for -1: [10661b26-eda0-4e01-aa97-bfa554844a49|rpc:10.1.1.170:44501|dataStream:|priority:0, 47218c16-f2d5-4cf1-b4da-5ee36f49a8d8|rpc:10.1.1.170:36037|dataStream:|priority:0, efe08b73-b8e1-4cbd-8d64-d052696c0c3d|rpc:10.1.1.170:38497|dataStream:|priority:1], old=null
2022-08-27 01:04:32,211 [grpc-default-executor-4] INFO  server.RaftServer$Division (RaftServerImpl.java:requestVote(1152)) - 10661b26-eda0-4e01-aa97-bfa554844a49@group-63C936D77AF9: receive requestVote(ELECTION, efe08b73-b8e1-4cbd-8d64-d052696c0c3d, group-63C936D77AF9, 3, (t:0, i:0))
2022-08-27 01:04:32,211 [grpc-default-executor-4] INFO  impl.VoteContext (VoteContext.java:log(48)) - 10661b26-eda0-4e01-aa97-bfa554844a49@group-63C936D77AF9-FOLLOWER: accept ELECTION from efe08b73-b8e1-4cbd-8d64-d052696c0c3d: our priority 0 <= candidate's priority 1
2022-08-27 01:04:32,211 [grpc-default-executor-4] INFO  server.RaftServer$Division (RaftServerImpl.java:setRole(299)) - 10661b26-eda0-4e01-aa97-bfa554844a49@group-63C936D77AF9: changes role from  FOLLOWER to FOLLOWER at term 3 for candidate:efe08b73-b8e1-4cbd-8d64-d052696c0c3d
2022-08-27 01:04:32,211 [grpc-default-executor-4] INFO  impl.RoleInfo (RoleInfo.java:shutdownFollowerState(110)) - 10661b26-eda0-4e01-aa97-bfa554844a49: shutdown 10661b26-eda0-4e01-aa97-bfa554844a49@group-63C936D77AF9-FollowerState
2022-08-27 01:04:32,211 [grpc-default-executor-4] INFO  impl.RoleInfo (RoleInfo.java:updateAndGet(139)) - 10661b26-eda0-4e01-aa97-bfa554844a49: start 10661b26-eda0-4e01-aa97-bfa554844a49@group-63C936D77AF9-FollowerState
2022-08-27 01:04:32,211 [10661b26-eda0-4e01-aa97-bfa554844a49@group-63C936D77AF9-FollowerState] INFO  impl.FollowerState (FollowerState.java:run(152)) - 10661b26-eda0-4e01-aa97-bfa554844a49@group-63C936D77AF9-FollowerState was interrupted
2022-08-27 01:04:32,220 [grpc-default-executor-4] INFO  server.RaftServer$Division (RaftServerImpl.java:requestVote(1184)) - 10661b26-eda0-4e01-aa97-bfa554844a49@group-63C936D77AF9 replies to ELECTION vote request: efe08b73-b8e1-4cbd-8d64-d052696c0c3d<-10661b26-eda0-4e01-aa97-bfa554844a49#0:OK-t3. Peer's state: 10661b26-eda0-4e01-aa97-bfa554844a49@group-63C936D77AF9:t3, leader=null, voted=efe08b73-b8e1-4cbd-8d64-d052696c0c3d, raftlog=10661b26-eda0-4e01-aa97-bfa554844a49@group-63C936D77AF9-SegmentedRaftLog:OPENED:c-1, conf=-1: [10661b26-eda0-4e01-aa97-bfa554844a49|rpc:10.1.1.170:44501|priority:0, 47218c16-f2d5-4cf1-b4da-5ee36f49a8d8|rpc:10.1.1.170:36037|priority:0, efe08b73-b8e1-4cbd-8d64-d052696c0c3d|rpc:10.1.1.170:38497|priority:1], old=null
2022-08-27 01:04:32,221 [efe08b73-b8e1-4cbd-8d64-d052696c0c3d@group-63C936D77AF9-LeaderElection14] INFO  impl.LeaderElection (LeaderElection.java:logAndReturn(90)) - efe08b73-b8e1-4cbd-8d64-d052696c0c3d@group-63C936D77AF9-LeaderElection14: ELECTION PASSED received 1 response(s) and 0 exception(s):
2022-08-27 01:04:32,221 [efe08b73-b8e1-4cbd-8d64-d052696c0c3d@group-63C936D77AF9-LeaderElection14] INFO  impl.LeaderElection (LeaderElection.java:logAndReturn(94)) -   Response 0: efe08b73-b8e1-4cbd-8d64-d052696c0c3d<-10661b26-eda0-4e01-aa97-bfa554844a49#0:OK-t3
2022-08-27 01:04:32,221 [efe08b73-b8e1-4cbd-8d64-d052696c0c3d@group-63C936D77AF9-LeaderElection14] INFO  impl.LeaderElection (LeaderElection.java:askForVotes(312)) - efe08b73-b8e1-4cbd-8d64-d052696c0c3d@group-63C936D77AF9-LeaderElection14 ELECTION round 0: result PASSED
2022-08-27 01:04:32,221 [efe08b73-b8e1-4cbd-8d64-d052696c0c3d@group-63C936D77AF9-LeaderElection14] INFO  impl.RoleInfo (RoleInfo.java:shutdownLeaderElection(130)) - efe08b73-b8e1-4cbd-8d64-d052696c0c3d: shutdown efe08b73-b8e1-4cbd-8d64-d052696c0c3d@group-63C936D77AF9-LeaderElection14
2022-08-27 01:04:32,222 [efe08b73-b8e1-4cbd-8d64-d052696c0c3d@group-63C936D77AF9-LeaderElection14] INFO  server.RaftServer$Division (RaftServerImpl.java:setRole(299)) - efe08b73-b8e1-4cbd-8d64-d052696c0c3d@group-63C936D77AF9: changes role from CANDIDATE to LEADER at term 3 for changeToLeader
2022-08-27 01:04:32,222 [efe08b73-b8e1-4cbd-8d64-d052696c0c3d@group-63C936D77AF9-LeaderElection14] INFO  ratis.XceiverServerRatis (XceiverServerRatis.java:handleLeaderChangedNotification(863)) - Leader change notification received for group: group-63C936D77AF9 with new leaderId: efe08b73-b8e1-4cbd-8d64-d052696c0c3d
2022-08-27 01:04:32,222 [efe08b73-b8e1-4cbd-8d64-d052696c0c3d@group-63C936D77AF9-LeaderElection14] INFO  server.RaftServer$Division (ServerState.java:setLeader(287)) - efe08b73-b8e1-4cbd-8d64-d052696c0c3d@group-63C936D77AF9: change Leader from null to efe08b73-b8e1-4cbd-8d64-d052696c0c3d at term 3 for becomeLeader, leader elected after 15388ms
2022-08-27 01:04:32,222 [efe08b73-b8e1-4cbd-8d64-d052696c0c3d@group-63C936D77AF9-LeaderElection14] INFO  server.RaftServerConfigKeys (ConfUtils.java:logGet(46)) - raft.server.staging.catchup.gap = 1000 (default)
2022-08-27 01:04:32,222 [efe08b73-b8e1-4cbd-8d64-d052696c0c3d@group-63C936D77AF9-LeaderElection14] INFO  server.RaftServerConfigKeys (ConfUtils.java:logGet(46)) - raft.server.write.element-limit = 1024 (custom)
2022-08-27 01:04:32,222 [efe08b73-b8e1-4cbd-8d64-d052696c0c3d@group-63C936D77AF9-LeaderElection14] INFO  server.RaftServerConfigKeys (ConfUtils.java:logGet(46)) - raft.server.write.byte-limit = 1024 M (=1073741824) (custom)
2022-08-27 01:04:32,222 [efe08b73-b8e1-4cbd-8d64-d052696c0c3d@group-63C936D77AF9-LeaderElection14] INFO  server.RaftServerConfigKeys (ConfUtils.java:logGet(46)) - raft.server.watch.timeout = 180s (custom)
2022-08-27 01:04:32,222 [efe08b73-b8e1-4cbd-8d64-d052696c0c3d@group-63C936D77AF9-LeaderElection14] INFO  server.RaftServerConfigKeys (ConfUtils.java:logGet(46)) - raft.server.watch.timeout.denomination = 1s (default)
2022-08-27 01:04:32,222 [efe08b73-b8e1-4cbd-8d64-d052696c0c3d@group-63C936D77AF9-LeaderElection14] INFO  server.RaftServerConfigKeys (ConfUtils.java:logGet(46)) - raft.server.watch.element-limit = 65536 (default)
2022-08-27 01:04:32,222 [efe08b73-b8e1-4cbd-8d64-d052696c0c3d@group-63C936D77AF9-LeaderElection14] INFO  server.RaftServerConfigKeys (ConfUtils.java:logGet(46)) - raft.server.write.element-limit = 1024 (custom)
2022-08-27 01:04:32,222 [efe08b73-b8e1-4cbd-8d64-d052696c0c3d@group-63C936D77AF9-LeaderElection14] INFO  server.RaftServerConfigKeys (ConfUtils.java:logGet(46)) - raft.server.write.follower.gap.ratio.max = -1.0 (default)
2022-08-27 01:04:32,223 [efe08b73-b8e1-4cbd-8d64-d052696c0c3d@group-63C936D77AF9-LeaderElection14] INFO  server.RaftServerConfigKeys (ConfUtils.java:logGet(46)) - raft.server.log.appender.snapshot.chunk.size.max = 16MB (=16777216) (default)
2022-08-27 01:04:32,223 [efe08b73-b8e1-4cbd-8d64-d052696c0c3d@group-63C936D77AF9-LeaderElection14] INFO  server.RaftServerConfigKeys (ConfUtils.java:logGet(46)) - raft.server.log.appender.buffer.byte-limit = 33554432 (custom)
2022-08-27 01:04:32,223 [efe08b73-b8e1-4cbd-8d64-d052696c0c3d@group-63C936D77AF9-LeaderElection14] INFO  server.RaftServerConfigKeys (ConfUtils.java:logGet(46)) - raft.server.log.appender.buffer.element-limit = 1 (custom)
2022-08-27 01:04:32,223 [efe08b73-b8e1-4cbd-8d64-d052696c0c3d@group-63C936D77AF9-LeaderElection14] INFO  grpc.GrpcConfigKeys (ConfUtils.java:logGet(46)) - raft.grpc.server.leader.outstanding.appends.max = 128 (default)
2022-08-27 01:04:32,223 [efe08b73-b8e1-4cbd-8d64-d052696c0c3d@group-63C936D77AF9-LeaderElection14] INFO  server.RaftServerConfigKeys (ConfUtils.java:logGet(46)) - raft.server.rpc.request.timeout = 60s (custom)
2022-08-27 01:04:32,223 [efe08b73-b8e1-4cbd-8d64-d052696c0c3d@group-63C936D77AF9-LeaderElection14] INFO  server.RaftServerConfigKeys (ConfUtils.java:logGet(46)) - raft.server.log.appender.install.snapshot.enabled = false (custom)
2022-08-27 01:04:32,224 [efe08b73-b8e1-4cbd-8d64-d052696c0c3d@group-63C936D77AF9-LeaderElection14] INFO  server.RaftServerConfigKeys (ConfUtils.java:logGet(46)) - raft.server.log.appender.snapshot.chunk.size.max = 16MB (=16777216) (default)
2022-08-27 01:04:32,224 [efe08b73-b8e1-4cbd-8d64-d052696c0c3d@group-63C936D77AF9-LeaderElection14] INFO  server.RaftServerConfigKeys (ConfUtils.java:logGet(46)) - raft.server.log.appender.buffer.byte-limit = 33554432 (custom)
2022-08-27 01:04:32,224 [efe08b73-b8e1-4cbd-8d64-d052696c0c3d@group-63C936D77AF9-LeaderElection14] INFO  server.RaftServerConfigKeys (ConfUtils.java:logGet(46)) - raft.server.log.appender.buffer.element-limit = 1 (custom)
2022-08-27 01:04:32,224 [efe08b73-b8e1-4cbd-8d64-d052696c0c3d@group-63C936D77AF9-LeaderElection14] INFO  grpc.GrpcConfigKeys (ConfUtils.java:logGet(46)) - raft.grpc.server.leader.outstanding.appends.max = 128 (default)
2022-08-27 01:04:32,224 [efe08b73-b8e1-4cbd-8d64-d052696c0c3d@group-63C936D77AF9-LeaderElection14] INFO  server.RaftServerConfigKeys (ConfUtils.java:logGet(46)) - raft.server.rpc.request.timeout = 60s (custom)
2022-08-27 01:04:32,224 [efe08b73-b8e1-4cbd-8d64-d052696c0c3d@group-63C936D77AF9-LeaderElection14] INFO  server.RaftServerConfigKeys (ConfUtils.java:logGet(46)) - raft.server.log.appender.install.snapshot.enabled = false (custom)
2022-08-27 01:04:32,226 [EventQueue-PipelineReportForPipelineReportHandler] INFO  pipeline.PipelineManagerImpl (PipelineManagerImpl.java:openPipeline(367)) - Pipeline Pipeline[ Id: 0e3cd51a-ef7e-47c8-8237-63c936d77af9, Nodes: 10661b26-eda0-4e01-aa97-bfa554844a49{ip: 10.1.1.170, host: fv-az41-820.zje5jq5y5x4uznwvdkgxk4wc2h.cx.internal.cloudapp.net, ports: [REPLICATION=39903, RATIS=44501, RATIS_ADMIN=44501, RATIS_SERVER=44501, STANDALONE=35217], networkLocation: /default-rack, certSerialId: null, persistedOpState: IN_SERVICE, persistedOpStateExpiryEpochSec: 0}47218c16-f2d5-4cf1-b4da-5ee36f49a8d8{ip: 10.1.1.170, host: fv-az41-820.zje5jq5y5x4uznwvdkgxk4wc2h.cx.internal.cloudapp.net, ports: [REPLICATION=42559, RATIS=36037, RATIS_ADMIN=36037, RATIS_SERVER=36037, STANDALONE=34925], networkLocation: /default-rack, certSerialId: null, persistedOpState: IN_SERVICE, persistedOpStateExpiryEpochSec: 0}efe08b73-b8e1-4cbd-8d64-d052696c0c3d{ip: 10.1.1.170, host: fv-az41-820.zje5jq5y5x4uznwvdkgxk4wc2h.cx.internal.cloudapp.net, ports: [REPLICATION=42871, RATIS=38497, RATIS_ADMIN=38497, RATIS_SERVER=38497, STANDALONE=44597], networkLocation: /default-rack, certSerialId: null, persistedOpState: IN_SERVICE, persistedOpStateExpiryEpochSec: 0}, ReplicationConfig: RATIS/THREE, State:ALLOCATED, leaderId:efe08b73-b8e1-4cbd-8d64-d052696c0c3d, CreationTimestamp2022-08-27T01:04:14.412Z[Etc/UTC]] moved to OPEN state
2022-08-27 01:04:32,227 [efe08b73-b8e1-4cbd-8d64-d052696c0c3d@group-63C936D77AF9-LeaderElection14] INFO  impl.RoleInfo (RoleInfo.java:updateAndGet(139)) - efe08b73-b8e1-4cbd-8d64-d052696c0c3d: start efe08b73-b8e1-4cbd-8d64-d052696c0c3d@group-63C936D77AF9-LeaderStateImpl
2022-08-27 01:04:32,228 [efe08b73-b8e1-4cbd-8d64-d052696c0c3d@group-63C936D77AF9-LeaderElection14] INFO  segmented.SegmentedRaftLogWorker (SegmentedRaftLogWorker.java:startLogSegment(425)) - efe08b73-b8e1-4cbd-8d64-d052696c0c3d@group-63C936D77AF9-SegmentedRaftLogWorker: Starting segment from index:0
2022-08-27 01:04:32,228 [grpc-default-executor-1] INFO  server.RaftServer$Division (RaftServerImpl.java:requestVote(1152)) - 47218c16-f2d5-4cf1-b4da-5ee36f49a8d8@group-63C936D77AF9: receive requestVote(ELECTION, efe08b73-b8e1-4cbd-8d64-d052696c0c3d, group-63C936D77AF9, 3, (t:0, i:0))
2022-08-27 01:04:32,228 [grpc-default-executor-1] INFO  impl.VoteContext (VoteContext.java:log(48)) - 47218c16-f2d5-4cf1-b4da-5ee36f49a8d8@group-63C936D77AF9-FOLLOWER: accept ELECTION from efe08b73-b8e1-4cbd-8d64-d052696c0c3d: our priority 0 <= candidate's priority 1
2022-08-27 01:04:32,228 [grpc-default-executor-1] INFO  server.RaftServer$Division (RaftServerImpl.java:setRole(299)) - 47218c16-f2d5-4cf1-b4da-5ee36f49a8d8@group-63C936D77AF9: changes role from  FOLLOWER to FOLLOWER at term 3 for candidate:efe08b73-b8e1-4cbd-8d64-d052696c0c3d
2022-08-27 01:04:32,228 [grpc-default-executor-1] INFO  impl.RoleInfo (RoleInfo.java:shutdownFollowerState(110)) - 47218c16-f2d5-4cf1-b4da-5ee36f49a8d8: shutdown 47218c16-f2d5-4cf1-b4da-5ee36f49a8d8@group-63C936D77AF9-FollowerState
2022-08-27 01:04:32,229 [efe08b73-b8e1-4cbd-8d64-d052696c0c3d@group-63C936D77AF9-SegmentedRaftLogWorker] INFO  segmented.SegmentedRaftLogWorker (SegmentedRaftLogWorker.java:execute(629)) - efe08b73-b8e1-4cbd-8d64-d052696c0c3d@group-63C936D77AF9-SegmentedRaftLogWorker: created new log segment /home/runner/work/ozone/ozone/hadoop-ozone/integration-test/target/test-dir/MiniOzoneClusterImpl-06e86dd3-d7df-4a2c-b8a6-272c25fd117f/datanode-4/data/ratis/0e3cd51a-ef7e-47c8-8237-63c936d77af9/current/log_inprogress_0
2022-08-27 01:04:32,230 [grpc-default-executor-1] INFO  impl.RoleInfo (RoleInfo.java:updateAndGet(139)) - 47218c16-f2d5-4cf1-b4da-5ee36f49a8d8: start 47218c16-f2d5-4cf1-b4da-5ee36f49a8d8@group-63C936D77AF9-FollowerState
2022-08-27 01:04:32,230 [47218c16-f2d5-4cf1-b4da-5ee36f49a8d8@group-63C936D77AF9-FollowerState] INFO  impl.FollowerState (FollowerState.java:run(152)) - 47218c16-f2d5-4cf1-b4da-5ee36f49a8d8@group-63C936D77AF9-FollowerState was interrupted
2022-08-27 01:04:32,230 [efe08b73-b8e1-4cbd-8d64-d052696c0c3d@group-63C936D77AF9-LeaderElection14] INFO  server.RaftServer$Division (ServerState.java:setRaftConf(393)) - efe08b73-b8e1-4cbd-8d64-d052696c0c3d@group-63C936D77AF9: set configuration 0: [10661b26-eda0-4e01-aa97-bfa554844a49|rpc:10.1.1.170:44501|dataStream:|priority:0, 47218c16-f2d5-4cf1-b4da-5ee36f49a8d8|rpc:10.1.1.170:36037|dataStream:|priority:0, efe08b73-b8e1-4cbd-8d64-d052696c0c3d|rpc:10.1.1.170:38497|dataStream:|priority:1], old=null
2022-08-27 01:04:32,231 [grpc-default-executor-1] INFO  server.RaftServer$Division (RaftServerImpl.java:requestVote(1184)) - 47218c16-f2d5-4cf1-b4da-5ee36f49a8d8@group-63C936D77AF9 replies to ELECTION vote request: efe08b73-b8e1-4cbd-8d64-d052696c0c3d<-47218c16-f2d5-4cf1-b4da-5ee36f49a8d8#0:OK-t3. Peer's state: 47218c16-f2d5-4cf1-b4da-5ee36f49a8d8@group-63C936D77AF9:t3, leader=null, voted=efe08b73-b8e1-4cbd-8d64-d052696c0c3d, raftlog=47218c16-f2d5-4cf1-b4da-5ee36f49a8d8@group-63C936D77AF9-SegmentedRaftLog:OPENED:c-1, conf=-1: [10661b26-eda0-4e01-aa97-bfa554844a49|rpc:10.1.1.170:44501|dataStream:|priority:0, 47218c16-f2d5-4cf1-b4da-5ee36f49a8d8|rpc:10.1.1.170:36037|dataStream:|priority:0, efe08b73-b8e1-4cbd-8d64-d052696c0c3d|rpc:10.1.1.170:38497|dataStream:|priority:1], old=null
2022-08-27 01:04:32,249 [10661b26-eda0-4e01-aa97-bfa554844a49-server-thread1] INFO  ratis.XceiverServerRatis (XceiverServerRatis.java:handleLeaderChangedNotification(863)) - Leader change notification received for group: group-63C936D77AF9 with new leaderId: efe08b73-b8e1-4cbd-8d64-d052696c0c3d
2022-08-27 01:04:32,249 [10661b26-eda0-4e01-aa97-bfa554844a49-server-thread1] INFO  server.RaftServer$Division (ServerState.java:setLeader(287)) - 10661b26-eda0-4e01-aa97-bfa554844a49@group-63C936D77AF9: change Leader from null to efe08b73-b8e1-4cbd-8d64-d052696c0c3d at term 3 for appendEntries, leader elected after 15482ms
2022-08-27 01:04:32,249 [47218c16-f2d5-4cf1-b4da-5ee36f49a8d8-server-thread1] INFO  ratis.XceiverServerRatis (XceiverServerRatis.java:handleLeaderChangedNotification(863)) - Leader change notification received for group: group-63C936D77AF9 with new leaderId: efe08b73-b8e1-4cbd-8d64-d052696c0c3d
2022-08-27 01:04:32,250 [47218c16-f2d5-4cf1-b4da-5ee36f49a8d8-server-thread1] INFO  server.RaftServer$Division (ServerState.java:setLeader(287)) - 47218c16-f2d5-4cf1-b4da-5ee36f49a8d8@group-63C936D77AF9: change Leader from null to efe08b73-b8e1-4cbd-8d64-d052696c0c3d at term 3 for appendEntries, leader elected after 15451ms
2022-08-27 01:04:32,257 [10661b26-eda0-4e01-aa97-bfa554844a49-server-thread1] INFO  server.RaftServer$Division (ServerState.java:setRaftConf(393)) - 10661b26-eda0-4e01-aa97-bfa554844a49@group-63C936D77AF9: set configuration 0: [10661b26-eda0-4e01-aa97-bfa554844a49|rpc:10.1.1.170:44501|dataStream:|priority:0, 47218c16-f2d5-4cf1-b4da-5ee36f49a8d8|rpc:10.1.1.170:36037|dataStream:|priority:0, efe08b73-b8e1-4cbd-8d64-d052696c0c3d|rpc:10.1.1.170:38497|dataStream:|priority:1], old=null
2022-08-27 01:04:32,257 [10661b26-eda0-4e01-aa97-bfa554844a49-server-thread1] INFO  segmented.SegmentedRaftLogWorker (SegmentedRaftLogWorker.java:startLogSegment(425)) - 10661b26-eda0-4e01-aa97-bfa554844a49@group-63C936D77AF9-SegmentedRaftLogWorker: Starting segment from index:0
2022-08-27 01:04:32,259 [10661b26-eda0-4e01-aa97-bfa554844a49@group-63C936D77AF9-SegmentedRaftLogWorker] INFO  segmented.SegmentedRaftLogWorker (SegmentedRaftLogWorker.java:execute(629)) - 10661b26-eda0-4e01-aa97-bfa554844a49@group-63C936D77AF9-SegmentedRaftLogWorker: created new log segment /home/runner/work/ozone/ozone/hadoop-ozone/integration-test/target/test-dir/MiniOzoneClusterImpl-06e86dd3-d7df-4a2c-b8a6-272c25fd117f/datanode-3/data/ratis/0e3cd51a-ef7e-47c8-8237-63c936d77af9/current/log_inprogress_0
2022-08-27 01:04:32,263 [47218c16-f2d5-4cf1-b4da-5ee36f49a8d8-server-thread1] INFO  server.RaftServer$Division (ServerState.java:setRaftConf(393)) - 47218c16-f2d5-4cf1-b4da-5ee36f49a8d8@group-63C936D77AF9: set configuration 0: [10661b26-eda0-4e01-aa97-bfa554844a49|rpc:10.1.1.170:44501|dataStream:|priority:0, 47218c16-f2d5-4cf1-b4da-5ee36f49a8d8|rpc:10.1.1.170:36037|dataStream:|priority:0, efe08b73-b8e1-4cbd-8d64-d052696c0c3d|rpc:10.1.1.170:38497|dataStream:|priority:1], old=null
2022-08-27 01:04:32,263 [47218c16-f2d5-4cf1-b4da-5ee36f49a8d8-server-thread1] INFO  segmented.SegmentedRaftLogWorker (SegmentedRaftLogWorker.java:startLogSegment(425)) - 47218c16-f2d5-4cf1-b4da-5ee36f49a8d8@group-63C936D77AF9-SegmentedRaftLogWorker: Starting segment from index:0
2022-08-27 01:04:32,265 [47218c16-f2d5-4cf1-b4da-5ee36f49a8d8@group-63C936D77AF9-SegmentedRaftLogWorker] INFO  segmented.SegmentedRaftLogWorker (SegmentedRaftLogWorker.java:execute(629)) - 47218c16-f2d5-4cf1-b4da-5ee36f49a8d8@group-63C936D77AF9-SegmentedRaftLogWorker: created new log segment /home/runner/work/ozone/ozone/hadoop-ozone/integration-test/target/test-dir/MiniOzoneClusterImpl-06e86dd3-d7df-4a2c-b8a6-272c25fd117f/datanode-5/data/ratis/0e3cd51a-ef7e-47c8-8237-63c936d77af9/current/log_inprogress_0
2022-08-27 01:04:32,269 [ReplicationMonitor] INFO  replication.ReplicationManager (ReplicationManager.java:processAll(293)) - Replication Monitor Thread took 0 milliseconds for processing 3 containers.
2022-08-27 01:04:32,382 [EventQueue-OpenPipelineForHealthyPipelineSafeModeRule] INFO  safemode.SCMSafeModeManager (HealthyPipelineSafeModeRule.java:process(137)) - SCM in safe mode. Healthy pipelines reported count is 0, required healthy pipeline reported count is 1
2022-08-27 01:04:32,494 [Command processor thread] INFO  server.RaftServer (RaftServerProxy.java:addNew(96)) - 0a62877e-9b7e-486c-aaaf-613dec44d4b9: addNew group-BAF5EC9771B0:[0a62877e-9b7e-486c-aaaf-613dec44d4b9|rpc:10.1.1.170:41817|priority:1] returns group-BAF5EC9771B0:java.util.concurrent.CompletableFuture@7b052c6c[Not completed]
2022-08-27 01:04:32,500 [pool-425-thread-1] INFO  server.RaftServer$Division (RaftServerImpl.java:<init>(190)) - 0a62877e-9b7e-486c-aaaf-613dec44d4b9: new RaftServerImpl for group-BAF5EC9771B0:[0a62877e-9b7e-486c-aaaf-613dec44d4b9|rpc:10.1.1.170:41817|priority:1] with ContainerStateMachine:uninitialized
2022-08-27 01:04:32,500 [pool-425-thread-1] INFO  server.RaftServerConfigKeys (ConfUtils.java:logGet(46)) - raft.server.rpc.timeout.min = 5s (custom)
2022-08-27 01:04:32,500 [pool-425-thread-1] INFO  server.RaftServerConfigKeys (ConfUtils.java:logGet(46)) - raft.server.rpc.timeout.max = 5200ms (custom)
2022-08-27 01:04:32,500 [pool-425-thread-1] INFO  server.RaftServerConfigKeys (ConfUtils.java:logGet(46)) - raft.server.rpc.sleep.time = 25ms (default)
2022-08-27 01:04:32,501 [pool-425-thread-1] INFO  server.RaftServerConfigKeys (ConfUtils.java:logGet(46)) - raft.server.rpc.slowness.timeout = 300s (custom)
2022-08-27 01:04:32,501 [pool-425-thread-1] INFO  server.RaftServerConfigKeys (ConfUtils.java:logGet(46)) - raft.server.leaderelection.leader.step-down.wait-time = 10s (default)
2022-08-27 01:04:32,501 [pool-425-thread-1] INFO  server.RaftServerConfigKeys (ConfUtils.java:logGet(46)) - raft.server.sleep.deviation.threshold = 300ms (default)
2022-08-27 01:04:32,501 [pool-425-thread-1] INFO  server.RaftServer$Division (ServerState.java:<init>(107)) - 0a62877e-9b7e-486c-aaaf-613dec44d4b9@group-BAF5EC9771B0: ConfigurationManager, init=-1: [0a62877e-9b7e-486c-aaaf-613dec44d4b9|rpc:10.1.1.170:41817|priority:1], old=null, confs=<EMPTY_MAP>
2022-08-27 01:04:32,501 [pool-425-thread-1] INFO  server.RaftServerConfigKeys (ConfUtils.java:logGet(46)) - raft.server.storage.dir = [/home/runner/work/ozone/ozone/hadoop-ozone/integration-test/target/test-dir/MiniOzoneClusterImpl-6c28598a-b70a-49df-9254-251c667aa325/datanode-3/data/ratis] (custom)
2022-08-27 01:04:32,501 [pool-425-thread-1] INFO  server.RaftServerConfigKeys (ConfUtils.java:logGet(46)) - raft.server.log.corruption.policy = EXCEPTION (default)
2022-08-27 01:04:32,501 [pool-425-thread-1] INFO  server.RaftServerConfigKeys (ConfUtils.java:logGet(46)) - raft.server.storage.free-space.min = 0MB (=0) (default)
2022-08-27 01:04:32,501 [pool-425-thread-1] INFO  storage.RaftStorageDirectory (RaftStorageDirectoryImpl.java:analyzeStorage(135)) - The storage directory /home/runner/work/ozone/ozone/hadoop-ozone/integration-test/target/test-dir/MiniOzoneClusterImpl-6c28598a-b70a-49df-9254-251c667aa325/datanode-3/data/ratis/4ff94185-6f56-4926-92ff-baf5ec9771b0 does not exist. Creating ...
2022-08-27 01:04:32,502 [pool-425-thread-1] INFO  storage.RaftStorageDirectory (RaftStorageDirectoryImpl.java:tryLock(230)) - Lock on /home/runner/work/ozone/ozone/hadoop-ozone/integration-test/target/test-dir/MiniOzoneClusterImpl-6c28598a-b70a-49df-9254-251c667aa325/datanode-3/data/ratis/4ff94185-6f56-4926-92ff-baf5ec9771b0/in_use.lock acquired by nodename 21368@fv-az41-820
2022-08-27 01:04:32,503 [pool-425-thread-1] INFO  storage.RaftStorage (RaftStorageImpl.java:format(89)) - Storage directory /home/runner/work/ozone/ozone/hadoop-ozone/integration-test/target/test-dir/MiniOzoneClusterImpl-6c28598a-b70a-49df-9254-251c667aa325/datanode-3/data/ratis/4ff94185-6f56-4926-92ff-baf5ec9771b0 has been successfully formatted.
2022-08-27 01:04:32,503 [pool-425-thread-1] INFO  ratis.ContainerStateMachine (ContainerStateMachine.java:loadSnapshot(236)) - group-BAF5EC9771B0: The snapshot info is null. Setting the last applied indexto:(t:0, i:~)
2022-08-27 01:04:32,503 [pool-425-thread-1] INFO  server.RaftServerConfigKeys (ConfUtils.java:logGet(46)) - raft.server.notification.no-leader.timeout = 300s (custom)
2022-08-27 01:04:32,503 [pool-425-thread-1] INFO  server.RaftServerConfigKeys (ConfUtils.java:logGet(46)) - raft.server.log.use.memory = false (default)
2022-08-27 01:04:32,503 [pool-425-thread-1] INFO  server.RaftServerConfigKeys (ConfUtils.java:logGet(46)) - raft.server.log.purge.gap = 1000000 (custom)
2022-08-27 01:04:32,504 [EventQueue-PipelineReportForPipelineReportHandler] INFO  pipeline.PipelineManagerImpl (PipelineManagerImpl.java:openPipeline(367)) - Pipeline Pipeline[ Id: 4ff94185-6f56-4926-92ff-baf5ec9771b0, Nodes: 0a62877e-9b7e-486c-aaaf-613dec44d4b9{ip: 10.1.1.170, host: fv-az41-820.zje5jq5y5x4uznwvdkgxk4wc2h.cx.internal.cloudapp.net, ports: [REPLICATION=45429, RATIS=41817, RATIS_ADMIN=41817, RATIS_SERVER=41817, STANDALONE=44077], networkLocation: /default-rack, certSerialId: null, persistedOpState: IN_SERVICE, persistedOpStateExpiryEpochSec: 0}, ReplicationConfig: RATIS/ONE, State:ALLOCATED, leaderId:0a62877e-9b7e-486c-aaaf-613dec44d4b9, CreationTimestamp2022-08-27T01:04:29.496Z[Etc/UTC]] moved to OPEN state
2022-08-27 01:04:32,504 [EventQueue-OpenPipelineForHealthyPipelineSafeModeRule] INFO  safemode.SCMSafeModeManager (HealthyPipelineSafeModeRule.java:process(137)) - SCM in safe mode. Healthy pipelines reported count is 0, required healthy pipeline reported count is 1
2022-08-27 01:04:32,505 [pool-425-thread-1] INFO  server.RaftServerConfigKeys (ConfUtils.java:logGet(46)) - raft.server.log.appender.buffer.byte-limit = 33554432 (custom)
2022-08-27 01:04:32,505 [pool-425-thread-1] INFO  server.RaftServerConfigKeys (ConfUtils.java:logGet(46)) - raft.server.log.statemachine.data.read.timeout = 1000ms (default)
2022-08-27 01:04:32,505 [pool-425-thread-1] INFO  server.RaftServerConfigKeys (ConfUtils.java:logGet(46)) - raft.server.log.segment.size.max = 1048576 (custom)
2022-08-27 01:04:32,505 [pool-425-thread-1] INFO  server.RaftServerConfigKeys (ConfUtils.java:logGet(46)) - raft.server.log.segment.cache.num.max = 2 (custom)
2022-08-27 01:04:32,505 [pool-425-thread-1] INFO  server.RaftServerConfigKeys (ConfUtils.java:logGet(46)) - raft.server.log.segment.cache.size.max = 200MB (=209715200) (default)
2022-08-27 01:04:32,505 [pool-425-thread-1] INFO  segmented.SegmentedRaftLogWorker (SegmentedRaftLogWorker.java:<init>(187)) - new 0a62877e-9b7e-486c-aaaf-613dec44d4b9@group-BAF5EC9771B0-SegmentedRaftLogWorker for RaftStorageImpl:Storage Directory /home/runner/work/ozone/ozone/hadoop-ozone/integration-test/target/test-dir/MiniOzoneClusterImpl-6c28598a-b70a-49df-9254-251c667aa325/datanode-3/data/ratis/4ff94185-6f56-4926-92ff-baf5ec9771b0
2022-08-27 01:04:32,505 [pool-425-thread-1] INFO  server.RaftServerConfigKeys (ConfUtils.java:logGet(46)) - raft.server.log.queue.byte-limit = 4294967296 (custom)
2022-08-27 01:04:32,505 [pool-425-thread-1] INFO  server.RaftServerConfigKeys (ConfUtils.java:logGet(46)) - raft.server.log.queue.element-limit = 1024 (custom)
2022-08-27 01:04:32,505 [pool-425-thread-1] INFO  server.RaftServerConfigKeys (ConfUtils.java:logGet(46)) - raft.server.log.segment.size.max = 1048576 (custom)
2022-08-27 01:04:32,505 [pool-425-thread-1] INFO  server.RaftServerConfigKeys (ConfUtils.java:logGet(46)) - raft.server.log.preallocated.size = 16384 (custom)
2022-08-27 01:04:32,505 [pool-425-thread-1] INFO  server.RaftServerConfigKeys (ConfUtils.java:logGet(46)) - raft.server.log.force.sync.num = 128 (default)
2022-08-27 01:04:32,505 [pool-425-thread-1] INFO  server.RaftServerConfigKeys (ConfUtils.java:logGet(46)) - raft.server.log.statemachine.data.sync = true (default)
2022-08-27 01:04:32,505 [pool-425-thread-1] INFO  server.RaftServerConfigKeys (ConfUtils.java:logGet(46)) - raft.server.log.statemachine.data.sync.timeout = 10s (default)
2022-08-27 01:04:32,506 [pool-425-thread-1] INFO  server.RaftServerConfigKeys (ConfUtils.java:logGet(46)) - raft.server.log.statemachine.data.sync.timeout.retry = -1 (default)
2022-08-27 01:04:32,506 [pool-425-thread-1] INFO  server.RaftServerConfigKeys (ConfUtils.java:logGet(46)) - raft.server.log.write.buffer.size = 1048576 (custom)
2022-08-27 01:04:32,507 [pool-425-thread-1] INFO  server.RaftServerConfigKeys (ConfUtils.java:logGet(46)) - raft.server.log.unsafe-flush.enabled = false (default)
2022-08-27 01:04:32,507 [pool-425-thread-1] INFO  server.RaftServerConfigKeys (ConfUtils.java:logGet(46)) - raft.server.log.statemachine.data.caching.enabled = true (custom)
2022-08-27 01:04:32,507 [pool-425-thread-1] INFO  segmented.SegmentedRaftLogWorker (SegmentedRaftLogWorker.java:lambda$new$0(135)) - 0a62877e-9b7e-486c-aaaf-613dec44d4b9@group-BAF5EC9771B0-SegmentedRaftLogWorker: flushIndex: setUnconditionally 0 -> -1
2022-08-27 01:04:32,507 [pool-425-thread-1] INFO  segmented.SegmentedRaftLogWorker (SegmentedRaftLogWorker.java:lambda$new$0(135)) - 0a62877e-9b7e-486c-aaaf-613dec44d4b9@group-BAF5EC9771B0-SegmentedRaftLogWorker: safeCacheEvictIndex: setUnconditionally 0 -> -1
2022-08-27 01:04:32,507 [pool-425-thread-1] INFO  server.RaftServerConfigKeys (ConfUtils.java:logGet(46)) - raft.server.snapshot.auto.trigger.enabled = true (custom)
2022-08-27 01:04:32,507 [pool-425-thread-1] INFO  server.RaftServerConfigKeys (ConfUtils.java:logGet(46)) - raft.server.snapshot.auto.trigger.threshold = 10000 (custom)
2022-08-27 01:04:32,507 [pool-425-thread-1] INFO  server.RaftServerConfigKeys (ConfUtils.java:logGet(46)) - raft.server.snapshot.retention.file.num = 5 (custom)
2022-08-27 01:04:32,507 [pool-425-thread-1] INFO  server.RaftServerConfigKeys (ConfUtils.java:logGet(46)) - raft.server.log.purge.upto.snapshot.index = false (default)
2022-08-27 01:04:32,507 [pool-425-thread-1] INFO  server.RaftServerConfigKeys (ConfUtils.java:logGet(46)) - raft.server.retrycache.expirytime = 600000ms (custom)
2022-08-27 01:04:32,508 [pool-425-thread-1] INFO  server.RaftServerConfigKeys (ConfUtils.java:logGet(46)) - raft.server.retrycache.statistics.expirytime = 100μs (default)
2022-08-27 01:04:32,509 [pool-425-thread-1] INFO  server.RaftServerConfigKeys (ConfUtils.java:logGet(46)) - raft.server.log.appender.install.snapshot.enabled = false (custom)
2022-08-27 01:04:32,509 [pool-425-thread-1] INFO  server.RaftServerConfigKeys (ConfUtils.java:logGet(46)) - raft.server.threadpool.server.cached = true (default)
2022-08-27 01:04:32,509 [pool-425-thread-1] INFO  server.RaftServerConfigKeys (ConfUtils.java:logGet(46)) - raft.server.threadpool.server.size = 0 (default)
2022-08-27 01:04:32,509 [pool-425-thread-1] INFO  server.RaftServerConfigKeys (ConfUtils.java:logGet(46)) - raft.server.threadpool.client.cached = true (default)
2022-08-27 01:04:32,509 [pool-425-thread-1] INFO  server.RaftServerConfigKeys (ConfUtils.java:logGet(46)) - raft.server.threadpool.client.size = 0 (default)
2022-08-27 01:04:32,509 [pool-425-thread-1] INFO  server.RaftServer$Division (RaftServerImpl.java:start(310)) - 0a62877e-9b7e-486c-aaaf-613dec44d4b9@group-BAF5EC9771B0: start as a follower, conf=-1: [0a62877e-9b7e-486c-aaaf-613dec44d4b9|rpc:10.1.1.170:41817|priority:1], old=null
2022-08-27 01:04:32,509 [pool-425-thread-1] INFO  server.RaftServer$Division (RaftServerImpl.java:setRole(299)) - 0a62877e-9b7e-486c-aaaf-613dec44d4b9@group-BAF5EC9771B0: changes role from      null to FOLLOWER at term 0 for startAsFollower
2022-08-27 01:04:32,509 [pool-425-thread-1] INFO  impl.RoleInfo (RoleInfo.java:updateAndGet(139)) - 0a62877e-9b7e-486c-aaaf-613dec44d4b9: start 0a62877e-9b7e-486c-aaaf-613dec44d4b9@group-BAF5EC9771B0-FollowerState
2022-08-27 01:04:32,509 [pool-425-thread-1] INFO  util.JmxRegister (JmxRegister.java:tryRegister(44)) - Successfully registered JMX Bean with object name Ratis:service=RaftServer,group=group-BAF5EC9771B0,id=0a62877e-9b7e-486c-aaaf-613dec44d4b9
2022-08-27 01:04:32,513 [Command processor thread] INFO  ratis.XceiverServerRatis (XceiverServerRatis.java:addGroup(765)) - Created group PipelineID=4ff94185-6f56-4926-92ff-baf5ec9771b0
2022-08-27 01:04:32,513 [Command processor thread] INFO  commandhandler.CreatePipelineCommandHandler (CreatePipelineCommandHandler.java:handle(113)) - Created Pipeline RATIS ONE PipelineID=4ff94185-6f56-4926-92ff-baf5ec9771b0.
2022-08-27 01:04:32,513 [Command processor thread] INFO  server.RaftServer (RaftServerProxy.java:addNew(96)) - 0a62877e-9b7e-486c-aaaf-613dec44d4b9: addNew group-66FDB48DD05F:[d4784843-40d7-47a0-a720-93e541e68dac|rpc:10.1.1.170:39719|priority:0, e05f913a-27b5-42aa-8e2a-9d0aa99964f1|rpc:10.1.1.170:43287|priority:0, 0a62877e-9b7e-486c-aaaf-613dec44d4b9|rpc:10.1.1.170:41817|priority:1] returns group-66FDB48DD05F:java.util.concurrent.CompletableFuture@7f3aa7d4[Not completed]
2022-08-27 01:04:32,514 [pool-425-thread-1] INFO  server.RaftServer$Division (RaftServerImpl.java:<init>(190)) - 0a62877e-9b7e-486c-aaaf-613dec44d4b9: new RaftServerImpl for group-66FDB48DD05F:[d4784843-40d7-47a0-a720-93e541e68dac|rpc:10.1.1.170:39719|priority:0, e05f913a-27b5-42aa-8e2a-9d0aa99964f1|rpc:10.1.1.170:43287|priority:0, 0a62877e-9b7e-486c-aaaf-613dec44d4b9|rpc:10.1.1.170:41817|priority:1] with ContainerStateMachine:uninitialized
2022-08-27 01:04:32,514 [pool-425-thread-1] INFO  server.RaftServerConfigKeys (ConfUtils.java:logGet(46)) - raft.server.rpc.timeout.min = 5s (custom)
2022-08-27 01:04:32,514 [pool-425-thread-1] INFO  server.RaftServerConfigKeys (ConfUtils.java:logGet(46)) - raft.server.rpc.timeout.max = 5200ms (custom)
2022-08-27 01:04:32,514 [pool-425-thread-1] INFO  server.RaftServerConfigKeys (ConfUtils.java:logGet(46)) - raft.server.rpc.sleep.time = 25ms (default)
2022-08-27 01:04:32,514 [pool-425-thread-1] INFO  server.RaftServerConfigKeys (ConfUtils.java:logGet(46)) - raft.server.rpc.slowness.timeout = 300s (custom)
2022-08-27 01:04:32,514 [pool-425-thread-1] INFO  server.RaftServerConfigKeys (ConfUtils.java:logGet(46)) - raft.server.leaderelection.leader.step-down.wait-time = 10s (default)
2022-08-27 01:04:32,514 [pool-425-thread-1] INFO  server.RaftServerConfigKeys (ConfUtils.java:logGet(46)) - raft.server.sleep.deviation.threshold = 300ms (default)
2022-08-27 01:04:32,514 [pool-425-thread-1] INFO  server.RaftServer$Division (ServerState.java:<init>(107)) - 0a62877e-9b7e-486c-aaaf-613dec44d4b9@group-66FDB48DD05F: ConfigurationManager, init=-1: [d4784843-40d7-47a0-a720-93e541e68dac|rpc:10.1.1.170:39719|priority:0, e05f913a-27b5-42aa-8e2a-9d0aa99964f1|rpc:10.1.1.170:43287|priority:0, 0a62877e-9b7e-486c-aaaf-613dec44d4b9|rpc:10.1.1.170:41817|priority:1], old=null, confs=<EMPTY_MAP>
2022-08-27 01:04:32,514 [pool-425-thread-1] INFO  server.RaftServerConfigKeys (ConfUtils.java:logGet(46)) - raft.server.storage.dir = [/home/runner/work/ozone/ozone/hadoop-ozone/integration-test/target/test-dir/MiniOzoneClusterImpl-6c28598a-b70a-49df-9254-251c667aa325/datanode-3/data/ratis] (custom)
2022-08-27 01:04:32,514 [pool-425-thread-1] INFO  server.RaftServerConfigKeys (ConfUtils.java:logGet(46)) - raft.server.log.corruption.policy = EXCEPTION (default)
2022-08-27 01:04:32,514 [pool-425-thread-1] INFO  server.RaftServerConfigKeys (ConfUtils.java:logGet(46)) - raft.server.storage.free-space.min = 0MB (=0) (default)
2022-08-27 01:04:32,514 [pool-425-thread-1] INFO  storage.RaftStorageDirectory (RaftStorageDirectoryImpl.java:analyzeStorage(135)) - The storage directory /home/runner/work/ozone/ozone/hadoop-ozone/integration-test/target/test-dir/MiniOzoneClusterImpl-6c28598a-b70a-49df-9254-251c667aa325/datanode-3/data/ratis/f400a951-9020-43f9-90a7-66fdb48dd05f does not exist. Creating ...
2022-08-27 01:04:32,516 [pool-425-thread-1] INFO  storage.RaftStorageDirectory (RaftStorageDirectoryImpl.java:tryLock(230)) - Lock on /home/runner/work/ozone/ozone/hadoop-ozone/integration-test/target/test-dir/MiniOzoneClusterImpl-6c28598a-b70a-49df-9254-251c667aa325/datanode-3/data/ratis/f400a951-9020-43f9-90a7-66fdb48dd05f/in_use.lock acquired by nodename 21368@fv-az41-820
2022-08-27 01:04:32,521 [pool-425-thread-1] INFO  storage.RaftStorage (RaftStorageImpl.java:format(89)) - Storage directory /home/runner/work/ozone/ozone/hadoop-ozone/integration-test/target/test-dir/MiniOzoneClusterImpl-6c28598a-b70a-49df-9254-251c667aa325/datanode-3/data/ratis/f400a951-9020-43f9-90a7-66fdb48dd05f has been successfully formatted.
2022-08-27 01:04:32,521 [pool-425-thread-1] INFO  ratis.ContainerStateMachine (ContainerStateMachine.java:loadSnapshot(236)) - group-66FDB48DD05F: The snapshot info is null. Setting the last applied indexto:(t:0, i:~)
2022-08-27 01:04:32,521 [pool-425-thread-1] INFO  server.RaftServerConfigKeys (ConfUtils.java:logGet(46)) - raft.server.notification.no-leader.timeout = 300s (custom)
2022-08-27 01:04:32,521 [pool-425-thread-1] INFO  server.RaftServerConfigKeys (ConfUtils.java:logGet(46)) - raft.server.log.use.memory = false (default)
2022-08-27 01:04:32,521 [pool-425-thread-1] INFO  server.RaftServerConfigKeys (ConfUtils.java:logGet(46)) - raft.server.log.purge.gap = 1000000 (custom)
2022-08-27 01:04:32,521 [pool-425-thread-1] INFO  server.RaftServerConfigKeys (ConfUtils.java:logGet(46)) - raft.server.log.appender.buffer.byte-limit = 33554432 (custom)
2022-08-27 01:04:32,521 [pool-425-thread-1] INFO  server.RaftServerConfigKeys (ConfUtils.java:logGet(46)) - raft.server.log.statemachine.data.read.timeout = 1000ms (default)
2022-08-27 01:04:32,522 [pool-425-thread-1] INFO  server.RaftServerConfigKeys (ConfUtils.java:logGet(46)) - raft.server.log.segment.size.max = 1048576 (custom)
2022-08-27 01:04:32,522 [EventQueue-OpenPipelineForHealthyPipelineSafeModeRule] INFO  safemode.SCMSafeModeManager (HealthyPipelineSafeModeRule.java:process(137)) - SCM in safe mode. Healthy pipelines reported count is 0, required healthy pipeline reported count is 1
2022-08-27 01:04:32,522 [pool-425-thread-1] INFO  server.RaftServerConfigKeys (ConfUtils.java:logGet(46)) - raft.server.log.segment.cache.num.max = 2 (custom)
2022-08-27 01:04:32,522 [pool-425-thread-1] INFO  server.RaftServerConfigKeys (ConfUtils.java:logGet(46)) - raft.server.log.segment.cache.size.max = 200MB (=209715200) (default)
2022-08-27 01:04:32,522 [pool-425-thread-1] INFO  segmented.SegmentedRaftLogWorker (SegmentedRaftLogWorker.java:<init>(187)) - new 0a62877e-9b7e-486c-aaaf-613dec44d4b9@group-66FDB48DD05F-SegmentedRaftLogWorker for RaftStorageImpl:Storage Directory /home/runner/work/ozone/ozone/hadoop-ozone/integration-test/target/test-dir/MiniOzoneClusterImpl-6c28598a-b70a-49df-9254-251c667aa325/datanode-3/data/ratis/f400a951-9020-43f9-90a7-66fdb48dd05f
2022-08-27 01:04:32,522 [pool-425-thread-1] INFO  server.RaftServerConfigKeys (ConfUtils.java:logGet(46)) - raft.server.log.queue.byte-limit = 4294967296 (custom)
2022-08-27 01:04:32,522 [pool-425-thread-1] INFO  server.RaftServerConfigKeys (ConfUtils.java:logGet(46)) - raft.server.log.queue.element-limit = 1024 (custom)
2022-08-27 01:04:32,522 [pool-425-thread-1] INFO  server.RaftServerConfigKeys (ConfUtils.java:logGet(46)) - raft.server.log.segment.size.max = 1048576 (custom)
2022-08-27 01:04:32,522 [pool-425-thread-1] INFO  server.RaftServerConfigKeys (ConfUtils.java:logGet(46)) - raft.server.log.preallocated.size = 16384 (custom)
2022-08-27 01:04:32,522 [pool-425-thread-1] INFO  server.RaftServerConfigKeys (ConfUtils.java:logGet(46)) - raft.server.log.force.sync.num = 128 (default)
2022-08-27 01:04:32,522 [pool-425-thread-1] INFO  server.RaftServerConfigKeys (ConfUtils.java:logGet(46)) - raft.server.log.statemachine.data.sync = true (default)
2022-08-27 01:04:32,523 [pool-425-thread-1] INFO  server.RaftServerConfigKeys (ConfUtils.java:logGet(46)) - raft.server.log.statemachine.data.sync.timeout = 10s (default)
2022-08-27 01:04:32,523 [pool-425-thread-1] INFO  server.RaftServerConfigKeys (ConfUtils.java:logGet(46)) - raft.server.log.statemachine.data.sync.timeout.retry = -1 (default)
2022-08-27 01:04:32,523 [pool-425-thread-1] INFO  server.RaftServerConfigKeys (ConfUtils.java:logGet(46)) - raft.server.log.write.buffer.size = 1048576 (custom)
2022-08-27 01:04:32,524 [pool-425-thread-1] INFO  server.RaftServerConfigKeys (ConfUtils.java:logGet(46)) - raft.server.log.unsafe-flush.enabled = false (default)
2022-08-27 01:04:32,524 [pool-425-thread-1] INFO  server.RaftServerConfigKeys (ConfUtils.java:logGet(46)) - raft.server.log.statemachine.data.caching.enabled = true (custom)
2022-08-27 01:04:32,524 [pool-425-thread-1] INFO  segmented.SegmentedRaftLogWorker (SegmentedRaftLogWorker.java:lambda$new$0(135)) - 0a62877e-9b7e-486c-aaaf-613dec44d4b9@group-66FDB48DD05F-SegmentedRaftLogWorker: flushIndex: setUnconditionally 0 -> -1
2022-08-27 01:04:32,524 [pool-425-thread-1] INFO  segmented.SegmentedRaftLogWorker (SegmentedRaftLogWorker.java:lambda$new$0(135)) - 0a62877e-9b7e-486c-aaaf-613dec44d4b9@group-66FDB48DD05F-SegmentedRaftLogWorker: safeCacheEvictIndex: setUnconditionally 0 -> -1
2022-08-27 01:04:32,527 [pool-425-thread-1] INFO  server.RaftServerConfigKeys (ConfUtils.java:logGet(46)) - raft.server.snapshot.auto.trigger.enabled = true (custom)
2022-08-27 01:04:32,527 [pool-425-thread-1] INFO  server.RaftServerConfigKeys (ConfUtils.java:logGet(46)) - raft.server.snapshot.auto.trigger.threshold = 10000 (custom)
2022-08-27 01:04:32,527 [pool-425-thread-1] INFO  server.RaftServerConfigKeys (ConfUtils.java:logGet(46)) - raft.server.snapshot.retention.file.num = 5 (custom)
2022-08-27 01:04:32,528 [pool-425-thread-1] INFO  server.RaftServerConfigKeys (ConfUtils.java:logGet(46)) - raft.server.log.purge.upto.snapshot.index = false (default)
2022-08-27 01:04:32,528 [pool-425-thread-1] INFO  server.RaftServerConfigKeys (ConfUtils.java:logGet(46)) - raft.server.retrycache.expirytime = 600000ms (custom)
2022-08-27 01:04:32,528 [pool-425-thread-1] INFO  server.RaftServerConfigKeys (ConfUtils.java:logGet(46)) - raft.server.retrycache.statistics.expirytime = 100μs (default)
2022-08-27 01:04:32,529 [pool-425-thread-1] INFO  server.RaftServerConfigKeys (ConfUtils.java:logGet(46)) - raft.server.log.appender.install.snapshot.enabled = false (custom)
2022-08-27 01:04:32,529 [pool-425-thread-1] INFO  server.RaftServerConfigKeys (ConfUtils.java:logGet(46)) - raft.server.threadpool.server.cached = true (default)
2022-08-27 01:04:32,529 [pool-425-thread-1] INFO  server.RaftServerConfigKeys (ConfUtils.java:logGet(46)) - raft.server.threadpool.server.size = 0 (default)
2022-08-27 01:04:32,529 [pool-425-thread-1] INFO  server.RaftServerConfigKeys (ConfUtils.java:logGet(46)) - raft.server.threadpool.client.cached = true (default)
2022-08-27 01:04:32,529 [pool-425-thread-1] INFO  server.RaftServerConfigKeys (ConfUtils.java:logGet(46)) - raft.server.threadpool.client.size = 0 (default)
2022-08-27 01:04:32,529 [pool-425-thread-1] INFO  server.RaftServer$Division (RaftServerImpl.java:start(310)) - 0a62877e-9b7e-486c-aaaf-613dec44d4b9@group-66FDB48DD05F: start as a follower, conf=-1: [d4784843-40d7-47a0-a720-93e541e68dac|rpc:10.1.1.170:39719|priority:0, e05f913a-27b5-42aa-8e2a-9d0aa99964f1|rpc:10.1.1.170:43287|priority:0, 0a62877e-9b7e-486c-aaaf-613dec44d4b9|rpc:10.1.1.170:41817|priority:1], old=null
2022-08-27 01:04:32,529 [pool-425-thread-1] INFO  server.RaftServer$Division (RaftServerImpl.java:setRole(299)) - 0a62877e-9b7e-486c-aaaf-613dec44d4b9@group-66FDB48DD05F: changes role from      null to FOLLOWER at term 0 for startAsFollower
2022-08-27 01:04:32,529 [pool-425-thread-1] INFO  impl.RoleInfo (RoleInfo.java:updateAndGet(139)) - 0a62877e-9b7e-486c-aaaf-613dec44d4b9: start 0a62877e-9b7e-486c-aaaf-613dec44d4b9@group-66FDB48DD05F-FollowerState
2022-08-27 01:04:32,530 [pool-425-thread-1] INFO  util.JmxRegister (JmxRegister.java:tryRegister(44)) - Successfully registered JMX Bean with object name Ratis:service=RaftServer,group=group-66FDB48DD05F,id=0a62877e-9b7e-486c-aaaf-613dec44d4b9
2022-08-27 01:04:32,530 [Command processor thread] INFO  ratis.XceiverServerRatis (XceiverServerRatis.java:addGroup(765)) - Created group PipelineID=f400a951-9020-43f9-90a7-66fdb48dd05f
2022-08-27 01:04:32,544 [grpc-default-executor-4] INFO  server.RaftServer (RaftServerProxy.java:addNew(96)) - e05f913a-27b5-42aa-8e2a-9d0aa99964f1: addNew group-66FDB48DD05F:[d4784843-40d7-47a0-a720-93e541e68dac|rpc:10.1.1.170:39719|dataStream:|priority:0, e05f913a-27b5-42aa-8e2a-9d0aa99964f1|rpc:10.1.1.170:43287|dataStream:|priority:0, 0a62877e-9b7e-486c-aaaf-613dec44d4b9|rpc:10.1.1.170:41817|dataStream:|priority:1] returns group-66FDB48DD05F:java.util.concurrent.CompletableFuture@1550d816[Not completed]
2022-08-27 01:04:32,548 [pool-475-thread-1] INFO  server.RaftServer$Division (RaftServerImpl.java:<init>(190)) - e05f913a-27b5-42aa-8e2a-9d0aa99964f1: new RaftServerImpl for group-66FDB48DD05F:[d4784843-40d7-47a0-a720-93e541e68dac|rpc:10.1.1.170:39719|dataStream:|priority:0, e05f913a-27b5-42aa-8e2a-9d0aa99964f1|rpc:10.1.1.170:43287|dataStream:|priority:0, 0a62877e-9b7e-486c-aaaf-613dec44d4b9|rpc:10.1.1.170:41817|dataStream:|priority:1] with ContainerStateMachine:uninitialized
2022-08-27 01:04:32,548 [pool-475-thread-1] INFO  server.RaftServerConfigKeys (ConfUtils.java:logGet(46)) - raft.server.rpc.timeout.min = 5s (custom)
2022-08-27 01:04:32,548 [pool-475-thread-1] INFO  server.RaftServerConfigKeys (ConfUtils.java:logGet(46)) - raft.server.rpc.timeout.max = 5200ms (custom)
2022-08-27 01:04:32,548 [pool-475-thread-1] INFO  server.RaftServerConfigKeys (ConfUtils.java:logGet(46)) - raft.server.rpc.sleep.time = 25ms (default)
2022-08-27 01:04:32,548 [pool-475-thread-1] INFO  server.RaftServerConfigKeys (ConfUtils.java:logGet(46)) - raft.server.rpc.slowness.timeout = 300s (custom)
2022-08-27 01:04:32,548 [pool-475-thread-1] INFO  server.RaftServerConfigKeys (ConfUtils.java:logGet(46)) - raft.server.leaderelection.leader.step-down.wait-time = 10s (default)
2022-08-27 01:04:32,548 [pool-475-thread-1] INFO  server.RaftServerConfigKeys (ConfUtils.java:logGet(46)) - raft.server.sleep.deviation.threshold = 300ms (default)
2022-08-27 01:04:32,548 [pool-475-thread-1] INFO  server.RaftServer$Division (ServerState.java:<init>(107)) - e05f913a-27b5-42aa-8e2a-9d0aa99964f1@group-66FDB48DD05F: ConfigurationManager, init=-1: [d4784843-40d7-47a0-a720-93e541e68dac|rpc:10.1.1.170:39719|dataStream:|priority:0, e05f913a-27b5-42aa-8e2a-9d0aa99964f1|rpc:10.1.1.170:43287|dataStream:|priority:0, 0a62877e-9b7e-486c-aaaf-613dec44d4b9|rpc:10.1.1.170:41817|dataStream:|priority:1], old=null, confs=<EMPTY_MAP>
2022-08-27 01:04:32,548 [pool-475-thread-1] INFO  server.RaftServerConfigKeys (ConfUtils.java:logGet(46)) - raft.server.storage.dir = [/home/runner/work/ozone/ozone/hadoop-ozone/integration-test/target/test-dir/MiniOzoneClusterImpl-6c28598a-b70a-49df-9254-251c667aa325/datanode-5/data/ratis] (custom)
2022-08-27 01:04:32,548 [pool-475-thread-1] INFO  server.RaftServerConfigKeys (ConfUtils.java:logGet(46)) - raft.server.log.corruption.policy = EXCEPTION (default)
2022-08-27 01:04:32,548 [pool-475-thread-1] INFO  server.RaftServerConfigKeys (ConfUtils.java:logGet(46)) - raft.server.storage.free-space.min = 0MB (=0) (default)
2022-08-27 01:04:32,548 [pool-475-thread-1] INFO  storage.RaftStorageDirectory (RaftStorageDirectoryImpl.java:analyzeStorage(135)) - The storage directory /home/runner/work/ozone/ozone/hadoop-ozone/integration-test/target/test-dir/MiniOzoneClusterImpl-6c28598a-b70a-49df-9254-251c667aa325/datanode-5/data/ratis/f400a951-9020-43f9-90a7-66fdb48dd05f does not exist. Creating ...
2022-08-27 01:04:32,549 [pool-475-thread-1] INFO  storage.RaftStorageDirectory (RaftStorageDirectoryImpl.java:tryLock(230)) - Lock on /home/runner/work/ozone/ozone/hadoop-ozone/integration-test/target/test-dir/MiniOzoneClusterImpl-6c28598a-b70a-49df-9254-251c667aa325/datanode-5/data/ratis/f400a951-9020-43f9-90a7-66fdb48dd05f/in_use.lock acquired by nodename 21368@fv-az41-820
2022-08-27 01:04:32,550 [pool-475-thread-1] INFO  storage.RaftStorage (RaftStorageImpl.java:format(89)) - Storage directory /home/runner/work/ozone/ozone/hadoop-ozone/integration-test/target/test-dir/MiniOzoneClusterImpl-6c28598a-b70a-49df-9254-251c667aa325/datanode-5/data/ratis/f400a951-9020-43f9-90a7-66fdb48dd05f has been successfully formatted.
2022-08-27 01:04:32,551 [pool-475-thread-1] INFO  ratis.ContainerStateMachine (ContainerStateMachine.java:loadSnapshot(236)) - group-66FDB48DD05F: The snapshot info is null. Setting the last applied indexto:(t:0, i:~)
2022-08-27 01:04:32,551 [pool-475-thread-1] INFO  server.RaftServerConfigKeys (ConfUtils.java:logGet(46)) - raft.server.notification.no-leader.timeout = 300s (custom)
2022-08-27 01:04:32,551 [pool-475-thread-1] INFO  server.RaftServerConfigKeys (ConfUtils.java:logGet(46)) - raft.server.log.use.memory = false (default)
2022-08-27 01:04:32,551 [pool-475-thread-1] INFO  server.RaftServerConfigKeys (ConfUtils.java:logGet(46)) - raft.server.log.purge.gap = 1000000 (custom)
2022-08-27 01:04:32,551 [pool-475-thread-1] INFO  server.RaftServerConfigKeys (ConfUtils.java:logGet(46)) - raft.server.log.appender.buffer.byte-limit = 33554432 (custom)
2022-08-27 01:04:32,551 [pool-475-thread-1] INFO  server.RaftServerConfigKeys (ConfUtils.java:logGet(46)) - raft.server.log.statemachine.data.read.timeout = 1000ms (default)
2022-08-27 01:04:32,551 [pool-475-thread-1] INFO  server.RaftServerConfigKeys (ConfUtils.java:logGet(46)) - raft.server.log.segment.size.max = 1048576 (custom)
2022-08-27 01:04:32,553 [pool-475-thread-1] INFO  server.RaftServerConfigKeys (ConfUtils.java:logGet(46)) - raft.server.log.segment.cache.num.max = 2 (custom)
2022-08-27 01:04:32,553 [pool-475-thread-1] INFO  server.RaftServerConfigKeys (ConfUtils.java:logGet(46)) - raft.server.log.segment.cache.size.max = 200MB (=209715200) (default)
2022-08-27 01:04:32,553 [pool-475-thread-1] INFO  segmented.SegmentedRaftLogWorker (SegmentedRaftLogWorker.java:<init>(187)) - new e05f913a-27b5-42aa-8e2a-9d0aa99964f1@group-66FDB48DD05F-SegmentedRaftLogWorker for RaftStorageImpl:Storage Directory /home/runner/work/ozone/ozone/hadoop-ozone/integration-test/target/test-dir/MiniOzoneClusterImpl-6c28598a-b70a-49df-9254-251c667aa325/datanode-5/data/ratis/f400a951-9020-43f9-90a7-66fdb48dd05f
2022-08-27 01:04:32,553 [pool-475-thread-1] INFO  server.RaftServerConfigKeys (ConfUtils.java:logGet(46)) - raft.server.log.queue.byte-limit = 4294967296 (custom)
2022-08-27 01:04:32,553 [pool-475-thread-1] INFO  server.RaftServerConfigKeys (ConfUtils.java:logGet(46)) - raft.server.log.queue.element-limit = 1024 (custom)
2022-08-27 01:04:32,553 [pool-475-thread-1] INFO  server.RaftServerConfigKeys (ConfUtils.java:logGet(46)) - raft.server.log.segment.size.max = 1048576 (custom)
2022-08-27 01:04:32,553 [pool-475-thread-1] INFO  server.RaftServerConfigKeys (ConfUtils.java:logGet(46)) - raft.server.log.preallocated.size = 16384 (custom)
2022-08-27 01:04:32,553 [pool-475-thread-1] INFO  server.RaftServerConfigKeys (ConfUtils.java:logGet(46)) - raft.server.log.force.sync.num = 128 (default)
2022-08-27 01:04:32,553 [pool-475-thread-1] INFO  server.RaftServerConfigKeys (ConfUtils.java:logGet(46)) - raft.server.log.statemachine.data.sync = true (default)
2022-08-27 01:04:32,553 [pool-475-thread-1] INFO  server.RaftServerConfigKeys (ConfUtils.java:logGet(46)) - raft.server.log.statemachine.data.sync.timeout = 10s (default)
2022-08-27 01:04:32,553 [pool-475-thread-1] INFO  server.RaftServerConfigKeys (ConfUtils.java:logGet(46)) - raft.server.log.statemachine.data.sync.timeout.retry = -1 (default)
2022-08-27 01:04:32,554 [pool-475-thread-1] INFO  server.RaftServerConfigKeys (ConfUtils.java:logGet(46)) - raft.server.log.write.buffer.size = 1048576 (custom)
2022-08-27 01:04:32,554 [pool-475-thread-1] INFO  server.RaftServerConfigKeys (ConfUtils.java:logGet(46)) - raft.server.log.unsafe-flush.enabled = false (default)
2022-08-27 01:04:32,554 [pool-475-thread-1] INFO  server.RaftServerConfigKeys (ConfUtils.java:logGet(46)) - raft.server.log.statemachine.data.caching.enabled = true (custom)
2022-08-27 01:04:32,554 [pool-475-thread-1] INFO  segmented.SegmentedRaftLogWorker (SegmentedRaftLogWorker.java:lambda$new$0(135)) - e05f913a-27b5-42aa-8e2a-9d0aa99964f1@group-66FDB48DD05F-SegmentedRaftLogWorker: flushIndex: setUnconditionally 0 -> -1
2022-08-27 01:04:32,555 [pool-475-thread-1] INFO  segmented.SegmentedRaftLogWorker (SegmentedRaftLogWorker.java:lambda$new$0(135)) - e05f913a-27b5-42aa-8e2a-9d0aa99964f1@group-66FDB48DD05F-SegmentedRaftLogWorker: safeCacheEvictIndex: setUnconditionally 0 -> -1
2022-08-27 01:04:32,556 [pool-475-thread-1] INFO  server.RaftServerConfigKeys (ConfUtils.java:logGet(46)) - raft.server.snapshot.auto.trigger.enabled = true (custom)
2022-08-27 01:04:32,556 [pool-475-thread-1] INFO  server.RaftServerConfigKeys (ConfUtils.java:logGet(46)) - raft.server.snapshot.auto.trigger.threshold = 10000 (custom)
2022-08-27 01:04:32,556 [pool-475-thread-1] INFO  server.RaftServerConfigKeys (ConfUtils.java:logGet(46)) - raft.server.snapshot.retention.file.num = 5 (custom)
2022-08-27 01:04:32,556 [pool-475-thread-1] INFO  server.RaftServerConfigKeys (ConfUtils.java:logGet(46)) - raft.server.log.purge.upto.snapshot.index = false (default)
2022-08-27 01:04:32,557 [pool-475-thread-1] INFO  server.RaftServerConfigKeys (ConfUtils.java:logGet(46)) - raft.server.retrycache.expirytime = 600000ms (custom)
2022-08-27 01:04:32,557 [pool-475-thread-1] INFO  server.RaftServerConfigKeys (ConfUtils.java:logGet(46)) - raft.server.retrycache.statistics.expirytime = 100μs (default)
2022-08-27 01:04:32,558 [pool-475-thread-1] INFO  server.RaftServerConfigKeys (ConfUtils.java:logGet(46)) - raft.server.log.appender.install.snapshot.enabled = false (custom)
2022-08-27 01:04:32,558 [pool-475-thread-1] INFO  server.RaftServerConfigKeys (ConfUtils.java:logGet(46)) - raft.server.threadpool.server.cached = true (default)
2022-08-27 01:04:32,558 [pool-475-thread-1] INFO  server.RaftServerConfigKeys (ConfUtils.java:logGet(46)) - raft.server.threadpool.server.size = 0 (default)
2022-08-27 01:04:32,558 [pool-475-thread-1] INFO  server.RaftServerConfigKeys (ConfUtils.java:logGet(46)) - raft.server.threadpool.client.cached = true (default)
2022-08-27 01:04:32,558 [pool-475-thread-1] INFO  server.RaftServerConfigKeys (ConfUtils.java:logGet(46)) - raft.server.threadpool.client.size = 0 (default)
2022-08-27 01:04:32,558 [pool-475-thread-1] INFO  server.RaftServer$Division (RaftServerImpl.java:start(310)) - e05f913a-27b5-42aa-8e2a-9d0aa99964f1@group-66FDB48DD05F: start as a follower, conf=-1: [d4784843-40d7-47a0-a720-93e541e68dac|rpc:10.1.1.170:39719|dataStream:|priority:0, e05f913a-27b5-42aa-8e2a-9d0aa99964f1|rpc:10.1.1.170:43287|dataStream:|priority:0, 0a62877e-9b7e-486c-aaaf-613dec44d4b9|rpc:10.1.1.170:41817|dataStream:|priority:1], old=null
2022-08-27 01:04:32,558 [pool-475-thread-1] INFO  server.RaftServer$Division (RaftServerImpl.java:setRole(299)) - e05f913a-27b5-42aa-8e2a-9d0aa99964f1@group-66FDB48DD05F: changes role from      null to FOLLOWER at term 0 for startAsFollower
2022-08-27 01:04:32,558 [pool-475-thread-1] INFO  impl.RoleInfo (RoleInfo.java:updateAndGet(139)) - e05f913a-27b5-42aa-8e2a-9d0aa99964f1: start e05f913a-27b5-42aa-8e2a-9d0aa99964f1@group-66FDB48DD05F-FollowerState
2022-08-27 01:04:32,560 [pool-475-thread-1] INFO  util.JmxRegister (JmxRegister.java:tryRegister(44)) - Successfully registered JMX Bean with object name Ratis:service=RaftServer,group=group-66FDB48DD05F,id=e05f913a-27b5-42aa-8e2a-9d0aa99964f1
2022-08-27 01:04:32,574 [grpc-default-executor-4] INFO  server.RaftServer (RaftServerProxy.java:addNew(96)) - d4784843-40d7-47a0-a720-93e541e68dac: addNew group-66FDB48DD05F:[d4784843-40d7-47a0-a720-93e541e68dac|rpc:10.1.1.170:39719|dataStream:|priority:0, e05f913a-27b5-42aa-8e2a-9d0aa99964f1|rpc:10.1.1.170:43287|dataStream:|priority:0, 0a62877e-9b7e-486c-aaaf-613dec44d4b9|rpc:10.1.1.170:41817|dataStream:|priority:1] returns group-66FDB48DD05F:java.util.concurrent.CompletableFuture@3188e99f[Not completed]
2022-08-27 01:04:32,574 [pool-448-thread-1] INFO  server.RaftServer$Division (RaftServerImpl.java:<init>(190)) - d4784843-40d7-47a0-a720-93e541e68dac: new RaftServerImpl for group-66FDB48DD05F:[d4784843-40d7-47a0-a720-93e541e68dac|rpc:10.1.1.170:39719|dataStream:|priority:0, e05f913a-27b5-42aa-8e2a-9d0aa99964f1|rpc:10.1.1.170:43287|dataStream:|priority:0, 0a62877e-9b7e-486c-aaaf-613dec44d4b9|rpc:10.1.1.170:41817|dataStream:|priority:1] with ContainerStateMachine:uninitialized
2022-08-27 01:04:32,575 [pool-448-thread-1] INFO  server.RaftServerConfigKeys (ConfUtils.java:logGet(46)) - raft.server.rpc.timeout.min = 5s (custom)
2022-08-27 01:04:32,575 [pool-448-thread-1] INFO  server.RaftServerConfigKeys (ConfUtils.java:logGet(46)) - raft.server.rpc.timeout.max = 5200ms (custom)
2022-08-27 01:04:32,575 [pool-448-thread-1] INFO  server.RaftServerConfigKeys (ConfUtils.java:logGet(46)) - raft.server.rpc.sleep.time = 25ms (default)
2022-08-27 01:04:32,575 [pool-448-thread-1] INFO  server.RaftServerConfigKeys (ConfUtils.java:logGet(46)) - raft.server.rpc.slowness.timeout = 300s (custom)
2022-08-27 01:04:32,575 [pool-448-thread-1] INFO  server.RaftServerConfigKeys (ConfUtils.java:logGet(46)) - raft.server.leaderelection.leader.step-down.wait-time = 10s (default)
2022-08-27 01:04:32,575 [pool-448-thread-1] INFO  server.RaftServerConfigKeys (ConfUtils.java:logGet(46)) - raft.server.sleep.deviation.threshold = 300ms (default)
2022-08-27 01:04:32,575 [pool-448-thread-1] INFO  server.RaftServer$Division (ServerState.java:<init>(107)) - d4784843-40d7-47a0-a720-93e541e68dac@group-66FDB48DD05F: ConfigurationManager, init=-1: [d4784843-40d7-47a0-a720-93e541e68dac|rpc:10.1.1.170:39719|dataStream:|priority:0, e05f913a-27b5-42aa-8e2a-9d0aa99964f1|rpc:10.1.1.170:43287|dataStream:|priority:0, 0a62877e-9b7e-486c-aaaf-613dec44d4b9|rpc:10.1.1.170:41817|dataStream:|priority:1], old=null, confs=<EMPTY_MAP>
2022-08-27 01:04:32,575 [pool-448-thread-1] INFO  server.RaftServerConfigKeys (ConfUtils.java:logGet(46)) - raft.server.storage.dir = [/home/runner/work/ozone/ozone/hadoop-ozone/integration-test/target/test-dir/MiniOzoneClusterImpl-6c28598a-b70a-49df-9254-251c667aa325/datanode-4/data/ratis] (custom)
2022-08-27 01:04:32,575 [pool-448-thread-1] INFO  server.RaftServerConfigKeys (ConfUtils.java:logGet(46)) - raft.server.log.corruption.policy = EXCEPTION (default)
2022-08-27 01:04:32,575 [pool-448-thread-1] INFO  server.RaftServerConfigKeys (ConfUtils.java:logGet(46)) - raft.server.storage.free-space.min = 0MB (=0) (default)
2022-08-27 01:04:32,575 [pool-448-thread-1] INFO  storage.RaftStorageDirectory (RaftStorageDirectoryImpl.java:analyzeStorage(135)) - The storage directory /home/runner/work/ozone/ozone/hadoop-ozone/integration-test/target/test-dir/MiniOzoneClusterImpl-6c28598a-b70a-49df-9254-251c667aa325/datanode-4/data/ratis/f400a951-9020-43f9-90a7-66fdb48dd05f does not exist. Creating ...
2022-08-27 01:04:32,576 [pool-448-thread-1] INFO  storage.RaftStorageDirectory (RaftStorageDirectoryImpl.java:tryLock(230)) - Lock on /home/runner/work/ozone/ozone/hadoop-ozone/integration-test/target/test-dir/MiniOzoneClusterImpl-6c28598a-b70a-49df-9254-251c667aa325/datanode-4/data/ratis/f400a951-9020-43f9-90a7-66fdb48dd05f/in_use.lock acquired by nodename 21368@fv-az41-820
2022-08-27 01:04:32,577 [pool-448-thread-1] INFO  storage.RaftStorage (RaftStorageImpl.java:format(89)) - Storage directory /home/runner/work/ozone/ozone/hadoop-ozone/integration-test/target/test-dir/MiniOzoneClusterImpl-6c28598a-b70a-49df-9254-251c667aa325/datanode-4/data/ratis/f400a951-9020-43f9-90a7-66fdb48dd05f has been successfully formatted.
2022-08-27 01:04:32,579 [pool-448-thread-1] INFO  ratis.ContainerStateMachine (ContainerStateMachine.java:loadSnapshot(236)) - group-66FDB48DD05F: The snapshot info is null. Setting the last applied indexto:(t:0, i:~)
2022-08-27 01:04:32,579 [pool-448-thread-1] INFO  server.RaftServerConfigKeys (ConfUtils.java:logGet(46)) - raft.server.notification.no-leader.timeout = 300s (custom)
2022-08-27 01:04:32,579 [pool-448-thread-1] INFO  server.RaftServerConfigKeys (ConfUtils.java:logGet(46)) - raft.server.log.use.memory = false (default)
2022-08-27 01:04:32,579 [pool-448-thread-1] INFO  server.RaftServerConfigKeys (ConfUtils.java:logGet(46)) - raft.server.log.purge.gap = 1000000 (custom)
2022-08-27 01:04:32,579 [pool-448-thread-1] INFO  server.RaftServerConfigKeys (ConfUtils.java:logGet(46)) - raft.server.log.appender.buffer.byte-limit = 33554432 (custom)
2022-08-27 01:04:32,579 [pool-448-thread-1] INFO  server.RaftServerConfigKeys (ConfUtils.java:logGet(46)) - raft.server.log.statemachine.data.read.timeout = 1000ms (default)
2022-08-27 01:04:32,580 [pool-448-thread-1] INFO  server.RaftServerConfigKeys (ConfUtils.java:logGet(46)) - raft.server.log.segment.size.max = 1048576 (custom)
2022-08-27 01:04:32,580 [pool-448-thread-1] INFO  server.RaftServerConfigKeys (ConfUtils.java:logGet(46)) - raft.server.log.segment.cache.num.max = 2 (custom)
2022-08-27 01:04:32,580 [pool-448-thread-1] INFO  server.RaftServerConfigKeys (ConfUtils.java:logGet(46)) - raft.server.log.segment.cache.size.max = 200MB (=209715200) (default)
2022-08-27 01:04:32,580 [pool-448-thread-1] INFO  segmented.SegmentedRaftLogWorker (SegmentedRaftLogWorker.java:<init>(187)) - new d4784843-40d7-47a0-a720-93e541e68dac@group-66FDB48DD05F-SegmentedRaftLogWorker for RaftStorageImpl:Storage Directory /home/runner/work/ozone/ozone/hadoop-ozone/integration-test/target/test-dir/MiniOzoneClusterImpl-6c28598a-b70a-49df-9254-251c667aa325/datanode-4/data/ratis/f400a951-9020-43f9-90a7-66fdb48dd05f
2022-08-27 01:04:32,580 [pool-448-thread-1] INFO  server.RaftServerConfigKeys (ConfUtils.java:logGet(46)) - raft.server.log.queue.byte-limit = 4294967296 (custom)
2022-08-27 01:04:32,580 [pool-448-thread-1] INFO  server.RaftServerConfigKeys (ConfUtils.java:logGet(46)) - raft.server.log.queue.element-limit = 1024 (custom)
2022-08-27 01:04:32,580 [pool-448-thread-1] INFO  server.RaftServerConfigKeys (ConfUtils.java:logGet(46)) - raft.server.log.segment.size.max = 1048576 (custom)
2022-08-27 01:04:32,580 [pool-448-thread-1] INFO  server.RaftServerConfigKeys (ConfUtils.java:logGet(46)) - raft.server.log.preallocated.size = 16384 (custom)
2022-08-27 01:04:32,580 [pool-448-thread-1] INFO  server.RaftServerConfigKeys (ConfUtils.java:logGet(46)) - raft.server.log.force.sync.num = 128 (default)
2022-08-27 01:04:32,581 [pool-448-thread-1] INFO  server.RaftServerConfigKeys (ConfUtils.java:logGet(46)) - raft.server.log.statemachine.data.sync = true (default)
2022-08-27 01:04:32,581 [pool-448-thread-1] INFO  server.RaftServerConfigKeys (ConfUtils.java:logGet(46)) - raft.server.log.statemachine.data.sync.timeout = 10s (default)
2022-08-27 01:04:32,581 [pool-448-thread-1] INFO  server.RaftServerConfigKeys (ConfUtils.java:logGet(46)) - raft.server.log.statemachine.data.sync.timeout.retry = -1 (default)
2022-08-27 01:04:32,582 [pool-448-thread-1] INFO  server.RaftServerConfigKeys (ConfUtils.java:logGet(46)) - raft.server.log.write.buffer.size = 1048576 (custom)
2022-08-27 01:04:32,583 [pool-448-thread-1] INFO  server.RaftServerConfigKeys (ConfUtils.java:logGet(46)) - raft.server.log.unsafe-flush.enabled = false (default)
2022-08-27 01:04:32,583 [pool-448-thread-1] INFO  server.RaftServerConfigKeys (ConfUtils.java:logGet(46)) - raft.server.log.statemachine.data.caching.enabled = true (custom)
2022-08-27 01:04:32,583 [pool-448-thread-1] INFO  segmented.SegmentedRaftLogWorker (SegmentedRaftLogWorker.java:lambda$new$0(135)) - d4784843-40d7-47a0-a720-93e541e68dac@group-66FDB48DD05F-SegmentedRaftLogWorker: flushIndex: setUnconditionally 0 -> -1
2022-08-27 01:04:32,583 [pool-448-thread-1] INFO  segmented.SegmentedRaftLogWorker (SegmentedRaftLogWorker.java:lambda$new$0(135)) - d4784843-40d7-47a0-a720-93e541e68dac@group-66FDB48DD05F-SegmentedRaftLogWorker: safeCacheEvictIndex: setUnconditionally 0 -> -1
2022-08-27 01:04:32,583 [pool-448-thread-1] INFO  server.RaftServerConfigKeys (ConfUtils.java:logGet(46)) - raft.server.snapshot.auto.trigger.enabled = true (custom)
2022-08-27 01:04:32,583 [pool-448-thread-1] INFO  server.RaftServerConfigKeys (ConfUtils.java:logGet(46)) - raft.server.snapshot.auto.trigger.threshold = 10000 (custom)
2022-08-27 01:04:32,583 [pool-448-thread-1] INFO  server.RaftServerConfigKeys (ConfUtils.java:logGet(46)) - raft.server.snapshot.retention.file.num = 5 (custom)
2022-08-27 01:04:32,583 [pool-448-thread-1] INFO  server.RaftServerConfigKeys (ConfUtils.java:logGet(46)) - raft.server.log.purge.upto.snapshot.index = false (default)
2022-08-27 01:04:32,583 [pool-448-thread-1] INFO  server.RaftServerConfigKeys (ConfUtils.java:logGet(46)) - raft.server.retrycache.expirytime = 600000ms (custom)
2022-08-27 01:04:32,583 [pool-448-thread-1] INFO  server.RaftServerConfigKeys (ConfUtils.java:logGet(46)) - raft.server.retrycache.statistics.expirytime = 100μs (default)
2022-08-27 01:04:32,584 [pool-448-thread-1] INFO  server.RaftServerConfigKeys (ConfUtils.java:logGet(46)) - raft.server.log.appender.install.snapshot.enabled = false (custom)
2022-08-27 01:04:32,584 [pool-448-thread-1] INFO  server.RaftServerConfigKeys (ConfUtils.java:logGet(46)) - raft.server.threadpool.server.cached = true (default)
2022-08-27 01:04:32,584 [pool-448-thread-1] INFO  server.RaftServerConfigKeys (ConfUtils.java:logGet(46)) - raft.server.threadpool.server.size = 0 (default)
2022-08-27 01:04:32,584 [pool-448-thread-1] INFO  server.RaftServerConfigKeys (ConfUtils.java:logGet(46)) - raft.server.threadpool.client.cached = true (default)
2022-08-27 01:04:32,584 [pool-448-thread-1] INFO  server.RaftServerConfigKeys (ConfUtils.java:logGet(46)) - raft.server.threadpool.client.size = 0 (default)
2022-08-27 01:04:32,584 [pool-448-thread-1] INFO  server.RaftServer$Division (RaftServerImpl.java:start(310)) - d4784843-40d7-47a0-a720-93e541e68dac@group-66FDB48DD05F: start as a follower, conf=-1: [d4784843-40d7-47a0-a720-93e541e68dac|rpc:10.1.1.170:39719|dataStream:|priority:0, e05f913a-27b5-42aa-8e2a-9d0aa99964f1|rpc:10.1.1.170:43287|dataStream:|priority:0, 0a62877e-9b7e-486c-aaaf-613dec44d4b9|rpc:10.1.1.170:41817|dataStream:|priority:1], old=null
2022-08-27 01:04:32,584 [pool-448-thread-1] INFO  server.RaftServer$Division (RaftServerImpl.java:setRole(299)) - d4784843-40d7-47a0-a720-93e541e68dac@group-66FDB48DD05F: changes role from      null to FOLLOWER at term 0 for startAsFollower
2022-08-27 01:04:32,584 [pool-448-thread-1] INFO  impl.RoleInfo (RoleInfo.java:updateAndGet(139)) - d4784843-40d7-47a0-a720-93e541e68dac: start d4784843-40d7-47a0-a720-93e541e68dac@group-66FDB48DD05F-FollowerState
2022-08-27 01:04:32,587 [pool-448-thread-1] INFO  util.JmxRegister (JmxRegister.java:tryRegister(44)) - Successfully registered JMX Bean with object name Ratis:service=RaftServer,group=group-66FDB48DD05F,id=d4784843-40d7-47a0-a720-93e541e68dac
2022-08-27 01:04:32,593 [Command processor thread] INFO  commandhandler.CreatePipelineCommandHandler (CreatePipelineCommandHandler.java:handle(113)) - Created Pipeline RATIS THREE PipelineID=f400a951-9020-43f9-90a7-66fdb48dd05f.
2022-08-27 01:04:32,644 [ReplicationMonitor] INFO  replication.ReplicationManager (ReplicationManager.java:processAll(255)) - Replication Manager is not ready to run until 3000ms after safemode exit
2022-08-27 01:04:32,808 [Command processor thread] INFO  server.RaftServer (RaftServerProxy.java:addNew(96)) - d4784843-40d7-47a0-a720-93e541e68dac: addNew group-EB80D12CB902:[d4784843-40d7-47a0-a720-93e541e68dac|rpc:10.1.1.170:39719|priority:1] returns group-EB80D12CB902:java.util.concurrent.CompletableFuture@c258a8c[Not completed]
2022-08-27 01:04:32,809 [pool-448-thread-1] INFO  server.RaftServer$Division (RaftServerImpl.java:<init>(190)) - d4784843-40d7-47a0-a720-93e541e68dac: new RaftServerImpl for group-EB80D12CB902:[d4784843-40d7-47a0-a720-93e541e68dac|rpc:10.1.1.170:39719|priority:1] with ContainerStateMachine:uninitialized
2022-08-27 01:04:32,809 [pool-448-thread-1] INFO  server.RaftServerConfigKeys (ConfUtils.java:logGet(46)) - raft.server.rpc.timeout.min = 5s (custom)
2022-08-27 01:04:32,809 [pool-448-thread-1] INFO  server.RaftServerConfigKeys (ConfUtils.java:logGet(46)) - raft.server.rpc.timeout.max = 5200ms (custom)
2022-08-27 01:04:32,809 [pool-448-thread-1] INFO  server.RaftServerConfigKeys (ConfUtils.java:logGet(46)) - raft.server.rpc.sleep.time = 25ms (default)
2022-08-27 01:04:32,809 [pool-448-thread-1] INFO  server.RaftServerConfigKeys (ConfUtils.java:logGet(46)) - raft.server.rpc.slowness.timeout = 300s (custom)
2022-08-27 01:04:32,809 [pool-448-thread-1] INFO  server.RaftServerConfigKeys (ConfUtils.java:logGet(46)) - raft.server.leaderelection.leader.step-down.wait-time = 10s (default)
2022-08-27 01:04:32,809 [pool-448-thread-1] INFO  server.RaftServerConfigKeys (ConfUtils.java:logGet(46)) - raft.server.sleep.deviation.threshold = 300ms (default)
2022-08-27 01:04:32,809 [pool-448-thread-1] INFO  server.RaftServer$Division (ServerState.java:<init>(107)) - d4784843-40d7-47a0-a720-93e541e68dac@group-EB80D12CB902: ConfigurationManager, init=-1: [d4784843-40d7-47a0-a720-93e541e68dac|rpc:10.1.1.170:39719|priority:1], old=null, confs=<EMPTY_MAP>
2022-08-27 01:04:32,809 [pool-448-thread-1] INFO  server.RaftServerConfigKeys (ConfUtils.java:logGet(46)) - raft.server.storage.dir = [/home/runner/work/ozone/ozone/hadoop-ozone/integration-test/target/test-dir/MiniOzoneClusterImpl-6c28598a-b70a-49df-9254-251c667aa325/datanode-4/data/ratis] (custom)
2022-08-27 01:04:32,809 [pool-448-thread-1] INFO  server.RaftServerConfigKeys (ConfUtils.java:logGet(46)) - raft.server.log.corruption.policy = EXCEPTION (default)
2022-08-27 01:04:32,810 [pool-448-thread-1] INFO  server.RaftServerConfigKeys (ConfUtils.java:logGet(46)) - raft.server.storage.free-space.min = 0MB (=0) (default)
2022-08-27 01:04:32,810 [pool-448-thread-1] INFO  storage.RaftStorageDirectory (RaftStorageDirectoryImpl.java:analyzeStorage(135)) - The storage directory /home/runner/work/ozone/ozone/hadoop-ozone/integration-test/target/test-dir/MiniOzoneClusterImpl-6c28598a-b70a-49df-9254-251c667aa325/datanode-4/data/ratis/051e4f3c-ef5a-479c-9962-eb80d12cb902 does not exist. Creating ...
2022-08-27 01:04:32,810 [pool-448-thread-1] INFO  storage.RaftStorageDirectory (RaftStorageDirectoryImpl.java:tryLock(230)) - Lock on /home/runner/work/ozone/ozone/hadoop-ozone/integration-test/target/test-dir/MiniOzoneClusterImpl-6c28598a-b70a-49df-9254-251c667aa325/datanode-4/data/ratis/051e4f3c-ef5a-479c-9962-eb80d12cb902/in_use.lock acquired by nodename 21368@fv-az41-820
2022-08-27 01:04:32,812 [pool-448-thread-1] INFO  storage.RaftStorage (RaftStorageImpl.java:format(89)) - Storage directory /home/runner/work/ozone/ozone/hadoop-ozone/integration-test/target/test-dir/MiniOzoneClusterImpl-6c28598a-b70a-49df-9254-251c667aa325/datanode-4/data/ratis/051e4f3c-ef5a-479c-9962-eb80d12cb902 has been successfully formatted.
2022-08-27 01:04:32,814 [EventQueue-OpenPipelineForHealthyPipelineSafeModeRule] INFO  safemode.SCMSafeModeManager (HealthyPipelineSafeModeRule.java:process(137)) - SCM in safe mode. Healthy pipelines reported count is 0, required healthy pipeline reported count is 1
2022-08-27 01:04:32,814 [EventQueue-PipelineReportForPipelineReportHandler] INFO  pipeline.PipelineManagerImpl (PipelineManagerImpl.java:openPipeline(367)) - Pipeline Pipeline[ Id: 051e4f3c-ef5a-479c-9962-eb80d12cb902, Nodes: d4784843-40d7-47a0-a720-93e541e68dac{ip: 10.1.1.170, host: fv-az41-820.zje5jq5y5x4uznwvdkgxk4wc2h.cx.internal.cloudapp.net, ports: [REPLICATION=42923, RATIS=39719, RATIS_ADMIN=39719, RATIS_SERVER=39719, STANDALONE=45613], networkLocation: /default-rack, certSerialId: null, persistedOpState: IN_SERVICE, persistedOpStateExpiryEpochSec: 0}, ReplicationConfig: RATIS/ONE, State:ALLOCATED, leaderId:d4784843-40d7-47a0-a720-93e541e68dac, CreationTimestamp2022-08-27T01:04:29.810Z[Etc/UTC]] moved to OPEN state
2022-08-27 01:04:32,815 [EventQueue-OpenPipelineForHealthyPipelineSafeModeRule] INFO  safemode.SCMSafeModeManager (HealthyPipelineSafeModeRule.java:process(137)) - SCM in safe mode. Healthy pipelines reported count is 0, required healthy pipeline reported count is 1
2022-08-27 01:04:32,815 [pool-448-thread-1] INFO  ratis.ContainerStateMachine (ContainerStateMachine.java:loadSnapshot(236)) - group-EB80D12CB902: The snapshot info is null. Setting the last applied indexto:(t:0, i:~)
2022-08-27 01:04:32,815 [pool-448-thread-1] INFO  server.RaftServerConfigKeys (ConfUtils.java:logGet(46)) - raft.server.notification.no-leader.timeout = 300s (custom)
2022-08-27 01:04:32,815 [pool-448-thread-1] INFO  server.RaftServerConfigKeys (ConfUtils.java:logGet(46)) - raft.server.log.use.memory = false (default)
2022-08-27 01:04:32,815 [pool-448-thread-1] INFO  server.RaftServerConfigKeys (ConfUtils.java:logGet(46)) - raft.server.log.purge.gap = 1000000 (custom)
2022-08-27 01:04:32,815 [pool-448-thread-1] INFO  server.RaftServerConfigKeys (ConfUtils.java:logGet(46)) - raft.server.log.appender.buffer.byte-limit = 33554432 (custom)
2022-08-27 01:04:32,815 [pool-448-thread-1] INFO  server.RaftServerConfigKeys (ConfUtils.java:logGet(46)) - raft.server.log.statemachine.data.read.timeout = 1000ms (default)
2022-08-27 01:04:32,815 [pool-448-thread-1] INFO  server.RaftServerConfigKeys (ConfUtils.java:logGet(46)) - raft.server.log.segment.size.max = 1048576 (custom)
2022-08-27 01:04:32,816 [pool-448-thread-1] INFO  server.RaftServerConfigKeys (ConfUtils.java:logGet(46)) - raft.server.log.segment.cache.num.max = 2 (custom)
2022-08-27 01:04:32,816 [pool-448-thread-1] INFO  server.RaftServerConfigKeys (ConfUtils.java:logGet(46)) - raft.server.log.segment.cache.size.max = 200MB (=209715200) (default)
2022-08-27 01:04:32,816 [pool-448-thread-1] INFO  segmented.SegmentedRaftLogWorker (SegmentedRaftLogWorker.java:<init>(187)) - new d4784843-40d7-47a0-a720-93e541e68dac@group-EB80D12CB902-SegmentedRaftLogWorker for RaftStorageImpl:Storage Directory /home/runner/work/ozone/ozone/hadoop-ozone/integration-test/target/test-dir/MiniOzoneClusterImpl-6c28598a-b70a-49df-9254-251c667aa325/datanode-4/data/ratis/051e4f3c-ef5a-479c-9962-eb80d12cb902
2022-08-27 01:04:32,816 [pool-448-thread-1] INFO  server.RaftServerConfigKeys (ConfUtils.java:logGet(46)) - raft.server.log.queue.byte-limit = 4294967296 (custom)
2022-08-27 01:04:32,816 [pool-448-thread-1] INFO  server.RaftServerConfigKeys (ConfUtils.java:logGet(46)) - raft.server.log.queue.element-limit = 1024 (custom)
2022-08-27 01:04:32,816 [pool-448-thread-1] INFO  server.RaftServerConfigKeys (ConfUtils.java:logGet(46)) - raft.server.log.segment.size.max = 1048576 (custom)
2022-08-27 01:04:32,816 [pool-448-thread-1] INFO  server.RaftServerConfigKeys (ConfUtils.java:logGet(46)) - raft.server.log.preallocated.size = 16384 (custom)
2022-08-27 01:04:32,816 [pool-448-thread-1] INFO  server.RaftServerConfigKeys (ConfUtils.java:logGet(46)) - raft.server.log.force.sync.num = 128 (default)
2022-08-27 01:04:32,816 [pool-448-thread-1] INFO  server.RaftServerConfigKeys (ConfUtils.java:logGet(46)) - raft.server.log.statemachine.data.sync = true (default)
2022-08-27 01:04:32,816 [pool-448-thread-1] INFO  server.RaftServerConfigKeys (ConfUtils.java:logGet(46)) - raft.server.log.statemachine.data.sync.timeout = 10s (default)
2022-08-27 01:04:32,817 [pool-448-thread-1] INFO  server.RaftServerConfigKeys (ConfUtils.java:logGet(46)) - raft.server.log.statemachine.data.sync.timeout.retry = -1 (default)
2022-08-27 01:04:32,818 [pool-448-thread-1] INFO  server.RaftServerConfigKeys (ConfUtils.java:logGet(46)) - raft.server.log.write.buffer.size = 1048576 (custom)
2022-08-27 01:04:32,819 [pool-448-thread-1] INFO  server.RaftServerConfigKeys (ConfUtils.java:logGet(46)) - raft.server.log.unsafe-flush.enabled = false (default)
2022-08-27 01:04:32,819 [pool-448-thread-1] INFO  server.RaftServerConfigKeys (ConfUtils.java:logGet(46)) - raft.server.log.statemachine.data.caching.enabled = true (custom)
2022-08-27 01:04:32,819 [pool-448-thread-1] INFO  segmented.SegmentedRaftLogWorker (SegmentedRaftLogWorker.java:lambda$new$0(135)) - d4784843-40d7-47a0-a720-93e541e68dac@group-EB80D12CB902-SegmentedRaftLogWorker: flushIndex: setUnconditionally 0 -> -1
2022-08-27 01:04:32,819 [pool-448-thread-1] INFO  segmented.SegmentedRaftLogWorker (SegmentedRaftLogWorker.java:lambda$new$0(135)) - d4784843-40d7-47a0-a720-93e541e68dac@group-EB80D12CB902-SegmentedRaftLogWorker: safeCacheEvictIndex: setUnconditionally 0 -> -1
2022-08-27 01:04:32,819 [pool-448-thread-1] INFO  server.RaftServerConfigKeys (ConfUtils.java:logGet(46)) - raft.server.snapshot.auto.trigger.enabled = true (custom)
2022-08-27 01:04:32,819 [pool-448-thread-1] INFO  server.RaftServerConfigKeys (ConfUtils.java:logGet(46)) - raft.server.snapshot.auto.trigger.threshold = 10000 (custom)
2022-08-27 01:04:32,819 [pool-448-thread-1] INFO  server.RaftServerConfigKeys (ConfUtils.java:logGet(46)) - raft.server.snapshot.retention.file.num = 5 (custom)
2022-08-27 01:04:32,819 [pool-448-thread-1] INFO  server.RaftServerConfigKeys (ConfUtils.java:logGet(46)) - raft.server.log.purge.upto.snapshot.index = false (default)
2022-08-27 01:04:32,819 [pool-448-thread-1] INFO  server.RaftServerConfigKeys (ConfUtils.java:logGet(46)) - raft.server.retrycache.expirytime = 600000ms (custom)
2022-08-27 01:04:32,819 [pool-448-thread-1] INFO  server.RaftServerConfigKeys (ConfUtils.java:logGet(46)) - raft.server.retrycache.statistics.expirytime = 100μs (default)
2022-08-27 01:04:32,821 [pool-448-thread-1] INFO  server.RaftServerConfigKeys (ConfUtils.java:logGet(46)) - raft.server.log.appender.install.snapshot.enabled = false (custom)
2022-08-27 01:04:32,821 [pool-448-thread-1] INFO  server.RaftServerConfigKeys (ConfUtils.java:logGet(46)) - raft.server.threadpool.server.cached = true (default)
2022-08-27 01:04:32,821 [pool-448-thread-1] INFO  server.RaftServerConfigKeys (ConfUtils.java:logGet(46)) - raft.server.threadpool.server.size = 0 (default)
2022-08-27 01:04:32,821 [pool-448-thread-1] INFO  server.RaftServerConfigKeys (ConfUtils.java:logGet(46)) - raft.server.threadpool.client.cached = true (default)
2022-08-27 01:04:32,821 [pool-448-thread-1] INFO  server.RaftServerConfigKeys (ConfUtils.java:logGet(46)) - raft.server.threadpool.client.size = 0 (default)
2022-08-27 01:04:32,821 [pool-448-thread-1] INFO  server.RaftServer$Division (RaftServerImpl.java:start(310)) - d4784843-40d7-47a0-a720-93e541e68dac@group-EB80D12CB902: start as a follower, conf=-1: [d4784843-40d7-47a0-a720-93e541e68dac|rpc:10.1.1.170:39719|priority:1], old=null
2022-08-27 01:04:32,821 [pool-448-thread-1] INFO  server.RaftServer$Division (RaftServerImpl.java:setRole(299)) - d4784843-40d7-47a0-a720-93e541e68dac@group-EB80D12CB902: changes role from      null to FOLLOWER at term 0 for startAsFollower
2022-08-27 01:04:32,821 [pool-448-thread-1] INFO  impl.RoleInfo (RoleInfo.java:updateAndGet(139)) - d4784843-40d7-47a0-a720-93e541e68dac: start d4784843-40d7-47a0-a720-93e541e68dac@group-EB80D12CB902-FollowerState
2022-08-27 01:04:32,821 [pool-448-thread-1] INFO  util.JmxRegister (JmxRegister.java:tryRegister(44)) - Successfully registered JMX Bean with object name Ratis:service=RaftServer,group=group-EB80D12CB902,id=d4784843-40d7-47a0-a720-93e541e68dac
2022-08-27 01:04:32,822 [Command processor thread] INFO  ratis.XceiverServerRatis (XceiverServerRatis.java:addGroup(765)) - Created group PipelineID=051e4f3c-ef5a-479c-9962-eb80d12cb902
2022-08-27 01:04:32,822 [Command processor thread] INFO  commandhandler.CreatePipelineCommandHandler (CreatePipelineCommandHandler.java:handle(113)) - Created Pipeline RATIS ONE PipelineID=051e4f3c-ef5a-479c-9962-eb80d12cb902.
2022-08-27 01:04:33,093 [Command processor thread] INFO  server.RaftServer (RaftServerProxy.java:addNew(96)) - e05f913a-27b5-42aa-8e2a-9d0aa99964f1: addNew group-0EE6415804C9:[e05f913a-27b5-42aa-8e2a-9d0aa99964f1|rpc:10.1.1.170:43287|priority:1] returns group-0EE6415804C9:java.util.concurrent.CompletableFuture@3d81d82c[Not completed]
2022-08-27 01:04:33,094 [pool-475-thread-1] INFO  server.RaftServer$Division (RaftServerImpl.java:<init>(190)) - e05f913a-27b5-42aa-8e2a-9d0aa99964f1: new RaftServerImpl for group-0EE6415804C9:[e05f913a-27b5-42aa-8e2a-9d0aa99964f1|rpc:10.1.1.170:43287|priority:1] with ContainerStateMachine:uninitialized
2022-08-27 01:04:33,094 [pool-475-thread-1] INFO  server.RaftServerConfigKeys (ConfUtils.java:logGet(46)) - raft.server.rpc.timeout.min = 5s (custom)
2022-08-27 01:04:33,094 [pool-475-thread-1] INFO  server.RaftServerConfigKeys (ConfUtils.java:logGet(46)) - raft.server.rpc.timeout.max = 5200ms (custom)
2022-08-27 01:04:33,094 [pool-475-thread-1] INFO  server.RaftServerConfigKeys (ConfUtils.java:logGet(46)) - raft.server.rpc.sleep.time = 25ms (default)
2022-08-27 01:04:33,094 [pool-475-thread-1] INFO  server.RaftServerConfigKeys (ConfUtils.java:logGet(46)) - raft.server.rpc.slowness.timeout = 300s (custom)
2022-08-27 01:04:33,094 [pool-475-thread-1] INFO  server.RaftServerConfigKeys (ConfUtils.java:logGet(46)) - raft.server.leaderelection.leader.step-down.wait-time = 10s (default)
2022-08-27 01:04:33,094 [pool-475-thread-1] INFO  server.RaftServerConfigKeys (ConfUtils.java:logGet(46)) - raft.server.sleep.deviation.threshold = 300ms (default)
2022-08-27 01:04:33,094 [pool-475-thread-1] INFO  server.RaftServer$Division (ServerState.java:<init>(107)) - e05f913a-27b5-42aa-8e2a-9d0aa99964f1@group-0EE6415804C9: ConfigurationManager, init=-1: [e05f913a-27b5-42aa-8e2a-9d0aa99964f1|rpc:10.1.1.170:43287|priority:1], old=null, confs=<EMPTY_MAP>
2022-08-27 01:04:33,094 [pool-475-thread-1] INFO  server.RaftServerConfigKeys (ConfUtils.java:logGet(46)) - raft.server.storage.dir = [/home/runner/work/ozone/ozone/hadoop-ozone/integration-test/target/test-dir/MiniOzoneClusterImpl-6c28598a-b70a-49df-9254-251c667aa325/datanode-5/data/ratis] (custom)
2022-08-27 01:04:33,094 [pool-475-thread-1] INFO  server.RaftServerConfigKeys (ConfUtils.java:logGet(46)) - raft.server.log.corruption.policy = EXCEPTION (default)
2022-08-27 01:04:33,094 [pool-475-thread-1] INFO  server.RaftServerConfigKeys (ConfUtils.java:logGet(46)) - raft.server.storage.free-space.min = 0MB (=0) (default)
2022-08-27 01:04:33,094 [pool-475-thread-1] INFO  storage.RaftStorageDirectory (RaftStorageDirectoryImpl.java:analyzeStorage(135)) - The storage directory /home/runner/work/ozone/ozone/hadoop-ozone/integration-test/target/test-dir/MiniOzoneClusterImpl-6c28598a-b70a-49df-9254-251c667aa325/datanode-5/data/ratis/f0fc5db9-56fc-400c-9a6b-0ee6415804c9 does not exist. Creating ...
2022-08-27 01:04:33,095 [Listener at 127.0.0.1/46359] INFO  ozone.MiniOzoneClusterImpl (MiniOzoneClusterImpl.java:lambda$waitForClusterToBeReady$0(216)) - Nodes are ready. Got 6 of 6 DN Heartbeats.
2022-08-27 01:04:33,095 [Listener at 127.0.0.1/46359] INFO  ozone.MiniOzoneClusterImpl (MiniOzoneClusterImpl.java:lambda$waitForClusterToBeReady$0(219)) - Waiting for cluster to exit safe mode
2022-08-27 01:04:33,095 [Listener at 127.0.0.1/46359] INFO  ozone.MiniOzoneClusterImpl (MiniOzoneClusterImpl.java:lambda$waitForClusterToBeReady$0(221)) - SCM became leader
2022-08-27 01:04:33,095 [pool-475-thread-1] INFO  storage.RaftStorageDirectory (RaftStorageDirectoryImpl.java:tryLock(230)) - Lock on /home/runner/work/ozone/ozone/hadoop-ozone/integration-test/target/test-dir/MiniOzoneClusterImpl-6c28598a-b70a-49df-9254-251c667aa325/datanode-5/data/ratis/f0fc5db9-56fc-400c-9a6b-0ee6415804c9/in_use.lock acquired by nodename 21368@fv-az41-820
2022-08-27 01:04:33,096 [pool-475-thread-1] INFO  storage.RaftStorage (RaftStorageImpl.java:format(89)) - Storage directory /home/runner/work/ozone/ozone/hadoop-ozone/integration-test/target/test-dir/MiniOzoneClusterImpl-6c28598a-b70a-49df-9254-251c667aa325/datanode-5/data/ratis/f0fc5db9-56fc-400c-9a6b-0ee6415804c9 has been successfully formatted.
2022-08-27 01:04:33,096 [pool-475-thread-1] INFO  ratis.ContainerStateMachine (ContainerStateMachine.java:loadSnapshot(236)) - group-0EE6415804C9: The snapshot info is null. Setting the last applied indexto:(t:0, i:~)
2022-08-27 01:04:33,097 [pool-475-thread-1] INFO  server.RaftServerConfigKeys (ConfUtils.java:logGet(46)) - raft.server.notification.no-leader.timeout = 300s (custom)
2022-08-27 01:04:33,097 [pool-475-thread-1] INFO  server.RaftServerConfigKeys (ConfUtils.java:logGet(46)) - raft.server.log.use.memory = false (default)
2022-08-27 01:04:33,097 [pool-475-thread-1] INFO  server.RaftServerConfigKeys (ConfUtils.java:logGet(46)) - raft.server.log.purge.gap = 1000000 (custom)
2022-08-27 01:04:33,097 [pool-475-thread-1] INFO  server.RaftServerConfigKeys (ConfUtils.java:logGet(46)) - raft.server.log.appender.buffer.byte-limit = 33554432 (custom)
2022-08-27 01:04:33,097 [pool-475-thread-1] INFO  server.RaftServerConfigKeys (ConfUtils.java:logGet(46)) - raft.server.log.statemachine.data.read.timeout = 1000ms (default)
2022-08-27 01:04:33,097 [pool-475-thread-1] INFO  server.RaftServerConfigKeys (ConfUtils.java:logGet(46)) - raft.server.log.segment.size.max = 1048576 (custom)
2022-08-27 01:04:33,097 [EventQueue-PipelineReportForPipelineReportHandler] INFO  pipeline.PipelineManagerImpl (PipelineManagerImpl.java:openPipeline(367)) - Pipeline Pipeline[ Id: f0fc5db9-56fc-400c-9a6b-0ee6415804c9, Nodes: e05f913a-27b5-42aa-8e2a-9d0aa99964f1{ip: 10.1.1.170, host: fv-az41-820.zje5jq5y5x4uznwvdkgxk4wc2h.cx.internal.cloudapp.net, ports: [REPLICATION=43203, RATIS=43287, RATIS_ADMIN=43287, RATIS_SERVER=43287, STANDALONE=46017], networkLocation: /default-rack, certSerialId: null, persistedOpState: IN_SERVICE, persistedOpStateExpiryEpochSec: 0}, ReplicationConfig: RATIS/ONE, State:ALLOCATED, leaderId:e05f913a-27b5-42aa-8e2a-9d0aa99964f1, CreationTimestamp2022-08-27T01:04:30.094Z[Etc/UTC]] moved to OPEN state
2022-08-27 01:04:33,102 [pool-475-thread-1] INFO  server.RaftServerConfigKeys (ConfUtils.java:logGet(46)) - raft.server.log.segment.cache.num.max = 2 (custom)
2022-08-27 01:04:33,102 [pool-475-thread-1] INFO  server.RaftServerConfigKeys (ConfUtils.java:logGet(46)) - raft.server.log.segment.cache.size.max = 200MB (=209715200) (default)
2022-08-27 01:04:33,102 [pool-475-thread-1] INFO  segmented.SegmentedRaftLogWorker (SegmentedRaftLogWorker.java:<init>(187)) - new e05f913a-27b5-42aa-8e2a-9d0aa99964f1@group-0EE6415804C9-SegmentedRaftLogWorker for RaftStorageImpl:Storage Directory /home/runner/work/ozone/ozone/hadoop-ozone/integration-test/target/test-dir/MiniOzoneClusterImpl-6c28598a-b70a-49df-9254-251c667aa325/datanode-5/data/ratis/f0fc5db9-56fc-400c-9a6b-0ee6415804c9
2022-08-27 01:04:33,102 [pool-475-thread-1] INFO  server.RaftServerConfigKeys (ConfUtils.java:logGet(46)) - raft.server.log.queue.byte-limit = 4294967296 (custom)
2022-08-27 01:04:33,102 [pool-475-thread-1] INFO  server.RaftServerConfigKeys (ConfUtils.java:logGet(46)) - raft.server.log.queue.element-limit = 1024 (custom)
2022-08-27 01:04:33,102 [pool-475-thread-1] INFO  server.RaftServerConfigKeys (ConfUtils.java:logGet(46)) - raft.server.log.segment.size.max = 1048576 (custom)
2022-08-27 01:04:33,102 [pool-475-thread-1] INFO  server.RaftServerConfigKeys (ConfUtils.java:logGet(46)) - raft.server.log.preallocated.size = 16384 (custom)
2022-08-27 01:04:33,102 [pool-475-thread-1] INFO  server.RaftServerConfigKeys (ConfUtils.java:logGet(46)) - raft.server.log.force.sync.num = 128 (default)
2022-08-27 01:04:33,102 [pool-475-thread-1] INFO  server.RaftServerConfigKeys (ConfUtils.java:logGet(46)) - raft.server.log.statemachine.data.sync = true (default)
2022-08-27 01:04:33,102 [pool-475-thread-1] INFO  server.RaftServerConfigKeys (ConfUtils.java:logGet(46)) - raft.server.log.statemachine.data.sync.timeout = 10s (default)
2022-08-27 01:04:33,102 [pool-475-thread-1] INFO  server.RaftServerConfigKeys (ConfUtils.java:logGet(46)) - raft.server.log.statemachine.data.sync.timeout.retry = -1 (default)
2022-08-27 01:04:33,103 [pool-475-thread-1] INFO  server.RaftServerConfigKeys (ConfUtils.java:logGet(46)) - raft.server.log.write.buffer.size = 1048576 (custom)
2022-08-27 01:04:33,103 [pool-475-thread-1] INFO  server.RaftServerConfigKeys (ConfUtils.java:logGet(46)) - raft.server.log.unsafe-flush.enabled = false (default)
2022-08-27 01:04:33,103 [pool-475-thread-1] INFO  server.RaftServerConfigKeys (ConfUtils.java:logGet(46)) - raft.server.log.statemachine.data.caching.enabled = true (custom)
2022-08-27 01:04:33,104 [pool-475-thread-1] INFO  segmented.SegmentedRaftLogWorker (SegmentedRaftLogWorker.java:lambda$new$0(135)) - e05f913a-27b5-42aa-8e2a-9d0aa99964f1@group-0EE6415804C9-SegmentedRaftLogWorker: flushIndex: setUnconditionally 0 -> -1
2022-08-27 01:04:33,104 [pool-475-thread-1] INFO  segmented.SegmentedRaftLogWorker (SegmentedRaftLogWorker.java:lambda$new$0(135)) - e05f913a-27b5-42aa-8e2a-9d0aa99964f1@group-0EE6415804C9-SegmentedRaftLogWorker: safeCacheEvictIndex: setUnconditionally 0 -> -1
2022-08-27 01:04:33,104 [pool-475-thread-1] INFO  server.RaftServerConfigKeys (ConfUtils.java:logGet(46)) - raft.server.snapshot.auto.trigger.enabled = true (custom)
2022-08-27 01:04:33,104 [pool-475-thread-1] INFO  server.RaftServerConfigKeys (ConfUtils.java:logGet(46)) - raft.server.snapshot.auto.trigger.threshold = 10000 (custom)
2022-08-27 01:04:33,104 [pool-475-thread-1] INFO  server.RaftServerConfigKeys (ConfUtils.java:logGet(46)) - raft.server.snapshot.retention.file.num = 5 (custom)
2022-08-27 01:04:33,104 [pool-475-thread-1] INFO  server.RaftServerConfigKeys (ConfUtils.java:logGet(46)) - raft.server.log.purge.upto.snapshot.index = false (default)
2022-08-27 01:04:33,104 [pool-475-thread-1] INFO  server.RaftServerConfigKeys (ConfUtils.java:logGet(46)) - raft.server.retrycache.expirytime = 600000ms (custom)
2022-08-27 01:04:33,104 [pool-475-thread-1] INFO  server.RaftServerConfigKeys (ConfUtils.java:logGet(46)) - raft.server.retrycache.statistics.expirytime = 100μs (default)
2022-08-27 01:04:33,105 [pool-475-thread-1] INFO  server.RaftServerConfigKeys (ConfUtils.java:logGet(46)) - raft.server.log.appender.install.snapshot.enabled = false (custom)
2022-08-27 01:04:33,105 [pool-475-thread-1] INFO  server.RaftServerConfigKeys (ConfUtils.java:logGet(46)) - raft.server.threadpool.server.cached = true (default)
2022-08-27 01:04:33,105 [pool-475-thread-1] INFO  server.RaftServerConfigKeys (ConfUtils.java:logGet(46)) - raft.server.threadpool.server.size = 0 (default)
2022-08-27 01:04:33,105 [pool-475-thread-1] INFO  server.RaftServerConfigKeys (ConfUtils.java:logGet(46)) - raft.server.threadpool.client.cached = true (default)
2022-08-27 01:04:33,105 [pool-475-thread-1] INFO  server.RaftServerConfigKeys (ConfUtils.java:logGet(46)) - raft.server.threadpool.client.size = 0 (default)
2022-08-27 01:04:33,105 [pool-475-thread-1] INFO  server.RaftServer$Division (RaftServerImpl.java:start(310)) - e05f913a-27b5-42aa-8e2a-9d0aa99964f1@group-0EE6415804C9: start as a follower, conf=-1: [e05f913a-27b5-42aa-8e2a-9d0aa99964f1|rpc:10.1.1.170:43287|priority:1], old=null
2022-08-27 01:04:33,105 [pool-475-thread-1] INFO  server.RaftServer$Division (RaftServerImpl.java:setRole(299)) - e05f913a-27b5-42aa-8e2a-9d0aa99964f1@group-0EE6415804C9: changes role from      null to FOLLOWER at term 0 for startAsFollower
2022-08-27 01:04:33,105 [pool-475-thread-1] INFO  impl.RoleInfo (RoleInfo.java:updateAndGet(139)) - e05f913a-27b5-42aa-8e2a-9d0aa99964f1: start e05f913a-27b5-42aa-8e2a-9d0aa99964f1@group-0EE6415804C9-FollowerState
2022-08-27 01:04:33,106 [EventQueue-OpenPipelineForHealthyPipelineSafeModeRule] INFO  safemode.SCMSafeModeManager (HealthyPipelineSafeModeRule.java:process(137)) - SCM in safe mode. Healthy pipelines reported count is 0, required healthy pipeline reported count is 1
2022-08-27 01:04:33,106 [pool-475-thread-1] INFO  util.JmxRegister (JmxRegister.java:tryRegister(44)) - Successfully registered JMX Bean with object name Ratis:service=RaftServer,group=group-0EE6415804C9,id=e05f913a-27b5-42aa-8e2a-9d0aa99964f1
2022-08-27 01:04:33,109 [Command processor thread] INFO  ratis.XceiverServerRatis (XceiverServerRatis.java:addGroup(765)) - Created group PipelineID=f0fc5db9-56fc-400c-9a6b-0ee6415804c9
2022-08-27 01:04:33,109 [Command processor thread] INFO  commandhandler.CreatePipelineCommandHandler (CreatePipelineCommandHandler.java:handle(113)) - Created Pipeline RATIS ONE PipelineID=f0fc5db9-56fc-400c-9a6b-0ee6415804c9.
2022-08-27 01:04:33,167 [EventQueue-OpenPipelineForHealthyPipelineSafeModeRule] INFO  safemode.SCMSafeModeManager (HealthyPipelineSafeModeRule.java:process(137)) - SCM in safe mode. Healthy pipelines reported count is 0, required healthy pipeline reported count is 1
2022-08-27 01:04:33,270 [ReplicationMonitor] INFO  replication.ReplicationManager (ReplicationManager.java:processAll(293)) - Replication Monitor Thread took 1 milliseconds for processing 3 containers.
2022-08-27 01:04:33,522 [EventQueue-OpenPipelineForHealthyPipelineSafeModeRule] INFO  safemode.SCMSafeModeManager (HealthyPipelineSafeModeRule.java:process(137)) - SCM in safe mode. Healthy pipelines reported count is 0, required healthy pipeline reported count is 1
2022-08-27 01:04:33,530 [EventQueue-StaleNodeForStaleNodeHandler] INFO  node.StaleNodeHandler (StaleNodeHandler.java:onMessage(59)) - Datanode dfcf168e-5082-4f01-a2db-1567ea82e82e{ip: 10.1.1.170, host: fv-az41-820.zje5jq5y5x4uznwvdkgxk4wc2h.cx.internal.cloudapp.net, ports: [REPLICATION=32809, RATIS=43507, RATIS_ADMIN=43507, RATIS_SERVER=43507, STANDALONE=44991], networkLocation: /default-rack, certSerialId: null, persistedOpState: DECOMMISSIONING, persistedOpStateExpiryEpochSec: 0} moved to stale state. Finalizing its pipelines []
2022-08-27 01:04:33,644 [ReplicationMonitor] INFO  replication.ReplicationManager (ReplicationManager.java:processAll(255)) - Replication Manager is not ready to run until 3000ms after safemode exit
2022-08-27 01:04:33,813 [EventQueue-OpenPipelineForHealthyPipelineSafeModeRule] INFO  safemode.SCMSafeModeManager (HealthyPipelineSafeModeRule.java:process(137)) - SCM in safe mode. Healthy pipelines reported count is 0, required healthy pipeline reported count is 1
2022-08-27 01:04:34,095 [Listener at 127.0.0.1/46359] INFO  ozone.MiniOzoneClusterImpl (MiniOzoneClusterImpl.java:lambda$waitForClusterToBeReady$0(216)) - Nodes are ready. Got 6 of 6 DN Heartbeats.
2022-08-27 01:04:34,095 [Listener at 127.0.0.1/46359] INFO  ozone.MiniOzoneClusterImpl (MiniOzoneClusterImpl.java:lambda$waitForClusterToBeReady$0(219)) - Waiting for cluster to exit safe mode
2022-08-27 01:04:34,095 [Listener at 127.0.0.1/46359] INFO  ozone.MiniOzoneClusterImpl (MiniOzoneClusterImpl.java:lambda$waitForClusterToBeReady$0(221)) - SCM became leader
2022-08-27 01:04:34,166 [EventQueue-OpenPipelineForHealthyPipelineSafeModeRule] INFO  safemode.SCMSafeModeManager (HealthyPipelineSafeModeRule.java:process(137)) - SCM in safe mode. Healthy pipelines reported count is 0, required healthy pipeline reported count is 1
2022-08-27 01:04:34,247 [UnderReplicatedQueueThreadThread] INFO  replication.UnderReplicatedProcessor (UnderReplicatedProcessor.java:processAll(85)) - Processed 0 under replicated containers, failed processing 0
2022-08-27 01:04:34,257 [OverReplicatedQueueThreadThread] INFO  replication.OverReplicatedProcessor (OverReplicatedProcessor.java:processAll(83)) - Processed 0 over replicated containers, failed processing 0
2022-08-27 01:04:34,270 [ReplicationMonitor] INFO  replication.ReplicationManager (ReplicationManager.java:processAll(293)) - Replication Monitor Thread took 0 milliseconds for processing 3 containers.
2022-08-27 01:04:34,381 [EventQueue-OpenPipelineForHealthyPipelineSafeModeRule] INFO  safemode.SCMSafeModeManager (HealthyPipelineSafeModeRule.java:process(137)) - SCM in safe mode. Healthy pipelines reported count is 0, required healthy pipeline reported count is 1
2022-08-27 01:04:34,523 [EventQueue-OpenPipelineForHealthyPipelineSafeModeRule] INFO  safemode.SCMSafeModeManager (HealthyPipelineSafeModeRule.java:process(137)) - SCM in safe mode. Healthy pipelines reported count is 0, required healthy pipeline reported count is 1
2022-08-27 01:04:34,644 [ReplicationMonitor] INFO  replication.ReplicationManager (ReplicationManager.java:processAll(255)) - Replication Manager is not ready to run until 3000ms after safemode exit
2022-08-27 01:04:34,814 [EventQueue-OpenPipelineForHealthyPipelineSafeModeRule] INFO  safemode.SCMSafeModeManager (HealthyPipelineSafeModeRule.java:process(137)) - SCM in safe mode. Healthy pipelines reported count is 0, required healthy pipeline reported count is 1
2022-08-27 01:04:34,814 [EventQueue-OpenPipelineForHealthyPipelineSafeModeRule] INFO  safemode.SCMSafeModeManager (HealthyPipelineSafeModeRule.java:process(137)) - SCM in safe mode. Healthy pipelines reported count is 0, required healthy pipeline reported count is 1
2022-08-27 01:04:35,095 [Listener at 127.0.0.1/46359] INFO  ozone.MiniOzoneClusterImpl (MiniOzoneClusterImpl.java:lambda$waitForClusterToBeReady$0(216)) - Nodes are ready. Got 6 of 6 DN Heartbeats.
2022-08-27 01:04:35,095 [Listener at 127.0.0.1/46359] INFO  ozone.MiniOzoneClusterImpl (MiniOzoneClusterImpl.java:lambda$waitForClusterToBeReady$0(219)) - Waiting for cluster to exit safe mode
2022-08-27 01:04:35,095 [Listener at 127.0.0.1/46359] INFO  ozone.MiniOzoneClusterImpl (MiniOzoneClusterImpl.java:lambda$waitForClusterToBeReady$0(221)) - SCM became leader
2022-08-27 01:04:35,097 [EventQueue-OpenPipelineForHealthyPipelineSafeModeRule] INFO  safemode.SCMSafeModeManager (HealthyPipelineSafeModeRule.java:process(137)) - SCM in safe mode. Healthy pipelines reported count is 0, required healthy pipeline reported count is 1
2022-08-27 01:04:35,271 [ReplicationMonitor] INFO  replication.ReplicationManager (ReplicationManager.java:processAll(293)) - Replication Monitor Thread took 0 milliseconds for processing 3 containers.
2022-08-27 01:04:35,522 [EventQueue-OpenPipelineForHealthyPipelineSafeModeRule] INFO  safemode.SCMSafeModeManager (HealthyPipelineSafeModeRule.java:process(137)) - SCM in safe mode. Healthy pipelines reported count is 0, required healthy pipeline reported count is 1
2022-08-27 01:04:35,644 [ReplicationMonitor] INFO  replication.ReplicationManager (ReplicationManager.java:processAll(255)) - Replication Manager is not ready to run until 3000ms after safemode exit
2022-08-27 01:04:35,856 [aacd29cb-552c-424c-841b-ce75a537e611@group-324F9073062A-FollowerState] INFO  impl.FollowerState (FollowerState.java:run(143)) - aacd29cb-552c-424c-841b-ce75a537e611@group-324F9073062A-FollowerState: change to CANDIDATE, lastRpcElapsedTime:5013818513ns, electionTimeout:5007ms
2022-08-27 01:04:35,856 [aacd29cb-552c-424c-841b-ce75a537e611@group-324F9073062A-FollowerState] INFO  impl.RoleInfo (RoleInfo.java:shutdownFollowerState(110)) - aacd29cb-552c-424c-841b-ce75a537e611: shutdown aacd29cb-552c-424c-841b-ce75a537e611@group-324F9073062A-FollowerState
2022-08-27 01:04:35,856 [aacd29cb-552c-424c-841b-ce75a537e611@group-324F9073062A-FollowerState] INFO  server.RaftServer$Division (RaftServerImpl.java:setRole(299)) - aacd29cb-552c-424c-841b-ce75a537e611@group-324F9073062A: changes role from  FOLLOWER to CANDIDATE at term 0 for changeToCandidate
2022-08-27 01:04:35,856 [aacd29cb-552c-424c-841b-ce75a537e611@group-324F9073062A-FollowerState] INFO  server.RaftServerConfigKeys (ConfUtils.java:logGet(46)) - raft.server.leaderelection.pre-vote = false (custom)
2022-08-27 01:04:35,856 [aacd29cb-552c-424c-841b-ce75a537e611@group-324F9073062A-FollowerState] INFO  impl.RoleInfo (RoleInfo.java:updateAndGet(139)) - aacd29cb-552c-424c-841b-ce75a537e611: start aacd29cb-552c-424c-841b-ce75a537e611@group-324F9073062A-LeaderElection15
2022-08-27 01:04:35,859 [aacd29cb-552c-424c-841b-ce75a537e611@group-324F9073062A-LeaderElection15] INFO  impl.LeaderElection (LeaderElection.java:askForVotes(310)) - aacd29cb-552c-424c-841b-ce75a537e611@group-324F9073062A-LeaderElection15 ELECTION round 0: submit vote requests at term 1 for -1: [a039d0ae-df73-484a-be43-6545be4aa139|rpc:10.1.1.170:35103|dataStream:|priority:0, aacd29cb-552c-424c-841b-ce75a537e611|rpc:10.1.1.170:39611|dataStream:|priority:0, 4533084f-140e-42f6-9ba1-ce945919c4fc|rpc:10.1.1.170:35021|dataStream:|priority:1], old=null
2022-08-27 01:04:35,867 [grpc-default-executor-4] INFO  server.RaftServer$Division (RaftServerImpl.java:requestVote(1152)) - a039d0ae-df73-484a-be43-6545be4aa139@group-324F9073062A: receive requestVote(ELECTION, aacd29cb-552c-424c-841b-ce75a537e611, group-324F9073062A, 1, (t:0, i:0))
2022-08-27 01:04:35,867 [grpc-default-executor-4] INFO  impl.VoteContext (VoteContext.java:log(48)) - a039d0ae-df73-484a-be43-6545be4aa139@group-324F9073062A-FOLLOWER: accept ELECTION from aacd29cb-552c-424c-841b-ce75a537e611: our priority 0 <= candidate's priority 0
2022-08-27 01:04:35,867 [grpc-default-executor-4] INFO  server.RaftServer$Division (RaftServerImpl.java:setRole(299)) - a039d0ae-df73-484a-be43-6545be4aa139@group-324F9073062A: changes role from  FOLLOWER to FOLLOWER at term 1 for candidate:aacd29cb-552c-424c-841b-ce75a537e611
2022-08-27 01:04:35,868 [grpc-default-executor-4] INFO  impl.RoleInfo (RoleInfo.java:shutdownFollowerState(110)) - a039d0ae-df73-484a-be43-6545be4aa139: shutdown a039d0ae-df73-484a-be43-6545be4aa139@group-324F9073062A-FollowerState
2022-08-27 01:04:35,868 [grpc-default-executor-4] INFO  impl.RoleInfo (RoleInfo.java:updateAndGet(139)) - a039d0ae-df73-484a-be43-6545be4aa139: start a039d0ae-df73-484a-be43-6545be4aa139@group-324F9073062A-FollowerState
2022-08-27 01:04:35,868 [a039d0ae-df73-484a-be43-6545be4aa139@group-324F9073062A-FollowerState] INFO  impl.FollowerState (FollowerState.java:run(152)) - a039d0ae-df73-484a-be43-6545be4aa139@group-324F9073062A-FollowerState was interrupted
2022-08-27 01:04:35,869 [grpc-default-executor-4] INFO  server.RaftServer$Division (RaftServerImpl.java:requestVote(1184)) - a039d0ae-df73-484a-be43-6545be4aa139@group-324F9073062A replies to ELECTION vote request: aacd29cb-552c-424c-841b-ce75a537e611<-a039d0ae-df73-484a-be43-6545be4aa139#0:OK-t1. Peer's state: a039d0ae-df73-484a-be43-6545be4aa139@group-324F9073062A:t1, leader=null, voted=aacd29cb-552c-424c-841b-ce75a537e611, raftlog=a039d0ae-df73-484a-be43-6545be4aa139@group-324F9073062A-SegmentedRaftLog:OPENED:c-1, conf=-1: [a039d0ae-df73-484a-be43-6545be4aa139|rpc:10.1.1.170:35103|priority:0, aacd29cb-552c-424c-841b-ce75a537e611|rpc:10.1.1.170:39611|priority:0, 4533084f-140e-42f6-9ba1-ce945919c4fc|rpc:10.1.1.170:35021|priority:1], old=null
2022-08-27 01:04:35,876 [grpc-default-executor-4] INFO  server.RaftServer$Division (RaftServerImpl.java:requestVote(1152)) - 4533084f-140e-42f6-9ba1-ce945919c4fc@group-324F9073062A: receive requestVote(ELECTION, aacd29cb-552c-424c-841b-ce75a537e611, group-324F9073062A, 1, (t:0, i:0))
2022-08-27 01:04:35,876 [grpc-default-executor-4] INFO  impl.VoteContext (VoteContext.java:log(48)) - 4533084f-140e-42f6-9ba1-ce945919c4fc@group-324F9073062A-FOLLOWER: reject ELECTION from aacd29cb-552c-424c-841b-ce75a537e611: our priority 1 > candidate's priority 0
2022-08-27 01:04:35,876 [grpc-default-executor-4] INFO  server.RaftServer$Division (RaftServerImpl.java:setRole(299)) - 4533084f-140e-42f6-9ba1-ce945919c4fc@group-324F9073062A: changes role from  FOLLOWER to FOLLOWER at term 1 for candidate:aacd29cb-552c-424c-841b-ce75a537e611
2022-08-27 01:04:35,877 [grpc-default-executor-4] INFO  impl.RoleInfo (RoleInfo.java:shutdownFollowerState(110)) - 4533084f-140e-42f6-9ba1-ce945919c4fc: shutdown 4533084f-140e-42f6-9ba1-ce945919c4fc@group-324F9073062A-FollowerState
2022-08-27 01:04:35,877 [grpc-default-executor-4] INFO  impl.RoleInfo (RoleInfo.java:updateAndGet(139)) - 4533084f-140e-42f6-9ba1-ce945919c4fc: start 4533084f-140e-42f6-9ba1-ce945919c4fc@group-324F9073062A-FollowerState
2022-08-27 01:04:35,877 [4533084f-140e-42f6-9ba1-ce945919c4fc@group-324F9073062A-FollowerState] INFO  impl.FollowerState (FollowerState.java:run(152)) - 4533084f-140e-42f6-9ba1-ce945919c4fc@group-324F9073062A-FollowerState was interrupted
2022-08-27 01:04:35,878 [grpc-default-executor-4] INFO  server.RaftServer$Division (RaftServerImpl.java:requestVote(1184)) - 4533084f-140e-42f6-9ba1-ce945919c4fc@group-324F9073062A replies to ELECTION vote request: aacd29cb-552c-424c-841b-ce75a537e611<-4533084f-140e-42f6-9ba1-ce945919c4fc#0:FAIL-t1. Peer's state: 4533084f-140e-42f6-9ba1-ce945919c4fc@group-324F9073062A:t1, leader=null, voted=null, raftlog=4533084f-140e-42f6-9ba1-ce945919c4fc@group-324F9073062A-SegmentedRaftLog:OPENED:c-1, conf=-1: [a039d0ae-df73-484a-be43-6545be4aa139|rpc:10.1.1.170:35103|dataStream:|priority:0, aacd29cb-552c-424c-841b-ce75a537e611|rpc:10.1.1.170:39611|dataStream:|priority:0, 4533084f-140e-42f6-9ba1-ce945919c4fc|rpc:10.1.1.170:35021|dataStream:|priority:1], old=null
2022-08-27 01:04:35,879 [aacd29cb-552c-424c-841b-ce75a537e611@group-324F9073062A-LeaderElection15] INFO  impl.LeaderElection (LeaderElection.java:logAndReturn(90)) - aacd29cb-552c-424c-841b-ce75a537e611@group-324F9073062A-LeaderElection15: ELECTION REJECTED received 2 response(s) and 0 exception(s):
2022-08-27 01:04:35,879 [aacd29cb-552c-424c-841b-ce75a537e611@group-324F9073062A-LeaderElection15] INFO  impl.LeaderElection (LeaderElection.java:logAndReturn(94)) -   Response 0: aacd29cb-552c-424c-841b-ce75a537e611<-a039d0ae-df73-484a-be43-6545be4aa139#0:OK-t1
2022-08-27 01:04:35,879 [aacd29cb-552c-424c-841b-ce75a537e611@group-324F9073062A-LeaderElection15] INFO  impl.LeaderElection (LeaderElection.java:logAndReturn(94)) -   Response 1: aacd29cb-552c-424c-841b-ce75a537e611<-4533084f-140e-42f6-9ba1-ce945919c4fc#0:FAIL-t1
2022-08-27 01:04:35,879 [aacd29cb-552c-424c-841b-ce75a537e611@group-324F9073062A-LeaderElection15] INFO  impl.LeaderElection (LeaderElection.java:askForVotes(312)) - aacd29cb-552c-424c-841b-ce75a537e611@group-324F9073062A-LeaderElection15 ELECTION round 0: result REJECTED
2022-08-27 01:04:35,881 [aacd29cb-552c-424c-841b-ce75a537e611@group-324F9073062A-LeaderElection15] INFO  server.RaftServer$Division (RaftServerImpl.java:setRole(299)) - aacd29cb-552c-424c-841b-ce75a537e611@group-324F9073062A: changes role from CANDIDATE to FOLLOWER at term 1 for REJECTED
2022-08-27 01:04:35,881 [aacd29cb-552c-424c-841b-ce75a537e611@group-324F9073062A-LeaderElection15] INFO  impl.RoleInfo (RoleInfo.java:shutdownLeaderElection(130)) - aacd29cb-552c-424c-841b-ce75a537e611: shutdown aacd29cb-552c-424c-841b-ce75a537e611@group-324F9073062A-LeaderElection15
2022-08-27 01:04:35,881 [aacd29cb-552c-424c-841b-ce75a537e611@group-324F9073062A-LeaderElection15] INFO  impl.RoleInfo (RoleInfo.java:updateAndGet(139)) - aacd29cb-552c-424c-841b-ce75a537e611: start aacd29cb-552c-424c-841b-ce75a537e611@group-324F9073062A-FollowerState
2022-08-27 01:04:35,916 [a039d0ae-df73-484a-be43-6545be4aa139@group-058A1F7A4144-FollowerState] INFO  impl.FollowerState (FollowerState.java:run(143)) - a039d0ae-df73-484a-be43-6545be4aa139@group-058A1F7A4144-FollowerState: change to CANDIDATE, lastRpcElapsedTime:5121412070ns, electionTimeout:5120ms
2022-08-27 01:04:35,916 [a039d0ae-df73-484a-be43-6545be4aa139@group-058A1F7A4144-FollowerState] INFO  impl.RoleInfo (RoleInfo.java:shutdownFollowerState(110)) - a039d0ae-df73-484a-be43-6545be4aa139: shutdown a039d0ae-df73-484a-be43-6545be4aa139@group-058A1F7A4144-FollowerState
2022-08-27 01:04:35,916 [a039d0ae-df73-484a-be43-6545be4aa139@group-058A1F7A4144-FollowerState] INFO  server.RaftServer$Division (RaftServerImpl.java:setRole(299)) - a039d0ae-df73-484a-be43-6545be4aa139@group-058A1F7A4144: changes role from  FOLLOWER to CANDIDATE at term 0 for changeToCandidate
2022-08-27 01:04:35,916 [a039d0ae-df73-484a-be43-6545be4aa139@group-058A1F7A4144-FollowerState] INFO  server.RaftServerConfigKeys (ConfUtils.java:logGet(46)) - raft.server.leaderelection.pre-vote = false (custom)
2022-08-27 01:04:35,916 [a039d0ae-df73-484a-be43-6545be4aa139@group-058A1F7A4144-FollowerState] INFO  impl.RoleInfo (RoleInfo.java:updateAndGet(139)) - a039d0ae-df73-484a-be43-6545be4aa139: start a039d0ae-df73-484a-be43-6545be4aa139@group-058A1F7A4144-LeaderElection16
2022-08-27 01:04:35,918 [a039d0ae-df73-484a-be43-6545be4aa139@group-058A1F7A4144-LeaderElection16] INFO  impl.LeaderElection (LeaderElection.java:askForVotes(310)) - a039d0ae-df73-484a-be43-6545be4aa139@group-058A1F7A4144-LeaderElection16 ELECTION round 0: submit vote requests at term 1 for -1: [a039d0ae-df73-484a-be43-6545be4aa139|rpc:10.1.1.170:35103|priority:1], old=null
2022-08-27 01:04:35,918 [a039d0ae-df73-484a-be43-6545be4aa139@group-058A1F7A4144-LeaderElection16] INFO  impl.LeaderElection (LeaderElection.java:askForVotes(312)) - a039d0ae-df73-484a-be43-6545be4aa139@group-058A1F7A4144-LeaderElection16 ELECTION round 0: result PASSED (term=1)
2022-08-27 01:04:35,918 [a039d0ae-df73-484a-be43-6545be4aa139@group-058A1F7A4144-LeaderElection16] INFO  impl.RoleInfo (RoleInfo.java:shutdownLeaderElection(130)) - a039d0ae-df73-484a-be43-6545be4aa139: shutdown a039d0ae-df73-484a-be43-6545be4aa139@group-058A1F7A4144-LeaderElection16
2022-08-27 01:04:35,918 [a039d0ae-df73-484a-be43-6545be4aa139@group-058A1F7A4144-LeaderElection16] INFO  server.RaftServer$Division (RaftServerImpl.java:setRole(299)) - a039d0ae-df73-484a-be43-6545be4aa139@group-058A1F7A4144: changes role from CANDIDATE to LEADER at term 1 for changeToLeader
2022-08-27 01:04:35,918 [a039d0ae-df73-484a-be43-6545be4aa139@group-058A1F7A4144-LeaderElection16] INFO  ratis.XceiverServerRatis (XceiverServerRatis.java:handleLeaderChangedNotification(863)) - Leader change notification received for group: group-058A1F7A4144 with new leaderId: a039d0ae-df73-484a-be43-6545be4aa139
2022-08-27 01:04:35,918 [a039d0ae-df73-484a-be43-6545be4aa139@group-058A1F7A4144-LeaderElection16] INFO  server.RaftServer$Division (ServerState.java:setLeader(287)) - a039d0ae-df73-484a-be43-6545be4aa139@group-058A1F7A4144: change Leader from null to a039d0ae-df73-484a-be43-6545be4aa139 at term 1 for becomeLeader, leader elected after 5152ms
2022-08-27 01:04:35,918 [a039d0ae-df73-484a-be43-6545be4aa139@group-058A1F7A4144-LeaderElection16] INFO  server.RaftServerConfigKeys (ConfUtils.java:logGet(46)) - raft.server.staging.catchup.gap = 1000 (default)
2022-08-27 01:04:35,918 [a039d0ae-df73-484a-be43-6545be4aa139@group-058A1F7A4144-LeaderElection16] INFO  server.RaftServerConfigKeys (ConfUtils.java:logGet(46)) - raft.server.write.element-limit = 1024 (custom)
2022-08-27 01:04:35,918 [a039d0ae-df73-484a-be43-6545be4aa139@group-058A1F7A4144-LeaderElection16] INFO  server.RaftServerConfigKeys (ConfUtils.java:logGet(46)) - raft.server.write.byte-limit = 1024 M (=1073741824) (custom)
2022-08-27 01:04:35,919 [a039d0ae-df73-484a-be43-6545be4aa139@group-058A1F7A4144-LeaderElection16] INFO  server.RaftServerConfigKeys (ConfUtils.java:logGet(46)) - raft.server.watch.timeout = 180s (custom)
2022-08-27 01:04:35,919 [a039d0ae-df73-484a-be43-6545be4aa139@group-058A1F7A4144-LeaderElection16] INFO  server.RaftServerConfigKeys (ConfUtils.java:logGet(46)) - raft.server.watch.timeout.denomination = 1s (default)
2022-08-27 01:04:35,919 [a039d0ae-df73-484a-be43-6545be4aa139@group-058A1F7A4144-LeaderElection16] INFO  server.RaftServerConfigKeys (ConfUtils.java:logGet(46)) - raft.server.watch.element-limit = 65536 (default)
2022-08-27 01:04:35,919 [a039d0ae-df73-484a-be43-6545be4aa139@group-058A1F7A4144-LeaderElection16] INFO  server.RaftServerConfigKeys (ConfUtils.java:logGet(46)) - raft.server.write.element-limit = 1024 (custom)
2022-08-27 01:04:35,919 [a039d0ae-df73-484a-be43-6545be4aa139@group-058A1F7A4144-LeaderElection16] INFO  server.RaftServerConfigKeys (ConfUtils.java:logGet(46)) - raft.server.write.follower.gap.ratio.max = -1.0 (default)
2022-08-27 01:04:35,919 [a039d0ae-df73-484a-be43-6545be4aa139@group-058A1F7A4144-LeaderElection16] INFO  impl.RoleInfo (RoleInfo.java:updateAndGet(139)) - a039d0ae-df73-484a-be43-6545be4aa139: start a039d0ae-df73-484a-be43-6545be4aa139@group-058A1F7A4144-LeaderStateImpl
2022-08-27 01:04:35,920 [a039d0ae-df73-484a-be43-6545be4aa139@group-058A1F7A4144-LeaderElection16] INFO  segmented.SegmentedRaftLogWorker (SegmentedRaftLogWorker.java:startLogSegment(425)) - a039d0ae-df73-484a-be43-6545be4aa139@group-058A1F7A4144-SegmentedRaftLogWorker: Starting segment from index:0
2022-08-27 01:04:35,920 [EventQueue-OpenPipelineForHealthyPipelineSafeModeRule] INFO  safemode.SCMSafeModeManager (HealthyPipelineSafeModeRule.java:process(137)) - SCM in safe mode. Healthy pipelines reported count is 0, required healthy pipeline reported count is 1
2022-08-27 01:04:35,921 [a039d0ae-df73-484a-be43-6545be4aa139@group-058A1F7A4144-LeaderElection16] INFO  server.RaftServer$Division (ServerState.java:setRaftConf(393)) - a039d0ae-df73-484a-be43-6545be4aa139@group-058A1F7A4144: set configuration 0: [a039d0ae-df73-484a-be43-6545be4aa139|rpc:10.1.1.170:35103|dataStream:|priority:1], old=null
2022-08-27 01:04:35,921 [a039d0ae-df73-484a-be43-6545be4aa139@group-058A1F7A4144-SegmentedRaftLogWorker] INFO  segmented.SegmentedRaftLogWorker (SegmentedRaftLogWorker.java:execute(629)) - a039d0ae-df73-484a-be43-6545be4aa139@group-058A1F7A4144-SegmentedRaftLogWorker: created new log segment /home/runner/work/ozone/ozone/hadoop-ozone/integration-test/target/test-dir/MiniOzoneClusterImpl-6c28598a-b70a-49df-9254-251c667aa325/datanode-0/data/ratis/5b74d031-3517-4909-b1a4-058a1f7a4144/current/log_inprogress_0
2022-08-27 01:04:36,096 [Listener at 127.0.0.1/46359] INFO  ozone.MiniOzoneClusterImpl (MiniOzoneClusterImpl.java:lambda$waitForClusterToBeReady$0(216)) - Nodes are ready. Got 6 of 6 DN Heartbeats.
2022-08-27 01:04:36,096 [Listener at 127.0.0.1/46359] INFO  ozone.MiniOzoneClusterImpl (MiniOzoneClusterImpl.java:lambda$waitForClusterToBeReady$0(219)) - Waiting for cluster to exit safe mode
2022-08-27 01:04:36,096 [Listener at 127.0.0.1/46359] INFO  ozone.MiniOzoneClusterImpl (MiniOzoneClusterImpl.java:lambda$waitForClusterToBeReady$0(221)) - SCM became leader
2022-08-27 01:04:36,167 [EventQueue-OpenPipelineForHealthyPipelineSafeModeRule] INFO  safemode.SCMSafeModeManager (HealthyPipelineSafeModeRule.java:process(137)) - SCM in safe mode. Healthy pipelines reported count is 0, required healthy pipeline reported count is 1
2022-08-27 01:04:36,271 [ReplicationMonitor] INFO  replication.ReplicationManager (ReplicationManager.java:processAll(293)) - Replication Monitor Thread took 0 milliseconds for processing 3 containers.
2022-08-27 01:04:36,382 [EventQueue-OpenPipelineForHealthyPipelineSafeModeRule] INFO  safemode.SCMSafeModeManager (HealthyPipelineSafeModeRule.java:process(137)) - SCM in safe mode. Healthy pipelines reported count is 0, required healthy pipeline reported count is 1
2022-08-27 01:04:36,393 [main] INFO  ozoneimpl.OzoneContainer (OzoneContainer.java:stop(399)) - Attempting to stop container services.
2022-08-27 01:04:36,401 [main] INFO  server.RaftServer (RaftServerProxy.java:lambda$close$7(398)) - dfcf168e-5082-4f01-a2db-1567ea82e82e: close
2022-08-27 01:04:36,402 [main] INFO  server.GrpcService (GrpcService.java:closeImpl(269)) - dfcf168e-5082-4f01-a2db-1567ea82e82e: shutdown server with port 43507 now
2022-08-27 01:04:36,405 [main] INFO  server.GrpcService (GrpcService.java:closeImpl(278)) - dfcf168e-5082-4f01-a2db-1567ea82e82e: shutdown server with port 43507 successfully
2022-08-27 01:04:36,405 [org.apache.ratis.util.JvmPauseMonitor$$Lambda$715/1595744513@7e9d331b] INFO  util.JvmPauseMonitor (JvmPauseMonitor.java:run(109)) - JvmPauseMonitor-dfcf168e-5082-4f01-a2db-1567ea82e82e: Stopped
2022-08-27 01:04:36,533 [EventQueue-DeadNodeForDeadNodeHandler] INFO  node.DeadNodeHandler (DeadNodeHandler.java:onMessage(81)) - A dead datanode is detected. dfcf168e-5082-4f01-a2db-1567ea82e82e{ip: 10.1.1.170, host: fv-az41-820.zje5jq5y5x4uznwvdkgxk4wc2h.cx.internal.cloudapp.net, ports: [REPLICATION=32809, RATIS=43507, RATIS_ADMIN=43507, RATIS_SERVER=43507, STANDALONE=44991], networkLocation: /default-rack, certSerialId: null, persistedOpState: DECOMMISSIONING, persistedOpStateExpiryEpochSec: 0}
2022-08-27 01:04:36,534 [EventQueue-DeadNodeForDeadNodeHandler] INFO  net.NetworkTopologyImpl (NetworkTopologyImpl.java:remove(190)) - Removed a node: /default-rack/dfcf168e-5082-4f01-a2db-1567ea82e82e
2022-08-27 01:04:36,549 [aacd29cb-552c-424c-841b-ce75a537e611@group-2EA61C4B0A29-FollowerState] INFO  impl.FollowerState (FollowerState.java:run(143)) - aacd29cb-552c-424c-841b-ce75a537e611@group-2EA61C4B0A29-FollowerState: change to CANDIDATE, lastRpcElapsedTime:5163822481ns, electionTimeout:5163ms
2022-08-27 01:04:36,550 [aacd29cb-552c-424c-841b-ce75a537e611@group-2EA61C4B0A29-FollowerState] INFO  impl.RoleInfo (RoleInfo.java:shutdownFollowerState(110)) - aacd29cb-552c-424c-841b-ce75a537e611: shutdown aacd29cb-552c-424c-841b-ce75a537e611@group-2EA61C4B0A29-FollowerState
2022-08-27 01:04:36,550 [aacd29cb-552c-424c-841b-ce75a537e611@group-2EA61C4B0A29-FollowerState] INFO  server.RaftServer$Division (RaftServerImpl.java:setRole(299)) - aacd29cb-552c-424c-841b-ce75a537e611@group-2EA61C4B0A29: changes role from  FOLLOWER to CANDIDATE at term 0 for changeToCandidate
2022-08-27 01:04:36,550 [aacd29cb-552c-424c-841b-ce75a537e611@group-2EA61C4B0A29-FollowerState] INFO  server.RaftServerConfigKeys (ConfUtils.java:logGet(46)) - raft.server.leaderelection.pre-vote = false (custom)
2022-08-27 01:04:36,550 [aacd29cb-552c-424c-841b-ce75a537e611@group-2EA61C4B0A29-FollowerState] INFO  impl.RoleInfo (RoleInfo.java:updateAndGet(139)) - aacd29cb-552c-424c-841b-ce75a537e611: start aacd29cb-552c-424c-841b-ce75a537e611@group-2EA61C4B0A29-LeaderElection17
2022-08-27 01:04:36,552 [aacd29cb-552c-424c-841b-ce75a537e611@group-2EA61C4B0A29-LeaderElection17] INFO  impl.LeaderElection (LeaderElection.java:askForVotes(310)) - aacd29cb-552c-424c-841b-ce75a537e611@group-2EA61C4B0A29-LeaderElection17 ELECTION round 0: submit vote requests at term 1 for -1: [aacd29cb-552c-424c-841b-ce75a537e611|rpc:10.1.1.170:39611|priority:1], old=null
2022-08-27 01:04:36,552 [aacd29cb-552c-424c-841b-ce75a537e611@group-2EA61C4B0A29-LeaderElection17] INFO  impl.LeaderElection (LeaderElection.java:askForVotes(312)) - aacd29cb-552c-424c-841b-ce75a537e611@group-2EA61C4B0A29-LeaderElection17 ELECTION round 0: result PASSED (term=1)
2022-08-27 01:04:36,552 [aacd29cb-552c-424c-841b-ce75a537e611@group-2EA61C4B0A29-LeaderElection17] INFO  impl.RoleInfo (RoleInfo.java:shutdownLeaderElection(130)) - aacd29cb-552c-424c-841b-ce75a537e611: shutdown aacd29cb-552c-424c-841b-ce75a537e611@group-2EA61C4B0A29-LeaderElection17
2022-08-27 01:04:36,553 [aacd29cb-552c-424c-841b-ce75a537e611@group-2EA61C4B0A29-LeaderElection17] INFO  server.RaftServer$Division (RaftServerImpl.java:setRole(299)) - aacd29cb-552c-424c-841b-ce75a537e611@group-2EA61C4B0A29: changes role from CANDIDATE to LEADER at term 1 for changeToLeader
2022-08-27 01:04:36,553 [aacd29cb-552c-424c-841b-ce75a537e611@group-2EA61C4B0A29-LeaderElection17] INFO  ratis.XceiverServerRatis (XceiverServerRatis.java:handleLeaderChangedNotification(863)) - Leader change notification received for group: group-2EA61C4B0A29 with new leaderId: aacd29cb-552c-424c-841b-ce75a537e611
2022-08-27 01:04:36,553 [aacd29cb-552c-424c-841b-ce75a537e611@group-2EA61C4B0A29-LeaderElection17] INFO  server.RaftServer$Division (ServerState.java:setLeader(287)) - aacd29cb-552c-424c-841b-ce75a537e611@group-2EA61C4B0A29: change Leader from null to aacd29cb-552c-424c-841b-ce75a537e611 at term 1 for becomeLeader, leader elected after 5172ms
2022-08-27 01:04:36,553 [aacd29cb-552c-424c-841b-ce75a537e611@group-2EA61C4B0A29-LeaderElection17] INFO  server.RaftServerConfigKeys (ConfUtils.java:logGet(46)) - raft.server.staging.catchup.gap = 1000 (default)
2022-08-27 01:04:36,553 [aacd29cb-552c-424c-841b-ce75a537e611@group-2EA61C4B0A29-LeaderElection17] INFO  server.RaftServerConfigKeys (ConfUtils.java:logGet(46)) - raft.server.write.element-limit = 1024 (custom)
2022-08-27 01:04:36,553 [aacd29cb-552c-424c-841b-ce75a537e611@group-2EA61C4B0A29-LeaderElection17] INFO  server.RaftServerConfigKeys (ConfUtils.java:logGet(46)) - raft.server.write.byte-limit = 1024 M (=1073741824) (custom)
2022-08-27 01:04:36,553 [aacd29cb-552c-424c-841b-ce75a537e611@group-2EA61C4B0A29-LeaderElection17] INFO  server.RaftServerConfigKeys (ConfUtils.java:logGet(46)) - raft.server.watch.timeout = 180s (custom)
2022-08-27 01:04:36,553 [aacd29cb-552c-424c-841b-ce75a537e611@group-2EA61C4B0A29-LeaderElection17] INFO  server.RaftServerConfigKeys (ConfUtils.java:logGet(46)) - raft.server.watch.timeout.denomination = 1s (default)
2022-08-27 01:04:36,553 [aacd29cb-552c-424c-841b-ce75a537e611@group-2EA61C4B0A29-LeaderElection17] INFO  server.RaftServerConfigKeys (ConfUtils.java:logGet(46)) - raft.server.watch.element-limit = 65536 (default)
2022-08-27 01:04:36,553 [aacd29cb-552c-424c-841b-ce75a537e611@group-2EA61C4B0A29-LeaderElection17] INFO  server.RaftServerConfigKeys (ConfUtils.java:logGet(46)) - raft.server.write.element-limit = 1024 (custom)
2022-08-27 01:04:36,553 [aacd29cb-552c-424c-841b-ce75a537e611@group-2EA61C4B0A29-LeaderElection17] INFO  server.RaftServerConfigKeys (ConfUtils.java:logGet(46)) - raft.server.write.follower.gap.ratio.max = -1.0 (default)
2022-08-27 01:04:36,554 [aacd29cb-552c-424c-841b-ce75a537e611@group-2EA61C4B0A29-LeaderElection17] INFO  impl.RoleInfo (RoleInfo.java:updateAndGet(139)) - aacd29cb-552c-424c-841b-ce75a537e611: start aacd29cb-552c-424c-841b-ce75a537e611@group-2EA61C4B0A29-LeaderStateImpl
2022-08-27 01:04:36,554 [aacd29cb-552c-424c-841b-ce75a537e611@group-2EA61C4B0A29-LeaderElection17] INFO  segmented.SegmentedRaftLogWorker (SegmentedRaftLogWorker.java:startLogSegment(425)) - aacd29cb-552c-424c-841b-ce75a537e611@group-2EA61C4B0A29-SegmentedRaftLogWorker: Starting segment from index:0
2022-08-27 01:04:36,556 [aacd29cb-552c-424c-841b-ce75a537e611@group-2EA61C4B0A29-LeaderElection17] INFO  server.RaftServer$Division (ServerState.java:setRaftConf(393)) - aacd29cb-552c-424c-841b-ce75a537e611@group-2EA61C4B0A29: set configuration 0: [aacd29cb-552c-424c-841b-ce75a537e611|rpc:10.1.1.170:39611|dataStream:|priority:1], old=null
2022-08-27 01:04:36,558 [EventQueue-OpenPipelineForHealthyPipelineSafeModeRule] INFO  safemode.SCMSafeModeManager (HealthyPipelineSafeModeRule.java:process(137)) - SCM in safe mode. Healthy pipelines reported count is 0, required healthy pipeline reported count is 1
2022-08-27 01:04:36,558 [aacd29cb-552c-424c-841b-ce75a537e611@group-2EA61C4B0A29-SegmentedRaftLogWorker] INFO  segmented.SegmentedRaftLogWorker (SegmentedRaftLogWorker.java:execute(629)) - aacd29cb-552c-424c-841b-ce75a537e611@group-2EA61C4B0A29-SegmentedRaftLogWorker: created new log segment /home/runner/work/ozone/ozone/hadoop-ozone/integration-test/target/test-dir/MiniOzoneClusterImpl-6c28598a-b70a-49df-9254-251c667aa325/datanode-1/data/ratis/a2851470-db3a-46a4-81b8-2ea61c4b0a29/current/log_inprogress_0
2022-08-27 01:04:36,644 [ReplicationMonitor] INFO  replication.ReplicationManager (ReplicationManager.java:processAll(255)) - Replication Manager is not ready to run until 3000ms after safemode exit
2022-08-27 01:04:36,814 [EventQueue-OpenPipelineForHealthyPipelineSafeModeRule] INFO  safemode.SCMSafeModeManager (HealthyPipelineSafeModeRule.java:process(137)) - SCM in safe mode. Healthy pipelines reported count is 0, required healthy pipeline reported count is 1
2022-08-27 01:04:36,919 [EventQueue-OpenPipelineForHealthyPipelineSafeModeRule] INFO  safemode.SCMSafeModeManager (HealthyPipelineSafeModeRule.java:process(137)) - SCM in safe mode. Healthy pipelines reported count is 0, required healthy pipeline reported count is 1
2022-08-27 01:04:37,096 [Listener at 127.0.0.1/46359] INFO  ozone.MiniOzoneClusterImpl (MiniOzoneClusterImpl.java:lambda$waitForClusterToBeReady$0(216)) - Nodes are ready. Got 6 of 6 DN Heartbeats.
2022-08-27 01:04:37,096 [Listener at 127.0.0.1/46359] INFO  ozone.MiniOzoneClusterImpl (MiniOzoneClusterImpl.java:lambda$waitForClusterToBeReady$0(219)) - Waiting for cluster to exit safe mode
2022-08-27 01:04:37,096 [Listener at 127.0.0.1/46359] INFO  ozone.MiniOzoneClusterImpl (MiniOzoneClusterImpl.java:lambda$waitForClusterToBeReady$0(221)) - SCM became leader
2022-08-27 01:04:37,098 [EventQueue-OpenPipelineForHealthyPipelineSafeModeRule] INFO  safemode.SCMSafeModeManager (HealthyPipelineSafeModeRule.java:process(137)) - SCM in safe mode. Healthy pipelines reported count is 0, required healthy pipeline reported count is 1
2022-08-27 01:04:37,272 [ReplicationMonitor] INFO  replication.ReplicationManager (ReplicationManager.java:processAll(293)) - Replication Monitor Thread took 1 milliseconds for processing 3 containers.
2022-08-27 01:04:37,349 [4533084f-140e-42f6-9ba1-ce945919c4fc@group-EA6970893109-FollowerState] INFO  impl.FollowerState (FollowerState.java:run(143)) - 4533084f-140e-42f6-9ba1-ce945919c4fc@group-EA6970893109-FollowerState: change to CANDIDATE, lastRpcElapsedTime:5177964987ns, electionTimeout:5173ms
2022-08-27 01:04:37,349 [4533084f-140e-42f6-9ba1-ce945919c4fc@group-EA6970893109-FollowerState] INFO  impl.RoleInfo (RoleInfo.java:shutdownFollowerState(110)) - 4533084f-140e-42f6-9ba1-ce945919c4fc: shutdown 4533084f-140e-42f6-9ba1-ce945919c4fc@group-EA6970893109-FollowerState
2022-08-27 01:04:37,349 [4533084f-140e-42f6-9ba1-ce945919c4fc@group-EA6970893109-FollowerState] INFO  server.RaftServer$Division (RaftServerImpl.java:setRole(299)) - 4533084f-140e-42f6-9ba1-ce945919c4fc@group-EA6970893109: changes role from  FOLLOWER to CANDIDATE at term 0 for changeToCandidate
2022-08-27 01:04:37,349 [4533084f-140e-42f6-9ba1-ce945919c4fc@group-EA6970893109-FollowerState] INFO  server.RaftServerConfigKeys (ConfUtils.java:logGet(46)) - raft.server.leaderelection.pre-vote = false (custom)
2022-08-27 01:04:37,349 [4533084f-140e-42f6-9ba1-ce945919c4fc@group-EA6970893109-FollowerState] INFO  impl.RoleInfo (RoleInfo.java:updateAndGet(139)) - 4533084f-140e-42f6-9ba1-ce945919c4fc: start 4533084f-140e-42f6-9ba1-ce945919c4fc@group-EA6970893109-LeaderElection18
2022-08-27 01:04:37,352 [4533084f-140e-42f6-9ba1-ce945919c4fc@group-EA6970893109-LeaderElection18] INFO  impl.LeaderElection (LeaderElection.java:askForVotes(310)) - 4533084f-140e-42f6-9ba1-ce945919c4fc@group-EA6970893109-LeaderElection18 ELECTION round 0: submit vote requests at term 1 for -1: [4533084f-140e-42f6-9ba1-ce945919c4fc|rpc:10.1.1.170:35021|priority:1], old=null
2022-08-27 01:04:37,352 [4533084f-140e-42f6-9ba1-ce945919c4fc@group-EA6970893109-LeaderElection18] INFO  impl.LeaderElection (LeaderElection.java:askForVotes(312)) - 4533084f-140e-42f6-9ba1-ce945919c4fc@group-EA6970893109-LeaderElection18 ELECTION round 0: result PASSED (term=1)
2022-08-27 01:04:37,352 [4533084f-140e-42f6-9ba1-ce945919c4fc@group-EA6970893109-LeaderElection18] INFO  impl.RoleInfo (RoleInfo.java:shutdownLeaderElection(130)) - 4533084f-140e-42f6-9ba1-ce945919c4fc: shutdown 4533084f-140e-42f6-9ba1-ce945919c4fc@group-EA6970893109-LeaderElection18
2022-08-27 01:04:37,352 [4533084f-140e-42f6-9ba1-ce945919c4fc@group-EA6970893109-LeaderElection18] INFO  server.RaftServer$Division (RaftServerImpl.java:setRole(299)) - 4533084f-140e-42f6-9ba1-ce945919c4fc@group-EA6970893109: changes role from CANDIDATE to LEADER at term 1 for changeToLeader
2022-08-27 01:04:37,352 [4533084f-140e-42f6-9ba1-ce945919c4fc@group-EA6970893109-LeaderElection18] INFO  ratis.XceiverServerRatis (XceiverServerRatis.java:handleLeaderChangedNotification(863)) - Leader change notification received for group: group-EA6970893109 with new leaderId: 4533084f-140e-42f6-9ba1-ce945919c4fc
2022-08-27 01:04:37,353 [4533084f-140e-42f6-9ba1-ce945919c4fc@group-EA6970893109-LeaderElection18] INFO  server.RaftServer$Division (ServerState.java:setLeader(287)) - 4533084f-140e-42f6-9ba1-ce945919c4fc@group-EA6970893109: change Leader from null to 4533084f-140e-42f6-9ba1-ce945919c4fc at term 1 for becomeLeader, leader elected after 5186ms
2022-08-27 01:04:37,353 [4533084f-140e-42f6-9ba1-ce945919c4fc@group-EA6970893109-LeaderElection18] INFO  server.RaftServerConfigKeys (ConfUtils.java:logGet(46)) - raft.server.staging.catchup.gap = 1000 (default)
2022-08-27 01:04:37,353 [4533084f-140e-42f6-9ba1-ce945919c4fc@group-EA6970893109-LeaderElection18] INFO  server.RaftServerConfigKeys (ConfUtils.java:logGet(46)) - raft.server.write.element-limit = 1024 (custom)
2022-08-27 01:04:37,353 [4533084f-140e-42f6-9ba1-ce945919c4fc@group-EA6970893109-LeaderElection18] INFO  server.RaftServerConfigKeys (ConfUtils.java:logGet(46)) - raft.server.write.byte-limit = 1024 M (=1073741824) (custom)
2022-08-27 01:04:37,353 [4533084f-140e-42f6-9ba1-ce945919c4fc@group-EA6970893109-LeaderElection18] INFO  server.RaftServerConfigKeys (ConfUtils.java:logGet(46)) - raft.server.watch.timeout = 180s (custom)
2022-08-27 01:04:37,353 [4533084f-140e-42f6-9ba1-ce945919c4fc@group-EA6970893109-LeaderElection18] INFO  server.RaftServerConfigKeys (ConfUtils.java:logGet(46)) - raft.server.watch.timeout.denomination = 1s (default)
2022-08-27 01:04:37,353 [4533084f-140e-42f6-9ba1-ce945919c4fc@group-EA6970893109-LeaderElection18] INFO  server.RaftServerConfigKeys (ConfUtils.java:logGet(46)) - raft.server.watch.element-limit = 65536 (default)
2022-08-27 01:04:37,353 [4533084f-140e-42f6-9ba1-ce945919c4fc@group-EA6970893109-LeaderElection18] INFO  server.RaftServerConfigKeys (ConfUtils.java:logGet(46)) - raft.server.write.element-limit = 1024 (custom)
2022-08-27 01:04:37,353 [4533084f-140e-42f6-9ba1-ce945919c4fc@group-EA6970893109-LeaderElection18] INFO  server.RaftServerConfigKeys (ConfUtils.java:logGet(46)) - raft.server.write.follower.gap.ratio.max = -1.0 (default)
2022-08-27 01:04:37,354 [4533084f-140e-42f6-9ba1-ce945919c4fc@group-EA6970893109-LeaderElection18] INFO  impl.RoleInfo (RoleInfo.java:updateAndGet(139)) - 4533084f-140e-42f6-9ba1-ce945919c4fc: start 4533084f-140e-42f6-9ba1-ce945919c4fc@group-EA6970893109-LeaderStateImpl
2022-08-27 01:04:37,354 [EventQueue-OpenPipelineForHealthyPipelineSafeModeRule] INFO  safemode.SCMSafeModeManager (HealthyPipelineSafeModeRule.java:process(137)) - SCM in safe mode. Healthy pipelines reported count is 0, required healthy pipeline reported count is 1
2022-08-27 01:04:37,354 [4533084f-140e-42f6-9ba1-ce945919c4fc@group-EA6970893109-LeaderElection18] INFO  segmented.SegmentedRaftLogWorker (SegmentedRaftLogWorker.java:startLogSegment(425)) - 4533084f-140e-42f6-9ba1-ce945919c4fc@group-EA6970893109-SegmentedRaftLogWorker: Starting segment from index:0
2022-08-27 01:04:37,381 [4533084f-140e-42f6-9ba1-ce945919c4fc@group-EA6970893109-LeaderElection18] INFO  server.RaftServer$Division (ServerState.java:setRaftConf(393)) - 4533084f-140e-42f6-9ba1-ce945919c4fc@group-EA6970893109: set configuration 0: [4533084f-140e-42f6-9ba1-ce945919c4fc|rpc:10.1.1.170:35021|dataStream:|priority:1], old=null
2022-08-27 01:04:37,382 [4533084f-140e-42f6-9ba1-ce945919c4fc@group-EA6970893109-SegmentedRaftLogWorker] INFO  segmented.SegmentedRaftLogWorker (SegmentedRaftLogWorker.java:execute(629)) - 4533084f-140e-42f6-9ba1-ce945919c4fc@group-EA6970893109-SegmentedRaftLogWorker: created new log segment /home/runner/work/ozone/ozone/hadoop-ozone/integration-test/target/test-dir/MiniOzoneClusterImpl-6c28598a-b70a-49df-9254-251c667aa325/datanode-2/data/ratis/2312ccd0-84d1-413f-921d-ea6970893109/current/log_inprogress_0
2022-08-27 01:04:37,522 [EventQueue-OpenPipelineForHealthyPipelineSafeModeRule] INFO  safemode.SCMSafeModeManager (HealthyPipelineSafeModeRule.java:process(137)) - SCM in safe mode. Healthy pipelines reported count is 0, required healthy pipeline reported count is 1
2022-08-27 01:04:37,554 [EventQueue-OpenPipelineForHealthyPipelineSafeModeRule] INFO  safemode.SCMSafeModeManager (HealthyPipelineSafeModeRule.java:process(137)) - SCM in safe mode. Healthy pipelines reported count is 0, required healthy pipeline reported count is 1
2022-08-27 01:04:37,620 [0a62877e-9b7e-486c-aaaf-613dec44d4b9@group-66FDB48DD05F-FollowerState] INFO  impl.FollowerState (FollowerState.java:run(143)) - 0a62877e-9b7e-486c-aaaf-613dec44d4b9@group-66FDB48DD05F-FollowerState: change to CANDIDATE, lastRpcElapsedTime:5090944764ns, electionTimeout:5090ms
2022-08-27 01:04:37,620 [0a62877e-9b7e-486c-aaaf-613dec44d4b9@group-66FDB48DD05F-FollowerState] INFO  impl.RoleInfo (RoleInfo.java:shutdownFollowerState(110)) - 0a62877e-9b7e-486c-aaaf-613dec44d4b9: shutdown 0a62877e-9b7e-486c-aaaf-613dec44d4b9@group-66FDB48DD05F-FollowerState
2022-08-27 01:04:37,620 [0a62877e-9b7e-486c-aaaf-613dec44d4b9@group-66FDB48DD05F-FollowerState] INFO  server.RaftServer$Division (RaftServerImpl.java:setRole(299)) - 0a62877e-9b7e-486c-aaaf-613dec44d4b9@group-66FDB48DD05F: changes role from  FOLLOWER to CANDIDATE at term 0 for changeToCandidate
2022-08-27 01:04:37,621 [0a62877e-9b7e-486c-aaaf-613dec44d4b9@group-66FDB48DD05F-FollowerState] INFO  server.RaftServerConfigKeys (ConfUtils.java:logGet(46)) - raft.server.leaderelection.pre-vote = false (custom)
2022-08-27 01:04:37,621 [0a62877e-9b7e-486c-aaaf-613dec44d4b9@group-66FDB48DD05F-FollowerState] INFO  impl.RoleInfo (RoleInfo.java:updateAndGet(139)) - 0a62877e-9b7e-486c-aaaf-613dec44d4b9: start 0a62877e-9b7e-486c-aaaf-613dec44d4b9@group-66FDB48DD05F-LeaderElection19
2022-08-27 01:04:37,624 [0a62877e-9b7e-486c-aaaf-613dec44d4b9@group-66FDB48DD05F-LeaderElection19] INFO  impl.LeaderElection (LeaderElection.java:askForVotes(310)) - 0a62877e-9b7e-486c-aaaf-613dec44d4b9@group-66FDB48DD05F-LeaderElection19 ELECTION round 0: submit vote requests at term 1 for -1: [d4784843-40d7-47a0-a720-93e541e68dac|rpc:10.1.1.170:39719|priority:0, e05f913a-27b5-42aa-8e2a-9d0aa99964f1|rpc:10.1.1.170:43287|priority:0, 0a62877e-9b7e-486c-aaaf-613dec44d4b9|rpc:10.1.1.170:41817|priority:1], old=null
2022-08-27 01:04:37,626 [0a62877e-9b7e-486c-aaaf-613dec44d4b9@group-BAF5EC9771B0-FollowerState] INFO  impl.FollowerState (FollowerState.java:run(143)) - 0a62877e-9b7e-486c-aaaf-613dec44d4b9@group-BAF5EC9771B0-FollowerState: change to CANDIDATE, lastRpcElapsedTime:5116793851ns, electionTimeout:5116ms
2022-08-27 01:04:37,626 [0a62877e-9b7e-486c-aaaf-613dec44d4b9@group-BAF5EC9771B0-FollowerState] INFO  impl.RoleInfo (RoleInfo.java:shutdownFollowerState(110)) - 0a62877e-9b7e-486c-aaaf-613dec44d4b9: shutdown 0a62877e-9b7e-486c-aaaf-613dec44d4b9@group-BAF5EC9771B0-FollowerState
2022-08-27 01:04:37,626 [0a62877e-9b7e-486c-aaaf-613dec44d4b9@group-BAF5EC9771B0-FollowerState] INFO  server.RaftServer$Division (RaftServerImpl.java:setRole(299)) - 0a62877e-9b7e-486c-aaaf-613dec44d4b9@group-BAF5EC9771B0: changes role from  FOLLOWER to CANDIDATE at term 0 for changeToCandidate
2022-08-27 01:04:37,626 [0a62877e-9b7e-486c-aaaf-613dec44d4b9@group-BAF5EC9771B0-FollowerState] INFO  server.RaftServerConfigKeys (ConfUtils.java:logGet(46)) - raft.server.leaderelection.pre-vote = false (custom)
2022-08-27 01:04:37,626 [0a62877e-9b7e-486c-aaaf-613dec44d4b9@group-BAF5EC9771B0-FollowerState] INFO  impl.RoleInfo (RoleInfo.java:updateAndGet(139)) - 0a62877e-9b7e-486c-aaaf-613dec44d4b9: start 0a62877e-9b7e-486c-aaaf-613dec44d4b9@group-BAF5EC9771B0-LeaderElection20
2022-08-27 01:04:37,634 [0a62877e-9b7e-486c-aaaf-613dec44d4b9@group-BAF5EC9771B0-LeaderElection20] INFO  impl.LeaderElection (LeaderElection.java:askForVotes(310)) - 0a62877e-9b7e-486c-aaaf-613dec44d4b9@group-BAF5EC9771B0-LeaderElection20 ELECTION round 0: submit vote requests at term 1 for -1: [0a62877e-9b7e-486c-aaaf-613dec44d4b9|rpc:10.1.1.170:41817|priority:1], old=null
2022-08-27 01:04:37,634 [0a62877e-9b7e-486c-aaaf-613dec44d4b9@group-BAF5EC9771B0-LeaderElection20] INFO  impl.LeaderElection (LeaderElection.java:askForVotes(312)) - 0a62877e-9b7e-486c-aaaf-613dec44d4b9@group-BAF5EC9771B0-LeaderElection20 ELECTION round 0: result PASSED (term=1)
2022-08-27 01:04:37,634 [0a62877e-9b7e-486c-aaaf-613dec44d4b9@group-BAF5EC9771B0-LeaderElection20] INFO  impl.RoleInfo (RoleInfo.java:shutdownLeaderElection(130)) - 0a62877e-9b7e-486c-aaaf-613dec44d4b9: shutdown 0a62877e-9b7e-486c-aaaf-613dec44d4b9@group-BAF5EC9771B0-LeaderElection20
2022-08-27 01:04:37,634 [0a62877e-9b7e-486c-aaaf-613dec44d4b9@group-BAF5EC9771B0-LeaderElection20] INFO  server.RaftServer$Division (RaftServerImpl.java:setRole(299)) - 0a62877e-9b7e-486c-aaaf-613dec44d4b9@group-BAF5EC9771B0: changes role from CANDIDATE to LEADER at term 1 for changeToLeader
2022-08-27 01:04:37,634 [0a62877e-9b7e-486c-aaaf-613dec44d4b9@group-BAF5EC9771B0-LeaderElection20] INFO  ratis.XceiverServerRatis (XceiverServerRatis.java:handleLeaderChangedNotification(863)) - Leader change notification received for group: group-BAF5EC9771B0 with new leaderId: 0a62877e-9b7e-486c-aaaf-613dec44d4b9
2022-08-27 01:04:37,635 [0a62877e-9b7e-486c-aaaf-613dec44d4b9@group-BAF5EC9771B0-LeaderElection20] INFO  server.RaftServer$Division (ServerState.java:setLeader(287)) - 0a62877e-9b7e-486c-aaaf-613dec44d4b9@group-BAF5EC9771B0: change Leader from null to 0a62877e-9b7e-486c-aaaf-613dec44d4b9 at term 1 for becomeLeader, leader elected after 5131ms
2022-08-27 01:04:37,635 [0a62877e-9b7e-486c-aaaf-613dec44d4b9@group-BAF5EC9771B0-LeaderElection20] INFO  server.RaftServerConfigKeys (ConfUtils.java:logGet(46)) - raft.server.staging.catchup.gap = 1000 (default)
2022-08-27 01:04:37,635 [0a62877e-9b7e-486c-aaaf-613dec44d4b9@group-BAF5EC9771B0-LeaderElection20] INFO  server.RaftServerConfigKeys (ConfUtils.java:logGet(46)) - raft.server.write.element-limit = 1024 (custom)
2022-08-27 01:04:37,635 [0a62877e-9b7e-486c-aaaf-613dec44d4b9@group-BAF5EC9771B0-LeaderElection20] INFO  server.RaftServerConfigKeys (ConfUtils.java:logGet(46)) - raft.server.write.byte-limit = 1024 M (=1073741824) (custom)
2022-08-27 01:04:37,636 [0a62877e-9b7e-486c-aaaf-613dec44d4b9@group-BAF5EC9771B0-LeaderElection20] INFO  server.RaftServerConfigKeys (ConfUtils.java:logGet(46)) - raft.server.watch.timeout = 180s (custom)
2022-08-27 01:04:37,637 [0a62877e-9b7e-486c-aaaf-613dec44d4b9@group-BAF5EC9771B0-LeaderElection20] INFO  server.RaftServerConfigKeys (ConfUtils.java:logGet(46)) - raft.server.watch.timeout.denomination = 1s (default)
2022-08-27 01:04:37,637 [0a62877e-9b7e-486c-aaaf-613dec44d4b9@group-BAF5EC9771B0-LeaderElection20] INFO  server.RaftServerConfigKeys (ConfUtils.java:logGet(46)) - raft.server.watch.element-limit = 65536 (default)
2022-08-27 01:04:37,637 [0a62877e-9b7e-486c-aaaf-613dec44d4b9@group-BAF5EC9771B0-LeaderElection20] INFO  server.RaftServerConfigKeys (ConfUtils.java:logGet(46)) - raft.server.write.element-limit = 1024 (custom)
2022-08-27 01:04:37,637 [0a62877e-9b7e-486c-aaaf-613dec44d4b9@group-BAF5EC9771B0-LeaderElection20] INFO  server.RaftServerConfigKeys (ConfUtils.java:logGet(46)) - raft.server.write.follower.gap.ratio.max = -1.0 (default)
2022-08-27 01:04:37,637 [0a62877e-9b7e-486c-aaaf-613dec44d4b9@group-BAF5EC9771B0-LeaderElection20] INFO  impl.RoleInfo (RoleInfo.java:updateAndGet(139)) - 0a62877e-9b7e-486c-aaaf-613dec44d4b9: start 0a62877e-9b7e-486c-aaaf-613dec44d4b9@group-BAF5EC9771B0-LeaderStateImpl
2022-08-27 01:04:37,637 [0a62877e-9b7e-486c-aaaf-613dec44d4b9@group-BAF5EC9771B0-LeaderElection20] INFO  segmented.SegmentedRaftLogWorker (SegmentedRaftLogWorker.java:startLogSegment(425)) - 0a62877e-9b7e-486c-aaaf-613dec44d4b9@group-BAF5EC9771B0-SegmentedRaftLogWorker: Starting segment from index:0
2022-08-27 01:04:37,638 [0a62877e-9b7e-486c-aaaf-613dec44d4b9@group-BAF5EC9771B0-SegmentedRaftLogWorker] INFO  segmented.SegmentedRaftLogWorker (SegmentedRaftLogWorker.java:execute(629)) - 0a62877e-9b7e-486c-aaaf-613dec44d4b9@group-BAF5EC9771B0-SegmentedRaftLogWorker: created new log segment /home/runner/work/ozone/ozone/hadoop-ozone/integration-test/target/test-dir/MiniOzoneClusterImpl-6c28598a-b70a-49df-9254-251c667aa325/datanode-3/data/ratis/4ff94185-6f56-4926-92ff-baf5ec9771b0/current/log_inprogress_0
2022-08-27 01:04:37,639 [EventQueue-OpenPipelineForHealthyPipelineSafeModeRule] INFO  safemode.SCMSafeModeManager (HealthyPipelineSafeModeRule.java:process(137)) - SCM in safe mode. Healthy pipelines reported count is 0, required healthy pipeline reported count is 1
2022-08-27 01:04:37,642 [0a62877e-9b7e-486c-aaaf-613dec44d4b9@group-BAF5EC9771B0-LeaderElection20] INFO  server.RaftServer$Division (ServerState.java:setRaftConf(393)) - 0a62877e-9b7e-486c-aaaf-613dec44d4b9@group-BAF5EC9771B0: set configuration 0: [0a62877e-9b7e-486c-aaaf-613dec44d4b9|rpc:10.1.1.170:41817|dataStream:|priority:1], old=null
2022-08-27 01:04:37,645 [ReplicationMonitor] INFO  replication.ReplicationManager (ReplicationManager.java:processAll(255)) - Replication Manager is not ready to run until 3000ms after safemode exit
2022-08-27 01:04:37,645 [grpc-default-executor-1] INFO  server.RaftServer$Division (RaftServerImpl.java:requestVote(1152)) - d4784843-40d7-47a0-a720-93e541e68dac@group-66FDB48DD05F: receive requestVote(ELECTION, 0a62877e-9b7e-486c-aaaf-613dec44d4b9, group-66FDB48DD05F, 1, (t:0, i:0))
2022-08-27 01:04:37,645 [grpc-default-executor-1] INFO  impl.VoteContext (VoteContext.java:log(48)) - d4784843-40d7-47a0-a720-93e541e68dac@group-66FDB48DD05F-FOLLOWER: accept ELECTION from 0a62877e-9b7e-486c-aaaf-613dec44d4b9: our priority 0 <= candidate's priority 1
2022-08-27 01:04:37,645 [grpc-default-executor-1] INFO  server.RaftServer$Division (RaftServerImpl.java:setRole(299)) - d4784843-40d7-47a0-a720-93e541e68dac@group-66FDB48DD05F: changes role from  FOLLOWER to FOLLOWER at term 1 for candidate:0a62877e-9b7e-486c-aaaf-613dec44d4b9
2022-08-27 01:04:37,646 [grpc-default-executor-1] INFO  impl.RoleInfo (RoleInfo.java:shutdownFollowerState(110)) - d4784843-40d7-47a0-a720-93e541e68dac: shutdown d4784843-40d7-47a0-a720-93e541e68dac@group-66FDB48DD05F-FollowerState
2022-08-27 01:04:37,646 [grpc-default-executor-1] INFO  impl.RoleInfo (RoleInfo.java:updateAndGet(139)) - d4784843-40d7-47a0-a720-93e541e68dac: start d4784843-40d7-47a0-a720-93e541e68dac@group-66FDB48DD05F-FollowerState
2022-08-27 01:04:37,647 [d4784843-40d7-47a0-a720-93e541e68dac@group-66FDB48DD05F-FollowerState] INFO  impl.FollowerState (FollowerState.java:run(152)) - d4784843-40d7-47a0-a720-93e541e68dac@group-66FDB48DD05F-FollowerState was interrupted
2022-08-27 01:04:37,647 [grpc-default-executor-1] INFO  server.RaftServer$Division (RaftServerImpl.java:requestVote(1184)) - d4784843-40d7-47a0-a720-93e541e68dac@group-66FDB48DD05F replies to ELECTION vote request: 0a62877e-9b7e-486c-aaaf-613dec44d4b9<-d4784843-40d7-47a0-a720-93e541e68dac#0:OK-t1. Peer's state: d4784843-40d7-47a0-a720-93e541e68dac@group-66FDB48DD05F:t1, leader=null, voted=0a62877e-9b7e-486c-aaaf-613dec44d4b9, raftlog=d4784843-40d7-47a0-a720-93e541e68dac@group-66FDB48DD05F-SegmentedRaftLog:OPENED:c-1, conf=-1: [d4784843-40d7-47a0-a720-93e541e68dac|rpc:10.1.1.170:39719|dataStream:|priority:0, e05f913a-27b5-42aa-8e2a-9d0aa99964f1|rpc:10.1.1.170:43287|dataStream:|priority:0, 0a62877e-9b7e-486c-aaaf-613dec44d4b9|rpc:10.1.1.170:41817|dataStream:|priority:1], old=null
2022-08-27 01:04:37,648 [grpc-default-executor-1] INFO  server.RaftServer$Division (RaftServerImpl.java:requestVote(1152)) - e05f913a-27b5-42aa-8e2a-9d0aa99964f1@group-66FDB48DD05F: receive requestVote(ELECTION, 0a62877e-9b7e-486c-aaaf-613dec44d4b9, group-66FDB48DD05F, 1, (t:0, i:0))
2022-08-27 01:04:37,648 [grpc-default-executor-1] INFO  impl.VoteContext (VoteContext.java:log(48)) - e05f913a-27b5-42aa-8e2a-9d0aa99964f1@group-66FDB48DD05F-FOLLOWER: accept ELECTION from 0a62877e-9b7e-486c-aaaf-613dec44d4b9: our priority 0 <= candidate's priority 1
2022-08-27 01:04:37,648 [grpc-default-executor-1] INFO  server.RaftServer$Division (RaftServerImpl.java:setRole(299)) - e05f913a-27b5-42aa-8e2a-9d0aa99964f1@group-66FDB48DD05F: changes role from  FOLLOWER to FOLLOWER at term 1 for candidate:0a62877e-9b7e-486c-aaaf-613dec44d4b9
2022-08-27 01:04:37,648 [grpc-default-executor-1] INFO  impl.RoleInfo (RoleInfo.java:shutdownFollowerState(110)) - e05f913a-27b5-42aa-8e2a-9d0aa99964f1: shutdown e05f913a-27b5-42aa-8e2a-9d0aa99964f1@group-66FDB48DD05F-FollowerState
2022-08-27 01:04:37,648 [grpc-default-executor-1] INFO  impl.RoleInfo (RoleInfo.java:updateAndGet(139)) - e05f913a-27b5-42aa-8e2a-9d0aa99964f1: start e05f913a-27b5-42aa-8e2a-9d0aa99964f1@group-66FDB48DD05F-FollowerState
2022-08-27 01:04:37,648 [e05f913a-27b5-42aa-8e2a-9d0aa99964f1@group-66FDB48DD05F-FollowerState] INFO  impl.FollowerState (FollowerState.java:run(152)) - e05f913a-27b5-42aa-8e2a-9d0aa99964f1@group-66FDB48DD05F-FollowerState was interrupted
2022-08-27 01:04:37,653 [grpc-default-executor-1] INFO  server.RaftServer$Division (RaftServerImpl.java:requestVote(1184)) - e05f913a-27b5-42aa-8e2a-9d0aa99964f1@group-66FDB48DD05F replies to ELECTION vote request: 0a62877e-9b7e-486c-aaaf-613dec44d4b9<-e05f913a-27b5-42aa-8e2a-9d0aa99964f1#0:OK-t1. Peer's state: e05f913a-27b5-42aa-8e2a-9d0aa99964f1@group-66FDB48DD05F:t1, leader=null, voted=0a62877e-9b7e-486c-aaaf-613dec44d4b9, raftlog=e05f913a-27b5-42aa-8e2a-9d0aa99964f1@group-66FDB48DD05F-SegmentedRaftLog:OPENED:c-1, conf=-1: [d4784843-40d7-47a0-a720-93e541e68dac|rpc:10.1.1.170:39719|dataStream:|priority:0, e05f913a-27b5-42aa-8e2a-9d0aa99964f1|rpc:10.1.1.170:43287|dataStream:|priority:0, 0a62877e-9b7e-486c-aaaf-613dec44d4b9|rpc:10.1.1.170:41817|dataStream:|priority:1], old=null
2022-08-27 01:04:37,654 [0a62877e-9b7e-486c-aaaf-613dec44d4b9@group-66FDB48DD05F-LeaderElection19] INFO  impl.LeaderElection (LeaderElection.java:logAndReturn(90)) - 0a62877e-9b7e-486c-aaaf-613dec44d4b9@group-66FDB48DD05F-LeaderElection19: ELECTION PASSED received 1 response(s) and 0 exception(s):
2022-08-27 01:04:37,654 [0a62877e-9b7e-486c-aaaf-613dec44d4b9@group-66FDB48DD05F-LeaderElection19] INFO  impl.LeaderElection (LeaderElection.java:logAndReturn(94)) -   Response 0: 0a62877e-9b7e-486c-aaaf-613dec44d4b9<-d4784843-40d7-47a0-a720-93e541e68dac#0:OK-t1
2022-08-27 01:04:37,654 [0a62877e-9b7e-486c-aaaf-613dec44d4b9@group-66FDB48DD05F-LeaderElection19] INFO  impl.LeaderElection (LeaderElection.java:askForVotes(312)) - 0a62877e-9b7e-486c-aaaf-613dec44d4b9@group-66FDB48DD05F-LeaderElection19 ELECTION round 0: result PASSED
2022-08-27 01:04:37,654 [0a62877e-9b7e-486c-aaaf-613dec44d4b9@group-66FDB48DD05F-LeaderElection19] INFO  impl.RoleInfo (RoleInfo.java:shutdownLeaderElection(130)) - 0a62877e-9b7e-486c-aaaf-613dec44d4b9: shutdown 0a62877e-9b7e-486c-aaaf-613dec44d4b9@group-66FDB48DD05F-LeaderElection19
2022-08-27 01:04:37,654 [0a62877e-9b7e-486c-aaaf-613dec44d4b9@group-66FDB48DD05F-LeaderElection19] INFO  server.RaftServer$Division (RaftServerImpl.java:setRole(299)) - 0a62877e-9b7e-486c-aaaf-613dec44d4b9@group-66FDB48DD05F: changes role from CANDIDATE to LEADER at term 1 for changeToLeader
2022-08-27 01:04:37,654 [0a62877e-9b7e-486c-aaaf-613dec44d4b9@group-66FDB48DD05F-LeaderElection19] INFO  ratis.XceiverServerRatis (XceiverServerRatis.java:handleLeaderChangedNotification(863)) - Leader change notification received for group: group-66FDB48DD05F with new leaderId: 0a62877e-9b7e-486c-aaaf-613dec44d4b9
2022-08-27 01:04:37,654 [0a62877e-9b7e-486c-aaaf-613dec44d4b9@group-66FDB48DD05F-LeaderElection19] INFO  server.RaftServer$Division (ServerState.java:setLeader(287)) - 0a62877e-9b7e-486c-aaaf-613dec44d4b9@group-66FDB48DD05F: change Leader from null to 0a62877e-9b7e-486c-aaaf-613dec44d4b9 at term 1 for becomeLeader, leader elected after 5132ms
2022-08-27 01:04:37,654 [0a62877e-9b7e-486c-aaaf-613dec44d4b9@group-66FDB48DD05F-LeaderElection19] INFO  server.RaftServerConfigKeys (ConfUtils.java:logGet(46)) - raft.server.staging.catchup.gap = 1000 (default)
2022-08-27 01:04:37,654 [0a62877e-9b7e-486c-aaaf-613dec44d4b9@group-66FDB48DD05F-LeaderElection19] INFO  server.RaftServerConfigKeys (ConfUtils.java:logGet(46)) - raft.server.write.element-limit = 1024 (custom)
2022-08-27 01:04:37,654 [0a62877e-9b7e-486c-aaaf-613dec44d4b9@group-66FDB48DD05F-LeaderElection19] INFO  server.RaftServerConfigKeys (ConfUtils.java:logGet(46)) - raft.server.write.byte-limit = 1024 M (=1073741824) (custom)
2022-08-27 01:04:37,655 [0a62877e-9b7e-486c-aaaf-613dec44d4b9@group-66FDB48DD05F-LeaderElection19] INFO  server.RaftServerConfigKeys (ConfUtils.java:logGet(46)) - raft.server.watch.timeout = 180s (custom)
2022-08-27 01:04:37,655 [0a62877e-9b7e-486c-aaaf-613dec44d4b9@group-66FDB48DD05F-LeaderElection19] INFO  server.RaftServerConfigKeys (ConfUtils.java:logGet(46)) - raft.server.watch.timeout.denomination = 1s (default)
2022-08-27 01:04:37,655 [0a62877e-9b7e-486c-aaaf-613dec44d4b9@group-66FDB48DD05F-LeaderElection19] INFO  server.RaftServerConfigKeys (ConfUtils.java:logGet(46)) - raft.server.watch.element-limit = 65536 (default)
2022-08-27 01:04:37,655 [0a62877e-9b7e-486c-aaaf-613dec44d4b9@group-66FDB48DD05F-LeaderElection19] INFO  server.RaftServerConfigKeys (ConfUtils.java:logGet(46)) - raft.server.write.element-limit = 1024 (custom)
2022-08-27 01:04:37,655 [0a62877e-9b7e-486c-aaaf-613dec44d4b9@group-66FDB48DD05F-LeaderElection19] INFO  server.RaftServerConfigKeys (ConfUtils.java:logGet(46)) - raft.server.write.follower.gap.ratio.max = -1.0 (default)
2022-08-27 01:04:37,655 [0a62877e-9b7e-486c-aaaf-613dec44d4b9@group-66FDB48DD05F-LeaderElection19] INFO  server.RaftServerConfigKeys (ConfUtils.java:logGet(46)) - raft.server.log.appender.snapshot.chunk.size.max = 16MB (=16777216) (default)
2022-08-27 01:04:37,655 [0a62877e-9b7e-486c-aaaf-613dec44d4b9@group-66FDB48DD05F-LeaderElection19] INFO  server.RaftServerConfigKeys (ConfUtils.java:logGet(46)) - raft.server.log.appender.buffer.byte-limit = 33554432 (custom)
2022-08-27 01:04:37,655 [0a62877e-9b7e-486c-aaaf-613dec44d4b9@group-66FDB48DD05F-LeaderElection19] INFO  server.RaftServerConfigKeys (ConfUtils.java:logGet(46)) - raft.server.log.appender.buffer.element-limit = 1 (custom)
2022-08-27 01:04:37,655 [0a62877e-9b7e-486c-aaaf-613dec44d4b9@group-66FDB48DD05F-LeaderElection19] INFO  grpc.GrpcConfigKeys (ConfUtils.java:logGet(46)) - raft.grpc.server.leader.outstanding.appends.max = 128 (default)
2022-08-27 01:04:37,656 [0a62877e-9b7e-486c-aaaf-613dec44d4b9@group-66FDB48DD05F-LeaderElection19] INFO  server.RaftServerConfigKeys (ConfUtils.java:logGet(46)) - raft.server.rpc.request.timeout = 60s (custom)
2022-08-27 01:04:37,656 [0a62877e-9b7e-486c-aaaf-613dec44d4b9@group-66FDB48DD05F-LeaderElection19] INFO  server.RaftServerConfigKeys (ConfUtils.java:logGet(46)) - raft.server.log.appender.install.snapshot.enabled = false (custom)
2022-08-27 01:04:37,656 [0a62877e-9b7e-486c-aaaf-613dec44d4b9@group-66FDB48DD05F-LeaderElection19] INFO  server.RaftServerConfigKeys (ConfUtils.java:logGet(46)) - raft.server.log.appender.snapshot.chunk.size.max = 16MB (=16777216) (default)
2022-08-27 01:04:37,657 [0a62877e-9b7e-486c-aaaf-613dec44d4b9@group-66FDB48DD05F-LeaderElection19] INFO  server.RaftServerConfigKeys (ConfUtils.java:logGet(46)) - raft.server.log.appender.buffer.byte-limit = 33554432 (custom)
2022-08-27 01:04:37,657 [0a62877e-9b7e-486c-aaaf-613dec44d4b9@group-66FDB48DD05F-LeaderElection19] INFO  server.RaftServerConfigKeys (ConfUtils.java:logGet(46)) - raft.server.log.appender.buffer.element-limit = 1 (custom)
2022-08-27 01:04:37,657 [0a62877e-9b7e-486c-aaaf-613dec44d4b9@group-66FDB48DD05F-LeaderElection19] INFO  grpc.GrpcConfigKeys (ConfUtils.java:logGet(46)) - raft.grpc.server.leader.outstanding.appends.max = 128 (default)
2022-08-27 01:04:37,657 [0a62877e-9b7e-486c-aaaf-613dec44d4b9@group-66FDB48DD05F-LeaderElection19] INFO  server.RaftServerConfigKeys (ConfUtils.java:logGet(46)) - raft.server.rpc.request.timeout = 60s (custom)
2022-08-27 01:04:37,657 [0a62877e-9b7e-486c-aaaf-613dec44d4b9@group-66FDB48DD05F-LeaderElection19] INFO  server.RaftServerConfigKeys (ConfUtils.java:logGet(46)) - raft.server.log.appender.install.snapshot.enabled = false (custom)
2022-08-27 01:04:37,658 [EventQueue-PipelineReportForPipelineReportHandler] INFO  pipeline.PipelineManagerImpl (PipelineManagerImpl.java:openPipeline(367)) - Pipeline Pipeline[ Id: f400a951-9020-43f9-90a7-66fdb48dd05f, Nodes: e05f913a-27b5-42aa-8e2a-9d0aa99964f1{ip: 10.1.1.170, host: fv-az41-820.zje5jq5y5x4uznwvdkgxk4wc2h.cx.internal.cloudapp.net, ports: [REPLICATION=43203, RATIS=43287, RATIS_ADMIN=43287, RATIS_SERVER=43287, STANDALONE=46017], networkLocation: /default-rack, certSerialId: null, persistedOpState: IN_SERVICE, persistedOpStateExpiryEpochSec: 0}0a62877e-9b7e-486c-aaaf-613dec44d4b9{ip: 10.1.1.170, host: fv-az41-820.zje5jq5y5x4uznwvdkgxk4wc2h.cx.internal.cloudapp.net, ports: [REPLICATION=45429, RATIS=41817, RATIS_ADMIN=41817, RATIS_SERVER=41817, STANDALONE=44077], networkLocation: /default-rack, certSerialId: null, persistedOpState: IN_SERVICE, persistedOpStateExpiryEpochSec: 0}d4784843-40d7-47a0-a720-93e541e68dac{ip: 10.1.1.170, host: fv-az41-820.zje5jq5y5x4uznwvdkgxk4wc2h.cx.internal.cloudapp.net, ports: [REPLICATION=42923, RATIS=39719, RATIS_ADMIN=39719, RATIS_SERVER=39719, STANDALONE=45613], networkLocation: /default-rack, certSerialId: null, persistedOpState: IN_SERVICE, persistedOpStateExpiryEpochSec: 0}, ReplicationConfig: RATIS/THREE, State:ALLOCATED, leaderId:0a62877e-9b7e-486c-aaaf-613dec44d4b9, CreationTimestamp2022-08-27T01:04:30.095Z[Etc/UTC]] moved to OPEN state
2022-08-27 01:04:37,661 [EventQueue-OpenPipelineForHealthyPipelineSafeModeRule] INFO  safemode.SCMSafeModeManager (HealthyPipelineSafeModeRule.java:process(137)) - SCM in safe mode. Healthy pipelines reported count is 1, required healthy pipeline reported count is 1
2022-08-27 01:04:37,661 [EventQueue-OpenPipelineForHealthyPipelineSafeModeRule] INFO  safemode.SCMSafeModeManager (SCMSafeModeManager.java:validateSafeModeExitRules(204)) - HealthyPipelineSafeModeRule rule is successfully validated
2022-08-27 01:04:37,661 [0a62877e-9b7e-486c-aaaf-613dec44d4b9@group-66FDB48DD05F-LeaderElection19] INFO  impl.RoleInfo (RoleInfo.java:updateAndGet(139)) - 0a62877e-9b7e-486c-aaaf-613dec44d4b9: start 0a62877e-9b7e-486c-aaaf-613dec44d4b9@group-66FDB48DD05F-LeaderStateImpl
2022-08-27 01:04:37,661 [EventQueue-OpenPipelineForHealthyPipelineSafeModeRule] INFO  safemode.SCMSafeModeManager (SCMSafeModeManager.java:validateSafeModeExitRules(219)) - ScmSafeModeManager, all rules are successfully validated
2022-08-27 01:04:37,662 [EventQueue-OpenPipelineForHealthyPipelineSafeModeRule] INFO  safemode.SCMSafeModeManager (SCMSafeModeManager.java:exitSafeMode(248)) - SCM exiting safe mode.
2022-08-27 01:04:37,662 [0a62877e-9b7e-486c-aaaf-613dec44d4b9@group-66FDB48DD05F-LeaderElection19] INFO  segmented.SegmentedRaftLogWorker (SegmentedRaftLogWorker.java:startLogSegment(425)) - 0a62877e-9b7e-486c-aaaf-613dec44d4b9@group-66FDB48DD05F-SegmentedRaftLogWorker: Starting segment from index:0
2022-08-27 01:04:37,662 [EventQueue-OpenPipelineForHealthyPipelineSafeModeRule] WARN  events.EventQueue (EventQueue.java:fireEvent(216)) - No event handler registered for event TypedEvent{payloadType=SafeModeStatus, name='Safe mode status'}
2022-08-27 01:04:37,662 [EventQueue-OpenPipelineForHealthyPipelineSafeModeRule] INFO  ha.SCMContext (SCMContext.java:updateSafeModeStatus(228)) - Update SafeModeStatus from SafeModeStatus{safeModeStatus=true, preCheckPassed=true} to SafeModeStatus{safeModeStatus=false, preCheckPassed=true}.
2022-08-27 01:04:37,662 [EventQueue-OpenPipelineForHealthyPipelineSafeModeRule] INFO  pipeline.BackgroundPipelineCreator (BackgroundPipelineCreator.java:notifyStatusChanged(254)) - Service BackgroundPipelineCreator transitions to RUNNING.
2022-08-27 01:04:37,662 [EventQueue-OpenPipelineForHealthyPipelineSafeModeRule] INFO  BackgroundPipelineScrubber (BackgroundSCMService.java:notifyStatusChanged(82)) - Service BackgroundPipelineScrubber transitions to RUNNING.
2022-08-27 01:04:37,662 [EventQueue-OpenPipelineForHealthyPipelineSafeModeRule] INFO  ExpiredContainerReplicaOpScrubber (BackgroundSCMService.java:notifyStatusChanged(82)) - Service ExpiredContainerReplicaOpScrubber transitions to RUNNING.
2022-08-27 01:04:37,662 [EventQueue-OpenPipelineForHealthyPipelineSafeModeRule] INFO  UnderReplicatedQueueThread (BackgroundSCMService.java:notifyStatusChanged(82)) - Service UnderReplicatedQueueThread transitions to RUNNING.
2022-08-27 01:04:37,662 [EventQueue-OpenPipelineForHealthyPipelineSafeModeRule] INFO  OverReplicatedQueueThread (BackgroundSCMService.java:notifyStatusChanged(82)) - Service OverReplicatedQueueThread transitions to RUNNING.
2022-08-27 01:04:37,662 [EventQueue-OpenPipelineForHealthyPipelineSafeModeRule] INFO  replication.ReplicationManager (ReplicationManager.java:notifyStatusChanged(719)) - Service ReplicationManager transitions to RUNNING.
2022-08-27 01:04:37,662 [EventQueue-OpenPipelineForHealthyPipelineSafeModeRule] WARN  balancer.ContainerBalancer (ContainerBalancer.java:shouldRun(925)) - Could not find persisted configuration for ContainerBalancer when checking if ContainerBalancer should run. ContainerBalancer should not run now.
2022-08-27 01:04:37,665 [0a62877e-9b7e-486c-aaaf-613dec44d4b9@group-66FDB48DD05F-LeaderElection19] INFO  server.RaftServer$Division (ServerState.java:setRaftConf(393)) - 0a62877e-9b7e-486c-aaaf-613dec44d4b9@group-66FDB48DD05F: set configuration 0: [d4784843-40d7-47a0-a720-93e541e68dac|rpc:10.1.1.170:39719|dataStream:|priority:0, e05f913a-27b5-42aa-8e2a-9d0aa99964f1|rpc:10.1.1.170:43287|dataStream:|priority:0, 0a62877e-9b7e-486c-aaaf-613dec44d4b9|rpc:10.1.1.170:41817|dataStream:|priority:1], old=null
2022-08-27 01:04:37,665 [0a62877e-9b7e-486c-aaaf-613dec44d4b9@group-66FDB48DD05F-SegmentedRaftLogWorker] INFO  segmented.SegmentedRaftLogWorker (SegmentedRaftLogWorker.java:execute(629)) - 0a62877e-9b7e-486c-aaaf-613dec44d4b9@group-66FDB48DD05F-SegmentedRaftLogWorker: created new log segment /home/runner/work/ozone/ozone/hadoop-ozone/integration-test/target/test-dir/MiniOzoneClusterImpl-6c28598a-b70a-49df-9254-251c667aa325/datanode-3/data/ratis/f400a951-9020-43f9-90a7-66fdb48dd05f/current/log_inprogress_0
2022-08-27 01:04:37,679 [e05f913a-27b5-42aa-8e2a-9d0aa99964f1-server-thread1] INFO  ratis.XceiverServerRatis (XceiverServerRatis.java:handleLeaderChangedNotification(863)) - Leader change notification received for group: group-66FDB48DD05F with new leaderId: 0a62877e-9b7e-486c-aaaf-613dec44d4b9
2022-08-27 01:04:37,679 [e05f913a-27b5-42aa-8e2a-9d0aa99964f1-server-thread1] INFO  server.RaftServer$Division (ServerState.java:setLeader(287)) - e05f913a-27b5-42aa-8e2a-9d0aa99964f1@group-66FDB48DD05F: change Leader from null to 0a62877e-9b7e-486c-aaaf-613dec44d4b9 at term 1 for appendEntries, leader elected after 5127ms
2022-08-27 01:04:37,690 [d4784843-40d7-47a0-a720-93e541e68dac-server-thread1] INFO  ratis.XceiverServerRatis (XceiverServerRatis.java:handleLeaderChangedNotification(863)) - Leader change notification received for group: group-66FDB48DD05F with new leaderId: 0a62877e-9b7e-486c-aaaf-613dec44d4b9
2022-08-27 01:04:37,690 [d4784843-40d7-47a0-a720-93e541e68dac-server-thread1] INFO  server.RaftServer$Division (ServerState.java:setLeader(287)) - d4784843-40d7-47a0-a720-93e541e68dac@group-66FDB48DD05F: change Leader from null to 0a62877e-9b7e-486c-aaaf-613dec44d4b9 at term 1 for appendEntries, leader elected after 5110ms
2022-08-27 01:04:37,694 [e05f913a-27b5-42aa-8e2a-9d0aa99964f1-server-thread2] INFO  server.RaftServer$Division (ServerState.java:setRaftConf(393)) - e05f913a-27b5-42aa-8e2a-9d0aa99964f1@group-66FDB48DD05F: set configuration 0: [d4784843-40d7-47a0-a720-93e541e68dac|rpc:10.1.1.170:39719|dataStream:|priority:0, e05f913a-27b5-42aa-8e2a-9d0aa99964f1|rpc:10.1.1.170:43287|dataStream:|priority:0, 0a62877e-9b7e-486c-aaaf-613dec44d4b9|rpc:10.1.1.170:41817|dataStream:|priority:1], old=null
2022-08-27 01:04:37,695 [e05f913a-27b5-42aa-8e2a-9d0aa99964f1-server-thread2] INFO  segmented.SegmentedRaftLogWorker (SegmentedRaftLogWorker.java:startLogSegment(425)) - e05f913a-27b5-42aa-8e2a-9d0aa99964f1@group-66FDB48DD05F-SegmentedRaftLogWorker: Starting segment from index:0
2022-08-27 01:04:37,697 [e05f913a-27b5-42aa-8e2a-9d0aa99964f1@group-66FDB48DD05F-SegmentedRaftLogWorker] INFO  segmented.SegmentedRaftLogWorker (SegmentedRaftLogWorker.java:execute(629)) - e05f913a-27b5-42aa-8e2a-9d0aa99964f1@group-66FDB48DD05F-SegmentedRaftLogWorker: created new log segment /home/runner/work/ozone/ozone/hadoop-ozone/integration-test/target/test-dir/MiniOzoneClusterImpl-6c28598a-b70a-49df-9254-251c667aa325/datanode-5/data/ratis/f400a951-9020-43f9-90a7-66fdb48dd05f/current/log_inprogress_0
2022-08-27 01:04:37,697 [d4784843-40d7-47a0-a720-93e541e68dac-server-thread1] INFO  server.RaftServer$Division (ServerState.java:setRaftConf(393)) - d4784843-40d7-47a0-a720-93e541e68dac@group-66FDB48DD05F: set configuration 0: [d4784843-40d7-47a0-a720-93e541e68dac|rpc:10.1.1.170:39719|dataStream:|priority:0, e05f913a-27b5-42aa-8e2a-9d0aa99964f1|rpc:10.1.1.170:43287|dataStream:|priority:0, 0a62877e-9b7e-486c-aaaf-613dec44d4b9|rpc:10.1.1.170:41817|dataStream:|priority:1], old=null
2022-08-27 01:04:37,698 [d4784843-40d7-47a0-a720-93e541e68dac-server-thread1] INFO  segmented.SegmentedRaftLogWorker (SegmentedRaftLogWorker.java:startLogSegment(425)) - d4784843-40d7-47a0-a720-93e541e68dac@group-66FDB48DD05F-SegmentedRaftLogWorker: Starting segment from index:0
2022-08-27 01:04:37,699 [d4784843-40d7-47a0-a720-93e541e68dac@group-66FDB48DD05F-SegmentedRaftLogWorker] INFO  segmented.SegmentedRaftLogWorker (SegmentedRaftLogWorker.java:execute(629)) - d4784843-40d7-47a0-a720-93e541e68dac@group-66FDB48DD05F-SegmentedRaftLogWorker: created new log segment /home/runner/work/ozone/ozone/hadoop-ozone/integration-test/target/test-dir/MiniOzoneClusterImpl-6c28598a-b70a-49df-9254-251c667aa325/datanode-4/data/ratis/f400a951-9020-43f9-90a7-66fdb48dd05f/current/log_inprogress_0
2022-08-27 01:04:37,921 [d4784843-40d7-47a0-a720-93e541e68dac@group-EB80D12CB902-FollowerState] INFO  impl.FollowerState (FollowerState.java:run(143)) - d4784843-40d7-47a0-a720-93e541e68dac@group-EB80D12CB902-FollowerState: change to CANDIDATE, lastRpcElapsedTime:5099809316ns, electionTimeout:5099ms
2022-08-27 01:04:37,921 [d4784843-40d7-47a0-a720-93e541e68dac@group-EB80D12CB902-FollowerState] INFO  impl.RoleInfo (RoleInfo.java:shutdownFollowerState(110)) - d4784843-40d7-47a0-a720-93e541e68dac: shutdown d4784843-40d7-47a0-a720-93e541e68dac@group-EB80D12CB902-FollowerState
2022-08-27 01:04:37,921 [d4784843-40d7-47a0-a720-93e541e68dac@group-EB80D12CB902-FollowerState] INFO  server.RaftServer$Division (RaftServerImpl.java:setRole(299)) - d4784843-40d7-47a0-a720-93e541e68dac@group-EB80D12CB902: changes role from  FOLLOWER to CANDIDATE at term 0 for changeToCandidate
2022-08-27 01:04:37,921 [d4784843-40d7-47a0-a720-93e541e68dac@group-EB80D12CB902-FollowerState] INFO  server.RaftServerConfigKeys (ConfUtils.java:logGet(46)) - raft.server.leaderelection.pre-vote = false (custom)
2022-08-27 01:04:37,921 [d4784843-40d7-47a0-a720-93e541e68dac@group-EB80D12CB902-FollowerState] INFO  impl.RoleInfo (RoleInfo.java:updateAndGet(139)) - d4784843-40d7-47a0-a720-93e541e68dac: start d4784843-40d7-47a0-a720-93e541e68dac@group-EB80D12CB902-LeaderElection21
2022-08-27 01:04:37,925 [d4784843-40d7-47a0-a720-93e541e68dac@group-EB80D12CB902-LeaderElection21] INFO  impl.LeaderElection (LeaderElection.java:askForVotes(310)) - d4784843-40d7-47a0-a720-93e541e68dac@group-EB80D12CB902-LeaderElection21 ELECTION round 0: submit vote requests at term 1 for -1: [d4784843-40d7-47a0-a720-93e541e68dac|rpc:10.1.1.170:39719|priority:1], old=null
2022-08-27 01:04:37,925 [d4784843-40d7-47a0-a720-93e541e68dac@group-EB80D12CB902-LeaderElection21] INFO  impl.LeaderElection (LeaderElection.java:askForVotes(312)) - d4784843-40d7-47a0-a720-93e541e68dac@group-EB80D12CB902-LeaderElection21 ELECTION round 0: result PASSED (term=1)
2022-08-27 01:04:37,925 [d4784843-40d7-47a0-a720-93e541e68dac@group-EB80D12CB902-LeaderElection21] INFO  impl.RoleInfo (RoleInfo.java:shutdownLeaderElection(130)) - d4784843-40d7-47a0-a720-93e541e68dac: shutdown d4784843-40d7-47a0-a720-93e541e68dac@group-EB80D12CB902-LeaderElection21
2022-08-27 01:04:37,925 [d4784843-40d7-47a0-a720-93e541e68dac@group-EB80D12CB902-LeaderElection21] INFO  server.RaftServer$Division (RaftServerImpl.java:setRole(299)) - d4784843-40d7-47a0-a720-93e541e68dac@group-EB80D12CB902: changes role from CANDIDATE to LEADER at term 1 for changeToLeader
2022-08-27 01:04:37,925 [d4784843-40d7-47a0-a720-93e541e68dac@group-EB80D12CB902-LeaderElection21] INFO  ratis.XceiverServerRatis (XceiverServerRatis.java:handleLeaderChangedNotification(863)) - Leader change notification received for group: group-EB80D12CB902 with new leaderId: d4784843-40d7-47a0-a720-93e541e68dac
2022-08-27 01:04:37,925 [d4784843-40d7-47a0-a720-93e541e68dac@group-EB80D12CB902-LeaderElection21] INFO  server.RaftServer$Division (ServerState.java:setLeader(287)) - d4784843-40d7-47a0-a720-93e541e68dac@group-EB80D12CB902: change Leader from null to d4784843-40d7-47a0-a720-93e541e68dac at term 1 for becomeLeader, leader elected after 5110ms
2022-08-27 01:04:37,925 [d4784843-40d7-47a0-a720-93e541e68dac@group-EB80D12CB902-LeaderElection21] INFO  server.RaftServerConfigKeys (ConfUtils.java:logGet(46)) - raft.server.staging.catchup.gap = 1000 (default)
2022-08-27 01:04:37,926 [d4784843-40d7-47a0-a720-93e541e68dac@group-EB80D12CB902-LeaderElection21] INFO  server.RaftServerConfigKeys (ConfUtils.java:logGet(46)) - raft.server.write.element-limit = 1024 (custom)
2022-08-27 01:04:37,926 [d4784843-40d7-47a0-a720-93e541e68dac@group-EB80D12CB902-LeaderElection21] INFO  server.RaftServerConfigKeys (ConfUtils.java:logGet(46)) - raft.server.write.byte-limit = 1024 M (=1073741824) (custom)
2022-08-27 01:04:37,926 [d4784843-40d7-47a0-a720-93e541e68dac@group-EB80D12CB902-LeaderElection21] INFO  server.RaftServerConfigKeys (ConfUtils.java:logGet(46)) - raft.server.watch.timeout = 180s (custom)
2022-08-27 01:04:37,926 [d4784843-40d7-47a0-a720-93e541e68dac@group-EB80D12CB902-LeaderElection21] INFO  server.RaftServerConfigKeys (ConfUtils.java:logGet(46)) - raft.server.watch.timeout.denomination = 1s (default)
2022-08-27 01:04:37,926 [d4784843-40d7-47a0-a720-93e541e68dac@group-EB80D12CB902-LeaderElection21] INFO  server.RaftServerConfigKeys (ConfUtils.java:logGet(46)) - raft.server.watch.element-limit = 65536 (default)
2022-08-27 01:04:37,926 [d4784843-40d7-47a0-a720-93e541e68dac@group-EB80D12CB902-LeaderElection21] INFO  server.RaftServerConfigKeys (ConfUtils.java:logGet(46)) - raft.server.write.element-limit = 1024 (custom)
2022-08-27 01:04:37,926 [d4784843-40d7-47a0-a720-93e541e68dac@group-EB80D12CB902-LeaderElection21] INFO  server.RaftServerConfigKeys (ConfUtils.java:logGet(46)) - raft.server.write.follower.gap.ratio.max = -1.0 (default)
2022-08-27 01:04:37,926 [d4784843-40d7-47a0-a720-93e541e68dac@group-EB80D12CB902-LeaderElection21] INFO  impl.RoleInfo (RoleInfo.java:updateAndGet(139)) - d4784843-40d7-47a0-a720-93e541e68dac: start d4784843-40d7-47a0-a720-93e541e68dac@group-EB80D12CB902-LeaderStateImpl
2022-08-27 01:04:37,927 [d4784843-40d7-47a0-a720-93e541e68dac@group-EB80D12CB902-LeaderElection21] INFO  segmented.SegmentedRaftLogWorker (SegmentedRaftLogWorker.java:startLogSegment(425)) - d4784843-40d7-47a0-a720-93e541e68dac@group-EB80D12CB902-SegmentedRaftLogWorker: Starting segment from index:0
2022-08-27 01:04:37,927 [d4784843-40d7-47a0-a720-93e541e68dac@group-EB80D12CB902-LeaderElection21] INFO  server.RaftServer$Division (ServerState.java:setRaftConf(393)) - d4784843-40d7-47a0-a720-93e541e68dac@group-EB80D12CB902: set configuration 0: [d4784843-40d7-47a0-a720-93e541e68dac|rpc:10.1.1.170:39719|dataStream:|priority:1], old=null
2022-08-27 01:04:37,928 [d4784843-40d7-47a0-a720-93e541e68dac@group-EB80D12CB902-SegmentedRaftLogWorker] INFO  segmented.SegmentedRaftLogWorker (SegmentedRaftLogWorker.java:execute(629)) - d4784843-40d7-47a0-a720-93e541e68dac@group-EB80D12CB902-SegmentedRaftLogWorker: created new log segment /home/runner/work/ozone/ozone/hadoop-ozone/integration-test/target/test-dir/MiniOzoneClusterImpl-6c28598a-b70a-49df-9254-251c667aa325/datanode-4/data/ratis/051e4f3c-ef5a-479c-9962-eb80d12cb902/current/log_inprogress_0
2022-08-27 01:04:38,096 [Listener at 127.0.0.1/46359] INFO  ozone.MiniOzoneClusterImpl (MiniOzoneClusterImpl.java:lambda$waitForClusterToBeReady$0(216)) - Nodes are ready. Got 6 of 6 DN Heartbeats.
2022-08-27 01:04:38,096 [Listener at 127.0.0.1/46359] INFO  ozone.MiniOzoneClusterImpl (MiniOzoneClusterImpl.java:lambda$waitForClusterToBeReady$0(219)) - Cluster exits safe mode
2022-08-27 01:04:38,096 [Listener at 127.0.0.1/46359] INFO  ozone.MiniOzoneClusterImpl (MiniOzoneClusterImpl.java:lambda$waitForClusterToBeReady$0(221)) - SCM became leader
2022-08-27 01:04:38,098 [Listener at 127.0.0.1/46359] WARN  server.ServerUtils (ServerUtils.java:getScmDbDir(148)) - ozone.scm.db.dirs is not configured. We recommend adding this setting. Falling back to ozone.metadata.dirs instead.
2022-08-27 01:04:38,100 [Listener at 127.0.0.1/46359] WARN  server.ServerUtils (ServerUtils.java:getScmDbDir(148)) - ozone.scm.db.dirs is not configured. We recommend adding this setting. Falling back to ozone.metadata.dirs instead.
2022-08-27 01:04:38,101 [Listener at 127.0.0.1/46359] INFO  ha.SCMHANodeDetails (SCMHANodeDetails.java:loadSCMHAConfig(209)) - ServiceID for StorageContainerManager is null
2022-08-27 01:04:38,101 [Listener at 127.0.0.1/46359] INFO  ha.SCMHANodeDetails (SCMHANodeDetails.java:loadSCMHAConfig(214)) - ozone.scm.default.service.id is not defined, falling back to ozone.scm.service.ids to find serviceID for StorageContainerManager if it is HA enabled cluster
2022-08-27 01:04:38,101 [Listener at 127.0.0.1/46359] WARN  utils.HAUtils (HAUtils.java:getMetaDir(342)) - ozone.scm.db.dirs is not configured. We recommend adding this setting. Falling back to ozone.metadata.dirs instead.
2022-08-27 01:04:38,102 [Listener at 127.0.0.1/46359] WARN  db.DBStoreBuilder (DBStoreBuilder.java:applyDBDefinition(143)) - ozone.scm.db.dirs is not configured. We recommend adding this setting. Falling back to ozone.metadata.dirs instead.
2022-08-27 01:04:38,122 [e05f913a-27b5-42aa-8e2a-9d0aa99964f1@group-0EE6415804C9-FollowerState] INFO  impl.FollowerState (FollowerState.java:run(143)) - e05f913a-27b5-42aa-8e2a-9d0aa99964f1@group-0EE6415804C9-FollowerState: change to CANDIDATE, lastRpcElapsedTime:5016109255ns, electionTimeout:5015ms
2022-08-27 01:04:38,122 [e05f913a-27b5-42aa-8e2a-9d0aa99964f1@group-0EE6415804C9-FollowerState] INFO  impl.RoleInfo (RoleInfo.java:shutdownFollowerState(110)) - e05f913a-27b5-42aa-8e2a-9d0aa99964f1: shutdown e05f913a-27b5-42aa-8e2a-9d0aa99964f1@group-0EE6415804C9-FollowerState
2022-08-27 01:04:38,122 [e05f913a-27b5-42aa-8e2a-9d0aa99964f1@group-0EE6415804C9-FollowerState] INFO  server.RaftServer$Division (RaftServerImpl.java:setRole(299)) - e05f913a-27b5-42aa-8e2a-9d0aa99964f1@group-0EE6415804C9: changes role from  FOLLOWER to CANDIDATE at term 0 for changeToCandidate
2022-08-27 01:04:38,122 [e05f913a-27b5-42aa-8e2a-9d0aa99964f1@group-0EE6415804C9-FollowerState] INFO  server.RaftServerConfigKeys (ConfUtils.java:logGet(46)) - raft.server.leaderelection.pre-vote = false (custom)
2022-08-27 01:04:38,122 [e05f913a-27b5-42aa-8e2a-9d0aa99964f1@group-0EE6415804C9-FollowerState] INFO  impl.RoleInfo (RoleInfo.java:updateAndGet(139)) - e05f913a-27b5-42aa-8e2a-9d0aa99964f1: start e05f913a-27b5-42aa-8e2a-9d0aa99964f1@group-0EE6415804C9-LeaderElection22
2022-08-27 01:04:38,150 [e05f913a-27b5-42aa-8e2a-9d0aa99964f1@group-0EE6415804C9-LeaderElection22] INFO  impl.LeaderElection (LeaderElection.java:askForVotes(310)) - e05f913a-27b5-42aa-8e2a-9d0aa99964f1@group-0EE6415804C9-LeaderElection22 ELECTION round 0: submit vote requests at term 1 for -1: [e05f913a-27b5-42aa-8e2a-9d0aa99964f1|rpc:10.1.1.170:43287|priority:1], old=null
2022-08-27 01:04:38,150 [e05f913a-27b5-42aa-8e2a-9d0aa99964f1@group-0EE6415804C9-LeaderElection22] INFO  impl.LeaderElection (LeaderElection.java:askForVotes(312)) - e05f913a-27b5-42aa-8e2a-9d0aa99964f1@group-0EE6415804C9-LeaderElection22 ELECTION round 0: result PASSED (term=1)
2022-08-27 01:04:38,150 [e05f913a-27b5-42aa-8e2a-9d0aa99964f1@group-0EE6415804C9-LeaderElection22] INFO  impl.RoleInfo (RoleInfo.java:shutdownLeaderElection(130)) - e05f913a-27b5-42aa-8e2a-9d0aa99964f1: shutdown e05f913a-27b5-42aa-8e2a-9d0aa99964f1@group-0EE6415804C9-LeaderElection22
2022-08-27 01:04:38,151 [e05f913a-27b5-42aa-8e2a-9d0aa99964f1@group-0EE6415804C9-LeaderElection22] INFO  server.RaftServer$Division (RaftServerImpl.java:setRole(299)) - e05f913a-27b5-42aa-8e2a-9d0aa99964f1@group-0EE6415804C9: changes role from CANDIDATE to LEADER at term 1 for changeToLeader
2022-08-27 01:04:38,151 [e05f913a-27b5-42aa-8e2a-9d0aa99964f1@group-0EE6415804C9-LeaderElection22] INFO  ratis.XceiverServerRatis (XceiverServerRatis.java:handleLeaderChangedNotification(863)) - Leader change notification received for group: group-0EE6415804C9 with new leaderId: e05f913a-27b5-42aa-8e2a-9d0aa99964f1
2022-08-27 01:04:38,151 [e05f913a-27b5-42aa-8e2a-9d0aa99964f1@group-0EE6415804C9-LeaderElection22] INFO  server.RaftServer$Division (ServerState.java:setLeader(287)) - e05f913a-27b5-42aa-8e2a-9d0aa99964f1@group-0EE6415804C9: change Leader from null to e05f913a-27b5-42aa-8e2a-9d0aa99964f1 at term 1 for becomeLeader, leader elected after 5054ms
2022-08-27 01:04:38,152 [e05f913a-27b5-42aa-8e2a-9d0aa99964f1@group-0EE6415804C9-LeaderElection22] INFO  server.RaftServerConfigKeys (ConfUtils.java:logGet(46)) - raft.server.staging.catchup.gap = 1000 (default)
2022-08-27 01:04:38,153 [e05f913a-27b5-42aa-8e2a-9d0aa99964f1@group-0EE6415804C9-LeaderElection22] INFO  server.RaftServerConfigKeys (ConfUtils.java:logGet(46)) - raft.server.write.element-limit = 1024 (custom)
2022-08-27 01:04:38,153 [e05f913a-27b5-42aa-8e2a-9d0aa99964f1@group-0EE6415804C9-LeaderElection22] INFO  server.RaftServerConfigKeys (ConfUtils.java:logGet(46)) - raft.server.write.byte-limit = 1024 M (=1073741824) (custom)
2022-08-27 01:04:38,153 [e05f913a-27b5-42aa-8e2a-9d0aa99964f1@group-0EE6415804C9-LeaderElection22] INFO  server.RaftServerConfigKeys (ConfUtils.java:logGet(46)) - raft.server.watch.timeout = 180s (custom)
2022-08-27 01:04:38,153 [e05f913a-27b5-42aa-8e2a-9d0aa99964f1@group-0EE6415804C9-LeaderElection22] INFO  server.RaftServerConfigKeys (ConfUtils.java:logGet(46)) - raft.server.watch.timeout.denomination = 1s (default)
2022-08-27 01:04:38,153 [e05f913a-27b5-42aa-8e2a-9d0aa99964f1@group-0EE6415804C9-LeaderElection22] INFO  server.RaftServerConfigKeys (ConfUtils.java:logGet(46)) - raft.server.watch.element-limit = 65536 (default)
2022-08-27 01:04:38,154 [e05f913a-27b5-42aa-8e2a-9d0aa99964f1@group-0EE6415804C9-LeaderElection22] INFO  server.RaftServerConfigKeys (ConfUtils.java:logGet(46)) - raft.server.write.element-limit = 1024 (custom)
2022-08-27 01:04:38,154 [e05f913a-27b5-42aa-8e2a-9d0aa99964f1@group-0EE6415804C9-LeaderElection22] INFO  server.RaftServerConfigKeys (ConfUtils.java:logGet(46)) - raft.server.write.follower.gap.ratio.max = -1.0 (default)
2022-08-27 01:04:38,154 [e05f913a-27b5-42aa-8e2a-9d0aa99964f1@group-0EE6415804C9-LeaderElection22] INFO  impl.RoleInfo (RoleInfo.java:updateAndGet(139)) - e05f913a-27b5-42aa-8e2a-9d0aa99964f1: start e05f913a-27b5-42aa-8e2a-9d0aa99964f1@group-0EE6415804C9-LeaderStateImpl
2022-08-27 01:04:38,154 [e05f913a-27b5-42aa-8e2a-9d0aa99964f1@group-0EE6415804C9-LeaderElection22] INFO  segmented.SegmentedRaftLogWorker (SegmentedRaftLogWorker.java:startLogSegment(425)) - e05f913a-27b5-42aa-8e2a-9d0aa99964f1@group-0EE6415804C9-SegmentedRaftLogWorker: Starting segment from index:0
2022-08-27 01:04:38,155 [e05f913a-27b5-42aa-8e2a-9d0aa99964f1@group-0EE6415804C9-LeaderElection22] INFO  server.RaftServer$Division (ServerState.java:setRaftConf(393)) - e05f913a-27b5-42aa-8e2a-9d0aa99964f1@group-0EE6415804C9: set configuration 0: [e05f913a-27b5-42aa-8e2a-9d0aa99964f1|rpc:10.1.1.170:43287|dataStream:|priority:1], old=null
2022-08-27 01:04:38,213 [e05f913a-27b5-42aa-8e2a-9d0aa99964f1@group-0EE6415804C9-SegmentedRaftLogWorker] INFO  segmented.SegmentedRaftLogWorker (SegmentedRaftLogWorker.java:execute(629)) - e05f913a-27b5-42aa-8e2a-9d0aa99964f1@group-0EE6415804C9-SegmentedRaftLogWorker: created new log segment /home/runner/work/ozone/ozone/hadoop-ozone/integration-test/target/test-dir/MiniOzoneClusterImpl-6c28598a-b70a-49df-9254-251c667aa325/datanode-5/data/ratis/f0fc5db9-56fc-400c-9a6b-0ee6415804c9/current/log_inprogress_0
2022-08-27 01:04:38,272 [ReplicationMonitor] INFO  replication.ReplicationManager (ReplicationManager.java:processAll(293)) - Replication Monitor Thread took 0 milliseconds for processing 3 containers.
2022-08-27 01:04:38,463 [main] INFO  utils.BackgroundService (BackgroundService.java:shutdown(141)) - Shutting down service BlockDeletingService
2022-08-27 01:04:38,464 [main] INFO  utils.BackgroundService (BackgroundService.java:shutdown(141)) - Shutting down service StaleRecoveringContainerScrubbingService
2022-08-27 01:04:38,645 [ReplicationMonitor] INFO  replication.ReplicationManager (ReplicationManager.java:processAll(255)) - Replication Manager is not ready to run until 3000ms after safemode exit
2022-08-27 01:04:38,779 [Listener at 127.0.0.1/46359] INFO  net.NodeSchemaLoader (NodeSchemaLoader.java:loadSchemaFromFile(129)) - Loading schema from [jar:file:/home/runner/.m2/repository/org/apache/ozone/hdds-common/1.3.0-SNAPSHOT/hdds-common-1.3.0-SNAPSHOT.jar!/network-topology-default.xml]
2022-08-27 01:04:38,779 [Listener at 127.0.0.1/46359] INFO  net.NodeSchemaLoader (NodeSchemaLoader.java:loadSchema(176)) - Loading network topology layer schema file
2022-08-27 01:04:38,790 [Listener at 127.0.0.1/46359] WARN  impl.MetricRegistriesImpl (MetricRegistriesImpl.java:addReporterRegistration(111)) - New reporters are added after registries were created. Some metrics will be missing from the reporter. Please add reporter before adding any new registry.
2022-08-27 01:04:38,790 [Listener at 127.0.0.1/46359] WARN  impl.MetricRegistriesImpl (MetricRegistriesImpl.java:addReporterRegistration(111)) - New reporters are added after registries were created. Some metrics will be missing from the reporter. Please add reporter before adding any new registry.
2022-08-27 01:04:38,790 [Listener at 127.0.0.1/46359] INFO  upgrade.AbstractLayoutVersionManager (AbstractLayoutVersionManager.java:init(83)) - Initializing Layout version manager with metadata layout = DATANODE_SCHEMA_V3 (version = 4), software layout = DATANODE_SCHEMA_V3 (version = 4)
2022-08-27 01:04:38,849 [Listener at 127.0.0.1/46359] INFO  reflections.Reflections (Reflections.java:scan(232)) - Reflections took 58 ms to scan 7 urls, producing 133 keys and 322 values 
2022-08-27 01:04:38,857 [Listener at 127.0.0.1/46359] INFO  ha.SequenceIdGenerator (SequenceIdGenerator.java:upgradeToSequenceId(349)) - upgrade localId to 109611004723200000
2022-08-27 01:04:38,858 [Listener at 127.0.0.1/46359] INFO  ha.SequenceIdGenerator (SequenceIdGenerator.java:upgradeToSequenceId(359)) - upgrade delTxnId to 0
2022-08-27 01:04:38,858 [Listener at 127.0.0.1/46359] INFO  ha.SequenceIdGenerator (SequenceIdGenerator.java:upgradeToSequenceId(376)) - upgrade containerId to 0
2022-08-27 01:04:38,858 [Listener at 127.0.0.1/46359] INFO  ha.SequenceIdGenerator (SequenceIdGenerator.java:<init>(220)) - Init the HA SequenceIdGenerator.
2022-08-27 01:04:38,864 [Listener at 127.0.0.1/46359] INFO  node.SCMNodeManager (SCMNodeManager.java:<init>(149)) - Entering startup safe mode.
2022-08-27 01:04:38,865 [Listener at 127.0.0.1/46359] INFO  algorithms.ContainerPlacementPolicyFactory (ContainerPlacementPolicyFactory.java:getPolicyInternal(86)) - Create container placement policy of type org.apache.hadoop.hdds.scm.container.placement.algorithms.SCMContainerPlacementRandom
2022-08-27 01:04:38,865 [Listener at 127.0.0.1/46359] INFO  algorithms.ContainerPlacementPolicyFactory (ContainerPlacementPolicyFactory.java:getPolicyInternal(86)) - Create container placement policy of type org.apache.hadoop.hdds.scm.container.placement.algorithms.SCMContainerPlacementRackScatter
2022-08-27 01:04:38,865 [Listener at 127.0.0.1/46359] INFO  pipeline.PipelineStateManagerImpl (PipelineStateManagerImpl.java:initialize(78)) - No pipeline exists in current db
2022-08-27 01:04:38,865 [Listener at 127.0.0.1/46359] INFO  algorithms.LeaderChoosePolicyFactory (LeaderChoosePolicyFactory.java:getPolicy(57)) - Create leader choose policy of type org.apache.hadoop.hdds.scm.pipeline.leader.choose.algorithms.MinLeaderCountChoosePolicy
2022-08-27 01:04:38,865 [Listener at 127.0.0.1/46359] INFO  algorithms.ContainerPlacementPolicyFactory (ContainerPlacementPolicyFactory.java:getPolicyInternal(86)) - Create container placement policy of type org.apache.hadoop.hdds.scm.container.placement.algorithms.SCMContainerPlacementRackScatter
2022-08-27 01:04:38,865 [Listener at 127.0.0.1/46359] INFO  ha.SCMServiceManager (SCMServiceManager.java:register(42)) - Registering service BackgroundPipelineCreator.
2022-08-27 01:04:38,865 [Listener at 127.0.0.1/46359] INFO  pipeline.BackgroundPipelineCreator (BackgroundPipelineCreator.java:start(124)) - Starting RatisPipelineUtilsThread.
2022-08-27 01:04:38,870 [Listener at 127.0.0.1/46359] INFO  BackgroundPipelineScrubber (BackgroundSCMService.java:start(68)) - Starting BackgroundPipelineScrubber Service.
2022-08-27 01:04:38,874 [Listener at 127.0.0.1/46359] INFO  ha.SCMServiceManager (SCMServiceManager.java:register(42)) - Registering service BackgroundPipelineScrubber.
2022-08-27 01:04:38,874 [Listener at 127.0.0.1/46359] INFO  ExpiredContainerReplicaOpScrubber (BackgroundSCMService.java:start(68)) - Starting ExpiredContainerReplicaOpScrubber Service.
2022-08-27 01:04:38,880 [Listener at 127.0.0.1/46359] INFO  ha.SCMServiceManager (SCMServiceManager.java:register(42)) - Registering service ExpiredContainerReplicaOpScrubber.
2022-08-27 01:04:38,880 [Listener at 127.0.0.1/46359] INFO  algorithms.PipelineChoosePolicyFactory (PipelineChoosePolicyFactory.java:createPipelineChoosePolicyFromClass(73)) - Create pipeline choose policy of type org.apache.hadoop.hdds.scm.pipeline.choose.algorithms.RandomPipelineChoosePolicy
2022-08-27 01:04:38,880 [Listener at 127.0.0.1/46359] INFO  ha.SCMServiceManager (SCMServiceManager.java:register(42)) - Registering service SCMBlockDeletingService.
2022-08-27 01:04:38,881 [Listener at 127.0.0.1/46359] INFO  replication.ReplicationManager (ReplicationManager.java:start(206)) - Starting Replication Monitor Thread.
2022-08-27 01:04:38,884 [Listener at 127.0.0.1/46359] INFO  UnderReplicatedQueueThread (BackgroundSCMService.java:start(68)) - Starting UnderReplicatedQueueThread Service.
2022-08-27 01:04:38,898 [ReplicationMonitor] INFO  replication.ReplicationManager (ReplicationManager.java:processAll(255)) - Replication Manager is not ready to run until 3000ms after safemode exit
2022-08-27 01:04:38,898 [Listener at 127.0.0.1/46359] INFO  ha.SCMServiceManager (SCMServiceManager.java:register(42)) - Registering service UnderReplicatedQueueThread.
2022-08-27 01:04:38,898 [Listener at 127.0.0.1/46359] INFO  OverReplicatedQueueThread (BackgroundSCMService.java:start(68)) - Starting OverReplicatedQueueThread Service.
2022-08-27 01:04:38,902 [Listener at 127.0.0.1/46359] INFO  ha.SCMServiceManager (SCMServiceManager.java:register(42)) - Registering service OverReplicatedQueueThread.
2022-08-27 01:04:38,902 [Listener at 127.0.0.1/46359] INFO  ha.SCMServiceManager (SCMServiceManager.java:register(42)) - Registering service ReplicationManager.
2022-08-27 01:04:38,902 [Listener at 127.0.0.1/46359] INFO  safemode.ContainerSafeModeRule (ContainerSafeModeRule.java:<init>(89)) - containers with one replica threshold count 0
2022-08-27 01:04:38,902 [Listener at 127.0.0.1/46359] INFO  safemode.HealthyPipelineSafeModeRule (HealthyPipelineSafeModeRule.java:initializeRule(169)) - Total pipeline count is 0, healthy pipeline threshold count is 1
2022-08-27 01:04:38,902 [Listener at 127.0.0.1/46359] INFO  safemode.OneReplicaPipelineSafeModeRule (OneReplicaPipelineSafeModeRule.java:initializeRule(180)) - Total pipeline count is 0, pipeline's with at least one datanode reported threshold count is 0
2022-08-27 01:04:38,908 [Listener at 127.0.0.1/46359] INFO  ipc.CallQueueManager (CallQueueManager.java:<init>(90)) - Using callQueue: class java.util.concurrent.LinkedBlockingQueue, queueCapacity: 2000, scheduler: class org.apache.hadoop.ipc.DefaultRpcScheduler, ipcBackoff: false.
2022-08-27 01:04:38,915 [Socket Reader #1 for port 0] INFO  ipc.Server (Server.java:run(1265)) - Starting Socket Reader #1 for port 0
2022-08-27 01:04:38,930 [Listener at 0.0.0.0/40101] INFO  ipc.CallQueueManager (CallQueueManager.java:<init>(90)) - Using callQueue: class java.util.concurrent.LinkedBlockingQueue, queueCapacity: 2000, scheduler: class org.apache.hadoop.ipc.DefaultRpcScheduler, ipcBackoff: false.
2022-08-27 01:04:38,936 [Socket Reader #1 for port 0] INFO  ipc.Server (Server.java:run(1265)) - Starting Socket Reader #1 for port 0
2022-08-27 01:04:38,941 [Listener at 0.0.0.0/46409] INFO  ipc.CallQueueManager (CallQueueManager.java:<init>(90)) - Using callQueue: class java.util.concurrent.LinkedBlockingQueue, queueCapacity: 2000, scheduler: class org.apache.hadoop.ipc.DefaultRpcScheduler, ipcBackoff: false.
2022-08-27 01:04:38,948 [Socket Reader #1 for port 0] INFO  ipc.Server (Server.java:run(1265)) - Starting Socket Reader #1 for port 0
2022-08-27 01:04:39,001 [Listener at 0.0.0.0/41533] INFO  ha.SCMServiceManager (SCMServiceManager.java:register(42)) - Registering service ContainerBalancer.
2022-08-27 01:04:39,001 [Listener at 0.0.0.0/41533] INFO  server.StorageContainerManager (StorageContainerManager.java:<init>(412)) - 
Container Balancer status:
Key                            Value
Running                        false
Container Balancer Configuration values:
Key                                                Value
Threshold                                          10
Max Datanodes to Involve per Iteration(percent)    20
Max Size to Move per Iteration                     500GB
Max Size Entering Target per Iteration             26GB
Max Size Leaving Source per Iteration              26GB

2022-08-27 01:04:39,001 [Listener at 0.0.0.0/41533] WARN  events.EventQueue (EventQueue.java:fireEvent(216)) - No event handler registered for event TypedEvent{payloadType=SafeModeStatus, name='Safe mode status'}
2022-08-27 01:04:39,001 [Listener at 0.0.0.0/41533] INFO  ha.SCMContext (SCMContext.java:updateSafeModeStatus(228)) - Update SafeModeStatus from SafeModeStatus{safeModeStatus=true, preCheckPassed=false} to SafeModeStatus{safeModeStatus=true, preCheckPassed=false}.
2022-08-27 01:04:39,001 [Listener at 0.0.0.0/41533] INFO  server.StorageContainerManager (StorageContainerManager.java:start(1466)) - StorageContainerLocationProtocol RPC server is listening at /0.0.0.0:41533
2022-08-27 01:04:39,001 [Listener at 0.0.0.0/41533] INFO  impl.MetricsSystemImpl (MetricsSystemImpl.java:init(158)) - StorageContainerManager metrics system started (again)
2022-08-27 01:04:39,027 [Listener at 0.0.0.0/41533] INFO  server.SCMClientProtocolServer (SCMClientProtocolServer.java:start(170)) - RPC server for Client  is listening at /0.0.0.0:41533
2022-08-27 01:04:39,027 [IPC Server Responder] INFO  ipc.Server (Server.java:run(1507)) - IPC Server Responder: starting
2022-08-27 01:04:39,031 [IPC Server listener on 0] INFO  ipc.Server (Server.java:run(1344)) - IPC Server listener on 0: starting
2022-08-27 01:04:39,033 [Listener at 0.0.0.0/41533] INFO  server.StorageContainerManager (StorageContainerManager.java:start(1481)) - ScmBlockLocationProtocol RPC server is listening at /0.0.0.0:46409
2022-08-27 01:04:39,033 [Listener at 0.0.0.0/41533] INFO  server.SCMBlockProtocolServer (SCMBlockProtocolServer.java:start(152)) - RPC server for Block Protocol is listening at /0.0.0.0:46409
2022-08-27 01:04:39,033 [IPC Server Responder] INFO  ipc.Server (Server.java:run(1507)) - IPC Server Responder: starting
2022-08-27 01:04:39,033 [IPC Server listener on 0] INFO  ipc.Server (Server.java:run(1344)) - IPC Server listener on 0: starting
2022-08-27 01:04:39,035 [Listener at 0.0.0.0/41533] INFO  server.SCMDatanodeProtocolServer (SCMDatanodeProtocolServer.java:start(186)) - ScmDatanodeProtocol RPC server for DataNodes is listening at /0.0.0.0:40101
2022-08-27 01:04:39,036 [IPC Server Responder] INFO  ipc.Server (Server.java:run(1507)) - IPC Server Responder: starting
2022-08-27 01:04:39,036 [IPC Server listener on 0] INFO  ipc.Server (Server.java:run(1344)) - IPC Server listener on 0: starting
2022-08-27 01:04:39,043 [org.apache.hadoop.util.JvmPauseMonitor$Monitor@393a66f0] INFO  util.JvmPauseMonitor (JvmPauseMonitor.java:run(188)) - Starting JVM pause monitor
2022-08-27 01:04:39,043 [Listener at 0.0.0.0/41533] INFO  http.BaseHttpServer (BaseHttpServer.java:newHttpServer2BuilderForOzone(213)) - Starting Web-server for scm at: http://0.0.0.0:0
2022-08-27 01:04:39,043 [Listener at 0.0.0.0/41533] INFO  http.BaseHttpServer (BaseHttpServer.java:<init>(108)) - Hadoop Security Enabled: false Ozone Security Enabled: false Ozone HTTP Security Enabled: false 
2022-08-27 01:04:39,044 [Listener at 0.0.0.0/41533] INFO  server.AuthenticationFilter (AuthenticationFilter.java:constructSecretProvider(240)) - Unable to initialize FileSignerSecretProvider, falling back to use random secrets.
2022-08-27 01:04:39,048 [Listener at 0.0.0.0/41533] WARN  http.HttpRequestLog (HttpRequestLog.java:getRequestLog(103)) - Jetty request log can only be enabled using Log4j
2022-08-27 01:04:39,049 [Listener at 0.0.0.0/41533] INFO  http.HttpServer2 (HttpServer2.java:addGlobalFilter(1029)) - Added global filter 'safety' (class=org.apache.hadoop.hdds.server.http.HttpServer2$QuotingInputFilter)
2022-08-27 01:04:39,058 [Listener at 0.0.0.0/41533] INFO  http.HttpServer2 (HttpServer2.java:addFilter(1005)) - Added filter static_user_filter (class=org.apache.hadoop.http.lib.StaticUserWebFilter$StaticUserFilter) to context scm
2022-08-27 01:04:39,058 [Listener at 0.0.0.0/41533] INFO  http.HttpServer2 (HttpServer2.java:addFilter(1013)) - Added filter static_user_filter (class=org.apache.hadoop.http.lib.StaticUserWebFilter$StaticUserFilter) to context logs
2022-08-27 01:04:39,058 [Listener at 0.0.0.0/41533] INFO  http.HttpServer2 (HttpServer2.java:addFilter(1013)) - Added filter static_user_filter (class=org.apache.hadoop.http.lib.StaticUserWebFilter$StaticUserFilter) to context static
2022-08-27 01:04:39,058 [Listener at 0.0.0.0/41533] INFO  http.HttpServer2 (HttpServer2.java:bindListener(1248)) - Jetty bound to port 40019
2022-08-27 01:04:39,058 [Listener at 0.0.0.0/41533] INFO  server.Server (Server.java:doStart(375)) - jetty-9.4.43.v20210629; built: 2021-06-30T11:07:22.254Z; git: 526006ecfa3af7f1a27ef3a288e2bef7ea9dd7e8; jvm 1.8.0_345-b01
2022-08-27 01:04:39,072 [Listener at 0.0.0.0/41533] INFO  server.session (DefaultSessionIdManager.java:doStart(334)) - DefaultSessionIdManager workerName=node0
2022-08-27 01:04:39,072 [Listener at 0.0.0.0/41533] INFO  server.session (DefaultSessionIdManager.java:doStart(339)) - No SessionScavenger set, using defaults
2022-08-27 01:04:39,072 [Listener at 0.0.0.0/41533] INFO  server.session (HouseKeeper.java:startScavenging(132)) - node0 Scavenging every 660000ms
2022-08-27 01:04:39,073 [Listener at 0.0.0.0/41533] INFO  handler.ContextHandler (ContextHandler.java:doStart(915)) - Started o.e.j.s.ServletContextHandler@6f8c1eef{logs,/logs,file:///home/runner/work/ozone/ozone/hadoop-ozone/integration-test/target/log,AVAILABLE}
2022-08-27 01:04:39,073 [Listener at 0.0.0.0/41533] INFO  handler.ContextHandler (ContextHandler.java:doStart(915)) - Started o.e.j.s.ServletContextHandler@661ddbab{static,/static,file:///home/runner/work/ozone/ozone/hadoop-ozone/integration-test/target/test-classes/webapps/static,AVAILABLE}
2022-08-27 01:04:39,075 [Listener at 0.0.0.0/41533] INFO  handler.ContextHandler (ContextHandler.java:doStart(915)) - Started o.e.j.w.WebAppContext@25e6e937{scm,/,file:///home/runner/work/ozone/ozone/hadoop-ozone/integration-test/target/test-classes/webapps/scm/,AVAILABLE}{file:/home/runner/work/ozone/ozone/hadoop-ozone/integration-test/target/test-classes/webapps/scm}
2022-08-27 01:04:39,081 [Listener at 0.0.0.0/41533] INFO  server.AbstractConnector (AbstractConnector.java:doStart(331)) - Started ServerConnector@6e91b7f3{HTTP/1.1, (http/1.1)}{0.0.0.0:40019}
2022-08-27 01:04:39,081 [Listener at 0.0.0.0/41533] INFO  server.Server (Server.java:doStart(415)) - Started @37769ms
2022-08-27 01:04:39,081 [Listener at 0.0.0.0/41533] WARN  impl.MetricsSystemImpl (MetricsSystemImpl.java:register(279)) - Sink prometheus already exists!
2022-08-27 01:04:39,082 [Listener at 0.0.0.0/41533] INFO  http.BaseHttpServer (BaseHttpServer.java:updateConnectorAddress(333)) - HTTP server of scm listening at http://0.0.0.0:40019
2022-08-27 01:04:39,082 [Listener at 0.0.0.0/41533] WARN  server.ServerUtils (ServerUtils.java:getDBPath(225)) - ozone.om.db.dirs is not configured. We recommend adding this setting. Falling back to ozone.metadata.dirs instead.
2022-08-27 01:04:39,084 [Listener at 0.0.0.0/41533] INFO  ha.OMHANodeDetails (OMHANodeDetails.java:loadOMHAConfig(115)) - ozone.om.internal.service.id is not defined, falling back to ozone.om.service.ids to find serviceID for OzoneManager if it is HA enabled cluster
2022-08-27 01:04:39,084 [Listener at 0.0.0.0/41533] INFO  ha.OMHANodeDetails (OMHANodeDetails.java:loadOMHAConfig(226)) - Configuration does not have ozone.om.address set. Falling back to the default OM address /127.0.0.1:0
2022-08-27 01:04:39,084 [Listener at 0.0.0.0/41533] INFO  ha.OMHANodeDetails (OMHANodeDetails.java:getOMNodeDetailsForNonHA(254)) - OM Service ID is not set. Setting it to the default ID: omServiceIdDefault
2022-08-27 01:04:39,084 [Listener at 0.0.0.0/41533] INFO  ha.OMHANodeDetails (OMHANodeDetails.java:getOMNodeDetailsForNonHA(261)) - OM Node ID is not set. Setting it to the default ID: om1
2022-08-27 01:04:39,084 [Listener at 0.0.0.0/41533] WARN  server.ServerUtils (ServerUtils.java:getDBPath(225)) - ozone.om.db.dirs is not configured. We recommend adding this setting. Falling back to ozone.metadata.dirs instead.
2022-08-27 01:04:39,084 [Listener at 0.0.0.0/41533] INFO  upgrade.AbstractLayoutVersionManager (AbstractLayoutVersionManager.java:init(83)) - Initializing Layout version manager with metadata layout = MULTITENANCY_SCHEMA (version = 3), software layout = MULTITENANCY_SCHEMA (version = 3)
2022-08-27 01:04:39,153 [Listener at 0.0.0.0/41533] INFO  reflections.Reflections (Reflections.java:scan(232)) - Reflections took 68 ms to scan 2 urls, producing 153 keys and 427 values [using 2 cores]
2022-08-27 01:04:39,153 [Listener at 0.0.0.0/41533] INFO  upgrade.OMLayoutVersionManager (OMLayoutVersionManager.java:lambda$0(115)) - Skipping Upgrade Action MockOmUpgradeAction since it has been finalized.
2022-08-27 01:04:39,153 [Listener at 0.0.0.0/41533] WARN  server.ServerUtils (ServerUtils.java:getDBPath(225)) - ozone.om.db.dirs is not configured. We recommend adding this setting. Falling back to ozone.metadata.dirs instead.
2022-08-27 01:04:39,154 [Listener at 0.0.0.0/41533] INFO  proxy.SCMBlockLocationFailoverProxyProvider (SCMBlockLocationFailoverProxyProvider.java:<init>(114)) - Created block location fail-over proxy with 1 nodes: [nodeId=scmNodeId,nodeAddress=/0.0.0.0:46409]
2022-08-27 01:04:39,155 [Listener at 0.0.0.0/41533] INFO  proxy.SCMBlockLocationFailoverProxyProvider (SCMBlockLocationFailoverProxyProvider.java:<init>(114)) - Created block location fail-over proxy with 1 nodes: [nodeId=scmNodeId,nodeAddress=/0.0.0.0:46409]
2022-08-27 01:04:39,168 [Listener at 0.0.0.0/41533] WARN  server.ServerUtils (ServerUtils.java:getDBPath(225)) - ozone.om.db.dirs is not configured. We recommend adding this setting. Falling back to ozone.metadata.dirs instead.
2022-08-27 01:04:39,168 [Listener at 0.0.0.0/41533] INFO  codec.OmKeyInfoCodec (OmKeyInfoCodec.java:<init>(49)) - OmKeyInfoCodec ignorePipeline = true
2022-08-27 01:04:39,168 [Listener at 0.0.0.0/41533] INFO  codec.RepeatedOmKeyInfoCodec (RepeatedOmKeyInfoCodec.java:<init>(41)) - RepeatedOmKeyInfoCodec ignorePipeline = true
2022-08-27 01:04:39,273 [ReplicationMonitor] INFO  replication.ReplicationManager (ReplicationManager.java:processAll(293)) - Replication Monitor Thread took 0 milliseconds for processing 3 containers.
2022-08-27 01:04:39,305 [Listener at 0.0.0.0/41533] INFO  om.OzoneManager (OzoneManager.java:instantiateServices(702)) - S3 Multi-Tenancy is disabled
2022-08-27 01:04:39,305 [Listener at 0.0.0.0/41533] INFO  om.OzoneManager (OzoneManager.java:addS3GVolumeToDB(4307)) - Created Volume s3v With Owner runner required for S3Gateway operations.
2022-08-27 01:04:39,305 [Listener at 0.0.0.0/41533] WARN  server.ServerUtils (ServerUtils.java:getDefaultRatisDirectory(237)) - Storage directory for Ratis is not configured. It is a good idea to map this to an SSD disk. Falling back to ozone.metadata.dirs
2022-08-27 01:04:39,306 [Listener at 0.0.0.0/41533] WARN  utils.OzoneManagerRatisUtils (OzoneManagerRatisUtils.java:getOMRatisSnapshotDirectory(434)) - ozone.om.ratis.snapshot.dir is not configured. Falling back to ozone.metadata.dirs config
2022-08-27 01:04:39,306 [Listener at 0.0.0.0/41533] WARN  impl.MetricRegistriesImpl (MetricRegistriesImpl.java:addReporterRegistration(111)) - New reporters are added after registries were created. Some metrics will be missing from the reporter. Please add reporter before adding any new registry.
2022-08-27 01:04:39,306 [Listener at 0.0.0.0/41533] WARN  impl.MetricRegistriesImpl (MetricRegistriesImpl.java:addReporterRegistration(111)) - New reporters are added after registries were created. Some metrics will be missing from the reporter. Please add reporter before adding any new registry.
2022-08-27 01:04:39,306 [Listener at 0.0.0.0/41533] WARN  server.ServerUtils (ServerUtils.java:getDefaultRatisDirectory(237)) - Storage directory for Ratis is not configured. It is a good idea to map this to an SSD disk. Falling back to ozone.metadata.dirs
2022-08-27 01:04:39,307 [Listener at 0.0.0.0/41533] INFO  ratis.OzoneManagerRatisServer (OzoneManagerRatisServer.java:<init>(159)) - Instantiating OM Ratis server with groupID: omServiceIdDefault and peers: localhost:35571
2022-08-27 01:04:39,307 [Listener at 0.0.0.0/41533] INFO  ratis.OzoneManagerStateMachine (OzoneManagerStateMachine.java:loadSnapshotInfoFromDB(632)) - LastAppliedIndex is set from TransactionInfo from OM DB as (t:0, i:~)
2022-08-27 01:04:39,308 [Listener at 0.0.0.0/41533] INFO  server.RaftServer (ConfUtils.java:logGet(46)) - raft.rpc.type = GRPC (default)
2022-08-27 01:04:39,308 [Listener at 0.0.0.0/41533] INFO  grpc.GrpcFactory (GrpcFactory.java:checkPooledByteBufAllocatorUseCacheForAllThreads(48)) - PERFORMANCE WARNING: useCacheForAllThreads is true that may cause Netty to create a lot garbage objects and, as a result, trigger GC.
	It is recommended to disable useCacheForAllThreads by setting -Dorg.apache.ratis.thirdparty.io.netty.allocator.useCacheForAllThreads=false in command line.
2022-08-27 01:04:39,309 [Listener at 0.0.0.0/41533] INFO  grpc.GrpcConfigKeys (ConfUtils.java:logGet(46)) - raft.grpc.admin.port = -1 (default)
2022-08-27 01:04:39,309 [Listener at 0.0.0.0/41533] INFO  grpc.GrpcConfigKeys (ConfUtils.java:logGet(46)) - raft.grpc.server.port = 35571 (custom)
2022-08-27 01:04:39,309 [Listener at 0.0.0.0/41533] INFO  grpc.GrpcConfigKeys (ConfUtils.java:logGet(46)) - raft.grpc.client.port = -1 (default)
2022-08-27 01:04:39,309 [Listener at 0.0.0.0/41533] INFO  grpc.GrpcConfigKeys (ConfUtils.java:logGet(46)) - raft.grpc.server.port = 35571 (custom)
2022-08-27 01:04:39,309 [Listener at 0.0.0.0/41533] INFO  grpc.GrpcConfigKeys (ConfUtils.java:logGet(46)) - raft.grpc.server.port = 35571 (custom)
2022-08-27 01:04:39,309 [Listener at 0.0.0.0/41533] INFO  server.GrpcService (ConfUtils.java:logGet(46)) - raft.grpc.message.size.max = 33554432 (custom)
2022-08-27 01:04:39,309 [Listener at 0.0.0.0/41533] INFO  server.RaftServerConfigKeys (ConfUtils.java:logGet(46)) - raft.server.log.appender.buffer.byte-limit = 33554432 (custom)
2022-08-27 01:04:39,309 [Listener at 0.0.0.0/41533] INFO  server.GrpcService (ConfUtils.java:logGet(46)) - raft.grpc.flow.control.window = 1MB (=1048576) (default)
2022-08-27 01:04:39,309 [Listener at 0.0.0.0/41533] INFO  server.RaftServerConfigKeys (ConfUtils.java:logGet(46)) - raft.server.rpc.request.timeout = 3000ms (default)
2022-08-27 01:04:39,309 [Listener at 0.0.0.0/41533] INFO  grpc.GrpcConfigKeys (ConfUtils.java:logGet(46)) - raft.grpc.server.async.request.thread.pool.cached = true (default)
2022-08-27 01:04:39,309 [Listener at 0.0.0.0/41533] INFO  grpc.GrpcConfigKeys (ConfUtils.java:logGet(46)) - raft.grpc.server.async.request.thread.pool.size = 32 (default)
2022-08-27 01:04:39,310 [Listener at 0.0.0.0/41533] INFO  impl.DataStreamServerImpl (ConfUtils.java:logGet(46)) - raft.datastream.type = DISABLED (default)
2022-08-27 01:04:39,310 [Listener at 0.0.0.0/41533] INFO  server.RaftServerConfigKeys (ConfUtils.java:logGet(46)) - raft.server.threadpool.proxy.cached = true (default)
2022-08-27 01:04:39,311 [Listener at 0.0.0.0/41533] INFO  server.RaftServerConfigKeys (ConfUtils.java:logGet(46)) - raft.server.threadpool.proxy.size = 0 (default)
2022-08-27 01:04:39,311 [Listener at 0.0.0.0/41533] INFO  server.RaftServerConfigKeys (ConfUtils.java:logGet(46)) - raft.server.rpc.slowness.timeout = 120s (custom)
2022-08-27 01:04:39,311 [Listener at 0.0.0.0/41533] INFO  server.RaftServerConfigKeys (ConfUtils.java:logGet(46)) - raft.server.leaderelection.leader.step-down.wait-time = 10s (default)
2022-08-27 01:04:39,311 [Listener at 0.0.0.0/41533] INFO  server.RaftServerConfigKeys (ConfUtils.java:logGet(46)) - raft.server.storage.dir = [/home/runner/work/ozone/ozone/hadoop-ozone/integration-test/target/test-dir/MiniOzoneClusterImpl-408e0d23-effc-4c1e-96d4-4e909f2f847e/ozone-meta/ratis] (custom)
2022-08-27 01:04:39,314 [Listener at 0.0.0.0/41533] INFO  server.RaftServer (RaftServerProxy.java:addNew(96)) - om1: addNew group-C5BA1605619E:[om1|rpc:localhost:35571|priority:0] returns group-C5BA1605619E:java.util.concurrent.CompletableFuture@6b8033e[Not completed]
2022-08-27 01:04:39,315 [Listener at 0.0.0.0/41533] INFO  om.OzoneManager (OzoneManager.java:initializeRatisServer(1968)) - OzoneManager Ratis server initialized at port 35571
2022-08-27 01:04:39,315 [Listener at 0.0.0.0/41533] INFO  om.OzoneManager (OzoneManager.java:getRpcServer(1091)) - Creating RPC Server
2022-08-27 01:04:39,323 [pool-582-thread-1] INFO  server.RaftServer$Division (RaftServerImpl.java:<init>(190)) - om1: new RaftServerImpl for group-C5BA1605619E:[om1|rpc:localhost:35571|priority:0] with OzoneManagerStateMachine:uninitialized
2022-08-27 01:04:39,323 [pool-582-thread-1] INFO  server.RaftServerConfigKeys (ConfUtils.java:logGet(46)) - raft.server.rpc.timeout.min = 1s (custom)
2022-08-27 01:04:39,323 [pool-582-thread-1] INFO  server.RaftServerConfigKeys (ConfUtils.java:logGet(46)) - raft.server.rpc.timeout.max = 1200ms (custom)
2022-08-27 01:04:39,323 [pool-582-thread-1] INFO  server.RaftServerConfigKeys (ConfUtils.java:logGet(46)) - raft.server.rpc.sleep.time = 25ms (default)
2022-08-27 01:04:39,323 [pool-582-thread-1] INFO  server.RaftServerConfigKeys (ConfUtils.java:logGet(46)) - raft.server.rpc.slowness.timeout = 120s (custom)
2022-08-27 01:04:39,323 [pool-582-thread-1] INFO  server.RaftServerConfigKeys (ConfUtils.java:logGet(46)) - raft.server.leaderelection.leader.step-down.wait-time = 10s (default)
2022-08-27 01:04:39,324 [pool-582-thread-1] INFO  server.RaftServerConfigKeys (ConfUtils.java:logGet(46)) - raft.server.sleep.deviation.threshold = 300ms (default)
2022-08-27 01:04:39,324 [pool-582-thread-1] INFO  server.RaftServer$Division (ServerState.java:<init>(107)) - om1@group-C5BA1605619E: ConfigurationManager, init=-1: [om1|rpc:localhost:35571|priority:0], old=null, confs=<EMPTY_MAP>
2022-08-27 01:04:39,324 [pool-582-thread-1] INFO  server.RaftServerConfigKeys (ConfUtils.java:logGet(46)) - raft.server.storage.dir = [/home/runner/work/ozone/ozone/hadoop-ozone/integration-test/target/test-dir/MiniOzoneClusterImpl-408e0d23-effc-4c1e-96d4-4e909f2f847e/ozone-meta/ratis] (custom)
2022-08-27 01:04:39,324 [pool-582-thread-1] INFO  server.RaftServerConfigKeys (ConfUtils.java:logGet(46)) - raft.server.log.corruption.policy = EXCEPTION (default)
2022-08-27 01:04:39,324 [pool-582-thread-1] INFO  server.RaftServerConfigKeys (ConfUtils.java:logGet(46)) - raft.server.storage.free-space.min = 0MB (=0) (default)
2022-08-27 01:04:39,324 [pool-582-thread-1] INFO  storage.RaftStorageDirectory (RaftStorageDirectoryImpl.java:analyzeStorage(135)) - The storage directory /home/runner/work/ozone/ozone/hadoop-ozone/integration-test/target/test-dir/MiniOzoneClusterImpl-408e0d23-effc-4c1e-96d4-4e909f2f847e/ozone-meta/ratis/bf265839-605b-3f16-9796-c5ba1605619e does not exist. Creating ...
2022-08-27 01:04:39,325 [pool-582-thread-1] INFO  storage.RaftStorageDirectory (RaftStorageDirectoryImpl.java:tryLock(230)) - Lock on /home/runner/work/ozone/ozone/hadoop-ozone/integration-test/target/test-dir/MiniOzoneClusterImpl-408e0d23-effc-4c1e-96d4-4e909f2f847e/ozone-meta/ratis/bf265839-605b-3f16-9796-c5ba1605619e/in_use.lock acquired by nodename 21368@fv-az41-820
2022-08-27 01:04:39,329 [pool-582-thread-1] INFO  storage.RaftStorage (RaftStorageImpl.java:format(89)) - Storage directory /home/runner/work/ozone/ozone/hadoop-ozone/integration-test/target/test-dir/MiniOzoneClusterImpl-408e0d23-effc-4c1e-96d4-4e909f2f847e/ozone-meta/ratis/bf265839-605b-3f16-9796-c5ba1605619e has been successfully formatted.
2022-08-27 01:04:39,329 [pool-582-thread-1] INFO  server.RaftServerConfigKeys (ConfUtils.java:logGet(46)) - raft.server.notification.no-leader.timeout = 120s (custom)
2022-08-27 01:04:39,329 [pool-582-thread-1] INFO  server.RaftServerConfigKeys (ConfUtils.java:logGet(46)) - raft.server.log.use.memory = false (default)
2022-08-27 01:04:39,329 [pool-582-thread-1] INFO  server.RaftServerConfigKeys (ConfUtils.java:logGet(46)) - raft.server.log.purge.gap = 1000000 (custom)
2022-08-27 01:04:39,329 [pool-582-thread-1] INFO  server.RaftServerConfigKeys (ConfUtils.java:logGet(46)) - raft.server.log.appender.buffer.byte-limit = 33554432 (custom)
2022-08-27 01:04:39,329 [pool-582-thread-1] INFO  server.RaftServerConfigKeys (ConfUtils.java:logGet(46)) - raft.server.log.statemachine.data.read.timeout = 1000ms (default)
2022-08-27 01:04:39,329 [pool-582-thread-1] INFO  server.RaftServerConfigKeys (ConfUtils.java:logGet(46)) - raft.server.log.segment.size.max = 4194304 (custom)
2022-08-27 01:04:39,329 [pool-582-thread-1] INFO  server.RaftServerConfigKeys (ConfUtils.java:logGet(46)) - raft.server.log.segment.cache.num.max = 2 (custom)
2022-08-27 01:04:39,329 [pool-582-thread-1] INFO  server.RaftServerConfigKeys (ConfUtils.java:logGet(46)) - raft.server.log.segment.cache.size.max = 200MB (=209715200) (default)
2022-08-27 01:04:39,329 [pool-582-thread-1] INFO  segmented.SegmentedRaftLogWorker (SegmentedRaftLogWorker.java:<init>(187)) - new om1@group-C5BA1605619E-SegmentedRaftLogWorker for RaftStorageImpl:Storage Directory /home/runner/work/ozone/ozone/hadoop-ozone/integration-test/target/test-dir/MiniOzoneClusterImpl-408e0d23-effc-4c1e-96d4-4e909f2f847e/ozone-meta/ratis/bf265839-605b-3f16-9796-c5ba1605619e
2022-08-27 01:04:39,329 [pool-582-thread-1] INFO  server.RaftServerConfigKeys (ConfUtils.java:logGet(46)) - raft.server.log.queue.byte-limit = 64MB (=67108864) (default)
2022-08-27 01:04:39,329 [pool-582-thread-1] INFO  server.RaftServerConfigKeys (ConfUtils.java:logGet(46)) - raft.server.log.queue.element-limit = 4096 (default)
2022-08-27 01:04:39,329 [pool-582-thread-1] INFO  server.RaftServerConfigKeys (ConfUtils.java:logGet(46)) - raft.server.log.segment.size.max = 4194304 (custom)
2022-08-27 01:04:39,329 [pool-582-thread-1] INFO  server.RaftServerConfigKeys (ConfUtils.java:logGet(46)) - raft.server.log.preallocated.size = 4194304 (custom)
2022-08-27 01:04:39,329 [pool-582-thread-1] INFO  server.RaftServerConfigKeys (ConfUtils.java:logGet(46)) - raft.server.log.force.sync.num = 128 (default)
2022-08-27 01:04:39,330 [pool-582-thread-1] INFO  server.RaftServerConfigKeys (ConfUtils.java:logGet(46)) - raft.server.log.statemachine.data.sync = true (default)
2022-08-27 01:04:39,330 [pool-582-thread-1] INFO  server.RaftServerConfigKeys (ConfUtils.java:logGet(46)) - raft.server.log.statemachine.data.sync.timeout = 10s (default)
2022-08-27 01:04:39,330 [pool-582-thread-1] INFO  server.RaftServerConfigKeys (ConfUtils.java:logGet(46)) - raft.server.log.statemachine.data.sync.timeout.retry = -1 (default)
2022-08-27 01:04:39,330 [pool-582-thread-1] INFO  server.RaftServerConfigKeys (ConfUtils.java:logGet(46)) - raft.server.log.write.buffer.size = 64KB (=65536) (default)
2022-08-27 01:04:39,330 [pool-582-thread-1] INFO  server.RaftServerConfigKeys (ConfUtils.java:logGet(46)) - raft.server.log.unsafe-flush.enabled = false (default)
2022-08-27 01:04:39,330 [pool-582-thread-1] INFO  server.RaftServerConfigKeys (ConfUtils.java:logGet(46)) - raft.server.log.statemachine.data.caching.enabled = false (default)
2022-08-27 01:04:39,330 [pool-582-thread-1] INFO  segmented.SegmentedRaftLogWorker (SegmentedRaftLogWorker.java:lambda$new$0(135)) - om1@group-C5BA1605619E-SegmentedRaftLogWorker: flushIndex: setUnconditionally 0 -> -1
2022-08-27 01:04:39,330 [pool-582-thread-1] INFO  segmented.SegmentedRaftLogWorker (SegmentedRaftLogWorker.java:lambda$new$0(135)) - om1@group-C5BA1605619E-SegmentedRaftLogWorker: safeCacheEvictIndex: setUnconditionally 0 -> -1
2022-08-27 01:04:39,335 [pool-582-thread-1] INFO  server.RaftServerConfigKeys (ConfUtils.java:logGet(46)) - raft.server.snapshot.auto.trigger.enabled = true (custom)
2022-08-27 01:04:39,335 [pool-582-thread-1] INFO  server.RaftServerConfigKeys (ConfUtils.java:logGet(46)) - raft.server.snapshot.auto.trigger.threshold = 400000 (default)
2022-08-27 01:04:39,335 [pool-582-thread-1] INFO  server.RaftServerConfigKeys (ConfUtils.java:logGet(46)) - raft.server.snapshot.retention.file.num = -1 (default)
2022-08-27 01:04:39,335 [pool-582-thread-1] INFO  server.RaftServerConfigKeys (ConfUtils.java:logGet(46)) - raft.server.log.purge.upto.snapshot.index = true (custom)
2022-08-27 01:04:39,335 [pool-582-thread-1] INFO  server.RaftServerConfigKeys (ConfUtils.java:logGet(46)) - raft.server.retrycache.expirytime = 300s (custom)
2022-08-27 01:04:39,335 [pool-582-thread-1] INFO  server.RaftServerConfigKeys (ConfUtils.java:logGet(46)) - raft.server.retrycache.statistics.expirytime = 100μs (default)
2022-08-27 01:04:39,335 [pool-582-thread-1] INFO  server.RaftServerConfigKeys (ConfUtils.java:logGet(46)) - raft.server.log.appender.install.snapshot.enabled = false (custom)
2022-08-27 01:04:39,335 [pool-582-thread-1] INFO  server.RaftServerConfigKeys (ConfUtils.java:logGet(46)) - raft.server.threadpool.server.cached = true (default)
2022-08-27 01:04:39,335 [pool-582-thread-1] INFO  server.RaftServerConfigKeys (ConfUtils.java:logGet(46)) - raft.server.threadpool.server.size = 0 (default)
2022-08-27 01:04:39,335 [pool-582-thread-1] INFO  server.RaftServerConfigKeys (ConfUtils.java:logGet(46)) - raft.server.threadpool.client.cached = true (default)
2022-08-27 01:04:39,335 [pool-582-thread-1] INFO  server.RaftServerConfigKeys (ConfUtils.java:logGet(46)) - raft.server.threadpool.client.size = 0 (default)
2022-08-27 01:04:39,645 [ReplicationMonitor] INFO  replication.ReplicationManager (ReplicationManager.java:processAll(255)) - Replication Manager is not ready to run until 3000ms after safemode exit
2022-08-27 01:04:39,811 [Listener at 0.0.0.0/41533] INFO  reflections.Reflections (Reflections.java:scan(232)) - Reflections took 495 ms to scan 19 urls, producing 67 keys and 4161 values [using 2 cores]
2022-08-27 01:04:39,812 [Listener at 0.0.0.0/41533] INFO  ipc.CallQueueManager (CallQueueManager.java:<init>(90)) - Using callQueue: class java.util.concurrent.LinkedBlockingQueue, queueCapacity: 2000, scheduler: class org.apache.hadoop.ipc.DefaultRpcScheduler, ipcBackoff: false.
2022-08-27 01:04:39,818 [Socket Reader #1 for port 0] INFO  ipc.Server (Server.java:run(1265)) - Starting Socket Reader #1 for port 0
2022-08-27 01:04:39,853 [Listener at 127.0.0.1/40049] INFO  impl.MetricsSystemImpl (MetricsSystemImpl.java:init(158)) - OzoneManager metrics system started (again)
2022-08-27 01:04:39,870 [Listener at 127.0.0.1/40049] INFO  om.OzoneManager (OzoneManager.java:start(1475)) - OzoneManager RPC server is listening at localhost/127.0.0.1:40049
2022-08-27 01:04:39,870 [Listener at 127.0.0.1/40049] INFO  ratis.OzoneManagerRatisServer (OzoneManagerRatisServer.java:start(554)) - Starting OzoneManagerRatisServer om1 at port 35571
2022-08-27 01:04:39,870 [om1-impl-thread1] INFO  server.RaftServer$Division (RaftServerImpl.java:start(310)) - om1@group-C5BA1605619E: start as a follower, conf=-1: [om1|rpc:localhost:35571|priority:0], old=null
2022-08-27 01:04:39,870 [om1-impl-thread1] INFO  server.RaftServer$Division (RaftServerImpl.java:setRole(299)) - om1@group-C5BA1605619E: changes role from      null to FOLLOWER at term 0 for startAsFollower
2022-08-27 01:04:39,870 [om1-impl-thread1] INFO  impl.RoleInfo (RoleInfo.java:updateAndGet(139)) - om1: start om1@group-C5BA1605619E-FollowerState
2022-08-27 01:04:39,872 [om1-impl-thread1] ERROR util.JmxRegister (JmxRegister.java:tryRegister(40)) - Failed to register JMX Bean with name Ratis:service=RaftServer,group=group-C5BA1605619E,id=om1
javax.management.InstanceAlreadyExistsException: Ratis:service=RaftServer,group=group-C5BA1605619E,id=om1
	at com.sun.jmx.mbeanserver.Repository.addMBean(Repository.java:437)
	at com.sun.jmx.interceptor.DefaultMBeanServerInterceptor.registerWithRepository(DefaultMBeanServerInterceptor.java:1898)
	at com.sun.jmx.interceptor.DefaultMBeanServerInterceptor.registerDynamicMBean(DefaultMBeanServerInterceptor.java:966)
	at com.sun.jmx.interceptor.DefaultMBeanServerInterceptor.registerObject(DefaultMBeanServerInterceptor.java:900)
	at com.sun.jmx.interceptor.DefaultMBeanServerInterceptor.registerMBean(DefaultMBeanServerInterceptor.java:324)
	at com.sun.jmx.mbeanserver.JmxMBeanServer.registerMBean(JmxMBeanServer.java:522)
	at org.apache.ratis.util.JmxRegister.tryRegister(JmxRegister.java:38)
	at org.apache.ratis.util.JmxRegister.register(JmxRegister.java:56)
	at org.apache.ratis.server.impl.RaftServerImpl.registerMBean(RaftServerImpl.java:329)
	at org.apache.ratis.server.impl.RaftServerImpl.start(RaftServerImpl.java:320)
	at org.apache.ratis.util.ConcurrentUtils.lambda$null$3(ConcurrentUtils.java:162)
	at java.util.concurrent.ThreadPoolExecutor.runWorker(ThreadPoolExecutor.java:1149)
	at java.util.concurrent.ThreadPoolExecutor$Worker.run(ThreadPoolExecutor.java:624)
	at java.lang.Thread.run(Thread.java:750)
2022-08-27 01:04:39,872 [om1-impl-thread1] ERROR util.JmxRegister (JmxRegister.java:tryRegister(40)) - Failed to register JMX Bean with name Ratis:service=RaftServer,group=group-C5BA1605619E,id="om1"
javax.management.InstanceAlreadyExistsException: Ratis:service=RaftServer,group=group-C5BA1605619E,id="om1"
	at com.sun.jmx.mbeanserver.Repository.addMBean(Repository.java:437)
	at com.sun.jmx.interceptor.DefaultMBeanServerInterceptor.registerWithRepository(DefaultMBeanServerInterceptor.java:1898)
	at com.sun.jmx.interceptor.DefaultMBeanServerInterceptor.registerDynamicMBean(DefaultMBeanServerInterceptor.java:966)
	at com.sun.jmx.interceptor.DefaultMBeanServerInterceptor.registerObject(DefaultMBeanServerInterceptor.java:900)
	at com.sun.jmx.interceptor.DefaultMBeanServerInterceptor.registerMBean(DefaultMBeanServerInterceptor.java:324)
	at com.sun.jmx.mbeanserver.JmxMBeanServer.registerMBean(JmxMBeanServer.java:522)
	at org.apache.ratis.util.JmxRegister.tryRegister(JmxRegister.java:38)
	at org.apache.ratis.util.JmxRegister.register(JmxRegister.java:56)
	at org.apache.ratis.server.impl.RaftServerImpl.registerMBean(RaftServerImpl.java:329)
	at org.apache.ratis.server.impl.RaftServerImpl.start(RaftServerImpl.java:320)
	at org.apache.ratis.util.ConcurrentUtils.lambda$null$3(ConcurrentUtils.java:162)
	at java.util.concurrent.ThreadPoolExecutor.runWorker(ThreadPoolExecutor.java:1149)
	at java.util.concurrent.ThreadPoolExecutor$Worker.run(ThreadPoolExecutor.java:624)
	at java.lang.Thread.run(Thread.java:750)
2022-08-27 01:04:39,872 [Listener at 127.0.0.1/40049] INFO  server.RaftServer (RaftServerProxy.java:lambda$start$6(382)) - om1: start RPC server
2022-08-27 01:04:39,874 [Listener at 127.0.0.1/40049] INFO  server.GrpcService (GrpcService.java:startImpl(260)) - om1: GrpcService started, listening on 35571
2022-08-27 01:04:39,874 [Listener at 127.0.0.1/40049] INFO  om.OzoneManager (OzoneManager.java:start(1491)) - Version File has different layout version (3) than OM DB (null). That is expected if this OM has never been finalized to a newer layout version.
2022-08-27 01:04:39,874 [org.apache.ratis.util.JvmPauseMonitor$$Lambda$715/1595744513@62c88110] INFO  util.JvmPauseMonitor (JvmPauseMonitor.java:run(103)) - JvmPauseMonitor-om1: Started
2022-08-27 01:04:39,881 [Listener at 127.0.0.1/40049] INFO  http.BaseHttpServer (BaseHttpServer.java:newHttpServer2BuilderForOzone(213)) - Starting Web-server for ozoneManager at: http://0.0.0.0:0
2022-08-27 01:04:39,881 [Listener at 127.0.0.1/40049] INFO  http.BaseHttpServer (BaseHttpServer.java:<init>(108)) - Hadoop Security Enabled: false Ozone Security Enabled: false Ozone HTTP Security Enabled: false 
2022-08-27 01:04:39,881 [Listener at 127.0.0.1/40049] INFO  server.AuthenticationFilter (AuthenticationFilter.java:constructSecretProvider(240)) - Unable to initialize FileSignerSecretProvider, falling back to use random secrets.
2022-08-27 01:04:39,882 [Listener at 127.0.0.1/40049] WARN  http.HttpRequestLog (HttpRequestLog.java:getRequestLog(103)) - Jetty request log can only be enabled using Log4j
2022-08-27 01:04:39,883 [Listener at 127.0.0.1/40049] INFO  http.HttpServer2 (HttpServer2.java:addGlobalFilter(1029)) - Added global filter 'safety' (class=org.apache.hadoop.hdds.server.http.HttpServer2$QuotingInputFilter)
2022-08-27 01:04:39,884 [Listener at 127.0.0.1/40049] INFO  http.HttpServer2 (HttpServer2.java:addFilter(1005)) - Added filter static_user_filter (class=org.apache.hadoop.http.lib.StaticUserWebFilter$StaticUserFilter) to context ozoneManager
2022-08-27 01:04:39,884 [Listener at 127.0.0.1/40049] INFO  http.HttpServer2 (HttpServer2.java:addFilter(1013)) - Added filter static_user_filter (class=org.apache.hadoop.http.lib.StaticUserWebFilter$StaticUserFilter) to context static
2022-08-27 01:04:39,884 [Listener at 127.0.0.1/40049] INFO  http.HttpServer2 (HttpServer2.java:addFilter(1013)) - Added filter static_user_filter (class=org.apache.hadoop.http.lib.StaticUserWebFilter$StaticUserFilter) to context logs
2022-08-27 01:04:39,884 [Listener at 127.0.0.1/40049] INFO  http.HttpServer2 (HttpServer2.java:bindListener(1248)) - Jetty bound to port 34577
2022-08-27 01:04:39,884 [Listener at 127.0.0.1/40049] INFO  server.Server (Server.java:doStart(375)) - jetty-9.4.43.v20210629; built: 2021-06-30T11:07:22.254Z; git: 526006ecfa3af7f1a27ef3a288e2bef7ea9dd7e8; jvm 1.8.0_345-b01
2022-08-27 01:04:39,888 [Listener at 127.0.0.1/40049] INFO  server.session (DefaultSessionIdManager.java:doStart(334)) - DefaultSessionIdManager workerName=node0
2022-08-27 01:04:39,888 [Listener at 127.0.0.1/40049] INFO  server.session (DefaultSessionIdManager.java:doStart(339)) - No SessionScavenger set, using defaults
2022-08-27 01:04:39,888 [Listener at 127.0.0.1/40049] INFO  server.session (HouseKeeper.java:startScavenging(132)) - node0 Scavenging every 660000ms
2022-08-27 01:04:39,888 [Listener at 127.0.0.1/40049] INFO  handler.ContextHandler (ContextHandler.java:doStart(915)) - Started o.e.j.s.ServletContextHandler@6f260331{logs,/logs,file:///home/runner/work/ozone/ozone/hadoop-ozone/integration-test/target/log,AVAILABLE}
2022-08-27 01:04:39,888 [Listener at 127.0.0.1/40049] INFO  handler.ContextHandler (ContextHandler.java:doStart(915)) - Started o.e.j.s.ServletContextHandler@509f5e2c{static,/static,file:///home/runner/work/ozone/ozone/hadoop-ozone/integration-test/target/test-classes/webapps/static,AVAILABLE}
2022-08-27 01:04:39,891 [Listener at 127.0.0.1/40049] INFO  handler.ContextHandler (ContextHandler.java:doStart(915)) - Started o.e.j.w.WebAppContext@745dd246{ozoneManager,/,file:///home/runner/work/ozone/ozone/hadoop-ozone/integration-test/target/test-classes/webapps/ozoneManager/,AVAILABLE}{file:/home/runner/work/ozone/ozone/hadoop-ozone/integration-test/target/test-classes/webapps/ozoneManager}
2022-08-27 01:04:39,897 [Listener at 127.0.0.1/40049] INFO  server.AbstractConnector (AbstractConnector.java:doStart(331)) - Started ServerConnector@191f8542{HTTP/1.1, (http/1.1)}{0.0.0.0:34577}
2022-08-27 01:04:39,897 [Listener at 127.0.0.1/40049] INFO  server.Server (Server.java:doStart(415)) - Started @38585ms
2022-08-27 01:04:39,897 [Listener at 127.0.0.1/40049] WARN  impl.MetricsSystemImpl (MetricsSystemImpl.java:register(279)) - Sink prometheus already exists!
2022-08-27 01:04:39,898 [Listener at 127.0.0.1/40049] INFO  http.BaseHttpServer (BaseHttpServer.java:updateConnectorAddress(333)) - HTTP server of ozoneManager listening at http://0.0.0.0:34577
2022-08-27 01:04:39,898 [ReplicationMonitor] INFO  replication.ReplicationManager (ReplicationManager.java:processAll(255)) - Replication Manager is not ready to run until 3000ms after safemode exit
2022-08-27 01:04:39,900 [IPC Server Responder] INFO  ipc.Server (Server.java:run(1507)) - IPC Server Responder: starting
2022-08-27 01:04:39,901 [IPC Server listener on 0] INFO  ipc.Server (Server.java:run(1344)) - IPC Server listener on 0: starting
2022-08-27 01:04:39,903 [Listener at 127.0.0.1/40049] INFO  om.OzoneManager (OzoneManager.java:startTrashEmptier(1912)) - Trash Interval set to 0. Files deleted won't move to trash
2022-08-27 01:04:39,907 [org.apache.hadoop.util.JvmPauseMonitor$Monitor@604e9dcd] INFO  util.JvmPauseMonitor (JvmPauseMonitor.java:run(188)) - Starting JVM pause monitor
2022-08-27 01:04:39,938 [Listener at 127.0.0.1/40049] WARN  impl.MetricRegistriesImpl (MetricRegistriesImpl.java:addReporterRegistration(111)) - New reporters are added after registries were created. Some metrics will be missing from the reporter. Please add reporter before adding any new registry.
2022-08-27 01:04:39,938 [Listener at 127.0.0.1/40049] WARN  impl.MetricRegistriesImpl (MetricRegistriesImpl.java:addReporterRegistration(111)) - New reporters are added after registries were created. Some metrics will be missing from the reporter. Please add reporter before adding any new registry.
2022-08-27 01:04:39,938 [Listener at 127.0.0.1/40049] INFO  impl.MetricsSystemImpl (MetricsSystemImpl.java:init(158)) - HddsDatanode metrics system started (again)
2022-08-27 01:04:39,951 [Listener at 127.0.0.1/40049] INFO  ozone.HddsDatanodeService (HddsDatanodeService.java:start(236)) - HddsDatanodeService host:fv-az41-820.zje5jq5y5x4uznwvdkgxk4wc2h.cx.internal.cloudapp.net ip:10.1.1.170
2022-08-27 01:04:39,974 [Listener at 127.0.0.1/40049] INFO  upgrade.AbstractLayoutVersionManager (AbstractLayoutVersionManager.java:init(83)) - Initializing Layout version manager with metadata layout = DATANODE_SCHEMA_V3 (version = 4), software layout = DATANODE_SCHEMA_V3 (version = 4)
2022-08-27 01:04:40,023 [Listener at 127.0.0.1/40049] INFO  reflections.Reflections (Reflections.java:scan(232)) - Reflections took 46 ms to scan 7 urls, producing 133 keys and 322 values 
2022-08-27 01:04:40,025 [Listener at 127.0.0.1/40049] INFO  statemachine.DatanodeStateMachine (DatanodeStateMachine.java:getEndPointTaskThreadPoolSize(237)) - Datanode State Machine Task Thread Pool size 2
2022-08-27 01:04:40,037 [Listener at 127.0.0.1/40049] INFO  volume.HddsVolume (HddsVolume.java:<init>(117)) - Creating HddsVolume: /home/runner/work/ozone/ozone/hadoop-ozone/integration-test/target/test-dir/MiniOzoneClusterImpl-408e0d23-effc-4c1e-96d4-4e909f2f847e/datanode-0/data-0/containers/hdds of storage type : DISK capacity : 9223372036854775807
2022-08-27 01:04:40,037 [Listener at 127.0.0.1/40049] INFO  volume.MutableVolumeSet (MutableVolumeSet.java:initializeVolumeSet(174)) - Added Volume : /home/runner/work/ozone/ozone/hadoop-ozone/integration-test/target/test-dir/MiniOzoneClusterImpl-408e0d23-effc-4c1e-96d4-4e909f2f847e/datanode-0/data-0/containers/hdds to VolumeSet
2022-08-27 01:04:40,037 [Listener at 127.0.0.1/40049] INFO  volume.ThrottledAsyncChecker (ThrottledAsyncChecker.java:schedule(141)) - Scheduling a check for /home/runner/work/ozone/ozone/hadoop-ozone/integration-test/target/test-dir/MiniOzoneClusterImpl-408e0d23-effc-4c1e-96d4-4e909f2f847e/datanode-0/data-0/containers/hdds
2022-08-27 01:04:40,040 [Listener at 127.0.0.1/40049] INFO  volume.StorageVolumeChecker (StorageVolumeChecker.java:checkAllVolumes(202)) - Scheduled health check for volume /home/runner/work/ozone/ozone/hadoop-ozone/integration-test/target/test-dir/MiniOzoneClusterImpl-408e0d23-effc-4c1e-96d4-4e909f2f847e/datanode-0/data-0/containers/hdds
2022-08-27 01:04:40,057 [Listener at 127.0.0.1/40049] INFO  volume.MutableVolumeSet (MutableVolumeSet.java:initializeVolumeSet(174)) - Added Volume : /home/runner/work/ozone/ozone/hadoop-ozone/integration-test/target/test-dir/MiniOzoneClusterImpl-408e0d23-effc-4c1e-96d4-4e909f2f847e/datanode-0/data/ratis to VolumeSet
2022-08-27 01:04:40,057 [Listener at 127.0.0.1/40049] INFO  volume.ThrottledAsyncChecker (ThrottledAsyncChecker.java:schedule(141)) - Scheduling a check for /home/runner/work/ozone/ozone/hadoop-ozone/integration-test/target/test-dir/MiniOzoneClusterImpl-408e0d23-effc-4c1e-96d4-4e909f2f847e/datanode-0/data/ratis
2022-08-27 01:04:40,057 [Listener at 127.0.0.1/40049] INFO  volume.StorageVolumeChecker (StorageVolumeChecker.java:checkAllVolumes(202)) - Scheduled health check for volume /home/runner/work/ozone/ozone/hadoop-ozone/integration-test/target/test-dir/MiniOzoneClusterImpl-408e0d23-effc-4c1e-96d4-4e909f2f847e/datanode-0/data/ratis
2022-08-27 01:04:40,071 [Thread-981] INFO  ozoneimpl.ContainerReader (ContainerReader.java:readVolume(175)) - Finish verifying containers on volume /home/runner/work/ozone/ozone/hadoop-ozone/integration-test/target/test-dir/MiniOzoneClusterImpl-408e0d23-effc-4c1e-96d4-4e909f2f847e/datanode-0/data-0/containers/hdds
2022-08-27 01:04:40,071 [Listener at 127.0.0.1/40049] INFO  ozoneimpl.OzoneContainer (OzoneContainer.java:buildContainerSet(299)) - Build ContainerSet costs 0s
2022-08-27 01:04:40,075 [Listener at 127.0.0.1/40049] INFO  server.RaftServer (ConfUtils.java:logGet(46)) - raft.rpc.type = GRPC (default)
2022-08-27 01:04:40,075 [Listener at 127.0.0.1/40049] INFO  grpc.GrpcFactory (GrpcFactory.java:checkPooledByteBufAllocatorUseCacheForAllThreads(48)) - PERFORMANCE WARNING: useCacheForAllThreads is true that may cause Netty to create a lot garbage objects and, as a result, trigger GC.
	It is recommended to disable useCacheForAllThreads by setting -Dorg.apache.ratis.thirdparty.io.netty.allocator.useCacheForAllThreads=false in command line.
2022-08-27 01:04:40,075 [Listener at 127.0.0.1/40049] INFO  grpc.GrpcConfigKeys (ConfUtils.java:logGet(46)) - raft.grpc.admin.port = 0 (custom)
2022-08-27 01:04:40,079 [Listener at 127.0.0.1/40049] INFO  grpc.GrpcConfigKeys (ConfUtils.java:logGet(46)) - raft.grpc.client.port = 0 (custom)
2022-08-27 01:04:40,079 [Listener at 127.0.0.1/40049] INFO  grpc.GrpcConfigKeys (ConfUtils.java:logGet(46)) - raft.grpc.server.port = 0 (default)
2022-08-27 01:04:40,079 [Listener at 127.0.0.1/40049] INFO  server.GrpcService (ConfUtils.java:logGet(46)) - raft.grpc.message.size.max = 32MB (=33554432) (custom)
2022-08-27 01:04:40,079 [Listener at 127.0.0.1/40049] INFO  server.RaftServerConfigKeys (ConfUtils.java:logGet(46)) - raft.server.log.appender.buffer.byte-limit = 33554432 (custom)
2022-08-27 01:04:40,079 [Listener at 127.0.0.1/40049] INFO  server.GrpcService (ConfUtils.java:logGet(46)) - raft.grpc.flow.control.window = 5MB (=5242880) (custom)
2022-08-27 01:04:40,079 [Listener at 127.0.0.1/40049] INFO  server.RaftServerConfigKeys (ConfUtils.java:logGet(46)) - raft.server.rpc.request.timeout = 60s (custom)
2022-08-27 01:04:40,079 [Listener at 127.0.0.1/40049] INFO  grpc.GrpcConfigKeys (ConfUtils.java:logGet(46)) - raft.grpc.server.async.request.thread.pool.cached = true (default)
2022-08-27 01:04:40,080 [Listener at 127.0.0.1/40049] INFO  grpc.GrpcConfigKeys (ConfUtils.java:logGet(46)) - raft.grpc.server.async.request.thread.pool.size = 32 (default)
2022-08-27 01:04:40,081 [Listener at 127.0.0.1/40049] INFO  impl.DataStreamServerImpl (ConfUtils.java:logGet(46)) - raft.datastream.type = DISABLED (default)
2022-08-27 01:04:40,081 [Listener at 127.0.0.1/40049] INFO  server.RaftServerConfigKeys (ConfUtils.java:logGet(46)) - raft.server.threadpool.proxy.cached = true (default)
2022-08-27 01:04:40,081 [Listener at 127.0.0.1/40049] INFO  server.RaftServerConfigKeys (ConfUtils.java:logGet(46)) - raft.server.threadpool.proxy.size = 0 (default)
2022-08-27 01:04:40,081 [Listener at 127.0.0.1/40049] INFO  server.RaftServerConfigKeys (ConfUtils.java:logGet(46)) - raft.server.rpc.slowness.timeout = 300s (custom)
2022-08-27 01:04:40,081 [Listener at 127.0.0.1/40049] INFO  server.RaftServerConfigKeys (ConfUtils.java:logGet(46)) - raft.server.leaderelection.leader.step-down.wait-time = 10s (default)
2022-08-27 01:04:40,082 [Listener at 127.0.0.1/40049] INFO  server.RaftServerConfigKeys (ConfUtils.java:logGet(46)) - raft.server.storage.dir = [/home/runner/work/ozone/ozone/hadoop-ozone/integration-test/target/test-dir/MiniOzoneClusterImpl-408e0d23-effc-4c1e-96d4-4e909f2f847e/datanode-0/data/ratis] (custom)
2022-08-27 01:04:40,083 [Listener at 127.0.0.1/40049] INFO  server.XceiverServerGrpc (XceiverServerGrpc.java:<init>(132)) - GrpcServer channel type EpollServerSocketChannel
2022-08-27 01:04:40,085 [Listener at 127.0.0.1/40049] INFO  http.BaseHttpServer (BaseHttpServer.java:newHttpServer2BuilderForOzone(213)) - Starting Web-server for hddsDatanode at: http://0.0.0.0:0
2022-08-27 01:04:40,085 [Listener at 127.0.0.1/40049] INFO  http.BaseHttpServer (BaseHttpServer.java:<init>(108)) - Hadoop Security Enabled: false Ozone Security Enabled: false Ozone HTTP Security Enabled: false 
2022-08-27 01:04:40,086 [Listener at 127.0.0.1/40049] INFO  server.AuthenticationFilter (AuthenticationFilter.java:constructSecretProvider(240)) - Unable to initialize FileSignerSecretProvider, falling back to use random secrets.
2022-08-27 01:04:40,086 [Listener at 127.0.0.1/40049] WARN  http.HttpRequestLog (HttpRequestLog.java:getRequestLog(103)) - Jetty request log can only be enabled using Log4j
2022-08-27 01:04:40,087 [Listener at 127.0.0.1/40049] INFO  http.HttpServer2 (HttpServer2.java:addGlobalFilter(1029)) - Added global filter 'safety' (class=org.apache.hadoop.hdds.server.http.HttpServer2$QuotingInputFilter)
2022-08-27 01:04:40,087 [Listener at 127.0.0.1/40049] INFO  http.HttpServer2 (HttpServer2.java:addFilter(1005)) - Added filter static_user_filter (class=org.apache.hadoop.http.lib.StaticUserWebFilter$StaticUserFilter) to context hddsDatanode
2022-08-27 01:04:40,087 [Listener at 127.0.0.1/40049] INFO  http.HttpServer2 (HttpServer2.java:addFilter(1013)) - Added filter static_user_filter (class=org.apache.hadoop.http.lib.StaticUserWebFilter$StaticUserFilter) to context static
2022-08-27 01:04:40,087 [Listener at 127.0.0.1/40049] INFO  http.HttpServer2 (HttpServer2.java:addFilter(1013)) - Added filter static_user_filter (class=org.apache.hadoop.http.lib.StaticUserWebFilter$StaticUserFilter) to context logs
2022-08-27 01:04:40,088 [Listener at 127.0.0.1/40049] INFO  http.HttpServer2 (HttpServer2.java:bindListener(1248)) - Jetty bound to port 42237
2022-08-27 01:04:40,088 [Listener at 127.0.0.1/40049] INFO  server.Server (Server.java:doStart(375)) - jetty-9.4.43.v20210629; built: 2021-06-30T11:07:22.254Z; git: 526006ecfa3af7f1a27ef3a288e2bef7ea9dd7e8; jvm 1.8.0_345-b01
2022-08-27 01:04:40,091 [Listener at 127.0.0.1/40049] INFO  server.session (DefaultSessionIdManager.java:doStart(334)) - DefaultSessionIdManager workerName=node0
2022-08-27 01:04:40,091 [Listener at 127.0.0.1/40049] INFO  server.session (DefaultSessionIdManager.java:doStart(339)) - No SessionScavenger set, using defaults
2022-08-27 01:04:40,091 [Listener at 127.0.0.1/40049] INFO  server.session (HouseKeeper.java:startScavenging(132)) - node0 Scavenging every 600000ms
2022-08-27 01:04:40,092 [Listener at 127.0.0.1/40049] INFO  handler.ContextHandler (ContextHandler.java:doStart(915)) - Started o.e.j.s.ServletContextHandler@49611179{logs,/logs,file:///home/runner/work/ozone/ozone/hadoop-ozone/integration-test/target/log,AVAILABLE}
2022-08-27 01:04:40,092 [Listener at 127.0.0.1/40049] INFO  handler.ContextHandler (ContextHandler.java:doStart(915)) - Started o.e.j.s.ServletContextHandler@22143fa4{static,/static,jar:file:/home/runner/.m2/repository/org/apache/ozone/hdds-container-service/1.3.0-SNAPSHOT/hdds-container-service-1.3.0-SNAPSHOT.jar!/webapps/static,AVAILABLE}
2022-08-27 01:04:40,273 [ReplicationMonitor] INFO  replication.ReplicationManager (ReplicationManager.java:processAll(293)) - Replication Monitor Thread took 0 milliseconds for processing 3 containers.
2022-08-27 01:04:40,289 [Listener at 127.0.0.1/40049] INFO  handler.ContextHandler (ContextHandler.java:doStart(915)) - Started o.e.j.w.WebAppContext@7ba946b7{hddsDatanode,/,file:///tmp/jetty-0_0_0_0-42237-hdds-container-service-1_3_0-SNAPSHOT_jar-_-any-3380766897129054071/webapp/,AVAILABLE}{jar:file:/home/runner/.m2/repository/org/apache/ozone/hdds-container-service/1.3.0-SNAPSHOT/hdds-container-service-1.3.0-SNAPSHOT.jar!/webapps/hddsDatanode}
2022-08-27 01:04:40,291 [Listener at 127.0.0.1/40049] INFO  server.AbstractConnector (AbstractConnector.java:doStart(331)) - Started ServerConnector@5c1f1296{HTTP/1.1, (http/1.1)}{0.0.0.0:42237}
2022-08-27 01:04:40,291 [Listener at 127.0.0.1/40049] INFO  server.Server (Server.java:doStart(415)) - Started @38979ms
2022-08-27 01:04:40,291 [Listener at 127.0.0.1/40049] WARN  impl.MetricsSystemImpl (MetricsSystemImpl.java:register(279)) - Sink prometheus already exists!
2022-08-27 01:04:40,291 [Listener at 127.0.0.1/40049] INFO  http.BaseHttpServer (BaseHttpServer.java:updateConnectorAddress(333)) - HTTP server of hddsDatanode listening at http://0.0.0.0:42237
2022-08-27 01:04:40,291 [Listener at 127.0.0.1/40049] WARN  impl.MetricRegistriesImpl (MetricRegistriesImpl.java:addReporterRegistration(111)) - New reporters are added after registries were created. Some metrics will be missing from the reporter. Please add reporter before adding any new registry.
2022-08-27 01:04:40,291 [Listener at 127.0.0.1/40049] WARN  impl.MetricRegistriesImpl (MetricRegistriesImpl.java:addReporterRegistration(111)) - New reporters are added after registries were created. Some metrics will be missing from the reporter. Please add reporter before adding any new registry.
2022-08-27 01:04:40,292 [Listener at 127.0.0.1/40049] INFO  impl.MetricsSystemImpl (MetricsSystemImpl.java:init(158)) - HddsDatanode metrics system started (again)
2022-08-27 01:04:40,300 [Datanode State Machine Daemon Thread] INFO  statemachine.DatanodeStateMachine (DatanodeStateMachine.java:lambda$startDaemon$0(492)) - Ozone container server started.
2022-08-27 01:04:40,306 [Listener at 127.0.0.1/40049] INFO  ozone.HddsDatanodeService (HddsDatanodeService.java:start(236)) - HddsDatanodeService host:fv-az41-820.zje5jq5y5x4uznwvdkgxk4wc2h.cx.internal.cloudapp.net ip:10.1.1.170
2022-08-27 01:04:40,322 [Listener at 127.0.0.1/40049] INFO  upgrade.AbstractLayoutVersionManager (AbstractLayoutVersionManager.java:init(83)) - Initializing Layout version manager with metadata layout = DATANODE_SCHEMA_V3 (version = 4), software layout = DATANODE_SCHEMA_V3 (version = 4)
2022-08-27 01:04:40,347 [org.apache.hadoop.util.JvmPauseMonitor$Monitor@62c5b40d] INFO  util.JvmPauseMonitor (JvmPauseMonitor.java:run(188)) - Starting JVM pause monitor
2022-08-27 01:04:40,353 [Datanode State Machine Task Thread - 0] INFO  datanode.InitDatanodeState (InitDatanodeState.java:persistContainerDatanodeDetails(138)) - DatanodeDetails is persisted to /home/runner/work/ozone/ozone/hadoop-ozone/integration-test/target/test-dir/MiniOzoneClusterImpl-408e0d23-effc-4c1e-96d4-4e909f2f847e/datanode-0/meta/datanode.id
2022-08-27 01:04:40,375 [Listener at 127.0.0.1/40049] INFO  reflections.Reflections (Reflections.java:scan(232)) - Reflections took 52 ms to scan 7 urls, producing 133 keys and 322 values 
2022-08-27 01:04:40,376 [Listener at 127.0.0.1/40049] INFO  statemachine.DatanodeStateMachine (DatanodeStateMachine.java:getEndPointTaskThreadPoolSize(237)) - Datanode State Machine Task Thread Pool size 2
2022-08-27 01:04:40,378 [Listener at 127.0.0.1/40049] INFO  volume.HddsVolume (HddsVolume.java:<init>(117)) - Creating HddsVolume: /home/runner/work/ozone/ozone/hadoop-ozone/integration-test/target/test-dir/MiniOzoneClusterImpl-408e0d23-effc-4c1e-96d4-4e909f2f847e/datanode-1/data-0/containers/hdds of storage type : DISK capacity : 9223372036854775807
2022-08-27 01:04:40,378 [Listener at 127.0.0.1/40049] INFO  volume.MutableVolumeSet (MutableVolumeSet.java:initializeVolumeSet(174)) - Added Volume : /home/runner/work/ozone/ozone/hadoop-ozone/integration-test/target/test-dir/MiniOzoneClusterImpl-408e0d23-effc-4c1e-96d4-4e909f2f847e/datanode-1/data-0/containers/hdds to VolumeSet
2022-08-27 01:04:40,378 [Listener at 127.0.0.1/40049] INFO  volume.ThrottledAsyncChecker (ThrottledAsyncChecker.java:schedule(141)) - Scheduling a check for /home/runner/work/ozone/ozone/hadoop-ozone/integration-test/target/test-dir/MiniOzoneClusterImpl-408e0d23-effc-4c1e-96d4-4e909f2f847e/datanode-1/data-0/containers/hdds
2022-08-27 01:04:40,382 [Listener at 127.0.0.1/40049] INFO  volume.StorageVolumeChecker (StorageVolumeChecker.java:checkAllVolumes(202)) - Scheduled health check for volume /home/runner/work/ozone/ozone/hadoop-ozone/integration-test/target/test-dir/MiniOzoneClusterImpl-408e0d23-effc-4c1e-96d4-4e909f2f847e/datanode-1/data-0/containers/hdds
2022-08-27 01:04:40,395 [Listener at 127.0.0.1/40049] INFO  volume.MutableVolumeSet (MutableVolumeSet.java:initializeVolumeSet(174)) - Added Volume : /home/runner/work/ozone/ozone/hadoop-ozone/integration-test/target/test-dir/MiniOzoneClusterImpl-408e0d23-effc-4c1e-96d4-4e909f2f847e/datanode-1/data/ratis to VolumeSet
2022-08-27 01:04:40,395 [Listener at 127.0.0.1/40049] INFO  volume.ThrottledAsyncChecker (ThrottledAsyncChecker.java:schedule(141)) - Scheduling a check for /home/runner/work/ozone/ozone/hadoop-ozone/integration-test/target/test-dir/MiniOzoneClusterImpl-408e0d23-effc-4c1e-96d4-4e909f2f847e/datanode-1/data/ratis
2022-08-27 01:04:40,396 [Listener at 127.0.0.1/40049] INFO  volume.StorageVolumeChecker (StorageVolumeChecker.java:checkAllVolumes(202)) - Scheduled health check for volume /home/runner/work/ozone/ozone/hadoop-ozone/integration-test/target/test-dir/MiniOzoneClusterImpl-408e0d23-effc-4c1e-96d4-4e909f2f847e/datanode-1/data/ratis
2022-08-27 01:04:40,408 [Thread-996] INFO  ozoneimpl.ContainerReader (ContainerReader.java:readVolume(175)) - Finish verifying containers on volume /home/runner/work/ozone/ozone/hadoop-ozone/integration-test/target/test-dir/MiniOzoneClusterImpl-408e0d23-effc-4c1e-96d4-4e909f2f847e/datanode-1/data-0/containers/hdds
2022-08-27 01:04:40,409 [Listener at 127.0.0.1/40049] INFO  ozoneimpl.OzoneContainer (OzoneContainer.java:buildContainerSet(299)) - Build ContainerSet costs 0s
2022-08-27 01:04:40,413 [Listener at 127.0.0.1/40049] INFO  server.RaftServer (ConfUtils.java:logGet(46)) - raft.rpc.type = GRPC (default)
2022-08-27 01:04:40,413 [Listener at 127.0.0.1/40049] INFO  grpc.GrpcFactory (GrpcFactory.java:checkPooledByteBufAllocatorUseCacheForAllThreads(48)) - PERFORMANCE WARNING: useCacheForAllThreads is true that may cause Netty to create a lot garbage objects and, as a result, trigger GC.
	It is recommended to disable useCacheForAllThreads by setting -Dorg.apache.ratis.thirdparty.io.netty.allocator.useCacheForAllThreads=false in command line.
2022-08-27 01:04:40,414 [Listener at 127.0.0.1/40049] INFO  grpc.GrpcConfigKeys (ConfUtils.java:logGet(46)) - raft.grpc.admin.port = 0 (custom)
2022-08-27 01:04:40,414 [Listener at 127.0.0.1/40049] INFO  grpc.GrpcConfigKeys (ConfUtils.java:logGet(46)) - raft.grpc.client.port = 0 (custom)
2022-08-27 01:04:40,414 [Listener at 127.0.0.1/40049] INFO  grpc.GrpcConfigKeys (ConfUtils.java:logGet(46)) - raft.grpc.server.port = 0 (default)
2022-08-27 01:04:40,414 [Listener at 127.0.0.1/40049] INFO  server.GrpcService (ConfUtils.java:logGet(46)) - raft.grpc.message.size.max = 32MB (=33554432) (custom)
2022-08-27 01:04:40,414 [Listener at 127.0.0.1/40049] INFO  server.RaftServerConfigKeys (ConfUtils.java:logGet(46)) - raft.server.log.appender.buffer.byte-limit = 33554432 (custom)
2022-08-27 01:04:40,414 [Listener at 127.0.0.1/40049] INFO  server.GrpcService (ConfUtils.java:logGet(46)) - raft.grpc.flow.control.window = 5MB (=5242880) (custom)
2022-08-27 01:04:40,414 [Listener at 127.0.0.1/40049] INFO  server.RaftServerConfigKeys (ConfUtils.java:logGet(46)) - raft.server.rpc.request.timeout = 60s (custom)
2022-08-27 01:04:40,414 [Listener at 127.0.0.1/40049] INFO  grpc.GrpcConfigKeys (ConfUtils.java:logGet(46)) - raft.grpc.server.async.request.thread.pool.cached = true (default)
2022-08-27 01:04:40,414 [Listener at 127.0.0.1/40049] INFO  grpc.GrpcConfigKeys (ConfUtils.java:logGet(46)) - raft.grpc.server.async.request.thread.pool.size = 32 (default)
2022-08-27 01:04:40,415 [Listener at 127.0.0.1/40049] INFO  impl.DataStreamServerImpl (ConfUtils.java:logGet(46)) - raft.datastream.type = DISABLED (default)
2022-08-27 01:04:40,415 [Listener at 127.0.0.1/40049] INFO  server.RaftServerConfigKeys (ConfUtils.java:logGet(46)) - raft.server.threadpool.proxy.cached = true (default)
2022-08-27 01:04:40,415 [Listener at 127.0.0.1/40049] INFO  server.RaftServerConfigKeys (ConfUtils.java:logGet(46)) - raft.server.threadpool.proxy.size = 0 (default)
2022-08-27 01:04:40,415 [Listener at 127.0.0.1/40049] INFO  server.RaftServerConfigKeys (ConfUtils.java:logGet(46)) - raft.server.rpc.slowness.timeout = 300s (custom)
2022-08-27 01:04:40,415 [Listener at 127.0.0.1/40049] INFO  server.RaftServerConfigKeys (ConfUtils.java:logGet(46)) - raft.server.leaderelection.leader.step-down.wait-time = 10s (default)
2022-08-27 01:04:40,415 [Listener at 127.0.0.1/40049] INFO  server.RaftServerConfigKeys (ConfUtils.java:logGet(46)) - raft.server.storage.dir = [/home/runner/work/ozone/ozone/hadoop-ozone/integration-test/target/test-dir/MiniOzoneClusterImpl-408e0d23-effc-4c1e-96d4-4e909f2f847e/datanode-1/data/ratis] (custom)
2022-08-27 01:04:40,433 [Listener at 127.0.0.1/40049] INFO  server.XceiverServerGrpc (XceiverServerGrpc.java:<init>(132)) - GrpcServer channel type EpollServerSocketChannel
2022-08-27 01:04:40,441 [Listener at 127.0.0.1/40049] INFO  http.BaseHttpServer (BaseHttpServer.java:newHttpServer2BuilderForOzone(213)) - Starting Web-server for hddsDatanode at: http://0.0.0.0:0
2022-08-27 01:04:40,441 [Listener at 127.0.0.1/40049] INFO  http.BaseHttpServer (BaseHttpServer.java:<init>(108)) - Hadoop Security Enabled: false Ozone Security Enabled: false Ozone HTTP Security Enabled: false 
2022-08-27 01:04:40,442 [Listener at 127.0.0.1/40049] INFO  server.AuthenticationFilter (AuthenticationFilter.java:constructSecretProvider(240)) - Unable to initialize FileSignerSecretProvider, falling back to use random secrets.
2022-08-27 01:04:40,448 [Listener at 127.0.0.1/40049] WARN  http.HttpRequestLog (HttpRequestLog.java:getRequestLog(103)) - Jetty request log can only be enabled using Log4j
2022-08-27 01:04:40,449 [Listener at 127.0.0.1/40049] INFO  http.HttpServer2 (HttpServer2.java:addGlobalFilter(1029)) - Added global filter 'safety' (class=org.apache.hadoop.hdds.server.http.HttpServer2$QuotingInputFilter)
2022-08-27 01:04:40,450 [Listener at 127.0.0.1/40049] INFO  http.HttpServer2 (HttpServer2.java:addFilter(1005)) - Added filter static_user_filter (class=org.apache.hadoop.http.lib.StaticUserWebFilter$StaticUserFilter) to context hddsDatanode
2022-08-27 01:04:40,450 [Listener at 127.0.0.1/40049] INFO  http.HttpServer2 (HttpServer2.java:addFilter(1013)) - Added filter static_user_filter (class=org.apache.hadoop.http.lib.StaticUserWebFilter$StaticUserFilter) to context logs
2022-08-27 01:04:40,450 [Listener at 127.0.0.1/40049] INFO  http.HttpServer2 (HttpServer2.java:addFilter(1013)) - Added filter static_user_filter (class=org.apache.hadoop.http.lib.StaticUserWebFilter$StaticUserFilter) to context static
2022-08-27 01:04:40,450 [Listener at 127.0.0.1/40049] INFO  http.HttpServer2 (HttpServer2.java:bindListener(1248)) - Jetty bound to port 36903
2022-08-27 01:04:40,450 [Listener at 127.0.0.1/40049] INFO  server.Server (Server.java:doStart(375)) - jetty-9.4.43.v20210629; built: 2021-06-30T11:07:22.254Z; git: 526006ecfa3af7f1a27ef3a288e2bef7ea9dd7e8; jvm 1.8.0_345-b01
2022-08-27 01:04:40,501 [Listener at 127.0.0.1/40049] INFO  server.session (DefaultSessionIdManager.java:doStart(334)) - DefaultSessionIdManager workerName=node0
2022-08-27 01:04:40,501 [Listener at 127.0.0.1/40049] INFO  server.session (DefaultSessionIdManager.java:doStart(339)) - No SessionScavenger set, using defaults
2022-08-27 01:04:40,501 [Listener at 127.0.0.1/40049] INFO  server.session (HouseKeeper.java:startScavenging(132)) - node0 Scavenging every 600000ms
2022-08-27 01:04:40,502 [Listener at 127.0.0.1/40049] INFO  handler.ContextHandler (ContextHandler.java:doStart(915)) - Started o.e.j.s.ServletContextHandler@31f954a2{logs,/logs,file:///home/runner/work/ozone/ozone/hadoop-ozone/integration-test/target/log,AVAILABLE}
2022-08-27 01:04:40,503 [Listener at 127.0.0.1/40049] INFO  handler.ContextHandler (ContextHandler.java:doStart(915)) - Started o.e.j.s.ServletContextHandler@5a848ce8{static,/static,jar:file:/home/runner/.m2/repository/org/apache/ozone/hdds-container-service/1.3.0-SNAPSHOT/hdds-container-service-1.3.0-SNAPSHOT.jar!/webapps/static,AVAILABLE}
2022-08-27 01:04:40,646 [ReplicationMonitor] INFO  replication.ReplicationManager (ReplicationManager.java:processAll(255)) - Replication Manager is not ready to run until 3000ms after safemode exit
2022-08-27 01:04:40,691 [Listener at 127.0.0.1/40049] INFO  handler.ContextHandler (ContextHandler.java:doStart(915)) - Started o.e.j.w.WebAppContext@1b6e41b6{hddsDatanode,/,file:///tmp/jetty-0_0_0_0-36903-hdds-container-service-1_3_0-SNAPSHOT_jar-_-any-1328267948795394498/webapp/,AVAILABLE}{jar:file:/home/runner/.m2/repository/org/apache/ozone/hdds-container-service/1.3.0-SNAPSHOT/hdds-container-service-1.3.0-SNAPSHOT.jar!/webapps/hddsDatanode}
2022-08-27 01:04:40,693 [Listener at 127.0.0.1/40049] INFO  server.AbstractConnector (AbstractConnector.java:doStart(331)) - Started ServerConnector@1ac23072{HTTP/1.1, (http/1.1)}{0.0.0.0:36903}
2022-08-27 01:04:40,693 [Listener at 127.0.0.1/40049] INFO  server.Server (Server.java:doStart(415)) - Started @39382ms
2022-08-27 01:04:40,693 [Listener at 127.0.0.1/40049] WARN  impl.MetricsSystemImpl (MetricsSystemImpl.java:register(279)) - Sink prometheus already exists!
2022-08-27 01:04:40,694 [Listener at 127.0.0.1/40049] INFO  http.BaseHttpServer (BaseHttpServer.java:updateConnectorAddress(333)) - HTTP server of hddsDatanode listening at http://0.0.0.0:36903
2022-08-27 01:04:40,697 [Listener at 127.0.0.1/40049] WARN  impl.MetricRegistriesImpl (MetricRegistriesImpl.java:addReporterRegistration(111)) - New reporters are added after registries were created. Some metrics will be missing from the reporter. Please add reporter before adding any new registry.
2022-08-27 01:04:40,697 [Listener at 127.0.0.1/40049] WARN  impl.MetricRegistriesImpl (MetricRegistriesImpl.java:addReporterRegistration(111)) - New reporters are added after registries were created. Some metrics will be missing from the reporter. Please add reporter before adding any new registry.
2022-08-27 01:04:40,700 [Listener at 127.0.0.1/40049] INFO  impl.MetricsSystemImpl (MetricsSystemImpl.java:init(158)) - HddsDatanode metrics system started (again)
2022-08-27 01:04:40,710 [Datanode State Machine Daemon Thread] INFO  statemachine.DatanodeStateMachine (DatanodeStateMachine.java:lambda$startDaemon$0(492)) - Ozone container server started.
2022-08-27 01:04:40,722 [Listener at 127.0.0.1/40049] INFO  ozone.HddsDatanodeService (HddsDatanodeService.java:start(236)) - HddsDatanodeService host:fv-az41-820.zje5jq5y5x4uznwvdkgxk4wc2h.cx.internal.cloudapp.net ip:10.1.1.170
2022-08-27 01:04:40,746 [Listener at 127.0.0.1/40049] INFO  upgrade.AbstractLayoutVersionManager (AbstractLayoutVersionManager.java:init(83)) - Initializing Layout version manager with metadata layout = DATANODE_SCHEMA_V3 (version = 4), software layout = DATANODE_SCHEMA_V3 (version = 4)
2022-08-27 01:04:40,760 [org.apache.hadoop.util.JvmPauseMonitor$Monitor@5da40059] INFO  util.JvmPauseMonitor (JvmPauseMonitor.java:run(188)) - Starting JVM pause monitor
2022-08-27 01:04:40,765 [Datanode State Machine Task Thread - 0] INFO  datanode.InitDatanodeState (InitDatanodeState.java:persistContainerDatanodeDetails(138)) - DatanodeDetails is persisted to /home/runner/work/ozone/ozone/hadoop-ozone/integration-test/target/test-dir/MiniOzoneClusterImpl-408e0d23-effc-4c1e-96d4-4e909f2f847e/datanode-1/meta/datanode.id
2022-08-27 01:04:40,805 [Listener at 127.0.0.1/40049] INFO  reflections.Reflections (Reflections.java:scan(232)) - Reflections took 58 ms to scan 7 urls, producing 133 keys and 322 values 
2022-08-27 01:04:40,807 [Listener at 127.0.0.1/40049] INFO  statemachine.DatanodeStateMachine (DatanodeStateMachine.java:getEndPointTaskThreadPoolSize(237)) - Datanode State Machine Task Thread Pool size 2
2022-08-27 01:04:40,809 [Listener at 127.0.0.1/40049] INFO  volume.HddsVolume (HddsVolume.java:<init>(117)) - Creating HddsVolume: /home/runner/work/ozone/ozone/hadoop-ozone/integration-test/target/test-dir/MiniOzoneClusterImpl-408e0d23-effc-4c1e-96d4-4e909f2f847e/datanode-2/data-0/containers/hdds of storage type : DISK capacity : 9223372036854775807
2022-08-27 01:04:40,809 [Listener at 127.0.0.1/40049] INFO  volume.MutableVolumeSet (MutableVolumeSet.java:initializeVolumeSet(174)) - Added Volume : /home/runner/work/ozone/ozone/hadoop-ozone/integration-test/target/test-dir/MiniOzoneClusterImpl-408e0d23-effc-4c1e-96d4-4e909f2f847e/datanode-2/data-0/containers/hdds to VolumeSet
2022-08-27 01:04:40,809 [Listener at 127.0.0.1/40049] INFO  volume.ThrottledAsyncChecker (ThrottledAsyncChecker.java:schedule(141)) - Scheduling a check for /home/runner/work/ozone/ozone/hadoop-ozone/integration-test/target/test-dir/MiniOzoneClusterImpl-408e0d23-effc-4c1e-96d4-4e909f2f847e/datanode-2/data-0/containers/hdds
2022-08-27 01:04:40,826 [Listener at 127.0.0.1/40049] INFO  volume.StorageVolumeChecker (StorageVolumeChecker.java:checkAllVolumes(202)) - Scheduled health check for volume /home/runner/work/ozone/ozone/hadoop-ozone/integration-test/target/test-dir/MiniOzoneClusterImpl-408e0d23-effc-4c1e-96d4-4e909f2f847e/datanode-2/data-0/containers/hdds
2022-08-27 01:04:40,837 [Listener at 127.0.0.1/40049] INFO  volume.MutableVolumeSet (MutableVolumeSet.java:initializeVolumeSet(174)) - Added Volume : /home/runner/work/ozone/ozone/hadoop-ozone/integration-test/target/test-dir/MiniOzoneClusterImpl-408e0d23-effc-4c1e-96d4-4e909f2f847e/datanode-2/data/ratis to VolumeSet
2022-08-27 01:04:40,837 [Listener at 127.0.0.1/40049] INFO  volume.ThrottledAsyncChecker (ThrottledAsyncChecker.java:schedule(141)) - Scheduling a check for /home/runner/work/ozone/ozone/hadoop-ozone/integration-test/target/test-dir/MiniOzoneClusterImpl-408e0d23-effc-4c1e-96d4-4e909f2f847e/datanode-2/data/ratis
2022-08-27 01:04:40,837 [Listener at 127.0.0.1/40049] INFO  volume.StorageVolumeChecker (StorageVolumeChecker.java:checkAllVolumes(202)) - Scheduled health check for volume /home/runner/work/ozone/ozone/hadoop-ozone/integration-test/target/test-dir/MiniOzoneClusterImpl-408e0d23-effc-4c1e-96d4-4e909f2f847e/datanode-2/data/ratis
2022-08-27 01:04:40,857 [Thread-1009] INFO  ozoneimpl.ContainerReader (ContainerReader.java:readVolume(175)) - Finish verifying containers on volume /home/runner/work/ozone/ozone/hadoop-ozone/integration-test/target/test-dir/MiniOzoneClusterImpl-408e0d23-effc-4c1e-96d4-4e909f2f847e/datanode-2/data-0/containers/hdds
2022-08-27 01:04:40,857 [Listener at 127.0.0.1/40049] INFO  ozoneimpl.OzoneContainer (OzoneContainer.java:buildContainerSet(299)) - Build ContainerSet costs 0s
2022-08-27 01:04:40,859 [Listener at 127.0.0.1/40049] INFO  server.RaftServer (ConfUtils.java:logGet(46)) - raft.rpc.type = GRPC (default)
2022-08-27 01:04:40,859 [Listener at 127.0.0.1/40049] INFO  grpc.GrpcFactory (GrpcFactory.java:checkPooledByteBufAllocatorUseCacheForAllThreads(48)) - PERFORMANCE WARNING: useCacheForAllThreads is true that may cause Netty to create a lot garbage objects and, as a result, trigger GC.
	It is recommended to disable useCacheForAllThreads by setting -Dorg.apache.ratis.thirdparty.io.netty.allocator.useCacheForAllThreads=false in command line.
2022-08-27 01:04:40,859 [Listener at 127.0.0.1/40049] INFO  grpc.GrpcConfigKeys (ConfUtils.java:logGet(46)) - raft.grpc.admin.port = 0 (custom)
2022-08-27 01:04:40,859 [Listener at 127.0.0.1/40049] INFO  grpc.GrpcConfigKeys (ConfUtils.java:logGet(46)) - raft.grpc.client.port = 0 (custom)
2022-08-27 01:04:40,859 [Listener at 127.0.0.1/40049] INFO  grpc.GrpcConfigKeys (ConfUtils.java:logGet(46)) - raft.grpc.server.port = 0 (default)
2022-08-27 01:04:40,859 [Listener at 127.0.0.1/40049] INFO  server.GrpcService (ConfUtils.java:logGet(46)) - raft.grpc.message.size.max = 32MB (=33554432) (custom)
2022-08-27 01:04:40,859 [Listener at 127.0.0.1/40049] INFO  server.RaftServerConfigKeys (ConfUtils.java:logGet(46)) - raft.server.log.appender.buffer.byte-limit = 33554432 (custom)
2022-08-27 01:04:40,859 [Listener at 127.0.0.1/40049] INFO  server.GrpcService (ConfUtils.java:logGet(46)) - raft.grpc.flow.control.window = 5MB (=5242880) (custom)
2022-08-27 01:04:40,859 [Listener at 127.0.0.1/40049] INFO  server.RaftServerConfigKeys (ConfUtils.java:logGet(46)) - raft.server.rpc.request.timeout = 60s (custom)
2022-08-27 01:04:40,859 [Listener at 127.0.0.1/40049] INFO  grpc.GrpcConfigKeys (ConfUtils.java:logGet(46)) - raft.grpc.server.async.request.thread.pool.cached = true (default)
2022-08-27 01:04:40,859 [Listener at 127.0.0.1/40049] INFO  grpc.GrpcConfigKeys (ConfUtils.java:logGet(46)) - raft.grpc.server.async.request.thread.pool.size = 32 (default)
2022-08-27 01:04:40,860 [Listener at 127.0.0.1/40049] INFO  impl.DataStreamServerImpl (ConfUtils.java:logGet(46)) - raft.datastream.type = DISABLED (default)
2022-08-27 01:04:40,860 [Listener at 127.0.0.1/40049] INFO  server.RaftServerConfigKeys (ConfUtils.java:logGet(46)) - raft.server.threadpool.proxy.cached = true (default)
2022-08-27 01:04:40,860 [Listener at 127.0.0.1/40049] INFO  server.RaftServerConfigKeys (ConfUtils.java:logGet(46)) - raft.server.threadpool.proxy.size = 0 (default)
2022-08-27 01:04:40,860 [Listener at 127.0.0.1/40049] INFO  server.RaftServerConfigKeys (ConfUtils.java:logGet(46)) - raft.server.rpc.slowness.timeout = 300s (custom)
2022-08-27 01:04:40,860 [Listener at 127.0.0.1/40049] INFO  server.RaftServerConfigKeys (ConfUtils.java:logGet(46)) - raft.server.leaderelection.leader.step-down.wait-time = 10s (default)
2022-08-27 01:04:40,860 [Listener at 127.0.0.1/40049] INFO  server.RaftServerConfigKeys (ConfUtils.java:logGet(46)) - raft.server.storage.dir = [/home/runner/work/ozone/ozone/hadoop-ozone/integration-test/target/test-dir/MiniOzoneClusterImpl-408e0d23-effc-4c1e-96d4-4e909f2f847e/datanode-2/data/ratis] (custom)
2022-08-27 01:04:40,871 [Listener at 127.0.0.1/40049] INFO  server.XceiverServerGrpc (XceiverServerGrpc.java:<init>(132)) - GrpcServer channel type EpollServerSocketChannel
2022-08-27 01:04:40,875 [Listener at 127.0.0.1/40049] INFO  http.BaseHttpServer (BaseHttpServer.java:newHttpServer2BuilderForOzone(213)) - Starting Web-server for hddsDatanode at: http://0.0.0.0:0
2022-08-27 01:04:40,875 [Listener at 127.0.0.1/40049] INFO  http.BaseHttpServer (BaseHttpServer.java:<init>(108)) - Hadoop Security Enabled: false Ozone Security Enabled: false Ozone HTTP Security Enabled: false 
2022-08-27 01:04:40,880 [Listener at 127.0.0.1/40049] INFO  server.AuthenticationFilter (AuthenticationFilter.java:constructSecretProvider(240)) - Unable to initialize FileSignerSecretProvider, falling back to use random secrets.
2022-08-27 01:04:40,880 [Listener at 127.0.0.1/40049] WARN  http.HttpRequestLog (HttpRequestLog.java:getRequestLog(103)) - Jetty request log can only be enabled using Log4j
2022-08-27 01:04:40,881 [Listener at 127.0.0.1/40049] INFO  http.HttpServer2 (HttpServer2.java:addGlobalFilter(1029)) - Added global filter 'safety' (class=org.apache.hadoop.hdds.server.http.HttpServer2$QuotingInputFilter)
2022-08-27 01:04:40,882 [Listener at 127.0.0.1/40049] INFO  http.HttpServer2 (HttpServer2.java:addFilter(1005)) - Added filter static_user_filter (class=org.apache.hadoop.http.lib.StaticUserWebFilter$StaticUserFilter) to context hddsDatanode
2022-08-27 01:04:40,882 [Listener at 127.0.0.1/40049] INFO  http.HttpServer2 (HttpServer2.java:addFilter(1013)) - Added filter static_user_filter (class=org.apache.hadoop.http.lib.StaticUserWebFilter$StaticUserFilter) to context static
2022-08-27 01:04:40,882 [Listener at 127.0.0.1/40049] INFO  http.HttpServer2 (HttpServer2.java:addFilter(1013)) - Added filter static_user_filter (class=org.apache.hadoop.http.lib.StaticUserWebFilter$StaticUserFilter) to context logs
2022-08-27 01:04:40,882 [Listener at 127.0.0.1/40049] INFO  http.HttpServer2 (HttpServer2.java:bindListener(1248)) - Jetty bound to port 34843
2022-08-27 01:04:40,882 [Listener at 127.0.0.1/40049] INFO  server.Server (Server.java:doStart(375)) - jetty-9.4.43.v20210629; built: 2021-06-30T11:07:22.254Z; git: 526006ecfa3af7f1a27ef3a288e2bef7ea9dd7e8; jvm 1.8.0_345-b01
2022-08-27 01:04:40,883 [Listener at 127.0.0.1/40049] INFO  server.session (DefaultSessionIdManager.java:doStart(334)) - DefaultSessionIdManager workerName=node0
2022-08-27 01:04:40,883 [Listener at 127.0.0.1/40049] INFO  server.session (DefaultSessionIdManager.java:doStart(339)) - No SessionScavenger set, using defaults
2022-08-27 01:04:40,888 [Listener at 127.0.0.1/40049] INFO  server.session (HouseKeeper.java:startScavenging(132)) - node0 Scavenging every 600000ms
2022-08-27 01:04:40,888 [Listener at 127.0.0.1/40049] INFO  handler.ContextHandler (ContextHandler.java:doStart(915)) - Started o.e.j.s.ServletContextHandler@6d0d68a3{logs,/logs,file:///home/runner/work/ozone/ozone/hadoop-ozone/integration-test/target/log,AVAILABLE}
2022-08-27 01:04:40,888 [Listener at 127.0.0.1/40049] INFO  handler.ContextHandler (ContextHandler.java:doStart(915)) - Started o.e.j.s.ServletContextHandler@48b8550f{static,/static,jar:file:/home/runner/.m2/repository/org/apache/ozone/hdds-container-service/1.3.0-SNAPSHOT/hdds-container-service-1.3.0-SNAPSHOT.jar!/webapps/static,AVAILABLE}
2022-08-27 01:04:40,896 [aacd29cb-552c-424c-841b-ce75a537e611@group-324F9073062A-FollowerState] INFO  impl.FollowerState (FollowerState.java:run(143)) - aacd29cb-552c-424c-841b-ce75a537e611@group-324F9073062A-FollowerState: change to CANDIDATE, lastRpcElapsedTime:5015003693ns, electionTimeout:5014ms
2022-08-27 01:04:40,896 [aacd29cb-552c-424c-841b-ce75a537e611@group-324F9073062A-FollowerState] INFO  impl.RoleInfo (RoleInfo.java:shutdownFollowerState(110)) - aacd29cb-552c-424c-841b-ce75a537e611: shutdown aacd29cb-552c-424c-841b-ce75a537e611@group-324F9073062A-FollowerState
2022-08-27 01:04:40,896 [aacd29cb-552c-424c-841b-ce75a537e611@group-324F9073062A-FollowerState] INFO  server.RaftServer$Division (RaftServerImpl.java:setRole(299)) - aacd29cb-552c-424c-841b-ce75a537e611@group-324F9073062A: changes role from  FOLLOWER to CANDIDATE at term 1 for changeToCandidate
2022-08-27 01:04:40,896 [aacd29cb-552c-424c-841b-ce75a537e611@group-324F9073062A-FollowerState] INFO  server.RaftServerConfigKeys (ConfUtils.java:logGet(46)) - raft.server.leaderelection.pre-vote = false (custom)
2022-08-27 01:04:40,896 [aacd29cb-552c-424c-841b-ce75a537e611@group-324F9073062A-FollowerState] INFO  impl.RoleInfo (RoleInfo.java:updateAndGet(139)) - aacd29cb-552c-424c-841b-ce75a537e611: start aacd29cb-552c-424c-841b-ce75a537e611@group-324F9073062A-LeaderElection23
2022-08-27 01:04:40,898 [ReplicationMonitor] INFO  replication.ReplicationManager (ReplicationManager.java:processAll(255)) - Replication Manager is not ready to run until 3000ms after safemode exit
2022-08-27 01:04:40,899 [om1@group-C5BA1605619E-FollowerState] INFO  impl.FollowerState (FollowerState.java:run(143)) - om1@group-C5BA1605619E-FollowerState: change to CANDIDATE, lastRpcElapsedTime:1028901659ns, electionTimeout:1027ms
2022-08-27 01:04:40,899 [om1@group-C5BA1605619E-FollowerState] INFO  impl.RoleInfo (RoleInfo.java:shutdownFollowerState(110)) - om1: shutdown om1@group-C5BA1605619E-FollowerState
2022-08-27 01:04:40,899 [om1@group-C5BA1605619E-FollowerState] INFO  server.RaftServer$Division (RaftServerImpl.java:setRole(299)) - om1@group-C5BA1605619E: changes role from  FOLLOWER to CANDIDATE at term 0 for changeToCandidate
2022-08-27 01:04:40,904 [om1@group-C5BA1605619E-FollowerState] INFO  server.RaftServerConfigKeys (ConfUtils.java:logGet(46)) - raft.server.leaderelection.pre-vote = false (custom)
2022-08-27 01:04:40,904 [om1@group-C5BA1605619E-FollowerState] INFO  impl.RoleInfo (RoleInfo.java:updateAndGet(139)) - om1: start om1@group-C5BA1605619E-LeaderElection24
2022-08-27 01:04:40,914 [aacd29cb-552c-424c-841b-ce75a537e611@group-324F9073062A-LeaderElection23] INFO  impl.LeaderElection (LeaderElection.java:askForVotes(310)) - aacd29cb-552c-424c-841b-ce75a537e611@group-324F9073062A-LeaderElection23 ELECTION round 0: submit vote requests at term 2 for -1: [a039d0ae-df73-484a-be43-6545be4aa139|rpc:10.1.1.170:35103|dataStream:|priority:0, aacd29cb-552c-424c-841b-ce75a537e611|rpc:10.1.1.170:39611|dataStream:|priority:0, 4533084f-140e-42f6-9ba1-ce945919c4fc|rpc:10.1.1.170:35021|dataStream:|priority:1], old=null
2022-08-27 01:04:40,924 [grpc-default-executor-4] INFO  server.RaftServer$Division (RaftServerImpl.java:requestVote(1152)) - a039d0ae-df73-484a-be43-6545be4aa139@group-324F9073062A: receive requestVote(ELECTION, aacd29cb-552c-424c-841b-ce75a537e611, group-324F9073062A, 2, (t:0, i:0))
2022-08-27 01:04:40,924 [grpc-default-executor-4] INFO  impl.VoteContext (VoteContext.java:log(48)) - a039d0ae-df73-484a-be43-6545be4aa139@group-324F9073062A-FOLLOWER: accept ELECTION from aacd29cb-552c-424c-841b-ce75a537e611: our priority 0 <= candidate's priority 0
2022-08-27 01:04:40,924 [grpc-default-executor-4] INFO  server.RaftServer$Division (RaftServerImpl.java:setRole(299)) - a039d0ae-df73-484a-be43-6545be4aa139@group-324F9073062A: changes role from  FOLLOWER to FOLLOWER at term 2 for candidate:aacd29cb-552c-424c-841b-ce75a537e611
2022-08-27 01:04:40,924 [grpc-default-executor-4] INFO  impl.RoleInfo (RoleInfo.java:shutdownFollowerState(110)) - a039d0ae-df73-484a-be43-6545be4aa139: shutdown a039d0ae-df73-484a-be43-6545be4aa139@group-324F9073062A-FollowerState
2022-08-27 01:04:40,925 [a039d0ae-df73-484a-be43-6545be4aa139@group-324F9073062A-FollowerState] INFO  impl.FollowerState (FollowerState.java:run(152)) - a039d0ae-df73-484a-be43-6545be4aa139@group-324F9073062A-FollowerState was interrupted
2022-08-27 01:04:40,925 [grpc-default-executor-4] INFO  impl.RoleInfo (RoleInfo.java:updateAndGet(139)) - a039d0ae-df73-484a-be43-6545be4aa139: start a039d0ae-df73-484a-be43-6545be4aa139@group-324F9073062A-FollowerState
2022-08-27 01:04:40,925 [om1@group-C5BA1605619E-LeaderElection24] INFO  impl.LeaderElection (LeaderElection.java:askForVotes(310)) - om1@group-C5BA1605619E-LeaderElection24 ELECTION round 0: submit vote requests at term 1 for -1: [om1|rpc:localhost:35571|priority:0], old=null
2022-08-27 01:04:40,925 [om1@group-C5BA1605619E-LeaderElection24] INFO  impl.LeaderElection (LeaderElection.java:askForVotes(312)) - om1@group-C5BA1605619E-LeaderElection24 ELECTION round 0: result PASSED (term=1)
2022-08-27 01:04:40,925 [om1@group-C5BA1605619E-LeaderElection24] INFO  impl.RoleInfo (RoleInfo.java:shutdownLeaderElection(130)) - om1: shutdown om1@group-C5BA1605619E-LeaderElection24
2022-08-27 01:04:40,925 [om1@group-C5BA1605619E-LeaderElection24] INFO  server.RaftServer$Division (RaftServerImpl.java:setRole(299)) - om1@group-C5BA1605619E: changes role from CANDIDATE to LEADER at term 1 for changeToLeader
2022-08-27 01:04:40,925 [om1@group-C5BA1605619E-LeaderElection24] INFO  server.RaftServer$Division (ServerState.java:setLeader(287)) - om1@group-C5BA1605619E: change Leader from null to om1 at term 1 for becomeLeader, leader elected after 1596ms
2022-08-27 01:04:40,925 [om1@group-C5BA1605619E-LeaderElection24] INFO  server.RaftServerConfigKeys (ConfUtils.java:logGet(46)) - raft.server.staging.catchup.gap = 1000 (default)
2022-08-27 01:04:40,926 [om1@group-C5BA1605619E-LeaderElection24] INFO  server.RaftServerConfigKeys (ConfUtils.java:logGet(46)) - raft.server.write.element-limit = 4096 (default)
2022-08-27 01:04:40,926 [om1@group-C5BA1605619E-LeaderElection24] INFO  server.RaftServerConfigKeys (ConfUtils.java:logGet(46)) - raft.server.write.byte-limit = 64MB (=67108864) (default)
2022-08-27 01:04:40,926 [om1@group-C5BA1605619E-LeaderElection24] INFO  server.RaftServerConfigKeys (ConfUtils.java:logGet(46)) - raft.server.watch.timeout = 10s (default)
2022-08-27 01:04:40,926 [om1@group-C5BA1605619E-LeaderElection24] INFO  server.RaftServerConfigKeys (ConfUtils.java:logGet(46)) - raft.server.watch.timeout.denomination = 1s (default)
2022-08-27 01:04:40,930 [om1@group-C5BA1605619E-LeaderElection24] INFO  server.RaftServerConfigKeys (ConfUtils.java:logGet(46)) - raft.server.watch.element-limit = 65536 (default)
2022-08-27 01:04:40,930 [om1@group-C5BA1605619E-LeaderElection24] INFO  server.RaftServerConfigKeys (ConfUtils.java:logGet(46)) - raft.server.write.element-limit = 4096 (default)
2022-08-27 01:04:40,930 [om1@group-C5BA1605619E-LeaderElection24] INFO  server.RaftServerConfigKeys (ConfUtils.java:logGet(46)) - raft.server.write.follower.gap.ratio.max = -1.0 (default)
2022-08-27 01:04:40,930 [om1@group-C5BA1605619E-LeaderElection24] INFO  impl.RoleInfo (RoleInfo.java:updateAndGet(139)) - om1: start om1@group-C5BA1605619E-LeaderStateImpl
2022-08-27 01:04:40,930 [om1@group-C5BA1605619E-LeaderElection24] INFO  segmented.SegmentedRaftLogWorker (SegmentedRaftLogWorker.java:startLogSegment(425)) - om1@group-C5BA1605619E-SegmentedRaftLogWorker: Starting segment from index:0
2022-08-27 01:04:40,929 [grpc-default-executor-1] INFO  server.RaftServer$Division (RaftServerImpl.java:requestVote(1152)) - 4533084f-140e-42f6-9ba1-ce945919c4fc@group-324F9073062A: receive requestVote(ELECTION, aacd29cb-552c-424c-841b-ce75a537e611, group-324F9073062A, 2, (t:0, i:0))
2022-08-27 01:04:40,933 [grpc-default-executor-1] INFO  impl.VoteContext (VoteContext.java:log(48)) - 4533084f-140e-42f6-9ba1-ce945919c4fc@group-324F9073062A-FOLLOWER: reject ELECTION from aacd29cb-552c-424c-841b-ce75a537e611: our priority 1 > candidate's priority 0
2022-08-27 01:04:40,933 [grpc-default-executor-1] INFO  server.RaftServer$Division (RaftServerImpl.java:setRole(299)) - 4533084f-140e-42f6-9ba1-ce945919c4fc@group-324F9073062A: changes role from  FOLLOWER to FOLLOWER at term 2 for candidate:aacd29cb-552c-424c-841b-ce75a537e611
2022-08-27 01:04:40,933 [grpc-default-executor-1] INFO  impl.RoleInfo (RoleInfo.java:shutdownFollowerState(110)) - 4533084f-140e-42f6-9ba1-ce945919c4fc: shutdown 4533084f-140e-42f6-9ba1-ce945919c4fc@group-324F9073062A-FollowerState
2022-08-27 01:04:40,937 [grpc-default-executor-4] INFO  server.RaftServer$Division (RaftServerImpl.java:requestVote(1184)) - a039d0ae-df73-484a-be43-6545be4aa139@group-324F9073062A replies to ELECTION vote request: aacd29cb-552c-424c-841b-ce75a537e611<-a039d0ae-df73-484a-be43-6545be4aa139#0:OK-t2. Peer's state: a039d0ae-df73-484a-be43-6545be4aa139@group-324F9073062A:t2, leader=null, voted=aacd29cb-552c-424c-841b-ce75a537e611, raftlog=a039d0ae-df73-484a-be43-6545be4aa139@group-324F9073062A-SegmentedRaftLog:OPENED:c-1, conf=-1: [a039d0ae-df73-484a-be43-6545be4aa139|rpc:10.1.1.170:35103|priority:0, aacd29cb-552c-424c-841b-ce75a537e611|rpc:10.1.1.170:39611|priority:0, 4533084f-140e-42f6-9ba1-ce945919c4fc|rpc:10.1.1.170:35021|priority:1], old=null
2022-08-27 01:04:40,945 [om1@group-C5BA1605619E-LeaderElection24] INFO  server.RaftServer$Division (ServerState.java:setRaftConf(393)) - om1@group-C5BA1605619E: set configuration 0: [om1|rpc:localhost:35571|admin:|client:|dataStream:|priority:0], old=null
2022-08-27 01:04:40,948 [om1@group-C5BA1605619E-SegmentedRaftLogWorker] INFO  segmented.SegmentedRaftLogWorker (SegmentedRaftLogWorker.java:execute(629)) - om1@group-C5BA1605619E-SegmentedRaftLogWorker: created new log segment /home/runner/work/ozone/ozone/hadoop-ozone/integration-test/target/test-dir/MiniOzoneClusterImpl-408e0d23-effc-4c1e-96d4-4e909f2f847e/ozone-meta/ratis/bf265839-605b-3f16-9796-c5ba1605619e/current/log_inprogress_0
2022-08-27 01:04:40,948 [grpc-default-executor-1] INFO  impl.RoleInfo (RoleInfo.java:updateAndGet(139)) - 4533084f-140e-42f6-9ba1-ce945919c4fc: start 4533084f-140e-42f6-9ba1-ce945919c4fc@group-324F9073062A-FollowerState
2022-08-27 01:04:40,949 [4533084f-140e-42f6-9ba1-ce945919c4fc@group-324F9073062A-FollowerState] INFO  impl.FollowerState (FollowerState.java:run(152)) - 4533084f-140e-42f6-9ba1-ce945919c4fc@group-324F9073062A-FollowerState was interrupted
2022-08-27 01:04:40,960 [grpc-default-executor-1] INFO  server.RaftServer$Division (RaftServerImpl.java:requestVote(1184)) - 4533084f-140e-42f6-9ba1-ce945919c4fc@group-324F9073062A replies to ELECTION vote request: aacd29cb-552c-424c-841b-ce75a537e611<-4533084f-140e-42f6-9ba1-ce945919c4fc#0:FAIL-t2. Peer's state: 4533084f-140e-42f6-9ba1-ce945919c4fc@group-324F9073062A:t2, leader=null, voted=null, raftlog=4533084f-140e-42f6-9ba1-ce945919c4fc@group-324F9073062A-SegmentedRaftLog:OPENED:c-1, conf=-1: [a039d0ae-df73-484a-be43-6545be4aa139|rpc:10.1.1.170:35103|dataStream:|priority:0, aacd29cb-552c-424c-841b-ce75a537e611|rpc:10.1.1.170:39611|dataStream:|priority:0, 4533084f-140e-42f6-9ba1-ce945919c4fc|rpc:10.1.1.170:35021|dataStream:|priority:1], old=null
2022-08-27 01:04:40,960 [om1@group-C5BA1605619E-StateMachineUpdater] INFO  ratis.OzoneManagerStateMachine (OzoneManagerStateMachine.java:notifyConfigurationChanged(192)) - Received Configuration change notification from Ratis. New Peer list:
[id: "om1"
address: "localhost:35571"
]
2022-08-27 01:04:40,961 [aacd29cb-552c-424c-841b-ce75a537e611@group-324F9073062A-LeaderElection23] INFO  impl.LeaderElection (LeaderElection.java:logAndReturn(90)) - aacd29cb-552c-424c-841b-ce75a537e611@group-324F9073062A-LeaderElection23: ELECTION REJECTED received 2 response(s) and 0 exception(s):
2022-08-27 01:04:40,961 [aacd29cb-552c-424c-841b-ce75a537e611@group-324F9073062A-LeaderElection23] INFO  impl.LeaderElection (LeaderElection.java:logAndReturn(94)) -   Response 0: aacd29cb-552c-424c-841b-ce75a537e611<-a039d0ae-df73-484a-be43-6545be4aa139#0:OK-t2
2022-08-27 01:04:40,961 [aacd29cb-552c-424c-841b-ce75a537e611@group-324F9073062A-LeaderElection23] INFO  impl.LeaderElection (LeaderElection.java:logAndReturn(94)) -   Response 1: aacd29cb-552c-424c-841b-ce75a537e611<-4533084f-140e-42f6-9ba1-ce945919c4fc#0:FAIL-t2
2022-08-27 01:04:40,961 [aacd29cb-552c-424c-841b-ce75a537e611@group-324F9073062A-LeaderElection23] INFO  impl.LeaderElection (LeaderElection.java:askForVotes(312)) - aacd29cb-552c-424c-841b-ce75a537e611@group-324F9073062A-LeaderElection23 ELECTION round 0: result REJECTED
2022-08-27 01:04:40,961 [aacd29cb-552c-424c-841b-ce75a537e611@group-324F9073062A-LeaderElection23] INFO  server.RaftServer$Division (RaftServerImpl.java:setRole(299)) - aacd29cb-552c-424c-841b-ce75a537e611@group-324F9073062A: changes role from CANDIDATE to FOLLOWER at term 2 for REJECTED
2022-08-27 01:04:40,961 [aacd29cb-552c-424c-841b-ce75a537e611@group-324F9073062A-LeaderElection23] INFO  impl.RoleInfo (RoleInfo.java:shutdownLeaderElection(130)) - aacd29cb-552c-424c-841b-ce75a537e611: shutdown aacd29cb-552c-424c-841b-ce75a537e611@group-324F9073062A-LeaderElection23
2022-08-27 01:04:40,961 [aacd29cb-552c-424c-841b-ce75a537e611@group-324F9073062A-LeaderElection23] INFO  impl.RoleInfo (RoleInfo.java:updateAndGet(139)) - aacd29cb-552c-424c-841b-ce75a537e611: start aacd29cb-552c-424c-841b-ce75a537e611@group-324F9073062A-FollowerState
2022-08-27 01:04:41,105 [Listener at 127.0.0.1/40049] INFO  handler.ContextHandler (ContextHandler.java:doStart(915)) - Started o.e.j.w.WebAppContext@66e292f3{hddsDatanode,/,file:///tmp/jetty-0_0_0_0-34843-hdds-container-service-1_3_0-SNAPSHOT_jar-_-any-7324194979409503171/webapp/,AVAILABLE}{jar:file:/home/runner/.m2/repository/org/apache/ozone/hdds-container-service/1.3.0-SNAPSHOT/hdds-container-service-1.3.0-SNAPSHOT.jar!/webapps/hddsDatanode}
2022-08-27 01:04:41,112 [Listener at 127.0.0.1/40049] INFO  server.AbstractConnector (AbstractConnector.java:doStart(331)) - Started ServerConnector@4cf02b0c{HTTP/1.1, (http/1.1)}{0.0.0.0:34843}
2022-08-27 01:04:41,112 [Listener at 127.0.0.1/40049] INFO  server.Server (Server.java:doStart(415)) - Started @39800ms
2022-08-27 01:04:41,112 [Listener at 127.0.0.1/40049] WARN  impl.MetricsSystemImpl (MetricsSystemImpl.java:register(279)) - Sink prometheus already exists!
2022-08-27 01:04:41,113 [Listener at 127.0.0.1/40049] INFO  http.BaseHttpServer (BaseHttpServer.java:updateConnectorAddress(333)) - HTTP server of hddsDatanode listening at http://0.0.0.0:34843
2022-08-27 01:04:41,116 [Listener at 127.0.0.1/40049] WARN  impl.MetricRegistriesImpl (MetricRegistriesImpl.java:addReporterRegistration(111)) - New reporters are added after registries were created. Some metrics will be missing from the reporter. Please add reporter before adding any new registry.
2022-08-27 01:04:41,117 [Listener at 127.0.0.1/40049] WARN  impl.MetricRegistriesImpl (MetricRegistriesImpl.java:addReporterRegistration(111)) - New reporters are added after registries were created. Some metrics will be missing from the reporter. Please add reporter before adding any new registry.
2022-08-27 01:04:41,117 [Listener at 127.0.0.1/40049] INFO  impl.MetricsSystemImpl (MetricsSystemImpl.java:init(158)) - HddsDatanode metrics system started (again)
2022-08-27 01:04:41,119 [Datanode State Machine Daemon Thread] INFO  statemachine.DatanodeStateMachine (DatanodeStateMachine.java:lambda$startDaemon$0(492)) - Ozone container server started.
2022-08-27 01:04:41,132 [org.apache.hadoop.util.JvmPauseMonitor$Monitor@490662d5] INFO  util.JvmPauseMonitor (JvmPauseMonitor.java:run(188)) - Starting JVM pause monitor
2022-08-27 01:04:41,141 [Listener at 127.0.0.1/40049] INFO  ozone.HddsDatanodeService (HddsDatanodeService.java:start(236)) - HddsDatanodeService host:fv-az41-820.zje5jq5y5x4uznwvdkgxk4wc2h.cx.internal.cloudapp.net ip:10.1.1.170
2022-08-27 01:04:41,145 [Datanode State Machine Task Thread - 0] INFO  datanode.InitDatanodeState (InitDatanodeState.java:persistContainerDatanodeDetails(138)) - DatanodeDetails is persisted to /home/runner/work/ozone/ozone/hadoop-ozone/integration-test/target/test-dir/MiniOzoneClusterImpl-408e0d23-effc-4c1e-96d4-4e909f2f847e/datanode-2/meta/datanode.id
2022-08-27 01:04:41,179 [Listener at 127.0.0.1/40049] INFO  upgrade.AbstractLayoutVersionManager (AbstractLayoutVersionManager.java:init(83)) - Initializing Layout version manager with metadata layout = DATANODE_SCHEMA_V3 (version = 4), software layout = DATANODE_SCHEMA_V3 (version = 4)
2022-08-27 01:04:41,220 [Listener at 127.0.0.1/40049] INFO  reflections.Reflections (Reflections.java:scan(232)) - Reflections took 40 ms to scan 7 urls, producing 133 keys and 322 values 
2022-08-27 01:04:41,223 [Listener at 127.0.0.1/40049] INFO  statemachine.DatanodeStateMachine (DatanodeStateMachine.java:getEndPointTaskThreadPoolSize(237)) - Datanode State Machine Task Thread Pool size 2
2022-08-27 01:04:41,224 [Listener at 127.0.0.1/40049] INFO  volume.HddsVolume (HddsVolume.java:<init>(117)) - Creating HddsVolume: /home/runner/work/ozone/ozone/hadoop-ozone/integration-test/target/test-dir/MiniOzoneClusterImpl-408e0d23-effc-4c1e-96d4-4e909f2f847e/datanode-3/data-0/containers/hdds of storage type : DISK capacity : 9223372036854775807
2022-08-27 01:04:41,226 [Listener at 127.0.0.1/40049] INFO  volume.MutableVolumeSet (MutableVolumeSet.java:initializeVolumeSet(174)) - Added Volume : /home/runner/work/ozone/ozone/hadoop-ozone/integration-test/target/test-dir/MiniOzoneClusterImpl-408e0d23-effc-4c1e-96d4-4e909f2f847e/datanode-3/data-0/containers/hdds to VolumeSet
2022-08-27 01:04:41,226 [Listener at 127.0.0.1/40049] INFO  volume.ThrottledAsyncChecker (ThrottledAsyncChecker.java:schedule(141)) - Scheduling a check for /home/runner/work/ozone/ozone/hadoop-ozone/integration-test/target/test-dir/MiniOzoneClusterImpl-408e0d23-effc-4c1e-96d4-4e909f2f847e/datanode-3/data-0/containers/hdds
2022-08-27 01:04:41,229 [Listener at 127.0.0.1/40049] INFO  volume.StorageVolumeChecker (StorageVolumeChecker.java:checkAllVolumes(202)) - Scheduled health check for volume /home/runner/work/ozone/ozone/hadoop-ozone/integration-test/target/test-dir/MiniOzoneClusterImpl-408e0d23-effc-4c1e-96d4-4e909f2f847e/datanode-3/data-0/containers/hdds
2022-08-27 01:04:41,243 [Listener at 127.0.0.1/40049] INFO  volume.MutableVolumeSet (MutableVolumeSet.java:initializeVolumeSet(174)) - Added Volume : /home/runner/work/ozone/ozone/hadoop-ozone/integration-test/target/test-dir/MiniOzoneClusterImpl-408e0d23-effc-4c1e-96d4-4e909f2f847e/datanode-3/data/ratis to VolumeSet
2022-08-27 01:04:41,244 [Listener at 127.0.0.1/40049] INFO  volume.ThrottledAsyncChecker (ThrottledAsyncChecker.java:schedule(141)) - Scheduling a check for /home/runner/work/ozone/ozone/hadoop-ozone/integration-test/target/test-dir/MiniOzoneClusterImpl-408e0d23-effc-4c1e-96d4-4e909f2f847e/datanode-3/data/ratis
2022-08-27 01:04:41,246 [Listener at 127.0.0.1/40049] INFO  volume.StorageVolumeChecker (StorageVolumeChecker.java:checkAllVolumes(202)) - Scheduled health check for volume /home/runner/work/ozone/ozone/hadoop-ozone/integration-test/target/test-dir/MiniOzoneClusterImpl-408e0d23-effc-4c1e-96d4-4e909f2f847e/datanode-3/data/ratis
2022-08-27 01:04:41,264 [Thread-1030] INFO  ozoneimpl.ContainerReader (ContainerReader.java:readVolume(175)) - Finish verifying containers on volume /home/runner/work/ozone/ozone/hadoop-ozone/integration-test/target/test-dir/MiniOzoneClusterImpl-408e0d23-effc-4c1e-96d4-4e909f2f847e/datanode-3/data-0/containers/hdds
2022-08-27 01:04:41,265 [Listener at 127.0.0.1/40049] INFO  ozoneimpl.OzoneContainer (OzoneContainer.java:buildContainerSet(299)) - Build ContainerSet costs 0s
2022-08-27 01:04:41,267 [Listener at 127.0.0.1/40049] INFO  server.RaftServer (ConfUtils.java:logGet(46)) - raft.rpc.type = GRPC (default)
2022-08-27 01:04:41,267 [Listener at 127.0.0.1/40049] INFO  grpc.GrpcFactory (GrpcFactory.java:checkPooledByteBufAllocatorUseCacheForAllThreads(48)) - PERFORMANCE WARNING: useCacheForAllThreads is true that may cause Netty to create a lot garbage objects and, as a result, trigger GC.
	It is recommended to disable useCacheForAllThreads by setting -Dorg.apache.ratis.thirdparty.io.netty.allocator.useCacheForAllThreads=false in command line.
2022-08-27 01:04:41,267 [Listener at 127.0.0.1/40049] INFO  grpc.GrpcConfigKeys (ConfUtils.java:logGet(46)) - raft.grpc.admin.port = 0 (custom)
2022-08-27 01:04:41,267 [Listener at 127.0.0.1/40049] INFO  grpc.GrpcConfigKeys (ConfUtils.java:logGet(46)) - raft.grpc.client.port = 0 (custom)
2022-08-27 01:04:41,267 [Listener at 127.0.0.1/40049] INFO  grpc.GrpcConfigKeys (ConfUtils.java:logGet(46)) - raft.grpc.server.port = 0 (default)
2022-08-27 01:04:41,267 [Listener at 127.0.0.1/40049] INFO  server.GrpcService (ConfUtils.java:logGet(46)) - raft.grpc.message.size.max = 32MB (=33554432) (custom)
2022-08-27 01:04:41,267 [Listener at 127.0.0.1/40049] INFO  server.RaftServerConfigKeys (ConfUtils.java:logGet(46)) - raft.server.log.appender.buffer.byte-limit = 33554432 (custom)
2022-08-27 01:04:41,267 [Listener at 127.0.0.1/40049] INFO  server.GrpcService (ConfUtils.java:logGet(46)) - raft.grpc.flow.control.window = 5MB (=5242880) (custom)
2022-08-27 01:04:41,268 [Listener at 127.0.0.1/40049] INFO  server.RaftServerConfigKeys (ConfUtils.java:logGet(46)) - raft.server.rpc.request.timeout = 60s (custom)
2022-08-27 01:04:41,268 [Listener at 127.0.0.1/40049] INFO  grpc.GrpcConfigKeys (ConfUtils.java:logGet(46)) - raft.grpc.server.async.request.thread.pool.cached = true (default)
2022-08-27 01:04:41,268 [Listener at 127.0.0.1/40049] INFO  grpc.GrpcConfigKeys (ConfUtils.java:logGet(46)) - raft.grpc.server.async.request.thread.pool.size = 32 (default)
2022-08-27 01:04:41,268 [Listener at 127.0.0.1/40049] INFO  impl.DataStreamServerImpl (ConfUtils.java:logGet(46)) - raft.datastream.type = DISABLED (default)
2022-08-27 01:04:41,269 [Listener at 127.0.0.1/40049] INFO  server.RaftServerConfigKeys (ConfUtils.java:logGet(46)) - raft.server.threadpool.proxy.cached = true (default)
2022-08-27 01:04:41,269 [Listener at 127.0.0.1/40049] INFO  server.RaftServerConfigKeys (ConfUtils.java:logGet(46)) - raft.server.threadpool.proxy.size = 0 (default)
2022-08-27 01:04:41,269 [Listener at 127.0.0.1/40049] INFO  server.RaftServerConfigKeys (ConfUtils.java:logGet(46)) - raft.server.rpc.slowness.timeout = 300s (custom)
2022-08-27 01:04:41,269 [Listener at 127.0.0.1/40049] INFO  server.RaftServerConfigKeys (ConfUtils.java:logGet(46)) - raft.server.leaderelection.leader.step-down.wait-time = 10s (default)
2022-08-27 01:04:41,269 [Listener at 127.0.0.1/40049] INFO  server.RaftServerConfigKeys (ConfUtils.java:logGet(46)) - raft.server.storage.dir = [/home/runner/work/ozone/ozone/hadoop-ozone/integration-test/target/test-dir/MiniOzoneClusterImpl-408e0d23-effc-4c1e-96d4-4e909f2f847e/datanode-3/data/ratis] (custom)
2022-08-27 01:04:41,273 [ReplicationMonitor] INFO  replication.ReplicationManager (ReplicationManager.java:processAll(293)) - Replication Monitor Thread took 0 milliseconds for processing 3 containers.
2022-08-27 01:04:41,274 [Listener at 127.0.0.1/40049] INFO  server.XceiverServerGrpc (XceiverServerGrpc.java:<init>(132)) - GrpcServer channel type EpollServerSocketChannel
2022-08-27 01:04:41,277 [Listener at 127.0.0.1/40049] INFO  http.BaseHttpServer (BaseHttpServer.java:newHttpServer2BuilderForOzone(213)) - Starting Web-server for hddsDatanode at: http://0.0.0.0:0
2022-08-27 01:04:41,277 [Listener at 127.0.0.1/40049] INFO  http.BaseHttpServer (BaseHttpServer.java:<init>(108)) - Hadoop Security Enabled: false Ozone Security Enabled: false Ozone HTTP Security Enabled: false 
2022-08-27 01:04:41,278 [Listener at 127.0.0.1/40049] INFO  server.AuthenticationFilter (AuthenticationFilter.java:constructSecretProvider(240)) - Unable to initialize FileSignerSecretProvider, falling back to use random secrets.
2022-08-27 01:04:41,280 [Listener at 127.0.0.1/40049] WARN  http.HttpRequestLog (HttpRequestLog.java:getRequestLog(103)) - Jetty request log can only be enabled using Log4j
2022-08-27 01:04:41,281 [Listener at 127.0.0.1/40049] INFO  http.HttpServer2 (HttpServer2.java:addGlobalFilter(1029)) - Added global filter 'safety' (class=org.apache.hadoop.hdds.server.http.HttpServer2$QuotingInputFilter)
2022-08-27 01:04:41,281 [Listener at 127.0.0.1/40049] INFO  http.HttpServer2 (HttpServer2.java:addFilter(1005)) - Added filter static_user_filter (class=org.apache.hadoop.http.lib.StaticUserWebFilter$StaticUserFilter) to context hddsDatanode
2022-08-27 01:04:41,281 [Listener at 127.0.0.1/40049] INFO  http.HttpServer2 (HttpServer2.java:addFilter(1013)) - Added filter static_user_filter (class=org.apache.hadoop.http.lib.StaticUserWebFilter$StaticUserFilter) to context logs
2022-08-27 01:04:41,281 [Listener at 127.0.0.1/40049] INFO  http.HttpServer2 (HttpServer2.java:addFilter(1013)) - Added filter static_user_filter (class=org.apache.hadoop.http.lib.StaticUserWebFilter$StaticUserFilter) to context static
2022-08-27 01:04:41,282 [Listener at 127.0.0.1/40049] INFO  http.HttpServer2 (HttpServer2.java:bindListener(1248)) - Jetty bound to port 37831
2022-08-27 01:04:41,282 [Listener at 127.0.0.1/40049] INFO  server.Server (Server.java:doStart(375)) - jetty-9.4.43.v20210629; built: 2021-06-30T11:07:22.254Z; git: 526006ecfa3af7f1a27ef3a288e2bef7ea9dd7e8; jvm 1.8.0_345-b01
2022-08-27 01:04:41,284 [Listener at 127.0.0.1/40049] INFO  server.session (DefaultSessionIdManager.java:doStart(334)) - DefaultSessionIdManager workerName=node0
2022-08-27 01:04:41,284 [Listener at 127.0.0.1/40049] INFO  server.session (DefaultSessionIdManager.java:doStart(339)) - No SessionScavenger set, using defaults
2022-08-27 01:04:41,284 [Listener at 127.0.0.1/40049] INFO  server.session (HouseKeeper.java:startScavenging(132)) - node0 Scavenging every 660000ms
2022-08-27 01:04:41,285 [Listener at 127.0.0.1/40049] INFO  handler.ContextHandler (ContextHandler.java:doStart(915)) - Started o.e.j.s.ServletContextHandler@5ceab033{logs,/logs,file:///home/runner/work/ozone/ozone/hadoop-ozone/integration-test/target/log,AVAILABLE}
2022-08-27 01:04:41,285 [Listener at 127.0.0.1/40049] INFO  handler.ContextHandler (ContextHandler.java:doStart(915)) - Started o.e.j.s.ServletContextHandler@2985be3e{static,/static,jar:file:/home/runner/.m2/repository/org/apache/ozone/hdds-container-service/1.3.0-SNAPSHOT/hdds-container-service-1.3.0-SNAPSHOT.jar!/webapps/static,AVAILABLE}
2022-08-27 01:04:41,469 [main] INFO  statemachine.DatanodeStateMachine (DatanodeStateMachine.java:stopDaemon(580)) - Ozone container server stopped.
2022-08-27 01:04:41,485 [main] INFO  handler.ContextHandler (ContextHandler.java:doStop(1153)) - Stopped o.e.j.w.WebAppContext@35199a75{hddsDatanode,/,null,STOPPED}{jar:file:/home/runner/.m2/repository/org/apache/ozone/hdds-container-service/1.3.0-SNAPSHOT/hdds-container-service-1.3.0-SNAPSHOT.jar!/webapps/hddsDatanode}
2022-08-27 01:04:41,486 [Listener at 127.0.0.1/40049] INFO  handler.ContextHandler (ContextHandler.java:doStart(915)) - Started o.e.j.w.WebAppContext@4c3c358f{hddsDatanode,/,file:///tmp/jetty-0_0_0_0-37831-hdds-container-service-1_3_0-SNAPSHOT_jar-_-any-2031419257618836518/webapp/,AVAILABLE}{jar:file:/home/runner/.m2/repository/org/apache/ozone/hdds-container-service/1.3.0-SNAPSHOT/hdds-container-service-1.3.0-SNAPSHOT.jar!/webapps/hddsDatanode}
2022-08-27 01:04:41,496 [main] INFO  server.AbstractConnector (AbstractConnector.java:doStop(381)) - Stopped ServerConnector@45d2f2cf{HTTP/1.1, (http/1.1)}{0.0.0.0:0}
2022-08-27 01:04:41,496 [main] INFO  server.session (HouseKeeper.java:stopScavenging(149)) - node0 Stopped scavenging
2022-08-27 01:04:41,498 [Listener at 127.0.0.1/40049] INFO  server.AbstractConnector (AbstractConnector.java:doStart(331)) - Started ServerConnector@4348f107{HTTP/1.1, (http/1.1)}{0.0.0.0:37831}
2022-08-27 01:04:41,498 [Listener at 127.0.0.1/40049] INFO  server.Server (Server.java:doStart(415)) - Started @40186ms
2022-08-27 01:04:41,498 [Listener at 127.0.0.1/40049] WARN  impl.MetricsSystemImpl (MetricsSystemImpl.java:register(279)) - Sink prometheus already exists!
2022-08-27 01:04:41,499 [Listener at 127.0.0.1/40049] INFO  http.BaseHttpServer (BaseHttpServer.java:updateConnectorAddress(333)) - HTTP server of hddsDatanode listening at http://0.0.0.0:37831
2022-08-27 01:04:41,499 [main] INFO  handler.ContextHandler (ContextHandler.java:doStop(1153)) - Stopped o.e.j.s.ServletContextHandler@34ef15f9{static,/static,jar:file:/home/runner/.m2/repository/org/apache/ozone/hdds-container-service/1.3.0-SNAPSHOT/hdds-container-service-1.3.0-SNAPSHOT.jar!/webapps/static,STOPPED}
2022-08-27 01:04:41,500 [Listener at 127.0.0.1/40049] WARN  impl.MetricRegistriesImpl (MetricRegistriesImpl.java:addReporterRegistration(111)) - New reporters are added after registries were created. Some metrics will be missing from the reporter. Please add reporter before adding any new registry.
2022-08-27 01:04:41,500 [Listener at 127.0.0.1/40049] WARN  impl.MetricRegistriesImpl (MetricRegistriesImpl.java:addReporterRegistration(111)) - New reporters are added after registries were created. Some metrics will be missing from the reporter. Please add reporter before adding any new registry.
2022-08-27 01:04:41,501 [Listener at 127.0.0.1/40049] INFO  impl.MetricsSystemImpl (MetricsSystemImpl.java:init(158)) - HddsDatanode metrics system started (again)
2022-08-27 01:04:41,505 [main] INFO  handler.ContextHandler (ContextHandler.java:doStop(1153)) - Stopped o.e.j.s.ServletContextHandler@350b02d4{logs,/logs,file:///home/runner/work/ozone/ozone/hadoop-ozone/integration-test/target/log,STOPPED}
2022-08-27 01:04:41,509 [Datanode State Machine Daemon Thread] INFO  statemachine.DatanodeStateMachine (DatanodeStateMachine.java:lambda$startDaemon$0(492)) - Ozone container server started.
2022-08-27 01:04:41,513 [Listener at 127.0.0.1/40049] INFO  ozone.HddsDatanodeService (HddsDatanodeService.java:start(236)) - HddsDatanodeService host:fv-az41-820.zje5jq5y5x4uznwvdkgxk4wc2h.cx.internal.cloudapp.net ip:10.1.1.170
2022-08-27 01:04:41,520 [main] WARN  impl.MetricRegistriesImpl (MetricRegistriesImpl.java:addReporterRegistration(111)) - New reporters are added after registries were created. Some metrics will be missing from the reporter. Please add reporter before adding any new registry.
2022-08-27 01:04:41,520 [main] WARN  impl.MetricRegistriesImpl (MetricRegistriesImpl.java:addReporterRegistration(111)) - New reporters are added after registries were created. Some metrics will be missing from the reporter. Please add reporter before adding any new registry.
2022-08-27 01:04:41,520 [main] INFO  impl.MetricsSystemImpl (MetricsSystemImpl.java:init(158)) - HddsDatanode metrics system started (again)
2022-08-27 01:04:41,538 [org.apache.hadoop.util.JvmPauseMonitor$Monitor@657c2387] INFO  util.JvmPauseMonitor (JvmPauseMonitor.java:run(188)) - Starting JVM pause monitor
2022-08-27 01:04:41,551 [Listener at 127.0.0.1/40049] INFO  upgrade.AbstractLayoutVersionManager (AbstractLayoutVersionManager.java:init(83)) - Initializing Layout version manager with metadata layout = DATANODE_SCHEMA_V3 (version = 4), software layout = DATANODE_SCHEMA_V3 (version = 4)
2022-08-27 01:04:41,559 [main] INFO  ozone.HddsDatanodeService (HddsDatanodeService.java:start(236)) - HddsDatanodeService host:fv-az41-820.zje5jq5y5x4uznwvdkgxk4wc2h.cx.internal.cloudapp.net ip:10.1.1.170
2022-08-27 01:04:41,561 [Datanode State Machine Task Thread - 0] INFO  datanode.InitDatanodeState (InitDatanodeState.java:persistContainerDatanodeDetails(138)) - DatanodeDetails is persisted to /home/runner/work/ozone/ozone/hadoop-ozone/integration-test/target/test-dir/MiniOzoneClusterImpl-408e0d23-effc-4c1e-96d4-4e909f2f847e/datanode-3/meta/datanode.id
2022-08-27 01:04:41,592 [main] INFO  upgrade.AbstractLayoutVersionManager (AbstractLayoutVersionManager.java:init(83)) - Initializing Layout version manager with metadata layout = DATANODE_SCHEMA_V3 (version = 4), software layout = DATANODE_SCHEMA_V3 (version = 4)
2022-08-27 01:04:41,620 [Mini-Cluster-Provider-Reap] INFO  ozone.MiniOzoneClusterImpl (MiniOzoneClusterImpl.java:shutdown(448)) - Shutting down the Mini Ozone Cluster
2022-08-27 01:04:41,625 [Mini-Cluster-Provider-Reap] INFO  ozone.MiniOzoneClusterImpl (MiniOzoneClusterImpl.java:stop(463)) - Stopping the Mini Ozone Cluster
2022-08-27 01:04:41,625 [Mini-Cluster-Provider-Reap] INFO  ozone.MiniOzoneClusterImpl (MiniOzoneClusterImpl.java:stopOM(545)) - Stopping the OzoneManager
2022-08-27 01:04:41,625 [Mini-Cluster-Provider-Reap] INFO  om.OzoneManager (OzoneManager.java:stop(2027)) - om1[localhost:0]: Stopping Ozone Manager
2022-08-27 01:04:41,626 [Mini-Cluster-Provider-Reap] INFO  ipc.Server (Server.java:stop(3414)) - Stopping server on 42729
2022-08-27 01:04:41,662 [ReplicationMonitor] INFO  replication.ReplicationManager (ReplicationManager.java:processAll(293)) - Replication Monitor Thread took 1 milliseconds for processing 0 containers.
2022-08-27 01:04:41,668 [Listener at 127.0.0.1/40049] INFO  reflections.Reflections (Reflections.java:scan(232)) - Reflections took 116 ms to scan 7 urls, producing 133 keys and 322 values 
2022-08-27 01:04:41,669 [Listener at 127.0.0.1/40049] INFO  statemachine.DatanodeStateMachine (DatanodeStateMachine.java:getEndPointTaskThreadPoolSize(237)) - Datanode State Machine Task Thread Pool size 2
2022-08-27 01:04:41,670 [Listener at 127.0.0.1/40049] INFO  volume.HddsVolume (HddsVolume.java:<init>(117)) - Creating HddsVolume: /home/runner/work/ozone/ozone/hadoop-ozone/integration-test/target/test-dir/MiniOzoneClusterImpl-408e0d23-effc-4c1e-96d4-4e909f2f847e/datanode-4/data-0/containers/hdds of storage type : DISK capacity : 9223372036854775807
2022-08-27 01:04:41,670 [Listener at 127.0.0.1/40049] INFO  volume.MutableVolumeSet (MutableVolumeSet.java:initializeVolumeSet(174)) - Added Volume : /home/runner/work/ozone/ozone/hadoop-ozone/integration-test/target/test-dir/MiniOzoneClusterImpl-408e0d23-effc-4c1e-96d4-4e909f2f847e/datanode-4/data-0/containers/hdds to VolumeSet
2022-08-27 01:04:41,670 [Listener at 127.0.0.1/40049] INFO  volume.ThrottledAsyncChecker (ThrottledAsyncChecker.java:schedule(141)) - Scheduling a check for /home/runner/work/ozone/ozone/hadoop-ozone/integration-test/target/test-dir/MiniOzoneClusterImpl-408e0d23-effc-4c1e-96d4-4e909f2f847e/datanode-4/data-0/containers/hdds
2022-08-27 01:04:41,674 [Listener at 127.0.0.1/40049] INFO  volume.StorageVolumeChecker (StorageVolumeChecker.java:checkAllVolumes(202)) - Scheduled health check for volume /home/runner/work/ozone/ozone/hadoop-ozone/integration-test/target/test-dir/MiniOzoneClusterImpl-408e0d23-effc-4c1e-96d4-4e909f2f847e/datanode-4/data-0/containers/hdds
2022-08-27 01:04:41,686 [IPC Server listener on 0] INFO  ipc.Server (Server.java:run(1376)) - Stopping IPC Server listener on 0
2022-08-27 01:04:41,698 [IPC Server Responder] INFO  ipc.Server (Server.java:run(1512)) - Stopping IPC Server Responder
]]></system-out>
  </testcase>
  <testcase name="testContainerIsReplicatedWhenAllNodesGotoMaintenance" classname="org.apache.hadoop.ozone.scm.node.TestDecommissionAndMaintenance" time="19.082"/>
  <testcase name="testMaintenanceEndsAutomaticallyAtTimeout" classname="org.apache.hadoop.ozone.scm.node.TestDecommissionAndMaintenance" time="53.796"/>
  <testcase name="testSingleNodeWithOpenPipelineCanGotoMaintenance" classname="org.apache.hadoop.ozone.scm.node.TestDecommissionAndMaintenance" time="52.679"/>
  <testcase name="testSCMHandlesRestartForMaintenanceNode" classname="org.apache.hadoop.ozone.scm.node.TestDecommissionAndMaintenance" time="43.495"/>
  <testcase name="testStoppedDecommissionedNodeTakesSCMStateOnRestart" classname="org.apache.hadoop.ozone.scm.node.TestDecommissionAndMaintenance" time="43.571"/>
  <testcase name="testEnteringMaintenanceNodeCompletesAfterSCMRestart" classname="org.apache.hadoop.ozone.scm.node.TestDecommissionAndMaintenance" time="26.831"/>
  <testcase name="testDecommissioningNodesCompleteDecommissionOnSCMRestart" classname="org.apache.hadoop.ozone.scm.node.TestDecommissionAndMaintenance" time="30.862"/>
</testsuite>